<?xml version="1.0" encoding="UTF-8"?>
<testsuite xmlns:xsi="http://www.w3.org/2001/XMLSchema-instance" xsi:noNamespaceSchemaLocation="https://maven.apache.org/surefire/maven-surefire-plugin/xsd/surefire-test-report.xsd" name="org.apache.hadoop.ozone.client.rpc.TestCloseContainerHandlingByClient" time="62.985" tests="8" errors="0" skipped="1" failures="1">
  <properties>
    <property name="awt.toolkit" value="sun.awt.X11.XToolkit"/>
    <property name="file.encoding.pkg" value="sun.io"/>
    <property name="java.specification.version" value="1.8"/>
    <property name="sun.cpu.isalist" value=""/>
    <property name="sun.jnu.encoding" value="ANSI_X3.4-1968"/>
    <property name="java.class.path" value="/github/workspace/mnt/ozone/hadoop-ozone/integration-test/target/test-classes:/github/workspace/mnt/ozone/hadoop-ozone/integration-test/target/classes:/home/user/.m2/repository/org/apache/hadoop/hadoop-ozone-common/0.6.0-SNAPSHOT/hadoop-ozone-common-0.6.0-SNAPSHOT.jar:/home/user/.m2/repository/org/apache/commons/commons-compress/1.4.1/commons-compress-1.4.1.jar:/home/user/.m2/repository/org/tukaani/xz/1.0/xz-1.0.jar:/home/user/.m2/repository/org/apache/hadoop/hadoop-hdds-common/0.6.0-SNAPSHOT/hadoop-hdds-common-0.6.0-SNAPSHOT.jar:/home/user/.m2/repository/org/apache/hadoop/hadoop-hdds-hadoop-dependency-client/0.6.0-SNAPSHOT/hadoop-hdds-hadoop-dependency-client-0.6.0-SNAPSHOT.jar:/home/user/.m2/repository/info/picocli/picocli/3.9.6/picocli-3.9.6.jar:/home/user/.m2/repository/com/fasterxml/jackson/core/jackson-annotations/2.10.3/jackson-annotations-2.10.3.jar:/home/user/.m2/repository/javax/annotation/javax.annotation-api/1.2/javax.annotation-api-1.2.jar:/home/user/.m2/repository/org/apache/ratis/ratis-server/0.6.0-cac3336-SNAPSHOT/ratis-server-0.6.0-cac3336-SNAPSHOT.jar:/home/user/.m2/repository/org/apache/ratis/ratis-client/0.6.0-cac3336-SNAPSHOT/ratis-client-0.6.0-cac3336-SNAPSHOT.jar:/home/user/.m2/repository/org/apache/ratis/ratis-metrics/0.6.0-cac3336-SNAPSHOT/ratis-metrics-0.6.0-cac3336-SNAPSHOT.jar:/home/user/.m2/repository/org/apache/ratis/ratis-netty/0.6.0-cac3336-SNAPSHOT/ratis-netty-0.6.0-cac3336-SNAPSHOT.jar:/home/user/.m2/repository/org/apache/ratis/ratis-grpc/0.6.0-cac3336-SNAPSHOT/ratis-grpc-0.6.0-cac3336-SNAPSHOT.jar:/home/user/.m2/repository/org/apache/logging/log4j/log4j-api/2.11.0/log4j-api-2.11.0.jar:/home/user/.m2/repository/org/apache/logging/log4j/log4j-core/2.11.0/log4j-core-2.11.0.jar:/home/user/.m2/repository/com/lmax/disruptor/3.4.2/disruptor-3.4.2.jar:/home/user/.m2/repository/org/apache/commons/commons-pool2/2.6.0/commons-pool2-2.6.0.jar:/home/user/.m2/repository/org/bouncycastle/bcpkix-jdk15on/1.60/bcpkix-jdk15on-1.60.jar:/home/user/.m2/repository/commons-validator/commons-validator/1.6/commons-validator-1.6.jar:/home/user/.m2/repository/commons-digester/commons-digester/1.8.1/commons-digester-1.8.1.jar:/home/user/.m2/repository/io/jaegertracing/jaeger-client/1.2.0/jaeger-client-1.2.0.jar:/home/user/.m2/repository/io/jaegertracing/jaeger-thrift/1.2.0/jaeger-thrift-1.2.0.jar:/home/user/.m2/repository/org/apache/thrift/libthrift/0.13.0/libthrift-0.13.0.jar:/home/user/.m2/repository/com/squareup/okhttp3/okhttp/4.2.2/okhttp-4.2.2.jar:/home/user/.m2/repository/com/squareup/okio/okio/2.2.2/okio-2.2.2.jar:/home/user/.m2/repository/org/jetbrains/kotlin/kotlin-stdlib/1.3.50/kotlin-stdlib-1.3.50.jar:/home/user/.m2/repository/org/jetbrains/kotlin/kotlin-stdlib-common/1.3.50/kotlin-stdlib-common-1.3.50.jar:/home/user/.m2/repository/org/jetbrains/annotations/13.0/annotations-13.0.jar:/home/user/.m2/repository/io/jaegertracing/jaeger-core/1.2.0/jaeger-core-1.2.0.jar:/home/user/.m2/repository/io/jaegertracing/jaeger-tracerresolver/1.2.0/jaeger-tracerresolver-1.2.0.jar:/home/user/.m2/repository/io/opentracing/contrib/opentracing-tracerresolver/0.1.8/opentracing-tracerresolver-0.1.8.jar:/home/user/.m2/repository/io/opentracing/opentracing-util/0.33.0/opentracing-util-0.33.0.jar:/home/user/.m2/repository/io/opentracing/opentracing-api/0.33.0/opentracing-api-0.33.0.jar:/home/user/.m2/repository/io/opentracing/opentracing-noop/0.33.0/opentracing-noop-0.33.0.jar:/home/user/.m2/repository/org/apache/hadoop/hadoop-hdds-client/0.6.0-SNAPSHOT/hadoop-hdds-client-0.6.0-SNAPSHOT.jar:/home/user/.m2/repository/org/apache/hadoop/hadoop-hdds-test-utils/0.6.0-SNAPSHOT/hadoop-hdds-test-utils-0.6.0-SNAPSHOT.jar:/home/user/.m2/repository/com/google/guava/guava/28.2-jre/guava-28.2-jre.jar:/home/user/.m2/repository/com/google/guava/failureaccess/1.0.1/failureaccess-1.0.1.jar:/home/user/.m2/repository/com/google/guava/listenablefuture/9999.0-empty-to-avoid-conflict-with-guava/listenablefuture-9999.0-empty-to-avoid-conflict-with-guava.jar:/home/user/.m2/repository/com/google/code/findbugs/jsr305/3.0.0/jsr305-3.0.0.jar:/home/user/.m2/repository/org/checkerframework/checker-qual/2.10.0/checker-qual-2.10.0.jar:/home/user/.m2/repository/com/google/errorprone/error_prone_annotations/2.2.0/error_prone_annotations-2.2.0.jar:/home/user/.m2/repository/com/google/j2objc/j2objc-annotations/1.3/j2objc-annotations-1.3.jar:/home/user/.m2/repository/commons-io/commons-io/2.5/commons-io-2.5.jar:/home/user/.m2/repository/commons-logging/commons-logging/1.2/commons-logging-1.2.jar:/home/user/.m2/repository/log4j/log4j/1.2.17/log4j-1.2.17.jar:/home/user/.m2/repository/org/slf4j/slf4j-api/1.7.25/slf4j-api-1.7.25.jar:/home/user/.m2/repository/org/apache/hadoop/hadoop-hdds-server-scm/0.6.0-SNAPSHOT/hadoop-hdds-server-scm-0.6.0-SNAPSHOT.jar:/home/user/.m2/repository/org/apache/hadoop/hadoop-hdds-container-service/0.6.0-SNAPSHOT/hadoop-hdds-container-service-0.6.0-SNAPSHOT.jar:/home/user/.m2/repository/org/apache/hadoop/hadoop-hdds-hadoop-dependency-server/0.6.0-SNAPSHOT/hadoop-hdds-hadoop-dependency-server-0.6.0-SNAPSHOT.jar:/home/user/.m2/repository/org/apache/hadoop/hadoop-hdds-server-framework/0.6.0-SNAPSHOT/hadoop-hdds-server-framework-0.6.0-SNAPSHOT.jar:/home/user/.m2/repository/org/apache/hadoop/hadoop-hdds-interface-server/0.6.0-SNAPSHOT/hadoop-hdds-interface-server-0.6.0-SNAPSHOT.jar:/home/user/.m2/repository/org/apache/hadoop/hadoop-hdds-interface-admin/0.6.0-SNAPSHOT/hadoop-hdds-interface-admin-0.6.0-SNAPSHOT.jar:/home/user/.m2/repository/org/rocksdb/rocksdbjni/6.6.4/rocksdbjni-6.6.4.jar:/home/user/.m2/repository/io/prometheus/simpleclient_dropwizard/0.7.0/simpleclient_dropwizard-0.7.0.jar:/home/user/.m2/repository/io/prometheus/simpleclient/0.7.0/simpleclient-0.7.0.jar:/home/user/.m2/repository/io/prometheus/simpleclient_common/0.7.0/simpleclient_common-0.7.0.jar:/home/user/.m2/repository/com/fasterxml/jackson/datatype/jackson-datatype-jsr310/2.10.3/jackson-datatype-jsr310-2.10.3.jar:/home/user/.m2/repository/org/apache/hadoop/hadoop-hdds-docs/0.6.0-SNAPSHOT/hadoop-hdds-docs-0.6.0-SNAPSHOT.jar:/home/user/.m2/repository/io/dropwizard/metrics/metrics-core/3.2.4/metrics-core-3.2.4.jar:/home/user/.m2/repository/org/apache/hadoop/hadoop-hdfs-client/3.2.1/hadoop-hdfs-client-3.2.1.jar:/home/user/.m2/repository/org/bouncycastle/bcprov-jdk15on/1.60/bcprov-jdk15on-1.60.jar:/home/user/.m2/repository/org/apache/hadoop/hadoop-ozone-ozone-manager/0.6.0-SNAPSHOT/hadoop-ozone-ozone-manager-0.6.0-SNAPSHOT.jar:/home/user/.m2/repository/org/apache/hadoop/hadoop-hdds-interface-client/0.6.0-SNAPSHOT/hadoop-hdds-interface-client-0.6.0-SNAPSHOT.jar:/home/user/.m2/repository/org/apache/ratis/ratis-thirdparty-misc/0.4.0/ratis-thirdparty-misc-0.4.0.jar:/home/user/.m2/repository/org/apache/hadoop/hadoop-minikdc/3.2.1/hadoop-minikdc-3.2.1.jar:/home/user/.m2/repository/org/apache/kerby/kerb-simplekdc/1.0.1/kerb-simplekdc-1.0.1.jar:/home/user/.m2/repository/org/apache/kerby/kerb-client/1.0.1/kerb-client-1.0.1.jar:/home/user/.m2/repository/org/apache/kerby/kerby-config/1.0.1/kerby-config-1.0.1.jar:/home/user/.m2/repository/org/apache/kerby/kerb-core/1.0.1/kerb-core-1.0.1.jar:/home/user/.m2/repository/org/apache/kerby/kerby-pkix/1.0.1/kerby-pkix-1.0.1.jar:/home/user/.m2/repository/org/apache/kerby/kerby-asn1/1.0.1/kerby-asn1-1.0.1.jar:/home/user/.m2/repository/org/apache/kerby/kerby-util/1.0.1/kerby-util-1.0.1.jar:/home/user/.m2/repository/org/apache/kerby/kerb-common/1.0.1/kerb-common-1.0.1.jar:/home/user/.m2/repository/org/apache/kerby/kerb-crypto/1.0.1/kerb-crypto-1.0.1.jar:/home/user/.m2/repository/org/apache/kerby/kerb-util/1.0.1/kerb-util-1.0.1.jar:/home/user/.m2/repository/org/apache/kerby/token-provider/1.0.1/token-provider-1.0.1.jar:/home/user/.m2/repository/org/apache/kerby/kerb-admin/1.0.1/kerb-admin-1.0.1.jar:/home/user/.m2/repository/org/apache/kerby/kerb-server/1.0.1/kerb-server-1.0.1.jar:/home/user/.m2/repository/org/apache/kerby/kerb-identity/1.0.1/kerb-identity-1.0.1.jar:/home/user/.m2/repository/org/apache/kerby/kerby-xdr/1.0.1/kerby-xdr-1.0.1.jar:/home/user/.m2/repository/org/slf4j/slf4j-log4j12/1.7.25/slf4j-log4j12-1.7.25.jar:/home/user/.m2/repository/org/apache/hadoop/hadoop-ozone-s3gateway/0.6.0-SNAPSHOT/hadoop-ozone-s3gateway-0.6.0-SNAPSHOT.jar:/home/user/.m2/repository/org/jboss/weld/servlet/weld-servlet/2.4.7.Final/weld-servlet-2.4.7.Final.jar:/home/user/.m2/repository/org/glassfish/jersey/containers/jersey-container-servlet-core/2.27/jersey-container-servlet-core-2.27.jar:/home/user/.m2/repository/org/glassfish/hk2/external/javax.inject/2.5.0-b42/javax.inject-2.5.0-b42.jar:/home/user/.m2/repository/org/glassfish/jersey/core/jersey-common/2.27/jersey-common-2.27.jar:/home/user/.m2/repository/org/glassfish/hk2/osgi-resource-locator/1.0.1/osgi-resource-locator-1.0.1.jar:/home/user/.m2/repository/javax/ws/rs/javax.ws.rs-api/2.1/javax.ws.rs-api-2.1.jar:/home/user/.m2/repository/org/glassfish/jersey/ext/cdi/jersey-cdi1x/2.27/jersey-cdi1x-2.27.jar:/home/user/.m2/repository/org/glassfish/jersey/inject/jersey-hk2/2.27/jersey-hk2-2.27.jar:/home/user/.m2/repository/org/glassfish/hk2/hk2-locator/2.5.0-b42/hk2-locator-2.5.0-b42.jar:/home/user/.m2/repository/org/javassist/javassist/3.22.0-CR2/javassist-3.22.0-CR2.jar:/home/user/.m2/repository/org/glassfish/hk2/hk2-api/2.5.0/hk2-api-2.5.0.jar:/home/user/.m2/repository/org/glassfish/hk2/external/jakarta.inject/2.5.0/jakarta.inject-2.5.0.jar:/home/user/.m2/repository/org/glassfish/hk2/hk2-utils/2.5.0/hk2-utils-2.5.0.jar:/home/user/.m2/repository/jakarta/annotation/jakarta.annotation-api/1.3.4/jakarta.annotation-api-1.3.4.jar:/home/user/.m2/repository/org/glassfish/hk2/external/aopalliance-repackaged/2.5.0/aopalliance-repackaged-2.5.0.jar:/home/user/.m2/repository/com/fasterxml/jackson/dataformat/jackson-dataformat-xml/2.10.3/jackson-dataformat-xml-2.10.3.jar:/home/user/.m2/repository/com/fasterxml/jackson/core/jackson-core/2.10.3/jackson-core-2.10.3.jar:/home/user/.m2/repository/com/fasterxml/jackson/module/jackson-module-jaxb-annotations/2.10.3/jackson-module-jaxb-annotations-2.10.3.jar:/home/user/.m2/repository/jakarta/xml/bind/jakarta.xml.bind-api/2.3.2/jakarta.xml.bind-api-2.3.2.jar:/home/user/.m2/repository/jakarta/activation/jakarta.activation-api/1.2.1/jakarta.activation-api-1.2.1.jar:/home/user/.m2/repository/org/codehaus/woodstox/stax2-api/3.1.4/stax2-api-3.1.4.jar:/home/user/.m2/repository/com/fasterxml/woodstox/woodstox-core/5.0.3/woodstox-core-5.0.3.jar:/home/user/.m2/repository/javax/enterprise/cdi-api/1.2/cdi-api-1.2.jar:/home/user/.m2/repository/javax/el/javax.el-api/3.0.0/javax.el-api-3.0.0.jar:/home/user/.m2/repository/javax/interceptor/javax.interceptor-api/1.2/javax.interceptor-api-1.2.jar:/home/user/.m2/repository/javax/inject/javax.inject/1/javax.inject-1.jar:/home/user/.m2/repository/com/sun/xml/bind/jaxb-impl/2.3.0.1/jaxb-impl-2.3.0.1.jar:/home/user/.m2/repository/com/sun/xml/bind/jaxb-core/2.3.0.1/jaxb-core-2.3.0.1.jar:/home/user/.m2/repository/javax/xml/bind/jaxb-api/2.3.0/jaxb-api-2.3.0.jar:/home/user/.m2/repository/javax/activation/activation/1.1.1/activation-1.1.1.jar:/home/user/.m2/repository/org/apache/hadoop/hadoop-ozone-csi/0.6.0-SNAPSHOT/hadoop-ozone-csi-0.6.0-SNAPSHOT.jar:/home/user/.m2/repository/com/google/protobuf/protobuf-java-util/3.11.0/protobuf-java-util-3.11.0.jar:/home/user/.m2/repository/com/google/code/gson/gson/2.2.4/gson-2.2.4.jar:/home/user/.m2/repository/org/apache/hadoop/hadoop-hdds-config/0.6.0-SNAPSHOT/hadoop-hdds-config-0.6.0-SNAPSHOT.jar:/home/user/.m2/repository/com/google/protobuf/protobuf-java/2.5.0/protobuf-java-2.5.0.jar:/home/user/.m2/repository/io/grpc/grpc-netty/1.29.0/grpc-netty-1.29.0.jar:/home/user/.m2/repository/io/grpc/grpc-core/1.29.0/grpc-core-1.29.0.jar:/home/user/.m2/repository/com/google/android/annotations/4.1.1.4/annotations-4.1.1.4.jar:/home/user/.m2/repository/io/perfmark/perfmark-api/0.19.0/perfmark-api-0.19.0.jar:/home/user/.m2/repository/io/netty/netty-codec-http2/4.1.48.Final/netty-codec-http2-4.1.48.Final.jar:/home/user/.m2/repository/io/netty/netty-codec/4.1.48.Final/netty-codec-4.1.48.Final.jar:/home/user/.m2/repository/io/netty/netty-handler/4.1.48.Final/netty-handler-4.1.48.Final.jar:/home/user/.m2/repository/io/netty/netty-codec-http/4.1.48.Final/netty-codec-http-4.1.48.Final.jar:/home/user/.m2/repository/io/netty/netty-handler-proxy/4.1.48.Final/netty-handler-proxy-4.1.48.Final.jar:/home/user/.m2/repository/io/netty/netty-codec-socks/4.1.48.Final/netty-codec-socks-4.1.48.Final.jar:/home/user/.m2/repository/io/netty/netty-transport-native-epoll/4.1.48.Final/netty-transport-native-epoll-4.1.48.Final.jar:/home/user/.m2/repository/io/netty/netty-common/4.1.48.Final/netty-common-4.1.48.Final.jar:/home/user/.m2/repository/io/netty/netty-buffer/4.1.48.Final/netty-buffer-4.1.48.Final.jar:/home/user/.m2/repository/io/netty/netty-transport/4.1.48.Final/netty-transport-4.1.48.Final.jar:/home/user/.m2/repository/io/netty/netty-resolver/4.1.48.Final/netty-resolver-4.1.48.Final.jar:/home/user/.m2/repository/io/netty/netty-transport-native-unix-common/4.1.48.Final/netty-transport-native-unix-common-4.1.48.Final.jar:/home/user/.m2/repository/io/grpc/grpc-protobuf/1.29.0/grpc-protobuf-1.29.0.jar:/home/user/.m2/repository/io/grpc/grpc-api/1.29.0/grpc-api-1.29.0.jar:/home/user/.m2/repository/io/grpc/grpc-context/1.29.0/grpc-context-1.29.0.jar:/home/user/.m2/repository/org/codehaus/mojo/animal-sniffer-annotations/1.18/animal-sniffer-annotations-1.18.jar:/home/user/.m2/repository/com/google/api/grpc/proto-google-common-protos/1.17.0/proto-google-common-protos-1.17.0.jar:/home/user/.m2/repository/io/grpc/grpc-protobuf-lite/1.29.0/grpc-protobuf-lite-1.29.0.jar:/home/user/.m2/repository/io/grpc/grpc-stub/1.29.0/grpc-stub-1.29.0.jar:/home/user/.m2/repository/org/apache/hadoop/hadoop-ozone-recon/0.6.0-SNAPSHOT/hadoop-ozone-recon-0.6.0-SNAPSHOT.jar:/home/user/.m2/repository/org/apache/hadoop/hadoop-ozone-reconcodegen/0.6.0-SNAPSHOT/hadoop-ozone-reconcodegen-0.6.0-SNAPSHOT.jar:/home/user/.m2/repository/com/google/inject/extensions/guice-multibindings/4.0/guice-multibindings-4.0.jar:/home/user/.m2/repository/com/google/inject/guice/4.0/guice-4.0.jar:/home/user/.m2/repository/aopalliance/aopalliance/1.0/aopalliance-1.0.jar:/home/user/.m2/repository/com/google/inject/extensions/guice-assistedinject/4.0/guice-assistedinject-4.0.jar:/home/user/.m2/repository/com/google/inject/extensions/guice-servlet/4.0/guice-servlet-4.0.jar:/home/user/.m2/repository/org/glassfish/jersey/containers/jersey-container-servlet/2.27/jersey-container-servlet-2.27.jar:/home/user/.m2/repository/org/glassfish/hk2/guice-bridge/2.5.0/guice-bridge-2.5.0.jar:/home/user/.m2/repository/org/glassfish/jersey/core/jersey-server/2.27/jersey-server-2.27.jar:/home/user/.m2/repository/org/glassfish/jersey/core/jersey-client/2.27/jersey-client-2.27.jar:/home/user/.m2/repository/org/glassfish/jersey/media/jersey-media-jaxb/2.27/jersey-media-jaxb-2.27.jar:/home/user/.m2/repository/javax/validation/validation-api/1.1.0.Final/validation-api-1.1.0.Final.jar:/home/user/.m2/repository/org/glassfish/jersey/media/jersey-media-json-jackson/2.27/jersey-media-json-jackson-2.27.jar:/home/user/.m2/repository/org/glassfish/jersey/ext/jersey-entity-filtering/2.27/jersey-entity-filtering-2.27.jar:/home/user/.m2/repository/org/jooq/jooq/3.11.10/jooq-3.11.10.jar:/home/user/.m2/repository/org/jooq/jooq-meta/3.11.10/jooq-meta-3.11.10.jar:/home/user/.m2/repository/org/jooq/jooq-codegen/3.11.10/jooq-codegen-3.11.10.jar:/home/user/.m2/repository/com/jolbox/bonecp/0.8.0.RELEASE/bonecp-0.8.0.RELEASE.jar:/home/user/.m2/repository/org/apache/derby/derby/10.14.2.0/derby-10.14.2.0.jar:/home/user/.m2/repository/org/xerial/sqlite-jdbc/3.25.2/sqlite-jdbc-3.25.2.jar:/home/user/.m2/repository/org/springframework/spring-jdbc/5.2.5.RELEASE/spring-jdbc-5.2.5.RELEASE.jar:/home/user/.m2/repository/org/springframework/spring-beans/5.2.5.RELEASE/spring-beans-5.2.5.RELEASE.jar:/home/user/.m2/repository/org/springframework/spring-core/5.2.5.RELEASE/spring-core-5.2.5.RELEASE.jar:/home/user/.m2/repository/org/springframework/spring-jcl/5.2.5.RELEASE/spring-jcl-5.2.5.RELEASE.jar:/home/user/.m2/repository/org/springframework/spring-tx/5.2.5.RELEASE/spring-tx-5.2.5.RELEASE.jar:/home/user/.m2/repository/org/apache/hadoop/hadoop-ozone-client/0.6.0-SNAPSHOT/hadoop-ozone-client-0.6.0-SNAPSHOT.jar:/home/user/.m2/repository/org/apache/hadoop/hadoop-ozone-filesystem/0.6.0-SNAPSHOT/hadoop-ozone-filesystem-0.6.0-SNAPSHOT.jar:/home/user/.m2/repository/org/apache/hadoop/hadoop-ozone-filesystem-common/0.6.0-SNAPSHOT/hadoop-ozone-filesystem-common-0.6.0-SNAPSHOT.jar:/home/user/.m2/repository/org/apache/hadoop/hadoop-ozone-tools/0.6.0-SNAPSHOT/hadoop-ozone-tools-0.6.0-SNAPSHOT.jar:/home/user/.m2/repository/org/apache/hadoop/hadoop-hdfs/3.2.1/hadoop-hdfs-3.2.1.jar:/home/user/.m2/repository/org/apache/ratis/ratis-tools/0.6.0-cac3336-SNAPSHOT/ratis-tools-0.6.0-cac3336-SNAPSHOT.jar:/home/user/.m2/repository/org/apache/ratis/ratis-proto/0.6.0-cac3336-SNAPSHOT/ratis-proto-0.6.0-cac3336-SNAPSHOT.jar:/home/user/.m2/repository/org/apache/ratis/ratis-common/0.6.0-cac3336-SNAPSHOT/ratis-common-0.6.0-cac3336-SNAPSHOT.jar:/home/user/.m2/repository/com/amazonaws/aws-java-sdk-core/1.11.615/aws-java-sdk-core-1.11.615.jar:/home/user/.m2/repository/org/apache/httpcomponents/httpclient/4.5.2/httpclient-4.5.2.jar:/home/user/.m2/repository/org/apache/httpcomponents/httpcore/4.4.4/httpcore-4.4.4.jar:/home/user/.m2/repository/software/amazon/ion/ion-java/1.0.2/ion-java-1.0.2.jar:/home/user/.m2/repository/com/fasterxml/jackson/dataformat/jackson-dataformat-cbor/2.10.3/jackson-dataformat-cbor-2.10.3.jar:/home/user/.m2/repository/joda-time/joda-time/2.8.1/joda-time-2.8.1.jar:/home/user/.m2/repository/com/amazonaws/aws-java-sdk-s3/1.11.615/aws-java-sdk-s3-1.11.615.jar:/home/user/.m2/repository/com/amazonaws/aws-java-sdk-kms/1.11.615/aws-java-sdk-kms-1.11.615.jar:/home/user/.m2/repository/com/amazonaws/jmespath-java/1.11.615/jmespath-java-1.11.615.jar:/home/user/.m2/repository/org/apache/hadoop/hadoop-hdds-tools/0.6.0-SNAPSHOT/hadoop-hdds-tools-0.6.0-SNAPSHOT.jar:/home/user/.m2/repository/commons-cli/commons-cli/1.2/commons-cli-1.2.jar:/home/user/.m2/repository/org/apache/commons/commons-lang3/3.7/commons-lang3-3.7.jar:/home/user/.m2/repository/org/apache/hadoop/hadoop-ozone-ozone-manager/0.6.0-SNAPSHOT/hadoop-ozone-ozone-manager-0.6.0-SNAPSHOT-tests.jar:/home/user/.m2/repository/junit/junit/4.11/junit-4.11.jar:/home/user/.m2/repository/org/hamcrest/hamcrest-core/1.3/hamcrest-core-1.3.jar:/home/user/.m2/repository/org/openjdk/jmh/jmh-core/1.19/jmh-core-1.19.jar:/home/user/.m2/repository/net/sf/jopt-simple/jopt-simple/4.6/jopt-simple-4.6.jar:/home/user/.m2/repository/org/apache/commons/commons-math3/3.1.1/commons-math3-3.1.1.jar:/home/user/.m2/repository/org/openjdk/jmh/jmh-generator-annprocess/1.19/jmh-generator-annprocess-1.19.jar:/home/user/.m2/repository/org/mockito/mockito-all/1.8.5/mockito-all-1.8.5.jar:/home/user/.m2/repository/org/apache/hadoop/hadoop-kms/3.2.1/hadoop-kms-3.2.1.jar:/home/user/.m2/repository/org/apache/hadoop/hadoop-auth/3.2.1/hadoop-auth-3.2.1.jar:/home/user/.m2/repository/com/nimbusds/nimbus-jose-jwt/7.9/nimbus-jose-jwt-7.9.jar:/home/user/.m2/repository/com/github/stephenc/jcip/jcip-annotations/1.0-1/jcip-annotations-1.0-1.jar:/home/user/.m2/repository/net/minidev/json-smart/2.3/json-smart-2.3.jar:/home/user/.m2/repository/net/minidev/accessors-smart/1.2/accessors-smart-1.2.jar:/home/user/.m2/repository/org/ow2/asm/asm/5.0.4/asm-5.0.4.jar:/home/user/.m2/repository/org/apache/zookeeper/zookeeper/3.4.13/zookeeper-3.4.13.jar:/home/user/.m2/repository/org/apache/yetus/audience-annotations/0.5.0/audience-annotations-0.5.0.jar:/home/user/.m2/repository/org/apache/curator/curator-framework/2.13.0/curator-framework-2.13.0.jar:/home/user/.m2/repository/com/sun/jersey/jersey-core/1.19/jersey-core-1.19.jar:/home/user/.m2/repository/javax/ws/rs/jsr311-api/1.1.1/jsr311-api-1.1.1.jar:/home/user/.m2/repository/com/sun/jersey/jersey-server/1.19/jersey-server-1.19.jar:/home/user/.m2/repository/javax/servlet/javax.servlet-api/3.1.0/javax.servlet-api-3.1.0.jar:/home/user/.m2/repository/org/eclipse/jetty/jetty-server/9.4.26.v20200117/jetty-server-9.4.26.v20200117.jar:/home/user/.m2/repository/org/eclipse/jetty/jetty-http/9.4.26.v20200117/jetty-http-9.4.26.v20200117.jar:/home/user/.m2/repository/org/eclipse/jetty/jetty-io/9.4.26.v20200117/jetty-io-9.4.26.v20200117.jar:/home/user/.m2/repository/org/eclipse/jetty/jetty-webapp/9.4.26.v20200117/jetty-webapp-9.4.26.v20200117.jar:/home/user/.m2/repository/org/eclipse/jetty/jetty-xml/9.4.26.v20200117/jetty-xml-9.4.26.v20200117.jar:/home/user/.m2/repository/org/eclipse/jetty/jetty-servlet/9.4.26.v20200117/jetty-servlet-9.4.26.v20200117.jar:/home/user/.m2/repository/org/eclipse/jetty/jetty-security/9.4.26.v20200117/jetty-security-9.4.26.v20200117.jar:/home/user/.m2/repository/org/apache/hadoop/hadoop-common/3.2.1/hadoop-common-3.2.1.jar:/home/user/.m2/repository/commons-net/commons-net/3.6/commons-net-3.6.jar:/home/user/.m2/repository/commons-collections/commons-collections/3.2.2/commons-collections-3.2.2.jar:/home/user/.m2/repository/com/sun/jersey/jersey-servlet/1.19/jersey-servlet-1.19.jar:/home/user/.m2/repository/com/sun/jersey/jersey-json/1.19/jersey-json-1.19.jar:/home/user/.m2/repository/org/codehaus/jettison/jettison/1.1/jettison-1.1.jar:/home/user/.m2/repository/org/codehaus/jackson/jackson-jaxrs/1.9.2/jackson-jaxrs-1.9.2.jar:/home/user/.m2/repository/org/codehaus/jackson/jackson-xc/1.9.2/jackson-xc-1.9.2.jar:/home/user/.m2/repository/commons-beanutils/commons-beanutils/1.9.4/commons-beanutils-1.9.4.jar:/home/user/.m2/repository/org/apache/commons/commons-configuration2/2.1.1/commons-configuration2-2.1.1.jar:/home/user/.m2/repository/org/apache/commons/commons-text/1.4/commons-text-1.4.jar:/home/user/.m2/repository/com/google/re2j/re2j/1.1/re2j-1.1.jar:/home/user/.m2/repository/com/jcraft/jsch/0.1.54/jsch-0.1.54.jar:/home/user/.m2/repository/org/apache/curator/curator-client/2.13.0/curator-client-2.13.0.jar:/home/user/.m2/repository/org/apache/curator/curator-recipes/2.13.0/curator-recipes-2.13.0.jar:/home/user/.m2/repository/dnsjava/dnsjava/2.1.7/dnsjava-2.1.7.jar:/home/user/.m2/repository/org/slf4j/jul-to-slf4j/1.7.25/jul-to-slf4j-1.7.25.jar:/home/user/.m2/repository/org/eclipse/jetty/jetty-util/9.4.26.v20200117/jetty-util-9.4.26.v20200117.jar:/home/user/.m2/repository/com/fasterxml/jackson/core/jackson-databind/2.10.3/jackson-databind-2.10.3.jar:/home/user/.m2/repository/org/apache/hadoop/hadoop-kms/3.2.1/hadoop-kms-3.2.1-tests.jar:/home/user/.m2/repository/org/apache/hadoop/hadoop-hdds-server-scm/0.6.0-SNAPSHOT/hadoop-hdds-server-scm-0.6.0-SNAPSHOT-tests.jar:/home/user/.m2/repository/org/apache/hadoop/hadoop-hdds-container-service/0.6.0-SNAPSHOT/hadoop-hdds-container-service-0.6.0-SNAPSHOT-tests.jar:/home/user/.m2/repository/org/apache/hadoop/hadoop-hdds-common/0.6.0-SNAPSHOT/hadoop-hdds-common-0.6.0-SNAPSHOT-tests.jar:/home/user/.m2/repository/org/yaml/snakeyaml/1.16/snakeyaml-1.16.jar:/home/user/.m2/repository/org/apache/hadoop/hadoop-hdds-hadoop-dependency-test/0.6.0-SNAPSHOT/hadoop-hdds-hadoop-dependency-test-0.6.0-SNAPSHOT.jar:/home/user/.m2/repository/org/apache/hadoop/hadoop-common/3.2.1/hadoop-common-3.2.1-tests.jar:/home/user/.m2/repository/javax/servlet/jsp/jsp-api/2.1/jsp-api-2.1.jar:/home/user/.m2/repository/org/apache/hadoop/hadoop-hdfs/3.2.1/hadoop-hdfs-3.2.1-tests.jar:/home/user/.m2/repository/org/eclipse/jetty/jetty-util-ajax/9.4.26.v20200117/jetty-util-ajax-9.4.26.v20200117.jar:/home/user/.m2/repository/commons-codec/commons-codec/1.11/commons-codec-1.11.jar:/home/user/.m2/repository/commons-daemon/commons-daemon/1.0.13/commons-daemon-1.0.13.jar:/home/user/.m2/repository/io/netty/netty/3.10.5.Final/netty-3.10.5.Final.jar:/home/user/.m2/repository/io/netty/netty-all/4.1.48.Final/netty-all-4.1.48.Final.jar:/home/user/.m2/repository/org/apache/htrace/htrace-core4/4.1.0-incubating/htrace-core4-4.1.0-incubating.jar:/home/user/.m2/repository/org/fusesource/leveldbjni/leveldbjni-all/1.8/leveldbjni-all-1.8.jar:/home/user/.m2/repository/org/apache/hadoop/hadoop-distcp/3.2.1/hadoop-distcp-3.2.1.jar:/home/user/.m2/repository/org/apache/hadoop/hadoop-mapreduce-client-jobclient/3.2.1/hadoop-mapreduce-client-jobclient-3.2.1.jar:/home/user/.m2/repository/org/apache/hadoop/hadoop-mapreduce-client-common/3.2.1/hadoop-mapreduce-client-common-3.2.1.jar:/home/user/.m2/repository/org/apache/hadoop/hadoop-yarn-common/3.2.1/hadoop-yarn-common-3.2.1.jar:/home/user/.m2/repository/org/apache/hadoop/hadoop-yarn-api/3.2.1/hadoop-yarn-api-3.2.1.jar:/home/user/.m2/repository/com/sun/jersey/jersey-client/1.19/jersey-client-1.19.jar:/home/user/.m2/repository/com/sun/jersey/contribs/jersey-guice/1.19/jersey-guice-1.19.jar:/home/user/.m2/repository/com/fasterxml/jackson/jaxrs/jackson-jaxrs-json-provider/2.10.3/jackson-jaxrs-json-provider-2.10.3.jar:/home/user/.m2/repository/com/fasterxml/jackson/jaxrs/jackson-jaxrs-base/2.10.3/jackson-jaxrs-base-2.10.3.jar:/home/user/.m2/repository/org/apache/hadoop/hadoop-yarn-client/3.2.1/hadoop-yarn-client-3.2.1.jar:/home/user/.m2/repository/org/apache/hadoop/hadoop-mapreduce-client-core/3.2.1/hadoop-mapreduce-client-core-3.2.1.jar:/home/user/.m2/repository/org/apache/avro/avro/1.7.7/avro-1.7.7.jar:/home/user/.m2/repository/org/codehaus/jackson/jackson-core-asl/1.9.13/jackson-core-asl-1.9.13.jar:/home/user/.m2/repository/org/codehaus/jackson/jackson-mapper-asl/1.9.13/jackson-mapper-asl-1.9.13.jar:/home/user/.m2/repository/com/thoughtworks/paranamer/paranamer/2.3/paranamer-2.3.jar:/home/user/.m2/repository/org/xerial/snappy/snappy-java/1.0.5/snappy-java-1.0.5.jar:/home/user/.m2/repository/org/apache/hadoop/hadoop-annotations/3.2.1/hadoop-annotations-3.2.1.jar:/usr/lib/jvm/java-1.8.0-openjdk-1.8.0.232.b09-0.el7_7.x86_64/jre/../lib/tools.jar:/home/user/.m2/repository/org/apache/hadoop/hadoop-distcp/3.2.1/hadoop-distcp-3.2.1-tests.jar:"/>
    <property name="java.vm.vendor" value="Oracle Corporation"/>
    <property name="sun.arch.data.model" value="64"/>
    <property name="test.build.dir" value="/github/workspace/mnt/ozone/hadoop-ozone/integration-test/target/test-dir"/>
    <property name="test.cache.data" value=""/>
    <property name="java.vendor.url" value="http://java.oracle.com/"/>
    <property name="user.timezone" value=""/>
    <property name="java.vm.specification.version" value="1.8"/>
    <property name="os.name" value="Linux"/>
    <property name="test.build.data" value="/github/workspace/mnt/ozone/hadoop-ozone/integration-test/target/test-dir"/>
    <property name="user.country" value="US"/>
    <property name="sun.java.launcher" value="SUN_STANDARD"/>
    <property name="sun.boot.library.path" value="/usr/lib/jvm/java-1.8.0-openjdk-1.8.0.232.b09-0.el7_7.x86_64/jre/lib/amd64"/>
    <property name="sun.java.command" value="/github/workspace/mnt/ozone/hadoop-ozone/integration-test/target/surefire/surefirebooter1888212302806714181.jar /github/workspace/mnt/ozone/hadoop-ozone/integration-test/target/surefire 2020-06-06T05-12-16_883-jvmRun1 surefire8331838710973469176tmp surefire_234476150560783920495tmp"/>
    <property name="surefire.test.class.path" value="/github/workspace/mnt/ozone/hadoop-ozone/integration-test/target/test-classes:/github/workspace/mnt/ozone/hadoop-ozone/integration-test/target/classes:/home/user/.m2/repository/org/apache/hadoop/hadoop-ozone-common/0.6.0-SNAPSHOT/hadoop-ozone-common-0.6.0-SNAPSHOT.jar:/home/user/.m2/repository/org/apache/commons/commons-compress/1.4.1/commons-compress-1.4.1.jar:/home/user/.m2/repository/org/tukaani/xz/1.0/xz-1.0.jar:/home/user/.m2/repository/org/apache/hadoop/hadoop-hdds-common/0.6.0-SNAPSHOT/hadoop-hdds-common-0.6.0-SNAPSHOT.jar:/home/user/.m2/repository/org/apache/hadoop/hadoop-hdds-hadoop-dependency-client/0.6.0-SNAPSHOT/hadoop-hdds-hadoop-dependency-client-0.6.0-SNAPSHOT.jar:/home/user/.m2/repository/info/picocli/picocli/3.9.6/picocli-3.9.6.jar:/home/user/.m2/repository/com/fasterxml/jackson/core/jackson-annotations/2.10.3/jackson-annotations-2.10.3.jar:/home/user/.m2/repository/javax/annotation/javax.annotation-api/1.2/javax.annotation-api-1.2.jar:/home/user/.m2/repository/org/apache/ratis/ratis-server/0.6.0-cac3336-SNAPSHOT/ratis-server-0.6.0-cac3336-SNAPSHOT.jar:/home/user/.m2/repository/org/apache/ratis/ratis-client/0.6.0-cac3336-SNAPSHOT/ratis-client-0.6.0-cac3336-SNAPSHOT.jar:/home/user/.m2/repository/org/apache/ratis/ratis-metrics/0.6.0-cac3336-SNAPSHOT/ratis-metrics-0.6.0-cac3336-SNAPSHOT.jar:/home/user/.m2/repository/org/apache/ratis/ratis-netty/0.6.0-cac3336-SNAPSHOT/ratis-netty-0.6.0-cac3336-SNAPSHOT.jar:/home/user/.m2/repository/org/apache/ratis/ratis-grpc/0.6.0-cac3336-SNAPSHOT/ratis-grpc-0.6.0-cac3336-SNAPSHOT.jar:/home/user/.m2/repository/org/apache/logging/log4j/log4j-api/2.11.0/log4j-api-2.11.0.jar:/home/user/.m2/repository/org/apache/logging/log4j/log4j-core/2.11.0/log4j-core-2.11.0.jar:/home/user/.m2/repository/com/lmax/disruptor/3.4.2/disruptor-3.4.2.jar:/home/user/.m2/repository/org/apache/commons/commons-pool2/2.6.0/commons-pool2-2.6.0.jar:/home/user/.m2/repository/org/bouncycastle/bcpkix-jdk15on/1.60/bcpkix-jdk15on-1.60.jar:/home/user/.m2/repository/commons-validator/commons-validator/1.6/commons-validator-1.6.jar:/home/user/.m2/repository/commons-digester/commons-digester/1.8.1/commons-digester-1.8.1.jar:/home/user/.m2/repository/io/jaegertracing/jaeger-client/1.2.0/jaeger-client-1.2.0.jar:/home/user/.m2/repository/io/jaegertracing/jaeger-thrift/1.2.0/jaeger-thrift-1.2.0.jar:/home/user/.m2/repository/org/apache/thrift/libthrift/0.13.0/libthrift-0.13.0.jar:/home/user/.m2/repository/com/squareup/okhttp3/okhttp/4.2.2/okhttp-4.2.2.jar:/home/user/.m2/repository/com/squareup/okio/okio/2.2.2/okio-2.2.2.jar:/home/user/.m2/repository/org/jetbrains/kotlin/kotlin-stdlib/1.3.50/kotlin-stdlib-1.3.50.jar:/home/user/.m2/repository/org/jetbrains/kotlin/kotlin-stdlib-common/1.3.50/kotlin-stdlib-common-1.3.50.jar:/home/user/.m2/repository/org/jetbrains/annotations/13.0/annotations-13.0.jar:/home/user/.m2/repository/io/jaegertracing/jaeger-core/1.2.0/jaeger-core-1.2.0.jar:/home/user/.m2/repository/io/jaegertracing/jaeger-tracerresolver/1.2.0/jaeger-tracerresolver-1.2.0.jar:/home/user/.m2/repository/io/opentracing/contrib/opentracing-tracerresolver/0.1.8/opentracing-tracerresolver-0.1.8.jar:/home/user/.m2/repository/io/opentracing/opentracing-util/0.33.0/opentracing-util-0.33.0.jar:/home/user/.m2/repository/io/opentracing/opentracing-api/0.33.0/opentracing-api-0.33.0.jar:/home/user/.m2/repository/io/opentracing/opentracing-noop/0.33.0/opentracing-noop-0.33.0.jar:/home/user/.m2/repository/org/apache/hadoop/hadoop-hdds-client/0.6.0-SNAPSHOT/hadoop-hdds-client-0.6.0-SNAPSHOT.jar:/home/user/.m2/repository/org/apache/hadoop/hadoop-hdds-test-utils/0.6.0-SNAPSHOT/hadoop-hdds-test-utils-0.6.0-SNAPSHOT.jar:/home/user/.m2/repository/com/google/guava/guava/28.2-jre/guava-28.2-jre.jar:/home/user/.m2/repository/com/google/guava/failureaccess/1.0.1/failureaccess-1.0.1.jar:/home/user/.m2/repository/com/google/guava/listenablefuture/9999.0-empty-to-avoid-conflict-with-guava/listenablefuture-9999.0-empty-to-avoid-conflict-with-guava.jar:/home/user/.m2/repository/com/google/code/findbugs/jsr305/3.0.0/jsr305-3.0.0.jar:/home/user/.m2/repository/org/checkerframework/checker-qual/2.10.0/checker-qual-2.10.0.jar:/home/user/.m2/repository/com/google/errorprone/error_prone_annotations/2.2.0/error_prone_annotations-2.2.0.jar:/home/user/.m2/repository/com/google/j2objc/j2objc-annotations/1.3/j2objc-annotations-1.3.jar:/home/user/.m2/repository/commons-io/commons-io/2.5/commons-io-2.5.jar:/home/user/.m2/repository/commons-logging/commons-logging/1.2/commons-logging-1.2.jar:/home/user/.m2/repository/log4j/log4j/1.2.17/log4j-1.2.17.jar:/home/user/.m2/repository/org/slf4j/slf4j-api/1.7.25/slf4j-api-1.7.25.jar:/home/user/.m2/repository/org/apache/hadoop/hadoop-hdds-server-scm/0.6.0-SNAPSHOT/hadoop-hdds-server-scm-0.6.0-SNAPSHOT.jar:/home/user/.m2/repository/org/apache/hadoop/hadoop-hdds-container-service/0.6.0-SNAPSHOT/hadoop-hdds-container-service-0.6.0-SNAPSHOT.jar:/home/user/.m2/repository/org/apache/hadoop/hadoop-hdds-hadoop-dependency-server/0.6.0-SNAPSHOT/hadoop-hdds-hadoop-dependency-server-0.6.0-SNAPSHOT.jar:/home/user/.m2/repository/org/apache/hadoop/hadoop-hdds-server-framework/0.6.0-SNAPSHOT/hadoop-hdds-server-framework-0.6.0-SNAPSHOT.jar:/home/user/.m2/repository/org/apache/hadoop/hadoop-hdds-interface-server/0.6.0-SNAPSHOT/hadoop-hdds-interface-server-0.6.0-SNAPSHOT.jar:/home/user/.m2/repository/org/apache/hadoop/hadoop-hdds-interface-admin/0.6.0-SNAPSHOT/hadoop-hdds-interface-admin-0.6.0-SNAPSHOT.jar:/home/user/.m2/repository/org/rocksdb/rocksdbjni/6.6.4/rocksdbjni-6.6.4.jar:/home/user/.m2/repository/io/prometheus/simpleclient_dropwizard/0.7.0/simpleclient_dropwizard-0.7.0.jar:/home/user/.m2/repository/io/prometheus/simpleclient/0.7.0/simpleclient-0.7.0.jar:/home/user/.m2/repository/io/prometheus/simpleclient_common/0.7.0/simpleclient_common-0.7.0.jar:/home/user/.m2/repository/com/fasterxml/jackson/datatype/jackson-datatype-jsr310/2.10.3/jackson-datatype-jsr310-2.10.3.jar:/home/user/.m2/repository/org/apache/hadoop/hadoop-hdds-docs/0.6.0-SNAPSHOT/hadoop-hdds-docs-0.6.0-SNAPSHOT.jar:/home/user/.m2/repository/io/dropwizard/metrics/metrics-core/3.2.4/metrics-core-3.2.4.jar:/home/user/.m2/repository/org/apache/hadoop/hadoop-hdfs-client/3.2.1/hadoop-hdfs-client-3.2.1.jar:/home/user/.m2/repository/org/bouncycastle/bcprov-jdk15on/1.60/bcprov-jdk15on-1.60.jar:/home/user/.m2/repository/org/apache/hadoop/hadoop-ozone-ozone-manager/0.6.0-SNAPSHOT/hadoop-ozone-ozone-manager-0.6.0-SNAPSHOT.jar:/home/user/.m2/repository/org/apache/hadoop/hadoop-hdds-interface-client/0.6.0-SNAPSHOT/hadoop-hdds-interface-client-0.6.0-SNAPSHOT.jar:/home/user/.m2/repository/org/apache/ratis/ratis-thirdparty-misc/0.4.0/ratis-thirdparty-misc-0.4.0.jar:/home/user/.m2/repository/org/apache/hadoop/hadoop-minikdc/3.2.1/hadoop-minikdc-3.2.1.jar:/home/user/.m2/repository/org/apache/kerby/kerb-simplekdc/1.0.1/kerb-simplekdc-1.0.1.jar:/home/user/.m2/repository/org/apache/kerby/kerb-client/1.0.1/kerb-client-1.0.1.jar:/home/user/.m2/repository/org/apache/kerby/kerby-config/1.0.1/kerby-config-1.0.1.jar:/home/user/.m2/repository/org/apache/kerby/kerb-core/1.0.1/kerb-core-1.0.1.jar:/home/user/.m2/repository/org/apache/kerby/kerby-pkix/1.0.1/kerby-pkix-1.0.1.jar:/home/user/.m2/repository/org/apache/kerby/kerby-asn1/1.0.1/kerby-asn1-1.0.1.jar:/home/user/.m2/repository/org/apache/kerby/kerby-util/1.0.1/kerby-util-1.0.1.jar:/home/user/.m2/repository/org/apache/kerby/kerb-common/1.0.1/kerb-common-1.0.1.jar:/home/user/.m2/repository/org/apache/kerby/kerb-crypto/1.0.1/kerb-crypto-1.0.1.jar:/home/user/.m2/repository/org/apache/kerby/kerb-util/1.0.1/kerb-util-1.0.1.jar:/home/user/.m2/repository/org/apache/kerby/token-provider/1.0.1/token-provider-1.0.1.jar:/home/user/.m2/repository/org/apache/kerby/kerb-admin/1.0.1/kerb-admin-1.0.1.jar:/home/user/.m2/repository/org/apache/kerby/kerb-server/1.0.1/kerb-server-1.0.1.jar:/home/user/.m2/repository/org/apache/kerby/kerb-identity/1.0.1/kerb-identity-1.0.1.jar:/home/user/.m2/repository/org/apache/kerby/kerby-xdr/1.0.1/kerby-xdr-1.0.1.jar:/home/user/.m2/repository/org/slf4j/slf4j-log4j12/1.7.25/slf4j-log4j12-1.7.25.jar:/home/user/.m2/repository/org/apache/hadoop/hadoop-ozone-s3gateway/0.6.0-SNAPSHOT/hadoop-ozone-s3gateway-0.6.0-SNAPSHOT.jar:/home/user/.m2/repository/org/jboss/weld/servlet/weld-servlet/2.4.7.Final/weld-servlet-2.4.7.Final.jar:/home/user/.m2/repository/org/glassfish/jersey/containers/jersey-container-servlet-core/2.27/jersey-container-servlet-core-2.27.jar:/home/user/.m2/repository/org/glassfish/hk2/external/javax.inject/2.5.0-b42/javax.inject-2.5.0-b42.jar:/home/user/.m2/repository/org/glassfish/jersey/core/jersey-common/2.27/jersey-common-2.27.jar:/home/user/.m2/repository/org/glassfish/hk2/osgi-resource-locator/1.0.1/osgi-resource-locator-1.0.1.jar:/home/user/.m2/repository/javax/ws/rs/javax.ws.rs-api/2.1/javax.ws.rs-api-2.1.jar:/home/user/.m2/repository/org/glassfish/jersey/ext/cdi/jersey-cdi1x/2.27/jersey-cdi1x-2.27.jar:/home/user/.m2/repository/org/glassfish/jersey/inject/jersey-hk2/2.27/jersey-hk2-2.27.jar:/home/user/.m2/repository/org/glassfish/hk2/hk2-locator/2.5.0-b42/hk2-locator-2.5.0-b42.jar:/home/user/.m2/repository/org/javassist/javassist/3.22.0-CR2/javassist-3.22.0-CR2.jar:/home/user/.m2/repository/org/glassfish/hk2/hk2-api/2.5.0/hk2-api-2.5.0.jar:/home/user/.m2/repository/org/glassfish/hk2/external/jakarta.inject/2.5.0/jakarta.inject-2.5.0.jar:/home/user/.m2/repository/org/glassfish/hk2/hk2-utils/2.5.0/hk2-utils-2.5.0.jar:/home/user/.m2/repository/jakarta/annotation/jakarta.annotation-api/1.3.4/jakarta.annotation-api-1.3.4.jar:/home/user/.m2/repository/org/glassfish/hk2/external/aopalliance-repackaged/2.5.0/aopalliance-repackaged-2.5.0.jar:/home/user/.m2/repository/com/fasterxml/jackson/dataformat/jackson-dataformat-xml/2.10.3/jackson-dataformat-xml-2.10.3.jar:/home/user/.m2/repository/com/fasterxml/jackson/core/jackson-core/2.10.3/jackson-core-2.10.3.jar:/home/user/.m2/repository/com/fasterxml/jackson/module/jackson-module-jaxb-annotations/2.10.3/jackson-module-jaxb-annotations-2.10.3.jar:/home/user/.m2/repository/jakarta/xml/bind/jakarta.xml.bind-api/2.3.2/jakarta.xml.bind-api-2.3.2.jar:/home/user/.m2/repository/jakarta/activation/jakarta.activation-api/1.2.1/jakarta.activation-api-1.2.1.jar:/home/user/.m2/repository/org/codehaus/woodstox/stax2-api/3.1.4/stax2-api-3.1.4.jar:/home/user/.m2/repository/com/fasterxml/woodstox/woodstox-core/5.0.3/woodstox-core-5.0.3.jar:/home/user/.m2/repository/javax/enterprise/cdi-api/1.2/cdi-api-1.2.jar:/home/user/.m2/repository/javax/el/javax.el-api/3.0.0/javax.el-api-3.0.0.jar:/home/user/.m2/repository/javax/interceptor/javax.interceptor-api/1.2/javax.interceptor-api-1.2.jar:/home/user/.m2/repository/javax/inject/javax.inject/1/javax.inject-1.jar:/home/user/.m2/repository/com/sun/xml/bind/jaxb-impl/2.3.0.1/jaxb-impl-2.3.0.1.jar:/home/user/.m2/repository/com/sun/xml/bind/jaxb-core/2.3.0.1/jaxb-core-2.3.0.1.jar:/home/user/.m2/repository/javax/xml/bind/jaxb-api/2.3.0/jaxb-api-2.3.0.jar:/home/user/.m2/repository/javax/activation/activation/1.1.1/activation-1.1.1.jar:/home/user/.m2/repository/org/apache/hadoop/hadoop-ozone-csi/0.6.0-SNAPSHOT/hadoop-ozone-csi-0.6.0-SNAPSHOT.jar:/home/user/.m2/repository/com/google/protobuf/protobuf-java-util/3.11.0/protobuf-java-util-3.11.0.jar:/home/user/.m2/repository/com/google/code/gson/gson/2.2.4/gson-2.2.4.jar:/home/user/.m2/repository/org/apache/hadoop/hadoop-hdds-config/0.6.0-SNAPSHOT/hadoop-hdds-config-0.6.0-SNAPSHOT.jar:/home/user/.m2/repository/com/google/protobuf/protobuf-java/2.5.0/protobuf-java-2.5.0.jar:/home/user/.m2/repository/io/grpc/grpc-netty/1.29.0/grpc-netty-1.29.0.jar:/home/user/.m2/repository/io/grpc/grpc-core/1.29.0/grpc-core-1.29.0.jar:/home/user/.m2/repository/com/google/android/annotations/4.1.1.4/annotations-4.1.1.4.jar:/home/user/.m2/repository/io/perfmark/perfmark-api/0.19.0/perfmark-api-0.19.0.jar:/home/user/.m2/repository/io/netty/netty-codec-http2/4.1.48.Final/netty-codec-http2-4.1.48.Final.jar:/home/user/.m2/repository/io/netty/netty-codec/4.1.48.Final/netty-codec-4.1.48.Final.jar:/home/user/.m2/repository/io/netty/netty-handler/4.1.48.Final/netty-handler-4.1.48.Final.jar:/home/user/.m2/repository/io/netty/netty-codec-http/4.1.48.Final/netty-codec-http-4.1.48.Final.jar:/home/user/.m2/repository/io/netty/netty-handler-proxy/4.1.48.Final/netty-handler-proxy-4.1.48.Final.jar:/home/user/.m2/repository/io/netty/netty-codec-socks/4.1.48.Final/netty-codec-socks-4.1.48.Final.jar:/home/user/.m2/repository/io/netty/netty-transport-native-epoll/4.1.48.Final/netty-transport-native-epoll-4.1.48.Final.jar:/home/user/.m2/repository/io/netty/netty-common/4.1.48.Final/netty-common-4.1.48.Final.jar:/home/user/.m2/repository/io/netty/netty-buffer/4.1.48.Final/netty-buffer-4.1.48.Final.jar:/home/user/.m2/repository/io/netty/netty-transport/4.1.48.Final/netty-transport-4.1.48.Final.jar:/home/user/.m2/repository/io/netty/netty-resolver/4.1.48.Final/netty-resolver-4.1.48.Final.jar:/home/user/.m2/repository/io/netty/netty-transport-native-unix-common/4.1.48.Final/netty-transport-native-unix-common-4.1.48.Final.jar:/home/user/.m2/repository/io/grpc/grpc-protobuf/1.29.0/grpc-protobuf-1.29.0.jar:/home/user/.m2/repository/io/grpc/grpc-api/1.29.0/grpc-api-1.29.0.jar:/home/user/.m2/repository/io/grpc/grpc-context/1.29.0/grpc-context-1.29.0.jar:/home/user/.m2/repository/org/codehaus/mojo/animal-sniffer-annotations/1.18/animal-sniffer-annotations-1.18.jar:/home/user/.m2/repository/com/google/api/grpc/proto-google-common-protos/1.17.0/proto-google-common-protos-1.17.0.jar:/home/user/.m2/repository/io/grpc/grpc-protobuf-lite/1.29.0/grpc-protobuf-lite-1.29.0.jar:/home/user/.m2/repository/io/grpc/grpc-stub/1.29.0/grpc-stub-1.29.0.jar:/home/user/.m2/repository/org/apache/hadoop/hadoop-ozone-recon/0.6.0-SNAPSHOT/hadoop-ozone-recon-0.6.0-SNAPSHOT.jar:/home/user/.m2/repository/org/apache/hadoop/hadoop-ozone-reconcodegen/0.6.0-SNAPSHOT/hadoop-ozone-reconcodegen-0.6.0-SNAPSHOT.jar:/home/user/.m2/repository/com/google/inject/extensions/guice-multibindings/4.0/guice-multibindings-4.0.jar:/home/user/.m2/repository/com/google/inject/guice/4.0/guice-4.0.jar:/home/user/.m2/repository/aopalliance/aopalliance/1.0/aopalliance-1.0.jar:/home/user/.m2/repository/com/google/inject/extensions/guice-assistedinject/4.0/guice-assistedinject-4.0.jar:/home/user/.m2/repository/com/google/inject/extensions/guice-servlet/4.0/guice-servlet-4.0.jar:/home/user/.m2/repository/org/glassfish/jersey/containers/jersey-container-servlet/2.27/jersey-container-servlet-2.27.jar:/home/user/.m2/repository/org/glassfish/hk2/guice-bridge/2.5.0/guice-bridge-2.5.0.jar:/home/user/.m2/repository/org/glassfish/jersey/core/jersey-server/2.27/jersey-server-2.27.jar:/home/user/.m2/repository/org/glassfish/jersey/core/jersey-client/2.27/jersey-client-2.27.jar:/home/user/.m2/repository/org/glassfish/jersey/media/jersey-media-jaxb/2.27/jersey-media-jaxb-2.27.jar:/home/user/.m2/repository/javax/validation/validation-api/1.1.0.Final/validation-api-1.1.0.Final.jar:/home/user/.m2/repository/org/glassfish/jersey/media/jersey-media-json-jackson/2.27/jersey-media-json-jackson-2.27.jar:/home/user/.m2/repository/org/glassfish/jersey/ext/jersey-entity-filtering/2.27/jersey-entity-filtering-2.27.jar:/home/user/.m2/repository/org/jooq/jooq/3.11.10/jooq-3.11.10.jar:/home/user/.m2/repository/org/jooq/jooq-meta/3.11.10/jooq-meta-3.11.10.jar:/home/user/.m2/repository/org/jooq/jooq-codegen/3.11.10/jooq-codegen-3.11.10.jar:/home/user/.m2/repository/com/jolbox/bonecp/0.8.0.RELEASE/bonecp-0.8.0.RELEASE.jar:/home/user/.m2/repository/org/apache/derby/derby/10.14.2.0/derby-10.14.2.0.jar:/home/user/.m2/repository/org/xerial/sqlite-jdbc/3.25.2/sqlite-jdbc-3.25.2.jar:/home/user/.m2/repository/org/springframework/spring-jdbc/5.2.5.RELEASE/spring-jdbc-5.2.5.RELEASE.jar:/home/user/.m2/repository/org/springframework/spring-beans/5.2.5.RELEASE/spring-beans-5.2.5.RELEASE.jar:/home/user/.m2/repository/org/springframework/spring-core/5.2.5.RELEASE/spring-core-5.2.5.RELEASE.jar:/home/user/.m2/repository/org/springframework/spring-jcl/5.2.5.RELEASE/spring-jcl-5.2.5.RELEASE.jar:/home/user/.m2/repository/org/springframework/spring-tx/5.2.5.RELEASE/spring-tx-5.2.5.RELEASE.jar:/home/user/.m2/repository/org/apache/hadoop/hadoop-ozone-client/0.6.0-SNAPSHOT/hadoop-ozone-client-0.6.0-SNAPSHOT.jar:/home/user/.m2/repository/org/apache/hadoop/hadoop-ozone-filesystem/0.6.0-SNAPSHOT/hadoop-ozone-filesystem-0.6.0-SNAPSHOT.jar:/home/user/.m2/repository/org/apache/hadoop/hadoop-ozone-filesystem-common/0.6.0-SNAPSHOT/hadoop-ozone-filesystem-common-0.6.0-SNAPSHOT.jar:/home/user/.m2/repository/org/apache/hadoop/hadoop-ozone-tools/0.6.0-SNAPSHOT/hadoop-ozone-tools-0.6.0-SNAPSHOT.jar:/home/user/.m2/repository/org/apache/hadoop/hadoop-hdfs/3.2.1/hadoop-hdfs-3.2.1.jar:/home/user/.m2/repository/org/apache/ratis/ratis-tools/0.6.0-cac3336-SNAPSHOT/ratis-tools-0.6.0-cac3336-SNAPSHOT.jar:/home/user/.m2/repository/org/apache/ratis/ratis-proto/0.6.0-cac3336-SNAPSHOT/ratis-proto-0.6.0-cac3336-SNAPSHOT.jar:/home/user/.m2/repository/org/apache/ratis/ratis-common/0.6.0-cac3336-SNAPSHOT/ratis-common-0.6.0-cac3336-SNAPSHOT.jar:/home/user/.m2/repository/com/amazonaws/aws-java-sdk-core/1.11.615/aws-java-sdk-core-1.11.615.jar:/home/user/.m2/repository/org/apache/httpcomponents/httpclient/4.5.2/httpclient-4.5.2.jar:/home/user/.m2/repository/org/apache/httpcomponents/httpcore/4.4.4/httpcore-4.4.4.jar:/home/user/.m2/repository/software/amazon/ion/ion-java/1.0.2/ion-java-1.0.2.jar:/home/user/.m2/repository/com/fasterxml/jackson/dataformat/jackson-dataformat-cbor/2.10.3/jackson-dataformat-cbor-2.10.3.jar:/home/user/.m2/repository/joda-time/joda-time/2.8.1/joda-time-2.8.1.jar:/home/user/.m2/repository/com/amazonaws/aws-java-sdk-s3/1.11.615/aws-java-sdk-s3-1.11.615.jar:/home/user/.m2/repository/com/amazonaws/aws-java-sdk-kms/1.11.615/aws-java-sdk-kms-1.11.615.jar:/home/user/.m2/repository/com/amazonaws/jmespath-java/1.11.615/jmespath-java-1.11.615.jar:/home/user/.m2/repository/org/apache/hadoop/hadoop-hdds-tools/0.6.0-SNAPSHOT/hadoop-hdds-tools-0.6.0-SNAPSHOT.jar:/home/user/.m2/repository/commons-cli/commons-cli/1.2/commons-cli-1.2.jar:/home/user/.m2/repository/org/apache/commons/commons-lang3/3.7/commons-lang3-3.7.jar:/home/user/.m2/repository/org/apache/hadoop/hadoop-ozone-ozone-manager/0.6.0-SNAPSHOT/hadoop-ozone-ozone-manager-0.6.0-SNAPSHOT-tests.jar:/home/user/.m2/repository/junit/junit/4.11/junit-4.11.jar:/home/user/.m2/repository/org/hamcrest/hamcrest-core/1.3/hamcrest-core-1.3.jar:/home/user/.m2/repository/org/openjdk/jmh/jmh-core/1.19/jmh-core-1.19.jar:/home/user/.m2/repository/net/sf/jopt-simple/jopt-simple/4.6/jopt-simple-4.6.jar:/home/user/.m2/repository/org/apache/commons/commons-math3/3.1.1/commons-math3-3.1.1.jar:/home/user/.m2/repository/org/openjdk/jmh/jmh-generator-annprocess/1.19/jmh-generator-annprocess-1.19.jar:/home/user/.m2/repository/org/mockito/mockito-all/1.8.5/mockito-all-1.8.5.jar:/home/user/.m2/repository/org/apache/hadoop/hadoop-kms/3.2.1/hadoop-kms-3.2.1.jar:/home/user/.m2/repository/org/apache/hadoop/hadoop-auth/3.2.1/hadoop-auth-3.2.1.jar:/home/user/.m2/repository/com/nimbusds/nimbus-jose-jwt/7.9/nimbus-jose-jwt-7.9.jar:/home/user/.m2/repository/com/github/stephenc/jcip/jcip-annotations/1.0-1/jcip-annotations-1.0-1.jar:/home/user/.m2/repository/net/minidev/json-smart/2.3/json-smart-2.3.jar:/home/user/.m2/repository/net/minidev/accessors-smart/1.2/accessors-smart-1.2.jar:/home/user/.m2/repository/org/ow2/asm/asm/5.0.4/asm-5.0.4.jar:/home/user/.m2/repository/org/apache/zookeeper/zookeeper/3.4.13/zookeeper-3.4.13.jar:/home/user/.m2/repository/org/apache/yetus/audience-annotations/0.5.0/audience-annotations-0.5.0.jar:/home/user/.m2/repository/org/apache/curator/curator-framework/2.13.0/curator-framework-2.13.0.jar:/home/user/.m2/repository/com/sun/jersey/jersey-core/1.19/jersey-core-1.19.jar:/home/user/.m2/repository/javax/ws/rs/jsr311-api/1.1.1/jsr311-api-1.1.1.jar:/home/user/.m2/repository/com/sun/jersey/jersey-server/1.19/jersey-server-1.19.jar:/home/user/.m2/repository/javax/servlet/javax.servlet-api/3.1.0/javax.servlet-api-3.1.0.jar:/home/user/.m2/repository/org/eclipse/jetty/jetty-server/9.4.26.v20200117/jetty-server-9.4.26.v20200117.jar:/home/user/.m2/repository/org/eclipse/jetty/jetty-http/9.4.26.v20200117/jetty-http-9.4.26.v20200117.jar:/home/user/.m2/repository/org/eclipse/jetty/jetty-io/9.4.26.v20200117/jetty-io-9.4.26.v20200117.jar:/home/user/.m2/repository/org/eclipse/jetty/jetty-webapp/9.4.26.v20200117/jetty-webapp-9.4.26.v20200117.jar:/home/user/.m2/repository/org/eclipse/jetty/jetty-xml/9.4.26.v20200117/jetty-xml-9.4.26.v20200117.jar:/home/user/.m2/repository/org/eclipse/jetty/jetty-servlet/9.4.26.v20200117/jetty-servlet-9.4.26.v20200117.jar:/home/user/.m2/repository/org/eclipse/jetty/jetty-security/9.4.26.v20200117/jetty-security-9.4.26.v20200117.jar:/home/user/.m2/repository/org/apache/hadoop/hadoop-common/3.2.1/hadoop-common-3.2.1.jar:/home/user/.m2/repository/commons-net/commons-net/3.6/commons-net-3.6.jar:/home/user/.m2/repository/commons-collections/commons-collections/3.2.2/commons-collections-3.2.2.jar:/home/user/.m2/repository/com/sun/jersey/jersey-servlet/1.19/jersey-servlet-1.19.jar:/home/user/.m2/repository/com/sun/jersey/jersey-json/1.19/jersey-json-1.19.jar:/home/user/.m2/repository/org/codehaus/jettison/jettison/1.1/jettison-1.1.jar:/home/user/.m2/repository/org/codehaus/jackson/jackson-jaxrs/1.9.2/jackson-jaxrs-1.9.2.jar:/home/user/.m2/repository/org/codehaus/jackson/jackson-xc/1.9.2/jackson-xc-1.9.2.jar:/home/user/.m2/repository/commons-beanutils/commons-beanutils/1.9.4/commons-beanutils-1.9.4.jar:/home/user/.m2/repository/org/apache/commons/commons-configuration2/2.1.1/commons-configuration2-2.1.1.jar:/home/user/.m2/repository/org/apache/commons/commons-text/1.4/commons-text-1.4.jar:/home/user/.m2/repository/com/google/re2j/re2j/1.1/re2j-1.1.jar:/home/user/.m2/repository/com/jcraft/jsch/0.1.54/jsch-0.1.54.jar:/home/user/.m2/repository/org/apache/curator/curator-client/2.13.0/curator-client-2.13.0.jar:/home/user/.m2/repository/org/apache/curator/curator-recipes/2.13.0/curator-recipes-2.13.0.jar:/home/user/.m2/repository/dnsjava/dnsjava/2.1.7/dnsjava-2.1.7.jar:/home/user/.m2/repository/org/slf4j/jul-to-slf4j/1.7.25/jul-to-slf4j-1.7.25.jar:/home/user/.m2/repository/org/eclipse/jetty/jetty-util/9.4.26.v20200117/jetty-util-9.4.26.v20200117.jar:/home/user/.m2/repository/com/fasterxml/jackson/core/jackson-databind/2.10.3/jackson-databind-2.10.3.jar:/home/user/.m2/repository/org/apache/hadoop/hadoop-kms/3.2.1/hadoop-kms-3.2.1-tests.jar:/home/user/.m2/repository/org/apache/hadoop/hadoop-hdds-server-scm/0.6.0-SNAPSHOT/hadoop-hdds-server-scm-0.6.0-SNAPSHOT-tests.jar:/home/user/.m2/repository/org/apache/hadoop/hadoop-hdds-container-service/0.6.0-SNAPSHOT/hadoop-hdds-container-service-0.6.0-SNAPSHOT-tests.jar:/home/user/.m2/repository/org/apache/hadoop/hadoop-hdds-common/0.6.0-SNAPSHOT/hadoop-hdds-common-0.6.0-SNAPSHOT-tests.jar:/home/user/.m2/repository/org/yaml/snakeyaml/1.16/snakeyaml-1.16.jar:/home/user/.m2/repository/org/apache/hadoop/hadoop-hdds-hadoop-dependency-test/0.6.0-SNAPSHOT/hadoop-hdds-hadoop-dependency-test-0.6.0-SNAPSHOT.jar:/home/user/.m2/repository/org/apache/hadoop/hadoop-common/3.2.1/hadoop-common-3.2.1-tests.jar:/home/user/.m2/repository/javax/servlet/jsp/jsp-api/2.1/jsp-api-2.1.jar:/home/user/.m2/repository/org/apache/hadoop/hadoop-hdfs/3.2.1/hadoop-hdfs-3.2.1-tests.jar:/home/user/.m2/repository/org/eclipse/jetty/jetty-util-ajax/9.4.26.v20200117/jetty-util-ajax-9.4.26.v20200117.jar:/home/user/.m2/repository/commons-codec/commons-codec/1.11/commons-codec-1.11.jar:/home/user/.m2/repository/commons-daemon/commons-daemon/1.0.13/commons-daemon-1.0.13.jar:/home/user/.m2/repository/io/netty/netty/3.10.5.Final/netty-3.10.5.Final.jar:/home/user/.m2/repository/io/netty/netty-all/4.1.48.Final/netty-all-4.1.48.Final.jar:/home/user/.m2/repository/org/apache/htrace/htrace-core4/4.1.0-incubating/htrace-core4-4.1.0-incubating.jar:/home/user/.m2/repository/org/fusesource/leveldbjni/leveldbjni-all/1.8/leveldbjni-all-1.8.jar:/home/user/.m2/repository/org/apache/hadoop/hadoop-distcp/3.2.1/hadoop-distcp-3.2.1.jar:/home/user/.m2/repository/org/apache/hadoop/hadoop-mapreduce-client-jobclient/3.2.1/hadoop-mapreduce-client-jobclient-3.2.1.jar:/home/user/.m2/repository/org/apache/hadoop/hadoop-mapreduce-client-common/3.2.1/hadoop-mapreduce-client-common-3.2.1.jar:/home/user/.m2/repository/org/apache/hadoop/hadoop-yarn-common/3.2.1/hadoop-yarn-common-3.2.1.jar:/home/user/.m2/repository/org/apache/hadoop/hadoop-yarn-api/3.2.1/hadoop-yarn-api-3.2.1.jar:/home/user/.m2/repository/com/sun/jersey/jersey-client/1.19/jersey-client-1.19.jar:/home/user/.m2/repository/com/sun/jersey/contribs/jersey-guice/1.19/jersey-guice-1.19.jar:/home/user/.m2/repository/com/fasterxml/jackson/jaxrs/jackson-jaxrs-json-provider/2.10.3/jackson-jaxrs-json-provider-2.10.3.jar:/home/user/.m2/repository/com/fasterxml/jackson/jaxrs/jackson-jaxrs-base/2.10.3/jackson-jaxrs-base-2.10.3.jar:/home/user/.m2/repository/org/apache/hadoop/hadoop-yarn-client/3.2.1/hadoop-yarn-client-3.2.1.jar:/home/user/.m2/repository/org/apache/hadoop/hadoop-mapreduce-client-core/3.2.1/hadoop-mapreduce-client-core-3.2.1.jar:/home/user/.m2/repository/org/apache/avro/avro/1.7.7/avro-1.7.7.jar:/home/user/.m2/repository/org/codehaus/jackson/jackson-core-asl/1.9.13/jackson-core-asl-1.9.13.jar:/home/user/.m2/repository/org/codehaus/jackson/jackson-mapper-asl/1.9.13/jackson-mapper-asl-1.9.13.jar:/home/user/.m2/repository/com/thoughtworks/paranamer/paranamer/2.3/paranamer-2.3.jar:/home/user/.m2/repository/org/xerial/snappy/snappy-java/1.0.5/snappy-java-1.0.5.jar:/home/user/.m2/repository/org/apache/hadoop/hadoop-annotations/3.2.1/hadoop-annotations-3.2.1.jar:/usr/lib/jvm/java-1.8.0-openjdk-1.8.0.232.b09-0.el7_7.x86_64/jre/../lib/tools.jar:/home/user/.m2/repository/org/apache/hadoop/hadoop-distcp/3.2.1/hadoop-distcp-3.2.1-tests.jar:"/>
    <property name="sun.cpu.endian" value="little"/>
    <property name="user.home" value="/home/user"/>
    <property name="user.language" value="en"/>
    <property name="java.specification.vendor" value="Oracle Corporation"/>
    <property name="java.home" value="/usr/lib/jvm/java-1.8.0-openjdk-1.8.0.232.b09-0.el7_7.x86_64/jre"/>
    <property name="java.security.krb5.conf" value="/github/workspace/mnt/ozone/hadoop-ozone/integration-test/target/test-classes/krb5.conf"/>
    <property name="basedir" value="/github/workspace/mnt/ozone/hadoop-ozone/integration-test"/>
    <property name="file.separator" value="/"/>
    <property name="line.separator" value="&#10;"/>
    <property name="java.vm.specification.vendor" value="Oracle Corporation"/>
    <property name="java.specification.name" value="Java Platform API Specification"/>
    <property name="java.awt.graphicsenv" value="sun.awt.X11GraphicsEnvironment"/>
    <property name="surefire.real.class.path" value="/github/workspace/mnt/ozone/hadoop-ozone/integration-test/target/surefire/surefirebooter1888212302806714181.jar:/home/user/.m2/repository/org/jacoco/org.jacoco.agent/0.8.5/org.jacoco.agent-0.8.5-runtime.jar"/>
    <property name="hadoop.log.dir" value="/github/workspace/mnt/ozone/hadoop-ozone/integration-test/target/log"/>
    <property name="sun.boot.class.path" value="/usr/lib/jvm/java-1.8.0-openjdk-1.8.0.232.b09-0.el7_7.x86_64/jre/lib/resources.jar:/usr/lib/jvm/java-1.8.0-openjdk-1.8.0.232.b09-0.el7_7.x86_64/jre/lib/rt.jar:/usr/lib/jvm/java-1.8.0-openjdk-1.8.0.232.b09-0.el7_7.x86_64/jre/lib/sunrsasign.jar:/usr/lib/jvm/java-1.8.0-openjdk-1.8.0.232.b09-0.el7_7.x86_64/jre/lib/jsse.jar:/usr/lib/jvm/java-1.8.0-openjdk-1.8.0.232.b09-0.el7_7.x86_64/jre/lib/jce.jar:/usr/lib/jvm/java-1.8.0-openjdk-1.8.0.232.b09-0.el7_7.x86_64/jre/lib/charsets.jar:/usr/lib/jvm/java-1.8.0-openjdk-1.8.0.232.b09-0.el7_7.x86_64/jre/lib/jfr.jar:/usr/lib/jvm/java-1.8.0-openjdk-1.8.0.232.b09-0.el7_7.x86_64/jre/classes"/>
    <property name="sun.management.compiler" value="HotSpot 64-Bit Tiered Compilers"/>
    <property name="java.runtime.version" value="1.8.0_232-b09"/>
    <property name="java.net.preferIPv4Stack" value="true"/>
    <property name="user.name" value="jenkins1001"/>
    <property name="path.separator" value=":"/>
    <property name="java.security.egd" value="file:///dev/urandom"/>
    <property name="os.version" value="5.3.0-1020-azure"/>
    <property name="java.endorsed.dirs" value="/usr/lib/jvm/java-1.8.0-openjdk-1.8.0.232.b09-0.el7_7.x86_64/jre/lib/endorsed"/>
    <property name="java.runtime.name" value="OpenJDK Runtime Environment"/>
    <property name="file.encoding" value="ANSI_X3.4-1968"/>
    <property name="java.vm.name" value="OpenJDK 64-Bit Server VM"/>
    <property name="test.build.webapps" value=""/>
    <property name="localRepository" value="/home/user/.m2/repository"/>
    <property name="java.vendor.url.bug" value="http://bugreport.sun.com/bugreport/"/>
    <property name="java.io.tmpdir" value="/tmp"/>
    <property name="require.test.libhadoop" value=""/>
    <property name="java.version" value="1.8.0_232"/>
    <property name="user.dir" value="/github/workspace/mnt/ozone/hadoop-ozone/integration-test"/>
    <property name="os.arch" value="amd64"/>
    <property name="java.vm.specification.name" value="Java Virtual Machine Specification"/>
    <property name="test.build.classes" value="/github/workspace/mnt/ozone/hadoop-ozone/integration-test/target/test-classes"/>
    <property name="java.awt.printerjob" value="sun.print.PSPrinterJob"/>
    <property name="sun.os.patch.level" value="unknown"/>
    <property name="hadoop.tmp.dir" value="/github/workspace/mnt/ozone/hadoop-ozone/integration-test/target/tmp"/>
    <property name="java.library.path" value="/usr/lib:/usr/java/packages/lib/amd64:/usr/lib64:/lib64:/lib:/usr/lib"/>
    <property name="java.vm.info" value="mixed mode"/>
    <property name="java.vendor" value="Oracle Corporation"/>
    <property name="java.vm.version" value="25.232-b09"/>
    <property name="java.ext.dirs" value="/usr/lib/jvm/java-1.8.0-openjdk-1.8.0.232.b09-0.el7_7.x86_64/jre/lib/ext:/usr/java/packages/lib/ext"/>
    <property name="sun.io.unicode.encoding" value="UnicodeLittle"/>
    <property name="java.class.version" value="52.0"/>
  </properties>
  <testcase name="testBlockWriteViaRatis" classname="org.apache.hadoop.ozone.client.rpc.TestCloseContainerHandlingByClient" time="4.791">
    <failure type="java.lang.AssertionError">java.lang.AssertionError
	at org.junit.Assert.fail(Assert.java:86)
	at org.junit.Assert.assertTrue(Assert.java:41)
	at org.junit.Assert.assertFalse(Assert.java:64)
	at org.junit.Assert.assertFalse(Assert.java:74)
	at org.apache.hadoop.ozone.container.TestHelper.waitForContainerClose(TestHelper.java:256)
	at org.apache.hadoop.ozone.container.TestHelper.waitForContainerClose(TestHelper.java:151)
	at org.apache.hadoop.ozone.client.rpc.TestCloseContainerHandlingByClient.waitForContainerClose(TestCloseContainerHandlingByClient.java:350)
	at org.apache.hadoop.ozone.client.rpc.TestCloseContainerHandlingByClient.testBlockWriteViaRatis(TestCloseContainerHandlingByClient.java:429)
	at sun.reflect.NativeMethodAccessorImpl.invoke0(Native Method)
	at sun.reflect.NativeMethodAccessorImpl.invoke(NativeMethodAccessorImpl.java:62)
	at sun.reflect.DelegatingMethodAccessorImpl.invoke(DelegatingMethodAccessorImpl.java:43)
	at java.lang.reflect.Method.invoke(Method.java:498)
	at org.junit.runners.model.FrameworkMethod$1.runReflectiveCall(FrameworkMethod.java:47)
	at org.junit.internal.runners.model.ReflectiveCallable.run(ReflectiveCallable.java:12)
	at org.junit.runners.model.FrameworkMethod.invokeExplosively(FrameworkMethod.java:44)
	at org.junit.internal.runners.statements.InvokeMethod.evaluate(InvokeMethod.java:17)
	at org.junit.internal.runners.statements.FailOnTimeout$StatementThread.run(FailOnTimeout.java:74)
</failure>
    <system-out><![CDATA[2020-06-06 05:43:12,449 [main] WARN  server.ServerUtils (ServerUtils.java:getScmDbDir(148)) - ozone.scm.db.dirs is not configured. We recommend adding this setting. Falling back to ozone.metadata.dirs instead.
2020-06-06 05:43:12,578 [main] WARN  server.ServerUtils (ServerUtils.java:getScmDbDir(148)) - ozone.scm.db.dirs is not configured. We recommend adding this setting. Falling back to ozone.metadata.dirs instead.
2020-06-06 05:43:12,702 [main] WARN  db.DBStoreBuilder (DBStoreBuilder.java:createDBStoreBuilder(277)) - ozone.scm.db.dirs is not configured. We recommend adding this setting. Falling back to ozone.metadata.dirs instead.
2020-06-06 05:43:12,831 [main] INFO  net.NodeSchemaLoader (NodeSchemaLoader.java:loadSchemaFromFile(126)) - Loading file from sun.misc.CompoundEnumeration@6c6c5427
2020-06-06 05:43:12,832 [main] INFO  net.NodeSchemaLoader (NodeSchemaLoader.java:loadSchema(172)) - Loading network topology layer schema file
2020-06-06 05:43:12,913 [main] INFO  node.SCMNodeManager (SCMNodeManager.java:<init>(116)) - Entering startup safe mode.
2020-06-06 05:43:13,064 [main] INFO  algorithms.ContainerPlacementPolicyFactory (ContainerPlacementPolicyFactory.java:getPolicy(60)) - Create container placement policy of type org.apache.hadoop.hdds.scm.container.placement.algorithms.SCMContainerPlacementRandom
2020-06-06 05:43:13,097 [main] INFO  pipeline.SCMPipelineManager (SCMPipelineManager.java:initializePipelineState(158)) - No pipeline exists in current db
2020-06-06 05:43:13,197 [main] INFO  safemode.HealthyPipelineSafeModeRule (HealthyPipelineSafeModeRule.java:<init>(89)) - Total pipeline count is 0, healthy pipeline threshold count is 0
2020-06-06 05:43:13,203 [main] INFO  safemode.OneReplicaPipelineSafeModeRule (OneReplicaPipelineSafeModeRule.java:<init>(79)) - Total pipeline count is 0, pipeline's with at least one datanode reported threshold count is 0
2020-06-06 05:43:13,250 [RatisPipelineUtilsThread] ERROR pipeline.SCMPipelineManager (SCMPipelineManager.java:createPipeline(222)) - Failed to create pipeline of type RATIS and factor ONE. Exception: Cannot create pipeline of factor 1 using 0 nodes. Used 0 nodes. Healthy nodes 0
2020-06-06 05:43:13,664 [main] INFO  ipc.CallQueueManager (CallQueueManager.java:<init>(84)) - Using callQueue: class java.util.concurrent.LinkedBlockingQueue, queueCapacity: 2000, scheduler: class org.apache.hadoop.ipc.DefaultRpcScheduler, ipcBackoff: false.
2020-06-06 05:43:13,690 [Socket Reader #1 for port 0] INFO  ipc.Server (Server.java:run(1219)) - Starting Socket Reader #1 for port 0
2020-06-06 05:43:13,730 [Listener at 0.0.0.0/44943] INFO  ipc.CallQueueManager (CallQueueManager.java:<init>(84)) - Using callQueue: class java.util.concurrent.LinkedBlockingQueue, queueCapacity: 2000, scheduler: class org.apache.hadoop.ipc.DefaultRpcScheduler, ipcBackoff: false.
2020-06-06 05:43:13,731 [Socket Reader #1 for port 0] INFO  ipc.Server (Server.java:run(1219)) - Starting Socket Reader #1 for port 0
2020-06-06 05:43:13,746 [Listener at 0.0.0.0/39407] INFO  ipc.CallQueueManager (CallQueueManager.java:<init>(84)) - Using callQueue: class java.util.concurrent.LinkedBlockingQueue, queueCapacity: 2000, scheduler: class org.apache.hadoop.ipc.DefaultRpcScheduler, ipcBackoff: false.
2020-06-06 05:43:13,752 [Socket Reader #1 for port 0] INFO  ipc.Server (Server.java:run(1219)) - Starting Socket Reader #1 for port 0
2020-06-06 05:43:13,778 [Listener at 0.0.0.0/33149] INFO  http.BaseHttpServer (BaseHttpServer.java:newHttpServer2BuilderForOzone(205)) - Starting Web-server for scm at: http://0.0.0.0:0
2020-06-06 05:43:13,778 [Listener at 0.0.0.0/33149] INFO  http.BaseHttpServer (BaseHttpServer.java:<init>(106)) - Hadoop Security Enabled: false Ozone Security Enabled: false Ozone HTTP Security Enabled: false 
2020-06-06 05:43:13,805 [Listener at 0.0.0.0/33149] INFO  util.log (Log.java:initialized(169)) - Logging initialized @2436ms to org.eclipse.jetty.util.log.Slf4jLog
2020-06-06 05:43:13,945 [Listener at 0.0.0.0/33149] INFO  server.AuthenticationFilter (AuthenticationFilter.java:constructSecretProvider(240)) - Unable to initialize FileSignerSecretProvider, falling back to use random secrets.
2020-06-06 05:43:13,961 [Listener at 0.0.0.0/33149] WARN  http.HttpRequestLog (HttpRequestLog.java:getRequestLog(103)) - Jetty request log can only be enabled using Log4j
2020-06-06 05:43:13,968 [Listener at 0.0.0.0/33149] INFO  http.HttpServer2 (HttpServer2.java:addGlobalFilter(993)) - Added global filter 'safety' (class=org.apache.hadoop.hdds.server.http.HttpServer2$QuotingInputFilter)
2020-06-06 05:43:13,971 [Listener at 0.0.0.0/33149] INFO  http.HttpServer2 (HttpServer2.java:addFilter(969)) - Added filter authentication (class=org.apache.hadoop.security.authentication.server.AuthenticationFilter) to context scm
2020-06-06 05:43:13,971 [Listener at 0.0.0.0/33149] INFO  http.HttpServer2 (HttpServer2.java:addFilter(977)) - Added filter authentication (class=org.apache.hadoop.security.authentication.server.AuthenticationFilter) to context logs
2020-06-06 05:43:13,971 [Listener at 0.0.0.0/33149] INFO  http.HttpServer2 (HttpServer2.java:addFilter(977)) - Added filter authentication (class=org.apache.hadoop.security.authentication.server.AuthenticationFilter) to context static
2020-06-06 05:43:14,038 [Listener at 0.0.0.0/33149] INFO  server.StorageContainerManager (StorageContainerManager.java:start(780)) - StorageContainerLocationProtocol RPC server is listening at /0.0.0.0:33149
2020-06-06 05:43:14,094 [Listener at 0.0.0.0/33149] WARN  impl.MetricsConfig (MetricsConfig.java:loadFirst(134)) - Cannot locate configuration: tried hadoop-metrics2-storagecontainermanager.properties,hadoop-metrics2.properties
2020-06-06 05:43:14,113 [Listener at 0.0.0.0/33149] INFO  impl.MetricsSystemImpl (MetricsSystemImpl.java:startTimer(374)) - Scheduled Metric snapshot period at 10 second(s).
2020-06-06 05:43:14,113 [Listener at 0.0.0.0/33149] INFO  impl.MetricsSystemImpl (MetricsSystemImpl.java:start(191)) - StorageContainerManager metrics system started
2020-06-06 05:43:14,342 [Listener at 0.0.0.0/33149] INFO  server.SCMClientProtocolServer (SCMClientProtocolServer.java:start(155)) - RPC server for Client  is listening at /0.0.0.0:33149
2020-06-06 05:43:14,344 [IPC Server Responder] INFO  ipc.Server (Server.java:run(1460)) - IPC Server Responder: starting
2020-06-06 05:43:14,349 [IPC Server listener on 0] INFO  ipc.Server (Server.java:run(1298)) - IPC Server listener on 0: starting
2020-06-06 05:43:14,362 [Listener at 0.0.0.0/33149] INFO  server.StorageContainerManager (StorageContainerManager.java:start(792)) - ScmBlockLocationProtocol RPC server is listening at /0.0.0.0:39407
2020-06-06 05:43:14,362 [Listener at 0.0.0.0/33149] INFO  server.SCMBlockProtocolServer (SCMBlockProtocolServer.java:start(149)) - RPC server for Block Protocol is listening at /0.0.0.0:39407
2020-06-06 05:43:14,363 [IPC Server Responder] INFO  ipc.Server (Server.java:run(1460)) - IPC Server Responder: starting
2020-06-06 05:43:14,363 [IPC Server listener on 0] INFO  ipc.Server (Server.java:run(1298)) - IPC Server listener on 0: starting
2020-06-06 05:43:14,371 [Listener at 0.0.0.0/33149] INFO  server.StorageContainerManager (StorageContainerManager.java:start(798)) - ScmDatanodeProtocl RPC server is listening at /0.0.0.0:44943
2020-06-06 05:43:14,371 [Listener at 0.0.0.0/33149] INFO  server.SCMDatanodeProtocolServer (SCMDatanodeProtocolServer.java:start(172)) - RPC server for DataNodes is listening at /0.0.0.0:44943
2020-06-06 05:43:14,373 [IPC Server Responder] INFO  ipc.Server (Server.java:run(1460)) - IPC Server Responder: starting
2020-06-06 05:43:14,373 [IPC Server listener on 0] INFO  ipc.Server (Server.java:run(1298)) - IPC Server listener on 0: starting
2020-06-06 05:43:14,377 [Listener at 0.0.0.0/33149] INFO  http.HttpServer2 (HttpServer2.java:bindListener(1211)) - Jetty bound to port 37325
2020-06-06 05:43:14,379 [Listener at 0.0.0.0/33149] INFO  server.Server (Server.java:doStart(359)) - jetty-9.4.26.v20200117; built: 2020-01-17T12:35:33.676Z; git: 7b38981d25d14afb4a12ff1f2596756144edf695; jvm 1.8.0_232-b09
2020-06-06 05:43:14,411 [Listener at 0.0.0.0/33149] INFO  server.session (DefaultSessionIdManager.java:doStart(333)) - DefaultSessionIdManager workerName=node0
2020-06-06 05:43:14,412 [Listener at 0.0.0.0/33149] INFO  server.session (DefaultSessionIdManager.java:doStart(338)) - No SessionScavenger set, using defaults
2020-06-06 05:43:14,413 [Listener at 0.0.0.0/33149] INFO  server.session (HouseKeeper.java:startScavenging(140)) - node0 Scavenging every 660000ms
2020-06-06 05:43:14,427 [Listener at 0.0.0.0/33149] INFO  server.AuthenticationFilter (AuthenticationFilter.java:constructSecretProvider(240)) - Unable to initialize FileSignerSecretProvider, falling back to use random secrets.
2020-06-06 05:43:14,430 [Listener at 0.0.0.0/33149] INFO  handler.ContextHandler (ContextHandler.java:doStart(825)) - Started o.e.j.s.ServletContextHandler@3e28fee1{logs,/logs,file:///github/workspace/mnt/ozone/hadoop-ozone/integration-test/target/log,AVAILABLE}
2020-06-06 05:43:14,430 [Listener at 0.0.0.0/33149] INFO  handler.ContextHandler (ContextHandler.java:doStart(825)) - Started o.e.j.s.ServletContextHandler@de81be1{static,/static,file:///github/workspace/mnt/ozone/hadoop-ozone/integration-test/target/test-classes/webapps/static,AVAILABLE}
2020-06-06 05:43:14,474 [Listener at 0.0.0.0/33149] INFO  handler.ContextHandler (ContextHandler.java:doStart(825)) - Started o.e.j.w.WebAppContext@16b3c905{scm,/,file:///github/workspace/mnt/ozone/hadoop-ozone/integration-test/target/test-classes/webapps/scm/,AVAILABLE}{file:/github/workspace/mnt/ozone/hadoop-ozone/integration-test/target/test-classes/webapps/scm}
2020-06-06 05:43:14,483 [Listener at 0.0.0.0/33149] INFO  server.AbstractConnector (AbstractConnector.java:doStart(330)) - Started ServerConnector@33188612{HTTP/1.1,[http/1.1]}{0.0.0.0:37325}
2020-06-06 05:43:14,483 [Listener at 0.0.0.0/33149] INFO  server.Server (Server.java:doStart(399)) - Started @3115ms
2020-06-06 05:43:14,485 [Listener at 0.0.0.0/33149] INFO  impl.MetricsSinkAdapter (MetricsSinkAdapter.java:start(204)) - Sink prometheus started
2020-06-06 05:43:14,485 [Listener at 0.0.0.0/33149] INFO  impl.MetricsSystemImpl (MetricsSystemImpl.java:registerSink(301)) - Registered sink prometheus
2020-06-06 05:43:14,489 [Listener at 0.0.0.0/33149] INFO  http.BaseHttpServer (BaseHttpServer.java:updateConnectorAddress(325)) - HTTP server of scm listening at http://0.0.0.0:37325
2020-06-06 05:43:14,498 [Listener at 0.0.0.0/33149] WARN  server.ServerUtils (ServerUtils.java:getDBPath(225)) - ozone.om.db.dirs is not configured. We recommend adding this setting. Falling back to ozone.metadata.dirs instead.
2020-06-06 05:43:14,505 [org.apache.hadoop.util.JvmPauseMonitor$Monitor@644a3add] INFO  util.JvmPauseMonitor (JvmPauseMonitor.java:run(188)) - Starting JVM pause monitor
2020-06-06 05:43:14,595 [Listener at 0.0.0.0/33149] INFO  ha.OMHANodeDetails (OMHANodeDetails.java:loadOMHAConfig(104)) - ozone.om.internal.service.id is not defined, falling back to ozone.om.service.ids to find serviceID for OzoneManager if it is HA enabled cluster
2020-06-06 05:43:14,598 [Listener at 0.0.0.0/33149] INFO  ha.OMHANodeDetails (OMHANodeDetails.java:loadOMHAConfig(213)) - Configuration either no ozone.om.address set. Falling back to the default OM address /127.0.0.1:0
2020-06-06 05:43:14,598 [Listener at 0.0.0.0/33149] INFO  ha.OMHANodeDetails (OMHANodeDetails.java:getOMNodeDetails(241)) - OM Service ID is not set. Setting it to the default ID: omServiceIdDefault
2020-06-06 05:43:14,600 [Listener at 0.0.0.0/33149] WARN  server.ServerUtils (ServerUtils.java:getDBPath(225)) - ozone.om.db.dirs is not configured. We recommend adding this setting. Falling back to ozone.metadata.dirs instead.
2020-06-06 05:43:14,601 [Listener at 0.0.0.0/33149] WARN  server.ServerUtils (ServerUtils.java:getDBPath(225)) - ozone.om.db.dirs is not configured. We recommend adding this setting. Falling back to ozone.metadata.dirs instead.
2020-06-06 05:43:15,275 [Listener at 0.0.0.0/33149] WARN  server.ServerUtils (ServerUtils.java:getDBPath(225)) - ozone.om.db.dirs is not configured. We recommend adding this setting. Falling back to ozone.metadata.dirs instead.
2020-06-06 05:43:15,401 [Listener at 0.0.0.0/33149] INFO  ipc.CallQueueManager (CallQueueManager.java:<init>(84)) - Using callQueue: class java.util.concurrent.LinkedBlockingQueue, queueCapacity: 2000, scheduler: class org.apache.hadoop.ipc.DefaultRpcScheduler, ipcBackoff: false.
2020-06-06 05:43:15,404 [Socket Reader #1 for port 0] INFO  ipc.Server (Server.java:run(1219)) - Starting Socket Reader #1 for port 0
2020-06-06 05:43:15,432 [Listener at 127.0.0.1/33409] INFO  impl.MetricsSystemImpl (MetricsSystemImpl.java:init(158)) - OzoneManager metrics system started (again)
2020-06-06 05:43:15,433 [Listener at 127.0.0.1/33409] INFO  om.OzoneManager (OzoneManager.java:start(1099)) - OzoneManager RPC server is listening at localhost/127.0.0.1:33409
2020-06-06 05:43:15,456 [IPC Server Responder] INFO  ipc.Server (Server.java:run(1460)) - IPC Server Responder: starting
2020-06-06 05:43:15,462 [IPC Server listener on 0] INFO  ipc.Server (Server.java:run(1298)) - IPC Server listener on 0: starting
2020-06-06 05:43:15,481 [Listener at 127.0.0.1/33409] INFO  http.BaseHttpServer (BaseHttpServer.java:newHttpServer2BuilderForOzone(205)) - Starting Web-server for ozoneManager at: http://0.0.0.0:0
2020-06-06 05:43:15,481 [Listener at 127.0.0.1/33409] INFO  http.BaseHttpServer (BaseHttpServer.java:<init>(106)) - Hadoop Security Enabled: false Ozone Security Enabled: false Ozone HTTP Security Enabled: false 
2020-06-06 05:43:15,482 [Listener at 127.0.0.1/33409] INFO  server.AuthenticationFilter (AuthenticationFilter.java:constructSecretProvider(240)) - Unable to initialize FileSignerSecretProvider, falling back to use random secrets.
2020-06-06 05:43:15,484 [Listener at 127.0.0.1/33409] WARN  http.HttpRequestLog (HttpRequestLog.java:getRequestLog(103)) - Jetty request log can only be enabled using Log4j
2020-06-06 05:43:15,485 [Listener at 127.0.0.1/33409] INFO  http.HttpServer2 (HttpServer2.java:addGlobalFilter(993)) - Added global filter 'safety' (class=org.apache.hadoop.hdds.server.http.HttpServer2$QuotingInputFilter)
2020-06-06 05:43:15,486 [Listener at 127.0.0.1/33409] INFO  http.HttpServer2 (HttpServer2.java:addFilter(969)) - Added filter authentication (class=org.apache.hadoop.security.authentication.server.AuthenticationFilter) to context ozoneManager
2020-06-06 05:43:15,486 [Listener at 127.0.0.1/33409] INFO  http.HttpServer2 (HttpServer2.java:addFilter(977)) - Added filter authentication (class=org.apache.hadoop.security.authentication.server.AuthenticationFilter) to context logs
2020-06-06 05:43:15,486 [Listener at 127.0.0.1/33409] INFO  http.HttpServer2 (HttpServer2.java:addFilter(977)) - Added filter authentication (class=org.apache.hadoop.security.authentication.server.AuthenticationFilter) to context static
2020-06-06 05:43:15,489 [Listener at 127.0.0.1/33409] INFO  http.HttpServer2 (HttpServer2.java:bindListener(1211)) - Jetty bound to port 43039
2020-06-06 05:43:15,489 [Listener at 127.0.0.1/33409] INFO  server.Server (Server.java:doStart(359)) - jetty-9.4.26.v20200117; built: 2020-01-17T12:35:33.676Z; git: 7b38981d25d14afb4a12ff1f2596756144edf695; jvm 1.8.0_232-b09
2020-06-06 05:43:15,505 [Listener at 127.0.0.1/33409] INFO  server.session (DefaultSessionIdManager.java:doStart(333)) - DefaultSessionIdManager workerName=node0
2020-06-06 05:43:15,506 [Listener at 127.0.0.1/33409] INFO  server.session (DefaultSessionIdManager.java:doStart(338)) - No SessionScavenger set, using defaults
2020-06-06 05:43:15,506 [Listener at 127.0.0.1/33409] INFO  server.session (HouseKeeper.java:startScavenging(140)) - node0 Scavenging every 660000ms
2020-06-06 05:43:15,507 [Listener at 127.0.0.1/33409] INFO  server.AuthenticationFilter (AuthenticationFilter.java:constructSecretProvider(240)) - Unable to initialize FileSignerSecretProvider, falling back to use random secrets.
2020-06-06 05:43:15,508 [Listener at 127.0.0.1/33409] INFO  handler.ContextHandler (ContextHandler.java:doStart(825)) - Started o.e.j.s.ServletContextHandler@417751d3{logs,/logs,file:///github/workspace/mnt/ozone/hadoop-ozone/integration-test/target/log,AVAILABLE}
2020-06-06 05:43:15,508 [Listener at 127.0.0.1/33409] INFO  handler.ContextHandler (ContextHandler.java:doStart(825)) - Started o.e.j.s.ServletContextHandler@8c3b634{static,/static,file:///github/workspace/mnt/ozone/hadoop-ozone/integration-test/target/test-classes/webapps/static,AVAILABLE}
2020-06-06 05:43:15,514 [Listener at 127.0.0.1/33409] INFO  handler.ContextHandler (ContextHandler.java:doStart(825)) - Started o.e.j.w.WebAppContext@69a3bf40{ozoneManager,/,file:///github/workspace/mnt/ozone/hadoop-ozone/integration-test/target/test-classes/webapps/ozoneManager/,AVAILABLE}{file:/github/workspace/mnt/ozone/hadoop-ozone/integration-test/target/test-classes/webapps/ozoneManager}
2020-06-06 05:43:15,516 [Listener at 127.0.0.1/33409] INFO  server.AbstractConnector (AbstractConnector.java:doStart(330)) - Started ServerConnector@1ee22768{HTTP/1.1,[http/1.1]}{0.0.0.0:43039}
2020-06-06 05:43:15,516 [Listener at 127.0.0.1/33409] INFO  server.Server (Server.java:doStart(399)) - Started @4148ms
2020-06-06 05:43:15,516 [Listener at 127.0.0.1/33409] WARN  impl.MetricsSystemImpl (MetricsSystemImpl.java:register(276)) - Sink prometheus already exists!
2020-06-06 05:43:15,518 [Listener at 127.0.0.1/33409] INFO  http.BaseHttpServer (BaseHttpServer.java:updateConnectorAddress(325)) - HTTP server of ozoneManager listening at http://0.0.0.0:43039
2020-06-06 05:43:15,528 [org.apache.hadoop.util.JvmPauseMonitor$Monitor@5bb3dee7] INFO  util.JvmPauseMonitor (JvmPauseMonitor.java:run(188)) - Starting JVM pause monitor
2020-06-06 05:43:15,629 [Listener at 127.0.0.1/33409] INFO  metrics.MetricRegistries (MetricRegistriesLoader.java:load(64)) - Loaded MetricRegistries class org.apache.ratis.metrics.impl.MetricRegistriesImpl
2020-06-06 05:43:15,630 [Listener at 127.0.0.1/33409] INFO  impl.MetricsSystemImpl (MetricsSystemImpl.java:init(158)) - HddsDatanode metrics system started (again)
2020-06-06 05:43:15,634 [Listener at 127.0.0.1/33409] INFO  ozone.HddsDatanodeService (HddsDatanodeService.java:start(205)) - HddsDatanodeService host:04ab1dbc0cb6 ip:172.17.0.2
2020-06-06 05:43:15,687 [Listener at 127.0.0.1/33409] INFO  volume.HddsVolume (HddsVolume.java:<init>(176)) - Creating Volume: /github/workspace/mnt/ozone/hadoop-ozone/integration-test/target/test-dir/MiniOzoneClusterImpl-498c920e-3839-4903-94df-b28741763660/datanode-0/data-0/containers/hdds of storage type : DISK and capacity : 9223372036854775807
2020-06-06 05:43:15,693 [Listener at 127.0.0.1/33409] INFO  volume.MutableVolumeSet (MutableVolumeSet.java:initializeVolumeSet(181)) - Added Volume : /github/workspace/mnt/ozone/hadoop-ozone/integration-test/target/test-dir/MiniOzoneClusterImpl-498c920e-3839-4903-94df-b28741763660/datanode-0/data-0/containers/hdds to VolumeSet
2020-06-06 05:43:15,694 [Listener at 127.0.0.1/33409] INFO  volume.ThrottledAsyncChecker (ThrottledAsyncChecker.java:schedule(141)) - Scheduling a check for /github/workspace/mnt/ozone/hadoop-ozone/integration-test/target/test-dir/MiniOzoneClusterImpl-498c920e-3839-4903-94df-b28741763660/datanode-0/data-0/containers/hdds
2020-06-06 05:43:15,712 [Listener at 127.0.0.1/33409] INFO  volume.HddsVolumeChecker (HddsVolumeChecker.java:checkAllVolumes(200)) - Scheduled health check for volume /github/workspace/mnt/ozone/hadoop-ozone/integration-test/target/test-dir/MiniOzoneClusterImpl-498c920e-3839-4903-94df-b28741763660/datanode-0/data-0/containers/hdds
2020-06-06 05:43:15,865 [Listener at 127.0.0.1/33409] INFO  impl.RaftServerProxy (ConfUtils.java:logGet(44)) - raft.rpc.type = GRPC (default)
2020-06-06 05:43:15,940 [Listener at 127.0.0.1/33409] INFO  grpc.GrpcFactory (GrpcFactory.java:checkPooledByteBufAllocatorUseCacheForAllThreads(45)) - PERFORMANCE WARNING: useCacheForAllThreads is true that may cause Netty to create a lot garbage objects and, as a result, trigger GC.
	It is recommended to disable useCacheForAllThreads by setting -Dorg.apache.ratis.thirdparty.io.netty.allocator.useCacheForAllThreads=false in command line.
2020-06-06 05:43:15,947 [Listener at 127.0.0.1/33409] INFO  grpc.GrpcConfigKeys (ConfUtils.java:logGet(44)) - raft.grpc.server.port = 0 (default)
2020-06-06 05:43:15,948 [Listener at 127.0.0.1/33409] INFO  server.GrpcService (ConfUtils.java:logGet(44)) - raft.grpc.message.size.max = 32MB (=33554432) (custom)
2020-06-06 05:43:15,950 [Listener at 127.0.0.1/33409] INFO  server.RaftServerConfigKeys (ConfUtils.java:logGet(44)) - raft.server.log.appender.buffer.byte-limit = 33554432 (custom)
2020-06-06 05:43:15,951 [Listener at 127.0.0.1/33409] INFO  server.GrpcService (ConfUtils.java:logGet(44)) - raft.grpc.flow.control.window = 5MB (=5242880) (custom)
2020-06-06 05:43:15,951 [Listener at 127.0.0.1/33409] INFO  server.RaftServerConfigKeys (ConfUtils.java:logGet(44)) - raft.server.rpc.request.timeout = 60s (custom)
2020-06-06 05:43:16,174 [Listener at 127.0.0.1/33409] INFO  server.RaftServerConfigKeys (ConfUtils.java:logGet(44)) - raft.server.storage.dir = [/github/workspace/mnt/ozone/hadoop-ozone/integration-test/target/test-dir/MiniOzoneClusterImpl-498c920e-3839-4903-94df-b28741763660/datanode-0/data/ratis] (custom)
2020-06-06 05:43:16,248 [Listener at 127.0.0.1/33409] INFO  http.BaseHttpServer (BaseHttpServer.java:newHttpServer2BuilderForOzone(205)) - Starting Web-server for hddsDatanode at: http://0.0.0.0:0
2020-06-06 05:43:16,248 [Listener at 127.0.0.1/33409] INFO  http.BaseHttpServer (BaseHttpServer.java:<init>(106)) - Hadoop Security Enabled: false Ozone Security Enabled: false Ozone HTTP Security Enabled: false 
2020-06-06 05:43:16,250 [Listener at 127.0.0.1/33409] INFO  server.AuthenticationFilter (AuthenticationFilter.java:constructSecretProvider(240)) - Unable to initialize FileSignerSecretProvider, falling back to use random secrets.
2020-06-06 05:43:16,250 [Listener at 127.0.0.1/33409] WARN  http.HttpRequestLog (HttpRequestLog.java:getRequestLog(103)) - Jetty request log can only be enabled using Log4j
2020-06-06 05:43:16,251 [Listener at 127.0.0.1/33409] INFO  http.HttpServer2 (HttpServer2.java:addGlobalFilter(993)) - Added global filter 'safety' (class=org.apache.hadoop.hdds.server.http.HttpServer2$QuotingInputFilter)
2020-06-06 05:43:16,252 [Listener at 127.0.0.1/33409] INFO  http.HttpServer2 (HttpServer2.java:addFilter(969)) - Added filter authentication (class=org.apache.hadoop.security.authentication.server.AuthenticationFilter) to context hddsDatanode
2020-06-06 05:43:16,252 [Listener at 127.0.0.1/33409] INFO  http.HttpServer2 (HttpServer2.java:addFilter(977)) - Added filter authentication (class=org.apache.hadoop.security.authentication.server.AuthenticationFilter) to context static
2020-06-06 05:43:16,252 [Listener at 127.0.0.1/33409] INFO  http.HttpServer2 (HttpServer2.java:addFilter(977)) - Added filter authentication (class=org.apache.hadoop.security.authentication.server.AuthenticationFilter) to context logs
2020-06-06 05:43:16,253 [Listener at 127.0.0.1/33409] INFO  http.HttpServer2 (HttpServer2.java:bindListener(1211)) - Jetty bound to port 46757
2020-06-06 05:43:16,253 [Listener at 127.0.0.1/33409] INFO  server.Server (Server.java:doStart(359)) - jetty-9.4.26.v20200117; built: 2020-01-17T12:35:33.676Z; git: 7b38981d25d14afb4a12ff1f2596756144edf695; jvm 1.8.0_232-b09
2020-06-06 05:43:16,273 [Listener at 127.0.0.1/33409] INFO  server.session (DefaultSessionIdManager.java:doStart(333)) - DefaultSessionIdManager workerName=node0
2020-06-06 05:43:16,273 [Listener at 127.0.0.1/33409] INFO  server.session (DefaultSessionIdManager.java:doStart(338)) - No SessionScavenger set, using defaults
2020-06-06 05:43:16,273 [Listener at 127.0.0.1/33409] INFO  server.session (HouseKeeper.java:startScavenging(140)) - node0 Scavenging every 600000ms
2020-06-06 05:43:16,276 [Listener at 127.0.0.1/33409] INFO  server.AuthenticationFilter (AuthenticationFilter.java:constructSecretProvider(240)) - Unable to initialize FileSignerSecretProvider, falling back to use random secrets.
2020-06-06 05:43:16,276 [Listener at 127.0.0.1/33409] INFO  handler.ContextHandler (ContextHandler.java:doStart(825)) - Started o.e.j.s.ServletContextHandler@2643caa6{logs,/logs,file:///github/workspace/mnt/ozone/hadoop-ozone/integration-test/target/log,AVAILABLE}
2020-06-06 05:43:16,277 [Listener at 127.0.0.1/33409] INFO  handler.ContextHandler (ContextHandler.java:doStart(825)) - Started o.e.j.s.ServletContextHandler@307eb95f{static,/static,jar:file:/home/user/.m2/repository/org/apache/hadoop/hadoop-hdds-container-service/0.6.0-SNAPSHOT/hadoop-hdds-container-service-0.6.0-SNAPSHOT.jar!/webapps/static,AVAILABLE}
2020-06-06 05:43:16,295 [Listener at 127.0.0.1/33409] INFO  handler.ContextHandler (ContextHandler.java:doStart(825)) - Started o.e.j.w.WebAppContext@62109320{hddsDatanode,/,file:///tmp/jetty-0_0_0_0-46757-hadoop-hdds-container-service-0_6_0-SNAPSHOT_jar-_-any-2451405548048594363.dir/webapp/,AVAILABLE}{jar:file:/home/user/.m2/repository/org/apache/hadoop/hadoop-hdds-container-service/0.6.0-SNAPSHOT/hadoop-hdds-container-service-0.6.0-SNAPSHOT.jar!/webapps/hddsDatanode}
2020-06-06 05:43:16,297 [Listener at 127.0.0.1/33409] INFO  server.AbstractConnector (AbstractConnector.java:doStart(330)) - Started ServerConnector@63e54c66{HTTP/1.1,[http/1.1]}{0.0.0.0:46757}
2020-06-06 05:43:16,298 [Listener at 127.0.0.1/33409] INFO  server.Server (Server.java:doStart(399)) - Started @4929ms
2020-06-06 05:43:16,298 [Listener at 127.0.0.1/33409] WARN  impl.MetricsSystemImpl (MetricsSystemImpl.java:register(276)) - Sink prometheus already exists!
2020-06-06 05:43:16,301 [Listener at 127.0.0.1/33409] INFO  http.BaseHttpServer (BaseHttpServer.java:updateConnectorAddress(325)) - HTTP server of hddsDatanode listening at http://0.0.0.0:46757
2020-06-06 05:43:16,308 [Listener at 127.0.0.1/33409] INFO  impl.MetricsSystemImpl (MetricsSystemImpl.java:init(158)) - HddsDatanode metrics system started (again)
2020-06-06 05:43:16,317 [Listener at 127.0.0.1/33409] INFO  ozone.HddsDatanodeService (HddsDatanodeService.java:start(205)) - HddsDatanodeService host:04ab1dbc0cb6 ip:172.17.0.2
2020-06-06 05:43:16,340 [org.apache.hadoop.util.JvmPauseMonitor$Monitor@4afcdc9e] INFO  util.JvmPauseMonitor (JvmPauseMonitor.java:run(188)) - Starting JVM pause monitor
2020-06-06 05:43:16,345 [Listener at 127.0.0.1/33409] INFO  volume.HddsVolume (HddsVolume.java:<init>(176)) - Creating Volume: /github/workspace/mnt/ozone/hadoop-ozone/integration-test/target/test-dir/MiniOzoneClusterImpl-498c920e-3839-4903-94df-b28741763660/datanode-1/data-0/containers/hdds of storage type : DISK and capacity : 9223372036854775807
2020-06-06 05:43:16,345 [Listener at 127.0.0.1/33409] INFO  volume.MutableVolumeSet (MutableVolumeSet.java:initializeVolumeSet(181)) - Added Volume : /github/workspace/mnt/ozone/hadoop-ozone/integration-test/target/test-dir/MiniOzoneClusterImpl-498c920e-3839-4903-94df-b28741763660/datanode-1/data-0/containers/hdds to VolumeSet
2020-06-06 05:43:16,346 [Listener at 127.0.0.1/33409] INFO  volume.ThrottledAsyncChecker (ThrottledAsyncChecker.java:schedule(141)) - Scheduling a check for /github/workspace/mnt/ozone/hadoop-ozone/integration-test/target/test-dir/MiniOzoneClusterImpl-498c920e-3839-4903-94df-b28741763660/datanode-1/data-0/containers/hdds
2020-06-06 05:43:16,370 [Listener at 127.0.0.1/33409] INFO  volume.HddsVolumeChecker (HddsVolumeChecker.java:checkAllVolumes(200)) - Scheduled health check for volume /github/workspace/mnt/ozone/hadoop-ozone/integration-test/target/test-dir/MiniOzoneClusterImpl-498c920e-3839-4903-94df-b28741763660/datanode-1/data-0/containers/hdds
2020-06-06 05:43:16,407 [Listener at 127.0.0.1/33409] INFO  impl.RaftServerProxy (ConfUtils.java:logGet(44)) - raft.rpc.type = GRPC (default)
2020-06-06 05:43:16,407 [Listener at 127.0.0.1/33409] INFO  grpc.GrpcFactory (GrpcFactory.java:checkPooledByteBufAllocatorUseCacheForAllThreads(45)) - PERFORMANCE WARNING: useCacheForAllThreads is true that may cause Netty to create a lot garbage objects and, as a result, trigger GC.
	It is recommended to disable useCacheForAllThreads by setting -Dorg.apache.ratis.thirdparty.io.netty.allocator.useCacheForAllThreads=false in command line.
2020-06-06 05:43:16,407 [Listener at 127.0.0.1/33409] INFO  grpc.GrpcConfigKeys (ConfUtils.java:logGet(44)) - raft.grpc.server.port = 0 (default)
2020-06-06 05:43:16,408 [Listener at 127.0.0.1/33409] INFO  server.GrpcService (ConfUtils.java:logGet(44)) - raft.grpc.message.size.max = 32MB (=33554432) (custom)
2020-06-06 05:43:16,408 [Listener at 127.0.0.1/33409] INFO  server.RaftServerConfigKeys (ConfUtils.java:logGet(44)) - raft.server.log.appender.buffer.byte-limit = 33554432 (custom)
2020-06-06 05:43:16,408 [Listener at 127.0.0.1/33409] INFO  server.GrpcService (ConfUtils.java:logGet(44)) - raft.grpc.flow.control.window = 5MB (=5242880) (custom)
2020-06-06 05:43:16,408 [Listener at 127.0.0.1/33409] INFO  server.RaftServerConfigKeys (ConfUtils.java:logGet(44)) - raft.server.rpc.request.timeout = 60s (custom)
2020-06-06 05:43:16,413 [Listener at 127.0.0.1/33409] INFO  server.RaftServerConfigKeys (ConfUtils.java:logGet(44)) - raft.server.storage.dir = [/github/workspace/mnt/ozone/hadoop-ozone/integration-test/target/test-dir/MiniOzoneClusterImpl-498c920e-3839-4903-94df-b28741763660/datanode-1/data/ratis] (custom)
2020-06-06 05:43:16,417 [Listener at 127.0.0.1/33409] INFO  http.BaseHttpServer (BaseHttpServer.java:newHttpServer2BuilderForOzone(205)) - Starting Web-server for hddsDatanode at: http://0.0.0.0:0
2020-06-06 05:43:16,417 [Listener at 127.0.0.1/33409] INFO  http.BaseHttpServer (BaseHttpServer.java:<init>(106)) - Hadoop Security Enabled: false Ozone Security Enabled: false Ozone HTTP Security Enabled: false 
2020-06-06 05:43:16,418 [Listener at 127.0.0.1/33409] INFO  server.AuthenticationFilter (AuthenticationFilter.java:constructSecretProvider(240)) - Unable to initialize FileSignerSecretProvider, falling back to use random secrets.
2020-06-06 05:43:16,424 [Listener at 127.0.0.1/33409] WARN  http.HttpRequestLog (HttpRequestLog.java:getRequestLog(103)) - Jetty request log can only be enabled using Log4j
2020-06-06 05:43:16,425 [Listener at 127.0.0.1/33409] INFO  http.HttpServer2 (HttpServer2.java:addGlobalFilter(993)) - Added global filter 'safety' (class=org.apache.hadoop.hdds.server.http.HttpServer2$QuotingInputFilter)
2020-06-06 05:43:16,426 [Listener at 127.0.0.1/33409] INFO  http.HttpServer2 (HttpServer2.java:addFilter(969)) - Added filter authentication (class=org.apache.hadoop.security.authentication.server.AuthenticationFilter) to context hddsDatanode
2020-06-06 05:43:16,426 [Listener at 127.0.0.1/33409] INFO  http.HttpServer2 (HttpServer2.java:addFilter(977)) - Added filter authentication (class=org.apache.hadoop.security.authentication.server.AuthenticationFilter) to context logs
2020-06-06 05:43:16,427 [Listener at 127.0.0.1/33409] INFO  http.HttpServer2 (HttpServer2.java:addFilter(977)) - Added filter authentication (class=org.apache.hadoop.security.authentication.server.AuthenticationFilter) to context static
2020-06-06 05:43:16,427 [Listener at 127.0.0.1/33409] INFO  http.HttpServer2 (HttpServer2.java:bindListener(1211)) - Jetty bound to port 43887
2020-06-06 05:43:16,427 [Listener at 127.0.0.1/33409] INFO  server.Server (Server.java:doStart(359)) - jetty-9.4.26.v20200117; built: 2020-01-17T12:35:33.676Z; git: 7b38981d25d14afb4a12ff1f2596756144edf695; jvm 1.8.0_232-b09
2020-06-06 05:43:16,467 [Datanode State Machine Thread - 0] INFO  datanode.InitDatanodeState (InitDatanodeState.java:persistContainerDatanodeDetails(145)) - DatanodeDetails is persisted to /github/workspace/mnt/ozone/hadoop-ozone/integration-test/target/test-dir/MiniOzoneClusterImpl-498c920e-3839-4903-94df-b28741763660/datanode-0/meta/datanode.id
2020-06-06 05:43:16,483 [Listener at 127.0.0.1/33409] INFO  server.session (DefaultSessionIdManager.java:doStart(333)) - DefaultSessionIdManager workerName=node0
2020-06-06 05:43:16,483 [Listener at 127.0.0.1/33409] INFO  server.session (DefaultSessionIdManager.java:doStart(338)) - No SessionScavenger set, using defaults
2020-06-06 05:43:16,483 [Listener at 127.0.0.1/33409] INFO  server.session (HouseKeeper.java:startScavenging(140)) - node0 Scavenging every 600000ms
2020-06-06 05:43:16,485 [Listener at 127.0.0.1/33409] INFO  server.AuthenticationFilter (AuthenticationFilter.java:constructSecretProvider(240)) - Unable to initialize FileSignerSecretProvider, falling back to use random secrets.
2020-06-06 05:43:16,488 [Listener at 127.0.0.1/33409] INFO  handler.ContextHandler (ContextHandler.java:doStart(825)) - Started o.e.j.s.ServletContextHandler@457dc809{logs,/logs,file:///github/workspace/mnt/ozone/hadoop-ozone/integration-test/target/log,AVAILABLE}
2020-06-06 05:43:16,489 [Listener at 127.0.0.1/33409] INFO  handler.ContextHandler (ContextHandler.java:doStart(825)) - Started o.e.j.s.ServletContextHandler@3fbf66e7{static,/static,jar:file:/home/user/.m2/repository/org/apache/hadoop/hadoop-hdds-container-service/0.6.0-SNAPSHOT/hadoop-hdds-container-service-0.6.0-SNAPSHOT.jar!/webapps/static,AVAILABLE}
2020-06-06 05:43:16,506 [Listener at 127.0.0.1/33409] INFO  handler.ContextHandler (ContextHandler.java:doStart(825)) - Started o.e.j.w.WebAppContext@b67b359{hddsDatanode,/,file:///tmp/jetty-0_0_0_0-43887-hadoop-hdds-container-service-0_6_0-SNAPSHOT_jar-_-any-1184819042070405040.dir/webapp/,AVAILABLE}{jar:file:/home/user/.m2/repository/org/apache/hadoop/hadoop-hdds-container-service/0.6.0-SNAPSHOT/hadoop-hdds-container-service-0.6.0-SNAPSHOT.jar!/webapps/hddsDatanode}
2020-06-06 05:43:16,507 [Listener at 127.0.0.1/33409] INFO  server.AbstractConnector (AbstractConnector.java:doStart(330)) - Started ServerConnector@70d24586{HTTP/1.1,[http/1.1]}{0.0.0.0:43887}
2020-06-06 05:43:16,507 [Listener at 127.0.0.1/33409] INFO  server.Server (Server.java:doStart(399)) - Started @5139ms
2020-06-06 05:43:16,507 [Listener at 127.0.0.1/33409] WARN  impl.MetricsSystemImpl (MetricsSystemImpl.java:register(276)) - Sink prometheus already exists!
2020-06-06 05:43:16,511 [Listener at 127.0.0.1/33409] INFO  http.BaseHttpServer (BaseHttpServer.java:updateConnectorAddress(325)) - HTTP server of hddsDatanode listening at http://0.0.0.0:43887
2020-06-06 05:43:16,512 [Listener at 127.0.0.1/33409] INFO  impl.MetricsSystemImpl (MetricsSystemImpl.java:init(158)) - HddsDatanode metrics system started (again)
2020-06-06 05:43:16,514 [Listener at 127.0.0.1/33409] INFO  ozone.HddsDatanodeService (HddsDatanodeService.java:start(205)) - HddsDatanodeService host:04ab1dbc0cb6 ip:172.17.0.2
2020-06-06 05:43:16,518 [Listener at 127.0.0.1/33409] INFO  volume.HddsVolume (HddsVolume.java:<init>(176)) - Creating Volume: /github/workspace/mnt/ozone/hadoop-ozone/integration-test/target/test-dir/MiniOzoneClusterImpl-498c920e-3839-4903-94df-b28741763660/datanode-2/data-0/containers/hdds of storage type : DISK and capacity : 9223372036854775807
2020-06-06 05:43:16,518 [Listener at 127.0.0.1/33409] INFO  volume.MutableVolumeSet (MutableVolumeSet.java:initializeVolumeSet(181)) - Added Volume : /github/workspace/mnt/ozone/hadoop-ozone/integration-test/target/test-dir/MiniOzoneClusterImpl-498c920e-3839-4903-94df-b28741763660/datanode-2/data-0/containers/hdds to VolumeSet
2020-06-06 05:43:16,519 [Listener at 127.0.0.1/33409] INFO  volume.ThrottledAsyncChecker (ThrottledAsyncChecker.java:schedule(141)) - Scheduling a check for /github/workspace/mnt/ozone/hadoop-ozone/integration-test/target/test-dir/MiniOzoneClusterImpl-498c920e-3839-4903-94df-b28741763660/datanode-2/data-0/containers/hdds
2020-06-06 05:43:16,520 [Listener at 127.0.0.1/33409] INFO  volume.HddsVolumeChecker (HddsVolumeChecker.java:checkAllVolumes(200)) - Scheduled health check for volume /github/workspace/mnt/ozone/hadoop-ozone/integration-test/target/test-dir/MiniOzoneClusterImpl-498c920e-3839-4903-94df-b28741763660/datanode-2/data-0/containers/hdds
2020-06-06 05:43:16,526 [org.apache.hadoop.util.JvmPauseMonitor$Monitor@59354fbf] INFO  util.JvmPauseMonitor (JvmPauseMonitor.java:run(188)) - Starting JVM pause monitor
2020-06-06 05:43:16,551 [Datanode State Machine Thread - 0] INFO  datanode.InitDatanodeState (InitDatanodeState.java:persistContainerDatanodeDetails(145)) - DatanodeDetails is persisted to /github/workspace/mnt/ozone/hadoop-ozone/integration-test/target/test-dir/MiniOzoneClusterImpl-498c920e-3839-4903-94df-b28741763660/datanode-1/meta/datanode.id
2020-06-06 05:43:16,565 [Listener at 127.0.0.1/33409] INFO  impl.RaftServerProxy (ConfUtils.java:logGet(44)) - raft.rpc.type = GRPC (default)
2020-06-06 05:43:16,566 [Listener at 127.0.0.1/33409] INFO  grpc.GrpcFactory (GrpcFactory.java:checkPooledByteBufAllocatorUseCacheForAllThreads(45)) - PERFORMANCE WARNING: useCacheForAllThreads is true that may cause Netty to create a lot garbage objects and, as a result, trigger GC.
	It is recommended to disable useCacheForAllThreads by setting -Dorg.apache.ratis.thirdparty.io.netty.allocator.useCacheForAllThreads=false in command line.
2020-06-06 05:43:16,566 [Listener at 127.0.0.1/33409] INFO  grpc.GrpcConfigKeys (ConfUtils.java:logGet(44)) - raft.grpc.server.port = 0 (default)
2020-06-06 05:43:16,566 [Listener at 127.0.0.1/33409] INFO  server.GrpcService (ConfUtils.java:logGet(44)) - raft.grpc.message.size.max = 32MB (=33554432) (custom)
2020-06-06 05:43:16,566 [Listener at 127.0.0.1/33409] INFO  server.RaftServerConfigKeys (ConfUtils.java:logGet(44)) - raft.server.log.appender.buffer.byte-limit = 33554432 (custom)
2020-06-06 05:43:16,566 [Listener at 127.0.0.1/33409] INFO  server.GrpcService (ConfUtils.java:logGet(44)) - raft.grpc.flow.control.window = 5MB (=5242880) (custom)
2020-06-06 05:43:16,567 [Listener at 127.0.0.1/33409] INFO  server.RaftServerConfigKeys (ConfUtils.java:logGet(44)) - raft.server.rpc.request.timeout = 60s (custom)
2020-06-06 05:43:16,568 [Listener at 127.0.0.1/33409] INFO  server.RaftServerConfigKeys (ConfUtils.java:logGet(44)) - raft.server.storage.dir = [/github/workspace/mnt/ozone/hadoop-ozone/integration-test/target/test-dir/MiniOzoneClusterImpl-498c920e-3839-4903-94df-b28741763660/datanode-2/data/ratis] (custom)
2020-06-06 05:43:16,571 [Listener at 127.0.0.1/33409] INFO  http.BaseHttpServer (BaseHttpServer.java:newHttpServer2BuilderForOzone(205)) - Starting Web-server for hddsDatanode at: http://0.0.0.0:0
2020-06-06 05:43:16,572 [Listener at 127.0.0.1/33409] INFO  http.BaseHttpServer (BaseHttpServer.java:<init>(106)) - Hadoop Security Enabled: false Ozone Security Enabled: false Ozone HTTP Security Enabled: false 
2020-06-06 05:43:16,573 [Listener at 127.0.0.1/33409] INFO  server.AuthenticationFilter (AuthenticationFilter.java:constructSecretProvider(240)) - Unable to initialize FileSignerSecretProvider, falling back to use random secrets.
2020-06-06 05:43:16,574 [Listener at 127.0.0.1/33409] WARN  http.HttpRequestLog (HttpRequestLog.java:getRequestLog(103)) - Jetty request log can only be enabled using Log4j
2020-06-06 05:43:16,574 [Listener at 127.0.0.1/33409] INFO  http.HttpServer2 (HttpServer2.java:addGlobalFilter(993)) - Added global filter 'safety' (class=org.apache.hadoop.hdds.server.http.HttpServer2$QuotingInputFilter)
2020-06-06 05:43:16,575 [Listener at 127.0.0.1/33409] INFO  http.HttpServer2 (HttpServer2.java:addFilter(969)) - Added filter authentication (class=org.apache.hadoop.security.authentication.server.AuthenticationFilter) to context hddsDatanode
2020-06-06 05:43:16,575 [Listener at 127.0.0.1/33409] INFO  http.HttpServer2 (HttpServer2.java:addFilter(977)) - Added filter authentication (class=org.apache.hadoop.security.authentication.server.AuthenticationFilter) to context logs
2020-06-06 05:43:16,575 [Listener at 127.0.0.1/33409] INFO  http.HttpServer2 (HttpServer2.java:addFilter(977)) - Added filter authentication (class=org.apache.hadoop.security.authentication.server.AuthenticationFilter) to context static
2020-06-06 05:43:16,576 [Listener at 127.0.0.1/33409] INFO  http.HttpServer2 (HttpServer2.java:bindListener(1211)) - Jetty bound to port 37247
2020-06-06 05:43:16,576 [Listener at 127.0.0.1/33409] INFO  server.Server (Server.java:doStart(359)) - jetty-9.4.26.v20200117; built: 2020-01-17T12:35:33.676Z; git: 7b38981d25d14afb4a12ff1f2596756144edf695; jvm 1.8.0_232-b09
2020-06-06 05:43:16,578 [Listener at 127.0.0.1/33409] INFO  server.session (DefaultSessionIdManager.java:doStart(333)) - DefaultSessionIdManager workerName=node0
2020-06-06 05:43:16,578 [Listener at 127.0.0.1/33409] INFO  server.session (DefaultSessionIdManager.java:doStart(338)) - No SessionScavenger set, using defaults
2020-06-06 05:43:16,578 [Listener at 127.0.0.1/33409] INFO  server.session (HouseKeeper.java:startScavenging(140)) - node0 Scavenging every 660000ms
2020-06-06 05:43:16,579 [Listener at 127.0.0.1/33409] INFO  server.AuthenticationFilter (AuthenticationFilter.java:constructSecretProvider(240)) - Unable to initialize FileSignerSecretProvider, falling back to use random secrets.
2020-06-06 05:43:16,579 [Listener at 127.0.0.1/33409] INFO  handler.ContextHandler (ContextHandler.java:doStart(825)) - Started o.e.j.s.ServletContextHandler@53b60595{logs,/logs,file:///github/workspace/mnt/ozone/hadoop-ozone/integration-test/target/log,AVAILABLE}
2020-06-06 05:43:16,580 [Listener at 127.0.0.1/33409] INFO  handler.ContextHandler (ContextHandler.java:doStart(825)) - Started o.e.j.s.ServletContextHandler@7d7d7b1a{static,/static,jar:file:/home/user/.m2/repository/org/apache/hadoop/hadoop-hdds-container-service/0.6.0-SNAPSHOT/hadoop-hdds-container-service-0.6.0-SNAPSHOT.jar!/webapps/static,AVAILABLE}
2020-06-06 05:43:16,596 [Listener at 127.0.0.1/33409] INFO  handler.ContextHandler (ContextHandler.java:doStart(825)) - Started o.e.j.w.WebAppContext@17a89cb1{hddsDatanode,/,file:///tmp/jetty-0_0_0_0-37247-hadoop-hdds-container-service-0_6_0-SNAPSHOT_jar-_-any-6278591072710042075.dir/webapp/,AVAILABLE}{jar:file:/home/user/.m2/repository/org/apache/hadoop/hadoop-hdds-container-service/0.6.0-SNAPSHOT/hadoop-hdds-container-service-0.6.0-SNAPSHOT.jar!/webapps/hddsDatanode}
2020-06-06 05:43:16,598 [Listener at 127.0.0.1/33409] INFO  server.AbstractConnector (AbstractConnector.java:doStart(330)) - Started ServerConnector@1cbb394b{HTTP/1.1,[http/1.1]}{0.0.0.0:37247}
2020-06-06 05:43:16,598 [Listener at 127.0.0.1/33409] INFO  server.Server (Server.java:doStart(399)) - Started @5229ms
2020-06-06 05:43:16,598 [Listener at 127.0.0.1/33409] WARN  impl.MetricsSystemImpl (MetricsSystemImpl.java:register(276)) - Sink prometheus already exists!
2020-06-06 05:43:16,600 [Listener at 127.0.0.1/33409] INFO  http.BaseHttpServer (BaseHttpServer.java:updateConnectorAddress(325)) - HTTP server of hddsDatanode listening at http://0.0.0.0:37247
2020-06-06 05:43:16,604 [Listener at 127.0.0.1/33409] INFO  impl.MetricsSystemImpl (MetricsSystemImpl.java:init(158)) - HddsDatanode metrics system started (again)
2020-06-06 05:43:16,605 [Listener at 127.0.0.1/33409] INFO  ozone.HddsDatanodeService (HddsDatanodeService.java:start(205)) - HddsDatanodeService host:04ab1dbc0cb6 ip:172.17.0.2
2020-06-06 05:43:16,609 [Listener at 127.0.0.1/33409] INFO  volume.HddsVolume (HddsVolume.java:<init>(176)) - Creating Volume: /github/workspace/mnt/ozone/hadoop-ozone/integration-test/target/test-dir/MiniOzoneClusterImpl-498c920e-3839-4903-94df-b28741763660/datanode-3/data-0/containers/hdds of storage type : DISK and capacity : 9223372036854775807
2020-06-06 05:43:16,609 [Listener at 127.0.0.1/33409] INFO  volume.MutableVolumeSet (MutableVolumeSet.java:initializeVolumeSet(181)) - Added Volume : /github/workspace/mnt/ozone/hadoop-ozone/integration-test/target/test-dir/MiniOzoneClusterImpl-498c920e-3839-4903-94df-b28741763660/datanode-3/data-0/containers/hdds to VolumeSet
2020-06-06 05:43:16,609 [Listener at 127.0.0.1/33409] INFO  volume.ThrottledAsyncChecker (ThrottledAsyncChecker.java:schedule(141)) - Scheduling a check for /github/workspace/mnt/ozone/hadoop-ozone/integration-test/target/test-dir/MiniOzoneClusterImpl-498c920e-3839-4903-94df-b28741763660/datanode-3/data-0/containers/hdds
2020-06-06 05:43:16,628 [org.apache.hadoop.util.JvmPauseMonitor$Monitor@428bff38] INFO  util.JvmPauseMonitor (JvmPauseMonitor.java:run(188)) - Starting JVM pause monitor
2020-06-06 05:43:16,630 [Datanode State Machine Thread - 0] INFO  datanode.InitDatanodeState (InitDatanodeState.java:persistContainerDatanodeDetails(145)) - DatanodeDetails is persisted to /github/workspace/mnt/ozone/hadoop-ozone/integration-test/target/test-dir/MiniOzoneClusterImpl-498c920e-3839-4903-94df-b28741763660/datanode-2/meta/datanode.id
2020-06-06 05:43:16,630 [Listener at 127.0.0.1/33409] INFO  volume.HddsVolumeChecker (HddsVolumeChecker.java:checkAllVolumes(200)) - Scheduled health check for volume /github/workspace/mnt/ozone/hadoop-ozone/integration-test/target/test-dir/MiniOzoneClusterImpl-498c920e-3839-4903-94df-b28741763660/datanode-3/data-0/containers/hdds
2020-06-06 05:43:16,648 [Listener at 127.0.0.1/33409] INFO  impl.RaftServerProxy (ConfUtils.java:logGet(44)) - raft.rpc.type = GRPC (default)
2020-06-06 05:43:16,648 [Listener at 127.0.0.1/33409] INFO  grpc.GrpcFactory (GrpcFactory.java:checkPooledByteBufAllocatorUseCacheForAllThreads(45)) - PERFORMANCE WARNING: useCacheForAllThreads is true that may cause Netty to create a lot garbage objects and, as a result, trigger GC.
	It is recommended to disable useCacheForAllThreads by setting -Dorg.apache.ratis.thirdparty.io.netty.allocator.useCacheForAllThreads=false in command line.
2020-06-06 05:43:16,648 [Listener at 127.0.0.1/33409] INFO  grpc.GrpcConfigKeys (ConfUtils.java:logGet(44)) - raft.grpc.server.port = 0 (default)
2020-06-06 05:43:16,648 [Listener at 127.0.0.1/33409] INFO  server.GrpcService (ConfUtils.java:logGet(44)) - raft.grpc.message.size.max = 32MB (=33554432) (custom)
2020-06-06 05:43:16,649 [Listener at 127.0.0.1/33409] INFO  server.RaftServerConfigKeys (ConfUtils.java:logGet(44)) - raft.server.log.appender.buffer.byte-limit = 33554432 (custom)
2020-06-06 05:43:16,649 [Listener at 127.0.0.1/33409] INFO  server.GrpcService (ConfUtils.java:logGet(44)) - raft.grpc.flow.control.window = 5MB (=5242880) (custom)
2020-06-06 05:43:16,649 [Listener at 127.0.0.1/33409] INFO  server.RaftServerConfigKeys (ConfUtils.java:logGet(44)) - raft.server.rpc.request.timeout = 60s (custom)
2020-06-06 05:43:16,650 [Listener at 127.0.0.1/33409] INFO  server.RaftServerConfigKeys (ConfUtils.java:logGet(44)) - raft.server.storage.dir = [/github/workspace/mnt/ozone/hadoop-ozone/integration-test/target/test-dir/MiniOzoneClusterImpl-498c920e-3839-4903-94df-b28741763660/datanode-3/data/ratis] (custom)
2020-06-06 05:43:16,654 [Listener at 127.0.0.1/33409] INFO  http.BaseHttpServer (BaseHttpServer.java:newHttpServer2BuilderForOzone(205)) - Starting Web-server for hddsDatanode at: http://0.0.0.0:0
2020-06-06 05:43:16,654 [Listener at 127.0.0.1/33409] INFO  http.BaseHttpServer (BaseHttpServer.java:<init>(106)) - Hadoop Security Enabled: false Ozone Security Enabled: false Ozone HTTP Security Enabled: false 
2020-06-06 05:43:16,655 [Listener at 127.0.0.1/33409] INFO  server.AuthenticationFilter (AuthenticationFilter.java:constructSecretProvider(240)) - Unable to initialize FileSignerSecretProvider, falling back to use random secrets.
2020-06-06 05:43:16,660 [Listener at 127.0.0.1/33409] WARN  http.HttpRequestLog (HttpRequestLog.java:getRequestLog(103)) - Jetty request log can only be enabled using Log4j
2020-06-06 05:43:16,661 [Listener at 127.0.0.1/33409] INFO  http.HttpServer2 (HttpServer2.java:addGlobalFilter(993)) - Added global filter 'safety' (class=org.apache.hadoop.hdds.server.http.HttpServer2$QuotingInputFilter)
2020-06-06 05:43:16,662 [Listener at 127.0.0.1/33409] INFO  http.HttpServer2 (HttpServer2.java:addFilter(969)) - Added filter authentication (class=org.apache.hadoop.security.authentication.server.AuthenticationFilter) to context hddsDatanode
2020-06-06 05:43:16,662 [Listener at 127.0.0.1/33409] INFO  http.HttpServer2 (HttpServer2.java:addFilter(977)) - Added filter authentication (class=org.apache.hadoop.security.authentication.server.AuthenticationFilter) to context logs
2020-06-06 05:43:16,662 [Listener at 127.0.0.1/33409] INFO  http.HttpServer2 (HttpServer2.java:addFilter(977)) - Added filter authentication (class=org.apache.hadoop.security.authentication.server.AuthenticationFilter) to context static
2020-06-06 05:43:16,663 [Listener at 127.0.0.1/33409] INFO  http.HttpServer2 (HttpServer2.java:bindListener(1211)) - Jetty bound to port 45651
2020-06-06 05:43:16,663 [Listener at 127.0.0.1/33409] INFO  server.Server (Server.java:doStart(359)) - jetty-9.4.26.v20200117; built: 2020-01-17T12:35:33.676Z; git: 7b38981d25d14afb4a12ff1f2596756144edf695; jvm 1.8.0_232-b09
2020-06-06 05:43:16,673 [Listener at 127.0.0.1/33409] INFO  server.session (DefaultSessionIdManager.java:doStart(333)) - DefaultSessionIdManager workerName=node0
2020-06-06 05:43:16,674 [Listener at 127.0.0.1/33409] INFO  server.session (DefaultSessionIdManager.java:doStart(338)) - No SessionScavenger set, using defaults
2020-06-06 05:43:16,674 [Listener at 127.0.0.1/33409] INFO  server.session (HouseKeeper.java:startScavenging(140)) - node0 Scavenging every 660000ms
2020-06-06 05:43:16,675 [Listener at 127.0.0.1/33409] INFO  server.AuthenticationFilter (AuthenticationFilter.java:constructSecretProvider(240)) - Unable to initialize FileSignerSecretProvider, falling back to use random secrets.
2020-06-06 05:43:16,675 [Listener at 127.0.0.1/33409] INFO  handler.ContextHandler (ContextHandler.java:doStart(825)) - Started o.e.j.s.ServletContextHandler@5c04685{logs,/logs,file:///github/workspace/mnt/ozone/hadoop-ozone/integration-test/target/log,AVAILABLE}
2020-06-06 05:43:16,676 [Listener at 127.0.0.1/33409] INFO  handler.ContextHandler (ContextHandler.java:doStart(825)) - Started o.e.j.s.ServletContextHandler@5f80b25a{static,/static,jar:file:/home/user/.m2/repository/org/apache/hadoop/hadoop-hdds-container-service/0.6.0-SNAPSHOT/hadoop-hdds-container-service-0.6.0-SNAPSHOT.jar!/webapps/static,AVAILABLE}
2020-06-06 05:43:16,692 [Listener at 127.0.0.1/33409] INFO  handler.ContextHandler (ContextHandler.java:doStart(825)) - Started o.e.j.w.WebAppContext@2aacf54b{hddsDatanode,/,file:///tmp/jetty-0_0_0_0-45651-hadoop-hdds-container-service-0_6_0-SNAPSHOT_jar-_-any-4312176461297020864.dir/webapp/,AVAILABLE}{jar:file:/home/user/.m2/repository/org/apache/hadoop/hadoop-hdds-container-service/0.6.0-SNAPSHOT/hadoop-hdds-container-service-0.6.0-SNAPSHOT.jar!/webapps/hddsDatanode}
2020-06-06 05:43:16,699 [Listener at 127.0.0.1/33409] INFO  server.AbstractConnector (AbstractConnector.java:doStart(330)) - Started ServerConnector@1aee0f49{HTTP/1.1,[http/1.1]}{0.0.0.0:45651}
2020-06-06 05:43:16,699 [Listener at 127.0.0.1/33409] INFO  server.Server (Server.java:doStart(399)) - Started @5331ms
2020-06-06 05:43:16,699 [Listener at 127.0.0.1/33409] WARN  impl.MetricsSystemImpl (MetricsSystemImpl.java:register(276)) - Sink prometheus already exists!
2020-06-06 05:43:16,702 [Listener at 127.0.0.1/33409] INFO  http.BaseHttpServer (BaseHttpServer.java:updateConnectorAddress(325)) - HTTP server of hddsDatanode listening at http://0.0.0.0:45651
2020-06-06 05:43:16,703 [Listener at 127.0.0.1/33409] INFO  impl.MetricsSystemImpl (MetricsSystemImpl.java:init(158)) - HddsDatanode metrics system started (again)
2020-06-06 05:43:16,705 [Listener at 127.0.0.1/33409] INFO  ozone.HddsDatanodeService (HddsDatanodeService.java:start(205)) - HddsDatanodeService host:04ab1dbc0cb6 ip:172.17.0.2
2020-06-06 05:43:16,708 [Listener at 127.0.0.1/33409] INFO  volume.HddsVolume (HddsVolume.java:<init>(176)) - Creating Volume: /github/workspace/mnt/ozone/hadoop-ozone/integration-test/target/test-dir/MiniOzoneClusterImpl-498c920e-3839-4903-94df-b28741763660/datanode-4/data-0/containers/hdds of storage type : DISK and capacity : 9223372036854775807
2020-06-06 05:43:16,708 [Listener at 127.0.0.1/33409] INFO  volume.MutableVolumeSet (MutableVolumeSet.java:initializeVolumeSet(181)) - Added Volume : /github/workspace/mnt/ozone/hadoop-ozone/integration-test/target/test-dir/MiniOzoneClusterImpl-498c920e-3839-4903-94df-b28741763660/datanode-4/data-0/containers/hdds to VolumeSet
2020-06-06 05:43:16,708 [Listener at 127.0.0.1/33409] INFO  volume.ThrottledAsyncChecker (ThrottledAsyncChecker.java:schedule(141)) - Scheduling a check for /github/workspace/mnt/ozone/hadoop-ozone/integration-test/target/test-dir/MiniOzoneClusterImpl-498c920e-3839-4903-94df-b28741763660/datanode-4/data-0/containers/hdds
2020-06-06 05:43:16,709 [Listener at 127.0.0.1/33409] INFO  volume.HddsVolumeChecker (HddsVolumeChecker.java:checkAllVolumes(200)) - Scheduled health check for volume /github/workspace/mnt/ozone/hadoop-ozone/integration-test/target/test-dir/MiniOzoneClusterImpl-498c920e-3839-4903-94df-b28741763660/datanode-4/data-0/containers/hdds
2020-06-06 05:43:16,740 [org.apache.hadoop.util.JvmPauseMonitor$Monitor@7b88de55] INFO  util.JvmPauseMonitor (JvmPauseMonitor.java:run(188)) - Starting JVM pause monitor
2020-06-06 05:43:16,744 [Datanode State Machine Thread - 0] INFO  datanode.InitDatanodeState (InitDatanodeState.java:persistContainerDatanodeDetails(145)) - DatanodeDetails is persisted to /github/workspace/mnt/ozone/hadoop-ozone/integration-test/target/test-dir/MiniOzoneClusterImpl-498c920e-3839-4903-94df-b28741763660/datanode-3/meta/datanode.id
2020-06-06 05:43:16,748 [Listener at 127.0.0.1/33409] INFO  impl.RaftServerProxy (ConfUtils.java:logGet(44)) - raft.rpc.type = GRPC (default)
2020-06-06 05:43:16,748 [Listener at 127.0.0.1/33409] INFO  grpc.GrpcFactory (GrpcFactory.java:checkPooledByteBufAllocatorUseCacheForAllThreads(45)) - PERFORMANCE WARNING: useCacheForAllThreads is true that may cause Netty to create a lot garbage objects and, as a result, trigger GC.
	It is recommended to disable useCacheForAllThreads by setting -Dorg.apache.ratis.thirdparty.io.netty.allocator.useCacheForAllThreads=false in command line.
2020-06-06 05:43:16,748 [Listener at 127.0.0.1/33409] INFO  grpc.GrpcConfigKeys (ConfUtils.java:logGet(44)) - raft.grpc.server.port = 0 (default)
2020-06-06 05:43:16,749 [Listener at 127.0.0.1/33409] INFO  server.GrpcService (ConfUtils.java:logGet(44)) - raft.grpc.message.size.max = 32MB (=33554432) (custom)
2020-06-06 05:43:16,749 [Listener at 127.0.0.1/33409] INFO  server.RaftServerConfigKeys (ConfUtils.java:logGet(44)) - raft.server.log.appender.buffer.byte-limit = 33554432 (custom)
2020-06-06 05:43:16,749 [Listener at 127.0.0.1/33409] INFO  server.GrpcService (ConfUtils.java:logGet(44)) - raft.grpc.flow.control.window = 5MB (=5242880) (custom)
2020-06-06 05:43:16,749 [Listener at 127.0.0.1/33409] INFO  server.RaftServerConfigKeys (ConfUtils.java:logGet(44)) - raft.server.rpc.request.timeout = 60s (custom)
2020-06-06 05:43:16,750 [Listener at 127.0.0.1/33409] INFO  server.RaftServerConfigKeys (ConfUtils.java:logGet(44)) - raft.server.storage.dir = [/github/workspace/mnt/ozone/hadoop-ozone/integration-test/target/test-dir/MiniOzoneClusterImpl-498c920e-3839-4903-94df-b28741763660/datanode-4/data/ratis] (custom)
2020-06-06 05:43:16,754 [Listener at 127.0.0.1/33409] INFO  http.BaseHttpServer (BaseHttpServer.java:newHttpServer2BuilderForOzone(205)) - Starting Web-server for hddsDatanode at: http://0.0.0.0:0
2020-06-06 05:43:16,755 [Listener at 127.0.0.1/33409] INFO  http.BaseHttpServer (BaseHttpServer.java:<init>(106)) - Hadoop Security Enabled: false Ozone Security Enabled: false Ozone HTTP Security Enabled: false 
2020-06-06 05:43:16,761 [Listener at 127.0.0.1/33409] INFO  server.AuthenticationFilter (AuthenticationFilter.java:constructSecretProvider(240)) - Unable to initialize FileSignerSecretProvider, falling back to use random secrets.
2020-06-06 05:43:16,761 [Listener at 127.0.0.1/33409] WARN  http.HttpRequestLog (HttpRequestLog.java:getRequestLog(103)) - Jetty request log can only be enabled using Log4j
2020-06-06 05:43:16,762 [Listener at 127.0.0.1/33409] INFO  http.HttpServer2 (HttpServer2.java:addGlobalFilter(993)) - Added global filter 'safety' (class=org.apache.hadoop.hdds.server.http.HttpServer2$QuotingInputFilter)
2020-06-06 05:43:16,763 [Listener at 127.0.0.1/33409] INFO  http.HttpServer2 (HttpServer2.java:addFilter(969)) - Added filter authentication (class=org.apache.hadoop.security.authentication.server.AuthenticationFilter) to context hddsDatanode
2020-06-06 05:43:16,763 [Listener at 127.0.0.1/33409] INFO  http.HttpServer2 (HttpServer2.java:addFilter(977)) - Added filter authentication (class=org.apache.hadoop.security.authentication.server.AuthenticationFilter) to context logs
2020-06-06 05:43:16,763 [Listener at 127.0.0.1/33409] INFO  http.HttpServer2 (HttpServer2.java:addFilter(977)) - Added filter authentication (class=org.apache.hadoop.security.authentication.server.AuthenticationFilter) to context static
2020-06-06 05:43:16,763 [Listener at 127.0.0.1/33409] INFO  http.HttpServer2 (HttpServer2.java:bindListener(1211)) - Jetty bound to port 33533
2020-06-06 05:43:16,764 [Listener at 127.0.0.1/33409] INFO  server.Server (Server.java:doStart(359)) - jetty-9.4.26.v20200117; built: 2020-01-17T12:35:33.676Z; git: 7b38981d25d14afb4a12ff1f2596756144edf695; jvm 1.8.0_232-b09
2020-06-06 05:43:16,767 [Listener at 127.0.0.1/33409] INFO  server.session (DefaultSessionIdManager.java:doStart(333)) - DefaultSessionIdManager workerName=node0
2020-06-06 05:43:16,767 [Listener at 127.0.0.1/33409] INFO  server.session (DefaultSessionIdManager.java:doStart(338)) - No SessionScavenger set, using defaults
2020-06-06 05:43:16,767 [Listener at 127.0.0.1/33409] INFO  server.session (HouseKeeper.java:startScavenging(140)) - node0 Scavenging every 600000ms
2020-06-06 05:43:16,768 [Listener at 127.0.0.1/33409] INFO  server.AuthenticationFilter (AuthenticationFilter.java:constructSecretProvider(240)) - Unable to initialize FileSignerSecretProvider, falling back to use random secrets.
2020-06-06 05:43:16,769 [Listener at 127.0.0.1/33409] INFO  handler.ContextHandler (ContextHandler.java:doStart(825)) - Started o.e.j.s.ServletContextHandler@3b2317b7{logs,/logs,file:///github/workspace/mnt/ozone/hadoop-ozone/integration-test/target/log,AVAILABLE}
2020-06-06 05:43:16,769 [Listener at 127.0.0.1/33409] INFO  handler.ContextHandler (ContextHandler.java:doStart(825)) - Started o.e.j.s.ServletContextHandler@3a72517e{static,/static,jar:file:/home/user/.m2/repository/org/apache/hadoop/hadoop-hdds-container-service/0.6.0-SNAPSHOT/hadoop-hdds-container-service-0.6.0-SNAPSHOT.jar!/webapps/static,AVAILABLE}
2020-06-06 05:43:16,788 [Listener at 127.0.0.1/33409] INFO  handler.ContextHandler (ContextHandler.java:doStart(825)) - Started o.e.j.w.WebAppContext@6c7bc8ac{hddsDatanode,/,file:///tmp/jetty-0_0_0_0-33533-hadoop-hdds-container-service-0_6_0-SNAPSHOT_jar-_-any-4547713156401684587.dir/webapp/,AVAILABLE}{jar:file:/home/user/.m2/repository/org/apache/hadoop/hadoop-hdds-container-service/0.6.0-SNAPSHOT/hadoop-hdds-container-service-0.6.0-SNAPSHOT.jar!/webapps/hddsDatanode}
2020-06-06 05:43:16,790 [Listener at 127.0.0.1/33409] INFO  server.AbstractConnector (AbstractConnector.java:doStart(330)) - Started ServerConnector@731bdcca{HTTP/1.1,[http/1.1]}{0.0.0.0:33533}
2020-06-06 05:43:16,791 [Listener at 127.0.0.1/33409] INFO  server.Server (Server.java:doStart(399)) - Started @5423ms
2020-06-06 05:43:16,791 [Listener at 127.0.0.1/33409] WARN  impl.MetricsSystemImpl (MetricsSystemImpl.java:register(276)) - Sink prometheus already exists!
2020-06-06 05:43:16,795 [Listener at 127.0.0.1/33409] INFO  http.BaseHttpServer (BaseHttpServer.java:updateConnectorAddress(325)) - HTTP server of hddsDatanode listening at http://0.0.0.0:33533
2020-06-06 05:43:16,795 [Listener at 127.0.0.1/33409] INFO  impl.MetricsSystemImpl (MetricsSystemImpl.java:init(158)) - HddsDatanode metrics system started (again)
2020-06-06 05:43:16,796 [Listener at 127.0.0.1/33409] INFO  ozone.HddsDatanodeService (HddsDatanodeService.java:start(205)) - HddsDatanodeService host:04ab1dbc0cb6 ip:172.17.0.2
2020-06-06 05:43:16,798 [Listener at 127.0.0.1/33409] INFO  volume.HddsVolume (HddsVolume.java:<init>(176)) - Creating Volume: /github/workspace/mnt/ozone/hadoop-ozone/integration-test/target/test-dir/MiniOzoneClusterImpl-498c920e-3839-4903-94df-b28741763660/datanode-5/data-0/containers/hdds of storage type : DISK and capacity : 9223372036854775807
2020-06-06 05:43:16,798 [Listener at 127.0.0.1/33409] INFO  volume.MutableVolumeSet (MutableVolumeSet.java:initializeVolumeSet(181)) - Added Volume : /github/workspace/mnt/ozone/hadoop-ozone/integration-test/target/test-dir/MiniOzoneClusterImpl-498c920e-3839-4903-94df-b28741763660/datanode-5/data-0/containers/hdds to VolumeSet
2020-06-06 05:43:16,798 [Listener at 127.0.0.1/33409] INFO  volume.ThrottledAsyncChecker (ThrottledAsyncChecker.java:schedule(141)) - Scheduling a check for /github/workspace/mnt/ozone/hadoop-ozone/integration-test/target/test-dir/MiniOzoneClusterImpl-498c920e-3839-4903-94df-b28741763660/datanode-5/data-0/containers/hdds
2020-06-06 05:43:16,800 [Listener at 127.0.0.1/33409] INFO  volume.HddsVolumeChecker (HddsVolumeChecker.java:checkAllVolumes(200)) - Scheduled health check for volume /github/workspace/mnt/ozone/hadoop-ozone/integration-test/target/test-dir/MiniOzoneClusterImpl-498c920e-3839-4903-94df-b28741763660/datanode-5/data-0/containers/hdds
2020-06-06 05:43:16,825 [org.apache.hadoop.util.JvmPauseMonitor$Monitor@3a20af94] INFO  util.JvmPauseMonitor (JvmPauseMonitor.java:run(188)) - Starting JVM pause monitor
2020-06-06 05:43:16,829 [Datanode State Machine Thread - 0] INFO  datanode.InitDatanodeState (InitDatanodeState.java:persistContainerDatanodeDetails(145)) - DatanodeDetails is persisted to /github/workspace/mnt/ozone/hadoop-ozone/integration-test/target/test-dir/MiniOzoneClusterImpl-498c920e-3839-4903-94df-b28741763660/datanode-4/meta/datanode.id
2020-06-06 05:43:16,833 [Listener at 127.0.0.1/33409] INFO  impl.RaftServerProxy (ConfUtils.java:logGet(44)) - raft.rpc.type = GRPC (default)
2020-06-06 05:43:16,833 [Listener at 127.0.0.1/33409] INFO  grpc.GrpcFactory (GrpcFactory.java:checkPooledByteBufAllocatorUseCacheForAllThreads(45)) - PERFORMANCE WARNING: useCacheForAllThreads is true that may cause Netty to create a lot garbage objects and, as a result, trigger GC.
	It is recommended to disable useCacheForAllThreads by setting -Dorg.apache.ratis.thirdparty.io.netty.allocator.useCacheForAllThreads=false in command line.
2020-06-06 05:43:16,833 [Listener at 127.0.0.1/33409] INFO  grpc.GrpcConfigKeys (ConfUtils.java:logGet(44)) - raft.grpc.server.port = 0 (default)
2020-06-06 05:43:16,833 [Listener at 127.0.0.1/33409] INFO  server.GrpcService (ConfUtils.java:logGet(44)) - raft.grpc.message.size.max = 32MB (=33554432) (custom)
2020-06-06 05:43:16,833 [Listener at 127.0.0.1/33409] INFO  server.RaftServerConfigKeys (ConfUtils.java:logGet(44)) - raft.server.log.appender.buffer.byte-limit = 33554432 (custom)
2020-06-06 05:43:16,833 [Listener at 127.0.0.1/33409] INFO  server.GrpcService (ConfUtils.java:logGet(44)) - raft.grpc.flow.control.window = 5MB (=5242880) (custom)
2020-06-06 05:43:16,834 [Listener at 127.0.0.1/33409] INFO  server.RaftServerConfigKeys (ConfUtils.java:logGet(44)) - raft.server.rpc.request.timeout = 60s (custom)
2020-06-06 05:43:16,835 [Listener at 127.0.0.1/33409] INFO  server.RaftServerConfigKeys (ConfUtils.java:logGet(44)) - raft.server.storage.dir = [/github/workspace/mnt/ozone/hadoop-ozone/integration-test/target/test-dir/MiniOzoneClusterImpl-498c920e-3839-4903-94df-b28741763660/datanode-5/data/ratis] (custom)
2020-06-06 05:43:16,838 [Listener at 127.0.0.1/33409] INFO  http.BaseHttpServer (BaseHttpServer.java:newHttpServer2BuilderForOzone(205)) - Starting Web-server for hddsDatanode at: http://0.0.0.0:0
2020-06-06 05:43:16,839 [Listener at 127.0.0.1/33409] INFO  http.BaseHttpServer (BaseHttpServer.java:<init>(106)) - Hadoop Security Enabled: false Ozone Security Enabled: false Ozone HTTP Security Enabled: false 
2020-06-06 05:43:16,841 [Listener at 127.0.0.1/33409] INFO  server.AuthenticationFilter (AuthenticationFilter.java:constructSecretProvider(240)) - Unable to initialize FileSignerSecretProvider, falling back to use random secrets.
2020-06-06 05:43:16,841 [Listener at 127.0.0.1/33409] WARN  http.HttpRequestLog (HttpRequestLog.java:getRequestLog(103)) - Jetty request log can only be enabled using Log4j
2020-06-06 05:43:16,842 [Listener at 127.0.0.1/33409] INFO  http.HttpServer2 (HttpServer2.java:addGlobalFilter(993)) - Added global filter 'safety' (class=org.apache.hadoop.hdds.server.http.HttpServer2$QuotingInputFilter)
2020-06-06 05:43:16,843 [Listener at 127.0.0.1/33409] INFO  http.HttpServer2 (HttpServer2.java:addFilter(969)) - Added filter authentication (class=org.apache.hadoop.security.authentication.server.AuthenticationFilter) to context hddsDatanode
2020-06-06 05:43:16,843 [Listener at 127.0.0.1/33409] INFO  http.HttpServer2 (HttpServer2.java:addFilter(977)) - Added filter authentication (class=org.apache.hadoop.security.authentication.server.AuthenticationFilter) to context logs
2020-06-06 05:43:16,843 [Listener at 127.0.0.1/33409] INFO  http.HttpServer2 (HttpServer2.java:addFilter(977)) - Added filter authentication (class=org.apache.hadoop.security.authentication.server.AuthenticationFilter) to context static
2020-06-06 05:43:16,843 [Listener at 127.0.0.1/33409] INFO  http.HttpServer2 (HttpServer2.java:bindListener(1211)) - Jetty bound to port 36777
2020-06-06 05:43:16,843 [Listener at 127.0.0.1/33409] INFO  server.Server (Server.java:doStart(359)) - jetty-9.4.26.v20200117; built: 2020-01-17T12:35:33.676Z; git: 7b38981d25d14afb4a12ff1f2596756144edf695; jvm 1.8.0_232-b09
2020-06-06 05:43:16,845 [Listener at 127.0.0.1/33409] INFO  server.session (DefaultSessionIdManager.java:doStart(333)) - DefaultSessionIdManager workerName=node0
2020-06-06 05:43:16,845 [Listener at 127.0.0.1/33409] INFO  server.session (DefaultSessionIdManager.java:doStart(338)) - No SessionScavenger set, using defaults
2020-06-06 05:43:16,846 [Listener at 127.0.0.1/33409] INFO  server.session (HouseKeeper.java:startScavenging(140)) - node0 Scavenging every 660000ms
2020-06-06 05:43:16,847 [Listener at 127.0.0.1/33409] INFO  server.AuthenticationFilter (AuthenticationFilter.java:constructSecretProvider(240)) - Unable to initialize FileSignerSecretProvider, falling back to use random secrets.
2020-06-06 05:43:16,848 [Listener at 127.0.0.1/33409] INFO  handler.ContextHandler (ContextHandler.java:doStart(825)) - Started o.e.j.s.ServletContextHandler@5c7876e1{logs,/logs,file:///github/workspace/mnt/ozone/hadoop-ozone/integration-test/target/log,AVAILABLE}
2020-06-06 05:43:16,848 [Listener at 127.0.0.1/33409] INFO  handler.ContextHandler (ContextHandler.java:doStart(825)) - Started o.e.j.s.ServletContextHandler@4f378d7e{static,/static,jar:file:/home/user/.m2/repository/org/apache/hadoop/hadoop-hdds-container-service/0.6.0-SNAPSHOT/hadoop-hdds-container-service-0.6.0-SNAPSHOT.jar!/webapps/static,AVAILABLE}
2020-06-06 05:43:16,868 [Listener at 127.0.0.1/33409] INFO  handler.ContextHandler (ContextHandler.java:doStart(825)) - Started o.e.j.w.WebAppContext@7479cdf7{hddsDatanode,/,file:///tmp/jetty-0_0_0_0-36777-hadoop-hdds-container-service-0_6_0-SNAPSHOT_jar-_-any-1032700591396252685.dir/webapp/,AVAILABLE}{jar:file:/home/user/.m2/repository/org/apache/hadoop/hadoop-hdds-container-service/0.6.0-SNAPSHOT/hadoop-hdds-container-service-0.6.0-SNAPSHOT.jar!/webapps/hddsDatanode}
2020-06-06 05:43:16,872 [Listener at 127.0.0.1/33409] INFO  server.AbstractConnector (AbstractConnector.java:doStart(330)) - Started ServerConnector@664c0466{HTTP/1.1,[http/1.1]}{0.0.0.0:36777}
2020-06-06 05:43:16,873 [Listener at 127.0.0.1/33409] INFO  server.Server (Server.java:doStart(399)) - Started @5504ms
2020-06-06 05:43:16,873 [Listener at 127.0.0.1/33409] WARN  impl.MetricsSystemImpl (MetricsSystemImpl.java:register(276)) - Sink prometheus already exists!
2020-06-06 05:43:16,875 [Listener at 127.0.0.1/33409] INFO  http.BaseHttpServer (BaseHttpServer.java:updateConnectorAddress(325)) - HTTP server of hddsDatanode listening at http://0.0.0.0:36777
2020-06-06 05:43:16,876 [Listener at 127.0.0.1/33409] INFO  impl.MetricsSystemImpl (MetricsSystemImpl.java:init(158)) - HddsDatanode metrics system started (again)
2020-06-06 05:43:16,877 [Listener at 127.0.0.1/33409] INFO  ozone.HddsDatanodeService (HddsDatanodeService.java:start(205)) - HddsDatanodeService host:04ab1dbc0cb6 ip:172.17.0.2
2020-06-06 05:43:16,879 [Listener at 127.0.0.1/33409] INFO  volume.HddsVolume (HddsVolume.java:<init>(176)) - Creating Volume: /github/workspace/mnt/ozone/hadoop-ozone/integration-test/target/test-dir/MiniOzoneClusterImpl-498c920e-3839-4903-94df-b28741763660/datanode-6/data-0/containers/hdds of storage type : DISK and capacity : 9223372036854775807
2020-06-06 05:43:16,879 [Listener at 127.0.0.1/33409] INFO  volume.MutableVolumeSet (MutableVolumeSet.java:initializeVolumeSet(181)) - Added Volume : /github/workspace/mnt/ozone/hadoop-ozone/integration-test/target/test-dir/MiniOzoneClusterImpl-498c920e-3839-4903-94df-b28741763660/datanode-6/data-0/containers/hdds to VolumeSet
2020-06-06 05:43:16,880 [Listener at 127.0.0.1/33409] INFO  volume.ThrottledAsyncChecker (ThrottledAsyncChecker.java:schedule(141)) - Scheduling a check for /github/workspace/mnt/ozone/hadoop-ozone/integration-test/target/test-dir/MiniOzoneClusterImpl-498c920e-3839-4903-94df-b28741763660/datanode-6/data-0/containers/hdds
2020-06-06 05:43:16,882 [Listener at 127.0.0.1/33409] INFO  volume.HddsVolumeChecker (HddsVolumeChecker.java:checkAllVolumes(200)) - Scheduled health check for volume /github/workspace/mnt/ozone/hadoop-ozone/integration-test/target/test-dir/MiniOzoneClusterImpl-498c920e-3839-4903-94df-b28741763660/datanode-6/data-0/containers/hdds
2020-06-06 05:43:16,905 [Datanode State Machine Thread - 0] INFO  datanode.InitDatanodeState (InitDatanodeState.java:persistContainerDatanodeDetails(145)) - DatanodeDetails is persisted to /github/workspace/mnt/ozone/hadoop-ozone/integration-test/target/test-dir/MiniOzoneClusterImpl-498c920e-3839-4903-94df-b28741763660/datanode-5/meta/datanode.id
2020-06-06 05:43:16,905 [org.apache.hadoop.util.JvmPauseMonitor$Monitor@48435a97] INFO  util.JvmPauseMonitor (JvmPauseMonitor.java:run(188)) - Starting JVM pause monitor
2020-06-06 05:43:16,908 [Listener at 127.0.0.1/33409] INFO  impl.RaftServerProxy (ConfUtils.java:logGet(44)) - raft.rpc.type = GRPC (default)
2020-06-06 05:43:16,908 [Listener at 127.0.0.1/33409] INFO  grpc.GrpcFactory (GrpcFactory.java:checkPooledByteBufAllocatorUseCacheForAllThreads(45)) - PERFORMANCE WARNING: useCacheForAllThreads is true that may cause Netty to create a lot garbage objects and, as a result, trigger GC.
	It is recommended to disable useCacheForAllThreads by setting -Dorg.apache.ratis.thirdparty.io.netty.allocator.useCacheForAllThreads=false in command line.
2020-06-06 05:43:16,908 [Listener at 127.0.0.1/33409] INFO  grpc.GrpcConfigKeys (ConfUtils.java:logGet(44)) - raft.grpc.server.port = 0 (default)
2020-06-06 05:43:16,908 [Listener at 127.0.0.1/33409] INFO  server.GrpcService (ConfUtils.java:logGet(44)) - raft.grpc.message.size.max = 32MB (=33554432) (custom)
2020-06-06 05:43:16,908 [Listener at 127.0.0.1/33409] INFO  server.RaftServerConfigKeys (ConfUtils.java:logGet(44)) - raft.server.log.appender.buffer.byte-limit = 33554432 (custom)
2020-06-06 05:43:16,908 [Listener at 127.0.0.1/33409] INFO  server.GrpcService (ConfUtils.java:logGet(44)) - raft.grpc.flow.control.window = 5MB (=5242880) (custom)
2020-06-06 05:43:16,909 [Listener at 127.0.0.1/33409] INFO  server.RaftServerConfigKeys (ConfUtils.java:logGet(44)) - raft.server.rpc.request.timeout = 60s (custom)
2020-06-06 05:43:16,910 [Listener at 127.0.0.1/33409] INFO  server.RaftServerConfigKeys (ConfUtils.java:logGet(44)) - raft.server.storage.dir = [/github/workspace/mnt/ozone/hadoop-ozone/integration-test/target/test-dir/MiniOzoneClusterImpl-498c920e-3839-4903-94df-b28741763660/datanode-6/data/ratis] (custom)
2020-06-06 05:43:16,914 [Listener at 127.0.0.1/33409] INFO  http.BaseHttpServer (BaseHttpServer.java:newHttpServer2BuilderForOzone(205)) - Starting Web-server for hddsDatanode at: http://0.0.0.0:0
2020-06-06 05:43:16,914 [Listener at 127.0.0.1/33409] INFO  http.BaseHttpServer (BaseHttpServer.java:<init>(106)) - Hadoop Security Enabled: false Ozone Security Enabled: false Ozone HTTP Security Enabled: false 
2020-06-06 05:43:16,915 [Listener at 127.0.0.1/33409] INFO  server.AuthenticationFilter (AuthenticationFilter.java:constructSecretProvider(240)) - Unable to initialize FileSignerSecretProvider, falling back to use random secrets.
2020-06-06 05:43:16,916 [Listener at 127.0.0.1/33409] WARN  http.HttpRequestLog (HttpRequestLog.java:getRequestLog(103)) - Jetty request log can only be enabled using Log4j
2020-06-06 05:43:16,916 [Listener at 127.0.0.1/33409] INFO  http.HttpServer2 (HttpServer2.java:addGlobalFilter(993)) - Added global filter 'safety' (class=org.apache.hadoop.hdds.server.http.HttpServer2$QuotingInputFilter)
2020-06-06 05:43:16,917 [Listener at 127.0.0.1/33409] INFO  http.HttpServer2 (HttpServer2.java:addFilter(969)) - Added filter authentication (class=org.apache.hadoop.security.authentication.server.AuthenticationFilter) to context hddsDatanode
2020-06-06 05:43:16,917 [Listener at 127.0.0.1/33409] INFO  http.HttpServer2 (HttpServer2.java:addFilter(977)) - Added filter authentication (class=org.apache.hadoop.security.authentication.server.AuthenticationFilter) to context logs
2020-06-06 05:43:16,917 [Listener at 127.0.0.1/33409] INFO  http.HttpServer2 (HttpServer2.java:addFilter(977)) - Added filter authentication (class=org.apache.hadoop.security.authentication.server.AuthenticationFilter) to context static
2020-06-06 05:43:16,918 [Listener at 127.0.0.1/33409] INFO  http.HttpServer2 (HttpServer2.java:bindListener(1211)) - Jetty bound to port 39721
2020-06-06 05:43:16,918 [Listener at 127.0.0.1/33409] INFO  server.Server (Server.java:doStart(359)) - jetty-9.4.26.v20200117; built: 2020-01-17T12:35:33.676Z; git: 7b38981d25d14afb4a12ff1f2596756144edf695; jvm 1.8.0_232-b09
2020-06-06 05:43:16,920 [Listener at 127.0.0.1/33409] INFO  server.session (DefaultSessionIdManager.java:doStart(333)) - DefaultSessionIdManager workerName=node0
2020-06-06 05:43:16,920 [Listener at 127.0.0.1/33409] INFO  server.session (DefaultSessionIdManager.java:doStart(338)) - No SessionScavenger set, using defaults
2020-06-06 05:43:16,921 [Listener at 127.0.0.1/33409] INFO  server.session (HouseKeeper.java:startScavenging(140)) - node0 Scavenging every 600000ms
2020-06-06 05:43:16,925 [Listener at 127.0.0.1/33409] INFO  server.AuthenticationFilter (AuthenticationFilter.java:constructSecretProvider(240)) - Unable to initialize FileSignerSecretProvider, falling back to use random secrets.
2020-06-06 05:43:16,925 [Listener at 127.0.0.1/33409] INFO  handler.ContextHandler (ContextHandler.java:doStart(825)) - Started o.e.j.s.ServletContextHandler@206a465f{logs,/logs,file:///github/workspace/mnt/ozone/hadoop-ozone/integration-test/target/log,AVAILABLE}
2020-06-06 05:43:16,926 [Listener at 127.0.0.1/33409] INFO  handler.ContextHandler (ContextHandler.java:doStart(825)) - Started o.e.j.s.ServletContextHandler@77a6aa9f{static,/static,jar:file:/home/user/.m2/repository/org/apache/hadoop/hadoop-hdds-container-service/0.6.0-SNAPSHOT/hadoop-hdds-container-service-0.6.0-SNAPSHOT.jar!/webapps/static,AVAILABLE}
2020-06-06 05:43:16,948 [Listener at 127.0.0.1/33409] INFO  handler.ContextHandler (ContextHandler.java:doStart(825)) - Started o.e.j.w.WebAppContext@137a70f1{hddsDatanode,/,file:///tmp/jetty-0_0_0_0-39721-hadoop-hdds-container-service-0_6_0-SNAPSHOT_jar-_-any-4966477819664679673.dir/webapp/,AVAILABLE}{jar:file:/home/user/.m2/repository/org/apache/hadoop/hadoop-hdds-container-service/0.6.0-SNAPSHOT/hadoop-hdds-container-service-0.6.0-SNAPSHOT.jar!/webapps/hddsDatanode}
2020-06-06 05:43:16,951 [Listener at 127.0.0.1/33409] INFO  server.AbstractConnector (AbstractConnector.java:doStart(330)) - Started ServerConnector@60fc4450{HTTP/1.1,[http/1.1]}{0.0.0.0:39721}
2020-06-06 05:43:16,951 [Listener at 127.0.0.1/33409] INFO  server.Server (Server.java:doStart(399)) - Started @5583ms
2020-06-06 05:43:16,951 [Listener at 127.0.0.1/33409] WARN  impl.MetricsSystemImpl (MetricsSystemImpl.java:register(276)) - Sink prometheus already exists!
2020-06-06 05:43:16,958 [Listener at 127.0.0.1/33409] INFO  http.BaseHttpServer (BaseHttpServer.java:updateConnectorAddress(325)) - HTTP server of hddsDatanode listening at http://0.0.0.0:39721
2020-06-06 05:43:16,958 [Listener at 127.0.0.1/33409] INFO  ozone.MiniOzoneClusterImpl (MiniOzoneClusterImpl.java:lambda$waitForClusterToBeReady$0(177)) - Waiting for nodes to be ready. Got 0 of 7 DN Heartbeats.
2020-06-06 05:43:16,959 [Listener at 127.0.0.1/33409] INFO  ozone.MiniOzoneClusterImpl (MiniOzoneClusterImpl.java:lambda$waitForClusterToBeReady$0(180)) - Waiting for cluster to exit safe mode
2020-06-06 05:43:16,968 [org.apache.hadoop.util.JvmPauseMonitor$Monitor@632dc88f] INFO  util.JvmPauseMonitor (JvmPauseMonitor.java:run(188)) - Starting JVM pause monitor
2020-06-06 05:43:16,975 [Datanode State Machine Thread - 0] INFO  datanode.InitDatanodeState (InitDatanodeState.java:persistContainerDatanodeDetails(145)) - DatanodeDetails is persisted to /github/workspace/mnt/ozone/hadoop-ozone/integration-test/target/test-dir/MiniOzoneClusterImpl-498c920e-3839-4903-94df-b28741763660/datanode-6/meta/datanode.id
2020-06-06 05:43:17,959 [Listener at 127.0.0.1/33409] INFO  ozone.MiniOzoneClusterImpl (MiniOzoneClusterImpl.java:lambda$waitForClusterToBeReady$0(177)) - Waiting for nodes to be ready. Got 0 of 7 DN Heartbeats.
2020-06-06 05:43:17,959 [Listener at 127.0.0.1/33409] INFO  ozone.MiniOzoneClusterImpl (MiniOzoneClusterImpl.java:lambda$waitForClusterToBeReady$0(180)) - Waiting for cluster to exit safe mode
2020-06-06 05:43:18,407 [Datanode State Machine Thread - 0] INFO  ozoneimpl.OzoneContainer (OzoneContainer.java:start(232)) - Attempting to start container services.
2020-06-06 05:43:18,409 [Datanode State Machine Thread - 0] INFO  ozoneimpl.OzoneContainer (OzoneContainer.java:startContainerScrub(196)) - Background container scanner has been disabled.
2020-06-06 05:43:18,409 [Datanode State Machine Thread - 0] INFO  ratis.XceiverServerRatis (XceiverServerRatis.java:start(425)) - Starting XceiverServerRatis 1759bdf6-b62e-442e-9185-4af47b41fcdd at port 0
2020-06-06 05:43:18,425 [Datanode State Machine Thread - 0] INFO  impl.RaftServerProxy (RaftServerProxy.java:lambda$start$3(299)) - 1759bdf6-b62e-442e-9185-4af47b41fcdd: start RPC server
2020-06-06 05:43:18,494 [Datanode State Machine Thread - 0] INFO  server.GrpcService (GrpcService.java:startImpl(159)) - 1759bdf6-b62e-442e-9185-4af47b41fcdd: GrpcService started, listening on 0.0.0.0/0.0.0.0:37129
2020-06-06 05:43:18,494 [Datanode State Machine Thread - 0] INFO  ratis.XceiverServerRatis (XceiverServerRatis.java:start(437)) - XceiverServerRatis 1759bdf6-b62e-442e-9185-4af47b41fcdd is started using port 37129
2020-06-06 05:43:18,500 [Datanode State Machine Thread - 0] INFO  server.XceiverServerGrpc (XceiverServerGrpc.java:start(145)) - XceiverServerGrpc 1759bdf6-b62e-442e-9185-4af47b41fcdd is started using port 44681
2020-06-06 05:43:18,537 [Datanode State Machine Thread - 0] INFO  ozoneimpl.OzoneContainer (OzoneContainer.java:start(232)) - Attempting to start container services.
2020-06-06 05:43:18,539 [Datanode State Machine Thread - 0] INFO  ozoneimpl.OzoneContainer (OzoneContainer.java:startContainerScrub(196)) - Background container scanner has been disabled.
2020-06-06 05:43:18,539 [Datanode State Machine Thread - 0] INFO  ratis.XceiverServerRatis (XceiverServerRatis.java:start(425)) - Starting XceiverServerRatis 0f07ec13-85ff-4d8f-a7a2-4e7da8f3a33f at port 0
2020-06-06 05:43:18,552 [Datanode State Machine Thread - 0] INFO  impl.RaftServerProxy (RaftServerProxy.java:lambda$start$3(299)) - 0f07ec13-85ff-4d8f-a7a2-4e7da8f3a33f: start RPC server
2020-06-06 05:43:18,567 [Datanode State Machine Thread - 0] INFO  server.GrpcService (GrpcService.java:startImpl(159)) - 0f07ec13-85ff-4d8f-a7a2-4e7da8f3a33f: GrpcService started, listening on 0.0.0.0/0.0.0.0:39881
2020-06-06 05:43:18,567 [Datanode State Machine Thread - 0] INFO  ratis.XceiverServerRatis (XceiverServerRatis.java:start(437)) - XceiverServerRatis 0f07ec13-85ff-4d8f-a7a2-4e7da8f3a33f is started using port 39881
2020-06-06 05:43:18,569 [Datanode State Machine Thread - 0] INFO  server.XceiverServerGrpc (XceiverServerGrpc.java:start(145)) - XceiverServerGrpc 0f07ec13-85ff-4d8f-a7a2-4e7da8f3a33f is started using port 40585
2020-06-06 05:43:18,633 [Datanode State Machine Thread - 0] INFO  ozoneimpl.OzoneContainer (OzoneContainer.java:start(232)) - Attempting to start container services.
2020-06-06 05:43:18,633 [Datanode State Machine Thread - 0] INFO  ozoneimpl.OzoneContainer (OzoneContainer.java:startContainerScrub(196)) - Background container scanner has been disabled.
2020-06-06 05:43:18,633 [Datanode State Machine Thread - 0] INFO  ratis.XceiverServerRatis (XceiverServerRatis.java:start(425)) - Starting XceiverServerRatis 0e538569-32db-42d4-b5fd-7023928f007e at port 0
2020-06-06 05:43:18,639 [Datanode State Machine Thread - 0] INFO  impl.RaftServerProxy (RaftServerProxy.java:lambda$start$3(299)) - 0e538569-32db-42d4-b5fd-7023928f007e: start RPC server
2020-06-06 05:43:18,648 [Datanode State Machine Thread - 0] INFO  server.GrpcService (GrpcService.java:startImpl(159)) - 0e538569-32db-42d4-b5fd-7023928f007e: GrpcService started, listening on 0.0.0.0/0.0.0.0:37221
2020-06-06 05:43:18,649 [Datanode State Machine Thread - 0] INFO  ratis.XceiverServerRatis (XceiverServerRatis.java:start(437)) - XceiverServerRatis 0e538569-32db-42d4-b5fd-7023928f007e is started using port 37221
2020-06-06 05:43:18,650 [Datanode State Machine Thread - 0] INFO  server.XceiverServerGrpc (XceiverServerGrpc.java:start(145)) - XceiverServerGrpc 0e538569-32db-42d4-b5fd-7023928f007e is started using port 44291
2020-06-06 05:43:18,744 [Datanode State Machine Thread - 0] INFO  ozoneimpl.OzoneContainer (OzoneContainer.java:start(232)) - Attempting to start container services.
2020-06-06 05:43:18,745 [Datanode State Machine Thread - 0] INFO  ozoneimpl.OzoneContainer (OzoneContainer.java:startContainerScrub(196)) - Background container scanner has been disabled.
2020-06-06 05:43:18,745 [Datanode State Machine Thread - 0] INFO  ratis.XceiverServerRatis (XceiverServerRatis.java:start(425)) - Starting XceiverServerRatis 57f5666d-b59f-40cc-b98d-a67089cb0265 at port 0
2020-06-06 05:43:18,747 [Datanode State Machine Thread - 0] INFO  impl.RaftServerProxy (RaftServerProxy.java:lambda$start$3(299)) - 57f5666d-b59f-40cc-b98d-a67089cb0265: start RPC server
2020-06-06 05:43:18,749 [Datanode State Machine Thread - 0] INFO  server.GrpcService (GrpcService.java:startImpl(159)) - 57f5666d-b59f-40cc-b98d-a67089cb0265: GrpcService started, listening on 0.0.0.0/0.0.0.0:33405
2020-06-06 05:43:18,749 [Datanode State Machine Thread - 0] INFO  ratis.XceiverServerRatis (XceiverServerRatis.java:start(437)) - XceiverServerRatis 57f5666d-b59f-40cc-b98d-a67089cb0265 is started using port 33405
2020-06-06 05:43:18,750 [Datanode State Machine Thread - 0] INFO  server.XceiverServerGrpc (XceiverServerGrpc.java:start(145)) - XceiverServerGrpc 57f5666d-b59f-40cc-b98d-a67089cb0265 is started using port 35999
2020-06-06 05:43:18,828 [Datanode State Machine Thread - 0] INFO  ozoneimpl.OzoneContainer (OzoneContainer.java:start(232)) - Attempting to start container services.
2020-06-06 05:43:18,828 [Datanode State Machine Thread - 0] INFO  ozoneimpl.OzoneContainer (OzoneContainer.java:startContainerScrub(196)) - Background container scanner has been disabled.
2020-06-06 05:43:18,828 [Datanode State Machine Thread - 0] INFO  ratis.XceiverServerRatis (XceiverServerRatis.java:start(425)) - Starting XceiverServerRatis 1ec43808-29a0-493f-bf2c-0e7e2b7cbdca at port 0
2020-06-06 05:43:18,830 [Datanode State Machine Thread - 0] INFO  impl.RaftServerProxy (RaftServerProxy.java:lambda$start$3(299)) - 1ec43808-29a0-493f-bf2c-0e7e2b7cbdca: start RPC server
2020-06-06 05:43:18,831 [Datanode State Machine Thread - 0] INFO  server.GrpcService (GrpcService.java:startImpl(159)) - 1ec43808-29a0-493f-bf2c-0e7e2b7cbdca: GrpcService started, listening on 0.0.0.0/0.0.0.0:38961
2020-06-06 05:43:18,831 [Datanode State Machine Thread - 0] INFO  ratis.XceiverServerRatis (XceiverServerRatis.java:start(437)) - XceiverServerRatis 1ec43808-29a0-493f-bf2c-0e7e2b7cbdca is started using port 38961
2020-06-06 05:43:18,832 [Datanode State Machine Thread - 0] INFO  server.XceiverServerGrpc (XceiverServerGrpc.java:start(145)) - XceiverServerGrpc 1ec43808-29a0-493f-bf2c-0e7e2b7cbdca is started using port 46193
2020-06-06 05:43:18,907 [Datanode State Machine Thread - 0] INFO  ozoneimpl.OzoneContainer (OzoneContainer.java:start(232)) - Attempting to start container services.
2020-06-06 05:43:18,907 [Datanode State Machine Thread - 0] INFO  ozoneimpl.OzoneContainer (OzoneContainer.java:startContainerScrub(196)) - Background container scanner has been disabled.
2020-06-06 05:43:18,907 [Datanode State Machine Thread - 0] INFO  ratis.XceiverServerRatis (XceiverServerRatis.java:start(425)) - Starting XceiverServerRatis 5c3b1ee8-5ec3-426a-bdbd-c5e140144951 at port 0
2020-06-06 05:43:18,909 [Datanode State Machine Thread - 0] INFO  impl.RaftServerProxy (RaftServerProxy.java:lambda$start$3(299)) - 5c3b1ee8-5ec3-426a-bdbd-c5e140144951: start RPC server
2020-06-06 05:43:18,911 [Datanode State Machine Thread - 0] INFO  server.GrpcService (GrpcService.java:startImpl(159)) - 5c3b1ee8-5ec3-426a-bdbd-c5e140144951: GrpcService started, listening on 0.0.0.0/0.0.0.0:41037
2020-06-06 05:43:18,911 [Datanode State Machine Thread - 0] INFO  ratis.XceiverServerRatis (XceiverServerRatis.java:start(437)) - XceiverServerRatis 5c3b1ee8-5ec3-426a-bdbd-c5e140144951 is started using port 41037
2020-06-06 05:43:18,912 [Datanode State Machine Thread - 0] INFO  server.XceiverServerGrpc (XceiverServerGrpc.java:start(145)) - XceiverServerGrpc 5c3b1ee8-5ec3-426a-bdbd-c5e140144951 is started using port 38099
2020-06-06 05:43:18,960 [Listener at 127.0.0.1/33409] INFO  ozone.MiniOzoneClusterImpl (MiniOzoneClusterImpl.java:lambda$waitForClusterToBeReady$0(177)) - Waiting for nodes to be ready. Got 0 of 7 DN Heartbeats.
2020-06-06 05:43:18,960 [Listener at 127.0.0.1/33409] INFO  ozone.MiniOzoneClusterImpl (MiniOzoneClusterImpl.java:lambda$waitForClusterToBeReady$0(180)) - Waiting for cluster to exit safe mode
2020-06-06 05:43:18,971 [Datanode State Machine Thread - 0] INFO  ozoneimpl.OzoneContainer (OzoneContainer.java:start(232)) - Attempting to start container services.
2020-06-06 05:43:18,971 [Datanode State Machine Thread - 0] INFO  ozoneimpl.OzoneContainer (OzoneContainer.java:startContainerScrub(196)) - Background container scanner has been disabled.
2020-06-06 05:43:18,971 [Datanode State Machine Thread - 0] INFO  ratis.XceiverServerRatis (XceiverServerRatis.java:start(425)) - Starting XceiverServerRatis 7397d4b2-971e-42cd-898a-a0d5de1e6c31 at port 0
2020-06-06 05:43:18,972 [Datanode State Machine Thread - 0] INFO  impl.RaftServerProxy (RaftServerProxy.java:lambda$start$3(299)) - 7397d4b2-971e-42cd-898a-a0d5de1e6c31: start RPC server
2020-06-06 05:43:18,976 [Datanode State Machine Thread - 0] INFO  server.GrpcService (GrpcService.java:startImpl(159)) - 7397d4b2-971e-42cd-898a-a0d5de1e6c31: GrpcService started, listening on 0.0.0.0/0.0.0.0:36981
2020-06-06 05:43:18,976 [Datanode State Machine Thread - 0] INFO  ratis.XceiverServerRatis (XceiverServerRatis.java:start(437)) - XceiverServerRatis 7397d4b2-971e-42cd-898a-a0d5de1e6c31 is started using port 36981
2020-06-06 05:43:18,977 [Datanode State Machine Thread - 0] INFO  server.XceiverServerGrpc (XceiverServerGrpc.java:start(145)) - XceiverServerGrpc 7397d4b2-971e-42cd-898a-a0d5de1e6c31 is started using port 35743
2020-06-06 05:43:19,960 [Listener at 127.0.0.1/33409] INFO  ozone.MiniOzoneClusterImpl (MiniOzoneClusterImpl.java:lambda$waitForClusterToBeReady$0(177)) - Waiting for nodes to be ready. Got 0 of 7 DN Heartbeats.
2020-06-06 05:43:19,961 [Listener at 127.0.0.1/33409] INFO  ozone.MiniOzoneClusterImpl (MiniOzoneClusterImpl.java:lambda$waitForClusterToBeReady$0(180)) - Waiting for cluster to exit safe mode
2020-06-06 05:43:20,369 [IPC Server handler 7 on default port 44943] INFO  net.NetworkTopology (NetworkTopologyImpl.java:add(111)) - Added a new node: /default-rack/1759bdf6-b62e-442e-9185-4af47b41fcdd
2020-06-06 05:43:20,369 [IPC Server handler 7 on default port 44943] INFO  node.SCMNodeManager (SCMNodeManager.java:register(268)) - Registered Data node : 1759bdf6-b62e-442e-9185-4af47b41fcdd{ip: 172.17.0.2, host: 04ab1dbc0cb6, networkLocation: /default-rack, certSerialId: null}
2020-06-06 05:43:20,375 [EventQueue-NodeRegistrationContainerReportForDataNodeSafeModeRule] INFO  safemode.SCMSafeModeManager (DataNodeSafeModeRule.java:process(71)) - SCM in safe mode. 1 DataNodes registered, 1 required.
2020-06-06 05:43:20,375 [EventQueue-NodeRegistrationContainerReportForDataNodeSafeModeRule] INFO  safemode.SCMSafeModeManager (SCMSafeModeManager.java:validateSafeModeExitRules(213)) - DataNodeSafeModeRule rule is successfully validated
2020-06-06 05:43:20,375 [EventQueue-NodeRegistrationContainerReportForDataNodeSafeModeRule] INFO  safemode.SCMSafeModeManager (SCMSafeModeManager.java:completePreCheck(241)) - All SCM safe mode pre check rules have passed
2020-06-06 05:43:20,394 [EventQueue-NodeRegistrationContainerReportForContainerSafeModeRule] INFO  safemode.SCMSafeModeManager (SCMSafeModeManager.java:validateSafeModeExitRules(213)) - ContainerSafeModeRule rule is successfully validated
2020-06-06 05:43:20,394 [RatisPipelineUtilsThread] INFO  pipeline.RatisPipelineProvider (RatisPipelineProvider.java:lambda$create$0(138)) - Sending CreatePipelineCommand for pipeline:PipelineID=a24bf0ee-8bd2-4c59-a5a6-cf3a680eb06e to datanode:1759bdf6-b62e-442e-9185-4af47b41fcdd
2020-06-06 05:43:20,409 [RatisPipelineUtilsThread] INFO  pipeline.PipelineStateManager (PipelineStateManager.java:addPipeline(54)) - Created pipeline Pipeline[ Id: a24bf0ee-8bd2-4c59-a5a6-cf3a680eb06e, Nodes: 1759bdf6-b62e-442e-9185-4af47b41fcdd{ip: 172.17.0.2, host: 04ab1dbc0cb6, networkLocation: /default-rack, certSerialId: null}, Type:RATIS, Factor:ONE, State:ALLOCATED, leaderId:null, CreationTimestamp2020-06-06T05:43:20.382Z]
2020-06-06 05:43:20,411 [RatisPipelineUtilsThread] ERROR pipeline.SCMPipelineManager (SCMPipelineManager.java:createPipeline(222)) - Failed to create pipeline of type RATIS and factor ONE. Exception: Cannot create pipeline of factor 1 using 0 nodes. Used 1 nodes. Healthy nodes 1
2020-06-06 05:43:20,412 [RatisPipelineUtilsThread] WARN  pipeline.PipelinePlacementPolicy (PipelinePlacementPolicy.java:filterViableNodes(133)) - Pipeline creation failed due to no sufficient healthy datanodes. Required 3. Found 1.
2020-06-06 05:43:20,412 [RatisPipelineUtilsThread] ERROR pipeline.SCMPipelineManager (SCMPipelineManager.java:createPipeline(222)) - Failed to create pipeline of type RATIS and factor THREE. Exception: Pipeline creation failed due to no sufficient healthy datanodes. Required 3. Found 1.
2020-06-06 05:43:20,536 [IPC Server handler 2 on default port 44943] INFO  net.NetworkTopology (NetworkTopologyImpl.java:add(111)) - Added a new node: /default-rack/0f07ec13-85ff-4d8f-a7a2-4e7da8f3a33f
2020-06-06 05:43:20,536 [IPC Server handler 2 on default port 44943] INFO  node.SCMNodeManager (SCMNodeManager.java:register(268)) - Registered Data node : 0f07ec13-85ff-4d8f-a7a2-4e7da8f3a33f{ip: 172.17.0.2, host: 04ab1dbc0cb6, networkLocation: /default-rack, certSerialId: null}
2020-06-06 05:43:20,537 [EventQueue-NodeRegistrationContainerReportForDataNodeSafeModeRule] INFO  safemode.SCMSafeModeManager (SCMSafeModeManager.java:validateSafeModeExitRules(213)) - DataNodeSafeModeRule rule is successfully validated
2020-06-06 05:43:20,537 [EventQueue-NodeRegistrationContainerReportForContainerSafeModeRule] INFO  safemode.SCMSafeModeManager (SCMSafeModeManager.java:validateSafeModeExitRules(213)) - ContainerSafeModeRule rule is successfully validated
2020-06-06 05:43:20,539 [RatisPipelineUtilsThread] INFO  pipeline.RatisPipelineProvider (RatisPipelineProvider.java:lambda$create$0(138)) - Sending CreatePipelineCommand for pipeline:PipelineID=0f480c4d-476b-44ee-b079-cb81dd697583 to datanode:0f07ec13-85ff-4d8f-a7a2-4e7da8f3a33f
2020-06-06 05:43:20,540 [RatisPipelineUtilsThread] INFO  pipeline.PipelineStateManager (PipelineStateManager.java:addPipeline(54)) - Created pipeline Pipeline[ Id: 0f480c4d-476b-44ee-b079-cb81dd697583, Nodes: 0f07ec13-85ff-4d8f-a7a2-4e7da8f3a33f{ip: 172.17.0.2, host: 04ab1dbc0cb6, networkLocation: /default-rack, certSerialId: null}, Type:RATIS, Factor:ONE, State:ALLOCATED, leaderId:null, CreationTimestamp2020-06-06T05:43:20.539Z]
2020-06-06 05:43:20,540 [RatisPipelineUtilsThread] ERROR pipeline.SCMPipelineManager (SCMPipelineManager.java:createPipeline(222)) - Failed to create pipeline of type RATIS and factor ONE. Exception: Cannot create pipeline of factor 1 using 0 nodes. Used 2 nodes. Healthy nodes 2
2020-06-06 05:43:20,541 [RatisPipelineUtilsThread] WARN  pipeline.PipelinePlacementPolicy (PipelinePlacementPolicy.java:filterViableNodes(133)) - Pipeline creation failed due to no sufficient healthy datanodes. Required 3. Found 2.
2020-06-06 05:43:20,541 [RatisPipelineUtilsThread] ERROR pipeline.SCMPipelineManager (SCMPipelineManager.java:createPipeline(222)) - Failed to create pipeline of type RATIS and factor THREE. Exception: Pipeline creation failed due to no sufficient healthy datanodes. Required 3. Found 2.
2020-06-06 05:43:20,631 [IPC Server handler 3 on default port 44943] INFO  net.NetworkTopology (NetworkTopologyImpl.java:add(111)) - Added a new node: /default-rack/0e538569-32db-42d4-b5fd-7023928f007e
2020-06-06 05:43:20,631 [IPC Server handler 3 on default port 44943] INFO  node.SCMNodeManager (SCMNodeManager.java:register(268)) - Registered Data node : 0e538569-32db-42d4-b5fd-7023928f007e{ip: 172.17.0.2, host: 04ab1dbc0cb6, networkLocation: /default-rack, certSerialId: null}
2020-06-06 05:43:20,632 [EventQueue-NodeRegistrationContainerReportForDataNodeSafeModeRule] INFO  safemode.SCMSafeModeManager (SCMSafeModeManager.java:validateSafeModeExitRules(213)) - DataNodeSafeModeRule rule is successfully validated
2020-06-06 05:43:20,632 [EventQueue-NodeRegistrationContainerReportForContainerSafeModeRule] INFO  safemode.SCMSafeModeManager (SCMSafeModeManager.java:validateSafeModeExitRules(213)) - ContainerSafeModeRule rule is successfully validated
2020-06-06 05:43:20,634 [RatisPipelineUtilsThread] INFO  pipeline.RatisPipelineProvider (RatisPipelineProvider.java:lambda$create$0(138)) - Sending CreatePipelineCommand for pipeline:PipelineID=32f424f0-3510-4648-8dc6-95c24f9ff001 to datanode:0e538569-32db-42d4-b5fd-7023928f007e
2020-06-06 05:43:20,634 [RatisPipelineUtilsThread] INFO  pipeline.PipelineStateManager (PipelineStateManager.java:addPipeline(54)) - Created pipeline Pipeline[ Id: 32f424f0-3510-4648-8dc6-95c24f9ff001, Nodes: 0e538569-32db-42d4-b5fd-7023928f007e{ip: 172.17.0.2, host: 04ab1dbc0cb6, networkLocation: /default-rack, certSerialId: null}, Type:RATIS, Factor:ONE, State:ALLOCATED, leaderId:null, CreationTimestamp2020-06-06T05:43:20.634Z]
2020-06-06 05:43:20,635 [RatisPipelineUtilsThread] ERROR pipeline.SCMPipelineManager (SCMPipelineManager.java:createPipeline(222)) - Failed to create pipeline of type RATIS and factor ONE. Exception: Cannot create pipeline of factor 1 using 0 nodes. Used 3 nodes. Healthy nodes 3
2020-06-06 05:43:20,639 [RatisPipelineUtilsThread] INFO  pipeline.RatisPipelineProvider (RatisPipelineProvider.java:lambda$create$0(138)) - Sending CreatePipelineCommand for pipeline:PipelineID=5eb153f7-d415-4876-9c3f-39414941c540 to datanode:1759bdf6-b62e-442e-9185-4af47b41fcdd
2020-06-06 05:43:20,640 [RatisPipelineUtilsThread] INFO  pipeline.RatisPipelineProvider (RatisPipelineProvider.java:lambda$create$0(138)) - Sending CreatePipelineCommand for pipeline:PipelineID=5eb153f7-d415-4876-9c3f-39414941c540 to datanode:0f07ec13-85ff-4d8f-a7a2-4e7da8f3a33f
2020-06-06 05:43:20,640 [RatisPipelineUtilsThread] INFO  pipeline.RatisPipelineProvider (RatisPipelineProvider.java:lambda$create$0(138)) - Sending CreatePipelineCommand for pipeline:PipelineID=5eb153f7-d415-4876-9c3f-39414941c540 to datanode:0e538569-32db-42d4-b5fd-7023928f007e
2020-06-06 05:43:20,640 [RatisPipelineUtilsThread] INFO  pipeline.PipelineStateManager (PipelineStateManager.java:addPipeline(54)) - Created pipeline Pipeline[ Id: 5eb153f7-d415-4876-9c3f-39414941c540, Nodes: 1759bdf6-b62e-442e-9185-4af47b41fcdd{ip: 172.17.0.2, host: 04ab1dbc0cb6, networkLocation: /default-rack, certSerialId: null}0f07ec13-85ff-4d8f-a7a2-4e7da8f3a33f{ip: 172.17.0.2, host: 04ab1dbc0cb6, networkLocation: /default-rack, certSerialId: null}0e538569-32db-42d4-b5fd-7023928f007e{ip: 172.17.0.2, host: 04ab1dbc0cb6, networkLocation: /default-rack, certSerialId: null}, Type:RATIS, Factor:THREE, State:ALLOCATED, leaderId:null, CreationTimestamp2020-06-06T05:43:20.639Z]
2020-06-06 05:43:20,641 [RatisPipelineUtilsThread] ERROR pipeline.SCMPipelineManager (SCMPipelineManager.java:createPipeline(222)) - Failed to create pipeline of type RATIS and factor THREE. Exception: Pipeline creation failed because nodes are engaged in other pipelines and every node can only be engaged in max 2 pipelines. Required 3. Found 0
2020-06-06 05:43:20,744 [IPC Server handler 4 on default port 44943] INFO  net.NetworkTopology (NetworkTopologyImpl.java:add(111)) - Added a new node: /default-rack/57f5666d-b59f-40cc-b98d-a67089cb0265
2020-06-06 05:43:20,745 [IPC Server handler 4 on default port 44943] INFO  node.SCMNodeManager (SCMNodeManager.java:register(268)) - Registered Data node : 57f5666d-b59f-40cc-b98d-a67089cb0265{ip: 172.17.0.2, host: 04ab1dbc0cb6, networkLocation: /default-rack, certSerialId: null}
2020-06-06 05:43:20,746 [EventQueue-NodeRegistrationContainerReportForContainerSafeModeRule] INFO  safemode.SCMSafeModeManager (SCMSafeModeManager.java:validateSafeModeExitRules(213)) - ContainerSafeModeRule rule is successfully validated
2020-06-06 05:43:20,746 [EventQueue-NodeRegistrationContainerReportForDataNodeSafeModeRule] INFO  safemode.SCMSafeModeManager (SCMSafeModeManager.java:validateSafeModeExitRules(213)) - DataNodeSafeModeRule rule is successfully validated
2020-06-06 05:43:20,746 [RatisPipelineUtilsThread] INFO  pipeline.RatisPipelineProvider (RatisPipelineProvider.java:lambda$create$0(138)) - Sending CreatePipelineCommand for pipeline:PipelineID=596ac526-77b2-4c59-bab7-6e75e71009e3 to datanode:57f5666d-b59f-40cc-b98d-a67089cb0265
2020-06-06 05:43:20,747 [RatisPipelineUtilsThread] INFO  pipeline.PipelineStateManager (PipelineStateManager.java:addPipeline(54)) - Created pipeline Pipeline[ Id: 596ac526-77b2-4c59-bab7-6e75e71009e3, Nodes: 57f5666d-b59f-40cc-b98d-a67089cb0265{ip: 172.17.0.2, host: 04ab1dbc0cb6, networkLocation: /default-rack, certSerialId: null}, Type:RATIS, Factor:ONE, State:ALLOCATED, leaderId:null, CreationTimestamp2020-06-06T05:43:20.746Z]
2020-06-06 05:43:20,748 [RatisPipelineUtilsThread] ERROR pipeline.SCMPipelineManager (SCMPipelineManager.java:createPipeline(222)) - Failed to create pipeline of type RATIS and factor ONE. Exception: Cannot create pipeline of factor 1 using 0 nodes. Used 4 nodes. Healthy nodes 4
2020-06-06 05:43:20,748 [RatisPipelineUtilsThread] ERROR pipeline.SCMPipelineManager (SCMPipelineManager.java:createPipeline(222)) - Failed to create pipeline of type RATIS and factor THREE. Exception: Pipeline creation failed because nodes are engaged in other pipelines and every node can only be engaged in max 2 pipelines. Required 3. Found 1
2020-06-06 05:43:20,827 [IPC Server handler 5 on default port 44943] INFO  net.NetworkTopology (NetworkTopologyImpl.java:add(111)) - Added a new node: /default-rack/1ec43808-29a0-493f-bf2c-0e7e2b7cbdca
2020-06-06 05:43:20,827 [IPC Server handler 5 on default port 44943] INFO  node.SCMNodeManager (SCMNodeManager.java:register(268)) - Registered Data node : 1ec43808-29a0-493f-bf2c-0e7e2b7cbdca{ip: 172.17.0.2, host: 04ab1dbc0cb6, networkLocation: /default-rack, certSerialId: null}
2020-06-06 05:43:20,828 [EventQueue-NodeRegistrationContainerReportForDataNodeSafeModeRule] INFO  safemode.SCMSafeModeManager (SCMSafeModeManager.java:validateSafeModeExitRules(213)) - DataNodeSafeModeRule rule is successfully validated
2020-06-06 05:43:20,828 [EventQueue-NodeRegistrationContainerReportForContainerSafeModeRule] INFO  safemode.SCMSafeModeManager (SCMSafeModeManager.java:validateSafeModeExitRules(213)) - ContainerSafeModeRule rule is successfully validated
2020-06-06 05:43:20,829 [RatisPipelineUtilsThread] INFO  pipeline.RatisPipelineProvider (RatisPipelineProvider.java:lambda$create$0(138)) - Sending CreatePipelineCommand for pipeline:PipelineID=f7fd576e-e5fc-4e0c-b2bf-03b6a81bcb63 to datanode:1ec43808-29a0-493f-bf2c-0e7e2b7cbdca
2020-06-06 05:43:20,829 [RatisPipelineUtilsThread] INFO  pipeline.PipelineStateManager (PipelineStateManager.java:addPipeline(54)) - Created pipeline Pipeline[ Id: f7fd576e-e5fc-4e0c-b2bf-03b6a81bcb63, Nodes: 1ec43808-29a0-493f-bf2c-0e7e2b7cbdca{ip: 172.17.0.2, host: 04ab1dbc0cb6, networkLocation: /default-rack, certSerialId: null}, Type:RATIS, Factor:ONE, State:ALLOCATED, leaderId:null, CreationTimestamp2020-06-06T05:43:20.829Z]
2020-06-06 05:43:20,830 [RatisPipelineUtilsThread] ERROR pipeline.SCMPipelineManager (SCMPipelineManager.java:createPipeline(222)) - Failed to create pipeline of type RATIS and factor ONE. Exception: Cannot create pipeline of factor 1 using 0 nodes. Used 5 nodes. Healthy nodes 5
2020-06-06 05:43:20,831 [RatisPipelineUtilsThread] ERROR pipeline.SCMPipelineManager (SCMPipelineManager.java:createPipeline(222)) - Failed to create pipeline of type RATIS and factor THREE. Exception: Pipeline creation failed because nodes are engaged in other pipelines and every node can only be engaged in max 2 pipelines. Required 3. Found 2
2020-06-06 05:43:20,905 [IPC Server handler 6 on default port 44943] INFO  net.NetworkTopology (NetworkTopologyImpl.java:add(111)) - Added a new node: /default-rack/5c3b1ee8-5ec3-426a-bdbd-c5e140144951
2020-06-06 05:43:20,905 [IPC Server handler 6 on default port 44943] INFO  node.SCMNodeManager (SCMNodeManager.java:register(268)) - Registered Data node : 5c3b1ee8-5ec3-426a-bdbd-c5e140144951{ip: 172.17.0.2, host: 04ab1dbc0cb6, networkLocation: /default-rack, certSerialId: null}
2020-06-06 05:43:20,906 [RatisPipelineUtilsThread] INFO  pipeline.RatisPipelineProvider (RatisPipelineProvider.java:lambda$create$0(138)) - Sending CreatePipelineCommand for pipeline:PipelineID=535721ca-2bac-4268-ae00-adb6fa852313 to datanode:5c3b1ee8-5ec3-426a-bdbd-c5e140144951
2020-06-06 05:43:20,906 [EventQueue-NodeRegistrationContainerReportForDataNodeSafeModeRule] INFO  safemode.SCMSafeModeManager (SCMSafeModeManager.java:validateSafeModeExitRules(213)) - DataNodeSafeModeRule rule is successfully validated
2020-06-06 05:43:20,906 [EventQueue-NodeRegistrationContainerReportForContainerSafeModeRule] INFO  safemode.SCMSafeModeManager (SCMSafeModeManager.java:validateSafeModeExitRules(213)) - ContainerSafeModeRule rule is successfully validated
2020-06-06 05:43:20,906 [RatisPipelineUtilsThread] INFO  pipeline.PipelineStateManager (PipelineStateManager.java:addPipeline(54)) - Created pipeline Pipeline[ Id: 535721ca-2bac-4268-ae00-adb6fa852313, Nodes: 5c3b1ee8-5ec3-426a-bdbd-c5e140144951{ip: 172.17.0.2, host: 04ab1dbc0cb6, networkLocation: /default-rack, certSerialId: null}, Type:RATIS, Factor:ONE, State:ALLOCATED, leaderId:null, CreationTimestamp2020-06-06T05:43:20.906Z]
2020-06-06 05:43:20,907 [RatisPipelineUtilsThread] ERROR pipeline.SCMPipelineManager (SCMPipelineManager.java:createPipeline(222)) - Failed to create pipeline of type RATIS and factor ONE. Exception: Cannot create pipeline of factor 1 using 0 nodes. Used 6 nodes. Healthy nodes 6
2020-06-06 05:43:20,907 [RatisPipelineUtilsThread] INFO  pipeline.RatisPipelineProvider (RatisPipelineProvider.java:lambda$create$0(138)) - Sending CreatePipelineCommand for pipeline:PipelineID=f915dff4-fdf4-4931-bacc-15a434ae0e69 to datanode:5c3b1ee8-5ec3-426a-bdbd-c5e140144951
2020-06-06 05:43:20,907 [RatisPipelineUtilsThread] INFO  pipeline.RatisPipelineProvider (RatisPipelineProvider.java:lambda$create$0(138)) - Sending CreatePipelineCommand for pipeline:PipelineID=f915dff4-fdf4-4931-bacc-15a434ae0e69 to datanode:1ec43808-29a0-493f-bf2c-0e7e2b7cbdca
2020-06-06 05:43:20,907 [RatisPipelineUtilsThread] INFO  pipeline.RatisPipelineProvider (RatisPipelineProvider.java:lambda$create$0(138)) - Sending CreatePipelineCommand for pipeline:PipelineID=f915dff4-fdf4-4931-bacc-15a434ae0e69 to datanode:57f5666d-b59f-40cc-b98d-a67089cb0265
2020-06-06 05:43:20,908 [RatisPipelineUtilsThread] INFO  pipeline.PipelineStateManager (PipelineStateManager.java:addPipeline(54)) - Created pipeline Pipeline[ Id: f915dff4-fdf4-4931-bacc-15a434ae0e69, Nodes: 5c3b1ee8-5ec3-426a-bdbd-c5e140144951{ip: 172.17.0.2, host: 04ab1dbc0cb6, networkLocation: /default-rack, certSerialId: null}1ec43808-29a0-493f-bf2c-0e7e2b7cbdca{ip: 172.17.0.2, host: 04ab1dbc0cb6, networkLocation: /default-rack, certSerialId: null}57f5666d-b59f-40cc-b98d-a67089cb0265{ip: 172.17.0.2, host: 04ab1dbc0cb6, networkLocation: /default-rack, certSerialId: null}, Type:RATIS, Factor:THREE, State:ALLOCATED, leaderId:null, CreationTimestamp2020-06-06T05:43:20.907Z]
2020-06-06 05:43:20,915 [RatisPipelineUtilsThread] ERROR pipeline.SCMPipelineManager (SCMPipelineManager.java:createPipeline(222)) - Failed to create pipeline of type RATIS and factor THREE. Exception: Pipeline creation failed because nodes are engaged in other pipelines and every node can only be engaged in max 2 pipelines. Required 3. Found 0
2020-06-06 05:43:20,961 [Listener at 127.0.0.1/33409] INFO  ozone.MiniOzoneClusterImpl (MiniOzoneClusterImpl.java:lambda$waitForClusterToBeReady$0(177)) - Waiting for nodes to be ready. Got 6 of 7 DN Heartbeats.
2020-06-06 05:43:20,962 [Listener at 127.0.0.1/33409] INFO  ozone.MiniOzoneClusterImpl (MiniOzoneClusterImpl.java:lambda$waitForClusterToBeReady$0(180)) - Waiting for cluster to exit safe mode
2020-06-06 05:43:20,970 [IPC Server handler 8 on default port 44943] INFO  net.NetworkTopology (NetworkTopologyImpl.java:add(111)) - Added a new node: /default-rack/7397d4b2-971e-42cd-898a-a0d5de1e6c31
2020-06-06 05:43:20,970 [IPC Server handler 8 on default port 44943] INFO  node.SCMNodeManager (SCMNodeManager.java:register(268)) - Registered Data node : 7397d4b2-971e-42cd-898a-a0d5de1e6c31{ip: 172.17.0.2, host: 04ab1dbc0cb6, networkLocation: /default-rack, certSerialId: null}
2020-06-06 05:43:20,971 [EventQueue-NodeRegistrationContainerReportForDataNodeSafeModeRule] INFO  safemode.SCMSafeModeManager (SCMSafeModeManager.java:validateSafeModeExitRules(213)) - DataNodeSafeModeRule rule is successfully validated
2020-06-06 05:43:20,971 [EventQueue-NodeRegistrationContainerReportForContainerSafeModeRule] INFO  safemode.SCMSafeModeManager (SCMSafeModeManager.java:validateSafeModeExitRules(213)) - ContainerSafeModeRule rule is successfully validated
2020-06-06 05:43:20,971 [RatisPipelineUtilsThread] INFO  pipeline.RatisPipelineProvider (RatisPipelineProvider.java:lambda$create$0(138)) - Sending CreatePipelineCommand for pipeline:PipelineID=2c795aa9-c98d-404d-a64c-d268c89d4766 to datanode:7397d4b2-971e-42cd-898a-a0d5de1e6c31
2020-06-06 05:43:20,972 [RatisPipelineUtilsThread] INFO  pipeline.PipelineStateManager (PipelineStateManager.java:addPipeline(54)) - Created pipeline Pipeline[ Id: 2c795aa9-c98d-404d-a64c-d268c89d4766, Nodes: 7397d4b2-971e-42cd-898a-a0d5de1e6c31{ip: 172.17.0.2, host: 04ab1dbc0cb6, networkLocation: /default-rack, certSerialId: null}, Type:RATIS, Factor:ONE, State:ALLOCATED, leaderId:null, CreationTimestamp2020-06-06T05:43:20.971Z]
2020-06-06 05:43:20,972 [RatisPipelineUtilsThread] ERROR pipeline.SCMPipelineManager (SCMPipelineManager.java:createPipeline(222)) - Failed to create pipeline of type RATIS and factor ONE. Exception: Cannot create pipeline of factor 1 using 0 nodes. Used 7 nodes. Healthy nodes 7
2020-06-06 05:43:20,972 [RatisPipelineUtilsThread] ERROR pipeline.SCMPipelineManager (SCMPipelineManager.java:createPipeline(222)) - Failed to create pipeline of type RATIS and factor THREE. Exception: Pipeline creation failed because nodes are engaged in other pipelines and every node can only be engaged in max 2 pipelines. Required 3. Found 1
2020-06-06 05:43:21,962 [Listener at 127.0.0.1/33409] INFO  ozone.MiniOzoneClusterImpl (MiniOzoneClusterImpl.java:lambda$waitForClusterToBeReady$0(177)) - Nodes are ready. Got 7 of 7 DN Heartbeats.
2020-06-06 05:43:21,963 [Listener at 127.0.0.1/33409] INFO  ozone.MiniOzoneClusterImpl (MiniOzoneClusterImpl.java:lambda$waitForClusterToBeReady$0(180)) - Waiting for cluster to exit safe mode
2020-06-06 05:43:22,963 [Listener at 127.0.0.1/33409] INFO  ozone.MiniOzoneClusterImpl (MiniOzoneClusterImpl.java:lambda$waitForClusterToBeReady$0(177)) - Nodes are ready. Got 7 of 7 DN Heartbeats.
2020-06-06 05:43:22,963 [Listener at 127.0.0.1/33409] INFO  ozone.MiniOzoneClusterImpl (MiniOzoneClusterImpl.java:lambda$waitForClusterToBeReady$0(180)) - Waiting for cluster to exit safe mode
2020-06-06 05:43:23,391 [Command processor thread] INFO  impl.RaftServerProxy (RaftServerProxy.java:addNew(89)) - 1759bdf6-b62e-442e-9185-4af47b41fcdd: addNew group-CF3A680EB06E:[1759bdf6-b62e-442e-9185-4af47b41fcdd:172.17.0.2:37129] returns group-CF3A680EB06E:java.util.concurrent.CompletableFuture@73899f92[Not completed]
2020-06-06 05:43:23,434 [pool-35-thread-1] INFO  impl.RaftServerImpl (RaftServerImpl.java:<init>(98)) - 1759bdf6-b62e-442e-9185-4af47b41fcdd: new RaftServerImpl for group-CF3A680EB06E:[1759bdf6-b62e-442e-9185-4af47b41fcdd:172.17.0.2:37129] with ContainerStateMachine:uninitialized
2020-06-06 05:43:23,436 [pool-35-thread-1] INFO  server.RaftServerConfigKeys (ConfUtils.java:logGet(44)) - raft.server.rpc.timeout.min = 5s (custom)
2020-06-06 05:43:23,436 [pool-35-thread-1] INFO  server.RaftServerConfigKeys (ConfUtils.java:logGet(44)) - raft.server.rpc.timeout.max = 5200ms (custom)
2020-06-06 05:43:23,437 [pool-35-thread-1] INFO  server.RaftServerConfigKeys (ConfUtils.java:logGet(44)) - raft.server.rpcslowness.timeout = 300s (custom)
2020-06-06 05:43:23,437 [pool-35-thread-1] INFO  server.RaftServerConfigKeys (ConfUtils.java:logGet(44)) - raft.server.sleep.deviation.threshold = 300 (default)
2020-06-06 05:43:23,438 [pool-35-thread-1] INFO  server.RaftServerConfigKeys (ConfUtils.java:logGet(44)) - raft.server.log.appender.install.snapshot.enabled = false (custom)
2020-06-06 05:43:23,444 [pool-35-thread-1] INFO  impl.RaftServerImpl (ServerState.java:<init>(103)) - 1759bdf6-b62e-442e-9185-4af47b41fcdd@group-CF3A680EB06E: ConfigurationManager, init=-1: [1759bdf6-b62e-442e-9185-4af47b41fcdd:172.17.0.2:37129], old=null, confs=<EMPTY_MAP>
2020-06-06 05:43:23,444 [pool-35-thread-1] INFO  server.RaftServerConfigKeys (ConfUtils.java:logGet(44)) - raft.server.storage.dir = [/github/workspace/mnt/ozone/hadoop-ozone/integration-test/target/test-dir/MiniOzoneClusterImpl-498c920e-3839-4903-94df-b28741763660/datanode-0/data/ratis] (custom)
2020-06-06 05:43:23,450 [pool-35-thread-1] INFO  server.RaftServerConfigKeys (ConfUtils.java:logGet(44)) - raft.server.log.corruption.policy = EXCEPTION (default)
2020-06-06 05:43:23,451 [pool-35-thread-1] INFO  storage.RaftStorageDirectory (RaftStorageDirectory.java:analyzeStorage(261)) - The storage directory /github/workspace/mnt/ozone/hadoop-ozone/integration-test/target/test-dir/MiniOzoneClusterImpl-498c920e-3839-4903-94df-b28741763660/datanode-0/data/ratis/a24bf0ee-8bd2-4c59-a5a6-cf3a680eb06e does not exist. Creating ...
2020-06-06 05:43:23,455 [pool-35-thread-1] INFO  storage.RaftStorageDirectory (RaftStorageDirectory.java:tryLock(343)) - Lock on /github/workspace/mnt/ozone/hadoop-ozone/integration-test/target/test-dir/MiniOzoneClusterImpl-498c920e-3839-4903-94df-b28741763660/datanode-0/data/ratis/a24bf0ee-8bd2-4c59-a5a6-cf3a680eb06e/in_use.lock acquired by nodename 35709@04ab1dbc0cb6
2020-06-06 05:43:23,457 [pool-35-thread-1] INFO  storage.RaftStorage (RaftStorage.java:format(84)) - Storage directory /github/workspace/mnt/ozone/hadoop-ozone/integration-test/target/test-dir/MiniOzoneClusterImpl-498c920e-3839-4903-94df-b28741763660/datanode-0/data/ratis/a24bf0ee-8bd2-4c59-a5a6-cf3a680eb06e has been successfully formatted.
2020-06-06 05:43:23,469 [pool-35-thread-1] INFO  ratis.ContainerStateMachine (ContainerStateMachine.java:loadSnapshot(226)) - group-CF3A680EB06E: The snapshot info is null. Setting the last applied indexto:(t:0, i:~)
2020-06-06 05:43:23,469 [pool-35-thread-1] INFO  server.RaftServerConfigKeys (ConfUtils.java:logGet(44)) - raft.server.notification.no-leader.timeout = 60s (default)
2020-06-06 05:43:23,477 [pool-35-thread-1] INFO  server.RaftServerConfigKeys (ConfUtils.java:logGet(44)) - raft.server.log.use.memory = false (default)
2020-06-06 05:43:23,481 [pool-35-thread-1] INFO  server.RaftServerConfigKeys (ConfUtils.java:logGet(44)) - raft.server.log.purge.gap = 1000000 (custom)
2020-06-06 05:43:23,482 [pool-35-thread-1] INFO  server.RaftServerConfigKeys (ConfUtils.java:logGet(44)) - raft.server.log.appender.buffer.byte-limit = 33554432 (custom)
2020-06-06 05:43:23,482 [EventQueue-PipelineReportForPipelineReportHandler] INFO  pipeline.PipelineStateManager (PipelineStateManager.java:openPipeline(131)) - Pipeline Pipeline[ Id: a24bf0ee-8bd2-4c59-a5a6-cf3a680eb06e, Nodes: 1759bdf6-b62e-442e-9185-4af47b41fcdd{ip: 172.17.0.2, host: 04ab1dbc0cb6, networkLocation: /default-rack, certSerialId: null}, Type:RATIS, Factor:ONE, State:ALLOCATED, leaderId:1759bdf6-b62e-442e-9185-4af47b41fcdd, CreationTimestamp2020-06-06T05:43:20.382Z] moved to OPEN state
2020-06-06 05:43:23,484 [EventQueue-OpenPipelineForOneReplicaPipelineSafeModeRule] INFO  safemode.SCMSafeModeManager (SCMSafeModeManager.java:validateSafeModeExitRules(213)) - AtleastOneDatanodeReportedRule rule is successfully validated
2020-06-06 05:43:23,489 [pool-35-thread-1] INFO  server.RaftServerConfigKeys (ConfUtils.java:logGet(44)) - raft.server.log.segment.size.max = 1048576 (custom)
2020-06-06 05:43:23,492 [pool-35-thread-1] INFO  metrics.RatisMetrics (RatisMetrics.java:lambda$create$0(39)) - Creating Metrics Registry : ratis.log_worker.1759bdf6-b62e-442e-9185-4af47b41fcdd
2020-06-06 05:43:23,493 [EventQueue-OpenPipelineForHealthyPipelineSafeModeRule] INFO  safemode.SCMSafeModeManager (HealthyPipelineSafeModeRule.java:process(132)) - SCM in safe mode. Healthy pipelines reported count is 0, required healthy pipeline reported count is 1
2020-06-06 05:43:23,512 [pool-35-thread-1] INFO  server.RaftServerConfigKeys (ConfUtils.java:logGet(44)) - raft.server.log.segment.cache.num.max = 2 (custom)
2020-06-06 05:43:23,517 [pool-35-thread-1] INFO  segmented.SegmentedRaftLogWorker (SegmentedRaftLogWorker.java:<init>(176)) - new 1759bdf6-b62e-442e-9185-4af47b41fcdd@group-CF3A680EB06E-SegmentedRaftLogWorker for RaftStorage:Storage Directory /github/workspace/mnt/ozone/hadoop-ozone/integration-test/target/test-dir/MiniOzoneClusterImpl-498c920e-3839-4903-94df-b28741763660/datanode-0/data/ratis/a24bf0ee-8bd2-4c59-a5a6-cf3a680eb06e
2020-06-06 05:43:23,519 [pool-35-thread-1] INFO  server.RaftServerConfigKeys (ConfUtils.java:logGet(44)) - raft.server.log.queue.byte-limit = 2147483647 (custom)
2020-06-06 05:43:23,519 [pool-35-thread-1] INFO  server.RaftServerConfigKeys (ConfUtils.java:logGet(44)) - raft.server.log.queue.element-limit = 1024 (custom)
2020-06-06 05:43:23,521 [pool-35-thread-1] INFO  server.RaftServerConfigKeys (ConfUtils.java:logGet(44)) - raft.server.log.segment.size.max = 1048576 (custom)
2020-06-06 05:43:23,522 [pool-35-thread-1] INFO  server.RaftServerConfigKeys (ConfUtils.java:logGet(44)) - raft.server.log.preallocated.size = 16384 (custom)
2020-06-06 05:43:23,522 [pool-35-thread-1] INFO  server.RaftServerConfigKeys (ConfUtils.java:logGet(44)) - raft.server.log.write.buffer.size = 1048576 (custom)
2020-06-06 05:43:23,523 [pool-35-thread-1] INFO  server.RaftServerConfigKeys (ConfUtils.java:logGet(44)) - raft.server.log.force.sync.num = 128 (default)
2020-06-06 05:43:23,524 [pool-35-thread-1] INFO  server.RaftServerConfigKeys (ConfUtils.java:logGet(44)) - raft.server.log.statemachine.data.sync = true (default)
2020-06-06 05:43:23,524 [pool-35-thread-1] INFO  server.RaftServerConfigKeys (ConfUtils.java:logGet(44)) - raft.server.log.statemachine.data.sync.timeout = 10s (default)
2020-06-06 05:43:23,524 [pool-35-thread-1] INFO  server.RaftServerConfigKeys (ConfUtils.java:logGet(44)) - raft.server.log.statemachine.data.sync.timeout.retry = -1 (default)
2020-06-06 05:43:23,539 [Command processor thread] INFO  impl.RaftServerProxy (RaftServerProxy.java:addNew(89)) - 0f07ec13-85ff-4d8f-a7a2-4e7da8f3a33f: addNew group-CB81DD697583:[0f07ec13-85ff-4d8f-a7a2-4e7da8f3a33f:172.17.0.2:39881] returns group-CB81DD697583:java.util.concurrent.CompletableFuture@6d7bfc16[Not completed]
2020-06-06 05:43:23,546 [pool-35-thread-1] INFO  server.RaftServerConfigKeys (ConfUtils.java:logGet(44)) - raft.server.log.statemachine.data.caching.enabled = true (custom)
2020-06-06 05:43:23,550 [pool-35-thread-1] INFO  segmented.SegmentedRaftLogWorker (SegmentedRaftLogWorker.java:lambda$new$0(129)) - 1759bdf6-b62e-442e-9185-4af47b41fcdd@group-CF3A680EB06E-SegmentedRaftLogWorker: flushIndex: setUnconditionally 0 -> -1
2020-06-06 05:43:23,554 [pool-51-thread-1] INFO  impl.RaftServerImpl (RaftServerImpl.java:<init>(98)) - 0f07ec13-85ff-4d8f-a7a2-4e7da8f3a33f: new RaftServerImpl for group-CB81DD697583:[0f07ec13-85ff-4d8f-a7a2-4e7da8f3a33f:172.17.0.2:39881] with ContainerStateMachine:uninitialized
2020-06-06 05:43:23,557 [pool-51-thread-1] INFO  server.RaftServerConfigKeys (ConfUtils.java:logGet(44)) - raft.server.rpc.timeout.min = 5s (custom)
2020-06-06 05:43:23,557 [pool-51-thread-1] INFO  server.RaftServerConfigKeys (ConfUtils.java:logGet(44)) - raft.server.rpc.timeout.max = 5200ms (custom)
2020-06-06 05:43:23,557 [pool-51-thread-1] INFO  server.RaftServerConfigKeys (ConfUtils.java:logGet(44)) - raft.server.rpcslowness.timeout = 300s (custom)
2020-06-06 05:43:23,557 [pool-51-thread-1] INFO  server.RaftServerConfigKeys (ConfUtils.java:logGet(44)) - raft.server.sleep.deviation.threshold = 300 (default)
2020-06-06 05:43:23,557 [pool-51-thread-1] INFO  server.RaftServerConfigKeys (ConfUtils.java:logGet(44)) - raft.server.log.appender.install.snapshot.enabled = false (custom)
2020-06-06 05:43:23,557 [pool-51-thread-1] INFO  impl.RaftServerImpl (ServerState.java:<init>(103)) - 0f07ec13-85ff-4d8f-a7a2-4e7da8f3a33f@group-CB81DD697583: ConfigurationManager, init=-1: [0f07ec13-85ff-4d8f-a7a2-4e7da8f3a33f:172.17.0.2:39881], old=null, confs=<EMPTY_MAP>
2020-06-06 05:43:23,557 [pool-51-thread-1] INFO  server.RaftServerConfigKeys (ConfUtils.java:logGet(44)) - raft.server.storage.dir = [/github/workspace/mnt/ozone/hadoop-ozone/integration-test/target/test-dir/MiniOzoneClusterImpl-498c920e-3839-4903-94df-b28741763660/datanode-1/data/ratis] (custom)
2020-06-06 05:43:23,558 [pool-51-thread-1] INFO  server.RaftServerConfigKeys (ConfUtils.java:logGet(44)) - raft.server.log.corruption.policy = EXCEPTION (default)
2020-06-06 05:43:23,561 [pool-35-thread-1] INFO  server.RaftServerConfigKeys (ConfUtils.java:logGet(44)) - raft.server.snapshot.auto.trigger.enabled = true (custom)
2020-06-06 05:43:23,558 [pool-51-thread-1] INFO  storage.RaftStorageDirectory (RaftStorageDirectory.java:analyzeStorage(261)) - The storage directory /github/workspace/mnt/ozone/hadoop-ozone/integration-test/target/test-dir/MiniOzoneClusterImpl-498c920e-3839-4903-94df-b28741763660/datanode-1/data/ratis/0f480c4d-476b-44ee-b079-cb81dd697583 does not exist. Creating ...
2020-06-06 05:43:23,566 [pool-51-thread-1] INFO  storage.RaftStorageDirectory (RaftStorageDirectory.java:tryLock(343)) - Lock on /github/workspace/mnt/ozone/hadoop-ozone/integration-test/target/test-dir/MiniOzoneClusterImpl-498c920e-3839-4903-94df-b28741763660/datanode-1/data/ratis/0f480c4d-476b-44ee-b079-cb81dd697583/in_use.lock acquired by nodename 35709@04ab1dbc0cb6
2020-06-06 05:43:23,567 [pool-51-thread-1] INFO  storage.RaftStorage (RaftStorage.java:format(84)) - Storage directory /github/workspace/mnt/ozone/hadoop-ozone/integration-test/target/test-dir/MiniOzoneClusterImpl-498c920e-3839-4903-94df-b28741763660/datanode-1/data/ratis/0f480c4d-476b-44ee-b079-cb81dd697583 has been successfully formatted.
2020-06-06 05:43:23,575 [pool-35-thread-1] INFO  server.RaftServerConfigKeys (ConfUtils.java:logGet(44)) - raft.server.snapshot.auto.trigger.threshold = 10000 (custom)
2020-06-06 05:43:23,575 [pool-35-thread-1] INFO  server.RaftServerConfigKeys (ConfUtils.java:logGet(44)) - raft.server.snapshot.retention.file.num = 5 (custom)
2020-06-06 05:43:23,576 [pool-35-thread-1] INFO  server.RaftServerConfigKeys (ConfUtils.java:logGet(44)) - raft.server.log.purge.upto.snapshot.index = false (default)
2020-06-06 05:43:23,576 [pool-35-thread-1] INFO  server.RaftServerConfigKeys (ConfUtils.java:logGet(44)) - raft.server.retrycache.expirytime = 600000ms (custom)
2020-06-06 05:43:23,573 [pool-51-thread-1] INFO  ratis.ContainerStateMachine (ContainerStateMachine.java:loadSnapshot(226)) - group-CB81DD697583: The snapshot info is null. Setting the last applied indexto:(t:0, i:~)
2020-06-06 05:43:23,579 [pool-51-thread-1] INFO  server.RaftServerConfigKeys (ConfUtils.java:logGet(44)) - raft.server.notification.no-leader.timeout = 60s (default)
2020-06-06 05:43:23,579 [pool-51-thread-1] INFO  server.RaftServerConfigKeys (ConfUtils.java:logGet(44)) - raft.server.log.use.memory = false (default)
2020-06-06 05:43:23,579 [pool-51-thread-1] INFO  server.RaftServerConfigKeys (ConfUtils.java:logGet(44)) - raft.server.log.purge.gap = 1000000 (custom)
2020-06-06 05:43:23,579 [pool-51-thread-1] INFO  server.RaftServerConfigKeys (ConfUtils.java:logGet(44)) - raft.server.log.appender.buffer.byte-limit = 33554432 (custom)
2020-06-06 05:43:23,579 [pool-51-thread-1] INFO  server.RaftServerConfigKeys (ConfUtils.java:logGet(44)) - raft.server.log.segment.size.max = 1048576 (custom)
2020-06-06 05:43:23,579 [EventQueue-PipelineReportForPipelineReportHandler] INFO  pipeline.PipelineStateManager (PipelineStateManager.java:openPipeline(131)) - Pipeline Pipeline[ Id: 0f480c4d-476b-44ee-b079-cb81dd697583, Nodes: 0f07ec13-85ff-4d8f-a7a2-4e7da8f3a33f{ip: 172.17.0.2, host: 04ab1dbc0cb6, networkLocation: /default-rack, certSerialId: null}, Type:RATIS, Factor:ONE, State:ALLOCATED, leaderId:0f07ec13-85ff-4d8f-a7a2-4e7da8f3a33f, CreationTimestamp2020-06-06T05:43:20.539Z] moved to OPEN state
2020-06-06 05:43:23,580 [EventQueue-OpenPipelineForOneReplicaPipelineSafeModeRule] INFO  safemode.SCMSafeModeManager (SCMSafeModeManager.java:validateSafeModeExitRules(213)) - AtleastOneDatanodeReportedRule rule is successfully validated
2020-06-06 05:43:23,580 [EventQueue-OpenPipelineForHealthyPipelineSafeModeRule] INFO  safemode.SCMSafeModeManager (HealthyPipelineSafeModeRule.java:process(132)) - SCM in safe mode. Healthy pipelines reported count is 0, required healthy pipeline reported count is 1
2020-06-06 05:43:23,579 [pool-51-thread-1] INFO  metrics.RatisMetrics (RatisMetrics.java:lambda$create$0(39)) - Creating Metrics Registry : ratis.log_worker.0f07ec13-85ff-4d8f-a7a2-4e7da8f3a33f
2020-06-06 05:43:23,582 [pool-51-thread-1] INFO  server.RaftServerConfigKeys (ConfUtils.java:logGet(44)) - raft.server.log.segment.cache.num.max = 2 (custom)
2020-06-06 05:43:23,582 [pool-51-thread-1] INFO  segmented.SegmentedRaftLogWorker (SegmentedRaftLogWorker.java:<init>(176)) - new 0f07ec13-85ff-4d8f-a7a2-4e7da8f3a33f@group-CB81DD697583-SegmentedRaftLogWorker for RaftStorage:Storage Directory /github/workspace/mnt/ozone/hadoop-ozone/integration-test/target/test-dir/MiniOzoneClusterImpl-498c920e-3839-4903-94df-b28741763660/datanode-1/data/ratis/0f480c4d-476b-44ee-b079-cb81dd697583
2020-06-06 05:43:23,584 [pool-51-thread-1] INFO  server.RaftServerConfigKeys (ConfUtils.java:logGet(44)) - raft.server.log.queue.byte-limit = 2147483647 (custom)
2020-06-06 05:43:23,584 [pool-51-thread-1] INFO  server.RaftServerConfigKeys (ConfUtils.java:logGet(44)) - raft.server.log.queue.element-limit = 1024 (custom)
2020-06-06 05:43:23,585 [pool-51-thread-1] INFO  server.RaftServerConfigKeys (ConfUtils.java:logGet(44)) - raft.server.log.segment.size.max = 1048576 (custom)
2020-06-06 05:43:23,585 [pool-51-thread-1] INFO  server.RaftServerConfigKeys (ConfUtils.java:logGet(44)) - raft.server.log.preallocated.size = 16384 (custom)
2020-06-06 05:43:23,585 [pool-51-thread-1] INFO  server.RaftServerConfigKeys (ConfUtils.java:logGet(44)) - raft.server.log.write.buffer.size = 1048576 (custom)
2020-06-06 05:43:23,585 [pool-51-thread-1] INFO  server.RaftServerConfigKeys (ConfUtils.java:logGet(44)) - raft.server.log.force.sync.num = 128 (default)
2020-06-06 05:43:23,585 [pool-51-thread-1] INFO  server.RaftServerConfigKeys (ConfUtils.java:logGet(44)) - raft.server.log.statemachine.data.sync = true (default)
2020-06-06 05:43:23,585 [pool-51-thread-1] INFO  server.RaftServerConfigKeys (ConfUtils.java:logGet(44)) - raft.server.log.statemachine.data.sync.timeout = 10s (default)
2020-06-06 05:43:23,585 [pool-51-thread-1] INFO  server.RaftServerConfigKeys (ConfUtils.java:logGet(44)) - raft.server.log.statemachine.data.sync.timeout.retry = -1 (default)
2020-06-06 05:43:23,587 [pool-51-thread-1] INFO  server.RaftServerConfigKeys (ConfUtils.java:logGet(44)) - raft.server.log.statemachine.data.caching.enabled = true (custom)
2020-06-06 05:43:23,587 [pool-51-thread-1] INFO  segmented.SegmentedRaftLogWorker (SegmentedRaftLogWorker.java:lambda$new$0(129)) - 0f07ec13-85ff-4d8f-a7a2-4e7da8f3a33f@group-CB81DD697583-SegmentedRaftLogWorker: flushIndex: setUnconditionally 0 -> -1
2020-06-06 05:43:23,587 [pool-51-thread-1] INFO  server.RaftServerConfigKeys (ConfUtils.java:logGet(44)) - raft.server.snapshot.auto.trigger.enabled = true (custom)
2020-06-06 05:43:23,588 [pool-51-thread-1] INFO  server.RaftServerConfigKeys (ConfUtils.java:logGet(44)) - raft.server.snapshot.auto.trigger.threshold = 10000 (custom)
2020-06-06 05:43:23,588 [pool-51-thread-1] INFO  server.RaftServerConfigKeys (ConfUtils.java:logGet(44)) - raft.server.snapshot.retention.file.num = 5 (custom)
2020-06-06 05:43:23,588 [pool-51-thread-1] INFO  server.RaftServerConfigKeys (ConfUtils.java:logGet(44)) - raft.server.log.purge.upto.snapshot.index = false (default)
2020-06-06 05:43:23,588 [pool-51-thread-1] INFO  server.RaftServerConfigKeys (ConfUtils.java:logGet(44)) - raft.server.retrycache.expirytime = 600000ms (custom)
2020-06-06 05:43:23,608 [pool-35-thread-1] INFO  metrics.RatisMetrics (RatisMetrics.java:lambda$create$0(39)) - Creating Metrics Registry : ratis.leader_election.1759bdf6-b62e-442e-9185-4af47b41fcdd@group-CF3A680EB06E
2020-06-06 05:43:23,609 [pool-51-thread-1] INFO  metrics.RatisMetrics (RatisMetrics.java:lambda$create$0(39)) - Creating Metrics Registry : ratis.leader_election.0f07ec13-85ff-4d8f-a7a2-4e7da8f3a33f@group-CB81DD697583
2020-06-06 05:43:23,611 [pool-51-thread-1] INFO  metrics.RatisMetrics (RatisMetrics.java:lambda$create$0(39)) - Creating Metrics Registry : ratis.server.0f07ec13-85ff-4d8f-a7a2-4e7da8f3a33f@group-CB81DD697583
2020-06-06 05:43:23,612 [pool-35-thread-1] INFO  metrics.RatisMetrics (RatisMetrics.java:lambda$create$0(39)) - Creating Metrics Registry : ratis.server.1759bdf6-b62e-442e-9185-4af47b41fcdd@group-CF3A680EB06E
2020-06-06 05:43:23,622 [pool-35-thread-1] INFO  impl.RaftServerImpl (RaftServerImpl.java:start(184)) - 1759bdf6-b62e-442e-9185-4af47b41fcdd@group-CF3A680EB06E: start as a follower, conf=-1: [1759bdf6-b62e-442e-9185-4af47b41fcdd:172.17.0.2:37129], old=null
2020-06-06 05:43:23,624 [pool-35-thread-1] INFO  impl.RaftServerImpl (RaftServerImpl.java:setRole(173)) - 1759bdf6-b62e-442e-9185-4af47b41fcdd@group-CF3A680EB06E: changes role from      null to FOLLOWER at term 0 for startAsFollower
2020-06-06 05:43:23,624 [pool-51-thread-1] INFO  impl.RaftServerImpl (RaftServerImpl.java:start(184)) - 0f07ec13-85ff-4d8f-a7a2-4e7da8f3a33f@group-CB81DD697583: start as a follower, conf=-1: [0f07ec13-85ff-4d8f-a7a2-4e7da8f3a33f:172.17.0.2:39881], old=null
2020-06-06 05:43:23,624 [pool-51-thread-1] INFO  impl.RaftServerImpl (RaftServerImpl.java:setRole(173)) - 0f07ec13-85ff-4d8f-a7a2-4e7da8f3a33f@group-CB81DD697583: changes role from      null to FOLLOWER at term 0 for startAsFollower
2020-06-06 05:43:23,625 [pool-51-thread-1] INFO  impl.RoleInfo (RoleInfo.java:updateAndGet(143)) - 0f07ec13-85ff-4d8f-a7a2-4e7da8f3a33f: start FollowerState
2020-06-06 05:43:23,631 [pool-51-thread-1] INFO  util.JmxRegister (JmxRegister.java:tryRegister(44)) - Successfully registered JMX Bean with object name Ratis:service=RaftServer,group=group-CB81DD697583,id=0f07ec13-85ff-4d8f-a7a2-4e7da8f3a33f
2020-06-06 05:43:23,625 [pool-35-thread-1] INFO  impl.RoleInfo (RoleInfo.java:updateAndGet(143)) - 1759bdf6-b62e-442e-9185-4af47b41fcdd: start FollowerState
2020-06-06 05:43:23,632 [Command processor thread] INFO  impl.RaftServerProxy (RaftServerProxy.java:addNew(89)) - 0e538569-32db-42d4-b5fd-7023928f007e: addNew group-95C24F9FF001:[0e538569-32db-42d4-b5fd-7023928f007e:172.17.0.2:37221] returns group-95C24F9FF001:java.util.concurrent.CompletableFuture@6dff0b69[Not completed]
2020-06-06 05:43:23,632 [pool-51-thread-1] INFO  metrics.RatisMetrics (RatisMetrics.java:lambda$create$0(39)) - Creating Metrics Registry : ratis.state_machine.0f07ec13-85ff-4d8f-a7a2-4e7da8f3a33f@group-CB81DD697583
2020-06-06 05:43:23,633 [pool-35-thread-1] INFO  util.JmxRegister (JmxRegister.java:tryRegister(44)) - Successfully registered JMX Bean with object name Ratis:service=RaftServer,group=group-CF3A680EB06E,id=1759bdf6-b62e-442e-9185-4af47b41fcdd
2020-06-06 05:43:23,637 [pool-35-thread-1] INFO  metrics.RatisMetrics (RatisMetrics.java:lambda$create$0(39)) - Creating Metrics Registry : ratis.state_machine.1759bdf6-b62e-442e-9185-4af47b41fcdd@group-CF3A680EB06E
2020-06-06 05:43:23,657 [pool-67-thread-1] INFO  impl.RaftServerImpl (RaftServerImpl.java:<init>(98)) - 0e538569-32db-42d4-b5fd-7023928f007e: new RaftServerImpl for group-95C24F9FF001:[0e538569-32db-42d4-b5fd-7023928f007e:172.17.0.2:37221] with ContainerStateMachine:uninitialized
2020-06-06 05:43:23,662 [pool-67-thread-1] INFO  server.RaftServerConfigKeys (ConfUtils.java:logGet(44)) - raft.server.rpc.timeout.min = 5s (custom)
2020-06-06 05:43:23,662 [pool-67-thread-1] INFO  server.RaftServerConfigKeys (ConfUtils.java:logGet(44)) - raft.server.rpc.timeout.max = 5200ms (custom)
2020-06-06 05:43:23,662 [pool-67-thread-1] INFO  server.RaftServerConfigKeys (ConfUtils.java:logGet(44)) - raft.server.rpcslowness.timeout = 300s (custom)
2020-06-06 05:43:23,662 [pool-67-thread-1] INFO  server.RaftServerConfigKeys (ConfUtils.java:logGet(44)) - raft.server.sleep.deviation.threshold = 300 (default)
2020-06-06 05:43:23,662 [pool-67-thread-1] INFO  server.RaftServerConfigKeys (ConfUtils.java:logGet(44)) - raft.server.log.appender.install.snapshot.enabled = false (custom)
2020-06-06 05:43:23,662 [pool-67-thread-1] INFO  impl.RaftServerImpl (ServerState.java:<init>(103)) - 0e538569-32db-42d4-b5fd-7023928f007e@group-95C24F9FF001: ConfigurationManager, init=-1: [0e538569-32db-42d4-b5fd-7023928f007e:172.17.0.2:37221], old=null, confs=<EMPTY_MAP>
2020-06-06 05:43:23,662 [pool-67-thread-1] INFO  server.RaftServerConfigKeys (ConfUtils.java:logGet(44)) - raft.server.storage.dir = [/github/workspace/mnt/ozone/hadoop-ozone/integration-test/target/test-dir/MiniOzoneClusterImpl-498c920e-3839-4903-94df-b28741763660/datanode-2/data/ratis] (custom)
2020-06-06 05:43:23,663 [pool-67-thread-1] INFO  server.RaftServerConfigKeys (ConfUtils.java:logGet(44)) - raft.server.log.corruption.policy = EXCEPTION (default)
2020-06-06 05:43:23,663 [pool-67-thread-1] INFO  storage.RaftStorageDirectory (RaftStorageDirectory.java:analyzeStorage(261)) - The storage directory /github/workspace/mnt/ozone/hadoop-ozone/integration-test/target/test-dir/MiniOzoneClusterImpl-498c920e-3839-4903-94df-b28741763660/datanode-2/data/ratis/32f424f0-3510-4648-8dc6-95c24f9ff001 does not exist. Creating ...
2020-06-06 05:43:23,664 [pool-67-thread-1] INFO  storage.RaftStorageDirectory (RaftStorageDirectory.java:tryLock(343)) - Lock on /github/workspace/mnt/ozone/hadoop-ozone/integration-test/target/test-dir/MiniOzoneClusterImpl-498c920e-3839-4903-94df-b28741763660/datanode-2/data/ratis/32f424f0-3510-4648-8dc6-95c24f9ff001/in_use.lock acquired by nodename 35709@04ab1dbc0cb6
2020-06-06 05:43:23,665 [pool-67-thread-1] INFO  storage.RaftStorage (RaftStorage.java:format(84)) - Storage directory /github/workspace/mnt/ozone/hadoop-ozone/integration-test/target/test-dir/MiniOzoneClusterImpl-498c920e-3839-4903-94df-b28741763660/datanode-2/data/ratis/32f424f0-3510-4648-8dc6-95c24f9ff001 has been successfully formatted.
2020-06-06 05:43:23,666 [pool-67-thread-1] INFO  ratis.ContainerStateMachine (ContainerStateMachine.java:loadSnapshot(226)) - group-95C24F9FF001: The snapshot info is null. Setting the last applied indexto:(t:0, i:~)
2020-06-06 05:43:23,666 [pool-67-thread-1] INFO  server.RaftServerConfigKeys (ConfUtils.java:logGet(44)) - raft.server.notification.no-leader.timeout = 60s (default)
2020-06-06 05:43:23,666 [pool-67-thread-1] INFO  server.RaftServerConfigKeys (ConfUtils.java:logGet(44)) - raft.server.log.use.memory = false (default)
2020-06-06 05:43:23,666 [pool-67-thread-1] INFO  server.RaftServerConfigKeys (ConfUtils.java:logGet(44)) - raft.server.log.purge.gap = 1000000 (custom)
2020-06-06 05:43:23,666 [pool-67-thread-1] INFO  server.RaftServerConfigKeys (ConfUtils.java:logGet(44)) - raft.server.log.appender.buffer.byte-limit = 33554432 (custom)
2020-06-06 05:43:23,666 [pool-67-thread-1] INFO  server.RaftServerConfigKeys (ConfUtils.java:logGet(44)) - raft.server.log.segment.size.max = 1048576 (custom)
2020-06-06 05:43:23,666 [pool-67-thread-1] INFO  metrics.RatisMetrics (RatisMetrics.java:lambda$create$0(39)) - Creating Metrics Registry : ratis.log_worker.0e538569-32db-42d4-b5fd-7023928f007e
2020-06-06 05:43:23,667 [pool-67-thread-1] INFO  server.RaftServerConfigKeys (ConfUtils.java:logGet(44)) - raft.server.log.segment.cache.num.max = 2 (custom)
2020-06-06 05:43:23,667 [pool-67-thread-1] INFO  segmented.SegmentedRaftLogWorker (SegmentedRaftLogWorker.java:<init>(176)) - new 0e538569-32db-42d4-b5fd-7023928f007e@group-95C24F9FF001-SegmentedRaftLogWorker for RaftStorage:Storage Directory /github/workspace/mnt/ozone/hadoop-ozone/integration-test/target/test-dir/MiniOzoneClusterImpl-498c920e-3839-4903-94df-b28741763660/datanode-2/data/ratis/32f424f0-3510-4648-8dc6-95c24f9ff001
2020-06-06 05:43:23,667 [pool-67-thread-1] INFO  server.RaftServerConfigKeys (ConfUtils.java:logGet(44)) - raft.server.log.queue.byte-limit = 2147483647 (custom)
2020-06-06 05:43:23,667 [pool-67-thread-1] INFO  server.RaftServerConfigKeys (ConfUtils.java:logGet(44)) - raft.server.log.queue.element-limit = 1024 (custom)
2020-06-06 05:43:23,667 [pool-67-thread-1] INFO  server.RaftServerConfigKeys (ConfUtils.java:logGet(44)) - raft.server.log.segment.size.max = 1048576 (custom)
2020-06-06 05:43:23,667 [pool-67-thread-1] INFO  server.RaftServerConfigKeys (ConfUtils.java:logGet(44)) - raft.server.log.preallocated.size = 16384 (custom)
2020-06-06 05:43:23,667 [pool-67-thread-1] INFO  server.RaftServerConfigKeys (ConfUtils.java:logGet(44)) - raft.server.log.write.buffer.size = 1048576 (custom)
2020-06-06 05:43:23,667 [pool-67-thread-1] INFO  server.RaftServerConfigKeys (ConfUtils.java:logGet(44)) - raft.server.log.force.sync.num = 128 (default)
2020-06-06 05:43:23,667 [pool-67-thread-1] INFO  server.RaftServerConfigKeys (ConfUtils.java:logGet(44)) - raft.server.log.statemachine.data.sync = true (default)
2020-06-06 05:43:23,667 [pool-67-thread-1] INFO  server.RaftServerConfigKeys (ConfUtils.java:logGet(44)) - raft.server.log.statemachine.data.sync.timeout = 10s (default)
2020-06-06 05:43:23,667 [pool-67-thread-1] INFO  server.RaftServerConfigKeys (ConfUtils.java:logGet(44)) - raft.server.log.statemachine.data.sync.timeout.retry = -1 (default)
2020-06-06 05:43:23,669 [pool-67-thread-1] INFO  server.RaftServerConfigKeys (ConfUtils.java:logGet(44)) - raft.server.log.statemachine.data.caching.enabled = true (custom)
2020-06-06 05:43:23,669 [pool-67-thread-1] INFO  segmented.SegmentedRaftLogWorker (SegmentedRaftLogWorker.java:lambda$new$0(129)) - 0e538569-32db-42d4-b5fd-7023928f007e@group-95C24F9FF001-SegmentedRaftLogWorker: flushIndex: setUnconditionally 0 -> -1
2020-06-06 05:43:23,670 [Command processor thread] INFO  commandhandler.CreatePipelineCommandHandler (CreatePipelineCommandHandler.java:handle(109)) - Created Pipeline RATIS ONE #id: "a24bf0ee-8bd2-4c59-a5a6-cf3a680eb06e"
.
2020-06-06 05:43:23,670 [pool-67-thread-1] INFO  server.RaftServerConfigKeys (ConfUtils.java:logGet(44)) - raft.server.snapshot.auto.trigger.enabled = true (custom)
2020-06-06 05:43:23,670 [pool-67-thread-1] INFO  server.RaftServerConfigKeys (ConfUtils.java:logGet(44)) - raft.server.snapshot.auto.trigger.threshold = 10000 (custom)
2020-06-06 05:43:23,670 [pool-67-thread-1] INFO  server.RaftServerConfigKeys (ConfUtils.java:logGet(44)) - raft.server.snapshot.retention.file.num = 5 (custom)
2020-06-06 05:43:23,670 [pool-67-thread-1] INFO  server.RaftServerConfigKeys (ConfUtils.java:logGet(44)) - raft.server.log.purge.upto.snapshot.index = false (default)
2020-06-06 05:43:23,670 [pool-67-thread-1] INFO  server.RaftServerConfigKeys (ConfUtils.java:logGet(44)) - raft.server.retrycache.expirytime = 600000ms (custom)
2020-06-06 05:43:23,671 [pool-67-thread-1] INFO  metrics.RatisMetrics (RatisMetrics.java:lambda$create$0(39)) - Creating Metrics Registry : ratis.leader_election.0e538569-32db-42d4-b5fd-7023928f007e@group-95C24F9FF001
2020-06-06 05:43:23,671 [pool-67-thread-1] INFO  metrics.RatisMetrics (RatisMetrics.java:lambda$create$0(39)) - Creating Metrics Registry : ratis.server.0e538569-32db-42d4-b5fd-7023928f007e@group-95C24F9FF001
2020-06-06 05:43:23,681 [pool-67-thread-1] INFO  impl.RaftServerImpl (RaftServerImpl.java:start(184)) - 0e538569-32db-42d4-b5fd-7023928f007e@group-95C24F9FF001: start as a follower, conf=-1: [0e538569-32db-42d4-b5fd-7023928f007e:172.17.0.2:37221], old=null
2020-06-06 05:43:23,681 [pool-67-thread-1] INFO  impl.RaftServerImpl (RaftServerImpl.java:setRole(173)) - 0e538569-32db-42d4-b5fd-7023928f007e@group-95C24F9FF001: changes role from      null to FOLLOWER at term 0 for startAsFollower
2020-06-06 05:43:23,681 [pool-67-thread-1] INFO  impl.RoleInfo (RoleInfo.java:updateAndGet(143)) - 0e538569-32db-42d4-b5fd-7023928f007e: start FollowerState
2020-06-06 05:43:23,684 [pool-67-thread-1] INFO  util.JmxRegister (JmxRegister.java:tryRegister(44)) - Successfully registered JMX Bean with object name Ratis:service=RaftServer,group=group-95C24F9FF001,id=0e538569-32db-42d4-b5fd-7023928f007e
2020-06-06 05:43:23,684 [pool-67-thread-1] INFO  metrics.RatisMetrics (RatisMetrics.java:lambda$create$0(39)) - Creating Metrics Registry : ratis.state_machine.0e538569-32db-42d4-b5fd-7023928f007e@group-95C24F9FF001
2020-06-06 05:43:23,685 [Command processor thread] INFO  impl.RaftServerProxy (RaftServerProxy.java:addNew(89)) - 1759bdf6-b62e-442e-9185-4af47b41fcdd: addNew group-39414941C540:[0f07ec13-85ff-4d8f-a7a2-4e7da8f3a33f:172.17.0.2:39881, 1759bdf6-b62e-442e-9185-4af47b41fcdd:172.17.0.2:37129, 0e538569-32db-42d4-b5fd-7023928f007e:172.17.0.2:37221] returns group-39414941C540:java.util.concurrent.CompletableFuture@4e404b95[Not completed]
2020-06-06 05:43:23,686 [pool-35-thread-1] INFO  impl.RaftServerImpl (RaftServerImpl.java:<init>(98)) - 1759bdf6-b62e-442e-9185-4af47b41fcdd: new RaftServerImpl for group-39414941C540:[0f07ec13-85ff-4d8f-a7a2-4e7da8f3a33f:172.17.0.2:39881, 1759bdf6-b62e-442e-9185-4af47b41fcdd:172.17.0.2:37129, 0e538569-32db-42d4-b5fd-7023928f007e:172.17.0.2:37221] with ContainerStateMachine:uninitialized
2020-06-06 05:43:23,686 [pool-35-thread-1] INFO  server.RaftServerConfigKeys (ConfUtils.java:logGet(44)) - raft.server.rpc.timeout.min = 5s (custom)
2020-06-06 05:43:23,686 [pool-35-thread-1] INFO  server.RaftServerConfigKeys (ConfUtils.java:logGet(44)) - raft.server.rpc.timeout.max = 5200ms (custom)
2020-06-06 05:43:23,687 [pool-35-thread-1] INFO  server.RaftServerConfigKeys (ConfUtils.java:logGet(44)) - raft.server.rpcslowness.timeout = 300s (custom)
2020-06-06 05:43:23,687 [pool-35-thread-1] INFO  server.RaftServerConfigKeys (ConfUtils.java:logGet(44)) - raft.server.sleep.deviation.threshold = 300 (default)
2020-06-06 05:43:23,687 [pool-35-thread-1] INFO  server.RaftServerConfigKeys (ConfUtils.java:logGet(44)) - raft.server.log.appender.install.snapshot.enabled = false (custom)
2020-06-06 05:43:23,687 [pool-35-thread-1] INFO  impl.RaftServerImpl (ServerState.java:<init>(103)) - 1759bdf6-b62e-442e-9185-4af47b41fcdd@group-39414941C540: ConfigurationManager, init=-1: [0f07ec13-85ff-4d8f-a7a2-4e7da8f3a33f:172.17.0.2:39881, 1759bdf6-b62e-442e-9185-4af47b41fcdd:172.17.0.2:37129, 0e538569-32db-42d4-b5fd-7023928f007e:172.17.0.2:37221], old=null, confs=<EMPTY_MAP>
2020-06-06 05:43:23,687 [pool-35-thread-1] INFO  server.RaftServerConfigKeys (ConfUtils.java:logGet(44)) - raft.server.storage.dir = [/github/workspace/mnt/ozone/hadoop-ozone/integration-test/target/test-dir/MiniOzoneClusterImpl-498c920e-3839-4903-94df-b28741763660/datanode-0/data/ratis] (custom)
2020-06-06 05:43:23,687 [pool-35-thread-1] INFO  server.RaftServerConfigKeys (ConfUtils.java:logGet(44)) - raft.server.log.corruption.policy = EXCEPTION (default)
2020-06-06 05:43:23,687 [pool-35-thread-1] INFO  storage.RaftStorageDirectory (RaftStorageDirectory.java:analyzeStorage(261)) - The storage directory /github/workspace/mnt/ozone/hadoop-ozone/integration-test/target/test-dir/MiniOzoneClusterImpl-498c920e-3839-4903-94df-b28741763660/datanode-0/data/ratis/5eb153f7-d415-4876-9c3f-39414941c540 does not exist. Creating ...
2020-06-06 05:43:23,688 [pool-35-thread-1] INFO  storage.RaftStorageDirectory (RaftStorageDirectory.java:tryLock(343)) - Lock on /github/workspace/mnt/ozone/hadoop-ozone/integration-test/target/test-dir/MiniOzoneClusterImpl-498c920e-3839-4903-94df-b28741763660/datanode-0/data/ratis/5eb153f7-d415-4876-9c3f-39414941c540/in_use.lock acquired by nodename 35709@04ab1dbc0cb6
2020-06-06 05:43:23,685 [Command processor thread] INFO  commandhandler.CreatePipelineCommandHandler (CreatePipelineCommandHandler.java:handle(109)) - Created Pipeline RATIS ONE #id: "0f480c4d-476b-44ee-b079-cb81dd697583"
.
2020-06-06 05:43:23,694 [Command processor thread] INFO  commandhandler.CreatePipelineCommandHandler (CreatePipelineCommandHandler.java:handle(109)) - Created Pipeline RATIS ONE #id: "32f424f0-3510-4648-8dc6-95c24f9ff001"
.
2020-06-06 05:43:23,694 [EventQueue-PipelineReportForPipelineReportHandler] INFO  pipeline.PipelineStateManager (PipelineStateManager.java:openPipeline(131)) - Pipeline Pipeline[ Id: 32f424f0-3510-4648-8dc6-95c24f9ff001, Nodes: 0e538569-32db-42d4-b5fd-7023928f007e{ip: 172.17.0.2, host: 04ab1dbc0cb6, networkLocation: /default-rack, certSerialId: null}, Type:RATIS, Factor:ONE, State:ALLOCATED, leaderId:0e538569-32db-42d4-b5fd-7023928f007e, CreationTimestamp2020-06-06T05:43:20.634Z] moved to OPEN state
2020-06-06 05:43:23,695 [EventQueue-OpenPipelineForOneReplicaPipelineSafeModeRule] INFO  safemode.SCMSafeModeManager (SCMSafeModeManager.java:validateSafeModeExitRules(213)) - AtleastOneDatanodeReportedRule rule is successfully validated
2020-06-06 05:43:23,695 [EventQueue-OpenPipelineForHealthyPipelineSafeModeRule] INFO  safemode.SCMSafeModeManager (HealthyPipelineSafeModeRule.java:process(132)) - SCM in safe mode. Healthy pipelines reported count is 0, required healthy pipeline reported count is 1
2020-06-06 05:43:23,695 [Command processor thread] INFO  impl.RaftServerProxy (RaftServerProxy.java:addNew(89)) - 0f07ec13-85ff-4d8f-a7a2-4e7da8f3a33f: addNew group-39414941C540:[0f07ec13-85ff-4d8f-a7a2-4e7da8f3a33f:172.17.0.2:39881, 1759bdf6-b62e-442e-9185-4af47b41fcdd:172.17.0.2:37129, 0e538569-32db-42d4-b5fd-7023928f007e:172.17.0.2:37221] returns group-39414941C540:java.util.concurrent.CompletableFuture@2f09a932[Not completed]
2020-06-06 05:43:23,696 [Command processor thread] INFO  impl.RaftServerProxy (RaftServerProxy.java:addNew(89)) - 0e538569-32db-42d4-b5fd-7023928f007e: addNew group-39414941C540:[0f07ec13-85ff-4d8f-a7a2-4e7da8f3a33f:172.17.0.2:39881, 1759bdf6-b62e-442e-9185-4af47b41fcdd:172.17.0.2:37129, 0e538569-32db-42d4-b5fd-7023928f007e:172.17.0.2:37221] returns group-39414941C540:java.util.concurrent.CompletableFuture@8956ead[Not completed]
2020-06-06 05:43:23,697 [pool-51-thread-1] INFO  impl.RaftServerImpl (RaftServerImpl.java:<init>(98)) - 0f07ec13-85ff-4d8f-a7a2-4e7da8f3a33f: new RaftServerImpl for group-39414941C540:[0f07ec13-85ff-4d8f-a7a2-4e7da8f3a33f:172.17.0.2:39881, 1759bdf6-b62e-442e-9185-4af47b41fcdd:172.17.0.2:37129, 0e538569-32db-42d4-b5fd-7023928f007e:172.17.0.2:37221] with ContainerStateMachine:uninitialized
2020-06-06 05:43:23,697 [pool-51-thread-1] INFO  server.RaftServerConfigKeys (ConfUtils.java:logGet(44)) - raft.server.rpc.timeout.min = 5s (custom)
2020-06-06 05:43:23,697 [pool-51-thread-1] INFO  server.RaftServerConfigKeys (ConfUtils.java:logGet(44)) - raft.server.rpc.timeout.max = 5200ms (custom)
2020-06-06 05:43:23,697 [pool-51-thread-1] INFO  server.RaftServerConfigKeys (ConfUtils.java:logGet(44)) - raft.server.rpcslowness.timeout = 300s (custom)
2020-06-06 05:43:23,697 [pool-51-thread-1] INFO  server.RaftServerConfigKeys (ConfUtils.java:logGet(44)) - raft.server.sleep.deviation.threshold = 300 (default)
2020-06-06 05:43:23,697 [pool-51-thread-1] INFO  server.RaftServerConfigKeys (ConfUtils.java:logGet(44)) - raft.server.log.appender.install.snapshot.enabled = false (custom)
2020-06-06 05:43:23,697 [pool-51-thread-1] INFO  impl.RaftServerImpl (ServerState.java:<init>(103)) - 0f07ec13-85ff-4d8f-a7a2-4e7da8f3a33f@group-39414941C540: ConfigurationManager, init=-1: [0f07ec13-85ff-4d8f-a7a2-4e7da8f3a33f:172.17.0.2:39881, 1759bdf6-b62e-442e-9185-4af47b41fcdd:172.17.0.2:37129, 0e538569-32db-42d4-b5fd-7023928f007e:172.17.0.2:37221], old=null, confs=<EMPTY_MAP>
2020-06-06 05:43:23,697 [pool-51-thread-1] INFO  server.RaftServerConfigKeys (ConfUtils.java:logGet(44)) - raft.server.storage.dir = [/github/workspace/mnt/ozone/hadoop-ozone/integration-test/target/test-dir/MiniOzoneClusterImpl-498c920e-3839-4903-94df-b28741763660/datanode-1/data/ratis] (custom)
2020-06-06 05:43:23,697 [pool-51-thread-1] INFO  server.RaftServerConfigKeys (ConfUtils.java:logGet(44)) - raft.server.log.corruption.policy = EXCEPTION (default)
2020-06-06 05:43:23,697 [pool-51-thread-1] INFO  storage.RaftStorageDirectory (RaftStorageDirectory.java:analyzeStorage(261)) - The storage directory /github/workspace/mnt/ozone/hadoop-ozone/integration-test/target/test-dir/MiniOzoneClusterImpl-498c920e-3839-4903-94df-b28741763660/datanode-1/data/ratis/5eb153f7-d415-4876-9c3f-39414941c540 does not exist. Creating ...
2020-06-06 05:43:23,698 [pool-51-thread-1] INFO  storage.RaftStorageDirectory (RaftStorageDirectory.java:tryLock(343)) - Lock on /github/workspace/mnt/ozone/hadoop-ozone/integration-test/target/test-dir/MiniOzoneClusterImpl-498c920e-3839-4903-94df-b28741763660/datanode-1/data/ratis/5eb153f7-d415-4876-9c3f-39414941c540/in_use.lock acquired by nodename 35709@04ab1dbc0cb6
2020-06-06 05:43:23,699 [pool-67-thread-1] INFO  impl.RaftServerImpl (RaftServerImpl.java:<init>(98)) - 0e538569-32db-42d4-b5fd-7023928f007e: new RaftServerImpl for group-39414941C540:[0f07ec13-85ff-4d8f-a7a2-4e7da8f3a33f:172.17.0.2:39881, 1759bdf6-b62e-442e-9185-4af47b41fcdd:172.17.0.2:37129, 0e538569-32db-42d4-b5fd-7023928f007e:172.17.0.2:37221] with ContainerStateMachine:uninitialized
2020-06-06 05:43:23,699 [pool-67-thread-1] INFO  server.RaftServerConfigKeys (ConfUtils.java:logGet(44)) - raft.server.rpc.timeout.min = 5s (custom)
2020-06-06 05:43:23,700 [pool-67-thread-1] INFO  server.RaftServerConfigKeys (ConfUtils.java:logGet(44)) - raft.server.rpc.timeout.max = 5200ms (custom)
2020-06-06 05:43:23,700 [pool-67-thread-1] INFO  server.RaftServerConfigKeys (ConfUtils.java:logGet(44)) - raft.server.rpcslowness.timeout = 300s (custom)
2020-06-06 05:43:23,700 [pool-67-thread-1] INFO  server.RaftServerConfigKeys (ConfUtils.java:logGet(44)) - raft.server.sleep.deviation.threshold = 300 (default)
2020-06-06 05:43:23,700 [pool-67-thread-1] INFO  server.RaftServerConfigKeys (ConfUtils.java:logGet(44)) - raft.server.log.appender.install.snapshot.enabled = false (custom)
2020-06-06 05:43:23,700 [pool-67-thread-1] INFO  impl.RaftServerImpl (ServerState.java:<init>(103)) - 0e538569-32db-42d4-b5fd-7023928f007e@group-39414941C540: ConfigurationManager, init=-1: [0f07ec13-85ff-4d8f-a7a2-4e7da8f3a33f:172.17.0.2:39881, 1759bdf6-b62e-442e-9185-4af47b41fcdd:172.17.0.2:37129, 0e538569-32db-42d4-b5fd-7023928f007e:172.17.0.2:37221], old=null, confs=<EMPTY_MAP>
2020-06-06 05:43:23,700 [pool-67-thread-1] INFO  server.RaftServerConfigKeys (ConfUtils.java:logGet(44)) - raft.server.storage.dir = [/github/workspace/mnt/ozone/hadoop-ozone/integration-test/target/test-dir/MiniOzoneClusterImpl-498c920e-3839-4903-94df-b28741763660/datanode-2/data/ratis] (custom)
2020-06-06 05:43:23,701 [pool-67-thread-1] INFO  server.RaftServerConfigKeys (ConfUtils.java:logGet(44)) - raft.server.log.corruption.policy = EXCEPTION (default)
2020-06-06 05:43:23,701 [pool-67-thread-1] INFO  storage.RaftStorageDirectory (RaftStorageDirectory.java:analyzeStorage(261)) - The storage directory /github/workspace/mnt/ozone/hadoop-ozone/integration-test/target/test-dir/MiniOzoneClusterImpl-498c920e-3839-4903-94df-b28741763660/datanode-2/data/ratis/5eb153f7-d415-4876-9c3f-39414941c540 does not exist. Creating ...
2020-06-06 05:43:23,701 [pool-51-thread-1] INFO  storage.RaftStorage (RaftStorage.java:format(84)) - Storage directory /github/workspace/mnt/ozone/hadoop-ozone/integration-test/target/test-dir/MiniOzoneClusterImpl-498c920e-3839-4903-94df-b28741763660/datanode-1/data/ratis/5eb153f7-d415-4876-9c3f-39414941c540 has been successfully formatted.
2020-06-06 05:43:23,701 [pool-51-thread-1] INFO  ratis.ContainerStateMachine (ContainerStateMachine.java:loadSnapshot(226)) - group-39414941C540: The snapshot info is null. Setting the last applied indexto:(t:0, i:~)
2020-06-06 05:43:23,702 [pool-51-thread-1] INFO  server.RaftServerConfigKeys (ConfUtils.java:logGet(44)) - raft.server.notification.no-leader.timeout = 60s (default)
2020-06-06 05:43:23,702 [pool-51-thread-1] INFO  server.RaftServerConfigKeys (ConfUtils.java:logGet(44)) - raft.server.log.use.memory = false (default)
2020-06-06 05:43:23,702 [pool-51-thread-1] INFO  server.RaftServerConfigKeys (ConfUtils.java:logGet(44)) - raft.server.log.purge.gap = 1000000 (custom)
2020-06-06 05:43:23,702 [pool-51-thread-1] INFO  server.RaftServerConfigKeys (ConfUtils.java:logGet(44)) - raft.server.log.appender.buffer.byte-limit = 33554432 (custom)
2020-06-06 05:43:23,702 [pool-51-thread-1] INFO  server.RaftServerConfigKeys (ConfUtils.java:logGet(44)) - raft.server.log.segment.size.max = 1048576 (custom)
2020-06-06 05:43:23,702 [pool-51-thread-1] INFO  server.RaftServerConfigKeys (ConfUtils.java:logGet(44)) - raft.server.log.segment.cache.num.max = 2 (custom)
2020-06-06 05:43:23,702 [pool-51-thread-1] INFO  segmented.SegmentedRaftLogWorker (SegmentedRaftLogWorker.java:<init>(176)) - new 0f07ec13-85ff-4d8f-a7a2-4e7da8f3a33f@group-39414941C540-SegmentedRaftLogWorker for RaftStorage:Storage Directory /github/workspace/mnt/ozone/hadoop-ozone/integration-test/target/test-dir/MiniOzoneClusterImpl-498c920e-3839-4903-94df-b28741763660/datanode-1/data/ratis/5eb153f7-d415-4876-9c3f-39414941c540
2020-06-06 05:43:23,702 [pool-51-thread-1] INFO  server.RaftServerConfigKeys (ConfUtils.java:logGet(44)) - raft.server.log.queue.byte-limit = 2147483647 (custom)
2020-06-06 05:43:23,702 [pool-51-thread-1] INFO  server.RaftServerConfigKeys (ConfUtils.java:logGet(44)) - raft.server.log.queue.element-limit = 1024 (custom)
2020-06-06 05:43:23,702 [pool-51-thread-1] INFO  server.RaftServerConfigKeys (ConfUtils.java:logGet(44)) - raft.server.log.segment.size.max = 1048576 (custom)
2020-06-06 05:43:23,702 [pool-51-thread-1] INFO  server.RaftServerConfigKeys (ConfUtils.java:logGet(44)) - raft.server.log.preallocated.size = 16384 (custom)
2020-06-06 05:43:23,702 [pool-51-thread-1] INFO  server.RaftServerConfigKeys (ConfUtils.java:logGet(44)) - raft.server.log.write.buffer.size = 1048576 (custom)
2020-06-06 05:43:23,702 [pool-51-thread-1] INFO  server.RaftServerConfigKeys (ConfUtils.java:logGet(44)) - raft.server.log.force.sync.num = 128 (default)
2020-06-06 05:43:23,702 [pool-51-thread-1] INFO  server.RaftServerConfigKeys (ConfUtils.java:logGet(44)) - raft.server.log.statemachine.data.sync = true (default)
2020-06-06 05:43:23,702 [pool-51-thread-1] INFO  server.RaftServerConfigKeys (ConfUtils.java:logGet(44)) - raft.server.log.statemachine.data.sync.timeout = 10s (default)
2020-06-06 05:43:23,702 [pool-51-thread-1] INFO  server.RaftServerConfigKeys (ConfUtils.java:logGet(44)) - raft.server.log.statemachine.data.sync.timeout.retry = -1 (default)
2020-06-06 05:43:23,703 [pool-51-thread-1] INFO  server.RaftServerConfigKeys (ConfUtils.java:logGet(44)) - raft.server.log.statemachine.data.caching.enabled = true (custom)
2020-06-06 05:43:23,703 [pool-51-thread-1] INFO  segmented.SegmentedRaftLogWorker (SegmentedRaftLogWorker.java:lambda$new$0(129)) - 0f07ec13-85ff-4d8f-a7a2-4e7da8f3a33f@group-39414941C540-SegmentedRaftLogWorker: flushIndex: setUnconditionally 0 -> -1
2020-06-06 05:43:23,703 [pool-67-thread-1] INFO  storage.RaftStorageDirectory (RaftStorageDirectory.java:tryLock(343)) - Lock on /github/workspace/mnt/ozone/hadoop-ozone/integration-test/target/test-dir/MiniOzoneClusterImpl-498c920e-3839-4903-94df-b28741763660/datanode-2/data/ratis/5eb153f7-d415-4876-9c3f-39414941c540/in_use.lock acquired by nodename 35709@04ab1dbc0cb6
2020-06-06 05:43:23,704 [pool-67-thread-1] INFO  storage.RaftStorage (RaftStorage.java:format(84)) - Storage directory /github/workspace/mnt/ozone/hadoop-ozone/integration-test/target/test-dir/MiniOzoneClusterImpl-498c920e-3839-4903-94df-b28741763660/datanode-2/data/ratis/5eb153f7-d415-4876-9c3f-39414941c540 has been successfully formatted.
2020-06-06 05:43:23,708 [pool-51-thread-1] INFO  server.RaftServerConfigKeys (ConfUtils.java:logGet(44)) - raft.server.snapshot.auto.trigger.enabled = true (custom)
2020-06-06 05:43:23,708 [pool-51-thread-1] INFO  server.RaftServerConfigKeys (ConfUtils.java:logGet(44)) - raft.server.snapshot.auto.trigger.threshold = 10000 (custom)
2020-06-06 05:43:23,708 [pool-67-thread-1] INFO  ratis.ContainerStateMachine (ContainerStateMachine.java:loadSnapshot(226)) - group-39414941C540: The snapshot info is null. Setting the last applied indexto:(t:0, i:~)
2020-06-06 05:43:23,708 [pool-67-thread-1] INFO  server.RaftServerConfigKeys (ConfUtils.java:logGet(44)) - raft.server.notification.no-leader.timeout = 60s (default)
2020-06-06 05:43:23,708 [pool-67-thread-1] INFO  server.RaftServerConfigKeys (ConfUtils.java:logGet(44)) - raft.server.log.use.memory = false (default)
2020-06-06 05:43:23,708 [pool-67-thread-1] INFO  server.RaftServerConfigKeys (ConfUtils.java:logGet(44)) - raft.server.log.purge.gap = 1000000 (custom)
2020-06-06 05:43:23,708 [pool-67-thread-1] INFO  server.RaftServerConfigKeys (ConfUtils.java:logGet(44)) - raft.server.log.appender.buffer.byte-limit = 33554432 (custom)
2020-06-06 05:43:23,708 [pool-67-thread-1] INFO  server.RaftServerConfigKeys (ConfUtils.java:logGet(44)) - raft.server.log.segment.size.max = 1048576 (custom)
2020-06-06 05:43:23,708 [pool-35-thread-1] INFO  storage.RaftStorage (RaftStorage.java:format(84)) - Storage directory /github/workspace/mnt/ozone/hadoop-ozone/integration-test/target/test-dir/MiniOzoneClusterImpl-498c920e-3839-4903-94df-b28741763660/datanode-0/data/ratis/5eb153f7-d415-4876-9c3f-39414941c540 has been successfully formatted.
2020-06-06 05:43:23,708 [pool-51-thread-1] INFO  server.RaftServerConfigKeys (ConfUtils.java:logGet(44)) - raft.server.snapshot.retention.file.num = 5 (custom)
2020-06-06 05:43:23,716 [pool-51-thread-1] INFO  server.RaftServerConfigKeys (ConfUtils.java:logGet(44)) - raft.server.log.purge.upto.snapshot.index = false (default)
2020-06-06 05:43:23,716 [pool-51-thread-1] INFO  server.RaftServerConfigKeys (ConfUtils.java:logGet(44)) - raft.server.retrycache.expirytime = 600000ms (custom)
2020-06-06 05:43:23,716 [pool-51-thread-1] INFO  metrics.RatisMetrics (RatisMetrics.java:lambda$create$0(39)) - Creating Metrics Registry : ratis.leader_election.0f07ec13-85ff-4d8f-a7a2-4e7da8f3a33f@group-39414941C540
2020-06-06 05:43:23,716 [pool-35-thread-1] INFO  ratis.ContainerStateMachine (ContainerStateMachine.java:loadSnapshot(226)) - group-39414941C540: The snapshot info is null. Setting the last applied indexto:(t:0, i:~)
2020-06-06 05:43:23,717 [pool-35-thread-1] INFO  server.RaftServerConfigKeys (ConfUtils.java:logGet(44)) - raft.server.notification.no-leader.timeout = 60s (default)
2020-06-06 05:43:23,717 [pool-35-thread-1] INFO  server.RaftServerConfigKeys (ConfUtils.java:logGet(44)) - raft.server.log.use.memory = false (default)
2020-06-06 05:43:23,717 [pool-35-thread-1] INFO  server.RaftServerConfigKeys (ConfUtils.java:logGet(44)) - raft.server.log.purge.gap = 1000000 (custom)
2020-06-06 05:43:23,718 [pool-35-thread-1] INFO  server.RaftServerConfigKeys (ConfUtils.java:logGet(44)) - raft.server.log.appender.buffer.byte-limit = 33554432 (custom)
2020-06-06 05:43:23,718 [pool-35-thread-1] INFO  server.RaftServerConfigKeys (ConfUtils.java:logGet(44)) - raft.server.log.segment.size.max = 1048576 (custom)
2020-06-06 05:43:23,718 [pool-35-thread-1] INFO  server.RaftServerConfigKeys (ConfUtils.java:logGet(44)) - raft.server.log.segment.cache.num.max = 2 (custom)
2020-06-06 05:43:23,718 [pool-35-thread-1] INFO  segmented.SegmentedRaftLogWorker (SegmentedRaftLogWorker.java:<init>(176)) - new 1759bdf6-b62e-442e-9185-4af47b41fcdd@group-39414941C540-SegmentedRaftLogWorker for RaftStorage:Storage Directory /github/workspace/mnt/ozone/hadoop-ozone/integration-test/target/test-dir/MiniOzoneClusterImpl-498c920e-3839-4903-94df-b28741763660/datanode-0/data/ratis/5eb153f7-d415-4876-9c3f-39414941c540
2020-06-06 05:43:23,718 [pool-35-thread-1] INFO  server.RaftServerConfigKeys (ConfUtils.java:logGet(44)) - raft.server.log.queue.byte-limit = 2147483647 (custom)
2020-06-06 05:43:23,718 [pool-35-thread-1] INFO  server.RaftServerConfigKeys (ConfUtils.java:logGet(44)) - raft.server.log.queue.element-limit = 1024 (custom)
2020-06-06 05:43:23,720 [pool-35-thread-1] INFO  server.RaftServerConfigKeys (ConfUtils.java:logGet(44)) - raft.server.log.segment.size.max = 1048576 (custom)
2020-06-06 05:43:23,721 [pool-35-thread-1] INFO  server.RaftServerConfigKeys (ConfUtils.java:logGet(44)) - raft.server.log.preallocated.size = 16384 (custom)
2020-06-06 05:43:23,721 [pool-35-thread-1] INFO  server.RaftServerConfigKeys (ConfUtils.java:logGet(44)) - raft.server.log.write.buffer.size = 1048576 (custom)
2020-06-06 05:43:23,721 [pool-35-thread-1] INFO  server.RaftServerConfigKeys (ConfUtils.java:logGet(44)) - raft.server.log.force.sync.num = 128 (default)
2020-06-06 05:43:23,721 [pool-35-thread-1] INFO  server.RaftServerConfigKeys (ConfUtils.java:logGet(44)) - raft.server.log.statemachine.data.sync = true (default)
2020-06-06 05:43:23,721 [pool-35-thread-1] INFO  server.RaftServerConfigKeys (ConfUtils.java:logGet(44)) - raft.server.log.statemachine.data.sync.timeout = 10s (default)
2020-06-06 05:43:23,721 [pool-35-thread-1] INFO  server.RaftServerConfigKeys (ConfUtils.java:logGet(44)) - raft.server.log.statemachine.data.sync.timeout.retry = -1 (default)
2020-06-06 05:43:23,722 [pool-35-thread-1] INFO  server.RaftServerConfigKeys (ConfUtils.java:logGet(44)) - raft.server.log.statemachine.data.caching.enabled = true (custom)
2020-06-06 05:43:23,722 [pool-35-thread-1] INFO  segmented.SegmentedRaftLogWorker (SegmentedRaftLogWorker.java:lambda$new$0(129)) - 1759bdf6-b62e-442e-9185-4af47b41fcdd@group-39414941C540-SegmentedRaftLogWorker: flushIndex: setUnconditionally 0 -> -1
2020-06-06 05:43:23,719 [pool-51-thread-1] INFO  metrics.RatisMetrics (RatisMetrics.java:lambda$create$0(39)) - Creating Metrics Registry : ratis.server.0f07ec13-85ff-4d8f-a7a2-4e7da8f3a33f@group-39414941C540
2020-06-06 05:43:23,720 [pool-67-thread-1] INFO  server.RaftServerConfigKeys (ConfUtils.java:logGet(44)) - raft.server.log.segment.cache.num.max = 2 (custom)
2020-06-06 05:43:23,722 [pool-67-thread-1] INFO  segmented.SegmentedRaftLogWorker (SegmentedRaftLogWorker.java:<init>(176)) - new 0e538569-32db-42d4-b5fd-7023928f007e@group-39414941C540-SegmentedRaftLogWorker for RaftStorage:Storage Directory /github/workspace/mnt/ozone/hadoop-ozone/integration-test/target/test-dir/MiniOzoneClusterImpl-498c920e-3839-4903-94df-b28741763660/datanode-2/data/ratis/5eb153f7-d415-4876-9c3f-39414941c540
2020-06-06 05:43:23,722 [pool-35-thread-1] INFO  server.RaftServerConfigKeys (ConfUtils.java:logGet(44)) - raft.server.snapshot.auto.trigger.enabled = true (custom)
2020-06-06 05:43:23,722 [pool-67-thread-1] INFO  server.RaftServerConfigKeys (ConfUtils.java:logGet(44)) - raft.server.log.queue.byte-limit = 2147483647 (custom)
2020-06-06 05:43:23,723 [pool-67-thread-1] INFO  server.RaftServerConfigKeys (ConfUtils.java:logGet(44)) - raft.server.log.queue.element-limit = 1024 (custom)
2020-06-06 05:43:23,723 [pool-67-thread-1] INFO  server.RaftServerConfigKeys (ConfUtils.java:logGet(44)) - raft.server.log.segment.size.max = 1048576 (custom)
2020-06-06 05:43:23,723 [pool-67-thread-1] INFO  server.RaftServerConfigKeys (ConfUtils.java:logGet(44)) - raft.server.log.preallocated.size = 16384 (custom)
2020-06-06 05:43:23,723 [pool-67-thread-1] INFO  server.RaftServerConfigKeys (ConfUtils.java:logGet(44)) - raft.server.log.write.buffer.size = 1048576 (custom)
2020-06-06 05:43:23,723 [pool-67-thread-1] INFO  server.RaftServerConfigKeys (ConfUtils.java:logGet(44)) - raft.server.log.force.sync.num = 128 (default)
2020-06-06 05:43:23,723 [pool-67-thread-1] INFO  server.RaftServerConfigKeys (ConfUtils.java:logGet(44)) - raft.server.log.statemachine.data.sync = true (default)
2020-06-06 05:43:23,723 [pool-67-thread-1] INFO  server.RaftServerConfigKeys (ConfUtils.java:logGet(44)) - raft.server.log.statemachine.data.sync.timeout = 10s (default)
2020-06-06 05:43:23,723 [pool-67-thread-1] INFO  server.RaftServerConfigKeys (ConfUtils.java:logGet(44)) - raft.server.log.statemachine.data.sync.timeout.retry = -1 (default)
2020-06-06 05:43:23,723 [pool-67-thread-1] INFO  server.RaftServerConfigKeys (ConfUtils.java:logGet(44)) - raft.server.log.statemachine.data.caching.enabled = true (custom)
2020-06-06 05:43:23,723 [pool-67-thread-1] INFO  segmented.SegmentedRaftLogWorker (SegmentedRaftLogWorker.java:lambda$new$0(129)) - 0e538569-32db-42d4-b5fd-7023928f007e@group-39414941C540-SegmentedRaftLogWorker: flushIndex: setUnconditionally 0 -> -1
2020-06-06 05:43:23,724 [pool-51-thread-1] INFO  impl.RaftServerImpl (RaftServerImpl.java:start(184)) - 0f07ec13-85ff-4d8f-a7a2-4e7da8f3a33f@group-39414941C540: start as a follower, conf=-1: [0f07ec13-85ff-4d8f-a7a2-4e7da8f3a33f:172.17.0.2:39881, 1759bdf6-b62e-442e-9185-4af47b41fcdd:172.17.0.2:37129, 0e538569-32db-42d4-b5fd-7023928f007e:172.17.0.2:37221], old=null
2020-06-06 05:43:23,724 [pool-51-thread-1] INFO  impl.RaftServerImpl (RaftServerImpl.java:setRole(173)) - 0f07ec13-85ff-4d8f-a7a2-4e7da8f3a33f@group-39414941C540: changes role from      null to FOLLOWER at term 0 for startAsFollower
2020-06-06 05:43:23,722 [pool-35-thread-1] INFO  server.RaftServerConfigKeys (ConfUtils.java:logGet(44)) - raft.server.snapshot.auto.trigger.threshold = 10000 (custom)
2020-06-06 05:43:23,724 [pool-35-thread-1] INFO  server.RaftServerConfigKeys (ConfUtils.java:logGet(44)) - raft.server.snapshot.retention.file.num = 5 (custom)
2020-06-06 05:43:23,724 [pool-35-thread-1] INFO  server.RaftServerConfigKeys (ConfUtils.java:logGet(44)) - raft.server.log.purge.upto.snapshot.index = false (default)
2020-06-06 05:43:23,728 [pool-67-thread-1] INFO  server.RaftServerConfigKeys (ConfUtils.java:logGet(44)) - raft.server.snapshot.auto.trigger.enabled = true (custom)
2020-06-06 05:43:23,728 [pool-51-thread-1] INFO  impl.RoleInfo (RoleInfo.java:updateAndGet(143)) - 0f07ec13-85ff-4d8f-a7a2-4e7da8f3a33f: start FollowerState
2020-06-06 05:43:23,728 [pool-35-thread-1] INFO  server.RaftServerConfigKeys (ConfUtils.java:logGet(44)) - raft.server.retrycache.expirytime = 600000ms (custom)
2020-06-06 05:43:23,728 [pool-67-thread-1] INFO  server.RaftServerConfigKeys (ConfUtils.java:logGet(44)) - raft.server.snapshot.auto.trigger.threshold = 10000 (custom)
2020-06-06 05:43:23,729 [pool-35-thread-1] INFO  metrics.RatisMetrics (RatisMetrics.java:lambda$create$0(39)) - Creating Metrics Registry : ratis.leader_election.1759bdf6-b62e-442e-9185-4af47b41fcdd@group-39414941C540
2020-06-06 05:43:23,729 [pool-67-thread-1] INFO  server.RaftServerConfigKeys (ConfUtils.java:logGet(44)) - raft.server.snapshot.retention.file.num = 5 (custom)
2020-06-06 05:43:23,729 [pool-67-thread-1] INFO  server.RaftServerConfigKeys (ConfUtils.java:logGet(44)) - raft.server.log.purge.upto.snapshot.index = false (default)
2020-06-06 05:43:23,729 [pool-35-thread-1] INFO  metrics.RatisMetrics (RatisMetrics.java:lambda$create$0(39)) - Creating Metrics Registry : ratis.server.1759bdf6-b62e-442e-9185-4af47b41fcdd@group-39414941C540
2020-06-06 05:43:23,731 [pool-35-thread-1] INFO  impl.RaftServerImpl (RaftServerImpl.java:start(184)) - 1759bdf6-b62e-442e-9185-4af47b41fcdd@group-39414941C540: start as a follower, conf=-1: [0f07ec13-85ff-4d8f-a7a2-4e7da8f3a33f:172.17.0.2:39881, 1759bdf6-b62e-442e-9185-4af47b41fcdd:172.17.0.2:37129, 0e538569-32db-42d4-b5fd-7023928f007e:172.17.0.2:37221], old=null
2020-06-06 05:43:23,731 [pool-35-thread-1] INFO  impl.RaftServerImpl (RaftServerImpl.java:setRole(173)) - 1759bdf6-b62e-442e-9185-4af47b41fcdd@group-39414941C540: changes role from      null to FOLLOWER at term 0 for startAsFollower
2020-06-06 05:43:23,731 [pool-51-thread-1] INFO  util.JmxRegister (JmxRegister.java:tryRegister(44)) - Successfully registered JMX Bean with object name Ratis:service=RaftServer,group=group-39414941C540,id=0f07ec13-85ff-4d8f-a7a2-4e7da8f3a33f
2020-06-06 05:43:23,732 [pool-51-thread-1] INFO  metrics.RatisMetrics (RatisMetrics.java:lambda$create$0(39)) - Creating Metrics Registry : ratis.state_machine.0f07ec13-85ff-4d8f-a7a2-4e7da8f3a33f@group-39414941C540
2020-06-06 05:43:23,732 [pool-35-thread-1] INFO  impl.RoleInfo (RoleInfo.java:updateAndGet(143)) - 1759bdf6-b62e-442e-9185-4af47b41fcdd: start FollowerState
2020-06-06 05:43:23,732 [pool-67-thread-1] INFO  server.RaftServerConfigKeys (ConfUtils.java:logGet(44)) - raft.server.retrycache.expirytime = 600000ms (custom)
2020-06-06 05:43:23,732 [pool-67-thread-1] INFO  metrics.RatisMetrics (RatisMetrics.java:lambda$create$0(39)) - Creating Metrics Registry : ratis.leader_election.0e538569-32db-42d4-b5fd-7023928f007e@group-39414941C540
2020-06-06 05:43:23,732 [pool-35-thread-1] INFO  util.JmxRegister (JmxRegister.java:tryRegister(44)) - Successfully registered JMX Bean with object name Ratis:service=RaftServer,group=group-39414941C540,id=1759bdf6-b62e-442e-9185-4af47b41fcdd
2020-06-06 05:43:23,732 [pool-35-thread-1] INFO  metrics.RatisMetrics (RatisMetrics.java:lambda$create$0(39)) - Creating Metrics Registry : ratis.state_machine.1759bdf6-b62e-442e-9185-4af47b41fcdd@group-39414941C540
2020-06-06 05:43:23,736 [pool-67-thread-1] INFO  metrics.RatisMetrics (RatisMetrics.java:lambda$create$0(39)) - Creating Metrics Registry : ratis.server.0e538569-32db-42d4-b5fd-7023928f007e@group-39414941C540
2020-06-06 05:43:23,737 [pool-67-thread-1] INFO  impl.RaftServerImpl (RaftServerImpl.java:start(184)) - 0e538569-32db-42d4-b5fd-7023928f007e@group-39414941C540: start as a follower, conf=-1: [0f07ec13-85ff-4d8f-a7a2-4e7da8f3a33f:172.17.0.2:39881, 1759bdf6-b62e-442e-9185-4af47b41fcdd:172.17.0.2:37129, 0e538569-32db-42d4-b5fd-7023928f007e:172.17.0.2:37221], old=null
2020-06-06 05:43:23,738 [pool-67-thread-1] INFO  impl.RaftServerImpl (RaftServerImpl.java:setRole(173)) - 0e538569-32db-42d4-b5fd-7023928f007e@group-39414941C540: changes role from      null to FOLLOWER at term 0 for startAsFollower
2020-06-06 05:43:23,738 [pool-67-thread-1] INFO  impl.RoleInfo (RoleInfo.java:updateAndGet(143)) - 0e538569-32db-42d4-b5fd-7023928f007e: start FollowerState
2020-06-06 05:43:23,739 [pool-67-thread-1] INFO  util.JmxRegister (JmxRegister.java:tryRegister(44)) - Successfully registered JMX Bean with object name Ratis:service=RaftServer,group=group-39414941C540,id=0e538569-32db-42d4-b5fd-7023928f007e
2020-06-06 05:43:23,739 [pool-67-thread-1] INFO  metrics.RatisMetrics (RatisMetrics.java:lambda$create$0(39)) - Creating Metrics Registry : ratis.state_machine.0e538569-32db-42d4-b5fd-7023928f007e@group-39414941C540
2020-06-06 05:43:23,752 [Command processor thread] INFO  impl.RaftServerProxy (RaftServerProxy.java:addNew(89)) - 57f5666d-b59f-40cc-b98d-a67089cb0265: addNew group-6E75E71009E3:[57f5666d-b59f-40cc-b98d-a67089cb0265:172.17.0.2:33405] returns group-6E75E71009E3:java.util.concurrent.CompletableFuture@285a73ae[Not completed]
2020-06-06 05:43:23,758 [pool-83-thread-1] INFO  impl.RaftServerImpl (RaftServerImpl.java:<init>(98)) - 57f5666d-b59f-40cc-b98d-a67089cb0265: new RaftServerImpl for group-6E75E71009E3:[57f5666d-b59f-40cc-b98d-a67089cb0265:172.17.0.2:33405] with ContainerStateMachine:uninitialized
2020-06-06 05:43:23,761 [pool-83-thread-1] INFO  server.RaftServerConfigKeys (ConfUtils.java:logGet(44)) - raft.server.rpc.timeout.min = 5s (custom)
2020-06-06 05:43:23,762 [pool-83-thread-1] INFO  server.RaftServerConfigKeys (ConfUtils.java:logGet(44)) - raft.server.rpc.timeout.max = 5200ms (custom)
2020-06-06 05:43:23,762 [pool-83-thread-1] INFO  server.RaftServerConfigKeys (ConfUtils.java:logGet(44)) - raft.server.rpcslowness.timeout = 300s (custom)
2020-06-06 05:43:23,762 [pool-83-thread-1] INFO  server.RaftServerConfigKeys (ConfUtils.java:logGet(44)) - raft.server.sleep.deviation.threshold = 300 (default)
2020-06-06 05:43:23,762 [pool-83-thread-1] INFO  server.RaftServerConfigKeys (ConfUtils.java:logGet(44)) - raft.server.log.appender.install.snapshot.enabled = false (custom)
2020-06-06 05:43:23,762 [pool-83-thread-1] INFO  impl.RaftServerImpl (ServerState.java:<init>(103)) - 57f5666d-b59f-40cc-b98d-a67089cb0265@group-6E75E71009E3: ConfigurationManager, init=-1: [57f5666d-b59f-40cc-b98d-a67089cb0265:172.17.0.2:33405], old=null, confs=<EMPTY_MAP>
2020-06-06 05:43:23,762 [pool-83-thread-1] INFO  server.RaftServerConfigKeys (ConfUtils.java:logGet(44)) - raft.server.storage.dir = [/github/workspace/mnt/ozone/hadoop-ozone/integration-test/target/test-dir/MiniOzoneClusterImpl-498c920e-3839-4903-94df-b28741763660/datanode-3/data/ratis] (custom)
2020-06-06 05:43:23,762 [pool-83-thread-1] INFO  server.RaftServerConfigKeys (ConfUtils.java:logGet(44)) - raft.server.log.corruption.policy = EXCEPTION (default)
2020-06-06 05:43:23,762 [pool-83-thread-1] INFO  storage.RaftStorageDirectory (RaftStorageDirectory.java:analyzeStorage(261)) - The storage directory /github/workspace/mnt/ozone/hadoop-ozone/integration-test/target/test-dir/MiniOzoneClusterImpl-498c920e-3839-4903-94df-b28741763660/datanode-3/data/ratis/596ac526-77b2-4c59-bab7-6e75e71009e3 does not exist. Creating ...
2020-06-06 05:43:23,763 [pool-83-thread-1] INFO  storage.RaftStorageDirectory (RaftStorageDirectory.java:tryLock(343)) - Lock on /github/workspace/mnt/ozone/hadoop-ozone/integration-test/target/test-dir/MiniOzoneClusterImpl-498c920e-3839-4903-94df-b28741763660/datanode-3/data/ratis/596ac526-77b2-4c59-bab7-6e75e71009e3/in_use.lock acquired by nodename 35709@04ab1dbc0cb6
2020-06-06 05:43:23,765 [pool-83-thread-1] INFO  storage.RaftStorage (RaftStorage.java:format(84)) - Storage directory /github/workspace/mnt/ozone/hadoop-ozone/integration-test/target/test-dir/MiniOzoneClusterImpl-498c920e-3839-4903-94df-b28741763660/datanode-3/data/ratis/596ac526-77b2-4c59-bab7-6e75e71009e3 has been successfully formatted.
2020-06-06 05:43:23,777 [pool-83-thread-1] INFO  ratis.ContainerStateMachine (ContainerStateMachine.java:loadSnapshot(226)) - group-6E75E71009E3: The snapshot info is null. Setting the last applied indexto:(t:0, i:~)
2020-06-06 05:43:23,777 [pool-83-thread-1] INFO  server.RaftServerConfigKeys (ConfUtils.java:logGet(44)) - raft.server.notification.no-leader.timeout = 60s (default)
2020-06-06 05:43:23,777 [pool-83-thread-1] INFO  server.RaftServerConfigKeys (ConfUtils.java:logGet(44)) - raft.server.log.use.memory = false (default)
2020-06-06 05:43:23,777 [pool-83-thread-1] INFO  server.RaftServerConfigKeys (ConfUtils.java:logGet(44)) - raft.server.log.purge.gap = 1000000 (custom)
2020-06-06 05:43:23,777 [pool-83-thread-1] INFO  server.RaftServerConfigKeys (ConfUtils.java:logGet(44)) - raft.server.log.appender.buffer.byte-limit = 33554432 (custom)
2020-06-06 05:43:23,777 [pool-83-thread-1] INFO  server.RaftServerConfigKeys (ConfUtils.java:logGet(44)) - raft.server.log.segment.size.max = 1048576 (custom)
2020-06-06 05:43:23,777 [pool-83-thread-1] INFO  metrics.RatisMetrics (RatisMetrics.java:lambda$create$0(39)) - Creating Metrics Registry : ratis.log_worker.57f5666d-b59f-40cc-b98d-a67089cb0265
2020-06-06 05:43:23,777 [pool-83-thread-1] INFO  server.RaftServerConfigKeys (ConfUtils.java:logGet(44)) - raft.server.log.segment.cache.num.max = 2 (custom)
2020-06-06 05:43:23,778 [pool-83-thread-1] INFO  segmented.SegmentedRaftLogWorker (SegmentedRaftLogWorker.java:<init>(176)) - new 57f5666d-b59f-40cc-b98d-a67089cb0265@group-6E75E71009E3-SegmentedRaftLogWorker for RaftStorage:Storage Directory /github/workspace/mnt/ozone/hadoop-ozone/integration-test/target/test-dir/MiniOzoneClusterImpl-498c920e-3839-4903-94df-b28741763660/datanode-3/data/ratis/596ac526-77b2-4c59-bab7-6e75e71009e3
2020-06-06 05:43:23,778 [pool-83-thread-1] INFO  server.RaftServerConfigKeys (ConfUtils.java:logGet(44)) - raft.server.log.queue.byte-limit = 2147483647 (custom)
2020-06-06 05:43:23,778 [pool-83-thread-1] INFO  server.RaftServerConfigKeys (ConfUtils.java:logGet(44)) - raft.server.log.queue.element-limit = 1024 (custom)
2020-06-06 05:43:23,778 [pool-83-thread-1] INFO  server.RaftServerConfigKeys (ConfUtils.java:logGet(44)) - raft.server.log.segment.size.max = 1048576 (custom)
2020-06-06 05:43:23,778 [pool-83-thread-1] INFO  server.RaftServerConfigKeys (ConfUtils.java:logGet(44)) - raft.server.log.preallocated.size = 16384 (custom)
2020-06-06 05:43:23,778 [pool-83-thread-1] INFO  server.RaftServerConfigKeys (ConfUtils.java:logGet(44)) - raft.server.log.write.buffer.size = 1048576 (custom)
2020-06-06 05:43:23,778 [pool-83-thread-1] INFO  server.RaftServerConfigKeys (ConfUtils.java:logGet(44)) - raft.server.log.force.sync.num = 128 (default)
2020-06-06 05:43:23,778 [pool-83-thread-1] INFO  server.RaftServerConfigKeys (ConfUtils.java:logGet(44)) - raft.server.log.statemachine.data.sync = true (default)
2020-06-06 05:43:23,778 [pool-83-thread-1] INFO  server.RaftServerConfigKeys (ConfUtils.java:logGet(44)) - raft.server.log.statemachine.data.sync.timeout = 10s (default)
2020-06-06 05:43:23,778 [pool-83-thread-1] INFO  server.RaftServerConfigKeys (ConfUtils.java:logGet(44)) - raft.server.log.statemachine.data.sync.timeout.retry = -1 (default)
2020-06-06 05:43:23,780 [pool-83-thread-1] INFO  server.RaftServerConfigKeys (ConfUtils.java:logGet(44)) - raft.server.log.statemachine.data.caching.enabled = true (custom)
2020-06-06 05:43:23,780 [pool-83-thread-1] INFO  segmented.SegmentedRaftLogWorker (SegmentedRaftLogWorker.java:lambda$new$0(129)) - 57f5666d-b59f-40cc-b98d-a67089cb0265@group-6E75E71009E3-SegmentedRaftLogWorker: flushIndex: setUnconditionally 0 -> -1
2020-06-06 05:43:23,784 [pool-83-thread-1] INFO  server.RaftServerConfigKeys (ConfUtils.java:logGet(44)) - raft.server.snapshot.auto.trigger.enabled = true (custom)
2020-06-06 05:43:23,784 [pool-83-thread-1] INFO  server.RaftServerConfigKeys (ConfUtils.java:logGet(44)) - raft.server.snapshot.auto.trigger.threshold = 10000 (custom)
2020-06-06 05:43:23,784 [pool-83-thread-1] INFO  server.RaftServerConfigKeys (ConfUtils.java:logGet(44)) - raft.server.snapshot.retention.file.num = 5 (custom)
2020-06-06 05:43:23,784 [pool-83-thread-1] INFO  server.RaftServerConfigKeys (ConfUtils.java:logGet(44)) - raft.server.log.purge.upto.snapshot.index = false (default)
2020-06-06 05:43:23,784 [pool-83-thread-1] INFO  server.RaftServerConfigKeys (ConfUtils.java:logGet(44)) - raft.server.retrycache.expirytime = 600000ms (custom)
2020-06-06 05:43:23,784 [pool-83-thread-1] INFO  metrics.RatisMetrics (RatisMetrics.java:lambda$create$0(39)) - Creating Metrics Registry : ratis.leader_election.57f5666d-b59f-40cc-b98d-a67089cb0265@group-6E75E71009E3
2020-06-06 05:43:23,785 [pool-83-thread-1] INFO  metrics.RatisMetrics (RatisMetrics.java:lambda$create$0(39)) - Creating Metrics Registry : ratis.server.57f5666d-b59f-40cc-b98d-a67089cb0265@group-6E75E71009E3
2020-06-06 05:43:23,792 [pool-83-thread-1] INFO  impl.RaftServerImpl (RaftServerImpl.java:start(184)) - 57f5666d-b59f-40cc-b98d-a67089cb0265@group-6E75E71009E3: start as a follower, conf=-1: [57f5666d-b59f-40cc-b98d-a67089cb0265:172.17.0.2:33405], old=null
2020-06-06 05:43:23,792 [pool-83-thread-1] INFO  impl.RaftServerImpl (RaftServerImpl.java:setRole(173)) - 57f5666d-b59f-40cc-b98d-a67089cb0265@group-6E75E71009E3: changes role from      null to FOLLOWER at term 0 for startAsFollower
2020-06-06 05:43:23,792 [pool-83-thread-1] INFO  impl.RoleInfo (RoleInfo.java:updateAndGet(143)) - 57f5666d-b59f-40cc-b98d-a67089cb0265: start FollowerState
2020-06-06 05:43:23,793 [pool-83-thread-1] INFO  util.JmxRegister (JmxRegister.java:tryRegister(44)) - Successfully registered JMX Bean with object name Ratis:service=RaftServer,group=group-6E75E71009E3,id=57f5666d-b59f-40cc-b98d-a67089cb0265
2020-06-06 05:43:23,793 [pool-83-thread-1] INFO  metrics.RatisMetrics (RatisMetrics.java:lambda$create$0(39)) - Creating Metrics Registry : ratis.state_machine.57f5666d-b59f-40cc-b98d-a67089cb0265@group-6E75E71009E3
2020-06-06 05:43:23,805 [Command processor thread] INFO  commandhandler.CreatePipelineCommandHandler (CreatePipelineCommandHandler.java:handle(109)) - Created Pipeline RATIS ONE #id: "596ac526-77b2-4c59-bab7-6e75e71009e3"
.
2020-06-06 05:43:23,805 [Command processor thread] INFO  impl.RaftServerProxy (RaftServerProxy.java:addNew(89)) - 57f5666d-b59f-40cc-b98d-a67089cb0265: addNew group-15A434AE0E69:[5c3b1ee8-5ec3-426a-bdbd-c5e140144951:172.17.0.2:41037, 1ec43808-29a0-493f-bf2c-0e7e2b7cbdca:172.17.0.2:38961, 57f5666d-b59f-40cc-b98d-a67089cb0265:172.17.0.2:33405] returns group-15A434AE0E69:java.util.concurrent.CompletableFuture@2c65f27d[Not completed]
2020-06-06 05:43:23,805 [EventQueue-PipelineReportForPipelineReportHandler] INFO  pipeline.PipelineStateManager (PipelineStateManager.java:openPipeline(131)) - Pipeline Pipeline[ Id: 596ac526-77b2-4c59-bab7-6e75e71009e3, Nodes: 57f5666d-b59f-40cc-b98d-a67089cb0265{ip: 172.17.0.2, host: 04ab1dbc0cb6, networkLocation: /default-rack, certSerialId: null}, Type:RATIS, Factor:ONE, State:ALLOCATED, leaderId:57f5666d-b59f-40cc-b98d-a67089cb0265, CreationTimestamp2020-06-06T05:43:20.746Z] moved to OPEN state
2020-06-06 05:43:23,805 [EventQueue-OpenPipelineForOneReplicaPipelineSafeModeRule] INFO  safemode.SCMSafeModeManager (SCMSafeModeManager.java:validateSafeModeExitRules(213)) - AtleastOneDatanodeReportedRule rule is successfully validated
2020-06-06 05:43:23,806 [EventQueue-OpenPipelineForHealthyPipelineSafeModeRule] INFO  safemode.SCMSafeModeManager (HealthyPipelineSafeModeRule.java:process(132)) - SCM in safe mode. Healthy pipelines reported count is 0, required healthy pipeline reported count is 1
2020-06-06 05:43:23,806 [pool-83-thread-1] INFO  impl.RaftServerImpl (RaftServerImpl.java:<init>(98)) - 57f5666d-b59f-40cc-b98d-a67089cb0265: new RaftServerImpl for group-15A434AE0E69:[5c3b1ee8-5ec3-426a-bdbd-c5e140144951:172.17.0.2:41037, 1ec43808-29a0-493f-bf2c-0e7e2b7cbdca:172.17.0.2:38961, 57f5666d-b59f-40cc-b98d-a67089cb0265:172.17.0.2:33405] with ContainerStateMachine:uninitialized
2020-06-06 05:43:23,806 [pool-83-thread-1] INFO  server.RaftServerConfigKeys (ConfUtils.java:logGet(44)) - raft.server.rpc.timeout.min = 5s (custom)
2020-06-06 05:43:23,807 [pool-83-thread-1] INFO  server.RaftServerConfigKeys (ConfUtils.java:logGet(44)) - raft.server.rpc.timeout.max = 5200ms (custom)
2020-06-06 05:43:23,807 [pool-83-thread-1] INFO  server.RaftServerConfigKeys (ConfUtils.java:logGet(44)) - raft.server.rpcslowness.timeout = 300s (custom)
2020-06-06 05:43:23,807 [pool-83-thread-1] INFO  server.RaftServerConfigKeys (ConfUtils.java:logGet(44)) - raft.server.sleep.deviation.threshold = 300 (default)
2020-06-06 05:43:23,807 [pool-83-thread-1] INFO  server.RaftServerConfigKeys (ConfUtils.java:logGet(44)) - raft.server.log.appender.install.snapshot.enabled = false (custom)
2020-06-06 05:43:23,807 [pool-83-thread-1] INFO  impl.RaftServerImpl (ServerState.java:<init>(103)) - 57f5666d-b59f-40cc-b98d-a67089cb0265@group-15A434AE0E69: ConfigurationManager, init=-1: [5c3b1ee8-5ec3-426a-bdbd-c5e140144951:172.17.0.2:41037, 1ec43808-29a0-493f-bf2c-0e7e2b7cbdca:172.17.0.2:38961, 57f5666d-b59f-40cc-b98d-a67089cb0265:172.17.0.2:33405], old=null, confs=<EMPTY_MAP>
2020-06-06 05:43:23,807 [pool-83-thread-1] INFO  server.RaftServerConfigKeys (ConfUtils.java:logGet(44)) - raft.server.storage.dir = [/github/workspace/mnt/ozone/hadoop-ozone/integration-test/target/test-dir/MiniOzoneClusterImpl-498c920e-3839-4903-94df-b28741763660/datanode-3/data/ratis] (custom)
2020-06-06 05:43:23,807 [pool-83-thread-1] INFO  server.RaftServerConfigKeys (ConfUtils.java:logGet(44)) - raft.server.log.corruption.policy = EXCEPTION (default)
2020-06-06 05:43:23,807 [pool-83-thread-1] INFO  storage.RaftStorageDirectory (RaftStorageDirectory.java:analyzeStorage(261)) - The storage directory /github/workspace/mnt/ozone/hadoop-ozone/integration-test/target/test-dir/MiniOzoneClusterImpl-498c920e-3839-4903-94df-b28741763660/datanode-3/data/ratis/f915dff4-fdf4-4931-bacc-15a434ae0e69 does not exist. Creating ...
2020-06-06 05:43:23,808 [pool-83-thread-1] INFO  storage.RaftStorageDirectory (RaftStorageDirectory.java:tryLock(343)) - Lock on /github/workspace/mnt/ozone/hadoop-ozone/integration-test/target/test-dir/MiniOzoneClusterImpl-498c920e-3839-4903-94df-b28741763660/datanode-3/data/ratis/f915dff4-fdf4-4931-bacc-15a434ae0e69/in_use.lock acquired by nodename 35709@04ab1dbc0cb6
2020-06-06 05:43:23,809 [pool-83-thread-1] INFO  storage.RaftStorage (RaftStorage.java:format(84)) - Storage directory /github/workspace/mnt/ozone/hadoop-ozone/integration-test/target/test-dir/MiniOzoneClusterImpl-498c920e-3839-4903-94df-b28741763660/datanode-3/data/ratis/f915dff4-fdf4-4931-bacc-15a434ae0e69 has been successfully formatted.
2020-06-06 05:43:23,809 [pool-83-thread-1] INFO  ratis.ContainerStateMachine (ContainerStateMachine.java:loadSnapshot(226)) - group-15A434AE0E69: The snapshot info is null. Setting the last applied indexto:(t:0, i:~)
2020-06-06 05:43:23,810 [pool-83-thread-1] INFO  server.RaftServerConfigKeys (ConfUtils.java:logGet(44)) - raft.server.notification.no-leader.timeout = 60s (default)
2020-06-06 05:43:23,810 [pool-83-thread-1] INFO  server.RaftServerConfigKeys (ConfUtils.java:logGet(44)) - raft.server.log.use.memory = false (default)
2020-06-06 05:43:23,810 [pool-83-thread-1] INFO  server.RaftServerConfigKeys (ConfUtils.java:logGet(44)) - raft.server.log.purge.gap = 1000000 (custom)
2020-06-06 05:43:23,810 [pool-83-thread-1] INFO  server.RaftServerConfigKeys (ConfUtils.java:logGet(44)) - raft.server.log.appender.buffer.byte-limit = 33554432 (custom)
2020-06-06 05:43:23,810 [pool-83-thread-1] INFO  server.RaftServerConfigKeys (ConfUtils.java:logGet(44)) - raft.server.log.segment.size.max = 1048576 (custom)
2020-06-06 05:43:23,810 [pool-83-thread-1] INFO  server.RaftServerConfigKeys (ConfUtils.java:logGet(44)) - raft.server.log.segment.cache.num.max = 2 (custom)
2020-06-06 05:43:23,811 [pool-83-thread-1] INFO  segmented.SegmentedRaftLogWorker (SegmentedRaftLogWorker.java:<init>(176)) - new 57f5666d-b59f-40cc-b98d-a67089cb0265@group-15A434AE0E69-SegmentedRaftLogWorker for RaftStorage:Storage Directory /github/workspace/mnt/ozone/hadoop-ozone/integration-test/target/test-dir/MiniOzoneClusterImpl-498c920e-3839-4903-94df-b28741763660/datanode-3/data/ratis/f915dff4-fdf4-4931-bacc-15a434ae0e69
2020-06-06 05:43:23,811 [pool-83-thread-1] INFO  server.RaftServerConfigKeys (ConfUtils.java:logGet(44)) - raft.server.log.queue.byte-limit = 2147483647 (custom)
2020-06-06 05:43:23,811 [pool-83-thread-1] INFO  server.RaftServerConfigKeys (ConfUtils.java:logGet(44)) - raft.server.log.queue.element-limit = 1024 (custom)
2020-06-06 05:43:23,811 [pool-83-thread-1] INFO  server.RaftServerConfigKeys (ConfUtils.java:logGet(44)) - raft.server.log.segment.size.max = 1048576 (custom)
2020-06-06 05:43:23,811 [pool-83-thread-1] INFO  server.RaftServerConfigKeys (ConfUtils.java:logGet(44)) - raft.server.log.preallocated.size = 16384 (custom)
2020-06-06 05:43:23,811 [pool-83-thread-1] INFO  server.RaftServerConfigKeys (ConfUtils.java:logGet(44)) - raft.server.log.write.buffer.size = 1048576 (custom)
2020-06-06 05:43:23,811 [pool-83-thread-1] INFO  server.RaftServerConfigKeys (ConfUtils.java:logGet(44)) - raft.server.log.force.sync.num = 128 (default)
2020-06-06 05:43:23,816 [pool-83-thread-1] INFO  server.RaftServerConfigKeys (ConfUtils.java:logGet(44)) - raft.server.log.statemachine.data.sync = true (default)
2020-06-06 05:43:23,816 [pool-83-thread-1] INFO  server.RaftServerConfigKeys (ConfUtils.java:logGet(44)) - raft.server.log.statemachine.data.sync.timeout = 10s (default)
2020-06-06 05:43:23,816 [pool-83-thread-1] INFO  server.RaftServerConfigKeys (ConfUtils.java:logGet(44)) - raft.server.log.statemachine.data.sync.timeout.retry = -1 (default)
2020-06-06 05:43:23,817 [pool-83-thread-1] INFO  server.RaftServerConfigKeys (ConfUtils.java:logGet(44)) - raft.server.log.statemachine.data.caching.enabled = true (custom)
2020-06-06 05:43:23,817 [pool-83-thread-1] INFO  segmented.SegmentedRaftLogWorker (SegmentedRaftLogWorker.java:lambda$new$0(129)) - 57f5666d-b59f-40cc-b98d-a67089cb0265@group-15A434AE0E69-SegmentedRaftLogWorker: flushIndex: setUnconditionally 0 -> -1
2020-06-06 05:43:23,821 [pool-83-thread-1] INFO  server.RaftServerConfigKeys (ConfUtils.java:logGet(44)) - raft.server.snapshot.auto.trigger.enabled = true (custom)
2020-06-06 05:43:23,821 [pool-83-thread-1] INFO  server.RaftServerConfigKeys (ConfUtils.java:logGet(44)) - raft.server.snapshot.auto.trigger.threshold = 10000 (custom)
2020-06-06 05:43:23,821 [pool-83-thread-1] INFO  server.RaftServerConfigKeys (ConfUtils.java:logGet(44)) - raft.server.snapshot.retention.file.num = 5 (custom)
2020-06-06 05:43:23,821 [pool-83-thread-1] INFO  server.RaftServerConfigKeys (ConfUtils.java:logGet(44)) - raft.server.log.purge.upto.snapshot.index = false (default)
2020-06-06 05:43:23,821 [pool-83-thread-1] INFO  server.RaftServerConfigKeys (ConfUtils.java:logGet(44)) - raft.server.retrycache.expirytime = 600000ms (custom)
2020-06-06 05:43:23,821 [pool-83-thread-1] INFO  metrics.RatisMetrics (RatisMetrics.java:lambda$create$0(39)) - Creating Metrics Registry : ratis.leader_election.57f5666d-b59f-40cc-b98d-a67089cb0265@group-15A434AE0E69
2020-06-06 05:43:23,822 [pool-83-thread-1] INFO  metrics.RatisMetrics (RatisMetrics.java:lambda$create$0(39)) - Creating Metrics Registry : ratis.server.57f5666d-b59f-40cc-b98d-a67089cb0265@group-15A434AE0E69
2020-06-06 05:43:23,823 [pool-83-thread-1] INFO  impl.RaftServerImpl (RaftServerImpl.java:start(184)) - 57f5666d-b59f-40cc-b98d-a67089cb0265@group-15A434AE0E69: start as a follower, conf=-1: [5c3b1ee8-5ec3-426a-bdbd-c5e140144951:172.17.0.2:41037, 1ec43808-29a0-493f-bf2c-0e7e2b7cbdca:172.17.0.2:38961, 57f5666d-b59f-40cc-b98d-a67089cb0265:172.17.0.2:33405], old=null
2020-06-06 05:43:23,823 [pool-83-thread-1] INFO  impl.RaftServerImpl (RaftServerImpl.java:setRole(173)) - 57f5666d-b59f-40cc-b98d-a67089cb0265@group-15A434AE0E69: changes role from      null to FOLLOWER at term 0 for startAsFollower
2020-06-06 05:43:23,823 [pool-83-thread-1] INFO  impl.RoleInfo (RoleInfo.java:updateAndGet(143)) - 57f5666d-b59f-40cc-b98d-a67089cb0265: start FollowerState
2020-06-06 05:43:23,824 [pool-83-thread-1] INFO  util.JmxRegister (JmxRegister.java:tryRegister(44)) - Successfully registered JMX Bean with object name Ratis:service=RaftServer,group=group-15A434AE0E69,id=57f5666d-b59f-40cc-b98d-a67089cb0265
2020-06-06 05:43:23,824 [pool-83-thread-1] INFO  metrics.RatisMetrics (RatisMetrics.java:lambda$create$0(39)) - Creating Metrics Registry : ratis.state_machine.57f5666d-b59f-40cc-b98d-a67089cb0265@group-15A434AE0E69
2020-06-06 05:43:23,833 [Command processor thread] INFO  impl.RaftServerProxy (RaftServerProxy.java:addNew(89)) - 1ec43808-29a0-493f-bf2c-0e7e2b7cbdca: addNew group-03B6A81BCB63:[1ec43808-29a0-493f-bf2c-0e7e2b7cbdca:172.17.0.2:38961] returns group-03B6A81BCB63:java.util.concurrent.CompletableFuture@2dca91f6[Not completed]
2020-06-06 05:43:23,855 [pool-99-thread-1] INFO  impl.RaftServerImpl (RaftServerImpl.java:<init>(98)) - 1ec43808-29a0-493f-bf2c-0e7e2b7cbdca: new RaftServerImpl for group-03B6A81BCB63:[1ec43808-29a0-493f-bf2c-0e7e2b7cbdca:172.17.0.2:38961] with ContainerStateMachine:uninitialized
2020-06-06 05:43:23,856 [pool-99-thread-1] INFO  server.RaftServerConfigKeys (ConfUtils.java:logGet(44)) - raft.server.rpc.timeout.min = 5s (custom)
2020-06-06 05:43:23,856 [pool-99-thread-1] INFO  server.RaftServerConfigKeys (ConfUtils.java:logGet(44)) - raft.server.rpc.timeout.max = 5200ms (custom)
2020-06-06 05:43:23,856 [pool-99-thread-1] INFO  server.RaftServerConfigKeys (ConfUtils.java:logGet(44)) - raft.server.rpcslowness.timeout = 300s (custom)
2020-06-06 05:43:23,856 [pool-99-thread-1] INFO  server.RaftServerConfigKeys (ConfUtils.java:logGet(44)) - raft.server.sleep.deviation.threshold = 300 (default)
2020-06-06 05:43:23,856 [pool-99-thread-1] INFO  server.RaftServerConfigKeys (ConfUtils.java:logGet(44)) - raft.server.log.appender.install.snapshot.enabled = false (custom)
2020-06-06 05:43:23,856 [pool-99-thread-1] INFO  impl.RaftServerImpl (ServerState.java:<init>(103)) - 1ec43808-29a0-493f-bf2c-0e7e2b7cbdca@group-03B6A81BCB63: ConfigurationManager, init=-1: [1ec43808-29a0-493f-bf2c-0e7e2b7cbdca:172.17.0.2:38961], old=null, confs=<EMPTY_MAP>
2020-06-06 05:43:23,857 [pool-99-thread-1] INFO  server.RaftServerConfigKeys (ConfUtils.java:logGet(44)) - raft.server.storage.dir = [/github/workspace/mnt/ozone/hadoop-ozone/integration-test/target/test-dir/MiniOzoneClusterImpl-498c920e-3839-4903-94df-b28741763660/datanode-4/data/ratis] (custom)
2020-06-06 05:43:23,857 [pool-99-thread-1] INFO  server.RaftServerConfigKeys (ConfUtils.java:logGet(44)) - raft.server.log.corruption.policy = EXCEPTION (default)
2020-06-06 05:43:23,857 [pool-99-thread-1] INFO  storage.RaftStorageDirectory (RaftStorageDirectory.java:analyzeStorage(261)) - The storage directory /github/workspace/mnt/ozone/hadoop-ozone/integration-test/target/test-dir/MiniOzoneClusterImpl-498c920e-3839-4903-94df-b28741763660/datanode-4/data/ratis/f7fd576e-e5fc-4e0c-b2bf-03b6a81bcb63 does not exist. Creating ...
2020-06-06 05:43:23,858 [pool-99-thread-1] INFO  storage.RaftStorageDirectory (RaftStorageDirectory.java:tryLock(343)) - Lock on /github/workspace/mnt/ozone/hadoop-ozone/integration-test/target/test-dir/MiniOzoneClusterImpl-498c920e-3839-4903-94df-b28741763660/datanode-4/data/ratis/f7fd576e-e5fc-4e0c-b2bf-03b6a81bcb63/in_use.lock acquired by nodename 35709@04ab1dbc0cb6
2020-06-06 05:43:23,859 [pool-99-thread-1] INFO  storage.RaftStorage (RaftStorage.java:format(84)) - Storage directory /github/workspace/mnt/ozone/hadoop-ozone/integration-test/target/test-dir/MiniOzoneClusterImpl-498c920e-3839-4903-94df-b28741763660/datanode-4/data/ratis/f7fd576e-e5fc-4e0c-b2bf-03b6a81bcb63 has been successfully formatted.
2020-06-06 05:43:23,871 [pool-99-thread-1] INFO  ratis.ContainerStateMachine (ContainerStateMachine.java:loadSnapshot(226)) - group-03B6A81BCB63: The snapshot info is null. Setting the last applied indexto:(t:0, i:~)
2020-06-06 05:43:23,871 [pool-99-thread-1] INFO  server.RaftServerConfigKeys (ConfUtils.java:logGet(44)) - raft.server.notification.no-leader.timeout = 60s (default)
2020-06-06 05:43:23,872 [pool-99-thread-1] INFO  server.RaftServerConfigKeys (ConfUtils.java:logGet(44)) - raft.server.log.use.memory = false (default)
2020-06-06 05:43:23,872 [pool-99-thread-1] INFO  server.RaftServerConfigKeys (ConfUtils.java:logGet(44)) - raft.server.log.purge.gap = 1000000 (custom)
2020-06-06 05:43:23,874 [EventQueue-PipelineReportForPipelineReportHandler] INFO  pipeline.PipelineStateManager (PipelineStateManager.java:openPipeline(131)) - Pipeline Pipeline[ Id: f7fd576e-e5fc-4e0c-b2bf-03b6a81bcb63, Nodes: 1ec43808-29a0-493f-bf2c-0e7e2b7cbdca{ip: 172.17.0.2, host: 04ab1dbc0cb6, networkLocation: /default-rack, certSerialId: null}, Type:RATIS, Factor:ONE, State:ALLOCATED, leaderId:1ec43808-29a0-493f-bf2c-0e7e2b7cbdca, CreationTimestamp2020-06-06T05:43:20.829Z] moved to OPEN state
2020-06-06 05:43:23,874 [EventQueue-OpenPipelineForOneReplicaPipelineSafeModeRule] INFO  safemode.SCMSafeModeManager (SCMSafeModeManager.java:validateSafeModeExitRules(213)) - AtleastOneDatanodeReportedRule rule is successfully validated
2020-06-06 05:43:23,874 [EventQueue-OpenPipelineForHealthyPipelineSafeModeRule] INFO  safemode.SCMSafeModeManager (HealthyPipelineSafeModeRule.java:process(132)) - SCM in safe mode. Healthy pipelines reported count is 0, required healthy pipeline reported count is 1
2020-06-06 05:43:23,874 [pool-99-thread-1] INFO  server.RaftServerConfigKeys (ConfUtils.java:logGet(44)) - raft.server.log.appender.buffer.byte-limit = 33554432 (custom)
2020-06-06 05:43:23,874 [pool-99-thread-1] INFO  server.RaftServerConfigKeys (ConfUtils.java:logGet(44)) - raft.server.log.segment.size.max = 1048576 (custom)
2020-06-06 05:43:23,875 [pool-99-thread-1] INFO  metrics.RatisMetrics (RatisMetrics.java:lambda$create$0(39)) - Creating Metrics Registry : ratis.log_worker.1ec43808-29a0-493f-bf2c-0e7e2b7cbdca
2020-06-06 05:43:23,875 [pool-99-thread-1] INFO  server.RaftServerConfigKeys (ConfUtils.java:logGet(44)) - raft.server.log.segment.cache.num.max = 2 (custom)
2020-06-06 05:43:23,875 [pool-99-thread-1] INFO  segmented.SegmentedRaftLogWorker (SegmentedRaftLogWorker.java:<init>(176)) - new 1ec43808-29a0-493f-bf2c-0e7e2b7cbdca@group-03B6A81BCB63-SegmentedRaftLogWorker for RaftStorage:Storage Directory /github/workspace/mnt/ozone/hadoop-ozone/integration-test/target/test-dir/MiniOzoneClusterImpl-498c920e-3839-4903-94df-b28741763660/datanode-4/data/ratis/f7fd576e-e5fc-4e0c-b2bf-03b6a81bcb63
2020-06-06 05:43:23,875 [pool-99-thread-1] INFO  server.RaftServerConfigKeys (ConfUtils.java:logGet(44)) - raft.server.log.queue.byte-limit = 2147483647 (custom)
2020-06-06 05:43:23,875 [pool-99-thread-1] INFO  server.RaftServerConfigKeys (ConfUtils.java:logGet(44)) - raft.server.log.queue.element-limit = 1024 (custom)
2020-06-06 05:43:23,875 [pool-99-thread-1] INFO  server.RaftServerConfigKeys (ConfUtils.java:logGet(44)) - raft.server.log.segment.size.max = 1048576 (custom)
2020-06-06 05:43:23,875 [pool-99-thread-1] INFO  server.RaftServerConfigKeys (ConfUtils.java:logGet(44)) - raft.server.log.preallocated.size = 16384 (custom)
2020-06-06 05:43:23,875 [pool-99-thread-1] INFO  server.RaftServerConfigKeys (ConfUtils.java:logGet(44)) - raft.server.log.write.buffer.size = 1048576 (custom)
2020-06-06 05:43:23,875 [pool-99-thread-1] INFO  server.RaftServerConfigKeys (ConfUtils.java:logGet(44)) - raft.server.log.force.sync.num = 128 (default)
2020-06-06 05:43:23,875 [pool-99-thread-1] INFO  server.RaftServerConfigKeys (ConfUtils.java:logGet(44)) - raft.server.log.statemachine.data.sync = true (default)
2020-06-06 05:43:23,876 [pool-99-thread-1] INFO  server.RaftServerConfigKeys (ConfUtils.java:logGet(44)) - raft.server.log.statemachine.data.sync.timeout = 10s (default)
2020-06-06 05:43:23,876 [pool-99-thread-1] INFO  server.RaftServerConfigKeys (ConfUtils.java:logGet(44)) - raft.server.log.statemachine.data.sync.timeout.retry = -1 (default)
2020-06-06 05:43:23,878 [pool-99-thread-1] INFO  server.RaftServerConfigKeys (ConfUtils.java:logGet(44)) - raft.server.log.statemachine.data.caching.enabled = true (custom)
2020-06-06 05:43:23,878 [pool-99-thread-1] INFO  segmented.SegmentedRaftLogWorker (SegmentedRaftLogWorker.java:lambda$new$0(129)) - 1ec43808-29a0-493f-bf2c-0e7e2b7cbdca@group-03B6A81BCB63-SegmentedRaftLogWorker: flushIndex: setUnconditionally 0 -> -1
2020-06-06 05:43:23,878 [pool-99-thread-1] INFO  server.RaftServerConfigKeys (ConfUtils.java:logGet(44)) - raft.server.snapshot.auto.trigger.enabled = true (custom)
2020-06-06 05:43:23,878 [pool-99-thread-1] INFO  server.RaftServerConfigKeys (ConfUtils.java:logGet(44)) - raft.server.snapshot.auto.trigger.threshold = 10000 (custom)
2020-06-06 05:43:23,878 [pool-99-thread-1] INFO  server.RaftServerConfigKeys (ConfUtils.java:logGet(44)) - raft.server.snapshot.retention.file.num = 5 (custom)
2020-06-06 05:43:23,878 [pool-99-thread-1] INFO  server.RaftServerConfigKeys (ConfUtils.java:logGet(44)) - raft.server.log.purge.upto.snapshot.index = false (default)
2020-06-06 05:43:23,879 [pool-99-thread-1] INFO  server.RaftServerConfigKeys (ConfUtils.java:logGet(44)) - raft.server.retrycache.expirytime = 600000ms (custom)
2020-06-06 05:43:23,879 [pool-99-thread-1] INFO  metrics.RatisMetrics (RatisMetrics.java:lambda$create$0(39)) - Creating Metrics Registry : ratis.leader_election.1ec43808-29a0-493f-bf2c-0e7e2b7cbdca@group-03B6A81BCB63
2020-06-06 05:43:23,879 [pool-99-thread-1] INFO  metrics.RatisMetrics (RatisMetrics.java:lambda$create$0(39)) - Creating Metrics Registry : ratis.server.1ec43808-29a0-493f-bf2c-0e7e2b7cbdca@group-03B6A81BCB63
2020-06-06 05:43:23,880 [pool-99-thread-1] INFO  impl.RaftServerImpl (RaftServerImpl.java:start(184)) - 1ec43808-29a0-493f-bf2c-0e7e2b7cbdca@group-03B6A81BCB63: start as a follower, conf=-1: [1ec43808-29a0-493f-bf2c-0e7e2b7cbdca:172.17.0.2:38961], old=null
2020-06-06 05:43:23,880 [pool-99-thread-1] INFO  impl.RaftServerImpl (RaftServerImpl.java:setRole(173)) - 1ec43808-29a0-493f-bf2c-0e7e2b7cbdca@group-03B6A81BCB63: changes role from      null to FOLLOWER at term 0 for startAsFollower
2020-06-06 05:43:23,880 [pool-99-thread-1] INFO  impl.RoleInfo (RoleInfo.java:updateAndGet(143)) - 1ec43808-29a0-493f-bf2c-0e7e2b7cbdca: start FollowerState
2020-06-06 05:43:23,881 [pool-99-thread-1] INFO  util.JmxRegister (JmxRegister.java:tryRegister(44)) - Successfully registered JMX Bean with object name Ratis:service=RaftServer,group=group-03B6A81BCB63,id=1ec43808-29a0-493f-bf2c-0e7e2b7cbdca
2020-06-06 05:43:23,881 [pool-99-thread-1] INFO  metrics.RatisMetrics (RatisMetrics.java:lambda$create$0(39)) - Creating Metrics Registry : ratis.state_machine.1ec43808-29a0-493f-bf2c-0e7e2b7cbdca@group-03B6A81BCB63
2020-06-06 05:43:23,881 [Command processor thread] INFO  commandhandler.CreatePipelineCommandHandler (CreatePipelineCommandHandler.java:handle(109)) - Created Pipeline RATIS ONE #id: "f7fd576e-e5fc-4e0c-b2bf-03b6a81bcb63"
.
2020-06-06 05:43:23,882 [Command processor thread] INFO  impl.RaftServerProxy (RaftServerProxy.java:addNew(89)) - 1ec43808-29a0-493f-bf2c-0e7e2b7cbdca: addNew group-15A434AE0E69:[5c3b1ee8-5ec3-426a-bdbd-c5e140144951:172.17.0.2:41037, 1ec43808-29a0-493f-bf2c-0e7e2b7cbdca:172.17.0.2:38961, 57f5666d-b59f-40cc-b98d-a67089cb0265:172.17.0.2:33405] returns group-15A434AE0E69:java.util.concurrent.CompletableFuture@29f51097[Not completed]
2020-06-06 05:43:23,883 [pool-99-thread-1] INFO  impl.RaftServerImpl (RaftServerImpl.java:<init>(98)) - 1ec43808-29a0-493f-bf2c-0e7e2b7cbdca: new RaftServerImpl for group-15A434AE0E69:[5c3b1ee8-5ec3-426a-bdbd-c5e140144951:172.17.0.2:41037, 1ec43808-29a0-493f-bf2c-0e7e2b7cbdca:172.17.0.2:38961, 57f5666d-b59f-40cc-b98d-a67089cb0265:172.17.0.2:33405] with ContainerStateMachine:uninitialized
2020-06-06 05:43:23,883 [pool-99-thread-1] INFO  server.RaftServerConfigKeys (ConfUtils.java:logGet(44)) - raft.server.rpc.timeout.min = 5s (custom)
2020-06-06 05:43:23,883 [pool-99-thread-1] INFO  server.RaftServerConfigKeys (ConfUtils.java:logGet(44)) - raft.server.rpc.timeout.max = 5200ms (custom)
2020-06-06 05:43:23,883 [pool-99-thread-1] INFO  server.RaftServerConfigKeys (ConfUtils.java:logGet(44)) - raft.server.rpcslowness.timeout = 300s (custom)
2020-06-06 05:43:23,883 [pool-99-thread-1] INFO  server.RaftServerConfigKeys (ConfUtils.java:logGet(44)) - raft.server.sleep.deviation.threshold = 300 (default)
2020-06-06 05:43:23,883 [pool-99-thread-1] INFO  server.RaftServerConfigKeys (ConfUtils.java:logGet(44)) - raft.server.log.appender.install.snapshot.enabled = false (custom)
2020-06-06 05:43:23,883 [pool-99-thread-1] INFO  impl.RaftServerImpl (ServerState.java:<init>(103)) - 1ec43808-29a0-493f-bf2c-0e7e2b7cbdca@group-15A434AE0E69: ConfigurationManager, init=-1: [5c3b1ee8-5ec3-426a-bdbd-c5e140144951:172.17.0.2:41037, 1ec43808-29a0-493f-bf2c-0e7e2b7cbdca:172.17.0.2:38961, 57f5666d-b59f-40cc-b98d-a67089cb0265:172.17.0.2:33405], old=null, confs=<EMPTY_MAP>
2020-06-06 05:43:23,883 [pool-99-thread-1] INFO  server.RaftServerConfigKeys (ConfUtils.java:logGet(44)) - raft.server.storage.dir = [/github/workspace/mnt/ozone/hadoop-ozone/integration-test/target/test-dir/MiniOzoneClusterImpl-498c920e-3839-4903-94df-b28741763660/datanode-4/data/ratis] (custom)
2020-06-06 05:43:23,884 [pool-99-thread-1] INFO  server.RaftServerConfigKeys (ConfUtils.java:logGet(44)) - raft.server.log.corruption.policy = EXCEPTION (default)
2020-06-06 05:43:23,884 [pool-99-thread-1] INFO  storage.RaftStorageDirectory (RaftStorageDirectory.java:analyzeStorage(261)) - The storage directory /github/workspace/mnt/ozone/hadoop-ozone/integration-test/target/test-dir/MiniOzoneClusterImpl-498c920e-3839-4903-94df-b28741763660/datanode-4/data/ratis/f915dff4-fdf4-4931-bacc-15a434ae0e69 does not exist. Creating ...
2020-06-06 05:43:23,889 [pool-99-thread-1] INFO  storage.RaftStorageDirectory (RaftStorageDirectory.java:tryLock(343)) - Lock on /github/workspace/mnt/ozone/hadoop-ozone/integration-test/target/test-dir/MiniOzoneClusterImpl-498c920e-3839-4903-94df-b28741763660/datanode-4/data/ratis/f915dff4-fdf4-4931-bacc-15a434ae0e69/in_use.lock acquired by nodename 35709@04ab1dbc0cb6
2020-06-06 05:43:23,890 [pool-99-thread-1] INFO  storage.RaftStorage (RaftStorage.java:format(84)) - Storage directory /github/workspace/mnt/ozone/hadoop-ozone/integration-test/target/test-dir/MiniOzoneClusterImpl-498c920e-3839-4903-94df-b28741763660/datanode-4/data/ratis/f915dff4-fdf4-4931-bacc-15a434ae0e69 has been successfully formatted.
2020-06-06 05:43:23,891 [pool-99-thread-1] INFO  ratis.ContainerStateMachine (ContainerStateMachine.java:loadSnapshot(226)) - group-15A434AE0E69: The snapshot info is null. Setting the last applied indexto:(t:0, i:~)
2020-06-06 05:43:23,891 [pool-99-thread-1] INFO  server.RaftServerConfigKeys (ConfUtils.java:logGet(44)) - raft.server.notification.no-leader.timeout = 60s (default)
2020-06-06 05:43:23,891 [pool-99-thread-1] INFO  server.RaftServerConfigKeys (ConfUtils.java:logGet(44)) - raft.server.log.use.memory = false (default)
2020-06-06 05:43:23,891 [pool-99-thread-1] INFO  server.RaftServerConfigKeys (ConfUtils.java:logGet(44)) - raft.server.log.purge.gap = 1000000 (custom)
2020-06-06 05:43:23,891 [pool-99-thread-1] INFO  server.RaftServerConfigKeys (ConfUtils.java:logGet(44)) - raft.server.log.appender.buffer.byte-limit = 33554432 (custom)
2020-06-06 05:43:23,891 [pool-99-thread-1] INFO  server.RaftServerConfigKeys (ConfUtils.java:logGet(44)) - raft.server.log.segment.size.max = 1048576 (custom)
2020-06-06 05:43:23,892 [pool-99-thread-1] INFO  server.RaftServerConfigKeys (ConfUtils.java:logGet(44)) - raft.server.log.segment.cache.num.max = 2 (custom)
2020-06-06 05:43:23,892 [pool-99-thread-1] INFO  segmented.SegmentedRaftLogWorker (SegmentedRaftLogWorker.java:<init>(176)) - new 1ec43808-29a0-493f-bf2c-0e7e2b7cbdca@group-15A434AE0E69-SegmentedRaftLogWorker for RaftStorage:Storage Directory /github/workspace/mnt/ozone/hadoop-ozone/integration-test/target/test-dir/MiniOzoneClusterImpl-498c920e-3839-4903-94df-b28741763660/datanode-4/data/ratis/f915dff4-fdf4-4931-bacc-15a434ae0e69
2020-06-06 05:43:23,892 [pool-99-thread-1] INFO  server.RaftServerConfigKeys (ConfUtils.java:logGet(44)) - raft.server.log.queue.byte-limit = 2147483647 (custom)
2020-06-06 05:43:23,892 [pool-99-thread-1] INFO  server.RaftServerConfigKeys (ConfUtils.java:logGet(44)) - raft.server.log.queue.element-limit = 1024 (custom)
2020-06-06 05:43:23,892 [pool-99-thread-1] INFO  server.RaftServerConfigKeys (ConfUtils.java:logGet(44)) - raft.server.log.segment.size.max = 1048576 (custom)
2020-06-06 05:43:23,892 [pool-99-thread-1] INFO  server.RaftServerConfigKeys (ConfUtils.java:logGet(44)) - raft.server.log.preallocated.size = 16384 (custom)
2020-06-06 05:43:23,892 [pool-99-thread-1] INFO  server.RaftServerConfigKeys (ConfUtils.java:logGet(44)) - raft.server.log.write.buffer.size = 1048576 (custom)
2020-06-06 05:43:23,893 [pool-99-thread-1] INFO  server.RaftServerConfigKeys (ConfUtils.java:logGet(44)) - raft.server.log.force.sync.num = 128 (default)
2020-06-06 05:43:23,895 [pool-99-thread-1] INFO  server.RaftServerConfigKeys (ConfUtils.java:logGet(44)) - raft.server.log.statemachine.data.sync = true (default)
2020-06-06 05:43:23,895 [pool-99-thread-1] INFO  server.RaftServerConfigKeys (ConfUtils.java:logGet(44)) - raft.server.log.statemachine.data.sync.timeout = 10s (default)
2020-06-06 05:43:23,895 [pool-99-thread-1] INFO  server.RaftServerConfigKeys (ConfUtils.java:logGet(44)) - raft.server.log.statemachine.data.sync.timeout.retry = -1 (default)
2020-06-06 05:43:23,898 [pool-99-thread-1] INFO  server.RaftServerConfigKeys (ConfUtils.java:logGet(44)) - raft.server.log.statemachine.data.caching.enabled = true (custom)
2020-06-06 05:43:23,899 [pool-99-thread-1] INFO  segmented.SegmentedRaftLogWorker (SegmentedRaftLogWorker.java:lambda$new$0(129)) - 1ec43808-29a0-493f-bf2c-0e7e2b7cbdca@group-15A434AE0E69-SegmentedRaftLogWorker: flushIndex: setUnconditionally 0 -> -1
2020-06-06 05:43:23,917 [Command processor thread] INFO  impl.RaftServerProxy (RaftServerProxy.java:addNew(89)) - 5c3b1ee8-5ec3-426a-bdbd-c5e140144951: addNew group-ADB6FA852313:[5c3b1ee8-5ec3-426a-bdbd-c5e140144951:172.17.0.2:41037] returns group-ADB6FA852313:java.util.concurrent.CompletableFuture@6955c13e[Not completed]
2020-06-06 05:43:23,922 [pool-99-thread-1] INFO  server.RaftServerConfigKeys (ConfUtils.java:logGet(44)) - raft.server.snapshot.auto.trigger.enabled = true (custom)
2020-06-06 05:43:23,922 [pool-99-thread-1] INFO  server.RaftServerConfigKeys (ConfUtils.java:logGet(44)) - raft.server.snapshot.auto.trigger.threshold = 10000 (custom)
2020-06-06 05:43:23,922 [pool-99-thread-1] INFO  server.RaftServerConfigKeys (ConfUtils.java:logGet(44)) - raft.server.snapshot.retention.file.num = 5 (custom)
2020-06-06 05:43:23,922 [pool-99-thread-1] INFO  server.RaftServerConfigKeys (ConfUtils.java:logGet(44)) - raft.server.log.purge.upto.snapshot.index = false (default)
2020-06-06 05:43:23,922 [pool-99-thread-1] INFO  server.RaftServerConfigKeys (ConfUtils.java:logGet(44)) - raft.server.retrycache.expirytime = 600000ms (custom)
2020-06-06 05:43:23,922 [pool-99-thread-1] INFO  metrics.RatisMetrics (RatisMetrics.java:lambda$create$0(39)) - Creating Metrics Registry : ratis.leader_election.1ec43808-29a0-493f-bf2c-0e7e2b7cbdca@group-15A434AE0E69
2020-06-06 05:43:23,923 [pool-99-thread-1] INFO  metrics.RatisMetrics (RatisMetrics.java:lambda$create$0(39)) - Creating Metrics Registry : ratis.server.1ec43808-29a0-493f-bf2c-0e7e2b7cbdca@group-15A434AE0E69
2020-06-06 05:43:23,924 [pool-99-thread-1] INFO  impl.RaftServerImpl (RaftServerImpl.java:start(184)) - 1ec43808-29a0-493f-bf2c-0e7e2b7cbdca@group-15A434AE0E69: start as a follower, conf=-1: [5c3b1ee8-5ec3-426a-bdbd-c5e140144951:172.17.0.2:41037, 1ec43808-29a0-493f-bf2c-0e7e2b7cbdca:172.17.0.2:38961, 57f5666d-b59f-40cc-b98d-a67089cb0265:172.17.0.2:33405], old=null
2020-06-06 05:43:23,924 [pool-99-thread-1] INFO  impl.RaftServerImpl (RaftServerImpl.java:setRole(173)) - 1ec43808-29a0-493f-bf2c-0e7e2b7cbdca@group-15A434AE0E69: changes role from      null to FOLLOWER at term 0 for startAsFollower
2020-06-06 05:43:23,924 [pool-99-thread-1] INFO  impl.RoleInfo (RoleInfo.java:updateAndGet(143)) - 1ec43808-29a0-493f-bf2c-0e7e2b7cbdca: start FollowerState
2020-06-06 05:43:23,927 [pool-99-thread-1] INFO  util.JmxRegister (JmxRegister.java:tryRegister(44)) - Successfully registered JMX Bean with object name Ratis:service=RaftServer,group=group-15A434AE0E69,id=1ec43808-29a0-493f-bf2c-0e7e2b7cbdca
2020-06-06 05:43:23,928 [pool-99-thread-1] INFO  metrics.RatisMetrics (RatisMetrics.java:lambda$create$0(39)) - Creating Metrics Registry : ratis.state_machine.1ec43808-29a0-493f-bf2c-0e7e2b7cbdca@group-15A434AE0E69
2020-06-06 05:43:23,937 [pool-115-thread-1] INFO  impl.RaftServerImpl (RaftServerImpl.java:<init>(98)) - 5c3b1ee8-5ec3-426a-bdbd-c5e140144951: new RaftServerImpl for group-ADB6FA852313:[5c3b1ee8-5ec3-426a-bdbd-c5e140144951:172.17.0.2:41037] with ContainerStateMachine:uninitialized
2020-06-06 05:43:23,941 [pool-115-thread-1] INFO  server.RaftServerConfigKeys (ConfUtils.java:logGet(44)) - raft.server.rpc.timeout.min = 5s (custom)
2020-06-06 05:43:23,941 [pool-115-thread-1] INFO  server.RaftServerConfigKeys (ConfUtils.java:logGet(44)) - raft.server.rpc.timeout.max = 5200ms (custom)
2020-06-06 05:43:23,941 [pool-115-thread-1] INFO  server.RaftServerConfigKeys (ConfUtils.java:logGet(44)) - raft.server.rpcslowness.timeout = 300s (custom)
2020-06-06 05:43:23,941 [pool-115-thread-1] INFO  server.RaftServerConfigKeys (ConfUtils.java:logGet(44)) - raft.server.sleep.deviation.threshold = 300 (default)
2020-06-06 05:43:23,941 [pool-115-thread-1] INFO  server.RaftServerConfigKeys (ConfUtils.java:logGet(44)) - raft.server.log.appender.install.snapshot.enabled = false (custom)
2020-06-06 05:43:23,941 [pool-115-thread-1] INFO  impl.RaftServerImpl (ServerState.java:<init>(103)) - 5c3b1ee8-5ec3-426a-bdbd-c5e140144951@group-ADB6FA852313: ConfigurationManager, init=-1: [5c3b1ee8-5ec3-426a-bdbd-c5e140144951:172.17.0.2:41037], old=null, confs=<EMPTY_MAP>
2020-06-06 05:43:23,941 [pool-115-thread-1] INFO  server.RaftServerConfigKeys (ConfUtils.java:logGet(44)) - raft.server.storage.dir = [/github/workspace/mnt/ozone/hadoop-ozone/integration-test/target/test-dir/MiniOzoneClusterImpl-498c920e-3839-4903-94df-b28741763660/datanode-5/data/ratis] (custom)
2020-06-06 05:43:23,941 [pool-115-thread-1] INFO  server.RaftServerConfigKeys (ConfUtils.java:logGet(44)) - raft.server.log.corruption.policy = EXCEPTION (default)
2020-06-06 05:43:23,941 [pool-115-thread-1] INFO  storage.RaftStorageDirectory (RaftStorageDirectory.java:analyzeStorage(261)) - The storage directory /github/workspace/mnt/ozone/hadoop-ozone/integration-test/target/test-dir/MiniOzoneClusterImpl-498c920e-3839-4903-94df-b28741763660/datanode-5/data/ratis/535721ca-2bac-4268-ae00-adb6fa852313 does not exist. Creating ...
2020-06-06 05:43:23,944 [pool-115-thread-1] INFO  storage.RaftStorageDirectory (RaftStorageDirectory.java:tryLock(343)) - Lock on /github/workspace/mnt/ozone/hadoop-ozone/integration-test/target/test-dir/MiniOzoneClusterImpl-498c920e-3839-4903-94df-b28741763660/datanode-5/data/ratis/535721ca-2bac-4268-ae00-adb6fa852313/in_use.lock acquired by nodename 35709@04ab1dbc0cb6
2020-06-06 05:43:23,945 [pool-115-thread-1] INFO  storage.RaftStorage (RaftStorage.java:format(84)) - Storage directory /github/workspace/mnt/ozone/hadoop-ozone/integration-test/target/test-dir/MiniOzoneClusterImpl-498c920e-3839-4903-94df-b28741763660/datanode-5/data/ratis/535721ca-2bac-4268-ae00-adb6fa852313 has been successfully formatted.
2020-06-06 05:43:23,946 [pool-115-thread-1] INFO  ratis.ContainerStateMachine (ContainerStateMachine.java:loadSnapshot(226)) - group-ADB6FA852313: The snapshot info is null. Setting the last applied indexto:(t:0, i:~)
2020-06-06 05:43:23,946 [pool-115-thread-1] INFO  server.RaftServerConfigKeys (ConfUtils.java:logGet(44)) - raft.server.notification.no-leader.timeout = 60s (default)
2020-06-06 05:43:23,946 [pool-115-thread-1] INFO  server.RaftServerConfigKeys (ConfUtils.java:logGet(44)) - raft.server.log.use.memory = false (default)
2020-06-06 05:43:23,946 [pool-115-thread-1] INFO  server.RaftServerConfigKeys (ConfUtils.java:logGet(44)) - raft.server.log.purge.gap = 1000000 (custom)
2020-06-06 05:43:23,946 [pool-115-thread-1] INFO  server.RaftServerConfigKeys (ConfUtils.java:logGet(44)) - raft.server.log.appender.buffer.byte-limit = 33554432 (custom)
2020-06-06 05:43:23,946 [pool-115-thread-1] INFO  server.RaftServerConfigKeys (ConfUtils.java:logGet(44)) - raft.server.log.segment.size.max = 1048576 (custom)
2020-06-06 05:43:23,946 [pool-115-thread-1] INFO  metrics.RatisMetrics (RatisMetrics.java:lambda$create$0(39)) - Creating Metrics Registry : ratis.log_worker.5c3b1ee8-5ec3-426a-bdbd-c5e140144951
2020-06-06 05:43:23,946 [pool-115-thread-1] INFO  server.RaftServerConfigKeys (ConfUtils.java:logGet(44)) - raft.server.log.segment.cache.num.max = 2 (custom)
2020-06-06 05:43:23,946 [pool-115-thread-1] INFO  segmented.SegmentedRaftLogWorker (SegmentedRaftLogWorker.java:<init>(176)) - new 5c3b1ee8-5ec3-426a-bdbd-c5e140144951@group-ADB6FA852313-SegmentedRaftLogWorker for RaftStorage:Storage Directory /github/workspace/mnt/ozone/hadoop-ozone/integration-test/target/test-dir/MiniOzoneClusterImpl-498c920e-3839-4903-94df-b28741763660/datanode-5/data/ratis/535721ca-2bac-4268-ae00-adb6fa852313
2020-06-06 05:43:23,947 [pool-115-thread-1] INFO  server.RaftServerConfigKeys (ConfUtils.java:logGet(44)) - raft.server.log.queue.byte-limit = 2147483647 (custom)
2020-06-06 05:43:23,947 [pool-115-thread-1] INFO  server.RaftServerConfigKeys (ConfUtils.java:logGet(44)) - raft.server.log.queue.element-limit = 1024 (custom)
2020-06-06 05:43:23,947 [pool-115-thread-1] INFO  server.RaftServerConfigKeys (ConfUtils.java:logGet(44)) - raft.server.log.segment.size.max = 1048576 (custom)
2020-06-06 05:43:23,947 [pool-115-thread-1] INFO  server.RaftServerConfigKeys (ConfUtils.java:logGet(44)) - raft.server.log.preallocated.size = 16384 (custom)
2020-06-06 05:43:23,947 [pool-115-thread-1] INFO  server.RaftServerConfigKeys (ConfUtils.java:logGet(44)) - raft.server.log.write.buffer.size = 1048576 (custom)
2020-06-06 05:43:23,947 [pool-115-thread-1] INFO  server.RaftServerConfigKeys (ConfUtils.java:logGet(44)) - raft.server.log.force.sync.num = 128 (default)
2020-06-06 05:43:23,947 [pool-115-thread-1] INFO  server.RaftServerConfigKeys (ConfUtils.java:logGet(44)) - raft.server.log.statemachine.data.sync = true (default)
2020-06-06 05:43:23,947 [pool-115-thread-1] INFO  server.RaftServerConfigKeys (ConfUtils.java:logGet(44)) - raft.server.log.statemachine.data.sync.timeout = 10s (default)
2020-06-06 05:43:23,947 [pool-115-thread-1] INFO  server.RaftServerConfigKeys (ConfUtils.java:logGet(44)) - raft.server.log.statemachine.data.sync.timeout.retry = -1 (default)
2020-06-06 05:43:23,948 [pool-115-thread-1] INFO  server.RaftServerConfigKeys (ConfUtils.java:logGet(44)) - raft.server.log.statemachine.data.caching.enabled = true (custom)
2020-06-06 05:43:23,949 [pool-115-thread-1] INFO  segmented.SegmentedRaftLogWorker (SegmentedRaftLogWorker.java:lambda$new$0(129)) - 5c3b1ee8-5ec3-426a-bdbd-c5e140144951@group-ADB6FA852313-SegmentedRaftLogWorker: flushIndex: setUnconditionally 0 -> -1
2020-06-06 05:43:23,950 [EventQueue-PipelineReportForPipelineReportHandler] INFO  pipeline.PipelineStateManager (PipelineStateManager.java:openPipeline(131)) - Pipeline Pipeline[ Id: 535721ca-2bac-4268-ae00-adb6fa852313, Nodes: 5c3b1ee8-5ec3-426a-bdbd-c5e140144951{ip: 172.17.0.2, host: 04ab1dbc0cb6, networkLocation: /default-rack, certSerialId: null}, Type:RATIS, Factor:ONE, State:ALLOCATED, leaderId:5c3b1ee8-5ec3-426a-bdbd-c5e140144951, CreationTimestamp2020-06-06T05:43:20.906Z] moved to OPEN state
2020-06-06 05:43:23,950 [pool-115-thread-1] INFO  server.RaftServerConfigKeys (ConfUtils.java:logGet(44)) - raft.server.snapshot.auto.trigger.enabled = true (custom)
2020-06-06 05:43:23,950 [EventQueue-OpenPipelineForHealthyPipelineSafeModeRule] INFO  safemode.SCMSafeModeManager (HealthyPipelineSafeModeRule.java:process(132)) - SCM in safe mode. Healthy pipelines reported count is 0, required healthy pipeline reported count is 1
2020-06-06 05:43:23,950 [EventQueue-OpenPipelineForOneReplicaPipelineSafeModeRule] INFO  safemode.SCMSafeModeManager (SCMSafeModeManager.java:validateSafeModeExitRules(213)) - AtleastOneDatanodeReportedRule rule is successfully validated
2020-06-06 05:43:23,950 [pool-115-thread-1] INFO  server.RaftServerConfigKeys (ConfUtils.java:logGet(44)) - raft.server.snapshot.auto.trigger.threshold = 10000 (custom)
2020-06-06 05:43:23,950 [pool-115-thread-1] INFO  server.RaftServerConfigKeys (ConfUtils.java:logGet(44)) - raft.server.snapshot.retention.file.num = 5 (custom)
2020-06-06 05:43:23,950 [pool-115-thread-1] INFO  server.RaftServerConfigKeys (ConfUtils.java:logGet(44)) - raft.server.log.purge.upto.snapshot.index = false (default)
2020-06-06 05:43:23,951 [pool-115-thread-1] INFO  server.RaftServerConfigKeys (ConfUtils.java:logGet(44)) - raft.server.retrycache.expirytime = 600000ms (custom)
2020-06-06 05:43:23,951 [pool-115-thread-1] INFO  metrics.RatisMetrics (RatisMetrics.java:lambda$create$0(39)) - Creating Metrics Registry : ratis.leader_election.5c3b1ee8-5ec3-426a-bdbd-c5e140144951@group-ADB6FA852313
2020-06-06 05:43:23,951 [pool-115-thread-1] INFO  metrics.RatisMetrics (RatisMetrics.java:lambda$create$0(39)) - Creating Metrics Registry : ratis.server.5c3b1ee8-5ec3-426a-bdbd-c5e140144951@group-ADB6FA852313
2020-06-06 05:43:23,952 [pool-115-thread-1] INFO  impl.RaftServerImpl (RaftServerImpl.java:start(184)) - 5c3b1ee8-5ec3-426a-bdbd-c5e140144951@group-ADB6FA852313: start as a follower, conf=-1: [5c3b1ee8-5ec3-426a-bdbd-c5e140144951:172.17.0.2:41037], old=null
2020-06-06 05:43:23,952 [pool-115-thread-1] INFO  impl.RaftServerImpl (RaftServerImpl.java:setRole(173)) - 5c3b1ee8-5ec3-426a-bdbd-c5e140144951@group-ADB6FA852313: changes role from      null to FOLLOWER at term 0 for startAsFollower
2020-06-06 05:43:23,952 [pool-115-thread-1] INFO  impl.RoleInfo (RoleInfo.java:updateAndGet(143)) - 5c3b1ee8-5ec3-426a-bdbd-c5e140144951: start FollowerState
2020-06-06 05:43:23,956 [pool-115-thread-1] INFO  util.JmxRegister (JmxRegister.java:tryRegister(44)) - Successfully registered JMX Bean with object name Ratis:service=RaftServer,group=group-ADB6FA852313,id=5c3b1ee8-5ec3-426a-bdbd-c5e140144951
2020-06-06 05:43:23,957 [pool-115-thread-1] INFO  metrics.RatisMetrics (RatisMetrics.java:lambda$create$0(39)) - Creating Metrics Registry : ratis.state_machine.5c3b1ee8-5ec3-426a-bdbd-c5e140144951@group-ADB6FA852313
2020-06-06 05:43:23,963 [Command processor thread] INFO  commandhandler.CreatePipelineCommandHandler (CreatePipelineCommandHandler.java:handle(109)) - Created Pipeline RATIS ONE #id: "535721ca-2bac-4268-ae00-adb6fa852313"
.
2020-06-06 05:43:23,963 [Command processor thread] INFO  impl.RaftServerProxy (RaftServerProxy.java:addNew(89)) - 5c3b1ee8-5ec3-426a-bdbd-c5e140144951: addNew group-15A434AE0E69:[5c3b1ee8-5ec3-426a-bdbd-c5e140144951:172.17.0.2:41037, 1ec43808-29a0-493f-bf2c-0e7e2b7cbdca:172.17.0.2:38961, 57f5666d-b59f-40cc-b98d-a67089cb0265:172.17.0.2:33405] returns group-15A434AE0E69:java.util.concurrent.CompletableFuture@6d6a48cc[Not completed]
2020-06-06 05:43:23,964 [pool-115-thread-1] INFO  impl.RaftServerImpl (RaftServerImpl.java:<init>(98)) - 5c3b1ee8-5ec3-426a-bdbd-c5e140144951: new RaftServerImpl for group-15A434AE0E69:[5c3b1ee8-5ec3-426a-bdbd-c5e140144951:172.17.0.2:41037, 1ec43808-29a0-493f-bf2c-0e7e2b7cbdca:172.17.0.2:38961, 57f5666d-b59f-40cc-b98d-a67089cb0265:172.17.0.2:33405] with ContainerStateMachine:uninitialized
2020-06-06 05:43:23,964 [Listener at 127.0.0.1/33409] INFO  ozone.MiniOzoneClusterImpl (MiniOzoneClusterImpl.java:lambda$waitForClusterToBeReady$0(177)) - Nodes are ready. Got 7 of 7 DN Heartbeats.
2020-06-06 05:43:23,964 [Listener at 127.0.0.1/33409] INFO  ozone.MiniOzoneClusterImpl (MiniOzoneClusterImpl.java:lambda$waitForClusterToBeReady$0(180)) - Waiting for cluster to exit safe mode
2020-06-06 05:43:23,965 [pool-115-thread-1] INFO  server.RaftServerConfigKeys (ConfUtils.java:logGet(44)) - raft.server.rpc.timeout.min = 5s (custom)
2020-06-06 05:43:23,965 [pool-115-thread-1] INFO  server.RaftServerConfigKeys (ConfUtils.java:logGet(44)) - raft.server.rpc.timeout.max = 5200ms (custom)
2020-06-06 05:43:23,965 [pool-115-thread-1] INFO  server.RaftServerConfigKeys (ConfUtils.java:logGet(44)) - raft.server.rpcslowness.timeout = 300s (custom)
2020-06-06 05:43:23,965 [pool-115-thread-1] INFO  server.RaftServerConfigKeys (ConfUtils.java:logGet(44)) - raft.server.sleep.deviation.threshold = 300 (default)
2020-06-06 05:43:23,965 [pool-115-thread-1] INFO  server.RaftServerConfigKeys (ConfUtils.java:logGet(44)) - raft.server.log.appender.install.snapshot.enabled = false (custom)
2020-06-06 05:43:23,965 [pool-115-thread-1] INFO  impl.RaftServerImpl (ServerState.java:<init>(103)) - 5c3b1ee8-5ec3-426a-bdbd-c5e140144951@group-15A434AE0E69: ConfigurationManager, init=-1: [5c3b1ee8-5ec3-426a-bdbd-c5e140144951:172.17.0.2:41037, 1ec43808-29a0-493f-bf2c-0e7e2b7cbdca:172.17.0.2:38961, 57f5666d-b59f-40cc-b98d-a67089cb0265:172.17.0.2:33405], old=null, confs=<EMPTY_MAP>
2020-06-06 05:43:23,965 [pool-115-thread-1] INFO  server.RaftServerConfigKeys (ConfUtils.java:logGet(44)) - raft.server.storage.dir = [/github/workspace/mnt/ozone/hadoop-ozone/integration-test/target/test-dir/MiniOzoneClusterImpl-498c920e-3839-4903-94df-b28741763660/datanode-5/data/ratis] (custom)
2020-06-06 05:43:23,965 [pool-115-thread-1] INFO  server.RaftServerConfigKeys (ConfUtils.java:logGet(44)) - raft.server.log.corruption.policy = EXCEPTION (default)
2020-06-06 05:43:23,965 [pool-115-thread-1] INFO  storage.RaftStorageDirectory (RaftStorageDirectory.java:analyzeStorage(261)) - The storage directory /github/workspace/mnt/ozone/hadoop-ozone/integration-test/target/test-dir/MiniOzoneClusterImpl-498c920e-3839-4903-94df-b28741763660/datanode-5/data/ratis/f915dff4-fdf4-4931-bacc-15a434ae0e69 does not exist. Creating ...
2020-06-06 05:43:23,968 [pool-115-thread-1] INFO  storage.RaftStorageDirectory (RaftStorageDirectory.java:tryLock(343)) - Lock on /github/workspace/mnt/ozone/hadoop-ozone/integration-test/target/test-dir/MiniOzoneClusterImpl-498c920e-3839-4903-94df-b28741763660/datanode-5/data/ratis/f915dff4-fdf4-4931-bacc-15a434ae0e69/in_use.lock acquired by nodename 35709@04ab1dbc0cb6
2020-06-06 05:43:23,970 [pool-115-thread-1] INFO  storage.RaftStorage (RaftStorage.java:format(84)) - Storage directory /github/workspace/mnt/ozone/hadoop-ozone/integration-test/target/test-dir/MiniOzoneClusterImpl-498c920e-3839-4903-94df-b28741763660/datanode-5/data/ratis/f915dff4-fdf4-4931-bacc-15a434ae0e69 has been successfully formatted.
2020-06-06 05:43:23,985 [Command processor thread] INFO  impl.RaftServerProxy (RaftServerProxy.java:addNew(89)) - 7397d4b2-971e-42cd-898a-a0d5de1e6c31: addNew group-D268C89D4766:[7397d4b2-971e-42cd-898a-a0d5de1e6c31:172.17.0.2:36981] returns group-D268C89D4766:java.util.concurrent.CompletableFuture@505beb63[Not completed]
2020-06-06 05:43:23,985 [pool-115-thread-1] INFO  ratis.ContainerStateMachine (ContainerStateMachine.java:loadSnapshot(226)) - group-15A434AE0E69: The snapshot info is null. Setting the last applied indexto:(t:0, i:~)
2020-06-06 05:43:23,985 [pool-115-thread-1] INFO  server.RaftServerConfigKeys (ConfUtils.java:logGet(44)) - raft.server.notification.no-leader.timeout = 60s (default)
2020-06-06 05:43:23,985 [pool-115-thread-1] INFO  server.RaftServerConfigKeys (ConfUtils.java:logGet(44)) - raft.server.log.use.memory = false (default)
2020-06-06 05:43:23,985 [pool-115-thread-1] INFO  server.RaftServerConfigKeys (ConfUtils.java:logGet(44)) - raft.server.log.purge.gap = 1000000 (custom)
2020-06-06 05:43:23,985 [pool-115-thread-1] INFO  server.RaftServerConfigKeys (ConfUtils.java:logGet(44)) - raft.server.log.appender.buffer.byte-limit = 33554432 (custom)
2020-06-06 05:43:23,987 [pool-115-thread-1] INFO  server.RaftServerConfigKeys (ConfUtils.java:logGet(44)) - raft.server.log.segment.size.max = 1048576 (custom)
2020-06-06 05:43:23,987 [pool-115-thread-1] INFO  server.RaftServerConfigKeys (ConfUtils.java:logGet(44)) - raft.server.log.segment.cache.num.max = 2 (custom)
2020-06-06 05:43:23,987 [pool-115-thread-1] INFO  segmented.SegmentedRaftLogWorker (SegmentedRaftLogWorker.java:<init>(176)) - new 5c3b1ee8-5ec3-426a-bdbd-c5e140144951@group-15A434AE0E69-SegmentedRaftLogWorker for RaftStorage:Storage Directory /github/workspace/mnt/ozone/hadoop-ozone/integration-test/target/test-dir/MiniOzoneClusterImpl-498c920e-3839-4903-94df-b28741763660/datanode-5/data/ratis/f915dff4-fdf4-4931-bacc-15a434ae0e69
2020-06-06 05:43:23,987 [pool-115-thread-1] INFO  server.RaftServerConfigKeys (ConfUtils.java:logGet(44)) - raft.server.log.queue.byte-limit = 2147483647 (custom)
2020-06-06 05:43:23,987 [pool-115-thread-1] INFO  server.RaftServerConfigKeys (ConfUtils.java:logGet(44)) - raft.server.log.queue.element-limit = 1024 (custom)
2020-06-06 05:43:23,987 [pool-115-thread-1] INFO  server.RaftServerConfigKeys (ConfUtils.java:logGet(44)) - raft.server.log.segment.size.max = 1048576 (custom)
2020-06-06 05:43:23,987 [pool-115-thread-1] INFO  server.RaftServerConfigKeys (ConfUtils.java:logGet(44)) - raft.server.log.preallocated.size = 16384 (custom)
2020-06-06 05:43:23,987 [pool-115-thread-1] INFO  server.RaftServerConfigKeys (ConfUtils.java:logGet(44)) - raft.server.log.write.buffer.size = 1048576 (custom)
2020-06-06 05:43:23,987 [pool-115-thread-1] INFO  server.RaftServerConfigKeys (ConfUtils.java:logGet(44)) - raft.server.log.force.sync.num = 128 (default)
2020-06-06 05:43:23,987 [pool-115-thread-1] INFO  server.RaftServerConfigKeys (ConfUtils.java:logGet(44)) - raft.server.log.statemachine.data.sync = true (default)
2020-06-06 05:43:23,988 [pool-115-thread-1] INFO  server.RaftServerConfigKeys (ConfUtils.java:logGet(44)) - raft.server.log.statemachine.data.sync.timeout = 10s (default)
2020-06-06 05:43:23,988 [pool-115-thread-1] INFO  server.RaftServerConfigKeys (ConfUtils.java:logGet(44)) - raft.server.log.statemachine.data.sync.timeout.retry = -1 (default)
2020-06-06 05:43:24,029 [pool-115-thread-1] INFO  server.RaftServerConfigKeys (ConfUtils.java:logGet(44)) - raft.server.log.statemachine.data.caching.enabled = true (custom)
2020-06-06 05:43:24,029 [pool-115-thread-1] INFO  segmented.SegmentedRaftLogWorker (SegmentedRaftLogWorker.java:lambda$new$0(129)) - 5c3b1ee8-5ec3-426a-bdbd-c5e140144951@group-15A434AE0E69-SegmentedRaftLogWorker: flushIndex: setUnconditionally 0 -> -1
2020-06-06 05:43:24,032 [pool-115-thread-1] INFO  server.RaftServerConfigKeys (ConfUtils.java:logGet(44)) - raft.server.snapshot.auto.trigger.enabled = true (custom)
2020-06-06 05:43:24,032 [pool-115-thread-1] INFO  server.RaftServerConfigKeys (ConfUtils.java:logGet(44)) - raft.server.snapshot.auto.trigger.threshold = 10000 (custom)
2020-06-06 05:43:24,032 [pool-115-thread-1] INFO  server.RaftServerConfigKeys (ConfUtils.java:logGet(44)) - raft.server.snapshot.retention.file.num = 5 (custom)
2020-06-06 05:43:24,033 [pool-115-thread-1] INFO  server.RaftServerConfigKeys (ConfUtils.java:logGet(44)) - raft.server.log.purge.upto.snapshot.index = false (default)
2020-06-06 05:43:24,033 [pool-115-thread-1] INFO  server.RaftServerConfigKeys (ConfUtils.java:logGet(44)) - raft.server.retrycache.expirytime = 600000ms (custom)
2020-06-06 05:43:24,033 [pool-115-thread-1] INFO  metrics.RatisMetrics (RatisMetrics.java:lambda$create$0(39)) - Creating Metrics Registry : ratis.leader_election.5c3b1ee8-5ec3-426a-bdbd-c5e140144951@group-15A434AE0E69
2020-06-06 05:43:24,033 [pool-131-thread-1] INFO  impl.RaftServerImpl (RaftServerImpl.java:<init>(98)) - 7397d4b2-971e-42cd-898a-a0d5de1e6c31: new RaftServerImpl for group-D268C89D4766:[7397d4b2-971e-42cd-898a-a0d5de1e6c31:172.17.0.2:36981] with ContainerStateMachine:uninitialized
2020-06-06 05:43:24,033 [pool-115-thread-1] INFO  metrics.RatisMetrics (RatisMetrics.java:lambda$create$0(39)) - Creating Metrics Registry : ratis.server.5c3b1ee8-5ec3-426a-bdbd-c5e140144951@group-15A434AE0E69
2020-06-06 05:43:24,035 [pool-131-thread-1] INFO  server.RaftServerConfigKeys (ConfUtils.java:logGet(44)) - raft.server.rpc.timeout.min = 5s (custom)
2020-06-06 05:43:24,035 [pool-131-thread-1] INFO  server.RaftServerConfigKeys (ConfUtils.java:logGet(44)) - raft.server.rpc.timeout.max = 5200ms (custom)
2020-06-06 05:43:24,035 [pool-131-thread-1] INFO  server.RaftServerConfigKeys (ConfUtils.java:logGet(44)) - raft.server.rpcslowness.timeout = 300s (custom)
2020-06-06 05:43:24,035 [pool-131-thread-1] INFO  server.RaftServerConfigKeys (ConfUtils.java:logGet(44)) - raft.server.sleep.deviation.threshold = 300 (default)
2020-06-06 05:43:24,035 [pool-131-thread-1] INFO  server.RaftServerConfigKeys (ConfUtils.java:logGet(44)) - raft.server.log.appender.install.snapshot.enabled = false (custom)
2020-06-06 05:43:24,035 [pool-131-thread-1] INFO  impl.RaftServerImpl (ServerState.java:<init>(103)) - 7397d4b2-971e-42cd-898a-a0d5de1e6c31@group-D268C89D4766: ConfigurationManager, init=-1: [7397d4b2-971e-42cd-898a-a0d5de1e6c31:172.17.0.2:36981], old=null, confs=<EMPTY_MAP>
2020-06-06 05:43:24,036 [pool-115-thread-1] INFO  impl.RaftServerImpl (RaftServerImpl.java:start(184)) - 5c3b1ee8-5ec3-426a-bdbd-c5e140144951@group-15A434AE0E69: start as a follower, conf=-1: [5c3b1ee8-5ec3-426a-bdbd-c5e140144951:172.17.0.2:41037, 1ec43808-29a0-493f-bf2c-0e7e2b7cbdca:172.17.0.2:38961, 57f5666d-b59f-40cc-b98d-a67089cb0265:172.17.0.2:33405], old=null
2020-06-06 05:43:24,040 [pool-115-thread-1] INFO  impl.RaftServerImpl (RaftServerImpl.java:setRole(173)) - 5c3b1ee8-5ec3-426a-bdbd-c5e140144951@group-15A434AE0E69: changes role from      null to FOLLOWER at term 0 for startAsFollower
2020-06-06 05:43:24,040 [pool-131-thread-1] INFO  server.RaftServerConfigKeys (ConfUtils.java:logGet(44)) - raft.server.storage.dir = [/github/workspace/mnt/ozone/hadoop-ozone/integration-test/target/test-dir/MiniOzoneClusterImpl-498c920e-3839-4903-94df-b28741763660/datanode-6/data/ratis] (custom)
2020-06-06 05:43:24,041 [pool-115-thread-1] INFO  impl.RoleInfo (RoleInfo.java:updateAndGet(143)) - 5c3b1ee8-5ec3-426a-bdbd-c5e140144951: start FollowerState
2020-06-06 05:43:24,041 [pool-131-thread-1] INFO  server.RaftServerConfigKeys (ConfUtils.java:logGet(44)) - raft.server.log.corruption.policy = EXCEPTION (default)
2020-06-06 05:43:24,041 [pool-131-thread-1] INFO  storage.RaftStorageDirectory (RaftStorageDirectory.java:analyzeStorage(261)) - The storage directory /github/workspace/mnt/ozone/hadoop-ozone/integration-test/target/test-dir/MiniOzoneClusterImpl-498c920e-3839-4903-94df-b28741763660/datanode-6/data/ratis/2c795aa9-c98d-404d-a64c-d268c89d4766 does not exist. Creating ...
2020-06-06 05:43:24,042 [pool-131-thread-1] INFO  storage.RaftStorageDirectory (RaftStorageDirectory.java:tryLock(343)) - Lock on /github/workspace/mnt/ozone/hadoop-ozone/integration-test/target/test-dir/MiniOzoneClusterImpl-498c920e-3839-4903-94df-b28741763660/datanode-6/data/ratis/2c795aa9-c98d-404d-a64c-d268c89d4766/in_use.lock acquired by nodename 35709@04ab1dbc0cb6
2020-06-06 05:43:24,043 [pool-131-thread-1] INFO  storage.RaftStorage (RaftStorage.java:format(84)) - Storage directory /github/workspace/mnt/ozone/hadoop-ozone/integration-test/target/test-dir/MiniOzoneClusterImpl-498c920e-3839-4903-94df-b28741763660/datanode-6/data/ratis/2c795aa9-c98d-404d-a64c-d268c89d4766 has been successfully formatted.
2020-06-06 05:43:24,048 [pool-115-thread-1] INFO  util.JmxRegister (JmxRegister.java:tryRegister(44)) - Successfully registered JMX Bean with object name Ratis:service=RaftServer,group=group-15A434AE0E69,id=5c3b1ee8-5ec3-426a-bdbd-c5e140144951
2020-06-06 05:43:24,065 [pool-115-thread-1] INFO  metrics.RatisMetrics (RatisMetrics.java:lambda$create$0(39)) - Creating Metrics Registry : ratis.state_machine.5c3b1ee8-5ec3-426a-bdbd-c5e140144951@group-15A434AE0E69
2020-06-06 05:43:24,064 [pool-131-thread-1] INFO  ratis.ContainerStateMachine (ContainerStateMachine.java:loadSnapshot(226)) - group-D268C89D4766: The snapshot info is null. Setting the last applied indexto:(t:0, i:~)
2020-06-06 05:43:24,065 [pool-131-thread-1] INFO  server.RaftServerConfigKeys (ConfUtils.java:logGet(44)) - raft.server.notification.no-leader.timeout = 60s (default)
2020-06-06 05:43:24,065 [pool-131-thread-1] INFO  server.RaftServerConfigKeys (ConfUtils.java:logGet(44)) - raft.server.log.use.memory = false (default)
2020-06-06 05:43:24,066 [pool-131-thread-1] INFO  server.RaftServerConfigKeys (ConfUtils.java:logGet(44)) - raft.server.log.purge.gap = 1000000 (custom)
2020-06-06 05:43:24,066 [pool-131-thread-1] INFO  server.RaftServerConfigKeys (ConfUtils.java:logGet(44)) - raft.server.log.appender.buffer.byte-limit = 33554432 (custom)
2020-06-06 05:43:24,066 [pool-131-thread-1] INFO  server.RaftServerConfigKeys (ConfUtils.java:logGet(44)) - raft.server.log.segment.size.max = 1048576 (custom)
2020-06-06 05:43:24,066 [pool-131-thread-1] INFO  metrics.RatisMetrics (RatisMetrics.java:lambda$create$0(39)) - Creating Metrics Registry : ratis.log_worker.7397d4b2-971e-42cd-898a-a0d5de1e6c31
2020-06-06 05:43:24,066 [pool-131-thread-1] INFO  server.RaftServerConfigKeys (ConfUtils.java:logGet(44)) - raft.server.log.segment.cache.num.max = 2 (custom)
2020-06-06 05:43:24,066 [pool-131-thread-1] INFO  segmented.SegmentedRaftLogWorker (SegmentedRaftLogWorker.java:<init>(176)) - new 7397d4b2-971e-42cd-898a-a0d5de1e6c31@group-D268C89D4766-SegmentedRaftLogWorker for RaftStorage:Storage Directory /github/workspace/mnt/ozone/hadoop-ozone/integration-test/target/test-dir/MiniOzoneClusterImpl-498c920e-3839-4903-94df-b28741763660/datanode-6/data/ratis/2c795aa9-c98d-404d-a64c-d268c89d4766
2020-06-06 05:43:24,066 [pool-131-thread-1] INFO  server.RaftServerConfigKeys (ConfUtils.java:logGet(44)) - raft.server.log.queue.byte-limit = 2147483647 (custom)
2020-06-06 05:43:24,066 [pool-131-thread-1] INFO  server.RaftServerConfigKeys (ConfUtils.java:logGet(44)) - raft.server.log.queue.element-limit = 1024 (custom)
2020-06-06 05:43:24,066 [pool-131-thread-1] INFO  server.RaftServerConfigKeys (ConfUtils.java:logGet(44)) - raft.server.log.segment.size.max = 1048576 (custom)
2020-06-06 05:43:24,066 [pool-131-thread-1] INFO  server.RaftServerConfigKeys (ConfUtils.java:logGet(44)) - raft.server.log.preallocated.size = 16384 (custom)
2020-06-06 05:43:24,066 [pool-131-thread-1] INFO  server.RaftServerConfigKeys (ConfUtils.java:logGet(44)) - raft.server.log.write.buffer.size = 1048576 (custom)
2020-06-06 05:43:24,066 [pool-131-thread-1] INFO  server.RaftServerConfigKeys (ConfUtils.java:logGet(44)) - raft.server.log.force.sync.num = 128 (default)
2020-06-06 05:43:24,066 [pool-131-thread-1] INFO  server.RaftServerConfigKeys (ConfUtils.java:logGet(44)) - raft.server.log.statemachine.data.sync = true (default)
2020-06-06 05:43:24,066 [pool-131-thread-1] INFO  server.RaftServerConfigKeys (ConfUtils.java:logGet(44)) - raft.server.log.statemachine.data.sync.timeout = 10s (default)
2020-06-06 05:43:24,066 [pool-131-thread-1] INFO  server.RaftServerConfigKeys (ConfUtils.java:logGet(44)) - raft.server.log.statemachine.data.sync.timeout.retry = -1 (default)
2020-06-06 05:43:24,067 [EventQueue-PipelineReportForPipelineReportHandler] INFO  pipeline.PipelineStateManager (PipelineStateManager.java:openPipeline(131)) - Pipeline Pipeline[ Id: 2c795aa9-c98d-404d-a64c-d268c89d4766, Nodes: 7397d4b2-971e-42cd-898a-a0d5de1e6c31{ip: 172.17.0.2, host: 04ab1dbc0cb6, networkLocation: /default-rack, certSerialId: null}, Type:RATIS, Factor:ONE, State:ALLOCATED, leaderId:7397d4b2-971e-42cd-898a-a0d5de1e6c31, CreationTimestamp2020-06-06T05:43:20.971Z] moved to OPEN state
2020-06-06 05:43:24,067 [EventQueue-OpenPipelineForOneReplicaPipelineSafeModeRule] INFO  safemode.SCMSafeModeManager (SCMSafeModeManager.java:validateSafeModeExitRules(213)) - AtleastOneDatanodeReportedRule rule is successfully validated
2020-06-06 05:43:24,067 [EventQueue-OpenPipelineForHealthyPipelineSafeModeRule] INFO  safemode.SCMSafeModeManager (HealthyPipelineSafeModeRule.java:process(132)) - SCM in safe mode. Healthy pipelines reported count is 0, required healthy pipeline reported count is 1
2020-06-06 05:43:24,069 [pool-131-thread-1] INFO  server.RaftServerConfigKeys (ConfUtils.java:logGet(44)) - raft.server.log.statemachine.data.caching.enabled = true (custom)
2020-06-06 05:43:24,069 [pool-131-thread-1] INFO  segmented.SegmentedRaftLogWorker (SegmentedRaftLogWorker.java:lambda$new$0(129)) - 7397d4b2-971e-42cd-898a-a0d5de1e6c31@group-D268C89D4766-SegmentedRaftLogWorker: flushIndex: setUnconditionally 0 -> -1
2020-06-06 05:43:24,076 [pool-131-thread-1] INFO  server.RaftServerConfigKeys (ConfUtils.java:logGet(44)) - raft.server.snapshot.auto.trigger.enabled = true (custom)
2020-06-06 05:43:24,077 [pool-131-thread-1] INFO  server.RaftServerConfigKeys (ConfUtils.java:logGet(44)) - raft.server.snapshot.auto.trigger.threshold = 10000 (custom)
2020-06-06 05:43:24,077 [pool-131-thread-1] INFO  server.RaftServerConfigKeys (ConfUtils.java:logGet(44)) - raft.server.snapshot.retention.file.num = 5 (custom)
2020-06-06 05:43:24,077 [pool-131-thread-1] INFO  server.RaftServerConfigKeys (ConfUtils.java:logGet(44)) - raft.server.log.purge.upto.snapshot.index = false (default)
2020-06-06 05:43:24,084 [pool-131-thread-1] INFO  server.RaftServerConfigKeys (ConfUtils.java:logGet(44)) - raft.server.retrycache.expirytime = 600000ms (custom)
2020-06-06 05:43:24,085 [pool-131-thread-1] INFO  metrics.RatisMetrics (RatisMetrics.java:lambda$create$0(39)) - Creating Metrics Registry : ratis.leader_election.7397d4b2-971e-42cd-898a-a0d5de1e6c31@group-D268C89D4766
2020-06-06 05:43:24,085 [pool-131-thread-1] INFO  metrics.RatisMetrics (RatisMetrics.java:lambda$create$0(39)) - Creating Metrics Registry : ratis.server.7397d4b2-971e-42cd-898a-a0d5de1e6c31@group-D268C89D4766
2020-06-06 05:43:24,086 [pool-131-thread-1] INFO  impl.RaftServerImpl (RaftServerImpl.java:start(184)) - 7397d4b2-971e-42cd-898a-a0d5de1e6c31@group-D268C89D4766: start as a follower, conf=-1: [7397d4b2-971e-42cd-898a-a0d5de1e6c31:172.17.0.2:36981], old=null
2020-06-06 05:43:24,086 [pool-131-thread-1] INFO  impl.RaftServerImpl (RaftServerImpl.java:setRole(173)) - 7397d4b2-971e-42cd-898a-a0d5de1e6c31@group-D268C89D4766: changes role from      null to FOLLOWER at term 0 for startAsFollower
2020-06-06 05:43:24,086 [pool-131-thread-1] INFO  impl.RoleInfo (RoleInfo.java:updateAndGet(143)) - 7397d4b2-971e-42cd-898a-a0d5de1e6c31: start FollowerState
2020-06-06 05:43:24,093 [pool-131-thread-1] INFO  util.JmxRegister (JmxRegister.java:tryRegister(44)) - Successfully registered JMX Bean with object name Ratis:service=RaftServer,group=group-D268C89D4766,id=7397d4b2-971e-42cd-898a-a0d5de1e6c31
2020-06-06 05:43:24,094 [pool-131-thread-1] INFO  metrics.RatisMetrics (RatisMetrics.java:lambda$create$0(39)) - Creating Metrics Registry : ratis.state_machine.7397d4b2-971e-42cd-898a-a0d5de1e6c31@group-D268C89D4766
2020-06-06 05:43:24,094 [Command processor thread] INFO  commandhandler.CreatePipelineCommandHandler (CreatePipelineCommandHandler.java:handle(109)) - Created Pipeline RATIS ONE #id: "2c795aa9-c98d-404d-a64c-d268c89d4766"
.
2020-06-06 05:43:24,623 [Command processor thread] INFO  commandhandler.CreatePipelineCommandHandler (CreatePipelineCommandHandler.java:handle(109)) - Created Pipeline RATIS THREE #id: "f915dff4-fdf4-4931-bacc-15a434ae0e69"
.
2020-06-06 05:43:24,627 [Command processor thread] INFO  commandhandler.CreatePipelineCommandHandler (CreatePipelineCommandHandler.java:handle(109)) - Created Pipeline RATIS THREE #id: "5eb153f7-d415-4876-9c3f-39414941c540"
.
2020-06-06 05:43:24,629 [Command processor thread] INFO  commandhandler.CreatePipelineCommandHandler (CreatePipelineCommandHandler.java:handle(109)) - Created Pipeline RATIS THREE #id: "5eb153f7-d415-4876-9c3f-39414941c540"
.
2020-06-06 05:43:24,635 [Command processor thread] INFO  commandhandler.CreatePipelineCommandHandler (CreatePipelineCommandHandler.java:handle(109)) - Created Pipeline RATIS THREE #id: "5eb153f7-d415-4876-9c3f-39414941c540"
.
2020-06-06 05:43:24,639 [Command processor thread] INFO  commandhandler.CreatePipelineCommandHandler (CreatePipelineCommandHandler.java:handle(109)) - Created Pipeline RATIS THREE #id: "f915dff4-fdf4-4931-bacc-15a434ae0e69"
.
2020-06-06 05:43:24,640 [Command processor thread] INFO  commandhandler.CreatePipelineCommandHandler (CreatePipelineCommandHandler.java:handle(109)) - Created Pipeline RATIS THREE #id: "f915dff4-fdf4-4931-bacc-15a434ae0e69"
.
2020-06-06 05:43:24,965 [Listener at 127.0.0.1/33409] INFO  ozone.MiniOzoneClusterImpl (MiniOzoneClusterImpl.java:lambda$waitForClusterToBeReady$0(177)) - Nodes are ready. Got 7 of 7 DN Heartbeats.
2020-06-06 05:43:24,965 [Listener at 127.0.0.1/33409] INFO  ozone.MiniOzoneClusterImpl (MiniOzoneClusterImpl.java:lambda$waitForClusterToBeReady$0(180)) - Waiting for cluster to exit safe mode
2020-06-06 05:43:25,965 [Listener at 127.0.0.1/33409] INFO  ozone.MiniOzoneClusterImpl (MiniOzoneClusterImpl.java:lambda$waitForClusterToBeReady$0(177)) - Nodes are ready. Got 7 of 7 DN Heartbeats.
2020-06-06 05:43:25,965 [Listener at 127.0.0.1/33409] INFO  ozone.MiniOzoneClusterImpl (MiniOzoneClusterImpl.java:lambda$waitForClusterToBeReady$0(180)) - Waiting for cluster to exit safe mode
2020-06-06 05:43:26,966 [Listener at 127.0.0.1/33409] INFO  ozone.MiniOzoneClusterImpl (MiniOzoneClusterImpl.java:lambda$waitForClusterToBeReady$0(177)) - Nodes are ready. Got 7 of 7 DN Heartbeats.
2020-06-06 05:43:26,966 [Listener at 127.0.0.1/33409] INFO  ozone.MiniOzoneClusterImpl (MiniOzoneClusterImpl.java:lambda$waitForClusterToBeReady$0(180)) - Waiting for cluster to exit safe mode
2020-06-06 05:43:27,966 [Listener at 127.0.0.1/33409] INFO  ozone.MiniOzoneClusterImpl (MiniOzoneClusterImpl.java:lambda$waitForClusterToBeReady$0(177)) - Nodes are ready. Got 7 of 7 DN Heartbeats.
2020-06-06 05:43:27,966 [Listener at 127.0.0.1/33409] INFO  ozone.MiniOzoneClusterImpl (MiniOzoneClusterImpl.java:lambda$waitForClusterToBeReady$0(180)) - Waiting for cluster to exit safe mode
2020-06-06 05:43:28,697 [Thread-231] INFO  impl.FollowerState (FollowerState.java:run(108)) - 1759bdf6-b62e-442e-9185-4af47b41fcdd@group-CF3A680EB06E-FollowerState: change to CANDIDATE, lastRpcTime:5072ms, electionTimeout:5051ms
2020-06-06 05:43:28,700 [Thread-231] INFO  impl.RoleInfo (RoleInfo.java:shutdownFollowerState(121)) - 1759bdf6-b62e-442e-9185-4af47b41fcdd: shutdown FollowerState
2020-06-06 05:43:28,700 [Thread-231] INFO  impl.RaftServerImpl (RaftServerImpl.java:setRole(173)) - 1759bdf6-b62e-442e-9185-4af47b41fcdd@group-CF3A680EB06E: changes role from  FOLLOWER to CANDIDATE at term 0 for changeToCandidate
2020-06-06 05:43:28,703 [Thread-231] INFO  impl.RoleInfo (RoleInfo.java:updateAndGet(143)) - 1759bdf6-b62e-442e-9185-4af47b41fcdd: start LeaderElection
2020-06-06 05:43:28,714 [1759bdf6-b62e-442e-9185-4af47b41fcdd@group-CF3A680EB06E-LeaderElection1] INFO  impl.LeaderElection (LeaderElection.java:askForVotes(206)) - 1759bdf6-b62e-442e-9185-4af47b41fcdd@group-CF3A680EB06E-LeaderElection1: begin an election at term 1 for -1: [1759bdf6-b62e-442e-9185-4af47b41fcdd:172.17.0.2:37129], old=null
2020-06-06 05:43:28,715 [1759bdf6-b62e-442e-9185-4af47b41fcdd@group-CF3A680EB06E-LeaderElection1] INFO  impl.RoleInfo (RoleInfo.java:shutdownLeaderElection(134)) - 1759bdf6-b62e-442e-9185-4af47b41fcdd: shutdown LeaderElection
2020-06-06 05:43:28,716 [1759bdf6-b62e-442e-9185-4af47b41fcdd@group-CF3A680EB06E-LeaderElection1] INFO  impl.RaftServerImpl (RaftServerImpl.java:setRole(173)) - 1759bdf6-b62e-442e-9185-4af47b41fcdd@group-CF3A680EB06E: changes role from CANDIDATE to LEADER at term 1 for changeToLeader
2020-06-06 05:43:28,716 [1759bdf6-b62e-442e-9185-4af47b41fcdd@group-CF3A680EB06E-LeaderElection1] INFO  ratis.XceiverServerRatis (XceiverServerRatis.java:handleLeaderChangedNotification(762)) - Leader change notification received for group: group-CF3A680EB06E with new leaderId: 1759bdf6-b62e-442e-9185-4af47b41fcdd
2020-06-06 05:43:28,716 [1759bdf6-b62e-442e-9185-4af47b41fcdd@group-CF3A680EB06E-LeaderElection1] INFO  impl.RaftServerImpl (ServerState.java:setLeader(255)) - 1759bdf6-b62e-442e-9185-4af47b41fcdd@group-CF3A680EB06E: change Leader from null to 1759bdf6-b62e-442e-9185-4af47b41fcdd at term 1 for becomeLeader, leader elected after 5247ms
2020-06-06 05:43:28,722 [1759bdf6-b62e-442e-9185-4af47b41fcdd@group-CF3A680EB06E-LeaderElection1] INFO  server.RaftServerConfigKeys (ConfUtils.java:logGet(44)) - raft.server.staging.catchup.gap = 1000 (default)
2020-06-06 05:43:28,722 [1759bdf6-b62e-442e-9185-4af47b41fcdd@group-CF3A680EB06E-LeaderElection1] INFO  server.RaftServerConfigKeys (ConfUtils.java:logGet(44)) - raft.server.rpc.sleep.time = 25ms (default)
2020-06-06 05:43:28,724 [1759bdf6-b62e-442e-9185-4af47b41fcdd@group-CF3A680EB06E-LeaderElection1] INFO  metrics.RatisMetrics (RatisMetrics.java:lambda$create$0(39)) - Creating Metrics Registry : ratis.log_appender.1759bdf6-b62e-442e-9185-4af47b41fcdd@group-CF3A680EB06E
2020-06-06 05:43:28,731 [1759bdf6-b62e-442e-9185-4af47b41fcdd@group-CF3A680EB06E-LeaderElection1] INFO  server.RaftServerConfigKeys (ConfUtils.java:logGet(44)) - raft.server.write.element-limit = 1024 (custom)
2020-06-06 05:43:28,732 [1759bdf6-b62e-442e-9185-4af47b41fcdd@group-CF3A680EB06E-LeaderElection1] INFO  server.RaftServerConfigKeys (ConfUtils.java:logGet(44)) - raft.server.write.byte-limit = 1073741824 (custom)
2020-06-06 05:43:28,741 [1759bdf6-b62e-442e-9185-4af47b41fcdd@group-CF3A680EB06E-LeaderElection1] INFO  server.RaftServerConfigKeys (ConfUtils.java:logGet(44)) - raft.server.watch.timeout = 180s (custom)
2020-06-06 05:43:28,741 [1759bdf6-b62e-442e-9185-4af47b41fcdd@group-CF3A680EB06E-LeaderElection1] INFO  server.RaftServerConfigKeys (ConfUtils.java:logGet(44)) - raft.server.watch.timeout.denomination = 1s (default)
2020-06-06 05:43:28,742 [1759bdf6-b62e-442e-9185-4af47b41fcdd@group-CF3A680EB06E-LeaderElection1] INFO  server.RaftServerConfigKeys (ConfUtils.java:logGet(44)) - raft.server.watch.element-limit = 65536 (default)
2020-06-06 05:43:28,748 [1759bdf6-b62e-442e-9185-4af47b41fcdd@group-CF3A680EB06E-LeaderElection1] INFO  impl.RoleInfo (RoleInfo.java:updateAndGet(143)) - 1759bdf6-b62e-442e-9185-4af47b41fcdd: start LeaderState
2020-06-06 05:43:28,761 [1759bdf6-b62e-442e-9185-4af47b41fcdd@group-CF3A680EB06E-LeaderElection1] INFO  segmented.SegmentedRaftLogWorker (SegmentedRaftLogWorker.java:startLogSegment(391)) - 1759bdf6-b62e-442e-9185-4af47b41fcdd@group-CF3A680EB06E-SegmentedRaftLogWorker: Starting segment from index:0
2020-06-06 05:43:28,764 [Thread-236] INFO  impl.FollowerState (FollowerState.java:run(108)) - 0f07ec13-85ff-4d8f-a7a2-4e7da8f3a33f@group-39414941C540-FollowerState: change to CANDIDATE, lastRpcTime:5035ms, electionTimeout:5032ms
2020-06-06 05:43:28,765 [Thread-236] INFO  impl.RoleInfo (RoleInfo.java:shutdownFollowerState(121)) - 0f07ec13-85ff-4d8f-a7a2-4e7da8f3a33f: shutdown FollowerState
2020-06-06 05:43:28,765 [Thread-236] INFO  impl.RaftServerImpl (RaftServerImpl.java:setRole(173)) - 0f07ec13-85ff-4d8f-a7a2-4e7da8f3a33f@group-39414941C540: changes role from  FOLLOWER to CANDIDATE at term 0 for changeToCandidate
2020-06-06 05:43:28,765 [Thread-236] INFO  impl.RoleInfo (RoleInfo.java:updateAndGet(143)) - 0f07ec13-85ff-4d8f-a7a2-4e7da8f3a33f: start LeaderElection
2020-06-06 05:43:28,777 [1759bdf6-b62e-442e-9185-4af47b41fcdd@group-CF3A680EB06E-LeaderElection1] INFO  impl.RaftServerImpl (ServerState.java:setRaftConf(356)) - 1759bdf6-b62e-442e-9185-4af47b41fcdd@group-CF3A680EB06E: set configuration 0: [1759bdf6-b62e-442e-9185-4af47b41fcdd:172.17.0.2:37129], old=null at 0
2020-06-06 05:43:28,785 [0f07ec13-85ff-4d8f-a7a2-4e7da8f3a33f@group-39414941C540-LeaderElection2] INFO  impl.LeaderElection (LeaderElection.java:askForVotes(206)) - 0f07ec13-85ff-4d8f-a7a2-4e7da8f3a33f@group-39414941C540-LeaderElection2: begin an election at term 1 for -1: [0f07ec13-85ff-4d8f-a7a2-4e7da8f3a33f:172.17.0.2:39881, 1759bdf6-b62e-442e-9185-4af47b41fcdd:172.17.0.2:37129, 0e538569-32db-42d4-b5fd-7023928f007e:172.17.0.2:37221], old=null
2020-06-06 05:43:28,789 [Thread-234] INFO  impl.FollowerState (FollowerState.java:run(108)) - 0e538569-32db-42d4-b5fd-7023928f007e@group-95C24F9FF001-FollowerState: change to CANDIDATE, lastRpcTime:5107ms, electionTimeout:5103ms
2020-06-06 05:43:28,789 [Thread-234] INFO  impl.RoleInfo (RoleInfo.java:shutdownFollowerState(121)) - 0e538569-32db-42d4-b5fd-7023928f007e: shutdown FollowerState
2020-06-06 05:43:28,789 [Thread-234] INFO  impl.RaftServerImpl (RaftServerImpl.java:setRole(173)) - 0e538569-32db-42d4-b5fd-7023928f007e@group-95C24F9FF001: changes role from  FOLLOWER to CANDIDATE at term 0 for changeToCandidate
2020-06-06 05:43:28,789 [Thread-234] INFO  impl.RoleInfo (RoleInfo.java:updateAndGet(143)) - 0e538569-32db-42d4-b5fd-7023928f007e: start LeaderElection
2020-06-06 05:43:28,809 [0e538569-32db-42d4-b5fd-7023928f007e@group-95C24F9FF001-LeaderElection3] INFO  impl.LeaderElection (LeaderElection.java:askForVotes(206)) - 0e538569-32db-42d4-b5fd-7023928f007e@group-95C24F9FF001-LeaderElection3: begin an election at term 1 for -1: [0e538569-32db-42d4-b5fd-7023928f007e:172.17.0.2:37221], old=null
2020-06-06 05:43:28,809 [0e538569-32db-42d4-b5fd-7023928f007e@group-95C24F9FF001-LeaderElection3] INFO  impl.RoleInfo (RoleInfo.java:shutdownLeaderElection(134)) - 0e538569-32db-42d4-b5fd-7023928f007e: shutdown LeaderElection
2020-06-06 05:43:28,809 [0e538569-32db-42d4-b5fd-7023928f007e@group-95C24F9FF001-LeaderElection3] INFO  impl.RaftServerImpl (RaftServerImpl.java:setRole(173)) - 0e538569-32db-42d4-b5fd-7023928f007e@group-95C24F9FF001: changes role from CANDIDATE to LEADER at term 1 for changeToLeader
2020-06-06 05:43:28,809 [0e538569-32db-42d4-b5fd-7023928f007e@group-95C24F9FF001-LeaderElection3] INFO  ratis.XceiverServerRatis (XceiverServerRatis.java:handleLeaderChangedNotification(762)) - Leader change notification received for group: group-95C24F9FF001 with new leaderId: 0e538569-32db-42d4-b5fd-7023928f007e
2020-06-06 05:43:28,809 [0e538569-32db-42d4-b5fd-7023928f007e@group-95C24F9FF001-LeaderElection3] INFO  impl.RaftServerImpl (ServerState.java:setLeader(255)) - 0e538569-32db-42d4-b5fd-7023928f007e@group-95C24F9FF001: change Leader from null to 0e538569-32db-42d4-b5fd-7023928f007e at term 1 for becomeLeader, leader elected after 5142ms
2020-06-06 05:43:28,809 [0e538569-32db-42d4-b5fd-7023928f007e@group-95C24F9FF001-LeaderElection3] INFO  server.RaftServerConfigKeys (ConfUtils.java:logGet(44)) - raft.server.staging.catchup.gap = 1000 (default)
2020-06-06 05:43:28,809 [0e538569-32db-42d4-b5fd-7023928f007e@group-95C24F9FF001-LeaderElection3] INFO  server.RaftServerConfigKeys (ConfUtils.java:logGet(44)) - raft.server.rpc.sleep.time = 25ms (default)
2020-06-06 05:43:28,809 [0e538569-32db-42d4-b5fd-7023928f007e@group-95C24F9FF001-LeaderElection3] INFO  metrics.RatisMetrics (RatisMetrics.java:lambda$create$0(39)) - Creating Metrics Registry : ratis.log_appender.0e538569-32db-42d4-b5fd-7023928f007e@group-95C24F9FF001
2020-06-06 05:43:28,809 [0e538569-32db-42d4-b5fd-7023928f007e@group-95C24F9FF001-LeaderElection3] INFO  server.RaftServerConfigKeys (ConfUtils.java:logGet(44)) - raft.server.write.element-limit = 1024 (custom)
2020-06-06 05:43:28,810 [0e538569-32db-42d4-b5fd-7023928f007e@group-95C24F9FF001-LeaderElection3] INFO  server.RaftServerConfigKeys (ConfUtils.java:logGet(44)) - raft.server.write.byte-limit = 1073741824 (custom)
2020-06-06 05:43:28,810 [0e538569-32db-42d4-b5fd-7023928f007e@group-95C24F9FF001-LeaderElection3] INFO  server.RaftServerConfigKeys (ConfUtils.java:logGet(44)) - raft.server.watch.timeout = 180s (custom)
2020-06-06 05:43:28,810 [0e538569-32db-42d4-b5fd-7023928f007e@group-95C24F9FF001-LeaderElection3] INFO  server.RaftServerConfigKeys (ConfUtils.java:logGet(44)) - raft.server.watch.timeout.denomination = 1s (default)
2020-06-06 05:43:28,810 [0e538569-32db-42d4-b5fd-7023928f007e@group-95C24F9FF001-LeaderElection3] INFO  server.RaftServerConfigKeys (ConfUtils.java:logGet(44)) - raft.server.watch.element-limit = 65536 (default)
2020-06-06 05:43:28,810 [0e538569-32db-42d4-b5fd-7023928f007e@group-95C24F9FF001-LeaderElection3] INFO  impl.RoleInfo (RoleInfo.java:updateAndGet(143)) - 0e538569-32db-42d4-b5fd-7023928f007e: start LeaderState
2020-06-06 05:43:28,810 [0e538569-32db-42d4-b5fd-7023928f007e@group-95C24F9FF001-LeaderElection3] INFO  segmented.SegmentedRaftLogWorker (SegmentedRaftLogWorker.java:startLogSegment(391)) - 0e538569-32db-42d4-b5fd-7023928f007e@group-95C24F9FF001-SegmentedRaftLogWorker: Starting segment from index:0
2020-06-06 05:43:28,812 [Thread-232] INFO  impl.FollowerState (FollowerState.java:run(108)) - 0f07ec13-85ff-4d8f-a7a2-4e7da8f3a33f@group-CB81DD697583-FollowerState: change to CANDIDATE, lastRpcTime:5187ms, electionTimeout:5163ms
2020-06-06 05:43:28,812 [Thread-232] INFO  impl.RoleInfo (RoleInfo.java:shutdownFollowerState(121)) - 0f07ec13-85ff-4d8f-a7a2-4e7da8f3a33f: shutdown FollowerState
2020-06-06 05:43:28,812 [Thread-232] INFO  impl.RaftServerImpl (RaftServerImpl.java:setRole(173)) - 0f07ec13-85ff-4d8f-a7a2-4e7da8f3a33f@group-CB81DD697583: changes role from  FOLLOWER to CANDIDATE at term 0 for changeToCandidate
2020-06-06 05:43:28,812 [Thread-232] INFO  impl.RoleInfo (RoleInfo.java:updateAndGet(143)) - 0f07ec13-85ff-4d8f-a7a2-4e7da8f3a33f: start LeaderElection
2020-06-06 05:43:28,822 [0e538569-32db-42d4-b5fd-7023928f007e@group-95C24F9FF001-LeaderElection3] INFO  impl.RaftServerImpl (ServerState.java:setRaftConf(356)) - 0e538569-32db-42d4-b5fd-7023928f007e@group-95C24F9FF001: set configuration 0: [0e538569-32db-42d4-b5fd-7023928f007e:172.17.0.2:37221], old=null at 0
2020-06-06 05:43:28,835 [Thread-242] INFO  impl.FollowerState (FollowerState.java:run(108)) - 57f5666d-b59f-40cc-b98d-a67089cb0265@group-6E75E71009E3-FollowerState: change to CANDIDATE, lastRpcTime:5043ms, electionTimeout:5039ms
2020-06-06 05:43:28,836 [Thread-242] INFO  impl.RoleInfo (RoleInfo.java:shutdownFollowerState(121)) - 57f5666d-b59f-40cc-b98d-a67089cb0265: shutdown FollowerState
2020-06-06 05:43:28,836 [Thread-242] INFO  impl.RaftServerImpl (RaftServerImpl.java:setRole(173)) - 57f5666d-b59f-40cc-b98d-a67089cb0265@group-6E75E71009E3: changes role from  FOLLOWER to CANDIDATE at term 0 for changeToCandidate
2020-06-06 05:43:28,836 [Thread-242] INFO  impl.RoleInfo (RoleInfo.java:updateAndGet(143)) - 57f5666d-b59f-40cc-b98d-a67089cb0265: start LeaderElection
2020-06-06 05:43:28,844 [grpc-default-executor-3] INFO  impl.RaftServerImpl (RaftServerImpl.java:setRole(173)) - 0e538569-32db-42d4-b5fd-7023928f007e@group-39414941C540: changes role from  FOLLOWER to FOLLOWER at term 1 for recognizeCandidate:0f07ec13-85ff-4d8f-a7a2-4e7da8f3a33f
2020-06-06 05:43:28,844 [grpc-default-executor-3] INFO  impl.RoleInfo (RoleInfo.java:shutdownFollowerState(121)) - 0e538569-32db-42d4-b5fd-7023928f007e: shutdown FollowerState
2020-06-06 05:43:28,844 [grpc-default-executor-3] INFO  impl.RoleInfo (RoleInfo.java:updateAndGet(143)) - 0e538569-32db-42d4-b5fd-7023928f007e: start FollowerState
2020-06-06 05:43:28,844 [Thread-240] INFO  impl.FollowerState (FollowerState.java:run(117)) - 0e538569-32db-42d4-b5fd-7023928f007e@group-39414941C540-FollowerState was interrupted: java.lang.InterruptedException: sleep interrupted
2020-06-06 05:43:28,845 [0f07ec13-85ff-4d8f-a7a2-4e7da8f3a33f@group-CB81DD697583-LeaderElection4] INFO  impl.LeaderElection (LeaderElection.java:askForVotes(206)) - 0f07ec13-85ff-4d8f-a7a2-4e7da8f3a33f@group-CB81DD697583-LeaderElection4: begin an election at term 1 for -1: [0f07ec13-85ff-4d8f-a7a2-4e7da8f3a33f:172.17.0.2:39881], old=null
2020-06-06 05:43:28,845 [0f07ec13-85ff-4d8f-a7a2-4e7da8f3a33f@group-CB81DD697583-LeaderElection4] INFO  impl.RoleInfo (RoleInfo.java:shutdownLeaderElection(134)) - 0f07ec13-85ff-4d8f-a7a2-4e7da8f3a33f: shutdown LeaderElection
2020-06-06 05:43:28,845 [0f07ec13-85ff-4d8f-a7a2-4e7da8f3a33f@group-CB81DD697583-LeaderElection4] INFO  impl.RaftServerImpl (RaftServerImpl.java:setRole(173)) - 0f07ec13-85ff-4d8f-a7a2-4e7da8f3a33f@group-CB81DD697583: changes role from CANDIDATE to LEADER at term 1 for changeToLeader
2020-06-06 05:43:28,845 [0f07ec13-85ff-4d8f-a7a2-4e7da8f3a33f@group-CB81DD697583-LeaderElection4] INFO  ratis.XceiverServerRatis (XceiverServerRatis.java:handleLeaderChangedNotification(762)) - Leader change notification received for group: group-CB81DD697583 with new leaderId: 0f07ec13-85ff-4d8f-a7a2-4e7da8f3a33f
2020-06-06 05:43:28,847 [57f5666d-b59f-40cc-b98d-a67089cb0265@group-6E75E71009E3-LeaderElection5] INFO  impl.LeaderElection (LeaderElection.java:askForVotes(206)) - 57f5666d-b59f-40cc-b98d-a67089cb0265@group-6E75E71009E3-LeaderElection5: begin an election at term 1 for -1: [57f5666d-b59f-40cc-b98d-a67089cb0265:172.17.0.2:33405], old=null
2020-06-06 05:43:28,847 [57f5666d-b59f-40cc-b98d-a67089cb0265@group-6E75E71009E3-LeaderElection5] INFO  impl.RoleInfo (RoleInfo.java:shutdownLeaderElection(134)) - 57f5666d-b59f-40cc-b98d-a67089cb0265: shutdown LeaderElection
2020-06-06 05:43:28,848 [57f5666d-b59f-40cc-b98d-a67089cb0265@group-6E75E71009E3-LeaderElection5] INFO  impl.RaftServerImpl (RaftServerImpl.java:setRole(173)) - 57f5666d-b59f-40cc-b98d-a67089cb0265@group-6E75E71009E3: changes role from CANDIDATE to LEADER at term 1 for changeToLeader
2020-06-06 05:43:28,848 [57f5666d-b59f-40cc-b98d-a67089cb0265@group-6E75E71009E3-LeaderElection5] INFO  ratis.XceiverServerRatis (XceiverServerRatis.java:handleLeaderChangedNotification(762)) - Leader change notification received for group: group-6E75E71009E3 with new leaderId: 57f5666d-b59f-40cc-b98d-a67089cb0265
2020-06-06 05:43:28,850 [57f5666d-b59f-40cc-b98d-a67089cb0265@group-6E75E71009E3-LeaderElection5] INFO  impl.RaftServerImpl (ServerState.java:setLeader(255)) - 57f5666d-b59f-40cc-b98d-a67089cb0265@group-6E75E71009E3: change Leader from null to 57f5666d-b59f-40cc-b98d-a67089cb0265 at term 1 for becomeLeader, leader elected after 5070ms
2020-06-06 05:43:28,850 [57f5666d-b59f-40cc-b98d-a67089cb0265@group-6E75E71009E3-LeaderElection5] INFO  server.RaftServerConfigKeys (ConfUtils.java:logGet(44)) - raft.server.staging.catchup.gap = 1000 (default)
2020-06-06 05:43:28,850 [57f5666d-b59f-40cc-b98d-a67089cb0265@group-6E75E71009E3-LeaderElection5] INFO  server.RaftServerConfigKeys (ConfUtils.java:logGet(44)) - raft.server.rpc.sleep.time = 25ms (default)
2020-06-06 05:43:28,850 [57f5666d-b59f-40cc-b98d-a67089cb0265@group-6E75E71009E3-LeaderElection5] INFO  metrics.RatisMetrics (RatisMetrics.java:lambda$create$0(39)) - Creating Metrics Registry : ratis.log_appender.57f5666d-b59f-40cc-b98d-a67089cb0265@group-6E75E71009E3
2020-06-06 05:43:28,850 [57f5666d-b59f-40cc-b98d-a67089cb0265@group-6E75E71009E3-LeaderElection5] INFO  server.RaftServerConfigKeys (ConfUtils.java:logGet(44)) - raft.server.write.element-limit = 1024 (custom)
2020-06-06 05:43:28,851 [57f5666d-b59f-40cc-b98d-a67089cb0265@group-6E75E71009E3-LeaderElection5] INFO  server.RaftServerConfigKeys (ConfUtils.java:logGet(44)) - raft.server.write.byte-limit = 1073741824 (custom)
2020-06-06 05:43:28,851 [57f5666d-b59f-40cc-b98d-a67089cb0265@group-6E75E71009E3-LeaderElection5] INFO  server.RaftServerConfigKeys (ConfUtils.java:logGet(44)) - raft.server.watch.timeout = 180s (custom)
2020-06-06 05:43:28,851 [57f5666d-b59f-40cc-b98d-a67089cb0265@group-6E75E71009E3-LeaderElection5] INFO  server.RaftServerConfigKeys (ConfUtils.java:logGet(44)) - raft.server.watch.timeout.denomination = 1s (default)
2020-06-06 05:43:28,851 [57f5666d-b59f-40cc-b98d-a67089cb0265@group-6E75E71009E3-LeaderElection5] INFO  server.RaftServerConfigKeys (ConfUtils.java:logGet(44)) - raft.server.watch.element-limit = 65536 (default)
2020-06-06 05:43:28,851 [57f5666d-b59f-40cc-b98d-a67089cb0265@group-6E75E71009E3-LeaderElection5] INFO  impl.RoleInfo (RoleInfo.java:updateAndGet(143)) - 57f5666d-b59f-40cc-b98d-a67089cb0265: start LeaderState
2020-06-06 05:43:28,851 [57f5666d-b59f-40cc-b98d-a67089cb0265@group-6E75E71009E3-LeaderElection5] INFO  segmented.SegmentedRaftLogWorker (SegmentedRaftLogWorker.java:startLogSegment(391)) - 57f5666d-b59f-40cc-b98d-a67089cb0265@group-6E75E71009E3-SegmentedRaftLogWorker: Starting segment from index:0
2020-06-06 05:43:28,851 [0f07ec13-85ff-4d8f-a7a2-4e7da8f3a33f@group-CB81DD697583-LeaderElection4] INFO  impl.RaftServerImpl (ServerState.java:setLeader(255)) - 0f07ec13-85ff-4d8f-a7a2-4e7da8f3a33f@group-CB81DD697583: change Leader from null to 0f07ec13-85ff-4d8f-a7a2-4e7da8f3a33f at term 1 for becomeLeader, leader elected after 5266ms
2020-06-06 05:43:28,856 [0f07ec13-85ff-4d8f-a7a2-4e7da8f3a33f@group-CB81DD697583-LeaderElection4] INFO  server.RaftServerConfigKeys (ConfUtils.java:logGet(44)) - raft.server.staging.catchup.gap = 1000 (default)
2020-06-06 05:43:28,856 [0f07ec13-85ff-4d8f-a7a2-4e7da8f3a33f@group-CB81DD697583-LeaderElection4] INFO  server.RaftServerConfigKeys (ConfUtils.java:logGet(44)) - raft.server.rpc.sleep.time = 25ms (default)
2020-06-06 05:43:28,862 [Thread-239] INFO  impl.FollowerState (FollowerState.java:run(108)) - 1759bdf6-b62e-442e-9185-4af47b41fcdd@group-39414941C540-FollowerState: change to CANDIDATE, lastRpcTime:5130ms, electionTimeout:5122ms
2020-06-06 05:43:28,864 [57f5666d-b59f-40cc-b98d-a67089cb0265@group-6E75E71009E3-LeaderElection5] INFO  impl.RaftServerImpl (ServerState.java:setRaftConf(356)) - 57f5666d-b59f-40cc-b98d-a67089cb0265@group-6E75E71009E3: set configuration 0: [57f5666d-b59f-40cc-b98d-a67089cb0265:172.17.0.2:33405], old=null at 0
2020-06-06 05:43:28,865 [Thread-239] INFO  impl.RoleInfo (RoleInfo.java:shutdownFollowerState(121)) - 1759bdf6-b62e-442e-9185-4af47b41fcdd: shutdown FollowerState
2020-06-06 05:43:28,865 [Thread-239] INFO  impl.RaftServerImpl (RaftServerImpl.java:setRole(173)) - 1759bdf6-b62e-442e-9185-4af47b41fcdd@group-39414941C540: changes role from  FOLLOWER to CANDIDATE at term 0 for changeToCandidate
2020-06-06 05:43:28,865 [Thread-239] INFO  impl.RoleInfo (RoleInfo.java:updateAndGet(143)) - 1759bdf6-b62e-442e-9185-4af47b41fcdd: start LeaderElection
2020-06-06 05:43:28,868 [0f07ec13-85ff-4d8f-a7a2-4e7da8f3a33f@group-CB81DD697583-LeaderElection4] INFO  metrics.RatisMetrics (RatisMetrics.java:lambda$create$0(39)) - Creating Metrics Registry : ratis.log_appender.0f07ec13-85ff-4d8f-a7a2-4e7da8f3a33f@group-CB81DD697583
2020-06-06 05:43:28,873 [0f07ec13-85ff-4d8f-a7a2-4e7da8f3a33f@group-CB81DD697583-LeaderElection4] INFO  server.RaftServerConfigKeys (ConfUtils.java:logGet(44)) - raft.server.write.element-limit = 1024 (custom)
2020-06-06 05:43:28,873 [0f07ec13-85ff-4d8f-a7a2-4e7da8f3a33f@group-CB81DD697583-LeaderElection4] INFO  server.RaftServerConfigKeys (ConfUtils.java:logGet(44)) - raft.server.write.byte-limit = 1073741824 (custom)
2020-06-06 05:43:28,873 [0f07ec13-85ff-4d8f-a7a2-4e7da8f3a33f@group-CB81DD697583-LeaderElection4] INFO  server.RaftServerConfigKeys (ConfUtils.java:logGet(44)) - raft.server.watch.timeout = 180s (custom)
2020-06-06 05:43:28,873 [0f07ec13-85ff-4d8f-a7a2-4e7da8f3a33f@group-CB81DD697583-LeaderElection4] INFO  server.RaftServerConfigKeys (ConfUtils.java:logGet(44)) - raft.server.watch.timeout.denomination = 1s (default)
2020-06-06 05:43:28,873 [0f07ec13-85ff-4d8f-a7a2-4e7da8f3a33f@group-CB81DD697583-LeaderElection4] INFO  server.RaftServerConfigKeys (ConfUtils.java:logGet(44)) - raft.server.watch.element-limit = 65536 (default)
2020-06-06 05:43:28,874 [0f07ec13-85ff-4d8f-a7a2-4e7da8f3a33f@group-CB81DD697583-LeaderElection4] INFO  impl.RoleInfo (RoleInfo.java:updateAndGet(143)) - 0f07ec13-85ff-4d8f-a7a2-4e7da8f3a33f: start LeaderState
2020-06-06 05:43:28,874 [0f07ec13-85ff-4d8f-a7a2-4e7da8f3a33f@group-CB81DD697583-LeaderElection4] INFO  segmented.SegmentedRaftLogWorker (SegmentedRaftLogWorker.java:startLogSegment(391)) - 0f07ec13-85ff-4d8f-a7a2-4e7da8f3a33f@group-CB81DD697583-SegmentedRaftLogWorker: Starting segment from index:0
2020-06-06 05:43:28,876 [0f07ec13-85ff-4d8f-a7a2-4e7da8f3a33f@group-CB81DD697583-LeaderElection4] INFO  impl.RaftServerImpl (ServerState.java:setRaftConf(356)) - 0f07ec13-85ff-4d8f-a7a2-4e7da8f3a33f@group-CB81DD697583: set configuration 0: [0f07ec13-85ff-4d8f-a7a2-4e7da8f3a33f:172.17.0.2:39881], old=null at 0
2020-06-06 05:43:28,885 [grpc-default-executor-0] INFO  impl.RaftServerImpl (RaftServerImpl.java:setRole(173)) - 1759bdf6-b62e-442e-9185-4af47b41fcdd@group-39414941C540: changes role from CANDIDATE to FOLLOWER at term 1 for recognizeCandidate:0f07ec13-85ff-4d8f-a7a2-4e7da8f3a33f
2020-06-06 05:43:28,885 [grpc-default-executor-0] INFO  impl.RoleInfo (RoleInfo.java:shutdownLeaderElection(134)) - 1759bdf6-b62e-442e-9185-4af47b41fcdd: shutdown LeaderElection
2020-06-06 05:43:28,885 [grpc-default-executor-0] INFO  impl.RoleInfo (RoleInfo.java:updateAndGet(143)) - 1759bdf6-b62e-442e-9185-4af47b41fcdd: start FollowerState
2020-06-06 05:43:28,887 [Thread-246] INFO  impl.FollowerState (FollowerState.java:run(108)) - 1ec43808-29a0-493f-bf2c-0e7e2b7cbdca@group-03B6A81BCB63-FollowerState: change to CANDIDATE, lastRpcTime:5007ms, electionTimeout:5006ms
2020-06-06 05:43:28,887 [Thread-246] INFO  impl.RoleInfo (RoleInfo.java:shutdownFollowerState(121)) - 1ec43808-29a0-493f-bf2c-0e7e2b7cbdca: shutdown FollowerState
2020-06-06 05:43:28,888 [Thread-246] INFO  impl.RaftServerImpl (RaftServerImpl.java:setRole(173)) - 1ec43808-29a0-493f-bf2c-0e7e2b7cbdca@group-03B6A81BCB63: changes role from  FOLLOWER to CANDIDATE at term 0 for changeToCandidate
2020-06-06 05:43:28,893 [Thread-246] INFO  impl.RoleInfo (RoleInfo.java:updateAndGet(143)) - 1ec43808-29a0-493f-bf2c-0e7e2b7cbdca: start LeaderElection
2020-06-06 05:43:28,894 [1759bdf6-b62e-442e-9185-4af47b41fcdd@group-39414941C540-LeaderElection6] INFO  impl.LeaderElection (LeaderElection.java:askForVotes(206)) - 1759bdf6-b62e-442e-9185-4af47b41fcdd@group-39414941C540-LeaderElection6: begin an election at term 2 for -1: [0f07ec13-85ff-4d8f-a7a2-4e7da8f3a33f:172.17.0.2:39881, 1759bdf6-b62e-442e-9185-4af47b41fcdd:172.17.0.2:37129, 0e538569-32db-42d4-b5fd-7023928f007e:172.17.0.2:37221], old=null
2020-06-06 05:43:28,899 [0f07ec13-85ff-4d8f-a7a2-4e7da8f3a33f@group-39414941C540-LeaderElection2] INFO  impl.LeaderElection (LeaderElection.java:logAndReturn(61)) - 0f07ec13-85ff-4d8f-a7a2-4e7da8f3a33f@group-39414941C540-LeaderElection2: Election PASSED; received 1 response(s) [0f07ec13-85ff-4d8f-a7a2-4e7da8f3a33f<-0e538569-32db-42d4-b5fd-7023928f007e#0:OK-t1] and 0 exception(s); 0f07ec13-85ff-4d8f-a7a2-4e7da8f3a33f@group-39414941C540:t1, leader=null, voted=0f07ec13-85ff-4d8f-a7a2-4e7da8f3a33f, raftlog=0f07ec13-85ff-4d8f-a7a2-4e7da8f3a33f@group-39414941C540-SegmentedRaftLog:OPENED:c-1,f-1,i0, conf=-1: [0f07ec13-85ff-4d8f-a7a2-4e7da8f3a33f:172.17.0.2:39881, 1759bdf6-b62e-442e-9185-4af47b41fcdd:172.17.0.2:37129, 0e538569-32db-42d4-b5fd-7023928f007e:172.17.0.2:37221], old=null
2020-06-06 05:43:28,902 [1759bdf6-b62e-442e-9185-4af47b41fcdd@group-39414941C540-LeaderElection6] INFO  impl.LeaderElection (LeaderElection.java:logAndReturn(61)) - 1759bdf6-b62e-442e-9185-4af47b41fcdd@group-39414941C540-LeaderElection6: Election REJECTED; received 0 response(s) [] and 0 exception(s); 1759bdf6-b62e-442e-9185-4af47b41fcdd@group-39414941C540:t2, leader=null, voted=1759bdf6-b62e-442e-9185-4af47b41fcdd, raftlog=1759bdf6-b62e-442e-9185-4af47b41fcdd@group-39414941C540-SegmentedRaftLog:OPENED:c-1,f-1,i0, conf=-1: [0f07ec13-85ff-4d8f-a7a2-4e7da8f3a33f:172.17.0.2:39881, 1759bdf6-b62e-442e-9185-4af47b41fcdd:172.17.0.2:37129, 0e538569-32db-42d4-b5fd-7023928f007e:172.17.0.2:37221], old=null
2020-06-06 05:43:28,905 [0f07ec13-85ff-4d8f-a7a2-4e7da8f3a33f@group-39414941C540-LeaderElection2] INFO  impl.RoleInfo (RoleInfo.java:shutdownLeaderElection(134)) - 0f07ec13-85ff-4d8f-a7a2-4e7da8f3a33f: shutdown LeaderElection
2020-06-06 05:43:28,916 [0f07ec13-85ff-4d8f-a7a2-4e7da8f3a33f@group-39414941C540-LeaderElection2] INFO  impl.RaftServerImpl (RaftServerImpl.java:setRole(173)) - 0f07ec13-85ff-4d8f-a7a2-4e7da8f3a33f@group-39414941C540: changes role from CANDIDATE to LEADER at term 1 for changeToLeader
2020-06-06 05:43:28,916 [0f07ec13-85ff-4d8f-a7a2-4e7da8f3a33f@group-39414941C540-LeaderElection2] INFO  ratis.XceiverServerRatis (XceiverServerRatis.java:handleLeaderChangedNotification(762)) - Leader change notification received for group: group-39414941C540 with new leaderId: 0f07ec13-85ff-4d8f-a7a2-4e7da8f3a33f
2020-06-06 05:43:28,916 [0f07ec13-85ff-4d8f-a7a2-4e7da8f3a33f@group-39414941C540-LeaderElection2] INFO  impl.RaftServerImpl (ServerState.java:setLeader(255)) - 0f07ec13-85ff-4d8f-a7a2-4e7da8f3a33f@group-39414941C540: change Leader from null to 0f07ec13-85ff-4d8f-a7a2-4e7da8f3a33f at term 1 for becomeLeader, leader elected after 5214ms
2020-06-06 05:43:28,916 [0f07ec13-85ff-4d8f-a7a2-4e7da8f3a33f@group-39414941C540-LeaderElection2] INFO  server.RaftServerConfigKeys (ConfUtils.java:logGet(44)) - raft.server.staging.catchup.gap = 1000 (default)
2020-06-06 05:43:28,916 [0f07ec13-85ff-4d8f-a7a2-4e7da8f3a33f@group-39414941C540-LeaderElection2] INFO  server.RaftServerConfigKeys (ConfUtils.java:logGet(44)) - raft.server.rpc.sleep.time = 25ms (default)
2020-06-06 05:43:28,916 [0f07ec13-85ff-4d8f-a7a2-4e7da8f3a33f@group-39414941C540-LeaderElection2] INFO  metrics.RatisMetrics (RatisMetrics.java:lambda$create$0(39)) - Creating Metrics Registry : ratis.log_appender.0f07ec13-85ff-4d8f-a7a2-4e7da8f3a33f@group-39414941C540
2020-06-06 05:43:28,916 [0f07ec13-85ff-4d8f-a7a2-4e7da8f3a33f@group-39414941C540-LeaderElection2] INFO  server.RaftServerConfigKeys (ConfUtils.java:logGet(44)) - raft.server.write.element-limit = 1024 (custom)
2020-06-06 05:43:28,917 [0f07ec13-85ff-4d8f-a7a2-4e7da8f3a33f@group-39414941C540-LeaderElection2] INFO  server.RaftServerConfigKeys (ConfUtils.java:logGet(44)) - raft.server.write.byte-limit = 1073741824 (custom)
2020-06-06 05:43:28,917 [0f07ec13-85ff-4d8f-a7a2-4e7da8f3a33f@group-39414941C540-LeaderElection2] INFO  server.RaftServerConfigKeys (ConfUtils.java:logGet(44)) - raft.server.watch.timeout = 180s (custom)
2020-06-06 05:43:28,917 [0f07ec13-85ff-4d8f-a7a2-4e7da8f3a33f@group-39414941C540-LeaderElection2] INFO  server.RaftServerConfigKeys (ConfUtils.java:logGet(44)) - raft.server.watch.timeout.denomination = 1s (default)
2020-06-06 05:43:28,917 [0f07ec13-85ff-4d8f-a7a2-4e7da8f3a33f@group-39414941C540-LeaderElection2] INFO  server.RaftServerConfigKeys (ConfUtils.java:logGet(44)) - raft.server.watch.element-limit = 65536 (default)
2020-06-06 05:43:28,915 [1ec43808-29a0-493f-bf2c-0e7e2b7cbdca@group-03B6A81BCB63-LeaderElection7] INFO  impl.LeaderElection (LeaderElection.java:askForVotes(206)) - 1ec43808-29a0-493f-bf2c-0e7e2b7cbdca@group-03B6A81BCB63-LeaderElection7: begin an election at term 1 for -1: [1ec43808-29a0-493f-bf2c-0e7e2b7cbdca:172.17.0.2:38961], old=null
2020-06-06 05:43:28,919 [EventQueue-PipelineReportForPipelineReportHandler] INFO  pipeline.PipelineStateManager (PipelineStateManager.java:openPipeline(131)) - Pipeline Pipeline[ Id: 5eb153f7-d415-4876-9c3f-39414941c540, Nodes: 1759bdf6-b62e-442e-9185-4af47b41fcdd{ip: 172.17.0.2, host: 04ab1dbc0cb6, networkLocation: /default-rack, certSerialId: null}0f07ec13-85ff-4d8f-a7a2-4e7da8f3a33f{ip: 172.17.0.2, host: 04ab1dbc0cb6, networkLocation: /default-rack, certSerialId: null}0e538569-32db-42d4-b5fd-7023928f007e{ip: 172.17.0.2, host: 04ab1dbc0cb6, networkLocation: /default-rack, certSerialId: null}, Type:RATIS, Factor:THREE, State:ALLOCATED, leaderId:0f07ec13-85ff-4d8f-a7a2-4e7da8f3a33f, CreationTimestamp2020-06-06T05:43:20.639Z] moved to OPEN state
2020-06-06 05:43:28,916 [grpc-default-executor-3] INFO  impl.RaftServerImpl (RaftServerImpl.java:setRole(173)) - 0e538569-32db-42d4-b5fd-7023928f007e@group-39414941C540: changes role from  FOLLOWER to FOLLOWER at term 2 for recognizeCandidate:1759bdf6-b62e-442e-9185-4af47b41fcdd
2020-06-06 05:43:28,920 [grpc-default-executor-3] INFO  impl.RoleInfo (RoleInfo.java:shutdownFollowerState(121)) - 0e538569-32db-42d4-b5fd-7023928f007e: shutdown FollowerState
2020-06-06 05:43:28,920 [grpc-default-executor-3] INFO  impl.RoleInfo (RoleInfo.java:updateAndGet(143)) - 0e538569-32db-42d4-b5fd-7023928f007e: start FollowerState
2020-06-06 05:43:28,921 [Thread-276] INFO  impl.FollowerState (FollowerState.java:run(117)) - 0e538569-32db-42d4-b5fd-7023928f007e@group-39414941C540-FollowerState was interrupted: java.lang.InterruptedException: sleep interrupted
2020-06-06 05:43:28,920 [EventQueue-OpenPipelineForOneReplicaPipelineSafeModeRule] INFO  safemode.SCMSafeModeManager (SCMSafeModeManager.java:validateSafeModeExitRules(213)) - AtleastOneDatanodeReportedRule rule is successfully validated
2020-06-06 05:43:28,921 [1ec43808-29a0-493f-bf2c-0e7e2b7cbdca@group-03B6A81BCB63-LeaderElection7] INFO  impl.RoleInfo (RoleInfo.java:shutdownLeaderElection(134)) - 1ec43808-29a0-493f-bf2c-0e7e2b7cbdca: shutdown LeaderElection
2020-06-06 05:43:28,928 [1ec43808-29a0-493f-bf2c-0e7e2b7cbdca@group-03B6A81BCB63-LeaderElection7] INFO  impl.RaftServerImpl (RaftServerImpl.java:setRole(173)) - 1ec43808-29a0-493f-bf2c-0e7e2b7cbdca@group-03B6A81BCB63: changes role from CANDIDATE to LEADER at term 1 for changeToLeader
2020-06-06 05:43:28,928 [1ec43808-29a0-493f-bf2c-0e7e2b7cbdca@group-03B6A81BCB63-LeaderElection7] INFO  ratis.XceiverServerRatis (XceiverServerRatis.java:handleLeaderChangedNotification(762)) - Leader change notification received for group: group-03B6A81BCB63 with new leaderId: 1ec43808-29a0-493f-bf2c-0e7e2b7cbdca
2020-06-06 05:43:28,928 [1ec43808-29a0-493f-bf2c-0e7e2b7cbdca@group-03B6A81BCB63-LeaderElection7] INFO  impl.RaftServerImpl (ServerState.java:setLeader(255)) - 1ec43808-29a0-493f-bf2c-0e7e2b7cbdca@group-03B6A81BCB63: change Leader from null to 1ec43808-29a0-493f-bf2c-0e7e2b7cbdca at term 1 for becomeLeader, leader elected after 5056ms
2020-06-06 05:43:28,928 [1ec43808-29a0-493f-bf2c-0e7e2b7cbdca@group-03B6A81BCB63-LeaderElection7] INFO  server.RaftServerConfigKeys (ConfUtils.java:logGet(44)) - raft.server.staging.catchup.gap = 1000 (default)
2020-06-06 05:43:28,928 [1ec43808-29a0-493f-bf2c-0e7e2b7cbdca@group-03B6A81BCB63-LeaderElection7] INFO  server.RaftServerConfigKeys (ConfUtils.java:logGet(44)) - raft.server.rpc.sleep.time = 25ms (default)
2020-06-06 05:43:28,920 [EventQueue-OpenPipelineForHealthyPipelineSafeModeRule] INFO  safemode.SCMSafeModeManager (HealthyPipelineSafeModeRule.java:process(132)) - SCM in safe mode. Healthy pipelines reported count is 1, required healthy pipeline reported count is 1
2020-06-06 05:43:28,930 [EventQueue-OpenPipelineForHealthyPipelineSafeModeRule] INFO  safemode.SCMSafeModeManager (SCMSafeModeManager.java:validateSafeModeExitRules(213)) - HealthyPipelineSafeModeRule rule is successfully validated
2020-06-06 05:43:28,930 [EventQueue-OpenPipelineForHealthyPipelineSafeModeRule] INFO  safemode.SCMSafeModeManager (SCMSafeModeManager.java:validateSafeModeExitRules(227)) - ScmSafeModeManager, all rules are successfully validated
2020-06-06 05:43:28,930 [EventQueue-OpenPipelineForHealthyPipelineSafeModeRule] INFO  safemode.SCMSafeModeManager (SCMSafeModeManager.java:exitSafeMode(256)) - SCM exiting safe mode.
2020-06-06 05:43:28,928 [0f07ec13-85ff-4d8f-a7a2-4e7da8f3a33f@group-39414941C540-LeaderElection2] INFO  server.RaftServerConfigKeys (ConfUtils.java:logGet(44)) - raft.server.log.appender.snapshot.chunk.size.max = 16MB (=16777216) (default)
2020-06-06 05:43:28,937 [0f07ec13-85ff-4d8f-a7a2-4e7da8f3a33f@group-39414941C540-LeaderElection2] INFO  server.RaftServerConfigKeys (ConfUtils.java:logGet(44)) - raft.server.log.appender.buffer.byte-limit = 33554432 (custom)
2020-06-06 05:43:28,937 [0f07ec13-85ff-4d8f-a7a2-4e7da8f3a33f@group-39414941C540-LeaderElection2] INFO  server.RaftServerConfigKeys (ConfUtils.java:logGet(44)) - raft.server.log.appender.buffer.element-limit = 1 (custom)
2020-06-06 05:43:28,931 [1ec43808-29a0-493f-bf2c-0e7e2b7cbdca@group-03B6A81BCB63-LeaderElection7] INFO  metrics.RatisMetrics (RatisMetrics.java:lambda$create$0(39)) - Creating Metrics Registry : ratis.log_appender.1ec43808-29a0-493f-bf2c-0e7e2b7cbdca@group-03B6A81BCB63
2020-06-06 05:43:28,941 [1ec43808-29a0-493f-bf2c-0e7e2b7cbdca@group-03B6A81BCB63-LeaderElection7] INFO  server.RaftServerConfigKeys (ConfUtils.java:logGet(44)) - raft.server.write.element-limit = 1024 (custom)
2020-06-06 05:43:28,941 [1ec43808-29a0-493f-bf2c-0e7e2b7cbdca@group-03B6A81BCB63-LeaderElection7] INFO  server.RaftServerConfigKeys (ConfUtils.java:logGet(44)) - raft.server.write.byte-limit = 1073741824 (custom)
2020-06-06 05:43:28,941 [1ec43808-29a0-493f-bf2c-0e7e2b7cbdca@group-03B6A81BCB63-LeaderElection7] INFO  server.RaftServerConfigKeys (ConfUtils.java:logGet(44)) - raft.server.watch.timeout = 180s (custom)
2020-06-06 05:43:28,941 [1ec43808-29a0-493f-bf2c-0e7e2b7cbdca@group-03B6A81BCB63-LeaderElection7] INFO  server.RaftServerConfigKeys (ConfUtils.java:logGet(44)) - raft.server.watch.timeout.denomination = 1s (default)
2020-06-06 05:43:28,941 [1ec43808-29a0-493f-bf2c-0e7e2b7cbdca@group-03B6A81BCB63-LeaderElection7] INFO  server.RaftServerConfigKeys (ConfUtils.java:logGet(44)) - raft.server.watch.element-limit = 65536 (default)
2020-06-06 05:43:28,941 [1ec43808-29a0-493f-bf2c-0e7e2b7cbdca@group-03B6A81BCB63-LeaderElection7] INFO  impl.RoleInfo (RoleInfo.java:updateAndGet(143)) - 1ec43808-29a0-493f-bf2c-0e7e2b7cbdca: start LeaderState
2020-06-06 05:43:28,942 [1ec43808-29a0-493f-bf2c-0e7e2b7cbdca@group-03B6A81BCB63-LeaderElection7] INFO  segmented.SegmentedRaftLogWorker (SegmentedRaftLogWorker.java:startLogSegment(391)) - 1ec43808-29a0-493f-bf2c-0e7e2b7cbdca@group-03B6A81BCB63-SegmentedRaftLogWorker: Starting segment from index:0
2020-06-06 05:43:28,940 [0f07ec13-85ff-4d8f-a7a2-4e7da8f3a33f@group-39414941C540-LeaderElection2] INFO  grpc.GrpcConfigKeys (ConfUtils.java:logGet(44)) - raft.grpc.server.leader.outstanding.appends.max = 128 (default)
2020-06-06 05:43:28,942 [0f07ec13-85ff-4d8f-a7a2-4e7da8f3a33f@group-39414941C540-LeaderElection2] INFO  server.RaftServerConfigKeys (ConfUtils.java:logGet(44)) - raft.server.rpc.request.timeout = 60s (custom)
2020-06-06 05:43:28,942 [0f07ec13-85ff-4d8f-a7a2-4e7da8f3a33f@group-39414941C540-LeaderElection2] INFO  server.RaftServerConfigKeys (ConfUtils.java:logGet(44)) - raft.server.log.appender.install.snapshot.enabled = false (custom)
2020-06-06 05:43:28,946 [0f07ec13-85ff-4d8f-a7a2-4e7da8f3a33f@group-39414941C540-LeaderElection2] INFO  server.RaftServerConfigKeys (ConfUtils.java:logGet(44)) - raft.server.log.appender.snapshot.chunk.size.max = 16MB (=16777216) (default)
2020-06-06 05:43:28,946 [0f07ec13-85ff-4d8f-a7a2-4e7da8f3a33f@group-39414941C540-LeaderElection2] INFO  server.RaftServerConfigKeys (ConfUtils.java:logGet(44)) - raft.server.log.appender.buffer.byte-limit = 33554432 (custom)
2020-06-06 05:43:28,946 [0f07ec13-85ff-4d8f-a7a2-4e7da8f3a33f@group-39414941C540-LeaderElection2] INFO  server.RaftServerConfigKeys (ConfUtils.java:logGet(44)) - raft.server.log.appender.buffer.element-limit = 1 (custom)
2020-06-06 05:43:28,952 [1ec43808-29a0-493f-bf2c-0e7e2b7cbdca@group-03B6A81BCB63-LeaderElection7] INFO  impl.RaftServerImpl (ServerState.java:setRaftConf(356)) - 1ec43808-29a0-493f-bf2c-0e7e2b7cbdca@group-03B6A81BCB63: set configuration 0: [1ec43808-29a0-493f-bf2c-0e7e2b7cbdca:172.17.0.2:38961], old=null at 0
2020-06-06 05:43:28,953 [0f07ec13-85ff-4d8f-a7a2-4e7da8f3a33f@group-39414941C540-LeaderElection2] INFO  grpc.GrpcConfigKeys (ConfUtils.java:logGet(44)) - raft.grpc.server.leader.outstanding.appends.max = 128 (default)
2020-06-06 05:43:28,953 [0f07ec13-85ff-4d8f-a7a2-4e7da8f3a33f@group-39414941C540-LeaderElection2] INFO  server.RaftServerConfigKeys (ConfUtils.java:logGet(44)) - raft.server.rpc.request.timeout = 60s (custom)
2020-06-06 05:43:28,953 [0f07ec13-85ff-4d8f-a7a2-4e7da8f3a33f@group-39414941C540-LeaderElection2] INFO  server.RaftServerConfigKeys (ConfUtils.java:logGet(44)) - raft.server.log.appender.install.snapshot.enabled = false (custom)
2020-06-06 05:43:28,955 [0f07ec13-85ff-4d8f-a7a2-4e7da8f3a33f@group-39414941C540-LeaderElection2] INFO  impl.RoleInfo (RoleInfo.java:updateAndGet(143)) - 0f07ec13-85ff-4d8f-a7a2-4e7da8f3a33f: start LeaderState
2020-06-06 05:43:28,955 [0f07ec13-85ff-4d8f-a7a2-4e7da8f3a33f@group-39414941C540-LeaderElection2] INFO  segmented.SegmentedRaftLogWorker (SegmentedRaftLogWorker.java:startLogSegment(391)) - 0f07ec13-85ff-4d8f-a7a2-4e7da8f3a33f@group-39414941C540-SegmentedRaftLogWorker: Starting segment from index:0
2020-06-06 05:43:28,962 [0f07ec13-85ff-4d8f-a7a2-4e7da8f3a33f@group-39414941C540-LeaderElection2] INFO  impl.RaftServerImpl (ServerState.java:setRaftConf(356)) - 0f07ec13-85ff-4d8f-a7a2-4e7da8f3a33f@group-39414941C540: set configuration 0: [0f07ec13-85ff-4d8f-a7a2-4e7da8f3a33f:172.17.0.2:39881, 1759bdf6-b62e-442e-9185-4af47b41fcdd:172.17.0.2:37129, 0e538569-32db-42d4-b5fd-7023928f007e:172.17.0.2:37221], old=null at 0
2020-06-06 05:43:28,963 [grpc-default-executor-0] INFO  impl.RaftServerImpl (ServerState.java:setLeader(255)) - 0f07ec13-85ff-4d8f-a7a2-4e7da8f3a33f@group-39414941C540: change Leader from 0f07ec13-85ff-4d8f-a7a2-4e7da8f3a33f to null at term 2 for updateCurrentTerm
2020-06-06 05:43:28,963 [grpc-default-executor-0] INFO  impl.RaftServerImpl (RaftServerImpl.java:setRole(173)) - 0f07ec13-85ff-4d8f-a7a2-4e7da8f3a33f@group-39414941C540: changes role from    LEADER to FOLLOWER at term 2 for recognizeCandidate:1759bdf6-b62e-442e-9185-4af47b41fcdd
2020-06-06 05:43:28,963 [grpc-default-executor-0] INFO  impl.RoleInfo (RoleInfo.java:shutdownLeaderState(104)) - 0f07ec13-85ff-4d8f-a7a2-4e7da8f3a33f: shutdown LeaderState
2020-06-06 05:43:28,967 [grpc-default-executor-0] INFO  impl.PendingRequests (PendingRequests.java:sendNotLeaderResponses(242)) - 0f07ec13-85ff-4d8f-a7a2-4e7da8f3a33f@group-39414941C540-PendingRequests: sendNotLeaderResponses
2020-06-06 05:43:28,968 [grpc-default-executor-0] INFO  metrics.RatisMetrics (RatisMetrics.java:unregister(46)) - Unregistering Metrics Registry : ratis.log_appender.0f07ec13-85ff-4d8f-a7a2-4e7da8f3a33f@group-39414941C540
2020-06-06 05:43:28,969 [grpc-default-executor-0] INFO  impl.RoleInfo (RoleInfo.java:updateAndGet(143)) - 0f07ec13-85ff-4d8f-a7a2-4e7da8f3a33f: start FollowerState
2020-06-06 05:43:28,973 [Listener at 127.0.0.1/33409] INFO  ozone.MiniOzoneClusterImpl (MiniOzoneClusterImpl.java:lambda$waitForClusterToBeReady$0(177)) - Nodes are ready. Got 7 of 7 DN Heartbeats.
2020-06-06 05:43:28,973 [Listener at 127.0.0.1/33409] INFO  ozone.MiniOzoneClusterImpl (MiniOzoneClusterImpl.java:lambda$waitForClusterToBeReady$0(180)) - Cluster exits safe mode
2020-06-06 05:43:28,978 [grpc-default-executor-2] INFO  server.GrpcServerProtocolService (GrpcServerProtocolService.java:onCompleted(137)) - 1759bdf6-b62e-442e-9185-4af47b41fcdd: Completed APPEND_ENTRIES, lastRequest: null
2020-06-06 05:43:28,978 [grpc-default-executor-3] INFO  server.GrpcLogAppender (GrpcLogAppender.java:onCompleted(309)) - 0f07ec13-85ff-4d8f-a7a2-4e7da8f3a33f@group-39414941C540->1759bdf6-b62e-442e-9185-4af47b41fcdd-AppendLogResponseHandler: follower responses appendEntries COMPLETED
2020-06-06 05:43:29,029 [Thread-250] INFO  impl.FollowerState (FollowerState.java:run(108)) - 5c3b1ee8-5ec3-426a-bdbd-c5e140144951@group-ADB6FA852313-FollowerState: change to CANDIDATE, lastRpcTime:5077ms, electionTimeout:5069ms
2020-06-06 05:43:29,030 [Thread-250] INFO  impl.RoleInfo (RoleInfo.java:shutdownFollowerState(121)) - 5c3b1ee8-5ec3-426a-bdbd-c5e140144951: shutdown FollowerState
2020-06-06 05:43:29,030 [Thread-250] INFO  impl.RaftServerImpl (RaftServerImpl.java:setRole(173)) - 5c3b1ee8-5ec3-426a-bdbd-c5e140144951@group-ADB6FA852313: changes role from  FOLLOWER to CANDIDATE at term 0 for changeToCandidate
2020-06-06 05:43:29,030 [Thread-250] INFO  impl.RoleInfo (RoleInfo.java:updateAndGet(143)) - 5c3b1ee8-5ec3-426a-bdbd-c5e140144951: start LeaderElection
2020-06-06 05:43:29,032 [grpc-default-executor-3] INFO  impl.FollowerInfo (FollowerInfo.java:lambda$new$0(50)) - 0f07ec13-85ff-4d8f-a7a2-4e7da8f3a33f@group-39414941C540->1759bdf6-b62e-442e-9185-4af47b41fcdd: nextIndex: updateUnconditionally 0 -> 0
2020-06-06 05:43:29,033 [1ec43808-29a0-493f-bf2c-0e7e2b7cbdca@group-03B6A81BCB63-SegmentedRaftLogWorker] INFO  segmented.SegmentedRaftLogWorker (SegmentedRaftLogWorker.java:execute(583)) - 1ec43808-29a0-493f-bf2c-0e7e2b7cbdca@group-03B6A81BCB63-SegmentedRaftLogWorker: created new log segment /github/workspace/mnt/ozone/hadoop-ozone/integration-test/target/test-dir/MiniOzoneClusterImpl-498c920e-3839-4903-94df-b28741763660/datanode-4/data/ratis/f7fd576e-e5fc-4e0c-b2bf-03b6a81bcb63/current/log_inprogress_0
2020-06-06 05:43:29,036 [Thread-244] INFO  impl.FollowerState (FollowerState.java:run(108)) - 57f5666d-b59f-40cc-b98d-a67089cb0265@group-15A434AE0E69-FollowerState: change to CANDIDATE, lastRpcTime:5212ms, electionTimeout:5198ms
2020-06-06 05:43:29,036 [Thread-244] INFO  impl.RoleInfo (RoleInfo.java:shutdownFollowerState(121)) - 57f5666d-b59f-40cc-b98d-a67089cb0265: shutdown FollowerState
2020-06-06 05:43:29,037 [Thread-244] INFO  impl.RaftServerImpl (RaftServerImpl.java:setRole(173)) - 57f5666d-b59f-40cc-b98d-a67089cb0265@group-15A434AE0E69: changes role from  FOLLOWER to CANDIDATE at term 0 for changeToCandidate
2020-06-06 05:43:29,041 [Thread-244] INFO  impl.RoleInfo (RoleInfo.java:updateAndGet(143)) - 57f5666d-b59f-40cc-b98d-a67089cb0265: start LeaderElection
2020-06-06 05:43:29,046 [0f07ec13-85ff-4d8f-a7a2-4e7da8f3a33f@group-CB81DD697583-SegmentedRaftLogWorker] INFO  segmented.SegmentedRaftLogWorker (SegmentedRaftLogWorker.java:execute(583)) - 0f07ec13-85ff-4d8f-a7a2-4e7da8f3a33f@group-CB81DD697583-SegmentedRaftLogWorker: created new log segment /github/workspace/mnt/ozone/hadoop-ozone/integration-test/target/test-dir/MiniOzoneClusterImpl-498c920e-3839-4903-94df-b28741763660/datanode-1/data/ratis/0f480c4d-476b-44ee-b079-cb81dd697583/current/log_inprogress_0
2020-06-06 05:43:29,046 [57f5666d-b59f-40cc-b98d-a67089cb0265@group-6E75E71009E3-SegmentedRaftLogWorker] INFO  segmented.SegmentedRaftLogWorker (SegmentedRaftLogWorker.java:execute(583)) - 57f5666d-b59f-40cc-b98d-a67089cb0265@group-6E75E71009E3-SegmentedRaftLogWorker: created new log segment /github/workspace/mnt/ozone/hadoop-ozone/integration-test/target/test-dir/MiniOzoneClusterImpl-498c920e-3839-4903-94df-b28741763660/datanode-3/data/ratis/596ac526-77b2-4c59-bab7-6e75e71009e3/current/log_inprogress_0
2020-06-06 05:43:29,047 [0f07ec13-85ff-4d8f-a7a2-4e7da8f3a33f@group-39414941C540-SegmentedRaftLogWorker] INFO  segmented.SegmentedRaftLogWorker (SegmentedRaftLogWorker.java:execute(583)) - 0f07ec13-85ff-4d8f-a7a2-4e7da8f3a33f@group-39414941C540-SegmentedRaftLogWorker: created new log segment /github/workspace/mnt/ozone/hadoop-ozone/integration-test/target/test-dir/MiniOzoneClusterImpl-498c920e-3839-4903-94df-b28741763660/datanode-1/data/ratis/5eb153f7-d415-4876-9c3f-39414941c540/current/log_inprogress_0
2020-06-06 05:43:29,047 [0e538569-32db-42d4-b5fd-7023928f007e@group-95C24F9FF001-SegmentedRaftLogWorker] INFO  segmented.SegmentedRaftLogWorker (SegmentedRaftLogWorker.java:execute(583)) - 0e538569-32db-42d4-b5fd-7023928f007e@group-95C24F9FF001-SegmentedRaftLogWorker: created new log segment /github/workspace/mnt/ozone/hadoop-ozone/integration-test/target/test-dir/MiniOzoneClusterImpl-498c920e-3839-4903-94df-b28741763660/datanode-2/data/ratis/32f424f0-3510-4648-8dc6-95c24f9ff001/current/log_inprogress_0
2020-06-06 05:43:29,050 [1759bdf6-b62e-442e-9185-4af47b41fcdd@group-CF3A680EB06E-SegmentedRaftLogWorker] INFO  segmented.SegmentedRaftLogWorker (SegmentedRaftLogWorker.java:execute(583)) - 1759bdf6-b62e-442e-9185-4af47b41fcdd@group-CF3A680EB06E-SegmentedRaftLogWorker: created new log segment /github/workspace/mnt/ozone/hadoop-ozone/integration-test/target/test-dir/MiniOzoneClusterImpl-498c920e-3839-4903-94df-b28741763660/datanode-0/data/ratis/a24bf0ee-8bd2-4c59-a5a6-cf3a680eb06e/current/log_inprogress_0
2020-06-06 05:43:29,054 [5c3b1ee8-5ec3-426a-bdbd-c5e140144951@group-ADB6FA852313-LeaderElection8] INFO  impl.LeaderElection (LeaderElection.java:askForVotes(206)) - 5c3b1ee8-5ec3-426a-bdbd-c5e140144951@group-ADB6FA852313-LeaderElection8: begin an election at term 1 for -1: [5c3b1ee8-5ec3-426a-bdbd-c5e140144951:172.17.0.2:41037], old=null
2020-06-06 05:43:29,054 [5c3b1ee8-5ec3-426a-bdbd-c5e140144951@group-ADB6FA852313-LeaderElection8] INFO  impl.RoleInfo (RoleInfo.java:shutdownLeaderElection(134)) - 5c3b1ee8-5ec3-426a-bdbd-c5e140144951: shutdown LeaderElection
2020-06-06 05:43:29,054 [5c3b1ee8-5ec3-426a-bdbd-c5e140144951@group-ADB6FA852313-LeaderElection8] INFO  impl.RaftServerImpl (RaftServerImpl.java:setRole(173)) - 5c3b1ee8-5ec3-426a-bdbd-c5e140144951@group-ADB6FA852313: changes role from CANDIDATE to LEADER at term 1 for changeToLeader
2020-06-06 05:43:29,054 [5c3b1ee8-5ec3-426a-bdbd-c5e140144951@group-ADB6FA852313-LeaderElection8] INFO  ratis.XceiverServerRatis (XceiverServerRatis.java:handleLeaderChangedNotification(762)) - Leader change notification received for group: group-ADB6FA852313 with new leaderId: 5c3b1ee8-5ec3-426a-bdbd-c5e140144951
2020-06-06 05:43:29,054 [57f5666d-b59f-40cc-b98d-a67089cb0265@group-15A434AE0E69-LeaderElection9] INFO  impl.LeaderElection (LeaderElection.java:askForVotes(206)) - 57f5666d-b59f-40cc-b98d-a67089cb0265@group-15A434AE0E69-LeaderElection9: begin an election at term 1 for -1: [5c3b1ee8-5ec3-426a-bdbd-c5e140144951:172.17.0.2:41037, 1ec43808-29a0-493f-bf2c-0e7e2b7cbdca:172.17.0.2:38961, 57f5666d-b59f-40cc-b98d-a67089cb0265:172.17.0.2:33405], old=null
2020-06-06 05:43:29,056 [5c3b1ee8-5ec3-426a-bdbd-c5e140144951@group-ADB6FA852313-LeaderElection8] INFO  impl.RaftServerImpl (ServerState.java:setLeader(255)) - 5c3b1ee8-5ec3-426a-bdbd-c5e140144951@group-ADB6FA852313: change Leader from null to 5c3b1ee8-5ec3-426a-bdbd-c5e140144951 at term 1 for becomeLeader, leader elected after 5108ms
2020-06-06 05:43:29,056 [5c3b1ee8-5ec3-426a-bdbd-c5e140144951@group-ADB6FA852313-LeaderElection8] INFO  server.RaftServerConfigKeys (ConfUtils.java:logGet(44)) - raft.server.staging.catchup.gap = 1000 (default)
2020-06-06 05:43:29,056 [5c3b1ee8-5ec3-426a-bdbd-c5e140144951@group-ADB6FA852313-LeaderElection8] INFO  server.RaftServerConfigKeys (ConfUtils.java:logGet(44)) - raft.server.rpc.sleep.time = 25ms (default)
2020-06-06 05:43:29,077 [5c3b1ee8-5ec3-426a-bdbd-c5e140144951@group-ADB6FA852313-LeaderElection8] INFO  metrics.RatisMetrics (RatisMetrics.java:lambda$create$0(39)) - Creating Metrics Registry : ratis.log_appender.5c3b1ee8-5ec3-426a-bdbd-c5e140144951@group-ADB6FA852313
2020-06-06 05:43:29,077 [5c3b1ee8-5ec3-426a-bdbd-c5e140144951@group-ADB6FA852313-LeaderElection8] INFO  server.RaftServerConfigKeys (ConfUtils.java:logGet(44)) - raft.server.write.element-limit = 1024 (custom)
2020-06-06 05:43:29,077 [5c3b1ee8-5ec3-426a-bdbd-c5e140144951@group-ADB6FA852313-LeaderElection8] INFO  server.RaftServerConfigKeys (ConfUtils.java:logGet(44)) - raft.server.write.byte-limit = 1073741824 (custom)
2020-06-06 05:43:29,077 [5c3b1ee8-5ec3-426a-bdbd-c5e140144951@group-ADB6FA852313-LeaderElection8] INFO  server.RaftServerConfigKeys (ConfUtils.java:logGet(44)) - raft.server.watch.timeout = 180s (custom)
2020-06-06 05:43:29,078 [5c3b1ee8-5ec3-426a-bdbd-c5e140144951@group-ADB6FA852313-LeaderElection8] INFO  server.RaftServerConfigKeys (ConfUtils.java:logGet(44)) - raft.server.watch.timeout.denomination = 1s (default)
2020-06-06 05:43:29,078 [5c3b1ee8-5ec3-426a-bdbd-c5e140144951@group-ADB6FA852313-LeaderElection8] INFO  server.RaftServerConfigKeys (ConfUtils.java:logGet(44)) - raft.server.watch.element-limit = 65536 (default)
2020-06-06 05:43:29,078 [5c3b1ee8-5ec3-426a-bdbd-c5e140144951@group-ADB6FA852313-LeaderElection8] INFO  impl.RoleInfo (RoleInfo.java:updateAndGet(143)) - 5c3b1ee8-5ec3-426a-bdbd-c5e140144951: start LeaderState
2020-06-06 05:43:29,078 [5c3b1ee8-5ec3-426a-bdbd-c5e140144951@group-ADB6FA852313-LeaderElection8] INFO  segmented.SegmentedRaftLogWorker (SegmentedRaftLogWorker.java:startLogSegment(391)) - 5c3b1ee8-5ec3-426a-bdbd-c5e140144951@group-ADB6FA852313-SegmentedRaftLogWorker: Starting segment from index:0
2020-06-06 05:43:29,079 [5c3b1ee8-5ec3-426a-bdbd-c5e140144951@group-ADB6FA852313-SegmentedRaftLogWorker] INFO  segmented.SegmentedRaftLogWorker (SegmentedRaftLogWorker.java:execute(583)) - 5c3b1ee8-5ec3-426a-bdbd-c5e140144951@group-ADB6FA852313-SegmentedRaftLogWorker: created new log segment /github/workspace/mnt/ozone/hadoop-ozone/integration-test/target/test-dir/MiniOzoneClusterImpl-498c920e-3839-4903-94df-b28741763660/datanode-5/data/ratis/535721ca-2bac-4268-ae00-adb6fa852313/current/log_inprogress_0
2020-06-06 05:43:29,088 [5c3b1ee8-5ec3-426a-bdbd-c5e140144951@group-ADB6FA852313-LeaderElection8] INFO  impl.RaftServerImpl (ServerState.java:setRaftConf(356)) - 5c3b1ee8-5ec3-426a-bdbd-c5e140144951@group-ADB6FA852313: set configuration 0: [5c3b1ee8-5ec3-426a-bdbd-c5e140144951:172.17.0.2:41037], old=null at 0
2020-06-06 05:43:29,104 [grpc-default-executor-3] INFO  impl.RaftServerImpl (RaftServerImpl.java:setRole(173)) - 5c3b1ee8-5ec3-426a-bdbd-c5e140144951@group-15A434AE0E69: changes role from  FOLLOWER to FOLLOWER at term 1 for recognizeCandidate:57f5666d-b59f-40cc-b98d-a67089cb0265
2020-06-06 05:43:29,104 [grpc-default-executor-3] INFO  impl.RoleInfo (RoleInfo.java:shutdownFollowerState(121)) - 5c3b1ee8-5ec3-426a-bdbd-c5e140144951: shutdown FollowerState
2020-06-06 05:43:29,104 [grpc-default-executor-3] INFO  impl.RoleInfo (RoleInfo.java:updateAndGet(143)) - 5c3b1ee8-5ec3-426a-bdbd-c5e140144951: start FollowerState
2020-06-06 05:43:29,105 [Thread-252] INFO  impl.FollowerState (FollowerState.java:run(117)) - 5c3b1ee8-5ec3-426a-bdbd-c5e140144951@group-15A434AE0E69-FollowerState was interrupted: java.lang.InterruptedException: sleep interrupted
2020-06-06 05:43:29,116 [57f5666d-b59f-40cc-b98d-a67089cb0265@group-15A434AE0E69-LeaderElection9] INFO  impl.LeaderElection (LeaderElection.java:logAndReturn(61)) - 57f5666d-b59f-40cc-b98d-a67089cb0265@group-15A434AE0E69-LeaderElection9: Election PASSED; received 1 response(s) [57f5666d-b59f-40cc-b98d-a67089cb0265<-5c3b1ee8-5ec3-426a-bdbd-c5e140144951#0:OK-t1] and 0 exception(s); 57f5666d-b59f-40cc-b98d-a67089cb0265@group-15A434AE0E69:t1, leader=null, voted=57f5666d-b59f-40cc-b98d-a67089cb0265, raftlog=57f5666d-b59f-40cc-b98d-a67089cb0265@group-15A434AE0E69-SegmentedRaftLog:OPENED:c-1,f-1,i0, conf=-1: [5c3b1ee8-5ec3-426a-bdbd-c5e140144951:172.17.0.2:41037, 1ec43808-29a0-493f-bf2c-0e7e2b7cbdca:172.17.0.2:38961, 57f5666d-b59f-40cc-b98d-a67089cb0265:172.17.0.2:33405], old=null
2020-06-06 05:43:29,116 [57f5666d-b59f-40cc-b98d-a67089cb0265@group-15A434AE0E69-LeaderElection9] INFO  impl.RoleInfo (RoleInfo.java:shutdownLeaderElection(134)) - 57f5666d-b59f-40cc-b98d-a67089cb0265: shutdown LeaderElection
2020-06-06 05:43:29,116 [57f5666d-b59f-40cc-b98d-a67089cb0265@group-15A434AE0E69-LeaderElection9] INFO  impl.RaftServerImpl (RaftServerImpl.java:setRole(173)) - 57f5666d-b59f-40cc-b98d-a67089cb0265@group-15A434AE0E69: changes role from CANDIDATE to LEADER at term 1 for changeToLeader
2020-06-06 05:43:29,117 [57f5666d-b59f-40cc-b98d-a67089cb0265@group-15A434AE0E69-LeaderElection9] INFO  ratis.XceiverServerRatis (XceiverServerRatis.java:handleLeaderChangedNotification(762)) - Leader change notification received for group: group-15A434AE0E69 with new leaderId: 57f5666d-b59f-40cc-b98d-a67089cb0265
2020-06-06 05:43:29,117 [57f5666d-b59f-40cc-b98d-a67089cb0265@group-15A434AE0E69-LeaderElection9] INFO  impl.RaftServerImpl (ServerState.java:setLeader(255)) - 57f5666d-b59f-40cc-b98d-a67089cb0265@group-15A434AE0E69: change Leader from null to 57f5666d-b59f-40cc-b98d-a67089cb0265 at term 1 for becomeLeader, leader elected after 5307ms
2020-06-06 05:43:29,117 [57f5666d-b59f-40cc-b98d-a67089cb0265@group-15A434AE0E69-LeaderElection9] INFO  server.RaftServerConfigKeys (ConfUtils.java:logGet(44)) - raft.server.staging.catchup.gap = 1000 (default)
2020-06-06 05:43:29,117 [57f5666d-b59f-40cc-b98d-a67089cb0265@group-15A434AE0E69-LeaderElection9] INFO  server.RaftServerConfigKeys (ConfUtils.java:logGet(44)) - raft.server.rpc.sleep.time = 25ms (default)
2020-06-06 05:43:29,117 [57f5666d-b59f-40cc-b98d-a67089cb0265@group-15A434AE0E69-LeaderElection9] INFO  metrics.RatisMetrics (RatisMetrics.java:lambda$create$0(39)) - Creating Metrics Registry : ratis.log_appender.57f5666d-b59f-40cc-b98d-a67089cb0265@group-15A434AE0E69
2020-06-06 05:43:29,117 [57f5666d-b59f-40cc-b98d-a67089cb0265@group-15A434AE0E69-LeaderElection9] INFO  server.RaftServerConfigKeys (ConfUtils.java:logGet(44)) - raft.server.write.element-limit = 1024 (custom)
2020-06-06 05:43:29,117 [57f5666d-b59f-40cc-b98d-a67089cb0265@group-15A434AE0E69-LeaderElection9] INFO  server.RaftServerConfigKeys (ConfUtils.java:logGet(44)) - raft.server.write.byte-limit = 1073741824 (custom)
2020-06-06 05:43:29,117 [57f5666d-b59f-40cc-b98d-a67089cb0265@group-15A434AE0E69-LeaderElection9] INFO  server.RaftServerConfigKeys (ConfUtils.java:logGet(44)) - raft.server.watch.timeout = 180s (custom)
2020-06-06 05:43:29,118 [57f5666d-b59f-40cc-b98d-a67089cb0265@group-15A434AE0E69-LeaderElection9] INFO  server.RaftServerConfigKeys (ConfUtils.java:logGet(44)) - raft.server.watch.timeout.denomination = 1s (default)
2020-06-06 05:43:29,118 [57f5666d-b59f-40cc-b98d-a67089cb0265@group-15A434AE0E69-LeaderElection9] INFO  server.RaftServerConfigKeys (ConfUtils.java:logGet(44)) - raft.server.watch.element-limit = 65536 (default)
2020-06-06 05:43:29,118 [57f5666d-b59f-40cc-b98d-a67089cb0265@group-15A434AE0E69-LeaderElection9] INFO  server.RaftServerConfigKeys (ConfUtils.java:logGet(44)) - raft.server.log.appender.snapshot.chunk.size.max = 16MB (=16777216) (default)
2020-06-06 05:43:29,118 [57f5666d-b59f-40cc-b98d-a67089cb0265@group-15A434AE0E69-LeaderElection9] INFO  server.RaftServerConfigKeys (ConfUtils.java:logGet(44)) - raft.server.log.appender.buffer.byte-limit = 33554432 (custom)
2020-06-06 05:43:29,118 [EventQueue-PipelineReportForPipelineReportHandler] INFO  pipeline.PipelineStateManager (PipelineStateManager.java:openPipeline(131)) - Pipeline Pipeline[ Id: f915dff4-fdf4-4931-bacc-15a434ae0e69, Nodes: 5c3b1ee8-5ec3-426a-bdbd-c5e140144951{ip: 172.17.0.2, host: 04ab1dbc0cb6, networkLocation: /default-rack, certSerialId: null}1ec43808-29a0-493f-bf2c-0e7e2b7cbdca{ip: 172.17.0.2, host: 04ab1dbc0cb6, networkLocation: /default-rack, certSerialId: null}57f5666d-b59f-40cc-b98d-a67089cb0265{ip: 172.17.0.2, host: 04ab1dbc0cb6, networkLocation: /default-rack, certSerialId: null}, Type:RATIS, Factor:THREE, State:ALLOCATED, leaderId:57f5666d-b59f-40cc-b98d-a67089cb0265, CreationTimestamp2020-06-06T05:43:20.907Z] moved to OPEN state
2020-06-06 05:43:29,120 [grpc-default-executor-0] INFO  impl.RaftServerImpl (RaftServerImpl.java:setRole(173)) - 1ec43808-29a0-493f-bf2c-0e7e2b7cbdca@group-15A434AE0E69: changes role from  FOLLOWER to FOLLOWER at term 1 for recognizeCandidate:57f5666d-b59f-40cc-b98d-a67089cb0265
2020-06-06 05:43:29,122 [grpc-default-executor-0] INFO  impl.RoleInfo (RoleInfo.java:shutdownFollowerState(121)) - 1ec43808-29a0-493f-bf2c-0e7e2b7cbdca: shutdown FollowerState
2020-06-06 05:43:29,122 [grpc-default-executor-0] INFO  impl.RoleInfo (RoleInfo.java:updateAndGet(143)) - 1ec43808-29a0-493f-bf2c-0e7e2b7cbdca: start FollowerState
2020-06-06 05:43:29,118 [57f5666d-b59f-40cc-b98d-a67089cb0265@group-15A434AE0E69-LeaderElection9] INFO  server.RaftServerConfigKeys (ConfUtils.java:logGet(44)) - raft.server.log.appender.buffer.element-limit = 1 (custom)
2020-06-06 05:43:29,133 [57f5666d-b59f-40cc-b98d-a67089cb0265@group-15A434AE0E69-LeaderElection9] INFO  grpc.GrpcConfigKeys (ConfUtils.java:logGet(44)) - raft.grpc.server.leader.outstanding.appends.max = 128 (default)
2020-06-06 05:43:29,133 [57f5666d-b59f-40cc-b98d-a67089cb0265@group-15A434AE0E69-LeaderElection9] INFO  server.RaftServerConfigKeys (ConfUtils.java:logGet(44)) - raft.server.rpc.request.timeout = 60s (custom)
2020-06-06 05:43:29,133 [57f5666d-b59f-40cc-b98d-a67089cb0265@group-15A434AE0E69-LeaderElection9] INFO  server.RaftServerConfigKeys (ConfUtils.java:logGet(44)) - raft.server.log.appender.install.snapshot.enabled = false (custom)
2020-06-06 05:43:29,134 [57f5666d-b59f-40cc-b98d-a67089cb0265@group-15A434AE0E69-LeaderElection9] INFO  server.RaftServerConfigKeys (ConfUtils.java:logGet(44)) - raft.server.log.appender.snapshot.chunk.size.max = 16MB (=16777216) (default)
2020-06-06 05:43:29,134 [57f5666d-b59f-40cc-b98d-a67089cb0265@group-15A434AE0E69-LeaderElection9] INFO  server.RaftServerConfigKeys (ConfUtils.java:logGet(44)) - raft.server.log.appender.buffer.byte-limit = 33554432 (custom)
2020-06-06 05:43:29,134 [57f5666d-b59f-40cc-b98d-a67089cb0265@group-15A434AE0E69-LeaderElection9] INFO  server.RaftServerConfigKeys (ConfUtils.java:logGet(44)) - raft.server.log.appender.buffer.element-limit = 1 (custom)
2020-06-06 05:43:29,134 [57f5666d-b59f-40cc-b98d-a67089cb0265@group-15A434AE0E69-LeaderElection9] INFO  grpc.GrpcConfigKeys (ConfUtils.java:logGet(44)) - raft.grpc.server.leader.outstanding.appends.max = 128 (default)
2020-06-06 05:43:29,134 [57f5666d-b59f-40cc-b98d-a67089cb0265@group-15A434AE0E69-LeaderElection9] INFO  server.RaftServerConfigKeys (ConfUtils.java:logGet(44)) - raft.server.rpc.request.timeout = 60s (custom)
2020-06-06 05:43:29,135 [57f5666d-b59f-40cc-b98d-a67089cb0265@group-15A434AE0E69-LeaderElection9] INFO  server.RaftServerConfigKeys (ConfUtils.java:logGet(44)) - raft.server.log.appender.install.snapshot.enabled = false (custom)
2020-06-06 05:43:29,135 [57f5666d-b59f-40cc-b98d-a67089cb0265@group-15A434AE0E69-LeaderElection9] INFO  impl.RoleInfo (RoleInfo.java:updateAndGet(143)) - 57f5666d-b59f-40cc-b98d-a67089cb0265: start LeaderState
2020-06-06 05:43:29,135 [57f5666d-b59f-40cc-b98d-a67089cb0265@group-15A434AE0E69-LeaderElection9] INFO  segmented.SegmentedRaftLogWorker (SegmentedRaftLogWorker.java:startLogSegment(391)) - 57f5666d-b59f-40cc-b98d-a67089cb0265@group-15A434AE0E69-SegmentedRaftLogWorker: Starting segment from index:0
2020-06-06 05:43:29,137 [57f5666d-b59f-40cc-b98d-a67089cb0265@group-15A434AE0E69-SegmentedRaftLogWorker] INFO  segmented.SegmentedRaftLogWorker (SegmentedRaftLogWorker.java:execute(583)) - 57f5666d-b59f-40cc-b98d-a67089cb0265@group-15A434AE0E69-SegmentedRaftLogWorker: created new log segment /github/workspace/mnt/ozone/hadoop-ozone/integration-test/target/test-dir/MiniOzoneClusterImpl-498c920e-3839-4903-94df-b28741763660/datanode-3/data/ratis/f915dff4-fdf4-4931-bacc-15a434ae0e69/current/log_inprogress_0
2020-06-06 05:43:29,142 [grpc-default-executor-3] INFO  ratis.XceiverServerRatis (XceiverServerRatis.java:handleLeaderChangedNotification(762)) - Leader change notification received for group: group-15A434AE0E69 with new leaderId: 57f5666d-b59f-40cc-b98d-a67089cb0265
2020-06-06 05:43:29,143 [grpc-default-executor-3] INFO  impl.RaftServerImpl (ServerState.java:setLeader(255)) - 5c3b1ee8-5ec3-426a-bdbd-c5e140144951@group-15A434AE0E69: change Leader from null to 57f5666d-b59f-40cc-b98d-a67089cb0265 at term 1 for appendEntries, leader elected after 5157ms
2020-06-06 05:43:29,146 [57f5666d-b59f-40cc-b98d-a67089cb0265@group-15A434AE0E69-LeaderElection9] INFO  impl.RaftServerImpl (ServerState.java:setRaftConf(356)) - 57f5666d-b59f-40cc-b98d-a67089cb0265@group-15A434AE0E69: set configuration 0: [5c3b1ee8-5ec3-426a-bdbd-c5e140144951:172.17.0.2:41037, 1ec43808-29a0-493f-bf2c-0e7e2b7cbdca:172.17.0.2:38961, 57f5666d-b59f-40cc-b98d-a67089cb0265:172.17.0.2:33405], old=null at 0
2020-06-06 05:43:29,154 [Thread-254] INFO  impl.FollowerState (FollowerState.java:run(108)) - 7397d4b2-971e-42cd-898a-a0d5de1e6c31@group-D268C89D4766-FollowerState: change to CANDIDATE, lastRpcTime:5068ms, electionTimeout:5060ms
2020-06-06 05:43:29,154 [Thread-254] INFO  impl.RoleInfo (RoleInfo.java:shutdownFollowerState(121)) - 7397d4b2-971e-42cd-898a-a0d5de1e6c31: shutdown FollowerState
2020-06-06 05:43:29,155 [Thread-254] INFO  impl.RaftServerImpl (RaftServerImpl.java:setRole(173)) - 7397d4b2-971e-42cd-898a-a0d5de1e6c31@group-D268C89D4766: changes role from  FOLLOWER to CANDIDATE at term 0 for changeToCandidate
2020-06-06 05:43:29,158 [grpc-default-executor-2] INFO  ratis.XceiverServerRatis (XceiverServerRatis.java:handleLeaderChangedNotification(762)) - Leader change notification received for group: group-15A434AE0E69 with new leaderId: 57f5666d-b59f-40cc-b98d-a67089cb0265
2020-06-06 05:43:29,158 [grpc-default-executor-2] INFO  impl.RaftServerImpl (ServerState.java:setLeader(255)) - 1ec43808-29a0-493f-bf2c-0e7e2b7cbdca@group-15A434AE0E69: change Leader from null to 57f5666d-b59f-40cc-b98d-a67089cb0265 at term 1 for appendEntries, leader elected after 5267ms
2020-06-06 05:43:29,168 [Thread-254] INFO  impl.RoleInfo (RoleInfo.java:updateAndGet(143)) - 7397d4b2-971e-42cd-898a-a0d5de1e6c31: start LeaderElection
2020-06-06 05:43:29,348 [7397d4b2-971e-42cd-898a-a0d5de1e6c31@group-D268C89D4766-LeaderElection10] INFO  impl.LeaderElection (LeaderElection.java:askForVotes(206)) - 7397d4b2-971e-42cd-898a-a0d5de1e6c31@group-D268C89D4766-LeaderElection10: begin an election at term 1 for -1: [7397d4b2-971e-42cd-898a-a0d5de1e6c31:172.17.0.2:36981], old=null
2020-06-06 05:43:29,349 [7397d4b2-971e-42cd-898a-a0d5de1e6c31@group-D268C89D4766-LeaderElection10] INFO  impl.RoleInfo (RoleInfo.java:shutdownLeaderElection(134)) - 7397d4b2-971e-42cd-898a-a0d5de1e6c31: shutdown LeaderElection
2020-06-06 05:43:29,349 [7397d4b2-971e-42cd-898a-a0d5de1e6c31@group-D268C89D4766-LeaderElection10] INFO  impl.RaftServerImpl (RaftServerImpl.java:setRole(173)) - 7397d4b2-971e-42cd-898a-a0d5de1e6c31@group-D268C89D4766: changes role from CANDIDATE to LEADER at term 1 for changeToLeader
2020-06-06 05:43:29,349 [7397d4b2-971e-42cd-898a-a0d5de1e6c31@group-D268C89D4766-LeaderElection10] INFO  ratis.XceiverServerRatis (XceiverServerRatis.java:handleLeaderChangedNotification(762)) - Leader change notification received for group: group-D268C89D4766 with new leaderId: 7397d4b2-971e-42cd-898a-a0d5de1e6c31
2020-06-06 05:43:29,349 [7397d4b2-971e-42cd-898a-a0d5de1e6c31@group-D268C89D4766-LeaderElection10] INFO  impl.RaftServerImpl (ServerState.java:setLeader(255)) - 7397d4b2-971e-42cd-898a-a0d5de1e6c31@group-D268C89D4766: change Leader from null to 7397d4b2-971e-42cd-898a-a0d5de1e6c31 at term 1 for becomeLeader, leader elected after 5283ms
2020-06-06 05:43:29,349 [7397d4b2-971e-42cd-898a-a0d5de1e6c31@group-D268C89D4766-LeaderElection10] INFO  server.RaftServerConfigKeys (ConfUtils.java:logGet(44)) - raft.server.staging.catchup.gap = 1000 (default)
2020-06-06 05:43:29,349 [7397d4b2-971e-42cd-898a-a0d5de1e6c31@group-D268C89D4766-LeaderElection10] INFO  server.RaftServerConfigKeys (ConfUtils.java:logGet(44)) - raft.server.rpc.sleep.time = 25ms (default)
2020-06-06 05:43:29,349 [7397d4b2-971e-42cd-898a-a0d5de1e6c31@group-D268C89D4766-LeaderElection10] INFO  metrics.RatisMetrics (RatisMetrics.java:lambda$create$0(39)) - Creating Metrics Registry : ratis.log_appender.7397d4b2-971e-42cd-898a-a0d5de1e6c31@group-D268C89D4766
2020-06-06 05:43:29,349 [7397d4b2-971e-42cd-898a-a0d5de1e6c31@group-D268C89D4766-LeaderElection10] INFO  server.RaftServerConfigKeys (ConfUtils.java:logGet(44)) - raft.server.write.element-limit = 1024 (custom)
2020-06-06 05:43:29,349 [7397d4b2-971e-42cd-898a-a0d5de1e6c31@group-D268C89D4766-LeaderElection10] INFO  server.RaftServerConfigKeys (ConfUtils.java:logGet(44)) - raft.server.write.byte-limit = 1073741824 (custom)
2020-06-06 05:43:29,350 [7397d4b2-971e-42cd-898a-a0d5de1e6c31@group-D268C89D4766-LeaderElection10] INFO  server.RaftServerConfigKeys (ConfUtils.java:logGet(44)) - raft.server.watch.timeout = 180s (custom)
2020-06-06 05:43:29,350 [7397d4b2-971e-42cd-898a-a0d5de1e6c31@group-D268C89D4766-LeaderElection10] INFO  server.RaftServerConfigKeys (ConfUtils.java:logGet(44)) - raft.server.watch.timeout.denomination = 1s (default)
2020-06-06 05:43:29,350 [7397d4b2-971e-42cd-898a-a0d5de1e6c31@group-D268C89D4766-LeaderElection10] INFO  server.RaftServerConfigKeys (ConfUtils.java:logGet(44)) - raft.server.watch.element-limit = 65536 (default)
2020-06-06 05:43:29,350 [7397d4b2-971e-42cd-898a-a0d5de1e6c31@group-D268C89D4766-LeaderElection10] INFO  impl.RoleInfo (RoleInfo.java:updateAndGet(143)) - 7397d4b2-971e-42cd-898a-a0d5de1e6c31: start LeaderState
2020-06-06 05:43:29,350 [7397d4b2-971e-42cd-898a-a0d5de1e6c31@group-D268C89D4766-LeaderElection10] INFO  segmented.SegmentedRaftLogWorker (SegmentedRaftLogWorker.java:startLogSegment(391)) - 7397d4b2-971e-42cd-898a-a0d5de1e6c31@group-D268C89D4766-SegmentedRaftLogWorker: Starting segment from index:0
2020-06-06 05:43:29,353 [7397d4b2-971e-42cd-898a-a0d5de1e6c31@group-D268C89D4766-SegmentedRaftLogWorker] INFO  segmented.SegmentedRaftLogWorker (SegmentedRaftLogWorker.java:execute(583)) - 7397d4b2-971e-42cd-898a-a0d5de1e6c31@group-D268C89D4766-SegmentedRaftLogWorker: created new log segment /github/workspace/mnt/ozone/hadoop-ozone/integration-test/target/test-dir/MiniOzoneClusterImpl-498c920e-3839-4903-94df-b28741763660/datanode-6/data/ratis/2c795aa9-c98d-404d-a64c-d268c89d4766/current/log_inprogress_0
2020-06-06 05:43:29,359 [grpc-default-executor-3] INFO  impl.RaftServerImpl (ServerState.java:setRaftConf(356)) - 5c3b1ee8-5ec3-426a-bdbd-c5e140144951@group-15A434AE0E69: set configuration 0: [5c3b1ee8-5ec3-426a-bdbd-c5e140144951:172.17.0.2:41037, 1ec43808-29a0-493f-bf2c-0e7e2b7cbdca:172.17.0.2:38961, 57f5666d-b59f-40cc-b98d-a67089cb0265:172.17.0.2:33405], old=null at 0
2020-06-06 05:43:29,359 [grpc-default-executor-3] INFO  segmented.SegmentedRaftLogWorker (SegmentedRaftLogWorker.java:startLogSegment(391)) - 5c3b1ee8-5ec3-426a-bdbd-c5e140144951@group-15A434AE0E69-SegmentedRaftLogWorker: Starting segment from index:0
2020-06-06 05:43:29,359 [7397d4b2-971e-42cd-898a-a0d5de1e6c31@group-D268C89D4766-LeaderElection10] INFO  impl.RaftServerImpl (ServerState.java:setRaftConf(356)) - 7397d4b2-971e-42cd-898a-a0d5de1e6c31@group-D268C89D4766: set configuration 0: [7397d4b2-971e-42cd-898a-a0d5de1e6c31:172.17.0.2:36981], old=null at 0
2020-06-06 05:43:29,364 [grpc-default-executor-0] INFO  impl.RaftServerImpl (ServerState.java:setRaftConf(356)) - 1ec43808-29a0-493f-bf2c-0e7e2b7cbdca@group-15A434AE0E69: set configuration 0: [5c3b1ee8-5ec3-426a-bdbd-c5e140144951:172.17.0.2:41037, 1ec43808-29a0-493f-bf2c-0e7e2b7cbdca:172.17.0.2:38961, 57f5666d-b59f-40cc-b98d-a67089cb0265:172.17.0.2:33405], old=null at 0
2020-06-06 05:43:29,364 [grpc-default-executor-0] INFO  segmented.SegmentedRaftLogWorker (SegmentedRaftLogWorker.java:startLogSegment(391)) - 1ec43808-29a0-493f-bf2c-0e7e2b7cbdca@group-15A434AE0E69-SegmentedRaftLogWorker: Starting segment from index:0
2020-06-06 05:43:29,365 [5c3b1ee8-5ec3-426a-bdbd-c5e140144951@group-15A434AE0E69-SegmentedRaftLogWorker] INFO  segmented.SegmentedRaftLogWorker (SegmentedRaftLogWorker.java:execute(583)) - 5c3b1ee8-5ec3-426a-bdbd-c5e140144951@group-15A434AE0E69-SegmentedRaftLogWorker: created new log segment /github/workspace/mnt/ozone/hadoop-ozone/integration-test/target/test-dir/MiniOzoneClusterImpl-498c920e-3839-4903-94df-b28741763660/datanode-5/data/ratis/f915dff4-fdf4-4931-bacc-15a434ae0e69/current/log_inprogress_0
2020-06-06 05:43:29,365 [1ec43808-29a0-493f-bf2c-0e7e2b7cbdca@group-15A434AE0E69-SegmentedRaftLogWorker] INFO  segmented.SegmentedRaftLogWorker (SegmentedRaftLogWorker.java:execute(583)) - 1ec43808-29a0-493f-bf2c-0e7e2b7cbdca@group-15A434AE0E69-SegmentedRaftLogWorker: created new log segment /github/workspace/mnt/ozone/hadoop-ozone/integration-test/target/test-dir/MiniOzoneClusterImpl-498c920e-3839-4903-94df-b28741763660/datanode-4/data/ratis/f915dff4-fdf4-4931-bacc-15a434ae0e69/current/log_inprogress_0
2020-06-06 05:43:29,852 [Listener at 127.0.0.1/33409] INFO  rpc.RpcClient (RpcClient.java:createVolume(310)) - Creating Volume: closecontainerexceptionhandlingtest, with jenkins1001 as owner.
2020-06-06 05:43:29,929 [IPC Server handler 1 on default port 33409] INFO  volume.OMVolumeCreateRequest (OMVolumeCreateRequest.java:validateAndUpdateCache(204)) - created volume:closecontainerexceptionhandlingtest for user:jenkins1001
2020-06-06 05:43:29,974 [Listener at 127.0.0.1/33409] INFO  rpc.RpcClient (RpcClient.java:createBucket(450)) - Creating Bucket: closecontainerexceptionhandlingtest/closecontainerexceptionhandlingtest, with Versioning false and Storage Type set to DISK and Encryption set to false 
2020-06-06 05:43:30,147 [Thread-311] INFO  impl.MetricsSystemImpl (MetricsSystemImpl.java:init(158)) - XceiverClientMetrics metrics system started (again)
2020-06-06 05:43:31,945 [EventQueue-Delayed safe mode statusForReplicationManager] INFO  container.ReplicationManager (ReplicationManager.java:start(167)) - Starting Replication Monitor Thread.
2020-06-06 05:43:31,947 [ReplicationMonitor] INFO  container.ReplicationManager (ReplicationManager.java:run(231)) - Replication Monitor Thread took 1 milliseconds for processing 1 containers.
2020-06-06 05:43:31,947 [EventQueue-CloseContainerForCloseContainerEventHandler] INFO  container.CloseContainerEventHandler (CloseContainerEventHandler.java:onMessage(61)) - Close container Event triggered for container : #1
2020-06-06 05:43:33,922 [Thread-280] INFO  impl.FollowerState (FollowerState.java:run(108)) - 1759bdf6-b62e-442e-9185-4af47b41fcdd@group-39414941C540-FollowerState: change to CANDIDATE, lastRpcTime:5037ms, electionTimeout:5023ms
2020-06-06 05:43:33,922 [Thread-280] INFO  impl.RoleInfo (RoleInfo.java:shutdownFollowerState(121)) - 1759bdf6-b62e-442e-9185-4af47b41fcdd: shutdown FollowerState
2020-06-06 05:43:33,922 [Thread-280] INFO  impl.RaftServerImpl (RaftServerImpl.java:setRole(173)) - 1759bdf6-b62e-442e-9185-4af47b41fcdd@group-39414941C540: changes role from  FOLLOWER to CANDIDATE at term 2 for changeToCandidate
2020-06-06 05:43:33,923 [Thread-280] INFO  impl.RoleInfo (RoleInfo.java:updateAndGet(143)) - 1759bdf6-b62e-442e-9185-4af47b41fcdd: start LeaderElection
2020-06-06 05:43:33,931 [1759bdf6-b62e-442e-9185-4af47b41fcdd@group-39414941C540-LeaderElection11] INFO  impl.LeaderElection (LeaderElection.java:askForVotes(206)) - 1759bdf6-b62e-442e-9185-4af47b41fcdd@group-39414941C540-LeaderElection11: begin an election at term 3 for -1: [0f07ec13-85ff-4d8f-a7a2-4e7da8f3a33f:172.17.0.2:39881, 1759bdf6-b62e-442e-9185-4af47b41fcdd:172.17.0.2:37129, 0e538569-32db-42d4-b5fd-7023928f007e:172.17.0.2:37221], old=null
2020-06-06 05:43:33,937 [grpc-default-executor-0] INFO  impl.RaftServerImpl (RaftServerImpl.java:setRole(173)) - 0f07ec13-85ff-4d8f-a7a2-4e7da8f3a33f@group-39414941C540: changes role from  FOLLOWER to FOLLOWER at term 3 for recognizeCandidate:1759bdf6-b62e-442e-9185-4af47b41fcdd
2020-06-06 05:43:33,937 [grpc-default-executor-0] INFO  impl.RoleInfo (RoleInfo.java:shutdownFollowerState(121)) - 0f07ec13-85ff-4d8f-a7a2-4e7da8f3a33f: shutdown FollowerState
2020-06-06 05:43:33,937 [grpc-default-executor-0] INFO  impl.RoleInfo (RoleInfo.java:updateAndGet(143)) - 0f07ec13-85ff-4d8f-a7a2-4e7da8f3a33f: start FollowerState
2020-06-06 05:43:33,937 [Thread-290] INFO  impl.FollowerState (FollowerState.java:run(117)) - 0f07ec13-85ff-4d8f-a7a2-4e7da8f3a33f@group-39414941C540-FollowerState was interrupted: java.lang.InterruptedException: sleep interrupted
2020-06-06 05:43:33,938 [grpc-default-executor-3] INFO  impl.RaftServerImpl (RaftServerImpl.java:setRole(173)) - 0e538569-32db-42d4-b5fd-7023928f007e@group-39414941C540: changes role from  FOLLOWER to FOLLOWER at term 3 for recognizeCandidate:1759bdf6-b62e-442e-9185-4af47b41fcdd
2020-06-06 05:43:33,939 [grpc-default-executor-3] INFO  impl.RoleInfo (RoleInfo.java:shutdownFollowerState(121)) - 0e538569-32db-42d4-b5fd-7023928f007e: shutdown FollowerState
2020-06-06 05:43:33,939 [grpc-default-executor-3] INFO  impl.RoleInfo (RoleInfo.java:updateAndGet(143)) - 0e538569-32db-42d4-b5fd-7023928f007e: start FollowerState
2020-06-06 05:43:33,939 [Thread-285] INFO  impl.FollowerState (FollowerState.java:run(117)) - 0e538569-32db-42d4-b5fd-7023928f007e@group-39414941C540-FollowerState was interrupted: java.lang.InterruptedException: sleep interrupted
2020-06-06 05:43:33,945 [1759bdf6-b62e-442e-9185-4af47b41fcdd@group-39414941C540-LeaderElection11] INFO  impl.LeaderElection (LeaderElection.java:logAndReturn(61)) - 1759bdf6-b62e-442e-9185-4af47b41fcdd@group-39414941C540-LeaderElection11: Election PASSED; received 2 response(s) [1759bdf6-b62e-442e-9185-4af47b41fcdd<-0f07ec13-85ff-4d8f-a7a2-4e7da8f3a33f#0:FAIL-t3, 1759bdf6-b62e-442e-9185-4af47b41fcdd<-0e538569-32db-42d4-b5fd-7023928f007e#0:OK-t3] and 0 exception(s); 1759bdf6-b62e-442e-9185-4af47b41fcdd@group-39414941C540:t3, leader=null, voted=1759bdf6-b62e-442e-9185-4af47b41fcdd, raftlog=1759bdf6-b62e-442e-9185-4af47b41fcdd@group-39414941C540-SegmentedRaftLog:OPENED:c-1,f-1,i0, conf=-1: [0f07ec13-85ff-4d8f-a7a2-4e7da8f3a33f:172.17.0.2:39881, 1759bdf6-b62e-442e-9185-4af47b41fcdd:172.17.0.2:37129, 0e538569-32db-42d4-b5fd-7023928f007e:172.17.0.2:37221], old=null
2020-06-06 05:43:33,945 [1759bdf6-b62e-442e-9185-4af47b41fcdd@group-39414941C540-LeaderElection11] INFO  impl.RoleInfo (RoleInfo.java:shutdownLeaderElection(134)) - 1759bdf6-b62e-442e-9185-4af47b41fcdd: shutdown LeaderElection
2020-06-06 05:43:33,945 [1759bdf6-b62e-442e-9185-4af47b41fcdd@group-39414941C540-LeaderElection11] INFO  impl.RaftServerImpl (RaftServerImpl.java:setRole(173)) - 1759bdf6-b62e-442e-9185-4af47b41fcdd@group-39414941C540: changes role from CANDIDATE to LEADER at term 3 for changeToLeader
2020-06-06 05:43:33,945 [1759bdf6-b62e-442e-9185-4af47b41fcdd@group-39414941C540-LeaderElection11] INFO  ratis.XceiverServerRatis (XceiverServerRatis.java:handleLeaderChangedNotification(762)) - Leader change notification received for group: group-39414941C540 with new leaderId: 1759bdf6-b62e-442e-9185-4af47b41fcdd
2020-06-06 05:43:33,945 [1759bdf6-b62e-442e-9185-4af47b41fcdd@group-39414941C540-LeaderElection11] INFO  impl.RaftServerImpl (ServerState.java:setLeader(255)) - 1759bdf6-b62e-442e-9185-4af47b41fcdd@group-39414941C540: change Leader from null to 1759bdf6-b62e-442e-9185-4af47b41fcdd at term 3 for becomeLeader, leader elected after 10227ms
2020-06-06 05:43:33,946 [1759bdf6-b62e-442e-9185-4af47b41fcdd@group-39414941C540-LeaderElection11] INFO  server.RaftServerConfigKeys (ConfUtils.java:logGet(44)) - raft.server.staging.catchup.gap = 1000 (default)
2020-06-06 05:43:33,946 [1759bdf6-b62e-442e-9185-4af47b41fcdd@group-39414941C540-LeaderElection11] INFO  server.RaftServerConfigKeys (ConfUtils.java:logGet(44)) - raft.server.rpc.sleep.time = 25ms (default)
2020-06-06 05:43:33,946 [1759bdf6-b62e-442e-9185-4af47b41fcdd@group-39414941C540-LeaderElection11] INFO  metrics.RatisMetrics (RatisMetrics.java:lambda$create$0(39)) - Creating Metrics Registry : ratis.log_appender.1759bdf6-b62e-442e-9185-4af47b41fcdd@group-39414941C540
2020-06-06 05:43:33,946 [1759bdf6-b62e-442e-9185-4af47b41fcdd@group-39414941C540-LeaderElection11] INFO  server.RaftServerConfigKeys (ConfUtils.java:logGet(44)) - raft.server.write.element-limit = 1024 (custom)
2020-06-06 05:43:33,946 [1759bdf6-b62e-442e-9185-4af47b41fcdd@group-39414941C540-LeaderElection11] INFO  server.RaftServerConfigKeys (ConfUtils.java:logGet(44)) - raft.server.write.byte-limit = 1073741824 (custom)
2020-06-06 05:43:33,947 [1759bdf6-b62e-442e-9185-4af47b41fcdd@group-39414941C540-LeaderElection11] INFO  server.RaftServerConfigKeys (ConfUtils.java:logGet(44)) - raft.server.watch.timeout = 180s (custom)
2020-06-06 05:43:33,947 [1759bdf6-b62e-442e-9185-4af47b41fcdd@group-39414941C540-LeaderElection11] INFO  server.RaftServerConfigKeys (ConfUtils.java:logGet(44)) - raft.server.watch.timeout.denomination = 1s (default)
2020-06-06 05:43:33,947 [1759bdf6-b62e-442e-9185-4af47b41fcdd@group-39414941C540-LeaderElection11] INFO  server.RaftServerConfigKeys (ConfUtils.java:logGet(44)) - raft.server.watch.element-limit = 65536 (default)
2020-06-06 05:43:33,947 [1759bdf6-b62e-442e-9185-4af47b41fcdd@group-39414941C540-LeaderElection11] INFO  server.RaftServerConfigKeys (ConfUtils.java:logGet(44)) - raft.server.log.appender.snapshot.chunk.size.max = 16MB (=16777216) (default)
2020-06-06 05:43:33,947 [1759bdf6-b62e-442e-9185-4af47b41fcdd@group-39414941C540-LeaderElection11] INFO  server.RaftServerConfigKeys (ConfUtils.java:logGet(44)) - raft.server.log.appender.buffer.byte-limit = 33554432 (custom)
2020-06-06 05:43:33,947 [1759bdf6-b62e-442e-9185-4af47b41fcdd@group-39414941C540-LeaderElection11] INFO  server.RaftServerConfigKeys (ConfUtils.java:logGet(44)) - raft.server.log.appender.buffer.element-limit = 1 (custom)
2020-06-06 05:43:33,947 [1759bdf6-b62e-442e-9185-4af47b41fcdd@group-39414941C540-LeaderElection11] INFO  grpc.GrpcConfigKeys (ConfUtils.java:logGet(44)) - raft.grpc.server.leader.outstanding.appends.max = 128 (default)
2020-06-06 05:43:33,947 [1759bdf6-b62e-442e-9185-4af47b41fcdd@group-39414941C540-LeaderElection11] INFO  server.RaftServerConfigKeys (ConfUtils.java:logGet(44)) - raft.server.rpc.request.timeout = 60s (custom)
2020-06-06 05:43:33,947 [1759bdf6-b62e-442e-9185-4af47b41fcdd@group-39414941C540-LeaderElection11] INFO  server.RaftServerConfigKeys (ConfUtils.java:logGet(44)) - raft.server.log.appender.install.snapshot.enabled = false (custom)
2020-06-06 05:43:33,948 [1759bdf6-b62e-442e-9185-4af47b41fcdd@group-39414941C540-LeaderElection11] INFO  server.RaftServerConfigKeys (ConfUtils.java:logGet(44)) - raft.server.log.appender.snapshot.chunk.size.max = 16MB (=16777216) (default)
2020-06-06 05:43:33,949 [1759bdf6-b62e-442e-9185-4af47b41fcdd@group-39414941C540-LeaderElection11] INFO  server.RaftServerConfigKeys (ConfUtils.java:logGet(44)) - raft.server.log.appender.buffer.byte-limit = 33554432 (custom)
2020-06-06 05:43:33,949 [1759bdf6-b62e-442e-9185-4af47b41fcdd@group-39414941C540-LeaderElection11] INFO  server.RaftServerConfigKeys (ConfUtils.java:logGet(44)) - raft.server.log.appender.buffer.element-limit = 1 (custom)
2020-06-06 05:43:33,949 [1759bdf6-b62e-442e-9185-4af47b41fcdd@group-39414941C540-LeaderElection11] INFO  grpc.GrpcConfigKeys (ConfUtils.java:logGet(44)) - raft.grpc.server.leader.outstanding.appends.max = 128 (default)
2020-06-06 05:43:33,949 [1759bdf6-b62e-442e-9185-4af47b41fcdd@group-39414941C540-LeaderElection11] INFO  server.RaftServerConfigKeys (ConfUtils.java:logGet(44)) - raft.server.rpc.request.timeout = 60s (custom)
2020-06-06 05:43:33,949 [1759bdf6-b62e-442e-9185-4af47b41fcdd@group-39414941C540-LeaderElection11] INFO  server.RaftServerConfigKeys (ConfUtils.java:logGet(44)) - raft.server.log.appender.install.snapshot.enabled = false (custom)
2020-06-06 05:43:33,950 [1759bdf6-b62e-442e-9185-4af47b41fcdd@group-39414941C540-LeaderElection11] INFO  impl.RoleInfo (RoleInfo.java:updateAndGet(143)) - 1759bdf6-b62e-442e-9185-4af47b41fcdd: start LeaderState
2020-06-06 05:43:33,950 [1759bdf6-b62e-442e-9185-4af47b41fcdd@group-39414941C540-LeaderElection11] INFO  segmented.SegmentedRaftLogWorker (SegmentedRaftLogWorker.java:startLogSegment(391)) - 1759bdf6-b62e-442e-9185-4af47b41fcdd@group-39414941C540-SegmentedRaftLogWorker: Starting segment from index:0
2020-06-06 05:43:33,951 [1759bdf6-b62e-442e-9185-4af47b41fcdd@group-39414941C540-SegmentedRaftLogWorker] INFO  segmented.SegmentedRaftLogWorker (SegmentedRaftLogWorker.java:execute(583)) - 1759bdf6-b62e-442e-9185-4af47b41fcdd@group-39414941C540-SegmentedRaftLogWorker: created new log segment /github/workspace/mnt/ozone/hadoop-ozone/integration-test/target/test-dir/MiniOzoneClusterImpl-498c920e-3839-4903-94df-b28741763660/datanode-0/data/ratis/5eb153f7-d415-4876-9c3f-39414941c540/current/log_inprogress_0
2020-06-06 05:43:33,969 [1759bdf6-b62e-442e-9185-4af47b41fcdd@group-39414941C540-LeaderElection11] INFO  impl.RaftServerImpl (ServerState.java:setRaftConf(356)) - 1759bdf6-b62e-442e-9185-4af47b41fcdd@group-39414941C540: set configuration 0: [0f07ec13-85ff-4d8f-a7a2-4e7da8f3a33f:172.17.0.2:39881, 1759bdf6-b62e-442e-9185-4af47b41fcdd:172.17.0.2:37129, 0e538569-32db-42d4-b5fd-7023928f007e:172.17.0.2:37221], old=null at 0
2020-06-06 05:43:33,966 [grpc-default-executor-0] INFO  ratis.XceiverServerRatis (XceiverServerRatis.java:handleLeaderChangedNotification(762)) - Leader change notification received for group: group-39414941C540 with new leaderId: 1759bdf6-b62e-442e-9185-4af47b41fcdd
2020-06-06 05:43:33,982 [grpc-default-executor-0] INFO  impl.RaftServerImpl (ServerState.java:setLeader(255)) - 0f07ec13-85ff-4d8f-a7a2-4e7da8f3a33f@group-39414941C540: change Leader from null to 1759bdf6-b62e-442e-9185-4af47b41fcdd at term 3 for appendEntries, leader elected after 5003ms
2020-06-06 05:43:33,983 [grpc-default-executor-2] INFO  ratis.XceiverServerRatis (XceiverServerRatis.java:handleLeaderChangedNotification(762)) - Leader change notification received for group: group-39414941C540 with new leaderId: 1759bdf6-b62e-442e-9185-4af47b41fcdd
2020-06-06 05:43:33,983 [grpc-default-executor-2] INFO  impl.RaftServerImpl (ServerState.java:setLeader(255)) - 0e538569-32db-42d4-b5fd-7023928f007e@group-39414941C540: change Leader from null to 1759bdf6-b62e-442e-9185-4af47b41fcdd at term 3 for appendEntries, leader elected after 10274ms
2020-06-06 05:43:33,985 [grpc-default-executor-0] INFO  impl.RaftServerImpl (ServerState.java:setRaftConf(356)) - 0f07ec13-85ff-4d8f-a7a2-4e7da8f3a33f@group-39414941C540: set configuration 0: [0f07ec13-85ff-4d8f-a7a2-4e7da8f3a33f:172.17.0.2:39881, 1759bdf6-b62e-442e-9185-4af47b41fcdd:172.17.0.2:37129, 0e538569-32db-42d4-b5fd-7023928f007e:172.17.0.2:37221], old=null at 0
2020-06-06 05:43:33,987 [grpc-default-executor-0] INFO  segmented.SegmentedRaftLogWorker (SegmentedRaftLogWorker.java:truncate(407)) - 0f07ec13-85ff-4d8f-a7a2-4e7da8f3a33f@group-39414941C540-SegmentedRaftLogWorker: Truncating segments toTruncate: null
  toDelete: [(0, 0) isOpen? true, length=0, newEndIndex=-1], start index 0
2020-06-06 05:43:33,988 [0f07ec13-85ff-4d8f-a7a2-4e7da8f3a33f@group-39414941C540-SegmentedRaftLogWorker] INFO  segmented.SegmentedRaftLogWorker (SegmentedRaftLogWorker.java:execute(650)) - 0f07ec13-85ff-4d8f-a7a2-4e7da8f3a33f@group-39414941C540-SegmentedRaftLogWorker: Deleted log file /github/workspace/mnt/ozone/hadoop-ozone/integration-test/target/test-dir/MiniOzoneClusterImpl-498c920e-3839-4903-94df-b28741763660/datanode-1/data/ratis/5eb153f7-d415-4876-9c3f-39414941c540/current/log_inprogress_0
2020-06-06 05:43:33,989 [0f07ec13-85ff-4d8f-a7a2-4e7da8f3a33f@group-39414941C540-SegmentedRaftLogWorker] INFO  segmented.SegmentedRaftLogWorker (SegmentedRaftLogWorker.java:lambda$new$0(129)) - 0f07ec13-85ff-4d8f-a7a2-4e7da8f3a33f@group-39414941C540-SegmentedRaftLogWorker: flushIndex: setUnconditionally 0 -> -1
2020-06-06 05:43:33,989 [grpc-default-executor-0] INFO  segmented.SegmentedRaftLogWorker (SegmentedRaftLogWorker.java:startLogSegment(391)) - 0f07ec13-85ff-4d8f-a7a2-4e7da8f3a33f@group-39414941C540-SegmentedRaftLogWorker: Starting segment from index:0
2020-06-06 05:43:33,990 [grpc-default-executor-2] INFO  impl.RaftServerImpl (ServerState.java:setRaftConf(356)) - 0e538569-32db-42d4-b5fd-7023928f007e@group-39414941C540: set configuration 0: [0f07ec13-85ff-4d8f-a7a2-4e7da8f3a33f:172.17.0.2:39881, 1759bdf6-b62e-442e-9185-4af47b41fcdd:172.17.0.2:37129, 0e538569-32db-42d4-b5fd-7023928f007e:172.17.0.2:37221], old=null at 0
2020-06-06 05:43:33,990 [grpc-default-executor-2] INFO  segmented.SegmentedRaftLogWorker (SegmentedRaftLogWorker.java:startLogSegment(391)) - 0e538569-32db-42d4-b5fd-7023928f007e@group-39414941C540-SegmentedRaftLogWorker: Starting segment from index:0
2020-06-06 05:43:33,991 [0f07ec13-85ff-4d8f-a7a2-4e7da8f3a33f@group-39414941C540-SegmentedRaftLogWorker] INFO  segmented.SegmentedRaftLogWorker (SegmentedRaftLogWorker.java:execute(583)) - 0f07ec13-85ff-4d8f-a7a2-4e7da8f3a33f@group-39414941C540-SegmentedRaftLogWorker: created new log segment /github/workspace/mnt/ozone/hadoop-ozone/integration-test/target/test-dir/MiniOzoneClusterImpl-498c920e-3839-4903-94df-b28741763660/datanode-1/data/ratis/5eb153f7-d415-4876-9c3f-39414941c540/current/log_inprogress_0
2020-06-06 05:43:33,992 [0e538569-32db-42d4-b5fd-7023928f007e@group-39414941C540-SegmentedRaftLogWorker] INFO  segmented.SegmentedRaftLogWorker (SegmentedRaftLogWorker.java:execute(583)) - 0e538569-32db-42d4-b5fd-7023928f007e@group-39414941C540-SegmentedRaftLogWorker: created new log segment /github/workspace/mnt/ozone/hadoop-ozone/integration-test/target/test-dir/MiniOzoneClusterImpl-498c920e-3839-4903-94df-b28741763660/datanode-2/data/ratis/5eb153f7-d415-4876-9c3f-39414941c540/current/log_inprogress_0
2020-06-06 05:43:34,730 [RatisApplyTransactionExecutor 1] INFO  interfaces.Container (KeyValueContainer.java:flushAndSyncDB(387)) - Container 1 is synced with bcsId 2.
2020-06-06 05:43:34,730 [RatisApplyTransactionExecutor 1] INFO  interfaces.Container (KeyValueContainer.java:flushAndSyncDB(387)) - Container 1 is synced with bcsId 2.
2020-06-06 05:43:34,733 [RatisApplyTransactionExecutor 1] INFO  interfaces.Container (KeyValueContainer.java:close(325)) - Container 1 is closed with bcsId 2.
2020-06-06 05:43:34,738 [EventQueue-IncrementalContainerReportForIncrementalContainerReportHandler] INFO  container.IncrementalContainerReportHandler (AbstractContainerReportHandler.java:updateContainerState(171)) - Moving container #1 to CLOSED state, datanode 1759bdf6-b62e-442e-9185-4af47b41fcdd{ip: 172.17.0.2, host: 04ab1dbc0cb6, networkLocation: /default-rack, certSerialId: null} reported CLOSED replica.
2020-06-06 05:43:34,743 [RatisApplyTransactionExecutor 1] INFO  interfaces.Container (KeyValueContainer.java:flushAndSyncDB(387)) - Container 1 is synced with bcsId 2.
2020-06-06 05:43:34,743 [RatisApplyTransactionExecutor 1] INFO  interfaces.Container (KeyValueContainer.java:flushAndSyncDB(387)) - Container 1 is synced with bcsId 2.
2020-06-06 05:43:34,746 [RatisApplyTransactionExecutor 1] INFO  interfaces.Container (KeyValueContainer.java:close(325)) - Container 1 is closed with bcsId 2.
2020-06-06 05:43:34,747 [RatisApplyTransactionExecutor 1] INFO  interfaces.Container (KeyValueContainer.java:flushAndSyncDB(387)) - Container 1 is synced with bcsId 2.
2020-06-06 05:43:34,747 [RatisApplyTransactionExecutor 1] INFO  interfaces.Container (KeyValueContainer.java:flushAndSyncDB(387)) - Container 1 is synced with bcsId 2.
2020-06-06 05:43:34,750 [RatisApplyTransactionExecutor 1] INFO  interfaces.Container (KeyValueContainer.java:close(325)) - Container 1 is closed with bcsId 2.
]]></system-out>
    <system-err><![CDATA[ERROR StatusLogger No Log4j 2 configuration file found. Using default configuration (logging only errors to the console), or user programmatically provided configurations. Set system property 'log4j2.debug' to show Log4j 2 internal initialization logging. See https://logging.apache.org/log4j/2.x/manual/configuration.html for instructions on how to configure Log4j 2
]]></system-err>
  </testcase>
  <testcase name="testBlockWritesWithFlushAndClose" classname="org.apache.hadoop.ozone.client.rpc.TestCloseContainerHandlingByClient" time="2.416"/>
  <testcase name="testBlockWritesCloseConsistency" classname="org.apache.hadoop.ozone.client.rpc.TestCloseContainerHandlingByClient" time="2.273"/>
  <testcase name="testMultiBlockWrites" classname="org.apache.hadoop.ozone.client.rpc.TestCloseContainerHandlingByClient" time="2.476"/>
  <testcase name="testBlockWrites" classname="org.apache.hadoop.ozone.client.rpc.TestCloseContainerHandlingByClient" time="2.565"/>
  <testcase name="testMultiBlockWrites2" classname="org.apache.hadoop.ozone.client.rpc.TestCloseContainerHandlingByClient" time="3.855"/>
  <testcase name="testMultiBlockWrites3" classname="org.apache.hadoop.ozone.client.rpc.TestCloseContainerHandlingByClient" time="6.206"/>
  <testcase name="testDiscardPreallocatedBlocks" classname="org.apache.hadoop.ozone.client.rpc.TestCloseContainerHandlingByClient" time="0">
    <skipped/>
  </testcase>
</testsuite>