<?xml version="1.0" encoding="UTF-8"?>
<testsuite xmlns:xsi="http://www.w3.org/2001/XMLSchema-instance" xsi:noNamespaceSchemaLocation="https://maven.apache.org/surefire/maven-surefire-plugin/xsd/surefire-test-report.xsd" name="org.apache.hadoop.ozone.client.rpc.TestFailureHandlingByClient" time="215.714" tests="5" errors="0" skipped="1" failures="1">
  <properties>
    <property name="awt.toolkit" value="sun.awt.X11.XToolkit"/>
    <property name="file.encoding.pkg" value="sun.io"/>
    <property name="java.specification.version" value="1.8"/>
    <property name="sun.cpu.isalist" value=""/>
    <property name="sun.jnu.encoding" value="ANSI_X3.4-1968"/>
    <property name="java.class.path" value="/github/workspace/mnt/ozone/hadoop-ozone/integration-test/target/test-classes:/github/workspace/mnt/ozone/hadoop-ozone/integration-test/target/classes:/home/user/.m2/repository/org/apache/hadoop/hadoop-ozone-common/0.6.0-SNAPSHOT/hadoop-ozone-common-0.6.0-SNAPSHOT.jar:/home/user/.m2/repository/org/apache/commons/commons-compress/1.4.1/commons-compress-1.4.1.jar:/home/user/.m2/repository/org/tukaani/xz/1.0/xz-1.0.jar:/home/user/.m2/repository/org/apache/hadoop/hadoop-hdds-common/0.6.0-SNAPSHOT/hadoop-hdds-common-0.6.0-SNAPSHOT.jar:/home/user/.m2/repository/org/apache/hadoop/hadoop-hdds-hadoop-dependency-client/0.6.0-SNAPSHOT/hadoop-hdds-hadoop-dependency-client-0.6.0-SNAPSHOT.jar:/home/user/.m2/repository/info/picocli/picocli/3.9.6/picocli-3.9.6.jar:/home/user/.m2/repository/com/fasterxml/jackson/core/jackson-annotations/2.10.3/jackson-annotations-2.10.3.jar:/home/user/.m2/repository/javax/annotation/javax.annotation-api/1.2/javax.annotation-api-1.2.jar:/home/user/.m2/repository/org/apache/ratis/ratis-server/0.6.0-cac3336-SNAPSHOT/ratis-server-0.6.0-cac3336-SNAPSHOT.jar:/home/user/.m2/repository/org/apache/ratis/ratis-client/0.6.0-cac3336-SNAPSHOT/ratis-client-0.6.0-cac3336-SNAPSHOT.jar:/home/user/.m2/repository/org/apache/ratis/ratis-metrics/0.6.0-cac3336-SNAPSHOT/ratis-metrics-0.6.0-cac3336-SNAPSHOT.jar:/home/user/.m2/repository/org/apache/ratis/ratis-netty/0.6.0-cac3336-SNAPSHOT/ratis-netty-0.6.0-cac3336-SNAPSHOT.jar:/home/user/.m2/repository/org/apache/ratis/ratis-grpc/0.6.0-cac3336-SNAPSHOT/ratis-grpc-0.6.0-cac3336-SNAPSHOT.jar:/home/user/.m2/repository/org/apache/logging/log4j/log4j-api/2.11.0/log4j-api-2.11.0.jar:/home/user/.m2/repository/org/apache/logging/log4j/log4j-core/2.11.0/log4j-core-2.11.0.jar:/home/user/.m2/repository/com/lmax/disruptor/3.4.2/disruptor-3.4.2.jar:/home/user/.m2/repository/org/apache/commons/commons-pool2/2.6.0/commons-pool2-2.6.0.jar:/home/user/.m2/repository/org/bouncycastle/bcpkix-jdk15on/1.60/bcpkix-jdk15on-1.60.jar:/home/user/.m2/repository/commons-validator/commons-validator/1.6/commons-validator-1.6.jar:/home/user/.m2/repository/commons-digester/commons-digester/1.8.1/commons-digester-1.8.1.jar:/home/user/.m2/repository/io/jaegertracing/jaeger-client/1.2.0/jaeger-client-1.2.0.jar:/home/user/.m2/repository/io/jaegertracing/jaeger-thrift/1.2.0/jaeger-thrift-1.2.0.jar:/home/user/.m2/repository/org/apache/thrift/libthrift/0.13.0/libthrift-0.13.0.jar:/home/user/.m2/repository/com/squareup/okhttp3/okhttp/4.2.2/okhttp-4.2.2.jar:/home/user/.m2/repository/com/squareup/okio/okio/2.2.2/okio-2.2.2.jar:/home/user/.m2/repository/org/jetbrains/kotlin/kotlin-stdlib/1.3.50/kotlin-stdlib-1.3.50.jar:/home/user/.m2/repository/org/jetbrains/kotlin/kotlin-stdlib-common/1.3.50/kotlin-stdlib-common-1.3.50.jar:/home/user/.m2/repository/org/jetbrains/annotations/13.0/annotations-13.0.jar:/home/user/.m2/repository/io/jaegertracing/jaeger-core/1.2.0/jaeger-core-1.2.0.jar:/home/user/.m2/repository/io/jaegertracing/jaeger-tracerresolver/1.2.0/jaeger-tracerresolver-1.2.0.jar:/home/user/.m2/repository/io/opentracing/contrib/opentracing-tracerresolver/0.1.8/opentracing-tracerresolver-0.1.8.jar:/home/user/.m2/repository/io/opentracing/opentracing-util/0.33.0/opentracing-util-0.33.0.jar:/home/user/.m2/repository/io/opentracing/opentracing-api/0.33.0/opentracing-api-0.33.0.jar:/home/user/.m2/repository/io/opentracing/opentracing-noop/0.33.0/opentracing-noop-0.33.0.jar:/home/user/.m2/repository/org/apache/hadoop/hadoop-hdds-client/0.6.0-SNAPSHOT/hadoop-hdds-client-0.6.0-SNAPSHOT.jar:/home/user/.m2/repository/org/apache/hadoop/hadoop-hdds-test-utils/0.6.0-SNAPSHOT/hadoop-hdds-test-utils-0.6.0-SNAPSHOT.jar:/home/user/.m2/repository/com/google/guava/guava/28.2-jre/guava-28.2-jre.jar:/home/user/.m2/repository/com/google/guava/failureaccess/1.0.1/failureaccess-1.0.1.jar:/home/user/.m2/repository/com/google/guava/listenablefuture/9999.0-empty-to-avoid-conflict-with-guava/listenablefuture-9999.0-empty-to-avoid-conflict-with-guava.jar:/home/user/.m2/repository/com/google/code/findbugs/jsr305/3.0.0/jsr305-3.0.0.jar:/home/user/.m2/repository/org/checkerframework/checker-qual/2.10.0/checker-qual-2.10.0.jar:/home/user/.m2/repository/com/google/errorprone/error_prone_annotations/2.2.0/error_prone_annotations-2.2.0.jar:/home/user/.m2/repository/com/google/j2objc/j2objc-annotations/1.3/j2objc-annotations-1.3.jar:/home/user/.m2/repository/commons-io/commons-io/2.5/commons-io-2.5.jar:/home/user/.m2/repository/commons-logging/commons-logging/1.2/commons-logging-1.2.jar:/home/user/.m2/repository/log4j/log4j/1.2.17/log4j-1.2.17.jar:/home/user/.m2/repository/org/slf4j/slf4j-api/1.7.25/slf4j-api-1.7.25.jar:/home/user/.m2/repository/org/apache/hadoop/hadoop-hdds-server-scm/0.6.0-SNAPSHOT/hadoop-hdds-server-scm-0.6.0-SNAPSHOT.jar:/home/user/.m2/repository/org/apache/hadoop/hadoop-hdds-container-service/0.6.0-SNAPSHOT/hadoop-hdds-container-service-0.6.0-SNAPSHOT.jar:/home/user/.m2/repository/org/apache/hadoop/hadoop-hdds-hadoop-dependency-server/0.6.0-SNAPSHOT/hadoop-hdds-hadoop-dependency-server-0.6.0-SNAPSHOT.jar:/home/user/.m2/repository/org/apache/hadoop/hadoop-hdds-server-framework/0.6.0-SNAPSHOT/hadoop-hdds-server-framework-0.6.0-SNAPSHOT.jar:/home/user/.m2/repository/org/apache/hadoop/hadoop-hdds-interface-server/0.6.0-SNAPSHOT/hadoop-hdds-interface-server-0.6.0-SNAPSHOT.jar:/home/user/.m2/repository/org/apache/hadoop/hadoop-hdds-interface-admin/0.6.0-SNAPSHOT/hadoop-hdds-interface-admin-0.6.0-SNAPSHOT.jar:/home/user/.m2/repository/org/rocksdb/rocksdbjni/6.6.4/rocksdbjni-6.6.4.jar:/home/user/.m2/repository/io/prometheus/simpleclient_dropwizard/0.7.0/simpleclient_dropwizard-0.7.0.jar:/home/user/.m2/repository/io/prometheus/simpleclient/0.7.0/simpleclient-0.7.0.jar:/home/user/.m2/repository/io/prometheus/simpleclient_common/0.7.0/simpleclient_common-0.7.0.jar:/home/user/.m2/repository/com/fasterxml/jackson/datatype/jackson-datatype-jsr310/2.10.3/jackson-datatype-jsr310-2.10.3.jar:/home/user/.m2/repository/org/apache/hadoop/hadoop-hdds-docs/0.6.0-SNAPSHOT/hadoop-hdds-docs-0.6.0-SNAPSHOT.jar:/home/user/.m2/repository/io/dropwizard/metrics/metrics-core/3.2.4/metrics-core-3.2.4.jar:/home/user/.m2/repository/org/apache/hadoop/hadoop-hdfs-client/3.2.1/hadoop-hdfs-client-3.2.1.jar:/home/user/.m2/repository/org/bouncycastle/bcprov-jdk15on/1.60/bcprov-jdk15on-1.60.jar:/home/user/.m2/repository/org/apache/hadoop/hadoop-ozone-ozone-manager/0.6.0-SNAPSHOT/hadoop-ozone-ozone-manager-0.6.0-SNAPSHOT.jar:/home/user/.m2/repository/org/apache/hadoop/hadoop-hdds-interface-client/0.6.0-SNAPSHOT/hadoop-hdds-interface-client-0.6.0-SNAPSHOT.jar:/home/user/.m2/repository/org/apache/ratis/ratis-thirdparty-misc/0.4.0/ratis-thirdparty-misc-0.4.0.jar:/home/user/.m2/repository/org/apache/hadoop/hadoop-minikdc/3.2.1/hadoop-minikdc-3.2.1.jar:/home/user/.m2/repository/org/apache/kerby/kerb-simplekdc/1.0.1/kerb-simplekdc-1.0.1.jar:/home/user/.m2/repository/org/apache/kerby/kerb-client/1.0.1/kerb-client-1.0.1.jar:/home/user/.m2/repository/org/apache/kerby/kerby-config/1.0.1/kerby-config-1.0.1.jar:/home/user/.m2/repository/org/apache/kerby/kerb-core/1.0.1/kerb-core-1.0.1.jar:/home/user/.m2/repository/org/apache/kerby/kerby-pkix/1.0.1/kerby-pkix-1.0.1.jar:/home/user/.m2/repository/org/apache/kerby/kerby-asn1/1.0.1/kerby-asn1-1.0.1.jar:/home/user/.m2/repository/org/apache/kerby/kerby-util/1.0.1/kerby-util-1.0.1.jar:/home/user/.m2/repository/org/apache/kerby/kerb-common/1.0.1/kerb-common-1.0.1.jar:/home/user/.m2/repository/org/apache/kerby/kerb-crypto/1.0.1/kerb-crypto-1.0.1.jar:/home/user/.m2/repository/org/apache/kerby/kerb-util/1.0.1/kerb-util-1.0.1.jar:/home/user/.m2/repository/org/apache/kerby/token-provider/1.0.1/token-provider-1.0.1.jar:/home/user/.m2/repository/org/apache/kerby/kerb-admin/1.0.1/kerb-admin-1.0.1.jar:/home/user/.m2/repository/org/apache/kerby/kerb-server/1.0.1/kerb-server-1.0.1.jar:/home/user/.m2/repository/org/apache/kerby/kerb-identity/1.0.1/kerb-identity-1.0.1.jar:/home/user/.m2/repository/org/apache/kerby/kerby-xdr/1.0.1/kerby-xdr-1.0.1.jar:/home/user/.m2/repository/org/slf4j/slf4j-log4j12/1.7.25/slf4j-log4j12-1.7.25.jar:/home/user/.m2/repository/org/apache/hadoop/hadoop-ozone-s3gateway/0.6.0-SNAPSHOT/hadoop-ozone-s3gateway-0.6.0-SNAPSHOT.jar:/home/user/.m2/repository/org/jboss/weld/servlet/weld-servlet/2.4.7.Final/weld-servlet-2.4.7.Final.jar:/home/user/.m2/repository/org/glassfish/jersey/containers/jersey-container-servlet-core/2.27/jersey-container-servlet-core-2.27.jar:/home/user/.m2/repository/org/glassfish/hk2/external/javax.inject/2.5.0-b42/javax.inject-2.5.0-b42.jar:/home/user/.m2/repository/org/glassfish/jersey/core/jersey-common/2.27/jersey-common-2.27.jar:/home/user/.m2/repository/org/glassfish/hk2/osgi-resource-locator/1.0.1/osgi-resource-locator-1.0.1.jar:/home/user/.m2/repository/javax/ws/rs/javax.ws.rs-api/2.1/javax.ws.rs-api-2.1.jar:/home/user/.m2/repository/org/glassfish/jersey/ext/cdi/jersey-cdi1x/2.27/jersey-cdi1x-2.27.jar:/home/user/.m2/repository/org/glassfish/jersey/inject/jersey-hk2/2.27/jersey-hk2-2.27.jar:/home/user/.m2/repository/org/glassfish/hk2/hk2-locator/2.5.0-b42/hk2-locator-2.5.0-b42.jar:/home/user/.m2/repository/org/javassist/javassist/3.22.0-CR2/javassist-3.22.0-CR2.jar:/home/user/.m2/repository/org/glassfish/hk2/hk2-api/2.5.0/hk2-api-2.5.0.jar:/home/user/.m2/repository/org/glassfish/hk2/external/jakarta.inject/2.5.0/jakarta.inject-2.5.0.jar:/home/user/.m2/repository/org/glassfish/hk2/hk2-utils/2.5.0/hk2-utils-2.5.0.jar:/home/user/.m2/repository/jakarta/annotation/jakarta.annotation-api/1.3.4/jakarta.annotation-api-1.3.4.jar:/home/user/.m2/repository/org/glassfish/hk2/external/aopalliance-repackaged/2.5.0/aopalliance-repackaged-2.5.0.jar:/home/user/.m2/repository/com/fasterxml/jackson/dataformat/jackson-dataformat-xml/2.10.3/jackson-dataformat-xml-2.10.3.jar:/home/user/.m2/repository/com/fasterxml/jackson/core/jackson-core/2.10.3/jackson-core-2.10.3.jar:/home/user/.m2/repository/com/fasterxml/jackson/module/jackson-module-jaxb-annotations/2.10.3/jackson-module-jaxb-annotations-2.10.3.jar:/home/user/.m2/repository/jakarta/xml/bind/jakarta.xml.bind-api/2.3.2/jakarta.xml.bind-api-2.3.2.jar:/home/user/.m2/repository/jakarta/activation/jakarta.activation-api/1.2.1/jakarta.activation-api-1.2.1.jar:/home/user/.m2/repository/org/codehaus/woodstox/stax2-api/3.1.4/stax2-api-3.1.4.jar:/home/user/.m2/repository/com/fasterxml/woodstox/woodstox-core/5.0.3/woodstox-core-5.0.3.jar:/home/user/.m2/repository/javax/enterprise/cdi-api/1.2/cdi-api-1.2.jar:/home/user/.m2/repository/javax/el/javax.el-api/3.0.0/javax.el-api-3.0.0.jar:/home/user/.m2/repository/javax/interceptor/javax.interceptor-api/1.2/javax.interceptor-api-1.2.jar:/home/user/.m2/repository/javax/inject/javax.inject/1/javax.inject-1.jar:/home/user/.m2/repository/com/sun/xml/bind/jaxb-impl/2.3.0.1/jaxb-impl-2.3.0.1.jar:/home/user/.m2/repository/com/sun/xml/bind/jaxb-core/2.3.0.1/jaxb-core-2.3.0.1.jar:/home/user/.m2/repository/javax/xml/bind/jaxb-api/2.3.0/jaxb-api-2.3.0.jar:/home/user/.m2/repository/javax/activation/activation/1.1.1/activation-1.1.1.jar:/home/user/.m2/repository/org/apache/hadoop/hadoop-ozone-csi/0.6.0-SNAPSHOT/hadoop-ozone-csi-0.6.0-SNAPSHOT.jar:/home/user/.m2/repository/com/google/protobuf/protobuf-java-util/3.11.0/protobuf-java-util-3.11.0.jar:/home/user/.m2/repository/com/google/code/gson/gson/2.2.4/gson-2.2.4.jar:/home/user/.m2/repository/org/apache/hadoop/hadoop-hdds-config/0.6.0-SNAPSHOT/hadoop-hdds-config-0.6.0-SNAPSHOT.jar:/home/user/.m2/repository/com/google/protobuf/protobuf-java/2.5.0/protobuf-java-2.5.0.jar:/home/user/.m2/repository/io/grpc/grpc-netty/1.29.0/grpc-netty-1.29.0.jar:/home/user/.m2/repository/io/grpc/grpc-core/1.29.0/grpc-core-1.29.0.jar:/home/user/.m2/repository/com/google/android/annotations/4.1.1.4/annotations-4.1.1.4.jar:/home/user/.m2/repository/io/perfmark/perfmark-api/0.19.0/perfmark-api-0.19.0.jar:/home/user/.m2/repository/io/netty/netty-codec-http2/4.1.48.Final/netty-codec-http2-4.1.48.Final.jar:/home/user/.m2/repository/io/netty/netty-codec/4.1.48.Final/netty-codec-4.1.48.Final.jar:/home/user/.m2/repository/io/netty/netty-handler/4.1.48.Final/netty-handler-4.1.48.Final.jar:/home/user/.m2/repository/io/netty/netty-codec-http/4.1.48.Final/netty-codec-http-4.1.48.Final.jar:/home/user/.m2/repository/io/netty/netty-handler-proxy/4.1.48.Final/netty-handler-proxy-4.1.48.Final.jar:/home/user/.m2/repository/io/netty/netty-codec-socks/4.1.48.Final/netty-codec-socks-4.1.48.Final.jar:/home/user/.m2/repository/io/netty/netty-transport-native-epoll/4.1.48.Final/netty-transport-native-epoll-4.1.48.Final.jar:/home/user/.m2/repository/io/netty/netty-common/4.1.48.Final/netty-common-4.1.48.Final.jar:/home/user/.m2/repository/io/netty/netty-buffer/4.1.48.Final/netty-buffer-4.1.48.Final.jar:/home/user/.m2/repository/io/netty/netty-transport/4.1.48.Final/netty-transport-4.1.48.Final.jar:/home/user/.m2/repository/io/netty/netty-resolver/4.1.48.Final/netty-resolver-4.1.48.Final.jar:/home/user/.m2/repository/io/netty/netty-transport-native-unix-common/4.1.48.Final/netty-transport-native-unix-common-4.1.48.Final.jar:/home/user/.m2/repository/io/grpc/grpc-protobuf/1.29.0/grpc-protobuf-1.29.0.jar:/home/user/.m2/repository/io/grpc/grpc-api/1.29.0/grpc-api-1.29.0.jar:/home/user/.m2/repository/io/grpc/grpc-context/1.29.0/grpc-context-1.29.0.jar:/home/user/.m2/repository/org/codehaus/mojo/animal-sniffer-annotations/1.18/animal-sniffer-annotations-1.18.jar:/home/user/.m2/repository/com/google/api/grpc/proto-google-common-protos/1.17.0/proto-google-common-protos-1.17.0.jar:/home/user/.m2/repository/io/grpc/grpc-protobuf-lite/1.29.0/grpc-protobuf-lite-1.29.0.jar:/home/user/.m2/repository/io/grpc/grpc-stub/1.29.0/grpc-stub-1.29.0.jar:/home/user/.m2/repository/org/apache/hadoop/hadoop-ozone-recon/0.6.0-SNAPSHOT/hadoop-ozone-recon-0.6.0-SNAPSHOT.jar:/home/user/.m2/repository/org/apache/hadoop/hadoop-ozone-reconcodegen/0.6.0-SNAPSHOT/hadoop-ozone-reconcodegen-0.6.0-SNAPSHOT.jar:/home/user/.m2/repository/com/google/inject/extensions/guice-multibindings/4.0/guice-multibindings-4.0.jar:/home/user/.m2/repository/com/google/inject/guice/4.0/guice-4.0.jar:/home/user/.m2/repository/aopalliance/aopalliance/1.0/aopalliance-1.0.jar:/home/user/.m2/repository/com/google/inject/extensions/guice-assistedinject/4.0/guice-assistedinject-4.0.jar:/home/user/.m2/repository/com/google/inject/extensions/guice-servlet/4.0/guice-servlet-4.0.jar:/home/user/.m2/repository/org/glassfish/jersey/containers/jersey-container-servlet/2.27/jersey-container-servlet-2.27.jar:/home/user/.m2/repository/org/glassfish/hk2/guice-bridge/2.5.0/guice-bridge-2.5.0.jar:/home/user/.m2/repository/org/glassfish/jersey/core/jersey-server/2.27/jersey-server-2.27.jar:/home/user/.m2/repository/org/glassfish/jersey/core/jersey-client/2.27/jersey-client-2.27.jar:/home/user/.m2/repository/org/glassfish/jersey/media/jersey-media-jaxb/2.27/jersey-media-jaxb-2.27.jar:/home/user/.m2/repository/javax/validation/validation-api/1.1.0.Final/validation-api-1.1.0.Final.jar:/home/user/.m2/repository/org/glassfish/jersey/media/jersey-media-json-jackson/2.27/jersey-media-json-jackson-2.27.jar:/home/user/.m2/repository/org/glassfish/jersey/ext/jersey-entity-filtering/2.27/jersey-entity-filtering-2.27.jar:/home/user/.m2/repository/org/jooq/jooq/3.11.10/jooq-3.11.10.jar:/home/user/.m2/repository/org/jooq/jooq-meta/3.11.10/jooq-meta-3.11.10.jar:/home/user/.m2/repository/org/jooq/jooq-codegen/3.11.10/jooq-codegen-3.11.10.jar:/home/user/.m2/repository/com/jolbox/bonecp/0.8.0.RELEASE/bonecp-0.8.0.RELEASE.jar:/home/user/.m2/repository/org/apache/derby/derby/10.14.2.0/derby-10.14.2.0.jar:/home/user/.m2/repository/org/xerial/sqlite-jdbc/3.25.2/sqlite-jdbc-3.25.2.jar:/home/user/.m2/repository/org/springframework/spring-jdbc/5.2.5.RELEASE/spring-jdbc-5.2.5.RELEASE.jar:/home/user/.m2/repository/org/springframework/spring-beans/5.2.5.RELEASE/spring-beans-5.2.5.RELEASE.jar:/home/user/.m2/repository/org/springframework/spring-core/5.2.5.RELEASE/spring-core-5.2.5.RELEASE.jar:/home/user/.m2/repository/org/springframework/spring-jcl/5.2.5.RELEASE/spring-jcl-5.2.5.RELEASE.jar:/home/user/.m2/repository/org/springframework/spring-tx/5.2.5.RELEASE/spring-tx-5.2.5.RELEASE.jar:/home/user/.m2/repository/org/apache/hadoop/hadoop-ozone-client/0.6.0-SNAPSHOT/hadoop-ozone-client-0.6.0-SNAPSHOT.jar:/home/user/.m2/repository/org/apache/hadoop/hadoop-ozone-filesystem/0.6.0-SNAPSHOT/hadoop-ozone-filesystem-0.6.0-SNAPSHOT.jar:/home/user/.m2/repository/org/apache/hadoop/hadoop-ozone-filesystem-common/0.6.0-SNAPSHOT/hadoop-ozone-filesystem-common-0.6.0-SNAPSHOT.jar:/home/user/.m2/repository/org/apache/hadoop/hadoop-ozone-tools/0.6.0-SNAPSHOT/hadoop-ozone-tools-0.6.0-SNAPSHOT.jar:/home/user/.m2/repository/org/apache/hadoop/hadoop-hdfs/3.2.1/hadoop-hdfs-3.2.1.jar:/home/user/.m2/repository/org/apache/ratis/ratis-tools/0.6.0-cac3336-SNAPSHOT/ratis-tools-0.6.0-cac3336-SNAPSHOT.jar:/home/user/.m2/repository/org/apache/ratis/ratis-proto/0.6.0-cac3336-SNAPSHOT/ratis-proto-0.6.0-cac3336-SNAPSHOT.jar:/home/user/.m2/repository/org/apache/ratis/ratis-common/0.6.0-cac3336-SNAPSHOT/ratis-common-0.6.0-cac3336-SNAPSHOT.jar:/home/user/.m2/repository/com/amazonaws/aws-java-sdk-core/1.11.615/aws-java-sdk-core-1.11.615.jar:/home/user/.m2/repository/org/apache/httpcomponents/httpclient/4.5.2/httpclient-4.5.2.jar:/home/user/.m2/repository/org/apache/httpcomponents/httpcore/4.4.4/httpcore-4.4.4.jar:/home/user/.m2/repository/software/amazon/ion/ion-java/1.0.2/ion-java-1.0.2.jar:/home/user/.m2/repository/com/fasterxml/jackson/dataformat/jackson-dataformat-cbor/2.10.3/jackson-dataformat-cbor-2.10.3.jar:/home/user/.m2/repository/joda-time/joda-time/2.8.1/joda-time-2.8.1.jar:/home/user/.m2/repository/com/amazonaws/aws-java-sdk-s3/1.11.615/aws-java-sdk-s3-1.11.615.jar:/home/user/.m2/repository/com/amazonaws/aws-java-sdk-kms/1.11.615/aws-java-sdk-kms-1.11.615.jar:/home/user/.m2/repository/com/amazonaws/jmespath-java/1.11.615/jmespath-java-1.11.615.jar:/home/user/.m2/repository/org/apache/hadoop/hadoop-hdds-tools/0.6.0-SNAPSHOT/hadoop-hdds-tools-0.6.0-SNAPSHOT.jar:/home/user/.m2/repository/commons-cli/commons-cli/1.2/commons-cli-1.2.jar:/home/user/.m2/repository/org/apache/commons/commons-lang3/3.7/commons-lang3-3.7.jar:/home/user/.m2/repository/org/apache/hadoop/hadoop-ozone-ozone-manager/0.6.0-SNAPSHOT/hadoop-ozone-ozone-manager-0.6.0-SNAPSHOT-tests.jar:/home/user/.m2/repository/junit/junit/4.11/junit-4.11.jar:/home/user/.m2/repository/org/hamcrest/hamcrest-core/1.3/hamcrest-core-1.3.jar:/home/user/.m2/repository/org/openjdk/jmh/jmh-core/1.19/jmh-core-1.19.jar:/home/user/.m2/repository/net/sf/jopt-simple/jopt-simple/4.6/jopt-simple-4.6.jar:/home/user/.m2/repository/org/apache/commons/commons-math3/3.1.1/commons-math3-3.1.1.jar:/home/user/.m2/repository/org/openjdk/jmh/jmh-generator-annprocess/1.19/jmh-generator-annprocess-1.19.jar:/home/user/.m2/repository/org/mockito/mockito-all/1.8.5/mockito-all-1.8.5.jar:/home/user/.m2/repository/org/apache/hadoop/hadoop-kms/3.2.1/hadoop-kms-3.2.1.jar:/home/user/.m2/repository/org/apache/hadoop/hadoop-auth/3.2.1/hadoop-auth-3.2.1.jar:/home/user/.m2/repository/com/nimbusds/nimbus-jose-jwt/7.9/nimbus-jose-jwt-7.9.jar:/home/user/.m2/repository/com/github/stephenc/jcip/jcip-annotations/1.0-1/jcip-annotations-1.0-1.jar:/home/user/.m2/repository/net/minidev/json-smart/2.3/json-smart-2.3.jar:/home/user/.m2/repository/net/minidev/accessors-smart/1.2/accessors-smart-1.2.jar:/home/user/.m2/repository/org/ow2/asm/asm/5.0.4/asm-5.0.4.jar:/home/user/.m2/repository/org/apache/zookeeper/zookeeper/3.4.13/zookeeper-3.4.13.jar:/home/user/.m2/repository/org/apache/yetus/audience-annotations/0.5.0/audience-annotations-0.5.0.jar:/home/user/.m2/repository/org/apache/curator/curator-framework/2.13.0/curator-framework-2.13.0.jar:/home/user/.m2/repository/com/sun/jersey/jersey-core/1.19/jersey-core-1.19.jar:/home/user/.m2/repository/javax/ws/rs/jsr311-api/1.1.1/jsr311-api-1.1.1.jar:/home/user/.m2/repository/com/sun/jersey/jersey-server/1.19/jersey-server-1.19.jar:/home/user/.m2/repository/javax/servlet/javax.servlet-api/3.1.0/javax.servlet-api-3.1.0.jar:/home/user/.m2/repository/org/eclipse/jetty/jetty-server/9.4.26.v20200117/jetty-server-9.4.26.v20200117.jar:/home/user/.m2/repository/org/eclipse/jetty/jetty-http/9.4.26.v20200117/jetty-http-9.4.26.v20200117.jar:/home/user/.m2/repository/org/eclipse/jetty/jetty-io/9.4.26.v20200117/jetty-io-9.4.26.v20200117.jar:/home/user/.m2/repository/org/eclipse/jetty/jetty-webapp/9.4.26.v20200117/jetty-webapp-9.4.26.v20200117.jar:/home/user/.m2/repository/org/eclipse/jetty/jetty-xml/9.4.26.v20200117/jetty-xml-9.4.26.v20200117.jar:/home/user/.m2/repository/org/eclipse/jetty/jetty-servlet/9.4.26.v20200117/jetty-servlet-9.4.26.v20200117.jar:/home/user/.m2/repository/org/eclipse/jetty/jetty-security/9.4.26.v20200117/jetty-security-9.4.26.v20200117.jar:/home/user/.m2/repository/org/apache/hadoop/hadoop-common/3.2.1/hadoop-common-3.2.1.jar:/home/user/.m2/repository/commons-net/commons-net/3.6/commons-net-3.6.jar:/home/user/.m2/repository/commons-collections/commons-collections/3.2.2/commons-collections-3.2.2.jar:/home/user/.m2/repository/com/sun/jersey/jersey-servlet/1.19/jersey-servlet-1.19.jar:/home/user/.m2/repository/com/sun/jersey/jersey-json/1.19/jersey-json-1.19.jar:/home/user/.m2/repository/org/codehaus/jettison/jettison/1.1/jettison-1.1.jar:/home/user/.m2/repository/org/codehaus/jackson/jackson-jaxrs/1.9.2/jackson-jaxrs-1.9.2.jar:/home/user/.m2/repository/org/codehaus/jackson/jackson-xc/1.9.2/jackson-xc-1.9.2.jar:/home/user/.m2/repository/commons-beanutils/commons-beanutils/1.9.4/commons-beanutils-1.9.4.jar:/home/user/.m2/repository/org/apache/commons/commons-configuration2/2.1.1/commons-configuration2-2.1.1.jar:/home/user/.m2/repository/org/apache/commons/commons-text/1.4/commons-text-1.4.jar:/home/user/.m2/repository/com/google/re2j/re2j/1.1/re2j-1.1.jar:/home/user/.m2/repository/com/jcraft/jsch/0.1.54/jsch-0.1.54.jar:/home/user/.m2/repository/org/apache/curator/curator-client/2.13.0/curator-client-2.13.0.jar:/home/user/.m2/repository/org/apache/curator/curator-recipes/2.13.0/curator-recipes-2.13.0.jar:/home/user/.m2/repository/dnsjava/dnsjava/2.1.7/dnsjava-2.1.7.jar:/home/user/.m2/repository/org/slf4j/jul-to-slf4j/1.7.25/jul-to-slf4j-1.7.25.jar:/home/user/.m2/repository/org/eclipse/jetty/jetty-util/9.4.26.v20200117/jetty-util-9.4.26.v20200117.jar:/home/user/.m2/repository/com/fasterxml/jackson/core/jackson-databind/2.10.3/jackson-databind-2.10.3.jar:/home/user/.m2/repository/org/apache/hadoop/hadoop-kms/3.2.1/hadoop-kms-3.2.1-tests.jar:/home/user/.m2/repository/org/apache/hadoop/hadoop-hdds-server-scm/0.6.0-SNAPSHOT/hadoop-hdds-server-scm-0.6.0-SNAPSHOT-tests.jar:/home/user/.m2/repository/org/apache/hadoop/hadoop-hdds-container-service/0.6.0-SNAPSHOT/hadoop-hdds-container-service-0.6.0-SNAPSHOT-tests.jar:/home/user/.m2/repository/org/apache/hadoop/hadoop-hdds-common/0.6.0-SNAPSHOT/hadoop-hdds-common-0.6.0-SNAPSHOT-tests.jar:/home/user/.m2/repository/org/yaml/snakeyaml/1.16/snakeyaml-1.16.jar:/home/user/.m2/repository/org/apache/hadoop/hadoop-hdds-hadoop-dependency-test/0.6.0-SNAPSHOT/hadoop-hdds-hadoop-dependency-test-0.6.0-SNAPSHOT.jar:/home/user/.m2/repository/org/apache/hadoop/hadoop-common/3.2.1/hadoop-common-3.2.1-tests.jar:/home/user/.m2/repository/javax/servlet/jsp/jsp-api/2.1/jsp-api-2.1.jar:/home/user/.m2/repository/org/apache/hadoop/hadoop-hdfs/3.2.1/hadoop-hdfs-3.2.1-tests.jar:/home/user/.m2/repository/org/eclipse/jetty/jetty-util-ajax/9.4.26.v20200117/jetty-util-ajax-9.4.26.v20200117.jar:/home/user/.m2/repository/commons-codec/commons-codec/1.11/commons-codec-1.11.jar:/home/user/.m2/repository/commons-daemon/commons-daemon/1.0.13/commons-daemon-1.0.13.jar:/home/user/.m2/repository/io/netty/netty/3.10.5.Final/netty-3.10.5.Final.jar:/home/user/.m2/repository/io/netty/netty-all/4.1.48.Final/netty-all-4.1.48.Final.jar:/home/user/.m2/repository/org/apache/htrace/htrace-core4/4.1.0-incubating/htrace-core4-4.1.0-incubating.jar:/home/user/.m2/repository/org/fusesource/leveldbjni/leveldbjni-all/1.8/leveldbjni-all-1.8.jar:/home/user/.m2/repository/org/apache/hadoop/hadoop-distcp/3.2.1/hadoop-distcp-3.2.1.jar:/home/user/.m2/repository/org/apache/hadoop/hadoop-mapreduce-client-jobclient/3.2.1/hadoop-mapreduce-client-jobclient-3.2.1.jar:/home/user/.m2/repository/org/apache/hadoop/hadoop-mapreduce-client-common/3.2.1/hadoop-mapreduce-client-common-3.2.1.jar:/home/user/.m2/repository/org/apache/hadoop/hadoop-yarn-common/3.2.1/hadoop-yarn-common-3.2.1.jar:/home/user/.m2/repository/org/apache/hadoop/hadoop-yarn-api/3.2.1/hadoop-yarn-api-3.2.1.jar:/home/user/.m2/repository/com/sun/jersey/jersey-client/1.19/jersey-client-1.19.jar:/home/user/.m2/repository/com/sun/jersey/contribs/jersey-guice/1.19/jersey-guice-1.19.jar:/home/user/.m2/repository/com/fasterxml/jackson/jaxrs/jackson-jaxrs-json-provider/2.10.3/jackson-jaxrs-json-provider-2.10.3.jar:/home/user/.m2/repository/com/fasterxml/jackson/jaxrs/jackson-jaxrs-base/2.10.3/jackson-jaxrs-base-2.10.3.jar:/home/user/.m2/repository/org/apache/hadoop/hadoop-yarn-client/3.2.1/hadoop-yarn-client-3.2.1.jar:/home/user/.m2/repository/org/apache/hadoop/hadoop-mapreduce-client-core/3.2.1/hadoop-mapreduce-client-core-3.2.1.jar:/home/user/.m2/repository/org/apache/avro/avro/1.7.7/avro-1.7.7.jar:/home/user/.m2/repository/org/codehaus/jackson/jackson-core-asl/1.9.13/jackson-core-asl-1.9.13.jar:/home/user/.m2/repository/org/codehaus/jackson/jackson-mapper-asl/1.9.13/jackson-mapper-asl-1.9.13.jar:/home/user/.m2/repository/com/thoughtworks/paranamer/paranamer/2.3/paranamer-2.3.jar:/home/user/.m2/repository/org/xerial/snappy/snappy-java/1.0.5/snappy-java-1.0.5.jar:/home/user/.m2/repository/org/apache/hadoop/hadoop-annotations/3.2.1/hadoop-annotations-3.2.1.jar:/usr/lib/jvm/java-1.8.0-openjdk-1.8.0.232.b09-0.el7_7.x86_64/jre/../lib/tools.jar:/home/user/.m2/repository/org/apache/hadoop/hadoop-distcp/3.2.1/hadoop-distcp-3.2.1-tests.jar:"/>
    <property name="java.vm.vendor" value="Oracle Corporation"/>
    <property name="sun.arch.data.model" value="64"/>
    <property name="test.build.dir" value="/github/workspace/mnt/ozone/hadoop-ozone/integration-test/target/test-dir"/>
    <property name="test.cache.data" value=""/>
    <property name="java.vendor.url" value="http://java.oracle.com/"/>
    <property name="user.timezone" value=""/>
    <property name="java.vm.specification.version" value="1.8"/>
    <property name="os.name" value="Linux"/>
    <property name="test.build.data" value="/github/workspace/mnt/ozone/hadoop-ozone/integration-test/target/test-dir"/>
    <property name="user.country" value="US"/>
    <property name="sun.java.launcher" value="SUN_STANDARD"/>
    <property name="sun.boot.library.path" value="/usr/lib/jvm/java-1.8.0-openjdk-1.8.0.232.b09-0.el7_7.x86_64/jre/lib/amd64"/>
    <property name="sun.java.command" value="/github/workspace/mnt/ozone/hadoop-ozone/integration-test/target/surefire/surefirebooter3733613920923395722.jar /github/workspace/mnt/ozone/hadoop-ozone/integration-test/target/surefire 2020-06-06T05-12-16_883-jvmRun1 surefire3721054373652095621tmp surefire_5925179616687046125tmp"/>
    <property name="surefire.test.class.path" value="/github/workspace/mnt/ozone/hadoop-ozone/integration-test/target/test-classes:/github/workspace/mnt/ozone/hadoop-ozone/integration-test/target/classes:/home/user/.m2/repository/org/apache/hadoop/hadoop-ozone-common/0.6.0-SNAPSHOT/hadoop-ozone-common-0.6.0-SNAPSHOT.jar:/home/user/.m2/repository/org/apache/commons/commons-compress/1.4.1/commons-compress-1.4.1.jar:/home/user/.m2/repository/org/tukaani/xz/1.0/xz-1.0.jar:/home/user/.m2/repository/org/apache/hadoop/hadoop-hdds-common/0.6.0-SNAPSHOT/hadoop-hdds-common-0.6.0-SNAPSHOT.jar:/home/user/.m2/repository/org/apache/hadoop/hadoop-hdds-hadoop-dependency-client/0.6.0-SNAPSHOT/hadoop-hdds-hadoop-dependency-client-0.6.0-SNAPSHOT.jar:/home/user/.m2/repository/info/picocli/picocli/3.9.6/picocli-3.9.6.jar:/home/user/.m2/repository/com/fasterxml/jackson/core/jackson-annotations/2.10.3/jackson-annotations-2.10.3.jar:/home/user/.m2/repository/javax/annotation/javax.annotation-api/1.2/javax.annotation-api-1.2.jar:/home/user/.m2/repository/org/apache/ratis/ratis-server/0.6.0-cac3336-SNAPSHOT/ratis-server-0.6.0-cac3336-SNAPSHOT.jar:/home/user/.m2/repository/org/apache/ratis/ratis-client/0.6.0-cac3336-SNAPSHOT/ratis-client-0.6.0-cac3336-SNAPSHOT.jar:/home/user/.m2/repository/org/apache/ratis/ratis-metrics/0.6.0-cac3336-SNAPSHOT/ratis-metrics-0.6.0-cac3336-SNAPSHOT.jar:/home/user/.m2/repository/org/apache/ratis/ratis-netty/0.6.0-cac3336-SNAPSHOT/ratis-netty-0.6.0-cac3336-SNAPSHOT.jar:/home/user/.m2/repository/org/apache/ratis/ratis-grpc/0.6.0-cac3336-SNAPSHOT/ratis-grpc-0.6.0-cac3336-SNAPSHOT.jar:/home/user/.m2/repository/org/apache/logging/log4j/log4j-api/2.11.0/log4j-api-2.11.0.jar:/home/user/.m2/repository/org/apache/logging/log4j/log4j-core/2.11.0/log4j-core-2.11.0.jar:/home/user/.m2/repository/com/lmax/disruptor/3.4.2/disruptor-3.4.2.jar:/home/user/.m2/repository/org/apache/commons/commons-pool2/2.6.0/commons-pool2-2.6.0.jar:/home/user/.m2/repository/org/bouncycastle/bcpkix-jdk15on/1.60/bcpkix-jdk15on-1.60.jar:/home/user/.m2/repository/commons-validator/commons-validator/1.6/commons-validator-1.6.jar:/home/user/.m2/repository/commons-digester/commons-digester/1.8.1/commons-digester-1.8.1.jar:/home/user/.m2/repository/io/jaegertracing/jaeger-client/1.2.0/jaeger-client-1.2.0.jar:/home/user/.m2/repository/io/jaegertracing/jaeger-thrift/1.2.0/jaeger-thrift-1.2.0.jar:/home/user/.m2/repository/org/apache/thrift/libthrift/0.13.0/libthrift-0.13.0.jar:/home/user/.m2/repository/com/squareup/okhttp3/okhttp/4.2.2/okhttp-4.2.2.jar:/home/user/.m2/repository/com/squareup/okio/okio/2.2.2/okio-2.2.2.jar:/home/user/.m2/repository/org/jetbrains/kotlin/kotlin-stdlib/1.3.50/kotlin-stdlib-1.3.50.jar:/home/user/.m2/repository/org/jetbrains/kotlin/kotlin-stdlib-common/1.3.50/kotlin-stdlib-common-1.3.50.jar:/home/user/.m2/repository/org/jetbrains/annotations/13.0/annotations-13.0.jar:/home/user/.m2/repository/io/jaegertracing/jaeger-core/1.2.0/jaeger-core-1.2.0.jar:/home/user/.m2/repository/io/jaegertracing/jaeger-tracerresolver/1.2.0/jaeger-tracerresolver-1.2.0.jar:/home/user/.m2/repository/io/opentracing/contrib/opentracing-tracerresolver/0.1.8/opentracing-tracerresolver-0.1.8.jar:/home/user/.m2/repository/io/opentracing/opentracing-util/0.33.0/opentracing-util-0.33.0.jar:/home/user/.m2/repository/io/opentracing/opentracing-api/0.33.0/opentracing-api-0.33.0.jar:/home/user/.m2/repository/io/opentracing/opentracing-noop/0.33.0/opentracing-noop-0.33.0.jar:/home/user/.m2/repository/org/apache/hadoop/hadoop-hdds-client/0.6.0-SNAPSHOT/hadoop-hdds-client-0.6.0-SNAPSHOT.jar:/home/user/.m2/repository/org/apache/hadoop/hadoop-hdds-test-utils/0.6.0-SNAPSHOT/hadoop-hdds-test-utils-0.6.0-SNAPSHOT.jar:/home/user/.m2/repository/com/google/guava/guava/28.2-jre/guava-28.2-jre.jar:/home/user/.m2/repository/com/google/guava/failureaccess/1.0.1/failureaccess-1.0.1.jar:/home/user/.m2/repository/com/google/guava/listenablefuture/9999.0-empty-to-avoid-conflict-with-guava/listenablefuture-9999.0-empty-to-avoid-conflict-with-guava.jar:/home/user/.m2/repository/com/google/code/findbugs/jsr305/3.0.0/jsr305-3.0.0.jar:/home/user/.m2/repository/org/checkerframework/checker-qual/2.10.0/checker-qual-2.10.0.jar:/home/user/.m2/repository/com/google/errorprone/error_prone_annotations/2.2.0/error_prone_annotations-2.2.0.jar:/home/user/.m2/repository/com/google/j2objc/j2objc-annotations/1.3/j2objc-annotations-1.3.jar:/home/user/.m2/repository/commons-io/commons-io/2.5/commons-io-2.5.jar:/home/user/.m2/repository/commons-logging/commons-logging/1.2/commons-logging-1.2.jar:/home/user/.m2/repository/log4j/log4j/1.2.17/log4j-1.2.17.jar:/home/user/.m2/repository/org/slf4j/slf4j-api/1.7.25/slf4j-api-1.7.25.jar:/home/user/.m2/repository/org/apache/hadoop/hadoop-hdds-server-scm/0.6.0-SNAPSHOT/hadoop-hdds-server-scm-0.6.0-SNAPSHOT.jar:/home/user/.m2/repository/org/apache/hadoop/hadoop-hdds-container-service/0.6.0-SNAPSHOT/hadoop-hdds-container-service-0.6.0-SNAPSHOT.jar:/home/user/.m2/repository/org/apache/hadoop/hadoop-hdds-hadoop-dependency-server/0.6.0-SNAPSHOT/hadoop-hdds-hadoop-dependency-server-0.6.0-SNAPSHOT.jar:/home/user/.m2/repository/org/apache/hadoop/hadoop-hdds-server-framework/0.6.0-SNAPSHOT/hadoop-hdds-server-framework-0.6.0-SNAPSHOT.jar:/home/user/.m2/repository/org/apache/hadoop/hadoop-hdds-interface-server/0.6.0-SNAPSHOT/hadoop-hdds-interface-server-0.6.0-SNAPSHOT.jar:/home/user/.m2/repository/org/apache/hadoop/hadoop-hdds-interface-admin/0.6.0-SNAPSHOT/hadoop-hdds-interface-admin-0.6.0-SNAPSHOT.jar:/home/user/.m2/repository/org/rocksdb/rocksdbjni/6.6.4/rocksdbjni-6.6.4.jar:/home/user/.m2/repository/io/prometheus/simpleclient_dropwizard/0.7.0/simpleclient_dropwizard-0.7.0.jar:/home/user/.m2/repository/io/prometheus/simpleclient/0.7.0/simpleclient-0.7.0.jar:/home/user/.m2/repository/io/prometheus/simpleclient_common/0.7.0/simpleclient_common-0.7.0.jar:/home/user/.m2/repository/com/fasterxml/jackson/datatype/jackson-datatype-jsr310/2.10.3/jackson-datatype-jsr310-2.10.3.jar:/home/user/.m2/repository/org/apache/hadoop/hadoop-hdds-docs/0.6.0-SNAPSHOT/hadoop-hdds-docs-0.6.0-SNAPSHOT.jar:/home/user/.m2/repository/io/dropwizard/metrics/metrics-core/3.2.4/metrics-core-3.2.4.jar:/home/user/.m2/repository/org/apache/hadoop/hadoop-hdfs-client/3.2.1/hadoop-hdfs-client-3.2.1.jar:/home/user/.m2/repository/org/bouncycastle/bcprov-jdk15on/1.60/bcprov-jdk15on-1.60.jar:/home/user/.m2/repository/org/apache/hadoop/hadoop-ozone-ozone-manager/0.6.0-SNAPSHOT/hadoop-ozone-ozone-manager-0.6.0-SNAPSHOT.jar:/home/user/.m2/repository/org/apache/hadoop/hadoop-hdds-interface-client/0.6.0-SNAPSHOT/hadoop-hdds-interface-client-0.6.0-SNAPSHOT.jar:/home/user/.m2/repository/org/apache/ratis/ratis-thirdparty-misc/0.4.0/ratis-thirdparty-misc-0.4.0.jar:/home/user/.m2/repository/org/apache/hadoop/hadoop-minikdc/3.2.1/hadoop-minikdc-3.2.1.jar:/home/user/.m2/repository/org/apache/kerby/kerb-simplekdc/1.0.1/kerb-simplekdc-1.0.1.jar:/home/user/.m2/repository/org/apache/kerby/kerb-client/1.0.1/kerb-client-1.0.1.jar:/home/user/.m2/repository/org/apache/kerby/kerby-config/1.0.1/kerby-config-1.0.1.jar:/home/user/.m2/repository/org/apache/kerby/kerb-core/1.0.1/kerb-core-1.0.1.jar:/home/user/.m2/repository/org/apache/kerby/kerby-pkix/1.0.1/kerby-pkix-1.0.1.jar:/home/user/.m2/repository/org/apache/kerby/kerby-asn1/1.0.1/kerby-asn1-1.0.1.jar:/home/user/.m2/repository/org/apache/kerby/kerby-util/1.0.1/kerby-util-1.0.1.jar:/home/user/.m2/repository/org/apache/kerby/kerb-common/1.0.1/kerb-common-1.0.1.jar:/home/user/.m2/repository/org/apache/kerby/kerb-crypto/1.0.1/kerb-crypto-1.0.1.jar:/home/user/.m2/repository/org/apache/kerby/kerb-util/1.0.1/kerb-util-1.0.1.jar:/home/user/.m2/repository/org/apache/kerby/token-provider/1.0.1/token-provider-1.0.1.jar:/home/user/.m2/repository/org/apache/kerby/kerb-admin/1.0.1/kerb-admin-1.0.1.jar:/home/user/.m2/repository/org/apache/kerby/kerb-server/1.0.1/kerb-server-1.0.1.jar:/home/user/.m2/repository/org/apache/kerby/kerb-identity/1.0.1/kerb-identity-1.0.1.jar:/home/user/.m2/repository/org/apache/kerby/kerby-xdr/1.0.1/kerby-xdr-1.0.1.jar:/home/user/.m2/repository/org/slf4j/slf4j-log4j12/1.7.25/slf4j-log4j12-1.7.25.jar:/home/user/.m2/repository/org/apache/hadoop/hadoop-ozone-s3gateway/0.6.0-SNAPSHOT/hadoop-ozone-s3gateway-0.6.0-SNAPSHOT.jar:/home/user/.m2/repository/org/jboss/weld/servlet/weld-servlet/2.4.7.Final/weld-servlet-2.4.7.Final.jar:/home/user/.m2/repository/org/glassfish/jersey/containers/jersey-container-servlet-core/2.27/jersey-container-servlet-core-2.27.jar:/home/user/.m2/repository/org/glassfish/hk2/external/javax.inject/2.5.0-b42/javax.inject-2.5.0-b42.jar:/home/user/.m2/repository/org/glassfish/jersey/core/jersey-common/2.27/jersey-common-2.27.jar:/home/user/.m2/repository/org/glassfish/hk2/osgi-resource-locator/1.0.1/osgi-resource-locator-1.0.1.jar:/home/user/.m2/repository/javax/ws/rs/javax.ws.rs-api/2.1/javax.ws.rs-api-2.1.jar:/home/user/.m2/repository/org/glassfish/jersey/ext/cdi/jersey-cdi1x/2.27/jersey-cdi1x-2.27.jar:/home/user/.m2/repository/org/glassfish/jersey/inject/jersey-hk2/2.27/jersey-hk2-2.27.jar:/home/user/.m2/repository/org/glassfish/hk2/hk2-locator/2.5.0-b42/hk2-locator-2.5.0-b42.jar:/home/user/.m2/repository/org/javassist/javassist/3.22.0-CR2/javassist-3.22.0-CR2.jar:/home/user/.m2/repository/org/glassfish/hk2/hk2-api/2.5.0/hk2-api-2.5.0.jar:/home/user/.m2/repository/org/glassfish/hk2/external/jakarta.inject/2.5.0/jakarta.inject-2.5.0.jar:/home/user/.m2/repository/org/glassfish/hk2/hk2-utils/2.5.0/hk2-utils-2.5.0.jar:/home/user/.m2/repository/jakarta/annotation/jakarta.annotation-api/1.3.4/jakarta.annotation-api-1.3.4.jar:/home/user/.m2/repository/org/glassfish/hk2/external/aopalliance-repackaged/2.5.0/aopalliance-repackaged-2.5.0.jar:/home/user/.m2/repository/com/fasterxml/jackson/dataformat/jackson-dataformat-xml/2.10.3/jackson-dataformat-xml-2.10.3.jar:/home/user/.m2/repository/com/fasterxml/jackson/core/jackson-core/2.10.3/jackson-core-2.10.3.jar:/home/user/.m2/repository/com/fasterxml/jackson/module/jackson-module-jaxb-annotations/2.10.3/jackson-module-jaxb-annotations-2.10.3.jar:/home/user/.m2/repository/jakarta/xml/bind/jakarta.xml.bind-api/2.3.2/jakarta.xml.bind-api-2.3.2.jar:/home/user/.m2/repository/jakarta/activation/jakarta.activation-api/1.2.1/jakarta.activation-api-1.2.1.jar:/home/user/.m2/repository/org/codehaus/woodstox/stax2-api/3.1.4/stax2-api-3.1.4.jar:/home/user/.m2/repository/com/fasterxml/woodstox/woodstox-core/5.0.3/woodstox-core-5.0.3.jar:/home/user/.m2/repository/javax/enterprise/cdi-api/1.2/cdi-api-1.2.jar:/home/user/.m2/repository/javax/el/javax.el-api/3.0.0/javax.el-api-3.0.0.jar:/home/user/.m2/repository/javax/interceptor/javax.interceptor-api/1.2/javax.interceptor-api-1.2.jar:/home/user/.m2/repository/javax/inject/javax.inject/1/javax.inject-1.jar:/home/user/.m2/repository/com/sun/xml/bind/jaxb-impl/2.3.0.1/jaxb-impl-2.3.0.1.jar:/home/user/.m2/repository/com/sun/xml/bind/jaxb-core/2.3.0.1/jaxb-core-2.3.0.1.jar:/home/user/.m2/repository/javax/xml/bind/jaxb-api/2.3.0/jaxb-api-2.3.0.jar:/home/user/.m2/repository/javax/activation/activation/1.1.1/activation-1.1.1.jar:/home/user/.m2/repository/org/apache/hadoop/hadoop-ozone-csi/0.6.0-SNAPSHOT/hadoop-ozone-csi-0.6.0-SNAPSHOT.jar:/home/user/.m2/repository/com/google/protobuf/protobuf-java-util/3.11.0/protobuf-java-util-3.11.0.jar:/home/user/.m2/repository/com/google/code/gson/gson/2.2.4/gson-2.2.4.jar:/home/user/.m2/repository/org/apache/hadoop/hadoop-hdds-config/0.6.0-SNAPSHOT/hadoop-hdds-config-0.6.0-SNAPSHOT.jar:/home/user/.m2/repository/com/google/protobuf/protobuf-java/2.5.0/protobuf-java-2.5.0.jar:/home/user/.m2/repository/io/grpc/grpc-netty/1.29.0/grpc-netty-1.29.0.jar:/home/user/.m2/repository/io/grpc/grpc-core/1.29.0/grpc-core-1.29.0.jar:/home/user/.m2/repository/com/google/android/annotations/4.1.1.4/annotations-4.1.1.4.jar:/home/user/.m2/repository/io/perfmark/perfmark-api/0.19.0/perfmark-api-0.19.0.jar:/home/user/.m2/repository/io/netty/netty-codec-http2/4.1.48.Final/netty-codec-http2-4.1.48.Final.jar:/home/user/.m2/repository/io/netty/netty-codec/4.1.48.Final/netty-codec-4.1.48.Final.jar:/home/user/.m2/repository/io/netty/netty-handler/4.1.48.Final/netty-handler-4.1.48.Final.jar:/home/user/.m2/repository/io/netty/netty-codec-http/4.1.48.Final/netty-codec-http-4.1.48.Final.jar:/home/user/.m2/repository/io/netty/netty-handler-proxy/4.1.48.Final/netty-handler-proxy-4.1.48.Final.jar:/home/user/.m2/repository/io/netty/netty-codec-socks/4.1.48.Final/netty-codec-socks-4.1.48.Final.jar:/home/user/.m2/repository/io/netty/netty-transport-native-epoll/4.1.48.Final/netty-transport-native-epoll-4.1.48.Final.jar:/home/user/.m2/repository/io/netty/netty-common/4.1.48.Final/netty-common-4.1.48.Final.jar:/home/user/.m2/repository/io/netty/netty-buffer/4.1.48.Final/netty-buffer-4.1.48.Final.jar:/home/user/.m2/repository/io/netty/netty-transport/4.1.48.Final/netty-transport-4.1.48.Final.jar:/home/user/.m2/repository/io/netty/netty-resolver/4.1.48.Final/netty-resolver-4.1.48.Final.jar:/home/user/.m2/repository/io/netty/netty-transport-native-unix-common/4.1.48.Final/netty-transport-native-unix-common-4.1.48.Final.jar:/home/user/.m2/repository/io/grpc/grpc-protobuf/1.29.0/grpc-protobuf-1.29.0.jar:/home/user/.m2/repository/io/grpc/grpc-api/1.29.0/grpc-api-1.29.0.jar:/home/user/.m2/repository/io/grpc/grpc-context/1.29.0/grpc-context-1.29.0.jar:/home/user/.m2/repository/org/codehaus/mojo/animal-sniffer-annotations/1.18/animal-sniffer-annotations-1.18.jar:/home/user/.m2/repository/com/google/api/grpc/proto-google-common-protos/1.17.0/proto-google-common-protos-1.17.0.jar:/home/user/.m2/repository/io/grpc/grpc-protobuf-lite/1.29.0/grpc-protobuf-lite-1.29.0.jar:/home/user/.m2/repository/io/grpc/grpc-stub/1.29.0/grpc-stub-1.29.0.jar:/home/user/.m2/repository/org/apache/hadoop/hadoop-ozone-recon/0.6.0-SNAPSHOT/hadoop-ozone-recon-0.6.0-SNAPSHOT.jar:/home/user/.m2/repository/org/apache/hadoop/hadoop-ozone-reconcodegen/0.6.0-SNAPSHOT/hadoop-ozone-reconcodegen-0.6.0-SNAPSHOT.jar:/home/user/.m2/repository/com/google/inject/extensions/guice-multibindings/4.0/guice-multibindings-4.0.jar:/home/user/.m2/repository/com/google/inject/guice/4.0/guice-4.0.jar:/home/user/.m2/repository/aopalliance/aopalliance/1.0/aopalliance-1.0.jar:/home/user/.m2/repository/com/google/inject/extensions/guice-assistedinject/4.0/guice-assistedinject-4.0.jar:/home/user/.m2/repository/com/google/inject/extensions/guice-servlet/4.0/guice-servlet-4.0.jar:/home/user/.m2/repository/org/glassfish/jersey/containers/jersey-container-servlet/2.27/jersey-container-servlet-2.27.jar:/home/user/.m2/repository/org/glassfish/hk2/guice-bridge/2.5.0/guice-bridge-2.5.0.jar:/home/user/.m2/repository/org/glassfish/jersey/core/jersey-server/2.27/jersey-server-2.27.jar:/home/user/.m2/repository/org/glassfish/jersey/core/jersey-client/2.27/jersey-client-2.27.jar:/home/user/.m2/repository/org/glassfish/jersey/media/jersey-media-jaxb/2.27/jersey-media-jaxb-2.27.jar:/home/user/.m2/repository/javax/validation/validation-api/1.1.0.Final/validation-api-1.1.0.Final.jar:/home/user/.m2/repository/org/glassfish/jersey/media/jersey-media-json-jackson/2.27/jersey-media-json-jackson-2.27.jar:/home/user/.m2/repository/org/glassfish/jersey/ext/jersey-entity-filtering/2.27/jersey-entity-filtering-2.27.jar:/home/user/.m2/repository/org/jooq/jooq/3.11.10/jooq-3.11.10.jar:/home/user/.m2/repository/org/jooq/jooq-meta/3.11.10/jooq-meta-3.11.10.jar:/home/user/.m2/repository/org/jooq/jooq-codegen/3.11.10/jooq-codegen-3.11.10.jar:/home/user/.m2/repository/com/jolbox/bonecp/0.8.0.RELEASE/bonecp-0.8.0.RELEASE.jar:/home/user/.m2/repository/org/apache/derby/derby/10.14.2.0/derby-10.14.2.0.jar:/home/user/.m2/repository/org/xerial/sqlite-jdbc/3.25.2/sqlite-jdbc-3.25.2.jar:/home/user/.m2/repository/org/springframework/spring-jdbc/5.2.5.RELEASE/spring-jdbc-5.2.5.RELEASE.jar:/home/user/.m2/repository/org/springframework/spring-beans/5.2.5.RELEASE/spring-beans-5.2.5.RELEASE.jar:/home/user/.m2/repository/org/springframework/spring-core/5.2.5.RELEASE/spring-core-5.2.5.RELEASE.jar:/home/user/.m2/repository/org/springframework/spring-jcl/5.2.5.RELEASE/spring-jcl-5.2.5.RELEASE.jar:/home/user/.m2/repository/org/springframework/spring-tx/5.2.5.RELEASE/spring-tx-5.2.5.RELEASE.jar:/home/user/.m2/repository/org/apache/hadoop/hadoop-ozone-client/0.6.0-SNAPSHOT/hadoop-ozone-client-0.6.0-SNAPSHOT.jar:/home/user/.m2/repository/org/apache/hadoop/hadoop-ozone-filesystem/0.6.0-SNAPSHOT/hadoop-ozone-filesystem-0.6.0-SNAPSHOT.jar:/home/user/.m2/repository/org/apache/hadoop/hadoop-ozone-filesystem-common/0.6.0-SNAPSHOT/hadoop-ozone-filesystem-common-0.6.0-SNAPSHOT.jar:/home/user/.m2/repository/org/apache/hadoop/hadoop-ozone-tools/0.6.0-SNAPSHOT/hadoop-ozone-tools-0.6.0-SNAPSHOT.jar:/home/user/.m2/repository/org/apache/hadoop/hadoop-hdfs/3.2.1/hadoop-hdfs-3.2.1.jar:/home/user/.m2/repository/org/apache/ratis/ratis-tools/0.6.0-cac3336-SNAPSHOT/ratis-tools-0.6.0-cac3336-SNAPSHOT.jar:/home/user/.m2/repository/org/apache/ratis/ratis-proto/0.6.0-cac3336-SNAPSHOT/ratis-proto-0.6.0-cac3336-SNAPSHOT.jar:/home/user/.m2/repository/org/apache/ratis/ratis-common/0.6.0-cac3336-SNAPSHOT/ratis-common-0.6.0-cac3336-SNAPSHOT.jar:/home/user/.m2/repository/com/amazonaws/aws-java-sdk-core/1.11.615/aws-java-sdk-core-1.11.615.jar:/home/user/.m2/repository/org/apache/httpcomponents/httpclient/4.5.2/httpclient-4.5.2.jar:/home/user/.m2/repository/org/apache/httpcomponents/httpcore/4.4.4/httpcore-4.4.4.jar:/home/user/.m2/repository/software/amazon/ion/ion-java/1.0.2/ion-java-1.0.2.jar:/home/user/.m2/repository/com/fasterxml/jackson/dataformat/jackson-dataformat-cbor/2.10.3/jackson-dataformat-cbor-2.10.3.jar:/home/user/.m2/repository/joda-time/joda-time/2.8.1/joda-time-2.8.1.jar:/home/user/.m2/repository/com/amazonaws/aws-java-sdk-s3/1.11.615/aws-java-sdk-s3-1.11.615.jar:/home/user/.m2/repository/com/amazonaws/aws-java-sdk-kms/1.11.615/aws-java-sdk-kms-1.11.615.jar:/home/user/.m2/repository/com/amazonaws/jmespath-java/1.11.615/jmespath-java-1.11.615.jar:/home/user/.m2/repository/org/apache/hadoop/hadoop-hdds-tools/0.6.0-SNAPSHOT/hadoop-hdds-tools-0.6.0-SNAPSHOT.jar:/home/user/.m2/repository/commons-cli/commons-cli/1.2/commons-cli-1.2.jar:/home/user/.m2/repository/org/apache/commons/commons-lang3/3.7/commons-lang3-3.7.jar:/home/user/.m2/repository/org/apache/hadoop/hadoop-ozone-ozone-manager/0.6.0-SNAPSHOT/hadoop-ozone-ozone-manager-0.6.0-SNAPSHOT-tests.jar:/home/user/.m2/repository/junit/junit/4.11/junit-4.11.jar:/home/user/.m2/repository/org/hamcrest/hamcrest-core/1.3/hamcrest-core-1.3.jar:/home/user/.m2/repository/org/openjdk/jmh/jmh-core/1.19/jmh-core-1.19.jar:/home/user/.m2/repository/net/sf/jopt-simple/jopt-simple/4.6/jopt-simple-4.6.jar:/home/user/.m2/repository/org/apache/commons/commons-math3/3.1.1/commons-math3-3.1.1.jar:/home/user/.m2/repository/org/openjdk/jmh/jmh-generator-annprocess/1.19/jmh-generator-annprocess-1.19.jar:/home/user/.m2/repository/org/mockito/mockito-all/1.8.5/mockito-all-1.8.5.jar:/home/user/.m2/repository/org/apache/hadoop/hadoop-kms/3.2.1/hadoop-kms-3.2.1.jar:/home/user/.m2/repository/org/apache/hadoop/hadoop-auth/3.2.1/hadoop-auth-3.2.1.jar:/home/user/.m2/repository/com/nimbusds/nimbus-jose-jwt/7.9/nimbus-jose-jwt-7.9.jar:/home/user/.m2/repository/com/github/stephenc/jcip/jcip-annotations/1.0-1/jcip-annotations-1.0-1.jar:/home/user/.m2/repository/net/minidev/json-smart/2.3/json-smart-2.3.jar:/home/user/.m2/repository/net/minidev/accessors-smart/1.2/accessors-smart-1.2.jar:/home/user/.m2/repository/org/ow2/asm/asm/5.0.4/asm-5.0.4.jar:/home/user/.m2/repository/org/apache/zookeeper/zookeeper/3.4.13/zookeeper-3.4.13.jar:/home/user/.m2/repository/org/apache/yetus/audience-annotations/0.5.0/audience-annotations-0.5.0.jar:/home/user/.m2/repository/org/apache/curator/curator-framework/2.13.0/curator-framework-2.13.0.jar:/home/user/.m2/repository/com/sun/jersey/jersey-core/1.19/jersey-core-1.19.jar:/home/user/.m2/repository/javax/ws/rs/jsr311-api/1.1.1/jsr311-api-1.1.1.jar:/home/user/.m2/repository/com/sun/jersey/jersey-server/1.19/jersey-server-1.19.jar:/home/user/.m2/repository/javax/servlet/javax.servlet-api/3.1.0/javax.servlet-api-3.1.0.jar:/home/user/.m2/repository/org/eclipse/jetty/jetty-server/9.4.26.v20200117/jetty-server-9.4.26.v20200117.jar:/home/user/.m2/repository/org/eclipse/jetty/jetty-http/9.4.26.v20200117/jetty-http-9.4.26.v20200117.jar:/home/user/.m2/repository/org/eclipse/jetty/jetty-io/9.4.26.v20200117/jetty-io-9.4.26.v20200117.jar:/home/user/.m2/repository/org/eclipse/jetty/jetty-webapp/9.4.26.v20200117/jetty-webapp-9.4.26.v20200117.jar:/home/user/.m2/repository/org/eclipse/jetty/jetty-xml/9.4.26.v20200117/jetty-xml-9.4.26.v20200117.jar:/home/user/.m2/repository/org/eclipse/jetty/jetty-servlet/9.4.26.v20200117/jetty-servlet-9.4.26.v20200117.jar:/home/user/.m2/repository/org/eclipse/jetty/jetty-security/9.4.26.v20200117/jetty-security-9.4.26.v20200117.jar:/home/user/.m2/repository/org/apache/hadoop/hadoop-common/3.2.1/hadoop-common-3.2.1.jar:/home/user/.m2/repository/commons-net/commons-net/3.6/commons-net-3.6.jar:/home/user/.m2/repository/commons-collections/commons-collections/3.2.2/commons-collections-3.2.2.jar:/home/user/.m2/repository/com/sun/jersey/jersey-servlet/1.19/jersey-servlet-1.19.jar:/home/user/.m2/repository/com/sun/jersey/jersey-json/1.19/jersey-json-1.19.jar:/home/user/.m2/repository/org/codehaus/jettison/jettison/1.1/jettison-1.1.jar:/home/user/.m2/repository/org/codehaus/jackson/jackson-jaxrs/1.9.2/jackson-jaxrs-1.9.2.jar:/home/user/.m2/repository/org/codehaus/jackson/jackson-xc/1.9.2/jackson-xc-1.9.2.jar:/home/user/.m2/repository/commons-beanutils/commons-beanutils/1.9.4/commons-beanutils-1.9.4.jar:/home/user/.m2/repository/org/apache/commons/commons-configuration2/2.1.1/commons-configuration2-2.1.1.jar:/home/user/.m2/repository/org/apache/commons/commons-text/1.4/commons-text-1.4.jar:/home/user/.m2/repository/com/google/re2j/re2j/1.1/re2j-1.1.jar:/home/user/.m2/repository/com/jcraft/jsch/0.1.54/jsch-0.1.54.jar:/home/user/.m2/repository/org/apache/curator/curator-client/2.13.0/curator-client-2.13.0.jar:/home/user/.m2/repository/org/apache/curator/curator-recipes/2.13.0/curator-recipes-2.13.0.jar:/home/user/.m2/repository/dnsjava/dnsjava/2.1.7/dnsjava-2.1.7.jar:/home/user/.m2/repository/org/slf4j/jul-to-slf4j/1.7.25/jul-to-slf4j-1.7.25.jar:/home/user/.m2/repository/org/eclipse/jetty/jetty-util/9.4.26.v20200117/jetty-util-9.4.26.v20200117.jar:/home/user/.m2/repository/com/fasterxml/jackson/core/jackson-databind/2.10.3/jackson-databind-2.10.3.jar:/home/user/.m2/repository/org/apache/hadoop/hadoop-kms/3.2.1/hadoop-kms-3.2.1-tests.jar:/home/user/.m2/repository/org/apache/hadoop/hadoop-hdds-server-scm/0.6.0-SNAPSHOT/hadoop-hdds-server-scm-0.6.0-SNAPSHOT-tests.jar:/home/user/.m2/repository/org/apache/hadoop/hadoop-hdds-container-service/0.6.0-SNAPSHOT/hadoop-hdds-container-service-0.6.0-SNAPSHOT-tests.jar:/home/user/.m2/repository/org/apache/hadoop/hadoop-hdds-common/0.6.0-SNAPSHOT/hadoop-hdds-common-0.6.0-SNAPSHOT-tests.jar:/home/user/.m2/repository/org/yaml/snakeyaml/1.16/snakeyaml-1.16.jar:/home/user/.m2/repository/org/apache/hadoop/hadoop-hdds-hadoop-dependency-test/0.6.0-SNAPSHOT/hadoop-hdds-hadoop-dependency-test-0.6.0-SNAPSHOT.jar:/home/user/.m2/repository/org/apache/hadoop/hadoop-common/3.2.1/hadoop-common-3.2.1-tests.jar:/home/user/.m2/repository/javax/servlet/jsp/jsp-api/2.1/jsp-api-2.1.jar:/home/user/.m2/repository/org/apache/hadoop/hadoop-hdfs/3.2.1/hadoop-hdfs-3.2.1-tests.jar:/home/user/.m2/repository/org/eclipse/jetty/jetty-util-ajax/9.4.26.v20200117/jetty-util-ajax-9.4.26.v20200117.jar:/home/user/.m2/repository/commons-codec/commons-codec/1.11/commons-codec-1.11.jar:/home/user/.m2/repository/commons-daemon/commons-daemon/1.0.13/commons-daemon-1.0.13.jar:/home/user/.m2/repository/io/netty/netty/3.10.5.Final/netty-3.10.5.Final.jar:/home/user/.m2/repository/io/netty/netty-all/4.1.48.Final/netty-all-4.1.48.Final.jar:/home/user/.m2/repository/org/apache/htrace/htrace-core4/4.1.0-incubating/htrace-core4-4.1.0-incubating.jar:/home/user/.m2/repository/org/fusesource/leveldbjni/leveldbjni-all/1.8/leveldbjni-all-1.8.jar:/home/user/.m2/repository/org/apache/hadoop/hadoop-distcp/3.2.1/hadoop-distcp-3.2.1.jar:/home/user/.m2/repository/org/apache/hadoop/hadoop-mapreduce-client-jobclient/3.2.1/hadoop-mapreduce-client-jobclient-3.2.1.jar:/home/user/.m2/repository/org/apache/hadoop/hadoop-mapreduce-client-common/3.2.1/hadoop-mapreduce-client-common-3.2.1.jar:/home/user/.m2/repository/org/apache/hadoop/hadoop-yarn-common/3.2.1/hadoop-yarn-common-3.2.1.jar:/home/user/.m2/repository/org/apache/hadoop/hadoop-yarn-api/3.2.1/hadoop-yarn-api-3.2.1.jar:/home/user/.m2/repository/com/sun/jersey/jersey-client/1.19/jersey-client-1.19.jar:/home/user/.m2/repository/com/sun/jersey/contribs/jersey-guice/1.19/jersey-guice-1.19.jar:/home/user/.m2/repository/com/fasterxml/jackson/jaxrs/jackson-jaxrs-json-provider/2.10.3/jackson-jaxrs-json-provider-2.10.3.jar:/home/user/.m2/repository/com/fasterxml/jackson/jaxrs/jackson-jaxrs-base/2.10.3/jackson-jaxrs-base-2.10.3.jar:/home/user/.m2/repository/org/apache/hadoop/hadoop-yarn-client/3.2.1/hadoop-yarn-client-3.2.1.jar:/home/user/.m2/repository/org/apache/hadoop/hadoop-mapreduce-client-core/3.2.1/hadoop-mapreduce-client-core-3.2.1.jar:/home/user/.m2/repository/org/apache/avro/avro/1.7.7/avro-1.7.7.jar:/home/user/.m2/repository/org/codehaus/jackson/jackson-core-asl/1.9.13/jackson-core-asl-1.9.13.jar:/home/user/.m2/repository/org/codehaus/jackson/jackson-mapper-asl/1.9.13/jackson-mapper-asl-1.9.13.jar:/home/user/.m2/repository/com/thoughtworks/paranamer/paranamer/2.3/paranamer-2.3.jar:/home/user/.m2/repository/org/xerial/snappy/snappy-java/1.0.5/snappy-java-1.0.5.jar:/home/user/.m2/repository/org/apache/hadoop/hadoop-annotations/3.2.1/hadoop-annotations-3.2.1.jar:/usr/lib/jvm/java-1.8.0-openjdk-1.8.0.232.b09-0.el7_7.x86_64/jre/../lib/tools.jar:/home/user/.m2/repository/org/apache/hadoop/hadoop-distcp/3.2.1/hadoop-distcp-3.2.1-tests.jar:"/>
    <property name="sun.cpu.endian" value="little"/>
    <property name="user.home" value="/home/user"/>
    <property name="user.language" value="en"/>
    <property name="java.specification.vendor" value="Oracle Corporation"/>
    <property name="java.home" value="/usr/lib/jvm/java-1.8.0-openjdk-1.8.0.232.b09-0.el7_7.x86_64/jre"/>
    <property name="java.security.krb5.conf" value="/github/workspace/mnt/ozone/hadoop-ozone/integration-test/target/test-classes/krb5.conf"/>
    <property name="basedir" value="/github/workspace/mnt/ozone/hadoop-ozone/integration-test"/>
    <property name="file.separator" value="/"/>
    <property name="line.separator" value="&#10;"/>
    <property name="java.vm.specification.vendor" value="Oracle Corporation"/>
    <property name="java.specification.name" value="Java Platform API Specification"/>
    <property name="java.awt.graphicsenv" value="sun.awt.X11GraphicsEnvironment"/>
    <property name="surefire.real.class.path" value="/github/workspace/mnt/ozone/hadoop-ozone/integration-test/target/surefire/surefirebooter3733613920923395722.jar:/home/user/.m2/repository/org/jacoco/org.jacoco.agent/0.8.5/org.jacoco.agent-0.8.5-runtime.jar"/>
    <property name="hadoop.log.dir" value="/github/workspace/mnt/ozone/hadoop-ozone/integration-test/target/log"/>
    <property name="sun.boot.class.path" value="/usr/lib/jvm/java-1.8.0-openjdk-1.8.0.232.b09-0.el7_7.x86_64/jre/lib/resources.jar:/usr/lib/jvm/java-1.8.0-openjdk-1.8.0.232.b09-0.el7_7.x86_64/jre/lib/rt.jar:/usr/lib/jvm/java-1.8.0-openjdk-1.8.0.232.b09-0.el7_7.x86_64/jre/lib/sunrsasign.jar:/usr/lib/jvm/java-1.8.0-openjdk-1.8.0.232.b09-0.el7_7.x86_64/jre/lib/jsse.jar:/usr/lib/jvm/java-1.8.0-openjdk-1.8.0.232.b09-0.el7_7.x86_64/jre/lib/jce.jar:/usr/lib/jvm/java-1.8.0-openjdk-1.8.0.232.b09-0.el7_7.x86_64/jre/lib/charsets.jar:/usr/lib/jvm/java-1.8.0-openjdk-1.8.0.232.b09-0.el7_7.x86_64/jre/lib/jfr.jar:/usr/lib/jvm/java-1.8.0-openjdk-1.8.0.232.b09-0.el7_7.x86_64/jre/classes"/>
    <property name="sun.management.compiler" value="HotSpot 64-Bit Tiered Compilers"/>
    <property name="java.runtime.version" value="1.8.0_232-b09"/>
    <property name="java.net.preferIPv4Stack" value="true"/>
    <property name="user.name" value="jenkins1001"/>
    <property name="path.separator" value=":"/>
    <property name="java.security.egd" value="file:///dev/urandom"/>
    <property name="os.version" value="5.3.0-1020-azure"/>
    <property name="java.endorsed.dirs" value="/usr/lib/jvm/java-1.8.0-openjdk-1.8.0.232.b09-0.el7_7.x86_64/jre/lib/endorsed"/>
    <property name="java.runtime.name" value="OpenJDK Runtime Environment"/>
    <property name="file.encoding" value="ANSI_X3.4-1968"/>
    <property name="java.vm.name" value="OpenJDK 64-Bit Server VM"/>
    <property name="test.build.webapps" value=""/>
    <property name="localRepository" value="/home/user/.m2/repository"/>
    <property name="java.vendor.url.bug" value="http://bugreport.sun.com/bugreport/"/>
    <property name="java.io.tmpdir" value="/tmp"/>
    <property name="require.test.libhadoop" value=""/>
    <property name="java.version" value="1.8.0_232"/>
    <property name="user.dir" value="/github/workspace/mnt/ozone/hadoop-ozone/integration-test"/>
    <property name="os.arch" value="amd64"/>
    <property name="java.vm.specification.name" value="Java Virtual Machine Specification"/>
    <property name="test.build.classes" value="/github/workspace/mnt/ozone/hadoop-ozone/integration-test/target/test-classes"/>
    <property name="java.awt.printerjob" value="sun.print.PSPrinterJob"/>
    <property name="sun.os.patch.level" value="unknown"/>
    <property name="hadoop.tmp.dir" value="/github/workspace/mnt/ozone/hadoop-ozone/integration-test/target/tmp"/>
    <property name="java.library.path" value="/usr/lib:/usr/java/packages/lib/amd64:/usr/lib64:/lib64:/lib:/usr/lib"/>
    <property name="java.vm.info" value="mixed mode"/>
    <property name="java.vendor" value="Oracle Corporation"/>
    <property name="java.vm.version" value="25.232-b09"/>
    <property name="java.ext.dirs" value="/usr/lib/jvm/java-1.8.0-openjdk-1.8.0.232.b09-0.el7_7.x86_64/jre/lib/ext:/usr/java/packages/lib/ext"/>
    <property name="sun.io.unicode.encoding" value="UnicodeLittle"/>
    <property name="java.class.version" value="52.0"/>
  </properties>
  <testcase name="testPipelineExclusionWithPipelineFailure" classname="org.apache.hadoop.ozone.client.rpc.TestFailureHandlingByClient" time="54.278">
    <failure type="java.lang.AssertionError">java.lang.AssertionError
	at org.junit.Assert.fail(Assert.java:86)
	at org.junit.Assert.assertTrue(Assert.java:41)
	at org.junit.Assert.assertTrue(Assert.java:52)
	at org.apache.hadoop.ozone.client.rpc.TestFailureHandlingByClient.testPipelineExclusionWithPipelineFailure(TestFailureHandlingByClient.java:409)
	at sun.reflect.NativeMethodAccessorImpl.invoke0(Native Method)
	at sun.reflect.NativeMethodAccessorImpl.invoke(NativeMethodAccessorImpl.java:62)
	at sun.reflect.DelegatingMethodAccessorImpl.invoke(DelegatingMethodAccessorImpl.java:43)
	at java.lang.reflect.Method.invoke(Method.java:498)
	at org.junit.runners.model.FrameworkMethod$1.runReflectiveCall(FrameworkMethod.java:47)
	at org.junit.internal.runners.model.ReflectiveCallable.run(ReflectiveCallable.java:12)
	at org.junit.runners.model.FrameworkMethod.invokeExplosively(FrameworkMethod.java:44)
	at org.junit.internal.runners.statements.InvokeMethod.evaluate(InvokeMethod.java:17)
	at org.junit.internal.runners.statements.RunAfters.evaluate(RunAfters.java:27)
	at org.junit.internal.runners.statements.FailOnTimeout$StatementThread.run(FailOnTimeout.java:74)
</failure>
    <system-out><![CDATA[2020-06-06 05:15:52,303 [Thread-1] WARN  server.ServerUtils (ServerUtils.java:getScmDbDir(148)) - ozone.scm.db.dirs is not configured. We recommend adding this setting. Falling back to ozone.metadata.dirs instead.
2020-06-06 05:15:52,392 [Thread-1] WARN  server.ServerUtils (ServerUtils.java:getScmDbDir(148)) - ozone.scm.db.dirs is not configured. We recommend adding this setting. Falling back to ozone.metadata.dirs instead.
2020-06-06 05:15:52,521 [Thread-1] WARN  db.DBStoreBuilder (DBStoreBuilder.java:createDBStoreBuilder(277)) - ozone.scm.db.dirs is not configured. We recommend adding this setting. Falling back to ozone.metadata.dirs instead.
2020-06-06 05:15:52,647 [Thread-1] INFO  net.NodeSchemaLoader (NodeSchemaLoader.java:loadSchemaFromFile(126)) - Loading file from sun.misc.CompoundEnumeration@465b93e9
2020-06-06 05:15:52,648 [Thread-1] INFO  net.NodeSchemaLoader (NodeSchemaLoader.java:loadSchema(172)) - Loading network topology layer schema file
2020-06-06 05:15:52,714 [Thread-1] INFO  node.SCMNodeManager (SCMNodeManager.java:<init>(116)) - Entering startup safe mode.
2020-06-06 05:15:52,754 [Thread-1] INFO  Configuration.deprecation (Configuration.java:logDeprecation(1395)) - hadoop.configured.node.mapping is deprecated. Instead, use net.topology.configured.node.mapping
2020-06-06 05:15:52,809 [Thread-1] INFO  algorithms.ContainerPlacementPolicyFactory (ContainerPlacementPolicyFactory.java:getPolicy(60)) - Create container placement policy of type org.apache.hadoop.hdds.scm.container.placement.algorithms.SCMContainerPlacementRandom
2020-06-06 05:15:52,834 [Thread-1] INFO  pipeline.SCMPipelineManager (SCMPipelineManager.java:initializePipelineState(158)) - No pipeline exists in current db
2020-06-06 05:15:52,926 [Thread-1] INFO  safemode.HealthyPipelineSafeModeRule (HealthyPipelineSafeModeRule.java:<init>(89)) - Total pipeline count is 0, healthy pipeline threshold count is 0
2020-06-06 05:15:52,932 [Thread-1] INFO  safemode.OneReplicaPipelineSafeModeRule (OneReplicaPipelineSafeModeRule.java:<init>(79)) - Total pipeline count is 0, pipeline's with at least one datanode reported threshold count is 0
2020-06-06 05:15:52,983 [RatisPipelineUtilsThread] ERROR pipeline.SCMPipelineManager (SCMPipelineManager.java:createPipeline(222)) - Failed to create pipeline of type RATIS and factor ONE. Exception: Cannot create pipeline of factor 1 using 0 nodes. Used 0 nodes. Healthy nodes 0
2020-06-06 05:15:53,306 [Thread-1] INFO  ipc.CallQueueManager (CallQueueManager.java:<init>(84)) - Using callQueue: class java.util.concurrent.LinkedBlockingQueue, queueCapacity: 2000, scheduler: class org.apache.hadoop.ipc.DefaultRpcScheduler, ipcBackoff: false.
2020-06-06 05:15:53,331 [Socket Reader #1 for port 0] INFO  ipc.Server (Server.java:run(1219)) - Starting Socket Reader #1 for port 0
2020-06-06 05:15:53,361 [Listener at 0.0.0.0/43117] INFO  ipc.CallQueueManager (CallQueueManager.java:<init>(84)) - Using callQueue: class java.util.concurrent.LinkedBlockingQueue, queueCapacity: 2000, scheduler: class org.apache.hadoop.ipc.DefaultRpcScheduler, ipcBackoff: false.
2020-06-06 05:15:53,362 [Socket Reader #1 for port 0] INFO  ipc.Server (Server.java:run(1219)) - Starting Socket Reader #1 for port 0
2020-06-06 05:15:53,376 [Listener at 0.0.0.0/35647] INFO  ipc.CallQueueManager (CallQueueManager.java:<init>(84)) - Using callQueue: class java.util.concurrent.LinkedBlockingQueue, queueCapacity: 2000, scheduler: class org.apache.hadoop.ipc.DefaultRpcScheduler, ipcBackoff: false.
2020-06-06 05:15:53,378 [Socket Reader #1 for port 0] INFO  ipc.Server (Server.java:run(1219)) - Starting Socket Reader #1 for port 0
2020-06-06 05:15:53,397 [Listener at 0.0.0.0/43233] INFO  http.BaseHttpServer (BaseHttpServer.java:newHttpServer2BuilderForOzone(205)) - Starting Web-server for scm at: http://0.0.0.0:0
2020-06-06 05:15:53,397 [Listener at 0.0.0.0/43233] INFO  http.BaseHttpServer (BaseHttpServer.java:<init>(106)) - Hadoop Security Enabled: false Ozone Security Enabled: false Ozone HTTP Security Enabled: false 
2020-06-06 05:15:53,422 [Listener at 0.0.0.0/43233] INFO  util.log (Log.java:initialized(169)) - Logging initialized @2114ms to org.eclipse.jetty.util.log.Slf4jLog
2020-06-06 05:15:53,558 [Listener at 0.0.0.0/43233] INFO  server.AuthenticationFilter (AuthenticationFilter.java:constructSecretProvider(240)) - Unable to initialize FileSignerSecretProvider, falling back to use random secrets.
2020-06-06 05:15:53,572 [Listener at 0.0.0.0/43233] WARN  http.HttpRequestLog (HttpRequestLog.java:getRequestLog(103)) - Jetty request log can only be enabled using Log4j
2020-06-06 05:15:53,578 [Listener at 0.0.0.0/43233] INFO  http.HttpServer2 (HttpServer2.java:addGlobalFilter(993)) - Added global filter 'safety' (class=org.apache.hadoop.hdds.server.http.HttpServer2$QuotingInputFilter)
2020-06-06 05:15:53,581 [Listener at 0.0.0.0/43233] INFO  http.HttpServer2 (HttpServer2.java:addFilter(969)) - Added filter authentication (class=org.apache.hadoop.security.authentication.server.AuthenticationFilter) to context scm
2020-06-06 05:15:53,581 [Listener at 0.0.0.0/43233] INFO  http.HttpServer2 (HttpServer2.java:addFilter(977)) - Added filter authentication (class=org.apache.hadoop.security.authentication.server.AuthenticationFilter) to context logs
2020-06-06 05:15:53,581 [Listener at 0.0.0.0/43233] INFO  http.HttpServer2 (HttpServer2.java:addFilter(977)) - Added filter authentication (class=org.apache.hadoop.security.authentication.server.AuthenticationFilter) to context static
2020-06-06 05:15:53,631 [Listener at 0.0.0.0/43233] INFO  server.StorageContainerManager (StorageContainerManager.java:start(780)) - StorageContainerLocationProtocol RPC server is listening at /0.0.0.0:43233
2020-06-06 05:15:53,683 [Listener at 0.0.0.0/43233] WARN  impl.MetricsConfig (MetricsConfig.java:loadFirst(134)) - Cannot locate configuration: tried hadoop-metrics2-storagecontainermanager.properties,hadoop-metrics2.properties
2020-06-06 05:15:53,699 [Listener at 0.0.0.0/43233] INFO  impl.MetricsSystemImpl (MetricsSystemImpl.java:startTimer(374)) - Scheduled Metric snapshot period at 10 second(s).
2020-06-06 05:15:53,700 [Listener at 0.0.0.0/43233] INFO  impl.MetricsSystemImpl (MetricsSystemImpl.java:start(191)) - StorageContainerManager metrics system started
2020-06-06 05:15:53,938 [Listener at 0.0.0.0/43233] INFO  server.SCMClientProtocolServer (SCMClientProtocolServer.java:start(155)) - RPC server for Client  is listening at /0.0.0.0:43233
2020-06-06 05:15:53,939 [IPC Server Responder] INFO  ipc.Server (Server.java:run(1460)) - IPC Server Responder: starting
2020-06-06 05:15:53,940 [IPC Server listener on 0] INFO  ipc.Server (Server.java:run(1298)) - IPC Server listener on 0: starting
2020-06-06 05:15:53,946 [Listener at 0.0.0.0/43233] INFO  server.StorageContainerManager (StorageContainerManager.java:start(792)) - ScmBlockLocationProtocol RPC server is listening at /0.0.0.0:35647
2020-06-06 05:15:53,946 [Listener at 0.0.0.0/43233] INFO  server.SCMBlockProtocolServer (SCMBlockProtocolServer.java:start(149)) - RPC server for Block Protocol is listening at /0.0.0.0:35647
2020-06-06 05:15:53,948 [IPC Server Responder] INFO  ipc.Server (Server.java:run(1460)) - IPC Server Responder: starting
2020-06-06 05:15:53,949 [IPC Server listener on 0] INFO  ipc.Server (Server.java:run(1298)) - IPC Server listener on 0: starting
2020-06-06 05:15:53,953 [Listener at 0.0.0.0/43233] INFO  server.StorageContainerManager (StorageContainerManager.java:start(798)) - ScmDatanodeProtocl RPC server is listening at /0.0.0.0:43117
2020-06-06 05:15:53,953 [Listener at 0.0.0.0/43233] INFO  server.SCMDatanodeProtocolServer (SCMDatanodeProtocolServer.java:start(172)) - RPC server for DataNodes is listening at /0.0.0.0:43117
2020-06-06 05:15:53,956 [IPC Server Responder] INFO  ipc.Server (Server.java:run(1460)) - IPC Server Responder: starting
2020-06-06 05:15:53,957 [IPC Server listener on 0] INFO  ipc.Server (Server.java:run(1298)) - IPC Server listener on 0: starting
2020-06-06 05:15:53,961 [Listener at 0.0.0.0/43233] INFO  http.HttpServer2 (HttpServer2.java:bindListener(1211)) - Jetty bound to port 35945
2020-06-06 05:15:53,963 [Listener at 0.0.0.0/43233] INFO  server.Server (Server.java:doStart(359)) - jetty-9.4.26.v20200117; built: 2020-01-17T12:35:33.676Z; git: 7b38981d25d14afb4a12ff1f2596756144edf695; jvm 1.8.0_232-b09
2020-06-06 05:15:53,993 [Listener at 0.0.0.0/43233] INFO  server.session (DefaultSessionIdManager.java:doStart(333)) - DefaultSessionIdManager workerName=node0
2020-06-06 05:15:53,994 [Listener at 0.0.0.0/43233] INFO  server.session (DefaultSessionIdManager.java:doStart(338)) - No SessionScavenger set, using defaults
2020-06-06 05:15:53,995 [Listener at 0.0.0.0/43233] INFO  server.session (HouseKeeper.java:startScavenging(140)) - node0 Scavenging every 600000ms
2020-06-06 05:15:54,010 [Listener at 0.0.0.0/43233] INFO  server.AuthenticationFilter (AuthenticationFilter.java:constructSecretProvider(240)) - Unable to initialize FileSignerSecretProvider, falling back to use random secrets.
2020-06-06 05:15:54,013 [Listener at 0.0.0.0/43233] INFO  handler.ContextHandler (ContextHandler.java:doStart(825)) - Started o.e.j.s.ServletContextHandler@27b0cfd3{logs,/logs,file:///github/workspace/mnt/ozone/hadoop-ozone/integration-test/target/log,AVAILABLE}
2020-06-06 05:15:54,018 [Listener at 0.0.0.0/43233] INFO  handler.ContextHandler (ContextHandler.java:doStart(825)) - Started o.e.j.s.ServletContextHandler@418bd2e1{static,/static,file:///github/workspace/mnt/ozone/hadoop-ozone/integration-test/target/test-classes/webapps/static,AVAILABLE}
2020-06-06 05:15:54,062 [Listener at 0.0.0.0/43233] INFO  handler.ContextHandler (ContextHandler.java:doStart(825)) - Started o.e.j.w.WebAppContext@459af47d{scm,/,file:///github/workspace/mnt/ozone/hadoop-ozone/integration-test/target/test-classes/webapps/scm/,AVAILABLE}{file:/github/workspace/mnt/ozone/hadoop-ozone/integration-test/target/test-classes/webapps/scm}
2020-06-06 05:15:54,071 [Listener at 0.0.0.0/43233] INFO  server.AbstractConnector (AbstractConnector.java:doStart(330)) - Started ServerConnector@3018b730{HTTP/1.1,[http/1.1]}{0.0.0.0:35945}
2020-06-06 05:15:54,072 [Listener at 0.0.0.0/43233] INFO  server.Server (Server.java:doStart(399)) - Started @2764ms
2020-06-06 05:15:54,074 [Listener at 0.0.0.0/43233] INFO  impl.MetricsSinkAdapter (MetricsSinkAdapter.java:start(204)) - Sink prometheus started
2020-06-06 05:15:54,074 [Listener at 0.0.0.0/43233] INFO  impl.MetricsSystemImpl (MetricsSystemImpl.java:registerSink(301)) - Registered sink prometheus
2020-06-06 05:15:54,078 [Listener at 0.0.0.0/43233] INFO  http.BaseHttpServer (BaseHttpServer.java:updateConnectorAddress(325)) - HTTP server of scm listening at http://0.0.0.0:35945
2020-06-06 05:15:54,087 [Listener at 0.0.0.0/43233] WARN  server.ServerUtils (ServerUtils.java:getDBPath(225)) - ozone.om.db.dirs is not configured. We recommend adding this setting. Falling back to ozone.metadata.dirs instead.
2020-06-06 05:15:54,097 [org.apache.hadoop.util.JvmPauseMonitor$Monitor@203c7e86] INFO  util.JvmPauseMonitor (JvmPauseMonitor.java:run(188)) - Starting JVM pause monitor
2020-06-06 05:15:54,184 [Listener at 0.0.0.0/43233] INFO  ha.OMHANodeDetails (OMHANodeDetails.java:loadOMHAConfig(104)) - ozone.om.internal.service.id is not defined, falling back to ozone.om.service.ids to find serviceID for OzoneManager if it is HA enabled cluster
2020-06-06 05:15:54,187 [Listener at 0.0.0.0/43233] INFO  ha.OMHANodeDetails (OMHANodeDetails.java:loadOMHAConfig(213)) - Configuration either no ozone.om.address set. Falling back to the default OM address /127.0.0.1:0
2020-06-06 05:15:54,187 [Listener at 0.0.0.0/43233] INFO  ha.OMHANodeDetails (OMHANodeDetails.java:getOMNodeDetails(241)) - OM Service ID is not set. Setting it to the default ID: omServiceIdDefault
2020-06-06 05:15:54,189 [Listener at 0.0.0.0/43233] WARN  server.ServerUtils (ServerUtils.java:getDBPath(225)) - ozone.om.db.dirs is not configured. We recommend adding this setting. Falling back to ozone.metadata.dirs instead.
2020-06-06 05:15:54,190 [Listener at 0.0.0.0/43233] WARN  server.ServerUtils (ServerUtils.java:getDBPath(225)) - ozone.om.db.dirs is not configured. We recommend adding this setting. Falling back to ozone.metadata.dirs instead.
2020-06-06 05:15:54,873 [Listener at 0.0.0.0/43233] WARN  server.ServerUtils (ServerUtils.java:getDBPath(225)) - ozone.om.db.dirs is not configured. We recommend adding this setting. Falling back to ozone.metadata.dirs instead.
2020-06-06 05:15:55,016 [Listener at 0.0.0.0/43233] INFO  ipc.CallQueueManager (CallQueueManager.java:<init>(84)) - Using callQueue: class java.util.concurrent.LinkedBlockingQueue, queueCapacity: 2000, scheduler: class org.apache.hadoop.ipc.DefaultRpcScheduler, ipcBackoff: false.
2020-06-06 05:15:55,020 [Socket Reader #1 for port 0] INFO  ipc.Server (Server.java:run(1219)) - Starting Socket Reader #1 for port 0
2020-06-06 05:15:55,050 [Listener at 127.0.0.1/44133] INFO  impl.MetricsSystemImpl (MetricsSystemImpl.java:init(158)) - OzoneManager metrics system started (again)
2020-06-06 05:15:55,053 [Listener at 127.0.0.1/44133] INFO  om.OzoneManager (OzoneManager.java:start(1099)) - OzoneManager RPC server is listening at localhost/127.0.0.1:44133
2020-06-06 05:15:55,070 [IPC Server Responder] INFO  ipc.Server (Server.java:run(1460)) - IPC Server Responder: starting
2020-06-06 05:15:55,071 [IPC Server listener on 0] INFO  ipc.Server (Server.java:run(1298)) - IPC Server listener on 0: starting
2020-06-06 05:15:55,079 [Listener at 127.0.0.1/44133] INFO  http.BaseHttpServer (BaseHttpServer.java:newHttpServer2BuilderForOzone(205)) - Starting Web-server for ozoneManager at: http://0.0.0.0:0
2020-06-06 05:15:55,079 [Listener at 127.0.0.1/44133] INFO  http.BaseHttpServer (BaseHttpServer.java:<init>(106)) - Hadoop Security Enabled: false Ozone Security Enabled: false Ozone HTTP Security Enabled: false 
2020-06-06 05:15:55,081 [Listener at 127.0.0.1/44133] INFO  server.AuthenticationFilter (AuthenticationFilter.java:constructSecretProvider(240)) - Unable to initialize FileSignerSecretProvider, falling back to use random secrets.
2020-06-06 05:15:55,082 [Listener at 127.0.0.1/44133] WARN  http.HttpRequestLog (HttpRequestLog.java:getRequestLog(103)) - Jetty request log can only be enabled using Log4j
2020-06-06 05:15:55,083 [Listener at 127.0.0.1/44133] INFO  http.HttpServer2 (HttpServer2.java:addGlobalFilter(993)) - Added global filter 'safety' (class=org.apache.hadoop.hdds.server.http.HttpServer2$QuotingInputFilter)
2020-06-06 05:15:55,084 [Listener at 127.0.0.1/44133] INFO  http.HttpServer2 (HttpServer2.java:addFilter(969)) - Added filter authentication (class=org.apache.hadoop.security.authentication.server.AuthenticationFilter) to context ozoneManager
2020-06-06 05:15:55,084 [Listener at 127.0.0.1/44133] INFO  http.HttpServer2 (HttpServer2.java:addFilter(977)) - Added filter authentication (class=org.apache.hadoop.security.authentication.server.AuthenticationFilter) to context logs
2020-06-06 05:15:55,084 [Listener at 127.0.0.1/44133] INFO  http.HttpServer2 (HttpServer2.java:addFilter(977)) - Added filter authentication (class=org.apache.hadoop.security.authentication.server.AuthenticationFilter) to context static
2020-06-06 05:15:55,086 [Listener at 127.0.0.1/44133] INFO  http.HttpServer2 (HttpServer2.java:bindListener(1211)) - Jetty bound to port 37245
2020-06-06 05:15:55,086 [Listener at 127.0.0.1/44133] INFO  server.Server (Server.java:doStart(359)) - jetty-9.4.26.v20200117; built: 2020-01-17T12:35:33.676Z; git: 7b38981d25d14afb4a12ff1f2596756144edf695; jvm 1.8.0_232-b09
2020-06-06 05:15:55,089 [Listener at 127.0.0.1/44133] INFO  server.session (DefaultSessionIdManager.java:doStart(333)) - DefaultSessionIdManager workerName=node0
2020-06-06 05:15:55,089 [Listener at 127.0.0.1/44133] INFO  server.session (DefaultSessionIdManager.java:doStart(338)) - No SessionScavenger set, using defaults
2020-06-06 05:15:55,089 [Listener at 127.0.0.1/44133] INFO  server.session (HouseKeeper.java:startScavenging(140)) - node0 Scavenging every 600000ms
2020-06-06 05:15:55,090 [Listener at 127.0.0.1/44133] INFO  server.AuthenticationFilter (AuthenticationFilter.java:constructSecretProvider(240)) - Unable to initialize FileSignerSecretProvider, falling back to use random secrets.
2020-06-06 05:15:55,091 [Listener at 127.0.0.1/44133] INFO  handler.ContextHandler (ContextHandler.java:doStart(825)) - Started o.e.j.s.ServletContextHandler@2f50bf41{logs,/logs,file:///github/workspace/mnt/ozone/hadoop-ozone/integration-test/target/log,AVAILABLE}
2020-06-06 05:15:55,091 [Listener at 127.0.0.1/44133] INFO  handler.ContextHandler (ContextHandler.java:doStart(825)) - Started o.e.j.s.ServletContextHandler@4c1560a8{static,/static,file:///github/workspace/mnt/ozone/hadoop-ozone/integration-test/target/test-classes/webapps/static,AVAILABLE}
2020-06-06 05:15:55,095 [Listener at 127.0.0.1/44133] INFO  handler.ContextHandler (ContextHandler.java:doStart(825)) - Started o.e.j.w.WebAppContext@10894696{ozoneManager,/,file:///github/workspace/mnt/ozone/hadoop-ozone/integration-test/target/test-classes/webapps/ozoneManager/,AVAILABLE}{file:/github/workspace/mnt/ozone/hadoop-ozone/integration-test/target/test-classes/webapps/ozoneManager}
2020-06-06 05:15:55,097 [Listener at 127.0.0.1/44133] INFO  server.AbstractConnector (AbstractConnector.java:doStart(330)) - Started ServerConnector@30388333{HTTP/1.1,[http/1.1]}{0.0.0.0:37245}
2020-06-06 05:15:55,098 [Listener at 127.0.0.1/44133] INFO  server.Server (Server.java:doStart(399)) - Started @3790ms
2020-06-06 05:15:55,098 [Listener at 127.0.0.1/44133] WARN  impl.MetricsSystemImpl (MetricsSystemImpl.java:register(276)) - Sink prometheus already exists!
2020-06-06 05:15:55,101 [Listener at 127.0.0.1/44133] INFO  http.BaseHttpServer (BaseHttpServer.java:updateConnectorAddress(325)) - HTTP server of ozoneManager listening at http://0.0.0.0:37245
2020-06-06 05:15:55,112 [org.apache.hadoop.util.JvmPauseMonitor$Monitor@3dee6f3e] INFO  util.JvmPauseMonitor (JvmPauseMonitor.java:run(188)) - Starting JVM pause monitor
2020-06-06 05:15:55,268 [Listener at 127.0.0.1/44133] INFO  metrics.MetricRegistries (MetricRegistriesLoader.java:load(64)) - Loaded MetricRegistries class org.apache.ratis.metrics.impl.MetricRegistriesImpl
2020-06-06 05:15:55,269 [Listener at 127.0.0.1/44133] INFO  impl.MetricsSystemImpl (MetricsSystemImpl.java:init(158)) - HddsDatanode metrics system started (again)
2020-06-06 05:15:55,273 [Listener at 127.0.0.1/44133] INFO  ozone.HddsDatanodeService (HddsDatanodeService.java:start(205)) - HddsDatanodeService host:04ab1dbc0cb6 ip:172.17.0.2
2020-06-06 05:15:55,365 [Listener at 127.0.0.1/44133] INFO  volume.HddsVolume (HddsVolume.java:<init>(176)) - Creating Volume: /github/workspace/mnt/ozone/hadoop-ozone/integration-test/target/test-dir/MiniOzoneClusterImpl-e9c98d0f-e324-43f2-aa41-70e4df10ec43/datanode-0/data-0/containers/hdds of storage type : DISK and capacity : 9223372036854775807
2020-06-06 05:15:55,368 [Listener at 127.0.0.1/44133] INFO  volume.MutableVolumeSet (MutableVolumeSet.java:initializeVolumeSet(181)) - Added Volume : /github/workspace/mnt/ozone/hadoop-ozone/integration-test/target/test-dir/MiniOzoneClusterImpl-e9c98d0f-e324-43f2-aa41-70e4df10ec43/datanode-0/data-0/containers/hdds to VolumeSet
2020-06-06 05:15:55,369 [Listener at 127.0.0.1/44133] INFO  volume.ThrottledAsyncChecker (ThrottledAsyncChecker.java:schedule(141)) - Scheduling a check for /github/workspace/mnt/ozone/hadoop-ozone/integration-test/target/test-dir/MiniOzoneClusterImpl-e9c98d0f-e324-43f2-aa41-70e4df10ec43/datanode-0/data-0/containers/hdds
2020-06-06 05:15:55,393 [Listener at 127.0.0.1/44133] INFO  volume.HddsVolumeChecker (HddsVolumeChecker.java:checkAllVolumes(200)) - Scheduled health check for volume /github/workspace/mnt/ozone/hadoop-ozone/integration-test/target/test-dir/MiniOzoneClusterImpl-e9c98d0f-e324-43f2-aa41-70e4df10ec43/datanode-0/data-0/containers/hdds
2020-06-06 05:15:55,544 [Listener at 127.0.0.1/44133] INFO  impl.RaftServerProxy (ConfUtils.java:logGet(44)) - raft.rpc.type = GRPC (default)
2020-06-06 05:15:55,614 [Listener at 127.0.0.1/44133] INFO  grpc.GrpcFactory (GrpcFactory.java:checkPooledByteBufAllocatorUseCacheForAllThreads(45)) - PERFORMANCE WARNING: useCacheForAllThreads is true that may cause Netty to create a lot garbage objects and, as a result, trigger GC.
	It is recommended to disable useCacheForAllThreads by setting -Dorg.apache.ratis.thirdparty.io.netty.allocator.useCacheForAllThreads=false in command line.
2020-06-06 05:15:55,619 [Listener at 127.0.0.1/44133] INFO  grpc.GrpcConfigKeys (ConfUtils.java:logGet(44)) - raft.grpc.server.port = 0 (default)
2020-06-06 05:15:55,619 [Listener at 127.0.0.1/44133] INFO  server.GrpcService (ConfUtils.java:logGet(44)) - raft.grpc.message.size.max = 32MB (=33554432) (custom)
2020-06-06 05:15:55,620 [Listener at 127.0.0.1/44133] INFO  server.RaftServerConfigKeys (ConfUtils.java:logGet(44)) - raft.server.log.appender.buffer.byte-limit = 33554432 (custom)
2020-06-06 05:15:55,621 [Listener at 127.0.0.1/44133] INFO  server.GrpcService (ConfUtils.java:logGet(44)) - raft.grpc.flow.control.window = 5MB (=5242880) (custom)
2020-06-06 05:15:55,622 [Listener at 127.0.0.1/44133] INFO  server.RaftServerConfigKeys (ConfUtils.java:logGet(44)) - raft.server.rpc.request.timeout = 3s (default)
2020-06-06 05:15:55,798 [Listener at 127.0.0.1/44133] INFO  server.RaftServerConfigKeys (ConfUtils.java:logGet(44)) - raft.server.storage.dir = [/github/workspace/mnt/ozone/hadoop-ozone/integration-test/target/test-dir/MiniOzoneClusterImpl-e9c98d0f-e324-43f2-aa41-70e4df10ec43/datanode-0/data/ratis] (custom)
2020-06-06 05:15:55,909 [Listener at 127.0.0.1/44133] INFO  http.BaseHttpServer (BaseHttpServer.java:newHttpServer2BuilderForOzone(205)) - Starting Web-server for hddsDatanode at: http://0.0.0.0:0
2020-06-06 05:15:55,909 [Listener at 127.0.0.1/44133] INFO  http.BaseHttpServer (BaseHttpServer.java:<init>(106)) - Hadoop Security Enabled: false Ozone Security Enabled: false Ozone HTTP Security Enabled: false 
2020-06-06 05:15:55,911 [Listener at 127.0.0.1/44133] INFO  server.AuthenticationFilter (AuthenticationFilter.java:constructSecretProvider(240)) - Unable to initialize FileSignerSecretProvider, falling back to use random secrets.
2020-06-06 05:15:55,911 [Listener at 127.0.0.1/44133] WARN  http.HttpRequestLog (HttpRequestLog.java:getRequestLog(103)) - Jetty request log can only be enabled using Log4j
2020-06-06 05:15:55,912 [Listener at 127.0.0.1/44133] INFO  http.HttpServer2 (HttpServer2.java:addGlobalFilter(993)) - Added global filter 'safety' (class=org.apache.hadoop.hdds.server.http.HttpServer2$QuotingInputFilter)
2020-06-06 05:15:55,913 [Listener at 127.0.0.1/44133] INFO  http.HttpServer2 (HttpServer2.java:addFilter(969)) - Added filter authentication (class=org.apache.hadoop.security.authentication.server.AuthenticationFilter) to context hddsDatanode
2020-06-06 05:15:55,913 [Listener at 127.0.0.1/44133] INFO  http.HttpServer2 (HttpServer2.java:addFilter(977)) - Added filter authentication (class=org.apache.hadoop.security.authentication.server.AuthenticationFilter) to context static
2020-06-06 05:15:55,913 [Listener at 127.0.0.1/44133] INFO  http.HttpServer2 (HttpServer2.java:addFilter(977)) - Added filter authentication (class=org.apache.hadoop.security.authentication.server.AuthenticationFilter) to context logs
2020-06-06 05:15:55,914 [Listener at 127.0.0.1/44133] INFO  http.HttpServer2 (HttpServer2.java:bindListener(1211)) - Jetty bound to port 45201
2020-06-06 05:15:55,914 [Listener at 127.0.0.1/44133] INFO  server.Server (Server.java:doStart(359)) - jetty-9.4.26.v20200117; built: 2020-01-17T12:35:33.676Z; git: 7b38981d25d14afb4a12ff1f2596756144edf695; jvm 1.8.0_232-b09
2020-06-06 05:15:55,916 [Listener at 127.0.0.1/44133] INFO  server.session (DefaultSessionIdManager.java:doStart(333)) - DefaultSessionIdManager workerName=node0
2020-06-06 05:15:55,917 [Listener at 127.0.0.1/44133] INFO  server.session (DefaultSessionIdManager.java:doStart(338)) - No SessionScavenger set, using defaults
2020-06-06 05:15:55,917 [Listener at 127.0.0.1/44133] INFO  server.session (HouseKeeper.java:startScavenging(140)) - node0 Scavenging every 600000ms
2020-06-06 05:15:55,917 [Listener at 127.0.0.1/44133] INFO  server.AuthenticationFilter (AuthenticationFilter.java:constructSecretProvider(240)) - Unable to initialize FileSignerSecretProvider, falling back to use random secrets.
2020-06-06 05:15:55,918 [Listener at 127.0.0.1/44133] INFO  handler.ContextHandler (ContextHandler.java:doStart(825)) - Started o.e.j.s.ServletContextHandler@637bc151{logs,/logs,file:///github/workspace/mnt/ozone/hadoop-ozone/integration-test/target/log,AVAILABLE}
2020-06-06 05:15:55,918 [Listener at 127.0.0.1/44133] INFO  handler.ContextHandler (ContextHandler.java:doStart(825)) - Started o.e.j.s.ServletContextHandler@ee317a7{static,/static,jar:file:/home/user/.m2/repository/org/apache/hadoop/hadoop-hdds-container-service/0.6.0-SNAPSHOT/hadoop-hdds-container-service-0.6.0-SNAPSHOT.jar!/webapps/static,AVAILABLE}
2020-06-06 05:15:55,945 [Listener at 127.0.0.1/44133] INFO  handler.ContextHandler (ContextHandler.java:doStart(825)) - Started o.e.j.w.WebAppContext@7c96c86f{hddsDatanode,/,file:///tmp/jetty-0_0_0_0-45201-hadoop-hdds-container-service-0_6_0-SNAPSHOT_jar-_-any-1198741002340012126.dir/webapp/,AVAILABLE}{jar:file:/home/user/.m2/repository/org/apache/hadoop/hadoop-hdds-container-service/0.6.0-SNAPSHOT/hadoop-hdds-container-service-0.6.0-SNAPSHOT.jar!/webapps/hddsDatanode}
2020-06-06 05:15:55,949 [Listener at 127.0.0.1/44133] INFO  server.AbstractConnector (AbstractConnector.java:doStart(330)) - Started ServerConnector@49924252{HTTP/1.1,[http/1.1]}{0.0.0.0:45201}
2020-06-06 05:15:55,950 [Listener at 127.0.0.1/44133] INFO  server.Server (Server.java:doStart(399)) - Started @4641ms
2020-06-06 05:15:55,951 [Listener at 127.0.0.1/44133] WARN  impl.MetricsSystemImpl (MetricsSystemImpl.java:register(276)) - Sink prometheus already exists!
2020-06-06 05:15:55,957 [Listener at 127.0.0.1/44133] INFO  http.BaseHttpServer (BaseHttpServer.java:updateConnectorAddress(325)) - HTTP server of hddsDatanode listening at http://0.0.0.0:45201
2020-06-06 05:15:55,960 [Listener at 127.0.0.1/44133] INFO  impl.MetricsSystemImpl (MetricsSystemImpl.java:init(158)) - HddsDatanode metrics system started (again)
2020-06-06 05:15:55,961 [Listener at 127.0.0.1/44133] INFO  ozone.HddsDatanodeService (HddsDatanodeService.java:start(205)) - HddsDatanodeService host:04ab1dbc0cb6 ip:172.17.0.2
2020-06-06 05:15:55,965 [Listener at 127.0.0.1/44133] INFO  volume.HddsVolume (HddsVolume.java:<init>(176)) - Creating Volume: /github/workspace/mnt/ozone/hadoop-ozone/integration-test/target/test-dir/MiniOzoneClusterImpl-e9c98d0f-e324-43f2-aa41-70e4df10ec43/datanode-1/data-0/containers/hdds of storage type : DISK and capacity : 9223372036854775807
2020-06-06 05:15:55,965 [Listener at 127.0.0.1/44133] INFO  volume.MutableVolumeSet (MutableVolumeSet.java:initializeVolumeSet(181)) - Added Volume : /github/workspace/mnt/ozone/hadoop-ozone/integration-test/target/test-dir/MiniOzoneClusterImpl-e9c98d0f-e324-43f2-aa41-70e4df10ec43/datanode-1/data-0/containers/hdds to VolumeSet
2020-06-06 05:15:55,965 [Listener at 127.0.0.1/44133] INFO  volume.ThrottledAsyncChecker (ThrottledAsyncChecker.java:schedule(141)) - Scheduling a check for /github/workspace/mnt/ozone/hadoop-ozone/integration-test/target/test-dir/MiniOzoneClusterImpl-e9c98d0f-e324-43f2-aa41-70e4df10ec43/datanode-1/data-0/containers/hdds
2020-06-06 05:15:55,966 [Listener at 127.0.0.1/44133] INFO  volume.HddsVolumeChecker (HddsVolumeChecker.java:checkAllVolumes(200)) - Scheduled health check for volume /github/workspace/mnt/ozone/hadoop-ozone/integration-test/target/test-dir/MiniOzoneClusterImpl-e9c98d0f-e324-43f2-aa41-70e4df10ec43/datanode-1/data-0/containers/hdds
2020-06-06 05:15:55,994 [org.apache.hadoop.util.JvmPauseMonitor$Monitor@4f23bd1d] INFO  util.JvmPauseMonitor (JvmPauseMonitor.java:run(188)) - Starting JVM pause monitor
2020-06-06 05:15:56,006 [Listener at 127.0.0.1/44133] INFO  impl.RaftServerProxy (ConfUtils.java:logGet(44)) - raft.rpc.type = GRPC (default)
2020-06-06 05:15:56,006 [Listener at 127.0.0.1/44133] INFO  grpc.GrpcFactory (GrpcFactory.java:checkPooledByteBufAllocatorUseCacheForAllThreads(45)) - PERFORMANCE WARNING: useCacheForAllThreads is true that may cause Netty to create a lot garbage objects and, as a result, trigger GC.
	It is recommended to disable useCacheForAllThreads by setting -Dorg.apache.ratis.thirdparty.io.netty.allocator.useCacheForAllThreads=false in command line.
2020-06-06 05:15:56,006 [Listener at 127.0.0.1/44133] INFO  grpc.GrpcConfigKeys (ConfUtils.java:logGet(44)) - raft.grpc.server.port = 0 (default)
2020-06-06 05:15:56,007 [Listener at 127.0.0.1/44133] INFO  server.GrpcService (ConfUtils.java:logGet(44)) - raft.grpc.message.size.max = 32MB (=33554432) (custom)
2020-06-06 05:15:56,007 [Listener at 127.0.0.1/44133] INFO  server.RaftServerConfigKeys (ConfUtils.java:logGet(44)) - raft.server.log.appender.buffer.byte-limit = 33554432 (custom)
2020-06-06 05:15:56,007 [Listener at 127.0.0.1/44133] INFO  server.GrpcService (ConfUtils.java:logGet(44)) - raft.grpc.flow.control.window = 5MB (=5242880) (custom)
2020-06-06 05:15:56,007 [Listener at 127.0.0.1/44133] INFO  server.RaftServerConfigKeys (ConfUtils.java:logGet(44)) - raft.server.rpc.request.timeout = 3s (default)
2020-06-06 05:15:56,008 [Listener at 127.0.0.1/44133] INFO  server.RaftServerConfigKeys (ConfUtils.java:logGet(44)) - raft.server.storage.dir = [/github/workspace/mnt/ozone/hadoop-ozone/integration-test/target/test-dir/MiniOzoneClusterImpl-e9c98d0f-e324-43f2-aa41-70e4df10ec43/datanode-1/data/ratis] (custom)
2020-06-06 05:15:56,014 [Listener at 127.0.0.1/44133] INFO  http.BaseHttpServer (BaseHttpServer.java:newHttpServer2BuilderForOzone(205)) - Starting Web-server for hddsDatanode at: http://0.0.0.0:0
2020-06-06 05:15:56,014 [Listener at 127.0.0.1/44133] INFO  http.BaseHttpServer (BaseHttpServer.java:<init>(106)) - Hadoop Security Enabled: false Ozone Security Enabled: false Ozone HTTP Security Enabled: false 
2020-06-06 05:15:56,015 [Listener at 127.0.0.1/44133] INFO  server.AuthenticationFilter (AuthenticationFilter.java:constructSecretProvider(240)) - Unable to initialize FileSignerSecretProvider, falling back to use random secrets.
2020-06-06 05:15:56,022 [Listener at 127.0.0.1/44133] WARN  http.HttpRequestLog (HttpRequestLog.java:getRequestLog(103)) - Jetty request log can only be enabled using Log4j
2020-06-06 05:15:56,023 [Listener at 127.0.0.1/44133] INFO  http.HttpServer2 (HttpServer2.java:addGlobalFilter(993)) - Added global filter 'safety' (class=org.apache.hadoop.hdds.server.http.HttpServer2$QuotingInputFilter)
2020-06-06 05:15:56,024 [Listener at 127.0.0.1/44133] INFO  http.HttpServer2 (HttpServer2.java:addFilter(969)) - Added filter authentication (class=org.apache.hadoop.security.authentication.server.AuthenticationFilter) to context hddsDatanode
2020-06-06 05:15:56,024 [Listener at 127.0.0.1/44133] INFO  http.HttpServer2 (HttpServer2.java:addFilter(977)) - Added filter authentication (class=org.apache.hadoop.security.authentication.server.AuthenticationFilter) to context logs
2020-06-06 05:15:56,024 [Listener at 127.0.0.1/44133] INFO  http.HttpServer2 (HttpServer2.java:addFilter(977)) - Added filter authentication (class=org.apache.hadoop.security.authentication.server.AuthenticationFilter) to context static
2020-06-06 05:15:56,025 [Listener at 127.0.0.1/44133] INFO  http.HttpServer2 (HttpServer2.java:bindListener(1211)) - Jetty bound to port 42123
2020-06-06 05:15:56,025 [Listener at 127.0.0.1/44133] INFO  server.Server (Server.java:doStart(359)) - jetty-9.4.26.v20200117; built: 2020-01-17T12:35:33.676Z; git: 7b38981d25d14afb4a12ff1f2596756144edf695; jvm 1.8.0_232-b09
2020-06-06 05:15:56,080 [Listener at 127.0.0.1/44133] INFO  server.session (DefaultSessionIdManager.java:doStart(333)) - DefaultSessionIdManager workerName=node0
2020-06-06 05:15:56,081 [Listener at 127.0.0.1/44133] INFO  server.session (DefaultSessionIdManager.java:doStart(338)) - No SessionScavenger set, using defaults
2020-06-06 05:15:56,081 [Listener at 127.0.0.1/44133] INFO  server.session (HouseKeeper.java:startScavenging(140)) - node0 Scavenging every 600000ms
2020-06-06 05:15:56,086 [Listener at 127.0.0.1/44133] INFO  server.AuthenticationFilter (AuthenticationFilter.java:constructSecretProvider(240)) - Unable to initialize FileSignerSecretProvider, falling back to use random secrets.
2020-06-06 05:15:56,092 [Listener at 127.0.0.1/44133] INFO  handler.ContextHandler (ContextHandler.java:doStart(825)) - Started o.e.j.s.ServletContextHandler@2e096f58{logs,/logs,file:///github/workspace/mnt/ozone/hadoop-ozone/integration-test/target/log,AVAILABLE}
2020-06-06 05:15:56,093 [Listener at 127.0.0.1/44133] INFO  handler.ContextHandler (ContextHandler.java:doStart(825)) - Started o.e.j.s.ServletContextHandler@6e66acad{static,/static,jar:file:/home/user/.m2/repository/org/apache/hadoop/hadoop-hdds-container-service/0.6.0-SNAPSHOT/hadoop-hdds-container-service-0.6.0-SNAPSHOT.jar!/webapps/static,AVAILABLE}
2020-06-06 05:15:56,117 [Listener at 127.0.0.1/44133] INFO  handler.ContextHandler (ContextHandler.java:doStart(825)) - Started o.e.j.w.WebAppContext@31577721{hddsDatanode,/,file:///tmp/jetty-0_0_0_0-42123-hadoop-hdds-container-service-0_6_0-SNAPSHOT_jar-_-any-5723545262307401042.dir/webapp/,AVAILABLE}{jar:file:/home/user/.m2/repository/org/apache/hadoop/hadoop-hdds-container-service/0.6.0-SNAPSHOT/hadoop-hdds-container-service-0.6.0-SNAPSHOT.jar!/webapps/hddsDatanode}
2020-06-06 05:15:56,119 [Datanode State Machine Thread - 0] INFO  datanode.InitDatanodeState (InitDatanodeState.java:persistContainerDatanodeDetails(145)) - DatanodeDetails is persisted to /github/workspace/mnt/ozone/hadoop-ozone/integration-test/target/test-dir/MiniOzoneClusterImpl-e9c98d0f-e324-43f2-aa41-70e4df10ec43/datanode-0/meta/datanode.id
2020-06-06 05:15:56,124 [Listener at 127.0.0.1/44133] INFO  server.AbstractConnector (AbstractConnector.java:doStart(330)) - Started ServerConnector@50ef4757{HTTP/1.1,[http/1.1]}{0.0.0.0:42123}
2020-06-06 05:15:56,124 [Listener at 127.0.0.1/44133] INFO  server.Server (Server.java:doStart(399)) - Started @4816ms
2020-06-06 05:15:56,124 [Listener at 127.0.0.1/44133] WARN  impl.MetricsSystemImpl (MetricsSystemImpl.java:register(276)) - Sink prometheus already exists!
2020-06-06 05:15:56,128 [Listener at 127.0.0.1/44133] INFO  http.BaseHttpServer (BaseHttpServer.java:updateConnectorAddress(325)) - HTTP server of hddsDatanode listening at http://0.0.0.0:42123
2020-06-06 05:15:56,128 [Listener at 127.0.0.1/44133] INFO  impl.MetricsSystemImpl (MetricsSystemImpl.java:init(158)) - HddsDatanode metrics system started (again)
2020-06-06 05:15:56,129 [Listener at 127.0.0.1/44133] INFO  ozone.HddsDatanodeService (HddsDatanodeService.java:start(205)) - HddsDatanodeService host:04ab1dbc0cb6 ip:172.17.0.2
2020-06-06 05:15:56,130 [Listener at 127.0.0.1/44133] INFO  volume.HddsVolume (HddsVolume.java:<init>(176)) - Creating Volume: /github/workspace/mnt/ozone/hadoop-ozone/integration-test/target/test-dir/MiniOzoneClusterImpl-e9c98d0f-e324-43f2-aa41-70e4df10ec43/datanode-2/data-0/containers/hdds of storage type : DISK and capacity : 9223372036854775807
2020-06-06 05:15:56,131 [Listener at 127.0.0.1/44133] INFO  volume.MutableVolumeSet (MutableVolumeSet.java:initializeVolumeSet(181)) - Added Volume : /github/workspace/mnt/ozone/hadoop-ozone/integration-test/target/test-dir/MiniOzoneClusterImpl-e9c98d0f-e324-43f2-aa41-70e4df10ec43/datanode-2/data-0/containers/hdds to VolumeSet
2020-06-06 05:15:56,131 [Listener at 127.0.0.1/44133] INFO  volume.ThrottledAsyncChecker (ThrottledAsyncChecker.java:schedule(141)) - Scheduling a check for /github/workspace/mnt/ozone/hadoop-ozone/integration-test/target/test-dir/MiniOzoneClusterImpl-e9c98d0f-e324-43f2-aa41-70e4df10ec43/datanode-2/data-0/containers/hdds
2020-06-06 05:15:56,133 [Listener at 127.0.0.1/44133] INFO  volume.HddsVolumeChecker (HddsVolumeChecker.java:checkAllVolumes(200)) - Scheduled health check for volume /github/workspace/mnt/ozone/hadoop-ozone/integration-test/target/test-dir/MiniOzoneClusterImpl-e9c98d0f-e324-43f2-aa41-70e4df10ec43/datanode-2/data-0/containers/hdds
2020-06-06 05:15:56,154 [org.apache.hadoop.util.JvmPauseMonitor$Monitor@682cb445] INFO  util.JvmPauseMonitor (JvmPauseMonitor.java:run(188)) - Starting JVM pause monitor
2020-06-06 05:15:56,161 [Listener at 127.0.0.1/44133] INFO  impl.RaftServerProxy (ConfUtils.java:logGet(44)) - raft.rpc.type = GRPC (default)
2020-06-06 05:15:56,161 [Listener at 127.0.0.1/44133] INFO  grpc.GrpcFactory (GrpcFactory.java:checkPooledByteBufAllocatorUseCacheForAllThreads(45)) - PERFORMANCE WARNING: useCacheForAllThreads is true that may cause Netty to create a lot garbage objects and, as a result, trigger GC.
	It is recommended to disable useCacheForAllThreads by setting -Dorg.apache.ratis.thirdparty.io.netty.allocator.useCacheForAllThreads=false in command line.
2020-06-06 05:15:56,161 [Listener at 127.0.0.1/44133] INFO  grpc.GrpcConfigKeys (ConfUtils.java:logGet(44)) - raft.grpc.server.port = 0 (default)
2020-06-06 05:15:56,162 [Listener at 127.0.0.1/44133] INFO  server.GrpcService (ConfUtils.java:logGet(44)) - raft.grpc.message.size.max = 32MB (=33554432) (custom)
2020-06-06 05:15:56,162 [Listener at 127.0.0.1/44133] INFO  server.RaftServerConfigKeys (ConfUtils.java:logGet(44)) - raft.server.log.appender.buffer.byte-limit = 33554432 (custom)
2020-06-06 05:15:56,162 [Listener at 127.0.0.1/44133] INFO  server.GrpcService (ConfUtils.java:logGet(44)) - raft.grpc.flow.control.window = 5MB (=5242880) (custom)
2020-06-06 05:15:56,163 [Listener at 127.0.0.1/44133] INFO  server.RaftServerConfigKeys (ConfUtils.java:logGet(44)) - raft.server.rpc.request.timeout = 3s (default)
2020-06-06 05:15:56,163 [Listener at 127.0.0.1/44133] INFO  server.RaftServerConfigKeys (ConfUtils.java:logGet(44)) - raft.server.storage.dir = [/github/workspace/mnt/ozone/hadoop-ozone/integration-test/target/test-dir/MiniOzoneClusterImpl-e9c98d0f-e324-43f2-aa41-70e4df10ec43/datanode-2/data/ratis] (custom)
2020-06-06 05:15:56,168 [Listener at 127.0.0.1/44133] INFO  http.BaseHttpServer (BaseHttpServer.java:newHttpServer2BuilderForOzone(205)) - Starting Web-server for hddsDatanode at: http://0.0.0.0:0
2020-06-06 05:15:56,168 [Listener at 127.0.0.1/44133] INFO  http.BaseHttpServer (BaseHttpServer.java:<init>(106)) - Hadoop Security Enabled: false Ozone Security Enabled: false Ozone HTTP Security Enabled: false 
2020-06-06 05:15:56,169 [Listener at 127.0.0.1/44133] INFO  server.AuthenticationFilter (AuthenticationFilter.java:constructSecretProvider(240)) - Unable to initialize FileSignerSecretProvider, falling back to use random secrets.
2020-06-06 05:15:56,176 [Listener at 127.0.0.1/44133] WARN  http.HttpRequestLog (HttpRequestLog.java:getRequestLog(103)) - Jetty request log can only be enabled using Log4j
2020-06-06 05:15:56,177 [Listener at 127.0.0.1/44133] INFO  http.HttpServer2 (HttpServer2.java:addGlobalFilter(993)) - Added global filter 'safety' (class=org.apache.hadoop.hdds.server.http.HttpServer2$QuotingInputFilter)
2020-06-06 05:15:56,178 [Listener at 127.0.0.1/44133] INFO  http.HttpServer2 (HttpServer2.java:addFilter(969)) - Added filter authentication (class=org.apache.hadoop.security.authentication.server.AuthenticationFilter) to context hddsDatanode
2020-06-06 05:15:56,178 [Listener at 127.0.0.1/44133] INFO  http.HttpServer2 (HttpServer2.java:addFilter(977)) - Added filter authentication (class=org.apache.hadoop.security.authentication.server.AuthenticationFilter) to context logs
2020-06-06 05:15:56,178 [Listener at 127.0.0.1/44133] INFO  http.HttpServer2 (HttpServer2.java:addFilter(977)) - Added filter authentication (class=org.apache.hadoop.security.authentication.server.AuthenticationFilter) to context static
2020-06-06 05:15:56,178 [Listener at 127.0.0.1/44133] INFO  http.HttpServer2 (HttpServer2.java:bindListener(1211)) - Jetty bound to port 40009
2020-06-06 05:15:56,178 [Listener at 127.0.0.1/44133] INFO  server.Server (Server.java:doStart(359)) - jetty-9.4.26.v20200117; built: 2020-01-17T12:35:33.676Z; git: 7b38981d25d14afb4a12ff1f2596756144edf695; jvm 1.8.0_232-b09
2020-06-06 05:15:56,172 [Datanode State Machine Thread - 0] INFO  datanode.InitDatanodeState (InitDatanodeState.java:persistContainerDatanodeDetails(145)) - DatanodeDetails is persisted to /github/workspace/mnt/ozone/hadoop-ozone/integration-test/target/test-dir/MiniOzoneClusterImpl-e9c98d0f-e324-43f2-aa41-70e4df10ec43/datanode-1/meta/datanode.id
2020-06-06 05:15:56,181 [Listener at 127.0.0.1/44133] INFO  server.session (DefaultSessionIdManager.java:doStart(333)) - DefaultSessionIdManager workerName=node0
2020-06-06 05:15:56,181 [Listener at 127.0.0.1/44133] INFO  server.session (DefaultSessionIdManager.java:doStart(338)) - No SessionScavenger set, using defaults
2020-06-06 05:15:56,181 [Listener at 127.0.0.1/44133] INFO  server.session (HouseKeeper.java:startScavenging(140)) - node0 Scavenging every 600000ms
2020-06-06 05:15:56,182 [Listener at 127.0.0.1/44133] INFO  server.AuthenticationFilter (AuthenticationFilter.java:constructSecretProvider(240)) - Unable to initialize FileSignerSecretProvider, falling back to use random secrets.
2020-06-06 05:15:56,183 [Listener at 127.0.0.1/44133] INFO  handler.ContextHandler (ContextHandler.java:doStart(825)) - Started o.e.j.s.ServletContextHandler@1d74cc19{logs,/logs,file:///github/workspace/mnt/ozone/hadoop-ozone/integration-test/target/log,AVAILABLE}
2020-06-06 05:15:56,183 [Listener at 127.0.0.1/44133] INFO  handler.ContextHandler (ContextHandler.java:doStart(825)) - Started o.e.j.s.ServletContextHandler@46d8f147{static,/static,jar:file:/home/user/.m2/repository/org/apache/hadoop/hadoop-hdds-container-service/0.6.0-SNAPSHOT/hadoop-hdds-container-service-0.6.0-SNAPSHOT.jar!/webapps/static,AVAILABLE}
2020-06-06 05:15:56,204 [Listener at 127.0.0.1/44133] INFO  handler.ContextHandler (ContextHandler.java:doStart(825)) - Started o.e.j.w.WebAppContext@4e5500cc{hddsDatanode,/,file:///tmp/jetty-0_0_0_0-40009-hadoop-hdds-container-service-0_6_0-SNAPSHOT_jar-_-any-5980185245484641462.dir/webapp/,AVAILABLE}{jar:file:/home/user/.m2/repository/org/apache/hadoop/hadoop-hdds-container-service/0.6.0-SNAPSHOT/hadoop-hdds-container-service-0.6.0-SNAPSHOT.jar!/webapps/hddsDatanode}
2020-06-06 05:15:56,205 [Listener at 127.0.0.1/44133] INFO  server.AbstractConnector (AbstractConnector.java:doStart(330)) - Started ServerConnector@156eb8fd{HTTP/1.1,[http/1.1]}{0.0.0.0:40009}
2020-06-06 05:15:56,206 [Listener at 127.0.0.1/44133] INFO  server.Server (Server.java:doStart(399)) - Started @4898ms
2020-06-06 05:15:56,206 [Listener at 127.0.0.1/44133] WARN  impl.MetricsSystemImpl (MetricsSystemImpl.java:register(276)) - Sink prometheus already exists!
2020-06-06 05:15:56,208 [Listener at 127.0.0.1/44133] INFO  http.BaseHttpServer (BaseHttpServer.java:updateConnectorAddress(325)) - HTTP server of hddsDatanode listening at http://0.0.0.0:40009
2020-06-06 05:15:56,209 [Listener at 127.0.0.1/44133] INFO  impl.MetricsSystemImpl (MetricsSystemImpl.java:init(158)) - HddsDatanode metrics system started (again)
2020-06-06 05:15:56,210 [Listener at 127.0.0.1/44133] INFO  ozone.HddsDatanodeService (HddsDatanodeService.java:start(205)) - HddsDatanodeService host:04ab1dbc0cb6 ip:172.17.0.2
2020-06-06 05:15:56,211 [Listener at 127.0.0.1/44133] INFO  volume.HddsVolume (HddsVolume.java:<init>(176)) - Creating Volume: /github/workspace/mnt/ozone/hadoop-ozone/integration-test/target/test-dir/MiniOzoneClusterImpl-e9c98d0f-e324-43f2-aa41-70e4df10ec43/datanode-3/data-0/containers/hdds of storage type : DISK and capacity : 9223372036854775807
2020-06-06 05:15:56,212 [Listener at 127.0.0.1/44133] INFO  volume.MutableVolumeSet (MutableVolumeSet.java:initializeVolumeSet(181)) - Added Volume : /github/workspace/mnt/ozone/hadoop-ozone/integration-test/target/test-dir/MiniOzoneClusterImpl-e9c98d0f-e324-43f2-aa41-70e4df10ec43/datanode-3/data-0/containers/hdds to VolumeSet
2020-06-06 05:15:56,212 [Listener at 127.0.0.1/44133] INFO  volume.ThrottledAsyncChecker (ThrottledAsyncChecker.java:schedule(141)) - Scheduling a check for /github/workspace/mnt/ozone/hadoop-ozone/integration-test/target/test-dir/MiniOzoneClusterImpl-e9c98d0f-e324-43f2-aa41-70e4df10ec43/datanode-3/data-0/containers/hdds
2020-06-06 05:15:56,213 [Listener at 127.0.0.1/44133] INFO  volume.HddsVolumeChecker (HddsVolumeChecker.java:checkAllVolumes(200)) - Scheduled health check for volume /github/workspace/mnt/ozone/hadoop-ozone/integration-test/target/test-dir/MiniOzoneClusterImpl-e9c98d0f-e324-43f2-aa41-70e4df10ec43/datanode-3/data-0/containers/hdds
2020-06-06 05:15:56,240 [org.apache.hadoop.util.JvmPauseMonitor$Monitor@5154cac4] INFO  util.JvmPauseMonitor (JvmPauseMonitor.java:run(188)) - Starting JVM pause monitor
2020-06-06 05:15:56,244 [Datanode State Machine Thread - 0] INFO  datanode.InitDatanodeState (InitDatanodeState.java:persistContainerDatanodeDetails(145)) - DatanodeDetails is persisted to /github/workspace/mnt/ozone/hadoop-ozone/integration-test/target/test-dir/MiniOzoneClusterImpl-e9c98d0f-e324-43f2-aa41-70e4df10ec43/datanode-2/meta/datanode.id
2020-06-06 05:15:56,246 [Listener at 127.0.0.1/44133] INFO  impl.RaftServerProxy (ConfUtils.java:logGet(44)) - raft.rpc.type = GRPC (default)
2020-06-06 05:15:56,247 [Listener at 127.0.0.1/44133] INFO  grpc.GrpcFactory (GrpcFactory.java:checkPooledByteBufAllocatorUseCacheForAllThreads(45)) - PERFORMANCE WARNING: useCacheForAllThreads is true that may cause Netty to create a lot garbage objects and, as a result, trigger GC.
	It is recommended to disable useCacheForAllThreads by setting -Dorg.apache.ratis.thirdparty.io.netty.allocator.useCacheForAllThreads=false in command line.
2020-06-06 05:15:56,248 [Listener at 127.0.0.1/44133] INFO  grpc.GrpcConfigKeys (ConfUtils.java:logGet(44)) - raft.grpc.server.port = 0 (default)
2020-06-06 05:15:56,248 [Listener at 127.0.0.1/44133] INFO  server.GrpcService (ConfUtils.java:logGet(44)) - raft.grpc.message.size.max = 32MB (=33554432) (custom)
2020-06-06 05:15:56,248 [Listener at 127.0.0.1/44133] INFO  server.RaftServerConfigKeys (ConfUtils.java:logGet(44)) - raft.server.log.appender.buffer.byte-limit = 33554432 (custom)
2020-06-06 05:15:56,248 [Listener at 127.0.0.1/44133] INFO  server.GrpcService (ConfUtils.java:logGet(44)) - raft.grpc.flow.control.window = 5MB (=5242880) (custom)
2020-06-06 05:15:56,248 [Listener at 127.0.0.1/44133] INFO  server.RaftServerConfigKeys (ConfUtils.java:logGet(44)) - raft.server.rpc.request.timeout = 3s (default)
2020-06-06 05:15:56,250 [Listener at 127.0.0.1/44133] INFO  server.RaftServerConfigKeys (ConfUtils.java:logGet(44)) - raft.server.storage.dir = [/github/workspace/mnt/ozone/hadoop-ozone/integration-test/target/test-dir/MiniOzoneClusterImpl-e9c98d0f-e324-43f2-aa41-70e4df10ec43/datanode-3/data/ratis] (custom)
2020-06-06 05:15:56,254 [Listener at 127.0.0.1/44133] INFO  http.BaseHttpServer (BaseHttpServer.java:newHttpServer2BuilderForOzone(205)) - Starting Web-server for hddsDatanode at: http://0.0.0.0:0
2020-06-06 05:15:56,254 [Listener at 127.0.0.1/44133] INFO  http.BaseHttpServer (BaseHttpServer.java:<init>(106)) - Hadoop Security Enabled: false Ozone Security Enabled: false Ozone HTTP Security Enabled: false 
2020-06-06 05:15:56,256 [Listener at 127.0.0.1/44133] INFO  server.AuthenticationFilter (AuthenticationFilter.java:constructSecretProvider(240)) - Unable to initialize FileSignerSecretProvider, falling back to use random secrets.
2020-06-06 05:15:56,256 [Listener at 127.0.0.1/44133] WARN  http.HttpRequestLog (HttpRequestLog.java:getRequestLog(103)) - Jetty request log can only be enabled using Log4j
2020-06-06 05:15:56,257 [Listener at 127.0.0.1/44133] INFO  http.HttpServer2 (HttpServer2.java:addGlobalFilter(993)) - Added global filter 'safety' (class=org.apache.hadoop.hdds.server.http.HttpServer2$QuotingInputFilter)
2020-06-06 05:15:56,258 [Listener at 127.0.0.1/44133] INFO  http.HttpServer2 (HttpServer2.java:addFilter(969)) - Added filter authentication (class=org.apache.hadoop.security.authentication.server.AuthenticationFilter) to context hddsDatanode
2020-06-06 05:15:56,258 [Listener at 127.0.0.1/44133] INFO  http.HttpServer2 (HttpServer2.java:addFilter(977)) - Added filter authentication (class=org.apache.hadoop.security.authentication.server.AuthenticationFilter) to context static
2020-06-06 05:15:56,258 [Listener at 127.0.0.1/44133] INFO  http.HttpServer2 (HttpServer2.java:addFilter(977)) - Added filter authentication (class=org.apache.hadoop.security.authentication.server.AuthenticationFilter) to context logs
2020-06-06 05:15:56,258 [Listener at 127.0.0.1/44133] INFO  http.HttpServer2 (HttpServer2.java:bindListener(1211)) - Jetty bound to port 34463
2020-06-06 05:15:56,258 [Listener at 127.0.0.1/44133] INFO  server.Server (Server.java:doStart(359)) - jetty-9.4.26.v20200117; built: 2020-01-17T12:35:33.676Z; git: 7b38981d25d14afb4a12ff1f2596756144edf695; jvm 1.8.0_232-b09
2020-06-06 05:15:56,263 [Listener at 127.0.0.1/44133] INFO  server.session (DefaultSessionIdManager.java:doStart(333)) - DefaultSessionIdManager workerName=node0
2020-06-06 05:15:56,263 [Listener at 127.0.0.1/44133] INFO  server.session (DefaultSessionIdManager.java:doStart(338)) - No SessionScavenger set, using defaults
2020-06-06 05:15:56,263 [Listener at 127.0.0.1/44133] INFO  server.session (HouseKeeper.java:startScavenging(140)) - node0 Scavenging every 600000ms
2020-06-06 05:15:56,264 [Listener at 127.0.0.1/44133] INFO  server.AuthenticationFilter (AuthenticationFilter.java:constructSecretProvider(240)) - Unable to initialize FileSignerSecretProvider, falling back to use random secrets.
2020-06-06 05:15:56,264 [Listener at 127.0.0.1/44133] INFO  handler.ContextHandler (ContextHandler.java:doStart(825)) - Started o.e.j.s.ServletContextHandler@3b58a6a0{logs,/logs,file:///github/workspace/mnt/ozone/hadoop-ozone/integration-test/target/log,AVAILABLE}
2020-06-06 05:15:56,265 [Listener at 127.0.0.1/44133] INFO  handler.ContextHandler (ContextHandler.java:doStart(825)) - Started o.e.j.s.ServletContextHandler@5c4117c0{static,/static,jar:file:/home/user/.m2/repository/org/apache/hadoop/hadoop-hdds-container-service/0.6.0-SNAPSHOT/hadoop-hdds-container-service-0.6.0-SNAPSHOT.jar!/webapps/static,AVAILABLE}
2020-06-06 05:15:56,285 [Listener at 127.0.0.1/44133] INFO  handler.ContextHandler (ContextHandler.java:doStart(825)) - Started o.e.j.w.WebAppContext@38b457ab{hddsDatanode,/,file:///tmp/jetty-0_0_0_0-34463-hadoop-hdds-container-service-0_6_0-SNAPSHOT_jar-_-any-4564041254341380601.dir/webapp/,AVAILABLE}{jar:file:/home/user/.m2/repository/org/apache/hadoop/hadoop-hdds-container-service/0.6.0-SNAPSHOT/hadoop-hdds-container-service-0.6.0-SNAPSHOT.jar!/webapps/hddsDatanode}
2020-06-06 05:15:56,289 [Listener at 127.0.0.1/44133] INFO  server.AbstractConnector (AbstractConnector.java:doStart(330)) - Started ServerConnector@56b37dfc{HTTP/1.1,[http/1.1]}{0.0.0.0:34463}
2020-06-06 05:15:56,291 [Listener at 127.0.0.1/44133] INFO  server.Server (Server.java:doStart(399)) - Started @4981ms
2020-06-06 05:15:56,292 [Listener at 127.0.0.1/44133] WARN  impl.MetricsSystemImpl (MetricsSystemImpl.java:register(276)) - Sink prometheus already exists!
2020-06-06 05:15:56,294 [Listener at 127.0.0.1/44133] INFO  http.BaseHttpServer (BaseHttpServer.java:updateConnectorAddress(325)) - HTTP server of hddsDatanode listening at http://0.0.0.0:34463
2020-06-06 05:15:56,295 [Listener at 127.0.0.1/44133] INFO  impl.MetricsSystemImpl (MetricsSystemImpl.java:init(158)) - HddsDatanode metrics system started (again)
2020-06-06 05:15:56,298 [Listener at 127.0.0.1/44133] INFO  ozone.HddsDatanodeService (HddsDatanodeService.java:start(205)) - HddsDatanodeService host:04ab1dbc0cb6 ip:172.17.0.2
2020-06-06 05:15:56,300 [Listener at 127.0.0.1/44133] INFO  volume.HddsVolume (HddsVolume.java:<init>(176)) - Creating Volume: /github/workspace/mnt/ozone/hadoop-ozone/integration-test/target/test-dir/MiniOzoneClusterImpl-e9c98d0f-e324-43f2-aa41-70e4df10ec43/datanode-4/data-0/containers/hdds of storage type : DISK and capacity : 9223372036854775807
2020-06-06 05:15:56,300 [Listener at 127.0.0.1/44133] INFO  volume.MutableVolumeSet (MutableVolumeSet.java:initializeVolumeSet(181)) - Added Volume : /github/workspace/mnt/ozone/hadoop-ozone/integration-test/target/test-dir/MiniOzoneClusterImpl-e9c98d0f-e324-43f2-aa41-70e4df10ec43/datanode-4/data-0/containers/hdds to VolumeSet
2020-06-06 05:15:56,300 [Listener at 127.0.0.1/44133] INFO  volume.ThrottledAsyncChecker (ThrottledAsyncChecker.java:schedule(141)) - Scheduling a check for /github/workspace/mnt/ozone/hadoop-ozone/integration-test/target/test-dir/MiniOzoneClusterImpl-e9c98d0f-e324-43f2-aa41-70e4df10ec43/datanode-4/data-0/containers/hdds
2020-06-06 05:15:56,301 [Listener at 127.0.0.1/44133] INFO  volume.HddsVolumeChecker (HddsVolumeChecker.java:checkAllVolumes(200)) - Scheduled health check for volume /github/workspace/mnt/ozone/hadoop-ozone/integration-test/target/test-dir/MiniOzoneClusterImpl-e9c98d0f-e324-43f2-aa41-70e4df10ec43/datanode-4/data-0/containers/hdds
2020-06-06 05:15:56,328 [org.apache.hadoop.util.JvmPauseMonitor$Monitor@4a1dba25] INFO  util.JvmPauseMonitor (JvmPauseMonitor.java:run(188)) - Starting JVM pause monitor
2020-06-06 05:15:56,341 [Datanode State Machine Thread - 0] INFO  datanode.InitDatanodeState (InitDatanodeState.java:persistContainerDatanodeDetails(145)) - DatanodeDetails is persisted to /github/workspace/mnt/ozone/hadoop-ozone/integration-test/target/test-dir/MiniOzoneClusterImpl-e9c98d0f-e324-43f2-aa41-70e4df10ec43/datanode-3/meta/datanode.id
2020-06-06 05:15:56,346 [Listener at 127.0.0.1/44133] INFO  impl.RaftServerProxy (ConfUtils.java:logGet(44)) - raft.rpc.type = GRPC (default)
2020-06-06 05:15:56,346 [Listener at 127.0.0.1/44133] INFO  grpc.GrpcFactory (GrpcFactory.java:checkPooledByteBufAllocatorUseCacheForAllThreads(45)) - PERFORMANCE WARNING: useCacheForAllThreads is true that may cause Netty to create a lot garbage objects and, as a result, trigger GC.
	It is recommended to disable useCacheForAllThreads by setting -Dorg.apache.ratis.thirdparty.io.netty.allocator.useCacheForAllThreads=false in command line.
2020-06-06 05:15:56,346 [Listener at 127.0.0.1/44133] INFO  grpc.GrpcConfigKeys (ConfUtils.java:logGet(44)) - raft.grpc.server.port = 0 (default)
2020-06-06 05:15:56,346 [Listener at 127.0.0.1/44133] INFO  server.GrpcService (ConfUtils.java:logGet(44)) - raft.grpc.message.size.max = 32MB (=33554432) (custom)
2020-06-06 05:15:56,346 [Listener at 127.0.0.1/44133] INFO  server.RaftServerConfigKeys (ConfUtils.java:logGet(44)) - raft.server.log.appender.buffer.byte-limit = 33554432 (custom)
2020-06-06 05:15:56,346 [Listener at 127.0.0.1/44133] INFO  server.GrpcService (ConfUtils.java:logGet(44)) - raft.grpc.flow.control.window = 5MB (=5242880) (custom)
2020-06-06 05:15:56,347 [Listener at 127.0.0.1/44133] INFO  server.RaftServerConfigKeys (ConfUtils.java:logGet(44)) - raft.server.rpc.request.timeout = 3s (default)
2020-06-06 05:15:56,349 [Listener at 127.0.0.1/44133] INFO  server.RaftServerConfigKeys (ConfUtils.java:logGet(44)) - raft.server.storage.dir = [/github/workspace/mnt/ozone/hadoop-ozone/integration-test/target/test-dir/MiniOzoneClusterImpl-e9c98d0f-e324-43f2-aa41-70e4df10ec43/datanode-4/data/ratis] (custom)
2020-06-06 05:15:56,354 [Listener at 127.0.0.1/44133] INFO  http.BaseHttpServer (BaseHttpServer.java:newHttpServer2BuilderForOzone(205)) - Starting Web-server for hddsDatanode at: http://0.0.0.0:0
2020-06-06 05:15:56,358 [Listener at 127.0.0.1/44133] INFO  http.BaseHttpServer (BaseHttpServer.java:<init>(106)) - Hadoop Security Enabled: false Ozone Security Enabled: false Ozone HTTP Security Enabled: false 
2020-06-06 05:15:56,359 [Listener at 127.0.0.1/44133] INFO  server.AuthenticationFilter (AuthenticationFilter.java:constructSecretProvider(240)) - Unable to initialize FileSignerSecretProvider, falling back to use random secrets.
2020-06-06 05:15:56,360 [Listener at 127.0.0.1/44133] WARN  http.HttpRequestLog (HttpRequestLog.java:getRequestLog(103)) - Jetty request log can only be enabled using Log4j
2020-06-06 05:15:56,361 [Listener at 127.0.0.1/44133] INFO  http.HttpServer2 (HttpServer2.java:addGlobalFilter(993)) - Added global filter 'safety' (class=org.apache.hadoop.hdds.server.http.HttpServer2$QuotingInputFilter)
2020-06-06 05:15:56,362 [Listener at 127.0.0.1/44133] INFO  http.HttpServer2 (HttpServer2.java:addFilter(969)) - Added filter authentication (class=org.apache.hadoop.security.authentication.server.AuthenticationFilter) to context hddsDatanode
2020-06-06 05:15:56,362 [Listener at 127.0.0.1/44133] INFO  http.HttpServer2 (HttpServer2.java:addFilter(977)) - Added filter authentication (class=org.apache.hadoop.security.authentication.server.AuthenticationFilter) to context logs
2020-06-06 05:15:56,362 [Listener at 127.0.0.1/44133] INFO  http.HttpServer2 (HttpServer2.java:addFilter(977)) - Added filter authentication (class=org.apache.hadoop.security.authentication.server.AuthenticationFilter) to context static
2020-06-06 05:15:56,362 [Listener at 127.0.0.1/44133] INFO  http.HttpServer2 (HttpServer2.java:bindListener(1211)) - Jetty bound to port 36831
2020-06-06 05:15:56,362 [Listener at 127.0.0.1/44133] INFO  server.Server (Server.java:doStart(359)) - jetty-9.4.26.v20200117; built: 2020-01-17T12:35:33.676Z; git: 7b38981d25d14afb4a12ff1f2596756144edf695; jvm 1.8.0_232-b09
2020-06-06 05:15:56,366 [Listener at 127.0.0.1/44133] INFO  server.session (DefaultSessionIdManager.java:doStart(333)) - DefaultSessionIdManager workerName=node0
2020-06-06 05:15:56,366 [Listener at 127.0.0.1/44133] INFO  server.session (DefaultSessionIdManager.java:doStart(338)) - No SessionScavenger set, using defaults
2020-06-06 05:15:56,366 [Listener at 127.0.0.1/44133] INFO  server.session (HouseKeeper.java:startScavenging(140)) - node0 Scavenging every 660000ms
2020-06-06 05:15:56,367 [Listener at 127.0.0.1/44133] INFO  server.AuthenticationFilter (AuthenticationFilter.java:constructSecretProvider(240)) - Unable to initialize FileSignerSecretProvider, falling back to use random secrets.
2020-06-06 05:15:56,368 [Listener at 127.0.0.1/44133] INFO  handler.ContextHandler (ContextHandler.java:doStart(825)) - Started o.e.j.s.ServletContextHandler@33bd9c79{logs,/logs,file:///github/workspace/mnt/ozone/hadoop-ozone/integration-test/target/log,AVAILABLE}
2020-06-06 05:15:56,368 [Listener at 127.0.0.1/44133] INFO  handler.ContextHandler (ContextHandler.java:doStart(825)) - Started o.e.j.s.ServletContextHandler@4c10c57f{static,/static,jar:file:/home/user/.m2/repository/org/apache/hadoop/hadoop-hdds-container-service/0.6.0-SNAPSHOT/hadoop-hdds-container-service-0.6.0-SNAPSHOT.jar!/webapps/static,AVAILABLE}
2020-06-06 05:15:56,393 [Listener at 127.0.0.1/44133] INFO  handler.ContextHandler (ContextHandler.java:doStart(825)) - Started o.e.j.w.WebAppContext@76a70b39{hddsDatanode,/,file:///tmp/jetty-0_0_0_0-36831-hadoop-hdds-container-service-0_6_0-SNAPSHOT_jar-_-any-6109750668296851508.dir/webapp/,AVAILABLE}{jar:file:/home/user/.m2/repository/org/apache/hadoop/hadoop-hdds-container-service/0.6.0-SNAPSHOT/hadoop-hdds-container-service-0.6.0-SNAPSHOT.jar!/webapps/hddsDatanode}
2020-06-06 05:15:56,398 [Listener at 127.0.0.1/44133] INFO  server.AbstractConnector (AbstractConnector.java:doStart(330)) - Started ServerConnector@1788f557{HTTP/1.1,[http/1.1]}{0.0.0.0:36831}
2020-06-06 05:15:56,398 [Listener at 127.0.0.1/44133] INFO  server.Server (Server.java:doStart(399)) - Started @5090ms
2020-06-06 05:15:56,398 [Listener at 127.0.0.1/44133] WARN  impl.MetricsSystemImpl (MetricsSystemImpl.java:register(276)) - Sink prometheus already exists!
2020-06-06 05:15:56,401 [Listener at 127.0.0.1/44133] INFO  http.BaseHttpServer (BaseHttpServer.java:updateConnectorAddress(325)) - HTTP server of hddsDatanode listening at http://0.0.0.0:36831
2020-06-06 05:15:56,401 [Listener at 127.0.0.1/44133] INFO  impl.MetricsSystemImpl (MetricsSystemImpl.java:init(158)) - HddsDatanode metrics system started (again)
2020-06-06 05:15:56,402 [Listener at 127.0.0.1/44133] INFO  ozone.HddsDatanodeService (HddsDatanodeService.java:start(205)) - HddsDatanodeService host:04ab1dbc0cb6 ip:172.17.0.2
2020-06-06 05:15:56,404 [Listener at 127.0.0.1/44133] INFO  volume.HddsVolume (HddsVolume.java:<init>(176)) - Creating Volume: /github/workspace/mnt/ozone/hadoop-ozone/integration-test/target/test-dir/MiniOzoneClusterImpl-e9c98d0f-e324-43f2-aa41-70e4df10ec43/datanode-5/data-0/containers/hdds of storage type : DISK and capacity : 9223372036854775807
2020-06-06 05:15:56,406 [Listener at 127.0.0.1/44133] INFO  volume.MutableVolumeSet (MutableVolumeSet.java:initializeVolumeSet(181)) - Added Volume : /github/workspace/mnt/ozone/hadoop-ozone/integration-test/target/test-dir/MiniOzoneClusterImpl-e9c98d0f-e324-43f2-aa41-70e4df10ec43/datanode-5/data-0/containers/hdds to VolumeSet
2020-06-06 05:15:56,406 [Listener at 127.0.0.1/44133] INFO  volume.ThrottledAsyncChecker (ThrottledAsyncChecker.java:schedule(141)) - Scheduling a check for /github/workspace/mnt/ozone/hadoop-ozone/integration-test/target/test-dir/MiniOzoneClusterImpl-e9c98d0f-e324-43f2-aa41-70e4df10ec43/datanode-5/data-0/containers/hdds
2020-06-06 05:15:56,408 [Listener at 127.0.0.1/44133] INFO  volume.HddsVolumeChecker (HddsVolumeChecker.java:checkAllVolumes(200)) - Scheduled health check for volume /github/workspace/mnt/ozone/hadoop-ozone/integration-test/target/test-dir/MiniOzoneClusterImpl-e9c98d0f-e324-43f2-aa41-70e4df10ec43/datanode-5/data-0/containers/hdds
2020-06-06 05:15:56,432 [org.apache.hadoop.util.JvmPauseMonitor$Monitor@19372667] INFO  util.JvmPauseMonitor (JvmPauseMonitor.java:run(188)) - Starting JVM pause monitor
2020-06-06 05:15:56,438 [Datanode State Machine Thread - 0] INFO  datanode.InitDatanodeState (InitDatanodeState.java:persistContainerDatanodeDetails(145)) - DatanodeDetails is persisted to /github/workspace/mnt/ozone/hadoop-ozone/integration-test/target/test-dir/MiniOzoneClusterImpl-e9c98d0f-e324-43f2-aa41-70e4df10ec43/datanode-4/meta/datanode.id
2020-06-06 05:15:56,440 [Listener at 127.0.0.1/44133] INFO  impl.RaftServerProxy (ConfUtils.java:logGet(44)) - raft.rpc.type = GRPC (default)
2020-06-06 05:15:56,442 [Listener at 127.0.0.1/44133] INFO  grpc.GrpcFactory (GrpcFactory.java:checkPooledByteBufAllocatorUseCacheForAllThreads(45)) - PERFORMANCE WARNING: useCacheForAllThreads is true that may cause Netty to create a lot garbage objects and, as a result, trigger GC.
	It is recommended to disable useCacheForAllThreads by setting -Dorg.apache.ratis.thirdparty.io.netty.allocator.useCacheForAllThreads=false in command line.
2020-06-06 05:15:56,442 [Listener at 127.0.0.1/44133] INFO  grpc.GrpcConfigKeys (ConfUtils.java:logGet(44)) - raft.grpc.server.port = 0 (default)
2020-06-06 05:15:56,443 [Listener at 127.0.0.1/44133] INFO  server.GrpcService (ConfUtils.java:logGet(44)) - raft.grpc.message.size.max = 32MB (=33554432) (custom)
2020-06-06 05:15:56,443 [Listener at 127.0.0.1/44133] INFO  server.RaftServerConfigKeys (ConfUtils.java:logGet(44)) - raft.server.log.appender.buffer.byte-limit = 33554432 (custom)
2020-06-06 05:15:56,443 [Listener at 127.0.0.1/44133] INFO  server.GrpcService (ConfUtils.java:logGet(44)) - raft.grpc.flow.control.window = 5MB (=5242880) (custom)
2020-06-06 05:15:56,443 [Listener at 127.0.0.1/44133] INFO  server.RaftServerConfigKeys (ConfUtils.java:logGet(44)) - raft.server.rpc.request.timeout = 3s (default)
2020-06-06 05:15:56,444 [Listener at 127.0.0.1/44133] INFO  server.RaftServerConfigKeys (ConfUtils.java:logGet(44)) - raft.server.storage.dir = [/github/workspace/mnt/ozone/hadoop-ozone/integration-test/target/test-dir/MiniOzoneClusterImpl-e9c98d0f-e324-43f2-aa41-70e4df10ec43/datanode-5/data/ratis] (custom)
2020-06-06 05:15:56,448 [Listener at 127.0.0.1/44133] INFO  http.BaseHttpServer (BaseHttpServer.java:newHttpServer2BuilderForOzone(205)) - Starting Web-server for hddsDatanode at: http://0.0.0.0:0
2020-06-06 05:15:56,449 [Listener at 127.0.0.1/44133] INFO  http.BaseHttpServer (BaseHttpServer.java:<init>(106)) - Hadoop Security Enabled: false Ozone Security Enabled: false Ozone HTTP Security Enabled: false 
2020-06-06 05:15:56,450 [Listener at 127.0.0.1/44133] INFO  server.AuthenticationFilter (AuthenticationFilter.java:constructSecretProvider(240)) - Unable to initialize FileSignerSecretProvider, falling back to use random secrets.
2020-06-06 05:15:56,450 [Listener at 127.0.0.1/44133] WARN  http.HttpRequestLog (HttpRequestLog.java:getRequestLog(103)) - Jetty request log can only be enabled using Log4j
2020-06-06 05:15:56,451 [Listener at 127.0.0.1/44133] INFO  http.HttpServer2 (HttpServer2.java:addGlobalFilter(993)) - Added global filter 'safety' (class=org.apache.hadoop.hdds.server.http.HttpServer2$QuotingInputFilter)
2020-06-06 05:15:56,452 [Listener at 127.0.0.1/44133] INFO  http.HttpServer2 (HttpServer2.java:addFilter(969)) - Added filter authentication (class=org.apache.hadoop.security.authentication.server.AuthenticationFilter) to context hddsDatanode
2020-06-06 05:15:56,452 [Listener at 127.0.0.1/44133] INFO  http.HttpServer2 (HttpServer2.java:addFilter(977)) - Added filter authentication (class=org.apache.hadoop.security.authentication.server.AuthenticationFilter) to context static
2020-06-06 05:15:56,453 [Listener at 127.0.0.1/44133] INFO  http.HttpServer2 (HttpServer2.java:addFilter(977)) - Added filter authentication (class=org.apache.hadoop.security.authentication.server.AuthenticationFilter) to context logs
2020-06-06 05:15:56,454 [Listener at 127.0.0.1/44133] INFO  http.HttpServer2 (HttpServer2.java:bindListener(1211)) - Jetty bound to port 42303
2020-06-06 05:15:56,454 [Listener at 127.0.0.1/44133] INFO  server.Server (Server.java:doStart(359)) - jetty-9.4.26.v20200117; built: 2020-01-17T12:35:33.676Z; git: 7b38981d25d14afb4a12ff1f2596756144edf695; jvm 1.8.0_232-b09
2020-06-06 05:15:56,456 [Listener at 127.0.0.1/44133] INFO  server.session (DefaultSessionIdManager.java:doStart(333)) - DefaultSessionIdManager workerName=node0
2020-06-06 05:15:56,456 [Listener at 127.0.0.1/44133] INFO  server.session (DefaultSessionIdManager.java:doStart(338)) - No SessionScavenger set, using defaults
2020-06-06 05:15:56,456 [Listener at 127.0.0.1/44133] INFO  server.session (HouseKeeper.java:startScavenging(140)) - node0 Scavenging every 660000ms
2020-06-06 05:15:56,457 [Listener at 127.0.0.1/44133] INFO  server.AuthenticationFilter (AuthenticationFilter.java:constructSecretProvider(240)) - Unable to initialize FileSignerSecretProvider, falling back to use random secrets.
2020-06-06 05:15:56,458 [Listener at 127.0.0.1/44133] INFO  handler.ContextHandler (ContextHandler.java:doStart(825)) - Started o.e.j.s.ServletContextHandler@452bbe86{logs,/logs,file:///github/workspace/mnt/ozone/hadoop-ozone/integration-test/target/log,AVAILABLE}
2020-06-06 05:15:56,458 [Listener at 127.0.0.1/44133] INFO  handler.ContextHandler (ContextHandler.java:doStart(825)) - Started o.e.j.s.ServletContextHandler@77c2f96b{static,/static,jar:file:/home/user/.m2/repository/org/apache/hadoop/hadoop-hdds-container-service/0.6.0-SNAPSHOT/hadoop-hdds-container-service-0.6.0-SNAPSHOT.jar!/webapps/static,AVAILABLE}
2020-06-06 05:15:56,477 [Listener at 127.0.0.1/44133] INFO  handler.ContextHandler (ContextHandler.java:doStart(825)) - Started o.e.j.w.WebAppContext@330024ec{hddsDatanode,/,file:///tmp/jetty-0_0_0_0-42303-hadoop-hdds-container-service-0_6_0-SNAPSHOT_jar-_-any-3832665770737238784.dir/webapp/,AVAILABLE}{jar:file:/home/user/.m2/repository/org/apache/hadoop/hadoop-hdds-container-service/0.6.0-SNAPSHOT/hadoop-hdds-container-service-0.6.0-SNAPSHOT.jar!/webapps/hddsDatanode}
2020-06-06 05:15:56,480 [Listener at 127.0.0.1/44133] INFO  server.AbstractConnector (AbstractConnector.java:doStart(330)) - Started ServerConnector@57305173{HTTP/1.1,[http/1.1]}{0.0.0.0:42303}
2020-06-06 05:15:56,481 [Listener at 127.0.0.1/44133] INFO  server.Server (Server.java:doStart(399)) - Started @5173ms
2020-06-06 05:15:56,481 [Listener at 127.0.0.1/44133] WARN  impl.MetricsSystemImpl (MetricsSystemImpl.java:register(276)) - Sink prometheus already exists!
2020-06-06 05:15:56,483 [Listener at 127.0.0.1/44133] INFO  http.BaseHttpServer (BaseHttpServer.java:updateConnectorAddress(325)) - HTTP server of hddsDatanode listening at http://0.0.0.0:42303
2020-06-06 05:15:56,484 [Listener at 127.0.0.1/44133] INFO  impl.MetricsSystemImpl (MetricsSystemImpl.java:init(158)) - HddsDatanode metrics system started (again)
2020-06-06 05:15:56,485 [Listener at 127.0.0.1/44133] INFO  ozone.HddsDatanodeService (HddsDatanodeService.java:start(205)) - HddsDatanodeService host:04ab1dbc0cb6 ip:172.17.0.2
2020-06-06 05:15:56,487 [Listener at 127.0.0.1/44133] INFO  volume.HddsVolume (HddsVolume.java:<init>(176)) - Creating Volume: /github/workspace/mnt/ozone/hadoop-ozone/integration-test/target/test-dir/MiniOzoneClusterImpl-e9c98d0f-e324-43f2-aa41-70e4df10ec43/datanode-6/data-0/containers/hdds of storage type : DISK and capacity : 9223372036854775807
2020-06-06 05:15:56,488 [Listener at 127.0.0.1/44133] INFO  volume.MutableVolumeSet (MutableVolumeSet.java:initializeVolumeSet(181)) - Added Volume : /github/workspace/mnt/ozone/hadoop-ozone/integration-test/target/test-dir/MiniOzoneClusterImpl-e9c98d0f-e324-43f2-aa41-70e4df10ec43/datanode-6/data-0/containers/hdds to VolumeSet
2020-06-06 05:15:56,488 [Listener at 127.0.0.1/44133] INFO  volume.ThrottledAsyncChecker (ThrottledAsyncChecker.java:schedule(141)) - Scheduling a check for /github/workspace/mnt/ozone/hadoop-ozone/integration-test/target/test-dir/MiniOzoneClusterImpl-e9c98d0f-e324-43f2-aa41-70e4df10ec43/datanode-6/data-0/containers/hdds
2020-06-06 05:15:56,490 [Listener at 127.0.0.1/44133] INFO  volume.HddsVolumeChecker (HddsVolumeChecker.java:checkAllVolumes(200)) - Scheduled health check for volume /github/workspace/mnt/ozone/hadoop-ozone/integration-test/target/test-dir/MiniOzoneClusterImpl-e9c98d0f-e324-43f2-aa41-70e4df10ec43/datanode-6/data-0/containers/hdds
2020-06-06 05:15:56,512 [org.apache.hadoop.util.JvmPauseMonitor$Monitor@36729927] INFO  util.JvmPauseMonitor (JvmPauseMonitor.java:run(188)) - Starting JVM pause monitor
2020-06-06 05:15:56,514 [Datanode State Machine Thread - 0] INFO  datanode.InitDatanodeState (InitDatanodeState.java:persistContainerDatanodeDetails(145)) - DatanodeDetails is persisted to /github/workspace/mnt/ozone/hadoop-ozone/integration-test/target/test-dir/MiniOzoneClusterImpl-e9c98d0f-e324-43f2-aa41-70e4df10ec43/datanode-5/meta/datanode.id
2020-06-06 05:15:56,517 [Listener at 127.0.0.1/44133] INFO  impl.RaftServerProxy (ConfUtils.java:logGet(44)) - raft.rpc.type = GRPC (default)
2020-06-06 05:15:56,518 [Listener at 127.0.0.1/44133] INFO  grpc.GrpcFactory (GrpcFactory.java:checkPooledByteBufAllocatorUseCacheForAllThreads(45)) - PERFORMANCE WARNING: useCacheForAllThreads is true that may cause Netty to create a lot garbage objects and, as a result, trigger GC.
	It is recommended to disable useCacheForAllThreads by setting -Dorg.apache.ratis.thirdparty.io.netty.allocator.useCacheForAllThreads=false in command line.
2020-06-06 05:15:56,519 [Listener at 127.0.0.1/44133] INFO  grpc.GrpcConfigKeys (ConfUtils.java:logGet(44)) - raft.grpc.server.port = 0 (default)
2020-06-06 05:15:56,519 [Listener at 127.0.0.1/44133] INFO  server.GrpcService (ConfUtils.java:logGet(44)) - raft.grpc.message.size.max = 32MB (=33554432) (custom)
2020-06-06 05:15:56,519 [Listener at 127.0.0.1/44133] INFO  server.RaftServerConfigKeys (ConfUtils.java:logGet(44)) - raft.server.log.appender.buffer.byte-limit = 33554432 (custom)
2020-06-06 05:15:56,519 [Listener at 127.0.0.1/44133] INFO  server.GrpcService (ConfUtils.java:logGet(44)) - raft.grpc.flow.control.window = 5MB (=5242880) (custom)
2020-06-06 05:15:56,519 [Listener at 127.0.0.1/44133] INFO  server.RaftServerConfigKeys (ConfUtils.java:logGet(44)) - raft.server.rpc.request.timeout = 3s (default)
2020-06-06 05:15:56,520 [Listener at 127.0.0.1/44133] INFO  server.RaftServerConfigKeys (ConfUtils.java:logGet(44)) - raft.server.storage.dir = [/github/workspace/mnt/ozone/hadoop-ozone/integration-test/target/test-dir/MiniOzoneClusterImpl-e9c98d0f-e324-43f2-aa41-70e4df10ec43/datanode-6/data/ratis] (custom)
2020-06-06 05:15:56,525 [Listener at 127.0.0.1/44133] INFO  http.BaseHttpServer (BaseHttpServer.java:newHttpServer2BuilderForOzone(205)) - Starting Web-server for hddsDatanode at: http://0.0.0.0:0
2020-06-06 05:15:56,525 [Listener at 127.0.0.1/44133] INFO  http.BaseHttpServer (BaseHttpServer.java:<init>(106)) - Hadoop Security Enabled: false Ozone Security Enabled: false Ozone HTTP Security Enabled: false 
2020-06-06 05:15:56,527 [Listener at 127.0.0.1/44133] INFO  server.AuthenticationFilter (AuthenticationFilter.java:constructSecretProvider(240)) - Unable to initialize FileSignerSecretProvider, falling back to use random secrets.
2020-06-06 05:15:56,527 [Listener at 127.0.0.1/44133] WARN  http.HttpRequestLog (HttpRequestLog.java:getRequestLog(103)) - Jetty request log can only be enabled using Log4j
2020-06-06 05:15:56,528 [Listener at 127.0.0.1/44133] INFO  http.HttpServer2 (HttpServer2.java:addGlobalFilter(993)) - Added global filter 'safety' (class=org.apache.hadoop.hdds.server.http.HttpServer2$QuotingInputFilter)
2020-06-06 05:15:56,529 [Listener at 127.0.0.1/44133] INFO  http.HttpServer2 (HttpServer2.java:addFilter(969)) - Added filter authentication (class=org.apache.hadoop.security.authentication.server.AuthenticationFilter) to context hddsDatanode
2020-06-06 05:15:56,529 [Listener at 127.0.0.1/44133] INFO  http.HttpServer2 (HttpServer2.java:addFilter(977)) - Added filter authentication (class=org.apache.hadoop.security.authentication.server.AuthenticationFilter) to context static
2020-06-06 05:15:56,530 [Listener at 127.0.0.1/44133] INFO  http.HttpServer2 (HttpServer2.java:addFilter(977)) - Added filter authentication (class=org.apache.hadoop.security.authentication.server.AuthenticationFilter) to context logs
2020-06-06 05:15:56,530 [Listener at 127.0.0.1/44133] INFO  http.HttpServer2 (HttpServer2.java:bindListener(1211)) - Jetty bound to port 32809
2020-06-06 05:15:56,530 [Listener at 127.0.0.1/44133] INFO  server.Server (Server.java:doStart(359)) - jetty-9.4.26.v20200117; built: 2020-01-17T12:35:33.676Z; git: 7b38981d25d14afb4a12ff1f2596756144edf695; jvm 1.8.0_232-b09
2020-06-06 05:15:56,533 [Listener at 127.0.0.1/44133] INFO  server.session (DefaultSessionIdManager.java:doStart(333)) - DefaultSessionIdManager workerName=node0
2020-06-06 05:15:56,533 [Listener at 127.0.0.1/44133] INFO  server.session (DefaultSessionIdManager.java:doStart(338)) - No SessionScavenger set, using defaults
2020-06-06 05:15:56,533 [Listener at 127.0.0.1/44133] INFO  server.session (HouseKeeper.java:startScavenging(140)) - node0 Scavenging every 600000ms
2020-06-06 05:15:56,536 [Listener at 127.0.0.1/44133] INFO  server.AuthenticationFilter (AuthenticationFilter.java:constructSecretProvider(240)) - Unable to initialize FileSignerSecretProvider, falling back to use random secrets.
2020-06-06 05:15:56,537 [Listener at 127.0.0.1/44133] INFO  handler.ContextHandler (ContextHandler.java:doStart(825)) - Started o.e.j.s.ServletContextHandler@158549aa{logs,/logs,file:///github/workspace/mnt/ozone/hadoop-ozone/integration-test/target/log,AVAILABLE}
2020-06-06 05:15:56,538 [Listener at 127.0.0.1/44133] INFO  handler.ContextHandler (ContextHandler.java:doStart(825)) - Started o.e.j.s.ServletContextHandler@795593af{static,/static,jar:file:/home/user/.m2/repository/org/apache/hadoop/hadoop-hdds-container-service/0.6.0-SNAPSHOT/hadoop-hdds-container-service-0.6.0-SNAPSHOT.jar!/webapps/static,AVAILABLE}
2020-06-06 05:15:56,559 [Listener at 127.0.0.1/44133] INFO  handler.ContextHandler (ContextHandler.java:doStart(825)) - Started o.e.j.w.WebAppContext@2a911876{hddsDatanode,/,file:///tmp/jetty-0_0_0_0-32809-hadoop-hdds-container-service-0_6_0-SNAPSHOT_jar-_-any-7862969141038635610.dir/webapp/,AVAILABLE}{jar:file:/home/user/.m2/repository/org/apache/hadoop/hadoop-hdds-container-service/0.6.0-SNAPSHOT/hadoop-hdds-container-service-0.6.0-SNAPSHOT.jar!/webapps/hddsDatanode}
2020-06-06 05:15:56,561 [Listener at 127.0.0.1/44133] INFO  server.AbstractConnector (AbstractConnector.java:doStart(330)) - Started ServerConnector@1d425aea{HTTP/1.1,[http/1.1]}{0.0.0.0:32809}
2020-06-06 05:15:56,561 [Listener at 127.0.0.1/44133] INFO  server.Server (Server.java:doStart(399)) - Started @5253ms
2020-06-06 05:15:56,561 [Listener at 127.0.0.1/44133] WARN  impl.MetricsSystemImpl (MetricsSystemImpl.java:register(276)) - Sink prometheus already exists!
2020-06-06 05:15:56,564 [Listener at 127.0.0.1/44133] INFO  http.BaseHttpServer (BaseHttpServer.java:updateConnectorAddress(325)) - HTTP server of hddsDatanode listening at http://0.0.0.0:32809
2020-06-06 05:15:56,564 [Listener at 127.0.0.1/44133] INFO  impl.MetricsSystemImpl (MetricsSystemImpl.java:init(158)) - HddsDatanode metrics system started (again)
2020-06-06 05:15:56,565 [Listener at 127.0.0.1/44133] INFO  ozone.HddsDatanodeService (HddsDatanodeService.java:start(205)) - HddsDatanodeService host:04ab1dbc0cb6 ip:172.17.0.2
2020-06-06 05:15:56,567 [Listener at 127.0.0.1/44133] INFO  volume.HddsVolume (HddsVolume.java:<init>(176)) - Creating Volume: /github/workspace/mnt/ozone/hadoop-ozone/integration-test/target/test-dir/MiniOzoneClusterImpl-e9c98d0f-e324-43f2-aa41-70e4df10ec43/datanode-7/data-0/containers/hdds of storage type : DISK and capacity : 9223372036854775807
2020-06-06 05:15:56,567 [Listener at 127.0.0.1/44133] INFO  volume.MutableVolumeSet (MutableVolumeSet.java:initializeVolumeSet(181)) - Added Volume : /github/workspace/mnt/ozone/hadoop-ozone/integration-test/target/test-dir/MiniOzoneClusterImpl-e9c98d0f-e324-43f2-aa41-70e4df10ec43/datanode-7/data-0/containers/hdds to VolumeSet
2020-06-06 05:15:56,567 [Listener at 127.0.0.1/44133] INFO  volume.ThrottledAsyncChecker (ThrottledAsyncChecker.java:schedule(141)) - Scheduling a check for /github/workspace/mnt/ozone/hadoop-ozone/integration-test/target/test-dir/MiniOzoneClusterImpl-e9c98d0f-e324-43f2-aa41-70e4df10ec43/datanode-7/data-0/containers/hdds
2020-06-06 05:15:56,567 [Listener at 127.0.0.1/44133] INFO  volume.HddsVolumeChecker (HddsVolumeChecker.java:checkAllVolumes(200)) - Scheduled health check for volume /github/workspace/mnt/ozone/hadoop-ozone/integration-test/target/test-dir/MiniOzoneClusterImpl-e9c98d0f-e324-43f2-aa41-70e4df10ec43/datanode-7/data-0/containers/hdds
2020-06-06 05:15:56,588 [org.apache.hadoop.util.JvmPauseMonitor$Monitor@5e9756e9] INFO  util.JvmPauseMonitor (JvmPauseMonitor.java:run(188)) - Starting JVM pause monitor
2020-06-06 05:15:56,590 [Datanode State Machine Thread - 0] INFO  datanode.InitDatanodeState (InitDatanodeState.java:persistContainerDatanodeDetails(145)) - DatanodeDetails is persisted to /github/workspace/mnt/ozone/hadoop-ozone/integration-test/target/test-dir/MiniOzoneClusterImpl-e9c98d0f-e324-43f2-aa41-70e4df10ec43/datanode-6/meta/datanode.id
2020-06-06 05:15:56,592 [Listener at 127.0.0.1/44133] INFO  impl.RaftServerProxy (ConfUtils.java:logGet(44)) - raft.rpc.type = GRPC (default)
2020-06-06 05:15:56,592 [Listener at 127.0.0.1/44133] INFO  grpc.GrpcFactory (GrpcFactory.java:checkPooledByteBufAllocatorUseCacheForAllThreads(45)) - PERFORMANCE WARNING: useCacheForAllThreads is true that may cause Netty to create a lot garbage objects and, as a result, trigger GC.
	It is recommended to disable useCacheForAllThreads by setting -Dorg.apache.ratis.thirdparty.io.netty.allocator.useCacheForAllThreads=false in command line.
2020-06-06 05:15:56,592 [Listener at 127.0.0.1/44133] INFO  grpc.GrpcConfigKeys (ConfUtils.java:logGet(44)) - raft.grpc.server.port = 0 (default)
2020-06-06 05:15:56,593 [Listener at 127.0.0.1/44133] INFO  server.GrpcService (ConfUtils.java:logGet(44)) - raft.grpc.message.size.max = 32MB (=33554432) (custom)
2020-06-06 05:15:56,593 [Listener at 127.0.0.1/44133] INFO  server.RaftServerConfigKeys (ConfUtils.java:logGet(44)) - raft.server.log.appender.buffer.byte-limit = 33554432 (custom)
2020-06-06 05:15:56,593 [Listener at 127.0.0.1/44133] INFO  server.GrpcService (ConfUtils.java:logGet(44)) - raft.grpc.flow.control.window = 5MB (=5242880) (custom)
2020-06-06 05:15:56,593 [Listener at 127.0.0.1/44133] INFO  server.RaftServerConfigKeys (ConfUtils.java:logGet(44)) - raft.server.rpc.request.timeout = 3s (default)
2020-06-06 05:15:56,594 [Listener at 127.0.0.1/44133] INFO  server.RaftServerConfigKeys (ConfUtils.java:logGet(44)) - raft.server.storage.dir = [/github/workspace/mnt/ozone/hadoop-ozone/integration-test/target/test-dir/MiniOzoneClusterImpl-e9c98d0f-e324-43f2-aa41-70e4df10ec43/datanode-7/data/ratis] (custom)
2020-06-06 05:15:56,598 [Listener at 127.0.0.1/44133] INFO  http.BaseHttpServer (BaseHttpServer.java:newHttpServer2BuilderForOzone(205)) - Starting Web-server for hddsDatanode at: http://0.0.0.0:0
2020-06-06 05:15:56,598 [Listener at 127.0.0.1/44133] INFO  http.BaseHttpServer (BaseHttpServer.java:<init>(106)) - Hadoop Security Enabled: false Ozone Security Enabled: false Ozone HTTP Security Enabled: false 
2020-06-06 05:15:56,599 [Listener at 127.0.0.1/44133] INFO  server.AuthenticationFilter (AuthenticationFilter.java:constructSecretProvider(240)) - Unable to initialize FileSignerSecretProvider, falling back to use random secrets.
2020-06-06 05:15:56,601 [Listener at 127.0.0.1/44133] WARN  http.HttpRequestLog (HttpRequestLog.java:getRequestLog(103)) - Jetty request log can only be enabled using Log4j
2020-06-06 05:15:56,602 [Listener at 127.0.0.1/44133] INFO  http.HttpServer2 (HttpServer2.java:addGlobalFilter(993)) - Added global filter 'safety' (class=org.apache.hadoop.hdds.server.http.HttpServer2$QuotingInputFilter)
2020-06-06 05:15:56,602 [Listener at 127.0.0.1/44133] INFO  http.HttpServer2 (HttpServer2.java:addFilter(969)) - Added filter authentication (class=org.apache.hadoop.security.authentication.server.AuthenticationFilter) to context hddsDatanode
2020-06-06 05:15:56,602 [Listener at 127.0.0.1/44133] INFO  http.HttpServer2 (HttpServer2.java:addFilter(977)) - Added filter authentication (class=org.apache.hadoop.security.authentication.server.AuthenticationFilter) to context static
2020-06-06 05:15:56,603 [Listener at 127.0.0.1/44133] INFO  http.HttpServer2 (HttpServer2.java:addFilter(977)) - Added filter authentication (class=org.apache.hadoop.security.authentication.server.AuthenticationFilter) to context logs
2020-06-06 05:15:56,603 [Listener at 127.0.0.1/44133] INFO  http.HttpServer2 (HttpServer2.java:bindListener(1211)) - Jetty bound to port 45521
2020-06-06 05:15:56,603 [Listener at 127.0.0.1/44133] INFO  server.Server (Server.java:doStart(359)) - jetty-9.4.26.v20200117; built: 2020-01-17T12:35:33.676Z; git: 7b38981d25d14afb4a12ff1f2596756144edf695; jvm 1.8.0_232-b09
2020-06-06 05:15:56,606 [Listener at 127.0.0.1/44133] INFO  server.session (DefaultSessionIdManager.java:doStart(333)) - DefaultSessionIdManager workerName=node0
2020-06-06 05:15:56,606 [Listener at 127.0.0.1/44133] INFO  server.session (DefaultSessionIdManager.java:doStart(338)) - No SessionScavenger set, using defaults
2020-06-06 05:15:56,606 [Listener at 127.0.0.1/44133] INFO  server.session (HouseKeeper.java:startScavenging(140)) - node0 Scavenging every 660000ms
2020-06-06 05:15:56,607 [Listener at 127.0.0.1/44133] INFO  server.AuthenticationFilter (AuthenticationFilter.java:constructSecretProvider(240)) - Unable to initialize FileSignerSecretProvider, falling back to use random secrets.
2020-06-06 05:15:56,608 [Listener at 127.0.0.1/44133] INFO  handler.ContextHandler (ContextHandler.java:doStart(825)) - Started o.e.j.s.ServletContextHandler@20696407{logs,/logs,file:///github/workspace/mnt/ozone/hadoop-ozone/integration-test/target/log,AVAILABLE}
2020-06-06 05:15:56,608 [Listener at 127.0.0.1/44133] INFO  handler.ContextHandler (ContextHandler.java:doStart(825)) - Started o.e.j.s.ServletContextHandler@6570ace4{static,/static,jar:file:/home/user/.m2/repository/org/apache/hadoop/hadoop-hdds-container-service/0.6.0-SNAPSHOT/hadoop-hdds-container-service-0.6.0-SNAPSHOT.jar!/webapps/static,AVAILABLE}
2020-06-06 05:15:56,626 [Listener at 127.0.0.1/44133] INFO  handler.ContextHandler (ContextHandler.java:doStart(825)) - Started o.e.j.w.WebAppContext@3b2cfeac{hddsDatanode,/,file:///tmp/jetty-0_0_0_0-45521-hadoop-hdds-container-service-0_6_0-SNAPSHOT_jar-_-any-8719601682619714598.dir/webapp/,AVAILABLE}{jar:file:/home/user/.m2/repository/org/apache/hadoop/hadoop-hdds-container-service/0.6.0-SNAPSHOT/hadoop-hdds-container-service-0.6.0-SNAPSHOT.jar!/webapps/hddsDatanode}
2020-06-06 05:15:56,636 [Listener at 127.0.0.1/44133] INFO  server.AbstractConnector (AbstractConnector.java:doStart(330)) - Started ServerConnector@7935dc82{HTTP/1.1,[http/1.1]}{0.0.0.0:45521}
2020-06-06 05:15:56,636 [Listener at 127.0.0.1/44133] INFO  server.Server (Server.java:doStart(399)) - Started @5328ms
2020-06-06 05:15:56,637 [Listener at 127.0.0.1/44133] WARN  impl.MetricsSystemImpl (MetricsSystemImpl.java:register(276)) - Sink prometheus already exists!
2020-06-06 05:15:56,640 [Listener at 127.0.0.1/44133] INFO  http.BaseHttpServer (BaseHttpServer.java:updateConnectorAddress(325)) - HTTP server of hddsDatanode listening at http://0.0.0.0:45521
2020-06-06 05:15:56,641 [Listener at 127.0.0.1/44133] INFO  impl.MetricsSystemImpl (MetricsSystemImpl.java:init(158)) - HddsDatanode metrics system started (again)
2020-06-06 05:15:56,642 [Listener at 127.0.0.1/44133] INFO  ozone.HddsDatanodeService (HddsDatanodeService.java:start(205)) - HddsDatanodeService host:04ab1dbc0cb6 ip:172.17.0.2
2020-06-06 05:15:56,643 [Listener at 127.0.0.1/44133] INFO  volume.HddsVolume (HddsVolume.java:<init>(176)) - Creating Volume: /github/workspace/mnt/ozone/hadoop-ozone/integration-test/target/test-dir/MiniOzoneClusterImpl-e9c98d0f-e324-43f2-aa41-70e4df10ec43/datanode-8/data-0/containers/hdds of storage type : DISK and capacity : 9223372036854775807
2020-06-06 05:15:56,644 [Listener at 127.0.0.1/44133] INFO  volume.MutableVolumeSet (MutableVolumeSet.java:initializeVolumeSet(181)) - Added Volume : /github/workspace/mnt/ozone/hadoop-ozone/integration-test/target/test-dir/MiniOzoneClusterImpl-e9c98d0f-e324-43f2-aa41-70e4df10ec43/datanode-8/data-0/containers/hdds to VolumeSet
2020-06-06 05:15:56,644 [Listener at 127.0.0.1/44133] INFO  volume.ThrottledAsyncChecker (ThrottledAsyncChecker.java:schedule(141)) - Scheduling a check for /github/workspace/mnt/ozone/hadoop-ozone/integration-test/target/test-dir/MiniOzoneClusterImpl-e9c98d0f-e324-43f2-aa41-70e4df10ec43/datanode-8/data-0/containers/hdds
2020-06-06 05:15:56,644 [Listener at 127.0.0.1/44133] INFO  volume.HddsVolumeChecker (HddsVolumeChecker.java:checkAllVolumes(200)) - Scheduled health check for volume /github/workspace/mnt/ozone/hadoop-ozone/integration-test/target/test-dir/MiniOzoneClusterImpl-e9c98d0f-e324-43f2-aa41-70e4df10ec43/datanode-8/data-0/containers/hdds
2020-06-06 05:15:56,667 [Listener at 127.0.0.1/44133] INFO  impl.RaftServerProxy (ConfUtils.java:logGet(44)) - raft.rpc.type = GRPC (default)
2020-06-06 05:15:56,667 [Listener at 127.0.0.1/44133] INFO  grpc.GrpcFactory (GrpcFactory.java:checkPooledByteBufAllocatorUseCacheForAllThreads(45)) - PERFORMANCE WARNING: useCacheForAllThreads is true that may cause Netty to create a lot garbage objects and, as a result, trigger GC.
	It is recommended to disable useCacheForAllThreads by setting -Dorg.apache.ratis.thirdparty.io.netty.allocator.useCacheForAllThreads=false in command line.
2020-06-06 05:15:56,667 [Listener at 127.0.0.1/44133] INFO  grpc.GrpcConfigKeys (ConfUtils.java:logGet(44)) - raft.grpc.server.port = 0 (default)
2020-06-06 05:15:56,667 [Listener at 127.0.0.1/44133] INFO  server.GrpcService (ConfUtils.java:logGet(44)) - raft.grpc.message.size.max = 32MB (=33554432) (custom)
2020-06-06 05:15:56,668 [Listener at 127.0.0.1/44133] INFO  server.RaftServerConfigKeys (ConfUtils.java:logGet(44)) - raft.server.log.appender.buffer.byte-limit = 33554432 (custom)
2020-06-06 05:15:56,668 [Listener at 127.0.0.1/44133] INFO  server.GrpcService (ConfUtils.java:logGet(44)) - raft.grpc.flow.control.window = 5MB (=5242880) (custom)
2020-06-06 05:15:56,668 [Listener at 127.0.0.1/44133] INFO  server.RaftServerConfigKeys (ConfUtils.java:logGet(44)) - raft.server.rpc.request.timeout = 3s (default)
2020-06-06 05:15:56,669 [Listener at 127.0.0.1/44133] INFO  server.RaftServerConfigKeys (ConfUtils.java:logGet(44)) - raft.server.storage.dir = [/github/workspace/mnt/ozone/hadoop-ozone/integration-test/target/test-dir/MiniOzoneClusterImpl-e9c98d0f-e324-43f2-aa41-70e4df10ec43/datanode-8/data/ratis] (custom)
2020-06-06 05:15:56,673 [Listener at 127.0.0.1/44133] INFO  http.BaseHttpServer (BaseHttpServer.java:newHttpServer2BuilderForOzone(205)) - Starting Web-server for hddsDatanode at: http://0.0.0.0:0
2020-06-06 05:15:56,674 [Listener at 127.0.0.1/44133] INFO  http.BaseHttpServer (BaseHttpServer.java:<init>(106)) - Hadoop Security Enabled: false Ozone Security Enabled: false Ozone HTTP Security Enabled: false 
2020-06-06 05:15:56,675 [Listener at 127.0.0.1/44133] INFO  server.AuthenticationFilter (AuthenticationFilter.java:constructSecretProvider(240)) - Unable to initialize FileSignerSecretProvider, falling back to use random secrets.
2020-06-06 05:15:56,676 [org.apache.hadoop.util.JvmPauseMonitor$Monitor@2bba0829] INFO  util.JvmPauseMonitor (JvmPauseMonitor.java:run(188)) - Starting JVM pause monitor
2020-06-06 05:15:56,678 [Datanode State Machine Thread - 0] INFO  datanode.InitDatanodeState (InitDatanodeState.java:persistContainerDatanodeDetails(145)) - DatanodeDetails is persisted to /github/workspace/mnt/ozone/hadoop-ozone/integration-test/target/test-dir/MiniOzoneClusterImpl-e9c98d0f-e324-43f2-aa41-70e4df10ec43/datanode-7/meta/datanode.id
2020-06-06 05:15:56,678 [Listener at 127.0.0.1/44133] WARN  http.HttpRequestLog (HttpRequestLog.java:getRequestLog(103)) - Jetty request log can only be enabled using Log4j
2020-06-06 05:15:56,679 [Listener at 127.0.0.1/44133] INFO  http.HttpServer2 (HttpServer2.java:addGlobalFilter(993)) - Added global filter 'safety' (class=org.apache.hadoop.hdds.server.http.HttpServer2$QuotingInputFilter)
2020-06-06 05:15:56,679 [Listener at 127.0.0.1/44133] INFO  http.HttpServer2 (HttpServer2.java:addFilter(969)) - Added filter authentication (class=org.apache.hadoop.security.authentication.server.AuthenticationFilter) to context hddsDatanode
2020-06-06 05:15:56,679 [Listener at 127.0.0.1/44133] INFO  http.HttpServer2 (HttpServer2.java:addFilter(977)) - Added filter authentication (class=org.apache.hadoop.security.authentication.server.AuthenticationFilter) to context logs
2020-06-06 05:15:56,679 [Listener at 127.0.0.1/44133] INFO  http.HttpServer2 (HttpServer2.java:addFilter(977)) - Added filter authentication (class=org.apache.hadoop.security.authentication.server.AuthenticationFilter) to context static
2020-06-06 05:15:56,680 [Listener at 127.0.0.1/44133] INFO  http.HttpServer2 (HttpServer2.java:bindListener(1211)) - Jetty bound to port 40515
2020-06-06 05:15:56,680 [Listener at 127.0.0.1/44133] INFO  server.Server (Server.java:doStart(359)) - jetty-9.4.26.v20200117; built: 2020-01-17T12:35:33.676Z; git: 7b38981d25d14afb4a12ff1f2596756144edf695; jvm 1.8.0_232-b09
2020-06-06 05:15:56,681 [Listener at 127.0.0.1/44133] INFO  server.session (DefaultSessionIdManager.java:doStart(333)) - DefaultSessionIdManager workerName=node0
2020-06-06 05:15:56,681 [Listener at 127.0.0.1/44133] INFO  server.session (DefaultSessionIdManager.java:doStart(338)) - No SessionScavenger set, using defaults
2020-06-06 05:15:56,682 [Listener at 127.0.0.1/44133] INFO  server.session (HouseKeeper.java:startScavenging(140)) - node0 Scavenging every 660000ms
2020-06-06 05:15:56,682 [Listener at 127.0.0.1/44133] INFO  server.AuthenticationFilter (AuthenticationFilter.java:constructSecretProvider(240)) - Unable to initialize FileSignerSecretProvider, falling back to use random secrets.
2020-06-06 05:15:56,683 [Listener at 127.0.0.1/44133] INFO  handler.ContextHandler (ContextHandler.java:doStart(825)) - Started o.e.j.s.ServletContextHandler@47089c0b{logs,/logs,file:///github/workspace/mnt/ozone/hadoop-ozone/integration-test/target/log,AVAILABLE}
2020-06-06 05:15:56,683 [Listener at 127.0.0.1/44133] INFO  handler.ContextHandler (ContextHandler.java:doStart(825)) - Started o.e.j.s.ServletContextHandler@778479a0{static,/static,jar:file:/home/user/.m2/repository/org/apache/hadoop/hadoop-hdds-container-service/0.6.0-SNAPSHOT/hadoop-hdds-container-service-0.6.0-SNAPSHOT.jar!/webapps/static,AVAILABLE}
2020-06-06 05:15:56,701 [Listener at 127.0.0.1/44133] INFO  handler.ContextHandler (ContextHandler.java:doStart(825)) - Started o.e.j.w.WebAppContext@6b82ee44{hddsDatanode,/,file:///tmp/jetty-0_0_0_0-40515-hadoop-hdds-container-service-0_6_0-SNAPSHOT_jar-_-any-4773755338805528035.dir/webapp/,AVAILABLE}{jar:file:/home/user/.m2/repository/org/apache/hadoop/hadoop-hdds-container-service/0.6.0-SNAPSHOT/hadoop-hdds-container-service-0.6.0-SNAPSHOT.jar!/webapps/hddsDatanode}
2020-06-06 05:15:56,703 [Listener at 127.0.0.1/44133] INFO  server.AbstractConnector (AbstractConnector.java:doStart(330)) - Started ServerConnector@6fca5b{HTTP/1.1,[http/1.1]}{0.0.0.0:40515}
2020-06-06 05:15:56,703 [Listener at 127.0.0.1/44133] INFO  server.Server (Server.java:doStart(399)) - Started @5395ms
2020-06-06 05:15:56,703 [Listener at 127.0.0.1/44133] WARN  impl.MetricsSystemImpl (MetricsSystemImpl.java:register(276)) - Sink prometheus already exists!
2020-06-06 05:15:56,706 [Listener at 127.0.0.1/44133] INFO  http.BaseHttpServer (BaseHttpServer.java:updateConnectorAddress(325)) - HTTP server of hddsDatanode listening at http://0.0.0.0:40515
2020-06-06 05:15:56,706 [Listener at 127.0.0.1/44133] INFO  impl.MetricsSystemImpl (MetricsSystemImpl.java:init(158)) - HddsDatanode metrics system started (again)
2020-06-06 05:15:56,708 [Listener at 127.0.0.1/44133] INFO  ozone.HddsDatanodeService (HddsDatanodeService.java:start(205)) - HddsDatanodeService host:04ab1dbc0cb6 ip:172.17.0.2
2020-06-06 05:15:56,709 [Listener at 127.0.0.1/44133] INFO  volume.HddsVolume (HddsVolume.java:<init>(176)) - Creating Volume: /github/workspace/mnt/ozone/hadoop-ozone/integration-test/target/test-dir/MiniOzoneClusterImpl-e9c98d0f-e324-43f2-aa41-70e4df10ec43/datanode-9/data-0/containers/hdds of storage type : DISK and capacity : 9223372036854775807
2020-06-06 05:15:56,709 [Listener at 127.0.0.1/44133] INFO  volume.MutableVolumeSet (MutableVolumeSet.java:initializeVolumeSet(181)) - Added Volume : /github/workspace/mnt/ozone/hadoop-ozone/integration-test/target/test-dir/MiniOzoneClusterImpl-e9c98d0f-e324-43f2-aa41-70e4df10ec43/datanode-9/data-0/containers/hdds to VolumeSet
2020-06-06 05:15:56,709 [Listener at 127.0.0.1/44133] INFO  volume.ThrottledAsyncChecker (ThrottledAsyncChecker.java:schedule(141)) - Scheduling a check for /github/workspace/mnt/ozone/hadoop-ozone/integration-test/target/test-dir/MiniOzoneClusterImpl-e9c98d0f-e324-43f2-aa41-70e4df10ec43/datanode-9/data-0/containers/hdds
2020-06-06 05:15:56,710 [Listener at 127.0.0.1/44133] INFO  volume.HddsVolumeChecker (HddsVolumeChecker.java:checkAllVolumes(200)) - Scheduled health check for volume /github/workspace/mnt/ozone/hadoop-ozone/integration-test/target/test-dir/MiniOzoneClusterImpl-e9c98d0f-e324-43f2-aa41-70e4df10ec43/datanode-9/data-0/containers/hdds
2020-06-06 05:15:56,732 [org.apache.hadoop.util.JvmPauseMonitor$Monitor@38f351bd] INFO  util.JvmPauseMonitor (JvmPauseMonitor.java:run(188)) - Starting JVM pause monitor
2020-06-06 05:15:56,735 [Listener at 127.0.0.1/44133] INFO  impl.RaftServerProxy (ConfUtils.java:logGet(44)) - raft.rpc.type = GRPC (default)
2020-06-06 05:15:56,735 [Listener at 127.0.0.1/44133] INFO  grpc.GrpcFactory (GrpcFactory.java:checkPooledByteBufAllocatorUseCacheForAllThreads(45)) - PERFORMANCE WARNING: useCacheForAllThreads is true that may cause Netty to create a lot garbage objects and, as a result, trigger GC.
	It is recommended to disable useCacheForAllThreads by setting -Dorg.apache.ratis.thirdparty.io.netty.allocator.useCacheForAllThreads=false in command line.
2020-06-06 05:15:56,735 [Listener at 127.0.0.1/44133] INFO  grpc.GrpcConfigKeys (ConfUtils.java:logGet(44)) - raft.grpc.server.port = 0 (default)
2020-06-06 05:15:56,735 [Listener at 127.0.0.1/44133] INFO  server.GrpcService (ConfUtils.java:logGet(44)) - raft.grpc.message.size.max = 32MB (=33554432) (custom)
2020-06-06 05:15:56,735 [Listener at 127.0.0.1/44133] INFO  server.RaftServerConfigKeys (ConfUtils.java:logGet(44)) - raft.server.log.appender.buffer.byte-limit = 33554432 (custom)
2020-06-06 05:15:56,735 [Listener at 127.0.0.1/44133] INFO  server.GrpcService (ConfUtils.java:logGet(44)) - raft.grpc.flow.control.window = 5MB (=5242880) (custom)
2020-06-06 05:15:56,735 [Listener at 127.0.0.1/44133] INFO  server.RaftServerConfigKeys (ConfUtils.java:logGet(44)) - raft.server.rpc.request.timeout = 3s (default)
2020-06-06 05:15:56,736 [Listener at 127.0.0.1/44133] INFO  server.RaftServerConfigKeys (ConfUtils.java:logGet(44)) - raft.server.storage.dir = [/github/workspace/mnt/ozone/hadoop-ozone/integration-test/target/test-dir/MiniOzoneClusterImpl-e9c98d0f-e324-43f2-aa41-70e4df10ec43/datanode-9/data/ratis] (custom)
2020-06-06 05:15:56,740 [Listener at 127.0.0.1/44133] INFO  http.BaseHttpServer (BaseHttpServer.java:newHttpServer2BuilderForOzone(205)) - Starting Web-server for hddsDatanode at: http://0.0.0.0:0
2020-06-06 05:15:56,740 [Listener at 127.0.0.1/44133] INFO  http.BaseHttpServer (BaseHttpServer.java:<init>(106)) - Hadoop Security Enabled: false Ozone Security Enabled: false Ozone HTTP Security Enabled: false 
2020-06-06 05:15:56,742 [Datanode State Machine Thread - 0] INFO  datanode.InitDatanodeState (InitDatanodeState.java:persistContainerDatanodeDetails(145)) - DatanodeDetails is persisted to /github/workspace/mnt/ozone/hadoop-ozone/integration-test/target/test-dir/MiniOzoneClusterImpl-e9c98d0f-e324-43f2-aa41-70e4df10ec43/datanode-8/meta/datanode.id
2020-06-06 05:15:56,742 [Listener at 127.0.0.1/44133] INFO  server.AuthenticationFilter (AuthenticationFilter.java:constructSecretProvider(240)) - Unable to initialize FileSignerSecretProvider, falling back to use random secrets.
2020-06-06 05:15:56,748 [Listener at 127.0.0.1/44133] WARN  http.HttpRequestLog (HttpRequestLog.java:getRequestLog(103)) - Jetty request log can only be enabled using Log4j
2020-06-06 05:15:56,748 [Listener at 127.0.0.1/44133] INFO  http.HttpServer2 (HttpServer2.java:addGlobalFilter(993)) - Added global filter 'safety' (class=org.apache.hadoop.hdds.server.http.HttpServer2$QuotingInputFilter)
2020-06-06 05:15:56,749 [Listener at 127.0.0.1/44133] INFO  http.HttpServer2 (HttpServer2.java:addFilter(969)) - Added filter authentication (class=org.apache.hadoop.security.authentication.server.AuthenticationFilter) to context hddsDatanode
2020-06-06 05:15:56,749 [Listener at 127.0.0.1/44133] INFO  http.HttpServer2 (HttpServer2.java:addFilter(977)) - Added filter authentication (class=org.apache.hadoop.security.authentication.server.AuthenticationFilter) to context static
2020-06-06 05:15:56,750 [Listener at 127.0.0.1/44133] INFO  http.HttpServer2 (HttpServer2.java:addFilter(977)) - Added filter authentication (class=org.apache.hadoop.security.authentication.server.AuthenticationFilter) to context logs
2020-06-06 05:15:56,750 [Listener at 127.0.0.1/44133] INFO  http.HttpServer2 (HttpServer2.java:bindListener(1211)) - Jetty bound to port 36207
2020-06-06 05:15:56,750 [Listener at 127.0.0.1/44133] INFO  server.Server (Server.java:doStart(359)) - jetty-9.4.26.v20200117; built: 2020-01-17T12:35:33.676Z; git: 7b38981d25d14afb4a12ff1f2596756144edf695; jvm 1.8.0_232-b09
2020-06-06 05:15:56,753 [Listener at 127.0.0.1/44133] INFO  server.session (DefaultSessionIdManager.java:doStart(333)) - DefaultSessionIdManager workerName=node0
2020-06-06 05:15:56,753 [Listener at 127.0.0.1/44133] INFO  server.session (DefaultSessionIdManager.java:doStart(338)) - No SessionScavenger set, using defaults
2020-06-06 05:15:56,753 [Listener at 127.0.0.1/44133] INFO  server.session (HouseKeeper.java:startScavenging(140)) - node0 Scavenging every 600000ms
2020-06-06 05:15:56,754 [Listener at 127.0.0.1/44133] INFO  server.AuthenticationFilter (AuthenticationFilter.java:constructSecretProvider(240)) - Unable to initialize FileSignerSecretProvider, falling back to use random secrets.
2020-06-06 05:15:56,755 [Listener at 127.0.0.1/44133] INFO  handler.ContextHandler (ContextHandler.java:doStart(825)) - Started o.e.j.s.ServletContextHandler@37b24a09{logs,/logs,file:///github/workspace/mnt/ozone/hadoop-ozone/integration-test/target/log,AVAILABLE}
2020-06-06 05:15:56,755 [Listener at 127.0.0.1/44133] INFO  handler.ContextHandler (ContextHandler.java:doStart(825)) - Started o.e.j.s.ServletContextHandler@4723f0b7{static,/static,jar:file:/home/user/.m2/repository/org/apache/hadoop/hadoop-hdds-container-service/0.6.0-SNAPSHOT/hadoop-hdds-container-service-0.6.0-SNAPSHOT.jar!/webapps/static,AVAILABLE}
2020-06-06 05:15:56,773 [Listener at 127.0.0.1/44133] INFO  handler.ContextHandler (ContextHandler.java:doStart(825)) - Started o.e.j.w.WebAppContext@3fe54462{hddsDatanode,/,file:///tmp/jetty-0_0_0_0-36207-hadoop-hdds-container-service-0_6_0-SNAPSHOT_jar-_-any-7958382463837090053.dir/webapp/,AVAILABLE}{jar:file:/home/user/.m2/repository/org/apache/hadoop/hadoop-hdds-container-service/0.6.0-SNAPSHOT/hadoop-hdds-container-service-0.6.0-SNAPSHOT.jar!/webapps/hddsDatanode}
2020-06-06 05:15:56,775 [Listener at 127.0.0.1/44133] INFO  server.AbstractConnector (AbstractConnector.java:doStart(330)) - Started ServerConnector@1df7a292{HTTP/1.1,[http/1.1]}{0.0.0.0:36207}
2020-06-06 05:15:56,775 [Listener at 127.0.0.1/44133] INFO  server.Server (Server.java:doStart(399)) - Started @5467ms
2020-06-06 05:15:56,775 [Listener at 127.0.0.1/44133] WARN  impl.MetricsSystemImpl (MetricsSystemImpl.java:register(276)) - Sink prometheus already exists!
2020-06-06 05:15:56,778 [Listener at 127.0.0.1/44133] INFO  http.BaseHttpServer (BaseHttpServer.java:updateConnectorAddress(325)) - HTTP server of hddsDatanode listening at http://0.0.0.0:36207
2020-06-06 05:15:56,779 [Listener at 127.0.0.1/44133] INFO  ozone.MiniOzoneClusterImpl (MiniOzoneClusterImpl.java:lambda$waitForClusterToBeReady$0(177)) - Waiting for nodes to be ready. Got 0 of 10 DN Heartbeats.
2020-06-06 05:15:56,779 [Listener at 127.0.0.1/44133] INFO  ozone.MiniOzoneClusterImpl (MiniOzoneClusterImpl.java:lambda$waitForClusterToBeReady$0(180)) - Waiting for cluster to exit safe mode
2020-06-06 05:15:56,785 [org.apache.hadoop.util.JvmPauseMonitor$Monitor@43bbe07b] INFO  util.JvmPauseMonitor (JvmPauseMonitor.java:run(188)) - Starting JVM pause monitor
2020-06-06 05:15:56,787 [Datanode State Machine Thread - 0] INFO  datanode.InitDatanodeState (InitDatanodeState.java:persistContainerDatanodeDetails(145)) - DatanodeDetails is persisted to /github/workspace/mnt/ozone/hadoop-ozone/integration-test/target/test-dir/MiniOzoneClusterImpl-e9c98d0f-e324-43f2-aa41-70e4df10ec43/datanode-9/meta/datanode.id
2020-06-06 05:15:57,779 [Listener at 127.0.0.1/44133] INFO  ozone.MiniOzoneClusterImpl (MiniOzoneClusterImpl.java:lambda$waitForClusterToBeReady$0(177)) - Waiting for nodes to be ready. Got 0 of 10 DN Heartbeats.
2020-06-06 05:15:57,780 [Listener at 127.0.0.1/44133] INFO  ozone.MiniOzoneClusterImpl (MiniOzoneClusterImpl.java:lambda$waitForClusterToBeReady$0(180)) - Waiting for cluster to exit safe mode
2020-06-06 05:15:58,061 [Datanode State Machine Thread - 0] INFO  ozoneimpl.OzoneContainer (OzoneContainer.java:start(232)) - Attempting to start container services.
2020-06-06 05:15:58,064 [Datanode State Machine Thread - 0] INFO  ozoneimpl.OzoneContainer (OzoneContainer.java:startContainerScrub(196)) - Background container scanner has been disabled.
2020-06-06 05:15:58,064 [Datanode State Machine Thread - 0] INFO  ratis.XceiverServerRatis (XceiverServerRatis.java:start(425)) - Starting XceiverServerRatis bac48e61-09da-4d4a-9cda-de1b5303032b at port 0
2020-06-06 05:15:58,077 [Datanode State Machine Thread - 0] INFO  impl.RaftServerProxy (RaftServerProxy.java:lambda$start$3(299)) - bac48e61-09da-4d4a-9cda-de1b5303032b: start RPC server
2020-06-06 05:15:58,132 [Datanode State Machine Thread - 0] INFO  server.GrpcService (GrpcService.java:startImpl(159)) - bac48e61-09da-4d4a-9cda-de1b5303032b: GrpcService started, listening on 0.0.0.0/0.0.0.0:42725
2020-06-06 05:15:58,132 [Datanode State Machine Thread - 0] INFO  ratis.XceiverServerRatis (XceiverServerRatis.java:start(437)) - XceiverServerRatis bac48e61-09da-4d4a-9cda-de1b5303032b is started using port 42725
2020-06-06 05:15:58,136 [Datanode State Machine Thread - 0] INFO  server.XceiverServerGrpc (XceiverServerGrpc.java:start(145)) - XceiverServerGrpc bac48e61-09da-4d4a-9cda-de1b5303032b is started using port 41997
2020-06-06 05:15:58,157 [Datanode State Machine Thread - 0] INFO  ozoneimpl.OzoneContainer (OzoneContainer.java:start(232)) - Attempting to start container services.
2020-06-06 05:15:58,160 [Datanode State Machine Thread - 0] INFO  ozoneimpl.OzoneContainer (OzoneContainer.java:startContainerScrub(196)) - Background container scanner has been disabled.
2020-06-06 05:15:58,161 [Datanode State Machine Thread - 0] INFO  ratis.XceiverServerRatis (XceiverServerRatis.java:start(425)) - Starting XceiverServerRatis 5414add9-8f52-42f4-bc0e-5ee16c82ee52 at port 0
2020-06-06 05:15:58,162 [Datanode State Machine Thread - 0] INFO  impl.RaftServerProxy (RaftServerProxy.java:lambda$start$3(299)) - 5414add9-8f52-42f4-bc0e-5ee16c82ee52: start RPC server
2020-06-06 05:15:58,167 [Datanode State Machine Thread - 0] INFO  server.GrpcService (GrpcService.java:startImpl(159)) - 5414add9-8f52-42f4-bc0e-5ee16c82ee52: GrpcService started, listening on 0.0.0.0/0.0.0.0:45995
2020-06-06 05:15:58,167 [Datanode State Machine Thread - 0] INFO  ratis.XceiverServerRatis (XceiverServerRatis.java:start(437)) - XceiverServerRatis 5414add9-8f52-42f4-bc0e-5ee16c82ee52 is started using port 45995
2020-06-06 05:15:58,168 [Datanode State Machine Thread - 0] INFO  server.XceiverServerGrpc (XceiverServerGrpc.java:start(145)) - XceiverServerGrpc 5414add9-8f52-42f4-bc0e-5ee16c82ee52 is started using port 46757
2020-06-06 05:15:58,244 [Datanode State Machine Thread - 0] INFO  ozoneimpl.OzoneContainer (OzoneContainer.java:start(232)) - Attempting to start container services.
2020-06-06 05:15:58,245 [Datanode State Machine Thread - 0] INFO  ozoneimpl.OzoneContainer (OzoneContainer.java:startContainerScrub(196)) - Background container scanner has been disabled.
2020-06-06 05:15:58,245 [Datanode State Machine Thread - 0] INFO  ratis.XceiverServerRatis (XceiverServerRatis.java:start(425)) - Starting XceiverServerRatis dfea1794-fda5-4e0a-86f7-27bb8c5952a1 at port 0
2020-06-06 05:15:58,245 [Datanode State Machine Thread - 0] INFO  impl.RaftServerProxy (RaftServerProxy.java:lambda$start$3(299)) - dfea1794-fda5-4e0a-86f7-27bb8c5952a1: start RPC server
2020-06-06 05:15:58,260 [Datanode State Machine Thread - 0] INFO  server.GrpcService (GrpcService.java:startImpl(159)) - dfea1794-fda5-4e0a-86f7-27bb8c5952a1: GrpcService started, listening on 0.0.0.0/0.0.0.0:46543
2020-06-06 05:15:58,260 [Datanode State Machine Thread - 0] INFO  ratis.XceiverServerRatis (XceiverServerRatis.java:start(437)) - XceiverServerRatis dfea1794-fda5-4e0a-86f7-27bb8c5952a1 is started using port 46543
2020-06-06 05:15:58,261 [Datanode State Machine Thread - 0] INFO  server.XceiverServerGrpc (XceiverServerGrpc.java:start(145)) - XceiverServerGrpc dfea1794-fda5-4e0a-86f7-27bb8c5952a1 is started using port 39559
2020-06-06 05:15:58,332 [Datanode State Machine Thread - 0] INFO  ozoneimpl.OzoneContainer (OzoneContainer.java:start(232)) - Attempting to start container services.
2020-06-06 05:15:58,333 [Datanode State Machine Thread - 0] INFO  ozoneimpl.OzoneContainer (OzoneContainer.java:startContainerScrub(196)) - Background container scanner has been disabled.
2020-06-06 05:15:58,333 [Datanode State Machine Thread - 0] INFO  ratis.XceiverServerRatis (XceiverServerRatis.java:start(425)) - Starting XceiverServerRatis 1a49a296-5844-4022-b55f-cb040720ebd9 at port 0
2020-06-06 05:15:58,334 [Datanode State Machine Thread - 0] INFO  impl.RaftServerProxy (RaftServerProxy.java:lambda$start$3(299)) - 1a49a296-5844-4022-b55f-cb040720ebd9: start RPC server
2020-06-06 05:15:58,336 [Datanode State Machine Thread - 0] INFO  server.GrpcService (GrpcService.java:startImpl(159)) - 1a49a296-5844-4022-b55f-cb040720ebd9: GrpcService started, listening on 0.0.0.0/0.0.0.0:44811
2020-06-06 05:15:58,336 [Datanode State Machine Thread - 0] INFO  ratis.XceiverServerRatis (XceiverServerRatis.java:start(437)) - XceiverServerRatis 1a49a296-5844-4022-b55f-cb040720ebd9 is started using port 44811
2020-06-06 05:15:58,337 [Datanode State Machine Thread - 0] INFO  server.XceiverServerGrpc (XceiverServerGrpc.java:start(145)) - XceiverServerGrpc 1a49a296-5844-4022-b55f-cb040720ebd9 is started using port 36175
2020-06-06 05:15:58,436 [Datanode State Machine Thread - 0] INFO  ozoneimpl.OzoneContainer (OzoneContainer.java:start(232)) - Attempting to start container services.
2020-06-06 05:15:58,436 [Datanode State Machine Thread - 0] INFO  ozoneimpl.OzoneContainer (OzoneContainer.java:startContainerScrub(196)) - Background container scanner has been disabled.
2020-06-06 05:15:58,436 [Datanode State Machine Thread - 0] INFO  ratis.XceiverServerRatis (XceiverServerRatis.java:start(425)) - Starting XceiverServerRatis 6b1e40fd-b271-4671-bc2e-69bde6106f78 at port 0
2020-06-06 05:15:58,437 [Datanode State Machine Thread - 0] INFO  impl.RaftServerProxy (RaftServerProxy.java:lambda$start$3(299)) - 6b1e40fd-b271-4671-bc2e-69bde6106f78: start RPC server
2020-06-06 05:15:58,439 [Datanode State Machine Thread - 0] INFO  server.GrpcService (GrpcService.java:startImpl(159)) - 6b1e40fd-b271-4671-bc2e-69bde6106f78: GrpcService started, listening on 0.0.0.0/0.0.0.0:40049
2020-06-06 05:15:58,439 [Datanode State Machine Thread - 0] INFO  ratis.XceiverServerRatis (XceiverServerRatis.java:start(437)) - XceiverServerRatis 6b1e40fd-b271-4671-bc2e-69bde6106f78 is started using port 40049
2020-06-06 05:15:58,440 [Datanode State Machine Thread - 0] INFO  server.XceiverServerGrpc (XceiverServerGrpc.java:start(145)) - XceiverServerGrpc 6b1e40fd-b271-4671-bc2e-69bde6106f78 is started using port 34309
2020-06-06 05:15:58,517 [Datanode State Machine Thread - 0] INFO  ozoneimpl.OzoneContainer (OzoneContainer.java:start(232)) - Attempting to start container services.
2020-06-06 05:15:58,517 [Datanode State Machine Thread - 0] INFO  ozoneimpl.OzoneContainer (OzoneContainer.java:startContainerScrub(196)) - Background container scanner has been disabled.
2020-06-06 05:15:58,517 [Datanode State Machine Thread - 0] INFO  ratis.XceiverServerRatis (XceiverServerRatis.java:start(425)) - Starting XceiverServerRatis 16c5f78f-17e9-4ae3-8c1c-bc00fdbfe39b at port 0
2020-06-06 05:15:58,517 [Datanode State Machine Thread - 0] INFO  impl.RaftServerProxy (RaftServerProxy.java:lambda$start$3(299)) - 16c5f78f-17e9-4ae3-8c1c-bc00fdbfe39b: start RPC server
2020-06-06 05:15:58,521 [Datanode State Machine Thread - 0] INFO  server.GrpcService (GrpcService.java:startImpl(159)) - 16c5f78f-17e9-4ae3-8c1c-bc00fdbfe39b: GrpcService started, listening on 0.0.0.0/0.0.0.0:33655
2020-06-06 05:15:58,521 [Datanode State Machine Thread - 0] INFO  ratis.XceiverServerRatis (XceiverServerRatis.java:start(437)) - XceiverServerRatis 16c5f78f-17e9-4ae3-8c1c-bc00fdbfe39b is started using port 33655
2020-06-06 05:15:58,522 [Datanode State Machine Thread - 0] INFO  server.XceiverServerGrpc (XceiverServerGrpc.java:start(145)) - XceiverServerGrpc 16c5f78f-17e9-4ae3-8c1c-bc00fdbfe39b is started using port 37685
2020-06-06 05:15:58,593 [Datanode State Machine Thread - 0] INFO  ozoneimpl.OzoneContainer (OzoneContainer.java:start(232)) - Attempting to start container services.
2020-06-06 05:15:58,593 [Datanode State Machine Thread - 0] INFO  ozoneimpl.OzoneContainer (OzoneContainer.java:startContainerScrub(196)) - Background container scanner has been disabled.
2020-06-06 05:15:58,593 [Datanode State Machine Thread - 0] INFO  ratis.XceiverServerRatis (XceiverServerRatis.java:start(425)) - Starting XceiverServerRatis 511a318d-fbb5-4d0b-a0f0-9021d224a603 at port 0
2020-06-06 05:15:58,598 [Datanode State Machine Thread - 0] INFO  impl.RaftServerProxy (RaftServerProxy.java:lambda$start$3(299)) - 511a318d-fbb5-4d0b-a0f0-9021d224a603: start RPC server
2020-06-06 05:15:58,599 [Datanode State Machine Thread - 0] INFO  server.GrpcService (GrpcService.java:startImpl(159)) - 511a318d-fbb5-4d0b-a0f0-9021d224a603: GrpcService started, listening on 0.0.0.0/0.0.0.0:39567
2020-06-06 05:15:58,599 [Datanode State Machine Thread - 0] INFO  ratis.XceiverServerRatis (XceiverServerRatis.java:start(437)) - XceiverServerRatis 511a318d-fbb5-4d0b-a0f0-9021d224a603 is started using port 39567
2020-06-06 05:15:58,601 [Datanode State Machine Thread - 0] INFO  server.XceiverServerGrpc (XceiverServerGrpc.java:start(145)) - XceiverServerGrpc 511a318d-fbb5-4d0b-a0f0-9021d224a603 is started using port 43753
2020-06-06 05:15:58,681 [Datanode State Machine Thread - 0] INFO  ozoneimpl.OzoneContainer (OzoneContainer.java:start(232)) - Attempting to start container services.
2020-06-06 05:15:58,681 [Datanode State Machine Thread - 0] INFO  ozoneimpl.OzoneContainer (OzoneContainer.java:startContainerScrub(196)) - Background container scanner has been disabled.
2020-06-06 05:15:58,681 [Datanode State Machine Thread - 0] INFO  ratis.XceiverServerRatis (XceiverServerRatis.java:start(425)) - Starting XceiverServerRatis c5a1e514-6f01-4466-ae6f-c9e2d9db90cf at port 0
2020-06-06 05:15:58,685 [Datanode State Machine Thread - 0] INFO  impl.RaftServerProxy (RaftServerProxy.java:lambda$start$3(299)) - c5a1e514-6f01-4466-ae6f-c9e2d9db90cf: start RPC server
2020-06-06 05:15:58,693 [Datanode State Machine Thread - 0] INFO  server.GrpcService (GrpcService.java:startImpl(159)) - c5a1e514-6f01-4466-ae6f-c9e2d9db90cf: GrpcService started, listening on 0.0.0.0/0.0.0.0:43443
2020-06-06 05:15:58,694 [Datanode State Machine Thread - 0] INFO  ratis.XceiverServerRatis (XceiverServerRatis.java:start(437)) - XceiverServerRatis c5a1e514-6f01-4466-ae6f-c9e2d9db90cf is started using port 43443
2020-06-06 05:15:58,695 [Datanode State Machine Thread - 0] INFO  server.XceiverServerGrpc (XceiverServerGrpc.java:start(145)) - XceiverServerGrpc c5a1e514-6f01-4466-ae6f-c9e2d9db90cf is started using port 36379
2020-06-06 05:15:58,736 [Datanode State Machine Thread - 0] INFO  ozoneimpl.OzoneContainer (OzoneContainer.java:start(232)) - Attempting to start container services.
2020-06-06 05:15:58,736 [Datanode State Machine Thread - 0] INFO  ozoneimpl.OzoneContainer (OzoneContainer.java:startContainerScrub(196)) - Background container scanner has been disabled.
2020-06-06 05:15:58,736 [Datanode State Machine Thread - 0] INFO  ratis.XceiverServerRatis (XceiverServerRatis.java:start(425)) - Starting XceiverServerRatis 4748d6c1-a840-468c-97bc-f81124d46716 at port 0
2020-06-06 05:15:58,737 [Datanode State Machine Thread - 0] INFO  impl.RaftServerProxy (RaftServerProxy.java:lambda$start$3(299)) - 4748d6c1-a840-468c-97bc-f81124d46716: start RPC server
2020-06-06 05:15:58,739 [Datanode State Machine Thread - 0] INFO  server.GrpcService (GrpcService.java:startImpl(159)) - 4748d6c1-a840-468c-97bc-f81124d46716: GrpcService started, listening on 0.0.0.0/0.0.0.0:42783
2020-06-06 05:15:58,739 [Datanode State Machine Thread - 0] INFO  ratis.XceiverServerRatis (XceiverServerRatis.java:start(437)) - XceiverServerRatis 4748d6c1-a840-468c-97bc-f81124d46716 is started using port 42783
2020-06-06 05:15:58,740 [Datanode State Machine Thread - 0] INFO  server.XceiverServerGrpc (XceiverServerGrpc.java:start(145)) - XceiverServerGrpc 4748d6c1-a840-468c-97bc-f81124d46716 is started using port 34481
2020-06-06 05:15:58,780 [Listener at 127.0.0.1/44133] INFO  ozone.MiniOzoneClusterImpl (MiniOzoneClusterImpl.java:lambda$waitForClusterToBeReady$0(177)) - Waiting for nodes to be ready. Got 0 of 10 DN Heartbeats.
2020-06-06 05:15:58,780 [Listener at 127.0.0.1/44133] INFO  ozone.MiniOzoneClusterImpl (MiniOzoneClusterImpl.java:lambda$waitForClusterToBeReady$0(180)) - Waiting for cluster to exit safe mode
2020-06-06 05:15:58,788 [Datanode State Machine Thread - 0] INFO  ozoneimpl.OzoneContainer (OzoneContainer.java:start(232)) - Attempting to start container services.
2020-06-06 05:15:58,789 [Datanode State Machine Thread - 0] INFO  ozoneimpl.OzoneContainer (OzoneContainer.java:startContainerScrub(196)) - Background container scanner has been disabled.
2020-06-06 05:15:58,789 [Datanode State Machine Thread - 0] INFO  ratis.XceiverServerRatis (XceiverServerRatis.java:start(425)) - Starting XceiverServerRatis 92229472-150d-4b8c-8c8a-1ffb4ed5a15e at port 0
2020-06-06 05:15:58,790 [Datanode State Machine Thread - 0] INFO  impl.RaftServerProxy (RaftServerProxy.java:lambda$start$3(299)) - 92229472-150d-4b8c-8c8a-1ffb4ed5a15e: start RPC server
2020-06-06 05:15:58,791 [Datanode State Machine Thread - 0] INFO  server.GrpcService (GrpcService.java:startImpl(159)) - 92229472-150d-4b8c-8c8a-1ffb4ed5a15e: GrpcService started, listening on 0.0.0.0/0.0.0.0:33829
2020-06-06 05:15:58,791 [Datanode State Machine Thread - 0] INFO  ratis.XceiverServerRatis (XceiverServerRatis.java:start(437)) - XceiverServerRatis 92229472-150d-4b8c-8c8a-1ffb4ed5a15e is started using port 33829
2020-06-06 05:15:58,798 [Datanode State Machine Thread - 0] INFO  server.XceiverServerGrpc (XceiverServerGrpc.java:start(145)) - XceiverServerGrpc 92229472-150d-4b8c-8c8a-1ffb4ed5a15e is started using port 42361
2020-06-06 05:15:59,781 [Listener at 127.0.0.1/44133] INFO  ozone.MiniOzoneClusterImpl (MiniOzoneClusterImpl.java:lambda$waitForClusterToBeReady$0(177)) - Waiting for nodes to be ready. Got 0 of 10 DN Heartbeats.
2020-06-06 05:15:59,781 [Listener at 127.0.0.1/44133] INFO  ozone.MiniOzoneClusterImpl (MiniOzoneClusterImpl.java:lambda$waitForClusterToBeReady$0(180)) - Waiting for cluster to exit safe mode
2020-06-06 05:16:00,023 [IPC Server handler 0 on default port 43117] INFO  net.NetworkTopology (NetworkTopologyImpl.java:add(111)) - Added a new node: /rack1/bac48e61-09da-4d4a-9cda-de1b5303032b
2020-06-06 05:16:00,023 [IPC Server handler 0 on default port 43117] INFO  node.SCMNodeManager (SCMNodeManager.java:register(268)) - Registered Data node : bac48e61-09da-4d4a-9cda-de1b5303032b{ip: 172.17.0.2, host: 04ab1dbc0cb6, networkLocation: /rack1, certSerialId: null}
2020-06-06 05:16:00,028 [EventQueue-NodeRegistrationContainerReportForContainerSafeModeRule] INFO  safemode.SCMSafeModeManager (SCMSafeModeManager.java:validateSafeModeExitRules(213)) - ContainerSafeModeRule rule is successfully validated
2020-06-06 05:16:00,028 [EventQueue-NodeRegistrationContainerReportForDataNodeSafeModeRule] INFO  safemode.SCMSafeModeManager (DataNodeSafeModeRule.java:process(71)) - SCM in safe mode. 1 DataNodes registered, 1 required.
2020-06-06 05:16:00,029 [EventQueue-NodeRegistrationContainerReportForDataNodeSafeModeRule] INFO  safemode.SCMSafeModeManager (SCMSafeModeManager.java:validateSafeModeExitRules(213)) - DataNodeSafeModeRule rule is successfully validated
2020-06-06 05:16:00,029 [EventQueue-NodeRegistrationContainerReportForDataNodeSafeModeRule] INFO  safemode.SCMSafeModeManager (SCMSafeModeManager.java:completePreCheck(241)) - All SCM safe mode pre check rules have passed
2020-06-06 05:16:00,039 [RatisPipelineUtilsThread] INFO  pipeline.RatisPipelineProvider (RatisPipelineProvider.java:lambda$create$0(138)) - Sending CreatePipelineCommand for pipeline:PipelineID=7789e8f3-459b-46ee-bf97-7e9932f5dc8e to datanode:bac48e61-09da-4d4a-9cda-de1b5303032b
2020-06-06 05:16:00,052 [RatisPipelineUtilsThread] INFO  pipeline.PipelineStateManager (PipelineStateManager.java:addPipeline(54)) - Created pipeline Pipeline[ Id: 7789e8f3-459b-46ee-bf97-7e9932f5dc8e, Nodes: bac48e61-09da-4d4a-9cda-de1b5303032b{ip: 172.17.0.2, host: 04ab1dbc0cb6, networkLocation: /rack1, certSerialId: null}, Type:RATIS, Factor:ONE, State:ALLOCATED, leaderId:null, CreationTimestamp2020-06-06T05:16:00.035Z]
2020-06-06 05:16:00,055 [RatisPipelineUtilsThread] ERROR pipeline.SCMPipelineManager (SCMPipelineManager.java:createPipeline(222)) - Failed to create pipeline of type RATIS and factor ONE. Exception: Cannot create pipeline of factor 1 using 0 nodes. Used 1 nodes. Healthy nodes 1
2020-06-06 05:16:00,055 [RatisPipelineUtilsThread] WARN  pipeline.PipelinePlacementPolicy (PipelinePlacementPolicy.java:filterViableNodes(133)) - Pipeline creation failed due to no sufficient healthy datanodes. Required 3. Found 1.
2020-06-06 05:16:00,055 [RatisPipelineUtilsThread] ERROR pipeline.SCMPipelineManager (SCMPipelineManager.java:createPipeline(222)) - Failed to create pipeline of type RATIS and factor THREE. Exception: Pipeline creation failed due to no sufficient healthy datanodes. Required 3. Found 1.
2020-06-06 05:16:00,157 [IPC Server handler 3 on default port 43117] INFO  net.NetworkTopology (NetworkTopologyImpl.java:add(111)) - Added a new node: /rack1/5414add9-8f52-42f4-bc0e-5ee16c82ee52
2020-06-06 05:16:00,157 [IPC Server handler 3 on default port 43117] INFO  node.SCMNodeManager (SCMNodeManager.java:register(268)) - Registered Data node : 5414add9-8f52-42f4-bc0e-5ee16c82ee52{ip: 172.17.0.2, host: 04ab1dbc0cb6, networkLocation: /rack1, certSerialId: null}
2020-06-06 05:16:00,157 [EventQueue-NodeRegistrationContainerReportForContainerSafeModeRule] INFO  safemode.SCMSafeModeManager (SCMSafeModeManager.java:validateSafeModeExitRules(213)) - ContainerSafeModeRule rule is successfully validated
2020-06-06 05:16:00,158 [EventQueue-NodeRegistrationContainerReportForDataNodeSafeModeRule] INFO  safemode.SCMSafeModeManager (SCMSafeModeManager.java:validateSafeModeExitRules(213)) - DataNodeSafeModeRule rule is successfully validated
2020-06-06 05:16:00,160 [RatisPipelineUtilsThread] INFO  pipeline.RatisPipelineProvider (RatisPipelineProvider.java:lambda$create$0(138)) - Sending CreatePipelineCommand for pipeline:PipelineID=b2fde568-4d78-4a73-9fc5-3932973306df to datanode:5414add9-8f52-42f4-bc0e-5ee16c82ee52
2020-06-06 05:16:00,161 [RatisPipelineUtilsThread] INFO  pipeline.PipelineStateManager (PipelineStateManager.java:addPipeline(54)) - Created pipeline Pipeline[ Id: b2fde568-4d78-4a73-9fc5-3932973306df, Nodes: 5414add9-8f52-42f4-bc0e-5ee16c82ee52{ip: 172.17.0.2, host: 04ab1dbc0cb6, networkLocation: /rack1, certSerialId: null}, Type:RATIS, Factor:ONE, State:ALLOCATED, leaderId:null, CreationTimestamp2020-06-06T05:16:00.160Z]
2020-06-06 05:16:00,161 [RatisPipelineUtilsThread] ERROR pipeline.SCMPipelineManager (SCMPipelineManager.java:createPipeline(222)) - Failed to create pipeline of type RATIS and factor ONE. Exception: Cannot create pipeline of factor 1 using 0 nodes. Used 2 nodes. Healthy nodes 2
2020-06-06 05:16:00,161 [RatisPipelineUtilsThread] WARN  pipeline.PipelinePlacementPolicy (PipelinePlacementPolicy.java:filterViableNodes(133)) - Pipeline creation failed due to no sufficient healthy datanodes. Required 3. Found 2.
2020-06-06 05:16:00,161 [RatisPipelineUtilsThread] ERROR pipeline.SCMPipelineManager (SCMPipelineManager.java:createPipeline(222)) - Failed to create pipeline of type RATIS and factor THREE. Exception: Pipeline creation failed due to no sufficient healthy datanodes. Required 3. Found 2.
2020-06-06 05:16:00,244 [IPC Server handler 4 on default port 43117] INFO  net.NetworkTopology (NetworkTopologyImpl.java:add(111)) - Added a new node: /rack1/dfea1794-fda5-4e0a-86f7-27bb8c5952a1
2020-06-06 05:16:00,244 [IPC Server handler 4 on default port 43117] INFO  node.SCMNodeManager (SCMNodeManager.java:register(268)) - Registered Data node : dfea1794-fda5-4e0a-86f7-27bb8c5952a1{ip: 172.17.0.2, host: 04ab1dbc0cb6, networkLocation: /rack1, certSerialId: null}
2020-06-06 05:16:00,245 [EventQueue-NodeRegistrationContainerReportForContainerSafeModeRule] INFO  safemode.SCMSafeModeManager (SCMSafeModeManager.java:validateSafeModeExitRules(213)) - ContainerSafeModeRule rule is successfully validated
2020-06-06 05:16:00,245 [EventQueue-NodeRegistrationContainerReportForDataNodeSafeModeRule] INFO  safemode.SCMSafeModeManager (SCMSafeModeManager.java:validateSafeModeExitRules(213)) - DataNodeSafeModeRule rule is successfully validated
2020-06-06 05:16:00,247 [RatisPipelineUtilsThread] INFO  pipeline.RatisPipelineProvider (RatisPipelineProvider.java:lambda$create$0(138)) - Sending CreatePipelineCommand for pipeline:PipelineID=6f63ecc3-49e5-4463-aa88-0bccc0fcf8c9 to datanode:dfea1794-fda5-4e0a-86f7-27bb8c5952a1
2020-06-06 05:16:00,247 [RatisPipelineUtilsThread] INFO  pipeline.PipelineStateManager (PipelineStateManager.java:addPipeline(54)) - Created pipeline Pipeline[ Id: 6f63ecc3-49e5-4463-aa88-0bccc0fcf8c9, Nodes: dfea1794-fda5-4e0a-86f7-27bb8c5952a1{ip: 172.17.0.2, host: 04ab1dbc0cb6, networkLocation: /rack1, certSerialId: null}, Type:RATIS, Factor:ONE, State:ALLOCATED, leaderId:null, CreationTimestamp2020-06-06T05:16:00.247Z]
2020-06-06 05:16:00,248 [RatisPipelineUtilsThread] ERROR pipeline.SCMPipelineManager (SCMPipelineManager.java:createPipeline(222)) - Failed to create pipeline of type RATIS and factor ONE. Exception: Cannot create pipeline of factor 1 using 0 nodes. Used 3 nodes. Healthy nodes 3
2020-06-06 05:16:00,252 [RatisPipelineUtilsThread] INFO  pipeline.RatisPipelineProvider (RatisPipelineProvider.java:lambda$create$0(138)) - Sending CreatePipelineCommand for pipeline:PipelineID=31b1bed0-81f1-4ab1-9050-308f7357fed9 to datanode:5414add9-8f52-42f4-bc0e-5ee16c82ee52
2020-06-06 05:16:00,254 [RatisPipelineUtilsThread] INFO  pipeline.RatisPipelineProvider (RatisPipelineProvider.java:lambda$create$0(138)) - Sending CreatePipelineCommand for pipeline:PipelineID=31b1bed0-81f1-4ab1-9050-308f7357fed9 to datanode:dfea1794-fda5-4e0a-86f7-27bb8c5952a1
2020-06-06 05:16:00,254 [RatisPipelineUtilsThread] INFO  pipeline.RatisPipelineProvider (RatisPipelineProvider.java:lambda$create$0(138)) - Sending CreatePipelineCommand for pipeline:PipelineID=31b1bed0-81f1-4ab1-9050-308f7357fed9 to datanode:bac48e61-09da-4d4a-9cda-de1b5303032b
2020-06-06 05:16:00,255 [RatisPipelineUtilsThread] INFO  pipeline.PipelineStateManager (PipelineStateManager.java:addPipeline(54)) - Created pipeline Pipeline[ Id: 31b1bed0-81f1-4ab1-9050-308f7357fed9, Nodes: 5414add9-8f52-42f4-bc0e-5ee16c82ee52{ip: 172.17.0.2, host: 04ab1dbc0cb6, networkLocation: /rack1, certSerialId: null}dfea1794-fda5-4e0a-86f7-27bb8c5952a1{ip: 172.17.0.2, host: 04ab1dbc0cb6, networkLocation: /rack1, certSerialId: null}bac48e61-09da-4d4a-9cda-de1b5303032b{ip: 172.17.0.2, host: 04ab1dbc0cb6, networkLocation: /rack1, certSerialId: null}, Type:RATIS, Factor:THREE, State:ALLOCATED, leaderId:null, CreationTimestamp2020-06-06T05:16:00.252Z]
2020-06-06 05:16:00,255 [RatisPipelineUtilsThread] ERROR pipeline.SCMPipelineManager (SCMPipelineManager.java:createPipeline(222)) - Failed to create pipeline of type RATIS and factor THREE. Exception: Pipeline creation failed because nodes are engaged in other pipelines and every node can only be engaged in max 2 pipelines. Required 3. Found 0
2020-06-06 05:16:00,331 [IPC Server handler 5 on default port 43117] INFO  net.NetworkTopology (NetworkTopologyImpl.java:add(111)) - Added a new node: /rack1/1a49a296-5844-4022-b55f-cb040720ebd9
2020-06-06 05:16:00,332 [IPC Server handler 5 on default port 43117] INFO  node.SCMNodeManager (SCMNodeManager.java:register(268)) - Registered Data node : 1a49a296-5844-4022-b55f-cb040720ebd9{ip: 172.17.0.2, host: 04ab1dbc0cb6, networkLocation: /rack1, certSerialId: null}
2020-06-06 05:16:00,333 [EventQueue-NodeRegistrationContainerReportForContainerSafeModeRule] INFO  safemode.SCMSafeModeManager (SCMSafeModeManager.java:validateSafeModeExitRules(213)) - ContainerSafeModeRule rule is successfully validated
2020-06-06 05:16:00,333 [EventQueue-NodeRegistrationContainerReportForDataNodeSafeModeRule] INFO  safemode.SCMSafeModeManager (SCMSafeModeManager.java:validateSafeModeExitRules(213)) - DataNodeSafeModeRule rule is successfully validated
2020-06-06 05:16:00,336 [RatisPipelineUtilsThread] INFO  pipeline.RatisPipelineProvider (RatisPipelineProvider.java:lambda$create$0(138)) - Sending CreatePipelineCommand for pipeline:PipelineID=65541d31-f41f-44c4-8af3-49893c952b17 to datanode:1a49a296-5844-4022-b55f-cb040720ebd9
2020-06-06 05:16:00,337 [RatisPipelineUtilsThread] INFO  pipeline.PipelineStateManager (PipelineStateManager.java:addPipeline(54)) - Created pipeline Pipeline[ Id: 65541d31-f41f-44c4-8af3-49893c952b17, Nodes: 1a49a296-5844-4022-b55f-cb040720ebd9{ip: 172.17.0.2, host: 04ab1dbc0cb6, networkLocation: /rack1, certSerialId: null}, Type:RATIS, Factor:ONE, State:ALLOCATED, leaderId:null, CreationTimestamp2020-06-06T05:16:00.336Z]
2020-06-06 05:16:00,338 [RatisPipelineUtilsThread] ERROR pipeline.SCMPipelineManager (SCMPipelineManager.java:createPipeline(222)) - Failed to create pipeline of type RATIS and factor ONE. Exception: Cannot create pipeline of factor 1 using 0 nodes. Used 4 nodes. Healthy nodes 4
2020-06-06 05:16:00,339 [RatisPipelineUtilsThread] ERROR pipeline.SCMPipelineManager (SCMPipelineManager.java:createPipeline(222)) - Failed to create pipeline of type RATIS and factor THREE. Exception: Pipeline creation failed because nodes are engaged in other pipelines and every node can only be engaged in max 2 pipelines. Required 3. Found 1
2020-06-06 05:16:00,435 [IPC Server handler 1 on default port 43117] INFO  net.NetworkTopology (NetworkTopologyImpl.java:add(111)) - Added a new node: /rack1/6b1e40fd-b271-4671-bc2e-69bde6106f78
2020-06-06 05:16:00,435 [IPC Server handler 1 on default port 43117] INFO  node.SCMNodeManager (SCMNodeManager.java:register(268)) - Registered Data node : 6b1e40fd-b271-4671-bc2e-69bde6106f78{ip: 172.17.0.2, host: 04ab1dbc0cb6, networkLocation: /rack1, certSerialId: null}
2020-06-06 05:16:00,435 [EventQueue-NodeRegistrationContainerReportForContainerSafeModeRule] INFO  safemode.SCMSafeModeManager (SCMSafeModeManager.java:validateSafeModeExitRules(213)) - ContainerSafeModeRule rule is successfully validated
2020-06-06 05:16:00,436 [EventQueue-NodeRegistrationContainerReportForDataNodeSafeModeRule] INFO  safemode.SCMSafeModeManager (SCMSafeModeManager.java:validateSafeModeExitRules(213)) - DataNodeSafeModeRule rule is successfully validated
2020-06-06 05:16:00,439 [RatisPipelineUtilsThread] INFO  pipeline.RatisPipelineProvider (RatisPipelineProvider.java:lambda$create$0(138)) - Sending CreatePipelineCommand for pipeline:PipelineID=3f161e52-1d09-4470-8e91-99b687cedc83 to datanode:6b1e40fd-b271-4671-bc2e-69bde6106f78
2020-06-06 05:16:00,440 [RatisPipelineUtilsThread] INFO  pipeline.PipelineStateManager (PipelineStateManager.java:addPipeline(54)) - Created pipeline Pipeline[ Id: 3f161e52-1d09-4470-8e91-99b687cedc83, Nodes: 6b1e40fd-b271-4671-bc2e-69bde6106f78{ip: 172.17.0.2, host: 04ab1dbc0cb6, networkLocation: /rack1, certSerialId: null}, Type:RATIS, Factor:ONE, State:ALLOCATED, leaderId:null, CreationTimestamp2020-06-06T05:16:00.439Z]
2020-06-06 05:16:00,441 [RatisPipelineUtilsThread] ERROR pipeline.SCMPipelineManager (SCMPipelineManager.java:createPipeline(222)) - Failed to create pipeline of type RATIS and factor ONE. Exception: Cannot create pipeline of factor 1 using 0 nodes. Used 5 nodes. Healthy nodes 5
2020-06-06 05:16:00,442 [RatisPipelineUtilsThread] ERROR pipeline.SCMPipelineManager (SCMPipelineManager.java:createPipeline(222)) - Failed to create pipeline of type RATIS and factor THREE. Exception: Pipeline creation failed because nodes are engaged in other pipelines and every node can only be engaged in max 2 pipelines. Required 3. Found 2
2020-06-06 05:16:00,516 [IPC Server handler 6 on default port 43117] INFO  net.NetworkTopology (NetworkTopologyImpl.java:add(111)) - Added a new node: /rack1/16c5f78f-17e9-4ae3-8c1c-bc00fdbfe39b
2020-06-06 05:16:00,516 [IPC Server handler 6 on default port 43117] INFO  node.SCMNodeManager (SCMNodeManager.java:register(268)) - Registered Data node : 16c5f78f-17e9-4ae3-8c1c-bc00fdbfe39b{ip: 172.17.0.2, host: 04ab1dbc0cb6, networkLocation: /rack1, certSerialId: null}
2020-06-06 05:16:00,517 [EventQueue-NodeRegistrationContainerReportForContainerSafeModeRule] INFO  safemode.SCMSafeModeManager (SCMSafeModeManager.java:validateSafeModeExitRules(213)) - ContainerSafeModeRule rule is successfully validated
2020-06-06 05:16:00,517 [EventQueue-NodeRegistrationContainerReportForDataNodeSafeModeRule] INFO  safemode.SCMSafeModeManager (SCMSafeModeManager.java:validateSafeModeExitRules(213)) - DataNodeSafeModeRule rule is successfully validated
2020-06-06 05:16:00,519 [RatisPipelineUtilsThread] INFO  pipeline.RatisPipelineProvider (RatisPipelineProvider.java:lambda$create$0(138)) - Sending CreatePipelineCommand for pipeline:PipelineID=e94470a1-f56c-419a-97da-3b982e576506 to datanode:16c5f78f-17e9-4ae3-8c1c-bc00fdbfe39b
2020-06-06 05:16:00,519 [RatisPipelineUtilsThread] INFO  pipeline.PipelineStateManager (PipelineStateManager.java:addPipeline(54)) - Created pipeline Pipeline[ Id: e94470a1-f56c-419a-97da-3b982e576506, Nodes: 16c5f78f-17e9-4ae3-8c1c-bc00fdbfe39b{ip: 172.17.0.2, host: 04ab1dbc0cb6, networkLocation: /rack1, certSerialId: null}, Type:RATIS, Factor:ONE, State:ALLOCATED, leaderId:null, CreationTimestamp2020-06-06T05:16:00.519Z]
2020-06-06 05:16:00,521 [RatisPipelineUtilsThread] ERROR pipeline.SCMPipelineManager (SCMPipelineManager.java:createPipeline(222)) - Failed to create pipeline of type RATIS and factor ONE. Exception: Cannot create pipeline of factor 1 using 0 nodes. Used 6 nodes. Healthy nodes 6
2020-06-06 05:16:00,521 [RatisPipelineUtilsThread] INFO  pipeline.RatisPipelineProvider (RatisPipelineProvider.java:lambda$create$0(138)) - Sending CreatePipelineCommand for pipeline:PipelineID=a6a197c9-983a-457b-80f0-8814426f656b to datanode:6b1e40fd-b271-4671-bc2e-69bde6106f78
2020-06-06 05:16:00,521 [RatisPipelineUtilsThread] INFO  pipeline.RatisPipelineProvider (RatisPipelineProvider.java:lambda$create$0(138)) - Sending CreatePipelineCommand for pipeline:PipelineID=a6a197c9-983a-457b-80f0-8814426f656b to datanode:16c5f78f-17e9-4ae3-8c1c-bc00fdbfe39b
2020-06-06 05:16:00,522 [RatisPipelineUtilsThread] INFO  pipeline.RatisPipelineProvider (RatisPipelineProvider.java:lambda$create$0(138)) - Sending CreatePipelineCommand for pipeline:PipelineID=a6a197c9-983a-457b-80f0-8814426f656b to datanode:1a49a296-5844-4022-b55f-cb040720ebd9
2020-06-06 05:16:00,522 [RatisPipelineUtilsThread] INFO  pipeline.PipelineStateManager (PipelineStateManager.java:addPipeline(54)) - Created pipeline Pipeline[ Id: a6a197c9-983a-457b-80f0-8814426f656b, Nodes: 6b1e40fd-b271-4671-bc2e-69bde6106f78{ip: 172.17.0.2, host: 04ab1dbc0cb6, networkLocation: /rack1, certSerialId: null}16c5f78f-17e9-4ae3-8c1c-bc00fdbfe39b{ip: 172.17.0.2, host: 04ab1dbc0cb6, networkLocation: /rack1, certSerialId: null}1a49a296-5844-4022-b55f-cb040720ebd9{ip: 172.17.0.2, host: 04ab1dbc0cb6, networkLocation: /rack1, certSerialId: null}, Type:RATIS, Factor:THREE, State:ALLOCATED, leaderId:null, CreationTimestamp2020-06-06T05:16:00.521Z]
2020-06-06 05:16:00,523 [RatisPipelineUtilsThread] ERROR pipeline.SCMPipelineManager (SCMPipelineManager.java:createPipeline(222)) - Failed to create pipeline of type RATIS and factor THREE. Exception: Pipeline creation failed because nodes are engaged in other pipelines and every node can only be engaged in max 2 pipelines. Required 3. Found 0
2020-06-06 05:16:00,591 [IPC Server handler 7 on default port 43117] INFO  net.NetworkTopology (NetworkTopologyImpl.java:add(111)) - Added a new node: /rack1/511a318d-fbb5-4d0b-a0f0-9021d224a603
2020-06-06 05:16:00,592 [IPC Server handler 7 on default port 43117] INFO  node.SCMNodeManager (SCMNodeManager.java:register(268)) - Registered Data node : 511a318d-fbb5-4d0b-a0f0-9021d224a603{ip: 172.17.0.2, host: 04ab1dbc0cb6, networkLocation: /rack1, certSerialId: null}
2020-06-06 05:16:00,592 [EventQueue-NodeRegistrationContainerReportForContainerSafeModeRule] INFO  safemode.SCMSafeModeManager (SCMSafeModeManager.java:validateSafeModeExitRules(213)) - ContainerSafeModeRule rule is successfully validated
2020-06-06 05:16:00,592 [EventQueue-NodeRegistrationContainerReportForDataNodeSafeModeRule] INFO  safemode.SCMSafeModeManager (SCMSafeModeManager.java:validateSafeModeExitRules(213)) - DataNodeSafeModeRule rule is successfully validated
2020-06-06 05:16:00,593 [RatisPipelineUtilsThread] INFO  pipeline.RatisPipelineProvider (RatisPipelineProvider.java:lambda$create$0(138)) - Sending CreatePipelineCommand for pipeline:PipelineID=7c3edca1-f15c-4e08-a491-613cf55c7bb1 to datanode:511a318d-fbb5-4d0b-a0f0-9021d224a603
2020-06-06 05:16:00,595 [RatisPipelineUtilsThread] INFO  pipeline.PipelineStateManager (PipelineStateManager.java:addPipeline(54)) - Created pipeline Pipeline[ Id: 7c3edca1-f15c-4e08-a491-613cf55c7bb1, Nodes: 511a318d-fbb5-4d0b-a0f0-9021d224a603{ip: 172.17.0.2, host: 04ab1dbc0cb6, networkLocation: /rack1, certSerialId: null}, Type:RATIS, Factor:ONE, State:ALLOCATED, leaderId:null, CreationTimestamp2020-06-06T05:16:00.593Z]
2020-06-06 05:16:00,595 [RatisPipelineUtilsThread] ERROR pipeline.SCMPipelineManager (SCMPipelineManager.java:createPipeline(222)) - Failed to create pipeline of type RATIS and factor ONE. Exception: Cannot create pipeline of factor 1 using 0 nodes. Used 7 nodes. Healthy nodes 7
2020-06-06 05:16:00,595 [RatisPipelineUtilsThread] ERROR pipeline.SCMPipelineManager (SCMPipelineManager.java:createPipeline(222)) - Failed to create pipeline of type RATIS and factor THREE. Exception: Pipeline creation failed because nodes are engaged in other pipelines and every node can only be engaged in max 2 pipelines. Required 3. Found 1
2020-06-06 05:16:00,681 [IPC Server handler 8 on default port 43117] INFO  net.NetworkTopology (NetworkTopologyImpl.java:add(111)) - Added a new node: /rack1/c5a1e514-6f01-4466-ae6f-c9e2d9db90cf
2020-06-06 05:16:00,681 [IPC Server handler 8 on default port 43117] INFO  node.SCMNodeManager (SCMNodeManager.java:register(268)) - Registered Data node : c5a1e514-6f01-4466-ae6f-c9e2d9db90cf{ip: 172.17.0.2, host: 04ab1dbc0cb6, networkLocation: /rack1, certSerialId: null}
2020-06-06 05:16:00,682 [EventQueue-NodeRegistrationContainerReportForDataNodeSafeModeRule] INFO  safemode.SCMSafeModeManager (SCMSafeModeManager.java:validateSafeModeExitRules(213)) - DataNodeSafeModeRule rule is successfully validated
2020-06-06 05:16:00,682 [EventQueue-NodeRegistrationContainerReportForContainerSafeModeRule] INFO  safemode.SCMSafeModeManager (SCMSafeModeManager.java:validateSafeModeExitRules(213)) - ContainerSafeModeRule rule is successfully validated
2020-06-06 05:16:00,682 [RatisPipelineUtilsThread] INFO  pipeline.RatisPipelineProvider (RatisPipelineProvider.java:lambda$create$0(138)) - Sending CreatePipelineCommand for pipeline:PipelineID=a3ae1158-afce-41dd-b921-077f859989a5 to datanode:c5a1e514-6f01-4466-ae6f-c9e2d9db90cf
2020-06-06 05:16:00,683 [RatisPipelineUtilsThread] INFO  pipeline.PipelineStateManager (PipelineStateManager.java:addPipeline(54)) - Created pipeline Pipeline[ Id: a3ae1158-afce-41dd-b921-077f859989a5, Nodes: c5a1e514-6f01-4466-ae6f-c9e2d9db90cf{ip: 172.17.0.2, host: 04ab1dbc0cb6, networkLocation: /rack1, certSerialId: null}, Type:RATIS, Factor:ONE, State:ALLOCATED, leaderId:null, CreationTimestamp2020-06-06T05:16:00.682Z]
2020-06-06 05:16:00,683 [RatisPipelineUtilsThread] ERROR pipeline.SCMPipelineManager (SCMPipelineManager.java:createPipeline(222)) - Failed to create pipeline of type RATIS and factor ONE. Exception: Cannot create pipeline of factor 1 using 0 nodes. Used 8 nodes. Healthy nodes 8
2020-06-06 05:16:00,683 [RatisPipelineUtilsThread] ERROR pipeline.SCMPipelineManager (SCMPipelineManager.java:createPipeline(222)) - Failed to create pipeline of type RATIS and factor THREE. Exception: Pipeline creation failed because nodes are engaged in other pipelines and every node can only be engaged in max 2 pipelines. Required 3. Found 2
2020-06-06 05:16:00,734 [IPC Server handler 10 on default port 43117] INFO  net.NetworkTopology (NetworkTopologyImpl.java:add(111)) - Added a new node: /rack1/4748d6c1-a840-468c-97bc-f81124d46716
2020-06-06 05:16:00,735 [IPC Server handler 10 on default port 43117] INFO  node.SCMNodeManager (SCMNodeManager.java:register(268)) - Registered Data node : 4748d6c1-a840-468c-97bc-f81124d46716{ip: 172.17.0.2, host: 04ab1dbc0cb6, networkLocation: /rack1, certSerialId: null}
2020-06-06 05:16:00,735 [EventQueue-NodeRegistrationContainerReportForContainerSafeModeRule] INFO  safemode.SCMSafeModeManager (SCMSafeModeManager.java:validateSafeModeExitRules(213)) - ContainerSafeModeRule rule is successfully validated
2020-06-06 05:16:00,736 [EventQueue-NodeRegistrationContainerReportForDataNodeSafeModeRule] INFO  safemode.SCMSafeModeManager (SCMSafeModeManager.java:validateSafeModeExitRules(213)) - DataNodeSafeModeRule rule is successfully validated
2020-06-06 05:16:00,736 [RatisPipelineUtilsThread] INFO  pipeline.RatisPipelineProvider (RatisPipelineProvider.java:lambda$create$0(138)) - Sending CreatePipelineCommand for pipeline:PipelineID=f2a07715-4f5d-4e02-9eed-fc85af366854 to datanode:4748d6c1-a840-468c-97bc-f81124d46716
2020-06-06 05:16:00,737 [RatisPipelineUtilsThread] INFO  pipeline.PipelineStateManager (PipelineStateManager.java:addPipeline(54)) - Created pipeline Pipeline[ Id: f2a07715-4f5d-4e02-9eed-fc85af366854, Nodes: 4748d6c1-a840-468c-97bc-f81124d46716{ip: 172.17.0.2, host: 04ab1dbc0cb6, networkLocation: /rack1, certSerialId: null}, Type:RATIS, Factor:ONE, State:ALLOCATED, leaderId:null, CreationTimestamp2020-06-06T05:16:00.736Z]
2020-06-06 05:16:00,738 [RatisPipelineUtilsThread] ERROR pipeline.SCMPipelineManager (SCMPipelineManager.java:createPipeline(222)) - Failed to create pipeline of type RATIS and factor ONE. Exception: Cannot create pipeline of factor 1 using 0 nodes. Used 9 nodes. Healthy nodes 9
2020-06-06 05:16:00,739 [RatisPipelineUtilsThread] INFO  pipeline.RatisPipelineProvider (RatisPipelineProvider.java:lambda$create$0(138)) - Sending CreatePipelineCommand for pipeline:PipelineID=d1fd64df-3c23-4618-9d89-7f597f336e44 to datanode:4748d6c1-a840-468c-97bc-f81124d46716
2020-06-06 05:16:00,739 [RatisPipelineUtilsThread] INFO  pipeline.RatisPipelineProvider (RatisPipelineProvider.java:lambda$create$0(138)) - Sending CreatePipelineCommand for pipeline:PipelineID=d1fd64df-3c23-4618-9d89-7f597f336e44 to datanode:c5a1e514-6f01-4466-ae6f-c9e2d9db90cf
2020-06-06 05:16:00,739 [RatisPipelineUtilsThread] INFO  pipeline.RatisPipelineProvider (RatisPipelineProvider.java:lambda$create$0(138)) - Sending CreatePipelineCommand for pipeline:PipelineID=d1fd64df-3c23-4618-9d89-7f597f336e44 to datanode:511a318d-fbb5-4d0b-a0f0-9021d224a603
2020-06-06 05:16:00,740 [RatisPipelineUtilsThread] INFO  pipeline.PipelineStateManager (PipelineStateManager.java:addPipeline(54)) - Created pipeline Pipeline[ Id: d1fd64df-3c23-4618-9d89-7f597f336e44, Nodes: 4748d6c1-a840-468c-97bc-f81124d46716{ip: 172.17.0.2, host: 04ab1dbc0cb6, networkLocation: /rack1, certSerialId: null}c5a1e514-6f01-4466-ae6f-c9e2d9db90cf{ip: 172.17.0.2, host: 04ab1dbc0cb6, networkLocation: /rack1, certSerialId: null}511a318d-fbb5-4d0b-a0f0-9021d224a603{ip: 172.17.0.2, host: 04ab1dbc0cb6, networkLocation: /rack1, certSerialId: null}, Type:RATIS, Factor:THREE, State:ALLOCATED, leaderId:null, CreationTimestamp2020-06-06T05:16:00.739Z]
2020-06-06 05:16:00,740 [RatisPipelineUtilsThread] ERROR pipeline.SCMPipelineManager (SCMPipelineManager.java:createPipeline(222)) - Failed to create pipeline of type RATIS and factor THREE. Exception: Pipeline creation failed because nodes are engaged in other pipelines and every node can only be engaged in max 2 pipelines. Required 3. Found 0
2020-06-06 05:16:00,781 [Listener at 127.0.0.1/44133] INFO  ozone.MiniOzoneClusterImpl (MiniOzoneClusterImpl.java:lambda$waitForClusterToBeReady$0(177)) - Waiting for nodes to be ready. Got 9 of 10 DN Heartbeats.
2020-06-06 05:16:00,782 [Listener at 127.0.0.1/44133] INFO  ozone.MiniOzoneClusterImpl (MiniOzoneClusterImpl.java:lambda$waitForClusterToBeReady$0(180)) - Waiting for cluster to exit safe mode
2020-06-06 05:16:00,789 [IPC Server handler 9 on default port 43117] INFO  net.NetworkTopology (NetworkTopologyImpl.java:add(111)) - Added a new node: /rack1/92229472-150d-4b8c-8c8a-1ffb4ed5a15e
2020-06-06 05:16:00,789 [IPC Server handler 9 on default port 43117] INFO  node.SCMNodeManager (SCMNodeManager.java:register(268)) - Registered Data node : 92229472-150d-4b8c-8c8a-1ffb4ed5a15e{ip: 172.17.0.2, host: 04ab1dbc0cb6, networkLocation: /rack1, certSerialId: null}
2020-06-06 05:16:00,790 [EventQueue-NodeRegistrationContainerReportForContainerSafeModeRule] INFO  safemode.SCMSafeModeManager (SCMSafeModeManager.java:validateSafeModeExitRules(213)) - ContainerSafeModeRule rule is successfully validated
2020-06-06 05:16:00,790 [EventQueue-NodeRegistrationContainerReportForDataNodeSafeModeRule] INFO  safemode.SCMSafeModeManager (SCMSafeModeManager.java:validateSafeModeExitRules(213)) - DataNodeSafeModeRule rule is successfully validated
2020-06-06 05:16:00,791 [RatisPipelineUtilsThread] INFO  pipeline.RatisPipelineProvider (RatisPipelineProvider.java:lambda$create$0(138)) - Sending CreatePipelineCommand for pipeline:PipelineID=5c8c39c2-5848-4aa7-9a7c-5f9612465ebb to datanode:92229472-150d-4b8c-8c8a-1ffb4ed5a15e
2020-06-06 05:16:00,791 [RatisPipelineUtilsThread] INFO  pipeline.PipelineStateManager (PipelineStateManager.java:addPipeline(54)) - Created pipeline Pipeline[ Id: 5c8c39c2-5848-4aa7-9a7c-5f9612465ebb, Nodes: 92229472-150d-4b8c-8c8a-1ffb4ed5a15e{ip: 172.17.0.2, host: 04ab1dbc0cb6, networkLocation: /rack1, certSerialId: null}, Type:RATIS, Factor:ONE, State:ALLOCATED, leaderId:null, CreationTimestamp2020-06-06T05:16:00.791Z]
2020-06-06 05:16:00,792 [RatisPipelineUtilsThread] ERROR pipeline.SCMPipelineManager (SCMPipelineManager.java:createPipeline(222)) - Failed to create pipeline of type RATIS and factor ONE. Exception: Cannot create pipeline of factor 1 using 0 nodes. Used 10 nodes. Healthy nodes 10
2020-06-06 05:16:00,792 [RatisPipelineUtilsThread] ERROR pipeline.SCMPipelineManager (SCMPipelineManager.java:createPipeline(222)) - Failed to create pipeline of type RATIS and factor THREE. Exception: Pipeline creation failed because nodes are engaged in other pipelines and every node can only be engaged in max 2 pipelines. Required 3. Found 1
2020-06-06 05:16:01,782 [Listener at 127.0.0.1/44133] INFO  ozone.MiniOzoneClusterImpl (MiniOzoneClusterImpl.java:lambda$waitForClusterToBeReady$0(177)) - Nodes are ready. Got 10 of 10 DN Heartbeats.
2020-06-06 05:16:01,783 [Listener at 127.0.0.1/44133] INFO  ozone.MiniOzoneClusterImpl (MiniOzoneClusterImpl.java:lambda$waitForClusterToBeReady$0(180)) - Waiting for cluster to exit safe mode
2020-06-06 05:16:02,783 [Listener at 127.0.0.1/44133] INFO  ozone.MiniOzoneClusterImpl (MiniOzoneClusterImpl.java:lambda$waitForClusterToBeReady$0(177)) - Nodes are ready. Got 10 of 10 DN Heartbeats.
2020-06-06 05:16:02,783 [Listener at 127.0.0.1/44133] INFO  ozone.MiniOzoneClusterImpl (MiniOzoneClusterImpl.java:lambda$waitForClusterToBeReady$0(180)) - Waiting for cluster to exit safe mode
2020-06-06 05:16:03,012 [Command processor thread] INFO  impl.RaftServerProxy (RaftServerProxy.java:addNew(89)) - bac48e61-09da-4d4a-9cda-de1b5303032b: addNew group-7E9932F5DC8E:[bac48e61-09da-4d4a-9cda-de1b5303032b:172.17.0.2:42725] returns group-7E9932F5DC8E:java.util.concurrent.CompletableFuture@61a5b709[Not completed]
2020-06-06 05:16:03,038 [pool-35-thread-1] INFO  impl.RaftServerImpl (RaftServerImpl.java:<init>(98)) - bac48e61-09da-4d4a-9cda-de1b5303032b: new RaftServerImpl for group-7E9932F5DC8E:[bac48e61-09da-4d4a-9cda-de1b5303032b:172.17.0.2:42725] with ContainerStateMachine:uninitialized
2020-06-06 05:16:03,039 [pool-35-thread-1] INFO  server.RaftServerConfigKeys (ConfUtils.java:logGet(44)) - raft.server.rpc.timeout.min = 1s (custom)
2020-06-06 05:16:03,039 [pool-35-thread-1] INFO  server.RaftServerConfigKeys (ConfUtils.java:logGet(44)) - raft.server.rpc.timeout.max = 1200ms (custom)
2020-06-06 05:16:03,040 [pool-35-thread-1] INFO  server.RaftServerConfigKeys (ConfUtils.java:logGet(44)) - raft.server.rpcslowness.timeout = 300s (custom)
2020-06-06 05:16:03,040 [pool-35-thread-1] INFO  server.RaftServerConfigKeys (ConfUtils.java:logGet(44)) - raft.server.sleep.deviation.threshold = 300 (default)
2020-06-06 05:16:03,040 [pool-35-thread-1] INFO  server.RaftServerConfigKeys (ConfUtils.java:logGet(44)) - raft.server.log.appender.install.snapshot.enabled = false (custom)
2020-06-06 05:16:03,046 [pool-35-thread-1] INFO  impl.RaftServerImpl (ServerState.java:<init>(103)) - bac48e61-09da-4d4a-9cda-de1b5303032b@group-7E9932F5DC8E: ConfigurationManager, init=-1: [bac48e61-09da-4d4a-9cda-de1b5303032b:172.17.0.2:42725], old=null, confs=<EMPTY_MAP>
2020-06-06 05:16:03,047 [pool-35-thread-1] INFO  server.RaftServerConfigKeys (ConfUtils.java:logGet(44)) - raft.server.storage.dir = [/github/workspace/mnt/ozone/hadoop-ozone/integration-test/target/test-dir/MiniOzoneClusterImpl-e9c98d0f-e324-43f2-aa41-70e4df10ec43/datanode-0/data/ratis] (custom)
2020-06-06 05:16:03,051 [pool-35-thread-1] INFO  server.RaftServerConfigKeys (ConfUtils.java:logGet(44)) - raft.server.log.corruption.policy = EXCEPTION (default)
2020-06-06 05:16:03,052 [pool-35-thread-1] INFO  storage.RaftStorageDirectory (RaftStorageDirectory.java:analyzeStorage(261)) - The storage directory /github/workspace/mnt/ozone/hadoop-ozone/integration-test/target/test-dir/MiniOzoneClusterImpl-e9c98d0f-e324-43f2-aa41-70e4df10ec43/datanode-0/data/ratis/7789e8f3-459b-46ee-bf97-7e9932f5dc8e does not exist. Creating ...
2020-06-06 05:16:03,056 [pool-35-thread-1] INFO  storage.RaftStorageDirectory (RaftStorageDirectory.java:tryLock(343)) - Lock on /github/workspace/mnt/ozone/hadoop-ozone/integration-test/target/test-dir/MiniOzoneClusterImpl-e9c98d0f-e324-43f2-aa41-70e4df10ec43/datanode-0/data/ratis/7789e8f3-459b-46ee-bf97-7e9932f5dc8e/in_use.lock acquired by nodename 3879@04ab1dbc0cb6
2020-06-06 05:16:03,058 [pool-35-thread-1] INFO  storage.RaftStorage (RaftStorage.java:format(84)) - Storage directory /github/workspace/mnt/ozone/hadoop-ozone/integration-test/target/test-dir/MiniOzoneClusterImpl-e9c98d0f-e324-43f2-aa41-70e4df10ec43/datanode-0/data/ratis/7789e8f3-459b-46ee-bf97-7e9932f5dc8e has been successfully formatted.
2020-06-06 05:16:03,062 [pool-35-thread-1] INFO  ratis.ContainerStateMachine (ContainerStateMachine.java:loadSnapshot(226)) - group-7E9932F5DC8E: The snapshot info is null. Setting the last applied indexto:(t:0, i:~)
2020-06-06 05:16:03,063 [pool-35-thread-1] INFO  server.RaftServerConfigKeys (ConfUtils.java:logGet(44)) - raft.server.notification.no-leader.timeout = 60s (default)
2020-06-06 05:16:03,065 [pool-35-thread-1] INFO  server.RaftServerConfigKeys (ConfUtils.java:logGet(44)) - raft.server.log.use.memory = false (default)
2020-06-06 05:16:03,069 [pool-35-thread-1] INFO  server.RaftServerConfigKeys (ConfUtils.java:logGet(44)) - raft.server.log.purge.gap = 1000000 (custom)
2020-06-06 05:16:03,069 [pool-35-thread-1] INFO  server.RaftServerConfigKeys (ConfUtils.java:logGet(44)) - raft.server.log.appender.buffer.byte-limit = 33554432 (custom)
2020-06-06 05:16:03,070 [pool-35-thread-1] INFO  server.RaftServerConfigKeys (ConfUtils.java:logGet(44)) - raft.server.log.segment.size.max = 1048576 (custom)
2020-06-06 05:16:03,074 [pool-35-thread-1] INFO  metrics.RatisMetrics (RatisMetrics.java:lambda$create$0(39)) - Creating Metrics Registry : ratis.log_worker.bac48e61-09da-4d4a-9cda-de1b5303032b
2020-06-06 05:16:03,084 [pool-35-thread-1] INFO  server.RaftServerConfigKeys (ConfUtils.java:logGet(44)) - raft.server.log.segment.cache.num.max = 2 (custom)
2020-06-06 05:16:03,089 [pool-35-thread-1] INFO  segmented.SegmentedRaftLogWorker (SegmentedRaftLogWorker.java:<init>(176)) - new bac48e61-09da-4d4a-9cda-de1b5303032b@group-7E9932F5DC8E-SegmentedRaftLogWorker for RaftStorage:Storage Directory /github/workspace/mnt/ozone/hadoop-ozone/integration-test/target/test-dir/MiniOzoneClusterImpl-e9c98d0f-e324-43f2-aa41-70e4df10ec43/datanode-0/data/ratis/7789e8f3-459b-46ee-bf97-7e9932f5dc8e
2020-06-06 05:16:03,089 [pool-35-thread-1] INFO  server.RaftServerConfigKeys (ConfUtils.java:logGet(44)) - raft.server.log.queue.byte-limit = 2147483647 (custom)
2020-06-06 05:16:03,089 [pool-35-thread-1] INFO  server.RaftServerConfigKeys (ConfUtils.java:logGet(44)) - raft.server.log.queue.element-limit = 1024 (custom)
2020-06-06 05:16:03,090 [pool-35-thread-1] INFO  server.RaftServerConfigKeys (ConfUtils.java:logGet(44)) - raft.server.log.segment.size.max = 1048576 (custom)
2020-06-06 05:16:03,091 [pool-35-thread-1] INFO  server.RaftServerConfigKeys (ConfUtils.java:logGet(44)) - raft.server.log.preallocated.size = 16384 (custom)
2020-06-06 05:16:03,091 [pool-35-thread-1] INFO  server.RaftServerConfigKeys (ConfUtils.java:logGet(44)) - raft.server.log.write.buffer.size = 1048576 (custom)
2020-06-06 05:16:03,091 [pool-35-thread-1] INFO  server.RaftServerConfigKeys (ConfUtils.java:logGet(44)) - raft.server.log.force.sync.num = 128 (default)
2020-06-06 05:16:03,094 [EventQueue-PipelineReportForPipelineReportHandler] INFO  pipeline.PipelineStateManager (PipelineStateManager.java:openPipeline(131)) - Pipeline Pipeline[ Id: 7789e8f3-459b-46ee-bf97-7e9932f5dc8e, Nodes: bac48e61-09da-4d4a-9cda-de1b5303032b{ip: 172.17.0.2, host: 04ab1dbc0cb6, networkLocation: /rack1, certSerialId: null}, Type:RATIS, Factor:ONE, State:ALLOCATED, leaderId:bac48e61-09da-4d4a-9cda-de1b5303032b, CreationTimestamp2020-06-06T05:16:00.035Z] moved to OPEN state
2020-06-06 05:16:03,096 [EventQueue-OpenPipelineForOneReplicaPipelineSafeModeRule] INFO  safemode.SCMSafeModeManager (SCMSafeModeManager.java:validateSafeModeExitRules(213)) - AtleastOneDatanodeReportedRule rule is successfully validated
2020-06-06 05:16:03,099 [pool-35-thread-1] INFO  server.RaftServerConfigKeys (ConfUtils.java:logGet(44)) - raft.server.log.statemachine.data.sync = true (default)
2020-06-06 05:16:03,100 [pool-35-thread-1] INFO  server.RaftServerConfigKeys (ConfUtils.java:logGet(44)) - raft.server.log.statemachine.data.sync.timeout = 10s (default)
2020-06-06 05:16:03,100 [pool-35-thread-1] INFO  server.RaftServerConfigKeys (ConfUtils.java:logGet(44)) - raft.server.log.statemachine.data.sync.timeout.retry = -1 (default)
2020-06-06 05:16:03,104 [EventQueue-OpenPipelineForHealthyPipelineSafeModeRule] INFO  safemode.SCMSafeModeManager (HealthyPipelineSafeModeRule.java:process(132)) - SCM in safe mode. Healthy pipelines reported count is 0, required healthy pipeline reported count is 1
2020-06-06 05:16:03,113 [pool-35-thread-1] INFO  server.RaftServerConfigKeys (ConfUtils.java:logGet(44)) - raft.server.log.statemachine.data.caching.enabled = true (custom)
2020-06-06 05:16:03,117 [pool-35-thread-1] INFO  segmented.SegmentedRaftLogWorker (SegmentedRaftLogWorker.java:lambda$new$0(129)) - bac48e61-09da-4d4a-9cda-de1b5303032b@group-7E9932F5DC8E-SegmentedRaftLogWorker: flushIndex: setUnconditionally 0 -> -1
2020-06-06 05:16:03,133 [pool-35-thread-1] INFO  server.RaftServerConfigKeys (ConfUtils.java:logGet(44)) - raft.server.snapshot.auto.trigger.enabled = true (custom)
2020-06-06 05:16:03,134 [pool-35-thread-1] INFO  server.RaftServerConfigKeys (ConfUtils.java:logGet(44)) - raft.server.snapshot.auto.trigger.threshold = 10000 (custom)
2020-06-06 05:16:03,134 [pool-35-thread-1] INFO  server.RaftServerConfigKeys (ConfUtils.java:logGet(44)) - raft.server.snapshot.retention.file.num = 5 (custom)
2020-06-06 05:16:03,135 [pool-35-thread-1] INFO  server.RaftServerConfigKeys (ConfUtils.java:logGet(44)) - raft.server.log.purge.upto.snapshot.index = false (default)
2020-06-06 05:16:03,135 [pool-35-thread-1] INFO  server.RaftServerConfigKeys (ConfUtils.java:logGet(44)) - raft.server.retrycache.expirytime = 600000ms (custom)
2020-06-06 05:16:03,161 [pool-35-thread-1] INFO  metrics.RatisMetrics (RatisMetrics.java:lambda$create$0(39)) - Creating Metrics Registry : ratis.leader_election.bac48e61-09da-4d4a-9cda-de1b5303032b@group-7E9932F5DC8E
2020-06-06 05:16:03,164 [pool-35-thread-1] INFO  metrics.RatisMetrics (RatisMetrics.java:lambda$create$0(39)) - Creating Metrics Registry : ratis.server.bac48e61-09da-4d4a-9cda-de1b5303032b@group-7E9932F5DC8E
2020-06-06 05:16:03,169 [pool-35-thread-1] INFO  impl.RaftServerImpl (RaftServerImpl.java:start(184)) - bac48e61-09da-4d4a-9cda-de1b5303032b@group-7E9932F5DC8E: start as a follower, conf=-1: [bac48e61-09da-4d4a-9cda-de1b5303032b:172.17.0.2:42725], old=null
2020-06-06 05:16:03,169 [Command processor thread] INFO  impl.RaftServerProxy (RaftServerProxy.java:addNew(89)) - 5414add9-8f52-42f4-bc0e-5ee16c82ee52: addNew group-3932973306DF:[5414add9-8f52-42f4-bc0e-5ee16c82ee52:172.17.0.2:45995] returns group-3932973306DF:java.util.concurrent.CompletableFuture@fcc9bb5[Not completed]
2020-06-06 05:16:03,178 [pool-35-thread-1] INFO  impl.RaftServerImpl (RaftServerImpl.java:setRole(173)) - bac48e61-09da-4d4a-9cda-de1b5303032b@group-7E9932F5DC8E: changes role from      null to FOLLOWER at term 0 for startAsFollower
2020-06-06 05:16:03,179 [pool-35-thread-1] INFO  impl.RoleInfo (RoleInfo.java:updateAndGet(143)) - bac48e61-09da-4d4a-9cda-de1b5303032b: start FollowerState
2020-06-06 05:16:03,181 [pool-35-thread-1] INFO  util.JmxRegister (JmxRegister.java:tryRegister(44)) - Successfully registered JMX Bean with object name Ratis:service=RaftServer,group=group-7E9932F5DC8E,id=bac48e61-09da-4d4a-9cda-de1b5303032b
2020-06-06 05:16:03,191 [pool-35-thread-1] INFO  metrics.RatisMetrics (RatisMetrics.java:lambda$create$0(39)) - Creating Metrics Registry : ratis.state_machine.bac48e61-09da-4d4a-9cda-de1b5303032b@group-7E9932F5DC8E
2020-06-06 05:16:03,192 [pool-51-thread-1] INFO  impl.RaftServerImpl (RaftServerImpl.java:<init>(98)) - 5414add9-8f52-42f4-bc0e-5ee16c82ee52: new RaftServerImpl for group-3932973306DF:[5414add9-8f52-42f4-bc0e-5ee16c82ee52:172.17.0.2:45995] with ContainerStateMachine:uninitialized
2020-06-06 05:16:03,193 [pool-51-thread-1] INFO  server.RaftServerConfigKeys (ConfUtils.java:logGet(44)) - raft.server.rpc.timeout.min = 1s (custom)
2020-06-06 05:16:03,193 [pool-51-thread-1] INFO  server.RaftServerConfigKeys (ConfUtils.java:logGet(44)) - raft.server.rpc.timeout.max = 1200ms (custom)
2020-06-06 05:16:03,193 [pool-51-thread-1] INFO  server.RaftServerConfigKeys (ConfUtils.java:logGet(44)) - raft.server.rpcslowness.timeout = 300s (custom)
2020-06-06 05:16:03,193 [pool-51-thread-1] INFO  server.RaftServerConfigKeys (ConfUtils.java:logGet(44)) - raft.server.sleep.deviation.threshold = 300 (default)
2020-06-06 05:16:03,193 [pool-51-thread-1] INFO  server.RaftServerConfigKeys (ConfUtils.java:logGet(44)) - raft.server.log.appender.install.snapshot.enabled = false (custom)
2020-06-06 05:16:03,193 [pool-51-thread-1] INFO  impl.RaftServerImpl (ServerState.java:<init>(103)) - 5414add9-8f52-42f4-bc0e-5ee16c82ee52@group-3932973306DF: ConfigurationManager, init=-1: [5414add9-8f52-42f4-bc0e-5ee16c82ee52:172.17.0.2:45995], old=null, confs=<EMPTY_MAP>
2020-06-06 05:16:03,193 [pool-51-thread-1] INFO  server.RaftServerConfigKeys (ConfUtils.java:logGet(44)) - raft.server.storage.dir = [/github/workspace/mnt/ozone/hadoop-ozone/integration-test/target/test-dir/MiniOzoneClusterImpl-e9c98d0f-e324-43f2-aa41-70e4df10ec43/datanode-1/data/ratis] (custom)
2020-06-06 05:16:03,194 [pool-51-thread-1] INFO  server.RaftServerConfigKeys (ConfUtils.java:logGet(44)) - raft.server.log.corruption.policy = EXCEPTION (default)
2020-06-06 05:16:03,194 [pool-51-thread-1] INFO  storage.RaftStorageDirectory (RaftStorageDirectory.java:analyzeStorage(261)) - The storage directory /github/workspace/mnt/ozone/hadoop-ozone/integration-test/target/test-dir/MiniOzoneClusterImpl-e9c98d0f-e324-43f2-aa41-70e4df10ec43/datanode-1/data/ratis/b2fde568-4d78-4a73-9fc5-3932973306df does not exist. Creating ...
2020-06-06 05:16:03,201 [pool-51-thread-1] INFO  storage.RaftStorageDirectory (RaftStorageDirectory.java:tryLock(343)) - Lock on /github/workspace/mnt/ozone/hadoop-ozone/integration-test/target/test-dir/MiniOzoneClusterImpl-e9c98d0f-e324-43f2-aa41-70e4df10ec43/datanode-1/data/ratis/b2fde568-4d78-4a73-9fc5-3932973306df/in_use.lock acquired by nodename 3879@04ab1dbc0cb6
2020-06-06 05:16:03,202 [pool-51-thread-1] INFO  storage.RaftStorage (RaftStorage.java:format(84)) - Storage directory /github/workspace/mnt/ozone/hadoop-ozone/integration-test/target/test-dir/MiniOzoneClusterImpl-e9c98d0f-e324-43f2-aa41-70e4df10ec43/datanode-1/data/ratis/b2fde568-4d78-4a73-9fc5-3932973306df has been successfully formatted.
2020-06-06 05:16:03,203 [pool-51-thread-1] INFO  ratis.ContainerStateMachine (ContainerStateMachine.java:loadSnapshot(226)) - group-3932973306DF: The snapshot info is null. Setting the last applied indexto:(t:0, i:~)
2020-06-06 05:16:03,204 [pool-51-thread-1] INFO  server.RaftServerConfigKeys (ConfUtils.java:logGet(44)) - raft.server.notification.no-leader.timeout = 60s (default)
2020-06-06 05:16:03,205 [pool-51-thread-1] INFO  server.RaftServerConfigKeys (ConfUtils.java:logGet(44)) - raft.server.log.use.memory = false (default)
2020-06-06 05:16:03,205 [pool-51-thread-1] INFO  server.RaftServerConfigKeys (ConfUtils.java:logGet(44)) - raft.server.log.purge.gap = 1000000 (custom)
2020-06-06 05:16:03,205 [pool-51-thread-1] INFO  server.RaftServerConfigKeys (ConfUtils.java:logGet(44)) - raft.server.log.appender.buffer.byte-limit = 33554432 (custom)
2020-06-06 05:16:03,205 [pool-51-thread-1] INFO  server.RaftServerConfigKeys (ConfUtils.java:logGet(44)) - raft.server.log.segment.size.max = 1048576 (custom)
2020-06-06 05:16:03,206 [EventQueue-PipelineReportForPipelineReportHandler] INFO  pipeline.PipelineStateManager (PipelineStateManager.java:openPipeline(131)) - Pipeline Pipeline[ Id: b2fde568-4d78-4a73-9fc5-3932973306df, Nodes: 5414add9-8f52-42f4-bc0e-5ee16c82ee52{ip: 172.17.0.2, host: 04ab1dbc0cb6, networkLocation: /rack1, certSerialId: null}, Type:RATIS, Factor:ONE, State:ALLOCATED, leaderId:5414add9-8f52-42f4-bc0e-5ee16c82ee52, CreationTimestamp2020-06-06T05:16:00.160Z] moved to OPEN state
2020-06-06 05:16:03,205 [pool-51-thread-1] INFO  metrics.RatisMetrics (RatisMetrics.java:lambda$create$0(39)) - Creating Metrics Registry : ratis.log_worker.5414add9-8f52-42f4-bc0e-5ee16c82ee52
2020-06-06 05:16:03,208 [pool-51-thread-1] INFO  server.RaftServerConfigKeys (ConfUtils.java:logGet(44)) - raft.server.log.segment.cache.num.max = 2 (custom)
2020-06-06 05:16:03,208 [EventQueue-OpenPipelineForOneReplicaPipelineSafeModeRule] INFO  safemode.SCMSafeModeManager (SCMSafeModeManager.java:validateSafeModeExitRules(213)) - AtleastOneDatanodeReportedRule rule is successfully validated
2020-06-06 05:16:03,208 [EventQueue-OpenPipelineForHealthyPipelineSafeModeRule] INFO  safemode.SCMSafeModeManager (HealthyPipelineSafeModeRule.java:process(132)) - SCM in safe mode. Healthy pipelines reported count is 0, required healthy pipeline reported count is 1
2020-06-06 05:16:03,208 [pool-51-thread-1] INFO  segmented.SegmentedRaftLogWorker (SegmentedRaftLogWorker.java:<init>(176)) - new 5414add9-8f52-42f4-bc0e-5ee16c82ee52@group-3932973306DF-SegmentedRaftLogWorker for RaftStorage:Storage Directory /github/workspace/mnt/ozone/hadoop-ozone/integration-test/target/test-dir/MiniOzoneClusterImpl-e9c98d0f-e324-43f2-aa41-70e4df10ec43/datanode-1/data/ratis/b2fde568-4d78-4a73-9fc5-3932973306df
2020-06-06 05:16:03,209 [pool-51-thread-1] INFO  server.RaftServerConfigKeys (ConfUtils.java:logGet(44)) - raft.server.log.queue.byte-limit = 2147483647 (custom)
2020-06-06 05:16:03,209 [pool-51-thread-1] INFO  server.RaftServerConfigKeys (ConfUtils.java:logGet(44)) - raft.server.log.queue.element-limit = 1024 (custom)
2020-06-06 05:16:03,209 [pool-51-thread-1] INFO  server.RaftServerConfigKeys (ConfUtils.java:logGet(44)) - raft.server.log.segment.size.max = 1048576 (custom)
2020-06-06 05:16:03,209 [pool-51-thread-1] INFO  server.RaftServerConfigKeys (ConfUtils.java:logGet(44)) - raft.server.log.preallocated.size = 16384 (custom)
2020-06-06 05:16:03,209 [pool-51-thread-1] INFO  server.RaftServerConfigKeys (ConfUtils.java:logGet(44)) - raft.server.log.write.buffer.size = 1048576 (custom)
2020-06-06 05:16:03,209 [pool-51-thread-1] INFO  server.RaftServerConfigKeys (ConfUtils.java:logGet(44)) - raft.server.log.force.sync.num = 128 (default)
2020-06-06 05:16:03,209 [pool-51-thread-1] INFO  server.RaftServerConfigKeys (ConfUtils.java:logGet(44)) - raft.server.log.statemachine.data.sync = true (default)
2020-06-06 05:16:03,209 [pool-51-thread-1] INFO  server.RaftServerConfigKeys (ConfUtils.java:logGet(44)) - raft.server.log.statemachine.data.sync.timeout = 10s (default)
2020-06-06 05:16:03,210 [pool-51-thread-1] INFO  server.RaftServerConfigKeys (ConfUtils.java:logGet(44)) - raft.server.log.statemachine.data.sync.timeout.retry = -1 (default)
2020-06-06 05:16:03,212 [pool-51-thread-1] INFO  server.RaftServerConfigKeys (ConfUtils.java:logGet(44)) - raft.server.log.statemachine.data.caching.enabled = true (custom)
2020-06-06 05:16:03,212 [pool-51-thread-1] INFO  segmented.SegmentedRaftLogWorker (SegmentedRaftLogWorker.java:lambda$new$0(129)) - 5414add9-8f52-42f4-bc0e-5ee16c82ee52@group-3932973306DF-SegmentedRaftLogWorker: flushIndex: setUnconditionally 0 -> -1
2020-06-06 05:16:03,212 [pool-51-thread-1] INFO  server.RaftServerConfigKeys (ConfUtils.java:logGet(44)) - raft.server.snapshot.auto.trigger.enabled = true (custom)
2020-06-06 05:16:03,212 [pool-51-thread-1] INFO  server.RaftServerConfigKeys (ConfUtils.java:logGet(44)) - raft.server.snapshot.auto.trigger.threshold = 10000 (custom)
2020-06-06 05:16:03,212 [pool-51-thread-1] INFO  server.RaftServerConfigKeys (ConfUtils.java:logGet(44)) - raft.server.snapshot.retention.file.num = 5 (custom)
2020-06-06 05:16:03,212 [pool-51-thread-1] INFO  server.RaftServerConfigKeys (ConfUtils.java:logGet(44)) - raft.server.log.purge.upto.snapshot.index = false (default)
2020-06-06 05:16:03,212 [pool-51-thread-1] INFO  server.RaftServerConfigKeys (ConfUtils.java:logGet(44)) - raft.server.retrycache.expirytime = 600000ms (custom)
2020-06-06 05:16:03,212 [pool-51-thread-1] INFO  metrics.RatisMetrics (RatisMetrics.java:lambda$create$0(39)) - Creating Metrics Registry : ratis.leader_election.5414add9-8f52-42f4-bc0e-5ee16c82ee52@group-3932973306DF
2020-06-06 05:16:03,213 [pool-51-thread-1] INFO  metrics.RatisMetrics (RatisMetrics.java:lambda$create$0(39)) - Creating Metrics Registry : ratis.server.5414add9-8f52-42f4-bc0e-5ee16c82ee52@group-3932973306DF
2020-06-06 05:16:03,215 [pool-51-thread-1] INFO  impl.RaftServerImpl (RaftServerImpl.java:start(184)) - 5414add9-8f52-42f4-bc0e-5ee16c82ee52@group-3932973306DF: start as a follower, conf=-1: [5414add9-8f52-42f4-bc0e-5ee16c82ee52:172.17.0.2:45995], old=null
2020-06-06 05:16:03,215 [pool-51-thread-1] INFO  impl.RaftServerImpl (RaftServerImpl.java:setRole(173)) - 5414add9-8f52-42f4-bc0e-5ee16c82ee52@group-3932973306DF: changes role from      null to FOLLOWER at term 0 for startAsFollower
2020-06-06 05:16:03,215 [pool-51-thread-1] INFO  impl.RoleInfo (RoleInfo.java:updateAndGet(143)) - 5414add9-8f52-42f4-bc0e-5ee16c82ee52: start FollowerState
2020-06-06 05:16:03,221 [pool-51-thread-1] INFO  util.JmxRegister (JmxRegister.java:tryRegister(44)) - Successfully registered JMX Bean with object name Ratis:service=RaftServer,group=group-3932973306DF,id=5414add9-8f52-42f4-bc0e-5ee16c82ee52
2020-06-06 05:16:03,222 [pool-51-thread-1] INFO  metrics.RatisMetrics (RatisMetrics.java:lambda$create$0(39)) - Creating Metrics Registry : ratis.state_machine.5414add9-8f52-42f4-bc0e-5ee16c82ee52@group-3932973306DF
2020-06-06 05:16:03,233 [Command processor thread] INFO  commandhandler.CreatePipelineCommandHandler (CreatePipelineCommandHandler.java:handle(109)) - Created Pipeline RATIS ONE #id: "b2fde568-4d78-4a73-9fc5-3932973306df"
.
2020-06-06 05:16:03,234 [Command processor thread] INFO  impl.RaftServerProxy (RaftServerProxy.java:addNew(89)) - 5414add9-8f52-42f4-bc0e-5ee16c82ee52: addNew group-308F7357FED9:[5414add9-8f52-42f4-bc0e-5ee16c82ee52:172.17.0.2:45995, bac48e61-09da-4d4a-9cda-de1b5303032b:172.17.0.2:42725, dfea1794-fda5-4e0a-86f7-27bb8c5952a1:172.17.0.2:46543] returns group-308F7357FED9:java.util.concurrent.CompletableFuture@7f75d9e6[Not completed]
2020-06-06 05:16:03,235 [pool-51-thread-1] INFO  impl.RaftServerImpl (RaftServerImpl.java:<init>(98)) - 5414add9-8f52-42f4-bc0e-5ee16c82ee52: new RaftServerImpl for group-308F7357FED9:[5414add9-8f52-42f4-bc0e-5ee16c82ee52:172.17.0.2:45995, bac48e61-09da-4d4a-9cda-de1b5303032b:172.17.0.2:42725, dfea1794-fda5-4e0a-86f7-27bb8c5952a1:172.17.0.2:46543] with ContainerStateMachine:uninitialized
2020-06-06 05:16:03,236 [pool-51-thread-1] INFO  server.RaftServerConfigKeys (ConfUtils.java:logGet(44)) - raft.server.rpc.timeout.min = 1s (custom)
2020-06-06 05:16:03,236 [pool-51-thread-1] INFO  server.RaftServerConfigKeys (ConfUtils.java:logGet(44)) - raft.server.rpc.timeout.max = 1200ms (custom)
2020-06-06 05:16:03,236 [pool-51-thread-1] INFO  server.RaftServerConfigKeys (ConfUtils.java:logGet(44)) - raft.server.rpcslowness.timeout = 300s (custom)
2020-06-06 05:16:03,236 [pool-51-thread-1] INFO  server.RaftServerConfigKeys (ConfUtils.java:logGet(44)) - raft.server.sleep.deviation.threshold = 300 (default)
2020-06-06 05:16:03,236 [pool-51-thread-1] INFO  server.RaftServerConfigKeys (ConfUtils.java:logGet(44)) - raft.server.log.appender.install.snapshot.enabled = false (custom)
2020-06-06 05:16:03,236 [pool-51-thread-1] INFO  impl.RaftServerImpl (ServerState.java:<init>(103)) - 5414add9-8f52-42f4-bc0e-5ee16c82ee52@group-308F7357FED9: ConfigurationManager, init=-1: [5414add9-8f52-42f4-bc0e-5ee16c82ee52:172.17.0.2:45995, bac48e61-09da-4d4a-9cda-de1b5303032b:172.17.0.2:42725, dfea1794-fda5-4e0a-86f7-27bb8c5952a1:172.17.0.2:46543], old=null, confs=<EMPTY_MAP>
2020-06-06 05:16:03,236 [pool-51-thread-1] INFO  server.RaftServerConfigKeys (ConfUtils.java:logGet(44)) - raft.server.storage.dir = [/github/workspace/mnt/ozone/hadoop-ozone/integration-test/target/test-dir/MiniOzoneClusterImpl-e9c98d0f-e324-43f2-aa41-70e4df10ec43/datanode-1/data/ratis] (custom)
2020-06-06 05:16:03,236 [pool-51-thread-1] INFO  server.RaftServerConfigKeys (ConfUtils.java:logGet(44)) - raft.server.log.corruption.policy = EXCEPTION (default)
2020-06-06 05:16:03,236 [pool-51-thread-1] INFO  storage.RaftStorageDirectory (RaftStorageDirectory.java:analyzeStorage(261)) - The storage directory /github/workspace/mnt/ozone/hadoop-ozone/integration-test/target/test-dir/MiniOzoneClusterImpl-e9c98d0f-e324-43f2-aa41-70e4df10ec43/datanode-1/data/ratis/31b1bed0-81f1-4ab1-9050-308f7357fed9 does not exist. Creating ...
2020-06-06 05:16:03,235 [Command processor thread] INFO  commandhandler.CreatePipelineCommandHandler (CreatePipelineCommandHandler.java:handle(109)) - Created Pipeline RATIS ONE #id: "7789e8f3-459b-46ee-bf97-7e9932f5dc8e"
.
2020-06-06 05:16:03,238 [Command processor thread] INFO  impl.RaftServerProxy (RaftServerProxy.java:addNew(89)) - bac48e61-09da-4d4a-9cda-de1b5303032b: addNew group-308F7357FED9:[5414add9-8f52-42f4-bc0e-5ee16c82ee52:172.17.0.2:45995, bac48e61-09da-4d4a-9cda-de1b5303032b:172.17.0.2:42725, dfea1794-fda5-4e0a-86f7-27bb8c5952a1:172.17.0.2:46543] returns group-308F7357FED9:java.util.concurrent.CompletableFuture@12acf8cb[Not completed]
2020-06-06 05:16:03,238 [pool-51-thread-1] INFO  storage.RaftStorageDirectory (RaftStorageDirectory.java:tryLock(343)) - Lock on /github/workspace/mnt/ozone/hadoop-ozone/integration-test/target/test-dir/MiniOzoneClusterImpl-e9c98d0f-e324-43f2-aa41-70e4df10ec43/datanode-1/data/ratis/31b1bed0-81f1-4ab1-9050-308f7357fed9/in_use.lock acquired by nodename 3879@04ab1dbc0cb6
2020-06-06 05:16:03,242 [pool-51-thread-1] INFO  storage.RaftStorage (RaftStorage.java:format(84)) - Storage directory /github/workspace/mnt/ozone/hadoop-ozone/integration-test/target/test-dir/MiniOzoneClusterImpl-e9c98d0f-e324-43f2-aa41-70e4df10ec43/datanode-1/data/ratis/31b1bed0-81f1-4ab1-9050-308f7357fed9 has been successfully formatted.
2020-06-06 05:16:03,242 [Command processor thread] INFO  impl.RaftServerProxy (RaftServerProxy.java:addNew(89)) - dfea1794-fda5-4e0a-86f7-27bb8c5952a1: addNew group-0BCCC0FCF8C9:[dfea1794-fda5-4e0a-86f7-27bb8c5952a1:172.17.0.2:46543] returns group-0BCCC0FCF8C9:java.util.concurrent.CompletableFuture@772cd760[Not completed]
2020-06-06 05:16:03,249 [pool-51-thread-1] INFO  ratis.ContainerStateMachine (ContainerStateMachine.java:loadSnapshot(226)) - group-308F7357FED9: The snapshot info is null. Setting the last applied indexto:(t:0, i:~)
2020-06-06 05:16:03,249 [pool-51-thread-1] INFO  server.RaftServerConfigKeys (ConfUtils.java:logGet(44)) - raft.server.notification.no-leader.timeout = 60s (default)
2020-06-06 05:16:03,249 [pool-51-thread-1] INFO  server.RaftServerConfigKeys (ConfUtils.java:logGet(44)) - raft.server.log.use.memory = false (default)
2020-06-06 05:16:03,249 [pool-51-thread-1] INFO  server.RaftServerConfigKeys (ConfUtils.java:logGet(44)) - raft.server.log.purge.gap = 1000000 (custom)
2020-06-06 05:16:03,250 [pool-51-thread-1] INFO  server.RaftServerConfigKeys (ConfUtils.java:logGet(44)) - raft.server.log.appender.buffer.byte-limit = 33554432 (custom)
2020-06-06 05:16:03,250 [pool-51-thread-1] INFO  server.RaftServerConfigKeys (ConfUtils.java:logGet(44)) - raft.server.log.segment.size.max = 1048576 (custom)
2020-06-06 05:16:03,250 [pool-51-thread-1] INFO  server.RaftServerConfigKeys (ConfUtils.java:logGet(44)) - raft.server.log.segment.cache.num.max = 2 (custom)
2020-06-06 05:16:03,250 [pool-51-thread-1] INFO  segmented.SegmentedRaftLogWorker (SegmentedRaftLogWorker.java:<init>(176)) - new 5414add9-8f52-42f4-bc0e-5ee16c82ee52@group-308F7357FED9-SegmentedRaftLogWorker for RaftStorage:Storage Directory /github/workspace/mnt/ozone/hadoop-ozone/integration-test/target/test-dir/MiniOzoneClusterImpl-e9c98d0f-e324-43f2-aa41-70e4df10ec43/datanode-1/data/ratis/31b1bed0-81f1-4ab1-9050-308f7357fed9
2020-06-06 05:16:03,250 [pool-51-thread-1] INFO  server.RaftServerConfigKeys (ConfUtils.java:logGet(44)) - raft.server.log.queue.byte-limit = 2147483647 (custom)
2020-06-06 05:16:03,250 [pool-51-thread-1] INFO  server.RaftServerConfigKeys (ConfUtils.java:logGet(44)) - raft.server.log.queue.element-limit = 1024 (custom)
2020-06-06 05:16:03,250 [pool-51-thread-1] INFO  server.RaftServerConfigKeys (ConfUtils.java:logGet(44)) - raft.server.log.segment.size.max = 1048576 (custom)
2020-06-06 05:16:03,250 [pool-51-thread-1] INFO  server.RaftServerConfigKeys (ConfUtils.java:logGet(44)) - raft.server.log.preallocated.size = 16384 (custom)
2020-06-06 05:16:03,250 [pool-51-thread-1] INFO  server.RaftServerConfigKeys (ConfUtils.java:logGet(44)) - raft.server.log.write.buffer.size = 1048576 (custom)
2020-06-06 05:16:03,250 [pool-51-thread-1] INFO  server.RaftServerConfigKeys (ConfUtils.java:logGet(44)) - raft.server.log.force.sync.num = 128 (default)
2020-06-06 05:16:03,250 [pool-51-thread-1] INFO  server.RaftServerConfigKeys (ConfUtils.java:logGet(44)) - raft.server.log.statemachine.data.sync = true (default)
2020-06-06 05:16:03,250 [pool-51-thread-1] INFO  server.RaftServerConfigKeys (ConfUtils.java:logGet(44)) - raft.server.log.statemachine.data.sync.timeout = 10s (default)
2020-06-06 05:16:03,250 [pool-51-thread-1] INFO  server.RaftServerConfigKeys (ConfUtils.java:logGet(44)) - raft.server.log.statemachine.data.sync.timeout.retry = -1 (default)
2020-06-06 05:16:03,251 [pool-51-thread-1] INFO  server.RaftServerConfigKeys (ConfUtils.java:logGet(44)) - raft.server.log.statemachine.data.caching.enabled = true (custom)
2020-06-06 05:16:03,251 [pool-51-thread-1] INFO  segmented.SegmentedRaftLogWorker (SegmentedRaftLogWorker.java:lambda$new$0(129)) - 5414add9-8f52-42f4-bc0e-5ee16c82ee52@group-308F7357FED9-SegmentedRaftLogWorker: flushIndex: setUnconditionally 0 -> -1
2020-06-06 05:16:03,251 [pool-51-thread-1] INFO  server.RaftServerConfigKeys (ConfUtils.java:logGet(44)) - raft.server.snapshot.auto.trigger.enabled = true (custom)
2020-06-06 05:16:03,251 [pool-51-thread-1] INFO  server.RaftServerConfigKeys (ConfUtils.java:logGet(44)) - raft.server.snapshot.auto.trigger.threshold = 10000 (custom)
2020-06-06 05:16:03,251 [pool-51-thread-1] INFO  server.RaftServerConfigKeys (ConfUtils.java:logGet(44)) - raft.server.snapshot.retention.file.num = 5 (custom)
2020-06-06 05:16:03,251 [pool-51-thread-1] INFO  server.RaftServerConfigKeys (ConfUtils.java:logGet(44)) - raft.server.log.purge.upto.snapshot.index = false (default)
2020-06-06 05:16:03,251 [pool-51-thread-1] INFO  server.RaftServerConfigKeys (ConfUtils.java:logGet(44)) - raft.server.retrycache.expirytime = 600000ms (custom)
2020-06-06 05:16:03,252 [pool-51-thread-1] INFO  metrics.RatisMetrics (RatisMetrics.java:lambda$create$0(39)) - Creating Metrics Registry : ratis.leader_election.5414add9-8f52-42f4-bc0e-5ee16c82ee52@group-308F7357FED9
2020-06-06 05:16:03,252 [pool-51-thread-1] INFO  metrics.RatisMetrics (RatisMetrics.java:lambda$create$0(39)) - Creating Metrics Registry : ratis.server.5414add9-8f52-42f4-bc0e-5ee16c82ee52@group-308F7357FED9
2020-06-06 05:16:03,254 [pool-51-thread-1] INFO  impl.RaftServerImpl (RaftServerImpl.java:start(184)) - 5414add9-8f52-42f4-bc0e-5ee16c82ee52@group-308F7357FED9: start as a follower, conf=-1: [5414add9-8f52-42f4-bc0e-5ee16c82ee52:172.17.0.2:45995, bac48e61-09da-4d4a-9cda-de1b5303032b:172.17.0.2:42725, dfea1794-fda5-4e0a-86f7-27bb8c5952a1:172.17.0.2:46543], old=null
2020-06-06 05:16:03,254 [pool-51-thread-1] INFO  impl.RaftServerImpl (RaftServerImpl.java:setRole(173)) - 5414add9-8f52-42f4-bc0e-5ee16c82ee52@group-308F7357FED9: changes role from      null to FOLLOWER at term 0 for startAsFollower
2020-06-06 05:16:03,254 [pool-51-thread-1] INFO  impl.RoleInfo (RoleInfo.java:updateAndGet(143)) - 5414add9-8f52-42f4-bc0e-5ee16c82ee52: start FollowerState
2020-06-06 05:16:03,258 [pool-35-thread-1] INFO  impl.RaftServerImpl (RaftServerImpl.java:<init>(98)) - bac48e61-09da-4d4a-9cda-de1b5303032b: new RaftServerImpl for group-308F7357FED9:[5414add9-8f52-42f4-bc0e-5ee16c82ee52:172.17.0.2:45995, bac48e61-09da-4d4a-9cda-de1b5303032b:172.17.0.2:42725, dfea1794-fda5-4e0a-86f7-27bb8c5952a1:172.17.0.2:46543] with ContainerStateMachine:uninitialized
2020-06-06 05:16:03,258 [pool-35-thread-1] INFO  server.RaftServerConfigKeys (ConfUtils.java:logGet(44)) - raft.server.rpc.timeout.min = 1s (custom)
2020-06-06 05:16:03,258 [pool-35-thread-1] INFO  server.RaftServerConfigKeys (ConfUtils.java:logGet(44)) - raft.server.rpc.timeout.max = 1200ms (custom)
2020-06-06 05:16:03,258 [pool-35-thread-1] INFO  server.RaftServerConfigKeys (ConfUtils.java:logGet(44)) - raft.server.rpcslowness.timeout = 300s (custom)
2020-06-06 05:16:03,258 [pool-35-thread-1] INFO  server.RaftServerConfigKeys (ConfUtils.java:logGet(44)) - raft.server.sleep.deviation.threshold = 300 (default)
2020-06-06 05:16:03,258 [pool-35-thread-1] INFO  server.RaftServerConfigKeys (ConfUtils.java:logGet(44)) - raft.server.log.appender.install.snapshot.enabled = false (custom)
2020-06-06 05:16:03,258 [pool-35-thread-1] INFO  impl.RaftServerImpl (ServerState.java:<init>(103)) - bac48e61-09da-4d4a-9cda-de1b5303032b@group-308F7357FED9: ConfigurationManager, init=-1: [5414add9-8f52-42f4-bc0e-5ee16c82ee52:172.17.0.2:45995, bac48e61-09da-4d4a-9cda-de1b5303032b:172.17.0.2:42725, dfea1794-fda5-4e0a-86f7-27bb8c5952a1:172.17.0.2:46543], old=null, confs=<EMPTY_MAP>
2020-06-06 05:16:03,258 [pool-35-thread-1] INFO  server.RaftServerConfigKeys (ConfUtils.java:logGet(44)) - raft.server.storage.dir = [/github/workspace/mnt/ozone/hadoop-ozone/integration-test/target/test-dir/MiniOzoneClusterImpl-e9c98d0f-e324-43f2-aa41-70e4df10ec43/datanode-0/data/ratis] (custom)
2020-06-06 05:16:03,258 [pool-67-thread-1] INFO  impl.RaftServerImpl (RaftServerImpl.java:<init>(98)) - dfea1794-fda5-4e0a-86f7-27bb8c5952a1: new RaftServerImpl for group-0BCCC0FCF8C9:[dfea1794-fda5-4e0a-86f7-27bb8c5952a1:172.17.0.2:46543] with ContainerStateMachine:uninitialized
2020-06-06 05:16:03,258 [pool-35-thread-1] INFO  server.RaftServerConfigKeys (ConfUtils.java:logGet(44)) - raft.server.log.corruption.policy = EXCEPTION (default)
2020-06-06 05:16:03,265 [pool-67-thread-1] INFO  server.RaftServerConfigKeys (ConfUtils.java:logGet(44)) - raft.server.rpc.timeout.min = 1s (custom)
2020-06-06 05:16:03,265 [pool-35-thread-1] INFO  storage.RaftStorageDirectory (RaftStorageDirectory.java:analyzeStorage(261)) - The storage directory /github/workspace/mnt/ozone/hadoop-ozone/integration-test/target/test-dir/MiniOzoneClusterImpl-e9c98d0f-e324-43f2-aa41-70e4df10ec43/datanode-0/data/ratis/31b1bed0-81f1-4ab1-9050-308f7357fed9 does not exist. Creating ...
2020-06-06 05:16:03,265 [pool-67-thread-1] INFO  server.RaftServerConfigKeys (ConfUtils.java:logGet(44)) - raft.server.rpc.timeout.max = 1200ms (custom)
2020-06-06 05:16:03,265 [pool-67-thread-1] INFO  server.RaftServerConfigKeys (ConfUtils.java:logGet(44)) - raft.server.rpcslowness.timeout = 300s (custom)
2020-06-06 05:16:03,265 [pool-67-thread-1] INFO  server.RaftServerConfigKeys (ConfUtils.java:logGet(44)) - raft.server.sleep.deviation.threshold = 300 (default)
2020-06-06 05:16:03,265 [pool-67-thread-1] INFO  server.RaftServerConfigKeys (ConfUtils.java:logGet(44)) - raft.server.log.appender.install.snapshot.enabled = false (custom)
2020-06-06 05:16:03,265 [pool-67-thread-1] INFO  impl.RaftServerImpl (ServerState.java:<init>(103)) - dfea1794-fda5-4e0a-86f7-27bb8c5952a1@group-0BCCC0FCF8C9: ConfigurationManager, init=-1: [dfea1794-fda5-4e0a-86f7-27bb8c5952a1:172.17.0.2:46543], old=null, confs=<EMPTY_MAP>
2020-06-06 05:16:03,265 [pool-67-thread-1] INFO  server.RaftServerConfigKeys (ConfUtils.java:logGet(44)) - raft.server.storage.dir = [/github/workspace/mnt/ozone/hadoop-ozone/integration-test/target/test-dir/MiniOzoneClusterImpl-e9c98d0f-e324-43f2-aa41-70e4df10ec43/datanode-2/data/ratis] (custom)
2020-06-06 05:16:03,266 [pool-51-thread-1] INFO  util.JmxRegister (JmxRegister.java:tryRegister(44)) - Successfully registered JMX Bean with object name Ratis:service=RaftServer,group=group-308F7357FED9,id=5414add9-8f52-42f4-bc0e-5ee16c82ee52
2020-06-06 05:16:03,266 [pool-67-thread-1] INFO  server.RaftServerConfigKeys (ConfUtils.java:logGet(44)) - raft.server.log.corruption.policy = EXCEPTION (default)
2020-06-06 05:16:03,266 [pool-51-thread-1] INFO  metrics.RatisMetrics (RatisMetrics.java:lambda$create$0(39)) - Creating Metrics Registry : ratis.state_machine.5414add9-8f52-42f4-bc0e-5ee16c82ee52@group-308F7357FED9
2020-06-06 05:16:03,266 [pool-67-thread-1] INFO  storage.RaftStorageDirectory (RaftStorageDirectory.java:analyzeStorage(261)) - The storage directory /github/workspace/mnt/ozone/hadoop-ozone/integration-test/target/test-dir/MiniOzoneClusterImpl-e9c98d0f-e324-43f2-aa41-70e4df10ec43/datanode-2/data/ratis/6f63ecc3-49e5-4463-aa88-0bccc0fcf8c9 does not exist. Creating ...
2020-06-06 05:16:03,266 [pool-35-thread-1] INFO  storage.RaftStorageDirectory (RaftStorageDirectory.java:tryLock(343)) - Lock on /github/workspace/mnt/ozone/hadoop-ozone/integration-test/target/test-dir/MiniOzoneClusterImpl-e9c98d0f-e324-43f2-aa41-70e4df10ec43/datanode-0/data/ratis/31b1bed0-81f1-4ab1-9050-308f7357fed9/in_use.lock acquired by nodename 3879@04ab1dbc0cb6
2020-06-06 05:16:03,269 [pool-35-thread-1] INFO  storage.RaftStorage (RaftStorage.java:format(84)) - Storage directory /github/workspace/mnt/ozone/hadoop-ozone/integration-test/target/test-dir/MiniOzoneClusterImpl-e9c98d0f-e324-43f2-aa41-70e4df10ec43/datanode-0/data/ratis/31b1bed0-81f1-4ab1-9050-308f7357fed9 has been successfully formatted.
2020-06-06 05:16:03,269 [pool-35-thread-1] INFO  ratis.ContainerStateMachine (ContainerStateMachine.java:loadSnapshot(226)) - group-308F7357FED9: The snapshot info is null. Setting the last applied indexto:(t:0, i:~)
2020-06-06 05:16:03,269 [pool-35-thread-1] INFO  server.RaftServerConfigKeys (ConfUtils.java:logGet(44)) - raft.server.notification.no-leader.timeout = 60s (default)
2020-06-06 05:16:03,269 [pool-35-thread-1] INFO  server.RaftServerConfigKeys (ConfUtils.java:logGet(44)) - raft.server.log.use.memory = false (default)
2020-06-06 05:16:03,269 [pool-35-thread-1] INFO  server.RaftServerConfigKeys (ConfUtils.java:logGet(44)) - raft.server.log.purge.gap = 1000000 (custom)
2020-06-06 05:16:03,269 [pool-35-thread-1] INFO  server.RaftServerConfigKeys (ConfUtils.java:logGet(44)) - raft.server.log.appender.buffer.byte-limit = 33554432 (custom)
2020-06-06 05:16:03,269 [pool-35-thread-1] INFO  server.RaftServerConfigKeys (ConfUtils.java:logGet(44)) - raft.server.log.segment.size.max = 1048576 (custom)
2020-06-06 05:16:03,269 [pool-35-thread-1] INFO  server.RaftServerConfigKeys (ConfUtils.java:logGet(44)) - raft.server.log.segment.cache.num.max = 2 (custom)
2020-06-06 05:16:03,270 [pool-35-thread-1] INFO  segmented.SegmentedRaftLogWorker (SegmentedRaftLogWorker.java:<init>(176)) - new bac48e61-09da-4d4a-9cda-de1b5303032b@group-308F7357FED9-SegmentedRaftLogWorker for RaftStorage:Storage Directory /github/workspace/mnt/ozone/hadoop-ozone/integration-test/target/test-dir/MiniOzoneClusterImpl-e9c98d0f-e324-43f2-aa41-70e4df10ec43/datanode-0/data/ratis/31b1bed0-81f1-4ab1-9050-308f7357fed9
2020-06-06 05:16:03,270 [pool-35-thread-1] INFO  server.RaftServerConfigKeys (ConfUtils.java:logGet(44)) - raft.server.log.queue.byte-limit = 2147483647 (custom)
2020-06-06 05:16:03,270 [pool-35-thread-1] INFO  server.RaftServerConfigKeys (ConfUtils.java:logGet(44)) - raft.server.log.queue.element-limit = 1024 (custom)
2020-06-06 05:16:03,271 [pool-35-thread-1] INFO  server.RaftServerConfigKeys (ConfUtils.java:logGet(44)) - raft.server.log.segment.size.max = 1048576 (custom)
2020-06-06 05:16:03,271 [pool-35-thread-1] INFO  server.RaftServerConfigKeys (ConfUtils.java:logGet(44)) - raft.server.log.preallocated.size = 16384 (custom)
2020-06-06 05:16:03,271 [pool-35-thread-1] INFO  server.RaftServerConfigKeys (ConfUtils.java:logGet(44)) - raft.server.log.write.buffer.size = 1048576 (custom)
2020-06-06 05:16:03,271 [pool-35-thread-1] INFO  server.RaftServerConfigKeys (ConfUtils.java:logGet(44)) - raft.server.log.force.sync.num = 128 (default)
2020-06-06 05:16:03,271 [pool-35-thread-1] INFO  server.RaftServerConfigKeys (ConfUtils.java:logGet(44)) - raft.server.log.statemachine.data.sync = true (default)
2020-06-06 05:16:03,271 [pool-35-thread-1] INFO  server.RaftServerConfigKeys (ConfUtils.java:logGet(44)) - raft.server.log.statemachine.data.sync.timeout = 10s (default)
2020-06-06 05:16:03,271 [pool-35-thread-1] INFO  server.RaftServerConfigKeys (ConfUtils.java:logGet(44)) - raft.server.log.statemachine.data.sync.timeout.retry = -1 (default)
2020-06-06 05:16:03,272 [pool-35-thread-1] INFO  server.RaftServerConfigKeys (ConfUtils.java:logGet(44)) - raft.server.log.statemachine.data.caching.enabled = true (custom)
2020-06-06 05:16:03,272 [pool-35-thread-1] INFO  segmented.SegmentedRaftLogWorker (SegmentedRaftLogWorker.java:lambda$new$0(129)) - bac48e61-09da-4d4a-9cda-de1b5303032b@group-308F7357FED9-SegmentedRaftLogWorker: flushIndex: setUnconditionally 0 -> -1
2020-06-06 05:16:03,272 [pool-35-thread-1] INFO  server.RaftServerConfigKeys (ConfUtils.java:logGet(44)) - raft.server.snapshot.auto.trigger.enabled = true (custom)
2020-06-06 05:16:03,272 [pool-35-thread-1] INFO  server.RaftServerConfigKeys (ConfUtils.java:logGet(44)) - raft.server.snapshot.auto.trigger.threshold = 10000 (custom)
2020-06-06 05:16:03,272 [pool-35-thread-1] INFO  server.RaftServerConfigKeys (ConfUtils.java:logGet(44)) - raft.server.snapshot.retention.file.num = 5 (custom)
2020-06-06 05:16:03,272 [pool-35-thread-1] INFO  server.RaftServerConfigKeys (ConfUtils.java:logGet(44)) - raft.server.log.purge.upto.snapshot.index = false (default)
2020-06-06 05:16:03,272 [pool-35-thread-1] INFO  server.RaftServerConfigKeys (ConfUtils.java:logGet(44)) - raft.server.retrycache.expirytime = 600000ms (custom)
2020-06-06 05:16:03,272 [pool-35-thread-1] INFO  metrics.RatisMetrics (RatisMetrics.java:lambda$create$0(39)) - Creating Metrics Registry : ratis.leader_election.bac48e61-09da-4d4a-9cda-de1b5303032b@group-308F7357FED9
2020-06-06 05:16:03,277 [pool-35-thread-1] INFO  metrics.RatisMetrics (RatisMetrics.java:lambda$create$0(39)) - Creating Metrics Registry : ratis.server.bac48e61-09da-4d4a-9cda-de1b5303032b@group-308F7357FED9
2020-06-06 05:16:03,279 [pool-35-thread-1] INFO  impl.RaftServerImpl (RaftServerImpl.java:start(184)) - bac48e61-09da-4d4a-9cda-de1b5303032b@group-308F7357FED9: start as a follower, conf=-1: [5414add9-8f52-42f4-bc0e-5ee16c82ee52:172.17.0.2:45995, bac48e61-09da-4d4a-9cda-de1b5303032b:172.17.0.2:42725, dfea1794-fda5-4e0a-86f7-27bb8c5952a1:172.17.0.2:46543], old=null
2020-06-06 05:16:03,279 [pool-35-thread-1] INFO  impl.RaftServerImpl (RaftServerImpl.java:setRole(173)) - bac48e61-09da-4d4a-9cda-de1b5303032b@group-308F7357FED9: changes role from      null to FOLLOWER at term 0 for startAsFollower
2020-06-06 05:16:03,279 [pool-35-thread-1] INFO  impl.RoleInfo (RoleInfo.java:updateAndGet(143)) - bac48e61-09da-4d4a-9cda-de1b5303032b: start FollowerState
2020-06-06 05:16:03,279 [pool-35-thread-1] INFO  util.JmxRegister (JmxRegister.java:tryRegister(44)) - Successfully registered JMX Bean with object name Ratis:service=RaftServer,group=group-308F7357FED9,id=bac48e61-09da-4d4a-9cda-de1b5303032b
2020-06-06 05:16:03,279 [pool-35-thread-1] INFO  metrics.RatisMetrics (RatisMetrics.java:lambda$create$0(39)) - Creating Metrics Registry : ratis.state_machine.bac48e61-09da-4d4a-9cda-de1b5303032b@group-308F7357FED9
2020-06-06 05:16:03,280 [pool-67-thread-1] INFO  storage.RaftStorageDirectory (RaftStorageDirectory.java:tryLock(343)) - Lock on /github/workspace/mnt/ozone/hadoop-ozone/integration-test/target/test-dir/MiniOzoneClusterImpl-e9c98d0f-e324-43f2-aa41-70e4df10ec43/datanode-2/data/ratis/6f63ecc3-49e5-4463-aa88-0bccc0fcf8c9/in_use.lock acquired by nodename 3879@04ab1dbc0cb6
2020-06-06 05:16:03,282 [pool-67-thread-1] INFO  storage.RaftStorage (RaftStorage.java:format(84)) - Storage directory /github/workspace/mnt/ozone/hadoop-ozone/integration-test/target/test-dir/MiniOzoneClusterImpl-e9c98d0f-e324-43f2-aa41-70e4df10ec43/datanode-2/data/ratis/6f63ecc3-49e5-4463-aa88-0bccc0fcf8c9 has been successfully formatted.
2020-06-06 05:16:03,285 [pool-67-thread-1] INFO  ratis.ContainerStateMachine (ContainerStateMachine.java:loadSnapshot(226)) - group-0BCCC0FCF8C9: The snapshot info is null. Setting the last applied indexto:(t:0, i:~)
2020-06-06 05:16:03,285 [pool-67-thread-1] INFO  server.RaftServerConfigKeys (ConfUtils.java:logGet(44)) - raft.server.notification.no-leader.timeout = 60s (default)
2020-06-06 05:16:03,285 [pool-67-thread-1] INFO  server.RaftServerConfigKeys (ConfUtils.java:logGet(44)) - raft.server.log.use.memory = false (default)
2020-06-06 05:16:03,285 [pool-67-thread-1] INFO  server.RaftServerConfigKeys (ConfUtils.java:logGet(44)) - raft.server.log.purge.gap = 1000000 (custom)
2020-06-06 05:16:03,285 [pool-67-thread-1] INFO  server.RaftServerConfigKeys (ConfUtils.java:logGet(44)) - raft.server.log.appender.buffer.byte-limit = 33554432 (custom)
2020-06-06 05:16:03,285 [pool-67-thread-1] INFO  server.RaftServerConfigKeys (ConfUtils.java:logGet(44)) - raft.server.log.segment.size.max = 1048576 (custom)
2020-06-06 05:16:03,285 [pool-67-thread-1] INFO  metrics.RatisMetrics (RatisMetrics.java:lambda$create$0(39)) - Creating Metrics Registry : ratis.log_worker.dfea1794-fda5-4e0a-86f7-27bb8c5952a1
2020-06-06 05:16:03,285 [pool-67-thread-1] INFO  server.RaftServerConfigKeys (ConfUtils.java:logGet(44)) - raft.server.log.segment.cache.num.max = 2 (custom)
2020-06-06 05:16:03,285 [pool-67-thread-1] INFO  segmented.SegmentedRaftLogWorker (SegmentedRaftLogWorker.java:<init>(176)) - new dfea1794-fda5-4e0a-86f7-27bb8c5952a1@group-0BCCC0FCF8C9-SegmentedRaftLogWorker for RaftStorage:Storage Directory /github/workspace/mnt/ozone/hadoop-ozone/integration-test/target/test-dir/MiniOzoneClusterImpl-e9c98d0f-e324-43f2-aa41-70e4df10ec43/datanode-2/data/ratis/6f63ecc3-49e5-4463-aa88-0bccc0fcf8c9
2020-06-06 05:16:03,285 [pool-67-thread-1] INFO  server.RaftServerConfigKeys (ConfUtils.java:logGet(44)) - raft.server.log.queue.byte-limit = 2147483647 (custom)
2020-06-06 05:16:03,285 [pool-67-thread-1] INFO  server.RaftServerConfigKeys (ConfUtils.java:logGet(44)) - raft.server.log.queue.element-limit = 1024 (custom)
2020-06-06 05:16:03,286 [pool-67-thread-1] INFO  server.RaftServerConfigKeys (ConfUtils.java:logGet(44)) - raft.server.log.segment.size.max = 1048576 (custom)
2020-06-06 05:16:03,286 [pool-67-thread-1] INFO  server.RaftServerConfigKeys (ConfUtils.java:logGet(44)) - raft.server.log.preallocated.size = 16384 (custom)
2020-06-06 05:16:03,286 [pool-67-thread-1] INFO  server.RaftServerConfigKeys (ConfUtils.java:logGet(44)) - raft.server.log.write.buffer.size = 1048576 (custom)
2020-06-06 05:16:03,286 [pool-67-thread-1] INFO  server.RaftServerConfigKeys (ConfUtils.java:logGet(44)) - raft.server.log.force.sync.num = 128 (default)
2020-06-06 05:16:03,286 [pool-67-thread-1] INFO  server.RaftServerConfigKeys (ConfUtils.java:logGet(44)) - raft.server.log.statemachine.data.sync = true (default)
2020-06-06 05:16:03,286 [pool-67-thread-1] INFO  server.RaftServerConfigKeys (ConfUtils.java:logGet(44)) - raft.server.log.statemachine.data.sync.timeout = 10s (default)
2020-06-06 05:16:03,286 [pool-67-thread-1] INFO  server.RaftServerConfigKeys (ConfUtils.java:logGet(44)) - raft.server.log.statemachine.data.sync.timeout.retry = -1 (default)
2020-06-06 05:16:03,289 [EventQueue-PipelineReportForPipelineReportHandler] INFO  pipeline.PipelineStateManager (PipelineStateManager.java:openPipeline(131)) - Pipeline Pipeline[ Id: 6f63ecc3-49e5-4463-aa88-0bccc0fcf8c9, Nodes: dfea1794-fda5-4e0a-86f7-27bb8c5952a1{ip: 172.17.0.2, host: 04ab1dbc0cb6, networkLocation: /rack1, certSerialId: null}, Type:RATIS, Factor:ONE, State:ALLOCATED, leaderId:dfea1794-fda5-4e0a-86f7-27bb8c5952a1, CreationTimestamp2020-06-06T05:16:00.247Z] moved to OPEN state
2020-06-06 05:16:03,289 [EventQueue-OpenPipelineForOneReplicaPipelineSafeModeRule] INFO  safemode.SCMSafeModeManager (SCMSafeModeManager.java:validateSafeModeExitRules(213)) - AtleastOneDatanodeReportedRule rule is successfully validated
2020-06-06 05:16:03,289 [EventQueue-OpenPipelineForHealthyPipelineSafeModeRule] INFO  safemode.SCMSafeModeManager (HealthyPipelineSafeModeRule.java:process(132)) - SCM in safe mode. Healthy pipelines reported count is 0, required healthy pipeline reported count is 1
2020-06-06 05:16:03,296 [pool-67-thread-1] INFO  server.RaftServerConfigKeys (ConfUtils.java:logGet(44)) - raft.server.log.statemachine.data.caching.enabled = true (custom)
2020-06-06 05:16:03,298 [pool-67-thread-1] INFO  segmented.SegmentedRaftLogWorker (SegmentedRaftLogWorker.java:lambda$new$0(129)) - dfea1794-fda5-4e0a-86f7-27bb8c5952a1@group-0BCCC0FCF8C9-SegmentedRaftLogWorker: flushIndex: setUnconditionally 0 -> -1
2020-06-06 05:16:03,304 [pool-67-thread-1] INFO  server.RaftServerConfigKeys (ConfUtils.java:logGet(44)) - raft.server.snapshot.auto.trigger.enabled = true (custom)
2020-06-06 05:16:03,304 [pool-67-thread-1] INFO  server.RaftServerConfigKeys (ConfUtils.java:logGet(44)) - raft.server.snapshot.auto.trigger.threshold = 10000 (custom)
2020-06-06 05:16:03,304 [pool-67-thread-1] INFO  server.RaftServerConfigKeys (ConfUtils.java:logGet(44)) - raft.server.snapshot.retention.file.num = 5 (custom)
2020-06-06 05:16:03,304 [pool-67-thread-1] INFO  server.RaftServerConfigKeys (ConfUtils.java:logGet(44)) - raft.server.log.purge.upto.snapshot.index = false (default)
2020-06-06 05:16:03,304 [pool-67-thread-1] INFO  server.RaftServerConfigKeys (ConfUtils.java:logGet(44)) - raft.server.retrycache.expirytime = 600000ms (custom)
2020-06-06 05:16:03,304 [pool-67-thread-1] INFO  metrics.RatisMetrics (RatisMetrics.java:lambda$create$0(39)) - Creating Metrics Registry : ratis.leader_election.dfea1794-fda5-4e0a-86f7-27bb8c5952a1@group-0BCCC0FCF8C9
2020-06-06 05:16:03,305 [pool-67-thread-1] INFO  metrics.RatisMetrics (RatisMetrics.java:lambda$create$0(39)) - Creating Metrics Registry : ratis.server.dfea1794-fda5-4e0a-86f7-27bb8c5952a1@group-0BCCC0FCF8C9
2020-06-06 05:16:03,307 [pool-67-thread-1] INFO  impl.RaftServerImpl (RaftServerImpl.java:start(184)) - dfea1794-fda5-4e0a-86f7-27bb8c5952a1@group-0BCCC0FCF8C9: start as a follower, conf=-1: [dfea1794-fda5-4e0a-86f7-27bb8c5952a1:172.17.0.2:46543], old=null
2020-06-06 05:16:03,307 [pool-67-thread-1] INFO  impl.RaftServerImpl (RaftServerImpl.java:setRole(173)) - dfea1794-fda5-4e0a-86f7-27bb8c5952a1@group-0BCCC0FCF8C9: changes role from      null to FOLLOWER at term 0 for startAsFollower
2020-06-06 05:16:03,307 [pool-67-thread-1] INFO  impl.RoleInfo (RoleInfo.java:updateAndGet(143)) - dfea1794-fda5-4e0a-86f7-27bb8c5952a1: start FollowerState
2020-06-06 05:16:03,313 [pool-67-thread-1] INFO  util.JmxRegister (JmxRegister.java:tryRegister(44)) - Successfully registered JMX Bean with object name Ratis:service=RaftServer,group=group-0BCCC0FCF8C9,id=dfea1794-fda5-4e0a-86f7-27bb8c5952a1
2020-06-06 05:16:03,313 [pool-67-thread-1] INFO  metrics.RatisMetrics (RatisMetrics.java:lambda$create$0(39)) - Creating Metrics Registry : ratis.state_machine.dfea1794-fda5-4e0a-86f7-27bb8c5952a1@group-0BCCC0FCF8C9
2020-06-06 05:16:03,323 [Command processor thread] INFO  commandhandler.CreatePipelineCommandHandler (CreatePipelineCommandHandler.java:handle(109)) - Created Pipeline RATIS ONE #id: "6f63ecc3-49e5-4463-aa88-0bccc0fcf8c9"
.
2020-06-06 05:16:03,324 [Command processor thread] INFO  impl.RaftServerProxy (RaftServerProxy.java:addNew(89)) - dfea1794-fda5-4e0a-86f7-27bb8c5952a1: addNew group-308F7357FED9:[5414add9-8f52-42f4-bc0e-5ee16c82ee52:172.17.0.2:45995, bac48e61-09da-4d4a-9cda-de1b5303032b:172.17.0.2:42725, dfea1794-fda5-4e0a-86f7-27bb8c5952a1:172.17.0.2:46543] returns group-308F7357FED9:java.util.concurrent.CompletableFuture@73134d5d[Not completed]
2020-06-06 05:16:03,325 [pool-67-thread-1] INFO  impl.RaftServerImpl (RaftServerImpl.java:<init>(98)) - dfea1794-fda5-4e0a-86f7-27bb8c5952a1: new RaftServerImpl for group-308F7357FED9:[5414add9-8f52-42f4-bc0e-5ee16c82ee52:172.17.0.2:45995, bac48e61-09da-4d4a-9cda-de1b5303032b:172.17.0.2:42725, dfea1794-fda5-4e0a-86f7-27bb8c5952a1:172.17.0.2:46543] with ContainerStateMachine:uninitialized
2020-06-06 05:16:03,325 [pool-67-thread-1] INFO  server.RaftServerConfigKeys (ConfUtils.java:logGet(44)) - raft.server.rpc.timeout.min = 1s (custom)
2020-06-06 05:16:03,325 [pool-67-thread-1] INFO  server.RaftServerConfigKeys (ConfUtils.java:logGet(44)) - raft.server.rpc.timeout.max = 1200ms (custom)
2020-06-06 05:16:03,325 [pool-67-thread-1] INFO  server.RaftServerConfigKeys (ConfUtils.java:logGet(44)) - raft.server.rpcslowness.timeout = 300s (custom)
2020-06-06 05:16:03,325 [pool-67-thread-1] INFO  server.RaftServerConfigKeys (ConfUtils.java:logGet(44)) - raft.server.sleep.deviation.threshold = 300 (default)
2020-06-06 05:16:03,325 [pool-67-thread-1] INFO  server.RaftServerConfigKeys (ConfUtils.java:logGet(44)) - raft.server.log.appender.install.snapshot.enabled = false (custom)
2020-06-06 05:16:03,325 [pool-67-thread-1] INFO  impl.RaftServerImpl (ServerState.java:<init>(103)) - dfea1794-fda5-4e0a-86f7-27bb8c5952a1@group-308F7357FED9: ConfigurationManager, init=-1: [5414add9-8f52-42f4-bc0e-5ee16c82ee52:172.17.0.2:45995, bac48e61-09da-4d4a-9cda-de1b5303032b:172.17.0.2:42725, dfea1794-fda5-4e0a-86f7-27bb8c5952a1:172.17.0.2:46543], old=null, confs=<EMPTY_MAP>
2020-06-06 05:16:03,325 [pool-67-thread-1] INFO  server.RaftServerConfigKeys (ConfUtils.java:logGet(44)) - raft.server.storage.dir = [/github/workspace/mnt/ozone/hadoop-ozone/integration-test/target/test-dir/MiniOzoneClusterImpl-e9c98d0f-e324-43f2-aa41-70e4df10ec43/datanode-2/data/ratis] (custom)
2020-06-06 05:16:03,326 [pool-67-thread-1] INFO  server.RaftServerConfigKeys (ConfUtils.java:logGet(44)) - raft.server.log.corruption.policy = EXCEPTION (default)
2020-06-06 05:16:03,326 [pool-67-thread-1] INFO  storage.RaftStorageDirectory (RaftStorageDirectory.java:analyzeStorage(261)) - The storage directory /github/workspace/mnt/ozone/hadoop-ozone/integration-test/target/test-dir/MiniOzoneClusterImpl-e9c98d0f-e324-43f2-aa41-70e4df10ec43/datanode-2/data/ratis/31b1bed0-81f1-4ab1-9050-308f7357fed9 does not exist. Creating ...
2020-06-06 05:16:03,327 [pool-67-thread-1] INFO  storage.RaftStorageDirectory (RaftStorageDirectory.java:tryLock(343)) - Lock on /github/workspace/mnt/ozone/hadoop-ozone/integration-test/target/test-dir/MiniOzoneClusterImpl-e9c98d0f-e324-43f2-aa41-70e4df10ec43/datanode-2/data/ratis/31b1bed0-81f1-4ab1-9050-308f7357fed9/in_use.lock acquired by nodename 3879@04ab1dbc0cb6
2020-06-06 05:16:03,328 [pool-67-thread-1] INFO  storage.RaftStorage (RaftStorage.java:format(84)) - Storage directory /github/workspace/mnt/ozone/hadoop-ozone/integration-test/target/test-dir/MiniOzoneClusterImpl-e9c98d0f-e324-43f2-aa41-70e4df10ec43/datanode-2/data/ratis/31b1bed0-81f1-4ab1-9050-308f7357fed9 has been successfully formatted.
2020-06-06 05:16:03,329 [pool-67-thread-1] INFO  ratis.ContainerStateMachine (ContainerStateMachine.java:loadSnapshot(226)) - group-308F7357FED9: The snapshot info is null. Setting the last applied indexto:(t:0, i:~)
2020-06-06 05:16:03,336 [Command processor thread] INFO  impl.RaftServerProxy (RaftServerProxy.java:addNew(89)) - 1a49a296-5844-4022-b55f-cb040720ebd9: addNew group-49893C952B17:[1a49a296-5844-4022-b55f-cb040720ebd9:172.17.0.2:44811] returns group-49893C952B17:java.util.concurrent.CompletableFuture@619a7df0[Not completed]
2020-06-06 05:16:03,337 [pool-67-thread-1] INFO  server.RaftServerConfigKeys (ConfUtils.java:logGet(44)) - raft.server.notification.no-leader.timeout = 60s (default)
2020-06-06 05:16:03,337 [pool-67-thread-1] INFO  server.RaftServerConfigKeys (ConfUtils.java:logGet(44)) - raft.server.log.use.memory = false (default)
2020-06-06 05:16:03,337 [pool-67-thread-1] INFO  server.RaftServerConfigKeys (ConfUtils.java:logGet(44)) - raft.server.log.purge.gap = 1000000 (custom)
2020-06-06 05:16:03,337 [pool-67-thread-1] INFO  server.RaftServerConfigKeys (ConfUtils.java:logGet(44)) - raft.server.log.appender.buffer.byte-limit = 33554432 (custom)
2020-06-06 05:16:03,337 [pool-67-thread-1] INFO  server.RaftServerConfigKeys (ConfUtils.java:logGet(44)) - raft.server.log.segment.size.max = 1048576 (custom)
2020-06-06 05:16:03,337 [pool-67-thread-1] INFO  server.RaftServerConfigKeys (ConfUtils.java:logGet(44)) - raft.server.log.segment.cache.num.max = 2 (custom)
2020-06-06 05:16:03,337 [pool-67-thread-1] INFO  segmented.SegmentedRaftLogWorker (SegmentedRaftLogWorker.java:<init>(176)) - new dfea1794-fda5-4e0a-86f7-27bb8c5952a1@group-308F7357FED9-SegmentedRaftLogWorker for RaftStorage:Storage Directory /github/workspace/mnt/ozone/hadoop-ozone/integration-test/target/test-dir/MiniOzoneClusterImpl-e9c98d0f-e324-43f2-aa41-70e4df10ec43/datanode-2/data/ratis/31b1bed0-81f1-4ab1-9050-308f7357fed9
2020-06-06 05:16:03,337 [pool-67-thread-1] INFO  server.RaftServerConfigKeys (ConfUtils.java:logGet(44)) - raft.server.log.queue.byte-limit = 2147483647 (custom)
2020-06-06 05:16:03,337 [pool-67-thread-1] INFO  server.RaftServerConfigKeys (ConfUtils.java:logGet(44)) - raft.server.log.queue.element-limit = 1024 (custom)
2020-06-06 05:16:03,337 [pool-67-thread-1] INFO  server.RaftServerConfigKeys (ConfUtils.java:logGet(44)) - raft.server.log.segment.size.max = 1048576 (custom)
2020-06-06 05:16:03,338 [pool-67-thread-1] INFO  server.RaftServerConfigKeys (ConfUtils.java:logGet(44)) - raft.server.log.preallocated.size = 16384 (custom)
2020-06-06 05:16:03,338 [pool-67-thread-1] INFO  server.RaftServerConfigKeys (ConfUtils.java:logGet(44)) - raft.server.log.write.buffer.size = 1048576 (custom)
2020-06-06 05:16:03,338 [pool-67-thread-1] INFO  server.RaftServerConfigKeys (ConfUtils.java:logGet(44)) - raft.server.log.force.sync.num = 128 (default)
2020-06-06 05:16:03,338 [pool-67-thread-1] INFO  server.RaftServerConfigKeys (ConfUtils.java:logGet(44)) - raft.server.log.statemachine.data.sync = true (default)
2020-06-06 05:16:03,338 [pool-67-thread-1] INFO  server.RaftServerConfigKeys (ConfUtils.java:logGet(44)) - raft.server.log.statemachine.data.sync.timeout = 10s (default)
2020-06-06 05:16:03,338 [pool-67-thread-1] INFO  server.RaftServerConfigKeys (ConfUtils.java:logGet(44)) - raft.server.log.statemachine.data.sync.timeout.retry = -1 (default)
2020-06-06 05:16:03,339 [pool-67-thread-1] INFO  server.RaftServerConfigKeys (ConfUtils.java:logGet(44)) - raft.server.log.statemachine.data.caching.enabled = true (custom)
2020-06-06 05:16:03,339 [pool-67-thread-1] INFO  segmented.SegmentedRaftLogWorker (SegmentedRaftLogWorker.java:lambda$new$0(129)) - dfea1794-fda5-4e0a-86f7-27bb8c5952a1@group-308F7357FED9-SegmentedRaftLogWorker: flushIndex: setUnconditionally 0 -> -1
2020-06-06 05:16:03,340 [pool-83-thread-1] INFO  impl.RaftServerImpl (RaftServerImpl.java:<init>(98)) - 1a49a296-5844-4022-b55f-cb040720ebd9: new RaftServerImpl for group-49893C952B17:[1a49a296-5844-4022-b55f-cb040720ebd9:172.17.0.2:44811] with ContainerStateMachine:uninitialized
2020-06-06 05:16:03,346 [pool-67-thread-1] INFO  server.RaftServerConfigKeys (ConfUtils.java:logGet(44)) - raft.server.snapshot.auto.trigger.enabled = true (custom)
2020-06-06 05:16:03,351 [pool-67-thread-1] INFO  server.RaftServerConfigKeys (ConfUtils.java:logGet(44)) - raft.server.snapshot.auto.trigger.threshold = 10000 (custom)
2020-06-06 05:16:03,351 [pool-67-thread-1] INFO  server.RaftServerConfigKeys (ConfUtils.java:logGet(44)) - raft.server.snapshot.retention.file.num = 5 (custom)
2020-06-06 05:16:03,351 [pool-67-thread-1] INFO  server.RaftServerConfigKeys (ConfUtils.java:logGet(44)) - raft.server.log.purge.upto.snapshot.index = false (default)
2020-06-06 05:16:03,351 [pool-67-thread-1] INFO  server.RaftServerConfigKeys (ConfUtils.java:logGet(44)) - raft.server.retrycache.expirytime = 600000ms (custom)
2020-06-06 05:16:03,351 [pool-67-thread-1] INFO  metrics.RatisMetrics (RatisMetrics.java:lambda$create$0(39)) - Creating Metrics Registry : ratis.leader_election.dfea1794-fda5-4e0a-86f7-27bb8c5952a1@group-308F7357FED9
2020-06-06 05:16:03,352 [pool-67-thread-1] INFO  metrics.RatisMetrics (RatisMetrics.java:lambda$create$0(39)) - Creating Metrics Registry : ratis.server.dfea1794-fda5-4e0a-86f7-27bb8c5952a1@group-308F7357FED9
2020-06-06 05:16:03,353 [pool-67-thread-1] INFO  impl.RaftServerImpl (RaftServerImpl.java:start(184)) - dfea1794-fda5-4e0a-86f7-27bb8c5952a1@group-308F7357FED9: start as a follower, conf=-1: [5414add9-8f52-42f4-bc0e-5ee16c82ee52:172.17.0.2:45995, bac48e61-09da-4d4a-9cda-de1b5303032b:172.17.0.2:42725, dfea1794-fda5-4e0a-86f7-27bb8c5952a1:172.17.0.2:46543], old=null
2020-06-06 05:16:03,353 [pool-67-thread-1] INFO  impl.RaftServerImpl (RaftServerImpl.java:setRole(173)) - dfea1794-fda5-4e0a-86f7-27bb8c5952a1@group-308F7357FED9: changes role from      null to FOLLOWER at term 0 for startAsFollower
2020-06-06 05:16:03,354 [pool-67-thread-1] INFO  impl.RoleInfo (RoleInfo.java:updateAndGet(143)) - dfea1794-fda5-4e0a-86f7-27bb8c5952a1: start FollowerState
2020-06-06 05:16:03,360 [pool-67-thread-1] INFO  util.JmxRegister (JmxRegister.java:tryRegister(44)) - Successfully registered JMX Bean with object name Ratis:service=RaftServer,group=group-308F7357FED9,id=dfea1794-fda5-4e0a-86f7-27bb8c5952a1
2020-06-06 05:16:03,369 [pool-67-thread-1] INFO  metrics.RatisMetrics (RatisMetrics.java:lambda$create$0(39)) - Creating Metrics Registry : ratis.state_machine.dfea1794-fda5-4e0a-86f7-27bb8c5952a1@group-308F7357FED9
2020-06-06 05:16:03,370 [pool-83-thread-1] INFO  server.RaftServerConfigKeys (ConfUtils.java:logGet(44)) - raft.server.rpc.timeout.min = 1s (custom)
2020-06-06 05:16:03,370 [pool-83-thread-1] INFO  server.RaftServerConfigKeys (ConfUtils.java:logGet(44)) - raft.server.rpc.timeout.max = 1200ms (custom)
2020-06-06 05:16:03,370 [pool-83-thread-1] INFO  server.RaftServerConfigKeys (ConfUtils.java:logGet(44)) - raft.server.rpcslowness.timeout = 300s (custom)
2020-06-06 05:16:03,370 [pool-83-thread-1] INFO  server.RaftServerConfigKeys (ConfUtils.java:logGet(44)) - raft.server.sleep.deviation.threshold = 300 (default)
2020-06-06 05:16:03,370 [pool-83-thread-1] INFO  server.RaftServerConfigKeys (ConfUtils.java:logGet(44)) - raft.server.log.appender.install.snapshot.enabled = false (custom)
2020-06-06 05:16:03,370 [pool-83-thread-1] INFO  impl.RaftServerImpl (ServerState.java:<init>(103)) - 1a49a296-5844-4022-b55f-cb040720ebd9@group-49893C952B17: ConfigurationManager, init=-1: [1a49a296-5844-4022-b55f-cb040720ebd9:172.17.0.2:44811], old=null, confs=<EMPTY_MAP>
2020-06-06 05:16:03,370 [pool-83-thread-1] INFO  server.RaftServerConfigKeys (ConfUtils.java:logGet(44)) - raft.server.storage.dir = [/github/workspace/mnt/ozone/hadoop-ozone/integration-test/target/test-dir/MiniOzoneClusterImpl-e9c98d0f-e324-43f2-aa41-70e4df10ec43/datanode-3/data/ratis] (custom)
2020-06-06 05:16:03,370 [pool-83-thread-1] INFO  server.RaftServerConfigKeys (ConfUtils.java:logGet(44)) - raft.server.log.corruption.policy = EXCEPTION (default)
2020-06-06 05:16:03,370 [pool-83-thread-1] INFO  storage.RaftStorageDirectory (RaftStorageDirectory.java:analyzeStorage(261)) - The storage directory /github/workspace/mnt/ozone/hadoop-ozone/integration-test/target/test-dir/MiniOzoneClusterImpl-e9c98d0f-e324-43f2-aa41-70e4df10ec43/datanode-3/data/ratis/65541d31-f41f-44c4-8af3-49893c952b17 does not exist. Creating ...
2020-06-06 05:16:03,385 [pool-83-thread-1] INFO  storage.RaftStorageDirectory (RaftStorageDirectory.java:tryLock(343)) - Lock on /github/workspace/mnt/ozone/hadoop-ozone/integration-test/target/test-dir/MiniOzoneClusterImpl-e9c98d0f-e324-43f2-aa41-70e4df10ec43/datanode-3/data/ratis/65541d31-f41f-44c4-8af3-49893c952b17/in_use.lock acquired by nodename 3879@04ab1dbc0cb6
2020-06-06 05:16:03,387 [pool-83-thread-1] INFO  storage.RaftStorage (RaftStorage.java:format(84)) - Storage directory /github/workspace/mnt/ozone/hadoop-ozone/integration-test/target/test-dir/MiniOzoneClusterImpl-e9c98d0f-e324-43f2-aa41-70e4df10ec43/datanode-3/data/ratis/65541d31-f41f-44c4-8af3-49893c952b17 has been successfully formatted.
2020-06-06 05:16:03,388 [pool-83-thread-1] INFO  ratis.ContainerStateMachine (ContainerStateMachine.java:loadSnapshot(226)) - group-49893C952B17: The snapshot info is null. Setting the last applied indexto:(t:0, i:~)
2020-06-06 05:16:03,388 [pool-83-thread-1] INFO  server.RaftServerConfigKeys (ConfUtils.java:logGet(44)) - raft.server.notification.no-leader.timeout = 60s (default)
2020-06-06 05:16:03,388 [pool-83-thread-1] INFO  server.RaftServerConfigKeys (ConfUtils.java:logGet(44)) - raft.server.log.use.memory = false (default)
2020-06-06 05:16:03,388 [pool-83-thread-1] INFO  server.RaftServerConfigKeys (ConfUtils.java:logGet(44)) - raft.server.log.purge.gap = 1000000 (custom)
2020-06-06 05:16:03,388 [pool-83-thread-1] INFO  server.RaftServerConfigKeys (ConfUtils.java:logGet(44)) - raft.server.log.appender.buffer.byte-limit = 33554432 (custom)
2020-06-06 05:16:03,388 [pool-83-thread-1] INFO  server.RaftServerConfigKeys (ConfUtils.java:logGet(44)) - raft.server.log.segment.size.max = 1048576 (custom)
2020-06-06 05:16:03,388 [pool-83-thread-1] INFO  metrics.RatisMetrics (RatisMetrics.java:lambda$create$0(39)) - Creating Metrics Registry : ratis.log_worker.1a49a296-5844-4022-b55f-cb040720ebd9
2020-06-06 05:16:03,388 [pool-83-thread-1] INFO  server.RaftServerConfigKeys (ConfUtils.java:logGet(44)) - raft.server.log.segment.cache.num.max = 2 (custom)
2020-06-06 05:16:03,389 [pool-83-thread-1] INFO  segmented.SegmentedRaftLogWorker (SegmentedRaftLogWorker.java:<init>(176)) - new 1a49a296-5844-4022-b55f-cb040720ebd9@group-49893C952B17-SegmentedRaftLogWorker for RaftStorage:Storage Directory /github/workspace/mnt/ozone/hadoop-ozone/integration-test/target/test-dir/MiniOzoneClusterImpl-e9c98d0f-e324-43f2-aa41-70e4df10ec43/datanode-3/data/ratis/65541d31-f41f-44c4-8af3-49893c952b17
2020-06-06 05:16:03,389 [pool-83-thread-1] INFO  server.RaftServerConfigKeys (ConfUtils.java:logGet(44)) - raft.server.log.queue.byte-limit = 2147483647 (custom)
2020-06-06 05:16:03,389 [pool-83-thread-1] INFO  server.RaftServerConfigKeys (ConfUtils.java:logGet(44)) - raft.server.log.queue.element-limit = 1024 (custom)
2020-06-06 05:16:03,389 [pool-83-thread-1] INFO  server.RaftServerConfigKeys (ConfUtils.java:logGet(44)) - raft.server.log.segment.size.max = 1048576 (custom)
2020-06-06 05:16:03,389 [pool-83-thread-1] INFO  server.RaftServerConfigKeys (ConfUtils.java:logGet(44)) - raft.server.log.preallocated.size = 16384 (custom)
2020-06-06 05:16:03,389 [pool-83-thread-1] INFO  server.RaftServerConfigKeys (ConfUtils.java:logGet(44)) - raft.server.log.write.buffer.size = 1048576 (custom)
2020-06-06 05:16:03,389 [pool-83-thread-1] INFO  server.RaftServerConfigKeys (ConfUtils.java:logGet(44)) - raft.server.log.force.sync.num = 128 (default)
2020-06-06 05:16:03,389 [pool-83-thread-1] INFO  server.RaftServerConfigKeys (ConfUtils.java:logGet(44)) - raft.server.log.statemachine.data.sync = true (default)
2020-06-06 05:16:03,389 [pool-83-thread-1] INFO  server.RaftServerConfigKeys (ConfUtils.java:logGet(44)) - raft.server.log.statemachine.data.sync.timeout = 10s (default)
2020-06-06 05:16:03,389 [pool-83-thread-1] INFO  server.RaftServerConfigKeys (ConfUtils.java:logGet(44)) - raft.server.log.statemachine.data.sync.timeout.retry = -1 (default)
2020-06-06 05:16:03,391 [pool-83-thread-1] INFO  server.RaftServerConfigKeys (ConfUtils.java:logGet(44)) - raft.server.log.statemachine.data.caching.enabled = true (custom)
2020-06-06 05:16:03,391 [pool-83-thread-1] INFO  segmented.SegmentedRaftLogWorker (SegmentedRaftLogWorker.java:lambda$new$0(129)) - 1a49a296-5844-4022-b55f-cb040720ebd9@group-49893C952B17-SegmentedRaftLogWorker: flushIndex: setUnconditionally 0 -> -1
2020-06-06 05:16:03,392 [pool-83-thread-1] INFO  server.RaftServerConfigKeys (ConfUtils.java:logGet(44)) - raft.server.snapshot.auto.trigger.enabled = true (custom)
2020-06-06 05:16:03,392 [pool-83-thread-1] INFO  server.RaftServerConfigKeys (ConfUtils.java:logGet(44)) - raft.server.snapshot.auto.trigger.threshold = 10000 (custom)
2020-06-06 05:16:03,392 [pool-83-thread-1] INFO  server.RaftServerConfigKeys (ConfUtils.java:logGet(44)) - raft.server.snapshot.retention.file.num = 5 (custom)
2020-06-06 05:16:03,393 [pool-83-thread-1] INFO  server.RaftServerConfigKeys (ConfUtils.java:logGet(44)) - raft.server.log.purge.upto.snapshot.index = false (default)
2020-06-06 05:16:03,393 [pool-83-thread-1] INFO  server.RaftServerConfigKeys (ConfUtils.java:logGet(44)) - raft.server.retrycache.expirytime = 600000ms (custom)
2020-06-06 05:16:03,393 [pool-83-thread-1] INFO  metrics.RatisMetrics (RatisMetrics.java:lambda$create$0(39)) - Creating Metrics Registry : ratis.leader_election.1a49a296-5844-4022-b55f-cb040720ebd9@group-49893C952B17
2020-06-06 05:16:03,393 [EventQueue-PipelineReportForPipelineReportHandler] INFO  pipeline.PipelineStateManager (PipelineStateManager.java:openPipeline(131)) - Pipeline Pipeline[ Id: 65541d31-f41f-44c4-8af3-49893c952b17, Nodes: 1a49a296-5844-4022-b55f-cb040720ebd9{ip: 172.17.0.2, host: 04ab1dbc0cb6, networkLocation: /rack1, certSerialId: null}, Type:RATIS, Factor:ONE, State:ALLOCATED, leaderId:1a49a296-5844-4022-b55f-cb040720ebd9, CreationTimestamp2020-06-06T05:16:00.336Z] moved to OPEN state
2020-06-06 05:16:03,393 [EventQueue-OpenPipelineForOneReplicaPipelineSafeModeRule] INFO  safemode.SCMSafeModeManager (SCMSafeModeManager.java:validateSafeModeExitRules(213)) - AtleastOneDatanodeReportedRule rule is successfully validated
2020-06-06 05:16:03,393 [EventQueue-OpenPipelineForHealthyPipelineSafeModeRule] INFO  safemode.SCMSafeModeManager (HealthyPipelineSafeModeRule.java:process(132)) - SCM in safe mode. Healthy pipelines reported count is 0, required healthy pipeline reported count is 1
2020-06-06 05:16:03,393 [pool-83-thread-1] INFO  metrics.RatisMetrics (RatisMetrics.java:lambda$create$0(39)) - Creating Metrics Registry : ratis.server.1a49a296-5844-4022-b55f-cb040720ebd9@group-49893C952B17
2020-06-06 05:16:03,402 [pool-83-thread-1] INFO  impl.RaftServerImpl (RaftServerImpl.java:start(184)) - 1a49a296-5844-4022-b55f-cb040720ebd9@group-49893C952B17: start as a follower, conf=-1: [1a49a296-5844-4022-b55f-cb040720ebd9:172.17.0.2:44811], old=null
2020-06-06 05:16:03,402 [pool-83-thread-1] INFO  impl.RaftServerImpl (RaftServerImpl.java:setRole(173)) - 1a49a296-5844-4022-b55f-cb040720ebd9@group-49893C952B17: changes role from      null to FOLLOWER at term 0 for startAsFollower
2020-06-06 05:16:03,402 [pool-83-thread-1] INFO  impl.RoleInfo (RoleInfo.java:updateAndGet(143)) - 1a49a296-5844-4022-b55f-cb040720ebd9: start FollowerState
2020-06-06 05:16:03,402 [pool-83-thread-1] INFO  util.JmxRegister (JmxRegister.java:tryRegister(44)) - Successfully registered JMX Bean with object name Ratis:service=RaftServer,group=group-49893C952B17,id=1a49a296-5844-4022-b55f-cb040720ebd9
2020-06-06 05:16:03,402 [pool-83-thread-1] INFO  metrics.RatisMetrics (RatisMetrics.java:lambda$create$0(39)) - Creating Metrics Registry : ratis.state_machine.1a49a296-5844-4022-b55f-cb040720ebd9@group-49893C952B17
2020-06-06 05:16:03,403 [Command processor thread] INFO  commandhandler.CreatePipelineCommandHandler (CreatePipelineCommandHandler.java:handle(109)) - Created Pipeline RATIS ONE #id: "65541d31-f41f-44c4-8af3-49893c952b17"
.
2020-06-06 05:16:03,403 [Command processor thread] INFO  impl.RaftServerProxy (RaftServerProxy.java:addNew(89)) - 1a49a296-5844-4022-b55f-cb040720ebd9: addNew group-8814426F656B:[16c5f78f-17e9-4ae3-8c1c-bc00fdbfe39b:172.17.0.2:33655, 6b1e40fd-b271-4671-bc2e-69bde6106f78:172.17.0.2:40049, 1a49a296-5844-4022-b55f-cb040720ebd9:172.17.0.2:44811] returns group-8814426F656B:java.util.concurrent.CompletableFuture@65a5e51b[Not completed]
2020-06-06 05:16:03,412 [pool-83-thread-1] INFO  impl.RaftServerImpl (RaftServerImpl.java:<init>(98)) - 1a49a296-5844-4022-b55f-cb040720ebd9: new RaftServerImpl for group-8814426F656B:[16c5f78f-17e9-4ae3-8c1c-bc00fdbfe39b:172.17.0.2:33655, 6b1e40fd-b271-4671-bc2e-69bde6106f78:172.17.0.2:40049, 1a49a296-5844-4022-b55f-cb040720ebd9:172.17.0.2:44811] with ContainerStateMachine:uninitialized
2020-06-06 05:16:03,412 [pool-83-thread-1] INFO  server.RaftServerConfigKeys (ConfUtils.java:logGet(44)) - raft.server.rpc.timeout.min = 1s (custom)
2020-06-06 05:16:03,412 [pool-83-thread-1] INFO  server.RaftServerConfigKeys (ConfUtils.java:logGet(44)) - raft.server.rpc.timeout.max = 1200ms (custom)
2020-06-06 05:16:03,412 [pool-83-thread-1] INFO  server.RaftServerConfigKeys (ConfUtils.java:logGet(44)) - raft.server.rpcslowness.timeout = 300s (custom)
2020-06-06 05:16:03,412 [pool-83-thread-1] INFO  server.RaftServerConfigKeys (ConfUtils.java:logGet(44)) - raft.server.sleep.deviation.threshold = 300 (default)
2020-06-06 05:16:03,412 [pool-83-thread-1] INFO  server.RaftServerConfigKeys (ConfUtils.java:logGet(44)) - raft.server.log.appender.install.snapshot.enabled = false (custom)
2020-06-06 05:16:03,412 [pool-83-thread-1] INFO  impl.RaftServerImpl (ServerState.java:<init>(103)) - 1a49a296-5844-4022-b55f-cb040720ebd9@group-8814426F656B: ConfigurationManager, init=-1: [16c5f78f-17e9-4ae3-8c1c-bc00fdbfe39b:172.17.0.2:33655, 6b1e40fd-b271-4671-bc2e-69bde6106f78:172.17.0.2:40049, 1a49a296-5844-4022-b55f-cb040720ebd9:172.17.0.2:44811], old=null, confs=<EMPTY_MAP>
2020-06-06 05:16:03,412 [pool-83-thread-1] INFO  server.RaftServerConfigKeys (ConfUtils.java:logGet(44)) - raft.server.storage.dir = [/github/workspace/mnt/ozone/hadoop-ozone/integration-test/target/test-dir/MiniOzoneClusterImpl-e9c98d0f-e324-43f2-aa41-70e4df10ec43/datanode-3/data/ratis] (custom)
2020-06-06 05:16:03,413 [pool-83-thread-1] INFO  server.RaftServerConfigKeys (ConfUtils.java:logGet(44)) - raft.server.log.corruption.policy = EXCEPTION (default)
2020-06-06 05:16:03,413 [pool-83-thread-1] INFO  storage.RaftStorageDirectory (RaftStorageDirectory.java:analyzeStorage(261)) - The storage directory /github/workspace/mnt/ozone/hadoop-ozone/integration-test/target/test-dir/MiniOzoneClusterImpl-e9c98d0f-e324-43f2-aa41-70e4df10ec43/datanode-3/data/ratis/a6a197c9-983a-457b-80f0-8814426f656b does not exist. Creating ...
2020-06-06 05:16:03,414 [pool-83-thread-1] INFO  storage.RaftStorageDirectory (RaftStorageDirectory.java:tryLock(343)) - Lock on /github/workspace/mnt/ozone/hadoop-ozone/integration-test/target/test-dir/MiniOzoneClusterImpl-e9c98d0f-e324-43f2-aa41-70e4df10ec43/datanode-3/data/ratis/a6a197c9-983a-457b-80f0-8814426f656b/in_use.lock acquired by nodename 3879@04ab1dbc0cb6
2020-06-06 05:16:03,415 [pool-83-thread-1] INFO  storage.RaftStorage (RaftStorage.java:format(84)) - Storage directory /github/workspace/mnt/ozone/hadoop-ozone/integration-test/target/test-dir/MiniOzoneClusterImpl-e9c98d0f-e324-43f2-aa41-70e4df10ec43/datanode-3/data/ratis/a6a197c9-983a-457b-80f0-8814426f656b has been successfully formatted.
2020-06-06 05:16:03,415 [pool-83-thread-1] INFO  ratis.ContainerStateMachine (ContainerStateMachine.java:loadSnapshot(226)) - group-8814426F656B: The snapshot info is null. Setting the last applied indexto:(t:0, i:~)
2020-06-06 05:16:03,415 [pool-83-thread-1] INFO  server.RaftServerConfigKeys (ConfUtils.java:logGet(44)) - raft.server.notification.no-leader.timeout = 60s (default)
2020-06-06 05:16:03,415 [pool-83-thread-1] INFO  server.RaftServerConfigKeys (ConfUtils.java:logGet(44)) - raft.server.log.use.memory = false (default)
2020-06-06 05:16:03,416 [pool-83-thread-1] INFO  server.RaftServerConfigKeys (ConfUtils.java:logGet(44)) - raft.server.log.purge.gap = 1000000 (custom)
2020-06-06 05:16:03,416 [pool-83-thread-1] INFO  server.RaftServerConfigKeys (ConfUtils.java:logGet(44)) - raft.server.log.appender.buffer.byte-limit = 33554432 (custom)
2020-06-06 05:16:03,416 [pool-83-thread-1] INFO  server.RaftServerConfigKeys (ConfUtils.java:logGet(44)) - raft.server.log.segment.size.max = 1048576 (custom)
2020-06-06 05:16:03,416 [pool-83-thread-1] INFO  server.RaftServerConfigKeys (ConfUtils.java:logGet(44)) - raft.server.log.segment.cache.num.max = 2 (custom)
2020-06-06 05:16:03,416 [pool-83-thread-1] INFO  segmented.SegmentedRaftLogWorker (SegmentedRaftLogWorker.java:<init>(176)) - new 1a49a296-5844-4022-b55f-cb040720ebd9@group-8814426F656B-SegmentedRaftLogWorker for RaftStorage:Storage Directory /github/workspace/mnt/ozone/hadoop-ozone/integration-test/target/test-dir/MiniOzoneClusterImpl-e9c98d0f-e324-43f2-aa41-70e4df10ec43/datanode-3/data/ratis/a6a197c9-983a-457b-80f0-8814426f656b
2020-06-06 05:16:03,416 [pool-83-thread-1] INFO  server.RaftServerConfigKeys (ConfUtils.java:logGet(44)) - raft.server.log.queue.byte-limit = 2147483647 (custom)
2020-06-06 05:16:03,416 [pool-83-thread-1] INFO  server.RaftServerConfigKeys (ConfUtils.java:logGet(44)) - raft.server.log.queue.element-limit = 1024 (custom)
2020-06-06 05:16:03,416 [pool-83-thread-1] INFO  server.RaftServerConfigKeys (ConfUtils.java:logGet(44)) - raft.server.log.segment.size.max = 1048576 (custom)
2020-06-06 05:16:03,416 [pool-83-thread-1] INFO  server.RaftServerConfigKeys (ConfUtils.java:logGet(44)) - raft.server.log.preallocated.size = 16384 (custom)
2020-06-06 05:16:03,416 [pool-83-thread-1] INFO  server.RaftServerConfigKeys (ConfUtils.java:logGet(44)) - raft.server.log.write.buffer.size = 1048576 (custom)
2020-06-06 05:16:03,416 [pool-83-thread-1] INFO  server.RaftServerConfigKeys (ConfUtils.java:logGet(44)) - raft.server.log.force.sync.num = 128 (default)
2020-06-06 05:16:03,417 [pool-83-thread-1] INFO  server.RaftServerConfigKeys (ConfUtils.java:logGet(44)) - raft.server.log.statemachine.data.sync = true (default)
2020-06-06 05:16:03,417 [pool-83-thread-1] INFO  server.RaftServerConfigKeys (ConfUtils.java:logGet(44)) - raft.server.log.statemachine.data.sync.timeout = 10s (default)
2020-06-06 05:16:03,417 [pool-83-thread-1] INFO  server.RaftServerConfigKeys (ConfUtils.java:logGet(44)) - raft.server.log.statemachine.data.sync.timeout.retry = -1 (default)
2020-06-06 05:16:03,417 [pool-83-thread-1] INFO  server.RaftServerConfigKeys (ConfUtils.java:logGet(44)) - raft.server.log.statemachine.data.caching.enabled = true (custom)
2020-06-06 05:16:03,418 [pool-83-thread-1] INFO  segmented.SegmentedRaftLogWorker (SegmentedRaftLogWorker.java:lambda$new$0(129)) - 1a49a296-5844-4022-b55f-cb040720ebd9@group-8814426F656B-SegmentedRaftLogWorker: flushIndex: setUnconditionally 0 -> -1
2020-06-06 05:16:03,436 [pool-83-thread-1] INFO  server.RaftServerConfigKeys (ConfUtils.java:logGet(44)) - raft.server.snapshot.auto.trigger.enabled = true (custom)
2020-06-06 05:16:03,441 [pool-83-thread-1] INFO  server.RaftServerConfigKeys (ConfUtils.java:logGet(44)) - raft.server.snapshot.auto.trigger.threshold = 10000 (custom)
2020-06-06 05:16:03,441 [pool-83-thread-1] INFO  server.RaftServerConfigKeys (ConfUtils.java:logGet(44)) - raft.server.snapshot.retention.file.num = 5 (custom)
2020-06-06 05:16:03,441 [pool-83-thread-1] INFO  server.RaftServerConfigKeys (ConfUtils.java:logGet(44)) - raft.server.log.purge.upto.snapshot.index = false (default)
2020-06-06 05:16:03,441 [pool-83-thread-1] INFO  server.RaftServerConfigKeys (ConfUtils.java:logGet(44)) - raft.server.retrycache.expirytime = 600000ms (custom)
2020-06-06 05:16:03,441 [pool-83-thread-1] INFO  metrics.RatisMetrics (RatisMetrics.java:lambda$create$0(39)) - Creating Metrics Registry : ratis.leader_election.1a49a296-5844-4022-b55f-cb040720ebd9@group-8814426F656B
2020-06-06 05:16:03,442 [pool-83-thread-1] INFO  metrics.RatisMetrics (RatisMetrics.java:lambda$create$0(39)) - Creating Metrics Registry : ratis.server.1a49a296-5844-4022-b55f-cb040720ebd9@group-8814426F656B
2020-06-06 05:16:03,444 [pool-83-thread-1] INFO  impl.RaftServerImpl (RaftServerImpl.java:start(184)) - 1a49a296-5844-4022-b55f-cb040720ebd9@group-8814426F656B: start as a follower, conf=-1: [16c5f78f-17e9-4ae3-8c1c-bc00fdbfe39b:172.17.0.2:33655, 6b1e40fd-b271-4671-bc2e-69bde6106f78:172.17.0.2:40049, 1a49a296-5844-4022-b55f-cb040720ebd9:172.17.0.2:44811], old=null
2020-06-06 05:16:03,444 [pool-83-thread-1] INFO  impl.RaftServerImpl (RaftServerImpl.java:setRole(173)) - 1a49a296-5844-4022-b55f-cb040720ebd9@group-8814426F656B: changes role from      null to FOLLOWER at term 0 for startAsFollower
2020-06-06 05:16:03,444 [pool-83-thread-1] INFO  impl.RoleInfo (RoleInfo.java:updateAndGet(143)) - 1a49a296-5844-4022-b55f-cb040720ebd9: start FollowerState
2020-06-06 05:16:03,444 [pool-83-thread-1] INFO  util.JmxRegister (JmxRegister.java:tryRegister(44)) - Successfully registered JMX Bean with object name Ratis:service=RaftServer,group=group-8814426F656B,id=1a49a296-5844-4022-b55f-cb040720ebd9
2020-06-06 05:16:03,444 [pool-83-thread-1] INFO  metrics.RatisMetrics (RatisMetrics.java:lambda$create$0(39)) - Creating Metrics Registry : ratis.state_machine.1a49a296-5844-4022-b55f-cb040720ebd9@group-8814426F656B
2020-06-06 05:16:03,460 [Command processor thread] INFO  impl.RaftServerProxy (RaftServerProxy.java:addNew(89)) - 6b1e40fd-b271-4671-bc2e-69bde6106f78: addNew group-99B687CEDC83:[6b1e40fd-b271-4671-bc2e-69bde6106f78:172.17.0.2:40049] returns group-99B687CEDC83:java.util.concurrent.CompletableFuture@5c81cf7c[Not completed]
2020-06-06 05:16:03,462 [pool-99-thread-1] INFO  impl.RaftServerImpl (RaftServerImpl.java:<init>(98)) - 6b1e40fd-b271-4671-bc2e-69bde6106f78: new RaftServerImpl for group-99B687CEDC83:[6b1e40fd-b271-4671-bc2e-69bde6106f78:172.17.0.2:40049] with ContainerStateMachine:uninitialized
2020-06-06 05:16:03,464 [pool-99-thread-1] INFO  server.RaftServerConfigKeys (ConfUtils.java:logGet(44)) - raft.server.rpc.timeout.min = 1s (custom)
2020-06-06 05:16:03,464 [pool-99-thread-1] INFO  server.RaftServerConfigKeys (ConfUtils.java:logGet(44)) - raft.server.rpc.timeout.max = 1200ms (custom)
2020-06-06 05:16:03,464 [pool-99-thread-1] INFO  server.RaftServerConfigKeys (ConfUtils.java:logGet(44)) - raft.server.rpcslowness.timeout = 300s (custom)
2020-06-06 05:16:03,464 [pool-99-thread-1] INFO  server.RaftServerConfigKeys (ConfUtils.java:logGet(44)) - raft.server.sleep.deviation.threshold = 300 (default)
2020-06-06 05:16:03,465 [pool-99-thread-1] INFO  server.RaftServerConfigKeys (ConfUtils.java:logGet(44)) - raft.server.log.appender.install.snapshot.enabled = false (custom)
2020-06-06 05:16:03,465 [pool-99-thread-1] INFO  impl.RaftServerImpl (ServerState.java:<init>(103)) - 6b1e40fd-b271-4671-bc2e-69bde6106f78@group-99B687CEDC83: ConfigurationManager, init=-1: [6b1e40fd-b271-4671-bc2e-69bde6106f78:172.17.0.2:40049], old=null, confs=<EMPTY_MAP>
2020-06-06 05:16:03,465 [pool-99-thread-1] INFO  server.RaftServerConfigKeys (ConfUtils.java:logGet(44)) - raft.server.storage.dir = [/github/workspace/mnt/ozone/hadoop-ozone/integration-test/target/test-dir/MiniOzoneClusterImpl-e9c98d0f-e324-43f2-aa41-70e4df10ec43/datanode-4/data/ratis] (custom)
2020-06-06 05:16:03,465 [pool-99-thread-1] INFO  server.RaftServerConfigKeys (ConfUtils.java:logGet(44)) - raft.server.log.corruption.policy = EXCEPTION (default)
2020-06-06 05:16:03,465 [pool-99-thread-1] INFO  storage.RaftStorageDirectory (RaftStorageDirectory.java:analyzeStorage(261)) - The storage directory /github/workspace/mnt/ozone/hadoop-ozone/integration-test/target/test-dir/MiniOzoneClusterImpl-e9c98d0f-e324-43f2-aa41-70e4df10ec43/datanode-4/data/ratis/3f161e52-1d09-4470-8e91-99b687cedc83 does not exist. Creating ...
2020-06-06 05:16:03,467 [pool-99-thread-1] INFO  storage.RaftStorageDirectory (RaftStorageDirectory.java:tryLock(343)) - Lock on /github/workspace/mnt/ozone/hadoop-ozone/integration-test/target/test-dir/MiniOzoneClusterImpl-e9c98d0f-e324-43f2-aa41-70e4df10ec43/datanode-4/data/ratis/3f161e52-1d09-4470-8e91-99b687cedc83/in_use.lock acquired by nodename 3879@04ab1dbc0cb6
2020-06-06 05:16:03,468 [pool-99-thread-1] INFO  storage.RaftStorage (RaftStorage.java:format(84)) - Storage directory /github/workspace/mnt/ozone/hadoop-ozone/integration-test/target/test-dir/MiniOzoneClusterImpl-e9c98d0f-e324-43f2-aa41-70e4df10ec43/datanode-4/data/ratis/3f161e52-1d09-4470-8e91-99b687cedc83 has been successfully formatted.
2020-06-06 05:16:03,469 [pool-99-thread-1] INFO  ratis.ContainerStateMachine (ContainerStateMachine.java:loadSnapshot(226)) - group-99B687CEDC83: The snapshot info is null. Setting the last applied indexto:(t:0, i:~)
2020-06-06 05:16:03,469 [pool-99-thread-1] INFO  server.RaftServerConfigKeys (ConfUtils.java:logGet(44)) - raft.server.notification.no-leader.timeout = 60s (default)
2020-06-06 05:16:03,469 [pool-99-thread-1] INFO  server.RaftServerConfigKeys (ConfUtils.java:logGet(44)) - raft.server.log.use.memory = false (default)
2020-06-06 05:16:03,469 [pool-99-thread-1] INFO  server.RaftServerConfigKeys (ConfUtils.java:logGet(44)) - raft.server.log.purge.gap = 1000000 (custom)
2020-06-06 05:16:03,469 [pool-99-thread-1] INFO  server.RaftServerConfigKeys (ConfUtils.java:logGet(44)) - raft.server.log.appender.buffer.byte-limit = 33554432 (custom)
2020-06-06 05:16:03,469 [pool-99-thread-1] INFO  server.RaftServerConfigKeys (ConfUtils.java:logGet(44)) - raft.server.log.segment.size.max = 1048576 (custom)
2020-06-06 05:16:03,471 [EventQueue-PipelineReportForPipelineReportHandler] INFO  pipeline.PipelineStateManager (PipelineStateManager.java:openPipeline(131)) - Pipeline Pipeline[ Id: 3f161e52-1d09-4470-8e91-99b687cedc83, Nodes: 6b1e40fd-b271-4671-bc2e-69bde6106f78{ip: 172.17.0.2, host: 04ab1dbc0cb6, networkLocation: /rack1, certSerialId: null}, Type:RATIS, Factor:ONE, State:ALLOCATED, leaderId:6b1e40fd-b271-4671-bc2e-69bde6106f78, CreationTimestamp2020-06-06T05:16:00.439Z] moved to OPEN state
2020-06-06 05:16:03,471 [EventQueue-OpenPipelineForOneReplicaPipelineSafeModeRule] INFO  safemode.SCMSafeModeManager (SCMSafeModeManager.java:validateSafeModeExitRules(213)) - AtleastOneDatanodeReportedRule rule is successfully validated
2020-06-06 05:16:03,471 [EventQueue-OpenPipelineForHealthyPipelineSafeModeRule] INFO  safemode.SCMSafeModeManager (HealthyPipelineSafeModeRule.java:process(132)) - SCM in safe mode. Healthy pipelines reported count is 0, required healthy pipeline reported count is 1
2020-06-06 05:16:03,471 [pool-99-thread-1] INFO  metrics.RatisMetrics (RatisMetrics.java:lambda$create$0(39)) - Creating Metrics Registry : ratis.log_worker.6b1e40fd-b271-4671-bc2e-69bde6106f78
2020-06-06 05:16:03,472 [pool-99-thread-1] INFO  server.RaftServerConfigKeys (ConfUtils.java:logGet(44)) - raft.server.log.segment.cache.num.max = 2 (custom)
2020-06-06 05:16:03,472 [pool-99-thread-1] INFO  segmented.SegmentedRaftLogWorker (SegmentedRaftLogWorker.java:<init>(176)) - new 6b1e40fd-b271-4671-bc2e-69bde6106f78@group-99B687CEDC83-SegmentedRaftLogWorker for RaftStorage:Storage Directory /github/workspace/mnt/ozone/hadoop-ozone/integration-test/target/test-dir/MiniOzoneClusterImpl-e9c98d0f-e324-43f2-aa41-70e4df10ec43/datanode-4/data/ratis/3f161e52-1d09-4470-8e91-99b687cedc83
2020-06-06 05:16:03,472 [pool-99-thread-1] INFO  server.RaftServerConfigKeys (ConfUtils.java:logGet(44)) - raft.server.log.queue.byte-limit = 2147483647 (custom)
2020-06-06 05:16:03,472 [pool-99-thread-1] INFO  server.RaftServerConfigKeys (ConfUtils.java:logGet(44)) - raft.server.log.queue.element-limit = 1024 (custom)
2020-06-06 05:16:03,472 [pool-99-thread-1] INFO  server.RaftServerConfigKeys (ConfUtils.java:logGet(44)) - raft.server.log.segment.size.max = 1048576 (custom)
2020-06-06 05:16:03,472 [pool-99-thread-1] INFO  server.RaftServerConfigKeys (ConfUtils.java:logGet(44)) - raft.server.log.preallocated.size = 16384 (custom)
2020-06-06 05:16:03,472 [pool-99-thread-1] INFO  server.RaftServerConfigKeys (ConfUtils.java:logGet(44)) - raft.server.log.write.buffer.size = 1048576 (custom)
2020-06-06 05:16:03,473 [pool-99-thread-1] INFO  server.RaftServerConfigKeys (ConfUtils.java:logGet(44)) - raft.server.log.force.sync.num = 128 (default)
2020-06-06 05:16:03,473 [pool-99-thread-1] INFO  server.RaftServerConfigKeys (ConfUtils.java:logGet(44)) - raft.server.log.statemachine.data.sync = true (default)
2020-06-06 05:16:03,473 [pool-99-thread-1] INFO  server.RaftServerConfigKeys (ConfUtils.java:logGet(44)) - raft.server.log.statemachine.data.sync.timeout = 10s (default)
2020-06-06 05:16:03,474 [pool-99-thread-1] INFO  server.RaftServerConfigKeys (ConfUtils.java:logGet(44)) - raft.server.log.statemachine.data.sync.timeout.retry = -1 (default)
2020-06-06 05:16:03,475 [pool-99-thread-1] INFO  server.RaftServerConfigKeys (ConfUtils.java:logGet(44)) - raft.server.log.statemachine.data.caching.enabled = true (custom)
2020-06-06 05:16:03,476 [pool-99-thread-1] INFO  segmented.SegmentedRaftLogWorker (SegmentedRaftLogWorker.java:lambda$new$0(129)) - 6b1e40fd-b271-4671-bc2e-69bde6106f78@group-99B687CEDC83-SegmentedRaftLogWorker: flushIndex: setUnconditionally 0 -> -1
2020-06-06 05:16:03,488 [pool-99-thread-1] INFO  server.RaftServerConfigKeys (ConfUtils.java:logGet(44)) - raft.server.snapshot.auto.trigger.enabled = true (custom)
2020-06-06 05:16:03,488 [pool-99-thread-1] INFO  server.RaftServerConfigKeys (ConfUtils.java:logGet(44)) - raft.server.snapshot.auto.trigger.threshold = 10000 (custom)
2020-06-06 05:16:03,489 [pool-99-thread-1] INFO  server.RaftServerConfigKeys (ConfUtils.java:logGet(44)) - raft.server.snapshot.retention.file.num = 5 (custom)
2020-06-06 05:16:03,489 [pool-99-thread-1] INFO  server.RaftServerConfigKeys (ConfUtils.java:logGet(44)) - raft.server.log.purge.upto.snapshot.index = false (default)
2020-06-06 05:16:03,489 [pool-99-thread-1] INFO  server.RaftServerConfigKeys (ConfUtils.java:logGet(44)) - raft.server.retrycache.expirytime = 600000ms (custom)
2020-06-06 05:16:03,490 [pool-99-thread-1] INFO  metrics.RatisMetrics (RatisMetrics.java:lambda$create$0(39)) - Creating Metrics Registry : ratis.leader_election.6b1e40fd-b271-4671-bc2e-69bde6106f78@group-99B687CEDC83
2020-06-06 05:16:03,490 [pool-99-thread-1] INFO  metrics.RatisMetrics (RatisMetrics.java:lambda$create$0(39)) - Creating Metrics Registry : ratis.server.6b1e40fd-b271-4671-bc2e-69bde6106f78@group-99B687CEDC83
2020-06-06 05:16:03,492 [pool-99-thread-1] INFO  impl.RaftServerImpl (RaftServerImpl.java:start(184)) - 6b1e40fd-b271-4671-bc2e-69bde6106f78@group-99B687CEDC83: start as a follower, conf=-1: [6b1e40fd-b271-4671-bc2e-69bde6106f78:172.17.0.2:40049], old=null
2020-06-06 05:16:03,494 [pool-99-thread-1] INFO  impl.RaftServerImpl (RaftServerImpl.java:setRole(173)) - 6b1e40fd-b271-4671-bc2e-69bde6106f78@group-99B687CEDC83: changes role from      null to FOLLOWER at term 0 for startAsFollower
2020-06-06 05:16:03,494 [pool-99-thread-1] INFO  impl.RoleInfo (RoleInfo.java:updateAndGet(143)) - 6b1e40fd-b271-4671-bc2e-69bde6106f78: start FollowerState
2020-06-06 05:16:03,500 [pool-99-thread-1] INFO  util.JmxRegister (JmxRegister.java:tryRegister(44)) - Successfully registered JMX Bean with object name Ratis:service=RaftServer,group=group-99B687CEDC83,id=6b1e40fd-b271-4671-bc2e-69bde6106f78
2020-06-06 05:16:03,500 [pool-99-thread-1] INFO  metrics.RatisMetrics (RatisMetrics.java:lambda$create$0(39)) - Creating Metrics Registry : ratis.state_machine.6b1e40fd-b271-4671-bc2e-69bde6106f78@group-99B687CEDC83
2020-06-06 05:16:03,516 [Command processor thread] INFO  commandhandler.CreatePipelineCommandHandler (CreatePipelineCommandHandler.java:handle(109)) - Created Pipeline RATIS ONE #id: "3f161e52-1d09-4470-8e91-99b687cedc83"
.
2020-06-06 05:16:03,516 [Command processor thread] INFO  impl.RaftServerProxy (RaftServerProxy.java:addNew(89)) - 6b1e40fd-b271-4671-bc2e-69bde6106f78: addNew group-8814426F656B:[16c5f78f-17e9-4ae3-8c1c-bc00fdbfe39b:172.17.0.2:33655, 6b1e40fd-b271-4671-bc2e-69bde6106f78:172.17.0.2:40049, 1a49a296-5844-4022-b55f-cb040720ebd9:172.17.0.2:44811] returns group-8814426F656B:java.util.concurrent.CompletableFuture@58be4034[Not completed]
2020-06-06 05:16:03,518 [pool-99-thread-1] INFO  impl.RaftServerImpl (RaftServerImpl.java:<init>(98)) - 6b1e40fd-b271-4671-bc2e-69bde6106f78: new RaftServerImpl for group-8814426F656B:[16c5f78f-17e9-4ae3-8c1c-bc00fdbfe39b:172.17.0.2:33655, 6b1e40fd-b271-4671-bc2e-69bde6106f78:172.17.0.2:40049, 1a49a296-5844-4022-b55f-cb040720ebd9:172.17.0.2:44811] with ContainerStateMachine:uninitialized
2020-06-06 05:16:03,518 [pool-99-thread-1] INFO  server.RaftServerConfigKeys (ConfUtils.java:logGet(44)) - raft.server.rpc.timeout.min = 1s (custom)
2020-06-06 05:16:03,518 [pool-99-thread-1] INFO  server.RaftServerConfigKeys (ConfUtils.java:logGet(44)) - raft.server.rpc.timeout.max = 1200ms (custom)
2020-06-06 05:16:03,518 [pool-99-thread-1] INFO  server.RaftServerConfigKeys (ConfUtils.java:logGet(44)) - raft.server.rpcslowness.timeout = 300s (custom)
2020-06-06 05:16:03,518 [pool-99-thread-1] INFO  server.RaftServerConfigKeys (ConfUtils.java:logGet(44)) - raft.server.sleep.deviation.threshold = 300 (default)
2020-06-06 05:16:03,518 [pool-99-thread-1] INFO  server.RaftServerConfigKeys (ConfUtils.java:logGet(44)) - raft.server.log.appender.install.snapshot.enabled = false (custom)
2020-06-06 05:16:03,518 [pool-99-thread-1] INFO  impl.RaftServerImpl (ServerState.java:<init>(103)) - 6b1e40fd-b271-4671-bc2e-69bde6106f78@group-8814426F656B: ConfigurationManager, init=-1: [16c5f78f-17e9-4ae3-8c1c-bc00fdbfe39b:172.17.0.2:33655, 6b1e40fd-b271-4671-bc2e-69bde6106f78:172.17.0.2:40049, 1a49a296-5844-4022-b55f-cb040720ebd9:172.17.0.2:44811], old=null, confs=<EMPTY_MAP>
2020-06-06 05:16:03,519 [pool-99-thread-1] INFO  server.RaftServerConfigKeys (ConfUtils.java:logGet(44)) - raft.server.storage.dir = [/github/workspace/mnt/ozone/hadoop-ozone/integration-test/target/test-dir/MiniOzoneClusterImpl-e9c98d0f-e324-43f2-aa41-70e4df10ec43/datanode-4/data/ratis] (custom)
2020-06-06 05:16:03,519 [pool-99-thread-1] INFO  server.RaftServerConfigKeys (ConfUtils.java:logGet(44)) - raft.server.log.corruption.policy = EXCEPTION (default)
2020-06-06 05:16:03,519 [pool-99-thread-1] INFO  storage.RaftStorageDirectory (RaftStorageDirectory.java:analyzeStorage(261)) - The storage directory /github/workspace/mnt/ozone/hadoop-ozone/integration-test/target/test-dir/MiniOzoneClusterImpl-e9c98d0f-e324-43f2-aa41-70e4df10ec43/datanode-4/data/ratis/a6a197c9-983a-457b-80f0-8814426f656b does not exist. Creating ...
2020-06-06 05:16:03,520 [pool-99-thread-1] INFO  storage.RaftStorageDirectory (RaftStorageDirectory.java:tryLock(343)) - Lock on /github/workspace/mnt/ozone/hadoop-ozone/integration-test/target/test-dir/MiniOzoneClusterImpl-e9c98d0f-e324-43f2-aa41-70e4df10ec43/datanode-4/data/ratis/a6a197c9-983a-457b-80f0-8814426f656b/in_use.lock acquired by nodename 3879@04ab1dbc0cb6
2020-06-06 05:16:03,521 [pool-99-thread-1] INFO  storage.RaftStorage (RaftStorage.java:format(84)) - Storage directory /github/workspace/mnt/ozone/hadoop-ozone/integration-test/target/test-dir/MiniOzoneClusterImpl-e9c98d0f-e324-43f2-aa41-70e4df10ec43/datanode-4/data/ratis/a6a197c9-983a-457b-80f0-8814426f656b has been successfully formatted.
2020-06-06 05:16:03,529 [pool-99-thread-1] INFO  ratis.ContainerStateMachine (ContainerStateMachine.java:loadSnapshot(226)) - group-8814426F656B: The snapshot info is null. Setting the last applied indexto:(t:0, i:~)
2020-06-06 05:16:03,530 [pool-99-thread-1] INFO  server.RaftServerConfigKeys (ConfUtils.java:logGet(44)) - raft.server.notification.no-leader.timeout = 60s (default)
2020-06-06 05:16:03,530 [pool-99-thread-1] INFO  server.RaftServerConfigKeys (ConfUtils.java:logGet(44)) - raft.server.log.use.memory = false (default)
2020-06-06 05:16:03,530 [pool-99-thread-1] INFO  server.RaftServerConfigKeys (ConfUtils.java:logGet(44)) - raft.server.log.purge.gap = 1000000 (custom)
2020-06-06 05:16:03,530 [pool-99-thread-1] INFO  server.RaftServerConfigKeys (ConfUtils.java:logGet(44)) - raft.server.log.appender.buffer.byte-limit = 33554432 (custom)
2020-06-06 05:16:03,530 [pool-99-thread-1] INFO  server.RaftServerConfigKeys (ConfUtils.java:logGet(44)) - raft.server.log.segment.size.max = 1048576 (custom)
2020-06-06 05:16:03,530 [pool-99-thread-1] INFO  server.RaftServerConfigKeys (ConfUtils.java:logGet(44)) - raft.server.log.segment.cache.num.max = 2 (custom)
2020-06-06 05:16:03,530 [pool-99-thread-1] INFO  segmented.SegmentedRaftLogWorker (SegmentedRaftLogWorker.java:<init>(176)) - new 6b1e40fd-b271-4671-bc2e-69bde6106f78@group-8814426F656B-SegmentedRaftLogWorker for RaftStorage:Storage Directory /github/workspace/mnt/ozone/hadoop-ozone/integration-test/target/test-dir/MiniOzoneClusterImpl-e9c98d0f-e324-43f2-aa41-70e4df10ec43/datanode-4/data/ratis/a6a197c9-983a-457b-80f0-8814426f656b
2020-06-06 05:16:03,531 [pool-99-thread-1] INFO  server.RaftServerConfigKeys (ConfUtils.java:logGet(44)) - raft.server.log.queue.byte-limit = 2147483647 (custom)
2020-06-06 05:16:03,531 [pool-99-thread-1] INFO  server.RaftServerConfigKeys (ConfUtils.java:logGet(44)) - raft.server.log.queue.element-limit = 1024 (custom)
2020-06-06 05:16:03,531 [pool-99-thread-1] INFO  server.RaftServerConfigKeys (ConfUtils.java:logGet(44)) - raft.server.log.segment.size.max = 1048576 (custom)
2020-06-06 05:16:03,531 [pool-99-thread-1] INFO  server.RaftServerConfigKeys (ConfUtils.java:logGet(44)) - raft.server.log.preallocated.size = 16384 (custom)
2020-06-06 05:16:03,531 [pool-99-thread-1] INFO  server.RaftServerConfigKeys (ConfUtils.java:logGet(44)) - raft.server.log.write.buffer.size = 1048576 (custom)
2020-06-06 05:16:03,531 [pool-99-thread-1] INFO  server.RaftServerConfigKeys (ConfUtils.java:logGet(44)) - raft.server.log.force.sync.num = 128 (default)
2020-06-06 05:16:03,531 [pool-99-thread-1] INFO  server.RaftServerConfigKeys (ConfUtils.java:logGet(44)) - raft.server.log.statemachine.data.sync = true (default)
2020-06-06 05:16:03,531 [pool-99-thread-1] INFO  server.RaftServerConfigKeys (ConfUtils.java:logGet(44)) - raft.server.log.statemachine.data.sync.timeout = 10s (default)
2020-06-06 05:16:03,531 [pool-99-thread-1] INFO  server.RaftServerConfigKeys (ConfUtils.java:logGet(44)) - raft.server.log.statemachine.data.sync.timeout.retry = -1 (default)
2020-06-06 05:16:03,532 [pool-99-thread-1] INFO  server.RaftServerConfigKeys (ConfUtils.java:logGet(44)) - raft.server.log.statemachine.data.caching.enabled = true (custom)
2020-06-06 05:16:03,532 [pool-99-thread-1] INFO  segmented.SegmentedRaftLogWorker (SegmentedRaftLogWorker.java:lambda$new$0(129)) - 6b1e40fd-b271-4671-bc2e-69bde6106f78@group-8814426F656B-SegmentedRaftLogWorker: flushIndex: setUnconditionally 0 -> -1
2020-06-06 05:16:03,538 [pool-99-thread-1] INFO  server.RaftServerConfigKeys (ConfUtils.java:logGet(44)) - raft.server.snapshot.auto.trigger.enabled = true (custom)
2020-06-06 05:16:03,538 [pool-99-thread-1] INFO  server.RaftServerConfigKeys (ConfUtils.java:logGet(44)) - raft.server.snapshot.auto.trigger.threshold = 10000 (custom)
2020-06-06 05:16:03,538 [pool-99-thread-1] INFO  server.RaftServerConfigKeys (ConfUtils.java:logGet(44)) - raft.server.snapshot.retention.file.num = 5 (custom)
2020-06-06 05:16:03,538 [pool-99-thread-1] INFO  server.RaftServerConfigKeys (ConfUtils.java:logGet(44)) - raft.server.log.purge.upto.snapshot.index = false (default)
2020-06-06 05:16:03,538 [pool-99-thread-1] INFO  server.RaftServerConfigKeys (ConfUtils.java:logGet(44)) - raft.server.retrycache.expirytime = 600000ms (custom)
2020-06-06 05:16:03,538 [pool-99-thread-1] INFO  metrics.RatisMetrics (RatisMetrics.java:lambda$create$0(39)) - Creating Metrics Registry : ratis.leader_election.6b1e40fd-b271-4671-bc2e-69bde6106f78@group-8814426F656B
2020-06-06 05:16:03,549 [pool-99-thread-1] INFO  metrics.RatisMetrics (RatisMetrics.java:lambda$create$0(39)) - Creating Metrics Registry : ratis.server.6b1e40fd-b271-4671-bc2e-69bde6106f78@group-8814426F656B
2020-06-06 05:16:03,549 [pool-99-thread-1] INFO  impl.RaftServerImpl (RaftServerImpl.java:start(184)) - 6b1e40fd-b271-4671-bc2e-69bde6106f78@group-8814426F656B: start as a follower, conf=-1: [16c5f78f-17e9-4ae3-8c1c-bc00fdbfe39b:172.17.0.2:33655, 6b1e40fd-b271-4671-bc2e-69bde6106f78:172.17.0.2:40049, 1a49a296-5844-4022-b55f-cb040720ebd9:172.17.0.2:44811], old=null
2020-06-06 05:16:03,549 [pool-99-thread-1] INFO  impl.RaftServerImpl (RaftServerImpl.java:setRole(173)) - 6b1e40fd-b271-4671-bc2e-69bde6106f78@group-8814426F656B: changes role from      null to FOLLOWER at term 0 for startAsFollower
2020-06-06 05:16:03,549 [pool-99-thread-1] INFO  impl.RoleInfo (RoleInfo.java:updateAndGet(143)) - 6b1e40fd-b271-4671-bc2e-69bde6106f78: start FollowerState
2020-06-06 05:16:03,554 [pool-99-thread-1] INFO  util.JmxRegister (JmxRegister.java:tryRegister(44)) - Successfully registered JMX Bean with object name Ratis:service=RaftServer,group=group-8814426F656B,id=6b1e40fd-b271-4671-bc2e-69bde6106f78
2020-06-06 05:16:03,554 [pool-99-thread-1] INFO  metrics.RatisMetrics (RatisMetrics.java:lambda$create$0(39)) - Creating Metrics Registry : ratis.state_machine.6b1e40fd-b271-4671-bc2e-69bde6106f78@group-8814426F656B
2020-06-06 05:16:03,572 [Command processor thread] INFO  impl.RaftServerProxy (RaftServerProxy.java:addNew(89)) - 16c5f78f-17e9-4ae3-8c1c-bc00fdbfe39b: addNew group-3B982E576506:[16c5f78f-17e9-4ae3-8c1c-bc00fdbfe39b:172.17.0.2:33655] returns group-3B982E576506:java.util.concurrent.CompletableFuture@65ac6f8b[Not completed]
2020-06-06 05:16:03,574 [pool-115-thread-1] INFO  impl.RaftServerImpl (RaftServerImpl.java:<init>(98)) - 16c5f78f-17e9-4ae3-8c1c-bc00fdbfe39b: new RaftServerImpl for group-3B982E576506:[16c5f78f-17e9-4ae3-8c1c-bc00fdbfe39b:172.17.0.2:33655] with ContainerStateMachine:uninitialized
2020-06-06 05:16:03,590 [pool-115-thread-1] INFO  server.RaftServerConfigKeys (ConfUtils.java:logGet(44)) - raft.server.rpc.timeout.min = 1s (custom)
2020-06-06 05:16:03,590 [pool-115-thread-1] INFO  server.RaftServerConfigKeys (ConfUtils.java:logGet(44)) - raft.server.rpc.timeout.max = 1200ms (custom)
2020-06-06 05:16:03,590 [pool-115-thread-1] INFO  server.RaftServerConfigKeys (ConfUtils.java:logGet(44)) - raft.server.rpcslowness.timeout = 300s (custom)
2020-06-06 05:16:03,590 [pool-115-thread-1] INFO  server.RaftServerConfigKeys (ConfUtils.java:logGet(44)) - raft.server.sleep.deviation.threshold = 300 (default)
2020-06-06 05:16:03,590 [pool-115-thread-1] INFO  server.RaftServerConfigKeys (ConfUtils.java:logGet(44)) - raft.server.log.appender.install.snapshot.enabled = false (custom)
2020-06-06 05:16:03,590 [pool-115-thread-1] INFO  impl.RaftServerImpl (ServerState.java:<init>(103)) - 16c5f78f-17e9-4ae3-8c1c-bc00fdbfe39b@group-3B982E576506: ConfigurationManager, init=-1: [16c5f78f-17e9-4ae3-8c1c-bc00fdbfe39b:172.17.0.2:33655], old=null, confs=<EMPTY_MAP>
2020-06-06 05:16:03,590 [pool-115-thread-1] INFO  server.RaftServerConfigKeys (ConfUtils.java:logGet(44)) - raft.server.storage.dir = [/github/workspace/mnt/ozone/hadoop-ozone/integration-test/target/test-dir/MiniOzoneClusterImpl-e9c98d0f-e324-43f2-aa41-70e4df10ec43/datanode-5/data/ratis] (custom)
2020-06-06 05:16:03,590 [pool-115-thread-1] INFO  server.RaftServerConfigKeys (ConfUtils.java:logGet(44)) - raft.server.log.corruption.policy = EXCEPTION (default)
2020-06-06 05:16:03,590 [pool-115-thread-1] INFO  storage.RaftStorageDirectory (RaftStorageDirectory.java:analyzeStorage(261)) - The storage directory /github/workspace/mnt/ozone/hadoop-ozone/integration-test/target/test-dir/MiniOzoneClusterImpl-e9c98d0f-e324-43f2-aa41-70e4df10ec43/datanode-5/data/ratis/e94470a1-f56c-419a-97da-3b982e576506 does not exist. Creating ...
2020-06-06 05:16:03,591 [pool-115-thread-1] INFO  storage.RaftStorageDirectory (RaftStorageDirectory.java:tryLock(343)) - Lock on /github/workspace/mnt/ozone/hadoop-ozone/integration-test/target/test-dir/MiniOzoneClusterImpl-e9c98d0f-e324-43f2-aa41-70e4df10ec43/datanode-5/data/ratis/e94470a1-f56c-419a-97da-3b982e576506/in_use.lock acquired by nodename 3879@04ab1dbc0cb6
2020-06-06 05:16:03,593 [pool-115-thread-1] INFO  storage.RaftStorage (RaftStorage.java:format(84)) - Storage directory /github/workspace/mnt/ozone/hadoop-ozone/integration-test/target/test-dir/MiniOzoneClusterImpl-e9c98d0f-e324-43f2-aa41-70e4df10ec43/datanode-5/data/ratis/e94470a1-f56c-419a-97da-3b982e576506 has been successfully formatted.
2020-06-06 05:16:03,609 [Command processor thread] INFO  impl.RaftServerProxy (RaftServerProxy.java:addNew(89)) - 511a318d-fbb5-4d0b-a0f0-9021d224a603: addNew group-613CF55C7BB1:[511a318d-fbb5-4d0b-a0f0-9021d224a603:172.17.0.2:39567] returns group-613CF55C7BB1:java.util.concurrent.CompletableFuture@60fb8d8[Not completed]
2020-06-06 05:16:03,610 [pool-115-thread-1] INFO  ratis.ContainerStateMachine (ContainerStateMachine.java:loadSnapshot(226)) - group-3B982E576506: The snapshot info is null. Setting the last applied indexto:(t:0, i:~)
2020-06-06 05:16:03,610 [pool-115-thread-1] INFO  server.RaftServerConfigKeys (ConfUtils.java:logGet(44)) - raft.server.notification.no-leader.timeout = 60s (default)
2020-06-06 05:16:03,610 [pool-115-thread-1] INFO  server.RaftServerConfigKeys (ConfUtils.java:logGet(44)) - raft.server.log.use.memory = false (default)
2020-06-06 05:16:03,610 [pool-115-thread-1] INFO  server.RaftServerConfigKeys (ConfUtils.java:logGet(44)) - raft.server.log.purge.gap = 1000000 (custom)
2020-06-06 05:16:03,610 [pool-115-thread-1] INFO  server.RaftServerConfigKeys (ConfUtils.java:logGet(44)) - raft.server.log.appender.buffer.byte-limit = 33554432 (custom)
2020-06-06 05:16:03,611 [pool-115-thread-1] INFO  server.RaftServerConfigKeys (ConfUtils.java:logGet(44)) - raft.server.log.segment.size.max = 1048576 (custom)
2020-06-06 05:16:03,611 [pool-115-thread-1] INFO  metrics.RatisMetrics (RatisMetrics.java:lambda$create$0(39)) - Creating Metrics Registry : ratis.log_worker.16c5f78f-17e9-4ae3-8c1c-bc00fdbfe39b
2020-06-06 05:16:03,611 [pool-115-thread-1] INFO  server.RaftServerConfigKeys (ConfUtils.java:logGet(44)) - raft.server.log.segment.cache.num.max = 2 (custom)
2020-06-06 05:16:03,611 [pool-115-thread-1] INFO  segmented.SegmentedRaftLogWorker (SegmentedRaftLogWorker.java:<init>(176)) - new 16c5f78f-17e9-4ae3-8c1c-bc00fdbfe39b@group-3B982E576506-SegmentedRaftLogWorker for RaftStorage:Storage Directory /github/workspace/mnt/ozone/hadoop-ozone/integration-test/target/test-dir/MiniOzoneClusterImpl-e9c98d0f-e324-43f2-aa41-70e4df10ec43/datanode-5/data/ratis/e94470a1-f56c-419a-97da-3b982e576506
2020-06-06 05:16:03,611 [pool-115-thread-1] INFO  server.RaftServerConfigKeys (ConfUtils.java:logGet(44)) - raft.server.log.queue.byte-limit = 2147483647 (custom)
2020-06-06 05:16:03,611 [pool-115-thread-1] INFO  server.RaftServerConfigKeys (ConfUtils.java:logGet(44)) - raft.server.log.queue.element-limit = 1024 (custom)
2020-06-06 05:16:03,611 [pool-115-thread-1] INFO  server.RaftServerConfigKeys (ConfUtils.java:logGet(44)) - raft.server.log.segment.size.max = 1048576 (custom)
2020-06-06 05:16:03,611 [pool-115-thread-1] INFO  server.RaftServerConfigKeys (ConfUtils.java:logGet(44)) - raft.server.log.preallocated.size = 16384 (custom)
2020-06-06 05:16:03,611 [pool-115-thread-1] INFO  server.RaftServerConfigKeys (ConfUtils.java:logGet(44)) - raft.server.log.write.buffer.size = 1048576 (custom)
2020-06-06 05:16:03,611 [pool-115-thread-1] INFO  server.RaftServerConfigKeys (ConfUtils.java:logGet(44)) - raft.server.log.force.sync.num = 128 (default)
2020-06-06 05:16:03,611 [pool-115-thread-1] INFO  server.RaftServerConfigKeys (ConfUtils.java:logGet(44)) - raft.server.log.statemachine.data.sync = true (default)
2020-06-06 05:16:03,611 [pool-115-thread-1] INFO  server.RaftServerConfigKeys (ConfUtils.java:logGet(44)) - raft.server.log.statemachine.data.sync.timeout = 10s (default)
2020-06-06 05:16:03,611 [pool-115-thread-1] INFO  server.RaftServerConfigKeys (ConfUtils.java:logGet(44)) - raft.server.log.statemachine.data.sync.timeout.retry = -1 (default)
2020-06-06 05:16:03,614 [pool-115-thread-1] INFO  server.RaftServerConfigKeys (ConfUtils.java:logGet(44)) - raft.server.log.statemachine.data.caching.enabled = true (custom)
2020-06-06 05:16:03,614 [pool-115-thread-1] INFO  segmented.SegmentedRaftLogWorker (SegmentedRaftLogWorker.java:lambda$new$0(129)) - 16c5f78f-17e9-4ae3-8c1c-bc00fdbfe39b@group-3B982E576506-SegmentedRaftLogWorker: flushIndex: setUnconditionally 0 -> -1
2020-06-06 05:16:03,617 [pool-131-thread-1] INFO  impl.RaftServerImpl (RaftServerImpl.java:<init>(98)) - 511a318d-fbb5-4d0b-a0f0-9021d224a603: new RaftServerImpl for group-613CF55C7BB1:[511a318d-fbb5-4d0b-a0f0-9021d224a603:172.17.0.2:39567] with ContainerStateMachine:uninitialized
2020-06-06 05:16:03,617 [pool-115-thread-1] INFO  server.RaftServerConfigKeys (ConfUtils.java:logGet(44)) - raft.server.snapshot.auto.trigger.enabled = true (custom)
2020-06-06 05:16:03,617 [pool-115-thread-1] INFO  server.RaftServerConfigKeys (ConfUtils.java:logGet(44)) - raft.server.snapshot.auto.trigger.threshold = 10000 (custom)
2020-06-06 05:16:03,617 [pool-115-thread-1] INFO  server.RaftServerConfigKeys (ConfUtils.java:logGet(44)) - raft.server.snapshot.retention.file.num = 5 (custom)
2020-06-06 05:16:03,617 [pool-115-thread-1] INFO  server.RaftServerConfigKeys (ConfUtils.java:logGet(44)) - raft.server.log.purge.upto.snapshot.index = false (default)
2020-06-06 05:16:03,625 [EventQueue-PipelineReportForPipelineReportHandler] INFO  pipeline.PipelineStateManager (PipelineStateManager.java:openPipeline(131)) - Pipeline Pipeline[ Id: e94470a1-f56c-419a-97da-3b982e576506, Nodes: 16c5f78f-17e9-4ae3-8c1c-bc00fdbfe39b{ip: 172.17.0.2, host: 04ab1dbc0cb6, networkLocation: /rack1, certSerialId: null}, Type:RATIS, Factor:ONE, State:ALLOCATED, leaderId:16c5f78f-17e9-4ae3-8c1c-bc00fdbfe39b, CreationTimestamp2020-06-06T05:16:00.519Z] moved to OPEN state
2020-06-06 05:16:03,636 [pool-115-thread-1] INFO  server.RaftServerConfigKeys (ConfUtils.java:logGet(44)) - raft.server.retrycache.expirytime = 600000ms (custom)
2020-06-06 05:16:03,636 [EventQueue-OpenPipelineForOneReplicaPipelineSafeModeRule] INFO  safemode.SCMSafeModeManager (SCMSafeModeManager.java:validateSafeModeExitRules(213)) - AtleastOneDatanodeReportedRule rule is successfully validated
2020-06-06 05:16:03,636 [EventQueue-OpenPipelineForHealthyPipelineSafeModeRule] INFO  safemode.SCMSafeModeManager (HealthyPipelineSafeModeRule.java:process(132)) - SCM in safe mode. Healthy pipelines reported count is 0, required healthy pipeline reported count is 1
2020-06-06 05:16:03,636 [pool-115-thread-1] INFO  metrics.RatisMetrics (RatisMetrics.java:lambda$create$0(39)) - Creating Metrics Registry : ratis.leader_election.16c5f78f-17e9-4ae3-8c1c-bc00fdbfe39b@group-3B982E576506
2020-06-06 05:16:03,637 [pool-115-thread-1] INFO  metrics.RatisMetrics (RatisMetrics.java:lambda$create$0(39)) - Creating Metrics Registry : ratis.server.16c5f78f-17e9-4ae3-8c1c-bc00fdbfe39b@group-3B982E576506
2020-06-06 05:16:03,638 [pool-115-thread-1] INFO  impl.RaftServerImpl (RaftServerImpl.java:start(184)) - 16c5f78f-17e9-4ae3-8c1c-bc00fdbfe39b@group-3B982E576506: start as a follower, conf=-1: [16c5f78f-17e9-4ae3-8c1c-bc00fdbfe39b:172.17.0.2:33655], old=null
2020-06-06 05:16:03,638 [pool-115-thread-1] INFO  impl.RaftServerImpl (RaftServerImpl.java:setRole(173)) - 16c5f78f-17e9-4ae3-8c1c-bc00fdbfe39b@group-3B982E576506: changes role from      null to FOLLOWER at term 0 for startAsFollower
2020-06-06 05:16:03,638 [pool-115-thread-1] INFO  impl.RoleInfo (RoleInfo.java:updateAndGet(143)) - 16c5f78f-17e9-4ae3-8c1c-bc00fdbfe39b: start FollowerState
2020-06-06 05:16:03,638 [pool-131-thread-1] INFO  server.RaftServerConfigKeys (ConfUtils.java:logGet(44)) - raft.server.rpc.timeout.min = 1s (custom)
2020-06-06 05:16:03,638 [pool-131-thread-1] INFO  server.RaftServerConfigKeys (ConfUtils.java:logGet(44)) - raft.server.rpc.timeout.max = 1200ms (custom)
2020-06-06 05:16:03,638 [pool-131-thread-1] INFO  server.RaftServerConfigKeys (ConfUtils.java:logGet(44)) - raft.server.rpcslowness.timeout = 300s (custom)
2020-06-06 05:16:03,638 [pool-131-thread-1] INFO  server.RaftServerConfigKeys (ConfUtils.java:logGet(44)) - raft.server.sleep.deviation.threshold = 300 (default)
2020-06-06 05:16:03,638 [pool-131-thread-1] INFO  server.RaftServerConfigKeys (ConfUtils.java:logGet(44)) - raft.server.log.appender.install.snapshot.enabled = false (custom)
2020-06-06 05:16:03,639 [pool-131-thread-1] INFO  impl.RaftServerImpl (ServerState.java:<init>(103)) - 511a318d-fbb5-4d0b-a0f0-9021d224a603@group-613CF55C7BB1: ConfigurationManager, init=-1: [511a318d-fbb5-4d0b-a0f0-9021d224a603:172.17.0.2:39567], old=null, confs=<EMPTY_MAP>
2020-06-06 05:16:03,639 [pool-131-thread-1] INFO  server.RaftServerConfigKeys (ConfUtils.java:logGet(44)) - raft.server.storage.dir = [/github/workspace/mnt/ozone/hadoop-ozone/integration-test/target/test-dir/MiniOzoneClusterImpl-e9c98d0f-e324-43f2-aa41-70e4df10ec43/datanode-6/data/ratis] (custom)
2020-06-06 05:16:03,639 [pool-131-thread-1] INFO  server.RaftServerConfigKeys (ConfUtils.java:logGet(44)) - raft.server.log.corruption.policy = EXCEPTION (default)
2020-06-06 05:16:03,639 [pool-131-thread-1] INFO  storage.RaftStorageDirectory (RaftStorageDirectory.java:analyzeStorage(261)) - The storage directory /github/workspace/mnt/ozone/hadoop-ozone/integration-test/target/test-dir/MiniOzoneClusterImpl-e9c98d0f-e324-43f2-aa41-70e4df10ec43/datanode-6/data/ratis/7c3edca1-f15c-4e08-a491-613cf55c7bb1 does not exist. Creating ...
2020-06-06 05:16:03,641 [pool-131-thread-1] INFO  storage.RaftStorageDirectory (RaftStorageDirectory.java:tryLock(343)) - Lock on /github/workspace/mnt/ozone/hadoop-ozone/integration-test/target/test-dir/MiniOzoneClusterImpl-e9c98d0f-e324-43f2-aa41-70e4df10ec43/datanode-6/data/ratis/7c3edca1-f15c-4e08-a491-613cf55c7bb1/in_use.lock acquired by nodename 3879@04ab1dbc0cb6
2020-06-06 05:16:03,642 [pool-131-thread-1] INFO  storage.RaftStorage (RaftStorage.java:format(84)) - Storage directory /github/workspace/mnt/ozone/hadoop-ozone/integration-test/target/test-dir/MiniOzoneClusterImpl-e9c98d0f-e324-43f2-aa41-70e4df10ec43/datanode-6/data/ratis/7c3edca1-f15c-4e08-a491-613cf55c7bb1 has been successfully formatted.
2020-06-06 05:16:03,644 [pool-115-thread-1] INFO  util.JmxRegister (JmxRegister.java:tryRegister(44)) - Successfully registered JMX Bean with object name Ratis:service=RaftServer,group=group-3B982E576506,id=16c5f78f-17e9-4ae3-8c1c-bc00fdbfe39b
2020-06-06 05:16:03,644 [pool-115-thread-1] INFO  metrics.RatisMetrics (RatisMetrics.java:lambda$create$0(39)) - Creating Metrics Registry : ratis.state_machine.16c5f78f-17e9-4ae3-8c1c-bc00fdbfe39b@group-3B982E576506
2020-06-06 05:16:03,648 [Command processor thread] INFO  commandhandler.CreatePipelineCommandHandler (CreatePipelineCommandHandler.java:handle(109)) - Created Pipeline RATIS ONE #id: "e94470a1-f56c-419a-97da-3b982e576506"
.
2020-06-06 05:16:03,649 [Command processor thread] INFO  impl.RaftServerProxy (RaftServerProxy.java:addNew(89)) - 16c5f78f-17e9-4ae3-8c1c-bc00fdbfe39b: addNew group-8814426F656B:[16c5f78f-17e9-4ae3-8c1c-bc00fdbfe39b:172.17.0.2:33655, 6b1e40fd-b271-4671-bc2e-69bde6106f78:172.17.0.2:40049, 1a49a296-5844-4022-b55f-cb040720ebd9:172.17.0.2:44811] returns group-8814426F656B:java.util.concurrent.CompletableFuture@6193e7e6[Not completed]
2020-06-06 05:16:03,650 [pool-115-thread-1] INFO  impl.RaftServerImpl (RaftServerImpl.java:<init>(98)) - 16c5f78f-17e9-4ae3-8c1c-bc00fdbfe39b: new RaftServerImpl for group-8814426F656B:[16c5f78f-17e9-4ae3-8c1c-bc00fdbfe39b:172.17.0.2:33655, 6b1e40fd-b271-4671-bc2e-69bde6106f78:172.17.0.2:40049, 1a49a296-5844-4022-b55f-cb040720ebd9:172.17.0.2:44811] with ContainerStateMachine:uninitialized
2020-06-06 05:16:03,651 [pool-115-thread-1] INFO  server.RaftServerConfigKeys (ConfUtils.java:logGet(44)) - raft.server.rpc.timeout.min = 1s (custom)
2020-06-06 05:16:03,651 [pool-115-thread-1] INFO  server.RaftServerConfigKeys (ConfUtils.java:logGet(44)) - raft.server.rpc.timeout.max = 1200ms (custom)
2020-06-06 05:16:03,651 [pool-115-thread-1] INFO  server.RaftServerConfigKeys (ConfUtils.java:logGet(44)) - raft.server.rpcslowness.timeout = 300s (custom)
2020-06-06 05:16:03,652 [pool-115-thread-1] INFO  server.RaftServerConfigKeys (ConfUtils.java:logGet(44)) - raft.server.sleep.deviation.threshold = 300 (default)
2020-06-06 05:16:03,652 [pool-115-thread-1] INFO  server.RaftServerConfigKeys (ConfUtils.java:logGet(44)) - raft.server.log.appender.install.snapshot.enabled = false (custom)
2020-06-06 05:16:03,652 [pool-115-thread-1] INFO  impl.RaftServerImpl (ServerState.java:<init>(103)) - 16c5f78f-17e9-4ae3-8c1c-bc00fdbfe39b@group-8814426F656B: ConfigurationManager, init=-1: [16c5f78f-17e9-4ae3-8c1c-bc00fdbfe39b:172.17.0.2:33655, 6b1e40fd-b271-4671-bc2e-69bde6106f78:172.17.0.2:40049, 1a49a296-5844-4022-b55f-cb040720ebd9:172.17.0.2:44811], old=null, confs=<EMPTY_MAP>
2020-06-06 05:16:03,652 [pool-115-thread-1] INFO  server.RaftServerConfigKeys (ConfUtils.java:logGet(44)) - raft.server.storage.dir = [/github/workspace/mnt/ozone/hadoop-ozone/integration-test/target/test-dir/MiniOzoneClusterImpl-e9c98d0f-e324-43f2-aa41-70e4df10ec43/datanode-5/data/ratis] (custom)
2020-06-06 05:16:03,652 [pool-115-thread-1] INFO  server.RaftServerConfigKeys (ConfUtils.java:logGet(44)) - raft.server.log.corruption.policy = EXCEPTION (default)
2020-06-06 05:16:03,652 [pool-115-thread-1] INFO  storage.RaftStorageDirectory (RaftStorageDirectory.java:analyzeStorage(261)) - The storage directory /github/workspace/mnt/ozone/hadoop-ozone/integration-test/target/test-dir/MiniOzoneClusterImpl-e9c98d0f-e324-43f2-aa41-70e4df10ec43/datanode-5/data/ratis/a6a197c9-983a-457b-80f0-8814426f656b does not exist. Creating ...
2020-06-06 05:16:03,654 [pool-115-thread-1] INFO  storage.RaftStorageDirectory (RaftStorageDirectory.java:tryLock(343)) - Lock on /github/workspace/mnt/ozone/hadoop-ozone/integration-test/target/test-dir/MiniOzoneClusterImpl-e9c98d0f-e324-43f2-aa41-70e4df10ec43/datanode-5/data/ratis/a6a197c9-983a-457b-80f0-8814426f656b/in_use.lock acquired by nodename 3879@04ab1dbc0cb6
2020-06-06 05:16:03,655 [pool-131-thread-1] INFO  ratis.ContainerStateMachine (ContainerStateMachine.java:loadSnapshot(226)) - group-613CF55C7BB1: The snapshot info is null. Setting the last applied indexto:(t:0, i:~)
2020-06-06 05:16:03,656 [pool-131-thread-1] INFO  server.RaftServerConfigKeys (ConfUtils.java:logGet(44)) - raft.server.notification.no-leader.timeout = 60s (default)
2020-06-06 05:16:03,656 [pool-131-thread-1] INFO  server.RaftServerConfigKeys (ConfUtils.java:logGet(44)) - raft.server.log.use.memory = false (default)
2020-06-06 05:16:03,656 [pool-131-thread-1] INFO  server.RaftServerConfigKeys (ConfUtils.java:logGet(44)) - raft.server.log.purge.gap = 1000000 (custom)
2020-06-06 05:16:03,656 [pool-131-thread-1] INFO  server.RaftServerConfigKeys (ConfUtils.java:logGet(44)) - raft.server.log.appender.buffer.byte-limit = 33554432 (custom)
2020-06-06 05:16:03,656 [EventQueue-PipelineReportForPipelineReportHandler] INFO  pipeline.PipelineStateManager (PipelineStateManager.java:openPipeline(131)) - Pipeline Pipeline[ Id: 7c3edca1-f15c-4e08-a491-613cf55c7bb1, Nodes: 511a318d-fbb5-4d0b-a0f0-9021d224a603{ip: 172.17.0.2, host: 04ab1dbc0cb6, networkLocation: /rack1, certSerialId: null}, Type:RATIS, Factor:ONE, State:ALLOCATED, leaderId:511a318d-fbb5-4d0b-a0f0-9021d224a603, CreationTimestamp2020-06-06T05:16:00.593Z] moved to OPEN state
2020-06-06 05:16:03,656 [pool-131-thread-1] INFO  server.RaftServerConfigKeys (ConfUtils.java:logGet(44)) - raft.server.log.segment.size.max = 1048576 (custom)
2020-06-06 05:16:03,656 [EventQueue-OpenPipelineForOneReplicaPipelineSafeModeRule] INFO  safemode.SCMSafeModeManager (SCMSafeModeManager.java:validateSafeModeExitRules(213)) - AtleastOneDatanodeReportedRule rule is successfully validated
2020-06-06 05:16:03,656 [EventQueue-OpenPipelineForHealthyPipelineSafeModeRule] INFO  safemode.SCMSafeModeManager (HealthyPipelineSafeModeRule.java:process(132)) - SCM in safe mode. Healthy pipelines reported count is 0, required healthy pipeline reported count is 1
2020-06-06 05:16:03,656 [pool-131-thread-1] INFO  metrics.RatisMetrics (RatisMetrics.java:lambda$create$0(39)) - Creating Metrics Registry : ratis.log_worker.511a318d-fbb5-4d0b-a0f0-9021d224a603
2020-06-06 05:16:03,657 [pool-131-thread-1] INFO  server.RaftServerConfigKeys (ConfUtils.java:logGet(44)) - raft.server.log.segment.cache.num.max = 2 (custom)
2020-06-06 05:16:03,657 [pool-131-thread-1] INFO  segmented.SegmentedRaftLogWorker (SegmentedRaftLogWorker.java:<init>(176)) - new 511a318d-fbb5-4d0b-a0f0-9021d224a603@group-613CF55C7BB1-SegmentedRaftLogWorker for RaftStorage:Storage Directory /github/workspace/mnt/ozone/hadoop-ozone/integration-test/target/test-dir/MiniOzoneClusterImpl-e9c98d0f-e324-43f2-aa41-70e4df10ec43/datanode-6/data/ratis/7c3edca1-f15c-4e08-a491-613cf55c7bb1
2020-06-06 05:16:03,657 [pool-131-thread-1] INFO  server.RaftServerConfigKeys (ConfUtils.java:logGet(44)) - raft.server.log.queue.byte-limit = 2147483647 (custom)
2020-06-06 05:16:03,657 [pool-131-thread-1] INFO  server.RaftServerConfigKeys (ConfUtils.java:logGet(44)) - raft.server.log.queue.element-limit = 1024 (custom)
2020-06-06 05:16:03,658 [pool-131-thread-1] INFO  server.RaftServerConfigKeys (ConfUtils.java:logGet(44)) - raft.server.log.segment.size.max = 1048576 (custom)
2020-06-06 05:16:03,658 [pool-131-thread-1] INFO  server.RaftServerConfigKeys (ConfUtils.java:logGet(44)) - raft.server.log.preallocated.size = 16384 (custom)
2020-06-06 05:16:03,658 [pool-131-thread-1] INFO  server.RaftServerConfigKeys (ConfUtils.java:logGet(44)) - raft.server.log.write.buffer.size = 1048576 (custom)
2020-06-06 05:16:03,658 [pool-131-thread-1] INFO  server.RaftServerConfigKeys (ConfUtils.java:logGet(44)) - raft.server.log.force.sync.num = 128 (default)
2020-06-06 05:16:03,658 [pool-131-thread-1] INFO  server.RaftServerConfigKeys (ConfUtils.java:logGet(44)) - raft.server.log.statemachine.data.sync = true (default)
2020-06-06 05:16:03,658 [pool-131-thread-1] INFO  server.RaftServerConfigKeys (ConfUtils.java:logGet(44)) - raft.server.log.statemachine.data.sync.timeout = 10s (default)
2020-06-06 05:16:03,659 [pool-131-thread-1] INFO  server.RaftServerConfigKeys (ConfUtils.java:logGet(44)) - raft.server.log.statemachine.data.sync.timeout.retry = -1 (default)
2020-06-06 05:16:03,660 [pool-131-thread-1] INFO  server.RaftServerConfigKeys (ConfUtils.java:logGet(44)) - raft.server.log.statemachine.data.caching.enabled = true (custom)
2020-06-06 05:16:03,657 [pool-115-thread-1] INFO  storage.RaftStorage (RaftStorage.java:format(84)) - Storage directory /github/workspace/mnt/ozone/hadoop-ozone/integration-test/target/test-dir/MiniOzoneClusterImpl-e9c98d0f-e324-43f2-aa41-70e4df10ec43/datanode-5/data/ratis/a6a197c9-983a-457b-80f0-8814426f656b has been successfully formatted.
2020-06-06 05:16:03,661 [pool-115-thread-1] INFO  ratis.ContainerStateMachine (ContainerStateMachine.java:loadSnapshot(226)) - group-8814426F656B: The snapshot info is null. Setting the last applied indexto:(t:0, i:~)
2020-06-06 05:16:03,662 [pool-115-thread-1] INFO  server.RaftServerConfigKeys (ConfUtils.java:logGet(44)) - raft.server.notification.no-leader.timeout = 60s (default)
2020-06-06 05:16:03,662 [pool-115-thread-1] INFO  server.RaftServerConfigKeys (ConfUtils.java:logGet(44)) - raft.server.log.use.memory = false (default)
2020-06-06 05:16:03,662 [pool-115-thread-1] INFO  server.RaftServerConfigKeys (ConfUtils.java:logGet(44)) - raft.server.log.purge.gap = 1000000 (custom)
2020-06-06 05:16:03,662 [pool-115-thread-1] INFO  server.RaftServerConfigKeys (ConfUtils.java:logGet(44)) - raft.server.log.appender.buffer.byte-limit = 33554432 (custom)
2020-06-06 05:16:03,662 [pool-115-thread-1] INFO  server.RaftServerConfigKeys (ConfUtils.java:logGet(44)) - raft.server.log.segment.size.max = 1048576 (custom)
2020-06-06 05:16:03,663 [pool-115-thread-1] INFO  server.RaftServerConfigKeys (ConfUtils.java:logGet(44)) - raft.server.log.segment.cache.num.max = 2 (custom)
2020-06-06 05:16:03,663 [pool-115-thread-1] INFO  segmented.SegmentedRaftLogWorker (SegmentedRaftLogWorker.java:<init>(176)) - new 16c5f78f-17e9-4ae3-8c1c-bc00fdbfe39b@group-8814426F656B-SegmentedRaftLogWorker for RaftStorage:Storage Directory /github/workspace/mnt/ozone/hadoop-ozone/integration-test/target/test-dir/MiniOzoneClusterImpl-e9c98d0f-e324-43f2-aa41-70e4df10ec43/datanode-5/data/ratis/a6a197c9-983a-457b-80f0-8814426f656b
2020-06-06 05:16:03,663 [pool-115-thread-1] INFO  server.RaftServerConfigKeys (ConfUtils.java:logGet(44)) - raft.server.log.queue.byte-limit = 2147483647 (custom)
2020-06-06 05:16:03,663 [pool-115-thread-1] INFO  server.RaftServerConfigKeys (ConfUtils.java:logGet(44)) - raft.server.log.queue.element-limit = 1024 (custom)
2020-06-06 05:16:03,663 [pool-115-thread-1] INFO  server.RaftServerConfigKeys (ConfUtils.java:logGet(44)) - raft.server.log.segment.size.max = 1048576 (custom)
2020-06-06 05:16:03,663 [pool-115-thread-1] INFO  server.RaftServerConfigKeys (ConfUtils.java:logGet(44)) - raft.server.log.preallocated.size = 16384 (custom)
2020-06-06 05:16:03,663 [pool-115-thread-1] INFO  server.RaftServerConfigKeys (ConfUtils.java:logGet(44)) - raft.server.log.write.buffer.size = 1048576 (custom)
2020-06-06 05:16:03,663 [pool-115-thread-1] INFO  server.RaftServerConfigKeys (ConfUtils.java:logGet(44)) - raft.server.log.force.sync.num = 128 (default)
2020-06-06 05:16:03,663 [pool-115-thread-1] INFO  server.RaftServerConfigKeys (ConfUtils.java:logGet(44)) - raft.server.log.statemachine.data.sync = true (default)
2020-06-06 05:16:03,663 [pool-115-thread-1] INFO  server.RaftServerConfigKeys (ConfUtils.java:logGet(44)) - raft.server.log.statemachine.data.sync.timeout = 10s (default)
2020-06-06 05:16:03,663 [pool-115-thread-1] INFO  server.RaftServerConfigKeys (ConfUtils.java:logGet(44)) - raft.server.log.statemachine.data.sync.timeout.retry = -1 (default)
2020-06-06 05:16:03,664 [pool-115-thread-1] INFO  server.RaftServerConfigKeys (ConfUtils.java:logGet(44)) - raft.server.log.statemachine.data.caching.enabled = true (custom)
2020-06-06 05:16:03,666 [pool-115-thread-1] INFO  segmented.SegmentedRaftLogWorker (SegmentedRaftLogWorker.java:lambda$new$0(129)) - 16c5f78f-17e9-4ae3-8c1c-bc00fdbfe39b@group-8814426F656B-SegmentedRaftLogWorker: flushIndex: setUnconditionally 0 -> -1
2020-06-06 05:16:03,666 [pool-115-thread-1] INFO  server.RaftServerConfigKeys (ConfUtils.java:logGet(44)) - raft.server.snapshot.auto.trigger.enabled = true (custom)
2020-06-06 05:16:03,666 [pool-131-thread-1] INFO  segmented.SegmentedRaftLogWorker (SegmentedRaftLogWorker.java:lambda$new$0(129)) - 511a318d-fbb5-4d0b-a0f0-9021d224a603@group-613CF55C7BB1-SegmentedRaftLogWorker: flushIndex: setUnconditionally 0 -> -1
2020-06-06 05:16:03,666 [pool-115-thread-1] INFO  server.RaftServerConfigKeys (ConfUtils.java:logGet(44)) - raft.server.snapshot.auto.trigger.threshold = 10000 (custom)
2020-06-06 05:16:03,667 [pool-115-thread-1] INFO  server.RaftServerConfigKeys (ConfUtils.java:logGet(44)) - raft.server.snapshot.retention.file.num = 5 (custom)
2020-06-06 05:16:03,667 [pool-115-thread-1] INFO  server.RaftServerConfigKeys (ConfUtils.java:logGet(44)) - raft.server.log.purge.upto.snapshot.index = false (default)
2020-06-06 05:16:03,667 [pool-131-thread-1] INFO  server.RaftServerConfigKeys (ConfUtils.java:logGet(44)) - raft.server.snapshot.auto.trigger.enabled = true (custom)
2020-06-06 05:16:03,667 [pool-131-thread-1] INFO  server.RaftServerConfigKeys (ConfUtils.java:logGet(44)) - raft.server.snapshot.auto.trigger.threshold = 10000 (custom)
2020-06-06 05:16:03,667 [pool-131-thread-1] INFO  server.RaftServerConfigKeys (ConfUtils.java:logGet(44)) - raft.server.snapshot.retention.file.num = 5 (custom)
2020-06-06 05:16:03,667 [pool-131-thread-1] INFO  server.RaftServerConfigKeys (ConfUtils.java:logGet(44)) - raft.server.log.purge.upto.snapshot.index = false (default)
2020-06-06 05:16:03,667 [pool-131-thread-1] INFO  server.RaftServerConfigKeys (ConfUtils.java:logGet(44)) - raft.server.retrycache.expirytime = 600000ms (custom)
2020-06-06 05:16:03,667 [pool-131-thread-1] INFO  metrics.RatisMetrics (RatisMetrics.java:lambda$create$0(39)) - Creating Metrics Registry : ratis.leader_election.511a318d-fbb5-4d0b-a0f0-9021d224a603@group-613CF55C7BB1
2020-06-06 05:16:03,668 [pool-131-thread-1] INFO  metrics.RatisMetrics (RatisMetrics.java:lambda$create$0(39)) - Creating Metrics Registry : ratis.server.511a318d-fbb5-4d0b-a0f0-9021d224a603@group-613CF55C7BB1
2020-06-06 05:16:03,669 [pool-131-thread-1] INFO  impl.RaftServerImpl (RaftServerImpl.java:start(184)) - 511a318d-fbb5-4d0b-a0f0-9021d224a603@group-613CF55C7BB1: start as a follower, conf=-1: [511a318d-fbb5-4d0b-a0f0-9021d224a603:172.17.0.2:39567], old=null
2020-06-06 05:16:03,669 [pool-131-thread-1] INFO  impl.RaftServerImpl (RaftServerImpl.java:setRole(173)) - 511a318d-fbb5-4d0b-a0f0-9021d224a603@group-613CF55C7BB1: changes role from      null to FOLLOWER at term 0 for startAsFollower
2020-06-06 05:16:03,669 [pool-131-thread-1] INFO  impl.RoleInfo (RoleInfo.java:updateAndGet(143)) - 511a318d-fbb5-4d0b-a0f0-9021d224a603: start FollowerState
2020-06-06 05:16:03,667 [pool-115-thread-1] INFO  server.RaftServerConfigKeys (ConfUtils.java:logGet(44)) - raft.server.retrycache.expirytime = 600000ms (custom)
2020-06-06 05:16:03,671 [pool-115-thread-1] INFO  metrics.RatisMetrics (RatisMetrics.java:lambda$create$0(39)) - Creating Metrics Registry : ratis.leader_election.16c5f78f-17e9-4ae3-8c1c-bc00fdbfe39b@group-8814426F656B
2020-06-06 05:16:03,671 [pool-115-thread-1] INFO  metrics.RatisMetrics (RatisMetrics.java:lambda$create$0(39)) - Creating Metrics Registry : ratis.server.16c5f78f-17e9-4ae3-8c1c-bc00fdbfe39b@group-8814426F656B
2020-06-06 05:16:03,672 [pool-115-thread-1] INFO  impl.RaftServerImpl (RaftServerImpl.java:start(184)) - 16c5f78f-17e9-4ae3-8c1c-bc00fdbfe39b@group-8814426F656B: start as a follower, conf=-1: [16c5f78f-17e9-4ae3-8c1c-bc00fdbfe39b:172.17.0.2:33655, 6b1e40fd-b271-4671-bc2e-69bde6106f78:172.17.0.2:40049, 1a49a296-5844-4022-b55f-cb040720ebd9:172.17.0.2:44811], old=null
2020-06-06 05:16:03,672 [pool-115-thread-1] INFO  impl.RaftServerImpl (RaftServerImpl.java:setRole(173)) - 16c5f78f-17e9-4ae3-8c1c-bc00fdbfe39b@group-8814426F656B: changes role from      null to FOLLOWER at term 0 for startAsFollower
2020-06-06 05:16:03,672 [pool-131-thread-1] INFO  util.JmxRegister (JmxRegister.java:tryRegister(44)) - Successfully registered JMX Bean with object name Ratis:service=RaftServer,group=group-613CF55C7BB1,id=511a318d-fbb5-4d0b-a0f0-9021d224a603
2020-06-06 05:16:03,672 [pool-131-thread-1] INFO  metrics.RatisMetrics (RatisMetrics.java:lambda$create$0(39)) - Creating Metrics Registry : ratis.state_machine.511a318d-fbb5-4d0b-a0f0-9021d224a603@group-613CF55C7BB1
2020-06-06 05:16:03,676 [pool-115-thread-1] INFO  impl.RoleInfo (RoleInfo.java:updateAndGet(143)) - 16c5f78f-17e9-4ae3-8c1c-bc00fdbfe39b: start FollowerState
2020-06-06 05:16:03,677 [pool-115-thread-1] INFO  util.JmxRegister (JmxRegister.java:tryRegister(44)) - Successfully registered JMX Bean with object name Ratis:service=RaftServer,group=group-8814426F656B,id=16c5f78f-17e9-4ae3-8c1c-bc00fdbfe39b
2020-06-06 05:16:03,677 [pool-115-thread-1] INFO  metrics.RatisMetrics (RatisMetrics.java:lambda$create$0(39)) - Creating Metrics Registry : ratis.state_machine.16c5f78f-17e9-4ae3-8c1c-bc00fdbfe39b@group-8814426F656B
2020-06-06 05:16:03,693 [Command processor thread] INFO  commandhandler.CreatePipelineCommandHandler (CreatePipelineCommandHandler.java:handle(109)) - Created Pipeline RATIS ONE #id: "7c3edca1-f15c-4e08-a491-613cf55c7bb1"
.
2020-06-06 05:16:03,694 [Command processor thread] INFO  impl.RaftServerProxy (RaftServerProxy.java:addNew(89)) - 511a318d-fbb5-4d0b-a0f0-9021d224a603: addNew group-7F597F336E44:[511a318d-fbb5-4d0b-a0f0-9021d224a603:172.17.0.2:39567, 4748d6c1-a840-468c-97bc-f81124d46716:172.17.0.2:42783, c5a1e514-6f01-4466-ae6f-c9e2d9db90cf:172.17.0.2:43443] returns group-7F597F336E44:java.util.concurrent.CompletableFuture@2302cc1[Not completed]
2020-06-06 05:16:03,695 [pool-131-thread-1] INFO  impl.RaftServerImpl (RaftServerImpl.java:<init>(98)) - 511a318d-fbb5-4d0b-a0f0-9021d224a603: new RaftServerImpl for group-7F597F336E44:[511a318d-fbb5-4d0b-a0f0-9021d224a603:172.17.0.2:39567, 4748d6c1-a840-468c-97bc-f81124d46716:172.17.0.2:42783, c5a1e514-6f01-4466-ae6f-c9e2d9db90cf:172.17.0.2:43443] with ContainerStateMachine:uninitialized
2020-06-06 05:16:03,695 [pool-131-thread-1] INFO  server.RaftServerConfigKeys (ConfUtils.java:logGet(44)) - raft.server.rpc.timeout.min = 1s (custom)
2020-06-06 05:16:03,695 [pool-131-thread-1] INFO  server.RaftServerConfigKeys (ConfUtils.java:logGet(44)) - raft.server.rpc.timeout.max = 1200ms (custom)
2020-06-06 05:16:03,695 [pool-131-thread-1] INFO  server.RaftServerConfigKeys (ConfUtils.java:logGet(44)) - raft.server.rpcslowness.timeout = 300s (custom)
2020-06-06 05:16:03,695 [pool-131-thread-1] INFO  server.RaftServerConfigKeys (ConfUtils.java:logGet(44)) - raft.server.sleep.deviation.threshold = 300 (default)
2020-06-06 05:16:03,695 [pool-131-thread-1] INFO  server.RaftServerConfigKeys (ConfUtils.java:logGet(44)) - raft.server.log.appender.install.snapshot.enabled = false (custom)
2020-06-06 05:16:03,695 [pool-131-thread-1] INFO  impl.RaftServerImpl (ServerState.java:<init>(103)) - 511a318d-fbb5-4d0b-a0f0-9021d224a603@group-7F597F336E44: ConfigurationManager, init=-1: [511a318d-fbb5-4d0b-a0f0-9021d224a603:172.17.0.2:39567, 4748d6c1-a840-468c-97bc-f81124d46716:172.17.0.2:42783, c5a1e514-6f01-4466-ae6f-c9e2d9db90cf:172.17.0.2:43443], old=null, confs=<EMPTY_MAP>
2020-06-06 05:16:03,695 [pool-131-thread-1] INFO  server.RaftServerConfigKeys (ConfUtils.java:logGet(44)) - raft.server.storage.dir = [/github/workspace/mnt/ozone/hadoop-ozone/integration-test/target/test-dir/MiniOzoneClusterImpl-e9c98d0f-e324-43f2-aa41-70e4df10ec43/datanode-6/data/ratis] (custom)
2020-06-06 05:16:03,695 [pool-131-thread-1] INFO  server.RaftServerConfigKeys (ConfUtils.java:logGet(44)) - raft.server.log.corruption.policy = EXCEPTION (default)
2020-06-06 05:16:03,695 [pool-131-thread-1] INFO  storage.RaftStorageDirectory (RaftStorageDirectory.java:analyzeStorage(261)) - The storage directory /github/workspace/mnt/ozone/hadoop-ozone/integration-test/target/test-dir/MiniOzoneClusterImpl-e9c98d0f-e324-43f2-aa41-70e4df10ec43/datanode-6/data/ratis/d1fd64df-3c23-4618-9d89-7f597f336e44 does not exist. Creating ...
2020-06-06 05:16:03,696 [Command processor thread] INFO  impl.RaftServerProxy (RaftServerProxy.java:addNew(89)) - c5a1e514-6f01-4466-ae6f-c9e2d9db90cf: addNew group-077F859989A5:[c5a1e514-6f01-4466-ae6f-c9e2d9db90cf:172.17.0.2:43443] returns group-077F859989A5:java.util.concurrent.CompletableFuture@3bcedf8c[Not completed]
2020-06-06 05:16:03,699 [pool-131-thread-1] INFO  storage.RaftStorageDirectory (RaftStorageDirectory.java:tryLock(343)) - Lock on /github/workspace/mnt/ozone/hadoop-ozone/integration-test/target/test-dir/MiniOzoneClusterImpl-e9c98d0f-e324-43f2-aa41-70e4df10ec43/datanode-6/data/ratis/d1fd64df-3c23-4618-9d89-7f597f336e44/in_use.lock acquired by nodename 3879@04ab1dbc0cb6
2020-06-06 05:16:03,700 [pool-131-thread-1] INFO  storage.RaftStorage (RaftStorage.java:format(84)) - Storage directory /github/workspace/mnt/ozone/hadoop-ozone/integration-test/target/test-dir/MiniOzoneClusterImpl-e9c98d0f-e324-43f2-aa41-70e4df10ec43/datanode-6/data/ratis/d1fd64df-3c23-4618-9d89-7f597f336e44 has been successfully formatted.
2020-06-06 05:16:03,700 [pool-131-thread-1] INFO  ratis.ContainerStateMachine (ContainerStateMachine.java:loadSnapshot(226)) - group-7F597F336E44: The snapshot info is null. Setting the last applied indexto:(t:0, i:~)
2020-06-06 05:16:03,700 [pool-131-thread-1] INFO  server.RaftServerConfigKeys (ConfUtils.java:logGet(44)) - raft.server.notification.no-leader.timeout = 60s (default)
2020-06-06 05:16:03,700 [pool-131-thread-1] INFO  server.RaftServerConfigKeys (ConfUtils.java:logGet(44)) - raft.server.log.use.memory = false (default)
2020-06-06 05:16:03,700 [pool-131-thread-1] INFO  server.RaftServerConfigKeys (ConfUtils.java:logGet(44)) - raft.server.log.purge.gap = 1000000 (custom)
2020-06-06 05:16:03,700 [pool-131-thread-1] INFO  server.RaftServerConfigKeys (ConfUtils.java:logGet(44)) - raft.server.log.appender.buffer.byte-limit = 33554432 (custom)
2020-06-06 05:16:03,701 [pool-131-thread-1] INFO  server.RaftServerConfigKeys (ConfUtils.java:logGet(44)) - raft.server.log.segment.size.max = 1048576 (custom)
2020-06-06 05:16:03,701 [pool-131-thread-1] INFO  server.RaftServerConfigKeys (ConfUtils.java:logGet(44)) - raft.server.log.segment.cache.num.max = 2 (custom)
2020-06-06 05:16:03,701 [pool-131-thread-1] INFO  segmented.SegmentedRaftLogWorker (SegmentedRaftLogWorker.java:<init>(176)) - new 511a318d-fbb5-4d0b-a0f0-9021d224a603@group-7F597F336E44-SegmentedRaftLogWorker for RaftStorage:Storage Directory /github/workspace/mnt/ozone/hadoop-ozone/integration-test/target/test-dir/MiniOzoneClusterImpl-e9c98d0f-e324-43f2-aa41-70e4df10ec43/datanode-6/data/ratis/d1fd64df-3c23-4618-9d89-7f597f336e44
2020-06-06 05:16:03,701 [pool-131-thread-1] INFO  server.RaftServerConfigKeys (ConfUtils.java:logGet(44)) - raft.server.log.queue.byte-limit = 2147483647 (custom)
2020-06-06 05:16:03,701 [pool-131-thread-1] INFO  server.RaftServerConfigKeys (ConfUtils.java:logGet(44)) - raft.server.log.queue.element-limit = 1024 (custom)
2020-06-06 05:16:03,701 [pool-131-thread-1] INFO  server.RaftServerConfigKeys (ConfUtils.java:logGet(44)) - raft.server.log.segment.size.max = 1048576 (custom)
2020-06-06 05:16:03,701 [pool-131-thread-1] INFO  server.RaftServerConfigKeys (ConfUtils.java:logGet(44)) - raft.server.log.preallocated.size = 16384 (custom)
2020-06-06 05:16:03,701 [pool-131-thread-1] INFO  server.RaftServerConfigKeys (ConfUtils.java:logGet(44)) - raft.server.log.write.buffer.size = 1048576 (custom)
2020-06-06 05:16:03,701 [pool-131-thread-1] INFO  server.RaftServerConfigKeys (ConfUtils.java:logGet(44)) - raft.server.log.force.sync.num = 128 (default)
2020-06-06 05:16:03,701 [pool-131-thread-1] INFO  server.RaftServerConfigKeys (ConfUtils.java:logGet(44)) - raft.server.log.statemachine.data.sync = true (default)
2020-06-06 05:16:03,701 [pool-131-thread-1] INFO  server.RaftServerConfigKeys (ConfUtils.java:logGet(44)) - raft.server.log.statemachine.data.sync.timeout = 10s (default)
2020-06-06 05:16:03,701 [pool-131-thread-1] INFO  server.RaftServerConfigKeys (ConfUtils.java:logGet(44)) - raft.server.log.statemachine.data.sync.timeout.retry = -1 (default)
2020-06-06 05:16:03,702 [pool-131-thread-1] INFO  server.RaftServerConfigKeys (ConfUtils.java:logGet(44)) - raft.server.log.statemachine.data.caching.enabled = true (custom)
2020-06-06 05:16:03,702 [pool-131-thread-1] INFO  segmented.SegmentedRaftLogWorker (SegmentedRaftLogWorker.java:lambda$new$0(129)) - 511a318d-fbb5-4d0b-a0f0-9021d224a603@group-7F597F336E44-SegmentedRaftLogWorker: flushIndex: setUnconditionally 0 -> -1
2020-06-06 05:16:03,703 [pool-131-thread-1] INFO  server.RaftServerConfigKeys (ConfUtils.java:logGet(44)) - raft.server.snapshot.auto.trigger.enabled = true (custom)
2020-06-06 05:16:03,703 [pool-131-thread-1] INFO  server.RaftServerConfigKeys (ConfUtils.java:logGet(44)) - raft.server.snapshot.auto.trigger.threshold = 10000 (custom)
2020-06-06 05:16:03,703 [pool-131-thread-1] INFO  server.RaftServerConfigKeys (ConfUtils.java:logGet(44)) - raft.server.snapshot.retention.file.num = 5 (custom)
2020-06-06 05:16:03,703 [pool-131-thread-1] INFO  server.RaftServerConfigKeys (ConfUtils.java:logGet(44)) - raft.server.log.purge.upto.snapshot.index = false (default)
2020-06-06 05:16:03,703 [pool-131-thread-1] INFO  server.RaftServerConfigKeys (ConfUtils.java:logGet(44)) - raft.server.retrycache.expirytime = 600000ms (custom)
2020-06-06 05:16:03,703 [pool-131-thread-1] INFO  metrics.RatisMetrics (RatisMetrics.java:lambda$create$0(39)) - Creating Metrics Registry : ratis.leader_election.511a318d-fbb5-4d0b-a0f0-9021d224a603@group-7F597F336E44
2020-06-06 05:16:03,704 [pool-131-thread-1] INFO  metrics.RatisMetrics (RatisMetrics.java:lambda$create$0(39)) - Creating Metrics Registry : ratis.server.511a318d-fbb5-4d0b-a0f0-9021d224a603@group-7F597F336E44
2020-06-06 05:16:03,704 [pool-131-thread-1] INFO  impl.RaftServerImpl (RaftServerImpl.java:start(184)) - 511a318d-fbb5-4d0b-a0f0-9021d224a603@group-7F597F336E44: start as a follower, conf=-1: [511a318d-fbb5-4d0b-a0f0-9021d224a603:172.17.0.2:39567, 4748d6c1-a840-468c-97bc-f81124d46716:172.17.0.2:42783, c5a1e514-6f01-4466-ae6f-c9e2d9db90cf:172.17.0.2:43443], old=null
2020-06-06 05:16:03,704 [pool-131-thread-1] INFO  impl.RaftServerImpl (RaftServerImpl.java:setRole(173)) - 511a318d-fbb5-4d0b-a0f0-9021d224a603@group-7F597F336E44: changes role from      null to FOLLOWER at term 0 for startAsFollower
2020-06-06 05:16:03,705 [pool-131-thread-1] INFO  impl.RoleInfo (RoleInfo.java:updateAndGet(143)) - 511a318d-fbb5-4d0b-a0f0-9021d224a603: start FollowerState
2020-06-06 05:16:03,706 [pool-131-thread-1] INFO  util.JmxRegister (JmxRegister.java:tryRegister(44)) - Successfully registered JMX Bean with object name Ratis:service=RaftServer,group=group-7F597F336E44,id=511a318d-fbb5-4d0b-a0f0-9021d224a603
2020-06-06 05:16:03,706 [pool-131-thread-1] INFO  metrics.RatisMetrics (RatisMetrics.java:lambda$create$0(39)) - Creating Metrics Registry : ratis.state_machine.511a318d-fbb5-4d0b-a0f0-9021d224a603@group-7F597F336E44
2020-06-06 05:16:03,736 [Command processor thread] INFO  impl.RaftServerProxy (RaftServerProxy.java:addNew(89)) - 4748d6c1-a840-468c-97bc-f81124d46716: addNew group-FC85AF366854:[4748d6c1-a840-468c-97bc-f81124d46716:172.17.0.2:42783] returns group-FC85AF366854:java.util.concurrent.CompletableFuture@374ea817[Not completed]
2020-06-06 05:16:03,788 [Listener at 127.0.0.1/44133] INFO  ozone.MiniOzoneClusterImpl (MiniOzoneClusterImpl.java:lambda$waitForClusterToBeReady$0(177)) - Nodes are ready. Got 10 of 10 DN Heartbeats.
2020-06-06 05:16:03,793 [Listener at 127.0.0.1/44133] INFO  ozone.MiniOzoneClusterImpl (MiniOzoneClusterImpl.java:lambda$waitForClusterToBeReady$0(180)) - Waiting for cluster to exit safe mode
2020-06-06 05:16:03,792 [Command processor thread] INFO  impl.RaftServerProxy (RaftServerProxy.java:addNew(89)) - 92229472-150d-4b8c-8c8a-1ffb4ed5a15e: addNew group-5F9612465EBB:[92229472-150d-4b8c-8c8a-1ffb4ed5a15e:172.17.0.2:33829] returns group-5F9612465EBB:java.util.concurrent.CompletableFuture@3ecb0108[Not completed]
2020-06-06 05:16:03,944 [pool-179-thread-1] INFO  impl.RaftServerImpl (RaftServerImpl.java:<init>(98)) - 92229472-150d-4b8c-8c8a-1ffb4ed5a15e: new RaftServerImpl for group-5F9612465EBB:[92229472-150d-4b8c-8c8a-1ffb4ed5a15e:172.17.0.2:33829] with ContainerStateMachine:uninitialized
2020-06-06 05:16:03,945 [pool-163-thread-1] INFO  impl.RaftServerImpl (RaftServerImpl.java:<init>(98)) - 4748d6c1-a840-468c-97bc-f81124d46716: new RaftServerImpl for group-FC85AF366854:[4748d6c1-a840-468c-97bc-f81124d46716:172.17.0.2:42783] with ContainerStateMachine:uninitialized
2020-06-06 05:16:03,945 [pool-147-thread-1] INFO  impl.RaftServerImpl (RaftServerImpl.java:<init>(98)) - c5a1e514-6f01-4466-ae6f-c9e2d9db90cf: new RaftServerImpl for group-077F859989A5:[c5a1e514-6f01-4466-ae6f-c9e2d9db90cf:172.17.0.2:43443] with ContainerStateMachine:uninitialized
2020-06-06 05:16:03,947 [pool-179-thread-1] INFO  server.RaftServerConfigKeys (ConfUtils.java:logGet(44)) - raft.server.rpc.timeout.min = 1s (custom)
2020-06-06 05:16:03,948 [pool-179-thread-1] INFO  server.RaftServerConfigKeys (ConfUtils.java:logGet(44)) - raft.server.rpc.timeout.max = 1200ms (custom)
2020-06-06 05:16:03,948 [pool-179-thread-1] INFO  server.RaftServerConfigKeys (ConfUtils.java:logGet(44)) - raft.server.rpcslowness.timeout = 300s (custom)
2020-06-06 05:16:03,948 [pool-179-thread-1] INFO  server.RaftServerConfigKeys (ConfUtils.java:logGet(44)) - raft.server.sleep.deviation.threshold = 300 (default)
2020-06-06 05:16:03,948 [pool-179-thread-1] INFO  server.RaftServerConfigKeys (ConfUtils.java:logGet(44)) - raft.server.log.appender.install.snapshot.enabled = false (custom)
2020-06-06 05:16:03,948 [pool-179-thread-1] INFO  impl.RaftServerImpl (ServerState.java:<init>(103)) - 92229472-150d-4b8c-8c8a-1ffb4ed5a15e@group-5F9612465EBB: ConfigurationManager, init=-1: [92229472-150d-4b8c-8c8a-1ffb4ed5a15e:172.17.0.2:33829], old=null, confs=<EMPTY_MAP>
2020-06-06 05:16:03,948 [pool-179-thread-1] INFO  server.RaftServerConfigKeys (ConfUtils.java:logGet(44)) - raft.server.storage.dir = [/github/workspace/mnt/ozone/hadoop-ozone/integration-test/target/test-dir/MiniOzoneClusterImpl-e9c98d0f-e324-43f2-aa41-70e4df10ec43/datanode-9/data/ratis] (custom)
2020-06-06 05:16:03,948 [pool-179-thread-1] INFO  server.RaftServerConfigKeys (ConfUtils.java:logGet(44)) - raft.server.log.corruption.policy = EXCEPTION (default)
2020-06-06 05:16:03,948 [pool-179-thread-1] INFO  storage.RaftStorageDirectory (RaftStorageDirectory.java:analyzeStorage(261)) - The storage directory /github/workspace/mnt/ozone/hadoop-ozone/integration-test/target/test-dir/MiniOzoneClusterImpl-e9c98d0f-e324-43f2-aa41-70e4df10ec43/datanode-9/data/ratis/5c8c39c2-5848-4aa7-9a7c-5f9612465ebb does not exist. Creating ...
2020-06-06 05:16:03,948 [pool-163-thread-1] INFO  server.RaftServerConfigKeys (ConfUtils.java:logGet(44)) - raft.server.rpc.timeout.min = 1s (custom)
2020-06-06 05:16:03,948 [pool-163-thread-1] INFO  server.RaftServerConfigKeys (ConfUtils.java:logGet(44)) - raft.server.rpc.timeout.max = 1200ms (custom)
2020-06-06 05:16:03,948 [pool-163-thread-1] INFO  server.RaftServerConfigKeys (ConfUtils.java:logGet(44)) - raft.server.rpcslowness.timeout = 300s (custom)
2020-06-06 05:16:03,948 [pool-163-thread-1] INFO  server.RaftServerConfigKeys (ConfUtils.java:logGet(44)) - raft.server.sleep.deviation.threshold = 300 (default)
2020-06-06 05:16:03,948 [pool-163-thread-1] INFO  server.RaftServerConfigKeys (ConfUtils.java:logGet(44)) - raft.server.log.appender.install.snapshot.enabled = false (custom)
2020-06-06 05:16:03,948 [pool-163-thread-1] INFO  impl.RaftServerImpl (ServerState.java:<init>(103)) - 4748d6c1-a840-468c-97bc-f81124d46716@group-FC85AF366854: ConfigurationManager, init=-1: [4748d6c1-a840-468c-97bc-f81124d46716:172.17.0.2:42783], old=null, confs=<EMPTY_MAP>
2020-06-06 05:16:03,949 [pool-163-thread-1] INFO  server.RaftServerConfigKeys (ConfUtils.java:logGet(44)) - raft.server.storage.dir = [/github/workspace/mnt/ozone/hadoop-ozone/integration-test/target/test-dir/MiniOzoneClusterImpl-e9c98d0f-e324-43f2-aa41-70e4df10ec43/datanode-8/data/ratis] (custom)
2020-06-06 05:16:03,949 [pool-163-thread-1] INFO  server.RaftServerConfigKeys (ConfUtils.java:logGet(44)) - raft.server.log.corruption.policy = EXCEPTION (default)
2020-06-06 05:16:03,949 [pool-163-thread-1] INFO  storage.RaftStorageDirectory (RaftStorageDirectory.java:analyzeStorage(261)) - The storage directory /github/workspace/mnt/ozone/hadoop-ozone/integration-test/target/test-dir/MiniOzoneClusterImpl-e9c98d0f-e324-43f2-aa41-70e4df10ec43/datanode-8/data/ratis/f2a07715-4f5d-4e02-9eed-fc85af366854 does not exist. Creating ...
2020-06-06 05:16:03,949 [pool-147-thread-1] INFO  server.RaftServerConfigKeys (ConfUtils.java:logGet(44)) - raft.server.rpc.timeout.min = 1s (custom)
2020-06-06 05:16:03,949 [pool-147-thread-1] INFO  server.RaftServerConfigKeys (ConfUtils.java:logGet(44)) - raft.server.rpc.timeout.max = 1200ms (custom)
2020-06-06 05:16:03,949 [pool-147-thread-1] INFO  server.RaftServerConfigKeys (ConfUtils.java:logGet(44)) - raft.server.rpcslowness.timeout = 300s (custom)
2020-06-06 05:16:03,949 [pool-147-thread-1] INFO  server.RaftServerConfigKeys (ConfUtils.java:logGet(44)) - raft.server.sleep.deviation.threshold = 300 (default)
2020-06-06 05:16:03,949 [pool-147-thread-1] INFO  server.RaftServerConfigKeys (ConfUtils.java:logGet(44)) - raft.server.log.appender.install.snapshot.enabled = false (custom)
2020-06-06 05:16:03,949 [pool-147-thread-1] INFO  impl.RaftServerImpl (ServerState.java:<init>(103)) - c5a1e514-6f01-4466-ae6f-c9e2d9db90cf@group-077F859989A5: ConfigurationManager, init=-1: [c5a1e514-6f01-4466-ae6f-c9e2d9db90cf:172.17.0.2:43443], old=null, confs=<EMPTY_MAP>
2020-06-06 05:16:03,949 [pool-147-thread-1] INFO  server.RaftServerConfigKeys (ConfUtils.java:logGet(44)) - raft.server.storage.dir = [/github/workspace/mnt/ozone/hadoop-ozone/integration-test/target/test-dir/MiniOzoneClusterImpl-e9c98d0f-e324-43f2-aa41-70e4df10ec43/datanode-7/data/ratis] (custom)
2020-06-06 05:16:03,950 [pool-147-thread-1] INFO  server.RaftServerConfigKeys (ConfUtils.java:logGet(44)) - raft.server.log.corruption.policy = EXCEPTION (default)
2020-06-06 05:16:03,950 [pool-147-thread-1] INFO  storage.RaftStorageDirectory (RaftStorageDirectory.java:analyzeStorage(261)) - The storage directory /github/workspace/mnt/ozone/hadoop-ozone/integration-test/target/test-dir/MiniOzoneClusterImpl-e9c98d0f-e324-43f2-aa41-70e4df10ec43/datanode-7/data/ratis/a3ae1158-afce-41dd-b921-077f859989a5 does not exist. Creating ...
2020-06-06 05:16:03,952 [pool-163-thread-1] INFO  storage.RaftStorageDirectory (RaftStorageDirectory.java:tryLock(343)) - Lock on /github/workspace/mnt/ozone/hadoop-ozone/integration-test/target/test-dir/MiniOzoneClusterImpl-e9c98d0f-e324-43f2-aa41-70e4df10ec43/datanode-8/data/ratis/f2a07715-4f5d-4e02-9eed-fc85af366854/in_use.lock acquired by nodename 3879@04ab1dbc0cb6
2020-06-06 05:16:03,952 [pool-147-thread-1] INFO  storage.RaftStorageDirectory (RaftStorageDirectory.java:tryLock(343)) - Lock on /github/workspace/mnt/ozone/hadoop-ozone/integration-test/target/test-dir/MiniOzoneClusterImpl-e9c98d0f-e324-43f2-aa41-70e4df10ec43/datanode-7/data/ratis/a3ae1158-afce-41dd-b921-077f859989a5/in_use.lock acquired by nodename 3879@04ab1dbc0cb6
2020-06-06 05:16:03,953 [pool-179-thread-1] INFO  storage.RaftStorageDirectory (RaftStorageDirectory.java:tryLock(343)) - Lock on /github/workspace/mnt/ozone/hadoop-ozone/integration-test/target/test-dir/MiniOzoneClusterImpl-e9c98d0f-e324-43f2-aa41-70e4df10ec43/datanode-9/data/ratis/5c8c39c2-5848-4aa7-9a7c-5f9612465ebb/in_use.lock acquired by nodename 3879@04ab1dbc0cb6
2020-06-06 05:16:03,954 [pool-147-thread-1] INFO  storage.RaftStorage (RaftStorage.java:format(84)) - Storage directory /github/workspace/mnt/ozone/hadoop-ozone/integration-test/target/test-dir/MiniOzoneClusterImpl-e9c98d0f-e324-43f2-aa41-70e4df10ec43/datanode-7/data/ratis/a3ae1158-afce-41dd-b921-077f859989a5 has been successfully formatted.
2020-06-06 05:16:03,956 [pool-163-thread-1] INFO  storage.RaftStorage (RaftStorage.java:format(84)) - Storage directory /github/workspace/mnt/ozone/hadoop-ozone/integration-test/target/test-dir/MiniOzoneClusterImpl-e9c98d0f-e324-43f2-aa41-70e4df10ec43/datanode-8/data/ratis/f2a07715-4f5d-4e02-9eed-fc85af366854 has been successfully formatted.
2020-06-06 05:16:03,960 [pool-179-thread-1] INFO  storage.RaftStorage (RaftStorage.java:format(84)) - Storage directory /github/workspace/mnt/ozone/hadoop-ozone/integration-test/target/test-dir/MiniOzoneClusterImpl-e9c98d0f-e324-43f2-aa41-70e4df10ec43/datanode-9/data/ratis/5c8c39c2-5848-4aa7-9a7c-5f9612465ebb has been successfully formatted.
2020-06-06 05:16:03,977 [pool-147-thread-1] INFO  ratis.ContainerStateMachine (ContainerStateMachine.java:loadSnapshot(226)) - group-077F859989A5: The snapshot info is null. Setting the last applied indexto:(t:0, i:~)
2020-06-06 05:16:03,977 [pool-147-thread-1] INFO  server.RaftServerConfigKeys (ConfUtils.java:logGet(44)) - raft.server.notification.no-leader.timeout = 60s (default)
2020-06-06 05:16:03,977 [pool-147-thread-1] INFO  server.RaftServerConfigKeys (ConfUtils.java:logGet(44)) - raft.server.log.use.memory = false (default)
2020-06-06 05:16:03,977 [pool-147-thread-1] INFO  server.RaftServerConfigKeys (ConfUtils.java:logGet(44)) - raft.server.log.purge.gap = 1000000 (custom)
2020-06-06 05:16:03,977 [pool-147-thread-1] INFO  server.RaftServerConfigKeys (ConfUtils.java:logGet(44)) - raft.server.log.appender.buffer.byte-limit = 33554432 (custom)
2020-06-06 05:16:03,977 [pool-163-thread-1] INFO  ratis.ContainerStateMachine (ContainerStateMachine.java:loadSnapshot(226)) - group-FC85AF366854: The snapshot info is null. Setting the last applied indexto:(t:0, i:~)
2020-06-06 05:16:03,977 [pool-163-thread-1] INFO  server.RaftServerConfigKeys (ConfUtils.java:logGet(44)) - raft.server.notification.no-leader.timeout = 60s (default)
2020-06-06 05:16:03,977 [pool-163-thread-1] INFO  server.RaftServerConfigKeys (ConfUtils.java:logGet(44)) - raft.server.log.use.memory = false (default)
2020-06-06 05:16:03,977 [pool-163-thread-1] INFO  server.RaftServerConfigKeys (ConfUtils.java:logGet(44)) - raft.server.log.purge.gap = 1000000 (custom)
2020-06-06 05:16:03,977 [pool-163-thread-1] INFO  server.RaftServerConfigKeys (ConfUtils.java:logGet(44)) - raft.server.log.appender.buffer.byte-limit = 33554432 (custom)
2020-06-06 05:16:03,978 [pool-163-thread-1] INFO  server.RaftServerConfigKeys (ConfUtils.java:logGet(44)) - raft.server.log.segment.size.max = 1048576 (custom)
2020-06-06 05:16:03,978 [pool-163-thread-1] INFO  metrics.RatisMetrics (RatisMetrics.java:lambda$create$0(39)) - Creating Metrics Registry : ratis.log_worker.4748d6c1-a840-468c-97bc-f81124d46716
2020-06-06 05:16:03,978 [pool-163-thread-1] INFO  server.RaftServerConfigKeys (ConfUtils.java:logGet(44)) - raft.server.log.segment.cache.num.max = 2 (custom)
2020-06-06 05:16:03,978 [pool-163-thread-1] INFO  segmented.SegmentedRaftLogWorker (SegmentedRaftLogWorker.java:<init>(176)) - new 4748d6c1-a840-468c-97bc-f81124d46716@group-FC85AF366854-SegmentedRaftLogWorker for RaftStorage:Storage Directory /github/workspace/mnt/ozone/hadoop-ozone/integration-test/target/test-dir/MiniOzoneClusterImpl-e9c98d0f-e324-43f2-aa41-70e4df10ec43/datanode-8/data/ratis/f2a07715-4f5d-4e02-9eed-fc85af366854
2020-06-06 05:16:03,978 [pool-163-thread-1] INFO  server.RaftServerConfigKeys (ConfUtils.java:logGet(44)) - raft.server.log.queue.byte-limit = 2147483647 (custom)
2020-06-06 05:16:03,978 [pool-163-thread-1] INFO  server.RaftServerConfigKeys (ConfUtils.java:logGet(44)) - raft.server.log.queue.element-limit = 1024 (custom)
2020-06-06 05:16:03,978 [pool-163-thread-1] INFO  server.RaftServerConfigKeys (ConfUtils.java:logGet(44)) - raft.server.log.segment.size.max = 1048576 (custom)
2020-06-06 05:16:03,978 [pool-163-thread-1] INFO  server.RaftServerConfigKeys (ConfUtils.java:logGet(44)) - raft.server.log.preallocated.size = 16384 (custom)
2020-06-06 05:16:03,978 [pool-163-thread-1] INFO  server.RaftServerConfigKeys (ConfUtils.java:logGet(44)) - raft.server.log.write.buffer.size = 1048576 (custom)
2020-06-06 05:16:03,978 [pool-163-thread-1] INFO  server.RaftServerConfigKeys (ConfUtils.java:logGet(44)) - raft.server.log.force.sync.num = 128 (default)
2020-06-06 05:16:03,978 [pool-163-thread-1] INFO  server.RaftServerConfigKeys (ConfUtils.java:logGet(44)) - raft.server.log.statemachine.data.sync = true (default)
2020-06-06 05:16:03,978 [pool-163-thread-1] INFO  server.RaftServerConfigKeys (ConfUtils.java:logGet(44)) - raft.server.log.statemachine.data.sync.timeout = 10s (default)
2020-06-06 05:16:03,978 [pool-163-thread-1] INFO  server.RaftServerConfigKeys (ConfUtils.java:logGet(44)) - raft.server.log.statemachine.data.sync.timeout.retry = -1 (default)
2020-06-06 05:16:03,980 [pool-163-thread-1] INFO  server.RaftServerConfigKeys (ConfUtils.java:logGet(44)) - raft.server.log.statemachine.data.caching.enabled = true (custom)
2020-06-06 05:16:03,977 [pool-147-thread-1] INFO  server.RaftServerConfigKeys (ConfUtils.java:logGet(44)) - raft.server.log.segment.size.max = 1048576 (custom)
2020-06-06 05:16:03,986 [pool-147-thread-1] INFO  metrics.RatisMetrics (RatisMetrics.java:lambda$create$0(39)) - Creating Metrics Registry : ratis.log_worker.c5a1e514-6f01-4466-ae6f-c9e2d9db90cf
2020-06-06 05:16:03,986 [pool-147-thread-1] INFO  server.RaftServerConfigKeys (ConfUtils.java:logGet(44)) - raft.server.log.segment.cache.num.max = 2 (custom)
2020-06-06 05:16:03,986 [pool-147-thread-1] INFO  segmented.SegmentedRaftLogWorker (SegmentedRaftLogWorker.java:<init>(176)) - new c5a1e514-6f01-4466-ae6f-c9e2d9db90cf@group-077F859989A5-SegmentedRaftLogWorker for RaftStorage:Storage Directory /github/workspace/mnt/ozone/hadoop-ozone/integration-test/target/test-dir/MiniOzoneClusterImpl-e9c98d0f-e324-43f2-aa41-70e4df10ec43/datanode-7/data/ratis/a3ae1158-afce-41dd-b921-077f859989a5
2020-06-06 05:16:03,986 [pool-147-thread-1] INFO  server.RaftServerConfigKeys (ConfUtils.java:logGet(44)) - raft.server.log.queue.byte-limit = 2147483647 (custom)
2020-06-06 05:16:03,986 [pool-147-thread-1] INFO  server.RaftServerConfigKeys (ConfUtils.java:logGet(44)) - raft.server.log.queue.element-limit = 1024 (custom)
2020-06-06 05:16:03,986 [pool-147-thread-1] INFO  server.RaftServerConfigKeys (ConfUtils.java:logGet(44)) - raft.server.log.segment.size.max = 1048576 (custom)
2020-06-06 05:16:03,986 [pool-147-thread-1] INFO  server.RaftServerConfigKeys (ConfUtils.java:logGet(44)) - raft.server.log.preallocated.size = 16384 (custom)
2020-06-06 05:16:03,986 [pool-147-thread-1] INFO  server.RaftServerConfigKeys (ConfUtils.java:logGet(44)) - raft.server.log.write.buffer.size = 1048576 (custom)
2020-06-06 05:16:03,986 [pool-147-thread-1] INFO  server.RaftServerConfigKeys (ConfUtils.java:logGet(44)) - raft.server.log.force.sync.num = 128 (default)
2020-06-06 05:16:03,986 [pool-147-thread-1] INFO  server.RaftServerConfigKeys (ConfUtils.java:logGet(44)) - raft.server.log.statemachine.data.sync = true (default)
2020-06-06 05:16:03,987 [pool-147-thread-1] INFO  server.RaftServerConfigKeys (ConfUtils.java:logGet(44)) - raft.server.log.statemachine.data.sync.timeout = 10s (default)
2020-06-06 05:16:03,987 [pool-147-thread-1] INFO  server.RaftServerConfigKeys (ConfUtils.java:logGet(44)) - raft.server.log.statemachine.data.sync.timeout.retry = -1 (default)
2020-06-06 05:16:03,988 [pool-147-thread-1] INFO  server.RaftServerConfigKeys (ConfUtils.java:logGet(44)) - raft.server.log.statemachine.data.caching.enabled = true (custom)
2020-06-06 05:16:03,988 [pool-147-thread-1] INFO  segmented.SegmentedRaftLogWorker (SegmentedRaftLogWorker.java:lambda$new$0(129)) - c5a1e514-6f01-4466-ae6f-c9e2d9db90cf@group-077F859989A5-SegmentedRaftLogWorker: flushIndex: setUnconditionally 0 -> -1
2020-06-06 05:16:03,982 [EventQueue-PipelineReportForPipelineReportHandler] INFO  pipeline.PipelineStateManager (PipelineStateManager.java:openPipeline(131)) - Pipeline Pipeline[ Id: a3ae1158-afce-41dd-b921-077f859989a5, Nodes: c5a1e514-6f01-4466-ae6f-c9e2d9db90cf{ip: 172.17.0.2, host: 04ab1dbc0cb6, networkLocation: /rack1, certSerialId: null}, Type:RATIS, Factor:ONE, State:ALLOCATED, leaderId:c5a1e514-6f01-4466-ae6f-c9e2d9db90cf, CreationTimestamp2020-06-06T05:16:00.682Z] moved to OPEN state
2020-06-06 05:16:03,978 [pool-179-thread-1] INFO  ratis.ContainerStateMachine (ContainerStateMachine.java:loadSnapshot(226)) - group-5F9612465EBB: The snapshot info is null. Setting the last applied indexto:(t:0, i:~)
2020-06-06 05:16:03,988 [pool-179-thread-1] INFO  server.RaftServerConfigKeys (ConfUtils.java:logGet(44)) - raft.server.notification.no-leader.timeout = 60s (default)
2020-06-06 05:16:03,988 [pool-179-thread-1] INFO  server.RaftServerConfigKeys (ConfUtils.java:logGet(44)) - raft.server.log.use.memory = false (default)
2020-06-06 05:16:03,988 [EventQueue-OpenPipelineForOneReplicaPipelineSafeModeRule] INFO  safemode.SCMSafeModeManager (SCMSafeModeManager.java:validateSafeModeExitRules(213)) - AtleastOneDatanodeReportedRule rule is successfully validated
2020-06-06 05:16:03,988 [EventQueue-OpenPipelineForHealthyPipelineSafeModeRule] INFO  safemode.SCMSafeModeManager (HealthyPipelineSafeModeRule.java:process(132)) - SCM in safe mode. Healthy pipelines reported count is 0, required healthy pipeline reported count is 1
2020-06-06 05:16:03,988 [EventQueue-PipelineReportForPipelineReportHandler] INFO  pipeline.PipelineStateManager (PipelineStateManager.java:openPipeline(131)) - Pipeline Pipeline[ Id: f2a07715-4f5d-4e02-9eed-fc85af366854, Nodes: 4748d6c1-a840-468c-97bc-f81124d46716{ip: 172.17.0.2, host: 04ab1dbc0cb6, networkLocation: /rack1, certSerialId: null}, Type:RATIS, Factor:ONE, State:ALLOCATED, leaderId:4748d6c1-a840-468c-97bc-f81124d46716, CreationTimestamp2020-06-06T05:16:00.736Z] moved to OPEN state
2020-06-06 05:16:03,988 [pool-179-thread-1] INFO  server.RaftServerConfigKeys (ConfUtils.java:logGet(44)) - raft.server.log.purge.gap = 1000000 (custom)
2020-06-06 05:16:03,989 [pool-179-thread-1] INFO  server.RaftServerConfigKeys (ConfUtils.java:logGet(44)) - raft.server.log.appender.buffer.byte-limit = 33554432 (custom)
2020-06-06 05:16:03,989 [EventQueue-OpenPipelineForHealthyPipelineSafeModeRule] INFO  safemode.SCMSafeModeManager (HealthyPipelineSafeModeRule.java:process(132)) - SCM in safe mode. Healthy pipelines reported count is 0, required healthy pipeline reported count is 1
2020-06-06 05:16:03,989 [EventQueue-OpenPipelineForOneReplicaPipelineSafeModeRule] INFO  safemode.SCMSafeModeManager (SCMSafeModeManager.java:validateSafeModeExitRules(213)) - AtleastOneDatanodeReportedRule rule is successfully validated
2020-06-06 05:16:03,989 [EventQueue-PipelineReportForPipelineReportHandler] INFO  pipeline.PipelineStateManager (PipelineStateManager.java:openPipeline(131)) - Pipeline Pipeline[ Id: 5c8c39c2-5848-4aa7-9a7c-5f9612465ebb, Nodes: 92229472-150d-4b8c-8c8a-1ffb4ed5a15e{ip: 172.17.0.2, host: 04ab1dbc0cb6, networkLocation: /rack1, certSerialId: null}, Type:RATIS, Factor:ONE, State:ALLOCATED, leaderId:92229472-150d-4b8c-8c8a-1ffb4ed5a15e, CreationTimestamp2020-06-06T05:16:00.791Z] moved to OPEN state
2020-06-06 05:16:03,989 [pool-179-thread-1] INFO  server.RaftServerConfigKeys (ConfUtils.java:logGet(44)) - raft.server.log.segment.size.max = 1048576 (custom)
2020-06-06 05:16:03,989 [EventQueue-OpenPipelineForOneReplicaPipelineSafeModeRule] INFO  safemode.SCMSafeModeManager (SCMSafeModeManager.java:validateSafeModeExitRules(213)) - AtleastOneDatanodeReportedRule rule is successfully validated
2020-06-06 05:16:03,989 [EventQueue-OpenPipelineForHealthyPipelineSafeModeRule] INFO  safemode.SCMSafeModeManager (HealthyPipelineSafeModeRule.java:process(132)) - SCM in safe mode. Healthy pipelines reported count is 0, required healthy pipeline reported count is 1
2020-06-06 05:16:03,989 [pool-179-thread-1] INFO  metrics.RatisMetrics (RatisMetrics.java:lambda$create$0(39)) - Creating Metrics Registry : ratis.log_worker.92229472-150d-4b8c-8c8a-1ffb4ed5a15e
2020-06-06 05:16:03,989 [pool-179-thread-1] INFO  server.RaftServerConfigKeys (ConfUtils.java:logGet(44)) - raft.server.log.segment.cache.num.max = 2 (custom)
2020-06-06 05:16:03,989 [pool-179-thread-1] INFO  segmented.SegmentedRaftLogWorker (SegmentedRaftLogWorker.java:<init>(176)) - new 92229472-150d-4b8c-8c8a-1ffb4ed5a15e@group-5F9612465EBB-SegmentedRaftLogWorker for RaftStorage:Storage Directory /github/workspace/mnt/ozone/hadoop-ozone/integration-test/target/test-dir/MiniOzoneClusterImpl-e9c98d0f-e324-43f2-aa41-70e4df10ec43/datanode-9/data/ratis/5c8c39c2-5848-4aa7-9a7c-5f9612465ebb
2020-06-06 05:16:03,989 [pool-179-thread-1] INFO  server.RaftServerConfigKeys (ConfUtils.java:logGet(44)) - raft.server.log.queue.byte-limit = 2147483647 (custom)
2020-06-06 05:16:03,989 [pool-179-thread-1] INFO  server.RaftServerConfigKeys (ConfUtils.java:logGet(44)) - raft.server.log.queue.element-limit = 1024 (custom)
2020-06-06 05:16:03,989 [pool-179-thread-1] INFO  server.RaftServerConfigKeys (ConfUtils.java:logGet(44)) - raft.server.log.segment.size.max = 1048576 (custom)
2020-06-06 05:16:03,989 [pool-179-thread-1] INFO  server.RaftServerConfigKeys (ConfUtils.java:logGet(44)) - raft.server.log.preallocated.size = 16384 (custom)
2020-06-06 05:16:03,990 [pool-179-thread-1] INFO  server.RaftServerConfigKeys (ConfUtils.java:logGet(44)) - raft.server.log.write.buffer.size = 1048576 (custom)
2020-06-06 05:16:03,990 [pool-179-thread-1] INFO  server.RaftServerConfigKeys (ConfUtils.java:logGet(44)) - raft.server.log.force.sync.num = 128 (default)
2020-06-06 05:16:03,990 [pool-179-thread-1] INFO  server.RaftServerConfigKeys (ConfUtils.java:logGet(44)) - raft.server.log.statemachine.data.sync = true (default)
2020-06-06 05:16:03,990 [pool-179-thread-1] INFO  server.RaftServerConfigKeys (ConfUtils.java:logGet(44)) - raft.server.log.statemachine.data.sync.timeout = 10s (default)
2020-06-06 05:16:03,990 [pool-179-thread-1] INFO  server.RaftServerConfigKeys (ConfUtils.java:logGet(44)) - raft.server.log.statemachine.data.sync.timeout.retry = -1 (default)
2020-06-06 05:16:03,992 [pool-163-thread-1] INFO  segmented.SegmentedRaftLogWorker (SegmentedRaftLogWorker.java:lambda$new$0(129)) - 4748d6c1-a840-468c-97bc-f81124d46716@group-FC85AF366854-SegmentedRaftLogWorker: flushIndex: setUnconditionally 0 -> -1
2020-06-06 05:16:04,000 [pool-147-thread-1] INFO  server.RaftServerConfigKeys (ConfUtils.java:logGet(44)) - raft.server.snapshot.auto.trigger.enabled = true (custom)
2020-06-06 05:16:04,000 [pool-147-thread-1] INFO  server.RaftServerConfigKeys (ConfUtils.java:logGet(44)) - raft.server.snapshot.auto.trigger.threshold = 10000 (custom)
2020-06-06 05:16:04,000 [pool-147-thread-1] INFO  server.RaftServerConfigKeys (ConfUtils.java:logGet(44)) - raft.server.snapshot.retention.file.num = 5 (custom)
2020-06-06 05:16:04,001 [pool-147-thread-1] INFO  server.RaftServerConfigKeys (ConfUtils.java:logGet(44)) - raft.server.log.purge.upto.snapshot.index = false (default)
2020-06-06 05:16:04,001 [pool-147-thread-1] INFO  server.RaftServerConfigKeys (ConfUtils.java:logGet(44)) - raft.server.retrycache.expirytime = 600000ms (custom)
2020-06-06 05:16:04,001 [pool-147-thread-1] INFO  metrics.RatisMetrics (RatisMetrics.java:lambda$create$0(39)) - Creating Metrics Registry : ratis.leader_election.c5a1e514-6f01-4466-ae6f-c9e2d9db90cf@group-077F859989A5
2020-06-06 05:16:04,001 [pool-147-thread-1] INFO  metrics.RatisMetrics (RatisMetrics.java:lambda$create$0(39)) - Creating Metrics Registry : ratis.server.c5a1e514-6f01-4466-ae6f-c9e2d9db90cf@group-077F859989A5
2020-06-06 05:16:04,002 [pool-147-thread-1] INFO  impl.RaftServerImpl (RaftServerImpl.java:start(184)) - c5a1e514-6f01-4466-ae6f-c9e2d9db90cf@group-077F859989A5: start as a follower, conf=-1: [c5a1e514-6f01-4466-ae6f-c9e2d9db90cf:172.17.0.2:43443], old=null
2020-06-06 05:16:04,002 [pool-147-thread-1] INFO  impl.RaftServerImpl (RaftServerImpl.java:setRole(173)) - c5a1e514-6f01-4466-ae6f-c9e2d9db90cf@group-077F859989A5: changes role from      null to FOLLOWER at term 0 for startAsFollower
2020-06-06 05:16:04,002 [pool-147-thread-1] INFO  impl.RoleInfo (RoleInfo.java:updateAndGet(143)) - c5a1e514-6f01-4466-ae6f-c9e2d9db90cf: start FollowerState
2020-06-06 05:16:04,006 [pool-147-thread-1] INFO  util.JmxRegister (JmxRegister.java:tryRegister(44)) - Successfully registered JMX Bean with object name Ratis:service=RaftServer,group=group-077F859989A5,id=c5a1e514-6f01-4466-ae6f-c9e2d9db90cf
2020-06-06 05:16:04,006 [pool-147-thread-1] INFO  metrics.RatisMetrics (RatisMetrics.java:lambda$create$0(39)) - Creating Metrics Registry : ratis.state_machine.c5a1e514-6f01-4466-ae6f-c9e2d9db90cf@group-077F859989A5
2020-06-06 05:16:04,008 [Command processor thread] INFO  commandhandler.CreatePipelineCommandHandler (CreatePipelineCommandHandler.java:handle(109)) - Created Pipeline RATIS ONE #id: "a3ae1158-afce-41dd-b921-077f859989a5"
.
2020-06-06 05:16:04,009 [Command processor thread] INFO  impl.RaftServerProxy (RaftServerProxy.java:addNew(89)) - c5a1e514-6f01-4466-ae6f-c9e2d9db90cf: addNew group-7F597F336E44:[511a318d-fbb5-4d0b-a0f0-9021d224a603:172.17.0.2:39567, 4748d6c1-a840-468c-97bc-f81124d46716:172.17.0.2:42783, c5a1e514-6f01-4466-ae6f-c9e2d9db90cf:172.17.0.2:43443] returns group-7F597F336E44:java.util.concurrent.CompletableFuture@3ff15c2d[Not completed]
2020-06-06 05:16:04,009 [pool-147-thread-1] INFO  impl.RaftServerImpl (RaftServerImpl.java:<init>(98)) - c5a1e514-6f01-4466-ae6f-c9e2d9db90cf: new RaftServerImpl for group-7F597F336E44:[511a318d-fbb5-4d0b-a0f0-9021d224a603:172.17.0.2:39567, 4748d6c1-a840-468c-97bc-f81124d46716:172.17.0.2:42783, c5a1e514-6f01-4466-ae6f-c9e2d9db90cf:172.17.0.2:43443] with ContainerStateMachine:uninitialized
2020-06-06 05:16:04,010 [pool-147-thread-1] INFO  server.RaftServerConfigKeys (ConfUtils.java:logGet(44)) - raft.server.rpc.timeout.min = 1s (custom)
2020-06-06 05:16:04,010 [pool-147-thread-1] INFO  server.RaftServerConfigKeys (ConfUtils.java:logGet(44)) - raft.server.rpc.timeout.max = 1200ms (custom)
2020-06-06 05:16:04,010 [pool-147-thread-1] INFO  server.RaftServerConfigKeys (ConfUtils.java:logGet(44)) - raft.server.rpcslowness.timeout = 300s (custom)
2020-06-06 05:16:04,010 [pool-147-thread-1] INFO  server.RaftServerConfigKeys (ConfUtils.java:logGet(44)) - raft.server.sleep.deviation.threshold = 300 (default)
2020-06-06 05:16:04,010 [pool-147-thread-1] INFO  server.RaftServerConfigKeys (ConfUtils.java:logGet(44)) - raft.server.log.appender.install.snapshot.enabled = false (custom)
2020-06-06 05:16:04,010 [pool-147-thread-1] INFO  impl.RaftServerImpl (ServerState.java:<init>(103)) - c5a1e514-6f01-4466-ae6f-c9e2d9db90cf@group-7F597F336E44: ConfigurationManager, init=-1: [511a318d-fbb5-4d0b-a0f0-9021d224a603:172.17.0.2:39567, 4748d6c1-a840-468c-97bc-f81124d46716:172.17.0.2:42783, c5a1e514-6f01-4466-ae6f-c9e2d9db90cf:172.17.0.2:43443], old=null, confs=<EMPTY_MAP>
2020-06-06 05:16:04,010 [pool-147-thread-1] INFO  server.RaftServerConfigKeys (ConfUtils.java:logGet(44)) - raft.server.storage.dir = [/github/workspace/mnt/ozone/hadoop-ozone/integration-test/target/test-dir/MiniOzoneClusterImpl-e9c98d0f-e324-43f2-aa41-70e4df10ec43/datanode-7/data/ratis] (custom)
2020-06-06 05:16:04,010 [pool-147-thread-1] INFO  server.RaftServerConfigKeys (ConfUtils.java:logGet(44)) - raft.server.log.corruption.policy = EXCEPTION (default)
2020-06-06 05:16:04,010 [pool-147-thread-1] INFO  storage.RaftStorageDirectory (RaftStorageDirectory.java:analyzeStorage(261)) - The storage directory /github/workspace/mnt/ozone/hadoop-ozone/integration-test/target/test-dir/MiniOzoneClusterImpl-e9c98d0f-e324-43f2-aa41-70e4df10ec43/datanode-7/data/ratis/d1fd64df-3c23-4618-9d89-7f597f336e44 does not exist. Creating ...
2020-06-06 05:16:04,017 [pool-147-thread-1] INFO  storage.RaftStorageDirectory (RaftStorageDirectory.java:tryLock(343)) - Lock on /github/workspace/mnt/ozone/hadoop-ozone/integration-test/target/test-dir/MiniOzoneClusterImpl-e9c98d0f-e324-43f2-aa41-70e4df10ec43/datanode-7/data/ratis/d1fd64df-3c23-4618-9d89-7f597f336e44/in_use.lock acquired by nodename 3879@04ab1dbc0cb6
2020-06-06 05:16:04,019 [pool-147-thread-1] INFO  storage.RaftStorage (RaftStorage.java:format(84)) - Storage directory /github/workspace/mnt/ozone/hadoop-ozone/integration-test/target/test-dir/MiniOzoneClusterImpl-e9c98d0f-e324-43f2-aa41-70e4df10ec43/datanode-7/data/ratis/d1fd64df-3c23-4618-9d89-7f597f336e44 has been successfully formatted.
2020-06-06 05:16:04,021 [pool-163-thread-1] INFO  server.RaftServerConfigKeys (ConfUtils.java:logGet(44)) - raft.server.snapshot.auto.trigger.enabled = true (custom)
2020-06-06 05:16:04,021 [pool-163-thread-1] INFO  server.RaftServerConfigKeys (ConfUtils.java:logGet(44)) - raft.server.snapshot.auto.trigger.threshold = 10000 (custom)
2020-06-06 05:16:04,021 [pool-163-thread-1] INFO  server.RaftServerConfigKeys (ConfUtils.java:logGet(44)) - raft.server.snapshot.retention.file.num = 5 (custom)
2020-06-06 05:16:04,021 [pool-163-thread-1] INFO  server.RaftServerConfigKeys (ConfUtils.java:logGet(44)) - raft.server.log.purge.upto.snapshot.index = false (default)
2020-06-06 05:16:04,021 [pool-163-thread-1] INFO  server.RaftServerConfigKeys (ConfUtils.java:logGet(44)) - raft.server.retrycache.expirytime = 600000ms (custom)
2020-06-06 05:16:04,021 [pool-163-thread-1] INFO  metrics.RatisMetrics (RatisMetrics.java:lambda$create$0(39)) - Creating Metrics Registry : ratis.leader_election.4748d6c1-a840-468c-97bc-f81124d46716@group-FC85AF366854
2020-06-06 05:16:04,021 [pool-147-thread-1] INFO  ratis.ContainerStateMachine (ContainerStateMachine.java:loadSnapshot(226)) - group-7F597F336E44: The snapshot info is null. Setting the last applied indexto:(t:0, i:~)
2020-06-06 05:16:04,022 [pool-147-thread-1] INFO  server.RaftServerConfigKeys (ConfUtils.java:logGet(44)) - raft.server.notification.no-leader.timeout = 60s (default)
2020-06-06 05:16:04,022 [pool-147-thread-1] INFO  server.RaftServerConfigKeys (ConfUtils.java:logGet(44)) - raft.server.log.use.memory = false (default)
2020-06-06 05:16:04,022 [pool-147-thread-1] INFO  server.RaftServerConfigKeys (ConfUtils.java:logGet(44)) - raft.server.log.purge.gap = 1000000 (custom)
2020-06-06 05:16:04,023 [pool-147-thread-1] INFO  server.RaftServerConfigKeys (ConfUtils.java:logGet(44)) - raft.server.log.appender.buffer.byte-limit = 33554432 (custom)
2020-06-06 05:16:04,023 [pool-147-thread-1] INFO  server.RaftServerConfigKeys (ConfUtils.java:logGet(44)) - raft.server.log.segment.size.max = 1048576 (custom)
2020-06-06 05:16:04,023 [pool-147-thread-1] INFO  server.RaftServerConfigKeys (ConfUtils.java:logGet(44)) - raft.server.log.segment.cache.num.max = 2 (custom)
2020-06-06 05:16:04,023 [pool-147-thread-1] INFO  segmented.SegmentedRaftLogWorker (SegmentedRaftLogWorker.java:<init>(176)) - new c5a1e514-6f01-4466-ae6f-c9e2d9db90cf@group-7F597F336E44-SegmentedRaftLogWorker for RaftStorage:Storage Directory /github/workspace/mnt/ozone/hadoop-ozone/integration-test/target/test-dir/MiniOzoneClusterImpl-e9c98d0f-e324-43f2-aa41-70e4df10ec43/datanode-7/data/ratis/d1fd64df-3c23-4618-9d89-7f597f336e44
2020-06-06 05:16:04,023 [pool-147-thread-1] INFO  server.RaftServerConfigKeys (ConfUtils.java:logGet(44)) - raft.server.log.queue.byte-limit = 2147483647 (custom)
2020-06-06 05:16:04,023 [pool-147-thread-1] INFO  server.RaftServerConfigKeys (ConfUtils.java:logGet(44)) - raft.server.log.queue.element-limit = 1024 (custom)
2020-06-06 05:16:04,023 [pool-147-thread-1] INFO  server.RaftServerConfigKeys (ConfUtils.java:logGet(44)) - raft.server.log.segment.size.max = 1048576 (custom)
2020-06-06 05:16:04,023 [pool-147-thread-1] INFO  server.RaftServerConfigKeys (ConfUtils.java:logGet(44)) - raft.server.log.preallocated.size = 16384 (custom)
2020-06-06 05:16:04,023 [pool-147-thread-1] INFO  server.RaftServerConfigKeys (ConfUtils.java:logGet(44)) - raft.server.log.write.buffer.size = 1048576 (custom)
2020-06-06 05:16:04,023 [pool-147-thread-1] INFO  server.RaftServerConfigKeys (ConfUtils.java:logGet(44)) - raft.server.log.force.sync.num = 128 (default)
2020-06-06 05:16:04,024 [pool-147-thread-1] INFO  server.RaftServerConfigKeys (ConfUtils.java:logGet(44)) - raft.server.log.statemachine.data.sync = true (default)
2020-06-06 05:16:04,024 [pool-147-thread-1] INFO  server.RaftServerConfigKeys (ConfUtils.java:logGet(44)) - raft.server.log.statemachine.data.sync.timeout = 10s (default)
2020-06-06 05:16:04,024 [pool-147-thread-1] INFO  server.RaftServerConfigKeys (ConfUtils.java:logGet(44)) - raft.server.log.statemachine.data.sync.timeout.retry = -1 (default)
2020-06-06 05:16:04,024 [pool-147-thread-1] INFO  server.RaftServerConfigKeys (ConfUtils.java:logGet(44)) - raft.server.log.statemachine.data.caching.enabled = true (custom)
2020-06-06 05:16:04,024 [pool-147-thread-1] INFO  segmented.SegmentedRaftLogWorker (SegmentedRaftLogWorker.java:lambda$new$0(129)) - c5a1e514-6f01-4466-ae6f-c9e2d9db90cf@group-7F597F336E44-SegmentedRaftLogWorker: flushIndex: setUnconditionally 0 -> -1
2020-06-06 05:16:04,024 [pool-147-thread-1] INFO  server.RaftServerConfigKeys (ConfUtils.java:logGet(44)) - raft.server.snapshot.auto.trigger.enabled = true (custom)
2020-06-06 05:16:04,024 [pool-147-thread-1] INFO  server.RaftServerConfigKeys (ConfUtils.java:logGet(44)) - raft.server.snapshot.auto.trigger.threshold = 10000 (custom)
2020-06-06 05:16:04,024 [pool-147-thread-1] INFO  server.RaftServerConfigKeys (ConfUtils.java:logGet(44)) - raft.server.snapshot.retention.file.num = 5 (custom)
2020-06-06 05:16:04,023 [grpc-default-executor-2] INFO  impl.RaftServerProxy (RaftServerProxy.java:addNew(89)) - 4748d6c1-a840-468c-97bc-f81124d46716: addNew group-7F597F336E44:[511a318d-fbb5-4d0b-a0f0-9021d224a603:172.17.0.2:39567, 4748d6c1-a840-468c-97bc-f81124d46716:172.17.0.2:42783, c5a1e514-6f01-4466-ae6f-c9e2d9db90cf:172.17.0.2:43443] returns group-7F597F336E44:java.util.concurrent.CompletableFuture@33bf7cae[Not completed]
2020-06-06 05:16:04,026 [pool-179-thread-1] INFO  server.RaftServerConfigKeys (ConfUtils.java:logGet(44)) - raft.server.log.statemachine.data.caching.enabled = true (custom)
2020-06-06 05:16:04,026 [pool-179-thread-1] INFO  segmented.SegmentedRaftLogWorker (SegmentedRaftLogWorker.java:lambda$new$0(129)) - 92229472-150d-4b8c-8c8a-1ffb4ed5a15e@group-5F9612465EBB-SegmentedRaftLogWorker: flushIndex: setUnconditionally 0 -> -1
2020-06-06 05:16:04,026 [pool-163-thread-1] INFO  metrics.RatisMetrics (RatisMetrics.java:lambda$create$0(39)) - Creating Metrics Registry : ratis.server.4748d6c1-a840-468c-97bc-f81124d46716@group-FC85AF366854
2020-06-06 05:16:04,026 [pool-179-thread-1] INFO  server.RaftServerConfigKeys (ConfUtils.java:logGet(44)) - raft.server.snapshot.auto.trigger.enabled = true (custom)
2020-06-06 05:16:04,026 [pool-179-thread-1] INFO  server.RaftServerConfigKeys (ConfUtils.java:logGet(44)) - raft.server.snapshot.auto.trigger.threshold = 10000 (custom)
2020-06-06 05:16:04,026 [pool-179-thread-1] INFO  server.RaftServerConfigKeys (ConfUtils.java:logGet(44)) - raft.server.snapshot.retention.file.num = 5 (custom)
2020-06-06 05:16:04,026 [pool-179-thread-1] INFO  server.RaftServerConfigKeys (ConfUtils.java:logGet(44)) - raft.server.log.purge.upto.snapshot.index = false (default)
2020-06-06 05:16:04,026 [pool-179-thread-1] INFO  server.RaftServerConfigKeys (ConfUtils.java:logGet(44)) - raft.server.retrycache.expirytime = 600000ms (custom)
2020-06-06 05:16:04,027 [pool-179-thread-1] INFO  metrics.RatisMetrics (RatisMetrics.java:lambda$create$0(39)) - Creating Metrics Registry : ratis.leader_election.92229472-150d-4b8c-8c8a-1ffb4ed5a15e@group-5F9612465EBB
2020-06-06 05:16:04,024 [pool-147-thread-1] INFO  server.RaftServerConfigKeys (ConfUtils.java:logGet(44)) - raft.server.log.purge.upto.snapshot.index = false (default)
2020-06-06 05:16:04,027 [pool-147-thread-1] INFO  server.RaftServerConfigKeys (ConfUtils.java:logGet(44)) - raft.server.retrycache.expirytime = 600000ms (custom)
2020-06-06 05:16:04,027 [pool-147-thread-1] INFO  metrics.RatisMetrics (RatisMetrics.java:lambda$create$0(39)) - Creating Metrics Registry : ratis.leader_election.c5a1e514-6f01-4466-ae6f-c9e2d9db90cf@group-7F597F336E44
2020-06-06 05:16:04,029 [pool-163-thread-1] INFO  impl.RaftServerImpl (RaftServerImpl.java:<init>(98)) - 4748d6c1-a840-468c-97bc-f81124d46716: new RaftServerImpl for group-7F597F336E44:[511a318d-fbb5-4d0b-a0f0-9021d224a603:172.17.0.2:39567, 4748d6c1-a840-468c-97bc-f81124d46716:172.17.0.2:42783, c5a1e514-6f01-4466-ae6f-c9e2d9db90cf:172.17.0.2:43443] with ContainerStateMachine:uninitialized
2020-06-06 05:16:04,029 [pool-163-thread-1] INFO  server.RaftServerConfigKeys (ConfUtils.java:logGet(44)) - raft.server.rpc.timeout.min = 1s (custom)
2020-06-06 05:16:04,029 [pool-163-thread-1] INFO  server.RaftServerConfigKeys (ConfUtils.java:logGet(44)) - raft.server.rpc.timeout.max = 1200ms (custom)
2020-06-06 05:16:04,029 [pool-163-thread-1] INFO  server.RaftServerConfigKeys (ConfUtils.java:logGet(44)) - raft.server.rpcslowness.timeout = 300s (custom)
2020-06-06 05:16:04,029 [pool-163-thread-1] INFO  server.RaftServerConfigKeys (ConfUtils.java:logGet(44)) - raft.server.sleep.deviation.threshold = 300 (default)
2020-06-06 05:16:04,029 [pool-163-thread-1] INFO  server.RaftServerConfigKeys (ConfUtils.java:logGet(44)) - raft.server.log.appender.install.snapshot.enabled = false (custom)
2020-06-06 05:16:04,029 [pool-163-thread-1] INFO  impl.RaftServerImpl (ServerState.java:<init>(103)) - 4748d6c1-a840-468c-97bc-f81124d46716@group-7F597F336E44: ConfigurationManager, init=-1: [511a318d-fbb5-4d0b-a0f0-9021d224a603:172.17.0.2:39567, 4748d6c1-a840-468c-97bc-f81124d46716:172.17.0.2:42783, c5a1e514-6f01-4466-ae6f-c9e2d9db90cf:172.17.0.2:43443], old=null, confs=<EMPTY_MAP>
2020-06-06 05:16:04,029 [pool-163-thread-1] INFO  server.RaftServerConfigKeys (ConfUtils.java:logGet(44)) - raft.server.storage.dir = [/github/workspace/mnt/ozone/hadoop-ozone/integration-test/target/test-dir/MiniOzoneClusterImpl-e9c98d0f-e324-43f2-aa41-70e4df10ec43/datanode-8/data/ratis] (custom)
2020-06-06 05:16:04,029 [pool-163-thread-1] INFO  server.RaftServerConfigKeys (ConfUtils.java:logGet(44)) - raft.server.log.corruption.policy = EXCEPTION (default)
2020-06-06 05:16:04,029 [pool-163-thread-1] INFO  storage.RaftStorageDirectory (RaftStorageDirectory.java:analyzeStorage(261)) - The storage directory /github/workspace/mnt/ozone/hadoop-ozone/integration-test/target/test-dir/MiniOzoneClusterImpl-e9c98d0f-e324-43f2-aa41-70e4df10ec43/datanode-8/data/ratis/d1fd64df-3c23-4618-9d89-7f597f336e44 does not exist. Creating ...
2020-06-06 05:16:04,030 [pool-179-thread-1] INFO  metrics.RatisMetrics (RatisMetrics.java:lambda$create$0(39)) - Creating Metrics Registry : ratis.server.92229472-150d-4b8c-8c8a-1ffb4ed5a15e@group-5F9612465EBB
2020-06-06 05:16:04,035 [pool-163-thread-1] INFO  storage.RaftStorageDirectory (RaftStorageDirectory.java:tryLock(343)) - Lock on /github/workspace/mnt/ozone/hadoop-ozone/integration-test/target/test-dir/MiniOzoneClusterImpl-e9c98d0f-e324-43f2-aa41-70e4df10ec43/datanode-8/data/ratis/d1fd64df-3c23-4618-9d89-7f597f336e44/in_use.lock acquired by nodename 3879@04ab1dbc0cb6
2020-06-06 05:16:04,035 [pool-147-thread-1] INFO  metrics.RatisMetrics (RatisMetrics.java:lambda$create$0(39)) - Creating Metrics Registry : ratis.server.c5a1e514-6f01-4466-ae6f-c9e2d9db90cf@group-7F597F336E44
2020-06-06 05:16:04,036 [pool-147-thread-1] INFO  impl.RaftServerImpl (RaftServerImpl.java:start(184)) - c5a1e514-6f01-4466-ae6f-c9e2d9db90cf@group-7F597F336E44: start as a follower, conf=-1: [511a318d-fbb5-4d0b-a0f0-9021d224a603:172.17.0.2:39567, 4748d6c1-a840-468c-97bc-f81124d46716:172.17.0.2:42783, c5a1e514-6f01-4466-ae6f-c9e2d9db90cf:172.17.0.2:43443], old=null
2020-06-06 05:16:04,036 [pool-147-thread-1] INFO  impl.RaftServerImpl (RaftServerImpl.java:setRole(173)) - c5a1e514-6f01-4466-ae6f-c9e2d9db90cf@group-7F597F336E44: changes role from      null to FOLLOWER at term 0 for startAsFollower
2020-06-06 05:16:04,036 [pool-147-thread-1] INFO  impl.RoleInfo (RoleInfo.java:updateAndGet(143)) - c5a1e514-6f01-4466-ae6f-c9e2d9db90cf: start FollowerState
2020-06-06 05:16:04,037 [pool-179-thread-1] INFO  impl.RaftServerImpl (RaftServerImpl.java:start(184)) - 92229472-150d-4b8c-8c8a-1ffb4ed5a15e@group-5F9612465EBB: start as a follower, conf=-1: [92229472-150d-4b8c-8c8a-1ffb4ed5a15e:172.17.0.2:33829], old=null
2020-06-06 05:16:04,037 [pool-179-thread-1] INFO  impl.RaftServerImpl (RaftServerImpl.java:setRole(173)) - 92229472-150d-4b8c-8c8a-1ffb4ed5a15e@group-5F9612465EBB: changes role from      null to FOLLOWER at term 0 for startAsFollower
2020-06-06 05:16:04,037 [pool-163-thread-1] INFO  storage.RaftStorage (RaftStorage.java:format(84)) - Storage directory /github/workspace/mnt/ozone/hadoop-ozone/integration-test/target/test-dir/MiniOzoneClusterImpl-e9c98d0f-e324-43f2-aa41-70e4df10ec43/datanode-8/data/ratis/d1fd64df-3c23-4618-9d89-7f597f336e44 has been successfully formatted.
2020-06-06 05:16:04,041 [pool-147-thread-1] INFO  util.JmxRegister (JmxRegister.java:tryRegister(44)) - Successfully registered JMX Bean with object name Ratis:service=RaftServer,group=group-7F597F336E44,id=c5a1e514-6f01-4466-ae6f-c9e2d9db90cf
2020-06-06 05:16:04,041 [pool-147-thread-1] INFO  metrics.RatisMetrics (RatisMetrics.java:lambda$create$0(39)) - Creating Metrics Registry : ratis.state_machine.c5a1e514-6f01-4466-ae6f-c9e2d9db90cf@group-7F597F336E44
2020-06-06 05:16:04,043 [pool-163-thread-1] INFO  ratis.ContainerStateMachine (ContainerStateMachine.java:loadSnapshot(226)) - group-7F597F336E44: The snapshot info is null. Setting the last applied indexto:(t:0, i:~)
2020-06-06 05:16:04,043 [pool-163-thread-1] INFO  server.RaftServerConfigKeys (ConfUtils.java:logGet(44)) - raft.server.notification.no-leader.timeout = 60s (default)
2020-06-06 05:16:04,043 [pool-163-thread-1] INFO  server.RaftServerConfigKeys (ConfUtils.java:logGet(44)) - raft.server.log.use.memory = false (default)
2020-06-06 05:16:04,043 [pool-163-thread-1] INFO  server.RaftServerConfigKeys (ConfUtils.java:logGet(44)) - raft.server.log.purge.gap = 1000000 (custom)
2020-06-06 05:16:04,043 [pool-163-thread-1] INFO  server.RaftServerConfigKeys (ConfUtils.java:logGet(44)) - raft.server.log.appender.buffer.byte-limit = 33554432 (custom)
2020-06-06 05:16:04,043 [pool-163-thread-1] INFO  server.RaftServerConfigKeys (ConfUtils.java:logGet(44)) - raft.server.log.segment.size.max = 1048576 (custom)
2020-06-06 05:16:04,043 [pool-163-thread-1] INFO  server.RaftServerConfigKeys (ConfUtils.java:logGet(44)) - raft.server.log.segment.cache.num.max = 2 (custom)
2020-06-06 05:16:04,043 [pool-163-thread-1] INFO  segmented.SegmentedRaftLogWorker (SegmentedRaftLogWorker.java:<init>(176)) - new 4748d6c1-a840-468c-97bc-f81124d46716@group-7F597F336E44-SegmentedRaftLogWorker for RaftStorage:Storage Directory /github/workspace/mnt/ozone/hadoop-ozone/integration-test/target/test-dir/MiniOzoneClusterImpl-e9c98d0f-e324-43f2-aa41-70e4df10ec43/datanode-8/data/ratis/d1fd64df-3c23-4618-9d89-7f597f336e44
2020-06-06 05:16:04,043 [pool-163-thread-1] INFO  server.RaftServerConfigKeys (ConfUtils.java:logGet(44)) - raft.server.log.queue.byte-limit = 2147483647 (custom)
2020-06-06 05:16:04,046 [pool-163-thread-1] INFO  server.RaftServerConfigKeys (ConfUtils.java:logGet(44)) - raft.server.log.queue.element-limit = 1024 (custom)
2020-06-06 05:16:04,046 [pool-163-thread-1] INFO  server.RaftServerConfigKeys (ConfUtils.java:logGet(44)) - raft.server.log.segment.size.max = 1048576 (custom)
2020-06-06 05:16:04,046 [pool-163-thread-1] INFO  server.RaftServerConfigKeys (ConfUtils.java:logGet(44)) - raft.server.log.preallocated.size = 16384 (custom)
2020-06-06 05:16:04,046 [pool-163-thread-1] INFO  server.RaftServerConfigKeys (ConfUtils.java:logGet(44)) - raft.server.log.write.buffer.size = 1048576 (custom)
2020-06-06 05:16:04,046 [pool-163-thread-1] INFO  server.RaftServerConfigKeys (ConfUtils.java:logGet(44)) - raft.server.log.force.sync.num = 128 (default)
2020-06-06 05:16:04,046 [pool-163-thread-1] INFO  server.RaftServerConfigKeys (ConfUtils.java:logGet(44)) - raft.server.log.statemachine.data.sync = true (default)
2020-06-06 05:16:04,046 [pool-163-thread-1] INFO  server.RaftServerConfigKeys (ConfUtils.java:logGet(44)) - raft.server.log.statemachine.data.sync.timeout = 10s (default)
2020-06-06 05:16:04,047 [pool-163-thread-1] INFO  server.RaftServerConfigKeys (ConfUtils.java:logGet(44)) - raft.server.log.statemachine.data.sync.timeout.retry = -1 (default)
2020-06-06 05:16:04,048 [pool-179-thread-1] INFO  impl.RoleInfo (RoleInfo.java:updateAndGet(143)) - 92229472-150d-4b8c-8c8a-1ffb4ed5a15e: start FollowerState
2020-06-06 05:16:04,048 [pool-179-thread-1] INFO  util.JmxRegister (JmxRegister.java:tryRegister(44)) - Successfully registered JMX Bean with object name Ratis:service=RaftServer,group=group-5F9612465EBB,id=92229472-150d-4b8c-8c8a-1ffb4ed5a15e
2020-06-06 05:16:04,048 [pool-179-thread-1] INFO  metrics.RatisMetrics (RatisMetrics.java:lambda$create$0(39)) - Creating Metrics Registry : ratis.state_machine.92229472-150d-4b8c-8c8a-1ffb4ed5a15e@group-5F9612465EBB
2020-06-06 05:16:04,050 [pool-163-thread-1] INFO  server.RaftServerConfigKeys (ConfUtils.java:logGet(44)) - raft.server.log.statemachine.data.caching.enabled = true (custom)
2020-06-06 05:16:04,050 [pool-163-thread-1] INFO  segmented.SegmentedRaftLogWorker (SegmentedRaftLogWorker.java:lambda$new$0(129)) - 4748d6c1-a840-468c-97bc-f81124d46716@group-7F597F336E44-SegmentedRaftLogWorker: flushIndex: setUnconditionally 0 -> -1
2020-06-06 05:16:04,050 [Command processor thread] INFO  commandhandler.CreatePipelineCommandHandler (CreatePipelineCommandHandler.java:handle(109)) - Created Pipeline RATIS ONE #id: "5c8c39c2-5848-4aa7-9a7c-5f9612465ebb"
.
2020-06-06 05:16:04,050 [pool-163-thread-1] INFO  server.RaftServerConfigKeys (ConfUtils.java:logGet(44)) - raft.server.snapshot.auto.trigger.enabled = true (custom)
2020-06-06 05:16:04,050 [pool-163-thread-1] INFO  server.RaftServerConfigKeys (ConfUtils.java:logGet(44)) - raft.server.snapshot.auto.trigger.threshold = 10000 (custom)
2020-06-06 05:16:04,050 [pool-163-thread-1] INFO  server.RaftServerConfigKeys (ConfUtils.java:logGet(44)) - raft.server.snapshot.retention.file.num = 5 (custom)
2020-06-06 05:16:04,050 [pool-163-thread-1] INFO  server.RaftServerConfigKeys (ConfUtils.java:logGet(44)) - raft.server.log.purge.upto.snapshot.index = false (default)
2020-06-06 05:16:04,051 [pool-163-thread-1] INFO  server.RaftServerConfigKeys (ConfUtils.java:logGet(44)) - raft.server.retrycache.expirytime = 600000ms (custom)
2020-06-06 05:16:04,051 [pool-163-thread-1] INFO  metrics.RatisMetrics (RatisMetrics.java:lambda$create$0(39)) - Creating Metrics Registry : ratis.leader_election.4748d6c1-a840-468c-97bc-f81124d46716@group-7F597F336E44
2020-06-06 05:16:04,055 [pool-163-thread-1] INFO  metrics.RatisMetrics (RatisMetrics.java:lambda$create$0(39)) - Creating Metrics Registry : ratis.server.4748d6c1-a840-468c-97bc-f81124d46716@group-7F597F336E44
2020-06-06 05:16:04,055 [pool-163-thread-1] INFO  impl.RaftServerImpl (RaftServerImpl.java:start(184)) - 4748d6c1-a840-468c-97bc-f81124d46716@group-FC85AF366854: start as a follower, conf=-1: [4748d6c1-a840-468c-97bc-f81124d46716:172.17.0.2:42783], old=null
2020-06-06 05:16:04,055 [pool-163-thread-1] INFO  impl.RaftServerImpl (RaftServerImpl.java:setRole(173)) - 4748d6c1-a840-468c-97bc-f81124d46716@group-FC85AF366854: changes role from      null to FOLLOWER at term 0 for startAsFollower
2020-06-06 05:16:04,056 [pool-163-thread-1] INFO  impl.RoleInfo (RoleInfo.java:updateAndGet(143)) - 4748d6c1-a840-468c-97bc-f81124d46716: start FollowerState
2020-06-06 05:16:04,064 [pool-163-thread-1] INFO  util.JmxRegister (JmxRegister.java:tryRegister(44)) - Successfully registered JMX Bean with object name Ratis:service=RaftServer,group=group-FC85AF366854,id=4748d6c1-a840-468c-97bc-f81124d46716
2020-06-06 05:16:04,064 [pool-163-thread-1] INFO  metrics.RatisMetrics (RatisMetrics.java:lambda$create$0(39)) - Creating Metrics Registry : ratis.state_machine.4748d6c1-a840-468c-97bc-f81124d46716@group-FC85AF366854
2020-06-06 05:16:04,065 [pool-163-thread-1] INFO  impl.RaftServerImpl (RaftServerImpl.java:start(184)) - 4748d6c1-a840-468c-97bc-f81124d46716@group-7F597F336E44: start as a follower, conf=-1: [511a318d-fbb5-4d0b-a0f0-9021d224a603:172.17.0.2:39567, 4748d6c1-a840-468c-97bc-f81124d46716:172.17.0.2:42783, c5a1e514-6f01-4466-ae6f-c9e2d9db90cf:172.17.0.2:43443], old=null
2020-06-06 05:16:04,065 [pool-163-thread-1] INFO  impl.RaftServerImpl (RaftServerImpl.java:setRole(173)) - 4748d6c1-a840-468c-97bc-f81124d46716@group-7F597F336E44: changes role from      null to FOLLOWER at term 0 for startAsFollower
2020-06-06 05:16:04,065 [pool-163-thread-1] INFO  impl.RoleInfo (RoleInfo.java:updateAndGet(143)) - 4748d6c1-a840-468c-97bc-f81124d46716: start FollowerState
2020-06-06 05:16:04,065 [Command processor thread] INFO  commandhandler.CreatePipelineCommandHandler (CreatePipelineCommandHandler.java:handle(109)) - Created Pipeline RATIS ONE #id: "f2a07715-4f5d-4e02-9eed-fc85af366854"
.
2020-06-06 05:16:04,066 [pool-163-thread-1] INFO  util.JmxRegister (JmxRegister.java:tryRegister(44)) - Successfully registered JMX Bean with object name Ratis:service=RaftServer,group=group-7F597F336E44,id=4748d6c1-a840-468c-97bc-f81124d46716
2020-06-06 05:16:04,066 [pool-163-thread-1] INFO  metrics.RatisMetrics (RatisMetrics.java:lambda$create$0(39)) - Creating Metrics Registry : ratis.state_machine.4748d6c1-a840-468c-97bc-f81124d46716@group-7F597F336E44
2020-06-06 05:16:04,226 [Thread-270] INFO  impl.FollowerState (FollowerState.java:run(108)) - bac48e61-09da-4d4a-9cda-de1b5303032b@group-7E9932F5DC8E-FollowerState: change to CANDIDATE, lastRpcTime:1047ms, electionTimeout:1039ms
2020-06-06 05:16:04,230 [Thread-270] INFO  impl.RoleInfo (RoleInfo.java:shutdownFollowerState(121)) - bac48e61-09da-4d4a-9cda-de1b5303032b: shutdown FollowerState
2020-06-06 05:16:04,230 [Thread-270] INFO  impl.RaftServerImpl (RaftServerImpl.java:setRole(173)) - bac48e61-09da-4d4a-9cda-de1b5303032b@group-7E9932F5DC8E: changes role from  FOLLOWER to CANDIDATE at term 0 for changeToCandidate
2020-06-06 05:16:04,236 [Thread-270] INFO  impl.RoleInfo (RoleInfo.java:updateAndGet(143)) - bac48e61-09da-4d4a-9cda-de1b5303032b: start LeaderElection
2020-06-06 05:16:04,251 [Command processor thread] INFO  commandhandler.CreatePipelineCommandHandler (CreatePipelineCommandHandler.java:handle(109)) - Created Pipeline RATIS THREE #id: "d1fd64df-3c23-4618-9d89-7f597f336e44"
.
2020-06-06 05:16:04,255 [Command processor thread] INFO  commandhandler.CreatePipelineCommandHandler (CreatePipelineCommandHandler.java:handle(109)) - Created Pipeline RATIS THREE #id: "a6a197c9-983a-457b-80f0-8814426f656b"
.
2020-06-06 05:16:04,258 [Command processor thread] INFO  commandhandler.CreatePipelineCommandHandler (CreatePipelineCommandHandler.java:handle(109)) - Created Pipeline RATIS THREE #id: "31b1bed0-81f1-4ab1-9050-308f7357fed9"
.
2020-06-06 05:16:04,259 [bac48e61-09da-4d4a-9cda-de1b5303032b@group-7E9932F5DC8E-LeaderElection1] INFO  impl.LeaderElection (LeaderElection.java:askForVotes(206)) - bac48e61-09da-4d4a-9cda-de1b5303032b@group-7E9932F5DC8E-LeaderElection1: begin an election at term 1 for -1: [bac48e61-09da-4d4a-9cda-de1b5303032b:172.17.0.2:42725], old=null
2020-06-06 05:16:04,260 [Command processor thread] INFO  commandhandler.CreatePipelineCommandHandler (CreatePipelineCommandHandler.java:handle(109)) - Created Pipeline RATIS THREE #id: "a6a197c9-983a-457b-80f0-8814426f656b"
.
2020-06-06 05:16:04,261 [Command processor thread] INFO  commandhandler.CreatePipelineCommandHandler (CreatePipelineCommandHandler.java:handle(109)) - Created Pipeline RATIS THREE #id: "31b1bed0-81f1-4ab1-9050-308f7357fed9"
.
2020-06-06 05:16:04,262 [Command processor thread] INFO  commandhandler.CreatePipelineCommandHandler (CreatePipelineCommandHandler.java:handle(109)) - Created Pipeline RATIS THREE #id: "a6a197c9-983a-457b-80f0-8814426f656b"
.
2020-06-06 05:16:04,262 [Command processor thread] INFO  commandhandler.CreatePipelineCommandHandler (CreatePipelineCommandHandler.java:handle(109)) - Created Pipeline RATIS THREE #id: "31b1bed0-81f1-4ab1-9050-308f7357fed9"
.
2020-06-06 05:16:04,265 [bac48e61-09da-4d4a-9cda-de1b5303032b@group-7E9932F5DC8E-LeaderElection1] INFO  impl.RoleInfo (RoleInfo.java:shutdownLeaderElection(134)) - bac48e61-09da-4d4a-9cda-de1b5303032b: shutdown LeaderElection
2020-06-06 05:16:04,265 [bac48e61-09da-4d4a-9cda-de1b5303032b@group-7E9932F5DC8E-LeaderElection1] INFO  impl.RaftServerImpl (RaftServerImpl.java:setRole(173)) - bac48e61-09da-4d4a-9cda-de1b5303032b@group-7E9932F5DC8E: changes role from CANDIDATE to LEADER at term 1 for changeToLeader
2020-06-06 05:16:04,265 [bac48e61-09da-4d4a-9cda-de1b5303032b@group-7E9932F5DC8E-LeaderElection1] INFO  ratis.XceiverServerRatis (XceiverServerRatis.java:handleLeaderChangedNotification(762)) - Leader change notification received for group: group-7E9932F5DC8E with new leaderId: bac48e61-09da-4d4a-9cda-de1b5303032b
2020-06-06 05:16:04,265 [bac48e61-09da-4d4a-9cda-de1b5303032b@group-7E9932F5DC8E-LeaderElection1] INFO  impl.RaftServerImpl (ServerState.java:setLeader(255)) - bac48e61-09da-4d4a-9cda-de1b5303032b@group-7E9932F5DC8E: change Leader from null to bac48e61-09da-4d4a-9cda-de1b5303032b at term 1 for becomeLeader, leader elected after 1202ms
2020-06-06 05:16:04,269 [bac48e61-09da-4d4a-9cda-de1b5303032b@group-7E9932F5DC8E-LeaderElection1] INFO  server.RaftServerConfigKeys (ConfUtils.java:logGet(44)) - raft.server.staging.catchup.gap = 1000 (default)
2020-06-06 05:16:04,273 [bac48e61-09da-4d4a-9cda-de1b5303032b@group-7E9932F5DC8E-LeaderElection1] INFO  server.RaftServerConfigKeys (ConfUtils.java:logGet(44)) - raft.server.rpc.sleep.time = 25ms (default)
2020-06-06 05:16:04,280 [bac48e61-09da-4d4a-9cda-de1b5303032b@group-7E9932F5DC8E-LeaderElection1] INFO  metrics.RatisMetrics (RatisMetrics.java:lambda$create$0(39)) - Creating Metrics Registry : ratis.log_appender.bac48e61-09da-4d4a-9cda-de1b5303032b@group-7E9932F5DC8E
2020-06-06 05:16:04,282 [bac48e61-09da-4d4a-9cda-de1b5303032b@group-7E9932F5DC8E-LeaderElection1] INFO  server.RaftServerConfigKeys (ConfUtils.java:logGet(44)) - raft.server.write.element-limit = 1024 (custom)
2020-06-06 05:16:04,283 [Command processor thread] INFO  commandhandler.CreatePipelineCommandHandler (CreatePipelineCommandHandler.java:handle(109)) - Created Pipeline RATIS THREE #id: "d1fd64df-3c23-4618-9d89-7f597f336e44"
.
2020-06-06 05:16:04,284 [bac48e61-09da-4d4a-9cda-de1b5303032b@group-7E9932F5DC8E-LeaderElection1] INFO  server.RaftServerConfigKeys (ConfUtils.java:logGet(44)) - raft.server.write.byte-limit = 1073741824 (custom)
2020-06-06 05:16:04,290 [bac48e61-09da-4d4a-9cda-de1b5303032b@group-7E9932F5DC8E-LeaderElection1] INFO  server.RaftServerConfigKeys (ConfUtils.java:logGet(44)) - raft.server.watch.timeout = 3s (custom)
2020-06-06 05:16:04,291 [bac48e61-09da-4d4a-9cda-de1b5303032b@group-7E9932F5DC8E-LeaderElection1] INFO  server.RaftServerConfigKeys (ConfUtils.java:logGet(44)) - raft.server.watch.timeout.denomination = 1s (default)
2020-06-06 05:16:04,291 [bac48e61-09da-4d4a-9cda-de1b5303032b@group-7E9932F5DC8E-LeaderElection1] INFO  server.RaftServerConfigKeys (ConfUtils.java:logGet(44)) - raft.server.watch.element-limit = 65536 (default)
2020-06-06 05:16:04,301 [bac48e61-09da-4d4a-9cda-de1b5303032b@group-7E9932F5DC8E-LeaderElection1] INFO  impl.RoleInfo (RoleInfo.java:updateAndGet(143)) - bac48e61-09da-4d4a-9cda-de1b5303032b: start LeaderState
2020-06-06 05:16:04,316 [bac48e61-09da-4d4a-9cda-de1b5303032b@group-7E9932F5DC8E-LeaderElection1] INFO  segmented.SegmentedRaftLogWorker (SegmentedRaftLogWorker.java:startLogSegment(391)) - bac48e61-09da-4d4a-9cda-de1b5303032b@group-7E9932F5DC8E-SegmentedRaftLogWorker: Starting segment from index:0
2020-06-06 05:16:04,341 [bac48e61-09da-4d4a-9cda-de1b5303032b@group-7E9932F5DC8E-LeaderElection1] INFO  impl.RaftServerImpl (ServerState.java:setRaftConf(356)) - bac48e61-09da-4d4a-9cda-de1b5303032b@group-7E9932F5DC8E: set configuration 0: [bac48e61-09da-4d4a-9cda-de1b5303032b:172.17.0.2:42725], old=null at 0
2020-06-06 05:16:04,349 [Thread-272] INFO  impl.FollowerState (FollowerState.java:run(108)) - 5414add9-8f52-42f4-bc0e-5ee16c82ee52@group-3932973306DF-FollowerState: change to CANDIDATE, lastRpcTime:1134ms, electionTimeout:1128ms
2020-06-06 05:16:04,350 [Thread-272] INFO  impl.RoleInfo (RoleInfo.java:shutdownFollowerState(121)) - 5414add9-8f52-42f4-bc0e-5ee16c82ee52: shutdown FollowerState
2020-06-06 05:16:04,350 [Thread-272] INFO  impl.RaftServerImpl (RaftServerImpl.java:setRole(173)) - 5414add9-8f52-42f4-bc0e-5ee16c82ee52@group-3932973306DF: changes role from  FOLLOWER to CANDIDATE at term 0 for changeToCandidate
2020-06-06 05:16:04,350 [Thread-272] INFO  impl.RoleInfo (RoleInfo.java:updateAndGet(143)) - 5414add9-8f52-42f4-bc0e-5ee16c82ee52: start LeaderElection
2020-06-06 05:16:04,362 [5414add9-8f52-42f4-bc0e-5ee16c82ee52@group-3932973306DF-LeaderElection2] INFO  impl.LeaderElection (LeaderElection.java:askForVotes(206)) - 5414add9-8f52-42f4-bc0e-5ee16c82ee52@group-3932973306DF-LeaderElection2: begin an election at term 1 for -1: [5414add9-8f52-42f4-bc0e-5ee16c82ee52:172.17.0.2:45995], old=null
2020-06-06 05:16:04,363 [5414add9-8f52-42f4-bc0e-5ee16c82ee52@group-3932973306DF-LeaderElection2] INFO  impl.RoleInfo (RoleInfo.java:shutdownLeaderElection(134)) - 5414add9-8f52-42f4-bc0e-5ee16c82ee52: shutdown LeaderElection
2020-06-06 05:16:04,363 [5414add9-8f52-42f4-bc0e-5ee16c82ee52@group-3932973306DF-LeaderElection2] INFO  impl.RaftServerImpl (RaftServerImpl.java:setRole(173)) - 5414add9-8f52-42f4-bc0e-5ee16c82ee52@group-3932973306DF: changes role from CANDIDATE to LEADER at term 1 for changeToLeader
2020-06-06 05:16:04,363 [5414add9-8f52-42f4-bc0e-5ee16c82ee52@group-3932973306DF-LeaderElection2] INFO  ratis.XceiverServerRatis (XceiverServerRatis.java:handleLeaderChangedNotification(762)) - Leader change notification received for group: group-3932973306DF with new leaderId: 5414add9-8f52-42f4-bc0e-5ee16c82ee52
2020-06-06 05:16:04,363 [5414add9-8f52-42f4-bc0e-5ee16c82ee52@group-3932973306DF-LeaderElection2] INFO  impl.RaftServerImpl (ServerState.java:setLeader(255)) - 5414add9-8f52-42f4-bc0e-5ee16c82ee52@group-3932973306DF: change Leader from null to 5414add9-8f52-42f4-bc0e-5ee16c82ee52 at term 1 for becomeLeader, leader elected after 1158ms
2020-06-06 05:16:04,363 [5414add9-8f52-42f4-bc0e-5ee16c82ee52@group-3932973306DF-LeaderElection2] INFO  server.RaftServerConfigKeys (ConfUtils.java:logGet(44)) - raft.server.staging.catchup.gap = 1000 (default)
2020-06-06 05:16:04,363 [5414add9-8f52-42f4-bc0e-5ee16c82ee52@group-3932973306DF-LeaderElection2] INFO  server.RaftServerConfigKeys (ConfUtils.java:logGet(44)) - raft.server.rpc.sleep.time = 25ms (default)
2020-06-06 05:16:04,363 [5414add9-8f52-42f4-bc0e-5ee16c82ee52@group-3932973306DF-LeaderElection2] INFO  metrics.RatisMetrics (RatisMetrics.java:lambda$create$0(39)) - Creating Metrics Registry : ratis.log_appender.5414add9-8f52-42f4-bc0e-5ee16c82ee52@group-3932973306DF
2020-06-06 05:16:04,364 [5414add9-8f52-42f4-bc0e-5ee16c82ee52@group-3932973306DF-LeaderElection2] INFO  server.RaftServerConfigKeys (ConfUtils.java:logGet(44)) - raft.server.write.element-limit = 1024 (custom)
2020-06-06 05:16:04,364 [5414add9-8f52-42f4-bc0e-5ee16c82ee52@group-3932973306DF-LeaderElection2] INFO  server.RaftServerConfigKeys (ConfUtils.java:logGet(44)) - raft.server.write.byte-limit = 1073741824 (custom)
2020-06-06 05:16:04,368 [5414add9-8f52-42f4-bc0e-5ee16c82ee52@group-3932973306DF-LeaderElection2] INFO  server.RaftServerConfigKeys (ConfUtils.java:logGet(44)) - raft.server.watch.timeout = 3s (custom)
2020-06-06 05:16:04,369 [5414add9-8f52-42f4-bc0e-5ee16c82ee52@group-3932973306DF-LeaderElection2] INFO  server.RaftServerConfigKeys (ConfUtils.java:logGet(44)) - raft.server.watch.timeout.denomination = 1s (default)
2020-06-06 05:16:04,369 [5414add9-8f52-42f4-bc0e-5ee16c82ee52@group-3932973306DF-LeaderElection2] INFO  server.RaftServerConfigKeys (ConfUtils.java:logGet(44)) - raft.server.watch.element-limit = 65536 (default)
2020-06-06 05:16:04,369 [5414add9-8f52-42f4-bc0e-5ee16c82ee52@group-3932973306DF-LeaderElection2] INFO  impl.RoleInfo (RoleInfo.java:updateAndGet(143)) - 5414add9-8f52-42f4-bc0e-5ee16c82ee52: start LeaderState
2020-06-06 05:16:04,369 [5414add9-8f52-42f4-bc0e-5ee16c82ee52@group-3932973306DF-LeaderElection2] INFO  segmented.SegmentedRaftLogWorker (SegmentedRaftLogWorker.java:startLogSegment(391)) - 5414add9-8f52-42f4-bc0e-5ee16c82ee52@group-3932973306DF-SegmentedRaftLogWorker: Starting segment from index:0
2020-06-06 05:16:04,371 [Thread-274] INFO  impl.FollowerState (FollowerState.java:run(108)) - 5414add9-8f52-42f4-bc0e-5ee16c82ee52@group-308F7357FED9-FollowerState: change to CANDIDATE, lastRpcTime:1116ms, electionTimeout:1106ms
2020-06-06 05:16:04,371 [Thread-274] INFO  impl.RoleInfo (RoleInfo.java:shutdownFollowerState(121)) - 5414add9-8f52-42f4-bc0e-5ee16c82ee52: shutdown FollowerState
2020-06-06 05:16:04,371 [Thread-274] INFO  impl.RaftServerImpl (RaftServerImpl.java:setRole(173)) - 5414add9-8f52-42f4-bc0e-5ee16c82ee52@group-308F7357FED9: changes role from  FOLLOWER to CANDIDATE at term 0 for changeToCandidate
2020-06-06 05:16:04,380 [5414add9-8f52-42f4-bc0e-5ee16c82ee52@group-3932973306DF-LeaderElection2] INFO  impl.RaftServerImpl (ServerState.java:setRaftConf(356)) - 5414add9-8f52-42f4-bc0e-5ee16c82ee52@group-3932973306DF: set configuration 0: [5414add9-8f52-42f4-bc0e-5ee16c82ee52:172.17.0.2:45995], old=null at 0
2020-06-06 05:16:04,380 [Thread-274] INFO  impl.RoleInfo (RoleInfo.java:updateAndGet(143)) - 5414add9-8f52-42f4-bc0e-5ee16c82ee52: start LeaderElection
2020-06-06 05:16:04,390 [5414add9-8f52-42f4-bc0e-5ee16c82ee52@group-308F7357FED9-LeaderElection3] INFO  impl.LeaderElection (LeaderElection.java:askForVotes(206)) - 5414add9-8f52-42f4-bc0e-5ee16c82ee52@group-308F7357FED9-LeaderElection3: begin an election at term 1 for -1: [5414add9-8f52-42f4-bc0e-5ee16c82ee52:172.17.0.2:45995, bac48e61-09da-4d4a-9cda-de1b5303032b:172.17.0.2:42725, dfea1794-fda5-4e0a-86f7-27bb8c5952a1:172.17.0.2:46543], old=null
2020-06-06 05:16:04,399 [Thread-280] INFO  impl.FollowerState (FollowerState.java:run(108)) - dfea1794-fda5-4e0a-86f7-27bb8c5952a1@group-308F7357FED9-FollowerState: change to CANDIDATE, lastRpcTime:1044ms, electionTimeout:1027ms
2020-06-06 05:16:04,399 [Thread-280] INFO  impl.RoleInfo (RoleInfo.java:shutdownFollowerState(121)) - dfea1794-fda5-4e0a-86f7-27bb8c5952a1: shutdown FollowerState
2020-06-06 05:16:04,399 [Thread-280] INFO  impl.RaftServerImpl (RaftServerImpl.java:setRole(173)) - dfea1794-fda5-4e0a-86f7-27bb8c5952a1@group-308F7357FED9: changes role from  FOLLOWER to CANDIDATE at term 0 for changeToCandidate
2020-06-06 05:16:04,405 [Thread-280] INFO  impl.RoleInfo (RoleInfo.java:updateAndGet(143)) - dfea1794-fda5-4e0a-86f7-27bb8c5952a1: start LeaderElection
2020-06-06 05:16:04,428 [Thread-276] INFO  impl.FollowerState (FollowerState.java:run(108)) - bac48e61-09da-4d4a-9cda-de1b5303032b@group-308F7357FED9-FollowerState: change to CANDIDATE, lastRpcTime:1149ms, electionTimeout:1137ms
2020-06-06 05:16:04,428 [Thread-276] INFO  impl.RoleInfo (RoleInfo.java:shutdownFollowerState(121)) - bac48e61-09da-4d4a-9cda-de1b5303032b: shutdown FollowerState
2020-06-06 05:16:04,428 [Thread-276] INFO  impl.RaftServerImpl (RaftServerImpl.java:setRole(173)) - bac48e61-09da-4d4a-9cda-de1b5303032b@group-308F7357FED9: changes role from  FOLLOWER to CANDIDATE at term 0 for changeToCandidate
2020-06-06 05:16:04,428 [Thread-276] INFO  impl.RoleInfo (RoleInfo.java:updateAndGet(143)) - bac48e61-09da-4d4a-9cda-de1b5303032b: start LeaderElection
2020-06-06 05:16:04,437 [dfea1794-fda5-4e0a-86f7-27bb8c5952a1@group-308F7357FED9-LeaderElection4] INFO  impl.LeaderElection (LeaderElection.java:askForVotes(206)) - dfea1794-fda5-4e0a-86f7-27bb8c5952a1@group-308F7357FED9-LeaderElection4: begin an election at term 1 for -1: [5414add9-8f52-42f4-bc0e-5ee16c82ee52:172.17.0.2:45995, bac48e61-09da-4d4a-9cda-de1b5303032b:172.17.0.2:42725, dfea1794-fda5-4e0a-86f7-27bb8c5952a1:172.17.0.2:46543], old=null
2020-06-06 05:16:04,450 [grpc-default-executor-4] INFO  impl.RaftServerImpl (RaftServerImpl.java:setRole(173)) - bac48e61-09da-4d4a-9cda-de1b5303032b@group-308F7357FED9: changes role from CANDIDATE to FOLLOWER at term 1 for recognizeCandidate:5414add9-8f52-42f4-bc0e-5ee16c82ee52
2020-06-06 05:16:04,450 [grpc-default-executor-4] INFO  impl.RoleInfo (RoleInfo.java:shutdownLeaderElection(134)) - bac48e61-09da-4d4a-9cda-de1b5303032b: shutdown LeaderElection
2020-06-06 05:16:04,450 [grpc-default-executor-4] INFO  impl.RoleInfo (RoleInfo.java:updateAndGet(143)) - bac48e61-09da-4d4a-9cda-de1b5303032b: start FollowerState
2020-06-06 05:16:04,465 [bac48e61-09da-4d4a-9cda-de1b5303032b@group-308F7357FED9-LeaderElection5] INFO  impl.LeaderElection (LeaderElection.java:askForVotes(206)) - bac48e61-09da-4d4a-9cda-de1b5303032b@group-308F7357FED9-LeaderElection5: begin an election at term 2 for -1: [5414add9-8f52-42f4-bc0e-5ee16c82ee52:172.17.0.2:45995, bac48e61-09da-4d4a-9cda-de1b5303032b:172.17.0.2:42725, dfea1794-fda5-4e0a-86f7-27bb8c5952a1:172.17.0.2:46543], old=null
2020-06-06 05:16:04,467 [5414add9-8f52-42f4-bc0e-5ee16c82ee52@group-308F7357FED9-LeaderElection3] INFO  impl.LeaderElection (LeaderElection.java:logAndReturn(61)) - 5414add9-8f52-42f4-bc0e-5ee16c82ee52@group-308F7357FED9-LeaderElection3: Election REJECTED; received 2 response(s) [5414add9-8f52-42f4-bc0e-5ee16c82ee52<-bac48e61-09da-4d4a-9cda-de1b5303032b#0:FAIL-t1, 5414add9-8f52-42f4-bc0e-5ee16c82ee52<-dfea1794-fda5-4e0a-86f7-27bb8c5952a1#0:FAIL-t1] and 0 exception(s); 5414add9-8f52-42f4-bc0e-5ee16c82ee52@group-308F7357FED9:t1, leader=null, voted=5414add9-8f52-42f4-bc0e-5ee16c82ee52, raftlog=5414add9-8f52-42f4-bc0e-5ee16c82ee52@group-308F7357FED9-SegmentedRaftLog:OPENED:c-1,f-1,i0, conf=-1: [5414add9-8f52-42f4-bc0e-5ee16c82ee52:172.17.0.2:45995, bac48e61-09da-4d4a-9cda-de1b5303032b:172.17.0.2:42725, dfea1794-fda5-4e0a-86f7-27bb8c5952a1:172.17.0.2:46543], old=null
2020-06-06 05:16:04,467 [5414add9-8f52-42f4-bc0e-5ee16c82ee52@group-308F7357FED9-LeaderElection3] INFO  impl.RaftServerImpl (RaftServerImpl.java:setRole(173)) - 5414add9-8f52-42f4-bc0e-5ee16c82ee52@group-308F7357FED9: changes role from CANDIDATE to FOLLOWER at term 1 for DISCOVERED_A_NEW_TERM
2020-06-06 05:16:04,467 [5414add9-8f52-42f4-bc0e-5ee16c82ee52@group-308F7357FED9-LeaderElection3] INFO  impl.RoleInfo (RoleInfo.java:shutdownLeaderElection(134)) - 5414add9-8f52-42f4-bc0e-5ee16c82ee52: shutdown LeaderElection
2020-06-06 05:16:04,471 [bac48e61-09da-4d4a-9cda-de1b5303032b@group-308F7357FED9-LeaderElection5] INFO  impl.LeaderElection (LeaderElection.java:logAndReturn(61)) - bac48e61-09da-4d4a-9cda-de1b5303032b@group-308F7357FED9-LeaderElection5: Election REJECTED; received 0 response(s) [] and 0 exception(s); bac48e61-09da-4d4a-9cda-de1b5303032b@group-308F7357FED9:t2, leader=null, voted=bac48e61-09da-4d4a-9cda-de1b5303032b, raftlog=bac48e61-09da-4d4a-9cda-de1b5303032b@group-308F7357FED9-SegmentedRaftLog:OPENED:c-1,f-1,i0, conf=-1: [5414add9-8f52-42f4-bc0e-5ee16c82ee52:172.17.0.2:45995, bac48e61-09da-4d4a-9cda-de1b5303032b:172.17.0.2:42725, dfea1794-fda5-4e0a-86f7-27bb8c5952a1:172.17.0.2:46543], old=null
2020-06-06 05:16:04,477 [Thread-284] INFO  impl.FollowerState (FollowerState.java:run(108)) - 1a49a296-5844-4022-b55f-cb040720ebd9@group-8814426F656B-FollowerState: change to CANDIDATE, lastRpcTime:1033ms, electionTimeout:1032ms
2020-06-06 05:16:04,477 [Thread-284] INFO  impl.RoleInfo (RoleInfo.java:shutdownFollowerState(121)) - 1a49a296-5844-4022-b55f-cb040720ebd9: shutdown FollowerState
2020-06-06 05:16:04,477 [Thread-284] INFO  impl.RaftServerImpl (RaftServerImpl.java:setRole(173)) - 1a49a296-5844-4022-b55f-cb040720ebd9@group-8814426F656B: changes role from  FOLLOWER to CANDIDATE at term 0 for changeToCandidate
2020-06-06 05:16:04,477 [Thread-284] INFO  impl.RoleInfo (RoleInfo.java:updateAndGet(143)) - 1a49a296-5844-4022-b55f-cb040720ebd9: start LeaderElection
2020-06-06 05:16:04,480 [5414add9-8f52-42f4-bc0e-5ee16c82ee52@group-308F7357FED9-LeaderElection3] INFO  impl.RoleInfo (RoleInfo.java:updateAndGet(143)) - 5414add9-8f52-42f4-bc0e-5ee16c82ee52: start FollowerState
2020-06-06 05:16:04,480 [bac48e61-09da-4d4a-9cda-de1b5303032b@group-7E9932F5DC8E-SegmentedRaftLogWorker] INFO  segmented.SegmentedRaftLogWorker (SegmentedRaftLogWorker.java:execute(583)) - bac48e61-09da-4d4a-9cda-de1b5303032b@group-7E9932F5DC8E-SegmentedRaftLogWorker: created new log segment /github/workspace/mnt/ozone/hadoop-ozone/integration-test/target/test-dir/MiniOzoneClusterImpl-e9c98d0f-e324-43f2-aa41-70e4df10ec43/datanode-0/data/ratis/7789e8f3-459b-46ee-bf97-7e9932f5dc8e/current/log_inprogress_0
2020-06-06 05:16:04,480 [5414add9-8f52-42f4-bc0e-5ee16c82ee52@group-3932973306DF-SegmentedRaftLogWorker] INFO  segmented.SegmentedRaftLogWorker (SegmentedRaftLogWorker.java:execute(583)) - 5414add9-8f52-42f4-bc0e-5ee16c82ee52@group-3932973306DF-SegmentedRaftLogWorker: created new log segment /github/workspace/mnt/ozone/hadoop-ozone/integration-test/target/test-dir/MiniOzoneClusterImpl-e9c98d0f-e324-43f2-aa41-70e4df10ec43/datanode-1/data/ratis/b2fde568-4d78-4a73-9fc5-3932973306df/current/log_inprogress_0
2020-06-06 05:16:04,494 [dfea1794-fda5-4e0a-86f7-27bb8c5952a1@group-308F7357FED9-LeaderElection4] INFO  impl.LeaderElection (LeaderElection.java:logAndReturn(61)) - dfea1794-fda5-4e0a-86f7-27bb8c5952a1@group-308F7357FED9-LeaderElection4: Election DISCOVERED_A_NEW_TERM; received 1 response(s) [dfea1794-fda5-4e0a-86f7-27bb8c5952a1<-bac48e61-09da-4d4a-9cda-de1b5303032b#0:FAIL-t2] and 0 exception(s); dfea1794-fda5-4e0a-86f7-27bb8c5952a1@group-308F7357FED9:t1, leader=null, voted=dfea1794-fda5-4e0a-86f7-27bb8c5952a1, raftlog=dfea1794-fda5-4e0a-86f7-27bb8c5952a1@group-308F7357FED9-SegmentedRaftLog:OPENED:c-1,f-1,i0, conf=-1: [5414add9-8f52-42f4-bc0e-5ee16c82ee52:172.17.0.2:45995, bac48e61-09da-4d4a-9cda-de1b5303032b:172.17.0.2:42725, dfea1794-fda5-4e0a-86f7-27bb8c5952a1:172.17.0.2:46543], old=null
2020-06-06 05:16:04,494 [dfea1794-fda5-4e0a-86f7-27bb8c5952a1@group-308F7357FED9-LeaderElection4] INFO  impl.RaftServerImpl (RaftServerImpl.java:setRole(173)) - dfea1794-fda5-4e0a-86f7-27bb8c5952a1@group-308F7357FED9: changes role from CANDIDATE to FOLLOWER at term 2 for DISCOVERED_A_NEW_TERM
2020-06-06 05:16:04,494 [dfea1794-fda5-4e0a-86f7-27bb8c5952a1@group-308F7357FED9-LeaderElection4] INFO  impl.RoleInfo (RoleInfo.java:shutdownLeaderElection(134)) - dfea1794-fda5-4e0a-86f7-27bb8c5952a1: shutdown LeaderElection
2020-06-06 05:16:04,494 [dfea1794-fda5-4e0a-86f7-27bb8c5952a1@group-308F7357FED9-LeaderElection4] INFO  impl.RoleInfo (RoleInfo.java:updateAndGet(143)) - dfea1794-fda5-4e0a-86f7-27bb8c5952a1: start FollowerState
2020-06-06 05:16:04,495 [grpc-default-executor-5] INFO  impl.RaftServerImpl (RaftServerImpl.java:setRole(173)) - 5414add9-8f52-42f4-bc0e-5ee16c82ee52@group-308F7357FED9: changes role from  FOLLOWER to FOLLOWER at term 2 for recognizeCandidate:bac48e61-09da-4d4a-9cda-de1b5303032b
2020-06-06 05:16:04,506 [grpc-default-executor-5] INFO  impl.RoleInfo (RoleInfo.java:shutdownFollowerState(121)) - 5414add9-8f52-42f4-bc0e-5ee16c82ee52: shutdown FollowerState
2020-06-06 05:16:04,506 [grpc-default-executor-5] INFO  impl.RoleInfo (RoleInfo.java:updateAndGet(143)) - 5414add9-8f52-42f4-bc0e-5ee16c82ee52: start FollowerState
2020-06-06 05:16:04,507 [Thread-336] INFO  impl.FollowerState (FollowerState.java:run(117)) - 5414add9-8f52-42f4-bc0e-5ee16c82ee52@group-308F7357FED9-FollowerState was interrupted: java.lang.InterruptedException: sleep interrupted
2020-06-06 05:16:04,497 [1a49a296-5844-4022-b55f-cb040720ebd9@group-8814426F656B-LeaderElection6] INFO  impl.LeaderElection (LeaderElection.java:askForVotes(206)) - 1a49a296-5844-4022-b55f-cb040720ebd9@group-8814426F656B-LeaderElection6: begin an election at term 1 for -1: [16c5f78f-17e9-4ae3-8c1c-bc00fdbfe39b:172.17.0.2:33655, 6b1e40fd-b271-4671-bc2e-69bde6106f78:172.17.0.2:40049, 1a49a296-5844-4022-b55f-cb040720ebd9:172.17.0.2:44811], old=null
2020-06-06 05:16:04,510 [Thread-278] INFO  impl.FollowerState (FollowerState.java:run(108)) - dfea1794-fda5-4e0a-86f7-27bb8c5952a1@group-0BCCC0FCF8C9-FollowerState: change to CANDIDATE, lastRpcTime:1202ms, electionTimeout:1196ms
2020-06-06 05:16:04,510 [Thread-278] INFO  impl.RoleInfo (RoleInfo.java:shutdownFollowerState(121)) - dfea1794-fda5-4e0a-86f7-27bb8c5952a1: shutdown FollowerState
2020-06-06 05:16:04,510 [Thread-278] INFO  impl.RaftServerImpl (RaftServerImpl.java:setRole(173)) - dfea1794-fda5-4e0a-86f7-27bb8c5952a1@group-0BCCC0FCF8C9: changes role from  FOLLOWER to CANDIDATE at term 0 for changeToCandidate
2020-06-06 05:16:04,516 [Thread-278] INFO  impl.RoleInfo (RoleInfo.java:updateAndGet(143)) - dfea1794-fda5-4e0a-86f7-27bb8c5952a1: start LeaderElection
2020-06-06 05:16:04,525 [grpc-default-executor-0] INFO  impl.RaftServerImpl (RaftServerImpl.java:setRole(173)) - dfea1794-fda5-4e0a-86f7-27bb8c5952a1@group-308F7357FED9: changes role from  FOLLOWER to FOLLOWER at term 2 for recognizeCandidate:bac48e61-09da-4d4a-9cda-de1b5303032b
2020-06-06 05:16:04,525 [grpc-default-executor-0] INFO  impl.RoleInfo (RoleInfo.java:shutdownFollowerState(121)) - dfea1794-fda5-4e0a-86f7-27bb8c5952a1: shutdown FollowerState
2020-06-06 05:16:04,525 [grpc-default-executor-0] INFO  impl.RoleInfo (RoleInfo.java:updateAndGet(143)) - dfea1794-fda5-4e0a-86f7-27bb8c5952a1: start FollowerState
2020-06-06 05:16:04,525 [Thread-339] INFO  impl.FollowerState (FollowerState.java:run(117)) - dfea1794-fda5-4e0a-86f7-27bb8c5952a1@group-308F7357FED9-FollowerState was interrupted: java.lang.InterruptedException: sleep interrupted
2020-06-06 05:16:04,536 [grpc-default-executor-5] INFO  impl.RaftServerImpl (RaftServerImpl.java:setRole(173)) - 16c5f78f-17e9-4ae3-8c1c-bc00fdbfe39b@group-8814426F656B: changes role from  FOLLOWER to FOLLOWER at term 1 for recognizeCandidate:1a49a296-5844-4022-b55f-cb040720ebd9
2020-06-06 05:16:04,536 [grpc-default-executor-5] INFO  impl.RoleInfo (RoleInfo.java:shutdownFollowerState(121)) - 16c5f78f-17e9-4ae3-8c1c-bc00fdbfe39b: shutdown FollowerState
2020-06-06 05:16:04,536 [dfea1794-fda5-4e0a-86f7-27bb8c5952a1@group-0BCCC0FCF8C9-LeaderElection7] INFO  impl.LeaderElection (LeaderElection.java:askForVotes(206)) - dfea1794-fda5-4e0a-86f7-27bb8c5952a1@group-0BCCC0FCF8C9-LeaderElection7: begin an election at term 1 for -1: [dfea1794-fda5-4e0a-86f7-27bb8c5952a1:172.17.0.2:46543], old=null
2020-06-06 05:16:04,536 [Thread-294] INFO  impl.FollowerState (FollowerState.java:run(117)) - 16c5f78f-17e9-4ae3-8c1c-bc00fdbfe39b@group-8814426F656B-FollowerState was interrupted: java.lang.InterruptedException: sleep interrupted
2020-06-06 05:16:04,536 [grpc-default-executor-5] INFO  impl.RoleInfo (RoleInfo.java:updateAndGet(143)) - 16c5f78f-17e9-4ae3-8c1c-bc00fdbfe39b: start FollowerState
2020-06-06 05:16:04,536 [dfea1794-fda5-4e0a-86f7-27bb8c5952a1@group-0BCCC0FCF8C9-LeaderElection7] INFO  impl.RoleInfo (RoleInfo.java:shutdownLeaderElection(134)) - dfea1794-fda5-4e0a-86f7-27bb8c5952a1: shutdown LeaderElection
2020-06-06 05:16:04,537 [dfea1794-fda5-4e0a-86f7-27bb8c5952a1@group-0BCCC0FCF8C9-LeaderElection7] INFO  impl.RaftServerImpl (RaftServerImpl.java:setRole(173)) - dfea1794-fda5-4e0a-86f7-27bb8c5952a1@group-0BCCC0FCF8C9: changes role from CANDIDATE to LEADER at term 1 for changeToLeader
2020-06-06 05:16:04,537 [dfea1794-fda5-4e0a-86f7-27bb8c5952a1@group-0BCCC0FCF8C9-LeaderElection7] INFO  ratis.XceiverServerRatis (XceiverServerRatis.java:handleLeaderChangedNotification(762)) - Leader change notification received for group: group-0BCCC0FCF8C9 with new leaderId: dfea1794-fda5-4e0a-86f7-27bb8c5952a1
2020-06-06 05:16:04,541 [dfea1794-fda5-4e0a-86f7-27bb8c5952a1@group-0BCCC0FCF8C9-LeaderElection7] INFO  impl.RaftServerImpl (ServerState.java:setLeader(255)) - dfea1794-fda5-4e0a-86f7-27bb8c5952a1@group-0BCCC0FCF8C9: change Leader from null to dfea1794-fda5-4e0a-86f7-27bb8c5952a1 at term 1 for becomeLeader, leader elected after 1252ms
2020-06-06 05:16:04,541 [dfea1794-fda5-4e0a-86f7-27bb8c5952a1@group-0BCCC0FCF8C9-LeaderElection7] INFO  server.RaftServerConfigKeys (ConfUtils.java:logGet(44)) - raft.server.staging.catchup.gap = 1000 (default)
2020-06-06 05:16:04,541 [dfea1794-fda5-4e0a-86f7-27bb8c5952a1@group-0BCCC0FCF8C9-LeaderElection7] INFO  server.RaftServerConfigKeys (ConfUtils.java:logGet(44)) - raft.server.rpc.sleep.time = 25ms (default)
2020-06-06 05:16:04,541 [dfea1794-fda5-4e0a-86f7-27bb8c5952a1@group-0BCCC0FCF8C9-LeaderElection7] INFO  metrics.RatisMetrics (RatisMetrics.java:lambda$create$0(39)) - Creating Metrics Registry : ratis.log_appender.dfea1794-fda5-4e0a-86f7-27bb8c5952a1@group-0BCCC0FCF8C9
2020-06-06 05:16:04,541 [dfea1794-fda5-4e0a-86f7-27bb8c5952a1@group-0BCCC0FCF8C9-LeaderElection7] INFO  server.RaftServerConfigKeys (ConfUtils.java:logGet(44)) - raft.server.write.element-limit = 1024 (custom)
2020-06-06 05:16:04,541 [dfea1794-fda5-4e0a-86f7-27bb8c5952a1@group-0BCCC0FCF8C9-LeaderElection7] INFO  server.RaftServerConfigKeys (ConfUtils.java:logGet(44)) - raft.server.write.byte-limit = 1073741824 (custom)
2020-06-06 05:16:04,541 [dfea1794-fda5-4e0a-86f7-27bb8c5952a1@group-0BCCC0FCF8C9-LeaderElection7] INFO  server.RaftServerConfigKeys (ConfUtils.java:logGet(44)) - raft.server.watch.timeout = 3s (custom)
2020-06-06 05:16:04,541 [dfea1794-fda5-4e0a-86f7-27bb8c5952a1@group-0BCCC0FCF8C9-LeaderElection7] INFO  server.RaftServerConfigKeys (ConfUtils.java:logGet(44)) - raft.server.watch.timeout.denomination = 1s (default)
2020-06-06 05:16:04,542 [dfea1794-fda5-4e0a-86f7-27bb8c5952a1@group-0BCCC0FCF8C9-LeaderElection7] INFO  server.RaftServerConfigKeys (ConfUtils.java:logGet(44)) - raft.server.watch.element-limit = 65536 (default)
2020-06-06 05:16:04,542 [dfea1794-fda5-4e0a-86f7-27bb8c5952a1@group-0BCCC0FCF8C9-LeaderElection7] INFO  impl.RoleInfo (RoleInfo.java:updateAndGet(143)) - dfea1794-fda5-4e0a-86f7-27bb8c5952a1: start LeaderState
2020-06-06 05:16:04,542 [dfea1794-fda5-4e0a-86f7-27bb8c5952a1@group-0BCCC0FCF8C9-LeaderElection7] INFO  segmented.SegmentedRaftLogWorker (SegmentedRaftLogWorker.java:startLogSegment(391)) - dfea1794-fda5-4e0a-86f7-27bb8c5952a1@group-0BCCC0FCF8C9-SegmentedRaftLogWorker: Starting segment from index:0
2020-06-06 05:16:04,543 [dfea1794-fda5-4e0a-86f7-27bb8c5952a1@group-0BCCC0FCF8C9-SegmentedRaftLogWorker] INFO  segmented.SegmentedRaftLogWorker (SegmentedRaftLogWorker.java:execute(583)) - dfea1794-fda5-4e0a-86f7-27bb8c5952a1@group-0BCCC0FCF8C9-SegmentedRaftLogWorker: created new log segment /github/workspace/mnt/ozone/hadoop-ozone/integration-test/target/test-dir/MiniOzoneClusterImpl-e9c98d0f-e324-43f2-aa41-70e4df10ec43/datanode-2/data/ratis/6f63ecc3-49e5-4463-aa88-0bccc0fcf8c9/current/log_inprogress_0
2020-06-06 05:16:04,548 [dfea1794-fda5-4e0a-86f7-27bb8c5952a1@group-0BCCC0FCF8C9-LeaderElection7] INFO  impl.RaftServerImpl (ServerState.java:setRaftConf(356)) - dfea1794-fda5-4e0a-86f7-27bb8c5952a1@group-0BCCC0FCF8C9: set configuration 0: [dfea1794-fda5-4e0a-86f7-27bb8c5952a1:172.17.0.2:46543], old=null at 0
2020-06-06 05:16:04,550 [1a49a296-5844-4022-b55f-cb040720ebd9@group-8814426F656B-LeaderElection6] INFO  impl.LeaderElection (LeaderElection.java:logAndReturn(61)) - 1a49a296-5844-4022-b55f-cb040720ebd9@group-8814426F656B-LeaderElection6: Election PASSED; received 1 response(s) [1a49a296-5844-4022-b55f-cb040720ebd9<-16c5f78f-17e9-4ae3-8c1c-bc00fdbfe39b#0:OK-t1] and 0 exception(s); 1a49a296-5844-4022-b55f-cb040720ebd9@group-8814426F656B:t1, leader=null, voted=1a49a296-5844-4022-b55f-cb040720ebd9, raftlog=1a49a296-5844-4022-b55f-cb040720ebd9@group-8814426F656B-SegmentedRaftLog:OPENED:c-1,f-1,i0, conf=-1: [16c5f78f-17e9-4ae3-8c1c-bc00fdbfe39b:172.17.0.2:33655, 6b1e40fd-b271-4671-bc2e-69bde6106f78:172.17.0.2:40049, 1a49a296-5844-4022-b55f-cb040720ebd9:172.17.0.2:44811], old=null
2020-06-06 05:16:04,550 [1a49a296-5844-4022-b55f-cb040720ebd9@group-8814426F656B-LeaderElection6] INFO  impl.RoleInfo (RoleInfo.java:shutdownLeaderElection(134)) - 1a49a296-5844-4022-b55f-cb040720ebd9: shutdown LeaderElection
2020-06-06 05:16:04,550 [1a49a296-5844-4022-b55f-cb040720ebd9@group-8814426F656B-LeaderElection6] INFO  impl.RaftServerImpl (RaftServerImpl.java:setRole(173)) - 1a49a296-5844-4022-b55f-cb040720ebd9@group-8814426F656B: changes role from CANDIDATE to LEADER at term 1 for changeToLeader
2020-06-06 05:16:04,550 [1a49a296-5844-4022-b55f-cb040720ebd9@group-8814426F656B-LeaderElection6] INFO  ratis.XceiverServerRatis (XceiverServerRatis.java:handleLeaderChangedNotification(762)) - Leader change notification received for group: group-8814426F656B with new leaderId: 1a49a296-5844-4022-b55f-cb040720ebd9
2020-06-06 05:16:04,551 [1a49a296-5844-4022-b55f-cb040720ebd9@group-8814426F656B-LeaderElection6] INFO  impl.RaftServerImpl (ServerState.java:setLeader(255)) - 1a49a296-5844-4022-b55f-cb040720ebd9@group-8814426F656B: change Leader from null to 1a49a296-5844-4022-b55f-cb040720ebd9 at term 1 for becomeLeader, leader elected after 1135ms
2020-06-06 05:16:04,551 [1a49a296-5844-4022-b55f-cb040720ebd9@group-8814426F656B-LeaderElection6] INFO  server.RaftServerConfigKeys (ConfUtils.java:logGet(44)) - raft.server.staging.catchup.gap = 1000 (default)
2020-06-06 05:16:04,551 [1a49a296-5844-4022-b55f-cb040720ebd9@group-8814426F656B-LeaderElection6] INFO  server.RaftServerConfigKeys (ConfUtils.java:logGet(44)) - raft.server.rpc.sleep.time = 25ms (default)
2020-06-06 05:16:04,551 [1a49a296-5844-4022-b55f-cb040720ebd9@group-8814426F656B-LeaderElection6] INFO  metrics.RatisMetrics (RatisMetrics.java:lambda$create$0(39)) - Creating Metrics Registry : ratis.log_appender.1a49a296-5844-4022-b55f-cb040720ebd9@group-8814426F656B
2020-06-06 05:16:04,551 [1a49a296-5844-4022-b55f-cb040720ebd9@group-8814426F656B-LeaderElection6] INFO  server.RaftServerConfigKeys (ConfUtils.java:logGet(44)) - raft.server.write.element-limit = 1024 (custom)
2020-06-06 05:16:04,551 [1a49a296-5844-4022-b55f-cb040720ebd9@group-8814426F656B-LeaderElection6] INFO  server.RaftServerConfigKeys (ConfUtils.java:logGet(44)) - raft.server.write.byte-limit = 1073741824 (custom)
2020-06-06 05:16:04,551 [1a49a296-5844-4022-b55f-cb040720ebd9@group-8814426F656B-LeaderElection6] INFO  server.RaftServerConfigKeys (ConfUtils.java:logGet(44)) - raft.server.watch.timeout = 3s (custom)
2020-06-06 05:16:04,551 [1a49a296-5844-4022-b55f-cb040720ebd9@group-8814426F656B-LeaderElection6] INFO  server.RaftServerConfigKeys (ConfUtils.java:logGet(44)) - raft.server.watch.timeout.denomination = 1s (default)
2020-06-06 05:16:04,551 [1a49a296-5844-4022-b55f-cb040720ebd9@group-8814426F656B-LeaderElection6] INFO  server.RaftServerConfigKeys (ConfUtils.java:logGet(44)) - raft.server.watch.element-limit = 65536 (default)
2020-06-06 05:16:04,553 [EventQueue-PipelineReportForPipelineReportHandler] INFO  pipeline.PipelineStateManager (PipelineStateManager.java:openPipeline(131)) - Pipeline Pipeline[ Id: a6a197c9-983a-457b-80f0-8814426f656b, Nodes: 6b1e40fd-b271-4671-bc2e-69bde6106f78{ip: 172.17.0.2, host: 04ab1dbc0cb6, networkLocation: /rack1, certSerialId: null}16c5f78f-17e9-4ae3-8c1c-bc00fdbfe39b{ip: 172.17.0.2, host: 04ab1dbc0cb6, networkLocation: /rack1, certSerialId: null}1a49a296-5844-4022-b55f-cb040720ebd9{ip: 172.17.0.2, host: 04ab1dbc0cb6, networkLocation: /rack1, certSerialId: null}, Type:RATIS, Factor:THREE, State:ALLOCATED, leaderId:1a49a296-5844-4022-b55f-cb040720ebd9, CreationTimestamp2020-06-06T05:16:00.521Z] moved to OPEN state
2020-06-06 05:16:04,554 [EventQueue-OpenPipelineForOneReplicaPipelineSafeModeRule] INFO  safemode.SCMSafeModeManager (SCMSafeModeManager.java:validateSafeModeExitRules(213)) - AtleastOneDatanodeReportedRule rule is successfully validated
2020-06-06 05:16:04,554 [EventQueue-OpenPipelineForHealthyPipelineSafeModeRule] INFO  safemode.SCMSafeModeManager (HealthyPipelineSafeModeRule.java:process(132)) - SCM in safe mode. Healthy pipelines reported count is 1, required healthy pipeline reported count is 1
2020-06-06 05:16:04,554 [EventQueue-OpenPipelineForHealthyPipelineSafeModeRule] INFO  safemode.SCMSafeModeManager (SCMSafeModeManager.java:validateSafeModeExitRules(213)) - HealthyPipelineSafeModeRule rule is successfully validated
2020-06-06 05:16:04,554 [EventQueue-OpenPipelineForHealthyPipelineSafeModeRule] INFO  safemode.SCMSafeModeManager (SCMSafeModeManager.java:validateSafeModeExitRules(227)) - ScmSafeModeManager, all rules are successfully validated
2020-06-06 05:16:04,555 [EventQueue-OpenPipelineForHealthyPipelineSafeModeRule] INFO  safemode.SCMSafeModeManager (SCMSafeModeManager.java:exitSafeMode(256)) - SCM exiting safe mode.
2020-06-06 05:16:04,557 [1a49a296-5844-4022-b55f-cb040720ebd9@group-8814426F656B-LeaderElection6] INFO  server.RaftServerConfigKeys (ConfUtils.java:logGet(44)) - raft.server.log.appender.snapshot.chunk.size.max = 16MB (=16777216) (default)
2020-06-06 05:16:04,557 [1a49a296-5844-4022-b55f-cb040720ebd9@group-8814426F656B-LeaderElection6] INFO  server.RaftServerConfigKeys (ConfUtils.java:logGet(44)) - raft.server.log.appender.buffer.byte-limit = 33554432 (custom)
2020-06-06 05:16:04,557 [1a49a296-5844-4022-b55f-cb040720ebd9@group-8814426F656B-LeaderElection6] INFO  server.RaftServerConfigKeys (ConfUtils.java:logGet(44)) - raft.server.log.appender.buffer.element-limit = 1 (custom)
2020-06-06 05:16:04,560 [1a49a296-5844-4022-b55f-cb040720ebd9@group-8814426F656B-LeaderElection6] INFO  grpc.GrpcConfigKeys (ConfUtils.java:logGet(44)) - raft.grpc.server.leader.outstanding.appends.max = 128 (default)
2020-06-06 05:16:04,560 [1a49a296-5844-4022-b55f-cb040720ebd9@group-8814426F656B-LeaderElection6] INFO  server.RaftServerConfigKeys (ConfUtils.java:logGet(44)) - raft.server.rpc.request.timeout = 3s (default)
2020-06-06 05:16:04,560 [1a49a296-5844-4022-b55f-cb040720ebd9@group-8814426F656B-LeaderElection6] INFO  server.RaftServerConfigKeys (ConfUtils.java:logGet(44)) - raft.server.log.appender.install.snapshot.enabled = false (custom)
2020-06-06 05:16:04,564 [grpc-default-executor-5] INFO  impl.RaftServerImpl (RaftServerImpl.java:setRole(173)) - 6b1e40fd-b271-4671-bc2e-69bde6106f78@group-8814426F656B: changes role from  FOLLOWER to FOLLOWER at term 1 for recognizeCandidate:1a49a296-5844-4022-b55f-cb040720ebd9
2020-06-06 05:16:04,565 [grpc-default-executor-5] INFO  impl.RoleInfo (RoleInfo.java:shutdownFollowerState(121)) - 6b1e40fd-b271-4671-bc2e-69bde6106f78: shutdown FollowerState
2020-06-06 05:16:04,565 [grpc-default-executor-5] INFO  impl.RoleInfo (RoleInfo.java:updateAndGet(143)) - 6b1e40fd-b271-4671-bc2e-69bde6106f78: start FollowerState
2020-06-06 05:16:04,565 [Thread-288] INFO  impl.FollowerState (FollowerState.java:run(117)) - 6b1e40fd-b271-4671-bc2e-69bde6106f78@group-8814426F656B-FollowerState was interrupted: java.lang.InterruptedException: sleep interrupted
2020-06-06 05:16:04,567 [1a49a296-5844-4022-b55f-cb040720ebd9@group-8814426F656B-LeaderElection6] INFO  server.RaftServerConfigKeys (ConfUtils.java:logGet(44)) - raft.server.log.appender.snapshot.chunk.size.max = 16MB (=16777216) (default)
2020-06-06 05:16:04,567 [1a49a296-5844-4022-b55f-cb040720ebd9@group-8814426F656B-LeaderElection6] INFO  server.RaftServerConfigKeys (ConfUtils.java:logGet(44)) - raft.server.log.appender.buffer.byte-limit = 33554432 (custom)
2020-06-06 05:16:04,567 [1a49a296-5844-4022-b55f-cb040720ebd9@group-8814426F656B-LeaderElection6] INFO  server.RaftServerConfigKeys (ConfUtils.java:logGet(44)) - raft.server.log.appender.buffer.element-limit = 1 (custom)
2020-06-06 05:16:04,573 [1a49a296-5844-4022-b55f-cb040720ebd9@group-8814426F656B-LeaderElection6] INFO  grpc.GrpcConfigKeys (ConfUtils.java:logGet(44)) - raft.grpc.server.leader.outstanding.appends.max = 128 (default)
2020-06-06 05:16:04,573 [1a49a296-5844-4022-b55f-cb040720ebd9@group-8814426F656B-LeaderElection6] INFO  server.RaftServerConfigKeys (ConfUtils.java:logGet(44)) - raft.server.rpc.request.timeout = 3s (default)
2020-06-06 05:16:04,573 [1a49a296-5844-4022-b55f-cb040720ebd9@group-8814426F656B-LeaderElection6] INFO  server.RaftServerConfigKeys (ConfUtils.java:logGet(44)) - raft.server.log.appender.install.snapshot.enabled = false (custom)
2020-06-06 05:16:04,579 [1a49a296-5844-4022-b55f-cb040720ebd9@group-8814426F656B-LeaderElection6] INFO  impl.RoleInfo (RoleInfo.java:updateAndGet(143)) - 1a49a296-5844-4022-b55f-cb040720ebd9: start LeaderState
2020-06-06 05:16:04,579 [1a49a296-5844-4022-b55f-cb040720ebd9@group-8814426F656B-LeaderElection6] INFO  segmented.SegmentedRaftLogWorker (SegmentedRaftLogWorker.java:startLogSegment(391)) - 1a49a296-5844-4022-b55f-cb040720ebd9@group-8814426F656B-SegmentedRaftLogWorker: Starting segment from index:0
2020-06-06 05:16:04,580 [1a49a296-5844-4022-b55f-cb040720ebd9@group-8814426F656B-SegmentedRaftLogWorker] INFO  segmented.SegmentedRaftLogWorker (SegmentedRaftLogWorker.java:execute(583)) - 1a49a296-5844-4022-b55f-cb040720ebd9@group-8814426F656B-SegmentedRaftLogWorker: created new log segment /github/workspace/mnt/ozone/hadoop-ozone/integration-test/target/test-dir/MiniOzoneClusterImpl-e9c98d0f-e324-43f2-aa41-70e4df10ec43/datanode-3/data/ratis/a6a197c9-983a-457b-80f0-8814426f656b/current/log_inprogress_0
2020-06-06 05:16:04,581 [Thread-282] INFO  impl.FollowerState (FollowerState.java:run(108)) - 1a49a296-5844-4022-b55f-cb040720ebd9@group-49893C952B17-FollowerState: change to CANDIDATE, lastRpcTime:1179ms, electionTimeout:1178ms
2020-06-06 05:16:04,581 [Thread-282] INFO  impl.RoleInfo (RoleInfo.java:shutdownFollowerState(121)) - 1a49a296-5844-4022-b55f-cb040720ebd9: shutdown FollowerState
2020-06-06 05:16:04,581 [Thread-282] INFO  impl.RaftServerImpl (RaftServerImpl.java:setRole(173)) - 1a49a296-5844-4022-b55f-cb040720ebd9@group-49893C952B17: changes role from  FOLLOWER to CANDIDATE at term 0 for changeToCandidate
2020-06-06 05:16:04,588 [1a49a296-5844-4022-b55f-cb040720ebd9@group-8814426F656B-LeaderElection6] INFO  impl.RaftServerImpl (ServerState.java:setRaftConf(356)) - 1a49a296-5844-4022-b55f-cb040720ebd9@group-8814426F656B: set configuration 0: [16c5f78f-17e9-4ae3-8c1c-bc00fdbfe39b:172.17.0.2:33655, 6b1e40fd-b271-4671-bc2e-69bde6106f78:172.17.0.2:40049, 1a49a296-5844-4022-b55f-cb040720ebd9:172.17.0.2:44811], old=null at 0
2020-06-06 05:16:04,588 [Thread-282] INFO  impl.RoleInfo (RoleInfo.java:updateAndGet(143)) - 1a49a296-5844-4022-b55f-cb040720ebd9: start LeaderElection
2020-06-06 05:16:04,594 [grpc-default-executor-5] INFO  ratis.XceiverServerRatis (XceiverServerRatis.java:handleLeaderChangedNotification(762)) - Leader change notification received for group: group-8814426F656B with new leaderId: 1a49a296-5844-4022-b55f-cb040720ebd9
2020-06-06 05:16:04,595 [grpc-default-executor-5] INFO  impl.RaftServerImpl (ServerState.java:setLeader(255)) - 16c5f78f-17e9-4ae3-8c1c-bc00fdbfe39b@group-8814426F656B: change Leader from null to 1a49a296-5844-4022-b55f-cb040720ebd9 at term 1 for appendEntries, leader elected after 932ms
2020-06-06 05:16:04,601 [grpc-default-executor-0] INFO  ratis.XceiverServerRatis (XceiverServerRatis.java:handleLeaderChangedNotification(762)) - Leader change notification received for group: group-8814426F656B with new leaderId: 1a49a296-5844-4022-b55f-cb040720ebd9
2020-06-06 05:16:04,601 [grpc-default-executor-0] INFO  impl.RaftServerImpl (ServerState.java:setLeader(255)) - 6b1e40fd-b271-4671-bc2e-69bde6106f78@group-8814426F656B: change Leader from null to 1a49a296-5844-4022-b55f-cb040720ebd9 at term 1 for appendEntries, leader elected after 1071ms
2020-06-06 05:16:04,607 [1a49a296-5844-4022-b55f-cb040720ebd9@group-49893C952B17-LeaderElection8] INFO  impl.LeaderElection (LeaderElection.java:askForVotes(206)) - 1a49a296-5844-4022-b55f-cb040720ebd9@group-49893C952B17-LeaderElection8: begin an election at term 1 for -1: [1a49a296-5844-4022-b55f-cb040720ebd9:172.17.0.2:44811], old=null
2020-06-06 05:16:04,607 [1a49a296-5844-4022-b55f-cb040720ebd9@group-49893C952B17-LeaderElection8] INFO  impl.RoleInfo (RoleInfo.java:shutdownLeaderElection(134)) - 1a49a296-5844-4022-b55f-cb040720ebd9: shutdown LeaderElection
2020-06-06 05:16:04,607 [1a49a296-5844-4022-b55f-cb040720ebd9@group-49893C952B17-LeaderElection8] INFO  impl.RaftServerImpl (RaftServerImpl.java:setRole(173)) - 1a49a296-5844-4022-b55f-cb040720ebd9@group-49893C952B17: changes role from CANDIDATE to LEADER at term 1 for changeToLeader
2020-06-06 05:16:04,607 [1a49a296-5844-4022-b55f-cb040720ebd9@group-49893C952B17-LeaderElection8] INFO  ratis.XceiverServerRatis (XceiverServerRatis.java:handleLeaderChangedNotification(762)) - Leader change notification received for group: group-49893C952B17 with new leaderId: 1a49a296-5844-4022-b55f-cb040720ebd9
2020-06-06 05:16:04,607 [1a49a296-5844-4022-b55f-cb040720ebd9@group-49893C952B17-LeaderElection8] INFO  impl.RaftServerImpl (ServerState.java:setLeader(255)) - 1a49a296-5844-4022-b55f-cb040720ebd9@group-49893C952B17: change Leader from null to 1a49a296-5844-4022-b55f-cb040720ebd9 at term 1 for becomeLeader, leader elected after 1219ms
2020-06-06 05:16:04,607 [1a49a296-5844-4022-b55f-cb040720ebd9@group-49893C952B17-LeaderElection8] INFO  server.RaftServerConfigKeys (ConfUtils.java:logGet(44)) - raft.server.staging.catchup.gap = 1000 (default)
2020-06-06 05:16:04,607 [1a49a296-5844-4022-b55f-cb040720ebd9@group-49893C952B17-LeaderElection8] INFO  server.RaftServerConfigKeys (ConfUtils.java:logGet(44)) - raft.server.rpc.sleep.time = 25ms (default)
2020-06-06 05:16:04,607 [1a49a296-5844-4022-b55f-cb040720ebd9@group-49893C952B17-LeaderElection8] INFO  metrics.RatisMetrics (RatisMetrics.java:lambda$create$0(39)) - Creating Metrics Registry : ratis.log_appender.1a49a296-5844-4022-b55f-cb040720ebd9@group-49893C952B17
2020-06-06 05:16:04,607 [1a49a296-5844-4022-b55f-cb040720ebd9@group-49893C952B17-LeaderElection8] INFO  server.RaftServerConfigKeys (ConfUtils.java:logGet(44)) - raft.server.write.element-limit = 1024 (custom)
2020-06-06 05:16:04,608 [1a49a296-5844-4022-b55f-cb040720ebd9@group-49893C952B17-LeaderElection8] INFO  server.RaftServerConfigKeys (ConfUtils.java:logGet(44)) - raft.server.write.byte-limit = 1073741824 (custom)
2020-06-06 05:16:04,608 [1a49a296-5844-4022-b55f-cb040720ebd9@group-49893C952B17-LeaderElection8] INFO  server.RaftServerConfigKeys (ConfUtils.java:logGet(44)) - raft.server.watch.timeout = 3s (custom)
2020-06-06 05:16:04,608 [1a49a296-5844-4022-b55f-cb040720ebd9@group-49893C952B17-LeaderElection8] INFO  server.RaftServerConfigKeys (ConfUtils.java:logGet(44)) - raft.server.watch.timeout.denomination = 1s (default)
2020-06-06 05:16:04,608 [1a49a296-5844-4022-b55f-cb040720ebd9@group-49893C952B17-LeaderElection8] INFO  server.RaftServerConfigKeys (ConfUtils.java:logGet(44)) - raft.server.watch.element-limit = 65536 (default)
2020-06-06 05:16:04,608 [1a49a296-5844-4022-b55f-cb040720ebd9@group-49893C952B17-LeaderElection8] INFO  impl.RoleInfo (RoleInfo.java:updateAndGet(143)) - 1a49a296-5844-4022-b55f-cb040720ebd9: start LeaderState
2020-06-06 05:16:04,608 [1a49a296-5844-4022-b55f-cb040720ebd9@group-49893C952B17-LeaderElection8] INFO  segmented.SegmentedRaftLogWorker (SegmentedRaftLogWorker.java:startLogSegment(391)) - 1a49a296-5844-4022-b55f-cb040720ebd9@group-49893C952B17-SegmentedRaftLogWorker: Starting segment from index:0
2020-06-06 05:16:04,611 [1a49a296-5844-4022-b55f-cb040720ebd9@group-49893C952B17-SegmentedRaftLogWorker] INFO  segmented.SegmentedRaftLogWorker (SegmentedRaftLogWorker.java:execute(583)) - 1a49a296-5844-4022-b55f-cb040720ebd9@group-49893C952B17-SegmentedRaftLogWorker: created new log segment /github/workspace/mnt/ozone/hadoop-ozone/integration-test/target/test-dir/MiniOzoneClusterImpl-e9c98d0f-e324-43f2-aa41-70e4df10ec43/datanode-3/data/ratis/65541d31-f41f-44c4-8af3-49893c952b17/current/log_inprogress_0
2020-06-06 05:16:04,614 [grpc-default-executor-0] INFO  impl.RaftServerImpl (ServerState.java:setRaftConf(356)) - 16c5f78f-17e9-4ae3-8c1c-bc00fdbfe39b@group-8814426F656B: set configuration 0: [16c5f78f-17e9-4ae3-8c1c-bc00fdbfe39b:172.17.0.2:33655, 6b1e40fd-b271-4671-bc2e-69bde6106f78:172.17.0.2:40049, 1a49a296-5844-4022-b55f-cb040720ebd9:172.17.0.2:44811], old=null at 0
2020-06-06 05:16:04,614 [grpc-default-executor-0] INFO  segmented.SegmentedRaftLogWorker (SegmentedRaftLogWorker.java:startLogSegment(391)) - 16c5f78f-17e9-4ae3-8c1c-bc00fdbfe39b@group-8814426F656B-SegmentedRaftLogWorker: Starting segment from index:0
2020-06-06 05:16:04,615 [grpc-default-executor-5] INFO  impl.RaftServerImpl (ServerState.java:setRaftConf(356)) - 6b1e40fd-b271-4671-bc2e-69bde6106f78@group-8814426F656B: set configuration 0: [16c5f78f-17e9-4ae3-8c1c-bc00fdbfe39b:172.17.0.2:33655, 6b1e40fd-b271-4671-bc2e-69bde6106f78:172.17.0.2:40049, 1a49a296-5844-4022-b55f-cb040720ebd9:172.17.0.2:44811], old=null at 0
2020-06-06 05:16:04,615 [grpc-default-executor-5] INFO  segmented.SegmentedRaftLogWorker (SegmentedRaftLogWorker.java:startLogSegment(391)) - 6b1e40fd-b271-4671-bc2e-69bde6106f78@group-8814426F656B-SegmentedRaftLogWorker: Starting segment from index:0
2020-06-06 05:16:04,616 [Thread-286] INFO  impl.FollowerState (FollowerState.java:run(108)) - 6b1e40fd-b271-4671-bc2e-69bde6106f78@group-99B687CEDC83-FollowerState: change to CANDIDATE, lastRpcTime:1121ms, electionTimeout:1115ms
2020-06-06 05:16:04,616 [Thread-286] INFO  impl.RoleInfo (RoleInfo.java:shutdownFollowerState(121)) - 6b1e40fd-b271-4671-bc2e-69bde6106f78: shutdown FollowerState
2020-06-06 05:16:04,616 [Thread-286] INFO  impl.RaftServerImpl (RaftServerImpl.java:setRole(173)) - 6b1e40fd-b271-4671-bc2e-69bde6106f78@group-99B687CEDC83: changes role from  FOLLOWER to CANDIDATE at term 0 for changeToCandidate
2020-06-06 05:16:04,618 [Thread-286] INFO  impl.RoleInfo (RoleInfo.java:updateAndGet(143)) - 6b1e40fd-b271-4671-bc2e-69bde6106f78: start LeaderElection
2020-06-06 05:16:04,618 [1a49a296-5844-4022-b55f-cb040720ebd9@group-49893C952B17-LeaderElection8] INFO  impl.RaftServerImpl (ServerState.java:setRaftConf(356)) - 1a49a296-5844-4022-b55f-cb040720ebd9@group-49893C952B17: set configuration 0: [1a49a296-5844-4022-b55f-cb040720ebd9:172.17.0.2:44811], old=null at 0
2020-06-06 05:16:04,623 [6b1e40fd-b271-4671-bc2e-69bde6106f78@group-8814426F656B-SegmentedRaftLogWorker] INFO  segmented.SegmentedRaftLogWorker (SegmentedRaftLogWorker.java:execute(583)) - 6b1e40fd-b271-4671-bc2e-69bde6106f78@group-8814426F656B-SegmentedRaftLogWorker: created new log segment /github/workspace/mnt/ozone/hadoop-ozone/integration-test/target/test-dir/MiniOzoneClusterImpl-e9c98d0f-e324-43f2-aa41-70e4df10ec43/datanode-4/data/ratis/a6a197c9-983a-457b-80f0-8814426f656b/current/log_inprogress_0
2020-06-06 05:16:04,624 [16c5f78f-17e9-4ae3-8c1c-bc00fdbfe39b@group-8814426F656B-SegmentedRaftLogWorker] INFO  segmented.SegmentedRaftLogWorker (SegmentedRaftLogWorker.java:execute(583)) - 16c5f78f-17e9-4ae3-8c1c-bc00fdbfe39b@group-8814426F656B-SegmentedRaftLogWorker: created new log segment /github/workspace/mnt/ozone/hadoop-ozone/integration-test/target/test-dir/MiniOzoneClusterImpl-e9c98d0f-e324-43f2-aa41-70e4df10ec43/datanode-5/data/ratis/a6a197c9-983a-457b-80f0-8814426f656b/current/log_inprogress_0
2020-06-06 05:16:04,639 [6b1e40fd-b271-4671-bc2e-69bde6106f78@group-99B687CEDC83-LeaderElection9] INFO  impl.LeaderElection (LeaderElection.java:askForVotes(206)) - 6b1e40fd-b271-4671-bc2e-69bde6106f78@group-99B687CEDC83-LeaderElection9: begin an election at term 1 for -1: [6b1e40fd-b271-4671-bc2e-69bde6106f78:172.17.0.2:40049], old=null
2020-06-06 05:16:04,639 [6b1e40fd-b271-4671-bc2e-69bde6106f78@group-99B687CEDC83-LeaderElection9] INFO  impl.RoleInfo (RoleInfo.java:shutdownLeaderElection(134)) - 6b1e40fd-b271-4671-bc2e-69bde6106f78: shutdown LeaderElection
2020-06-06 05:16:04,639 [6b1e40fd-b271-4671-bc2e-69bde6106f78@group-99B687CEDC83-LeaderElection9] INFO  impl.RaftServerImpl (RaftServerImpl.java:setRole(173)) - 6b1e40fd-b271-4671-bc2e-69bde6106f78@group-99B687CEDC83: changes role from CANDIDATE to LEADER at term 1 for changeToLeader
2020-06-06 05:16:04,639 [6b1e40fd-b271-4671-bc2e-69bde6106f78@group-99B687CEDC83-LeaderElection9] INFO  ratis.XceiverServerRatis (XceiverServerRatis.java:handleLeaderChangedNotification(762)) - Leader change notification received for group: group-99B687CEDC83 with new leaderId: 6b1e40fd-b271-4671-bc2e-69bde6106f78
2020-06-06 05:16:04,639 [6b1e40fd-b271-4671-bc2e-69bde6106f78@group-99B687CEDC83-LeaderElection9] INFO  impl.RaftServerImpl (ServerState.java:setLeader(255)) - 6b1e40fd-b271-4671-bc2e-69bde6106f78@group-99B687CEDC83: change Leader from null to 6b1e40fd-b271-4671-bc2e-69bde6106f78 at term 1 for becomeLeader, leader elected after 1169ms
2020-06-06 05:16:04,639 [6b1e40fd-b271-4671-bc2e-69bde6106f78@group-99B687CEDC83-LeaderElection9] INFO  server.RaftServerConfigKeys (ConfUtils.java:logGet(44)) - raft.server.staging.catchup.gap = 1000 (default)
2020-06-06 05:16:04,639 [6b1e40fd-b271-4671-bc2e-69bde6106f78@group-99B687CEDC83-LeaderElection9] INFO  server.RaftServerConfigKeys (ConfUtils.java:logGet(44)) - raft.server.rpc.sleep.time = 25ms (default)
2020-06-06 05:16:04,639 [6b1e40fd-b271-4671-bc2e-69bde6106f78@group-99B687CEDC83-LeaderElection9] INFO  metrics.RatisMetrics (RatisMetrics.java:lambda$create$0(39)) - Creating Metrics Registry : ratis.log_appender.6b1e40fd-b271-4671-bc2e-69bde6106f78@group-99B687CEDC83
2020-06-06 05:16:04,640 [6b1e40fd-b271-4671-bc2e-69bde6106f78@group-99B687CEDC83-LeaderElection9] INFO  server.RaftServerConfigKeys (ConfUtils.java:logGet(44)) - raft.server.write.element-limit = 1024 (custom)
2020-06-06 05:16:04,640 [6b1e40fd-b271-4671-bc2e-69bde6106f78@group-99B687CEDC83-LeaderElection9] INFO  server.RaftServerConfigKeys (ConfUtils.java:logGet(44)) - raft.server.write.byte-limit = 1073741824 (custom)
2020-06-06 05:16:04,641 [6b1e40fd-b271-4671-bc2e-69bde6106f78@group-99B687CEDC83-LeaderElection9] INFO  server.RaftServerConfigKeys (ConfUtils.java:logGet(44)) - raft.server.watch.timeout = 3s (custom)
2020-06-06 05:16:04,644 [6b1e40fd-b271-4671-bc2e-69bde6106f78@group-99B687CEDC83-LeaderElection9] INFO  server.RaftServerConfigKeys (ConfUtils.java:logGet(44)) - raft.server.watch.timeout.denomination = 1s (default)
2020-06-06 05:16:04,644 [6b1e40fd-b271-4671-bc2e-69bde6106f78@group-99B687CEDC83-LeaderElection9] INFO  server.RaftServerConfigKeys (ConfUtils.java:logGet(44)) - raft.server.watch.element-limit = 65536 (default)
2020-06-06 05:16:04,645 [6b1e40fd-b271-4671-bc2e-69bde6106f78@group-99B687CEDC83-LeaderElection9] INFO  impl.RoleInfo (RoleInfo.java:updateAndGet(143)) - 6b1e40fd-b271-4671-bc2e-69bde6106f78: start LeaderState
2020-06-06 05:16:04,645 [6b1e40fd-b271-4671-bc2e-69bde6106f78@group-99B687CEDC83-LeaderElection9] INFO  segmented.SegmentedRaftLogWorker (SegmentedRaftLogWorker.java:startLogSegment(391)) - 6b1e40fd-b271-4671-bc2e-69bde6106f78@group-99B687CEDC83-SegmentedRaftLogWorker: Starting segment from index:0
2020-06-06 05:16:04,646 [6b1e40fd-b271-4671-bc2e-69bde6106f78@group-99B687CEDC83-SegmentedRaftLogWorker] INFO  segmented.SegmentedRaftLogWorker (SegmentedRaftLogWorker.java:execute(583)) - 6b1e40fd-b271-4671-bc2e-69bde6106f78@group-99B687CEDC83-SegmentedRaftLogWorker: created new log segment /github/workspace/mnt/ozone/hadoop-ozone/integration-test/target/test-dir/MiniOzoneClusterImpl-e9c98d0f-e324-43f2-aa41-70e4df10ec43/datanode-4/data/ratis/3f161e52-1d09-4470-8e91-99b687cedc83/current/log_inprogress_0
2020-06-06 05:16:04,647 [6b1e40fd-b271-4671-bc2e-69bde6106f78@group-99B687CEDC83-LeaderElection9] INFO  impl.RaftServerImpl (ServerState.java:setRaftConf(356)) - 6b1e40fd-b271-4671-bc2e-69bde6106f78@group-99B687CEDC83: set configuration 0: [6b1e40fd-b271-4671-bc2e-69bde6106f78:172.17.0.2:40049], old=null at 0
2020-06-06 05:16:04,788 [Thread-293] INFO  impl.FollowerState (FollowerState.java:run(108)) - 511a318d-fbb5-4d0b-a0f0-9021d224a603@group-613CF55C7BB1-FollowerState: change to CANDIDATE, lastRpcTime:1119ms, electionTimeout:1110ms
2020-06-06 05:16:04,789 [Thread-293] INFO  impl.RoleInfo (RoleInfo.java:shutdownFollowerState(121)) - 511a318d-fbb5-4d0b-a0f0-9021d224a603: shutdown FollowerState
2020-06-06 05:16:04,789 [Thread-293] INFO  impl.RaftServerImpl (RaftServerImpl.java:setRole(173)) - 511a318d-fbb5-4d0b-a0f0-9021d224a603@group-613CF55C7BB1: changes role from  FOLLOWER to CANDIDATE at term 0 for changeToCandidate
2020-06-06 05:16:04,789 [Thread-293] INFO  impl.RoleInfo (RoleInfo.java:updateAndGet(143)) - 511a318d-fbb5-4d0b-a0f0-9021d224a603: start LeaderElection
2020-06-06 05:16:04,793 [Listener at 127.0.0.1/44133] INFO  ozone.MiniOzoneClusterImpl (MiniOzoneClusterImpl.java:lambda$waitForClusterToBeReady$0(177)) - Nodes are ready. Got 10 of 10 DN Heartbeats.
2020-06-06 05:16:04,793 [Listener at 127.0.0.1/44133] INFO  ozone.MiniOzoneClusterImpl (MiniOzoneClusterImpl.java:lambda$waitForClusterToBeReady$0(180)) - Cluster exits safe mode
2020-06-06 05:16:04,806 [511a318d-fbb5-4d0b-a0f0-9021d224a603@group-613CF55C7BB1-LeaderElection10] INFO  impl.LeaderElection (LeaderElection.java:askForVotes(206)) - 511a318d-fbb5-4d0b-a0f0-9021d224a603@group-613CF55C7BB1-LeaderElection10: begin an election at term 1 for -1: [511a318d-fbb5-4d0b-a0f0-9021d224a603:172.17.0.2:39567], old=null
2020-06-06 05:16:04,806 [511a318d-fbb5-4d0b-a0f0-9021d224a603@group-613CF55C7BB1-LeaderElection10] INFO  impl.RoleInfo (RoleInfo.java:shutdownLeaderElection(134)) - 511a318d-fbb5-4d0b-a0f0-9021d224a603: shutdown LeaderElection
2020-06-06 05:16:04,806 [511a318d-fbb5-4d0b-a0f0-9021d224a603@group-613CF55C7BB1-LeaderElection10] INFO  impl.RaftServerImpl (RaftServerImpl.java:setRole(173)) - 511a318d-fbb5-4d0b-a0f0-9021d224a603@group-613CF55C7BB1: changes role from CANDIDATE to LEADER at term 1 for changeToLeader
2020-06-06 05:16:04,806 [511a318d-fbb5-4d0b-a0f0-9021d224a603@group-613CF55C7BB1-LeaderElection10] INFO  ratis.XceiverServerRatis (XceiverServerRatis.java:handleLeaderChangedNotification(762)) - Leader change notification received for group: group-613CF55C7BB1 with new leaderId: 511a318d-fbb5-4d0b-a0f0-9021d224a603
2020-06-06 05:16:04,807 [511a318d-fbb5-4d0b-a0f0-9021d224a603@group-613CF55C7BB1-LeaderElection10] INFO  impl.RaftServerImpl (ServerState.java:setLeader(255)) - 511a318d-fbb5-4d0b-a0f0-9021d224a603@group-613CF55C7BB1: change Leader from null to 511a318d-fbb5-4d0b-a0f0-9021d224a603 at term 1 for becomeLeader, leader elected after 1150ms
2020-06-06 05:16:04,807 [511a318d-fbb5-4d0b-a0f0-9021d224a603@group-613CF55C7BB1-LeaderElection10] INFO  server.RaftServerConfigKeys (ConfUtils.java:logGet(44)) - raft.server.staging.catchup.gap = 1000 (default)
2020-06-06 05:16:04,807 [511a318d-fbb5-4d0b-a0f0-9021d224a603@group-613CF55C7BB1-LeaderElection10] INFO  server.RaftServerConfigKeys (ConfUtils.java:logGet(44)) - raft.server.rpc.sleep.time = 25ms (default)
2020-06-06 05:16:04,807 [511a318d-fbb5-4d0b-a0f0-9021d224a603@group-613CF55C7BB1-LeaderElection10] INFO  metrics.RatisMetrics (RatisMetrics.java:lambda$create$0(39)) - Creating Metrics Registry : ratis.log_appender.511a318d-fbb5-4d0b-a0f0-9021d224a603@group-613CF55C7BB1
2020-06-06 05:16:04,807 [511a318d-fbb5-4d0b-a0f0-9021d224a603@group-613CF55C7BB1-LeaderElection10] INFO  server.RaftServerConfigKeys (ConfUtils.java:logGet(44)) - raft.server.write.element-limit = 1024 (custom)
2020-06-06 05:16:04,807 [511a318d-fbb5-4d0b-a0f0-9021d224a603@group-613CF55C7BB1-LeaderElection10] INFO  server.RaftServerConfigKeys (ConfUtils.java:logGet(44)) - raft.server.write.byte-limit = 1073741824 (custom)
2020-06-06 05:16:04,808 [511a318d-fbb5-4d0b-a0f0-9021d224a603@group-613CF55C7BB1-LeaderElection10] INFO  server.RaftServerConfigKeys (ConfUtils.java:logGet(44)) - raft.server.watch.timeout = 3s (custom)
2020-06-06 05:16:04,808 [511a318d-fbb5-4d0b-a0f0-9021d224a603@group-613CF55C7BB1-LeaderElection10] INFO  server.RaftServerConfigKeys (ConfUtils.java:logGet(44)) - raft.server.watch.timeout.denomination = 1s (default)
2020-06-06 05:16:04,808 [511a318d-fbb5-4d0b-a0f0-9021d224a603@group-613CF55C7BB1-LeaderElection10] INFO  server.RaftServerConfigKeys (ConfUtils.java:logGet(44)) - raft.server.watch.element-limit = 65536 (default)
2020-06-06 05:16:04,808 [511a318d-fbb5-4d0b-a0f0-9021d224a603@group-613CF55C7BB1-LeaderElection10] INFO  impl.RoleInfo (RoleInfo.java:updateAndGet(143)) - 511a318d-fbb5-4d0b-a0f0-9021d224a603: start LeaderState
2020-06-06 05:16:04,808 [511a318d-fbb5-4d0b-a0f0-9021d224a603@group-613CF55C7BB1-LeaderElection10] INFO  segmented.SegmentedRaftLogWorker (SegmentedRaftLogWorker.java:startLogSegment(391)) - 511a318d-fbb5-4d0b-a0f0-9021d224a603@group-613CF55C7BB1-SegmentedRaftLogWorker: Starting segment from index:0
2020-06-06 05:16:04,810 [511a318d-fbb5-4d0b-a0f0-9021d224a603@group-613CF55C7BB1-SegmentedRaftLogWorker] INFO  segmented.SegmentedRaftLogWorker (SegmentedRaftLogWorker.java:execute(583)) - 511a318d-fbb5-4d0b-a0f0-9021d224a603@group-613CF55C7BB1-SegmentedRaftLogWorker: created new log segment /github/workspace/mnt/ozone/hadoop-ozone/integration-test/target/test-dir/MiniOzoneClusterImpl-e9c98d0f-e324-43f2-aa41-70e4df10ec43/datanode-6/data/ratis/7c3edca1-f15c-4e08-a491-613cf55c7bb1/current/log_inprogress_0
2020-06-06 05:16:04,812 [511a318d-fbb5-4d0b-a0f0-9021d224a603@group-613CF55C7BB1-LeaderElection10] INFO  impl.RaftServerImpl (ServerState.java:setRaftConf(356)) - 511a318d-fbb5-4d0b-a0f0-9021d224a603@group-613CF55C7BB1: set configuration 0: [511a318d-fbb5-4d0b-a0f0-9021d224a603:172.17.0.2:39567], old=null at 0
2020-06-06 05:16:04,994 [Thread-296] INFO  impl.FollowerState (FollowerState.java:run(108)) - 511a318d-fbb5-4d0b-a0f0-9021d224a603@group-7F597F336E44-FollowerState: change to CANDIDATE, lastRpcTime:1289ms, electionTimeout:1126ms
2020-06-06 05:16:04,994 [Thread-296] INFO  impl.RoleInfo (RoleInfo.java:shutdownFollowerState(121)) - 511a318d-fbb5-4d0b-a0f0-9021d224a603: shutdown FollowerState
2020-06-06 05:16:04,994 [Thread-296] INFO  impl.RaftServerImpl (RaftServerImpl.java:setRole(173)) - 511a318d-fbb5-4d0b-a0f0-9021d224a603@group-7F597F336E44: changes role from  FOLLOWER to CANDIDATE at term 0 for changeToCandidate
2020-06-06 05:16:04,994 [Thread-296] INFO  impl.RoleInfo (RoleInfo.java:updateAndGet(143)) - 511a318d-fbb5-4d0b-a0f0-9021d224a603: start LeaderElection
2020-06-06 05:16:05,000 [Thread-290] INFO  impl.FollowerState (FollowerState.java:run(108)) - 16c5f78f-17e9-4ae3-8c1c-bc00fdbfe39b@group-3B982E576506-FollowerState: change to CANDIDATE, lastRpcTime:1362ms, electionTimeout:1169ms
2020-06-06 05:16:05,012 [511a318d-fbb5-4d0b-a0f0-9021d224a603@group-7F597F336E44-LeaderElection11] INFO  impl.LeaderElection (LeaderElection.java:askForVotes(206)) - 511a318d-fbb5-4d0b-a0f0-9021d224a603@group-7F597F336E44-LeaderElection11: begin an election at term 1 for -1: [511a318d-fbb5-4d0b-a0f0-9021d224a603:172.17.0.2:39567, 4748d6c1-a840-468c-97bc-f81124d46716:172.17.0.2:42783, c5a1e514-6f01-4466-ae6f-c9e2d9db90cf:172.17.0.2:43443], old=null
2020-06-06 05:16:05,012 [Thread-290] INFO  impl.RoleInfo (RoleInfo.java:shutdownFollowerState(121)) - 16c5f78f-17e9-4ae3-8c1c-bc00fdbfe39b: shutdown FollowerState
2020-06-06 05:16:05,013 [Thread-290] INFO  impl.RaftServerImpl (RaftServerImpl.java:setRole(173)) - 16c5f78f-17e9-4ae3-8c1c-bc00fdbfe39b@group-3B982E576506: changes role from  FOLLOWER to CANDIDATE at term 0 for changeToCandidate
2020-06-06 05:16:05,023 [Thread-290] INFO  impl.RoleInfo (RoleInfo.java:updateAndGet(143)) - 16c5f78f-17e9-4ae3-8c1c-bc00fdbfe39b: start LeaderElection
2020-06-06 05:16:05,046 [grpc-default-executor-5] INFO  impl.RaftServerImpl (RaftServerImpl.java:setRole(173)) - 4748d6c1-a840-468c-97bc-f81124d46716@group-7F597F336E44: changes role from  FOLLOWER to FOLLOWER at term 1 for recognizeCandidate:511a318d-fbb5-4d0b-a0f0-9021d224a603
2020-06-06 05:16:05,046 [grpc-default-executor-5] INFO  impl.RoleInfo (RoleInfo.java:shutdownFollowerState(121)) - 4748d6c1-a840-468c-97bc-f81124d46716: shutdown FollowerState
2020-06-06 05:16:05,046 [grpc-default-executor-5] INFO  impl.RoleInfo (RoleInfo.java:updateAndGet(143)) - 4748d6c1-a840-468c-97bc-f81124d46716: start FollowerState
2020-06-06 05:16:05,047 [Thread-312] INFO  impl.FollowerState (FollowerState.java:run(117)) - 4748d6c1-a840-468c-97bc-f81124d46716@group-7F597F336E44-FollowerState was interrupted: java.lang.InterruptedException: sleep interrupted
2020-06-06 05:16:05,085 [Thread-300] INFO  impl.FollowerState (FollowerState.java:run(108)) - c5a1e514-6f01-4466-ae6f-c9e2d9db90cf@group-077F859989A5-FollowerState: change to CANDIDATE, lastRpcTime:1082ms, electionTimeout:1075ms
2020-06-06 05:16:05,085 [Thread-300] INFO  impl.RoleInfo (RoleInfo.java:shutdownFollowerState(121)) - c5a1e514-6f01-4466-ae6f-c9e2d9db90cf: shutdown FollowerState
2020-06-06 05:16:05,085 [Thread-300] INFO  impl.RaftServerImpl (RaftServerImpl.java:setRole(173)) - c5a1e514-6f01-4466-ae6f-c9e2d9db90cf@group-077F859989A5: changes role from  FOLLOWER to CANDIDATE at term 0 for changeToCandidate
2020-06-06 05:16:05,085 [Thread-300] INFO  impl.RoleInfo (RoleInfo.java:updateAndGet(143)) - c5a1e514-6f01-4466-ae6f-c9e2d9db90cf: start LeaderElection
2020-06-06 05:16:05,095 [Thread-305] INFO  impl.FollowerState (FollowerState.java:run(108)) - c5a1e514-6f01-4466-ae6f-c9e2d9db90cf@group-7F597F336E44-FollowerState: change to CANDIDATE, lastRpcTime:1058ms, electionTimeout:1053ms
2020-06-06 05:16:05,095 [Thread-305] INFO  impl.RoleInfo (RoleInfo.java:shutdownFollowerState(121)) - c5a1e514-6f01-4466-ae6f-c9e2d9db90cf: shutdown FollowerState
2020-06-06 05:16:05,095 [Thread-305] INFO  impl.RaftServerImpl (RaftServerImpl.java:setRole(173)) - c5a1e514-6f01-4466-ae6f-c9e2d9db90cf@group-7F597F336E44: changes role from  FOLLOWER to CANDIDATE at term 0 for changeToCandidate
2020-06-06 05:16:05,095 [Thread-305] INFO  impl.RoleInfo (RoleInfo.java:updateAndGet(143)) - c5a1e514-6f01-4466-ae6f-c9e2d9db90cf: start LeaderElection
2020-06-06 05:16:05,098 [16c5f78f-17e9-4ae3-8c1c-bc00fdbfe39b@group-3B982E576506-LeaderElection12] INFO  impl.LeaderElection (LeaderElection.java:askForVotes(206)) - 16c5f78f-17e9-4ae3-8c1c-bc00fdbfe39b@group-3B982E576506-LeaderElection12: begin an election at term 1 for -1: [16c5f78f-17e9-4ae3-8c1c-bc00fdbfe39b:172.17.0.2:33655], old=null
2020-06-06 05:16:05,098 [16c5f78f-17e9-4ae3-8c1c-bc00fdbfe39b@group-3B982E576506-LeaderElection12] INFO  impl.RoleInfo (RoleInfo.java:shutdownLeaderElection(134)) - 16c5f78f-17e9-4ae3-8c1c-bc00fdbfe39b: shutdown LeaderElection
2020-06-06 05:16:05,098 [16c5f78f-17e9-4ae3-8c1c-bc00fdbfe39b@group-3B982E576506-LeaderElection12] INFO  impl.RaftServerImpl (RaftServerImpl.java:setRole(173)) - 16c5f78f-17e9-4ae3-8c1c-bc00fdbfe39b@group-3B982E576506: changes role from CANDIDATE to LEADER at term 1 for changeToLeader
2020-06-06 05:16:05,098 [16c5f78f-17e9-4ae3-8c1c-bc00fdbfe39b@group-3B982E576506-LeaderElection12] INFO  ratis.XceiverServerRatis (XceiverServerRatis.java:handleLeaderChangedNotification(762)) - Leader change notification received for group: group-3B982E576506 with new leaderId: 16c5f78f-17e9-4ae3-8c1c-bc00fdbfe39b
2020-06-06 05:16:05,104 [16c5f78f-17e9-4ae3-8c1c-bc00fdbfe39b@group-3B982E576506-LeaderElection12] INFO  impl.RaftServerImpl (ServerState.java:setLeader(255)) - 16c5f78f-17e9-4ae3-8c1c-bc00fdbfe39b@group-3B982E576506: change Leader from null to 16c5f78f-17e9-4ae3-8c1c-bc00fdbfe39b at term 1 for becomeLeader, leader elected after 1487ms
2020-06-06 05:16:05,104 [16c5f78f-17e9-4ae3-8c1c-bc00fdbfe39b@group-3B982E576506-LeaderElection12] INFO  server.RaftServerConfigKeys (ConfUtils.java:logGet(44)) - raft.server.staging.catchup.gap = 1000 (default)
2020-06-06 05:16:05,104 [16c5f78f-17e9-4ae3-8c1c-bc00fdbfe39b@group-3B982E576506-LeaderElection12] INFO  server.RaftServerConfigKeys (ConfUtils.java:logGet(44)) - raft.server.rpc.sleep.time = 25ms (default)
2020-06-06 05:16:05,105 [16c5f78f-17e9-4ae3-8c1c-bc00fdbfe39b@group-3B982E576506-LeaderElection12] INFO  metrics.RatisMetrics (RatisMetrics.java:lambda$create$0(39)) - Creating Metrics Registry : ratis.log_appender.16c5f78f-17e9-4ae3-8c1c-bc00fdbfe39b@group-3B982E576506
2020-06-06 05:16:05,105 [16c5f78f-17e9-4ae3-8c1c-bc00fdbfe39b@group-3B982E576506-LeaderElection12] INFO  server.RaftServerConfigKeys (ConfUtils.java:logGet(44)) - raft.server.write.element-limit = 1024 (custom)
2020-06-06 05:16:05,105 [16c5f78f-17e9-4ae3-8c1c-bc00fdbfe39b@group-3B982E576506-LeaderElection12] INFO  server.RaftServerConfigKeys (ConfUtils.java:logGet(44)) - raft.server.write.byte-limit = 1073741824 (custom)
2020-06-06 05:16:05,105 [16c5f78f-17e9-4ae3-8c1c-bc00fdbfe39b@group-3B982E576506-LeaderElection12] INFO  server.RaftServerConfigKeys (ConfUtils.java:logGet(44)) - raft.server.watch.timeout = 3s (custom)
2020-06-06 05:16:05,105 [16c5f78f-17e9-4ae3-8c1c-bc00fdbfe39b@group-3B982E576506-LeaderElection12] INFO  server.RaftServerConfigKeys (ConfUtils.java:logGet(44)) - raft.server.watch.timeout.denomination = 1s (default)
2020-06-06 05:16:05,105 [16c5f78f-17e9-4ae3-8c1c-bc00fdbfe39b@group-3B982E576506-LeaderElection12] INFO  server.RaftServerConfigKeys (ConfUtils.java:logGet(44)) - raft.server.watch.element-limit = 65536 (default)
2020-06-06 05:16:05,105 [16c5f78f-17e9-4ae3-8c1c-bc00fdbfe39b@group-3B982E576506-LeaderElection12] INFO  impl.RoleInfo (RoleInfo.java:updateAndGet(143)) - 16c5f78f-17e9-4ae3-8c1c-bc00fdbfe39b: start LeaderState
2020-06-06 05:16:05,106 [16c5f78f-17e9-4ae3-8c1c-bc00fdbfe39b@group-3B982E576506-LeaderElection12] INFO  segmented.SegmentedRaftLogWorker (SegmentedRaftLogWorker.java:startLogSegment(391)) - 16c5f78f-17e9-4ae3-8c1c-bc00fdbfe39b@group-3B982E576506-SegmentedRaftLogWorker: Starting segment from index:0
2020-06-06 05:16:05,106 [16c5f78f-17e9-4ae3-8c1c-bc00fdbfe39b@group-3B982E576506-LeaderElection12] INFO  impl.RaftServerImpl (ServerState.java:setRaftConf(356)) - 16c5f78f-17e9-4ae3-8c1c-bc00fdbfe39b@group-3B982E576506: set configuration 0: [16c5f78f-17e9-4ae3-8c1c-bc00fdbfe39b:172.17.0.2:33655], old=null at 0
2020-06-06 05:16:05,108 [16c5f78f-17e9-4ae3-8c1c-bc00fdbfe39b@group-3B982E576506-SegmentedRaftLogWorker] INFO  segmented.SegmentedRaftLogWorker (SegmentedRaftLogWorker.java:execute(583)) - 16c5f78f-17e9-4ae3-8c1c-bc00fdbfe39b@group-3B982E576506-SegmentedRaftLogWorker: created new log segment /github/workspace/mnt/ozone/hadoop-ozone/integration-test/target/test-dir/MiniOzoneClusterImpl-e9c98d0f-e324-43f2-aa41-70e4df10ec43/datanode-5/data/ratis/e94470a1-f56c-419a-97da-3b982e576506/current/log_inprogress_0
2020-06-06 05:16:05,111 [511a318d-fbb5-4d0b-a0f0-9021d224a603@group-7F597F336E44-LeaderElection11] INFO  impl.LeaderElection (LeaderElection.java:logAndReturn(61)) - 511a318d-fbb5-4d0b-a0f0-9021d224a603@group-7F597F336E44-LeaderElection11: Election PASSED; received 1 response(s) [511a318d-fbb5-4d0b-a0f0-9021d224a603<-4748d6c1-a840-468c-97bc-f81124d46716#0:OK-t1] and 0 exception(s); 511a318d-fbb5-4d0b-a0f0-9021d224a603@group-7F597F336E44:t1, leader=null, voted=511a318d-fbb5-4d0b-a0f0-9021d224a603, raftlog=511a318d-fbb5-4d0b-a0f0-9021d224a603@group-7F597F336E44-SegmentedRaftLog:OPENED:c-1,f-1,i0, conf=-1: [511a318d-fbb5-4d0b-a0f0-9021d224a603:172.17.0.2:39567, 4748d6c1-a840-468c-97bc-f81124d46716:172.17.0.2:42783, c5a1e514-6f01-4466-ae6f-c9e2d9db90cf:172.17.0.2:43443], old=null
2020-06-06 05:16:05,111 [511a318d-fbb5-4d0b-a0f0-9021d224a603@group-7F597F336E44-LeaderElection11] INFO  impl.RoleInfo (RoleInfo.java:shutdownLeaderElection(134)) - 511a318d-fbb5-4d0b-a0f0-9021d224a603: shutdown LeaderElection
2020-06-06 05:16:05,111 [511a318d-fbb5-4d0b-a0f0-9021d224a603@group-7F597F336E44-LeaderElection11] INFO  impl.RaftServerImpl (RaftServerImpl.java:setRole(173)) - 511a318d-fbb5-4d0b-a0f0-9021d224a603@group-7F597F336E44: changes role from CANDIDATE to LEADER at term 1 for changeToLeader
2020-06-06 05:16:05,111 [511a318d-fbb5-4d0b-a0f0-9021d224a603@group-7F597F336E44-LeaderElection11] INFO  ratis.XceiverServerRatis (XceiverServerRatis.java:handleLeaderChangedNotification(762)) - Leader change notification received for group: group-7F597F336E44 with new leaderId: 511a318d-fbb5-4d0b-a0f0-9021d224a603
2020-06-06 05:16:05,111 [511a318d-fbb5-4d0b-a0f0-9021d224a603@group-7F597F336E44-LeaderElection11] INFO  impl.RaftServerImpl (ServerState.java:setLeader(255)) - 511a318d-fbb5-4d0b-a0f0-9021d224a603@group-7F597F336E44: change Leader from null to 511a318d-fbb5-4d0b-a0f0-9021d224a603 at term 1 for becomeLeader, leader elected after 1410ms
2020-06-06 05:16:05,111 [511a318d-fbb5-4d0b-a0f0-9021d224a603@group-7F597F336E44-LeaderElection11] INFO  server.RaftServerConfigKeys (ConfUtils.java:logGet(44)) - raft.server.staging.catchup.gap = 1000 (default)
2020-06-06 05:16:05,111 [511a318d-fbb5-4d0b-a0f0-9021d224a603@group-7F597F336E44-LeaderElection11] INFO  server.RaftServerConfigKeys (ConfUtils.java:logGet(44)) - raft.server.rpc.sleep.time = 25ms (default)
2020-06-06 05:16:05,111 [511a318d-fbb5-4d0b-a0f0-9021d224a603@group-7F597F336E44-LeaderElection11] INFO  metrics.RatisMetrics (RatisMetrics.java:lambda$create$0(39)) - Creating Metrics Registry : ratis.log_appender.511a318d-fbb5-4d0b-a0f0-9021d224a603@group-7F597F336E44
2020-06-06 05:16:05,111 [511a318d-fbb5-4d0b-a0f0-9021d224a603@group-7F597F336E44-LeaderElection11] INFO  server.RaftServerConfigKeys (ConfUtils.java:logGet(44)) - raft.server.write.element-limit = 1024 (custom)
2020-06-06 05:16:05,112 [511a318d-fbb5-4d0b-a0f0-9021d224a603@group-7F597F336E44-LeaderElection11] INFO  server.RaftServerConfigKeys (ConfUtils.java:logGet(44)) - raft.server.write.byte-limit = 1073741824 (custom)
2020-06-06 05:16:05,112 [511a318d-fbb5-4d0b-a0f0-9021d224a603@group-7F597F336E44-LeaderElection11] INFO  server.RaftServerConfigKeys (ConfUtils.java:logGet(44)) - raft.server.watch.timeout = 3s (custom)
2020-06-06 05:16:05,112 [511a318d-fbb5-4d0b-a0f0-9021d224a603@group-7F597F336E44-LeaderElection11] INFO  server.RaftServerConfigKeys (ConfUtils.java:logGet(44)) - raft.server.watch.timeout.denomination = 1s (default)
2020-06-06 05:16:05,112 [511a318d-fbb5-4d0b-a0f0-9021d224a603@group-7F597F336E44-LeaderElection11] INFO  server.RaftServerConfigKeys (ConfUtils.java:logGet(44)) - raft.server.watch.element-limit = 65536 (default)
2020-06-06 05:16:05,112 [511a318d-fbb5-4d0b-a0f0-9021d224a603@group-7F597F336E44-LeaderElection11] INFO  server.RaftServerConfigKeys (ConfUtils.java:logGet(44)) - raft.server.log.appender.snapshot.chunk.size.max = 16MB (=16777216) (default)
2020-06-06 05:16:05,112 [EventQueue-PipelineReportForPipelineReportHandler] INFO  pipeline.PipelineStateManager (PipelineStateManager.java:openPipeline(131)) - Pipeline Pipeline[ Id: d1fd64df-3c23-4618-9d89-7f597f336e44, Nodes: 4748d6c1-a840-468c-97bc-f81124d46716{ip: 172.17.0.2, host: 04ab1dbc0cb6, networkLocation: /rack1, certSerialId: null}c5a1e514-6f01-4466-ae6f-c9e2d9db90cf{ip: 172.17.0.2, host: 04ab1dbc0cb6, networkLocation: /rack1, certSerialId: null}511a318d-fbb5-4d0b-a0f0-9021d224a603{ip: 172.17.0.2, host: 04ab1dbc0cb6, networkLocation: /rack1, certSerialId: null}, Type:RATIS, Factor:THREE, State:ALLOCATED, leaderId:511a318d-fbb5-4d0b-a0f0-9021d224a603, CreationTimestamp2020-06-06T05:16:00.739Z] moved to OPEN state
2020-06-06 05:16:05,112 [511a318d-fbb5-4d0b-a0f0-9021d224a603@group-7F597F336E44-LeaderElection11] INFO  server.RaftServerConfigKeys (ConfUtils.java:logGet(44)) - raft.server.log.appender.buffer.byte-limit = 33554432 (custom)
2020-06-06 05:16:05,119 [511a318d-fbb5-4d0b-a0f0-9021d224a603@group-7F597F336E44-LeaderElection11] INFO  server.RaftServerConfigKeys (ConfUtils.java:logGet(44)) - raft.server.log.appender.buffer.element-limit = 1 (custom)
2020-06-06 05:16:05,119 [c5a1e514-6f01-4466-ae6f-c9e2d9db90cf@group-7F597F336E44-LeaderElection14] INFO  impl.LeaderElection (LeaderElection.java:askForVotes(206)) - c5a1e514-6f01-4466-ae6f-c9e2d9db90cf@group-7F597F336E44-LeaderElection14: begin an election at term 1 for -1: [511a318d-fbb5-4d0b-a0f0-9021d224a603:172.17.0.2:39567, 4748d6c1-a840-468c-97bc-f81124d46716:172.17.0.2:42783, c5a1e514-6f01-4466-ae6f-c9e2d9db90cf:172.17.0.2:43443], old=null
2020-06-06 05:16:05,119 [c5a1e514-6f01-4466-ae6f-c9e2d9db90cf@group-077F859989A5-LeaderElection13] INFO  impl.LeaderElection (LeaderElection.java:askForVotes(206)) - c5a1e514-6f01-4466-ae6f-c9e2d9db90cf@group-077F859989A5-LeaderElection13: begin an election at term 1 for -1: [c5a1e514-6f01-4466-ae6f-c9e2d9db90cf:172.17.0.2:43443], old=null
2020-06-06 05:16:05,121 [c5a1e514-6f01-4466-ae6f-c9e2d9db90cf@group-077F859989A5-LeaderElection13] INFO  impl.RoleInfo (RoleInfo.java:shutdownLeaderElection(134)) - c5a1e514-6f01-4466-ae6f-c9e2d9db90cf: shutdown LeaderElection
2020-06-06 05:16:05,121 [c5a1e514-6f01-4466-ae6f-c9e2d9db90cf@group-077F859989A5-LeaderElection13] INFO  impl.RaftServerImpl (RaftServerImpl.java:setRole(173)) - c5a1e514-6f01-4466-ae6f-c9e2d9db90cf@group-077F859989A5: changes role from CANDIDATE to LEADER at term 1 for changeToLeader
2020-06-06 05:16:05,121 [c5a1e514-6f01-4466-ae6f-c9e2d9db90cf@group-077F859989A5-LeaderElection13] INFO  ratis.XceiverServerRatis (XceiverServerRatis.java:handleLeaderChangedNotification(762)) - Leader change notification received for group: group-077F859989A5 with new leaderId: c5a1e514-6f01-4466-ae6f-c9e2d9db90cf
2020-06-06 05:16:05,119 [511a318d-fbb5-4d0b-a0f0-9021d224a603@group-7F597F336E44-LeaderElection11] INFO  grpc.GrpcConfigKeys (ConfUtils.java:logGet(44)) - raft.grpc.server.leader.outstanding.appends.max = 128 (default)
2020-06-06 05:16:05,121 [511a318d-fbb5-4d0b-a0f0-9021d224a603@group-7F597F336E44-LeaderElection11] INFO  server.RaftServerConfigKeys (ConfUtils.java:logGet(44)) - raft.server.rpc.request.timeout = 3s (default)
2020-06-06 05:16:05,122 [511a318d-fbb5-4d0b-a0f0-9021d224a603@group-7F597F336E44-LeaderElection11] INFO  server.RaftServerConfigKeys (ConfUtils.java:logGet(44)) - raft.server.log.appender.install.snapshot.enabled = false (custom)
2020-06-06 05:16:05,122 [511a318d-fbb5-4d0b-a0f0-9021d224a603@group-7F597F336E44-LeaderElection11] INFO  server.RaftServerConfigKeys (ConfUtils.java:logGet(44)) - raft.server.log.appender.snapshot.chunk.size.max = 16MB (=16777216) (default)
2020-06-06 05:16:05,122 [511a318d-fbb5-4d0b-a0f0-9021d224a603@group-7F597F336E44-LeaderElection11] INFO  server.RaftServerConfigKeys (ConfUtils.java:logGet(44)) - raft.server.log.appender.buffer.byte-limit = 33554432 (custom)
2020-06-06 05:16:05,123 [511a318d-fbb5-4d0b-a0f0-9021d224a603@group-7F597F336E44-LeaderElection11] INFO  server.RaftServerConfigKeys (ConfUtils.java:logGet(44)) - raft.server.log.appender.buffer.element-limit = 1 (custom)
2020-06-06 05:16:05,139 [511a318d-fbb5-4d0b-a0f0-9021d224a603@group-7F597F336E44-LeaderElection11] INFO  grpc.GrpcConfigKeys (ConfUtils.java:logGet(44)) - raft.grpc.server.leader.outstanding.appends.max = 128 (default)
2020-06-06 05:16:05,139 [511a318d-fbb5-4d0b-a0f0-9021d224a603@group-7F597F336E44-LeaderElection11] INFO  server.RaftServerConfigKeys (ConfUtils.java:logGet(44)) - raft.server.rpc.request.timeout = 3s (default)
2020-06-06 05:16:05,139 [511a318d-fbb5-4d0b-a0f0-9021d224a603@group-7F597F336E44-LeaderElection11] INFO  server.RaftServerConfigKeys (ConfUtils.java:logGet(44)) - raft.server.log.appender.install.snapshot.enabled = false (custom)
2020-06-06 05:16:05,140 [511a318d-fbb5-4d0b-a0f0-9021d224a603@group-7F597F336E44-LeaderElection11] INFO  impl.RoleInfo (RoleInfo.java:updateAndGet(143)) - 511a318d-fbb5-4d0b-a0f0-9021d224a603: start LeaderState
2020-06-06 05:16:05,140 [511a318d-fbb5-4d0b-a0f0-9021d224a603@group-7F597F336E44-LeaderElection11] INFO  segmented.SegmentedRaftLogWorker (SegmentedRaftLogWorker.java:startLogSegment(391)) - 511a318d-fbb5-4d0b-a0f0-9021d224a603@group-7F597F336E44-SegmentedRaftLogWorker: Starting segment from index:0
2020-06-06 05:16:05,141 [511a318d-fbb5-4d0b-a0f0-9021d224a603@group-7F597F336E44-SegmentedRaftLogWorker] INFO  segmented.SegmentedRaftLogWorker (SegmentedRaftLogWorker.java:execute(583)) - 511a318d-fbb5-4d0b-a0f0-9021d224a603@group-7F597F336E44-SegmentedRaftLogWorker: created new log segment /github/workspace/mnt/ozone/hadoop-ozone/integration-test/target/test-dir/MiniOzoneClusterImpl-e9c98d0f-e324-43f2-aa41-70e4df10ec43/datanode-6/data/ratis/d1fd64df-3c23-4618-9d89-7f597f336e44/current/log_inprogress_0
2020-06-06 05:16:05,153 [c5a1e514-6f01-4466-ae6f-c9e2d9db90cf@group-077F859989A5-LeaderElection13] INFO  impl.RaftServerImpl (ServerState.java:setLeader(255)) - c5a1e514-6f01-4466-ae6f-c9e2d9db90cf@group-077F859989A5: change Leader from null to c5a1e514-6f01-4466-ae6f-c9e2d9db90cf at term 1 for becomeLeader, leader elected after 1144ms
2020-06-06 05:16:05,153 [c5a1e514-6f01-4466-ae6f-c9e2d9db90cf@group-077F859989A5-LeaderElection13] INFO  server.RaftServerConfigKeys (ConfUtils.java:logGet(44)) - raft.server.staging.catchup.gap = 1000 (default)
2020-06-06 05:16:05,153 [c5a1e514-6f01-4466-ae6f-c9e2d9db90cf@group-077F859989A5-LeaderElection13] INFO  server.RaftServerConfigKeys (ConfUtils.java:logGet(44)) - raft.server.rpc.sleep.time = 25ms (default)
2020-06-06 05:16:05,160 [511a318d-fbb5-4d0b-a0f0-9021d224a603@group-7F597F336E44-LeaderElection11] INFO  impl.RaftServerImpl (ServerState.java:setRaftConf(356)) - 511a318d-fbb5-4d0b-a0f0-9021d224a603@group-7F597F336E44: set configuration 0: [511a318d-fbb5-4d0b-a0f0-9021d224a603:172.17.0.2:39567, 4748d6c1-a840-468c-97bc-f81124d46716:172.17.0.2:42783, c5a1e514-6f01-4466-ae6f-c9e2d9db90cf:172.17.0.2:43443], old=null at 0
2020-06-06 05:16:05,164 [Thread-311] INFO  impl.FollowerState (FollowerState.java:run(108)) - 4748d6c1-a840-468c-97bc-f81124d46716@group-FC85AF366854-FollowerState: change to CANDIDATE, lastRpcTime:1108ms, electionTimeout:1099ms
2020-06-06 05:16:05,164 [Thread-311] INFO  impl.RoleInfo (RoleInfo.java:shutdownFollowerState(121)) - 4748d6c1-a840-468c-97bc-f81124d46716: shutdown FollowerState
2020-06-06 05:16:05,164 [Thread-311] INFO  impl.RaftServerImpl (RaftServerImpl.java:setRole(173)) - 4748d6c1-a840-468c-97bc-f81124d46716@group-FC85AF366854: changes role from  FOLLOWER to CANDIDATE at term 0 for changeToCandidate
2020-06-06 05:16:05,165 [c5a1e514-6f01-4466-ae6f-c9e2d9db90cf@group-077F859989A5-LeaderElection13] INFO  metrics.RatisMetrics (RatisMetrics.java:lambda$create$0(39)) - Creating Metrics Registry : ratis.log_appender.c5a1e514-6f01-4466-ae6f-c9e2d9db90cf@group-077F859989A5
2020-06-06 05:16:05,165 [c5a1e514-6f01-4466-ae6f-c9e2d9db90cf@group-077F859989A5-LeaderElection13] INFO  server.RaftServerConfigKeys (ConfUtils.java:logGet(44)) - raft.server.write.element-limit = 1024 (custom)
2020-06-06 05:16:05,165 [c5a1e514-6f01-4466-ae6f-c9e2d9db90cf@group-077F859989A5-LeaderElection13] INFO  server.RaftServerConfigKeys (ConfUtils.java:logGet(44)) - raft.server.write.byte-limit = 1073741824 (custom)
2020-06-06 05:16:05,166 [c5a1e514-6f01-4466-ae6f-c9e2d9db90cf@group-077F859989A5-LeaderElection13] INFO  server.RaftServerConfigKeys (ConfUtils.java:logGet(44)) - raft.server.watch.timeout = 3s (custom)
2020-06-06 05:16:05,166 [c5a1e514-6f01-4466-ae6f-c9e2d9db90cf@group-077F859989A5-LeaderElection13] INFO  server.RaftServerConfigKeys (ConfUtils.java:logGet(44)) - raft.server.watch.timeout.denomination = 1s (default)
2020-06-06 05:16:05,166 [c5a1e514-6f01-4466-ae6f-c9e2d9db90cf@group-077F859989A5-LeaderElection13] INFO  server.RaftServerConfigKeys (ConfUtils.java:logGet(44)) - raft.server.watch.element-limit = 65536 (default)
2020-06-06 05:16:05,166 [c5a1e514-6f01-4466-ae6f-c9e2d9db90cf@group-077F859989A5-LeaderElection13] INFO  impl.RoleInfo (RoleInfo.java:updateAndGet(143)) - c5a1e514-6f01-4466-ae6f-c9e2d9db90cf: start LeaderState
2020-06-06 05:16:05,166 [c5a1e514-6f01-4466-ae6f-c9e2d9db90cf@group-077F859989A5-LeaderElection13] INFO  segmented.SegmentedRaftLogWorker (SegmentedRaftLogWorker.java:startLogSegment(391)) - c5a1e514-6f01-4466-ae6f-c9e2d9db90cf@group-077F859989A5-SegmentedRaftLogWorker: Starting segment from index:0
2020-06-06 05:16:05,165 [Thread-311] INFO  impl.RoleInfo (RoleInfo.java:updateAndGet(143)) - 4748d6c1-a840-468c-97bc-f81124d46716: start LeaderElection
2020-06-06 05:16:05,192 [grpc-default-executor-5] INFO  ratis.XceiverServerRatis (XceiverServerRatis.java:handleLeaderChangedNotification(762)) - Leader change notification received for group: group-7F597F336E44 with new leaderId: 511a318d-fbb5-4d0b-a0f0-9021d224a603
2020-06-06 05:16:05,193 [grpc-default-executor-5] INFO  impl.RaftServerImpl (ServerState.java:setLeader(255)) - 4748d6c1-a840-468c-97bc-f81124d46716@group-7F597F336E44: change Leader from null to 511a318d-fbb5-4d0b-a0f0-9021d224a603 at term 1 for appendEntries, leader elected after 1149ms
2020-06-06 05:16:05,195 [grpc-default-executor-4] INFO  impl.RaftServerImpl (RaftServerImpl.java:setRole(173)) - c5a1e514-6f01-4466-ae6f-c9e2d9db90cf@group-7F597F336E44: changes role from CANDIDATE to FOLLOWER at term 1 for appendEntries
2020-06-06 05:16:05,195 [grpc-default-executor-4] INFO  impl.RoleInfo (RoleInfo.java:shutdownLeaderElection(134)) - c5a1e514-6f01-4466-ae6f-c9e2d9db90cf: shutdown LeaderElection
2020-06-06 05:16:05,200 [c5a1e514-6f01-4466-ae6f-c9e2d9db90cf@group-077F859989A5-LeaderElection13] INFO  impl.RaftServerImpl (ServerState.java:setRaftConf(356)) - c5a1e514-6f01-4466-ae6f-c9e2d9db90cf@group-077F859989A5: set configuration 0: [c5a1e514-6f01-4466-ae6f-c9e2d9db90cf:172.17.0.2:43443], old=null at 0
2020-06-06 05:16:05,200 [grpc-default-executor-4] INFO  impl.RoleInfo (RoleInfo.java:updateAndGet(143)) - c5a1e514-6f01-4466-ae6f-c9e2d9db90cf: start FollowerState
2020-06-06 05:16:05,201 [c5a1e514-6f01-4466-ae6f-c9e2d9db90cf@group-077F859989A5-SegmentedRaftLogWorker] INFO  segmented.SegmentedRaftLogWorker (SegmentedRaftLogWorker.java:execute(583)) - c5a1e514-6f01-4466-ae6f-c9e2d9db90cf@group-077F859989A5-SegmentedRaftLogWorker: created new log segment /github/workspace/mnt/ozone/hadoop-ozone/integration-test/target/test-dir/MiniOzoneClusterImpl-e9c98d0f-e324-43f2-aa41-70e4df10ec43/datanode-7/data/ratis/a3ae1158-afce-41dd-b921-077f859989a5/current/log_inprogress_0
2020-06-06 05:16:05,207 [grpc-default-executor-4] INFO  ratis.XceiverServerRatis (XceiverServerRatis.java:handleLeaderChangedNotification(762)) - Leader change notification received for group: group-7F597F336E44 with new leaderId: 511a318d-fbb5-4d0b-a0f0-9021d224a603
2020-06-06 05:16:05,207 [grpc-default-executor-4] INFO  impl.RaftServerImpl (ServerState.java:setLeader(255)) - c5a1e514-6f01-4466-ae6f-c9e2d9db90cf@group-7F597F336E44: change Leader from null to 511a318d-fbb5-4d0b-a0f0-9021d224a603 at term 1 for appendEntries, leader elected after 1185ms
2020-06-06 05:16:05,216 [grpc-default-executor-2] INFO  impl.RaftServerImpl (RaftServerImpl.java:requestVote(818)) - 4748d6c1-a840-468c-97bc-f81124d46716@group-7F597F336E44- FOLLOWER: Withhold vote from candidate c5a1e514-6f01-4466-ae6f-c9e2d9db90cf with term 1. State: leader=511a318d-fbb5-4d0b-a0f0-9021d224a603, term=1, lastRpcElapsed=23ms
2020-06-06 05:16:05,217 [4748d6c1-a840-468c-97bc-f81124d46716@group-FC85AF366854-LeaderElection15] INFO  impl.LeaderElection (LeaderElection.java:askForVotes(206)) - 4748d6c1-a840-468c-97bc-f81124d46716@group-FC85AF366854-LeaderElection15: begin an election at term 1 for -1: [4748d6c1-a840-468c-97bc-f81124d46716:172.17.0.2:42783], old=null
2020-06-06 05:16:05,217 [4748d6c1-a840-468c-97bc-f81124d46716@group-FC85AF366854-LeaderElection15] INFO  impl.RoleInfo (RoleInfo.java:shutdownLeaderElection(134)) - 4748d6c1-a840-468c-97bc-f81124d46716: shutdown LeaderElection
2020-06-06 05:16:05,217 [4748d6c1-a840-468c-97bc-f81124d46716@group-FC85AF366854-LeaderElection15] INFO  impl.RaftServerImpl (RaftServerImpl.java:setRole(173)) - 4748d6c1-a840-468c-97bc-f81124d46716@group-FC85AF366854: changes role from CANDIDATE to LEADER at term 1 for changeToLeader
2020-06-06 05:16:05,217 [4748d6c1-a840-468c-97bc-f81124d46716@group-FC85AF366854-LeaderElection15] INFO  ratis.XceiverServerRatis (XceiverServerRatis.java:handleLeaderChangedNotification(762)) - Leader change notification received for group: group-FC85AF366854 with new leaderId: 4748d6c1-a840-468c-97bc-f81124d46716
2020-06-06 05:16:05,215 [grpc-default-executor-0] INFO  impl.RaftServerImpl (RaftServerImpl.java:requestVote(818)) - 511a318d-fbb5-4d0b-a0f0-9021d224a603@group-7F597F336E44-   LEADER: Withhold vote from candidate c5a1e514-6f01-4466-ae6f-c9e2d9db90cf with term 1. State: leader=511a318d-fbb5-4d0b-a0f0-9021d224a603, term=1, lastRpcElapsed=null
2020-06-06 05:16:05,232 [4748d6c1-a840-468c-97bc-f81124d46716@group-FC85AF366854-LeaderElection15] INFO  impl.RaftServerImpl (ServerState.java:setLeader(255)) - 4748d6c1-a840-468c-97bc-f81124d46716@group-FC85AF366854: change Leader from null to 4748d6c1-a840-468c-97bc-f81124d46716 at term 1 for becomeLeader, leader elected after 1239ms
2020-06-06 05:16:05,232 [4748d6c1-a840-468c-97bc-f81124d46716@group-FC85AF366854-LeaderElection15] INFO  server.RaftServerConfigKeys (ConfUtils.java:logGet(44)) - raft.server.staging.catchup.gap = 1000 (default)
2020-06-06 05:16:05,232 [4748d6c1-a840-468c-97bc-f81124d46716@group-FC85AF366854-LeaderElection15] INFO  server.RaftServerConfigKeys (ConfUtils.java:logGet(44)) - raft.server.rpc.sleep.time = 25ms (default)
2020-06-06 05:16:05,233 [4748d6c1-a840-468c-97bc-f81124d46716@group-FC85AF366854-LeaderElection15] INFO  metrics.RatisMetrics (RatisMetrics.java:lambda$create$0(39)) - Creating Metrics Registry : ratis.log_appender.4748d6c1-a840-468c-97bc-f81124d46716@group-FC85AF366854
2020-06-06 05:16:05,233 [4748d6c1-a840-468c-97bc-f81124d46716@group-FC85AF366854-LeaderElection15] INFO  server.RaftServerConfigKeys (ConfUtils.java:logGet(44)) - raft.server.write.element-limit = 1024 (custom)
2020-06-06 05:16:05,233 [4748d6c1-a840-468c-97bc-f81124d46716@group-FC85AF366854-LeaderElection15] INFO  server.RaftServerConfigKeys (ConfUtils.java:logGet(44)) - raft.server.write.byte-limit = 1073741824 (custom)
2020-06-06 05:16:05,233 [4748d6c1-a840-468c-97bc-f81124d46716@group-FC85AF366854-LeaderElection15] INFO  server.RaftServerConfigKeys (ConfUtils.java:logGet(44)) - raft.server.watch.timeout = 3s (custom)
2020-06-06 05:16:05,233 [4748d6c1-a840-468c-97bc-f81124d46716@group-FC85AF366854-LeaderElection15] INFO  server.RaftServerConfigKeys (ConfUtils.java:logGet(44)) - raft.server.watch.timeout.denomination = 1s (default)
2020-06-06 05:16:05,233 [4748d6c1-a840-468c-97bc-f81124d46716@group-FC85AF366854-LeaderElection15] INFO  server.RaftServerConfigKeys (ConfUtils.java:logGet(44)) - raft.server.watch.element-limit = 65536 (default)
2020-06-06 05:16:05,234 [4748d6c1-a840-468c-97bc-f81124d46716@group-FC85AF366854-LeaderElection15] INFO  impl.RoleInfo (RoleInfo.java:updateAndGet(143)) - 4748d6c1-a840-468c-97bc-f81124d46716: start LeaderState
2020-06-06 05:16:05,234 [4748d6c1-a840-468c-97bc-f81124d46716@group-FC85AF366854-LeaderElection15] INFO  segmented.SegmentedRaftLogWorker (SegmentedRaftLogWorker.java:startLogSegment(391)) - 4748d6c1-a840-468c-97bc-f81124d46716@group-FC85AF366854-SegmentedRaftLogWorker: Starting segment from index:0
2020-06-06 05:16:05,235 [4748d6c1-a840-468c-97bc-f81124d46716@group-FC85AF366854-LeaderElection15] INFO  impl.RaftServerImpl (ServerState.java:setRaftConf(356)) - 4748d6c1-a840-468c-97bc-f81124d46716@group-FC85AF366854: set configuration 0: [4748d6c1-a840-468c-97bc-f81124d46716:172.17.0.2:42783], old=null at 0
2020-06-06 05:16:05,244 [Thread-306] INFO  impl.FollowerState (FollowerState.java:run(108)) - 92229472-150d-4b8c-8c8a-1ffb4ed5a15e@group-5F9612465EBB-FollowerState: change to CANDIDATE, lastRpcTime:1195ms, electionTimeout:1194ms
2020-06-06 05:16:05,254 [grpc-default-executor-2] INFO  impl.RaftServerImpl (ServerState.java:setRaftConf(356)) - c5a1e514-6f01-4466-ae6f-c9e2d9db90cf@group-7F597F336E44: set configuration 0: [511a318d-fbb5-4d0b-a0f0-9021d224a603:172.17.0.2:39567, 4748d6c1-a840-468c-97bc-f81124d46716:172.17.0.2:42783, c5a1e514-6f01-4466-ae6f-c9e2d9db90cf:172.17.0.2:43443], old=null at 0
2020-06-06 05:16:05,254 [grpc-default-executor-2] INFO  segmented.SegmentedRaftLogWorker (SegmentedRaftLogWorker.java:startLogSegment(391)) - c5a1e514-6f01-4466-ae6f-c9e2d9db90cf@group-7F597F336E44-SegmentedRaftLogWorker: Starting segment from index:0
2020-06-06 05:16:05,255 [Thread-306] INFO  impl.RoleInfo (RoleInfo.java:shutdownFollowerState(121)) - 92229472-150d-4b8c-8c8a-1ffb4ed5a15e: shutdown FollowerState
2020-06-06 05:16:05,255 [Thread-306] INFO  impl.RaftServerImpl (RaftServerImpl.java:setRole(173)) - 92229472-150d-4b8c-8c8a-1ffb4ed5a15e@group-5F9612465EBB: changes role from  FOLLOWER to CANDIDATE at term 0 for changeToCandidate
2020-06-06 05:16:05,255 [Thread-306] INFO  impl.RoleInfo (RoleInfo.java:updateAndGet(143)) - 92229472-150d-4b8c-8c8a-1ffb4ed5a15e: start LeaderElection
2020-06-06 05:16:05,255 [4748d6c1-a840-468c-97bc-f81124d46716@group-FC85AF366854-SegmentedRaftLogWorker] INFO  segmented.SegmentedRaftLogWorker (SegmentedRaftLogWorker.java:execute(583)) - 4748d6c1-a840-468c-97bc-f81124d46716@group-FC85AF366854-SegmentedRaftLogWorker: created new log segment /github/workspace/mnt/ozone/hadoop-ozone/integration-test/target/test-dir/MiniOzoneClusterImpl-e9c98d0f-e324-43f2-aa41-70e4df10ec43/datanode-8/data/ratis/f2a07715-4f5d-4e02-9eed-fc85af366854/current/log_inprogress_0
2020-06-06 05:16:05,255 [grpc-default-executor-4] INFO  impl.RaftServerImpl (ServerState.java:setRaftConf(356)) - 4748d6c1-a840-468c-97bc-f81124d46716@group-7F597F336E44: set configuration 0: [511a318d-fbb5-4d0b-a0f0-9021d224a603:172.17.0.2:39567, 4748d6c1-a840-468c-97bc-f81124d46716:172.17.0.2:42783, c5a1e514-6f01-4466-ae6f-c9e2d9db90cf:172.17.0.2:43443], old=null at 0
2020-06-06 05:16:05,255 [grpc-default-executor-4] INFO  segmented.SegmentedRaftLogWorker (SegmentedRaftLogWorker.java:startLogSegment(391)) - 4748d6c1-a840-468c-97bc-f81124d46716@group-7F597F336E44-SegmentedRaftLogWorker: Starting segment from index:0
2020-06-06 05:16:05,256 [c5a1e514-6f01-4466-ae6f-c9e2d9db90cf@group-7F597F336E44-SegmentedRaftLogWorker] INFO  segmented.SegmentedRaftLogWorker (SegmentedRaftLogWorker.java:execute(583)) - c5a1e514-6f01-4466-ae6f-c9e2d9db90cf@group-7F597F336E44-SegmentedRaftLogWorker: created new log segment /github/workspace/mnt/ozone/hadoop-ozone/integration-test/target/test-dir/MiniOzoneClusterImpl-e9c98d0f-e324-43f2-aa41-70e4df10ec43/datanode-7/data/ratis/d1fd64df-3c23-4618-9d89-7f597f336e44/current/log_inprogress_0
2020-06-06 05:16:05,265 [c5a1e514-6f01-4466-ae6f-c9e2d9db90cf@group-7F597F336E44-LeaderElection14] INFO  impl.LeaderElection (LeaderElection.java:logAndReturn(61)) - c5a1e514-6f01-4466-ae6f-c9e2d9db90cf@group-7F597F336E44-LeaderElection14: Election REJECTED; received 1 response(s) [c5a1e514-6f01-4466-ae6f-c9e2d9db90cf<-511a318d-fbb5-4d0b-a0f0-9021d224a603#0:FAIL-t1] and 0 exception(s); c5a1e514-6f01-4466-ae6f-c9e2d9db90cf@group-7F597F336E44:t1, leader=511a318d-fbb5-4d0b-a0f0-9021d224a603, voted=c5a1e514-6f01-4466-ae6f-c9e2d9db90cf, raftlog=c5a1e514-6f01-4466-ae6f-c9e2d9db90cf@group-7F597F336E44-SegmentedRaftLog:OPENED:c-1,f0,i0, conf=0: [511a318d-fbb5-4d0b-a0f0-9021d224a603:172.17.0.2:39567, 4748d6c1-a840-468c-97bc-f81124d46716:172.17.0.2:42783, c5a1e514-6f01-4466-ae6f-c9e2d9db90cf:172.17.0.2:43443], old=null
2020-06-06 05:16:05,274 [4748d6c1-a840-468c-97bc-f81124d46716@group-7F597F336E44-SegmentedRaftLogWorker] INFO  segmented.SegmentedRaftLogWorker (SegmentedRaftLogWorker.java:execute(583)) - 4748d6c1-a840-468c-97bc-f81124d46716@group-7F597F336E44-SegmentedRaftLogWorker: created new log segment /github/workspace/mnt/ozone/hadoop-ozone/integration-test/target/test-dir/MiniOzoneClusterImpl-e9c98d0f-e324-43f2-aa41-70e4df10ec43/datanode-8/data/ratis/d1fd64df-3c23-4618-9d89-7f597f336e44/current/log_inprogress_0
2020-06-06 05:16:05,298 [92229472-150d-4b8c-8c8a-1ffb4ed5a15e@group-5F9612465EBB-LeaderElection16] INFO  impl.LeaderElection (LeaderElection.java:askForVotes(206)) - 92229472-150d-4b8c-8c8a-1ffb4ed5a15e@group-5F9612465EBB-LeaderElection16: begin an election at term 1 for -1: [92229472-150d-4b8c-8c8a-1ffb4ed5a15e:172.17.0.2:33829], old=null
2020-06-06 05:16:05,304 [92229472-150d-4b8c-8c8a-1ffb4ed5a15e@group-5F9612465EBB-LeaderElection16] INFO  impl.RoleInfo (RoleInfo.java:shutdownLeaderElection(134)) - 92229472-150d-4b8c-8c8a-1ffb4ed5a15e: shutdown LeaderElection
2020-06-06 05:16:05,304 [92229472-150d-4b8c-8c8a-1ffb4ed5a15e@group-5F9612465EBB-LeaderElection16] INFO  impl.RaftServerImpl (RaftServerImpl.java:setRole(173)) - 92229472-150d-4b8c-8c8a-1ffb4ed5a15e@group-5F9612465EBB: changes role from CANDIDATE to LEADER at term 1 for changeToLeader
2020-06-06 05:16:05,304 [92229472-150d-4b8c-8c8a-1ffb4ed5a15e@group-5F9612465EBB-LeaderElection16] INFO  ratis.XceiverServerRatis (XceiverServerRatis.java:handleLeaderChangedNotification(762)) - Leader change notification received for group: group-5F9612465EBB with new leaderId: 92229472-150d-4b8c-8c8a-1ffb4ed5a15e
2020-06-06 05:16:05,304 [92229472-150d-4b8c-8c8a-1ffb4ed5a15e@group-5F9612465EBB-LeaderElection16] INFO  impl.RaftServerImpl (ServerState.java:setLeader(255)) - 92229472-150d-4b8c-8c8a-1ffb4ed5a15e@group-5F9612465EBB: change Leader from null to 92229472-150d-4b8c-8c8a-1ffb4ed5a15e at term 1 for becomeLeader, leader elected after 1315ms
2020-06-06 05:16:05,304 [92229472-150d-4b8c-8c8a-1ffb4ed5a15e@group-5F9612465EBB-LeaderElection16] INFO  server.RaftServerConfigKeys (ConfUtils.java:logGet(44)) - raft.server.staging.catchup.gap = 1000 (default)
2020-06-06 05:16:05,304 [92229472-150d-4b8c-8c8a-1ffb4ed5a15e@group-5F9612465EBB-LeaderElection16] INFO  server.RaftServerConfigKeys (ConfUtils.java:logGet(44)) - raft.server.rpc.sleep.time = 25ms (default)
2020-06-06 05:16:05,304 [92229472-150d-4b8c-8c8a-1ffb4ed5a15e@group-5F9612465EBB-LeaderElection16] INFO  metrics.RatisMetrics (RatisMetrics.java:lambda$create$0(39)) - Creating Metrics Registry : ratis.log_appender.92229472-150d-4b8c-8c8a-1ffb4ed5a15e@group-5F9612465EBB
2020-06-06 05:16:05,304 [92229472-150d-4b8c-8c8a-1ffb4ed5a15e@group-5F9612465EBB-LeaderElection16] INFO  server.RaftServerConfigKeys (ConfUtils.java:logGet(44)) - raft.server.write.element-limit = 1024 (custom)
2020-06-06 05:16:05,304 [92229472-150d-4b8c-8c8a-1ffb4ed5a15e@group-5F9612465EBB-LeaderElection16] INFO  server.RaftServerConfigKeys (ConfUtils.java:logGet(44)) - raft.server.write.byte-limit = 1073741824 (custom)
2020-06-06 05:16:05,305 [92229472-150d-4b8c-8c8a-1ffb4ed5a15e@group-5F9612465EBB-LeaderElection16] INFO  server.RaftServerConfigKeys (ConfUtils.java:logGet(44)) - raft.server.watch.timeout = 3s (custom)
2020-06-06 05:16:05,305 [92229472-150d-4b8c-8c8a-1ffb4ed5a15e@group-5F9612465EBB-LeaderElection16] INFO  server.RaftServerConfigKeys (ConfUtils.java:logGet(44)) - raft.server.watch.timeout.denomination = 1s (default)
2020-06-06 05:16:05,305 [92229472-150d-4b8c-8c8a-1ffb4ed5a15e@group-5F9612465EBB-LeaderElection16] INFO  server.RaftServerConfigKeys (ConfUtils.java:logGet(44)) - raft.server.watch.element-limit = 65536 (default)
2020-06-06 05:16:05,305 [92229472-150d-4b8c-8c8a-1ffb4ed5a15e@group-5F9612465EBB-LeaderElection16] INFO  impl.RoleInfo (RoleInfo.java:updateAndGet(143)) - 92229472-150d-4b8c-8c8a-1ffb4ed5a15e: start LeaderState
2020-06-06 05:16:05,305 [92229472-150d-4b8c-8c8a-1ffb4ed5a15e@group-5F9612465EBB-LeaderElection16] INFO  segmented.SegmentedRaftLogWorker (SegmentedRaftLogWorker.java:startLogSegment(391)) - 92229472-150d-4b8c-8c8a-1ffb4ed5a15e@group-5F9612465EBB-SegmentedRaftLogWorker: Starting segment from index:0
2020-06-06 05:16:05,307 [92229472-150d-4b8c-8c8a-1ffb4ed5a15e@group-5F9612465EBB-SegmentedRaftLogWorker] INFO  segmented.SegmentedRaftLogWorker (SegmentedRaftLogWorker.java:execute(583)) - 92229472-150d-4b8c-8c8a-1ffb4ed5a15e@group-5F9612465EBB-SegmentedRaftLogWorker: created new log segment /github/workspace/mnt/ozone/hadoop-ozone/integration-test/target/test-dir/MiniOzoneClusterImpl-e9c98d0f-e324-43f2-aa41-70e4df10ec43/datanode-9/data/ratis/5c8c39c2-5848-4aa7-9a7c-5f9612465ebb/current/log_inprogress_0
2020-06-06 05:16:05,315 [92229472-150d-4b8c-8c8a-1ffb4ed5a15e@group-5F9612465EBB-LeaderElection16] INFO  impl.RaftServerImpl (ServerState.java:setRaftConf(356)) - 92229472-150d-4b8c-8c8a-1ffb4ed5a15e@group-5F9612465EBB: set configuration 0: [92229472-150d-4b8c-8c8a-1ffb4ed5a15e:172.17.0.2:33829], old=null at 0
2020-06-06 05:16:05,532 [Thread-334] INFO  impl.FollowerState (FollowerState.java:run(108)) - bac48e61-09da-4d4a-9cda-de1b5303032b@group-308F7357FED9-FollowerState: change to CANDIDATE, lastRpcTime:1081ms, electionTimeout:1054ms
2020-06-06 05:16:05,532 [Thread-334] INFO  impl.RoleInfo (RoleInfo.java:shutdownFollowerState(121)) - bac48e61-09da-4d4a-9cda-de1b5303032b: shutdown FollowerState
2020-06-06 05:16:05,532 [Thread-334] INFO  impl.RaftServerImpl (RaftServerImpl.java:setRole(173)) - bac48e61-09da-4d4a-9cda-de1b5303032b@group-308F7357FED9: changes role from  FOLLOWER to CANDIDATE at term 2 for changeToCandidate
2020-06-06 05:16:05,532 [Thread-334] INFO  impl.RoleInfo (RoleInfo.java:updateAndGet(143)) - bac48e61-09da-4d4a-9cda-de1b5303032b: start LeaderElection
2020-06-06 05:16:05,544 [bac48e61-09da-4d4a-9cda-de1b5303032b@group-308F7357FED9-LeaderElection17] INFO  impl.LeaderElection (LeaderElection.java:askForVotes(206)) - bac48e61-09da-4d4a-9cda-de1b5303032b@group-308F7357FED9-LeaderElection17: begin an election at term 3 for -1: [5414add9-8f52-42f4-bc0e-5ee16c82ee52:172.17.0.2:45995, bac48e61-09da-4d4a-9cda-de1b5303032b:172.17.0.2:42725, dfea1794-fda5-4e0a-86f7-27bb8c5952a1:172.17.0.2:46543], old=null
2020-06-06 05:16:05,551 [Thread-344] INFO  impl.FollowerState (FollowerState.java:run(108)) - dfea1794-fda5-4e0a-86f7-27bb8c5952a1@group-308F7357FED9-FollowerState: change to CANDIDATE, lastRpcTime:1025ms, electionTimeout:1024ms
2020-06-06 05:16:05,551 [Thread-344] INFO  impl.RoleInfo (RoleInfo.java:shutdownFollowerState(121)) - dfea1794-fda5-4e0a-86f7-27bb8c5952a1: shutdown FollowerState
2020-06-06 05:16:05,551 [Thread-344] INFO  impl.RaftServerImpl (RaftServerImpl.java:setRole(173)) - dfea1794-fda5-4e0a-86f7-27bb8c5952a1@group-308F7357FED9: changes role from  FOLLOWER to CANDIDATE at term 2 for changeToCandidate
2020-06-06 05:16:05,551 [Thread-344] INFO  impl.RoleInfo (RoleInfo.java:updateAndGet(143)) - dfea1794-fda5-4e0a-86f7-27bb8c5952a1: start LeaderElection
2020-06-06 05:16:05,569 [grpc-default-executor-4] INFO  impl.RaftServerImpl (RaftServerImpl.java:setRole(173)) - 5414add9-8f52-42f4-bc0e-5ee16c82ee52@group-308F7357FED9: changes role from  FOLLOWER to FOLLOWER at term 3 for recognizeCandidate:bac48e61-09da-4d4a-9cda-de1b5303032b
2020-06-06 05:16:05,569 [grpc-default-executor-4] INFO  impl.RoleInfo (RoleInfo.java:shutdownFollowerState(121)) - 5414add9-8f52-42f4-bc0e-5ee16c82ee52: shutdown FollowerState
2020-06-06 05:16:05,572 [grpc-default-executor-4] INFO  impl.RoleInfo (RoleInfo.java:updateAndGet(143)) - 5414add9-8f52-42f4-bc0e-5ee16c82ee52: start FollowerState
2020-06-06 05:16:05,572 [Thread-340] INFO  impl.FollowerState (FollowerState.java:run(117)) - 5414add9-8f52-42f4-bc0e-5ee16c82ee52@group-308F7357FED9-FollowerState was interrupted: java.lang.InterruptedException: sleep interrupted
2020-06-06 05:16:05,580 [bac48e61-09da-4d4a-9cda-de1b5303032b@group-308F7357FED9-LeaderElection17] INFO  impl.LeaderElection (LeaderElection.java:logAndReturn(61)) - bac48e61-09da-4d4a-9cda-de1b5303032b@group-308F7357FED9-LeaderElection17: Election PASSED; received 1 response(s) [bac48e61-09da-4d4a-9cda-de1b5303032b<-5414add9-8f52-42f4-bc0e-5ee16c82ee52#0:OK-t3] and 0 exception(s); bac48e61-09da-4d4a-9cda-de1b5303032b@group-308F7357FED9:t3, leader=null, voted=bac48e61-09da-4d4a-9cda-de1b5303032b, raftlog=bac48e61-09da-4d4a-9cda-de1b5303032b@group-308F7357FED9-SegmentedRaftLog:OPENED:c-1,f-1,i0, conf=-1: [5414add9-8f52-42f4-bc0e-5ee16c82ee52:172.17.0.2:45995, bac48e61-09da-4d4a-9cda-de1b5303032b:172.17.0.2:42725, dfea1794-fda5-4e0a-86f7-27bb8c5952a1:172.17.0.2:46543], old=null
2020-06-06 05:16:05,580 [bac48e61-09da-4d4a-9cda-de1b5303032b@group-308F7357FED9-LeaderElection17] INFO  impl.RoleInfo (RoleInfo.java:shutdownLeaderElection(134)) - bac48e61-09da-4d4a-9cda-de1b5303032b: shutdown LeaderElection
2020-06-06 05:16:05,580 [bac48e61-09da-4d4a-9cda-de1b5303032b@group-308F7357FED9-LeaderElection17] INFO  impl.RaftServerImpl (RaftServerImpl.java:setRole(173)) - bac48e61-09da-4d4a-9cda-de1b5303032b@group-308F7357FED9: changes role from CANDIDATE to LEADER at term 3 for changeToLeader
2020-06-06 05:16:05,580 [bac48e61-09da-4d4a-9cda-de1b5303032b@group-308F7357FED9-LeaderElection17] INFO  ratis.XceiverServerRatis (XceiverServerRatis.java:handleLeaderChangedNotification(762)) - Leader change notification received for group: group-308F7357FED9 with new leaderId: bac48e61-09da-4d4a-9cda-de1b5303032b
2020-06-06 05:16:05,580 [bac48e61-09da-4d4a-9cda-de1b5303032b@group-308F7357FED9-LeaderElection17] INFO  impl.RaftServerImpl (ServerState.java:setLeader(255)) - bac48e61-09da-4d4a-9cda-de1b5303032b@group-308F7357FED9: change Leader from null to bac48e61-09da-4d4a-9cda-de1b5303032b at term 3 for becomeLeader, leader elected after 2310ms
2020-06-06 05:16:05,580 [bac48e61-09da-4d4a-9cda-de1b5303032b@group-308F7357FED9-LeaderElection17] INFO  server.RaftServerConfigKeys (ConfUtils.java:logGet(44)) - raft.server.staging.catchup.gap = 1000 (default)
2020-06-06 05:16:05,580 [bac48e61-09da-4d4a-9cda-de1b5303032b@group-308F7357FED9-LeaderElection17] INFO  server.RaftServerConfigKeys (ConfUtils.java:logGet(44)) - raft.server.rpc.sleep.time = 25ms (default)
2020-06-06 05:16:05,580 [bac48e61-09da-4d4a-9cda-de1b5303032b@group-308F7357FED9-LeaderElection17] INFO  metrics.RatisMetrics (RatisMetrics.java:lambda$create$0(39)) - Creating Metrics Registry : ratis.log_appender.bac48e61-09da-4d4a-9cda-de1b5303032b@group-308F7357FED9
2020-06-06 05:16:05,580 [bac48e61-09da-4d4a-9cda-de1b5303032b@group-308F7357FED9-LeaderElection17] INFO  server.RaftServerConfigKeys (ConfUtils.java:logGet(44)) - raft.server.write.element-limit = 1024 (custom)
2020-06-06 05:16:05,580 [bac48e61-09da-4d4a-9cda-de1b5303032b@group-308F7357FED9-LeaderElection17] INFO  server.RaftServerConfigKeys (ConfUtils.java:logGet(44)) - raft.server.write.byte-limit = 1073741824 (custom)
2020-06-06 05:16:05,581 [bac48e61-09da-4d4a-9cda-de1b5303032b@group-308F7357FED9-LeaderElection17] INFO  server.RaftServerConfigKeys (ConfUtils.java:logGet(44)) - raft.server.watch.timeout = 3s (custom)
2020-06-06 05:16:05,581 [bac48e61-09da-4d4a-9cda-de1b5303032b@group-308F7357FED9-LeaderElection17] INFO  server.RaftServerConfigKeys (ConfUtils.java:logGet(44)) - raft.server.watch.timeout.denomination = 1s (default)
2020-06-06 05:16:05,581 [bac48e61-09da-4d4a-9cda-de1b5303032b@group-308F7357FED9-LeaderElection17] INFO  server.RaftServerConfigKeys (ConfUtils.java:logGet(44)) - raft.server.watch.element-limit = 65536 (default)
2020-06-06 05:16:05,581 [bac48e61-09da-4d4a-9cda-de1b5303032b@group-308F7357FED9-LeaderElection17] INFO  server.RaftServerConfigKeys (ConfUtils.java:logGet(44)) - raft.server.log.appender.snapshot.chunk.size.max = 16MB (=16777216) (default)
2020-06-06 05:16:05,581 [bac48e61-09da-4d4a-9cda-de1b5303032b@group-308F7357FED9-LeaderElection17] INFO  server.RaftServerConfigKeys (ConfUtils.java:logGet(44)) - raft.server.log.appender.buffer.byte-limit = 33554432 (custom)
2020-06-06 05:16:05,581 [bac48e61-09da-4d4a-9cda-de1b5303032b@group-308F7357FED9-LeaderElection17] INFO  server.RaftServerConfigKeys (ConfUtils.java:logGet(44)) - raft.server.log.appender.buffer.element-limit = 1 (custom)
2020-06-06 05:16:05,581 [bac48e61-09da-4d4a-9cda-de1b5303032b@group-308F7357FED9-LeaderElection17] INFO  grpc.GrpcConfigKeys (ConfUtils.java:logGet(44)) - raft.grpc.server.leader.outstanding.appends.max = 128 (default)
2020-06-06 05:16:05,581 [bac48e61-09da-4d4a-9cda-de1b5303032b@group-308F7357FED9-LeaderElection17] INFO  server.RaftServerConfigKeys (ConfUtils.java:logGet(44)) - raft.server.rpc.request.timeout = 3s (default)
2020-06-06 05:16:05,581 [bac48e61-09da-4d4a-9cda-de1b5303032b@group-308F7357FED9-LeaderElection17] INFO  server.RaftServerConfigKeys (ConfUtils.java:logGet(44)) - raft.server.log.appender.install.snapshot.enabled = false (custom)
2020-06-06 05:16:05,586 [grpc-default-executor-4] INFO  impl.RaftServerImpl (RaftServerImpl.java:setRole(173)) - dfea1794-fda5-4e0a-86f7-27bb8c5952a1@group-308F7357FED9: changes role from CANDIDATE to FOLLOWER at term 3 for recognizeCandidate:bac48e61-09da-4d4a-9cda-de1b5303032b
2020-06-06 05:16:05,594 [grpc-default-executor-4] INFO  impl.RoleInfo (RoleInfo.java:shutdownLeaderElection(134)) - dfea1794-fda5-4e0a-86f7-27bb8c5952a1: shutdown LeaderElection
2020-06-06 05:16:05,594 [grpc-default-executor-4] INFO  impl.RoleInfo (RoleInfo.java:updateAndGet(143)) - dfea1794-fda5-4e0a-86f7-27bb8c5952a1: start FollowerState
2020-06-06 05:16:05,588 [bac48e61-09da-4d4a-9cda-de1b5303032b@group-308F7357FED9-LeaderElection17] INFO  server.RaftServerConfigKeys (ConfUtils.java:logGet(44)) - raft.server.log.appender.snapshot.chunk.size.max = 16MB (=16777216) (default)
2020-06-06 05:16:05,594 [bac48e61-09da-4d4a-9cda-de1b5303032b@group-308F7357FED9-LeaderElection17] INFO  server.RaftServerConfigKeys (ConfUtils.java:logGet(44)) - raft.server.log.appender.buffer.byte-limit = 33554432 (custom)
2020-06-06 05:16:05,594 [bac48e61-09da-4d4a-9cda-de1b5303032b@group-308F7357FED9-LeaderElection17] INFO  server.RaftServerConfigKeys (ConfUtils.java:logGet(44)) - raft.server.log.appender.buffer.element-limit = 1 (custom)
2020-06-06 05:16:05,587 [EventQueue-PipelineReportForPipelineReportHandler] INFO  pipeline.PipelineStateManager (PipelineStateManager.java:openPipeline(131)) - Pipeline Pipeline[ Id: 31b1bed0-81f1-4ab1-9050-308f7357fed9, Nodes: 5414add9-8f52-42f4-bc0e-5ee16c82ee52{ip: 172.17.0.2, host: 04ab1dbc0cb6, networkLocation: /rack1, certSerialId: null}dfea1794-fda5-4e0a-86f7-27bb8c5952a1{ip: 172.17.0.2, host: 04ab1dbc0cb6, networkLocation: /rack1, certSerialId: null}bac48e61-09da-4d4a-9cda-de1b5303032b{ip: 172.17.0.2, host: 04ab1dbc0cb6, networkLocation: /rack1, certSerialId: null}, Type:RATIS, Factor:THREE, State:ALLOCATED, leaderId:bac48e61-09da-4d4a-9cda-de1b5303032b, CreationTimestamp2020-06-06T05:16:00.252Z] moved to OPEN state
2020-06-06 05:16:05,597 [bac48e61-09da-4d4a-9cda-de1b5303032b@group-308F7357FED9-LeaderElection17] INFO  grpc.GrpcConfigKeys (ConfUtils.java:logGet(44)) - raft.grpc.server.leader.outstanding.appends.max = 128 (default)
2020-06-06 05:16:05,597 [bac48e61-09da-4d4a-9cda-de1b5303032b@group-308F7357FED9-LeaderElection17] INFO  server.RaftServerConfigKeys (ConfUtils.java:logGet(44)) - raft.server.rpc.request.timeout = 3s (default)
2020-06-06 05:16:05,597 [bac48e61-09da-4d4a-9cda-de1b5303032b@group-308F7357FED9-LeaderElection17] INFO  server.RaftServerConfigKeys (ConfUtils.java:logGet(44)) - raft.server.log.appender.install.snapshot.enabled = false (custom)
2020-06-06 05:16:05,598 [bac48e61-09da-4d4a-9cda-de1b5303032b@group-308F7357FED9-LeaderElection17] INFO  impl.RoleInfo (RoleInfo.java:updateAndGet(143)) - bac48e61-09da-4d4a-9cda-de1b5303032b: start LeaderState
2020-06-06 05:16:05,598 [bac48e61-09da-4d4a-9cda-de1b5303032b@group-308F7357FED9-LeaderElection17] INFO  segmented.SegmentedRaftLogWorker (SegmentedRaftLogWorker.java:startLogSegment(391)) - bac48e61-09da-4d4a-9cda-de1b5303032b@group-308F7357FED9-SegmentedRaftLogWorker: Starting segment from index:0
2020-06-06 05:16:05,601 [bac48e61-09da-4d4a-9cda-de1b5303032b@group-308F7357FED9-SegmentedRaftLogWorker] INFO  segmented.SegmentedRaftLogWorker (SegmentedRaftLogWorker.java:execute(583)) - bac48e61-09da-4d4a-9cda-de1b5303032b@group-308F7357FED9-SegmentedRaftLogWorker: created new log segment /github/workspace/mnt/ozone/hadoop-ozone/integration-test/target/test-dir/MiniOzoneClusterImpl-e9c98d0f-e324-43f2-aa41-70e4df10ec43/datanode-0/data/ratis/31b1bed0-81f1-4ab1-9050-308f7357fed9/current/log_inprogress_0
2020-06-06 05:16:05,609 [bac48e61-09da-4d4a-9cda-de1b5303032b@group-308F7357FED9-LeaderElection17] INFO  impl.RaftServerImpl (ServerState.java:setRaftConf(356)) - bac48e61-09da-4d4a-9cda-de1b5303032b@group-308F7357FED9: set configuration 0: [5414add9-8f52-42f4-bc0e-5ee16c82ee52:172.17.0.2:45995, bac48e61-09da-4d4a-9cda-de1b5303032b:172.17.0.2:42725, dfea1794-fda5-4e0a-86f7-27bb8c5952a1:172.17.0.2:46543], old=null at 0
2020-06-06 05:16:05,606 [grpc-default-executor-4] INFO  ratis.XceiverServerRatis (XceiverServerRatis.java:handleLeaderChangedNotification(762)) - Leader change notification received for group: group-308F7357FED9 with new leaderId: bac48e61-09da-4d4a-9cda-de1b5303032b
2020-06-06 05:16:05,612 [grpc-default-executor-4] INFO  impl.RaftServerImpl (ServerState.java:setLeader(255)) - 5414add9-8f52-42f4-bc0e-5ee16c82ee52@group-308F7357FED9: change Leader from null to bac48e61-09da-4d4a-9cda-de1b5303032b at term 3 for appendEntries, leader elected after 2356ms
2020-06-06 05:16:05,603 [dfea1794-fda5-4e0a-86f7-27bb8c5952a1@group-308F7357FED9-LeaderElection18] INFO  impl.LeaderElection (LeaderElection.java:askForVotes(206)) - dfea1794-fda5-4e0a-86f7-27bb8c5952a1@group-308F7357FED9-LeaderElection18: begin an election at term 4 for -1: [5414add9-8f52-42f4-bc0e-5ee16c82ee52:172.17.0.2:45995, bac48e61-09da-4d4a-9cda-de1b5303032b:172.17.0.2:42725, dfea1794-fda5-4e0a-86f7-27bb8c5952a1:172.17.0.2:46543], old=null
2020-06-06 05:16:05,617 [grpc-default-executor-4] INFO  impl.RaftServerImpl (ServerState.java:setRaftConf(356)) - 5414add9-8f52-42f4-bc0e-5ee16c82ee52@group-308F7357FED9: set configuration 0: [5414add9-8f52-42f4-bc0e-5ee16c82ee52:172.17.0.2:45995, bac48e61-09da-4d4a-9cda-de1b5303032b:172.17.0.2:42725, dfea1794-fda5-4e0a-86f7-27bb8c5952a1:172.17.0.2:46543], old=null at 0
2020-06-06 05:16:05,618 [grpc-default-executor-4] INFO  segmented.SegmentedRaftLogWorker (SegmentedRaftLogWorker.java:startLogSegment(391)) - 5414add9-8f52-42f4-bc0e-5ee16c82ee52@group-308F7357FED9-SegmentedRaftLogWorker: Starting segment from index:0
2020-06-06 05:16:05,621 [5414add9-8f52-42f4-bc0e-5ee16c82ee52@group-308F7357FED9-SegmentedRaftLogWorker] INFO  segmented.SegmentedRaftLogWorker (SegmentedRaftLogWorker.java:execute(583)) - 5414add9-8f52-42f4-bc0e-5ee16c82ee52@group-308F7357FED9-SegmentedRaftLogWorker: created new log segment /github/workspace/mnt/ozone/hadoop-ozone/integration-test/target/test-dir/MiniOzoneClusterImpl-e9c98d0f-e324-43f2-aa41-70e4df10ec43/datanode-1/data/ratis/31b1bed0-81f1-4ab1-9050-308f7357fed9/current/log_inprogress_0
2020-06-06 05:16:05,628 [Thread-394] INFO  impl.RaftServerImpl (ServerState.java:setLeader(255)) - bac48e61-09da-4d4a-9cda-de1b5303032b@group-308F7357FED9: change Leader from bac48e61-09da-4d4a-9cda-de1b5303032b to null at term 4 for updateCurrentTerm
2020-06-06 05:16:05,628 [Thread-394] INFO  impl.RaftServerImpl (RaftServerImpl.java:setRole(173)) - bac48e61-09da-4d4a-9cda-de1b5303032b@group-308F7357FED9: changes role from    LEADER to FOLLOWER at term 4 for stepDown
2020-06-06 05:16:05,628 [Thread-394] INFO  impl.RoleInfo (RoleInfo.java:shutdownLeaderState(104)) - bac48e61-09da-4d4a-9cda-de1b5303032b: shutdown LeaderState
2020-06-06 05:16:05,630 [dfea1794-fda5-4e0a-86f7-27bb8c5952a1@group-308F7357FED9-LeaderElection18] INFO  impl.LeaderElection (LeaderElection.java:logAndReturn(61)) - dfea1794-fda5-4e0a-86f7-27bb8c5952a1@group-308F7357FED9-LeaderElection18: Election REJECTED; received 0 response(s) [] and 0 exception(s); dfea1794-fda5-4e0a-86f7-27bb8c5952a1@group-308F7357FED9:t4, leader=null, voted=dfea1794-fda5-4e0a-86f7-27bb8c5952a1, raftlog=dfea1794-fda5-4e0a-86f7-27bb8c5952a1@group-308F7357FED9-SegmentedRaftLog:OPENED:c-1,f-1,i0, conf=-1: [5414add9-8f52-42f4-bc0e-5ee16c82ee52:172.17.0.2:45995, bac48e61-09da-4d4a-9cda-de1b5303032b:172.17.0.2:42725, dfea1794-fda5-4e0a-86f7-27bb8c5952a1:172.17.0.2:46543], old=null
2020-06-06 05:16:05,634 [org.apache.ratis.server.impl.LogAppender$AppenderDaemon$$Lambda$466/1712764919@7d9cab39] WARN  server.GrpcLogAppender (GrpcLogAppender.java:mayWait(153)) - bac48e61-09da-4d4a-9cda-de1b5303032b@group-308F7357FED9->dfea1794-fda5-4e0a-86f7-27bb8c5952a1-GrpcLogAppender: Wait interrupted by java.lang.InterruptedException
2020-06-06 05:16:05,634 [Thread-394] INFO  impl.PendingRequests (PendingRequests.java:sendNotLeaderResponses(242)) - bac48e61-09da-4d4a-9cda-de1b5303032b@group-308F7357FED9-PendingRequests: sendNotLeaderResponses
2020-06-06 05:16:05,636 [Thread-394] INFO  metrics.RatisMetrics (RatisMetrics.java:unregister(46)) - Unregistering Metrics Registry : ratis.log_appender.bac48e61-09da-4d4a-9cda-de1b5303032b@group-308F7357FED9
2020-06-06 05:16:05,636 [Thread-394] INFO  impl.RoleInfo (RoleInfo.java:updateAndGet(143)) - bac48e61-09da-4d4a-9cda-de1b5303032b: start FollowerState
2020-06-06 05:16:05,649 [grpc-default-executor-2] INFO  impl.RaftServerImpl (RaftServerImpl.java:setRole(173)) - bac48e61-09da-4d4a-9cda-de1b5303032b@group-308F7357FED9: changes role from  FOLLOWER to FOLLOWER at term 4 for recognizeCandidate:dfea1794-fda5-4e0a-86f7-27bb8c5952a1
2020-06-06 05:16:05,649 [grpc-default-executor-2] INFO  impl.RoleInfo (RoleInfo.java:shutdownFollowerState(121)) - bac48e61-09da-4d4a-9cda-de1b5303032b: shutdown FollowerState
2020-06-06 05:16:05,649 [grpc-default-executor-2] INFO  impl.RoleInfo (RoleInfo.java:updateAndGet(143)) - bac48e61-09da-4d4a-9cda-de1b5303032b: start FollowerState
2020-06-06 05:16:05,649 [org.apache.ratis.server.impl.LogAppender$AppenderDaemon$$Lambda$466/1712764919@58c4ff8d] WARN  server.GrpcLogAppender (GrpcLogAppender.java:mayWait(153)) - bac48e61-09da-4d4a-9cda-de1b5303032b@group-308F7357FED9->5414add9-8f52-42f4-bc0e-5ee16c82ee52-GrpcLogAppender: Wait interrupted by java.lang.InterruptedException
2020-06-06 05:16:05,662 [grpc-default-executor-2] INFO  server.GrpcServerProtocolService (GrpcServerProtocolService.java:onCompleted(137)) - dfea1794-fda5-4e0a-86f7-27bb8c5952a1: Completed APPEND_ENTRIES, lastRequest: bac48e61-09da-4d4a-9cda-de1b5303032b->dfea1794-fda5-4e0a-86f7-27bb8c5952a1#1-t3, previous=(t:0, i:0), leaderCommit=-1, initializing? false, entries: size=1, first=(t:3, i:0), CONFIGURATIONENTRY
2020-06-06 05:16:05,662 [grpc-default-executor-5] INFO  server.GrpcServerProtocolService (GrpcServerProtocolService.java:onCompleted(137)) - 5414add9-8f52-42f4-bc0e-5ee16c82ee52: Completed APPEND_ENTRIES, lastRequest: bac48e61-09da-4d4a-9cda-de1b5303032b->5414add9-8f52-42f4-bc0e-5ee16c82ee52#1-t3, previous=(t:0, i:0), leaderCommit=-1, initializing? false, entries: size=1, first=(t:3, i:0), CONFIGURATIONENTRY
2020-06-06 05:16:05,663 [grpc-default-executor-4] INFO  server.GrpcLogAppender (GrpcLogAppender.java:onCompleted(309)) - bac48e61-09da-4d4a-9cda-de1b5303032b@group-308F7357FED9->5414add9-8f52-42f4-bc0e-5ee16c82ee52-AppendLogResponseHandler: follower responses appendEntries COMPLETED
2020-06-06 05:16:05,663 [grpc-default-executor-1] INFO  server.GrpcLogAppender (GrpcLogAppender.java:onCompleted(309)) - bac48e61-09da-4d4a-9cda-de1b5303032b@group-308F7357FED9->dfea1794-fda5-4e0a-86f7-27bb8c5952a1-AppendLogResponseHandler: follower responses appendEntries COMPLETED
2020-06-06 05:16:05,673 [grpc-default-executor-0] INFO  impl.RaftServerImpl (ServerState.java:setLeader(255)) - 5414add9-8f52-42f4-bc0e-5ee16c82ee52@group-308F7357FED9: change Leader from bac48e61-09da-4d4a-9cda-de1b5303032b to null at term 4 for updateCurrentTerm
2020-06-06 05:16:05,673 [grpc-default-executor-0] INFO  impl.RaftServerImpl (RaftServerImpl.java:setRole(173)) - 5414add9-8f52-42f4-bc0e-5ee16c82ee52@group-308F7357FED9: changes role from  FOLLOWER to FOLLOWER at term 4 for recognizeCandidate:dfea1794-fda5-4e0a-86f7-27bb8c5952a1
2020-06-06 05:16:05,673 [grpc-default-executor-0] INFO  impl.RoleInfo (RoleInfo.java:shutdownFollowerState(121)) - 5414add9-8f52-42f4-bc0e-5ee16c82ee52: shutdown FollowerState
2020-06-06 05:16:05,673 [grpc-default-executor-0] INFO  impl.RoleInfo (RoleInfo.java:updateAndGet(143)) - 5414add9-8f52-42f4-bc0e-5ee16c82ee52: start FollowerState
2020-06-06 05:16:05,673 [Thread-393] INFO  impl.FollowerState (FollowerState.java:run(117)) - 5414add9-8f52-42f4-bc0e-5ee16c82ee52@group-308F7357FED9-FollowerState was interrupted: java.lang.InterruptedException: sleep interrupted
2020-06-06 05:16:05,677 [grpc-default-executor-4] INFO  impl.FollowerInfo (FollowerInfo.java:lambda$new$0(50)) - bac48e61-09da-4d4a-9cda-de1b5303032b@group-308F7357FED9->5414add9-8f52-42f4-bc0e-5ee16c82ee52: nextIndex: updateUnconditionally 1 -> 0
2020-06-06 05:16:05,683 [grpc-default-executor-1] INFO  impl.FollowerInfo (FollowerInfo.java:lambda$new$0(50)) - bac48e61-09da-4d4a-9cda-de1b5303032b@group-308F7357FED9->dfea1794-fda5-4e0a-86f7-27bb8c5952a1: nextIndex: updateUnconditionally 1 -> 0
2020-06-06 05:16:05,823 [Listener at 127.0.0.1/44133] INFO  rpc.RpcClient (RpcClient.java:createVolume(310)) - Creating Volume: datanodefailurehandlingtest, with jenkins1001 as owner.
2020-06-06 05:16:05,886 [IPC Server handler 1 on default port 44133] INFO  volume.OMVolumeCreateRequest (OMVolumeCreateRequest.java:validateAndUpdateCache(204)) - created volume:datanodefailurehandlingtest for user:jenkins1001
2020-06-06 05:16:05,916 [Listener at 127.0.0.1/44133] INFO  rpc.RpcClient (RpcClient.java:createBucket(450)) - Creating Bucket: datanodefailurehandlingtest/datanodefailurehandlingtest, with Versioning false and Storage Type set to DISK and Encryption set to false 
2020-06-06 05:16:06,068 [Listener at 127.0.0.1/44133] INFO  impl.MetricsSystemImpl (MetricsSystemImpl.java:init(158)) - XceiverClientMetrics metrics system started (again)
2020-06-06 05:16:06,690 [Thread-396] INFO  impl.FollowerState (FollowerState.java:run(108)) - dfea1794-fda5-4e0a-86f7-27bb8c5952a1@group-308F7357FED9-FollowerState: change to CANDIDATE, lastRpcTime:1096ms, electionTimeout:1091ms
2020-06-06 05:16:06,690 [Thread-396] INFO  impl.RoleInfo (RoleInfo.java:shutdownFollowerState(121)) - dfea1794-fda5-4e0a-86f7-27bb8c5952a1: shutdown FollowerState
2020-06-06 05:16:06,691 [Thread-396] INFO  impl.RaftServerImpl (RaftServerImpl.java:setRole(173)) - dfea1794-fda5-4e0a-86f7-27bb8c5952a1@group-308F7357FED9: changes role from  FOLLOWER to CANDIDATE at term 4 for changeToCandidate
2020-06-06 05:16:06,691 [Thread-396] INFO  impl.RoleInfo (RoleInfo.java:updateAndGet(143)) - dfea1794-fda5-4e0a-86f7-27bb8c5952a1: start LeaderElection
2020-06-06 05:16:06,695 [dfea1794-fda5-4e0a-86f7-27bb8c5952a1@group-308F7357FED9-LeaderElection19] INFO  impl.LeaderElection (LeaderElection.java:askForVotes(206)) - dfea1794-fda5-4e0a-86f7-27bb8c5952a1@group-308F7357FED9-LeaderElection19: begin an election at term 5 for -1: [5414add9-8f52-42f4-bc0e-5ee16c82ee52:172.17.0.2:45995, bac48e61-09da-4d4a-9cda-de1b5303032b:172.17.0.2:42725, dfea1794-fda5-4e0a-86f7-27bb8c5952a1:172.17.0.2:46543], old=null
2020-06-06 05:16:06,699 [grpc-default-executor-4] INFO  impl.RaftServerImpl (RaftServerImpl.java:setRole(173)) - bac48e61-09da-4d4a-9cda-de1b5303032b@group-308F7357FED9: changes role from  FOLLOWER to FOLLOWER at term 5 for recognizeCandidate:dfea1794-fda5-4e0a-86f7-27bb8c5952a1
2020-06-06 05:16:06,699 [grpc-default-executor-4] INFO  impl.RoleInfo (RoleInfo.java:shutdownFollowerState(121)) - bac48e61-09da-4d4a-9cda-de1b5303032b: shutdown FollowerState
2020-06-06 05:16:06,699 [grpc-default-executor-4] INFO  impl.RoleInfo (RoleInfo.java:updateAndGet(143)) - bac48e61-09da-4d4a-9cda-de1b5303032b: start FollowerState
2020-06-06 05:16:06,699 [Thread-403] INFO  impl.FollowerState (FollowerState.java:run(117)) - bac48e61-09da-4d4a-9cda-de1b5303032b@group-308F7357FED9-FollowerState was interrupted: java.lang.InterruptedException: sleep interrupted
2020-06-06 05:16:06,707 [grpc-default-executor-0] INFO  impl.RaftServerImpl (RaftServerImpl.java:setRole(173)) - 5414add9-8f52-42f4-bc0e-5ee16c82ee52@group-308F7357FED9: changes role from  FOLLOWER to FOLLOWER at term 5 for recognizeCandidate:dfea1794-fda5-4e0a-86f7-27bb8c5952a1
2020-06-06 05:16:06,707 [grpc-default-executor-0] INFO  impl.RoleInfo (RoleInfo.java:shutdownFollowerState(121)) - 5414add9-8f52-42f4-bc0e-5ee16c82ee52: shutdown FollowerState
2020-06-06 05:16:06,707 [grpc-default-executor-0] INFO  impl.RoleInfo (RoleInfo.java:updateAndGet(143)) - 5414add9-8f52-42f4-bc0e-5ee16c82ee52: start FollowerState
2020-06-06 05:16:06,708 [Thread-404] INFO  impl.FollowerState (FollowerState.java:run(117)) - 5414add9-8f52-42f4-bc0e-5ee16c82ee52@group-308F7357FED9-FollowerState was interrupted: java.lang.InterruptedException: sleep interrupted
2020-06-06 05:16:06,713 [dfea1794-fda5-4e0a-86f7-27bb8c5952a1@group-308F7357FED9-LeaderElection19] INFO  impl.LeaderElection (LeaderElection.java:logAndReturn(61)) - dfea1794-fda5-4e0a-86f7-27bb8c5952a1@group-308F7357FED9-LeaderElection19: Election REJECTED; received 2 response(s) [dfea1794-fda5-4e0a-86f7-27bb8c5952a1<-bac48e61-09da-4d4a-9cda-de1b5303032b#0:FAIL-t5, dfea1794-fda5-4e0a-86f7-27bb8c5952a1<-5414add9-8f52-42f4-bc0e-5ee16c82ee52#0:FAIL-t5] and 0 exception(s); dfea1794-fda5-4e0a-86f7-27bb8c5952a1@group-308F7357FED9:t5, leader=null, voted=dfea1794-fda5-4e0a-86f7-27bb8c5952a1, raftlog=dfea1794-fda5-4e0a-86f7-27bb8c5952a1@group-308F7357FED9-SegmentedRaftLog:OPENED:c-1,f-1,i0, conf=-1: [5414add9-8f52-42f4-bc0e-5ee16c82ee52:172.17.0.2:45995, bac48e61-09da-4d4a-9cda-de1b5303032b:172.17.0.2:42725, dfea1794-fda5-4e0a-86f7-27bb8c5952a1:172.17.0.2:46543], old=null
2020-06-06 05:16:06,713 [dfea1794-fda5-4e0a-86f7-27bb8c5952a1@group-308F7357FED9-LeaderElection19] INFO  impl.RaftServerImpl (RaftServerImpl.java:setRole(173)) - dfea1794-fda5-4e0a-86f7-27bb8c5952a1@group-308F7357FED9: changes role from CANDIDATE to FOLLOWER at term 5 for DISCOVERED_A_NEW_TERM
2020-06-06 05:16:06,713 [dfea1794-fda5-4e0a-86f7-27bb8c5952a1@group-308F7357FED9-LeaderElection19] INFO  impl.RoleInfo (RoleInfo.java:shutdownLeaderElection(134)) - dfea1794-fda5-4e0a-86f7-27bb8c5952a1: shutdown LeaderElection
2020-06-06 05:16:06,713 [dfea1794-fda5-4e0a-86f7-27bb8c5952a1@group-308F7357FED9-LeaderElection19] INFO  impl.RoleInfo (RoleInfo.java:updateAndGet(143)) - dfea1794-fda5-4e0a-86f7-27bb8c5952a1: start FollowerState
2020-06-06 05:16:07,569 [EventQueue-Delayed safe mode statusForReplicationManager] INFO  container.ReplicationManager (ReplicationManager.java:start(167)) - Starting Replication Monitor Thread.
2020-06-06 05:16:07,579 [ReplicationMonitor] INFO  container.ReplicationManager (ReplicationManager.java:run(231)) - Replication Monitor Thread took 3 milliseconds for processing 1 containers.
2020-06-06 05:16:07,579 [EventQueue-CloseContainerForCloseContainerEventHandler] INFO  container.CloseContainerEventHandler (CloseContainerEventHandler.java:onMessage(61)) - Close container Event triggered for container : #1
2020-06-06 05:16:07,753 [Thread-422] INFO  impl.FollowerState (FollowerState.java:run(108)) - 5414add9-8f52-42f4-bc0e-5ee16c82ee52@group-308F7357FED9-FollowerState: change to CANDIDATE, lastRpcTime:1045ms, electionTimeout:1045ms
2020-06-06 05:16:07,753 [Thread-422] INFO  impl.RoleInfo (RoleInfo.java:shutdownFollowerState(121)) - 5414add9-8f52-42f4-bc0e-5ee16c82ee52: shutdown FollowerState
2020-06-06 05:16:07,753 [Thread-422] INFO  impl.RaftServerImpl (RaftServerImpl.java:setRole(173)) - 5414add9-8f52-42f4-bc0e-5ee16c82ee52@group-308F7357FED9: changes role from  FOLLOWER to CANDIDATE at term 5 for changeToCandidate
2020-06-06 05:16:07,753 [Thread-422] INFO  impl.RoleInfo (RoleInfo.java:updateAndGet(143)) - 5414add9-8f52-42f4-bc0e-5ee16c82ee52: start LeaderElection
2020-06-06 05:16:07,758 [5414add9-8f52-42f4-bc0e-5ee16c82ee52@group-308F7357FED9-LeaderElection20] INFO  impl.LeaderElection (LeaderElection.java:askForVotes(206)) - 5414add9-8f52-42f4-bc0e-5ee16c82ee52@group-308F7357FED9-LeaderElection20: begin an election at term 6 for 0: [5414add9-8f52-42f4-bc0e-5ee16c82ee52:172.17.0.2:45995, bac48e61-09da-4d4a-9cda-de1b5303032b:172.17.0.2:42725, dfea1794-fda5-4e0a-86f7-27bb8c5952a1:172.17.0.2:46543], old=null
2020-06-06 05:16:07,769 [grpc-default-executor-0] INFO  impl.RaftServerImpl (RaftServerImpl.java:setRole(173)) - bac48e61-09da-4d4a-9cda-de1b5303032b@group-308F7357FED9: changes role from  FOLLOWER to FOLLOWER at term 6 for recognizeCandidate:5414add9-8f52-42f4-bc0e-5ee16c82ee52
2020-06-06 05:16:07,769 [grpc-default-executor-0] INFO  impl.RoleInfo (RoleInfo.java:shutdownFollowerState(121)) - bac48e61-09da-4d4a-9cda-de1b5303032b: shutdown FollowerState
2020-06-06 05:16:07,769 [grpc-default-executor-0] INFO  impl.RoleInfo (RoleInfo.java:updateAndGet(143)) - bac48e61-09da-4d4a-9cda-de1b5303032b: start FollowerState
2020-06-06 05:16:07,769 [Thread-421] INFO  impl.FollowerState (FollowerState.java:run(117)) - bac48e61-09da-4d4a-9cda-de1b5303032b@group-308F7357FED9-FollowerState was interrupted: java.lang.InterruptedException: sleep interrupted
2020-06-06 05:16:07,774 [grpc-default-executor-0] INFO  impl.RaftServerImpl (RaftServerImpl.java:setRole(173)) - dfea1794-fda5-4e0a-86f7-27bb8c5952a1@group-308F7357FED9: changes role from  FOLLOWER to FOLLOWER at term 6 for recognizeCandidate:5414add9-8f52-42f4-bc0e-5ee16c82ee52
2020-06-06 05:16:07,774 [grpc-default-executor-0] INFO  impl.RoleInfo (RoleInfo.java:shutdownFollowerState(121)) - dfea1794-fda5-4e0a-86f7-27bb8c5952a1: shutdown FollowerState
2020-06-06 05:16:07,774 [grpc-default-executor-0] INFO  impl.RoleInfo (RoleInfo.java:updateAndGet(143)) - dfea1794-fda5-4e0a-86f7-27bb8c5952a1: start FollowerState
2020-06-06 05:16:07,775 [Thread-423] INFO  impl.FollowerState (FollowerState.java:run(117)) - dfea1794-fda5-4e0a-86f7-27bb8c5952a1@group-308F7357FED9-FollowerState was interrupted: java.lang.InterruptedException: sleep interrupted
2020-06-06 05:16:07,779 [5414add9-8f52-42f4-bc0e-5ee16c82ee52@group-308F7357FED9-LeaderElection20] INFO  impl.LeaderElection (LeaderElection.java:logAndReturn(61)) - 5414add9-8f52-42f4-bc0e-5ee16c82ee52@group-308F7357FED9-LeaderElection20: Election PASSED; received 1 response(s) [5414add9-8f52-42f4-bc0e-5ee16c82ee52<-dfea1794-fda5-4e0a-86f7-27bb8c5952a1#0:OK-t6] and 0 exception(s); 5414add9-8f52-42f4-bc0e-5ee16c82ee52@group-308F7357FED9:t6, leader=null, voted=5414add9-8f52-42f4-bc0e-5ee16c82ee52, raftlog=5414add9-8f52-42f4-bc0e-5ee16c82ee52@group-308F7357FED9-SegmentedRaftLog:OPENED:c-1,f0,i0, conf=0: [5414add9-8f52-42f4-bc0e-5ee16c82ee52:172.17.0.2:45995, bac48e61-09da-4d4a-9cda-de1b5303032b:172.17.0.2:42725, dfea1794-fda5-4e0a-86f7-27bb8c5952a1:172.17.0.2:46543], old=null
2020-06-06 05:16:07,779 [5414add9-8f52-42f4-bc0e-5ee16c82ee52@group-308F7357FED9-LeaderElection20] INFO  impl.RoleInfo (RoleInfo.java:shutdownLeaderElection(134)) - 5414add9-8f52-42f4-bc0e-5ee16c82ee52: shutdown LeaderElection
2020-06-06 05:16:07,779 [5414add9-8f52-42f4-bc0e-5ee16c82ee52@group-308F7357FED9-LeaderElection20] INFO  impl.RaftServerImpl (RaftServerImpl.java:setRole(173)) - 5414add9-8f52-42f4-bc0e-5ee16c82ee52@group-308F7357FED9: changes role from CANDIDATE to LEADER at term 6 for changeToLeader
2020-06-06 05:16:07,780 [5414add9-8f52-42f4-bc0e-5ee16c82ee52@group-308F7357FED9-LeaderElection20] INFO  ratis.XceiverServerRatis (XceiverServerRatis.java:handleLeaderChangedNotification(762)) - Leader change notification received for group: group-308F7357FED9 with new leaderId: 5414add9-8f52-42f4-bc0e-5ee16c82ee52
2020-06-06 05:16:07,780 [5414add9-8f52-42f4-bc0e-5ee16c82ee52@group-308F7357FED9-LeaderElection20] INFO  impl.RaftServerImpl (ServerState.java:setLeader(255)) - 5414add9-8f52-42f4-bc0e-5ee16c82ee52@group-308F7357FED9: change Leader from null to 5414add9-8f52-42f4-bc0e-5ee16c82ee52 at term 6 for becomeLeader, leader elected after 2106ms
2020-06-06 05:16:07,780 [5414add9-8f52-42f4-bc0e-5ee16c82ee52@group-308F7357FED9-LeaderElection20] INFO  server.RaftServerConfigKeys (ConfUtils.java:logGet(44)) - raft.server.staging.catchup.gap = 1000 (default)
2020-06-06 05:16:07,780 [5414add9-8f52-42f4-bc0e-5ee16c82ee52@group-308F7357FED9-LeaderElection20] INFO  server.RaftServerConfigKeys (ConfUtils.java:logGet(44)) - raft.server.rpc.sleep.time = 25ms (default)
2020-06-06 05:16:07,780 [5414add9-8f52-42f4-bc0e-5ee16c82ee52@group-308F7357FED9-LeaderElection20] INFO  metrics.RatisMetrics (RatisMetrics.java:lambda$create$0(39)) - Creating Metrics Registry : ratis.log_appender.5414add9-8f52-42f4-bc0e-5ee16c82ee52@group-308F7357FED9
2020-06-06 05:16:07,780 [5414add9-8f52-42f4-bc0e-5ee16c82ee52@group-308F7357FED9-LeaderElection20] INFO  server.RaftServerConfigKeys (ConfUtils.java:logGet(44)) - raft.server.write.element-limit = 1024 (custom)
2020-06-06 05:16:07,780 [5414add9-8f52-42f4-bc0e-5ee16c82ee52@group-308F7357FED9-LeaderElection20] INFO  server.RaftServerConfigKeys (ConfUtils.java:logGet(44)) - raft.server.write.byte-limit = 1073741824 (custom)
2020-06-06 05:16:07,781 [5414add9-8f52-42f4-bc0e-5ee16c82ee52@group-308F7357FED9-LeaderElection20] INFO  server.RaftServerConfigKeys (ConfUtils.java:logGet(44)) - raft.server.watch.timeout = 3s (custom)
2020-06-06 05:16:07,781 [5414add9-8f52-42f4-bc0e-5ee16c82ee52@group-308F7357FED9-LeaderElection20] INFO  server.RaftServerConfigKeys (ConfUtils.java:logGet(44)) - raft.server.watch.timeout.denomination = 1s (default)
2020-06-06 05:16:07,781 [5414add9-8f52-42f4-bc0e-5ee16c82ee52@group-308F7357FED9-LeaderElection20] INFO  server.RaftServerConfigKeys (ConfUtils.java:logGet(44)) - raft.server.watch.element-limit = 65536 (default)
2020-06-06 05:16:07,781 [5414add9-8f52-42f4-bc0e-5ee16c82ee52@group-308F7357FED9-LeaderElection20] INFO  server.RaftServerConfigKeys (ConfUtils.java:logGet(44)) - raft.server.log.appender.snapshot.chunk.size.max = 16MB (=16777216) (default)
2020-06-06 05:16:07,782 [5414add9-8f52-42f4-bc0e-5ee16c82ee52@group-308F7357FED9-LeaderElection20] INFO  server.RaftServerConfigKeys (ConfUtils.java:logGet(44)) - raft.server.log.appender.buffer.byte-limit = 33554432 (custom)
2020-06-06 05:16:07,782 [5414add9-8f52-42f4-bc0e-5ee16c82ee52@group-308F7357FED9-LeaderElection20] INFO  server.RaftServerConfigKeys (ConfUtils.java:logGet(44)) - raft.server.log.appender.buffer.element-limit = 1 (custom)
2020-06-06 05:16:07,782 [5414add9-8f52-42f4-bc0e-5ee16c82ee52@group-308F7357FED9-LeaderElection20] INFO  grpc.GrpcConfigKeys (ConfUtils.java:logGet(44)) - raft.grpc.server.leader.outstanding.appends.max = 128 (default)
2020-06-06 05:16:07,782 [5414add9-8f52-42f4-bc0e-5ee16c82ee52@group-308F7357FED9-LeaderElection20] INFO  server.RaftServerConfigKeys (ConfUtils.java:logGet(44)) - raft.server.rpc.request.timeout = 3s (default)
2020-06-06 05:16:07,782 [5414add9-8f52-42f4-bc0e-5ee16c82ee52@group-308F7357FED9-LeaderElection20] INFO  server.RaftServerConfigKeys (ConfUtils.java:logGet(44)) - raft.server.log.appender.install.snapshot.enabled = false (custom)
2020-06-06 05:16:07,784 [5414add9-8f52-42f4-bc0e-5ee16c82ee52@group-308F7357FED9-LeaderElection20] INFO  server.RaftServerConfigKeys (ConfUtils.java:logGet(44)) - raft.server.log.appender.snapshot.chunk.size.max = 16MB (=16777216) (default)
2020-06-06 05:16:07,784 [5414add9-8f52-42f4-bc0e-5ee16c82ee52@group-308F7357FED9-LeaderElection20] INFO  server.RaftServerConfigKeys (ConfUtils.java:logGet(44)) - raft.server.log.appender.buffer.byte-limit = 33554432 (custom)
2020-06-06 05:16:07,784 [5414add9-8f52-42f4-bc0e-5ee16c82ee52@group-308F7357FED9-LeaderElection20] INFO  server.RaftServerConfigKeys (ConfUtils.java:logGet(44)) - raft.server.log.appender.buffer.element-limit = 1 (custom)
2020-06-06 05:16:07,784 [5414add9-8f52-42f4-bc0e-5ee16c82ee52@group-308F7357FED9-LeaderElection20] INFO  grpc.GrpcConfigKeys (ConfUtils.java:logGet(44)) - raft.grpc.server.leader.outstanding.appends.max = 128 (default)
2020-06-06 05:16:07,784 [5414add9-8f52-42f4-bc0e-5ee16c82ee52@group-308F7357FED9-LeaderElection20] INFO  server.RaftServerConfigKeys (ConfUtils.java:logGet(44)) - raft.server.rpc.request.timeout = 3s (default)
2020-06-06 05:16:07,784 [5414add9-8f52-42f4-bc0e-5ee16c82ee52@group-308F7357FED9-LeaderElection20] INFO  server.RaftServerConfigKeys (ConfUtils.java:logGet(44)) - raft.server.log.appender.install.snapshot.enabled = false (custom)
2020-06-06 05:16:07,785 [5414add9-8f52-42f4-bc0e-5ee16c82ee52@group-308F7357FED9-LeaderElection20] INFO  impl.RoleInfo (RoleInfo.java:updateAndGet(143)) - 5414add9-8f52-42f4-bc0e-5ee16c82ee52: start LeaderState
2020-06-06 05:16:07,786 [5414add9-8f52-42f4-bc0e-5ee16c82ee52@group-308F7357FED9-LeaderElection20] INFO  segmented.SegmentedRaftLogWorker (SegmentedRaftLogWorker.java:rollLogSegment(396)) - 5414add9-8f52-42f4-bc0e-5ee16c82ee52@group-308F7357FED9-SegmentedRaftLogWorker: Rolling segment log-0_0 to index:0
2020-06-06 05:16:07,787 [5414add9-8f52-42f4-bc0e-5ee16c82ee52@group-308F7357FED9-SegmentedRaftLogWorker] INFO  segmented.SegmentedRaftLogWorker (SegmentedRaftLogWorker.java:execute(541)) - 5414add9-8f52-42f4-bc0e-5ee16c82ee52@group-308F7357FED9-SegmentedRaftLogWorker: Rolled log segment from /github/workspace/mnt/ozone/hadoop-ozone/integration-test/target/test-dir/MiniOzoneClusterImpl-e9c98d0f-e324-43f2-aa41-70e4df10ec43/datanode-1/data/ratis/31b1bed0-81f1-4ab1-9050-308f7357fed9/current/log_inprogress_0 to /github/workspace/mnt/ozone/hadoop-ozone/integration-test/target/test-dir/MiniOzoneClusterImpl-e9c98d0f-e324-43f2-aa41-70e4df10ec43/datanode-1/data/ratis/31b1bed0-81f1-4ab1-9050-308f7357fed9/current/log_0-0
2020-06-06 05:16:07,791 [5414add9-8f52-42f4-bc0e-5ee16c82ee52@group-308F7357FED9-SegmentedRaftLogWorker] INFO  segmented.SegmentedRaftLogWorker (SegmentedRaftLogWorker.java:execute(583)) - 5414add9-8f52-42f4-bc0e-5ee16c82ee52@group-308F7357FED9-SegmentedRaftLogWorker: created new log segment /github/workspace/mnt/ozone/hadoop-ozone/integration-test/target/test-dir/MiniOzoneClusterImpl-e9c98d0f-e324-43f2-aa41-70e4df10ec43/datanode-1/data/ratis/31b1bed0-81f1-4ab1-9050-308f7357fed9/current/log_inprogress_1
2020-06-06 05:16:07,797 [5414add9-8f52-42f4-bc0e-5ee16c82ee52@group-308F7357FED9-LeaderElection20] INFO  impl.RaftServerImpl (ServerState.java:setRaftConf(356)) - 5414add9-8f52-42f4-bc0e-5ee16c82ee52@group-308F7357FED9: set configuration 1: [5414add9-8f52-42f4-bc0e-5ee16c82ee52:172.17.0.2:45995, bac48e61-09da-4d4a-9cda-de1b5303032b:172.17.0.2:42725, dfea1794-fda5-4e0a-86f7-27bb8c5952a1:172.17.0.2:46543], old=null at 1
2020-06-06 05:16:07,806 [grpc-default-executor-4] INFO  ratis.XceiverServerRatis (XceiverServerRatis.java:handleLeaderChangedNotification(762)) - Leader change notification received for group: group-308F7357FED9 with new leaderId: 5414add9-8f52-42f4-bc0e-5ee16c82ee52
2020-06-06 05:16:07,807 [grpc-default-executor-4] INFO  impl.RaftServerImpl (ServerState.java:setLeader(255)) - dfea1794-fda5-4e0a-86f7-27bb8c5952a1@group-308F7357FED9: change Leader from null to 5414add9-8f52-42f4-bc0e-5ee16c82ee52 at term 6 for appendEntries, leader elected after 4477ms
2020-06-06 05:16:07,807 [grpc-default-executor-4] INFO  impl.RaftServerImpl (RaftServerImpl.java:checkInconsistentAppendEntries(1078)) - dfea1794-fda5-4e0a-86f7-27bb8c5952a1@group-308F7357FED9: Failed appendEntries as previous log entry ((t:3, i:0)) is not found
2020-06-06 05:16:07,807 [grpc-default-executor-4] INFO  impl.RaftServerImpl (RaftServerImpl.java:checkInconsistentAppendEntries(1044)) - dfea1794-fda5-4e0a-86f7-27bb8c5952a1@group-308F7357FED9: inconsistency entries. Reply:5414add9-8f52-42f4-bc0e-5ee16c82ee52<-dfea1794-fda5-4e0a-86f7-27bb8c5952a1#0:FAIL,INCONSISTENCY,nextIndex:0,term:6,followerCommit:-1
2020-06-06 05:16:07,807 [grpc-default-executor-1] INFO  ratis.XceiverServerRatis (XceiverServerRatis.java:handleLeaderChangedNotification(762)) - Leader change notification received for group: group-308F7357FED9 with new leaderId: 5414add9-8f52-42f4-bc0e-5ee16c82ee52
2020-06-06 05:16:07,808 [grpc-default-executor-1] INFO  impl.RaftServerImpl (ServerState.java:setLeader(255)) - bac48e61-09da-4d4a-9cda-de1b5303032b@group-308F7357FED9: change Leader from null to 5414add9-8f52-42f4-bc0e-5ee16c82ee52 at term 6 for appendEntries, leader elected after 2178ms
2020-06-06 05:16:07,814 [grpc-default-executor-5] INFO  impl.RaftServerImpl (RaftServerImpl.java:checkInconsistentAppendEntries(1078)) - dfea1794-fda5-4e0a-86f7-27bb8c5952a1@group-308F7357FED9: Failed appendEntries as previous log entry ((t:3, i:0)) is not found
2020-06-06 05:16:07,814 [grpc-default-executor-5] INFO  impl.RaftServerImpl (RaftServerImpl.java:checkInconsistentAppendEntries(1044)) - dfea1794-fda5-4e0a-86f7-27bb8c5952a1@group-308F7357FED9: inconsistency entries. Reply:5414add9-8f52-42f4-bc0e-5ee16c82ee52<-dfea1794-fda5-4e0a-86f7-27bb8c5952a1#1:FAIL,INCONSISTENCY,nextIndex:0,term:6,followerCommit:-1
2020-06-06 05:16:07,815 [grpc-default-executor-1] INFO  impl.RaftServerImpl (ServerState.java:setRaftConf(356)) - bac48e61-09da-4d4a-9cda-de1b5303032b@group-308F7357FED9: set configuration 1: [5414add9-8f52-42f4-bc0e-5ee16c82ee52:172.17.0.2:45995, bac48e61-09da-4d4a-9cda-de1b5303032b:172.17.0.2:42725, dfea1794-fda5-4e0a-86f7-27bb8c5952a1:172.17.0.2:46543], old=null at 1
2020-06-06 05:16:07,816 [grpc-default-executor-1] INFO  segmented.SegmentedRaftLogWorker (SegmentedRaftLogWorker.java:rollLogSegment(396)) - bac48e61-09da-4d4a-9cda-de1b5303032b@group-308F7357FED9-SegmentedRaftLogWorker: Rolling segment log-0_0 to index:0
2020-06-06 05:16:07,816 [bac48e61-09da-4d4a-9cda-de1b5303032b@group-308F7357FED9-SegmentedRaftLogWorker] INFO  segmented.SegmentedRaftLogWorker (SegmentedRaftLogWorker.java:execute(541)) - bac48e61-09da-4d4a-9cda-de1b5303032b@group-308F7357FED9-SegmentedRaftLogWorker: Rolled log segment from /github/workspace/mnt/ozone/hadoop-ozone/integration-test/target/test-dir/MiniOzoneClusterImpl-e9c98d0f-e324-43f2-aa41-70e4df10ec43/datanode-0/data/ratis/31b1bed0-81f1-4ab1-9050-308f7357fed9/current/log_inprogress_0 to /github/workspace/mnt/ozone/hadoop-ozone/integration-test/target/test-dir/MiniOzoneClusterImpl-e9c98d0f-e324-43f2-aa41-70e4df10ec43/datanode-0/data/ratis/31b1bed0-81f1-4ab1-9050-308f7357fed9/current/log_0-0
2020-06-06 05:16:07,817 [bac48e61-09da-4d4a-9cda-de1b5303032b@group-308F7357FED9-SegmentedRaftLogWorker] INFO  segmented.SegmentedRaftLogWorker (SegmentedRaftLogWorker.java:execute(583)) - bac48e61-09da-4d4a-9cda-de1b5303032b@group-308F7357FED9-SegmentedRaftLogWorker: created new log segment /github/workspace/mnt/ozone/hadoop-ozone/integration-test/target/test-dir/MiniOzoneClusterImpl-e9c98d0f-e324-43f2-aa41-70e4df10ec43/datanode-0/data/ratis/31b1bed0-81f1-4ab1-9050-308f7357fed9/current/log_inprogress_1
2020-06-06 05:16:07,821 [grpc-default-executor-4] INFO  impl.FollowerInfo (FollowerInfo.java:lambda$new$0(50)) - 5414add9-8f52-42f4-bc0e-5ee16c82ee52@group-308F7357FED9->dfea1794-fda5-4e0a-86f7-27bb8c5952a1: nextIndex: updateUnconditionally 2 -> 0
2020-06-06 05:16:07,822 [grpc-default-executor-4] INFO  impl.FollowerInfo (FollowerInfo.java:lambda$new$0(50)) - 5414add9-8f52-42f4-bc0e-5ee16c82ee52@group-308F7357FED9->dfea1794-fda5-4e0a-86f7-27bb8c5952a1: nextIndex: updateUnconditionally 1 -> 0
2020-06-06 05:16:07,826 [grpc-default-executor-1] INFO  impl.RaftServerImpl (ServerState.java:setRaftConf(356)) - dfea1794-fda5-4e0a-86f7-27bb8c5952a1@group-308F7357FED9: set configuration 0: [5414add9-8f52-42f4-bc0e-5ee16c82ee52:172.17.0.2:45995, bac48e61-09da-4d4a-9cda-de1b5303032b:172.17.0.2:42725, dfea1794-fda5-4e0a-86f7-27bb8c5952a1:172.17.0.2:46543], old=null at 0
2020-06-06 05:16:07,826 [grpc-default-executor-1] INFO  segmented.SegmentedRaftLogWorker (SegmentedRaftLogWorker.java:startLogSegment(391)) - dfea1794-fda5-4e0a-86f7-27bb8c5952a1@group-308F7357FED9-SegmentedRaftLogWorker: Starting segment from index:0
2020-06-06 05:16:07,827 [grpc-default-executor-1] INFO  impl.RaftServerImpl (ServerState.java:setRaftConf(356)) - dfea1794-fda5-4e0a-86f7-27bb8c5952a1@group-308F7357FED9: set configuration 0: [5414add9-8f52-42f4-bc0e-5ee16c82ee52:172.17.0.2:45995, bac48e61-09da-4d4a-9cda-de1b5303032b:172.17.0.2:42725, dfea1794-fda5-4e0a-86f7-27bb8c5952a1:172.17.0.2:46543], old=null at 0
2020-06-06 05:16:07,828 [dfea1794-fda5-4e0a-86f7-27bb8c5952a1@group-308F7357FED9-SegmentedRaftLogWorker] INFO  segmented.SegmentedRaftLogWorker (SegmentedRaftLogWorker.java:execute(583)) - dfea1794-fda5-4e0a-86f7-27bb8c5952a1@group-308F7357FED9-SegmentedRaftLogWorker: created new log segment /github/workspace/mnt/ozone/hadoop-ozone/integration-test/target/test-dir/MiniOzoneClusterImpl-e9c98d0f-e324-43f2-aa41-70e4df10ec43/datanode-2/data/ratis/31b1bed0-81f1-4ab1-9050-308f7357fed9/current/log_inprogress_0
2020-06-06 05:16:07,830 [grpc-default-executor-1] INFO  impl.RaftServerImpl (ServerState.java:setRaftConf(356)) - dfea1794-fda5-4e0a-86f7-27bb8c5952a1@group-308F7357FED9: set configuration 1: [5414add9-8f52-42f4-bc0e-5ee16c82ee52:172.17.0.2:45995, bac48e61-09da-4d4a-9cda-de1b5303032b:172.17.0.2:42725, dfea1794-fda5-4e0a-86f7-27bb8c5952a1:172.17.0.2:46543], old=null at 1
2020-06-06 05:16:07,830 [grpc-default-executor-1] INFO  segmented.SegmentedRaftLogWorker (SegmentedRaftLogWorker.java:rollLogSegment(396)) - dfea1794-fda5-4e0a-86f7-27bb8c5952a1@group-308F7357FED9-SegmentedRaftLogWorker: Rolling segment log-0_0 to index:0
2020-06-06 05:16:07,832 [dfea1794-fda5-4e0a-86f7-27bb8c5952a1@group-308F7357FED9-SegmentedRaftLogWorker] INFO  segmented.SegmentedRaftLogWorker (SegmentedRaftLogWorker.java:execute(541)) - dfea1794-fda5-4e0a-86f7-27bb8c5952a1@group-308F7357FED9-SegmentedRaftLogWorker: Rolled log segment from /github/workspace/mnt/ozone/hadoop-ozone/integration-test/target/test-dir/MiniOzoneClusterImpl-e9c98d0f-e324-43f2-aa41-70e4df10ec43/datanode-2/data/ratis/31b1bed0-81f1-4ab1-9050-308f7357fed9/current/log_inprogress_0 to /github/workspace/mnt/ozone/hadoop-ozone/integration-test/target/test-dir/MiniOzoneClusterImpl-e9c98d0f-e324-43f2-aa41-70e4df10ec43/datanode-2/data/ratis/31b1bed0-81f1-4ab1-9050-308f7357fed9/current/log_0-0
2020-06-06 05:16:07,833 [dfea1794-fda5-4e0a-86f7-27bb8c5952a1@group-308F7357FED9-SegmentedRaftLogWorker] INFO  segmented.SegmentedRaftLogWorker (SegmentedRaftLogWorker.java:execute(583)) - dfea1794-fda5-4e0a-86f7-27bb8c5952a1@group-308F7357FED9-SegmentedRaftLogWorker: created new log segment /github/workspace/mnt/ozone/hadoop-ozone/integration-test/target/test-dir/MiniOzoneClusterImpl-e9c98d0f-e324-43f2-aa41-70e4df10ec43/datanode-2/data/ratis/31b1bed0-81f1-4ab1-9050-308f7357fed9/current/log_inprogress_1
2020-06-06 05:16:09,474 [Datanode State Machine Thread - 0] INFO  statemachine.DatanodeStateMachine (DatanodeStateMachine.java:lambda$startDaemon$0(380)) - Ozone container server started.
2020-06-06 05:16:13,615 [Listener at 127.0.0.1/44133] INFO  ozoneimpl.OzoneContainer (OzoneContainer.java:stop(246)) - Attempting to stop container services.
2020-06-06 05:16:13,615 [Listener at 127.0.0.1/44133] INFO  impl.RaftServerProxy (RaftServerProxy.java:lambda$close$4(314)) - 5414add9-8f52-42f4-bc0e-5ee16c82ee52: close
2020-06-06 05:16:13,617 [Listener at 127.0.0.1/44133] INFO  impl.RaftServerImpl (RaftServerImpl.java:lambda$shutdown$3(250)) - 5414add9-8f52-42f4-bc0e-5ee16c82ee52@group-308F7357FED9: shutdown
2020-06-06 05:16:13,617 [Listener at 127.0.0.1/44133] INFO  util.JmxRegister (JmxRegister.java:unregister(73)) - Successfully un-registered JMX Bean with object name Ratis:service=RaftServer,group=group-308F7357FED9,id=5414add9-8f52-42f4-bc0e-5ee16c82ee52
2020-06-06 05:16:13,617 [Listener at 127.0.0.1/44133] INFO  impl.RoleInfo (RoleInfo.java:shutdownLeaderState(104)) - 5414add9-8f52-42f4-bc0e-5ee16c82ee52: shutdown LeaderState
2020-06-06 05:16:13,618 [org.apache.ratis.server.impl.LogAppender$AppenderDaemon$$Lambda$466/1712764919@6c658283] WARN  server.GrpcLogAppender (GrpcLogAppender.java:mayWait(153)) - 5414add9-8f52-42f4-bc0e-5ee16c82ee52@group-308F7357FED9->bac48e61-09da-4d4a-9cda-de1b5303032b-GrpcLogAppender: Wait interrupted by java.lang.InterruptedException
2020-06-06 05:16:13,619 [org.apache.ratis.server.impl.LogAppender$AppenderDaemon$$Lambda$466/1712764919@2e9bdfe] WARN  server.GrpcLogAppender (GrpcLogAppender.java:mayWait(153)) - 5414add9-8f52-42f4-bc0e-5ee16c82ee52@group-308F7357FED9->dfea1794-fda5-4e0a-86f7-27bb8c5952a1-GrpcLogAppender: Wait interrupted by java.lang.InterruptedException
2020-06-06 05:16:13,620 [grpc-default-executor-0] INFO  server.GrpcServerProtocolService (GrpcServerProtocolService.java:onCompleted(137)) - dfea1794-fda5-4e0a-86f7-27bb8c5952a1: Completed APPEND_ENTRIES, lastRequest: 5414add9-8f52-42f4-bc0e-5ee16c82ee52->dfea1794-fda5-4e0a-86f7-27bb8c5952a1#10-t6, previous=(t:6, i:5), leaderCommit=4, initializing? false, entries: size=1, first=(t:6, i:6), METADATAENTRY(c:4)
2020-06-06 05:16:13,619 [Listener at 127.0.0.1/44133] INFO  impl.PendingRequests (PendingRequests.java:sendNotLeaderResponses(242)) - 5414add9-8f52-42f4-bc0e-5ee16c82ee52@group-308F7357FED9-PendingRequests: sendNotLeaderResponses
2020-06-06 05:16:13,623 [grpc-default-executor-1] INFO  server.GrpcServerProtocolService (GrpcServerProtocolService.java:onCompleted(137)) - bac48e61-09da-4d4a-9cda-de1b5303032b: Completed APPEND_ENTRIES, lastRequest: 5414add9-8f52-42f4-bc0e-5ee16c82ee52->bac48e61-09da-4d4a-9cda-de1b5303032b#7-t6, previous=(t:6, i:5), leaderCommit=4, initializing? false, entries: size=1, first=(t:6, i:6), METADATAENTRY(c:4)
2020-06-06 05:16:13,624 [grpc-default-executor-1] INFO  server.GrpcLogAppender (GrpcLogAppender.java:onCompleted(309)) - 5414add9-8f52-42f4-bc0e-5ee16c82ee52@group-308F7357FED9->dfea1794-fda5-4e0a-86f7-27bb8c5952a1-AppendLogResponseHandler: follower responses appendEntries COMPLETED
2020-06-06 05:16:13,624 [grpc-default-executor-4] INFO  server.GrpcLogAppender (GrpcLogAppender.java:onCompleted(309)) - 5414add9-8f52-42f4-bc0e-5ee16c82ee52@group-308F7357FED9->bac48e61-09da-4d4a-9cda-de1b5303032b-AppendLogResponseHandler: follower responses appendEntries COMPLETED
2020-06-06 05:16:13,626 [grpc-default-executor-1] INFO  impl.FollowerInfo (FollowerInfo.java:lambda$new$0(50)) - 5414add9-8f52-42f4-bc0e-5ee16c82ee52@group-308F7357FED9->dfea1794-fda5-4e0a-86f7-27bb8c5952a1: nextIndex: updateUnconditionally 7 -> 6
2020-06-06 05:16:13,627 [grpc-default-executor-4] INFO  impl.FollowerInfo (FollowerInfo.java:lambda$new$0(50)) - 5414add9-8f52-42f4-bc0e-5ee16c82ee52@group-308F7357FED9->bac48e61-09da-4d4a-9cda-de1b5303032b: nextIndex: updateUnconditionally 7 -> 6
2020-06-06 05:16:13,628 [Listener at 127.0.0.1/44133] INFO  metrics.RatisMetrics (RatisMetrics.java:unregister(46)) - Unregistering Metrics Registry : ratis.log_appender.5414add9-8f52-42f4-bc0e-5ee16c82ee52@group-308F7357FED9
2020-06-06 05:16:13,629 [Listener at 127.0.0.1/44133] INFO  impl.StateMachineUpdater (StateMachineUpdater.java:stopAndJoin(142)) - 5414add9-8f52-42f4-bc0e-5ee16c82ee52@group-308F7357FED9-StateMachineUpdater: set stopIndex = 6
2020-06-06 05:16:13,629 [5414add9-8f52-42f4-bc0e-5ee16c82ee52@group-308F7357FED9-StateMachineUpdater] INFO  ratis.ContainerStateMachine (ContainerStateMachine.java:takeSnapshot(288)) - group-308F7357FED9: Taking a snapshot at:(t:6, i:6) file /github/workspace/mnt/ozone/hadoop-ozone/integration-test/target/test-dir/MiniOzoneClusterImpl-e9c98d0f-e324-43f2-aa41-70e4df10ec43/datanode-1/data/ratis/31b1bed0-81f1-4ab1-9050-308f7357fed9/sm/snapshot.6_6
2020-06-06 05:16:13,644 [5414add9-8f52-42f4-bc0e-5ee16c82ee52@group-308F7357FED9-StateMachineUpdater] INFO  ratis.ContainerStateMachine (ContainerStateMachine.java:takeSnapshot(299)) - group-308F7357FED9: Finished taking a snapshot at:(t:6, i:6) file:/github/workspace/mnt/ozone/hadoop-ozone/integration-test/target/test-dir/MiniOzoneClusterImpl-e9c98d0f-e324-43f2-aa41-70e4df10ec43/datanode-1/data/ratis/31b1bed0-81f1-4ab1-9050-308f7357fed9/sm/snapshot.6_6 time:15
2020-06-06 05:16:13,645 [5414add9-8f52-42f4-bc0e-5ee16c82ee52@group-308F7357FED9-StateMachineUpdater] INFO  impl.StateMachineUpdater (StateMachineUpdater.java:takeSnapshot(277)) - 5414add9-8f52-42f4-bc0e-5ee16c82ee52@group-308F7357FED9-StateMachineUpdater: Took a snapshot at index 6
2020-06-06 05:16:13,645 [5414add9-8f52-42f4-bc0e-5ee16c82ee52@group-308F7357FED9-StateMachineUpdater] INFO  impl.StateMachineUpdater (StateMachineUpdater.java:lambda$new$0(87)) - 5414add9-8f52-42f4-bc0e-5ee16c82ee52@group-308F7357FED9-StateMachineUpdater: snapshotIndex: updateIncreasingly -1 -> 6
2020-06-06 05:16:13,647 [5414add9-8f52-42f4-bc0e-5ee16c82ee52@group-308F7357FED9-StateMachineUpdater] INFO  metrics.RatisMetrics (RatisMetrics.java:unregister(46)) - Unregistering Metrics Registry : ratis.state_machine.5414add9-8f52-42f4-bc0e-5ee16c82ee52@group-308F7357FED9
2020-06-06 05:16:13,647 [Listener at 127.0.0.1/44133] INFO  impl.RaftServerImpl (ServerState.java:close(387)) - 5414add9-8f52-42f4-bc0e-5ee16c82ee52@group-308F7357FED9: closes. applyIndex: 6
2020-06-06 05:16:13,648 [5414add9-8f52-42f4-bc0e-5ee16c82ee52@group-308F7357FED9-SegmentedRaftLogWorker] INFO  segmented.SegmentedRaftLogWorker (SegmentedRaftLogWorker.java:run(321)) - 5414add9-8f52-42f4-bc0e-5ee16c82ee52@group-308F7357FED9-SegmentedRaftLogWorker was interrupted, exiting. There are 0 tasks remaining in the queue.
2020-06-06 05:16:13,649 [Listener at 127.0.0.1/44133] INFO  segmented.SegmentedRaftLogWorker (SegmentedRaftLogWorker.java:close(229)) - 5414add9-8f52-42f4-bc0e-5ee16c82ee52@group-308F7357FED9-SegmentedRaftLogWorker close()
2020-06-06 05:16:13,651 [Listener at 127.0.0.1/44133] INFO  metrics.RatisMetrics (RatisMetrics.java:unregister(46)) - Unregistering Metrics Registry : ratis.log_worker.5414add9-8f52-42f4-bc0e-5ee16c82ee52
2020-06-06 05:16:13,651 [Listener at 127.0.0.1/44133] INFO  metrics.RatisMetrics (RatisMetrics.java:unregister(46)) - Unregistering Metrics Registry : ratis.leader_election.5414add9-8f52-42f4-bc0e-5ee16c82ee52@group-308F7357FED9
2020-06-06 05:16:13,651 [Listener at 127.0.0.1/44133] INFO  metrics.RatisMetrics (RatisMetrics.java:unregister(46)) - Unregistering Metrics Registry : ratis.server.5414add9-8f52-42f4-bc0e-5ee16c82ee52@group-308F7357FED9
2020-06-06 05:16:13,651 [Listener at 127.0.0.1/44133] INFO  impl.RaftServerImpl (RaftServerImpl.java:lambda$shutdown$3(250)) - 5414add9-8f52-42f4-bc0e-5ee16c82ee52@group-3932973306DF: shutdown
2020-06-06 05:16:13,651 [Listener at 127.0.0.1/44133] INFO  util.JmxRegister (JmxRegister.java:unregister(73)) - Successfully un-registered JMX Bean with object name Ratis:service=RaftServer,group=group-3932973306DF,id=5414add9-8f52-42f4-bc0e-5ee16c82ee52
2020-06-06 05:16:13,651 [Listener at 127.0.0.1/44133] INFO  impl.RoleInfo (RoleInfo.java:shutdownLeaderState(104)) - 5414add9-8f52-42f4-bc0e-5ee16c82ee52: shutdown LeaderState
2020-06-06 05:16:13,651 [Listener at 127.0.0.1/44133] INFO  impl.PendingRequests (PendingRequests.java:sendNotLeaderResponses(242)) - 5414add9-8f52-42f4-bc0e-5ee16c82ee52@group-3932973306DF-PendingRequests: sendNotLeaderResponses
2020-06-06 05:16:13,651 [Listener at 127.0.0.1/44133] INFO  metrics.RatisMetrics (RatisMetrics.java:unregister(46)) - Unregistering Metrics Registry : ratis.log_appender.5414add9-8f52-42f4-bc0e-5ee16c82ee52@group-3932973306DF
2020-06-06 05:16:13,651 [Listener at 127.0.0.1/44133] INFO  impl.StateMachineUpdater (StateMachineUpdater.java:stopAndJoin(142)) - 5414add9-8f52-42f4-bc0e-5ee16c82ee52@group-3932973306DF-StateMachineUpdater: set stopIndex = 0
2020-06-06 05:16:13,652 [5414add9-8f52-42f4-bc0e-5ee16c82ee52@group-3932973306DF-StateMachineUpdater] INFO  ratis.ContainerStateMachine (ContainerStateMachine.java:takeSnapshot(288)) - group-3932973306DF: Taking a snapshot at:(t:1, i:0) file /github/workspace/mnt/ozone/hadoop-ozone/integration-test/target/test-dir/MiniOzoneClusterImpl-e9c98d0f-e324-43f2-aa41-70e4df10ec43/datanode-1/data/ratis/b2fde568-4d78-4a73-9fc5-3932973306df/sm/snapshot.1_0
2020-06-06 05:16:13,652 [5414add9-8f52-42f4-bc0e-5ee16c82ee52@group-3932973306DF-StateMachineUpdater] INFO  ratis.ContainerStateMachine (ContainerStateMachine.java:takeSnapshot(299)) - group-3932973306DF: Finished taking a snapshot at:(t:1, i:0) file:/github/workspace/mnt/ozone/hadoop-ozone/integration-test/target/test-dir/MiniOzoneClusterImpl-e9c98d0f-e324-43f2-aa41-70e4df10ec43/datanode-1/data/ratis/b2fde568-4d78-4a73-9fc5-3932973306df/sm/snapshot.1_0 time:0
2020-06-06 05:16:13,653 [5414add9-8f52-42f4-bc0e-5ee16c82ee52@group-3932973306DF-StateMachineUpdater] INFO  impl.StateMachineUpdater (StateMachineUpdater.java:takeSnapshot(277)) - 5414add9-8f52-42f4-bc0e-5ee16c82ee52@group-3932973306DF-StateMachineUpdater: Took a snapshot at index 0
2020-06-06 05:16:13,653 [5414add9-8f52-42f4-bc0e-5ee16c82ee52@group-3932973306DF-StateMachineUpdater] INFO  impl.StateMachineUpdater (StateMachineUpdater.java:lambda$new$0(87)) - 5414add9-8f52-42f4-bc0e-5ee16c82ee52@group-3932973306DF-StateMachineUpdater: snapshotIndex: updateIncreasingly -1 -> 0
2020-06-06 05:16:13,653 [5414add9-8f52-42f4-bc0e-5ee16c82ee52@group-3932973306DF-StateMachineUpdater] INFO  metrics.RatisMetrics (RatisMetrics.java:unregister(46)) - Unregistering Metrics Registry : ratis.state_machine.5414add9-8f52-42f4-bc0e-5ee16c82ee52@group-3932973306DF
2020-06-06 05:16:13,653 [Listener at 127.0.0.1/44133] INFO  impl.RaftServerImpl (ServerState.java:close(387)) - 5414add9-8f52-42f4-bc0e-5ee16c82ee52@group-3932973306DF: closes. applyIndex: 0
2020-06-06 05:16:13,653 [5414add9-8f52-42f4-bc0e-5ee16c82ee52@group-3932973306DF-SegmentedRaftLogWorker] INFO  segmented.SegmentedRaftLogWorker (SegmentedRaftLogWorker.java:run(321)) - 5414add9-8f52-42f4-bc0e-5ee16c82ee52@group-3932973306DF-SegmentedRaftLogWorker was interrupted, exiting. There are 0 tasks remaining in the queue.
2020-06-06 05:16:13,655 [Listener at 127.0.0.1/44133] INFO  segmented.SegmentedRaftLogWorker (SegmentedRaftLogWorker.java:close(229)) - 5414add9-8f52-42f4-bc0e-5ee16c82ee52@group-3932973306DF-SegmentedRaftLogWorker close()
2020-06-06 05:16:13,658 [Listener at 127.0.0.1/44133] INFO  metrics.RatisMetrics (RatisMetrics.java:unregister(46)) - Unregistering Metrics Registry : ratis.log_worker.5414add9-8f52-42f4-bc0e-5ee16c82ee52
2020-06-06 05:16:13,658 [Listener at 127.0.0.1/44133] INFO  metrics.RatisMetrics (RatisMetrics.java:unregister(46)) - Unregistering Metrics Registry : ratis.leader_election.5414add9-8f52-42f4-bc0e-5ee16c82ee52@group-3932973306DF
2020-06-06 05:16:13,658 [Listener at 127.0.0.1/44133] INFO  metrics.RatisMetrics (RatisMetrics.java:unregister(46)) - Unregistering Metrics Registry : ratis.server.5414add9-8f52-42f4-bc0e-5ee16c82ee52@group-3932973306DF
2020-06-06 05:16:13,658 [Listener at 127.0.0.1/44133] INFO  server.GrpcService (GrpcService.java:closeImpl(165)) - 5414add9-8f52-42f4-bc0e-5ee16c82ee52: shutdown server with port 45995 now
2020-06-06 05:16:13,663 [Listener at 127.0.0.1/44133] INFO  server.GrpcService (GrpcService.java:closeImpl(173)) - 5414add9-8f52-42f4-bc0e-5ee16c82ee52: shutdown server with port 45995 successfully
2020-06-06 05:16:13,666 [Listener at 127.0.0.1/44133] INFO  utils.BackgroundService (BackgroundService.java:shutdown(157)) - Shutting down service BlockDeletingService
2020-06-06 05:16:13,668 [Listener at 127.0.0.1/44133] INFO  statemachine.DatanodeStateMachine (DatanodeStateMachine.java:stopDaemon(428)) - Ozone container server stopped.
2020-06-06 05:16:13,673 [Listener at 127.0.0.1/44133] INFO  handler.ContextHandler (ContextHandler.java:doStop(1016)) - Stopped o.e.j.w.WebAppContext@31577721{hddsDatanode,/,null,UNAVAILABLE}{jar:file:/home/user/.m2/repository/org/apache/hadoop/hadoop-hdds-container-service/0.6.0-SNAPSHOT/hadoop-hdds-container-service-0.6.0-SNAPSHOT.jar!/webapps/hddsDatanode}
2020-06-06 05:16:13,677 [Listener at 127.0.0.1/44133] INFO  server.AbstractConnector (AbstractConnector.java:doStop(380)) - Stopped ServerConnector@50ef4757{HTTP/1.1,[http/1.1]}{0.0.0.0:0}
2020-06-06 05:16:13,677 [Listener at 127.0.0.1/44133] INFO  server.session (HouseKeeper.java:stopScavenging(158)) - node0 Stopped scavenging
2020-06-06 05:16:13,678 [Listener at 127.0.0.1/44133] INFO  handler.ContextHandler (ContextHandler.java:doStop(1016)) - Stopped o.e.j.s.ServletContextHandler@6e66acad{static,/static,jar:file:/home/user/.m2/repository/org/apache/hadoop/hadoop-hdds-container-service/0.6.0-SNAPSHOT/hadoop-hdds-container-service-0.6.0-SNAPSHOT.jar!/webapps/static,UNAVAILABLE}
2020-06-06 05:16:13,678 [Listener at 127.0.0.1/44133] INFO  handler.ContextHandler (ContextHandler.java:doStop(1016)) - Stopped o.e.j.s.ServletContextHandler@2e096f58{logs,/logs,file:///github/workspace/mnt/ozone/hadoop-ozone/integration-test/target/log,UNAVAILABLE}
2020-06-06 05:16:14,562 [Datanode State Machine Thread - 0] INFO  statemachine.DatanodeStateMachine (DatanodeStateMachine.java:lambda$startDaemon$0(380)) - Ozone container server started.
2020-06-06 05:16:15,256 [Thread-441] INFO  impl.FollowerState (FollowerState.java:run(108)) - bac48e61-09da-4d4a-9cda-de1b5303032b@group-308F7357FED9-FollowerState: change to CANDIDATE, lastRpcTime:1678ms, electionTimeout:1005ms
2020-06-06 05:16:15,256 [Thread-441] INFO  impl.RoleInfo (RoleInfo.java:shutdownFollowerState(121)) - bac48e61-09da-4d4a-9cda-de1b5303032b: shutdown FollowerState
2020-06-06 05:16:15,256 [Thread-441] INFO  impl.RaftServerImpl (RaftServerImpl.java:setRole(173)) - bac48e61-09da-4d4a-9cda-de1b5303032b@group-308F7357FED9: changes role from  FOLLOWER to CANDIDATE at term 6 for changeToCandidate
2020-06-06 05:16:15,256 [Thread-441] INFO  impl.RoleInfo (RoleInfo.java:updateAndGet(143)) - bac48e61-09da-4d4a-9cda-de1b5303032b: start LeaderElection
2020-06-06 05:16:15,263 [bac48e61-09da-4d4a-9cda-de1b5303032b@group-308F7357FED9-LeaderElection21] INFO  impl.RaftServerImpl (ServerState.java:setLeader(255)) - bac48e61-09da-4d4a-9cda-de1b5303032b@group-308F7357FED9: change Leader from 5414add9-8f52-42f4-bc0e-5ee16c82ee52 to null at term 6 for initElection
2020-06-06 05:16:15,265 [bac48e61-09da-4d4a-9cda-de1b5303032b@group-308F7357FED9-LeaderElection21] INFO  impl.LeaderElection (LeaderElection.java:askForVotes(206)) - bac48e61-09da-4d4a-9cda-de1b5303032b@group-308F7357FED9-LeaderElection21: begin an election at term 7 for 1: [5414add9-8f52-42f4-bc0e-5ee16c82ee52:172.17.0.2:45995, bac48e61-09da-4d4a-9cda-de1b5303032b:172.17.0.2:42725, dfea1794-fda5-4e0a-86f7-27bb8c5952a1:172.17.0.2:46543], old=null
2020-06-06 05:16:15,274 [grpc-default-executor-4] INFO  impl.RaftServerImpl (ServerState.java:setLeader(255)) - dfea1794-fda5-4e0a-86f7-27bb8c5952a1@group-308F7357FED9: change Leader from 5414add9-8f52-42f4-bc0e-5ee16c82ee52 to null at term 7 for updateCurrentTerm
2020-06-06 05:16:15,275 [grpc-default-executor-4] INFO  impl.RaftServerImpl (RaftServerImpl.java:setRole(173)) - dfea1794-fda5-4e0a-86f7-27bb8c5952a1@group-308F7357FED9: changes role from  FOLLOWER to FOLLOWER at term 7 for recognizeCandidate:bac48e61-09da-4d4a-9cda-de1b5303032b
2020-06-06 05:16:15,275 [grpc-default-executor-4] INFO  impl.RoleInfo (RoleInfo.java:shutdownFollowerState(121)) - dfea1794-fda5-4e0a-86f7-27bb8c5952a1: shutdown FollowerState
2020-06-06 05:16:15,275 [grpc-default-executor-4] INFO  impl.RoleInfo (RoleInfo.java:updateAndGet(143)) - dfea1794-fda5-4e0a-86f7-27bb8c5952a1: start FollowerState
2020-06-06 05:16:15,275 [Thread-442] INFO  impl.FollowerState (FollowerState.java:run(117)) - dfea1794-fda5-4e0a-86f7-27bb8c5952a1@group-308F7357FED9-FollowerState was interrupted: java.lang.InterruptedException: sleep interrupted
2020-06-06 05:16:15,281 [bac48e61-09da-4d4a-9cda-de1b5303032b@group-308F7357FED9-LeaderElection21] INFO  impl.LeaderElection (LeaderElection.java:logAndReturn(61)) - bac48e61-09da-4d4a-9cda-de1b5303032b@group-308F7357FED9-LeaderElection21: Election PASSED; received 1 response(s) [bac48e61-09da-4d4a-9cda-de1b5303032b<-dfea1794-fda5-4e0a-86f7-27bb8c5952a1#0:OK-t7] and 0 exception(s); bac48e61-09da-4d4a-9cda-de1b5303032b@group-308F7357FED9:t7, leader=null, voted=bac48e61-09da-4d4a-9cda-de1b5303032b, raftlog=bac48e61-09da-4d4a-9cda-de1b5303032b@group-308F7357FED9-SegmentedRaftLog:OPENED:c6,f6,i6, conf=1: [5414add9-8f52-42f4-bc0e-5ee16c82ee52:172.17.0.2:45995, bac48e61-09da-4d4a-9cda-de1b5303032b:172.17.0.2:42725, dfea1794-fda5-4e0a-86f7-27bb8c5952a1:172.17.0.2:46543], old=null
2020-06-06 05:16:15,281 [bac48e61-09da-4d4a-9cda-de1b5303032b@group-308F7357FED9-LeaderElection21] INFO  impl.RoleInfo (RoleInfo.java:shutdownLeaderElection(134)) - bac48e61-09da-4d4a-9cda-de1b5303032b: shutdown LeaderElection
2020-06-06 05:16:15,281 [bac48e61-09da-4d4a-9cda-de1b5303032b@group-308F7357FED9-LeaderElection21] INFO  impl.RaftServerImpl (RaftServerImpl.java:setRole(173)) - bac48e61-09da-4d4a-9cda-de1b5303032b@group-308F7357FED9: changes role from CANDIDATE to LEADER at term 7 for changeToLeader
2020-06-06 05:16:15,281 [bac48e61-09da-4d4a-9cda-de1b5303032b@group-308F7357FED9-LeaderElection21] INFO  ratis.XceiverServerRatis (XceiverServerRatis.java:handleLeaderChangedNotification(762)) - Leader change notification received for group: group-308F7357FED9 with new leaderId: bac48e61-09da-4d4a-9cda-de1b5303032b
2020-06-06 05:16:15,281 [bac48e61-09da-4d4a-9cda-de1b5303032b@group-308F7357FED9-LeaderElection21] INFO  impl.RaftServerImpl (ServerState.java:setLeader(255)) - bac48e61-09da-4d4a-9cda-de1b5303032b@group-308F7357FED9: change Leader from null to bac48e61-09da-4d4a-9cda-de1b5303032b at term 7 for becomeLeader, leader elected after 18ms
2020-06-06 05:16:15,281 [bac48e61-09da-4d4a-9cda-de1b5303032b@group-308F7357FED9-LeaderElection21] INFO  server.RaftServerConfigKeys (ConfUtils.java:logGet(44)) - raft.server.staging.catchup.gap = 1000 (default)
2020-06-06 05:16:15,281 [bac48e61-09da-4d4a-9cda-de1b5303032b@group-308F7357FED9-LeaderElection21] INFO  server.RaftServerConfigKeys (ConfUtils.java:logGet(44)) - raft.server.rpc.sleep.time = 25ms (default)
2020-06-06 05:16:15,282 [bac48e61-09da-4d4a-9cda-de1b5303032b@group-308F7357FED9-LeaderElection21] INFO  metrics.RatisMetrics (RatisMetrics.java:lambda$create$0(39)) - Creating Metrics Registry : ratis.log_appender.bac48e61-09da-4d4a-9cda-de1b5303032b@group-308F7357FED9
2020-06-06 05:16:15,282 [bac48e61-09da-4d4a-9cda-de1b5303032b@group-308F7357FED9-LeaderElection21] INFO  server.RaftServerConfigKeys (ConfUtils.java:logGet(44)) - raft.server.write.element-limit = 1024 (custom)
2020-06-06 05:16:15,282 [bac48e61-09da-4d4a-9cda-de1b5303032b@group-308F7357FED9-LeaderElection21] INFO  server.RaftServerConfigKeys (ConfUtils.java:logGet(44)) - raft.server.write.byte-limit = 1073741824 (custom)
2020-06-06 05:16:15,282 [bac48e61-09da-4d4a-9cda-de1b5303032b@group-308F7357FED9-LeaderElection21] INFO  server.RaftServerConfigKeys (ConfUtils.java:logGet(44)) - raft.server.watch.timeout = 3s (custom)
2020-06-06 05:16:15,282 [bac48e61-09da-4d4a-9cda-de1b5303032b@group-308F7357FED9-LeaderElection21] INFO  server.RaftServerConfigKeys (ConfUtils.java:logGet(44)) - raft.server.watch.timeout.denomination = 1s (default)
2020-06-06 05:16:15,282 [bac48e61-09da-4d4a-9cda-de1b5303032b@group-308F7357FED9-LeaderElection21] INFO  server.RaftServerConfigKeys (ConfUtils.java:logGet(44)) - raft.server.watch.element-limit = 65536 (default)
2020-06-06 05:16:15,282 [bac48e61-09da-4d4a-9cda-de1b5303032b@group-308F7357FED9-LeaderElection21] INFO  server.RaftServerConfigKeys (ConfUtils.java:logGet(44)) - raft.server.log.appender.snapshot.chunk.size.max = 16MB (=16777216) (default)
2020-06-06 05:16:15,282 [bac48e61-09da-4d4a-9cda-de1b5303032b@group-308F7357FED9-LeaderElection21] INFO  server.RaftServerConfigKeys (ConfUtils.java:logGet(44)) - raft.server.log.appender.buffer.byte-limit = 33554432 (custom)
2020-06-06 05:16:15,282 [bac48e61-09da-4d4a-9cda-de1b5303032b@group-308F7357FED9-LeaderElection21] INFO  server.RaftServerConfigKeys (ConfUtils.java:logGet(44)) - raft.server.log.appender.buffer.element-limit = 1 (custom)
2020-06-06 05:16:15,282 [bac48e61-09da-4d4a-9cda-de1b5303032b@group-308F7357FED9-LeaderElection21] INFO  grpc.GrpcConfigKeys (ConfUtils.java:logGet(44)) - raft.grpc.server.leader.outstanding.appends.max = 128 (default)
2020-06-06 05:16:15,282 [bac48e61-09da-4d4a-9cda-de1b5303032b@group-308F7357FED9-LeaderElection21] INFO  server.RaftServerConfigKeys (ConfUtils.java:logGet(44)) - raft.server.rpc.request.timeout = 3s (default)
2020-06-06 05:16:15,282 [bac48e61-09da-4d4a-9cda-de1b5303032b@group-308F7357FED9-LeaderElection21] INFO  server.RaftServerConfigKeys (ConfUtils.java:logGet(44)) - raft.server.log.appender.install.snapshot.enabled = false (custom)
2020-06-06 05:16:15,283 [bac48e61-09da-4d4a-9cda-de1b5303032b@group-308F7357FED9-LeaderElection21] INFO  server.RaftServerConfigKeys (ConfUtils.java:logGet(44)) - raft.server.log.appender.snapshot.chunk.size.max = 16MB (=16777216) (default)
2020-06-06 05:16:15,283 [bac48e61-09da-4d4a-9cda-de1b5303032b@group-308F7357FED9-LeaderElection21] INFO  server.RaftServerConfigKeys (ConfUtils.java:logGet(44)) - raft.server.log.appender.buffer.byte-limit = 33554432 (custom)
2020-06-06 05:16:15,283 [bac48e61-09da-4d4a-9cda-de1b5303032b@group-308F7357FED9-LeaderElection21] INFO  server.RaftServerConfigKeys (ConfUtils.java:logGet(44)) - raft.server.log.appender.buffer.element-limit = 1 (custom)
2020-06-06 05:16:15,283 [bac48e61-09da-4d4a-9cda-de1b5303032b@group-308F7357FED9-LeaderElection21] INFO  grpc.GrpcConfigKeys (ConfUtils.java:logGet(44)) - raft.grpc.server.leader.outstanding.appends.max = 128 (default)
2020-06-06 05:16:15,283 [bac48e61-09da-4d4a-9cda-de1b5303032b@group-308F7357FED9-LeaderElection21] INFO  server.RaftServerConfigKeys (ConfUtils.java:logGet(44)) - raft.server.rpc.request.timeout = 3s (default)
2020-06-06 05:16:15,283 [bac48e61-09da-4d4a-9cda-de1b5303032b@group-308F7357FED9-LeaderElection21] INFO  server.RaftServerConfigKeys (ConfUtils.java:logGet(44)) - raft.server.log.appender.install.snapshot.enabled = false (custom)
2020-06-06 05:16:15,284 [bac48e61-09da-4d4a-9cda-de1b5303032b@group-308F7357FED9-LeaderElection21] INFO  impl.RoleInfo (RoleInfo.java:updateAndGet(143)) - bac48e61-09da-4d4a-9cda-de1b5303032b: start LeaderState
2020-06-06 05:16:15,284 [bac48e61-09da-4d4a-9cda-de1b5303032b@group-308F7357FED9-LeaderElection21] INFO  segmented.SegmentedRaftLogWorker (SegmentedRaftLogWorker.java:rollLogSegment(396)) - bac48e61-09da-4d4a-9cda-de1b5303032b@group-308F7357FED9-SegmentedRaftLogWorker: Rolling segment log-1_6 to index:6
2020-06-06 05:16:15,285 [bac48e61-09da-4d4a-9cda-de1b5303032b@group-308F7357FED9-SegmentedRaftLogWorker] INFO  segmented.SegmentedRaftLogWorker (SegmentedRaftLogWorker.java:execute(541)) - bac48e61-09da-4d4a-9cda-de1b5303032b@group-308F7357FED9-SegmentedRaftLogWorker: Rolled log segment from /github/workspace/mnt/ozone/hadoop-ozone/integration-test/target/test-dir/MiniOzoneClusterImpl-e9c98d0f-e324-43f2-aa41-70e4df10ec43/datanode-0/data/ratis/31b1bed0-81f1-4ab1-9050-308f7357fed9/current/log_inprogress_1 to /github/workspace/mnt/ozone/hadoop-ozone/integration-test/target/test-dir/MiniOzoneClusterImpl-e9c98d0f-e324-43f2-aa41-70e4df10ec43/datanode-0/data/ratis/31b1bed0-81f1-4ab1-9050-308f7357fed9/current/log_1-6
2020-06-06 05:16:15,289 [bac48e61-09da-4d4a-9cda-de1b5303032b@group-308F7357FED9-SegmentedRaftLogWorker] INFO  segmented.SegmentedRaftLogWorker (SegmentedRaftLogWorker.java:execute(583)) - bac48e61-09da-4d4a-9cda-de1b5303032b@group-308F7357FED9-SegmentedRaftLogWorker: created new log segment /github/workspace/mnt/ozone/hadoop-ozone/integration-test/target/test-dir/MiniOzoneClusterImpl-e9c98d0f-e324-43f2-aa41-70e4df10ec43/datanode-0/data/ratis/31b1bed0-81f1-4ab1-9050-308f7357fed9/current/log_inprogress_7
2020-06-06 05:16:15,293 [grpc-default-executor-4] WARN  server.GrpcLogAppender (LogUtils.java:warn(122)) - bac48e61-09da-4d4a-9cda-de1b5303032b@group-308F7357FED9->5414add9-8f52-42f4-bc0e-5ee16c82ee52-AppendLogResponseHandler: Failed appendEntries: org.apache.ratis.thirdparty.io.grpc.StatusRuntimeException: UNAVAILABLE: io exception
2020-06-06 05:16:15,293 [bac48e61-09da-4d4a-9cda-de1b5303032b@group-308F7357FED9-LeaderElection21] INFO  impl.RaftServerImpl (ServerState.java:setRaftConf(356)) - bac48e61-09da-4d4a-9cda-de1b5303032b@group-308F7357FED9: set configuration 7: [5414add9-8f52-42f4-bc0e-5ee16c82ee52:172.17.0.2:45995, bac48e61-09da-4d4a-9cda-de1b5303032b:172.17.0.2:42725, dfea1794-fda5-4e0a-86f7-27bb8c5952a1:172.17.0.2:46543], old=null at 7
2020-06-06 05:16:15,297 [grpc-default-executor-4] INFO  impl.FollowerInfo (FollowerInfo.java:lambda$new$0(50)) - bac48e61-09da-4d4a-9cda-de1b5303032b@group-308F7357FED9->5414add9-8f52-42f4-bc0e-5ee16c82ee52: nextIndex: updateUnconditionally 8 -> 1
2020-06-06 05:16:15,298 [grpc-default-executor-1] INFO  ratis.XceiverServerRatis (XceiverServerRatis.java:handleLeaderChangedNotification(762)) - Leader change notification received for group: group-308F7357FED9 with new leaderId: bac48e61-09da-4d4a-9cda-de1b5303032b
2020-06-06 05:16:15,298 [grpc-default-executor-1] INFO  impl.RaftServerImpl (ServerState.java:setLeader(255)) - dfea1794-fda5-4e0a-86f7-27bb8c5952a1@group-308F7357FED9: change Leader from null to bac48e61-09da-4d4a-9cda-de1b5303032b at term 7 for appendEntries, leader elected after 23ms
2020-06-06 05:16:15,299 [grpc-default-executor-1] INFO  impl.RaftServerImpl (ServerState.java:setRaftConf(356)) - dfea1794-fda5-4e0a-86f7-27bb8c5952a1@group-308F7357FED9: set configuration 7: [5414add9-8f52-42f4-bc0e-5ee16c82ee52:172.17.0.2:45995, bac48e61-09da-4d4a-9cda-de1b5303032b:172.17.0.2:42725, dfea1794-fda5-4e0a-86f7-27bb8c5952a1:172.17.0.2:46543], old=null at 7
2020-06-06 05:16:15,299 [grpc-default-executor-1] INFO  segmented.SegmentedRaftLogWorker (SegmentedRaftLogWorker.java:rollLogSegment(396)) - dfea1794-fda5-4e0a-86f7-27bb8c5952a1@group-308F7357FED9-SegmentedRaftLogWorker: Rolling segment log-1_6 to index:6
2020-06-06 05:16:15,299 [dfea1794-fda5-4e0a-86f7-27bb8c5952a1@group-308F7357FED9-SegmentedRaftLogWorker] INFO  segmented.SegmentedRaftLogWorker (SegmentedRaftLogWorker.java:execute(541)) - dfea1794-fda5-4e0a-86f7-27bb8c5952a1@group-308F7357FED9-SegmentedRaftLogWorker: Rolled log segment from /github/workspace/mnt/ozone/hadoop-ozone/integration-test/target/test-dir/MiniOzoneClusterImpl-e9c98d0f-e324-43f2-aa41-70e4df10ec43/datanode-2/data/ratis/31b1bed0-81f1-4ab1-9050-308f7357fed9/current/log_inprogress_1 to /github/workspace/mnt/ozone/hadoop-ozone/integration-test/target/test-dir/MiniOzoneClusterImpl-e9c98d0f-e324-43f2-aa41-70e4df10ec43/datanode-2/data/ratis/31b1bed0-81f1-4ab1-9050-308f7357fed9/current/log_1-6
2020-06-06 05:16:15,300 [dfea1794-fda5-4e0a-86f7-27bb8c5952a1@group-308F7357FED9-SegmentedRaftLogWorker] INFO  segmented.SegmentedRaftLogWorker (SegmentedRaftLogWorker.java:execute(583)) - dfea1794-fda5-4e0a-86f7-27bb8c5952a1@group-308F7357FED9-SegmentedRaftLogWorker: created new log segment /github/workspace/mnt/ozone/hadoop-ozone/integration-test/target/test-dir/MiniOzoneClusterImpl-e9c98d0f-e324-43f2-aa41-70e4df10ec43/datanode-2/data/ratis/31b1bed0-81f1-4ab1-9050-308f7357fed9/current/log_inprogress_7
2020-06-06 05:16:15,312 [grpc-default-executor-4] WARN  server.GrpcLogAppender (LogUtils.java:warn(122)) - bac48e61-09da-4d4a-9cda-de1b5303032b@group-308F7357FED9->5414add9-8f52-42f4-bc0e-5ee16c82ee52-AppendLogResponseHandler: Failed appendEntries: org.apache.ratis.thirdparty.io.grpc.StatusRuntimeException: UNAVAILABLE: io exception
2020-06-06 05:16:15,314 [grpc-default-executor-4] INFO  impl.FollowerInfo (FollowerInfo.java:lambda$new$0(50)) - bac48e61-09da-4d4a-9cda-de1b5303032b@group-308F7357FED9->5414add9-8f52-42f4-bc0e-5ee16c82ee52: nextIndex: updateUnconditionally 2 -> 1
2020-06-06 05:16:15,328 [grpc-default-executor-1] WARN  server.GrpcLogAppender (LogUtils.java:warn(122)) - bac48e61-09da-4d4a-9cda-de1b5303032b@group-308F7357FED9->5414add9-8f52-42f4-bc0e-5ee16c82ee52-AppendLogResponseHandler: Failed appendEntries: org.apache.ratis.thirdparty.io.grpc.StatusRuntimeException: UNAVAILABLE: io exception
2020-06-06 05:16:15,334 [grpc-default-executor-1] INFO  impl.FollowerInfo (FollowerInfo.java:lambda$new$0(50)) - bac48e61-09da-4d4a-9cda-de1b5303032b@group-308F7357FED9->5414add9-8f52-42f4-bc0e-5ee16c82ee52: nextIndex: updateUnconditionally 2 -> 1
2020-06-06 05:16:15,826 [grpc-default-executor-4] WARN  server.GrpcLogAppender (LogUtils.java:warn(122)) - bac48e61-09da-4d4a-9cda-de1b5303032b@group-308F7357FED9->5414add9-8f52-42f4-bc0e-5ee16c82ee52-AppendLogResponseHandler: Failed appendEntries: org.apache.ratis.thirdparty.io.grpc.StatusRuntimeException: UNAVAILABLE: io exception
2020-06-06 05:16:15,829 [grpc-default-executor-4] INFO  impl.FollowerInfo (FollowerInfo.java:lambda$new$0(50)) - bac48e61-09da-4d4a-9cda-de1b5303032b@group-308F7357FED9->5414add9-8f52-42f4-bc0e-5ee16c82ee52: nextIndex: updateUnconditionally 2 -> 1
2020-06-06 05:16:16,329 [grpc-default-executor-4] WARN  server.GrpcLogAppender (LogUtils.java:warn(122)) - bac48e61-09da-4d4a-9cda-de1b5303032b@group-308F7357FED9->5414add9-8f52-42f4-bc0e-5ee16c82ee52-AppendLogResponseHandler: Failed appendEntries: org.apache.ratis.thirdparty.io.grpc.StatusRuntimeException: UNAVAILABLE: io exception
2020-06-06 05:16:16,331 [grpc-default-executor-4] INFO  impl.FollowerInfo (FollowerInfo.java:lambda$new$0(50)) - bac48e61-09da-4d4a-9cda-de1b5303032b@group-308F7357FED9->5414add9-8f52-42f4-bc0e-5ee16c82ee52: nextIndex: updateUnconditionally 2 -> 1
2020-06-06 05:16:16,834 [grpc-default-executor-0] WARN  server.GrpcLogAppender (LogUtils.java:warn(122)) - bac48e61-09da-4d4a-9cda-de1b5303032b@group-308F7357FED9->5414add9-8f52-42f4-bc0e-5ee16c82ee52-AppendLogResponseHandler: Failed appendEntries: org.apache.ratis.thirdparty.io.grpc.StatusRuntimeException: UNAVAILABLE: io exception
2020-06-06 05:16:16,838 [grpc-default-executor-0] INFO  impl.FollowerInfo (FollowerInfo.java:lambda$new$0(50)) - bac48e61-09da-4d4a-9cda-de1b5303032b@group-308F7357FED9->5414add9-8f52-42f4-bc0e-5ee16c82ee52: nextIndex: updateUnconditionally 2 -> 1
2020-06-06 05:16:17,335 [grpc-default-executor-1] WARN  server.GrpcLogAppender (LogUtils.java:warn(122)) - bac48e61-09da-4d4a-9cda-de1b5303032b@group-308F7357FED9->5414add9-8f52-42f4-bc0e-5ee16c82ee52-AppendLogResponseHandler: Failed appendEntries: org.apache.ratis.thirdparty.io.grpc.StatusRuntimeException: UNAVAILABLE: io exception
2020-06-06 05:16:17,337 [grpc-default-executor-1] INFO  impl.FollowerInfo (FollowerInfo.java:lambda$new$0(50)) - bac48e61-09da-4d4a-9cda-de1b5303032b@group-308F7357FED9->5414add9-8f52-42f4-bc0e-5ee16c82ee52: nextIndex: updateUnconditionally 2 -> 1
2020-06-06 05:16:17,837 [grpc-default-executor-0] WARN  server.GrpcLogAppender (LogUtils.java:warn(122)) - bac48e61-09da-4d4a-9cda-de1b5303032b@group-308F7357FED9->5414add9-8f52-42f4-bc0e-5ee16c82ee52-AppendLogResponseHandler: Failed appendEntries: org.apache.ratis.thirdparty.io.grpc.StatusRuntimeException: UNAVAILABLE: io exception
2020-06-06 05:16:17,839 [grpc-default-executor-0] INFO  impl.FollowerInfo (FollowerInfo.java:lambda$new$0(50)) - bac48e61-09da-4d4a-9cda-de1b5303032b@group-308F7357FED9->5414add9-8f52-42f4-bc0e-5ee16c82ee52: nextIndex: updateUnconditionally 2 -> 1
2020-06-06 05:16:18,341 [grpc-default-executor-0] WARN  server.GrpcLogAppender (LogUtils.java:warn(122)) - bac48e61-09da-4d4a-9cda-de1b5303032b@group-308F7357FED9->5414add9-8f52-42f4-bc0e-5ee16c82ee52-AppendLogResponseHandler: Failed appendEntries: org.apache.ratis.thirdparty.io.grpc.StatusRuntimeException: UNAVAILABLE: io exception
2020-06-06 05:16:18,343 [grpc-default-executor-0] INFO  impl.FollowerInfo (FollowerInfo.java:lambda$new$0(50)) - bac48e61-09da-4d4a-9cda-de1b5303032b@group-308F7357FED9->5414add9-8f52-42f4-bc0e-5ee16c82ee52: nextIndex: updateUnconditionally 2 -> 1
2020-06-06 05:16:18,681 [Listener at 127.0.0.1/44133] INFO  ozoneimpl.OzoneContainer (OzoneContainer.java:stop(246)) - Attempting to stop container services.
2020-06-06 05:16:18,682 [Listener at 127.0.0.1/44133] INFO  impl.RaftServerProxy (RaftServerProxy.java:lambda$close$4(314)) - dfea1794-fda5-4e0a-86f7-27bb8c5952a1: close
2020-06-06 05:16:18,682 [Listener at 127.0.0.1/44133] INFO  impl.RaftServerImpl (RaftServerImpl.java:lambda$shutdown$3(250)) - dfea1794-fda5-4e0a-86f7-27bb8c5952a1@group-308F7357FED9: shutdown
2020-06-06 05:16:18,682 [Listener at 127.0.0.1/44133] INFO  util.JmxRegister (JmxRegister.java:unregister(73)) - Successfully un-registered JMX Bean with object name Ratis:service=RaftServer,group=group-308F7357FED9,id=dfea1794-fda5-4e0a-86f7-27bb8c5952a1
2020-06-06 05:16:18,683 [Listener at 127.0.0.1/44133] INFO  impl.RoleInfo (RoleInfo.java:shutdownFollowerState(121)) - dfea1794-fda5-4e0a-86f7-27bb8c5952a1: shutdown FollowerState
2020-06-06 05:16:18,683 [Listener at 127.0.0.1/44133] INFO  impl.StateMachineUpdater (StateMachineUpdater.java:stopAndJoin(142)) - dfea1794-fda5-4e0a-86f7-27bb8c5952a1@group-308F7357FED9-StateMachineUpdater: set stopIndex = 8
2020-06-06 05:16:18,683 [Thread-551] INFO  impl.FollowerState (FollowerState.java:run(117)) - dfea1794-fda5-4e0a-86f7-27bb8c5952a1@group-308F7357FED9-FollowerState was interrupted: java.lang.InterruptedException: sleep interrupted
2020-06-06 05:16:18,684 [dfea1794-fda5-4e0a-86f7-27bb8c5952a1@group-308F7357FED9-StateMachineUpdater] INFO  ratis.ContainerStateMachine (ContainerStateMachine.java:takeSnapshot(288)) - group-308F7357FED9: Taking a snapshot at:(t:7, i:8) file /github/workspace/mnt/ozone/hadoop-ozone/integration-test/target/test-dir/MiniOzoneClusterImpl-e9c98d0f-e324-43f2-aa41-70e4df10ec43/datanode-2/data/ratis/31b1bed0-81f1-4ab1-9050-308f7357fed9/sm/snapshot.7_8
2020-06-06 05:16:18,686 [dfea1794-fda5-4e0a-86f7-27bb8c5952a1@group-308F7357FED9-StateMachineUpdater] INFO  ratis.ContainerStateMachine (ContainerStateMachine.java:takeSnapshot(299)) - group-308F7357FED9: Finished taking a snapshot at:(t:7, i:8) file:/github/workspace/mnt/ozone/hadoop-ozone/integration-test/target/test-dir/MiniOzoneClusterImpl-e9c98d0f-e324-43f2-aa41-70e4df10ec43/datanode-2/data/ratis/31b1bed0-81f1-4ab1-9050-308f7357fed9/sm/snapshot.7_8 time:2
2020-06-06 05:16:18,686 [dfea1794-fda5-4e0a-86f7-27bb8c5952a1@group-308F7357FED9-StateMachineUpdater] INFO  impl.StateMachineUpdater (StateMachineUpdater.java:takeSnapshot(277)) - dfea1794-fda5-4e0a-86f7-27bb8c5952a1@group-308F7357FED9-StateMachineUpdater: Took a snapshot at index 8
2020-06-06 05:16:18,687 [dfea1794-fda5-4e0a-86f7-27bb8c5952a1@group-308F7357FED9-StateMachineUpdater] INFO  impl.StateMachineUpdater (StateMachineUpdater.java:lambda$new$0(87)) - dfea1794-fda5-4e0a-86f7-27bb8c5952a1@group-308F7357FED9-StateMachineUpdater: snapshotIndex: updateIncreasingly -1 -> 8
2020-06-06 05:16:18,687 [dfea1794-fda5-4e0a-86f7-27bb8c5952a1@group-308F7357FED9-StateMachineUpdater] INFO  metrics.RatisMetrics (RatisMetrics.java:unregister(46)) - Unregistering Metrics Registry : ratis.state_machine.dfea1794-fda5-4e0a-86f7-27bb8c5952a1@group-308F7357FED9
2020-06-06 05:16:18,687 [Listener at 127.0.0.1/44133] INFO  impl.RaftServerImpl (ServerState.java:close(387)) - dfea1794-fda5-4e0a-86f7-27bb8c5952a1@group-308F7357FED9: closes. applyIndex: 8
2020-06-06 05:16:18,688 [dfea1794-fda5-4e0a-86f7-27bb8c5952a1@group-308F7357FED9-SegmentedRaftLogWorker] INFO  segmented.SegmentedRaftLogWorker (SegmentedRaftLogWorker.java:run(321)) - dfea1794-fda5-4e0a-86f7-27bb8c5952a1@group-308F7357FED9-SegmentedRaftLogWorker was interrupted, exiting. There are 0 tasks remaining in the queue.
2020-06-06 05:16:18,689 [Listener at 127.0.0.1/44133] INFO  segmented.SegmentedRaftLogWorker (SegmentedRaftLogWorker.java:close(229)) - dfea1794-fda5-4e0a-86f7-27bb8c5952a1@group-308F7357FED9-SegmentedRaftLogWorker close()
2020-06-06 05:16:18,691 [Listener at 127.0.0.1/44133] INFO  metrics.RatisMetrics (RatisMetrics.java:unregister(46)) - Unregistering Metrics Registry : ratis.log_worker.dfea1794-fda5-4e0a-86f7-27bb8c5952a1
2020-06-06 05:16:18,691 [Listener at 127.0.0.1/44133] INFO  metrics.RatisMetrics (RatisMetrics.java:unregister(46)) - Unregistering Metrics Registry : ratis.leader_election.dfea1794-fda5-4e0a-86f7-27bb8c5952a1@group-308F7357FED9
2020-06-06 05:16:18,691 [Listener at 127.0.0.1/44133] INFO  metrics.RatisMetrics (RatisMetrics.java:unregister(46)) - Unregistering Metrics Registry : ratis.server.dfea1794-fda5-4e0a-86f7-27bb8c5952a1@group-308F7357FED9
2020-06-06 05:16:18,691 [Listener at 127.0.0.1/44133] INFO  impl.RaftServerImpl (RaftServerImpl.java:lambda$shutdown$3(250)) - dfea1794-fda5-4e0a-86f7-27bb8c5952a1@group-0BCCC0FCF8C9: shutdown
2020-06-06 05:16:18,691 [Listener at 127.0.0.1/44133] INFO  util.JmxRegister (JmxRegister.java:unregister(73)) - Successfully un-registered JMX Bean with object name Ratis:service=RaftServer,group=group-0BCCC0FCF8C9,id=dfea1794-fda5-4e0a-86f7-27bb8c5952a1
2020-06-06 05:16:18,691 [Listener at 127.0.0.1/44133] INFO  impl.RoleInfo (RoleInfo.java:shutdownLeaderState(104)) - dfea1794-fda5-4e0a-86f7-27bb8c5952a1: shutdown LeaderState
2020-06-06 05:16:18,691 [Listener at 127.0.0.1/44133] INFO  impl.PendingRequests (PendingRequests.java:sendNotLeaderResponses(242)) - dfea1794-fda5-4e0a-86f7-27bb8c5952a1@group-0BCCC0FCF8C9-PendingRequests: sendNotLeaderResponses
2020-06-06 05:16:18,691 [Listener at 127.0.0.1/44133] INFO  metrics.RatisMetrics (RatisMetrics.java:unregister(46)) - Unregistering Metrics Registry : ratis.log_appender.dfea1794-fda5-4e0a-86f7-27bb8c5952a1@group-0BCCC0FCF8C9
2020-06-06 05:16:18,692 [Listener at 127.0.0.1/44133] INFO  impl.StateMachineUpdater (StateMachineUpdater.java:stopAndJoin(142)) - dfea1794-fda5-4e0a-86f7-27bb8c5952a1@group-0BCCC0FCF8C9-StateMachineUpdater: set stopIndex = 0
2020-06-06 05:16:18,692 [dfea1794-fda5-4e0a-86f7-27bb8c5952a1@group-0BCCC0FCF8C9-StateMachineUpdater] INFO  ratis.ContainerStateMachine (ContainerStateMachine.java:takeSnapshot(288)) - group-0BCCC0FCF8C9: Taking a snapshot at:(t:1, i:0) file /github/workspace/mnt/ozone/hadoop-ozone/integration-test/target/test-dir/MiniOzoneClusterImpl-e9c98d0f-e324-43f2-aa41-70e4df10ec43/datanode-2/data/ratis/6f63ecc3-49e5-4463-aa88-0bccc0fcf8c9/sm/snapshot.1_0
2020-06-06 05:16:18,693 [dfea1794-fda5-4e0a-86f7-27bb8c5952a1@group-0BCCC0FCF8C9-StateMachineUpdater] INFO  ratis.ContainerStateMachine (ContainerStateMachine.java:takeSnapshot(299)) - group-0BCCC0FCF8C9: Finished taking a snapshot at:(t:1, i:0) file:/github/workspace/mnt/ozone/hadoop-ozone/integration-test/target/test-dir/MiniOzoneClusterImpl-e9c98d0f-e324-43f2-aa41-70e4df10ec43/datanode-2/data/ratis/6f63ecc3-49e5-4463-aa88-0bccc0fcf8c9/sm/snapshot.1_0 time:1
2020-06-06 05:16:18,693 [dfea1794-fda5-4e0a-86f7-27bb8c5952a1@group-0BCCC0FCF8C9-StateMachineUpdater] INFO  impl.StateMachineUpdater (StateMachineUpdater.java:takeSnapshot(277)) - dfea1794-fda5-4e0a-86f7-27bb8c5952a1@group-0BCCC0FCF8C9-StateMachineUpdater: Took a snapshot at index 0
2020-06-06 05:16:18,693 [dfea1794-fda5-4e0a-86f7-27bb8c5952a1@group-0BCCC0FCF8C9-StateMachineUpdater] INFO  impl.StateMachineUpdater (StateMachineUpdater.java:lambda$new$0(87)) - dfea1794-fda5-4e0a-86f7-27bb8c5952a1@group-0BCCC0FCF8C9-StateMachineUpdater: snapshotIndex: updateIncreasingly -1 -> 0
2020-06-06 05:16:18,693 [dfea1794-fda5-4e0a-86f7-27bb8c5952a1@group-0BCCC0FCF8C9-StateMachineUpdater] INFO  metrics.RatisMetrics (RatisMetrics.java:unregister(46)) - Unregistering Metrics Registry : ratis.state_machine.dfea1794-fda5-4e0a-86f7-27bb8c5952a1@group-0BCCC0FCF8C9
2020-06-06 05:16:18,693 [Listener at 127.0.0.1/44133] INFO  impl.RaftServerImpl (ServerState.java:close(387)) - dfea1794-fda5-4e0a-86f7-27bb8c5952a1@group-0BCCC0FCF8C9: closes. applyIndex: 0
2020-06-06 05:16:18,693 [dfea1794-fda5-4e0a-86f7-27bb8c5952a1@group-0BCCC0FCF8C9-SegmentedRaftLogWorker] INFO  segmented.SegmentedRaftLogWorker (SegmentedRaftLogWorker.java:run(321)) - dfea1794-fda5-4e0a-86f7-27bb8c5952a1@group-0BCCC0FCF8C9-SegmentedRaftLogWorker was interrupted, exiting. There are 0 tasks remaining in the queue.
2020-06-06 05:16:18,694 [Listener at 127.0.0.1/44133] INFO  segmented.SegmentedRaftLogWorker (SegmentedRaftLogWorker.java:close(229)) - dfea1794-fda5-4e0a-86f7-27bb8c5952a1@group-0BCCC0FCF8C9-SegmentedRaftLogWorker close()
2020-06-06 05:16:18,695 [Listener at 127.0.0.1/44133] INFO  metrics.RatisMetrics (RatisMetrics.java:unregister(46)) - Unregistering Metrics Registry : ratis.log_worker.dfea1794-fda5-4e0a-86f7-27bb8c5952a1
2020-06-06 05:16:18,696 [Listener at 127.0.0.1/44133] INFO  metrics.RatisMetrics (RatisMetrics.java:unregister(46)) - Unregistering Metrics Registry : ratis.leader_election.dfea1794-fda5-4e0a-86f7-27bb8c5952a1@group-0BCCC0FCF8C9
2020-06-06 05:16:18,696 [Listener at 127.0.0.1/44133] INFO  metrics.RatisMetrics (RatisMetrics.java:unregister(46)) - Unregistering Metrics Registry : ratis.server.dfea1794-fda5-4e0a-86f7-27bb8c5952a1@group-0BCCC0FCF8C9
2020-06-06 05:16:18,696 [Listener at 127.0.0.1/44133] INFO  server.GrpcService (GrpcService.java:closeImpl(165)) - dfea1794-fda5-4e0a-86f7-27bb8c5952a1: shutdown server with port 46543 now
2020-06-06 05:16:18,699 [grpc-default-executor-1] WARN  server.GrpcServerProtocolService (LogUtils.java:warn(122)) - dfea1794-fda5-4e0a-86f7-27bb8c5952a1: installSnapshot onError, lastRequest: bac48e61-09da-4d4a-9cda-de1b5303032b->dfea1794-fda5-4e0a-86f7-27bb8c5952a1#2-t7, previous=(t:7, i:7), leaderCommit=7, initializing? false, entries: size=1, first=(t:7, i:8), METADATAENTRY(c:7): org.apache.ratis.thirdparty.io.grpc.StatusRuntimeException: CANCELLED: cancelled before receiving half close
2020-06-06 05:16:18,702 [grpc-default-executor-0] WARN  server.GrpcLogAppender (LogUtils.java:warn(122)) - bac48e61-09da-4d4a-9cda-de1b5303032b@group-308F7357FED9->dfea1794-fda5-4e0a-86f7-27bb8c5952a1-AppendLogResponseHandler: Failed appendEntries: org.apache.ratis.thirdparty.io.grpc.StatusRuntimeException: CANCELLED: HTTP/2 error code: CANCEL
Received Rst Stream
2020-06-06 05:16:18,706 [Listener at 127.0.0.1/44133] INFO  server.GrpcService (GrpcService.java:closeImpl(173)) - dfea1794-fda5-4e0a-86f7-27bb8c5952a1: shutdown server with port 46543 successfully
2020-06-06 05:16:18,707 [Listener at 127.0.0.1/44133] INFO  utils.BackgroundService (BackgroundService.java:shutdown(157)) - Shutting down service BlockDeletingService
2020-06-06 05:16:18,708 [grpc-default-executor-0] INFO  impl.FollowerInfo (FollowerInfo.java:lambda$new$0(50)) - bac48e61-09da-4d4a-9cda-de1b5303032b@group-308F7357FED9->dfea1794-fda5-4e0a-86f7-27bb8c5952a1: nextIndex: updateUnconditionally 9 -> 8
2020-06-06 05:16:18,715 [Listener at 127.0.0.1/44133] INFO  statemachine.DatanodeStateMachine (DatanodeStateMachine.java:stopDaemon(428)) - Ozone container server stopped.
2020-06-06 05:16:18,716 [Listener at 127.0.0.1/44133] INFO  handler.ContextHandler (ContextHandler.java:doStop(1016)) - Stopped o.e.j.w.WebAppContext@4e5500cc{hddsDatanode,/,null,UNAVAILABLE}{jar:file:/home/user/.m2/repository/org/apache/hadoop/hadoop-hdds-container-service/0.6.0-SNAPSHOT/hadoop-hdds-container-service-0.6.0-SNAPSHOT.jar!/webapps/hddsDatanode}
2020-06-06 05:16:18,717 [Listener at 127.0.0.1/44133] INFO  server.AbstractConnector (AbstractConnector.java:doStop(380)) - Stopped ServerConnector@156eb8fd{HTTP/1.1,[http/1.1]}{0.0.0.0:0}
2020-06-06 05:16:18,717 [Listener at 127.0.0.1/44133] INFO  server.session (HouseKeeper.java:stopScavenging(158)) - node0 Stopped scavenging
2020-06-06 05:16:18,717 [Listener at 127.0.0.1/44133] INFO  handler.ContextHandler (ContextHandler.java:doStop(1016)) - Stopped o.e.j.s.ServletContextHandler@46d8f147{static,/static,jar:file:/home/user/.m2/repository/org/apache/hadoop/hadoop-hdds-container-service/0.6.0-SNAPSHOT/hadoop-hdds-container-service-0.6.0-SNAPSHOT.jar!/webapps/static,UNAVAILABLE}
2020-06-06 05:16:18,717 [Listener at 127.0.0.1/44133] INFO  handler.ContextHandler (ContextHandler.java:doStop(1016)) - Stopped o.e.j.s.ServletContextHandler@1d74cc19{logs,/logs,file:///github/workspace/mnt/ozone/hadoop-ozone/integration-test/target/log,UNAVAILABLE}
2020-06-06 05:16:18,842 [grpc-default-executor-1] WARN  server.GrpcLogAppender (LogUtils.java:warn(122)) - bac48e61-09da-4d4a-9cda-de1b5303032b@group-308F7357FED9->5414add9-8f52-42f4-bc0e-5ee16c82ee52-AppendLogResponseHandler: Failed appendEntries: org.apache.ratis.thirdparty.io.grpc.StatusRuntimeException: UNAVAILABLE: io exception
2020-06-06 05:16:18,846 [grpc-default-executor-1] INFO  impl.FollowerInfo (FollowerInfo.java:lambda$new$0(50)) - bac48e61-09da-4d4a-9cda-de1b5303032b@group-308F7357FED9->5414add9-8f52-42f4-bc0e-5ee16c82ee52: nextIndex: updateUnconditionally 2 -> 1
2020-06-06 05:16:18,849 [grpc-default-executor-0] WARN  server.GrpcLogAppender (LogUtils.java:warn(122)) - bac48e61-09da-4d4a-9cda-de1b5303032b@group-308F7357FED9->dfea1794-fda5-4e0a-86f7-27bb8c5952a1-AppendLogResponseHandler: Failed appendEntries: org.apache.ratis.thirdparty.io.grpc.StatusRuntimeException: UNAVAILABLE: io exception
2020-06-06 05:16:18,852 [grpc-default-executor-0] INFO  impl.FollowerInfo (FollowerInfo.java:lambda$new$0(50)) - bac48e61-09da-4d4a-9cda-de1b5303032b@group-308F7357FED9->dfea1794-fda5-4e0a-86f7-27bb8c5952a1: nextIndex: updateUnconditionally 9 -> 8
2020-06-06 05:16:19,344 [grpc-default-executor-0] WARN  server.GrpcLogAppender (LogUtils.java:warn(122)) - bac48e61-09da-4d4a-9cda-de1b5303032b@group-308F7357FED9->5414add9-8f52-42f4-bc0e-5ee16c82ee52-AppendLogResponseHandler: Failed appendEntries: org.apache.ratis.thirdparty.io.grpc.StatusRuntimeException: UNAVAILABLE: io exception
2020-06-06 05:16:19,346 [grpc-default-executor-0] INFO  impl.FollowerInfo (FollowerInfo.java:lambda$new$0(50)) - bac48e61-09da-4d4a-9cda-de1b5303032b@group-308F7357FED9->5414add9-8f52-42f4-bc0e-5ee16c82ee52: nextIndex: updateUnconditionally 2 -> 1
2020-06-06 05:16:19,350 [grpc-default-executor-1] WARN  server.GrpcLogAppender (LogUtils.java:warn(122)) - bac48e61-09da-4d4a-9cda-de1b5303032b@group-308F7357FED9->dfea1794-fda5-4e0a-86f7-27bb8c5952a1-AppendLogResponseHandler: Failed appendEntries: org.apache.ratis.thirdparty.io.grpc.StatusRuntimeException: UNAVAILABLE: io exception
2020-06-06 05:16:19,351 [grpc-default-executor-1] INFO  impl.FollowerInfo (FollowerInfo.java:lambda$new$0(50)) - bac48e61-09da-4d4a-9cda-de1b5303032b@group-308F7357FED9->dfea1794-fda5-4e0a-86f7-27bb8c5952a1: nextIndex: updateUnconditionally 9 -> 8
2020-06-06 05:16:19,846 [grpc-default-executor-0] WARN  server.GrpcLogAppender (LogUtils.java:warn(122)) - bac48e61-09da-4d4a-9cda-de1b5303032b@group-308F7357FED9->5414add9-8f52-42f4-bc0e-5ee16c82ee52-AppendLogResponseHandler: Failed appendEntries: org.apache.ratis.thirdparty.io.grpc.StatusRuntimeException: UNAVAILABLE: io exception
2020-06-06 05:16:19,848 [grpc-default-executor-0] INFO  impl.FollowerInfo (FollowerInfo.java:lambda$new$0(50)) - bac48e61-09da-4d4a-9cda-de1b5303032b@group-308F7357FED9->5414add9-8f52-42f4-bc0e-5ee16c82ee52: nextIndex: updateUnconditionally 2 -> 1
2020-06-06 05:16:19,852 [grpc-default-executor-1] WARN  server.GrpcLogAppender (LogUtils.java:warn(122)) - bac48e61-09da-4d4a-9cda-de1b5303032b@group-308F7357FED9->dfea1794-fda5-4e0a-86f7-27bb8c5952a1-AppendLogResponseHandler: Failed appendEntries: org.apache.ratis.thirdparty.io.grpc.StatusRuntimeException: UNAVAILABLE: io exception
2020-06-06 05:16:19,853 [grpc-default-executor-1] INFO  impl.FollowerInfo (FollowerInfo.java:lambda$new$0(50)) - bac48e61-09da-4d4a-9cda-de1b5303032b@group-308F7357FED9->dfea1794-fda5-4e0a-86f7-27bb8c5952a1: nextIndex: updateUnconditionally 9 -> 8
2020-06-06 05:16:20,348 [grpc-default-executor-0] WARN  server.GrpcLogAppender (LogUtils.java:warn(122)) - bac48e61-09da-4d4a-9cda-de1b5303032b@group-308F7357FED9->5414add9-8f52-42f4-bc0e-5ee16c82ee52-AppendLogResponseHandler: Failed appendEntries: org.apache.ratis.thirdparty.io.grpc.StatusRuntimeException: UNAVAILABLE: io exception
2020-06-06 05:16:20,350 [grpc-default-executor-0] INFO  impl.FollowerInfo (FollowerInfo.java:lambda$new$0(50)) - bac48e61-09da-4d4a-9cda-de1b5303032b@group-308F7357FED9->5414add9-8f52-42f4-bc0e-5ee16c82ee52: nextIndex: updateUnconditionally 2 -> 1
2020-06-06 05:16:20,353 [grpc-default-executor-1] WARN  server.GrpcLogAppender (LogUtils.java:warn(122)) - bac48e61-09da-4d4a-9cda-de1b5303032b@group-308F7357FED9->dfea1794-fda5-4e0a-86f7-27bb8c5952a1-AppendLogResponseHandler: Failed appendEntries: org.apache.ratis.thirdparty.io.grpc.StatusRuntimeException: UNAVAILABLE: io exception
2020-06-06 05:16:20,356 [grpc-default-executor-1] INFO  impl.FollowerInfo (FollowerInfo.java:lambda$new$0(50)) - bac48e61-09da-4d4a-9cda-de1b5303032b@group-308F7357FED9->dfea1794-fda5-4e0a-86f7-27bb8c5952a1: nextIndex: updateUnconditionally 9 -> 8
2020-06-06 05:16:20,853 [grpc-default-executor-0] WARN  server.GrpcLogAppender (LogUtils.java:warn(122)) - bac48e61-09da-4d4a-9cda-de1b5303032b@group-308F7357FED9->5414add9-8f52-42f4-bc0e-5ee16c82ee52-AppendLogResponseHandler: Failed appendEntries: org.apache.ratis.thirdparty.io.grpc.StatusRuntimeException: UNAVAILABLE: io exception
2020-06-06 05:16:20,854 [grpc-default-executor-0] INFO  impl.FollowerInfo (FollowerInfo.java:lambda$new$0(50)) - bac48e61-09da-4d4a-9cda-de1b5303032b@group-308F7357FED9->5414add9-8f52-42f4-bc0e-5ee16c82ee52: nextIndex: updateUnconditionally 2 -> 1
2020-06-06 05:16:20,855 [grpc-default-executor-1] WARN  server.GrpcLogAppender (LogUtils.java:warn(122)) - bac48e61-09da-4d4a-9cda-de1b5303032b@group-308F7357FED9->dfea1794-fda5-4e0a-86f7-27bb8c5952a1-AppendLogResponseHandler: Failed appendEntries: org.apache.ratis.thirdparty.io.grpc.StatusRuntimeException: UNAVAILABLE: io exception
2020-06-06 05:16:20,856 [grpc-default-executor-1] INFO  impl.FollowerInfo (FollowerInfo.java:lambda$new$0(50)) - bac48e61-09da-4d4a-9cda-de1b5303032b@group-308F7357FED9->dfea1794-fda5-4e0a-86f7-27bb8c5952a1: nextIndex: updateUnconditionally 9 -> 8
2020-06-06 05:16:21,351 [grpc-default-executor-0] WARN  server.GrpcLogAppender (LogUtils.java:warn(122)) - bac48e61-09da-4d4a-9cda-de1b5303032b@group-308F7357FED9->5414add9-8f52-42f4-bc0e-5ee16c82ee52-AppendLogResponseHandler: Failed appendEntries: org.apache.ratis.thirdparty.io.grpc.StatusRuntimeException: UNAVAILABLE: io exception
2020-06-06 05:16:21,352 [grpc-default-executor-0] INFO  impl.FollowerInfo (FollowerInfo.java:lambda$new$0(50)) - bac48e61-09da-4d4a-9cda-de1b5303032b@group-308F7357FED9->5414add9-8f52-42f4-bc0e-5ee16c82ee52: nextIndex: updateUnconditionally 2 -> 1
2020-06-06 05:16:21,357 [grpc-default-executor-1] WARN  server.GrpcLogAppender (LogUtils.java:warn(122)) - bac48e61-09da-4d4a-9cda-de1b5303032b@group-308F7357FED9->dfea1794-fda5-4e0a-86f7-27bb8c5952a1-AppendLogResponseHandler: Failed appendEntries: org.apache.ratis.thirdparty.io.grpc.StatusRuntimeException: UNAVAILABLE: io exception
2020-06-06 05:16:21,358 [grpc-default-executor-1] INFO  impl.FollowerInfo (FollowerInfo.java:lambda$new$0(50)) - bac48e61-09da-4d4a-9cda-de1b5303032b@group-308F7357FED9->dfea1794-fda5-4e0a-86f7-27bb8c5952a1: nextIndex: updateUnconditionally 9 -> 8
2020-06-06 05:16:21,853 [grpc-default-executor-0] WARN  server.GrpcLogAppender (LogUtils.java:warn(122)) - bac48e61-09da-4d4a-9cda-de1b5303032b@group-308F7357FED9->5414add9-8f52-42f4-bc0e-5ee16c82ee52-AppendLogResponseHandler: Failed appendEntries: org.apache.ratis.thirdparty.io.grpc.StatusRuntimeException: UNAVAILABLE: io exception
2020-06-06 05:16:21,853 [grpc-default-executor-0] INFO  impl.FollowerInfo (FollowerInfo.java:lambda$new$0(50)) - bac48e61-09da-4d4a-9cda-de1b5303032b@group-308F7357FED9->5414add9-8f52-42f4-bc0e-5ee16c82ee52: nextIndex: updateUnconditionally 2 -> 1
2020-06-06 05:16:21,858 [grpc-default-executor-1] WARN  server.GrpcLogAppender (LogUtils.java:warn(122)) - bac48e61-09da-4d4a-9cda-de1b5303032b@group-308F7357FED9->dfea1794-fda5-4e0a-86f7-27bb8c5952a1-AppendLogResponseHandler: Failed appendEntries: org.apache.ratis.thirdparty.io.grpc.StatusRuntimeException: UNAVAILABLE: io exception
2020-06-06 05:16:21,859 [grpc-default-executor-1] INFO  impl.FollowerInfo (FollowerInfo.java:lambda$new$0(50)) - bac48e61-09da-4d4a-9cda-de1b5303032b@group-308F7357FED9->dfea1794-fda5-4e0a-86f7-27bb8c5952a1: nextIndex: updateUnconditionally 9 -> 8
2020-06-06 05:16:22,355 [grpc-default-executor-1] WARN  server.GrpcLogAppender (LogUtils.java:warn(122)) - bac48e61-09da-4d4a-9cda-de1b5303032b@group-308F7357FED9->5414add9-8f52-42f4-bc0e-5ee16c82ee52-AppendLogResponseHandler: Failed appendEntries: org.apache.ratis.thirdparty.io.grpc.StatusRuntimeException: UNAVAILABLE: io exception
2020-06-06 05:16:22,356 [grpc-default-executor-1] INFO  impl.FollowerInfo (FollowerInfo.java:lambda$new$0(50)) - bac48e61-09da-4d4a-9cda-de1b5303032b@group-308F7357FED9->5414add9-8f52-42f4-bc0e-5ee16c82ee52: nextIndex: updateUnconditionally 2 -> 1
2020-06-06 05:16:22,360 [grpc-default-executor-0] WARN  server.GrpcLogAppender (LogUtils.java:warn(122)) - bac48e61-09da-4d4a-9cda-de1b5303032b@group-308F7357FED9->dfea1794-fda5-4e0a-86f7-27bb8c5952a1-AppendLogResponseHandler: Failed appendEntries: org.apache.ratis.thirdparty.io.grpc.StatusRuntimeException: UNAVAILABLE: io exception
2020-06-06 05:16:22,360 [grpc-default-executor-0] INFO  impl.FollowerInfo (FollowerInfo.java:lambda$new$0(50)) - bac48e61-09da-4d4a-9cda-de1b5303032b@group-308F7357FED9->dfea1794-fda5-4e0a-86f7-27bb8c5952a1: nextIndex: updateUnconditionally 9 -> 8
2020-06-06 05:16:22,856 [grpc-default-executor-1] WARN  server.GrpcLogAppender (LogUtils.java:warn(122)) - bac48e61-09da-4d4a-9cda-de1b5303032b@group-308F7357FED9->5414add9-8f52-42f4-bc0e-5ee16c82ee52-AppendLogResponseHandler: Failed appendEntries: org.apache.ratis.thirdparty.io.grpc.StatusRuntimeException: UNAVAILABLE: io exception
2020-06-06 05:16:22,857 [grpc-default-executor-1] INFO  impl.FollowerInfo (FollowerInfo.java:lambda$new$0(50)) - bac48e61-09da-4d4a-9cda-de1b5303032b@group-308F7357FED9->5414add9-8f52-42f4-bc0e-5ee16c82ee52: nextIndex: updateUnconditionally 2 -> 1
2020-06-06 05:16:22,861 [grpc-default-executor-0] WARN  server.GrpcLogAppender (LogUtils.java:warn(122)) - bac48e61-09da-4d4a-9cda-de1b5303032b@group-308F7357FED9->dfea1794-fda5-4e0a-86f7-27bb8c5952a1-AppendLogResponseHandler: Failed appendEntries: org.apache.ratis.thirdparty.io.grpc.StatusRuntimeException: UNAVAILABLE: io exception
2020-06-06 05:16:22,862 [grpc-default-executor-0] INFO  impl.FollowerInfo (FollowerInfo.java:lambda$new$0(50)) - bac48e61-09da-4d4a-9cda-de1b5303032b@group-308F7357FED9->dfea1794-fda5-4e0a-86f7-27bb8c5952a1: nextIndex: updateUnconditionally 9 -> 8
2020-06-06 05:16:23,359 [grpc-default-executor-1] WARN  server.GrpcLogAppender (LogUtils.java:warn(122)) - bac48e61-09da-4d4a-9cda-de1b5303032b@group-308F7357FED9->5414add9-8f52-42f4-bc0e-5ee16c82ee52-AppendLogResponseHandler: Failed appendEntries: org.apache.ratis.thirdparty.io.grpc.StatusRuntimeException: UNAVAILABLE: io exception
2020-06-06 05:16:23,359 [grpc-default-executor-1] INFO  impl.FollowerInfo (FollowerInfo.java:lambda$new$0(50)) - bac48e61-09da-4d4a-9cda-de1b5303032b@group-308F7357FED9->5414add9-8f52-42f4-bc0e-5ee16c82ee52: nextIndex: updateUnconditionally 2 -> 1
2020-06-06 05:16:23,363 [grpc-default-executor-0] WARN  server.GrpcLogAppender (LogUtils.java:warn(122)) - bac48e61-09da-4d4a-9cda-de1b5303032b@group-308F7357FED9->dfea1794-fda5-4e0a-86f7-27bb8c5952a1-AppendLogResponseHandler: Failed appendEntries: org.apache.ratis.thirdparty.io.grpc.StatusRuntimeException: UNAVAILABLE: io exception
2020-06-06 05:16:23,363 [grpc-default-executor-0] INFO  impl.FollowerInfo (FollowerInfo.java:lambda$new$0(50)) - bac48e61-09da-4d4a-9cda-de1b5303032b@group-308F7357FED9->dfea1794-fda5-4e0a-86f7-27bb8c5952a1: nextIndex: updateUnconditionally 9 -> 8
2020-06-06 05:16:23,860 [grpc-default-executor-0] WARN  server.GrpcLogAppender (LogUtils.java:warn(122)) - bac48e61-09da-4d4a-9cda-de1b5303032b@group-308F7357FED9->5414add9-8f52-42f4-bc0e-5ee16c82ee52-AppendLogResponseHandler: Failed appendEntries: org.apache.ratis.thirdparty.io.grpc.StatusRuntimeException: UNAVAILABLE: io exception
2020-06-06 05:16:23,861 [grpc-default-executor-0] INFO  impl.FollowerInfo (FollowerInfo.java:lambda$new$0(50)) - bac48e61-09da-4d4a-9cda-de1b5303032b@group-308F7357FED9->5414add9-8f52-42f4-bc0e-5ee16c82ee52: nextIndex: updateUnconditionally 2 -> 1
2020-06-06 05:16:23,864 [grpc-default-executor-1] WARN  server.GrpcLogAppender (LogUtils.java:warn(122)) - bac48e61-09da-4d4a-9cda-de1b5303032b@group-308F7357FED9->dfea1794-fda5-4e0a-86f7-27bb8c5952a1-AppendLogResponseHandler: Failed appendEntries: org.apache.ratis.thirdparty.io.grpc.StatusRuntimeException: UNAVAILABLE: io exception
2020-06-06 05:16:23,864 [grpc-default-executor-1] INFO  impl.FollowerInfo (FollowerInfo.java:lambda$new$0(50)) - bac48e61-09da-4d4a-9cda-de1b5303032b@group-308F7357FED9->dfea1794-fda5-4e0a-86f7-27bb8c5952a1: nextIndex: updateUnconditionally 9 -> 8
2020-06-06 05:16:24,365 [grpc-default-executor-4] WARN  server.GrpcLogAppender (LogUtils.java:warn(122)) - bac48e61-09da-4d4a-9cda-de1b5303032b@group-308F7357FED9->5414add9-8f52-42f4-bc0e-5ee16c82ee52-AppendLogResponseHandler: Failed appendEntries: org.apache.ratis.thirdparty.io.grpc.StatusRuntimeException: UNAVAILABLE: io exception
2020-06-06 05:16:24,365 [grpc-default-executor-4] INFO  impl.FollowerInfo (FollowerInfo.java:lambda$new$0(50)) - bac48e61-09da-4d4a-9cda-de1b5303032b@group-308F7357FED9->5414add9-8f52-42f4-bc0e-5ee16c82ee52: nextIndex: updateUnconditionally 2 -> 1
2020-06-06 05:16:24,367 [grpc-default-executor-4] WARN  server.GrpcLogAppender (LogUtils.java:warn(122)) - bac48e61-09da-4d4a-9cda-de1b5303032b@group-308F7357FED9->dfea1794-fda5-4e0a-86f7-27bb8c5952a1-AppendLogResponseHandler: Failed appendEntries: org.apache.ratis.thirdparty.io.grpc.StatusRuntimeException: UNAVAILABLE: io exception
2020-06-06 05:16:24,367 [grpc-default-executor-4] INFO  impl.FollowerInfo (FollowerInfo.java:lambda$new$0(50)) - bac48e61-09da-4d4a-9cda-de1b5303032b@group-308F7357FED9->dfea1794-fda5-4e0a-86f7-27bb8c5952a1: nextIndex: updateUnconditionally 9 -> 8
2020-06-06 05:16:24,867 [grpc-default-executor-1] WARN  server.GrpcLogAppender (LogUtils.java:warn(122)) - bac48e61-09da-4d4a-9cda-de1b5303032b@group-308F7357FED9->5414add9-8f52-42f4-bc0e-5ee16c82ee52-AppendLogResponseHandler: Failed appendEntries: org.apache.ratis.thirdparty.io.grpc.StatusRuntimeException: UNAVAILABLE: io exception
2020-06-06 05:16:24,867 [grpc-default-executor-1] INFO  impl.FollowerInfo (FollowerInfo.java:lambda$new$0(50)) - bac48e61-09da-4d4a-9cda-de1b5303032b@group-308F7357FED9->5414add9-8f52-42f4-bc0e-5ee16c82ee52: nextIndex: updateUnconditionally 2 -> 1
2020-06-06 05:16:24,869 [grpc-default-executor-4] WARN  server.GrpcLogAppender (LogUtils.java:warn(122)) - bac48e61-09da-4d4a-9cda-de1b5303032b@group-308F7357FED9->dfea1794-fda5-4e0a-86f7-27bb8c5952a1-AppendLogResponseHandler: Failed appendEntries: org.apache.ratis.thirdparty.io.grpc.StatusRuntimeException: UNAVAILABLE: io exception
2020-06-06 05:16:24,869 [grpc-default-executor-4] INFO  impl.FollowerInfo (FollowerInfo.java:lambda$new$0(50)) - bac48e61-09da-4d4a-9cda-de1b5303032b@group-308F7357FED9->dfea1794-fda5-4e0a-86f7-27bb8c5952a1: nextIndex: updateUnconditionally 9 -> 8
2020-06-06 05:16:25,365 [grpc-default-executor-1] WARN  server.GrpcLogAppender (LogUtils.java:warn(122)) - bac48e61-09da-4d4a-9cda-de1b5303032b@group-308F7357FED9->5414add9-8f52-42f4-bc0e-5ee16c82ee52-AppendLogResponseHandler: Failed appendEntries: org.apache.ratis.thirdparty.io.grpc.StatusRuntimeException: UNAVAILABLE: io exception
2020-06-06 05:16:25,365 [grpc-default-executor-1] INFO  impl.FollowerInfo (FollowerInfo.java:lambda$new$0(50)) - bac48e61-09da-4d4a-9cda-de1b5303032b@group-308F7357FED9->5414add9-8f52-42f4-bc0e-5ee16c82ee52: nextIndex: updateUnconditionally 2 -> 1
2020-06-06 05:16:25,370 [grpc-default-executor-4] WARN  server.GrpcLogAppender (LogUtils.java:warn(122)) - bac48e61-09da-4d4a-9cda-de1b5303032b@group-308F7357FED9->dfea1794-fda5-4e0a-86f7-27bb8c5952a1-AppendLogResponseHandler: Failed appendEntries: org.apache.ratis.thirdparty.io.grpc.StatusRuntimeException: UNAVAILABLE: io exception
2020-06-06 05:16:25,371 [grpc-default-executor-4] INFO  impl.FollowerInfo (FollowerInfo.java:lambda$new$0(50)) - bac48e61-09da-4d4a-9cda-de1b5303032b@group-308F7357FED9->dfea1794-fda5-4e0a-86f7-27bb8c5952a1: nextIndex: updateUnconditionally 9 -> 8
05:16:25.792 [grpc-default-executor-1] ERROR DNAudit - user=null | ip=null | op=WRITE_CHUNK {blockData=conID: 1 locID: 104295338211606528 bcsId: 4} | ret=FAILURE
org.apache.hadoop.hdds.scm.container.common.helpers.ContainerNotOpenException: Container 1 in CLOSING state
	at org.apache.hadoop.ozone.container.common.impl.HddsDispatcher.validateContainerCommand(HddsDispatcher.java:479) ~[hadoop-hdds-container-service-0.6.0-SNAPSHOT.jar:?]
	at org.apache.hadoop.ozone.container.common.transport.server.ratis.ContainerStateMachine.startTransaction(ContainerStateMachine.java:314) ~[hadoop-hdds-container-service-0.6.0-SNAPSHOT.jar:?]
	at org.apache.ratis.server.impl.RaftServerImpl.submitClientRequestAsync(RaftServerImpl.java:609) ~[ratis-server-0.6.0-cac3336-SNAPSHOT.jar:0.6.0-cac3336-SNAPSHOT]
	at org.apache.ratis.server.impl.RaftServerProxy.lambda$submitClientRequestAsync$7(RaftServerProxy.java:333) ~[ratis-server-0.6.0-cac3336-SNAPSHOT.jar:0.6.0-cac3336-SNAPSHOT]
	at org.apache.ratis.server.impl.RaftServerProxy.lambda$null$5(RaftServerProxy.java:328) ~[ratis-server-0.6.0-cac3336-SNAPSHOT.jar:0.6.0-cac3336-SNAPSHOT]
	at org.apache.ratis.util.JavaUtils.callAsUnchecked(JavaUtils.java:109) ~[ratis-common-0.6.0-cac3336-SNAPSHOT.jar:0.6.0-cac3336-SNAPSHOT]
	at org.apache.ratis.server.impl.RaftServerProxy.lambda$submitRequest$6(RaftServerProxy.java:328) ~[ratis-server-0.6.0-cac3336-SNAPSHOT.jar:0.6.0-cac3336-SNAPSHOT]
	at java.util.concurrent.CompletableFuture.uniComposeStage(CompletableFuture.java:995) ~[?:1.8.0_232]
	at java.util.concurrent.CompletableFuture.thenCompose(CompletableFuture.java:2137) ~[?:1.8.0_232]
	at org.apache.ratis.server.impl.RaftServerProxy.submitRequest(RaftServerProxy.java:327) ~[ratis-server-0.6.0-cac3336-SNAPSHOT.jar:0.6.0-cac3336-SNAPSHOT]
	at org.apache.ratis.server.impl.RaftServerProxy.submitClientRequestAsync(RaftServerProxy.java:333) ~[ratis-server-0.6.0-cac3336-SNAPSHOT.jar:0.6.0-cac3336-SNAPSHOT]
	at org.apache.ratis.grpc.client.GrpcClientProtocolService$RequestStreamObserver.processClientRequest(GrpcClientProtocolService.java:225) ~[ratis-grpc-0.6.0-cac3336-SNAPSHOT.jar:0.6.0-cac3336-SNAPSHOT]
	at org.apache.ratis.grpc.client.GrpcClientProtocolService$OrderedRequestStreamObserver.processClientRequest(GrpcClientProtocolService.java:331) ~[ratis-grpc-0.6.0-cac3336-SNAPSHOT.jar:0.6.0-cac3336-SNAPSHOT]
	at org.apache.ratis.util.SlidingWindow$Server.processRequestsFromHead(SlidingWindow.java:429) [ratis-common-0.6.0-cac3336-SNAPSHOT.jar:0.6.0-cac3336-SNAPSHOT]
	at org.apache.ratis.util.SlidingWindow$Server.receivedRequest(SlidingWindow.java:421) [ratis-common-0.6.0-cac3336-SNAPSHOT.jar:0.6.0-cac3336-SNAPSHOT]
	at org.apache.ratis.grpc.client.GrpcClientProtocolService$OrderedRequestStreamObserver.processClientRequest(GrpcClientProtocolService.java:355) [ratis-grpc-0.6.0-cac3336-SNAPSHOT.jar:0.6.0-cac3336-SNAPSHOT]
	at org.apache.ratis.grpc.client.GrpcClientProtocolService$RequestStreamObserver.onNext(GrpcClientProtocolService.java:245) [ratis-grpc-0.6.0-cac3336-SNAPSHOT.jar:0.6.0-cac3336-SNAPSHOT]
	at org.apache.ratis.grpc.client.GrpcClientProtocolService$RequestStreamObserver.onNext(GrpcClientProtocolService.java:168) [ratis-grpc-0.6.0-cac3336-SNAPSHOT.jar:0.6.0-cac3336-SNAPSHOT]
	at org.apache.ratis.thirdparty.io.grpc.stub.ServerCalls$StreamingServerCallHandler$StreamingServerCallListener.onMessage(ServerCalls.java:251) [ratis-thirdparty-misc-0.4.0.jar:0.4.0]
	at org.apache.ratis.thirdparty.io.grpc.internal.ServerCallImpl$ServerStreamListenerImpl.messagesAvailableInternal(ServerCallImpl.java:309) [ratis-thirdparty-misc-0.4.0.jar:0.4.0]
	at org.apache.ratis.thirdparty.io.grpc.internal.ServerCallImpl$ServerStreamListenerImpl.messagesAvailable(ServerCallImpl.java:292) [ratis-thirdparty-misc-0.4.0.jar:0.4.0]
	at org.apache.ratis.thirdparty.io.grpc.internal.ServerImpl$JumpToApplicationThreadServerStreamListener$1MessagesAvailable.runInContext(ServerImpl.java:782) [ratis-thirdparty-misc-0.4.0.jar:0.4.0]
	at org.apache.ratis.thirdparty.io.grpc.internal.ContextRunnable.run(ContextRunnable.java:37) [ratis-thirdparty-misc-0.4.0.jar:0.4.0]
	at org.apache.ratis.thirdparty.io.grpc.internal.SerializingExecutor.run(SerializingExecutor.java:123) [ratis-thirdparty-misc-0.4.0.jar:0.4.0]
	at java.util.concurrent.ThreadPoolExecutor.runWorker(ThreadPoolExecutor.java:1149) [?:1.8.0_232]
	at java.util.concurrent.ThreadPoolExecutor$Worker.run(ThreadPoolExecutor.java:624) [?:1.8.0_232]
	at java.lang.Thread.run(Thread.java:748) [?:1.8.0_232]
05:16:25.813 [grpc-default-executor-1] ERROR DNAudit - user=null | ip=null | op=PUT_BLOCK {blockData=[blockId=conID: 1 locID: 104295338211606528 bcsId: 0,size=2097152]} | ret=FAILURE
org.apache.hadoop.hdds.scm.container.common.helpers.ContainerNotOpenException: Container 1 in CLOSING state
	at org.apache.hadoop.ozone.container.common.impl.HddsDispatcher.validateContainerCommand(HddsDispatcher.java:479) ~[hadoop-hdds-container-service-0.6.0-SNAPSHOT.jar:?]
	at org.apache.hadoop.ozone.container.common.transport.server.ratis.ContainerStateMachine.startTransaction(ContainerStateMachine.java:314) ~[hadoop-hdds-container-service-0.6.0-SNAPSHOT.jar:?]
	at org.apache.ratis.server.impl.RaftServerImpl.submitClientRequestAsync(RaftServerImpl.java:609) ~[ratis-server-0.6.0-cac3336-SNAPSHOT.jar:0.6.0-cac3336-SNAPSHOT]
	at org.apache.ratis.server.impl.RaftServerProxy.lambda$submitClientRequestAsync$7(RaftServerProxy.java:333) ~[ratis-server-0.6.0-cac3336-SNAPSHOT.jar:0.6.0-cac3336-SNAPSHOT]
	at org.apache.ratis.server.impl.RaftServerProxy.lambda$null$5(RaftServerProxy.java:328) ~[ratis-server-0.6.0-cac3336-SNAPSHOT.jar:0.6.0-cac3336-SNAPSHOT]
	at org.apache.ratis.util.JavaUtils.callAsUnchecked(JavaUtils.java:109) ~[ratis-common-0.6.0-cac3336-SNAPSHOT.jar:0.6.0-cac3336-SNAPSHOT]
	at org.apache.ratis.server.impl.RaftServerProxy.lambda$submitRequest$6(RaftServerProxy.java:328) ~[ratis-server-0.6.0-cac3336-SNAPSHOT.jar:0.6.0-cac3336-SNAPSHOT]
	at java.util.concurrent.CompletableFuture.uniComposeStage(CompletableFuture.java:995) ~[?:1.8.0_232]
	at java.util.concurrent.CompletableFuture.thenCompose(CompletableFuture.java:2137) ~[?:1.8.0_232]
	at org.apache.ratis.server.impl.RaftServerProxy.submitRequest(RaftServerProxy.java:327) ~[ratis-server-0.6.0-cac3336-SNAPSHOT.jar:0.6.0-cac3336-SNAPSHOT]
	at org.apache.ratis.server.impl.RaftServerProxy.submitClientRequestAsync(RaftServerProxy.java:333) ~[ratis-server-0.6.0-cac3336-SNAPSHOT.jar:0.6.0-cac3336-SNAPSHOT]
	at org.apache.ratis.grpc.client.GrpcClientProtocolService$RequestStreamObserver.processClientRequest(GrpcClientProtocolService.java:225) ~[ratis-grpc-0.6.0-cac3336-SNAPSHOT.jar:0.6.0-cac3336-SNAPSHOT]
	at org.apache.ratis.grpc.client.GrpcClientProtocolService$OrderedRequestStreamObserver.processClientRequest(GrpcClientProtocolService.java:331) ~[ratis-grpc-0.6.0-cac3336-SNAPSHOT.jar:0.6.0-cac3336-SNAPSHOT]
	at org.apache.ratis.util.SlidingWindow$Server.processRequestsFromHead(SlidingWindow.java:429) [ratis-common-0.6.0-cac3336-SNAPSHOT.jar:0.6.0-cac3336-SNAPSHOT]
	at org.apache.ratis.util.SlidingWindow$Server.receivedRequest(SlidingWindow.java:421) [ratis-common-0.6.0-cac3336-SNAPSHOT.jar:0.6.0-cac3336-SNAPSHOT]
	at org.apache.ratis.grpc.client.GrpcClientProtocolService$OrderedRequestStreamObserver.processClientRequest(GrpcClientProtocolService.java:355) [ratis-grpc-0.6.0-cac3336-SNAPSHOT.jar:0.6.0-cac3336-SNAPSHOT]
	at org.apache.ratis.grpc.client.GrpcClientProtocolService$RequestStreamObserver.onNext(GrpcClientProtocolService.java:245) [ratis-grpc-0.6.0-cac3336-SNAPSHOT.jar:0.6.0-cac3336-SNAPSHOT]
	at org.apache.ratis.grpc.client.GrpcClientProtocolService$RequestStreamObserver.onNext(GrpcClientProtocolService.java:168) [ratis-grpc-0.6.0-cac3336-SNAPSHOT.jar:0.6.0-cac3336-SNAPSHOT]
	at org.apache.ratis.thirdparty.io.grpc.stub.ServerCalls$StreamingServerCallHandler$StreamingServerCallListener.onMessage(ServerCalls.java:251) [ratis-thirdparty-misc-0.4.0.jar:0.4.0]
	at org.apache.ratis.thirdparty.io.grpc.internal.ServerCallImpl$ServerStreamListenerImpl.messagesAvailableInternal(ServerCallImpl.java:309) [ratis-thirdparty-misc-0.4.0.jar:0.4.0]
	at org.apache.ratis.thirdparty.io.grpc.internal.ServerCallImpl$ServerStreamListenerImpl.messagesAvailable(ServerCallImpl.java:292) [ratis-thirdparty-misc-0.4.0.jar:0.4.0]
	at org.apache.ratis.thirdparty.io.grpc.internal.ServerImpl$JumpToApplicationThreadServerStreamListener$1MessagesAvailable.runInContext(ServerImpl.java:782) [ratis-thirdparty-misc-0.4.0.jar:0.4.0]
	at org.apache.ratis.thirdparty.io.grpc.internal.ContextRunnable.run(ContextRunnable.java:37) [ratis-thirdparty-misc-0.4.0.jar:0.4.0]
	at org.apache.ratis.thirdparty.io.grpc.internal.SerializingExecutor.run(SerializingExecutor.java:123) [ratis-thirdparty-misc-0.4.0.jar:0.4.0]
	at java.util.concurrent.ThreadPoolExecutor.runWorker(ThreadPoolExecutor.java:1149) [?:1.8.0_232]
	at java.util.concurrent.ThreadPoolExecutor$Worker.run(ThreadPoolExecutor.java:624) [?:1.8.0_232]
	at java.lang.Thread.run(Thread.java:748) [?:1.8.0_232]
05:16:25.824 [grpc-default-executor-1] ERROR DNAudit - user=null | ip=null | op=WRITE_CHUNK {blockData=conID: 1 locID: 104295338211606528 bcsId: 4} | ret=FAILURE
org.apache.hadoop.hdds.scm.container.common.helpers.ContainerNotOpenException: Container 1 in CLOSING state
	at org.apache.hadoop.ozone.container.common.impl.HddsDispatcher.validateContainerCommand(HddsDispatcher.java:479) ~[hadoop-hdds-container-service-0.6.0-SNAPSHOT.jar:?]
	at org.apache.hadoop.ozone.container.common.transport.server.ratis.ContainerStateMachine.startTransaction(ContainerStateMachine.java:314) ~[hadoop-hdds-container-service-0.6.0-SNAPSHOT.jar:?]
	at org.apache.ratis.server.impl.RaftServerImpl.submitClientRequestAsync(RaftServerImpl.java:609) ~[ratis-server-0.6.0-cac3336-SNAPSHOT.jar:0.6.0-cac3336-SNAPSHOT]
	at org.apache.ratis.server.impl.RaftServerProxy.lambda$submitClientRequestAsync$7(RaftServerProxy.java:333) ~[ratis-server-0.6.0-cac3336-SNAPSHOT.jar:0.6.0-cac3336-SNAPSHOT]
	at org.apache.ratis.server.impl.RaftServerProxy.lambda$null$5(RaftServerProxy.java:328) ~[ratis-server-0.6.0-cac3336-SNAPSHOT.jar:0.6.0-cac3336-SNAPSHOT]
	at org.apache.ratis.util.JavaUtils.callAsUnchecked(JavaUtils.java:109) ~[ratis-common-0.6.0-cac3336-SNAPSHOT.jar:0.6.0-cac3336-SNAPSHOT]
	at org.apache.ratis.server.impl.RaftServerProxy.lambda$submitRequest$6(RaftServerProxy.java:328) ~[ratis-server-0.6.0-cac3336-SNAPSHOT.jar:0.6.0-cac3336-SNAPSHOT]
	at java.util.concurrent.CompletableFuture.uniComposeStage(CompletableFuture.java:995) ~[?:1.8.0_232]
	at java.util.concurrent.CompletableFuture.thenCompose(CompletableFuture.java:2137) ~[?:1.8.0_232]
	at org.apache.ratis.server.impl.RaftServerProxy.submitRequest(RaftServerProxy.java:327) ~[ratis-server-0.6.0-cac3336-SNAPSHOT.jar:0.6.0-cac3336-SNAPSHOT]
	at org.apache.ratis.server.impl.RaftServerProxy.submitClientRequestAsync(RaftServerProxy.java:333) ~[ratis-server-0.6.0-cac3336-SNAPSHOT.jar:0.6.0-cac3336-SNAPSHOT]
	at org.apache.ratis.grpc.client.GrpcClientProtocolService$RequestStreamObserver.processClientRequest(GrpcClientProtocolService.java:225) ~[ratis-grpc-0.6.0-cac3336-SNAPSHOT.jar:0.6.0-cac3336-SNAPSHOT]
	at org.apache.ratis.grpc.client.GrpcClientProtocolService$OrderedRequestStreamObserver.processClientRequest(GrpcClientProtocolService.java:331) ~[ratis-grpc-0.6.0-cac3336-SNAPSHOT.jar:0.6.0-cac3336-SNAPSHOT]
	at org.apache.ratis.util.SlidingWindow$Server.processRequestsFromHead(SlidingWindow.java:429) [ratis-common-0.6.0-cac3336-SNAPSHOT.jar:0.6.0-cac3336-SNAPSHOT]
	at org.apache.ratis.util.SlidingWindow$Server.receivedRequest(SlidingWindow.java:421) [ratis-common-0.6.0-cac3336-SNAPSHOT.jar:0.6.0-cac3336-SNAPSHOT]
	at org.apache.ratis.grpc.client.GrpcClientProtocolService$OrderedRequestStreamObserver.processClientRequest(GrpcClientProtocolService.java:355) [ratis-grpc-0.6.0-cac3336-SNAPSHOT.jar:0.6.0-cac3336-SNAPSHOT]
	at org.apache.ratis.grpc.client.GrpcClientProtocolService$RequestStreamObserver.onNext(GrpcClientProtocolService.java:245) [ratis-grpc-0.6.0-cac3336-SNAPSHOT.jar:0.6.0-cac3336-SNAPSHOT]
	at org.apache.ratis.grpc.client.GrpcClientProtocolService$RequestStreamObserver.onNext(GrpcClientProtocolService.java:168) [ratis-grpc-0.6.0-cac3336-SNAPSHOT.jar:0.6.0-cac3336-SNAPSHOT]
	at org.apache.ratis.thirdparty.io.grpc.stub.ServerCalls$StreamingServerCallHandler$StreamingServerCallListener.onMessage(ServerCalls.java:251) [ratis-thirdparty-misc-0.4.0.jar:0.4.0]
	at org.apache.ratis.thirdparty.io.grpc.internal.ServerCallImpl$ServerStreamListenerImpl.messagesAvailableInternal(ServerCallImpl.java:309) [ratis-thirdparty-misc-0.4.0.jar:0.4.0]
	at org.apache.ratis.thirdparty.io.grpc.internal.ServerCallImpl$ServerStreamListenerImpl.messagesAvailable(ServerCallImpl.java:292) [ratis-thirdparty-misc-0.4.0.jar:0.4.0]
	at org.apache.ratis.thirdparty.io.grpc.internal.ServerImpl$JumpToApplicationThreadServerStreamListener$1MessagesAvailable.runInContext(ServerImpl.java:782) [ratis-thirdparty-misc-0.4.0.jar:0.4.0]
	at org.apache.ratis.thirdparty.io.grpc.internal.ContextRunnable.run(ContextRunnable.java:37) [ratis-thirdparty-misc-0.4.0.jar:0.4.0]
	at org.apache.ratis.thirdparty.io.grpc.internal.SerializingExecutor.run(SerializingExecutor.java:123) [ratis-thirdparty-misc-0.4.0.jar:0.4.0]
	at java.util.concurrent.ThreadPoolExecutor.runWorker(ThreadPoolExecutor.java:1149) [?:1.8.0_232]
	at java.util.concurrent.ThreadPoolExecutor$Worker.run(ThreadPoolExecutor.java:624) [?:1.8.0_232]
	at java.lang.Thread.run(Thread.java:748) [?:1.8.0_232]
05:16:25.825 [grpc-default-executor-1] ERROR DNAudit - user=null | ip=null | op=PUT_BLOCK {blockData=[blockId=conID: 1 locID: 104295338211606528 bcsId: 0,size=3145728]} | ret=FAILURE
org.apache.hadoop.hdds.scm.container.common.helpers.ContainerNotOpenException: Container 1 in CLOSING state
	at org.apache.hadoop.ozone.container.common.impl.HddsDispatcher.validateContainerCommand(HddsDispatcher.java:479) ~[hadoop-hdds-container-service-0.6.0-SNAPSHOT.jar:?]
	at org.apache.hadoop.ozone.container.common.transport.server.ratis.ContainerStateMachine.startTransaction(ContainerStateMachine.java:314) ~[hadoop-hdds-container-service-0.6.0-SNAPSHOT.jar:?]
	at org.apache.ratis.server.impl.RaftServerImpl.submitClientRequestAsync(RaftServerImpl.java:609) ~[ratis-server-0.6.0-cac3336-SNAPSHOT.jar:0.6.0-cac3336-SNAPSHOT]
	at org.apache.ratis.server.impl.RaftServerProxy.lambda$submitClientRequestAsync$7(RaftServerProxy.java:333) ~[ratis-server-0.6.0-cac3336-SNAPSHOT.jar:0.6.0-cac3336-SNAPSHOT]
	at org.apache.ratis.server.impl.RaftServerProxy.lambda$null$5(RaftServerProxy.java:328) ~[ratis-server-0.6.0-cac3336-SNAPSHOT.jar:0.6.0-cac3336-SNAPSHOT]
	at org.apache.ratis.util.JavaUtils.callAsUnchecked(JavaUtils.java:109) ~[ratis-common-0.6.0-cac3336-SNAPSHOT.jar:0.6.0-cac3336-SNAPSHOT]
	at org.apache.ratis.server.impl.RaftServerProxy.lambda$submitRequest$6(RaftServerProxy.java:328) ~[ratis-server-0.6.0-cac3336-SNAPSHOT.jar:0.6.0-cac3336-SNAPSHOT]
	at java.util.concurrent.CompletableFuture.uniComposeStage(CompletableFuture.java:995) ~[?:1.8.0_232]
	at java.util.concurrent.CompletableFuture.thenCompose(CompletableFuture.java:2137) ~[?:1.8.0_232]
	at org.apache.ratis.server.impl.RaftServerProxy.submitRequest(RaftServerProxy.java:327) ~[ratis-server-0.6.0-cac3336-SNAPSHOT.jar:0.6.0-cac3336-SNAPSHOT]
	at org.apache.ratis.server.impl.RaftServerProxy.submitClientRequestAsync(RaftServerProxy.java:333) ~[ratis-server-0.6.0-cac3336-SNAPSHOT.jar:0.6.0-cac3336-SNAPSHOT]
	at org.apache.ratis.grpc.client.GrpcClientProtocolService$RequestStreamObserver.processClientRequest(GrpcClientProtocolService.java:225) ~[ratis-grpc-0.6.0-cac3336-SNAPSHOT.jar:0.6.0-cac3336-SNAPSHOT]
	at org.apache.ratis.grpc.client.GrpcClientProtocolService$OrderedRequestStreamObserver.processClientRequest(GrpcClientProtocolService.java:331) ~[ratis-grpc-0.6.0-cac3336-SNAPSHOT.jar:0.6.0-cac3336-SNAPSHOT]
	at org.apache.ratis.util.SlidingWindow$Server.processRequestsFromHead(SlidingWindow.java:429) [ratis-common-0.6.0-cac3336-SNAPSHOT.jar:0.6.0-cac3336-SNAPSHOT]
	at org.apache.ratis.util.SlidingWindow$Server.receivedRequest(SlidingWindow.java:421) [ratis-common-0.6.0-cac3336-SNAPSHOT.jar:0.6.0-cac3336-SNAPSHOT]
	at org.apache.ratis.grpc.client.GrpcClientProtocolService$OrderedRequestStreamObserver.processClientRequest(GrpcClientProtocolService.java:355) [ratis-grpc-0.6.0-cac3336-SNAPSHOT.jar:0.6.0-cac3336-SNAPSHOT]
	at org.apache.ratis.grpc.client.GrpcClientProtocolService$RequestStreamObserver.onNext(GrpcClientProtocolService.java:245) [ratis-grpc-0.6.0-cac3336-SNAPSHOT.jar:0.6.0-cac3336-SNAPSHOT]
	at org.apache.ratis.grpc.client.GrpcClientProtocolService$RequestStreamObserver.onNext(GrpcClientProtocolService.java:168) [ratis-grpc-0.6.0-cac3336-SNAPSHOT.jar:0.6.0-cac3336-SNAPSHOT]
	at org.apache.ratis.thirdparty.io.grpc.stub.ServerCalls$StreamingServerCallHandler$StreamingServerCallListener.onMessage(ServerCalls.java:251) [ratis-thirdparty-misc-0.4.0.jar:0.4.0]
	at org.apache.ratis.thirdparty.io.grpc.internal.ServerCallImpl$ServerStreamListenerImpl.messagesAvailableInternal(ServerCallImpl.java:309) [ratis-thirdparty-misc-0.4.0.jar:0.4.0]
	at org.apache.ratis.thirdparty.io.grpc.internal.ServerCallImpl$ServerStreamListenerImpl.messagesAvailable(ServerCallImpl.java:292) [ratis-thirdparty-misc-0.4.0.jar:0.4.0]
	at org.apache.ratis.thirdparty.io.grpc.internal.ServerImpl$JumpToApplicationThreadServerStreamListener$1MessagesAvailable.runInContext(ServerImpl.java:782) [ratis-thirdparty-misc-0.4.0.jar:0.4.0]
	at org.apache.ratis.thirdparty.io.grpc.internal.ContextRunnable.run(ContextRunnable.java:37) [ratis-thirdparty-misc-0.4.0.jar:0.4.0]
	at org.apache.ratis.thirdparty.io.grpc.internal.SerializingExecutor.run(SerializingExecutor.java:123) [ratis-thirdparty-misc-0.4.0.jar:0.4.0]
	at java.util.concurrent.ThreadPoolExecutor.runWorker(ThreadPoolExecutor.java:1149) [?:1.8.0_232]
	at java.util.concurrent.ThreadPoolExecutor$Worker.run(ThreadPoolExecutor.java:624) [?:1.8.0_232]
	at java.lang.Thread.run(Thread.java:748) [?:1.8.0_232]
2020-06-06 05:16:25,838 [Listener at 127.0.0.1/44133] INFO  io.BlockOutputStreamEntryPool (BlockOutputStreamEntryPool.java:allocateNewBlock(284)) - Allocating block with ExcludeList {datanodes = [], containerIds = [#1], pipelineIds = []}
2020-06-06 05:16:25,868 [grpc-default-executor-1] WARN  server.GrpcLogAppender (LogUtils.java:warn(122)) - bac48e61-09da-4d4a-9cda-de1b5303032b@group-308F7357FED9->5414add9-8f52-42f4-bc0e-5ee16c82ee52-AppendLogResponseHandler: Failed appendEntries: org.apache.ratis.thirdparty.io.grpc.StatusRuntimeException: UNAVAILABLE: io exception
2020-06-06 05:16:25,868 [grpc-default-executor-1] INFO  impl.FollowerInfo (FollowerInfo.java:lambda$new$0(50)) - bac48e61-09da-4d4a-9cda-de1b5303032b@group-308F7357FED9->5414add9-8f52-42f4-bc0e-5ee16c82ee52: nextIndex: updateUnconditionally 2 -> 1
2020-06-06 05:16:25,882 [grpc-default-executor-0] WARN  server.GrpcLogAppender (LogUtils.java:warn(122)) - bac48e61-09da-4d4a-9cda-de1b5303032b@group-308F7357FED9->dfea1794-fda5-4e0a-86f7-27bb8c5952a1-AppendLogResponseHandler: Failed appendEntries: org.apache.ratis.thirdparty.io.grpc.StatusRuntimeException: UNAVAILABLE: io exception
2020-06-06 05:16:25,882 [grpc-default-executor-0] INFO  impl.FollowerInfo (FollowerInfo.java:lambda$new$0(50)) - bac48e61-09da-4d4a-9cda-de1b5303032b@group-308F7357FED9->dfea1794-fda5-4e0a-86f7-27bb8c5952a1: nextIndex: updateUnconditionally 9 -> 8
2020-06-06 05:16:25,981 [Listener at 127.0.0.1/44133] INFO  ozone.MiniOzoneClusterImpl (MiniOzoneClusterImpl.java:shutdown(387)) - Shutting down the Mini Ozone Cluster
2020-06-06 05:16:25,981 [Listener at 127.0.0.1/44133] INFO  ozone.MiniOzoneClusterImpl (MiniOzoneClusterImpl.java:stop(402)) - Stopping the Mini Ozone Cluster
2020-06-06 05:16:25,981 [Listener at 127.0.0.1/44133] INFO  ozone.MiniOzoneClusterImpl (MiniOzoneClusterImpl.java:stopOM(484)) - Stopping the OzoneManager
2020-06-06 05:16:25,981 [Listener at 127.0.0.1/44133] INFO  ipc.Server (Server.java:stop(3359)) - Stopping server on 44133
2020-06-06 05:16:25,983 [IPC Server listener on 0] INFO  ipc.Server (Server.java:run(1330)) - Stopping IPC Server listener on 0
2020-06-06 05:16:25,983 [IPC Server Responder] INFO  ipc.Server (Server.java:run(1465)) - Stopping IPC Server Responder
2020-06-06 05:16:25,983 [Listener at 127.0.0.1/44133] INFO  ratis.OzoneManagerDoubleBuffer (OzoneManagerDoubleBuffer.java:stop(410)) - Stopping OMDoubleBuffer flush thread
2020-06-06 05:16:25,983 [OMDoubleBufferFlushThread] INFO  ratis.OzoneManagerDoubleBuffer (OzoneManagerDoubleBuffer.java:flushTransactions(342)) - OMDoubleBuffer flush thread OMDoubleBufferFlushThread is interrupted and will exit. OMDoubleBufferFlushThread
2020-06-06 05:16:25,984 [Listener at 127.0.0.1/44133] INFO  utils.BackgroundService (BackgroundService.java:shutdown(157)) - Shutting down service KeyDeletingService
2020-06-06 05:16:25,985 [Listener at 127.0.0.1/44133] INFO  handler.ContextHandler (ContextHandler.java:doStop(1016)) - Stopped o.e.j.w.WebAppContext@10894696{ozoneManager,/,null,UNAVAILABLE}{file:/github/workspace/mnt/ozone/hadoop-ozone/integration-test/target/test-classes/webapps/ozoneManager}
2020-06-06 05:16:25,985 [Listener at 127.0.0.1/44133] INFO  server.AbstractConnector (AbstractConnector.java:doStop(380)) - Stopped ServerConnector@30388333{HTTP/1.1,[http/1.1]}{0.0.0.0:0}
2020-06-06 05:16:25,985 [Listener at 127.0.0.1/44133] INFO  server.session (HouseKeeper.java:stopScavenging(158)) - node0 Stopped scavenging
2020-06-06 05:16:25,985 [Listener at 127.0.0.1/44133] INFO  handler.ContextHandler (ContextHandler.java:doStop(1016)) - Stopped o.e.j.s.ServletContextHandler@4c1560a8{static,/static,file:///github/workspace/mnt/ozone/hadoop-ozone/integration-test/target/test-classes/webapps/static,UNAVAILABLE}
2020-06-06 05:16:25,986 [Listener at 127.0.0.1/44133] INFO  handler.ContextHandler (ContextHandler.java:doStop(1016)) - Stopped o.e.j.s.ServletContextHandler@2f50bf41{logs,/logs,file:///github/workspace/mnt/ozone/hadoop-ozone/integration-test/target/log,UNAVAILABLE}
2020-06-06 05:16:25,988 [Listener at 127.0.0.1/44133] INFO  ozone.MiniOzoneClusterImpl (MiniOzoneClusterImpl.java:stopDatanodes(461)) - Stopping the HddsDatanodes
2020-06-06 05:16:26,369 [grpc-default-executor-1] WARN  server.GrpcLogAppender (LogUtils.java:warn(122)) - bac48e61-09da-4d4a-9cda-de1b5303032b@group-308F7357FED9->5414add9-8f52-42f4-bc0e-5ee16c82ee52-AppendLogResponseHandler: Failed appendEntries: org.apache.ratis.thirdparty.io.grpc.StatusRuntimeException: UNAVAILABLE: io exception
2020-06-06 05:16:26,369 [grpc-default-executor-1] INFO  impl.FollowerInfo (FollowerInfo.java:lambda$new$0(50)) - bac48e61-09da-4d4a-9cda-de1b5303032b@group-308F7357FED9->5414add9-8f52-42f4-bc0e-5ee16c82ee52: nextIndex: updateUnconditionally 2 -> 1
2020-06-06 05:16:26,383 [grpc-default-executor-4] WARN  server.GrpcLogAppender (LogUtils.java:warn(122)) - bac48e61-09da-4d4a-9cda-de1b5303032b@group-308F7357FED9->dfea1794-fda5-4e0a-86f7-27bb8c5952a1-AppendLogResponseHandler: Failed appendEntries: org.apache.ratis.thirdparty.io.grpc.StatusRuntimeException: UNAVAILABLE: io exception
2020-06-06 05:16:26,384 [grpc-default-executor-4] INFO  impl.FollowerInfo (FollowerInfo.java:lambda$new$0(50)) - bac48e61-09da-4d4a-9cda-de1b5303032b@group-308F7357FED9->dfea1794-fda5-4e0a-86f7-27bb8c5952a1: nextIndex: updateUnconditionally 9 -> 8
2020-06-06 05:16:26,872 [grpc-default-executor-4] WARN  server.GrpcLogAppender (LogUtils.java:warn(122)) - bac48e61-09da-4d4a-9cda-de1b5303032b@group-308F7357FED9->5414add9-8f52-42f4-bc0e-5ee16c82ee52-AppendLogResponseHandler: Failed appendEntries: org.apache.ratis.thirdparty.io.grpc.StatusRuntimeException: UNAVAILABLE: io exception
2020-06-06 05:16:26,872 [grpc-default-executor-4] INFO  impl.FollowerInfo (FollowerInfo.java:lambda$new$0(50)) - bac48e61-09da-4d4a-9cda-de1b5303032b@group-308F7357FED9->5414add9-8f52-42f4-bc0e-5ee16c82ee52: nextIndex: updateUnconditionally 2 -> 1
2020-06-06 05:16:26,885 [grpc-default-executor-1] WARN  server.GrpcLogAppender (LogUtils.java:warn(122)) - bac48e61-09da-4d4a-9cda-de1b5303032b@group-308F7357FED9->dfea1794-fda5-4e0a-86f7-27bb8c5952a1-AppendLogResponseHandler: Failed appendEntries: org.apache.ratis.thirdparty.io.grpc.StatusRuntimeException: UNAVAILABLE: io exception
2020-06-06 05:16:26,886 [grpc-default-executor-1] INFO  impl.FollowerInfo (FollowerInfo.java:lambda$new$0(50)) - bac48e61-09da-4d4a-9cda-de1b5303032b@group-308F7357FED9->dfea1794-fda5-4e0a-86f7-27bb8c5952a1: nextIndex: updateUnconditionally 9 -> 8
2020-06-06 05:16:26,930 [Datanode State Machine Thread - 0] INFO  statemachine.DatanodeStateMachine (DatanodeStateMachine.java:lambda$startDaemon$0(380)) - Ozone container server started.
2020-06-06 05:16:26,938 [Datanode State Machine Thread - 0] INFO  statemachine.DatanodeStateMachine (DatanodeStateMachine.java:lambda$startDaemon$0(380)) - Ozone container server started.
2020-06-06 05:16:27,373 [grpc-default-executor-1] WARN  server.GrpcLogAppender (LogUtils.java:warn(122)) - bac48e61-09da-4d4a-9cda-de1b5303032b@group-308F7357FED9->5414add9-8f52-42f4-bc0e-5ee16c82ee52-AppendLogResponseHandler: Failed appendEntries: org.apache.ratis.thirdparty.io.grpc.StatusRuntimeException: UNAVAILABLE: io exception
2020-06-06 05:16:27,374 [grpc-default-executor-1] INFO  impl.FollowerInfo (FollowerInfo.java:lambda$new$0(50)) - bac48e61-09da-4d4a-9cda-de1b5303032b@group-308F7357FED9->5414add9-8f52-42f4-bc0e-5ee16c82ee52: nextIndex: updateUnconditionally 2 -> 1
2020-06-06 05:16:27,387 [grpc-default-executor-4] WARN  server.GrpcLogAppender (LogUtils.java:warn(122)) - bac48e61-09da-4d4a-9cda-de1b5303032b@group-308F7357FED9->dfea1794-fda5-4e0a-86f7-27bb8c5952a1-AppendLogResponseHandler: Failed appendEntries: org.apache.ratis.thirdparty.io.grpc.StatusRuntimeException: UNAVAILABLE: io exception
2020-06-06 05:16:27,387 [grpc-default-executor-4] INFO  impl.FollowerInfo (FollowerInfo.java:lambda$new$0(50)) - bac48e61-09da-4d4a-9cda-de1b5303032b@group-308F7357FED9->dfea1794-fda5-4e0a-86f7-27bb8c5952a1: nextIndex: updateUnconditionally 9 -> 8
2020-06-06 05:16:27,877 [grpc-default-executor-1] WARN  server.GrpcLogAppender (LogUtils.java:warn(122)) - bac48e61-09da-4d4a-9cda-de1b5303032b@group-308F7357FED9->5414add9-8f52-42f4-bc0e-5ee16c82ee52-AppendLogResponseHandler: Failed appendEntries: org.apache.ratis.thirdparty.io.grpc.StatusRuntimeException: UNAVAILABLE: io exception
2020-06-06 05:16:27,877 [grpc-default-executor-1] INFO  impl.FollowerInfo (FollowerInfo.java:lambda$new$0(50)) - bac48e61-09da-4d4a-9cda-de1b5303032b@group-308F7357FED9->5414add9-8f52-42f4-bc0e-5ee16c82ee52: nextIndex: updateUnconditionally 2 -> 1
2020-06-06 05:16:27,889 [grpc-default-executor-4] WARN  server.GrpcLogAppender (LogUtils.java:warn(122)) - bac48e61-09da-4d4a-9cda-de1b5303032b@group-308F7357FED9->dfea1794-fda5-4e0a-86f7-27bb8c5952a1-AppendLogResponseHandler: Failed appendEntries: org.apache.ratis.thirdparty.io.grpc.StatusRuntimeException: UNAVAILABLE: io exception
2020-06-06 05:16:27,889 [grpc-default-executor-4] INFO  impl.FollowerInfo (FollowerInfo.java:lambda$new$0(50)) - bac48e61-09da-4d4a-9cda-de1b5303032b@group-308F7357FED9->dfea1794-fda5-4e0a-86f7-27bb8c5952a1: nextIndex: updateUnconditionally 9 -> 8
2020-06-06 05:16:28,379 [grpc-default-executor-1] WARN  server.GrpcLogAppender (LogUtils.java:warn(122)) - bac48e61-09da-4d4a-9cda-de1b5303032b@group-308F7357FED9->5414add9-8f52-42f4-bc0e-5ee16c82ee52-AppendLogResponseHandler: Failed appendEntries: org.apache.ratis.thirdparty.io.grpc.StatusRuntimeException: UNAVAILABLE: io exception
2020-06-06 05:16:28,379 [grpc-default-executor-1] INFO  impl.FollowerInfo (FollowerInfo.java:lambda$new$0(50)) - bac48e61-09da-4d4a-9cda-de1b5303032b@group-308F7357FED9->5414add9-8f52-42f4-bc0e-5ee16c82ee52: nextIndex: updateUnconditionally 2 -> 1
2020-06-06 05:16:28,391 [grpc-default-executor-4] WARN  server.GrpcLogAppender (LogUtils.java:warn(122)) - bac48e61-09da-4d4a-9cda-de1b5303032b@group-308F7357FED9->dfea1794-fda5-4e0a-86f7-27bb8c5952a1-AppendLogResponseHandler: Failed appendEntries: org.apache.ratis.thirdparty.io.grpc.StatusRuntimeException: UNAVAILABLE: io exception
2020-06-06 05:16:28,391 [grpc-default-executor-4] INFO  impl.FollowerInfo (FollowerInfo.java:lambda$new$0(50)) - bac48e61-09da-4d4a-9cda-de1b5303032b@group-308F7357FED9->dfea1794-fda5-4e0a-86f7-27bb8c5952a1: nextIndex: updateUnconditionally 9 -> 8
2020-06-06 05:16:28,881 [grpc-default-executor-1] WARN  server.GrpcLogAppender (LogUtils.java:warn(122)) - bac48e61-09da-4d4a-9cda-de1b5303032b@group-308F7357FED9->5414add9-8f52-42f4-bc0e-5ee16c82ee52-AppendLogResponseHandler: Failed appendEntries: org.apache.ratis.thirdparty.io.grpc.StatusRuntimeException: UNAVAILABLE: io exception
2020-06-06 05:16:28,882 [grpc-default-executor-1] INFO  impl.FollowerInfo (FollowerInfo.java:lambda$new$0(50)) - bac48e61-09da-4d4a-9cda-de1b5303032b@group-308F7357FED9->5414add9-8f52-42f4-bc0e-5ee16c82ee52: nextIndex: updateUnconditionally 2 -> 1
2020-06-06 05:16:28,892 [grpc-default-executor-4] WARN  server.GrpcLogAppender (LogUtils.java:warn(122)) - bac48e61-09da-4d4a-9cda-de1b5303032b@group-308F7357FED9->dfea1794-fda5-4e0a-86f7-27bb8c5952a1-AppendLogResponseHandler: Failed appendEntries: org.apache.ratis.thirdparty.io.grpc.StatusRuntimeException: UNAVAILABLE: io exception
2020-06-06 05:16:28,892 [grpc-default-executor-4] INFO  impl.FollowerInfo (FollowerInfo.java:lambda$new$0(50)) - bac48e61-09da-4d4a-9cda-de1b5303032b@group-308F7357FED9->dfea1794-fda5-4e0a-86f7-27bb8c5952a1: nextIndex: updateUnconditionally 9 -> 8
2020-06-06 05:16:29,384 [grpc-default-executor-4] WARN  server.GrpcLogAppender (LogUtils.java:warn(122)) - bac48e61-09da-4d4a-9cda-de1b5303032b@group-308F7357FED9->5414add9-8f52-42f4-bc0e-5ee16c82ee52-AppendLogResponseHandler: Failed appendEntries: org.apache.ratis.thirdparty.io.grpc.StatusRuntimeException: UNAVAILABLE: io exception
2020-06-06 05:16:29,385 [grpc-default-executor-4] INFO  impl.FollowerInfo (FollowerInfo.java:lambda$new$0(50)) - bac48e61-09da-4d4a-9cda-de1b5303032b@group-308F7357FED9->5414add9-8f52-42f4-bc0e-5ee16c82ee52: nextIndex: updateUnconditionally 1 -> 0
2020-06-06 05:16:29,388 [grpc-default-executor-4] WARN  server.GrpcLogAppender (LogUtils.java:warn(122)) - bac48e61-09da-4d4a-9cda-de1b5303032b@group-308F7357FED9->5414add9-8f52-42f4-bc0e-5ee16c82ee52-AppendLogResponseHandler: Failed appendEntries: org.apache.ratis.thirdparty.io.grpc.StatusRuntimeException: UNAVAILABLE: io exception
2020-06-06 05:16:29,389 [grpc-default-executor-4] INFO  impl.FollowerInfo (FollowerInfo.java:lambda$new$0(50)) - bac48e61-09da-4d4a-9cda-de1b5303032b@group-308F7357FED9->5414add9-8f52-42f4-bc0e-5ee16c82ee52: nextIndex: updateUnconditionally 1 -> 0
2020-06-06 05:16:29,392 [grpc-default-executor-4] WARN  server.GrpcLogAppender (LogUtils.java:warn(122)) - bac48e61-09da-4d4a-9cda-de1b5303032b@group-308F7357FED9->5414add9-8f52-42f4-bc0e-5ee16c82ee52-AppendLogResponseHandler: Failed appendEntries: org.apache.ratis.thirdparty.io.grpc.StatusRuntimeException: UNAVAILABLE: io exception
2020-06-06 05:16:29,393 [grpc-default-executor-0] WARN  server.GrpcLogAppender (LogUtils.java:warn(122)) - bac48e61-09da-4d4a-9cda-de1b5303032b@group-308F7357FED9->dfea1794-fda5-4e0a-86f7-27bb8c5952a1-AppendLogResponseHandler: Failed appendEntries: org.apache.ratis.thirdparty.io.grpc.StatusRuntimeException: UNAVAILABLE: io exception
2020-06-06 05:16:29,393 [grpc-default-executor-0] INFO  impl.FollowerInfo (FollowerInfo.java:lambda$new$0(50)) - bac48e61-09da-4d4a-9cda-de1b5303032b@group-308F7357FED9->dfea1794-fda5-4e0a-86f7-27bb8c5952a1: nextIndex: updateUnconditionally 9 -> 8
2020-06-06 05:16:29,393 [grpc-default-executor-4] INFO  impl.FollowerInfo (FollowerInfo.java:lambda$new$0(50)) - bac48e61-09da-4d4a-9cda-de1b5303032b@group-308F7357FED9->5414add9-8f52-42f4-bc0e-5ee16c82ee52: nextIndex: updateUnconditionally 1 -> 0
2020-06-06 05:16:29,395 [grpc-default-executor-4] WARN  server.GrpcLogAppender (LogUtils.java:warn(122)) - bac48e61-09da-4d4a-9cda-de1b5303032b@group-308F7357FED9->5414add9-8f52-42f4-bc0e-5ee16c82ee52-AppendLogResponseHandler: Failed appendEntries: org.apache.ratis.thirdparty.io.grpc.StatusRuntimeException: UNAVAILABLE: io exception
2020-06-06 05:16:29,396 [grpc-default-executor-4] INFO  impl.FollowerInfo (FollowerInfo.java:lambda$new$0(50)) - bac48e61-09da-4d4a-9cda-de1b5303032b@group-308F7357FED9->5414add9-8f52-42f4-bc0e-5ee16c82ee52: nextIndex: updateUnconditionally 1 -> 0
2020-06-06 05:16:29,398 [grpc-default-executor-0] WARN  server.GrpcLogAppender (LogUtils.java:warn(122)) - bac48e61-09da-4d4a-9cda-de1b5303032b@group-308F7357FED9->5414add9-8f52-42f4-bc0e-5ee16c82ee52-AppendLogResponseHandler: Failed appendEntries: org.apache.ratis.thirdparty.io.grpc.StatusRuntimeException: UNAVAILABLE: io exception
2020-06-06 05:16:29,398 [grpc-default-executor-0] INFO  impl.FollowerInfo (FollowerInfo.java:lambda$new$0(50)) - bac48e61-09da-4d4a-9cda-de1b5303032b@group-308F7357FED9->5414add9-8f52-42f4-bc0e-5ee16c82ee52: nextIndex: updateUnconditionally 1 -> 0
2020-06-06 05:16:29,896 [grpc-default-executor-4] WARN  server.GrpcLogAppender (LogUtils.java:warn(122)) - bac48e61-09da-4d4a-9cda-de1b5303032b@group-308F7357FED9->dfea1794-fda5-4e0a-86f7-27bb8c5952a1-AppendLogResponseHandler: Failed appendEntries: org.apache.ratis.thirdparty.io.grpc.StatusRuntimeException: UNAVAILABLE: io exception
2020-06-06 05:16:29,896 [grpc-default-executor-4] INFO  impl.FollowerInfo (FollowerInfo.java:lambda$new$0(50)) - bac48e61-09da-4d4a-9cda-de1b5303032b@group-308F7357FED9->dfea1794-fda5-4e0a-86f7-27bb8c5952a1: nextIndex: updateUnconditionally 9 -> 8
2020-06-06 05:16:29,899 [grpc-default-executor-0] WARN  server.GrpcLogAppender (LogUtils.java:warn(122)) - bac48e61-09da-4d4a-9cda-de1b5303032b@group-308F7357FED9->5414add9-8f52-42f4-bc0e-5ee16c82ee52-AppendLogResponseHandler: Failed appendEntries: org.apache.ratis.thirdparty.io.grpc.StatusRuntimeException: UNAVAILABLE: io exception
2020-06-06 05:16:29,899 [grpc-default-executor-0] INFO  impl.FollowerInfo (FollowerInfo.java:lambda$new$0(50)) - bac48e61-09da-4d4a-9cda-de1b5303032b@group-308F7357FED9->5414add9-8f52-42f4-bc0e-5ee16c82ee52: nextIndex: updateUnconditionally 1 -> 0
2020-06-06 05:16:30,400 [grpc-default-executor-1] WARN  server.GrpcLogAppender (LogUtils.java:warn(122)) - bac48e61-09da-4d4a-9cda-de1b5303032b@group-308F7357FED9->dfea1794-fda5-4e0a-86f7-27bb8c5952a1-AppendLogResponseHandler: Failed appendEntries: org.apache.ratis.thirdparty.io.grpc.StatusRuntimeException: UNAVAILABLE: io exception
2020-06-06 05:16:30,400 [grpc-default-executor-1] INFO  impl.FollowerInfo (FollowerInfo.java:lambda$new$0(50)) - bac48e61-09da-4d4a-9cda-de1b5303032b@group-308F7357FED9->dfea1794-fda5-4e0a-86f7-27bb8c5952a1: nextIndex: updateUnconditionally 9 -> 8
2020-06-06 05:16:30,402 [grpc-default-executor-1] WARN  server.GrpcLogAppender (LogUtils.java:warn(122)) - bac48e61-09da-4d4a-9cda-de1b5303032b@group-308F7357FED9->5414add9-8f52-42f4-bc0e-5ee16c82ee52-AppendLogResponseHandler: Failed appendEntries: org.apache.ratis.thirdparty.io.grpc.StatusRuntimeException: UNAVAILABLE: io exception
2020-06-06 05:16:30,402 [grpc-default-executor-1] INFO  impl.FollowerInfo (FollowerInfo.java:lambda$new$0(50)) - bac48e61-09da-4d4a-9cda-de1b5303032b@group-308F7357FED9->5414add9-8f52-42f4-bc0e-5ee16c82ee52: nextIndex: updateUnconditionally 1 -> 0
2020-06-06 05:16:30,902 [grpc-default-executor-4] WARN  server.GrpcLogAppender (LogUtils.java:warn(122)) - bac48e61-09da-4d4a-9cda-de1b5303032b@group-308F7357FED9->dfea1794-fda5-4e0a-86f7-27bb8c5952a1-AppendLogResponseHandler: Failed appendEntries: org.apache.ratis.thirdparty.io.grpc.StatusRuntimeException: UNAVAILABLE: io exception
2020-06-06 05:16:30,902 [grpc-default-executor-4] INFO  impl.FollowerInfo (FollowerInfo.java:lambda$new$0(50)) - bac48e61-09da-4d4a-9cda-de1b5303032b@group-308F7357FED9->dfea1794-fda5-4e0a-86f7-27bb8c5952a1: nextIndex: updateUnconditionally 9 -> 8
2020-06-06 05:16:30,904 [grpc-default-executor-4] WARN  server.GrpcLogAppender (LogUtils.java:warn(122)) - bac48e61-09da-4d4a-9cda-de1b5303032b@group-308F7357FED9->5414add9-8f52-42f4-bc0e-5ee16c82ee52-AppendLogResponseHandler: Failed appendEntries: org.apache.ratis.thirdparty.io.grpc.StatusRuntimeException: UNAVAILABLE: io exception
2020-06-06 05:16:30,904 [grpc-default-executor-4] INFO  impl.FollowerInfo (FollowerInfo.java:lambda$new$0(50)) - bac48e61-09da-4d4a-9cda-de1b5303032b@group-308F7357FED9->5414add9-8f52-42f4-bc0e-5ee16c82ee52: nextIndex: updateUnconditionally 1 -> 0
2020-06-06 05:16:30,988 [ForkJoinPool.commonPool-worker-0] INFO  ozoneimpl.OzoneContainer (OzoneContainer.java:stop(246)) - Attempting to stop container services.
2020-06-06 05:16:30,989 [Listener at 127.0.0.1/44133] INFO  ozoneimpl.OzoneContainer (OzoneContainer.java:stop(246)) - Attempting to stop container services.
2020-06-06 05:16:30,989 [Listener at 127.0.0.1/44133] INFO  impl.RaftServerProxy (RaftServerProxy.java:lambda$close$4(314)) - 16c5f78f-17e9-4ae3-8c1c-bc00fdbfe39b: close
2020-06-06 05:16:30,989 [ForkJoinPool.commonPool-worker-0] INFO  impl.RaftServerProxy (RaftServerProxy.java:lambda$close$4(314)) - 1a49a296-5844-4022-b55f-cb040720ebd9: close
2020-06-06 05:16:30,989 [ForkJoinPool.commonPool-worker-0] INFO  impl.RaftServerImpl (RaftServerImpl.java:lambda$shutdown$3(250)) - 1a49a296-5844-4022-b55f-cb040720ebd9@group-49893C952B17: shutdown
2020-06-06 05:16:30,989 [Listener at 127.0.0.1/44133] INFO  impl.RaftServerImpl (RaftServerImpl.java:lambda$shutdown$3(250)) - 16c5f78f-17e9-4ae3-8c1c-bc00fdbfe39b@group-3B982E576506: shutdown
2020-06-06 05:16:30,990 [ForkJoinPool.commonPool-worker-0] INFO  util.JmxRegister (JmxRegister.java:unregister(73)) - Successfully un-registered JMX Bean with object name Ratis:service=RaftServer,group=group-49893C952B17,id=1a49a296-5844-4022-b55f-cb040720ebd9
2020-06-06 05:16:30,990 [ForkJoinPool.commonPool-worker-0] INFO  impl.RoleInfo (RoleInfo.java:shutdownLeaderState(104)) - 1a49a296-5844-4022-b55f-cb040720ebd9: shutdown LeaderState
2020-06-06 05:16:30,990 [Listener at 127.0.0.1/44133] INFO  util.JmxRegister (JmxRegister.java:unregister(73)) - Successfully un-registered JMX Bean with object name Ratis:service=RaftServer,group=group-3B982E576506,id=16c5f78f-17e9-4ae3-8c1c-bc00fdbfe39b
2020-06-06 05:16:30,990 [Listener at 127.0.0.1/44133] INFO  impl.RoleInfo (RoleInfo.java:shutdownLeaderState(104)) - 16c5f78f-17e9-4ae3-8c1c-bc00fdbfe39b: shutdown LeaderState
2020-06-06 05:16:30,990 [ForkJoinPool.commonPool-worker-0] INFO  impl.PendingRequests (PendingRequests.java:sendNotLeaderResponses(242)) - 1a49a296-5844-4022-b55f-cb040720ebd9@group-49893C952B17-PendingRequests: sendNotLeaderResponses
2020-06-06 05:16:30,990 [Listener at 127.0.0.1/44133] INFO  impl.PendingRequests (PendingRequests.java:sendNotLeaderResponses(242)) - 16c5f78f-17e9-4ae3-8c1c-bc00fdbfe39b@group-3B982E576506-PendingRequests: sendNotLeaderResponses
2020-06-06 05:16:30,990 [ForkJoinPool.commonPool-worker-0] INFO  metrics.RatisMetrics (RatisMetrics.java:unregister(46)) - Unregistering Metrics Registry : ratis.log_appender.1a49a296-5844-4022-b55f-cb040720ebd9@group-49893C952B17
2020-06-06 05:16:30,991 [ForkJoinPool.commonPool-worker-0] INFO  impl.StateMachineUpdater (StateMachineUpdater.java:stopAndJoin(142)) - 1a49a296-5844-4022-b55f-cb040720ebd9@group-49893C952B17-StateMachineUpdater: set stopIndex = 0
2020-06-06 05:16:30,991 [1a49a296-5844-4022-b55f-cb040720ebd9@group-49893C952B17-StateMachineUpdater] INFO  ratis.ContainerStateMachine (ContainerStateMachine.java:takeSnapshot(288)) - group-49893C952B17: Taking a snapshot at:(t:1, i:0) file /github/workspace/mnt/ozone/hadoop-ozone/integration-test/target/test-dir/MiniOzoneClusterImpl-e9c98d0f-e324-43f2-aa41-70e4df10ec43/datanode-3/data/ratis/65541d31-f41f-44c4-8af3-49893c952b17/sm/snapshot.1_0
2020-06-06 05:16:30,991 [Listener at 127.0.0.1/44133] INFO  metrics.RatisMetrics (RatisMetrics.java:unregister(46)) - Unregistering Metrics Registry : ratis.log_appender.16c5f78f-17e9-4ae3-8c1c-bc00fdbfe39b@group-3B982E576506
2020-06-06 05:16:30,992 [Listener at 127.0.0.1/44133] INFO  impl.StateMachineUpdater (StateMachineUpdater.java:stopAndJoin(142)) - 16c5f78f-17e9-4ae3-8c1c-bc00fdbfe39b@group-3B982E576506-StateMachineUpdater: set stopIndex = 0
2020-06-06 05:16:30,992 [1a49a296-5844-4022-b55f-cb040720ebd9@group-49893C952B17-StateMachineUpdater] INFO  ratis.ContainerStateMachine (ContainerStateMachine.java:takeSnapshot(299)) - group-49893C952B17: Finished taking a snapshot at:(t:1, i:0) file:/github/workspace/mnt/ozone/hadoop-ozone/integration-test/target/test-dir/MiniOzoneClusterImpl-e9c98d0f-e324-43f2-aa41-70e4df10ec43/datanode-3/data/ratis/65541d31-f41f-44c4-8af3-49893c952b17/sm/snapshot.1_0 time:1
2020-06-06 05:16:30,992 [16c5f78f-17e9-4ae3-8c1c-bc00fdbfe39b@group-3B982E576506-StateMachineUpdater] INFO  ratis.ContainerStateMachine (ContainerStateMachine.java:takeSnapshot(288)) - group-3B982E576506: Taking a snapshot at:(t:1, i:0) file /github/workspace/mnt/ozone/hadoop-ozone/integration-test/target/test-dir/MiniOzoneClusterImpl-e9c98d0f-e324-43f2-aa41-70e4df10ec43/datanode-5/data/ratis/e94470a1-f56c-419a-97da-3b982e576506/sm/snapshot.1_0
2020-06-06 05:16:30,992 [1a49a296-5844-4022-b55f-cb040720ebd9@group-49893C952B17-StateMachineUpdater] INFO  impl.StateMachineUpdater (StateMachineUpdater.java:takeSnapshot(277)) - 1a49a296-5844-4022-b55f-cb040720ebd9@group-49893C952B17-StateMachineUpdater: Took a snapshot at index 0
2020-06-06 05:16:30,992 [1a49a296-5844-4022-b55f-cb040720ebd9@group-49893C952B17-StateMachineUpdater] INFO  impl.StateMachineUpdater (StateMachineUpdater.java:lambda$new$0(87)) - 1a49a296-5844-4022-b55f-cb040720ebd9@group-49893C952B17-StateMachineUpdater: snapshotIndex: updateIncreasingly -1 -> 0
2020-06-06 05:16:30,993 [1a49a296-5844-4022-b55f-cb040720ebd9@group-49893C952B17-StateMachineUpdater] INFO  metrics.RatisMetrics (RatisMetrics.java:unregister(46)) - Unregistering Metrics Registry : ratis.state_machine.1a49a296-5844-4022-b55f-cb040720ebd9@group-49893C952B17
2020-06-06 05:16:30,993 [ForkJoinPool.commonPool-worker-0] INFO  impl.RaftServerImpl (ServerState.java:close(387)) - 1a49a296-5844-4022-b55f-cb040720ebd9@group-49893C952B17: closes. applyIndex: 0
2020-06-06 05:16:30,993 [16c5f78f-17e9-4ae3-8c1c-bc00fdbfe39b@group-3B982E576506-StateMachineUpdater] INFO  ratis.ContainerStateMachine (ContainerStateMachine.java:takeSnapshot(299)) - group-3B982E576506: Finished taking a snapshot at:(t:1, i:0) file:/github/workspace/mnt/ozone/hadoop-ozone/integration-test/target/test-dir/MiniOzoneClusterImpl-e9c98d0f-e324-43f2-aa41-70e4df10ec43/datanode-5/data/ratis/e94470a1-f56c-419a-97da-3b982e576506/sm/snapshot.1_0 time:1
2020-06-06 05:16:30,993 [1a49a296-5844-4022-b55f-cb040720ebd9@group-49893C952B17-SegmentedRaftLogWorker] INFO  segmented.SegmentedRaftLogWorker (SegmentedRaftLogWorker.java:run(321)) - 1a49a296-5844-4022-b55f-cb040720ebd9@group-49893C952B17-SegmentedRaftLogWorker was interrupted, exiting. There are 0 tasks remaining in the queue.
2020-06-06 05:16:30,993 [16c5f78f-17e9-4ae3-8c1c-bc00fdbfe39b@group-3B982E576506-StateMachineUpdater] INFO  impl.StateMachineUpdater (StateMachineUpdater.java:takeSnapshot(277)) - 16c5f78f-17e9-4ae3-8c1c-bc00fdbfe39b@group-3B982E576506-StateMachineUpdater: Took a snapshot at index 0
2020-06-06 05:16:30,993 [16c5f78f-17e9-4ae3-8c1c-bc00fdbfe39b@group-3B982E576506-StateMachineUpdater] INFO  impl.StateMachineUpdater (StateMachineUpdater.java:lambda$new$0(87)) - 16c5f78f-17e9-4ae3-8c1c-bc00fdbfe39b@group-3B982E576506-StateMachineUpdater: snapshotIndex: updateIncreasingly -1 -> 0
2020-06-06 05:16:30,994 [16c5f78f-17e9-4ae3-8c1c-bc00fdbfe39b@group-3B982E576506-StateMachineUpdater] INFO  metrics.RatisMetrics (RatisMetrics.java:unregister(46)) - Unregistering Metrics Registry : ratis.state_machine.16c5f78f-17e9-4ae3-8c1c-bc00fdbfe39b@group-3B982E576506
2020-06-06 05:16:30,997 [ForkJoinPool.commonPool-worker-0] INFO  segmented.SegmentedRaftLogWorker (SegmentedRaftLogWorker.java:close(229)) - 1a49a296-5844-4022-b55f-cb040720ebd9@group-49893C952B17-SegmentedRaftLogWorker close()
2020-06-06 05:16:30,999 [Listener at 127.0.0.1/44133] INFO  impl.RaftServerImpl (ServerState.java:close(387)) - 16c5f78f-17e9-4ae3-8c1c-bc00fdbfe39b@group-3B982E576506: closes. applyIndex: 0
2020-06-06 05:16:31,000 [16c5f78f-17e9-4ae3-8c1c-bc00fdbfe39b@group-3B982E576506-SegmentedRaftLogWorker] INFO  segmented.SegmentedRaftLogWorker (SegmentedRaftLogWorker.java:run(321)) - 16c5f78f-17e9-4ae3-8c1c-bc00fdbfe39b@group-3B982E576506-SegmentedRaftLogWorker was interrupted, exiting. There are 0 tasks remaining in the queue.
2020-06-06 05:16:31,000 [ForkJoinPool.commonPool-worker-0] INFO  metrics.RatisMetrics (RatisMetrics.java:unregister(46)) - Unregistering Metrics Registry : ratis.log_worker.1a49a296-5844-4022-b55f-cb040720ebd9
2020-06-06 05:16:31,000 [ForkJoinPool.commonPool-worker-0] INFO  metrics.RatisMetrics (RatisMetrics.java:unregister(46)) - Unregistering Metrics Registry : ratis.leader_election.1a49a296-5844-4022-b55f-cb040720ebd9@group-49893C952B17
2020-06-06 05:16:31,000 [ForkJoinPool.commonPool-worker-0] INFO  metrics.RatisMetrics (RatisMetrics.java:unregister(46)) - Unregistering Metrics Registry : ratis.server.1a49a296-5844-4022-b55f-cb040720ebd9@group-49893C952B17
2020-06-06 05:16:31,000 [ForkJoinPool.commonPool-worker-0] INFO  impl.RaftServerImpl (RaftServerImpl.java:lambda$shutdown$3(250)) - 1a49a296-5844-4022-b55f-cb040720ebd9@group-8814426F656B: shutdown
2020-06-06 05:16:31,004 [ForkJoinPool.commonPool-worker-0] INFO  util.JmxRegister (JmxRegister.java:unregister(73)) - Successfully un-registered JMX Bean with object name Ratis:service=RaftServer,group=group-8814426F656B,id=1a49a296-5844-4022-b55f-cb040720ebd9
2020-06-06 05:16:31,004 [ForkJoinPool.commonPool-worker-0] INFO  impl.RoleInfo (RoleInfo.java:shutdownLeaderState(104)) - 1a49a296-5844-4022-b55f-cb040720ebd9: shutdown LeaderState
2020-06-06 05:16:31,004 [Listener at 127.0.0.1/44133] INFO  segmented.SegmentedRaftLogWorker (SegmentedRaftLogWorker.java:close(229)) - 16c5f78f-17e9-4ae3-8c1c-bc00fdbfe39b@group-3B982E576506-SegmentedRaftLogWorker close()
2020-06-06 05:16:31,005 [org.apache.ratis.server.impl.LogAppender$AppenderDaemon$$Lambda$466/1712764919@130cce07] WARN  server.GrpcLogAppender (GrpcLogAppender.java:mayWait(153)) - 1a49a296-5844-4022-b55f-cb040720ebd9@group-8814426F656B->16c5f78f-17e9-4ae3-8c1c-bc00fdbfe39b-GrpcLogAppender: Wait interrupted by java.lang.InterruptedException
2020-06-06 05:16:31,006 [Listener at 127.0.0.1/44133] INFO  metrics.RatisMetrics (RatisMetrics.java:unregister(46)) - Unregistering Metrics Registry : ratis.log_worker.16c5f78f-17e9-4ae3-8c1c-bc00fdbfe39b
2020-06-06 05:16:31,006 [Listener at 127.0.0.1/44133] INFO  metrics.RatisMetrics (RatisMetrics.java:unregister(46)) - Unregistering Metrics Registry : ratis.leader_election.16c5f78f-17e9-4ae3-8c1c-bc00fdbfe39b@group-3B982E576506
2020-06-06 05:16:31,006 [grpc-default-executor-4] INFO  server.GrpcServerProtocolService (GrpcServerProtocolService.java:onCompleted(137)) - 16c5f78f-17e9-4ae3-8c1c-bc00fdbfe39b: Completed APPEND_ENTRIES, lastRequest: 1a49a296-5844-4022-b55f-cb040720ebd9->16c5f78f-17e9-4ae3-8c1c-bc00fdbfe39b#49-t1, previous=(t:1, i:5), leaderCommit=4, initializing? false, entries: size=1, first=(t:1, i:6), METADATAENTRY(c:4)
2020-06-06 05:16:31,006 [org.apache.ratis.server.impl.LogAppender$AppenderDaemon$$Lambda$466/1712764919@73933e6a] WARN  server.GrpcLogAppender (GrpcLogAppender.java:mayWait(153)) - 1a49a296-5844-4022-b55f-cb040720ebd9@group-8814426F656B->6b1e40fd-b271-4671-bc2e-69bde6106f78-GrpcLogAppender: Wait interrupted by java.lang.InterruptedException
2020-06-06 05:16:31,006 [ForkJoinPool.commonPool-worker-0] INFO  impl.PendingRequests (PendingRequests.java:sendNotLeaderResponses(242)) - 1a49a296-5844-4022-b55f-cb040720ebd9@group-8814426F656B-PendingRequests: sendNotLeaderResponses
2020-06-06 05:16:31,007 [Listener at 127.0.0.1/44133] INFO  metrics.RatisMetrics (RatisMetrics.java:unregister(46)) - Unregistering Metrics Registry : ratis.server.16c5f78f-17e9-4ae3-8c1c-bc00fdbfe39b@group-3B982E576506
2020-06-06 05:16:31,008 [Listener at 127.0.0.1/44133] INFO  impl.RaftServerImpl (RaftServerImpl.java:lambda$shutdown$3(250)) - 16c5f78f-17e9-4ae3-8c1c-bc00fdbfe39b@group-8814426F656B: shutdown
2020-06-06 05:16:31,008 [grpc-default-executor-1] INFO  server.GrpcServerProtocolService (GrpcServerProtocolService.java:onCompleted(137)) - 6b1e40fd-b271-4671-bc2e-69bde6106f78: Completed APPEND_ENTRIES, lastRequest: 1a49a296-5844-4022-b55f-cb040720ebd9->6b1e40fd-b271-4671-bc2e-69bde6106f78#49-t1, previous=(t:1, i:5), leaderCommit=4, initializing? false, entries: size=1, first=(t:1, i:6), METADATAENTRY(c:4)
2020-06-06 05:16:31,008 [Listener at 127.0.0.1/44133] INFO  util.JmxRegister (JmxRegister.java:unregister(73)) - Successfully un-registered JMX Bean with object name Ratis:service=RaftServer,group=group-8814426F656B,id=16c5f78f-17e9-4ae3-8c1c-bc00fdbfe39b
2020-06-06 05:16:31,008 [Listener at 127.0.0.1/44133] INFO  impl.RoleInfo (RoleInfo.java:shutdownFollowerState(121)) - 16c5f78f-17e9-4ae3-8c1c-bc00fdbfe39b: shutdown FollowerState
2020-06-06 05:16:31,010 [Listener at 127.0.0.1/44133] INFO  impl.StateMachineUpdater (StateMachineUpdater.java:stopAndJoin(142)) - 16c5f78f-17e9-4ae3-8c1c-bc00fdbfe39b@group-8814426F656B-StateMachineUpdater: set stopIndex = 6
2020-06-06 05:16:31,008 [grpc-default-executor-4] INFO  server.GrpcLogAppender (GrpcLogAppender.java:onCompleted(309)) - 1a49a296-5844-4022-b55f-cb040720ebd9@group-8814426F656B->16c5f78f-17e9-4ae3-8c1c-bc00fdbfe39b-AppendLogResponseHandler: follower responses appendEntries COMPLETED
2020-06-06 05:16:31,011 [grpc-default-executor-4] INFO  impl.FollowerInfo (FollowerInfo.java:lambda$new$0(50)) - 1a49a296-5844-4022-b55f-cb040720ebd9@group-8814426F656B->16c5f78f-17e9-4ae3-8c1c-bc00fdbfe39b: nextIndex: updateUnconditionally 7 -> 6
2020-06-06 05:16:31,011 [ForkJoinPool.commonPool-worker-0] INFO  metrics.RatisMetrics (RatisMetrics.java:unregister(46)) - Unregistering Metrics Registry : ratis.log_appender.1a49a296-5844-4022-b55f-cb040720ebd9@group-8814426F656B
2020-06-06 05:16:31,011 [16c5f78f-17e9-4ae3-8c1c-bc00fdbfe39b@group-8814426F656B-StateMachineUpdater] INFO  ratis.ContainerStateMachine (ContainerStateMachine.java:takeSnapshot(288)) - group-8814426F656B: Taking a snapshot at:(t:1, i:6) file /github/workspace/mnt/ozone/hadoop-ozone/integration-test/target/test-dir/MiniOzoneClusterImpl-e9c98d0f-e324-43f2-aa41-70e4df10ec43/datanode-5/data/ratis/a6a197c9-983a-457b-80f0-8814426f656b/sm/snapshot.1_6
2020-06-06 05:16:31,010 [Thread-345] INFO  impl.FollowerState (FollowerState.java:run(117)) - 16c5f78f-17e9-4ae3-8c1c-bc00fdbfe39b@group-8814426F656B-FollowerState was interrupted: java.lang.InterruptedException: sleep interrupted
2020-06-06 05:16:31,009 [grpc-default-executor-1] INFO  server.GrpcLogAppender (GrpcLogAppender.java:onCompleted(309)) - 1a49a296-5844-4022-b55f-cb040720ebd9@group-8814426F656B->6b1e40fd-b271-4671-bc2e-69bde6106f78-AppendLogResponseHandler: follower responses appendEntries COMPLETED
2020-06-06 05:16:31,013 [1a49a296-5844-4022-b55f-cb040720ebd9@group-8814426F656B-StateMachineUpdater] INFO  ratis.ContainerStateMachine (ContainerStateMachine.java:takeSnapshot(288)) - group-8814426F656B: Taking a snapshot at:(t:1, i:6) file /github/workspace/mnt/ozone/hadoop-ozone/integration-test/target/test-dir/MiniOzoneClusterImpl-e9c98d0f-e324-43f2-aa41-70e4df10ec43/datanode-3/data/ratis/a6a197c9-983a-457b-80f0-8814426f656b/sm/snapshot.1_6
2020-06-06 05:16:31,013 [grpc-default-executor-1] INFO  impl.FollowerInfo (FollowerInfo.java:lambda$new$0(50)) - 1a49a296-5844-4022-b55f-cb040720ebd9@group-8814426F656B->6b1e40fd-b271-4671-bc2e-69bde6106f78: nextIndex: updateUnconditionally 7 -> 6
2020-06-06 05:16:31,013 [ForkJoinPool.commonPool-worker-0] INFO  impl.StateMachineUpdater (StateMachineUpdater.java:stopAndJoin(142)) - 1a49a296-5844-4022-b55f-cb040720ebd9@group-8814426F656B-StateMachineUpdater: set stopIndex = 6
2020-06-06 05:16:31,014 [16c5f78f-17e9-4ae3-8c1c-bc00fdbfe39b@group-8814426F656B-StateMachineUpdater] INFO  ratis.ContainerStateMachine (ContainerStateMachine.java:takeSnapshot(299)) - group-8814426F656B: Finished taking a snapshot at:(t:1, i:6) file:/github/workspace/mnt/ozone/hadoop-ozone/integration-test/target/test-dir/MiniOzoneClusterImpl-e9c98d0f-e324-43f2-aa41-70e4df10ec43/datanode-5/data/ratis/a6a197c9-983a-457b-80f0-8814426f656b/sm/snapshot.1_6 time:4
2020-06-06 05:16:31,014 [16c5f78f-17e9-4ae3-8c1c-bc00fdbfe39b@group-8814426F656B-StateMachineUpdater] INFO  impl.StateMachineUpdater (StateMachineUpdater.java:takeSnapshot(277)) - 16c5f78f-17e9-4ae3-8c1c-bc00fdbfe39b@group-8814426F656B-StateMachineUpdater: Took a snapshot at index 6
2020-06-06 05:16:31,014 [16c5f78f-17e9-4ae3-8c1c-bc00fdbfe39b@group-8814426F656B-StateMachineUpdater] INFO  impl.StateMachineUpdater (StateMachineUpdater.java:lambda$new$0(87)) - 16c5f78f-17e9-4ae3-8c1c-bc00fdbfe39b@group-8814426F656B-StateMachineUpdater: snapshotIndex: updateIncreasingly -1 -> 6
2020-06-06 05:16:31,014 [16c5f78f-17e9-4ae3-8c1c-bc00fdbfe39b@group-8814426F656B-StateMachineUpdater] INFO  metrics.RatisMetrics (RatisMetrics.java:unregister(46)) - Unregistering Metrics Registry : ratis.state_machine.16c5f78f-17e9-4ae3-8c1c-bc00fdbfe39b@group-8814426F656B
2020-06-06 05:16:31,014 [Listener at 127.0.0.1/44133] INFO  impl.RaftServerImpl (ServerState.java:close(387)) - 16c5f78f-17e9-4ae3-8c1c-bc00fdbfe39b@group-8814426F656B: closes. applyIndex: 6
2020-06-06 05:16:31,016 [16c5f78f-17e9-4ae3-8c1c-bc00fdbfe39b@group-8814426F656B-SegmentedRaftLogWorker] INFO  segmented.SegmentedRaftLogWorker (SegmentedRaftLogWorker.java:run(321)) - 16c5f78f-17e9-4ae3-8c1c-bc00fdbfe39b@group-8814426F656B-SegmentedRaftLogWorker was interrupted, exiting. There are 0 tasks remaining in the queue.
2020-06-06 05:16:31,017 [1a49a296-5844-4022-b55f-cb040720ebd9@group-8814426F656B-StateMachineUpdater] INFO  ratis.ContainerStateMachine (ContainerStateMachine.java:takeSnapshot(299)) - group-8814426F656B: Finished taking a snapshot at:(t:1, i:6) file:/github/workspace/mnt/ozone/hadoop-ozone/integration-test/target/test-dir/MiniOzoneClusterImpl-e9c98d0f-e324-43f2-aa41-70e4df10ec43/datanode-3/data/ratis/a6a197c9-983a-457b-80f0-8814426f656b/sm/snapshot.1_6 time:4
2020-06-06 05:16:31,017 [Listener at 127.0.0.1/44133] INFO  segmented.SegmentedRaftLogWorker (SegmentedRaftLogWorker.java:close(229)) - 16c5f78f-17e9-4ae3-8c1c-bc00fdbfe39b@group-8814426F656B-SegmentedRaftLogWorker close()
2020-06-06 05:16:31,017 [1a49a296-5844-4022-b55f-cb040720ebd9@group-8814426F656B-StateMachineUpdater] INFO  impl.StateMachineUpdater (StateMachineUpdater.java:takeSnapshot(277)) - 1a49a296-5844-4022-b55f-cb040720ebd9@group-8814426F656B-StateMachineUpdater: Took a snapshot at index 6
2020-06-06 05:16:31,017 [1a49a296-5844-4022-b55f-cb040720ebd9@group-8814426F656B-StateMachineUpdater] INFO  impl.StateMachineUpdater (StateMachineUpdater.java:lambda$new$0(87)) - 1a49a296-5844-4022-b55f-cb040720ebd9@group-8814426F656B-StateMachineUpdater: snapshotIndex: updateIncreasingly -1 -> 6
2020-06-06 05:16:31,017 [1a49a296-5844-4022-b55f-cb040720ebd9@group-8814426F656B-StateMachineUpdater] INFO  metrics.RatisMetrics (RatisMetrics.java:unregister(46)) - Unregistering Metrics Registry : ratis.state_machine.1a49a296-5844-4022-b55f-cb040720ebd9@group-8814426F656B
2020-06-06 05:16:31,017 [ForkJoinPool.commonPool-worker-0] INFO  impl.RaftServerImpl (ServerState.java:close(387)) - 1a49a296-5844-4022-b55f-cb040720ebd9@group-8814426F656B: closes. applyIndex: 6
2020-06-06 05:16:31,017 [1a49a296-5844-4022-b55f-cb040720ebd9@group-8814426F656B-SegmentedRaftLogWorker] INFO  segmented.SegmentedRaftLogWorker (SegmentedRaftLogWorker.java:run(321)) - 1a49a296-5844-4022-b55f-cb040720ebd9@group-8814426F656B-SegmentedRaftLogWorker was interrupted, exiting. There are 0 tasks remaining in the queue.
2020-06-06 05:16:31,018 [ForkJoinPool.commonPool-worker-0] INFO  segmented.SegmentedRaftLogWorker (SegmentedRaftLogWorker.java:close(229)) - 1a49a296-5844-4022-b55f-cb040720ebd9@group-8814426F656B-SegmentedRaftLogWorker close()
2020-06-06 05:16:31,019 [Listener at 127.0.0.1/44133] INFO  metrics.RatisMetrics (RatisMetrics.java:unregister(46)) - Unregistering Metrics Registry : ratis.log_worker.16c5f78f-17e9-4ae3-8c1c-bc00fdbfe39b
2020-06-06 05:16:31,019 [Listener at 127.0.0.1/44133] INFO  metrics.RatisMetrics (RatisMetrics.java:unregister(46)) - Unregistering Metrics Registry : ratis.leader_election.16c5f78f-17e9-4ae3-8c1c-bc00fdbfe39b@group-8814426F656B
2020-06-06 05:16:31,019 [Listener at 127.0.0.1/44133] INFO  metrics.RatisMetrics (RatisMetrics.java:unregister(46)) - Unregistering Metrics Registry : ratis.server.16c5f78f-17e9-4ae3-8c1c-bc00fdbfe39b@group-8814426F656B
2020-06-06 05:16:31,019 [Listener at 127.0.0.1/44133] INFO  server.GrpcService (GrpcService.java:closeImpl(165)) - 16c5f78f-17e9-4ae3-8c1c-bc00fdbfe39b: shutdown server with port 33655 now
2020-06-06 05:16:31,020 [ForkJoinPool.commonPool-worker-0] INFO  metrics.RatisMetrics (RatisMetrics.java:unregister(46)) - Unregistering Metrics Registry : ratis.log_worker.1a49a296-5844-4022-b55f-cb040720ebd9
2020-06-06 05:16:31,020 [ForkJoinPool.commonPool-worker-0] INFO  metrics.RatisMetrics (RatisMetrics.java:unregister(46)) - Unregistering Metrics Registry : ratis.leader_election.1a49a296-5844-4022-b55f-cb040720ebd9@group-8814426F656B
2020-06-06 05:16:31,020 [ForkJoinPool.commonPool-worker-0] INFO  metrics.RatisMetrics (RatisMetrics.java:unregister(46)) - Unregistering Metrics Registry : ratis.server.1a49a296-5844-4022-b55f-cb040720ebd9@group-8814426F656B
2020-06-06 05:16:31,020 [ForkJoinPool.commonPool-worker-0] INFO  server.GrpcService (GrpcService.java:closeImpl(165)) - 1a49a296-5844-4022-b55f-cb040720ebd9: shutdown server with port 44811 now
2020-06-06 05:16:31,020 [Listener at 127.0.0.1/44133] INFO  server.GrpcService (GrpcService.java:closeImpl(173)) - 16c5f78f-17e9-4ae3-8c1c-bc00fdbfe39b: shutdown server with port 33655 successfully
2020-06-06 05:16:31,022 [ForkJoinPool.commonPool-worker-0] INFO  server.GrpcService (GrpcService.java:closeImpl(173)) - 1a49a296-5844-4022-b55f-cb040720ebd9: shutdown server with port 44811 successfully
2020-06-06 05:16:31,022 [grpc-default-executor-0] WARN  client.GrpcClientProtocolService (LogUtils.java:warn(122)) - 1-UnorderedRequestStreamObserver1: onError: org.apache.ratis.thirdparty.io.grpc.StatusRuntimeException: CANCELLED: cancelled before receiving half close
2020-06-06 05:16:31,023 [Listener at 127.0.0.1/44133] INFO  utils.BackgroundService (BackgroundService.java:shutdown(157)) - Shutting down service BlockDeletingService
2020-06-06 05:16:31,024 [ForkJoinPool.commonPool-worker-0] INFO  utils.BackgroundService (BackgroundService.java:shutdown(157)) - Shutting down service BlockDeletingService
2020-06-06 05:16:31,026 [Listener at 127.0.0.1/44133] INFO  statemachine.DatanodeStateMachine (DatanodeStateMachine.java:stopDaemon(428)) - Ozone container server stopped.
2020-06-06 05:16:31,027 [Listener at 127.0.0.1/44133] INFO  handler.ContextHandler (ContextHandler.java:doStop(1016)) - Stopped o.e.j.w.WebAppContext@330024ec{hddsDatanode,/,null,UNAVAILABLE}{jar:file:/home/user/.m2/repository/org/apache/hadoop/hadoop-hdds-container-service/0.6.0-SNAPSHOT/hadoop-hdds-container-service-0.6.0-SNAPSHOT.jar!/webapps/hddsDatanode}
2020-06-06 05:16:31,028 [Listener at 127.0.0.1/44133] INFO  server.AbstractConnector (AbstractConnector.java:doStop(380)) - Stopped ServerConnector@57305173{HTTP/1.1,[http/1.1]}{0.0.0.0:0}
2020-06-06 05:16:31,028 [Listener at 127.0.0.1/44133] INFO  server.session (HouseKeeper.java:stopScavenging(158)) - node0 Stopped scavenging
2020-06-06 05:16:31,028 [Listener at 127.0.0.1/44133] INFO  handler.ContextHandler (ContextHandler.java:doStop(1016)) - Stopped o.e.j.s.ServletContextHandler@77c2f96b{static,/static,jar:file:/home/user/.m2/repository/org/apache/hadoop/hadoop-hdds-container-service/0.6.0-SNAPSHOT/hadoop-hdds-container-service-0.6.0-SNAPSHOT.jar!/webapps/static,UNAVAILABLE}
2020-06-06 05:16:31,028 [Listener at 127.0.0.1/44133] INFO  handler.ContextHandler (ContextHandler.java:doStop(1016)) - Stopped o.e.j.s.ServletContextHandler@452bbe86{logs,/logs,file:///github/workspace/mnt/ozone/hadoop-ozone/integration-test/target/log,UNAVAILABLE}
2020-06-06 05:16:31,029 [ForkJoinPool.commonPool-worker-0] INFO  statemachine.DatanodeStateMachine (DatanodeStateMachine.java:stopDaemon(428)) - Ozone container server stopped.
2020-06-06 05:16:31,032 [ForkJoinPool.commonPool-worker-0] INFO  handler.ContextHandler (ContextHandler.java:doStop(1016)) - Stopped o.e.j.w.WebAppContext@38b457ab{hddsDatanode,/,null,UNAVAILABLE}{jar:file:/home/user/.m2/repository/org/apache/hadoop/hadoop-hdds-container-service/0.6.0-SNAPSHOT/hadoop-hdds-container-service-0.6.0-SNAPSHOT.jar!/webapps/hddsDatanode}
2020-06-06 05:16:31,032 [ForkJoinPool.commonPool-worker-0] INFO  server.AbstractConnector (AbstractConnector.java:doStop(380)) - Stopped ServerConnector@56b37dfc{HTTP/1.1,[http/1.1]}{0.0.0.0:0}
2020-06-06 05:16:31,032 [ForkJoinPool.commonPool-worker-0] INFO  server.session (HouseKeeper.java:stopScavenging(158)) - node0 Stopped scavenging
2020-06-06 05:16:31,033 [ForkJoinPool.commonPool-worker-0] INFO  handler.ContextHandler (ContextHandler.java:doStop(1016)) - Stopped o.e.j.s.ServletContextHandler@5c4117c0{static,/static,jar:file:/home/user/.m2/repository/org/apache/hadoop/hadoop-hdds-container-service/0.6.0-SNAPSHOT/hadoop-hdds-container-service-0.6.0-SNAPSHOT.jar!/webapps/static,UNAVAILABLE}
2020-06-06 05:16:31,034 [ForkJoinPool.commonPool-worker-0] INFO  handler.ContextHandler (ContextHandler.java:doStop(1016)) - Stopped o.e.j.s.ServletContextHandler@3b58a6a0{logs,/logs,file:///github/workspace/mnt/ozone/hadoop-ozone/integration-test/target/log,UNAVAILABLE}
2020-06-06 05:16:31,116 [Datanode State Machine Thread - 0] INFO  statemachine.DatanodeStateMachine (DatanodeStateMachine.java:lambda$startDaemon$0(380)) - Ozone container server started.
2020-06-06 05:16:31,403 [grpc-default-executor-4] WARN  server.GrpcLogAppender (LogUtils.java:warn(122)) - bac48e61-09da-4d4a-9cda-de1b5303032b@group-308F7357FED9->dfea1794-fda5-4e0a-86f7-27bb8c5952a1-AppendLogResponseHandler: Failed appendEntries: org.apache.ratis.thirdparty.io.grpc.StatusRuntimeException: UNAVAILABLE: io exception
2020-06-06 05:16:31,404 [grpc-default-executor-4] INFO  impl.FollowerInfo (FollowerInfo.java:lambda$new$0(50)) - bac48e61-09da-4d4a-9cda-de1b5303032b@group-308F7357FED9->dfea1794-fda5-4e0a-86f7-27bb8c5952a1: nextIndex: updateUnconditionally 9 -> 8
2020-06-06 05:16:31,404 [grpc-default-executor-4] WARN  server.GrpcLogAppender (LogUtils.java:warn(122)) - bac48e61-09da-4d4a-9cda-de1b5303032b@group-308F7357FED9->5414add9-8f52-42f4-bc0e-5ee16c82ee52-AppendLogResponseHandler: Failed appendEntries: org.apache.ratis.thirdparty.io.grpc.StatusRuntimeException: UNAVAILABLE: io exception
2020-06-06 05:16:31,405 [grpc-default-executor-4] INFO  impl.FollowerInfo (FollowerInfo.java:lambda$new$0(50)) - bac48e61-09da-4d4a-9cda-de1b5303032b@group-308F7357FED9->5414add9-8f52-42f4-bc0e-5ee16c82ee52: nextIndex: updateUnconditionally 1 -> 0
2020-06-06 05:16:31,907 [grpc-default-executor-0] WARN  server.GrpcLogAppender (LogUtils.java:warn(122)) - bac48e61-09da-4d4a-9cda-de1b5303032b@group-308F7357FED9->5414add9-8f52-42f4-bc0e-5ee16c82ee52-AppendLogResponseHandler: Failed appendEntries: org.apache.ratis.thirdparty.io.grpc.StatusRuntimeException: UNAVAILABLE: io exception
2020-06-06 05:16:31,908 [grpc-default-executor-0] INFO  impl.FollowerInfo (FollowerInfo.java:lambda$new$0(50)) - bac48e61-09da-4d4a-9cda-de1b5303032b@group-308F7357FED9->5414add9-8f52-42f4-bc0e-5ee16c82ee52: nextIndex: updateUnconditionally 1 -> 0
2020-06-06 05:16:31,909 [grpc-default-executor-0] WARN  server.GrpcLogAppender (LogUtils.java:warn(122)) - bac48e61-09da-4d4a-9cda-de1b5303032b@group-308F7357FED9->dfea1794-fda5-4e0a-86f7-27bb8c5952a1-AppendLogResponseHandler: Failed appendEntries: org.apache.ratis.thirdparty.io.grpc.StatusRuntimeException: UNAVAILABLE: io exception
2020-06-06 05:16:31,909 [grpc-default-executor-0] INFO  impl.FollowerInfo (FollowerInfo.java:lambda$new$0(50)) - bac48e61-09da-4d4a-9cda-de1b5303032b@group-308F7357FED9->dfea1794-fda5-4e0a-86f7-27bb8c5952a1: nextIndex: updateUnconditionally 9 -> 8
2020-06-06 05:16:31,942 [Datanode State Machine Thread - 0] INFO  statemachine.DatanodeStateMachine (DatanodeStateMachine.java:lambda$startDaemon$0(380)) - Ozone container server started.
2020-06-06 05:16:32,105 [Thread-350] INFO  impl.FollowerState (FollowerState.java:run(108)) - 6b1e40fd-b271-4671-bc2e-69bde6106f78@group-8814426F656B-FollowerState: change to CANDIDATE, lastRpcTime:1122ms, electionTimeout:1042ms
2020-06-06 05:16:32,106 [Thread-350] INFO  impl.RoleInfo (RoleInfo.java:shutdownFollowerState(121)) - 6b1e40fd-b271-4671-bc2e-69bde6106f78: shutdown FollowerState
2020-06-06 05:16:32,106 [Thread-350] INFO  impl.RaftServerImpl (RaftServerImpl.java:setRole(173)) - 6b1e40fd-b271-4671-bc2e-69bde6106f78@group-8814426F656B: changes role from  FOLLOWER to CANDIDATE at term 1 for changeToCandidate
2020-06-06 05:16:32,106 [Thread-350] INFO  impl.RoleInfo (RoleInfo.java:updateAndGet(143)) - 6b1e40fd-b271-4671-bc2e-69bde6106f78: start LeaderElection
2020-06-06 05:16:32,107 [6b1e40fd-b271-4671-bc2e-69bde6106f78@group-8814426F656B-LeaderElection22] INFO  impl.RaftServerImpl (ServerState.java:setLeader(255)) - 6b1e40fd-b271-4671-bc2e-69bde6106f78@group-8814426F656B: change Leader from 1a49a296-5844-4022-b55f-cb040720ebd9 to null at term 1 for initElection
2020-06-06 05:16:32,109 [6b1e40fd-b271-4671-bc2e-69bde6106f78@group-8814426F656B-LeaderElection22] INFO  impl.LeaderElection (LeaderElection.java:askForVotes(206)) - 6b1e40fd-b271-4671-bc2e-69bde6106f78@group-8814426F656B-LeaderElection22: begin an election at term 2 for 0: [16c5f78f-17e9-4ae3-8c1c-bc00fdbfe39b:172.17.0.2:33655, 6b1e40fd-b271-4671-bc2e-69bde6106f78:172.17.0.2:40049, 1a49a296-5844-4022-b55f-cb040720ebd9:172.17.0.2:44811], old=null
2020-06-06 05:16:32,113 [6b1e40fd-b271-4671-bc2e-69bde6106f78@group-8814426F656B-LeaderElection22] INFO  impl.LeaderElection (LogUtils.java:infoOrTrace(137)) - 6b1e40fd-b271-4671-bc2e-69bde6106f78@group-8814426F656B-LeaderElection22 got exception when requesting votes: java.util.concurrent.ExecutionException: org.apache.ratis.thirdparty.io.grpc.StatusRuntimeException: UNAVAILABLE: io exception
2020-06-06 05:16:32,115 [6b1e40fd-b271-4671-bc2e-69bde6106f78@group-8814426F656B-LeaderElection22] INFO  impl.LeaderElection (LogUtils.java:infoOrTrace(137)) - 6b1e40fd-b271-4671-bc2e-69bde6106f78@group-8814426F656B-LeaderElection22 got exception when requesting votes: java.util.concurrent.ExecutionException: org.apache.ratis.thirdparty.io.grpc.StatusRuntimeException: UNAVAILABLE: io exception
2020-06-06 05:16:32,115 [6b1e40fd-b271-4671-bc2e-69bde6106f78@group-8814426F656B-LeaderElection22] INFO  impl.LeaderElection (LeaderElection.java:logAndReturn(61)) - 6b1e40fd-b271-4671-bc2e-69bde6106f78@group-8814426F656B-LeaderElection22: Election REJECTED; received 0 response(s) [] and 2 exception(s); 6b1e40fd-b271-4671-bc2e-69bde6106f78@group-8814426F656B:t2, leader=null, voted=6b1e40fd-b271-4671-bc2e-69bde6106f78, raftlog=6b1e40fd-b271-4671-bc2e-69bde6106f78@group-8814426F656B-SegmentedRaftLog:OPENED:c6,f6,i6, conf=0: [16c5f78f-17e9-4ae3-8c1c-bc00fdbfe39b:172.17.0.2:33655, 6b1e40fd-b271-4671-bc2e-69bde6106f78:172.17.0.2:40049, 1a49a296-5844-4022-b55f-cb040720ebd9:172.17.0.2:44811], old=null
2020-06-06 05:16:32,115 [6b1e40fd-b271-4671-bc2e-69bde6106f78@group-8814426F656B-LeaderElection22] INFO  impl.LeaderElection (LogUtils.java:infoOrTrace(137)) -   Exception 0: java.util.concurrent.ExecutionException: org.apache.ratis.thirdparty.io.grpc.StatusRuntimeException: UNAVAILABLE: io exception
2020-06-06 05:16:32,115 [6b1e40fd-b271-4671-bc2e-69bde6106f78@group-8814426F656B-LeaderElection22] INFO  impl.LeaderElection (LogUtils.java:infoOrTrace(137)) -   Exception 1: java.util.concurrent.ExecutionException: org.apache.ratis.thirdparty.io.grpc.StatusRuntimeException: UNAVAILABLE: io exception
2020-06-06 05:16:32,115 [6b1e40fd-b271-4671-bc2e-69bde6106f78@group-8814426F656B-LeaderElection22] INFO  impl.RaftServerImpl (RaftServerImpl.java:setRole(173)) - 6b1e40fd-b271-4671-bc2e-69bde6106f78@group-8814426F656B: changes role from CANDIDATE to FOLLOWER at term 2 for DISCOVERED_A_NEW_TERM
2020-06-06 05:16:32,116 [6b1e40fd-b271-4671-bc2e-69bde6106f78@group-8814426F656B-LeaderElection22] INFO  impl.RoleInfo (RoleInfo.java:shutdownLeaderElection(134)) - 6b1e40fd-b271-4671-bc2e-69bde6106f78: shutdown LeaderElection
2020-06-06 05:16:32,116 [6b1e40fd-b271-4671-bc2e-69bde6106f78@group-8814426F656B-LeaderElection22] INFO  impl.RoleInfo (RoleInfo.java:updateAndGet(143)) - 6b1e40fd-b271-4671-bc2e-69bde6106f78: start FollowerState
2020-06-06 05:16:32,408 [grpc-default-executor-1] WARN  server.GrpcLogAppender (LogUtils.java:warn(122)) - bac48e61-09da-4d4a-9cda-de1b5303032b@group-308F7357FED9->dfea1794-fda5-4e0a-86f7-27bb8c5952a1-AppendLogResponseHandler: Failed appendEntries: org.apache.ratis.thirdparty.io.grpc.StatusRuntimeException: UNAVAILABLE: io exception
2020-06-06 05:16:32,409 [grpc-default-executor-1] INFO  impl.FollowerInfo (FollowerInfo.java:lambda$new$0(50)) - bac48e61-09da-4d4a-9cda-de1b5303032b@group-308F7357FED9->dfea1794-fda5-4e0a-86f7-27bb8c5952a1: nextIndex: updateUnconditionally 9 -> 8
2020-06-06 05:16:32,409 [grpc-default-executor-0] WARN  server.GrpcLogAppender (LogUtils.java:warn(122)) - bac48e61-09da-4d4a-9cda-de1b5303032b@group-308F7357FED9->5414add9-8f52-42f4-bc0e-5ee16c82ee52-AppendLogResponseHandler: Failed appendEntries: org.apache.ratis.thirdparty.io.grpc.StatusRuntimeException: UNAVAILABLE: io exception
2020-06-06 05:16:32,409 [grpc-default-executor-0] INFO  impl.FollowerInfo (FollowerInfo.java:lambda$new$0(50)) - bac48e61-09da-4d4a-9cda-de1b5303032b@group-308F7357FED9->5414add9-8f52-42f4-bc0e-5ee16c82ee52: nextIndex: updateUnconditionally 1 -> 0
2020-06-06 05:16:32,910 [grpc-default-executor-0] WARN  server.GrpcLogAppender (LogUtils.java:warn(122)) - bac48e61-09da-4d4a-9cda-de1b5303032b@group-308F7357FED9->dfea1794-fda5-4e0a-86f7-27bb8c5952a1-AppendLogResponseHandler: Failed appendEntries: org.apache.ratis.thirdparty.io.grpc.StatusRuntimeException: UNAVAILABLE: io exception
2020-06-06 05:16:32,911 [grpc-default-executor-0] INFO  impl.FollowerInfo (FollowerInfo.java:lambda$new$0(50)) - bac48e61-09da-4d4a-9cda-de1b5303032b@group-308F7357FED9->dfea1794-fda5-4e0a-86f7-27bb8c5952a1: nextIndex: updateUnconditionally 9 -> 8
2020-06-06 05:16:32,911 [grpc-default-executor-4] WARN  server.GrpcLogAppender (LogUtils.java:warn(122)) - bac48e61-09da-4d4a-9cda-de1b5303032b@group-308F7357FED9->5414add9-8f52-42f4-bc0e-5ee16c82ee52-AppendLogResponseHandler: Failed appendEntries: org.apache.ratis.thirdparty.io.grpc.StatusRuntimeException: UNAVAILABLE: io exception
2020-06-06 05:16:32,911 [grpc-default-executor-4] INFO  impl.FollowerInfo (FollowerInfo.java:lambda$new$0(50)) - bac48e61-09da-4d4a-9cda-de1b5303032b@group-308F7357FED9->5414add9-8f52-42f4-bc0e-5ee16c82ee52: nextIndex: updateUnconditionally 1 -> 0
2020-06-06 05:16:33,189 [Thread-736] INFO  impl.FollowerState (FollowerState.java:run(108)) - 6b1e40fd-b271-4671-bc2e-69bde6106f78@group-8814426F656B-FollowerState: change to CANDIDATE, lastRpcTime:1073ms, electionTimeout:1071ms
2020-06-06 05:16:33,189 [Thread-736] INFO  impl.RoleInfo (RoleInfo.java:shutdownFollowerState(121)) - 6b1e40fd-b271-4671-bc2e-69bde6106f78: shutdown FollowerState
2020-06-06 05:16:33,189 [Thread-736] INFO  impl.RaftServerImpl (RaftServerImpl.java:setRole(173)) - 6b1e40fd-b271-4671-bc2e-69bde6106f78@group-8814426F656B: changes role from  FOLLOWER to CANDIDATE at term 2 for changeToCandidate
2020-06-06 05:16:33,189 [Thread-736] INFO  impl.RoleInfo (RoleInfo.java:updateAndGet(143)) - 6b1e40fd-b271-4671-bc2e-69bde6106f78: start LeaderElection
2020-06-06 05:16:33,193 [6b1e40fd-b271-4671-bc2e-69bde6106f78@group-8814426F656B-LeaderElection23] INFO  impl.LeaderElection (LeaderElection.java:askForVotes(206)) - 6b1e40fd-b271-4671-bc2e-69bde6106f78@group-8814426F656B-LeaderElection23: begin an election at term 3 for 0: [16c5f78f-17e9-4ae3-8c1c-bc00fdbfe39b:172.17.0.2:33655, 6b1e40fd-b271-4671-bc2e-69bde6106f78:172.17.0.2:40049, 1a49a296-5844-4022-b55f-cb040720ebd9:172.17.0.2:44811], old=null
2020-06-06 05:16:33,197 [6b1e40fd-b271-4671-bc2e-69bde6106f78@group-8814426F656B-LeaderElection23] INFO  impl.LeaderElection (LogUtils.java:infoOrTrace(137)) - 6b1e40fd-b271-4671-bc2e-69bde6106f78@group-8814426F656B-LeaderElection23 got exception when requesting votes: java.util.concurrent.ExecutionException: org.apache.ratis.thirdparty.io.grpc.StatusRuntimeException: UNAVAILABLE: io exception
2020-06-06 05:16:33,197 [6b1e40fd-b271-4671-bc2e-69bde6106f78@group-8814426F656B-LeaderElection23] INFO  impl.LeaderElection (LogUtils.java:infoOrTrace(137)) - 6b1e40fd-b271-4671-bc2e-69bde6106f78@group-8814426F656B-LeaderElection23 got exception when requesting votes: java.util.concurrent.ExecutionException: org.apache.ratis.thirdparty.io.grpc.StatusRuntimeException: UNAVAILABLE: io exception
2020-06-06 05:16:33,197 [6b1e40fd-b271-4671-bc2e-69bde6106f78@group-8814426F656B-LeaderElection23] INFO  impl.LeaderElection (LeaderElection.java:logAndReturn(61)) - 6b1e40fd-b271-4671-bc2e-69bde6106f78@group-8814426F656B-LeaderElection23: Election REJECTED; received 0 response(s) [] and 2 exception(s); 6b1e40fd-b271-4671-bc2e-69bde6106f78@group-8814426F656B:t3, leader=null, voted=6b1e40fd-b271-4671-bc2e-69bde6106f78, raftlog=6b1e40fd-b271-4671-bc2e-69bde6106f78@group-8814426F656B-SegmentedRaftLog:OPENED:c6,f6,i6, conf=0: [16c5f78f-17e9-4ae3-8c1c-bc00fdbfe39b:172.17.0.2:33655, 6b1e40fd-b271-4671-bc2e-69bde6106f78:172.17.0.2:40049, 1a49a296-5844-4022-b55f-cb040720ebd9:172.17.0.2:44811], old=null
2020-06-06 05:16:33,197 [6b1e40fd-b271-4671-bc2e-69bde6106f78@group-8814426F656B-LeaderElection23] INFO  impl.LeaderElection (LogUtils.java:infoOrTrace(137)) -   Exception 0: java.util.concurrent.ExecutionException: org.apache.ratis.thirdparty.io.grpc.StatusRuntimeException: UNAVAILABLE: io exception
2020-06-06 05:16:33,197 [6b1e40fd-b271-4671-bc2e-69bde6106f78@group-8814426F656B-LeaderElection23] INFO  impl.LeaderElection (LogUtils.java:infoOrTrace(137)) -   Exception 1: java.util.concurrent.ExecutionException: org.apache.ratis.thirdparty.io.grpc.StatusRuntimeException: UNAVAILABLE: io exception
2020-06-06 05:16:33,197 [6b1e40fd-b271-4671-bc2e-69bde6106f78@group-8814426F656B-LeaderElection23] INFO  impl.RaftServerImpl (RaftServerImpl.java:setRole(173)) - 6b1e40fd-b271-4671-bc2e-69bde6106f78@group-8814426F656B: changes role from CANDIDATE to FOLLOWER at term 3 for DISCOVERED_A_NEW_TERM
2020-06-06 05:16:33,197 [6b1e40fd-b271-4671-bc2e-69bde6106f78@group-8814426F656B-LeaderElection23] INFO  impl.RoleInfo (RoleInfo.java:shutdownLeaderElection(134)) - 6b1e40fd-b271-4671-bc2e-69bde6106f78: shutdown LeaderElection
2020-06-06 05:16:33,197 [6b1e40fd-b271-4671-bc2e-69bde6106f78@group-8814426F656B-LeaderElection23] INFO  impl.RoleInfo (RoleInfo.java:updateAndGet(143)) - 6b1e40fd-b271-4671-bc2e-69bde6106f78: start FollowerState
2020-06-06 05:16:33,413 [grpc-default-executor-0] WARN  server.GrpcLogAppender (LogUtils.java:warn(122)) - bac48e61-09da-4d4a-9cda-de1b5303032b@group-308F7357FED9->5414add9-8f52-42f4-bc0e-5ee16c82ee52-AppendLogResponseHandler: Failed appendEntries: org.apache.ratis.thirdparty.io.grpc.StatusRuntimeException: UNAVAILABLE: io exception
2020-06-06 05:16:33,414 [grpc-default-executor-0] INFO  impl.FollowerInfo (FollowerInfo.java:lambda$new$0(50)) - bac48e61-09da-4d4a-9cda-de1b5303032b@group-308F7357FED9->5414add9-8f52-42f4-bc0e-5ee16c82ee52: nextIndex: updateUnconditionally 1 -> 0
2020-06-06 05:16:33,416 [grpc-default-executor-0] WARN  server.GrpcLogAppender (LogUtils.java:warn(122)) - bac48e61-09da-4d4a-9cda-de1b5303032b@group-308F7357FED9->dfea1794-fda5-4e0a-86f7-27bb8c5952a1-AppendLogResponseHandler: Failed appendEntries: org.apache.ratis.thirdparty.io.grpc.StatusRuntimeException: UNAVAILABLE: io exception
2020-06-06 05:16:33,417 [grpc-default-executor-0] INFO  impl.FollowerInfo (FollowerInfo.java:lambda$new$0(50)) - bac48e61-09da-4d4a-9cda-de1b5303032b@group-308F7357FED9->dfea1794-fda5-4e0a-86f7-27bb8c5952a1: nextIndex: updateUnconditionally 9 -> 8
2020-06-06 05:16:33,915 [grpc-default-executor-0] WARN  server.GrpcLogAppender (LogUtils.java:warn(122)) - bac48e61-09da-4d4a-9cda-de1b5303032b@group-308F7357FED9->5414add9-8f52-42f4-bc0e-5ee16c82ee52-AppendLogResponseHandler: Failed appendEntries: org.apache.ratis.thirdparty.io.grpc.StatusRuntimeException: UNAVAILABLE: io exception
2020-06-06 05:16:33,916 [grpc-default-executor-0] INFO  impl.FollowerInfo (FollowerInfo.java:lambda$new$0(50)) - bac48e61-09da-4d4a-9cda-de1b5303032b@group-308F7357FED9->5414add9-8f52-42f4-bc0e-5ee16c82ee52: nextIndex: updateUnconditionally 1 -> 0
2020-06-06 05:16:33,916 [grpc-default-executor-4] WARN  server.GrpcLogAppender (LogUtils.java:warn(122)) - bac48e61-09da-4d4a-9cda-de1b5303032b@group-308F7357FED9->dfea1794-fda5-4e0a-86f7-27bb8c5952a1-AppendLogResponseHandler: Failed appendEntries: org.apache.ratis.thirdparty.io.grpc.StatusRuntimeException: UNAVAILABLE: io exception
2020-06-06 05:16:33,916 [grpc-default-executor-4] INFO  impl.FollowerInfo (FollowerInfo.java:lambda$new$0(50)) - bac48e61-09da-4d4a-9cda-de1b5303032b@group-308F7357FED9->dfea1794-fda5-4e0a-86f7-27bb8c5952a1: nextIndex: updateUnconditionally 9 -> 8
2020-06-06 05:16:34,205 [Thread-744] INFO  impl.FollowerState (FollowerState.java:run(108)) - 6b1e40fd-b271-4671-bc2e-69bde6106f78@group-8814426F656B-FollowerState: change to CANDIDATE, lastRpcTime:1007ms, electionTimeout:1007ms
2020-06-06 05:16:34,205 [Thread-744] INFO  impl.RoleInfo (RoleInfo.java:shutdownFollowerState(121)) - 6b1e40fd-b271-4671-bc2e-69bde6106f78: shutdown FollowerState
2020-06-06 05:16:34,205 [Thread-744] INFO  impl.RaftServerImpl (RaftServerImpl.java:setRole(173)) - 6b1e40fd-b271-4671-bc2e-69bde6106f78@group-8814426F656B: changes role from  FOLLOWER to CANDIDATE at term 3 for changeToCandidate
2020-06-06 05:16:34,206 [Thread-744] INFO  impl.RoleInfo (RoleInfo.java:updateAndGet(143)) - 6b1e40fd-b271-4671-bc2e-69bde6106f78: start LeaderElection
2020-06-06 05:16:34,208 [6b1e40fd-b271-4671-bc2e-69bde6106f78@group-8814426F656B-LeaderElection24] INFO  impl.LeaderElection (LeaderElection.java:askForVotes(206)) - 6b1e40fd-b271-4671-bc2e-69bde6106f78@group-8814426F656B-LeaderElection24: begin an election at term 4 for 0: [16c5f78f-17e9-4ae3-8c1c-bc00fdbfe39b:172.17.0.2:33655, 6b1e40fd-b271-4671-bc2e-69bde6106f78:172.17.0.2:40049, 1a49a296-5844-4022-b55f-cb040720ebd9:172.17.0.2:44811], old=null
2020-06-06 05:16:34,209 [6b1e40fd-b271-4671-bc2e-69bde6106f78@group-8814426F656B-LeaderElection24] INFO  impl.LeaderElection (LogUtils.java:infoOrTrace(137)) - 6b1e40fd-b271-4671-bc2e-69bde6106f78@group-8814426F656B-LeaderElection24 got exception when requesting votes: java.util.concurrent.ExecutionException: org.apache.ratis.thirdparty.io.grpc.StatusRuntimeException: UNAVAILABLE: io exception
2020-06-06 05:16:34,209 [6b1e40fd-b271-4671-bc2e-69bde6106f78@group-8814426F656B-LeaderElection24] INFO  impl.LeaderElection (LogUtils.java:infoOrTrace(137)) - 6b1e40fd-b271-4671-bc2e-69bde6106f78@group-8814426F656B-LeaderElection24 got exception when requesting votes: java.util.concurrent.ExecutionException: org.apache.ratis.thirdparty.io.grpc.StatusRuntimeException: UNAVAILABLE: io exception
2020-06-06 05:16:34,209 [6b1e40fd-b271-4671-bc2e-69bde6106f78@group-8814426F656B-LeaderElection24] INFO  impl.LeaderElection (LeaderElection.java:logAndReturn(61)) - 6b1e40fd-b271-4671-bc2e-69bde6106f78@group-8814426F656B-LeaderElection24: Election REJECTED; received 0 response(s) [] and 2 exception(s); 6b1e40fd-b271-4671-bc2e-69bde6106f78@group-8814426F656B:t4, leader=null, voted=6b1e40fd-b271-4671-bc2e-69bde6106f78, raftlog=6b1e40fd-b271-4671-bc2e-69bde6106f78@group-8814426F656B-SegmentedRaftLog:OPENED:c6,f6,i6, conf=0: [16c5f78f-17e9-4ae3-8c1c-bc00fdbfe39b:172.17.0.2:33655, 6b1e40fd-b271-4671-bc2e-69bde6106f78:172.17.0.2:40049, 1a49a296-5844-4022-b55f-cb040720ebd9:172.17.0.2:44811], old=null
2020-06-06 05:16:34,210 [6b1e40fd-b271-4671-bc2e-69bde6106f78@group-8814426F656B-LeaderElection24] INFO  impl.LeaderElection (LogUtils.java:infoOrTrace(137)) -   Exception 0: java.util.concurrent.ExecutionException: org.apache.ratis.thirdparty.io.grpc.StatusRuntimeException: UNAVAILABLE: io exception
2020-06-06 05:16:34,210 [6b1e40fd-b271-4671-bc2e-69bde6106f78@group-8814426F656B-LeaderElection24] INFO  impl.LeaderElection (LogUtils.java:infoOrTrace(137)) -   Exception 1: java.util.concurrent.ExecutionException: org.apache.ratis.thirdparty.io.grpc.StatusRuntimeException: UNAVAILABLE: io exception
2020-06-06 05:16:34,210 [6b1e40fd-b271-4671-bc2e-69bde6106f78@group-8814426F656B-LeaderElection24] INFO  impl.RaftServerImpl (RaftServerImpl.java:setRole(173)) - 6b1e40fd-b271-4671-bc2e-69bde6106f78@group-8814426F656B: changes role from CANDIDATE to FOLLOWER at term 4 for DISCOVERED_A_NEW_TERM
2020-06-06 05:16:34,210 [6b1e40fd-b271-4671-bc2e-69bde6106f78@group-8814426F656B-LeaderElection24] INFO  impl.RoleInfo (RoleInfo.java:shutdownLeaderElection(134)) - 6b1e40fd-b271-4671-bc2e-69bde6106f78: shutdown LeaderElection
2020-06-06 05:16:34,210 [6b1e40fd-b271-4671-bc2e-69bde6106f78@group-8814426F656B-LeaderElection24] INFO  impl.RoleInfo (RoleInfo.java:updateAndGet(143)) - 6b1e40fd-b271-4671-bc2e-69bde6106f78: start FollowerState
2020-06-06 05:16:34,420 [grpc-default-executor-0] WARN  server.GrpcLogAppender (LogUtils.java:warn(122)) - bac48e61-09da-4d4a-9cda-de1b5303032b@group-308F7357FED9->5414add9-8f52-42f4-bc0e-5ee16c82ee52-AppendLogResponseHandler: Failed appendEntries: org.apache.ratis.thirdparty.io.grpc.StatusRuntimeException: UNAVAILABLE: io exception
2020-06-06 05:16:34,421 [grpc-default-executor-0] INFO  impl.FollowerInfo (FollowerInfo.java:lambda$new$0(50)) - bac48e61-09da-4d4a-9cda-de1b5303032b@group-308F7357FED9->5414add9-8f52-42f4-bc0e-5ee16c82ee52: nextIndex: updateUnconditionally 1 -> 0
2020-06-06 05:16:34,420 [grpc-default-executor-4] WARN  server.GrpcLogAppender (LogUtils.java:warn(122)) - bac48e61-09da-4d4a-9cda-de1b5303032b@group-308F7357FED9->dfea1794-fda5-4e0a-86f7-27bb8c5952a1-AppendLogResponseHandler: Failed appendEntries: org.apache.ratis.thirdparty.io.grpc.StatusRuntimeException: UNAVAILABLE: io exception
2020-06-06 05:16:34,421 [grpc-default-executor-4] INFO  impl.FollowerInfo (FollowerInfo.java:lambda$new$0(50)) - bac48e61-09da-4d4a-9cda-de1b5303032b@group-308F7357FED9->dfea1794-fda5-4e0a-86f7-27bb8c5952a1: nextIndex: updateUnconditionally 9 -> 8
2020-06-06 05:16:34,922 [grpc-default-executor-1] WARN  server.GrpcLogAppender (LogUtils.java:warn(122)) - bac48e61-09da-4d4a-9cda-de1b5303032b@group-308F7357FED9->5414add9-8f52-42f4-bc0e-5ee16c82ee52-AppendLogResponseHandler: Failed appendEntries: org.apache.ratis.thirdparty.io.grpc.StatusRuntimeException: UNAVAILABLE: io exception
2020-06-06 05:16:34,923 [grpc-default-executor-1] INFO  impl.FollowerInfo (FollowerInfo.java:lambda$new$0(50)) - bac48e61-09da-4d4a-9cda-de1b5303032b@group-308F7357FED9->5414add9-8f52-42f4-bc0e-5ee16c82ee52: nextIndex: updateUnconditionally 1 -> 0
2020-06-06 05:16:34,924 [grpc-default-executor-1] WARN  server.GrpcLogAppender (LogUtils.java:warn(122)) - bac48e61-09da-4d4a-9cda-de1b5303032b@group-308F7357FED9->dfea1794-fda5-4e0a-86f7-27bb8c5952a1-AppendLogResponseHandler: Failed appendEntries: org.apache.ratis.thirdparty.io.grpc.StatusRuntimeException: UNAVAILABLE: io exception
2020-06-06 05:16:34,924 [grpc-default-executor-1] INFO  impl.FollowerInfo (FollowerInfo.java:lambda$new$0(50)) - bac48e61-09da-4d4a-9cda-de1b5303032b@group-308F7357FED9->dfea1794-fda5-4e0a-86f7-27bb8c5952a1: nextIndex: updateUnconditionally 9 -> 8
2020-06-06 05:16:35,263 [Thread-752] INFO  impl.FollowerState (FollowerState.java:run(108)) - 6b1e40fd-b271-4671-bc2e-69bde6106f78@group-8814426F656B-FollowerState: change to CANDIDATE, lastRpcTime:1053ms, electionTimeout:1053ms
2020-06-06 05:16:35,264 [Thread-752] INFO  impl.RoleInfo (RoleInfo.java:shutdownFollowerState(121)) - 6b1e40fd-b271-4671-bc2e-69bde6106f78: shutdown FollowerState
2020-06-06 05:16:35,264 [Thread-752] INFO  impl.RaftServerImpl (RaftServerImpl.java:setRole(173)) - 6b1e40fd-b271-4671-bc2e-69bde6106f78@group-8814426F656B: changes role from  FOLLOWER to CANDIDATE at term 4 for changeToCandidate
2020-06-06 05:16:35,264 [Thread-752] INFO  impl.RoleInfo (RoleInfo.java:updateAndGet(143)) - 6b1e40fd-b271-4671-bc2e-69bde6106f78: start LeaderElection
2020-06-06 05:16:35,267 [6b1e40fd-b271-4671-bc2e-69bde6106f78@group-8814426F656B-LeaderElection25] INFO  impl.LeaderElection (LeaderElection.java:askForVotes(206)) - 6b1e40fd-b271-4671-bc2e-69bde6106f78@group-8814426F656B-LeaderElection25: begin an election at term 5 for 0: [16c5f78f-17e9-4ae3-8c1c-bc00fdbfe39b:172.17.0.2:33655, 6b1e40fd-b271-4671-bc2e-69bde6106f78:172.17.0.2:40049, 1a49a296-5844-4022-b55f-cb040720ebd9:172.17.0.2:44811], old=null
2020-06-06 05:16:35,271 [6b1e40fd-b271-4671-bc2e-69bde6106f78@group-8814426F656B-LeaderElection25] INFO  impl.LeaderElection (LogUtils.java:infoOrTrace(137)) - 6b1e40fd-b271-4671-bc2e-69bde6106f78@group-8814426F656B-LeaderElection25 got exception when requesting votes: java.util.concurrent.ExecutionException: org.apache.ratis.thirdparty.io.grpc.StatusRuntimeException: UNAVAILABLE: io exception
2020-06-06 05:16:35,271 [6b1e40fd-b271-4671-bc2e-69bde6106f78@group-8814426F656B-LeaderElection25] INFO  impl.LeaderElection (LogUtils.java:infoOrTrace(137)) - 6b1e40fd-b271-4671-bc2e-69bde6106f78@group-8814426F656B-LeaderElection25 got exception when requesting votes: java.util.concurrent.ExecutionException: org.apache.ratis.thirdparty.io.grpc.StatusRuntimeException: UNAVAILABLE: io exception
2020-06-06 05:16:35,271 [6b1e40fd-b271-4671-bc2e-69bde6106f78@group-8814426F656B-LeaderElection25] INFO  impl.LeaderElection (LeaderElection.java:logAndReturn(61)) - 6b1e40fd-b271-4671-bc2e-69bde6106f78@group-8814426F656B-LeaderElection25: Election REJECTED; received 0 response(s) [] and 2 exception(s); 6b1e40fd-b271-4671-bc2e-69bde6106f78@group-8814426F656B:t5, leader=null, voted=6b1e40fd-b271-4671-bc2e-69bde6106f78, raftlog=6b1e40fd-b271-4671-bc2e-69bde6106f78@group-8814426F656B-SegmentedRaftLog:OPENED:c6,f6,i6, conf=0: [16c5f78f-17e9-4ae3-8c1c-bc00fdbfe39b:172.17.0.2:33655, 6b1e40fd-b271-4671-bc2e-69bde6106f78:172.17.0.2:40049, 1a49a296-5844-4022-b55f-cb040720ebd9:172.17.0.2:44811], old=null
2020-06-06 05:16:35,271 [6b1e40fd-b271-4671-bc2e-69bde6106f78@group-8814426F656B-LeaderElection25] INFO  impl.LeaderElection (LogUtils.java:infoOrTrace(137)) -   Exception 0: java.util.concurrent.ExecutionException: org.apache.ratis.thirdparty.io.grpc.StatusRuntimeException: UNAVAILABLE: io exception
2020-06-06 05:16:35,271 [6b1e40fd-b271-4671-bc2e-69bde6106f78@group-8814426F656B-LeaderElection25] INFO  impl.LeaderElection (LogUtils.java:infoOrTrace(137)) -   Exception 1: java.util.concurrent.ExecutionException: org.apache.ratis.thirdparty.io.grpc.StatusRuntimeException: UNAVAILABLE: io exception
2020-06-06 05:16:35,271 [6b1e40fd-b271-4671-bc2e-69bde6106f78@group-8814426F656B-LeaderElection25] INFO  impl.RaftServerImpl (RaftServerImpl.java:setRole(173)) - 6b1e40fd-b271-4671-bc2e-69bde6106f78@group-8814426F656B: changes role from CANDIDATE to FOLLOWER at term 5 for DISCOVERED_A_NEW_TERM
2020-06-06 05:16:35,272 [6b1e40fd-b271-4671-bc2e-69bde6106f78@group-8814426F656B-LeaderElection25] INFO  impl.RoleInfo (RoleInfo.java:shutdownLeaderElection(134)) - 6b1e40fd-b271-4671-bc2e-69bde6106f78: shutdown LeaderElection
2020-06-06 05:16:35,272 [6b1e40fd-b271-4671-bc2e-69bde6106f78@group-8814426F656B-LeaderElection25] INFO  impl.RoleInfo (RoleInfo.java:updateAndGet(143)) - 6b1e40fd-b271-4671-bc2e-69bde6106f78: start FollowerState
2020-06-06 05:16:35,426 [grpc-default-executor-0] WARN  server.GrpcLogAppender (LogUtils.java:warn(122)) - bac48e61-09da-4d4a-9cda-de1b5303032b@group-308F7357FED9->5414add9-8f52-42f4-bc0e-5ee16c82ee52-AppendLogResponseHandler: Failed appendEntries: org.apache.ratis.thirdparty.io.grpc.StatusRuntimeException: UNAVAILABLE: io exception
2020-06-06 05:16:35,427 [grpc-default-executor-4] WARN  server.GrpcLogAppender (LogUtils.java:warn(122)) - bac48e61-09da-4d4a-9cda-de1b5303032b@group-308F7357FED9->dfea1794-fda5-4e0a-86f7-27bb8c5952a1-AppendLogResponseHandler: Failed appendEntries: org.apache.ratis.thirdparty.io.grpc.StatusRuntimeException: UNAVAILABLE: io exception
2020-06-06 05:16:35,428 [grpc-default-executor-0] INFO  impl.FollowerInfo (FollowerInfo.java:lambda$new$0(50)) - bac48e61-09da-4d4a-9cda-de1b5303032b@group-308F7357FED9->5414add9-8f52-42f4-bc0e-5ee16c82ee52: nextIndex: updateUnconditionally 1 -> 0
2020-06-06 05:16:35,428 [grpc-default-executor-4] INFO  impl.FollowerInfo (FollowerInfo.java:lambda$new$0(50)) - bac48e61-09da-4d4a-9cda-de1b5303032b@group-308F7357FED9->dfea1794-fda5-4e0a-86f7-27bb8c5952a1: nextIndex: updateUnconditionally 9 -> 8
2020-06-06 05:16:35,935 [grpc-default-executor-1] WARN  server.GrpcLogAppender (LogUtils.java:warn(122)) - bac48e61-09da-4d4a-9cda-de1b5303032b@group-308F7357FED9->5414add9-8f52-42f4-bc0e-5ee16c82ee52-AppendLogResponseHandler: Failed appendEntries: org.apache.ratis.thirdparty.io.grpc.StatusRuntimeException: UNAVAILABLE: io exception
2020-06-06 05:16:35,935 [grpc-default-executor-1] INFO  impl.FollowerInfo (FollowerInfo.java:lambda$new$0(50)) - bac48e61-09da-4d4a-9cda-de1b5303032b@group-308F7357FED9->5414add9-8f52-42f4-bc0e-5ee16c82ee52: nextIndex: updateUnconditionally 1 -> 0
2020-06-06 05:16:35,935 [grpc-default-executor-0] WARN  server.GrpcLogAppender (LogUtils.java:warn(122)) - bac48e61-09da-4d4a-9cda-de1b5303032b@group-308F7357FED9->dfea1794-fda5-4e0a-86f7-27bb8c5952a1-AppendLogResponseHandler: Failed appendEntries: org.apache.ratis.thirdparty.io.grpc.StatusRuntimeException: UNAVAILABLE: io exception
2020-06-06 05:16:35,935 [grpc-default-executor-0] INFO  impl.FollowerInfo (FollowerInfo.java:lambda$new$0(50)) - bac48e61-09da-4d4a-9cda-de1b5303032b@group-308F7357FED9->dfea1794-fda5-4e0a-86f7-27bb8c5952a1: nextIndex: updateUnconditionally 9 -> 8
2020-06-06 05:16:36,030 [Listener at 127.0.0.1/44133] INFO  ozoneimpl.OzoneContainer (OzoneContainer.java:stop(246)) - Attempting to stop container services.
2020-06-06 05:16:36,030 [Listener at 127.0.0.1/44133] INFO  impl.RaftServerProxy (RaftServerProxy.java:lambda$close$4(314)) - 511a318d-fbb5-4d0b-a0f0-9021d224a603: close
2020-06-06 05:16:36,031 [Listener at 127.0.0.1/44133] INFO  impl.RaftServerImpl (RaftServerImpl.java:lambda$shutdown$3(250)) - 511a318d-fbb5-4d0b-a0f0-9021d224a603@group-613CF55C7BB1: shutdown
2020-06-06 05:16:36,031 [Listener at 127.0.0.1/44133] INFO  util.JmxRegister (JmxRegister.java:unregister(73)) - Successfully un-registered JMX Bean with object name Ratis:service=RaftServer,group=group-613CF55C7BB1,id=511a318d-fbb5-4d0b-a0f0-9021d224a603
2020-06-06 05:16:36,031 [Listener at 127.0.0.1/44133] INFO  impl.RoleInfo (RoleInfo.java:shutdownLeaderState(104)) - 511a318d-fbb5-4d0b-a0f0-9021d224a603: shutdown LeaderState
2020-06-06 05:16:36,031 [Listener at 127.0.0.1/44133] INFO  impl.PendingRequests (PendingRequests.java:sendNotLeaderResponses(242)) - 511a318d-fbb5-4d0b-a0f0-9021d224a603@group-613CF55C7BB1-PendingRequests: sendNotLeaderResponses
2020-06-06 05:16:36,032 [Listener at 127.0.0.1/44133] INFO  metrics.RatisMetrics (RatisMetrics.java:unregister(46)) - Unregistering Metrics Registry : ratis.log_appender.511a318d-fbb5-4d0b-a0f0-9021d224a603@group-613CF55C7BB1
2020-06-06 05:16:36,032 [Listener at 127.0.0.1/44133] INFO  impl.StateMachineUpdater (StateMachineUpdater.java:stopAndJoin(142)) - 511a318d-fbb5-4d0b-a0f0-9021d224a603@group-613CF55C7BB1-StateMachineUpdater: set stopIndex = 0
2020-06-06 05:16:36,032 [511a318d-fbb5-4d0b-a0f0-9021d224a603@group-613CF55C7BB1-StateMachineUpdater] INFO  ratis.ContainerStateMachine (ContainerStateMachine.java:takeSnapshot(288)) - group-613CF55C7BB1: Taking a snapshot at:(t:1, i:0) file /github/workspace/mnt/ozone/hadoop-ozone/integration-test/target/test-dir/MiniOzoneClusterImpl-e9c98d0f-e324-43f2-aa41-70e4df10ec43/datanode-6/data/ratis/7c3edca1-f15c-4e08-a491-613cf55c7bb1/sm/snapshot.1_0
2020-06-06 05:16:36,033 [511a318d-fbb5-4d0b-a0f0-9021d224a603@group-613CF55C7BB1-StateMachineUpdater] INFO  ratis.ContainerStateMachine (ContainerStateMachine.java:takeSnapshot(299)) - group-613CF55C7BB1: Finished taking a snapshot at:(t:1, i:0) file:/github/workspace/mnt/ozone/hadoop-ozone/integration-test/target/test-dir/MiniOzoneClusterImpl-e9c98d0f-e324-43f2-aa41-70e4df10ec43/datanode-6/data/ratis/7c3edca1-f15c-4e08-a491-613cf55c7bb1/sm/snapshot.1_0 time:1
2020-06-06 05:16:36,033 [511a318d-fbb5-4d0b-a0f0-9021d224a603@group-613CF55C7BB1-StateMachineUpdater] INFO  impl.StateMachineUpdater (StateMachineUpdater.java:takeSnapshot(277)) - 511a318d-fbb5-4d0b-a0f0-9021d224a603@group-613CF55C7BB1-StateMachineUpdater: Took a snapshot at index 0
2020-06-06 05:16:36,033 [511a318d-fbb5-4d0b-a0f0-9021d224a603@group-613CF55C7BB1-StateMachineUpdater] INFO  impl.StateMachineUpdater (StateMachineUpdater.java:lambda$new$0(87)) - 511a318d-fbb5-4d0b-a0f0-9021d224a603@group-613CF55C7BB1-StateMachineUpdater: snapshotIndex: updateIncreasingly -1 -> 0
2020-06-06 05:16:36,033 [511a318d-fbb5-4d0b-a0f0-9021d224a603@group-613CF55C7BB1-StateMachineUpdater] INFO  metrics.RatisMetrics (RatisMetrics.java:unregister(46)) - Unregistering Metrics Registry : ratis.state_machine.511a318d-fbb5-4d0b-a0f0-9021d224a603@group-613CF55C7BB1
2020-06-06 05:16:36,033 [Listener at 127.0.0.1/44133] INFO  impl.RaftServerImpl (ServerState.java:close(387)) - 511a318d-fbb5-4d0b-a0f0-9021d224a603@group-613CF55C7BB1: closes. applyIndex: 0
2020-06-06 05:16:36,034 [511a318d-fbb5-4d0b-a0f0-9021d224a603@group-613CF55C7BB1-SegmentedRaftLogWorker] INFO  segmented.SegmentedRaftLogWorker (SegmentedRaftLogWorker.java:run(321)) - 511a318d-fbb5-4d0b-a0f0-9021d224a603@group-613CF55C7BB1-SegmentedRaftLogWorker was interrupted, exiting. There are 0 tasks remaining in the queue.
2020-06-06 05:16:36,035 [Listener at 127.0.0.1/44133] INFO  segmented.SegmentedRaftLogWorker (SegmentedRaftLogWorker.java:close(229)) - 511a318d-fbb5-4d0b-a0f0-9021d224a603@group-613CF55C7BB1-SegmentedRaftLogWorker close()
2020-06-06 05:16:36,035 [ForkJoinPool.commonPool-worker-0] INFO  ozoneimpl.OzoneContainer (OzoneContainer.java:stop(246)) - Attempting to stop container services.
2020-06-06 05:16:36,036 [ForkJoinPool.commonPool-worker-0] INFO  impl.RaftServerProxy (RaftServerProxy.java:lambda$close$4(314)) - 6b1e40fd-b271-4671-bc2e-69bde6106f78: close
2020-06-06 05:16:36,036 [ForkJoinPool.commonPool-worker-0] INFO  impl.RaftServerImpl (RaftServerImpl.java:lambda$shutdown$3(250)) - 6b1e40fd-b271-4671-bc2e-69bde6106f78@group-99B687CEDC83: shutdown
2020-06-06 05:16:36,037 [ForkJoinPool.commonPool-worker-0] INFO  util.JmxRegister (JmxRegister.java:unregister(73)) - Successfully un-registered JMX Bean with object name Ratis:service=RaftServer,group=group-99B687CEDC83,id=6b1e40fd-b271-4671-bc2e-69bde6106f78
2020-06-06 05:16:36,037 [ForkJoinPool.commonPool-worker-0] INFO  impl.RoleInfo (RoleInfo.java:shutdownLeaderState(104)) - 6b1e40fd-b271-4671-bc2e-69bde6106f78: shutdown LeaderState
2020-06-06 05:16:36,037 [ForkJoinPool.commonPool-worker-0] INFO  impl.PendingRequests (PendingRequests.java:sendNotLeaderResponses(242)) - 6b1e40fd-b271-4671-bc2e-69bde6106f78@group-99B687CEDC83-PendingRequests: sendNotLeaderResponses
2020-06-06 05:16:36,037 [ForkJoinPool.commonPool-worker-0] INFO  metrics.RatisMetrics (RatisMetrics.java:unregister(46)) - Unregistering Metrics Registry : ratis.log_appender.6b1e40fd-b271-4671-bc2e-69bde6106f78@group-99B687CEDC83
2020-06-06 05:16:36,037 [ForkJoinPool.commonPool-worker-0] INFO  impl.StateMachineUpdater (StateMachineUpdater.java:stopAndJoin(142)) - 6b1e40fd-b271-4671-bc2e-69bde6106f78@group-99B687CEDC83-StateMachineUpdater: set stopIndex = 0
2020-06-06 05:16:36,038 [6b1e40fd-b271-4671-bc2e-69bde6106f78@group-99B687CEDC83-StateMachineUpdater] INFO  ratis.ContainerStateMachine (ContainerStateMachine.java:takeSnapshot(288)) - group-99B687CEDC83: Taking a snapshot at:(t:1, i:0) file /github/workspace/mnt/ozone/hadoop-ozone/integration-test/target/test-dir/MiniOzoneClusterImpl-e9c98d0f-e324-43f2-aa41-70e4df10ec43/datanode-4/data/ratis/3f161e52-1d09-4470-8e91-99b687cedc83/sm/snapshot.1_0
2020-06-06 05:16:36,038 [Listener at 127.0.0.1/44133] INFO  metrics.RatisMetrics (RatisMetrics.java:unregister(46)) - Unregistering Metrics Registry : ratis.log_worker.511a318d-fbb5-4d0b-a0f0-9021d224a603
2020-06-06 05:16:36,038 [Listener at 127.0.0.1/44133] INFO  metrics.RatisMetrics (RatisMetrics.java:unregister(46)) - Unregistering Metrics Registry : ratis.leader_election.511a318d-fbb5-4d0b-a0f0-9021d224a603@group-613CF55C7BB1
2020-06-06 05:16:36,038 [Listener at 127.0.0.1/44133] INFO  metrics.RatisMetrics (RatisMetrics.java:unregister(46)) - Unregistering Metrics Registry : ratis.server.511a318d-fbb5-4d0b-a0f0-9021d224a603@group-613CF55C7BB1
2020-06-06 05:16:36,039 [6b1e40fd-b271-4671-bc2e-69bde6106f78@group-99B687CEDC83-StateMachineUpdater] INFO  ratis.ContainerStateMachine (ContainerStateMachine.java:takeSnapshot(299)) - group-99B687CEDC83: Finished taking a snapshot at:(t:1, i:0) file:/github/workspace/mnt/ozone/hadoop-ozone/integration-test/target/test-dir/MiniOzoneClusterImpl-e9c98d0f-e324-43f2-aa41-70e4df10ec43/datanode-4/data/ratis/3f161e52-1d09-4470-8e91-99b687cedc83/sm/snapshot.1_0 time:0
2020-06-06 05:16:36,039 [6b1e40fd-b271-4671-bc2e-69bde6106f78@group-99B687CEDC83-StateMachineUpdater] INFO  impl.StateMachineUpdater (StateMachineUpdater.java:takeSnapshot(277)) - 6b1e40fd-b271-4671-bc2e-69bde6106f78@group-99B687CEDC83-StateMachineUpdater: Took a snapshot at index 0
2020-06-06 05:16:36,039 [6b1e40fd-b271-4671-bc2e-69bde6106f78@group-99B687CEDC83-StateMachineUpdater] INFO  impl.StateMachineUpdater (StateMachineUpdater.java:lambda$new$0(87)) - 6b1e40fd-b271-4671-bc2e-69bde6106f78@group-99B687CEDC83-StateMachineUpdater: snapshotIndex: updateIncreasingly -1 -> 0
2020-06-06 05:16:36,039 [6b1e40fd-b271-4671-bc2e-69bde6106f78@group-99B687CEDC83-StateMachineUpdater] INFO  metrics.RatisMetrics (RatisMetrics.java:unregister(46)) - Unregistering Metrics Registry : ratis.state_machine.6b1e40fd-b271-4671-bc2e-69bde6106f78@group-99B687CEDC83
2020-06-06 05:16:36,039 [ForkJoinPool.commonPool-worker-0] INFO  impl.RaftServerImpl (ServerState.java:close(387)) - 6b1e40fd-b271-4671-bc2e-69bde6106f78@group-99B687CEDC83: closes. applyIndex: 0
2020-06-06 05:16:36,039 [6b1e40fd-b271-4671-bc2e-69bde6106f78@group-99B687CEDC83-SegmentedRaftLogWorker] INFO  segmented.SegmentedRaftLogWorker (SegmentedRaftLogWorker.java:run(321)) - 6b1e40fd-b271-4671-bc2e-69bde6106f78@group-99B687CEDC83-SegmentedRaftLogWorker was interrupted, exiting. There are 0 tasks remaining in the queue.
2020-06-06 05:16:36,040 [Listener at 127.0.0.1/44133] INFO  impl.RaftServerImpl (RaftServerImpl.java:lambda$shutdown$3(250)) - 511a318d-fbb5-4d0b-a0f0-9021d224a603@group-7F597F336E44: shutdown
2020-06-06 05:16:36,040 [Listener at 127.0.0.1/44133] INFO  util.JmxRegister (JmxRegister.java:unregister(73)) - Successfully un-registered JMX Bean with object name Ratis:service=RaftServer,group=group-7F597F336E44,id=511a318d-fbb5-4d0b-a0f0-9021d224a603
2020-06-06 05:16:36,040 [Listener at 127.0.0.1/44133] INFO  impl.RoleInfo (RoleInfo.java:shutdownLeaderState(104)) - 511a318d-fbb5-4d0b-a0f0-9021d224a603: shutdown LeaderState
2020-06-06 05:16:36,045 [ForkJoinPool.commonPool-worker-0] INFO  segmented.SegmentedRaftLogWorker (SegmentedRaftLogWorker.java:close(229)) - 6b1e40fd-b271-4671-bc2e-69bde6106f78@group-99B687CEDC83-SegmentedRaftLogWorker close()
2020-06-06 05:16:36,047 [org.apache.ratis.server.impl.LogAppender$AppenderDaemon$$Lambda$466/1712764919@571a0221] WARN  server.GrpcLogAppender (GrpcLogAppender.java:mayWait(153)) - 511a318d-fbb5-4d0b-a0f0-9021d224a603@group-7F597F336E44->4748d6c1-a840-468c-97bc-f81124d46716-GrpcLogAppender: Wait interrupted by java.lang.InterruptedException
2020-06-06 05:16:36,048 [grpc-default-executor-1] INFO  server.GrpcServerProtocolService (GrpcServerProtocolService.java:onCompleted(137)) - 4748d6c1-a840-468c-97bc-f81124d46716: Completed APPEND_ENTRIES, lastRequest: 511a318d-fbb5-4d0b-a0f0-9021d224a603->4748d6c1-a840-468c-97bc-f81124d46716#1-t1, previous=(t:0, i:0), leaderCommit=0, initializing? false, entries: size=1, first=(t:1, i:0), CONFIGURATIONENTRY
2020-06-06 05:16:36,049 [grpc-default-executor-0] INFO  server.GrpcLogAppender (GrpcLogAppender.java:onCompleted(309)) - 511a318d-fbb5-4d0b-a0f0-9021d224a603@group-7F597F336E44->4748d6c1-a840-468c-97bc-f81124d46716-AppendLogResponseHandler: follower responses appendEntries COMPLETED
2020-06-06 05:16:36,049 [grpc-default-executor-0] INFO  impl.FollowerInfo (FollowerInfo.java:lambda$new$0(50)) - 511a318d-fbb5-4d0b-a0f0-9021d224a603@group-7F597F336E44->4748d6c1-a840-468c-97bc-f81124d46716: nextIndex: updateUnconditionally 1 -> 0
2020-06-06 05:16:36,050 [ForkJoinPool.commonPool-worker-0] INFO  metrics.RatisMetrics (RatisMetrics.java:unregister(46)) - Unregistering Metrics Registry : ratis.log_worker.6b1e40fd-b271-4671-bc2e-69bde6106f78
2020-06-06 05:16:36,050 [ForkJoinPool.commonPool-worker-0] INFO  metrics.RatisMetrics (RatisMetrics.java:unregister(46)) - Unregistering Metrics Registry : ratis.leader_election.6b1e40fd-b271-4671-bc2e-69bde6106f78@group-99B687CEDC83
2020-06-06 05:16:36,051 [ForkJoinPool.commonPool-worker-0] INFO  metrics.RatisMetrics (RatisMetrics.java:unregister(46)) - Unregistering Metrics Registry : ratis.server.6b1e40fd-b271-4671-bc2e-69bde6106f78@group-99B687CEDC83
2020-06-06 05:16:36,051 [ForkJoinPool.commonPool-worker-0] INFO  impl.RaftServerImpl (RaftServerImpl.java:lambda$shutdown$3(250)) - 6b1e40fd-b271-4671-bc2e-69bde6106f78@group-8814426F656B: shutdown
2020-06-06 05:16:36,051 [ForkJoinPool.commonPool-worker-0] INFO  util.JmxRegister (JmxRegister.java:unregister(73)) - Successfully un-registered JMX Bean with object name Ratis:service=RaftServer,group=group-8814426F656B,id=6b1e40fd-b271-4671-bc2e-69bde6106f78
2020-06-06 05:16:36,051 [ForkJoinPool.commonPool-worker-0] INFO  impl.RoleInfo (RoleInfo.java:shutdownFollowerState(121)) - 6b1e40fd-b271-4671-bc2e-69bde6106f78: shutdown FollowerState
2020-06-06 05:16:36,051 [Thread-760] INFO  impl.FollowerState (FollowerState.java:run(117)) - 6b1e40fd-b271-4671-bc2e-69bde6106f78@group-8814426F656B-FollowerState was interrupted: java.lang.InterruptedException: sleep interrupted
2020-06-06 05:16:36,052 [6b1e40fd-b271-4671-bc2e-69bde6106f78@group-8814426F656B-StateMachineUpdater] INFO  ratis.ContainerStateMachine (ContainerStateMachine.java:takeSnapshot(288)) - group-8814426F656B: Taking a snapshot at:(t:1, i:6) file /github/workspace/mnt/ozone/hadoop-ozone/integration-test/target/test-dir/MiniOzoneClusterImpl-e9c98d0f-e324-43f2-aa41-70e4df10ec43/datanode-4/data/ratis/a6a197c9-983a-457b-80f0-8814426f656b/sm/snapshot.1_6
2020-06-06 05:16:36,052 [ForkJoinPool.commonPool-worker-0] INFO  impl.StateMachineUpdater (StateMachineUpdater.java:stopAndJoin(142)) - 6b1e40fd-b271-4671-bc2e-69bde6106f78@group-8814426F656B-StateMachineUpdater: set stopIndex = 6
2020-06-06 05:16:36,052 [org.apache.ratis.server.impl.LogAppender$AppenderDaemon$$Lambda$466/1712764919@344e852b] WARN  server.GrpcLogAppender (GrpcLogAppender.java:mayWait(153)) - 511a318d-fbb5-4d0b-a0f0-9021d224a603@group-7F597F336E44->c5a1e514-6f01-4466-ae6f-c9e2d9db90cf-GrpcLogAppender: Wait interrupted by java.lang.InterruptedException
2020-06-06 05:16:36,053 [grpc-default-executor-1] INFO  server.GrpcServerProtocolService (GrpcServerProtocolService.java:onCompleted(137)) - c5a1e514-6f01-4466-ae6f-c9e2d9db90cf: Completed APPEND_ENTRIES, lastRequest: 511a318d-fbb5-4d0b-a0f0-9021d224a603->c5a1e514-6f01-4466-ae6f-c9e2d9db90cf#1-t1, previous=(t:0, i:0), leaderCommit=0, initializing? false, entries: size=1, first=(t:1, i:0), CONFIGURATIONENTRY
2020-06-06 05:16:36,053 [6b1e40fd-b271-4671-bc2e-69bde6106f78@group-8814426F656B-StateMachineUpdater] INFO  ratis.ContainerStateMachine (ContainerStateMachine.java:takeSnapshot(299)) - group-8814426F656B: Finished taking a snapshot at:(t:1, i:6) file:/github/workspace/mnt/ozone/hadoop-ozone/integration-test/target/test-dir/MiniOzoneClusterImpl-e9c98d0f-e324-43f2-aa41-70e4df10ec43/datanode-4/data/ratis/a6a197c9-983a-457b-80f0-8814426f656b/sm/snapshot.1_6 time:1
2020-06-06 05:16:36,053 [6b1e40fd-b271-4671-bc2e-69bde6106f78@group-8814426F656B-StateMachineUpdater] INFO  impl.StateMachineUpdater (StateMachineUpdater.java:takeSnapshot(277)) - 6b1e40fd-b271-4671-bc2e-69bde6106f78@group-8814426F656B-StateMachineUpdater: Took a snapshot at index 6
2020-06-06 05:16:36,053 [6b1e40fd-b271-4671-bc2e-69bde6106f78@group-8814426F656B-StateMachineUpdater] INFO  impl.StateMachineUpdater (StateMachineUpdater.java:lambda$new$0(87)) - 6b1e40fd-b271-4671-bc2e-69bde6106f78@group-8814426F656B-StateMachineUpdater: snapshotIndex: updateIncreasingly -1 -> 6
2020-06-06 05:16:36,055 [grpc-default-executor-1] INFO  server.GrpcLogAppender (GrpcLogAppender.java:onCompleted(309)) - 511a318d-fbb5-4d0b-a0f0-9021d224a603@group-7F597F336E44->c5a1e514-6f01-4466-ae6f-c9e2d9db90cf-AppendLogResponseHandler: follower responses appendEntries COMPLETED
2020-06-06 05:16:36,055 [grpc-default-executor-1] INFO  impl.FollowerInfo (FollowerInfo.java:lambda$new$0(50)) - 511a318d-fbb5-4d0b-a0f0-9021d224a603@group-7F597F336E44->c5a1e514-6f01-4466-ae6f-c9e2d9db90cf: nextIndex: updateUnconditionally 1 -> 0
2020-06-06 05:16:36,055 [6b1e40fd-b271-4671-bc2e-69bde6106f78@group-8814426F656B-StateMachineUpdater] INFO  metrics.RatisMetrics (RatisMetrics.java:unregister(46)) - Unregistering Metrics Registry : ratis.state_machine.6b1e40fd-b271-4671-bc2e-69bde6106f78@group-8814426F656B
2020-06-06 05:16:36,056 [ForkJoinPool.commonPool-worker-0] INFO  impl.RaftServerImpl (ServerState.java:close(387)) - 6b1e40fd-b271-4671-bc2e-69bde6106f78@group-8814426F656B: closes. applyIndex: 6
2020-06-06 05:16:36,056 [6b1e40fd-b271-4671-bc2e-69bde6106f78@group-8814426F656B-SegmentedRaftLogWorker] INFO  segmented.SegmentedRaftLogWorker (SegmentedRaftLogWorker.java:run(321)) - 6b1e40fd-b271-4671-bc2e-69bde6106f78@group-8814426F656B-SegmentedRaftLogWorker was interrupted, exiting. There are 0 tasks remaining in the queue.
2020-06-06 05:16:36,056 [ForkJoinPool.commonPool-worker-0] INFO  segmented.SegmentedRaftLogWorker (SegmentedRaftLogWorker.java:close(229)) - 6b1e40fd-b271-4671-bc2e-69bde6106f78@group-8814426F656B-SegmentedRaftLogWorker close()
2020-06-06 05:16:36,057 [ForkJoinPool.commonPool-worker-0] INFO  metrics.RatisMetrics (RatisMetrics.java:unregister(46)) - Unregistering Metrics Registry : ratis.log_worker.6b1e40fd-b271-4671-bc2e-69bde6106f78
2020-06-06 05:16:36,057 [ForkJoinPool.commonPool-worker-0] INFO  metrics.RatisMetrics (RatisMetrics.java:unregister(46)) - Unregistering Metrics Registry : ratis.leader_election.6b1e40fd-b271-4671-bc2e-69bde6106f78@group-8814426F656B
2020-06-06 05:16:36,057 [ForkJoinPool.commonPool-worker-0] INFO  metrics.RatisMetrics (RatisMetrics.java:unregister(46)) - Unregistering Metrics Registry : ratis.server.6b1e40fd-b271-4671-bc2e-69bde6106f78@group-8814426F656B
2020-06-06 05:16:36,057 [ForkJoinPool.commonPool-worker-0] INFO  server.GrpcService (GrpcService.java:closeImpl(165)) - 6b1e40fd-b271-4671-bc2e-69bde6106f78: shutdown server with port 40049 now
2020-06-06 05:16:36,057 [Listener at 127.0.0.1/44133] INFO  impl.PendingRequests (PendingRequests.java:sendNotLeaderResponses(242)) - 511a318d-fbb5-4d0b-a0f0-9021d224a603@group-7F597F336E44-PendingRequests: sendNotLeaderResponses
2020-06-06 05:16:36,058 [Listener at 127.0.0.1/44133] INFO  metrics.RatisMetrics (RatisMetrics.java:unregister(46)) - Unregistering Metrics Registry : ratis.log_appender.511a318d-fbb5-4d0b-a0f0-9021d224a603@group-7F597F336E44
2020-06-06 05:16:36,058 [ForkJoinPool.commonPool-worker-0] INFO  server.GrpcService (GrpcService.java:closeImpl(173)) - 6b1e40fd-b271-4671-bc2e-69bde6106f78: shutdown server with port 40049 successfully
2020-06-06 05:16:36,059 [511a318d-fbb5-4d0b-a0f0-9021d224a603@group-7F597F336E44-StateMachineUpdater] INFO  ratis.ContainerStateMachine (ContainerStateMachine.java:takeSnapshot(288)) - group-7F597F336E44: Taking a snapshot at:(t:1, i:0) file /github/workspace/mnt/ozone/hadoop-ozone/integration-test/target/test-dir/MiniOzoneClusterImpl-e9c98d0f-e324-43f2-aa41-70e4df10ec43/datanode-6/data/ratis/d1fd64df-3c23-4618-9d89-7f597f336e44/sm/snapshot.1_0
2020-06-06 05:16:36,059 [Listener at 127.0.0.1/44133] INFO  impl.StateMachineUpdater (StateMachineUpdater.java:stopAndJoin(142)) - 511a318d-fbb5-4d0b-a0f0-9021d224a603@group-7F597F336E44-StateMachineUpdater: set stopIndex = 0
2020-06-06 05:16:36,059 [511a318d-fbb5-4d0b-a0f0-9021d224a603@group-7F597F336E44-StateMachineUpdater] INFO  ratis.ContainerStateMachine (ContainerStateMachine.java:takeSnapshot(299)) - group-7F597F336E44: Finished taking a snapshot at:(t:1, i:0) file:/github/workspace/mnt/ozone/hadoop-ozone/integration-test/target/test-dir/MiniOzoneClusterImpl-e9c98d0f-e324-43f2-aa41-70e4df10ec43/datanode-6/data/ratis/d1fd64df-3c23-4618-9d89-7f597f336e44/sm/snapshot.1_0 time:0
2020-06-06 05:16:36,060 [511a318d-fbb5-4d0b-a0f0-9021d224a603@group-7F597F336E44-StateMachineUpdater] INFO  impl.StateMachineUpdater (StateMachineUpdater.java:takeSnapshot(277)) - 511a318d-fbb5-4d0b-a0f0-9021d224a603@group-7F597F336E44-StateMachineUpdater: Took a snapshot at index 0
2020-06-06 05:16:36,060 [511a318d-fbb5-4d0b-a0f0-9021d224a603@group-7F597F336E44-StateMachineUpdater] INFO  impl.StateMachineUpdater (StateMachineUpdater.java:lambda$new$0(87)) - 511a318d-fbb5-4d0b-a0f0-9021d224a603@group-7F597F336E44-StateMachineUpdater: snapshotIndex: updateIncreasingly -1 -> 0
2020-06-06 05:16:36,060 [511a318d-fbb5-4d0b-a0f0-9021d224a603@group-7F597F336E44-StateMachineUpdater] INFO  metrics.RatisMetrics (RatisMetrics.java:unregister(46)) - Unregistering Metrics Registry : ratis.state_machine.511a318d-fbb5-4d0b-a0f0-9021d224a603@group-7F597F336E44
2020-06-06 05:16:36,061 [ForkJoinPool.commonPool-worker-0] INFO  utils.BackgroundService (BackgroundService.java:shutdown(157)) - Shutting down service BlockDeletingService
2020-06-06 05:16:36,062 [Listener at 127.0.0.1/44133] INFO  impl.RaftServerImpl (ServerState.java:close(387)) - 511a318d-fbb5-4d0b-a0f0-9021d224a603@group-7F597F336E44: closes. applyIndex: 0
2020-06-06 05:16:36,063 [ForkJoinPool.commonPool-worker-0] INFO  statemachine.DatanodeStateMachine (DatanodeStateMachine.java:stopDaemon(428)) - Ozone container server stopped.
2020-06-06 05:16:36,063 [511a318d-fbb5-4d0b-a0f0-9021d224a603@group-7F597F336E44-SegmentedRaftLogWorker] INFO  segmented.SegmentedRaftLogWorker (SegmentedRaftLogWorker.java:run(321)) - 511a318d-fbb5-4d0b-a0f0-9021d224a603@group-7F597F336E44-SegmentedRaftLogWorker was interrupted, exiting. There are 0 tasks remaining in the queue.
2020-06-06 05:16:36,066 [ForkJoinPool.commonPool-worker-0] INFO  handler.ContextHandler (ContextHandler.java:doStop(1016)) - Stopped o.e.j.w.WebAppContext@76a70b39{hddsDatanode,/,null,UNAVAILABLE}{jar:file:/home/user/.m2/repository/org/apache/hadoop/hadoop-hdds-container-service/0.6.0-SNAPSHOT/hadoop-hdds-container-service-0.6.0-SNAPSHOT.jar!/webapps/hddsDatanode}
2020-06-06 05:16:36,066 [Listener at 127.0.0.1/44133] INFO  segmented.SegmentedRaftLogWorker (SegmentedRaftLogWorker.java:close(229)) - 511a318d-fbb5-4d0b-a0f0-9021d224a603@group-7F597F336E44-SegmentedRaftLogWorker close()
2020-06-06 05:16:36,067 [ForkJoinPool.commonPool-worker-0] INFO  server.AbstractConnector (AbstractConnector.java:doStop(380)) - Stopped ServerConnector@1788f557{HTTP/1.1,[http/1.1]}{0.0.0.0:0}
2020-06-06 05:16:36,068 [ForkJoinPool.commonPool-worker-0] INFO  server.session (HouseKeeper.java:stopScavenging(158)) - node0 Stopped scavenging
2020-06-06 05:16:36,068 [Listener at 127.0.0.1/44133] INFO  metrics.RatisMetrics (RatisMetrics.java:unregister(46)) - Unregistering Metrics Registry : ratis.log_worker.511a318d-fbb5-4d0b-a0f0-9021d224a603
2020-06-06 05:16:36,069 [Listener at 127.0.0.1/44133] INFO  metrics.RatisMetrics (RatisMetrics.java:unregister(46)) - Unregistering Metrics Registry : ratis.leader_election.511a318d-fbb5-4d0b-a0f0-9021d224a603@group-7F597F336E44
2020-06-06 05:16:36,069 [Listener at 127.0.0.1/44133] INFO  metrics.RatisMetrics (RatisMetrics.java:unregister(46)) - Unregistering Metrics Registry : ratis.server.511a318d-fbb5-4d0b-a0f0-9021d224a603@group-7F597F336E44
2020-06-06 05:16:36,069 [Listener at 127.0.0.1/44133] INFO  server.GrpcService (GrpcService.java:closeImpl(165)) - 511a318d-fbb5-4d0b-a0f0-9021d224a603: shutdown server with port 39567 now
2020-06-06 05:16:36,069 [ForkJoinPool.commonPool-worker-0] INFO  handler.ContextHandler (ContextHandler.java:doStop(1016)) - Stopped o.e.j.s.ServletContextHandler@4c10c57f{static,/static,jar:file:/home/user/.m2/repository/org/apache/hadoop/hadoop-hdds-container-service/0.6.0-SNAPSHOT/hadoop-hdds-container-service-0.6.0-SNAPSHOT.jar!/webapps/static,UNAVAILABLE}
2020-06-06 05:16:36,072 [Listener at 127.0.0.1/44133] INFO  server.GrpcService (GrpcService.java:closeImpl(173)) - 511a318d-fbb5-4d0b-a0f0-9021d224a603: shutdown server with port 39567 successfully
2020-06-06 05:16:36,073 [Listener at 127.0.0.1/44133] INFO  utils.BackgroundService (BackgroundService.java:shutdown(157)) - Shutting down service BlockDeletingService
2020-06-06 05:16:36,075 [ForkJoinPool.commonPool-worker-0] INFO  handler.ContextHandler (ContextHandler.java:doStop(1016)) - Stopped o.e.j.s.ServletContextHandler@33bd9c79{logs,/logs,file:///github/workspace/mnt/ozone/hadoop-ozone/integration-test/target/log,UNAVAILABLE}
2020-06-06 05:16:36,076 [Listener at 127.0.0.1/44133] INFO  statemachine.DatanodeStateMachine (DatanodeStateMachine.java:stopDaemon(428)) - Ozone container server stopped.
2020-06-06 05:16:36,077 [Listener at 127.0.0.1/44133] INFO  handler.ContextHandler (ContextHandler.java:doStop(1016)) - Stopped o.e.j.w.WebAppContext@2a911876{hddsDatanode,/,null,UNAVAILABLE}{jar:file:/home/user/.m2/repository/org/apache/hadoop/hadoop-hdds-container-service/0.6.0-SNAPSHOT/hadoop-hdds-container-service-0.6.0-SNAPSHOT.jar!/webapps/hddsDatanode}
2020-06-06 05:16:36,077 [Listener at 127.0.0.1/44133] INFO  server.AbstractConnector (AbstractConnector.java:doStop(380)) - Stopped ServerConnector@1d425aea{HTTP/1.1,[http/1.1]}{0.0.0.0:0}
2020-06-06 05:16:36,077 [Listener at 127.0.0.1/44133] INFO  server.session (HouseKeeper.java:stopScavenging(158)) - node0 Stopped scavenging
2020-06-06 05:16:36,078 [Listener at 127.0.0.1/44133] INFO  handler.ContextHandler (ContextHandler.java:doStop(1016)) - Stopped o.e.j.s.ServletContextHandler@795593af{static,/static,jar:file:/home/user/.m2/repository/org/apache/hadoop/hadoop-hdds-container-service/0.6.0-SNAPSHOT/hadoop-hdds-container-service-0.6.0-SNAPSHOT.jar!/webapps/static,UNAVAILABLE}
2020-06-06 05:16:36,078 [Listener at 127.0.0.1/44133] INFO  handler.ContextHandler (ContextHandler.java:doStop(1016)) - Stopped o.e.j.s.ServletContextHandler@158549aa{logs,/logs,file:///github/workspace/mnt/ozone/hadoop-ozone/integration-test/target/log,UNAVAILABLE}
2020-06-06 05:16:36,243 [Datanode State Machine Thread - 0] INFO  statemachine.DatanodeStateMachine (DatanodeStateMachine.java:lambda$startDaemon$0(380)) - Ozone container server started.
2020-06-06 05:16:36,285 [Datanode State Machine Thread - 0] INFO  statemachine.DatanodeStateMachine (DatanodeStateMachine.java:lambda$startDaemon$0(380)) - Ozone container server started.
2020-06-06 05:16:36,431 [grpc-default-executor-0] WARN  server.GrpcLogAppender (LogUtils.java:warn(122)) - bac48e61-09da-4d4a-9cda-de1b5303032b@group-308F7357FED9->5414add9-8f52-42f4-bc0e-5ee16c82ee52-AppendLogResponseHandler: Failed appendEntries: org.apache.ratis.thirdparty.io.grpc.StatusRuntimeException: UNAVAILABLE: io exception
2020-06-06 05:16:36,431 [grpc-default-executor-0] INFO  impl.FollowerInfo (FollowerInfo.java:lambda$new$0(50)) - bac48e61-09da-4d4a-9cda-de1b5303032b@group-308F7357FED9->5414add9-8f52-42f4-bc0e-5ee16c82ee52: nextIndex: updateUnconditionally 1 -> 0
2020-06-06 05:16:36,436 [grpc-default-executor-1] WARN  server.GrpcLogAppender (LogUtils.java:warn(122)) - bac48e61-09da-4d4a-9cda-de1b5303032b@group-308F7357FED9->dfea1794-fda5-4e0a-86f7-27bb8c5952a1-AppendLogResponseHandler: Failed appendEntries: org.apache.ratis.thirdparty.io.grpc.StatusRuntimeException: UNAVAILABLE: io exception
2020-06-06 05:16:36,436 [grpc-default-executor-1] INFO  impl.FollowerInfo (FollowerInfo.java:lambda$new$0(50)) - bac48e61-09da-4d4a-9cda-de1b5303032b@group-308F7357FED9->dfea1794-fda5-4e0a-86f7-27bb8c5952a1: nextIndex: updateUnconditionally 9 -> 8
2020-06-06 05:16:36,934 [grpc-default-executor-0] WARN  server.GrpcLogAppender (LogUtils.java:warn(122)) - bac48e61-09da-4d4a-9cda-de1b5303032b@group-308F7357FED9->5414add9-8f52-42f4-bc0e-5ee16c82ee52-AppendLogResponseHandler: Failed appendEntries: org.apache.ratis.thirdparty.io.grpc.StatusRuntimeException: UNAVAILABLE: io exception
2020-06-06 05:16:36,934 [grpc-default-executor-0] INFO  impl.FollowerInfo (FollowerInfo.java:lambda$new$0(50)) - bac48e61-09da-4d4a-9cda-de1b5303032b@group-308F7357FED9->5414add9-8f52-42f4-bc0e-5ee16c82ee52: nextIndex: updateUnconditionally 1 -> 0
2020-06-06 05:16:36,938 [grpc-default-executor-1] WARN  server.GrpcLogAppender (LogUtils.java:warn(122)) - bac48e61-09da-4d4a-9cda-de1b5303032b@group-308F7357FED9->dfea1794-fda5-4e0a-86f7-27bb8c5952a1-AppendLogResponseHandler: Failed appendEntries: org.apache.ratis.thirdparty.io.grpc.StatusRuntimeException: UNAVAILABLE: io exception
2020-06-06 05:16:36,938 [grpc-default-executor-1] INFO  impl.FollowerInfo (FollowerInfo.java:lambda$new$0(50)) - bac48e61-09da-4d4a-9cda-de1b5303032b@group-308F7357FED9->dfea1794-fda5-4e0a-86f7-27bb8c5952a1: nextIndex: updateUnconditionally 9 -> 8
2020-06-06 05:16:37,120 [Thread-367] INFO  impl.FollowerState (FollowerState.java:run(108)) - 4748d6c1-a840-468c-97bc-f81124d46716@group-7F597F336E44-FollowerState: change to CANDIDATE, lastRpcTime:1158ms, electionTimeout:1134ms
2020-06-06 05:16:37,120 [Thread-367] INFO  impl.RoleInfo (RoleInfo.java:shutdownFollowerState(121)) - 4748d6c1-a840-468c-97bc-f81124d46716: shutdown FollowerState
2020-06-06 05:16:37,120 [Thread-367] INFO  impl.RaftServerImpl (RaftServerImpl.java:setRole(173)) - 4748d6c1-a840-468c-97bc-f81124d46716@group-7F597F336E44: changes role from  FOLLOWER to CANDIDATE at term 1 for changeToCandidate
2020-06-06 05:16:37,120 [Thread-367] INFO  impl.RoleInfo (RoleInfo.java:updateAndGet(143)) - 4748d6c1-a840-468c-97bc-f81124d46716: start LeaderElection
2020-06-06 05:16:37,121 [4748d6c1-a840-468c-97bc-f81124d46716@group-7F597F336E44-LeaderElection26] INFO  impl.RaftServerImpl (ServerState.java:setLeader(255)) - 4748d6c1-a840-468c-97bc-f81124d46716@group-7F597F336E44: change Leader from 511a318d-fbb5-4d0b-a0f0-9021d224a603 to null at term 1 for initElection
2020-06-06 05:16:37,124 [4748d6c1-a840-468c-97bc-f81124d46716@group-7F597F336E44-LeaderElection26] INFO  impl.LeaderElection (LeaderElection.java:askForVotes(206)) - 4748d6c1-a840-468c-97bc-f81124d46716@group-7F597F336E44-LeaderElection26: begin an election at term 2 for 0: [511a318d-fbb5-4d0b-a0f0-9021d224a603:172.17.0.2:39567, 4748d6c1-a840-468c-97bc-f81124d46716:172.17.0.2:42783, c5a1e514-6f01-4466-ae6f-c9e2d9db90cf:172.17.0.2:43443], old=null
2020-06-06 05:16:37,127 [4748d6c1-a840-468c-97bc-f81124d46716@group-7F597F336E44-LeaderElection26] INFO  impl.LeaderElection (LogUtils.java:infoOrTrace(137)) - 4748d6c1-a840-468c-97bc-f81124d46716@group-7F597F336E44-LeaderElection26 got exception when requesting votes: java.util.concurrent.ExecutionException: org.apache.ratis.thirdparty.io.grpc.StatusRuntimeException: UNAVAILABLE: io exception
2020-06-06 05:16:37,131 [grpc-default-executor-1] INFO  impl.RaftServerImpl (ServerState.java:setLeader(255)) - c5a1e514-6f01-4466-ae6f-c9e2d9db90cf@group-7F597F336E44: change Leader from 511a318d-fbb5-4d0b-a0f0-9021d224a603 to null at term 2 for updateCurrentTerm
2020-06-06 05:16:37,131 [grpc-default-executor-1] INFO  impl.RaftServerImpl (RaftServerImpl.java:setRole(173)) - c5a1e514-6f01-4466-ae6f-c9e2d9db90cf@group-7F597F336E44: changes role from  FOLLOWER to FOLLOWER at term 2 for recognizeCandidate:4748d6c1-a840-468c-97bc-f81124d46716
2020-06-06 05:16:37,131 [grpc-default-executor-1] INFO  impl.RoleInfo (RoleInfo.java:shutdownFollowerState(121)) - c5a1e514-6f01-4466-ae6f-c9e2d9db90cf: shutdown FollowerState
2020-06-06 05:16:37,131 [grpc-default-executor-1] INFO  impl.RoleInfo (RoleInfo.java:updateAndGet(143)) - c5a1e514-6f01-4466-ae6f-c9e2d9db90cf: start FollowerState
2020-06-06 05:16:37,131 [Thread-381] INFO  impl.FollowerState (FollowerState.java:run(117)) - c5a1e514-6f01-4466-ae6f-c9e2d9db90cf@group-7F597F336E44-FollowerState was interrupted: java.lang.InterruptedException: sleep interrupted
2020-06-06 05:16:37,133 [4748d6c1-a840-468c-97bc-f81124d46716@group-7F597F336E44-LeaderElection26] INFO  impl.LeaderElection (LeaderElection.java:logAndReturn(61)) - 4748d6c1-a840-468c-97bc-f81124d46716@group-7F597F336E44-LeaderElection26: Election PASSED; received 1 response(s) [4748d6c1-a840-468c-97bc-f81124d46716<-c5a1e514-6f01-4466-ae6f-c9e2d9db90cf#0:OK-t2] and 1 exception(s); 4748d6c1-a840-468c-97bc-f81124d46716@group-7F597F336E44:t2, leader=null, voted=4748d6c1-a840-468c-97bc-f81124d46716, raftlog=4748d6c1-a840-468c-97bc-f81124d46716@group-7F597F336E44-SegmentedRaftLog:OPENED:c0,f0,i0, conf=0: [511a318d-fbb5-4d0b-a0f0-9021d224a603:172.17.0.2:39567, 4748d6c1-a840-468c-97bc-f81124d46716:172.17.0.2:42783, c5a1e514-6f01-4466-ae6f-c9e2d9db90cf:172.17.0.2:43443], old=null
2020-06-06 05:16:37,133 [4748d6c1-a840-468c-97bc-f81124d46716@group-7F597F336E44-LeaderElection26] INFO  impl.LeaderElection (LogUtils.java:infoOrTrace(137)) -   Exception 0: java.util.concurrent.ExecutionException: org.apache.ratis.thirdparty.io.grpc.StatusRuntimeException: UNAVAILABLE: io exception
2020-06-06 05:16:37,133 [4748d6c1-a840-468c-97bc-f81124d46716@group-7F597F336E44-LeaderElection26] INFO  impl.RoleInfo (RoleInfo.java:shutdownLeaderElection(134)) - 4748d6c1-a840-468c-97bc-f81124d46716: shutdown LeaderElection
2020-06-06 05:16:37,134 [4748d6c1-a840-468c-97bc-f81124d46716@group-7F597F336E44-LeaderElection26] INFO  impl.RaftServerImpl (RaftServerImpl.java:setRole(173)) - 4748d6c1-a840-468c-97bc-f81124d46716@group-7F597F336E44: changes role from CANDIDATE to LEADER at term 2 for changeToLeader
2020-06-06 05:16:37,134 [4748d6c1-a840-468c-97bc-f81124d46716@group-7F597F336E44-LeaderElection26] INFO  ratis.XceiverServerRatis (XceiverServerRatis.java:handleLeaderChangedNotification(762)) - Leader change notification received for group: group-7F597F336E44 with new leaderId: 4748d6c1-a840-468c-97bc-f81124d46716
2020-06-06 05:16:37,134 [4748d6c1-a840-468c-97bc-f81124d46716@group-7F597F336E44-LeaderElection26] INFO  impl.RaftServerImpl (ServerState.java:setLeader(255)) - 4748d6c1-a840-468c-97bc-f81124d46716@group-7F597F336E44: change Leader from null to 4748d6c1-a840-468c-97bc-f81124d46716 at term 2 for becomeLeader, leader elected after 13ms
2020-06-06 05:16:37,134 [4748d6c1-a840-468c-97bc-f81124d46716@group-7F597F336E44-LeaderElection26] INFO  server.RaftServerConfigKeys (ConfUtils.java:logGet(44)) - raft.server.staging.catchup.gap = 1000 (default)
2020-06-06 05:16:37,134 [4748d6c1-a840-468c-97bc-f81124d46716@group-7F597F336E44-LeaderElection26] INFO  server.RaftServerConfigKeys (ConfUtils.java:logGet(44)) - raft.server.rpc.sleep.time = 25ms (default)
2020-06-06 05:16:37,134 [4748d6c1-a840-468c-97bc-f81124d46716@group-7F597F336E44-LeaderElection26] INFO  metrics.RatisMetrics (RatisMetrics.java:lambda$create$0(39)) - Creating Metrics Registry : ratis.log_appender.4748d6c1-a840-468c-97bc-f81124d46716@group-7F597F336E44
2020-06-06 05:16:37,134 [4748d6c1-a840-468c-97bc-f81124d46716@group-7F597F336E44-LeaderElection26] INFO  server.RaftServerConfigKeys (ConfUtils.java:logGet(44)) - raft.server.write.element-limit = 1024 (custom)
2020-06-06 05:16:37,134 [4748d6c1-a840-468c-97bc-f81124d46716@group-7F597F336E44-LeaderElection26] INFO  server.RaftServerConfigKeys (ConfUtils.java:logGet(44)) - raft.server.write.byte-limit = 1073741824 (custom)
2020-06-06 05:16:37,134 [4748d6c1-a840-468c-97bc-f81124d46716@group-7F597F336E44-LeaderElection26] INFO  server.RaftServerConfigKeys (ConfUtils.java:logGet(44)) - raft.server.watch.timeout = 3s (custom)
2020-06-06 05:16:37,135 [4748d6c1-a840-468c-97bc-f81124d46716@group-7F597F336E44-LeaderElection26] INFO  server.RaftServerConfigKeys (ConfUtils.java:logGet(44)) - raft.server.watch.timeout.denomination = 1s (default)
2020-06-06 05:16:37,135 [4748d6c1-a840-468c-97bc-f81124d46716@group-7F597F336E44-LeaderElection26] INFO  server.RaftServerConfigKeys (ConfUtils.java:logGet(44)) - raft.server.watch.element-limit = 65536 (default)
2020-06-06 05:16:37,135 [4748d6c1-a840-468c-97bc-f81124d46716@group-7F597F336E44-LeaderElection26] INFO  server.RaftServerConfigKeys (ConfUtils.java:logGet(44)) - raft.server.log.appender.snapshot.chunk.size.max = 16MB (=16777216) (default)
2020-06-06 05:16:37,135 [4748d6c1-a840-468c-97bc-f81124d46716@group-7F597F336E44-LeaderElection26] INFO  server.RaftServerConfigKeys (ConfUtils.java:logGet(44)) - raft.server.log.appender.buffer.byte-limit = 33554432 (custom)
2020-06-06 05:16:37,135 [4748d6c1-a840-468c-97bc-f81124d46716@group-7F597F336E44-LeaderElection26] INFO  server.RaftServerConfigKeys (ConfUtils.java:logGet(44)) - raft.server.log.appender.buffer.element-limit = 1 (custom)
2020-06-06 05:16:37,135 [4748d6c1-a840-468c-97bc-f81124d46716@group-7F597F336E44-LeaderElection26] INFO  grpc.GrpcConfigKeys (ConfUtils.java:logGet(44)) - raft.grpc.server.leader.outstanding.appends.max = 128 (default)
2020-06-06 05:16:37,136 [4748d6c1-a840-468c-97bc-f81124d46716@group-7F597F336E44-LeaderElection26] INFO  server.RaftServerConfigKeys (ConfUtils.java:logGet(44)) - raft.server.rpc.request.timeout = 3s (default)
2020-06-06 05:16:37,136 [4748d6c1-a840-468c-97bc-f81124d46716@group-7F597F336E44-LeaderElection26] INFO  server.RaftServerConfigKeys (ConfUtils.java:logGet(44)) - raft.server.log.appender.install.snapshot.enabled = false (custom)
2020-06-06 05:16:37,137 [4748d6c1-a840-468c-97bc-f81124d46716@group-7F597F336E44-LeaderElection26] INFO  server.RaftServerConfigKeys (ConfUtils.java:logGet(44)) - raft.server.log.appender.snapshot.chunk.size.max = 16MB (=16777216) (default)
2020-06-06 05:16:37,137 [4748d6c1-a840-468c-97bc-f81124d46716@group-7F597F336E44-LeaderElection26] INFO  server.RaftServerConfigKeys (ConfUtils.java:logGet(44)) - raft.server.log.appender.buffer.byte-limit = 33554432 (custom)
2020-06-06 05:16:37,137 [4748d6c1-a840-468c-97bc-f81124d46716@group-7F597F336E44-LeaderElection26] INFO  server.RaftServerConfigKeys (ConfUtils.java:logGet(44)) - raft.server.log.appender.buffer.element-limit = 1 (custom)
2020-06-06 05:16:37,138 [4748d6c1-a840-468c-97bc-f81124d46716@group-7F597F336E44-LeaderElection26] INFO  grpc.GrpcConfigKeys (ConfUtils.java:logGet(44)) - raft.grpc.server.leader.outstanding.appends.max = 128 (default)
2020-06-06 05:16:37,138 [4748d6c1-a840-468c-97bc-f81124d46716@group-7F597F336E44-LeaderElection26] INFO  server.RaftServerConfigKeys (ConfUtils.java:logGet(44)) - raft.server.rpc.request.timeout = 3s (default)
2020-06-06 05:16:37,138 [4748d6c1-a840-468c-97bc-f81124d46716@group-7F597F336E44-LeaderElection26] INFO  server.RaftServerConfigKeys (ConfUtils.java:logGet(44)) - raft.server.log.appender.install.snapshot.enabled = false (custom)
2020-06-06 05:16:37,138 [4748d6c1-a840-468c-97bc-f81124d46716@group-7F597F336E44-LeaderElection26] INFO  impl.RoleInfo (RoleInfo.java:updateAndGet(143)) - 4748d6c1-a840-468c-97bc-f81124d46716: start LeaderState
2020-06-06 05:16:37,139 [4748d6c1-a840-468c-97bc-f81124d46716@group-7F597F336E44-LeaderElection26] INFO  segmented.SegmentedRaftLogWorker (SegmentedRaftLogWorker.java:rollLogSegment(396)) - 4748d6c1-a840-468c-97bc-f81124d46716@group-7F597F336E44-SegmentedRaftLogWorker: Rolling segment log-0_0 to index:0
2020-06-06 05:16:37,139 [4748d6c1-a840-468c-97bc-f81124d46716@group-7F597F336E44-SegmentedRaftLogWorker] INFO  segmented.SegmentedRaftLogWorker (SegmentedRaftLogWorker.java:execute(541)) - 4748d6c1-a840-468c-97bc-f81124d46716@group-7F597F336E44-SegmentedRaftLogWorker: Rolled log segment from /github/workspace/mnt/ozone/hadoop-ozone/integration-test/target/test-dir/MiniOzoneClusterImpl-e9c98d0f-e324-43f2-aa41-70e4df10ec43/datanode-8/data/ratis/d1fd64df-3c23-4618-9d89-7f597f336e44/current/log_inprogress_0 to /github/workspace/mnt/ozone/hadoop-ozone/integration-test/target/test-dir/MiniOzoneClusterImpl-e9c98d0f-e324-43f2-aa41-70e4df10ec43/datanode-8/data/ratis/d1fd64df-3c23-4618-9d89-7f597f336e44/current/log_0-0
2020-06-06 05:16:37,147 [4748d6c1-a840-468c-97bc-f81124d46716@group-7F597F336E44-LeaderElection26] INFO  impl.RaftServerImpl (ServerState.java:setRaftConf(356)) - 4748d6c1-a840-468c-97bc-f81124d46716@group-7F597F336E44: set configuration 1: [511a318d-fbb5-4d0b-a0f0-9021d224a603:172.17.0.2:39567, 4748d6c1-a840-468c-97bc-f81124d46716:172.17.0.2:42783, c5a1e514-6f01-4466-ae6f-c9e2d9db90cf:172.17.0.2:43443], old=null at 1
2020-06-06 05:16:37,140 [grpc-default-executor-1] WARN  server.GrpcLogAppender (LogUtils.java:warn(122)) - 4748d6c1-a840-468c-97bc-f81124d46716@group-7F597F336E44->511a318d-fbb5-4d0b-a0f0-9021d224a603-AppendLogResponseHandler: Failed appendEntries: org.apache.ratis.thirdparty.io.grpc.StatusRuntimeException: UNAVAILABLE: io exception
2020-06-06 05:16:37,149 [grpc-default-executor-1] INFO  impl.FollowerInfo (FollowerInfo.java:lambda$new$0(50)) - 4748d6c1-a840-468c-97bc-f81124d46716@group-7F597F336E44->511a318d-fbb5-4d0b-a0f0-9021d224a603: nextIndex: updateUnconditionally 2 -> 1
2020-06-06 05:16:37,149 [4748d6c1-a840-468c-97bc-f81124d46716@group-7F597F336E44-SegmentedRaftLogWorker] INFO  segmented.SegmentedRaftLogWorker (SegmentedRaftLogWorker.java:execute(583)) - 4748d6c1-a840-468c-97bc-f81124d46716@group-7F597F336E44-SegmentedRaftLogWorker: created new log segment /github/workspace/mnt/ozone/hadoop-ozone/integration-test/target/test-dir/MiniOzoneClusterImpl-e9c98d0f-e324-43f2-aa41-70e4df10ec43/datanode-8/data/ratis/d1fd64df-3c23-4618-9d89-7f597f336e44/current/log_inprogress_1
2020-06-06 05:16:37,150 [grpc-default-executor-1] INFO  ratis.XceiverServerRatis (XceiverServerRatis.java:handleLeaderChangedNotification(762)) - Leader change notification received for group: group-7F597F336E44 with new leaderId: 4748d6c1-a840-468c-97bc-f81124d46716
2020-06-06 05:16:37,150 [grpc-default-executor-1] INFO  impl.RaftServerImpl (ServerState.java:setLeader(255)) - c5a1e514-6f01-4466-ae6f-c9e2d9db90cf@group-7F597F336E44: change Leader from null to 4748d6c1-a840-468c-97bc-f81124d46716 at term 2 for appendEntries, leader elected after 18ms
2020-06-06 05:16:37,150 [grpc-default-executor-1] INFO  impl.RaftServerImpl (ServerState.java:setRaftConf(356)) - c5a1e514-6f01-4466-ae6f-c9e2d9db90cf@group-7F597F336E44: set configuration 1: [511a318d-fbb5-4d0b-a0f0-9021d224a603:172.17.0.2:39567, 4748d6c1-a840-468c-97bc-f81124d46716:172.17.0.2:42783, c5a1e514-6f01-4466-ae6f-c9e2d9db90cf:172.17.0.2:43443], old=null at 1
2020-06-06 05:16:37,150 [grpc-default-executor-1] INFO  segmented.SegmentedRaftLogWorker (SegmentedRaftLogWorker.java:rollLogSegment(396)) - c5a1e514-6f01-4466-ae6f-c9e2d9db90cf@group-7F597F336E44-SegmentedRaftLogWorker: Rolling segment log-0_0 to index:0
2020-06-06 05:16:37,151 [c5a1e514-6f01-4466-ae6f-c9e2d9db90cf@group-7F597F336E44-SegmentedRaftLogWorker] INFO  segmented.SegmentedRaftLogWorker (SegmentedRaftLogWorker.java:execute(541)) - c5a1e514-6f01-4466-ae6f-c9e2d9db90cf@group-7F597F336E44-SegmentedRaftLogWorker: Rolled log segment from /github/workspace/mnt/ozone/hadoop-ozone/integration-test/target/test-dir/MiniOzoneClusterImpl-e9c98d0f-e324-43f2-aa41-70e4df10ec43/datanode-7/data/ratis/d1fd64df-3c23-4618-9d89-7f597f336e44/current/log_inprogress_0 to /github/workspace/mnt/ozone/hadoop-ozone/integration-test/target/test-dir/MiniOzoneClusterImpl-e9c98d0f-e324-43f2-aa41-70e4df10ec43/datanode-7/data/ratis/d1fd64df-3c23-4618-9d89-7f597f336e44/current/log_0-0
2020-06-06 05:16:37,152 [c5a1e514-6f01-4466-ae6f-c9e2d9db90cf@group-7F597F336E44-SegmentedRaftLogWorker] INFO  segmented.SegmentedRaftLogWorker (SegmentedRaftLogWorker.java:execute(583)) - c5a1e514-6f01-4466-ae6f-c9e2d9db90cf@group-7F597F336E44-SegmentedRaftLogWorker: created new log segment /github/workspace/mnt/ozone/hadoop-ozone/integration-test/target/test-dir/MiniOzoneClusterImpl-e9c98d0f-e324-43f2-aa41-70e4df10ec43/datanode-7/data/ratis/d1fd64df-3c23-4618-9d89-7f597f336e44/current/log_inprogress_1
2020-06-06 05:16:37,155 [grpc-default-executor-0] WARN  server.GrpcLogAppender (LogUtils.java:warn(122)) - 4748d6c1-a840-468c-97bc-f81124d46716@group-7F597F336E44->511a318d-fbb5-4d0b-a0f0-9021d224a603-AppendLogResponseHandler: Failed appendEntries: org.apache.ratis.thirdparty.io.grpc.StatusRuntimeException: UNAVAILABLE: io exception
2020-06-06 05:16:37,156 [grpc-default-executor-0] INFO  impl.FollowerInfo (FollowerInfo.java:lambda$new$0(50)) - 4748d6c1-a840-468c-97bc-f81124d46716@group-7F597F336E44->511a318d-fbb5-4d0b-a0f0-9021d224a603: nextIndex: updateUnconditionally 2 -> 1
2020-06-06 05:16:37,158 [grpc-default-executor-1] WARN  server.GrpcLogAppender (LogUtils.java:warn(122)) - 4748d6c1-a840-468c-97bc-f81124d46716@group-7F597F336E44->511a318d-fbb5-4d0b-a0f0-9021d224a603-AppendLogResponseHandler: Failed appendEntries: org.apache.ratis.thirdparty.io.grpc.StatusRuntimeException: UNAVAILABLE: io exception
2020-06-06 05:16:37,158 [grpc-default-executor-1] INFO  impl.FollowerInfo (FollowerInfo.java:lambda$new$0(50)) - 4748d6c1-a840-468c-97bc-f81124d46716@group-7F597F336E44->511a318d-fbb5-4d0b-a0f0-9021d224a603: nextIndex: updateUnconditionally 2 -> 1
2020-06-06 05:16:37,436 [grpc-default-executor-0] WARN  server.GrpcLogAppender (LogUtils.java:warn(122)) - bac48e61-09da-4d4a-9cda-de1b5303032b@group-308F7357FED9->5414add9-8f52-42f4-bc0e-5ee16c82ee52-AppendLogResponseHandler: Failed appendEntries: org.apache.ratis.thirdparty.io.grpc.StatusRuntimeException: UNAVAILABLE: io exception
2020-06-06 05:16:37,437 [grpc-default-executor-0] INFO  impl.FollowerInfo (FollowerInfo.java:lambda$new$0(50)) - bac48e61-09da-4d4a-9cda-de1b5303032b@group-308F7357FED9->5414add9-8f52-42f4-bc0e-5ee16c82ee52: nextIndex: updateUnconditionally 1 -> 0
2020-06-06 05:16:37,440 [grpc-default-executor-1] WARN  server.GrpcLogAppender (LogUtils.java:warn(122)) - bac48e61-09da-4d4a-9cda-de1b5303032b@group-308F7357FED9->dfea1794-fda5-4e0a-86f7-27bb8c5952a1-AppendLogResponseHandler: Failed appendEntries: org.apache.ratis.thirdparty.io.grpc.StatusRuntimeException: UNAVAILABLE: io exception
2020-06-06 05:16:37,440 [grpc-default-executor-1] INFO  impl.FollowerInfo (FollowerInfo.java:lambda$new$0(50)) - bac48e61-09da-4d4a-9cda-de1b5303032b@group-308F7357FED9->dfea1794-fda5-4e0a-86f7-27bb8c5952a1: nextIndex: updateUnconditionally 9 -> 8
2020-06-06 05:16:37,663 [grpc-default-executor-0] WARN  server.GrpcLogAppender (LogUtils.java:warn(122)) - 4748d6c1-a840-468c-97bc-f81124d46716@group-7F597F336E44->511a318d-fbb5-4d0b-a0f0-9021d224a603-AppendLogResponseHandler: Failed appendEntries: org.apache.ratis.thirdparty.io.grpc.StatusRuntimeException: UNAVAILABLE: io exception
2020-06-06 05:16:37,663 [grpc-default-executor-0] INFO  impl.FollowerInfo (FollowerInfo.java:lambda$new$0(50)) - 4748d6c1-a840-468c-97bc-f81124d46716@group-7F597F336E44->511a318d-fbb5-4d0b-a0f0-9021d224a603: nextIndex: updateUnconditionally 2 -> 1
2020-06-06 05:16:37,938 [grpc-default-executor-1] WARN  server.GrpcLogAppender (LogUtils.java:warn(122)) - bac48e61-09da-4d4a-9cda-de1b5303032b@group-308F7357FED9->5414add9-8f52-42f4-bc0e-5ee16c82ee52-AppendLogResponseHandler: Failed appendEntries: org.apache.ratis.thirdparty.io.grpc.StatusRuntimeException: UNAVAILABLE: io exception
2020-06-06 05:16:37,938 [grpc-default-executor-1] INFO  impl.FollowerInfo (FollowerInfo.java:lambda$new$0(50)) - bac48e61-09da-4d4a-9cda-de1b5303032b@group-308F7357FED9->5414add9-8f52-42f4-bc0e-5ee16c82ee52: nextIndex: updateUnconditionally 1 -> 0
2020-06-06 05:16:37,941 [grpc-default-executor-0] WARN  server.GrpcLogAppender (LogUtils.java:warn(122)) - bac48e61-09da-4d4a-9cda-de1b5303032b@group-308F7357FED9->dfea1794-fda5-4e0a-86f7-27bb8c5952a1-AppendLogResponseHandler: Failed appendEntries: org.apache.ratis.thirdparty.io.grpc.StatusRuntimeException: UNAVAILABLE: io exception
2020-06-06 05:16:37,942 [grpc-default-executor-0] INFO  impl.FollowerInfo (FollowerInfo.java:lambda$new$0(50)) - bac48e61-09da-4d4a-9cda-de1b5303032b@group-308F7357FED9->dfea1794-fda5-4e0a-86f7-27bb8c5952a1: nextIndex: updateUnconditionally 9 -> 8
2020-06-06 05:16:38,164 [grpc-default-executor-0] WARN  server.GrpcLogAppender (LogUtils.java:warn(122)) - 4748d6c1-a840-468c-97bc-f81124d46716@group-7F597F336E44->511a318d-fbb5-4d0b-a0f0-9021d224a603-AppendLogResponseHandler: Failed appendEntries: org.apache.ratis.thirdparty.io.grpc.StatusRuntimeException: UNAVAILABLE: io exception
2020-06-06 05:16:38,164 [grpc-default-executor-0] INFO  impl.FollowerInfo (FollowerInfo.java:lambda$new$0(50)) - 4748d6c1-a840-468c-97bc-f81124d46716@group-7F597F336E44->511a318d-fbb5-4d0b-a0f0-9021d224a603: nextIndex: updateUnconditionally 2 -> 1
2020-06-06 05:16:38,441 [grpc-default-executor-1] WARN  server.GrpcLogAppender (LogUtils.java:warn(122)) - bac48e61-09da-4d4a-9cda-de1b5303032b@group-308F7357FED9->5414add9-8f52-42f4-bc0e-5ee16c82ee52-AppendLogResponseHandler: Failed appendEntries: org.apache.ratis.thirdparty.io.grpc.StatusRuntimeException: UNAVAILABLE: io exception
2020-06-06 05:16:38,441 [grpc-default-executor-1] INFO  impl.FollowerInfo (FollowerInfo.java:lambda$new$0(50)) - bac48e61-09da-4d4a-9cda-de1b5303032b@group-308F7357FED9->5414add9-8f52-42f4-bc0e-5ee16c82ee52: nextIndex: updateUnconditionally 1 -> 0
2020-06-06 05:16:38,443 [grpc-default-executor-1] WARN  server.GrpcLogAppender (LogUtils.java:warn(122)) - bac48e61-09da-4d4a-9cda-de1b5303032b@group-308F7357FED9->dfea1794-fda5-4e0a-86f7-27bb8c5952a1-AppendLogResponseHandler: Failed appendEntries: org.apache.ratis.thirdparty.io.grpc.StatusRuntimeException: UNAVAILABLE: io exception
2020-06-06 05:16:38,443 [grpc-default-executor-1] INFO  impl.FollowerInfo (FollowerInfo.java:lambda$new$0(50)) - bac48e61-09da-4d4a-9cda-de1b5303032b@group-308F7357FED9->dfea1794-fda5-4e0a-86f7-27bb8c5952a1: nextIndex: updateUnconditionally 9 -> 8
2020-06-06 05:16:38,666 [grpc-default-executor-0] WARN  server.GrpcLogAppender (LogUtils.java:warn(122)) - 4748d6c1-a840-468c-97bc-f81124d46716@group-7F597F336E44->511a318d-fbb5-4d0b-a0f0-9021d224a603-AppendLogResponseHandler: Failed appendEntries: org.apache.ratis.thirdparty.io.grpc.StatusRuntimeException: UNAVAILABLE: io exception
2020-06-06 05:16:38,667 [grpc-default-executor-0] INFO  impl.FollowerInfo (FollowerInfo.java:lambda$new$0(50)) - 4748d6c1-a840-468c-97bc-f81124d46716@group-7F597F336E44->511a318d-fbb5-4d0b-a0f0-9021d224a603: nextIndex: updateUnconditionally 2 -> 1
2020-06-06 05:16:38,942 [grpc-default-executor-1] WARN  server.GrpcLogAppender (LogUtils.java:warn(122)) - bac48e61-09da-4d4a-9cda-de1b5303032b@group-308F7357FED9->5414add9-8f52-42f4-bc0e-5ee16c82ee52-AppendLogResponseHandler: Failed appendEntries: org.apache.ratis.thirdparty.io.grpc.StatusRuntimeException: UNAVAILABLE: io exception
2020-06-06 05:16:38,943 [grpc-default-executor-1] INFO  impl.FollowerInfo (FollowerInfo.java:lambda$new$0(50)) - bac48e61-09da-4d4a-9cda-de1b5303032b@group-308F7357FED9->5414add9-8f52-42f4-bc0e-5ee16c82ee52: nextIndex: updateUnconditionally 1 -> 0
2020-06-06 05:16:38,945 [grpc-default-executor-0] WARN  server.GrpcLogAppender (LogUtils.java:warn(122)) - bac48e61-09da-4d4a-9cda-de1b5303032b@group-308F7357FED9->dfea1794-fda5-4e0a-86f7-27bb8c5952a1-AppendLogResponseHandler: Failed appendEntries: org.apache.ratis.thirdparty.io.grpc.StatusRuntimeException: UNAVAILABLE: io exception
2020-06-06 05:16:38,945 [grpc-default-executor-0] INFO  impl.FollowerInfo (FollowerInfo.java:lambda$new$0(50)) - bac48e61-09da-4d4a-9cda-de1b5303032b@group-308F7357FED9->dfea1794-fda5-4e0a-86f7-27bb8c5952a1: nextIndex: updateUnconditionally 9 -> 8
2020-06-06 05:16:39,168 [grpc-default-executor-1] WARN  server.GrpcLogAppender (LogUtils.java:warn(122)) - 4748d6c1-a840-468c-97bc-f81124d46716@group-7F597F336E44->511a318d-fbb5-4d0b-a0f0-9021d224a603-AppendLogResponseHandler: Failed appendEntries: org.apache.ratis.thirdparty.io.grpc.StatusRuntimeException: UNAVAILABLE: io exception
2020-06-06 05:16:39,169 [grpc-default-executor-1] INFO  impl.FollowerInfo (FollowerInfo.java:lambda$new$0(50)) - 4748d6c1-a840-468c-97bc-f81124d46716@group-7F597F336E44->511a318d-fbb5-4d0b-a0f0-9021d224a603: nextIndex: updateUnconditionally 2 -> 1
2020-06-06 05:16:39,446 [grpc-default-executor-4] WARN  server.GrpcLogAppender (LogUtils.java:warn(122)) - bac48e61-09da-4d4a-9cda-de1b5303032b@group-308F7357FED9->5414add9-8f52-42f4-bc0e-5ee16c82ee52-AppendLogResponseHandler: Failed appendEntries: org.apache.ratis.thirdparty.io.grpc.StatusRuntimeException: UNAVAILABLE: io exception
2020-06-06 05:16:39,446 [grpc-default-executor-4] INFO  impl.FollowerInfo (FollowerInfo.java:lambda$new$0(50)) - bac48e61-09da-4d4a-9cda-de1b5303032b@group-308F7357FED9->5414add9-8f52-42f4-bc0e-5ee16c82ee52: nextIndex: updateUnconditionally 1 -> 0
2020-06-06 05:16:39,447 [grpc-default-executor-0] WARN  server.GrpcLogAppender (LogUtils.java:warn(122)) - bac48e61-09da-4d4a-9cda-de1b5303032b@group-308F7357FED9->dfea1794-fda5-4e0a-86f7-27bb8c5952a1-AppendLogResponseHandler: Failed appendEntries: org.apache.ratis.thirdparty.io.grpc.StatusRuntimeException: UNAVAILABLE: io exception
2020-06-06 05:16:39,448 [grpc-default-executor-0] INFO  impl.FollowerInfo (FollowerInfo.java:lambda$new$0(50)) - bac48e61-09da-4d4a-9cda-de1b5303032b@group-308F7357FED9->dfea1794-fda5-4e0a-86f7-27bb8c5952a1: nextIndex: updateUnconditionally 9 -> 8
2020-06-06 05:16:39,670 [grpc-default-executor-1] WARN  server.GrpcLogAppender (LogUtils.java:warn(122)) - 4748d6c1-a840-468c-97bc-f81124d46716@group-7F597F336E44->511a318d-fbb5-4d0b-a0f0-9021d224a603-AppendLogResponseHandler: Failed appendEntries: org.apache.ratis.thirdparty.io.grpc.StatusRuntimeException: UNAVAILABLE: io exception
2020-06-06 05:16:39,670 [grpc-default-executor-1] INFO  impl.FollowerInfo (FollowerInfo.java:lambda$new$0(50)) - 4748d6c1-a840-468c-97bc-f81124d46716@group-7F597F336E44->511a318d-fbb5-4d0b-a0f0-9021d224a603: nextIndex: updateUnconditionally 2 -> 1
2020-06-06 05:16:39,948 [grpc-default-executor-5] WARN  server.GrpcLogAppender (LogUtils.java:warn(122)) - bac48e61-09da-4d4a-9cda-de1b5303032b@group-308F7357FED9->5414add9-8f52-42f4-bc0e-5ee16c82ee52-AppendLogResponseHandler: Failed appendEntries: org.apache.ratis.thirdparty.io.grpc.StatusRuntimeException: UNAVAILABLE: io exception
2020-06-06 05:16:39,950 [grpc-default-executor-5] INFO  impl.FollowerInfo (FollowerInfo.java:lambda$new$0(50)) - bac48e61-09da-4d4a-9cda-de1b5303032b@group-308F7357FED9->5414add9-8f52-42f4-bc0e-5ee16c82ee52: nextIndex: updateUnconditionally 1 -> 0
2020-06-06 05:16:39,951 [grpc-default-executor-0] WARN  server.GrpcLogAppender (LogUtils.java:warn(122)) - bac48e61-09da-4d4a-9cda-de1b5303032b@group-308F7357FED9->dfea1794-fda5-4e0a-86f7-27bb8c5952a1-AppendLogResponseHandler: Failed appendEntries: org.apache.ratis.thirdparty.io.grpc.StatusRuntimeException: UNAVAILABLE: io exception
2020-06-06 05:16:39,951 [grpc-default-executor-0] INFO  impl.FollowerInfo (FollowerInfo.java:lambda$new$0(50)) - bac48e61-09da-4d4a-9cda-de1b5303032b@group-308F7357FED9->dfea1794-fda5-4e0a-86f7-27bb8c5952a1: nextIndex: updateUnconditionally 9 -> 8
2020-06-06 05:16:40,172 [grpc-default-executor-5] WARN  server.GrpcLogAppender (LogUtils.java:warn(122)) - 4748d6c1-a840-468c-97bc-f81124d46716@group-7F597F336E44->511a318d-fbb5-4d0b-a0f0-9021d224a603-AppendLogResponseHandler: Failed appendEntries: org.apache.ratis.thirdparty.io.grpc.StatusRuntimeException: UNAVAILABLE: io exception
2020-06-06 05:16:40,172 [grpc-default-executor-5] INFO  impl.FollowerInfo (FollowerInfo.java:lambda$new$0(50)) - 4748d6c1-a840-468c-97bc-f81124d46716@group-7F597F336E44->511a318d-fbb5-4d0b-a0f0-9021d224a603: nextIndex: updateUnconditionally 2 -> 1
2020-06-06 05:16:40,450 [grpc-default-executor-1] WARN  server.GrpcLogAppender (LogUtils.java:warn(122)) - bac48e61-09da-4d4a-9cda-de1b5303032b@group-308F7357FED9->5414add9-8f52-42f4-bc0e-5ee16c82ee52-AppendLogResponseHandler: Failed appendEntries: org.apache.ratis.thirdparty.io.grpc.StatusRuntimeException: UNAVAILABLE: io exception
2020-06-06 05:16:40,450 [grpc-default-executor-1] INFO  impl.FollowerInfo (FollowerInfo.java:lambda$new$0(50)) - bac48e61-09da-4d4a-9cda-de1b5303032b@group-308F7357FED9->5414add9-8f52-42f4-bc0e-5ee16c82ee52: nextIndex: updateUnconditionally 1 -> 0
2020-06-06 05:16:40,453 [grpc-default-executor-1] WARN  server.GrpcLogAppender (LogUtils.java:warn(122)) - bac48e61-09da-4d4a-9cda-de1b5303032b@group-308F7357FED9->dfea1794-fda5-4e0a-86f7-27bb8c5952a1-AppendLogResponseHandler: Failed appendEntries: org.apache.ratis.thirdparty.io.grpc.StatusRuntimeException: UNAVAILABLE: io exception
2020-06-06 05:16:40,453 [grpc-default-executor-1] INFO  impl.FollowerInfo (FollowerInfo.java:lambda$new$0(50)) - bac48e61-09da-4d4a-9cda-de1b5303032b@group-308F7357FED9->dfea1794-fda5-4e0a-86f7-27bb8c5952a1: nextIndex: updateUnconditionally 9 -> 8
2020-06-06 05:16:40,675 [grpc-default-executor-5] WARN  server.GrpcLogAppender (LogUtils.java:warn(122)) - 4748d6c1-a840-468c-97bc-f81124d46716@group-7F597F336E44->511a318d-fbb5-4d0b-a0f0-9021d224a603-AppendLogResponseHandler: Failed appendEntries: org.apache.ratis.thirdparty.io.grpc.StatusRuntimeException: UNAVAILABLE: io exception
2020-06-06 05:16:40,675 [grpc-default-executor-5] INFO  impl.FollowerInfo (FollowerInfo.java:lambda$new$0(50)) - 4748d6c1-a840-468c-97bc-f81124d46716@group-7F597F336E44->511a318d-fbb5-4d0b-a0f0-9021d224a603: nextIndex: updateUnconditionally 2 -> 1
2020-06-06 05:16:40,953 [grpc-default-executor-5] WARN  server.GrpcLogAppender (LogUtils.java:warn(122)) - bac48e61-09da-4d4a-9cda-de1b5303032b@group-308F7357FED9->5414add9-8f52-42f4-bc0e-5ee16c82ee52-AppendLogResponseHandler: Failed appendEntries: org.apache.ratis.thirdparty.io.grpc.StatusRuntimeException: UNAVAILABLE: io exception
2020-06-06 05:16:40,953 [grpc-default-executor-5] INFO  impl.FollowerInfo (FollowerInfo.java:lambda$new$0(50)) - bac48e61-09da-4d4a-9cda-de1b5303032b@group-308F7357FED9->5414add9-8f52-42f4-bc0e-5ee16c82ee52: nextIndex: updateUnconditionally 1 -> 0
2020-06-06 05:16:40,954 [grpc-default-executor-5] WARN  server.GrpcLogAppender (LogUtils.java:warn(122)) - bac48e61-09da-4d4a-9cda-de1b5303032b@group-308F7357FED9->dfea1794-fda5-4e0a-86f7-27bb8c5952a1-AppendLogResponseHandler: Failed appendEntries: org.apache.ratis.thirdparty.io.grpc.StatusRuntimeException: UNAVAILABLE: io exception
2020-06-06 05:16:40,955 [grpc-default-executor-5] INFO  impl.FollowerInfo (FollowerInfo.java:lambda$new$0(50)) - bac48e61-09da-4d4a-9cda-de1b5303032b@group-308F7357FED9->dfea1794-fda5-4e0a-86f7-27bb8c5952a1: nextIndex: updateUnconditionally 9 -> 8
2020-06-06 05:16:41,079 [Listener at 127.0.0.1/44133] INFO  ozoneimpl.OzoneContainer (OzoneContainer.java:stop(246)) - Attempting to stop container services.
2020-06-06 05:16:41,080 [Listener at 127.0.0.1/44133] INFO  impl.RaftServerProxy (RaftServerProxy.java:lambda$close$4(314)) - 4748d6c1-a840-468c-97bc-f81124d46716: close
2020-06-06 05:16:41,080 [Listener at 127.0.0.1/44133] INFO  impl.RaftServerImpl (RaftServerImpl.java:lambda$shutdown$3(250)) - 4748d6c1-a840-468c-97bc-f81124d46716@group-FC85AF366854: shutdown
2020-06-06 05:16:41,081 [Listener at 127.0.0.1/44133] INFO  util.JmxRegister (JmxRegister.java:unregister(73)) - Successfully un-registered JMX Bean with object name Ratis:service=RaftServer,group=group-FC85AF366854,id=4748d6c1-a840-468c-97bc-f81124d46716
2020-06-06 05:16:41,081 [Listener at 127.0.0.1/44133] INFO  impl.RoleInfo (RoleInfo.java:shutdownLeaderState(104)) - 4748d6c1-a840-468c-97bc-f81124d46716: shutdown LeaderState
2020-06-06 05:16:41,081 [Listener at 127.0.0.1/44133] INFO  impl.PendingRequests (PendingRequests.java:sendNotLeaderResponses(242)) - 4748d6c1-a840-468c-97bc-f81124d46716@group-FC85AF366854-PendingRequests: sendNotLeaderResponses
2020-06-06 05:16:41,081 [Listener at 127.0.0.1/44133] INFO  metrics.RatisMetrics (RatisMetrics.java:unregister(46)) - Unregistering Metrics Registry : ratis.log_appender.4748d6c1-a840-468c-97bc-f81124d46716@group-FC85AF366854
2020-06-06 05:16:41,082 [Listener at 127.0.0.1/44133] INFO  impl.StateMachineUpdater (StateMachineUpdater.java:stopAndJoin(142)) - 4748d6c1-a840-468c-97bc-f81124d46716@group-FC85AF366854-StateMachineUpdater: set stopIndex = 0
2020-06-06 05:16:41,082 [4748d6c1-a840-468c-97bc-f81124d46716@group-FC85AF366854-StateMachineUpdater] INFO  ratis.ContainerStateMachine (ContainerStateMachine.java:takeSnapshot(288)) - group-FC85AF366854: Taking a snapshot at:(t:1, i:0) file /github/workspace/mnt/ozone/hadoop-ozone/integration-test/target/test-dir/MiniOzoneClusterImpl-e9c98d0f-e324-43f2-aa41-70e4df10ec43/datanode-8/data/ratis/f2a07715-4f5d-4e02-9eed-fc85af366854/sm/snapshot.1_0
2020-06-06 05:16:41,083 [4748d6c1-a840-468c-97bc-f81124d46716@group-FC85AF366854-StateMachineUpdater] INFO  ratis.ContainerStateMachine (ContainerStateMachine.java:takeSnapshot(299)) - group-FC85AF366854: Finished taking a snapshot at:(t:1, i:0) file:/github/workspace/mnt/ozone/hadoop-ozone/integration-test/target/test-dir/MiniOzoneClusterImpl-e9c98d0f-e324-43f2-aa41-70e4df10ec43/datanode-8/data/ratis/f2a07715-4f5d-4e02-9eed-fc85af366854/sm/snapshot.1_0 time:1
2020-06-06 05:16:41,083 [4748d6c1-a840-468c-97bc-f81124d46716@group-FC85AF366854-StateMachineUpdater] INFO  impl.StateMachineUpdater (StateMachineUpdater.java:takeSnapshot(277)) - 4748d6c1-a840-468c-97bc-f81124d46716@group-FC85AF366854-StateMachineUpdater: Took a snapshot at index 0
2020-06-06 05:16:41,083 [4748d6c1-a840-468c-97bc-f81124d46716@group-FC85AF366854-StateMachineUpdater] INFO  impl.StateMachineUpdater (StateMachineUpdater.java:lambda$new$0(87)) - 4748d6c1-a840-468c-97bc-f81124d46716@group-FC85AF366854-StateMachineUpdater: snapshotIndex: updateIncreasingly -1 -> 0
2020-06-06 05:16:41,083 [4748d6c1-a840-468c-97bc-f81124d46716@group-FC85AF366854-StateMachineUpdater] INFO  metrics.RatisMetrics (RatisMetrics.java:unregister(46)) - Unregistering Metrics Registry : ratis.state_machine.4748d6c1-a840-468c-97bc-f81124d46716@group-FC85AF366854
2020-06-06 05:16:41,083 [Listener at 127.0.0.1/44133] INFO  impl.RaftServerImpl (ServerState.java:close(387)) - 4748d6c1-a840-468c-97bc-f81124d46716@group-FC85AF366854: closes. applyIndex: 0
2020-06-06 05:16:41,084 [4748d6c1-a840-468c-97bc-f81124d46716@group-FC85AF366854-SegmentedRaftLogWorker] INFO  segmented.SegmentedRaftLogWorker (SegmentedRaftLogWorker.java:run(321)) - 4748d6c1-a840-468c-97bc-f81124d46716@group-FC85AF366854-SegmentedRaftLogWorker was interrupted, exiting. There are 0 tasks remaining in the queue.
2020-06-06 05:16:41,084 [Listener at 127.0.0.1/44133] INFO  segmented.SegmentedRaftLogWorker (SegmentedRaftLogWorker.java:close(229)) - 4748d6c1-a840-468c-97bc-f81124d46716@group-FC85AF366854-SegmentedRaftLogWorker close()
2020-06-06 05:16:41,085 [ForkJoinPool.commonPool-worker-0] INFO  ozoneimpl.OzoneContainer (OzoneContainer.java:stop(246)) - Attempting to stop container services.
2020-06-06 05:16:41,085 [ForkJoinPool.commonPool-worker-0] INFO  impl.RaftServerProxy (RaftServerProxy.java:lambda$close$4(314)) - bac48e61-09da-4d4a-9cda-de1b5303032b: close
2020-06-06 05:16:41,085 [Listener at 127.0.0.1/44133] INFO  metrics.RatisMetrics (RatisMetrics.java:unregister(46)) - Unregistering Metrics Registry : ratis.log_worker.4748d6c1-a840-468c-97bc-f81124d46716
2020-06-06 05:16:41,085 [ForkJoinPool.commonPool-worker-0] INFO  impl.RaftServerImpl (RaftServerImpl.java:lambda$shutdown$3(250)) - bac48e61-09da-4d4a-9cda-de1b5303032b@group-308F7357FED9: shutdown
2020-06-06 05:16:41,086 [Listener at 127.0.0.1/44133] INFO  metrics.RatisMetrics (RatisMetrics.java:unregister(46)) - Unregistering Metrics Registry : ratis.leader_election.4748d6c1-a840-468c-97bc-f81124d46716@group-FC85AF366854
2020-06-06 05:16:41,086 [Listener at 127.0.0.1/44133] INFO  metrics.RatisMetrics (RatisMetrics.java:unregister(46)) - Unregistering Metrics Registry : ratis.server.4748d6c1-a840-468c-97bc-f81124d46716@group-FC85AF366854
2020-06-06 05:16:41,086 [ForkJoinPool.commonPool-worker-0] INFO  util.JmxRegister (JmxRegister.java:unregister(73)) - Successfully un-registered JMX Bean with object name Ratis:service=RaftServer,group=group-308F7357FED9,id=bac48e61-09da-4d4a-9cda-de1b5303032b
2020-06-06 05:16:41,086 [ForkJoinPool.commonPool-worker-0] INFO  impl.RoleInfo (RoleInfo.java:shutdownLeaderState(104)) - bac48e61-09da-4d4a-9cda-de1b5303032b: shutdown LeaderState
2020-06-06 05:16:41,086 [Listener at 127.0.0.1/44133] INFO  impl.RaftServerImpl (RaftServerImpl.java:lambda$shutdown$3(250)) - 4748d6c1-a840-468c-97bc-f81124d46716@group-7F597F336E44: shutdown
2020-06-06 05:16:41,088 [Listener at 127.0.0.1/44133] INFO  util.JmxRegister (JmxRegister.java:unregister(73)) - Successfully un-registered JMX Bean with object name Ratis:service=RaftServer,group=group-7F597F336E44,id=4748d6c1-a840-468c-97bc-f81124d46716
2020-06-06 05:16:41,088 [Listener at 127.0.0.1/44133] INFO  impl.RoleInfo (RoleInfo.java:shutdownLeaderState(104)) - 4748d6c1-a840-468c-97bc-f81124d46716: shutdown LeaderState
2020-06-06 05:16:41,087 [org.apache.ratis.server.impl.LogAppender$AppenderDaemon$$Lambda$466/1712764919@32554377] WARN  server.GrpcLogAppender (GrpcLogAppender.java:mayWait(153)) - bac48e61-09da-4d4a-9cda-de1b5303032b@group-308F7357FED9->dfea1794-fda5-4e0a-86f7-27bb8c5952a1-GrpcLogAppender: Wait interrupted by java.lang.InterruptedException
2020-06-06 05:16:41,087 [ForkJoinPool.commonPool-worker-0] INFO  impl.PendingRequests (PendingRequests.java:sendNotLeaderResponses(242)) - bac48e61-09da-4d4a-9cda-de1b5303032b@group-308F7357FED9-PendingRequests: sendNotLeaderResponses
2020-06-06 05:16:41,087 [org.apache.ratis.server.impl.LogAppender$AppenderDaemon$$Lambda$466/1712764919@2e71d9ce] WARN  server.GrpcLogAppender (GrpcLogAppender.java:mayWait(153)) - bac48e61-09da-4d4a-9cda-de1b5303032b@group-308F7357FED9->5414add9-8f52-42f4-bc0e-5ee16c82ee52-GrpcLogAppender: Wait interrupted by java.lang.InterruptedException
2020-06-06 05:16:41,089 [ForkJoinPool.commonPool-worker-0] INFO  metrics.RatisMetrics (RatisMetrics.java:unregister(46)) - Unregistering Metrics Registry : ratis.log_appender.bac48e61-09da-4d4a-9cda-de1b5303032b@group-308F7357FED9
2020-06-06 05:16:41,089 [ForkJoinPool.commonPool-worker-0] INFO  impl.StateMachineUpdater (StateMachineUpdater.java:stopAndJoin(142)) - bac48e61-09da-4d4a-9cda-de1b5303032b@group-308F7357FED9-StateMachineUpdater: set stopIndex = 8
2020-06-06 05:16:41,089 [bac48e61-09da-4d4a-9cda-de1b5303032b@group-308F7357FED9-StateMachineUpdater] INFO  ratis.ContainerStateMachine (ContainerStateMachine.java:takeSnapshot(288)) - group-308F7357FED9: Taking a snapshot at:(t:7, i:8) file /github/workspace/mnt/ozone/hadoop-ozone/integration-test/target/test-dir/MiniOzoneClusterImpl-e9c98d0f-e324-43f2-aa41-70e4df10ec43/datanode-0/data/ratis/31b1bed0-81f1-4ab1-9050-308f7357fed9/sm/snapshot.7_8
2020-06-06 05:16:41,090 [org.apache.ratis.server.impl.LogAppender$AppenderDaemon$$Lambda$466/1712764919@620d3234] WARN  server.GrpcLogAppender (GrpcLogAppender.java:mayWait(153)) - 4748d6c1-a840-468c-97bc-f81124d46716@group-7F597F336E44->511a318d-fbb5-4d0b-a0f0-9021d224a603-GrpcLogAppender: Wait interrupted by java.lang.InterruptedException
2020-06-06 05:16:41,090 [bac48e61-09da-4d4a-9cda-de1b5303032b@group-308F7357FED9-StateMachineUpdater] INFO  ratis.ContainerStateMachine (ContainerStateMachine.java:takeSnapshot(299)) - group-308F7357FED9: Finished taking a snapshot at:(t:7, i:8) file:/github/workspace/mnt/ozone/hadoop-ozone/integration-test/target/test-dir/MiniOzoneClusterImpl-e9c98d0f-e324-43f2-aa41-70e4df10ec43/datanode-0/data/ratis/31b1bed0-81f1-4ab1-9050-308f7357fed9/sm/snapshot.7_8 time:1
2020-06-06 05:16:41,091 [bac48e61-09da-4d4a-9cda-de1b5303032b@group-308F7357FED9-StateMachineUpdater] INFO  impl.StateMachineUpdater (StateMachineUpdater.java:takeSnapshot(277)) - bac48e61-09da-4d4a-9cda-de1b5303032b@group-308F7357FED9-StateMachineUpdater: Took a snapshot at index 8
2020-06-06 05:16:41,091 [bac48e61-09da-4d4a-9cda-de1b5303032b@group-308F7357FED9-StateMachineUpdater] INFO  impl.StateMachineUpdater (StateMachineUpdater.java:lambda$new$0(87)) - bac48e61-09da-4d4a-9cda-de1b5303032b@group-308F7357FED9-StateMachineUpdater: snapshotIndex: updateIncreasingly -1 -> 8
2020-06-06 05:16:41,091 [bac48e61-09da-4d4a-9cda-de1b5303032b@group-308F7357FED9-StateMachineUpdater] INFO  metrics.RatisMetrics (RatisMetrics.java:unregister(46)) - Unregistering Metrics Registry : ratis.state_machine.bac48e61-09da-4d4a-9cda-de1b5303032b@group-308F7357FED9
2020-06-06 05:16:41,091 [ForkJoinPool.commonPool-worker-0] INFO  impl.RaftServerImpl (ServerState.java:close(387)) - bac48e61-09da-4d4a-9cda-de1b5303032b@group-308F7357FED9: closes. applyIndex: 8
2020-06-06 05:16:41,091 [bac48e61-09da-4d4a-9cda-de1b5303032b@group-308F7357FED9-SegmentedRaftLogWorker] INFO  segmented.SegmentedRaftLogWorker (SegmentedRaftLogWorker.java:run(321)) - bac48e61-09da-4d4a-9cda-de1b5303032b@group-308F7357FED9-SegmentedRaftLogWorker was interrupted, exiting. There are 0 tasks remaining in the queue.
2020-06-06 05:16:41,091 [ForkJoinPool.commonPool-worker-0] INFO  segmented.SegmentedRaftLogWorker (SegmentedRaftLogWorker.java:close(229)) - bac48e61-09da-4d4a-9cda-de1b5303032b@group-308F7357FED9-SegmentedRaftLogWorker close()
2020-06-06 05:16:41,092 [ForkJoinPool.commonPool-worker-0] INFO  metrics.RatisMetrics (RatisMetrics.java:unregister(46)) - Unregistering Metrics Registry : ratis.log_worker.bac48e61-09da-4d4a-9cda-de1b5303032b
2020-06-06 05:16:41,092 [ForkJoinPool.commonPool-worker-0] INFO  metrics.RatisMetrics (RatisMetrics.java:unregister(46)) - Unregistering Metrics Registry : ratis.leader_election.bac48e61-09da-4d4a-9cda-de1b5303032b@group-308F7357FED9
2020-06-06 05:16:41,092 [ForkJoinPool.commonPool-worker-0] INFO  metrics.RatisMetrics (RatisMetrics.java:unregister(46)) - Unregistering Metrics Registry : ratis.server.bac48e61-09da-4d4a-9cda-de1b5303032b@group-308F7357FED9
2020-06-06 05:16:41,092 [ForkJoinPool.commonPool-worker-0] INFO  impl.RaftServerImpl (RaftServerImpl.java:lambda$shutdown$3(250)) - bac48e61-09da-4d4a-9cda-de1b5303032b@group-7E9932F5DC8E: shutdown
2020-06-06 05:16:41,093 [ForkJoinPool.commonPool-worker-0] INFO  util.JmxRegister (JmxRegister.java:unregister(73)) - Successfully un-registered JMX Bean with object name Ratis:service=RaftServer,group=group-7E9932F5DC8E,id=bac48e61-09da-4d4a-9cda-de1b5303032b
2020-06-06 05:16:41,093 [ForkJoinPool.commonPool-worker-0] INFO  impl.RoleInfo (RoleInfo.java:shutdownLeaderState(104)) - bac48e61-09da-4d4a-9cda-de1b5303032b: shutdown LeaderState
2020-06-06 05:16:41,093 [ForkJoinPool.commonPool-worker-0] INFO  impl.PendingRequests (PendingRequests.java:sendNotLeaderResponses(242)) - bac48e61-09da-4d4a-9cda-de1b5303032b@group-7E9932F5DC8E-PendingRequests: sendNotLeaderResponses
2020-06-06 05:16:41,093 [ForkJoinPool.commonPool-worker-0] INFO  metrics.RatisMetrics (RatisMetrics.java:unregister(46)) - Unregistering Metrics Registry : ratis.log_appender.bac48e61-09da-4d4a-9cda-de1b5303032b@group-7E9932F5DC8E
2020-06-06 05:16:41,093 [bac48e61-09da-4d4a-9cda-de1b5303032b@group-7E9932F5DC8E-StateMachineUpdater] INFO  ratis.ContainerStateMachine (ContainerStateMachine.java:takeSnapshot(288)) - group-7E9932F5DC8E: Taking a snapshot at:(t:1, i:0) file /github/workspace/mnt/ozone/hadoop-ozone/integration-test/target/test-dir/MiniOzoneClusterImpl-e9c98d0f-e324-43f2-aa41-70e4df10ec43/datanode-0/data/ratis/7789e8f3-459b-46ee-bf97-7e9932f5dc8e/sm/snapshot.1_0
2020-06-06 05:16:41,093 [ForkJoinPool.commonPool-worker-0] INFO  impl.StateMachineUpdater (StateMachineUpdater.java:stopAndJoin(142)) - bac48e61-09da-4d4a-9cda-de1b5303032b@group-7E9932F5DC8E-StateMachineUpdater: set stopIndex = 0
2020-06-06 05:16:41,094 [Listener at 127.0.0.1/44133] INFO  impl.PendingRequests (PendingRequests.java:sendNotLeaderResponses(242)) - 4748d6c1-a840-468c-97bc-f81124d46716@group-7F597F336E44-PendingRequests: sendNotLeaderResponses
2020-06-06 05:16:41,094 [bac48e61-09da-4d4a-9cda-de1b5303032b@group-7E9932F5DC8E-StateMachineUpdater] INFO  ratis.ContainerStateMachine (ContainerStateMachine.java:takeSnapshot(299)) - group-7E9932F5DC8E: Finished taking a snapshot at:(t:1, i:0) file:/github/workspace/mnt/ozone/hadoop-ozone/integration-test/target/test-dir/MiniOzoneClusterImpl-e9c98d0f-e324-43f2-aa41-70e4df10ec43/datanode-0/data/ratis/7789e8f3-459b-46ee-bf97-7e9932f5dc8e/sm/snapshot.1_0 time:1
2020-06-06 05:16:41,094 [org.apache.ratis.server.impl.LogAppender$AppenderDaemon$$Lambda$466/1712764919@68703cab] WARN  server.GrpcLogAppender (GrpcLogAppender.java:mayWait(153)) - 4748d6c1-a840-468c-97bc-f81124d46716@group-7F597F336E44->c5a1e514-6f01-4466-ae6f-c9e2d9db90cf-GrpcLogAppender: Wait interrupted by java.lang.InterruptedException
2020-06-06 05:16:41,094 [bac48e61-09da-4d4a-9cda-de1b5303032b@group-7E9932F5DC8E-StateMachineUpdater] INFO  impl.StateMachineUpdater (StateMachineUpdater.java:takeSnapshot(277)) - bac48e61-09da-4d4a-9cda-de1b5303032b@group-7E9932F5DC8E-StateMachineUpdater: Took a snapshot at index 0
2020-06-06 05:16:41,094 [bac48e61-09da-4d4a-9cda-de1b5303032b@group-7E9932F5DC8E-StateMachineUpdater] INFO  impl.StateMachineUpdater (StateMachineUpdater.java:lambda$new$0(87)) - bac48e61-09da-4d4a-9cda-de1b5303032b@group-7E9932F5DC8E-StateMachineUpdater: snapshotIndex: updateIncreasingly -1 -> 0
2020-06-06 05:16:41,094 [bac48e61-09da-4d4a-9cda-de1b5303032b@group-7E9932F5DC8E-StateMachineUpdater] INFO  metrics.RatisMetrics (RatisMetrics.java:unregister(46)) - Unregistering Metrics Registry : ratis.state_machine.bac48e61-09da-4d4a-9cda-de1b5303032b@group-7E9932F5DC8E
2020-06-06 05:16:41,094 [ForkJoinPool.commonPool-worker-0] INFO  impl.RaftServerImpl (ServerState.java:close(387)) - bac48e61-09da-4d4a-9cda-de1b5303032b@group-7E9932F5DC8E: closes. applyIndex: 0
2020-06-06 05:16:41,095 [grpc-default-executor-5] INFO  server.GrpcServerProtocolService (GrpcServerProtocolService.java:onCompleted(137)) - c5a1e514-6f01-4466-ae6f-c9e2d9db90cf: Completed APPEND_ENTRIES, lastRequest: 4748d6c1-a840-468c-97bc-f81124d46716->c5a1e514-6f01-4466-ae6f-c9e2d9db90cf#2-t2, previous=(t:2, i:1), leaderCommit=1, initializing? false, entries: size=1, first=(t:2, i:2), METADATAENTRY(c:1)
2020-06-06 05:16:41,095 [bac48e61-09da-4d4a-9cda-de1b5303032b@group-7E9932F5DC8E-SegmentedRaftLogWorker] INFO  segmented.SegmentedRaftLogWorker (SegmentedRaftLogWorker.java:run(321)) - bac48e61-09da-4d4a-9cda-de1b5303032b@group-7E9932F5DC8E-SegmentedRaftLogWorker was interrupted, exiting. There are 0 tasks remaining in the queue.
2020-06-06 05:16:41,095 [ForkJoinPool.commonPool-worker-0] INFO  segmented.SegmentedRaftLogWorker (SegmentedRaftLogWorker.java:close(229)) - bac48e61-09da-4d4a-9cda-de1b5303032b@group-7E9932F5DC8E-SegmentedRaftLogWorker close()
2020-06-06 05:16:41,095 [grpc-default-executor-0] INFO  server.GrpcLogAppender (GrpcLogAppender.java:onCompleted(309)) - 4748d6c1-a840-468c-97bc-f81124d46716@group-7F597F336E44->c5a1e514-6f01-4466-ae6f-c9e2d9db90cf-AppendLogResponseHandler: follower responses appendEntries COMPLETED
2020-06-06 05:16:41,096 [grpc-default-executor-0] INFO  impl.FollowerInfo (FollowerInfo.java:lambda$new$0(50)) - 4748d6c1-a840-468c-97bc-f81124d46716@group-7F597F336E44->c5a1e514-6f01-4466-ae6f-c9e2d9db90cf: nextIndex: updateUnconditionally 3 -> 2
2020-06-06 05:16:41,096 [ForkJoinPool.commonPool-worker-0] INFO  metrics.RatisMetrics (RatisMetrics.java:unregister(46)) - Unregistering Metrics Registry : ratis.log_worker.bac48e61-09da-4d4a-9cda-de1b5303032b
2020-06-06 05:16:41,096 [ForkJoinPool.commonPool-worker-0] INFO  metrics.RatisMetrics (RatisMetrics.java:unregister(46)) - Unregistering Metrics Registry : ratis.leader_election.bac48e61-09da-4d4a-9cda-de1b5303032b@group-7E9932F5DC8E
2020-06-06 05:16:41,097 [ForkJoinPool.commonPool-worker-0] INFO  metrics.RatisMetrics (RatisMetrics.java:unregister(46)) - Unregistering Metrics Registry : ratis.server.bac48e61-09da-4d4a-9cda-de1b5303032b@group-7E9932F5DC8E
2020-06-06 05:16:41,097 [ForkJoinPool.commonPool-worker-0] INFO  server.GrpcService (GrpcService.java:closeImpl(165)) - bac48e61-09da-4d4a-9cda-de1b5303032b: shutdown server with port 42725 now
2020-06-06 05:16:41,097 [Listener at 127.0.0.1/44133] INFO  metrics.RatisMetrics (RatisMetrics.java:unregister(46)) - Unregistering Metrics Registry : ratis.log_appender.4748d6c1-a840-468c-97bc-f81124d46716@group-7F597F336E44
2020-06-06 05:16:41,097 [4748d6c1-a840-468c-97bc-f81124d46716@group-7F597F336E44-StateMachineUpdater] INFO  ratis.ContainerStateMachine (ContainerStateMachine.java:takeSnapshot(288)) - group-7F597F336E44: Taking a snapshot at:(t:2, i:2) file /github/workspace/mnt/ozone/hadoop-ozone/integration-test/target/test-dir/MiniOzoneClusterImpl-e9c98d0f-e324-43f2-aa41-70e4df10ec43/datanode-8/data/ratis/d1fd64df-3c23-4618-9d89-7f597f336e44/sm/snapshot.2_2
2020-06-06 05:16:41,098 [Listener at 127.0.0.1/44133] INFO  impl.StateMachineUpdater (StateMachineUpdater.java:stopAndJoin(142)) - 4748d6c1-a840-468c-97bc-f81124d46716@group-7F597F336E44-StateMachineUpdater: set stopIndex = 2
2020-06-06 05:16:41,098 [ForkJoinPool.commonPool-worker-0] INFO  server.GrpcService (GrpcService.java:closeImpl(173)) - bac48e61-09da-4d4a-9cda-de1b5303032b: shutdown server with port 42725 successfully
2020-06-06 05:16:41,098 [4748d6c1-a840-468c-97bc-f81124d46716@group-7F597F336E44-StateMachineUpdater] INFO  ratis.ContainerStateMachine (ContainerStateMachine.java:takeSnapshot(299)) - group-7F597F336E44: Finished taking a snapshot at:(t:2, i:2) file:/github/workspace/mnt/ozone/hadoop-ozone/integration-test/target/test-dir/MiniOzoneClusterImpl-e9c98d0f-e324-43f2-aa41-70e4df10ec43/datanode-8/data/ratis/d1fd64df-3c23-4618-9d89-7f597f336e44/sm/snapshot.2_2 time:1
2020-06-06 05:16:41,099 [4748d6c1-a840-468c-97bc-f81124d46716@group-7F597F336E44-StateMachineUpdater] INFO  impl.StateMachineUpdater (StateMachineUpdater.java:takeSnapshot(277)) - 4748d6c1-a840-468c-97bc-f81124d46716@group-7F597F336E44-StateMachineUpdater: Took a snapshot at index 2
2020-06-06 05:16:41,099 [4748d6c1-a840-468c-97bc-f81124d46716@group-7F597F336E44-StateMachineUpdater] INFO  impl.StateMachineUpdater (StateMachineUpdater.java:lambda$new$0(87)) - 4748d6c1-a840-468c-97bc-f81124d46716@group-7F597F336E44-StateMachineUpdater: snapshotIndex: updateIncreasingly -1 -> 2
2020-06-06 05:16:41,099 [4748d6c1-a840-468c-97bc-f81124d46716@group-7F597F336E44-StateMachineUpdater] INFO  metrics.RatisMetrics (RatisMetrics.java:unregister(46)) - Unregistering Metrics Registry : ratis.state_machine.4748d6c1-a840-468c-97bc-f81124d46716@group-7F597F336E44
2020-06-06 05:16:41,099 [ForkJoinPool.commonPool-worker-0] INFO  utils.BackgroundService (BackgroundService.java:shutdown(157)) - Shutting down service BlockDeletingService
2020-06-06 05:16:41,100 [Listener at 127.0.0.1/44133] INFO  impl.RaftServerImpl (ServerState.java:close(387)) - 4748d6c1-a840-468c-97bc-f81124d46716@group-7F597F336E44: closes. applyIndex: 2
2020-06-06 05:16:41,101 [4748d6c1-a840-468c-97bc-f81124d46716@group-7F597F336E44-SegmentedRaftLogWorker] INFO  segmented.SegmentedRaftLogWorker (SegmentedRaftLogWorker.java:run(321)) - 4748d6c1-a840-468c-97bc-f81124d46716@group-7F597F336E44-SegmentedRaftLogWorker was interrupted, exiting. There are 0 tasks remaining in the queue.
2020-06-06 05:16:41,101 [ForkJoinPool.commonPool-worker-0] INFO  statemachine.DatanodeStateMachine (DatanodeStateMachine.java:stopDaemon(428)) - Ozone container server stopped.
2020-06-06 05:16:41,102 [Listener at 127.0.0.1/44133] INFO  segmented.SegmentedRaftLogWorker (SegmentedRaftLogWorker.java:close(229)) - 4748d6c1-a840-468c-97bc-f81124d46716@group-7F597F336E44-SegmentedRaftLogWorker close()
2020-06-06 05:16:41,102 [Listener at 127.0.0.1/44133] INFO  metrics.RatisMetrics (RatisMetrics.java:unregister(46)) - Unregistering Metrics Registry : ratis.log_worker.4748d6c1-a840-468c-97bc-f81124d46716
2020-06-06 05:16:41,103 [Listener at 127.0.0.1/44133] INFO  metrics.RatisMetrics (RatisMetrics.java:unregister(46)) - Unregistering Metrics Registry : ratis.leader_election.4748d6c1-a840-468c-97bc-f81124d46716@group-7F597F336E44
2020-06-06 05:16:41,104 [Listener at 127.0.0.1/44133] INFO  metrics.RatisMetrics (RatisMetrics.java:unregister(46)) - Unregistering Metrics Registry : ratis.server.4748d6c1-a840-468c-97bc-f81124d46716@group-7F597F336E44
2020-06-06 05:16:41,104 [Listener at 127.0.0.1/44133] INFO  server.GrpcService (GrpcService.java:closeImpl(165)) - 4748d6c1-a840-468c-97bc-f81124d46716: shutdown server with port 42783 now
2020-06-06 05:16:41,104 [ForkJoinPool.commonPool-worker-0] INFO  handler.ContextHandler (ContextHandler.java:doStop(1016)) - Stopped o.e.j.w.WebAppContext@7c96c86f{hddsDatanode,/,null,UNAVAILABLE}{jar:file:/home/user/.m2/repository/org/apache/hadoop/hadoop-hdds-container-service/0.6.0-SNAPSHOT/hadoop-hdds-container-service-0.6.0-SNAPSHOT.jar!/webapps/hddsDatanode}
2020-06-06 05:16:41,109 [ForkJoinPool.commonPool-worker-0] INFO  server.AbstractConnector (AbstractConnector.java:doStop(380)) - Stopped ServerConnector@49924252{HTTP/1.1,[http/1.1]}{0.0.0.0:0}
2020-06-06 05:16:41,109 [ForkJoinPool.commonPool-worker-0] INFO  server.session (HouseKeeper.java:stopScavenging(158)) - node0 Stopped scavenging
2020-06-06 05:16:41,110 [ForkJoinPool.commonPool-worker-0] INFO  handler.ContextHandler (ContextHandler.java:doStop(1016)) - Stopped o.e.j.s.ServletContextHandler@ee317a7{static,/static,jar:file:/home/user/.m2/repository/org/apache/hadoop/hadoop-hdds-container-service/0.6.0-SNAPSHOT/hadoop-hdds-container-service-0.6.0-SNAPSHOT.jar!/webapps/static,UNAVAILABLE}
2020-06-06 05:16:41,111 [ForkJoinPool.commonPool-worker-0] INFO  handler.ContextHandler (ContextHandler.java:doStop(1016)) - Stopped o.e.j.s.ServletContextHandler@637bc151{logs,/logs,file:///github/workspace/mnt/ozone/hadoop-ozone/integration-test/target/log,UNAVAILABLE}
2020-06-06 05:16:41,111 [Listener at 127.0.0.1/44133] INFO  server.GrpcService (GrpcService.java:closeImpl(173)) - 4748d6c1-a840-468c-97bc-f81124d46716: shutdown server with port 42783 successfully
2020-06-06 05:16:41,112 [Listener at 127.0.0.1/44133] INFO  utils.BackgroundService (BackgroundService.java:shutdown(157)) - Shutting down service BlockDeletingService
2020-06-06 05:16:41,121 [Listener at 127.0.0.1/44133] INFO  statemachine.DatanodeStateMachine (DatanodeStateMachine.java:stopDaemon(428)) - Ozone container server stopped.
2020-06-06 05:16:41,121 [Listener at 127.0.0.1/44133] INFO  handler.ContextHandler (ContextHandler.java:doStop(1016)) - Stopped o.e.j.w.WebAppContext@6b82ee44{hddsDatanode,/,null,UNAVAILABLE}{jar:file:/home/user/.m2/repository/org/apache/hadoop/hadoop-hdds-container-service/0.6.0-SNAPSHOT/hadoop-hdds-container-service-0.6.0-SNAPSHOT.jar!/webapps/hddsDatanode}
2020-06-06 05:16:41,125 [Listener at 127.0.0.1/44133] INFO  server.AbstractConnector (AbstractConnector.java:doStop(380)) - Stopped ServerConnector@6fca5b{HTTP/1.1,[http/1.1]}{0.0.0.0:0}
2020-06-06 05:16:41,125 [Listener at 127.0.0.1/44133] INFO  server.session (HouseKeeper.java:stopScavenging(158)) - node0 Stopped scavenging
2020-06-06 05:16:41,125 [Listener at 127.0.0.1/44133] INFO  handler.ContextHandler (ContextHandler.java:doStop(1016)) - Stopped o.e.j.s.ServletContextHandler@778479a0{static,/static,jar:file:/home/user/.m2/repository/org/apache/hadoop/hadoop-hdds-container-service/0.6.0-SNAPSHOT/hadoop-hdds-container-service-0.6.0-SNAPSHOT.jar!/webapps/static,UNAVAILABLE}
2020-06-06 05:16:41,125 [Listener at 127.0.0.1/44133] INFO  handler.ContextHandler (ContextHandler.java:doStop(1016)) - Stopped o.e.j.s.ServletContextHandler@47089c0b{logs,/logs,file:///github/workspace/mnt/ozone/hadoop-ozone/integration-test/target/log,UNAVAILABLE}
2020-06-06 05:16:41,164 [Datanode State Machine Thread - 0] INFO  statemachine.DatanodeStateMachine (DatanodeStateMachine.java:lambda$startDaemon$0(380)) - Ozone container server started.
2020-06-06 05:16:41,316 [Datanode State Machine Thread - 0] INFO  statemachine.DatanodeStateMachine (DatanodeStateMachine.java:lambda$startDaemon$0(380)) - Ozone container server started.
2020-06-06 05:16:42,492 [Thread-768] INFO  impl.FollowerState (FollowerState.java:run(108)) - c5a1e514-6f01-4466-ae6f-c9e2d9db90cf@group-7F597F336E44-FollowerState: change to CANDIDATE, lastRpcTime:1816ms, electionTimeout:1014ms
2020-06-06 05:16:42,493 [Thread-768] INFO  impl.RoleInfo (RoleInfo.java:shutdownFollowerState(121)) - c5a1e514-6f01-4466-ae6f-c9e2d9db90cf: shutdown FollowerState
2020-06-06 05:16:42,493 [Thread-768] INFO  impl.RaftServerImpl (RaftServerImpl.java:setRole(173)) - c5a1e514-6f01-4466-ae6f-c9e2d9db90cf@group-7F597F336E44: changes role from  FOLLOWER to CANDIDATE at term 2 for changeToCandidate
2020-06-06 05:16:42,493 [Thread-768] INFO  impl.RoleInfo (RoleInfo.java:updateAndGet(143)) - c5a1e514-6f01-4466-ae6f-c9e2d9db90cf: start LeaderElection
2020-06-06 05:16:42,494 [c5a1e514-6f01-4466-ae6f-c9e2d9db90cf@group-7F597F336E44-LeaderElection27] INFO  impl.RaftServerImpl (ServerState.java:setLeader(255)) - c5a1e514-6f01-4466-ae6f-c9e2d9db90cf@group-7F597F336E44: change Leader from 4748d6c1-a840-468c-97bc-f81124d46716 to null at term 2 for initElection
2020-06-06 05:16:42,496 [c5a1e514-6f01-4466-ae6f-c9e2d9db90cf@group-7F597F336E44-LeaderElection27] INFO  impl.LeaderElection (LeaderElection.java:askForVotes(206)) - c5a1e514-6f01-4466-ae6f-c9e2d9db90cf@group-7F597F336E44-LeaderElection27: begin an election at term 3 for 1: [511a318d-fbb5-4d0b-a0f0-9021d224a603:172.17.0.2:39567, 4748d6c1-a840-468c-97bc-f81124d46716:172.17.0.2:42783, c5a1e514-6f01-4466-ae6f-c9e2d9db90cf:172.17.0.2:43443], old=null
2020-06-06 05:16:42,499 [c5a1e514-6f01-4466-ae6f-c9e2d9db90cf@group-7F597F336E44-LeaderElection27] INFO  impl.LeaderElection (LogUtils.java:infoOrTrace(137)) - c5a1e514-6f01-4466-ae6f-c9e2d9db90cf@group-7F597F336E44-LeaderElection27 got exception when requesting votes: java.util.concurrent.ExecutionException: org.apache.ratis.thirdparty.io.grpc.StatusRuntimeException: UNAVAILABLE: io exception
2020-06-06 05:16:42,505 [c5a1e514-6f01-4466-ae6f-c9e2d9db90cf@group-7F597F336E44-LeaderElection27] INFO  impl.LeaderElection (LogUtils.java:infoOrTrace(137)) - c5a1e514-6f01-4466-ae6f-c9e2d9db90cf@group-7F597F336E44-LeaderElection27 got exception when requesting votes: java.util.concurrent.ExecutionException: org.apache.ratis.thirdparty.io.grpc.StatusRuntimeException: UNAVAILABLE: io exception
2020-06-06 05:16:42,505 [c5a1e514-6f01-4466-ae6f-c9e2d9db90cf@group-7F597F336E44-LeaderElection27] INFO  impl.LeaderElection (LeaderElection.java:logAndReturn(61)) - c5a1e514-6f01-4466-ae6f-c9e2d9db90cf@group-7F597F336E44-LeaderElection27: Election REJECTED; received 0 response(s) [] and 2 exception(s); c5a1e514-6f01-4466-ae6f-c9e2d9db90cf@group-7F597F336E44:t3, leader=null, voted=c5a1e514-6f01-4466-ae6f-c9e2d9db90cf, raftlog=c5a1e514-6f01-4466-ae6f-c9e2d9db90cf@group-7F597F336E44-SegmentedRaftLog:OPENED:c2,f2,i2, conf=1: [511a318d-fbb5-4d0b-a0f0-9021d224a603:172.17.0.2:39567, 4748d6c1-a840-468c-97bc-f81124d46716:172.17.0.2:42783, c5a1e514-6f01-4466-ae6f-c9e2d9db90cf:172.17.0.2:43443], old=null
2020-06-06 05:16:42,505 [c5a1e514-6f01-4466-ae6f-c9e2d9db90cf@group-7F597F336E44-LeaderElection27] INFO  impl.LeaderElection (LogUtils.java:infoOrTrace(137)) -   Exception 0: java.util.concurrent.ExecutionException: org.apache.ratis.thirdparty.io.grpc.StatusRuntimeException: UNAVAILABLE: io exception
2020-06-06 05:16:42,505 [c5a1e514-6f01-4466-ae6f-c9e2d9db90cf@group-7F597F336E44-LeaderElection27] INFO  impl.LeaderElection (LogUtils.java:infoOrTrace(137)) -   Exception 1: java.util.concurrent.ExecutionException: org.apache.ratis.thirdparty.io.grpc.StatusRuntimeException: UNAVAILABLE: io exception
2020-06-06 05:16:42,505 [c5a1e514-6f01-4466-ae6f-c9e2d9db90cf@group-7F597F336E44-LeaderElection27] INFO  impl.RaftServerImpl (RaftServerImpl.java:setRole(173)) - c5a1e514-6f01-4466-ae6f-c9e2d9db90cf@group-7F597F336E44: changes role from CANDIDATE to FOLLOWER at term 3 for DISCOVERED_A_NEW_TERM
2020-06-06 05:16:42,505 [c5a1e514-6f01-4466-ae6f-c9e2d9db90cf@group-7F597F336E44-LeaderElection27] INFO  impl.RoleInfo (RoleInfo.java:shutdownLeaderElection(134)) - c5a1e514-6f01-4466-ae6f-c9e2d9db90cf: shutdown LeaderElection
2020-06-06 05:16:42,505 [c5a1e514-6f01-4466-ae6f-c9e2d9db90cf@group-7F597F336E44-LeaderElection27] INFO  impl.RoleInfo (RoleInfo.java:updateAndGet(143)) - c5a1e514-6f01-4466-ae6f-c9e2d9db90cf: start FollowerState
2020-06-06 05:16:43,512 [Thread-785] INFO  impl.FollowerState (FollowerState.java:run(108)) - c5a1e514-6f01-4466-ae6f-c9e2d9db90cf@group-7F597F336E44-FollowerState: change to CANDIDATE, lastRpcTime:1006ms, electionTimeout:1006ms
2020-06-06 05:16:43,513 [Thread-785] INFO  impl.RoleInfo (RoleInfo.java:shutdownFollowerState(121)) - c5a1e514-6f01-4466-ae6f-c9e2d9db90cf: shutdown FollowerState
2020-06-06 05:16:43,514 [Thread-785] INFO  impl.RaftServerImpl (RaftServerImpl.java:setRole(173)) - c5a1e514-6f01-4466-ae6f-c9e2d9db90cf@group-7F597F336E44: changes role from  FOLLOWER to CANDIDATE at term 3 for changeToCandidate
2020-06-06 05:16:43,514 [Thread-785] INFO  impl.RoleInfo (RoleInfo.java:updateAndGet(143)) - c5a1e514-6f01-4466-ae6f-c9e2d9db90cf: start LeaderElection
2020-06-06 05:16:43,517 [c5a1e514-6f01-4466-ae6f-c9e2d9db90cf@group-7F597F336E44-LeaderElection28] INFO  impl.LeaderElection (LeaderElection.java:askForVotes(206)) - c5a1e514-6f01-4466-ae6f-c9e2d9db90cf@group-7F597F336E44-LeaderElection28: begin an election at term 4 for 1: [511a318d-fbb5-4d0b-a0f0-9021d224a603:172.17.0.2:39567, 4748d6c1-a840-468c-97bc-f81124d46716:172.17.0.2:42783, c5a1e514-6f01-4466-ae6f-c9e2d9db90cf:172.17.0.2:43443], old=null
2020-06-06 05:16:43,519 [c5a1e514-6f01-4466-ae6f-c9e2d9db90cf@group-7F597F336E44-LeaderElection28] INFO  impl.LeaderElection (LogUtils.java:infoOrTrace(137)) - c5a1e514-6f01-4466-ae6f-c9e2d9db90cf@group-7F597F336E44-LeaderElection28 got exception when requesting votes: java.util.concurrent.ExecutionException: org.apache.ratis.thirdparty.io.grpc.StatusRuntimeException: UNAVAILABLE: io exception
2020-06-06 05:16:43,519 [c5a1e514-6f01-4466-ae6f-c9e2d9db90cf@group-7F597F336E44-LeaderElection28] INFO  impl.LeaderElection (LogUtils.java:infoOrTrace(137)) - c5a1e514-6f01-4466-ae6f-c9e2d9db90cf@group-7F597F336E44-LeaderElection28 got exception when requesting votes: java.util.concurrent.ExecutionException: org.apache.ratis.thirdparty.io.grpc.StatusRuntimeException: UNAVAILABLE: io exception
2020-06-06 05:16:43,519 [c5a1e514-6f01-4466-ae6f-c9e2d9db90cf@group-7F597F336E44-LeaderElection28] INFO  impl.LeaderElection (LeaderElection.java:logAndReturn(61)) - c5a1e514-6f01-4466-ae6f-c9e2d9db90cf@group-7F597F336E44-LeaderElection28: Election REJECTED; received 0 response(s) [] and 2 exception(s); c5a1e514-6f01-4466-ae6f-c9e2d9db90cf@group-7F597F336E44:t4, leader=null, voted=c5a1e514-6f01-4466-ae6f-c9e2d9db90cf, raftlog=c5a1e514-6f01-4466-ae6f-c9e2d9db90cf@group-7F597F336E44-SegmentedRaftLog:OPENED:c2,f2,i2, conf=1: [511a318d-fbb5-4d0b-a0f0-9021d224a603:172.17.0.2:39567, 4748d6c1-a840-468c-97bc-f81124d46716:172.17.0.2:42783, c5a1e514-6f01-4466-ae6f-c9e2d9db90cf:172.17.0.2:43443], old=null
2020-06-06 05:16:43,519 [c5a1e514-6f01-4466-ae6f-c9e2d9db90cf@group-7F597F336E44-LeaderElection28] INFO  impl.LeaderElection (LogUtils.java:infoOrTrace(137)) -   Exception 0: java.util.concurrent.ExecutionException: org.apache.ratis.thirdparty.io.grpc.StatusRuntimeException: UNAVAILABLE: io exception
2020-06-06 05:16:43,519 [c5a1e514-6f01-4466-ae6f-c9e2d9db90cf@group-7F597F336E44-LeaderElection28] INFO  impl.LeaderElection (LogUtils.java:infoOrTrace(137)) -   Exception 1: java.util.concurrent.ExecutionException: org.apache.ratis.thirdparty.io.grpc.StatusRuntimeException: UNAVAILABLE: io exception
2020-06-06 05:16:43,520 [c5a1e514-6f01-4466-ae6f-c9e2d9db90cf@group-7F597F336E44-LeaderElection28] INFO  impl.RaftServerImpl (RaftServerImpl.java:setRole(173)) - c5a1e514-6f01-4466-ae6f-c9e2d9db90cf@group-7F597F336E44: changes role from CANDIDATE to FOLLOWER at term 4 for DISCOVERED_A_NEW_TERM
2020-06-06 05:16:43,520 [c5a1e514-6f01-4466-ae6f-c9e2d9db90cf@group-7F597F336E44-LeaderElection28] INFO  impl.RoleInfo (RoleInfo.java:shutdownLeaderElection(134)) - c5a1e514-6f01-4466-ae6f-c9e2d9db90cf: shutdown LeaderElection
2020-06-06 05:16:43,520 [c5a1e514-6f01-4466-ae6f-c9e2d9db90cf@group-7F597F336E44-LeaderElection28] INFO  impl.RoleInfo (RoleInfo.java:updateAndGet(143)) - c5a1e514-6f01-4466-ae6f-c9e2d9db90cf: start FollowerState
2020-06-06 05:16:44,615 [Thread-789] INFO  impl.FollowerState (FollowerState.java:run(108)) - c5a1e514-6f01-4466-ae6f-c9e2d9db90cf@group-7F597F336E44-FollowerState: change to CANDIDATE, lastRpcTime:1095ms, electionTimeout:1094ms
2020-06-06 05:16:44,616 [Thread-789] INFO  impl.RoleInfo (RoleInfo.java:shutdownFollowerState(121)) - c5a1e514-6f01-4466-ae6f-c9e2d9db90cf: shutdown FollowerState
2020-06-06 05:16:44,616 [Thread-789] INFO  impl.RaftServerImpl (RaftServerImpl.java:setRole(173)) - c5a1e514-6f01-4466-ae6f-c9e2d9db90cf@group-7F597F336E44: changes role from  FOLLOWER to CANDIDATE at term 4 for changeToCandidate
2020-06-06 05:16:44,617 [Thread-789] INFO  impl.RoleInfo (RoleInfo.java:updateAndGet(143)) - c5a1e514-6f01-4466-ae6f-c9e2d9db90cf: start LeaderElection
2020-06-06 05:16:44,619 [c5a1e514-6f01-4466-ae6f-c9e2d9db90cf@group-7F597F336E44-LeaderElection29] INFO  impl.LeaderElection (LeaderElection.java:askForVotes(206)) - c5a1e514-6f01-4466-ae6f-c9e2d9db90cf@group-7F597F336E44-LeaderElection29: begin an election at term 5 for 1: [511a318d-fbb5-4d0b-a0f0-9021d224a603:172.17.0.2:39567, 4748d6c1-a840-468c-97bc-f81124d46716:172.17.0.2:42783, c5a1e514-6f01-4466-ae6f-c9e2d9db90cf:172.17.0.2:43443], old=null
2020-06-06 05:16:44,620 [c5a1e514-6f01-4466-ae6f-c9e2d9db90cf@group-7F597F336E44-LeaderElection29] INFO  impl.LeaderElection (LogUtils.java:infoOrTrace(137)) - c5a1e514-6f01-4466-ae6f-c9e2d9db90cf@group-7F597F336E44-LeaderElection29 got exception when requesting votes: java.util.concurrent.ExecutionException: org.apache.ratis.thirdparty.io.grpc.StatusRuntimeException: UNAVAILABLE: io exception
2020-06-06 05:16:44,620 [c5a1e514-6f01-4466-ae6f-c9e2d9db90cf@group-7F597F336E44-LeaderElection29] INFO  impl.LeaderElection (LogUtils.java:infoOrTrace(137)) - c5a1e514-6f01-4466-ae6f-c9e2d9db90cf@group-7F597F336E44-LeaderElection29 got exception when requesting votes: java.util.concurrent.ExecutionException: org.apache.ratis.thirdparty.io.grpc.StatusRuntimeException: UNAVAILABLE: io exception
2020-06-06 05:16:44,620 [c5a1e514-6f01-4466-ae6f-c9e2d9db90cf@group-7F597F336E44-LeaderElection29] INFO  impl.LeaderElection (LeaderElection.java:logAndReturn(61)) - c5a1e514-6f01-4466-ae6f-c9e2d9db90cf@group-7F597F336E44-LeaderElection29: Election REJECTED; received 0 response(s) [] and 2 exception(s); c5a1e514-6f01-4466-ae6f-c9e2d9db90cf@group-7F597F336E44:t5, leader=null, voted=c5a1e514-6f01-4466-ae6f-c9e2d9db90cf, raftlog=c5a1e514-6f01-4466-ae6f-c9e2d9db90cf@group-7F597F336E44-SegmentedRaftLog:OPENED:c2,f2,i2, conf=1: [511a318d-fbb5-4d0b-a0f0-9021d224a603:172.17.0.2:39567, 4748d6c1-a840-468c-97bc-f81124d46716:172.17.0.2:42783, c5a1e514-6f01-4466-ae6f-c9e2d9db90cf:172.17.0.2:43443], old=null
2020-06-06 05:16:44,621 [c5a1e514-6f01-4466-ae6f-c9e2d9db90cf@group-7F597F336E44-LeaderElection29] INFO  impl.LeaderElection (LogUtils.java:infoOrTrace(137)) -   Exception 0: java.util.concurrent.ExecutionException: org.apache.ratis.thirdparty.io.grpc.StatusRuntimeException: UNAVAILABLE: io exception
2020-06-06 05:16:44,621 [c5a1e514-6f01-4466-ae6f-c9e2d9db90cf@group-7F597F336E44-LeaderElection29] INFO  impl.LeaderElection (LogUtils.java:infoOrTrace(137)) -   Exception 1: java.util.concurrent.ExecutionException: org.apache.ratis.thirdparty.io.grpc.StatusRuntimeException: UNAVAILABLE: io exception
2020-06-06 05:16:44,621 [c5a1e514-6f01-4466-ae6f-c9e2d9db90cf@group-7F597F336E44-LeaderElection29] INFO  impl.RaftServerImpl (RaftServerImpl.java:setRole(173)) - c5a1e514-6f01-4466-ae6f-c9e2d9db90cf@group-7F597F336E44: changes role from CANDIDATE to FOLLOWER at term 5 for DISCOVERED_A_NEW_TERM
2020-06-06 05:16:44,621 [c5a1e514-6f01-4466-ae6f-c9e2d9db90cf@group-7F597F336E44-LeaderElection29] INFO  impl.RoleInfo (RoleInfo.java:shutdownLeaderElection(134)) - c5a1e514-6f01-4466-ae6f-c9e2d9db90cf: shutdown LeaderElection
2020-06-06 05:16:44,621 [c5a1e514-6f01-4466-ae6f-c9e2d9db90cf@group-7F597F336E44-LeaderElection29] INFO  impl.RoleInfo (RoleInfo.java:updateAndGet(143)) - c5a1e514-6f01-4466-ae6f-c9e2d9db90cf: start FollowerState
2020-06-06 05:16:45,743 [Thread-793] INFO  impl.FollowerState (FollowerState.java:run(108)) - c5a1e514-6f01-4466-ae6f-c9e2d9db90cf@group-7F597F336E44-FollowerState: change to CANDIDATE, lastRpcTime:1122ms, electionTimeout:1122ms
2020-06-06 05:16:45,744 [Thread-793] INFO  impl.RoleInfo (RoleInfo.java:shutdownFollowerState(121)) - c5a1e514-6f01-4466-ae6f-c9e2d9db90cf: shutdown FollowerState
2020-06-06 05:16:45,744 [Thread-793] INFO  impl.RaftServerImpl (RaftServerImpl.java:setRole(173)) - c5a1e514-6f01-4466-ae6f-c9e2d9db90cf@group-7F597F336E44: changes role from  FOLLOWER to CANDIDATE at term 5 for changeToCandidate
2020-06-06 05:16:45,745 [Thread-793] INFO  impl.RoleInfo (RoleInfo.java:updateAndGet(143)) - c5a1e514-6f01-4466-ae6f-c9e2d9db90cf: start LeaderElection
2020-06-06 05:16:45,748 [c5a1e514-6f01-4466-ae6f-c9e2d9db90cf@group-7F597F336E44-LeaderElection30] INFO  impl.LeaderElection (LeaderElection.java:askForVotes(206)) - c5a1e514-6f01-4466-ae6f-c9e2d9db90cf@group-7F597F336E44-LeaderElection30: begin an election at term 6 for 1: [511a318d-fbb5-4d0b-a0f0-9021d224a603:172.17.0.2:39567, 4748d6c1-a840-468c-97bc-f81124d46716:172.17.0.2:42783, c5a1e514-6f01-4466-ae6f-c9e2d9db90cf:172.17.0.2:43443], old=null
2020-06-06 05:16:45,749 [c5a1e514-6f01-4466-ae6f-c9e2d9db90cf@group-7F597F336E44-LeaderElection30] INFO  impl.LeaderElection (LogUtils.java:infoOrTrace(137)) - c5a1e514-6f01-4466-ae6f-c9e2d9db90cf@group-7F597F336E44-LeaderElection30 got exception when requesting votes: java.util.concurrent.ExecutionException: org.apache.ratis.thirdparty.io.grpc.StatusRuntimeException: UNAVAILABLE: io exception
2020-06-06 05:16:45,749 [c5a1e514-6f01-4466-ae6f-c9e2d9db90cf@group-7F597F336E44-LeaderElection30] INFO  impl.LeaderElection (LogUtils.java:infoOrTrace(137)) - c5a1e514-6f01-4466-ae6f-c9e2d9db90cf@group-7F597F336E44-LeaderElection30 got exception when requesting votes: java.util.concurrent.ExecutionException: org.apache.ratis.thirdparty.io.grpc.StatusRuntimeException: UNAVAILABLE: io exception
2020-06-06 05:16:45,749 [c5a1e514-6f01-4466-ae6f-c9e2d9db90cf@group-7F597F336E44-LeaderElection30] INFO  impl.LeaderElection (LeaderElection.java:logAndReturn(61)) - c5a1e514-6f01-4466-ae6f-c9e2d9db90cf@group-7F597F336E44-LeaderElection30: Election REJECTED; received 0 response(s) [] and 2 exception(s); c5a1e514-6f01-4466-ae6f-c9e2d9db90cf@group-7F597F336E44:t6, leader=null, voted=c5a1e514-6f01-4466-ae6f-c9e2d9db90cf, raftlog=c5a1e514-6f01-4466-ae6f-c9e2d9db90cf@group-7F597F336E44-SegmentedRaftLog:OPENED:c2,f2,i2, conf=1: [511a318d-fbb5-4d0b-a0f0-9021d224a603:172.17.0.2:39567, 4748d6c1-a840-468c-97bc-f81124d46716:172.17.0.2:42783, c5a1e514-6f01-4466-ae6f-c9e2d9db90cf:172.17.0.2:43443], old=null
2020-06-06 05:16:45,749 [c5a1e514-6f01-4466-ae6f-c9e2d9db90cf@group-7F597F336E44-LeaderElection30] INFO  impl.LeaderElection (LogUtils.java:infoOrTrace(137)) -   Exception 0: java.util.concurrent.ExecutionException: org.apache.ratis.thirdparty.io.grpc.StatusRuntimeException: UNAVAILABLE: io exception
2020-06-06 05:16:45,749 [c5a1e514-6f01-4466-ae6f-c9e2d9db90cf@group-7F597F336E44-LeaderElection30] INFO  impl.LeaderElection (LogUtils.java:infoOrTrace(137)) -   Exception 1: java.util.concurrent.ExecutionException: org.apache.ratis.thirdparty.io.grpc.StatusRuntimeException: UNAVAILABLE: io exception
2020-06-06 05:16:45,750 [c5a1e514-6f01-4466-ae6f-c9e2d9db90cf@group-7F597F336E44-LeaderElection30] INFO  impl.RaftServerImpl (RaftServerImpl.java:setRole(173)) - c5a1e514-6f01-4466-ae6f-c9e2d9db90cf@group-7F597F336E44: changes role from CANDIDATE to FOLLOWER at term 6 for DISCOVERED_A_NEW_TERM
2020-06-06 05:16:45,750 [c5a1e514-6f01-4466-ae6f-c9e2d9db90cf@group-7F597F336E44-LeaderElection30] INFO  impl.RoleInfo (RoleInfo.java:shutdownLeaderElection(134)) - c5a1e514-6f01-4466-ae6f-c9e2d9db90cf: shutdown LeaderElection
2020-06-06 05:16:45,750 [c5a1e514-6f01-4466-ae6f-c9e2d9db90cf@group-7F597F336E44-LeaderElection30] INFO  impl.RoleInfo (RoleInfo.java:updateAndGet(143)) - c5a1e514-6f01-4466-ae6f-c9e2d9db90cf: start FollowerState
2020-06-06 05:16:46,114 [ForkJoinPool.commonPool-worker-0] INFO  ozoneimpl.OzoneContainer (OzoneContainer.java:stop(246)) - Attempting to stop container services.
2020-06-06 05:16:46,115 [ForkJoinPool.commonPool-worker-0] INFO  impl.RaftServerProxy (RaftServerProxy.java:lambda$close$4(314)) - c5a1e514-6f01-4466-ae6f-c9e2d9db90cf: close
2020-06-06 05:16:46,115 [ForkJoinPool.commonPool-worker-0] INFO  impl.RaftServerImpl (RaftServerImpl.java:lambda$shutdown$3(250)) - c5a1e514-6f01-4466-ae6f-c9e2d9db90cf@group-077F859989A5: shutdown
2020-06-06 05:16:46,115 [ForkJoinPool.commonPool-worker-0] INFO  util.JmxRegister (JmxRegister.java:unregister(73)) - Successfully un-registered JMX Bean with object name Ratis:service=RaftServer,group=group-077F859989A5,id=c5a1e514-6f01-4466-ae6f-c9e2d9db90cf
2020-06-06 05:16:46,115 [ForkJoinPool.commonPool-worker-0] INFO  impl.RoleInfo (RoleInfo.java:shutdownLeaderState(104)) - c5a1e514-6f01-4466-ae6f-c9e2d9db90cf: shutdown LeaderState
2020-06-06 05:16:46,115 [ForkJoinPool.commonPool-worker-0] INFO  impl.PendingRequests (PendingRequests.java:sendNotLeaderResponses(242)) - c5a1e514-6f01-4466-ae6f-c9e2d9db90cf@group-077F859989A5-PendingRequests: sendNotLeaderResponses
2020-06-06 05:16:46,116 [ForkJoinPool.commonPool-worker-0] INFO  metrics.RatisMetrics (RatisMetrics.java:unregister(46)) - Unregistering Metrics Registry : ratis.log_appender.c5a1e514-6f01-4466-ae6f-c9e2d9db90cf@group-077F859989A5
2020-06-06 05:16:46,116 [ForkJoinPool.commonPool-worker-0] INFO  impl.StateMachineUpdater (StateMachineUpdater.java:stopAndJoin(142)) - c5a1e514-6f01-4466-ae6f-c9e2d9db90cf@group-077F859989A5-StateMachineUpdater: set stopIndex = 0
2020-06-06 05:16:46,116 [c5a1e514-6f01-4466-ae6f-c9e2d9db90cf@group-077F859989A5-StateMachineUpdater] INFO  ratis.ContainerStateMachine (ContainerStateMachine.java:takeSnapshot(288)) - group-077F859989A5: Taking a snapshot at:(t:1, i:0) file /github/workspace/mnt/ozone/hadoop-ozone/integration-test/target/test-dir/MiniOzoneClusterImpl-e9c98d0f-e324-43f2-aa41-70e4df10ec43/datanode-7/data/ratis/a3ae1158-afce-41dd-b921-077f859989a5/sm/snapshot.1_0
2020-06-06 05:16:46,117 [c5a1e514-6f01-4466-ae6f-c9e2d9db90cf@group-077F859989A5-StateMachineUpdater] INFO  ratis.ContainerStateMachine (ContainerStateMachine.java:takeSnapshot(299)) - group-077F859989A5: Finished taking a snapshot at:(t:1, i:0) file:/github/workspace/mnt/ozone/hadoop-ozone/integration-test/target/test-dir/MiniOzoneClusterImpl-e9c98d0f-e324-43f2-aa41-70e4df10ec43/datanode-7/data/ratis/a3ae1158-afce-41dd-b921-077f859989a5/sm/snapshot.1_0 time:1
2020-06-06 05:16:46,117 [c5a1e514-6f01-4466-ae6f-c9e2d9db90cf@group-077F859989A5-StateMachineUpdater] INFO  impl.StateMachineUpdater (StateMachineUpdater.java:takeSnapshot(277)) - c5a1e514-6f01-4466-ae6f-c9e2d9db90cf@group-077F859989A5-StateMachineUpdater: Took a snapshot at index 0
2020-06-06 05:16:46,117 [c5a1e514-6f01-4466-ae6f-c9e2d9db90cf@group-077F859989A5-StateMachineUpdater] INFO  impl.StateMachineUpdater (StateMachineUpdater.java:lambda$new$0(87)) - c5a1e514-6f01-4466-ae6f-c9e2d9db90cf@group-077F859989A5-StateMachineUpdater: snapshotIndex: updateIncreasingly -1 -> 0
2020-06-06 05:16:46,118 [c5a1e514-6f01-4466-ae6f-c9e2d9db90cf@group-077F859989A5-StateMachineUpdater] INFO  metrics.RatisMetrics (RatisMetrics.java:unregister(46)) - Unregistering Metrics Registry : ratis.state_machine.c5a1e514-6f01-4466-ae6f-c9e2d9db90cf@group-077F859989A5
2020-06-06 05:16:46,118 [ForkJoinPool.commonPool-worker-0] INFO  impl.RaftServerImpl (ServerState.java:close(387)) - c5a1e514-6f01-4466-ae6f-c9e2d9db90cf@group-077F859989A5: closes. applyIndex: 0
2020-06-06 05:16:46,118 [c5a1e514-6f01-4466-ae6f-c9e2d9db90cf@group-077F859989A5-SegmentedRaftLogWorker] INFO  segmented.SegmentedRaftLogWorker (SegmentedRaftLogWorker.java:run(321)) - c5a1e514-6f01-4466-ae6f-c9e2d9db90cf@group-077F859989A5-SegmentedRaftLogWorker was interrupted, exiting. There are 0 tasks remaining in the queue.
2020-06-06 05:16:46,118 [ForkJoinPool.commonPool-worker-0] INFO  segmented.SegmentedRaftLogWorker (SegmentedRaftLogWorker.java:close(229)) - c5a1e514-6f01-4466-ae6f-c9e2d9db90cf@group-077F859989A5-SegmentedRaftLogWorker close()
2020-06-06 05:16:46,119 [ForkJoinPool.commonPool-worker-0] INFO  metrics.RatisMetrics (RatisMetrics.java:unregister(46)) - Unregistering Metrics Registry : ratis.log_worker.c5a1e514-6f01-4466-ae6f-c9e2d9db90cf
2020-06-06 05:16:46,119 [ForkJoinPool.commonPool-worker-0] INFO  metrics.RatisMetrics (RatisMetrics.java:unregister(46)) - Unregistering Metrics Registry : ratis.leader_election.c5a1e514-6f01-4466-ae6f-c9e2d9db90cf@group-077F859989A5
2020-06-06 05:16:46,119 [ForkJoinPool.commonPool-worker-0] INFO  metrics.RatisMetrics (RatisMetrics.java:unregister(46)) - Unregistering Metrics Registry : ratis.server.c5a1e514-6f01-4466-ae6f-c9e2d9db90cf@group-077F859989A5
2020-06-06 05:16:46,119 [ForkJoinPool.commonPool-worker-0] INFO  impl.RaftServerImpl (RaftServerImpl.java:lambda$shutdown$3(250)) - c5a1e514-6f01-4466-ae6f-c9e2d9db90cf@group-7F597F336E44: shutdown
2020-06-06 05:16:46,119 [ForkJoinPool.commonPool-worker-0] INFO  util.JmxRegister (JmxRegister.java:unregister(73)) - Successfully un-registered JMX Bean with object name Ratis:service=RaftServer,group=group-7F597F336E44,id=c5a1e514-6f01-4466-ae6f-c9e2d9db90cf
2020-06-06 05:16:46,119 [ForkJoinPool.commonPool-worker-0] INFO  impl.RoleInfo (RoleInfo.java:shutdownFollowerState(121)) - c5a1e514-6f01-4466-ae6f-c9e2d9db90cf: shutdown FollowerState
2020-06-06 05:16:46,120 [Thread-797] INFO  impl.FollowerState (FollowerState.java:run(117)) - c5a1e514-6f01-4466-ae6f-c9e2d9db90cf@group-7F597F336E44-FollowerState was interrupted: java.lang.InterruptedException: sleep interrupted
2020-06-06 05:16:46,120 [c5a1e514-6f01-4466-ae6f-c9e2d9db90cf@group-7F597F336E44-StateMachineUpdater] INFO  ratis.ContainerStateMachine (ContainerStateMachine.java:takeSnapshot(288)) - group-7F597F336E44: Taking a snapshot at:(t:2, i:2) file /github/workspace/mnt/ozone/hadoop-ozone/integration-test/target/test-dir/MiniOzoneClusterImpl-e9c98d0f-e324-43f2-aa41-70e4df10ec43/datanode-7/data/ratis/d1fd64df-3c23-4618-9d89-7f597f336e44/sm/snapshot.2_2
2020-06-06 05:16:46,120 [ForkJoinPool.commonPool-worker-0] INFO  impl.StateMachineUpdater (StateMachineUpdater.java:stopAndJoin(142)) - c5a1e514-6f01-4466-ae6f-c9e2d9db90cf@group-7F597F336E44-StateMachineUpdater: set stopIndex = 2
2020-06-06 05:16:46,120 [c5a1e514-6f01-4466-ae6f-c9e2d9db90cf@group-7F597F336E44-StateMachineUpdater] INFO  ratis.ContainerStateMachine (ContainerStateMachine.java:takeSnapshot(299)) - group-7F597F336E44: Finished taking a snapshot at:(t:2, i:2) file:/github/workspace/mnt/ozone/hadoop-ozone/integration-test/target/test-dir/MiniOzoneClusterImpl-e9c98d0f-e324-43f2-aa41-70e4df10ec43/datanode-7/data/ratis/d1fd64df-3c23-4618-9d89-7f597f336e44/sm/snapshot.2_2 time:0
2020-06-06 05:16:46,121 [c5a1e514-6f01-4466-ae6f-c9e2d9db90cf@group-7F597F336E44-StateMachineUpdater] INFO  impl.StateMachineUpdater (StateMachineUpdater.java:takeSnapshot(277)) - c5a1e514-6f01-4466-ae6f-c9e2d9db90cf@group-7F597F336E44-StateMachineUpdater: Took a snapshot at index 2
2020-06-06 05:16:46,121 [c5a1e514-6f01-4466-ae6f-c9e2d9db90cf@group-7F597F336E44-StateMachineUpdater] INFO  impl.StateMachineUpdater (StateMachineUpdater.java:lambda$new$0(87)) - c5a1e514-6f01-4466-ae6f-c9e2d9db90cf@group-7F597F336E44-StateMachineUpdater: snapshotIndex: updateIncreasingly -1 -> 2
2020-06-06 05:16:46,121 [c5a1e514-6f01-4466-ae6f-c9e2d9db90cf@group-7F597F336E44-StateMachineUpdater] INFO  metrics.RatisMetrics (RatisMetrics.java:unregister(46)) - Unregistering Metrics Registry : ratis.state_machine.c5a1e514-6f01-4466-ae6f-c9e2d9db90cf@group-7F597F336E44
2020-06-06 05:16:46,121 [ForkJoinPool.commonPool-worker-0] INFO  impl.RaftServerImpl (ServerState.java:close(387)) - c5a1e514-6f01-4466-ae6f-c9e2d9db90cf@group-7F597F336E44: closes. applyIndex: 2
2020-06-06 05:16:46,121 [c5a1e514-6f01-4466-ae6f-c9e2d9db90cf@group-7F597F336E44-SegmentedRaftLogWorker] INFO  segmented.SegmentedRaftLogWorker (SegmentedRaftLogWorker.java:run(321)) - c5a1e514-6f01-4466-ae6f-c9e2d9db90cf@group-7F597F336E44-SegmentedRaftLogWorker was interrupted, exiting. There are 0 tasks remaining in the queue.
2020-06-06 05:16:46,122 [ForkJoinPool.commonPool-worker-0] INFO  segmented.SegmentedRaftLogWorker (SegmentedRaftLogWorker.java:close(229)) - c5a1e514-6f01-4466-ae6f-c9e2d9db90cf@group-7F597F336E44-SegmentedRaftLogWorker close()
2020-06-06 05:16:46,122 [ForkJoinPool.commonPool-worker-0] INFO  metrics.RatisMetrics (RatisMetrics.java:unregister(46)) - Unregistering Metrics Registry : ratis.log_worker.c5a1e514-6f01-4466-ae6f-c9e2d9db90cf
2020-06-06 05:16:46,122 [ForkJoinPool.commonPool-worker-0] INFO  metrics.RatisMetrics (RatisMetrics.java:unregister(46)) - Unregistering Metrics Registry : ratis.leader_election.c5a1e514-6f01-4466-ae6f-c9e2d9db90cf@group-7F597F336E44
2020-06-06 05:16:46,122 [ForkJoinPool.commonPool-worker-0] INFO  metrics.RatisMetrics (RatisMetrics.java:unregister(46)) - Unregistering Metrics Registry : ratis.server.c5a1e514-6f01-4466-ae6f-c9e2d9db90cf@group-7F597F336E44
2020-06-06 05:16:46,122 [ForkJoinPool.commonPool-worker-0] INFO  server.GrpcService (GrpcService.java:closeImpl(165)) - c5a1e514-6f01-4466-ae6f-c9e2d9db90cf: shutdown server with port 43443 now
2020-06-06 05:16:46,123 [ForkJoinPool.commonPool-worker-0] INFO  server.GrpcService (GrpcService.java:closeImpl(173)) - c5a1e514-6f01-4466-ae6f-c9e2d9db90cf: shutdown server with port 43443 successfully
2020-06-06 05:16:46,124 [ForkJoinPool.commonPool-worker-0] INFO  utils.BackgroundService (BackgroundService.java:shutdown(157)) - Shutting down service BlockDeletingService
2020-06-06 05:16:46,126 [ForkJoinPool.commonPool-worker-0] INFO  statemachine.DatanodeStateMachine (DatanodeStateMachine.java:stopDaemon(428)) - Ozone container server stopped.
2020-06-06 05:16:46,127 [Listener at 127.0.0.1/44133] INFO  ozoneimpl.OzoneContainer (OzoneContainer.java:stop(246)) - Attempting to stop container services.
2020-06-06 05:16:46,127 [Listener at 127.0.0.1/44133] INFO  impl.RaftServerProxy (RaftServerProxy.java:lambda$close$4(314)) - 92229472-150d-4b8c-8c8a-1ffb4ed5a15e: close
2020-06-06 05:16:46,127 [Listener at 127.0.0.1/44133] INFO  impl.RaftServerImpl (RaftServerImpl.java:lambda$shutdown$3(250)) - 92229472-150d-4b8c-8c8a-1ffb4ed5a15e@group-5F9612465EBB: shutdown
2020-06-06 05:16:46,127 [Listener at 127.0.0.1/44133] INFO  util.JmxRegister (JmxRegister.java:unregister(73)) - Successfully un-registered JMX Bean with object name Ratis:service=RaftServer,group=group-5F9612465EBB,id=92229472-150d-4b8c-8c8a-1ffb4ed5a15e
2020-06-06 05:16:46,127 [Listener at 127.0.0.1/44133] INFO  impl.RoleInfo (RoleInfo.java:shutdownLeaderState(104)) - 92229472-150d-4b8c-8c8a-1ffb4ed5a15e: shutdown LeaderState
2020-06-06 05:16:46,128 [Listener at 127.0.0.1/44133] INFO  impl.PendingRequests (PendingRequests.java:sendNotLeaderResponses(242)) - 92229472-150d-4b8c-8c8a-1ffb4ed5a15e@group-5F9612465EBB-PendingRequests: sendNotLeaderResponses
2020-06-06 05:16:46,128 [Listener at 127.0.0.1/44133] INFO  metrics.RatisMetrics (RatisMetrics.java:unregister(46)) - Unregistering Metrics Registry : ratis.log_appender.92229472-150d-4b8c-8c8a-1ffb4ed5a15e@group-5F9612465EBB
2020-06-06 05:16:46,128 [Listener at 127.0.0.1/44133] INFO  impl.StateMachineUpdater (StateMachineUpdater.java:stopAndJoin(142)) - 92229472-150d-4b8c-8c8a-1ffb4ed5a15e@group-5F9612465EBB-StateMachineUpdater: set stopIndex = 0
2020-06-06 05:16:46,128 [92229472-150d-4b8c-8c8a-1ffb4ed5a15e@group-5F9612465EBB-StateMachineUpdater] INFO  ratis.ContainerStateMachine (ContainerStateMachine.java:takeSnapshot(288)) - group-5F9612465EBB: Taking a snapshot at:(t:1, i:0) file /github/workspace/mnt/ozone/hadoop-ozone/integration-test/target/test-dir/MiniOzoneClusterImpl-e9c98d0f-e324-43f2-aa41-70e4df10ec43/datanode-9/data/ratis/5c8c39c2-5848-4aa7-9a7c-5f9612465ebb/sm/snapshot.1_0
2020-06-06 05:16:46,129 [92229472-150d-4b8c-8c8a-1ffb4ed5a15e@group-5F9612465EBB-StateMachineUpdater] INFO  ratis.ContainerStateMachine (ContainerStateMachine.java:takeSnapshot(299)) - group-5F9612465EBB: Finished taking a snapshot at:(t:1, i:0) file:/github/workspace/mnt/ozone/hadoop-ozone/integration-test/target/test-dir/MiniOzoneClusterImpl-e9c98d0f-e324-43f2-aa41-70e4df10ec43/datanode-9/data/ratis/5c8c39c2-5848-4aa7-9a7c-5f9612465ebb/sm/snapshot.1_0 time:1
2020-06-06 05:16:46,129 [92229472-150d-4b8c-8c8a-1ffb4ed5a15e@group-5F9612465EBB-StateMachineUpdater] INFO  impl.StateMachineUpdater (StateMachineUpdater.java:takeSnapshot(277)) - 92229472-150d-4b8c-8c8a-1ffb4ed5a15e@group-5F9612465EBB-StateMachineUpdater: Took a snapshot at index 0
2020-06-06 05:16:46,129 [92229472-150d-4b8c-8c8a-1ffb4ed5a15e@group-5F9612465EBB-StateMachineUpdater] INFO  impl.StateMachineUpdater (StateMachineUpdater.java:lambda$new$0(87)) - 92229472-150d-4b8c-8c8a-1ffb4ed5a15e@group-5F9612465EBB-StateMachineUpdater: snapshotIndex: updateIncreasingly -1 -> 0
2020-06-06 05:16:46,129 [92229472-150d-4b8c-8c8a-1ffb4ed5a15e@group-5F9612465EBB-StateMachineUpdater] INFO  metrics.RatisMetrics (RatisMetrics.java:unregister(46)) - Unregistering Metrics Registry : ratis.state_machine.92229472-150d-4b8c-8c8a-1ffb4ed5a15e@group-5F9612465EBB
2020-06-06 05:16:46,129 [Listener at 127.0.0.1/44133] INFO  impl.RaftServerImpl (ServerState.java:close(387)) - 92229472-150d-4b8c-8c8a-1ffb4ed5a15e@group-5F9612465EBB: closes. applyIndex: 0
2020-06-06 05:16:46,129 [92229472-150d-4b8c-8c8a-1ffb4ed5a15e@group-5F9612465EBB-SegmentedRaftLogWorker] INFO  segmented.SegmentedRaftLogWorker (SegmentedRaftLogWorker.java:run(321)) - 92229472-150d-4b8c-8c8a-1ffb4ed5a15e@group-5F9612465EBB-SegmentedRaftLogWorker was interrupted, exiting. There are 0 tasks remaining in the queue.
2020-06-06 05:16:46,130 [Listener at 127.0.0.1/44133] INFO  segmented.SegmentedRaftLogWorker (SegmentedRaftLogWorker.java:close(229)) - 92229472-150d-4b8c-8c8a-1ffb4ed5a15e@group-5F9612465EBB-SegmentedRaftLogWorker close()
2020-06-06 05:16:46,130 [Listener at 127.0.0.1/44133] INFO  metrics.RatisMetrics (RatisMetrics.java:unregister(46)) - Unregistering Metrics Registry : ratis.log_worker.92229472-150d-4b8c-8c8a-1ffb4ed5a15e
2020-06-06 05:16:46,130 [Listener at 127.0.0.1/44133] INFO  metrics.RatisMetrics (RatisMetrics.java:unregister(46)) - Unregistering Metrics Registry : ratis.leader_election.92229472-150d-4b8c-8c8a-1ffb4ed5a15e@group-5F9612465EBB
2020-06-06 05:16:46,130 [Listener at 127.0.0.1/44133] INFO  metrics.RatisMetrics (RatisMetrics.java:unregister(46)) - Unregistering Metrics Registry : ratis.server.92229472-150d-4b8c-8c8a-1ffb4ed5a15e@group-5F9612465EBB
2020-06-06 05:16:46,131 [Listener at 127.0.0.1/44133] INFO  server.GrpcService (GrpcService.java:closeImpl(165)) - 92229472-150d-4b8c-8c8a-1ffb4ed5a15e: shutdown server with port 33829 now
2020-06-06 05:16:46,131 [ForkJoinPool.commonPool-worker-0] INFO  handler.ContextHandler (ContextHandler.java:doStop(1016)) - Stopped o.e.j.w.WebAppContext@3b2cfeac{hddsDatanode,/,null,UNAVAILABLE}{jar:file:/home/user/.m2/repository/org/apache/hadoop/hadoop-hdds-container-service/0.6.0-SNAPSHOT/hadoop-hdds-container-service-0.6.0-SNAPSHOT.jar!/webapps/hddsDatanode}
2020-06-06 05:16:46,132 [Listener at 127.0.0.1/44133] INFO  server.GrpcService (GrpcService.java:closeImpl(173)) - 92229472-150d-4b8c-8c8a-1ffb4ed5a15e: shutdown server with port 33829 successfully
2020-06-06 05:16:46,133 [ForkJoinPool.commonPool-worker-0] INFO  server.AbstractConnector (AbstractConnector.java:doStop(380)) - Stopped ServerConnector@7935dc82{HTTP/1.1,[http/1.1]}{0.0.0.0:0}
2020-06-06 05:16:46,134 [ForkJoinPool.commonPool-worker-0] INFO  server.session (HouseKeeper.java:stopScavenging(158)) - node0 Stopped scavenging
2020-06-06 05:16:46,136 [Listener at 127.0.0.1/44133] INFO  utils.BackgroundService (BackgroundService.java:shutdown(157)) - Shutting down service BlockDeletingService
2020-06-06 05:16:46,138 [Listener at 127.0.0.1/44133] INFO  statemachine.DatanodeStateMachine (DatanodeStateMachine.java:stopDaemon(428)) - Ozone container server stopped.
2020-06-06 05:16:46,138 [ForkJoinPool.commonPool-worker-0] INFO  handler.ContextHandler (ContextHandler.java:doStop(1016)) - Stopped o.e.j.s.ServletContextHandler@6570ace4{static,/static,jar:file:/home/user/.m2/repository/org/apache/hadoop/hadoop-hdds-container-service/0.6.0-SNAPSHOT/hadoop-hdds-container-service-0.6.0-SNAPSHOT.jar!/webapps/static,UNAVAILABLE}
2020-06-06 05:16:46,139 [ForkJoinPool.commonPool-worker-0] INFO  handler.ContextHandler (ContextHandler.java:doStop(1016)) - Stopped o.e.j.s.ServletContextHandler@20696407{logs,/logs,file:///github/workspace/mnt/ozone/hadoop-ozone/integration-test/target/log,UNAVAILABLE}
2020-06-06 05:16:46,141 [Listener at 127.0.0.1/44133] INFO  handler.ContextHandler (ContextHandler.java:doStop(1016)) - Stopped o.e.j.w.WebAppContext@3fe54462{hddsDatanode,/,null,UNAVAILABLE}{jar:file:/home/user/.m2/repository/org/apache/hadoop/hadoop-hdds-container-service/0.6.0-SNAPSHOT/hadoop-hdds-container-service-0.6.0-SNAPSHOT.jar!/webapps/hddsDatanode}
2020-06-06 05:16:46,142 [Listener at 127.0.0.1/44133] INFO  server.AbstractConnector (AbstractConnector.java:doStop(380)) - Stopped ServerConnector@1df7a292{HTTP/1.1,[http/1.1]}{0.0.0.0:0}
2020-06-06 05:16:46,142 [Listener at 127.0.0.1/44133] INFO  server.session (HouseKeeper.java:stopScavenging(158)) - node0 Stopped scavenging
2020-06-06 05:16:46,142 [Listener at 127.0.0.1/44133] INFO  handler.ContextHandler (ContextHandler.java:doStop(1016)) - Stopped o.e.j.s.ServletContextHandler@4723f0b7{static,/static,jar:file:/home/user/.m2/repository/org/apache/hadoop/hadoop-hdds-container-service/0.6.0-SNAPSHOT/hadoop-hdds-container-service-0.6.0-SNAPSHOT.jar!/webapps/static,UNAVAILABLE}
2020-06-06 05:16:46,142 [Listener at 127.0.0.1/44133] INFO  handler.ContextHandler (ContextHandler.java:doStop(1016)) - Stopped o.e.j.s.ServletContextHandler@37b24a09{logs,/logs,file:///github/workspace/mnt/ozone/hadoop-ozone/integration-test/target/log,UNAVAILABLE}
2020-06-06 05:16:46,143 [Listener at 127.0.0.1/44133] INFO  ozone.MiniOzoneClusterImpl (MiniOzoneClusterImpl.java:stopSCM(476)) - Stopping the StorageContainerManager
2020-06-06 05:16:46,143 [Listener at 127.0.0.1/44133] INFO  server.StorageContainerManager (StorageContainerManager.java:stop(823)) - Stopping Replication Manager Service.
2020-06-06 05:16:46,143 [Listener at 127.0.0.1/44133] INFO  container.ReplicationManager (ReplicationManager.java:stop(208)) - Stopping Replication Monitor Thread.
2020-06-06 05:16:46,150 [Listener at 127.0.0.1/44133] INFO  server.StorageContainerManager (StorageContainerManager.java:stop(830)) - Stopping Lease Manager of the command watchers
2020-06-06 05:16:46,150 [CommandWatcher-LeaseManager#LeaseMonitor] ERROR lease.LeaseManager (LeaseManager.java:run(238)) - Execution was interrupted 
java.lang.InterruptedException: sleep interrupted
	at java.lang.Thread.sleep(Native Method)
	at org.apache.hadoop.ozone.lease.LeaseManager$LeaseMonitor.run(LeaseManager.java:234)
	at java.lang.Thread.run(Thread.java:748)
2020-06-06 05:16:46,151 [Listener at 127.0.0.1/44133] INFO  server.StorageContainerManager (StorageContainerManager.java:stop(837)) - Stopping datanode service RPC server
2020-06-06 05:16:46,151 [Listener at 127.0.0.1/44133] INFO  server.SCMDatanodeProtocolServer (SCMDatanodeProtocolServer.java:stop(361)) - Stopping the RPC server for DataNodes
2020-06-06 05:16:46,152 [Listener at 127.0.0.1/44133] INFO  ipc.Server (Server.java:stop(3359)) - Stopping server on 43117
2020-06-06 05:16:46,153 [IPC Server listener on 0] INFO  ipc.Server (Server.java:run(1330)) - Stopping IPC Server listener on 0
2020-06-06 05:16:46,154 [IPC Server Responder] INFO  ipc.Server (Server.java:run(1465)) - Stopping IPC Server Responder
2020-06-06 05:16:46,203 [SCM Heartbeat Processing Thread - 0] WARN  node.NodeStateManager (NodeStateManager.java:scheduleNextHealthCheck(661)) - Current Thread is interrupted, shutting down HB processing thread for Node Manager.
2020-06-06 05:16:46,203 [Listener at 127.0.0.1/44133] INFO  server.StorageContainerManager (StorageContainerManager.java:stop(845)) - Stopping block service RPC server
2020-06-06 05:16:46,204 [Listener at 127.0.0.1/44133] INFO  server.SCMBlockProtocolServer (SCMBlockProtocolServer.java:stop(158)) - Stopping the RPC server for Block Protocol
2020-06-06 05:16:46,204 [Listener at 127.0.0.1/44133] INFO  ipc.Server (Server.java:stop(3359)) - Stopping server on 35647
2020-06-06 05:16:46,206 [IPC Server listener on 0] INFO  ipc.Server (Server.java:run(1330)) - Stopping IPC Server listener on 0
2020-06-06 05:16:46,207 [IPC Server Responder] INFO  ipc.Server (Server.java:run(1465)) - Stopping IPC Server Responder
2020-06-06 05:16:46,207 [Listener at 127.0.0.1/44133] INFO  server.StorageContainerManager (StorageContainerManager.java:stop(852)) - Stopping the StorageContainerLocationProtocol RPC server
2020-06-06 05:16:46,207 [Listener at 127.0.0.1/44133] INFO  server.SCMClientProtocolServer (SCMClientProtocolServer.java:stop(164)) - Stopping the RPC server for Client Protocol
2020-06-06 05:16:46,207 [Listener at 127.0.0.1/44133] INFO  ipc.Server (Server.java:stop(3359)) - Stopping server on 43233
2020-06-06 05:16:46,208 [IPC Server listener on 0] INFO  ipc.Server (Server.java:run(1330)) - Stopping IPC Server listener on 0
2020-06-06 05:16:46,209 [IPC Server Responder] INFO  ipc.Server (Server.java:run(1465)) - Stopping IPC Server Responder
2020-06-06 05:16:46,209 [Listener at 127.0.0.1/44133] INFO  server.StorageContainerManager (StorageContainerManager.java:stop(859)) - Stopping Storage Container Manager HTTP server.
2020-06-06 05:16:46,210 [Listener at 127.0.0.1/44133] INFO  handler.ContextHandler (ContextHandler.java:doStop(1016)) - Stopped o.e.j.w.WebAppContext@459af47d{scm,/,null,UNAVAILABLE}{file:/github/workspace/mnt/ozone/hadoop-ozone/integration-test/target/test-classes/webapps/scm}
2020-06-06 05:16:46,210 [Listener at 127.0.0.1/44133] INFO  server.AbstractConnector (AbstractConnector.java:doStop(380)) - Stopped ServerConnector@3018b730{HTTP/1.1,[http/1.1]}{0.0.0.0:0}
2020-06-06 05:16:46,210 [Listener at 127.0.0.1/44133] INFO  server.session (HouseKeeper.java:stopScavenging(158)) - node0 Stopped scavenging
2020-06-06 05:16:46,211 [Listener at 127.0.0.1/44133] INFO  handler.ContextHandler (ContextHandler.java:doStop(1016)) - Stopped o.e.j.s.ServletContextHandler@418bd2e1{static,/static,file:///github/workspace/mnt/ozone/hadoop-ozone/integration-test/target/test-classes/webapps/static,UNAVAILABLE}
2020-06-06 05:16:46,211 [Listener at 127.0.0.1/44133] INFO  handler.ContextHandler (ContextHandler.java:doStop(1016)) - Stopped o.e.j.s.ServletContextHandler@27b0cfd3{logs,/logs,file:///github/workspace/mnt/ozone/hadoop-ozone/integration-test/target/log,UNAVAILABLE}
2020-06-06 05:16:46,211 [Listener at 127.0.0.1/44133] INFO  server.StorageContainerManager (StorageContainerManager.java:stop(870)) - Stopping Block Manager Service.
2020-06-06 05:16:46,212 [Listener at 127.0.0.1/44133] INFO  utils.BackgroundService (BackgroundService.java:shutdown(157)) - Shutting down service SCMBlockDeletingService
2020-06-06 05:16:46,212 [Listener at 127.0.0.1/44133] INFO  utils.BackgroundService (BackgroundService.java:shutdown(157)) - Shutting down service SCMBlockDeletingService
2020-06-06 05:16:46,212 [Listener at 127.0.0.1/44133] INFO  server.StorageContainerManager (StorageContainerManager.java:stop(895)) - Stopping SCM Event Queue.
2020-06-06 05:16:46,216 [Listener at 127.0.0.1/44133] INFO  impl.MetricsSystemImpl (MetricsSystemImpl.java:stop(210)) - Stopping XceiverClientMetrics metrics system...
2020-06-06 05:16:46,221 [prometheus] INFO  impl.MetricsSinkAdapter (MetricsSinkAdapter.java:publishMetricsFromQueue(141)) - prometheus thread interrupted.
2020-06-06 05:16:46,222 [Listener at 127.0.0.1/44133] INFO  impl.MetricsSystemImpl (MetricsSystemImpl.java:stop(216)) - XceiverClientMetrics metrics system stopped.
]]></system-out>
    <system-err><![CDATA[ERROR StatusLogger No Log4j 2 configuration file found. Using default configuration (logging only errors to the console), or user programmatically provided configurations. Set system property 'log4j2.debug' to show Log4j 2 internal initialization logging. See https://logging.apache.org/log4j/2.x/manual/configuration.html for instructions on how to configure Log4j 2
Jun 06, 2020 5:16:18 AM org.apache.ratis.thirdparty.io.grpc.internal.SerializingExecutor run
SEVERE: Exception while executing runnable org.apache.ratis.thirdparty.io.grpc.internal.ServerImpl$JumpToApplicationThreadServerStreamListener$1Closed@3858088f
org.apache.ratis.thirdparty.io.grpc.StatusRuntimeException: CANCELLED: call already cancelled
	at org.apache.ratis.thirdparty.io.grpc.Status.asRuntimeException(Status.java:524)
	at org.apache.ratis.thirdparty.io.grpc.stub.ServerCalls$ServerCallStreamObserverImpl.onCompleted(ServerCalls.java:368)
	at org.apache.ratis.grpc.server.GrpcServerProtocolService$ServerRequestStreamObserver.onError(GrpcServerProtocolService.java:145)
	at org.apache.ratis.thirdparty.io.grpc.stub.ServerCalls$StreamingServerCallHandler$StreamingServerCallListener.onCancel(ServerCalls.java:272)
	at org.apache.ratis.thirdparty.io.grpc.internal.ServerCallImpl$ServerStreamListenerImpl.closedInternal(ServerCallImpl.java:353)
	at org.apache.ratis.thirdparty.io.grpc.internal.ServerCallImpl$ServerStreamListenerImpl.closed(ServerCallImpl.java:341)
	at org.apache.ratis.thirdparty.io.grpc.internal.ServerImpl$JumpToApplicationThreadServerStreamListener$1Closed.runInContext(ServerImpl.java:867)
	at org.apache.ratis.thirdparty.io.grpc.internal.ContextRunnable.run(ContextRunnable.java:37)
	at org.apache.ratis.thirdparty.io.grpc.internal.SerializingExecutor.run(SerializingExecutor.java:123)
	at java.util.concurrent.ThreadPoolExecutor.runWorker(ThreadPoolExecutor.java:1149)
	at java.util.concurrent.ThreadPoolExecutor$Worker.run(ThreadPoolExecutor.java:624)
	at java.lang.Thread.run(Thread.java:748)

]]></system-err>
  </testcase>
  <testcase name="testContainerExclusionWithClosedContainerException" classname="org.apache.hadoop.ozone.client.rpc.TestFailureHandlingByClient" time="37.179"/>
  <testcase name="testWriteSmallFile" classname="org.apache.hadoop.ozone.client.rpc.TestFailureHandlingByClient" time="75.626"/>
  <testcase name="testBlockWritesWithDnFailures" classname="org.apache.hadoop.ozone.client.rpc.TestFailureHandlingByClient" time="48.527"/>
  <testcase name="testDatanodeExclusionWithMajorityCommit" classname="org.apache.hadoop.ozone.client.rpc.TestFailureHandlingByClient" time="0">
    <skipped message="HDDS-3298"/>
  </testcase>
</testsuite>