<?xml version="1.0" encoding="UTF-8"?>
<testsuite xmlns:xsi="http://www.w3.org/2001/XMLSchema-instance" xsi:noNamespaceSchemaLocation="https://maven.apache.org/surefire/maven-surefire-plugin/xsd/surefire-test-report-3.0.xsd" version="3.0" name="org.apache.hadoop.fs.ozone.TestOzoneFileSystem" time="206.562" tests="168" errors="0" skipped="0" failures="1">
  <properties>
    <property name="awt.toolkit" value="sun.awt.X11.XToolkit"/>
    <property name="file.encoding.pkg" value="sun.io"/>
    <property name="java.specification.version" value="1.8"/>
    <property name="sun.cpu.isalist" value=""/>
    <property name="sun.jnu.encoding" value="UTF-8"/>
    <property name="java.class.path" value="/home/runner/work/ozone/ozone/hadoop-ozone/integration-test/target/test-classes:/home/runner/work/ozone/ozone/hadoop-ozone/integration-test/target/classes:/home/runner/.m2/repository/org/apache/ozone/ozone-common/1.4.0-SNAPSHOT/ozone-common-1.4.0-SNAPSHOT.jar:/home/runner/.m2/repository/io/grpc/grpc-netty/1.51.1/grpc-netty-1.51.1.jar:/home/runner/.m2/repository/io/grpc/grpc-core/1.51.1/grpc-core-1.51.1.jar:/home/runner/.m2/repository/com/google/android/annotations/4.1.1.4/annotations-4.1.1.4.jar:/home/runner/.m2/repository/org/codehaus/mojo/animal-sniffer-annotations/1.21/animal-sniffer-annotations-1.21.jar:/home/runner/.m2/repository/com/google/errorprone/error_prone_annotations/2.2.0/error_prone_annotations-2.2.0.jar:/home/runner/.m2/repository/io/perfmark/perfmark-api/0.25.0/perfmark-api-0.25.0.jar:/home/runner/.m2/repository/io/netty/netty-codec-http2/4.1.86.Final/netty-codec-http2-4.1.86.Final.jar:/home/runner/.m2/repository/io/netty/netty-common/4.1.86.Final/netty-common-4.1.86.Final.jar:/home/runner/.m2/repository/io/netty/netty-buffer/4.1.86.Final/netty-buffer-4.1.86.Final.jar:/home/runner/.m2/repository/io/netty/netty-codec-http/4.1.86.Final/netty-codec-http-4.1.86.Final.jar:/home/runner/.m2/repository/io/netty/netty-handler-proxy/4.1.86.Final/netty-handler-proxy-4.1.86.Final.jar:/home/runner/.m2/repository/io/netty/netty-codec-socks/4.1.86.Final/netty-codec-socks-4.1.86.Final.jar:/home/runner/.m2/repository/io/netty/netty-tcnative-boringssl-static/2.0.54.Final/netty-tcnative-boringssl-static-2.0.54.Final.jar:/home/runner/.m2/repository/io/netty/netty-tcnative-classes/2.0.54.Final/netty-tcnative-classes-2.0.54.Final.jar:/home/runner/.m2/repository/io/netty/netty-tcnative-boringssl-static/2.0.54.Final/netty-tcnative-boringssl-static-2.0.54.Final-linux-x86_64.jar:/home/runner/.m2/repository/io/netty/netty-tcnative-boringssl-static/2.0.54.Final/netty-tcnative-boringssl-static-2.0.54.Final-linux-aarch_64.jar:/home/runner/.m2/repository/io/netty/netty-tcnative-boringssl-static/2.0.54.Final/netty-tcnative-boringssl-static-2.0.54.Final-osx-x86_64.jar:/home/runner/.m2/repository/io/netty/netty-tcnative-boringssl-static/2.0.54.Final/netty-tcnative-boringssl-static-2.0.54.Final-osx-aarch_64.jar:/home/runner/.m2/repository/io/netty/netty-tcnative-boringssl-static/2.0.54.Final/netty-tcnative-boringssl-static-2.0.54.Final-windows-x86_64.jar:/home/runner/.m2/repository/org/apache/commons/commons-compress/1.21/commons-compress-1.21.jar:/home/runner/.m2/repository/org/apache/ozone/hdds-common/1.4.0-SNAPSHOT/hdds-common-1.4.0-SNAPSHOT.jar:/home/runner/.m2/repository/org/apache/ozone/hdds-client/1.4.0-SNAPSHOT/hdds-client-1.4.0-SNAPSHOT.jar:/home/runner/.m2/repository/org/apache/ozone/ozone-interface-client/1.4.0-SNAPSHOT/ozone-interface-client-1.4.0-SNAPSHOT.jar:/home/runner/.m2/repository/org/apache/ozone/hdds-test-utils/1.4.0-SNAPSHOT/hdds-test-utils-1.4.0-SNAPSHOT.jar:/home/runner/.m2/repository/com/google/guava/guava/31.1-jre/guava-31.1-jre.jar:/home/runner/.m2/repository/com/google/guava/failureaccess/1.0.1/failureaccess-1.0.1.jar:/home/runner/.m2/repository/com/google/guava/listenablefuture/9999.0-empty-to-avoid-conflict-with-guava/listenablefuture-9999.0-empty-to-avoid-conflict-with-guava.jar:/home/runner/.m2/repository/com/google/code/findbugs/jsr305/3.0.0/jsr305-3.0.0.jar:/home/runner/.m2/repository/org/checkerframework/checker-qual/3.12.0/checker-qual-3.12.0.jar:/home/runner/.m2/repository/com/google/j2objc/j2objc-annotations/1.3/j2objc-annotations-1.3.jar:/home/runner/.m2/repository/commons-io/commons-io/2.11.0/commons-io-2.11.0.jar:/home/runner/.m2/repository/commons-logging/commons-logging/1.2/commons-logging-1.2.jar:/home/runner/.m2/repository/ch/qos/reload4j/reload4j/1.2.22/reload4j-1.2.22.jar:/home/runner/.m2/repository/org/slf4j/slf4j-api/1.7.36/slf4j-api-1.7.36.jar:/home/runner/.m2/repository/org/apache/ozone/hdds-server-scm/1.4.0-SNAPSHOT/hdds-server-scm-1.4.0-SNAPSHOT.jar:/home/runner/.m2/repository/org/apache/ozone/hdds-container-service/1.4.0-SNAPSHOT/hdds-container-service-1.4.0-SNAPSHOT.jar:/home/runner/.m2/repository/org/apache/ozone/hdds-hadoop-dependency-server/1.4.0-SNAPSHOT/hdds-hadoop-dependency-server-1.4.0-SNAPSHOT.jar:/home/runner/.m2/repository/org/apache/hadoop/hadoop-hdfs/3.3.4/hadoop-hdfs-3.3.4.jar:/home/runner/.m2/repository/org/eclipse/jetty/jetty-util-ajax/9.4.49.v20220914/jetty-util-ajax-9.4.49.v20220914.jar:/home/runner/.m2/repository/commons-daemon/commons-daemon/1.0.13/commons-daemon-1.0.13.jar:/home/runner/.m2/repository/org/apache/ozone/hdds-server-framework/1.4.0-SNAPSHOT/hdds-server-framework-1.4.0-SNAPSHOT.jar:/home/runner/.m2/repository/org/apache/ozone/hdds-interface-server/1.4.0-SNAPSHOT/hdds-interface-server-1.4.0-SNAPSHOT.jar:/home/runner/.m2/repository/org/apache/commons/commons-configuration2/2.1.1/commons-configuration2-2.1.1.jar:/home/runner/.m2/repository/org/apache/logging/log4j/log4j-core/2.17.1/log4j-core-2.17.1.jar:/home/runner/.m2/repository/com/lmax/disruptor/3.4.2/disruptor-3.4.2.jar:/home/runner/.m2/repository/org/eclipse/jetty/jetty-servlet/9.4.49.v20220914/jetty-servlet-9.4.49.v20220914.jar:/home/runner/.m2/repository/org/eclipse/jetty/jetty-security/9.4.49.v20220914/jetty-security-9.4.49.v20220914.jar:/home/runner/.m2/repository/org/rocksdb/rocksdbjni/7.7.3/rocksdbjni-7.7.3.jar:/home/runner/.m2/repository/io/prometheus/simpleclient_dropwizard/0.7.0/simpleclient_dropwizard-0.7.0.jar:/home/runner/.m2/repository/io/prometheus/simpleclient/0.7.0/simpleclient-0.7.0.jar:/home/runner/.m2/repository/io/prometheus/simpleclient_common/0.7.0/simpleclient_common-0.7.0.jar:/home/runner/.m2/repository/com/github/spotbugs/spotbugs-annotations/3.1.12/spotbugs-annotations-3.1.12.jar:/home/runner/.m2/repository/org/awaitility/awaitility/4.2.0/awaitility-4.2.0.jar:/home/runner/.m2/repository/org/hamcrest/hamcrest/2.1/hamcrest-2.1.jar:/home/runner/.m2/repository/io/dropwizard/metrics/metrics-core/3.2.4/metrics-core-3.2.4.jar:/home/runner/.m2/repository/org/apache/commons/commons-text/1.4/commons-text-1.4.jar:/home/runner/.m2/repository/org/apache/hadoop/hadoop-hdfs-client/3.3.4/hadoop-hdfs-client-3.3.4.jar:/home/runner/.m2/repository/com/squareup/okhttp3/okhttp/4.9.3/okhttp-4.9.3.jar:/home/runner/.m2/repository/com/squareup/okio/okio/2.8.0/okio-2.8.0.jar:/home/runner/.m2/repository/org/jetbrains/kotlin/kotlin-stdlib-common/1.6.21/kotlin-stdlib-common-1.6.21.jar:/home/runner/.m2/repository/org/bouncycastle/bcprov-jdk15on/1.67/bcprov-jdk15on-1.67.jar:/home/runner/.m2/repository/com/google/protobuf/protobuf-java/2.5.0/protobuf-java-2.5.0.jar:/home/runner/.m2/repository/org/apache/ozone/ozone-manager/1.4.0-SNAPSHOT/ozone-manager-1.4.0-SNAPSHOT.jar:/home/runner/.m2/repository/org/aspectj/aspectjrt/1.9.7/aspectjrt-1.9.7.jar:/home/runner/.m2/repository/org/aspectj/aspectjweaver/1.9.7/aspectjweaver-1.9.7.jar:/home/runner/.m2/repository/org/apache/ozone/hdds-interface-client/1.4.0-SNAPSHOT/hdds-interface-client-1.4.0-SNAPSHOT.jar:/home/runner/.m2/repository/org/apache/hadoop/thirdparty/hadoop-shaded-protobuf_3_7/1.1.1/hadoop-shaded-protobuf_3_7-1.1.1.jar:/home/runner/.m2/repository/org/apache/ratis/ratis-thirdparty-misc/1.0.3/ratis-thirdparty-misc-1.0.3.jar:/home/runner/.m2/repository/org/apache/ozone/ozone-interface-storage/1.4.0-SNAPSHOT/ozone-interface-storage-1.4.0-SNAPSHOT.jar:/home/runner/.m2/repository/org/apache/ozone/rocksdb-checkpoint-differ/1.4.0-SNAPSHOT/rocksdb-checkpoint-differ-1.4.0-SNAPSHOT.jar:/home/runner/.m2/repository/org/reflections/reflections/0.9.11/reflections-0.9.11.jar:/home/runner/.m2/repository/com/sun/jersey/jersey-client/1.19/jersey-client-1.19.jar:/home/runner/.m2/repository/org/apache/ranger/ranger-intg/2.3.0/ranger-intg-2.3.0.jar:/home/runner/.m2/repository/org/apache/ranger/ranger-plugins-common/2.3.0/ranger-plugins-common-2.3.0.jar:/home/runner/.m2/repository/commons-lang/commons-lang/2.6/commons-lang-2.6.jar:/home/runner/.m2/repository/org/apache/ranger/ranger-plugins-cred/2.3.0/ranger-plugins-cred-2.3.0.jar:/home/runner/.m2/repository/org/apache/ranger/ranger-plugins-audit/2.3.0/ranger-plugins-audit-2.3.0.jar:/home/runner/.m2/repository/org/eclipse/jetty/jetty-client/9.4.49.v20220914/jetty-client-9.4.49.v20220914.jar:/home/runner/.m2/repository/org/apache/httpcomponents/httpmime/4.5.6/httpmime-4.5.6.jar:/home/runner/.m2/repository/org/apache/httpcomponents/httpcore-nio/4.4.13/httpcore-nio-4.4.13.jar:/home/runner/.m2/repository/org/apache/httpcomponents/httpasyncclient/4.1.3/httpasyncclient-4.1.3.jar:/home/runner/.m2/repository/com/carrotsearch/hppc/0.8.0/hppc-0.8.0.jar:/home/runner/.m2/repository/org/apache/orc/orc-core/1.5.8/orc-core-1.5.8.jar:/home/runner/.m2/repository/net/java/dev/jna/jna/5.2.0/jna-5.2.0.jar:/home/runner/.m2/repository/net/java/dev/jna/jna-platform/5.2.0/jna-platform-5.2.0.jar:/home/runner/.m2/repository/com/kstruct/gethostname4j/0.0.2/gethostname4j-0.0.2.jar:/home/runner/.m2/repository/org/apache/ranger/ranger-plugin-classloader/2.3.0/ranger-plugin-classloader-2.3.0.jar:/home/runner/.m2/repository/org/apache/hadoop/hadoop-minikdc/3.3.4/hadoop-minikdc-3.3.4.jar:/home/runner/.m2/repository/org/apache/kerby/kerb-simplekdc/1.0.1/kerb-simplekdc-1.0.1.jar:/home/runner/.m2/repository/org/apache/kerby/kerb-client/1.0.1/kerb-client-1.0.1.jar:/home/runner/.m2/repository/org/apache/kerby/kerby-config/1.0.1/kerby-config-1.0.1.jar:/home/runner/.m2/repository/org/apache/kerby/kerb-common/1.0.1/kerb-common-1.0.1.jar:/home/runner/.m2/repository/org/apache/kerby/kerb-crypto/1.0.1/kerb-crypto-1.0.1.jar:/home/runner/.m2/repository/org/apache/kerby/kerb-util/1.0.1/kerb-util-1.0.1.jar:/home/runner/.m2/repository/org/apache/kerby/token-provider/1.0.1/token-provider-1.0.1.jar:/home/runner/.m2/repository/org/apache/kerby/kerb-admin/1.0.1/kerb-admin-1.0.1.jar:/home/runner/.m2/repository/org/apache/kerby/kerb-server/1.0.1/kerb-server-1.0.1.jar:/home/runner/.m2/repository/org/apache/kerby/kerb-identity/1.0.1/kerb-identity-1.0.1.jar:/home/runner/.m2/repository/org/apache/kerby/kerby-xdr/1.0.1/kerby-xdr-1.0.1.jar:/home/runner/.m2/repository/org/apache/ozone/ozone-s3gateway/1.4.0-SNAPSHOT/ozone-s3gateway-1.4.0-SNAPSHOT.jar:/home/runner/.m2/repository/org/javassist/javassist/3.21.0-GA/javassist-3.21.0-GA.jar:/home/runner/.m2/repository/org/jboss/weld/servlet/weld-servlet/2.4.7.Final/weld-servlet-2.4.7.Final.jar:/home/runner/.m2/repository/org/glassfish/jersey/containers/jersey-container-servlet-core/2.34/jersey-container-servlet-core-2.34.jar:/home/runner/.m2/repository/org/glassfish/hk2/external/jakarta.inject/2.6.1/jakarta.inject-2.6.1.jar:/home/runner/.m2/repository/org/glassfish/jersey/core/jersey-common/2.34/jersey-common-2.34.jar:/home/runner/.m2/repository/jakarta/ws/rs/jakarta.ws.rs-api/2.1.6/jakarta.ws.rs-api-2.1.6.jar:/home/runner/.m2/repository/org/glassfish/jersey/ext/cdi/jersey-cdi1x/2.34/jersey-cdi1x-2.34.jar:/home/runner/.m2/repository/org/glassfish/jersey/inject/jersey-hk2/2.34/jersey-hk2-2.34.jar:/home/runner/.m2/repository/org/glassfish/hk2/hk2-locator/2.6.1/hk2-locator-2.6.1.jar:/home/runner/.m2/repository/org/glassfish/jersey/media/jersey-media-jaxb/2.34/jersey-media-jaxb-2.34.jar:/home/runner/.m2/repository/org/glassfish/hk2/osgi-resource-locator/1.0.3/osgi-resource-locator-1.0.3.jar:/home/runner/.m2/repository/org/glassfish/hk2/hk2-api/2.5.0/hk2-api-2.5.0.jar:/home/runner/.m2/repository/org/glassfish/hk2/hk2-utils/2.5.0/hk2-utils-2.5.0.jar:/home/runner/.m2/repository/org/glassfish/hk2/external/aopalliance-repackaged/2.5.0/aopalliance-repackaged-2.5.0.jar:/home/runner/.m2/repository/com/fasterxml/jackson/dataformat/jackson-dataformat-xml/2.13.4/jackson-dataformat-xml-2.13.4.jar:/home/runner/.m2/repository/com/fasterxml/jackson/core/jackson-core/2.13.4/jackson-core-2.13.4.jar:/home/runner/.m2/repository/org/codehaus/woodstox/stax2-api/4.2.1/stax2-api-4.2.1.jar:/home/runner/.m2/repository/com/fasterxml/woodstox/woodstox-core/5.4.0/woodstox-core-5.4.0.jar:/home/runner/.m2/repository/com/fasterxml/jackson/module/jackson-module-jaxb-annotations/2.13.4/jackson-module-jaxb-annotations-2.13.4.jar:/home/runner/.m2/repository/jakarta/xml/bind/jakarta.xml.bind-api/2.3.3/jakarta.xml.bind-api-2.3.3.jar:/home/runner/.m2/repository/jakarta/activation/jakarta.activation-api/1.2.2/jakarta.activation-api-1.2.2.jar:/home/runner/.m2/repository/javax/enterprise/cdi-api/1.2/cdi-api-1.2.jar:/home/runner/.m2/repository/javax/el/javax.el-api/3.0.0/javax.el-api-3.0.0.jar:/home/runner/.m2/repository/javax/interceptor/javax.interceptor-api/1.2/javax.interceptor-api-1.2.jar:/home/runner/.m2/repository/javax/inject/javax.inject/1/javax.inject-1.jar:/home/runner/.m2/repository/javax/xml/bind/jaxb-api/2.3.0/jaxb-api-2.3.0.jar:/home/runner/.m2/repository/org/glassfish/jaxb/jaxb-runtime/2.3.0.1/jaxb-runtime-2.3.0.1.jar:/home/runner/.m2/repository/org/glassfish/jaxb/jaxb-core/2.3.0.1/jaxb-core-2.3.0.1.jar:/home/runner/.m2/repository/org/glassfish/jaxb/txw2/2.3.0.1/txw2-2.3.0.1.jar:/home/runner/.m2/repository/com/sun/istack/istack-commons-runtime/3.0.5/istack-commons-runtime-3.0.5.jar:/home/runner/.m2/repository/org/jvnet/staxex/stax-ex/1.7.8/stax-ex-1.7.8.jar:/home/runner/.m2/repository/com/sun/xml/fastinfoset/FastInfoset/1.2.13/FastInfoset-1.2.13.jar:/home/runner/.m2/repository/javax/activation/activation/1.1.1/activation-1.1.1.jar:/home/runner/.m2/repository/io/grpc/grpc-protobuf/1.51.1/grpc-protobuf-1.51.1.jar:/home/runner/.m2/repository/io/grpc/grpc-api/1.51.1/grpc-api-1.51.1.jar:/home/runner/.m2/repository/io/grpc/grpc-context/1.51.1/grpc-context-1.51.1.jar:/home/runner/.m2/repository/com/google/api/grpc/proto-google-common-protos/2.9.0/proto-google-common-protos-2.9.0.jar:/home/runner/.m2/repository/io/grpc/grpc-protobuf-lite/1.51.1/grpc-protobuf-lite-1.51.1.jar:/home/runner/.m2/repository/io/grpc/grpc-stub/1.51.1/grpc-stub-1.51.1.jar:/home/runner/.m2/repository/io/netty/netty-transport/4.1.86.Final/netty-transport-4.1.86.Final.jar:/home/runner/.m2/repository/io/netty/netty-resolver/4.1.86.Final/netty-resolver-4.1.86.Final.jar:/home/runner/.m2/repository/org/apache/ozone/ozone-csi/1.4.0-SNAPSHOT/ozone-csi-1.4.0-SNAPSHOT.jar:/home/runner/.m2/repository/com/google/protobuf/protobuf-java-util/3.19.6/protobuf-java-util-3.19.6.jar:/home/runner/.m2/repository/com/google/code/gson/gson/2.9.0/gson-2.9.0.jar:/home/runner/.m2/repository/org/apache/ozone/hdds-config/1.4.0-SNAPSHOT/hdds-config-1.4.0-SNAPSHOT.jar:/home/runner/.m2/repository/io/netty/netty-transport-native-epoll/4.1.86.Final/netty-transport-native-epoll-4.1.86.Final-linux-x86_64.jar:/home/runner/.m2/repository/io/netty/netty-transport-classes-epoll/4.1.86.Final/netty-transport-classes-epoll-4.1.86.Final.jar:/home/runner/.m2/repository/io/netty/netty-transport-native-unix-common/4.1.86.Final/netty-transport-native-unix-common-4.1.86.Final.jar:/home/runner/.m2/repository/org/slf4j/slf4j-reload4j/1.7.36/slf4j-reload4j-1.7.36.jar:/home/runner/.m2/repository/org/apache/ozone/ozone-recon/1.4.0-SNAPSHOT/ozone-recon-1.4.0-SNAPSHOT.jar:/home/runner/.m2/repository/org/apache/ozone/ozone-reconcodegen/1.4.0-SNAPSHOT/ozone-reconcodegen-1.4.0-SNAPSHOT.jar:/home/runner/.m2/repository/com/google/inject/extensions/guice-multibindings/4.0/guice-multibindings-4.0.jar:/home/runner/.m2/repository/com/google/inject/guice/4.0/guice-4.0.jar:/home/runner/.m2/repository/aopalliance/aopalliance/1.0/aopalliance-1.0.jar:/home/runner/.m2/repository/com/google/inject/extensions/guice-assistedinject/4.0/guice-assistedinject-4.0.jar:/home/runner/.m2/repository/com/google/inject/extensions/guice-servlet/4.0/guice-servlet-4.0.jar:/home/runner/.m2/repository/org/glassfish/jersey/containers/jersey-container-servlet/2.34/jersey-container-servlet-2.34.jar:/home/runner/.m2/repository/org/glassfish/hk2/guice-bridge/2.5.0/guice-bridge-2.5.0.jar:/home/runner/.m2/repository/org/glassfish/jersey/core/jersey-server/2.34/jersey-server-2.34.jar:/home/runner/.m2/repository/org/glassfish/jersey/core/jersey-client/2.34/jersey-client-2.34.jar:/home/runner/.m2/repository/jakarta/annotation/jakarta.annotation-api/1.3.5/jakarta.annotation-api-1.3.5.jar:/home/runner/.m2/repository/jakarta/validation/jakarta.validation-api/2.0.2/jakarta.validation-api-2.0.2.jar:/home/runner/.m2/repository/org/glassfish/jersey/media/jersey-media-json-jackson/2.34/jersey-media-json-jackson-2.34.jar:/home/runner/.m2/repository/org/glassfish/jersey/ext/jersey-entity-filtering/2.34/jersey-entity-filtering-2.34.jar:/home/runner/.m2/repository/org/jooq/jooq/3.11.10/jooq-3.11.10.jar:/home/runner/.m2/repository/org/jooq/jooq-meta/3.11.10/jooq-meta-3.11.10.jar:/home/runner/.m2/repository/org/jooq/jooq-codegen/3.11.10/jooq-codegen-3.11.10.jar:/home/runner/.m2/repository/com/jolbox/bonecp/0.8.0.RELEASE/bonecp-0.8.0.RELEASE.jar:/home/runner/.m2/repository/org/apache/derby/derby/10.14.2.0/derby-10.14.2.0.jar:/home/runner/.m2/repository/org/xerial/sqlite-jdbc/3.25.2/sqlite-jdbc-3.25.2.jar:/home/runner/.m2/repository/org/springframework/spring-jdbc/5.3.23/spring-jdbc-5.3.23.jar:/home/runner/.m2/repository/org/springframework/spring-beans/5.3.23/spring-beans-5.3.23.jar:/home/runner/.m2/repository/org/springframework/spring-core/5.3.23/spring-core-5.3.23.jar:/home/runner/.m2/repository/org/springframework/spring-jcl/5.3.23/spring-jcl-5.3.23.jar:/home/runner/.m2/repository/org/springframework/spring-tx/5.3.23/spring-tx-5.3.23.jar:/home/runner/.m2/repository/org/apache/ozone/ozone-client/1.4.0-SNAPSHOT/ozone-client-1.4.0-SNAPSHOT.jar:/home/runner/.m2/repository/org/apache/ozone/hdds-erasurecode/1.4.0-SNAPSHOT/hdds-erasurecode-1.4.0-SNAPSHOT.jar:/home/runner/.m2/repository/org/apache/ozone/ozone-filesystem/1.4.0-SNAPSHOT/ozone-filesystem-1.4.0-SNAPSHOT.jar:/home/runner/.m2/repository/org/apache/ozone/ozone-filesystem-common/1.4.0-SNAPSHOT/ozone-filesystem-common-1.4.0-SNAPSHOT.jar:/home/runner/.m2/repository/org/apache/ozone/ozone-tools/1.4.0-SNAPSHOT/ozone-tools-1.4.0-SNAPSHOT.jar:/home/runner/.m2/repository/com/amazonaws/aws-java-sdk-core/1.12.261/aws-java-sdk-core-1.12.261.jar:/home/runner/.m2/repository/org/apache/httpcomponents/httpclient/4.5.13/httpclient-4.5.13.jar:/home/runner/.m2/repository/org/apache/httpcomponents/httpcore/4.4.13/httpcore-4.4.13.jar:/home/runner/.m2/repository/software/amazon/ion/ion-java/1.0.2/ion-java-1.0.2.jar:/home/runner/.m2/repository/com/fasterxml/jackson/dataformat/jackson-dataformat-cbor/2.13.4/jackson-dataformat-cbor-2.13.4.jar:/home/runner/.m2/repository/joda-time/joda-time/2.10.6/joda-time-2.10.6.jar:/home/runner/.m2/repository/com/amazonaws/aws-java-sdk-s3/1.12.261/aws-java-sdk-s3-1.12.261.jar:/home/runner/.m2/repository/com/amazonaws/aws-java-sdk-kms/1.12.261/aws-java-sdk-kms-1.12.261.jar:/home/runner/.m2/repository/com/amazonaws/jmespath-java/1.12.261/jmespath-java-1.12.261.jar:/home/runner/.m2/repository/org/kohsuke/metainf-services/metainf-services/1.8/metainf-services-1.8.jar:/home/runner/.m2/repository/org/apache/ozone/hdds-tools/1.4.0-SNAPSHOT/hdds-tools-1.4.0-SNAPSHOT.jar:/home/runner/.m2/repository/org/apache/ratis/ratis-tools/2.4.2-8b8bdda-SNAPSHOT/ratis-tools-2.4.2-8b8bdda-SNAPSHOT.jar:/home/runner/.m2/repository/org/apache/ratis/ratis-proto/2.4.2-8b8bdda-SNAPSHOT/ratis-proto-2.4.2-8b8bdda-SNAPSHOT.jar:/home/runner/.m2/repository/org/apache/ratis/ratis-common/2.4.2-8b8bdda-SNAPSHOT/ratis-common-2.4.2-8b8bdda-SNAPSHOT.jar:/home/runner/.m2/repository/commons-cli/commons-cli/1.2/commons-cli-1.2.jar:/home/runner/.m2/repository/org/apache/commons/commons-lang3/3.7/commons-lang3-3.7.jar:/home/runner/.m2/repository/org/apache/ozone/ozone-manager/1.4.0-SNAPSHOT/ozone-manager-1.4.0-SNAPSHOT-tests.jar:/home/runner/.m2/repository/org/apache/ozone/hdds-common/1.4.0-SNAPSHOT/hdds-common-1.4.0-SNAPSHOT-tests.jar:/home/runner/.m2/repository/org/apache/ozone/hdds-hadoop-dependency-client/1.4.0-SNAPSHOT/hdds-hadoop-dependency-client-1.4.0-SNAPSHOT.jar:/home/runner/.m2/repository/info/picocli/picocli/4.6.1/picocli-4.6.1.jar:/home/runner/.m2/repository/com/fasterxml/jackson/core/jackson-annotations/2.13.4/jackson-annotations-2.13.4.jar:/home/runner/.m2/repository/com/fasterxml/jackson/datatype/jackson-datatype-jsr310/2.13.4/jackson-datatype-jsr310-2.13.4.jar:/home/runner/.m2/repository/org/apache/ozone/hdds-annotation-processing/1.4.0-SNAPSHOT/hdds-annotation-processing-1.4.0-SNAPSHOT.jar:/home/runner/.m2/repository/javax/annotation/javax.annotation-api/1.2/javax.annotation-api-1.2.jar:/home/runner/.m2/repository/org/apache/ratis/ratis-server/2.4.2-8b8bdda-SNAPSHOT/ratis-server-2.4.2-8b8bdda-SNAPSHOT.jar:/home/runner/.m2/repository/org/apache/ratis/ratis-client/2.4.2-8b8bdda-SNAPSHOT/ratis-client-2.4.2-8b8bdda-SNAPSHOT.jar:/home/runner/.m2/repository/org/apache/ratis/ratis-server-api/2.4.2-8b8bdda-SNAPSHOT/ratis-server-api-2.4.2-8b8bdda-SNAPSHOT.jar:/home/runner/.m2/repository/org/apache/ratis/ratis-metrics/2.4.2-8b8bdda-SNAPSHOT/ratis-metrics-2.4.2-8b8bdda-SNAPSHOT.jar:/home/runner/.m2/repository/org/apache/ratis/ratis-netty/2.4.2-8b8bdda-SNAPSHOT/ratis-netty-2.4.2-8b8bdda-SNAPSHOT.jar:/home/runner/.m2/repository/org/apache/ratis/ratis-grpc/2.4.2-8b8bdda-SNAPSHOT/ratis-grpc-2.4.2-8b8bdda-SNAPSHOT.jar:/home/runner/.m2/repository/org/apache/logging/log4j/log4j-api/2.17.1/log4j-api-2.17.1.jar:/home/runner/.m2/repository/org/apache/commons/commons-pool2/2.6.0/commons-pool2-2.6.0.jar:/home/runner/.m2/repository/org/bouncycastle/bcpkix-jdk15on/1.67/bcpkix-jdk15on-1.67.jar:/home/runner/.m2/repository/commons-validator/commons-validator/1.6/commons-validator-1.6.jar:/home/runner/.m2/repository/commons-beanutils/commons-beanutils/1.9.4/commons-beanutils-1.9.4.jar:/home/runner/.m2/repository/commons-digester/commons-digester/1.8.1/commons-digester-1.8.1.jar:/home/runner/.m2/repository/commons-collections/commons-collections/3.2.2/commons-collections-3.2.2.jar:/home/runner/.m2/repository/io/jaegertracing/jaeger-client/1.6.0/jaeger-client-1.6.0.jar:/home/runner/.m2/repository/io/jaegertracing/jaeger-thrift/1.6.0/jaeger-thrift-1.6.0.jar:/home/runner/.m2/repository/org/apache/thrift/libthrift/0.14.1/libthrift-0.14.1.jar:/home/runner/.m2/repository/io/jaegertracing/jaeger-core/1.6.0/jaeger-core-1.6.0.jar:/home/runner/.m2/repository/io/jaegertracing/jaeger-tracerresolver/1.6.0/jaeger-tracerresolver-1.6.0.jar:/home/runner/.m2/repository/io/opentracing/contrib/opentracing-tracerresolver/0.1.8/opentracing-tracerresolver-0.1.8.jar:/home/runner/.m2/repository/org/jetbrains/kotlin/kotlin-stdlib/1.6.21/kotlin-stdlib-1.6.21.jar:/home/runner/.m2/repository/org/jetbrains/annotations/13.0/annotations-13.0.jar:/home/runner/.m2/repository/io/opentracing/opentracing-util/0.33.0/opentracing-util-0.33.0.jar:/home/runner/.m2/repository/io/opentracing/opentracing-api/0.33.0/opentracing-api-0.33.0.jar:/home/runner/.m2/repository/io/opentracing/opentracing-noop/0.33.0/opentracing-noop-0.33.0.jar:/home/runner/.m2/repository/org/yaml/snakeyaml/1.33/snakeyaml-1.33.jar:/home/runner/.m2/repository/org/apache/ozone/hdds-interface-admin/1.4.0-SNAPSHOT/hdds-interface-admin-1.4.0-SNAPSHOT.jar:/home/runner/.m2/repository/junit/junit/4.13.1/junit-4.13.1.jar:/home/runner/.m2/repository/org/hamcrest/hamcrest-core/1.3/hamcrest-core-1.3.jar:/home/runner/.m2/repository/org/junit/jupiter/junit-jupiter-api/5.8.2/junit-jupiter-api-5.8.2.jar:/home/runner/.m2/repository/org/opentest4j/opentest4j/1.2.0/opentest4j-1.2.0.jar:/home/runner/.m2/repository/org/junit/platform/junit-platform-commons/1.8.2/junit-platform-commons-1.8.2.jar:/home/runner/.m2/repository/org/apiguardian/apiguardian-api/1.1.2/apiguardian-api-1.1.2.jar:/home/runner/.m2/repository/org/junit/jupiter/junit-jupiter-params/5.8.2/junit-jupiter-params-5.8.2.jar:/home/runner/.m2/repository/org/junit/jupiter/junit-jupiter-migrationsupport/5.8.2/junit-jupiter-migrationsupport-5.8.2.jar:/home/runner/.m2/repository/org/junit/jupiter/junit-jupiter-engine/5.8.2/junit-jupiter-engine-5.8.2.jar:/home/runner/.m2/repository/org/junit/platform/junit-platform-engine/1.8.2/junit-platform-engine-1.8.2.jar:/home/runner/.m2/repository/org/junit/vintage/junit-vintage-engine/5.8.2/junit-vintage-engine-5.8.2.jar:/home/runner/.m2/repository/org/junit/platform/junit-platform-launcher/1.8.2/junit-platform-launcher-1.8.2.jar:/home/runner/.m2/repository/org/mockito/mockito-core/2.28.2/mockito-core-2.28.2.jar:/home/runner/.m2/repository/net/bytebuddy/byte-buddy/1.9.10/byte-buddy-1.9.10.jar:/home/runner/.m2/repository/net/bytebuddy/byte-buddy-agent/1.9.10/byte-buddy-agent-1.9.10.jar:/home/runner/.m2/repository/org/objenesis/objenesis/1.0/objenesis-1.0.jar:/home/runner/.m2/repository/org/apache/hadoop/hadoop-kms/3.3.4/hadoop-kms-3.3.4.jar:/home/runner/.m2/repository/org/apache/hadoop/hadoop-auth/3.3.4/hadoop-auth-3.3.4.jar:/home/runner/.m2/repository/com/nimbusds/nimbus-jose-jwt/9.8.1/nimbus-jose-jwt-9.8.1.jar:/home/runner/.m2/repository/com/github/stephenc/jcip/jcip-annotations/1.0-1/jcip-annotations-1.0-1.jar:/home/runner/.m2/repository/net/minidev/json-smart/2.4.7/json-smart-2.4.7.jar:/home/runner/.m2/repository/net/minidev/accessors-smart/2.4.7/accessors-smart-2.4.7.jar:/home/runner/.m2/repository/org/ow2/asm/asm/5.0.4/asm-5.0.4.jar:/home/runner/.m2/repository/org/apache/zookeeper/zookeeper/3.5.6/zookeeper-3.5.6.jar:/home/runner/.m2/repository/org/apache/zookeeper/zookeeper-jute/3.5.6/zookeeper-jute-3.5.6.jar:/home/runner/.m2/repository/org/apache/yetus/audience-annotations/0.5.0/audience-annotations-0.5.0.jar:/home/runner/.m2/repository/org/apache/curator/curator-framework/4.2.0/curator-framework-4.2.0.jar:/home/runner/.m2/repository/org/apache/hadoop/thirdparty/hadoop-shaded-guava/1.1.1/hadoop-shaded-guava-1.1.1.jar:/home/runner/.m2/repository/com/sun/jersey/jersey-core/1.19/jersey-core-1.19.jar:/home/runner/.m2/repository/javax/ws/rs/jsr311-api/1.1.1/jsr311-api-1.1.1.jar:/home/runner/.m2/repository/com/sun/jersey/jersey-server/1.19/jersey-server-1.19.jar:/home/runner/.m2/repository/javax/servlet/javax.servlet-api/3.1.0/javax.servlet-api-3.1.0.jar:/home/runner/.m2/repository/org/eclipse/jetty/jetty-server/9.4.49.v20220914/jetty-server-9.4.49.v20220914.jar:/home/runner/.m2/repository/org/eclipse/jetty/jetty-http/9.4.49.v20220914/jetty-http-9.4.49.v20220914.jar:/home/runner/.m2/repository/org/eclipse/jetty/jetty-io/9.4.49.v20220914/jetty-io-9.4.49.v20220914.jar:/home/runner/.m2/repository/org/eclipse/jetty/jetty-webapp/9.4.49.v20220914/jetty-webapp-9.4.49.v20220914.jar:/home/runner/.m2/repository/org/eclipse/jetty/jetty-xml/9.4.49.v20220914/jetty-xml-9.4.49.v20220914.jar:/home/runner/.m2/repository/org/apache/hadoop/hadoop-common/3.3.4/hadoop-common-3.3.4.jar:/home/runner/.m2/repository/org/apache/commons/commons-math3/3.1.1/commons-math3-3.1.1.jar:/home/runner/.m2/repository/commons-net/commons-net/3.9.0/commons-net-3.9.0.jar:/home/runner/.m2/repository/com/sun/jersey/jersey-servlet/1.19/jersey-servlet-1.19.jar:/home/runner/.m2/repository/com/sun/jersey/jersey-json/1.19/jersey-json-1.19.jar:/home/runner/.m2/repository/org/codehaus/jettison/jettison/1.1/jettison-1.1.jar:/home/runner/.m2/repository/com/sun/xml/bind/jaxb-impl/2.2.3-1/jaxb-impl-2.2.3-1.jar:/home/runner/.m2/repository/org/codehaus/jackson/jackson-jaxrs/1.9.2/jackson-jaxrs-1.9.2.jar:/home/runner/.m2/repository/org/codehaus/jackson/jackson-xc/1.9.2/jackson-xc-1.9.2.jar:/home/runner/.m2/repository/com/google/re2j/re2j/1.1/re2j-1.1.jar:/home/runner/.m2/repository/com/jcraft/jsch/0.1.54/jsch-0.1.54.jar:/home/runner/.m2/repository/org/apache/curator/curator-client/4.2.0/curator-client-4.2.0.jar:/home/runner/.m2/repository/org/apache/curator/curator-recipes/4.2.0/curator-recipes-4.2.0.jar:/home/runner/.m2/repository/org/apache/kerby/kerb-core/1.0.1/kerb-core-1.0.1.jar:/home/runner/.m2/repository/org/apache/kerby/kerby-pkix/1.0.1/kerby-pkix-1.0.1.jar:/home/runner/.m2/repository/org/apache/kerby/kerby-asn1/1.0.1/kerby-asn1-1.0.1.jar:/home/runner/.m2/repository/org/apache/kerby/kerby-util/1.0.1/kerby-util-1.0.1.jar:/home/runner/.m2/repository/dnsjava/dnsjava/2.1.7/dnsjava-2.1.7.jar:/home/runner/.m2/repository/org/xerial/snappy/snappy-java/1.1.8.2/snappy-java-1.1.8.2.jar:/home/runner/.m2/repository/org/eclipse/jetty/jetty-util/9.4.49.v20220914/jetty-util-9.4.49.v20220914.jar:/home/runner/.m2/repository/com/fasterxml/jackson/core/jackson-databind/2.13.4.2/jackson-databind-2.13.4.2.jar:/home/runner/.m2/repository/org/apache/hadoop/hadoop-kms/3.3.4/hadoop-kms-3.3.4-tests.jar:/home/runner/.m2/repository/org/apache/ozone/hdds-server-scm/1.4.0-SNAPSHOT/hdds-server-scm-1.4.0-SNAPSHOT-tests.jar:/home/runner/.m2/repository/org/apache/ozone/hdds-container-service/1.4.0-SNAPSHOT/hdds-container-service-1.4.0-SNAPSHOT-tests.jar:/home/runner/.m2/repository/com/github/luben/zstd-jni/1.5.2-5/zstd-jni-1.5.2-5.jar:/home/runner/.m2/repository/commons-codec/commons-codec/1.15/commons-codec-1.15.jar:/home/runner/.m2/repository/io/netty/netty-codec/4.1.86.Final/netty-codec-4.1.86.Final.jar:/home/runner/.m2/repository/io/netty/netty-handler/4.1.86.Final/netty-handler-4.1.86.Final.jar:/home/runner/.m2/repository/org/apache/ozone/hdds-hadoop-dependency-test/1.4.0-SNAPSHOT/hdds-hadoop-dependency-test-1.4.0-SNAPSHOT.jar:/home/runner/.m2/repository/org/apache/hadoop/hadoop-common/3.3.4/hadoop-common-3.3.4-tests.jar:/home/runner/.m2/repository/org/apache/hadoop/hadoop-hdfs/3.3.4/hadoop-hdfs-3.3.4-tests.jar:/home/runner/.m2/repository/org/assertj/assertj-core/3.12.2/assertj-core-3.12.2.jar:/home/runner/.m2/repository/org/apache/hadoop/hadoop-distcp/3.3.4/hadoop-distcp-3.3.4.jar:/home/runner/.m2/repository/org/apache/hadoop/hadoop-mapreduce-client-jobclient/3.3.4/hadoop-mapreduce-client-jobclient-3.3.4.jar:/home/runner/.m2/repository/org/apache/hadoop/hadoop-mapreduce-client-common/3.3.4/hadoop-mapreduce-client-common-3.3.4.jar:/home/runner/.m2/repository/org/apache/hadoop/hadoop-yarn-common/3.3.4/hadoop-yarn-common-3.3.4.jar:/home/runner/.m2/repository/org/apache/hadoop/hadoop-yarn-api/3.3.4/hadoop-yarn-api-3.3.4.jar:/home/runner/.m2/repository/com/sun/jersey/contribs/jersey-guice/1.19/jersey-guice-1.19.jar:/home/runner/.m2/repository/com/fasterxml/jackson/jaxrs/jackson-jaxrs-json-provider/2.13.4/jackson-jaxrs-json-provider-2.13.4.jar:/home/runner/.m2/repository/com/fasterxml/jackson/jaxrs/jackson-jaxrs-base/2.13.4/jackson-jaxrs-base-2.13.4.jar:/home/runner/.m2/repository/org/apache/hadoop/hadoop-yarn-client/3.3.4/hadoop-yarn-client-3.3.4.jar:/home/runner/.m2/repository/org/eclipse/jetty/websocket/websocket-client/9.4.43.v20210629/websocket-client-9.4.43.v20210629.jar:/home/runner/.m2/repository/org/eclipse/jetty/websocket/websocket-common/9.4.43.v20210629/websocket-common-9.4.43.v20210629.jar:/home/runner/.m2/repository/org/eclipse/jetty/websocket/websocket-api/9.4.43.v20210629/websocket-api-9.4.43.v20210629.jar:/home/runner/.m2/repository/org/jline/jline/3.9.0/jline-3.9.0.jar:/home/runner/.m2/repository/org/apache/hadoop/hadoop-mapreduce-client-core/3.3.4/hadoop-mapreduce-client-core-3.3.4.jar:/home/runner/.m2/repository/org/apache/avro/avro/1.7.7/avro-1.7.7.jar:/home/runner/.m2/repository/org/codehaus/jackson/jackson-core-asl/1.9.13/jackson-core-asl-1.9.13.jar:/home/runner/.m2/repository/org/codehaus/jackson/jackson-mapper-asl/1.9.13/jackson-mapper-asl-1.9.13.jar:/home/runner/.m2/repository/com/thoughtworks/paranamer/paranamer/2.3/paranamer-2.3.jar:/home/runner/.m2/repository/org/apache/hadoop/hadoop-annotations/3.3.4/hadoop-annotations-3.3.4.jar:/usr/lib/jvm/temurin-8-jdk-amd64/jre/../lib/tools.jar:/home/runner/.m2/repository/io/netty/netty/3.10.6.Final/netty-3.10.6.Final.jar:/home/runner/.m2/repository/org/apache/hadoop/hadoop-distcp/3.3.4/hadoop-distcp-3.3.4-tests.jar:/home/runner/.m2/repository/org/slf4j/jul-to-slf4j/1.7.36/jul-to-slf4j-1.7.36.jar:"/>
    <property name="java.vm.vendor" value="Temurin"/>
    <property name="sun.arch.data.model" value="64"/>
    <property name="test.build.dir" value="/home/runner/work/ozone/ozone/hadoop-ozone/integration-test/target/test-dir"/>
    <property name="test.cache.data" value=""/>
    <property name="java.vendor.url" value="https://adoptium.net/"/>
    <property name="user.timezone" value="Etc/UTC"/>
    <property name="java.vm.specification.version" value="1.8"/>
    <property name="os.name" value="Linux"/>
    <property name="test.build.data" value="/home/runner/work/ozone/ozone/hadoop-ozone/integration-test/target/test-dir"/>
    <property name="sun.java.launcher" value="SUN_STANDARD"/>
    <property name="sun.boot.library.path" value="/usr/lib/jvm/temurin-8-jdk-amd64/jre/lib/amd64"/>
    <property name="sun.java.command" value="/home/runner/work/ozone/ozone/hadoop-ozone/integration-test/target/surefire/surefirebooter5736229488829079126.jar /home/runner/work/ozone/ozone/hadoop-ozone/integration-test/target/surefire 2023-02-16T16-27-49_162-jvmRun1 surefire6360728906405833270tmp surefire_6665429450607066817tmp"/>
    <property name="surefire.test.class.path" value="/home/runner/work/ozone/ozone/hadoop-ozone/integration-test/target/test-classes:/home/runner/work/ozone/ozone/hadoop-ozone/integration-test/target/classes:/home/runner/.m2/repository/org/apache/ozone/ozone-common/1.4.0-SNAPSHOT/ozone-common-1.4.0-SNAPSHOT.jar:/home/runner/.m2/repository/io/grpc/grpc-netty/1.51.1/grpc-netty-1.51.1.jar:/home/runner/.m2/repository/io/grpc/grpc-core/1.51.1/grpc-core-1.51.1.jar:/home/runner/.m2/repository/com/google/android/annotations/4.1.1.4/annotations-4.1.1.4.jar:/home/runner/.m2/repository/org/codehaus/mojo/animal-sniffer-annotations/1.21/animal-sniffer-annotations-1.21.jar:/home/runner/.m2/repository/com/google/errorprone/error_prone_annotations/2.2.0/error_prone_annotations-2.2.0.jar:/home/runner/.m2/repository/io/perfmark/perfmark-api/0.25.0/perfmark-api-0.25.0.jar:/home/runner/.m2/repository/io/netty/netty-codec-http2/4.1.86.Final/netty-codec-http2-4.1.86.Final.jar:/home/runner/.m2/repository/io/netty/netty-common/4.1.86.Final/netty-common-4.1.86.Final.jar:/home/runner/.m2/repository/io/netty/netty-buffer/4.1.86.Final/netty-buffer-4.1.86.Final.jar:/home/runner/.m2/repository/io/netty/netty-codec-http/4.1.86.Final/netty-codec-http-4.1.86.Final.jar:/home/runner/.m2/repository/io/netty/netty-handler-proxy/4.1.86.Final/netty-handler-proxy-4.1.86.Final.jar:/home/runner/.m2/repository/io/netty/netty-codec-socks/4.1.86.Final/netty-codec-socks-4.1.86.Final.jar:/home/runner/.m2/repository/io/netty/netty-tcnative-boringssl-static/2.0.54.Final/netty-tcnative-boringssl-static-2.0.54.Final.jar:/home/runner/.m2/repository/io/netty/netty-tcnative-classes/2.0.54.Final/netty-tcnative-classes-2.0.54.Final.jar:/home/runner/.m2/repository/io/netty/netty-tcnative-boringssl-static/2.0.54.Final/netty-tcnative-boringssl-static-2.0.54.Final-linux-x86_64.jar:/home/runner/.m2/repository/io/netty/netty-tcnative-boringssl-static/2.0.54.Final/netty-tcnative-boringssl-static-2.0.54.Final-linux-aarch_64.jar:/home/runner/.m2/repository/io/netty/netty-tcnative-boringssl-static/2.0.54.Final/netty-tcnative-boringssl-static-2.0.54.Final-osx-x86_64.jar:/home/runner/.m2/repository/io/netty/netty-tcnative-boringssl-static/2.0.54.Final/netty-tcnative-boringssl-static-2.0.54.Final-osx-aarch_64.jar:/home/runner/.m2/repository/io/netty/netty-tcnative-boringssl-static/2.0.54.Final/netty-tcnative-boringssl-static-2.0.54.Final-windows-x86_64.jar:/home/runner/.m2/repository/org/apache/commons/commons-compress/1.21/commons-compress-1.21.jar:/home/runner/.m2/repository/org/apache/ozone/hdds-common/1.4.0-SNAPSHOT/hdds-common-1.4.0-SNAPSHOT.jar:/home/runner/.m2/repository/org/apache/ozone/hdds-client/1.4.0-SNAPSHOT/hdds-client-1.4.0-SNAPSHOT.jar:/home/runner/.m2/repository/org/apache/ozone/ozone-interface-client/1.4.0-SNAPSHOT/ozone-interface-client-1.4.0-SNAPSHOT.jar:/home/runner/.m2/repository/org/apache/ozone/hdds-test-utils/1.4.0-SNAPSHOT/hdds-test-utils-1.4.0-SNAPSHOT.jar:/home/runner/.m2/repository/com/google/guava/guava/31.1-jre/guava-31.1-jre.jar:/home/runner/.m2/repository/com/google/guava/failureaccess/1.0.1/failureaccess-1.0.1.jar:/home/runner/.m2/repository/com/google/guava/listenablefuture/9999.0-empty-to-avoid-conflict-with-guava/listenablefuture-9999.0-empty-to-avoid-conflict-with-guava.jar:/home/runner/.m2/repository/com/google/code/findbugs/jsr305/3.0.0/jsr305-3.0.0.jar:/home/runner/.m2/repository/org/checkerframework/checker-qual/3.12.0/checker-qual-3.12.0.jar:/home/runner/.m2/repository/com/google/j2objc/j2objc-annotations/1.3/j2objc-annotations-1.3.jar:/home/runner/.m2/repository/commons-io/commons-io/2.11.0/commons-io-2.11.0.jar:/home/runner/.m2/repository/commons-logging/commons-logging/1.2/commons-logging-1.2.jar:/home/runner/.m2/repository/ch/qos/reload4j/reload4j/1.2.22/reload4j-1.2.22.jar:/home/runner/.m2/repository/org/slf4j/slf4j-api/1.7.36/slf4j-api-1.7.36.jar:/home/runner/.m2/repository/org/apache/ozone/hdds-server-scm/1.4.0-SNAPSHOT/hdds-server-scm-1.4.0-SNAPSHOT.jar:/home/runner/.m2/repository/org/apache/ozone/hdds-container-service/1.4.0-SNAPSHOT/hdds-container-service-1.4.0-SNAPSHOT.jar:/home/runner/.m2/repository/org/apache/ozone/hdds-hadoop-dependency-server/1.4.0-SNAPSHOT/hdds-hadoop-dependency-server-1.4.0-SNAPSHOT.jar:/home/runner/.m2/repository/org/apache/hadoop/hadoop-hdfs/3.3.4/hadoop-hdfs-3.3.4.jar:/home/runner/.m2/repository/org/eclipse/jetty/jetty-util-ajax/9.4.49.v20220914/jetty-util-ajax-9.4.49.v20220914.jar:/home/runner/.m2/repository/commons-daemon/commons-daemon/1.0.13/commons-daemon-1.0.13.jar:/home/runner/.m2/repository/org/apache/ozone/hdds-server-framework/1.4.0-SNAPSHOT/hdds-server-framework-1.4.0-SNAPSHOT.jar:/home/runner/.m2/repository/org/apache/ozone/hdds-interface-server/1.4.0-SNAPSHOT/hdds-interface-server-1.4.0-SNAPSHOT.jar:/home/runner/.m2/repository/org/apache/commons/commons-configuration2/2.1.1/commons-configuration2-2.1.1.jar:/home/runner/.m2/repository/org/apache/logging/log4j/log4j-core/2.17.1/log4j-core-2.17.1.jar:/home/runner/.m2/repository/com/lmax/disruptor/3.4.2/disruptor-3.4.2.jar:/home/runner/.m2/repository/org/eclipse/jetty/jetty-servlet/9.4.49.v20220914/jetty-servlet-9.4.49.v20220914.jar:/home/runner/.m2/repository/org/eclipse/jetty/jetty-security/9.4.49.v20220914/jetty-security-9.4.49.v20220914.jar:/home/runner/.m2/repository/org/rocksdb/rocksdbjni/7.7.3/rocksdbjni-7.7.3.jar:/home/runner/.m2/repository/io/prometheus/simpleclient_dropwizard/0.7.0/simpleclient_dropwizard-0.7.0.jar:/home/runner/.m2/repository/io/prometheus/simpleclient/0.7.0/simpleclient-0.7.0.jar:/home/runner/.m2/repository/io/prometheus/simpleclient_common/0.7.0/simpleclient_common-0.7.0.jar:/home/runner/.m2/repository/com/github/spotbugs/spotbugs-annotations/3.1.12/spotbugs-annotations-3.1.12.jar:/home/runner/.m2/repository/org/awaitility/awaitility/4.2.0/awaitility-4.2.0.jar:/home/runner/.m2/repository/org/hamcrest/hamcrest/2.1/hamcrest-2.1.jar:/home/runner/.m2/repository/io/dropwizard/metrics/metrics-core/3.2.4/metrics-core-3.2.4.jar:/home/runner/.m2/repository/org/apache/commons/commons-text/1.4/commons-text-1.4.jar:/home/runner/.m2/repository/org/apache/hadoop/hadoop-hdfs-client/3.3.4/hadoop-hdfs-client-3.3.4.jar:/home/runner/.m2/repository/com/squareup/okhttp3/okhttp/4.9.3/okhttp-4.9.3.jar:/home/runner/.m2/repository/com/squareup/okio/okio/2.8.0/okio-2.8.0.jar:/home/runner/.m2/repository/org/jetbrains/kotlin/kotlin-stdlib-common/1.6.21/kotlin-stdlib-common-1.6.21.jar:/home/runner/.m2/repository/org/bouncycastle/bcprov-jdk15on/1.67/bcprov-jdk15on-1.67.jar:/home/runner/.m2/repository/com/google/protobuf/protobuf-java/2.5.0/protobuf-java-2.5.0.jar:/home/runner/.m2/repository/org/apache/ozone/ozone-manager/1.4.0-SNAPSHOT/ozone-manager-1.4.0-SNAPSHOT.jar:/home/runner/.m2/repository/org/aspectj/aspectjrt/1.9.7/aspectjrt-1.9.7.jar:/home/runner/.m2/repository/org/aspectj/aspectjweaver/1.9.7/aspectjweaver-1.9.7.jar:/home/runner/.m2/repository/org/apache/ozone/hdds-interface-client/1.4.0-SNAPSHOT/hdds-interface-client-1.4.0-SNAPSHOT.jar:/home/runner/.m2/repository/org/apache/hadoop/thirdparty/hadoop-shaded-protobuf_3_7/1.1.1/hadoop-shaded-protobuf_3_7-1.1.1.jar:/home/runner/.m2/repository/org/apache/ratis/ratis-thirdparty-misc/1.0.3/ratis-thirdparty-misc-1.0.3.jar:/home/runner/.m2/repository/org/apache/ozone/ozone-interface-storage/1.4.0-SNAPSHOT/ozone-interface-storage-1.4.0-SNAPSHOT.jar:/home/runner/.m2/repository/org/apache/ozone/rocksdb-checkpoint-differ/1.4.0-SNAPSHOT/rocksdb-checkpoint-differ-1.4.0-SNAPSHOT.jar:/home/runner/.m2/repository/org/reflections/reflections/0.9.11/reflections-0.9.11.jar:/home/runner/.m2/repository/com/sun/jersey/jersey-client/1.19/jersey-client-1.19.jar:/home/runner/.m2/repository/org/apache/ranger/ranger-intg/2.3.0/ranger-intg-2.3.0.jar:/home/runner/.m2/repository/org/apache/ranger/ranger-plugins-common/2.3.0/ranger-plugins-common-2.3.0.jar:/home/runner/.m2/repository/commons-lang/commons-lang/2.6/commons-lang-2.6.jar:/home/runner/.m2/repository/org/apache/ranger/ranger-plugins-cred/2.3.0/ranger-plugins-cred-2.3.0.jar:/home/runner/.m2/repository/org/apache/ranger/ranger-plugins-audit/2.3.0/ranger-plugins-audit-2.3.0.jar:/home/runner/.m2/repository/org/eclipse/jetty/jetty-client/9.4.49.v20220914/jetty-client-9.4.49.v20220914.jar:/home/runner/.m2/repository/org/apache/httpcomponents/httpmime/4.5.6/httpmime-4.5.6.jar:/home/runner/.m2/repository/org/apache/httpcomponents/httpcore-nio/4.4.13/httpcore-nio-4.4.13.jar:/home/runner/.m2/repository/org/apache/httpcomponents/httpasyncclient/4.1.3/httpasyncclient-4.1.3.jar:/home/runner/.m2/repository/com/carrotsearch/hppc/0.8.0/hppc-0.8.0.jar:/home/runner/.m2/repository/org/apache/orc/orc-core/1.5.8/orc-core-1.5.8.jar:/home/runner/.m2/repository/net/java/dev/jna/jna/5.2.0/jna-5.2.0.jar:/home/runner/.m2/repository/net/java/dev/jna/jna-platform/5.2.0/jna-platform-5.2.0.jar:/home/runner/.m2/repository/com/kstruct/gethostname4j/0.0.2/gethostname4j-0.0.2.jar:/home/runner/.m2/repository/org/apache/ranger/ranger-plugin-classloader/2.3.0/ranger-plugin-classloader-2.3.0.jar:/home/runner/.m2/repository/org/apache/hadoop/hadoop-minikdc/3.3.4/hadoop-minikdc-3.3.4.jar:/home/runner/.m2/repository/org/apache/kerby/kerb-simplekdc/1.0.1/kerb-simplekdc-1.0.1.jar:/home/runner/.m2/repository/org/apache/kerby/kerb-client/1.0.1/kerb-client-1.0.1.jar:/home/runner/.m2/repository/org/apache/kerby/kerby-config/1.0.1/kerby-config-1.0.1.jar:/home/runner/.m2/repository/org/apache/kerby/kerb-common/1.0.1/kerb-common-1.0.1.jar:/home/runner/.m2/repository/org/apache/kerby/kerb-crypto/1.0.1/kerb-crypto-1.0.1.jar:/home/runner/.m2/repository/org/apache/kerby/kerb-util/1.0.1/kerb-util-1.0.1.jar:/home/runner/.m2/repository/org/apache/kerby/token-provider/1.0.1/token-provider-1.0.1.jar:/home/runner/.m2/repository/org/apache/kerby/kerb-admin/1.0.1/kerb-admin-1.0.1.jar:/home/runner/.m2/repository/org/apache/kerby/kerb-server/1.0.1/kerb-server-1.0.1.jar:/home/runner/.m2/repository/org/apache/kerby/kerb-identity/1.0.1/kerb-identity-1.0.1.jar:/home/runner/.m2/repository/org/apache/kerby/kerby-xdr/1.0.1/kerby-xdr-1.0.1.jar:/home/runner/.m2/repository/org/apache/ozone/ozone-s3gateway/1.4.0-SNAPSHOT/ozone-s3gateway-1.4.0-SNAPSHOT.jar:/home/runner/.m2/repository/org/javassist/javassist/3.21.0-GA/javassist-3.21.0-GA.jar:/home/runner/.m2/repository/org/jboss/weld/servlet/weld-servlet/2.4.7.Final/weld-servlet-2.4.7.Final.jar:/home/runner/.m2/repository/org/glassfish/jersey/containers/jersey-container-servlet-core/2.34/jersey-container-servlet-core-2.34.jar:/home/runner/.m2/repository/org/glassfish/hk2/external/jakarta.inject/2.6.1/jakarta.inject-2.6.1.jar:/home/runner/.m2/repository/org/glassfish/jersey/core/jersey-common/2.34/jersey-common-2.34.jar:/home/runner/.m2/repository/jakarta/ws/rs/jakarta.ws.rs-api/2.1.6/jakarta.ws.rs-api-2.1.6.jar:/home/runner/.m2/repository/org/glassfish/jersey/ext/cdi/jersey-cdi1x/2.34/jersey-cdi1x-2.34.jar:/home/runner/.m2/repository/org/glassfish/jersey/inject/jersey-hk2/2.34/jersey-hk2-2.34.jar:/home/runner/.m2/repository/org/glassfish/hk2/hk2-locator/2.6.1/hk2-locator-2.6.1.jar:/home/runner/.m2/repository/org/glassfish/jersey/media/jersey-media-jaxb/2.34/jersey-media-jaxb-2.34.jar:/home/runner/.m2/repository/org/glassfish/hk2/osgi-resource-locator/1.0.3/osgi-resource-locator-1.0.3.jar:/home/runner/.m2/repository/org/glassfish/hk2/hk2-api/2.5.0/hk2-api-2.5.0.jar:/home/runner/.m2/repository/org/glassfish/hk2/hk2-utils/2.5.0/hk2-utils-2.5.0.jar:/home/runner/.m2/repository/org/glassfish/hk2/external/aopalliance-repackaged/2.5.0/aopalliance-repackaged-2.5.0.jar:/home/runner/.m2/repository/com/fasterxml/jackson/dataformat/jackson-dataformat-xml/2.13.4/jackson-dataformat-xml-2.13.4.jar:/home/runner/.m2/repository/com/fasterxml/jackson/core/jackson-core/2.13.4/jackson-core-2.13.4.jar:/home/runner/.m2/repository/org/codehaus/woodstox/stax2-api/4.2.1/stax2-api-4.2.1.jar:/home/runner/.m2/repository/com/fasterxml/woodstox/woodstox-core/5.4.0/woodstox-core-5.4.0.jar:/home/runner/.m2/repository/com/fasterxml/jackson/module/jackson-module-jaxb-annotations/2.13.4/jackson-module-jaxb-annotations-2.13.4.jar:/home/runner/.m2/repository/jakarta/xml/bind/jakarta.xml.bind-api/2.3.3/jakarta.xml.bind-api-2.3.3.jar:/home/runner/.m2/repository/jakarta/activation/jakarta.activation-api/1.2.2/jakarta.activation-api-1.2.2.jar:/home/runner/.m2/repository/javax/enterprise/cdi-api/1.2/cdi-api-1.2.jar:/home/runner/.m2/repository/javax/el/javax.el-api/3.0.0/javax.el-api-3.0.0.jar:/home/runner/.m2/repository/javax/interceptor/javax.interceptor-api/1.2/javax.interceptor-api-1.2.jar:/home/runner/.m2/repository/javax/inject/javax.inject/1/javax.inject-1.jar:/home/runner/.m2/repository/javax/xml/bind/jaxb-api/2.3.0/jaxb-api-2.3.0.jar:/home/runner/.m2/repository/org/glassfish/jaxb/jaxb-runtime/2.3.0.1/jaxb-runtime-2.3.0.1.jar:/home/runner/.m2/repository/org/glassfish/jaxb/jaxb-core/2.3.0.1/jaxb-core-2.3.0.1.jar:/home/runner/.m2/repository/org/glassfish/jaxb/txw2/2.3.0.1/txw2-2.3.0.1.jar:/home/runner/.m2/repository/com/sun/istack/istack-commons-runtime/3.0.5/istack-commons-runtime-3.0.5.jar:/home/runner/.m2/repository/org/jvnet/staxex/stax-ex/1.7.8/stax-ex-1.7.8.jar:/home/runner/.m2/repository/com/sun/xml/fastinfoset/FastInfoset/1.2.13/FastInfoset-1.2.13.jar:/home/runner/.m2/repository/javax/activation/activation/1.1.1/activation-1.1.1.jar:/home/runner/.m2/repository/io/grpc/grpc-protobuf/1.51.1/grpc-protobuf-1.51.1.jar:/home/runner/.m2/repository/io/grpc/grpc-api/1.51.1/grpc-api-1.51.1.jar:/home/runner/.m2/repository/io/grpc/grpc-context/1.51.1/grpc-context-1.51.1.jar:/home/runner/.m2/repository/com/google/api/grpc/proto-google-common-protos/2.9.0/proto-google-common-protos-2.9.0.jar:/home/runner/.m2/repository/io/grpc/grpc-protobuf-lite/1.51.1/grpc-protobuf-lite-1.51.1.jar:/home/runner/.m2/repository/io/grpc/grpc-stub/1.51.1/grpc-stub-1.51.1.jar:/home/runner/.m2/repository/io/netty/netty-transport/4.1.86.Final/netty-transport-4.1.86.Final.jar:/home/runner/.m2/repository/io/netty/netty-resolver/4.1.86.Final/netty-resolver-4.1.86.Final.jar:/home/runner/.m2/repository/org/apache/ozone/ozone-csi/1.4.0-SNAPSHOT/ozone-csi-1.4.0-SNAPSHOT.jar:/home/runner/.m2/repository/com/google/protobuf/protobuf-java-util/3.19.6/protobuf-java-util-3.19.6.jar:/home/runner/.m2/repository/com/google/code/gson/gson/2.9.0/gson-2.9.0.jar:/home/runner/.m2/repository/org/apache/ozone/hdds-config/1.4.0-SNAPSHOT/hdds-config-1.4.0-SNAPSHOT.jar:/home/runner/.m2/repository/io/netty/netty-transport-native-epoll/4.1.86.Final/netty-transport-native-epoll-4.1.86.Final-linux-x86_64.jar:/home/runner/.m2/repository/io/netty/netty-transport-classes-epoll/4.1.86.Final/netty-transport-classes-epoll-4.1.86.Final.jar:/home/runner/.m2/repository/io/netty/netty-transport-native-unix-common/4.1.86.Final/netty-transport-native-unix-common-4.1.86.Final.jar:/home/runner/.m2/repository/org/slf4j/slf4j-reload4j/1.7.36/slf4j-reload4j-1.7.36.jar:/home/runner/.m2/repository/org/apache/ozone/ozone-recon/1.4.0-SNAPSHOT/ozone-recon-1.4.0-SNAPSHOT.jar:/home/runner/.m2/repository/org/apache/ozone/ozone-reconcodegen/1.4.0-SNAPSHOT/ozone-reconcodegen-1.4.0-SNAPSHOT.jar:/home/runner/.m2/repository/com/google/inject/extensions/guice-multibindings/4.0/guice-multibindings-4.0.jar:/home/runner/.m2/repository/com/google/inject/guice/4.0/guice-4.0.jar:/home/runner/.m2/repository/aopalliance/aopalliance/1.0/aopalliance-1.0.jar:/home/runner/.m2/repository/com/google/inject/extensions/guice-assistedinject/4.0/guice-assistedinject-4.0.jar:/home/runner/.m2/repository/com/google/inject/extensions/guice-servlet/4.0/guice-servlet-4.0.jar:/home/runner/.m2/repository/org/glassfish/jersey/containers/jersey-container-servlet/2.34/jersey-container-servlet-2.34.jar:/home/runner/.m2/repository/org/glassfish/hk2/guice-bridge/2.5.0/guice-bridge-2.5.0.jar:/home/runner/.m2/repository/org/glassfish/jersey/core/jersey-server/2.34/jersey-server-2.34.jar:/home/runner/.m2/repository/org/glassfish/jersey/core/jersey-client/2.34/jersey-client-2.34.jar:/home/runner/.m2/repository/jakarta/annotation/jakarta.annotation-api/1.3.5/jakarta.annotation-api-1.3.5.jar:/home/runner/.m2/repository/jakarta/validation/jakarta.validation-api/2.0.2/jakarta.validation-api-2.0.2.jar:/home/runner/.m2/repository/org/glassfish/jersey/media/jersey-media-json-jackson/2.34/jersey-media-json-jackson-2.34.jar:/home/runner/.m2/repository/org/glassfish/jersey/ext/jersey-entity-filtering/2.34/jersey-entity-filtering-2.34.jar:/home/runner/.m2/repository/org/jooq/jooq/3.11.10/jooq-3.11.10.jar:/home/runner/.m2/repository/org/jooq/jooq-meta/3.11.10/jooq-meta-3.11.10.jar:/home/runner/.m2/repository/org/jooq/jooq-codegen/3.11.10/jooq-codegen-3.11.10.jar:/home/runner/.m2/repository/com/jolbox/bonecp/0.8.0.RELEASE/bonecp-0.8.0.RELEASE.jar:/home/runner/.m2/repository/org/apache/derby/derby/10.14.2.0/derby-10.14.2.0.jar:/home/runner/.m2/repository/org/xerial/sqlite-jdbc/3.25.2/sqlite-jdbc-3.25.2.jar:/home/runner/.m2/repository/org/springframework/spring-jdbc/5.3.23/spring-jdbc-5.3.23.jar:/home/runner/.m2/repository/org/springframework/spring-beans/5.3.23/spring-beans-5.3.23.jar:/home/runner/.m2/repository/org/springframework/spring-core/5.3.23/spring-core-5.3.23.jar:/home/runner/.m2/repository/org/springframework/spring-jcl/5.3.23/spring-jcl-5.3.23.jar:/home/runner/.m2/repository/org/springframework/spring-tx/5.3.23/spring-tx-5.3.23.jar:/home/runner/.m2/repository/org/apache/ozone/ozone-client/1.4.0-SNAPSHOT/ozone-client-1.4.0-SNAPSHOT.jar:/home/runner/.m2/repository/org/apache/ozone/hdds-erasurecode/1.4.0-SNAPSHOT/hdds-erasurecode-1.4.0-SNAPSHOT.jar:/home/runner/.m2/repository/org/apache/ozone/ozone-filesystem/1.4.0-SNAPSHOT/ozone-filesystem-1.4.0-SNAPSHOT.jar:/home/runner/.m2/repository/org/apache/ozone/ozone-filesystem-common/1.4.0-SNAPSHOT/ozone-filesystem-common-1.4.0-SNAPSHOT.jar:/home/runner/.m2/repository/org/apache/ozone/ozone-tools/1.4.0-SNAPSHOT/ozone-tools-1.4.0-SNAPSHOT.jar:/home/runner/.m2/repository/com/amazonaws/aws-java-sdk-core/1.12.261/aws-java-sdk-core-1.12.261.jar:/home/runner/.m2/repository/org/apache/httpcomponents/httpclient/4.5.13/httpclient-4.5.13.jar:/home/runner/.m2/repository/org/apache/httpcomponents/httpcore/4.4.13/httpcore-4.4.13.jar:/home/runner/.m2/repository/software/amazon/ion/ion-java/1.0.2/ion-java-1.0.2.jar:/home/runner/.m2/repository/com/fasterxml/jackson/dataformat/jackson-dataformat-cbor/2.13.4/jackson-dataformat-cbor-2.13.4.jar:/home/runner/.m2/repository/joda-time/joda-time/2.10.6/joda-time-2.10.6.jar:/home/runner/.m2/repository/com/amazonaws/aws-java-sdk-s3/1.12.261/aws-java-sdk-s3-1.12.261.jar:/home/runner/.m2/repository/com/amazonaws/aws-java-sdk-kms/1.12.261/aws-java-sdk-kms-1.12.261.jar:/home/runner/.m2/repository/com/amazonaws/jmespath-java/1.12.261/jmespath-java-1.12.261.jar:/home/runner/.m2/repository/org/kohsuke/metainf-services/metainf-services/1.8/metainf-services-1.8.jar:/home/runner/.m2/repository/org/apache/ozone/hdds-tools/1.4.0-SNAPSHOT/hdds-tools-1.4.0-SNAPSHOT.jar:/home/runner/.m2/repository/org/apache/ratis/ratis-tools/2.4.2-8b8bdda-SNAPSHOT/ratis-tools-2.4.2-8b8bdda-SNAPSHOT.jar:/home/runner/.m2/repository/org/apache/ratis/ratis-proto/2.4.2-8b8bdda-SNAPSHOT/ratis-proto-2.4.2-8b8bdda-SNAPSHOT.jar:/home/runner/.m2/repository/org/apache/ratis/ratis-common/2.4.2-8b8bdda-SNAPSHOT/ratis-common-2.4.2-8b8bdda-SNAPSHOT.jar:/home/runner/.m2/repository/commons-cli/commons-cli/1.2/commons-cli-1.2.jar:/home/runner/.m2/repository/org/apache/commons/commons-lang3/3.7/commons-lang3-3.7.jar:/home/runner/.m2/repository/org/apache/ozone/ozone-manager/1.4.0-SNAPSHOT/ozone-manager-1.4.0-SNAPSHOT-tests.jar:/home/runner/.m2/repository/org/apache/ozone/hdds-common/1.4.0-SNAPSHOT/hdds-common-1.4.0-SNAPSHOT-tests.jar:/home/runner/.m2/repository/org/apache/ozone/hdds-hadoop-dependency-client/1.4.0-SNAPSHOT/hdds-hadoop-dependency-client-1.4.0-SNAPSHOT.jar:/home/runner/.m2/repository/info/picocli/picocli/4.6.1/picocli-4.6.1.jar:/home/runner/.m2/repository/com/fasterxml/jackson/core/jackson-annotations/2.13.4/jackson-annotations-2.13.4.jar:/home/runner/.m2/repository/com/fasterxml/jackson/datatype/jackson-datatype-jsr310/2.13.4/jackson-datatype-jsr310-2.13.4.jar:/home/runner/.m2/repository/org/apache/ozone/hdds-annotation-processing/1.4.0-SNAPSHOT/hdds-annotation-processing-1.4.0-SNAPSHOT.jar:/home/runner/.m2/repository/javax/annotation/javax.annotation-api/1.2/javax.annotation-api-1.2.jar:/home/runner/.m2/repository/org/apache/ratis/ratis-server/2.4.2-8b8bdda-SNAPSHOT/ratis-server-2.4.2-8b8bdda-SNAPSHOT.jar:/home/runner/.m2/repository/org/apache/ratis/ratis-client/2.4.2-8b8bdda-SNAPSHOT/ratis-client-2.4.2-8b8bdda-SNAPSHOT.jar:/home/runner/.m2/repository/org/apache/ratis/ratis-server-api/2.4.2-8b8bdda-SNAPSHOT/ratis-server-api-2.4.2-8b8bdda-SNAPSHOT.jar:/home/runner/.m2/repository/org/apache/ratis/ratis-metrics/2.4.2-8b8bdda-SNAPSHOT/ratis-metrics-2.4.2-8b8bdda-SNAPSHOT.jar:/home/runner/.m2/repository/org/apache/ratis/ratis-netty/2.4.2-8b8bdda-SNAPSHOT/ratis-netty-2.4.2-8b8bdda-SNAPSHOT.jar:/home/runner/.m2/repository/org/apache/ratis/ratis-grpc/2.4.2-8b8bdda-SNAPSHOT/ratis-grpc-2.4.2-8b8bdda-SNAPSHOT.jar:/home/runner/.m2/repository/org/apache/logging/log4j/log4j-api/2.17.1/log4j-api-2.17.1.jar:/home/runner/.m2/repository/org/apache/commons/commons-pool2/2.6.0/commons-pool2-2.6.0.jar:/home/runner/.m2/repository/org/bouncycastle/bcpkix-jdk15on/1.67/bcpkix-jdk15on-1.67.jar:/home/runner/.m2/repository/commons-validator/commons-validator/1.6/commons-validator-1.6.jar:/home/runner/.m2/repository/commons-beanutils/commons-beanutils/1.9.4/commons-beanutils-1.9.4.jar:/home/runner/.m2/repository/commons-digester/commons-digester/1.8.1/commons-digester-1.8.1.jar:/home/runner/.m2/repository/commons-collections/commons-collections/3.2.2/commons-collections-3.2.2.jar:/home/runner/.m2/repository/io/jaegertracing/jaeger-client/1.6.0/jaeger-client-1.6.0.jar:/home/runner/.m2/repository/io/jaegertracing/jaeger-thrift/1.6.0/jaeger-thrift-1.6.0.jar:/home/runner/.m2/repository/org/apache/thrift/libthrift/0.14.1/libthrift-0.14.1.jar:/home/runner/.m2/repository/io/jaegertracing/jaeger-core/1.6.0/jaeger-core-1.6.0.jar:/home/runner/.m2/repository/io/jaegertracing/jaeger-tracerresolver/1.6.0/jaeger-tracerresolver-1.6.0.jar:/home/runner/.m2/repository/io/opentracing/contrib/opentracing-tracerresolver/0.1.8/opentracing-tracerresolver-0.1.8.jar:/home/runner/.m2/repository/org/jetbrains/kotlin/kotlin-stdlib/1.6.21/kotlin-stdlib-1.6.21.jar:/home/runner/.m2/repository/org/jetbrains/annotations/13.0/annotations-13.0.jar:/home/runner/.m2/repository/io/opentracing/opentracing-util/0.33.0/opentracing-util-0.33.0.jar:/home/runner/.m2/repository/io/opentracing/opentracing-api/0.33.0/opentracing-api-0.33.0.jar:/home/runner/.m2/repository/io/opentracing/opentracing-noop/0.33.0/opentracing-noop-0.33.0.jar:/home/runner/.m2/repository/org/yaml/snakeyaml/1.33/snakeyaml-1.33.jar:/home/runner/.m2/repository/org/apache/ozone/hdds-interface-admin/1.4.0-SNAPSHOT/hdds-interface-admin-1.4.0-SNAPSHOT.jar:/home/runner/.m2/repository/junit/junit/4.13.1/junit-4.13.1.jar:/home/runner/.m2/repository/org/hamcrest/hamcrest-core/1.3/hamcrest-core-1.3.jar:/home/runner/.m2/repository/org/junit/jupiter/junit-jupiter-api/5.8.2/junit-jupiter-api-5.8.2.jar:/home/runner/.m2/repository/org/opentest4j/opentest4j/1.2.0/opentest4j-1.2.0.jar:/home/runner/.m2/repository/org/junit/platform/junit-platform-commons/1.8.2/junit-platform-commons-1.8.2.jar:/home/runner/.m2/repository/org/apiguardian/apiguardian-api/1.1.2/apiguardian-api-1.1.2.jar:/home/runner/.m2/repository/org/junit/jupiter/junit-jupiter-params/5.8.2/junit-jupiter-params-5.8.2.jar:/home/runner/.m2/repository/org/junit/jupiter/junit-jupiter-migrationsupport/5.8.2/junit-jupiter-migrationsupport-5.8.2.jar:/home/runner/.m2/repository/org/junit/jupiter/junit-jupiter-engine/5.8.2/junit-jupiter-engine-5.8.2.jar:/home/runner/.m2/repository/org/junit/platform/junit-platform-engine/1.8.2/junit-platform-engine-1.8.2.jar:/home/runner/.m2/repository/org/junit/vintage/junit-vintage-engine/5.8.2/junit-vintage-engine-5.8.2.jar:/home/runner/.m2/repository/org/junit/platform/junit-platform-launcher/1.8.2/junit-platform-launcher-1.8.2.jar:/home/runner/.m2/repository/org/mockito/mockito-core/2.28.2/mockito-core-2.28.2.jar:/home/runner/.m2/repository/net/bytebuddy/byte-buddy/1.9.10/byte-buddy-1.9.10.jar:/home/runner/.m2/repository/net/bytebuddy/byte-buddy-agent/1.9.10/byte-buddy-agent-1.9.10.jar:/home/runner/.m2/repository/org/objenesis/objenesis/1.0/objenesis-1.0.jar:/home/runner/.m2/repository/org/apache/hadoop/hadoop-kms/3.3.4/hadoop-kms-3.3.4.jar:/home/runner/.m2/repository/org/apache/hadoop/hadoop-auth/3.3.4/hadoop-auth-3.3.4.jar:/home/runner/.m2/repository/com/nimbusds/nimbus-jose-jwt/9.8.1/nimbus-jose-jwt-9.8.1.jar:/home/runner/.m2/repository/com/github/stephenc/jcip/jcip-annotations/1.0-1/jcip-annotations-1.0-1.jar:/home/runner/.m2/repository/net/minidev/json-smart/2.4.7/json-smart-2.4.7.jar:/home/runner/.m2/repository/net/minidev/accessors-smart/2.4.7/accessors-smart-2.4.7.jar:/home/runner/.m2/repository/org/ow2/asm/asm/5.0.4/asm-5.0.4.jar:/home/runner/.m2/repository/org/apache/zookeeper/zookeeper/3.5.6/zookeeper-3.5.6.jar:/home/runner/.m2/repository/org/apache/zookeeper/zookeeper-jute/3.5.6/zookeeper-jute-3.5.6.jar:/home/runner/.m2/repository/org/apache/yetus/audience-annotations/0.5.0/audience-annotations-0.5.0.jar:/home/runner/.m2/repository/org/apache/curator/curator-framework/4.2.0/curator-framework-4.2.0.jar:/home/runner/.m2/repository/org/apache/hadoop/thirdparty/hadoop-shaded-guava/1.1.1/hadoop-shaded-guava-1.1.1.jar:/home/runner/.m2/repository/com/sun/jersey/jersey-core/1.19/jersey-core-1.19.jar:/home/runner/.m2/repository/javax/ws/rs/jsr311-api/1.1.1/jsr311-api-1.1.1.jar:/home/runner/.m2/repository/com/sun/jersey/jersey-server/1.19/jersey-server-1.19.jar:/home/runner/.m2/repository/javax/servlet/javax.servlet-api/3.1.0/javax.servlet-api-3.1.0.jar:/home/runner/.m2/repository/org/eclipse/jetty/jetty-server/9.4.49.v20220914/jetty-server-9.4.49.v20220914.jar:/home/runner/.m2/repository/org/eclipse/jetty/jetty-http/9.4.49.v20220914/jetty-http-9.4.49.v20220914.jar:/home/runner/.m2/repository/org/eclipse/jetty/jetty-io/9.4.49.v20220914/jetty-io-9.4.49.v20220914.jar:/home/runner/.m2/repository/org/eclipse/jetty/jetty-webapp/9.4.49.v20220914/jetty-webapp-9.4.49.v20220914.jar:/home/runner/.m2/repository/org/eclipse/jetty/jetty-xml/9.4.49.v20220914/jetty-xml-9.4.49.v20220914.jar:/home/runner/.m2/repository/org/apache/hadoop/hadoop-common/3.3.4/hadoop-common-3.3.4.jar:/home/runner/.m2/repository/org/apache/commons/commons-math3/3.1.1/commons-math3-3.1.1.jar:/home/runner/.m2/repository/commons-net/commons-net/3.9.0/commons-net-3.9.0.jar:/home/runner/.m2/repository/com/sun/jersey/jersey-servlet/1.19/jersey-servlet-1.19.jar:/home/runner/.m2/repository/com/sun/jersey/jersey-json/1.19/jersey-json-1.19.jar:/home/runner/.m2/repository/org/codehaus/jettison/jettison/1.1/jettison-1.1.jar:/home/runner/.m2/repository/com/sun/xml/bind/jaxb-impl/2.2.3-1/jaxb-impl-2.2.3-1.jar:/home/runner/.m2/repository/org/codehaus/jackson/jackson-jaxrs/1.9.2/jackson-jaxrs-1.9.2.jar:/home/runner/.m2/repository/org/codehaus/jackson/jackson-xc/1.9.2/jackson-xc-1.9.2.jar:/home/runner/.m2/repository/com/google/re2j/re2j/1.1/re2j-1.1.jar:/home/runner/.m2/repository/com/jcraft/jsch/0.1.54/jsch-0.1.54.jar:/home/runner/.m2/repository/org/apache/curator/curator-client/4.2.0/curator-client-4.2.0.jar:/home/runner/.m2/repository/org/apache/curator/curator-recipes/4.2.0/curator-recipes-4.2.0.jar:/home/runner/.m2/repository/org/apache/kerby/kerb-core/1.0.1/kerb-core-1.0.1.jar:/home/runner/.m2/repository/org/apache/kerby/kerby-pkix/1.0.1/kerby-pkix-1.0.1.jar:/home/runner/.m2/repository/org/apache/kerby/kerby-asn1/1.0.1/kerby-asn1-1.0.1.jar:/home/runner/.m2/repository/org/apache/kerby/kerby-util/1.0.1/kerby-util-1.0.1.jar:/home/runner/.m2/repository/dnsjava/dnsjava/2.1.7/dnsjava-2.1.7.jar:/home/runner/.m2/repository/org/xerial/snappy/snappy-java/1.1.8.2/snappy-java-1.1.8.2.jar:/home/runner/.m2/repository/org/eclipse/jetty/jetty-util/9.4.49.v20220914/jetty-util-9.4.49.v20220914.jar:/home/runner/.m2/repository/com/fasterxml/jackson/core/jackson-databind/2.13.4.2/jackson-databind-2.13.4.2.jar:/home/runner/.m2/repository/org/apache/hadoop/hadoop-kms/3.3.4/hadoop-kms-3.3.4-tests.jar:/home/runner/.m2/repository/org/apache/ozone/hdds-server-scm/1.4.0-SNAPSHOT/hdds-server-scm-1.4.0-SNAPSHOT-tests.jar:/home/runner/.m2/repository/org/apache/ozone/hdds-container-service/1.4.0-SNAPSHOT/hdds-container-service-1.4.0-SNAPSHOT-tests.jar:/home/runner/.m2/repository/com/github/luben/zstd-jni/1.5.2-5/zstd-jni-1.5.2-5.jar:/home/runner/.m2/repository/commons-codec/commons-codec/1.15/commons-codec-1.15.jar:/home/runner/.m2/repository/io/netty/netty-codec/4.1.86.Final/netty-codec-4.1.86.Final.jar:/home/runner/.m2/repository/io/netty/netty-handler/4.1.86.Final/netty-handler-4.1.86.Final.jar:/home/runner/.m2/repository/org/apache/ozone/hdds-hadoop-dependency-test/1.4.0-SNAPSHOT/hdds-hadoop-dependency-test-1.4.0-SNAPSHOT.jar:/home/runner/.m2/repository/org/apache/hadoop/hadoop-common/3.3.4/hadoop-common-3.3.4-tests.jar:/home/runner/.m2/repository/org/apache/hadoop/hadoop-hdfs/3.3.4/hadoop-hdfs-3.3.4-tests.jar:/home/runner/.m2/repository/org/assertj/assertj-core/3.12.2/assertj-core-3.12.2.jar:/home/runner/.m2/repository/org/apache/hadoop/hadoop-distcp/3.3.4/hadoop-distcp-3.3.4.jar:/home/runner/.m2/repository/org/apache/hadoop/hadoop-mapreduce-client-jobclient/3.3.4/hadoop-mapreduce-client-jobclient-3.3.4.jar:/home/runner/.m2/repository/org/apache/hadoop/hadoop-mapreduce-client-common/3.3.4/hadoop-mapreduce-client-common-3.3.4.jar:/home/runner/.m2/repository/org/apache/hadoop/hadoop-yarn-common/3.3.4/hadoop-yarn-common-3.3.4.jar:/home/runner/.m2/repository/org/apache/hadoop/hadoop-yarn-api/3.3.4/hadoop-yarn-api-3.3.4.jar:/home/runner/.m2/repository/com/sun/jersey/contribs/jersey-guice/1.19/jersey-guice-1.19.jar:/home/runner/.m2/repository/com/fasterxml/jackson/jaxrs/jackson-jaxrs-json-provider/2.13.4/jackson-jaxrs-json-provider-2.13.4.jar:/home/runner/.m2/repository/com/fasterxml/jackson/jaxrs/jackson-jaxrs-base/2.13.4/jackson-jaxrs-base-2.13.4.jar:/home/runner/.m2/repository/org/apache/hadoop/hadoop-yarn-client/3.3.4/hadoop-yarn-client-3.3.4.jar:/home/runner/.m2/repository/org/eclipse/jetty/websocket/websocket-client/9.4.43.v20210629/websocket-client-9.4.43.v20210629.jar:/home/runner/.m2/repository/org/eclipse/jetty/websocket/websocket-common/9.4.43.v20210629/websocket-common-9.4.43.v20210629.jar:/home/runner/.m2/repository/org/eclipse/jetty/websocket/websocket-api/9.4.43.v20210629/websocket-api-9.4.43.v20210629.jar:/home/runner/.m2/repository/org/jline/jline/3.9.0/jline-3.9.0.jar:/home/runner/.m2/repository/org/apache/hadoop/hadoop-mapreduce-client-core/3.3.4/hadoop-mapreduce-client-core-3.3.4.jar:/home/runner/.m2/repository/org/apache/avro/avro/1.7.7/avro-1.7.7.jar:/home/runner/.m2/repository/org/codehaus/jackson/jackson-core-asl/1.9.13/jackson-core-asl-1.9.13.jar:/home/runner/.m2/repository/org/codehaus/jackson/jackson-mapper-asl/1.9.13/jackson-mapper-asl-1.9.13.jar:/home/runner/.m2/repository/com/thoughtworks/paranamer/paranamer/2.3/paranamer-2.3.jar:/home/runner/.m2/repository/org/apache/hadoop/hadoop-annotations/3.3.4/hadoop-annotations-3.3.4.jar:/usr/lib/jvm/temurin-8-jdk-amd64/jre/../lib/tools.jar:/home/runner/.m2/repository/io/netty/netty/3.10.6.Final/netty-3.10.6.Final.jar:/home/runner/.m2/repository/org/apache/hadoop/hadoop-distcp/3.3.4/hadoop-distcp-3.3.4-tests.jar:/home/runner/.m2/repository/org/slf4j/jul-to-slf4j/1.7.36/jul-to-slf4j-1.7.36.jar:"/>
    <property name="sun.cpu.endian" value="little"/>
    <property name="user.home" value="/home/runner"/>
    <property name="user.language" value="en"/>
    <property name="java.specification.vendor" value="Oracle Corporation"/>
    <property name="java.home" value="/usr/lib/jvm/temurin-8-jdk-amd64/jre"/>
    <property name="java.security.krb5.conf" value="/home/runner/work/ozone/ozone/hadoop-ozone/integration-test/target/test-classes/krb5.conf"/>
    <property name="basedir" value="/home/runner/work/ozone/ozone/hadoop-ozone/integration-test"/>
    <property name="file.separator" value="/"/>
    <property name="line.separator" value="&#10;"/>
    <property name="java.vm.specification.vendor" value="Oracle Corporation"/>
    <property name="java.specification.name" value="Java Platform API Specification"/>
    <property name="java.awt.graphicsenv" value="sun.awt.X11GraphicsEnvironment"/>
    <property name="skip.installnpx" value="true"/>
    <property name="surefire.real.class.path" value="/home/runner/work/ozone/ozone/hadoop-ozone/integration-test/target/surefire/surefirebooter5736229488829079126.jar:/home/runner/.m2/repository/org/jacoco/org.jacoco.agent/0.8.5/org.jacoco.agent-0.8.5-runtime.jar"/>
    <property name="hadoop.log.dir" value="/home/runner/work/ozone/ozone/hadoop-ozone/integration-test/target/log"/>
    <property name="sun.boot.class.path" value="/usr/lib/jvm/temurin-8-jdk-amd64/jre/lib/resources.jar:/usr/lib/jvm/temurin-8-jdk-amd64/jre/lib/rt.jar:/usr/lib/jvm/temurin-8-jdk-amd64/jre/lib/sunrsasign.jar:/usr/lib/jvm/temurin-8-jdk-amd64/jre/lib/jsse.jar:/usr/lib/jvm/temurin-8-jdk-amd64/jre/lib/jce.jar:/usr/lib/jvm/temurin-8-jdk-amd64/jre/lib/charsets.jar:/usr/lib/jvm/temurin-8-jdk-amd64/jre/lib/jfr.jar:/usr/lib/jvm/temurin-8-jdk-amd64/jre/classes"/>
    <property name="sun.management.compiler" value="HotSpot 64-Bit Tiered Compilers"/>
    <property name="skip.npx" value="true"/>
    <property name="java.runtime.version" value="1.8.0_362-b09"/>
    <property name="java.net.preferIPv4Stack" value="true"/>
    <property name="user.name" value="runner"/>
    <property name="path.separator" value=":"/>
    <property name="java.security.egd" value="file:///dev/urandom"/>
    <property name="os.version" value="5.15.0-1031-azure"/>
    <property name="java.endorsed.dirs" value="/usr/lib/jvm/temurin-8-jdk-amd64/jre/lib/endorsed"/>
    <property name="java.runtime.name" value="OpenJDK Runtime Environment"/>
    <property name="file.encoding" value="UTF-8"/>
    <property name="java.vm.name" value="OpenJDK 64-Bit Server VM"/>
    <property name="test.build.webapps" value=""/>
    <property name="localRepository" value="/home/runner/.m2/repository"/>
    <property name="jetty.git.hash" value="4231a3b2e4cb8548a412a789936d640a97b1aa0a"/>
    <property name="java.vendor.url.bug" value="https://github.com/adoptium/adoptium-support/issues"/>
    <property name="java.io.tmpdir" value="/tmp"/>
    <property name="require.test.libhadoop" value=""/>
    <property name="java.version" value="1.8.0_362"/>
    <property name="user.dir" value="/home/runner/work/ozone/ozone/hadoop-ozone/integration-test"/>
    <property name="os.arch" value="amd64"/>
    <property name="java.vm.specification.name" value="Java Virtual Machine Specification"/>
    <property name="test.build.classes" value="/home/runner/work/ozone/ozone/hadoop-ozone/integration-test/target/test-classes"/>
    <property name="java.awt.printerjob" value="sun.print.PSPrinterJob"/>
    <property name="sun.os.patch.level" value="unknown"/>
    <property name="org.apache.ratis.thirdparty.io.netty.allocator.useCacheForAllThreads" value="false"/>
    <property name="hadoop.tmp.dir" value="/home/runner/work/ozone/ozone/hadoop-ozone/integration-test/target/tmp"/>
    <property name="java.library.path" value="/usr/java/packages/lib/amd64:/usr/lib64:/lib64:/lib:/usr/lib"/>
    <property name="java.vm.info" value="mixed mode"/>
    <property name="java.vendor" value="Temurin"/>
    <property name="java.vm.version" value="25.362-b09"/>
    <property name="java.specification.maintenance.version" value="4"/>
    <property name="java.ext.dirs" value="/usr/lib/jvm/temurin-8-jdk-amd64/jre/lib/ext:/usr/java/packages/lib/ext"/>
    <property name="sun.io.unicode.encoding" value="UnicodeLittle"/>
    <property name="java.class.version" value="52.0"/>
  </properties>
  <testcase name="testGetTrashRoot" classname="TestOzoneFileSystem" time="21.153">
    <system-out><![CDATA[2023-02-16 16:32:47,828 [main] WARN  server.ServerUtils (ServerUtils.java:getScmDbDir(148)) - ozone.scm.db.dirs is not configured. We recommend adding this setting. Falling back to ozone.metadata.dirs instead.
2023-02-16 16:32:47,918 [main] WARN  server.ServerUtils (ServerUtils.java:getScmDbDir(148)) - ozone.scm.db.dirs is not configured. We recommend adding this setting. Falling back to ozone.metadata.dirs instead.
2023-02-16 16:32:47,922 [main] INFO  ha.SCMHANodeDetails (SCMHANodeDetails.java:loadSCMHAConfig(209)) - ServiceID for StorageContainerManager is null
2023-02-16 16:32:47,931 [main] WARN  ha.SCMHANodeDetails (SCMHANodeDetails.java:validateSCMHAConfig(182)) - Invalid config ozone.scm.ratis.enable. The config was not specified, but the default value true conflicts with the expected config value false. Falling back to the expected value. Current State of SCM: SCM is running in Non-HA without Ratis Ratis SCM -> Non Ratis SCM or Non HA SCM -> HA SCM is not supported
2023-02-16 16:32:47,932 [main] INFO  ha.SCMHANodeDetails (SCMHANodeDetails.java:loadSCMHAConfig(214)) - ozone.scm.default.service.id is not defined, falling back to ozone.scm.service.ids to find serviceID for StorageContainerManager if it is HA enabled cluster
2023-02-16 16:32:48,430 [main] WARN  utils.HAUtils (HAUtils.java:getMetaDir(342)) - ozone.scm.db.dirs is not configured. We recommend adding this setting. Falling back to ozone.metadata.dirs instead.
2023-02-16 16:32:48,636 [main] WARN  db.DBStoreBuilder (DBStoreBuilder.java:applyDBDefinition(172)) - ozone.scm.db.dirs is not configured. We recommend adding this setting. Falling back to ozone.metadata.dirs instead.
2023-02-16 16:32:48,846 [main] INFO  net.NodeSchemaLoader (NodeSchemaLoader.java:loadSchemaFromFile(129)) - Loading schema from [jar:file:/home/runner/.m2/repository/org/apache/ozone/hdds-common/1.4.0-SNAPSHOT/hdds-common-1.4.0-SNAPSHOT.jar!/network-topology-default.xml]
2023-02-16 16:32:48,847 [main] INFO  net.NodeSchemaLoader (NodeSchemaLoader.java:loadSchema(176)) - Loading network topology layer schema file
2023-02-16 16:32:48,891 [main] INFO  metrics.MetricRegistries (MetricRegistriesLoader.java:load(64)) - Loaded MetricRegistries class org.apache.ratis.metrics.impl.MetricRegistriesImpl
2023-02-16 16:32:48,896 [main] INFO  upgrade.AbstractLayoutVersionManager (AbstractLayoutVersionManager.java:init(83)) - Initializing Layout version manager with metadata layout = DATANODE_SCHEMA_V3 (version = 4), software layout = DATANODE_SCHEMA_V3 (version = 4)
2023-02-16 16:32:49,130 [main] INFO  reflections.Reflections (Reflections.java:scan(232)) - Reflections took 176 ms to scan 7 urls, producing 150 keys and 362 values 
2023-02-16 16:32:49,210 [main] INFO  ha.SequenceIdGenerator (SequenceIdGenerator.java:upgradeToSequenceId(349)) - upgrade localId to 111677748019200000
2023-02-16 16:32:49,210 [main] INFO  ha.SequenceIdGenerator (SequenceIdGenerator.java:upgradeToSequenceId(359)) - upgrade delTxnId to 0
2023-02-16 16:32:49,213 [main] INFO  ha.SequenceIdGenerator (SequenceIdGenerator.java:upgradeToSequenceId(376)) - upgrade containerId to 0
2023-02-16 16:32:49,215 [main] INFO  ha.SequenceIdGenerator (SequenceIdGenerator.java:<init>(220)) - Init the HA SequenceIdGenerator.
2023-02-16 16:32:49,260 [main] WARN  server.ServerUtils (ServerUtils.java:sanitizeUserArgs(73)) - ozone.scm.stale.node.interval value = 300000 is larger than max = 100000 based on the key value of ozone.scm.heartbeat.thread.interval, reset to the max value 100000.
2023-02-16 16:32:49,260 [main] WARN  server.ServerUtils (ServerUtils.java:sanitizeUserArgs(73)) - ozone.scm.stale.node.interval value = 300000 is larger than max = 100000 based on the key value of ozone.scm.heartbeat.thread.interval, reset to the max value 100000.
2023-02-16 16:32:49,266 [main] INFO  node.SCMNodeManager (SCMNodeManager.java:<init>(149)) - Entering startup safe mode.
2023-02-16 16:32:49,331 [main] INFO  algorithms.ContainerPlacementPolicyFactory (ContainerPlacementPolicyFactory.java:getPolicyInternal(86)) - Create container placement policy of type org.apache.hadoop.hdds.scm.container.placement.algorithms.SCMContainerPlacementRandom
2023-02-16 16:32:49,334 [main] INFO  algorithms.ContainerPlacementPolicyFactory (ContainerPlacementPolicyFactory.java:getPolicyInternal(86)) - Create container placement policy of type org.apache.hadoop.hdds.scm.container.placement.algorithms.SCMContainerPlacementRackScatter
2023-02-16 16:32:49,342 [main] INFO  pipeline.PipelineStateManagerImpl (PipelineStateManagerImpl.java:initialize(78)) - No pipeline exists in current db
2023-02-16 16:32:49,375 [main] INFO  algorithms.LeaderChoosePolicyFactory (LeaderChoosePolicyFactory.java:getPolicy(57)) - Create leader choose policy of type org.apache.hadoop.hdds.scm.pipeline.leader.choose.algorithms.MinLeaderCountChoosePolicy
2023-02-16 16:32:49,375 [main] INFO  algorithms.ContainerPlacementPolicyFactory (ContainerPlacementPolicyFactory.java:getPolicyInternal(86)) - Create container placement policy of type org.apache.hadoop.hdds.scm.container.placement.algorithms.SCMContainerPlacementRackScatter
2023-02-16 16:32:49,381 [main] INFO  ha.SCMServiceManager (SCMServiceManager.java:register(42)) - Registering service BackgroundPipelineCreator.
2023-02-16 16:32:49,381 [main] INFO  pipeline.BackgroundPipelineCreator (BackgroundPipelineCreator.java:start(124)) - Starting RatisPipelineUtilsThread.
2023-02-16 16:32:49,384 [main] INFO  BackgroundPipelineScrubber (BackgroundSCMService.java:start(68)) - Starting BackgroundPipelineScrubber Service.
2023-02-16 16:32:49,385 [main] INFO  ha.SCMServiceManager (SCMServiceManager.java:register(42)) - Registering service BackgroundPipelineScrubber.
2023-02-16 16:32:49,390 [main] INFO  ExpiredContainerReplicaOpScrubber (BackgroundSCMService.java:start(68)) - Starting ExpiredContainerReplicaOpScrubber Service.
2023-02-16 16:32:49,391 [main] INFO  ha.SCMServiceManager (SCMServiceManager.java:register(42)) - Registering service ExpiredContainerReplicaOpScrubber.
2023-02-16 16:32:49,427 [main] INFO  algorithms.PipelineChoosePolicyFactory (PipelineChoosePolicyFactory.java:createPipelineChoosePolicyFromClass(73)) - Create pipeline choose policy of type org.apache.hadoop.hdds.scm.pipeline.choose.algorithms.RandomPipelineChoosePolicy
2023-02-16 16:32:49,451 [main] INFO  ha.SCMServiceManager (SCMServiceManager.java:register(42)) - Registering service SCMBlockDeletingService.
2023-02-16 16:32:49,509 [main] INFO  replication.ReplicationManager (ReplicationManager.java:start(265)) - Starting Replication Monitor Thread.
2023-02-16 16:32:49,518 [main] INFO  ha.SCMServiceManager (SCMServiceManager.java:register(42)) - Registering service ReplicationManager.
2023-02-16 16:32:49,519 [ReplicationMonitor] INFO  replication.ReplicationManager (ReplicationManager.java:processAll(340)) - Replication Manager is not ready to run until 3000ms after safemode exit
2023-02-16 16:32:49,530 [main] INFO  safemode.ContainerSafeModeRule (ContainerSafeModeRule.java:<init>(89)) - containers with one replica threshold count 0
2023-02-16 16:32:49,534 [main] INFO  safemode.HealthyPipelineSafeModeRule (HealthyPipelineSafeModeRule.java:initializeRule(169)) - Total pipeline count is 0, healthy pipeline threshold count is 1
2023-02-16 16:32:49,536 [main] INFO  safemode.OneReplicaPipelineSafeModeRule (OneReplicaPipelineSafeModeRule.java:initializeRule(180)) - Total pipeline count is 0, pipeline's with at least one datanode reported threshold count is 0
2023-02-16 16:32:49,803 [main] INFO  audit.AuditLogger (AuditLogger.java:refreshDebugCmdSet(126)) - Refresh DebugCmdSet for SCMAudit to [].
2023-02-16 16:32:49,832 [main] INFO  ipc.CallQueueManager (CallQueueManager.java:<init>(90)) - Using callQueue: class java.util.concurrent.LinkedBlockingQueue, queueCapacity: 2000, scheduler: class org.apache.hadoop.ipc.DefaultRpcScheduler, ipcBackoff: false.
2023-02-16 16:32:49,867 [Socket Reader #1 for port 0] INFO  ipc.Server (Server.java:run(1273)) - Starting Socket Reader #1 for port 0
2023-02-16 16:32:49,934 [Listener at 0.0.0.0/34825] INFO  audit.AuditLogger (AuditLogger.java:refreshDebugCmdSet(126)) - Refresh DebugCmdSet for SCMAudit to [].
2023-02-16 16:32:49,939 [Listener at 0.0.0.0/34825] INFO  ipc.CallQueueManager (CallQueueManager.java:<init>(90)) - Using callQueue: class java.util.concurrent.LinkedBlockingQueue, queueCapacity: 2000, scheduler: class org.apache.hadoop.ipc.DefaultRpcScheduler, ipcBackoff: false.
2023-02-16 16:32:49,940 [Socket Reader #1 for port 0] INFO  ipc.Server (Server.java:run(1273)) - Starting Socket Reader #1 for port 0
2023-02-16 16:32:49,967 [Listener at 0.0.0.0/40501] INFO  audit.AuditLogger (AuditLogger.java:refreshDebugCmdSet(126)) - Refresh DebugCmdSet for SCMAudit to [].
2023-02-16 16:32:50,051 [Listener at 0.0.0.0/40501] INFO  ipc.CallQueueManager (CallQueueManager.java:<init>(90)) - Using callQueue: class java.util.concurrent.LinkedBlockingQueue, queueCapacity: 2000, scheduler: class org.apache.hadoop.ipc.DefaultRpcScheduler, ipcBackoff: false.
2023-02-16 16:32:50,052 [Socket Reader #1 for port 0] INFO  ipc.Server (Server.java:run(1273)) - Starting Socket Reader #1 for port 0
2023-02-16 16:32:50,086 [Listener at 0.0.0.0/34315] INFO  ha.SCMServiceManager (SCMServiceManager.java:register(42)) - Registering service ContainerBalancer.
2023-02-16 16:32:50,087 [Listener at 0.0.0.0/34315] INFO  server.StorageContainerManager (StorageContainerManager.java:<init>(401)) - 
Container Balancer status:
Key                            Value
Running                        true
Container Balancer Configuration values:
Key                                                Value
Threshold                                          10
Max Datanodes to Involve per Iteration(percent)    20
Max Size to Move per Iteration                     500GB
Max Size Entering Target per Iteration             26GB
Max Size Leaving Source per Iteration              26GB

2023-02-16 16:32:50,088 [Listener at 0.0.0.0/34315] INFO  ha.SCMContext (SCMContext.java:updateSafeModeStatus(228)) - Update SafeModeStatus from SafeModeStatus{safeModeStatus=true, preCheckPassed=false} to SafeModeStatus{safeModeStatus=true, preCheckPassed=false}.
2023-02-16 16:32:50,092 [Listener at 0.0.0.0/34315] INFO  server.StorageContainerManager (StorageContainerManager.java:start(1435)) - StorageContainerLocationProtocol RPC server is listening at /0.0.0.0:34315
2023-02-16 16:32:50,149 [Listener at 0.0.0.0/34315] WARN  impl.MetricsConfig (MetricsConfig.java:loadFirst(136)) - Cannot locate configuration: tried hadoop-metrics2-storagecontainermanager.properties,hadoop-metrics2.properties
2023-02-16 16:32:50,159 [Listener at 0.0.0.0/34315] INFO  impl.MetricsSystemImpl (MetricsSystemImpl.java:startTimer(378)) - Scheduled Metric snapshot period at 10 second(s).
2023-02-16 16:32:50,159 [Listener at 0.0.0.0/34315] INFO  impl.MetricsSystemImpl (MetricsSystemImpl.java:start(191)) - StorageContainerManager metrics system started
2023-02-16 16:32:50,377 [Listener at 0.0.0.0/34315] INFO  server.SCMClientProtocolServer (SCMClientProtocolServer.java:start(169)) - RPC server for Client  is listening at /0.0.0.0:34315
2023-02-16 16:32:50,378 [IPC Server Responder] INFO  ipc.Server (Server.java:run(1512)) - IPC Server Responder: starting
2023-02-16 16:32:50,379 [IPC Server listener on 0] INFO  ipc.Server (Server.java:run(1352)) - IPC Server listener on 0: starting
2023-02-16 16:32:50,386 [Listener at 0.0.0.0/34315] INFO  server.StorageContainerManager (StorageContainerManager.java:start(1449)) - ScmBlockLocationProtocol RPC server is listening at /0.0.0.0:40501
2023-02-16 16:32:50,387 [Listener at 0.0.0.0/34315] INFO  server.SCMBlockProtocolServer (SCMBlockProtocolServer.java:start(152)) - RPC server for Block Protocol is listening at /0.0.0.0:40501
2023-02-16 16:32:50,387 [IPC Server Responder] INFO  ipc.Server (Server.java:run(1512)) - IPC Server Responder: starting
2023-02-16 16:32:50,388 [IPC Server listener on 0] INFO  ipc.Server (Server.java:run(1352)) - IPC Server listener on 0: starting
2023-02-16 16:32:50,390 [Listener at 0.0.0.0/34315] INFO  server.SCMDatanodeProtocolServer (SCMDatanodeProtocolServer.java:start(193)) - ScmDatanodeProtocol RPC server for DataNodes is listening at /0.0.0.0:34825
2023-02-16 16:32:50,390 [IPC Server Responder] INFO  ipc.Server (Server.java:run(1512)) - IPC Server Responder: starting
2023-02-16 16:32:50,391 [IPC Server listener on 0] INFO  ipc.Server (Server.java:run(1352)) - IPC Server listener on 0: starting
2023-02-16 16:32:50,412 [org.apache.hadoop.util.JvmPauseMonitor$Monitor@54c17a2b] INFO  util.JvmPauseMonitor (JvmPauseMonitor.java:run(188)) - Starting JVM pause monitor
2023-02-16 16:32:50,417 [Listener at 0.0.0.0/34315] INFO  http.BaseHttpServer (BaseHttpServer.java:newHttpServer2BuilderForOzone(213)) - Starting Web-server for scm at: http://0.0.0.0:0
2023-02-16 16:32:50,418 [Listener at 0.0.0.0/34315] INFO  http.BaseHttpServer (BaseHttpServer.java:<init>(108)) - Hadoop Security Enabled: false Ozone Security Enabled: false Ozone HTTP Security Enabled: false 
2023-02-16 16:32:50,444 [Listener at 0.0.0.0/34315] INFO  util.log (Log.java:initialized(170)) - Logging initialized @4046ms to org.eclipse.jetty.util.log.Slf4jLog
2023-02-16 16:32:50,543 [Listener at 0.0.0.0/34315] WARN  server.AuthenticationFilter (AuthenticationFilter.java:constructSecretProvider(240)) - Unable to initialize FileSignerSecretProvider, falling back to use random secrets. Reason: Could not read signature secret file: /home/runner/hadoop-http-auth-signature-secret
2023-02-16 16:32:50,558 [Listener at 0.0.0.0/34315] WARN  http.HttpRequestLog (HttpRequestLog.java:getRequestLog(103)) - Jetty request log can only be enabled using Log4j
2023-02-16 16:32:50,564 [Listener at 0.0.0.0/34315] INFO  http.HttpServer2 (HttpServer2.java:addGlobalFilter(1031)) - Added global filter 'safety' (class=org.apache.hadoop.hdds.server.http.HttpServer2$QuotingInputFilter)
2023-02-16 16:32:50,566 [Listener at 0.0.0.0/34315] INFO  http.HttpServer2 (HttpServer2.java:addFilter(1007)) - Added filter static_user_filter (class=org.apache.hadoop.http.lib.StaticUserWebFilter$StaticUserFilter) to context scm
2023-02-16 16:32:50,566 [Listener at 0.0.0.0/34315] INFO  http.HttpServer2 (HttpServer2.java:addFilter(1015)) - Added filter static_user_filter (class=org.apache.hadoop.http.lib.StaticUserWebFilter$StaticUserFilter) to context static
2023-02-16 16:32:50,566 [Listener at 0.0.0.0/34315] INFO  http.HttpServer2 (HttpServer2.java:addFilter(1015)) - Added filter static_user_filter (class=org.apache.hadoop.http.lib.StaticUserWebFilter$StaticUserFilter) to context logs
2023-02-16 16:32:50,603 [Listener at 0.0.0.0/34315] INFO  http.HttpServer2 (HttpServer2.java:bindListener(1250)) - Jetty bound to port 36351
2023-02-16 16:32:50,604 [Listener at 0.0.0.0/34315] INFO  server.Server (Server.java:doStart(375)) - jetty-9.4.49.v20220914; built: 2022-09-14T01:07:36.601Z; git: 4231a3b2e4cb8548a412a789936d640a97b1aa0a; jvm 1.8.0_362-b09
2023-02-16 16:32:50,633 [Listener at 0.0.0.0/34315] INFO  server.session (DefaultSessionIdManager.java:doStart(334)) - DefaultSessionIdManager workerName=node0
2023-02-16 16:32:50,633 [Listener at 0.0.0.0/34315] INFO  server.session (DefaultSessionIdManager.java:doStart(339)) - No SessionScavenger set, using defaults
2023-02-16 16:32:50,634 [Listener at 0.0.0.0/34315] INFO  server.session (HouseKeeper.java:startScavenging(132)) - node0 Scavenging every 660000ms
2023-02-16 16:32:50,647 [Listener at 0.0.0.0/34315] INFO  handler.ContextHandler (ContextHandler.java:doStart(921)) - Started o.e.j.s.ServletContextHandler@1390a43a{logs,/logs,file:///home/runner/work/ozone/ozone/hadoop-ozone/integration-test/target/log,AVAILABLE}
2023-02-16 16:32:50,647 [Listener at 0.0.0.0/34315] INFO  handler.ContextHandler (ContextHandler.java:doStart(921)) - Started o.e.j.s.ServletContextHandler@6c2a33af{static,/static,file:///home/runner/work/ozone/ozone/hadoop-ozone/integration-test/target/test-classes/webapps/static,AVAILABLE}
2023-02-16 16:32:50,687 [Listener at 0.0.0.0/34315] INFO  handler.ContextHandler (ContextHandler.java:doStart(921)) - Started o.e.j.w.WebAppContext@1c0a4f87{scm,/,file:///home/runner/work/ozone/ozone/hadoop-ozone/integration-test/target/test-classes/webapps/scm/,AVAILABLE}{file:/home/runner/work/ozone/ozone/hadoop-ozone/integration-test/target/test-classes/webapps/scm}
2023-02-16 16:32:50,695 [Listener at 0.0.0.0/34315] INFO  server.AbstractConnector (AbstractConnector.java:doStart(333)) - Started ServerConnector@45dfb6a4{HTTP/1.1, (http/1.1)}{0.0.0.0:36351}
2023-02-16 16:32:50,696 [Listener at 0.0.0.0/34315] INFO  server.Server (Server.java:doStart(415)) - Started @4297ms
2023-02-16 16:32:50,697 [Listener at 0.0.0.0/34315] INFO  impl.MetricsSinkAdapter (MetricsSinkAdapter.java:start(204)) - Sink prometheus started
2023-02-16 16:32:50,698 [Listener at 0.0.0.0/34315] INFO  impl.MetricsSystemImpl (MetricsSystemImpl.java:registerSink(305)) - Registered sink prometheus
2023-02-16 16:32:50,699 [Listener at 0.0.0.0/34315] INFO  http.BaseHttpServer (BaseHttpServer.java:updateConnectorAddress(333)) - HTTP server of scm listening at http://0.0.0.0:36351
2023-02-16 16:32:50,700 [Listener at 0.0.0.0/34315] WARN  server.ServerUtils (ServerUtils.java:getDBPath(225)) - ozone.om.db.dirs is not configured. We recommend adding this setting. Falling back to ozone.metadata.dirs instead.
2023-02-16 16:32:50,750 [Listener at 0.0.0.0/34315] INFO  audit.AuditLogger (AuditLogger.java:refreshDebugCmdSet(126)) - Refresh DebugCmdSet for OMAudit to [].
2023-02-16 16:32:50,827 [Listener at 0.0.0.0/34315] INFO  ha.OMHANodeDetails (OMHANodeDetails.java:loadOMHAConfig(115)) - ozone.om.internal.service.id is not defined, falling back to ozone.om.service.ids to find serviceID for OzoneManager if it is HA enabled cluster
2023-02-16 16:32:50,830 [Listener at 0.0.0.0/34315] INFO  ha.OMHANodeDetails (OMHANodeDetails.java:loadOMHAConfig(226)) - Configuration does not have ozone.om.address set. Falling back to the default OM address /127.0.0.1:0
2023-02-16 16:32:50,830 [Listener at 0.0.0.0/34315] INFO  ha.OMHANodeDetails (OMHANodeDetails.java:getOMNodeDetailsForNonHA(254)) - OM Service ID is not set. Setting it to the default ID: omServiceIdDefault
2023-02-16 16:32:50,831 [Listener at 0.0.0.0/34315] INFO  ha.OMHANodeDetails (OMHANodeDetails.java:getOMNodeDetailsForNonHA(261)) - OM Node ID is not set. Setting it to the default ID: om1
2023-02-16 16:32:50,834 [Listener at 0.0.0.0/34315] WARN  server.ServerUtils (ServerUtils.java:getDBPath(225)) - ozone.om.db.dirs is not configured. We recommend adding this setting. Falling back to ozone.metadata.dirs instead.
2023-02-16 16:32:50,837 [Listener at 0.0.0.0/34315] INFO  upgrade.AbstractLayoutVersionManager (AbstractLayoutVersionManager.java:init(83)) - Initializing Layout version manager with metadata layout = MULTITENANCY_SCHEMA (version = 3), software layout = MULTITENANCY_SCHEMA (version = 3)
2023-02-16 16:32:50,915 [Listener at 0.0.0.0/34315] INFO  reflections.Reflections (Reflections.java:scan(232)) - Reflections took 74 ms to scan 2 urls, producing 166 keys and 457 values [using 2 cores]
2023-02-16 16:32:50,920 [Listener at 0.0.0.0/34315] INFO  upgrade.OMLayoutVersionManager (OMLayoutVersionManager.java:lambda$0(115)) - Skipping Upgrade Action MockOmUpgradeAction since it has been finalized.
2023-02-16 16:32:50,921 [Listener at 0.0.0.0/34315] WARN  server.ServerUtils (ServerUtils.java:getDBPath(225)) - ozone.om.db.dirs is not configured. We recommend adding this setting. Falling back to ozone.metadata.dirs instead.
2023-02-16 16:32:51,083 [Listener at 0.0.0.0/34315] INFO  proxy.SCMBlockLocationFailoverProxyProvider (SCMBlockLocationFailoverProxyProvider.java:<init>(114)) - Created block location fail-over proxy with 1 nodes: [nodeId=scmNodeId,nodeAddress=/0.0.0.0:40501]
2023-02-16 16:32:51,116 [Listener at 0.0.0.0/34315] INFO  proxy.SCMBlockLocationFailoverProxyProvider (SCMBlockLocationFailoverProxyProvider.java:<init>(114)) - Created block location fail-over proxy with 1 nodes: [nodeId=scmNodeId,nodeAddress=/0.0.0.0:40501]
2023-02-16 16:32:51,326 [Listener at 0.0.0.0/34315] INFO  om.OzoneManager (OzoneManager.java:<init>(615)) - OM start with adminUsers: [runner]
2023-02-16 16:32:51,339 [Listener at 0.0.0.0/34315] WARN  server.ServerUtils (ServerUtils.java:getDBPath(225)) - ozone.om.db.dirs is not configured. We recommend adding this setting. Falling back to ozone.metadata.dirs instead.
2023-02-16 16:32:51,346 [Listener at 0.0.0.0/34315] INFO  codec.OmKeyInfoCodec (OmKeyInfoCodec.java:<init>(49)) - OmKeyInfoCodec ignorePipeline = true
2023-02-16 16:32:51,347 [Listener at 0.0.0.0/34315] INFO  codec.RepeatedOmKeyInfoCodec (RepeatedOmKeyInfoCodec.java:<init>(41)) - RepeatedOmKeyInfoCodec ignorePipeline = true
2023-02-16 16:32:51,540 [Listener at 0.0.0.0/34315] INFO  om.OzoneManager (OzoneManager.java:instantiateServices(745)) - S3 Multi-Tenancy is disabled
2023-02-16 16:32:51,565 [Listener at 0.0.0.0/34315] WARN  server.ServerUtils (ServerUtils.java:getDBPath(225)) - ozone.om.snapshot.diff.db.dir is not configured. We recommend adding this setting. Falling back to ozone.metadata.dirs instead.
2023-02-16 16:32:51,630 [Listener at 0.0.0.0/34315] INFO  om.OzoneManager (OzoneManager.java:addS3GVolumeToDB(4177)) - Created Volume s3v With Owner runner required for S3Gateway operations.
2023-02-16 16:32:51,686 [Listener at 0.0.0.0/34315] WARN  server.ServerUtils (ServerUtils.java:getDefaultRatisDirectory(237)) - Storage directory for Ratis is not configured. It is a good idea to map this to an SSD disk. Falling back to ozone.metadata.dirs
2023-02-16 16:32:51,687 [Listener at 0.0.0.0/34315] WARN  utils.OzoneManagerRatisUtils (OzoneManagerRatisUtils.java:getOMRatisSnapshotDirectory(436)) - ozone.om.ratis.snapshot.dir is not configured. Falling back to ozone.metadata.dirs config
2023-02-16 16:32:51,704 [Listener at 0.0.0.0/34315] WARN  server.ServerUtils (ServerUtils.java:getDefaultRatisDirectory(237)) - Storage directory for Ratis is not configured. It is a good idea to map this to an SSD disk. Falling back to ozone.metadata.dirs
2023-02-16 16:32:51,732 [Listener at 0.0.0.0/34315] INFO  ratis.OzoneManagerRatisServer (OzoneManagerRatisServer.java:<init>(160)) - Instantiating OM Ratis server with groupID: omServiceIdDefault and peers: localhost:9872
2023-02-16 16:32:51,740 [Listener at 0.0.0.0/34315] INFO  ratis.OzoneManagerStateMachine (OzoneManagerStateMachine.java:loadSnapshotInfoFromDB(636)) - LastAppliedIndex is set from TransactionInfo from OM DB as (t:0, i:~)
2023-02-16 16:32:51,787 [Listener at 0.0.0.0/34315] INFO  server.RaftServer (ConfUtils.java:logGet(46)) - raft.rpc.type = GRPC (default)
2023-02-16 16:32:51,855 [Listener at 0.0.0.0/34315] INFO  grpc.GrpcConfigKeys (ConfUtils.java:logFallback(53)) - raft.grpc.admin.host = null (fallback to raft.grpc.server.host)
2023-02-16 16:32:51,856 [Listener at 0.0.0.0/34315] INFO  grpc.GrpcConfigKeys (ConfUtils.java:logFallback(53)) - raft.grpc.admin.port = 9872 (fallback to raft.grpc.server.port)
2023-02-16 16:32:51,857 [Listener at 0.0.0.0/34315] INFO  grpc.GrpcConfigKeys (ConfUtils.java:logFallback(53)) - raft.grpc.client.host = null (fallback to raft.grpc.server.host)
2023-02-16 16:32:51,857 [Listener at 0.0.0.0/34315] INFO  grpc.GrpcConfigKeys (ConfUtils.java:logFallback(53)) - raft.grpc.client.port = 9872 (fallback to raft.grpc.server.port)
2023-02-16 16:32:51,858 [Listener at 0.0.0.0/34315] INFO  grpc.GrpcConfigKeys (ConfUtils.java:logGet(46)) - raft.grpc.server.host = null (default)
2023-02-16 16:32:51,858 [Listener at 0.0.0.0/34315] INFO  grpc.GrpcConfigKeys (ConfUtils.java:logGet(46)) - raft.grpc.server.port = 9872 (custom)
2023-02-16 16:32:51,858 [Listener at 0.0.0.0/34315] INFO  server.GrpcService (ConfUtils.java:logGet(46)) - raft.grpc.message.size.max = 33554432 (custom)
2023-02-16 16:32:51,859 [Listener at 0.0.0.0/34315] INFO  server.RaftServerConfigKeys (ConfUtils.java:logGet(46)) - raft.server.log.appender.buffer.byte-limit = 33554432 (custom)
2023-02-16 16:32:51,860 [Listener at 0.0.0.0/34315] INFO  server.GrpcService (ConfUtils.java:logGet(46)) - raft.grpc.flow.control.window = 1MB (=1048576) (default)
2023-02-16 16:32:51,860 [Listener at 0.0.0.0/34315] INFO  server.RaftServerConfigKeys (ConfUtils.java:logGet(46)) - raft.server.rpc.request.timeout = 3000ms (default)
2023-02-16 16:32:51,871 [Listener at 0.0.0.0/34315] INFO  grpc.GrpcConfigKeys (ConfUtils.java:logGet(46)) - raft.grpc.server.heartbeat.channel = true (default)
2023-02-16 16:32:51,874 [Listener at 0.0.0.0/34315] INFO  grpc.GrpcConfigKeys (ConfUtils.java:logGet(46)) - raft.grpc.server.async.request.thread.pool.cached = true (default)
2023-02-16 16:32:51,874 [Listener at 0.0.0.0/34315] INFO  grpc.GrpcConfigKeys (ConfUtils.java:logGet(46)) - raft.grpc.server.async.request.thread.pool.size = 32 (default)
2023-02-16 16:32:52,068 [Listener at 0.0.0.0/34315] INFO  impl.DataStreamServerImpl (ConfUtils.java:logGet(46)) - raft.datastream.type = DISABLED (default)
2023-02-16 16:32:52,070 [Listener at 0.0.0.0/34315] INFO  server.RaftServerConfigKeys (ConfUtils.java:logGet(46)) - raft.server.threadpool.proxy.cached = true (default)
2023-02-16 16:32:52,071 [Listener at 0.0.0.0/34315] INFO  server.RaftServerConfigKeys (ConfUtils.java:logGet(46)) - raft.server.threadpool.proxy.size = 0 (default)
2023-02-16 16:32:52,071 [Listener at 0.0.0.0/34315] INFO  server.RaftServerConfigKeys (ConfUtils.java:logGet(46)) - raft.server.rpc.slowness.timeout = 120s (custom)
2023-02-16 16:32:52,071 [Listener at 0.0.0.0/34315] INFO  server.RaftServerConfigKeys (ConfUtils.java:logGet(46)) - raft.server.leaderelection.leader.step-down.wait-time = 10s (default)
2023-02-16 16:32:52,074 [Listener at 0.0.0.0/34315] INFO  server.RaftServerConfigKeys (ConfUtils.java:logGet(46)) - raft.server.storage.dir = [/home/runner/work/ozone/ozone/hadoop-ozone/integration-test/target/test-dir/MiniOzoneClusterImpl-3fa4a1d0-7183-4a36-b4d2-f70efcb14827/ozone-meta/ratis] (custom)
2023-02-16 16:32:52,081 [Listener at 0.0.0.0/34315] INFO  server.RaftServer (RaftServerProxy.java:addNew(96)) - om1: addNew group-C5BA1605619E:[om1|rpc:localhost:9872|priority:0|startupRole:FOLLOWER] returns group-C5BA1605619E:java.util.concurrent.CompletableFuture@c1707d4[Not completed]
2023-02-16 16:32:52,081 [Listener at 0.0.0.0/34315] INFO  om.OzoneManager (OzoneManager.java:initializeRatisServer(2080)) - OzoneManager Ratis server initialized at port 9872
2023-02-16 16:32:52,084 [Listener at 0.0.0.0/34315] INFO  om.OzoneManager (OzoneManager.java:getRpcServer(1128)) - Creating RPC Server
2023-02-16 16:32:52,122 [pool-56-thread-1] INFO  server.RaftServer$Division (RaftServerImpl.java:<init>(195)) - om1: new RaftServerImpl for group-C5BA1605619E:[om1|rpc:localhost:9872|priority:0|startupRole:FOLLOWER] with OzoneManagerStateMachine:uninitialized
2023-02-16 16:32:52,123 [pool-56-thread-1] INFO  server.RaftServerConfigKeys (ConfUtils.java:logGet(46)) - raft.server.rpc.timeout.min = 1s (custom)
2023-02-16 16:32:52,124 [pool-56-thread-1] INFO  server.RaftServerConfigKeys (ConfUtils.java:logGet(46)) - raft.server.rpc.timeout.max = 1200ms (custom)
2023-02-16 16:32:52,124 [pool-56-thread-1] INFO  server.RaftServerConfigKeys (ConfUtils.java:logGet(46)) - raft.server.rpc.sleep.time = 25ms (default)
2023-02-16 16:32:52,124 [pool-56-thread-1] INFO  server.RaftServerConfigKeys (ConfUtils.java:logGet(46)) - raft.server.rpc.slowness.timeout = 120s (custom)
2023-02-16 16:32:52,124 [pool-56-thread-1] INFO  server.RaftServerConfigKeys (ConfUtils.java:logGet(46)) - raft.server.leaderelection.leader.step-down.wait-time = 10s (default)
2023-02-16 16:32:52,124 [pool-56-thread-1] INFO  server.RaftServerConfigKeys (ConfUtils.java:logGet(46)) - raft.server.sleep.deviation.threshold = 300ms (default)
2023-02-16 16:32:52,144 [pool-56-thread-1] INFO  server.RaftServer$Division (ServerState.java:<init>(118)) - om1@group-C5BA1605619E: ConfigurationManager, init=-1: peers:[om1|rpc:localhost:9872|priority:0|startupRole:FOLLOWER]|listeners:[], old=null, confs=<EMPTY_MAP>
2023-02-16 16:32:52,145 [pool-56-thread-1] INFO  server.RaftServerConfigKeys (ConfUtils.java:logGet(46)) - raft.server.storage.dir = [/home/runner/work/ozone/ozone/hadoop-ozone/integration-test/target/test-dir/MiniOzoneClusterImpl-3fa4a1d0-7183-4a36-b4d2-f70efcb14827/ozone-meta/ratis] (custom)
2023-02-16 16:32:52,150 [pool-56-thread-1] INFO  server.RaftServerConfigKeys (ConfUtils.java:logGet(46)) - raft.server.log.corruption.policy = EXCEPTION (default)
2023-02-16 16:32:52,151 [pool-56-thread-1] INFO  server.RaftServerConfigKeys (ConfUtils.java:logGet(46)) - raft.server.storage.free-space.min = 0MB (=0) (default)
2023-02-16 16:32:52,160 [pool-56-thread-1] INFO  server.RaftServerConfigKeys (ConfUtils.java:logGet(46)) - raft.server.notification.no-leader.timeout = 120s (custom)
2023-02-16 16:32:52,163 [pool-56-thread-1] INFO  server.RaftServerConfigKeys (ConfUtils.java:logGet(46)) - raft.server.retrycache.expirytime = 300s (custom)
2023-02-16 16:32:52,163 [pool-56-thread-1] INFO  server.RaftServerConfigKeys (ConfUtils.java:logGet(46)) - raft.server.retrycache.statistics.expirytime = 100μs (default)
2023-02-16 16:32:52,297 [pool-56-thread-1] INFO  server.RaftServerConfigKeys (ConfUtils.java:logGet(46)) - raft.server.log.appender.install.snapshot.enabled = false (custom)
2023-02-16 16:32:52,298 [pool-56-thread-1] INFO  server.RaftServerConfigKeys (ConfUtils.java:logGet(46)) - raft.server.threadpool.server.cached = true (default)
2023-02-16 16:32:52,299 [pool-56-thread-1] INFO  server.RaftServerConfigKeys (ConfUtils.java:logGet(46)) - raft.server.threadpool.server.size = 0 (default)
2023-02-16 16:32:52,299 [pool-56-thread-1] INFO  server.RaftServerConfigKeys (ConfUtils.java:logGet(46)) - raft.server.threadpool.client.cached = true (default)
2023-02-16 16:32:52,300 [pool-56-thread-1] INFO  server.RaftServerConfigKeys (ConfUtils.java:logGet(46)) - raft.server.threadpool.client.size = 0 (default)
2023-02-16 16:32:52,740 [Listener at 0.0.0.0/34315] INFO  reflections.Reflections (Reflections.java:scan(232)) - Reflections took 535 ms to scan 19 urls, producing 69 keys and 4806 values [using 2 cores]
2023-02-16 16:32:53,032 [Listener at 0.0.0.0/34315] INFO  ipc.CallQueueManager (CallQueueManager.java:<init>(90)) - Using callQueue: class java.util.concurrent.LinkedBlockingQueue, queueCapacity: 2000, scheduler: class org.apache.hadoop.ipc.DefaultRpcScheduler, ipcBackoff: false.
2023-02-16 16:32:53,033 [Socket Reader #1 for port 0] INFO  ipc.Server (Server.java:run(1273)) - Starting Socket Reader #1 for port 0
2023-02-16 16:32:53,072 [Listener at 127.0.0.1/37073] INFO  impl.MetricsSystemImpl (MetricsSystemImpl.java:init(158)) - OzoneManager metrics system started (again)
2023-02-16 16:32:53,087 [Listener at 127.0.0.1/37073] INFO  om.OzoneManager (OzoneManager.java:start(1548)) - OzoneManager RPC server is listening at localhost/127.0.0.1:37073
2023-02-16 16:32:53,087 [Listener at 127.0.0.1/37073] INFO  ratis.OzoneManagerRatisServer (OzoneManagerRatisServer.java:start(555)) - Starting OzoneManagerRatisServer om1 at port 9872
2023-02-16 16:32:53,090 [om1-impl-thread1] INFO  storage.RaftStorageDirectory (RaftStorageDirectoryImpl.java:analyzeStorage(137)) - The storage directory /home/runner/work/ozone/ozone/hadoop-ozone/integration-test/target/test-dir/MiniOzoneClusterImpl-3fa4a1d0-7183-4a36-b4d2-f70efcb14827/ozone-meta/ratis/bf265839-605b-3f16-9796-c5ba1605619e does not exist. Creating ...
2023-02-16 16:32:53,094 [om1-impl-thread1] INFO  storage.RaftStorageDirectory (RaftStorageDirectoryImpl.java:tryLock(231)) - Lock on /home/runner/work/ozone/ozone/hadoop-ozone/integration-test/target/test-dir/MiniOzoneClusterImpl-3fa4a1d0-7183-4a36-b4d2-f70efcb14827/ozone-meta/ratis/bf265839-605b-3f16-9796-c5ba1605619e/in_use.lock acquired by nodename 11092@fv-az167-289
2023-02-16 16:32:53,099 [om1-impl-thread1] INFO  storage.RaftStorage (RaftStorageImpl.java:format(96)) - Storage directory /home/runner/work/ozone/ozone/hadoop-ozone/integration-test/target/test-dir/MiniOzoneClusterImpl-3fa4a1d0-7183-4a36-b4d2-f70efcb14827/ozone-meta/ratis/bf265839-605b-3f16-9796-c5ba1605619e has been successfully formatted.
2023-02-16 16:32:53,101 [om1-impl-thread1] INFO  server.RaftServerConfigKeys (ConfUtils.java:logGet(46)) - raft.server.log.use.memory = false (default)
2023-02-16 16:32:53,108 [om1-impl-thread1] INFO  server.RaftServerConfigKeys (ConfUtils.java:logGet(46)) - raft.server.log.purge.gap = 1000000 (custom)
2023-02-16 16:32:53,110 [om1-impl-thread1] INFO  server.RaftServerConfigKeys (ConfUtils.java:logGet(46)) - raft.server.log.appender.buffer.byte-limit = 33554432 (custom)
2023-02-16 16:32:53,111 [om1-impl-thread1] INFO  server.RaftServerConfigKeys (ConfUtils.java:logGet(46)) - raft.server.log.statemachine.data.read.timeout = 1000ms (default)
2023-02-16 16:32:53,112 [om1-impl-thread1] INFO  server.RaftServerConfigKeys (ConfUtils.java:logGet(46)) - raft.server.log.purge.preservation.log.num = 0 (default)
2023-02-16 16:32:53,114 [om1-impl-thread1] INFO  server.RaftServerConfigKeys (ConfUtils.java:logGet(46)) - raft.server.log.segment.size.max = 4194304 (custom)
2023-02-16 16:32:53,120 [om1-impl-thread1] INFO  server.RaftServerConfigKeys (ConfUtils.java:logGet(46)) - raft.server.log.segment.cache.num.max = 2 (custom)
2023-02-16 16:32:53,120 [om1-impl-thread1] INFO  server.RaftServerConfigKeys (ConfUtils.java:logGet(46)) - raft.server.log.segment.cache.size.max = 200MB (=209715200) (default)
2023-02-16 16:32:53,126 [om1-impl-thread1] INFO  segmented.SegmentedRaftLogWorker (SegmentedRaftLogWorker.java:<init>(189)) - new om1@group-C5BA1605619E-SegmentedRaftLogWorker for RaftStorageImpl:Storage Directory /home/runner/work/ozone/ozone/hadoop-ozone/integration-test/target/test-dir/MiniOzoneClusterImpl-3fa4a1d0-7183-4a36-b4d2-f70efcb14827/ozone-meta/ratis/bf265839-605b-3f16-9796-c5ba1605619e
2023-02-16 16:32:53,126 [om1-impl-thread1] INFO  server.RaftServerConfigKeys (ConfUtils.java:logGet(46)) - raft.server.log.queue.byte-limit = 64MB (=67108864) (default)
2023-02-16 16:32:53,126 [om1-impl-thread1] INFO  server.RaftServerConfigKeys (ConfUtils.java:logGet(46)) - raft.server.log.queue.element-limit = 4096 (default)
2023-02-16 16:32:53,127 [om1-impl-thread1] INFO  server.RaftServerConfigKeys (ConfUtils.java:logGet(46)) - raft.server.log.segment.size.max = 4194304 (custom)
2023-02-16 16:32:53,128 [om1-impl-thread1] INFO  server.RaftServerConfigKeys (ConfUtils.java:logGet(46)) - raft.server.log.preallocated.size = 4194304 (custom)
2023-02-16 16:32:53,128 [om1-impl-thread1] INFO  server.RaftServerConfigKeys (ConfUtils.java:logGet(46)) - raft.server.log.force.sync.num = 128 (default)
2023-02-16 16:32:53,129 [om1-impl-thread1] INFO  server.RaftServerConfigKeys (ConfUtils.java:logGet(46)) - raft.server.log.statemachine.data.sync = true (default)
2023-02-16 16:32:53,129 [om1-impl-thread1] INFO  server.RaftServerConfigKeys (ConfUtils.java:logGet(46)) - raft.server.log.statemachine.data.sync.timeout = 10s (default)
2023-02-16 16:32:53,129 [om1-impl-thread1] INFO  server.RaftServerConfigKeys (ConfUtils.java:logGet(46)) - raft.server.log.statemachine.data.sync.timeout.retry = -1 (default)
2023-02-16 16:32:53,137 [om1-impl-thread1] INFO  server.RaftServerConfigKeys (ConfUtils.java:logGet(46)) - raft.server.log.write.buffer.size = 64KB (=65536) (default)
2023-02-16 16:32:53,137 [om1-impl-thread1] INFO  server.RaftServerConfigKeys (ConfUtils.java:logGet(46)) - raft.server.log.appender.buffer.byte-limit = 33554432 (custom)
2023-02-16 16:32:53,140 [om1-impl-thread1] INFO  server.RaftServerConfigKeys (ConfUtils.java:logGet(46)) - raft.server.log.unsafe-flush.enabled = false (default)
2023-02-16 16:32:53,141 [om1-impl-thread1] INFO  server.RaftServerConfigKeys (ConfUtils.java:logGet(46)) - raft.server.log.async-flush.enabled = false (default)
2023-02-16 16:32:53,141 [om1-impl-thread1] INFO  server.RaftServerConfigKeys (ConfUtils.java:logGet(46)) - raft.server.log.statemachine.data.caching.enabled = false (default)
2023-02-16 16:32:53,149 [om1-impl-thread1] INFO  segmented.SegmentedRaftLogWorker (SegmentedRaftLogWorker.java:lambda$new$0(135)) - om1@group-C5BA1605619E-SegmentedRaftLogWorker: flushIndex: setUnconditionally 0 -> -1
2023-02-16 16:32:53,149 [om1-impl-thread1] INFO  segmented.SegmentedRaftLogWorker (SegmentedRaftLogWorker.java:lambda$new$0(135)) - om1@group-C5BA1605619E-SegmentedRaftLogWorker: safeCacheEvictIndex: setUnconditionally 0 -> -1
2023-02-16 16:32:53,151 [om1-impl-thread1] INFO  server.RaftServer$Division (RaftServerImpl.java:start(334)) - om1@group-C5BA1605619E: start as a follower, conf=-1: peers:[om1|rpc:localhost:9872|priority:0|startupRole:FOLLOWER]|listeners:[], old=null
2023-02-16 16:32:53,153 [om1-impl-thread1] INFO  server.RaftServer$Division (RaftServerImpl.java:setRole(321)) - om1@group-C5BA1605619E: changes role from      null to FOLLOWER at term 0 for startAsFollower
2023-02-16 16:32:53,155 [om1-impl-thread1] INFO  impl.RoleInfo (RoleInfo.java:updateAndGet(139)) - om1: start om1@group-C5BA1605619E-FollowerState
2023-02-16 16:32:53,157 [om1-impl-thread1] INFO  util.JmxRegister (JmxRegister.java:tryRegister(44)) - Successfully registered JMX Bean with object name Ratis:service=RaftServer,group=group-C5BA1605619E,id=om1
2023-02-16 16:32:53,158 [om1-impl-thread1] INFO  server.RaftServerConfigKeys (ConfUtils.java:logGet(46)) - raft.server.snapshot.auto.trigger.enabled = true (custom)
2023-02-16 16:32:53,159 [om1-impl-thread1] INFO  server.RaftServerConfigKeys (ConfUtils.java:logGet(46)) - raft.server.snapshot.auto.trigger.threshold = 400000 (default)
2023-02-16 16:32:53,159 [om1-impl-thread1] INFO  server.RaftServerConfigKeys (ConfUtils.java:logGet(46)) - raft.server.snapshot.retention.file.num = -1 (default)
2023-02-16 16:32:53,160 [om1-impl-thread1] INFO  server.RaftServerConfigKeys (ConfUtils.java:logGet(46)) - raft.server.log.purge.upto.snapshot.index = true (custom)
2023-02-16 16:32:53,162 [om1@group-C5BA1605619E-FollowerState] INFO  server.RaftServerConfigKeys (ConfUtils.java:logFallback(53)) - raft.server.rpc.first-election.timeout.min = 1s (fallback to raft.server.rpc.timeout.min)
2023-02-16 16:32:53,162 [om1@group-C5BA1605619E-FollowerState] INFO  server.RaftServerConfigKeys (ConfUtils.java:logFallback(53)) - raft.server.rpc.first-election.timeout.max = 1200ms (fallback to raft.server.rpc.timeout.max)
2023-02-16 16:32:53,163 [Listener at 127.0.0.1/37073] INFO  server.RaftServer (RaftServerProxy.java:startImpl(393)) - om1: start RPC server
2023-02-16 16:32:53,205 [Listener at 127.0.0.1/37073] INFO  server.GrpcService (GrpcService.java:startImpl(262)) - om1: GrpcService started, listening on 9872
2023-02-16 16:32:53,211 [Listener at 127.0.0.1/37073] INFO  om.OzoneManager (OzoneManager.java:start(1564)) - Version File has different layout version (3) than OM DB (null). That is expected if this OM has never been finalized to a newer layout version.
2023-02-16 16:32:53,213 [JvmPauseMonitor0] INFO  util.JvmPauseMonitor (JvmPauseMonitor.java:run(105)) - JvmPauseMonitor-om1: Started
2023-02-16 16:32:53,231 [Listener at 127.0.0.1/37073] INFO  http.BaseHttpServer (BaseHttpServer.java:newHttpServer2BuilderForOzone(213)) - Starting Web-server for ozoneManager at: http://0.0.0.0:0
2023-02-16 16:32:53,231 [Listener at 127.0.0.1/37073] INFO  http.BaseHttpServer (BaseHttpServer.java:<init>(108)) - Hadoop Security Enabled: false Ozone Security Enabled: false Ozone HTTP Security Enabled: false 
2023-02-16 16:32:53,233 [Listener at 127.0.0.1/37073] WARN  server.AuthenticationFilter (AuthenticationFilter.java:constructSecretProvider(240)) - Unable to initialize FileSignerSecretProvider, falling back to use random secrets. Reason: Could not read signature secret file: /home/runner/hadoop-http-auth-signature-secret
2023-02-16 16:32:53,235 [Listener at 127.0.0.1/37073] WARN  http.HttpRequestLog (HttpRequestLog.java:getRequestLog(103)) - Jetty request log can only be enabled using Log4j
2023-02-16 16:32:53,237 [Listener at 127.0.0.1/37073] INFO  http.HttpServer2 (HttpServer2.java:addGlobalFilter(1031)) - Added global filter 'safety' (class=org.apache.hadoop.hdds.server.http.HttpServer2$QuotingInputFilter)
2023-02-16 16:32:53,239 [Listener at 127.0.0.1/37073] INFO  http.HttpServer2 (HttpServer2.java:addFilter(1007)) - Added filter static_user_filter (class=org.apache.hadoop.http.lib.StaticUserWebFilter$StaticUserFilter) to context ozoneManager
2023-02-16 16:32:53,240 [Listener at 127.0.0.1/37073] INFO  http.HttpServer2 (HttpServer2.java:addFilter(1015)) - Added filter static_user_filter (class=org.apache.hadoop.http.lib.StaticUserWebFilter$StaticUserFilter) to context logs
2023-02-16 16:32:53,240 [Listener at 127.0.0.1/37073] INFO  http.HttpServer2 (HttpServer2.java:addFilter(1015)) - Added filter static_user_filter (class=org.apache.hadoop.http.lib.StaticUserWebFilter$StaticUserFilter) to context static
2023-02-16 16:32:53,242 [Listener at 127.0.0.1/37073] INFO  http.HttpServer2 (HttpServer2.java:bindListener(1250)) - Jetty bound to port 37507
2023-02-16 16:32:53,243 [Listener at 127.0.0.1/37073] INFO  server.Server (Server.java:doStart(375)) - jetty-9.4.49.v20220914; built: 2022-09-14T01:07:36.601Z; git: 4231a3b2e4cb8548a412a789936d640a97b1aa0a; jvm 1.8.0_362-b09
2023-02-16 16:32:53,250 [Listener at 127.0.0.1/37073] INFO  server.session (DefaultSessionIdManager.java:doStart(334)) - DefaultSessionIdManager workerName=node0
2023-02-16 16:32:53,250 [Listener at 127.0.0.1/37073] INFO  server.session (DefaultSessionIdManager.java:doStart(339)) - No SessionScavenger set, using defaults
2023-02-16 16:32:53,251 [Listener at 127.0.0.1/37073] INFO  server.session (HouseKeeper.java:startScavenging(132)) - node0 Scavenging every 660000ms
2023-02-16 16:32:53,251 [Listener at 127.0.0.1/37073] INFO  handler.ContextHandler (ContextHandler.java:doStart(921)) - Started o.e.j.s.ServletContextHandler@39edd51c{logs,/logs,file:///home/runner/work/ozone/ozone/hadoop-ozone/integration-test/target/log,AVAILABLE}
2023-02-16 16:32:53,252 [Listener at 127.0.0.1/37073] INFO  handler.ContextHandler (ContextHandler.java:doStart(921)) - Started o.e.j.s.ServletContextHandler@2f2fda15{static,/static,file:///home/runner/work/ozone/ozone/hadoop-ozone/integration-test/target/test-classes/webapps/static,AVAILABLE}
2023-02-16 16:32:53,256 [Listener at 127.0.0.1/37073] INFO  handler.ContextHandler (ContextHandler.java:doStart(921)) - Started o.e.j.w.WebAppContext@15f436d7{ozoneManager,/,file:///home/runner/work/ozone/ozone/hadoop-ozone/integration-test/target/test-classes/webapps/ozoneManager/,AVAILABLE}{file:/home/runner/work/ozone/ozone/hadoop-ozone/integration-test/target/test-classes/webapps/ozoneManager}
2023-02-16 16:32:53,258 [Listener at 127.0.0.1/37073] INFO  server.AbstractConnector (AbstractConnector.java:doStart(333)) - Started ServerConnector@7ee7a75e{HTTP/1.1, (http/1.1)}{0.0.0.0:37507}
2023-02-16 16:32:53,258 [Listener at 127.0.0.1/37073] INFO  server.Server (Server.java:doStart(415)) - Started @6860ms
2023-02-16 16:32:53,258 [Listener at 127.0.0.1/37073] WARN  impl.MetricsSystemImpl (MetricsSystemImpl.java:register(279)) - Sink prometheus already exists!
2023-02-16 16:32:53,259 [Listener at 127.0.0.1/37073] INFO  http.BaseHttpServer (BaseHttpServer.java:updateConnectorAddress(333)) - HTTP server of ozoneManager listening at http://0.0.0.0:37507
2023-02-16 16:32:53,259 [IPC Server Responder] INFO  ipc.Server (Server.java:run(1512)) - IPC Server Responder: starting
2023-02-16 16:32:53,259 [IPC Server listener on 0] INFO  ipc.Server (Server.java:run(1352)) - IPC Server listener on 0: starting
2023-02-16 16:32:53,303 [Listener at 127.0.0.1/37073] INFO  om.TrashPolicyOzone (TrashPolicyOzone.java:<init>(277)) - Ozone Manager trash configuration: Deletion interval = 0 minutes, Emptier interval = 0 minutes.
2023-02-16 16:32:53,312 [org.apache.hadoop.util.JvmPauseMonitor$Monitor@337ab4a2] INFO  util.JvmPauseMonitor (JvmPauseMonitor.java:run(188)) - Starting JVM pause monitor
2023-02-16 16:32:53,450 [Listener at 127.0.0.1/37073] WARN  impl.MetricRegistriesImpl (MetricRegistriesImpl.java:addReporterRegistration(111)) - New reporters are added after registries were created. Some metrics will be missing from the reporter. Please add reporter before adding any new registry.
2023-02-16 16:32:53,450 [Listener at 127.0.0.1/37073] WARN  impl.MetricRegistriesImpl (MetricRegistriesImpl.java:addReporterRegistration(111)) - New reporters are added after registries were created. Some metrics will be missing from the reporter. Please add reporter before adding any new registry.
2023-02-16 16:32:53,450 [Listener at 127.0.0.1/37073] INFO  impl.MetricsSystemImpl (MetricsSystemImpl.java:init(158)) - HddsDatanode metrics system started (again)
2023-02-16 16:32:53,469 [Listener at 127.0.0.1/37073] INFO  ozone.HddsDatanodeService (HddsDatanodeService.java:start(228)) - HddsDatanodeService host:fv-az167-289.21ktoceh2wee5fewwtpg1zd01g.bx.internal.cloudapp.net ip:10.1.0.66
2023-02-16 16:32:53,499 [Listener at 127.0.0.1/37073] INFO  upgrade.AbstractLayoutVersionManager (AbstractLayoutVersionManager.java:init(83)) - Initializing Layout version manager with metadata layout = DATANODE_SCHEMA_V3 (version = 4), software layout = DATANODE_SCHEMA_V3 (version = 4)
2023-02-16 16:32:53,552 [Listener at 127.0.0.1/37073] INFO  reflections.Reflections (Reflections.java:scan(232)) - Reflections took 48 ms to scan 7 urls, producing 150 keys and 362 values 
2023-02-16 16:32:53,558 [Listener at 127.0.0.1/37073] INFO  statemachine.DatanodeStateMachine (DatanodeStateMachine.java:getEndPointTaskThreadPoolSize(260)) - Datanode State Machine Task Thread Pool size 2
2023-02-16 16:32:53,621 [Listener at 127.0.0.1/37073] INFO  volume.HddsVolume (HddsVolume.java:<init>(122)) - Creating HddsVolume: /home/runner/work/ozone/ozone/hadoop-ozone/integration-test/target/test-dir/MiniOzoneClusterImpl-3fa4a1d0-7183-4a36-b4d2-f70efcb14827/datanode-0/data-0/containers/hdds of storage type : DISK capacity : 9223372036854775807
2023-02-16 16:32:53,623 [Listener at 127.0.0.1/37073] INFO  volume.MutableVolumeSet (MutableVolumeSet.java:initializeVolumeSet(174)) - Added Volume : /home/runner/work/ozone/ozone/hadoop-ozone/integration-test/target/test-dir/MiniOzoneClusterImpl-3fa4a1d0-7183-4a36-b4d2-f70efcb14827/datanode-0/data-0/containers/hdds to VolumeSet
2023-02-16 16:32:53,624 [Listener at 127.0.0.1/37073] INFO  volume.ThrottledAsyncChecker (ThrottledAsyncChecker.java:schedule(141)) - Scheduling a check for /home/runner/work/ozone/ozone/hadoop-ozone/integration-test/target/test-dir/MiniOzoneClusterImpl-3fa4a1d0-7183-4a36-b4d2-f70efcb14827/datanode-0/data-0/containers/hdds
2023-02-16 16:32:53,645 [Listener at 127.0.0.1/37073] INFO  volume.StorageVolumeChecker (StorageVolumeChecker.java:checkAllVolumes(202)) - Scheduled health check for volume /home/runner/work/ozone/ozone/hadoop-ozone/integration-test/target/test-dir/MiniOzoneClusterImpl-3fa4a1d0-7183-4a36-b4d2-f70efcb14827/datanode-0/data-0/containers/hdds
2023-02-16 16:32:53,666 [Listener at 127.0.0.1/37073] INFO  volume.MutableVolumeSet (MutableVolumeSet.java:initializeVolumeSet(174)) - Added Volume : /home/runner/work/ozone/ozone/hadoop-ozone/integration-test/target/test-dir/MiniOzoneClusterImpl-3fa4a1d0-7183-4a36-b4d2-f70efcb14827/datanode-0/data/ratis to VolumeSet
2023-02-16 16:32:53,666 [Listener at 127.0.0.1/37073] INFO  volume.ThrottledAsyncChecker (ThrottledAsyncChecker.java:schedule(141)) - Scheduling a check for /home/runner/work/ozone/ozone/hadoop-ozone/integration-test/target/test-dir/MiniOzoneClusterImpl-3fa4a1d0-7183-4a36-b4d2-f70efcb14827/datanode-0/data/ratis
2023-02-16 16:32:53,667 [Listener at 127.0.0.1/37073] INFO  volume.StorageVolumeChecker (StorageVolumeChecker.java:checkAllVolumes(202)) - Scheduled health check for volume /home/runner/work/ozone/ozone/hadoop-ozone/integration-test/target/test-dir/MiniOzoneClusterImpl-3fa4a1d0-7183-4a36-b4d2-f70efcb14827/datanode-0/data/ratis
2023-02-16 16:32:53,692 [Thread-136] INFO  ozoneimpl.ContainerReader (ContainerReader.java:readVolume(175)) - Finish verifying containers on volume /home/runner/work/ozone/ozone/hadoop-ozone/integration-test/target/test-dir/MiniOzoneClusterImpl-3fa4a1d0-7183-4a36-b4d2-f70efcb14827/datanode-0/data-0/containers/hdds
2023-02-16 16:32:53,692 [Listener at 127.0.0.1/37073] INFO  ozoneimpl.OzoneContainer (OzoneContainer.java:buildContainerSet(304)) - Build ContainerSet costs 0s
2023-02-16 16:32:53,750 [Listener at 127.0.0.1/37073] INFO  audit.AuditLogger (AuditLogger.java:refreshDebugCmdSet(126)) - Refresh DebugCmdSet for DNAudit to [].
2023-02-16 16:32:53,796 [Listener at 127.0.0.1/37073] INFO  server.RaftServer (ConfUtils.java:logGet(46)) - raft.rpc.type = GRPC (default)
2023-02-16 16:32:53,796 [Listener at 127.0.0.1/37073] INFO  grpc.GrpcConfigKeys (ConfUtils.java:logFallback(53)) - raft.grpc.admin.host = null (fallback to raft.grpc.server.host)
2023-02-16 16:32:53,797 [Listener at 127.0.0.1/37073] INFO  grpc.GrpcConfigKeys (ConfUtils.java:logGet(46)) - raft.grpc.admin.port = 0 (custom)
2023-02-16 16:32:53,797 [Listener at 127.0.0.1/37073] INFO  grpc.GrpcConfigKeys (ConfUtils.java:logFallback(53)) - raft.grpc.client.host = null (fallback to raft.grpc.server.host)
2023-02-16 16:32:53,797 [Listener at 127.0.0.1/37073] INFO  grpc.GrpcConfigKeys (ConfUtils.java:logGet(46)) - raft.grpc.client.port = 0 (custom)
2023-02-16 16:32:53,798 [Listener at 127.0.0.1/37073] INFO  grpc.GrpcConfigKeys (ConfUtils.java:logGet(46)) - raft.grpc.server.host = null (default)
2023-02-16 16:32:53,798 [Listener at 127.0.0.1/37073] INFO  grpc.GrpcConfigKeys (ConfUtils.java:logGet(46)) - raft.grpc.server.port = 0 (default)
2023-02-16 16:32:53,800 [Listener at 127.0.0.1/37073] INFO  server.GrpcService (ConfUtils.java:logGet(46)) - raft.grpc.message.size.max = 32MB (=33554432) (custom)
2023-02-16 16:32:53,800 [Listener at 127.0.0.1/37073] INFO  server.RaftServerConfigKeys (ConfUtils.java:logGet(46)) - raft.server.log.appender.buffer.byte-limit = 33554432 (custom)
2023-02-16 16:32:53,800 [Listener at 127.0.0.1/37073] INFO  server.GrpcService (ConfUtils.java:logGet(46)) - raft.grpc.flow.control.window = 5MB (=5242880) (custom)
2023-02-16 16:32:53,801 [Listener at 127.0.0.1/37073] INFO  server.RaftServerConfigKeys (ConfUtils.java:logGet(46)) - raft.server.rpc.request.timeout = 60s (custom)
2023-02-16 16:32:53,801 [Listener at 127.0.0.1/37073] INFO  grpc.GrpcConfigKeys (ConfUtils.java:logGet(46)) - raft.grpc.server.heartbeat.channel = true (default)
2023-02-16 16:32:53,803 [Listener at 127.0.0.1/37073] INFO  grpc.GrpcConfigKeys (ConfUtils.java:logGet(46)) - raft.grpc.server.async.request.thread.pool.cached = true (default)
2023-02-16 16:32:53,804 [Listener at 127.0.0.1/37073] INFO  grpc.GrpcConfigKeys (ConfUtils.java:logGet(46)) - raft.grpc.server.async.request.thread.pool.size = 32 (default)
2023-02-16 16:32:53,809 [Listener at 127.0.0.1/37073] INFO  impl.DataStreamServerImpl (ConfUtils.java:logGet(46)) - raft.datastream.type = NETTY (custom)
2023-02-16 16:32:53,819 [Listener at 127.0.0.1/37073] INFO  server.RaftServerConfigKeys (ConfUtils.java:logGet(46)) - raft.server.data-stream.async.request.thread.pool.cached = false (default)
2023-02-16 16:32:53,820 [Listener at 127.0.0.1/37073] INFO  server.RaftServerConfigKeys (ConfUtils.java:logGet(46)) - raft.server.data-stream.async.request.thread.pool.size = 20 (custom)
2023-02-16 16:32:53,821 [Listener at 127.0.0.1/37073] INFO  server.RaftServerConfigKeys (ConfUtils.java:logGet(46)) - raft.server.data-stream.async.write.thread.pool.size = 16 (default)
2023-02-16 16:32:53,823 [Listener at 127.0.0.1/37073] INFO  server.RaftServerConfigKeys (ConfUtils.java:logGet(46)) - raft.server.data-stream.client.pool.size = 10 (default)
2023-02-16 16:32:53,826 [Listener at 127.0.0.1/37073] INFO  netty.NettyConfigKeys$DataStream (ConfUtils.java:logGet(46)) - raft.netty.dataStream.server.use-epoll = false (default)
2023-02-16 16:32:53,827 [Listener at 127.0.0.1/37073] INFO  netty.NettyConfigKeys$DataStream (ConfUtils.java:logGet(46)) - raft.netty.dataStream.server.boss-group.size = 0 (default)
2023-02-16 16:32:53,832 [Listener at 127.0.0.1/37073] INFO  netty.NettyConfigKeys$DataStream (ConfUtils.java:logGet(46)) - raft.netty.dataStream.server.worker-group.size = 0 (default)
2023-02-16 16:32:53,833 [Listener at 127.0.0.1/37073] INFO  netty.NettyConfigKeys$DataStream (ConfUtils.java:logGet(46)) - raft.netty.dataStream.server.tls.conf = null (default)
2023-02-16 16:32:53,834 [Listener at 127.0.0.1/37073] INFO  netty.NettyConfigKeys$DataStream (ConfUtils.java:logGet(46)) - raft.netty.dataStream.host = null (default)
2023-02-16 16:32:53,835 [Listener at 127.0.0.1/37073] INFO  netty.NettyConfigKeys$DataStream (ConfUtils.java:logGet(46)) - raft.netty.dataStream.port = 0 (default)
2023-02-16 16:32:53,843 [Listener at 127.0.0.1/37073] INFO  server.RaftServerConfigKeys (ConfUtils.java:logGet(46)) - raft.server.threadpool.proxy.cached = true (default)
2023-02-16 16:32:53,843 [Listener at 127.0.0.1/37073] INFO  server.RaftServerConfigKeys (ConfUtils.java:logGet(46)) - raft.server.threadpool.proxy.size = 0 (default)
2023-02-16 16:32:53,843 [Listener at 127.0.0.1/37073] INFO  server.RaftServerConfigKeys (ConfUtils.java:logGet(46)) - raft.server.rpc.slowness.timeout = 300s (custom)
2023-02-16 16:32:53,844 [Listener at 127.0.0.1/37073] INFO  server.RaftServerConfigKeys (ConfUtils.java:logGet(46)) - raft.server.leaderelection.leader.step-down.wait-time = 10s (default)
2023-02-16 16:32:53,844 [Listener at 127.0.0.1/37073] INFO  server.RaftServerConfigKeys (ConfUtils.java:logGet(46)) - raft.server.storage.dir = [/home/runner/work/ozone/ozone/hadoop-ozone/integration-test/target/test-dir/MiniOzoneClusterImpl-3fa4a1d0-7183-4a36-b4d2-f70efcb14827/datanode-0/data/ratis] (custom)
2023-02-16 16:32:53,877 [cb9b88df-491a-41e2-b87b-1e05ddc4218e-NettyServerStreamRpc-bossGroup--thread1] INFO  logging.LoggingHandler (AbstractInternalLogger.java:log(148)) - [id: 0x8af82c42] REGISTERED
2023-02-16 16:32:53,878 [cb9b88df-491a-41e2-b87b-1e05ddc4218e-NettyServerStreamRpc-bossGroup--thread1] INFO  logging.LoggingHandler (AbstractInternalLogger.java:log(148)) - [id: 0x8af82c42] BIND: 0.0.0.0/0.0.0.0:0
2023-02-16 16:32:53,879 [cb9b88df-491a-41e2-b87b-1e05ddc4218e-NettyServerStreamRpc-bossGroup--thread1] INFO  logging.LoggingHandler (AbstractInternalLogger.java:log(148)) - [id: 0x8af82c42, L:/0:0:0:0:0:0:0:0:37421] ACTIVE
2023-02-16 16:32:53,886 [Listener at 127.0.0.1/37073] INFO  server.XceiverServerGrpc (XceiverServerGrpc.java:<init>(132)) - GrpcServer channel type EpollServerSocketChannel
2023-02-16 16:32:53,960 [Listener at 127.0.0.1/37073] INFO  http.BaseHttpServer (BaseHttpServer.java:newHttpServer2BuilderForOzone(213)) - Starting Web-server for hddsDatanode at: http://0.0.0.0:0
2023-02-16 16:32:53,961 [Listener at 127.0.0.1/37073] INFO  http.BaseHttpServer (BaseHttpServer.java:<init>(108)) - Hadoop Security Enabled: false Ozone Security Enabled: false Ozone HTTP Security Enabled: false 
2023-02-16 16:32:53,962 [Listener at 127.0.0.1/37073] WARN  server.AuthenticationFilter (AuthenticationFilter.java:constructSecretProvider(240)) - Unable to initialize FileSignerSecretProvider, falling back to use random secrets. Reason: Could not read signature secret file: /home/runner/hadoop-http-auth-signature-secret
2023-02-16 16:32:53,963 [Listener at 127.0.0.1/37073] WARN  http.HttpRequestLog (HttpRequestLog.java:getRequestLog(103)) - Jetty request log can only be enabled using Log4j
2023-02-16 16:32:53,964 [Listener at 127.0.0.1/37073] INFO  http.HttpServer2 (HttpServer2.java:addGlobalFilter(1031)) - Added global filter 'safety' (class=org.apache.hadoop.hdds.server.http.HttpServer2$QuotingInputFilter)
2023-02-16 16:32:53,965 [Listener at 127.0.0.1/37073] INFO  http.HttpServer2 (HttpServer2.java:addFilter(1007)) - Added filter static_user_filter (class=org.apache.hadoop.http.lib.StaticUserWebFilter$StaticUserFilter) to context hddsDatanode
2023-02-16 16:32:53,965 [Listener at 127.0.0.1/37073] INFO  http.HttpServer2 (HttpServer2.java:addFilter(1015)) - Added filter static_user_filter (class=org.apache.hadoop.http.lib.StaticUserWebFilter$StaticUserFilter) to context logs
2023-02-16 16:32:53,965 [Listener at 127.0.0.1/37073] INFO  http.HttpServer2 (HttpServer2.java:addFilter(1015)) - Added filter static_user_filter (class=org.apache.hadoop.http.lib.StaticUserWebFilter$StaticUserFilter) to context static
2023-02-16 16:32:53,966 [Listener at 127.0.0.1/37073] INFO  http.HttpServer2 (HttpServer2.java:bindListener(1250)) - Jetty bound to port 42587
2023-02-16 16:32:53,966 [Listener at 127.0.0.1/37073] INFO  server.Server (Server.java:doStart(375)) - jetty-9.4.49.v20220914; built: 2022-09-14T01:07:36.601Z; git: 4231a3b2e4cb8548a412a789936d640a97b1aa0a; jvm 1.8.0_362-b09
2023-02-16 16:32:53,976 [Listener at 127.0.0.1/37073] INFO  server.session (DefaultSessionIdManager.java:doStart(334)) - DefaultSessionIdManager workerName=node0
2023-02-16 16:32:53,977 [Listener at 127.0.0.1/37073] INFO  server.session (DefaultSessionIdManager.java:doStart(339)) - No SessionScavenger set, using defaults
2023-02-16 16:32:53,977 [Listener at 127.0.0.1/37073] INFO  server.session (HouseKeeper.java:startScavenging(132)) - node0 Scavenging every 600000ms
2023-02-16 16:32:53,977 [Listener at 127.0.0.1/37073] INFO  handler.ContextHandler (ContextHandler.java:doStart(921)) - Started o.e.j.s.ServletContextHandler@6d7da45f{logs,/logs,file:///home/runner/work/ozone/ozone/hadoop-ozone/integration-test/target/log,AVAILABLE}
2023-02-16 16:32:53,978 [Listener at 127.0.0.1/37073] INFO  handler.ContextHandler (ContextHandler.java:doStart(921)) - Started o.e.j.s.ServletContextHandler@501ccde9{static,/static,jar:file:/home/runner/.m2/repository/org/apache/ozone/hdds-container-service/1.4.0-SNAPSHOT/hdds-container-service-1.4.0-SNAPSHOT.jar!/webapps/static,AVAILABLE}
2023-02-16 16:32:54,209 [om1@group-C5BA1605619E-FollowerState] INFO  impl.FollowerState (FollowerState.java:run(143)) - om1@group-C5BA1605619E-FollowerState: change to CANDIDATE, lastRpcElapsedTime:1053677608ns, electionTimeout:1045ms
2023-02-16 16:32:54,210 [om1@group-C5BA1605619E-FollowerState] INFO  impl.RoleInfo (RoleInfo.java:shutdownFollowerState(110)) - om1: shutdown om1@group-C5BA1605619E-FollowerState
2023-02-16 16:32:54,210 [om1@group-C5BA1605619E-FollowerState] INFO  server.RaftServer$Division (RaftServerImpl.java:setRole(321)) - om1@group-C5BA1605619E: changes role from  FOLLOWER to CANDIDATE at term 0 for changeToCandidate
2023-02-16 16:32:54,213 [om1@group-C5BA1605619E-FollowerState] INFO  server.RaftServerConfigKeys (ConfUtils.java:logGet(46)) - raft.server.leaderelection.pre-vote = true (default)
2023-02-16 16:32:54,213 [om1@group-C5BA1605619E-FollowerState] INFO  impl.RoleInfo (RoleInfo.java:updateAndGet(139)) - om1: start om1@group-C5BA1605619E-LeaderElection1
2023-02-16 16:32:54,216 [Listener at 127.0.0.1/37073] INFO  handler.ContextHandler (ContextHandler.java:doStart(921)) - Started o.e.j.w.WebAppContext@4d13970d{hddsDatanode,/,file:///tmp/jetty-0_0_0_0-42587-hdds-container-service-1_4_0-SNAPSHOT_jar-_-any-3065049911131830539/webapp/,AVAILABLE}{jar:file:/home/runner/.m2/repository/org/apache/ozone/hdds-container-service/1.4.0-SNAPSHOT/hdds-container-service-1.4.0-SNAPSHOT.jar!/webapps/hddsDatanode}
2023-02-16 16:32:54,217 [Listener at 127.0.0.1/37073] INFO  server.AbstractConnector (AbstractConnector.java:doStart(333)) - Started ServerConnector@6821f91b{HTTP/1.1, (http/1.1)}{0.0.0.0:42587}
2023-02-16 16:32:54,218 [Listener at 127.0.0.1/37073] INFO  server.Server (Server.java:doStart(415)) - Started @7819ms
2023-02-16 16:32:54,218 [Listener at 127.0.0.1/37073] WARN  impl.MetricsSystemImpl (MetricsSystemImpl.java:register(279)) - Sink prometheus already exists!
2023-02-16 16:32:54,222 [om1@group-C5BA1605619E-LeaderElection1] INFO  impl.LeaderElection (LeaderElection.java:askForVotes(312)) - om1@group-C5BA1605619E-LeaderElection1 PRE_VOTE round 0: submit vote requests at term 0 for -1: peers:[om1|rpc:localhost:9872|priority:0|startupRole:FOLLOWER]|listeners:[], old=null
2023-02-16 16:32:54,223 [om1@group-C5BA1605619E-LeaderElection1] INFO  impl.LeaderElection (LeaderElection.java:askForVotes(314)) - om1@group-C5BA1605619E-LeaderElection1 PRE_VOTE round 0: result PASSED (term=0)
2023-02-16 16:32:54,231 [Listener at 127.0.0.1/37073] INFO  http.BaseHttpServer (BaseHttpServer.java:updateConnectorAddress(333)) - HTTP server of hddsDatanode listening at http://0.0.0.0:42587
2023-02-16 16:32:54,232 [om1@group-C5BA1605619E-LeaderElection1] INFO  impl.LeaderElection (LeaderElection.java:askForVotes(312)) - om1@group-C5BA1605619E-LeaderElection1 ELECTION round 0: submit vote requests at term 1 for -1: peers:[om1|rpc:localhost:9872|priority:0|startupRole:FOLLOWER]|listeners:[], old=null
2023-02-16 16:32:54,232 [om1@group-C5BA1605619E-LeaderElection1] INFO  impl.LeaderElection (LeaderElection.java:askForVotes(314)) - om1@group-C5BA1605619E-LeaderElection1 ELECTION round 0: result PASSED (term=1)
2023-02-16 16:32:54,232 [om1@group-C5BA1605619E-LeaderElection1] INFO  impl.RoleInfo (RoleInfo.java:shutdownLeaderElection(130)) - om1: shutdown om1@group-C5BA1605619E-LeaderElection1
2023-02-16 16:32:54,232 [Listener at 127.0.0.1/37073] WARN  impl.MetricRegistriesImpl (MetricRegistriesImpl.java:addReporterRegistration(111)) - New reporters are added after registries were created. Some metrics will be missing from the reporter. Please add reporter before adding any new registry.
2023-02-16 16:32:54,232 [om1@group-C5BA1605619E-LeaderElection1] INFO  server.RaftServer$Division (RaftServerImpl.java:setRole(321)) - om1@group-C5BA1605619E: changes role from CANDIDATE to LEADER at term 1 for changeToLeader
2023-02-16 16:32:54,232 [om1@group-C5BA1605619E-LeaderElection1] INFO  server.RaftServer$Division (ServerState.java:setLeader(313)) - om1@group-C5BA1605619E: change Leader from null to om1 at term 1 for becomeLeader, leader elected after 2072ms
2023-02-16 16:32:54,232 [Listener at 127.0.0.1/37073] WARN  impl.MetricRegistriesImpl (MetricRegistriesImpl.java:addReporterRegistration(111)) - New reporters are added after registries were created. Some metrics will be missing from the reporter. Please add reporter before adding any new registry.
2023-02-16 16:32:54,233 [Listener at 127.0.0.1/37073] INFO  impl.MetricsSystemImpl (MetricsSystemImpl.java:init(158)) - HddsDatanode metrics system started (again)
2023-02-16 16:32:54,238 [om1@group-C5BA1605619E-LeaderElection1] INFO  server.RaftServerConfigKeys (ConfUtils.java:logGet(46)) - raft.server.staging.catchup.gap = 1000 (default)
2023-02-16 16:32:54,235 [Datanode State Machine Daemon Thread] INFO  statemachine.DatanodeStateMachine (DatanodeStateMachine.java:lambda$startDaemon$0(516)) - Ozone container server started.
2023-02-16 16:32:54,252 [org.apache.hadoop.util.JvmPauseMonitor$Monitor@5acc0bc7] INFO  util.JvmPauseMonitor (JvmPauseMonitor.java:run(188)) - Starting JVM pause monitor
2023-02-16 16:32:54,253 [om1@group-C5BA1605619E-LeaderElection1] INFO  server.RaftServerConfigKeys (ConfUtils.java:logGet(46)) - raft.server.write.element-limit = 4096 (default)
2023-02-16 16:32:54,254 [om1@group-C5BA1605619E-LeaderElection1] INFO  server.RaftServerConfigKeys (ConfUtils.java:logGet(46)) - raft.server.write.byte-limit = 64MB (=67108864) (default)
2023-02-16 16:32:54,261 [om1@group-C5BA1605619E-LeaderElection1] INFO  server.RaftServerConfigKeys (ConfUtils.java:logGet(46)) - raft.server.watch.timeout = 10s (default)
2023-02-16 16:32:54,261 [om1@group-C5BA1605619E-LeaderElection1] INFO  server.RaftServerConfigKeys (ConfUtils.java:logGet(46)) - raft.server.watch.timeout.denomination = 1s (default)
2023-02-16 16:32:54,261 [om1@group-C5BA1605619E-LeaderElection1] INFO  server.RaftServerConfigKeys (ConfUtils.java:logGet(46)) - raft.server.watch.element-limit = 65536 (default)
2023-02-16 16:32:54,270 [om1@group-C5BA1605619E-LeaderElection1] INFO  server.RaftServerConfigKeys (ConfUtils.java:logGet(46)) - raft.server.write.element-limit = 4096 (default)
2023-02-16 16:32:54,273 [om1@group-C5BA1605619E-LeaderElection1] INFO  server.RaftServerConfigKeys (ConfUtils.java:logGet(46)) - raft.server.write.follower.gap.ratio.max = -1.0 (default)
2023-02-16 16:32:54,277 [Listener at 127.0.0.1/37073] INFO  ozone.HddsDatanodeService (HddsDatanodeService.java:start(228)) - HddsDatanodeService host:fv-az167-289.21ktoceh2wee5fewwtpg1zd01g.bx.internal.cloudapp.net ip:10.1.0.66
2023-02-16 16:32:54,278 [om1@group-C5BA1605619E-LeaderElection1] INFO  impl.RoleInfo (RoleInfo.java:updateAndGet(139)) - om1: start om1@group-C5BA1605619E-LeaderStateImpl
2023-02-16 16:32:54,308 [Listener at 127.0.0.1/37073] INFO  upgrade.AbstractLayoutVersionManager (AbstractLayoutVersionManager.java:init(83)) - Initializing Layout version manager with metadata layout = DATANODE_SCHEMA_V3 (version = 4), software layout = DATANODE_SCHEMA_V3 (version = 4)
2023-02-16 16:32:54,370 [om1@group-C5BA1605619E-LeaderElection1] INFO  segmented.SegmentedRaftLogWorker (SegmentedRaftLogWorker.java:startLogSegment(452)) - om1@group-C5BA1605619E-SegmentedRaftLogWorker: Starting segment from index:0
2023-02-16 16:32:54,456 [om1@group-C5BA1605619E-LeaderElection1] INFO  server.RaftServer$Division (ServerState.java:setRaftConf(430)) - om1@group-C5BA1605619E: set configuration 0: peers:[om1|rpc:localhost:9872|admin:|client:|dataStream:|priority:0|startupRole:FOLLOWER]|listeners:[], old=null
2023-02-16 16:32:54,472 [Listener at 127.0.0.1/37073] INFO  reflections.Reflections (Reflections.java:scan(232)) - Reflections took 162 ms to scan 7 urls, producing 150 keys and 362 values 
2023-02-16 16:32:54,473 [Listener at 127.0.0.1/37073] INFO  statemachine.DatanodeStateMachine (DatanodeStateMachine.java:getEndPointTaskThreadPoolSize(260)) - Datanode State Machine Task Thread Pool size 2
2023-02-16 16:32:54,486 [Listener at 127.0.0.1/37073] INFO  volume.HddsVolume (HddsVolume.java:<init>(122)) - Creating HddsVolume: /home/runner/work/ozone/ozone/hadoop-ozone/integration-test/target/test-dir/MiniOzoneClusterImpl-3fa4a1d0-7183-4a36-b4d2-f70efcb14827/datanode-1/data-0/containers/hdds of storage type : DISK capacity : 9223372036854775807
2023-02-16 16:32:54,486 [Listener at 127.0.0.1/37073] INFO  volume.MutableVolumeSet (MutableVolumeSet.java:initializeVolumeSet(174)) - Added Volume : /home/runner/work/ozone/ozone/hadoop-ozone/integration-test/target/test-dir/MiniOzoneClusterImpl-3fa4a1d0-7183-4a36-b4d2-f70efcb14827/datanode-1/data-0/containers/hdds to VolumeSet
2023-02-16 16:32:54,486 [Listener at 127.0.0.1/37073] INFO  volume.ThrottledAsyncChecker (ThrottledAsyncChecker.java:schedule(141)) - Scheduling a check for /home/runner/work/ozone/ozone/hadoop-ozone/integration-test/target/test-dir/MiniOzoneClusterImpl-3fa4a1d0-7183-4a36-b4d2-f70efcb14827/datanode-1/data-0/containers/hdds
2023-02-16 16:32:54,493 [Datanode State Machine Task Thread - 0] INFO  datanode.InitDatanodeState (InitDatanodeState.java:persistContainerDatanodeDetails(138)) - DatanodeDetails is persisted to /home/runner/work/ozone/ozone/hadoop-ozone/integration-test/target/test-dir/MiniOzoneClusterImpl-3fa4a1d0-7183-4a36-b4d2-f70efcb14827/datanode-0/meta/datanode.id
2023-02-16 16:32:54,493 [Listener at 127.0.0.1/37073] INFO  volume.StorageVolumeChecker (StorageVolumeChecker.java:checkAllVolumes(202)) - Scheduled health check for volume /home/runner/work/ozone/ozone/hadoop-ozone/integration-test/target/test-dir/MiniOzoneClusterImpl-3fa4a1d0-7183-4a36-b4d2-f70efcb14827/datanode-1/data-0/containers/hdds
2023-02-16 16:32:54,505 [Listener at 127.0.0.1/37073] INFO  volume.MutableVolumeSet (MutableVolumeSet.java:initializeVolumeSet(174)) - Added Volume : /home/runner/work/ozone/ozone/hadoop-ozone/integration-test/target/test-dir/MiniOzoneClusterImpl-3fa4a1d0-7183-4a36-b4d2-f70efcb14827/datanode-1/data/ratis to VolumeSet
2023-02-16 16:32:54,505 [Listener at 127.0.0.1/37073] INFO  volume.ThrottledAsyncChecker (ThrottledAsyncChecker.java:schedule(141)) - Scheduling a check for /home/runner/work/ozone/ozone/hadoop-ozone/integration-test/target/test-dir/MiniOzoneClusterImpl-3fa4a1d0-7183-4a36-b4d2-f70efcb14827/datanode-1/data/ratis
2023-02-16 16:32:54,505 [Listener at 127.0.0.1/37073] INFO  volume.StorageVolumeChecker (StorageVolumeChecker.java:checkAllVolumes(202)) - Scheduled health check for volume /home/runner/work/ozone/ozone/hadoop-ozone/integration-test/target/test-dir/MiniOzoneClusterImpl-3fa4a1d0-7183-4a36-b4d2-f70efcb14827/datanode-1/data/ratis
2023-02-16 16:32:54,516 [Thread-152] INFO  ozoneimpl.ContainerReader (ContainerReader.java:readVolume(175)) - Finish verifying containers on volume /home/runner/work/ozone/ozone/hadoop-ozone/integration-test/target/test-dir/MiniOzoneClusterImpl-3fa4a1d0-7183-4a36-b4d2-f70efcb14827/datanode-1/data-0/containers/hdds
2023-02-16 16:32:54,519 [Listener at 127.0.0.1/37073] INFO  ozoneimpl.OzoneContainer (OzoneContainer.java:buildContainerSet(304)) - Build ContainerSet costs 0s
2023-02-16 16:32:54,524 [Listener at 127.0.0.1/37073] INFO  server.RaftServer (ConfUtils.java:logGet(46)) - raft.rpc.type = GRPC (default)
2023-02-16 16:32:54,525 [Listener at 127.0.0.1/37073] INFO  grpc.GrpcConfigKeys (ConfUtils.java:logFallback(53)) - raft.grpc.admin.host = null (fallback to raft.grpc.server.host)
2023-02-16 16:32:54,525 [Listener at 127.0.0.1/37073] INFO  grpc.GrpcConfigKeys (ConfUtils.java:logGet(46)) - raft.grpc.admin.port = 0 (custom)
2023-02-16 16:32:54,525 [Listener at 127.0.0.1/37073] INFO  grpc.GrpcConfigKeys (ConfUtils.java:logFallback(53)) - raft.grpc.client.host = null (fallback to raft.grpc.server.host)
2023-02-16 16:32:54,526 [Listener at 127.0.0.1/37073] INFO  grpc.GrpcConfigKeys (ConfUtils.java:logGet(46)) - raft.grpc.client.port = 0 (custom)
2023-02-16 16:32:54,526 [Listener at 127.0.0.1/37073] INFO  grpc.GrpcConfigKeys (ConfUtils.java:logGet(46)) - raft.grpc.server.host = null (default)
2023-02-16 16:32:54,526 [Listener at 127.0.0.1/37073] INFO  grpc.GrpcConfigKeys (ConfUtils.java:logGet(46)) - raft.grpc.server.port = 0 (default)
2023-02-16 16:32:54,526 [Listener at 127.0.0.1/37073] INFO  server.GrpcService (ConfUtils.java:logGet(46)) - raft.grpc.message.size.max = 32MB (=33554432) (custom)
2023-02-16 16:32:54,527 [Listener at 127.0.0.1/37073] INFO  server.RaftServerConfigKeys (ConfUtils.java:logGet(46)) - raft.server.log.appender.buffer.byte-limit = 33554432 (custom)
2023-02-16 16:32:54,527 [Listener at 127.0.0.1/37073] INFO  server.GrpcService (ConfUtils.java:logGet(46)) - raft.grpc.flow.control.window = 5MB (=5242880) (custom)
2023-02-16 16:32:54,527 [Listener at 127.0.0.1/37073] INFO  server.RaftServerConfigKeys (ConfUtils.java:logGet(46)) - raft.server.rpc.request.timeout = 60s (custom)
2023-02-16 16:32:54,527 [Listener at 127.0.0.1/37073] INFO  grpc.GrpcConfigKeys (ConfUtils.java:logGet(46)) - raft.grpc.server.heartbeat.channel = true (default)
2023-02-16 16:32:54,527 [Listener at 127.0.0.1/37073] INFO  grpc.GrpcConfigKeys (ConfUtils.java:logGet(46)) - raft.grpc.server.async.request.thread.pool.cached = true (default)
2023-02-16 16:32:54,528 [Listener at 127.0.0.1/37073] INFO  grpc.GrpcConfigKeys (ConfUtils.java:logGet(46)) - raft.grpc.server.async.request.thread.pool.size = 32 (default)
2023-02-16 16:32:54,531 [Listener at 127.0.0.1/37073] INFO  impl.DataStreamServerImpl (ConfUtils.java:logGet(46)) - raft.datastream.type = NETTY (custom)
2023-02-16 16:32:54,534 [Listener at 127.0.0.1/37073] INFO  server.RaftServerConfigKeys (ConfUtils.java:logGet(46)) - raft.server.data-stream.async.request.thread.pool.cached = false (default)
2023-02-16 16:32:54,534 [Listener at 127.0.0.1/37073] INFO  server.RaftServerConfigKeys (ConfUtils.java:logGet(46)) - raft.server.data-stream.async.request.thread.pool.size = 20 (custom)
2023-02-16 16:32:54,534 [Listener at 127.0.0.1/37073] INFO  server.RaftServerConfigKeys (ConfUtils.java:logGet(46)) - raft.server.data-stream.async.write.thread.pool.size = 16 (default)
2023-02-16 16:32:54,534 [Listener at 127.0.0.1/37073] INFO  server.RaftServerConfigKeys (ConfUtils.java:logGet(46)) - raft.server.data-stream.client.pool.size = 10 (default)
2023-02-16 16:32:54,535 [Listener at 127.0.0.1/37073] INFO  netty.NettyConfigKeys$DataStream (ConfUtils.java:logGet(46)) - raft.netty.dataStream.server.use-epoll = false (default)
2023-02-16 16:32:54,535 [Listener at 127.0.0.1/37073] INFO  netty.NettyConfigKeys$DataStream (ConfUtils.java:logGet(46)) - raft.netty.dataStream.server.boss-group.size = 0 (default)
2023-02-16 16:32:54,537 [Listener at 127.0.0.1/37073] INFO  netty.NettyConfigKeys$DataStream (ConfUtils.java:logGet(46)) - raft.netty.dataStream.server.worker-group.size = 0 (default)
2023-02-16 16:32:54,538 [Listener at 127.0.0.1/37073] INFO  netty.NettyConfigKeys$DataStream (ConfUtils.java:logGet(46)) - raft.netty.dataStream.server.tls.conf = null (default)
2023-02-16 16:32:54,538 [Listener at 127.0.0.1/37073] INFO  netty.NettyConfigKeys$DataStream (ConfUtils.java:logGet(46)) - raft.netty.dataStream.host = null (default)
2023-02-16 16:32:54,538 [Listener at 127.0.0.1/37073] INFO  netty.NettyConfigKeys$DataStream (ConfUtils.java:logGet(46)) - raft.netty.dataStream.port = 0 (default)
2023-02-16 16:32:54,545 [Listener at 127.0.0.1/37073] INFO  server.RaftServerConfigKeys (ConfUtils.java:logGet(46)) - raft.server.threadpool.proxy.cached = true (default)
2023-02-16 16:32:54,545 [Listener at 127.0.0.1/37073] INFO  server.RaftServerConfigKeys (ConfUtils.java:logGet(46)) - raft.server.threadpool.proxy.size = 0 (default)
2023-02-16 16:32:54,546 [Listener at 127.0.0.1/37073] INFO  server.RaftServerConfigKeys (ConfUtils.java:logGet(46)) - raft.server.rpc.slowness.timeout = 300s (custom)
2023-02-16 16:32:54,546 [Listener at 127.0.0.1/37073] INFO  server.RaftServerConfigKeys (ConfUtils.java:logGet(46)) - raft.server.leaderelection.leader.step-down.wait-time = 10s (default)
2023-02-16 16:32:54,546 [Listener at 127.0.0.1/37073] INFO  server.RaftServerConfigKeys (ConfUtils.java:logGet(46)) - raft.server.storage.dir = [/home/runner/work/ozone/ozone/hadoop-ozone/integration-test/target/test-dir/MiniOzoneClusterImpl-3fa4a1d0-7183-4a36-b4d2-f70efcb14827/datanode-1/data/ratis] (custom)
2023-02-16 16:32:54,556 [1ef1131b-9485-4bfe-ad5a-910805a11fc3-NettyServerStreamRpc-bossGroup--thread1] INFO  logging.LoggingHandler (AbstractInternalLogger.java:log(148)) - [id: 0x62c5776b] REGISTERED
2023-02-16 16:32:54,557 [1ef1131b-9485-4bfe-ad5a-910805a11fc3-NettyServerStreamRpc-bossGroup--thread1] INFO  logging.LoggingHandler (AbstractInternalLogger.java:log(148)) - [id: 0x62c5776b] BIND: 0.0.0.0/0.0.0.0:0
2023-02-16 16:32:54,557 [1ef1131b-9485-4bfe-ad5a-910805a11fc3-NettyServerStreamRpc-bossGroup--thread1] INFO  logging.LoggingHandler (AbstractInternalLogger.java:log(148)) - [id: 0x62c5776b, L:/0:0:0:0:0:0:0:0:44653] ACTIVE
2023-02-16 16:32:54,561 [Listener at 127.0.0.1/37073] INFO  server.XceiverServerGrpc (XceiverServerGrpc.java:<init>(132)) - GrpcServer channel type EpollServerSocketChannel
2023-02-16 16:32:54,566 [Listener at 127.0.0.1/37073] INFO  http.BaseHttpServer (BaseHttpServer.java:newHttpServer2BuilderForOzone(213)) - Starting Web-server for hddsDatanode at: http://0.0.0.0:0
2023-02-16 16:32:54,566 [Listener at 127.0.0.1/37073] INFO  http.BaseHttpServer (BaseHttpServer.java:<init>(108)) - Hadoop Security Enabled: false Ozone Security Enabled: false Ozone HTTP Security Enabled: false 
2023-02-16 16:32:54,569 [Listener at 127.0.0.1/37073] WARN  server.AuthenticationFilter (AuthenticationFilter.java:constructSecretProvider(240)) - Unable to initialize FileSignerSecretProvider, falling back to use random secrets. Reason: Could not read signature secret file: /home/runner/hadoop-http-auth-signature-secret
2023-02-16 16:32:54,570 [Listener at 127.0.0.1/37073] WARN  http.HttpRequestLog (HttpRequestLog.java:getRequestLog(103)) - Jetty request log can only be enabled using Log4j
2023-02-16 16:32:54,571 [Listener at 127.0.0.1/37073] INFO  http.HttpServer2 (HttpServer2.java:addGlobalFilter(1031)) - Added global filter 'safety' (class=org.apache.hadoop.hdds.server.http.HttpServer2$QuotingInputFilter)
2023-02-16 16:32:54,572 [Listener at 127.0.0.1/37073] INFO  http.HttpServer2 (HttpServer2.java:addFilter(1007)) - Added filter static_user_filter (class=org.apache.hadoop.http.lib.StaticUserWebFilter$StaticUserFilter) to context hddsDatanode
2023-02-16 16:32:54,572 [Listener at 127.0.0.1/37073] INFO  http.HttpServer2 (HttpServer2.java:addFilter(1015)) - Added filter static_user_filter (class=org.apache.hadoop.http.lib.StaticUserWebFilter$StaticUserFilter) to context logs
2023-02-16 16:32:54,572 [Listener at 127.0.0.1/37073] INFO  http.HttpServer2 (HttpServer2.java:addFilter(1015)) - Added filter static_user_filter (class=org.apache.hadoop.http.lib.StaticUserWebFilter$StaticUserFilter) to context static
2023-02-16 16:32:54,573 [Listener at 127.0.0.1/37073] INFO  http.HttpServer2 (HttpServer2.java:bindListener(1250)) - Jetty bound to port 37447
2023-02-16 16:32:54,573 [Listener at 127.0.0.1/37073] INFO  server.Server (Server.java:doStart(375)) - jetty-9.4.49.v20220914; built: 2022-09-14T01:07:36.601Z; git: 4231a3b2e4cb8548a412a789936d640a97b1aa0a; jvm 1.8.0_362-b09
2023-02-16 16:32:54,575 [om1@group-C5BA1605619E-SegmentedRaftLogWorker] INFO  segmented.SegmentedRaftLogWorker (SegmentedRaftLogWorker.java:execute(656)) - om1@group-C5BA1605619E-SegmentedRaftLogWorker: created new log segment /home/runner/work/ozone/ozone/hadoop-ozone/integration-test/target/test-dir/MiniOzoneClusterImpl-3fa4a1d0-7183-4a36-b4d2-f70efcb14827/ozone-meta/ratis/bf265839-605b-3f16-9796-c5ba1605619e/current/log_inprogress_0
2023-02-16 16:32:54,587 [Listener at 127.0.0.1/37073] INFO  server.session (DefaultSessionIdManager.java:doStart(334)) - DefaultSessionIdManager workerName=node0
2023-02-16 16:32:54,587 [Listener at 127.0.0.1/37073] INFO  server.session (DefaultSessionIdManager.java:doStart(339)) - No SessionScavenger set, using defaults
2023-02-16 16:32:54,587 [Listener at 127.0.0.1/37073] INFO  server.session (HouseKeeper.java:startScavenging(132)) - node0 Scavenging every 600000ms
2023-02-16 16:32:54,591 [Listener at 127.0.0.1/37073] INFO  handler.ContextHandler (ContextHandler.java:doStart(921)) - Started o.e.j.s.ServletContextHandler@7d4e082e{logs,/logs,file:///home/runner/work/ozone/ozone/hadoop-ozone/integration-test/target/log,AVAILABLE}
2023-02-16 16:32:54,592 [Listener at 127.0.0.1/37073] INFO  handler.ContextHandler (ContextHandler.java:doStart(921)) - Started o.e.j.s.ServletContextHandler@251ddb57{static,/static,jar:file:/home/runner/.m2/repository/org/apache/ozone/hdds-container-service/1.4.0-SNAPSHOT/hdds-container-service-1.4.0-SNAPSHOT.jar!/webapps/static,AVAILABLE}
2023-02-16 16:32:54,696 [om1@group-C5BA1605619E-StateMachineUpdater] INFO  ratis.OzoneManagerStateMachine (OzoneManagerStateMachine.java:notifyConfigurationChanged(192)) - Received Configuration change notification from Ratis. New Peer list:
[id: "om1"
address: "localhost:9872"
startupRole: FOLLOWER
]
2023-02-16 16:32:54,842 [Listener at 127.0.0.1/37073] INFO  handler.ContextHandler (ContextHandler.java:doStart(921)) - Started o.e.j.w.WebAppContext@8e7f66b{hddsDatanode,/,file:///tmp/jetty-0_0_0_0-37447-hdds-container-service-1_4_0-SNAPSHOT_jar-_-any-1042172295999229220/webapp/,AVAILABLE}{jar:file:/home/runner/.m2/repository/org/apache/ozone/hdds-container-service/1.4.0-SNAPSHOT/hdds-container-service-1.4.0-SNAPSHOT.jar!/webapps/hddsDatanode}
2023-02-16 16:32:54,843 [Listener at 127.0.0.1/37073] INFO  server.AbstractConnector (AbstractConnector.java:doStart(333)) - Started ServerConnector@1c6d4f34{HTTP/1.1, (http/1.1)}{0.0.0.0:37447}
2023-02-16 16:32:54,844 [Listener at 127.0.0.1/37073] INFO  server.Server (Server.java:doStart(415)) - Started @8445ms
2023-02-16 16:32:54,844 [Listener at 127.0.0.1/37073] WARN  impl.MetricsSystemImpl (MetricsSystemImpl.java:register(279)) - Sink prometheus already exists!
2023-02-16 16:32:54,844 [Listener at 127.0.0.1/37073] INFO  http.BaseHttpServer (BaseHttpServer.java:updateConnectorAddress(333)) - HTTP server of hddsDatanode listening at http://0.0.0.0:37447
2023-02-16 16:32:54,845 [Datanode State Machine Daemon Thread] INFO  statemachine.DatanodeStateMachine (DatanodeStateMachine.java:lambda$startDaemon$0(516)) - Ozone container server started.
2023-02-16 16:32:54,845 [Listener at 127.0.0.1/37073] WARN  impl.MetricRegistriesImpl (MetricRegistriesImpl.java:addReporterRegistration(111)) - New reporters are added after registries were created. Some metrics will be missing from the reporter. Please add reporter before adding any new registry.
2023-02-16 16:32:54,846 [Listener at 127.0.0.1/37073] WARN  impl.MetricRegistriesImpl (MetricRegistriesImpl.java:addReporterRegistration(111)) - New reporters are added after registries were created. Some metrics will be missing from the reporter. Please add reporter before adding any new registry.
2023-02-16 16:32:54,847 [Listener at 127.0.0.1/37073] INFO  impl.MetricsSystemImpl (MetricsSystemImpl.java:init(158)) - HddsDatanode metrics system started (again)
2023-02-16 16:32:54,859 [Listener at 127.0.0.1/37073] INFO  ozone.HddsDatanodeService (HddsDatanodeService.java:start(228)) - HddsDatanodeService host:fv-az167-289.21ktoceh2wee5fewwtpg1zd01g.bx.internal.cloudapp.net ip:10.1.0.66
2023-02-16 16:32:54,879 [org.apache.hadoop.util.JvmPauseMonitor$Monitor@35061f20] INFO  util.JvmPauseMonitor (JvmPauseMonitor.java:run(188)) - Starting JVM pause monitor
2023-02-16 16:32:54,883 [Datanode State Machine Task Thread - 0] INFO  datanode.InitDatanodeState (InitDatanodeState.java:persistContainerDatanodeDetails(138)) - DatanodeDetails is persisted to /home/runner/work/ozone/ozone/hadoop-ozone/integration-test/target/test-dir/MiniOzoneClusterImpl-3fa4a1d0-7183-4a36-b4d2-f70efcb14827/datanode-1/meta/datanode.id
2023-02-16 16:32:54,896 [Listener at 127.0.0.1/37073] INFO  upgrade.AbstractLayoutVersionManager (AbstractLayoutVersionManager.java:init(83)) - Initializing Layout version manager with metadata layout = DATANODE_SCHEMA_V3 (version = 4), software layout = DATANODE_SCHEMA_V3 (version = 4)
2023-02-16 16:32:54,943 [Listener at 127.0.0.1/37073] INFO  reflections.Reflections (Reflections.java:scan(232)) - Reflections took 46 ms to scan 7 urls, producing 150 keys and 362 values 
2023-02-16 16:32:54,945 [Listener at 127.0.0.1/37073] INFO  statemachine.DatanodeStateMachine (DatanodeStateMachine.java:getEndPointTaskThreadPoolSize(260)) - Datanode State Machine Task Thread Pool size 2
2023-02-16 16:32:54,947 [Listener at 127.0.0.1/37073] INFO  volume.HddsVolume (HddsVolume.java:<init>(122)) - Creating HddsVolume: /home/runner/work/ozone/ozone/hadoop-ozone/integration-test/target/test-dir/MiniOzoneClusterImpl-3fa4a1d0-7183-4a36-b4d2-f70efcb14827/datanode-2/data-0/containers/hdds of storage type : DISK capacity : 9223372036854775807
2023-02-16 16:32:54,947 [Listener at 127.0.0.1/37073] INFO  volume.MutableVolumeSet (MutableVolumeSet.java:initializeVolumeSet(174)) - Added Volume : /home/runner/work/ozone/ozone/hadoop-ozone/integration-test/target/test-dir/MiniOzoneClusterImpl-3fa4a1d0-7183-4a36-b4d2-f70efcb14827/datanode-2/data-0/containers/hdds to VolumeSet
2023-02-16 16:32:54,947 [Listener at 127.0.0.1/37073] INFO  volume.ThrottledAsyncChecker (ThrottledAsyncChecker.java:schedule(141)) - Scheduling a check for /home/runner/work/ozone/ozone/hadoop-ozone/integration-test/target/test-dir/MiniOzoneClusterImpl-3fa4a1d0-7183-4a36-b4d2-f70efcb14827/datanode-2/data-0/containers/hdds
2023-02-16 16:32:54,951 [Listener at 127.0.0.1/37073] INFO  volume.StorageVolumeChecker (StorageVolumeChecker.java:checkAllVolumes(202)) - Scheduled health check for volume /home/runner/work/ozone/ozone/hadoop-ozone/integration-test/target/test-dir/MiniOzoneClusterImpl-3fa4a1d0-7183-4a36-b4d2-f70efcb14827/datanode-2/data-0/containers/hdds
2023-02-16 16:32:54,963 [Listener at 127.0.0.1/37073] INFO  volume.MutableVolumeSet (MutableVolumeSet.java:initializeVolumeSet(174)) - Added Volume : /home/runner/work/ozone/ozone/hadoop-ozone/integration-test/target/test-dir/MiniOzoneClusterImpl-3fa4a1d0-7183-4a36-b4d2-f70efcb14827/datanode-2/data/ratis to VolumeSet
2023-02-16 16:32:54,963 [Listener at 127.0.0.1/37073] INFO  volume.ThrottledAsyncChecker (ThrottledAsyncChecker.java:schedule(141)) - Scheduling a check for /home/runner/work/ozone/ozone/hadoop-ozone/integration-test/target/test-dir/MiniOzoneClusterImpl-3fa4a1d0-7183-4a36-b4d2-f70efcb14827/datanode-2/data/ratis
2023-02-16 16:32:54,965 [Listener at 127.0.0.1/37073] INFO  volume.StorageVolumeChecker (StorageVolumeChecker.java:checkAllVolumes(202)) - Scheduled health check for volume /home/runner/work/ozone/ozone/hadoop-ozone/integration-test/target/test-dir/MiniOzoneClusterImpl-3fa4a1d0-7183-4a36-b4d2-f70efcb14827/datanode-2/data/ratis
2023-02-16 16:32:54,978 [Thread-166] INFO  ozoneimpl.ContainerReader (ContainerReader.java:readVolume(175)) - Finish verifying containers on volume /home/runner/work/ozone/ozone/hadoop-ozone/integration-test/target/test-dir/MiniOzoneClusterImpl-3fa4a1d0-7183-4a36-b4d2-f70efcb14827/datanode-2/data-0/containers/hdds
2023-02-16 16:32:54,978 [Listener at 127.0.0.1/37073] INFO  ozoneimpl.OzoneContainer (OzoneContainer.java:buildContainerSet(304)) - Build ContainerSet costs 0s
2023-02-16 16:32:54,981 [Listener at 127.0.0.1/37073] INFO  server.RaftServer (ConfUtils.java:logGet(46)) - raft.rpc.type = GRPC (default)
2023-02-16 16:32:54,981 [Listener at 127.0.0.1/37073] INFO  grpc.GrpcConfigKeys (ConfUtils.java:logFallback(53)) - raft.grpc.admin.host = null (fallback to raft.grpc.server.host)
2023-02-16 16:32:54,981 [Listener at 127.0.0.1/37073] INFO  grpc.GrpcConfigKeys (ConfUtils.java:logGet(46)) - raft.grpc.admin.port = 0 (custom)
2023-02-16 16:32:54,982 [Listener at 127.0.0.1/37073] INFO  grpc.GrpcConfigKeys (ConfUtils.java:logFallback(53)) - raft.grpc.client.host = null (fallback to raft.grpc.server.host)
2023-02-16 16:32:54,982 [Listener at 127.0.0.1/37073] INFO  grpc.GrpcConfigKeys (ConfUtils.java:logGet(46)) - raft.grpc.client.port = 0 (custom)
2023-02-16 16:32:54,982 [Listener at 127.0.0.1/37073] INFO  grpc.GrpcConfigKeys (ConfUtils.java:logGet(46)) - raft.grpc.server.host = null (default)
2023-02-16 16:32:54,982 [Listener at 127.0.0.1/37073] INFO  grpc.GrpcConfigKeys (ConfUtils.java:logGet(46)) - raft.grpc.server.port = 0 (default)
2023-02-16 16:32:54,982 [Listener at 127.0.0.1/37073] INFO  server.GrpcService (ConfUtils.java:logGet(46)) - raft.grpc.message.size.max = 32MB (=33554432) (custom)
2023-02-16 16:32:54,982 [Listener at 127.0.0.1/37073] INFO  server.RaftServerConfigKeys (ConfUtils.java:logGet(46)) - raft.server.log.appender.buffer.byte-limit = 33554432 (custom)
2023-02-16 16:32:54,982 [Listener at 127.0.0.1/37073] INFO  server.GrpcService (ConfUtils.java:logGet(46)) - raft.grpc.flow.control.window = 5MB (=5242880) (custom)
2023-02-16 16:32:54,982 [Listener at 127.0.0.1/37073] INFO  server.RaftServerConfigKeys (ConfUtils.java:logGet(46)) - raft.server.rpc.request.timeout = 60s (custom)
2023-02-16 16:32:54,982 [Listener at 127.0.0.1/37073] INFO  grpc.GrpcConfigKeys (ConfUtils.java:logGet(46)) - raft.grpc.server.heartbeat.channel = true (default)
2023-02-16 16:32:54,983 [Listener at 127.0.0.1/37073] INFO  grpc.GrpcConfigKeys (ConfUtils.java:logGet(46)) - raft.grpc.server.async.request.thread.pool.cached = true (default)
2023-02-16 16:32:54,983 [Listener at 127.0.0.1/37073] INFO  grpc.GrpcConfigKeys (ConfUtils.java:logGet(46)) - raft.grpc.server.async.request.thread.pool.size = 32 (default)
2023-02-16 16:32:54,984 [Listener at 127.0.0.1/37073] INFO  impl.DataStreamServerImpl (ConfUtils.java:logGet(46)) - raft.datastream.type = NETTY (custom)
2023-02-16 16:32:54,984 [Listener at 127.0.0.1/37073] INFO  server.RaftServerConfigKeys (ConfUtils.java:logGet(46)) - raft.server.data-stream.async.request.thread.pool.cached = false (default)
2023-02-16 16:32:54,984 [Listener at 127.0.0.1/37073] INFO  server.RaftServerConfigKeys (ConfUtils.java:logGet(46)) - raft.server.data-stream.async.request.thread.pool.size = 20 (custom)
2023-02-16 16:32:54,984 [Listener at 127.0.0.1/37073] INFO  server.RaftServerConfigKeys (ConfUtils.java:logGet(46)) - raft.server.data-stream.async.write.thread.pool.size = 16 (default)
2023-02-16 16:32:54,984 [Listener at 127.0.0.1/37073] INFO  server.RaftServerConfigKeys (ConfUtils.java:logGet(46)) - raft.server.data-stream.client.pool.size = 10 (default)
2023-02-16 16:32:54,985 [Listener at 127.0.0.1/37073] INFO  netty.NettyConfigKeys$DataStream (ConfUtils.java:logGet(46)) - raft.netty.dataStream.server.use-epoll = false (default)
2023-02-16 16:32:54,985 [Listener at 127.0.0.1/37073] INFO  netty.NettyConfigKeys$DataStream (ConfUtils.java:logGet(46)) - raft.netty.dataStream.server.boss-group.size = 0 (default)
2023-02-16 16:32:54,985 [Listener at 127.0.0.1/37073] INFO  netty.NettyConfigKeys$DataStream (ConfUtils.java:logGet(46)) - raft.netty.dataStream.server.worker-group.size = 0 (default)
2023-02-16 16:32:54,985 [Listener at 127.0.0.1/37073] INFO  netty.NettyConfigKeys$DataStream (ConfUtils.java:logGet(46)) - raft.netty.dataStream.server.tls.conf = null (default)
2023-02-16 16:32:54,986 [Listener at 127.0.0.1/37073] INFO  netty.NettyConfigKeys$DataStream (ConfUtils.java:logGet(46)) - raft.netty.dataStream.host = null (default)
2023-02-16 16:32:54,986 [Listener at 127.0.0.1/37073] INFO  netty.NettyConfigKeys$DataStream (ConfUtils.java:logGet(46)) - raft.netty.dataStream.port = 0 (default)
2023-02-16 16:32:54,986 [Listener at 127.0.0.1/37073] INFO  server.RaftServerConfigKeys (ConfUtils.java:logGet(46)) - raft.server.threadpool.proxy.cached = true (default)
2023-02-16 16:32:54,986 [Listener at 127.0.0.1/37073] INFO  server.RaftServerConfigKeys (ConfUtils.java:logGet(46)) - raft.server.threadpool.proxy.size = 0 (default)
2023-02-16 16:32:54,986 [Listener at 127.0.0.1/37073] INFO  server.RaftServerConfigKeys (ConfUtils.java:logGet(46)) - raft.server.rpc.slowness.timeout = 300s (custom)
2023-02-16 16:32:54,986 [Listener at 127.0.0.1/37073] INFO  server.RaftServerConfigKeys (ConfUtils.java:logGet(46)) - raft.server.leaderelection.leader.step-down.wait-time = 10s (default)
2023-02-16 16:32:54,987 [Listener at 127.0.0.1/37073] INFO  server.RaftServerConfigKeys (ConfUtils.java:logGet(46)) - raft.server.storage.dir = [/home/runner/work/ozone/ozone/hadoop-ozone/integration-test/target/test-dir/MiniOzoneClusterImpl-3fa4a1d0-7183-4a36-b4d2-f70efcb14827/datanode-2/data/ratis] (custom)
2023-02-16 16:32:54,992 [78eb6234-2b78-46c2-a9a1-e074054ee483-NettyServerStreamRpc-bossGroup--thread1] INFO  logging.LoggingHandler (AbstractInternalLogger.java:log(148)) - [id: 0x46bd567a] REGISTERED
2023-02-16 16:32:54,992 [78eb6234-2b78-46c2-a9a1-e074054ee483-NettyServerStreamRpc-bossGroup--thread1] INFO  logging.LoggingHandler (AbstractInternalLogger.java:log(148)) - [id: 0x46bd567a] BIND: 0.0.0.0/0.0.0.0:0
2023-02-16 16:32:54,992 [78eb6234-2b78-46c2-a9a1-e074054ee483-NettyServerStreamRpc-bossGroup--thread1] INFO  logging.LoggingHandler (AbstractInternalLogger.java:log(148)) - [id: 0x46bd567a, L:/0:0:0:0:0:0:0:0:34393] ACTIVE
2023-02-16 16:32:54,994 [Listener at 127.0.0.1/37073] INFO  server.XceiverServerGrpc (XceiverServerGrpc.java:<init>(132)) - GrpcServer channel type EpollServerSocketChannel
2023-02-16 16:32:55,000 [Listener at 127.0.0.1/37073] INFO  http.BaseHttpServer (BaseHttpServer.java:newHttpServer2BuilderForOzone(213)) - Starting Web-server for hddsDatanode at: http://0.0.0.0:0
2023-02-16 16:32:55,000 [Listener at 127.0.0.1/37073] INFO  http.BaseHttpServer (BaseHttpServer.java:<init>(108)) - Hadoop Security Enabled: false Ozone Security Enabled: false Ozone HTTP Security Enabled: false 
2023-02-16 16:32:55,002 [Listener at 127.0.0.1/37073] WARN  server.AuthenticationFilter (AuthenticationFilter.java:constructSecretProvider(240)) - Unable to initialize FileSignerSecretProvider, falling back to use random secrets. Reason: Could not read signature secret file: /home/runner/hadoop-http-auth-signature-secret
2023-02-16 16:32:55,003 [Listener at 127.0.0.1/37073] WARN  http.HttpRequestLog (HttpRequestLog.java:getRequestLog(103)) - Jetty request log can only be enabled using Log4j
2023-02-16 16:32:55,004 [Listener at 127.0.0.1/37073] INFO  http.HttpServer2 (HttpServer2.java:addGlobalFilter(1031)) - Added global filter 'safety' (class=org.apache.hadoop.hdds.server.http.HttpServer2$QuotingInputFilter)
2023-02-16 16:32:55,005 [Listener at 127.0.0.1/37073] INFO  http.HttpServer2 (HttpServer2.java:addFilter(1007)) - Added filter static_user_filter (class=org.apache.hadoop.http.lib.StaticUserWebFilter$StaticUserFilter) to context hddsDatanode
2023-02-16 16:32:55,005 [Listener at 127.0.0.1/37073] INFO  http.HttpServer2 (HttpServer2.java:addFilter(1015)) - Added filter static_user_filter (class=org.apache.hadoop.http.lib.StaticUserWebFilter$StaticUserFilter) to context logs
2023-02-16 16:32:55,005 [Listener at 127.0.0.1/37073] INFO  http.HttpServer2 (HttpServer2.java:addFilter(1015)) - Added filter static_user_filter (class=org.apache.hadoop.http.lib.StaticUserWebFilter$StaticUserFilter) to context static
2023-02-16 16:32:55,006 [Listener at 127.0.0.1/37073] INFO  http.HttpServer2 (HttpServer2.java:bindListener(1250)) - Jetty bound to port 32869
2023-02-16 16:32:55,006 [Listener at 127.0.0.1/37073] INFO  server.Server (Server.java:doStart(375)) - jetty-9.4.49.v20220914; built: 2022-09-14T01:07:36.601Z; git: 4231a3b2e4cb8548a412a789936d640a97b1aa0a; jvm 1.8.0_362-b09
2023-02-16 16:32:55,012 [Listener at 127.0.0.1/37073] INFO  server.session (DefaultSessionIdManager.java:doStart(334)) - DefaultSessionIdManager workerName=node0
2023-02-16 16:32:55,012 [Listener at 127.0.0.1/37073] INFO  server.session (DefaultSessionIdManager.java:doStart(339)) - No SessionScavenger set, using defaults
2023-02-16 16:32:55,012 [Listener at 127.0.0.1/37073] INFO  server.session (HouseKeeper.java:startScavenging(132)) - node0 Scavenging every 660000ms
2023-02-16 16:32:55,013 [Listener at 127.0.0.1/37073] INFO  handler.ContextHandler (ContextHandler.java:doStart(921)) - Started o.e.j.s.ServletContextHandler@13b8344b{logs,/logs,file:///home/runner/work/ozone/ozone/hadoop-ozone/integration-test/target/log,AVAILABLE}
2023-02-16 16:32:55,013 [Listener at 127.0.0.1/37073] INFO  handler.ContextHandler (ContextHandler.java:doStart(921)) - Started o.e.j.s.ServletContextHandler@5e8f17a5{static,/static,jar:file:/home/runner/.m2/repository/org/apache/ozone/hdds-container-service/1.4.0-SNAPSHOT/hdds-container-service-1.4.0-SNAPSHOT.jar!/webapps/static,AVAILABLE}
2023-02-16 16:32:55,224 [Listener at 127.0.0.1/37073] INFO  handler.ContextHandler (ContextHandler.java:doStart(921)) - Started o.e.j.w.WebAppContext@a00b4a6{hddsDatanode,/,file:///tmp/jetty-0_0_0_0-32869-hdds-container-service-1_4_0-SNAPSHOT_jar-_-any-6302035025632261666/webapp/,AVAILABLE}{jar:file:/home/runner/.m2/repository/org/apache/ozone/hdds-container-service/1.4.0-SNAPSHOT/hdds-container-service-1.4.0-SNAPSHOT.jar!/webapps/hddsDatanode}
2023-02-16 16:32:55,227 [Listener at 127.0.0.1/37073] INFO  server.AbstractConnector (AbstractConnector.java:doStart(333)) - Started ServerConnector@6013eeb0{HTTP/1.1, (http/1.1)}{0.0.0.0:32869}
2023-02-16 16:32:55,227 [Listener at 127.0.0.1/37073] INFO  server.Server (Server.java:doStart(415)) - Started @8829ms
2023-02-16 16:32:55,228 [Listener at 127.0.0.1/37073] WARN  impl.MetricsSystemImpl (MetricsSystemImpl.java:register(279)) - Sink prometheus already exists!
2023-02-16 16:32:55,228 [Listener at 127.0.0.1/37073] INFO  http.BaseHttpServer (BaseHttpServer.java:updateConnectorAddress(333)) - HTTP server of hddsDatanode listening at http://0.0.0.0:32869
2023-02-16 16:32:55,229 [Listener at 127.0.0.1/37073] WARN  impl.MetricRegistriesImpl (MetricRegistriesImpl.java:addReporterRegistration(111)) - New reporters are added after registries were created. Some metrics will be missing from the reporter. Please add reporter before adding any new registry.
2023-02-16 16:32:55,229 [Listener at 127.0.0.1/37073] WARN  impl.MetricRegistriesImpl (MetricRegistriesImpl.java:addReporterRegistration(111)) - New reporters are added after registries were created. Some metrics will be missing from the reporter. Please add reporter before adding any new registry.
2023-02-16 16:32:55,229 [Listener at 127.0.0.1/37073] INFO  impl.MetricsSystemImpl (MetricsSystemImpl.java:init(158)) - HddsDatanode metrics system started (again)
2023-02-16 16:32:55,235 [Datanode State Machine Daemon Thread] INFO  statemachine.DatanodeStateMachine (DatanodeStateMachine.java:lambda$startDaemon$0(516)) - Ozone container server started.
2023-02-16 16:32:55,241 [org.apache.hadoop.util.JvmPauseMonitor$Monitor@a26a821] INFO  util.JvmPauseMonitor (JvmPauseMonitor.java:run(188)) - Starting JVM pause monitor
2023-02-16 16:32:55,243 [Datanode State Machine Task Thread - 0] INFO  datanode.InitDatanodeState (InitDatanodeState.java:persistContainerDatanodeDetails(138)) - DatanodeDetails is persisted to /home/runner/work/ozone/ozone/hadoop-ozone/integration-test/target/test-dir/MiniOzoneClusterImpl-3fa4a1d0-7183-4a36-b4d2-f70efcb14827/datanode-2/meta/datanode.id
2023-02-16 16:32:55,251 [Listener at 127.0.0.1/37073] INFO  ozone.HddsDatanodeService (HddsDatanodeService.java:start(228)) - HddsDatanodeService host:fv-az167-289.21ktoceh2wee5fewwtpg1zd01g.bx.internal.cloudapp.net ip:10.1.0.66
2023-02-16 16:32:55,270 [Listener at 127.0.0.1/37073] INFO  upgrade.AbstractLayoutVersionManager (AbstractLayoutVersionManager.java:init(83)) - Initializing Layout version manager with metadata layout = DATANODE_SCHEMA_V3 (version = 4), software layout = DATANODE_SCHEMA_V3 (version = 4)
2023-02-16 16:32:55,327 [Listener at 127.0.0.1/37073] INFO  reflections.Reflections (Reflections.java:scan(232)) - Reflections took 54 ms to scan 7 urls, producing 150 keys and 362 values 
2023-02-16 16:32:55,330 [Listener at 127.0.0.1/37073] INFO  statemachine.DatanodeStateMachine (DatanodeStateMachine.java:getEndPointTaskThreadPoolSize(260)) - Datanode State Machine Task Thread Pool size 2
2023-02-16 16:32:55,336 [Listener at 127.0.0.1/37073] INFO  volume.HddsVolume (HddsVolume.java:<init>(122)) - Creating HddsVolume: /home/runner/work/ozone/ozone/hadoop-ozone/integration-test/target/test-dir/MiniOzoneClusterImpl-3fa4a1d0-7183-4a36-b4d2-f70efcb14827/datanode-3/data-0/containers/hdds of storage type : DISK capacity : 9223372036854775807
2023-02-16 16:32:55,338 [Listener at 127.0.0.1/37073] INFO  volume.MutableVolumeSet (MutableVolumeSet.java:initializeVolumeSet(174)) - Added Volume : /home/runner/work/ozone/ozone/hadoop-ozone/integration-test/target/test-dir/MiniOzoneClusterImpl-3fa4a1d0-7183-4a36-b4d2-f70efcb14827/datanode-3/data-0/containers/hdds to VolumeSet
2023-02-16 16:32:55,338 [Listener at 127.0.0.1/37073] INFO  volume.ThrottledAsyncChecker (ThrottledAsyncChecker.java:schedule(141)) - Scheduling a check for /home/runner/work/ozone/ozone/hadoop-ozone/integration-test/target/test-dir/MiniOzoneClusterImpl-3fa4a1d0-7183-4a36-b4d2-f70efcb14827/datanode-3/data-0/containers/hdds
2023-02-16 16:32:55,342 [Listener at 127.0.0.1/37073] INFO  volume.StorageVolumeChecker (StorageVolumeChecker.java:checkAllVolumes(202)) - Scheduled health check for volume /home/runner/work/ozone/ozone/hadoop-ozone/integration-test/target/test-dir/MiniOzoneClusterImpl-3fa4a1d0-7183-4a36-b4d2-f70efcb14827/datanode-3/data-0/containers/hdds
2023-02-16 16:32:55,355 [Listener at 127.0.0.1/37073] INFO  volume.MutableVolumeSet (MutableVolumeSet.java:initializeVolumeSet(174)) - Added Volume : /home/runner/work/ozone/ozone/hadoop-ozone/integration-test/target/test-dir/MiniOzoneClusterImpl-3fa4a1d0-7183-4a36-b4d2-f70efcb14827/datanode-3/data/ratis to VolumeSet
2023-02-16 16:32:55,355 [Listener at 127.0.0.1/37073] INFO  volume.ThrottledAsyncChecker (ThrottledAsyncChecker.java:schedule(141)) - Scheduling a check for /home/runner/work/ozone/ozone/hadoop-ozone/integration-test/target/test-dir/MiniOzoneClusterImpl-3fa4a1d0-7183-4a36-b4d2-f70efcb14827/datanode-3/data/ratis
2023-02-16 16:32:55,355 [Listener at 127.0.0.1/37073] INFO  volume.StorageVolumeChecker (StorageVolumeChecker.java:checkAllVolumes(202)) - Scheduled health check for volume /home/runner/work/ozone/ozone/hadoop-ozone/integration-test/target/test-dir/MiniOzoneClusterImpl-3fa4a1d0-7183-4a36-b4d2-f70efcb14827/datanode-3/data/ratis
2023-02-16 16:32:55,367 [Thread-180] INFO  ozoneimpl.ContainerReader (ContainerReader.java:readVolume(175)) - Finish verifying containers on volume /home/runner/work/ozone/ozone/hadoop-ozone/integration-test/target/test-dir/MiniOzoneClusterImpl-3fa4a1d0-7183-4a36-b4d2-f70efcb14827/datanode-3/data-0/containers/hdds
2023-02-16 16:32:55,368 [Listener at 127.0.0.1/37073] INFO  ozoneimpl.OzoneContainer (OzoneContainer.java:buildContainerSet(304)) - Build ContainerSet costs 0s
2023-02-16 16:32:55,374 [Listener at 127.0.0.1/37073] INFO  server.RaftServer (ConfUtils.java:logGet(46)) - raft.rpc.type = GRPC (default)
2023-02-16 16:32:55,374 [Listener at 127.0.0.1/37073] INFO  grpc.GrpcConfigKeys (ConfUtils.java:logFallback(53)) - raft.grpc.admin.host = null (fallback to raft.grpc.server.host)
2023-02-16 16:32:55,375 [Listener at 127.0.0.1/37073] INFO  grpc.GrpcConfigKeys (ConfUtils.java:logGet(46)) - raft.grpc.admin.port = 0 (custom)
2023-02-16 16:32:55,375 [Listener at 127.0.0.1/37073] INFO  grpc.GrpcConfigKeys (ConfUtils.java:logFallback(53)) - raft.grpc.client.host = null (fallback to raft.grpc.server.host)
2023-02-16 16:32:55,375 [Listener at 127.0.0.1/37073] INFO  grpc.GrpcConfigKeys (ConfUtils.java:logGet(46)) - raft.grpc.client.port = 0 (custom)
2023-02-16 16:32:55,375 [Listener at 127.0.0.1/37073] INFO  grpc.GrpcConfigKeys (ConfUtils.java:logGet(46)) - raft.grpc.server.host = null (default)
2023-02-16 16:32:55,375 [Listener at 127.0.0.1/37073] INFO  grpc.GrpcConfigKeys (ConfUtils.java:logGet(46)) - raft.grpc.server.port = 0 (default)
2023-02-16 16:32:55,375 [Listener at 127.0.0.1/37073] INFO  server.GrpcService (ConfUtils.java:logGet(46)) - raft.grpc.message.size.max = 32MB (=33554432) (custom)
2023-02-16 16:32:55,375 [Listener at 127.0.0.1/37073] INFO  server.RaftServerConfigKeys (ConfUtils.java:logGet(46)) - raft.server.log.appender.buffer.byte-limit = 33554432 (custom)
2023-02-16 16:32:55,375 [Listener at 127.0.0.1/37073] INFO  server.GrpcService (ConfUtils.java:logGet(46)) - raft.grpc.flow.control.window = 5MB (=5242880) (custom)
2023-02-16 16:32:55,375 [Listener at 127.0.0.1/37073] INFO  server.RaftServerConfigKeys (ConfUtils.java:logGet(46)) - raft.server.rpc.request.timeout = 60s (custom)
2023-02-16 16:32:55,376 [Listener at 127.0.0.1/37073] INFO  grpc.GrpcConfigKeys (ConfUtils.java:logGet(46)) - raft.grpc.server.heartbeat.channel = true (default)
2023-02-16 16:32:55,376 [Listener at 127.0.0.1/37073] INFO  grpc.GrpcConfigKeys (ConfUtils.java:logGet(46)) - raft.grpc.server.async.request.thread.pool.cached = true (default)
2023-02-16 16:32:55,376 [Listener at 127.0.0.1/37073] INFO  grpc.GrpcConfigKeys (ConfUtils.java:logGet(46)) - raft.grpc.server.async.request.thread.pool.size = 32 (default)
2023-02-16 16:32:55,377 [Listener at 127.0.0.1/37073] INFO  impl.DataStreamServerImpl (ConfUtils.java:logGet(46)) - raft.datastream.type = NETTY (custom)
2023-02-16 16:32:55,380 [Listener at 127.0.0.1/37073] INFO  server.RaftServerConfigKeys (ConfUtils.java:logGet(46)) - raft.server.data-stream.async.request.thread.pool.cached = false (default)
2023-02-16 16:32:55,380 [Listener at 127.0.0.1/37073] INFO  server.RaftServerConfigKeys (ConfUtils.java:logGet(46)) - raft.server.data-stream.async.request.thread.pool.size = 20 (custom)
2023-02-16 16:32:55,380 [Listener at 127.0.0.1/37073] INFO  server.RaftServerConfigKeys (ConfUtils.java:logGet(46)) - raft.server.data-stream.async.write.thread.pool.size = 16 (default)
2023-02-16 16:32:55,380 [Listener at 127.0.0.1/37073] INFO  server.RaftServerConfigKeys (ConfUtils.java:logGet(46)) - raft.server.data-stream.client.pool.size = 10 (default)
2023-02-16 16:32:55,380 [Listener at 127.0.0.1/37073] INFO  netty.NettyConfigKeys$DataStream (ConfUtils.java:logGet(46)) - raft.netty.dataStream.server.use-epoll = false (default)
2023-02-16 16:32:55,380 [Listener at 127.0.0.1/37073] INFO  netty.NettyConfigKeys$DataStream (ConfUtils.java:logGet(46)) - raft.netty.dataStream.server.boss-group.size = 0 (default)
2023-02-16 16:32:55,381 [Listener at 127.0.0.1/37073] INFO  netty.NettyConfigKeys$DataStream (ConfUtils.java:logGet(46)) - raft.netty.dataStream.server.worker-group.size = 0 (default)
2023-02-16 16:32:55,382 [Listener at 127.0.0.1/37073] INFO  netty.NettyConfigKeys$DataStream (ConfUtils.java:logGet(46)) - raft.netty.dataStream.server.tls.conf = null (default)
2023-02-16 16:32:55,384 [Listener at 127.0.0.1/37073] INFO  netty.NettyConfigKeys$DataStream (ConfUtils.java:logGet(46)) - raft.netty.dataStream.host = null (default)
2023-02-16 16:32:55,384 [Listener at 127.0.0.1/37073] INFO  netty.NettyConfigKeys$DataStream (ConfUtils.java:logGet(46)) - raft.netty.dataStream.port = 0 (default)
2023-02-16 16:32:55,387 [Listener at 127.0.0.1/37073] INFO  server.RaftServerConfigKeys (ConfUtils.java:logGet(46)) - raft.server.threadpool.proxy.cached = true (default)
2023-02-16 16:32:55,387 [Listener at 127.0.0.1/37073] INFO  server.RaftServerConfigKeys (ConfUtils.java:logGet(46)) - raft.server.threadpool.proxy.size = 0 (default)
2023-02-16 16:32:55,387 [Listener at 127.0.0.1/37073] INFO  server.RaftServerConfigKeys (ConfUtils.java:logGet(46)) - raft.server.rpc.slowness.timeout = 300s (custom)
2023-02-16 16:32:55,387 [Listener at 127.0.0.1/37073] INFO  server.RaftServerConfigKeys (ConfUtils.java:logGet(46)) - raft.server.leaderelection.leader.step-down.wait-time = 10s (default)
2023-02-16 16:32:55,387 [Listener at 127.0.0.1/37073] INFO  server.RaftServerConfigKeys (ConfUtils.java:logGet(46)) - raft.server.storage.dir = [/home/runner/work/ozone/ozone/hadoop-ozone/integration-test/target/test-dir/MiniOzoneClusterImpl-3fa4a1d0-7183-4a36-b4d2-f70efcb14827/datanode-3/data/ratis] (custom)
2023-02-16 16:32:55,398 [44c53caa-cbc6-4a21-8e53-cb7b17b04bf3-NettyServerStreamRpc-bossGroup--thread1] INFO  logging.LoggingHandler (AbstractInternalLogger.java:log(148)) - [id: 0x7d5bb95e] REGISTERED
2023-02-16 16:32:55,398 [44c53caa-cbc6-4a21-8e53-cb7b17b04bf3-NettyServerStreamRpc-bossGroup--thread1] INFO  logging.LoggingHandler (AbstractInternalLogger.java:log(148)) - [id: 0x7d5bb95e] BIND: 0.0.0.0/0.0.0.0:0
2023-02-16 16:32:55,398 [44c53caa-cbc6-4a21-8e53-cb7b17b04bf3-NettyServerStreamRpc-bossGroup--thread1] INFO  logging.LoggingHandler (AbstractInternalLogger.java:log(148)) - [id: 0x7d5bb95e, L:/0:0:0:0:0:0:0:0:36813] ACTIVE
2023-02-16 16:32:55,399 [Listener at 127.0.0.1/37073] INFO  server.XceiverServerGrpc (XceiverServerGrpc.java:<init>(132)) - GrpcServer channel type EpollServerSocketChannel
2023-02-16 16:32:55,403 [Listener at 127.0.0.1/37073] INFO  http.BaseHttpServer (BaseHttpServer.java:newHttpServer2BuilderForOzone(213)) - Starting Web-server for hddsDatanode at: http://0.0.0.0:0
2023-02-16 16:32:55,403 [Listener at 127.0.0.1/37073] INFO  http.BaseHttpServer (BaseHttpServer.java:<init>(108)) - Hadoop Security Enabled: false Ozone Security Enabled: false Ozone HTTP Security Enabled: false 
2023-02-16 16:32:55,404 [Listener at 127.0.0.1/37073] WARN  server.AuthenticationFilter (AuthenticationFilter.java:constructSecretProvider(240)) - Unable to initialize FileSignerSecretProvider, falling back to use random secrets. Reason: Could not read signature secret file: /home/runner/hadoop-http-auth-signature-secret
2023-02-16 16:32:55,405 [Listener at 127.0.0.1/37073] WARN  http.HttpRequestLog (HttpRequestLog.java:getRequestLog(103)) - Jetty request log can only be enabled using Log4j
2023-02-16 16:32:55,406 [Listener at 127.0.0.1/37073] INFO  http.HttpServer2 (HttpServer2.java:addGlobalFilter(1031)) - Added global filter 'safety' (class=org.apache.hadoop.hdds.server.http.HttpServer2$QuotingInputFilter)
2023-02-16 16:32:55,407 [Listener at 127.0.0.1/37073] INFO  http.HttpServer2 (HttpServer2.java:addFilter(1007)) - Added filter static_user_filter (class=org.apache.hadoop.http.lib.StaticUserWebFilter$StaticUserFilter) to context hddsDatanode
2023-02-16 16:32:55,407 [Listener at 127.0.0.1/37073] INFO  http.HttpServer2 (HttpServer2.java:addFilter(1015)) - Added filter static_user_filter (class=org.apache.hadoop.http.lib.StaticUserWebFilter$StaticUserFilter) to context static
2023-02-16 16:32:55,407 [Listener at 127.0.0.1/37073] INFO  http.HttpServer2 (HttpServer2.java:addFilter(1015)) - Added filter static_user_filter (class=org.apache.hadoop.http.lib.StaticUserWebFilter$StaticUserFilter) to context logs
2023-02-16 16:32:55,408 [Listener at 127.0.0.1/37073] INFO  http.HttpServer2 (HttpServer2.java:bindListener(1250)) - Jetty bound to port 46719
2023-02-16 16:32:55,408 [Listener at 127.0.0.1/37073] INFO  server.Server (Server.java:doStart(375)) - jetty-9.4.49.v20220914; built: 2022-09-14T01:07:36.601Z; git: 4231a3b2e4cb8548a412a789936d640a97b1aa0a; jvm 1.8.0_362-b09
2023-02-16 16:32:55,414 [Listener at 127.0.0.1/37073] INFO  server.session (DefaultSessionIdManager.java:doStart(334)) - DefaultSessionIdManager workerName=node0
2023-02-16 16:32:55,414 [Listener at 127.0.0.1/37073] INFO  server.session (DefaultSessionIdManager.java:doStart(339)) - No SessionScavenger set, using defaults
2023-02-16 16:32:55,414 [Listener at 127.0.0.1/37073] INFO  server.session (HouseKeeper.java:startScavenging(132)) - node0 Scavenging every 660000ms
2023-02-16 16:32:55,415 [Listener at 127.0.0.1/37073] INFO  handler.ContextHandler (ContextHandler.java:doStart(921)) - Started o.e.j.s.ServletContextHandler@1c79d400{logs,/logs,file:///home/runner/work/ozone/ozone/hadoop-ozone/integration-test/target/log,AVAILABLE}
2023-02-16 16:32:55,415 [Listener at 127.0.0.1/37073] INFO  handler.ContextHandler (ContextHandler.java:doStart(921)) - Started o.e.j.s.ServletContextHandler@682c2bab{static,/static,jar:file:/home/runner/.m2/repository/org/apache/ozone/hdds-container-service/1.4.0-SNAPSHOT/hdds-container-service-1.4.0-SNAPSHOT.jar!/webapps/static,AVAILABLE}
2023-02-16 16:32:55,620 [Listener at 127.0.0.1/37073] INFO  handler.ContextHandler (ContextHandler.java:doStart(921)) - Started o.e.j.w.WebAppContext@7c8d4a94{hddsDatanode,/,file:///tmp/jetty-0_0_0_0-46719-hdds-container-service-1_4_0-SNAPSHOT_jar-_-any-5963035779284790349/webapp/,AVAILABLE}{jar:file:/home/runner/.m2/repository/org/apache/ozone/hdds-container-service/1.4.0-SNAPSHOT/hdds-container-service-1.4.0-SNAPSHOT.jar!/webapps/hddsDatanode}
2023-02-16 16:32:55,621 [Listener at 127.0.0.1/37073] INFO  server.AbstractConnector (AbstractConnector.java:doStart(333)) - Started ServerConnector@7ec287d{HTTP/1.1, (http/1.1)}{0.0.0.0:46719}
2023-02-16 16:32:55,621 [Listener at 127.0.0.1/37073] INFO  server.Server (Server.java:doStart(415)) - Started @9223ms
2023-02-16 16:32:55,621 [Listener at 127.0.0.1/37073] WARN  impl.MetricsSystemImpl (MetricsSystemImpl.java:register(279)) - Sink prometheus already exists!
2023-02-16 16:32:55,622 [Listener at 127.0.0.1/37073] INFO  http.BaseHttpServer (BaseHttpServer.java:updateConnectorAddress(333)) - HTTP server of hddsDatanode listening at http://0.0.0.0:46719
2023-02-16 16:32:55,622 [Listener at 127.0.0.1/37073] WARN  impl.MetricRegistriesImpl (MetricRegistriesImpl.java:addReporterRegistration(111)) - New reporters are added after registries were created. Some metrics will be missing from the reporter. Please add reporter before adding any new registry.
2023-02-16 16:32:55,622 [Listener at 127.0.0.1/37073] WARN  impl.MetricRegistriesImpl (MetricRegistriesImpl.java:addReporterRegistration(111)) - New reporters are added after registries were created. Some metrics will be missing from the reporter. Please add reporter before adding any new registry.
2023-02-16 16:32:55,623 [Listener at 127.0.0.1/37073] INFO  impl.MetricsSystemImpl (MetricsSystemImpl.java:init(158)) - HddsDatanode metrics system started (again)
2023-02-16 16:32:55,627 [Datanode State Machine Daemon Thread] INFO  statemachine.DatanodeStateMachine (DatanodeStateMachine.java:lambda$startDaemon$0(516)) - Ozone container server started.
2023-02-16 16:32:55,637 [org.apache.hadoop.util.JvmPauseMonitor$Monitor@4d1e9a0f] INFO  util.JvmPauseMonitor (JvmPauseMonitor.java:run(188)) - Starting JVM pause monitor
2023-02-16 16:32:55,640 [Datanode State Machine Task Thread - 0] INFO  datanode.InitDatanodeState (InitDatanodeState.java:persistContainerDatanodeDetails(138)) - DatanodeDetails is persisted to /home/runner/work/ozone/ozone/hadoop-ozone/integration-test/target/test-dir/MiniOzoneClusterImpl-3fa4a1d0-7183-4a36-b4d2-f70efcb14827/datanode-3/meta/datanode.id
2023-02-16 16:32:55,641 [Listener at 127.0.0.1/37073] INFO  ozone.HddsDatanodeService (HddsDatanodeService.java:start(228)) - HddsDatanodeService host:fv-az167-289.21ktoceh2wee5fewwtpg1zd01g.bx.internal.cloudapp.net ip:10.1.0.66
2023-02-16 16:32:55,657 [Listener at 127.0.0.1/37073] INFO  upgrade.AbstractLayoutVersionManager (AbstractLayoutVersionManager.java:init(83)) - Initializing Layout version manager with metadata layout = DATANODE_SCHEMA_V3 (version = 4), software layout = DATANODE_SCHEMA_V3 (version = 4)
2023-02-16 16:32:55,704 [Listener at 127.0.0.1/37073] INFO  reflections.Reflections (Reflections.java:scan(232)) - Reflections took 46 ms to scan 7 urls, producing 150 keys and 362 values 
2023-02-16 16:32:55,706 [Listener at 127.0.0.1/37073] INFO  statemachine.DatanodeStateMachine (DatanodeStateMachine.java:getEndPointTaskThreadPoolSize(260)) - Datanode State Machine Task Thread Pool size 2
2023-02-16 16:32:55,708 [Listener at 127.0.0.1/37073] INFO  volume.HddsVolume (HddsVolume.java:<init>(122)) - Creating HddsVolume: /home/runner/work/ozone/ozone/hadoop-ozone/integration-test/target/test-dir/MiniOzoneClusterImpl-3fa4a1d0-7183-4a36-b4d2-f70efcb14827/datanode-4/data-0/containers/hdds of storage type : DISK capacity : 9223372036854775807
2023-02-16 16:32:55,708 [Listener at 127.0.0.1/37073] INFO  volume.MutableVolumeSet (MutableVolumeSet.java:initializeVolumeSet(174)) - Added Volume : /home/runner/work/ozone/ozone/hadoop-ozone/integration-test/target/test-dir/MiniOzoneClusterImpl-3fa4a1d0-7183-4a36-b4d2-f70efcb14827/datanode-4/data-0/containers/hdds to VolumeSet
2023-02-16 16:32:55,708 [Listener at 127.0.0.1/37073] INFO  volume.ThrottledAsyncChecker (ThrottledAsyncChecker.java:schedule(141)) - Scheduling a check for /home/runner/work/ozone/ozone/hadoop-ozone/integration-test/target/test-dir/MiniOzoneClusterImpl-3fa4a1d0-7183-4a36-b4d2-f70efcb14827/datanode-4/data-0/containers/hdds
2023-02-16 16:32:55,710 [Listener at 127.0.0.1/37073] INFO  volume.StorageVolumeChecker (StorageVolumeChecker.java:checkAllVolumes(202)) - Scheduled health check for volume /home/runner/work/ozone/ozone/hadoop-ozone/integration-test/target/test-dir/MiniOzoneClusterImpl-3fa4a1d0-7183-4a36-b4d2-f70efcb14827/datanode-4/data-0/containers/hdds
2023-02-16 16:32:55,721 [Listener at 127.0.0.1/37073] INFO  volume.MutableVolumeSet (MutableVolumeSet.java:initializeVolumeSet(174)) - Added Volume : /home/runner/work/ozone/ozone/hadoop-ozone/integration-test/target/test-dir/MiniOzoneClusterImpl-3fa4a1d0-7183-4a36-b4d2-f70efcb14827/datanode-4/data/ratis to VolumeSet
2023-02-16 16:32:55,721 [Listener at 127.0.0.1/37073] INFO  volume.ThrottledAsyncChecker (ThrottledAsyncChecker.java:schedule(141)) - Scheduling a check for /home/runner/work/ozone/ozone/hadoop-ozone/integration-test/target/test-dir/MiniOzoneClusterImpl-3fa4a1d0-7183-4a36-b4d2-f70efcb14827/datanode-4/data/ratis
2023-02-16 16:32:55,721 [Listener at 127.0.0.1/37073] INFO  volume.StorageVolumeChecker (StorageVolumeChecker.java:checkAllVolumes(202)) - Scheduled health check for volume /home/runner/work/ozone/ozone/hadoop-ozone/integration-test/target/test-dir/MiniOzoneClusterImpl-3fa4a1d0-7183-4a36-b4d2-f70efcb14827/datanode-4/data/ratis
2023-02-16 16:32:55,732 [Thread-194] INFO  ozoneimpl.ContainerReader (ContainerReader.java:readVolume(175)) - Finish verifying containers on volume /home/runner/work/ozone/ozone/hadoop-ozone/integration-test/target/test-dir/MiniOzoneClusterImpl-3fa4a1d0-7183-4a36-b4d2-f70efcb14827/datanode-4/data-0/containers/hdds
2023-02-16 16:32:55,732 [Listener at 127.0.0.1/37073] INFO  ozoneimpl.OzoneContainer (OzoneContainer.java:buildContainerSet(304)) - Build ContainerSet costs 0s
2023-02-16 16:32:55,735 [Listener at 127.0.0.1/37073] INFO  server.RaftServer (ConfUtils.java:logGet(46)) - raft.rpc.type = GRPC (default)
2023-02-16 16:32:55,736 [Listener at 127.0.0.1/37073] INFO  grpc.GrpcConfigKeys (ConfUtils.java:logFallback(53)) - raft.grpc.admin.host = null (fallback to raft.grpc.server.host)
2023-02-16 16:32:55,736 [Listener at 127.0.0.1/37073] INFO  grpc.GrpcConfigKeys (ConfUtils.java:logGet(46)) - raft.grpc.admin.port = 0 (custom)
2023-02-16 16:32:55,736 [Listener at 127.0.0.1/37073] INFO  grpc.GrpcConfigKeys (ConfUtils.java:logFallback(53)) - raft.grpc.client.host = null (fallback to raft.grpc.server.host)
2023-02-16 16:32:55,736 [Listener at 127.0.0.1/37073] INFO  grpc.GrpcConfigKeys (ConfUtils.java:logGet(46)) - raft.grpc.client.port = 0 (custom)
2023-02-16 16:32:55,736 [Listener at 127.0.0.1/37073] INFO  grpc.GrpcConfigKeys (ConfUtils.java:logGet(46)) - raft.grpc.server.host = null (default)
2023-02-16 16:32:55,736 [Listener at 127.0.0.1/37073] INFO  grpc.GrpcConfigKeys (ConfUtils.java:logGet(46)) - raft.grpc.server.port = 0 (default)
2023-02-16 16:32:55,736 [Listener at 127.0.0.1/37073] INFO  server.GrpcService (ConfUtils.java:logGet(46)) - raft.grpc.message.size.max = 32MB (=33554432) (custom)
2023-02-16 16:32:55,736 [Listener at 127.0.0.1/37073] INFO  server.RaftServerConfigKeys (ConfUtils.java:logGet(46)) - raft.server.log.appender.buffer.byte-limit = 33554432 (custom)
2023-02-16 16:32:55,736 [Listener at 127.0.0.1/37073] INFO  server.GrpcService (ConfUtils.java:logGet(46)) - raft.grpc.flow.control.window = 5MB (=5242880) (custom)
2023-02-16 16:32:55,736 [Listener at 127.0.0.1/37073] INFO  server.RaftServerConfigKeys (ConfUtils.java:logGet(46)) - raft.server.rpc.request.timeout = 60s (custom)
2023-02-16 16:32:55,736 [Listener at 127.0.0.1/37073] INFO  grpc.GrpcConfigKeys (ConfUtils.java:logGet(46)) - raft.grpc.server.heartbeat.channel = true (default)
2023-02-16 16:32:55,737 [Listener at 127.0.0.1/37073] INFO  grpc.GrpcConfigKeys (ConfUtils.java:logGet(46)) - raft.grpc.server.async.request.thread.pool.cached = true (default)
2023-02-16 16:32:55,737 [Listener at 127.0.0.1/37073] INFO  grpc.GrpcConfigKeys (ConfUtils.java:logGet(46)) - raft.grpc.server.async.request.thread.pool.size = 32 (default)
2023-02-16 16:32:55,738 [Listener at 127.0.0.1/37073] INFO  impl.DataStreamServerImpl (ConfUtils.java:logGet(46)) - raft.datastream.type = NETTY (custom)
2023-02-16 16:32:55,738 [Listener at 127.0.0.1/37073] INFO  server.RaftServerConfigKeys (ConfUtils.java:logGet(46)) - raft.server.data-stream.async.request.thread.pool.cached = false (default)
2023-02-16 16:32:55,738 [Listener at 127.0.0.1/37073] INFO  server.RaftServerConfigKeys (ConfUtils.java:logGet(46)) - raft.server.data-stream.async.request.thread.pool.size = 20 (custom)
2023-02-16 16:32:55,738 [Listener at 127.0.0.1/37073] INFO  server.RaftServerConfigKeys (ConfUtils.java:logGet(46)) - raft.server.data-stream.async.write.thread.pool.size = 16 (default)
2023-02-16 16:32:55,738 [Listener at 127.0.0.1/37073] INFO  server.RaftServerConfigKeys (ConfUtils.java:logGet(46)) - raft.server.data-stream.client.pool.size = 10 (default)
2023-02-16 16:32:55,738 [Listener at 127.0.0.1/37073] INFO  netty.NettyConfigKeys$DataStream (ConfUtils.java:logGet(46)) - raft.netty.dataStream.server.use-epoll = false (default)
2023-02-16 16:32:55,738 [Listener at 127.0.0.1/37073] INFO  netty.NettyConfigKeys$DataStream (ConfUtils.java:logGet(46)) - raft.netty.dataStream.server.boss-group.size = 0 (default)
2023-02-16 16:32:55,739 [Listener at 127.0.0.1/37073] INFO  netty.NettyConfigKeys$DataStream (ConfUtils.java:logGet(46)) - raft.netty.dataStream.server.worker-group.size = 0 (default)
2023-02-16 16:32:55,739 [Listener at 127.0.0.1/37073] INFO  netty.NettyConfigKeys$DataStream (ConfUtils.java:logGet(46)) - raft.netty.dataStream.server.tls.conf = null (default)
2023-02-16 16:32:55,739 [Listener at 127.0.0.1/37073] INFO  netty.NettyConfigKeys$DataStream (ConfUtils.java:logGet(46)) - raft.netty.dataStream.host = null (default)
2023-02-16 16:32:55,739 [Listener at 127.0.0.1/37073] INFO  netty.NettyConfigKeys$DataStream (ConfUtils.java:logGet(46)) - raft.netty.dataStream.port = 0 (default)
2023-02-16 16:32:55,740 [Listener at 127.0.0.1/37073] INFO  server.RaftServerConfigKeys (ConfUtils.java:logGet(46)) - raft.server.threadpool.proxy.cached = true (default)
2023-02-16 16:32:55,740 [Listener at 127.0.0.1/37073] INFO  server.RaftServerConfigKeys (ConfUtils.java:logGet(46)) - raft.server.threadpool.proxy.size = 0 (default)
2023-02-16 16:32:55,740 [Listener at 127.0.0.1/37073] INFO  server.RaftServerConfigKeys (ConfUtils.java:logGet(46)) - raft.server.rpc.slowness.timeout = 300s (custom)
2023-02-16 16:32:55,740 [Listener at 127.0.0.1/37073] INFO  server.RaftServerConfigKeys (ConfUtils.java:logGet(46)) - raft.server.leaderelection.leader.step-down.wait-time = 10s (default)
2023-02-16 16:32:55,740 [Listener at 127.0.0.1/37073] INFO  server.RaftServerConfigKeys (ConfUtils.java:logGet(46)) - raft.server.storage.dir = [/home/runner/work/ozone/ozone/hadoop-ozone/integration-test/target/test-dir/MiniOzoneClusterImpl-3fa4a1d0-7183-4a36-b4d2-f70efcb14827/datanode-4/data/ratis] (custom)
2023-02-16 16:32:55,745 [875a4540-f234-4f63-9940-381f2b020420-NettyServerStreamRpc-bossGroup--thread1] INFO  logging.LoggingHandler (AbstractInternalLogger.java:log(148)) - [id: 0xe63c1d7a] REGISTERED
2023-02-16 16:32:55,746 [Listener at 127.0.0.1/37073] INFO  server.XceiverServerGrpc (XceiverServerGrpc.java:<init>(132)) - GrpcServer channel type EpollServerSocketChannel
2023-02-16 16:32:55,749 [875a4540-f234-4f63-9940-381f2b020420-NettyServerStreamRpc-bossGroup--thread1] INFO  logging.LoggingHandler (AbstractInternalLogger.java:log(148)) - [id: 0xe63c1d7a] BIND: 0.0.0.0/0.0.0.0:0
2023-02-16 16:32:55,749 [875a4540-f234-4f63-9940-381f2b020420-NettyServerStreamRpc-bossGroup--thread1] INFO  logging.LoggingHandler (AbstractInternalLogger.java:log(148)) - [id: 0xe63c1d7a, L:/0:0:0:0:0:0:0:0:43067] ACTIVE
2023-02-16 16:32:55,751 [Listener at 127.0.0.1/37073] INFO  http.BaseHttpServer (BaseHttpServer.java:newHttpServer2BuilderForOzone(213)) - Starting Web-server for hddsDatanode at: http://0.0.0.0:0
2023-02-16 16:32:55,751 [Listener at 127.0.0.1/37073] INFO  http.BaseHttpServer (BaseHttpServer.java:<init>(108)) - Hadoop Security Enabled: false Ozone Security Enabled: false Ozone HTTP Security Enabled: false 
2023-02-16 16:32:55,753 [Listener at 127.0.0.1/37073] WARN  server.AuthenticationFilter (AuthenticationFilter.java:constructSecretProvider(240)) - Unable to initialize FileSignerSecretProvider, falling back to use random secrets. Reason: Could not read signature secret file: /home/runner/hadoop-http-auth-signature-secret
2023-02-16 16:32:55,753 [Listener at 127.0.0.1/37073] WARN  http.HttpRequestLog (HttpRequestLog.java:getRequestLog(103)) - Jetty request log can only be enabled using Log4j
2023-02-16 16:32:55,755 [Listener at 127.0.0.1/37073] INFO  http.HttpServer2 (HttpServer2.java:addGlobalFilter(1031)) - Added global filter 'safety' (class=org.apache.hadoop.hdds.server.http.HttpServer2$QuotingInputFilter)
2023-02-16 16:32:55,755 [Listener at 127.0.0.1/37073] INFO  http.HttpServer2 (HttpServer2.java:addFilter(1007)) - Added filter static_user_filter (class=org.apache.hadoop.http.lib.StaticUserWebFilter$StaticUserFilter) to context hddsDatanode
2023-02-16 16:32:55,755 [Listener at 127.0.0.1/37073] INFO  http.HttpServer2 (HttpServer2.java:addFilter(1015)) - Added filter static_user_filter (class=org.apache.hadoop.http.lib.StaticUserWebFilter$StaticUserFilter) to context static
2023-02-16 16:32:55,756 [Listener at 127.0.0.1/37073] INFO  http.HttpServer2 (HttpServer2.java:addFilter(1015)) - Added filter static_user_filter (class=org.apache.hadoop.http.lib.StaticUserWebFilter$StaticUserFilter) to context logs
2023-02-16 16:32:55,756 [Listener at 127.0.0.1/37073] INFO  http.HttpServer2 (HttpServer2.java:bindListener(1250)) - Jetty bound to port 37645
2023-02-16 16:32:55,756 [Listener at 127.0.0.1/37073] INFO  server.Server (Server.java:doStart(375)) - jetty-9.4.49.v20220914; built: 2022-09-14T01:07:36.601Z; git: 4231a3b2e4cb8548a412a789936d640a97b1aa0a; jvm 1.8.0_362-b09
2023-02-16 16:32:55,758 [Listener at 127.0.0.1/37073] INFO  server.session (DefaultSessionIdManager.java:doStart(334)) - DefaultSessionIdManager workerName=node0
2023-02-16 16:32:55,758 [Listener at 127.0.0.1/37073] INFO  server.session (DefaultSessionIdManager.java:doStart(339)) - No SessionScavenger set, using defaults
2023-02-16 16:32:55,758 [Listener at 127.0.0.1/37073] INFO  server.session (HouseKeeper.java:startScavenging(132)) - node0 Scavenging every 660000ms
2023-02-16 16:32:55,759 [Listener at 127.0.0.1/37073] INFO  handler.ContextHandler (ContextHandler.java:doStart(921)) - Started o.e.j.s.ServletContextHandler@2eb986b2{logs,/logs,file:///home/runner/work/ozone/ozone/hadoop-ozone/integration-test/target/log,AVAILABLE}
2023-02-16 16:32:55,759 [Listener at 127.0.0.1/37073] INFO  handler.ContextHandler (ContextHandler.java:doStart(921)) - Started o.e.j.s.ServletContextHandler@4adbf21c{static,/static,jar:file:/home/runner/.m2/repository/org/apache/ozone/hdds-container-service/1.4.0-SNAPSHOT/hdds-container-service-1.4.0-SNAPSHOT.jar!/webapps/static,AVAILABLE}
2023-02-16 16:32:55,957 [Listener at 127.0.0.1/37073] INFO  handler.ContextHandler (ContextHandler.java:doStart(921)) - Started o.e.j.w.WebAppContext@79ed2670{hddsDatanode,/,file:///tmp/jetty-0_0_0_0-37645-hdds-container-service-1_4_0-SNAPSHOT_jar-_-any-3774219189850718814/webapp/,AVAILABLE}{jar:file:/home/runner/.m2/repository/org/apache/ozone/hdds-container-service/1.4.0-SNAPSHOT/hdds-container-service-1.4.0-SNAPSHOT.jar!/webapps/hddsDatanode}
2023-02-16 16:32:55,959 [Listener at 127.0.0.1/37073] INFO  server.AbstractConnector (AbstractConnector.java:doStart(333)) - Started ServerConnector@703730f{HTTP/1.1, (http/1.1)}{0.0.0.0:37645}
2023-02-16 16:32:55,960 [Listener at 127.0.0.1/37073] INFO  server.Server (Server.java:doStart(415)) - Started @9561ms
2023-02-16 16:32:55,960 [Listener at 127.0.0.1/37073] WARN  impl.MetricsSystemImpl (MetricsSystemImpl.java:register(279)) - Sink prometheus already exists!
2023-02-16 16:32:55,960 [Listener at 127.0.0.1/37073] INFO  http.BaseHttpServer (BaseHttpServer.java:updateConnectorAddress(333)) - HTTP server of hddsDatanode listening at http://0.0.0.0:37645
2023-02-16 16:32:55,962 [Listener at 127.0.0.1/37073] INFO  ozone.MiniOzoneClusterImpl (MiniOzoneClusterImpl.java:lambda$waitForClusterToBeReady$0(218)) - Waiting for nodes to be ready. Got 0 of 5 DN Heartbeats.
2023-02-16 16:32:55,962 [Listener at 127.0.0.1/37073] INFO  ozone.MiniOzoneClusterImpl (MiniOzoneClusterImpl.java:lambda$waitForClusterToBeReady$0(221)) - Waiting for cluster to exit safe mode
2023-02-16 16:32:55,962 [Listener at 127.0.0.1/37073] INFO  ozone.MiniOzoneClusterImpl (MiniOzoneClusterImpl.java:lambda$waitForClusterToBeReady$0(223)) - SCM became leader
2023-02-16 16:32:55,962 [Datanode State Machine Daemon Thread] INFO  statemachine.DatanodeStateMachine (DatanodeStateMachine.java:lambda$startDaemon$0(516)) - Ozone container server started.
2023-02-16 16:32:55,967 [org.apache.hadoop.util.JvmPauseMonitor$Monitor@5646eb06] INFO  util.JvmPauseMonitor (JvmPauseMonitor.java:run(188)) - Starting JVM pause monitor
2023-02-16 16:32:55,969 [Datanode State Machine Task Thread - 0] INFO  datanode.InitDatanodeState (InitDatanodeState.java:persistContainerDatanodeDetails(138)) - DatanodeDetails is persisted to /home/runner/work/ozone/ozone/hadoop-ozone/integration-test/target/test-dir/MiniOzoneClusterImpl-3fa4a1d0-7183-4a36-b4d2-f70efcb14827/datanode-4/meta/datanode.id
2023-02-16 16:32:56,347 [EndpointStateMachine task thread for /0.0.0.0:34825 - 0 ] INFO  utils.DatanodeStoreCache (DatanodeStoreCache.java:addDB(58)) - Added db /home/runner/work/ozone/ozone/hadoop-ozone/integration-test/target/test-dir/MiniOzoneClusterImpl-3fa4a1d0-7183-4a36-b4d2-f70efcb14827/datanode-0/data-0/containers/hdds/3fa4a1d0-7183-4a36-b4d2-f70efcb14827/DS-cae606ba-b89b-48ad-8bbf-9ade5144c358/container.db to cache
2023-02-16 16:32:56,348 [EndpointStateMachine task thread for /0.0.0.0:34825 - 0 ] INFO  volume.HddsVolume (HddsVolume.java:createDbStore(331)) - SchemaV3 db is created and loaded at /home/runner/work/ozone/ozone/hadoop-ozone/integration-test/target/test-dir/MiniOzoneClusterImpl-3fa4a1d0-7183-4a36-b4d2-f70efcb14827/datanode-0/data-0/containers/hdds/3fa4a1d0-7183-4a36-b4d2-f70efcb14827/DS-cae606ba-b89b-48ad-8bbf-9ade5144c358/container.db for volume DS-cae606ba-b89b-48ad-8bbf-9ade5144c358
2023-02-16 16:32:56,348 [EndpointStateMachine task thread for /0.0.0.0:34825 - 0 ] INFO  ozoneimpl.OzoneContainer (OzoneContainer.java:start(398)) - Attempting to start container services.
2023-02-16 16:32:56,351 [EndpointStateMachine task thread for /0.0.0.0:34825 - 0 ] INFO  ozoneimpl.OzoneContainer (OzoneContainer.java:startContainerScrub(315)) - Scheduled background container scanners and the on-demand container scanner have been disabled.
2023-02-16 16:32:56,354 [EndpointStateMachine task thread for /0.0.0.0:34825 - 0 ] INFO  replication.ReplicationServer (ReplicationServer.java:start(109)) - ReplicationServer is started using port 45733
2023-02-16 16:32:56,356 [EndpointStateMachine task thread for /0.0.0.0:34825 - 0 ] INFO  ratis.XceiverServerRatis (XceiverServerRatis.java:start(518)) - Starting XceiverServerRatis cb9b88df-491a-41e2-b87b-1e05ddc4218e
2023-02-16 16:32:56,356 [EndpointStateMachine task thread for /0.0.0.0:34825 - 0 ] INFO  server.RaftServer (RaftServerProxy.java:startImpl(393)) - cb9b88df-491a-41e2-b87b-1e05ddc4218e: start RPC server
2023-02-16 16:32:56,360 [EndpointStateMachine task thread for /0.0.0.0:34825 - 0 ] INFO  server.GrpcService (GrpcService.java:startImpl(262)) - cb9b88df-491a-41e2-b87b-1e05ddc4218e: GrpcService started, listening on 37327
2023-02-16 16:32:56,361 [EndpointStateMachine task thread for /0.0.0.0:34825 - 0 ] INFO  ratis.XceiverServerRatis (XceiverServerRatis.java:getRealPort(544)) - XceiverServerRatis cb9b88df-491a-41e2-b87b-1e05ddc4218e is started using port 37327 for RATIS
2023-02-16 16:32:56,361 [JvmPauseMonitor1] INFO  util.JvmPauseMonitor (JvmPauseMonitor.java:run(105)) - JvmPauseMonitor-cb9b88df-491a-41e2-b87b-1e05ddc4218e: Started
2023-02-16 16:32:56,361 [EndpointStateMachine task thread for /0.0.0.0:34825 - 0 ] INFO  ratis.XceiverServerRatis (XceiverServerRatis.java:getRealPort(544)) - XceiverServerRatis cb9b88df-491a-41e2-b87b-1e05ddc4218e is started using port 37327 for RATIS_ADMIN
2023-02-16 16:32:56,361 [EndpointStateMachine task thread for /0.0.0.0:34825 - 0 ] INFO  ratis.XceiverServerRatis (XceiverServerRatis.java:getRealPort(544)) - XceiverServerRatis cb9b88df-491a-41e2-b87b-1e05ddc4218e is started using port 37327 for RATIS_SERVER
2023-02-16 16:32:56,361 [EndpointStateMachine task thread for /0.0.0.0:34825 - 0 ] INFO  ratis.XceiverServerRatis (XceiverServerRatis.java:getRealPort(544)) - XceiverServerRatis cb9b88df-491a-41e2-b87b-1e05ddc4218e is started using port 37421 for RATIS_DATASTREAM
2023-02-16 16:32:56,363 [EndpointStateMachine task thread for /0.0.0.0:34825 - 0 ] INFO  server.XceiverServerGrpc (XceiverServerGrpc.java:start(180)) - XceiverServerGrpc cb9b88df-491a-41e2-b87b-1e05ddc4218e is started using port 34857
2023-02-16 16:32:56,907 [EndpointStateMachine task thread for /0.0.0.0:34825 - 0 ] INFO  utils.DatanodeStoreCache (DatanodeStoreCache.java:addDB(58)) - Added db /home/runner/work/ozone/ozone/hadoop-ozone/integration-test/target/test-dir/MiniOzoneClusterImpl-3fa4a1d0-7183-4a36-b4d2-f70efcb14827/datanode-1/data-0/containers/hdds/3fa4a1d0-7183-4a36-b4d2-f70efcb14827/DS-a4244586-6c3c-44c6-bc4f-d29ee6f209d1/container.db to cache
2023-02-16 16:32:56,907 [EndpointStateMachine task thread for /0.0.0.0:34825 - 0 ] INFO  volume.HddsVolume (HddsVolume.java:createDbStore(331)) - SchemaV3 db is created and loaded at /home/runner/work/ozone/ozone/hadoop-ozone/integration-test/target/test-dir/MiniOzoneClusterImpl-3fa4a1d0-7183-4a36-b4d2-f70efcb14827/datanode-1/data-0/containers/hdds/3fa4a1d0-7183-4a36-b4d2-f70efcb14827/DS-a4244586-6c3c-44c6-bc4f-d29ee6f209d1/container.db for volume DS-a4244586-6c3c-44c6-bc4f-d29ee6f209d1
2023-02-16 16:32:56,907 [EndpointStateMachine task thread for /0.0.0.0:34825 - 0 ] INFO  ozoneimpl.OzoneContainer (OzoneContainer.java:start(398)) - Attempting to start container services.
2023-02-16 16:32:56,907 [EndpointStateMachine task thread for /0.0.0.0:34825 - 0 ] INFO  ozoneimpl.OzoneContainer (OzoneContainer.java:startContainerScrub(315)) - Scheduled background container scanners and the on-demand container scanner have been disabled.
2023-02-16 16:32:56,912 [EndpointStateMachine task thread for /0.0.0.0:34825 - 0 ] INFO  replication.ReplicationServer (ReplicationServer.java:start(109)) - ReplicationServer is started using port 38507
2023-02-16 16:32:56,912 [EndpointStateMachine task thread for /0.0.0.0:34825 - 0 ] INFO  ratis.XceiverServerRatis (XceiverServerRatis.java:start(518)) - Starting XceiverServerRatis 1ef1131b-9485-4bfe-ad5a-910805a11fc3
2023-02-16 16:32:56,915 [EndpointStateMachine task thread for /0.0.0.0:34825 - 0 ] INFO  server.RaftServer (RaftServerProxy.java:startImpl(393)) - 1ef1131b-9485-4bfe-ad5a-910805a11fc3: start RPC server
2023-02-16 16:32:56,916 [EndpointStateMachine task thread for /0.0.0.0:34825 - 0 ] INFO  server.GrpcService (GrpcService.java:startImpl(262)) - 1ef1131b-9485-4bfe-ad5a-910805a11fc3: GrpcService started, listening on 42493
2023-02-16 16:32:56,917 [EndpointStateMachine task thread for /0.0.0.0:34825 - 0 ] INFO  ratis.XceiverServerRatis (XceiverServerRatis.java:getRealPort(544)) - XceiverServerRatis 1ef1131b-9485-4bfe-ad5a-910805a11fc3 is started using port 42493 for RATIS
2023-02-16 16:32:56,917 [JvmPauseMonitor2] INFO  util.JvmPauseMonitor (JvmPauseMonitor.java:run(105)) - JvmPauseMonitor-1ef1131b-9485-4bfe-ad5a-910805a11fc3: Started
2023-02-16 16:32:56,917 [EndpointStateMachine task thread for /0.0.0.0:34825 - 0 ] INFO  ratis.XceiverServerRatis (XceiverServerRatis.java:getRealPort(544)) - XceiverServerRatis 1ef1131b-9485-4bfe-ad5a-910805a11fc3 is started using port 42493 for RATIS_ADMIN
2023-02-16 16:32:56,917 [EndpointStateMachine task thread for /0.0.0.0:34825 - 0 ] INFO  ratis.XceiverServerRatis (XceiverServerRatis.java:getRealPort(544)) - XceiverServerRatis 1ef1131b-9485-4bfe-ad5a-910805a11fc3 is started using port 42493 for RATIS_SERVER
2023-02-16 16:32:56,917 [EndpointStateMachine task thread for /0.0.0.0:34825 - 0 ] INFO  ratis.XceiverServerRatis (XceiverServerRatis.java:getRealPort(544)) - XceiverServerRatis 1ef1131b-9485-4bfe-ad5a-910805a11fc3 is started using port 44653 for RATIS_DATASTREAM
2023-02-16 16:32:56,919 [EndpointStateMachine task thread for /0.0.0.0:34825 - 0 ] INFO  server.XceiverServerGrpc (XceiverServerGrpc.java:start(180)) - XceiverServerGrpc 1ef1131b-9485-4bfe-ad5a-910805a11fc3 is started using port 33215
2023-02-16 16:32:56,962 [Listener at 127.0.0.1/37073] INFO  ozone.MiniOzoneClusterImpl (MiniOzoneClusterImpl.java:lambda$waitForClusterToBeReady$0(218)) - Waiting for nodes to be ready. Got 0 of 5 DN Heartbeats.
2023-02-16 16:32:56,962 [Listener at 127.0.0.1/37073] INFO  ozone.MiniOzoneClusterImpl (MiniOzoneClusterImpl.java:lambda$waitForClusterToBeReady$0(221)) - Waiting for cluster to exit safe mode
2023-02-16 16:32:56,962 [Listener at 127.0.0.1/37073] INFO  ozone.MiniOzoneClusterImpl (MiniOzoneClusterImpl.java:lambda$waitForClusterToBeReady$0(223)) - SCM became leader
2023-02-16 16:32:57,267 [EndpointStateMachine task thread for /0.0.0.0:34825 - 0 ] INFO  utils.DatanodeStoreCache (DatanodeStoreCache.java:addDB(58)) - Added db /home/runner/work/ozone/ozone/hadoop-ozone/integration-test/target/test-dir/MiniOzoneClusterImpl-3fa4a1d0-7183-4a36-b4d2-f70efcb14827/datanode-2/data-0/containers/hdds/3fa4a1d0-7183-4a36-b4d2-f70efcb14827/DS-2acca3fd-049a-4e5d-bc57-06e80a14abe6/container.db to cache
2023-02-16 16:32:57,267 [EndpointStateMachine task thread for /0.0.0.0:34825 - 0 ] INFO  volume.HddsVolume (HddsVolume.java:createDbStore(331)) - SchemaV3 db is created and loaded at /home/runner/work/ozone/ozone/hadoop-ozone/integration-test/target/test-dir/MiniOzoneClusterImpl-3fa4a1d0-7183-4a36-b4d2-f70efcb14827/datanode-2/data-0/containers/hdds/3fa4a1d0-7183-4a36-b4d2-f70efcb14827/DS-2acca3fd-049a-4e5d-bc57-06e80a14abe6/container.db for volume DS-2acca3fd-049a-4e5d-bc57-06e80a14abe6
2023-02-16 16:32:57,267 [EndpointStateMachine task thread for /0.0.0.0:34825 - 0 ] INFO  ozoneimpl.OzoneContainer (OzoneContainer.java:start(398)) - Attempting to start container services.
2023-02-16 16:32:57,267 [EndpointStateMachine task thread for /0.0.0.0:34825 - 0 ] INFO  ozoneimpl.OzoneContainer (OzoneContainer.java:startContainerScrub(315)) - Scheduled background container scanners and the on-demand container scanner have been disabled.
2023-02-16 16:32:57,270 [EndpointStateMachine task thread for /0.0.0.0:34825 - 0 ] INFO  replication.ReplicationServer (ReplicationServer.java:start(109)) - ReplicationServer is started using port 35853
2023-02-16 16:32:57,271 [EndpointStateMachine task thread for /0.0.0.0:34825 - 0 ] INFO  ratis.XceiverServerRatis (XceiverServerRatis.java:start(518)) - Starting XceiverServerRatis 78eb6234-2b78-46c2-a9a1-e074054ee483
2023-02-16 16:32:57,276 [EndpointStateMachine task thread for /0.0.0.0:34825 - 0 ] INFO  server.RaftServer (RaftServerProxy.java:startImpl(393)) - 78eb6234-2b78-46c2-a9a1-e074054ee483: start RPC server
2023-02-16 16:32:57,277 [EndpointStateMachine task thread for /0.0.0.0:34825 - 0 ] INFO  server.GrpcService (GrpcService.java:startImpl(262)) - 78eb6234-2b78-46c2-a9a1-e074054ee483: GrpcService started, listening on 37359
2023-02-16 16:32:57,277 [EndpointStateMachine task thread for /0.0.0.0:34825 - 0 ] INFO  ratis.XceiverServerRatis (XceiverServerRatis.java:getRealPort(544)) - XceiverServerRatis 78eb6234-2b78-46c2-a9a1-e074054ee483 is started using port 37359 for RATIS
2023-02-16 16:32:57,277 [EndpointStateMachine task thread for /0.0.0.0:34825 - 0 ] INFO  ratis.XceiverServerRatis (XceiverServerRatis.java:getRealPort(544)) - XceiverServerRatis 78eb6234-2b78-46c2-a9a1-e074054ee483 is started using port 37359 for RATIS_ADMIN
2023-02-16 16:32:57,277 [EndpointStateMachine task thread for /0.0.0.0:34825 - 0 ] INFO  ratis.XceiverServerRatis (XceiverServerRatis.java:getRealPort(544)) - XceiverServerRatis 78eb6234-2b78-46c2-a9a1-e074054ee483 is started using port 37359 for RATIS_SERVER
2023-02-16 16:32:57,277 [EndpointStateMachine task thread for /0.0.0.0:34825 - 0 ] INFO  ratis.XceiverServerRatis (XceiverServerRatis.java:getRealPort(544)) - XceiverServerRatis 78eb6234-2b78-46c2-a9a1-e074054ee483 is started using port 34393 for RATIS_DATASTREAM
2023-02-16 16:32:57,278 [JvmPauseMonitor3] INFO  util.JvmPauseMonitor (JvmPauseMonitor.java:run(105)) - JvmPauseMonitor-78eb6234-2b78-46c2-a9a1-e074054ee483: Started
2023-02-16 16:32:57,280 [EndpointStateMachine task thread for /0.0.0.0:34825 - 0 ] INFO  server.XceiverServerGrpc (XceiverServerGrpc.java:start(180)) - XceiverServerGrpc 78eb6234-2b78-46c2-a9a1-e074054ee483 is started using port 41687
2023-02-16 16:32:57,670 [EndpointStateMachine task thread for /0.0.0.0:34825 - 0 ] INFO  utils.DatanodeStoreCache (DatanodeStoreCache.java:addDB(58)) - Added db /home/runner/work/ozone/ozone/hadoop-ozone/integration-test/target/test-dir/MiniOzoneClusterImpl-3fa4a1d0-7183-4a36-b4d2-f70efcb14827/datanode-3/data-0/containers/hdds/3fa4a1d0-7183-4a36-b4d2-f70efcb14827/DS-4fc91324-ce7b-413d-9e09-b840674d02d3/container.db to cache
2023-02-16 16:32:57,670 [EndpointStateMachine task thread for /0.0.0.0:34825 - 0 ] INFO  volume.HddsVolume (HddsVolume.java:createDbStore(331)) - SchemaV3 db is created and loaded at /home/runner/work/ozone/ozone/hadoop-ozone/integration-test/target/test-dir/MiniOzoneClusterImpl-3fa4a1d0-7183-4a36-b4d2-f70efcb14827/datanode-3/data-0/containers/hdds/3fa4a1d0-7183-4a36-b4d2-f70efcb14827/DS-4fc91324-ce7b-413d-9e09-b840674d02d3/container.db for volume DS-4fc91324-ce7b-413d-9e09-b840674d02d3
2023-02-16 16:32:57,670 [EndpointStateMachine task thread for /0.0.0.0:34825 - 0 ] INFO  ozoneimpl.OzoneContainer (OzoneContainer.java:start(398)) - Attempting to start container services.
2023-02-16 16:32:57,670 [EndpointStateMachine task thread for /0.0.0.0:34825 - 0 ] INFO  ozoneimpl.OzoneContainer (OzoneContainer.java:startContainerScrub(315)) - Scheduled background container scanners and the on-demand container scanner have been disabled.
2023-02-16 16:32:57,672 [EndpointStateMachine task thread for /0.0.0.0:34825 - 0 ] INFO  replication.ReplicationServer (ReplicationServer.java:start(109)) - ReplicationServer is started using port 39947
2023-02-16 16:32:57,672 [EndpointStateMachine task thread for /0.0.0.0:34825 - 0 ] INFO  ratis.XceiverServerRatis (XceiverServerRatis.java:start(518)) - Starting XceiverServerRatis 44c53caa-cbc6-4a21-8e53-cb7b17b04bf3
2023-02-16 16:32:57,675 [EndpointStateMachine task thread for /0.0.0.0:34825 - 0 ] INFO  server.RaftServer (RaftServerProxy.java:startImpl(393)) - 44c53caa-cbc6-4a21-8e53-cb7b17b04bf3: start RPC server
2023-02-16 16:32:57,676 [EndpointStateMachine task thread for /0.0.0.0:34825 - 0 ] INFO  server.GrpcService (GrpcService.java:startImpl(262)) - 44c53caa-cbc6-4a21-8e53-cb7b17b04bf3: GrpcService started, listening on 36097
2023-02-16 16:32:57,677 [EndpointStateMachine task thread for /0.0.0.0:34825 - 0 ] INFO  ratis.XceiverServerRatis (XceiverServerRatis.java:getRealPort(544)) - XceiverServerRatis 44c53caa-cbc6-4a21-8e53-cb7b17b04bf3 is started using port 36097 for RATIS
2023-02-16 16:32:57,677 [JvmPauseMonitor4] INFO  util.JvmPauseMonitor (JvmPauseMonitor.java:run(105)) - JvmPauseMonitor-44c53caa-cbc6-4a21-8e53-cb7b17b04bf3: Started
2023-02-16 16:32:57,677 [EndpointStateMachine task thread for /0.0.0.0:34825 - 0 ] INFO  ratis.XceiverServerRatis (XceiverServerRatis.java:getRealPort(544)) - XceiverServerRatis 44c53caa-cbc6-4a21-8e53-cb7b17b04bf3 is started using port 36097 for RATIS_ADMIN
2023-02-16 16:32:57,677 [EndpointStateMachine task thread for /0.0.0.0:34825 - 0 ] INFO  ratis.XceiverServerRatis (XceiverServerRatis.java:getRealPort(544)) - XceiverServerRatis 44c53caa-cbc6-4a21-8e53-cb7b17b04bf3 is started using port 36097 for RATIS_SERVER
2023-02-16 16:32:57,677 [EndpointStateMachine task thread for /0.0.0.0:34825 - 0 ] INFO  ratis.XceiverServerRatis (XceiverServerRatis.java:getRealPort(544)) - XceiverServerRatis 44c53caa-cbc6-4a21-8e53-cb7b17b04bf3 is started using port 36813 for RATIS_DATASTREAM
2023-02-16 16:32:57,680 [EndpointStateMachine task thread for /0.0.0.0:34825 - 0 ] INFO  server.XceiverServerGrpc (XceiverServerGrpc.java:start(180)) - XceiverServerGrpc 44c53caa-cbc6-4a21-8e53-cb7b17b04bf3 is started using port 43053
2023-02-16 16:32:57,962 [Listener at 127.0.0.1/37073] INFO  ozone.MiniOzoneClusterImpl (MiniOzoneClusterImpl.java:lambda$waitForClusterToBeReady$0(218)) - Waiting for nodes to be ready. Got 0 of 5 DN Heartbeats.
2023-02-16 16:32:57,963 [Listener at 127.0.0.1/37073] INFO  ozone.MiniOzoneClusterImpl (MiniOzoneClusterImpl.java:lambda$waitForClusterToBeReady$0(221)) - Waiting for cluster to exit safe mode
2023-02-16 16:32:57,963 [Listener at 127.0.0.1/37073] INFO  ozone.MiniOzoneClusterImpl (MiniOzoneClusterImpl.java:lambda$waitForClusterToBeReady$0(223)) - SCM became leader
2023-02-16 16:32:57,997 [EndpointStateMachine task thread for /0.0.0.0:34825 - 0 ] INFO  utils.DatanodeStoreCache (DatanodeStoreCache.java:addDB(58)) - Added db /home/runner/work/ozone/ozone/hadoop-ozone/integration-test/target/test-dir/MiniOzoneClusterImpl-3fa4a1d0-7183-4a36-b4d2-f70efcb14827/datanode-4/data-0/containers/hdds/3fa4a1d0-7183-4a36-b4d2-f70efcb14827/DS-033e7e21-0052-459c-8d45-a24964bd9fff/container.db to cache
2023-02-16 16:32:57,997 [EndpointStateMachine task thread for /0.0.0.0:34825 - 0 ] INFO  volume.HddsVolume (HddsVolume.java:createDbStore(331)) - SchemaV3 db is created and loaded at /home/runner/work/ozone/ozone/hadoop-ozone/integration-test/target/test-dir/MiniOzoneClusterImpl-3fa4a1d0-7183-4a36-b4d2-f70efcb14827/datanode-4/data-0/containers/hdds/3fa4a1d0-7183-4a36-b4d2-f70efcb14827/DS-033e7e21-0052-459c-8d45-a24964bd9fff/container.db for volume DS-033e7e21-0052-459c-8d45-a24964bd9fff
2023-02-16 16:32:57,998 [EndpointStateMachine task thread for /0.0.0.0:34825 - 0 ] INFO  ozoneimpl.OzoneContainer (OzoneContainer.java:start(398)) - Attempting to start container services.
2023-02-16 16:32:57,998 [EndpointStateMachine task thread for /0.0.0.0:34825 - 0 ] INFO  ozoneimpl.OzoneContainer (OzoneContainer.java:startContainerScrub(315)) - Scheduled background container scanners and the on-demand container scanner have been disabled.
2023-02-16 16:32:58,000 [EndpointStateMachine task thread for /0.0.0.0:34825 - 0 ] INFO  replication.ReplicationServer (ReplicationServer.java:start(109)) - ReplicationServer is started using port 39027
2023-02-16 16:32:58,000 [EndpointStateMachine task thread for /0.0.0.0:34825 - 0 ] INFO  ratis.XceiverServerRatis (XceiverServerRatis.java:start(518)) - Starting XceiverServerRatis 875a4540-f234-4f63-9940-381f2b020420
2023-02-16 16:32:58,002 [EndpointStateMachine task thread for /0.0.0.0:34825 - 0 ] INFO  server.RaftServer (RaftServerProxy.java:startImpl(393)) - 875a4540-f234-4f63-9940-381f2b020420: start RPC server
2023-02-16 16:32:58,004 [EndpointStateMachine task thread for /0.0.0.0:34825 - 0 ] INFO  server.GrpcService (GrpcService.java:startImpl(262)) - 875a4540-f234-4f63-9940-381f2b020420: GrpcService started, listening on 45555
2023-02-16 16:32:58,005 [EndpointStateMachine task thread for /0.0.0.0:34825 - 0 ] INFO  ratis.XceiverServerRatis (XceiverServerRatis.java:getRealPort(544)) - XceiverServerRatis 875a4540-f234-4f63-9940-381f2b020420 is started using port 45555 for RATIS
2023-02-16 16:32:58,005 [JvmPauseMonitor5] INFO  util.JvmPauseMonitor (JvmPauseMonitor.java:run(105)) - JvmPauseMonitor-875a4540-f234-4f63-9940-381f2b020420: Started
2023-02-16 16:32:58,005 [EndpointStateMachine task thread for /0.0.0.0:34825 - 0 ] INFO  ratis.XceiverServerRatis (XceiverServerRatis.java:getRealPort(544)) - XceiverServerRatis 875a4540-f234-4f63-9940-381f2b020420 is started using port 45555 for RATIS_ADMIN
2023-02-16 16:32:58,005 [EndpointStateMachine task thread for /0.0.0.0:34825 - 0 ] INFO  ratis.XceiverServerRatis (XceiverServerRatis.java:getRealPort(544)) - XceiverServerRatis 875a4540-f234-4f63-9940-381f2b020420 is started using port 45555 for RATIS_SERVER
2023-02-16 16:32:58,005 [EndpointStateMachine task thread for /0.0.0.0:34825 - 0 ] INFO  ratis.XceiverServerRatis (XceiverServerRatis.java:getRealPort(544)) - XceiverServerRatis 875a4540-f234-4f63-9940-381f2b020420 is started using port 43067 for RATIS_DATASTREAM
2023-02-16 16:32:58,007 [EndpointStateMachine task thread for /0.0.0.0:34825 - 0 ] INFO  server.XceiverServerGrpc (XceiverServerGrpc.java:start(180)) - XceiverServerGrpc 875a4540-f234-4f63-9940-381f2b020420 is started using port 34137
2023-02-16 16:32:58,280 [IPC Server handler 15 on default port 34825] INFO  net.NetworkTopologyImpl (NetworkTopologyImpl.java:add(112)) - Added a new node: /default-rack/cb9b88df-491a-41e2-b87b-1e05ddc4218e
2023-02-16 16:32:58,282 [IPC Server handler 15 on default port 34825] INFO  node.SCMNodeManager (SCMNodeManager.java:register(397)) - Registered Data node : cb9b88df-491a-41e2-b87b-1e05ddc4218e{ip: 10.1.0.66, host: fv-az167-289.21ktoceh2wee5fewwtpg1zd01g.bx.internal.cloudapp.net, ports: [REPLICATION=45733, RATIS=37327, RATIS_ADMIN=37327, RATIS_SERVER=37327, RATIS_DATASTREAM=37421, STANDALONE=34857], networkLocation: /default-rack, certSerialId: null, persistedOpState: null, persistedOpStateExpiryEpochSec: 0}
2023-02-16 16:32:58,287 [EventQueue-NewNodeForNewNodeHandler] INFO  pipeline.BackgroundPipelineCreator (BackgroundPipelineCreator.java:notifyEventTriggered(276)) - trigger a one-shot run on RatisPipelineUtilsThread.
2023-02-16 16:32:58,287 [EventQueue-NodeRegistrationContainerReportForContainerSafeModeRule] INFO  safemode.SCMSafeModeManager (SCMSafeModeManager.java:validateSafeModeExitRules(200)) - ContainerSafeModeRule rule is successfully validated
2023-02-16 16:32:58,293 [RatisPipelineUtilsThread - 0] INFO  pipeline.RatisPipelineProvider (RatisPipelineProvider.java:lambda$create$0(206)) - Sending CreatePipelineCommand for pipeline:PipelineID=1fc40878-2e2b-4093-8dd5-5fa7e0415a2d to datanode:cb9b88df-491a-41e2-b87b-1e05ddc4218e
2023-02-16 16:32:58,294 [EventQueue-NodeRegistrationContainerReportForDataNodeSafeModeRule] INFO  safemode.SCMSafeModeManager (DataNodeSafeModeRule.java:process(71)) - SCM in safe mode. 1 DataNodes registered, 3 required.
2023-02-16 16:32:58,294 [EventQueue-PipelineReportForOneReplicaPipelineSafeModeRule] INFO  safemode.SCMSafeModeManager (SCMSafeModeManager.java:validateSafeModeExitRules(200)) - AtleastOneDatanodeReportedRule rule is successfully validated
2023-02-16 16:32:58,308 [RatisPipelineUtilsThread - 0] INFO  pipeline.PipelineStateManagerImpl (PipelineStateManagerImpl.java:addPipeline(103)) - Created pipeline Pipeline[ Id: 1fc40878-2e2b-4093-8dd5-5fa7e0415a2d, Nodes: cb9b88df-491a-41e2-b87b-1e05ddc4218e(fv-az167-289.21ktoceh2wee5fewwtpg1zd01g.bx.internal.cloudapp.net/10.1.0.66), ReplicationConfig: RATIS/ONE, State:ALLOCATED, leaderId:, CreationTimestamp2023-02-16T16:32:58.292Z[Etc/UTC]].
2023-02-16 16:32:58,881 [IPC Server handler 16 on default port 34825] INFO  net.NetworkTopologyImpl (NetworkTopologyImpl.java:add(112)) - Added a new node: /default-rack/1ef1131b-9485-4bfe-ad5a-910805a11fc3
2023-02-16 16:32:58,881 [IPC Server handler 16 on default port 34825] INFO  node.SCMNodeManager (SCMNodeManager.java:register(397)) - Registered Data node : 1ef1131b-9485-4bfe-ad5a-910805a11fc3{ip: 10.1.0.66, host: fv-az167-289.21ktoceh2wee5fewwtpg1zd01g.bx.internal.cloudapp.net, ports: [REPLICATION=38507, RATIS=42493, RATIS_ADMIN=42493, RATIS_SERVER=42493, RATIS_DATASTREAM=44653, STANDALONE=33215], networkLocation: /default-rack, certSerialId: null, persistedOpState: null, persistedOpStateExpiryEpochSec: 0}
2023-02-16 16:32:58,882 [EventQueue-NodeRegistrationContainerReportForDataNodeSafeModeRule] INFO  safemode.SCMSafeModeManager (DataNodeSafeModeRule.java:process(71)) - SCM in safe mode. 2 DataNodes registered, 3 required.
2023-02-16 16:32:58,882 [EventQueue-NewNodeForNewNodeHandler] INFO  pipeline.BackgroundPipelineCreator (BackgroundPipelineCreator.java:notifyEventTriggered(276)) - trigger a one-shot run on RatisPipelineUtilsThread.
2023-02-16 16:32:58,883 [RatisPipelineUtilsThread - 0] INFO  pipeline.RatisPipelineProvider (RatisPipelineProvider.java:lambda$create$0(206)) - Sending CreatePipelineCommand for pipeline:PipelineID=9dd1d98b-6e76-44fb-afd2-77f5bce9cb83 to datanode:1ef1131b-9485-4bfe-ad5a-910805a11fc3
2023-02-16 16:32:58,883 [RatisPipelineUtilsThread - 0] INFO  pipeline.PipelineStateManagerImpl (PipelineStateManagerImpl.java:addPipeline(103)) - Created pipeline Pipeline[ Id: 9dd1d98b-6e76-44fb-afd2-77f5bce9cb83, Nodes: 1ef1131b-9485-4bfe-ad5a-910805a11fc3(fv-az167-289.21ktoceh2wee5fewwtpg1zd01g.bx.internal.cloudapp.net/10.1.0.66), ReplicationConfig: RATIS/ONE, State:ALLOCATED, leaderId:, CreationTimestamp2023-02-16T16:32:58.883Z[Etc/UTC]].
2023-02-16 16:32:58,963 [Listener at 127.0.0.1/37073] INFO  ozone.MiniOzoneClusterImpl (MiniOzoneClusterImpl.java:lambda$waitForClusterToBeReady$0(218)) - Waiting for nodes to be ready. Got 2 of 5 DN Heartbeats.
2023-02-16 16:32:58,963 [Listener at 127.0.0.1/37073] INFO  ozone.MiniOzoneClusterImpl (MiniOzoneClusterImpl.java:lambda$waitForClusterToBeReady$0(221)) - Waiting for cluster to exit safe mode
2023-02-16 16:32:58,963 [Listener at 127.0.0.1/37073] INFO  ozone.MiniOzoneClusterImpl (MiniOzoneClusterImpl.java:lambda$waitForClusterToBeReady$0(223)) - SCM became leader
2023-02-16 16:32:59,243 [IPC Server handler 15 on default port 34825] INFO  net.NetworkTopologyImpl (NetworkTopologyImpl.java:add(112)) - Added a new node: /default-rack/78eb6234-2b78-46c2-a9a1-e074054ee483
2023-02-16 16:32:59,244 [IPC Server handler 15 on default port 34825] INFO  node.SCMNodeManager (SCMNodeManager.java:register(397)) - Registered Data node : 78eb6234-2b78-46c2-a9a1-e074054ee483{ip: 10.1.0.66, host: fv-az167-289.21ktoceh2wee5fewwtpg1zd01g.bx.internal.cloudapp.net, ports: [REPLICATION=35853, RATIS=37359, RATIS_ADMIN=37359, RATIS_SERVER=37359, RATIS_DATASTREAM=34393, STANDALONE=41687], networkLocation: /default-rack, certSerialId: null, persistedOpState: null, persistedOpStateExpiryEpochSec: 0}
2023-02-16 16:32:59,244 [EventQueue-NewNodeForNewNodeHandler] INFO  pipeline.BackgroundPipelineCreator (BackgroundPipelineCreator.java:notifyEventTriggered(276)) - trigger a one-shot run on RatisPipelineUtilsThread.
2023-02-16 16:32:59,244 [EventQueue-NodeRegistrationContainerReportForDataNodeSafeModeRule] INFO  safemode.SCMSafeModeManager (DataNodeSafeModeRule.java:process(71)) - SCM in safe mode. 3 DataNodes registered, 3 required.
2023-02-16 16:32:59,244 [EventQueue-NodeRegistrationContainerReportForDataNodeSafeModeRule] INFO  safemode.SCMSafeModeManager (SCMSafeModeManager.java:validateSafeModeExitRules(200)) - DataNodeSafeModeRule rule is successfully validated
2023-02-16 16:32:59,244 [EventQueue-NodeRegistrationContainerReportForDataNodeSafeModeRule] INFO  safemode.SCMSafeModeManager (SCMSafeModeManager.java:completePreCheck(229)) - All SCM safe mode pre check rules have passed
2023-02-16 16:32:59,244 [EventQueue-NodeRegistrationContainerReportForDataNodeSafeModeRule] INFO  ha.SCMContext (SCMContext.java:updateSafeModeStatus(228)) - Update SafeModeStatus from SafeModeStatus{safeModeStatus=true, preCheckPassed=false} to SafeModeStatus{safeModeStatus=true, preCheckPassed=true}.
2023-02-16 16:32:59,244 [EventQueue-NodeRegistrationContainerReportForDataNodeSafeModeRule] INFO  pipeline.BackgroundPipelineCreator (BackgroundPipelineCreator.java:notifyEventTriggered(276)) - trigger a one-shot run on RatisPipelineUtilsThread.
2023-02-16 16:32:59,245 [RatisPipelineUtilsThread - 0] INFO  pipeline.RatisPipelineProvider (RatisPipelineProvider.java:lambda$create$0(206)) - Sending CreatePipelineCommand for pipeline:PipelineID=c1f2ccb0-3be5-4618-8a03-fc840b94c539 to datanode:78eb6234-2b78-46c2-a9a1-e074054ee483
2023-02-16 16:32:59,245 [RatisPipelineUtilsThread - 0] INFO  pipeline.PipelineStateManagerImpl (PipelineStateManagerImpl.java:addPipeline(103)) - Created pipeline Pipeline[ Id: c1f2ccb0-3be5-4618-8a03-fc840b94c539, Nodes: 78eb6234-2b78-46c2-a9a1-e074054ee483(fv-az167-289.21ktoceh2wee5fewwtpg1zd01g.bx.internal.cloudapp.net/10.1.0.66), ReplicationConfig: RATIS/ONE, State:ALLOCATED, leaderId:, CreationTimestamp2023-02-16T16:32:59.245Z[Etc/UTC]].
2023-02-16 16:32:59,250 [RatisPipelineUtilsThread - 0] INFO  pipeline.RatisPipelineProvider (RatisPipelineProvider.java:lambda$create$0(206)) - Sending CreatePipelineCommand for pipeline:PipelineID=e41b74cb-c37d-48f1-a125-3ee57be958a0 to datanode:1ef1131b-9485-4bfe-ad5a-910805a11fc3
2023-02-16 16:32:59,250 [RatisPipelineUtilsThread - 0] INFO  pipeline.RatisPipelineProvider (RatisPipelineProvider.java:lambda$create$0(206)) - Sending CreatePipelineCommand for pipeline:PipelineID=e41b74cb-c37d-48f1-a125-3ee57be958a0 to datanode:78eb6234-2b78-46c2-a9a1-e074054ee483
2023-02-16 16:32:59,250 [RatisPipelineUtilsThread - 0] INFO  pipeline.RatisPipelineProvider (RatisPipelineProvider.java:lambda$create$0(206)) - Sending CreatePipelineCommand for pipeline:PipelineID=e41b74cb-c37d-48f1-a125-3ee57be958a0 to datanode:cb9b88df-491a-41e2-b87b-1e05ddc4218e
2023-02-16 16:32:59,252 [RatisPipelineUtilsThread - 0] INFO  pipeline.PipelineStateManagerImpl (PipelineStateManagerImpl.java:addPipeline(103)) - Created pipeline Pipeline[ Id: e41b74cb-c37d-48f1-a125-3ee57be958a0, Nodes: 1ef1131b-9485-4bfe-ad5a-910805a11fc3(fv-az167-289.21ktoceh2wee5fewwtpg1zd01g.bx.internal.cloudapp.net/10.1.0.66)78eb6234-2b78-46c2-a9a1-e074054ee483(fv-az167-289.21ktoceh2wee5fewwtpg1zd01g.bx.internal.cloudapp.net/10.1.0.66)cb9b88df-491a-41e2-b87b-1e05ddc4218e(fv-az167-289.21ktoceh2wee5fewwtpg1zd01g.bx.internal.cloudapp.net/10.1.0.66), ReplicationConfig: RATIS/THREE, State:ALLOCATED, leaderId:, CreationTimestamp2023-02-16T16:32:59.249Z[Etc/UTC]].
2023-02-16 16:32:59,253 [RatisPipelineUtilsThread - 0] INFO  pipeline.RatisPipelineProvider (RatisPipelineProvider.java:lambda$create$0(206)) - Sending CreatePipelineCommand for pipeline:PipelineID=3893d2fd-dfd5-4c90-be2b-8bac40614d06 to datanode:cb9b88df-491a-41e2-b87b-1e05ddc4218e
2023-02-16 16:32:59,253 [RatisPipelineUtilsThread - 0] INFO  pipeline.RatisPipelineProvider (RatisPipelineProvider.java:lambda$create$0(206)) - Sending CreatePipelineCommand for pipeline:PipelineID=3893d2fd-dfd5-4c90-be2b-8bac40614d06 to datanode:1ef1131b-9485-4bfe-ad5a-910805a11fc3
2023-02-16 16:32:59,253 [RatisPipelineUtilsThread - 0] INFO  pipeline.RatisPipelineProvider (RatisPipelineProvider.java:lambda$create$0(206)) - Sending CreatePipelineCommand for pipeline:PipelineID=3893d2fd-dfd5-4c90-be2b-8bac40614d06 to datanode:78eb6234-2b78-46c2-a9a1-e074054ee483
2023-02-16 16:32:59,254 [RatisPipelineUtilsThread - 0] INFO  pipeline.PipelineStateManagerImpl (PipelineStateManagerImpl.java:addPipeline(103)) - Created pipeline Pipeline[ Id: 3893d2fd-dfd5-4c90-be2b-8bac40614d06, Nodes: cb9b88df-491a-41e2-b87b-1e05ddc4218e(fv-az167-289.21ktoceh2wee5fewwtpg1zd01g.bx.internal.cloudapp.net/10.1.0.66)1ef1131b-9485-4bfe-ad5a-910805a11fc3(fv-az167-289.21ktoceh2wee5fewwtpg1zd01g.bx.internal.cloudapp.net/10.1.0.66)78eb6234-2b78-46c2-a9a1-e074054ee483(fv-az167-289.21ktoceh2wee5fewwtpg1zd01g.bx.internal.cloudapp.net/10.1.0.66), ReplicationConfig: RATIS/THREE, State:ALLOCATED, leaderId:, CreationTimestamp2023-02-16T16:32:59.253Z[Etc/UTC]].
2023-02-16 16:32:59,254 [RatisPipelineUtilsThread - 0] INFO  pipeline.PipelineManagerImpl (PipelineManagerImpl.java:recordMetricsForPipeline(826)) - Pipeline: PipelineID=3893d2fd-dfd5-4c90-be2b-8bac40614d06 contains same datanodes as previous pipelines: PipelineID=e41b74cb-c37d-48f1-a125-3ee57be958a0 nodeIds: cb9b88df-491a-41e2-b87b-1e05ddc4218e, 1ef1131b-9485-4bfe-ad5a-910805a11fc3, 78eb6234-2b78-46c2-a9a1-e074054ee483
2023-02-16 16:32:59,254 [RatisPipelineUtilsThread - 0] WARN  pipeline.PipelinePlacementPolicy (PipelinePlacementPolicy.java:filterViableNodes(158)) - Pipeline creation failed due to no sufficient healthy datanodes. Required 3. Found 0.
2023-02-16 16:32:59,638 [IPC Server handler 17 on default port 34825] INFO  net.NetworkTopologyImpl (NetworkTopologyImpl.java:add(112)) - Added a new node: /default-rack/44c53caa-cbc6-4a21-8e53-cb7b17b04bf3
2023-02-16 16:32:59,639 [IPC Server handler 17 on default port 34825] INFO  node.SCMNodeManager (SCMNodeManager.java:register(397)) - Registered Data node : 44c53caa-cbc6-4a21-8e53-cb7b17b04bf3{ip: 10.1.0.66, host: fv-az167-289.21ktoceh2wee5fewwtpg1zd01g.bx.internal.cloudapp.net, ports: [REPLICATION=39947, RATIS=36097, RATIS_ADMIN=36097, RATIS_SERVER=36097, RATIS_DATASTREAM=36813, STANDALONE=43053], networkLocation: /default-rack, certSerialId: null, persistedOpState: null, persistedOpStateExpiryEpochSec: 0}
2023-02-16 16:32:59,639 [EventQueue-NewNodeForNewNodeHandler] INFO  pipeline.BackgroundPipelineCreator (BackgroundPipelineCreator.java:notifyEventTriggered(276)) - trigger a one-shot run on RatisPipelineUtilsThread.
2023-02-16 16:32:59,641 [RatisPipelineUtilsThread - 0] INFO  pipeline.RatisPipelineProvider (RatisPipelineProvider.java:lambda$create$0(206)) - Sending CreatePipelineCommand for pipeline:PipelineID=521825df-1c4f-4a85-a2d7-143ea0eb86f7 to datanode:44c53caa-cbc6-4a21-8e53-cb7b17b04bf3
2023-02-16 16:32:59,641 [RatisPipelineUtilsThread - 0] INFO  pipeline.PipelineStateManagerImpl (PipelineStateManagerImpl.java:addPipeline(103)) - Created pipeline Pipeline[ Id: 521825df-1c4f-4a85-a2d7-143ea0eb86f7, Nodes: 44c53caa-cbc6-4a21-8e53-cb7b17b04bf3(fv-az167-289.21ktoceh2wee5fewwtpg1zd01g.bx.internal.cloudapp.net/10.1.0.66), ReplicationConfig: RATIS/ONE, State:ALLOCATED, leaderId:, CreationTimestamp2023-02-16T16:32:59.641Z[Etc/UTC]].
2023-02-16 16:32:59,642 [RatisPipelineUtilsThread - 0] WARN  pipeline.PipelinePlacementPolicy (PipelinePlacementPolicy.java:filterViableNodes(158)) - Pipeline creation failed due to no sufficient healthy datanodes. Required 3. Found 1.
2023-02-16 16:32:59,963 [Listener at 127.0.0.1/37073] INFO  ozone.MiniOzoneClusterImpl (MiniOzoneClusterImpl.java:lambda$waitForClusterToBeReady$0(218)) - Waiting for nodes to be ready. Got 4 of 5 DN Heartbeats.
2023-02-16 16:32:59,964 [Listener at 127.0.0.1/37073] INFO  ozone.MiniOzoneClusterImpl (MiniOzoneClusterImpl.java:lambda$waitForClusterToBeReady$0(221)) - Waiting for cluster to exit safe mode
2023-02-16 16:32:59,964 [Listener at 127.0.0.1/37073] INFO  ozone.MiniOzoneClusterImpl (MiniOzoneClusterImpl.java:lambda$waitForClusterToBeReady$0(223)) - SCM became leader
2023-02-16 16:32:59,969 [IPC Server handler 15 on default port 34825] INFO  net.NetworkTopologyImpl (NetworkTopologyImpl.java:add(112)) - Added a new node: /default-rack/875a4540-f234-4f63-9940-381f2b020420
2023-02-16 16:32:59,969 [IPC Server handler 15 on default port 34825] INFO  node.SCMNodeManager (SCMNodeManager.java:register(397)) - Registered Data node : 875a4540-f234-4f63-9940-381f2b020420{ip: 10.1.0.66, host: fv-az167-289.21ktoceh2wee5fewwtpg1zd01g.bx.internal.cloudapp.net, ports: [REPLICATION=39027, RATIS=45555, RATIS_ADMIN=45555, RATIS_SERVER=45555, RATIS_DATASTREAM=43067, STANDALONE=34137], networkLocation: /default-rack, certSerialId: null, persistedOpState: null, persistedOpStateExpiryEpochSec: 0}
2023-02-16 16:32:59,969 [EventQueue-NewNodeForNewNodeHandler] INFO  pipeline.BackgroundPipelineCreator (BackgroundPipelineCreator.java:notifyEventTriggered(276)) - trigger a one-shot run on RatisPipelineUtilsThread.
2023-02-16 16:32:59,971 [RatisPipelineUtilsThread - 0] INFO  pipeline.RatisPipelineProvider (RatisPipelineProvider.java:lambda$create$0(206)) - Sending CreatePipelineCommand for pipeline:PipelineID=b637d091-dc67-4338-adbb-2748c1bd4ade to datanode:875a4540-f234-4f63-9940-381f2b020420
2023-02-16 16:32:59,972 [RatisPipelineUtilsThread - 0] INFO  pipeline.PipelineStateManagerImpl (PipelineStateManagerImpl.java:addPipeline(103)) - Created pipeline Pipeline[ Id: b637d091-dc67-4338-adbb-2748c1bd4ade, Nodes: 875a4540-f234-4f63-9940-381f2b020420(fv-az167-289.21ktoceh2wee5fewwtpg1zd01g.bx.internal.cloudapp.net/10.1.0.66), ReplicationConfig: RATIS/ONE, State:ALLOCATED, leaderId:, CreationTimestamp2023-02-16T16:32:59.971Z[Etc/UTC]].
2023-02-16 16:32:59,972 [RatisPipelineUtilsThread - 0] WARN  pipeline.PipelinePlacementPolicy (PipelinePlacementPolicy.java:filterViableNodes(158)) - Pipeline creation failed due to no sufficient healthy datanodes. Required 3. Found 2.
2023-02-16 16:33:00,964 [Listener at 127.0.0.1/37073] INFO  ozone.MiniOzoneClusterImpl (MiniOzoneClusterImpl.java:lambda$waitForClusterToBeReady$0(218)) - Nodes are ready. Got 5 of 5 DN Heartbeats.
2023-02-16 16:33:00,964 [Listener at 127.0.0.1/37073] INFO  ozone.MiniOzoneClusterImpl (MiniOzoneClusterImpl.java:lambda$waitForClusterToBeReady$0(221)) - Waiting for cluster to exit safe mode
2023-02-16 16:33:00,964 [Listener at 127.0.0.1/37073] INFO  ozone.MiniOzoneClusterImpl (MiniOzoneClusterImpl.java:lambda$waitForClusterToBeReady$0(223)) - SCM became leader
2023-02-16 16:33:01,278 [Command processor thread] INFO  server.RaftServer (RaftServerProxy.java:addNew(96)) - cb9b88df-491a-41e2-b87b-1e05ddc4218e: addNew group-5FA7E0415A2D:[cb9b88df-491a-41e2-b87b-1e05ddc4218e|rpc:10.1.0.66:37327|dataStream:10.1.0.66:37421|priority:1|startupRole:FOLLOWER] returns group-5FA7E0415A2D:java.util.concurrent.CompletableFuture@5d31d6c4[Not completed]
2023-02-16 16:33:01,288 [pool-74-thread-1] INFO  server.RaftServer$Division (RaftServerImpl.java:<init>(195)) - cb9b88df-491a-41e2-b87b-1e05ddc4218e: new RaftServerImpl for group-5FA7E0415A2D:[cb9b88df-491a-41e2-b87b-1e05ddc4218e|rpc:10.1.0.66:37327|dataStream:10.1.0.66:37421|priority:1|startupRole:FOLLOWER] with ContainerStateMachine:uninitialized
2023-02-16 16:33:01,288 [pool-74-thread-1] INFO  server.RaftServerConfigKeys (ConfUtils.java:logGet(46)) - raft.server.rpc.timeout.min = 5s (custom)
2023-02-16 16:33:01,288 [pool-74-thread-1] INFO  server.RaftServerConfigKeys (ConfUtils.java:logGet(46)) - raft.server.rpc.timeout.max = 5200ms (custom)
2023-02-16 16:33:01,288 [pool-74-thread-1] INFO  server.RaftServerConfigKeys (ConfUtils.java:logGet(46)) - raft.server.rpc.sleep.time = 25ms (default)
2023-02-16 16:33:01,288 [pool-74-thread-1] INFO  server.RaftServerConfigKeys (ConfUtils.java:logGet(46)) - raft.server.rpc.slowness.timeout = 300s (custom)
2023-02-16 16:33:01,288 [pool-74-thread-1] INFO  server.RaftServerConfigKeys (ConfUtils.java:logGet(46)) - raft.server.leaderelection.leader.step-down.wait-time = 10s (default)
2023-02-16 16:33:01,288 [pool-74-thread-1] INFO  server.RaftServerConfigKeys (ConfUtils.java:logGet(46)) - raft.server.sleep.deviation.threshold = 300ms (default)
2023-02-16 16:33:01,288 [pool-74-thread-1] INFO  server.RaftServer$Division (ServerState.java:<init>(118)) - cb9b88df-491a-41e2-b87b-1e05ddc4218e@group-5FA7E0415A2D: ConfigurationManager, init=-1: peers:[cb9b88df-491a-41e2-b87b-1e05ddc4218e|rpc:10.1.0.66:37327|dataStream:10.1.0.66:37421|priority:1|startupRole:FOLLOWER]|listeners:[], old=null, confs=<EMPTY_MAP>
2023-02-16 16:33:01,289 [pool-74-thread-1] INFO  server.RaftServerConfigKeys (ConfUtils.java:logGet(46)) - raft.server.storage.dir = [/home/runner/work/ozone/ozone/hadoop-ozone/integration-test/target/test-dir/MiniOzoneClusterImpl-3fa4a1d0-7183-4a36-b4d2-f70efcb14827/datanode-0/data/ratis] (custom)
2023-02-16 16:33:01,289 [pool-74-thread-1] INFO  server.RaftServerConfigKeys (ConfUtils.java:logGet(46)) - raft.server.log.corruption.policy = EXCEPTION (default)
2023-02-16 16:33:01,289 [pool-74-thread-1] INFO  server.RaftServerConfigKeys (ConfUtils.java:logGet(46)) - raft.server.storage.free-space.min = 0MB (=0) (default)
2023-02-16 16:33:01,289 [pool-74-thread-1] INFO  server.RaftServerConfigKeys (ConfUtils.java:logGet(46)) - raft.server.notification.no-leader.timeout = 300s (custom)
2023-02-16 16:33:01,289 [pool-74-thread-1] INFO  server.RaftServerConfigKeys (ConfUtils.java:logGet(46)) - raft.server.retrycache.expirytime = 600000ms (custom)
2023-02-16 16:33:01,289 [pool-74-thread-1] INFO  server.RaftServerConfigKeys (ConfUtils.java:logGet(46)) - raft.server.retrycache.statistics.expirytime = 100μs (default)
2023-02-16 16:33:01,314 [pool-74-thread-1] INFO  server.RaftServerConfigKeys (ConfUtils.java:logGet(46)) - raft.server.log.appender.install.snapshot.enabled = false (custom)
2023-02-16 16:33:01,314 [pool-74-thread-1] INFO  server.RaftServerConfigKeys (ConfUtils.java:logGet(46)) - raft.server.threadpool.server.cached = true (default)
2023-02-16 16:33:01,315 [pool-74-thread-1] INFO  server.RaftServerConfigKeys (ConfUtils.java:logGet(46)) - raft.server.threadpool.server.size = 0 (default)
2023-02-16 16:33:01,315 [pool-74-thread-1] INFO  server.RaftServerConfigKeys (ConfUtils.java:logGet(46)) - raft.server.threadpool.client.cached = true (default)
2023-02-16 16:33:01,315 [pool-74-thread-1] INFO  server.RaftServerConfigKeys (ConfUtils.java:logGet(46)) - raft.server.threadpool.client.size = 0 (default)
2023-02-16 16:33:01,315 [pool-74-thread-1] INFO  storage.RaftStorageDirectory (RaftStorageDirectoryImpl.java:analyzeStorage(137)) - The storage directory /home/runner/work/ozone/ozone/hadoop-ozone/integration-test/target/test-dir/MiniOzoneClusterImpl-3fa4a1d0-7183-4a36-b4d2-f70efcb14827/datanode-0/data/ratis/1fc40878-2e2b-4093-8dd5-5fa7e0415a2d does not exist. Creating ...
2023-02-16 16:33:01,319 [pool-74-thread-1] INFO  storage.RaftStorageDirectory (RaftStorageDirectoryImpl.java:tryLock(231)) - Lock on /home/runner/work/ozone/ozone/hadoop-ozone/integration-test/target/test-dir/MiniOzoneClusterImpl-3fa4a1d0-7183-4a36-b4d2-f70efcb14827/datanode-0/data/ratis/1fc40878-2e2b-4093-8dd5-5fa7e0415a2d/in_use.lock acquired by nodename 11092@fv-az167-289
2023-02-16 16:33:01,320 [pool-74-thread-1] INFO  storage.RaftStorage (RaftStorageImpl.java:format(96)) - Storage directory /home/runner/work/ozone/ozone/hadoop-ozone/integration-test/target/test-dir/MiniOzoneClusterImpl-3fa4a1d0-7183-4a36-b4d2-f70efcb14827/datanode-0/data/ratis/1fc40878-2e2b-4093-8dd5-5fa7e0415a2d has been successfully formatted.
2023-02-16 16:33:01,327 [pool-74-thread-1] INFO  ratis.ContainerStateMachine (ContainerStateMachine.java:loadSnapshot(240)) - group-5FA7E0415A2D: The snapshot info is null. Setting the last applied indexto:(t:0, i:~)
2023-02-16 16:33:01,327 [pool-74-thread-1] INFO  server.RaftServerConfigKeys (ConfUtils.java:logGet(46)) - raft.server.log.use.memory = false (default)
2023-02-16 16:33:01,327 [pool-74-thread-1] INFO  server.RaftServerConfigKeys (ConfUtils.java:logGet(46)) - raft.server.log.purge.gap = 1000000 (custom)
2023-02-16 16:33:01,327 [pool-74-thread-1] INFO  server.RaftServerConfigKeys (ConfUtils.java:logGet(46)) - raft.server.log.appender.buffer.byte-limit = 33554432 (custom)
2023-02-16 16:33:01,327 [pool-74-thread-1] INFO  server.RaftServerConfigKeys (ConfUtils.java:logGet(46)) - raft.server.log.statemachine.data.read.timeout = 1000ms (default)
2023-02-16 16:33:01,327 [pool-74-thread-1] INFO  server.RaftServerConfigKeys (ConfUtils.java:logGet(46)) - raft.server.log.purge.preservation.log.num = 0 (default)
2023-02-16 16:33:01,327 [pool-74-thread-1] INFO  server.RaftServerConfigKeys (ConfUtils.java:logGet(46)) - raft.server.log.segment.size.max = 1048576 (custom)
2023-02-16 16:33:01,328 [pool-74-thread-1] INFO  server.RaftServerConfigKeys (ConfUtils.java:logGet(46)) - raft.server.log.segment.cache.num.max = 2 (custom)
2023-02-16 16:33:01,328 [pool-74-thread-1] INFO  server.RaftServerConfigKeys (ConfUtils.java:logGet(46)) - raft.server.log.segment.cache.size.max = 200MB (=209715200) (default)
2023-02-16 16:33:01,328 [pool-74-thread-1] INFO  segmented.SegmentedRaftLogWorker (SegmentedRaftLogWorker.java:<init>(189)) - new cb9b88df-491a-41e2-b87b-1e05ddc4218e@group-5FA7E0415A2D-SegmentedRaftLogWorker for RaftStorageImpl:Storage Directory /home/runner/work/ozone/ozone/hadoop-ozone/integration-test/target/test-dir/MiniOzoneClusterImpl-3fa4a1d0-7183-4a36-b4d2-f70efcb14827/datanode-0/data/ratis/1fc40878-2e2b-4093-8dd5-5fa7e0415a2d
2023-02-16 16:33:01,328 [pool-74-thread-1] INFO  server.RaftServerConfigKeys (ConfUtils.java:logGet(46)) - raft.server.log.queue.byte-limit = 4294967296 (custom)
2023-02-16 16:33:01,328 [pool-74-thread-1] INFO  server.RaftServerConfigKeys (ConfUtils.java:logGet(46)) - raft.server.log.queue.element-limit = 1024 (custom)
2023-02-16 16:33:01,328 [pool-74-thread-1] INFO  server.RaftServerConfigKeys (ConfUtils.java:logGet(46)) - raft.server.log.segment.size.max = 1048576 (custom)
2023-02-16 16:33:01,328 [pool-74-thread-1] INFO  server.RaftServerConfigKeys (ConfUtils.java:logGet(46)) - raft.server.log.preallocated.size = 16384 (custom)
2023-02-16 16:33:01,328 [pool-74-thread-1] INFO  server.RaftServerConfigKeys (ConfUtils.java:logGet(46)) - raft.server.log.force.sync.num = 128 (default)
2023-02-16 16:33:01,328 [pool-74-thread-1] INFO  server.RaftServerConfigKeys (ConfUtils.java:logGet(46)) - raft.server.log.statemachine.data.sync = true (default)
2023-02-16 16:33:01,328 [pool-74-thread-1] INFO  server.RaftServerConfigKeys (ConfUtils.java:logGet(46)) - raft.server.log.statemachine.data.sync.timeout = 10s (default)
2023-02-16 16:33:01,330 [pool-74-thread-1] INFO  server.RaftServerConfigKeys (ConfUtils.java:logGet(46)) - raft.server.log.statemachine.data.sync.timeout.retry = -1 (default)
2023-02-16 16:33:01,332 [pool-74-thread-1] INFO  server.RaftServerConfigKeys (ConfUtils.java:logGet(46)) - raft.server.log.write.buffer.size = 1048576 (custom)
2023-02-16 16:33:01,333 [pool-74-thread-1] INFO  server.RaftServerConfigKeys (ConfUtils.java:logGet(46)) - raft.server.log.appender.buffer.byte-limit = 33554432 (custom)
2023-02-16 16:33:01,336 [pool-74-thread-1] INFO  server.RaftServerConfigKeys (ConfUtils.java:logGet(46)) - raft.server.log.unsafe-flush.enabled = false (default)
2023-02-16 16:33:01,336 [pool-74-thread-1] INFO  server.RaftServerConfigKeys (ConfUtils.java:logGet(46)) - raft.server.log.async-flush.enabled = false (default)
2023-02-16 16:33:01,336 [pool-74-thread-1] INFO  server.RaftServerConfigKeys (ConfUtils.java:logGet(46)) - raft.server.log.statemachine.data.caching.enabled = true (custom)
2023-02-16 16:33:01,337 [pool-74-thread-1] INFO  segmented.SegmentedRaftLogWorker (SegmentedRaftLogWorker.java:lambda$new$0(135)) - cb9b88df-491a-41e2-b87b-1e05ddc4218e@group-5FA7E0415A2D-SegmentedRaftLogWorker: flushIndex: setUnconditionally 0 -> -1
2023-02-16 16:33:01,337 [pool-74-thread-1] INFO  segmented.SegmentedRaftLogWorker (SegmentedRaftLogWorker.java:lambda$new$0(135)) - cb9b88df-491a-41e2-b87b-1e05ddc4218e@group-5FA7E0415A2D-SegmentedRaftLogWorker: safeCacheEvictIndex: setUnconditionally 0 -> -1
2023-02-16 16:33:01,337 [pool-74-thread-1] INFO  server.RaftServer$Division (RaftServerImpl.java:start(334)) - cb9b88df-491a-41e2-b87b-1e05ddc4218e@group-5FA7E0415A2D: start as a follower, conf=-1: peers:[cb9b88df-491a-41e2-b87b-1e05ddc4218e|rpc:10.1.0.66:37327|dataStream:10.1.0.66:37421|priority:1|startupRole:FOLLOWER]|listeners:[], old=null
2023-02-16 16:33:01,337 [pool-74-thread-1] INFO  server.RaftServer$Division (RaftServerImpl.java:setRole(321)) - cb9b88df-491a-41e2-b87b-1e05ddc4218e@group-5FA7E0415A2D: changes role from      null to FOLLOWER at term 0 for startAsFollower
2023-02-16 16:33:01,337 [pool-74-thread-1] INFO  impl.RoleInfo (RoleInfo.java:updateAndGet(139)) - cb9b88df-491a-41e2-b87b-1e05ddc4218e: start cb9b88df-491a-41e2-b87b-1e05ddc4218e@group-5FA7E0415A2D-FollowerState
2023-02-16 16:33:01,339 [pool-74-thread-1] INFO  util.JmxRegister (JmxRegister.java:tryRegister(44)) - Successfully registered JMX Bean with object name Ratis:service=RaftServer,group=group-5FA7E0415A2D,id=cb9b88df-491a-41e2-b87b-1e05ddc4218e
2023-02-16 16:33:01,339 [pool-74-thread-1] INFO  server.RaftServerConfigKeys (ConfUtils.java:logGet(46)) - raft.server.snapshot.auto.trigger.enabled = true (custom)
2023-02-16 16:33:01,339 [pool-74-thread-1] INFO  server.RaftServerConfigKeys (ConfUtils.java:logGet(46)) - raft.server.snapshot.auto.trigger.threshold = 10000 (custom)
2023-02-16 16:33:01,339 [pool-74-thread-1] INFO  server.RaftServerConfigKeys (ConfUtils.java:logGet(46)) - raft.server.snapshot.retention.file.num = 5 (custom)
2023-02-16 16:33:01,339 [pool-74-thread-1] INFO  server.RaftServerConfigKeys (ConfUtils.java:logGet(46)) - raft.server.log.purge.upto.snapshot.index = false (default)
2023-02-16 16:33:01,343 [cb9b88df-491a-41e2-b87b-1e05ddc4218e@group-5FA7E0415A2D-FollowerState] INFO  server.RaftServerConfigKeys (ConfUtils.java:logFallback(53)) - raft.server.rpc.first-election.timeout.min = 5s (fallback to raft.server.rpc.timeout.min)
2023-02-16 16:33:01,343 [cb9b88df-491a-41e2-b87b-1e05ddc4218e@group-5FA7E0415A2D-FollowerState] INFO  server.RaftServerConfigKeys (ConfUtils.java:logFallback(53)) - raft.server.rpc.first-election.timeout.max = 5200ms (fallback to raft.server.rpc.timeout.max)
2023-02-16 16:33:01,352 [EventQueue-PipelineReportForPipelineReportHandler] INFO  pipeline.PipelineManagerImpl (PipelineManagerImpl.java:openPipeline(367)) - Pipeline Pipeline[ Id: 1fc40878-2e2b-4093-8dd5-5fa7e0415a2d, Nodes: cb9b88df-491a-41e2-b87b-1e05ddc4218e(fv-az167-289.21ktoceh2wee5fewwtpg1zd01g.bx.internal.cloudapp.net/10.1.0.66), ReplicationConfig: RATIS/ONE, State:ALLOCATED, leaderId:cb9b88df-491a-41e2-b87b-1e05ddc4218e, CreationTimestamp2023-02-16T16:32:58.292Z[Etc/UTC]] moved to OPEN state
2023-02-16 16:33:01,354 [EventQueue-OpenPipelineForHealthyPipelineSafeModeRule] INFO  safemode.SCMSafeModeManager (HealthyPipelineSafeModeRule.java:process(137)) - SCM in safe mode. Healthy pipelines reported count is 0, required healthy pipeline reported count is 1
2023-02-16 16:33:01,355 [Command processor thread] INFO  ratis.XceiverServerRatis (XceiverServerRatis.java:addGroup(807)) - Created group PipelineID=1fc40878-2e2b-4093-8dd5-5fa7e0415a2d
2023-02-16 16:33:01,356 [Command processor thread] INFO  commandhandler.CreatePipelineCommandHandler (CreatePipelineCommandHandler.java:handle(113)) - Created Pipeline RATIS ONE PipelineID=1fc40878-2e2b-4093-8dd5-5fa7e0415a2d.
2023-02-16 16:33:01,356 [Command processor thread] INFO  server.RaftServer (RaftServerProxy.java:addNew(96)) - cb9b88df-491a-41e2-b87b-1e05ddc4218e: addNew group-3EE57BE958A0:[78eb6234-2b78-46c2-a9a1-e074054ee483|rpc:10.1.0.66:37359|dataStream:10.1.0.66:34393|priority:0|startupRole:FOLLOWER, 1ef1131b-9485-4bfe-ad5a-910805a11fc3|rpc:10.1.0.66:42493|dataStream:10.1.0.66:44653|priority:1|startupRole:FOLLOWER, cb9b88df-491a-41e2-b87b-1e05ddc4218e|rpc:10.1.0.66:37327|dataStream:10.1.0.66:37421|priority:0|startupRole:FOLLOWER] returns group-3EE57BE958A0:java.util.concurrent.CompletableFuture@378151cb[Not completed]
2023-02-16 16:33:01,357 [pool-74-thread-1] INFO  server.RaftServer$Division (RaftServerImpl.java:<init>(195)) - cb9b88df-491a-41e2-b87b-1e05ddc4218e: new RaftServerImpl for group-3EE57BE958A0:[78eb6234-2b78-46c2-a9a1-e074054ee483|rpc:10.1.0.66:37359|dataStream:10.1.0.66:34393|priority:0|startupRole:FOLLOWER, 1ef1131b-9485-4bfe-ad5a-910805a11fc3|rpc:10.1.0.66:42493|dataStream:10.1.0.66:44653|priority:1|startupRole:FOLLOWER, cb9b88df-491a-41e2-b87b-1e05ddc4218e|rpc:10.1.0.66:37327|dataStream:10.1.0.66:37421|priority:0|startupRole:FOLLOWER] with ContainerStateMachine:uninitialized
2023-02-16 16:33:01,358 [pool-74-thread-1] INFO  server.RaftServerConfigKeys (ConfUtils.java:logGet(46)) - raft.server.rpc.timeout.min = 5s (custom)
2023-02-16 16:33:01,358 [pool-74-thread-1] INFO  server.RaftServerConfigKeys (ConfUtils.java:logGet(46)) - raft.server.rpc.timeout.max = 5200ms (custom)
2023-02-16 16:33:01,358 [pool-74-thread-1] INFO  server.RaftServerConfigKeys (ConfUtils.java:logGet(46)) - raft.server.rpc.sleep.time = 25ms (default)
2023-02-16 16:33:01,358 [pool-74-thread-1] INFO  server.RaftServerConfigKeys (ConfUtils.java:logGet(46)) - raft.server.rpc.slowness.timeout = 300s (custom)
2023-02-16 16:33:01,358 [pool-74-thread-1] INFO  server.RaftServerConfigKeys (ConfUtils.java:logGet(46)) - raft.server.leaderelection.leader.step-down.wait-time = 10s (default)
2023-02-16 16:33:01,358 [pool-74-thread-1] INFO  server.RaftServerConfigKeys (ConfUtils.java:logGet(46)) - raft.server.sleep.deviation.threshold = 300ms (default)
2023-02-16 16:33:01,358 [pool-74-thread-1] INFO  server.RaftServer$Division (ServerState.java:<init>(118)) - cb9b88df-491a-41e2-b87b-1e05ddc4218e@group-3EE57BE958A0: ConfigurationManager, init=-1: peers:[78eb6234-2b78-46c2-a9a1-e074054ee483|rpc:10.1.0.66:37359|dataStream:10.1.0.66:34393|priority:0|startupRole:FOLLOWER, 1ef1131b-9485-4bfe-ad5a-910805a11fc3|rpc:10.1.0.66:42493|dataStream:10.1.0.66:44653|priority:1|startupRole:FOLLOWER, cb9b88df-491a-41e2-b87b-1e05ddc4218e|rpc:10.1.0.66:37327|dataStream:10.1.0.66:37421|priority:0|startupRole:FOLLOWER]|listeners:[], old=null, confs=<EMPTY_MAP>
2023-02-16 16:33:01,358 [pool-74-thread-1] INFO  server.RaftServerConfigKeys (ConfUtils.java:logGet(46)) - raft.server.storage.dir = [/home/runner/work/ozone/ozone/hadoop-ozone/integration-test/target/test-dir/MiniOzoneClusterImpl-3fa4a1d0-7183-4a36-b4d2-f70efcb14827/datanode-0/data/ratis] (custom)
2023-02-16 16:33:01,358 [pool-74-thread-1] INFO  server.RaftServerConfigKeys (ConfUtils.java:logGet(46)) - raft.server.log.corruption.policy = EXCEPTION (default)
2023-02-16 16:33:01,358 [pool-74-thread-1] INFO  server.RaftServerConfigKeys (ConfUtils.java:logGet(46)) - raft.server.storage.free-space.min = 0MB (=0) (default)
2023-02-16 16:33:01,358 [pool-74-thread-1] INFO  server.RaftServerConfigKeys (ConfUtils.java:logGet(46)) - raft.server.notification.no-leader.timeout = 300s (custom)
2023-02-16 16:33:01,358 [pool-74-thread-1] INFO  server.RaftServerConfigKeys (ConfUtils.java:logGet(46)) - raft.server.retrycache.expirytime = 600000ms (custom)
2023-02-16 16:33:01,358 [pool-74-thread-1] INFO  server.RaftServerConfigKeys (ConfUtils.java:logGet(46)) - raft.server.retrycache.statistics.expirytime = 100μs (default)
2023-02-16 16:33:01,363 [pool-74-thread-1] INFO  server.RaftServerConfigKeys (ConfUtils.java:logGet(46)) - raft.server.log.appender.install.snapshot.enabled = false (custom)
2023-02-16 16:33:01,363 [pool-74-thread-1] INFO  server.RaftServerConfigKeys (ConfUtils.java:logGet(46)) - raft.server.threadpool.server.cached = true (default)
2023-02-16 16:33:01,363 [pool-74-thread-1] INFO  server.RaftServerConfigKeys (ConfUtils.java:logGet(46)) - raft.server.threadpool.server.size = 0 (default)
2023-02-16 16:33:01,363 [pool-74-thread-1] INFO  server.RaftServerConfigKeys (ConfUtils.java:logGet(46)) - raft.server.threadpool.client.cached = true (default)
2023-02-16 16:33:01,363 [pool-74-thread-1] INFO  server.RaftServerConfigKeys (ConfUtils.java:logGet(46)) - raft.server.threadpool.client.size = 0 (default)
2023-02-16 16:33:01,363 [pool-74-thread-1] INFO  storage.RaftStorageDirectory (RaftStorageDirectoryImpl.java:analyzeStorage(137)) - The storage directory /home/runner/work/ozone/ozone/hadoop-ozone/integration-test/target/test-dir/MiniOzoneClusterImpl-3fa4a1d0-7183-4a36-b4d2-f70efcb14827/datanode-0/data/ratis/e41b74cb-c37d-48f1-a125-3ee57be958a0 does not exist. Creating ...
2023-02-16 16:33:01,366 [pool-74-thread-1] INFO  storage.RaftStorageDirectory (RaftStorageDirectoryImpl.java:tryLock(231)) - Lock on /home/runner/work/ozone/ozone/hadoop-ozone/integration-test/target/test-dir/MiniOzoneClusterImpl-3fa4a1d0-7183-4a36-b4d2-f70efcb14827/datanode-0/data/ratis/e41b74cb-c37d-48f1-a125-3ee57be958a0/in_use.lock acquired by nodename 11092@fv-az167-289
2023-02-16 16:33:01,368 [pool-74-thread-1] INFO  storage.RaftStorage (RaftStorageImpl.java:format(96)) - Storage directory /home/runner/work/ozone/ozone/hadoop-ozone/integration-test/target/test-dir/MiniOzoneClusterImpl-3fa4a1d0-7183-4a36-b4d2-f70efcb14827/datanode-0/data/ratis/e41b74cb-c37d-48f1-a125-3ee57be958a0 has been successfully formatted.
2023-02-16 16:33:01,368 [pool-74-thread-1] INFO  ratis.ContainerStateMachine (ContainerStateMachine.java:loadSnapshot(240)) - group-3EE57BE958A0: The snapshot info is null. Setting the last applied indexto:(t:0, i:~)
2023-02-16 16:33:01,368 [pool-74-thread-1] INFO  server.RaftServerConfigKeys (ConfUtils.java:logGet(46)) - raft.server.log.use.memory = false (default)
2023-02-16 16:33:01,368 [pool-74-thread-1] INFO  server.RaftServerConfigKeys (ConfUtils.java:logGet(46)) - raft.server.log.purge.gap = 1000000 (custom)
2023-02-16 16:33:01,368 [pool-74-thread-1] INFO  server.RaftServerConfigKeys (ConfUtils.java:logGet(46)) - raft.server.log.appender.buffer.byte-limit = 33554432 (custom)
2023-02-16 16:33:01,368 [pool-74-thread-1] INFO  server.RaftServerConfigKeys (ConfUtils.java:logGet(46)) - raft.server.log.statemachine.data.read.timeout = 1000ms (default)
2023-02-16 16:33:01,368 [pool-74-thread-1] INFO  server.RaftServerConfigKeys (ConfUtils.java:logGet(46)) - raft.server.log.purge.preservation.log.num = 0 (default)
2023-02-16 16:33:01,370 [pool-74-thread-1] INFO  server.RaftServerConfigKeys (ConfUtils.java:logGet(46)) - raft.server.log.segment.size.max = 1048576 (custom)
2023-02-16 16:33:01,371 [pool-74-thread-1] INFO  server.RaftServerConfigKeys (ConfUtils.java:logGet(46)) - raft.server.log.segment.cache.num.max = 2 (custom)
2023-02-16 16:33:01,371 [pool-74-thread-1] INFO  server.RaftServerConfigKeys (ConfUtils.java:logGet(46)) - raft.server.log.segment.cache.size.max = 200MB (=209715200) (default)
2023-02-16 16:33:01,371 [pool-74-thread-1] INFO  segmented.SegmentedRaftLogWorker (SegmentedRaftLogWorker.java:<init>(189)) - new cb9b88df-491a-41e2-b87b-1e05ddc4218e@group-3EE57BE958A0-SegmentedRaftLogWorker for RaftStorageImpl:Storage Directory /home/runner/work/ozone/ozone/hadoop-ozone/integration-test/target/test-dir/MiniOzoneClusterImpl-3fa4a1d0-7183-4a36-b4d2-f70efcb14827/datanode-0/data/ratis/e41b74cb-c37d-48f1-a125-3ee57be958a0
2023-02-16 16:33:01,371 [pool-74-thread-1] INFO  server.RaftServerConfigKeys (ConfUtils.java:logGet(46)) - raft.server.log.queue.byte-limit = 4294967296 (custom)
2023-02-16 16:33:01,371 [pool-74-thread-1] INFO  server.RaftServerConfigKeys (ConfUtils.java:logGet(46)) - raft.server.log.queue.element-limit = 1024 (custom)
2023-02-16 16:33:01,372 [pool-74-thread-1] INFO  server.RaftServerConfigKeys (ConfUtils.java:logGet(46)) - raft.server.log.segment.size.max = 1048576 (custom)
2023-02-16 16:33:01,372 [pool-74-thread-1] INFO  server.RaftServerConfigKeys (ConfUtils.java:logGet(46)) - raft.server.log.preallocated.size = 16384 (custom)
2023-02-16 16:33:01,372 [pool-74-thread-1] INFO  server.RaftServerConfigKeys (ConfUtils.java:logGet(46)) - raft.server.log.force.sync.num = 128 (default)
2023-02-16 16:33:01,372 [pool-74-thread-1] INFO  server.RaftServerConfigKeys (ConfUtils.java:logGet(46)) - raft.server.log.statemachine.data.sync = true (default)
2023-02-16 16:33:01,372 [pool-74-thread-1] INFO  server.RaftServerConfigKeys (ConfUtils.java:logGet(46)) - raft.server.log.statemachine.data.sync.timeout = 10s (default)
2023-02-16 16:33:01,372 [pool-74-thread-1] INFO  server.RaftServerConfigKeys (ConfUtils.java:logGet(46)) - raft.server.log.statemachine.data.sync.timeout.retry = -1 (default)
2023-02-16 16:33:01,372 [EventQueue-OpenPipelineForHealthyPipelineSafeModeRule] INFO  safemode.SCMSafeModeManager (HealthyPipelineSafeModeRule.java:process(137)) - SCM in safe mode. Healthy pipelines reported count is 0, required healthy pipeline reported count is 1
2023-02-16 16:33:01,374 [pool-74-thread-1] INFO  server.RaftServerConfigKeys (ConfUtils.java:logGet(46)) - raft.server.log.write.buffer.size = 1048576 (custom)
2023-02-16 16:33:01,375 [pool-74-thread-1] INFO  server.RaftServerConfigKeys (ConfUtils.java:logGet(46)) - raft.server.log.appender.buffer.byte-limit = 33554432 (custom)
2023-02-16 16:33:01,381 [pool-74-thread-1] INFO  server.RaftServerConfigKeys (ConfUtils.java:logGet(46)) - raft.server.log.unsafe-flush.enabled = false (default)
2023-02-16 16:33:01,381 [pool-74-thread-1] INFO  server.RaftServerConfigKeys (ConfUtils.java:logGet(46)) - raft.server.log.async-flush.enabled = false (default)
2023-02-16 16:33:01,381 [pool-74-thread-1] INFO  server.RaftServerConfigKeys (ConfUtils.java:logGet(46)) - raft.server.log.statemachine.data.caching.enabled = true (custom)
2023-02-16 16:33:01,381 [pool-74-thread-1] INFO  segmented.SegmentedRaftLogWorker (SegmentedRaftLogWorker.java:lambda$new$0(135)) - cb9b88df-491a-41e2-b87b-1e05ddc4218e@group-3EE57BE958A0-SegmentedRaftLogWorker: flushIndex: setUnconditionally 0 -> -1
2023-02-16 16:33:01,381 [pool-74-thread-1] INFO  segmented.SegmentedRaftLogWorker (SegmentedRaftLogWorker.java:lambda$new$0(135)) - cb9b88df-491a-41e2-b87b-1e05ddc4218e@group-3EE57BE958A0-SegmentedRaftLogWorker: safeCacheEvictIndex: setUnconditionally 0 -> -1
2023-02-16 16:33:01,383 [pool-74-thread-1] INFO  server.RaftServer$Division (RaftServerImpl.java:start(334)) - cb9b88df-491a-41e2-b87b-1e05ddc4218e@group-3EE57BE958A0: start as a follower, conf=-1: peers:[78eb6234-2b78-46c2-a9a1-e074054ee483|rpc:10.1.0.66:37359|dataStream:10.1.0.66:34393|priority:0|startupRole:FOLLOWER, 1ef1131b-9485-4bfe-ad5a-910805a11fc3|rpc:10.1.0.66:42493|dataStream:10.1.0.66:44653|priority:1|startupRole:FOLLOWER, cb9b88df-491a-41e2-b87b-1e05ddc4218e|rpc:10.1.0.66:37327|dataStream:10.1.0.66:37421|priority:0|startupRole:FOLLOWER]|listeners:[], old=null
2023-02-16 16:33:01,383 [pool-74-thread-1] INFO  server.RaftServer$Division (RaftServerImpl.java:setRole(321)) - cb9b88df-491a-41e2-b87b-1e05ddc4218e@group-3EE57BE958A0: changes role from      null to FOLLOWER at term 0 for startAsFollower
2023-02-16 16:33:01,384 [pool-74-thread-1] INFO  impl.RoleInfo (RoleInfo.java:updateAndGet(139)) - cb9b88df-491a-41e2-b87b-1e05ddc4218e: start cb9b88df-491a-41e2-b87b-1e05ddc4218e@group-3EE57BE958A0-FollowerState
2023-02-16 16:33:01,385 [pool-74-thread-1] INFO  util.JmxRegister (JmxRegister.java:tryRegister(44)) - Successfully registered JMX Bean with object name Ratis:service=RaftServer,group=group-3EE57BE958A0,id=cb9b88df-491a-41e2-b87b-1e05ddc4218e
2023-02-16 16:33:01,385 [pool-74-thread-1] INFO  server.RaftServerConfigKeys (ConfUtils.java:logGet(46)) - raft.server.snapshot.auto.trigger.enabled = true (custom)
2023-02-16 16:33:01,385 [pool-74-thread-1] INFO  server.RaftServerConfigKeys (ConfUtils.java:logGet(46)) - raft.server.snapshot.auto.trigger.threshold = 10000 (custom)
2023-02-16 16:33:01,385 [pool-74-thread-1] INFO  server.RaftServerConfigKeys (ConfUtils.java:logGet(46)) - raft.server.snapshot.retention.file.num = 5 (custom)
2023-02-16 16:33:01,385 [pool-74-thread-1] INFO  server.RaftServerConfigKeys (ConfUtils.java:logGet(46)) - raft.server.log.purge.upto.snapshot.index = false (default)
2023-02-16 16:33:01,390 [cb9b88df-491a-41e2-b87b-1e05ddc4218e@group-3EE57BE958A0-FollowerState] INFO  server.RaftServerConfigKeys (ConfUtils.java:logFallback(53)) - raft.server.rpc.first-election.timeout.min = 5s (fallback to raft.server.rpc.timeout.min)
2023-02-16 16:33:01,391 [cb9b88df-491a-41e2-b87b-1e05ddc4218e@group-3EE57BE958A0-FollowerState] INFO  server.RaftServerConfigKeys (ConfUtils.java:logFallback(53)) - raft.server.rpc.first-election.timeout.max = 5200ms (fallback to raft.server.rpc.timeout.max)
2023-02-16 16:33:01,391 [Command processor thread] INFO  ratis.XceiverServerRatis (XceiverServerRatis.java:addGroup(807)) - Created group PipelineID=e41b74cb-c37d-48f1-a125-3ee57be958a0
2023-02-16 16:33:01,716 [grpc-default-executor-0] INFO  server.RaftServer (RaftServerProxy.java:addNew(96)) - 1ef1131b-9485-4bfe-ad5a-910805a11fc3: addNew group-3EE57BE958A0:[78eb6234-2b78-46c2-a9a1-e074054ee483|rpc:10.1.0.66:37359|dataStream:10.1.0.66:34393|priority:0|startupRole:FOLLOWER, 1ef1131b-9485-4bfe-ad5a-910805a11fc3|rpc:10.1.0.66:42493|dataStream:10.1.0.66:44653|priority:1|startupRole:FOLLOWER, cb9b88df-491a-41e2-b87b-1e05ddc4218e|rpc:10.1.0.66:37327|dataStream:10.1.0.66:37421|priority:0|startupRole:FOLLOWER] returns group-3EE57BE958A0:java.util.concurrent.CompletableFuture@fb3b302[Not completed]
2023-02-16 16:33:01,719 [pool-96-thread-1] INFO  server.RaftServer$Division (RaftServerImpl.java:<init>(195)) - 1ef1131b-9485-4bfe-ad5a-910805a11fc3: new RaftServerImpl for group-3EE57BE958A0:[78eb6234-2b78-46c2-a9a1-e074054ee483|rpc:10.1.0.66:37359|dataStream:10.1.0.66:34393|priority:0|startupRole:FOLLOWER, 1ef1131b-9485-4bfe-ad5a-910805a11fc3|rpc:10.1.0.66:42493|dataStream:10.1.0.66:44653|priority:1|startupRole:FOLLOWER, cb9b88df-491a-41e2-b87b-1e05ddc4218e|rpc:10.1.0.66:37327|dataStream:10.1.0.66:37421|priority:0|startupRole:FOLLOWER] with ContainerStateMachine:uninitialized
2023-02-16 16:33:01,719 [pool-96-thread-1] INFO  server.RaftServerConfigKeys (ConfUtils.java:logGet(46)) - raft.server.rpc.timeout.min = 5s (custom)
2023-02-16 16:33:01,719 [pool-96-thread-1] INFO  server.RaftServerConfigKeys (ConfUtils.java:logGet(46)) - raft.server.rpc.timeout.max = 5200ms (custom)
2023-02-16 16:33:01,719 [pool-96-thread-1] INFO  server.RaftServerConfigKeys (ConfUtils.java:logGet(46)) - raft.server.rpc.sleep.time = 25ms (default)
2023-02-16 16:33:01,719 [pool-96-thread-1] INFO  server.RaftServerConfigKeys (ConfUtils.java:logGet(46)) - raft.server.rpc.slowness.timeout = 300s (custom)
2023-02-16 16:33:01,719 [pool-96-thread-1] INFO  server.RaftServerConfigKeys (ConfUtils.java:logGet(46)) - raft.server.leaderelection.leader.step-down.wait-time = 10s (default)
2023-02-16 16:33:01,719 [pool-96-thread-1] INFO  server.RaftServerConfigKeys (ConfUtils.java:logGet(46)) - raft.server.sleep.deviation.threshold = 300ms (default)
2023-02-16 16:33:01,719 [pool-96-thread-1] INFO  server.RaftServer$Division (ServerState.java:<init>(118)) - 1ef1131b-9485-4bfe-ad5a-910805a11fc3@group-3EE57BE958A0: ConfigurationManager, init=-1: peers:[78eb6234-2b78-46c2-a9a1-e074054ee483|rpc:10.1.0.66:37359|dataStream:10.1.0.66:34393|priority:0|startupRole:FOLLOWER, 1ef1131b-9485-4bfe-ad5a-910805a11fc3|rpc:10.1.0.66:42493|dataStream:10.1.0.66:44653|priority:1|startupRole:FOLLOWER, cb9b88df-491a-41e2-b87b-1e05ddc4218e|rpc:10.1.0.66:37327|dataStream:10.1.0.66:37421|priority:0|startupRole:FOLLOWER]|listeners:[], old=null, confs=<EMPTY_MAP>
2023-02-16 16:33:01,720 [pool-96-thread-1] INFO  server.RaftServerConfigKeys (ConfUtils.java:logGet(46)) - raft.server.storage.dir = [/home/runner/work/ozone/ozone/hadoop-ozone/integration-test/target/test-dir/MiniOzoneClusterImpl-3fa4a1d0-7183-4a36-b4d2-f70efcb14827/datanode-1/data/ratis] (custom)
2023-02-16 16:33:01,720 [pool-96-thread-1] INFO  server.RaftServerConfigKeys (ConfUtils.java:logGet(46)) - raft.server.log.corruption.policy = EXCEPTION (default)
2023-02-16 16:33:01,720 [pool-96-thread-1] INFO  server.RaftServerConfigKeys (ConfUtils.java:logGet(46)) - raft.server.storage.free-space.min = 0MB (=0) (default)
2023-02-16 16:33:01,720 [pool-96-thread-1] INFO  server.RaftServerConfigKeys (ConfUtils.java:logGet(46)) - raft.server.notification.no-leader.timeout = 300s (custom)
2023-02-16 16:33:01,720 [pool-96-thread-1] INFO  server.RaftServerConfigKeys (ConfUtils.java:logGet(46)) - raft.server.retrycache.expirytime = 600000ms (custom)
2023-02-16 16:33:01,720 [pool-96-thread-1] INFO  server.RaftServerConfigKeys (ConfUtils.java:logGet(46)) - raft.server.retrycache.statistics.expirytime = 100μs (default)
2023-02-16 16:33:01,721 [pool-96-thread-1] INFO  server.RaftServerConfigKeys (ConfUtils.java:logGet(46)) - raft.server.log.appender.install.snapshot.enabled = false (custom)
2023-02-16 16:33:01,721 [pool-96-thread-1] INFO  server.RaftServerConfigKeys (ConfUtils.java:logGet(46)) - raft.server.threadpool.server.cached = true (default)
2023-02-16 16:33:01,721 [pool-96-thread-1] INFO  server.RaftServerConfigKeys (ConfUtils.java:logGet(46)) - raft.server.threadpool.server.size = 0 (default)
2023-02-16 16:33:01,722 [pool-96-thread-1] INFO  server.RaftServerConfigKeys (ConfUtils.java:logGet(46)) - raft.server.threadpool.client.cached = true (default)
2023-02-16 16:33:01,722 [pool-96-thread-1] INFO  server.RaftServerConfigKeys (ConfUtils.java:logGet(46)) - raft.server.threadpool.client.size = 0 (default)
2023-02-16 16:33:01,722 [pool-96-thread-1] INFO  storage.RaftStorageDirectory (RaftStorageDirectoryImpl.java:analyzeStorage(137)) - The storage directory /home/runner/work/ozone/ozone/hadoop-ozone/integration-test/target/test-dir/MiniOzoneClusterImpl-3fa4a1d0-7183-4a36-b4d2-f70efcb14827/datanode-1/data/ratis/e41b74cb-c37d-48f1-a125-3ee57be958a0 does not exist. Creating ...
2023-02-16 16:33:01,724 [pool-96-thread-1] INFO  storage.RaftStorageDirectory (RaftStorageDirectoryImpl.java:tryLock(231)) - Lock on /home/runner/work/ozone/ozone/hadoop-ozone/integration-test/target/test-dir/MiniOzoneClusterImpl-3fa4a1d0-7183-4a36-b4d2-f70efcb14827/datanode-1/data/ratis/e41b74cb-c37d-48f1-a125-3ee57be958a0/in_use.lock acquired by nodename 11092@fv-az167-289
2023-02-16 16:33:01,725 [pool-96-thread-1] INFO  storage.RaftStorage (RaftStorageImpl.java:format(96)) - Storage directory /home/runner/work/ozone/ozone/hadoop-ozone/integration-test/target/test-dir/MiniOzoneClusterImpl-3fa4a1d0-7183-4a36-b4d2-f70efcb14827/datanode-1/data/ratis/e41b74cb-c37d-48f1-a125-3ee57be958a0 has been successfully formatted.
2023-02-16 16:33:01,735 [pool-96-thread-1] INFO  ratis.ContainerStateMachine (ContainerStateMachine.java:loadSnapshot(240)) - group-3EE57BE958A0: The snapshot info is null. Setting the last applied indexto:(t:0, i:~)
2023-02-16 16:33:01,736 [pool-96-thread-1] INFO  server.RaftServerConfigKeys (ConfUtils.java:logGet(46)) - raft.server.log.use.memory = false (default)
2023-02-16 16:33:01,736 [pool-96-thread-1] INFO  server.RaftServerConfigKeys (ConfUtils.java:logGet(46)) - raft.server.log.purge.gap = 1000000 (custom)
2023-02-16 16:33:01,736 [pool-96-thread-1] INFO  server.RaftServerConfigKeys (ConfUtils.java:logGet(46)) - raft.server.log.appender.buffer.byte-limit = 33554432 (custom)
2023-02-16 16:33:01,736 [pool-96-thread-1] INFO  server.RaftServerConfigKeys (ConfUtils.java:logGet(46)) - raft.server.log.statemachine.data.read.timeout = 1000ms (default)
2023-02-16 16:33:01,736 [pool-96-thread-1] INFO  server.RaftServerConfigKeys (ConfUtils.java:logGet(46)) - raft.server.log.purge.preservation.log.num = 0 (default)
2023-02-16 16:33:01,737 [pool-96-thread-1] INFO  server.RaftServerConfigKeys (ConfUtils.java:logGet(46)) - raft.server.log.segment.size.max = 1048576 (custom)
2023-02-16 16:33:01,737 [pool-96-thread-1] INFO  server.RaftServerConfigKeys (ConfUtils.java:logGet(46)) - raft.server.log.segment.cache.num.max = 2 (custom)
2023-02-16 16:33:01,737 [pool-96-thread-1] INFO  server.RaftServerConfigKeys (ConfUtils.java:logGet(46)) - raft.server.log.segment.cache.size.max = 200MB (=209715200) (default)
2023-02-16 16:33:01,738 [pool-96-thread-1] INFO  segmented.SegmentedRaftLogWorker (SegmentedRaftLogWorker.java:<init>(189)) - new 1ef1131b-9485-4bfe-ad5a-910805a11fc3@group-3EE57BE958A0-SegmentedRaftLogWorker for RaftStorageImpl:Storage Directory /home/runner/work/ozone/ozone/hadoop-ozone/integration-test/target/test-dir/MiniOzoneClusterImpl-3fa4a1d0-7183-4a36-b4d2-f70efcb14827/datanode-1/data/ratis/e41b74cb-c37d-48f1-a125-3ee57be958a0
2023-02-16 16:33:01,738 [pool-96-thread-1] INFO  server.RaftServerConfigKeys (ConfUtils.java:logGet(46)) - raft.server.log.queue.byte-limit = 4294967296 (custom)
2023-02-16 16:33:01,738 [pool-96-thread-1] INFO  server.RaftServerConfigKeys (ConfUtils.java:logGet(46)) - raft.server.log.queue.element-limit = 1024 (custom)
2023-02-16 16:33:01,738 [pool-96-thread-1] INFO  server.RaftServerConfigKeys (ConfUtils.java:logGet(46)) - raft.server.log.segment.size.max = 1048576 (custom)
2023-02-16 16:33:01,738 [pool-96-thread-1] INFO  server.RaftServerConfigKeys (ConfUtils.java:logGet(46)) - raft.server.log.preallocated.size = 16384 (custom)
2023-02-16 16:33:01,738 [pool-96-thread-1] INFO  server.RaftServerConfigKeys (ConfUtils.java:logGet(46)) - raft.server.log.force.sync.num = 128 (default)
2023-02-16 16:33:01,738 [pool-96-thread-1] INFO  server.RaftServerConfigKeys (ConfUtils.java:logGet(46)) - raft.server.log.statemachine.data.sync = true (default)
2023-02-16 16:33:01,738 [pool-96-thread-1] INFO  server.RaftServerConfigKeys (ConfUtils.java:logGet(46)) - raft.server.log.statemachine.data.sync.timeout = 10s (default)
2023-02-16 16:33:01,738 [pool-96-thread-1] INFO  server.RaftServerConfigKeys (ConfUtils.java:logGet(46)) - raft.server.log.statemachine.data.sync.timeout.retry = -1 (default)
2023-02-16 16:33:01,739 [pool-96-thread-1] INFO  server.RaftServerConfigKeys (ConfUtils.java:logGet(46)) - raft.server.log.write.buffer.size = 1048576 (custom)
2023-02-16 16:33:01,739 [pool-96-thread-1] INFO  server.RaftServerConfigKeys (ConfUtils.java:logGet(46)) - raft.server.log.appender.buffer.byte-limit = 33554432 (custom)
2023-02-16 16:33:01,742 [pool-96-thread-1] INFO  server.RaftServerConfigKeys (ConfUtils.java:logGet(46)) - raft.server.log.unsafe-flush.enabled = false (default)
2023-02-16 16:33:01,742 [pool-96-thread-1] INFO  server.RaftServerConfigKeys (ConfUtils.java:logGet(46)) - raft.server.log.async-flush.enabled = false (default)
2023-02-16 16:33:01,742 [pool-96-thread-1] INFO  server.RaftServerConfigKeys (ConfUtils.java:logGet(46)) - raft.server.log.statemachine.data.caching.enabled = true (custom)
2023-02-16 16:33:01,742 [pool-96-thread-1] INFO  segmented.SegmentedRaftLogWorker (SegmentedRaftLogWorker.java:lambda$new$0(135)) - 1ef1131b-9485-4bfe-ad5a-910805a11fc3@group-3EE57BE958A0-SegmentedRaftLogWorker: flushIndex: setUnconditionally 0 -> -1
2023-02-16 16:33:01,743 [pool-96-thread-1] INFO  segmented.SegmentedRaftLogWorker (SegmentedRaftLogWorker.java:lambda$new$0(135)) - 1ef1131b-9485-4bfe-ad5a-910805a11fc3@group-3EE57BE958A0-SegmentedRaftLogWorker: safeCacheEvictIndex: setUnconditionally 0 -> -1
2023-02-16 16:33:01,743 [pool-96-thread-1] INFO  server.RaftServer$Division (RaftServerImpl.java:start(334)) - 1ef1131b-9485-4bfe-ad5a-910805a11fc3@group-3EE57BE958A0: start as a follower, conf=-1: peers:[78eb6234-2b78-46c2-a9a1-e074054ee483|rpc:10.1.0.66:37359|dataStream:10.1.0.66:34393|priority:0|startupRole:FOLLOWER, 1ef1131b-9485-4bfe-ad5a-910805a11fc3|rpc:10.1.0.66:42493|dataStream:10.1.0.66:44653|priority:1|startupRole:FOLLOWER, cb9b88df-491a-41e2-b87b-1e05ddc4218e|rpc:10.1.0.66:37327|dataStream:10.1.0.66:37421|priority:0|startupRole:FOLLOWER]|listeners:[], old=null
2023-02-16 16:33:01,743 [pool-96-thread-1] INFO  server.RaftServer$Division (RaftServerImpl.java:setRole(321)) - 1ef1131b-9485-4bfe-ad5a-910805a11fc3@group-3EE57BE958A0: changes role from      null to FOLLOWER at term 0 for startAsFollower
2023-02-16 16:33:01,743 [pool-96-thread-1] INFO  impl.RoleInfo (RoleInfo.java:updateAndGet(139)) - 1ef1131b-9485-4bfe-ad5a-910805a11fc3: start 1ef1131b-9485-4bfe-ad5a-910805a11fc3@group-3EE57BE958A0-FollowerState
2023-02-16 16:33:01,743 [1ef1131b-9485-4bfe-ad5a-910805a11fc3@group-3EE57BE958A0-FollowerState] INFO  server.RaftServerConfigKeys (ConfUtils.java:logFallback(53)) - raft.server.rpc.first-election.timeout.min = 5s (fallback to raft.server.rpc.timeout.min)
2023-02-16 16:33:01,747 [1ef1131b-9485-4bfe-ad5a-910805a11fc3@group-3EE57BE958A0-FollowerState] INFO  server.RaftServerConfigKeys (ConfUtils.java:logFallback(53)) - raft.server.rpc.first-election.timeout.max = 5200ms (fallback to raft.server.rpc.timeout.max)
2023-02-16 16:33:01,747 [pool-96-thread-1] INFO  util.JmxRegister (JmxRegister.java:tryRegister(44)) - Successfully registered JMX Bean with object name Ratis:service=RaftServer,group=group-3EE57BE958A0,id=1ef1131b-9485-4bfe-ad5a-910805a11fc3
2023-02-16 16:33:01,748 [pool-96-thread-1] INFO  server.RaftServerConfigKeys (ConfUtils.java:logGet(46)) - raft.server.snapshot.auto.trigger.enabled = true (custom)
2023-02-16 16:33:01,748 [pool-96-thread-1] INFO  server.RaftServerConfigKeys (ConfUtils.java:logGet(46)) - raft.server.snapshot.auto.trigger.threshold = 10000 (custom)
2023-02-16 16:33:01,748 [pool-96-thread-1] INFO  server.RaftServerConfigKeys (ConfUtils.java:logGet(46)) - raft.server.snapshot.retention.file.num = 5 (custom)
2023-02-16 16:33:01,748 [pool-96-thread-1] INFO  server.RaftServerConfigKeys (ConfUtils.java:logGet(46)) - raft.server.log.purge.upto.snapshot.index = false (default)
2023-02-16 16:33:01,813 [grpc-default-executor-0] INFO  server.RaftServer (RaftServerProxy.java:addNew(96)) - 78eb6234-2b78-46c2-a9a1-e074054ee483: addNew group-3EE57BE958A0:[78eb6234-2b78-46c2-a9a1-e074054ee483|rpc:10.1.0.66:37359|dataStream:10.1.0.66:34393|priority:0|startupRole:FOLLOWER, 1ef1131b-9485-4bfe-ad5a-910805a11fc3|rpc:10.1.0.66:42493|dataStream:10.1.0.66:44653|priority:1|startupRole:FOLLOWER, cb9b88df-491a-41e2-b87b-1e05ddc4218e|rpc:10.1.0.66:37327|dataStream:10.1.0.66:37421|priority:0|startupRole:FOLLOWER] returns group-3EE57BE958A0:java.util.concurrent.CompletableFuture@646fe028[Not completed]
2023-02-16 16:33:01,815 [pool-118-thread-1] INFO  server.RaftServer$Division (RaftServerImpl.java:<init>(195)) - 78eb6234-2b78-46c2-a9a1-e074054ee483: new RaftServerImpl for group-3EE57BE958A0:[78eb6234-2b78-46c2-a9a1-e074054ee483|rpc:10.1.0.66:37359|dataStream:10.1.0.66:34393|priority:0|startupRole:FOLLOWER, 1ef1131b-9485-4bfe-ad5a-910805a11fc3|rpc:10.1.0.66:42493|dataStream:10.1.0.66:44653|priority:1|startupRole:FOLLOWER, cb9b88df-491a-41e2-b87b-1e05ddc4218e|rpc:10.1.0.66:37327|dataStream:10.1.0.66:37421|priority:0|startupRole:FOLLOWER] with ContainerStateMachine:uninitialized
2023-02-16 16:33:01,815 [pool-118-thread-1] INFO  server.RaftServerConfigKeys (ConfUtils.java:logGet(46)) - raft.server.rpc.timeout.min = 5s (custom)
2023-02-16 16:33:01,815 [pool-118-thread-1] INFO  server.RaftServerConfigKeys (ConfUtils.java:logGet(46)) - raft.server.rpc.timeout.max = 5200ms (custom)
2023-02-16 16:33:01,815 [pool-118-thread-1] INFO  server.RaftServerConfigKeys (ConfUtils.java:logGet(46)) - raft.server.rpc.sleep.time = 25ms (default)
2023-02-16 16:33:01,815 [pool-118-thread-1] INFO  server.RaftServerConfigKeys (ConfUtils.java:logGet(46)) - raft.server.rpc.slowness.timeout = 300s (custom)
2023-02-16 16:33:01,816 [pool-118-thread-1] INFO  server.RaftServerConfigKeys (ConfUtils.java:logGet(46)) - raft.server.leaderelection.leader.step-down.wait-time = 10s (default)
2023-02-16 16:33:01,816 [pool-118-thread-1] INFO  server.RaftServerConfigKeys (ConfUtils.java:logGet(46)) - raft.server.sleep.deviation.threshold = 300ms (default)
2023-02-16 16:33:01,816 [pool-118-thread-1] INFO  server.RaftServer$Division (ServerState.java:<init>(118)) - 78eb6234-2b78-46c2-a9a1-e074054ee483@group-3EE57BE958A0: ConfigurationManager, init=-1: peers:[78eb6234-2b78-46c2-a9a1-e074054ee483|rpc:10.1.0.66:37359|dataStream:10.1.0.66:34393|priority:0|startupRole:FOLLOWER, 1ef1131b-9485-4bfe-ad5a-910805a11fc3|rpc:10.1.0.66:42493|dataStream:10.1.0.66:44653|priority:1|startupRole:FOLLOWER, cb9b88df-491a-41e2-b87b-1e05ddc4218e|rpc:10.1.0.66:37327|dataStream:10.1.0.66:37421|priority:0|startupRole:FOLLOWER]|listeners:[], old=null, confs=<EMPTY_MAP>
2023-02-16 16:33:01,816 [pool-118-thread-1] INFO  server.RaftServerConfigKeys (ConfUtils.java:logGet(46)) - raft.server.storage.dir = [/home/runner/work/ozone/ozone/hadoop-ozone/integration-test/target/test-dir/MiniOzoneClusterImpl-3fa4a1d0-7183-4a36-b4d2-f70efcb14827/datanode-2/data/ratis] (custom)
2023-02-16 16:33:01,816 [pool-118-thread-1] INFO  server.RaftServerConfigKeys (ConfUtils.java:logGet(46)) - raft.server.log.corruption.policy = EXCEPTION (default)
2023-02-16 16:33:01,817 [pool-118-thread-1] INFO  server.RaftServerConfigKeys (ConfUtils.java:logGet(46)) - raft.server.storage.free-space.min = 0MB (=0) (default)
2023-02-16 16:33:01,817 [pool-118-thread-1] INFO  server.RaftServerConfigKeys (ConfUtils.java:logGet(46)) - raft.server.notification.no-leader.timeout = 300s (custom)
2023-02-16 16:33:01,817 [pool-118-thread-1] INFO  server.RaftServerConfigKeys (ConfUtils.java:logGet(46)) - raft.server.retrycache.expirytime = 600000ms (custom)
2023-02-16 16:33:01,817 [pool-118-thread-1] INFO  server.RaftServerConfigKeys (ConfUtils.java:logGet(46)) - raft.server.retrycache.statistics.expirytime = 100μs (default)
2023-02-16 16:33:01,819 [pool-118-thread-1] INFO  server.RaftServerConfigKeys (ConfUtils.java:logGet(46)) - raft.server.log.appender.install.snapshot.enabled = false (custom)
2023-02-16 16:33:01,819 [pool-118-thread-1] INFO  server.RaftServerConfigKeys (ConfUtils.java:logGet(46)) - raft.server.threadpool.server.cached = true (default)
2023-02-16 16:33:01,820 [pool-118-thread-1] INFO  server.RaftServerConfigKeys (ConfUtils.java:logGet(46)) - raft.server.threadpool.server.size = 0 (default)
2023-02-16 16:33:01,820 [pool-118-thread-1] INFO  server.RaftServerConfigKeys (ConfUtils.java:logGet(46)) - raft.server.threadpool.client.cached = true (default)
2023-02-16 16:33:01,820 [pool-118-thread-1] INFO  server.RaftServerConfigKeys (ConfUtils.java:logGet(46)) - raft.server.threadpool.client.size = 0 (default)
2023-02-16 16:33:01,820 [pool-118-thread-1] INFO  storage.RaftStorageDirectory (RaftStorageDirectoryImpl.java:analyzeStorage(137)) - The storage directory /home/runner/work/ozone/ozone/hadoop-ozone/integration-test/target/test-dir/MiniOzoneClusterImpl-3fa4a1d0-7183-4a36-b4d2-f70efcb14827/datanode-2/data/ratis/e41b74cb-c37d-48f1-a125-3ee57be958a0 does not exist. Creating ...
2023-02-16 16:33:01,821 [pool-118-thread-1] INFO  storage.RaftStorageDirectory (RaftStorageDirectoryImpl.java:tryLock(231)) - Lock on /home/runner/work/ozone/ozone/hadoop-ozone/integration-test/target/test-dir/MiniOzoneClusterImpl-3fa4a1d0-7183-4a36-b4d2-f70efcb14827/datanode-2/data/ratis/e41b74cb-c37d-48f1-a125-3ee57be958a0/in_use.lock acquired by nodename 11092@fv-az167-289
2023-02-16 16:33:01,823 [pool-118-thread-1] INFO  storage.RaftStorage (RaftStorageImpl.java:format(96)) - Storage directory /home/runner/work/ozone/ozone/hadoop-ozone/integration-test/target/test-dir/MiniOzoneClusterImpl-3fa4a1d0-7183-4a36-b4d2-f70efcb14827/datanode-2/data/ratis/e41b74cb-c37d-48f1-a125-3ee57be958a0 has been successfully formatted.
2023-02-16 16:33:01,825 [pool-118-thread-1] INFO  ratis.ContainerStateMachine (ContainerStateMachine.java:loadSnapshot(240)) - group-3EE57BE958A0: The snapshot info is null. Setting the last applied indexto:(t:0, i:~)
2023-02-16 16:33:01,828 [pool-118-thread-1] INFO  server.RaftServerConfigKeys (ConfUtils.java:logGet(46)) - raft.server.log.use.memory = false (default)
2023-02-16 16:33:01,828 [pool-118-thread-1] INFO  server.RaftServerConfigKeys (ConfUtils.java:logGet(46)) - raft.server.log.purge.gap = 1000000 (custom)
2023-02-16 16:33:01,828 [pool-118-thread-1] INFO  server.RaftServerConfigKeys (ConfUtils.java:logGet(46)) - raft.server.log.appender.buffer.byte-limit = 33554432 (custom)
2023-02-16 16:33:01,828 [pool-118-thread-1] INFO  server.RaftServerConfigKeys (ConfUtils.java:logGet(46)) - raft.server.log.statemachine.data.read.timeout = 1000ms (default)
2023-02-16 16:33:01,829 [pool-118-thread-1] INFO  server.RaftServerConfigKeys (ConfUtils.java:logGet(46)) - raft.server.log.purge.preservation.log.num = 0 (default)
2023-02-16 16:33:01,830 [pool-118-thread-1] INFO  server.RaftServerConfigKeys (ConfUtils.java:logGet(46)) - raft.server.log.segment.size.max = 1048576 (custom)
2023-02-16 16:33:01,831 [pool-118-thread-1] INFO  server.RaftServerConfigKeys (ConfUtils.java:logGet(46)) - raft.server.log.segment.cache.num.max = 2 (custom)
2023-02-16 16:33:01,831 [pool-118-thread-1] INFO  server.RaftServerConfigKeys (ConfUtils.java:logGet(46)) - raft.server.log.segment.cache.size.max = 200MB (=209715200) (default)
2023-02-16 16:33:01,831 [pool-118-thread-1] INFO  segmented.SegmentedRaftLogWorker (SegmentedRaftLogWorker.java:<init>(189)) - new 78eb6234-2b78-46c2-a9a1-e074054ee483@group-3EE57BE958A0-SegmentedRaftLogWorker for RaftStorageImpl:Storage Directory /home/runner/work/ozone/ozone/hadoop-ozone/integration-test/target/test-dir/MiniOzoneClusterImpl-3fa4a1d0-7183-4a36-b4d2-f70efcb14827/datanode-2/data/ratis/e41b74cb-c37d-48f1-a125-3ee57be958a0
2023-02-16 16:33:01,831 [pool-118-thread-1] INFO  server.RaftServerConfigKeys (ConfUtils.java:logGet(46)) - raft.server.log.queue.byte-limit = 4294967296 (custom)
2023-02-16 16:33:01,831 [pool-118-thread-1] INFO  server.RaftServerConfigKeys (ConfUtils.java:logGet(46)) - raft.server.log.queue.element-limit = 1024 (custom)
2023-02-16 16:33:01,831 [pool-118-thread-1] INFO  server.RaftServerConfigKeys (ConfUtils.java:logGet(46)) - raft.server.log.segment.size.max = 1048576 (custom)
2023-02-16 16:33:01,831 [pool-118-thread-1] INFO  server.RaftServerConfigKeys (ConfUtils.java:logGet(46)) - raft.server.log.preallocated.size = 16384 (custom)
2023-02-16 16:33:01,831 [pool-118-thread-1] INFO  server.RaftServerConfigKeys (ConfUtils.java:logGet(46)) - raft.server.log.force.sync.num = 128 (default)
2023-02-16 16:33:01,831 [pool-118-thread-1] INFO  server.RaftServerConfigKeys (ConfUtils.java:logGet(46)) - raft.server.log.statemachine.data.sync = true (default)
2023-02-16 16:33:01,831 [pool-118-thread-1] INFO  server.RaftServerConfigKeys (ConfUtils.java:logGet(46)) - raft.server.log.statemachine.data.sync.timeout = 10s (default)
2023-02-16 16:33:01,831 [pool-118-thread-1] INFO  server.RaftServerConfigKeys (ConfUtils.java:logGet(46)) - raft.server.log.statemachine.data.sync.timeout.retry = -1 (default)
2023-02-16 16:33:01,832 [pool-118-thread-1] INFO  server.RaftServerConfigKeys (ConfUtils.java:logGet(46)) - raft.server.log.write.buffer.size = 1048576 (custom)
2023-02-16 16:33:01,833 [pool-118-thread-1] INFO  server.RaftServerConfigKeys (ConfUtils.java:logGet(46)) - raft.server.log.appender.buffer.byte-limit = 33554432 (custom)
2023-02-16 16:33:01,836 [pool-118-thread-1] INFO  server.RaftServerConfigKeys (ConfUtils.java:logGet(46)) - raft.server.log.unsafe-flush.enabled = false (default)
2023-02-16 16:33:01,836 [pool-118-thread-1] INFO  server.RaftServerConfigKeys (ConfUtils.java:logGet(46)) - raft.server.log.async-flush.enabled = false (default)
2023-02-16 16:33:01,836 [pool-118-thread-1] INFO  server.RaftServerConfigKeys (ConfUtils.java:logGet(46)) - raft.server.log.statemachine.data.caching.enabled = true (custom)
2023-02-16 16:33:01,836 [pool-118-thread-1] INFO  segmented.SegmentedRaftLogWorker (SegmentedRaftLogWorker.java:lambda$new$0(135)) - 78eb6234-2b78-46c2-a9a1-e074054ee483@group-3EE57BE958A0-SegmentedRaftLogWorker: flushIndex: setUnconditionally 0 -> -1
2023-02-16 16:33:01,836 [pool-118-thread-1] INFO  segmented.SegmentedRaftLogWorker (SegmentedRaftLogWorker.java:lambda$new$0(135)) - 78eb6234-2b78-46c2-a9a1-e074054ee483@group-3EE57BE958A0-SegmentedRaftLogWorker: safeCacheEvictIndex: setUnconditionally 0 -> -1
2023-02-16 16:33:01,843 [pool-118-thread-1] INFO  server.RaftServer$Division (RaftServerImpl.java:start(334)) - 78eb6234-2b78-46c2-a9a1-e074054ee483@group-3EE57BE958A0: start as a follower, conf=-1: peers:[78eb6234-2b78-46c2-a9a1-e074054ee483|rpc:10.1.0.66:37359|dataStream:10.1.0.66:34393|priority:0|startupRole:FOLLOWER, 1ef1131b-9485-4bfe-ad5a-910805a11fc3|rpc:10.1.0.66:42493|dataStream:10.1.0.66:44653|priority:1|startupRole:FOLLOWER, cb9b88df-491a-41e2-b87b-1e05ddc4218e|rpc:10.1.0.66:37327|dataStream:10.1.0.66:37421|priority:0|startupRole:FOLLOWER]|listeners:[], old=null
2023-02-16 16:33:01,843 [pool-118-thread-1] INFO  server.RaftServer$Division (RaftServerImpl.java:setRole(321)) - 78eb6234-2b78-46c2-a9a1-e074054ee483@group-3EE57BE958A0: changes role from      null to FOLLOWER at term 0 for startAsFollower
2023-02-16 16:33:01,843 [pool-118-thread-1] INFO  impl.RoleInfo (RoleInfo.java:updateAndGet(139)) - 78eb6234-2b78-46c2-a9a1-e074054ee483: start 78eb6234-2b78-46c2-a9a1-e074054ee483@group-3EE57BE958A0-FollowerState
2023-02-16 16:33:01,847 [pool-118-thread-1] INFO  util.JmxRegister (JmxRegister.java:tryRegister(44)) - Successfully registered JMX Bean with object name Ratis:service=RaftServer,group=group-3EE57BE958A0,id=78eb6234-2b78-46c2-a9a1-e074054ee483
2023-02-16 16:33:01,847 [pool-118-thread-1] INFO  server.RaftServerConfigKeys (ConfUtils.java:logGet(46)) - raft.server.snapshot.auto.trigger.enabled = true (custom)
2023-02-16 16:33:01,847 [pool-118-thread-1] INFO  server.RaftServerConfigKeys (ConfUtils.java:logGet(46)) - raft.server.snapshot.auto.trigger.threshold = 10000 (custom)
2023-02-16 16:33:01,849 [pool-118-thread-1] INFO  server.RaftServerConfigKeys (ConfUtils.java:logGet(46)) - raft.server.snapshot.retention.file.num = 5 (custom)
2023-02-16 16:33:01,850 [pool-118-thread-1] INFO  server.RaftServerConfigKeys (ConfUtils.java:logGet(46)) - raft.server.log.purge.upto.snapshot.index = false (default)
2023-02-16 16:33:01,850 [78eb6234-2b78-46c2-a9a1-e074054ee483@group-3EE57BE958A0-FollowerState] INFO  server.RaftServerConfigKeys (ConfUtils.java:logFallback(53)) - raft.server.rpc.first-election.timeout.min = 5s (fallback to raft.server.rpc.timeout.min)
2023-02-16 16:33:01,852 [78eb6234-2b78-46c2-a9a1-e074054ee483@group-3EE57BE958A0-FollowerState] INFO  server.RaftServerConfigKeys (ConfUtils.java:logFallback(53)) - raft.server.rpc.first-election.timeout.max = 5200ms (fallback to raft.server.rpc.timeout.max)
2023-02-16 16:33:01,863 [Command processor thread] INFO  commandhandler.CreatePipelineCommandHandler (CreatePipelineCommandHandler.java:handle(113)) - Created Pipeline RATIS THREE PipelineID=e41b74cb-c37d-48f1-a125-3ee57be958a0.
2023-02-16 16:33:01,863 [Command processor thread] INFO  server.RaftServer (RaftServerProxy.java:addNew(96)) - cb9b88df-491a-41e2-b87b-1e05ddc4218e: addNew group-8BAC40614D06:[78eb6234-2b78-46c2-a9a1-e074054ee483|rpc:10.1.0.66:37359|dataStream:10.1.0.66:34393|priority:0|startupRole:FOLLOWER, 1ef1131b-9485-4bfe-ad5a-910805a11fc3|rpc:10.1.0.66:42493|dataStream:10.1.0.66:44653|priority:0|startupRole:FOLLOWER, cb9b88df-491a-41e2-b87b-1e05ddc4218e|rpc:10.1.0.66:37327|dataStream:10.1.0.66:37421|priority:1|startupRole:FOLLOWER] returns group-8BAC40614D06:java.util.concurrent.CompletableFuture@14fcecf0[Not completed]
2023-02-16 16:33:01,864 [pool-74-thread-1] INFO  server.RaftServer$Division (RaftServerImpl.java:<init>(195)) - cb9b88df-491a-41e2-b87b-1e05ddc4218e: new RaftServerImpl for group-8BAC40614D06:[78eb6234-2b78-46c2-a9a1-e074054ee483|rpc:10.1.0.66:37359|dataStream:10.1.0.66:34393|priority:0|startupRole:FOLLOWER, 1ef1131b-9485-4bfe-ad5a-910805a11fc3|rpc:10.1.0.66:42493|dataStream:10.1.0.66:44653|priority:0|startupRole:FOLLOWER, cb9b88df-491a-41e2-b87b-1e05ddc4218e|rpc:10.1.0.66:37327|dataStream:10.1.0.66:37421|priority:1|startupRole:FOLLOWER] with ContainerStateMachine:uninitialized
2023-02-16 16:33:01,864 [pool-74-thread-1] INFO  server.RaftServerConfigKeys (ConfUtils.java:logGet(46)) - raft.server.rpc.timeout.min = 5s (custom)
2023-02-16 16:33:01,864 [pool-74-thread-1] INFO  server.RaftServerConfigKeys (ConfUtils.java:logGet(46)) - raft.server.rpc.timeout.max = 5200ms (custom)
2023-02-16 16:33:01,864 [pool-74-thread-1] INFO  server.RaftServerConfigKeys (ConfUtils.java:logGet(46)) - raft.server.rpc.sleep.time = 25ms (default)
2023-02-16 16:33:01,865 [pool-74-thread-1] INFO  server.RaftServerConfigKeys (ConfUtils.java:logGet(46)) - raft.server.rpc.slowness.timeout = 300s (custom)
2023-02-16 16:33:01,865 [pool-74-thread-1] INFO  server.RaftServerConfigKeys (ConfUtils.java:logGet(46)) - raft.server.leaderelection.leader.step-down.wait-time = 10s (default)
2023-02-16 16:33:01,865 [pool-74-thread-1] INFO  server.RaftServerConfigKeys (ConfUtils.java:logGet(46)) - raft.server.sleep.deviation.threshold = 300ms (default)
2023-02-16 16:33:01,865 [pool-74-thread-1] INFO  server.RaftServer$Division (ServerState.java:<init>(118)) - cb9b88df-491a-41e2-b87b-1e05ddc4218e@group-8BAC40614D06: ConfigurationManager, init=-1: peers:[78eb6234-2b78-46c2-a9a1-e074054ee483|rpc:10.1.0.66:37359|dataStream:10.1.0.66:34393|priority:0|startupRole:FOLLOWER, 1ef1131b-9485-4bfe-ad5a-910805a11fc3|rpc:10.1.0.66:42493|dataStream:10.1.0.66:44653|priority:0|startupRole:FOLLOWER, cb9b88df-491a-41e2-b87b-1e05ddc4218e|rpc:10.1.0.66:37327|dataStream:10.1.0.66:37421|priority:1|startupRole:FOLLOWER]|listeners:[], old=null, confs=<EMPTY_MAP>
2023-02-16 16:33:01,865 [pool-74-thread-1] INFO  server.RaftServerConfigKeys (ConfUtils.java:logGet(46)) - raft.server.storage.dir = [/home/runner/work/ozone/ozone/hadoop-ozone/integration-test/target/test-dir/MiniOzoneClusterImpl-3fa4a1d0-7183-4a36-b4d2-f70efcb14827/datanode-0/data/ratis] (custom)
2023-02-16 16:33:01,865 [pool-74-thread-1] INFO  server.RaftServerConfigKeys (ConfUtils.java:logGet(46)) - raft.server.log.corruption.policy = EXCEPTION (default)
2023-02-16 16:33:01,865 [pool-74-thread-1] INFO  server.RaftServerConfigKeys (ConfUtils.java:logGet(46)) - raft.server.storage.free-space.min = 0MB (=0) (default)
2023-02-16 16:33:01,865 [pool-74-thread-1] INFO  server.RaftServerConfigKeys (ConfUtils.java:logGet(46)) - raft.server.notification.no-leader.timeout = 300s (custom)
2023-02-16 16:33:01,865 [pool-74-thread-1] INFO  server.RaftServerConfigKeys (ConfUtils.java:logGet(46)) - raft.server.retrycache.expirytime = 600000ms (custom)
2023-02-16 16:33:01,865 [pool-74-thread-1] INFO  server.RaftServerConfigKeys (ConfUtils.java:logGet(46)) - raft.server.retrycache.statistics.expirytime = 100μs (default)
2023-02-16 16:33:01,866 [pool-74-thread-1] INFO  server.RaftServerConfigKeys (ConfUtils.java:logGet(46)) - raft.server.log.appender.install.snapshot.enabled = false (custom)
2023-02-16 16:33:01,866 [pool-74-thread-1] INFO  server.RaftServerConfigKeys (ConfUtils.java:logGet(46)) - raft.server.threadpool.server.cached = true (default)
2023-02-16 16:33:01,866 [pool-74-thread-1] INFO  server.RaftServerConfigKeys (ConfUtils.java:logGet(46)) - raft.server.threadpool.server.size = 0 (default)
2023-02-16 16:33:01,866 [pool-74-thread-1] INFO  server.RaftServerConfigKeys (ConfUtils.java:logGet(46)) - raft.server.threadpool.client.cached = true (default)
2023-02-16 16:33:01,866 [pool-74-thread-1] INFO  server.RaftServerConfigKeys (ConfUtils.java:logGet(46)) - raft.server.threadpool.client.size = 0 (default)
2023-02-16 16:33:01,866 [pool-74-thread-1] INFO  storage.RaftStorageDirectory (RaftStorageDirectoryImpl.java:analyzeStorage(137)) - The storage directory /home/runner/work/ozone/ozone/hadoop-ozone/integration-test/target/test-dir/MiniOzoneClusterImpl-3fa4a1d0-7183-4a36-b4d2-f70efcb14827/datanode-0/data/ratis/3893d2fd-dfd5-4c90-be2b-8bac40614d06 does not exist. Creating ...
2023-02-16 16:33:01,867 [pool-74-thread-1] INFO  storage.RaftStorageDirectory (RaftStorageDirectoryImpl.java:tryLock(231)) - Lock on /home/runner/work/ozone/ozone/hadoop-ozone/integration-test/target/test-dir/MiniOzoneClusterImpl-3fa4a1d0-7183-4a36-b4d2-f70efcb14827/datanode-0/data/ratis/3893d2fd-dfd5-4c90-be2b-8bac40614d06/in_use.lock acquired by nodename 11092@fv-az167-289
2023-02-16 16:33:01,868 [pool-74-thread-1] INFO  storage.RaftStorage (RaftStorageImpl.java:format(96)) - Storage directory /home/runner/work/ozone/ozone/hadoop-ozone/integration-test/target/test-dir/MiniOzoneClusterImpl-3fa4a1d0-7183-4a36-b4d2-f70efcb14827/datanode-0/data/ratis/3893d2fd-dfd5-4c90-be2b-8bac40614d06 has been successfully formatted.
2023-02-16 16:33:01,871 [EventQueue-OpenPipelineForHealthyPipelineSafeModeRule] INFO  safemode.SCMSafeModeManager (HealthyPipelineSafeModeRule.java:process(137)) - SCM in safe mode. Healthy pipelines reported count is 0, required healthy pipeline reported count is 1
2023-02-16 16:33:01,872 [pool-74-thread-1] INFO  ratis.ContainerStateMachine (ContainerStateMachine.java:loadSnapshot(240)) - group-8BAC40614D06: The snapshot info is null. Setting the last applied indexto:(t:0, i:~)
2023-02-16 16:33:01,872 [pool-74-thread-1] INFO  server.RaftServerConfigKeys (ConfUtils.java:logGet(46)) - raft.server.log.use.memory = false (default)
2023-02-16 16:33:01,872 [pool-74-thread-1] INFO  server.RaftServerConfigKeys (ConfUtils.java:logGet(46)) - raft.server.log.purge.gap = 1000000 (custom)
2023-02-16 16:33:01,872 [pool-74-thread-1] INFO  server.RaftServerConfigKeys (ConfUtils.java:logGet(46)) - raft.server.log.appender.buffer.byte-limit = 33554432 (custom)
2023-02-16 16:33:01,872 [pool-74-thread-1] INFO  server.RaftServerConfigKeys (ConfUtils.java:logGet(46)) - raft.server.log.statemachine.data.read.timeout = 1000ms (default)
2023-02-16 16:33:01,872 [pool-74-thread-1] INFO  server.RaftServerConfigKeys (ConfUtils.java:logGet(46)) - raft.server.log.purge.preservation.log.num = 0 (default)
2023-02-16 16:33:01,873 [pool-74-thread-1] INFO  server.RaftServerConfigKeys (ConfUtils.java:logGet(46)) - raft.server.log.segment.size.max = 1048576 (custom)
2023-02-16 16:33:01,874 [pool-74-thread-1] INFO  server.RaftServerConfigKeys (ConfUtils.java:logGet(46)) - raft.server.log.segment.cache.num.max = 2 (custom)
2023-02-16 16:33:01,876 [pool-74-thread-1] INFO  server.RaftServerConfigKeys (ConfUtils.java:logGet(46)) - raft.server.log.segment.cache.size.max = 200MB (=209715200) (default)
2023-02-16 16:33:01,876 [pool-74-thread-1] INFO  segmented.SegmentedRaftLogWorker (SegmentedRaftLogWorker.java:<init>(189)) - new cb9b88df-491a-41e2-b87b-1e05ddc4218e@group-8BAC40614D06-SegmentedRaftLogWorker for RaftStorageImpl:Storage Directory /home/runner/work/ozone/ozone/hadoop-ozone/integration-test/target/test-dir/MiniOzoneClusterImpl-3fa4a1d0-7183-4a36-b4d2-f70efcb14827/datanode-0/data/ratis/3893d2fd-dfd5-4c90-be2b-8bac40614d06
2023-02-16 16:33:01,876 [pool-74-thread-1] INFO  server.RaftServerConfigKeys (ConfUtils.java:logGet(46)) - raft.server.log.queue.byte-limit = 4294967296 (custom)
2023-02-16 16:33:01,876 [pool-74-thread-1] INFO  server.RaftServerConfigKeys (ConfUtils.java:logGet(46)) - raft.server.log.queue.element-limit = 1024 (custom)
2023-02-16 16:33:01,876 [pool-74-thread-1] INFO  server.RaftServerConfigKeys (ConfUtils.java:logGet(46)) - raft.server.log.segment.size.max = 1048576 (custom)
2023-02-16 16:33:01,876 [pool-74-thread-1] INFO  server.RaftServerConfigKeys (ConfUtils.java:logGet(46)) - raft.server.log.preallocated.size = 16384 (custom)
2023-02-16 16:33:01,876 [pool-74-thread-1] INFO  server.RaftServerConfigKeys (ConfUtils.java:logGet(46)) - raft.server.log.force.sync.num = 128 (default)
2023-02-16 16:33:01,876 [pool-74-thread-1] INFO  server.RaftServerConfigKeys (ConfUtils.java:logGet(46)) - raft.server.log.statemachine.data.sync = true (default)
2023-02-16 16:33:01,876 [pool-74-thread-1] INFO  server.RaftServerConfigKeys (ConfUtils.java:logGet(46)) - raft.server.log.statemachine.data.sync.timeout = 10s (default)
2023-02-16 16:33:01,876 [pool-74-thread-1] INFO  server.RaftServerConfigKeys (ConfUtils.java:logGet(46)) - raft.server.log.statemachine.data.sync.timeout.retry = -1 (default)
2023-02-16 16:33:01,877 [pool-74-thread-1] INFO  server.RaftServerConfigKeys (ConfUtils.java:logGet(46)) - raft.server.log.write.buffer.size = 1048576 (custom)
2023-02-16 16:33:01,877 [pool-74-thread-1] INFO  server.RaftServerConfigKeys (ConfUtils.java:logGet(46)) - raft.server.log.appender.buffer.byte-limit = 33554432 (custom)
2023-02-16 16:33:01,885 [Command processor thread] INFO  server.RaftServer (RaftServerProxy.java:addNew(96)) - 1ef1131b-9485-4bfe-ad5a-910805a11fc3: addNew group-77F5BCE9CB83:[1ef1131b-9485-4bfe-ad5a-910805a11fc3|rpc:10.1.0.66:42493|dataStream:10.1.0.66:44653|priority:1|startupRole:FOLLOWER] returns group-77F5BCE9CB83:java.util.concurrent.CompletableFuture@6b6101e1[Not completed]
2023-02-16 16:33:01,886 [pool-96-thread-1] INFO  server.RaftServer$Division (RaftServerImpl.java:<init>(195)) - 1ef1131b-9485-4bfe-ad5a-910805a11fc3: new RaftServerImpl for group-77F5BCE9CB83:[1ef1131b-9485-4bfe-ad5a-910805a11fc3|rpc:10.1.0.66:42493|dataStream:10.1.0.66:44653|priority:1|startupRole:FOLLOWER] with ContainerStateMachine:uninitialized
2023-02-16 16:33:01,886 [pool-96-thread-1] INFO  server.RaftServerConfigKeys (ConfUtils.java:logGet(46)) - raft.server.rpc.timeout.min = 5s (custom)
2023-02-16 16:33:01,886 [pool-96-thread-1] INFO  server.RaftServerConfigKeys (ConfUtils.java:logGet(46)) - raft.server.rpc.timeout.max = 5200ms (custom)
2023-02-16 16:33:01,886 [pool-96-thread-1] INFO  server.RaftServerConfigKeys (ConfUtils.java:logGet(46)) - raft.server.rpc.sleep.time = 25ms (default)
2023-02-16 16:33:01,887 [pool-96-thread-1] INFO  server.RaftServerConfigKeys (ConfUtils.java:logGet(46)) - raft.server.rpc.slowness.timeout = 300s (custom)
2023-02-16 16:33:01,887 [pool-96-thread-1] INFO  server.RaftServerConfigKeys (ConfUtils.java:logGet(46)) - raft.server.leaderelection.leader.step-down.wait-time = 10s (default)
2023-02-16 16:33:01,887 [pool-96-thread-1] INFO  server.RaftServerConfigKeys (ConfUtils.java:logGet(46)) - raft.server.sleep.deviation.threshold = 300ms (default)
2023-02-16 16:33:01,887 [pool-96-thread-1] INFO  server.RaftServer$Division (ServerState.java:<init>(118)) - 1ef1131b-9485-4bfe-ad5a-910805a11fc3@group-77F5BCE9CB83: ConfigurationManager, init=-1: peers:[1ef1131b-9485-4bfe-ad5a-910805a11fc3|rpc:10.1.0.66:42493|dataStream:10.1.0.66:44653|priority:1|startupRole:FOLLOWER]|listeners:[], old=null, confs=<EMPTY_MAP>
2023-02-16 16:33:01,887 [pool-96-thread-1] INFO  server.RaftServerConfigKeys (ConfUtils.java:logGet(46)) - raft.server.storage.dir = [/home/runner/work/ozone/ozone/hadoop-ozone/integration-test/target/test-dir/MiniOzoneClusterImpl-3fa4a1d0-7183-4a36-b4d2-f70efcb14827/datanode-1/data/ratis] (custom)
2023-02-16 16:33:01,887 [pool-96-thread-1] INFO  server.RaftServerConfigKeys (ConfUtils.java:logGet(46)) - raft.server.log.corruption.policy = EXCEPTION (default)
2023-02-16 16:33:01,887 [pool-96-thread-1] INFO  server.RaftServerConfigKeys (ConfUtils.java:logGet(46)) - raft.server.storage.free-space.min = 0MB (=0) (default)
2023-02-16 16:33:01,887 [pool-96-thread-1] INFO  server.RaftServerConfigKeys (ConfUtils.java:logGet(46)) - raft.server.notification.no-leader.timeout = 300s (custom)
2023-02-16 16:33:01,887 [pool-96-thread-1] INFO  server.RaftServerConfigKeys (ConfUtils.java:logGet(46)) - raft.server.retrycache.expirytime = 600000ms (custom)
2023-02-16 16:33:01,887 [pool-96-thread-1] INFO  server.RaftServerConfigKeys (ConfUtils.java:logGet(46)) - raft.server.retrycache.statistics.expirytime = 100μs (default)
2023-02-16 16:33:01,888 [pool-96-thread-1] INFO  server.RaftServerConfigKeys (ConfUtils.java:logGet(46)) - raft.server.log.appender.install.snapshot.enabled = false (custom)
2023-02-16 16:33:01,888 [pool-96-thread-1] INFO  server.RaftServerConfigKeys (ConfUtils.java:logGet(46)) - raft.server.threadpool.server.cached = true (default)
2023-02-16 16:33:01,888 [pool-96-thread-1] INFO  server.RaftServerConfigKeys (ConfUtils.java:logGet(46)) - raft.server.threadpool.server.size = 0 (default)
2023-02-16 16:33:01,888 [pool-96-thread-1] INFO  server.RaftServerConfigKeys (ConfUtils.java:logGet(46)) - raft.server.threadpool.client.cached = true (default)
2023-02-16 16:33:01,888 [pool-96-thread-1] INFO  server.RaftServerConfigKeys (ConfUtils.java:logGet(46)) - raft.server.threadpool.client.size = 0 (default)
2023-02-16 16:33:01,889 [pool-96-thread-1] INFO  storage.RaftStorageDirectory (RaftStorageDirectoryImpl.java:analyzeStorage(137)) - The storage directory /home/runner/work/ozone/ozone/hadoop-ozone/integration-test/target/test-dir/MiniOzoneClusterImpl-3fa4a1d0-7183-4a36-b4d2-f70efcb14827/datanode-1/data/ratis/9dd1d98b-6e76-44fb-afd2-77f5bce9cb83 does not exist. Creating ...
2023-02-16 16:33:01,889 [pool-96-thread-1] INFO  storage.RaftStorageDirectory (RaftStorageDirectoryImpl.java:tryLock(231)) - Lock on /home/runner/work/ozone/ozone/hadoop-ozone/integration-test/target/test-dir/MiniOzoneClusterImpl-3fa4a1d0-7183-4a36-b4d2-f70efcb14827/datanode-1/data/ratis/9dd1d98b-6e76-44fb-afd2-77f5bce9cb83/in_use.lock acquired by nodename 11092@fv-az167-289
2023-02-16 16:33:01,890 [pool-96-thread-1] INFO  storage.RaftStorage (RaftStorageImpl.java:format(96)) - Storage directory /home/runner/work/ozone/ozone/hadoop-ozone/integration-test/target/test-dir/MiniOzoneClusterImpl-3fa4a1d0-7183-4a36-b4d2-f70efcb14827/datanode-1/data/ratis/9dd1d98b-6e76-44fb-afd2-77f5bce9cb83 has been successfully formatted.
2023-02-16 16:33:01,893 [EventQueue-PipelineReportForPipelineReportHandler] INFO  pipeline.PipelineManagerImpl (PipelineManagerImpl.java:openPipeline(367)) - Pipeline Pipeline[ Id: 9dd1d98b-6e76-44fb-afd2-77f5bce9cb83, Nodes: 1ef1131b-9485-4bfe-ad5a-910805a11fc3(fv-az167-289.21ktoceh2wee5fewwtpg1zd01g.bx.internal.cloudapp.net/10.1.0.66), ReplicationConfig: RATIS/ONE, State:ALLOCATED, leaderId:1ef1131b-9485-4bfe-ad5a-910805a11fc3, CreationTimestamp2023-02-16T16:32:58.883Z[Etc/UTC]] moved to OPEN state
2023-02-16 16:33:01,893 [EventQueue-OpenPipelineForHealthyPipelineSafeModeRule] INFO  safemode.SCMSafeModeManager (HealthyPipelineSafeModeRule.java:process(137)) - SCM in safe mode. Healthy pipelines reported count is 0, required healthy pipeline reported count is 1
2023-02-16 16:33:01,894 [pool-96-thread-1] INFO  ratis.ContainerStateMachine (ContainerStateMachine.java:loadSnapshot(240)) - group-77F5BCE9CB83: The snapshot info is null. Setting the last applied indexto:(t:0, i:~)
2023-02-16 16:33:01,894 [pool-96-thread-1] INFO  server.RaftServerConfigKeys (ConfUtils.java:logGet(46)) - raft.server.log.use.memory = false (default)
2023-02-16 16:33:01,894 [pool-96-thread-1] INFO  server.RaftServerConfigKeys (ConfUtils.java:logGet(46)) - raft.server.log.purge.gap = 1000000 (custom)
2023-02-16 16:33:01,896 [pool-96-thread-1] INFO  server.RaftServerConfigKeys (ConfUtils.java:logGet(46)) - raft.server.log.appender.buffer.byte-limit = 33554432 (custom)
2023-02-16 16:33:01,896 [pool-96-thread-1] INFO  server.RaftServerConfigKeys (ConfUtils.java:logGet(46)) - raft.server.log.statemachine.data.read.timeout = 1000ms (default)
2023-02-16 16:33:01,896 [pool-96-thread-1] INFO  server.RaftServerConfigKeys (ConfUtils.java:logGet(46)) - raft.server.log.purge.preservation.log.num = 0 (default)
2023-02-16 16:33:01,896 [pool-96-thread-1] INFO  server.RaftServerConfigKeys (ConfUtils.java:logGet(46)) - raft.server.log.segment.size.max = 1048576 (custom)
2023-02-16 16:33:01,896 [pool-96-thread-1] INFO  server.RaftServerConfigKeys (ConfUtils.java:logGet(46)) - raft.server.log.segment.cache.num.max = 2 (custom)
2023-02-16 16:33:01,896 [pool-96-thread-1] INFO  server.RaftServerConfigKeys (ConfUtils.java:logGet(46)) - raft.server.log.segment.cache.size.max = 200MB (=209715200) (default)
2023-02-16 16:33:01,897 [pool-96-thread-1] INFO  segmented.SegmentedRaftLogWorker (SegmentedRaftLogWorker.java:<init>(189)) - new 1ef1131b-9485-4bfe-ad5a-910805a11fc3@group-77F5BCE9CB83-SegmentedRaftLogWorker for RaftStorageImpl:Storage Directory /home/runner/work/ozone/ozone/hadoop-ozone/integration-test/target/test-dir/MiniOzoneClusterImpl-3fa4a1d0-7183-4a36-b4d2-f70efcb14827/datanode-1/data/ratis/9dd1d98b-6e76-44fb-afd2-77f5bce9cb83
2023-02-16 16:33:01,897 [pool-96-thread-1] INFO  server.RaftServerConfigKeys (ConfUtils.java:logGet(46)) - raft.server.log.queue.byte-limit = 4294967296 (custom)
2023-02-16 16:33:01,897 [pool-96-thread-1] INFO  server.RaftServerConfigKeys (ConfUtils.java:logGet(46)) - raft.server.log.queue.element-limit = 1024 (custom)
2023-02-16 16:33:01,897 [pool-96-thread-1] INFO  server.RaftServerConfigKeys (ConfUtils.java:logGet(46)) - raft.server.log.segment.size.max = 1048576 (custom)
2023-02-16 16:33:01,897 [pool-96-thread-1] INFO  server.RaftServerConfigKeys (ConfUtils.java:logGet(46)) - raft.server.log.preallocated.size = 16384 (custom)
2023-02-16 16:33:01,898 [pool-96-thread-1] INFO  server.RaftServerConfigKeys (ConfUtils.java:logGet(46)) - raft.server.log.force.sync.num = 128 (default)
2023-02-16 16:33:01,898 [pool-96-thread-1] INFO  server.RaftServerConfigKeys (ConfUtils.java:logGet(46)) - raft.server.log.statemachine.data.sync = true (default)
2023-02-16 16:33:01,898 [pool-96-thread-1] INFO  server.RaftServerConfigKeys (ConfUtils.java:logGet(46)) - raft.server.log.statemachine.data.sync.timeout = 10s (default)
2023-02-16 16:33:01,898 [pool-96-thread-1] INFO  server.RaftServerConfigKeys (ConfUtils.java:logGet(46)) - raft.server.log.statemachine.data.sync.timeout.retry = -1 (default)
2023-02-16 16:33:01,899 [pool-96-thread-1] INFO  server.RaftServerConfigKeys (ConfUtils.java:logGet(46)) - raft.server.log.write.buffer.size = 1048576 (custom)
2023-02-16 16:33:01,899 [pool-74-thread-1] INFO  server.RaftServerConfigKeys (ConfUtils.java:logGet(46)) - raft.server.log.unsafe-flush.enabled = false (default)
2023-02-16 16:33:01,899 [pool-74-thread-1] INFO  server.RaftServerConfigKeys (ConfUtils.java:logGet(46)) - raft.server.log.async-flush.enabled = false (default)
2023-02-16 16:33:01,899 [pool-74-thread-1] INFO  server.RaftServerConfigKeys (ConfUtils.java:logGet(46)) - raft.server.log.statemachine.data.caching.enabled = true (custom)
2023-02-16 16:33:01,899 [pool-74-thread-1] INFO  segmented.SegmentedRaftLogWorker (SegmentedRaftLogWorker.java:lambda$new$0(135)) - cb9b88df-491a-41e2-b87b-1e05ddc4218e@group-8BAC40614D06-SegmentedRaftLogWorker: flushIndex: setUnconditionally 0 -> -1
2023-02-16 16:33:01,899 [pool-74-thread-1] INFO  segmented.SegmentedRaftLogWorker (SegmentedRaftLogWorker.java:lambda$new$0(135)) - cb9b88df-491a-41e2-b87b-1e05ddc4218e@group-8BAC40614D06-SegmentedRaftLogWorker: safeCacheEvictIndex: setUnconditionally 0 -> -1
2023-02-16 16:33:01,900 [pool-96-thread-1] INFO  server.RaftServerConfigKeys (ConfUtils.java:logGet(46)) - raft.server.log.appender.buffer.byte-limit = 33554432 (custom)
2023-02-16 16:33:01,904 [pool-74-thread-1] INFO  server.RaftServer$Division (RaftServerImpl.java:start(334)) - cb9b88df-491a-41e2-b87b-1e05ddc4218e@group-8BAC40614D06: start as a follower, conf=-1: peers:[78eb6234-2b78-46c2-a9a1-e074054ee483|rpc:10.1.0.66:37359|dataStream:10.1.0.66:34393|priority:0|startupRole:FOLLOWER, 1ef1131b-9485-4bfe-ad5a-910805a11fc3|rpc:10.1.0.66:42493|dataStream:10.1.0.66:44653|priority:0|startupRole:FOLLOWER, cb9b88df-491a-41e2-b87b-1e05ddc4218e|rpc:10.1.0.66:37327|dataStream:10.1.0.66:37421|priority:1|startupRole:FOLLOWER]|listeners:[], old=null
2023-02-16 16:33:01,905 [pool-74-thread-1] INFO  server.RaftServer$Division (RaftServerImpl.java:setRole(321)) - cb9b88df-491a-41e2-b87b-1e05ddc4218e@group-8BAC40614D06: changes role from      null to FOLLOWER at term 0 for startAsFollower
2023-02-16 16:33:01,905 [pool-74-thread-1] INFO  impl.RoleInfo (RoleInfo.java:updateAndGet(139)) - cb9b88df-491a-41e2-b87b-1e05ddc4218e: start cb9b88df-491a-41e2-b87b-1e05ddc4218e@group-8BAC40614D06-FollowerState
2023-02-16 16:33:01,905 [pool-96-thread-1] INFO  server.RaftServerConfigKeys (ConfUtils.java:logGet(46)) - raft.server.log.unsafe-flush.enabled = false (default)
2023-02-16 16:33:01,905 [pool-74-thread-1] INFO  util.JmxRegister (JmxRegister.java:tryRegister(44)) - Successfully registered JMX Bean with object name Ratis:service=RaftServer,group=group-8BAC40614D06,id=cb9b88df-491a-41e2-b87b-1e05ddc4218e
2023-02-16 16:33:01,907 [cb9b88df-491a-41e2-b87b-1e05ddc4218e@group-8BAC40614D06-FollowerState] INFO  server.RaftServerConfigKeys (ConfUtils.java:logFallback(53)) - raft.server.rpc.first-election.timeout.min = 5s (fallback to raft.server.rpc.timeout.min)
2023-02-16 16:33:01,907 [pool-96-thread-1] INFO  server.RaftServerConfigKeys (ConfUtils.java:logGet(46)) - raft.server.log.async-flush.enabled = false (default)
2023-02-16 16:33:01,907 [cb9b88df-491a-41e2-b87b-1e05ddc4218e@group-8BAC40614D06-FollowerState] INFO  server.RaftServerConfigKeys (ConfUtils.java:logFallback(53)) - raft.server.rpc.first-election.timeout.max = 5200ms (fallback to raft.server.rpc.timeout.max)
2023-02-16 16:33:01,907 [pool-96-thread-1] INFO  server.RaftServerConfigKeys (ConfUtils.java:logGet(46)) - raft.server.log.statemachine.data.caching.enabled = true (custom)
2023-02-16 16:33:01,907 [pool-74-thread-1] INFO  server.RaftServerConfigKeys (ConfUtils.java:logGet(46)) - raft.server.snapshot.auto.trigger.enabled = true (custom)
2023-02-16 16:33:01,908 [pool-74-thread-1] INFO  server.RaftServerConfigKeys (ConfUtils.java:logGet(46)) - raft.server.snapshot.auto.trigger.threshold = 10000 (custom)
2023-02-16 16:33:01,908 [pool-74-thread-1] INFO  server.RaftServerConfigKeys (ConfUtils.java:logGet(46)) - raft.server.snapshot.retention.file.num = 5 (custom)
2023-02-16 16:33:01,908 [pool-74-thread-1] INFO  server.RaftServerConfigKeys (ConfUtils.java:logGet(46)) - raft.server.log.purge.upto.snapshot.index = false (default)
2023-02-16 16:33:01,908 [Command processor thread] INFO  ratis.XceiverServerRatis (XceiverServerRatis.java:addGroup(807)) - Created group PipelineID=3893d2fd-dfd5-4c90-be2b-8bac40614d06
2023-02-16 16:33:01,911 [pool-96-thread-1] INFO  segmented.SegmentedRaftLogWorker (SegmentedRaftLogWorker.java:lambda$new$0(135)) - 1ef1131b-9485-4bfe-ad5a-910805a11fc3@group-77F5BCE9CB83-SegmentedRaftLogWorker: flushIndex: setUnconditionally 0 -> -1
2023-02-16 16:33:01,912 [pool-96-thread-1] INFO  segmented.SegmentedRaftLogWorker (SegmentedRaftLogWorker.java:lambda$new$0(135)) - 1ef1131b-9485-4bfe-ad5a-910805a11fc3@group-77F5BCE9CB83-SegmentedRaftLogWorker: safeCacheEvictIndex: setUnconditionally 0 -> -1
2023-02-16 16:33:01,912 [pool-96-thread-1] INFO  server.RaftServer$Division (RaftServerImpl.java:start(334)) - 1ef1131b-9485-4bfe-ad5a-910805a11fc3@group-77F5BCE9CB83: start as a follower, conf=-1: peers:[1ef1131b-9485-4bfe-ad5a-910805a11fc3|rpc:10.1.0.66:42493|dataStream:10.1.0.66:44653|priority:1|startupRole:FOLLOWER]|listeners:[], old=null
2023-02-16 16:33:01,912 [pool-96-thread-1] INFO  server.RaftServer$Division (RaftServerImpl.java:setRole(321)) - 1ef1131b-9485-4bfe-ad5a-910805a11fc3@group-77F5BCE9CB83: changes role from      null to FOLLOWER at term 0 for startAsFollower
2023-02-16 16:33:01,912 [pool-96-thread-1] INFO  impl.RoleInfo (RoleInfo.java:updateAndGet(139)) - 1ef1131b-9485-4bfe-ad5a-910805a11fc3: start 1ef1131b-9485-4bfe-ad5a-910805a11fc3@group-77F5BCE9CB83-FollowerState
2023-02-16 16:33:01,912 [pool-96-thread-1] INFO  util.JmxRegister (JmxRegister.java:tryRegister(44)) - Successfully registered JMX Bean with object name Ratis:service=RaftServer,group=group-77F5BCE9CB83,id=1ef1131b-9485-4bfe-ad5a-910805a11fc3
2023-02-16 16:33:01,912 [pool-96-thread-1] INFO  server.RaftServerConfigKeys (ConfUtils.java:logGet(46)) - raft.server.snapshot.auto.trigger.enabled = true (custom)
2023-02-16 16:33:01,913 [pool-96-thread-1] INFO  server.RaftServerConfigKeys (ConfUtils.java:logGet(46)) - raft.server.snapshot.auto.trigger.threshold = 10000 (custom)
2023-02-16 16:33:01,913 [pool-96-thread-1] INFO  server.RaftServerConfigKeys (ConfUtils.java:logGet(46)) - raft.server.snapshot.retention.file.num = 5 (custom)
2023-02-16 16:33:01,913 [pool-96-thread-1] INFO  server.RaftServerConfigKeys (ConfUtils.java:logGet(46)) - raft.server.log.purge.upto.snapshot.index = false (default)
2023-02-16 16:33:01,914 [Command processor thread] INFO  ratis.XceiverServerRatis (XceiverServerRatis.java:addGroup(807)) - Created group PipelineID=9dd1d98b-6e76-44fb-afd2-77f5bce9cb83
2023-02-16 16:33:01,914 [1ef1131b-9485-4bfe-ad5a-910805a11fc3@group-77F5BCE9CB83-FollowerState] INFO  server.RaftServerConfigKeys (ConfUtils.java:logFallback(53)) - raft.server.rpc.first-election.timeout.min = 5s (fallback to raft.server.rpc.timeout.min)
2023-02-16 16:33:01,914 [1ef1131b-9485-4bfe-ad5a-910805a11fc3@group-77F5BCE9CB83-FollowerState] INFO  server.RaftServerConfigKeys (ConfUtils.java:logFallback(53)) - raft.server.rpc.first-election.timeout.max = 5200ms (fallback to raft.server.rpc.timeout.max)
2023-02-16 16:33:01,914 [Command processor thread] INFO  commandhandler.CreatePipelineCommandHandler (CreatePipelineCommandHandler.java:handle(113)) - Created Pipeline RATIS ONE PipelineID=9dd1d98b-6e76-44fb-afd2-77f5bce9cb83.
2023-02-16 16:33:01,915 [Command processor thread] INFO  server.RaftServer (RaftServerProxy.java:addNew(96)) - 1ef1131b-9485-4bfe-ad5a-910805a11fc3: addNew group-8BAC40614D06:[78eb6234-2b78-46c2-a9a1-e074054ee483|rpc:10.1.0.66:37359|dataStream:10.1.0.66:34393|priority:0|startupRole:FOLLOWER, 1ef1131b-9485-4bfe-ad5a-910805a11fc3|rpc:10.1.0.66:42493|dataStream:10.1.0.66:44653|priority:0|startupRole:FOLLOWER, cb9b88df-491a-41e2-b87b-1e05ddc4218e|rpc:10.1.0.66:37327|dataStream:10.1.0.66:37421|priority:1|startupRole:FOLLOWER] returns group-8BAC40614D06:java.util.concurrent.CompletableFuture@65a6f2fd[Not completed]
2023-02-16 16:33:01,916 [pool-96-thread-1] INFO  server.RaftServer$Division (RaftServerImpl.java:<init>(195)) - 1ef1131b-9485-4bfe-ad5a-910805a11fc3: new RaftServerImpl for group-8BAC40614D06:[78eb6234-2b78-46c2-a9a1-e074054ee483|rpc:10.1.0.66:37359|dataStream:10.1.0.66:34393|priority:0|startupRole:FOLLOWER, 1ef1131b-9485-4bfe-ad5a-910805a11fc3|rpc:10.1.0.66:42493|dataStream:10.1.0.66:44653|priority:0|startupRole:FOLLOWER, cb9b88df-491a-41e2-b87b-1e05ddc4218e|rpc:10.1.0.66:37327|dataStream:10.1.0.66:37421|priority:1|startupRole:FOLLOWER] with ContainerStateMachine:uninitialized
2023-02-16 16:33:01,916 [pool-96-thread-1] INFO  server.RaftServerConfigKeys (ConfUtils.java:logGet(46)) - raft.server.rpc.timeout.min = 5s (custom)
2023-02-16 16:33:01,916 [pool-96-thread-1] INFO  server.RaftServerConfigKeys (ConfUtils.java:logGet(46)) - raft.server.rpc.timeout.max = 5200ms (custom)
2023-02-16 16:33:01,916 [pool-96-thread-1] INFO  server.RaftServerConfigKeys (ConfUtils.java:logGet(46)) - raft.server.rpc.sleep.time = 25ms (default)
2023-02-16 16:33:01,916 [pool-96-thread-1] INFO  server.RaftServerConfigKeys (ConfUtils.java:logGet(46)) - raft.server.rpc.slowness.timeout = 300s (custom)
2023-02-16 16:33:01,916 [pool-96-thread-1] INFO  server.RaftServerConfigKeys (ConfUtils.java:logGet(46)) - raft.server.leaderelection.leader.step-down.wait-time = 10s (default)
2023-02-16 16:33:01,916 [pool-96-thread-1] INFO  server.RaftServerConfigKeys (ConfUtils.java:logGet(46)) - raft.server.sleep.deviation.threshold = 300ms (default)
2023-02-16 16:33:01,916 [pool-96-thread-1] INFO  server.RaftServer$Division (ServerState.java:<init>(118)) - 1ef1131b-9485-4bfe-ad5a-910805a11fc3@group-8BAC40614D06: ConfigurationManager, init=-1: peers:[78eb6234-2b78-46c2-a9a1-e074054ee483|rpc:10.1.0.66:37359|dataStream:10.1.0.66:34393|priority:0|startupRole:FOLLOWER, 1ef1131b-9485-4bfe-ad5a-910805a11fc3|rpc:10.1.0.66:42493|dataStream:10.1.0.66:44653|priority:0|startupRole:FOLLOWER, cb9b88df-491a-41e2-b87b-1e05ddc4218e|rpc:10.1.0.66:37327|dataStream:10.1.0.66:37421|priority:1|startupRole:FOLLOWER]|listeners:[], old=null, confs=<EMPTY_MAP>
2023-02-16 16:33:01,917 [pool-96-thread-1] INFO  server.RaftServerConfigKeys (ConfUtils.java:logGet(46)) - raft.server.storage.dir = [/home/runner/work/ozone/ozone/hadoop-ozone/integration-test/target/test-dir/MiniOzoneClusterImpl-3fa4a1d0-7183-4a36-b4d2-f70efcb14827/datanode-1/data/ratis] (custom)
2023-02-16 16:33:01,917 [pool-96-thread-1] INFO  server.RaftServerConfigKeys (ConfUtils.java:logGet(46)) - raft.server.log.corruption.policy = EXCEPTION (default)
2023-02-16 16:33:01,917 [pool-96-thread-1] INFO  server.RaftServerConfigKeys (ConfUtils.java:logGet(46)) - raft.server.storage.free-space.min = 0MB (=0) (default)
2023-02-16 16:33:01,917 [pool-96-thread-1] INFO  server.RaftServerConfigKeys (ConfUtils.java:logGet(46)) - raft.server.notification.no-leader.timeout = 300s (custom)
2023-02-16 16:33:01,917 [pool-96-thread-1] INFO  server.RaftServerConfigKeys (ConfUtils.java:logGet(46)) - raft.server.retrycache.expirytime = 600000ms (custom)
2023-02-16 16:33:01,917 [pool-96-thread-1] INFO  server.RaftServerConfigKeys (ConfUtils.java:logGet(46)) - raft.server.retrycache.statistics.expirytime = 100μs (default)
2023-02-16 16:33:01,918 [pool-96-thread-1] INFO  server.RaftServerConfigKeys (ConfUtils.java:logGet(46)) - raft.server.log.appender.install.snapshot.enabled = false (custom)
2023-02-16 16:33:01,918 [pool-96-thread-1] INFO  server.RaftServerConfigKeys (ConfUtils.java:logGet(46)) - raft.server.threadpool.server.cached = true (default)
2023-02-16 16:33:01,918 [pool-96-thread-1] INFO  server.RaftServerConfigKeys (ConfUtils.java:logGet(46)) - raft.server.threadpool.server.size = 0 (default)
2023-02-16 16:33:01,918 [pool-96-thread-1] INFO  server.RaftServerConfigKeys (ConfUtils.java:logGet(46)) - raft.server.threadpool.client.cached = true (default)
2023-02-16 16:33:01,918 [pool-96-thread-1] INFO  server.RaftServerConfigKeys (ConfUtils.java:logGet(46)) - raft.server.threadpool.client.size = 0 (default)
2023-02-16 16:33:01,918 [pool-96-thread-1] INFO  storage.RaftStorageDirectory (RaftStorageDirectoryImpl.java:analyzeStorage(137)) - The storage directory /home/runner/work/ozone/ozone/hadoop-ozone/integration-test/target/test-dir/MiniOzoneClusterImpl-3fa4a1d0-7183-4a36-b4d2-f70efcb14827/datanode-1/data/ratis/3893d2fd-dfd5-4c90-be2b-8bac40614d06 does not exist. Creating ...
2023-02-16 16:33:01,924 [pool-96-thread-1] INFO  storage.RaftStorageDirectory (RaftStorageDirectoryImpl.java:tryLock(231)) - Lock on /home/runner/work/ozone/ozone/hadoop-ozone/integration-test/target/test-dir/MiniOzoneClusterImpl-3fa4a1d0-7183-4a36-b4d2-f70efcb14827/datanode-1/data/ratis/3893d2fd-dfd5-4c90-be2b-8bac40614d06/in_use.lock acquired by nodename 11092@fv-az167-289
2023-02-16 16:33:01,929 [pool-96-thread-1] INFO  storage.RaftStorage (RaftStorageImpl.java:format(96)) - Storage directory /home/runner/work/ozone/ozone/hadoop-ozone/integration-test/target/test-dir/MiniOzoneClusterImpl-3fa4a1d0-7183-4a36-b4d2-f70efcb14827/datanode-1/data/ratis/3893d2fd-dfd5-4c90-be2b-8bac40614d06 has been successfully formatted.
2023-02-16 16:33:01,930 [pool-96-thread-1] INFO  ratis.ContainerStateMachine (ContainerStateMachine.java:loadSnapshot(240)) - group-8BAC40614D06: The snapshot info is null. Setting the last applied indexto:(t:0, i:~)
2023-02-16 16:33:01,930 [pool-96-thread-1] INFO  server.RaftServerConfigKeys (ConfUtils.java:logGet(46)) - raft.server.log.use.memory = false (default)
2023-02-16 16:33:01,930 [pool-96-thread-1] INFO  server.RaftServerConfigKeys (ConfUtils.java:logGet(46)) - raft.server.log.purge.gap = 1000000 (custom)
2023-02-16 16:33:01,930 [pool-96-thread-1] INFO  server.RaftServerConfigKeys (ConfUtils.java:logGet(46)) - raft.server.log.appender.buffer.byte-limit = 33554432 (custom)
2023-02-16 16:33:01,930 [pool-96-thread-1] INFO  server.RaftServerConfigKeys (ConfUtils.java:logGet(46)) - raft.server.log.statemachine.data.read.timeout = 1000ms (default)
2023-02-16 16:33:01,930 [pool-96-thread-1] INFO  server.RaftServerConfigKeys (ConfUtils.java:logGet(46)) - raft.server.log.purge.preservation.log.num = 0 (default)
2023-02-16 16:33:01,930 [pool-96-thread-1] INFO  server.RaftServerConfigKeys (ConfUtils.java:logGet(46)) - raft.server.log.segment.size.max = 1048576 (custom)
2023-02-16 16:33:01,932 [EventQueue-OpenPipelineForHealthyPipelineSafeModeRule] INFO  safemode.SCMSafeModeManager (HealthyPipelineSafeModeRule.java:process(137)) - SCM in safe mode. Healthy pipelines reported count is 0, required healthy pipeline reported count is 1
2023-02-16 16:33:01,935 [pool-96-thread-1] INFO  server.RaftServerConfigKeys (ConfUtils.java:logGet(46)) - raft.server.log.segment.cache.num.max = 2 (custom)
2023-02-16 16:33:01,935 [pool-96-thread-1] INFO  server.RaftServerConfigKeys (ConfUtils.java:logGet(46)) - raft.server.log.segment.cache.size.max = 200MB (=209715200) (default)
2023-02-16 16:33:01,935 [pool-96-thread-1] INFO  segmented.SegmentedRaftLogWorker (SegmentedRaftLogWorker.java:<init>(189)) - new 1ef1131b-9485-4bfe-ad5a-910805a11fc3@group-8BAC40614D06-SegmentedRaftLogWorker for RaftStorageImpl:Storage Directory /home/runner/work/ozone/ozone/hadoop-ozone/integration-test/target/test-dir/MiniOzoneClusterImpl-3fa4a1d0-7183-4a36-b4d2-f70efcb14827/datanode-1/data/ratis/3893d2fd-dfd5-4c90-be2b-8bac40614d06
2023-02-16 16:33:01,935 [pool-96-thread-1] INFO  server.RaftServerConfigKeys (ConfUtils.java:logGet(46)) - raft.server.log.queue.byte-limit = 4294967296 (custom)
2023-02-16 16:33:01,935 [pool-96-thread-1] INFO  server.RaftServerConfigKeys (ConfUtils.java:logGet(46)) - raft.server.log.queue.element-limit = 1024 (custom)
2023-02-16 16:33:01,935 [pool-96-thread-1] INFO  server.RaftServerConfigKeys (ConfUtils.java:logGet(46)) - raft.server.log.segment.size.max = 1048576 (custom)
2023-02-16 16:33:01,935 [pool-96-thread-1] INFO  server.RaftServerConfigKeys (ConfUtils.java:logGet(46)) - raft.server.log.preallocated.size = 16384 (custom)
2023-02-16 16:33:01,936 [pool-96-thread-1] INFO  server.RaftServerConfigKeys (ConfUtils.java:logGet(46)) - raft.server.log.force.sync.num = 128 (default)
2023-02-16 16:33:01,936 [pool-96-thread-1] INFO  server.RaftServerConfigKeys (ConfUtils.java:logGet(46)) - raft.server.log.statemachine.data.sync = true (default)
2023-02-16 16:33:01,936 [pool-96-thread-1] INFO  server.RaftServerConfigKeys (ConfUtils.java:logGet(46)) - raft.server.log.statemachine.data.sync.timeout = 10s (default)
2023-02-16 16:33:01,936 [pool-96-thread-1] INFO  server.RaftServerConfigKeys (ConfUtils.java:logGet(46)) - raft.server.log.statemachine.data.sync.timeout.retry = -1 (default)
2023-02-16 16:33:01,936 [pool-96-thread-1] INFO  server.RaftServerConfigKeys (ConfUtils.java:logGet(46)) - raft.server.log.write.buffer.size = 1048576 (custom)
2023-02-16 16:33:01,937 [pool-96-thread-1] INFO  server.RaftServerConfigKeys (ConfUtils.java:logGet(46)) - raft.server.log.appender.buffer.byte-limit = 33554432 (custom)
2023-02-16 16:33:01,942 [pool-96-thread-1] INFO  server.RaftServerConfigKeys (ConfUtils.java:logGet(46)) - raft.server.log.unsafe-flush.enabled = false (default)
2023-02-16 16:33:01,943 [pool-96-thread-1] INFO  server.RaftServerConfigKeys (ConfUtils.java:logGet(46)) - raft.server.log.async-flush.enabled = false (default)
2023-02-16 16:33:01,943 [pool-96-thread-1] INFO  server.RaftServerConfigKeys (ConfUtils.java:logGet(46)) - raft.server.log.statemachine.data.caching.enabled = true (custom)
2023-02-16 16:33:01,943 [pool-96-thread-1] INFO  segmented.SegmentedRaftLogWorker (SegmentedRaftLogWorker.java:lambda$new$0(135)) - 1ef1131b-9485-4bfe-ad5a-910805a11fc3@group-8BAC40614D06-SegmentedRaftLogWorker: flushIndex: setUnconditionally 0 -> -1
2023-02-16 16:33:01,943 [pool-96-thread-1] INFO  segmented.SegmentedRaftLogWorker (SegmentedRaftLogWorker.java:lambda$new$0(135)) - 1ef1131b-9485-4bfe-ad5a-910805a11fc3@group-8BAC40614D06-SegmentedRaftLogWorker: safeCacheEvictIndex: setUnconditionally 0 -> -1
2023-02-16 16:33:01,947 [pool-96-thread-1] INFO  server.RaftServer$Division (RaftServerImpl.java:start(334)) - 1ef1131b-9485-4bfe-ad5a-910805a11fc3@group-8BAC40614D06: start as a follower, conf=-1: peers:[78eb6234-2b78-46c2-a9a1-e074054ee483|rpc:10.1.0.66:37359|dataStream:10.1.0.66:34393|priority:0|startupRole:FOLLOWER, 1ef1131b-9485-4bfe-ad5a-910805a11fc3|rpc:10.1.0.66:42493|dataStream:10.1.0.66:44653|priority:0|startupRole:FOLLOWER, cb9b88df-491a-41e2-b87b-1e05ddc4218e|rpc:10.1.0.66:37327|dataStream:10.1.0.66:37421|priority:1|startupRole:FOLLOWER]|listeners:[], old=null
2023-02-16 16:33:01,947 [pool-96-thread-1] INFO  server.RaftServer$Division (RaftServerImpl.java:setRole(321)) - 1ef1131b-9485-4bfe-ad5a-910805a11fc3@group-8BAC40614D06: changes role from      null to FOLLOWER at term 0 for startAsFollower
2023-02-16 16:33:01,947 [pool-96-thread-1] INFO  impl.RoleInfo (RoleInfo.java:updateAndGet(139)) - 1ef1131b-9485-4bfe-ad5a-910805a11fc3: start 1ef1131b-9485-4bfe-ad5a-910805a11fc3@group-8BAC40614D06-FollowerState
2023-02-16 16:33:01,952 [pool-96-thread-1] INFO  util.JmxRegister (JmxRegister.java:tryRegister(44)) - Successfully registered JMX Bean with object name Ratis:service=RaftServer,group=group-8BAC40614D06,id=1ef1131b-9485-4bfe-ad5a-910805a11fc3
2023-02-16 16:33:01,952 [pool-96-thread-1] INFO  server.RaftServerConfigKeys (ConfUtils.java:logGet(46)) - raft.server.snapshot.auto.trigger.enabled = true (custom)
2023-02-16 16:33:01,952 [pool-96-thread-1] INFO  server.RaftServerConfigKeys (ConfUtils.java:logGet(46)) - raft.server.snapshot.auto.trigger.threshold = 10000 (custom)
2023-02-16 16:33:01,952 [pool-96-thread-1] INFO  server.RaftServerConfigKeys (ConfUtils.java:logGet(46)) - raft.server.snapshot.retention.file.num = 5 (custom)
2023-02-16 16:33:01,952 [pool-96-thread-1] INFO  server.RaftServerConfigKeys (ConfUtils.java:logGet(46)) - raft.server.log.purge.upto.snapshot.index = false (default)
2023-02-16 16:33:01,956 [1ef1131b-9485-4bfe-ad5a-910805a11fc3@group-8BAC40614D06-FollowerState] INFO  server.RaftServerConfigKeys (ConfUtils.java:logFallback(53)) - raft.server.rpc.first-election.timeout.min = 5s (fallback to raft.server.rpc.timeout.min)
2023-02-16 16:33:01,960 [Command processor thread] INFO  ratis.XceiverServerRatis (XceiverServerRatis.java:addGroup(807)) - Created group PipelineID=3893d2fd-dfd5-4c90-be2b-8bac40614d06
2023-02-16 16:33:01,970 [1ef1131b-9485-4bfe-ad5a-910805a11fc3@group-8BAC40614D06-FollowerState] INFO  server.RaftServerConfigKeys (ConfUtils.java:logFallback(53)) - raft.server.rpc.first-election.timeout.max = 5200ms (fallback to raft.server.rpc.timeout.max)
2023-02-16 16:33:01,970 [Listener at 127.0.0.1/37073] INFO  ozone.MiniOzoneClusterImpl (MiniOzoneClusterImpl.java:lambda$waitForClusterToBeReady$0(218)) - Nodes are ready. Got 5 of 5 DN Heartbeats.
2023-02-16 16:33:01,970 [Listener at 127.0.0.1/37073] INFO  ozone.MiniOzoneClusterImpl (MiniOzoneClusterImpl.java:lambda$waitForClusterToBeReady$0(221)) - Waiting for cluster to exit safe mode
2023-02-16 16:33:01,970 [Listener at 127.0.0.1/37073] INFO  ozone.MiniOzoneClusterImpl (MiniOzoneClusterImpl.java:lambda$waitForClusterToBeReady$0(223)) - SCM became leader
2023-02-16 16:33:01,998 [grpc-default-executor-0] INFO  server.RaftServer (RaftServerProxy.java:addNew(96)) - 78eb6234-2b78-46c2-a9a1-e074054ee483: addNew group-8BAC40614D06:[78eb6234-2b78-46c2-a9a1-e074054ee483|rpc:10.1.0.66:37359|dataStream:10.1.0.66:34393|priority:0|startupRole:FOLLOWER, 1ef1131b-9485-4bfe-ad5a-910805a11fc3|rpc:10.1.0.66:42493|dataStream:10.1.0.66:44653|priority:0|startupRole:FOLLOWER, cb9b88df-491a-41e2-b87b-1e05ddc4218e|rpc:10.1.0.66:37327|dataStream:10.1.0.66:37421|priority:1|startupRole:FOLLOWER] returns group-8BAC40614D06:java.util.concurrent.CompletableFuture@3705449a[Not completed]
2023-02-16 16:33:01,999 [pool-118-thread-1] INFO  server.RaftServer$Division (RaftServerImpl.java:<init>(195)) - 78eb6234-2b78-46c2-a9a1-e074054ee483: new RaftServerImpl for group-8BAC40614D06:[78eb6234-2b78-46c2-a9a1-e074054ee483|rpc:10.1.0.66:37359|dataStream:10.1.0.66:34393|priority:0|startupRole:FOLLOWER, 1ef1131b-9485-4bfe-ad5a-910805a11fc3|rpc:10.1.0.66:42493|dataStream:10.1.0.66:44653|priority:0|startupRole:FOLLOWER, cb9b88df-491a-41e2-b87b-1e05ddc4218e|rpc:10.1.0.66:37327|dataStream:10.1.0.66:37421|priority:1|startupRole:FOLLOWER] with ContainerStateMachine:uninitialized
2023-02-16 16:33:01,999 [pool-118-thread-1] INFO  server.RaftServerConfigKeys (ConfUtils.java:logGet(46)) - raft.server.rpc.timeout.min = 5s (custom)
2023-02-16 16:33:01,999 [pool-118-thread-1] INFO  server.RaftServerConfigKeys (ConfUtils.java:logGet(46)) - raft.server.rpc.timeout.max = 5200ms (custom)
2023-02-16 16:33:02,000 [pool-118-thread-1] INFO  server.RaftServerConfigKeys (ConfUtils.java:logGet(46)) - raft.server.rpc.sleep.time = 25ms (default)
2023-02-16 16:33:02,000 [pool-118-thread-1] INFO  server.RaftServerConfigKeys (ConfUtils.java:logGet(46)) - raft.server.rpc.slowness.timeout = 300s (custom)
2023-02-16 16:33:02,000 [pool-118-thread-1] INFO  server.RaftServerConfigKeys (ConfUtils.java:logGet(46)) - raft.server.leaderelection.leader.step-down.wait-time = 10s (default)
2023-02-16 16:33:02,000 [pool-118-thread-1] INFO  server.RaftServerConfigKeys (ConfUtils.java:logGet(46)) - raft.server.sleep.deviation.threshold = 300ms (default)
2023-02-16 16:33:02,000 [pool-118-thread-1] INFO  server.RaftServer$Division (ServerState.java:<init>(118)) - 78eb6234-2b78-46c2-a9a1-e074054ee483@group-8BAC40614D06: ConfigurationManager, init=-1: peers:[78eb6234-2b78-46c2-a9a1-e074054ee483|rpc:10.1.0.66:37359|dataStream:10.1.0.66:34393|priority:0|startupRole:FOLLOWER, 1ef1131b-9485-4bfe-ad5a-910805a11fc3|rpc:10.1.0.66:42493|dataStream:10.1.0.66:44653|priority:0|startupRole:FOLLOWER, cb9b88df-491a-41e2-b87b-1e05ddc4218e|rpc:10.1.0.66:37327|dataStream:10.1.0.66:37421|priority:1|startupRole:FOLLOWER]|listeners:[], old=null, confs=<EMPTY_MAP>
2023-02-16 16:33:02,000 [pool-118-thread-1] INFO  server.RaftServerConfigKeys (ConfUtils.java:logGet(46)) - raft.server.storage.dir = [/home/runner/work/ozone/ozone/hadoop-ozone/integration-test/target/test-dir/MiniOzoneClusterImpl-3fa4a1d0-7183-4a36-b4d2-f70efcb14827/datanode-2/data/ratis] (custom)
2023-02-16 16:33:02,000 [pool-118-thread-1] INFO  server.RaftServerConfigKeys (ConfUtils.java:logGet(46)) - raft.server.log.corruption.policy = EXCEPTION (default)
2023-02-16 16:33:02,000 [pool-118-thread-1] INFO  server.RaftServerConfigKeys (ConfUtils.java:logGet(46)) - raft.server.storage.free-space.min = 0MB (=0) (default)
2023-02-16 16:33:02,000 [pool-118-thread-1] INFO  server.RaftServerConfigKeys (ConfUtils.java:logGet(46)) - raft.server.notification.no-leader.timeout = 300s (custom)
2023-02-16 16:33:02,000 [pool-118-thread-1] INFO  server.RaftServerConfigKeys (ConfUtils.java:logGet(46)) - raft.server.retrycache.expirytime = 600000ms (custom)
2023-02-16 16:33:02,000 [pool-118-thread-1] INFO  server.RaftServerConfigKeys (ConfUtils.java:logGet(46)) - raft.server.retrycache.statistics.expirytime = 100μs (default)
2023-02-16 16:33:02,001 [pool-118-thread-1] INFO  server.RaftServerConfigKeys (ConfUtils.java:logGet(46)) - raft.server.log.appender.install.snapshot.enabled = false (custom)
2023-02-16 16:33:02,001 [pool-118-thread-1] INFO  server.RaftServerConfigKeys (ConfUtils.java:logGet(46)) - raft.server.threadpool.server.cached = true (default)
2023-02-16 16:33:02,001 [pool-118-thread-1] INFO  server.RaftServerConfigKeys (ConfUtils.java:logGet(46)) - raft.server.threadpool.server.size = 0 (default)
2023-02-16 16:33:02,001 [pool-118-thread-1] INFO  server.RaftServerConfigKeys (ConfUtils.java:logGet(46)) - raft.server.threadpool.client.cached = true (default)
2023-02-16 16:33:02,001 [pool-118-thread-1] INFO  server.RaftServerConfigKeys (ConfUtils.java:logGet(46)) - raft.server.threadpool.client.size = 0 (default)
2023-02-16 16:33:02,001 [pool-118-thread-1] INFO  storage.RaftStorageDirectory (RaftStorageDirectoryImpl.java:analyzeStorage(137)) - The storage directory /home/runner/work/ozone/ozone/hadoop-ozone/integration-test/target/test-dir/MiniOzoneClusterImpl-3fa4a1d0-7183-4a36-b4d2-f70efcb14827/datanode-2/data/ratis/3893d2fd-dfd5-4c90-be2b-8bac40614d06 does not exist. Creating ...
2023-02-16 16:33:02,002 [pool-118-thread-1] INFO  storage.RaftStorageDirectory (RaftStorageDirectoryImpl.java:tryLock(231)) - Lock on /home/runner/work/ozone/ozone/hadoop-ozone/integration-test/target/test-dir/MiniOzoneClusterImpl-3fa4a1d0-7183-4a36-b4d2-f70efcb14827/datanode-2/data/ratis/3893d2fd-dfd5-4c90-be2b-8bac40614d06/in_use.lock acquired by nodename 11092@fv-az167-289
2023-02-16 16:33:02,003 [pool-118-thread-1] INFO  storage.RaftStorage (RaftStorageImpl.java:format(96)) - Storage directory /home/runner/work/ozone/ozone/hadoop-ozone/integration-test/target/test-dir/MiniOzoneClusterImpl-3fa4a1d0-7183-4a36-b4d2-f70efcb14827/datanode-2/data/ratis/3893d2fd-dfd5-4c90-be2b-8bac40614d06 has been successfully formatted.
2023-02-16 16:33:02,004 [pool-118-thread-1] INFO  ratis.ContainerStateMachine (ContainerStateMachine.java:loadSnapshot(240)) - group-8BAC40614D06: The snapshot info is null. Setting the last applied indexto:(t:0, i:~)
2023-02-16 16:33:02,004 [pool-118-thread-1] INFO  server.RaftServerConfigKeys (ConfUtils.java:logGet(46)) - raft.server.log.use.memory = false (default)
2023-02-16 16:33:02,004 [pool-118-thread-1] INFO  server.RaftServerConfigKeys (ConfUtils.java:logGet(46)) - raft.server.log.purge.gap = 1000000 (custom)
2023-02-16 16:33:02,004 [pool-118-thread-1] INFO  server.RaftServerConfigKeys (ConfUtils.java:logGet(46)) - raft.server.log.appender.buffer.byte-limit = 33554432 (custom)
2023-02-16 16:33:02,004 [pool-118-thread-1] INFO  server.RaftServerConfigKeys (ConfUtils.java:logGet(46)) - raft.server.log.statemachine.data.read.timeout = 1000ms (default)
2023-02-16 16:33:02,004 [pool-118-thread-1] INFO  server.RaftServerConfigKeys (ConfUtils.java:logGet(46)) - raft.server.log.purge.preservation.log.num = 0 (default)
2023-02-16 16:33:02,004 [pool-118-thread-1] INFO  server.RaftServerConfigKeys (ConfUtils.java:logGet(46)) - raft.server.log.segment.size.max = 1048576 (custom)
2023-02-16 16:33:02,005 [pool-118-thread-1] INFO  server.RaftServerConfigKeys (ConfUtils.java:logGet(46)) - raft.server.log.segment.cache.num.max = 2 (custom)
2023-02-16 16:33:02,005 [pool-118-thread-1] INFO  server.RaftServerConfigKeys (ConfUtils.java:logGet(46)) - raft.server.log.segment.cache.size.max = 200MB (=209715200) (default)
2023-02-16 16:33:02,005 [pool-118-thread-1] INFO  segmented.SegmentedRaftLogWorker (SegmentedRaftLogWorker.java:<init>(189)) - new 78eb6234-2b78-46c2-a9a1-e074054ee483@group-8BAC40614D06-SegmentedRaftLogWorker for RaftStorageImpl:Storage Directory /home/runner/work/ozone/ozone/hadoop-ozone/integration-test/target/test-dir/MiniOzoneClusterImpl-3fa4a1d0-7183-4a36-b4d2-f70efcb14827/datanode-2/data/ratis/3893d2fd-dfd5-4c90-be2b-8bac40614d06
2023-02-16 16:33:02,005 [pool-118-thread-1] INFO  server.RaftServerConfigKeys (ConfUtils.java:logGet(46)) - raft.server.log.queue.byte-limit = 4294967296 (custom)
2023-02-16 16:33:02,005 [pool-118-thread-1] INFO  server.RaftServerConfigKeys (ConfUtils.java:logGet(46)) - raft.server.log.queue.element-limit = 1024 (custom)
2023-02-16 16:33:02,005 [pool-118-thread-1] INFO  server.RaftServerConfigKeys (ConfUtils.java:logGet(46)) - raft.server.log.segment.size.max = 1048576 (custom)
2023-02-16 16:33:02,005 [pool-118-thread-1] INFO  server.RaftServerConfigKeys (ConfUtils.java:logGet(46)) - raft.server.log.preallocated.size = 16384 (custom)
2023-02-16 16:33:02,005 [pool-118-thread-1] INFO  server.RaftServerConfigKeys (ConfUtils.java:logGet(46)) - raft.server.log.force.sync.num = 128 (default)
2023-02-16 16:33:02,005 [pool-118-thread-1] INFO  server.RaftServerConfigKeys (ConfUtils.java:logGet(46)) - raft.server.log.statemachine.data.sync = true (default)
2023-02-16 16:33:02,005 [pool-118-thread-1] INFO  server.RaftServerConfigKeys (ConfUtils.java:logGet(46)) - raft.server.log.statemachine.data.sync.timeout = 10s (default)
2023-02-16 16:33:02,005 [pool-118-thread-1] INFO  server.RaftServerConfigKeys (ConfUtils.java:logGet(46)) - raft.server.log.statemachine.data.sync.timeout.retry = -1 (default)
2023-02-16 16:33:02,006 [pool-118-thread-1] INFO  server.RaftServerConfigKeys (ConfUtils.java:logGet(46)) - raft.server.log.write.buffer.size = 1048576 (custom)
2023-02-16 16:33:02,007 [pool-118-thread-1] INFO  server.RaftServerConfigKeys (ConfUtils.java:logGet(46)) - raft.server.log.appender.buffer.byte-limit = 33554432 (custom)
2023-02-16 16:33:02,012 [pool-118-thread-1] INFO  server.RaftServerConfigKeys (ConfUtils.java:logGet(46)) - raft.server.log.unsafe-flush.enabled = false (default)
2023-02-16 16:33:02,012 [pool-118-thread-1] INFO  server.RaftServerConfigKeys (ConfUtils.java:logGet(46)) - raft.server.log.async-flush.enabled = false (default)
2023-02-16 16:33:02,012 [pool-118-thread-1] INFO  server.RaftServerConfigKeys (ConfUtils.java:logGet(46)) - raft.server.log.statemachine.data.caching.enabled = true (custom)
2023-02-16 16:33:02,013 [pool-118-thread-1] INFO  segmented.SegmentedRaftLogWorker (SegmentedRaftLogWorker.java:lambda$new$0(135)) - 78eb6234-2b78-46c2-a9a1-e074054ee483@group-8BAC40614D06-SegmentedRaftLogWorker: flushIndex: setUnconditionally 0 -> -1
2023-02-16 16:33:02,013 [pool-118-thread-1] INFO  segmented.SegmentedRaftLogWorker (SegmentedRaftLogWorker.java:lambda$new$0(135)) - 78eb6234-2b78-46c2-a9a1-e074054ee483@group-8BAC40614D06-SegmentedRaftLogWorker: safeCacheEvictIndex: setUnconditionally 0 -> -1
2023-02-16 16:33:02,013 [pool-118-thread-1] INFO  server.RaftServer$Division (RaftServerImpl.java:start(334)) - 78eb6234-2b78-46c2-a9a1-e074054ee483@group-8BAC40614D06: start as a follower, conf=-1: peers:[78eb6234-2b78-46c2-a9a1-e074054ee483|rpc:10.1.0.66:37359|dataStream:10.1.0.66:34393|priority:0|startupRole:FOLLOWER, 1ef1131b-9485-4bfe-ad5a-910805a11fc3|rpc:10.1.0.66:42493|dataStream:10.1.0.66:44653|priority:0|startupRole:FOLLOWER, cb9b88df-491a-41e2-b87b-1e05ddc4218e|rpc:10.1.0.66:37327|dataStream:10.1.0.66:37421|priority:1|startupRole:FOLLOWER]|listeners:[], old=null
2023-02-16 16:33:02,013 [pool-118-thread-1] INFO  server.RaftServer$Division (RaftServerImpl.java:setRole(321)) - 78eb6234-2b78-46c2-a9a1-e074054ee483@group-8BAC40614D06: changes role from      null to FOLLOWER at term 0 for startAsFollower
2023-02-16 16:33:02,013 [pool-118-thread-1] INFO  impl.RoleInfo (RoleInfo.java:updateAndGet(139)) - 78eb6234-2b78-46c2-a9a1-e074054ee483: start 78eb6234-2b78-46c2-a9a1-e074054ee483@group-8BAC40614D06-FollowerState
2023-02-16 16:33:02,013 [pool-118-thread-1] INFO  util.JmxRegister (JmxRegister.java:tryRegister(44)) - Successfully registered JMX Bean with object name Ratis:service=RaftServer,group=group-8BAC40614D06,id=78eb6234-2b78-46c2-a9a1-e074054ee483
2023-02-16 16:33:02,013 [pool-118-thread-1] INFO  server.RaftServerConfigKeys (ConfUtils.java:logGet(46)) - raft.server.snapshot.auto.trigger.enabled = true (custom)
2023-02-16 16:33:02,013 [pool-118-thread-1] INFO  server.RaftServerConfigKeys (ConfUtils.java:logGet(46)) - raft.server.snapshot.auto.trigger.threshold = 10000 (custom)
2023-02-16 16:33:02,013 [pool-118-thread-1] INFO  server.RaftServerConfigKeys (ConfUtils.java:logGet(46)) - raft.server.snapshot.retention.file.num = 5 (custom)
2023-02-16 16:33:02,013 [pool-118-thread-1] INFO  server.RaftServerConfigKeys (ConfUtils.java:logGet(46)) - raft.server.log.purge.upto.snapshot.index = false (default)
2023-02-16 16:33:02,014 [78eb6234-2b78-46c2-a9a1-e074054ee483@group-8BAC40614D06-FollowerState] INFO  server.RaftServerConfigKeys (ConfUtils.java:logFallback(53)) - raft.server.rpc.first-election.timeout.min = 5s (fallback to raft.server.rpc.timeout.min)
2023-02-16 16:33:02,027 [78eb6234-2b78-46c2-a9a1-e074054ee483@group-8BAC40614D06-FollowerState] INFO  server.RaftServerConfigKeys (ConfUtils.java:logFallback(53)) - raft.server.rpc.first-election.timeout.max = 5200ms (fallback to raft.server.rpc.timeout.max)
2023-02-16 16:33:02,038 [Command processor thread] INFO  commandhandler.CreatePipelineCommandHandler (CreatePipelineCommandHandler.java:handle(113)) - Created Pipeline RATIS THREE PipelineID=3893d2fd-dfd5-4c90-be2b-8bac40614d06.
2023-02-16 16:33:02,054 [Command processor thread] INFO  commandhandler.CreatePipelineCommandHandler (CreatePipelineCommandHandler.java:handle(113)) - Created Pipeline RATIS THREE PipelineID=3893d2fd-dfd5-4c90-be2b-8bac40614d06.
2023-02-16 16:33:02,242 [Command processor thread] INFO  server.RaftServer (RaftServerProxy.java:addNew(96)) - 78eb6234-2b78-46c2-a9a1-e074054ee483: addNew group-FC840B94C539:[78eb6234-2b78-46c2-a9a1-e074054ee483|rpc:10.1.0.66:37359|dataStream:10.1.0.66:34393|priority:1|startupRole:FOLLOWER] returns group-FC840B94C539:java.util.concurrent.CompletableFuture@15c308d0[Not completed]
2023-02-16 16:33:02,243 [pool-118-thread-1] INFO  server.RaftServer$Division (RaftServerImpl.java:<init>(195)) - 78eb6234-2b78-46c2-a9a1-e074054ee483: new RaftServerImpl for group-FC840B94C539:[78eb6234-2b78-46c2-a9a1-e074054ee483|rpc:10.1.0.66:37359|dataStream:10.1.0.66:34393|priority:1|startupRole:FOLLOWER] with ContainerStateMachine:uninitialized
2023-02-16 16:33:02,243 [pool-118-thread-1] INFO  server.RaftServerConfigKeys (ConfUtils.java:logGet(46)) - raft.server.rpc.timeout.min = 5s (custom)
2023-02-16 16:33:02,243 [pool-118-thread-1] INFO  server.RaftServerConfigKeys (ConfUtils.java:logGet(46)) - raft.server.rpc.timeout.max = 5200ms (custom)
2023-02-16 16:33:02,243 [pool-118-thread-1] INFO  server.RaftServerConfigKeys (ConfUtils.java:logGet(46)) - raft.server.rpc.sleep.time = 25ms (default)
2023-02-16 16:33:02,243 [pool-118-thread-1] INFO  server.RaftServerConfigKeys (ConfUtils.java:logGet(46)) - raft.server.rpc.slowness.timeout = 300s (custom)
2023-02-16 16:33:02,243 [pool-118-thread-1] INFO  server.RaftServerConfigKeys (ConfUtils.java:logGet(46)) - raft.server.leaderelection.leader.step-down.wait-time = 10s (default)
2023-02-16 16:33:02,243 [pool-118-thread-1] INFO  server.RaftServerConfigKeys (ConfUtils.java:logGet(46)) - raft.server.sleep.deviation.threshold = 300ms (default)
2023-02-16 16:33:02,243 [pool-118-thread-1] INFO  server.RaftServer$Division (ServerState.java:<init>(118)) - 78eb6234-2b78-46c2-a9a1-e074054ee483@group-FC840B94C539: ConfigurationManager, init=-1: peers:[78eb6234-2b78-46c2-a9a1-e074054ee483|rpc:10.1.0.66:37359|dataStream:10.1.0.66:34393|priority:1|startupRole:FOLLOWER]|listeners:[], old=null, confs=<EMPTY_MAP>
2023-02-16 16:33:02,243 [pool-118-thread-1] INFO  server.RaftServerConfigKeys (ConfUtils.java:logGet(46)) - raft.server.storage.dir = [/home/runner/work/ozone/ozone/hadoop-ozone/integration-test/target/test-dir/MiniOzoneClusterImpl-3fa4a1d0-7183-4a36-b4d2-f70efcb14827/datanode-2/data/ratis] (custom)
2023-02-16 16:33:02,243 [pool-118-thread-1] INFO  server.RaftServerConfigKeys (ConfUtils.java:logGet(46)) - raft.server.log.corruption.policy = EXCEPTION (default)
2023-02-16 16:33:02,243 [pool-118-thread-1] INFO  server.RaftServerConfigKeys (ConfUtils.java:logGet(46)) - raft.server.storage.free-space.min = 0MB (=0) (default)
2023-02-16 16:33:02,243 [pool-118-thread-1] INFO  server.RaftServerConfigKeys (ConfUtils.java:logGet(46)) - raft.server.notification.no-leader.timeout = 300s (custom)
2023-02-16 16:33:02,244 [pool-118-thread-1] INFO  server.RaftServerConfigKeys (ConfUtils.java:logGet(46)) - raft.server.retrycache.expirytime = 600000ms (custom)
2023-02-16 16:33:02,244 [pool-118-thread-1] INFO  server.RaftServerConfigKeys (ConfUtils.java:logGet(46)) - raft.server.retrycache.statistics.expirytime = 100μs (default)
2023-02-16 16:33:02,244 [pool-118-thread-1] INFO  server.RaftServerConfigKeys (ConfUtils.java:logGet(46)) - raft.server.log.appender.install.snapshot.enabled = false (custom)
2023-02-16 16:33:02,244 [pool-118-thread-1] INFO  server.RaftServerConfigKeys (ConfUtils.java:logGet(46)) - raft.server.threadpool.server.cached = true (default)
2023-02-16 16:33:02,245 [pool-118-thread-1] INFO  server.RaftServerConfigKeys (ConfUtils.java:logGet(46)) - raft.server.threadpool.server.size = 0 (default)
2023-02-16 16:33:02,245 [pool-118-thread-1] INFO  server.RaftServerConfigKeys (ConfUtils.java:logGet(46)) - raft.server.threadpool.client.cached = true (default)
2023-02-16 16:33:02,245 [pool-118-thread-1] INFO  server.RaftServerConfigKeys (ConfUtils.java:logGet(46)) - raft.server.threadpool.client.size = 0 (default)
2023-02-16 16:33:02,245 [pool-118-thread-1] INFO  storage.RaftStorageDirectory (RaftStorageDirectoryImpl.java:analyzeStorage(137)) - The storage directory /home/runner/work/ozone/ozone/hadoop-ozone/integration-test/target/test-dir/MiniOzoneClusterImpl-3fa4a1d0-7183-4a36-b4d2-f70efcb14827/datanode-2/data/ratis/c1f2ccb0-3be5-4618-8a03-fc840b94c539 does not exist. Creating ...
2023-02-16 16:33:02,246 [pool-118-thread-1] INFO  storage.RaftStorageDirectory (RaftStorageDirectoryImpl.java:tryLock(231)) - Lock on /home/runner/work/ozone/ozone/hadoop-ozone/integration-test/target/test-dir/MiniOzoneClusterImpl-3fa4a1d0-7183-4a36-b4d2-f70efcb14827/datanode-2/data/ratis/c1f2ccb0-3be5-4618-8a03-fc840b94c539/in_use.lock acquired by nodename 11092@fv-az167-289
2023-02-16 16:33:02,247 [pool-118-thread-1] INFO  storage.RaftStorage (RaftStorageImpl.java:format(96)) - Storage directory /home/runner/work/ozone/ozone/hadoop-ozone/integration-test/target/test-dir/MiniOzoneClusterImpl-3fa4a1d0-7183-4a36-b4d2-f70efcb14827/datanode-2/data/ratis/c1f2ccb0-3be5-4618-8a03-fc840b94c539 has been successfully formatted.
2023-02-16 16:33:02,247 [pool-118-thread-1] INFO  ratis.ContainerStateMachine (ContainerStateMachine.java:loadSnapshot(240)) - group-FC840B94C539: The snapshot info is null. Setting the last applied indexto:(t:0, i:~)
2023-02-16 16:33:02,247 [pool-118-thread-1] INFO  server.RaftServerConfigKeys (ConfUtils.java:logGet(46)) - raft.server.log.use.memory = false (default)
2023-02-16 16:33:02,247 [pool-118-thread-1] INFO  server.RaftServerConfigKeys (ConfUtils.java:logGet(46)) - raft.server.log.purge.gap = 1000000 (custom)
2023-02-16 16:33:02,247 [pool-118-thread-1] INFO  server.RaftServerConfigKeys (ConfUtils.java:logGet(46)) - raft.server.log.appender.buffer.byte-limit = 33554432 (custom)
2023-02-16 16:33:02,247 [pool-118-thread-1] INFO  server.RaftServerConfigKeys (ConfUtils.java:logGet(46)) - raft.server.log.statemachine.data.read.timeout = 1000ms (default)
2023-02-16 16:33:02,247 [pool-118-thread-1] INFO  server.RaftServerConfigKeys (ConfUtils.java:logGet(46)) - raft.server.log.purge.preservation.log.num = 0 (default)
2023-02-16 16:33:02,248 [pool-118-thread-1] INFO  server.RaftServerConfigKeys (ConfUtils.java:logGet(46)) - raft.server.log.segment.size.max = 1048576 (custom)
2023-02-16 16:33:02,249 [EventQueue-PipelineReportForPipelineReportHandler] INFO  pipeline.PipelineManagerImpl (PipelineManagerImpl.java:openPipeline(367)) - Pipeline Pipeline[ Id: c1f2ccb0-3be5-4618-8a03-fc840b94c539, Nodes: 78eb6234-2b78-46c2-a9a1-e074054ee483(fv-az167-289.21ktoceh2wee5fewwtpg1zd01g.bx.internal.cloudapp.net/10.1.0.66), ReplicationConfig: RATIS/ONE, State:ALLOCATED, leaderId:78eb6234-2b78-46c2-a9a1-e074054ee483, CreationTimestamp2023-02-16T16:32:59.245Z[Etc/UTC]] moved to OPEN state
2023-02-16 16:33:02,250 [pool-118-thread-1] INFO  server.RaftServerConfigKeys (ConfUtils.java:logGet(46)) - raft.server.log.segment.cache.num.max = 2 (custom)
2023-02-16 16:33:02,250 [pool-118-thread-1] INFO  server.RaftServerConfigKeys (ConfUtils.java:logGet(46)) - raft.server.log.segment.cache.size.max = 200MB (=209715200) (default)
2023-02-16 16:33:02,250 [pool-118-thread-1] INFO  segmented.SegmentedRaftLogWorker (SegmentedRaftLogWorker.java:<init>(189)) - new 78eb6234-2b78-46c2-a9a1-e074054ee483@group-FC840B94C539-SegmentedRaftLogWorker for RaftStorageImpl:Storage Directory /home/runner/work/ozone/ozone/hadoop-ozone/integration-test/target/test-dir/MiniOzoneClusterImpl-3fa4a1d0-7183-4a36-b4d2-f70efcb14827/datanode-2/data/ratis/c1f2ccb0-3be5-4618-8a03-fc840b94c539
2023-02-16 16:33:02,250 [pool-118-thread-1] INFO  server.RaftServerConfigKeys (ConfUtils.java:logGet(46)) - raft.server.log.queue.byte-limit = 4294967296 (custom)
2023-02-16 16:33:02,250 [pool-118-thread-1] INFO  server.RaftServerConfigKeys (ConfUtils.java:logGet(46)) - raft.server.log.queue.element-limit = 1024 (custom)
2023-02-16 16:33:02,250 [EventQueue-OpenPipelineForHealthyPipelineSafeModeRule] INFO  safemode.SCMSafeModeManager (HealthyPipelineSafeModeRule.java:process(137)) - SCM in safe mode. Healthy pipelines reported count is 0, required healthy pipeline reported count is 1
2023-02-16 16:33:02,250 [pool-118-thread-1] INFO  server.RaftServerConfigKeys (ConfUtils.java:logGet(46)) - raft.server.log.segment.size.max = 1048576 (custom)
2023-02-16 16:33:02,250 [pool-118-thread-1] INFO  server.RaftServerConfigKeys (ConfUtils.java:logGet(46)) - raft.server.log.preallocated.size = 16384 (custom)
2023-02-16 16:33:02,250 [pool-118-thread-1] INFO  server.RaftServerConfigKeys (ConfUtils.java:logGet(46)) - raft.server.log.force.sync.num = 128 (default)
2023-02-16 16:33:02,250 [pool-118-thread-1] INFO  server.RaftServerConfigKeys (ConfUtils.java:logGet(46)) - raft.server.log.statemachine.data.sync = true (default)
2023-02-16 16:33:02,250 [pool-118-thread-1] INFO  server.RaftServerConfigKeys (ConfUtils.java:logGet(46)) - raft.server.log.statemachine.data.sync.timeout = 10s (default)
2023-02-16 16:33:02,250 [pool-118-thread-1] INFO  server.RaftServerConfigKeys (ConfUtils.java:logGet(46)) - raft.server.log.statemachine.data.sync.timeout.retry = -1 (default)
2023-02-16 16:33:02,251 [pool-118-thread-1] INFO  server.RaftServerConfigKeys (ConfUtils.java:logGet(46)) - raft.server.log.write.buffer.size = 1048576 (custom)
2023-02-16 16:33:02,251 [pool-118-thread-1] INFO  server.RaftServerConfigKeys (ConfUtils.java:logGet(46)) - raft.server.log.appender.buffer.byte-limit = 33554432 (custom)
2023-02-16 16:33:02,255 [pool-118-thread-1] INFO  server.RaftServerConfigKeys (ConfUtils.java:logGet(46)) - raft.server.log.unsafe-flush.enabled = false (default)
2023-02-16 16:33:02,255 [pool-118-thread-1] INFO  server.RaftServerConfigKeys (ConfUtils.java:logGet(46)) - raft.server.log.async-flush.enabled = false (default)
2023-02-16 16:33:02,255 [pool-118-thread-1] INFO  server.RaftServerConfigKeys (ConfUtils.java:logGet(46)) - raft.server.log.statemachine.data.caching.enabled = true (custom)
2023-02-16 16:33:02,256 [pool-118-thread-1] INFO  segmented.SegmentedRaftLogWorker (SegmentedRaftLogWorker.java:lambda$new$0(135)) - 78eb6234-2b78-46c2-a9a1-e074054ee483@group-FC840B94C539-SegmentedRaftLogWorker: flushIndex: setUnconditionally 0 -> -1
2023-02-16 16:33:02,256 [pool-118-thread-1] INFO  segmented.SegmentedRaftLogWorker (SegmentedRaftLogWorker.java:lambda$new$0(135)) - 78eb6234-2b78-46c2-a9a1-e074054ee483@group-FC840B94C539-SegmentedRaftLogWorker: safeCacheEvictIndex: setUnconditionally 0 -> -1
2023-02-16 16:33:02,257 [pool-118-thread-1] INFO  server.RaftServer$Division (RaftServerImpl.java:start(334)) - 78eb6234-2b78-46c2-a9a1-e074054ee483@group-FC840B94C539: start as a follower, conf=-1: peers:[78eb6234-2b78-46c2-a9a1-e074054ee483|rpc:10.1.0.66:37359|dataStream:10.1.0.66:34393|priority:1|startupRole:FOLLOWER]|listeners:[], old=null
2023-02-16 16:33:02,257 [pool-118-thread-1] INFO  server.RaftServer$Division (RaftServerImpl.java:setRole(321)) - 78eb6234-2b78-46c2-a9a1-e074054ee483@group-FC840B94C539: changes role from      null to FOLLOWER at term 0 for startAsFollower
2023-02-16 16:33:02,257 [pool-118-thread-1] INFO  impl.RoleInfo (RoleInfo.java:updateAndGet(139)) - 78eb6234-2b78-46c2-a9a1-e074054ee483: start 78eb6234-2b78-46c2-a9a1-e074054ee483@group-FC840B94C539-FollowerState
2023-02-16 16:33:02,258 [pool-118-thread-1] INFO  util.JmxRegister (JmxRegister.java:tryRegister(44)) - Successfully registered JMX Bean with object name Ratis:service=RaftServer,group=group-FC840B94C539,id=78eb6234-2b78-46c2-a9a1-e074054ee483
2023-02-16 16:33:02,258 [pool-118-thread-1] INFO  server.RaftServerConfigKeys (ConfUtils.java:logGet(46)) - raft.server.snapshot.auto.trigger.enabled = true (custom)
2023-02-16 16:33:02,258 [pool-118-thread-1] INFO  server.RaftServerConfigKeys (ConfUtils.java:logGet(46)) - raft.server.snapshot.auto.trigger.threshold = 10000 (custom)
2023-02-16 16:33:02,258 [pool-118-thread-1] INFO  server.RaftServerConfigKeys (ConfUtils.java:logGet(46)) - raft.server.snapshot.retention.file.num = 5 (custom)
2023-02-16 16:33:02,258 [pool-118-thread-1] INFO  server.RaftServerConfigKeys (ConfUtils.java:logGet(46)) - raft.server.log.purge.upto.snapshot.index = false (default)
2023-02-16 16:33:02,258 [78eb6234-2b78-46c2-a9a1-e074054ee483@group-FC840B94C539-FollowerState] INFO  server.RaftServerConfigKeys (ConfUtils.java:logFallback(53)) - raft.server.rpc.first-election.timeout.min = 5s (fallback to raft.server.rpc.timeout.min)
2023-02-16 16:33:02,258 [78eb6234-2b78-46c2-a9a1-e074054ee483@group-FC840B94C539-FollowerState] INFO  server.RaftServerConfigKeys (ConfUtils.java:logFallback(53)) - raft.server.rpc.first-election.timeout.max = 5200ms (fallback to raft.server.rpc.timeout.max)
2023-02-16 16:33:02,259 [Command processor thread] INFO  ratis.XceiverServerRatis (XceiverServerRatis.java:addGroup(807)) - Created group PipelineID=c1f2ccb0-3be5-4618-8a03-fc840b94c539
2023-02-16 16:33:02,259 [Command processor thread] INFO  commandhandler.CreatePipelineCommandHandler (CreatePipelineCommandHandler.java:handle(113)) - Created Pipeline RATIS ONE PipelineID=c1f2ccb0-3be5-4618-8a03-fc840b94c539.
2023-02-16 16:33:02,509 [JvmPauseMonitor1] WARN  util.JvmPauseMonitor (JvmPauseMonitor.java:detectPause(126)) - JvmPauseMonitor-cb9b88df-491a-41e2-b87b-1e05ddc4218e: Detected pause in JVM or host machine (eg GC): pause of approximately 145218549ns.
GC pool 'PS MarkSweep' had collection(s): count=1 time=177ms
GC pool 'PS Scavenge' had collection(s): count=1 time=65ms
2023-02-16 16:33:02,509 [JvmPauseMonitor3] WARN  util.JvmPauseMonitor (JvmPauseMonitor.java:detectPause(126)) - JvmPauseMonitor-78eb6234-2b78-46c2-a9a1-e074054ee483: Detected pause in JVM or host machine (eg GC): pause of approximately 229490738ns.
GC pool 'PS MarkSweep' had collection(s): count=1 time=177ms
GC pool 'PS Scavenge' had collection(s): count=1 time=65ms
2023-02-16 16:33:02,637 [Command processor thread] INFO  server.RaftServer (RaftServerProxy.java:addNew(96)) - 44c53caa-cbc6-4a21-8e53-cb7b17b04bf3: addNew group-143EA0EB86F7:[44c53caa-cbc6-4a21-8e53-cb7b17b04bf3|rpc:10.1.0.66:36097|dataStream:10.1.0.66:36813|priority:1|startupRole:FOLLOWER] returns group-143EA0EB86F7:java.util.concurrent.CompletableFuture@561f6f58[Not completed]
2023-02-16 16:33:02,639 [pool-140-thread-1] INFO  server.RaftServer$Division (RaftServerImpl.java:<init>(195)) - 44c53caa-cbc6-4a21-8e53-cb7b17b04bf3: new RaftServerImpl for group-143EA0EB86F7:[44c53caa-cbc6-4a21-8e53-cb7b17b04bf3|rpc:10.1.0.66:36097|dataStream:10.1.0.66:36813|priority:1|startupRole:FOLLOWER] with ContainerStateMachine:uninitialized
2023-02-16 16:33:02,639 [pool-140-thread-1] INFO  server.RaftServerConfigKeys (ConfUtils.java:logGet(46)) - raft.server.rpc.timeout.min = 5s (custom)
2023-02-16 16:33:02,639 [pool-140-thread-1] INFO  server.RaftServerConfigKeys (ConfUtils.java:logGet(46)) - raft.server.rpc.timeout.max = 5200ms (custom)
2023-02-16 16:33:02,639 [pool-140-thread-1] INFO  server.RaftServerConfigKeys (ConfUtils.java:logGet(46)) - raft.server.rpc.sleep.time = 25ms (default)
2023-02-16 16:33:02,640 [pool-140-thread-1] INFO  server.RaftServerConfigKeys (ConfUtils.java:logGet(46)) - raft.server.rpc.slowness.timeout = 300s (custom)
2023-02-16 16:33:02,640 [pool-140-thread-1] INFO  server.RaftServerConfigKeys (ConfUtils.java:logGet(46)) - raft.server.leaderelection.leader.step-down.wait-time = 10s (default)
2023-02-16 16:33:02,640 [pool-140-thread-1] INFO  server.RaftServerConfigKeys (ConfUtils.java:logGet(46)) - raft.server.sleep.deviation.threshold = 300ms (default)
2023-02-16 16:33:02,640 [pool-140-thread-1] INFO  server.RaftServer$Division (ServerState.java:<init>(118)) - 44c53caa-cbc6-4a21-8e53-cb7b17b04bf3@group-143EA0EB86F7: ConfigurationManager, init=-1: peers:[44c53caa-cbc6-4a21-8e53-cb7b17b04bf3|rpc:10.1.0.66:36097|dataStream:10.1.0.66:36813|priority:1|startupRole:FOLLOWER]|listeners:[], old=null, confs=<EMPTY_MAP>
2023-02-16 16:33:02,640 [pool-140-thread-1] INFO  server.RaftServerConfigKeys (ConfUtils.java:logGet(46)) - raft.server.storage.dir = [/home/runner/work/ozone/ozone/hadoop-ozone/integration-test/target/test-dir/MiniOzoneClusterImpl-3fa4a1d0-7183-4a36-b4d2-f70efcb14827/datanode-3/data/ratis] (custom)
2023-02-16 16:33:02,640 [pool-140-thread-1] INFO  server.RaftServerConfigKeys (ConfUtils.java:logGet(46)) - raft.server.log.corruption.policy = EXCEPTION (default)
2023-02-16 16:33:02,640 [pool-140-thread-1] INFO  server.RaftServerConfigKeys (ConfUtils.java:logGet(46)) - raft.server.storage.free-space.min = 0MB (=0) (default)
2023-02-16 16:33:02,640 [pool-140-thread-1] INFO  server.RaftServerConfigKeys (ConfUtils.java:logGet(46)) - raft.server.notification.no-leader.timeout = 300s (custom)
2023-02-16 16:33:02,640 [pool-140-thread-1] INFO  server.RaftServerConfigKeys (ConfUtils.java:logGet(46)) - raft.server.retrycache.expirytime = 600000ms (custom)
2023-02-16 16:33:02,642 [pool-140-thread-1] INFO  server.RaftServerConfigKeys (ConfUtils.java:logGet(46)) - raft.server.retrycache.statistics.expirytime = 100μs (default)
2023-02-16 16:33:02,644 [pool-140-thread-1] INFO  server.RaftServerConfigKeys (ConfUtils.java:logGet(46)) - raft.server.log.appender.install.snapshot.enabled = false (custom)
2023-02-16 16:33:02,645 [pool-140-thread-1] INFO  server.RaftServerConfigKeys (ConfUtils.java:logGet(46)) - raft.server.threadpool.server.cached = true (default)
2023-02-16 16:33:02,645 [pool-140-thread-1] INFO  server.RaftServerConfigKeys (ConfUtils.java:logGet(46)) - raft.server.threadpool.server.size = 0 (default)
2023-02-16 16:33:02,645 [pool-140-thread-1] INFO  server.RaftServerConfigKeys (ConfUtils.java:logGet(46)) - raft.server.threadpool.client.cached = true (default)
2023-02-16 16:33:02,645 [pool-140-thread-1] INFO  server.RaftServerConfigKeys (ConfUtils.java:logGet(46)) - raft.server.threadpool.client.size = 0 (default)
2023-02-16 16:33:02,646 [pool-140-thread-1] INFO  storage.RaftStorageDirectory (RaftStorageDirectoryImpl.java:analyzeStorage(137)) - The storage directory /home/runner/work/ozone/ozone/hadoop-ozone/integration-test/target/test-dir/MiniOzoneClusterImpl-3fa4a1d0-7183-4a36-b4d2-f70efcb14827/datanode-3/data/ratis/521825df-1c4f-4a85-a2d7-143ea0eb86f7 does not exist. Creating ...
2023-02-16 16:33:02,647 [pool-140-thread-1] INFO  storage.RaftStorageDirectory (RaftStorageDirectoryImpl.java:tryLock(231)) - Lock on /home/runner/work/ozone/ozone/hadoop-ozone/integration-test/target/test-dir/MiniOzoneClusterImpl-3fa4a1d0-7183-4a36-b4d2-f70efcb14827/datanode-3/data/ratis/521825df-1c4f-4a85-a2d7-143ea0eb86f7/in_use.lock acquired by nodename 11092@fv-az167-289
2023-02-16 16:33:02,649 [pool-140-thread-1] INFO  storage.RaftStorage (RaftStorageImpl.java:format(96)) - Storage directory /home/runner/work/ozone/ozone/hadoop-ozone/integration-test/target/test-dir/MiniOzoneClusterImpl-3fa4a1d0-7183-4a36-b4d2-f70efcb14827/datanode-3/data/ratis/521825df-1c4f-4a85-a2d7-143ea0eb86f7 has been successfully formatted.
2023-02-16 16:33:02,650 [pool-140-thread-1] INFO  ratis.ContainerStateMachine (ContainerStateMachine.java:loadSnapshot(240)) - group-143EA0EB86F7: The snapshot info is null. Setting the last applied indexto:(t:0, i:~)
2023-02-16 16:33:02,650 [pool-140-thread-1] INFO  server.RaftServerConfigKeys (ConfUtils.java:logGet(46)) - raft.server.log.use.memory = false (default)
2023-02-16 16:33:02,650 [pool-140-thread-1] INFO  server.RaftServerConfigKeys (ConfUtils.java:logGet(46)) - raft.server.log.purge.gap = 1000000 (custom)
2023-02-16 16:33:02,651 [pool-140-thread-1] INFO  server.RaftServerConfigKeys (ConfUtils.java:logGet(46)) - raft.server.log.appender.buffer.byte-limit = 33554432 (custom)
2023-02-16 16:33:02,651 [pool-140-thread-1] INFO  server.RaftServerConfigKeys (ConfUtils.java:logGet(46)) - raft.server.log.statemachine.data.read.timeout = 1000ms (default)
2023-02-16 16:33:02,651 [pool-140-thread-1] INFO  server.RaftServerConfigKeys (ConfUtils.java:logGet(46)) - raft.server.log.purge.preservation.log.num = 0 (default)
2023-02-16 16:33:02,651 [pool-140-thread-1] INFO  server.RaftServerConfigKeys (ConfUtils.java:logGet(46)) - raft.server.log.segment.size.max = 1048576 (custom)
2023-02-16 16:33:02,653 [pool-140-thread-1] INFO  server.RaftServerConfigKeys (ConfUtils.java:logGet(46)) - raft.server.log.segment.cache.num.max = 2 (custom)
2023-02-16 16:33:02,653 [pool-140-thread-1] INFO  server.RaftServerConfigKeys (ConfUtils.java:logGet(46)) - raft.server.log.segment.cache.size.max = 200MB (=209715200) (default)
2023-02-16 16:33:02,653 [pool-140-thread-1] INFO  segmented.SegmentedRaftLogWorker (SegmentedRaftLogWorker.java:<init>(189)) - new 44c53caa-cbc6-4a21-8e53-cb7b17b04bf3@group-143EA0EB86F7-SegmentedRaftLogWorker for RaftStorageImpl:Storage Directory /home/runner/work/ozone/ozone/hadoop-ozone/integration-test/target/test-dir/MiniOzoneClusterImpl-3fa4a1d0-7183-4a36-b4d2-f70efcb14827/datanode-3/data/ratis/521825df-1c4f-4a85-a2d7-143ea0eb86f7
2023-02-16 16:33:02,653 [pool-140-thread-1] INFO  server.RaftServerConfigKeys (ConfUtils.java:logGet(46)) - raft.server.log.queue.byte-limit = 4294967296 (custom)
2023-02-16 16:33:02,653 [pool-140-thread-1] INFO  server.RaftServerConfigKeys (ConfUtils.java:logGet(46)) - raft.server.log.queue.element-limit = 1024 (custom)
2023-02-16 16:33:02,653 [pool-140-thread-1] INFO  server.RaftServerConfigKeys (ConfUtils.java:logGet(46)) - raft.server.log.segment.size.max = 1048576 (custom)
2023-02-16 16:33:02,653 [pool-140-thread-1] INFO  server.RaftServerConfigKeys (ConfUtils.java:logGet(46)) - raft.server.log.preallocated.size = 16384 (custom)
2023-02-16 16:33:02,653 [pool-140-thread-1] INFO  server.RaftServerConfigKeys (ConfUtils.java:logGet(46)) - raft.server.log.force.sync.num = 128 (default)
2023-02-16 16:33:02,653 [pool-140-thread-1] INFO  server.RaftServerConfigKeys (ConfUtils.java:logGet(46)) - raft.server.log.statemachine.data.sync = true (default)
2023-02-16 16:33:02,653 [pool-140-thread-1] INFO  server.RaftServerConfigKeys (ConfUtils.java:logGet(46)) - raft.server.log.statemachine.data.sync.timeout = 10s (default)
2023-02-16 16:33:02,653 [pool-140-thread-1] INFO  server.RaftServerConfigKeys (ConfUtils.java:logGet(46)) - raft.server.log.statemachine.data.sync.timeout.retry = -1 (default)
2023-02-16 16:33:02,653 [EventQueue-PipelineReportForPipelineReportHandler] INFO  pipeline.PipelineManagerImpl (PipelineManagerImpl.java:openPipeline(367)) - Pipeline Pipeline[ Id: 521825df-1c4f-4a85-a2d7-143ea0eb86f7, Nodes: 44c53caa-cbc6-4a21-8e53-cb7b17b04bf3(fv-az167-289.21ktoceh2wee5fewwtpg1zd01g.bx.internal.cloudapp.net/10.1.0.66), ReplicationConfig: RATIS/ONE, State:ALLOCATED, leaderId:44c53caa-cbc6-4a21-8e53-cb7b17b04bf3, CreationTimestamp2023-02-16T16:32:59.641Z[Etc/UTC]] moved to OPEN state
2023-02-16 16:33:02,654 [EventQueue-OpenPipelineForHealthyPipelineSafeModeRule] INFO  safemode.SCMSafeModeManager (HealthyPipelineSafeModeRule.java:process(137)) - SCM in safe mode. Healthy pipelines reported count is 0, required healthy pipeline reported count is 1
2023-02-16 16:33:02,654 [pool-140-thread-1] INFO  server.RaftServerConfigKeys (ConfUtils.java:logGet(46)) - raft.server.log.write.buffer.size = 1048576 (custom)
2023-02-16 16:33:02,655 [pool-140-thread-1] INFO  server.RaftServerConfigKeys (ConfUtils.java:logGet(46)) - raft.server.log.appender.buffer.byte-limit = 33554432 (custom)
2023-02-16 16:33:02,658 [pool-140-thread-1] INFO  server.RaftServerConfigKeys (ConfUtils.java:logGet(46)) - raft.server.log.unsafe-flush.enabled = false (default)
2023-02-16 16:33:02,658 [pool-140-thread-1] INFO  server.RaftServerConfigKeys (ConfUtils.java:logGet(46)) - raft.server.log.async-flush.enabled = false (default)
2023-02-16 16:33:02,658 [pool-140-thread-1] INFO  server.RaftServerConfigKeys (ConfUtils.java:logGet(46)) - raft.server.log.statemachine.data.caching.enabled = true (custom)
2023-02-16 16:33:02,658 [pool-140-thread-1] INFO  segmented.SegmentedRaftLogWorker (SegmentedRaftLogWorker.java:lambda$new$0(135)) - 44c53caa-cbc6-4a21-8e53-cb7b17b04bf3@group-143EA0EB86F7-SegmentedRaftLogWorker: flushIndex: setUnconditionally 0 -> -1
2023-02-16 16:33:02,658 [pool-140-thread-1] INFO  segmented.SegmentedRaftLogWorker (SegmentedRaftLogWorker.java:lambda$new$0(135)) - 44c53caa-cbc6-4a21-8e53-cb7b17b04bf3@group-143EA0EB86F7-SegmentedRaftLogWorker: safeCacheEvictIndex: setUnconditionally 0 -> -1
2023-02-16 16:33:02,658 [pool-140-thread-1] INFO  server.RaftServer$Division (RaftServerImpl.java:start(334)) - 44c53caa-cbc6-4a21-8e53-cb7b17b04bf3@group-143EA0EB86F7: start as a follower, conf=-1: peers:[44c53caa-cbc6-4a21-8e53-cb7b17b04bf3|rpc:10.1.0.66:36097|dataStream:10.1.0.66:36813|priority:1|startupRole:FOLLOWER]|listeners:[], old=null
2023-02-16 16:33:02,658 [pool-140-thread-1] INFO  server.RaftServer$Division (RaftServerImpl.java:setRole(321)) - 44c53caa-cbc6-4a21-8e53-cb7b17b04bf3@group-143EA0EB86F7: changes role from      null to FOLLOWER at term 0 for startAsFollower
2023-02-16 16:33:02,659 [pool-140-thread-1] INFO  impl.RoleInfo (RoleInfo.java:updateAndGet(139)) - 44c53caa-cbc6-4a21-8e53-cb7b17b04bf3: start 44c53caa-cbc6-4a21-8e53-cb7b17b04bf3@group-143EA0EB86F7-FollowerState
2023-02-16 16:33:02,659 [44c53caa-cbc6-4a21-8e53-cb7b17b04bf3@group-143EA0EB86F7-FollowerState] INFO  server.RaftServerConfigKeys (ConfUtils.java:logFallback(53)) - raft.server.rpc.first-election.timeout.min = 5s (fallback to raft.server.rpc.timeout.min)
2023-02-16 16:33:02,659 [44c53caa-cbc6-4a21-8e53-cb7b17b04bf3@group-143EA0EB86F7-FollowerState] INFO  server.RaftServerConfigKeys (ConfUtils.java:logFallback(53)) - raft.server.rpc.first-election.timeout.max = 5200ms (fallback to raft.server.rpc.timeout.max)
2023-02-16 16:33:02,659 [pool-140-thread-1] INFO  util.JmxRegister (JmxRegister.java:tryRegister(44)) - Successfully registered JMX Bean with object name Ratis:service=RaftServer,group=group-143EA0EB86F7,id=44c53caa-cbc6-4a21-8e53-cb7b17b04bf3
2023-02-16 16:33:02,659 [pool-140-thread-1] INFO  server.RaftServerConfigKeys (ConfUtils.java:logGet(46)) - raft.server.snapshot.auto.trigger.enabled = true (custom)
2023-02-16 16:33:02,659 [pool-140-thread-1] INFO  server.RaftServerConfigKeys (ConfUtils.java:logGet(46)) - raft.server.snapshot.auto.trigger.threshold = 10000 (custom)
2023-02-16 16:33:02,659 [pool-140-thread-1] INFO  server.RaftServerConfigKeys (ConfUtils.java:logGet(46)) - raft.server.snapshot.retention.file.num = 5 (custom)
2023-02-16 16:33:02,659 [pool-140-thread-1] INFO  server.RaftServerConfigKeys (ConfUtils.java:logGet(46)) - raft.server.log.purge.upto.snapshot.index = false (default)
2023-02-16 16:33:02,660 [Command processor thread] INFO  ratis.XceiverServerRatis (XceiverServerRatis.java:addGroup(807)) - Created group PipelineID=521825df-1c4f-4a85-a2d7-143ea0eb86f7
2023-02-16 16:33:02,660 [Command processor thread] INFO  commandhandler.CreatePipelineCommandHandler (CreatePipelineCommandHandler.java:handle(113)) - Created Pipeline RATIS ONE PipelineID=521825df-1c4f-4a85-a2d7-143ea0eb86f7.
2023-02-16 16:33:02,968 [Command processor thread] INFO  server.RaftServer (RaftServerProxy.java:addNew(96)) - 875a4540-f234-4f63-9940-381f2b020420: addNew group-2748C1BD4ADE:[875a4540-f234-4f63-9940-381f2b020420|rpc:10.1.0.66:45555|dataStream:10.1.0.66:43067|priority:1|startupRole:FOLLOWER] returns group-2748C1BD4ADE:java.util.concurrent.CompletableFuture@754f7b42[Not completed]
2023-02-16 16:33:02,969 [pool-162-thread-1] INFO  server.RaftServer$Division (RaftServerImpl.java:<init>(195)) - 875a4540-f234-4f63-9940-381f2b020420: new RaftServerImpl for group-2748C1BD4ADE:[875a4540-f234-4f63-9940-381f2b020420|rpc:10.1.0.66:45555|dataStream:10.1.0.66:43067|priority:1|startupRole:FOLLOWER] with ContainerStateMachine:uninitialized
2023-02-16 16:33:02,970 [pool-162-thread-1] INFO  server.RaftServerConfigKeys (ConfUtils.java:logGet(46)) - raft.server.rpc.timeout.min = 5s (custom)
2023-02-16 16:33:02,970 [pool-162-thread-1] INFO  server.RaftServerConfigKeys (ConfUtils.java:logGet(46)) - raft.server.rpc.timeout.max = 5200ms (custom)
2023-02-16 16:33:02,970 [pool-162-thread-1] INFO  server.RaftServerConfigKeys (ConfUtils.java:logGet(46)) - raft.server.rpc.sleep.time = 25ms (default)
2023-02-16 16:33:02,970 [pool-162-thread-1] INFO  server.RaftServerConfigKeys (ConfUtils.java:logGet(46)) - raft.server.rpc.slowness.timeout = 300s (custom)
2023-02-16 16:33:02,970 [pool-162-thread-1] INFO  server.RaftServerConfigKeys (ConfUtils.java:logGet(46)) - raft.server.leaderelection.leader.step-down.wait-time = 10s (default)
2023-02-16 16:33:02,970 [pool-162-thread-1] INFO  server.RaftServerConfigKeys (ConfUtils.java:logGet(46)) - raft.server.sleep.deviation.threshold = 300ms (default)
2023-02-16 16:33:02,970 [pool-162-thread-1] INFO  server.RaftServer$Division (ServerState.java:<init>(118)) - 875a4540-f234-4f63-9940-381f2b020420@group-2748C1BD4ADE: ConfigurationManager, init=-1: peers:[875a4540-f234-4f63-9940-381f2b020420|rpc:10.1.0.66:45555|dataStream:10.1.0.66:43067|priority:1|startupRole:FOLLOWER]|listeners:[], old=null, confs=<EMPTY_MAP>
2023-02-16 16:33:02,970 [pool-162-thread-1] INFO  server.RaftServerConfigKeys (ConfUtils.java:logGet(46)) - raft.server.storage.dir = [/home/runner/work/ozone/ozone/hadoop-ozone/integration-test/target/test-dir/MiniOzoneClusterImpl-3fa4a1d0-7183-4a36-b4d2-f70efcb14827/datanode-4/data/ratis] (custom)
2023-02-16 16:33:02,970 [pool-162-thread-1] INFO  server.RaftServerConfigKeys (ConfUtils.java:logGet(46)) - raft.server.log.corruption.policy = EXCEPTION (default)
2023-02-16 16:33:02,970 [pool-162-thread-1] INFO  server.RaftServerConfigKeys (ConfUtils.java:logGet(46)) - raft.server.storage.free-space.min = 0MB (=0) (default)
2023-02-16 16:33:02,975 [Listener at 127.0.0.1/37073] INFO  ozone.MiniOzoneClusterImpl (MiniOzoneClusterImpl.java:lambda$waitForClusterToBeReady$0(218)) - Nodes are ready. Got 5 of 5 DN Heartbeats.
2023-02-16 16:33:02,975 [Listener at 127.0.0.1/37073] INFO  ozone.MiniOzoneClusterImpl (MiniOzoneClusterImpl.java:lambda$waitForClusterToBeReady$0(221)) - Waiting for cluster to exit safe mode
2023-02-16 16:33:02,975 [Listener at 127.0.0.1/37073] INFO  ozone.MiniOzoneClusterImpl (MiniOzoneClusterImpl.java:lambda$waitForClusterToBeReady$0(223)) - SCM became leader
2023-02-16 16:33:02,976 [pool-162-thread-1] INFO  server.RaftServerConfigKeys (ConfUtils.java:logGet(46)) - raft.server.notification.no-leader.timeout = 300s (custom)
2023-02-16 16:33:02,976 [pool-162-thread-1] INFO  server.RaftServerConfigKeys (ConfUtils.java:logGet(46)) - raft.server.retrycache.expirytime = 600000ms (custom)
2023-02-16 16:33:02,976 [pool-162-thread-1] INFO  server.RaftServerConfigKeys (ConfUtils.java:logGet(46)) - raft.server.retrycache.statistics.expirytime = 100μs (default)
2023-02-16 16:33:02,978 [pool-162-thread-1] INFO  server.RaftServerConfigKeys (ConfUtils.java:logGet(46)) - raft.server.log.appender.install.snapshot.enabled = false (custom)
2023-02-16 16:33:02,978 [pool-162-thread-1] INFO  server.RaftServerConfigKeys (ConfUtils.java:logGet(46)) - raft.server.threadpool.server.cached = true (default)
2023-02-16 16:33:02,978 [pool-162-thread-1] INFO  server.RaftServerConfigKeys (ConfUtils.java:logGet(46)) - raft.server.threadpool.server.size = 0 (default)
2023-02-16 16:33:02,978 [pool-162-thread-1] INFO  server.RaftServerConfigKeys (ConfUtils.java:logGet(46)) - raft.server.threadpool.client.cached = true (default)
2023-02-16 16:33:02,978 [pool-162-thread-1] INFO  server.RaftServerConfigKeys (ConfUtils.java:logGet(46)) - raft.server.threadpool.client.size = 0 (default)
2023-02-16 16:33:02,978 [pool-162-thread-1] INFO  storage.RaftStorageDirectory (RaftStorageDirectoryImpl.java:analyzeStorage(137)) - The storage directory /home/runner/work/ozone/ozone/hadoop-ozone/integration-test/target/test-dir/MiniOzoneClusterImpl-3fa4a1d0-7183-4a36-b4d2-f70efcb14827/datanode-4/data/ratis/b637d091-dc67-4338-adbb-2748c1bd4ade does not exist. Creating ...
2023-02-16 16:33:02,979 [pool-162-thread-1] INFO  storage.RaftStorageDirectory (RaftStorageDirectoryImpl.java:tryLock(231)) - Lock on /home/runner/work/ozone/ozone/hadoop-ozone/integration-test/target/test-dir/MiniOzoneClusterImpl-3fa4a1d0-7183-4a36-b4d2-f70efcb14827/datanode-4/data/ratis/b637d091-dc67-4338-adbb-2748c1bd4ade/in_use.lock acquired by nodename 11092@fv-az167-289
2023-02-16 16:33:02,981 [pool-162-thread-1] INFO  storage.RaftStorage (RaftStorageImpl.java:format(96)) - Storage directory /home/runner/work/ozone/ozone/hadoop-ozone/integration-test/target/test-dir/MiniOzoneClusterImpl-3fa4a1d0-7183-4a36-b4d2-f70efcb14827/datanode-4/data/ratis/b637d091-dc67-4338-adbb-2748c1bd4ade has been successfully formatted.
2023-02-16 16:33:02,981 [pool-162-thread-1] INFO  ratis.ContainerStateMachine (ContainerStateMachine.java:loadSnapshot(240)) - group-2748C1BD4ADE: The snapshot info is null. Setting the last applied indexto:(t:0, i:~)
2023-02-16 16:33:02,981 [pool-162-thread-1] INFO  server.RaftServerConfigKeys (ConfUtils.java:logGet(46)) - raft.server.log.use.memory = false (default)
2023-02-16 16:33:02,981 [pool-162-thread-1] INFO  server.RaftServerConfigKeys (ConfUtils.java:logGet(46)) - raft.server.log.purge.gap = 1000000 (custom)
2023-02-16 16:33:02,981 [pool-162-thread-1] INFO  server.RaftServerConfigKeys (ConfUtils.java:logGet(46)) - raft.server.log.appender.buffer.byte-limit = 33554432 (custom)
2023-02-16 16:33:02,982 [pool-162-thread-1] INFO  server.RaftServerConfigKeys (ConfUtils.java:logGet(46)) - raft.server.log.statemachine.data.read.timeout = 1000ms (default)
2023-02-16 16:33:02,982 [pool-162-thread-1] INFO  server.RaftServerConfigKeys (ConfUtils.java:logGet(46)) - raft.server.log.purge.preservation.log.num = 0 (default)
2023-02-16 16:33:02,982 [pool-162-thread-1] INFO  server.RaftServerConfigKeys (ConfUtils.java:logGet(46)) - raft.server.log.segment.size.max = 1048576 (custom)
2023-02-16 16:33:02,983 [EventQueue-PipelineReportForPipelineReportHandler] INFO  pipeline.PipelineManagerImpl (PipelineManagerImpl.java:openPipeline(367)) - Pipeline Pipeline[ Id: b637d091-dc67-4338-adbb-2748c1bd4ade, Nodes: 875a4540-f234-4f63-9940-381f2b020420(fv-az167-289.21ktoceh2wee5fewwtpg1zd01g.bx.internal.cloudapp.net/10.1.0.66), ReplicationConfig: RATIS/ONE, State:ALLOCATED, leaderId:875a4540-f234-4f63-9940-381f2b020420, CreationTimestamp2023-02-16T16:32:59.971Z[Etc/UTC]] moved to OPEN state
2023-02-16 16:33:02,983 [pool-162-thread-1] INFO  server.RaftServerConfigKeys (ConfUtils.java:logGet(46)) - raft.server.log.segment.cache.num.max = 2 (custom)
2023-02-16 16:33:02,983 [pool-162-thread-1] INFO  server.RaftServerConfigKeys (ConfUtils.java:logGet(46)) - raft.server.log.segment.cache.size.max = 200MB (=209715200) (default)
2023-02-16 16:33:02,983 [pool-162-thread-1] INFO  segmented.SegmentedRaftLogWorker (SegmentedRaftLogWorker.java:<init>(189)) - new 875a4540-f234-4f63-9940-381f2b020420@group-2748C1BD4ADE-SegmentedRaftLogWorker for RaftStorageImpl:Storage Directory /home/runner/work/ozone/ozone/hadoop-ozone/integration-test/target/test-dir/MiniOzoneClusterImpl-3fa4a1d0-7183-4a36-b4d2-f70efcb14827/datanode-4/data/ratis/b637d091-dc67-4338-adbb-2748c1bd4ade
2023-02-16 16:33:02,983 [pool-162-thread-1] INFO  server.RaftServerConfigKeys (ConfUtils.java:logGet(46)) - raft.server.log.queue.byte-limit = 4294967296 (custom)
2023-02-16 16:33:02,983 [pool-162-thread-1] INFO  server.RaftServerConfigKeys (ConfUtils.java:logGet(46)) - raft.server.log.queue.element-limit = 1024 (custom)
2023-02-16 16:33:02,983 [pool-162-thread-1] INFO  server.RaftServerConfigKeys (ConfUtils.java:logGet(46)) - raft.server.log.segment.size.max = 1048576 (custom)
2023-02-16 16:33:02,983 [pool-162-thread-1] INFO  server.RaftServerConfigKeys (ConfUtils.java:logGet(46)) - raft.server.log.preallocated.size = 16384 (custom)
2023-02-16 16:33:02,984 [pool-162-thread-1] INFO  server.RaftServerConfigKeys (ConfUtils.java:logGet(46)) - raft.server.log.force.sync.num = 128 (default)
2023-02-16 16:33:02,984 [EventQueue-OpenPipelineForHealthyPipelineSafeModeRule] INFO  safemode.SCMSafeModeManager (HealthyPipelineSafeModeRule.java:process(137)) - SCM in safe mode. Healthy pipelines reported count is 0, required healthy pipeline reported count is 1
2023-02-16 16:33:02,984 [pool-162-thread-1] INFO  server.RaftServerConfigKeys (ConfUtils.java:logGet(46)) - raft.server.log.statemachine.data.sync = true (default)
2023-02-16 16:33:02,984 [pool-162-thread-1] INFO  server.RaftServerConfigKeys (ConfUtils.java:logGet(46)) - raft.server.log.statemachine.data.sync.timeout = 10s (default)
2023-02-16 16:33:02,984 [pool-162-thread-1] INFO  server.RaftServerConfigKeys (ConfUtils.java:logGet(46)) - raft.server.log.statemachine.data.sync.timeout.retry = -1 (default)
2023-02-16 16:33:02,984 [pool-162-thread-1] INFO  server.RaftServerConfigKeys (ConfUtils.java:logGet(46)) - raft.server.log.write.buffer.size = 1048576 (custom)
2023-02-16 16:33:02,985 [pool-162-thread-1] INFO  server.RaftServerConfigKeys (ConfUtils.java:logGet(46)) - raft.server.log.appender.buffer.byte-limit = 33554432 (custom)
2023-02-16 16:33:02,988 [pool-162-thread-1] INFO  server.RaftServerConfigKeys (ConfUtils.java:logGet(46)) - raft.server.log.unsafe-flush.enabled = false (default)
2023-02-16 16:33:02,988 [pool-162-thread-1] INFO  server.RaftServerConfigKeys (ConfUtils.java:logGet(46)) - raft.server.log.async-flush.enabled = false (default)
2023-02-16 16:33:02,988 [pool-162-thread-1] INFO  server.RaftServerConfigKeys (ConfUtils.java:logGet(46)) - raft.server.log.statemachine.data.caching.enabled = true (custom)
2023-02-16 16:33:02,988 [pool-162-thread-1] INFO  segmented.SegmentedRaftLogWorker (SegmentedRaftLogWorker.java:lambda$new$0(135)) - 875a4540-f234-4f63-9940-381f2b020420@group-2748C1BD4ADE-SegmentedRaftLogWorker: flushIndex: setUnconditionally 0 -> -1
2023-02-16 16:33:02,988 [pool-162-thread-1] INFO  segmented.SegmentedRaftLogWorker (SegmentedRaftLogWorker.java:lambda$new$0(135)) - 875a4540-f234-4f63-9940-381f2b020420@group-2748C1BD4ADE-SegmentedRaftLogWorker: safeCacheEvictIndex: setUnconditionally 0 -> -1
2023-02-16 16:33:02,988 [pool-162-thread-1] INFO  server.RaftServer$Division (RaftServerImpl.java:start(334)) - 875a4540-f234-4f63-9940-381f2b020420@group-2748C1BD4ADE: start as a follower, conf=-1: peers:[875a4540-f234-4f63-9940-381f2b020420|rpc:10.1.0.66:45555|dataStream:10.1.0.66:43067|priority:1|startupRole:FOLLOWER]|listeners:[], old=null
2023-02-16 16:33:02,988 [pool-162-thread-1] INFO  server.RaftServer$Division (RaftServerImpl.java:setRole(321)) - 875a4540-f234-4f63-9940-381f2b020420@group-2748C1BD4ADE: changes role from      null to FOLLOWER at term 0 for startAsFollower
2023-02-16 16:33:02,988 [pool-162-thread-1] INFO  impl.RoleInfo (RoleInfo.java:updateAndGet(139)) - 875a4540-f234-4f63-9940-381f2b020420: start 875a4540-f234-4f63-9940-381f2b020420@group-2748C1BD4ADE-FollowerState
2023-02-16 16:33:02,989 [pool-162-thread-1] INFO  util.JmxRegister (JmxRegister.java:tryRegister(44)) - Successfully registered JMX Bean with object name Ratis:service=RaftServer,group=group-2748C1BD4ADE,id=875a4540-f234-4f63-9940-381f2b020420
2023-02-16 16:33:02,989 [pool-162-thread-1] INFO  server.RaftServerConfigKeys (ConfUtils.java:logGet(46)) - raft.server.snapshot.auto.trigger.enabled = true (custom)
2023-02-16 16:33:02,989 [pool-162-thread-1] INFO  server.RaftServerConfigKeys (ConfUtils.java:logGet(46)) - raft.server.snapshot.auto.trigger.threshold = 10000 (custom)
2023-02-16 16:33:02,989 [pool-162-thread-1] INFO  server.RaftServerConfigKeys (ConfUtils.java:logGet(46)) - raft.server.snapshot.retention.file.num = 5 (custom)
2023-02-16 16:33:02,989 [pool-162-thread-1] INFO  server.RaftServerConfigKeys (ConfUtils.java:logGet(46)) - raft.server.log.purge.upto.snapshot.index = false (default)
2023-02-16 16:33:02,989 [875a4540-f234-4f63-9940-381f2b020420@group-2748C1BD4ADE-FollowerState] INFO  server.RaftServerConfigKeys (ConfUtils.java:logFallback(53)) - raft.server.rpc.first-election.timeout.min = 5s (fallback to raft.server.rpc.timeout.min)
2023-02-16 16:33:02,989 [875a4540-f234-4f63-9940-381f2b020420@group-2748C1BD4ADE-FollowerState] INFO  server.RaftServerConfigKeys (ConfUtils.java:logFallback(53)) - raft.server.rpc.first-election.timeout.max = 5200ms (fallback to raft.server.rpc.timeout.max)
2023-02-16 16:33:02,992 [Command processor thread] INFO  ratis.XceiverServerRatis (XceiverServerRatis.java:addGroup(807)) - Created group PipelineID=b637d091-dc67-4338-adbb-2748c1bd4ade
2023-02-16 16:33:02,992 [Command processor thread] INFO  commandhandler.CreatePipelineCommandHandler (CreatePipelineCommandHandler.java:handle(113)) - Created Pipeline RATIS ONE PipelineID=b637d091-dc67-4338-adbb-2748c1bd4ade.
2023-02-16 16:33:03,976 [Listener at 127.0.0.1/37073] INFO  ozone.MiniOzoneClusterImpl (MiniOzoneClusterImpl.java:lambda$waitForClusterToBeReady$0(218)) - Nodes are ready. Got 5 of 5 DN Heartbeats.
2023-02-16 16:33:03,976 [Listener at 127.0.0.1/37073] INFO  ozone.MiniOzoneClusterImpl (MiniOzoneClusterImpl.java:lambda$waitForClusterToBeReady$0(221)) - Waiting for cluster to exit safe mode
2023-02-16 16:33:03,976 [Listener at 127.0.0.1/37073] INFO  ozone.MiniOzoneClusterImpl (MiniOzoneClusterImpl.java:lambda$waitForClusterToBeReady$0(223)) - SCM became leader
2023-02-16 16:33:04,976 [Listener at 127.0.0.1/37073] INFO  ozone.MiniOzoneClusterImpl (MiniOzoneClusterImpl.java:lambda$waitForClusterToBeReady$0(218)) - Nodes are ready. Got 5 of 5 DN Heartbeats.
2023-02-16 16:33:04,976 [Listener at 127.0.0.1/37073] INFO  ozone.MiniOzoneClusterImpl (MiniOzoneClusterImpl.java:lambda$waitForClusterToBeReady$0(221)) - Waiting for cluster to exit safe mode
2023-02-16 16:33:04,977 [Listener at 127.0.0.1/37073] INFO  ozone.MiniOzoneClusterImpl (MiniOzoneClusterImpl.java:lambda$waitForClusterToBeReady$0(223)) - SCM became leader
2023-02-16 16:33:05,977 [Listener at 127.0.0.1/37073] INFO  ozone.MiniOzoneClusterImpl (MiniOzoneClusterImpl.java:lambda$waitForClusterToBeReady$0(218)) - Nodes are ready. Got 5 of 5 DN Heartbeats.
2023-02-16 16:33:05,977 [Listener at 127.0.0.1/37073] INFO  ozone.MiniOzoneClusterImpl (MiniOzoneClusterImpl.java:lambda$waitForClusterToBeReady$0(221)) - Waiting for cluster to exit safe mode
2023-02-16 16:33:05,977 [Listener at 127.0.0.1/37073] INFO  ozone.MiniOzoneClusterImpl (MiniOzoneClusterImpl.java:lambda$waitForClusterToBeReady$0(223)) - SCM became leader
2023-02-16 16:33:06,439 [cb9b88df-491a-41e2-b87b-1e05ddc4218e@group-3EE57BE958A0-FollowerState] INFO  impl.FollowerState (FollowerState.java:run(143)) - cb9b88df-491a-41e2-b87b-1e05ddc4218e@group-3EE57BE958A0-FollowerState: change to CANDIDATE, lastRpcElapsedTime:5055221253ns, electionTimeout:5048ms
2023-02-16 16:33:06,439 [cb9b88df-491a-41e2-b87b-1e05ddc4218e@group-3EE57BE958A0-FollowerState] INFO  impl.RoleInfo (RoleInfo.java:shutdownFollowerState(110)) - cb9b88df-491a-41e2-b87b-1e05ddc4218e: shutdown cb9b88df-491a-41e2-b87b-1e05ddc4218e@group-3EE57BE958A0-FollowerState
2023-02-16 16:33:06,439 [cb9b88df-491a-41e2-b87b-1e05ddc4218e@group-3EE57BE958A0-FollowerState] INFO  server.RaftServer$Division (RaftServerImpl.java:setRole(321)) - cb9b88df-491a-41e2-b87b-1e05ddc4218e@group-3EE57BE958A0: changes role from  FOLLOWER to CANDIDATE at term 0 for changeToCandidate
2023-02-16 16:33:06,440 [cb9b88df-491a-41e2-b87b-1e05ddc4218e@group-3EE57BE958A0-FollowerState] INFO  server.RaftServerConfigKeys (ConfUtils.java:logGet(46)) - raft.server.leaderelection.pre-vote = true (default)
2023-02-16 16:33:06,440 [cb9b88df-491a-41e2-b87b-1e05ddc4218e@group-3EE57BE958A0-FollowerState] INFO  impl.RoleInfo (RoleInfo.java:updateAndGet(139)) - cb9b88df-491a-41e2-b87b-1e05ddc4218e: start cb9b88df-491a-41e2-b87b-1e05ddc4218e@group-3EE57BE958A0-LeaderElection2
2023-02-16 16:33:06,444 [cb9b88df-491a-41e2-b87b-1e05ddc4218e@group-3EE57BE958A0-LeaderElection2] INFO  impl.LeaderElection (LeaderElection.java:askForVotes(312)) - cb9b88df-491a-41e2-b87b-1e05ddc4218e@group-3EE57BE958A0-LeaderElection2 PRE_VOTE round 0: submit vote requests at term 0 for -1: peers:[78eb6234-2b78-46c2-a9a1-e074054ee483|rpc:10.1.0.66:37359|dataStream:10.1.0.66:34393|priority:0|startupRole:FOLLOWER, 1ef1131b-9485-4bfe-ad5a-910805a11fc3|rpc:10.1.0.66:42493|dataStream:10.1.0.66:44653|priority:1|startupRole:FOLLOWER, cb9b88df-491a-41e2-b87b-1e05ddc4218e|rpc:10.1.0.66:37327|dataStream:10.1.0.66:37421|priority:0|startupRole:FOLLOWER]|listeners:[], old=null
2023-02-16 16:33:06,449 [cb9b88df-491a-41e2-b87b-1e05ddc4218e@group-3EE57BE958A0-LeaderElection2-1] INFO  server.GrpcServerProtocolClient (GrpcServerProtocolClient.java:<init>(63)) - Build channel for 78eb6234-2b78-46c2-a9a1-e074054ee483
2023-02-16 16:33:06,453 [cb9b88df-491a-41e2-b87b-1e05ddc4218e@group-3EE57BE958A0-LeaderElection2] INFO  server.RaftServerConfigKeys (ConfUtils.java:logFallback(53)) - raft.server.rpc.first-election.timeout.min = 5s (fallback to raft.server.rpc.timeout.min)
2023-02-16 16:33:06,454 [cb9b88df-491a-41e2-b87b-1e05ddc4218e@group-3EE57BE958A0-LeaderElection2] INFO  server.RaftServerConfigKeys (ConfUtils.java:logFallback(53)) - raft.server.rpc.first-election.timeout.max = 5200ms (fallback to raft.server.rpc.timeout.max)
2023-02-16 16:33:06,454 [cb9b88df-491a-41e2-b87b-1e05ddc4218e@group-3EE57BE958A0-LeaderElection2-2] INFO  server.GrpcServerProtocolClient (GrpcServerProtocolClient.java:<init>(63)) - Build channel for 1ef1131b-9485-4bfe-ad5a-910805a11fc3
2023-02-16 16:33:06,472 [grpc-default-executor-0] INFO  server.RaftServer$Division (RaftServerImpl.java:requestVote(1218)) - 1ef1131b-9485-4bfe-ad5a-910805a11fc3@group-3EE57BE958A0: receive requestVote(PRE_VOTE, cb9b88df-491a-41e2-b87b-1e05ddc4218e, group-3EE57BE958A0, 0, (t:0, i:0))
2023-02-16 16:33:06,474 [grpc-default-executor-0] INFO  impl.VoteContext (VoteContext.java:log(49)) - 1ef1131b-9485-4bfe-ad5a-910805a11fc3@group-3EE57BE958A0-FOLLOWER: reject PRE_VOTE from cb9b88df-491a-41e2-b87b-1e05ddc4218e: our priority 1 > candidate's priority 0
2023-02-16 16:33:06,478 [grpc-default-executor-1] INFO  server.RaftServer$Division (RaftServerImpl.java:requestVote(1218)) - 78eb6234-2b78-46c2-a9a1-e074054ee483@group-3EE57BE958A0: receive requestVote(PRE_VOTE, cb9b88df-491a-41e2-b87b-1e05ddc4218e, group-3EE57BE958A0, 0, (t:0, i:0))
2023-02-16 16:33:06,478 [grpc-default-executor-1] INFO  impl.VoteContext (VoteContext.java:log(49)) - 78eb6234-2b78-46c2-a9a1-e074054ee483@group-3EE57BE958A0-FOLLOWER: accept PRE_VOTE from cb9b88df-491a-41e2-b87b-1e05ddc4218e: our priority 0 <= candidate's priority 0
2023-02-16 16:33:06,481 [grpc-default-executor-0] INFO  server.RaftServer$Division (RaftServerImpl.java:requestVote(1251)) - 1ef1131b-9485-4bfe-ad5a-910805a11fc3@group-3EE57BE958A0 replies to PRE_VOTE vote request: cb9b88df-491a-41e2-b87b-1e05ddc4218e<-1ef1131b-9485-4bfe-ad5a-910805a11fc3#0:FAIL-t0. Peer's state: 1ef1131b-9485-4bfe-ad5a-910805a11fc3@group-3EE57BE958A0:t0, leader=null, voted=, raftlog=Memoized:1ef1131b-9485-4bfe-ad5a-910805a11fc3@group-3EE57BE958A0-SegmentedRaftLog:OPENED:c-1, conf=-1: peers:[78eb6234-2b78-46c2-a9a1-e074054ee483|rpc:10.1.0.66:37359|dataStream:10.1.0.66:34393|priority:0|startupRole:FOLLOWER, 1ef1131b-9485-4bfe-ad5a-910805a11fc3|rpc:10.1.0.66:42493|dataStream:10.1.0.66:44653|priority:1|startupRole:FOLLOWER, cb9b88df-491a-41e2-b87b-1e05ddc4218e|rpc:10.1.0.66:37327|dataStream:10.1.0.66:37421|priority:0|startupRole:FOLLOWER]|listeners:[], old=null
2023-02-16 16:33:06,482 [grpc-default-executor-1] INFO  server.RaftServer$Division (RaftServerImpl.java:requestVote(1251)) - 78eb6234-2b78-46c2-a9a1-e074054ee483@group-3EE57BE958A0 replies to PRE_VOTE vote request: cb9b88df-491a-41e2-b87b-1e05ddc4218e<-78eb6234-2b78-46c2-a9a1-e074054ee483#0:OK-t0. Peer's state: 78eb6234-2b78-46c2-a9a1-e074054ee483@group-3EE57BE958A0:t0, leader=null, voted=, raftlog=Memoized:78eb6234-2b78-46c2-a9a1-e074054ee483@group-3EE57BE958A0-SegmentedRaftLog:OPENED:c-1, conf=-1: peers:[78eb6234-2b78-46c2-a9a1-e074054ee483|rpc:10.1.0.66:37359|dataStream:10.1.0.66:34393|priority:0|startupRole:FOLLOWER, 1ef1131b-9485-4bfe-ad5a-910805a11fc3|rpc:10.1.0.66:42493|dataStream:10.1.0.66:44653|priority:1|startupRole:FOLLOWER, cb9b88df-491a-41e2-b87b-1e05ddc4218e|rpc:10.1.0.66:37327|dataStream:10.1.0.66:37421|priority:0|startupRole:FOLLOWER]|listeners:[], old=null
2023-02-16 16:33:06,486 [cb9b88df-491a-41e2-b87b-1e05ddc4218e@group-3EE57BE958A0-LeaderElection2] INFO  impl.LeaderElection (LeaderElection.java:logAndReturn(90)) - cb9b88df-491a-41e2-b87b-1e05ddc4218e@group-3EE57BE958A0-LeaderElection2: PRE_VOTE REJECTED received 2 response(s) and 0 exception(s):
2023-02-16 16:33:06,486 [cb9b88df-491a-41e2-b87b-1e05ddc4218e@group-3EE57BE958A0-LeaderElection2] INFO  impl.LeaderElection (LeaderElection.java:logAndReturn(94)) -   Response 0: cb9b88df-491a-41e2-b87b-1e05ddc4218e<-78eb6234-2b78-46c2-a9a1-e074054ee483#0:OK-t0
2023-02-16 16:33:06,486 [cb9b88df-491a-41e2-b87b-1e05ddc4218e@group-3EE57BE958A0-LeaderElection2] INFO  impl.LeaderElection (LeaderElection.java:logAndReturn(94)) -   Response 1: cb9b88df-491a-41e2-b87b-1e05ddc4218e<-1ef1131b-9485-4bfe-ad5a-910805a11fc3#0:FAIL-t0
2023-02-16 16:33:06,486 [cb9b88df-491a-41e2-b87b-1e05ddc4218e@group-3EE57BE958A0-LeaderElection2] INFO  impl.LeaderElection (LeaderElection.java:askForVotes(314)) - cb9b88df-491a-41e2-b87b-1e05ddc4218e@group-3EE57BE958A0-LeaderElection2 PRE_VOTE round 0: result REJECTED
2023-02-16 16:33:06,487 [cb9b88df-491a-41e2-b87b-1e05ddc4218e@group-3EE57BE958A0-LeaderElection2] INFO  server.RaftServer$Division (RaftServerImpl.java:setRole(321)) - cb9b88df-491a-41e2-b87b-1e05ddc4218e@group-3EE57BE958A0: changes role from CANDIDATE to FOLLOWER at term 0 for REJECTED
2023-02-16 16:33:06,487 [cb9b88df-491a-41e2-b87b-1e05ddc4218e@group-3EE57BE958A0-LeaderElection2] INFO  impl.RoleInfo (RoleInfo.java:shutdownLeaderElection(130)) - cb9b88df-491a-41e2-b87b-1e05ddc4218e: shutdown cb9b88df-491a-41e2-b87b-1e05ddc4218e@group-3EE57BE958A0-LeaderElection2
2023-02-16 16:33:06,487 [cb9b88df-491a-41e2-b87b-1e05ddc4218e@group-3EE57BE958A0-LeaderElection2] INFO  impl.RoleInfo (RoleInfo.java:updateAndGet(139)) - cb9b88df-491a-41e2-b87b-1e05ddc4218e: start cb9b88df-491a-41e2-b87b-1e05ddc4218e@group-3EE57BE958A0-FollowerState
2023-02-16 16:33:06,487 [cb9b88df-491a-41e2-b87b-1e05ddc4218e@group-3EE57BE958A0-FollowerState] INFO  server.RaftServerConfigKeys (ConfUtils.java:logFallback(53)) - raft.server.rpc.first-election.timeout.min = 5s (fallback to raft.server.rpc.timeout.min)
2023-02-16 16:33:06,491 [cb9b88df-491a-41e2-b87b-1e05ddc4218e@group-3EE57BE958A0-FollowerState] INFO  server.RaftServerConfigKeys (ConfUtils.java:logFallback(53)) - raft.server.rpc.first-election.timeout.max = 5200ms (fallback to raft.server.rpc.timeout.max)
2023-02-16 16:33:06,511 [cb9b88df-491a-41e2-b87b-1e05ddc4218e@group-5FA7E0415A2D-FollowerState] INFO  impl.FollowerState (FollowerState.java:run(143)) - cb9b88df-491a-41e2-b87b-1e05ddc4218e@group-5FA7E0415A2D-FollowerState: change to CANDIDATE, lastRpcElapsedTime:5173876955ns, electionTimeout:5168ms
2023-02-16 16:33:06,512 [cb9b88df-491a-41e2-b87b-1e05ddc4218e@group-5FA7E0415A2D-FollowerState] INFO  impl.RoleInfo (RoleInfo.java:shutdownFollowerState(110)) - cb9b88df-491a-41e2-b87b-1e05ddc4218e: shutdown cb9b88df-491a-41e2-b87b-1e05ddc4218e@group-5FA7E0415A2D-FollowerState
2023-02-16 16:33:06,512 [cb9b88df-491a-41e2-b87b-1e05ddc4218e@group-5FA7E0415A2D-FollowerState] INFO  server.RaftServer$Division (RaftServerImpl.java:setRole(321)) - cb9b88df-491a-41e2-b87b-1e05ddc4218e@group-5FA7E0415A2D: changes role from  FOLLOWER to CANDIDATE at term 0 for changeToCandidate
2023-02-16 16:33:06,512 [cb9b88df-491a-41e2-b87b-1e05ddc4218e@group-5FA7E0415A2D-FollowerState] INFO  server.RaftServerConfigKeys (ConfUtils.java:logGet(46)) - raft.server.leaderelection.pre-vote = true (default)
2023-02-16 16:33:06,512 [cb9b88df-491a-41e2-b87b-1e05ddc4218e@group-5FA7E0415A2D-FollowerState] INFO  impl.RoleInfo (RoleInfo.java:updateAndGet(139)) - cb9b88df-491a-41e2-b87b-1e05ddc4218e: start cb9b88df-491a-41e2-b87b-1e05ddc4218e@group-5FA7E0415A2D-LeaderElection3
2023-02-16 16:33:06,514 [cb9b88df-491a-41e2-b87b-1e05ddc4218e@group-5FA7E0415A2D-LeaderElection3] INFO  impl.LeaderElection (LeaderElection.java:askForVotes(312)) - cb9b88df-491a-41e2-b87b-1e05ddc4218e@group-5FA7E0415A2D-LeaderElection3 PRE_VOTE round 0: submit vote requests at term 0 for -1: peers:[cb9b88df-491a-41e2-b87b-1e05ddc4218e|rpc:10.1.0.66:37327|dataStream:10.1.0.66:37421|priority:1|startupRole:FOLLOWER]|listeners:[], old=null
2023-02-16 16:33:06,514 [cb9b88df-491a-41e2-b87b-1e05ddc4218e@group-5FA7E0415A2D-LeaderElection3] INFO  impl.LeaderElection (LeaderElection.java:askForVotes(314)) - cb9b88df-491a-41e2-b87b-1e05ddc4218e@group-5FA7E0415A2D-LeaderElection3 PRE_VOTE round 0: result PASSED (term=0)
2023-02-16 16:33:06,515 [cb9b88df-491a-41e2-b87b-1e05ddc4218e@group-5FA7E0415A2D-LeaderElection3] INFO  impl.LeaderElection (LeaderElection.java:askForVotes(312)) - cb9b88df-491a-41e2-b87b-1e05ddc4218e@group-5FA7E0415A2D-LeaderElection3 ELECTION round 0: submit vote requests at term 1 for -1: peers:[cb9b88df-491a-41e2-b87b-1e05ddc4218e|rpc:10.1.0.66:37327|dataStream:10.1.0.66:37421|priority:1|startupRole:FOLLOWER]|listeners:[], old=null
2023-02-16 16:33:06,515 [cb9b88df-491a-41e2-b87b-1e05ddc4218e@group-5FA7E0415A2D-LeaderElection3] INFO  impl.LeaderElection (LeaderElection.java:askForVotes(314)) - cb9b88df-491a-41e2-b87b-1e05ddc4218e@group-5FA7E0415A2D-LeaderElection3 ELECTION round 0: result PASSED (term=1)
2023-02-16 16:33:06,515 [cb9b88df-491a-41e2-b87b-1e05ddc4218e@group-5FA7E0415A2D-LeaderElection3] INFO  impl.RoleInfo (RoleInfo.java:shutdownLeaderElection(130)) - cb9b88df-491a-41e2-b87b-1e05ddc4218e: shutdown cb9b88df-491a-41e2-b87b-1e05ddc4218e@group-5FA7E0415A2D-LeaderElection3
2023-02-16 16:33:06,516 [cb9b88df-491a-41e2-b87b-1e05ddc4218e@group-5FA7E0415A2D-LeaderElection3] INFO  server.RaftServer$Division (RaftServerImpl.java:setRole(321)) - cb9b88df-491a-41e2-b87b-1e05ddc4218e@group-5FA7E0415A2D: changes role from CANDIDATE to LEADER at term 1 for changeToLeader
2023-02-16 16:33:06,516 [cb9b88df-491a-41e2-b87b-1e05ddc4218e@group-5FA7E0415A2D-LeaderElection3] INFO  ratis.XceiverServerRatis (XceiverServerRatis.java:handleLeaderChangedNotification(905)) - Leader change notification received for group: group-5FA7E0415A2D with new leaderId: cb9b88df-491a-41e2-b87b-1e05ddc4218e
2023-02-16 16:33:06,516 [cb9b88df-491a-41e2-b87b-1e05ddc4218e@group-5FA7E0415A2D-LeaderElection3] INFO  server.RaftServer$Division (ServerState.java:setLeader(313)) - cb9b88df-491a-41e2-b87b-1e05ddc4218e@group-5FA7E0415A2D: change Leader from null to cb9b88df-491a-41e2-b87b-1e05ddc4218e at term 1 for becomeLeader, leader elected after 5226ms
2023-02-16 16:33:06,517 [EventQueue-OpenPipelineForHealthyPipelineSafeModeRule] INFO  safemode.SCMSafeModeManager (HealthyPipelineSafeModeRule.java:process(137)) - SCM in safe mode. Healthy pipelines reported count is 0, required healthy pipeline reported count is 1
2023-02-16 16:33:06,518 [cb9b88df-491a-41e2-b87b-1e05ddc4218e@group-5FA7E0415A2D-LeaderElection3] INFO  server.RaftServerConfigKeys (ConfUtils.java:logGet(46)) - raft.server.staging.catchup.gap = 1000 (default)
2023-02-16 16:33:06,518 [cb9b88df-491a-41e2-b87b-1e05ddc4218e@group-5FA7E0415A2D-LeaderElection3] INFO  server.RaftServerConfigKeys (ConfUtils.java:logGet(46)) - raft.server.write.element-limit = 1024 (custom)
2023-02-16 16:33:06,518 [cb9b88df-491a-41e2-b87b-1e05ddc4218e@group-5FA7E0415A2D-LeaderElection3] INFO  server.RaftServerConfigKeys (ConfUtils.java:logGet(46)) - raft.server.write.byte-limit = 1024 M (=1073741824) (custom)
2023-02-16 16:33:06,518 [cb9b88df-491a-41e2-b87b-1e05ddc4218e@group-5FA7E0415A2D-LeaderElection3] INFO  server.RaftServerConfigKeys (ConfUtils.java:logGet(46)) - raft.server.watch.timeout = 180s (custom)
2023-02-16 16:33:06,518 [cb9b88df-491a-41e2-b87b-1e05ddc4218e@group-5FA7E0415A2D-LeaderElection3] INFO  server.RaftServerConfigKeys (ConfUtils.java:logGet(46)) - raft.server.watch.timeout.denomination = 1s (default)
2023-02-16 16:33:06,518 [cb9b88df-491a-41e2-b87b-1e05ddc4218e@group-5FA7E0415A2D-LeaderElection3] INFO  server.RaftServerConfigKeys (ConfUtils.java:logGet(46)) - raft.server.watch.element-limit = 65536 (default)
2023-02-16 16:33:06,518 [cb9b88df-491a-41e2-b87b-1e05ddc4218e@group-5FA7E0415A2D-LeaderElection3] INFO  server.RaftServerConfigKeys (ConfUtils.java:logGet(46)) - raft.server.write.element-limit = 1024 (custom)
2023-02-16 16:33:06,518 [cb9b88df-491a-41e2-b87b-1e05ddc4218e@group-5FA7E0415A2D-LeaderElection3] INFO  server.RaftServerConfigKeys (ConfUtils.java:logGet(46)) - raft.server.write.follower.gap.ratio.max = -1.0 (default)
2023-02-16 16:33:06,519 [cb9b88df-491a-41e2-b87b-1e05ddc4218e@group-5FA7E0415A2D-LeaderElection3] INFO  impl.RoleInfo (RoleInfo.java:updateAndGet(139)) - cb9b88df-491a-41e2-b87b-1e05ddc4218e: start cb9b88df-491a-41e2-b87b-1e05ddc4218e@group-5FA7E0415A2D-LeaderStateImpl
2023-02-16 16:33:06,519 [cb9b88df-491a-41e2-b87b-1e05ddc4218e@group-5FA7E0415A2D-LeaderElection3] INFO  segmented.SegmentedRaftLogWorker (SegmentedRaftLogWorker.java:startLogSegment(452)) - cb9b88df-491a-41e2-b87b-1e05ddc4218e@group-5FA7E0415A2D-SegmentedRaftLogWorker: Starting segment from index:0
2023-02-16 16:33:06,523 [cb9b88df-491a-41e2-b87b-1e05ddc4218e@group-5FA7E0415A2D-LeaderElection3] INFO  server.RaftServer$Division (ServerState.java:setRaftConf(430)) - cb9b88df-491a-41e2-b87b-1e05ddc4218e@group-5FA7E0415A2D: set configuration 0: peers:[cb9b88df-491a-41e2-b87b-1e05ddc4218e|rpc:10.1.0.66:37327|dataStream:10.1.0.66:37421|priority:1|startupRole:FOLLOWER]|listeners:[], old=null
2023-02-16 16:33:06,523 [cb9b88df-491a-41e2-b87b-1e05ddc4218e@group-5FA7E0415A2D-SegmentedRaftLogWorker] INFO  segmented.SegmentedRaftLogWorker (SegmentedRaftLogWorker.java:execute(656)) - cb9b88df-491a-41e2-b87b-1e05ddc4218e@group-5FA7E0415A2D-SegmentedRaftLogWorker: created new log segment /home/runner/work/ozone/ozone/hadoop-ozone/integration-test/target/test-dir/MiniOzoneClusterImpl-3fa4a1d0-7183-4a36-b4d2-f70efcb14827/datanode-0/data/ratis/1fc40878-2e2b-4093-8dd5-5fa7e0415a2d/current/log_inprogress_0
2023-02-16 16:33:06,882 [78eb6234-2b78-46c2-a9a1-e074054ee483@group-3EE57BE958A0-FollowerState] INFO  server.RaftServerConfigKeys (ConfUtils.java:logFallback(53)) - raft.server.rpc.first-election.timeout.min = 5s (fallback to raft.server.rpc.timeout.min)
2023-02-16 16:33:06,883 [78eb6234-2b78-46c2-a9a1-e074054ee483@group-3EE57BE958A0-FollowerState] INFO  server.RaftServerConfigKeys (ConfUtils.java:logFallback(53)) - raft.server.rpc.first-election.timeout.max = 5200ms (fallback to raft.server.rpc.timeout.max)
2023-02-16 16:33:06,918 [1ef1131b-9485-4bfe-ad5a-910805a11fc3@group-3EE57BE958A0-FollowerState] INFO  impl.FollowerState (FollowerState.java:run(143)) - 1ef1131b-9485-4bfe-ad5a-910805a11fc3@group-3EE57BE958A0-FollowerState: change to CANDIDATE, lastRpcElapsedTime:5174581530ns, electionTimeout:5170ms
2023-02-16 16:33:06,918 [1ef1131b-9485-4bfe-ad5a-910805a11fc3@group-3EE57BE958A0-FollowerState] INFO  impl.RoleInfo (RoleInfo.java:shutdownFollowerState(110)) - 1ef1131b-9485-4bfe-ad5a-910805a11fc3: shutdown 1ef1131b-9485-4bfe-ad5a-910805a11fc3@group-3EE57BE958A0-FollowerState
2023-02-16 16:33:06,918 [1ef1131b-9485-4bfe-ad5a-910805a11fc3@group-3EE57BE958A0-FollowerState] INFO  server.RaftServer$Division (RaftServerImpl.java:setRole(321)) - 1ef1131b-9485-4bfe-ad5a-910805a11fc3@group-3EE57BE958A0: changes role from  FOLLOWER to CANDIDATE at term 0 for changeToCandidate
2023-02-16 16:33:06,919 [1ef1131b-9485-4bfe-ad5a-910805a11fc3@group-3EE57BE958A0-FollowerState] INFO  server.RaftServerConfigKeys (ConfUtils.java:logGet(46)) - raft.server.leaderelection.pre-vote = true (default)
2023-02-16 16:33:06,919 [1ef1131b-9485-4bfe-ad5a-910805a11fc3@group-3EE57BE958A0-FollowerState] INFO  impl.RoleInfo (RoleInfo.java:updateAndGet(139)) - 1ef1131b-9485-4bfe-ad5a-910805a11fc3: start 1ef1131b-9485-4bfe-ad5a-910805a11fc3@group-3EE57BE958A0-LeaderElection4
2023-02-16 16:33:06,923 [1ef1131b-9485-4bfe-ad5a-910805a11fc3@group-3EE57BE958A0-LeaderElection4] INFO  impl.LeaderElection (LeaderElection.java:askForVotes(312)) - 1ef1131b-9485-4bfe-ad5a-910805a11fc3@group-3EE57BE958A0-LeaderElection4 PRE_VOTE round 0: submit vote requests at term 0 for -1: peers:[78eb6234-2b78-46c2-a9a1-e074054ee483|rpc:10.1.0.66:37359|dataStream:10.1.0.66:34393|priority:0|startupRole:FOLLOWER, 1ef1131b-9485-4bfe-ad5a-910805a11fc3|rpc:10.1.0.66:42493|dataStream:10.1.0.66:44653|priority:1|startupRole:FOLLOWER, cb9b88df-491a-41e2-b87b-1e05ddc4218e|rpc:10.1.0.66:37327|dataStream:10.1.0.66:37421|priority:0|startupRole:FOLLOWER]|listeners:[], old=null
2023-02-16 16:33:06,924 [1ef1131b-9485-4bfe-ad5a-910805a11fc3@group-3EE57BE958A0-LeaderElection4] INFO  server.RaftServerConfigKeys (ConfUtils.java:logFallback(53)) - raft.server.rpc.first-election.timeout.min = 5s (fallback to raft.server.rpc.timeout.min)
2023-02-16 16:33:06,924 [1ef1131b-9485-4bfe-ad5a-910805a11fc3@group-3EE57BE958A0-LeaderElection4] INFO  server.RaftServerConfigKeys (ConfUtils.java:logFallback(53)) - raft.server.rpc.first-election.timeout.max = 5200ms (fallback to raft.server.rpc.timeout.max)
2023-02-16 16:33:06,924 [1ef1131b-9485-4bfe-ad5a-910805a11fc3@group-3EE57BE958A0-LeaderElection4-1] INFO  server.GrpcServerProtocolClient (GrpcServerProtocolClient.java:<init>(63)) - Build channel for 78eb6234-2b78-46c2-a9a1-e074054ee483
2023-02-16 16:33:06,925 [1ef1131b-9485-4bfe-ad5a-910805a11fc3@group-3EE57BE958A0-LeaderElection4-2] INFO  server.GrpcServerProtocolClient (GrpcServerProtocolClient.java:<init>(63)) - Build channel for cb9b88df-491a-41e2-b87b-1e05ddc4218e
2023-02-16 16:33:06,944 [grpc-default-executor-1] INFO  server.RaftServer$Division (RaftServerImpl.java:requestVote(1218)) - 78eb6234-2b78-46c2-a9a1-e074054ee483@group-3EE57BE958A0: receive requestVote(PRE_VOTE, 1ef1131b-9485-4bfe-ad5a-910805a11fc3, group-3EE57BE958A0, 0, (t:0, i:0))
2023-02-16 16:33:06,944 [grpc-default-executor-1] INFO  impl.VoteContext (VoteContext.java:log(49)) - 78eb6234-2b78-46c2-a9a1-e074054ee483@group-3EE57BE958A0-FOLLOWER: accept PRE_VOTE from 1ef1131b-9485-4bfe-ad5a-910805a11fc3: our priority 0 <= candidate's priority 1
2023-02-16 16:33:06,944 [grpc-default-executor-1] INFO  server.RaftServer$Division (RaftServerImpl.java:requestVote(1251)) - 78eb6234-2b78-46c2-a9a1-e074054ee483@group-3EE57BE958A0 replies to PRE_VOTE vote request: 1ef1131b-9485-4bfe-ad5a-910805a11fc3<-78eb6234-2b78-46c2-a9a1-e074054ee483#0:OK-t0. Peer's state: 78eb6234-2b78-46c2-a9a1-e074054ee483@group-3EE57BE958A0:t0, leader=null, voted=, raftlog=Memoized:78eb6234-2b78-46c2-a9a1-e074054ee483@group-3EE57BE958A0-SegmentedRaftLog:OPENED:c-1, conf=-1: peers:[78eb6234-2b78-46c2-a9a1-e074054ee483|rpc:10.1.0.66:37359|dataStream:10.1.0.66:34393|priority:0|startupRole:FOLLOWER, 1ef1131b-9485-4bfe-ad5a-910805a11fc3|rpc:10.1.0.66:42493|dataStream:10.1.0.66:44653|priority:1|startupRole:FOLLOWER, cb9b88df-491a-41e2-b87b-1e05ddc4218e|rpc:10.1.0.66:37327|dataStream:10.1.0.66:37421|priority:0|startupRole:FOLLOWER]|listeners:[], old=null
2023-02-16 16:33:06,949 [cb9b88df-491a-41e2-b87b-1e05ddc4218e@group-8BAC40614D06-FollowerState] INFO  impl.FollowerState (FollowerState.java:run(143)) - cb9b88df-491a-41e2-b87b-1e05ddc4218e@group-8BAC40614D06-FollowerState: change to CANDIDATE, lastRpcElapsedTime:5044831081ns, electionTimeout:5042ms
2023-02-16 16:33:06,950 [cb9b88df-491a-41e2-b87b-1e05ddc4218e@group-8BAC40614D06-FollowerState] INFO  impl.RoleInfo (RoleInfo.java:shutdownFollowerState(110)) - cb9b88df-491a-41e2-b87b-1e05ddc4218e: shutdown cb9b88df-491a-41e2-b87b-1e05ddc4218e@group-8BAC40614D06-FollowerState
2023-02-16 16:33:06,950 [cb9b88df-491a-41e2-b87b-1e05ddc4218e@group-8BAC40614D06-FollowerState] INFO  server.RaftServer$Division (RaftServerImpl.java:setRole(321)) - cb9b88df-491a-41e2-b87b-1e05ddc4218e@group-8BAC40614D06: changes role from  FOLLOWER to CANDIDATE at term 0 for changeToCandidate
2023-02-16 16:33:06,950 [cb9b88df-491a-41e2-b87b-1e05ddc4218e@group-8BAC40614D06-FollowerState] INFO  server.RaftServerConfigKeys (ConfUtils.java:logGet(46)) - raft.server.leaderelection.pre-vote = true (default)
2023-02-16 16:33:06,950 [cb9b88df-491a-41e2-b87b-1e05ddc4218e@group-8BAC40614D06-FollowerState] INFO  impl.RoleInfo (RoleInfo.java:updateAndGet(139)) - cb9b88df-491a-41e2-b87b-1e05ddc4218e: start cb9b88df-491a-41e2-b87b-1e05ddc4218e@group-8BAC40614D06-LeaderElection5
2023-02-16 16:33:06,955 [grpc-default-executor-1] INFO  server.RaftServer$Division (RaftServerImpl.java:requestVote(1218)) - cb9b88df-491a-41e2-b87b-1e05ddc4218e@group-3EE57BE958A0: receive requestVote(PRE_VOTE, 1ef1131b-9485-4bfe-ad5a-910805a11fc3, group-3EE57BE958A0, 0, (t:0, i:0))
2023-02-16 16:33:06,956 [grpc-default-executor-1] INFO  impl.VoteContext (VoteContext.java:log(49)) - cb9b88df-491a-41e2-b87b-1e05ddc4218e@group-3EE57BE958A0-FOLLOWER: accept PRE_VOTE from 1ef1131b-9485-4bfe-ad5a-910805a11fc3: our priority 0 <= candidate's priority 1
2023-02-16 16:33:06,956 [grpc-default-executor-1] INFO  server.RaftServer$Division (RaftServerImpl.java:requestVote(1251)) - cb9b88df-491a-41e2-b87b-1e05ddc4218e@group-3EE57BE958A0 replies to PRE_VOTE vote request: 1ef1131b-9485-4bfe-ad5a-910805a11fc3<-cb9b88df-491a-41e2-b87b-1e05ddc4218e#0:OK-t0. Peer's state: cb9b88df-491a-41e2-b87b-1e05ddc4218e@group-3EE57BE958A0:t0, leader=null, voted=, raftlog=Memoized:cb9b88df-491a-41e2-b87b-1e05ddc4218e@group-3EE57BE958A0-SegmentedRaftLog:OPENED:c-1, conf=-1: peers:[78eb6234-2b78-46c2-a9a1-e074054ee483|rpc:10.1.0.66:37359|dataStream:10.1.0.66:34393|priority:0|startupRole:FOLLOWER, 1ef1131b-9485-4bfe-ad5a-910805a11fc3|rpc:10.1.0.66:42493|dataStream:10.1.0.66:44653|priority:1|startupRole:FOLLOWER, cb9b88df-491a-41e2-b87b-1e05ddc4218e|rpc:10.1.0.66:37327|dataStream:10.1.0.66:37421|priority:0|startupRole:FOLLOWER]|listeners:[], old=null
2023-02-16 16:33:06,959 [cb9b88df-491a-41e2-b87b-1e05ddc4218e@group-8BAC40614D06-LeaderElection5] INFO  impl.LeaderElection (LeaderElection.java:askForVotes(312)) - cb9b88df-491a-41e2-b87b-1e05ddc4218e@group-8BAC40614D06-LeaderElection5 PRE_VOTE round 0: submit vote requests at term 0 for -1: peers:[78eb6234-2b78-46c2-a9a1-e074054ee483|rpc:10.1.0.66:37359|dataStream:10.1.0.66:34393|priority:0|startupRole:FOLLOWER, 1ef1131b-9485-4bfe-ad5a-910805a11fc3|rpc:10.1.0.66:42493|dataStream:10.1.0.66:44653|priority:0|startupRole:FOLLOWER, cb9b88df-491a-41e2-b87b-1e05ddc4218e|rpc:10.1.0.66:37327|dataStream:10.1.0.66:37421|priority:1|startupRole:FOLLOWER]|listeners:[], old=null
2023-02-16 16:33:06,960 [cb9b88df-491a-41e2-b87b-1e05ddc4218e@group-8BAC40614D06-LeaderElection5] INFO  server.RaftServerConfigKeys (ConfUtils.java:logFallback(53)) - raft.server.rpc.first-election.timeout.min = 5s (fallback to raft.server.rpc.timeout.min)
2023-02-16 16:33:06,960 [cb9b88df-491a-41e2-b87b-1e05ddc4218e@group-8BAC40614D06-LeaderElection5] INFO  server.RaftServerConfigKeys (ConfUtils.java:logFallback(53)) - raft.server.rpc.first-election.timeout.max = 5200ms (fallback to raft.server.rpc.timeout.max)
2023-02-16 16:33:06,960 [1ef1131b-9485-4bfe-ad5a-910805a11fc3@group-3EE57BE958A0-LeaderElection4] INFO  impl.LeaderElection (LeaderElection.java:logAndReturn(90)) - 1ef1131b-9485-4bfe-ad5a-910805a11fc3@group-3EE57BE958A0-LeaderElection4: PRE_VOTE PASSED received 1 response(s) and 0 exception(s):
2023-02-16 16:33:06,964 [1ef1131b-9485-4bfe-ad5a-910805a11fc3@group-3EE57BE958A0-LeaderElection4] INFO  impl.LeaderElection (LeaderElection.java:logAndReturn(94)) -   Response 0: 1ef1131b-9485-4bfe-ad5a-910805a11fc3<-78eb6234-2b78-46c2-a9a1-e074054ee483#0:OK-t0
2023-02-16 16:33:06,964 [1ef1131b-9485-4bfe-ad5a-910805a11fc3@group-3EE57BE958A0-LeaderElection4] INFO  impl.LeaderElection (LeaderElection.java:askForVotes(314)) - 1ef1131b-9485-4bfe-ad5a-910805a11fc3@group-3EE57BE958A0-LeaderElection4 PRE_VOTE round 0: result PASSED
2023-02-16 16:33:06,966 [1ef1131b-9485-4bfe-ad5a-910805a11fc3@group-3EE57BE958A0-LeaderElection4] INFO  impl.LeaderElection (LeaderElection.java:askForVotes(312)) - 1ef1131b-9485-4bfe-ad5a-910805a11fc3@group-3EE57BE958A0-LeaderElection4 ELECTION round 0: submit vote requests at term 1 for -1: peers:[78eb6234-2b78-46c2-a9a1-e074054ee483|rpc:10.1.0.66:37359|dataStream:10.1.0.66:34393|priority:0|startupRole:FOLLOWER, 1ef1131b-9485-4bfe-ad5a-910805a11fc3|rpc:10.1.0.66:42493|dataStream:10.1.0.66:44653|priority:1|startupRole:FOLLOWER, cb9b88df-491a-41e2-b87b-1e05ddc4218e|rpc:10.1.0.66:37327|dataStream:10.1.0.66:37421|priority:0|startupRole:FOLLOWER]|listeners:[], old=null
2023-02-16 16:33:06,968 [1ef1131b-9485-4bfe-ad5a-910805a11fc3@group-3EE57BE958A0-LeaderElection4] INFO  server.RaftServerConfigKeys (ConfUtils.java:logFallback(53)) - raft.server.rpc.first-election.timeout.min = 5s (fallback to raft.server.rpc.timeout.min)
2023-02-16 16:33:06,968 [1ef1131b-9485-4bfe-ad5a-910805a11fc3@group-3EE57BE958A0-LeaderElection4] INFO  server.RaftServerConfigKeys (ConfUtils.java:logFallback(53)) - raft.server.rpc.first-election.timeout.max = 5200ms (fallback to raft.server.rpc.timeout.max)
2023-02-16 16:33:06,971 [grpc-default-executor-1] INFO  server.RaftServer$Division (RaftServerImpl.java:requestVote(1218)) - 78eb6234-2b78-46c2-a9a1-e074054ee483@group-8BAC40614D06: receive requestVote(PRE_VOTE, cb9b88df-491a-41e2-b87b-1e05ddc4218e, group-8BAC40614D06, 0, (t:0, i:0))
2023-02-16 16:33:06,972 [grpc-default-executor-1] INFO  impl.VoteContext (VoteContext.java:log(49)) - 78eb6234-2b78-46c2-a9a1-e074054ee483@group-8BAC40614D06-FOLLOWER: accept PRE_VOTE from cb9b88df-491a-41e2-b87b-1e05ddc4218e: our priority 0 <= candidate's priority 1
2023-02-16 16:33:06,972 [grpc-default-executor-1] INFO  server.RaftServer$Division (RaftServerImpl.java:requestVote(1251)) - 78eb6234-2b78-46c2-a9a1-e074054ee483@group-8BAC40614D06 replies to PRE_VOTE vote request: cb9b88df-491a-41e2-b87b-1e05ddc4218e<-78eb6234-2b78-46c2-a9a1-e074054ee483#0:OK-t0. Peer's state: 78eb6234-2b78-46c2-a9a1-e074054ee483@group-8BAC40614D06:t0, leader=null, voted=, raftlog=Memoized:78eb6234-2b78-46c2-a9a1-e074054ee483@group-8BAC40614D06-SegmentedRaftLog:OPENED:c-1, conf=-1: peers:[78eb6234-2b78-46c2-a9a1-e074054ee483|rpc:10.1.0.66:37359|dataStream:10.1.0.66:34393|priority:0|startupRole:FOLLOWER, 1ef1131b-9485-4bfe-ad5a-910805a11fc3|rpc:10.1.0.66:42493|dataStream:10.1.0.66:44653|priority:0|startupRole:FOLLOWER, cb9b88df-491a-41e2-b87b-1e05ddc4218e|rpc:10.1.0.66:37327|dataStream:10.1.0.66:37421|priority:1|startupRole:FOLLOWER]|listeners:[], old=null
2023-02-16 16:33:06,973 [grpc-default-executor-0] INFO  server.RaftServer$Division (RaftServerImpl.java:requestVote(1218)) - 1ef1131b-9485-4bfe-ad5a-910805a11fc3@group-8BAC40614D06: receive requestVote(PRE_VOTE, cb9b88df-491a-41e2-b87b-1e05ddc4218e, group-8BAC40614D06, 0, (t:0, i:0))
2023-02-16 16:33:06,973 [grpc-default-executor-0] INFO  impl.VoteContext (VoteContext.java:log(49)) - 1ef1131b-9485-4bfe-ad5a-910805a11fc3@group-8BAC40614D06-FOLLOWER: accept PRE_VOTE from cb9b88df-491a-41e2-b87b-1e05ddc4218e: our priority 0 <= candidate's priority 1
2023-02-16 16:33:06,973 [grpc-default-executor-0] INFO  server.RaftServer$Division (RaftServerImpl.java:requestVote(1251)) - 1ef1131b-9485-4bfe-ad5a-910805a11fc3@group-8BAC40614D06 replies to PRE_VOTE vote request: cb9b88df-491a-41e2-b87b-1e05ddc4218e<-1ef1131b-9485-4bfe-ad5a-910805a11fc3#0:OK-t0. Peer's state: 1ef1131b-9485-4bfe-ad5a-910805a11fc3@group-8BAC40614D06:t0, leader=null, voted=, raftlog=Memoized:1ef1131b-9485-4bfe-ad5a-910805a11fc3@group-8BAC40614D06-SegmentedRaftLog:OPENED:c-1, conf=-1: peers:[78eb6234-2b78-46c2-a9a1-e074054ee483|rpc:10.1.0.66:37359|dataStream:10.1.0.66:34393|priority:0|startupRole:FOLLOWER, 1ef1131b-9485-4bfe-ad5a-910805a11fc3|rpc:10.1.0.66:42493|dataStream:10.1.0.66:44653|priority:0|startupRole:FOLLOWER, cb9b88df-491a-41e2-b87b-1e05ddc4218e|rpc:10.1.0.66:37327|dataStream:10.1.0.66:37421|priority:1|startupRole:FOLLOWER]|listeners:[], old=null
2023-02-16 16:33:06,974 [grpc-default-executor-0] INFO  server.RaftServer$Division (RaftServerImpl.java:requestVote(1218)) - cb9b88df-491a-41e2-b87b-1e05ddc4218e@group-3EE57BE958A0: receive requestVote(ELECTION, 1ef1131b-9485-4bfe-ad5a-910805a11fc3, group-3EE57BE958A0, 1, (t:0, i:0))
2023-02-16 16:33:06,974 [grpc-default-executor-0] INFO  impl.VoteContext (VoteContext.java:log(49)) - cb9b88df-491a-41e2-b87b-1e05ddc4218e@group-3EE57BE958A0-FOLLOWER: accept ELECTION from 1ef1131b-9485-4bfe-ad5a-910805a11fc3: our priority 0 <= candidate's priority 1
2023-02-16 16:33:06,974 [grpc-default-executor-0] INFO  server.RaftServer$Division (RaftServerImpl.java:setRole(321)) - cb9b88df-491a-41e2-b87b-1e05ddc4218e@group-3EE57BE958A0: changes role from  FOLLOWER to FOLLOWER at term 1 for candidate:1ef1131b-9485-4bfe-ad5a-910805a11fc3
2023-02-16 16:33:06,974 [grpc-default-executor-0] INFO  impl.RoleInfo (RoleInfo.java:shutdownFollowerState(110)) - cb9b88df-491a-41e2-b87b-1e05ddc4218e: shutdown cb9b88df-491a-41e2-b87b-1e05ddc4218e@group-3EE57BE958A0-FollowerState
2023-02-16 16:33:06,975 [grpc-default-executor-0] INFO  impl.RoleInfo (RoleInfo.java:updateAndGet(139)) - cb9b88df-491a-41e2-b87b-1e05ddc4218e: start cb9b88df-491a-41e2-b87b-1e05ddc4218e@group-3EE57BE958A0-FollowerState
2023-02-16 16:33:06,975 [cb9b88df-491a-41e2-b87b-1e05ddc4218e@group-3EE57BE958A0-FollowerState] INFO  impl.FollowerState (FollowerState.java:run(152)) - cb9b88df-491a-41e2-b87b-1e05ddc4218e@group-3EE57BE958A0-FollowerState was interrupted
2023-02-16 16:33:06,977 [grpc-default-executor-0] INFO  server.RaftServer$Division (RaftServerImpl.java:requestVote(1251)) - cb9b88df-491a-41e2-b87b-1e05ddc4218e@group-3EE57BE958A0 replies to ELECTION vote request: 1ef1131b-9485-4bfe-ad5a-910805a11fc3<-cb9b88df-491a-41e2-b87b-1e05ddc4218e#0:OK-t1. Peer's state: cb9b88df-491a-41e2-b87b-1e05ddc4218e@group-3EE57BE958A0:t1, leader=null, voted=1ef1131b-9485-4bfe-ad5a-910805a11fc3, raftlog=Memoized:cb9b88df-491a-41e2-b87b-1e05ddc4218e@group-3EE57BE958A0-SegmentedRaftLog:OPENED:c-1, conf=-1: peers:[78eb6234-2b78-46c2-a9a1-e074054ee483|rpc:10.1.0.66:37359|dataStream:10.1.0.66:34393|priority:0|startupRole:FOLLOWER, 1ef1131b-9485-4bfe-ad5a-910805a11fc3|rpc:10.1.0.66:42493|dataStream:10.1.0.66:44653|priority:1|startupRole:FOLLOWER, cb9b88df-491a-41e2-b87b-1e05ddc4218e|rpc:10.1.0.66:37327|dataStream:10.1.0.66:37421|priority:0|startupRole:FOLLOWER]|listeners:[], old=null
2023-02-16 16:33:06,978 [cb9b88df-491a-41e2-b87b-1e05ddc4218e@group-8BAC40614D06-LeaderElection5] INFO  impl.LeaderElection (LeaderElection.java:logAndReturn(90)) - cb9b88df-491a-41e2-b87b-1e05ddc4218e@group-8BAC40614D06-LeaderElection5: PRE_VOTE PASSED received 1 response(s) and 0 exception(s):
2023-02-16 16:33:06,978 [grpc-default-executor-1] INFO  server.RaftServer$Division (RaftServerImpl.java:requestVote(1218)) - 78eb6234-2b78-46c2-a9a1-e074054ee483@group-3EE57BE958A0: receive requestVote(ELECTION, 1ef1131b-9485-4bfe-ad5a-910805a11fc3, group-3EE57BE958A0, 1, (t:0, i:0))
2023-02-16 16:33:06,979 [grpc-default-executor-1] INFO  impl.VoteContext (VoteContext.java:log(49)) - 78eb6234-2b78-46c2-a9a1-e074054ee483@group-3EE57BE958A0-FOLLOWER: accept ELECTION from 1ef1131b-9485-4bfe-ad5a-910805a11fc3: our priority 0 <= candidate's priority 1
2023-02-16 16:33:06,979 [grpc-default-executor-1] INFO  server.RaftServer$Division (RaftServerImpl.java:setRole(321)) - 78eb6234-2b78-46c2-a9a1-e074054ee483@group-3EE57BE958A0: changes role from  FOLLOWER to FOLLOWER at term 1 for candidate:1ef1131b-9485-4bfe-ad5a-910805a11fc3
2023-02-16 16:33:06,979 [grpc-default-executor-1] INFO  impl.RoleInfo (RoleInfo.java:shutdownFollowerState(110)) - 78eb6234-2b78-46c2-a9a1-e074054ee483: shutdown 78eb6234-2b78-46c2-a9a1-e074054ee483@group-3EE57BE958A0-FollowerState
2023-02-16 16:33:06,977 [cb9b88df-491a-41e2-b87b-1e05ddc4218e@group-3EE57BE958A0-FollowerState] INFO  server.RaftServerConfigKeys (ConfUtils.java:logFallback(53)) - raft.server.rpc.first-election.timeout.min = 5s (fallback to raft.server.rpc.timeout.min)
2023-02-16 16:33:06,980 [78eb6234-2b78-46c2-a9a1-e074054ee483@group-3EE57BE958A0-FollowerState] INFO  impl.FollowerState (FollowerState.java:run(152)) - 78eb6234-2b78-46c2-a9a1-e074054ee483@group-3EE57BE958A0-FollowerState was interrupted
2023-02-16 16:33:06,979 [grpc-default-executor-1] INFO  impl.RoleInfo (RoleInfo.java:updateAndGet(139)) - 78eb6234-2b78-46c2-a9a1-e074054ee483: start 78eb6234-2b78-46c2-a9a1-e074054ee483@group-3EE57BE958A0-FollowerState
2023-02-16 16:33:06,979 [Listener at 127.0.0.1/37073] INFO  ozone.MiniOzoneClusterImpl (MiniOzoneClusterImpl.java:lambda$waitForClusterToBeReady$0(218)) - Nodes are ready. Got 5 of 5 DN Heartbeats.
2023-02-16 16:33:06,981 [Listener at 127.0.0.1/37073] INFO  ozone.MiniOzoneClusterImpl (MiniOzoneClusterImpl.java:lambda$waitForClusterToBeReady$0(221)) - Waiting for cluster to exit safe mode
2023-02-16 16:33:06,981 [Listener at 127.0.0.1/37073] INFO  ozone.MiniOzoneClusterImpl (MiniOzoneClusterImpl.java:lambda$waitForClusterToBeReady$0(223)) - SCM became leader
2023-02-16 16:33:06,978 [cb9b88df-491a-41e2-b87b-1e05ddc4218e@group-8BAC40614D06-LeaderElection5] INFO  impl.LeaderElection (LeaderElection.java:logAndReturn(94)) -   Response 0: cb9b88df-491a-41e2-b87b-1e05ddc4218e<-78eb6234-2b78-46c2-a9a1-e074054ee483#0:OK-t0
2023-02-16 16:33:06,981 [cb9b88df-491a-41e2-b87b-1e05ddc4218e@group-3EE57BE958A0-FollowerState] INFO  server.RaftServerConfigKeys (ConfUtils.java:logFallback(53)) - raft.server.rpc.first-election.timeout.max = 5200ms (fallback to raft.server.rpc.timeout.max)
2023-02-16 16:33:06,982 [cb9b88df-491a-41e2-b87b-1e05ddc4218e@group-8BAC40614D06-LeaderElection5] INFO  impl.LeaderElection (LeaderElection.java:askForVotes(314)) - cb9b88df-491a-41e2-b87b-1e05ddc4218e@group-8BAC40614D06-LeaderElection5 PRE_VOTE round 0: result PASSED
2023-02-16 16:33:06,982 [78eb6234-2b78-46c2-a9a1-e074054ee483@group-3EE57BE958A0-FollowerState] INFO  server.RaftServerConfigKeys (ConfUtils.java:logFallback(53)) - raft.server.rpc.first-election.timeout.min = 5s (fallback to raft.server.rpc.timeout.min)
2023-02-16 16:33:06,982 [78eb6234-2b78-46c2-a9a1-e074054ee483@group-3EE57BE958A0-FollowerState] INFO  server.RaftServerConfigKeys (ConfUtils.java:logFallback(53)) - raft.server.rpc.first-election.timeout.max = 5200ms (fallback to raft.server.rpc.timeout.max)
2023-02-16 16:33:06,988 [cb9b88df-491a-41e2-b87b-1e05ddc4218e@group-8BAC40614D06-LeaderElection5] INFO  impl.LeaderElection (LeaderElection.java:askForVotes(312)) - cb9b88df-491a-41e2-b87b-1e05ddc4218e@group-8BAC40614D06-LeaderElection5 ELECTION round 0: submit vote requests at term 1 for -1: peers:[78eb6234-2b78-46c2-a9a1-e074054ee483|rpc:10.1.0.66:37359|dataStream:10.1.0.66:34393|priority:0|startupRole:FOLLOWER, 1ef1131b-9485-4bfe-ad5a-910805a11fc3|rpc:10.1.0.66:42493|dataStream:10.1.0.66:44653|priority:0|startupRole:FOLLOWER, cb9b88df-491a-41e2-b87b-1e05ddc4218e|rpc:10.1.0.66:37327|dataStream:10.1.0.66:37421|priority:1|startupRole:FOLLOWER]|listeners:[], old=null
2023-02-16 16:33:06,989 [cb9b88df-491a-41e2-b87b-1e05ddc4218e@group-8BAC40614D06-LeaderElection5] INFO  server.RaftServerConfigKeys (ConfUtils.java:logFallback(53)) - raft.server.rpc.first-election.timeout.min = 5s (fallback to raft.server.rpc.timeout.min)
2023-02-16 16:33:06,989 [cb9b88df-491a-41e2-b87b-1e05ddc4218e@group-8BAC40614D06-LeaderElection5] INFO  server.RaftServerConfigKeys (ConfUtils.java:logFallback(53)) - raft.server.rpc.first-election.timeout.max = 5200ms (fallback to raft.server.rpc.timeout.max)
2023-02-16 16:33:06,990 [1ef1131b-9485-4bfe-ad5a-910805a11fc3@group-3EE57BE958A0-LeaderElection4] INFO  impl.LeaderElection (LeaderElection.java:logAndReturn(90)) - 1ef1131b-9485-4bfe-ad5a-910805a11fc3@group-3EE57BE958A0-LeaderElection4: ELECTION PASSED received 1 response(s) and 0 exception(s):
2023-02-16 16:33:06,994 [1ef1131b-9485-4bfe-ad5a-910805a11fc3@group-3EE57BE958A0-LeaderElection4] INFO  impl.LeaderElection (LeaderElection.java:logAndReturn(94)) -   Response 0: 1ef1131b-9485-4bfe-ad5a-910805a11fc3<-cb9b88df-491a-41e2-b87b-1e05ddc4218e#0:OK-t1
2023-02-16 16:33:06,994 [1ef1131b-9485-4bfe-ad5a-910805a11fc3@group-3EE57BE958A0-LeaderElection4] INFO  impl.LeaderElection (LeaderElection.java:askForVotes(314)) - 1ef1131b-9485-4bfe-ad5a-910805a11fc3@group-3EE57BE958A0-LeaderElection4 ELECTION round 0: result PASSED
2023-02-16 16:33:06,994 [1ef1131b-9485-4bfe-ad5a-910805a11fc3@group-3EE57BE958A0-LeaderElection4] INFO  impl.RoleInfo (RoleInfo.java:shutdownLeaderElection(130)) - 1ef1131b-9485-4bfe-ad5a-910805a11fc3: shutdown 1ef1131b-9485-4bfe-ad5a-910805a11fc3@group-3EE57BE958A0-LeaderElection4
2023-02-16 16:33:06,994 [1ef1131b-9485-4bfe-ad5a-910805a11fc3@group-3EE57BE958A0-LeaderElection4] INFO  server.RaftServer$Division (RaftServerImpl.java:setRole(321)) - 1ef1131b-9485-4bfe-ad5a-910805a11fc3@group-3EE57BE958A0: changes role from CANDIDATE to LEADER at term 1 for changeToLeader
2023-02-16 16:33:06,994 [grpc-default-executor-3] INFO  server.RaftServer$Division (RaftServerImpl.java:requestVote(1218)) - 78eb6234-2b78-46c2-a9a1-e074054ee483@group-8BAC40614D06: receive requestVote(ELECTION, cb9b88df-491a-41e2-b87b-1e05ddc4218e, group-8BAC40614D06, 1, (t:0, i:0))
2023-02-16 16:33:06,990 [grpc-default-executor-1] INFO  server.RaftServer$Division (RaftServerImpl.java:requestVote(1251)) - 78eb6234-2b78-46c2-a9a1-e074054ee483@group-3EE57BE958A0 replies to ELECTION vote request: 1ef1131b-9485-4bfe-ad5a-910805a11fc3<-78eb6234-2b78-46c2-a9a1-e074054ee483#0:OK-t1. Peer's state: 78eb6234-2b78-46c2-a9a1-e074054ee483@group-3EE57BE958A0:t1, leader=null, voted=1ef1131b-9485-4bfe-ad5a-910805a11fc3, raftlog=Memoized:78eb6234-2b78-46c2-a9a1-e074054ee483@group-3EE57BE958A0-SegmentedRaftLog:OPENED:c-1, conf=-1: peers:[78eb6234-2b78-46c2-a9a1-e074054ee483|rpc:10.1.0.66:37359|dataStream:10.1.0.66:34393|priority:0|startupRole:FOLLOWER, 1ef1131b-9485-4bfe-ad5a-910805a11fc3|rpc:10.1.0.66:42493|dataStream:10.1.0.66:44653|priority:1|startupRole:FOLLOWER, cb9b88df-491a-41e2-b87b-1e05ddc4218e|rpc:10.1.0.66:37327|dataStream:10.1.0.66:37421|priority:0|startupRole:FOLLOWER]|listeners:[], old=null
2023-02-16 16:33:06,994 [grpc-default-executor-0] INFO  server.RaftServer$Division (RaftServerImpl.java:requestVote(1218)) - 1ef1131b-9485-4bfe-ad5a-910805a11fc3@group-8BAC40614D06: receive requestVote(ELECTION, cb9b88df-491a-41e2-b87b-1e05ddc4218e, group-8BAC40614D06, 1, (t:0, i:0))
2023-02-16 16:33:06,994 [1ef1131b-9485-4bfe-ad5a-910805a11fc3@group-3EE57BE958A0-LeaderElection4] INFO  ratis.XceiverServerRatis (XceiverServerRatis.java:handleLeaderChangedNotification(905)) - Leader change notification received for group: group-3EE57BE958A0 with new leaderId: 1ef1131b-9485-4bfe-ad5a-910805a11fc3
2023-02-16 16:33:06,997 [1ef1131b-9485-4bfe-ad5a-910805a11fc3@group-3EE57BE958A0-LeaderElection4] INFO  server.RaftServer$Division (ServerState.java:setLeader(313)) - 1ef1131b-9485-4bfe-ad5a-910805a11fc3@group-3EE57BE958A0: change Leader from null to 1ef1131b-9485-4bfe-ad5a-910805a11fc3 at term 1 for becomeLeader, leader elected after 5274ms
2023-02-16 16:33:06,997 [1ef1131b-9485-4bfe-ad5a-910805a11fc3@group-3EE57BE958A0-LeaderElection4] INFO  server.RaftServerConfigKeys (ConfUtils.java:logGet(46)) - raft.server.staging.catchup.gap = 1000 (default)
2023-02-16 16:33:06,997 [1ef1131b-9485-4bfe-ad5a-910805a11fc3@group-3EE57BE958A0-LeaderElection4] INFO  server.RaftServerConfigKeys (ConfUtils.java:logGet(46)) - raft.server.write.element-limit = 1024 (custom)
2023-02-16 16:33:06,997 [1ef1131b-9485-4bfe-ad5a-910805a11fc3@group-3EE57BE958A0-LeaderElection4] INFO  server.RaftServerConfigKeys (ConfUtils.java:logGet(46)) - raft.server.write.byte-limit = 1024 M (=1073741824) (custom)
2023-02-16 16:33:06,998 [1ef1131b-9485-4bfe-ad5a-910805a11fc3@group-3EE57BE958A0-LeaderElection4] INFO  server.RaftServerConfigKeys (ConfUtils.java:logGet(46)) - raft.server.watch.timeout = 180s (custom)
2023-02-16 16:33:06,998 [1ef1131b-9485-4bfe-ad5a-910805a11fc3@group-3EE57BE958A0-LeaderElection4] INFO  server.RaftServerConfigKeys (ConfUtils.java:logGet(46)) - raft.server.watch.timeout.denomination = 1s (default)
2023-02-16 16:33:06,998 [1ef1131b-9485-4bfe-ad5a-910805a11fc3@group-3EE57BE958A0-LeaderElection4] INFO  server.RaftServerConfigKeys (ConfUtils.java:logGet(46)) - raft.server.watch.element-limit = 65536 (default)
2023-02-16 16:33:06,998 [1ef1131b-9485-4bfe-ad5a-910805a11fc3@group-3EE57BE958A0-LeaderElection4] INFO  server.RaftServerConfigKeys (ConfUtils.java:logGet(46)) - raft.server.write.element-limit = 1024 (custom)
2023-02-16 16:33:06,998 [1ef1131b-9485-4bfe-ad5a-910805a11fc3@group-3EE57BE958A0-LeaderElection4] INFO  server.RaftServerConfigKeys (ConfUtils.java:logGet(46)) - raft.server.write.follower.gap.ratio.max = -1.0 (default)
2023-02-16 16:33:06,997 [grpc-default-executor-3] INFO  impl.VoteContext (VoteContext.java:log(49)) - 78eb6234-2b78-46c2-a9a1-e074054ee483@group-8BAC40614D06-FOLLOWER: accept ELECTION from cb9b88df-491a-41e2-b87b-1e05ddc4218e: our priority 0 <= candidate's priority 1
2023-02-16 16:33:07,001 [grpc-default-executor-3] INFO  server.RaftServer$Division (RaftServerImpl.java:setRole(321)) - 78eb6234-2b78-46c2-a9a1-e074054ee483@group-8BAC40614D06: changes role from  FOLLOWER to FOLLOWER at term 1 for candidate:cb9b88df-491a-41e2-b87b-1e05ddc4218e
2023-02-16 16:33:07,001 [grpc-default-executor-3] INFO  impl.RoleInfo (RoleInfo.java:shutdownFollowerState(110)) - 78eb6234-2b78-46c2-a9a1-e074054ee483: shutdown 78eb6234-2b78-46c2-a9a1-e074054ee483@group-8BAC40614D06-FollowerState
2023-02-16 16:33:06,995 [grpc-default-executor-0] INFO  impl.VoteContext (VoteContext.java:log(49)) - 1ef1131b-9485-4bfe-ad5a-910805a11fc3@group-8BAC40614D06-FOLLOWER: accept ELECTION from cb9b88df-491a-41e2-b87b-1e05ddc4218e: our priority 0 <= candidate's priority 1
2023-02-16 16:33:07,001 [78eb6234-2b78-46c2-a9a1-e074054ee483@group-8BAC40614D06-FollowerState] INFO  impl.FollowerState (FollowerState.java:run(152)) - 78eb6234-2b78-46c2-a9a1-e074054ee483@group-8BAC40614D06-FollowerState was interrupted
2023-02-16 16:33:07,001 [grpc-default-executor-0] INFO  server.RaftServer$Division (RaftServerImpl.java:setRole(321)) - 1ef1131b-9485-4bfe-ad5a-910805a11fc3@group-8BAC40614D06: changes role from  FOLLOWER to FOLLOWER at term 1 for candidate:cb9b88df-491a-41e2-b87b-1e05ddc4218e
2023-02-16 16:33:07,001 [grpc-default-executor-0] INFO  impl.RoleInfo (RoleInfo.java:shutdownFollowerState(110)) - 1ef1131b-9485-4bfe-ad5a-910805a11fc3: shutdown 1ef1131b-9485-4bfe-ad5a-910805a11fc3@group-8BAC40614D06-FollowerState
2023-02-16 16:33:07,001 [1ef1131b-9485-4bfe-ad5a-910805a11fc3@group-8BAC40614D06-FollowerState] INFO  impl.FollowerState (FollowerState.java:run(152)) - 1ef1131b-9485-4bfe-ad5a-910805a11fc3@group-8BAC40614D06-FollowerState was interrupted
2023-02-16 16:33:07,002 [grpc-default-executor-3] INFO  impl.RoleInfo (RoleInfo.java:updateAndGet(139)) - 78eb6234-2b78-46c2-a9a1-e074054ee483: start 78eb6234-2b78-46c2-a9a1-e074054ee483@group-8BAC40614D06-FollowerState
2023-02-16 16:33:07,009 [78eb6234-2b78-46c2-a9a1-e074054ee483@group-8BAC40614D06-FollowerState] INFO  server.RaftServerConfigKeys (ConfUtils.java:logFallback(53)) - raft.server.rpc.first-election.timeout.min = 5s (fallback to raft.server.rpc.timeout.min)
2023-02-16 16:33:07,009 [78eb6234-2b78-46c2-a9a1-e074054ee483@group-8BAC40614D06-FollowerState] INFO  server.RaftServerConfigKeys (ConfUtils.java:logFallback(53)) - raft.server.rpc.first-election.timeout.max = 5200ms (fallback to raft.server.rpc.timeout.max)
2023-02-16 16:33:07,010 [grpc-default-executor-3] INFO  server.RaftServer$Division (RaftServerImpl.java:requestVote(1251)) - 78eb6234-2b78-46c2-a9a1-e074054ee483@group-8BAC40614D06 replies to ELECTION vote request: cb9b88df-491a-41e2-b87b-1e05ddc4218e<-78eb6234-2b78-46c2-a9a1-e074054ee483#0:OK-t1. Peer's state: 78eb6234-2b78-46c2-a9a1-e074054ee483@group-8BAC40614D06:t1, leader=null, voted=cb9b88df-491a-41e2-b87b-1e05ddc4218e, raftlog=Memoized:78eb6234-2b78-46c2-a9a1-e074054ee483@group-8BAC40614D06-SegmentedRaftLog:OPENED:c-1, conf=-1: peers:[78eb6234-2b78-46c2-a9a1-e074054ee483|rpc:10.1.0.66:37359|dataStream:10.1.0.66:34393|priority:0|startupRole:FOLLOWER, 1ef1131b-9485-4bfe-ad5a-910805a11fc3|rpc:10.1.0.66:42493|dataStream:10.1.0.66:44653|priority:0|startupRole:FOLLOWER, cb9b88df-491a-41e2-b87b-1e05ddc4218e|rpc:10.1.0.66:37327|dataStream:10.1.0.66:37421|priority:1|startupRole:FOLLOWER]|listeners:[], old=null
2023-02-16 16:33:07,010 [grpc-default-executor-0] INFO  impl.RoleInfo (RoleInfo.java:updateAndGet(139)) - 1ef1131b-9485-4bfe-ad5a-910805a11fc3: start 1ef1131b-9485-4bfe-ad5a-910805a11fc3@group-8BAC40614D06-FollowerState
2023-02-16 16:33:07,011 [EventQueue-PipelineReportForPipelineReportHandler] INFO  pipeline.PipelineManagerImpl (PipelineManagerImpl.java:openPipeline(367)) - Pipeline Pipeline[ Id: e41b74cb-c37d-48f1-a125-3ee57be958a0, Nodes: 1ef1131b-9485-4bfe-ad5a-910805a11fc3(fv-az167-289.21ktoceh2wee5fewwtpg1zd01g.bx.internal.cloudapp.net/10.1.0.66)78eb6234-2b78-46c2-a9a1-e074054ee483(fv-az167-289.21ktoceh2wee5fewwtpg1zd01g.bx.internal.cloudapp.net/10.1.0.66)cb9b88df-491a-41e2-b87b-1e05ddc4218e(fv-az167-289.21ktoceh2wee5fewwtpg1zd01g.bx.internal.cloudapp.net/10.1.0.66), ReplicationConfig: RATIS/THREE, State:ALLOCATED, leaderId:1ef1131b-9485-4bfe-ad5a-910805a11fc3, CreationTimestamp2023-02-16T16:32:59.249Z[Etc/UTC]] moved to OPEN state
2023-02-16 16:33:07,013 [grpc-default-executor-0] INFO  server.RaftServer$Division (RaftServerImpl.java:requestVote(1251)) - 1ef1131b-9485-4bfe-ad5a-910805a11fc3@group-8BAC40614D06 replies to ELECTION vote request: cb9b88df-491a-41e2-b87b-1e05ddc4218e<-1ef1131b-9485-4bfe-ad5a-910805a11fc3#0:OK-t1. Peer's state: 1ef1131b-9485-4bfe-ad5a-910805a11fc3@group-8BAC40614D06:t1, leader=null, voted=cb9b88df-491a-41e2-b87b-1e05ddc4218e, raftlog=Memoized:1ef1131b-9485-4bfe-ad5a-910805a11fc3@group-8BAC40614D06-SegmentedRaftLog:OPENED:c-1, conf=-1: peers:[78eb6234-2b78-46c2-a9a1-e074054ee483|rpc:10.1.0.66:37359|dataStream:10.1.0.66:34393|priority:0|startupRole:FOLLOWER, 1ef1131b-9485-4bfe-ad5a-910805a11fc3|rpc:10.1.0.66:42493|dataStream:10.1.0.66:44653|priority:0|startupRole:FOLLOWER, cb9b88df-491a-41e2-b87b-1e05ddc4218e|rpc:10.1.0.66:37327|dataStream:10.1.0.66:37421|priority:1|startupRole:FOLLOWER]|listeners:[], old=null
2023-02-16 16:33:07,014 [cb9b88df-491a-41e2-b87b-1e05ddc4218e@group-8BAC40614D06-LeaderElection5] INFO  impl.LeaderElection (LeaderElection.java:logAndReturn(90)) - cb9b88df-491a-41e2-b87b-1e05ddc4218e@group-8BAC40614D06-LeaderElection5: ELECTION PASSED received 1 response(s) and 0 exception(s):
2023-02-16 16:33:07,016 [cb9b88df-491a-41e2-b87b-1e05ddc4218e@group-8BAC40614D06-LeaderElection5] INFO  impl.LeaderElection (LeaderElection.java:logAndReturn(94)) -   Response 0: cb9b88df-491a-41e2-b87b-1e05ddc4218e<-78eb6234-2b78-46c2-a9a1-e074054ee483#0:OK-t1
2023-02-16 16:33:07,016 [cb9b88df-491a-41e2-b87b-1e05ddc4218e@group-8BAC40614D06-LeaderElection5] INFO  impl.LeaderElection (LeaderElection.java:askForVotes(314)) - cb9b88df-491a-41e2-b87b-1e05ddc4218e@group-8BAC40614D06-LeaderElection5 ELECTION round 0: result PASSED
2023-02-16 16:33:07,016 [cb9b88df-491a-41e2-b87b-1e05ddc4218e@group-8BAC40614D06-LeaderElection5] INFO  impl.RoleInfo (RoleInfo.java:shutdownLeaderElection(130)) - cb9b88df-491a-41e2-b87b-1e05ddc4218e: shutdown cb9b88df-491a-41e2-b87b-1e05ddc4218e@group-8BAC40614D06-LeaderElection5
2023-02-16 16:33:07,016 [cb9b88df-491a-41e2-b87b-1e05ddc4218e@group-8BAC40614D06-LeaderElection5] INFO  server.RaftServer$Division (RaftServerImpl.java:setRole(321)) - cb9b88df-491a-41e2-b87b-1e05ddc4218e@group-8BAC40614D06: changes role from CANDIDATE to LEADER at term 1 for changeToLeader
2023-02-16 16:33:07,016 [cb9b88df-491a-41e2-b87b-1e05ddc4218e@group-8BAC40614D06-LeaderElection5] INFO  ratis.XceiverServerRatis (XceiverServerRatis.java:handleLeaderChangedNotification(905)) - Leader change notification received for group: group-8BAC40614D06 with new leaderId: cb9b88df-491a-41e2-b87b-1e05ddc4218e
2023-02-16 16:33:07,016 [cb9b88df-491a-41e2-b87b-1e05ddc4218e@group-8BAC40614D06-LeaderElection5] INFO  server.RaftServer$Division (ServerState.java:setLeader(313)) - cb9b88df-491a-41e2-b87b-1e05ddc4218e@group-8BAC40614D06: change Leader from null to cb9b88df-491a-41e2-b87b-1e05ddc4218e at term 1 for becomeLeader, leader elected after 5151ms
2023-02-16 16:33:07,016 [cb9b88df-491a-41e2-b87b-1e05ddc4218e@group-8BAC40614D06-LeaderElection5] INFO  server.RaftServerConfigKeys (ConfUtils.java:logGet(46)) - raft.server.staging.catchup.gap = 1000 (default)
2023-02-16 16:33:07,017 [cb9b88df-491a-41e2-b87b-1e05ddc4218e@group-8BAC40614D06-LeaderElection5] INFO  server.RaftServerConfigKeys (ConfUtils.java:logGet(46)) - raft.server.write.element-limit = 1024 (custom)
2023-02-16 16:33:07,017 [cb9b88df-491a-41e2-b87b-1e05ddc4218e@group-8BAC40614D06-LeaderElection5] INFO  server.RaftServerConfigKeys (ConfUtils.java:logGet(46)) - raft.server.write.byte-limit = 1024 M (=1073741824) (custom)
2023-02-16 16:33:07,017 [cb9b88df-491a-41e2-b87b-1e05ddc4218e@group-8BAC40614D06-LeaderElection5] INFO  server.RaftServerConfigKeys (ConfUtils.java:logGet(46)) - raft.server.watch.timeout = 180s (custom)
2023-02-16 16:33:07,017 [cb9b88df-491a-41e2-b87b-1e05ddc4218e@group-8BAC40614D06-LeaderElection5] INFO  server.RaftServerConfigKeys (ConfUtils.java:logGet(46)) - raft.server.watch.timeout.denomination = 1s (default)
2023-02-16 16:33:07,017 [cb9b88df-491a-41e2-b87b-1e05ddc4218e@group-8BAC40614D06-LeaderElection5] INFO  server.RaftServerConfigKeys (ConfUtils.java:logGet(46)) - raft.server.watch.element-limit = 65536 (default)
2023-02-16 16:33:07,017 [cb9b88df-491a-41e2-b87b-1e05ddc4218e@group-8BAC40614D06-LeaderElection5] INFO  server.RaftServerConfigKeys (ConfUtils.java:logGet(46)) - raft.server.write.element-limit = 1024 (custom)
2023-02-16 16:33:07,017 [cb9b88df-491a-41e2-b87b-1e05ddc4218e@group-8BAC40614D06-LeaderElection5] INFO  server.RaftServerConfigKeys (ConfUtils.java:logGet(46)) - raft.server.write.follower.gap.ratio.max = -1.0 (default)
2023-02-16 16:33:07,018 [cb9b88df-491a-41e2-b87b-1e05ddc4218e@group-8BAC40614D06-LeaderElection5] INFO  server.RaftServerConfigKeys (ConfUtils.java:logGet(46)) - raft.server.log.appender.snapshot.chunk.size.max = 16MB (=16777216) (default)
2023-02-16 16:33:07,018 [cb9b88df-491a-41e2-b87b-1e05ddc4218e@group-8BAC40614D06-LeaderElection5] INFO  server.RaftServerConfigKeys (ConfUtils.java:logGet(46)) - raft.server.log.appender.buffer.byte-limit = 33554432 (custom)
2023-02-16 16:33:07,018 [cb9b88df-491a-41e2-b87b-1e05ddc4218e@group-8BAC40614D06-LeaderElection5] INFO  server.RaftServerConfigKeys (ConfUtils.java:logGet(46)) - raft.server.log.appender.buffer.element-limit = 1 (custom)
2023-02-16 16:33:07,014 [1ef1131b-9485-4bfe-ad5a-910805a11fc3@group-3EE57BE958A0-LeaderElection4] INFO  server.RaftServerConfigKeys (ConfUtils.java:logGet(46)) - raft.server.log.appender.snapshot.chunk.size.max = 16MB (=16777216) (default)
2023-02-16 16:33:07,014 [EventQueue-OpenPipelineForHealthyPipelineSafeModeRule] INFO  safemode.SCMSafeModeManager (HealthyPipelineSafeModeRule.java:process(137)) - SCM in safe mode. Healthy pipelines reported count is 1, required healthy pipeline reported count is 1
2023-02-16 16:33:07,023 [1ef1131b-9485-4bfe-ad5a-910805a11fc3@group-3EE57BE958A0-LeaderElection4] INFO  server.RaftServerConfigKeys (ConfUtils.java:logGet(46)) - raft.server.log.appender.buffer.byte-limit = 33554432 (custom)
2023-02-16 16:33:07,023 [EventQueue-OpenPipelineForHealthyPipelineSafeModeRule] INFO  safemode.SCMSafeModeManager (SCMSafeModeManager.java:validateSafeModeExitRules(200)) - HealthyPipelineSafeModeRule rule is successfully validated
2023-02-16 16:33:07,023 [1ef1131b-9485-4bfe-ad5a-910805a11fc3@group-3EE57BE958A0-LeaderElection4] INFO  server.RaftServerConfigKeys (ConfUtils.java:logGet(46)) - raft.server.log.appender.buffer.element-limit = 1 (custom)
2023-02-16 16:33:07,023 [EventQueue-OpenPipelineForHealthyPipelineSafeModeRule] INFO  safemode.SCMSafeModeManager (SCMSafeModeManager.java:validateSafeModeExitRules(215)) - ScmSafeModeManager, all rules are successfully validated
2023-02-16 16:33:07,023 [EventQueue-OpenPipelineForHealthyPipelineSafeModeRule] INFO  safemode.SCMSafeModeManager (SCMSafeModeManager.java:exitSafeMode(244)) - SCM exiting safe mode.
2023-02-16 16:33:07,020 [EventQueue-PipelineReportForPipelineReportHandler] INFO  pipeline.PipelineManagerImpl (PipelineManagerImpl.java:openPipeline(367)) - Pipeline Pipeline[ Id: 3893d2fd-dfd5-4c90-be2b-8bac40614d06, Nodes: cb9b88df-491a-41e2-b87b-1e05ddc4218e(fv-az167-289.21ktoceh2wee5fewwtpg1zd01g.bx.internal.cloudapp.net/10.1.0.66)1ef1131b-9485-4bfe-ad5a-910805a11fc3(fv-az167-289.21ktoceh2wee5fewwtpg1zd01g.bx.internal.cloudapp.net/10.1.0.66)78eb6234-2b78-46c2-a9a1-e074054ee483(fv-az167-289.21ktoceh2wee5fewwtpg1zd01g.bx.internal.cloudapp.net/10.1.0.66), ReplicationConfig: RATIS/THREE, State:ALLOCATED, leaderId:cb9b88df-491a-41e2-b87b-1e05ddc4218e, CreationTimestamp2023-02-16T16:32:59.253Z[Etc/UTC]] moved to OPEN state
2023-02-16 16:33:07,023 [EventQueue-OpenPipelineForHealthyPipelineSafeModeRule] INFO  ha.SCMContext (SCMContext.java:updateSafeModeStatus(228)) - Update SafeModeStatus from SafeModeStatus{safeModeStatus=true, preCheckPassed=true} to SafeModeStatus{safeModeStatus=false, preCheckPassed=true}.
2023-02-16 16:33:07,023 [EventQueue-OpenPipelineForHealthyPipelineSafeModeRule] INFO  pipeline.BackgroundPipelineCreator (BackgroundPipelineCreator.java:notifyStatusChanged(254)) - Service BackgroundPipelineCreator transitions to RUNNING.
2023-02-16 16:33:07,023 [EventQueue-OpenPipelineForHealthyPipelineSafeModeRule] INFO  BackgroundPipelineScrubber (BackgroundSCMService.java:notifyStatusChanged(82)) - Service BackgroundPipelineScrubber transitions to RUNNING.
2023-02-16 16:33:07,023 [EventQueue-OpenPipelineForHealthyPipelineSafeModeRule] INFO  ExpiredContainerReplicaOpScrubber (BackgroundSCMService.java:notifyStatusChanged(82)) - Service ExpiredContainerReplicaOpScrubber transitions to RUNNING.
2023-02-16 16:33:07,023 [EventQueue-OpenPipelineForHealthyPipelineSafeModeRule] INFO  replication.ReplicationManager (ReplicationManager.java:notifyStatusChanged(1036)) - Service ReplicationManager transitions to RUNNING.
2023-02-16 16:33:07,028 [cb9b88df-491a-41e2-b87b-1e05ddc4218e@group-8BAC40614D06-LeaderElection5] INFO  grpc.GrpcConfigKeys (ConfUtils.java:logGet(46)) - raft.grpc.server.leader.outstanding.appends.max = 128 (default)
2023-02-16 16:33:07,029 [cb9b88df-491a-41e2-b87b-1e05ddc4218e@group-8BAC40614D06-LeaderElection5] INFO  server.RaftServerConfigKeys (ConfUtils.java:logGet(46)) - raft.server.rpc.request.timeout = 60s (custom)
2023-02-16 16:33:07,029 [cb9b88df-491a-41e2-b87b-1e05ddc4218e@group-8BAC40614D06-LeaderElection5] INFO  server.RaftServerConfigKeys (ConfUtils.java:logGet(46)) - raft.server.log.appender.install.snapshot.enabled = false (custom)
2023-02-16 16:33:07,029 [cb9b88df-491a-41e2-b87b-1e05ddc4218e@group-8BAC40614D06-LeaderElection5] INFO  grpc.GrpcConfigKeys (ConfUtils.java:logGet(46)) - raft.grpc.server.heartbeat.channel = true (default)
2023-02-16 16:33:07,029 [cb9b88df-491a-41e2-b87b-1e05ddc4218e@group-8BAC40614D06-LeaderElection5] INFO  server.RaftServerConfigKeys (ConfUtils.java:logGet(46)) - raft.server.log.appender.wait-time.min = 10ms (default)
2023-02-16 16:33:07,029 [1ef1131b-9485-4bfe-ad5a-910805a11fc3@group-8BAC40614D06-FollowerState] INFO  server.RaftServerConfigKeys (ConfUtils.java:logFallback(53)) - raft.server.rpc.first-election.timeout.min = 5s (fallback to raft.server.rpc.timeout.min)
2023-02-16 16:33:07,030 [1ef1131b-9485-4bfe-ad5a-910805a11fc3@group-8BAC40614D06-FollowerState] INFO  server.RaftServerConfigKeys (ConfUtils.java:logFallback(53)) - raft.server.rpc.first-election.timeout.max = 5200ms (fallback to raft.server.rpc.timeout.max)
2023-02-16 16:33:07,028 [1ef1131b-9485-4bfe-ad5a-910805a11fc3@group-3EE57BE958A0-LeaderElection4] INFO  grpc.GrpcConfigKeys (ConfUtils.java:logGet(46)) - raft.grpc.server.leader.outstanding.appends.max = 128 (default)
2023-02-16 16:33:07,031 [1ef1131b-9485-4bfe-ad5a-910805a11fc3@group-3EE57BE958A0-LeaderElection4] INFO  server.RaftServerConfigKeys (ConfUtils.java:logGet(46)) - raft.server.rpc.request.timeout = 60s (custom)
2023-02-16 16:33:07,031 [1ef1131b-9485-4bfe-ad5a-910805a11fc3@group-3EE57BE958A0-LeaderElection4] INFO  server.RaftServerConfigKeys (ConfUtils.java:logGet(46)) - raft.server.log.appender.install.snapshot.enabled = false (custom)
2023-02-16 16:33:07,031 [1ef1131b-9485-4bfe-ad5a-910805a11fc3@group-3EE57BE958A0-LeaderElection4] INFO  grpc.GrpcConfigKeys (ConfUtils.java:logGet(46)) - raft.grpc.server.heartbeat.channel = true (default)
2023-02-16 16:33:07,031 [1ef1131b-9485-4bfe-ad5a-910805a11fc3@group-3EE57BE958A0-LeaderElection4] INFO  server.RaftServerConfigKeys (ConfUtils.java:logGet(46)) - raft.server.log.appender.wait-time.min = 10ms (default)
2023-02-16 16:33:07,032 [EventQueue-OpenPipelineForHealthyPipelineSafeModeRule] WARN  balancer.ContainerBalancer (ContainerBalancer.java:shouldRun(131)) - Could not find persisted configuration for ContainerBalancer when checking if ContainerBalancer should run. ContainerBalancer should not run now.
2023-02-16 16:33:07,032 [1ef1131b-9485-4bfe-ad5a-910805a11fc3@group-3EE57BE958A0-LeaderElection4] INFO  server.RaftServerConfigKeys (ConfUtils.java:logGet(46)) - raft.server.log.appender.snapshot.chunk.size.max = 16MB (=16777216) (default)
2023-02-16 16:33:07,032 [1ef1131b-9485-4bfe-ad5a-910805a11fc3@group-3EE57BE958A0-LeaderElection4] INFO  server.RaftServerConfigKeys (ConfUtils.java:logGet(46)) - raft.server.log.appender.buffer.byte-limit = 33554432 (custom)
2023-02-16 16:33:07,032 [1ef1131b-9485-4bfe-ad5a-910805a11fc3@group-3EE57BE958A0-LeaderElection4] INFO  server.RaftServerConfigKeys (ConfUtils.java:logGet(46)) - raft.server.log.appender.buffer.element-limit = 1 (custom)
2023-02-16 16:33:07,032 [1ef1131b-9485-4bfe-ad5a-910805a11fc3@group-77F5BCE9CB83-FollowerState] INFO  impl.FollowerState (FollowerState.java:run(143)) - 1ef1131b-9485-4bfe-ad5a-910805a11fc3@group-77F5BCE9CB83-FollowerState: change to CANDIDATE, lastRpcElapsedTime:5120495335ns, electionTimeout:5103ms
2023-02-16 16:33:07,033 [1ef1131b-9485-4bfe-ad5a-910805a11fc3@group-77F5BCE9CB83-FollowerState] INFO  impl.RoleInfo (RoleInfo.java:shutdownFollowerState(110)) - 1ef1131b-9485-4bfe-ad5a-910805a11fc3: shutdown 1ef1131b-9485-4bfe-ad5a-910805a11fc3@group-77F5BCE9CB83-FollowerState
2023-02-16 16:33:07,033 [1ef1131b-9485-4bfe-ad5a-910805a11fc3@group-77F5BCE9CB83-FollowerState] INFO  server.RaftServer$Division (RaftServerImpl.java:setRole(321)) - 1ef1131b-9485-4bfe-ad5a-910805a11fc3@group-77F5BCE9CB83: changes role from  FOLLOWER to CANDIDATE at term 0 for changeToCandidate
2023-02-16 16:33:07,033 [1ef1131b-9485-4bfe-ad5a-910805a11fc3@group-3EE57BE958A0-LeaderElection4] INFO  grpc.GrpcConfigKeys (ConfUtils.java:logGet(46)) - raft.grpc.server.leader.outstanding.appends.max = 128 (default)
2023-02-16 16:33:07,033 [1ef1131b-9485-4bfe-ad5a-910805a11fc3@group-3EE57BE958A0-LeaderElection4] INFO  server.RaftServerConfigKeys (ConfUtils.java:logGet(46)) - raft.server.rpc.request.timeout = 60s (custom)
2023-02-16 16:33:07,033 [1ef1131b-9485-4bfe-ad5a-910805a11fc3@group-3EE57BE958A0-LeaderElection4] INFO  server.RaftServerConfigKeys (ConfUtils.java:logGet(46)) - raft.server.log.appender.install.snapshot.enabled = false (custom)
2023-02-16 16:33:07,033 [1ef1131b-9485-4bfe-ad5a-910805a11fc3@group-3EE57BE958A0-LeaderElection4] INFO  grpc.GrpcConfigKeys (ConfUtils.java:logGet(46)) - raft.grpc.server.heartbeat.channel = true (default)
2023-02-16 16:33:07,033 [1ef1131b-9485-4bfe-ad5a-910805a11fc3@group-3EE57BE958A0-LeaderElection4] INFO  server.RaftServerConfigKeys (ConfUtils.java:logGet(46)) - raft.server.log.appender.wait-time.min = 10ms (default)
2023-02-16 16:33:07,034 [1ef1131b-9485-4bfe-ad5a-910805a11fc3@group-3EE57BE958A0-LeaderElection4] INFO  impl.RoleInfo (RoleInfo.java:updateAndGet(139)) - 1ef1131b-9485-4bfe-ad5a-910805a11fc3: start 1ef1131b-9485-4bfe-ad5a-910805a11fc3@group-3EE57BE958A0-LeaderStateImpl
2023-02-16 16:33:07,035 [1ef1131b-9485-4bfe-ad5a-910805a11fc3@group-77F5BCE9CB83-FollowerState] INFO  server.RaftServerConfigKeys (ConfUtils.java:logGet(46)) - raft.server.leaderelection.pre-vote = true (default)
2023-02-16 16:33:07,035 [1ef1131b-9485-4bfe-ad5a-910805a11fc3@group-77F5BCE9CB83-FollowerState] INFO  impl.RoleInfo (RoleInfo.java:updateAndGet(139)) - 1ef1131b-9485-4bfe-ad5a-910805a11fc3: start 1ef1131b-9485-4bfe-ad5a-910805a11fc3@group-77F5BCE9CB83-LeaderElection6
2023-02-16 16:33:07,039 [1ef1131b-9485-4bfe-ad5a-910805a11fc3@group-3EE57BE958A0-LeaderElection4] INFO  segmented.SegmentedRaftLogWorker (SegmentedRaftLogWorker.java:startLogSegment(452)) - 1ef1131b-9485-4bfe-ad5a-910805a11fc3@group-3EE57BE958A0-SegmentedRaftLogWorker: Starting segment from index:0
2023-02-16 16:33:07,041 [1ef1131b-9485-4bfe-ad5a-910805a11fc3@group-3EE57BE958A0-SegmentedRaftLogWorker] INFO  segmented.SegmentedRaftLogWorker (SegmentedRaftLogWorker.java:execute(656)) - 1ef1131b-9485-4bfe-ad5a-910805a11fc3@group-3EE57BE958A0-SegmentedRaftLogWorker: created new log segment /home/runner/work/ozone/ozone/hadoop-ozone/integration-test/target/test-dir/MiniOzoneClusterImpl-3fa4a1d0-7183-4a36-b4d2-f70efcb14827/datanode-1/data/ratis/e41b74cb-c37d-48f1-a125-3ee57be958a0/current/log_inprogress_0
2023-02-16 16:33:07,047 [cb9b88df-491a-41e2-b87b-1e05ddc4218e@group-8BAC40614D06-LeaderElection5] INFO  server.RaftServerConfigKeys (ConfUtils.java:logGet(46)) - raft.server.log.appender.snapshot.chunk.size.max = 16MB (=16777216) (default)
2023-02-16 16:33:07,047 [cb9b88df-491a-41e2-b87b-1e05ddc4218e@group-8BAC40614D06-LeaderElection5] INFO  server.RaftServerConfigKeys (ConfUtils.java:logGet(46)) - raft.server.log.appender.buffer.byte-limit = 33554432 (custom)
2023-02-16 16:33:07,047 [cb9b88df-491a-41e2-b87b-1e05ddc4218e@group-8BAC40614D06-LeaderElection5] INFO  server.RaftServerConfigKeys (ConfUtils.java:logGet(46)) - raft.server.log.appender.buffer.element-limit = 1 (custom)
2023-02-16 16:33:07,052 [cb9b88df-491a-41e2-b87b-1e05ddc4218e@group-8BAC40614D06-LeaderElection5] INFO  grpc.GrpcConfigKeys (ConfUtils.java:logGet(46)) - raft.grpc.server.leader.outstanding.appends.max = 128 (default)
2023-02-16 16:33:07,052 [cb9b88df-491a-41e2-b87b-1e05ddc4218e@group-8BAC40614D06-LeaderElection5] INFO  server.RaftServerConfigKeys (ConfUtils.java:logGet(46)) - raft.server.rpc.request.timeout = 60s (custom)
2023-02-16 16:33:07,052 [cb9b88df-491a-41e2-b87b-1e05ddc4218e@group-8BAC40614D06-LeaderElection5] INFO  server.RaftServerConfigKeys (ConfUtils.java:logGet(46)) - raft.server.log.appender.install.snapshot.enabled = false (custom)
2023-02-16 16:33:07,052 [cb9b88df-491a-41e2-b87b-1e05ddc4218e@group-8BAC40614D06-LeaderElection5] INFO  grpc.GrpcConfigKeys (ConfUtils.java:logGet(46)) - raft.grpc.server.heartbeat.channel = true (default)
2023-02-16 16:33:07,052 [cb9b88df-491a-41e2-b87b-1e05ddc4218e@group-8BAC40614D06-LeaderElection5] INFO  server.RaftServerConfigKeys (ConfUtils.java:logGet(46)) - raft.server.log.appender.wait-time.min = 10ms (default)
2023-02-16 16:33:07,053 [cb9b88df-491a-41e2-b87b-1e05ddc4218e@group-8BAC40614D06-LeaderElection5] INFO  impl.RoleInfo (RoleInfo.java:updateAndGet(139)) - cb9b88df-491a-41e2-b87b-1e05ddc4218e: start cb9b88df-491a-41e2-b87b-1e05ddc4218e@group-8BAC40614D06-LeaderStateImpl
2023-02-16 16:33:07,053 [cb9b88df-491a-41e2-b87b-1e05ddc4218e@group-8BAC40614D06-LeaderElection5] INFO  segmented.SegmentedRaftLogWorker (SegmentedRaftLogWorker.java:startLogSegment(452)) - cb9b88df-491a-41e2-b87b-1e05ddc4218e@group-8BAC40614D06-SegmentedRaftLogWorker: Starting segment from index:0
2023-02-16 16:33:07,058 [1ef1131b-9485-4bfe-ad5a-910805a11fc3@group-77F5BCE9CB83-LeaderElection6] INFO  impl.LeaderElection (LeaderElection.java:askForVotes(312)) - 1ef1131b-9485-4bfe-ad5a-910805a11fc3@group-77F5BCE9CB83-LeaderElection6 PRE_VOTE round 0: submit vote requests at term 0 for -1: peers:[1ef1131b-9485-4bfe-ad5a-910805a11fc3|rpc:10.1.0.66:42493|dataStream:10.1.0.66:44653|priority:1|startupRole:FOLLOWER]|listeners:[], old=null
2023-02-16 16:33:07,058 [1ef1131b-9485-4bfe-ad5a-910805a11fc3@group-77F5BCE9CB83-LeaderElection6] INFO  impl.LeaderElection (LeaderElection.java:askForVotes(314)) - 1ef1131b-9485-4bfe-ad5a-910805a11fc3@group-77F5BCE9CB83-LeaderElection6 PRE_VOTE round 0: result PASSED (term=0)
2023-02-16 16:33:07,058 [1ef1131b-9485-4bfe-ad5a-910805a11fc3@group-3EE57BE958A0-LeaderElection4] INFO  server.RaftServer$Division (ServerState.java:setRaftConf(430)) - 1ef1131b-9485-4bfe-ad5a-910805a11fc3@group-3EE57BE958A0: set configuration 0: peers:[78eb6234-2b78-46c2-a9a1-e074054ee483|rpc:10.1.0.66:37359|dataStream:10.1.0.66:34393|priority:0|startupRole:FOLLOWER, 1ef1131b-9485-4bfe-ad5a-910805a11fc3|rpc:10.1.0.66:42493|dataStream:10.1.0.66:44653|priority:1|startupRole:FOLLOWER, cb9b88df-491a-41e2-b87b-1e05ddc4218e|rpc:10.1.0.66:37327|dataStream:10.1.0.66:37421|priority:0|startupRole:FOLLOWER]|listeners:[], old=null
2023-02-16 16:33:07,065 [1ef1131b-9485-4bfe-ad5a-910805a11fc3@group-77F5BCE9CB83-LeaderElection6] INFO  impl.LeaderElection (LeaderElection.java:askForVotes(312)) - 1ef1131b-9485-4bfe-ad5a-910805a11fc3@group-77F5BCE9CB83-LeaderElection6 ELECTION round 0: submit vote requests at term 1 for -1: peers:[1ef1131b-9485-4bfe-ad5a-910805a11fc3|rpc:10.1.0.66:42493|dataStream:10.1.0.66:44653|priority:1|startupRole:FOLLOWER]|listeners:[], old=null
2023-02-16 16:33:07,065 [1ef1131b-9485-4bfe-ad5a-910805a11fc3@group-77F5BCE9CB83-LeaderElection6] INFO  impl.LeaderElection (LeaderElection.java:askForVotes(314)) - 1ef1131b-9485-4bfe-ad5a-910805a11fc3@group-77F5BCE9CB83-LeaderElection6 ELECTION round 0: result PASSED (term=1)
2023-02-16 16:33:07,065 [1ef1131b-9485-4bfe-ad5a-910805a11fc3@group-77F5BCE9CB83-LeaderElection6] INFO  impl.RoleInfo (RoleInfo.java:shutdownLeaderElection(130)) - 1ef1131b-9485-4bfe-ad5a-910805a11fc3: shutdown 1ef1131b-9485-4bfe-ad5a-910805a11fc3@group-77F5BCE9CB83-LeaderElection6
2023-02-16 16:33:07,065 [1ef1131b-9485-4bfe-ad5a-910805a11fc3@group-77F5BCE9CB83-LeaderElection6] INFO  server.RaftServer$Division (RaftServerImpl.java:setRole(321)) - 1ef1131b-9485-4bfe-ad5a-910805a11fc3@group-77F5BCE9CB83: changes role from CANDIDATE to LEADER at term 1 for changeToLeader
2023-02-16 16:33:07,065 [1ef1131b-9485-4bfe-ad5a-910805a11fc3@group-77F5BCE9CB83-LeaderElection6] INFO  ratis.XceiverServerRatis (XceiverServerRatis.java:handleLeaderChangedNotification(905)) - Leader change notification received for group: group-77F5BCE9CB83 with new leaderId: 1ef1131b-9485-4bfe-ad5a-910805a11fc3
2023-02-16 16:33:07,065 [1ef1131b-9485-4bfe-ad5a-910805a11fc3@group-77F5BCE9CB83-LeaderElection6] INFO  server.RaftServer$Division (ServerState.java:setLeader(313)) - 1ef1131b-9485-4bfe-ad5a-910805a11fc3@group-77F5BCE9CB83: change Leader from null to 1ef1131b-9485-4bfe-ad5a-910805a11fc3 at term 1 for becomeLeader, leader elected after 5177ms
2023-02-16 16:33:07,065 [1ef1131b-9485-4bfe-ad5a-910805a11fc3@group-77F5BCE9CB83-LeaderElection6] INFO  server.RaftServerConfigKeys (ConfUtils.java:logGet(46)) - raft.server.staging.catchup.gap = 1000 (default)
2023-02-16 16:33:07,065 [1ef1131b-9485-4bfe-ad5a-910805a11fc3@group-77F5BCE9CB83-LeaderElection6] INFO  server.RaftServerConfigKeys (ConfUtils.java:logGet(46)) - raft.server.write.element-limit = 1024 (custom)
2023-02-16 16:33:07,065 [1ef1131b-9485-4bfe-ad5a-910805a11fc3@group-77F5BCE9CB83-LeaderElection6] INFO  server.RaftServerConfigKeys (ConfUtils.java:logGet(46)) - raft.server.write.byte-limit = 1024 M (=1073741824) (custom)
2023-02-16 16:33:07,066 [1ef1131b-9485-4bfe-ad5a-910805a11fc3@group-77F5BCE9CB83-LeaderElection6] INFO  server.RaftServerConfigKeys (ConfUtils.java:logGet(46)) - raft.server.watch.timeout = 180s (custom)
2023-02-16 16:33:07,066 [1ef1131b-9485-4bfe-ad5a-910805a11fc3@group-77F5BCE9CB83-LeaderElection6] INFO  server.RaftServerConfigKeys (ConfUtils.java:logGet(46)) - raft.server.watch.timeout.denomination = 1s (default)
2023-02-16 16:33:07,066 [1ef1131b-9485-4bfe-ad5a-910805a11fc3@group-77F5BCE9CB83-LeaderElection6] INFO  server.RaftServerConfigKeys (ConfUtils.java:logGet(46)) - raft.server.watch.element-limit = 65536 (default)
2023-02-16 16:33:07,066 [1ef1131b-9485-4bfe-ad5a-910805a11fc3@group-77F5BCE9CB83-LeaderElection6] INFO  server.RaftServerConfigKeys (ConfUtils.java:logGet(46)) - raft.server.write.element-limit = 1024 (custom)
2023-02-16 16:33:07,066 [1ef1131b-9485-4bfe-ad5a-910805a11fc3@group-77F5BCE9CB83-LeaderElection6] INFO  server.RaftServerConfigKeys (ConfUtils.java:logGet(46)) - raft.server.write.follower.gap.ratio.max = -1.0 (default)
2023-02-16 16:33:07,066 [1ef1131b-9485-4bfe-ad5a-910805a11fc3@group-77F5BCE9CB83-LeaderElection6] INFO  impl.RoleInfo (RoleInfo.java:updateAndGet(139)) - 1ef1131b-9485-4bfe-ad5a-910805a11fc3: start 1ef1131b-9485-4bfe-ad5a-910805a11fc3@group-77F5BCE9CB83-LeaderStateImpl
2023-02-16 16:33:07,066 [1ef1131b-9485-4bfe-ad5a-910805a11fc3@group-77F5BCE9CB83-LeaderElection6] INFO  segmented.SegmentedRaftLogWorker (SegmentedRaftLogWorker.java:startLogSegment(452)) - 1ef1131b-9485-4bfe-ad5a-910805a11fc3@group-77F5BCE9CB83-SegmentedRaftLogWorker: Starting segment from index:0
2023-02-16 16:33:07,069 [1ef1131b-9485-4bfe-ad5a-910805a11fc3@group-77F5BCE9CB83-SegmentedRaftLogWorker] INFO  segmented.SegmentedRaftLogWorker (SegmentedRaftLogWorker.java:execute(656)) - 1ef1131b-9485-4bfe-ad5a-910805a11fc3@group-77F5BCE9CB83-SegmentedRaftLogWorker: created new log segment /home/runner/work/ozone/ozone/hadoop-ozone/integration-test/target/test-dir/MiniOzoneClusterImpl-3fa4a1d0-7183-4a36-b4d2-f70efcb14827/datanode-1/data/ratis/9dd1d98b-6e76-44fb-afd2-77f5bce9cb83/current/log_inprogress_0
2023-02-16 16:33:07,081 [1ef1131b-9485-4bfe-ad5a-910805a11fc3@group-77F5BCE9CB83-LeaderElection6] INFO  server.RaftServer$Division (ServerState.java:setRaftConf(430)) - 1ef1131b-9485-4bfe-ad5a-910805a11fc3@group-77F5BCE9CB83: set configuration 0: peers:[1ef1131b-9485-4bfe-ad5a-910805a11fc3|rpc:10.1.0.66:42493|dataStream:10.1.0.66:44653|priority:1|startupRole:FOLLOWER]|listeners:[], old=null
2023-02-16 16:33:07,080 [cb9b88df-491a-41e2-b87b-1e05ddc4218e@group-8BAC40614D06-LeaderElection5] INFO  server.RaftServer$Division (ServerState.java:setRaftConf(430)) - cb9b88df-491a-41e2-b87b-1e05ddc4218e@group-8BAC40614D06: set configuration 0: peers:[78eb6234-2b78-46c2-a9a1-e074054ee483|rpc:10.1.0.66:37359|dataStream:10.1.0.66:34393|priority:0|startupRole:FOLLOWER, 1ef1131b-9485-4bfe-ad5a-910805a11fc3|rpc:10.1.0.66:42493|dataStream:10.1.0.66:44653|priority:0|startupRole:FOLLOWER, cb9b88df-491a-41e2-b87b-1e05ddc4218e|rpc:10.1.0.66:37327|dataStream:10.1.0.66:37421|priority:1|startupRole:FOLLOWER]|listeners:[], old=null
2023-02-16 16:33:07,072 [cb9b88df-491a-41e2-b87b-1e05ddc4218e@group-8BAC40614D06-SegmentedRaftLogWorker] INFO  segmented.SegmentedRaftLogWorker (SegmentedRaftLogWorker.java:execute(656)) - cb9b88df-491a-41e2-b87b-1e05ddc4218e@group-8BAC40614D06-SegmentedRaftLogWorker: created new log segment /home/runner/work/ozone/ozone/hadoop-ozone/integration-test/target/test-dir/MiniOzoneClusterImpl-3fa4a1d0-7183-4a36-b4d2-f70efcb14827/datanode-0/data/ratis/3893d2fd-dfd5-4c90-be2b-8bac40614d06/current/log_inprogress_0
2023-02-16 16:33:07,114 [78eb6234-2b78-46c2-a9a1-e074054ee483-server-thread1] INFO  ratis.XceiverServerRatis (XceiverServerRatis.java:handleLeaderChangedNotification(905)) - Leader change notification received for group: group-3EE57BE958A0 with new leaderId: 1ef1131b-9485-4bfe-ad5a-910805a11fc3
2023-02-16 16:33:07,123 [78eb6234-2b78-46c2-a9a1-e074054ee483-server-thread1] INFO  server.RaftServer$Division (ServerState.java:setLeader(313)) - 78eb6234-2b78-46c2-a9a1-e074054ee483@group-3EE57BE958A0: change Leader from null to 1ef1131b-9485-4bfe-ad5a-910805a11fc3 at term 1 for appendEntries, leader elected after 5297ms
2023-02-16 16:33:07,125 [1ef1131b-9485-4bfe-ad5a-910805a11fc3-server-thread1] INFO  ratis.XceiverServerRatis (XceiverServerRatis.java:handleLeaderChangedNotification(905)) - Leader change notification received for group: group-8BAC40614D06 with new leaderId: cb9b88df-491a-41e2-b87b-1e05ddc4218e
2023-02-16 16:33:07,125 [1ef1131b-9485-4bfe-ad5a-910805a11fc3-server-thread1] INFO  server.RaftServer$Division (ServerState.java:setLeader(313)) - 1ef1131b-9485-4bfe-ad5a-910805a11fc3@group-8BAC40614D06: change Leader from null to cb9b88df-491a-41e2-b87b-1e05ddc4218e at term 1 for appendEntries, leader elected after 5208ms
2023-02-16 16:33:07,127 [78eb6234-2b78-46c2-a9a1-e074054ee483-server-thread1] INFO  server.RaftServer$Division (ServerState.java:setRaftConf(430)) - 78eb6234-2b78-46c2-a9a1-e074054ee483@group-3EE57BE958A0: set configuration 0: peers:[78eb6234-2b78-46c2-a9a1-e074054ee483|rpc:10.1.0.66:37359|dataStream:10.1.0.66:34393|priority:0|startupRole:FOLLOWER, 1ef1131b-9485-4bfe-ad5a-910805a11fc3|rpc:10.1.0.66:42493|dataStream:10.1.0.66:44653|priority:1|startupRole:FOLLOWER, cb9b88df-491a-41e2-b87b-1e05ddc4218e|rpc:10.1.0.66:37327|dataStream:10.1.0.66:37421|priority:0|startupRole:FOLLOWER]|listeners:[], old=null
2023-02-16 16:33:07,127 [78eb6234-2b78-46c2-a9a1-e074054ee483-server-thread1] INFO  segmented.SegmentedRaftLogWorker (SegmentedRaftLogWorker.java:startLogSegment(452)) - 78eb6234-2b78-46c2-a9a1-e074054ee483@group-3EE57BE958A0-SegmentedRaftLogWorker: Starting segment from index:0
2023-02-16 16:33:07,130 [cb9b88df-491a-41e2-b87b-1e05ddc4218e-server-thread1] INFO  ratis.XceiverServerRatis (XceiverServerRatis.java:handleLeaderChangedNotification(905)) - Leader change notification received for group: group-3EE57BE958A0 with new leaderId: 1ef1131b-9485-4bfe-ad5a-910805a11fc3
2023-02-16 16:33:07,132 [1ef1131b-9485-4bfe-ad5a-910805a11fc3-server-thread1] INFO  server.RaftServer$Division (ServerState.java:setRaftConf(430)) - 1ef1131b-9485-4bfe-ad5a-910805a11fc3@group-8BAC40614D06: set configuration 0: peers:[78eb6234-2b78-46c2-a9a1-e074054ee483|rpc:10.1.0.66:37359|dataStream:10.1.0.66:34393|priority:0|startupRole:FOLLOWER, 1ef1131b-9485-4bfe-ad5a-910805a11fc3|rpc:10.1.0.66:42493|dataStream:10.1.0.66:44653|priority:0|startupRole:FOLLOWER, cb9b88df-491a-41e2-b87b-1e05ddc4218e|rpc:10.1.0.66:37327|dataStream:10.1.0.66:37421|priority:1|startupRole:FOLLOWER]|listeners:[], old=null
2023-02-16 16:33:07,132 [1ef1131b-9485-4bfe-ad5a-910805a11fc3-server-thread1] INFO  segmented.SegmentedRaftLogWorker (SegmentedRaftLogWorker.java:startLogSegment(452)) - 1ef1131b-9485-4bfe-ad5a-910805a11fc3@group-8BAC40614D06-SegmentedRaftLogWorker: Starting segment from index:0
2023-02-16 16:33:07,133 [cb9b88df-491a-41e2-b87b-1e05ddc4218e-server-thread1] INFO  server.RaftServer$Division (ServerState.java:setLeader(313)) - cb9b88df-491a-41e2-b87b-1e05ddc4218e@group-3EE57BE958A0: change Leader from null to 1ef1131b-9485-4bfe-ad5a-910805a11fc3 at term 1 for appendEntries, leader elected after 5771ms
2023-02-16 16:33:07,131 [78eb6234-2b78-46c2-a9a1-e074054ee483@group-3EE57BE958A0-SegmentedRaftLogWorker] INFO  segmented.SegmentedRaftLogWorker (SegmentedRaftLogWorker.java:execute(656)) - 78eb6234-2b78-46c2-a9a1-e074054ee483@group-3EE57BE958A0-SegmentedRaftLogWorker: created new log segment /home/runner/work/ozone/ozone/hadoop-ozone/integration-test/target/test-dir/MiniOzoneClusterImpl-3fa4a1d0-7183-4a36-b4d2-f70efcb14827/datanode-2/data/ratis/e41b74cb-c37d-48f1-a125-3ee57be958a0/current/log_inprogress_0
2023-02-16 16:33:07,133 [cb9b88df-491a-41e2-b87b-1e05ddc4218e-server-thread1] INFO  server.RaftServer$Division (ServerState.java:setRaftConf(430)) - cb9b88df-491a-41e2-b87b-1e05ddc4218e@group-3EE57BE958A0: set configuration 0: peers:[78eb6234-2b78-46c2-a9a1-e074054ee483|rpc:10.1.0.66:37359|dataStream:10.1.0.66:34393|priority:0|startupRole:FOLLOWER, 1ef1131b-9485-4bfe-ad5a-910805a11fc3|rpc:10.1.0.66:42493|dataStream:10.1.0.66:44653|priority:1|startupRole:FOLLOWER, cb9b88df-491a-41e2-b87b-1e05ddc4218e|rpc:10.1.0.66:37327|dataStream:10.1.0.66:37421|priority:0|startupRole:FOLLOWER]|listeners:[], old=null
2023-02-16 16:33:07,136 [1ef1131b-9485-4bfe-ad5a-910805a11fc3@group-8BAC40614D06-SegmentedRaftLogWorker] INFO  segmented.SegmentedRaftLogWorker (SegmentedRaftLogWorker.java:execute(656)) - 1ef1131b-9485-4bfe-ad5a-910805a11fc3@group-8BAC40614D06-SegmentedRaftLogWorker: created new log segment /home/runner/work/ozone/ozone/hadoop-ozone/integration-test/target/test-dir/MiniOzoneClusterImpl-3fa4a1d0-7183-4a36-b4d2-f70efcb14827/datanode-1/data/ratis/3893d2fd-dfd5-4c90-be2b-8bac40614d06/current/log_inprogress_0
2023-02-16 16:33:07,143 [cb9b88df-491a-41e2-b87b-1e05ddc4218e-server-thread1] INFO  segmented.SegmentedRaftLogWorker (SegmentedRaftLogWorker.java:startLogSegment(452)) - cb9b88df-491a-41e2-b87b-1e05ddc4218e@group-3EE57BE958A0-SegmentedRaftLogWorker: Starting segment from index:0
2023-02-16 16:33:07,145 [78eb6234-2b78-46c2-a9a1-e074054ee483-server-thread1] INFO  ratis.XceiverServerRatis (XceiverServerRatis.java:handleLeaderChangedNotification(905)) - Leader change notification received for group: group-8BAC40614D06 with new leaderId: cb9b88df-491a-41e2-b87b-1e05ddc4218e
2023-02-16 16:33:07,145 [78eb6234-2b78-46c2-a9a1-e074054ee483-server-thread1] INFO  server.RaftServer$Division (ServerState.java:setLeader(313)) - 78eb6234-2b78-46c2-a9a1-e074054ee483@group-8BAC40614D06: change Leader from null to cb9b88df-491a-41e2-b87b-1e05ddc4218e at term 1 for appendEntries, leader elected after 5144ms
2023-02-16 16:33:07,145 [78eb6234-2b78-46c2-a9a1-e074054ee483-server-thread1] INFO  server.RaftServer$Division (ServerState.java:setRaftConf(430)) - 78eb6234-2b78-46c2-a9a1-e074054ee483@group-8BAC40614D06: set configuration 0: peers:[78eb6234-2b78-46c2-a9a1-e074054ee483|rpc:10.1.0.66:37359|dataStream:10.1.0.66:34393|priority:0|startupRole:FOLLOWER, 1ef1131b-9485-4bfe-ad5a-910805a11fc3|rpc:10.1.0.66:42493|dataStream:10.1.0.66:44653|priority:0|startupRole:FOLLOWER, cb9b88df-491a-41e2-b87b-1e05ddc4218e|rpc:10.1.0.66:37327|dataStream:10.1.0.66:37421|priority:1|startupRole:FOLLOWER]|listeners:[], old=null
2023-02-16 16:33:07,148 [78eb6234-2b78-46c2-a9a1-e074054ee483-server-thread1] INFO  segmented.SegmentedRaftLogWorker (SegmentedRaftLogWorker.java:startLogSegment(452)) - 78eb6234-2b78-46c2-a9a1-e074054ee483@group-8BAC40614D06-SegmentedRaftLogWorker: Starting segment from index:0
2023-02-16 16:33:07,149 [cb9b88df-491a-41e2-b87b-1e05ddc4218e@group-3EE57BE958A0-SegmentedRaftLogWorker] INFO  segmented.SegmentedRaftLogWorker (SegmentedRaftLogWorker.java:execute(656)) - cb9b88df-491a-41e2-b87b-1e05ddc4218e@group-3EE57BE958A0-SegmentedRaftLogWorker: created new log segment /home/runner/work/ozone/ozone/hadoop-ozone/integration-test/target/test-dir/MiniOzoneClusterImpl-3fa4a1d0-7183-4a36-b4d2-f70efcb14827/datanode-0/data/ratis/e41b74cb-c37d-48f1-a125-3ee57be958a0/current/log_inprogress_0
2023-02-16 16:33:07,151 [78eb6234-2b78-46c2-a9a1-e074054ee483@group-8BAC40614D06-SegmentedRaftLogWorker] INFO  segmented.SegmentedRaftLogWorker (SegmentedRaftLogWorker.java:execute(656)) - 78eb6234-2b78-46c2-a9a1-e074054ee483@group-8BAC40614D06-SegmentedRaftLogWorker: created new log segment /home/runner/work/ozone/ozone/hadoop-ozone/integration-test/target/test-dir/MiniOzoneClusterImpl-3fa4a1d0-7183-4a36-b4d2-f70efcb14827/datanode-2/data/ratis/3893d2fd-dfd5-4c90-be2b-8bac40614d06/current/log_inprogress_0
2023-02-16 16:33:07,361 [78eb6234-2b78-46c2-a9a1-e074054ee483@group-FC840B94C539-FollowerState] INFO  impl.FollowerState (FollowerState.java:run(143)) - 78eb6234-2b78-46c2-a9a1-e074054ee483@group-FC840B94C539-FollowerState: change to CANDIDATE, lastRpcElapsedTime:5103322392ns, electionTimeout:5102ms
2023-02-16 16:33:07,361 [78eb6234-2b78-46c2-a9a1-e074054ee483@group-FC840B94C539-FollowerState] INFO  impl.RoleInfo (RoleInfo.java:shutdownFollowerState(110)) - 78eb6234-2b78-46c2-a9a1-e074054ee483: shutdown 78eb6234-2b78-46c2-a9a1-e074054ee483@group-FC840B94C539-FollowerState
2023-02-16 16:33:07,361 [78eb6234-2b78-46c2-a9a1-e074054ee483@group-FC840B94C539-FollowerState] INFO  server.RaftServer$Division (RaftServerImpl.java:setRole(321)) - 78eb6234-2b78-46c2-a9a1-e074054ee483@group-FC840B94C539: changes role from  FOLLOWER to CANDIDATE at term 0 for changeToCandidate
2023-02-16 16:33:07,362 [78eb6234-2b78-46c2-a9a1-e074054ee483@group-FC840B94C539-FollowerState] INFO  server.RaftServerConfigKeys (ConfUtils.java:logGet(46)) - raft.server.leaderelection.pre-vote = true (default)
2023-02-16 16:33:07,362 [78eb6234-2b78-46c2-a9a1-e074054ee483@group-FC840B94C539-FollowerState] INFO  impl.RoleInfo (RoleInfo.java:updateAndGet(139)) - 78eb6234-2b78-46c2-a9a1-e074054ee483: start 78eb6234-2b78-46c2-a9a1-e074054ee483@group-FC840B94C539-LeaderElection7
2023-02-16 16:33:07,367 [78eb6234-2b78-46c2-a9a1-e074054ee483@group-FC840B94C539-LeaderElection7] INFO  impl.LeaderElection (LeaderElection.java:askForVotes(312)) - 78eb6234-2b78-46c2-a9a1-e074054ee483@group-FC840B94C539-LeaderElection7 PRE_VOTE round 0: submit vote requests at term 0 for -1: peers:[78eb6234-2b78-46c2-a9a1-e074054ee483|rpc:10.1.0.66:37359|dataStream:10.1.0.66:34393|priority:1|startupRole:FOLLOWER]|listeners:[], old=null
2023-02-16 16:33:07,367 [78eb6234-2b78-46c2-a9a1-e074054ee483@group-FC840B94C539-LeaderElection7] INFO  impl.LeaderElection (LeaderElection.java:askForVotes(314)) - 78eb6234-2b78-46c2-a9a1-e074054ee483@group-FC840B94C539-LeaderElection7 PRE_VOTE round 0: result PASSED (term=0)
2023-02-16 16:33:07,368 [78eb6234-2b78-46c2-a9a1-e074054ee483@group-FC840B94C539-LeaderElection7] INFO  impl.LeaderElection (LeaderElection.java:askForVotes(312)) - 78eb6234-2b78-46c2-a9a1-e074054ee483@group-FC840B94C539-LeaderElection7 ELECTION round 0: submit vote requests at term 1 for -1: peers:[78eb6234-2b78-46c2-a9a1-e074054ee483|rpc:10.1.0.66:37359|dataStream:10.1.0.66:34393|priority:1|startupRole:FOLLOWER]|listeners:[], old=null
2023-02-16 16:33:07,368 [78eb6234-2b78-46c2-a9a1-e074054ee483@group-FC840B94C539-LeaderElection7] INFO  impl.LeaderElection (LeaderElection.java:askForVotes(314)) - 78eb6234-2b78-46c2-a9a1-e074054ee483@group-FC840B94C539-LeaderElection7 ELECTION round 0: result PASSED (term=1)
2023-02-16 16:33:07,368 [78eb6234-2b78-46c2-a9a1-e074054ee483@group-FC840B94C539-LeaderElection7] INFO  impl.RoleInfo (RoleInfo.java:shutdownLeaderElection(130)) - 78eb6234-2b78-46c2-a9a1-e074054ee483: shutdown 78eb6234-2b78-46c2-a9a1-e074054ee483@group-FC840B94C539-LeaderElection7
2023-02-16 16:33:07,369 [78eb6234-2b78-46c2-a9a1-e074054ee483@group-FC840B94C539-LeaderElection7] INFO  server.RaftServer$Division (RaftServerImpl.java:setRole(321)) - 78eb6234-2b78-46c2-a9a1-e074054ee483@group-FC840B94C539: changes role from CANDIDATE to LEADER at term 1 for changeToLeader
2023-02-16 16:33:07,369 [78eb6234-2b78-46c2-a9a1-e074054ee483@group-FC840B94C539-LeaderElection7] INFO  ratis.XceiverServerRatis (XceiverServerRatis.java:handleLeaderChangedNotification(905)) - Leader change notification received for group: group-FC840B94C539 with new leaderId: 78eb6234-2b78-46c2-a9a1-e074054ee483
2023-02-16 16:33:07,369 [78eb6234-2b78-46c2-a9a1-e074054ee483@group-FC840B94C539-LeaderElection7] INFO  server.RaftServer$Division (ServerState.java:setLeader(313)) - 78eb6234-2b78-46c2-a9a1-e074054ee483@group-FC840B94C539: change Leader from null to 78eb6234-2b78-46c2-a9a1-e074054ee483 at term 1 for becomeLeader, leader elected after 5125ms
2023-02-16 16:33:07,369 [78eb6234-2b78-46c2-a9a1-e074054ee483@group-FC840B94C539-LeaderElection7] INFO  server.RaftServerConfigKeys (ConfUtils.java:logGet(46)) - raft.server.staging.catchup.gap = 1000 (default)
2023-02-16 16:33:07,369 [78eb6234-2b78-46c2-a9a1-e074054ee483@group-FC840B94C539-LeaderElection7] INFO  server.RaftServerConfigKeys (ConfUtils.java:logGet(46)) - raft.server.write.element-limit = 1024 (custom)
2023-02-16 16:33:07,369 [78eb6234-2b78-46c2-a9a1-e074054ee483@group-FC840B94C539-LeaderElection7] INFO  server.RaftServerConfigKeys (ConfUtils.java:logGet(46)) - raft.server.write.byte-limit = 1024 M (=1073741824) (custom)
2023-02-16 16:33:07,370 [78eb6234-2b78-46c2-a9a1-e074054ee483@group-FC840B94C539-LeaderElection7] INFO  server.RaftServerConfigKeys (ConfUtils.java:logGet(46)) - raft.server.watch.timeout = 180s (custom)
2023-02-16 16:33:07,370 [78eb6234-2b78-46c2-a9a1-e074054ee483@group-FC840B94C539-LeaderElection7] INFO  server.RaftServerConfigKeys (ConfUtils.java:logGet(46)) - raft.server.watch.timeout.denomination = 1s (default)
2023-02-16 16:33:07,370 [78eb6234-2b78-46c2-a9a1-e074054ee483@group-FC840B94C539-LeaderElection7] INFO  server.RaftServerConfigKeys (ConfUtils.java:logGet(46)) - raft.server.watch.element-limit = 65536 (default)
2023-02-16 16:33:07,370 [78eb6234-2b78-46c2-a9a1-e074054ee483@group-FC840B94C539-LeaderElection7] INFO  server.RaftServerConfigKeys (ConfUtils.java:logGet(46)) - raft.server.write.element-limit = 1024 (custom)
2023-02-16 16:33:07,370 [78eb6234-2b78-46c2-a9a1-e074054ee483@group-FC840B94C539-LeaderElection7] INFO  server.RaftServerConfigKeys (ConfUtils.java:logGet(46)) - raft.server.write.follower.gap.ratio.max = -1.0 (default)
2023-02-16 16:33:07,370 [78eb6234-2b78-46c2-a9a1-e074054ee483@group-FC840B94C539-LeaderElection7] INFO  impl.RoleInfo (RoleInfo.java:updateAndGet(139)) - 78eb6234-2b78-46c2-a9a1-e074054ee483: start 78eb6234-2b78-46c2-a9a1-e074054ee483@group-FC840B94C539-LeaderStateImpl
2023-02-16 16:33:07,371 [78eb6234-2b78-46c2-a9a1-e074054ee483@group-FC840B94C539-LeaderElection7] INFO  segmented.SegmentedRaftLogWorker (SegmentedRaftLogWorker.java:startLogSegment(452)) - 78eb6234-2b78-46c2-a9a1-e074054ee483@group-FC840B94C539-SegmentedRaftLogWorker: Starting segment from index:0
2023-02-16 16:33:07,372 [78eb6234-2b78-46c2-a9a1-e074054ee483@group-FC840B94C539-SegmentedRaftLogWorker] INFO  segmented.SegmentedRaftLogWorker (SegmentedRaftLogWorker.java:execute(656)) - 78eb6234-2b78-46c2-a9a1-e074054ee483@group-FC840B94C539-SegmentedRaftLogWorker: created new log segment /home/runner/work/ozone/ozone/hadoop-ozone/integration-test/target/test-dir/MiniOzoneClusterImpl-3fa4a1d0-7183-4a36-b4d2-f70efcb14827/datanode-2/data/ratis/c1f2ccb0-3be5-4618-8a03-fc840b94c539/current/log_inprogress_0
2023-02-16 16:33:07,375 [78eb6234-2b78-46c2-a9a1-e074054ee483@group-FC840B94C539-LeaderElection7] INFO  server.RaftServer$Division (ServerState.java:setRaftConf(430)) - 78eb6234-2b78-46c2-a9a1-e074054ee483@group-FC840B94C539: set configuration 0: peers:[78eb6234-2b78-46c2-a9a1-e074054ee483|rpc:10.1.0.66:37359|dataStream:10.1.0.66:34393|priority:1|startupRole:FOLLOWER]|listeners:[], old=null
2023-02-16 16:33:07,823 [44c53caa-cbc6-4a21-8e53-cb7b17b04bf3@group-143EA0EB86F7-FollowerState] INFO  impl.FollowerState (FollowerState.java:run(143)) - 44c53caa-cbc6-4a21-8e53-cb7b17b04bf3@group-143EA0EB86F7-FollowerState: change to CANDIDATE, lastRpcElapsedTime:5164508309ns, electionTimeout:5164ms
2023-02-16 16:33:07,823 [44c53caa-cbc6-4a21-8e53-cb7b17b04bf3@group-143EA0EB86F7-FollowerState] INFO  impl.RoleInfo (RoleInfo.java:shutdownFollowerState(110)) - 44c53caa-cbc6-4a21-8e53-cb7b17b04bf3: shutdown 44c53caa-cbc6-4a21-8e53-cb7b17b04bf3@group-143EA0EB86F7-FollowerState
2023-02-16 16:33:07,823 [44c53caa-cbc6-4a21-8e53-cb7b17b04bf3@group-143EA0EB86F7-FollowerState] INFO  server.RaftServer$Division (RaftServerImpl.java:setRole(321)) - 44c53caa-cbc6-4a21-8e53-cb7b17b04bf3@group-143EA0EB86F7: changes role from  FOLLOWER to CANDIDATE at term 0 for changeToCandidate
2023-02-16 16:33:07,824 [44c53caa-cbc6-4a21-8e53-cb7b17b04bf3@group-143EA0EB86F7-FollowerState] INFO  server.RaftServerConfigKeys (ConfUtils.java:logGet(46)) - raft.server.leaderelection.pre-vote = true (default)
2023-02-16 16:33:07,824 [44c53caa-cbc6-4a21-8e53-cb7b17b04bf3@group-143EA0EB86F7-FollowerState] INFO  impl.RoleInfo (RoleInfo.java:updateAndGet(139)) - 44c53caa-cbc6-4a21-8e53-cb7b17b04bf3: start 44c53caa-cbc6-4a21-8e53-cb7b17b04bf3@group-143EA0EB86F7-LeaderElection8
2023-02-16 16:33:07,828 [44c53caa-cbc6-4a21-8e53-cb7b17b04bf3@group-143EA0EB86F7-LeaderElection8] INFO  impl.LeaderElection (LeaderElection.java:askForVotes(312)) - 44c53caa-cbc6-4a21-8e53-cb7b17b04bf3@group-143EA0EB86F7-LeaderElection8 PRE_VOTE round 0: submit vote requests at term 0 for -1: peers:[44c53caa-cbc6-4a21-8e53-cb7b17b04bf3|rpc:10.1.0.66:36097|dataStream:10.1.0.66:36813|priority:1|startupRole:FOLLOWER]|listeners:[], old=null
2023-02-16 16:33:07,828 [44c53caa-cbc6-4a21-8e53-cb7b17b04bf3@group-143EA0EB86F7-LeaderElection8] INFO  impl.LeaderElection (LeaderElection.java:askForVotes(314)) - 44c53caa-cbc6-4a21-8e53-cb7b17b04bf3@group-143EA0EB86F7-LeaderElection8 PRE_VOTE round 0: result PASSED (term=0)
2023-02-16 16:33:07,829 [44c53caa-cbc6-4a21-8e53-cb7b17b04bf3@group-143EA0EB86F7-LeaderElection8] INFO  impl.LeaderElection (LeaderElection.java:askForVotes(312)) - 44c53caa-cbc6-4a21-8e53-cb7b17b04bf3@group-143EA0EB86F7-LeaderElection8 ELECTION round 0: submit vote requests at term 1 for -1: peers:[44c53caa-cbc6-4a21-8e53-cb7b17b04bf3|rpc:10.1.0.66:36097|dataStream:10.1.0.66:36813|priority:1|startupRole:FOLLOWER]|listeners:[], old=null
2023-02-16 16:33:07,829 [44c53caa-cbc6-4a21-8e53-cb7b17b04bf3@group-143EA0EB86F7-LeaderElection8] INFO  impl.LeaderElection (LeaderElection.java:askForVotes(314)) - 44c53caa-cbc6-4a21-8e53-cb7b17b04bf3@group-143EA0EB86F7-LeaderElection8 ELECTION round 0: result PASSED (term=1)
2023-02-16 16:33:07,829 [44c53caa-cbc6-4a21-8e53-cb7b17b04bf3@group-143EA0EB86F7-LeaderElection8] INFO  impl.RoleInfo (RoleInfo.java:shutdownLeaderElection(130)) - 44c53caa-cbc6-4a21-8e53-cb7b17b04bf3: shutdown 44c53caa-cbc6-4a21-8e53-cb7b17b04bf3@group-143EA0EB86F7-LeaderElection8
2023-02-16 16:33:07,829 [44c53caa-cbc6-4a21-8e53-cb7b17b04bf3@group-143EA0EB86F7-LeaderElection8] INFO  server.RaftServer$Division (RaftServerImpl.java:setRole(321)) - 44c53caa-cbc6-4a21-8e53-cb7b17b04bf3@group-143EA0EB86F7: changes role from CANDIDATE to LEADER at term 1 for changeToLeader
2023-02-16 16:33:07,829 [44c53caa-cbc6-4a21-8e53-cb7b17b04bf3@group-143EA0EB86F7-LeaderElection8] INFO  ratis.XceiverServerRatis (XceiverServerRatis.java:handleLeaderChangedNotification(905)) - Leader change notification received for group: group-143EA0EB86F7 with new leaderId: 44c53caa-cbc6-4a21-8e53-cb7b17b04bf3
2023-02-16 16:33:07,829 [44c53caa-cbc6-4a21-8e53-cb7b17b04bf3@group-143EA0EB86F7-LeaderElection8] INFO  server.RaftServer$Division (ServerState.java:setLeader(313)) - 44c53caa-cbc6-4a21-8e53-cb7b17b04bf3@group-143EA0EB86F7: change Leader from null to 44c53caa-cbc6-4a21-8e53-cb7b17b04bf3 at term 1 for becomeLeader, leader elected after 5188ms
2023-02-16 16:33:07,829 [44c53caa-cbc6-4a21-8e53-cb7b17b04bf3@group-143EA0EB86F7-LeaderElection8] INFO  server.RaftServerConfigKeys (ConfUtils.java:logGet(46)) - raft.server.staging.catchup.gap = 1000 (default)
2023-02-16 16:33:07,831 [44c53caa-cbc6-4a21-8e53-cb7b17b04bf3@group-143EA0EB86F7-LeaderElection8] INFO  server.RaftServerConfigKeys (ConfUtils.java:logGet(46)) - raft.server.write.element-limit = 1024 (custom)
2023-02-16 16:33:07,831 [44c53caa-cbc6-4a21-8e53-cb7b17b04bf3@group-143EA0EB86F7-LeaderElection8] INFO  server.RaftServerConfigKeys (ConfUtils.java:logGet(46)) - raft.server.write.byte-limit = 1024 M (=1073741824) (custom)
2023-02-16 16:33:07,831 [44c53caa-cbc6-4a21-8e53-cb7b17b04bf3@group-143EA0EB86F7-LeaderElection8] INFO  server.RaftServerConfigKeys (ConfUtils.java:logGet(46)) - raft.server.watch.timeout = 180s (custom)
2023-02-16 16:33:07,831 [44c53caa-cbc6-4a21-8e53-cb7b17b04bf3@group-143EA0EB86F7-LeaderElection8] INFO  server.RaftServerConfigKeys (ConfUtils.java:logGet(46)) - raft.server.watch.timeout.denomination = 1s (default)
2023-02-16 16:33:07,831 [44c53caa-cbc6-4a21-8e53-cb7b17b04bf3@group-143EA0EB86F7-LeaderElection8] INFO  server.RaftServerConfigKeys (ConfUtils.java:logGet(46)) - raft.server.watch.element-limit = 65536 (default)
2023-02-16 16:33:07,831 [44c53caa-cbc6-4a21-8e53-cb7b17b04bf3@group-143EA0EB86F7-LeaderElection8] INFO  server.RaftServerConfigKeys (ConfUtils.java:logGet(46)) - raft.server.write.element-limit = 1024 (custom)
2023-02-16 16:33:07,832 [44c53caa-cbc6-4a21-8e53-cb7b17b04bf3@group-143EA0EB86F7-LeaderElection8] INFO  server.RaftServerConfigKeys (ConfUtils.java:logGet(46)) - raft.server.write.follower.gap.ratio.max = -1.0 (default)
2023-02-16 16:33:07,832 [44c53caa-cbc6-4a21-8e53-cb7b17b04bf3@group-143EA0EB86F7-LeaderElection8] INFO  impl.RoleInfo (RoleInfo.java:updateAndGet(139)) - 44c53caa-cbc6-4a21-8e53-cb7b17b04bf3: start 44c53caa-cbc6-4a21-8e53-cb7b17b04bf3@group-143EA0EB86F7-LeaderStateImpl
2023-02-16 16:33:07,832 [44c53caa-cbc6-4a21-8e53-cb7b17b04bf3@group-143EA0EB86F7-LeaderElection8] INFO  segmented.SegmentedRaftLogWorker (SegmentedRaftLogWorker.java:startLogSegment(452)) - 44c53caa-cbc6-4a21-8e53-cb7b17b04bf3@group-143EA0EB86F7-SegmentedRaftLogWorker: Starting segment from index:0
2023-02-16 16:33:07,835 [44c53caa-cbc6-4a21-8e53-cb7b17b04bf3@group-143EA0EB86F7-LeaderElection8] INFO  server.RaftServer$Division (ServerState.java:setRaftConf(430)) - 44c53caa-cbc6-4a21-8e53-cb7b17b04bf3@group-143EA0EB86F7: set configuration 0: peers:[44c53caa-cbc6-4a21-8e53-cb7b17b04bf3|rpc:10.1.0.66:36097|dataStream:10.1.0.66:36813|priority:1|startupRole:FOLLOWER]|listeners:[], old=null
2023-02-16 16:33:07,836 [44c53caa-cbc6-4a21-8e53-cb7b17b04bf3@group-143EA0EB86F7-SegmentedRaftLogWorker] INFO  segmented.SegmentedRaftLogWorker (SegmentedRaftLogWorker.java:execute(656)) - 44c53caa-cbc6-4a21-8e53-cb7b17b04bf3@group-143EA0EB86F7-SegmentedRaftLogWorker: created new log segment /home/runner/work/ozone/ozone/hadoop-ozone/integration-test/target/test-dir/MiniOzoneClusterImpl-3fa4a1d0-7183-4a36-b4d2-f70efcb14827/datanode-3/data/ratis/521825df-1c4f-4a85-a2d7-143ea0eb86f7/current/log_inprogress_0
2023-02-16 16:33:07,981 [Listener at 127.0.0.1/37073] INFO  ozone.MiniOzoneClusterImpl (MiniOzoneClusterImpl.java:lambda$waitForClusterToBeReady$0(218)) - Nodes are ready. Got 5 of 5 DN Heartbeats.
2023-02-16 16:33:07,982 [Listener at 127.0.0.1/37073] INFO  ozone.MiniOzoneClusterImpl (MiniOzoneClusterImpl.java:lambda$waitForClusterToBeReady$0(221)) - Cluster exits safe mode
2023-02-16 16:33:07,982 [Listener at 127.0.0.1/37073] INFO  ozone.MiniOzoneClusterImpl (MiniOzoneClusterImpl.java:lambda$waitForClusterToBeReady$0(223)) - SCM became leader
2023-02-16 16:33:08,172 [875a4540-f234-4f63-9940-381f2b020420@group-2748C1BD4ADE-FollowerState] INFO  impl.FollowerState (FollowerState.java:run(143)) - 875a4540-f234-4f63-9940-381f2b020420@group-2748C1BD4ADE-FollowerState: change to CANDIDATE, lastRpcElapsedTime:5183141688ns, electionTimeout:5182ms
2023-02-16 16:33:08,172 [875a4540-f234-4f63-9940-381f2b020420@group-2748C1BD4ADE-FollowerState] INFO  impl.RoleInfo (RoleInfo.java:shutdownFollowerState(110)) - 875a4540-f234-4f63-9940-381f2b020420: shutdown 875a4540-f234-4f63-9940-381f2b020420@group-2748C1BD4ADE-FollowerState
2023-02-16 16:33:08,172 [875a4540-f234-4f63-9940-381f2b020420@group-2748C1BD4ADE-FollowerState] INFO  server.RaftServer$Division (RaftServerImpl.java:setRole(321)) - 875a4540-f234-4f63-9940-381f2b020420@group-2748C1BD4ADE: changes role from  FOLLOWER to CANDIDATE at term 0 for changeToCandidate
2023-02-16 16:33:08,173 [875a4540-f234-4f63-9940-381f2b020420@group-2748C1BD4ADE-FollowerState] INFO  server.RaftServerConfigKeys (ConfUtils.java:logGet(46)) - raft.server.leaderelection.pre-vote = true (default)
2023-02-16 16:33:08,173 [875a4540-f234-4f63-9940-381f2b020420@group-2748C1BD4ADE-FollowerState] INFO  impl.RoleInfo (RoleInfo.java:updateAndGet(139)) - 875a4540-f234-4f63-9940-381f2b020420: start 875a4540-f234-4f63-9940-381f2b020420@group-2748C1BD4ADE-LeaderElection9
2023-02-16 16:33:08,180 [875a4540-f234-4f63-9940-381f2b020420@group-2748C1BD4ADE-LeaderElection9] INFO  impl.LeaderElection (LeaderElection.java:askForVotes(312)) - 875a4540-f234-4f63-9940-381f2b020420@group-2748C1BD4ADE-LeaderElection9 PRE_VOTE round 0: submit vote requests at term 0 for -1: peers:[875a4540-f234-4f63-9940-381f2b020420|rpc:10.1.0.66:45555|dataStream:10.1.0.66:43067|priority:1|startupRole:FOLLOWER]|listeners:[], old=null
2023-02-16 16:33:08,180 [875a4540-f234-4f63-9940-381f2b020420@group-2748C1BD4ADE-LeaderElection9] INFO  impl.LeaderElection (LeaderElection.java:askForVotes(314)) - 875a4540-f234-4f63-9940-381f2b020420@group-2748C1BD4ADE-LeaderElection9 PRE_VOTE round 0: result PASSED (term=0)
2023-02-16 16:33:08,181 [875a4540-f234-4f63-9940-381f2b020420@group-2748C1BD4ADE-LeaderElection9] INFO  impl.LeaderElection (LeaderElection.java:askForVotes(312)) - 875a4540-f234-4f63-9940-381f2b020420@group-2748C1BD4ADE-LeaderElection9 ELECTION round 0: submit vote requests at term 1 for -1: peers:[875a4540-f234-4f63-9940-381f2b020420|rpc:10.1.0.66:45555|dataStream:10.1.0.66:43067|priority:1|startupRole:FOLLOWER]|listeners:[], old=null
2023-02-16 16:33:08,181 [875a4540-f234-4f63-9940-381f2b020420@group-2748C1BD4ADE-LeaderElection9] INFO  impl.LeaderElection (LeaderElection.java:askForVotes(314)) - 875a4540-f234-4f63-9940-381f2b020420@group-2748C1BD4ADE-LeaderElection9 ELECTION round 0: result PASSED (term=1)
2023-02-16 16:33:08,181 [875a4540-f234-4f63-9940-381f2b020420@group-2748C1BD4ADE-LeaderElection9] INFO  impl.RoleInfo (RoleInfo.java:shutdownLeaderElection(130)) - 875a4540-f234-4f63-9940-381f2b020420: shutdown 875a4540-f234-4f63-9940-381f2b020420@group-2748C1BD4ADE-LeaderElection9
2023-02-16 16:33:08,182 [875a4540-f234-4f63-9940-381f2b020420@group-2748C1BD4ADE-LeaderElection9] INFO  server.RaftServer$Division (RaftServerImpl.java:setRole(321)) - 875a4540-f234-4f63-9940-381f2b020420@group-2748C1BD4ADE: changes role from CANDIDATE to LEADER at term 1 for changeToLeader
2023-02-16 16:33:08,182 [875a4540-f234-4f63-9940-381f2b020420@group-2748C1BD4ADE-LeaderElection9] INFO  ratis.XceiverServerRatis (XceiverServerRatis.java:handleLeaderChangedNotification(905)) - Leader change notification received for group: group-2748C1BD4ADE with new leaderId: 875a4540-f234-4f63-9940-381f2b020420
2023-02-16 16:33:08,182 [875a4540-f234-4f63-9940-381f2b020420@group-2748C1BD4ADE-LeaderElection9] INFO  server.RaftServer$Division (ServerState.java:setLeader(313)) - 875a4540-f234-4f63-9940-381f2b020420@group-2748C1BD4ADE: change Leader from null to 875a4540-f234-4f63-9940-381f2b020420 at term 1 for becomeLeader, leader elected after 5206ms
2023-02-16 16:33:08,183 [875a4540-f234-4f63-9940-381f2b020420@group-2748C1BD4ADE-LeaderElection9] INFO  server.RaftServerConfigKeys (ConfUtils.java:logGet(46)) - raft.server.staging.catchup.gap = 1000 (default)
2023-02-16 16:33:08,188 [875a4540-f234-4f63-9940-381f2b020420@group-2748C1BD4ADE-LeaderElection9] INFO  server.RaftServerConfigKeys (ConfUtils.java:logGet(46)) - raft.server.write.element-limit = 1024 (custom)
2023-02-16 16:33:08,188 [875a4540-f234-4f63-9940-381f2b020420@group-2748C1BD4ADE-LeaderElection9] INFO  server.RaftServerConfigKeys (ConfUtils.java:logGet(46)) - raft.server.write.byte-limit = 1024 M (=1073741824) (custom)
2023-02-16 16:33:08,189 [875a4540-f234-4f63-9940-381f2b020420@group-2748C1BD4ADE-LeaderElection9] INFO  server.RaftServerConfigKeys (ConfUtils.java:logGet(46)) - raft.server.watch.timeout = 180s (custom)
2023-02-16 16:33:08,189 [875a4540-f234-4f63-9940-381f2b020420@group-2748C1BD4ADE-LeaderElection9] INFO  server.RaftServerConfigKeys (ConfUtils.java:logGet(46)) - raft.server.watch.timeout.denomination = 1s (default)
2023-02-16 16:33:08,189 [875a4540-f234-4f63-9940-381f2b020420@group-2748C1BD4ADE-LeaderElection9] INFO  server.RaftServerConfigKeys (ConfUtils.java:logGet(46)) - raft.server.watch.element-limit = 65536 (default)
2023-02-16 16:33:08,193 [875a4540-f234-4f63-9940-381f2b020420@group-2748C1BD4ADE-LeaderElection9] INFO  server.RaftServerConfigKeys (ConfUtils.java:logGet(46)) - raft.server.write.element-limit = 1024 (custom)
2023-02-16 16:33:08,193 [875a4540-f234-4f63-9940-381f2b020420@group-2748C1BD4ADE-LeaderElection9] INFO  server.RaftServerConfigKeys (ConfUtils.java:logGet(46)) - raft.server.write.follower.gap.ratio.max = -1.0 (default)
2023-02-16 16:33:08,193 [875a4540-f234-4f63-9940-381f2b020420@group-2748C1BD4ADE-LeaderElection9] INFO  impl.RoleInfo (RoleInfo.java:updateAndGet(139)) - 875a4540-f234-4f63-9940-381f2b020420: start 875a4540-f234-4f63-9940-381f2b020420@group-2748C1BD4ADE-LeaderStateImpl
2023-02-16 16:33:08,193 [875a4540-f234-4f63-9940-381f2b020420@group-2748C1BD4ADE-LeaderElection9] INFO  segmented.SegmentedRaftLogWorker (SegmentedRaftLogWorker.java:startLogSegment(452)) - 875a4540-f234-4f63-9940-381f2b020420@group-2748C1BD4ADE-SegmentedRaftLogWorker: Starting segment from index:0
2023-02-16 16:33:08,196 [875a4540-f234-4f63-9940-381f2b020420@group-2748C1BD4ADE-SegmentedRaftLogWorker] INFO  segmented.SegmentedRaftLogWorker (SegmentedRaftLogWorker.java:execute(656)) - 875a4540-f234-4f63-9940-381f2b020420@group-2748C1BD4ADE-SegmentedRaftLogWorker: created new log segment /home/runner/work/ozone/ozone/hadoop-ozone/integration-test/target/test-dir/MiniOzoneClusterImpl-3fa4a1d0-7183-4a36-b4d2-f70efcb14827/datanode-4/data/ratis/b637d091-dc67-4338-adbb-2748c1bd4ade/current/log_inprogress_0
2023-02-16 16:33:08,214 [875a4540-f234-4f63-9940-381f2b020420@group-2748C1BD4ADE-LeaderElection9] INFO  server.RaftServer$Division (ServerState.java:setRaftConf(430)) - 875a4540-f234-4f63-9940-381f2b020420@group-2748C1BD4ADE: set configuration 0: peers:[875a4540-f234-4f63-9940-381f2b020420|rpc:10.1.0.66:45555|dataStream:10.1.0.66:43067|priority:1|startupRole:FOLLOWER]|listeners:[], old=null
2023-02-16 16:33:08,471 [Listener at 127.0.0.1/37073] INFO  rpc.RpcClient (RpcClient.java:createVolume(476)) - Creating Volume: volume28358, with user62287 as owner and space quota set to -1 bytes, counts quota set to -1
2023-02-16 16:33:08,537 [OM StateMachine ApplyTransaction Thread - 0] INFO  volume.OMVolumeCreateRequest (OMVolumeCreateRequest.java:validateAndUpdateCache(195)) - created volume:volume28358 for user:user62287
2023-02-16 16:33:08,555 [Listener at 127.0.0.1/37073] INFO  rpc.RpcClient (RpcClient.java:createBucket(698)) - Creating Bucket: volume28358/bucket39322, with bucket layout LEGACY, runner as owner, Versioning false, Storage Type set to DISK and Encryption set to false, Replication Type set to server-side default replication type, Namespace Quota set to -1, Space Quota set to -1 
2023-02-16 16:33:08,569 [OM StateMachine ApplyTransaction Thread - 0] INFO  bucket.OMBucketCreateRequest (OMBucketCreateRequest.java:validateAndUpdateCache(263)) - created bucket: bucket39322 of layout LEGACY in volume: volume28358
]]></system-out>
  </testcase>
  <testcase name="testGetTrashRoot" classname="TestOzoneFileSystem" time="20.333">
    <system-out><![CDATA[2023-02-16 16:33:46,914 [Listener at 127.0.0.1/37073] INFO  ozone.MiniOzoneClusterImpl (MiniOzoneClusterImpl.java:shutdown(450)) - Shutting down the Mini Ozone Cluster
2023-02-16 16:33:46,916 [Listener at 127.0.0.1/37073] INFO  ozone.MiniOzoneClusterImpl (MiniOzoneClusterImpl.java:stop(465)) - Stopping the Mini Ozone Cluster
2023-02-16 16:33:46,916 [Listener at 127.0.0.1/37073] INFO  ozone.MiniOzoneClusterImpl (MiniOzoneClusterImpl.java:stopOM(547)) - Stopping the OzoneManager
2023-02-16 16:33:46,916 [Listener at 127.0.0.1/37073] INFO  om.OzoneManager (OzoneManager.java:stop(2139)) - om1[localhost:0]: Stopping Ozone Manager
2023-02-16 16:33:46,916 [Listener at 127.0.0.1/37073] INFO  ipc.Server (Server.java:stop(3428)) - Stopping server on 37073
2023-02-16 16:33:46,919 [IPC Server listener on 0] INFO  ipc.Server (Server.java:run(1384)) - Stopping IPC Server listener on 0
2023-02-16 16:33:46,922 [IPC Server Responder] INFO  ipc.Server (Server.java:run(1517)) - Stopping IPC Server Responder
2023-02-16 16:33:46,923 [Listener at 127.0.0.1/37073] INFO  server.RaftServer (RaftServerProxy.java:lambda$close$6(409)) - om1: close
2023-02-16 16:33:46,926 [om1-impl-thread1] INFO  server.RaftServer$Division (RaftServerImpl.java:lambda$close$4(458)) - om1@group-C5BA1605619E: shutdown
2023-02-16 16:33:46,927 [om1-impl-thread1] INFO  util.JmxRegister (JmxRegister.java:unregister(73)) - Successfully un-registered JMX Bean with object name Ratis:service=RaftServer,group=group-C5BA1605619E,id=om1
2023-02-16 16:33:46,927 [om1-impl-thread1] INFO  impl.RoleInfo (RoleInfo.java:shutdownLeaderState(93)) - om1: shutdown om1@group-C5BA1605619E-LeaderStateImpl
2023-02-16 16:33:46,927 [om1-impl-thread1] INFO  impl.PendingRequests (PendingRequests.java:sendNotLeaderResponses(282)) - om1@group-C5BA1605619E-PendingRequests: sendNotLeaderResponses
2023-02-16 16:33:46,927 [Listener at 127.0.0.1/37073] INFO  server.GrpcService (GrpcService.java:closeImpl(271)) - om1: shutdown server GrpcServerProtocolService now
2023-02-16 16:33:46,933 [om1-impl-thread1] INFO  impl.StateMachineUpdater (StateMachineUpdater.java:stopAndJoin(153)) - om1@group-C5BA1605619E-StateMachineUpdater: set stopIndex = 37006
2023-02-16 16:33:46,934 [om1@group-C5BA1605619E-StateMachineUpdater] INFO  ratis.OzoneManagerStateMachine (OzoneManagerStateMachine.java:takeSnapshot(445)) - Current Snapshot Index (t:1, i:37006)
2023-02-16 16:33:46,938 [Listener at 127.0.0.1/37073] INFO  server.GrpcService (GrpcService.java:closeImpl(280)) - om1: shutdown server GrpcServerProtocolService successfully
2023-02-16 16:33:46,968 [om1@group-C5BA1605619E-StateMachineUpdater] INFO  impl.StateMachineUpdater (StateMachineUpdater.java:takeSnapshot(287)) - om1@group-C5BA1605619E-StateMachineUpdater: Took a snapshot at index 37006
2023-02-16 16:33:46,969 [om1@group-C5BA1605619E-StateMachineUpdater] INFO  impl.StateMachineUpdater (StateMachineUpdater.java:lambda$new$0(92)) - om1@group-C5BA1605619E-StateMachineUpdater: snapshotIndex: updateIncreasingly -1 -> 37006
2023-02-16 16:33:46,969 [om1@group-C5BA1605619E-StateMachineUpdater] INFO  ratis.OzoneManagerStateMachine (OzoneManagerStateMachine.java:close(499)) - StateMachine has shutdown. Shutdown OzoneManager if not already shutdown.
2023-02-16 16:33:46,969 [om1@group-C5BA1605619E-StateMachineUpdater] INFO  ratis.OzoneManagerDoubleBuffer (OzoneManagerDoubleBuffer.java:stopDaemon(541)) - Stopping OMDoubleBuffer flush thread
2023-02-16 16:33:46,969 [OMDoubleBufferFlushThread] INFO  ratis.OzoneManagerDoubleBuffer (OzoneManagerDoubleBuffer.java:canFlush(626)) - OMDoubleBuffer flush thread OMDoubleBufferFlushThread is interrupted and will exit.
2023-02-16 16:33:46,971 [om1-impl-thread1] INFO  server.RaftServer$Division (ServerState.java:close(466)) - om1@group-C5BA1605619E: closes. applyIndex: 37006
2023-02-16 16:33:46,979 [om1@group-C5BA1605619E-SegmentedRaftLogWorker] INFO  segmented.SegmentedRaftLogWorker (SegmentedRaftLogWorker.java:run(347)) - om1@group-C5BA1605619E-SegmentedRaftLogWorker was interrupted, exiting. There are 0 tasks remaining in the queue.
2023-02-16 16:33:46,981 [om1-impl-thread1] INFO  segmented.SegmentedRaftLogWorker (SegmentedRaftLogWorker.java:close(257)) - om1@group-C5BA1605619E-SegmentedRaftLogWorker close()
2023-02-16 16:33:46,982 [JvmPauseMonitor0] INFO  util.JvmPauseMonitor (JvmPauseMonitor.java:run(111)) - JvmPauseMonitor-om1: Stopped
2023-02-16 16:33:46,982 [Listener at 127.0.0.1/37073] INFO  ratis.OzoneManagerStateMachine (OzoneManagerStateMachine.java:close(499)) - StateMachine has shutdown. Shutdown OzoneManager if not already shutdown.
2023-02-16 16:33:46,982 [Listener at 127.0.0.1/37073] INFO  ratis.OzoneManagerDoubleBuffer (OzoneManagerDoubleBuffer.java:stopDaemon(550)) - OMDoubleBuffer flush thread is not running.
2023-02-16 16:33:46,982 [Listener at 127.0.0.1/37073] INFO  utils.BackgroundService (BackgroundService.java:shutdown(141)) - Shutting down service KeyDeletingService
2023-02-16 16:33:46,982 [Listener at 127.0.0.1/37073] INFO  utils.BackgroundService (BackgroundService.java:shutdown(141)) - Shutting down service DirectoryDeletingService
2023-02-16 16:33:46,983 [Listener at 127.0.0.1/37073] INFO  utils.BackgroundService (BackgroundService.java:shutdown(141)) - Shutting down service OpenKeyCleanupService
2023-02-16 16:33:46,983 [Listener at 127.0.0.1/37073] INFO  utils.BackgroundService (BackgroundService.java:shutdown(141)) - Shutting down service SstFilteringService
2023-02-16 16:33:46,985 [Listener at 127.0.0.1/37073] INFO  handler.ContextHandler (ContextHandler.java:doStop(1159)) - Stopped o.e.j.w.WebAppContext@15f436d7{ozoneManager,/,null,STOPPED}{file:/home/runner/work/ozone/ozone/hadoop-ozone/integration-test/target/test-classes/webapps/ozoneManager}
2023-02-16 16:33:46,989 [Listener at 127.0.0.1/37073] INFO  server.AbstractConnector (AbstractConnector.java:doStop(383)) - Stopped ServerConnector@7ee7a75e{HTTP/1.1, (http/1.1)}{0.0.0.0:0}
2023-02-16 16:33:46,989 [Listener at 127.0.0.1/37073] INFO  server.session (HouseKeeper.java:stopScavenging(149)) - node0 Stopped scavenging
2023-02-16 16:33:46,989 [Listener at 127.0.0.1/37073] INFO  handler.ContextHandler (ContextHandler.java:doStop(1159)) - Stopped o.e.j.s.ServletContextHandler@2f2fda15{static,/static,file:///home/runner/work/ozone/ozone/hadoop-ozone/integration-test/target/test-classes/webapps/static,STOPPED}
2023-02-16 16:33:46,990 [Listener at 127.0.0.1/37073] INFO  handler.ContextHandler (ContextHandler.java:doStop(1159)) - Stopped o.e.j.s.ServletContextHandler@39edd51c{logs,/logs,file:///home/runner/work/ozone/ozone/hadoop-ozone/integration-test/target/log,STOPPED}
2023-02-16 16:33:46,993 [Trash Emptier] ERROR om.TrashPolicyOzone (TrashPolicyOzone.java:run(350)) - Error attempting to shutdown
java.lang.InterruptedException
	at java.util.concurrent.locks.AbstractQueuedSynchronizer$ConditionObject.awaitNanos(AbstractQueuedSynchronizer.java:2067)
	at java.util.concurrent.ThreadPoolExecutor.awaitTermination(ThreadPoolExecutor.java:1475)
	at org.apache.hadoop.ozone.om.TrashPolicyOzone$Emptier.run(TrashPolicyOzone.java:348)
	at java.lang.Thread.run(Thread.java:750)
2023-02-16 16:33:46,999 [Listener at 127.0.0.1/37073] INFO  ozone.MiniOzoneClusterImpl (MiniOzoneClusterImpl.java:stopDatanodes(524)) - Stopping the HddsDatanodes
2023-02-16 16:33:47,001 [Listener at 127.0.0.1/37073] INFO  ozoneimpl.OzoneContainer (OzoneContainer.java:stop(420)) - Attempting to stop container services.
2023-02-16 16:33:47,004 [Listener at 127.0.0.1/37073] INFO  server.RaftServer (RaftServerProxy.java:lambda$close$6(409)) - 78eb6234-2b78-46c2-a9a1-e074054ee483: close
2023-02-16 16:33:47,004 [78eb6234-2b78-46c2-a9a1-e074054ee483-impl-thread1] INFO  server.RaftServer$Division (RaftServerImpl.java:lambda$close$4(458)) - 78eb6234-2b78-46c2-a9a1-e074054ee483@group-3EE57BE958A0: shutdown
2023-02-16 16:33:47,004 [78eb6234-2b78-46c2-a9a1-e074054ee483-impl-thread1] INFO  util.JmxRegister (JmxRegister.java:unregister(73)) - Successfully un-registered JMX Bean with object name Ratis:service=RaftServer,group=group-3EE57BE958A0,id=78eb6234-2b78-46c2-a9a1-e074054ee483
2023-02-16 16:33:47,004 [78eb6234-2b78-46c2-a9a1-e074054ee483-impl-thread2] INFO  server.RaftServer$Division (RaftServerImpl.java:lambda$close$4(458)) - 78eb6234-2b78-46c2-a9a1-e074054ee483@group-FC840B94C539: shutdown
2023-02-16 16:33:47,004 [78eb6234-2b78-46c2-a9a1-e074054ee483-impl-thread1] INFO  impl.RoleInfo (RoleInfo.java:shutdownFollowerState(110)) - 78eb6234-2b78-46c2-a9a1-e074054ee483: shutdown 78eb6234-2b78-46c2-a9a1-e074054ee483@group-3EE57BE958A0-FollowerState
2023-02-16 16:33:47,004 [78eb6234-2b78-46c2-a9a1-e074054ee483-impl-thread2] INFO  util.JmxRegister (JmxRegister.java:unregister(73)) - Successfully un-registered JMX Bean with object name Ratis:service=RaftServer,group=group-FC840B94C539,id=78eb6234-2b78-46c2-a9a1-e074054ee483
2023-02-16 16:33:47,004 [78eb6234-2b78-46c2-a9a1-e074054ee483-impl-thread2] INFO  impl.RoleInfo (RoleInfo.java:shutdownLeaderState(93)) - 78eb6234-2b78-46c2-a9a1-e074054ee483: shutdown 78eb6234-2b78-46c2-a9a1-e074054ee483@group-FC840B94C539-LeaderStateImpl
2023-02-16 16:33:47,004 [Listener at 127.0.0.1/37073] INFO  server.GrpcService (GrpcService.java:closeImpl(271)) - 78eb6234-2b78-46c2-a9a1-e074054ee483: shutdown server GrpcServerProtocolService now
2023-02-16 16:33:47,004 [78eb6234-2b78-46c2-a9a1-e074054ee483-impl-thread2] INFO  impl.PendingRequests (PendingRequests.java:sendNotLeaderResponses(282)) - 78eb6234-2b78-46c2-a9a1-e074054ee483@group-FC840B94C539-PendingRequests: sendNotLeaderResponses
2023-02-16 16:33:47,015 [78eb6234-2b78-46c2-a9a1-e074054ee483@group-3EE57BE958A0-FollowerState] INFO  impl.FollowerState (FollowerState.java:run(152)) - 78eb6234-2b78-46c2-a9a1-e074054ee483@group-3EE57BE958A0-FollowerState was interrupted
2023-02-16 16:33:47,015 [78eb6234-2b78-46c2-a9a1-e074054ee483@group-3EE57BE958A0-StateMachineUpdater] INFO  ratis.ContainerStateMachine (ContainerStateMachine.java:takeSnapshot(308)) - group-3EE57BE958A0: Taking a snapshot at:(t:1, i:22) file /home/runner/work/ozone/ozone/hadoop-ozone/integration-test/target/test-dir/MiniOzoneClusterImpl-3fa4a1d0-7183-4a36-b4d2-f70efcb14827/datanode-2/data/ratis/e41b74cb-c37d-48f1-a125-3ee57be958a0/sm/snapshot.1_22
2023-02-16 16:33:47,017 [78eb6234-2b78-46c2-a9a1-e074054ee483@group-FC840B94C539-StateMachineUpdater] INFO  ratis.ContainerStateMachine (ContainerStateMachine.java:takeSnapshot(308)) - group-FC840B94C539: Taking a snapshot at:(t:1, i:0) file /home/runner/work/ozone/ozone/hadoop-ozone/integration-test/target/test-dir/MiniOzoneClusterImpl-3fa4a1d0-7183-4a36-b4d2-f70efcb14827/datanode-2/data/ratis/c1f2ccb0-3be5-4618-8a03-fc840b94c539/sm/snapshot.1_0
2023-02-16 16:33:47,017 [ForkJoinPool.commonPool-worker-0] INFO  ozoneimpl.OzoneContainer (OzoneContainer.java:stop(420)) - Attempting to stop container services.
2023-02-16 16:33:47,015 [78eb6234-2b78-46c2-a9a1-e074054ee483-impl-thread1] INFO  impl.StateMachineUpdater (StateMachineUpdater.java:stopAndJoin(153)) - 78eb6234-2b78-46c2-a9a1-e074054ee483@group-3EE57BE958A0-StateMachineUpdater: set stopIndex = 22
2023-02-16 16:33:47,015 [78eb6234-2b78-46c2-a9a1-e074054ee483-impl-thread2] INFO  impl.StateMachineUpdater (StateMachineUpdater.java:stopAndJoin(153)) - 78eb6234-2b78-46c2-a9a1-e074054ee483@group-FC840B94C539-StateMachineUpdater: set stopIndex = 0
2023-02-16 16:33:47,018 [ForkJoinPool.commonPool-worker-0] INFO  server.RaftServer (RaftServerProxy.java:lambda$close$6(409)) - 1ef1131b-9485-4bfe-ad5a-910805a11fc3: close
2023-02-16 16:33:47,018 [1ef1131b-9485-4bfe-ad5a-910805a11fc3-impl-thread1] INFO  server.RaftServer$Division (RaftServerImpl.java:lambda$close$4(458)) - 1ef1131b-9485-4bfe-ad5a-910805a11fc3@group-3EE57BE958A0: shutdown
2023-02-16 16:33:47,018 [78eb6234-2b78-46c2-a9a1-e074054ee483-impl-thread3] INFO  server.RaftServer$Division (RaftServerImpl.java:lambda$close$4(458)) - 78eb6234-2b78-46c2-a9a1-e074054ee483@group-8BAC40614D06: shutdown
2023-02-16 16:33:47,018 [1ef1131b-9485-4bfe-ad5a-910805a11fc3-impl-thread1] INFO  util.JmxRegister (JmxRegister.java:unregister(73)) - Successfully un-registered JMX Bean with object name Ratis:service=RaftServer,group=group-3EE57BE958A0,id=1ef1131b-9485-4bfe-ad5a-910805a11fc3
2023-02-16 16:33:47,018 [78eb6234-2b78-46c2-a9a1-e074054ee483-impl-thread3] INFO  util.JmxRegister (JmxRegister.java:unregister(73)) - Successfully un-registered JMX Bean with object name Ratis:service=RaftServer,group=group-8BAC40614D06,id=78eb6234-2b78-46c2-a9a1-e074054ee483
2023-02-16 16:33:47,018 [1ef1131b-9485-4bfe-ad5a-910805a11fc3-impl-thread1] INFO  impl.RoleInfo (RoleInfo.java:shutdownLeaderState(93)) - 1ef1131b-9485-4bfe-ad5a-910805a11fc3: shutdown 1ef1131b-9485-4bfe-ad5a-910805a11fc3@group-3EE57BE958A0-LeaderStateImpl
2023-02-16 16:33:47,018 [78eb6234-2b78-46c2-a9a1-e074054ee483-impl-thread3] INFO  impl.RoleInfo (RoleInfo.java:shutdownFollowerState(110)) - 78eb6234-2b78-46c2-a9a1-e074054ee483: shutdown 78eb6234-2b78-46c2-a9a1-e074054ee483@group-8BAC40614D06-FollowerState
2023-02-16 16:33:47,024 [1ef1131b-9485-4bfe-ad5a-910805a11fc3-impl-thread2] INFO  server.RaftServer$Division (RaftServerImpl.java:lambda$close$4(458)) - 1ef1131b-9485-4bfe-ad5a-910805a11fc3@group-77F5BCE9CB83: shutdown
2023-02-16 16:33:47,025 [1ef1131b-9485-4bfe-ad5a-910805a11fc3-impl-thread2] INFO  util.JmxRegister (JmxRegister.java:unregister(73)) - Successfully un-registered JMX Bean with object name Ratis:service=RaftServer,group=group-77F5BCE9CB83,id=1ef1131b-9485-4bfe-ad5a-910805a11fc3
2023-02-16 16:33:47,025 [1ef1131b-9485-4bfe-ad5a-910805a11fc3-impl-thread2] INFO  impl.RoleInfo (RoleInfo.java:shutdownLeaderState(93)) - 1ef1131b-9485-4bfe-ad5a-910805a11fc3: shutdown 1ef1131b-9485-4bfe-ad5a-910805a11fc3@group-77F5BCE9CB83-LeaderStateImpl
2023-02-16 16:33:47,025 [1ef1131b-9485-4bfe-ad5a-910805a11fc3-impl-thread2] INFO  impl.PendingRequests (PendingRequests.java:sendNotLeaderResponses(282)) - 1ef1131b-9485-4bfe-ad5a-910805a11fc3@group-77F5BCE9CB83-PendingRequests: sendNotLeaderResponses
2023-02-16 16:33:47,027 [1ef1131b-9485-4bfe-ad5a-910805a11fc3@group-77F5BCE9CB83-StateMachineUpdater] INFO  ratis.ContainerStateMachine (ContainerStateMachine.java:takeSnapshot(308)) - group-77F5BCE9CB83: Taking a snapshot at:(t:1, i:0) file /home/runner/work/ozone/ozone/hadoop-ozone/integration-test/target/test-dir/MiniOzoneClusterImpl-3fa4a1d0-7183-4a36-b4d2-f70efcb14827/datanode-1/data/ratis/9dd1d98b-6e76-44fb-afd2-77f5bce9cb83/sm/snapshot.1_0
2023-02-16 16:33:47,027 [1ef1131b-9485-4bfe-ad5a-910805a11fc3-impl-thread2] INFO  impl.StateMachineUpdater (StateMachineUpdater.java:stopAndJoin(153)) - 1ef1131b-9485-4bfe-ad5a-910805a11fc3@group-77F5BCE9CB83-StateMachineUpdater: set stopIndex = 0
2023-02-16 16:33:47,030 [ForkJoinPool.commonPool-worker-0] INFO  server.GrpcService (GrpcService.java:closeImpl(271)) - 1ef1131b-9485-4bfe-ad5a-910805a11fc3: shutdown server GrpcServerProtocolService now
2023-02-16 16:33:47,034 [78eb6234-2b78-46c2-a9a1-e074054ee483-impl-thread3] INFO  impl.StateMachineUpdater (StateMachineUpdater.java:stopAndJoin(153)) - 78eb6234-2b78-46c2-a9a1-e074054ee483@group-8BAC40614D06-StateMachineUpdater: set stopIndex = 7
2023-02-16 16:33:47,034 [78eb6234-2b78-46c2-a9a1-e074054ee483@group-8BAC40614D06-FollowerState] INFO  impl.FollowerState (FollowerState.java:run(152)) - 78eb6234-2b78-46c2-a9a1-e074054ee483@group-8BAC40614D06-FollowerState was interrupted
2023-02-16 16:33:47,035 [1ef1131b-9485-4bfe-ad5a-910805a11fc3-impl-thread3] INFO  server.RaftServer$Division (RaftServerImpl.java:lambda$close$4(458)) - 1ef1131b-9485-4bfe-ad5a-910805a11fc3@group-8BAC40614D06: shutdown
2023-02-16 16:33:47,035 [1ef1131b-9485-4bfe-ad5a-910805a11fc3-impl-thread3] INFO  util.JmxRegister (JmxRegister.java:unregister(73)) - Successfully un-registered JMX Bean with object name Ratis:service=RaftServer,group=group-8BAC40614D06,id=1ef1131b-9485-4bfe-ad5a-910805a11fc3
2023-02-16 16:33:47,035 [1ef1131b-9485-4bfe-ad5a-910805a11fc3-impl-thread3] INFO  impl.RoleInfo (RoleInfo.java:shutdownFollowerState(110)) - 1ef1131b-9485-4bfe-ad5a-910805a11fc3: shutdown 1ef1131b-9485-4bfe-ad5a-910805a11fc3@group-8BAC40614D06-FollowerState
2023-02-16 16:33:47,035 [1ef1131b-9485-4bfe-ad5a-910805a11fc3@group-8BAC40614D06-FollowerState] INFO  impl.FollowerState (FollowerState.java:run(152)) - 1ef1131b-9485-4bfe-ad5a-910805a11fc3@group-8BAC40614D06-FollowerState was interrupted
2023-02-16 16:33:47,035 [1ef1131b-9485-4bfe-ad5a-910805a11fc3@group-8BAC40614D06-StateMachineUpdater] INFO  ratis.ContainerStateMachine (ContainerStateMachine.java:takeSnapshot(308)) - group-8BAC40614D06: Taking a snapshot at:(t:1, i:7) file /home/runner/work/ozone/ozone/hadoop-ozone/integration-test/target/test-dir/MiniOzoneClusterImpl-3fa4a1d0-7183-4a36-b4d2-f70efcb14827/datanode-1/data/ratis/3893d2fd-dfd5-4c90-be2b-8bac40614d06/sm/snapshot.1_7
2023-02-16 16:33:47,035 [1ef1131b-9485-4bfe-ad5a-910805a11fc3-impl-thread1] INFO  impl.PendingRequests (PendingRequests.java:sendNotLeaderResponses(282)) - 1ef1131b-9485-4bfe-ad5a-910805a11fc3@group-3EE57BE958A0-PendingRequests: sendNotLeaderResponses
2023-02-16 16:33:47,036 [1ef1131b-9485-4bfe-ad5a-910805a11fc3@group-3EE57BE958A0->cb9b88df-491a-41e2-b87b-1e05ddc4218e-GrpcLogAppender-LogAppenderDaemon] WARN  server.GrpcLogAppender (GrpcLogAppender.java:mayWait(200)) - 1ef1131b-9485-4bfe-ad5a-910805a11fc3@group-3EE57BE958A0->cb9b88df-491a-41e2-b87b-1e05ddc4218e-GrpcLogAppender: Wait interrupted by java.lang.InterruptedException
2023-02-16 16:33:47,036 [78eb6234-2b78-46c2-a9a1-e074054ee483@group-8BAC40614D06-StateMachineUpdater] INFO  ratis.ContainerStateMachine (ContainerStateMachine.java:takeSnapshot(308)) - group-8BAC40614D06: Taking a snapshot at:(t:1, i:7) file /home/runner/work/ozone/ozone/hadoop-ozone/integration-test/target/test-dir/MiniOzoneClusterImpl-3fa4a1d0-7183-4a36-b4d2-f70efcb14827/datanode-2/data/ratis/3893d2fd-dfd5-4c90-be2b-8bac40614d06/sm/snapshot.1_7
2023-02-16 16:33:47,036 [1ef1131b-9485-4bfe-ad5a-910805a11fc3-impl-thread3] INFO  impl.StateMachineUpdater (StateMachineUpdater.java:stopAndJoin(153)) - 1ef1131b-9485-4bfe-ad5a-910805a11fc3@group-8BAC40614D06-StateMachineUpdater: set stopIndex = 7
2023-02-16 16:33:47,039 [ForkJoinPool.commonPool-worker-0] INFO  server.GrpcServerProtocolClient (GrpcServerProtocolClient.java:close(101)) - 78eb6234-2b78-46c2-a9a1-e074054ee483 Close channels
2023-02-16 16:33:47,039 [grpc-default-executor-5] WARN  server.GrpcServerProtocolService (LogUtils.java:warn(122)) - 78eb6234-2b78-46c2-a9a1-e074054ee483: installSnapshot onError, lastRequest: cb9b88df-491a-41e2-b87b-1e05ddc4218e->78eb6234-2b78-46c2-a9a1-e074054ee483#266-t1,previous=(t:1, i:6),leaderCommit=6,initializing? true,entries: size=1, first=(t:1, i:7), METADATAENTRY(c:6): org.apache.ratis.thirdparty.io.grpc.StatusRuntimeException: CANCELLED: client cancelled
2023-02-16 16:33:47,039 [grpc-default-executor-3] WARN  server.GrpcServerProtocolService (LogUtils.java:warn(122)) - 78eb6234-2b78-46c2-a9a1-e074054ee483: installSnapshot onError, lastRequest: null: org.apache.ratis.thirdparty.io.grpc.StatusRuntimeException: CANCELLED: client cancelled
2023-02-16 16:33:47,044 [Listener at 127.0.0.1/37073] INFO  server.GrpcService (GrpcService.java:closeImpl(280)) - 78eb6234-2b78-46c2-a9a1-e074054ee483: shutdown server GrpcServerProtocolService successfully
2023-02-16 16:33:47,045 [grpc-default-executor-1] WARN  server.GrpcServerProtocolService (LogUtils.java:warn(122)) - 1ef1131b-9485-4bfe-ad5a-910805a11fc3: installSnapshot onError, lastRequest: cb9b88df-491a-41e2-b87b-1e05ddc4218e->1ef1131b-9485-4bfe-ad5a-910805a11fc3#267-t1,previous=(t:1, i:6),leaderCommit=6,initializing? true,entries: size=1, first=(t:1, i:7), METADATAENTRY(c:6): org.apache.ratis.thirdparty.io.grpc.StatusRuntimeException: CANCELLED: client cancelled
2023-02-16 16:33:47,045 [grpc-default-executor-3] WARN  server.GrpcServerProtocolService (LogUtils.java:warn(122)) - 78eb6234-2b78-46c2-a9a1-e074054ee483: installSnapshot onError, lastRequest: 1ef1131b-9485-4bfe-ad5a-910805a11fc3->78eb6234-2b78-46c2-a9a1-e074054ee483#58-t1,previous=(t:1, i:21),leaderCommit=20,initializing? true,entries: size=1, first=(t:1, i:22), METADATAENTRY(c:20): org.apache.ratis.thirdparty.io.grpc.StatusRuntimeException: CANCELLED: client cancelled
2023-02-16 16:33:47,045 [grpc-default-executor-2] WARN  server.GrpcServerProtocolService (LogUtils.java:warn(122)) - 78eb6234-2b78-46c2-a9a1-e074054ee483: installSnapshot onError, lastRequest: null: org.apache.ratis.thirdparty.io.grpc.StatusRuntimeException: CANCELLED: client cancelled
2023-02-16 16:33:47,045 [78eb6234-2b78-46c2-a9a1-e074054ee483-NettyServerStreamRpc-bossGroup--thread1] INFO  logging.LoggingHandler (AbstractInternalLogger.java:log(148)) - [id: 0x46bd567a, L:/0:0:0:0:0:0:0:0:34393] CLOSE
2023-02-16 16:33:47,046 [78eb6234-2b78-46c2-a9a1-e074054ee483-NettyServerStreamRpc-bossGroup--thread1] INFO  logging.LoggingHandler (AbstractInternalLogger.java:log(148)) - [id: 0x46bd567a, L:/0:0:0:0:0:0:0:0:34393] INACTIVE
2023-02-16 16:33:47,046 [78eb6234-2b78-46c2-a9a1-e074054ee483-NettyServerStreamRpc-bossGroup--thread1] INFO  logging.LoggingHandler (AbstractInternalLogger.java:log(148)) - [id: 0x46bd567a, L:/0:0:0:0:0:0:0:0:34393] UNREGISTERED
2023-02-16 16:33:47,069 [grpc-default-executor-7] WARN  server.GrpcServerProtocolService (LogUtils.java:warn(122)) - 1ef1131b-9485-4bfe-ad5a-910805a11fc3: installSnapshot onError, lastRequest: null: org.apache.ratis.thirdparty.io.grpc.StatusRuntimeException: CANCELLED: client cancelled
2023-02-16 16:33:47,057 [grpc-default-executor-3] INFO  server.GrpcLogAppender (GrpcLogAppender.java:onError(404)) - 1ef1131b-9485-4bfe-ad5a-910805a11fc3@group-3EE57BE958A0->78eb6234-2b78-46c2-a9a1-e074054ee483-GrpcLogAppender is already stopped
2023-02-16 16:33:47,088 [grpc-default-executor-5] INFO  server.GrpcServerProtocolService (GrpcServerProtocolService.java:onCompleted(143)) - cb9b88df-491a-41e2-b87b-1e05ddc4218e: Completed APPEND_ENTRIES, lastRequest: 1ef1131b-9485-4bfe-ad5a-910805a11fc3->cb9b88df-491a-41e2-b87b-1e05ddc4218e#55-t1,previous=(t:1, i:21),leaderCommit=20,initializing? true,entries: size=1, first=(t:1, i:22), METADATAENTRY(c:20)
2023-02-16 16:33:47,091 [grpc-default-executor-6] WARN  server.GrpcClientProtocolService (LogUtils.java:warn(122)) - 1-UnorderedRequestStreamObserver1: onError: org.apache.ratis.thirdparty.io.grpc.StatusRuntimeException: CANCELLED: client cancelled
2023-02-16 16:33:47,094 [grpc-default-executor-5] INFO  server.GrpcServerProtocolService (GrpcServerProtocolService.java:onCompleted(143)) - cb9b88df-491a-41e2-b87b-1e05ddc4218e: Completed APPEND_ENTRIES, lastRequest: null
2023-02-16 16:33:47,094 [grpc-default-executor-5] INFO  server.GrpcLogAppender (GrpcLogAppender.java:onError(404)) - 1ef1131b-9485-4bfe-ad5a-910805a11fc3@group-3EE57BE958A0->78eb6234-2b78-46c2-a9a1-e074054ee483-GrpcLogAppender is already stopped
2023-02-16 16:33:47,095 [1ef1131b-9485-4bfe-ad5a-910805a11fc3-impl-thread1] INFO  impl.StateMachineUpdater (StateMachineUpdater.java:stopAndJoin(153)) - 1ef1131b-9485-4bfe-ad5a-910805a11fc3@group-3EE57BE958A0-StateMachineUpdater: set stopIndex = 22
2023-02-16 16:33:47,095 [grpc-default-executor-8] WARN  server.GrpcLogAppender (LogUtils.java:warn(122)) - cb9b88df-491a-41e2-b87b-1e05ddc4218e@group-8BAC40614D06->78eb6234-2b78-46c2-a9a1-e074054ee483-AppendLogResponseHandler: Failed appendEntries: org.apache.ratis.thirdparty.io.grpc.StatusRuntimeException: CANCELLED: RST_STREAM closed stream. HTTP/2 error code: CANCEL
2023-02-16 16:33:47,097 [grpc-default-executor-8] INFO  leader.FollowerInfo (FollowerInfoImpl.java:lambda$new$0(48)) - cb9b88df-491a-41e2-b87b-1e05ddc4218e@group-8BAC40614D06->78eb6234-2b78-46c2-a9a1-e074054ee483: nextIndex: updateUnconditionally 8 -> 7
2023-02-16 16:33:47,101 [1ef1131b-9485-4bfe-ad5a-910805a11fc3@group-77F5BCE9CB83-StateMachineUpdater] INFO  ratis.ContainerStateMachine (ContainerStateMachine.java:takeSnapshot(319)) - group-77F5BCE9CB83: Finished taking a snapshot at:(t:1, i:0) file:/home/runner/work/ozone/ozone/hadoop-ozone/integration-test/target/test-dir/MiniOzoneClusterImpl-3fa4a1d0-7183-4a36-b4d2-f70efcb14827/datanode-1/data/ratis/9dd1d98b-6e76-44fb-afd2-77f5bce9cb83/sm/snapshot.1_0 took: 74 ms
2023-02-16 16:33:47,102 [1ef1131b-9485-4bfe-ad5a-910805a11fc3@group-77F5BCE9CB83-StateMachineUpdater] INFO  impl.StateMachineUpdater (StateMachineUpdater.java:takeSnapshot(287)) - 1ef1131b-9485-4bfe-ad5a-910805a11fc3@group-77F5BCE9CB83-StateMachineUpdater: Took a snapshot at index 0
2023-02-16 16:33:47,102 [1ef1131b-9485-4bfe-ad5a-910805a11fc3@group-77F5BCE9CB83-StateMachineUpdater] INFO  impl.StateMachineUpdater (StateMachineUpdater.java:lambda$new$0(92)) - 1ef1131b-9485-4bfe-ad5a-910805a11fc3@group-77F5BCE9CB83-StateMachineUpdater: snapshotIndex: updateIncreasingly -1 -> 0
2023-02-16 16:33:47,103 [78eb6234-2b78-46c2-a9a1-e074054ee483@group-FC840B94C539-StateMachineUpdater] INFO  ratis.ContainerStateMachine (ContainerStateMachine.java:takeSnapshot(319)) - group-FC840B94C539: Finished taking a snapshot at:(t:1, i:0) file:/home/runner/work/ozone/ozone/hadoop-ozone/integration-test/target/test-dir/MiniOzoneClusterImpl-3fa4a1d0-7183-4a36-b4d2-f70efcb14827/datanode-2/data/ratis/c1f2ccb0-3be5-4618-8a03-fc840b94c539/sm/snapshot.1_0 took: 86 ms
2023-02-16 16:33:47,104 [78eb6234-2b78-46c2-a9a1-e074054ee483@group-FC840B94C539-StateMachineUpdater] INFO  impl.StateMachineUpdater (StateMachineUpdater.java:takeSnapshot(287)) - 78eb6234-2b78-46c2-a9a1-e074054ee483@group-FC840B94C539-StateMachineUpdater: Took a snapshot at index 0
2023-02-16 16:33:47,104 [78eb6234-2b78-46c2-a9a1-e074054ee483@group-FC840B94C539-StateMachineUpdater] INFO  impl.StateMachineUpdater (StateMachineUpdater.java:lambda$new$0(92)) - 78eb6234-2b78-46c2-a9a1-e074054ee483@group-FC840B94C539-StateMachineUpdater: snapshotIndex: updateIncreasingly -1 -> 0
2023-02-16 16:33:47,104 [1ef1131b-9485-4bfe-ad5a-910805a11fc3@group-3EE57BE958A0-StateMachineUpdater] INFO  ratis.ContainerStateMachine (ContainerStateMachine.java:takeSnapshot(308)) - group-3EE57BE958A0: Taking a snapshot at:(t:1, i:22) file /home/runner/work/ozone/ozone/hadoop-ozone/integration-test/target/test-dir/MiniOzoneClusterImpl-3fa4a1d0-7183-4a36-b4d2-f70efcb14827/datanode-1/data/ratis/e41b74cb-c37d-48f1-a125-3ee57be958a0/sm/snapshot.1_22
2023-02-16 16:33:47,092 [grpc-default-executor-4] WARN  server.GrpcClientProtocolService (LogUtils.java:warn(122)) - 0-OrderedRequestStreamObserver0: onError: org.apache.ratis.thirdparty.io.grpc.StatusRuntimeException: CANCELLED: client cancelled
2023-02-16 16:33:47,109 [1ef1131b-9485-4bfe-ad5a-910805a11fc3-impl-thread2] INFO  server.RaftServer$Division (ServerState.java:close(466)) - 1ef1131b-9485-4bfe-ad5a-910805a11fc3@group-77F5BCE9CB83: closes. applyIndex: 0
2023-02-16 16:33:47,109 [78eb6234-2b78-46c2-a9a1-e074054ee483-impl-thread2] INFO  server.RaftServer$Division (ServerState.java:close(466)) - 78eb6234-2b78-46c2-a9a1-e074054ee483@group-FC840B94C539: closes. applyIndex: 0
2023-02-16 16:33:47,110 [1ef1131b-9485-4bfe-ad5a-910805a11fc3@group-77F5BCE9CB83-SegmentedRaftLogWorker] INFO  segmented.SegmentedRaftLogWorker (SegmentedRaftLogWorker.java:run(347)) - 1ef1131b-9485-4bfe-ad5a-910805a11fc3@group-77F5BCE9CB83-SegmentedRaftLogWorker was interrupted, exiting. There are 0 tasks remaining in the queue.
2023-02-16 16:33:47,110 [78eb6234-2b78-46c2-a9a1-e074054ee483@group-FC840B94C539-SegmentedRaftLogWorker] INFO  segmented.SegmentedRaftLogWorker (SegmentedRaftLogWorker.java:run(347)) - 78eb6234-2b78-46c2-a9a1-e074054ee483@group-FC840B94C539-SegmentedRaftLogWorker was interrupted, exiting. There are 0 tasks remaining in the queue.
2023-02-16 16:33:47,112 [1ef1131b-9485-4bfe-ad5a-910805a11fc3@group-3EE57BE958A0-StateMachineUpdater] INFO  ratis.ContainerStateMachine (ContainerStateMachine.java:takeSnapshot(319)) - group-3EE57BE958A0: Finished taking a snapshot at:(t:1, i:22) file:/home/runner/work/ozone/ozone/hadoop-ozone/integration-test/target/test-dir/MiniOzoneClusterImpl-3fa4a1d0-7183-4a36-b4d2-f70efcb14827/datanode-1/data/ratis/e41b74cb-c37d-48f1-a125-3ee57be958a0/sm/snapshot.1_22 took: 8 ms
2023-02-16 16:33:47,112 [1ef1131b-9485-4bfe-ad5a-910805a11fc3@group-3EE57BE958A0-StateMachineUpdater] INFO  impl.StateMachineUpdater (StateMachineUpdater.java:takeSnapshot(287)) - 1ef1131b-9485-4bfe-ad5a-910805a11fc3@group-3EE57BE958A0-StateMachineUpdater: Took a snapshot at index 22
2023-02-16 16:33:47,112 [1ef1131b-9485-4bfe-ad5a-910805a11fc3@group-3EE57BE958A0-StateMachineUpdater] INFO  impl.StateMachineUpdater (StateMachineUpdater.java:lambda$new$0(92)) - 1ef1131b-9485-4bfe-ad5a-910805a11fc3@group-3EE57BE958A0-StateMachineUpdater: snapshotIndex: updateIncreasingly -1 -> 22
2023-02-16 16:33:47,112 [78eb6234-2b78-46c2-a9a1-e074054ee483@group-3EE57BE958A0-StateMachineUpdater] INFO  ratis.ContainerStateMachine (ContainerStateMachine.java:takeSnapshot(319)) - group-3EE57BE958A0: Finished taking a snapshot at:(t:1, i:22) file:/home/runner/work/ozone/ozone/hadoop-ozone/integration-test/target/test-dir/MiniOzoneClusterImpl-3fa4a1d0-7183-4a36-b4d2-f70efcb14827/datanode-2/data/ratis/e41b74cb-c37d-48f1-a125-3ee57be958a0/sm/snapshot.1_22 took: 97 ms
2023-02-16 16:33:47,112 [78eb6234-2b78-46c2-a9a1-e074054ee483@group-3EE57BE958A0-StateMachineUpdater] INFO  impl.StateMachineUpdater (StateMachineUpdater.java:takeSnapshot(287)) - 78eb6234-2b78-46c2-a9a1-e074054ee483@group-3EE57BE958A0-StateMachineUpdater: Took a snapshot at index 22
2023-02-16 16:33:47,112 [78eb6234-2b78-46c2-a9a1-e074054ee483@group-3EE57BE958A0-StateMachineUpdater] INFO  impl.StateMachineUpdater (StateMachineUpdater.java:lambda$new$0(92)) - 78eb6234-2b78-46c2-a9a1-e074054ee483@group-3EE57BE958A0-StateMachineUpdater: snapshotIndex: updateIncreasingly -1 -> 22
2023-02-16 16:33:47,113 [78eb6234-2b78-46c2-a9a1-e074054ee483-impl-thread1] INFO  server.RaftServer$Division (ServerState.java:close(466)) - 78eb6234-2b78-46c2-a9a1-e074054ee483@group-3EE57BE958A0: closes. applyIndex: 22
2023-02-16 16:33:47,113 [78eb6234-2b78-46c2-a9a1-e074054ee483@group-3EE57BE958A0-SegmentedRaftLogWorker] INFO  segmented.SegmentedRaftLogWorker (SegmentedRaftLogWorker.java:run(347)) - 78eb6234-2b78-46c2-a9a1-e074054ee483@group-3EE57BE958A0-SegmentedRaftLogWorker was interrupted, exiting. There are 0 tasks remaining in the queue.
2023-02-16 16:33:47,114 [1ef1131b-9485-4bfe-ad5a-910805a11fc3-impl-thread1] INFO  server.RaftServer$Division (ServerState.java:close(466)) - 1ef1131b-9485-4bfe-ad5a-910805a11fc3@group-3EE57BE958A0: closes. applyIndex: 22
2023-02-16 16:33:47,114 [1ef1131b-9485-4bfe-ad5a-910805a11fc3@group-3EE57BE958A0-SegmentedRaftLogWorker] INFO  segmented.SegmentedRaftLogWorker (SegmentedRaftLogWorker.java:run(347)) - 1ef1131b-9485-4bfe-ad5a-910805a11fc3@group-3EE57BE958A0-SegmentedRaftLogWorker was interrupted, exiting. There are 0 tasks remaining in the queue.
2023-02-16 16:33:47,114 [1ef1131b-9485-4bfe-ad5a-910805a11fc3@group-8BAC40614D06-StateMachineUpdater] INFO  ratis.ContainerStateMachine (ContainerStateMachine.java:takeSnapshot(319)) - group-8BAC40614D06: Finished taking a snapshot at:(t:1, i:7) file:/home/runner/work/ozone/ozone/hadoop-ozone/integration-test/target/test-dir/MiniOzoneClusterImpl-3fa4a1d0-7183-4a36-b4d2-f70efcb14827/datanode-1/data/ratis/3893d2fd-dfd5-4c90-be2b-8bac40614d06/sm/snapshot.1_7 took: 79 ms
2023-02-16 16:33:47,114 [1ef1131b-9485-4bfe-ad5a-910805a11fc3@group-8BAC40614D06-StateMachineUpdater] INFO  impl.StateMachineUpdater (StateMachineUpdater.java:takeSnapshot(287)) - 1ef1131b-9485-4bfe-ad5a-910805a11fc3@group-8BAC40614D06-StateMachineUpdater: Took a snapshot at index 7
2023-02-16 16:33:47,114 [1ef1131b-9485-4bfe-ad5a-910805a11fc3@group-8BAC40614D06-StateMachineUpdater] INFO  impl.StateMachineUpdater (StateMachineUpdater.java:lambda$new$0(92)) - 1ef1131b-9485-4bfe-ad5a-910805a11fc3@group-8BAC40614D06-StateMachineUpdater: snapshotIndex: updateIncreasingly -1 -> 7
2023-02-16 16:33:47,114 [1ef1131b-9485-4bfe-ad5a-910805a11fc3-impl-thread3] INFO  server.RaftServer$Division (ServerState.java:close(466)) - 1ef1131b-9485-4bfe-ad5a-910805a11fc3@group-8BAC40614D06: closes. applyIndex: 7
2023-02-16 16:33:47,114 [1ef1131b-9485-4bfe-ad5a-910805a11fc3@group-8BAC40614D06-SegmentedRaftLogWorker] INFO  segmented.SegmentedRaftLogWorker (SegmentedRaftLogWorker.java:run(347)) - 1ef1131b-9485-4bfe-ad5a-910805a11fc3@group-8BAC40614D06-SegmentedRaftLogWorker was interrupted, exiting. There are 0 tasks remaining in the queue.
2023-02-16 16:33:47,115 [78eb6234-2b78-46c2-a9a1-e074054ee483@group-8BAC40614D06-StateMachineUpdater] INFO  ratis.ContainerStateMachine (ContainerStateMachine.java:takeSnapshot(319)) - group-8BAC40614D06: Finished taking a snapshot at:(t:1, i:7) file:/home/runner/work/ozone/ozone/hadoop-ozone/integration-test/target/test-dir/MiniOzoneClusterImpl-3fa4a1d0-7183-4a36-b4d2-f70efcb14827/datanode-2/data/ratis/3893d2fd-dfd5-4c90-be2b-8bac40614d06/sm/snapshot.1_7 took: 79 ms
2023-02-16 16:33:47,115 [78eb6234-2b78-46c2-a9a1-e074054ee483@group-8BAC40614D06-StateMachineUpdater] INFO  impl.StateMachineUpdater (StateMachineUpdater.java:takeSnapshot(287)) - 78eb6234-2b78-46c2-a9a1-e074054ee483@group-8BAC40614D06-StateMachineUpdater: Took a snapshot at index 7
2023-02-16 16:33:47,115 [78eb6234-2b78-46c2-a9a1-e074054ee483@group-8BAC40614D06-StateMachineUpdater] INFO  impl.StateMachineUpdater (StateMachineUpdater.java:lambda$new$0(92)) - 78eb6234-2b78-46c2-a9a1-e074054ee483@group-8BAC40614D06-StateMachineUpdater: snapshotIndex: updateIncreasingly -1 -> 7
2023-02-16 16:33:47,115 [78eb6234-2b78-46c2-a9a1-e074054ee483-impl-thread3] INFO  server.RaftServer$Division (ServerState.java:close(466)) - 78eb6234-2b78-46c2-a9a1-e074054ee483@group-8BAC40614D06: closes. applyIndex: 7
2023-02-16 16:33:47,115 [78eb6234-2b78-46c2-a9a1-e074054ee483@group-8BAC40614D06-SegmentedRaftLogWorker] INFO  segmented.SegmentedRaftLogWorker (SegmentedRaftLogWorker.java:run(347)) - 78eb6234-2b78-46c2-a9a1-e074054ee483@group-8BAC40614D06-SegmentedRaftLogWorker was interrupted, exiting. There are 0 tasks remaining in the queue.
2023-02-16 16:33:47,119 [ForkJoinPool.commonPool-worker-0] INFO  server.GrpcServerProtocolClient (GrpcServerProtocolClient.java:close(101)) - cb9b88df-491a-41e2-b87b-1e05ddc4218e Close channels
2023-02-16 16:33:47,119 [78eb6234-2b78-46c2-a9a1-e074054ee483-impl-thread2] INFO  segmented.SegmentedRaftLogWorker (SegmentedRaftLogWorker.java:close(257)) - 78eb6234-2b78-46c2-a9a1-e074054ee483@group-FC840B94C539-SegmentedRaftLogWorker close()
2023-02-16 16:33:47,120 [1ef1131b-9485-4bfe-ad5a-910805a11fc3-impl-thread2] INFO  segmented.SegmentedRaftLogWorker (SegmentedRaftLogWorker.java:close(257)) - 1ef1131b-9485-4bfe-ad5a-910805a11fc3@group-77F5BCE9CB83-SegmentedRaftLogWorker close()
2023-02-16 16:33:47,120 [78eb6234-2b78-46c2-a9a1-e074054ee483-impl-thread1] INFO  segmented.SegmentedRaftLogWorker (SegmentedRaftLogWorker.java:close(257)) - 78eb6234-2b78-46c2-a9a1-e074054ee483@group-3EE57BE958A0-SegmentedRaftLogWorker close()
2023-02-16 16:33:47,120 [1ef1131b-9485-4bfe-ad5a-910805a11fc3-impl-thread1] INFO  segmented.SegmentedRaftLogWorker (SegmentedRaftLogWorker.java:close(257)) - 1ef1131b-9485-4bfe-ad5a-910805a11fc3@group-3EE57BE958A0-SegmentedRaftLogWorker close()
2023-02-16 16:33:47,120 [1ef1131b-9485-4bfe-ad5a-910805a11fc3-impl-thread3] INFO  segmented.SegmentedRaftLogWorker (SegmentedRaftLogWorker.java:close(257)) - 1ef1131b-9485-4bfe-ad5a-910805a11fc3@group-8BAC40614D06-SegmentedRaftLogWorker close()
2023-02-16 16:33:47,120 [grpc-default-executor-4] WARN  server.GrpcLogAppender (LogUtils.java:warn(122)) - cb9b88df-491a-41e2-b87b-1e05ddc4218e@group-8BAC40614D06->78eb6234-2b78-46c2-a9a1-e074054ee483-AppendLogResponseHandler: Failed appendEntries: org.apache.ratis.thirdparty.io.grpc.StatusRuntimeException: CANCELLED: RST_STREAM closed stream. HTTP/2 error code: CANCEL
2023-02-16 16:33:47,120 [78eb6234-2b78-46c2-a9a1-e074054ee483-impl-thread3] INFO  segmented.SegmentedRaftLogWorker (SegmentedRaftLogWorker.java:close(257)) - 78eb6234-2b78-46c2-a9a1-e074054ee483@group-8BAC40614D06-SegmentedRaftLogWorker close()
2023-02-16 16:33:47,120 [grpc-default-executor-1] WARN  server.GrpcLogAppender (LogUtils.java:warn(122)) - cb9b88df-491a-41e2-b87b-1e05ddc4218e@group-8BAC40614D06->78eb6234-2b78-46c2-a9a1-e074054ee483-AppendLogResponseHandler: Failed appendEntries: org.apache.ratis.thirdparty.io.grpc.StatusRuntimeException: UNAVAILABLE: io exception
2023-02-16 16:33:47,124 [grpc-default-executor-0] WARN  server.GrpcLogAppender (LogUtils.java:warn(122)) - cb9b88df-491a-41e2-b87b-1e05ddc4218e@group-8BAC40614D06->1ef1131b-9485-4bfe-ad5a-910805a11fc3-AppendLogResponseHandler: Failed appendEntries: org.apache.ratis.thirdparty.io.grpc.StatusRuntimeException: CANCELLED: RST_STREAM closed stream. HTTP/2 error code: CANCEL
2023-02-16 16:33:47,124 [grpc-default-executor-0] INFO  leader.FollowerInfo (FollowerInfoImpl.java:lambda$new$0(48)) - cb9b88df-491a-41e2-b87b-1e05ddc4218e@group-8BAC40614D06->1ef1131b-9485-4bfe-ad5a-910805a11fc3: nextIndex: updateUnconditionally 8 -> 7
2023-02-16 16:33:47,121 [grpc-default-executor-4] INFO  leader.FollowerInfo (FollowerInfoImpl.java:lambda$new$0(48)) - cb9b88df-491a-41e2-b87b-1e05ddc4218e@group-8BAC40614D06->78eb6234-2b78-46c2-a9a1-e074054ee483: nextIndex: updateUnconditionally 8 -> 7
2023-02-16 16:33:47,125 [grpc-default-executor-1] INFO  leader.FollowerInfo (FollowerInfoImpl.java:lambda$new$0(48)) - cb9b88df-491a-41e2-b87b-1e05ddc4218e@group-8BAC40614D06->78eb6234-2b78-46c2-a9a1-e074054ee483: nextIndex: updateUnconditionally 7 -> 6
2023-02-16 16:33:47,127 [grpc-default-executor-1] INFO  server.GrpcLogAppender (GrpcLogAppender.java:onCompleted(415)) - 1ef1131b-9485-4bfe-ad5a-910805a11fc3@group-3EE57BE958A0->cb9b88df-491a-41e2-b87b-1e05ddc4218e-AppendLogResponseHandler: follower responses appendEntries COMPLETED
2023-02-16 16:33:47,127 [grpc-default-executor-1] WARN  server.GrpcLogAppender (GrpcLogAppender.java:resetClient(137)) - 1ef1131b-9485-4bfe-ad5a-910805a11fc3@group-3EE57BE958A0->cb9b88df-491a-41e2-b87b-1e05ddc4218e-GrpcLogAppender: Failed to getClient for cb9b88df-491a-41e2-b87b-1e05ddc4218e
org.apache.ratis.protocol.exceptions.AlreadyClosedException: 1ef1131b-9485-4bfe-ad5a-910805a11fc3 is already CLOSED
	at org.apache.ratis.util.PeerProxyMap$PeerAndProxy.getProxy(PeerProxyMap.java:61)
	at org.apache.ratis.util.PeerProxyMap.getProxy(PeerProxyMap.java:115)
	at org.apache.ratis.grpc.server.GrpcLogAppender.getClient(GrpcLogAppender.java:116)
	at org.apache.ratis.grpc.server.GrpcLogAppender.resetClient(GrpcLogAppender.java:121)
	at org.apache.ratis.grpc.server.GrpcLogAppender.access$500(GrpcLogAppender.java:58)
	at org.apache.ratis.grpc.server.GrpcLogAppender$AppendLogResponseHandler.onCompleted(GrpcLogAppender.java:416)
	at org.apache.ratis.thirdparty.io.grpc.stub.ClientCalls$StreamObserverToCallListenerAdapter.onClose(ClientCalls.java:485)
	at org.apache.ratis.thirdparty.io.grpc.internal.ClientCallImpl.closeObserver(ClientCallImpl.java:562)
	at org.apache.ratis.thirdparty.io.grpc.internal.ClientCallImpl.access$300(ClientCallImpl.java:70)
	at org.apache.ratis.thirdparty.io.grpc.internal.ClientCallImpl$ClientStreamListenerImpl$1StreamClosed.runInternal(ClientCallImpl.java:743)
	at org.apache.ratis.thirdparty.io.grpc.internal.ClientCallImpl$ClientStreamListenerImpl$1StreamClosed.runInContext(ClientCallImpl.java:722)
	at org.apache.ratis.thirdparty.io.grpc.internal.ContextRunnable.run(ContextRunnable.java:37)
	at org.apache.ratis.thirdparty.io.grpc.internal.SerializingExecutor.run(SerializingExecutor.java:133)
	at java.util.concurrent.ThreadPoolExecutor.runWorker(ThreadPoolExecutor.java:1149)
	at java.util.concurrent.ThreadPoolExecutor$Worker.run(ThreadPoolExecutor.java:624)
	at java.lang.Thread.run(Thread.java:750)
2023-02-16 16:33:47,127 [grpc-default-executor-4] WARN  server.GrpcLogAppender (LogUtils.java:warn(122)) - cb9b88df-491a-41e2-b87b-1e05ddc4218e@group-8BAC40614D06->1ef1131b-9485-4bfe-ad5a-910805a11fc3-AppendLogResponseHandler: Failed appendEntries: org.apache.ratis.thirdparty.io.grpc.StatusRuntimeException: CANCELLED: RST_STREAM closed stream. HTTP/2 error code: CANCEL
2023-02-16 16:33:47,128 [grpc-default-executor-4] INFO  leader.FollowerInfo (FollowerInfoImpl.java:lambda$new$0(48)) - cb9b88df-491a-41e2-b87b-1e05ddc4218e@group-8BAC40614D06->1ef1131b-9485-4bfe-ad5a-910805a11fc3: nextIndex: updateUnconditionally 7 -> 6
2023-02-16 16:33:47,128 [grpc-default-executor-6] INFO  server.GrpcLogAppender (GrpcLogAppender.java:onCompleted(415)) - 1ef1131b-9485-4bfe-ad5a-910805a11fc3@group-3EE57BE958A0->cb9b88df-491a-41e2-b87b-1e05ddc4218e-AppendLogResponseHandler: follower responses appendEntries COMPLETED
2023-02-16 16:33:47,128 [grpc-default-executor-6] WARN  server.GrpcLogAppender (GrpcLogAppender.java:resetClient(137)) - 1ef1131b-9485-4bfe-ad5a-910805a11fc3@group-3EE57BE958A0->cb9b88df-491a-41e2-b87b-1e05ddc4218e-GrpcLogAppender: Failed to getClient for cb9b88df-491a-41e2-b87b-1e05ddc4218e
org.apache.ratis.protocol.exceptions.AlreadyClosedException: 1ef1131b-9485-4bfe-ad5a-910805a11fc3 is already CLOSED
	at org.apache.ratis.util.PeerProxyMap$PeerAndProxy.getProxy(PeerProxyMap.java:61)
	at org.apache.ratis.util.PeerProxyMap.getProxy(PeerProxyMap.java:115)
	at org.apache.ratis.grpc.server.GrpcLogAppender.getClient(GrpcLogAppender.java:116)
	at org.apache.ratis.grpc.server.GrpcLogAppender.resetClient(GrpcLogAppender.java:121)
	at org.apache.ratis.grpc.server.GrpcLogAppender.access$500(GrpcLogAppender.java:58)
	at org.apache.ratis.grpc.server.GrpcLogAppender$AppendLogResponseHandler.onCompleted(GrpcLogAppender.java:416)
	at org.apache.ratis.thirdparty.io.grpc.stub.ClientCalls$StreamObserverToCallListenerAdapter.onClose(ClientCalls.java:485)
	at org.apache.ratis.thirdparty.io.grpc.internal.ClientCallImpl.closeObserver(ClientCallImpl.java:562)
	at org.apache.ratis.thirdparty.io.grpc.internal.ClientCallImpl.access$300(ClientCallImpl.java:70)
	at org.apache.ratis.thirdparty.io.grpc.internal.ClientCallImpl$ClientStreamListenerImpl$1StreamClosed.runInternal(ClientCallImpl.java:743)
	at org.apache.ratis.thirdparty.io.grpc.internal.ClientCallImpl$ClientStreamListenerImpl$1StreamClosed.runInContext(ClientCallImpl.java:722)
	at org.apache.ratis.thirdparty.io.grpc.internal.ContextRunnable.run(ContextRunnable.java:37)
	at org.apache.ratis.thirdparty.io.grpc.internal.SerializingExecutor.run(SerializingExecutor.java:133)
	at java.util.concurrent.ThreadPoolExecutor.runWorker(ThreadPoolExecutor.java:1149)
	at java.util.concurrent.ThreadPoolExecutor$Worker.run(ThreadPoolExecutor.java:624)
	at java.lang.Thread.run(Thread.java:750)
2023-02-16 16:33:47,131 [JvmPauseMonitor3] INFO  util.JvmPauseMonitor (JvmPauseMonitor.java:run(111)) - JvmPauseMonitor-78eb6234-2b78-46c2-a9a1-e074054ee483: Stopped
2023-02-16 16:33:47,135 [grpc-default-executor-6] WARN  server.GrpcLogAppender (LogUtils.java:warn(122)) - cb9b88df-491a-41e2-b87b-1e05ddc4218e@group-8BAC40614D06->78eb6234-2b78-46c2-a9a1-e074054ee483-AppendLogResponseHandler: Failed appendEntries: org.apache.ratis.thirdparty.io.grpc.StatusRuntimeException: UNAVAILABLE: io exception
2023-02-16 16:33:47,136 [grpc-default-executor-6] INFO  leader.FollowerInfo (FollowerInfoImpl.java:lambda$new$0(48)) - cb9b88df-491a-41e2-b87b-1e05ddc4218e@group-8BAC40614D06->78eb6234-2b78-46c2-a9a1-e074054ee483: nextIndex: updateUnconditionally 6 -> 5
2023-02-16 16:33:47,140 [ForkJoinPool.commonPool-worker-0] INFO  server.GrpcService (GrpcService.java:closeImpl(280)) - 1ef1131b-9485-4bfe-ad5a-910805a11fc3: shutdown server GrpcServerProtocolService successfully
2023-02-16 16:33:47,140 [1ef1131b-9485-4bfe-ad5a-910805a11fc3-NettyServerStreamRpc-bossGroup--thread1] INFO  logging.LoggingHandler (AbstractInternalLogger.java:log(148)) - [id: 0x62c5776b, L:/0:0:0:0:0:0:0:0:44653] CLOSE
2023-02-16 16:33:47,140 [1ef1131b-9485-4bfe-ad5a-910805a11fc3-NettyServerStreamRpc-bossGroup--thread1] INFO  logging.LoggingHandler (AbstractInternalLogger.java:log(148)) - [id: 0x62c5776b, L:/0:0:0:0:0:0:0:0:44653] INACTIVE
2023-02-16 16:33:47,140 [1ef1131b-9485-4bfe-ad5a-910805a11fc3-NettyServerStreamRpc-bossGroup--thread1] INFO  logging.LoggingHandler (AbstractInternalLogger.java:log(148)) - [id: 0x62c5776b, L:/0:0:0:0:0:0:0:0:44653] UNREGISTERED
2023-02-16 16:33:47,152 [grpc-default-executor-1] WARN  server.GrpcLogAppender (LogUtils.java:warn(122)) - cb9b88df-491a-41e2-b87b-1e05ddc4218e@group-8BAC40614D06->1ef1131b-9485-4bfe-ad5a-910805a11fc3-AppendLogResponseHandler: Failed appendEntries: org.apache.ratis.thirdparty.io.grpc.StatusRuntimeException: UNAVAILABLE: io exception
2023-02-16 16:33:47,153 [grpc-default-executor-1] INFO  leader.FollowerInfo (FollowerInfoImpl.java:lambda$new$0(48)) - cb9b88df-491a-41e2-b87b-1e05ddc4218e@group-8BAC40614D06->1ef1131b-9485-4bfe-ad5a-910805a11fc3: nextIndex: updateUnconditionally 7 -> 6
2023-02-16 16:33:47,152 [grpc-default-executor-4] WARN  server.GrpcLogAppender (LogUtils.java:warn(122)) - cb9b88df-491a-41e2-b87b-1e05ddc4218e@group-8BAC40614D06->1ef1131b-9485-4bfe-ad5a-910805a11fc3-AppendLogResponseHandler: Failed appendEntries: org.apache.ratis.thirdparty.io.grpc.StatusRuntimeException: UNAVAILABLE: io exception
2023-02-16 16:33:47,153 [grpc-default-executor-4] INFO  leader.FollowerInfo (FollowerInfoImpl.java:lambda$new$0(48)) - cb9b88df-491a-41e2-b87b-1e05ddc4218e@group-8BAC40614D06->1ef1131b-9485-4bfe-ad5a-910805a11fc3: nextIndex: updateUnconditionally 6 -> 5
2023-02-16 16:33:47,176 [JvmPauseMonitor2] INFO  util.JvmPauseMonitor (JvmPauseMonitor.java:run(111)) - JvmPauseMonitor-1ef1131b-9485-4bfe-ad5a-910805a11fc3: Stopped
2023-02-16 16:33:49,154 [Listener at 127.0.0.1/37073] INFO  volume.HddsVolume (HddsVolume.java:closeDbStore(362)) - SchemaV3 db is stopped at /home/runner/work/ozone/ozone/hadoop-ozone/integration-test/target/test-dir/MiniOzoneClusterImpl-3fa4a1d0-7183-4a36-b4d2-f70efcb14827/datanode-2/data-0/containers/hdds/3fa4a1d0-7183-4a36-b4d2-f70efcb14827/DS-2acca3fd-049a-4e5d-bc57-06e80a14abe6/container.db for volume DS-2acca3fd-049a-4e5d-bc57-06e80a14abe6
2023-02-16 16:33:49,154 [Listener at 127.0.0.1/37073] INFO  utils.BackgroundService (BackgroundService.java:shutdown(141)) - Shutting down service BlockDeletingService
2023-02-16 16:33:49,155 [Listener at 127.0.0.1/37073] INFO  utils.BackgroundService (BackgroundService.java:shutdown(141)) - Shutting down service StaleRecoveringContainerScrubbingService
2023-02-16 16:33:49,157 [Listener at 127.0.0.1/37073] INFO  statemachine.DatanodeStateMachine (DatanodeStateMachine.java:stopDaemon(600)) - Ozone container server stopped.
2023-02-16 16:33:49,165 [Listener at 127.0.0.1/37073] INFO  handler.ContextHandler (ContextHandler.java:doStop(1159)) - Stopped o.e.j.w.WebAppContext@a00b4a6{hddsDatanode,/,null,STOPPED}{jar:file:/home/runner/.m2/repository/org/apache/ozone/hdds-container-service/1.4.0-SNAPSHOT/hdds-container-service-1.4.0-SNAPSHOT.jar!/webapps/hddsDatanode}
2023-02-16 16:33:49,169 [Listener at 127.0.0.1/37073] INFO  server.AbstractConnector (AbstractConnector.java:doStop(383)) - Stopped ServerConnector@6013eeb0{HTTP/1.1, (http/1.1)}{0.0.0.0:0}
2023-02-16 16:33:49,169 [Listener at 127.0.0.1/37073] INFO  server.session (HouseKeeper.java:stopScavenging(149)) - node0 Stopped scavenging
2023-02-16 16:33:49,169 [Listener at 127.0.0.1/37073] INFO  handler.ContextHandler (ContextHandler.java:doStop(1159)) - Stopped o.e.j.s.ServletContextHandler@5e8f17a5{static,/static,jar:file:/home/runner/.m2/repository/org/apache/ozone/hdds-container-service/1.4.0-SNAPSHOT/hdds-container-service-1.4.0-SNAPSHOT.jar!/webapps/static,STOPPED}
2023-02-16 16:33:49,169 [Listener at 127.0.0.1/37073] INFO  handler.ContextHandler (ContextHandler.java:doStop(1159)) - Stopped o.e.j.s.ServletContextHandler@13b8344b{logs,/logs,file:///home/runner/work/ozone/ozone/hadoop-ozone/integration-test/target/log,STOPPED}
2023-02-16 16:33:49,173 [Listener at 127.0.0.1/37073] INFO  ozoneimpl.OzoneContainer (OzoneContainer.java:stop(420)) - Attempting to stop container services.
2023-02-16 16:33:49,174 [Listener at 127.0.0.1/37073] INFO  server.RaftServer (RaftServerProxy.java:lambda$close$6(409)) - 875a4540-f234-4f63-9940-381f2b020420: close
2023-02-16 16:33:49,175 [875a4540-f234-4f63-9940-381f2b020420-impl-thread1] INFO  server.RaftServer$Division (RaftServerImpl.java:lambda$close$4(458)) - 875a4540-f234-4f63-9940-381f2b020420@group-2748C1BD4ADE: shutdown
2023-02-16 16:33:49,175 [875a4540-f234-4f63-9940-381f2b020420-impl-thread1] INFO  util.JmxRegister (JmxRegister.java:unregister(73)) - Successfully un-registered JMX Bean with object name Ratis:service=RaftServer,group=group-2748C1BD4ADE,id=875a4540-f234-4f63-9940-381f2b020420
2023-02-16 16:33:49,175 [875a4540-f234-4f63-9940-381f2b020420-impl-thread1] INFO  impl.RoleInfo (RoleInfo.java:shutdownLeaderState(93)) - 875a4540-f234-4f63-9940-381f2b020420: shutdown 875a4540-f234-4f63-9940-381f2b020420@group-2748C1BD4ADE-LeaderStateImpl
2023-02-16 16:33:49,175 [875a4540-f234-4f63-9940-381f2b020420-impl-thread1] INFO  impl.PendingRequests (PendingRequests.java:sendNotLeaderResponses(282)) - 875a4540-f234-4f63-9940-381f2b020420@group-2748C1BD4ADE-PendingRequests: sendNotLeaderResponses
2023-02-16 16:33:49,175 [875a4540-f234-4f63-9940-381f2b020420-impl-thread1] INFO  impl.StateMachineUpdater (StateMachineUpdater.java:stopAndJoin(153)) - 875a4540-f234-4f63-9940-381f2b020420@group-2748C1BD4ADE-StateMachineUpdater: set stopIndex = 0
2023-02-16 16:33:49,175 [Listener at 127.0.0.1/37073] INFO  server.GrpcService (GrpcService.java:closeImpl(271)) - 875a4540-f234-4f63-9940-381f2b020420: shutdown server GrpcServerProtocolService now
2023-02-16 16:33:49,176 [875a4540-f234-4f63-9940-381f2b020420@group-2748C1BD4ADE-StateMachineUpdater] INFO  ratis.ContainerStateMachine (ContainerStateMachine.java:takeSnapshot(308)) - group-2748C1BD4ADE: Taking a snapshot at:(t:1, i:0) file /home/runner/work/ozone/ozone/hadoop-ozone/integration-test/target/test-dir/MiniOzoneClusterImpl-3fa4a1d0-7183-4a36-b4d2-f70efcb14827/datanode-4/data/ratis/b637d091-dc67-4338-adbb-2748c1bd4ade/sm/snapshot.1_0
2023-02-16 16:33:49,177 [Listener at 127.0.0.1/37073] INFO  server.GrpcService (GrpcService.java:closeImpl(280)) - 875a4540-f234-4f63-9940-381f2b020420: shutdown server GrpcServerProtocolService successfully
2023-02-16 16:33:49,177 [875a4540-f234-4f63-9940-381f2b020420@group-2748C1BD4ADE-StateMachineUpdater] INFO  ratis.ContainerStateMachine (ContainerStateMachine.java:takeSnapshot(319)) - group-2748C1BD4ADE: Finished taking a snapshot at:(t:1, i:0) file:/home/runner/work/ozone/ozone/hadoop-ozone/integration-test/target/test-dir/MiniOzoneClusterImpl-3fa4a1d0-7183-4a36-b4d2-f70efcb14827/datanode-4/data/ratis/b637d091-dc67-4338-adbb-2748c1bd4ade/sm/snapshot.1_0 took: 2 ms
2023-02-16 16:33:49,177 [875a4540-f234-4f63-9940-381f2b020420-NettyServerStreamRpc-bossGroup--thread1] INFO  logging.LoggingHandler (AbstractInternalLogger.java:log(148)) - [id: 0xe63c1d7a, L:/0:0:0:0:0:0:0:0:43067] CLOSE
2023-02-16 16:33:49,178 [875a4540-f234-4f63-9940-381f2b020420-NettyServerStreamRpc-bossGroup--thread1] INFO  logging.LoggingHandler (AbstractInternalLogger.java:log(148)) - [id: 0xe63c1d7a, L:/0:0:0:0:0:0:0:0:43067] INACTIVE
2023-02-16 16:33:49,178 [875a4540-f234-4f63-9940-381f2b020420-NettyServerStreamRpc-bossGroup--thread1] INFO  logging.LoggingHandler (AbstractInternalLogger.java:log(148)) - [id: 0xe63c1d7a, L:/0:0:0:0:0:0:0:0:43067] UNREGISTERED
2023-02-16 16:33:49,178 [875a4540-f234-4f63-9940-381f2b020420@group-2748C1BD4ADE-StateMachineUpdater] INFO  impl.StateMachineUpdater (StateMachineUpdater.java:takeSnapshot(287)) - 875a4540-f234-4f63-9940-381f2b020420@group-2748C1BD4ADE-StateMachineUpdater: Took a snapshot at index 0
2023-02-16 16:33:49,178 [875a4540-f234-4f63-9940-381f2b020420@group-2748C1BD4ADE-StateMachineUpdater] INFO  impl.StateMachineUpdater (StateMachineUpdater.java:lambda$new$0(92)) - 875a4540-f234-4f63-9940-381f2b020420@group-2748C1BD4ADE-StateMachineUpdater: snapshotIndex: updateIncreasingly -1 -> 0
2023-02-16 16:33:49,178 [875a4540-f234-4f63-9940-381f2b020420-impl-thread1] INFO  server.RaftServer$Division (ServerState.java:close(466)) - 875a4540-f234-4f63-9940-381f2b020420@group-2748C1BD4ADE: closes. applyIndex: 0
2023-02-16 16:33:49,184 [875a4540-f234-4f63-9940-381f2b020420@group-2748C1BD4ADE-SegmentedRaftLogWorker] INFO  segmented.SegmentedRaftLogWorker (SegmentedRaftLogWorker.java:run(347)) - 875a4540-f234-4f63-9940-381f2b020420@group-2748C1BD4ADE-SegmentedRaftLogWorker was interrupted, exiting. There are 0 tasks remaining in the queue.
2023-02-16 16:33:49,189 [875a4540-f234-4f63-9940-381f2b020420-impl-thread1] INFO  segmented.SegmentedRaftLogWorker (SegmentedRaftLogWorker.java:close(257)) - 875a4540-f234-4f63-9940-381f2b020420@group-2748C1BD4ADE-SegmentedRaftLogWorker close()
2023-02-16 16:33:49,192 [JvmPauseMonitor5] INFO  util.JvmPauseMonitor (JvmPauseMonitor.java:run(111)) - JvmPauseMonitor-875a4540-f234-4f63-9940-381f2b020420: Stopped
2023-02-16 16:33:49,195 [ForkJoinPool.commonPool-worker-0] INFO  volume.HddsVolume (HddsVolume.java:closeDbStore(362)) - SchemaV3 db is stopped at /home/runner/work/ozone/ozone/hadoop-ozone/integration-test/target/test-dir/MiniOzoneClusterImpl-3fa4a1d0-7183-4a36-b4d2-f70efcb14827/datanode-1/data-0/containers/hdds/3fa4a1d0-7183-4a36-b4d2-f70efcb14827/DS-a4244586-6c3c-44c6-bc4f-d29ee6f209d1/container.db for volume DS-a4244586-6c3c-44c6-bc4f-d29ee6f209d1
2023-02-16 16:33:49,196 [ForkJoinPool.commonPool-worker-0] INFO  utils.BackgroundService (BackgroundService.java:shutdown(141)) - Shutting down service BlockDeletingService
2023-02-16 16:33:49,196 [ForkJoinPool.commonPool-worker-0] INFO  utils.BackgroundService (BackgroundService.java:shutdown(141)) - Shutting down service StaleRecoveringContainerScrubbingService
2023-02-16 16:33:49,202 [ForkJoinPool.commonPool-worker-0] INFO  statemachine.DatanodeStateMachine (DatanodeStateMachine.java:stopDaemon(600)) - Ozone container server stopped.
2023-02-16 16:33:49,214 [ForkJoinPool.commonPool-worker-0] INFO  handler.ContextHandler (ContextHandler.java:doStop(1159)) - Stopped o.e.j.w.WebAppContext@8e7f66b{hddsDatanode,/,null,STOPPED}{jar:file:/home/runner/.m2/repository/org/apache/ozone/hdds-container-service/1.4.0-SNAPSHOT/hdds-container-service-1.4.0-SNAPSHOT.jar!/webapps/hddsDatanode}
2023-02-16 16:33:49,214 [ForkJoinPool.commonPool-worker-0] INFO  server.AbstractConnector (AbstractConnector.java:doStop(383)) - Stopped ServerConnector@1c6d4f34{HTTP/1.1, (http/1.1)}{0.0.0.0:0}
2023-02-16 16:33:49,214 [ForkJoinPool.commonPool-worker-0] INFO  server.session (HouseKeeper.java:stopScavenging(149)) - node0 Stopped scavenging
2023-02-16 16:33:49,215 [ForkJoinPool.commonPool-worker-0] INFO  handler.ContextHandler (ContextHandler.java:doStop(1159)) - Stopped o.e.j.s.ServletContextHandler@251ddb57{static,/static,jar:file:/home/runner/.m2/repository/org/apache/ozone/hdds-container-service/1.4.0-SNAPSHOT/hdds-container-service-1.4.0-SNAPSHOT.jar!/webapps/static,STOPPED}
2023-02-16 16:33:49,216 [ForkJoinPool.commonPool-worker-0] INFO  handler.ContextHandler (ContextHandler.java:doStop(1159)) - Stopped o.e.j.s.ServletContextHandler@7d4e082e{logs,/logs,file:///home/runner/work/ozone/ozone/hadoop-ozone/integration-test/target/log,STOPPED}
2023-02-16 16:33:49,221 [ForkJoinPool.commonPool-worker-0] INFO  ozoneimpl.OzoneContainer (OzoneContainer.java:stop(420)) - Attempting to stop container services.
2023-02-16 16:33:49,221 [ForkJoinPool.commonPool-worker-0] INFO  server.RaftServer (RaftServerProxy.java:lambda$close$6(409)) - cb9b88df-491a-41e2-b87b-1e05ddc4218e: close
2023-02-16 16:33:49,222 [cb9b88df-491a-41e2-b87b-1e05ddc4218e-impl-thread1] INFO  server.RaftServer$Division (RaftServerImpl.java:lambda$close$4(458)) - cb9b88df-491a-41e2-b87b-1e05ddc4218e@group-3EE57BE958A0: shutdown
2023-02-16 16:33:49,222 [cb9b88df-491a-41e2-b87b-1e05ddc4218e-impl-thread1] INFO  util.JmxRegister (JmxRegister.java:unregister(73)) - Successfully un-registered JMX Bean with object name Ratis:service=RaftServer,group=group-3EE57BE958A0,id=cb9b88df-491a-41e2-b87b-1e05ddc4218e
2023-02-16 16:33:49,222 [cb9b88df-491a-41e2-b87b-1e05ddc4218e-impl-thread2] INFO  server.RaftServer$Division (RaftServerImpl.java:lambda$close$4(458)) - cb9b88df-491a-41e2-b87b-1e05ddc4218e@group-5FA7E0415A2D: shutdown
2023-02-16 16:33:49,222 [cb9b88df-491a-41e2-b87b-1e05ddc4218e-impl-thread1] INFO  impl.RoleInfo (RoleInfo.java:shutdownFollowerState(110)) - cb9b88df-491a-41e2-b87b-1e05ddc4218e: shutdown cb9b88df-491a-41e2-b87b-1e05ddc4218e@group-3EE57BE958A0-FollowerState
2023-02-16 16:33:49,222 [cb9b88df-491a-41e2-b87b-1e05ddc4218e-impl-thread2] INFO  util.JmxRegister (JmxRegister.java:unregister(73)) - Successfully un-registered JMX Bean with object name Ratis:service=RaftServer,group=group-5FA7E0415A2D,id=cb9b88df-491a-41e2-b87b-1e05ddc4218e
2023-02-16 16:33:49,222 [cb9b88df-491a-41e2-b87b-1e05ddc4218e-impl-thread2] INFO  impl.RoleInfo (RoleInfo.java:shutdownLeaderState(93)) - cb9b88df-491a-41e2-b87b-1e05ddc4218e: shutdown cb9b88df-491a-41e2-b87b-1e05ddc4218e@group-5FA7E0415A2D-LeaderStateImpl
2023-02-16 16:33:49,222 [cb9b88df-491a-41e2-b87b-1e05ddc4218e-impl-thread2] INFO  impl.PendingRequests (PendingRequests.java:sendNotLeaderResponses(282)) - cb9b88df-491a-41e2-b87b-1e05ddc4218e@group-5FA7E0415A2D-PendingRequests: sendNotLeaderResponses
2023-02-16 16:33:49,223 [cb9b88df-491a-41e2-b87b-1e05ddc4218e@group-5FA7E0415A2D-StateMachineUpdater] INFO  ratis.ContainerStateMachine (ContainerStateMachine.java:takeSnapshot(308)) - group-5FA7E0415A2D: Taking a snapshot at:(t:1, i:0) file /home/runner/work/ozone/ozone/hadoop-ozone/integration-test/target/test-dir/MiniOzoneClusterImpl-3fa4a1d0-7183-4a36-b4d2-f70efcb14827/datanode-0/data/ratis/1fc40878-2e2b-4093-8dd5-5fa7e0415a2d/sm/snapshot.1_0
2023-02-16 16:33:49,223 [cb9b88df-491a-41e2-b87b-1e05ddc4218e-impl-thread2] INFO  impl.StateMachineUpdater (StateMachineUpdater.java:stopAndJoin(153)) - cb9b88df-491a-41e2-b87b-1e05ddc4218e@group-5FA7E0415A2D-StateMachineUpdater: set stopIndex = 0
2023-02-16 16:33:49,224 [cb9b88df-491a-41e2-b87b-1e05ddc4218e@group-5FA7E0415A2D-StateMachineUpdater] INFO  ratis.ContainerStateMachine (ContainerStateMachine.java:takeSnapshot(319)) - group-5FA7E0415A2D: Finished taking a snapshot at:(t:1, i:0) file:/home/runner/work/ozone/ozone/hadoop-ozone/integration-test/target/test-dir/MiniOzoneClusterImpl-3fa4a1d0-7183-4a36-b4d2-f70efcb14827/datanode-0/data/ratis/1fc40878-2e2b-4093-8dd5-5fa7e0415a2d/sm/snapshot.1_0 took: 1 ms
2023-02-16 16:33:49,224 [cb9b88df-491a-41e2-b87b-1e05ddc4218e@group-5FA7E0415A2D-StateMachineUpdater] INFO  impl.StateMachineUpdater (StateMachineUpdater.java:takeSnapshot(287)) - cb9b88df-491a-41e2-b87b-1e05ddc4218e@group-5FA7E0415A2D-StateMachineUpdater: Took a snapshot at index 0
2023-02-16 16:33:49,224 [cb9b88df-491a-41e2-b87b-1e05ddc4218e@group-5FA7E0415A2D-StateMachineUpdater] INFO  impl.StateMachineUpdater (StateMachineUpdater.java:lambda$new$0(92)) - cb9b88df-491a-41e2-b87b-1e05ddc4218e@group-5FA7E0415A2D-StateMachineUpdater: snapshotIndex: updateIncreasingly -1 -> 0
2023-02-16 16:33:49,225 [cb9b88df-491a-41e2-b87b-1e05ddc4218e-impl-thread2] INFO  server.RaftServer$Division (ServerState.java:close(466)) - cb9b88df-491a-41e2-b87b-1e05ddc4218e@group-5FA7E0415A2D: closes. applyIndex: 0
2023-02-16 16:33:49,225 [ForkJoinPool.commonPool-worker-0] INFO  server.GrpcService (GrpcService.java:closeImpl(271)) - cb9b88df-491a-41e2-b87b-1e05ddc4218e: shutdown server GrpcServerProtocolService now
2023-02-16 16:33:49,225 [cb9b88df-491a-41e2-b87b-1e05ddc4218e-impl-thread3] INFO  server.RaftServer$Division (RaftServerImpl.java:lambda$close$4(458)) - cb9b88df-491a-41e2-b87b-1e05ddc4218e@group-8BAC40614D06: shutdown
2023-02-16 16:33:49,226 [cb9b88df-491a-41e2-b87b-1e05ddc4218e-impl-thread3] INFO  util.JmxRegister (JmxRegister.java:unregister(73)) - Successfully un-registered JMX Bean with object name Ratis:service=RaftServer,group=group-8BAC40614D06,id=cb9b88df-491a-41e2-b87b-1e05ddc4218e
2023-02-16 16:33:49,226 [cb9b88df-491a-41e2-b87b-1e05ddc4218e-impl-thread3] INFO  impl.RoleInfo (RoleInfo.java:shutdownLeaderState(93)) - cb9b88df-491a-41e2-b87b-1e05ddc4218e: shutdown cb9b88df-491a-41e2-b87b-1e05ddc4218e@group-8BAC40614D06-LeaderStateImpl
2023-02-16 16:33:49,226 [cb9b88df-491a-41e2-b87b-1e05ddc4218e@group-5FA7E0415A2D-SegmentedRaftLogWorker] INFO  segmented.SegmentedRaftLogWorker (SegmentedRaftLogWorker.java:run(347)) - cb9b88df-491a-41e2-b87b-1e05ddc4218e@group-5FA7E0415A2D-SegmentedRaftLogWorker was interrupted, exiting. There are 0 tasks remaining in the queue.
2023-02-16 16:33:49,226 [cb9b88df-491a-41e2-b87b-1e05ddc4218e-impl-thread1] INFO  impl.StateMachineUpdater (StateMachineUpdater.java:stopAndJoin(153)) - cb9b88df-491a-41e2-b87b-1e05ddc4218e@group-3EE57BE958A0-StateMachineUpdater: set stopIndex = 22
2023-02-16 16:33:49,226 [cb9b88df-491a-41e2-b87b-1e05ddc4218e@group-3EE57BE958A0-FollowerState] INFO  impl.FollowerState (FollowerState.java:run(152)) - cb9b88df-491a-41e2-b87b-1e05ddc4218e@group-3EE57BE958A0-FollowerState was interrupted
2023-02-16 16:33:49,226 [cb9b88df-491a-41e2-b87b-1e05ddc4218e@group-3EE57BE958A0-StateMachineUpdater] INFO  ratis.ContainerStateMachine (ContainerStateMachine.java:takeSnapshot(308)) - group-3EE57BE958A0: Taking a snapshot at:(t:1, i:22) file /home/runner/work/ozone/ozone/hadoop-ozone/integration-test/target/test-dir/MiniOzoneClusterImpl-3fa4a1d0-7183-4a36-b4d2-f70efcb14827/datanode-0/data/ratis/e41b74cb-c37d-48f1-a125-3ee57be958a0/sm/snapshot.1_22
2023-02-16 16:33:49,227 [cb9b88df-491a-41e2-b87b-1e05ddc4218e-impl-thread2] INFO  segmented.SegmentedRaftLogWorker (SegmentedRaftLogWorker.java:close(257)) - cb9b88df-491a-41e2-b87b-1e05ddc4218e@group-5FA7E0415A2D-SegmentedRaftLogWorker close()
2023-02-16 16:33:49,229 [ForkJoinPool.commonPool-worker-0] INFO  server.GrpcServerProtocolClient (GrpcServerProtocolClient.java:close(101)) - 78eb6234-2b78-46c2-a9a1-e074054ee483 Close channels
2023-02-16 16:33:49,229 [cb9b88df-491a-41e2-b87b-1e05ddc4218e-impl-thread3] INFO  impl.PendingRequests (PendingRequests.java:sendNotLeaderResponses(282)) - cb9b88df-491a-41e2-b87b-1e05ddc4218e@group-8BAC40614D06-PendingRequests: sendNotLeaderResponses
2023-02-16 16:33:49,229 [grpc-default-executor-1] WARN  server.GrpcClientProtocolService (LogUtils.java:warn(122)) - 1-OrderedRequestStreamObserver1: onError: org.apache.ratis.thirdparty.io.grpc.StatusRuntimeException: CANCELLED: client cancelled
2023-02-16 16:33:49,230 [cb9b88df-491a-41e2-b87b-1e05ddc4218e@group-3EE57BE958A0-StateMachineUpdater] INFO  ratis.ContainerStateMachine (ContainerStateMachine.java:takeSnapshot(319)) - group-3EE57BE958A0: Finished taking a snapshot at:(t:1, i:22) file:/home/runner/work/ozone/ozone/hadoop-ozone/integration-test/target/test-dir/MiniOzoneClusterImpl-3fa4a1d0-7183-4a36-b4d2-f70efcb14827/datanode-0/data/ratis/e41b74cb-c37d-48f1-a125-3ee57be958a0/sm/snapshot.1_22 took: 3 ms
2023-02-16 16:33:49,230 [cb9b88df-491a-41e2-b87b-1e05ddc4218e@group-3EE57BE958A0-StateMachineUpdater] INFO  impl.StateMachineUpdater (StateMachineUpdater.java:takeSnapshot(287)) - cb9b88df-491a-41e2-b87b-1e05ddc4218e@group-3EE57BE958A0-StateMachineUpdater: Took a snapshot at index 22
2023-02-16 16:33:49,230 [cb9b88df-491a-41e2-b87b-1e05ddc4218e@group-3EE57BE958A0-StateMachineUpdater] INFO  impl.StateMachineUpdater (StateMachineUpdater.java:lambda$new$0(92)) - cb9b88df-491a-41e2-b87b-1e05ddc4218e@group-3EE57BE958A0-StateMachineUpdater: snapshotIndex: updateIncreasingly -1 -> 22
2023-02-16 16:33:49,230 [cb9b88df-491a-41e2-b87b-1e05ddc4218e@group-8BAC40614D06->78eb6234-2b78-46c2-a9a1-e074054ee483-GrpcLogAppender-LogAppenderDaemon] WARN  server.GrpcLogAppender (GrpcLogAppender.java:mayWait(200)) - cb9b88df-491a-41e2-b87b-1e05ddc4218e@group-8BAC40614D06->78eb6234-2b78-46c2-a9a1-e074054ee483-GrpcLogAppender: Wait interrupted by java.lang.InterruptedException
2023-02-16 16:33:49,230 [cb9b88df-491a-41e2-b87b-1e05ddc4218e@group-8BAC40614D06->1ef1131b-9485-4bfe-ad5a-910805a11fc3-GrpcLogAppender-LogAppenderDaemon] WARN  server.GrpcLogAppender (GrpcLogAppender.java:mayWait(200)) - cb9b88df-491a-41e2-b87b-1e05ddc4218e@group-8BAC40614D06->1ef1131b-9485-4bfe-ad5a-910805a11fc3-GrpcLogAppender: Wait interrupted by java.lang.InterruptedException
2023-02-16 16:33:49,233 [cb9b88df-491a-41e2-b87b-1e05ddc4218e-impl-thread1] INFO  server.RaftServer$Division (ServerState.java:close(466)) - cb9b88df-491a-41e2-b87b-1e05ddc4218e@group-3EE57BE958A0: closes. applyIndex: 22
2023-02-16 16:33:49,233 [ForkJoinPool.commonPool-worker-0] INFO  server.GrpcServerProtocolClient (GrpcServerProtocolClient.java:close(101)) - 1ef1131b-9485-4bfe-ad5a-910805a11fc3 Close channels
2023-02-16 16:33:49,233 [ForkJoinPool.commonPool-worker-0] INFO  server.GrpcService (GrpcService.java:closeImpl(280)) - cb9b88df-491a-41e2-b87b-1e05ddc4218e: shutdown server GrpcServerProtocolService successfully
2023-02-16 16:33:49,234 [cb9b88df-491a-41e2-b87b-1e05ddc4218e@group-3EE57BE958A0-SegmentedRaftLogWorker] INFO  segmented.SegmentedRaftLogWorker (SegmentedRaftLogWorker.java:run(347)) - cb9b88df-491a-41e2-b87b-1e05ddc4218e@group-3EE57BE958A0-SegmentedRaftLogWorker was interrupted, exiting. There are 0 tasks remaining in the queue.
2023-02-16 16:33:49,234 [cb9b88df-491a-41e2-b87b-1e05ddc4218e-impl-thread1] INFO  segmented.SegmentedRaftLogWorker (SegmentedRaftLogWorker.java:close(257)) - cb9b88df-491a-41e2-b87b-1e05ddc4218e@group-3EE57BE958A0-SegmentedRaftLogWorker close()
2023-02-16 16:33:49,234 [cb9b88df-491a-41e2-b87b-1e05ddc4218e-NettyServerStreamRpc-bossGroup--thread1] INFO  logging.LoggingHandler (AbstractInternalLogger.java:log(148)) - [id: 0x8af82c42, L:/0:0:0:0:0:0:0:0:37421] CLOSE
2023-02-16 16:33:49,235 [cb9b88df-491a-41e2-b87b-1e05ddc4218e-NettyServerStreamRpc-bossGroup--thread1] INFO  logging.LoggingHandler (AbstractInternalLogger.java:log(148)) - [id: 0x8af82c42, L:/0:0:0:0:0:0:0:0:37421] INACTIVE
2023-02-16 16:33:49,235 [cb9b88df-491a-41e2-b87b-1e05ddc4218e-NettyServerStreamRpc-bossGroup--thread1] INFO  logging.LoggingHandler (AbstractInternalLogger.java:log(148)) - [id: 0x8af82c42, L:/0:0:0:0:0:0:0:0:37421] UNREGISTERED
2023-02-16 16:33:49,235 [cb9b88df-491a-41e2-b87b-1e05ddc4218e-impl-thread3] INFO  impl.StateMachineUpdater (StateMachineUpdater.java:stopAndJoin(153)) - cb9b88df-491a-41e2-b87b-1e05ddc4218e@group-8BAC40614D06-StateMachineUpdater: set stopIndex = 7
2023-02-16 16:33:49,235 [cb9b88df-491a-41e2-b87b-1e05ddc4218e@group-8BAC40614D06-StateMachineUpdater] INFO  ratis.ContainerStateMachine (ContainerStateMachine.java:takeSnapshot(308)) - group-8BAC40614D06: Taking a snapshot at:(t:1, i:7) file /home/runner/work/ozone/ozone/hadoop-ozone/integration-test/target/test-dir/MiniOzoneClusterImpl-3fa4a1d0-7183-4a36-b4d2-f70efcb14827/datanode-0/data/ratis/3893d2fd-dfd5-4c90-be2b-8bac40614d06/sm/snapshot.1_7
2023-02-16 16:33:49,236 [cb9b88df-491a-41e2-b87b-1e05ddc4218e@group-8BAC40614D06-StateMachineUpdater] INFO  ratis.ContainerStateMachine (ContainerStateMachine.java:takeSnapshot(319)) - group-8BAC40614D06: Finished taking a snapshot at:(t:1, i:7) file:/home/runner/work/ozone/ozone/hadoop-ozone/integration-test/target/test-dir/MiniOzoneClusterImpl-3fa4a1d0-7183-4a36-b4d2-f70efcb14827/datanode-0/data/ratis/3893d2fd-dfd5-4c90-be2b-8bac40614d06/sm/snapshot.1_7 took: 1 ms
2023-02-16 16:33:49,236 [cb9b88df-491a-41e2-b87b-1e05ddc4218e@group-8BAC40614D06-StateMachineUpdater] INFO  impl.StateMachineUpdater (StateMachineUpdater.java:takeSnapshot(287)) - cb9b88df-491a-41e2-b87b-1e05ddc4218e@group-8BAC40614D06-StateMachineUpdater: Took a snapshot at index 7
2023-02-16 16:33:49,236 [cb9b88df-491a-41e2-b87b-1e05ddc4218e@group-8BAC40614D06-StateMachineUpdater] INFO  impl.StateMachineUpdater (StateMachineUpdater.java:lambda$new$0(92)) - cb9b88df-491a-41e2-b87b-1e05ddc4218e@group-8BAC40614D06-StateMachineUpdater: snapshotIndex: updateIncreasingly -1 -> 7
2023-02-16 16:33:49,243 [cb9b88df-491a-41e2-b87b-1e05ddc4218e-impl-thread3] INFO  server.RaftServer$Division (ServerState.java:close(466)) - cb9b88df-491a-41e2-b87b-1e05ddc4218e@group-8BAC40614D06: closes. applyIndex: 7
2023-02-16 16:33:49,243 [cb9b88df-491a-41e2-b87b-1e05ddc4218e@group-8BAC40614D06-SegmentedRaftLogWorker] INFO  segmented.SegmentedRaftLogWorker (SegmentedRaftLogWorker.java:run(347)) - cb9b88df-491a-41e2-b87b-1e05ddc4218e@group-8BAC40614D06-SegmentedRaftLogWorker was interrupted, exiting. There are 0 tasks remaining in the queue.
2023-02-16 16:33:49,243 [cb9b88df-491a-41e2-b87b-1e05ddc4218e-impl-thread3] INFO  segmented.SegmentedRaftLogWorker (SegmentedRaftLogWorker.java:close(257)) - cb9b88df-491a-41e2-b87b-1e05ddc4218e@group-8BAC40614D06-SegmentedRaftLogWorker close()
2023-02-16 16:33:49,251 [JvmPauseMonitor1] INFO  util.JvmPauseMonitor (JvmPauseMonitor.java:run(111)) - JvmPauseMonitor-cb9b88df-491a-41e2-b87b-1e05ddc4218e: Stopped
2023-02-16 16:33:49,519 [Under Replicated Processor] INFO  replication.UnhealthyReplicationProcessor (UnhealthyReplicationProcessor.java:processAll(105)) - Processed 0 containers with health state counts {},failed processing 0
2023-02-16 16:33:49,536 [Over Replicated Processor] INFO  replication.UnhealthyReplicationProcessor (UnhealthyReplicationProcessor.java:processAll(105)) - Processed 0 containers with health state counts {},failed processing 0
2023-02-16 16:33:51,197 [Listener at 127.0.0.1/37073] INFO  volume.HddsVolume (HddsVolume.java:closeDbStore(362)) - SchemaV3 db is stopped at /home/runner/work/ozone/ozone/hadoop-ozone/integration-test/target/test-dir/MiniOzoneClusterImpl-3fa4a1d0-7183-4a36-b4d2-f70efcb14827/datanode-4/data-0/containers/hdds/3fa4a1d0-7183-4a36-b4d2-f70efcb14827/DS-033e7e21-0052-459c-8d45-a24964bd9fff/container.db for volume DS-033e7e21-0052-459c-8d45-a24964bd9fff
2023-02-16 16:33:51,197 [Listener at 127.0.0.1/37073] INFO  utils.BackgroundService (BackgroundService.java:shutdown(141)) - Shutting down service BlockDeletingService
2023-02-16 16:33:51,198 [Listener at 127.0.0.1/37073] INFO  utils.BackgroundService (BackgroundService.java:shutdown(141)) - Shutting down service StaleRecoveringContainerScrubbingService
2023-02-16 16:33:51,199 [Listener at 127.0.0.1/37073] INFO  statemachine.DatanodeStateMachine (DatanodeStateMachine.java:stopDaemon(600)) - Ozone container server stopped.
2023-02-16 16:33:51,207 [Listener at 127.0.0.1/37073] INFO  handler.ContextHandler (ContextHandler.java:doStop(1159)) - Stopped o.e.j.w.WebAppContext@79ed2670{hddsDatanode,/,null,STOPPED}{jar:file:/home/runner/.m2/repository/org/apache/ozone/hdds-container-service/1.4.0-SNAPSHOT/hdds-container-service-1.4.0-SNAPSHOT.jar!/webapps/hddsDatanode}
2023-02-16 16:33:51,207 [Listener at 127.0.0.1/37073] INFO  server.AbstractConnector (AbstractConnector.java:doStop(383)) - Stopped ServerConnector@703730f{HTTP/1.1, (http/1.1)}{0.0.0.0:0}
2023-02-16 16:33:51,208 [Listener at 127.0.0.1/37073] INFO  server.session (HouseKeeper.java:stopScavenging(149)) - node0 Stopped scavenging
2023-02-16 16:33:51,209 [Listener at 127.0.0.1/37073] INFO  handler.ContextHandler (ContextHandler.java:doStop(1159)) - Stopped o.e.j.s.ServletContextHandler@4adbf21c{static,/static,jar:file:/home/runner/.m2/repository/org/apache/ozone/hdds-container-service/1.4.0-SNAPSHOT/hdds-container-service-1.4.0-SNAPSHOT.jar!/webapps/static,STOPPED}
2023-02-16 16:33:51,209 [Listener at 127.0.0.1/37073] INFO  handler.ContextHandler (ContextHandler.java:doStop(1159)) - Stopped o.e.j.s.ServletContextHandler@2eb986b2{logs,/logs,file:///home/runner/work/ozone/ozone/hadoop-ozone/integration-test/target/log,STOPPED}
2023-02-16 16:33:51,212 [Listener at 127.0.0.1/37073] INFO  ozoneimpl.OzoneContainer (OzoneContainer.java:stop(420)) - Attempting to stop container services.
2023-02-16 16:33:51,212 [Listener at 127.0.0.1/37073] INFO  server.RaftServer (RaftServerProxy.java:lambda$close$6(409)) - 44c53caa-cbc6-4a21-8e53-cb7b17b04bf3: close
2023-02-16 16:33:51,213 [Listener at 127.0.0.1/37073] INFO  server.GrpcService (GrpcService.java:closeImpl(271)) - 44c53caa-cbc6-4a21-8e53-cb7b17b04bf3: shutdown server GrpcServerProtocolService now
2023-02-16 16:33:51,213 [44c53caa-cbc6-4a21-8e53-cb7b17b04bf3-impl-thread1] INFO  server.RaftServer$Division (RaftServerImpl.java:lambda$close$4(458)) - 44c53caa-cbc6-4a21-8e53-cb7b17b04bf3@group-143EA0EB86F7: shutdown
2023-02-16 16:33:51,213 [44c53caa-cbc6-4a21-8e53-cb7b17b04bf3-impl-thread1] INFO  util.JmxRegister (JmxRegister.java:unregister(73)) - Successfully un-registered JMX Bean with object name Ratis:service=RaftServer,group=group-143EA0EB86F7,id=44c53caa-cbc6-4a21-8e53-cb7b17b04bf3
2023-02-16 16:33:51,213 [44c53caa-cbc6-4a21-8e53-cb7b17b04bf3-impl-thread1] INFO  impl.RoleInfo (RoleInfo.java:shutdownLeaderState(93)) - 44c53caa-cbc6-4a21-8e53-cb7b17b04bf3: shutdown 44c53caa-cbc6-4a21-8e53-cb7b17b04bf3@group-143EA0EB86F7-LeaderStateImpl
2023-02-16 16:33:51,213 [44c53caa-cbc6-4a21-8e53-cb7b17b04bf3-impl-thread1] INFO  impl.PendingRequests (PendingRequests.java:sendNotLeaderResponses(282)) - 44c53caa-cbc6-4a21-8e53-cb7b17b04bf3@group-143EA0EB86F7-PendingRequests: sendNotLeaderResponses
2023-02-16 16:33:51,213 [44c53caa-cbc6-4a21-8e53-cb7b17b04bf3-impl-thread1] INFO  impl.StateMachineUpdater (StateMachineUpdater.java:stopAndJoin(153)) - 44c53caa-cbc6-4a21-8e53-cb7b17b04bf3@group-143EA0EB86F7-StateMachineUpdater: set stopIndex = 0
2023-02-16 16:33:51,213 [44c53caa-cbc6-4a21-8e53-cb7b17b04bf3@group-143EA0EB86F7-StateMachineUpdater] INFO  ratis.ContainerStateMachine (ContainerStateMachine.java:takeSnapshot(308)) - group-143EA0EB86F7: Taking a snapshot at:(t:1, i:0) file /home/runner/work/ozone/ozone/hadoop-ozone/integration-test/target/test-dir/MiniOzoneClusterImpl-3fa4a1d0-7183-4a36-b4d2-f70efcb14827/datanode-3/data/ratis/521825df-1c4f-4a85-a2d7-143ea0eb86f7/sm/snapshot.1_0
2023-02-16 16:33:51,215 [44c53caa-cbc6-4a21-8e53-cb7b17b04bf3@group-143EA0EB86F7-StateMachineUpdater] INFO  ratis.ContainerStateMachine (ContainerStateMachine.java:takeSnapshot(319)) - group-143EA0EB86F7: Finished taking a snapshot at:(t:1, i:0) file:/home/runner/work/ozone/ozone/hadoop-ozone/integration-test/target/test-dir/MiniOzoneClusterImpl-3fa4a1d0-7183-4a36-b4d2-f70efcb14827/datanode-3/data/ratis/521825df-1c4f-4a85-a2d7-143ea0eb86f7/sm/snapshot.1_0 took: 1 ms
2023-02-16 16:33:51,215 [44c53caa-cbc6-4a21-8e53-cb7b17b04bf3@group-143EA0EB86F7-StateMachineUpdater] INFO  impl.StateMachineUpdater (StateMachineUpdater.java:takeSnapshot(287)) - 44c53caa-cbc6-4a21-8e53-cb7b17b04bf3@group-143EA0EB86F7-StateMachineUpdater: Took a snapshot at index 0
2023-02-16 16:33:51,215 [44c53caa-cbc6-4a21-8e53-cb7b17b04bf3@group-143EA0EB86F7-StateMachineUpdater] INFO  impl.StateMachineUpdater (StateMachineUpdater.java:lambda$new$0(92)) - 44c53caa-cbc6-4a21-8e53-cb7b17b04bf3@group-143EA0EB86F7-StateMachineUpdater: snapshotIndex: updateIncreasingly -1 -> 0
2023-02-16 16:33:51,215 [44c53caa-cbc6-4a21-8e53-cb7b17b04bf3-impl-thread1] INFO  server.RaftServer$Division (ServerState.java:close(466)) - 44c53caa-cbc6-4a21-8e53-cb7b17b04bf3@group-143EA0EB86F7: closes. applyIndex: 0
2023-02-16 16:33:51,215 [Listener at 127.0.0.1/37073] INFO  server.GrpcService (GrpcService.java:closeImpl(280)) - 44c53caa-cbc6-4a21-8e53-cb7b17b04bf3: shutdown server GrpcServerProtocolService successfully
2023-02-16 16:33:51,215 [44c53caa-cbc6-4a21-8e53-cb7b17b04bf3@group-143EA0EB86F7-SegmentedRaftLogWorker] INFO  segmented.SegmentedRaftLogWorker (SegmentedRaftLogWorker.java:run(347)) - 44c53caa-cbc6-4a21-8e53-cb7b17b04bf3@group-143EA0EB86F7-SegmentedRaftLogWorker was interrupted, exiting. There are 0 tasks remaining in the queue.
2023-02-16 16:33:51,215 [44c53caa-cbc6-4a21-8e53-cb7b17b04bf3-NettyServerStreamRpc-bossGroup--thread1] INFO  logging.LoggingHandler (AbstractInternalLogger.java:log(148)) - [id: 0x7d5bb95e, L:/0:0:0:0:0:0:0:0:36813] CLOSE
2023-02-16 16:33:51,215 [44c53caa-cbc6-4a21-8e53-cb7b17b04bf3-impl-thread1] INFO  segmented.SegmentedRaftLogWorker (SegmentedRaftLogWorker.java:close(257)) - 44c53caa-cbc6-4a21-8e53-cb7b17b04bf3@group-143EA0EB86F7-SegmentedRaftLogWorker close()
2023-02-16 16:33:51,216 [44c53caa-cbc6-4a21-8e53-cb7b17b04bf3-NettyServerStreamRpc-bossGroup--thread1] INFO  logging.LoggingHandler (AbstractInternalLogger.java:log(148)) - [id: 0x7d5bb95e, L:/0:0:0:0:0:0:0:0:36813] INACTIVE
2023-02-16 16:33:51,216 [44c53caa-cbc6-4a21-8e53-cb7b17b04bf3-NettyServerStreamRpc-bossGroup--thread1] INFO  logging.LoggingHandler (AbstractInternalLogger.java:log(148)) - [id: 0x7d5bb95e, L:/0:0:0:0:0:0:0:0:36813] UNREGISTERED
2023-02-16 16:33:51,221 [JvmPauseMonitor4] INFO  util.JvmPauseMonitor (JvmPauseMonitor.java:run(111)) - JvmPauseMonitor-44c53caa-cbc6-4a21-8e53-cb7b17b04bf3: Stopped
2023-02-16 16:33:51,255 [ForkJoinPool.commonPool-worker-0] INFO  volume.HddsVolume (HddsVolume.java:closeDbStore(362)) - SchemaV3 db is stopped at /home/runner/work/ozone/ozone/hadoop-ozone/integration-test/target/test-dir/MiniOzoneClusterImpl-3fa4a1d0-7183-4a36-b4d2-f70efcb14827/datanode-0/data-0/containers/hdds/3fa4a1d0-7183-4a36-b4d2-f70efcb14827/DS-cae606ba-b89b-48ad-8bbf-9ade5144c358/container.db for volume DS-cae606ba-b89b-48ad-8bbf-9ade5144c358
2023-02-16 16:33:51,256 [ForkJoinPool.commonPool-worker-0] INFO  utils.BackgroundService (BackgroundService.java:shutdown(141)) - Shutting down service BlockDeletingService
2023-02-16 16:33:51,256 [ForkJoinPool.commonPool-worker-0] INFO  utils.BackgroundService (BackgroundService.java:shutdown(141)) - Shutting down service StaleRecoveringContainerScrubbingService
2023-02-16 16:33:51,258 [ForkJoinPool.commonPool-worker-0] INFO  statemachine.DatanodeStateMachine (DatanodeStateMachine.java:stopDaemon(600)) - Ozone container server stopped.
2023-02-16 16:33:51,267 [ForkJoinPool.commonPool-worker-0] INFO  handler.ContextHandler (ContextHandler.java:doStop(1159)) - Stopped o.e.j.w.WebAppContext@4d13970d{hddsDatanode,/,null,STOPPED}{jar:file:/home/runner/.m2/repository/org/apache/ozone/hdds-container-service/1.4.0-SNAPSHOT/hdds-container-service-1.4.0-SNAPSHOT.jar!/webapps/hddsDatanode}
2023-02-16 16:33:51,270 [ForkJoinPool.commonPool-worker-0] INFO  server.AbstractConnector (AbstractConnector.java:doStop(383)) - Stopped ServerConnector@6821f91b{HTTP/1.1, (http/1.1)}{0.0.0.0:0}
2023-02-16 16:33:51,270 [ForkJoinPool.commonPool-worker-0] INFO  server.session (HouseKeeper.java:stopScavenging(149)) - node0 Stopped scavenging
2023-02-16 16:33:51,270 [ForkJoinPool.commonPool-worker-0] INFO  handler.ContextHandler (ContextHandler.java:doStop(1159)) - Stopped o.e.j.s.ServletContextHandler@501ccde9{static,/static,jar:file:/home/runner/.m2/repository/org/apache/ozone/hdds-container-service/1.4.0-SNAPSHOT/hdds-container-service-1.4.0-SNAPSHOT.jar!/webapps/static,STOPPED}
2023-02-16 16:33:51,272 [ForkJoinPool.commonPool-worker-0] INFO  handler.ContextHandler (ContextHandler.java:doStop(1159)) - Stopped o.e.j.s.ServletContextHandler@6d7da45f{logs,/logs,file:///home/runner/work/ozone/ozone/hadoop-ozone/integration-test/target/log,STOPPED}
2023-02-16 16:33:53,224 [Listener at 127.0.0.1/37073] INFO  volume.HddsVolume (HddsVolume.java:closeDbStore(362)) - SchemaV3 db is stopped at /home/runner/work/ozone/ozone/hadoop-ozone/integration-test/target/test-dir/MiniOzoneClusterImpl-3fa4a1d0-7183-4a36-b4d2-f70efcb14827/datanode-3/data-0/containers/hdds/3fa4a1d0-7183-4a36-b4d2-f70efcb14827/DS-4fc91324-ce7b-413d-9e09-b840674d02d3/container.db for volume DS-4fc91324-ce7b-413d-9e09-b840674d02d3
2023-02-16 16:33:53,224 [Listener at 127.0.0.1/37073] INFO  utils.BackgroundService (BackgroundService.java:shutdown(141)) - Shutting down service BlockDeletingService
2023-02-16 16:33:53,227 [Listener at 127.0.0.1/37073] INFO  utils.BackgroundService (BackgroundService.java:shutdown(141)) - Shutting down service StaleRecoveringContainerScrubbingService
2023-02-16 16:33:53,228 [Listener at 127.0.0.1/37073] INFO  statemachine.DatanodeStateMachine (DatanodeStateMachine.java:stopDaemon(600)) - Ozone container server stopped.
2023-02-16 16:33:53,237 [Listener at 127.0.0.1/37073] INFO  handler.ContextHandler (ContextHandler.java:doStop(1159)) - Stopped o.e.j.w.WebAppContext@7c8d4a94{hddsDatanode,/,null,STOPPED}{jar:file:/home/runner/.m2/repository/org/apache/ozone/hdds-container-service/1.4.0-SNAPSHOT/hdds-container-service-1.4.0-SNAPSHOT.jar!/webapps/hddsDatanode}
2023-02-16 16:33:53,237 [Listener at 127.0.0.1/37073] INFO  server.AbstractConnector (AbstractConnector.java:doStop(383)) - Stopped ServerConnector@7ec287d{HTTP/1.1, (http/1.1)}{0.0.0.0:0}
2023-02-16 16:33:53,238 [Listener at 127.0.0.1/37073] INFO  server.session (HouseKeeper.java:stopScavenging(149)) - node0 Stopped scavenging
2023-02-16 16:33:53,238 [Listener at 127.0.0.1/37073] INFO  handler.ContextHandler (ContextHandler.java:doStop(1159)) - Stopped o.e.j.s.ServletContextHandler@682c2bab{static,/static,jar:file:/home/runner/.m2/repository/org/apache/ozone/hdds-container-service/1.4.0-SNAPSHOT/hdds-container-service-1.4.0-SNAPSHOT.jar!/webapps/static,STOPPED}
2023-02-16 16:33:53,238 [Listener at 127.0.0.1/37073] INFO  handler.ContextHandler (ContextHandler.java:doStop(1159)) - Stopped o.e.j.s.ServletContextHandler@1c79d400{logs,/logs,file:///home/runner/work/ozone/ozone/hadoop-ozone/integration-test/target/log,STOPPED}
2023-02-16 16:33:53,243 [Listener at 127.0.0.1/37073] INFO  ozone.MiniOzoneClusterImpl (MiniOzoneClusterImpl.java:stopSCM(539)) - Stopping the StorageContainerManager
2023-02-16 16:33:53,243 [Listener at 127.0.0.1/37073] INFO  server.StorageContainerManager (StorageContainerManager.java:stop(1530)) - Container Balancer is not running.
2023-02-16 16:33:53,243 [Listener at 127.0.0.1/37073] INFO  server.StorageContainerManager (StorageContainerManager.java:stop(1537)) - Stopping Replication Manager Service.
2023-02-16 16:33:53,243 [Listener at 127.0.0.1/37073] INFO  replication.ReplicationManager (ReplicationManager.java:stop(298)) - Stopping Replication Monitor Thread.
2023-02-16 16:33:53,243 [Under Replicated Processor] WARN  replication.UnhealthyReplicationProcessor (UnhealthyReplicationProcessor.java:run(142)) - Under Replicated Processor interrupted. Exiting...
2023-02-16 16:33:53,243 [Over Replicated Processor] WARN  replication.UnhealthyReplicationProcessor (UnhealthyReplicationProcessor.java:run(142)) - Over Replicated Processor interrupted. Exiting...
2023-02-16 16:33:53,243 [ReplicationMonitor] INFO  replication.ReplicationManager (ReplicationManager.java:run(741)) - Replication Monitor Thread is stopped
2023-02-16 16:33:53,243 [Listener at 127.0.0.1/37073] INFO  server.StorageContainerManager (StorageContainerManager.java:stop(1544)) - Stopping the Datanode Admin Monitor.
2023-02-16 16:33:53,244 [Listener at 127.0.0.1/37073] INFO  server.StorageContainerManager (StorageContainerManager.java:stop(1551)) - Stopping datanode service RPC server
2023-02-16 16:33:53,244 [Listener at 127.0.0.1/37073] INFO  server.SCMDatanodeProtocolServer (SCMDatanodeProtocolServer.java:stop(424)) - Stopping the RPC server for DataNodes
2023-02-16 16:33:53,244 [Listener at 127.0.0.1/37073] INFO  ipc.Server (Server.java:stop(3428)) - Stopping server on 34825
2023-02-16 16:33:53,246 [IPC Server listener on 0] INFO  ipc.Server (Server.java:run(1384)) - Stopping IPC Server listener on 0
2023-02-16 16:33:53,246 [IPC Server Responder] INFO  ipc.Server (Server.java:run(1517)) - Stopping IPC Server Responder
2023-02-16 16:33:53,287 [SCM Heartbeat Processing Thread - 0] WARN  node.NodeStateManager (NodeStateManager.java:scheduleNextHealthCheck(870)) - Current Thread is interrupted, shutting down HB processing thread for Node Manager.
2023-02-16 16:33:53,287 [Listener at 127.0.0.1/37073] INFO  server.StorageContainerManager (StorageContainerManager.java:stop(1559)) - Stopping block service RPC server
2023-02-16 16:33:53,287 [Listener at 127.0.0.1/37073] INFO  server.SCMBlockProtocolServer (SCMBlockProtocolServer.java:stop(161)) - Stopping the RPC server for Block Protocol
2023-02-16 16:33:53,287 [Listener at 127.0.0.1/37073] INFO  ipc.Server (Server.java:stop(3428)) - Stopping server on 40501
2023-02-16 16:33:53,289 [IPC Server Responder] INFO  ipc.Server (Server.java:run(1517)) - Stopping IPC Server Responder
2023-02-16 16:33:53,289 [Listener at 127.0.0.1/37073] INFO  server.StorageContainerManager (StorageContainerManager.java:stop(1566)) - Stopping the StorageContainerLocationProtocol RPC server
2023-02-16 16:33:53,289 [IPC Server listener on 0] INFO  ipc.Server (Server.java:run(1384)) - Stopping IPC Server listener on 0
2023-02-16 16:33:53,289 [Listener at 127.0.0.1/37073] INFO  server.SCMClientProtocolServer (SCMClientProtocolServer.java:stop(178)) - Stopping the RPC server for Client Protocol
2023-02-16 16:33:53,289 [Listener at 127.0.0.1/37073] INFO  ipc.Server (Server.java:stop(3428)) - Stopping server on 34315
2023-02-16 16:33:53,290 [IPC Server listener on 0] INFO  ipc.Server (Server.java:run(1384)) - Stopping IPC Server listener on 0
2023-02-16 16:33:53,291 [IPC Server Responder] INFO  ipc.Server (Server.java:run(1517)) - Stopping IPC Server Responder
2023-02-16 16:33:53,291 [Listener at 127.0.0.1/37073] INFO  server.StorageContainerManager (StorageContainerManager.java:stop(1573)) - Stopping Storage Container Manager HTTP server.
2023-02-16 16:33:53,291 [Listener at 127.0.0.1/37073] INFO  handler.ContextHandler (ContextHandler.java:doStop(1159)) - Stopped o.e.j.w.WebAppContext@1c0a4f87{scm,/,null,STOPPED}{file:/home/runner/work/ozone/ozone/hadoop-ozone/integration-test/target/test-classes/webapps/scm}
2023-02-16 16:33:53,292 [Listener at 127.0.0.1/37073] INFO  server.AbstractConnector (AbstractConnector.java:doStop(383)) - Stopped ServerConnector@45dfb6a4{HTTP/1.1, (http/1.1)}{0.0.0.0:0}
2023-02-16 16:33:53,292 [Listener at 127.0.0.1/37073] INFO  server.session (HouseKeeper.java:stopScavenging(149)) - node0 Stopped scavenging
2023-02-16 16:33:53,292 [Listener at 127.0.0.1/37073] INFO  handler.ContextHandler (ContextHandler.java:doStop(1159)) - Stopped o.e.j.s.ServletContextHandler@6c2a33af{static,/static,file:///home/runner/work/ozone/ozone/hadoop-ozone/integration-test/target/test-classes/webapps/static,STOPPED}
2023-02-16 16:33:53,292 [Listener at 127.0.0.1/37073] INFO  handler.ContextHandler (ContextHandler.java:doStop(1159)) - Stopped o.e.j.s.ServletContextHandler@1390a43a{logs,/logs,file:///home/runner/work/ozone/ozone/hadoop-ozone/integration-test/target/log,STOPPED}
2023-02-16 16:33:53,293 [Listener at 127.0.0.1/37073] INFO  server.StorageContainerManager (StorageContainerManager.java:stop(1579)) - Stopping SCM LayoutVersionManager Service.
2023-02-16 16:33:53,293 [Listener at 127.0.0.1/37073] INFO  server.StorageContainerManager (StorageContainerManager.java:stop(1587)) - Stopping Block Manager Service.
2023-02-16 16:33:53,293 [Listener at 127.0.0.1/37073] INFO  utils.BackgroundService (BackgroundService.java:shutdown(141)) - Shutting down service SCMBlockDeletingService
2023-02-16 16:33:53,293 [Listener at 127.0.0.1/37073] INFO  utils.BackgroundService (BackgroundService.java:shutdown(141)) - Shutting down service SCMBlockDeletingService
2023-02-16 16:33:53,293 [Listener at 127.0.0.1/37073] INFO  server.StorageContainerManager (StorageContainerManager.java:stop(1609)) - Stopping SCM Event Queue.
2023-02-16 16:33:53,295 [Listener at 127.0.0.1/37073] INFO  server.StorageContainerManager (StorageContainerManager.java:stop(1620)) - Stopping SCM HA services.
2023-02-16 16:33:53,295 [Listener at 127.0.0.1/37073] INFO  pipeline.BackgroundPipelineCreator (BackgroundPipelineCreator.java:stop(149)) - Stopping RatisPipelineUtilsThread.
2023-02-16 16:33:53,295 [RatisPipelineUtilsThread - 0] WARN  pipeline.BackgroundPipelineCreator (BackgroundPipelineCreator.java:run(180)) - RatisPipelineUtilsThread is interrupted.
2023-02-16 16:33:53,296 [Listener at 127.0.0.1/37073] INFO  BackgroundPipelineScrubber (BackgroundSCMService.java:stop(131)) - Stopping BackgroundPipelineScrubber Service.
2023-02-16 16:33:53,296 [BackgroundPipelineScrubberThread] WARN  BackgroundPipelineScrubber (BackgroundSCMService.java:run(115)) - BackgroundPipelineScrubber is interrupted, exit
2023-02-16 16:33:53,296 [Listener at 127.0.0.1/37073] INFO  impl.MetricsSystemImpl (MetricsSystemImpl.java:stop(210)) - Stopping XceiverClientMetrics metrics system...
2023-02-16 16:33:53,301 [prometheus] INFO  impl.MetricsSinkAdapter (MetricsSinkAdapter.java:publishMetricsFromQueue(141)) - prometheus thread interrupted.
2023-02-16 16:33:53,301 [Listener at 127.0.0.1/37073] INFO  impl.MetricsSystemImpl (MetricsSystemImpl.java:stop(216)) - XceiverClientMetrics metrics system stopped.
2023-02-16 16:33:53,301 [Listener at 127.0.0.1/37073] WARN  pipeline.BackgroundPipelineCreator (BackgroundPipelineCreator.java:stop(145)) - RatisPipelineUtilsThread is not running, just ignore.
2023-02-16 16:33:53,301 [Listener at 127.0.0.1/37073] INFO  BackgroundPipelineScrubber (BackgroundSCMService.java:stop(126)) - BackgroundPipelineScrubber Service is not running, skip stop.
2023-02-16 16:33:53,302 [ExpiredContainerReplicaOpScrubberThread] WARN  ExpiredContainerReplicaOpScrubber (BackgroundSCMService.java:run(115)) - ExpiredContainerReplicaOpScrubber is interrupted, exit
2023-02-16 16:33:53,302 [Listener at 127.0.0.1/37073] INFO  ExpiredContainerReplicaOpScrubber (BackgroundSCMService.java:stop(131)) - Stopping ExpiredContainerReplicaOpScrubber Service.
2023-02-16 16:33:53,303 [Listener at 127.0.0.1/37073] INFO  utils.BackgroundService (BackgroundService.java:shutdown(141)) - Shutting down service SCMBlockDeletingService
2023-02-16 16:33:53,303 [Listener at 127.0.0.1/37073] INFO  replication.ReplicationManager (ReplicationManager.java:stop(308)) - Replication Monitor Thread is not running.
2023-02-16 16:33:53,303 [Listener at 127.0.0.1/37073] WARN  balancer.ContainerBalancer (ContainerBalancer.java:stop(322)) - Cannot stop Container Balancer because it's not running or stopping
2023-02-16 16:33:53,303 [Listener at 127.0.0.1/37073] INFO  server.StorageContainerManager (StorageContainerManager.java:stop(1638)) - Stopping SCM MetadataStore.
2023-02-16 16:33:53,369 [Listener at 127.0.0.1/37073] WARN  server.ServerUtils (ServerUtils.java:getScmDbDir(148)) - ozone.scm.db.dirs is not configured. We recommend adding this setting. Falling back to ozone.metadata.dirs instead.
2023-02-16 16:33:53,372 [Listener at 127.0.0.1/37073] WARN  server.ServerUtils (ServerUtils.java:getScmDbDir(148)) - ozone.scm.db.dirs is not configured. We recommend adding this setting. Falling back to ozone.metadata.dirs instead.
2023-02-16 16:33:53,372 [Listener at 127.0.0.1/37073] INFO  ha.SCMHANodeDetails (SCMHANodeDetails.java:loadSCMHAConfig(209)) - ServiceID for StorageContainerManager is null
2023-02-16 16:33:53,372 [Listener at 127.0.0.1/37073] INFO  ha.SCMHANodeDetails (SCMHANodeDetails.java:loadSCMHAConfig(214)) - ozone.scm.default.service.id is not defined, falling back to ozone.scm.service.ids to find serviceID for StorageContainerManager if it is HA enabled cluster
2023-02-16 16:33:53,373 [Listener at 127.0.0.1/37073] WARN  utils.HAUtils (HAUtils.java:getMetaDir(342)) - ozone.scm.db.dirs is not configured. We recommend adding this setting. Falling back to ozone.metadata.dirs instead.
2023-02-16 16:33:53,374 [Listener at 127.0.0.1/37073] WARN  db.DBStoreBuilder (DBStoreBuilder.java:applyDBDefinition(172)) - ozone.scm.db.dirs is not configured. We recommend adding this setting. Falling back to ozone.metadata.dirs instead.
2023-02-16 16:33:53,484 [Listener at 127.0.0.1/37073] INFO  net.NodeSchemaLoader (NodeSchemaLoader.java:loadSchemaFromFile(129)) - Loading schema from [jar:file:/home/runner/.m2/repository/org/apache/ozone/hdds-common/1.4.0-SNAPSHOT/hdds-common-1.4.0-SNAPSHOT.jar!/network-topology-default.xml]
2023-02-16 16:33:53,485 [Listener at 127.0.0.1/37073] INFO  net.NodeSchemaLoader (NodeSchemaLoader.java:loadSchema(176)) - Loading network topology layer schema file
2023-02-16 16:33:53,487 [Listener at 127.0.0.1/37073] INFO  upgrade.AbstractLayoutVersionManager (AbstractLayoutVersionManager.java:init(83)) - Initializing Layout version manager with metadata layout = DATANODE_SCHEMA_V3 (version = 4), software layout = DATANODE_SCHEMA_V3 (version = 4)
2023-02-16 16:33:53,532 [Listener at 127.0.0.1/37073] INFO  reflections.Reflections (Reflections.java:scan(232)) - Reflections took 44 ms to scan 7 urls, producing 150 keys and 362 values 
2023-02-16 16:33:53,534 [Listener at 127.0.0.1/37073] INFO  ha.SequenceIdGenerator (SequenceIdGenerator.java:upgradeToSequenceId(349)) - upgrade localId to 111677748019200000
2023-02-16 16:33:53,534 [Listener at 127.0.0.1/37073] INFO  ha.SequenceIdGenerator (SequenceIdGenerator.java:upgradeToSequenceId(359)) - upgrade delTxnId to 0
2023-02-16 16:33:53,534 [Listener at 127.0.0.1/37073] INFO  ha.SequenceIdGenerator (SequenceIdGenerator.java:upgradeToSequenceId(376)) - upgrade containerId to 0
2023-02-16 16:33:53,534 [Listener at 127.0.0.1/37073] INFO  ha.SequenceIdGenerator (SequenceIdGenerator.java:<init>(220)) - Init the HA SequenceIdGenerator.
2023-02-16 16:33:53,534 [Listener at 127.0.0.1/37073] WARN  server.ServerUtils (ServerUtils.java:sanitizeUserArgs(73)) - ozone.scm.stale.node.interval value = 300000 is larger than max = 100000 based on the key value of ozone.scm.heartbeat.thread.interval, reset to the max value 100000.
2023-02-16 16:33:53,534 [Listener at 127.0.0.1/37073] WARN  server.ServerUtils (ServerUtils.java:sanitizeUserArgs(73)) - ozone.scm.stale.node.interval value = 300000 is larger than max = 100000 based on the key value of ozone.scm.heartbeat.thread.interval, reset to the max value 100000.
2023-02-16 16:33:53,535 [Listener at 127.0.0.1/37073] INFO  node.SCMNodeManager (SCMNodeManager.java:<init>(149)) - Entering startup safe mode.
2023-02-16 16:33:53,535 [Listener at 127.0.0.1/37073] INFO  algorithms.ContainerPlacementPolicyFactory (ContainerPlacementPolicyFactory.java:getPolicyInternal(86)) - Create container placement policy of type org.apache.hadoop.hdds.scm.container.placement.algorithms.SCMContainerPlacementRandom
2023-02-16 16:33:53,535 [Listener at 127.0.0.1/37073] INFO  algorithms.ContainerPlacementPolicyFactory (ContainerPlacementPolicyFactory.java:getPolicyInternal(86)) - Create container placement policy of type org.apache.hadoop.hdds.scm.container.placement.algorithms.SCMContainerPlacementRackScatter
2023-02-16 16:33:53,535 [Listener at 127.0.0.1/37073] INFO  pipeline.PipelineStateManagerImpl (PipelineStateManagerImpl.java:initialize(78)) - No pipeline exists in current db
2023-02-16 16:33:53,536 [Listener at 127.0.0.1/37073] INFO  algorithms.LeaderChoosePolicyFactory (LeaderChoosePolicyFactory.java:getPolicy(57)) - Create leader choose policy of type org.apache.hadoop.hdds.scm.pipeline.leader.choose.algorithms.MinLeaderCountChoosePolicy
2023-02-16 16:33:53,536 [Listener at 127.0.0.1/37073] INFO  algorithms.ContainerPlacementPolicyFactory (ContainerPlacementPolicyFactory.java:getPolicyInternal(86)) - Create container placement policy of type org.apache.hadoop.hdds.scm.container.placement.algorithms.SCMContainerPlacementRackScatter
2023-02-16 16:33:53,536 [Listener at 127.0.0.1/37073] INFO  ha.SCMServiceManager (SCMServiceManager.java:register(42)) - Registering service BackgroundPipelineCreator.
2023-02-16 16:33:53,536 [Listener at 127.0.0.1/37073] INFO  pipeline.BackgroundPipelineCreator (BackgroundPipelineCreator.java:start(124)) - Starting RatisPipelineUtilsThread.
2023-02-16 16:33:53,536 [Listener at 127.0.0.1/37073] INFO  BackgroundPipelineScrubber (BackgroundSCMService.java:start(68)) - Starting BackgroundPipelineScrubber Service.
2023-02-16 16:33:53,536 [Listener at 127.0.0.1/37073] INFO  ha.SCMServiceManager (SCMServiceManager.java:register(42)) - Registering service BackgroundPipelineScrubber.
2023-02-16 16:33:53,537 [Listener at 127.0.0.1/37073] INFO  ExpiredContainerReplicaOpScrubber (BackgroundSCMService.java:start(68)) - Starting ExpiredContainerReplicaOpScrubber Service.
2023-02-16 16:33:53,537 [Listener at 127.0.0.1/37073] INFO  ha.SCMServiceManager (SCMServiceManager.java:register(42)) - Registering service ExpiredContainerReplicaOpScrubber.
2023-02-16 16:33:53,538 [Listener at 127.0.0.1/37073] INFO  algorithms.PipelineChoosePolicyFactory (PipelineChoosePolicyFactory.java:createPipelineChoosePolicyFromClass(73)) - Create pipeline choose policy of type org.apache.hadoop.hdds.scm.pipeline.choose.algorithms.RandomPipelineChoosePolicy
2023-02-16 16:33:53,538 [Listener at 127.0.0.1/37073] INFO  ha.SCMServiceManager (SCMServiceManager.java:register(42)) - Registering service SCMBlockDeletingService.
2023-02-16 16:33:53,538 [Listener at 127.0.0.1/37073] INFO  replication.ReplicationManager (ReplicationManager.java:start(265)) - Starting Replication Monitor Thread.
2023-02-16 16:33:53,539 [Listener at 127.0.0.1/37073] INFO  ha.SCMServiceManager (SCMServiceManager.java:register(42)) - Registering service ReplicationManager.
2023-02-16 16:33:53,539 [Listener at 127.0.0.1/37073] INFO  safemode.ContainerSafeModeRule (ContainerSafeModeRule.java:<init>(89)) - containers with one replica threshold count 0
2023-02-16 16:33:53,539 [Listener at 127.0.0.1/37073] INFO  safemode.HealthyPipelineSafeModeRule (HealthyPipelineSafeModeRule.java:initializeRule(169)) - Total pipeline count is 0, healthy pipeline threshold count is 1
2023-02-16 16:33:53,540 [Listener at 127.0.0.1/37073] INFO  safemode.OneReplicaPipelineSafeModeRule (OneReplicaPipelineSafeModeRule.java:initializeRule(180)) - Total pipeline count is 0, pipeline's with at least one datanode reported threshold count is 0
2023-02-16 16:33:53,541 [Listener at 127.0.0.1/37073] INFO  ipc.CallQueueManager (CallQueueManager.java:<init>(90)) - Using callQueue: class java.util.concurrent.LinkedBlockingQueue, queueCapacity: 2000, scheduler: class org.apache.hadoop.ipc.DefaultRpcScheduler, ipcBackoff: false.
2023-02-16 16:33:53,542 [Socket Reader #1 for port 0] INFO  ipc.Server (Server.java:run(1273)) - Starting Socket Reader #1 for port 0
2023-02-16 16:33:53,542 [Listener at 0.0.0.0/42729] INFO  ipc.CallQueueManager (CallQueueManager.java:<init>(90)) - Using callQueue: class java.util.concurrent.LinkedBlockingQueue, queueCapacity: 2000, scheduler: class org.apache.hadoop.ipc.DefaultRpcScheduler, ipcBackoff: false.
2023-02-16 16:33:53,547 [ReplicationMonitor] INFO  replication.ReplicationManager (ReplicationManager.java:processAll(340)) - Replication Manager is not ready to run until 3000ms after safemode exit
2023-02-16 16:33:53,547 [Socket Reader #1 for port 0] INFO  ipc.Server (Server.java:run(1273)) - Starting Socket Reader #1 for port 0
2023-02-16 16:33:53,548 [Listener at 0.0.0.0/37173] INFO  ipc.CallQueueManager (CallQueueManager.java:<init>(90)) - Using callQueue: class java.util.concurrent.LinkedBlockingQueue, queueCapacity: 2000, scheduler: class org.apache.hadoop.ipc.DefaultRpcScheduler, ipcBackoff: false.
2023-02-16 16:33:53,548 [Socket Reader #1 for port 0] INFO  ipc.Server (Server.java:run(1273)) - Starting Socket Reader #1 for port 0
2023-02-16 16:33:53,551 [Listener at 0.0.0.0/37175] INFO  ha.SCMServiceManager (SCMServiceManager.java:register(42)) - Registering service ContainerBalancer.
2023-02-16 16:33:53,551 [Listener at 0.0.0.0/37175] INFO  server.StorageContainerManager (StorageContainerManager.java:<init>(401)) - 
Container Balancer status:
Key                            Value
Running                        true
Container Balancer Configuration values:
Key                                                Value
Threshold                                          10
Max Datanodes to Involve per Iteration(percent)    20
Max Size to Move per Iteration                     500GB
Max Size Entering Target per Iteration             26GB
Max Size Leaving Source per Iteration              26GB

2023-02-16 16:33:53,551 [Listener at 0.0.0.0/37175] INFO  ha.SCMContext (SCMContext.java:updateSafeModeStatus(228)) - Update SafeModeStatus from SafeModeStatus{safeModeStatus=true, preCheckPassed=false} to SafeModeStatus{safeModeStatus=true, preCheckPassed=false}.
2023-02-16 16:33:53,552 [Listener at 0.0.0.0/37175] INFO  server.StorageContainerManager (StorageContainerManager.java:start(1435)) - StorageContainerLocationProtocol RPC server is listening at /0.0.0.0:37175
2023-02-16 16:33:53,553 [Listener at 0.0.0.0/37175] WARN  impl.MetricsConfig (MetricsConfig.java:loadFirst(136)) - Cannot locate configuration: tried hadoop-metrics2-storagecontainermanager.properties,hadoop-metrics2.properties
2023-02-16 16:33:53,555 [Listener at 0.0.0.0/37175] INFO  impl.MetricsSystemImpl (MetricsSystemImpl.java:startTimer(378)) - Scheduled Metric snapshot period at 10 second(s).
2023-02-16 16:33:53,555 [Listener at 0.0.0.0/37175] INFO  impl.MetricsSystemImpl (MetricsSystemImpl.java:start(191)) - StorageContainerManager metrics system started
2023-02-16 16:33:53,579 [Listener at 0.0.0.0/37175] INFO  impl.MetricsSinkAdapter (MetricsSinkAdapter.java:start(204)) - Sink prometheus started
2023-02-16 16:33:53,579 [Listener at 0.0.0.0/37175] INFO  impl.MetricsSystemImpl (MetricsSystemImpl.java:registerSink(305)) - Registered sink prometheus
2023-02-16 16:33:53,591 [Listener at 0.0.0.0/37175] INFO  server.SCMClientProtocolServer (SCMClientProtocolServer.java:start(169)) - RPC server for Client  is listening at /0.0.0.0:37175
2023-02-16 16:33:53,591 [IPC Server Responder] INFO  ipc.Server (Server.java:run(1512)) - IPC Server Responder: starting
2023-02-16 16:33:53,591 [IPC Server listener on 0] INFO  ipc.Server (Server.java:run(1352)) - IPC Server listener on 0: starting
2023-02-16 16:33:53,597 [Listener at 0.0.0.0/37175] INFO  server.StorageContainerManager (StorageContainerManager.java:start(1449)) - ScmBlockLocationProtocol RPC server is listening at /0.0.0.0:37173
2023-02-16 16:33:53,598 [Listener at 0.0.0.0/37175] INFO  server.SCMBlockProtocolServer (SCMBlockProtocolServer.java:start(152)) - RPC server for Block Protocol is listening at /0.0.0.0:37173
2023-02-16 16:33:53,598 [IPC Server Responder] INFO  ipc.Server (Server.java:run(1512)) - IPC Server Responder: starting
2023-02-16 16:33:53,598 [IPC Server listener on 0] INFO  ipc.Server (Server.java:run(1352)) - IPC Server listener on 0: starting
2023-02-16 16:33:53,607 [Listener at 0.0.0.0/37175] INFO  server.SCMDatanodeProtocolServer (SCMDatanodeProtocolServer.java:start(193)) - ScmDatanodeProtocol RPC server for DataNodes is listening at /0.0.0.0:42729
2023-02-16 16:33:53,608 [IPC Server Responder] INFO  ipc.Server (Server.java:run(1512)) - IPC Server Responder: starting
2023-02-16 16:33:53,608 [IPC Server listener on 0] INFO  ipc.Server (Server.java:run(1352)) - IPC Server listener on 0: starting
2023-02-16 16:33:53,618 [Listener at 0.0.0.0/37175] INFO  http.BaseHttpServer (BaseHttpServer.java:newHttpServer2BuilderForOzone(213)) - Starting Web-server for scm at: http://0.0.0.0:0
2023-02-16 16:33:53,618 [Listener at 0.0.0.0/37175] INFO  http.BaseHttpServer (BaseHttpServer.java:<init>(108)) - Hadoop Security Enabled: false Ozone Security Enabled: false Ozone HTTP Security Enabled: false 
2023-02-16 16:33:53,619 [org.apache.hadoop.util.JvmPauseMonitor$Monitor@74d9fd6c] INFO  util.JvmPauseMonitor (JvmPauseMonitor.java:run(188)) - Starting JVM pause monitor
2023-02-16 16:33:53,620 [Listener at 0.0.0.0/37175] WARN  server.AuthenticationFilter (AuthenticationFilter.java:constructSecretProvider(240)) - Unable to initialize FileSignerSecretProvider, falling back to use random secrets. Reason: Could not read signature secret file: /home/runner/hadoop-http-auth-signature-secret
2023-02-16 16:33:53,620 [Listener at 0.0.0.0/37175] WARN  http.HttpRequestLog (HttpRequestLog.java:getRequestLog(103)) - Jetty request log can only be enabled using Log4j
2023-02-16 16:33:53,622 [Listener at 0.0.0.0/37175] INFO  http.HttpServer2 (HttpServer2.java:addGlobalFilter(1031)) - Added global filter 'safety' (class=org.apache.hadoop.hdds.server.http.HttpServer2$QuotingInputFilter)
2023-02-16 16:33:53,623 [Listener at 0.0.0.0/37175] INFO  http.HttpServer2 (HttpServer2.java:addFilter(1007)) - Added filter static_user_filter (class=org.apache.hadoop.http.lib.StaticUserWebFilter$StaticUserFilter) to context scm
2023-02-16 16:33:53,623 [Listener at 0.0.0.0/37175] INFO  http.HttpServer2 (HttpServer2.java:addFilter(1015)) - Added filter static_user_filter (class=org.apache.hadoop.http.lib.StaticUserWebFilter$StaticUserFilter) to context logs
2023-02-16 16:33:53,623 [Listener at 0.0.0.0/37175] INFO  http.HttpServer2 (HttpServer2.java:addFilter(1015)) - Added filter static_user_filter (class=org.apache.hadoop.http.lib.StaticUserWebFilter$StaticUserFilter) to context static
2023-02-16 16:33:53,624 [Listener at 0.0.0.0/37175] INFO  http.HttpServer2 (HttpServer2.java:bindListener(1250)) - Jetty bound to port 42987
2023-02-16 16:33:53,624 [Listener at 0.0.0.0/37175] INFO  server.Server (Server.java:doStart(375)) - jetty-9.4.49.v20220914; built: 2022-09-14T01:07:36.601Z; git: 4231a3b2e4cb8548a412a789936d640a97b1aa0a; jvm 1.8.0_362-b09
2023-02-16 16:33:53,625 [Listener at 0.0.0.0/37175] INFO  server.session (DefaultSessionIdManager.java:doStart(334)) - DefaultSessionIdManager workerName=node0
2023-02-16 16:33:53,626 [Listener at 0.0.0.0/37175] INFO  server.session (DefaultSessionIdManager.java:doStart(339)) - No SessionScavenger set, using defaults
2023-02-16 16:33:53,626 [Listener at 0.0.0.0/37175] INFO  server.session (HouseKeeper.java:startScavenging(132)) - node0 Scavenging every 660000ms
2023-02-16 16:33:53,626 [Listener at 0.0.0.0/37175] INFO  handler.ContextHandler (ContextHandler.java:doStart(921)) - Started o.e.j.s.ServletContextHandler@74db90d7{logs,/logs,file:///home/runner/work/ozone/ozone/hadoop-ozone/integration-test/target/log,AVAILABLE}
2023-02-16 16:33:53,627 [Listener at 0.0.0.0/37175] INFO  handler.ContextHandler (ContextHandler.java:doStart(921)) - Started o.e.j.s.ServletContextHandler@139866a7{static,/static,file:///home/runner/work/ozone/ozone/hadoop-ozone/integration-test/target/test-classes/webapps/static,AVAILABLE}
2023-02-16 16:33:53,630 [Listener at 0.0.0.0/37175] INFO  handler.ContextHandler (ContextHandler.java:doStart(921)) - Started o.e.j.w.WebAppContext@52c1775c{scm,/,file:///home/runner/work/ozone/ozone/hadoop-ozone/integration-test/target/test-classes/webapps/scm/,AVAILABLE}{file:/home/runner/work/ozone/ozone/hadoop-ozone/integration-test/target/test-classes/webapps/scm}
2023-02-16 16:33:53,635 [Listener at 0.0.0.0/37175] INFO  server.AbstractConnector (AbstractConnector.java:doStart(333)) - Started ServerConnector@35873792{HTTP/1.1, (http/1.1)}{0.0.0.0:42987}
2023-02-16 16:33:53,635 [Listener at 0.0.0.0/37175] INFO  server.Server (Server.java:doStart(415)) - Started @67237ms
2023-02-16 16:33:53,635 [Listener at 0.0.0.0/37175] WARN  impl.MetricsSystemImpl (MetricsSystemImpl.java:register(279)) - Sink prometheus already exists!
2023-02-16 16:33:53,636 [Listener at 0.0.0.0/37175] INFO  http.BaseHttpServer (BaseHttpServer.java:updateConnectorAddress(333)) - HTTP server of scm listening at http://0.0.0.0:42987
2023-02-16 16:33:53,636 [Listener at 0.0.0.0/37175] WARN  server.ServerUtils (ServerUtils.java:getDBPath(225)) - ozone.om.db.dirs is not configured. We recommend adding this setting. Falling back to ozone.metadata.dirs instead.
2023-02-16 16:33:53,637 [Listener at 0.0.0.0/37175] INFO  ha.OMHANodeDetails (OMHANodeDetails.java:loadOMHAConfig(115)) - ozone.om.internal.service.id is not defined, falling back to ozone.om.service.ids to find serviceID for OzoneManager if it is HA enabled cluster
2023-02-16 16:33:53,638 [Listener at 0.0.0.0/37175] INFO  ha.OMHANodeDetails (OMHANodeDetails.java:loadOMHAConfig(226)) - Configuration does not have ozone.om.address set. Falling back to the default OM address /127.0.0.1:0
2023-02-16 16:33:53,638 [Listener at 0.0.0.0/37175] INFO  ha.OMHANodeDetails (OMHANodeDetails.java:getOMNodeDetailsForNonHA(254)) - OM Service ID is not set. Setting it to the default ID: omServiceIdDefault
2023-02-16 16:33:53,638 [Listener at 0.0.0.0/37175] INFO  ha.OMHANodeDetails (OMHANodeDetails.java:getOMNodeDetailsForNonHA(261)) - OM Node ID is not set. Setting it to the default ID: om1
2023-02-16 16:33:53,638 [Listener at 0.0.0.0/37175] WARN  server.ServerUtils (ServerUtils.java:getDBPath(225)) - ozone.om.db.dirs is not configured. We recommend adding this setting. Falling back to ozone.metadata.dirs instead.
2023-02-16 16:33:53,639 [Listener at 0.0.0.0/37175] INFO  upgrade.AbstractLayoutVersionManager (AbstractLayoutVersionManager.java:init(83)) - Initializing Layout version manager with metadata layout = MULTITENANCY_SCHEMA (version = 3), software layout = MULTITENANCY_SCHEMA (version = 3)
2023-02-16 16:33:53,709 [Listener at 0.0.0.0/37175] INFO  reflections.Reflections (Reflections.java:scan(232)) - Reflections took 69 ms to scan 2 urls, producing 166 keys and 457 values [using 2 cores]
2023-02-16 16:33:53,710 [Listener at 0.0.0.0/37175] INFO  upgrade.OMLayoutVersionManager (OMLayoutVersionManager.java:lambda$0(115)) - Skipping Upgrade Action MockOmUpgradeAction since it has been finalized.
2023-02-16 16:33:53,710 [Listener at 0.0.0.0/37175] WARN  server.ServerUtils (ServerUtils.java:getDBPath(225)) - ozone.om.db.dirs is not configured. We recommend adding this setting. Falling back to ozone.metadata.dirs instead.
2023-02-16 16:33:53,710 [Listener at 0.0.0.0/37175] INFO  proxy.SCMBlockLocationFailoverProxyProvider (SCMBlockLocationFailoverProxyProvider.java:<init>(114)) - Created block location fail-over proxy with 1 nodes: [nodeId=scmNodeId,nodeAddress=/0.0.0.0:37173]
2023-02-16 16:33:53,715 [Listener at 0.0.0.0/37175] INFO  proxy.SCMBlockLocationFailoverProxyProvider (SCMBlockLocationFailoverProxyProvider.java:<init>(114)) - Created block location fail-over proxy with 1 nodes: [nodeId=scmNodeId,nodeAddress=/0.0.0.0:37173]
2023-02-16 16:33:53,722 [Listener at 0.0.0.0/37175] INFO  om.OzoneManager (OzoneManager.java:<init>(615)) - OM start with adminUsers: [runner]
2023-02-16 16:33:53,723 [Listener at 0.0.0.0/37175] WARN  server.ServerUtils (ServerUtils.java:getDBPath(225)) - ozone.om.db.dirs is not configured. We recommend adding this setting. Falling back to ozone.metadata.dirs instead.
2023-02-16 16:33:53,724 [Listener at 0.0.0.0/37175] INFO  codec.OmKeyInfoCodec (OmKeyInfoCodec.java:<init>(49)) - OmKeyInfoCodec ignorePipeline = true
2023-02-16 16:33:53,724 [Listener at 0.0.0.0/37175] INFO  codec.RepeatedOmKeyInfoCodec (RepeatedOmKeyInfoCodec.java:<init>(41)) - RepeatedOmKeyInfoCodec ignorePipeline = true
2023-02-16 16:33:53,875 [Listener at 0.0.0.0/37175] INFO  om.OzoneManager (OzoneManager.java:instantiateServices(745)) - S3 Multi-Tenancy is disabled
2023-02-16 16:33:53,876 [Listener at 0.0.0.0/37175] WARN  server.ServerUtils (ServerUtils.java:getDBPath(225)) - ozone.om.snapshot.diff.db.dir is not configured. We recommend adding this setting. Falling back to ozone.metadata.dirs instead.
2023-02-16 16:33:53,894 [Listener at 0.0.0.0/37175] INFO  om.OzoneManager (OzoneManager.java:addS3GVolumeToDB(4177)) - Created Volume s3v With Owner runner required for S3Gateway operations.
2023-02-16 16:33:53,894 [Listener at 0.0.0.0/37175] INFO  om.OzoneManager (OzoneManager.java:getRpcServer(1128)) - Creating RPC Server
2023-02-16 16:33:54,277 [Listener at 0.0.0.0/37175] INFO  reflections.Reflections (Reflections.java:scan(232)) - Reflections took 379 ms to scan 19 urls, producing 69 keys and 4806 values [using 2 cores]
2023-02-16 16:33:54,278 [Listener at 0.0.0.0/37175] INFO  ipc.CallQueueManager (CallQueueManager.java:<init>(90)) - Using callQueue: class java.util.concurrent.LinkedBlockingQueue, queueCapacity: 2000, scheduler: class org.apache.hadoop.ipc.DefaultRpcScheduler, ipcBackoff: false.
2023-02-16 16:33:54,282 [Socket Reader #1 for port 0] INFO  ipc.Server (Server.java:run(1273)) - Starting Socket Reader #1 for port 0
2023-02-16 16:33:54,301 [Listener at 127.0.0.1/46781] INFO  impl.MetricsSystemImpl (MetricsSystemImpl.java:init(158)) - OzoneManager metrics system started (again)
2023-02-16 16:33:54,314 [Listener at 127.0.0.1/46781] INFO  om.OzoneManager (OzoneManager.java:start(1548)) - OzoneManager RPC server is listening at localhost/127.0.0.1:46781
2023-02-16 16:33:54,314 [Listener at 127.0.0.1/46781] INFO  om.OzoneManager (OzoneManager.java:start(1564)) - Version File has different layout version (3) than OM DB (null). That is expected if this OM has never been finalized to a newer layout version.
2023-02-16 16:33:54,320 [Listener at 127.0.0.1/46781] INFO  http.BaseHttpServer (BaseHttpServer.java:newHttpServer2BuilderForOzone(213)) - Starting Web-server for ozoneManager at: http://0.0.0.0:0
2023-02-16 16:33:54,320 [Listener at 127.0.0.1/46781] INFO  http.BaseHttpServer (BaseHttpServer.java:<init>(108)) - Hadoop Security Enabled: false Ozone Security Enabled: false Ozone HTTP Security Enabled: false 
2023-02-16 16:33:54,322 [Listener at 127.0.0.1/46781] WARN  server.AuthenticationFilter (AuthenticationFilter.java:constructSecretProvider(240)) - Unable to initialize FileSignerSecretProvider, falling back to use random secrets. Reason: Could not read signature secret file: /home/runner/hadoop-http-auth-signature-secret
2023-02-16 16:33:54,323 [Listener at 127.0.0.1/46781] WARN  http.HttpRequestLog (HttpRequestLog.java:getRequestLog(103)) - Jetty request log can only be enabled using Log4j
2023-02-16 16:33:54,328 [Listener at 127.0.0.1/46781] INFO  http.HttpServer2 (HttpServer2.java:addGlobalFilter(1031)) - Added global filter 'safety' (class=org.apache.hadoop.hdds.server.http.HttpServer2$QuotingInputFilter)
2023-02-16 16:33:54,329 [Listener at 127.0.0.1/46781] INFO  http.HttpServer2 (HttpServer2.java:addFilter(1007)) - Added filter static_user_filter (class=org.apache.hadoop.http.lib.StaticUserWebFilter$StaticUserFilter) to context ozoneManager
2023-02-16 16:33:54,329 [Listener at 127.0.0.1/46781] INFO  http.HttpServer2 (HttpServer2.java:addFilter(1015)) - Added filter static_user_filter (class=org.apache.hadoop.http.lib.StaticUserWebFilter$StaticUserFilter) to context logs
2023-02-16 16:33:54,329 [Listener at 127.0.0.1/46781] INFO  http.HttpServer2 (HttpServer2.java:addFilter(1015)) - Added filter static_user_filter (class=org.apache.hadoop.http.lib.StaticUserWebFilter$StaticUserFilter) to context static
2023-02-16 16:33:54,330 [Listener at 127.0.0.1/46781] INFO  http.HttpServer2 (HttpServer2.java:bindListener(1250)) - Jetty bound to port 36765
2023-02-16 16:33:54,330 [Listener at 127.0.0.1/46781] INFO  server.Server (Server.java:doStart(375)) - jetty-9.4.49.v20220914; built: 2022-09-14T01:07:36.601Z; git: 4231a3b2e4cb8548a412a789936d640a97b1aa0a; jvm 1.8.0_362-b09
2023-02-16 16:33:54,331 [Listener at 127.0.0.1/46781] INFO  server.session (DefaultSessionIdManager.java:doStart(334)) - DefaultSessionIdManager workerName=node0
2023-02-16 16:33:54,331 [Listener at 127.0.0.1/46781] INFO  server.session (DefaultSessionIdManager.java:doStart(339)) - No SessionScavenger set, using defaults
2023-02-16 16:33:54,331 [Listener at 127.0.0.1/46781] INFO  server.session (HouseKeeper.java:startScavenging(132)) - node0 Scavenging every 600000ms
2023-02-16 16:33:54,332 [Listener at 127.0.0.1/46781] INFO  handler.ContextHandler (ContextHandler.java:doStart(921)) - Started o.e.j.s.ServletContextHandler@e2bfcfb{logs,/logs,file:///home/runner/work/ozone/ozone/hadoop-ozone/integration-test/target/log,AVAILABLE}
2023-02-16 16:33:54,332 [Listener at 127.0.0.1/46781] INFO  handler.ContextHandler (ContextHandler.java:doStart(921)) - Started o.e.j.s.ServletContextHandler@1ca06c48{static,/static,file:///home/runner/work/ozone/ozone/hadoop-ozone/integration-test/target/test-classes/webapps/static,AVAILABLE}
2023-02-16 16:33:54,335 [Listener at 127.0.0.1/46781] INFO  handler.ContextHandler (ContextHandler.java:doStart(921)) - Started o.e.j.w.WebAppContext@78a923cb{ozoneManager,/,file:///home/runner/work/ozone/ozone/hadoop-ozone/integration-test/target/test-classes/webapps/ozoneManager/,AVAILABLE}{file:/home/runner/work/ozone/ozone/hadoop-ozone/integration-test/target/test-classes/webapps/ozoneManager}
2023-02-16 16:33:54,339 [Listener at 127.0.0.1/46781] INFO  server.AbstractConnector (AbstractConnector.java:doStart(333)) - Started ServerConnector@82d0b87{HTTP/1.1, (http/1.1)}{0.0.0.0:36765}
2023-02-16 16:33:54,339 [Listener at 127.0.0.1/46781] INFO  server.Server (Server.java:doStart(415)) - Started @67941ms
2023-02-16 16:33:54,339 [Listener at 127.0.0.1/46781] WARN  impl.MetricsSystemImpl (MetricsSystemImpl.java:register(279)) - Sink prometheus already exists!
2023-02-16 16:33:54,340 [Listener at 127.0.0.1/46781] INFO  http.BaseHttpServer (BaseHttpServer.java:updateConnectorAddress(333)) - HTTP server of ozoneManager listening at http://0.0.0.0:36765
2023-02-16 16:33:54,340 [IPC Server Responder] INFO  ipc.Server (Server.java:run(1512)) - IPC Server Responder: starting
2023-02-16 16:33:54,340 [IPC Server listener on 0] INFO  ipc.Server (Server.java:run(1352)) - IPC Server listener on 0: starting
2023-02-16 16:33:54,346 [Listener at 127.0.0.1/46781] INFO  om.TrashPolicyOzone (TrashPolicyOzone.java:<init>(277)) - Ozone Manager trash configuration: Deletion interval = 0 minutes, Emptier interval = 0 minutes.
2023-02-16 16:33:54,371 [org.apache.hadoop.util.JvmPauseMonitor$Monitor@4614740] INFO  util.JvmPauseMonitor (JvmPauseMonitor.java:run(188)) - Starting JVM pause monitor
2023-02-16 16:33:54,374 [Listener at 127.0.0.1/46781] INFO  impl.MetricsSystemImpl (MetricsSystemImpl.java:init(158)) - HddsDatanode metrics system started (again)
2023-02-16 16:33:54,386 [Listener at 127.0.0.1/46781] INFO  ozone.HddsDatanodeService (HddsDatanodeService.java:start(228)) - HddsDatanodeService host:fv-az167-289.21ktoceh2wee5fewwtpg1zd01g.bx.internal.cloudapp.net ip:10.1.0.66
2023-02-16 16:33:54,406 [Listener at 127.0.0.1/46781] INFO  upgrade.AbstractLayoutVersionManager (AbstractLayoutVersionManager.java:init(83)) - Initializing Layout version manager with metadata layout = DATANODE_SCHEMA_V3 (version = 4), software layout = DATANODE_SCHEMA_V3 (version = 4)
2023-02-16 16:33:54,530 [Listener at 127.0.0.1/46781] INFO  reflections.Reflections (Reflections.java:scan(232)) - Reflections took 123 ms to scan 7 urls, producing 150 keys and 362 values 
2023-02-16 16:33:54,531 [Listener at 127.0.0.1/46781] INFO  statemachine.DatanodeStateMachine (DatanodeStateMachine.java:getEndPointTaskThreadPoolSize(260)) - Datanode State Machine Task Thread Pool size 2
2023-02-16 16:33:54,533 [Listener at 127.0.0.1/46781] INFO  volume.HddsVolume (HddsVolume.java:<init>(122)) - Creating HddsVolume: /home/runner/work/ozone/ozone/hadoop-ozone/integration-test/target/test-dir/MiniOzoneClusterImpl-34b8c8ad-1b7a-4f1a-91f5-8cb1859b150b/datanode-0/data-0/containers/hdds of storage type : DISK capacity : 9223372036854775807
2023-02-16 16:33:54,533 [Listener at 127.0.0.1/46781] INFO  volume.MutableVolumeSet (MutableVolumeSet.java:initializeVolumeSet(174)) - Added Volume : /home/runner/work/ozone/ozone/hadoop-ozone/integration-test/target/test-dir/MiniOzoneClusterImpl-34b8c8ad-1b7a-4f1a-91f5-8cb1859b150b/datanode-0/data-0/containers/hdds to VolumeSet
2023-02-16 16:33:54,533 [Listener at 127.0.0.1/46781] INFO  volume.ThrottledAsyncChecker (ThrottledAsyncChecker.java:schedule(141)) - Scheduling a check for /home/runner/work/ozone/ozone/hadoop-ozone/integration-test/target/test-dir/MiniOzoneClusterImpl-34b8c8ad-1b7a-4f1a-91f5-8cb1859b150b/datanode-0/data-0/containers/hdds
2023-02-16 16:33:54,534 [Listener at 127.0.0.1/46781] INFO  volume.StorageVolumeChecker (StorageVolumeChecker.java:checkAllVolumes(202)) - Scheduled health check for volume /home/runner/work/ozone/ozone/hadoop-ozone/integration-test/target/test-dir/MiniOzoneClusterImpl-34b8c8ad-1b7a-4f1a-91f5-8cb1859b150b/datanode-0/data-0/containers/hdds
2023-02-16 16:33:54,548 [Listener at 127.0.0.1/46781] INFO  volume.MutableVolumeSet (MutableVolumeSet.java:initializeVolumeSet(174)) - Added Volume : /home/runner/work/ozone/ozone/hadoop-ozone/integration-test/target/test-dir/MiniOzoneClusterImpl-34b8c8ad-1b7a-4f1a-91f5-8cb1859b150b/datanode-0/data/ratis to VolumeSet
2023-02-16 16:33:54,548 [Listener at 127.0.0.1/46781] INFO  volume.ThrottledAsyncChecker (ThrottledAsyncChecker.java:schedule(141)) - Scheduling a check for /home/runner/work/ozone/ozone/hadoop-ozone/integration-test/target/test-dir/MiniOzoneClusterImpl-34b8c8ad-1b7a-4f1a-91f5-8cb1859b150b/datanode-0/data/ratis
2023-02-16 16:33:54,549 [Listener at 127.0.0.1/46781] INFO  volume.StorageVolumeChecker (StorageVolumeChecker.java:checkAllVolumes(202)) - Scheduled health check for volume /home/runner/work/ozone/ozone/hadoop-ozone/integration-test/target/test-dir/MiniOzoneClusterImpl-34b8c8ad-1b7a-4f1a-91f5-8cb1859b150b/datanode-0/data/ratis
2023-02-16 16:33:54,561 [Thread-592] INFO  ozoneimpl.ContainerReader (ContainerReader.java:readVolume(175)) - Finish verifying containers on volume /home/runner/work/ozone/ozone/hadoop-ozone/integration-test/target/test-dir/MiniOzoneClusterImpl-34b8c8ad-1b7a-4f1a-91f5-8cb1859b150b/datanode-0/data-0/containers/hdds
2023-02-16 16:33:54,562 [Listener at 127.0.0.1/46781] INFO  ozoneimpl.OzoneContainer (OzoneContainer.java:buildContainerSet(304)) - Build ContainerSet costs 0s
2023-02-16 16:33:54,564 [Listener at 127.0.0.1/46781] INFO  server.RaftServer (ConfUtils.java:logGet(46)) - raft.rpc.type = GRPC (default)
2023-02-16 16:33:54,564 [Listener at 127.0.0.1/46781] INFO  grpc.GrpcConfigKeys (ConfUtils.java:logFallback(53)) - raft.grpc.admin.host = null (fallback to raft.grpc.server.host)
2023-02-16 16:33:54,565 [Listener at 127.0.0.1/46781] INFO  grpc.GrpcConfigKeys (ConfUtils.java:logGet(46)) - raft.grpc.admin.port = 0 (custom)
2023-02-16 16:33:54,565 [Listener at 127.0.0.1/46781] INFO  grpc.GrpcConfigKeys (ConfUtils.java:logFallback(53)) - raft.grpc.client.host = null (fallback to raft.grpc.server.host)
2023-02-16 16:33:54,565 [Listener at 127.0.0.1/46781] INFO  grpc.GrpcConfigKeys (ConfUtils.java:logGet(46)) - raft.grpc.client.port = 0 (custom)
2023-02-16 16:33:54,565 [Listener at 127.0.0.1/46781] INFO  grpc.GrpcConfigKeys (ConfUtils.java:logGet(46)) - raft.grpc.server.host = null (default)
2023-02-16 16:33:54,565 [Listener at 127.0.0.1/46781] INFO  grpc.GrpcConfigKeys (ConfUtils.java:logGet(46)) - raft.grpc.server.port = 0 (default)
2023-02-16 16:33:54,565 [Listener at 127.0.0.1/46781] INFO  server.GrpcService (ConfUtils.java:logGet(46)) - raft.grpc.message.size.max = 32MB (=33554432) (custom)
2023-02-16 16:33:54,565 [Listener at 127.0.0.1/46781] INFO  server.RaftServerConfigKeys (ConfUtils.java:logGet(46)) - raft.server.log.appender.buffer.byte-limit = 33554432 (custom)
2023-02-16 16:33:54,565 [Listener at 127.0.0.1/46781] INFO  server.GrpcService (ConfUtils.java:logGet(46)) - raft.grpc.flow.control.window = 5MB (=5242880) (custom)
2023-02-16 16:33:54,565 [Listener at 127.0.0.1/46781] INFO  server.RaftServerConfigKeys (ConfUtils.java:logGet(46)) - raft.server.rpc.request.timeout = 60s (custom)
2023-02-16 16:33:54,565 [Listener at 127.0.0.1/46781] INFO  grpc.GrpcConfigKeys (ConfUtils.java:logGet(46)) - raft.grpc.server.heartbeat.channel = true (default)
2023-02-16 16:33:54,565 [Listener at 127.0.0.1/46781] INFO  grpc.GrpcConfigKeys (ConfUtils.java:logGet(46)) - raft.grpc.server.async.request.thread.pool.cached = true (default)
2023-02-16 16:33:54,569 [Listener at 127.0.0.1/46781] INFO  grpc.GrpcConfigKeys (ConfUtils.java:logGet(46)) - raft.grpc.server.async.request.thread.pool.size = 32 (default)
2023-02-16 16:33:54,571 [Listener at 127.0.0.1/46781] INFO  impl.DataStreamServerImpl (ConfUtils.java:logGet(46)) - raft.datastream.type = NETTY (custom)
2023-02-16 16:33:54,571 [Listener at 127.0.0.1/46781] INFO  server.RaftServerConfigKeys (ConfUtils.java:logGet(46)) - raft.server.data-stream.async.request.thread.pool.cached = false (default)
2023-02-16 16:33:54,572 [Listener at 127.0.0.1/46781] INFO  server.RaftServerConfigKeys (ConfUtils.java:logGet(46)) - raft.server.data-stream.async.request.thread.pool.size = 20 (custom)
2023-02-16 16:33:54,572 [Listener at 127.0.0.1/46781] INFO  server.RaftServerConfigKeys (ConfUtils.java:logGet(46)) - raft.server.data-stream.async.write.thread.pool.size = 16 (default)
2023-02-16 16:33:54,572 [Listener at 127.0.0.1/46781] INFO  server.RaftServerConfigKeys (ConfUtils.java:logGet(46)) - raft.server.data-stream.client.pool.size = 10 (default)
2023-02-16 16:33:54,572 [Listener at 127.0.0.1/46781] INFO  netty.NettyConfigKeys$DataStream (ConfUtils.java:logGet(46)) - raft.netty.dataStream.server.use-epoll = false (default)
2023-02-16 16:33:54,572 [Listener at 127.0.0.1/46781] INFO  netty.NettyConfigKeys$DataStream (ConfUtils.java:logGet(46)) - raft.netty.dataStream.server.boss-group.size = 0 (default)
2023-02-16 16:33:54,572 [Listener at 127.0.0.1/46781] INFO  netty.NettyConfigKeys$DataStream (ConfUtils.java:logGet(46)) - raft.netty.dataStream.server.worker-group.size = 0 (default)
2023-02-16 16:33:54,573 [Listener at 127.0.0.1/46781] INFO  netty.NettyConfigKeys$DataStream (ConfUtils.java:logGet(46)) - raft.netty.dataStream.server.tls.conf = null (default)
2023-02-16 16:33:54,573 [Listener at 127.0.0.1/46781] INFO  netty.NettyConfigKeys$DataStream (ConfUtils.java:logGet(46)) - raft.netty.dataStream.host = null (default)
2023-02-16 16:33:54,573 [Listener at 127.0.0.1/46781] INFO  netty.NettyConfigKeys$DataStream (ConfUtils.java:logGet(46)) - raft.netty.dataStream.port = 0 (default)
2023-02-16 16:33:54,575 [Listener at 127.0.0.1/46781] INFO  server.RaftServerConfigKeys (ConfUtils.java:logGet(46)) - raft.server.threadpool.proxy.cached = true (default)
2023-02-16 16:33:54,575 [Listener at 127.0.0.1/46781] INFO  server.RaftServerConfigKeys (ConfUtils.java:logGet(46)) - raft.server.threadpool.proxy.size = 0 (default)
2023-02-16 16:33:54,575 [Listener at 127.0.0.1/46781] INFO  server.RaftServerConfigKeys (ConfUtils.java:logGet(46)) - raft.server.rpc.slowness.timeout = 300s (custom)
2023-02-16 16:33:54,575 [Listener at 127.0.0.1/46781] INFO  server.RaftServerConfigKeys (ConfUtils.java:logGet(46)) - raft.server.leaderelection.leader.step-down.wait-time = 10s (default)
2023-02-16 16:33:54,575 [Listener at 127.0.0.1/46781] INFO  server.RaftServerConfigKeys (ConfUtils.java:logGet(46)) - raft.server.storage.dir = [/home/runner/work/ozone/ozone/hadoop-ozone/integration-test/target/test-dir/MiniOzoneClusterImpl-34b8c8ad-1b7a-4f1a-91f5-8cb1859b150b/datanode-0/data/ratis] (custom)
2023-02-16 16:33:54,576 [22be8fd8-b8c6-40ff-8f14-846d94d7e632-NettyServerStreamRpc-bossGroup--thread1] INFO  logging.LoggingHandler (AbstractInternalLogger.java:log(148)) - [id: 0xe801fe7c] REGISTERED
2023-02-16 16:33:54,576 [22be8fd8-b8c6-40ff-8f14-846d94d7e632-NettyServerStreamRpc-bossGroup--thread1] INFO  logging.LoggingHandler (AbstractInternalLogger.java:log(148)) - [id: 0xe801fe7c] BIND: 0.0.0.0/0.0.0.0:0
2023-02-16 16:33:54,576 [22be8fd8-b8c6-40ff-8f14-846d94d7e632-NettyServerStreamRpc-bossGroup--thread1] INFO  logging.LoggingHandler (AbstractInternalLogger.java:log(148)) - [id: 0xe801fe7c, L:/0:0:0:0:0:0:0:0:37909] ACTIVE
2023-02-16 16:33:54,577 [Listener at 127.0.0.1/46781] INFO  server.XceiverServerGrpc (XceiverServerGrpc.java:<init>(132)) - GrpcServer channel type EpollServerSocketChannel
2023-02-16 16:33:54,580 [Listener at 127.0.0.1/46781] INFO  http.BaseHttpServer (BaseHttpServer.java:newHttpServer2BuilderForOzone(213)) - Starting Web-server for hddsDatanode at: http://0.0.0.0:0
2023-02-16 16:33:54,580 [Listener at 127.0.0.1/46781] INFO  http.BaseHttpServer (BaseHttpServer.java:<init>(108)) - Hadoop Security Enabled: false Ozone Security Enabled: false Ozone HTTP Security Enabled: false 
2023-02-16 16:33:54,581 [Listener at 127.0.0.1/46781] WARN  server.AuthenticationFilter (AuthenticationFilter.java:constructSecretProvider(240)) - Unable to initialize FileSignerSecretProvider, falling back to use random secrets. Reason: Could not read signature secret file: /home/runner/hadoop-http-auth-signature-secret
2023-02-16 16:33:54,581 [Listener at 127.0.0.1/46781] WARN  http.HttpRequestLog (HttpRequestLog.java:getRequestLog(103)) - Jetty request log can only be enabled using Log4j
2023-02-16 16:33:54,583 [Listener at 127.0.0.1/46781] INFO  http.HttpServer2 (HttpServer2.java:addGlobalFilter(1031)) - Added global filter 'safety' (class=org.apache.hadoop.hdds.server.http.HttpServer2$QuotingInputFilter)
2023-02-16 16:33:54,583 [Listener at 127.0.0.1/46781] INFO  http.HttpServer2 (HttpServer2.java:addFilter(1007)) - Added filter static_user_filter (class=org.apache.hadoop.http.lib.StaticUserWebFilter$StaticUserFilter) to context hddsDatanode
2023-02-16 16:33:54,583 [Listener at 127.0.0.1/46781] INFO  http.HttpServer2 (HttpServer2.java:addFilter(1015)) - Added filter static_user_filter (class=org.apache.hadoop.http.lib.StaticUserWebFilter$StaticUserFilter) to context static
2023-02-16 16:33:54,583 [Listener at 127.0.0.1/46781] INFO  http.HttpServer2 (HttpServer2.java:addFilter(1015)) - Added filter static_user_filter (class=org.apache.hadoop.http.lib.StaticUserWebFilter$StaticUserFilter) to context logs
2023-02-16 16:33:54,584 [Listener at 127.0.0.1/46781] INFO  http.HttpServer2 (HttpServer2.java:bindListener(1250)) - Jetty bound to port 34207
2023-02-16 16:33:54,584 [Listener at 127.0.0.1/46781] INFO  server.Server (Server.java:doStart(375)) - jetty-9.4.49.v20220914; built: 2022-09-14T01:07:36.601Z; git: 4231a3b2e4cb8548a412a789936d640a97b1aa0a; jvm 1.8.0_362-b09
2023-02-16 16:33:54,585 [Listener at 127.0.0.1/46781] INFO  server.session (DefaultSessionIdManager.java:doStart(334)) - DefaultSessionIdManager workerName=node0
2023-02-16 16:33:54,585 [Listener at 127.0.0.1/46781] INFO  server.session (DefaultSessionIdManager.java:doStart(339)) - No SessionScavenger set, using defaults
2023-02-16 16:33:54,585 [Listener at 127.0.0.1/46781] INFO  server.session (HouseKeeper.java:startScavenging(132)) - node0 Scavenging every 600000ms
2023-02-16 16:33:54,586 [Listener at 127.0.0.1/46781] INFO  handler.ContextHandler (ContextHandler.java:doStart(921)) - Started o.e.j.s.ServletContextHandler@44de4aa1{logs,/logs,file:///home/runner/work/ozone/ozone/hadoop-ozone/integration-test/target/log,AVAILABLE}
2023-02-16 16:33:54,586 [Listener at 127.0.0.1/46781] INFO  handler.ContextHandler (ContextHandler.java:doStart(921)) - Started o.e.j.s.ServletContextHandler@714fc0ad{static,/static,jar:file:/home/runner/.m2/repository/org/apache/ozone/hdds-container-service/1.4.0-SNAPSHOT/hdds-container-service-1.4.0-SNAPSHOT.jar!/webapps/static,AVAILABLE}
2023-02-16 16:33:54,798 [Listener at 127.0.0.1/46781] INFO  handler.ContextHandler (ContextHandler.java:doStart(921)) - Started o.e.j.w.WebAppContext@49cb7d64{hddsDatanode,/,file:///tmp/jetty-0_0_0_0-34207-hdds-container-service-1_4_0-SNAPSHOT_jar-_-any-7873855304813043849/webapp/,AVAILABLE}{jar:file:/home/runner/.m2/repository/org/apache/ozone/hdds-container-service/1.4.0-SNAPSHOT/hdds-container-service-1.4.0-SNAPSHOT.jar!/webapps/hddsDatanode}
2023-02-16 16:33:54,800 [Listener at 127.0.0.1/46781] INFO  server.AbstractConnector (AbstractConnector.java:doStart(333)) - Started ServerConnector@5da0e938{HTTP/1.1, (http/1.1)}{0.0.0.0:34207}
2023-02-16 16:33:54,800 [Listener at 127.0.0.1/46781] INFO  server.Server (Server.java:doStart(415)) - Started @68402ms
2023-02-16 16:33:54,801 [Listener at 127.0.0.1/46781] WARN  impl.MetricsSystemImpl (MetricsSystemImpl.java:register(279)) - Sink prometheus already exists!
2023-02-16 16:33:54,801 [Listener at 127.0.0.1/46781] INFO  http.BaseHttpServer (BaseHttpServer.java:updateConnectorAddress(333)) - HTTP server of hddsDatanode listening at http://0.0.0.0:34207
2023-02-16 16:33:54,803 [Listener at 127.0.0.1/46781] WARN  impl.MetricRegistriesImpl (MetricRegistriesImpl.java:addReporterRegistration(111)) - New reporters are added after registries were created. Some metrics will be missing from the reporter. Please add reporter before adding any new registry.
2023-02-16 16:33:54,803 [Listener at 127.0.0.1/46781] WARN  impl.MetricRegistriesImpl (MetricRegistriesImpl.java:addReporterRegistration(111)) - New reporters are added after registries were created. Some metrics will be missing from the reporter. Please add reporter before adding any new registry.
2023-02-16 16:33:54,803 [Listener at 127.0.0.1/46781] INFO  impl.MetricsSystemImpl (MetricsSystemImpl.java:init(158)) - HddsDatanode metrics system started (again)
2023-02-16 16:33:54,811 [Datanode State Machine Daemon Thread] INFO  statemachine.DatanodeStateMachine (DatanodeStateMachine.java:lambda$startDaemon$0(516)) - Ozone container server started.
2023-02-16 16:33:54,817 [org.apache.hadoop.util.JvmPauseMonitor$Monitor@2e2f9118] INFO  util.JvmPauseMonitor (JvmPauseMonitor.java:run(188)) - Starting JVM pause monitor
2023-02-16 16:33:54,821 [Listener at 127.0.0.1/46781] INFO  ozone.HddsDatanodeService (HddsDatanodeService.java:start(228)) - HddsDatanodeService host:fv-az167-289.21ktoceh2wee5fewwtpg1zd01g.bx.internal.cloudapp.net ip:10.1.0.66
2023-02-16 16:33:54,824 [Datanode State Machine Task Thread - 0] INFO  datanode.InitDatanodeState (InitDatanodeState.java:persistContainerDatanodeDetails(138)) - DatanodeDetails is persisted to /home/runner/work/ozone/ozone/hadoop-ozone/integration-test/target/test-dir/MiniOzoneClusterImpl-34b8c8ad-1b7a-4f1a-91f5-8cb1859b150b/datanode-0/meta/datanode.id
2023-02-16 16:33:54,845 [Listener at 127.0.0.1/46781] INFO  upgrade.AbstractLayoutVersionManager (AbstractLayoutVersionManager.java:init(83)) - Initializing Layout version manager with metadata layout = DATANODE_SCHEMA_V3 (version = 4), software layout = DATANODE_SCHEMA_V3 (version = 4)
2023-02-16 16:33:54,892 [Listener at 127.0.0.1/46781] INFO  reflections.Reflections (Reflections.java:scan(232)) - Reflections took 46 ms to scan 7 urls, producing 150 keys and 362 values 
2023-02-16 16:33:54,894 [Listener at 127.0.0.1/46781] INFO  statemachine.DatanodeStateMachine (DatanodeStateMachine.java:getEndPointTaskThreadPoolSize(260)) - Datanode State Machine Task Thread Pool size 2
2023-02-16 16:33:54,896 [Listener at 127.0.0.1/46781] INFO  volume.HddsVolume (HddsVolume.java:<init>(122)) - Creating HddsVolume: /home/runner/work/ozone/ozone/hadoop-ozone/integration-test/target/test-dir/MiniOzoneClusterImpl-34b8c8ad-1b7a-4f1a-91f5-8cb1859b150b/datanode-1/data-0/containers/hdds of storage type : DISK capacity : 9223372036854775807
2023-02-16 16:33:54,896 [Listener at 127.0.0.1/46781] INFO  volume.MutableVolumeSet (MutableVolumeSet.java:initializeVolumeSet(174)) - Added Volume : /home/runner/work/ozone/ozone/hadoop-ozone/integration-test/target/test-dir/MiniOzoneClusterImpl-34b8c8ad-1b7a-4f1a-91f5-8cb1859b150b/datanode-1/data-0/containers/hdds to VolumeSet
2023-02-16 16:33:54,896 [Listener at 127.0.0.1/46781] INFO  volume.ThrottledAsyncChecker (ThrottledAsyncChecker.java:schedule(141)) - Scheduling a check for /home/runner/work/ozone/ozone/hadoop-ozone/integration-test/target/test-dir/MiniOzoneClusterImpl-34b8c8ad-1b7a-4f1a-91f5-8cb1859b150b/datanode-1/data-0/containers/hdds
2023-02-16 16:33:54,897 [Listener at 127.0.0.1/46781] INFO  volume.StorageVolumeChecker (StorageVolumeChecker.java:checkAllVolumes(202)) - Scheduled health check for volume /home/runner/work/ozone/ozone/hadoop-ozone/integration-test/target/test-dir/MiniOzoneClusterImpl-34b8c8ad-1b7a-4f1a-91f5-8cb1859b150b/datanode-1/data-0/containers/hdds
2023-02-16 16:33:54,914 [Listener at 127.0.0.1/46781] INFO  volume.MutableVolumeSet (MutableVolumeSet.java:initializeVolumeSet(174)) - Added Volume : /home/runner/work/ozone/ozone/hadoop-ozone/integration-test/target/test-dir/MiniOzoneClusterImpl-34b8c8ad-1b7a-4f1a-91f5-8cb1859b150b/datanode-1/data/ratis to VolumeSet
2023-02-16 16:33:54,914 [Listener at 127.0.0.1/46781] INFO  volume.ThrottledAsyncChecker (ThrottledAsyncChecker.java:schedule(141)) - Scheduling a check for /home/runner/work/ozone/ozone/hadoop-ozone/integration-test/target/test-dir/MiniOzoneClusterImpl-34b8c8ad-1b7a-4f1a-91f5-8cb1859b150b/datanode-1/data/ratis
2023-02-16 16:33:54,915 [Listener at 127.0.0.1/46781] INFO  volume.StorageVolumeChecker (StorageVolumeChecker.java:checkAllVolumes(202)) - Scheduled health check for volume /home/runner/work/ozone/ozone/hadoop-ozone/integration-test/target/test-dir/MiniOzoneClusterImpl-34b8c8ad-1b7a-4f1a-91f5-8cb1859b150b/datanode-1/data/ratis
2023-02-16 16:33:54,926 [Thread-606] INFO  ozoneimpl.ContainerReader (ContainerReader.java:readVolume(175)) - Finish verifying containers on volume /home/runner/work/ozone/ozone/hadoop-ozone/integration-test/target/test-dir/MiniOzoneClusterImpl-34b8c8ad-1b7a-4f1a-91f5-8cb1859b150b/datanode-1/data-0/containers/hdds
2023-02-16 16:33:54,926 [Listener at 127.0.0.1/46781] INFO  ozoneimpl.OzoneContainer (OzoneContainer.java:buildContainerSet(304)) - Build ContainerSet costs 0s
2023-02-16 16:33:54,928 [Listener at 127.0.0.1/46781] INFO  server.RaftServer (ConfUtils.java:logGet(46)) - raft.rpc.type = GRPC (default)
2023-02-16 16:33:54,928 [Listener at 127.0.0.1/46781] INFO  grpc.GrpcConfigKeys (ConfUtils.java:logFallback(53)) - raft.grpc.admin.host = null (fallback to raft.grpc.server.host)
2023-02-16 16:33:54,928 [Listener at 127.0.0.1/46781] INFO  grpc.GrpcConfigKeys (ConfUtils.java:logGet(46)) - raft.grpc.admin.port = 0 (custom)
2023-02-16 16:33:54,929 [Listener at 127.0.0.1/46781] INFO  grpc.GrpcConfigKeys (ConfUtils.java:logFallback(53)) - raft.grpc.client.host = null (fallback to raft.grpc.server.host)
2023-02-16 16:33:54,929 [Listener at 127.0.0.1/46781] INFO  grpc.GrpcConfigKeys (ConfUtils.java:logGet(46)) - raft.grpc.client.port = 0 (custom)
2023-02-16 16:33:54,929 [Listener at 127.0.0.1/46781] INFO  grpc.GrpcConfigKeys (ConfUtils.java:logGet(46)) - raft.grpc.server.host = null (default)
2023-02-16 16:33:54,929 [Listener at 127.0.0.1/46781] INFO  grpc.GrpcConfigKeys (ConfUtils.java:logGet(46)) - raft.grpc.server.port = 0 (default)
2023-02-16 16:33:54,929 [Listener at 127.0.0.1/46781] INFO  server.GrpcService (ConfUtils.java:logGet(46)) - raft.grpc.message.size.max = 32MB (=33554432) (custom)
2023-02-16 16:33:54,929 [Listener at 127.0.0.1/46781] INFO  server.RaftServerConfigKeys (ConfUtils.java:logGet(46)) - raft.server.log.appender.buffer.byte-limit = 33554432 (custom)
2023-02-16 16:33:54,929 [Listener at 127.0.0.1/46781] INFO  server.GrpcService (ConfUtils.java:logGet(46)) - raft.grpc.flow.control.window = 5MB (=5242880) (custom)
2023-02-16 16:33:54,929 [Listener at 127.0.0.1/46781] INFO  server.RaftServerConfigKeys (ConfUtils.java:logGet(46)) - raft.server.rpc.request.timeout = 60s (custom)
2023-02-16 16:33:54,929 [Listener at 127.0.0.1/46781] INFO  grpc.GrpcConfigKeys (ConfUtils.java:logGet(46)) - raft.grpc.server.heartbeat.channel = true (default)
2023-02-16 16:33:54,929 [Listener at 127.0.0.1/46781] INFO  grpc.GrpcConfigKeys (ConfUtils.java:logGet(46)) - raft.grpc.server.async.request.thread.pool.cached = true (default)
2023-02-16 16:33:54,929 [Listener at 127.0.0.1/46781] INFO  grpc.GrpcConfigKeys (ConfUtils.java:logGet(46)) - raft.grpc.server.async.request.thread.pool.size = 32 (default)
2023-02-16 16:33:54,930 [Listener at 127.0.0.1/46781] INFO  impl.DataStreamServerImpl (ConfUtils.java:logGet(46)) - raft.datastream.type = NETTY (custom)
2023-02-16 16:33:54,931 [Listener at 127.0.0.1/46781] INFO  server.RaftServerConfigKeys (ConfUtils.java:logGet(46)) - raft.server.data-stream.async.request.thread.pool.cached = false (default)
2023-02-16 16:33:54,931 [Listener at 127.0.0.1/46781] INFO  server.RaftServerConfigKeys (ConfUtils.java:logGet(46)) - raft.server.data-stream.async.request.thread.pool.size = 20 (custom)
2023-02-16 16:33:54,931 [Listener at 127.0.0.1/46781] INFO  server.RaftServerConfigKeys (ConfUtils.java:logGet(46)) - raft.server.data-stream.async.write.thread.pool.size = 16 (default)
2023-02-16 16:33:54,931 [Listener at 127.0.0.1/46781] INFO  server.RaftServerConfigKeys (ConfUtils.java:logGet(46)) - raft.server.data-stream.client.pool.size = 10 (default)
2023-02-16 16:33:54,931 [Listener at 127.0.0.1/46781] INFO  netty.NettyConfigKeys$DataStream (ConfUtils.java:logGet(46)) - raft.netty.dataStream.server.use-epoll = false (default)
2023-02-16 16:33:54,931 [Listener at 127.0.0.1/46781] INFO  netty.NettyConfigKeys$DataStream (ConfUtils.java:logGet(46)) - raft.netty.dataStream.server.boss-group.size = 0 (default)
2023-02-16 16:33:54,931 [Listener at 127.0.0.1/46781] INFO  netty.NettyConfigKeys$DataStream (ConfUtils.java:logGet(46)) - raft.netty.dataStream.server.worker-group.size = 0 (default)
2023-02-16 16:33:54,932 [Listener at 127.0.0.1/46781] INFO  netty.NettyConfigKeys$DataStream (ConfUtils.java:logGet(46)) - raft.netty.dataStream.server.tls.conf = null (default)
2023-02-16 16:33:54,932 [Listener at 127.0.0.1/46781] INFO  netty.NettyConfigKeys$DataStream (ConfUtils.java:logGet(46)) - raft.netty.dataStream.host = null (default)
2023-02-16 16:33:54,932 [Listener at 127.0.0.1/46781] INFO  netty.NettyConfigKeys$DataStream (ConfUtils.java:logGet(46)) - raft.netty.dataStream.port = 0 (default)
2023-02-16 16:33:54,934 [Listener at 127.0.0.1/46781] INFO  server.RaftServerConfigKeys (ConfUtils.java:logGet(46)) - raft.server.threadpool.proxy.cached = true (default)
2023-02-16 16:33:54,934 [Listener at 127.0.0.1/46781] INFO  server.RaftServerConfigKeys (ConfUtils.java:logGet(46)) - raft.server.threadpool.proxy.size = 0 (default)
2023-02-16 16:33:54,934 [Listener at 127.0.0.1/46781] INFO  server.RaftServerConfigKeys (ConfUtils.java:logGet(46)) - raft.server.rpc.slowness.timeout = 300s (custom)
2023-02-16 16:33:54,934 [Listener at 127.0.0.1/46781] INFO  server.RaftServerConfigKeys (ConfUtils.java:logGet(46)) - raft.server.leaderelection.leader.step-down.wait-time = 10s (default)
2023-02-16 16:33:54,934 [Listener at 127.0.0.1/46781] INFO  server.RaftServerConfigKeys (ConfUtils.java:logGet(46)) - raft.server.storage.dir = [/home/runner/work/ozone/ozone/hadoop-ozone/integration-test/target/test-dir/MiniOzoneClusterImpl-34b8c8ad-1b7a-4f1a-91f5-8cb1859b150b/datanode-1/data/ratis] (custom)
2023-02-16 16:33:54,935 [Listener at 127.0.0.1/46781] INFO  server.XceiverServerGrpc (XceiverServerGrpc.java:<init>(132)) - GrpcServer channel type EpollServerSocketChannel
2023-02-16 16:33:54,938 [640e7d3f-2dbd-4e46-b500-a7d3223ba7d6-NettyServerStreamRpc-bossGroup--thread1] INFO  logging.LoggingHandler (AbstractInternalLogger.java:log(148)) - [id: 0x99d59ea0] REGISTERED
2023-02-16 16:33:54,939 [640e7d3f-2dbd-4e46-b500-a7d3223ba7d6-NettyServerStreamRpc-bossGroup--thread1] INFO  logging.LoggingHandler (AbstractInternalLogger.java:log(148)) - [id: 0x99d59ea0] BIND: 0.0.0.0/0.0.0.0:0
2023-02-16 16:33:54,939 [Listener at 127.0.0.1/46781] INFO  http.BaseHttpServer (BaseHttpServer.java:newHttpServer2BuilderForOzone(213)) - Starting Web-server for hddsDatanode at: http://0.0.0.0:0
2023-02-16 16:33:54,940 [Listener at 127.0.0.1/46781] INFO  http.BaseHttpServer (BaseHttpServer.java:<init>(108)) - Hadoop Security Enabled: false Ozone Security Enabled: false Ozone HTTP Security Enabled: false 
2023-02-16 16:33:54,939 [640e7d3f-2dbd-4e46-b500-a7d3223ba7d6-NettyServerStreamRpc-bossGroup--thread1] INFO  logging.LoggingHandler (AbstractInternalLogger.java:log(148)) - [id: 0x99d59ea0, L:/0:0:0:0:0:0:0:0:41863] ACTIVE
2023-02-16 16:33:54,941 [Listener at 127.0.0.1/46781] WARN  server.AuthenticationFilter (AuthenticationFilter.java:constructSecretProvider(240)) - Unable to initialize FileSignerSecretProvider, falling back to use random secrets. Reason: Could not read signature secret file: /home/runner/hadoop-http-auth-signature-secret
2023-02-16 16:33:54,941 [Listener at 127.0.0.1/46781] WARN  http.HttpRequestLog (HttpRequestLog.java:getRequestLog(103)) - Jetty request log can only be enabled using Log4j
2023-02-16 16:33:54,943 [Listener at 127.0.0.1/46781] INFO  http.HttpServer2 (HttpServer2.java:addGlobalFilter(1031)) - Added global filter 'safety' (class=org.apache.hadoop.hdds.server.http.HttpServer2$QuotingInputFilter)
2023-02-16 16:33:54,943 [Listener at 127.0.0.1/46781] INFO  http.HttpServer2 (HttpServer2.java:addFilter(1007)) - Added filter static_user_filter (class=org.apache.hadoop.http.lib.StaticUserWebFilter$StaticUserFilter) to context hddsDatanode
2023-02-16 16:33:54,943 [Listener at 127.0.0.1/46781] INFO  http.HttpServer2 (HttpServer2.java:addFilter(1015)) - Added filter static_user_filter (class=org.apache.hadoop.http.lib.StaticUserWebFilter$StaticUserFilter) to context logs
2023-02-16 16:33:54,943 [Listener at 127.0.0.1/46781] INFO  http.HttpServer2 (HttpServer2.java:addFilter(1015)) - Added filter static_user_filter (class=org.apache.hadoop.http.lib.StaticUserWebFilter$StaticUserFilter) to context static
2023-02-16 16:33:54,944 [Listener at 127.0.0.1/46781] INFO  http.HttpServer2 (HttpServer2.java:bindListener(1250)) - Jetty bound to port 34831
2023-02-16 16:33:54,944 [Listener at 127.0.0.1/46781] INFO  server.Server (Server.java:doStart(375)) - jetty-9.4.49.v20220914; built: 2022-09-14T01:07:36.601Z; git: 4231a3b2e4cb8548a412a789936d640a97b1aa0a; jvm 1.8.0_362-b09
2023-02-16 16:33:54,946 [Listener at 127.0.0.1/46781] INFO  server.session (DefaultSessionIdManager.java:doStart(334)) - DefaultSessionIdManager workerName=node0
2023-02-16 16:33:54,946 [Listener at 127.0.0.1/46781] INFO  server.session (DefaultSessionIdManager.java:doStart(339)) - No SessionScavenger set, using defaults
2023-02-16 16:33:54,946 [Listener at 127.0.0.1/46781] INFO  server.session (HouseKeeper.java:startScavenging(132)) - node0 Scavenging every 660000ms
2023-02-16 16:33:54,947 [Listener at 127.0.0.1/46781] INFO  handler.ContextHandler (ContextHandler.java:doStart(921)) - Started o.e.j.s.ServletContextHandler@5bbc263e{logs,/logs,file:///home/runner/work/ozone/ozone/hadoop-ozone/integration-test/target/log,AVAILABLE}
2023-02-16 16:33:54,947 [Listener at 127.0.0.1/46781] INFO  handler.ContextHandler (ContextHandler.java:doStart(921)) - Started o.e.j.s.ServletContextHandler@32052b5e{static,/static,jar:file:/home/runner/.m2/repository/org/apache/ozone/hdds-container-service/1.4.0-SNAPSHOT/hdds-container-service-1.4.0-SNAPSHOT.jar!/webapps/static,AVAILABLE}
2023-02-16 16:33:55,152 [Listener at 127.0.0.1/46781] INFO  handler.ContextHandler (ContextHandler.java:doStart(921)) - Started o.e.j.w.WebAppContext@34199d1c{hddsDatanode,/,file:///tmp/jetty-0_0_0_0-34831-hdds-container-service-1_4_0-SNAPSHOT_jar-_-any-2226381456063355054/webapp/,AVAILABLE}{jar:file:/home/runner/.m2/repository/org/apache/ozone/hdds-container-service/1.4.0-SNAPSHOT/hdds-container-service-1.4.0-SNAPSHOT.jar!/webapps/hddsDatanode}
2023-02-16 16:33:55,154 [Listener at 127.0.0.1/46781] INFO  server.AbstractConnector (AbstractConnector.java:doStart(333)) - Started ServerConnector@3d7f8110{HTTP/1.1, (http/1.1)}{0.0.0.0:34831}
2023-02-16 16:33:55,154 [Listener at 127.0.0.1/46781] INFO  server.Server (Server.java:doStart(415)) - Started @68756ms
2023-02-16 16:33:55,154 [Listener at 127.0.0.1/46781] WARN  impl.MetricsSystemImpl (MetricsSystemImpl.java:register(279)) - Sink prometheus already exists!
2023-02-16 16:33:55,155 [Listener at 127.0.0.1/46781] INFO  http.BaseHttpServer (BaseHttpServer.java:updateConnectorAddress(333)) - HTTP server of hddsDatanode listening at http://0.0.0.0:34831
2023-02-16 16:33:55,155 [Listener at 127.0.0.1/46781] WARN  impl.MetricRegistriesImpl (MetricRegistriesImpl.java:addReporterRegistration(111)) - New reporters are added after registries were created. Some metrics will be missing from the reporter. Please add reporter before adding any new registry.
2023-02-16 16:33:55,155 [Listener at 127.0.0.1/46781] WARN  impl.MetricRegistriesImpl (MetricRegistriesImpl.java:addReporterRegistration(111)) - New reporters are added after registries were created. Some metrics will be missing from the reporter. Please add reporter before adding any new registry.
2023-02-16 16:33:55,155 [Listener at 127.0.0.1/46781] INFO  impl.MetricsSystemImpl (MetricsSystemImpl.java:init(158)) - HddsDatanode metrics system started (again)
2023-02-16 16:33:55,156 [Datanode State Machine Daemon Thread] INFO  statemachine.DatanodeStateMachine (DatanodeStateMachine.java:lambda$startDaemon$0(516)) - Ozone container server started.
2023-02-16 16:33:55,167 [org.apache.hadoop.util.JvmPauseMonitor$Monitor@5137d848] INFO  util.JvmPauseMonitor (JvmPauseMonitor.java:run(188)) - Starting JVM pause monitor
2023-02-16 16:33:55,171 [Datanode State Machine Task Thread - 0] INFO  datanode.InitDatanodeState (InitDatanodeState.java:persistContainerDatanodeDetails(138)) - DatanodeDetails is persisted to /home/runner/work/ozone/ozone/hadoop-ozone/integration-test/target/test-dir/MiniOzoneClusterImpl-34b8c8ad-1b7a-4f1a-91f5-8cb1859b150b/datanode-1/meta/datanode.id
2023-02-16 16:33:55,172 [Listener at 127.0.0.1/46781] INFO  ozone.HddsDatanodeService (HddsDatanodeService.java:start(228)) - HddsDatanodeService host:fv-az167-289.21ktoceh2wee5fewwtpg1zd01g.bx.internal.cloudapp.net ip:10.1.0.66
2023-02-16 16:33:55,189 [Listener at 127.0.0.1/46781] INFO  upgrade.AbstractLayoutVersionManager (AbstractLayoutVersionManager.java:init(83)) - Initializing Layout version manager with metadata layout = DATANODE_SCHEMA_V3 (version = 4), software layout = DATANODE_SCHEMA_V3 (version = 4)
2023-02-16 16:33:55,235 [Listener at 127.0.0.1/46781] INFO  reflections.Reflections (Reflections.java:scan(232)) - Reflections took 45 ms to scan 7 urls, producing 150 keys and 362 values 
2023-02-16 16:33:55,236 [Listener at 127.0.0.1/46781] INFO  statemachine.DatanodeStateMachine (DatanodeStateMachine.java:getEndPointTaskThreadPoolSize(260)) - Datanode State Machine Task Thread Pool size 2
2023-02-16 16:33:55,237 [Listener at 127.0.0.1/46781] INFO  volume.HddsVolume (HddsVolume.java:<init>(122)) - Creating HddsVolume: /home/runner/work/ozone/ozone/hadoop-ozone/integration-test/target/test-dir/MiniOzoneClusterImpl-34b8c8ad-1b7a-4f1a-91f5-8cb1859b150b/datanode-2/data-0/containers/hdds of storage type : DISK capacity : 9223372036854775807
2023-02-16 16:33:55,238 [Listener at 127.0.0.1/46781] INFO  volume.MutableVolumeSet (MutableVolumeSet.java:initializeVolumeSet(174)) - Added Volume : /home/runner/work/ozone/ozone/hadoop-ozone/integration-test/target/test-dir/MiniOzoneClusterImpl-34b8c8ad-1b7a-4f1a-91f5-8cb1859b150b/datanode-2/data-0/containers/hdds to VolumeSet
2023-02-16 16:33:55,238 [Listener at 127.0.0.1/46781] INFO  volume.ThrottledAsyncChecker (ThrottledAsyncChecker.java:schedule(141)) - Scheduling a check for /home/runner/work/ozone/ozone/hadoop-ozone/integration-test/target/test-dir/MiniOzoneClusterImpl-34b8c8ad-1b7a-4f1a-91f5-8cb1859b150b/datanode-2/data-0/containers/hdds
2023-02-16 16:33:55,238 [Listener at 127.0.0.1/46781] INFO  volume.StorageVolumeChecker (StorageVolumeChecker.java:checkAllVolumes(202)) - Scheduled health check for volume /home/runner/work/ozone/ozone/hadoop-ozone/integration-test/target/test-dir/MiniOzoneClusterImpl-34b8c8ad-1b7a-4f1a-91f5-8cb1859b150b/datanode-2/data-0/containers/hdds
2023-02-16 16:33:55,249 [Listener at 127.0.0.1/46781] INFO  volume.MutableVolumeSet (MutableVolumeSet.java:initializeVolumeSet(174)) - Added Volume : /home/runner/work/ozone/ozone/hadoop-ozone/integration-test/target/test-dir/MiniOzoneClusterImpl-34b8c8ad-1b7a-4f1a-91f5-8cb1859b150b/datanode-2/data/ratis to VolumeSet
2023-02-16 16:33:55,250 [Listener at 127.0.0.1/46781] INFO  volume.ThrottledAsyncChecker (ThrottledAsyncChecker.java:schedule(141)) - Scheduling a check for /home/runner/work/ozone/ozone/hadoop-ozone/integration-test/target/test-dir/MiniOzoneClusterImpl-34b8c8ad-1b7a-4f1a-91f5-8cb1859b150b/datanode-2/data/ratis
2023-02-16 16:33:55,250 [Listener at 127.0.0.1/46781] INFO  volume.StorageVolumeChecker (StorageVolumeChecker.java:checkAllVolumes(202)) - Scheduled health check for volume /home/runner/work/ozone/ozone/hadoop-ozone/integration-test/target/test-dir/MiniOzoneClusterImpl-34b8c8ad-1b7a-4f1a-91f5-8cb1859b150b/datanode-2/data/ratis
2023-02-16 16:33:55,260 [Thread-620] INFO  ozoneimpl.ContainerReader (ContainerReader.java:readVolume(175)) - Finish verifying containers on volume /home/runner/work/ozone/ozone/hadoop-ozone/integration-test/target/test-dir/MiniOzoneClusterImpl-34b8c8ad-1b7a-4f1a-91f5-8cb1859b150b/datanode-2/data-0/containers/hdds
2023-02-16 16:33:55,260 [Listener at 127.0.0.1/46781] INFO  ozoneimpl.OzoneContainer (OzoneContainer.java:buildContainerSet(304)) - Build ContainerSet costs 0s
2023-02-16 16:33:55,268 [Listener at 127.0.0.1/46781] INFO  server.RaftServer (ConfUtils.java:logGet(46)) - raft.rpc.type = GRPC (default)
2023-02-16 16:33:55,268 [Listener at 127.0.0.1/46781] INFO  grpc.GrpcConfigKeys (ConfUtils.java:logFallback(53)) - raft.grpc.admin.host = null (fallback to raft.grpc.server.host)
2023-02-16 16:33:55,268 [Listener at 127.0.0.1/46781] INFO  grpc.GrpcConfigKeys (ConfUtils.java:logGet(46)) - raft.grpc.admin.port = 0 (custom)
2023-02-16 16:33:55,268 [Listener at 127.0.0.1/46781] INFO  grpc.GrpcConfigKeys (ConfUtils.java:logFallback(53)) - raft.grpc.client.host = null (fallback to raft.grpc.server.host)
2023-02-16 16:33:55,268 [Listener at 127.0.0.1/46781] INFO  grpc.GrpcConfigKeys (ConfUtils.java:logGet(46)) - raft.grpc.client.port = 0 (custom)
2023-02-16 16:33:55,268 [Listener at 127.0.0.1/46781] INFO  grpc.GrpcConfigKeys (ConfUtils.java:logGet(46)) - raft.grpc.server.host = null (default)
2023-02-16 16:33:55,268 [Listener at 127.0.0.1/46781] INFO  grpc.GrpcConfigKeys (ConfUtils.java:logGet(46)) - raft.grpc.server.port = 0 (default)
2023-02-16 16:33:55,268 [Listener at 127.0.0.1/46781] INFO  server.GrpcService (ConfUtils.java:logGet(46)) - raft.grpc.message.size.max = 32MB (=33554432) (custom)
2023-02-16 16:33:55,268 [Listener at 127.0.0.1/46781] INFO  server.RaftServerConfigKeys (ConfUtils.java:logGet(46)) - raft.server.log.appender.buffer.byte-limit = 33554432 (custom)
2023-02-16 16:33:55,269 [Listener at 127.0.0.1/46781] INFO  server.GrpcService (ConfUtils.java:logGet(46)) - raft.grpc.flow.control.window = 5MB (=5242880) (custom)
2023-02-16 16:33:55,269 [Listener at 127.0.0.1/46781] INFO  server.RaftServerConfigKeys (ConfUtils.java:logGet(46)) - raft.server.rpc.request.timeout = 60s (custom)
2023-02-16 16:33:55,269 [Listener at 127.0.0.1/46781] INFO  grpc.GrpcConfigKeys (ConfUtils.java:logGet(46)) - raft.grpc.server.heartbeat.channel = true (default)
2023-02-16 16:33:55,269 [Listener at 127.0.0.1/46781] INFO  grpc.GrpcConfigKeys (ConfUtils.java:logGet(46)) - raft.grpc.server.async.request.thread.pool.cached = true (default)
2023-02-16 16:33:55,269 [Listener at 127.0.0.1/46781] INFO  grpc.GrpcConfigKeys (ConfUtils.java:logGet(46)) - raft.grpc.server.async.request.thread.pool.size = 32 (default)
2023-02-16 16:33:55,271 [Listener at 127.0.0.1/46781] INFO  impl.DataStreamServerImpl (ConfUtils.java:logGet(46)) - raft.datastream.type = NETTY (custom)
2023-02-16 16:33:55,271 [Listener at 127.0.0.1/46781] INFO  server.RaftServerConfigKeys (ConfUtils.java:logGet(46)) - raft.server.data-stream.async.request.thread.pool.cached = false (default)
2023-02-16 16:33:55,271 [Listener at 127.0.0.1/46781] INFO  server.RaftServerConfigKeys (ConfUtils.java:logGet(46)) - raft.server.data-stream.async.request.thread.pool.size = 20 (custom)
2023-02-16 16:33:55,271 [Listener at 127.0.0.1/46781] INFO  server.RaftServerConfigKeys (ConfUtils.java:logGet(46)) - raft.server.data-stream.async.write.thread.pool.size = 16 (default)
2023-02-16 16:33:55,271 [Listener at 127.0.0.1/46781] INFO  server.RaftServerConfigKeys (ConfUtils.java:logGet(46)) - raft.server.data-stream.client.pool.size = 10 (default)
2023-02-16 16:33:55,271 [Listener at 127.0.0.1/46781] INFO  netty.NettyConfigKeys$DataStream (ConfUtils.java:logGet(46)) - raft.netty.dataStream.server.use-epoll = false (default)
2023-02-16 16:33:55,271 [Listener at 127.0.0.1/46781] INFO  netty.NettyConfigKeys$DataStream (ConfUtils.java:logGet(46)) - raft.netty.dataStream.server.boss-group.size = 0 (default)
2023-02-16 16:33:55,272 [Listener at 127.0.0.1/46781] INFO  netty.NettyConfigKeys$DataStream (ConfUtils.java:logGet(46)) - raft.netty.dataStream.server.worker-group.size = 0 (default)
2023-02-16 16:33:55,272 [Listener at 127.0.0.1/46781] INFO  netty.NettyConfigKeys$DataStream (ConfUtils.java:logGet(46)) - raft.netty.dataStream.server.tls.conf = null (default)
2023-02-16 16:33:55,272 [Listener at 127.0.0.1/46781] INFO  netty.NettyConfigKeys$DataStream (ConfUtils.java:logGet(46)) - raft.netty.dataStream.host = null (default)
2023-02-16 16:33:55,272 [Listener at 127.0.0.1/46781] INFO  netty.NettyConfigKeys$DataStream (ConfUtils.java:logGet(46)) - raft.netty.dataStream.port = 0 (default)
2023-02-16 16:33:55,273 [Listener at 127.0.0.1/46781] INFO  server.RaftServerConfigKeys (ConfUtils.java:logGet(46)) - raft.server.threadpool.proxy.cached = true (default)
2023-02-16 16:33:55,273 [Listener at 127.0.0.1/46781] INFO  server.RaftServerConfigKeys (ConfUtils.java:logGet(46)) - raft.server.threadpool.proxy.size = 0 (default)
2023-02-16 16:33:55,274 [Listener at 127.0.0.1/46781] INFO  server.RaftServerConfigKeys (ConfUtils.java:logGet(46)) - raft.server.rpc.slowness.timeout = 300s (custom)
2023-02-16 16:33:55,274 [9f5e5902-bacc-4266-a878-65e39c3ba6e9-NettyServerStreamRpc-bossGroup--thread1] INFO  logging.LoggingHandler (AbstractInternalLogger.java:log(148)) - [id: 0xf1e1db16] REGISTERED
2023-02-16 16:33:55,274 [Listener at 127.0.0.1/46781] INFO  server.RaftServerConfigKeys (ConfUtils.java:logGet(46)) - raft.server.leaderelection.leader.step-down.wait-time = 10s (default)
2023-02-16 16:33:55,274 [9f5e5902-bacc-4266-a878-65e39c3ba6e9-NettyServerStreamRpc-bossGroup--thread1] INFO  logging.LoggingHandler (AbstractInternalLogger.java:log(148)) - [id: 0xf1e1db16] BIND: 0.0.0.0/0.0.0.0:0
2023-02-16 16:33:55,275 [Listener at 127.0.0.1/46781] INFO  server.RaftServerConfigKeys (ConfUtils.java:logGet(46)) - raft.server.storage.dir = [/home/runner/work/ozone/ozone/hadoop-ozone/integration-test/target/test-dir/MiniOzoneClusterImpl-34b8c8ad-1b7a-4f1a-91f5-8cb1859b150b/datanode-2/data/ratis] (custom)
2023-02-16 16:33:55,275 [9f5e5902-bacc-4266-a878-65e39c3ba6e9-NettyServerStreamRpc-bossGroup--thread1] INFO  logging.LoggingHandler (AbstractInternalLogger.java:log(148)) - [id: 0xf1e1db16, L:/0:0:0:0:0:0:0:0:40567] ACTIVE
2023-02-16 16:33:55,276 [Listener at 127.0.0.1/46781] INFO  server.XceiverServerGrpc (XceiverServerGrpc.java:<init>(132)) - GrpcServer channel type EpollServerSocketChannel
2023-02-16 16:33:55,284 [Listener at 127.0.0.1/46781] INFO  http.BaseHttpServer (BaseHttpServer.java:newHttpServer2BuilderForOzone(213)) - Starting Web-server for hddsDatanode at: http://0.0.0.0:0
2023-02-16 16:33:55,284 [Listener at 127.0.0.1/46781] INFO  http.BaseHttpServer (BaseHttpServer.java:<init>(108)) - Hadoop Security Enabled: false Ozone Security Enabled: false Ozone HTTP Security Enabled: false 
2023-02-16 16:33:55,285 [Listener at 127.0.0.1/46781] WARN  server.AuthenticationFilter (AuthenticationFilter.java:constructSecretProvider(240)) - Unable to initialize FileSignerSecretProvider, falling back to use random secrets. Reason: Could not read signature secret file: /home/runner/hadoop-http-auth-signature-secret
2023-02-16 16:33:55,285 [Listener at 127.0.0.1/46781] WARN  http.HttpRequestLog (HttpRequestLog.java:getRequestLog(103)) - Jetty request log can only be enabled using Log4j
2023-02-16 16:33:55,287 [Listener at 127.0.0.1/46781] INFO  http.HttpServer2 (HttpServer2.java:addGlobalFilter(1031)) - Added global filter 'safety' (class=org.apache.hadoop.hdds.server.http.HttpServer2$QuotingInputFilter)
2023-02-16 16:33:55,288 [Listener at 127.0.0.1/46781] INFO  http.HttpServer2 (HttpServer2.java:addFilter(1007)) - Added filter static_user_filter (class=org.apache.hadoop.http.lib.StaticUserWebFilter$StaticUserFilter) to context hddsDatanode
2023-02-16 16:33:55,288 [Listener at 127.0.0.1/46781] INFO  http.HttpServer2 (HttpServer2.java:addFilter(1015)) - Added filter static_user_filter (class=org.apache.hadoop.http.lib.StaticUserWebFilter$StaticUserFilter) to context logs
2023-02-16 16:33:55,288 [Listener at 127.0.0.1/46781] INFO  http.HttpServer2 (HttpServer2.java:addFilter(1015)) - Added filter static_user_filter (class=org.apache.hadoop.http.lib.StaticUserWebFilter$StaticUserFilter) to context static
2023-02-16 16:33:55,288 [Listener at 127.0.0.1/46781] INFO  http.HttpServer2 (HttpServer2.java:bindListener(1250)) - Jetty bound to port 38343
2023-02-16 16:33:55,288 [Listener at 127.0.0.1/46781] INFO  server.Server (Server.java:doStart(375)) - jetty-9.4.49.v20220914; built: 2022-09-14T01:07:36.601Z; git: 4231a3b2e4cb8548a412a789936d640a97b1aa0a; jvm 1.8.0_362-b09
2023-02-16 16:33:55,290 [Listener at 127.0.0.1/46781] INFO  server.session (DefaultSessionIdManager.java:doStart(334)) - DefaultSessionIdManager workerName=node0
2023-02-16 16:33:55,290 [Listener at 127.0.0.1/46781] INFO  server.session (DefaultSessionIdManager.java:doStart(339)) - No SessionScavenger set, using defaults
2023-02-16 16:33:55,290 [Listener at 127.0.0.1/46781] INFO  server.session (HouseKeeper.java:startScavenging(132)) - node0 Scavenging every 660000ms
2023-02-16 16:33:55,291 [Listener at 127.0.0.1/46781] INFO  handler.ContextHandler (ContextHandler.java:doStart(921)) - Started o.e.j.s.ServletContextHandler@31693ea2{logs,/logs,file:///home/runner/work/ozone/ozone/hadoop-ozone/integration-test/target/log,AVAILABLE}
2023-02-16 16:33:55,291 [Listener at 127.0.0.1/46781] INFO  handler.ContextHandler (ContextHandler.java:doStart(921)) - Started o.e.j.s.ServletContextHandler@245ffa21{static,/static,jar:file:/home/runner/.m2/repository/org/apache/ozone/hdds-container-service/1.4.0-SNAPSHOT/hdds-container-service-1.4.0-SNAPSHOT.jar!/webapps/static,AVAILABLE}
2023-02-16 16:33:55,499 [Listener at 127.0.0.1/46781] INFO  handler.ContextHandler (ContextHandler.java:doStart(921)) - Started o.e.j.w.WebAppContext@55f5fe83{hddsDatanode,/,file:///tmp/jetty-0_0_0_0-38343-hdds-container-service-1_4_0-SNAPSHOT_jar-_-any-3284402999296572620/webapp/,AVAILABLE}{jar:file:/home/runner/.m2/repository/org/apache/ozone/hdds-container-service/1.4.0-SNAPSHOT/hdds-container-service-1.4.0-SNAPSHOT.jar!/webapps/hddsDatanode}
2023-02-16 16:33:55,500 [Listener at 127.0.0.1/46781] INFO  server.AbstractConnector (AbstractConnector.java:doStart(333)) - Started ServerConnector@51ccbd20{HTTP/1.1, (http/1.1)}{0.0.0.0:38343}
2023-02-16 16:33:55,500 [Listener at 127.0.0.1/46781] INFO  server.Server (Server.java:doStart(415)) - Started @69102ms
2023-02-16 16:33:55,500 [Listener at 127.0.0.1/46781] WARN  impl.MetricsSystemImpl (MetricsSystemImpl.java:register(279)) - Sink prometheus already exists!
2023-02-16 16:33:55,501 [Listener at 127.0.0.1/46781] INFO  http.BaseHttpServer (BaseHttpServer.java:updateConnectorAddress(333)) - HTTP server of hddsDatanode listening at http://0.0.0.0:38343
2023-02-16 16:33:55,501 [Datanode State Machine Daemon Thread] INFO  statemachine.DatanodeStateMachine (DatanodeStateMachine.java:lambda$startDaemon$0(516)) - Ozone container server started.
2023-02-16 16:33:55,503 [Listener at 127.0.0.1/46781] WARN  impl.MetricRegistriesImpl (MetricRegistriesImpl.java:addReporterRegistration(111)) - New reporters are added after registries were created. Some metrics will be missing from the reporter. Please add reporter before adding any new registry.
2023-02-16 16:33:55,504 [Listener at 127.0.0.1/46781] WARN  impl.MetricRegistriesImpl (MetricRegistriesImpl.java:addReporterRegistration(111)) - New reporters are added after registries were created. Some metrics will be missing from the reporter. Please add reporter before adding any new registry.
2023-02-16 16:33:55,504 [Listener at 127.0.0.1/46781] INFO  impl.MetricsSystemImpl (MetricsSystemImpl.java:init(158)) - HddsDatanode metrics system started (again)
2023-02-16 16:33:55,507 [org.apache.hadoop.util.JvmPauseMonitor$Monitor@68c1c46d] INFO  util.JvmPauseMonitor (JvmPauseMonitor.java:run(188)) - Starting JVM pause monitor
2023-02-16 16:33:55,512 [Datanode State Machine Task Thread - 0] INFO  datanode.InitDatanodeState (InitDatanodeState.java:persistContainerDatanodeDetails(138)) - DatanodeDetails is persisted to /home/runner/work/ozone/ozone/hadoop-ozone/integration-test/target/test-dir/MiniOzoneClusterImpl-34b8c8ad-1b7a-4f1a-91f5-8cb1859b150b/datanode-2/meta/datanode.id
2023-02-16 16:33:55,518 [Listener at 127.0.0.1/46781] INFO  ozone.HddsDatanodeService (HddsDatanodeService.java:start(228)) - HddsDatanodeService host:fv-az167-289.21ktoceh2wee5fewwtpg1zd01g.bx.internal.cloudapp.net ip:10.1.0.66
2023-02-16 16:33:55,534 [Listener at 127.0.0.1/46781] INFO  upgrade.AbstractLayoutVersionManager (AbstractLayoutVersionManager.java:init(83)) - Initializing Layout version manager with metadata layout = DATANODE_SCHEMA_V3 (version = 4), software layout = DATANODE_SCHEMA_V3 (version = 4)
2023-02-16 16:33:55,581 [Listener at 127.0.0.1/46781] INFO  reflections.Reflections (Reflections.java:scan(232)) - Reflections took 44 ms to scan 7 urls, producing 150 keys and 362 values 
2023-02-16 16:33:55,582 [Listener at 127.0.0.1/46781] INFO  statemachine.DatanodeStateMachine (DatanodeStateMachine.java:getEndPointTaskThreadPoolSize(260)) - Datanode State Machine Task Thread Pool size 2
2023-02-16 16:33:55,587 [Listener at 127.0.0.1/46781] INFO  volume.HddsVolume (HddsVolume.java:<init>(122)) - Creating HddsVolume: /home/runner/work/ozone/ozone/hadoop-ozone/integration-test/target/test-dir/MiniOzoneClusterImpl-34b8c8ad-1b7a-4f1a-91f5-8cb1859b150b/datanode-3/data-0/containers/hdds of storage type : DISK capacity : 9223372036854775807
2023-02-16 16:33:55,587 [Listener at 127.0.0.1/46781] INFO  volume.MutableVolumeSet (MutableVolumeSet.java:initializeVolumeSet(174)) - Added Volume : /home/runner/work/ozone/ozone/hadoop-ozone/integration-test/target/test-dir/MiniOzoneClusterImpl-34b8c8ad-1b7a-4f1a-91f5-8cb1859b150b/datanode-3/data-0/containers/hdds to VolumeSet
2023-02-16 16:33:55,587 [Listener at 127.0.0.1/46781] INFO  volume.ThrottledAsyncChecker (ThrottledAsyncChecker.java:schedule(141)) - Scheduling a check for /home/runner/work/ozone/ozone/hadoop-ozone/integration-test/target/test-dir/MiniOzoneClusterImpl-34b8c8ad-1b7a-4f1a-91f5-8cb1859b150b/datanode-3/data-0/containers/hdds
2023-02-16 16:33:55,587 [Listener at 127.0.0.1/46781] INFO  volume.StorageVolumeChecker (StorageVolumeChecker.java:checkAllVolumes(202)) - Scheduled health check for volume /home/runner/work/ozone/ozone/hadoop-ozone/integration-test/target/test-dir/MiniOzoneClusterImpl-34b8c8ad-1b7a-4f1a-91f5-8cb1859b150b/datanode-3/data-0/containers/hdds
2023-02-16 16:33:55,601 [Listener at 127.0.0.1/46781] INFO  volume.MutableVolumeSet (MutableVolumeSet.java:initializeVolumeSet(174)) - Added Volume : /home/runner/work/ozone/ozone/hadoop-ozone/integration-test/target/test-dir/MiniOzoneClusterImpl-34b8c8ad-1b7a-4f1a-91f5-8cb1859b150b/datanode-3/data/ratis to VolumeSet
2023-02-16 16:33:55,601 [Listener at 127.0.0.1/46781] INFO  volume.ThrottledAsyncChecker (ThrottledAsyncChecker.java:schedule(141)) - Scheduling a check for /home/runner/work/ozone/ozone/hadoop-ozone/integration-test/target/test-dir/MiniOzoneClusterImpl-34b8c8ad-1b7a-4f1a-91f5-8cb1859b150b/datanode-3/data/ratis
2023-02-16 16:33:55,601 [Listener at 127.0.0.1/46781] INFO  volume.StorageVolumeChecker (StorageVolumeChecker.java:checkAllVolumes(202)) - Scheduled health check for volume /home/runner/work/ozone/ozone/hadoop-ozone/integration-test/target/test-dir/MiniOzoneClusterImpl-34b8c8ad-1b7a-4f1a-91f5-8cb1859b150b/datanode-3/data/ratis
2023-02-16 16:33:55,614 [Thread-634] INFO  ozoneimpl.ContainerReader (ContainerReader.java:readVolume(175)) - Finish verifying containers on volume /home/runner/work/ozone/ozone/hadoop-ozone/integration-test/target/test-dir/MiniOzoneClusterImpl-34b8c8ad-1b7a-4f1a-91f5-8cb1859b150b/datanode-3/data-0/containers/hdds
2023-02-16 16:33:55,615 [Listener at 127.0.0.1/46781] INFO  ozoneimpl.OzoneContainer (OzoneContainer.java:buildContainerSet(304)) - Build ContainerSet costs 0s
2023-02-16 16:33:55,618 [Listener at 127.0.0.1/46781] INFO  server.RaftServer (ConfUtils.java:logGet(46)) - raft.rpc.type = GRPC (default)
2023-02-16 16:33:55,618 [Listener at 127.0.0.1/46781] INFO  grpc.GrpcConfigKeys (ConfUtils.java:logFallback(53)) - raft.grpc.admin.host = null (fallback to raft.grpc.server.host)
2023-02-16 16:33:55,618 [Listener at 127.0.0.1/46781] INFO  grpc.GrpcConfigKeys (ConfUtils.java:logGet(46)) - raft.grpc.admin.port = 0 (custom)
2023-02-16 16:33:55,618 [Listener at 127.0.0.1/46781] INFO  grpc.GrpcConfigKeys (ConfUtils.java:logFallback(53)) - raft.grpc.client.host = null (fallback to raft.grpc.server.host)
2023-02-16 16:33:55,619 [Listener at 127.0.0.1/46781] INFO  grpc.GrpcConfigKeys (ConfUtils.java:logGet(46)) - raft.grpc.client.port = 0 (custom)
2023-02-16 16:33:55,619 [Listener at 127.0.0.1/46781] INFO  grpc.GrpcConfigKeys (ConfUtils.java:logGet(46)) - raft.grpc.server.host = null (default)
2023-02-16 16:33:55,619 [Listener at 127.0.0.1/46781] INFO  grpc.GrpcConfigKeys (ConfUtils.java:logGet(46)) - raft.grpc.server.port = 0 (default)
2023-02-16 16:33:55,619 [Listener at 127.0.0.1/46781] INFO  server.GrpcService (ConfUtils.java:logGet(46)) - raft.grpc.message.size.max = 32MB (=33554432) (custom)
2023-02-16 16:33:55,619 [Listener at 127.0.0.1/46781] INFO  server.RaftServerConfigKeys (ConfUtils.java:logGet(46)) - raft.server.log.appender.buffer.byte-limit = 33554432 (custom)
2023-02-16 16:33:55,619 [Listener at 127.0.0.1/46781] INFO  server.GrpcService (ConfUtils.java:logGet(46)) - raft.grpc.flow.control.window = 5MB (=5242880) (custom)
2023-02-16 16:33:55,619 [Listener at 127.0.0.1/46781] INFO  server.RaftServerConfigKeys (ConfUtils.java:logGet(46)) - raft.server.rpc.request.timeout = 60s (custom)
2023-02-16 16:33:55,619 [Listener at 127.0.0.1/46781] INFO  grpc.GrpcConfigKeys (ConfUtils.java:logGet(46)) - raft.grpc.server.heartbeat.channel = true (default)
2023-02-16 16:33:55,619 [Listener at 127.0.0.1/46781] INFO  grpc.GrpcConfigKeys (ConfUtils.java:logGet(46)) - raft.grpc.server.async.request.thread.pool.cached = true (default)
2023-02-16 16:33:55,620 [Listener at 127.0.0.1/46781] INFO  grpc.GrpcConfigKeys (ConfUtils.java:logGet(46)) - raft.grpc.server.async.request.thread.pool.size = 32 (default)
2023-02-16 16:33:55,620 [Listener at 127.0.0.1/46781] INFO  impl.DataStreamServerImpl (ConfUtils.java:logGet(46)) - raft.datastream.type = NETTY (custom)
2023-02-16 16:33:55,621 [Listener at 127.0.0.1/46781] INFO  server.RaftServerConfigKeys (ConfUtils.java:logGet(46)) - raft.server.data-stream.async.request.thread.pool.cached = false (default)
2023-02-16 16:33:55,621 [Listener at 127.0.0.1/46781] INFO  server.RaftServerConfigKeys (ConfUtils.java:logGet(46)) - raft.server.data-stream.async.request.thread.pool.size = 20 (custom)
2023-02-16 16:33:55,621 [Listener at 127.0.0.1/46781] INFO  server.RaftServerConfigKeys (ConfUtils.java:logGet(46)) - raft.server.data-stream.async.write.thread.pool.size = 16 (default)
2023-02-16 16:33:55,621 [Listener at 127.0.0.1/46781] INFO  server.RaftServerConfigKeys (ConfUtils.java:logGet(46)) - raft.server.data-stream.client.pool.size = 10 (default)
2023-02-16 16:33:55,621 [Listener at 127.0.0.1/46781] INFO  netty.NettyConfigKeys$DataStream (ConfUtils.java:logGet(46)) - raft.netty.dataStream.server.use-epoll = false (default)
2023-02-16 16:33:55,621 [Listener at 127.0.0.1/46781] INFO  netty.NettyConfigKeys$DataStream (ConfUtils.java:logGet(46)) - raft.netty.dataStream.server.boss-group.size = 0 (default)
2023-02-16 16:33:55,622 [Listener at 127.0.0.1/46781] INFO  netty.NettyConfigKeys$DataStream (ConfUtils.java:logGet(46)) - raft.netty.dataStream.server.worker-group.size = 0 (default)
2023-02-16 16:33:55,622 [Listener at 127.0.0.1/46781] INFO  netty.NettyConfigKeys$DataStream (ConfUtils.java:logGet(46)) - raft.netty.dataStream.server.tls.conf = null (default)
2023-02-16 16:33:55,622 [Listener at 127.0.0.1/46781] INFO  netty.NettyConfigKeys$DataStream (ConfUtils.java:logGet(46)) - raft.netty.dataStream.host = null (default)
2023-02-16 16:33:55,622 [Listener at 127.0.0.1/46781] INFO  netty.NettyConfigKeys$DataStream (ConfUtils.java:logGet(46)) - raft.netty.dataStream.port = 0 (default)
2023-02-16 16:33:55,624 [Listener at 127.0.0.1/46781] INFO  server.RaftServerConfigKeys (ConfUtils.java:logGet(46)) - raft.server.threadpool.proxy.cached = true (default)
2023-02-16 16:33:55,624 [Listener at 127.0.0.1/46781] INFO  server.RaftServerConfigKeys (ConfUtils.java:logGet(46)) - raft.server.threadpool.proxy.size = 0 (default)
2023-02-16 16:33:55,624 [Listener at 127.0.0.1/46781] INFO  server.RaftServerConfigKeys (ConfUtils.java:logGet(46)) - raft.server.rpc.slowness.timeout = 300s (custom)
2023-02-16 16:33:55,624 [Listener at 127.0.0.1/46781] INFO  server.RaftServerConfigKeys (ConfUtils.java:logGet(46)) - raft.server.leaderelection.leader.step-down.wait-time = 10s (default)
2023-02-16 16:33:55,625 [Listener at 127.0.0.1/46781] INFO  server.RaftServerConfigKeys (ConfUtils.java:logGet(46)) - raft.server.storage.dir = [/home/runner/work/ozone/ozone/hadoop-ozone/integration-test/target/test-dir/MiniOzoneClusterImpl-34b8c8ad-1b7a-4f1a-91f5-8cb1859b150b/datanode-3/data/ratis] (custom)
2023-02-16 16:33:55,625 [6c51f489-4ead-4eaf-8276-70ff1fcde269-NettyServerStreamRpc-bossGroup--thread1] INFO  logging.LoggingHandler (AbstractInternalLogger.java:log(148)) - [id: 0x7175e116] REGISTERED
2023-02-16 16:33:55,625 [6c51f489-4ead-4eaf-8276-70ff1fcde269-NettyServerStreamRpc-bossGroup--thread1] INFO  logging.LoggingHandler (AbstractInternalLogger.java:log(148)) - [id: 0x7175e116] BIND: 0.0.0.0/0.0.0.0:0
2023-02-16 16:33:55,625 [6c51f489-4ead-4eaf-8276-70ff1fcde269-NettyServerStreamRpc-bossGroup--thread1] INFO  logging.LoggingHandler (AbstractInternalLogger.java:log(148)) - [id: 0x7175e116, L:/0:0:0:0:0:0:0:0:41323] ACTIVE
2023-02-16 16:33:55,627 [Listener at 127.0.0.1/46781] INFO  server.XceiverServerGrpc (XceiverServerGrpc.java:<init>(132)) - GrpcServer channel type EpollServerSocketChannel
2023-02-16 16:33:55,629 [Listener at 127.0.0.1/46781] INFO  http.BaseHttpServer (BaseHttpServer.java:newHttpServer2BuilderForOzone(213)) - Starting Web-server for hddsDatanode at: http://0.0.0.0:0
2023-02-16 16:33:55,629 [Listener at 127.0.0.1/46781] INFO  http.BaseHttpServer (BaseHttpServer.java:<init>(108)) - Hadoop Security Enabled: false Ozone Security Enabled: false Ozone HTTP Security Enabled: false 
2023-02-16 16:33:55,630 [Listener at 127.0.0.1/46781] WARN  server.AuthenticationFilter (AuthenticationFilter.java:constructSecretProvider(240)) - Unable to initialize FileSignerSecretProvider, falling back to use random secrets. Reason: Could not read signature secret file: /home/runner/hadoop-http-auth-signature-secret
2023-02-16 16:33:55,633 [Listener at 127.0.0.1/46781] WARN  http.HttpRequestLog (HttpRequestLog.java:getRequestLog(103)) - Jetty request log can only be enabled using Log4j
2023-02-16 16:33:55,634 [Listener at 127.0.0.1/46781] INFO  http.HttpServer2 (HttpServer2.java:addGlobalFilter(1031)) - Added global filter 'safety' (class=org.apache.hadoop.hdds.server.http.HttpServer2$QuotingInputFilter)
2023-02-16 16:33:55,634 [Listener at 127.0.0.1/46781] INFO  http.HttpServer2 (HttpServer2.java:addFilter(1007)) - Added filter static_user_filter (class=org.apache.hadoop.http.lib.StaticUserWebFilter$StaticUserFilter) to context hddsDatanode
2023-02-16 16:33:55,634 [Listener at 127.0.0.1/46781] INFO  http.HttpServer2 (HttpServer2.java:addFilter(1015)) - Added filter static_user_filter (class=org.apache.hadoop.http.lib.StaticUserWebFilter$StaticUserFilter) to context static
2023-02-16 16:33:55,635 [Listener at 127.0.0.1/46781] INFO  http.HttpServer2 (HttpServer2.java:addFilter(1015)) - Added filter static_user_filter (class=org.apache.hadoop.http.lib.StaticUserWebFilter$StaticUserFilter) to context logs
2023-02-16 16:33:55,635 [Listener at 127.0.0.1/46781] INFO  http.HttpServer2 (HttpServer2.java:bindListener(1250)) - Jetty bound to port 43667
2023-02-16 16:33:55,635 [Listener at 127.0.0.1/46781] INFO  server.Server (Server.java:doStart(375)) - jetty-9.4.49.v20220914; built: 2022-09-14T01:07:36.601Z; git: 4231a3b2e4cb8548a412a789936d640a97b1aa0a; jvm 1.8.0_362-b09
2023-02-16 16:33:55,636 [Listener at 127.0.0.1/46781] INFO  server.session (DefaultSessionIdManager.java:doStart(334)) - DefaultSessionIdManager workerName=node0
2023-02-16 16:33:55,636 [Listener at 127.0.0.1/46781] INFO  server.session (DefaultSessionIdManager.java:doStart(339)) - No SessionScavenger set, using defaults
2023-02-16 16:33:55,636 [Listener at 127.0.0.1/46781] INFO  server.session (HouseKeeper.java:startScavenging(132)) - node0 Scavenging every 660000ms
2023-02-16 16:33:55,637 [Listener at 127.0.0.1/46781] INFO  handler.ContextHandler (ContextHandler.java:doStart(921)) - Started o.e.j.s.ServletContextHandler@5b51e6ee{logs,/logs,file:///home/runner/work/ozone/ozone/hadoop-ozone/integration-test/target/log,AVAILABLE}
2023-02-16 16:33:55,637 [Listener at 127.0.0.1/46781] INFO  handler.ContextHandler (ContextHandler.java:doStart(921)) - Started o.e.j.s.ServletContextHandler@30e5d650{static,/static,jar:file:/home/runner/.m2/repository/org/apache/ozone/hdds-container-service/1.4.0-SNAPSHOT/hdds-container-service-1.4.0-SNAPSHOT.jar!/webapps/static,AVAILABLE}
2023-02-16 16:33:55,841 [Listener at 127.0.0.1/46781] INFO  handler.ContextHandler (ContextHandler.java:doStart(921)) - Started o.e.j.w.WebAppContext@2140db1c{hddsDatanode,/,file:///tmp/jetty-0_0_0_0-43667-hdds-container-service-1_4_0-SNAPSHOT_jar-_-any-6434371425598247247/webapp/,AVAILABLE}{jar:file:/home/runner/.m2/repository/org/apache/ozone/hdds-container-service/1.4.0-SNAPSHOT/hdds-container-service-1.4.0-SNAPSHOT.jar!/webapps/hddsDatanode}
2023-02-16 16:33:55,842 [Listener at 127.0.0.1/46781] INFO  server.AbstractConnector (AbstractConnector.java:doStart(333)) - Started ServerConnector@23000845{HTTP/1.1, (http/1.1)}{0.0.0.0:43667}
2023-02-16 16:33:55,842 [Listener at 127.0.0.1/46781] INFO  server.Server (Server.java:doStart(415)) - Started @69444ms
2023-02-16 16:33:55,842 [Listener at 127.0.0.1/46781] WARN  impl.MetricsSystemImpl (MetricsSystemImpl.java:register(279)) - Sink prometheus already exists!
2023-02-16 16:33:55,843 [Listener at 127.0.0.1/46781] INFO  http.BaseHttpServer (BaseHttpServer.java:updateConnectorAddress(333)) - HTTP server of hddsDatanode listening at http://0.0.0.0:43667
2023-02-16 16:33:55,843 [Datanode State Machine Daemon Thread] INFO  statemachine.DatanodeStateMachine (DatanodeStateMachine.java:lambda$startDaemon$0(516)) - Ozone container server started.
2023-02-16 16:33:55,844 [Listener at 127.0.0.1/46781] WARN  impl.MetricRegistriesImpl (MetricRegistriesImpl.java:addReporterRegistration(111)) - New reporters are added after registries were created. Some metrics will be missing from the reporter. Please add reporter before adding any new registry.
2023-02-16 16:33:55,848 [Listener at 127.0.0.1/46781] WARN  impl.MetricRegistriesImpl (MetricRegistriesImpl.java:addReporterRegistration(111)) - New reporters are added after registries were created. Some metrics will be missing from the reporter. Please add reporter before adding any new registry.
2023-02-16 16:33:55,848 [Listener at 127.0.0.1/46781] INFO  impl.MetricsSystemImpl (MetricsSystemImpl.java:init(158)) - HddsDatanode metrics system started (again)
2023-02-16 16:33:55,865 [org.apache.hadoop.util.JvmPauseMonitor$Monitor@4e03f480] INFO  util.JvmPauseMonitor (JvmPauseMonitor.java:run(188)) - Starting JVM pause monitor
2023-02-16 16:33:55,868 [Datanode State Machine Task Thread - 0] INFO  datanode.InitDatanodeState (InitDatanodeState.java:persistContainerDatanodeDetails(138)) - DatanodeDetails is persisted to /home/runner/work/ozone/ozone/hadoop-ozone/integration-test/target/test-dir/MiniOzoneClusterImpl-34b8c8ad-1b7a-4f1a-91f5-8cb1859b150b/datanode-3/meta/datanode.id
2023-02-16 16:33:55,875 [Listener at 127.0.0.1/46781] INFO  ozone.HddsDatanodeService (HddsDatanodeService.java:start(228)) - HddsDatanodeService host:fv-az167-289.21ktoceh2wee5fewwtpg1zd01g.bx.internal.cloudapp.net ip:10.1.0.66
2023-02-16 16:33:55,899 [Listener at 127.0.0.1/46781] INFO  upgrade.AbstractLayoutVersionManager (AbstractLayoutVersionManager.java:init(83)) - Initializing Layout version manager with metadata layout = DATANODE_SCHEMA_V3 (version = 4), software layout = DATANODE_SCHEMA_V3 (version = 4)
2023-02-16 16:33:55,948 [Listener at 127.0.0.1/46781] INFO  reflections.Reflections (Reflections.java:scan(232)) - Reflections took 46 ms to scan 7 urls, producing 150 keys and 362 values 
2023-02-16 16:33:55,949 [Listener at 127.0.0.1/46781] INFO  statemachine.DatanodeStateMachine (DatanodeStateMachine.java:getEndPointTaskThreadPoolSize(260)) - Datanode State Machine Task Thread Pool size 2
2023-02-16 16:33:55,951 [Listener at 127.0.0.1/46781] INFO  volume.HddsVolume (HddsVolume.java:<init>(122)) - Creating HddsVolume: /home/runner/work/ozone/ozone/hadoop-ozone/integration-test/target/test-dir/MiniOzoneClusterImpl-34b8c8ad-1b7a-4f1a-91f5-8cb1859b150b/datanode-4/data-0/containers/hdds of storage type : DISK capacity : 9223372036854775807
2023-02-16 16:33:55,952 [Listener at 127.0.0.1/46781] INFO  volume.MutableVolumeSet (MutableVolumeSet.java:initializeVolumeSet(174)) - Added Volume : /home/runner/work/ozone/ozone/hadoop-ozone/integration-test/target/test-dir/MiniOzoneClusterImpl-34b8c8ad-1b7a-4f1a-91f5-8cb1859b150b/datanode-4/data-0/containers/hdds to VolumeSet
2023-02-16 16:33:55,952 [Listener at 127.0.0.1/46781] INFO  volume.ThrottledAsyncChecker (ThrottledAsyncChecker.java:schedule(141)) - Scheduling a check for /home/runner/work/ozone/ozone/hadoop-ozone/integration-test/target/test-dir/MiniOzoneClusterImpl-34b8c8ad-1b7a-4f1a-91f5-8cb1859b150b/datanode-4/data-0/containers/hdds
2023-02-16 16:33:55,952 [Listener at 127.0.0.1/46781] INFO  volume.StorageVolumeChecker (StorageVolumeChecker.java:checkAllVolumes(202)) - Scheduled health check for volume /home/runner/work/ozone/ozone/hadoop-ozone/integration-test/target/test-dir/MiniOzoneClusterImpl-34b8c8ad-1b7a-4f1a-91f5-8cb1859b150b/datanode-4/data-0/containers/hdds
2023-02-16 16:33:55,963 [Listener at 127.0.0.1/46781] INFO  volume.MutableVolumeSet (MutableVolumeSet.java:initializeVolumeSet(174)) - Added Volume : /home/runner/work/ozone/ozone/hadoop-ozone/integration-test/target/test-dir/MiniOzoneClusterImpl-34b8c8ad-1b7a-4f1a-91f5-8cb1859b150b/datanode-4/data/ratis to VolumeSet
2023-02-16 16:33:55,963 [Listener at 127.0.0.1/46781] INFO  volume.ThrottledAsyncChecker (ThrottledAsyncChecker.java:schedule(141)) - Scheduling a check for /home/runner/work/ozone/ozone/hadoop-ozone/integration-test/target/test-dir/MiniOzoneClusterImpl-34b8c8ad-1b7a-4f1a-91f5-8cb1859b150b/datanode-4/data/ratis
2023-02-16 16:33:55,964 [Listener at 127.0.0.1/46781] INFO  volume.StorageVolumeChecker (StorageVolumeChecker.java:checkAllVolumes(202)) - Scheduled health check for volume /home/runner/work/ozone/ozone/hadoop-ozone/integration-test/target/test-dir/MiniOzoneClusterImpl-34b8c8ad-1b7a-4f1a-91f5-8cb1859b150b/datanode-4/data/ratis
2023-02-16 16:33:55,974 [Thread-648] INFO  ozoneimpl.ContainerReader (ContainerReader.java:readVolume(175)) - Finish verifying containers on volume /home/runner/work/ozone/ozone/hadoop-ozone/integration-test/target/test-dir/MiniOzoneClusterImpl-34b8c8ad-1b7a-4f1a-91f5-8cb1859b150b/datanode-4/data-0/containers/hdds
2023-02-16 16:33:55,975 [Listener at 127.0.0.1/46781] INFO  ozoneimpl.OzoneContainer (OzoneContainer.java:buildContainerSet(304)) - Build ContainerSet costs 0s
2023-02-16 16:33:55,976 [Listener at 127.0.0.1/46781] INFO  server.RaftServer (ConfUtils.java:logGet(46)) - raft.rpc.type = GRPC (default)
2023-02-16 16:33:55,977 [Listener at 127.0.0.1/46781] INFO  grpc.GrpcConfigKeys (ConfUtils.java:logFallback(53)) - raft.grpc.admin.host = null (fallback to raft.grpc.server.host)
2023-02-16 16:33:55,977 [Listener at 127.0.0.1/46781] INFO  grpc.GrpcConfigKeys (ConfUtils.java:logGet(46)) - raft.grpc.admin.port = 0 (custom)
2023-02-16 16:33:55,977 [Listener at 127.0.0.1/46781] INFO  grpc.GrpcConfigKeys (ConfUtils.java:logFallback(53)) - raft.grpc.client.host = null (fallback to raft.grpc.server.host)
2023-02-16 16:33:55,977 [Listener at 127.0.0.1/46781] INFO  grpc.GrpcConfigKeys (ConfUtils.java:logGet(46)) - raft.grpc.client.port = 0 (custom)
2023-02-16 16:33:55,977 [Listener at 127.0.0.1/46781] INFO  grpc.GrpcConfigKeys (ConfUtils.java:logGet(46)) - raft.grpc.server.host = null (default)
2023-02-16 16:33:55,977 [Listener at 127.0.0.1/46781] INFO  grpc.GrpcConfigKeys (ConfUtils.java:logGet(46)) - raft.grpc.server.port = 0 (default)
2023-02-16 16:33:55,977 [Listener at 127.0.0.1/46781] INFO  server.GrpcService (ConfUtils.java:logGet(46)) - raft.grpc.message.size.max = 32MB (=33554432) (custom)
2023-02-16 16:33:55,977 [Listener at 127.0.0.1/46781] INFO  server.RaftServerConfigKeys (ConfUtils.java:logGet(46)) - raft.server.log.appender.buffer.byte-limit = 33554432 (custom)
2023-02-16 16:33:55,977 [Listener at 127.0.0.1/46781] INFO  server.GrpcService (ConfUtils.java:logGet(46)) - raft.grpc.flow.control.window = 5MB (=5242880) (custom)
2023-02-16 16:33:55,977 [Listener at 127.0.0.1/46781] INFO  server.RaftServerConfigKeys (ConfUtils.java:logGet(46)) - raft.server.rpc.request.timeout = 60s (custom)
2023-02-16 16:33:55,978 [Listener at 127.0.0.1/46781] INFO  grpc.GrpcConfigKeys (ConfUtils.java:logGet(46)) - raft.grpc.server.heartbeat.channel = true (default)
2023-02-16 16:33:55,978 [Listener at 127.0.0.1/46781] INFO  grpc.GrpcConfigKeys (ConfUtils.java:logGet(46)) - raft.grpc.server.async.request.thread.pool.cached = true (default)
2023-02-16 16:33:55,978 [Listener at 127.0.0.1/46781] INFO  grpc.GrpcConfigKeys (ConfUtils.java:logGet(46)) - raft.grpc.server.async.request.thread.pool.size = 32 (default)
2023-02-16 16:33:55,979 [Listener at 127.0.0.1/46781] INFO  impl.DataStreamServerImpl (ConfUtils.java:logGet(46)) - raft.datastream.type = NETTY (custom)
2023-02-16 16:33:55,979 [Listener at 127.0.0.1/46781] INFO  server.RaftServerConfigKeys (ConfUtils.java:logGet(46)) - raft.server.data-stream.async.request.thread.pool.cached = false (default)
2023-02-16 16:33:55,979 [Listener at 127.0.0.1/46781] INFO  server.RaftServerConfigKeys (ConfUtils.java:logGet(46)) - raft.server.data-stream.async.request.thread.pool.size = 20 (custom)
2023-02-16 16:33:55,979 [Listener at 127.0.0.1/46781] INFO  server.RaftServerConfigKeys (ConfUtils.java:logGet(46)) - raft.server.data-stream.async.write.thread.pool.size = 16 (default)
2023-02-16 16:33:55,979 [Listener at 127.0.0.1/46781] INFO  server.RaftServerConfigKeys (ConfUtils.java:logGet(46)) - raft.server.data-stream.client.pool.size = 10 (default)
2023-02-16 16:33:55,979 [Listener at 127.0.0.1/46781] INFO  netty.NettyConfigKeys$DataStream (ConfUtils.java:logGet(46)) - raft.netty.dataStream.server.use-epoll = false (default)
2023-02-16 16:33:55,979 [Listener at 127.0.0.1/46781] INFO  netty.NettyConfigKeys$DataStream (ConfUtils.java:logGet(46)) - raft.netty.dataStream.server.boss-group.size = 0 (default)
2023-02-16 16:33:55,980 [Listener at 127.0.0.1/46781] INFO  netty.NettyConfigKeys$DataStream (ConfUtils.java:logGet(46)) - raft.netty.dataStream.server.worker-group.size = 0 (default)
2023-02-16 16:33:55,980 [Listener at 127.0.0.1/46781] INFO  netty.NettyConfigKeys$DataStream (ConfUtils.java:logGet(46)) - raft.netty.dataStream.server.tls.conf = null (default)
2023-02-16 16:33:55,980 [Listener at 127.0.0.1/46781] INFO  netty.NettyConfigKeys$DataStream (ConfUtils.java:logGet(46)) - raft.netty.dataStream.host = null (default)
2023-02-16 16:33:55,980 [Listener at 127.0.0.1/46781] INFO  netty.NettyConfigKeys$DataStream (ConfUtils.java:logGet(46)) - raft.netty.dataStream.port = 0 (default)
2023-02-16 16:33:55,985 [Listener at 127.0.0.1/46781] INFO  server.RaftServerConfigKeys (ConfUtils.java:logGet(46)) - raft.server.threadpool.proxy.cached = true (default)
2023-02-16 16:33:55,985 [Listener at 127.0.0.1/46781] INFO  server.RaftServerConfigKeys (ConfUtils.java:logGet(46)) - raft.server.threadpool.proxy.size = 0 (default)
2023-02-16 16:33:55,985 [Listener at 127.0.0.1/46781] INFO  server.RaftServerConfigKeys (ConfUtils.java:logGet(46)) - raft.server.rpc.slowness.timeout = 300s (custom)
2023-02-16 16:33:55,985 [Listener at 127.0.0.1/46781] INFO  server.RaftServerConfigKeys (ConfUtils.java:logGet(46)) - raft.server.leaderelection.leader.step-down.wait-time = 10s (default)
2023-02-16 16:33:55,985 [Listener at 127.0.0.1/46781] INFO  server.RaftServerConfigKeys (ConfUtils.java:logGet(46)) - raft.server.storage.dir = [/home/runner/work/ozone/ozone/hadoop-ozone/integration-test/target/test-dir/MiniOzoneClusterImpl-34b8c8ad-1b7a-4f1a-91f5-8cb1859b150b/datanode-4/data/ratis] (custom)
2023-02-16 16:33:55,988 [3a64110f-54c2-4b73-a080-ae850dd54c39-NettyServerStreamRpc-bossGroup--thread1] INFO  logging.LoggingHandler (AbstractInternalLogger.java:log(148)) - [id: 0xa6c25684] REGISTERED
2023-02-16 16:33:55,988 [3a64110f-54c2-4b73-a080-ae850dd54c39-NettyServerStreamRpc-bossGroup--thread1] INFO  logging.LoggingHandler (AbstractInternalLogger.java:log(148)) - [id: 0xa6c25684] BIND: 0.0.0.0/0.0.0.0:0
2023-02-16 16:33:55,988 [3a64110f-54c2-4b73-a080-ae850dd54c39-NettyServerStreamRpc-bossGroup--thread1] INFO  logging.LoggingHandler (AbstractInternalLogger.java:log(148)) - [id: 0xa6c25684, L:/0:0:0:0:0:0:0:0:41821] ACTIVE
2023-02-16 16:33:55,991 [Listener at 127.0.0.1/46781] INFO  server.XceiverServerGrpc (XceiverServerGrpc.java:<init>(132)) - GrpcServer channel type EpollServerSocketChannel
2023-02-16 16:33:55,994 [Listener at 127.0.0.1/46781] INFO  http.BaseHttpServer (BaseHttpServer.java:newHttpServer2BuilderForOzone(213)) - Starting Web-server for hddsDatanode at: http://0.0.0.0:0
2023-02-16 16:33:55,994 [Listener at 127.0.0.1/46781] INFO  http.BaseHttpServer (BaseHttpServer.java:<init>(108)) - Hadoop Security Enabled: false Ozone Security Enabled: false Ozone HTTP Security Enabled: false 
2023-02-16 16:33:55,995 [Listener at 127.0.0.1/46781] WARN  server.AuthenticationFilter (AuthenticationFilter.java:constructSecretProvider(240)) - Unable to initialize FileSignerSecretProvider, falling back to use random secrets. Reason: Could not read signature secret file: /home/runner/hadoop-http-auth-signature-secret
2023-02-16 16:33:55,995 [Listener at 127.0.0.1/46781] WARN  http.HttpRequestLog (HttpRequestLog.java:getRequestLog(103)) - Jetty request log can only be enabled using Log4j
2023-02-16 16:33:55,996 [Listener at 127.0.0.1/46781] INFO  http.HttpServer2 (HttpServer2.java:addGlobalFilter(1031)) - Added global filter 'safety' (class=org.apache.hadoop.hdds.server.http.HttpServer2$QuotingInputFilter)
2023-02-16 16:33:55,997 [Listener at 127.0.0.1/46781] INFO  http.HttpServer2 (HttpServer2.java:addFilter(1007)) - Added filter static_user_filter (class=org.apache.hadoop.http.lib.StaticUserWebFilter$StaticUserFilter) to context hddsDatanode
2023-02-16 16:33:55,997 [Listener at 127.0.0.1/46781] INFO  http.HttpServer2 (HttpServer2.java:addFilter(1015)) - Added filter static_user_filter (class=org.apache.hadoop.http.lib.StaticUserWebFilter$StaticUserFilter) to context logs
2023-02-16 16:33:55,997 [Listener at 127.0.0.1/46781] INFO  http.HttpServer2 (HttpServer2.java:addFilter(1015)) - Added filter static_user_filter (class=org.apache.hadoop.http.lib.StaticUserWebFilter$StaticUserFilter) to context static
2023-02-16 16:33:55,997 [Listener at 127.0.0.1/46781] INFO  http.HttpServer2 (HttpServer2.java:bindListener(1250)) - Jetty bound to port 46295
2023-02-16 16:33:55,998 [Listener at 127.0.0.1/46781] INFO  server.Server (Server.java:doStart(375)) - jetty-9.4.49.v20220914; built: 2022-09-14T01:07:36.601Z; git: 4231a3b2e4cb8548a412a789936d640a97b1aa0a; jvm 1.8.0_362-b09
2023-02-16 16:33:55,999 [Listener at 127.0.0.1/46781] INFO  server.session (DefaultSessionIdManager.java:doStart(334)) - DefaultSessionIdManager workerName=node0
2023-02-16 16:33:55,999 [Listener at 127.0.0.1/46781] INFO  server.session (DefaultSessionIdManager.java:doStart(339)) - No SessionScavenger set, using defaults
2023-02-16 16:33:55,999 [Listener at 127.0.0.1/46781] INFO  server.session (HouseKeeper.java:startScavenging(132)) - node0 Scavenging every 600000ms
2023-02-16 16:33:56,000 [Listener at 127.0.0.1/46781] INFO  handler.ContextHandler (ContextHandler.java:doStart(921)) - Started o.e.j.s.ServletContextHandler@3d4542d7{logs,/logs,file:///home/runner/work/ozone/ozone/hadoop-ozone/integration-test/target/log,AVAILABLE}
2023-02-16 16:33:56,000 [Listener at 127.0.0.1/46781] INFO  handler.ContextHandler (ContextHandler.java:doStart(921)) - Started o.e.j.s.ServletContextHandler@149d4e72{static,/static,jar:file:/home/runner/.m2/repository/org/apache/ozone/hdds-container-service/1.4.0-SNAPSHOT/hdds-container-service-1.4.0-SNAPSHOT.jar!/webapps/static,AVAILABLE}
2023-02-16 16:33:56,195 [Listener at 127.0.0.1/46781] INFO  handler.ContextHandler (ContextHandler.java:doStart(921)) - Started o.e.j.w.WebAppContext@630cae95{hddsDatanode,/,file:///tmp/jetty-0_0_0_0-46295-hdds-container-service-1_4_0-SNAPSHOT_jar-_-any-2096340688287960894/webapp/,AVAILABLE}{jar:file:/home/runner/.m2/repository/org/apache/ozone/hdds-container-service/1.4.0-SNAPSHOT/hdds-container-service-1.4.0-SNAPSHOT.jar!/webapps/hddsDatanode}
2023-02-16 16:33:56,196 [Listener at 127.0.0.1/46781] INFO  server.AbstractConnector (AbstractConnector.java:doStart(333)) - Started ServerConnector@310f2247{HTTP/1.1, (http/1.1)}{0.0.0.0:46295}
2023-02-16 16:33:56,197 [Listener at 127.0.0.1/46781] INFO  server.Server (Server.java:doStart(415)) - Started @69798ms
2023-02-16 16:33:56,197 [Listener at 127.0.0.1/46781] WARN  impl.MetricsSystemImpl (MetricsSystemImpl.java:register(279)) - Sink prometheus already exists!
2023-02-16 16:33:56,197 [Listener at 127.0.0.1/46781] INFO  http.BaseHttpServer (BaseHttpServer.java:updateConnectorAddress(333)) - HTTP server of hddsDatanode listening at http://0.0.0.0:46295
2023-02-16 16:33:56,198 [Listener at 127.0.0.1/46781] INFO  ozone.MiniOzoneClusterImpl (MiniOzoneClusterImpl.java:lambda$waitForClusterToBeReady$0(218)) - Waiting for nodes to be ready. Got 0 of 5 DN Heartbeats.
2023-02-16 16:33:56,198 [Listener at 127.0.0.1/46781] INFO  ozone.MiniOzoneClusterImpl (MiniOzoneClusterImpl.java:lambda$waitForClusterToBeReady$0(221)) - Waiting for cluster to exit safe mode
2023-02-16 16:33:56,198 [Listener at 127.0.0.1/46781] INFO  ozone.MiniOzoneClusterImpl (MiniOzoneClusterImpl.java:lambda$waitForClusterToBeReady$0(223)) - SCM became leader
2023-02-16 16:33:56,199 [Datanode State Machine Daemon Thread] INFO  statemachine.DatanodeStateMachine (DatanodeStateMachine.java:lambda$startDaemon$0(516)) - Ozone container server started.
2023-02-16 16:33:56,202 [org.apache.hadoop.util.JvmPauseMonitor$Monitor@7d88dfa2] INFO  util.JvmPauseMonitor (JvmPauseMonitor.java:run(188)) - Starting JVM pause monitor
2023-02-16 16:33:56,205 [Datanode State Machine Task Thread - 0] INFO  datanode.InitDatanodeState (InitDatanodeState.java:persistContainerDatanodeDetails(138)) - DatanodeDetails is persisted to /home/runner/work/ozone/ozone/hadoop-ozone/integration-test/target/test-dir/MiniOzoneClusterImpl-34b8c8ad-1b7a-4f1a-91f5-8cb1859b150b/datanode-4/meta/datanode.id
2023-02-16 16:33:56,844 [EndpointStateMachine task thread for /0.0.0.0:42729 - 0 ] INFO  utils.DatanodeStoreCache (DatanodeStoreCache.java:addDB(58)) - Added db /home/runner/work/ozone/ozone/hadoop-ozone/integration-test/target/test-dir/MiniOzoneClusterImpl-34b8c8ad-1b7a-4f1a-91f5-8cb1859b150b/datanode-0/data-0/containers/hdds/34b8c8ad-1b7a-4f1a-91f5-8cb1859b150b/DS-24928357-08f4-4ce7-8130-3c3a28a51fc5/container.db to cache
2023-02-16 16:33:56,844 [EndpointStateMachine task thread for /0.0.0.0:42729 - 0 ] INFO  volume.HddsVolume (HddsVolume.java:createDbStore(331)) - SchemaV3 db is created and loaded at /home/runner/work/ozone/ozone/hadoop-ozone/integration-test/target/test-dir/MiniOzoneClusterImpl-34b8c8ad-1b7a-4f1a-91f5-8cb1859b150b/datanode-0/data-0/containers/hdds/34b8c8ad-1b7a-4f1a-91f5-8cb1859b150b/DS-24928357-08f4-4ce7-8130-3c3a28a51fc5/container.db for volume DS-24928357-08f4-4ce7-8130-3c3a28a51fc5
2023-02-16 16:33:56,845 [EndpointStateMachine task thread for /0.0.0.0:42729 - 0 ] INFO  ozoneimpl.OzoneContainer (OzoneContainer.java:start(398)) - Attempting to start container services.
2023-02-16 16:33:56,845 [EndpointStateMachine task thread for /0.0.0.0:42729 - 0 ] INFO  ozoneimpl.OzoneContainer (OzoneContainer.java:startContainerScrub(315)) - Scheduled background container scanners and the on-demand container scanner have been disabled.
2023-02-16 16:33:56,847 [EndpointStateMachine task thread for /0.0.0.0:42729 - 0 ] INFO  replication.ReplicationServer (ReplicationServer.java:start(109)) - ReplicationServer is started using port 39037
2023-02-16 16:33:56,847 [EndpointStateMachine task thread for /0.0.0.0:42729 - 0 ] INFO  ratis.XceiverServerRatis (XceiverServerRatis.java:start(518)) - Starting XceiverServerRatis 22be8fd8-b8c6-40ff-8f14-846d94d7e632
2023-02-16 16:33:56,849 [EndpointStateMachine task thread for /0.0.0.0:42729 - 0 ] INFO  server.RaftServer (RaftServerProxy.java:startImpl(393)) - 22be8fd8-b8c6-40ff-8f14-846d94d7e632: start RPC server
2023-02-16 16:33:56,850 [EndpointStateMachine task thread for /0.0.0.0:42729 - 0 ] INFO  server.GrpcService (GrpcService.java:startImpl(262)) - 22be8fd8-b8c6-40ff-8f14-846d94d7e632: GrpcService started, listening on 43577
2023-02-16 16:33:56,850 [EndpointStateMachine task thread for /0.0.0.0:42729 - 0 ] INFO  ratis.XceiverServerRatis (XceiverServerRatis.java:getRealPort(544)) - XceiverServerRatis 22be8fd8-b8c6-40ff-8f14-846d94d7e632 is started using port 43577 for RATIS
2023-02-16 16:33:56,850 [EndpointStateMachine task thread for /0.0.0.0:42729 - 0 ] INFO  ratis.XceiverServerRatis (XceiverServerRatis.java:getRealPort(544)) - XceiverServerRatis 22be8fd8-b8c6-40ff-8f14-846d94d7e632 is started using port 43577 for RATIS_ADMIN
2023-02-16 16:33:56,850 [JvmPauseMonitor6] INFO  util.JvmPauseMonitor (JvmPauseMonitor.java:run(105)) - JvmPauseMonitor-22be8fd8-b8c6-40ff-8f14-846d94d7e632: Started
2023-02-16 16:33:56,851 [EndpointStateMachine task thread for /0.0.0.0:42729 - 0 ] INFO  ratis.XceiverServerRatis (XceiverServerRatis.java:getRealPort(544)) - XceiverServerRatis 22be8fd8-b8c6-40ff-8f14-846d94d7e632 is started using port 43577 for RATIS_SERVER
2023-02-16 16:33:56,851 [EndpointStateMachine task thread for /0.0.0.0:42729 - 0 ] INFO  ratis.XceiverServerRatis (XceiverServerRatis.java:getRealPort(544)) - XceiverServerRatis 22be8fd8-b8c6-40ff-8f14-846d94d7e632 is started using port 37909 for RATIS_DATASTREAM
2023-02-16 16:33:56,852 [EndpointStateMachine task thread for /0.0.0.0:42729 - 0 ] INFO  server.XceiverServerGrpc (XceiverServerGrpc.java:start(180)) - XceiverServerGrpc 22be8fd8-b8c6-40ff-8f14-846d94d7e632 is started using port 44271
2023-02-16 16:33:57,190 [EndpointStateMachine task thread for /0.0.0.0:42729 - 0 ] INFO  utils.DatanodeStoreCache (DatanodeStoreCache.java:addDB(58)) - Added db /home/runner/work/ozone/ozone/hadoop-ozone/integration-test/target/test-dir/MiniOzoneClusterImpl-34b8c8ad-1b7a-4f1a-91f5-8cb1859b150b/datanode-1/data-0/containers/hdds/34b8c8ad-1b7a-4f1a-91f5-8cb1859b150b/DS-ea3c3cfc-4175-4193-817a-dddbecaf1fc9/container.db to cache
2023-02-16 16:33:57,190 [EndpointStateMachine task thread for /0.0.0.0:42729 - 0 ] INFO  volume.HddsVolume (HddsVolume.java:createDbStore(331)) - SchemaV3 db is created and loaded at /home/runner/work/ozone/ozone/hadoop-ozone/integration-test/target/test-dir/MiniOzoneClusterImpl-34b8c8ad-1b7a-4f1a-91f5-8cb1859b150b/datanode-1/data-0/containers/hdds/34b8c8ad-1b7a-4f1a-91f5-8cb1859b150b/DS-ea3c3cfc-4175-4193-817a-dddbecaf1fc9/container.db for volume DS-ea3c3cfc-4175-4193-817a-dddbecaf1fc9
2023-02-16 16:33:57,190 [EndpointStateMachine task thread for /0.0.0.0:42729 - 0 ] INFO  ozoneimpl.OzoneContainer (OzoneContainer.java:start(398)) - Attempting to start container services.
2023-02-16 16:33:57,190 [EndpointStateMachine task thread for /0.0.0.0:42729 - 0 ] INFO  ozoneimpl.OzoneContainer (OzoneContainer.java:startContainerScrub(315)) - Scheduled background container scanners and the on-demand container scanner have been disabled.
2023-02-16 16:33:57,193 [EndpointStateMachine task thread for /0.0.0.0:42729 - 0 ] INFO  replication.ReplicationServer (ReplicationServer.java:start(109)) - ReplicationServer is started using port 33281
2023-02-16 16:33:57,193 [EndpointStateMachine task thread for /0.0.0.0:42729 - 0 ] INFO  ratis.XceiverServerRatis (XceiverServerRatis.java:start(518)) - Starting XceiverServerRatis 640e7d3f-2dbd-4e46-b500-a7d3223ba7d6
2023-02-16 16:33:57,194 [EndpointStateMachine task thread for /0.0.0.0:42729 - 0 ] INFO  server.RaftServer (RaftServerProxy.java:startImpl(393)) - 640e7d3f-2dbd-4e46-b500-a7d3223ba7d6: start RPC server
2023-02-16 16:33:57,196 [EndpointStateMachine task thread for /0.0.0.0:42729 - 0 ] INFO  server.GrpcService (GrpcService.java:startImpl(262)) - 640e7d3f-2dbd-4e46-b500-a7d3223ba7d6: GrpcService started, listening on 35785
2023-02-16 16:33:57,196 [EndpointStateMachine task thread for /0.0.0.0:42729 - 0 ] INFO  ratis.XceiverServerRatis (XceiverServerRatis.java:getRealPort(544)) - XceiverServerRatis 640e7d3f-2dbd-4e46-b500-a7d3223ba7d6 is started using port 35785 for RATIS
2023-02-16 16:33:57,196 [EndpointStateMachine task thread for /0.0.0.0:42729 - 0 ] INFO  ratis.XceiverServerRatis (XceiverServerRatis.java:getRealPort(544)) - XceiverServerRatis 640e7d3f-2dbd-4e46-b500-a7d3223ba7d6 is started using port 35785 for RATIS_ADMIN
2023-02-16 16:33:57,196 [EndpointStateMachine task thread for /0.0.0.0:42729 - 0 ] INFO  ratis.XceiverServerRatis (XceiverServerRatis.java:getRealPort(544)) - XceiverServerRatis 640e7d3f-2dbd-4e46-b500-a7d3223ba7d6 is started using port 35785 for RATIS_SERVER
2023-02-16 16:33:57,196 [JvmPauseMonitor7] INFO  util.JvmPauseMonitor (JvmPauseMonitor.java:run(105)) - JvmPauseMonitor-640e7d3f-2dbd-4e46-b500-a7d3223ba7d6: Started
2023-02-16 16:33:57,196 [EndpointStateMachine task thread for /0.0.0.0:42729 - 0 ] INFO  ratis.XceiverServerRatis (XceiverServerRatis.java:getRealPort(544)) - XceiverServerRatis 640e7d3f-2dbd-4e46-b500-a7d3223ba7d6 is started using port 41863 for RATIS_DATASTREAM
2023-02-16 16:33:57,199 [Listener at 127.0.0.1/46781] INFO  ozone.MiniOzoneClusterImpl (MiniOzoneClusterImpl.java:lambda$waitForClusterToBeReady$0(218)) - Waiting for nodes to be ready. Got 0 of 5 DN Heartbeats.
2023-02-16 16:33:57,199 [Listener at 127.0.0.1/46781] INFO  ozone.MiniOzoneClusterImpl (MiniOzoneClusterImpl.java:lambda$waitForClusterToBeReady$0(221)) - Waiting for cluster to exit safe mode
2023-02-16 16:33:57,199 [Listener at 127.0.0.1/46781] INFO  ozone.MiniOzoneClusterImpl (MiniOzoneClusterImpl.java:lambda$waitForClusterToBeReady$0(223)) - SCM became leader
2023-02-16 16:33:57,202 [EndpointStateMachine task thread for /0.0.0.0:42729 - 0 ] INFO  server.XceiverServerGrpc (XceiverServerGrpc.java:start(180)) - XceiverServerGrpc 640e7d3f-2dbd-4e46-b500-a7d3223ba7d6 is started using port 36431
2023-02-16 16:33:57,531 [EndpointStateMachine task thread for /0.0.0.0:42729 - 0 ] INFO  utils.DatanodeStoreCache (DatanodeStoreCache.java:addDB(58)) - Added db /home/runner/work/ozone/ozone/hadoop-ozone/integration-test/target/test-dir/MiniOzoneClusterImpl-34b8c8ad-1b7a-4f1a-91f5-8cb1859b150b/datanode-2/data-0/containers/hdds/34b8c8ad-1b7a-4f1a-91f5-8cb1859b150b/DS-621f1073-3991-4cb8-9020-03b2c3b11da1/container.db to cache
2023-02-16 16:33:57,531 [EndpointStateMachine task thread for /0.0.0.0:42729 - 0 ] INFO  volume.HddsVolume (HddsVolume.java:createDbStore(331)) - SchemaV3 db is created and loaded at /home/runner/work/ozone/ozone/hadoop-ozone/integration-test/target/test-dir/MiniOzoneClusterImpl-34b8c8ad-1b7a-4f1a-91f5-8cb1859b150b/datanode-2/data-0/containers/hdds/34b8c8ad-1b7a-4f1a-91f5-8cb1859b150b/DS-621f1073-3991-4cb8-9020-03b2c3b11da1/container.db for volume DS-621f1073-3991-4cb8-9020-03b2c3b11da1
2023-02-16 16:33:57,531 [EndpointStateMachine task thread for /0.0.0.0:42729 - 0 ] INFO  ozoneimpl.OzoneContainer (OzoneContainer.java:start(398)) - Attempting to start container services.
2023-02-16 16:33:57,531 [EndpointStateMachine task thread for /0.0.0.0:42729 - 0 ] INFO  ozoneimpl.OzoneContainer (OzoneContainer.java:startContainerScrub(315)) - Scheduled background container scanners and the on-demand container scanner have been disabled.
2023-02-16 16:33:57,533 [EndpointStateMachine task thread for /0.0.0.0:42729 - 0 ] INFO  replication.ReplicationServer (ReplicationServer.java:start(109)) - ReplicationServer is started using port 37455
2023-02-16 16:33:57,533 [EndpointStateMachine task thread for /0.0.0.0:42729 - 0 ] INFO  ratis.XceiverServerRatis (XceiverServerRatis.java:start(518)) - Starting XceiverServerRatis 9f5e5902-bacc-4266-a878-65e39c3ba6e9
2023-02-16 16:33:57,539 [EndpointStateMachine task thread for /0.0.0.0:42729 - 0 ] INFO  server.RaftServer (RaftServerProxy.java:startImpl(393)) - 9f5e5902-bacc-4266-a878-65e39c3ba6e9: start RPC server
2023-02-16 16:33:57,541 [EndpointStateMachine task thread for /0.0.0.0:42729 - 0 ] INFO  server.GrpcService (GrpcService.java:startImpl(262)) - 9f5e5902-bacc-4266-a878-65e39c3ba6e9: GrpcService started, listening on 37011
2023-02-16 16:33:57,541 [EndpointStateMachine task thread for /0.0.0.0:42729 - 0 ] INFO  ratis.XceiverServerRatis (XceiverServerRatis.java:getRealPort(544)) - XceiverServerRatis 9f5e5902-bacc-4266-a878-65e39c3ba6e9 is started using port 37011 for RATIS
2023-02-16 16:33:57,541 [JvmPauseMonitor8] INFO  util.JvmPauseMonitor (JvmPauseMonitor.java:run(105)) - JvmPauseMonitor-9f5e5902-bacc-4266-a878-65e39c3ba6e9: Started
2023-02-16 16:33:57,541 [EndpointStateMachine task thread for /0.0.0.0:42729 - 0 ] INFO  ratis.XceiverServerRatis (XceiverServerRatis.java:getRealPort(544)) - XceiverServerRatis 9f5e5902-bacc-4266-a878-65e39c3ba6e9 is started using port 37011 for RATIS_ADMIN
2023-02-16 16:33:57,541 [EndpointStateMachine task thread for /0.0.0.0:42729 - 0 ] INFO  ratis.XceiverServerRatis (XceiverServerRatis.java:getRealPort(544)) - XceiverServerRatis 9f5e5902-bacc-4266-a878-65e39c3ba6e9 is started using port 37011 for RATIS_SERVER
2023-02-16 16:33:57,541 [EndpointStateMachine task thread for /0.0.0.0:42729 - 0 ] INFO  ratis.XceiverServerRatis (XceiverServerRatis.java:getRealPort(544)) - XceiverServerRatis 9f5e5902-bacc-4266-a878-65e39c3ba6e9 is started using port 40567 for RATIS_DATASTREAM
2023-02-16 16:33:57,543 [EndpointStateMachine task thread for /0.0.0.0:42729 - 0 ] INFO  server.XceiverServerGrpc (XceiverServerGrpc.java:start(180)) - XceiverServerGrpc 9f5e5902-bacc-4266-a878-65e39c3ba6e9 is started using port 38505
2023-02-16 16:33:57,892 [EndpointStateMachine task thread for /0.0.0.0:42729 - 0 ] INFO  utils.DatanodeStoreCache (DatanodeStoreCache.java:addDB(58)) - Added db /home/runner/work/ozone/ozone/hadoop-ozone/integration-test/target/test-dir/MiniOzoneClusterImpl-34b8c8ad-1b7a-4f1a-91f5-8cb1859b150b/datanode-3/data-0/containers/hdds/34b8c8ad-1b7a-4f1a-91f5-8cb1859b150b/DS-2e0ab5a1-6f68-4c20-9586-9029f6d42c49/container.db to cache
2023-02-16 16:33:57,892 [EndpointStateMachine task thread for /0.0.0.0:42729 - 0 ] INFO  volume.HddsVolume (HddsVolume.java:createDbStore(331)) - SchemaV3 db is created and loaded at /home/runner/work/ozone/ozone/hadoop-ozone/integration-test/target/test-dir/MiniOzoneClusterImpl-34b8c8ad-1b7a-4f1a-91f5-8cb1859b150b/datanode-3/data-0/containers/hdds/34b8c8ad-1b7a-4f1a-91f5-8cb1859b150b/DS-2e0ab5a1-6f68-4c20-9586-9029f6d42c49/container.db for volume DS-2e0ab5a1-6f68-4c20-9586-9029f6d42c49
2023-02-16 16:33:57,892 [EndpointStateMachine task thread for /0.0.0.0:42729 - 0 ] INFO  ozoneimpl.OzoneContainer (OzoneContainer.java:start(398)) - Attempting to start container services.
2023-02-16 16:33:57,892 [EndpointStateMachine task thread for /0.0.0.0:42729 - 0 ] INFO  ozoneimpl.OzoneContainer (OzoneContainer.java:startContainerScrub(315)) - Scheduled background container scanners and the on-demand container scanner have been disabled.
2023-02-16 16:33:57,895 [EndpointStateMachine task thread for /0.0.0.0:42729 - 0 ] INFO  replication.ReplicationServer (ReplicationServer.java:start(109)) - ReplicationServer is started using port 38387
2023-02-16 16:33:57,896 [EndpointStateMachine task thread for /0.0.0.0:42729 - 0 ] INFO  ratis.XceiverServerRatis (XceiverServerRatis.java:start(518)) - Starting XceiverServerRatis 6c51f489-4ead-4eaf-8276-70ff1fcde269
2023-02-16 16:33:57,899 [EndpointStateMachine task thread for /0.0.0.0:42729 - 0 ] INFO  server.RaftServer (RaftServerProxy.java:startImpl(393)) - 6c51f489-4ead-4eaf-8276-70ff1fcde269: start RPC server
2023-02-16 16:33:57,900 [EndpointStateMachine task thread for /0.0.0.0:42729 - 0 ] INFO  server.GrpcService (GrpcService.java:startImpl(262)) - 6c51f489-4ead-4eaf-8276-70ff1fcde269: GrpcService started, listening on 45785
2023-02-16 16:33:57,901 [EndpointStateMachine task thread for /0.0.0.0:42729 - 0 ] INFO  ratis.XceiverServerRatis (XceiverServerRatis.java:getRealPort(544)) - XceiverServerRatis 6c51f489-4ead-4eaf-8276-70ff1fcde269 is started using port 45785 for RATIS
2023-02-16 16:33:57,901 [EndpointStateMachine task thread for /0.0.0.0:42729 - 0 ] INFO  ratis.XceiverServerRatis (XceiverServerRatis.java:getRealPort(544)) - XceiverServerRatis 6c51f489-4ead-4eaf-8276-70ff1fcde269 is started using port 45785 for RATIS_ADMIN
2023-02-16 16:33:57,901 [EndpointStateMachine task thread for /0.0.0.0:42729 - 0 ] INFO  ratis.XceiverServerRatis (XceiverServerRatis.java:getRealPort(544)) - XceiverServerRatis 6c51f489-4ead-4eaf-8276-70ff1fcde269 is started using port 45785 for RATIS_SERVER
2023-02-16 16:33:57,901 [JvmPauseMonitor9] INFO  util.JvmPauseMonitor (JvmPauseMonitor.java:run(105)) - JvmPauseMonitor-6c51f489-4ead-4eaf-8276-70ff1fcde269: Started
2023-02-16 16:33:57,901 [EndpointStateMachine task thread for /0.0.0.0:42729 - 0 ] INFO  ratis.XceiverServerRatis (XceiverServerRatis.java:getRealPort(544)) - XceiverServerRatis 6c51f489-4ead-4eaf-8276-70ff1fcde269 is started using port 41323 for RATIS_DATASTREAM
2023-02-16 16:33:57,905 [EndpointStateMachine task thread for /0.0.0.0:42729 - 0 ] INFO  server.XceiverServerGrpc (XceiverServerGrpc.java:start(180)) - XceiverServerGrpc 6c51f489-4ead-4eaf-8276-70ff1fcde269 is started using port 39033
2023-02-16 16:33:58,199 [Listener at 127.0.0.1/46781] INFO  ozone.MiniOzoneClusterImpl (MiniOzoneClusterImpl.java:lambda$waitForClusterToBeReady$0(218)) - Waiting for nodes to be ready. Got 0 of 5 DN Heartbeats.
2023-02-16 16:33:58,199 [Listener at 127.0.0.1/46781] INFO  ozone.MiniOzoneClusterImpl (MiniOzoneClusterImpl.java:lambda$waitForClusterToBeReady$0(221)) - Waiting for cluster to exit safe mode
2023-02-16 16:33:58,199 [Listener at 127.0.0.1/46781] INFO  ozone.MiniOzoneClusterImpl (MiniOzoneClusterImpl.java:lambda$waitForClusterToBeReady$0(223)) - SCM became leader
2023-02-16 16:33:58,227 [EndpointStateMachine task thread for /0.0.0.0:42729 - 0 ] INFO  utils.DatanodeStoreCache (DatanodeStoreCache.java:addDB(58)) - Added db /home/runner/work/ozone/ozone/hadoop-ozone/integration-test/target/test-dir/MiniOzoneClusterImpl-34b8c8ad-1b7a-4f1a-91f5-8cb1859b150b/datanode-4/data-0/containers/hdds/34b8c8ad-1b7a-4f1a-91f5-8cb1859b150b/DS-4fb94bda-883b-483e-90b3-adcc88c097d3/container.db to cache
2023-02-16 16:33:58,228 [EndpointStateMachine task thread for /0.0.0.0:42729 - 0 ] INFO  volume.HddsVolume (HddsVolume.java:createDbStore(331)) - SchemaV3 db is created and loaded at /home/runner/work/ozone/ozone/hadoop-ozone/integration-test/target/test-dir/MiniOzoneClusterImpl-34b8c8ad-1b7a-4f1a-91f5-8cb1859b150b/datanode-4/data-0/containers/hdds/34b8c8ad-1b7a-4f1a-91f5-8cb1859b150b/DS-4fb94bda-883b-483e-90b3-adcc88c097d3/container.db for volume DS-4fb94bda-883b-483e-90b3-adcc88c097d3
2023-02-16 16:33:58,228 [EndpointStateMachine task thread for /0.0.0.0:42729 - 0 ] INFO  ozoneimpl.OzoneContainer (OzoneContainer.java:start(398)) - Attempting to start container services.
2023-02-16 16:33:58,228 [EndpointStateMachine task thread for /0.0.0.0:42729 - 0 ] INFO  ozoneimpl.OzoneContainer (OzoneContainer.java:startContainerScrub(315)) - Scheduled background container scanners and the on-demand container scanner have been disabled.
2023-02-16 16:33:58,231 [EndpointStateMachine task thread for /0.0.0.0:42729 - 0 ] INFO  replication.ReplicationServer (ReplicationServer.java:start(109)) - ReplicationServer is started using port 40191
2023-02-16 16:33:58,233 [EndpointStateMachine task thread for /0.0.0.0:42729 - 0 ] INFO  ratis.XceiverServerRatis (XceiverServerRatis.java:start(518)) - Starting XceiverServerRatis 3a64110f-54c2-4b73-a080-ae850dd54c39
2023-02-16 16:33:58,233 [EndpointStateMachine task thread for /0.0.0.0:42729 - 0 ] INFO  server.RaftServer (RaftServerProxy.java:startImpl(393)) - 3a64110f-54c2-4b73-a080-ae850dd54c39: start RPC server
2023-02-16 16:33:58,235 [EndpointStateMachine task thread for /0.0.0.0:42729 - 0 ] INFO  server.GrpcService (GrpcService.java:startImpl(262)) - 3a64110f-54c2-4b73-a080-ae850dd54c39: GrpcService started, listening on 40245
2023-02-16 16:33:58,235 [EndpointStateMachine task thread for /0.0.0.0:42729 - 0 ] INFO  ratis.XceiverServerRatis (XceiverServerRatis.java:getRealPort(544)) - XceiverServerRatis 3a64110f-54c2-4b73-a080-ae850dd54c39 is started using port 40245 for RATIS
2023-02-16 16:33:58,235 [EndpointStateMachine task thread for /0.0.0.0:42729 - 0 ] INFO  ratis.XceiverServerRatis (XceiverServerRatis.java:getRealPort(544)) - XceiverServerRatis 3a64110f-54c2-4b73-a080-ae850dd54c39 is started using port 40245 for RATIS_ADMIN
2023-02-16 16:33:58,235 [EndpointStateMachine task thread for /0.0.0.0:42729 - 0 ] INFO  ratis.XceiverServerRatis (XceiverServerRatis.java:getRealPort(544)) - XceiverServerRatis 3a64110f-54c2-4b73-a080-ae850dd54c39 is started using port 40245 for RATIS_SERVER
2023-02-16 16:33:58,235 [JvmPauseMonitor10] INFO  util.JvmPauseMonitor (JvmPauseMonitor.java:run(105)) - JvmPauseMonitor-3a64110f-54c2-4b73-a080-ae850dd54c39: Started
2023-02-16 16:33:58,235 [EndpointStateMachine task thread for /0.0.0.0:42729 - 0 ] INFO  ratis.XceiverServerRatis (XceiverServerRatis.java:getRealPort(544)) - XceiverServerRatis 3a64110f-54c2-4b73-a080-ae850dd54c39 is started using port 41821 for RATIS_DATASTREAM
2023-02-16 16:33:58,238 [EndpointStateMachine task thread for /0.0.0.0:42729 - 0 ] INFO  server.XceiverServerGrpc (XceiverServerGrpc.java:start(180)) - XceiverServerGrpc 3a64110f-54c2-4b73-a080-ae850dd54c39 is started using port 39597
2023-02-16 16:33:58,819 [IPC Server handler 0 on default port 42729] INFO  net.NetworkTopologyImpl (NetworkTopologyImpl.java:add(112)) - Added a new node: /default-rack/22be8fd8-b8c6-40ff-8f14-846d94d7e632
2023-02-16 16:33:58,819 [IPC Server handler 0 on default port 42729] INFO  node.SCMNodeManager (SCMNodeManager.java:register(397)) - Registered Data node : 22be8fd8-b8c6-40ff-8f14-846d94d7e632{ip: 10.1.0.66, host: fv-az167-289.21ktoceh2wee5fewwtpg1zd01g.bx.internal.cloudapp.net, ports: [REPLICATION=39037, RATIS=43577, RATIS_ADMIN=43577, RATIS_SERVER=43577, RATIS_DATASTREAM=37909, STANDALONE=44271], networkLocation: /default-rack, certSerialId: null, persistedOpState: null, persistedOpStateExpiryEpochSec: 0}
2023-02-16 16:33:58,821 [EventQueue-NewNodeForNewNodeHandler] INFO  pipeline.BackgroundPipelineCreator (BackgroundPipelineCreator.java:notifyEventTriggered(276)) - trigger a one-shot run on RatisPipelineUtilsThread.
2023-02-16 16:33:58,821 [EventQueue-NodeRegistrationContainerReportForDataNodeSafeModeRule] INFO  safemode.SCMSafeModeManager (DataNodeSafeModeRule.java:process(71)) - SCM in safe mode. 1 DataNodes registered, 3 required.
2023-02-16 16:33:58,822 [RatisPipelineUtilsThread - 0] INFO  pipeline.RatisPipelineProvider (RatisPipelineProvider.java:lambda$create$0(206)) - Sending CreatePipelineCommand for pipeline:PipelineID=538a8a59-8e39-4c51-ae89-4111298e9143 to datanode:22be8fd8-b8c6-40ff-8f14-846d94d7e632
2023-02-16 16:33:58,822 [EventQueue-NodeRegistrationContainerReportForContainerSafeModeRule] INFO  safemode.SCMSafeModeManager (SCMSafeModeManager.java:validateSafeModeExitRules(200)) - ContainerSafeModeRule rule is successfully validated
2023-02-16 16:33:58,823 [RatisPipelineUtilsThread - 0] INFO  pipeline.PipelineStateManagerImpl (PipelineStateManagerImpl.java:addPipeline(103)) - Created pipeline Pipeline[ Id: 538a8a59-8e39-4c51-ae89-4111298e9143, Nodes: 22be8fd8-b8c6-40ff-8f14-846d94d7e632(fv-az167-289.21ktoceh2wee5fewwtpg1zd01g.bx.internal.cloudapp.net/10.1.0.66), ReplicationConfig: RATIS/ONE, State:ALLOCATED, leaderId:, CreationTimestamp2023-02-16T16:33:58.821Z[Etc/UTC]].
2023-02-16 16:33:58,823 [EventQueue-PipelineReportForOneReplicaPipelineSafeModeRule] INFO  safemode.SCMSafeModeManager (SCMSafeModeManager.java:validateSafeModeExitRules(200)) - AtleastOneDatanodeReportedRule rule is successfully validated
2023-02-16 16:33:59,167 [IPC Server handler 2 on default port 42729] INFO  net.NetworkTopologyImpl (NetworkTopologyImpl.java:add(112)) - Added a new node: /default-rack/640e7d3f-2dbd-4e46-b500-a7d3223ba7d6
2023-02-16 16:33:59,167 [IPC Server handler 2 on default port 42729] INFO  node.SCMNodeManager (SCMNodeManager.java:register(397)) - Registered Data node : 640e7d3f-2dbd-4e46-b500-a7d3223ba7d6{ip: 10.1.0.66, host: fv-az167-289.21ktoceh2wee5fewwtpg1zd01g.bx.internal.cloudapp.net, ports: [REPLICATION=33281, RATIS=35785, RATIS_ADMIN=35785, RATIS_SERVER=35785, RATIS_DATASTREAM=41863, STANDALONE=36431], networkLocation: /default-rack, certSerialId: null, persistedOpState: null, persistedOpStateExpiryEpochSec: 0}
2023-02-16 16:33:59,168 [EventQueue-NewNodeForNewNodeHandler] INFO  pipeline.BackgroundPipelineCreator (BackgroundPipelineCreator.java:notifyEventTriggered(276)) - trigger a one-shot run on RatisPipelineUtilsThread.
2023-02-16 16:33:59,168 [EventQueue-NodeRegistrationContainerReportForDataNodeSafeModeRule] INFO  safemode.SCMSafeModeManager (DataNodeSafeModeRule.java:process(71)) - SCM in safe mode. 2 DataNodes registered, 3 required.
2023-02-16 16:33:59,169 [RatisPipelineUtilsThread - 0] INFO  pipeline.RatisPipelineProvider (RatisPipelineProvider.java:lambda$create$0(206)) - Sending CreatePipelineCommand for pipeline:PipelineID=45cb45bc-af0c-44b4-bd47-fbabd7246533 to datanode:640e7d3f-2dbd-4e46-b500-a7d3223ba7d6
2023-02-16 16:33:59,170 [RatisPipelineUtilsThread - 0] INFO  pipeline.PipelineStateManagerImpl (PipelineStateManagerImpl.java:addPipeline(103)) - Created pipeline Pipeline[ Id: 45cb45bc-af0c-44b4-bd47-fbabd7246533, Nodes: 640e7d3f-2dbd-4e46-b500-a7d3223ba7d6(fv-az167-289.21ktoceh2wee5fewwtpg1zd01g.bx.internal.cloudapp.net/10.1.0.66), ReplicationConfig: RATIS/ONE, State:ALLOCATED, leaderId:, CreationTimestamp2023-02-16T16:33:59.169Z[Etc/UTC]].
2023-02-16 16:33:59,199 [Listener at 127.0.0.1/46781] INFO  ozone.MiniOzoneClusterImpl (MiniOzoneClusterImpl.java:lambda$waitForClusterToBeReady$0(218)) - Waiting for nodes to be ready. Got 2 of 5 DN Heartbeats.
2023-02-16 16:33:59,200 [Listener at 127.0.0.1/46781] INFO  ozone.MiniOzoneClusterImpl (MiniOzoneClusterImpl.java:lambda$waitForClusterToBeReady$0(221)) - Waiting for cluster to exit safe mode
2023-02-16 16:33:59,200 [Listener at 127.0.0.1/46781] INFO  ozone.MiniOzoneClusterImpl (MiniOzoneClusterImpl.java:lambda$waitForClusterToBeReady$0(223)) - SCM became leader
2023-02-16 16:33:59,507 [IPC Server handler 4 on default port 42729] INFO  net.NetworkTopologyImpl (NetworkTopologyImpl.java:add(112)) - Added a new node: /default-rack/9f5e5902-bacc-4266-a878-65e39c3ba6e9
2023-02-16 16:33:59,507 [IPC Server handler 4 on default port 42729] INFO  node.SCMNodeManager (SCMNodeManager.java:register(397)) - Registered Data node : 9f5e5902-bacc-4266-a878-65e39c3ba6e9{ip: 10.1.0.66, host: fv-az167-289.21ktoceh2wee5fewwtpg1zd01g.bx.internal.cloudapp.net, ports: [REPLICATION=37455, RATIS=37011, RATIS_ADMIN=37011, RATIS_SERVER=37011, RATIS_DATASTREAM=40567, STANDALONE=38505], networkLocation: /default-rack, certSerialId: null, persistedOpState: null, persistedOpStateExpiryEpochSec: 0}
2023-02-16 16:33:59,507 [EventQueue-NodeRegistrationContainerReportForDataNodeSafeModeRule] INFO  safemode.SCMSafeModeManager (DataNodeSafeModeRule.java:process(71)) - SCM in safe mode. 3 DataNodes registered, 3 required.
2023-02-16 16:33:59,507 [EventQueue-NodeRegistrationContainerReportForDataNodeSafeModeRule] INFO  safemode.SCMSafeModeManager (SCMSafeModeManager.java:validateSafeModeExitRules(200)) - DataNodeSafeModeRule rule is successfully validated
2023-02-16 16:33:59,507 [EventQueue-NodeRegistrationContainerReportForDataNodeSafeModeRule] INFO  safemode.SCMSafeModeManager (SCMSafeModeManager.java:completePreCheck(229)) - All SCM safe mode pre check rules have passed
2023-02-16 16:33:59,508 [EventQueue-NodeRegistrationContainerReportForDataNodeSafeModeRule] INFO  ha.SCMContext (SCMContext.java:updateSafeModeStatus(228)) - Update SafeModeStatus from SafeModeStatus{safeModeStatus=true, preCheckPassed=false} to SafeModeStatus{safeModeStatus=true, preCheckPassed=true}.
2023-02-16 16:33:59,508 [EventQueue-NodeRegistrationContainerReportForDataNodeSafeModeRule] INFO  pipeline.BackgroundPipelineCreator (BackgroundPipelineCreator.java:notifyEventTriggered(276)) - trigger a one-shot run on RatisPipelineUtilsThread.
2023-02-16 16:33:59,508 [EventQueue-NewNodeForNewNodeHandler] INFO  pipeline.BackgroundPipelineCreator (BackgroundPipelineCreator.java:notifyEventTriggered(276)) - trigger a one-shot run on RatisPipelineUtilsThread.
2023-02-16 16:33:59,508 [RatisPipelineUtilsThread - 0] INFO  pipeline.RatisPipelineProvider (RatisPipelineProvider.java:lambda$create$0(206)) - Sending CreatePipelineCommand for pipeline:PipelineID=889eb252-96cc-471f-ad78-fa83168f6569 to datanode:9f5e5902-bacc-4266-a878-65e39c3ba6e9
2023-02-16 16:33:59,509 [RatisPipelineUtilsThread - 0] INFO  pipeline.PipelineStateManagerImpl (PipelineStateManagerImpl.java:addPipeline(103)) - Created pipeline Pipeline[ Id: 889eb252-96cc-471f-ad78-fa83168f6569, Nodes: 9f5e5902-bacc-4266-a878-65e39c3ba6e9(fv-az167-289.21ktoceh2wee5fewwtpg1zd01g.bx.internal.cloudapp.net/10.1.0.66), ReplicationConfig: RATIS/ONE, State:ALLOCATED, leaderId:, CreationTimestamp2023-02-16T16:33:59.508Z[Etc/UTC]].
2023-02-16 16:33:59,509 [RatisPipelineUtilsThread - 0] INFO  pipeline.RatisPipelineProvider (RatisPipelineProvider.java:lambda$create$0(206)) - Sending CreatePipelineCommand for pipeline:PipelineID=2e50dcc1-ee07-4a60-9aea-5e99f9516c48 to datanode:9f5e5902-bacc-4266-a878-65e39c3ba6e9
2023-02-16 16:33:59,509 [RatisPipelineUtilsThread - 0] INFO  pipeline.RatisPipelineProvider (RatisPipelineProvider.java:lambda$create$0(206)) - Sending CreatePipelineCommand for pipeline:PipelineID=2e50dcc1-ee07-4a60-9aea-5e99f9516c48 to datanode:640e7d3f-2dbd-4e46-b500-a7d3223ba7d6
2023-02-16 16:33:59,509 [RatisPipelineUtilsThread - 0] INFO  pipeline.RatisPipelineProvider (RatisPipelineProvider.java:lambda$create$0(206)) - Sending CreatePipelineCommand for pipeline:PipelineID=2e50dcc1-ee07-4a60-9aea-5e99f9516c48 to datanode:22be8fd8-b8c6-40ff-8f14-846d94d7e632
2023-02-16 16:33:59,509 [RatisPipelineUtilsThread - 0] INFO  pipeline.PipelineStateManagerImpl (PipelineStateManagerImpl.java:addPipeline(103)) - Created pipeline Pipeline[ Id: 2e50dcc1-ee07-4a60-9aea-5e99f9516c48, Nodes: 9f5e5902-bacc-4266-a878-65e39c3ba6e9(fv-az167-289.21ktoceh2wee5fewwtpg1zd01g.bx.internal.cloudapp.net/10.1.0.66)640e7d3f-2dbd-4e46-b500-a7d3223ba7d6(fv-az167-289.21ktoceh2wee5fewwtpg1zd01g.bx.internal.cloudapp.net/10.1.0.66)22be8fd8-b8c6-40ff-8f14-846d94d7e632(fv-az167-289.21ktoceh2wee5fewwtpg1zd01g.bx.internal.cloudapp.net/10.1.0.66), ReplicationConfig: RATIS/THREE, State:ALLOCATED, leaderId:, CreationTimestamp2023-02-16T16:33:59.509Z[Etc/UTC]].
2023-02-16 16:33:59,510 [RatisPipelineUtilsThread - 0] INFO  pipeline.RatisPipelineProvider (RatisPipelineProvider.java:lambda$create$0(206)) - Sending CreatePipelineCommand for pipeline:PipelineID=44a1a87c-b549-4b00-ab61-12ce0a931d26 to datanode:640e7d3f-2dbd-4e46-b500-a7d3223ba7d6
2023-02-16 16:33:59,510 [RatisPipelineUtilsThread - 0] INFO  pipeline.RatisPipelineProvider (RatisPipelineProvider.java:lambda$create$0(206)) - Sending CreatePipelineCommand for pipeline:PipelineID=44a1a87c-b549-4b00-ab61-12ce0a931d26 to datanode:9f5e5902-bacc-4266-a878-65e39c3ba6e9
2023-02-16 16:33:59,510 [RatisPipelineUtilsThread - 0] INFO  pipeline.RatisPipelineProvider (RatisPipelineProvider.java:lambda$create$0(206)) - Sending CreatePipelineCommand for pipeline:PipelineID=44a1a87c-b549-4b00-ab61-12ce0a931d26 to datanode:22be8fd8-b8c6-40ff-8f14-846d94d7e632
2023-02-16 16:33:59,511 [RatisPipelineUtilsThread - 0] INFO  pipeline.PipelineStateManagerImpl (PipelineStateManagerImpl.java:addPipeline(103)) - Created pipeline Pipeline[ Id: 44a1a87c-b549-4b00-ab61-12ce0a931d26, Nodes: 640e7d3f-2dbd-4e46-b500-a7d3223ba7d6(fv-az167-289.21ktoceh2wee5fewwtpg1zd01g.bx.internal.cloudapp.net/10.1.0.66)9f5e5902-bacc-4266-a878-65e39c3ba6e9(fv-az167-289.21ktoceh2wee5fewwtpg1zd01g.bx.internal.cloudapp.net/10.1.0.66)22be8fd8-b8c6-40ff-8f14-846d94d7e632(fv-az167-289.21ktoceh2wee5fewwtpg1zd01g.bx.internal.cloudapp.net/10.1.0.66), ReplicationConfig: RATIS/THREE, State:ALLOCATED, leaderId:, CreationTimestamp2023-02-16T16:33:59.510Z[Etc/UTC]].
2023-02-16 16:33:59,511 [RatisPipelineUtilsThread - 0] INFO  pipeline.PipelineManagerImpl (PipelineManagerImpl.java:recordMetricsForPipeline(826)) - Pipeline: PipelineID=44a1a87c-b549-4b00-ab61-12ce0a931d26 contains same datanodes as previous pipelines: PipelineID=2e50dcc1-ee07-4a60-9aea-5e99f9516c48 nodeIds: 640e7d3f-2dbd-4e46-b500-a7d3223ba7d6, 9f5e5902-bacc-4266-a878-65e39c3ba6e9, 22be8fd8-b8c6-40ff-8f14-846d94d7e632
2023-02-16 16:33:59,511 [RatisPipelineUtilsThread - 0] WARN  pipeline.PipelinePlacementPolicy (PipelinePlacementPolicy.java:filterViableNodes(158)) - Pipeline creation failed due to no sufficient healthy datanodes. Required 3. Found 0.
2023-02-16 16:33:59,867 [IPC Server handler 1 on default port 42729] INFO  net.NetworkTopologyImpl (NetworkTopologyImpl.java:add(112)) - Added a new node: /default-rack/6c51f489-4ead-4eaf-8276-70ff1fcde269
2023-02-16 16:33:59,868 [IPC Server handler 1 on default port 42729] INFO  node.SCMNodeManager (SCMNodeManager.java:register(397)) - Registered Data node : 6c51f489-4ead-4eaf-8276-70ff1fcde269{ip: 10.1.0.66, host: fv-az167-289.21ktoceh2wee5fewwtpg1zd01g.bx.internal.cloudapp.net, ports: [REPLICATION=38387, RATIS=45785, RATIS_ADMIN=45785, RATIS_SERVER=45785, RATIS_DATASTREAM=41323, STANDALONE=39033], networkLocation: /default-rack, certSerialId: null, persistedOpState: null, persistedOpStateExpiryEpochSec: 0}
2023-02-16 16:33:59,869 [EventQueue-NewNodeForNewNodeHandler] INFO  pipeline.BackgroundPipelineCreator (BackgroundPipelineCreator.java:notifyEventTriggered(276)) - trigger a one-shot run on RatisPipelineUtilsThread.
2023-02-16 16:33:59,869 [RatisPipelineUtilsThread - 0] INFO  pipeline.RatisPipelineProvider (RatisPipelineProvider.java:lambda$create$0(206)) - Sending CreatePipelineCommand for pipeline:PipelineID=67af78a1-7ebd-48f3-acb3-7e675f597c1d to datanode:6c51f489-4ead-4eaf-8276-70ff1fcde269
2023-02-16 16:33:59,869 [RatisPipelineUtilsThread - 0] INFO  pipeline.PipelineStateManagerImpl (PipelineStateManagerImpl.java:addPipeline(103)) - Created pipeline Pipeline[ Id: 67af78a1-7ebd-48f3-acb3-7e675f597c1d, Nodes: 6c51f489-4ead-4eaf-8276-70ff1fcde269(fv-az167-289.21ktoceh2wee5fewwtpg1zd01g.bx.internal.cloudapp.net/10.1.0.66), ReplicationConfig: RATIS/ONE, State:ALLOCATED, leaderId:, CreationTimestamp2023-02-16T16:33:59.869Z[Etc/UTC]].
2023-02-16 16:33:59,870 [RatisPipelineUtilsThread - 0] WARN  pipeline.PipelinePlacementPolicy (PipelinePlacementPolicy.java:filterViableNodes(158)) - Pipeline creation failed due to no sufficient healthy datanodes. Required 3. Found 1.
2023-02-16 16:34:00,200 [Listener at 127.0.0.1/46781] INFO  ozone.MiniOzoneClusterImpl (MiniOzoneClusterImpl.java:lambda$waitForClusterToBeReady$0(218)) - Waiting for nodes to be ready. Got 4 of 5 DN Heartbeats.
2023-02-16 16:34:00,200 [Listener at 127.0.0.1/46781] INFO  ozone.MiniOzoneClusterImpl (MiniOzoneClusterImpl.java:lambda$waitForClusterToBeReady$0(221)) - Waiting for cluster to exit safe mode
2023-02-16 16:34:00,200 [Listener at 127.0.0.1/46781] INFO  ozone.MiniOzoneClusterImpl (MiniOzoneClusterImpl.java:lambda$waitForClusterToBeReady$0(223)) - SCM became leader
2023-02-16 16:34:00,204 [IPC Server handler 4 on default port 42729] INFO  net.NetworkTopologyImpl (NetworkTopologyImpl.java:add(112)) - Added a new node: /default-rack/3a64110f-54c2-4b73-a080-ae850dd54c39
2023-02-16 16:34:00,204 [IPC Server handler 4 on default port 42729] INFO  node.SCMNodeManager (SCMNodeManager.java:register(397)) - Registered Data node : 3a64110f-54c2-4b73-a080-ae850dd54c39{ip: 10.1.0.66, host: fv-az167-289.21ktoceh2wee5fewwtpg1zd01g.bx.internal.cloudapp.net, ports: [REPLICATION=40191, RATIS=40245, RATIS_ADMIN=40245, RATIS_SERVER=40245, RATIS_DATASTREAM=41821, STANDALONE=39597], networkLocation: /default-rack, certSerialId: null, persistedOpState: null, persistedOpStateExpiryEpochSec: 0}
2023-02-16 16:34:00,204 [EventQueue-NewNodeForNewNodeHandler] INFO  pipeline.BackgroundPipelineCreator (BackgroundPipelineCreator.java:notifyEventTriggered(276)) - trigger a one-shot run on RatisPipelineUtilsThread.
2023-02-16 16:34:00,204 [RatisPipelineUtilsThread - 0] INFO  pipeline.RatisPipelineProvider (RatisPipelineProvider.java:lambda$create$0(206)) - Sending CreatePipelineCommand for pipeline:PipelineID=96a1f44d-05c9-44f5-a2ce-d12ae3cfb248 to datanode:3a64110f-54c2-4b73-a080-ae850dd54c39
2023-02-16 16:34:00,205 [RatisPipelineUtilsThread - 0] INFO  pipeline.PipelineStateManagerImpl (PipelineStateManagerImpl.java:addPipeline(103)) - Created pipeline Pipeline[ Id: 96a1f44d-05c9-44f5-a2ce-d12ae3cfb248, Nodes: 3a64110f-54c2-4b73-a080-ae850dd54c39(fv-az167-289.21ktoceh2wee5fewwtpg1zd01g.bx.internal.cloudapp.net/10.1.0.66), ReplicationConfig: RATIS/ONE, State:ALLOCATED, leaderId:, CreationTimestamp2023-02-16T16:34:00.204Z[Etc/UTC]].
2023-02-16 16:34:00,205 [RatisPipelineUtilsThread - 0] WARN  pipeline.PipelinePlacementPolicy (PipelinePlacementPolicy.java:filterViableNodes(158)) - Pipeline creation failed due to no sufficient healthy datanodes. Required 3. Found 2.
2023-02-16 16:34:01,200 [Listener at 127.0.0.1/46781] INFO  ozone.MiniOzoneClusterImpl (MiniOzoneClusterImpl.java:lambda$waitForClusterToBeReady$0(218)) - Nodes are ready. Got 5 of 5 DN Heartbeats.
2023-02-16 16:34:01,201 [Listener at 127.0.0.1/46781] INFO  ozone.MiniOzoneClusterImpl (MiniOzoneClusterImpl.java:lambda$waitForClusterToBeReady$0(221)) - Waiting for cluster to exit safe mode
2023-02-16 16:34:01,201 [Listener at 127.0.0.1/46781] INFO  ozone.MiniOzoneClusterImpl (MiniOzoneClusterImpl.java:lambda$waitForClusterToBeReady$0(223)) - SCM became leader
2023-02-16 16:34:01,818 [Command processor thread] INFO  server.RaftServer (RaftServerProxy.java:addNew(96)) - 22be8fd8-b8c6-40ff-8f14-846d94d7e632: addNew group-4111298E9143:[22be8fd8-b8c6-40ff-8f14-846d94d7e632|rpc:10.1.0.66:43577|dataStream:10.1.0.66:37909|priority:1|startupRole:FOLLOWER] returns group-4111298E9143:java.util.concurrent.CompletableFuture@8ac459[Not completed]
2023-02-16 16:34:01,820 [pool-275-thread-1] INFO  server.RaftServer$Division (RaftServerImpl.java:<init>(195)) - 22be8fd8-b8c6-40ff-8f14-846d94d7e632: new RaftServerImpl for group-4111298E9143:[22be8fd8-b8c6-40ff-8f14-846d94d7e632|rpc:10.1.0.66:43577|dataStream:10.1.0.66:37909|priority:1|startupRole:FOLLOWER] with ContainerStateMachine:uninitialized
2023-02-16 16:34:01,820 [pool-275-thread-1] INFO  server.RaftServerConfigKeys (ConfUtils.java:logGet(46)) - raft.server.rpc.timeout.min = 5s (custom)
2023-02-16 16:34:01,820 [pool-275-thread-1] INFO  server.RaftServerConfigKeys (ConfUtils.java:logGet(46)) - raft.server.rpc.timeout.max = 5200ms (custom)
2023-02-16 16:34:01,820 [pool-275-thread-1] INFO  server.RaftServerConfigKeys (ConfUtils.java:logGet(46)) - raft.server.rpc.sleep.time = 25ms (default)
2023-02-16 16:34:01,820 [pool-275-thread-1] INFO  server.RaftServerConfigKeys (ConfUtils.java:logGet(46)) - raft.server.rpc.slowness.timeout = 300s (custom)
2023-02-16 16:34:01,820 [pool-275-thread-1] INFO  server.RaftServerConfigKeys (ConfUtils.java:logGet(46)) - raft.server.leaderelection.leader.step-down.wait-time = 10s (default)
2023-02-16 16:34:01,820 [pool-275-thread-1] INFO  server.RaftServerConfigKeys (ConfUtils.java:logGet(46)) - raft.server.sleep.deviation.threshold = 300ms (default)
2023-02-16 16:34:01,820 [pool-275-thread-1] INFO  server.RaftServer$Division (ServerState.java:<init>(118)) - 22be8fd8-b8c6-40ff-8f14-846d94d7e632@group-4111298E9143: ConfigurationManager, init=-1: peers:[22be8fd8-b8c6-40ff-8f14-846d94d7e632|rpc:10.1.0.66:43577|dataStream:10.1.0.66:37909|priority:1|startupRole:FOLLOWER]|listeners:[], old=null, confs=<EMPTY_MAP>
2023-02-16 16:34:01,820 [pool-275-thread-1] INFO  server.RaftServerConfigKeys (ConfUtils.java:logGet(46)) - raft.server.storage.dir = [/home/runner/work/ozone/ozone/hadoop-ozone/integration-test/target/test-dir/MiniOzoneClusterImpl-34b8c8ad-1b7a-4f1a-91f5-8cb1859b150b/datanode-0/data/ratis] (custom)
2023-02-16 16:34:01,821 [pool-275-thread-1] INFO  server.RaftServerConfigKeys (ConfUtils.java:logGet(46)) - raft.server.log.corruption.policy = EXCEPTION (default)
2023-02-16 16:34:01,821 [pool-275-thread-1] INFO  server.RaftServerConfigKeys (ConfUtils.java:logGet(46)) - raft.server.storage.free-space.min = 0MB (=0) (default)
2023-02-16 16:34:01,821 [pool-275-thread-1] INFO  server.RaftServerConfigKeys (ConfUtils.java:logGet(46)) - raft.server.notification.no-leader.timeout = 300s (custom)
2023-02-16 16:34:01,821 [pool-275-thread-1] INFO  server.RaftServerConfigKeys (ConfUtils.java:logGet(46)) - raft.server.retrycache.expirytime = 600000ms (custom)
2023-02-16 16:34:01,821 [pool-275-thread-1] INFO  server.RaftServerConfigKeys (ConfUtils.java:logGet(46)) - raft.server.retrycache.statistics.expirytime = 100μs (default)
2023-02-16 16:34:01,822 [pool-275-thread-1] INFO  server.RaftServerConfigKeys (ConfUtils.java:logGet(46)) - raft.server.log.appender.install.snapshot.enabled = false (custom)
2023-02-16 16:34:01,822 [pool-275-thread-1] INFO  server.RaftServerConfigKeys (ConfUtils.java:logGet(46)) - raft.server.threadpool.server.cached = true (default)
2023-02-16 16:34:01,822 [pool-275-thread-1] INFO  server.RaftServerConfigKeys (ConfUtils.java:logGet(46)) - raft.server.threadpool.server.size = 0 (default)
2023-02-16 16:34:01,822 [pool-275-thread-1] INFO  server.RaftServerConfigKeys (ConfUtils.java:logGet(46)) - raft.server.threadpool.client.cached = true (default)
2023-02-16 16:34:01,822 [pool-275-thread-1] INFO  server.RaftServerConfigKeys (ConfUtils.java:logGet(46)) - raft.server.threadpool.client.size = 0 (default)
2023-02-16 16:34:01,822 [pool-275-thread-1] INFO  storage.RaftStorageDirectory (RaftStorageDirectoryImpl.java:analyzeStorage(137)) - The storage directory /home/runner/work/ozone/ozone/hadoop-ozone/integration-test/target/test-dir/MiniOzoneClusterImpl-34b8c8ad-1b7a-4f1a-91f5-8cb1859b150b/datanode-0/data/ratis/538a8a59-8e39-4c51-ae89-4111298e9143 does not exist. Creating ...
2023-02-16 16:34:01,823 [pool-275-thread-1] INFO  storage.RaftStorageDirectory (RaftStorageDirectoryImpl.java:tryLock(231)) - Lock on /home/runner/work/ozone/ozone/hadoop-ozone/integration-test/target/test-dir/MiniOzoneClusterImpl-34b8c8ad-1b7a-4f1a-91f5-8cb1859b150b/datanode-0/data/ratis/538a8a59-8e39-4c51-ae89-4111298e9143/in_use.lock acquired by nodename 11092@fv-az167-289
2023-02-16 16:34:01,825 [pool-275-thread-1] INFO  storage.RaftStorage (RaftStorageImpl.java:format(96)) - Storage directory /home/runner/work/ozone/ozone/hadoop-ozone/integration-test/target/test-dir/MiniOzoneClusterImpl-34b8c8ad-1b7a-4f1a-91f5-8cb1859b150b/datanode-0/data/ratis/538a8a59-8e39-4c51-ae89-4111298e9143 has been successfully formatted.
2023-02-16 16:34:01,826 [pool-275-thread-1] INFO  ratis.ContainerStateMachine (ContainerStateMachine.java:loadSnapshot(240)) - group-4111298E9143: The snapshot info is null. Setting the last applied indexto:(t:0, i:~)
2023-02-16 16:34:01,826 [pool-275-thread-1] INFO  server.RaftServerConfigKeys (ConfUtils.java:logGet(46)) - raft.server.log.use.memory = false (default)
2023-02-16 16:34:01,826 [pool-275-thread-1] INFO  server.RaftServerConfigKeys (ConfUtils.java:logGet(46)) - raft.server.log.purge.gap = 1000000 (custom)
2023-02-16 16:34:01,826 [pool-275-thread-1] INFO  server.RaftServerConfigKeys (ConfUtils.java:logGet(46)) - raft.server.log.appender.buffer.byte-limit = 33554432 (custom)
2023-02-16 16:34:01,826 [pool-275-thread-1] INFO  server.RaftServerConfigKeys (ConfUtils.java:logGet(46)) - raft.server.log.statemachine.data.read.timeout = 1000ms (default)
2023-02-16 16:34:01,826 [pool-275-thread-1] INFO  server.RaftServerConfigKeys (ConfUtils.java:logGet(46)) - raft.server.log.purge.preservation.log.num = 0 (default)
2023-02-16 16:34:01,826 [EventQueue-PipelineReportForPipelineReportHandler] INFO  pipeline.PipelineManagerImpl (PipelineManagerImpl.java:openPipeline(367)) - Pipeline Pipeline[ Id: 538a8a59-8e39-4c51-ae89-4111298e9143, Nodes: 22be8fd8-b8c6-40ff-8f14-846d94d7e632(fv-az167-289.21ktoceh2wee5fewwtpg1zd01g.bx.internal.cloudapp.net/10.1.0.66), ReplicationConfig: RATIS/ONE, State:ALLOCATED, leaderId:22be8fd8-b8c6-40ff-8f14-846d94d7e632, CreationTimestamp2023-02-16T16:33:58.821Z[Etc/UTC]] moved to OPEN state
2023-02-16 16:34:01,828 [pool-275-thread-1] INFO  server.RaftServerConfigKeys (ConfUtils.java:logGet(46)) - raft.server.log.segment.size.max = 1048576 (custom)
2023-02-16 16:34:01,829 [pool-275-thread-1] INFO  server.RaftServerConfigKeys (ConfUtils.java:logGet(46)) - raft.server.log.segment.cache.num.max = 2 (custom)
2023-02-16 16:34:01,829 [pool-275-thread-1] INFO  server.RaftServerConfigKeys (ConfUtils.java:logGet(46)) - raft.server.log.segment.cache.size.max = 200MB (=209715200) (default)
2023-02-16 16:34:01,829 [pool-275-thread-1] INFO  segmented.SegmentedRaftLogWorker (SegmentedRaftLogWorker.java:<init>(189)) - new 22be8fd8-b8c6-40ff-8f14-846d94d7e632@group-4111298E9143-SegmentedRaftLogWorker for RaftStorageImpl:Storage Directory /home/runner/work/ozone/ozone/hadoop-ozone/integration-test/target/test-dir/MiniOzoneClusterImpl-34b8c8ad-1b7a-4f1a-91f5-8cb1859b150b/datanode-0/data/ratis/538a8a59-8e39-4c51-ae89-4111298e9143
2023-02-16 16:34:01,829 [pool-275-thread-1] INFO  server.RaftServerConfigKeys (ConfUtils.java:logGet(46)) - raft.server.log.queue.byte-limit = 4294967296 (custom)
2023-02-16 16:34:01,829 [pool-275-thread-1] INFO  server.RaftServerConfigKeys (ConfUtils.java:logGet(46)) - raft.server.log.queue.element-limit = 1024 (custom)
2023-02-16 16:34:01,829 [pool-275-thread-1] INFO  server.RaftServerConfigKeys (ConfUtils.java:logGet(46)) - raft.server.log.segment.size.max = 1048576 (custom)
2023-02-16 16:34:01,829 [pool-275-thread-1] INFO  server.RaftServerConfigKeys (ConfUtils.java:logGet(46)) - raft.server.log.preallocated.size = 16384 (custom)
2023-02-16 16:34:01,829 [pool-275-thread-1] INFO  server.RaftServerConfigKeys (ConfUtils.java:logGet(46)) - raft.server.log.force.sync.num = 128 (default)
2023-02-16 16:34:01,829 [pool-275-thread-1] INFO  server.RaftServerConfigKeys (ConfUtils.java:logGet(46)) - raft.server.log.statemachine.data.sync = true (default)
2023-02-16 16:34:01,829 [pool-275-thread-1] INFO  server.RaftServerConfigKeys (ConfUtils.java:logGet(46)) - raft.server.log.statemachine.data.sync.timeout = 10s (default)
2023-02-16 16:34:01,829 [pool-275-thread-1] INFO  server.RaftServerConfigKeys (ConfUtils.java:logGet(46)) - raft.server.log.statemachine.data.sync.timeout.retry = -1 (default)
2023-02-16 16:34:01,831 [pool-275-thread-1] INFO  server.RaftServerConfigKeys (ConfUtils.java:logGet(46)) - raft.server.log.write.buffer.size = 1048576 (custom)
2023-02-16 16:34:01,831 [pool-275-thread-1] INFO  server.RaftServerConfigKeys (ConfUtils.java:logGet(46)) - raft.server.log.appender.buffer.byte-limit = 33554432 (custom)
2023-02-16 16:34:01,836 [EventQueue-OpenPipelineForHealthyPipelineSafeModeRule] INFO  safemode.SCMSafeModeManager (HealthyPipelineSafeModeRule.java:process(137)) - SCM in safe mode. Healthy pipelines reported count is 0, required healthy pipeline reported count is 1
2023-02-16 16:34:01,836 [pool-275-thread-1] INFO  server.RaftServerConfigKeys (ConfUtils.java:logGet(46)) - raft.server.log.unsafe-flush.enabled = false (default)
2023-02-16 16:34:01,836 [pool-275-thread-1] INFO  server.RaftServerConfigKeys (ConfUtils.java:logGet(46)) - raft.server.log.async-flush.enabled = false (default)
2023-02-16 16:34:01,836 [pool-275-thread-1] INFO  server.RaftServerConfigKeys (ConfUtils.java:logGet(46)) - raft.server.log.statemachine.data.caching.enabled = true (custom)
2023-02-16 16:34:01,836 [pool-275-thread-1] INFO  segmented.SegmentedRaftLogWorker (SegmentedRaftLogWorker.java:lambda$new$0(135)) - 22be8fd8-b8c6-40ff-8f14-846d94d7e632@group-4111298E9143-SegmentedRaftLogWorker: flushIndex: setUnconditionally 0 -> -1
2023-02-16 16:34:01,836 [pool-275-thread-1] INFO  segmented.SegmentedRaftLogWorker (SegmentedRaftLogWorker.java:lambda$new$0(135)) - 22be8fd8-b8c6-40ff-8f14-846d94d7e632@group-4111298E9143-SegmentedRaftLogWorker: safeCacheEvictIndex: setUnconditionally 0 -> -1
2023-02-16 16:34:01,839 [pool-275-thread-1] INFO  server.RaftServer$Division (RaftServerImpl.java:start(334)) - 22be8fd8-b8c6-40ff-8f14-846d94d7e632@group-4111298E9143: start as a follower, conf=-1: peers:[22be8fd8-b8c6-40ff-8f14-846d94d7e632|rpc:10.1.0.66:43577|dataStream:10.1.0.66:37909|priority:1|startupRole:FOLLOWER]|listeners:[], old=null
2023-02-16 16:34:01,839 [pool-275-thread-1] INFO  server.RaftServer$Division (RaftServerImpl.java:setRole(321)) - 22be8fd8-b8c6-40ff-8f14-846d94d7e632@group-4111298E9143: changes role from      null to FOLLOWER at term 0 for startAsFollower
2023-02-16 16:34:01,839 [pool-275-thread-1] INFO  impl.RoleInfo (RoleInfo.java:updateAndGet(139)) - 22be8fd8-b8c6-40ff-8f14-846d94d7e632: start 22be8fd8-b8c6-40ff-8f14-846d94d7e632@group-4111298E9143-FollowerState
2023-02-16 16:34:01,843 [pool-275-thread-1] INFO  util.JmxRegister (JmxRegister.java:tryRegister(44)) - Successfully registered JMX Bean with object name Ratis:service=RaftServer,group=group-4111298E9143,id=22be8fd8-b8c6-40ff-8f14-846d94d7e632
2023-02-16 16:34:01,843 [pool-275-thread-1] INFO  server.RaftServerConfigKeys (ConfUtils.java:logGet(46)) - raft.server.snapshot.auto.trigger.enabled = true (custom)
2023-02-16 16:34:01,843 [pool-275-thread-1] INFO  server.RaftServerConfigKeys (ConfUtils.java:logGet(46)) - raft.server.snapshot.auto.trigger.threshold = 10000 (custom)
2023-02-16 16:34:01,843 [pool-275-thread-1] INFO  server.RaftServerConfigKeys (ConfUtils.java:logGet(46)) - raft.server.snapshot.retention.file.num = 5 (custom)
2023-02-16 16:34:01,843 [pool-275-thread-1] INFO  server.RaftServerConfigKeys (ConfUtils.java:logGet(46)) - raft.server.log.purge.upto.snapshot.index = false (default)
2023-02-16 16:34:01,844 [22be8fd8-b8c6-40ff-8f14-846d94d7e632@group-4111298E9143-FollowerState] INFO  server.RaftServerConfigKeys (ConfUtils.java:logFallback(53)) - raft.server.rpc.first-election.timeout.min = 5s (fallback to raft.server.rpc.timeout.min)
2023-02-16 16:34:01,844 [22be8fd8-b8c6-40ff-8f14-846d94d7e632@group-4111298E9143-FollowerState] INFO  server.RaftServerConfigKeys (ConfUtils.java:logFallback(53)) - raft.server.rpc.first-election.timeout.max = 5200ms (fallback to raft.server.rpc.timeout.max)
2023-02-16 16:34:01,844 [Command processor thread] INFO  ratis.XceiverServerRatis (XceiverServerRatis.java:addGroup(807)) - Created group PipelineID=538a8a59-8e39-4c51-ae89-4111298e9143
2023-02-16 16:34:01,844 [Command processor thread] INFO  commandhandler.CreatePipelineCommandHandler (CreatePipelineCommandHandler.java:handle(113)) - Created Pipeline RATIS ONE PipelineID=538a8a59-8e39-4c51-ae89-4111298e9143.
2023-02-16 16:34:01,844 [Command processor thread] INFO  server.RaftServer (RaftServerProxy.java:addNew(96)) - 22be8fd8-b8c6-40ff-8f14-846d94d7e632: addNew group-5E99F9516C48:[22be8fd8-b8c6-40ff-8f14-846d94d7e632|rpc:10.1.0.66:43577|dataStream:10.1.0.66:37909|priority:1|startupRole:FOLLOWER, 640e7d3f-2dbd-4e46-b500-a7d3223ba7d6|rpc:10.1.0.66:35785|dataStream:10.1.0.66:41863|priority:0|startupRole:FOLLOWER, 9f5e5902-bacc-4266-a878-65e39c3ba6e9|rpc:10.1.0.66:37011|dataStream:10.1.0.66:40567|priority:0|startupRole:FOLLOWER] returns group-5E99F9516C48:java.util.concurrent.CompletableFuture@4b54090[Not completed]
2023-02-16 16:34:01,846 [pool-275-thread-1] INFO  server.RaftServer$Division (RaftServerImpl.java:<init>(195)) - 22be8fd8-b8c6-40ff-8f14-846d94d7e632: new RaftServerImpl for group-5E99F9516C48:[22be8fd8-b8c6-40ff-8f14-846d94d7e632|rpc:10.1.0.66:43577|dataStream:10.1.0.66:37909|priority:1|startupRole:FOLLOWER, 640e7d3f-2dbd-4e46-b500-a7d3223ba7d6|rpc:10.1.0.66:35785|dataStream:10.1.0.66:41863|priority:0|startupRole:FOLLOWER, 9f5e5902-bacc-4266-a878-65e39c3ba6e9|rpc:10.1.0.66:37011|dataStream:10.1.0.66:40567|priority:0|startupRole:FOLLOWER] with ContainerStateMachine:uninitialized
2023-02-16 16:34:01,846 [pool-275-thread-1] INFO  server.RaftServerConfigKeys (ConfUtils.java:logGet(46)) - raft.server.rpc.timeout.min = 5s (custom)
2023-02-16 16:34:01,846 [pool-275-thread-1] INFO  server.RaftServerConfigKeys (ConfUtils.java:logGet(46)) - raft.server.rpc.timeout.max = 5200ms (custom)
2023-02-16 16:34:01,846 [pool-275-thread-1] INFO  server.RaftServerConfigKeys (ConfUtils.java:logGet(46)) - raft.server.rpc.sleep.time = 25ms (default)
2023-02-16 16:34:01,846 [pool-275-thread-1] INFO  server.RaftServerConfigKeys (ConfUtils.java:logGet(46)) - raft.server.rpc.slowness.timeout = 300s (custom)
2023-02-16 16:34:01,846 [pool-275-thread-1] INFO  server.RaftServerConfigKeys (ConfUtils.java:logGet(46)) - raft.server.leaderelection.leader.step-down.wait-time = 10s (default)
2023-02-16 16:34:01,846 [pool-275-thread-1] INFO  server.RaftServerConfigKeys (ConfUtils.java:logGet(46)) - raft.server.sleep.deviation.threshold = 300ms (default)
2023-02-16 16:34:01,846 [pool-275-thread-1] INFO  server.RaftServer$Division (ServerState.java:<init>(118)) - 22be8fd8-b8c6-40ff-8f14-846d94d7e632@group-5E99F9516C48: ConfigurationManager, init=-1: peers:[22be8fd8-b8c6-40ff-8f14-846d94d7e632|rpc:10.1.0.66:43577|dataStream:10.1.0.66:37909|priority:1|startupRole:FOLLOWER, 640e7d3f-2dbd-4e46-b500-a7d3223ba7d6|rpc:10.1.0.66:35785|dataStream:10.1.0.66:41863|priority:0|startupRole:FOLLOWER, 9f5e5902-bacc-4266-a878-65e39c3ba6e9|rpc:10.1.0.66:37011|dataStream:10.1.0.66:40567|priority:0|startupRole:FOLLOWER]|listeners:[], old=null, confs=<EMPTY_MAP>
2023-02-16 16:34:01,846 [pool-275-thread-1] INFO  server.RaftServerConfigKeys (ConfUtils.java:logGet(46)) - raft.server.storage.dir = [/home/runner/work/ozone/ozone/hadoop-ozone/integration-test/target/test-dir/MiniOzoneClusterImpl-34b8c8ad-1b7a-4f1a-91f5-8cb1859b150b/datanode-0/data/ratis] (custom)
2023-02-16 16:34:01,847 [pool-275-thread-1] INFO  server.RaftServerConfigKeys (ConfUtils.java:logGet(46)) - raft.server.log.corruption.policy = EXCEPTION (default)
2023-02-16 16:34:01,847 [pool-275-thread-1] INFO  server.RaftServerConfigKeys (ConfUtils.java:logGet(46)) - raft.server.storage.free-space.min = 0MB (=0) (default)
2023-02-16 16:34:01,847 [pool-275-thread-1] INFO  server.RaftServerConfigKeys (ConfUtils.java:logGet(46)) - raft.server.notification.no-leader.timeout = 300s (custom)
2023-02-16 16:34:01,847 [pool-275-thread-1] INFO  server.RaftServerConfigKeys (ConfUtils.java:logGet(46)) - raft.server.retrycache.expirytime = 600000ms (custom)
2023-02-16 16:34:01,847 [pool-275-thread-1] INFO  server.RaftServerConfigKeys (ConfUtils.java:logGet(46)) - raft.server.retrycache.statistics.expirytime = 100μs (default)
2023-02-16 16:34:01,847 [pool-275-thread-1] INFO  server.RaftServerConfigKeys (ConfUtils.java:logGet(46)) - raft.server.log.appender.install.snapshot.enabled = false (custom)
2023-02-16 16:34:01,848 [pool-275-thread-1] INFO  server.RaftServerConfigKeys (ConfUtils.java:logGet(46)) - raft.server.threadpool.server.cached = true (default)
2023-02-16 16:34:01,848 [pool-275-thread-1] INFO  server.RaftServerConfigKeys (ConfUtils.java:logGet(46)) - raft.server.threadpool.server.size = 0 (default)
2023-02-16 16:34:01,848 [pool-275-thread-1] INFO  server.RaftServerConfigKeys (ConfUtils.java:logGet(46)) - raft.server.threadpool.client.cached = true (default)
2023-02-16 16:34:01,848 [pool-275-thread-1] INFO  server.RaftServerConfigKeys (ConfUtils.java:logGet(46)) - raft.server.threadpool.client.size = 0 (default)
2023-02-16 16:34:01,848 [pool-275-thread-1] INFO  storage.RaftStorageDirectory (RaftStorageDirectoryImpl.java:analyzeStorage(137)) - The storage directory /home/runner/work/ozone/ozone/hadoop-ozone/integration-test/target/test-dir/MiniOzoneClusterImpl-34b8c8ad-1b7a-4f1a-91f5-8cb1859b150b/datanode-0/data/ratis/2e50dcc1-ee07-4a60-9aea-5e99f9516c48 does not exist. Creating ...
2023-02-16 16:34:01,849 [pool-275-thread-1] INFO  storage.RaftStorageDirectory (RaftStorageDirectoryImpl.java:tryLock(231)) - Lock on /home/runner/work/ozone/ozone/hadoop-ozone/integration-test/target/test-dir/MiniOzoneClusterImpl-34b8c8ad-1b7a-4f1a-91f5-8cb1859b150b/datanode-0/data/ratis/2e50dcc1-ee07-4a60-9aea-5e99f9516c48/in_use.lock acquired by nodename 11092@fv-az167-289
2023-02-16 16:34:01,850 [pool-275-thread-1] INFO  storage.RaftStorage (RaftStorageImpl.java:format(96)) - Storage directory /home/runner/work/ozone/ozone/hadoop-ozone/integration-test/target/test-dir/MiniOzoneClusterImpl-34b8c8ad-1b7a-4f1a-91f5-8cb1859b150b/datanode-0/data/ratis/2e50dcc1-ee07-4a60-9aea-5e99f9516c48 has been successfully formatted.
2023-02-16 16:34:01,850 [pool-275-thread-1] INFO  ratis.ContainerStateMachine (ContainerStateMachine.java:loadSnapshot(240)) - group-5E99F9516C48: The snapshot info is null. Setting the last applied indexto:(t:0, i:~)
2023-02-16 16:34:01,850 [pool-275-thread-1] INFO  server.RaftServerConfigKeys (ConfUtils.java:logGet(46)) - raft.server.log.use.memory = false (default)
2023-02-16 16:34:01,850 [pool-275-thread-1] INFO  server.RaftServerConfigKeys (ConfUtils.java:logGet(46)) - raft.server.log.purge.gap = 1000000 (custom)
2023-02-16 16:34:01,850 [pool-275-thread-1] INFO  server.RaftServerConfigKeys (ConfUtils.java:logGet(46)) - raft.server.log.appender.buffer.byte-limit = 33554432 (custom)
2023-02-16 16:34:01,850 [pool-275-thread-1] INFO  server.RaftServerConfigKeys (ConfUtils.java:logGet(46)) - raft.server.log.statemachine.data.read.timeout = 1000ms (default)
2023-02-16 16:34:01,850 [pool-275-thread-1] INFO  server.RaftServerConfigKeys (ConfUtils.java:logGet(46)) - raft.server.log.purge.preservation.log.num = 0 (default)
2023-02-16 16:34:01,851 [pool-275-thread-1] INFO  server.RaftServerConfigKeys (ConfUtils.java:logGet(46)) - raft.server.log.segment.size.max = 1048576 (custom)
2023-02-16 16:34:01,851 [pool-275-thread-1] INFO  server.RaftServerConfigKeys (ConfUtils.java:logGet(46)) - raft.server.log.segment.cache.num.max = 2 (custom)
2023-02-16 16:34:01,851 [pool-275-thread-1] INFO  server.RaftServerConfigKeys (ConfUtils.java:logGet(46)) - raft.server.log.segment.cache.size.max = 200MB (=209715200) (default)
2023-02-16 16:34:01,851 [pool-275-thread-1] INFO  segmented.SegmentedRaftLogWorker (SegmentedRaftLogWorker.java:<init>(189)) - new 22be8fd8-b8c6-40ff-8f14-846d94d7e632@group-5E99F9516C48-SegmentedRaftLogWorker for RaftStorageImpl:Storage Directory /home/runner/work/ozone/ozone/hadoop-ozone/integration-test/target/test-dir/MiniOzoneClusterImpl-34b8c8ad-1b7a-4f1a-91f5-8cb1859b150b/datanode-0/data/ratis/2e50dcc1-ee07-4a60-9aea-5e99f9516c48
2023-02-16 16:34:01,851 [EventQueue-OpenPipelineForHealthyPipelineSafeModeRule] INFO  safemode.SCMSafeModeManager (HealthyPipelineSafeModeRule.java:process(137)) - SCM in safe mode. Healthy pipelines reported count is 0, required healthy pipeline reported count is 1
2023-02-16 16:34:01,851 [pool-275-thread-1] INFO  server.RaftServerConfigKeys (ConfUtils.java:logGet(46)) - raft.server.log.queue.byte-limit = 4294967296 (custom)
2023-02-16 16:34:01,852 [pool-275-thread-1] INFO  server.RaftServerConfigKeys (ConfUtils.java:logGet(46)) - raft.server.log.queue.element-limit = 1024 (custom)
2023-02-16 16:34:01,852 [pool-275-thread-1] INFO  server.RaftServerConfigKeys (ConfUtils.java:logGet(46)) - raft.server.log.segment.size.max = 1048576 (custom)
2023-02-16 16:34:01,852 [pool-275-thread-1] INFO  server.RaftServerConfigKeys (ConfUtils.java:logGet(46)) - raft.server.log.preallocated.size = 16384 (custom)
2023-02-16 16:34:01,852 [pool-275-thread-1] INFO  server.RaftServerConfigKeys (ConfUtils.java:logGet(46)) - raft.server.log.force.sync.num = 128 (default)
2023-02-16 16:34:01,852 [pool-275-thread-1] INFO  server.RaftServerConfigKeys (ConfUtils.java:logGet(46)) - raft.server.log.statemachine.data.sync = true (default)
2023-02-16 16:34:01,852 [pool-275-thread-1] INFO  server.RaftServerConfigKeys (ConfUtils.java:logGet(46)) - raft.server.log.statemachine.data.sync.timeout = 10s (default)
2023-02-16 16:34:01,852 [pool-275-thread-1] INFO  server.RaftServerConfigKeys (ConfUtils.java:logGet(46)) - raft.server.log.statemachine.data.sync.timeout.retry = -1 (default)
2023-02-16 16:34:01,852 [pool-275-thread-1] INFO  server.RaftServerConfigKeys (ConfUtils.java:logGet(46)) - raft.server.log.write.buffer.size = 1048576 (custom)
2023-02-16 16:34:01,853 [pool-275-thread-1] INFO  server.RaftServerConfigKeys (ConfUtils.java:logGet(46)) - raft.server.log.appender.buffer.byte-limit = 33554432 (custom)
2023-02-16 16:34:01,855 [pool-275-thread-1] INFO  server.RaftServerConfigKeys (ConfUtils.java:logGet(46)) - raft.server.log.unsafe-flush.enabled = false (default)
2023-02-16 16:34:01,856 [pool-275-thread-1] INFO  server.RaftServerConfigKeys (ConfUtils.java:logGet(46)) - raft.server.log.async-flush.enabled = false (default)
2023-02-16 16:34:01,856 [pool-275-thread-1] INFO  server.RaftServerConfigKeys (ConfUtils.java:logGet(46)) - raft.server.log.statemachine.data.caching.enabled = true (custom)
2023-02-16 16:34:01,856 [pool-275-thread-1] INFO  segmented.SegmentedRaftLogWorker (SegmentedRaftLogWorker.java:lambda$new$0(135)) - 22be8fd8-b8c6-40ff-8f14-846d94d7e632@group-5E99F9516C48-SegmentedRaftLogWorker: flushIndex: setUnconditionally 0 -> -1
2023-02-16 16:34:01,856 [pool-275-thread-1] INFO  segmented.SegmentedRaftLogWorker (SegmentedRaftLogWorker.java:lambda$new$0(135)) - 22be8fd8-b8c6-40ff-8f14-846d94d7e632@group-5E99F9516C48-SegmentedRaftLogWorker: safeCacheEvictIndex: setUnconditionally 0 -> -1
2023-02-16 16:34:01,856 [pool-275-thread-1] INFO  server.RaftServer$Division (RaftServerImpl.java:start(334)) - 22be8fd8-b8c6-40ff-8f14-846d94d7e632@group-5E99F9516C48: start as a follower, conf=-1: peers:[22be8fd8-b8c6-40ff-8f14-846d94d7e632|rpc:10.1.0.66:43577|dataStream:10.1.0.66:37909|priority:1|startupRole:FOLLOWER, 640e7d3f-2dbd-4e46-b500-a7d3223ba7d6|rpc:10.1.0.66:35785|dataStream:10.1.0.66:41863|priority:0|startupRole:FOLLOWER, 9f5e5902-bacc-4266-a878-65e39c3ba6e9|rpc:10.1.0.66:37011|dataStream:10.1.0.66:40567|priority:0|startupRole:FOLLOWER]|listeners:[], old=null
2023-02-16 16:34:01,856 [pool-275-thread-1] INFO  server.RaftServer$Division (RaftServerImpl.java:setRole(321)) - 22be8fd8-b8c6-40ff-8f14-846d94d7e632@group-5E99F9516C48: changes role from      null to FOLLOWER at term 0 for startAsFollower
2023-02-16 16:34:01,856 [pool-275-thread-1] INFO  impl.RoleInfo (RoleInfo.java:updateAndGet(139)) - 22be8fd8-b8c6-40ff-8f14-846d94d7e632: start 22be8fd8-b8c6-40ff-8f14-846d94d7e632@group-5E99F9516C48-FollowerState
2023-02-16 16:34:01,856 [22be8fd8-b8c6-40ff-8f14-846d94d7e632@group-5E99F9516C48-FollowerState] INFO  server.RaftServerConfigKeys (ConfUtils.java:logFallback(53)) - raft.server.rpc.first-election.timeout.min = 5s (fallback to raft.server.rpc.timeout.min)
2023-02-16 16:34:01,856 [pool-275-thread-1] INFO  util.JmxRegister (JmxRegister.java:tryRegister(44)) - Successfully registered JMX Bean with object name Ratis:service=RaftServer,group=group-5E99F9516C48,id=22be8fd8-b8c6-40ff-8f14-846d94d7e632
2023-02-16 16:34:01,857 [22be8fd8-b8c6-40ff-8f14-846d94d7e632@group-5E99F9516C48-FollowerState] INFO  server.RaftServerConfigKeys (ConfUtils.java:logFallback(53)) - raft.server.rpc.first-election.timeout.max = 5200ms (fallback to raft.server.rpc.timeout.max)
2023-02-16 16:34:01,857 [pool-275-thread-1] INFO  server.RaftServerConfigKeys (ConfUtils.java:logGet(46)) - raft.server.snapshot.auto.trigger.enabled = true (custom)
2023-02-16 16:34:01,857 [pool-275-thread-1] INFO  server.RaftServerConfigKeys (ConfUtils.java:logGet(46)) - raft.server.snapshot.auto.trigger.threshold = 10000 (custom)
2023-02-16 16:34:01,857 [pool-275-thread-1] INFO  server.RaftServerConfigKeys (ConfUtils.java:logGet(46)) - raft.server.snapshot.retention.file.num = 5 (custom)
2023-02-16 16:34:01,857 [pool-275-thread-1] INFO  server.RaftServerConfigKeys (ConfUtils.java:logGet(46)) - raft.server.log.purge.upto.snapshot.index = false (default)
2023-02-16 16:34:01,858 [Command processor thread] INFO  ratis.XceiverServerRatis (XceiverServerRatis.java:addGroup(807)) - Created group PipelineID=2e50dcc1-ee07-4a60-9aea-5e99f9516c48
2023-02-16 16:34:01,881 [grpc-default-executor-0] INFO  server.RaftServer (RaftServerProxy.java:addNew(96)) - 9f5e5902-bacc-4266-a878-65e39c3ba6e9: addNew group-5E99F9516C48:[22be8fd8-b8c6-40ff-8f14-846d94d7e632|rpc:10.1.0.66:43577|dataStream:10.1.0.66:37909|priority:1|startupRole:FOLLOWER, 640e7d3f-2dbd-4e46-b500-a7d3223ba7d6|rpc:10.1.0.66:35785|dataStream:10.1.0.66:41863|priority:0|startupRole:FOLLOWER, 9f5e5902-bacc-4266-a878-65e39c3ba6e9|rpc:10.1.0.66:37011|dataStream:10.1.0.66:40567|priority:0|startupRole:FOLLOWER] returns group-5E99F9516C48:java.util.concurrent.CompletableFuture@7d1efd18[Not completed]
2023-02-16 16:34:01,882 [pool-319-thread-1] INFO  server.RaftServer$Division (RaftServerImpl.java:<init>(195)) - 9f5e5902-bacc-4266-a878-65e39c3ba6e9: new RaftServerImpl for group-5E99F9516C48:[22be8fd8-b8c6-40ff-8f14-846d94d7e632|rpc:10.1.0.66:43577|dataStream:10.1.0.66:37909|priority:1|startupRole:FOLLOWER, 640e7d3f-2dbd-4e46-b500-a7d3223ba7d6|rpc:10.1.0.66:35785|dataStream:10.1.0.66:41863|priority:0|startupRole:FOLLOWER, 9f5e5902-bacc-4266-a878-65e39c3ba6e9|rpc:10.1.0.66:37011|dataStream:10.1.0.66:40567|priority:0|startupRole:FOLLOWER] with ContainerStateMachine:uninitialized
2023-02-16 16:34:01,882 [pool-319-thread-1] INFO  server.RaftServerConfigKeys (ConfUtils.java:logGet(46)) - raft.server.rpc.timeout.min = 5s (custom)
2023-02-16 16:34:01,882 [pool-319-thread-1] INFO  server.RaftServerConfigKeys (ConfUtils.java:logGet(46)) - raft.server.rpc.timeout.max = 5200ms (custom)
2023-02-16 16:34:01,882 [pool-319-thread-1] INFO  server.RaftServerConfigKeys (ConfUtils.java:logGet(46)) - raft.server.rpc.sleep.time = 25ms (default)
2023-02-16 16:34:01,882 [pool-319-thread-1] INFO  server.RaftServerConfigKeys (ConfUtils.java:logGet(46)) - raft.server.rpc.slowness.timeout = 300s (custom)
2023-02-16 16:34:01,882 [pool-319-thread-1] INFO  server.RaftServerConfigKeys (ConfUtils.java:logGet(46)) - raft.server.leaderelection.leader.step-down.wait-time = 10s (default)
2023-02-16 16:34:01,882 [pool-319-thread-1] INFO  server.RaftServerConfigKeys (ConfUtils.java:logGet(46)) - raft.server.sleep.deviation.threshold = 300ms (default)
2023-02-16 16:34:01,882 [pool-319-thread-1] INFO  server.RaftServer$Division (ServerState.java:<init>(118)) - 9f5e5902-bacc-4266-a878-65e39c3ba6e9@group-5E99F9516C48: ConfigurationManager, init=-1: peers:[22be8fd8-b8c6-40ff-8f14-846d94d7e632|rpc:10.1.0.66:43577|dataStream:10.1.0.66:37909|priority:1|startupRole:FOLLOWER, 640e7d3f-2dbd-4e46-b500-a7d3223ba7d6|rpc:10.1.0.66:35785|dataStream:10.1.0.66:41863|priority:0|startupRole:FOLLOWER, 9f5e5902-bacc-4266-a878-65e39c3ba6e9|rpc:10.1.0.66:37011|dataStream:10.1.0.66:40567|priority:0|startupRole:FOLLOWER]|listeners:[], old=null, confs=<EMPTY_MAP>
2023-02-16 16:34:01,882 [pool-319-thread-1] INFO  server.RaftServerConfigKeys (ConfUtils.java:logGet(46)) - raft.server.storage.dir = [/home/runner/work/ozone/ozone/hadoop-ozone/integration-test/target/test-dir/MiniOzoneClusterImpl-34b8c8ad-1b7a-4f1a-91f5-8cb1859b150b/datanode-2/data/ratis] (custom)
2023-02-16 16:34:01,882 [pool-319-thread-1] INFO  server.RaftServerConfigKeys (ConfUtils.java:logGet(46)) - raft.server.log.corruption.policy = EXCEPTION (default)
2023-02-16 16:34:01,882 [pool-319-thread-1] INFO  server.RaftServerConfigKeys (ConfUtils.java:logGet(46)) - raft.server.storage.free-space.min = 0MB (=0) (default)
2023-02-16 16:34:01,882 [pool-319-thread-1] INFO  server.RaftServerConfigKeys (ConfUtils.java:logGet(46)) - raft.server.notification.no-leader.timeout = 300s (custom)
2023-02-16 16:34:01,882 [pool-319-thread-1] INFO  server.RaftServerConfigKeys (ConfUtils.java:logGet(46)) - raft.server.retrycache.expirytime = 600000ms (custom)
2023-02-16 16:34:01,882 [pool-319-thread-1] INFO  server.RaftServerConfigKeys (ConfUtils.java:logGet(46)) - raft.server.retrycache.statistics.expirytime = 100μs (default)
2023-02-16 16:34:01,883 [pool-319-thread-1] INFO  server.RaftServerConfigKeys (ConfUtils.java:logGet(46)) - raft.server.log.appender.install.snapshot.enabled = false (custom)
2023-02-16 16:34:01,883 [pool-319-thread-1] INFO  server.RaftServerConfigKeys (ConfUtils.java:logGet(46)) - raft.server.threadpool.server.cached = true (default)
2023-02-16 16:34:01,883 [pool-319-thread-1] INFO  server.RaftServerConfigKeys (ConfUtils.java:logGet(46)) - raft.server.threadpool.server.size = 0 (default)
2023-02-16 16:34:01,883 [pool-319-thread-1] INFO  server.RaftServerConfigKeys (ConfUtils.java:logGet(46)) - raft.server.threadpool.client.cached = true (default)
2023-02-16 16:34:01,883 [pool-319-thread-1] INFO  server.RaftServerConfigKeys (ConfUtils.java:logGet(46)) - raft.server.threadpool.client.size = 0 (default)
2023-02-16 16:34:01,883 [pool-319-thread-1] INFO  storage.RaftStorageDirectory (RaftStorageDirectoryImpl.java:analyzeStorage(137)) - The storage directory /home/runner/work/ozone/ozone/hadoop-ozone/integration-test/target/test-dir/MiniOzoneClusterImpl-34b8c8ad-1b7a-4f1a-91f5-8cb1859b150b/datanode-2/data/ratis/2e50dcc1-ee07-4a60-9aea-5e99f9516c48 does not exist. Creating ...
2023-02-16 16:34:01,884 [pool-319-thread-1] INFO  storage.RaftStorageDirectory (RaftStorageDirectoryImpl.java:tryLock(231)) - Lock on /home/runner/work/ozone/ozone/hadoop-ozone/integration-test/target/test-dir/MiniOzoneClusterImpl-34b8c8ad-1b7a-4f1a-91f5-8cb1859b150b/datanode-2/data/ratis/2e50dcc1-ee07-4a60-9aea-5e99f9516c48/in_use.lock acquired by nodename 11092@fv-az167-289
2023-02-16 16:34:01,885 [pool-319-thread-1] INFO  storage.RaftStorage (RaftStorageImpl.java:format(96)) - Storage directory /home/runner/work/ozone/ozone/hadoop-ozone/integration-test/target/test-dir/MiniOzoneClusterImpl-34b8c8ad-1b7a-4f1a-91f5-8cb1859b150b/datanode-2/data/ratis/2e50dcc1-ee07-4a60-9aea-5e99f9516c48 has been successfully formatted.
2023-02-16 16:34:01,886 [pool-319-thread-1] INFO  ratis.ContainerStateMachine (ContainerStateMachine.java:loadSnapshot(240)) - group-5E99F9516C48: The snapshot info is null. Setting the last applied indexto:(t:0, i:~)
2023-02-16 16:34:01,886 [pool-319-thread-1] INFO  server.RaftServerConfigKeys (ConfUtils.java:logGet(46)) - raft.server.log.use.memory = false (default)
2023-02-16 16:34:01,886 [pool-319-thread-1] INFO  server.RaftServerConfigKeys (ConfUtils.java:logGet(46)) - raft.server.log.purge.gap = 1000000 (custom)
2023-02-16 16:34:01,886 [pool-319-thread-1] INFO  server.RaftServerConfigKeys (ConfUtils.java:logGet(46)) - raft.server.log.appender.buffer.byte-limit = 33554432 (custom)
2023-02-16 16:34:01,886 [pool-319-thread-1] INFO  server.RaftServerConfigKeys (ConfUtils.java:logGet(46)) - raft.server.log.statemachine.data.read.timeout = 1000ms (default)
2023-02-16 16:34:01,886 [pool-319-thread-1] INFO  server.RaftServerConfigKeys (ConfUtils.java:logGet(46)) - raft.server.log.purge.preservation.log.num = 0 (default)
2023-02-16 16:34:01,886 [pool-319-thread-1] INFO  server.RaftServerConfigKeys (ConfUtils.java:logGet(46)) - raft.server.log.segment.size.max = 1048576 (custom)
2023-02-16 16:34:01,893 [pool-319-thread-1] INFO  server.RaftServerConfigKeys (ConfUtils.java:logGet(46)) - raft.server.log.segment.cache.num.max = 2 (custom)
2023-02-16 16:34:01,893 [pool-319-thread-1] INFO  server.RaftServerConfigKeys (ConfUtils.java:logGet(46)) - raft.server.log.segment.cache.size.max = 200MB (=209715200) (default)
2023-02-16 16:34:01,893 [pool-319-thread-1] INFO  segmented.SegmentedRaftLogWorker (SegmentedRaftLogWorker.java:<init>(189)) - new 9f5e5902-bacc-4266-a878-65e39c3ba6e9@group-5E99F9516C48-SegmentedRaftLogWorker for RaftStorageImpl:Storage Directory /home/runner/work/ozone/ozone/hadoop-ozone/integration-test/target/test-dir/MiniOzoneClusterImpl-34b8c8ad-1b7a-4f1a-91f5-8cb1859b150b/datanode-2/data/ratis/2e50dcc1-ee07-4a60-9aea-5e99f9516c48
2023-02-16 16:34:01,894 [pool-319-thread-1] INFO  server.RaftServerConfigKeys (ConfUtils.java:logGet(46)) - raft.server.log.queue.byte-limit = 4294967296 (custom)
2023-02-16 16:34:01,894 [pool-319-thread-1] INFO  server.RaftServerConfigKeys (ConfUtils.java:logGet(46)) - raft.server.log.queue.element-limit = 1024 (custom)
2023-02-16 16:34:01,894 [pool-319-thread-1] INFO  server.RaftServerConfigKeys (ConfUtils.java:logGet(46)) - raft.server.log.segment.size.max = 1048576 (custom)
2023-02-16 16:34:01,894 [pool-319-thread-1] INFO  server.RaftServerConfigKeys (ConfUtils.java:logGet(46)) - raft.server.log.preallocated.size = 16384 (custom)
2023-02-16 16:34:01,894 [pool-319-thread-1] INFO  server.RaftServerConfigKeys (ConfUtils.java:logGet(46)) - raft.server.log.force.sync.num = 128 (default)
2023-02-16 16:34:01,894 [pool-319-thread-1] INFO  server.RaftServerConfigKeys (ConfUtils.java:logGet(46)) - raft.server.log.statemachine.data.sync = true (default)
2023-02-16 16:34:01,894 [pool-319-thread-1] INFO  server.RaftServerConfigKeys (ConfUtils.java:logGet(46)) - raft.server.log.statemachine.data.sync.timeout = 10s (default)
2023-02-16 16:34:01,894 [pool-319-thread-1] INFO  server.RaftServerConfigKeys (ConfUtils.java:logGet(46)) - raft.server.log.statemachine.data.sync.timeout.retry = -1 (default)
2023-02-16 16:34:01,894 [pool-319-thread-1] INFO  server.RaftServerConfigKeys (ConfUtils.java:logGet(46)) - raft.server.log.write.buffer.size = 1048576 (custom)
2023-02-16 16:34:01,895 [pool-319-thread-1] INFO  server.RaftServerConfigKeys (ConfUtils.java:logGet(46)) - raft.server.log.appender.buffer.byte-limit = 33554432 (custom)
2023-02-16 16:34:01,898 [pool-319-thread-1] INFO  server.RaftServerConfigKeys (ConfUtils.java:logGet(46)) - raft.server.log.unsafe-flush.enabled = false (default)
2023-02-16 16:34:01,898 [pool-319-thread-1] INFO  server.RaftServerConfigKeys (ConfUtils.java:logGet(46)) - raft.server.log.async-flush.enabled = false (default)
2023-02-16 16:34:01,898 [pool-319-thread-1] INFO  server.RaftServerConfigKeys (ConfUtils.java:logGet(46)) - raft.server.log.statemachine.data.caching.enabled = true (custom)
2023-02-16 16:34:01,899 [pool-319-thread-1] INFO  segmented.SegmentedRaftLogWorker (SegmentedRaftLogWorker.java:lambda$new$0(135)) - 9f5e5902-bacc-4266-a878-65e39c3ba6e9@group-5E99F9516C48-SegmentedRaftLogWorker: flushIndex: setUnconditionally 0 -> -1
2023-02-16 16:34:01,899 [pool-319-thread-1] INFO  segmented.SegmentedRaftLogWorker (SegmentedRaftLogWorker.java:lambda$new$0(135)) - 9f5e5902-bacc-4266-a878-65e39c3ba6e9@group-5E99F9516C48-SegmentedRaftLogWorker: safeCacheEvictIndex: setUnconditionally 0 -> -1
2023-02-16 16:34:01,903 [pool-319-thread-1] INFO  server.RaftServer$Division (RaftServerImpl.java:start(334)) - 9f5e5902-bacc-4266-a878-65e39c3ba6e9@group-5E99F9516C48: start as a follower, conf=-1: peers:[22be8fd8-b8c6-40ff-8f14-846d94d7e632|rpc:10.1.0.66:43577|dataStream:10.1.0.66:37909|priority:1|startupRole:FOLLOWER, 640e7d3f-2dbd-4e46-b500-a7d3223ba7d6|rpc:10.1.0.66:35785|dataStream:10.1.0.66:41863|priority:0|startupRole:FOLLOWER, 9f5e5902-bacc-4266-a878-65e39c3ba6e9|rpc:10.1.0.66:37011|dataStream:10.1.0.66:40567|priority:0|startupRole:FOLLOWER]|listeners:[], old=null
2023-02-16 16:34:01,903 [pool-319-thread-1] INFO  server.RaftServer$Division (RaftServerImpl.java:setRole(321)) - 9f5e5902-bacc-4266-a878-65e39c3ba6e9@group-5E99F9516C48: changes role from      null to FOLLOWER at term 0 for startAsFollower
2023-02-16 16:34:01,903 [pool-319-thread-1] INFO  impl.RoleInfo (RoleInfo.java:updateAndGet(139)) - 9f5e5902-bacc-4266-a878-65e39c3ba6e9: start 9f5e5902-bacc-4266-a878-65e39c3ba6e9@group-5E99F9516C48-FollowerState
2023-02-16 16:34:01,904 [pool-319-thread-1] INFO  util.JmxRegister (JmxRegister.java:tryRegister(44)) - Successfully registered JMX Bean with object name Ratis:service=RaftServer,group=group-5E99F9516C48,id=9f5e5902-bacc-4266-a878-65e39c3ba6e9
2023-02-16 16:34:01,904 [pool-319-thread-1] INFO  server.RaftServerConfigKeys (ConfUtils.java:logGet(46)) - raft.server.snapshot.auto.trigger.enabled = true (custom)
2023-02-16 16:34:01,904 [pool-319-thread-1] INFO  server.RaftServerConfigKeys (ConfUtils.java:logGet(46)) - raft.server.snapshot.auto.trigger.threshold = 10000 (custom)
2023-02-16 16:34:01,904 [pool-319-thread-1] INFO  server.RaftServerConfigKeys (ConfUtils.java:logGet(46)) - raft.server.snapshot.retention.file.num = 5 (custom)
2023-02-16 16:34:01,904 [pool-319-thread-1] INFO  server.RaftServerConfigKeys (ConfUtils.java:logGet(46)) - raft.server.log.purge.upto.snapshot.index = false (default)
2023-02-16 16:34:01,905 [9f5e5902-bacc-4266-a878-65e39c3ba6e9@group-5E99F9516C48-FollowerState] INFO  server.RaftServerConfigKeys (ConfUtils.java:logFallback(53)) - raft.server.rpc.first-election.timeout.min = 5s (fallback to raft.server.rpc.timeout.min)
2023-02-16 16:34:01,906 [9f5e5902-bacc-4266-a878-65e39c3ba6e9@group-5E99F9516C48-FollowerState] INFO  server.RaftServerConfigKeys (ConfUtils.java:logFallback(53)) - raft.server.rpc.first-election.timeout.max = 5200ms (fallback to raft.server.rpc.timeout.max)
2023-02-16 16:34:01,927 [grpc-default-executor-0] INFO  server.RaftServer (RaftServerProxy.java:addNew(96)) - 640e7d3f-2dbd-4e46-b500-a7d3223ba7d6: addNew group-5E99F9516C48:[22be8fd8-b8c6-40ff-8f14-846d94d7e632|rpc:10.1.0.66:43577|dataStream:10.1.0.66:37909|priority:1|startupRole:FOLLOWER, 640e7d3f-2dbd-4e46-b500-a7d3223ba7d6|rpc:10.1.0.66:35785|dataStream:10.1.0.66:41863|priority:0|startupRole:FOLLOWER, 9f5e5902-bacc-4266-a878-65e39c3ba6e9|rpc:10.1.0.66:37011|dataStream:10.1.0.66:40567|priority:0|startupRole:FOLLOWER] returns group-5E99F9516C48:java.util.concurrent.CompletableFuture@aac05b0[Not completed]
2023-02-16 16:34:01,928 [pool-297-thread-1] INFO  server.RaftServer$Division (RaftServerImpl.java:<init>(195)) - 640e7d3f-2dbd-4e46-b500-a7d3223ba7d6: new RaftServerImpl for group-5E99F9516C48:[22be8fd8-b8c6-40ff-8f14-846d94d7e632|rpc:10.1.0.66:43577|dataStream:10.1.0.66:37909|priority:1|startupRole:FOLLOWER, 640e7d3f-2dbd-4e46-b500-a7d3223ba7d6|rpc:10.1.0.66:35785|dataStream:10.1.0.66:41863|priority:0|startupRole:FOLLOWER, 9f5e5902-bacc-4266-a878-65e39c3ba6e9|rpc:10.1.0.66:37011|dataStream:10.1.0.66:40567|priority:0|startupRole:FOLLOWER] with ContainerStateMachine:uninitialized
2023-02-16 16:34:01,928 [pool-297-thread-1] INFO  server.RaftServerConfigKeys (ConfUtils.java:logGet(46)) - raft.server.rpc.timeout.min = 5s (custom)
2023-02-16 16:34:01,928 [pool-297-thread-1] INFO  server.RaftServerConfigKeys (ConfUtils.java:logGet(46)) - raft.server.rpc.timeout.max = 5200ms (custom)
2023-02-16 16:34:01,928 [pool-297-thread-1] INFO  server.RaftServerConfigKeys (ConfUtils.java:logGet(46)) - raft.server.rpc.sleep.time = 25ms (default)
2023-02-16 16:34:01,928 [pool-297-thread-1] INFO  server.RaftServerConfigKeys (ConfUtils.java:logGet(46)) - raft.server.rpc.slowness.timeout = 300s (custom)
2023-02-16 16:34:01,928 [pool-297-thread-1] INFO  server.RaftServerConfigKeys (ConfUtils.java:logGet(46)) - raft.server.leaderelection.leader.step-down.wait-time = 10s (default)
2023-02-16 16:34:01,928 [pool-297-thread-1] INFO  server.RaftServerConfigKeys (ConfUtils.java:logGet(46)) - raft.server.sleep.deviation.threshold = 300ms (default)
2023-02-16 16:34:01,928 [pool-297-thread-1] INFO  server.RaftServer$Division (ServerState.java:<init>(118)) - 640e7d3f-2dbd-4e46-b500-a7d3223ba7d6@group-5E99F9516C48: ConfigurationManager, init=-1: peers:[22be8fd8-b8c6-40ff-8f14-846d94d7e632|rpc:10.1.0.66:43577|dataStream:10.1.0.66:37909|priority:1|startupRole:FOLLOWER, 640e7d3f-2dbd-4e46-b500-a7d3223ba7d6|rpc:10.1.0.66:35785|dataStream:10.1.0.66:41863|priority:0|startupRole:FOLLOWER, 9f5e5902-bacc-4266-a878-65e39c3ba6e9|rpc:10.1.0.66:37011|dataStream:10.1.0.66:40567|priority:0|startupRole:FOLLOWER]|listeners:[], old=null, confs=<EMPTY_MAP>
2023-02-16 16:34:01,928 [pool-297-thread-1] INFO  server.RaftServerConfigKeys (ConfUtils.java:logGet(46)) - raft.server.storage.dir = [/home/runner/work/ozone/ozone/hadoop-ozone/integration-test/target/test-dir/MiniOzoneClusterImpl-34b8c8ad-1b7a-4f1a-91f5-8cb1859b150b/datanode-1/data/ratis] (custom)
2023-02-16 16:34:01,928 [pool-297-thread-1] INFO  server.RaftServerConfigKeys (ConfUtils.java:logGet(46)) - raft.server.log.corruption.policy = EXCEPTION (default)
2023-02-16 16:34:01,928 [pool-297-thread-1] INFO  server.RaftServerConfigKeys (ConfUtils.java:logGet(46)) - raft.server.storage.free-space.min = 0MB (=0) (default)
2023-02-16 16:34:01,929 [pool-297-thread-1] INFO  server.RaftServerConfigKeys (ConfUtils.java:logGet(46)) - raft.server.notification.no-leader.timeout = 300s (custom)
2023-02-16 16:34:01,929 [pool-297-thread-1] INFO  server.RaftServerConfigKeys (ConfUtils.java:logGet(46)) - raft.server.retrycache.expirytime = 600000ms (custom)
2023-02-16 16:34:01,929 [pool-297-thread-1] INFO  server.RaftServerConfigKeys (ConfUtils.java:logGet(46)) - raft.server.retrycache.statistics.expirytime = 100μs (default)
2023-02-16 16:34:01,929 [pool-297-thread-1] INFO  server.RaftServerConfigKeys (ConfUtils.java:logGet(46)) - raft.server.log.appender.install.snapshot.enabled = false (custom)
2023-02-16 16:34:01,930 [pool-297-thread-1] INFO  server.RaftServerConfigKeys (ConfUtils.java:logGet(46)) - raft.server.threadpool.server.cached = true (default)
2023-02-16 16:34:01,930 [pool-297-thread-1] INFO  server.RaftServerConfigKeys (ConfUtils.java:logGet(46)) - raft.server.threadpool.server.size = 0 (default)
2023-02-16 16:34:01,930 [pool-297-thread-1] INFO  server.RaftServerConfigKeys (ConfUtils.java:logGet(46)) - raft.server.threadpool.client.cached = true (default)
2023-02-16 16:34:01,930 [pool-297-thread-1] INFO  server.RaftServerConfigKeys (ConfUtils.java:logGet(46)) - raft.server.threadpool.client.size = 0 (default)
2023-02-16 16:34:01,930 [pool-297-thread-1] INFO  storage.RaftStorageDirectory (RaftStorageDirectoryImpl.java:analyzeStorage(137)) - The storage directory /home/runner/work/ozone/ozone/hadoop-ozone/integration-test/target/test-dir/MiniOzoneClusterImpl-34b8c8ad-1b7a-4f1a-91f5-8cb1859b150b/datanode-1/data/ratis/2e50dcc1-ee07-4a60-9aea-5e99f9516c48 does not exist. Creating ...
2023-02-16 16:34:01,931 [pool-297-thread-1] INFO  storage.RaftStorageDirectory (RaftStorageDirectoryImpl.java:tryLock(231)) - Lock on /home/runner/work/ozone/ozone/hadoop-ozone/integration-test/target/test-dir/MiniOzoneClusterImpl-34b8c8ad-1b7a-4f1a-91f5-8cb1859b150b/datanode-1/data/ratis/2e50dcc1-ee07-4a60-9aea-5e99f9516c48/in_use.lock acquired by nodename 11092@fv-az167-289
2023-02-16 16:34:01,931 [pool-297-thread-1] INFO  storage.RaftStorage (RaftStorageImpl.java:format(96)) - Storage directory /home/runner/work/ozone/ozone/hadoop-ozone/integration-test/target/test-dir/MiniOzoneClusterImpl-34b8c8ad-1b7a-4f1a-91f5-8cb1859b150b/datanode-1/data/ratis/2e50dcc1-ee07-4a60-9aea-5e99f9516c48 has been successfully formatted.
2023-02-16 16:34:01,933 [pool-297-thread-1] INFO  ratis.ContainerStateMachine (ContainerStateMachine.java:loadSnapshot(240)) - group-5E99F9516C48: The snapshot info is null. Setting the last applied indexto:(t:0, i:~)
2023-02-16 16:34:01,933 [pool-297-thread-1] INFO  server.RaftServerConfigKeys (ConfUtils.java:logGet(46)) - raft.server.log.use.memory = false (default)
2023-02-16 16:34:01,933 [pool-297-thread-1] INFO  server.RaftServerConfigKeys (ConfUtils.java:logGet(46)) - raft.server.log.purge.gap = 1000000 (custom)
2023-02-16 16:34:01,933 [pool-297-thread-1] INFO  server.RaftServerConfigKeys (ConfUtils.java:logGet(46)) - raft.server.log.appender.buffer.byte-limit = 33554432 (custom)
2023-02-16 16:34:01,933 [pool-297-thread-1] INFO  server.RaftServerConfigKeys (ConfUtils.java:logGet(46)) - raft.server.log.statemachine.data.read.timeout = 1000ms (default)
2023-02-16 16:34:01,933 [pool-297-thread-1] INFO  server.RaftServerConfigKeys (ConfUtils.java:logGet(46)) - raft.server.log.purge.preservation.log.num = 0 (default)
2023-02-16 16:34:01,934 [pool-297-thread-1] INFO  server.RaftServerConfigKeys (ConfUtils.java:logGet(46)) - raft.server.log.segment.size.max = 1048576 (custom)
2023-02-16 16:34:01,934 [pool-297-thread-1] INFO  server.RaftServerConfigKeys (ConfUtils.java:logGet(46)) - raft.server.log.segment.cache.num.max = 2 (custom)
2023-02-16 16:34:01,934 [pool-297-thread-1] INFO  server.RaftServerConfigKeys (ConfUtils.java:logGet(46)) - raft.server.log.segment.cache.size.max = 200MB (=209715200) (default)
2023-02-16 16:34:01,934 [pool-297-thread-1] INFO  segmented.SegmentedRaftLogWorker (SegmentedRaftLogWorker.java:<init>(189)) - new 640e7d3f-2dbd-4e46-b500-a7d3223ba7d6@group-5E99F9516C48-SegmentedRaftLogWorker for RaftStorageImpl:Storage Directory /home/runner/work/ozone/ozone/hadoop-ozone/integration-test/target/test-dir/MiniOzoneClusterImpl-34b8c8ad-1b7a-4f1a-91f5-8cb1859b150b/datanode-1/data/ratis/2e50dcc1-ee07-4a60-9aea-5e99f9516c48
2023-02-16 16:34:01,934 [pool-297-thread-1] INFO  server.RaftServerConfigKeys (ConfUtils.java:logGet(46)) - raft.server.log.queue.byte-limit = 4294967296 (custom)
2023-02-16 16:34:01,934 [pool-297-thread-1] INFO  server.RaftServerConfigKeys (ConfUtils.java:logGet(46)) - raft.server.log.queue.element-limit = 1024 (custom)
2023-02-16 16:34:01,934 [pool-297-thread-1] INFO  server.RaftServerConfigKeys (ConfUtils.java:logGet(46)) - raft.server.log.segment.size.max = 1048576 (custom)
2023-02-16 16:34:01,934 [pool-297-thread-1] INFO  server.RaftServerConfigKeys (ConfUtils.java:logGet(46)) - raft.server.log.preallocated.size = 16384 (custom)
2023-02-16 16:34:01,934 [pool-297-thread-1] INFO  server.RaftServerConfigKeys (ConfUtils.java:logGet(46)) - raft.server.log.force.sync.num = 128 (default)
2023-02-16 16:34:01,934 [pool-297-thread-1] INFO  server.RaftServerConfigKeys (ConfUtils.java:logGet(46)) - raft.server.log.statemachine.data.sync = true (default)
2023-02-16 16:34:01,934 [pool-297-thread-1] INFO  server.RaftServerConfigKeys (ConfUtils.java:logGet(46)) - raft.server.log.statemachine.data.sync.timeout = 10s (default)
2023-02-16 16:34:01,934 [pool-297-thread-1] INFO  server.RaftServerConfigKeys (ConfUtils.java:logGet(46)) - raft.server.log.statemachine.data.sync.timeout.retry = -1 (default)
2023-02-16 16:34:01,935 [pool-297-thread-1] INFO  server.RaftServerConfigKeys (ConfUtils.java:logGet(46)) - raft.server.log.write.buffer.size = 1048576 (custom)
2023-02-16 16:34:01,935 [pool-297-thread-1] INFO  server.RaftServerConfigKeys (ConfUtils.java:logGet(46)) - raft.server.log.appender.buffer.byte-limit = 33554432 (custom)
2023-02-16 16:34:01,938 [pool-297-thread-1] INFO  server.RaftServerConfigKeys (ConfUtils.java:logGet(46)) - raft.server.log.unsafe-flush.enabled = false (default)
2023-02-16 16:34:01,938 [pool-297-thread-1] INFO  server.RaftServerConfigKeys (ConfUtils.java:logGet(46)) - raft.server.log.async-flush.enabled = false (default)
2023-02-16 16:34:01,938 [pool-297-thread-1] INFO  server.RaftServerConfigKeys (ConfUtils.java:logGet(46)) - raft.server.log.statemachine.data.caching.enabled = true (custom)
2023-02-16 16:34:01,939 [pool-297-thread-1] INFO  segmented.SegmentedRaftLogWorker (SegmentedRaftLogWorker.java:lambda$new$0(135)) - 640e7d3f-2dbd-4e46-b500-a7d3223ba7d6@group-5E99F9516C48-SegmentedRaftLogWorker: flushIndex: setUnconditionally 0 -> -1
2023-02-16 16:34:01,939 [pool-297-thread-1] INFO  segmented.SegmentedRaftLogWorker (SegmentedRaftLogWorker.java:lambda$new$0(135)) - 640e7d3f-2dbd-4e46-b500-a7d3223ba7d6@group-5E99F9516C48-SegmentedRaftLogWorker: safeCacheEvictIndex: setUnconditionally 0 -> -1
2023-02-16 16:34:01,943 [pool-297-thread-1] INFO  server.RaftServer$Division (RaftServerImpl.java:start(334)) - 640e7d3f-2dbd-4e46-b500-a7d3223ba7d6@group-5E99F9516C48: start as a follower, conf=-1: peers:[22be8fd8-b8c6-40ff-8f14-846d94d7e632|rpc:10.1.0.66:43577|dataStream:10.1.0.66:37909|priority:1|startupRole:FOLLOWER, 640e7d3f-2dbd-4e46-b500-a7d3223ba7d6|rpc:10.1.0.66:35785|dataStream:10.1.0.66:41863|priority:0|startupRole:FOLLOWER, 9f5e5902-bacc-4266-a878-65e39c3ba6e9|rpc:10.1.0.66:37011|dataStream:10.1.0.66:40567|priority:0|startupRole:FOLLOWER]|listeners:[], old=null
2023-02-16 16:34:01,943 [pool-297-thread-1] INFO  server.RaftServer$Division (RaftServerImpl.java:setRole(321)) - 640e7d3f-2dbd-4e46-b500-a7d3223ba7d6@group-5E99F9516C48: changes role from      null to FOLLOWER at term 0 for startAsFollower
2023-02-16 16:34:01,943 [pool-297-thread-1] INFO  impl.RoleInfo (RoleInfo.java:updateAndGet(139)) - 640e7d3f-2dbd-4e46-b500-a7d3223ba7d6: start 640e7d3f-2dbd-4e46-b500-a7d3223ba7d6@group-5E99F9516C48-FollowerState
2023-02-16 16:34:01,947 [pool-297-thread-1] INFO  util.JmxRegister (JmxRegister.java:tryRegister(44)) - Successfully registered JMX Bean with object name Ratis:service=RaftServer,group=group-5E99F9516C48,id=640e7d3f-2dbd-4e46-b500-a7d3223ba7d6
2023-02-16 16:34:01,947 [pool-297-thread-1] INFO  server.RaftServerConfigKeys (ConfUtils.java:logGet(46)) - raft.server.snapshot.auto.trigger.enabled = true (custom)
2023-02-16 16:34:01,947 [pool-297-thread-1] INFO  server.RaftServerConfigKeys (ConfUtils.java:logGet(46)) - raft.server.snapshot.auto.trigger.threshold = 10000 (custom)
2023-02-16 16:34:01,947 [pool-297-thread-1] INFO  server.RaftServerConfigKeys (ConfUtils.java:logGet(46)) - raft.server.snapshot.retention.file.num = 5 (custom)
2023-02-16 16:34:01,947 [pool-297-thread-1] INFO  server.RaftServerConfigKeys (ConfUtils.java:logGet(46)) - raft.server.log.purge.upto.snapshot.index = false (default)
2023-02-16 16:34:01,947 [640e7d3f-2dbd-4e46-b500-a7d3223ba7d6@group-5E99F9516C48-FollowerState] INFO  server.RaftServerConfigKeys (ConfUtils.java:logFallback(53)) - raft.server.rpc.first-election.timeout.min = 5s (fallback to raft.server.rpc.timeout.min)
2023-02-16 16:34:01,959 [640e7d3f-2dbd-4e46-b500-a7d3223ba7d6@group-5E99F9516C48-FollowerState] INFO  server.RaftServerConfigKeys (ConfUtils.java:logFallback(53)) - raft.server.rpc.first-election.timeout.max = 5200ms (fallback to raft.server.rpc.timeout.max)
2023-02-16 16:34:01,965 [Command processor thread] INFO  commandhandler.CreatePipelineCommandHandler (CreatePipelineCommandHandler.java:handle(113)) - Created Pipeline RATIS THREE PipelineID=2e50dcc1-ee07-4a60-9aea-5e99f9516c48.
2023-02-16 16:34:01,965 [Command processor thread] INFO  server.RaftServer (RaftServerProxy.java:addNew(96)) - 22be8fd8-b8c6-40ff-8f14-846d94d7e632: addNew group-12CE0A931D26:[22be8fd8-b8c6-40ff-8f14-846d94d7e632|rpc:10.1.0.66:43577|dataStream:10.1.0.66:37909|priority:0|startupRole:FOLLOWER, 640e7d3f-2dbd-4e46-b500-a7d3223ba7d6|rpc:10.1.0.66:35785|dataStream:10.1.0.66:41863|priority:1|startupRole:FOLLOWER, 9f5e5902-bacc-4266-a878-65e39c3ba6e9|rpc:10.1.0.66:37011|dataStream:10.1.0.66:40567|priority:0|startupRole:FOLLOWER] returns group-12CE0A931D26:java.util.concurrent.CompletableFuture@26cbfe60[Not completed]
2023-02-16 16:34:01,966 [pool-275-thread-1] INFO  server.RaftServer$Division (RaftServerImpl.java:<init>(195)) - 22be8fd8-b8c6-40ff-8f14-846d94d7e632: new RaftServerImpl for group-12CE0A931D26:[22be8fd8-b8c6-40ff-8f14-846d94d7e632|rpc:10.1.0.66:43577|dataStream:10.1.0.66:37909|priority:0|startupRole:FOLLOWER, 640e7d3f-2dbd-4e46-b500-a7d3223ba7d6|rpc:10.1.0.66:35785|dataStream:10.1.0.66:41863|priority:1|startupRole:FOLLOWER, 9f5e5902-bacc-4266-a878-65e39c3ba6e9|rpc:10.1.0.66:37011|dataStream:10.1.0.66:40567|priority:0|startupRole:FOLLOWER] with ContainerStateMachine:uninitialized
2023-02-16 16:34:01,966 [pool-275-thread-1] INFO  server.RaftServerConfigKeys (ConfUtils.java:logGet(46)) - raft.server.rpc.timeout.min = 5s (custom)
2023-02-16 16:34:01,966 [pool-275-thread-1] INFO  server.RaftServerConfigKeys (ConfUtils.java:logGet(46)) - raft.server.rpc.timeout.max = 5200ms (custom)
2023-02-16 16:34:01,966 [pool-275-thread-1] INFO  server.RaftServerConfigKeys (ConfUtils.java:logGet(46)) - raft.server.rpc.sleep.time = 25ms (default)
2023-02-16 16:34:01,966 [pool-275-thread-1] INFO  server.RaftServerConfigKeys (ConfUtils.java:logGet(46)) - raft.server.rpc.slowness.timeout = 300s (custom)
2023-02-16 16:34:01,966 [pool-275-thread-1] INFO  server.RaftServerConfigKeys (ConfUtils.java:logGet(46)) - raft.server.leaderelection.leader.step-down.wait-time = 10s (default)
2023-02-16 16:34:01,966 [pool-275-thread-1] INFO  server.RaftServerConfigKeys (ConfUtils.java:logGet(46)) - raft.server.sleep.deviation.threshold = 300ms (default)
2023-02-16 16:34:01,966 [pool-275-thread-1] INFO  server.RaftServer$Division (ServerState.java:<init>(118)) - 22be8fd8-b8c6-40ff-8f14-846d94d7e632@group-12CE0A931D26: ConfigurationManager, init=-1: peers:[22be8fd8-b8c6-40ff-8f14-846d94d7e632|rpc:10.1.0.66:43577|dataStream:10.1.0.66:37909|priority:0|startupRole:FOLLOWER, 640e7d3f-2dbd-4e46-b500-a7d3223ba7d6|rpc:10.1.0.66:35785|dataStream:10.1.0.66:41863|priority:1|startupRole:FOLLOWER, 9f5e5902-bacc-4266-a878-65e39c3ba6e9|rpc:10.1.0.66:37011|dataStream:10.1.0.66:40567|priority:0|startupRole:FOLLOWER]|listeners:[], old=null, confs=<EMPTY_MAP>
2023-02-16 16:34:01,966 [pool-275-thread-1] INFO  server.RaftServerConfigKeys (ConfUtils.java:logGet(46)) - raft.server.storage.dir = [/home/runner/work/ozone/ozone/hadoop-ozone/integration-test/target/test-dir/MiniOzoneClusterImpl-34b8c8ad-1b7a-4f1a-91f5-8cb1859b150b/datanode-0/data/ratis] (custom)
2023-02-16 16:34:01,967 [pool-275-thread-1] INFO  server.RaftServerConfigKeys (ConfUtils.java:logGet(46)) - raft.server.log.corruption.policy = EXCEPTION (default)
2023-02-16 16:34:01,967 [pool-275-thread-1] INFO  server.RaftServerConfigKeys (ConfUtils.java:logGet(46)) - raft.server.storage.free-space.min = 0MB (=0) (default)
2023-02-16 16:34:01,967 [pool-275-thread-1] INFO  server.RaftServerConfigKeys (ConfUtils.java:logGet(46)) - raft.server.notification.no-leader.timeout = 300s (custom)
2023-02-16 16:34:01,967 [pool-275-thread-1] INFO  server.RaftServerConfigKeys (ConfUtils.java:logGet(46)) - raft.server.retrycache.expirytime = 600000ms (custom)
2023-02-16 16:34:01,967 [pool-275-thread-1] INFO  server.RaftServerConfigKeys (ConfUtils.java:logGet(46)) - raft.server.retrycache.statistics.expirytime = 100μs (default)
2023-02-16 16:34:01,967 [pool-275-thread-1] INFO  server.RaftServerConfigKeys (ConfUtils.java:logGet(46)) - raft.server.log.appender.install.snapshot.enabled = false (custom)
2023-02-16 16:34:01,967 [pool-275-thread-1] INFO  server.RaftServerConfigKeys (ConfUtils.java:logGet(46)) - raft.server.threadpool.server.cached = true (default)
2023-02-16 16:34:01,970 [pool-275-thread-1] INFO  server.RaftServerConfigKeys (ConfUtils.java:logGet(46)) - raft.server.threadpool.server.size = 0 (default)
2023-02-16 16:34:01,970 [pool-275-thread-1] INFO  server.RaftServerConfigKeys (ConfUtils.java:logGet(46)) - raft.server.threadpool.client.cached = true (default)
2023-02-16 16:34:01,970 [pool-275-thread-1] INFO  server.RaftServerConfigKeys (ConfUtils.java:logGet(46)) - raft.server.threadpool.client.size = 0 (default)
2023-02-16 16:34:01,970 [pool-275-thread-1] INFO  storage.RaftStorageDirectory (RaftStorageDirectoryImpl.java:analyzeStorage(137)) - The storage directory /home/runner/work/ozone/ozone/hadoop-ozone/integration-test/target/test-dir/MiniOzoneClusterImpl-34b8c8ad-1b7a-4f1a-91f5-8cb1859b150b/datanode-0/data/ratis/44a1a87c-b549-4b00-ab61-12ce0a931d26 does not exist. Creating ...
2023-02-16 16:34:01,971 [pool-275-thread-1] INFO  storage.RaftStorageDirectory (RaftStorageDirectoryImpl.java:tryLock(231)) - Lock on /home/runner/work/ozone/ozone/hadoop-ozone/integration-test/target/test-dir/MiniOzoneClusterImpl-34b8c8ad-1b7a-4f1a-91f5-8cb1859b150b/datanode-0/data/ratis/44a1a87c-b549-4b00-ab61-12ce0a931d26/in_use.lock acquired by nodename 11092@fv-az167-289
2023-02-16 16:34:01,972 [pool-275-thread-1] INFO  storage.RaftStorage (RaftStorageImpl.java:format(96)) - Storage directory /home/runner/work/ozone/ozone/hadoop-ozone/integration-test/target/test-dir/MiniOzoneClusterImpl-34b8c8ad-1b7a-4f1a-91f5-8cb1859b150b/datanode-0/data/ratis/44a1a87c-b549-4b00-ab61-12ce0a931d26 has been successfully formatted.
2023-02-16 16:34:01,972 [pool-275-thread-1] INFO  ratis.ContainerStateMachine (ContainerStateMachine.java:loadSnapshot(240)) - group-12CE0A931D26: The snapshot info is null. Setting the last applied indexto:(t:0, i:~)
2023-02-16 16:34:01,972 [pool-275-thread-1] INFO  server.RaftServerConfigKeys (ConfUtils.java:logGet(46)) - raft.server.log.use.memory = false (default)
2023-02-16 16:34:01,973 [pool-275-thread-1] INFO  server.RaftServerConfigKeys (ConfUtils.java:logGet(46)) - raft.server.log.purge.gap = 1000000 (custom)
2023-02-16 16:34:01,973 [pool-275-thread-1] INFO  server.RaftServerConfigKeys (ConfUtils.java:logGet(46)) - raft.server.log.appender.buffer.byte-limit = 33554432 (custom)
2023-02-16 16:34:01,973 [pool-275-thread-1] INFO  server.RaftServerConfigKeys (ConfUtils.java:logGet(46)) - raft.server.log.statemachine.data.read.timeout = 1000ms (default)
2023-02-16 16:34:01,973 [pool-275-thread-1] INFO  server.RaftServerConfigKeys (ConfUtils.java:logGet(46)) - raft.server.log.purge.preservation.log.num = 0 (default)
2023-02-16 16:34:01,974 [EventQueue-OpenPipelineForHealthyPipelineSafeModeRule] INFO  safemode.SCMSafeModeManager (HealthyPipelineSafeModeRule.java:process(137)) - SCM in safe mode. Healthy pipelines reported count is 0, required healthy pipeline reported count is 1
2023-02-16 16:34:01,974 [pool-275-thread-1] INFO  server.RaftServerConfigKeys (ConfUtils.java:logGet(46)) - raft.server.log.segment.size.max = 1048576 (custom)
2023-02-16 16:34:01,974 [pool-275-thread-1] INFO  server.RaftServerConfigKeys (ConfUtils.java:logGet(46)) - raft.server.log.segment.cache.num.max = 2 (custom)
2023-02-16 16:34:01,974 [pool-275-thread-1] INFO  server.RaftServerConfigKeys (ConfUtils.java:logGet(46)) - raft.server.log.segment.cache.size.max = 200MB (=209715200) (default)
2023-02-16 16:34:01,975 [pool-275-thread-1] INFO  segmented.SegmentedRaftLogWorker (SegmentedRaftLogWorker.java:<init>(189)) - new 22be8fd8-b8c6-40ff-8f14-846d94d7e632@group-12CE0A931D26-SegmentedRaftLogWorker for RaftStorageImpl:Storage Directory /home/runner/work/ozone/ozone/hadoop-ozone/integration-test/target/test-dir/MiniOzoneClusterImpl-34b8c8ad-1b7a-4f1a-91f5-8cb1859b150b/datanode-0/data/ratis/44a1a87c-b549-4b00-ab61-12ce0a931d26
2023-02-16 16:34:01,975 [pool-275-thread-1] INFO  server.RaftServerConfigKeys (ConfUtils.java:logGet(46)) - raft.server.log.queue.byte-limit = 4294967296 (custom)
2023-02-16 16:34:01,975 [pool-275-thread-1] INFO  server.RaftServerConfigKeys (ConfUtils.java:logGet(46)) - raft.server.log.queue.element-limit = 1024 (custom)
2023-02-16 16:34:01,975 [pool-275-thread-1] INFO  server.RaftServerConfigKeys (ConfUtils.java:logGet(46)) - raft.server.log.segment.size.max = 1048576 (custom)
2023-02-16 16:34:01,975 [pool-275-thread-1] INFO  server.RaftServerConfigKeys (ConfUtils.java:logGet(46)) - raft.server.log.preallocated.size = 16384 (custom)
2023-02-16 16:34:01,975 [pool-275-thread-1] INFO  server.RaftServerConfigKeys (ConfUtils.java:logGet(46)) - raft.server.log.force.sync.num = 128 (default)
2023-02-16 16:34:01,975 [pool-275-thread-1] INFO  server.RaftServerConfigKeys (ConfUtils.java:logGet(46)) - raft.server.log.statemachine.data.sync = true (default)
2023-02-16 16:34:01,975 [pool-275-thread-1] INFO  server.RaftServerConfigKeys (ConfUtils.java:logGet(46)) - raft.server.log.statemachine.data.sync.timeout = 10s (default)
2023-02-16 16:34:01,975 [pool-275-thread-1] INFO  server.RaftServerConfigKeys (ConfUtils.java:logGet(46)) - raft.server.log.statemachine.data.sync.timeout.retry = -1 (default)
2023-02-16 16:34:01,975 [pool-275-thread-1] INFO  server.RaftServerConfigKeys (ConfUtils.java:logGet(46)) - raft.server.log.write.buffer.size = 1048576 (custom)
2023-02-16 16:34:01,976 [pool-275-thread-1] INFO  server.RaftServerConfigKeys (ConfUtils.java:logGet(46)) - raft.server.log.appender.buffer.byte-limit = 33554432 (custom)
2023-02-16 16:34:01,979 [pool-275-thread-1] INFO  server.RaftServerConfigKeys (ConfUtils.java:logGet(46)) - raft.server.log.unsafe-flush.enabled = false (default)
2023-02-16 16:34:01,979 [pool-275-thread-1] INFO  server.RaftServerConfigKeys (ConfUtils.java:logGet(46)) - raft.server.log.async-flush.enabled = false (default)
2023-02-16 16:34:01,979 [pool-275-thread-1] INFO  server.RaftServerConfigKeys (ConfUtils.java:logGet(46)) - raft.server.log.statemachine.data.caching.enabled = true (custom)
2023-02-16 16:34:01,979 [pool-275-thread-1] INFO  segmented.SegmentedRaftLogWorker (SegmentedRaftLogWorker.java:lambda$new$0(135)) - 22be8fd8-b8c6-40ff-8f14-846d94d7e632@group-12CE0A931D26-SegmentedRaftLogWorker: flushIndex: setUnconditionally 0 -> -1
2023-02-16 16:34:01,979 [pool-275-thread-1] INFO  segmented.SegmentedRaftLogWorker (SegmentedRaftLogWorker.java:lambda$new$0(135)) - 22be8fd8-b8c6-40ff-8f14-846d94d7e632@group-12CE0A931D26-SegmentedRaftLogWorker: safeCacheEvictIndex: setUnconditionally 0 -> -1
2023-02-16 16:34:01,979 [pool-275-thread-1] INFO  server.RaftServer$Division (RaftServerImpl.java:start(334)) - 22be8fd8-b8c6-40ff-8f14-846d94d7e632@group-12CE0A931D26: start as a follower, conf=-1: peers:[22be8fd8-b8c6-40ff-8f14-846d94d7e632|rpc:10.1.0.66:43577|dataStream:10.1.0.66:37909|priority:0|startupRole:FOLLOWER, 640e7d3f-2dbd-4e46-b500-a7d3223ba7d6|rpc:10.1.0.66:35785|dataStream:10.1.0.66:41863|priority:1|startupRole:FOLLOWER, 9f5e5902-bacc-4266-a878-65e39c3ba6e9|rpc:10.1.0.66:37011|dataStream:10.1.0.66:40567|priority:0|startupRole:FOLLOWER]|listeners:[], old=null
2023-02-16 16:34:01,979 [pool-275-thread-1] INFO  server.RaftServer$Division (RaftServerImpl.java:setRole(321)) - 22be8fd8-b8c6-40ff-8f14-846d94d7e632@group-12CE0A931D26: changes role from      null to FOLLOWER at term 0 for startAsFollower
2023-02-16 16:34:01,979 [pool-275-thread-1] INFO  impl.RoleInfo (RoleInfo.java:updateAndGet(139)) - 22be8fd8-b8c6-40ff-8f14-846d94d7e632: start 22be8fd8-b8c6-40ff-8f14-846d94d7e632@group-12CE0A931D26-FollowerState
2023-02-16 16:34:01,984 [pool-275-thread-1] INFO  util.JmxRegister (JmxRegister.java:tryRegister(44)) - Successfully registered JMX Bean with object name Ratis:service=RaftServer,group=group-12CE0A931D26,id=22be8fd8-b8c6-40ff-8f14-846d94d7e632
2023-02-16 16:34:01,984 [pool-275-thread-1] INFO  server.RaftServerConfigKeys (ConfUtils.java:logGet(46)) - raft.server.snapshot.auto.trigger.enabled = true (custom)
2023-02-16 16:34:01,984 [pool-275-thread-1] INFO  server.RaftServerConfigKeys (ConfUtils.java:logGet(46)) - raft.server.snapshot.auto.trigger.threshold = 10000 (custom)
2023-02-16 16:34:01,984 [pool-275-thread-1] INFO  server.RaftServerConfigKeys (ConfUtils.java:logGet(46)) - raft.server.snapshot.retention.file.num = 5 (custom)
2023-02-16 16:34:01,984 [pool-275-thread-1] INFO  server.RaftServerConfigKeys (ConfUtils.java:logGet(46)) - raft.server.log.purge.upto.snapshot.index = false (default)
2023-02-16 16:34:01,985 [22be8fd8-b8c6-40ff-8f14-846d94d7e632@group-12CE0A931D26-FollowerState] INFO  server.RaftServerConfigKeys (ConfUtils.java:logFallback(53)) - raft.server.rpc.first-election.timeout.min = 5s (fallback to raft.server.rpc.timeout.min)
2023-02-16 16:34:01,986 [22be8fd8-b8c6-40ff-8f14-846d94d7e632@group-12CE0A931D26-FollowerState] INFO  server.RaftServerConfigKeys (ConfUtils.java:logFallback(53)) - raft.server.rpc.first-election.timeout.max = 5200ms (fallback to raft.server.rpc.timeout.max)
2023-02-16 16:34:01,986 [Command processor thread] INFO  ratis.XceiverServerRatis (XceiverServerRatis.java:addGroup(807)) - Created group PipelineID=44a1a87c-b549-4b00-ab61-12ce0a931d26
2023-02-16 16:34:01,996 [grpc-default-executor-0] INFO  server.RaftServer (RaftServerProxy.java:addNew(96)) - 640e7d3f-2dbd-4e46-b500-a7d3223ba7d6: addNew group-12CE0A931D26:[22be8fd8-b8c6-40ff-8f14-846d94d7e632|rpc:10.1.0.66:43577|dataStream:10.1.0.66:37909|priority:0|startupRole:FOLLOWER, 640e7d3f-2dbd-4e46-b500-a7d3223ba7d6|rpc:10.1.0.66:35785|dataStream:10.1.0.66:41863|priority:1|startupRole:FOLLOWER, 9f5e5902-bacc-4266-a878-65e39c3ba6e9|rpc:10.1.0.66:37011|dataStream:10.1.0.66:40567|priority:0|startupRole:FOLLOWER] returns group-12CE0A931D26:java.util.concurrent.CompletableFuture@a48c4e5[Not completed]
2023-02-16 16:34:01,997 [pool-297-thread-1] INFO  server.RaftServer$Division (RaftServerImpl.java:<init>(195)) - 640e7d3f-2dbd-4e46-b500-a7d3223ba7d6: new RaftServerImpl for group-12CE0A931D26:[22be8fd8-b8c6-40ff-8f14-846d94d7e632|rpc:10.1.0.66:43577|dataStream:10.1.0.66:37909|priority:0|startupRole:FOLLOWER, 640e7d3f-2dbd-4e46-b500-a7d3223ba7d6|rpc:10.1.0.66:35785|dataStream:10.1.0.66:41863|priority:1|startupRole:FOLLOWER, 9f5e5902-bacc-4266-a878-65e39c3ba6e9|rpc:10.1.0.66:37011|dataStream:10.1.0.66:40567|priority:0|startupRole:FOLLOWER] with ContainerStateMachine:uninitialized
2023-02-16 16:34:01,997 [pool-297-thread-1] INFO  server.RaftServerConfigKeys (ConfUtils.java:logGet(46)) - raft.server.rpc.timeout.min = 5s (custom)
2023-02-16 16:34:01,997 [pool-297-thread-1] INFO  server.RaftServerConfigKeys (ConfUtils.java:logGet(46)) - raft.server.rpc.timeout.max = 5200ms (custom)
2023-02-16 16:34:01,997 [pool-297-thread-1] INFO  server.RaftServerConfigKeys (ConfUtils.java:logGet(46)) - raft.server.rpc.sleep.time = 25ms (default)
2023-02-16 16:34:01,997 [pool-297-thread-1] INFO  server.RaftServerConfigKeys (ConfUtils.java:logGet(46)) - raft.server.rpc.slowness.timeout = 300s (custom)
2023-02-16 16:34:01,997 [pool-297-thread-1] INFO  server.RaftServerConfigKeys (ConfUtils.java:logGet(46)) - raft.server.leaderelection.leader.step-down.wait-time = 10s (default)
2023-02-16 16:34:01,997 [pool-297-thread-1] INFO  server.RaftServerConfigKeys (ConfUtils.java:logGet(46)) - raft.server.sleep.deviation.threshold = 300ms (default)
2023-02-16 16:34:01,997 [pool-297-thread-1] INFO  server.RaftServer$Division (ServerState.java:<init>(118)) - 640e7d3f-2dbd-4e46-b500-a7d3223ba7d6@group-12CE0A931D26: ConfigurationManager, init=-1: peers:[22be8fd8-b8c6-40ff-8f14-846d94d7e632|rpc:10.1.0.66:43577|dataStream:10.1.0.66:37909|priority:0|startupRole:FOLLOWER, 640e7d3f-2dbd-4e46-b500-a7d3223ba7d6|rpc:10.1.0.66:35785|dataStream:10.1.0.66:41863|priority:1|startupRole:FOLLOWER, 9f5e5902-bacc-4266-a878-65e39c3ba6e9|rpc:10.1.0.66:37011|dataStream:10.1.0.66:40567|priority:0|startupRole:FOLLOWER]|listeners:[], old=null, confs=<EMPTY_MAP>
2023-02-16 16:34:01,997 [pool-297-thread-1] INFO  server.RaftServerConfigKeys (ConfUtils.java:logGet(46)) - raft.server.storage.dir = [/home/runner/work/ozone/ozone/hadoop-ozone/integration-test/target/test-dir/MiniOzoneClusterImpl-34b8c8ad-1b7a-4f1a-91f5-8cb1859b150b/datanode-1/data/ratis] (custom)
2023-02-16 16:34:01,997 [pool-297-thread-1] INFO  server.RaftServerConfigKeys (ConfUtils.java:logGet(46)) - raft.server.log.corruption.policy = EXCEPTION (default)
2023-02-16 16:34:01,997 [pool-297-thread-1] INFO  server.RaftServerConfigKeys (ConfUtils.java:logGet(46)) - raft.server.storage.free-space.min = 0MB (=0) (default)
2023-02-16 16:34:01,997 [pool-297-thread-1] INFO  server.RaftServerConfigKeys (ConfUtils.java:logGet(46)) - raft.server.notification.no-leader.timeout = 300s (custom)
2023-02-16 16:34:01,997 [pool-297-thread-1] INFO  server.RaftServerConfigKeys (ConfUtils.java:logGet(46)) - raft.server.retrycache.expirytime = 600000ms (custom)
2023-02-16 16:34:01,997 [pool-297-thread-1] INFO  server.RaftServerConfigKeys (ConfUtils.java:logGet(46)) - raft.server.retrycache.statistics.expirytime = 100μs (default)
2023-02-16 16:34:01,998 [pool-297-thread-1] INFO  server.RaftServerConfigKeys (ConfUtils.java:logGet(46)) - raft.server.log.appender.install.snapshot.enabled = false (custom)
2023-02-16 16:34:01,998 [pool-297-thread-1] INFO  server.RaftServerConfigKeys (ConfUtils.java:logGet(46)) - raft.server.threadpool.server.cached = true (default)
2023-02-16 16:34:01,998 [pool-297-thread-1] INFO  server.RaftServerConfigKeys (ConfUtils.java:logGet(46)) - raft.server.threadpool.server.size = 0 (default)
2023-02-16 16:34:01,998 [pool-297-thread-1] INFO  server.RaftServerConfigKeys (ConfUtils.java:logGet(46)) - raft.server.threadpool.client.cached = true (default)
2023-02-16 16:34:01,998 [pool-297-thread-1] INFO  server.RaftServerConfigKeys (ConfUtils.java:logGet(46)) - raft.server.threadpool.client.size = 0 (default)
2023-02-16 16:34:01,998 [pool-297-thread-1] INFO  storage.RaftStorageDirectory (RaftStorageDirectoryImpl.java:analyzeStorage(137)) - The storage directory /home/runner/work/ozone/ozone/hadoop-ozone/integration-test/target/test-dir/MiniOzoneClusterImpl-34b8c8ad-1b7a-4f1a-91f5-8cb1859b150b/datanode-1/data/ratis/44a1a87c-b549-4b00-ab61-12ce0a931d26 does not exist. Creating ...
2023-02-16 16:34:01,999 [pool-297-thread-1] INFO  storage.RaftStorageDirectory (RaftStorageDirectoryImpl.java:tryLock(231)) - Lock on /home/runner/work/ozone/ozone/hadoop-ozone/integration-test/target/test-dir/MiniOzoneClusterImpl-34b8c8ad-1b7a-4f1a-91f5-8cb1859b150b/datanode-1/data/ratis/44a1a87c-b549-4b00-ab61-12ce0a931d26/in_use.lock acquired by nodename 11092@fv-az167-289
2023-02-16 16:34:02,000 [pool-297-thread-1] INFO  storage.RaftStorage (RaftStorageImpl.java:format(96)) - Storage directory /home/runner/work/ozone/ozone/hadoop-ozone/integration-test/target/test-dir/MiniOzoneClusterImpl-34b8c8ad-1b7a-4f1a-91f5-8cb1859b150b/datanode-1/data/ratis/44a1a87c-b549-4b00-ab61-12ce0a931d26 has been successfully formatted.
2023-02-16 16:34:02,001 [pool-297-thread-1] INFO  ratis.ContainerStateMachine (ContainerStateMachine.java:loadSnapshot(240)) - group-12CE0A931D26: The snapshot info is null. Setting the last applied indexto:(t:0, i:~)
2023-02-16 16:34:02,001 [pool-297-thread-1] INFO  server.RaftServerConfigKeys (ConfUtils.java:logGet(46)) - raft.server.log.use.memory = false (default)
2023-02-16 16:34:02,001 [pool-297-thread-1] INFO  server.RaftServerConfigKeys (ConfUtils.java:logGet(46)) - raft.server.log.purge.gap = 1000000 (custom)
2023-02-16 16:34:02,001 [pool-297-thread-1] INFO  server.RaftServerConfigKeys (ConfUtils.java:logGet(46)) - raft.server.log.appender.buffer.byte-limit = 33554432 (custom)
2023-02-16 16:34:02,001 [pool-297-thread-1] INFO  server.RaftServerConfigKeys (ConfUtils.java:logGet(46)) - raft.server.log.statemachine.data.read.timeout = 1000ms (default)
2023-02-16 16:34:02,001 [pool-297-thread-1] INFO  server.RaftServerConfigKeys (ConfUtils.java:logGet(46)) - raft.server.log.purge.preservation.log.num = 0 (default)
2023-02-16 16:34:02,001 [pool-297-thread-1] INFO  server.RaftServerConfigKeys (ConfUtils.java:logGet(46)) - raft.server.log.segment.size.max = 1048576 (custom)
2023-02-16 16:34:02,001 [pool-297-thread-1] INFO  server.RaftServerConfigKeys (ConfUtils.java:logGet(46)) - raft.server.log.segment.cache.num.max = 2 (custom)
2023-02-16 16:34:02,002 [pool-297-thread-1] INFO  server.RaftServerConfigKeys (ConfUtils.java:logGet(46)) - raft.server.log.segment.cache.size.max = 200MB (=209715200) (default)
2023-02-16 16:34:02,002 [pool-297-thread-1] INFO  segmented.SegmentedRaftLogWorker (SegmentedRaftLogWorker.java:<init>(189)) - new 640e7d3f-2dbd-4e46-b500-a7d3223ba7d6@group-12CE0A931D26-SegmentedRaftLogWorker for RaftStorageImpl:Storage Directory /home/runner/work/ozone/ozone/hadoop-ozone/integration-test/target/test-dir/MiniOzoneClusterImpl-34b8c8ad-1b7a-4f1a-91f5-8cb1859b150b/datanode-1/data/ratis/44a1a87c-b549-4b00-ab61-12ce0a931d26
2023-02-16 16:34:02,002 [pool-297-thread-1] INFO  server.RaftServerConfigKeys (ConfUtils.java:logGet(46)) - raft.server.log.queue.byte-limit = 4294967296 (custom)
2023-02-16 16:34:02,002 [pool-297-thread-1] INFO  server.RaftServerConfigKeys (ConfUtils.java:logGet(46)) - raft.server.log.queue.element-limit = 1024 (custom)
2023-02-16 16:34:02,003 [pool-297-thread-1] INFO  server.RaftServerConfigKeys (ConfUtils.java:logGet(46)) - raft.server.log.segment.size.max = 1048576 (custom)
2023-02-16 16:34:02,003 [pool-297-thread-1] INFO  server.RaftServerConfigKeys (ConfUtils.java:logGet(46)) - raft.server.log.preallocated.size = 16384 (custom)
2023-02-16 16:34:02,003 [pool-297-thread-1] INFO  server.RaftServerConfigKeys (ConfUtils.java:logGet(46)) - raft.server.log.force.sync.num = 128 (default)
2023-02-16 16:34:02,003 [pool-297-thread-1] INFO  server.RaftServerConfigKeys (ConfUtils.java:logGet(46)) - raft.server.log.statemachine.data.sync = true (default)
2023-02-16 16:34:02,003 [pool-297-thread-1] INFO  server.RaftServerConfigKeys (ConfUtils.java:logGet(46)) - raft.server.log.statemachine.data.sync.timeout = 10s (default)
2023-02-16 16:34:02,003 [pool-297-thread-1] INFO  server.RaftServerConfigKeys (ConfUtils.java:logGet(46)) - raft.server.log.statemachine.data.sync.timeout.retry = -1 (default)
2023-02-16 16:34:02,003 [pool-297-thread-1] INFO  server.RaftServerConfigKeys (ConfUtils.java:logGet(46)) - raft.server.log.write.buffer.size = 1048576 (custom)
2023-02-16 16:34:02,004 [pool-297-thread-1] INFO  server.RaftServerConfigKeys (ConfUtils.java:logGet(46)) - raft.server.log.appender.buffer.byte-limit = 33554432 (custom)
2023-02-16 16:34:02,007 [pool-297-thread-1] INFO  server.RaftServerConfigKeys (ConfUtils.java:logGet(46)) - raft.server.log.unsafe-flush.enabled = false (default)
2023-02-16 16:34:02,007 [pool-297-thread-1] INFO  server.RaftServerConfigKeys (ConfUtils.java:logGet(46)) - raft.server.log.async-flush.enabled = false (default)
2023-02-16 16:34:02,007 [pool-297-thread-1] INFO  server.RaftServerConfigKeys (ConfUtils.java:logGet(46)) - raft.server.log.statemachine.data.caching.enabled = true (custom)
2023-02-16 16:34:02,007 [pool-297-thread-1] INFO  segmented.SegmentedRaftLogWorker (SegmentedRaftLogWorker.java:lambda$new$0(135)) - 640e7d3f-2dbd-4e46-b500-a7d3223ba7d6@group-12CE0A931D26-SegmentedRaftLogWorker: flushIndex: setUnconditionally 0 -> -1
2023-02-16 16:34:02,007 [pool-297-thread-1] INFO  segmented.SegmentedRaftLogWorker (SegmentedRaftLogWorker.java:lambda$new$0(135)) - 640e7d3f-2dbd-4e46-b500-a7d3223ba7d6@group-12CE0A931D26-SegmentedRaftLogWorker: safeCacheEvictIndex: setUnconditionally 0 -> -1
2023-02-16 16:34:02,007 [pool-297-thread-1] INFO  server.RaftServer$Division (RaftServerImpl.java:start(334)) - 640e7d3f-2dbd-4e46-b500-a7d3223ba7d6@group-12CE0A931D26: start as a follower, conf=-1: peers:[22be8fd8-b8c6-40ff-8f14-846d94d7e632|rpc:10.1.0.66:43577|dataStream:10.1.0.66:37909|priority:0|startupRole:FOLLOWER, 640e7d3f-2dbd-4e46-b500-a7d3223ba7d6|rpc:10.1.0.66:35785|dataStream:10.1.0.66:41863|priority:1|startupRole:FOLLOWER, 9f5e5902-bacc-4266-a878-65e39c3ba6e9|rpc:10.1.0.66:37011|dataStream:10.1.0.66:40567|priority:0|startupRole:FOLLOWER]|listeners:[], old=null
2023-02-16 16:34:02,007 [pool-297-thread-1] INFO  server.RaftServer$Division (RaftServerImpl.java:setRole(321)) - 640e7d3f-2dbd-4e46-b500-a7d3223ba7d6@group-12CE0A931D26: changes role from      null to FOLLOWER at term 0 for startAsFollower
2023-02-16 16:34:02,007 [pool-297-thread-1] INFO  impl.RoleInfo (RoleInfo.java:updateAndGet(139)) - 640e7d3f-2dbd-4e46-b500-a7d3223ba7d6: start 640e7d3f-2dbd-4e46-b500-a7d3223ba7d6@group-12CE0A931D26-FollowerState
2023-02-16 16:34:02,007 [640e7d3f-2dbd-4e46-b500-a7d3223ba7d6@group-12CE0A931D26-FollowerState] INFO  server.RaftServerConfigKeys (ConfUtils.java:logFallback(53)) - raft.server.rpc.first-election.timeout.min = 5s (fallback to raft.server.rpc.timeout.min)
2023-02-16 16:34:02,008 [pool-297-thread-1] INFO  util.JmxRegister (JmxRegister.java:tryRegister(44)) - Successfully registered JMX Bean with object name Ratis:service=RaftServer,group=group-12CE0A931D26,id=640e7d3f-2dbd-4e46-b500-a7d3223ba7d6
2023-02-16 16:34:02,008 [640e7d3f-2dbd-4e46-b500-a7d3223ba7d6@group-12CE0A931D26-FollowerState] INFO  server.RaftServerConfigKeys (ConfUtils.java:logFallback(53)) - raft.server.rpc.first-election.timeout.max = 5200ms (fallback to raft.server.rpc.timeout.max)
2023-02-16 16:34:02,008 [pool-297-thread-1] INFO  server.RaftServerConfigKeys (ConfUtils.java:logGet(46)) - raft.server.snapshot.auto.trigger.enabled = true (custom)
2023-02-16 16:34:02,008 [pool-297-thread-1] INFO  server.RaftServerConfigKeys (ConfUtils.java:logGet(46)) - raft.server.snapshot.auto.trigger.threshold = 10000 (custom)
2023-02-16 16:34:02,008 [pool-297-thread-1] INFO  server.RaftServerConfigKeys (ConfUtils.java:logGet(46)) - raft.server.snapshot.retention.file.num = 5 (custom)
2023-02-16 16:34:02,008 [pool-297-thread-1] INFO  server.RaftServerConfigKeys (ConfUtils.java:logGet(46)) - raft.server.log.purge.upto.snapshot.index = false (default)
2023-02-16 16:34:02,022 [grpc-default-executor-0] INFO  server.RaftServer (RaftServerProxy.java:addNew(96)) - 9f5e5902-bacc-4266-a878-65e39c3ba6e9: addNew group-12CE0A931D26:[22be8fd8-b8c6-40ff-8f14-846d94d7e632|rpc:10.1.0.66:43577|dataStream:10.1.0.66:37909|priority:0|startupRole:FOLLOWER, 640e7d3f-2dbd-4e46-b500-a7d3223ba7d6|rpc:10.1.0.66:35785|dataStream:10.1.0.66:41863|priority:1|startupRole:FOLLOWER, 9f5e5902-bacc-4266-a878-65e39c3ba6e9|rpc:10.1.0.66:37011|dataStream:10.1.0.66:40567|priority:0|startupRole:FOLLOWER] returns group-12CE0A931D26:java.util.concurrent.CompletableFuture@4eb0d127[Not completed]
2023-02-16 16:34:02,023 [pool-319-thread-1] INFO  server.RaftServer$Division (RaftServerImpl.java:<init>(195)) - 9f5e5902-bacc-4266-a878-65e39c3ba6e9: new RaftServerImpl for group-12CE0A931D26:[22be8fd8-b8c6-40ff-8f14-846d94d7e632|rpc:10.1.0.66:43577|dataStream:10.1.0.66:37909|priority:0|startupRole:FOLLOWER, 640e7d3f-2dbd-4e46-b500-a7d3223ba7d6|rpc:10.1.0.66:35785|dataStream:10.1.0.66:41863|priority:1|startupRole:FOLLOWER, 9f5e5902-bacc-4266-a878-65e39c3ba6e9|rpc:10.1.0.66:37011|dataStream:10.1.0.66:40567|priority:0|startupRole:FOLLOWER] with ContainerStateMachine:uninitialized
2023-02-16 16:34:02,023 [pool-319-thread-1] INFO  server.RaftServerConfigKeys (ConfUtils.java:logGet(46)) - raft.server.rpc.timeout.min = 5s (custom)
2023-02-16 16:34:02,023 [pool-319-thread-1] INFO  server.RaftServerConfigKeys (ConfUtils.java:logGet(46)) - raft.server.rpc.timeout.max = 5200ms (custom)
2023-02-16 16:34:02,023 [pool-319-thread-1] INFO  server.RaftServerConfigKeys (ConfUtils.java:logGet(46)) - raft.server.rpc.sleep.time = 25ms (default)
2023-02-16 16:34:02,023 [pool-319-thread-1] INFO  server.RaftServerConfigKeys (ConfUtils.java:logGet(46)) - raft.server.rpc.slowness.timeout = 300s (custom)
2023-02-16 16:34:02,023 [pool-319-thread-1] INFO  server.RaftServerConfigKeys (ConfUtils.java:logGet(46)) - raft.server.leaderelection.leader.step-down.wait-time = 10s (default)
2023-02-16 16:34:02,023 [pool-319-thread-1] INFO  server.RaftServerConfigKeys (ConfUtils.java:logGet(46)) - raft.server.sleep.deviation.threshold = 300ms (default)
2023-02-16 16:34:02,023 [pool-319-thread-1] INFO  server.RaftServer$Division (ServerState.java:<init>(118)) - 9f5e5902-bacc-4266-a878-65e39c3ba6e9@group-12CE0A931D26: ConfigurationManager, init=-1: peers:[22be8fd8-b8c6-40ff-8f14-846d94d7e632|rpc:10.1.0.66:43577|dataStream:10.1.0.66:37909|priority:0|startupRole:FOLLOWER, 640e7d3f-2dbd-4e46-b500-a7d3223ba7d6|rpc:10.1.0.66:35785|dataStream:10.1.0.66:41863|priority:1|startupRole:FOLLOWER, 9f5e5902-bacc-4266-a878-65e39c3ba6e9|rpc:10.1.0.66:37011|dataStream:10.1.0.66:40567|priority:0|startupRole:FOLLOWER]|listeners:[], old=null, confs=<EMPTY_MAP>
2023-02-16 16:34:02,024 [pool-319-thread-1] INFO  server.RaftServerConfigKeys (ConfUtils.java:logGet(46)) - raft.server.storage.dir = [/home/runner/work/ozone/ozone/hadoop-ozone/integration-test/target/test-dir/MiniOzoneClusterImpl-34b8c8ad-1b7a-4f1a-91f5-8cb1859b150b/datanode-2/data/ratis] (custom)
2023-02-16 16:34:02,024 [pool-319-thread-1] INFO  server.RaftServerConfigKeys (ConfUtils.java:logGet(46)) - raft.server.log.corruption.policy = EXCEPTION (default)
2023-02-16 16:34:02,024 [pool-319-thread-1] INFO  server.RaftServerConfigKeys (ConfUtils.java:logGet(46)) - raft.server.storage.free-space.min = 0MB (=0) (default)
2023-02-16 16:34:02,024 [pool-319-thread-1] INFO  server.RaftServerConfigKeys (ConfUtils.java:logGet(46)) - raft.server.notification.no-leader.timeout = 300s (custom)
2023-02-16 16:34:02,024 [pool-319-thread-1] INFO  server.RaftServerConfigKeys (ConfUtils.java:logGet(46)) - raft.server.retrycache.expirytime = 600000ms (custom)
2023-02-16 16:34:02,024 [pool-319-thread-1] INFO  server.RaftServerConfigKeys (ConfUtils.java:logGet(46)) - raft.server.retrycache.statistics.expirytime = 100μs (default)
2023-02-16 16:34:02,024 [pool-319-thread-1] INFO  server.RaftServerConfigKeys (ConfUtils.java:logGet(46)) - raft.server.log.appender.install.snapshot.enabled = false (custom)
2023-02-16 16:34:02,024 [pool-319-thread-1] INFO  server.RaftServerConfigKeys (ConfUtils.java:logGet(46)) - raft.server.threadpool.server.cached = true (default)
2023-02-16 16:34:02,024 [pool-319-thread-1] INFO  server.RaftServerConfigKeys (ConfUtils.java:logGet(46)) - raft.server.threadpool.server.size = 0 (default)
2023-02-16 16:34:02,025 [pool-319-thread-1] INFO  server.RaftServerConfigKeys (ConfUtils.java:logGet(46)) - raft.server.threadpool.client.cached = true (default)
2023-02-16 16:34:02,025 [pool-319-thread-1] INFO  server.RaftServerConfigKeys (ConfUtils.java:logGet(46)) - raft.server.threadpool.client.size = 0 (default)
2023-02-16 16:34:02,025 [pool-319-thread-1] INFO  storage.RaftStorageDirectory (RaftStorageDirectoryImpl.java:analyzeStorage(137)) - The storage directory /home/runner/work/ozone/ozone/hadoop-ozone/integration-test/target/test-dir/MiniOzoneClusterImpl-34b8c8ad-1b7a-4f1a-91f5-8cb1859b150b/datanode-2/data/ratis/44a1a87c-b549-4b00-ab61-12ce0a931d26 does not exist. Creating ...
2023-02-16 16:34:02,025 [pool-319-thread-1] INFO  storage.RaftStorageDirectory (RaftStorageDirectoryImpl.java:tryLock(231)) - Lock on /home/runner/work/ozone/ozone/hadoop-ozone/integration-test/target/test-dir/MiniOzoneClusterImpl-34b8c8ad-1b7a-4f1a-91f5-8cb1859b150b/datanode-2/data/ratis/44a1a87c-b549-4b00-ab61-12ce0a931d26/in_use.lock acquired by nodename 11092@fv-az167-289
2023-02-16 16:34:02,026 [pool-319-thread-1] INFO  storage.RaftStorage (RaftStorageImpl.java:format(96)) - Storage directory /home/runner/work/ozone/ozone/hadoop-ozone/integration-test/target/test-dir/MiniOzoneClusterImpl-34b8c8ad-1b7a-4f1a-91f5-8cb1859b150b/datanode-2/data/ratis/44a1a87c-b549-4b00-ab61-12ce0a931d26 has been successfully formatted.
2023-02-16 16:34:02,026 [pool-319-thread-1] INFO  ratis.ContainerStateMachine (ContainerStateMachine.java:loadSnapshot(240)) - group-12CE0A931D26: The snapshot info is null. Setting the last applied indexto:(t:0, i:~)
2023-02-16 16:34:02,027 [pool-319-thread-1] INFO  server.RaftServerConfigKeys (ConfUtils.java:logGet(46)) - raft.server.log.use.memory = false (default)
2023-02-16 16:34:02,027 [pool-319-thread-1] INFO  server.RaftServerConfigKeys (ConfUtils.java:logGet(46)) - raft.server.log.purge.gap = 1000000 (custom)
2023-02-16 16:34:02,027 [pool-319-thread-1] INFO  server.RaftServerConfigKeys (ConfUtils.java:logGet(46)) - raft.server.log.appender.buffer.byte-limit = 33554432 (custom)
2023-02-16 16:34:02,027 [pool-319-thread-1] INFO  server.RaftServerConfigKeys (ConfUtils.java:logGet(46)) - raft.server.log.statemachine.data.read.timeout = 1000ms (default)
2023-02-16 16:34:02,027 [pool-319-thread-1] INFO  server.RaftServerConfigKeys (ConfUtils.java:logGet(46)) - raft.server.log.purge.preservation.log.num = 0 (default)
2023-02-16 16:34:02,027 [pool-319-thread-1] INFO  server.RaftServerConfigKeys (ConfUtils.java:logGet(46)) - raft.server.log.segment.size.max = 1048576 (custom)
2023-02-16 16:34:02,027 [pool-319-thread-1] INFO  server.RaftServerConfigKeys (ConfUtils.java:logGet(46)) - raft.server.log.segment.cache.num.max = 2 (custom)
2023-02-16 16:34:02,027 [pool-319-thread-1] INFO  server.RaftServerConfigKeys (ConfUtils.java:logGet(46)) - raft.server.log.segment.cache.size.max = 200MB (=209715200) (default)
2023-02-16 16:34:02,027 [pool-319-thread-1] INFO  segmented.SegmentedRaftLogWorker (SegmentedRaftLogWorker.java:<init>(189)) - new 9f5e5902-bacc-4266-a878-65e39c3ba6e9@group-12CE0A931D26-SegmentedRaftLogWorker for RaftStorageImpl:Storage Directory /home/runner/work/ozone/ozone/hadoop-ozone/integration-test/target/test-dir/MiniOzoneClusterImpl-34b8c8ad-1b7a-4f1a-91f5-8cb1859b150b/datanode-2/data/ratis/44a1a87c-b549-4b00-ab61-12ce0a931d26
2023-02-16 16:34:02,027 [pool-319-thread-1] INFO  server.RaftServerConfigKeys (ConfUtils.java:logGet(46)) - raft.server.log.queue.byte-limit = 4294967296 (custom)
2023-02-16 16:34:02,027 [pool-319-thread-1] INFO  server.RaftServerConfigKeys (ConfUtils.java:logGet(46)) - raft.server.log.queue.element-limit = 1024 (custom)
2023-02-16 16:34:02,027 [pool-319-thread-1] INFO  server.RaftServerConfigKeys (ConfUtils.java:logGet(46)) - raft.server.log.segment.size.max = 1048576 (custom)
2023-02-16 16:34:02,027 [pool-319-thread-1] INFO  server.RaftServerConfigKeys (ConfUtils.java:logGet(46)) - raft.server.log.preallocated.size = 16384 (custom)
2023-02-16 16:34:02,027 [pool-319-thread-1] INFO  server.RaftServerConfigKeys (ConfUtils.java:logGet(46)) - raft.server.log.force.sync.num = 128 (default)
2023-02-16 16:34:02,027 [pool-319-thread-1] INFO  server.RaftServerConfigKeys (ConfUtils.java:logGet(46)) - raft.server.log.statemachine.data.sync = true (default)
2023-02-16 16:34:02,027 [pool-319-thread-1] INFO  server.RaftServerConfigKeys (ConfUtils.java:logGet(46)) - raft.server.log.statemachine.data.sync.timeout = 10s (default)
2023-02-16 16:34:02,027 [pool-319-thread-1] INFO  server.RaftServerConfigKeys (ConfUtils.java:logGet(46)) - raft.server.log.statemachine.data.sync.timeout.retry = -1 (default)
2023-02-16 16:34:02,028 [pool-319-thread-1] INFO  server.RaftServerConfigKeys (ConfUtils.java:logGet(46)) - raft.server.log.write.buffer.size = 1048576 (custom)
2023-02-16 16:34:02,028 [pool-319-thread-1] INFO  server.RaftServerConfigKeys (ConfUtils.java:logGet(46)) - raft.server.log.appender.buffer.byte-limit = 33554432 (custom)
2023-02-16 16:34:02,032 [pool-319-thread-1] INFO  server.RaftServerConfigKeys (ConfUtils.java:logGet(46)) - raft.server.log.unsafe-flush.enabled = false (default)
2023-02-16 16:34:02,032 [pool-319-thread-1] INFO  server.RaftServerConfigKeys (ConfUtils.java:logGet(46)) - raft.server.log.async-flush.enabled = false (default)
2023-02-16 16:34:02,032 [pool-319-thread-1] INFO  server.RaftServerConfigKeys (ConfUtils.java:logGet(46)) - raft.server.log.statemachine.data.caching.enabled = true (custom)
2023-02-16 16:34:02,033 [pool-319-thread-1] INFO  segmented.SegmentedRaftLogWorker (SegmentedRaftLogWorker.java:lambda$new$0(135)) - 9f5e5902-bacc-4266-a878-65e39c3ba6e9@group-12CE0A931D26-SegmentedRaftLogWorker: flushIndex: setUnconditionally 0 -> -1
2023-02-16 16:34:02,033 [pool-319-thread-1] INFO  segmented.SegmentedRaftLogWorker (SegmentedRaftLogWorker.java:lambda$new$0(135)) - 9f5e5902-bacc-4266-a878-65e39c3ba6e9@group-12CE0A931D26-SegmentedRaftLogWorker: safeCacheEvictIndex: setUnconditionally 0 -> -1
2023-02-16 16:34:02,033 [pool-319-thread-1] INFO  server.RaftServer$Division (RaftServerImpl.java:start(334)) - 9f5e5902-bacc-4266-a878-65e39c3ba6e9@group-12CE0A931D26: start as a follower, conf=-1: peers:[22be8fd8-b8c6-40ff-8f14-846d94d7e632|rpc:10.1.0.66:43577|dataStream:10.1.0.66:37909|priority:0|startupRole:FOLLOWER, 640e7d3f-2dbd-4e46-b500-a7d3223ba7d6|rpc:10.1.0.66:35785|dataStream:10.1.0.66:41863|priority:1|startupRole:FOLLOWER, 9f5e5902-bacc-4266-a878-65e39c3ba6e9|rpc:10.1.0.66:37011|dataStream:10.1.0.66:40567|priority:0|startupRole:FOLLOWER]|listeners:[], old=null
2023-02-16 16:34:02,033 [pool-319-thread-1] INFO  server.RaftServer$Division (RaftServerImpl.java:setRole(321)) - 9f5e5902-bacc-4266-a878-65e39c3ba6e9@group-12CE0A931D26: changes role from      null to FOLLOWER at term 0 for startAsFollower
2023-02-16 16:34:02,033 [pool-319-thread-1] INFO  impl.RoleInfo (RoleInfo.java:updateAndGet(139)) - 9f5e5902-bacc-4266-a878-65e39c3ba6e9: start 9f5e5902-bacc-4266-a878-65e39c3ba6e9@group-12CE0A931D26-FollowerState
2023-02-16 16:34:02,038 [pool-319-thread-1] INFO  util.JmxRegister (JmxRegister.java:tryRegister(44)) - Successfully registered JMX Bean with object name Ratis:service=RaftServer,group=group-12CE0A931D26,id=9f5e5902-bacc-4266-a878-65e39c3ba6e9
2023-02-16 16:34:02,038 [pool-319-thread-1] INFO  server.RaftServerConfigKeys (ConfUtils.java:logGet(46)) - raft.server.snapshot.auto.trigger.enabled = true (custom)
2023-02-16 16:34:02,038 [pool-319-thread-1] INFO  server.RaftServerConfigKeys (ConfUtils.java:logGet(46)) - raft.server.snapshot.auto.trigger.threshold = 10000 (custom)
2023-02-16 16:34:02,038 [pool-319-thread-1] INFO  server.RaftServerConfigKeys (ConfUtils.java:logGet(46)) - raft.server.snapshot.retention.file.num = 5 (custom)
2023-02-16 16:34:02,038 [pool-319-thread-1] INFO  server.RaftServerConfigKeys (ConfUtils.java:logGet(46)) - raft.server.log.purge.upto.snapshot.index = false (default)
2023-02-16 16:34:02,038 [9f5e5902-bacc-4266-a878-65e39c3ba6e9@group-12CE0A931D26-FollowerState] INFO  server.RaftServerConfigKeys (ConfUtils.java:logFallback(53)) - raft.server.rpc.first-election.timeout.min = 5s (fallback to raft.server.rpc.timeout.min)
2023-02-16 16:34:02,052 [9f5e5902-bacc-4266-a878-65e39c3ba6e9@group-12CE0A931D26-FollowerState] INFO  server.RaftServerConfigKeys (ConfUtils.java:logFallback(53)) - raft.server.rpc.first-election.timeout.max = 5200ms (fallback to raft.server.rpc.timeout.max)
2023-02-16 16:34:02,053 [Command processor thread] INFO  commandhandler.CreatePipelineCommandHandler (CreatePipelineCommandHandler.java:handle(113)) - Created Pipeline RATIS THREE PipelineID=44a1a87c-b549-4b00-ab61-12ce0a931d26.
2023-02-16 16:34:02,167 [Command processor thread] INFO  server.RaftServer (RaftServerProxy.java:addNew(96)) - 640e7d3f-2dbd-4e46-b500-a7d3223ba7d6: addNew group-FBABD7246533:[640e7d3f-2dbd-4e46-b500-a7d3223ba7d6|rpc:10.1.0.66:35785|dataStream:10.1.0.66:41863|priority:1|startupRole:FOLLOWER] returns group-FBABD7246533:java.util.concurrent.CompletableFuture@495a821c[Not completed]
2023-02-16 16:34:02,168 [pool-297-thread-1] INFO  server.RaftServer$Division (RaftServerImpl.java:<init>(195)) - 640e7d3f-2dbd-4e46-b500-a7d3223ba7d6: new RaftServerImpl for group-FBABD7246533:[640e7d3f-2dbd-4e46-b500-a7d3223ba7d6|rpc:10.1.0.66:35785|dataStream:10.1.0.66:41863|priority:1|startupRole:FOLLOWER] with ContainerStateMachine:uninitialized
2023-02-16 16:34:02,168 [pool-297-thread-1] INFO  server.RaftServerConfigKeys (ConfUtils.java:logGet(46)) - raft.server.rpc.timeout.min = 5s (custom)
2023-02-16 16:34:02,168 [pool-297-thread-1] INFO  server.RaftServerConfigKeys (ConfUtils.java:logGet(46)) - raft.server.rpc.timeout.max = 5200ms (custom)
2023-02-16 16:34:02,168 [pool-297-thread-1] INFO  server.RaftServerConfigKeys (ConfUtils.java:logGet(46)) - raft.server.rpc.sleep.time = 25ms (default)
2023-02-16 16:34:02,168 [pool-297-thread-1] INFO  server.RaftServerConfigKeys (ConfUtils.java:logGet(46)) - raft.server.rpc.slowness.timeout = 300s (custom)
2023-02-16 16:34:02,168 [pool-297-thread-1] INFO  server.RaftServerConfigKeys (ConfUtils.java:logGet(46)) - raft.server.leaderelection.leader.step-down.wait-time = 10s (default)
2023-02-16 16:34:02,168 [pool-297-thread-1] INFO  server.RaftServerConfigKeys (ConfUtils.java:logGet(46)) - raft.server.sleep.deviation.threshold = 300ms (default)
2023-02-16 16:34:02,168 [pool-297-thread-1] INFO  server.RaftServer$Division (ServerState.java:<init>(118)) - 640e7d3f-2dbd-4e46-b500-a7d3223ba7d6@group-FBABD7246533: ConfigurationManager, init=-1: peers:[640e7d3f-2dbd-4e46-b500-a7d3223ba7d6|rpc:10.1.0.66:35785|dataStream:10.1.0.66:41863|priority:1|startupRole:FOLLOWER]|listeners:[], old=null, confs=<EMPTY_MAP>
2023-02-16 16:34:02,168 [pool-297-thread-1] INFO  server.RaftServerConfigKeys (ConfUtils.java:logGet(46)) - raft.server.storage.dir = [/home/runner/work/ozone/ozone/hadoop-ozone/integration-test/target/test-dir/MiniOzoneClusterImpl-34b8c8ad-1b7a-4f1a-91f5-8cb1859b150b/datanode-1/data/ratis] (custom)
2023-02-16 16:34:02,168 [pool-297-thread-1] INFO  server.RaftServerConfigKeys (ConfUtils.java:logGet(46)) - raft.server.log.corruption.policy = EXCEPTION (default)
2023-02-16 16:34:02,168 [pool-297-thread-1] INFO  server.RaftServerConfigKeys (ConfUtils.java:logGet(46)) - raft.server.storage.free-space.min = 0MB (=0) (default)
2023-02-16 16:34:02,168 [pool-297-thread-1] INFO  server.RaftServerConfigKeys (ConfUtils.java:logGet(46)) - raft.server.notification.no-leader.timeout = 300s (custom)
2023-02-16 16:34:02,168 [pool-297-thread-1] INFO  server.RaftServerConfigKeys (ConfUtils.java:logGet(46)) - raft.server.retrycache.expirytime = 600000ms (custom)
2023-02-16 16:34:02,168 [pool-297-thread-1] INFO  server.RaftServerConfigKeys (ConfUtils.java:logGet(46)) - raft.server.retrycache.statistics.expirytime = 100μs (default)
2023-02-16 16:34:02,169 [pool-297-thread-1] INFO  server.RaftServerConfigKeys (ConfUtils.java:logGet(46)) - raft.server.log.appender.install.snapshot.enabled = false (custom)
2023-02-16 16:34:02,169 [pool-297-thread-1] INFO  server.RaftServerConfigKeys (ConfUtils.java:logGet(46)) - raft.server.threadpool.server.cached = true (default)
2023-02-16 16:34:02,169 [pool-297-thread-1] INFO  server.RaftServerConfigKeys (ConfUtils.java:logGet(46)) - raft.server.threadpool.server.size = 0 (default)
2023-02-16 16:34:02,169 [pool-297-thread-1] INFO  server.RaftServerConfigKeys (ConfUtils.java:logGet(46)) - raft.server.threadpool.client.cached = true (default)
2023-02-16 16:34:02,169 [pool-297-thread-1] INFO  server.RaftServerConfigKeys (ConfUtils.java:logGet(46)) - raft.server.threadpool.client.size = 0 (default)
2023-02-16 16:34:02,169 [pool-297-thread-1] INFO  storage.RaftStorageDirectory (RaftStorageDirectoryImpl.java:analyzeStorage(137)) - The storage directory /home/runner/work/ozone/ozone/hadoop-ozone/integration-test/target/test-dir/MiniOzoneClusterImpl-34b8c8ad-1b7a-4f1a-91f5-8cb1859b150b/datanode-1/data/ratis/45cb45bc-af0c-44b4-bd47-fbabd7246533 does not exist. Creating ...
2023-02-16 16:34:02,170 [pool-297-thread-1] INFO  storage.RaftStorageDirectory (RaftStorageDirectoryImpl.java:tryLock(231)) - Lock on /home/runner/work/ozone/ozone/hadoop-ozone/integration-test/target/test-dir/MiniOzoneClusterImpl-34b8c8ad-1b7a-4f1a-91f5-8cb1859b150b/datanode-1/data/ratis/45cb45bc-af0c-44b4-bd47-fbabd7246533/in_use.lock acquired by nodename 11092@fv-az167-289
2023-02-16 16:34:02,171 [pool-297-thread-1] INFO  storage.RaftStorage (RaftStorageImpl.java:format(96)) - Storage directory /home/runner/work/ozone/ozone/hadoop-ozone/integration-test/target/test-dir/MiniOzoneClusterImpl-34b8c8ad-1b7a-4f1a-91f5-8cb1859b150b/datanode-1/data/ratis/45cb45bc-af0c-44b4-bd47-fbabd7246533 has been successfully formatted.
2023-02-16 16:34:02,171 [pool-297-thread-1] INFO  ratis.ContainerStateMachine (ContainerStateMachine.java:loadSnapshot(240)) - group-FBABD7246533: The snapshot info is null. Setting the last applied indexto:(t:0, i:~)
2023-02-16 16:34:02,172 [pool-297-thread-1] INFO  server.RaftServerConfigKeys (ConfUtils.java:logGet(46)) - raft.server.log.use.memory = false (default)
2023-02-16 16:34:02,172 [pool-297-thread-1] INFO  server.RaftServerConfigKeys (ConfUtils.java:logGet(46)) - raft.server.log.purge.gap = 1000000 (custom)
2023-02-16 16:34:02,173 [EventQueue-PipelineReportForPipelineReportHandler] INFO  pipeline.PipelineManagerImpl (PipelineManagerImpl.java:openPipeline(367)) - Pipeline Pipeline[ Id: 45cb45bc-af0c-44b4-bd47-fbabd7246533, Nodes: 640e7d3f-2dbd-4e46-b500-a7d3223ba7d6(fv-az167-289.21ktoceh2wee5fewwtpg1zd01g.bx.internal.cloudapp.net/10.1.0.66), ReplicationConfig: RATIS/ONE, State:ALLOCATED, leaderId:640e7d3f-2dbd-4e46-b500-a7d3223ba7d6, CreationTimestamp2023-02-16T16:33:59.169Z[Etc/UTC]] moved to OPEN state
2023-02-16 16:34:02,174 [EventQueue-OpenPipelineForHealthyPipelineSafeModeRule] INFO  safemode.SCMSafeModeManager (HealthyPipelineSafeModeRule.java:process(137)) - SCM in safe mode. Healthy pipelines reported count is 0, required healthy pipeline reported count is 1
2023-02-16 16:34:02,174 [pool-297-thread-1] INFO  server.RaftServerConfigKeys (ConfUtils.java:logGet(46)) - raft.server.log.appender.buffer.byte-limit = 33554432 (custom)
2023-02-16 16:34:02,174 [pool-297-thread-1] INFO  server.RaftServerConfigKeys (ConfUtils.java:logGet(46)) - raft.server.log.statemachine.data.read.timeout = 1000ms (default)
2023-02-16 16:34:02,174 [pool-297-thread-1] INFO  server.RaftServerConfigKeys (ConfUtils.java:logGet(46)) - raft.server.log.purge.preservation.log.num = 0 (default)
2023-02-16 16:34:02,174 [pool-297-thread-1] INFO  server.RaftServerConfigKeys (ConfUtils.java:logGet(46)) - raft.server.log.segment.size.max = 1048576 (custom)
2023-02-16 16:34:02,175 [pool-297-thread-1] INFO  server.RaftServerConfigKeys (ConfUtils.java:logGet(46)) - raft.server.log.segment.cache.num.max = 2 (custom)
2023-02-16 16:34:02,175 [pool-297-thread-1] INFO  server.RaftServerConfigKeys (ConfUtils.java:logGet(46)) - raft.server.log.segment.cache.size.max = 200MB (=209715200) (default)
2023-02-16 16:34:02,175 [pool-297-thread-1] INFO  segmented.SegmentedRaftLogWorker (SegmentedRaftLogWorker.java:<init>(189)) - new 640e7d3f-2dbd-4e46-b500-a7d3223ba7d6@group-FBABD7246533-SegmentedRaftLogWorker for RaftStorageImpl:Storage Directory /home/runner/work/ozone/ozone/hadoop-ozone/integration-test/target/test-dir/MiniOzoneClusterImpl-34b8c8ad-1b7a-4f1a-91f5-8cb1859b150b/datanode-1/data/ratis/45cb45bc-af0c-44b4-bd47-fbabd7246533
2023-02-16 16:34:02,175 [pool-297-thread-1] INFO  server.RaftServerConfigKeys (ConfUtils.java:logGet(46)) - raft.server.log.queue.byte-limit = 4294967296 (custom)
2023-02-16 16:34:02,175 [pool-297-thread-1] INFO  server.RaftServerConfigKeys (ConfUtils.java:logGet(46)) - raft.server.log.queue.element-limit = 1024 (custom)
2023-02-16 16:34:02,175 [pool-297-thread-1] INFO  server.RaftServerConfigKeys (ConfUtils.java:logGet(46)) - raft.server.log.segment.size.max = 1048576 (custom)
2023-02-16 16:34:02,175 [pool-297-thread-1] INFO  server.RaftServerConfigKeys (ConfUtils.java:logGet(46)) - raft.server.log.preallocated.size = 16384 (custom)
2023-02-16 16:34:02,175 [pool-297-thread-1] INFO  server.RaftServerConfigKeys (ConfUtils.java:logGet(46)) - raft.server.log.force.sync.num = 128 (default)
2023-02-16 16:34:02,175 [pool-297-thread-1] INFO  server.RaftServerConfigKeys (ConfUtils.java:logGet(46)) - raft.server.log.statemachine.data.sync = true (default)
2023-02-16 16:34:02,175 [pool-297-thread-1] INFO  server.RaftServerConfigKeys (ConfUtils.java:logGet(46)) - raft.server.log.statemachine.data.sync.timeout = 10s (default)
2023-02-16 16:34:02,175 [pool-297-thread-1] INFO  server.RaftServerConfigKeys (ConfUtils.java:logGet(46)) - raft.server.log.statemachine.data.sync.timeout.retry = -1 (default)
2023-02-16 16:34:02,175 [pool-297-thread-1] INFO  server.RaftServerConfigKeys (ConfUtils.java:logGet(46)) - raft.server.log.write.buffer.size = 1048576 (custom)
2023-02-16 16:34:02,176 [pool-297-thread-1] INFO  server.RaftServerConfigKeys (ConfUtils.java:logGet(46)) - raft.server.log.appender.buffer.byte-limit = 33554432 (custom)
2023-02-16 16:34:02,179 [pool-297-thread-1] INFO  server.RaftServerConfigKeys (ConfUtils.java:logGet(46)) - raft.server.log.unsafe-flush.enabled = false (default)
2023-02-16 16:34:02,179 [pool-297-thread-1] INFO  server.RaftServerConfigKeys (ConfUtils.java:logGet(46)) - raft.server.log.async-flush.enabled = false (default)
2023-02-16 16:34:02,179 [pool-297-thread-1] INFO  server.RaftServerConfigKeys (ConfUtils.java:logGet(46)) - raft.server.log.statemachine.data.caching.enabled = true (custom)
2023-02-16 16:34:02,179 [pool-297-thread-1] INFO  segmented.SegmentedRaftLogWorker (SegmentedRaftLogWorker.java:lambda$new$0(135)) - 640e7d3f-2dbd-4e46-b500-a7d3223ba7d6@group-FBABD7246533-SegmentedRaftLogWorker: flushIndex: setUnconditionally 0 -> -1
2023-02-16 16:34:02,179 [pool-297-thread-1] INFO  segmented.SegmentedRaftLogWorker (SegmentedRaftLogWorker.java:lambda$new$0(135)) - 640e7d3f-2dbd-4e46-b500-a7d3223ba7d6@group-FBABD7246533-SegmentedRaftLogWorker: safeCacheEvictIndex: setUnconditionally 0 -> -1
2023-02-16 16:34:02,179 [pool-297-thread-1] INFO  server.RaftServer$Division (RaftServerImpl.java:start(334)) - 640e7d3f-2dbd-4e46-b500-a7d3223ba7d6@group-FBABD7246533: start as a follower, conf=-1: peers:[640e7d3f-2dbd-4e46-b500-a7d3223ba7d6|rpc:10.1.0.66:35785|dataStream:10.1.0.66:41863|priority:1|startupRole:FOLLOWER]|listeners:[], old=null
2023-02-16 16:34:02,179 [pool-297-thread-1] INFO  server.RaftServer$Division (RaftServerImpl.java:setRole(321)) - 640e7d3f-2dbd-4e46-b500-a7d3223ba7d6@group-FBABD7246533: changes role from      null to FOLLOWER at term 0 for startAsFollower
2023-02-16 16:34:02,179 [pool-297-thread-1] INFO  impl.RoleInfo (RoleInfo.java:updateAndGet(139)) - 640e7d3f-2dbd-4e46-b500-a7d3223ba7d6: start 640e7d3f-2dbd-4e46-b500-a7d3223ba7d6@group-FBABD7246533-FollowerState
2023-02-16 16:34:02,179 [640e7d3f-2dbd-4e46-b500-a7d3223ba7d6@group-FBABD7246533-FollowerState] INFO  server.RaftServerConfigKeys (ConfUtils.java:logFallback(53)) - raft.server.rpc.first-election.timeout.min = 5s (fallback to raft.server.rpc.timeout.min)
2023-02-16 16:34:02,184 [pool-297-thread-1] INFO  util.JmxRegister (JmxRegister.java:tryRegister(44)) - Successfully registered JMX Bean with object name Ratis:service=RaftServer,group=group-FBABD7246533,id=640e7d3f-2dbd-4e46-b500-a7d3223ba7d6
2023-02-16 16:34:02,184 [pool-297-thread-1] INFO  server.RaftServerConfigKeys (ConfUtils.java:logGet(46)) - raft.server.snapshot.auto.trigger.enabled = true (custom)
2023-02-16 16:34:02,184 [pool-297-thread-1] INFO  server.RaftServerConfigKeys (ConfUtils.java:logGet(46)) - raft.server.snapshot.auto.trigger.threshold = 10000 (custom)
2023-02-16 16:34:02,184 [pool-297-thread-1] INFO  server.RaftServerConfigKeys (ConfUtils.java:logGet(46)) - raft.server.snapshot.retention.file.num = 5 (custom)
2023-02-16 16:34:02,185 [pool-297-thread-1] INFO  server.RaftServerConfigKeys (ConfUtils.java:logGet(46)) - raft.server.log.purge.upto.snapshot.index = false (default)
2023-02-16 16:34:02,185 [640e7d3f-2dbd-4e46-b500-a7d3223ba7d6@group-FBABD7246533-FollowerState] INFO  server.RaftServerConfigKeys (ConfUtils.java:logFallback(53)) - raft.server.rpc.first-election.timeout.max = 5200ms (fallback to raft.server.rpc.timeout.max)
2023-02-16 16:34:02,185 [Command processor thread] INFO  ratis.XceiverServerRatis (XceiverServerRatis.java:addGroup(807)) - Created group PipelineID=45cb45bc-af0c-44b4-bd47-fbabd7246533
2023-02-16 16:34:02,185 [Command processor thread] INFO  commandhandler.CreatePipelineCommandHandler (CreatePipelineCommandHandler.java:handle(113)) - Created Pipeline RATIS ONE PipelineID=45cb45bc-af0c-44b4-bd47-fbabd7246533.
2023-02-16 16:34:02,201 [Listener at 127.0.0.1/46781] INFO  ozone.MiniOzoneClusterImpl (MiniOzoneClusterImpl.java:lambda$waitForClusterToBeReady$0(218)) - Nodes are ready. Got 5 of 5 DN Heartbeats.
2023-02-16 16:34:02,201 [Listener at 127.0.0.1/46781] INFO  ozone.MiniOzoneClusterImpl (MiniOzoneClusterImpl.java:lambda$waitForClusterToBeReady$0(221)) - Waiting for cluster to exit safe mode
2023-02-16 16:34:02,201 [Listener at 127.0.0.1/46781] INFO  ozone.MiniOzoneClusterImpl (MiniOzoneClusterImpl.java:lambda$waitForClusterToBeReady$0(223)) - SCM became leader
2023-02-16 16:34:02,506 [Command processor thread] INFO  server.RaftServer (RaftServerProxy.java:addNew(96)) - 9f5e5902-bacc-4266-a878-65e39c3ba6e9: addNew group-FA83168F6569:[9f5e5902-bacc-4266-a878-65e39c3ba6e9|rpc:10.1.0.66:37011|dataStream:10.1.0.66:40567|priority:1|startupRole:FOLLOWER] returns group-FA83168F6569:java.util.concurrent.CompletableFuture@3fb2c151[Not completed]
2023-02-16 16:34:02,507 [pool-319-thread-1] INFO  server.RaftServer$Division (RaftServerImpl.java:<init>(195)) - 9f5e5902-bacc-4266-a878-65e39c3ba6e9: new RaftServerImpl for group-FA83168F6569:[9f5e5902-bacc-4266-a878-65e39c3ba6e9|rpc:10.1.0.66:37011|dataStream:10.1.0.66:40567|priority:1|startupRole:FOLLOWER] with ContainerStateMachine:uninitialized
2023-02-16 16:34:02,507 [pool-319-thread-1] INFO  server.RaftServerConfigKeys (ConfUtils.java:logGet(46)) - raft.server.rpc.timeout.min = 5s (custom)
2023-02-16 16:34:02,507 [pool-319-thread-1] INFO  server.RaftServerConfigKeys (ConfUtils.java:logGet(46)) - raft.server.rpc.timeout.max = 5200ms (custom)
2023-02-16 16:34:02,507 [pool-319-thread-1] INFO  server.RaftServerConfigKeys (ConfUtils.java:logGet(46)) - raft.server.rpc.sleep.time = 25ms (default)
2023-02-16 16:34:02,507 [pool-319-thread-1] INFO  server.RaftServerConfigKeys (ConfUtils.java:logGet(46)) - raft.server.rpc.slowness.timeout = 300s (custom)
2023-02-16 16:34:02,507 [pool-319-thread-1] INFO  server.RaftServerConfigKeys (ConfUtils.java:logGet(46)) - raft.server.leaderelection.leader.step-down.wait-time = 10s (default)
2023-02-16 16:34:02,507 [pool-319-thread-1] INFO  server.RaftServerConfigKeys (ConfUtils.java:logGet(46)) - raft.server.sleep.deviation.threshold = 300ms (default)
2023-02-16 16:34:02,508 [pool-319-thread-1] INFO  server.RaftServer$Division (ServerState.java:<init>(118)) - 9f5e5902-bacc-4266-a878-65e39c3ba6e9@group-FA83168F6569: ConfigurationManager, init=-1: peers:[9f5e5902-bacc-4266-a878-65e39c3ba6e9|rpc:10.1.0.66:37011|dataStream:10.1.0.66:40567|priority:1|startupRole:FOLLOWER]|listeners:[], old=null, confs=<EMPTY_MAP>
2023-02-16 16:34:02,508 [pool-319-thread-1] INFO  server.RaftServerConfigKeys (ConfUtils.java:logGet(46)) - raft.server.storage.dir = [/home/runner/work/ozone/ozone/hadoop-ozone/integration-test/target/test-dir/MiniOzoneClusterImpl-34b8c8ad-1b7a-4f1a-91f5-8cb1859b150b/datanode-2/data/ratis] (custom)
2023-02-16 16:34:02,508 [pool-319-thread-1] INFO  server.RaftServerConfigKeys (ConfUtils.java:logGet(46)) - raft.server.log.corruption.policy = EXCEPTION (default)
2023-02-16 16:34:02,508 [pool-319-thread-1] INFO  server.RaftServerConfigKeys (ConfUtils.java:logGet(46)) - raft.server.storage.free-space.min = 0MB (=0) (default)
2023-02-16 16:34:02,508 [pool-319-thread-1] INFO  server.RaftServerConfigKeys (ConfUtils.java:logGet(46)) - raft.server.notification.no-leader.timeout = 300s (custom)
2023-02-16 16:34:02,508 [pool-319-thread-1] INFO  server.RaftServerConfigKeys (ConfUtils.java:logGet(46)) - raft.server.retrycache.expirytime = 600000ms (custom)
2023-02-16 16:34:02,508 [pool-319-thread-1] INFO  server.RaftServerConfigKeys (ConfUtils.java:logGet(46)) - raft.server.retrycache.statistics.expirytime = 100μs (default)
2023-02-16 16:34:02,509 [pool-319-thread-1] INFO  server.RaftServerConfigKeys (ConfUtils.java:logGet(46)) - raft.server.log.appender.install.snapshot.enabled = false (custom)
2023-02-16 16:34:02,509 [pool-319-thread-1] INFO  server.RaftServerConfigKeys (ConfUtils.java:logGet(46)) - raft.server.threadpool.server.cached = true (default)
2023-02-16 16:34:02,509 [pool-319-thread-1] INFO  server.RaftServerConfigKeys (ConfUtils.java:logGet(46)) - raft.server.threadpool.server.size = 0 (default)
2023-02-16 16:34:02,509 [pool-319-thread-1] INFO  server.RaftServerConfigKeys (ConfUtils.java:logGet(46)) - raft.server.threadpool.client.cached = true (default)
2023-02-16 16:34:02,509 [pool-319-thread-1] INFO  server.RaftServerConfigKeys (ConfUtils.java:logGet(46)) - raft.server.threadpool.client.size = 0 (default)
2023-02-16 16:34:02,509 [pool-319-thread-1] INFO  storage.RaftStorageDirectory (RaftStorageDirectoryImpl.java:analyzeStorage(137)) - The storage directory /home/runner/work/ozone/ozone/hadoop-ozone/integration-test/target/test-dir/MiniOzoneClusterImpl-34b8c8ad-1b7a-4f1a-91f5-8cb1859b150b/datanode-2/data/ratis/889eb252-96cc-471f-ad78-fa83168f6569 does not exist. Creating ...
2023-02-16 16:34:02,510 [pool-319-thread-1] INFO  storage.RaftStorageDirectory (RaftStorageDirectoryImpl.java:tryLock(231)) - Lock on /home/runner/work/ozone/ozone/hadoop-ozone/integration-test/target/test-dir/MiniOzoneClusterImpl-34b8c8ad-1b7a-4f1a-91f5-8cb1859b150b/datanode-2/data/ratis/889eb252-96cc-471f-ad78-fa83168f6569/in_use.lock acquired by nodename 11092@fv-az167-289
2023-02-16 16:34:02,511 [pool-319-thread-1] INFO  storage.RaftStorage (RaftStorageImpl.java:format(96)) - Storage directory /home/runner/work/ozone/ozone/hadoop-ozone/integration-test/target/test-dir/MiniOzoneClusterImpl-34b8c8ad-1b7a-4f1a-91f5-8cb1859b150b/datanode-2/data/ratis/889eb252-96cc-471f-ad78-fa83168f6569 has been successfully formatted.
2023-02-16 16:34:02,513 [EventQueue-PipelineReportForPipelineReportHandler] INFO  pipeline.PipelineManagerImpl (PipelineManagerImpl.java:openPipeline(367)) - Pipeline Pipeline[ Id: 889eb252-96cc-471f-ad78-fa83168f6569, Nodes: 9f5e5902-bacc-4266-a878-65e39c3ba6e9(fv-az167-289.21ktoceh2wee5fewwtpg1zd01g.bx.internal.cloudapp.net/10.1.0.66), ReplicationConfig: RATIS/ONE, State:ALLOCATED, leaderId:9f5e5902-bacc-4266-a878-65e39c3ba6e9, CreationTimestamp2023-02-16T16:33:59.508Z[Etc/UTC]] moved to OPEN state
2023-02-16 16:34:02,513 [pool-319-thread-1] INFO  ratis.ContainerStateMachine (ContainerStateMachine.java:loadSnapshot(240)) - group-FA83168F6569: The snapshot info is null. Setting the last applied indexto:(t:0, i:~)
2023-02-16 16:34:02,513 [pool-319-thread-1] INFO  server.RaftServerConfigKeys (ConfUtils.java:logGet(46)) - raft.server.log.use.memory = false (default)
2023-02-16 16:34:02,513 [pool-319-thread-1] INFO  server.RaftServerConfigKeys (ConfUtils.java:logGet(46)) - raft.server.log.purge.gap = 1000000 (custom)
2023-02-16 16:34:02,513 [pool-319-thread-1] INFO  server.RaftServerConfigKeys (ConfUtils.java:logGet(46)) - raft.server.log.appender.buffer.byte-limit = 33554432 (custom)
2023-02-16 16:34:02,513 [EventQueue-OpenPipelineForHealthyPipelineSafeModeRule] INFO  safemode.SCMSafeModeManager (HealthyPipelineSafeModeRule.java:process(137)) - SCM in safe mode. Healthy pipelines reported count is 0, required healthy pipeline reported count is 1
2023-02-16 16:34:02,513 [pool-319-thread-1] INFO  server.RaftServerConfigKeys (ConfUtils.java:logGet(46)) - raft.server.log.statemachine.data.read.timeout = 1000ms (default)
2023-02-16 16:34:02,513 [pool-319-thread-1] INFO  server.RaftServerConfigKeys (ConfUtils.java:logGet(46)) - raft.server.log.purge.preservation.log.num = 0 (default)
2023-02-16 16:34:02,513 [pool-319-thread-1] INFO  server.RaftServerConfigKeys (ConfUtils.java:logGet(46)) - raft.server.log.segment.size.max = 1048576 (custom)
2023-02-16 16:34:02,513 [pool-319-thread-1] INFO  server.RaftServerConfigKeys (ConfUtils.java:logGet(46)) - raft.server.log.segment.cache.num.max = 2 (custom)
2023-02-16 16:34:02,513 [pool-319-thread-1] INFO  server.RaftServerConfigKeys (ConfUtils.java:logGet(46)) - raft.server.log.segment.cache.size.max = 200MB (=209715200) (default)
2023-02-16 16:34:02,513 [pool-319-thread-1] INFO  segmented.SegmentedRaftLogWorker (SegmentedRaftLogWorker.java:<init>(189)) - new 9f5e5902-bacc-4266-a878-65e39c3ba6e9@group-FA83168F6569-SegmentedRaftLogWorker for RaftStorageImpl:Storage Directory /home/runner/work/ozone/ozone/hadoop-ozone/integration-test/target/test-dir/MiniOzoneClusterImpl-34b8c8ad-1b7a-4f1a-91f5-8cb1859b150b/datanode-2/data/ratis/889eb252-96cc-471f-ad78-fa83168f6569
2023-02-16 16:34:02,514 [pool-319-thread-1] INFO  server.RaftServerConfigKeys (ConfUtils.java:logGet(46)) - raft.server.log.queue.byte-limit = 4294967296 (custom)
2023-02-16 16:34:02,514 [pool-319-thread-1] INFO  server.RaftServerConfigKeys (ConfUtils.java:logGet(46)) - raft.server.log.queue.element-limit = 1024 (custom)
2023-02-16 16:34:02,514 [pool-319-thread-1] INFO  server.RaftServerConfigKeys (ConfUtils.java:logGet(46)) - raft.server.log.segment.size.max = 1048576 (custom)
2023-02-16 16:34:02,514 [pool-319-thread-1] INFO  server.RaftServerConfigKeys (ConfUtils.java:logGet(46)) - raft.server.log.preallocated.size = 16384 (custom)
2023-02-16 16:34:02,514 [pool-319-thread-1] INFO  server.RaftServerConfigKeys (ConfUtils.java:logGet(46)) - raft.server.log.force.sync.num = 128 (default)
2023-02-16 16:34:02,514 [pool-319-thread-1] INFO  server.RaftServerConfigKeys (ConfUtils.java:logGet(46)) - raft.server.log.statemachine.data.sync = true (default)
2023-02-16 16:34:02,514 [pool-319-thread-1] INFO  server.RaftServerConfigKeys (ConfUtils.java:logGet(46)) - raft.server.log.statemachine.data.sync.timeout = 10s (default)
2023-02-16 16:34:02,514 [pool-319-thread-1] INFO  server.RaftServerConfigKeys (ConfUtils.java:logGet(46)) - raft.server.log.statemachine.data.sync.timeout.retry = -1 (default)
2023-02-16 16:34:02,514 [pool-319-thread-1] INFO  server.RaftServerConfigKeys (ConfUtils.java:logGet(46)) - raft.server.log.write.buffer.size = 1048576 (custom)
2023-02-16 16:34:02,514 [pool-319-thread-1] INFO  server.RaftServerConfigKeys (ConfUtils.java:logGet(46)) - raft.server.log.appender.buffer.byte-limit = 33554432 (custom)
2023-02-16 16:34:02,517 [pool-319-thread-1] INFO  server.RaftServerConfigKeys (ConfUtils.java:logGet(46)) - raft.server.log.unsafe-flush.enabled = false (default)
2023-02-16 16:34:02,517 [pool-319-thread-1] INFO  server.RaftServerConfigKeys (ConfUtils.java:logGet(46)) - raft.server.log.async-flush.enabled = false (default)
2023-02-16 16:34:02,517 [pool-319-thread-1] INFO  server.RaftServerConfigKeys (ConfUtils.java:logGet(46)) - raft.server.log.statemachine.data.caching.enabled = true (custom)
2023-02-16 16:34:02,518 [pool-319-thread-1] INFO  segmented.SegmentedRaftLogWorker (SegmentedRaftLogWorker.java:lambda$new$0(135)) - 9f5e5902-bacc-4266-a878-65e39c3ba6e9@group-FA83168F6569-SegmentedRaftLogWorker: flushIndex: setUnconditionally 0 -> -1
2023-02-16 16:34:02,518 [pool-319-thread-1] INFO  segmented.SegmentedRaftLogWorker (SegmentedRaftLogWorker.java:lambda$new$0(135)) - 9f5e5902-bacc-4266-a878-65e39c3ba6e9@group-FA83168F6569-SegmentedRaftLogWorker: safeCacheEvictIndex: setUnconditionally 0 -> -1
2023-02-16 16:34:02,518 [pool-319-thread-1] INFO  server.RaftServer$Division (RaftServerImpl.java:start(334)) - 9f5e5902-bacc-4266-a878-65e39c3ba6e9@group-FA83168F6569: start as a follower, conf=-1: peers:[9f5e5902-bacc-4266-a878-65e39c3ba6e9|rpc:10.1.0.66:37011|dataStream:10.1.0.66:40567|priority:1|startupRole:FOLLOWER]|listeners:[], old=null
2023-02-16 16:34:02,518 [pool-319-thread-1] INFO  server.RaftServer$Division (RaftServerImpl.java:setRole(321)) - 9f5e5902-bacc-4266-a878-65e39c3ba6e9@group-FA83168F6569: changes role from      null to FOLLOWER at term 0 for startAsFollower
2023-02-16 16:34:02,518 [pool-319-thread-1] INFO  impl.RoleInfo (RoleInfo.java:updateAndGet(139)) - 9f5e5902-bacc-4266-a878-65e39c3ba6e9: start 9f5e5902-bacc-4266-a878-65e39c3ba6e9@group-FA83168F6569-FollowerState
2023-02-16 16:34:02,518 [pool-319-thread-1] INFO  util.JmxRegister (JmxRegister.java:tryRegister(44)) - Successfully registered JMX Bean with object name Ratis:service=RaftServer,group=group-FA83168F6569,id=9f5e5902-bacc-4266-a878-65e39c3ba6e9
2023-02-16 16:34:02,518 [pool-319-thread-1] INFO  server.RaftServerConfigKeys (ConfUtils.java:logGet(46)) - raft.server.snapshot.auto.trigger.enabled = true (custom)
2023-02-16 16:34:02,518 [pool-319-thread-1] INFO  server.RaftServerConfigKeys (ConfUtils.java:logGet(46)) - raft.server.snapshot.auto.trigger.threshold = 10000 (custom)
2023-02-16 16:34:02,518 [pool-319-thread-1] INFO  server.RaftServerConfigKeys (ConfUtils.java:logGet(46)) - raft.server.snapshot.retention.file.num = 5 (custom)
2023-02-16 16:34:02,518 [pool-319-thread-1] INFO  server.RaftServerConfigKeys (ConfUtils.java:logGet(46)) - raft.server.log.purge.upto.snapshot.index = false (default)
2023-02-16 16:34:02,519 [9f5e5902-bacc-4266-a878-65e39c3ba6e9@group-FA83168F6569-FollowerState] INFO  server.RaftServerConfigKeys (ConfUtils.java:logFallback(53)) - raft.server.rpc.first-election.timeout.min = 5s (fallback to raft.server.rpc.timeout.min)
2023-02-16 16:34:02,519 [9f5e5902-bacc-4266-a878-65e39c3ba6e9@group-FA83168F6569-FollowerState] INFO  server.RaftServerConfigKeys (ConfUtils.java:logFallback(53)) - raft.server.rpc.first-election.timeout.max = 5200ms (fallback to raft.server.rpc.timeout.max)
2023-02-16 16:34:02,519 [Command processor thread] INFO  ratis.XceiverServerRatis (XceiverServerRatis.java:addGroup(807)) - Created group PipelineID=889eb252-96cc-471f-ad78-fa83168f6569
2023-02-16 16:34:02,519 [Command processor thread] INFO  commandhandler.CreatePipelineCommandHandler (CreatePipelineCommandHandler.java:handle(113)) - Created Pipeline RATIS ONE PipelineID=889eb252-96cc-471f-ad78-fa83168f6569.
2023-02-16 16:34:02,868 [Command processor thread] INFO  server.RaftServer (RaftServerProxy.java:addNew(96)) - 6c51f489-4ead-4eaf-8276-70ff1fcde269: addNew group-7E675F597C1D:[6c51f489-4ead-4eaf-8276-70ff1fcde269|rpc:10.1.0.66:45785|dataStream:10.1.0.66:41323|priority:1|startupRole:FOLLOWER] returns group-7E675F597C1D:java.util.concurrent.CompletableFuture@143de298[Not completed]
2023-02-16 16:34:02,869 [pool-341-thread-1] INFO  server.RaftServer$Division (RaftServerImpl.java:<init>(195)) - 6c51f489-4ead-4eaf-8276-70ff1fcde269: new RaftServerImpl for group-7E675F597C1D:[6c51f489-4ead-4eaf-8276-70ff1fcde269|rpc:10.1.0.66:45785|dataStream:10.1.0.66:41323|priority:1|startupRole:FOLLOWER] with ContainerStateMachine:uninitialized
2023-02-16 16:34:02,869 [pool-341-thread-1] INFO  server.RaftServerConfigKeys (ConfUtils.java:logGet(46)) - raft.server.rpc.timeout.min = 5s (custom)
2023-02-16 16:34:02,869 [pool-341-thread-1] INFO  server.RaftServerConfigKeys (ConfUtils.java:logGet(46)) - raft.server.rpc.timeout.max = 5200ms (custom)
2023-02-16 16:34:02,869 [pool-341-thread-1] INFO  server.RaftServerConfigKeys (ConfUtils.java:logGet(46)) - raft.server.rpc.sleep.time = 25ms (default)
2023-02-16 16:34:02,869 [pool-341-thread-1] INFO  server.RaftServerConfigKeys (ConfUtils.java:logGet(46)) - raft.server.rpc.slowness.timeout = 300s (custom)
2023-02-16 16:34:02,869 [pool-341-thread-1] INFO  server.RaftServerConfigKeys (ConfUtils.java:logGet(46)) - raft.server.leaderelection.leader.step-down.wait-time = 10s (default)
2023-02-16 16:34:02,869 [pool-341-thread-1] INFO  server.RaftServerConfigKeys (ConfUtils.java:logGet(46)) - raft.server.sleep.deviation.threshold = 300ms (default)
2023-02-16 16:34:02,869 [pool-341-thread-1] INFO  server.RaftServer$Division (ServerState.java:<init>(118)) - 6c51f489-4ead-4eaf-8276-70ff1fcde269@group-7E675F597C1D: ConfigurationManager, init=-1: peers:[6c51f489-4ead-4eaf-8276-70ff1fcde269|rpc:10.1.0.66:45785|dataStream:10.1.0.66:41323|priority:1|startupRole:FOLLOWER]|listeners:[], old=null, confs=<EMPTY_MAP>
2023-02-16 16:34:02,869 [pool-341-thread-1] INFO  server.RaftServerConfigKeys (ConfUtils.java:logGet(46)) - raft.server.storage.dir = [/home/runner/work/ozone/ozone/hadoop-ozone/integration-test/target/test-dir/MiniOzoneClusterImpl-34b8c8ad-1b7a-4f1a-91f5-8cb1859b150b/datanode-3/data/ratis] (custom)
2023-02-16 16:34:02,870 [pool-341-thread-1] INFO  server.RaftServerConfigKeys (ConfUtils.java:logGet(46)) - raft.server.log.corruption.policy = EXCEPTION (default)
2023-02-16 16:34:02,870 [pool-341-thread-1] INFO  server.RaftServerConfigKeys (ConfUtils.java:logGet(46)) - raft.server.storage.free-space.min = 0MB (=0) (default)
2023-02-16 16:34:02,870 [pool-341-thread-1] INFO  server.RaftServerConfigKeys (ConfUtils.java:logGet(46)) - raft.server.notification.no-leader.timeout = 300s (custom)
2023-02-16 16:34:02,870 [pool-341-thread-1] INFO  server.RaftServerConfigKeys (ConfUtils.java:logGet(46)) - raft.server.retrycache.expirytime = 600000ms (custom)
2023-02-16 16:34:02,870 [pool-341-thread-1] INFO  server.RaftServerConfigKeys (ConfUtils.java:logGet(46)) - raft.server.retrycache.statistics.expirytime = 100μs (default)
2023-02-16 16:34:02,871 [pool-341-thread-1] INFO  server.RaftServerConfigKeys (ConfUtils.java:logGet(46)) - raft.server.log.appender.install.snapshot.enabled = false (custom)
2023-02-16 16:34:02,871 [pool-341-thread-1] INFO  server.RaftServerConfigKeys (ConfUtils.java:logGet(46)) - raft.server.threadpool.server.cached = true (default)
2023-02-16 16:34:02,871 [pool-341-thread-1] INFO  server.RaftServerConfigKeys (ConfUtils.java:logGet(46)) - raft.server.threadpool.server.size = 0 (default)
2023-02-16 16:34:02,871 [pool-341-thread-1] INFO  server.RaftServerConfigKeys (ConfUtils.java:logGet(46)) - raft.server.threadpool.client.cached = true (default)
2023-02-16 16:34:02,871 [pool-341-thread-1] INFO  server.RaftServerConfigKeys (ConfUtils.java:logGet(46)) - raft.server.threadpool.client.size = 0 (default)
2023-02-16 16:34:02,871 [pool-341-thread-1] INFO  storage.RaftStorageDirectory (RaftStorageDirectoryImpl.java:analyzeStorage(137)) - The storage directory /home/runner/work/ozone/ozone/hadoop-ozone/integration-test/target/test-dir/MiniOzoneClusterImpl-34b8c8ad-1b7a-4f1a-91f5-8cb1859b150b/datanode-3/data/ratis/67af78a1-7ebd-48f3-acb3-7e675f597c1d does not exist. Creating ...
2023-02-16 16:34:02,873 [pool-341-thread-1] INFO  storage.RaftStorageDirectory (RaftStorageDirectoryImpl.java:tryLock(231)) - Lock on /home/runner/work/ozone/ozone/hadoop-ozone/integration-test/target/test-dir/MiniOzoneClusterImpl-34b8c8ad-1b7a-4f1a-91f5-8cb1859b150b/datanode-3/data/ratis/67af78a1-7ebd-48f3-acb3-7e675f597c1d/in_use.lock acquired by nodename 11092@fv-az167-289
2023-02-16 16:34:02,875 [pool-341-thread-1] INFO  storage.RaftStorage (RaftStorageImpl.java:format(96)) - Storage directory /home/runner/work/ozone/ozone/hadoop-ozone/integration-test/target/test-dir/MiniOzoneClusterImpl-34b8c8ad-1b7a-4f1a-91f5-8cb1859b150b/datanode-3/data/ratis/67af78a1-7ebd-48f3-acb3-7e675f597c1d has been successfully formatted.
2023-02-16 16:34:02,876 [pool-341-thread-1] INFO  ratis.ContainerStateMachine (ContainerStateMachine.java:loadSnapshot(240)) - group-7E675F597C1D: The snapshot info is null. Setting the last applied indexto:(t:0, i:~)
2023-02-16 16:34:02,876 [pool-341-thread-1] INFO  server.RaftServerConfigKeys (ConfUtils.java:logGet(46)) - raft.server.log.use.memory = false (default)
2023-02-16 16:34:02,876 [pool-341-thread-1] INFO  server.RaftServerConfigKeys (ConfUtils.java:logGet(46)) - raft.server.log.purge.gap = 1000000 (custom)
2023-02-16 16:34:02,877 [pool-341-thread-1] INFO  server.RaftServerConfigKeys (ConfUtils.java:logGet(46)) - raft.server.log.appender.buffer.byte-limit = 33554432 (custom)
2023-02-16 16:34:02,877 [pool-341-thread-1] INFO  server.RaftServerConfigKeys (ConfUtils.java:logGet(46)) - raft.server.log.statemachine.data.read.timeout = 1000ms (default)
2023-02-16 16:34:02,877 [pool-341-thread-1] INFO  server.RaftServerConfigKeys (ConfUtils.java:logGet(46)) - raft.server.log.purge.preservation.log.num = 0 (default)
2023-02-16 16:34:02,877 [EventQueue-PipelineReportForPipelineReportHandler] INFO  pipeline.PipelineManagerImpl (PipelineManagerImpl.java:openPipeline(367)) - Pipeline Pipeline[ Id: 67af78a1-7ebd-48f3-acb3-7e675f597c1d, Nodes: 6c51f489-4ead-4eaf-8276-70ff1fcde269(fv-az167-289.21ktoceh2wee5fewwtpg1zd01g.bx.internal.cloudapp.net/10.1.0.66), ReplicationConfig: RATIS/ONE, State:ALLOCATED, leaderId:6c51f489-4ead-4eaf-8276-70ff1fcde269, CreationTimestamp2023-02-16T16:33:59.869Z[Etc/UTC]] moved to OPEN state
2023-02-16 16:34:02,877 [pool-341-thread-1] INFO  server.RaftServerConfigKeys (ConfUtils.java:logGet(46)) - raft.server.log.segment.size.max = 1048576 (custom)
2023-02-16 16:34:02,877 [EventQueue-OpenPipelineForHealthyPipelineSafeModeRule] INFO  safemode.SCMSafeModeManager (HealthyPipelineSafeModeRule.java:process(137)) - SCM in safe mode. Healthy pipelines reported count is 0, required healthy pipeline reported count is 1
2023-02-16 16:34:02,879 [pool-341-thread-1] INFO  server.RaftServerConfigKeys (ConfUtils.java:logGet(46)) - raft.server.log.segment.cache.num.max = 2 (custom)
2023-02-16 16:34:02,879 [pool-341-thread-1] INFO  server.RaftServerConfigKeys (ConfUtils.java:logGet(46)) - raft.server.log.segment.cache.size.max = 200MB (=209715200) (default)
2023-02-16 16:34:02,879 [pool-341-thread-1] INFO  segmented.SegmentedRaftLogWorker (SegmentedRaftLogWorker.java:<init>(189)) - new 6c51f489-4ead-4eaf-8276-70ff1fcde269@group-7E675F597C1D-SegmentedRaftLogWorker for RaftStorageImpl:Storage Directory /home/runner/work/ozone/ozone/hadoop-ozone/integration-test/target/test-dir/MiniOzoneClusterImpl-34b8c8ad-1b7a-4f1a-91f5-8cb1859b150b/datanode-3/data/ratis/67af78a1-7ebd-48f3-acb3-7e675f597c1d
2023-02-16 16:34:02,879 [pool-341-thread-1] INFO  server.RaftServerConfigKeys (ConfUtils.java:logGet(46)) - raft.server.log.queue.byte-limit = 4294967296 (custom)
2023-02-16 16:34:02,879 [pool-341-thread-1] INFO  server.RaftServerConfigKeys (ConfUtils.java:logGet(46)) - raft.server.log.queue.element-limit = 1024 (custom)
2023-02-16 16:34:02,879 [pool-341-thread-1] INFO  server.RaftServerConfigKeys (ConfUtils.java:logGet(46)) - raft.server.log.segment.size.max = 1048576 (custom)
2023-02-16 16:34:02,879 [pool-341-thread-1] INFO  server.RaftServerConfigKeys (ConfUtils.java:logGet(46)) - raft.server.log.preallocated.size = 16384 (custom)
2023-02-16 16:34:02,879 [pool-341-thread-1] INFO  server.RaftServerConfigKeys (ConfUtils.java:logGet(46)) - raft.server.log.force.sync.num = 128 (default)
2023-02-16 16:34:02,879 [pool-341-thread-1] INFO  server.RaftServerConfigKeys (ConfUtils.java:logGet(46)) - raft.server.log.statemachine.data.sync = true (default)
2023-02-16 16:34:02,879 [pool-341-thread-1] INFO  server.RaftServerConfigKeys (ConfUtils.java:logGet(46)) - raft.server.log.statemachine.data.sync.timeout = 10s (default)
2023-02-16 16:34:02,879 [pool-341-thread-1] INFO  server.RaftServerConfigKeys (ConfUtils.java:logGet(46)) - raft.server.log.statemachine.data.sync.timeout.retry = -1 (default)
2023-02-16 16:34:02,880 [pool-341-thread-1] INFO  server.RaftServerConfigKeys (ConfUtils.java:logGet(46)) - raft.server.log.write.buffer.size = 1048576 (custom)
2023-02-16 16:34:02,880 [pool-341-thread-1] INFO  server.RaftServerConfigKeys (ConfUtils.java:logGet(46)) - raft.server.log.appender.buffer.byte-limit = 33554432 (custom)
2023-02-16 16:34:02,883 [pool-341-thread-1] INFO  server.RaftServerConfigKeys (ConfUtils.java:logGet(46)) - raft.server.log.unsafe-flush.enabled = false (default)
2023-02-16 16:34:02,883 [pool-341-thread-1] INFO  server.RaftServerConfigKeys (ConfUtils.java:logGet(46)) - raft.server.log.async-flush.enabled = false (default)
2023-02-16 16:34:02,883 [pool-341-thread-1] INFO  server.RaftServerConfigKeys (ConfUtils.java:logGet(46)) - raft.server.log.statemachine.data.caching.enabled = true (custom)
2023-02-16 16:34:02,883 [pool-341-thread-1] INFO  segmented.SegmentedRaftLogWorker (SegmentedRaftLogWorker.java:lambda$new$0(135)) - 6c51f489-4ead-4eaf-8276-70ff1fcde269@group-7E675F597C1D-SegmentedRaftLogWorker: flushIndex: setUnconditionally 0 -> -1
2023-02-16 16:34:02,883 [pool-341-thread-1] INFO  segmented.SegmentedRaftLogWorker (SegmentedRaftLogWorker.java:lambda$new$0(135)) - 6c51f489-4ead-4eaf-8276-70ff1fcde269@group-7E675F597C1D-SegmentedRaftLogWorker: safeCacheEvictIndex: setUnconditionally 0 -> -1
2023-02-16 16:34:02,883 [pool-341-thread-1] INFO  server.RaftServer$Division (RaftServerImpl.java:start(334)) - 6c51f489-4ead-4eaf-8276-70ff1fcde269@group-7E675F597C1D: start as a follower, conf=-1: peers:[6c51f489-4ead-4eaf-8276-70ff1fcde269|rpc:10.1.0.66:45785|dataStream:10.1.0.66:41323|priority:1|startupRole:FOLLOWER]|listeners:[], old=null
2023-02-16 16:34:02,883 [pool-341-thread-1] INFO  server.RaftServer$Division (RaftServerImpl.java:setRole(321)) - 6c51f489-4ead-4eaf-8276-70ff1fcde269@group-7E675F597C1D: changes role from      null to FOLLOWER at term 0 for startAsFollower
2023-02-16 16:34:02,883 [pool-341-thread-1] INFO  impl.RoleInfo (RoleInfo.java:updateAndGet(139)) - 6c51f489-4ead-4eaf-8276-70ff1fcde269: start 6c51f489-4ead-4eaf-8276-70ff1fcde269@group-7E675F597C1D-FollowerState
2023-02-16 16:34:02,883 [6c51f489-4ead-4eaf-8276-70ff1fcde269@group-7E675F597C1D-FollowerState] INFO  server.RaftServerConfigKeys (ConfUtils.java:logFallback(53)) - raft.server.rpc.first-election.timeout.min = 5s (fallback to raft.server.rpc.timeout.min)
2023-02-16 16:34:02,883 [pool-341-thread-1] INFO  util.JmxRegister (JmxRegister.java:tryRegister(44)) - Successfully registered JMX Bean with object name Ratis:service=RaftServer,group=group-7E675F597C1D,id=6c51f489-4ead-4eaf-8276-70ff1fcde269
2023-02-16 16:34:02,883 [6c51f489-4ead-4eaf-8276-70ff1fcde269@group-7E675F597C1D-FollowerState] INFO  server.RaftServerConfigKeys (ConfUtils.java:logFallback(53)) - raft.server.rpc.first-election.timeout.max = 5200ms (fallback to raft.server.rpc.timeout.max)
2023-02-16 16:34:02,884 [pool-341-thread-1] INFO  server.RaftServerConfigKeys (ConfUtils.java:logGet(46)) - raft.server.snapshot.auto.trigger.enabled = true (custom)
2023-02-16 16:34:02,884 [pool-341-thread-1] INFO  server.RaftServerConfigKeys (ConfUtils.java:logGet(46)) - raft.server.snapshot.auto.trigger.threshold = 10000 (custom)
2023-02-16 16:34:02,884 [pool-341-thread-1] INFO  server.RaftServerConfigKeys (ConfUtils.java:logGet(46)) - raft.server.snapshot.retention.file.num = 5 (custom)
2023-02-16 16:34:02,884 [pool-341-thread-1] INFO  server.RaftServerConfigKeys (ConfUtils.java:logGet(46)) - raft.server.log.purge.upto.snapshot.index = false (default)
2023-02-16 16:34:02,884 [Command processor thread] INFO  ratis.XceiverServerRatis (XceiverServerRatis.java:addGroup(807)) - Created group PipelineID=67af78a1-7ebd-48f3-acb3-7e675f597c1d
2023-02-16 16:34:02,884 [Command processor thread] INFO  commandhandler.CreatePipelineCommandHandler (CreatePipelineCommandHandler.java:handle(113)) - Created Pipeline RATIS ONE PipelineID=67af78a1-7ebd-48f3-acb3-7e675f597c1d.
2023-02-16 16:34:03,201 [Listener at 127.0.0.1/46781] INFO  ozone.MiniOzoneClusterImpl (MiniOzoneClusterImpl.java:lambda$waitForClusterToBeReady$0(218)) - Nodes are ready. Got 5 of 5 DN Heartbeats.
2023-02-16 16:34:03,201 [Listener at 127.0.0.1/46781] INFO  ozone.MiniOzoneClusterImpl (MiniOzoneClusterImpl.java:lambda$waitForClusterToBeReady$0(221)) - Waiting for cluster to exit safe mode
2023-02-16 16:34:03,201 [Listener at 127.0.0.1/46781] INFO  ozone.MiniOzoneClusterImpl (MiniOzoneClusterImpl.java:lambda$waitForClusterToBeReady$0(223)) - SCM became leader
2023-02-16 16:34:03,205 [Command processor thread] INFO  server.RaftServer (RaftServerProxy.java:addNew(96)) - 3a64110f-54c2-4b73-a080-ae850dd54c39: addNew group-D12AE3CFB248:[3a64110f-54c2-4b73-a080-ae850dd54c39|rpc:10.1.0.66:40245|dataStream:10.1.0.66:41821|priority:1|startupRole:FOLLOWER] returns group-D12AE3CFB248:java.util.concurrent.CompletableFuture@507c2961[Not completed]
2023-02-16 16:34:03,206 [pool-363-thread-1] INFO  server.RaftServer$Division (RaftServerImpl.java:<init>(195)) - 3a64110f-54c2-4b73-a080-ae850dd54c39: new RaftServerImpl for group-D12AE3CFB248:[3a64110f-54c2-4b73-a080-ae850dd54c39|rpc:10.1.0.66:40245|dataStream:10.1.0.66:41821|priority:1|startupRole:FOLLOWER] with ContainerStateMachine:uninitialized
2023-02-16 16:34:03,206 [pool-363-thread-1] INFO  server.RaftServerConfigKeys (ConfUtils.java:logGet(46)) - raft.server.rpc.timeout.min = 5s (custom)
2023-02-16 16:34:03,206 [pool-363-thread-1] INFO  server.RaftServerConfigKeys (ConfUtils.java:logGet(46)) - raft.server.rpc.timeout.max = 5200ms (custom)
2023-02-16 16:34:03,206 [pool-363-thread-1] INFO  server.RaftServerConfigKeys (ConfUtils.java:logGet(46)) - raft.server.rpc.sleep.time = 25ms (default)
2023-02-16 16:34:03,206 [pool-363-thread-1] INFO  server.RaftServerConfigKeys (ConfUtils.java:logGet(46)) - raft.server.rpc.slowness.timeout = 300s (custom)
2023-02-16 16:34:03,206 [pool-363-thread-1] INFO  server.RaftServerConfigKeys (ConfUtils.java:logGet(46)) - raft.server.leaderelection.leader.step-down.wait-time = 10s (default)
2023-02-16 16:34:03,206 [pool-363-thread-1] INFO  server.RaftServerConfigKeys (ConfUtils.java:logGet(46)) - raft.server.sleep.deviation.threshold = 300ms (default)
2023-02-16 16:34:03,207 [pool-363-thread-1] INFO  server.RaftServer$Division (ServerState.java:<init>(118)) - 3a64110f-54c2-4b73-a080-ae850dd54c39@group-D12AE3CFB248: ConfigurationManager, init=-1: peers:[3a64110f-54c2-4b73-a080-ae850dd54c39|rpc:10.1.0.66:40245|dataStream:10.1.0.66:41821|priority:1|startupRole:FOLLOWER]|listeners:[], old=null, confs=<EMPTY_MAP>
2023-02-16 16:34:03,207 [pool-363-thread-1] INFO  server.RaftServerConfigKeys (ConfUtils.java:logGet(46)) - raft.server.storage.dir = [/home/runner/work/ozone/ozone/hadoop-ozone/integration-test/target/test-dir/MiniOzoneClusterImpl-34b8c8ad-1b7a-4f1a-91f5-8cb1859b150b/datanode-4/data/ratis] (custom)
2023-02-16 16:34:03,207 [pool-363-thread-1] INFO  server.RaftServerConfigKeys (ConfUtils.java:logGet(46)) - raft.server.log.corruption.policy = EXCEPTION (default)
2023-02-16 16:34:03,207 [pool-363-thread-1] INFO  server.RaftServerConfigKeys (ConfUtils.java:logGet(46)) - raft.server.storage.free-space.min = 0MB (=0) (default)
2023-02-16 16:34:03,207 [pool-363-thread-1] INFO  server.RaftServerConfigKeys (ConfUtils.java:logGet(46)) - raft.server.notification.no-leader.timeout = 300s (custom)
2023-02-16 16:34:03,207 [pool-363-thread-1] INFO  server.RaftServerConfigKeys (ConfUtils.java:logGet(46)) - raft.server.retrycache.expirytime = 600000ms (custom)
2023-02-16 16:34:03,207 [pool-363-thread-1] INFO  server.RaftServerConfigKeys (ConfUtils.java:logGet(46)) - raft.server.retrycache.statistics.expirytime = 100μs (default)
2023-02-16 16:34:03,208 [pool-363-thread-1] INFO  server.RaftServerConfigKeys (ConfUtils.java:logGet(46)) - raft.server.log.appender.install.snapshot.enabled = false (custom)
2023-02-16 16:34:03,208 [pool-363-thread-1] INFO  server.RaftServerConfigKeys (ConfUtils.java:logGet(46)) - raft.server.threadpool.server.cached = true (default)
2023-02-16 16:34:03,208 [pool-363-thread-1] INFO  server.RaftServerConfigKeys (ConfUtils.java:logGet(46)) - raft.server.threadpool.server.size = 0 (default)
2023-02-16 16:34:03,208 [pool-363-thread-1] INFO  server.RaftServerConfigKeys (ConfUtils.java:logGet(46)) - raft.server.threadpool.client.cached = true (default)
2023-02-16 16:34:03,208 [pool-363-thread-1] INFO  server.RaftServerConfigKeys (ConfUtils.java:logGet(46)) - raft.server.threadpool.client.size = 0 (default)
2023-02-16 16:34:03,208 [pool-363-thread-1] INFO  storage.RaftStorageDirectory (RaftStorageDirectoryImpl.java:analyzeStorage(137)) - The storage directory /home/runner/work/ozone/ozone/hadoop-ozone/integration-test/target/test-dir/MiniOzoneClusterImpl-34b8c8ad-1b7a-4f1a-91f5-8cb1859b150b/datanode-4/data/ratis/96a1f44d-05c9-44f5-a2ce-d12ae3cfb248 does not exist. Creating ...
2023-02-16 16:34:03,209 [pool-363-thread-1] INFO  storage.RaftStorageDirectory (RaftStorageDirectoryImpl.java:tryLock(231)) - Lock on /home/runner/work/ozone/ozone/hadoop-ozone/integration-test/target/test-dir/MiniOzoneClusterImpl-34b8c8ad-1b7a-4f1a-91f5-8cb1859b150b/datanode-4/data/ratis/96a1f44d-05c9-44f5-a2ce-d12ae3cfb248/in_use.lock acquired by nodename 11092@fv-az167-289
2023-02-16 16:34:03,210 [pool-363-thread-1] INFO  storage.RaftStorage (RaftStorageImpl.java:format(96)) - Storage directory /home/runner/work/ozone/ozone/hadoop-ozone/integration-test/target/test-dir/MiniOzoneClusterImpl-34b8c8ad-1b7a-4f1a-91f5-8cb1859b150b/datanode-4/data/ratis/96a1f44d-05c9-44f5-a2ce-d12ae3cfb248 has been successfully formatted.
2023-02-16 16:34:03,211 [pool-363-thread-1] INFO  ratis.ContainerStateMachine (ContainerStateMachine.java:loadSnapshot(240)) - group-D12AE3CFB248: The snapshot info is null. Setting the last applied indexto:(t:0, i:~)
2023-02-16 16:34:03,211 [pool-363-thread-1] INFO  server.RaftServerConfigKeys (ConfUtils.java:logGet(46)) - raft.server.log.use.memory = false (default)
2023-02-16 16:34:03,211 [pool-363-thread-1] INFO  server.RaftServerConfigKeys (ConfUtils.java:logGet(46)) - raft.server.log.purge.gap = 1000000 (custom)
2023-02-16 16:34:03,211 [pool-363-thread-1] INFO  server.RaftServerConfigKeys (ConfUtils.java:logGet(46)) - raft.server.log.appender.buffer.byte-limit = 33554432 (custom)
2023-02-16 16:34:03,211 [pool-363-thread-1] INFO  server.RaftServerConfigKeys (ConfUtils.java:logGet(46)) - raft.server.log.statemachine.data.read.timeout = 1000ms (default)
2023-02-16 16:34:03,211 [pool-363-thread-1] INFO  server.RaftServerConfigKeys (ConfUtils.java:logGet(46)) - raft.server.log.purge.preservation.log.num = 0 (default)
2023-02-16 16:34:03,211 [pool-363-thread-1] INFO  server.RaftServerConfigKeys (ConfUtils.java:logGet(46)) - raft.server.log.segment.size.max = 1048576 (custom)
2023-02-16 16:34:03,211 [pool-363-thread-1] INFO  server.RaftServerConfigKeys (ConfUtils.java:logGet(46)) - raft.server.log.segment.cache.num.max = 2 (custom)
2023-02-16 16:34:03,211 [pool-363-thread-1] INFO  server.RaftServerConfigKeys (ConfUtils.java:logGet(46)) - raft.server.log.segment.cache.size.max = 200MB (=209715200) (default)
2023-02-16 16:34:03,211 [pool-363-thread-1] INFO  segmented.SegmentedRaftLogWorker (SegmentedRaftLogWorker.java:<init>(189)) - new 3a64110f-54c2-4b73-a080-ae850dd54c39@group-D12AE3CFB248-SegmentedRaftLogWorker for RaftStorageImpl:Storage Directory /home/runner/work/ozone/ozone/hadoop-ozone/integration-test/target/test-dir/MiniOzoneClusterImpl-34b8c8ad-1b7a-4f1a-91f5-8cb1859b150b/datanode-4/data/ratis/96a1f44d-05c9-44f5-a2ce-d12ae3cfb248
2023-02-16 16:34:03,211 [pool-363-thread-1] INFO  server.RaftServerConfigKeys (ConfUtils.java:logGet(46)) - raft.server.log.queue.byte-limit = 4294967296 (custom)
2023-02-16 16:34:03,211 [pool-363-thread-1] INFO  server.RaftServerConfigKeys (ConfUtils.java:logGet(46)) - raft.server.log.queue.element-limit = 1024 (custom)
2023-02-16 16:34:03,212 [pool-363-thread-1] INFO  server.RaftServerConfigKeys (ConfUtils.java:logGet(46)) - raft.server.log.segment.size.max = 1048576 (custom)
2023-02-16 16:34:03,212 [pool-363-thread-1] INFO  server.RaftServerConfigKeys (ConfUtils.java:logGet(46)) - raft.server.log.preallocated.size = 16384 (custom)
2023-02-16 16:34:03,212 [pool-363-thread-1] INFO  server.RaftServerConfigKeys (ConfUtils.java:logGet(46)) - raft.server.log.force.sync.num = 128 (default)
2023-02-16 16:34:03,212 [pool-363-thread-1] INFO  server.RaftServerConfigKeys (ConfUtils.java:logGet(46)) - raft.server.log.statemachine.data.sync = true (default)
2023-02-16 16:34:03,212 [pool-363-thread-1] INFO  server.RaftServerConfigKeys (ConfUtils.java:logGet(46)) - raft.server.log.statemachine.data.sync.timeout = 10s (default)
2023-02-16 16:34:03,212 [pool-363-thread-1] INFO  server.RaftServerConfigKeys (ConfUtils.java:logGet(46)) - raft.server.log.statemachine.data.sync.timeout.retry = -1 (default)
2023-02-16 16:34:03,212 [pool-363-thread-1] INFO  server.RaftServerConfigKeys (ConfUtils.java:logGet(46)) - raft.server.log.write.buffer.size = 1048576 (custom)
2023-02-16 16:34:03,212 [pool-363-thread-1] INFO  server.RaftServerConfigKeys (ConfUtils.java:logGet(46)) - raft.server.log.appender.buffer.byte-limit = 33554432 (custom)
2023-02-16 16:34:03,634 [JvmPauseMonitor6] WARN  util.JvmPauseMonitor (JvmPauseMonitor.java:detectPause(126)) - JvmPauseMonitor-22be8fd8-b8c6-40ff-8f14-846d94d7e632: Detected pause in JVM or host machine (eg GC): pause of approximately 282350938ns.
GC pool 'PS MarkSweep' had collection(s): count=1 time=269ms
GC pool 'PS Scavenge' had collection(s): count=1 time=151ms
2023-02-16 16:34:03,635 [JvmPauseMonitor9] WARN  util.JvmPauseMonitor (JvmPauseMonitor.java:detectPause(126)) - JvmPauseMonitor-6c51f489-4ead-4eaf-8276-70ff1fcde269: Detected pause in JVM or host machine (eg GC): pause of approximately 229319645ns.
GC pool 'PS MarkSweep' had collection(s): count=1 time=269ms
GC pool 'PS Scavenge' had collection(s): count=1 time=151ms
2023-02-16 16:34:03,637 [JvmPauseMonitor10] WARN  util.JvmPauseMonitor (JvmPauseMonitor.java:detectPause(126)) - JvmPauseMonitor-3a64110f-54c2-4b73-a080-ae850dd54c39: Detected pause in JVM or host machine (eg GC): pause of approximately 401114297ns.
GC pool 'PS MarkSweep' had collection(s): count=1 time=269ms
GC pool 'PS Scavenge' had collection(s): count=1 time=151ms
2023-02-16 16:34:03,638 [EventQueue-PipelineReportForPipelineReportHandler] INFO  pipeline.PipelineManagerImpl (PipelineManagerImpl.java:openPipeline(367)) - Pipeline Pipeline[ Id: 96a1f44d-05c9-44f5-a2ce-d12ae3cfb248, Nodes: 3a64110f-54c2-4b73-a080-ae850dd54c39(fv-az167-289.21ktoceh2wee5fewwtpg1zd01g.bx.internal.cloudapp.net/10.1.0.66), ReplicationConfig: RATIS/ONE, State:ALLOCATED, leaderId:3a64110f-54c2-4b73-a080-ae850dd54c39, CreationTimestamp2023-02-16T16:34:00.204Z[Etc/UTC]] moved to OPEN state
2023-02-16 16:34:03,641 [pool-363-thread-1] INFO  server.RaftServerConfigKeys (ConfUtils.java:logGet(46)) - raft.server.log.unsafe-flush.enabled = false (default)
2023-02-16 16:34:03,641 [pool-363-thread-1] INFO  server.RaftServerConfigKeys (ConfUtils.java:logGet(46)) - raft.server.log.async-flush.enabled = false (default)
2023-02-16 16:34:03,641 [pool-363-thread-1] INFO  server.RaftServerConfigKeys (ConfUtils.java:logGet(46)) - raft.server.log.statemachine.data.caching.enabled = true (custom)
2023-02-16 16:34:03,641 [pool-363-thread-1] INFO  segmented.SegmentedRaftLogWorker (SegmentedRaftLogWorker.java:lambda$new$0(135)) - 3a64110f-54c2-4b73-a080-ae850dd54c39@group-D12AE3CFB248-SegmentedRaftLogWorker: flushIndex: setUnconditionally 0 -> -1
2023-02-16 16:34:03,641 [pool-363-thread-1] INFO  segmented.SegmentedRaftLogWorker (SegmentedRaftLogWorker.java:lambda$new$0(135)) - 3a64110f-54c2-4b73-a080-ae850dd54c39@group-D12AE3CFB248-SegmentedRaftLogWorker: safeCacheEvictIndex: setUnconditionally 0 -> -1
2023-02-16 16:34:03,641 [EventQueue-OpenPipelineForHealthyPipelineSafeModeRule] INFO  safemode.SCMSafeModeManager (HealthyPipelineSafeModeRule.java:process(137)) - SCM in safe mode. Healthy pipelines reported count is 0, required healthy pipeline reported count is 1
2023-02-16 16:34:03,641 [pool-363-thread-1] INFO  server.RaftServer$Division (RaftServerImpl.java:start(334)) - 3a64110f-54c2-4b73-a080-ae850dd54c39@group-D12AE3CFB248: start as a follower, conf=-1: peers:[3a64110f-54c2-4b73-a080-ae850dd54c39|rpc:10.1.0.66:40245|dataStream:10.1.0.66:41821|priority:1|startupRole:FOLLOWER]|listeners:[], old=null
2023-02-16 16:34:03,641 [pool-363-thread-1] INFO  server.RaftServer$Division (RaftServerImpl.java:setRole(321)) - 3a64110f-54c2-4b73-a080-ae850dd54c39@group-D12AE3CFB248: changes role from      null to FOLLOWER at term 0 for startAsFollower
2023-02-16 16:34:03,641 [pool-363-thread-1] INFO  impl.RoleInfo (RoleInfo.java:updateAndGet(139)) - 3a64110f-54c2-4b73-a080-ae850dd54c39: start 3a64110f-54c2-4b73-a080-ae850dd54c39@group-D12AE3CFB248-FollowerState
2023-02-16 16:34:03,643 [pool-363-thread-1] INFO  util.JmxRegister (JmxRegister.java:tryRegister(44)) - Successfully registered JMX Bean with object name Ratis:service=RaftServer,group=group-D12AE3CFB248,id=3a64110f-54c2-4b73-a080-ae850dd54c39
2023-02-16 16:34:03,643 [pool-363-thread-1] INFO  server.RaftServerConfigKeys (ConfUtils.java:logGet(46)) - raft.server.snapshot.auto.trigger.enabled = true (custom)
2023-02-16 16:34:03,643 [pool-363-thread-1] INFO  server.RaftServerConfigKeys (ConfUtils.java:logGet(46)) - raft.server.snapshot.auto.trigger.threshold = 10000 (custom)
2023-02-16 16:34:03,643 [pool-363-thread-1] INFO  server.RaftServerConfigKeys (ConfUtils.java:logGet(46)) - raft.server.snapshot.retention.file.num = 5 (custom)
2023-02-16 16:34:03,643 [pool-363-thread-1] INFO  server.RaftServerConfigKeys (ConfUtils.java:logGet(46)) - raft.server.log.purge.upto.snapshot.index = false (default)
2023-02-16 16:34:03,643 [3a64110f-54c2-4b73-a080-ae850dd54c39@group-D12AE3CFB248-FollowerState] INFO  server.RaftServerConfigKeys (ConfUtils.java:logFallback(53)) - raft.server.rpc.first-election.timeout.min = 5s (fallback to raft.server.rpc.timeout.min)
2023-02-16 16:34:03,644 [3a64110f-54c2-4b73-a080-ae850dd54c39@group-D12AE3CFB248-FollowerState] INFO  server.RaftServerConfigKeys (ConfUtils.java:logFallback(53)) - raft.server.rpc.first-election.timeout.max = 5200ms (fallback to raft.server.rpc.timeout.max)
2023-02-16 16:34:03,648 [Command processor thread] INFO  ratis.XceiverServerRatis (XceiverServerRatis.java:addGroup(807)) - Created group PipelineID=96a1f44d-05c9-44f5-a2ce-d12ae3cfb248
2023-02-16 16:34:03,648 [Command processor thread] INFO  commandhandler.CreatePipelineCommandHandler (CreatePipelineCommandHandler.java:handle(113)) - Created Pipeline RATIS ONE PipelineID=96a1f44d-05c9-44f5-a2ce-d12ae3cfb248.
2023-02-16 16:34:04,202 [Listener at 127.0.0.1/46781] INFO  ozone.MiniOzoneClusterImpl (MiniOzoneClusterImpl.java:lambda$waitForClusterToBeReady$0(218)) - Nodes are ready. Got 5 of 5 DN Heartbeats.
2023-02-16 16:34:04,202 [Listener at 127.0.0.1/46781] INFO  ozone.MiniOzoneClusterImpl (MiniOzoneClusterImpl.java:lambda$waitForClusterToBeReady$0(221)) - Waiting for cluster to exit safe mode
2023-02-16 16:34:04,202 [Listener at 127.0.0.1/46781] INFO  ozone.MiniOzoneClusterImpl (MiniOzoneClusterImpl.java:lambda$waitForClusterToBeReady$0(223)) - SCM became leader
2023-02-16 16:34:05,202 [Listener at 127.0.0.1/46781] INFO  ozone.MiniOzoneClusterImpl (MiniOzoneClusterImpl.java:lambda$waitForClusterToBeReady$0(218)) - Nodes are ready. Got 5 of 5 DN Heartbeats.
2023-02-16 16:34:05,202 [Listener at 127.0.0.1/46781] INFO  ozone.MiniOzoneClusterImpl (MiniOzoneClusterImpl.java:lambda$waitForClusterToBeReady$0(221)) - Waiting for cluster to exit safe mode
2023-02-16 16:34:05,202 [Listener at 127.0.0.1/46781] INFO  ozone.MiniOzoneClusterImpl (MiniOzoneClusterImpl.java:lambda$waitForClusterToBeReady$0(223)) - SCM became leader
2023-02-16 16:34:06,203 [Listener at 127.0.0.1/46781] INFO  ozone.MiniOzoneClusterImpl (MiniOzoneClusterImpl.java:lambda$waitForClusterToBeReady$0(218)) - Nodes are ready. Got 5 of 5 DN Heartbeats.
2023-02-16 16:34:06,203 [Listener at 127.0.0.1/46781] INFO  ozone.MiniOzoneClusterImpl (MiniOzoneClusterImpl.java:lambda$waitForClusterToBeReady$0(221)) - Waiting for cluster to exit safe mode
2023-02-16 16:34:06,203 [Listener at 127.0.0.1/46781] INFO  ozone.MiniOzoneClusterImpl (MiniOzoneClusterImpl.java:lambda$waitForClusterToBeReady$0(223)) - SCM became leader
2023-02-16 16:34:06,868 [22be8fd8-b8c6-40ff-8f14-846d94d7e632@group-5E99F9516C48-FollowerState] INFO  impl.FollowerState (FollowerState.java:run(143)) - 22be8fd8-b8c6-40ff-8f14-846d94d7e632@group-5E99F9516C48-FollowerState: change to CANDIDATE, lastRpcElapsedTime:5012182272ns, electionTimeout:5011ms
2023-02-16 16:34:06,869 [22be8fd8-b8c6-40ff-8f14-846d94d7e632@group-5E99F9516C48-FollowerState] INFO  impl.RoleInfo (RoleInfo.java:shutdownFollowerState(110)) - 22be8fd8-b8c6-40ff-8f14-846d94d7e632: shutdown 22be8fd8-b8c6-40ff-8f14-846d94d7e632@group-5E99F9516C48-FollowerState
2023-02-16 16:34:06,869 [22be8fd8-b8c6-40ff-8f14-846d94d7e632@group-5E99F9516C48-FollowerState] INFO  server.RaftServer$Division (RaftServerImpl.java:setRole(321)) - 22be8fd8-b8c6-40ff-8f14-846d94d7e632@group-5E99F9516C48: changes role from  FOLLOWER to CANDIDATE at term 0 for changeToCandidate
2023-02-16 16:34:06,869 [22be8fd8-b8c6-40ff-8f14-846d94d7e632@group-5E99F9516C48-FollowerState] INFO  server.RaftServerConfigKeys (ConfUtils.java:logGet(46)) - raft.server.leaderelection.pre-vote = true (default)
2023-02-16 16:34:06,869 [22be8fd8-b8c6-40ff-8f14-846d94d7e632@group-5E99F9516C48-FollowerState] INFO  impl.RoleInfo (RoleInfo.java:updateAndGet(139)) - 22be8fd8-b8c6-40ff-8f14-846d94d7e632: start 22be8fd8-b8c6-40ff-8f14-846d94d7e632@group-5E99F9516C48-LeaderElection10
2023-02-16 16:34:06,870 [22be8fd8-b8c6-40ff-8f14-846d94d7e632@group-5E99F9516C48-LeaderElection10] INFO  impl.LeaderElection (LeaderElection.java:askForVotes(312)) - 22be8fd8-b8c6-40ff-8f14-846d94d7e632@group-5E99F9516C48-LeaderElection10 PRE_VOTE round 0: submit vote requests at term 0 for -1: peers:[22be8fd8-b8c6-40ff-8f14-846d94d7e632|rpc:10.1.0.66:43577|dataStream:10.1.0.66:37909|priority:1|startupRole:FOLLOWER, 640e7d3f-2dbd-4e46-b500-a7d3223ba7d6|rpc:10.1.0.66:35785|dataStream:10.1.0.66:41863|priority:0|startupRole:FOLLOWER, 9f5e5902-bacc-4266-a878-65e39c3ba6e9|rpc:10.1.0.66:37011|dataStream:10.1.0.66:40567|priority:0|startupRole:FOLLOWER]|listeners:[], old=null
2023-02-16 16:34:06,871 [22be8fd8-b8c6-40ff-8f14-846d94d7e632@group-5E99F9516C48-LeaderElection10] INFO  server.RaftServerConfigKeys (ConfUtils.java:logFallback(53)) - raft.server.rpc.first-election.timeout.min = 5s (fallback to raft.server.rpc.timeout.min)
2023-02-16 16:34:06,871 [22be8fd8-b8c6-40ff-8f14-846d94d7e632@group-5E99F9516C48-LeaderElection10-1] INFO  server.GrpcServerProtocolClient (GrpcServerProtocolClient.java:<init>(63)) - Build channel for 640e7d3f-2dbd-4e46-b500-a7d3223ba7d6
2023-02-16 16:34:06,871 [22be8fd8-b8c6-40ff-8f14-846d94d7e632@group-5E99F9516C48-LeaderElection10] INFO  server.RaftServerConfigKeys (ConfUtils.java:logFallback(53)) - raft.server.rpc.first-election.timeout.max = 5200ms (fallback to raft.server.rpc.timeout.max)
2023-02-16 16:34:06,872 [22be8fd8-b8c6-40ff-8f14-846d94d7e632@group-5E99F9516C48-LeaderElection10-2] INFO  server.GrpcServerProtocolClient (GrpcServerProtocolClient.java:<init>(63)) - Build channel for 9f5e5902-bacc-4266-a878-65e39c3ba6e9
2023-02-16 16:34:06,879 [22be8fd8-b8c6-40ff-8f14-846d94d7e632@group-4111298E9143-FollowerState] INFO  impl.FollowerState (FollowerState.java:run(143)) - 22be8fd8-b8c6-40ff-8f14-846d94d7e632@group-4111298E9143-FollowerState: change to CANDIDATE, lastRpcElapsedTime:5040184533ns, electionTimeout:5035ms
2023-02-16 16:34:06,879 [22be8fd8-b8c6-40ff-8f14-846d94d7e632@group-4111298E9143-FollowerState] INFO  impl.RoleInfo (RoleInfo.java:shutdownFollowerState(110)) - 22be8fd8-b8c6-40ff-8f14-846d94d7e632: shutdown 22be8fd8-b8c6-40ff-8f14-846d94d7e632@group-4111298E9143-FollowerState
2023-02-16 16:34:06,879 [22be8fd8-b8c6-40ff-8f14-846d94d7e632@group-4111298E9143-FollowerState] INFO  server.RaftServer$Division (RaftServerImpl.java:setRole(321)) - 22be8fd8-b8c6-40ff-8f14-846d94d7e632@group-4111298E9143: changes role from  FOLLOWER to CANDIDATE at term 0 for changeToCandidate
2023-02-16 16:34:06,879 [22be8fd8-b8c6-40ff-8f14-846d94d7e632@group-4111298E9143-FollowerState] INFO  server.RaftServerConfigKeys (ConfUtils.java:logGet(46)) - raft.server.leaderelection.pre-vote = true (default)
2023-02-16 16:34:06,879 [22be8fd8-b8c6-40ff-8f14-846d94d7e632@group-4111298E9143-FollowerState] INFO  impl.RoleInfo (RoleInfo.java:updateAndGet(139)) - 22be8fd8-b8c6-40ff-8f14-846d94d7e632: start 22be8fd8-b8c6-40ff-8f14-846d94d7e632@group-4111298E9143-LeaderElection11
2023-02-16 16:34:06,891 [22be8fd8-b8c6-40ff-8f14-846d94d7e632@group-4111298E9143-LeaderElection11] INFO  impl.LeaderElection (LeaderElection.java:askForVotes(312)) - 22be8fd8-b8c6-40ff-8f14-846d94d7e632@group-4111298E9143-LeaderElection11 PRE_VOTE round 0: submit vote requests at term 0 for -1: peers:[22be8fd8-b8c6-40ff-8f14-846d94d7e632|rpc:10.1.0.66:43577|dataStream:10.1.0.66:37909|priority:1|startupRole:FOLLOWER]|listeners:[], old=null
2023-02-16 16:34:06,891 [22be8fd8-b8c6-40ff-8f14-846d94d7e632@group-4111298E9143-LeaderElection11] INFO  impl.LeaderElection (LeaderElection.java:askForVotes(314)) - 22be8fd8-b8c6-40ff-8f14-846d94d7e632@group-4111298E9143-LeaderElection11 PRE_VOTE round 0: result PASSED (term=0)
2023-02-16 16:34:06,893 [grpc-default-executor-0] INFO  server.RaftServer$Division (RaftServerImpl.java:requestVote(1218)) - 9f5e5902-bacc-4266-a878-65e39c3ba6e9@group-5E99F9516C48: receive requestVote(PRE_VOTE, 22be8fd8-b8c6-40ff-8f14-846d94d7e632, group-5E99F9516C48, 0, (t:0, i:0))
2023-02-16 16:34:06,893 [grpc-default-executor-0] INFO  impl.VoteContext (VoteContext.java:log(49)) - 9f5e5902-bacc-4266-a878-65e39c3ba6e9@group-5E99F9516C48-FOLLOWER: accept PRE_VOTE from 22be8fd8-b8c6-40ff-8f14-846d94d7e632: our priority 0 <= candidate's priority 1
2023-02-16 16:34:06,893 [grpc-default-executor-0] INFO  server.RaftServer$Division (RaftServerImpl.java:requestVote(1251)) - 9f5e5902-bacc-4266-a878-65e39c3ba6e9@group-5E99F9516C48 replies to PRE_VOTE vote request: 22be8fd8-b8c6-40ff-8f14-846d94d7e632<-9f5e5902-bacc-4266-a878-65e39c3ba6e9#0:OK-t0. Peer's state: 9f5e5902-bacc-4266-a878-65e39c3ba6e9@group-5E99F9516C48:t0, leader=null, voted=, raftlog=Memoized:9f5e5902-bacc-4266-a878-65e39c3ba6e9@group-5E99F9516C48-SegmentedRaftLog:OPENED:c-1, conf=-1: peers:[22be8fd8-b8c6-40ff-8f14-846d94d7e632|rpc:10.1.0.66:43577|dataStream:10.1.0.66:37909|priority:1|startupRole:FOLLOWER, 640e7d3f-2dbd-4e46-b500-a7d3223ba7d6|rpc:10.1.0.66:35785|dataStream:10.1.0.66:41863|priority:0|startupRole:FOLLOWER, 9f5e5902-bacc-4266-a878-65e39c3ba6e9|rpc:10.1.0.66:37011|dataStream:10.1.0.66:40567|priority:0|startupRole:FOLLOWER]|listeners:[], old=null
2023-02-16 16:34:06,896 [22be8fd8-b8c6-40ff-8f14-846d94d7e632@group-4111298E9143-LeaderElection11] INFO  impl.LeaderElection (LeaderElection.java:askForVotes(312)) - 22be8fd8-b8c6-40ff-8f14-846d94d7e632@group-4111298E9143-LeaderElection11 ELECTION round 0: submit vote requests at term 1 for -1: peers:[22be8fd8-b8c6-40ff-8f14-846d94d7e632|rpc:10.1.0.66:43577|dataStream:10.1.0.66:37909|priority:1|startupRole:FOLLOWER]|listeners:[], old=null
2023-02-16 16:34:06,896 [22be8fd8-b8c6-40ff-8f14-846d94d7e632@group-4111298E9143-LeaderElection11] INFO  impl.LeaderElection (LeaderElection.java:askForVotes(314)) - 22be8fd8-b8c6-40ff-8f14-846d94d7e632@group-4111298E9143-LeaderElection11 ELECTION round 0: result PASSED (term=1)
2023-02-16 16:34:06,896 [22be8fd8-b8c6-40ff-8f14-846d94d7e632@group-4111298E9143-LeaderElection11] INFO  impl.RoleInfo (RoleInfo.java:shutdownLeaderElection(130)) - 22be8fd8-b8c6-40ff-8f14-846d94d7e632: shutdown 22be8fd8-b8c6-40ff-8f14-846d94d7e632@group-4111298E9143-LeaderElection11
2023-02-16 16:34:06,896 [22be8fd8-b8c6-40ff-8f14-846d94d7e632@group-4111298E9143-LeaderElection11] INFO  server.RaftServer$Division (RaftServerImpl.java:setRole(321)) - 22be8fd8-b8c6-40ff-8f14-846d94d7e632@group-4111298E9143: changes role from CANDIDATE to LEADER at term 1 for changeToLeader
2023-02-16 16:34:06,896 [22be8fd8-b8c6-40ff-8f14-846d94d7e632@group-4111298E9143-LeaderElection11] INFO  ratis.XceiverServerRatis (XceiverServerRatis.java:handleLeaderChangedNotification(905)) - Leader change notification received for group: group-4111298E9143 with new leaderId: 22be8fd8-b8c6-40ff-8f14-846d94d7e632
2023-02-16 16:34:06,897 [22be8fd8-b8c6-40ff-8f14-846d94d7e632@group-4111298E9143-LeaderElection11] INFO  server.RaftServer$Division (ServerState.java:setLeader(313)) - 22be8fd8-b8c6-40ff-8f14-846d94d7e632@group-4111298E9143: change Leader from null to 22be8fd8-b8c6-40ff-8f14-846d94d7e632 at term 1 for becomeLeader, leader elected after 5075ms
2023-02-16 16:34:06,897 [22be8fd8-b8c6-40ff-8f14-846d94d7e632@group-4111298E9143-LeaderElection11] INFO  server.RaftServerConfigKeys (ConfUtils.java:logGet(46)) - raft.server.staging.catchup.gap = 1000 (default)
2023-02-16 16:34:06,897 [22be8fd8-b8c6-40ff-8f14-846d94d7e632@group-4111298E9143-LeaderElection11] INFO  server.RaftServerConfigKeys (ConfUtils.java:logGet(46)) - raft.server.write.element-limit = 1024 (custom)
2023-02-16 16:34:06,897 [22be8fd8-b8c6-40ff-8f14-846d94d7e632@group-4111298E9143-LeaderElection11] INFO  server.RaftServerConfigKeys (ConfUtils.java:logGet(46)) - raft.server.write.byte-limit = 1024 M (=1073741824) (custom)
2023-02-16 16:34:06,897 [22be8fd8-b8c6-40ff-8f14-846d94d7e632@group-4111298E9143-LeaderElection11] INFO  server.RaftServerConfigKeys (ConfUtils.java:logGet(46)) - raft.server.watch.timeout = 180s (custom)
2023-02-16 16:34:06,898 [grpc-default-executor-0] INFO  server.RaftServer$Division (RaftServerImpl.java:requestVote(1218)) - 640e7d3f-2dbd-4e46-b500-a7d3223ba7d6@group-5E99F9516C48: receive requestVote(PRE_VOTE, 22be8fd8-b8c6-40ff-8f14-846d94d7e632, group-5E99F9516C48, 0, (t:0, i:0))
2023-02-16 16:34:06,901 [grpc-default-executor-0] INFO  impl.VoteContext (VoteContext.java:log(49)) - 640e7d3f-2dbd-4e46-b500-a7d3223ba7d6@group-5E99F9516C48-FOLLOWER: accept PRE_VOTE from 22be8fd8-b8c6-40ff-8f14-846d94d7e632: our priority 0 <= candidate's priority 1
2023-02-16 16:34:06,902 [grpc-default-executor-0] INFO  server.RaftServer$Division (RaftServerImpl.java:requestVote(1251)) - 640e7d3f-2dbd-4e46-b500-a7d3223ba7d6@group-5E99F9516C48 replies to PRE_VOTE vote request: 22be8fd8-b8c6-40ff-8f14-846d94d7e632<-640e7d3f-2dbd-4e46-b500-a7d3223ba7d6#0:OK-t0. Peer's state: 640e7d3f-2dbd-4e46-b500-a7d3223ba7d6@group-5E99F9516C48:t0, leader=null, voted=, raftlog=Memoized:640e7d3f-2dbd-4e46-b500-a7d3223ba7d6@group-5E99F9516C48-SegmentedRaftLog:OPENED:c-1, conf=-1: peers:[22be8fd8-b8c6-40ff-8f14-846d94d7e632|rpc:10.1.0.66:43577|dataStream:10.1.0.66:37909|priority:1|startupRole:FOLLOWER, 640e7d3f-2dbd-4e46-b500-a7d3223ba7d6|rpc:10.1.0.66:35785|dataStream:10.1.0.66:41863|priority:0|startupRole:FOLLOWER, 9f5e5902-bacc-4266-a878-65e39c3ba6e9|rpc:10.1.0.66:37011|dataStream:10.1.0.66:40567|priority:0|startupRole:FOLLOWER]|listeners:[], old=null
2023-02-16 16:34:06,898 [EventQueue-OpenPipelineForHealthyPipelineSafeModeRule] INFO  safemode.SCMSafeModeManager (HealthyPipelineSafeModeRule.java:process(137)) - SCM in safe mode. Healthy pipelines reported count is 0, required healthy pipeline reported count is 1
2023-02-16 16:34:06,897 [22be8fd8-b8c6-40ff-8f14-846d94d7e632@group-5E99F9516C48-LeaderElection10] INFO  impl.LeaderElection (LeaderElection.java:logAndReturn(90)) - 22be8fd8-b8c6-40ff-8f14-846d94d7e632@group-5E99F9516C48-LeaderElection10: PRE_VOTE PASSED received 1 response(s) and 0 exception(s):
2023-02-16 16:34:06,904 [22be8fd8-b8c6-40ff-8f14-846d94d7e632@group-5E99F9516C48-LeaderElection10] INFO  impl.LeaderElection (LeaderElection.java:logAndReturn(94)) -   Response 0: 22be8fd8-b8c6-40ff-8f14-846d94d7e632<-9f5e5902-bacc-4266-a878-65e39c3ba6e9#0:OK-t0
2023-02-16 16:34:06,904 [22be8fd8-b8c6-40ff-8f14-846d94d7e632@group-5E99F9516C48-LeaderElection10] INFO  impl.LeaderElection (LeaderElection.java:askForVotes(314)) - 22be8fd8-b8c6-40ff-8f14-846d94d7e632@group-5E99F9516C48-LeaderElection10 PRE_VOTE round 0: result PASSED
2023-02-16 16:34:06,902 [22be8fd8-b8c6-40ff-8f14-846d94d7e632@group-4111298E9143-LeaderElection11] INFO  server.RaftServerConfigKeys (ConfUtils.java:logGet(46)) - raft.server.watch.timeout.denomination = 1s (default)
2023-02-16 16:34:06,904 [22be8fd8-b8c6-40ff-8f14-846d94d7e632@group-4111298E9143-LeaderElection11] INFO  server.RaftServerConfigKeys (ConfUtils.java:logGet(46)) - raft.server.watch.element-limit = 65536 (default)
2023-02-16 16:34:06,905 [22be8fd8-b8c6-40ff-8f14-846d94d7e632@group-5E99F9516C48-LeaderElection10] INFO  impl.LeaderElection (LeaderElection.java:askForVotes(312)) - 22be8fd8-b8c6-40ff-8f14-846d94d7e632@group-5E99F9516C48-LeaderElection10 ELECTION round 0: submit vote requests at term 1 for -1: peers:[22be8fd8-b8c6-40ff-8f14-846d94d7e632|rpc:10.1.0.66:43577|dataStream:10.1.0.66:37909|priority:1|startupRole:FOLLOWER, 640e7d3f-2dbd-4e46-b500-a7d3223ba7d6|rpc:10.1.0.66:35785|dataStream:10.1.0.66:41863|priority:0|startupRole:FOLLOWER, 9f5e5902-bacc-4266-a878-65e39c3ba6e9|rpc:10.1.0.66:37011|dataStream:10.1.0.66:40567|priority:0|startupRole:FOLLOWER]|listeners:[], old=null
2023-02-16 16:34:06,905 [22be8fd8-b8c6-40ff-8f14-846d94d7e632@group-4111298E9143-LeaderElection11] INFO  server.RaftServerConfigKeys (ConfUtils.java:logGet(46)) - raft.server.write.element-limit = 1024 (custom)
2023-02-16 16:34:06,906 [22be8fd8-b8c6-40ff-8f14-846d94d7e632@group-4111298E9143-LeaderElection11] INFO  server.RaftServerConfigKeys (ConfUtils.java:logGet(46)) - raft.server.write.follower.gap.ratio.max = -1.0 (default)
2023-02-16 16:34:06,906 [22be8fd8-b8c6-40ff-8f14-846d94d7e632@group-4111298E9143-LeaderElection11] INFO  impl.RoleInfo (RoleInfo.java:updateAndGet(139)) - 22be8fd8-b8c6-40ff-8f14-846d94d7e632: start 22be8fd8-b8c6-40ff-8f14-846d94d7e632@group-4111298E9143-LeaderStateImpl
2023-02-16 16:34:06,906 [22be8fd8-b8c6-40ff-8f14-846d94d7e632@group-4111298E9143-LeaderElection11] INFO  segmented.SegmentedRaftLogWorker (SegmentedRaftLogWorker.java:startLogSegment(452)) - 22be8fd8-b8c6-40ff-8f14-846d94d7e632@group-4111298E9143-SegmentedRaftLogWorker: Starting segment from index:0
2023-02-16 16:34:06,911 [22be8fd8-b8c6-40ff-8f14-846d94d7e632@group-5E99F9516C48-LeaderElection10] INFO  server.RaftServerConfigKeys (ConfUtils.java:logFallback(53)) - raft.server.rpc.first-election.timeout.min = 5s (fallback to raft.server.rpc.timeout.min)
2023-02-16 16:34:06,915 [22be8fd8-b8c6-40ff-8f14-846d94d7e632@group-5E99F9516C48-LeaderElection10] INFO  server.RaftServerConfigKeys (ConfUtils.java:logFallback(53)) - raft.server.rpc.first-election.timeout.max = 5200ms (fallback to raft.server.rpc.timeout.max)
2023-02-16 16:34:06,915 [grpc-default-executor-0] INFO  server.RaftServer$Division (RaftServerImpl.java:requestVote(1218)) - 640e7d3f-2dbd-4e46-b500-a7d3223ba7d6@group-5E99F9516C48: receive requestVote(ELECTION, 22be8fd8-b8c6-40ff-8f14-846d94d7e632, group-5E99F9516C48, 1, (t:0, i:0))
2023-02-16 16:34:06,915 [grpc-default-executor-0] INFO  impl.VoteContext (VoteContext.java:log(49)) - 640e7d3f-2dbd-4e46-b500-a7d3223ba7d6@group-5E99F9516C48-FOLLOWER: accept ELECTION from 22be8fd8-b8c6-40ff-8f14-846d94d7e632: our priority 0 <= candidate's priority 1
2023-02-16 16:34:06,915 [grpc-default-executor-0] INFO  server.RaftServer$Division (RaftServerImpl.java:setRole(321)) - 640e7d3f-2dbd-4e46-b500-a7d3223ba7d6@group-5E99F9516C48: changes role from  FOLLOWER to FOLLOWER at term 1 for candidate:22be8fd8-b8c6-40ff-8f14-846d94d7e632
2023-02-16 16:34:06,915 [grpc-default-executor-0] INFO  impl.RoleInfo (RoleInfo.java:shutdownFollowerState(110)) - 640e7d3f-2dbd-4e46-b500-a7d3223ba7d6: shutdown 640e7d3f-2dbd-4e46-b500-a7d3223ba7d6@group-5E99F9516C48-FollowerState
2023-02-16 16:34:06,916 [22be8fd8-b8c6-40ff-8f14-846d94d7e632@group-4111298E9143-LeaderElection11] INFO  server.RaftServer$Division (ServerState.java:setRaftConf(430)) - 22be8fd8-b8c6-40ff-8f14-846d94d7e632@group-4111298E9143: set configuration 0: peers:[22be8fd8-b8c6-40ff-8f14-846d94d7e632|rpc:10.1.0.66:43577|dataStream:10.1.0.66:37909|priority:1|startupRole:FOLLOWER]|listeners:[], old=null
2023-02-16 16:34:06,919 [22be8fd8-b8c6-40ff-8f14-846d94d7e632@group-4111298E9143-SegmentedRaftLogWorker] INFO  segmented.SegmentedRaftLogWorker (SegmentedRaftLogWorker.java:execute(656)) - 22be8fd8-b8c6-40ff-8f14-846d94d7e632@group-4111298E9143-SegmentedRaftLogWorker: created new log segment /home/runner/work/ozone/ozone/hadoop-ozone/integration-test/target/test-dir/MiniOzoneClusterImpl-34b8c8ad-1b7a-4f1a-91f5-8cb1859b150b/datanode-0/data/ratis/538a8a59-8e39-4c51-ae89-4111298e9143/current/log_inprogress_0
2023-02-16 16:34:06,923 [grpc-default-executor-0] INFO  impl.RoleInfo (RoleInfo.java:updateAndGet(139)) - 640e7d3f-2dbd-4e46-b500-a7d3223ba7d6: start 640e7d3f-2dbd-4e46-b500-a7d3223ba7d6@group-5E99F9516C48-FollowerState
2023-02-16 16:34:06,923 [640e7d3f-2dbd-4e46-b500-a7d3223ba7d6@group-5E99F9516C48-FollowerState] INFO  impl.FollowerState (FollowerState.java:run(152)) - 640e7d3f-2dbd-4e46-b500-a7d3223ba7d6@group-5E99F9516C48-FollowerState was interrupted
2023-02-16 16:34:06,931 [grpc-default-executor-1] INFO  server.RaftServer$Division (RaftServerImpl.java:requestVote(1218)) - 9f5e5902-bacc-4266-a878-65e39c3ba6e9@group-5E99F9516C48: receive requestVote(ELECTION, 22be8fd8-b8c6-40ff-8f14-846d94d7e632, group-5E99F9516C48, 1, (t:0, i:0))
2023-02-16 16:34:06,931 [grpc-default-executor-0] INFO  server.RaftServer$Division (RaftServerImpl.java:requestVote(1251)) - 640e7d3f-2dbd-4e46-b500-a7d3223ba7d6@group-5E99F9516C48 replies to ELECTION vote request: 22be8fd8-b8c6-40ff-8f14-846d94d7e632<-640e7d3f-2dbd-4e46-b500-a7d3223ba7d6#0:OK-t1. Peer's state: 640e7d3f-2dbd-4e46-b500-a7d3223ba7d6@group-5E99F9516C48:t1, leader=null, voted=22be8fd8-b8c6-40ff-8f14-846d94d7e632, raftlog=Memoized:640e7d3f-2dbd-4e46-b500-a7d3223ba7d6@group-5E99F9516C48-SegmentedRaftLog:OPENED:c-1, conf=-1: peers:[22be8fd8-b8c6-40ff-8f14-846d94d7e632|rpc:10.1.0.66:43577|dataStream:10.1.0.66:37909|priority:1|startupRole:FOLLOWER, 640e7d3f-2dbd-4e46-b500-a7d3223ba7d6|rpc:10.1.0.66:35785|dataStream:10.1.0.66:41863|priority:0|startupRole:FOLLOWER, 9f5e5902-bacc-4266-a878-65e39c3ba6e9|rpc:10.1.0.66:37011|dataStream:10.1.0.66:40567|priority:0|startupRole:FOLLOWER]|listeners:[], old=null
2023-02-16 16:34:06,932 [22be8fd8-b8c6-40ff-8f14-846d94d7e632@group-5E99F9516C48-LeaderElection10] INFO  impl.LeaderElection (LeaderElection.java:logAndReturn(90)) - 22be8fd8-b8c6-40ff-8f14-846d94d7e632@group-5E99F9516C48-LeaderElection10: ELECTION PASSED received 1 response(s) and 0 exception(s):
2023-02-16 16:34:06,932 [22be8fd8-b8c6-40ff-8f14-846d94d7e632@group-5E99F9516C48-LeaderElection10] INFO  impl.LeaderElection (LeaderElection.java:logAndReturn(94)) -   Response 0: 22be8fd8-b8c6-40ff-8f14-846d94d7e632<-640e7d3f-2dbd-4e46-b500-a7d3223ba7d6#0:OK-t1
2023-02-16 16:34:06,932 [22be8fd8-b8c6-40ff-8f14-846d94d7e632@group-5E99F9516C48-LeaderElection10] INFO  impl.LeaderElection (LeaderElection.java:askForVotes(314)) - 22be8fd8-b8c6-40ff-8f14-846d94d7e632@group-5E99F9516C48-LeaderElection10 ELECTION round 0: result PASSED
2023-02-16 16:34:06,932 [22be8fd8-b8c6-40ff-8f14-846d94d7e632@group-5E99F9516C48-LeaderElection10] INFO  impl.RoleInfo (RoleInfo.java:shutdownLeaderElection(130)) - 22be8fd8-b8c6-40ff-8f14-846d94d7e632: shutdown 22be8fd8-b8c6-40ff-8f14-846d94d7e632@group-5E99F9516C48-LeaderElection10
2023-02-16 16:34:06,932 [22be8fd8-b8c6-40ff-8f14-846d94d7e632@group-5E99F9516C48-LeaderElection10] INFO  server.RaftServer$Division (RaftServerImpl.java:setRole(321)) - 22be8fd8-b8c6-40ff-8f14-846d94d7e632@group-5E99F9516C48: changes role from CANDIDATE to LEADER at term 1 for changeToLeader
2023-02-16 16:34:06,932 [22be8fd8-b8c6-40ff-8f14-846d94d7e632@group-5E99F9516C48-LeaderElection10] INFO  ratis.XceiverServerRatis (XceiverServerRatis.java:handleLeaderChangedNotification(905)) - Leader change notification received for group: group-5E99F9516C48 with new leaderId: 22be8fd8-b8c6-40ff-8f14-846d94d7e632
2023-02-16 16:34:06,933 [22be8fd8-b8c6-40ff-8f14-846d94d7e632@group-5E99F9516C48-LeaderElection10] INFO  server.RaftServer$Division (ServerState.java:setLeader(313)) - 22be8fd8-b8c6-40ff-8f14-846d94d7e632@group-5E99F9516C48: change Leader from null to 22be8fd8-b8c6-40ff-8f14-846d94d7e632 at term 1 for becomeLeader, leader elected after 5085ms
2023-02-16 16:34:06,933 [22be8fd8-b8c6-40ff-8f14-846d94d7e632@group-5E99F9516C48-LeaderElection10] INFO  server.RaftServerConfigKeys (ConfUtils.java:logGet(46)) - raft.server.staging.catchup.gap = 1000 (default)
2023-02-16 16:34:06,933 [22be8fd8-b8c6-40ff-8f14-846d94d7e632@group-5E99F9516C48-LeaderElection10] INFO  server.RaftServerConfigKeys (ConfUtils.java:logGet(46)) - raft.server.write.element-limit = 1024 (custom)
2023-02-16 16:34:06,933 [22be8fd8-b8c6-40ff-8f14-846d94d7e632@group-5E99F9516C48-LeaderElection10] INFO  server.RaftServerConfigKeys (ConfUtils.java:logGet(46)) - raft.server.write.byte-limit = 1024 M (=1073741824) (custom)
2023-02-16 16:34:06,933 [22be8fd8-b8c6-40ff-8f14-846d94d7e632@group-5E99F9516C48-LeaderElection10] INFO  server.RaftServerConfigKeys (ConfUtils.java:logGet(46)) - raft.server.watch.timeout = 180s (custom)
2023-02-16 16:34:06,933 [22be8fd8-b8c6-40ff-8f14-846d94d7e632@group-5E99F9516C48-LeaderElection10] INFO  server.RaftServerConfigKeys (ConfUtils.java:logGet(46)) - raft.server.watch.timeout.denomination = 1s (default)
2023-02-16 16:34:06,933 [22be8fd8-b8c6-40ff-8f14-846d94d7e632@group-5E99F9516C48-LeaderElection10] INFO  server.RaftServerConfigKeys (ConfUtils.java:logGet(46)) - raft.server.watch.element-limit = 65536 (default)
2023-02-16 16:34:06,933 [22be8fd8-b8c6-40ff-8f14-846d94d7e632@group-5E99F9516C48-LeaderElection10] INFO  server.RaftServerConfigKeys (ConfUtils.java:logGet(46)) - raft.server.write.element-limit = 1024 (custom)
2023-02-16 16:34:06,933 [22be8fd8-b8c6-40ff-8f14-846d94d7e632@group-5E99F9516C48-LeaderElection10] INFO  server.RaftServerConfigKeys (ConfUtils.java:logGet(46)) - raft.server.write.follower.gap.ratio.max = -1.0 (default)
2023-02-16 16:34:06,933 [22be8fd8-b8c6-40ff-8f14-846d94d7e632@group-5E99F9516C48-LeaderElection10] INFO  server.RaftServerConfigKeys (ConfUtils.java:logGet(46)) - raft.server.log.appender.snapshot.chunk.size.max = 16MB (=16777216) (default)
2023-02-16 16:34:06,934 [22be8fd8-b8c6-40ff-8f14-846d94d7e632@group-5E99F9516C48-LeaderElection10] INFO  server.RaftServerConfigKeys (ConfUtils.java:logGet(46)) - raft.server.log.appender.buffer.byte-limit = 33554432 (custom)
2023-02-16 16:34:06,934 [22be8fd8-b8c6-40ff-8f14-846d94d7e632@group-5E99F9516C48-LeaderElection10] INFO  server.RaftServerConfigKeys (ConfUtils.java:logGet(46)) - raft.server.log.appender.buffer.element-limit = 1 (custom)
2023-02-16 16:34:06,934 [22be8fd8-b8c6-40ff-8f14-846d94d7e632@group-5E99F9516C48-LeaderElection10] INFO  grpc.GrpcConfigKeys (ConfUtils.java:logGet(46)) - raft.grpc.server.leader.outstanding.appends.max = 128 (default)
2023-02-16 16:34:06,934 [22be8fd8-b8c6-40ff-8f14-846d94d7e632@group-5E99F9516C48-LeaderElection10] INFO  server.RaftServerConfigKeys (ConfUtils.java:logGet(46)) - raft.server.rpc.request.timeout = 60s (custom)
2023-02-16 16:34:06,934 [22be8fd8-b8c6-40ff-8f14-846d94d7e632@group-5E99F9516C48-LeaderElection10] INFO  server.RaftServerConfigKeys (ConfUtils.java:logGet(46)) - raft.server.log.appender.install.snapshot.enabled = false (custom)
2023-02-16 16:34:06,934 [22be8fd8-b8c6-40ff-8f14-846d94d7e632@group-5E99F9516C48-LeaderElection10] INFO  grpc.GrpcConfigKeys (ConfUtils.java:logGet(46)) - raft.grpc.server.heartbeat.channel = true (default)
2023-02-16 16:34:06,934 [22be8fd8-b8c6-40ff-8f14-846d94d7e632@group-5E99F9516C48-LeaderElection10] INFO  server.RaftServerConfigKeys (ConfUtils.java:logGet(46)) - raft.server.log.appender.wait-time.min = 10ms (default)
2023-02-16 16:34:06,934 [22be8fd8-b8c6-40ff-8f14-846d94d7e632@group-5E99F9516C48-LeaderElection10] INFO  server.RaftServerConfigKeys (ConfUtils.java:logGet(46)) - raft.server.log.appender.snapshot.chunk.size.max = 16MB (=16777216) (default)
2023-02-16 16:34:06,934 [22be8fd8-b8c6-40ff-8f14-846d94d7e632@group-5E99F9516C48-LeaderElection10] INFO  server.RaftServerConfigKeys (ConfUtils.java:logGet(46)) - raft.server.log.appender.buffer.byte-limit = 33554432 (custom)
2023-02-16 16:34:06,934 [22be8fd8-b8c6-40ff-8f14-846d94d7e632@group-5E99F9516C48-LeaderElection10] INFO  server.RaftServerConfigKeys (ConfUtils.java:logGet(46)) - raft.server.log.appender.buffer.element-limit = 1 (custom)
2023-02-16 16:34:06,934 [22be8fd8-b8c6-40ff-8f14-846d94d7e632@group-5E99F9516C48-LeaderElection10] INFO  grpc.GrpcConfigKeys (ConfUtils.java:logGet(46)) - raft.grpc.server.leader.outstanding.appends.max = 128 (default)
2023-02-16 16:34:06,936 [22be8fd8-b8c6-40ff-8f14-846d94d7e632@group-5E99F9516C48-LeaderElection10] INFO  server.RaftServerConfigKeys (ConfUtils.java:logGet(46)) - raft.server.rpc.request.timeout = 60s (custom)
2023-02-16 16:34:06,936 [22be8fd8-b8c6-40ff-8f14-846d94d7e632@group-5E99F9516C48-LeaderElection10] INFO  server.RaftServerConfigKeys (ConfUtils.java:logGet(46)) - raft.server.log.appender.install.snapshot.enabled = false (custom)
2023-02-16 16:34:06,936 [22be8fd8-b8c6-40ff-8f14-846d94d7e632@group-5E99F9516C48-LeaderElection10] INFO  grpc.GrpcConfigKeys (ConfUtils.java:logGet(46)) - raft.grpc.server.heartbeat.channel = true (default)
2023-02-16 16:34:06,936 [22be8fd8-b8c6-40ff-8f14-846d94d7e632@group-5E99F9516C48-LeaderElection10] INFO  server.RaftServerConfigKeys (ConfUtils.java:logGet(46)) - raft.server.log.appender.wait-time.min = 10ms (default)
2023-02-16 16:34:06,936 [22be8fd8-b8c6-40ff-8f14-846d94d7e632@group-5E99F9516C48-LeaderElection10] INFO  impl.RoleInfo (RoleInfo.java:updateAndGet(139)) - 22be8fd8-b8c6-40ff-8f14-846d94d7e632: start 22be8fd8-b8c6-40ff-8f14-846d94d7e632@group-5E99F9516C48-LeaderStateImpl
2023-02-16 16:34:06,936 [22be8fd8-b8c6-40ff-8f14-846d94d7e632@group-5E99F9516C48-LeaderElection10] INFO  segmented.SegmentedRaftLogWorker (SegmentedRaftLogWorker.java:startLogSegment(452)) - 22be8fd8-b8c6-40ff-8f14-846d94d7e632@group-5E99F9516C48-SegmentedRaftLogWorker: Starting segment from index:0
2023-02-16 16:34:06,931 [grpc-default-executor-1] INFO  impl.VoteContext (VoteContext.java:log(49)) - 9f5e5902-bacc-4266-a878-65e39c3ba6e9@group-5E99F9516C48-FOLLOWER: accept ELECTION from 22be8fd8-b8c6-40ff-8f14-846d94d7e632: our priority 0 <= candidate's priority 1
2023-02-16 16:34:06,937 [grpc-default-executor-1] INFO  server.RaftServer$Division (RaftServerImpl.java:setRole(321)) - 9f5e5902-bacc-4266-a878-65e39c3ba6e9@group-5E99F9516C48: changes role from  FOLLOWER to FOLLOWER at term 1 for candidate:22be8fd8-b8c6-40ff-8f14-846d94d7e632
2023-02-16 16:34:06,937 [grpc-default-executor-1] INFO  impl.RoleInfo (RoleInfo.java:shutdownFollowerState(110)) - 9f5e5902-bacc-4266-a878-65e39c3ba6e9: shutdown 9f5e5902-bacc-4266-a878-65e39c3ba6e9@group-5E99F9516C48-FollowerState
2023-02-16 16:34:06,937 [grpc-default-executor-1] INFO  impl.RoleInfo (RoleInfo.java:updateAndGet(139)) - 9f5e5902-bacc-4266-a878-65e39c3ba6e9: start 9f5e5902-bacc-4266-a878-65e39c3ba6e9@group-5E99F9516C48-FollowerState
2023-02-16 16:34:06,937 [9f5e5902-bacc-4266-a878-65e39c3ba6e9@group-5E99F9516C48-FollowerState] INFO  impl.FollowerState (FollowerState.java:run(152)) - 9f5e5902-bacc-4266-a878-65e39c3ba6e9@group-5E99F9516C48-FollowerState was interrupted
2023-02-16 16:34:06,931 [640e7d3f-2dbd-4e46-b500-a7d3223ba7d6@group-5E99F9516C48-FollowerState] INFO  server.RaftServerConfigKeys (ConfUtils.java:logFallback(53)) - raft.server.rpc.first-election.timeout.min = 5s (fallback to raft.server.rpc.timeout.min)
2023-02-16 16:34:06,935 [EventQueue-PipelineReportForPipelineReportHandler] INFO  pipeline.PipelineManagerImpl (PipelineManagerImpl.java:openPipeline(367)) - Pipeline Pipeline[ Id: 2e50dcc1-ee07-4a60-9aea-5e99f9516c48, Nodes: 9f5e5902-bacc-4266-a878-65e39c3ba6e9(fv-az167-289.21ktoceh2wee5fewwtpg1zd01g.bx.internal.cloudapp.net/10.1.0.66)640e7d3f-2dbd-4e46-b500-a7d3223ba7d6(fv-az167-289.21ktoceh2wee5fewwtpg1zd01g.bx.internal.cloudapp.net/10.1.0.66)22be8fd8-b8c6-40ff-8f14-846d94d7e632(fv-az167-289.21ktoceh2wee5fewwtpg1zd01g.bx.internal.cloudapp.net/10.1.0.66), ReplicationConfig: RATIS/THREE, State:ALLOCATED, leaderId:22be8fd8-b8c6-40ff-8f14-846d94d7e632, CreationTimestamp2023-02-16T16:33:59.509Z[Etc/UTC]] moved to OPEN state
2023-02-16 16:34:06,938 [640e7d3f-2dbd-4e46-b500-a7d3223ba7d6@group-5E99F9516C48-FollowerState] INFO  server.RaftServerConfigKeys (ConfUtils.java:logFallback(53)) - raft.server.rpc.first-election.timeout.max = 5200ms (fallback to raft.server.rpc.timeout.max)
2023-02-16 16:34:06,939 [22be8fd8-b8c6-40ff-8f14-846d94d7e632@group-5E99F9516C48-SegmentedRaftLogWorker] INFO  segmented.SegmentedRaftLogWorker (SegmentedRaftLogWorker.java:execute(656)) - 22be8fd8-b8c6-40ff-8f14-846d94d7e632@group-5E99F9516C48-SegmentedRaftLogWorker: created new log segment /home/runner/work/ozone/ozone/hadoop-ozone/integration-test/target/test-dir/MiniOzoneClusterImpl-34b8c8ad-1b7a-4f1a-91f5-8cb1859b150b/datanode-0/data/ratis/2e50dcc1-ee07-4a60-9aea-5e99f9516c48/current/log_inprogress_0
2023-02-16 16:34:06,939 [grpc-default-executor-1] INFO  server.RaftServer$Division (RaftServerImpl.java:requestVote(1251)) - 9f5e5902-bacc-4266-a878-65e39c3ba6e9@group-5E99F9516C48 replies to ELECTION vote request: 22be8fd8-b8c6-40ff-8f14-846d94d7e632<-9f5e5902-bacc-4266-a878-65e39c3ba6e9#0:OK-t1. Peer's state: 9f5e5902-bacc-4266-a878-65e39c3ba6e9@group-5E99F9516C48:t1, leader=null, voted=22be8fd8-b8c6-40ff-8f14-846d94d7e632, raftlog=Memoized:9f5e5902-bacc-4266-a878-65e39c3ba6e9@group-5E99F9516C48-SegmentedRaftLog:OPENED:c-1, conf=-1: peers:[22be8fd8-b8c6-40ff-8f14-846d94d7e632|rpc:10.1.0.66:43577|dataStream:10.1.0.66:37909|priority:1|startupRole:FOLLOWER, 640e7d3f-2dbd-4e46-b500-a7d3223ba7d6|rpc:10.1.0.66:35785|dataStream:10.1.0.66:41863|priority:0|startupRole:FOLLOWER, 9f5e5902-bacc-4266-a878-65e39c3ba6e9|rpc:10.1.0.66:37011|dataStream:10.1.0.66:40567|priority:0|startupRole:FOLLOWER]|listeners:[], old=null
2023-02-16 16:34:06,939 [9f5e5902-bacc-4266-a878-65e39c3ba6e9@group-5E99F9516C48-FollowerState] INFO  server.RaftServerConfigKeys (ConfUtils.java:logFallback(53)) - raft.server.rpc.first-election.timeout.min = 5s (fallback to raft.server.rpc.timeout.min)
2023-02-16 16:34:06,939 [EventQueue-OpenPipelineForHealthyPipelineSafeModeRule] INFO  safemode.SCMSafeModeManager (HealthyPipelineSafeModeRule.java:process(137)) - SCM in safe mode. Healthy pipelines reported count is 1, required healthy pipeline reported count is 1
2023-02-16 16:34:06,952 [EventQueue-OpenPipelineForHealthyPipelineSafeModeRule] INFO  safemode.SCMSafeModeManager (SCMSafeModeManager.java:validateSafeModeExitRules(200)) - HealthyPipelineSafeModeRule rule is successfully validated
2023-02-16 16:34:06,952 [EventQueue-OpenPipelineForHealthyPipelineSafeModeRule] INFO  safemode.SCMSafeModeManager (SCMSafeModeManager.java:validateSafeModeExitRules(215)) - ScmSafeModeManager, all rules are successfully validated
2023-02-16 16:34:06,952 [EventQueue-OpenPipelineForHealthyPipelineSafeModeRule] INFO  safemode.SCMSafeModeManager (SCMSafeModeManager.java:exitSafeMode(244)) - SCM exiting safe mode.
2023-02-16 16:34:06,952 [EventQueue-OpenPipelineForHealthyPipelineSafeModeRule] INFO  ha.SCMContext (SCMContext.java:updateSafeModeStatus(228)) - Update SafeModeStatus from SafeModeStatus{safeModeStatus=true, preCheckPassed=true} to SafeModeStatus{safeModeStatus=false, preCheckPassed=true}.
2023-02-16 16:34:06,952 [EventQueue-OpenPipelineForHealthyPipelineSafeModeRule] INFO  pipeline.BackgroundPipelineCreator (BackgroundPipelineCreator.java:notifyStatusChanged(254)) - Service BackgroundPipelineCreator transitions to RUNNING.
2023-02-16 16:34:06,952 [EventQueue-OpenPipelineForHealthyPipelineSafeModeRule] INFO  BackgroundPipelineScrubber (BackgroundSCMService.java:notifyStatusChanged(82)) - Service BackgroundPipelineScrubber transitions to RUNNING.
2023-02-16 16:34:06,952 [EventQueue-OpenPipelineForHealthyPipelineSafeModeRule] INFO  ExpiredContainerReplicaOpScrubber (BackgroundSCMService.java:notifyStatusChanged(82)) - Service ExpiredContainerReplicaOpScrubber transitions to RUNNING.
2023-02-16 16:34:06,952 [EventQueue-OpenPipelineForHealthyPipelineSafeModeRule] INFO  replication.ReplicationManager (ReplicationManager.java:notifyStatusChanged(1036)) - Service ReplicationManager transitions to RUNNING.
2023-02-16 16:34:06,952 [EventQueue-OpenPipelineForHealthyPipelineSafeModeRule] WARN  balancer.ContainerBalancer (ContainerBalancer.java:shouldRun(131)) - Could not find persisted configuration for ContainerBalancer when checking if ContainerBalancer should run. ContainerBalancer should not run now.
2023-02-16 16:34:06,952 [9f5e5902-bacc-4266-a878-65e39c3ba6e9@group-5E99F9516C48-FollowerState] INFO  server.RaftServerConfigKeys (ConfUtils.java:logFallback(53)) - raft.server.rpc.first-election.timeout.max = 5200ms (fallback to raft.server.rpc.timeout.max)
2023-02-16 16:34:06,949 [22be8fd8-b8c6-40ff-8f14-846d94d7e632@group-5E99F9516C48-LeaderElection10] INFO  server.RaftServer$Division (ServerState.java:setRaftConf(430)) - 22be8fd8-b8c6-40ff-8f14-846d94d7e632@group-5E99F9516C48: set configuration 0: peers:[22be8fd8-b8c6-40ff-8f14-846d94d7e632|rpc:10.1.0.66:43577|dataStream:10.1.0.66:37909|priority:1|startupRole:FOLLOWER, 640e7d3f-2dbd-4e46-b500-a7d3223ba7d6|rpc:10.1.0.66:35785|dataStream:10.1.0.66:41863|priority:0|startupRole:FOLLOWER, 9f5e5902-bacc-4266-a878-65e39c3ba6e9|rpc:10.1.0.66:37011|dataStream:10.1.0.66:40567|priority:0|startupRole:FOLLOWER]|listeners:[], old=null
2023-02-16 16:34:06,968 [640e7d3f-2dbd-4e46-b500-a7d3223ba7d6-server-thread2] INFO  ratis.XceiverServerRatis (XceiverServerRatis.java:handleLeaderChangedNotification(905)) - Leader change notification received for group: group-5E99F9516C48 with new leaderId: 22be8fd8-b8c6-40ff-8f14-846d94d7e632
2023-02-16 16:34:06,968 [640e7d3f-2dbd-4e46-b500-a7d3223ba7d6-server-thread2] INFO  server.RaftServer$Division (ServerState.java:setLeader(313)) - 640e7d3f-2dbd-4e46-b500-a7d3223ba7d6@group-5E99F9516C48: change Leader from null to 22be8fd8-b8c6-40ff-8f14-846d94d7e632 at term 1 for appendEntries, leader elected after 5035ms
2023-02-16 16:34:06,972 [640e7d3f-2dbd-4e46-b500-a7d3223ba7d6-server-thread2] INFO  server.RaftServer$Division (ServerState.java:setRaftConf(430)) - 640e7d3f-2dbd-4e46-b500-a7d3223ba7d6@group-5E99F9516C48: set configuration 0: peers:[22be8fd8-b8c6-40ff-8f14-846d94d7e632|rpc:10.1.0.66:43577|dataStream:10.1.0.66:37909|priority:1|startupRole:FOLLOWER, 640e7d3f-2dbd-4e46-b500-a7d3223ba7d6|rpc:10.1.0.66:35785|dataStream:10.1.0.66:41863|priority:0|startupRole:FOLLOWER, 9f5e5902-bacc-4266-a878-65e39c3ba6e9|rpc:10.1.0.66:37011|dataStream:10.1.0.66:40567|priority:0|startupRole:FOLLOWER]|listeners:[], old=null
2023-02-16 16:34:06,972 [640e7d3f-2dbd-4e46-b500-a7d3223ba7d6-server-thread2] INFO  segmented.SegmentedRaftLogWorker (SegmentedRaftLogWorker.java:startLogSegment(452)) - 640e7d3f-2dbd-4e46-b500-a7d3223ba7d6@group-5E99F9516C48-SegmentedRaftLogWorker: Starting segment from index:0
2023-02-16 16:34:06,973 [9f5e5902-bacc-4266-a878-65e39c3ba6e9-server-thread1] INFO  ratis.XceiverServerRatis (XceiverServerRatis.java:handleLeaderChangedNotification(905)) - Leader change notification received for group: group-5E99F9516C48 with new leaderId: 22be8fd8-b8c6-40ff-8f14-846d94d7e632
2023-02-16 16:34:06,979 [9f5e5902-bacc-4266-a878-65e39c3ba6e9-server-thread1] INFO  server.RaftServer$Division (ServerState.java:setLeader(313)) - 9f5e5902-bacc-4266-a878-65e39c3ba6e9@group-5E99F9516C48: change Leader from null to 22be8fd8-b8c6-40ff-8f14-846d94d7e632 at term 1 for appendEntries, leader elected after 5090ms
2023-02-16 16:34:06,982 [640e7d3f-2dbd-4e46-b500-a7d3223ba7d6@group-5E99F9516C48-SegmentedRaftLogWorker] INFO  segmented.SegmentedRaftLogWorker (SegmentedRaftLogWorker.java:execute(656)) - 640e7d3f-2dbd-4e46-b500-a7d3223ba7d6@group-5E99F9516C48-SegmentedRaftLogWorker: created new log segment /home/runner/work/ozone/ozone/hadoop-ozone/integration-test/target/test-dir/MiniOzoneClusterImpl-34b8c8ad-1b7a-4f1a-91f5-8cb1859b150b/datanode-1/data/ratis/2e50dcc1-ee07-4a60-9aea-5e99f9516c48/current/log_inprogress_0
2023-02-16 16:34:06,991 [9f5e5902-bacc-4266-a878-65e39c3ba6e9-server-thread2] INFO  server.RaftServer$Division (ServerState.java:setRaftConf(430)) - 9f5e5902-bacc-4266-a878-65e39c3ba6e9@group-5E99F9516C48: set configuration 0: peers:[22be8fd8-b8c6-40ff-8f14-846d94d7e632|rpc:10.1.0.66:43577|dataStream:10.1.0.66:37909|priority:1|startupRole:FOLLOWER, 640e7d3f-2dbd-4e46-b500-a7d3223ba7d6|rpc:10.1.0.66:35785|dataStream:10.1.0.66:41863|priority:0|startupRole:FOLLOWER, 9f5e5902-bacc-4266-a878-65e39c3ba6e9|rpc:10.1.0.66:37011|dataStream:10.1.0.66:40567|priority:0|startupRole:FOLLOWER]|listeners:[], old=null
2023-02-16 16:34:06,992 [9f5e5902-bacc-4266-a878-65e39c3ba6e9-server-thread2] INFO  segmented.SegmentedRaftLogWorker (SegmentedRaftLogWorker.java:startLogSegment(452)) - 9f5e5902-bacc-4266-a878-65e39c3ba6e9@group-5E99F9516C48-SegmentedRaftLogWorker: Starting segment from index:0
2023-02-16 16:34:06,993 [9f5e5902-bacc-4266-a878-65e39c3ba6e9@group-5E99F9516C48-SegmentedRaftLogWorker] INFO  segmented.SegmentedRaftLogWorker (SegmentedRaftLogWorker.java:execute(656)) - 9f5e5902-bacc-4266-a878-65e39c3ba6e9@group-5E99F9516C48-SegmentedRaftLogWorker: created new log segment /home/runner/work/ozone/ozone/hadoop-ozone/integration-test/target/test-dir/MiniOzoneClusterImpl-34b8c8ad-1b7a-4f1a-91f5-8cb1859b150b/datanode-2/data/ratis/2e50dcc1-ee07-4a60-9aea-5e99f9516c48/current/log_inprogress_0
2023-02-16 16:34:07,092 [640e7d3f-2dbd-4e46-b500-a7d3223ba7d6@group-12CE0A931D26-FollowerState] INFO  impl.FollowerState (FollowerState.java:run(143)) - 640e7d3f-2dbd-4e46-b500-a7d3223ba7d6@group-12CE0A931D26-FollowerState: change to CANDIDATE, lastRpcElapsedTime:5085179087ns, electionTimeout:5084ms
2023-02-16 16:34:07,093 [640e7d3f-2dbd-4e46-b500-a7d3223ba7d6@group-12CE0A931D26-FollowerState] INFO  impl.RoleInfo (RoleInfo.java:shutdownFollowerState(110)) - 640e7d3f-2dbd-4e46-b500-a7d3223ba7d6: shutdown 640e7d3f-2dbd-4e46-b500-a7d3223ba7d6@group-12CE0A931D26-FollowerState
2023-02-16 16:34:07,093 [640e7d3f-2dbd-4e46-b500-a7d3223ba7d6@group-12CE0A931D26-FollowerState] INFO  server.RaftServer$Division (RaftServerImpl.java:setRole(321)) - 640e7d3f-2dbd-4e46-b500-a7d3223ba7d6@group-12CE0A931D26: changes role from  FOLLOWER to CANDIDATE at term 0 for changeToCandidate
2023-02-16 16:34:07,093 [640e7d3f-2dbd-4e46-b500-a7d3223ba7d6@group-12CE0A931D26-FollowerState] INFO  server.RaftServerConfigKeys (ConfUtils.java:logGet(46)) - raft.server.leaderelection.pre-vote = true (default)
2023-02-16 16:34:07,093 [640e7d3f-2dbd-4e46-b500-a7d3223ba7d6@group-12CE0A931D26-FollowerState] INFO  impl.RoleInfo (RoleInfo.java:updateAndGet(139)) - 640e7d3f-2dbd-4e46-b500-a7d3223ba7d6: start 640e7d3f-2dbd-4e46-b500-a7d3223ba7d6@group-12CE0A931D26-LeaderElection12
2023-02-16 16:34:07,094 [640e7d3f-2dbd-4e46-b500-a7d3223ba7d6@group-12CE0A931D26-LeaderElection12] INFO  impl.LeaderElection (LeaderElection.java:askForVotes(312)) - 640e7d3f-2dbd-4e46-b500-a7d3223ba7d6@group-12CE0A931D26-LeaderElection12 PRE_VOTE round 0: submit vote requests at term 0 for -1: peers:[22be8fd8-b8c6-40ff-8f14-846d94d7e632|rpc:10.1.0.66:43577|dataStream:10.1.0.66:37909|priority:0|startupRole:FOLLOWER, 640e7d3f-2dbd-4e46-b500-a7d3223ba7d6|rpc:10.1.0.66:35785|dataStream:10.1.0.66:41863|priority:1|startupRole:FOLLOWER, 9f5e5902-bacc-4266-a878-65e39c3ba6e9|rpc:10.1.0.66:37011|dataStream:10.1.0.66:40567|priority:0|startupRole:FOLLOWER]|listeners:[], old=null
2023-02-16 16:34:07,095 [640e7d3f-2dbd-4e46-b500-a7d3223ba7d6@group-12CE0A931D26-LeaderElection12-1] INFO  server.GrpcServerProtocolClient (GrpcServerProtocolClient.java:<init>(63)) - Build channel for 22be8fd8-b8c6-40ff-8f14-846d94d7e632
2023-02-16 16:34:07,096 [640e7d3f-2dbd-4e46-b500-a7d3223ba7d6@group-12CE0A931D26-LeaderElection12] INFO  server.RaftServerConfigKeys (ConfUtils.java:logFallback(53)) - raft.server.rpc.first-election.timeout.min = 5s (fallback to raft.server.rpc.timeout.min)
2023-02-16 16:34:07,097 [640e7d3f-2dbd-4e46-b500-a7d3223ba7d6@group-12CE0A931D26-LeaderElection12-2] INFO  server.GrpcServerProtocolClient (GrpcServerProtocolClient.java:<init>(63)) - Build channel for 9f5e5902-bacc-4266-a878-65e39c3ba6e9
2023-02-16 16:34:07,097 [640e7d3f-2dbd-4e46-b500-a7d3223ba7d6@group-12CE0A931D26-LeaderElection12] INFO  server.RaftServerConfigKeys (ConfUtils.java:logFallback(53)) - raft.server.rpc.first-election.timeout.max = 5200ms (fallback to raft.server.rpc.timeout.max)
2023-02-16 16:34:07,108 [grpc-default-executor-0] INFO  server.RaftServer$Division (RaftServerImpl.java:requestVote(1218)) - 22be8fd8-b8c6-40ff-8f14-846d94d7e632@group-12CE0A931D26: receive requestVote(PRE_VOTE, 640e7d3f-2dbd-4e46-b500-a7d3223ba7d6, group-12CE0A931D26, 0, (t:0, i:0))
2023-02-16 16:34:07,109 [grpc-default-executor-0] INFO  impl.VoteContext (VoteContext.java:log(49)) - 22be8fd8-b8c6-40ff-8f14-846d94d7e632@group-12CE0A931D26-FOLLOWER: accept PRE_VOTE from 640e7d3f-2dbd-4e46-b500-a7d3223ba7d6: our priority 0 <= candidate's priority 1
2023-02-16 16:34:07,109 [grpc-default-executor-0] INFO  server.RaftServer$Division (RaftServerImpl.java:requestVote(1251)) - 22be8fd8-b8c6-40ff-8f14-846d94d7e632@group-12CE0A931D26 replies to PRE_VOTE vote request: 640e7d3f-2dbd-4e46-b500-a7d3223ba7d6<-22be8fd8-b8c6-40ff-8f14-846d94d7e632#0:OK-t0. Peer's state: 22be8fd8-b8c6-40ff-8f14-846d94d7e632@group-12CE0A931D26:t0, leader=null, voted=, raftlog=Memoized:22be8fd8-b8c6-40ff-8f14-846d94d7e632@group-12CE0A931D26-SegmentedRaftLog:OPENED:c-1, conf=-1: peers:[22be8fd8-b8c6-40ff-8f14-846d94d7e632|rpc:10.1.0.66:43577|dataStream:10.1.0.66:37909|priority:0|startupRole:FOLLOWER, 640e7d3f-2dbd-4e46-b500-a7d3223ba7d6|rpc:10.1.0.66:35785|dataStream:10.1.0.66:41863|priority:1|startupRole:FOLLOWER, 9f5e5902-bacc-4266-a878-65e39c3ba6e9|rpc:10.1.0.66:37011|dataStream:10.1.0.66:40567|priority:0|startupRole:FOLLOWER]|listeners:[], old=null
2023-02-16 16:34:07,109 [640e7d3f-2dbd-4e46-b500-a7d3223ba7d6@group-12CE0A931D26-LeaderElection12] INFO  impl.LeaderElection (LeaderElection.java:logAndReturn(90)) - 640e7d3f-2dbd-4e46-b500-a7d3223ba7d6@group-12CE0A931D26-LeaderElection12: PRE_VOTE PASSED received 1 response(s) and 0 exception(s):
2023-02-16 16:34:07,110 [640e7d3f-2dbd-4e46-b500-a7d3223ba7d6@group-12CE0A931D26-LeaderElection12] INFO  impl.LeaderElection (LeaderElection.java:logAndReturn(94)) -   Response 0: 640e7d3f-2dbd-4e46-b500-a7d3223ba7d6<-22be8fd8-b8c6-40ff-8f14-846d94d7e632#0:OK-t0
2023-02-16 16:34:07,110 [640e7d3f-2dbd-4e46-b500-a7d3223ba7d6@group-12CE0A931D26-LeaderElection12] INFO  impl.LeaderElection (LeaderElection.java:askForVotes(314)) - 640e7d3f-2dbd-4e46-b500-a7d3223ba7d6@group-12CE0A931D26-LeaderElection12 PRE_VOTE round 0: result PASSED
2023-02-16 16:34:07,113 [640e7d3f-2dbd-4e46-b500-a7d3223ba7d6@group-12CE0A931D26-LeaderElection12] INFO  impl.LeaderElection (LeaderElection.java:askForVotes(312)) - 640e7d3f-2dbd-4e46-b500-a7d3223ba7d6@group-12CE0A931D26-LeaderElection12 ELECTION round 0: submit vote requests at term 1 for -1: peers:[22be8fd8-b8c6-40ff-8f14-846d94d7e632|rpc:10.1.0.66:43577|dataStream:10.1.0.66:37909|priority:0|startupRole:FOLLOWER, 640e7d3f-2dbd-4e46-b500-a7d3223ba7d6|rpc:10.1.0.66:35785|dataStream:10.1.0.66:41863|priority:1|startupRole:FOLLOWER, 9f5e5902-bacc-4266-a878-65e39c3ba6e9|rpc:10.1.0.66:37011|dataStream:10.1.0.66:40567|priority:0|startupRole:FOLLOWER]|listeners:[], old=null
2023-02-16 16:34:07,118 [640e7d3f-2dbd-4e46-b500-a7d3223ba7d6@group-12CE0A931D26-LeaderElection12] INFO  server.RaftServerConfigKeys (ConfUtils.java:logFallback(53)) - raft.server.rpc.first-election.timeout.min = 5s (fallback to raft.server.rpc.timeout.min)
2023-02-16 16:34:07,118 [640e7d3f-2dbd-4e46-b500-a7d3223ba7d6@group-12CE0A931D26-LeaderElection12] INFO  server.RaftServerConfigKeys (ConfUtils.java:logFallback(53)) - raft.server.rpc.first-election.timeout.max = 5200ms (fallback to raft.server.rpc.timeout.max)
2023-02-16 16:34:07,119 [grpc-default-executor-0] INFO  server.RaftServer$Division (RaftServerImpl.java:requestVote(1218)) - 9f5e5902-bacc-4266-a878-65e39c3ba6e9@group-12CE0A931D26: receive requestVote(PRE_VOTE, 640e7d3f-2dbd-4e46-b500-a7d3223ba7d6, group-12CE0A931D26, 0, (t:0, i:0))
2023-02-16 16:34:07,120 [grpc-default-executor-0] INFO  impl.VoteContext (VoteContext.java:log(49)) - 9f5e5902-bacc-4266-a878-65e39c3ba6e9@group-12CE0A931D26-FOLLOWER: accept PRE_VOTE from 640e7d3f-2dbd-4e46-b500-a7d3223ba7d6: our priority 0 <= candidate's priority 1
2023-02-16 16:34:07,120 [grpc-default-executor-0] INFO  server.RaftServer$Division (RaftServerImpl.java:requestVote(1251)) - 9f5e5902-bacc-4266-a878-65e39c3ba6e9@group-12CE0A931D26 replies to PRE_VOTE vote request: 640e7d3f-2dbd-4e46-b500-a7d3223ba7d6<-9f5e5902-bacc-4266-a878-65e39c3ba6e9#0:OK-t0. Peer's state: 9f5e5902-bacc-4266-a878-65e39c3ba6e9@group-12CE0A931D26:t0, leader=null, voted=, raftlog=Memoized:9f5e5902-bacc-4266-a878-65e39c3ba6e9@group-12CE0A931D26-SegmentedRaftLog:OPENED:c-1, conf=-1: peers:[22be8fd8-b8c6-40ff-8f14-846d94d7e632|rpc:10.1.0.66:43577|dataStream:10.1.0.66:37909|priority:0|startupRole:FOLLOWER, 640e7d3f-2dbd-4e46-b500-a7d3223ba7d6|rpc:10.1.0.66:35785|dataStream:10.1.0.66:41863|priority:1|startupRole:FOLLOWER, 9f5e5902-bacc-4266-a878-65e39c3ba6e9|rpc:10.1.0.66:37011|dataStream:10.1.0.66:40567|priority:0|startupRole:FOLLOWER]|listeners:[], old=null
2023-02-16 16:34:07,119 [22be8fd8-b8c6-40ff-8f14-846d94d7e632@group-12CE0A931D26-FollowerState] INFO  server.RaftServerConfigKeys (ConfUtils.java:logFallback(53)) - raft.server.rpc.first-election.timeout.min = 5s (fallback to raft.server.rpc.timeout.min)
2023-02-16 16:34:07,121 [22be8fd8-b8c6-40ff-8f14-846d94d7e632@group-12CE0A931D26-FollowerState] INFO  server.RaftServerConfigKeys (ConfUtils.java:logFallback(53)) - raft.server.rpc.first-election.timeout.max = 5200ms (fallback to raft.server.rpc.timeout.max)
2023-02-16 16:34:07,119 [grpc-default-executor-4] INFO  server.RaftServer$Division (RaftServerImpl.java:requestVote(1218)) - 22be8fd8-b8c6-40ff-8f14-846d94d7e632@group-12CE0A931D26: receive requestVote(ELECTION, 640e7d3f-2dbd-4e46-b500-a7d3223ba7d6, group-12CE0A931D26, 1, (t:0, i:0))
2023-02-16 16:34:07,122 [grpc-default-executor-4] INFO  impl.VoteContext (VoteContext.java:log(49)) - 22be8fd8-b8c6-40ff-8f14-846d94d7e632@group-12CE0A931D26-FOLLOWER: accept ELECTION from 640e7d3f-2dbd-4e46-b500-a7d3223ba7d6: our priority 0 <= candidate's priority 1
2023-02-16 16:34:07,122 [grpc-default-executor-4] INFO  server.RaftServer$Division (RaftServerImpl.java:setRole(321)) - 22be8fd8-b8c6-40ff-8f14-846d94d7e632@group-12CE0A931D26: changes role from  FOLLOWER to FOLLOWER at term 1 for candidate:640e7d3f-2dbd-4e46-b500-a7d3223ba7d6
2023-02-16 16:34:07,122 [grpc-default-executor-4] INFO  impl.RoleInfo (RoleInfo.java:shutdownFollowerState(110)) - 22be8fd8-b8c6-40ff-8f14-846d94d7e632: shutdown 22be8fd8-b8c6-40ff-8f14-846d94d7e632@group-12CE0A931D26-FollowerState
2023-02-16 16:34:07,122 [grpc-default-executor-4] INFO  impl.RoleInfo (RoleInfo.java:updateAndGet(139)) - 22be8fd8-b8c6-40ff-8f14-846d94d7e632: start 22be8fd8-b8c6-40ff-8f14-846d94d7e632@group-12CE0A931D26-FollowerState
2023-02-16 16:34:07,122 [22be8fd8-b8c6-40ff-8f14-846d94d7e632@group-12CE0A931D26-FollowerState] INFO  impl.FollowerState (FollowerState.java:run(152)) - 22be8fd8-b8c6-40ff-8f14-846d94d7e632@group-12CE0A931D26-FollowerState was interrupted
2023-02-16 16:34:07,123 [22be8fd8-b8c6-40ff-8f14-846d94d7e632@group-12CE0A931D26-FollowerState] INFO  server.RaftServerConfigKeys (ConfUtils.java:logFallback(53)) - raft.server.rpc.first-election.timeout.min = 5s (fallback to raft.server.rpc.timeout.min)
2023-02-16 16:34:07,123 [22be8fd8-b8c6-40ff-8f14-846d94d7e632@group-12CE0A931D26-FollowerState] INFO  server.RaftServerConfigKeys (ConfUtils.java:logFallback(53)) - raft.server.rpc.first-election.timeout.max = 5200ms (fallback to raft.server.rpc.timeout.max)
2023-02-16 16:34:07,125 [grpc-default-executor-1] INFO  server.RaftServer$Division (RaftServerImpl.java:requestVote(1218)) - 9f5e5902-bacc-4266-a878-65e39c3ba6e9@group-12CE0A931D26: receive requestVote(ELECTION, 640e7d3f-2dbd-4e46-b500-a7d3223ba7d6, group-12CE0A931D26, 1, (t:0, i:0))
2023-02-16 16:34:07,126 [grpc-default-executor-4] INFO  server.RaftServer$Division (RaftServerImpl.java:requestVote(1251)) - 22be8fd8-b8c6-40ff-8f14-846d94d7e632@group-12CE0A931D26 replies to ELECTION vote request: 640e7d3f-2dbd-4e46-b500-a7d3223ba7d6<-22be8fd8-b8c6-40ff-8f14-846d94d7e632#0:OK-t1. Peer's state: 22be8fd8-b8c6-40ff-8f14-846d94d7e632@group-12CE0A931D26:t1, leader=null, voted=640e7d3f-2dbd-4e46-b500-a7d3223ba7d6, raftlog=Memoized:22be8fd8-b8c6-40ff-8f14-846d94d7e632@group-12CE0A931D26-SegmentedRaftLog:OPENED:c-1, conf=-1: peers:[22be8fd8-b8c6-40ff-8f14-846d94d7e632|rpc:10.1.0.66:43577|dataStream:10.1.0.66:37909|priority:0|startupRole:FOLLOWER, 640e7d3f-2dbd-4e46-b500-a7d3223ba7d6|rpc:10.1.0.66:35785|dataStream:10.1.0.66:41863|priority:1|startupRole:FOLLOWER, 9f5e5902-bacc-4266-a878-65e39c3ba6e9|rpc:10.1.0.66:37011|dataStream:10.1.0.66:40567|priority:0|startupRole:FOLLOWER]|listeners:[], old=null
2023-02-16 16:34:07,127 [640e7d3f-2dbd-4e46-b500-a7d3223ba7d6@group-12CE0A931D26-LeaderElection12] INFO  impl.LeaderElection (LeaderElection.java:logAndReturn(90)) - 640e7d3f-2dbd-4e46-b500-a7d3223ba7d6@group-12CE0A931D26-LeaderElection12: ELECTION PASSED received 1 response(s) and 0 exception(s):
2023-02-16 16:34:07,127 [640e7d3f-2dbd-4e46-b500-a7d3223ba7d6@group-12CE0A931D26-LeaderElection12] INFO  impl.LeaderElection (LeaderElection.java:logAndReturn(94)) -   Response 0: 640e7d3f-2dbd-4e46-b500-a7d3223ba7d6<-22be8fd8-b8c6-40ff-8f14-846d94d7e632#0:OK-t1
2023-02-16 16:34:07,127 [640e7d3f-2dbd-4e46-b500-a7d3223ba7d6@group-12CE0A931D26-LeaderElection12] INFO  impl.LeaderElection (LeaderElection.java:askForVotes(314)) - 640e7d3f-2dbd-4e46-b500-a7d3223ba7d6@group-12CE0A931D26-LeaderElection12 ELECTION round 0: result PASSED
2023-02-16 16:34:07,127 [640e7d3f-2dbd-4e46-b500-a7d3223ba7d6@group-12CE0A931D26-LeaderElection12] INFO  impl.RoleInfo (RoleInfo.java:shutdownLeaderElection(130)) - 640e7d3f-2dbd-4e46-b500-a7d3223ba7d6: shutdown 640e7d3f-2dbd-4e46-b500-a7d3223ba7d6@group-12CE0A931D26-LeaderElection12
2023-02-16 16:34:07,127 [640e7d3f-2dbd-4e46-b500-a7d3223ba7d6@group-12CE0A931D26-LeaderElection12] INFO  server.RaftServer$Division (RaftServerImpl.java:setRole(321)) - 640e7d3f-2dbd-4e46-b500-a7d3223ba7d6@group-12CE0A931D26: changes role from CANDIDATE to LEADER at term 1 for changeToLeader
2023-02-16 16:34:07,127 [640e7d3f-2dbd-4e46-b500-a7d3223ba7d6@group-12CE0A931D26-LeaderElection12] INFO  ratis.XceiverServerRatis (XceiverServerRatis.java:handleLeaderChangedNotification(905)) - Leader change notification received for group: group-12CE0A931D26 with new leaderId: 640e7d3f-2dbd-4e46-b500-a7d3223ba7d6
2023-02-16 16:34:07,127 [640e7d3f-2dbd-4e46-b500-a7d3223ba7d6@group-12CE0A931D26-LeaderElection12] INFO  server.RaftServer$Division (ServerState.java:setLeader(313)) - 640e7d3f-2dbd-4e46-b500-a7d3223ba7d6@group-12CE0A931D26: change Leader from null to 640e7d3f-2dbd-4e46-b500-a7d3223ba7d6 at term 1 for becomeLeader, leader elected after 5129ms
2023-02-16 16:34:07,127 [640e7d3f-2dbd-4e46-b500-a7d3223ba7d6@group-12CE0A931D26-LeaderElection12] INFO  server.RaftServerConfigKeys (ConfUtils.java:logGet(46)) - raft.server.staging.catchup.gap = 1000 (default)
2023-02-16 16:34:07,127 [640e7d3f-2dbd-4e46-b500-a7d3223ba7d6@group-12CE0A931D26-LeaderElection12] INFO  server.RaftServerConfigKeys (ConfUtils.java:logGet(46)) - raft.server.write.element-limit = 1024 (custom)
2023-02-16 16:34:07,127 [640e7d3f-2dbd-4e46-b500-a7d3223ba7d6@group-12CE0A931D26-LeaderElection12] INFO  server.RaftServerConfigKeys (ConfUtils.java:logGet(46)) - raft.server.write.byte-limit = 1024 M (=1073741824) (custom)
2023-02-16 16:34:07,127 [640e7d3f-2dbd-4e46-b500-a7d3223ba7d6@group-12CE0A931D26-LeaderElection12] INFO  server.RaftServerConfigKeys (ConfUtils.java:logGet(46)) - raft.server.watch.timeout = 180s (custom)
2023-02-16 16:34:07,127 [640e7d3f-2dbd-4e46-b500-a7d3223ba7d6@group-12CE0A931D26-LeaderElection12] INFO  server.RaftServerConfigKeys (ConfUtils.java:logGet(46)) - raft.server.watch.timeout.denomination = 1s (default)
2023-02-16 16:34:07,127 [640e7d3f-2dbd-4e46-b500-a7d3223ba7d6@group-12CE0A931D26-LeaderElection12] INFO  server.RaftServerConfigKeys (ConfUtils.java:logGet(46)) - raft.server.watch.element-limit = 65536 (default)
2023-02-16 16:34:07,128 [640e7d3f-2dbd-4e46-b500-a7d3223ba7d6@group-12CE0A931D26-LeaderElection12] INFO  server.RaftServerConfigKeys (ConfUtils.java:logGet(46)) - raft.server.write.element-limit = 1024 (custom)
2023-02-16 16:34:07,128 [640e7d3f-2dbd-4e46-b500-a7d3223ba7d6@group-12CE0A931D26-LeaderElection12] INFO  server.RaftServerConfigKeys (ConfUtils.java:logGet(46)) - raft.server.write.follower.gap.ratio.max = -1.0 (default)
2023-02-16 16:34:07,128 [640e7d3f-2dbd-4e46-b500-a7d3223ba7d6@group-12CE0A931D26-LeaderElection12] INFO  server.RaftServerConfigKeys (ConfUtils.java:logGet(46)) - raft.server.log.appender.snapshot.chunk.size.max = 16MB (=16777216) (default)
2023-02-16 16:34:07,128 [640e7d3f-2dbd-4e46-b500-a7d3223ba7d6@group-12CE0A931D26-LeaderElection12] INFO  server.RaftServerConfigKeys (ConfUtils.java:logGet(46)) - raft.server.log.appender.buffer.byte-limit = 33554432 (custom)
2023-02-16 16:34:07,128 [640e7d3f-2dbd-4e46-b500-a7d3223ba7d6@group-12CE0A931D26-LeaderElection12] INFO  server.RaftServerConfigKeys (ConfUtils.java:logGet(46)) - raft.server.log.appender.buffer.element-limit = 1 (custom)
2023-02-16 16:34:07,128 [640e7d3f-2dbd-4e46-b500-a7d3223ba7d6@group-12CE0A931D26-LeaderElection12] INFO  grpc.GrpcConfigKeys (ConfUtils.java:logGet(46)) - raft.grpc.server.leader.outstanding.appends.max = 128 (default)
2023-02-16 16:34:07,128 [640e7d3f-2dbd-4e46-b500-a7d3223ba7d6@group-12CE0A931D26-LeaderElection12] INFO  server.RaftServerConfigKeys (ConfUtils.java:logGet(46)) - raft.server.rpc.request.timeout = 60s (custom)
2023-02-16 16:34:07,128 [640e7d3f-2dbd-4e46-b500-a7d3223ba7d6@group-12CE0A931D26-LeaderElection12] INFO  server.RaftServerConfigKeys (ConfUtils.java:logGet(46)) - raft.server.log.appender.install.snapshot.enabled = false (custom)
2023-02-16 16:34:07,128 [640e7d3f-2dbd-4e46-b500-a7d3223ba7d6@group-12CE0A931D26-LeaderElection12] INFO  grpc.GrpcConfigKeys (ConfUtils.java:logGet(46)) - raft.grpc.server.heartbeat.channel = true (default)
2023-02-16 16:34:07,128 [640e7d3f-2dbd-4e46-b500-a7d3223ba7d6@group-12CE0A931D26-LeaderElection12] INFO  server.RaftServerConfigKeys (ConfUtils.java:logGet(46)) - raft.server.log.appender.wait-time.min = 10ms (default)
2023-02-16 16:34:07,129 [640e7d3f-2dbd-4e46-b500-a7d3223ba7d6@group-12CE0A931D26-LeaderElection12] INFO  server.RaftServerConfigKeys (ConfUtils.java:logGet(46)) - raft.server.log.appender.snapshot.chunk.size.max = 16MB (=16777216) (default)
2023-02-16 16:34:07,129 [640e7d3f-2dbd-4e46-b500-a7d3223ba7d6@group-12CE0A931D26-LeaderElection12] INFO  server.RaftServerConfigKeys (ConfUtils.java:logGet(46)) - raft.server.log.appender.buffer.byte-limit = 33554432 (custom)
2023-02-16 16:34:07,129 [640e7d3f-2dbd-4e46-b500-a7d3223ba7d6@group-12CE0A931D26-LeaderElection12] INFO  server.RaftServerConfigKeys (ConfUtils.java:logGet(46)) - raft.server.log.appender.buffer.element-limit = 1 (custom)
2023-02-16 16:34:07,129 [640e7d3f-2dbd-4e46-b500-a7d3223ba7d6@group-12CE0A931D26-LeaderElection12] INFO  grpc.GrpcConfigKeys (ConfUtils.java:logGet(46)) - raft.grpc.server.leader.outstanding.appends.max = 128 (default)
2023-02-16 16:34:07,129 [640e7d3f-2dbd-4e46-b500-a7d3223ba7d6@group-12CE0A931D26-LeaderElection12] INFO  server.RaftServerConfigKeys (ConfUtils.java:logGet(46)) - raft.server.rpc.request.timeout = 60s (custom)
2023-02-16 16:34:07,129 [640e7d3f-2dbd-4e46-b500-a7d3223ba7d6@group-12CE0A931D26-LeaderElection12] INFO  server.RaftServerConfigKeys (ConfUtils.java:logGet(46)) - raft.server.log.appender.install.snapshot.enabled = false (custom)
2023-02-16 16:34:07,129 [640e7d3f-2dbd-4e46-b500-a7d3223ba7d6@group-12CE0A931D26-LeaderElection12] INFO  grpc.GrpcConfigKeys (ConfUtils.java:logGet(46)) - raft.grpc.server.heartbeat.channel = true (default)
2023-02-16 16:34:07,129 [640e7d3f-2dbd-4e46-b500-a7d3223ba7d6@group-12CE0A931D26-LeaderElection12] INFO  server.RaftServerConfigKeys (ConfUtils.java:logGet(46)) - raft.server.log.appender.wait-time.min = 10ms (default)
2023-02-16 16:34:07,129 [640e7d3f-2dbd-4e46-b500-a7d3223ba7d6@group-12CE0A931D26-LeaderElection12] INFO  impl.RoleInfo (RoleInfo.java:updateAndGet(139)) - 640e7d3f-2dbd-4e46-b500-a7d3223ba7d6: start 640e7d3f-2dbd-4e46-b500-a7d3223ba7d6@group-12CE0A931D26-LeaderStateImpl
2023-02-16 16:34:07,129 [640e7d3f-2dbd-4e46-b500-a7d3223ba7d6@group-12CE0A931D26-LeaderElection12] INFO  segmented.SegmentedRaftLogWorker (SegmentedRaftLogWorker.java:startLogSegment(452)) - 640e7d3f-2dbd-4e46-b500-a7d3223ba7d6@group-12CE0A931D26-SegmentedRaftLogWorker: Starting segment from index:0
2023-02-16 16:34:07,130 [EventQueue-PipelineReportForPipelineReportHandler] INFO  pipeline.PipelineManagerImpl (PipelineManagerImpl.java:openPipeline(367)) - Pipeline Pipeline[ Id: 44a1a87c-b549-4b00-ab61-12ce0a931d26, Nodes: 640e7d3f-2dbd-4e46-b500-a7d3223ba7d6(fv-az167-289.21ktoceh2wee5fewwtpg1zd01g.bx.internal.cloudapp.net/10.1.0.66)9f5e5902-bacc-4266-a878-65e39c3ba6e9(fv-az167-289.21ktoceh2wee5fewwtpg1zd01g.bx.internal.cloudapp.net/10.1.0.66)22be8fd8-b8c6-40ff-8f14-846d94d7e632(fv-az167-289.21ktoceh2wee5fewwtpg1zd01g.bx.internal.cloudapp.net/10.1.0.66), ReplicationConfig: RATIS/THREE, State:ALLOCATED, leaderId:640e7d3f-2dbd-4e46-b500-a7d3223ba7d6, CreationTimestamp2023-02-16T16:33:59.510Z[Etc/UTC]] moved to OPEN state
2023-02-16 16:34:07,139 [640e7d3f-2dbd-4e46-b500-a7d3223ba7d6@group-12CE0A931D26-LeaderElection12] INFO  server.RaftServer$Division (ServerState.java:setRaftConf(430)) - 640e7d3f-2dbd-4e46-b500-a7d3223ba7d6@group-12CE0A931D26: set configuration 0: peers:[22be8fd8-b8c6-40ff-8f14-846d94d7e632|rpc:10.1.0.66:43577|dataStream:10.1.0.66:37909|priority:0|startupRole:FOLLOWER, 640e7d3f-2dbd-4e46-b500-a7d3223ba7d6|rpc:10.1.0.66:35785|dataStream:10.1.0.66:41863|priority:1|startupRole:FOLLOWER, 9f5e5902-bacc-4266-a878-65e39c3ba6e9|rpc:10.1.0.66:37011|dataStream:10.1.0.66:40567|priority:0|startupRole:FOLLOWER]|listeners:[], old=null
2023-02-16 16:34:07,138 [grpc-default-executor-1] INFO  impl.VoteContext (VoteContext.java:log(49)) - 9f5e5902-bacc-4266-a878-65e39c3ba6e9@group-12CE0A931D26-FOLLOWER: accept ELECTION from 640e7d3f-2dbd-4e46-b500-a7d3223ba7d6: our priority 0 <= candidate's priority 1
2023-02-16 16:34:07,142 [grpc-default-executor-1] INFO  server.RaftServer$Division (RaftServerImpl.java:setRole(321)) - 9f5e5902-bacc-4266-a878-65e39c3ba6e9@group-12CE0A931D26: changes role from  FOLLOWER to FOLLOWER at term 1 for candidate:640e7d3f-2dbd-4e46-b500-a7d3223ba7d6
2023-02-16 16:34:07,142 [grpc-default-executor-1] INFO  impl.RoleInfo (RoleInfo.java:shutdownFollowerState(110)) - 9f5e5902-bacc-4266-a878-65e39c3ba6e9: shutdown 9f5e5902-bacc-4266-a878-65e39c3ba6e9@group-12CE0A931D26-FollowerState
2023-02-16 16:34:07,142 [grpc-default-executor-1] INFO  impl.RoleInfo (RoleInfo.java:updateAndGet(139)) - 9f5e5902-bacc-4266-a878-65e39c3ba6e9: start 9f5e5902-bacc-4266-a878-65e39c3ba6e9@group-12CE0A931D26-FollowerState
2023-02-16 16:34:07,131 [640e7d3f-2dbd-4e46-b500-a7d3223ba7d6@group-12CE0A931D26-SegmentedRaftLogWorker] INFO  segmented.SegmentedRaftLogWorker (SegmentedRaftLogWorker.java:execute(656)) - 640e7d3f-2dbd-4e46-b500-a7d3223ba7d6@group-12CE0A931D26-SegmentedRaftLogWorker: created new log segment /home/runner/work/ozone/ozone/hadoop-ozone/integration-test/target/test-dir/MiniOzoneClusterImpl-34b8c8ad-1b7a-4f1a-91f5-8cb1859b150b/datanode-1/data/ratis/44a1a87c-b549-4b00-ab61-12ce0a931d26/current/log_inprogress_0
2023-02-16 16:34:07,142 [9f5e5902-bacc-4266-a878-65e39c3ba6e9@group-12CE0A931D26-FollowerState] INFO  server.RaftServerConfigKeys (ConfUtils.java:logFallback(53)) - raft.server.rpc.first-election.timeout.min = 5s (fallback to raft.server.rpc.timeout.min)
2023-02-16 16:34:07,143 [9f5e5902-bacc-4266-a878-65e39c3ba6e9@group-12CE0A931D26-FollowerState] INFO  server.RaftServerConfigKeys (ConfUtils.java:logFallback(53)) - raft.server.rpc.first-election.timeout.max = 5200ms (fallback to raft.server.rpc.timeout.max)
2023-02-16 16:34:07,142 [9f5e5902-bacc-4266-a878-65e39c3ba6e9@group-12CE0A931D26-FollowerState] INFO  impl.FollowerState (FollowerState.java:run(152)) - 9f5e5902-bacc-4266-a878-65e39c3ba6e9@group-12CE0A931D26-FollowerState was interrupted
2023-02-16 16:34:07,146 [grpc-default-executor-1] INFO  server.RaftServer$Division (RaftServerImpl.java:requestVote(1251)) - 9f5e5902-bacc-4266-a878-65e39c3ba6e9@group-12CE0A931D26 replies to ELECTION vote request: 640e7d3f-2dbd-4e46-b500-a7d3223ba7d6<-9f5e5902-bacc-4266-a878-65e39c3ba6e9#0:OK-t1. Peer's state: 9f5e5902-bacc-4266-a878-65e39c3ba6e9@group-12CE0A931D26:t1, leader=null, voted=640e7d3f-2dbd-4e46-b500-a7d3223ba7d6, raftlog=Memoized:9f5e5902-bacc-4266-a878-65e39c3ba6e9@group-12CE0A931D26-SegmentedRaftLog:OPENED:c-1, conf=-1: peers:[22be8fd8-b8c6-40ff-8f14-846d94d7e632|rpc:10.1.0.66:43577|dataStream:10.1.0.66:37909|priority:0|startupRole:FOLLOWER, 640e7d3f-2dbd-4e46-b500-a7d3223ba7d6|rpc:10.1.0.66:35785|dataStream:10.1.0.66:41863|priority:1|startupRole:FOLLOWER, 9f5e5902-bacc-4266-a878-65e39c3ba6e9|rpc:10.1.0.66:37011|dataStream:10.1.0.66:40567|priority:0|startupRole:FOLLOWER]|listeners:[], old=null
2023-02-16 16:34:07,152 [22be8fd8-b8c6-40ff-8f14-846d94d7e632-server-thread1] INFO  ratis.XceiverServerRatis (XceiverServerRatis.java:handleLeaderChangedNotification(905)) - Leader change notification received for group: group-12CE0A931D26 with new leaderId: 640e7d3f-2dbd-4e46-b500-a7d3223ba7d6
2023-02-16 16:34:07,152 [22be8fd8-b8c6-40ff-8f14-846d94d7e632-server-thread1] INFO  server.RaftServer$Division (ServerState.java:setLeader(313)) - 22be8fd8-b8c6-40ff-8f14-846d94d7e632@group-12CE0A931D26: change Leader from null to 640e7d3f-2dbd-4e46-b500-a7d3223ba7d6 at term 1 for appendEntries, leader elected after 5185ms
2023-02-16 16:34:07,155 [22be8fd8-b8c6-40ff-8f14-846d94d7e632-server-thread2] INFO  server.RaftServer$Division (ServerState.java:setRaftConf(430)) - 22be8fd8-b8c6-40ff-8f14-846d94d7e632@group-12CE0A931D26: set configuration 0: peers:[22be8fd8-b8c6-40ff-8f14-846d94d7e632|rpc:10.1.0.66:43577|dataStream:10.1.0.66:37909|priority:0|startupRole:FOLLOWER, 640e7d3f-2dbd-4e46-b500-a7d3223ba7d6|rpc:10.1.0.66:35785|dataStream:10.1.0.66:41863|priority:1|startupRole:FOLLOWER, 9f5e5902-bacc-4266-a878-65e39c3ba6e9|rpc:10.1.0.66:37011|dataStream:10.1.0.66:40567|priority:0|startupRole:FOLLOWER]|listeners:[], old=null
2023-02-16 16:34:07,155 [22be8fd8-b8c6-40ff-8f14-846d94d7e632-server-thread2] INFO  segmented.SegmentedRaftLogWorker (SegmentedRaftLogWorker.java:startLogSegment(452)) - 22be8fd8-b8c6-40ff-8f14-846d94d7e632@group-12CE0A931D26-SegmentedRaftLogWorker: Starting segment from index:0
2023-02-16 16:34:07,158 [22be8fd8-b8c6-40ff-8f14-846d94d7e632@group-12CE0A931D26-SegmentedRaftLogWorker] INFO  segmented.SegmentedRaftLogWorker (SegmentedRaftLogWorker.java:execute(656)) - 22be8fd8-b8c6-40ff-8f14-846d94d7e632@group-12CE0A931D26-SegmentedRaftLogWorker: created new log segment /home/runner/work/ozone/ozone/hadoop-ozone/integration-test/target/test-dir/MiniOzoneClusterImpl-34b8c8ad-1b7a-4f1a-91f5-8cb1859b150b/datanode-0/data/ratis/44a1a87c-b549-4b00-ab61-12ce0a931d26/current/log_inprogress_0
2023-02-16 16:34:07,165 [9f5e5902-bacc-4266-a878-65e39c3ba6e9-server-thread1] INFO  ratis.XceiverServerRatis (XceiverServerRatis.java:handleLeaderChangedNotification(905)) - Leader change notification received for group: group-12CE0A931D26 with new leaderId: 640e7d3f-2dbd-4e46-b500-a7d3223ba7d6
2023-02-16 16:34:07,165 [9f5e5902-bacc-4266-a878-65e39c3ba6e9-server-thread1] INFO  server.RaftServer$Division (ServerState.java:setLeader(313)) - 9f5e5902-bacc-4266-a878-65e39c3ba6e9@group-12CE0A931D26: change Leader from null to 640e7d3f-2dbd-4e46-b500-a7d3223ba7d6 at term 1 for appendEntries, leader elected after 5141ms
2023-02-16 16:34:07,169 [9f5e5902-bacc-4266-a878-65e39c3ba6e9-server-thread2] INFO  server.RaftServer$Division (ServerState.java:setRaftConf(430)) - 9f5e5902-bacc-4266-a878-65e39c3ba6e9@group-12CE0A931D26: set configuration 0: peers:[22be8fd8-b8c6-40ff-8f14-846d94d7e632|rpc:10.1.0.66:43577|dataStream:10.1.0.66:37909|priority:0|startupRole:FOLLOWER, 640e7d3f-2dbd-4e46-b500-a7d3223ba7d6|rpc:10.1.0.66:35785|dataStream:10.1.0.66:41863|priority:1|startupRole:FOLLOWER, 9f5e5902-bacc-4266-a878-65e39c3ba6e9|rpc:10.1.0.66:37011|dataStream:10.1.0.66:40567|priority:0|startupRole:FOLLOWER]|listeners:[], old=null
2023-02-16 16:34:07,169 [9f5e5902-bacc-4266-a878-65e39c3ba6e9-server-thread2] INFO  segmented.SegmentedRaftLogWorker (SegmentedRaftLogWorker.java:startLogSegment(452)) - 9f5e5902-bacc-4266-a878-65e39c3ba6e9@group-12CE0A931D26-SegmentedRaftLogWorker: Starting segment from index:0
2023-02-16 16:34:07,170 [9f5e5902-bacc-4266-a878-65e39c3ba6e9@group-12CE0A931D26-SegmentedRaftLogWorker] INFO  segmented.SegmentedRaftLogWorker (SegmentedRaftLogWorker.java:execute(656)) - 9f5e5902-bacc-4266-a878-65e39c3ba6e9@group-12CE0A931D26-SegmentedRaftLogWorker: created new log segment /home/runner/work/ozone/ozone/hadoop-ozone/integration-test/target/test-dir/MiniOzoneClusterImpl-34b8c8ad-1b7a-4f1a-91f5-8cb1859b150b/datanode-2/data/ratis/44a1a87c-b549-4b00-ab61-12ce0a931d26/current/log_inprogress_0
2023-02-16 16:34:07,203 [Listener at 127.0.0.1/46781] INFO  ozone.MiniOzoneClusterImpl (MiniOzoneClusterImpl.java:lambda$waitForClusterToBeReady$0(218)) - Nodes are ready. Got 5 of 5 DN Heartbeats.
2023-02-16 16:34:07,203 [Listener at 127.0.0.1/46781] INFO  ozone.MiniOzoneClusterImpl (MiniOzoneClusterImpl.java:lambda$waitForClusterToBeReady$0(221)) - Cluster exits safe mode
2023-02-16 16:34:07,203 [Listener at 127.0.0.1/46781] INFO  ozone.MiniOzoneClusterImpl (MiniOzoneClusterImpl.java:lambda$waitForClusterToBeReady$0(223)) - SCM became leader
2023-02-16 16:34:07,224 [Listener at 127.0.0.1/46781] INFO  rpc.RpcClient (RpcClient.java:createVolume(476)) - Creating Volume: volume76608, with user83587 as owner and space quota set to -1 bytes, counts quota set to -1
2023-02-16 16:34:07,225 [IPC Server handler 17 on default port 46781] INFO  volume.OMVolumeCreateRequest (OMVolumeCreateRequest.java:validateAndUpdateCache(195)) - created volume:volume76608 for user:user83587
2023-02-16 16:34:07,230 [Listener at 127.0.0.1/46781] INFO  rpc.RpcClient (RpcClient.java:createBucket(698)) - Creating Bucket: volume76608/bucket25283, with bucket layout LEGACY, runner as owner, Versioning false, Storage Type set to DISK and Encryption set to false, Replication Type set to server-side default replication type, Namespace Quota set to -1, Space Quota set to -1 
2023-02-16 16:34:07,231 [IPC Server handler 13 on default port 46781] INFO  bucket.OMBucketCreateRequest (OMBucketCreateRequest.java:validateAndUpdateCache(263)) - created bucket: bucket25283 of layout LEGACY in volume: volume76608
]]></system-out>
  </testcase>
  <testcase name="testGetTrashRoot" classname="TestOzoneFileSystem" time="20.192">
    <system-out><![CDATA[2023-02-16 16:34:35,216 [Listener at 127.0.0.1/46781] INFO  ozone.MiniOzoneClusterImpl (MiniOzoneClusterImpl.java:shutdown(450)) - Shutting down the Mini Ozone Cluster
2023-02-16 16:34:35,217 [Listener at 127.0.0.1/46781] INFO  ozone.MiniOzoneClusterImpl (MiniOzoneClusterImpl.java:stop(465)) - Stopping the Mini Ozone Cluster
2023-02-16 16:34:35,217 [Listener at 127.0.0.1/46781] INFO  ozone.MiniOzoneClusterImpl (MiniOzoneClusterImpl.java:stopOM(547)) - Stopping the OzoneManager
2023-02-16 16:34:35,217 [Listener at 127.0.0.1/46781] INFO  om.OzoneManager (OzoneManager.java:stop(2139)) - om1[localhost:0]: Stopping Ozone Manager
2023-02-16 16:34:35,217 [Listener at 127.0.0.1/46781] INFO  ipc.Server (Server.java:stop(3428)) - Stopping server on 46781
2023-02-16 16:34:35,221 [IPC Server listener on 0] INFO  ipc.Server (Server.java:run(1384)) - Stopping IPC Server listener on 0
2023-02-16 16:34:35,222 [Listener at 127.0.0.1/46781] INFO  ratis.OzoneManagerDoubleBuffer (OzoneManagerDoubleBuffer.java:stopDaemon(541)) - Stopping OMDoubleBuffer flush thread
2023-02-16 16:34:35,222 [OMDoubleBufferFlushThread] INFO  ratis.OzoneManagerDoubleBuffer (OzoneManagerDoubleBuffer.java:canFlush(626)) - OMDoubleBuffer flush thread OMDoubleBufferFlushThread is interrupted and will exit.
2023-02-16 16:34:35,222 [IPC Server Responder] INFO  ipc.Server (Server.java:run(1517)) - Stopping IPC Server Responder
2023-02-16 16:34:35,223 [Listener at 127.0.0.1/46781] INFO  utils.BackgroundService (BackgroundService.java:shutdown(141)) - Shutting down service KeyDeletingService
2023-02-16 16:34:35,223 [Listener at 127.0.0.1/46781] INFO  utils.BackgroundService (BackgroundService.java:shutdown(141)) - Shutting down service DirectoryDeletingService
2023-02-16 16:34:35,223 [Listener at 127.0.0.1/46781] INFO  utils.BackgroundService (BackgroundService.java:shutdown(141)) - Shutting down service OpenKeyCleanupService
2023-02-16 16:34:35,224 [Listener at 127.0.0.1/46781] INFO  utils.BackgroundService (BackgroundService.java:shutdown(141)) - Shutting down service SstFilteringService
2023-02-16 16:34:35,224 [Listener at 127.0.0.1/46781] INFO  handler.ContextHandler (ContextHandler.java:doStop(1159)) - Stopped o.e.j.w.WebAppContext@78a923cb{ozoneManager,/,null,STOPPED}{file:/home/runner/work/ozone/ozone/hadoop-ozone/integration-test/target/test-classes/webapps/ozoneManager}
2023-02-16 16:34:35,225 [Listener at 127.0.0.1/46781] INFO  server.AbstractConnector (AbstractConnector.java:doStop(383)) - Stopped ServerConnector@82d0b87{HTTP/1.1, (http/1.1)}{0.0.0.0:0}
2023-02-16 16:34:35,225 [Listener at 127.0.0.1/46781] INFO  server.session (HouseKeeper.java:stopScavenging(149)) - node0 Stopped scavenging
2023-02-16 16:34:35,225 [Listener at 127.0.0.1/46781] INFO  handler.ContextHandler (ContextHandler.java:doStop(1159)) - Stopped o.e.j.s.ServletContextHandler@1ca06c48{static,/static,file:///home/runner/work/ozone/ozone/hadoop-ozone/integration-test/target/test-classes/webapps/static,STOPPED}
2023-02-16 16:34:35,225 [Listener at 127.0.0.1/46781] INFO  handler.ContextHandler (ContextHandler.java:doStop(1159)) - Stopped o.e.j.s.ServletContextHandler@e2bfcfb{logs,/logs,file:///home/runner/work/ozone/ozone/hadoop-ozone/integration-test/target/log,STOPPED}
2023-02-16 16:34:35,232 [Listener at 127.0.0.1/46781] INFO  ozone.MiniOzoneClusterImpl (MiniOzoneClusterImpl.java:stopDatanodes(524)) - Stopping the HddsDatanodes
2023-02-16 16:34:35,234 [Listener at 127.0.0.1/46781] INFO  ozoneimpl.OzoneContainer (OzoneContainer.java:stop(420)) - Attempting to stop container services.
2023-02-16 16:34:35,234 [Listener at 127.0.0.1/46781] INFO  server.RaftServer (RaftServerProxy.java:lambda$close$6(409)) - 9f5e5902-bacc-4266-a878-65e39c3ba6e9: close
2023-02-16 16:34:35,234 [9f5e5902-bacc-4266-a878-65e39c3ba6e9-impl-thread1] INFO  server.RaftServer$Division (RaftServerImpl.java:lambda$close$4(458)) - 9f5e5902-bacc-4266-a878-65e39c3ba6e9@group-FA83168F6569: shutdown
2023-02-16 16:34:35,234 [9f5e5902-bacc-4266-a878-65e39c3ba6e9-impl-thread1] INFO  util.JmxRegister (JmxRegister.java:unregister(73)) - Successfully un-registered JMX Bean with object name Ratis:service=RaftServer,group=group-FA83168F6569,id=9f5e5902-bacc-4266-a878-65e39c3ba6e9
2023-02-16 16:34:35,234 [9f5e5902-bacc-4266-a878-65e39c3ba6e9-impl-thread1] INFO  impl.RoleInfo (RoleInfo.java:shutdownLeaderState(93)) - 9f5e5902-bacc-4266-a878-65e39c3ba6e9: shutdown 9f5e5902-bacc-4266-a878-65e39c3ba6e9@group-FA83168F6569-LeaderStateImpl
2023-02-16 16:34:35,235 [9f5e5902-bacc-4266-a878-65e39c3ba6e9-impl-thread1] INFO  impl.PendingRequests (PendingRequests.java:sendNotLeaderResponses(282)) - 9f5e5902-bacc-4266-a878-65e39c3ba6e9@group-FA83168F6569-PendingRequests: sendNotLeaderResponses
2023-02-16 16:34:35,235 [9f5e5902-bacc-4266-a878-65e39c3ba6e9-impl-thread1] INFO  impl.StateMachineUpdater (StateMachineUpdater.java:stopAndJoin(153)) - 9f5e5902-bacc-4266-a878-65e39c3ba6e9@group-FA83168F6569-StateMachineUpdater: set stopIndex = 0
2023-02-16 16:34:35,235 [9f5e5902-bacc-4266-a878-65e39c3ba6e9@group-FA83168F6569-StateMachineUpdater] INFO  ratis.ContainerStateMachine (ContainerStateMachine.java:takeSnapshot(308)) - group-FA83168F6569: Taking a snapshot at:(t:1, i:0) file /home/runner/work/ozone/ozone/hadoop-ozone/integration-test/target/test-dir/MiniOzoneClusterImpl-34b8c8ad-1b7a-4f1a-91f5-8cb1859b150b/datanode-2/data/ratis/889eb252-96cc-471f-ad78-fa83168f6569/sm/snapshot.1_0
2023-02-16 16:34:35,236 [9f5e5902-bacc-4266-a878-65e39c3ba6e9@group-FA83168F6569-StateMachineUpdater] INFO  ratis.ContainerStateMachine (ContainerStateMachine.java:takeSnapshot(319)) - group-FA83168F6569: Finished taking a snapshot at:(t:1, i:0) file:/home/runner/work/ozone/ozone/hadoop-ozone/integration-test/target/test-dir/MiniOzoneClusterImpl-34b8c8ad-1b7a-4f1a-91f5-8cb1859b150b/datanode-2/data/ratis/889eb252-96cc-471f-ad78-fa83168f6569/sm/snapshot.1_0 took: 1 ms
2023-02-16 16:34:35,236 [9f5e5902-bacc-4266-a878-65e39c3ba6e9@group-FA83168F6569-StateMachineUpdater] INFO  impl.StateMachineUpdater (StateMachineUpdater.java:takeSnapshot(287)) - 9f5e5902-bacc-4266-a878-65e39c3ba6e9@group-FA83168F6569-StateMachineUpdater: Took a snapshot at index 0
2023-02-16 16:34:35,236 [9f5e5902-bacc-4266-a878-65e39c3ba6e9@group-FA83168F6569-StateMachineUpdater] INFO  impl.StateMachineUpdater (StateMachineUpdater.java:lambda$new$0(92)) - 9f5e5902-bacc-4266-a878-65e39c3ba6e9@group-FA83168F6569-StateMachineUpdater: snapshotIndex: updateIncreasingly -1 -> 0
2023-02-16 16:34:35,237 [9f5e5902-bacc-4266-a878-65e39c3ba6e9-impl-thread1] INFO  server.RaftServer$Division (ServerState.java:close(466)) - 9f5e5902-bacc-4266-a878-65e39c3ba6e9@group-FA83168F6569: closes. applyIndex: 0
2023-02-16 16:34:35,238 [9f5e5902-bacc-4266-a878-65e39c3ba6e9@group-FA83168F6569-SegmentedRaftLogWorker] INFO  segmented.SegmentedRaftLogWorker (SegmentedRaftLogWorker.java:run(347)) - 9f5e5902-bacc-4266-a878-65e39c3ba6e9@group-FA83168F6569-SegmentedRaftLogWorker was interrupted, exiting. There are 0 tasks remaining in the queue.
2023-02-16 16:34:35,238 [9f5e5902-bacc-4266-a878-65e39c3ba6e9-impl-thread2] INFO  server.RaftServer$Division (RaftServerImpl.java:lambda$close$4(458)) - 9f5e5902-bacc-4266-a878-65e39c3ba6e9@group-5E99F9516C48: shutdown
2023-02-16 16:34:35,238 [Listener at 127.0.0.1/46781] INFO  server.GrpcService (GrpcService.java:closeImpl(271)) - 9f5e5902-bacc-4266-a878-65e39c3ba6e9: shutdown server GrpcServerProtocolService now
2023-02-16 16:34:35,238 [9f5e5902-bacc-4266-a878-65e39c3ba6e9-impl-thread2] INFO  util.JmxRegister (JmxRegister.java:unregister(73)) - Successfully un-registered JMX Bean with object name Ratis:service=RaftServer,group=group-5E99F9516C48,id=9f5e5902-bacc-4266-a878-65e39c3ba6e9
2023-02-16 16:34:35,238 [9f5e5902-bacc-4266-a878-65e39c3ba6e9-impl-thread2] INFO  impl.RoleInfo (RoleInfo.java:shutdownFollowerState(110)) - 9f5e5902-bacc-4266-a878-65e39c3ba6e9: shutdown 9f5e5902-bacc-4266-a878-65e39c3ba6e9@group-5E99F9516C48-FollowerState
2023-02-16 16:34:35,238 [9f5e5902-bacc-4266-a878-65e39c3ba6e9@group-5E99F9516C48-FollowerState] INFO  impl.FollowerState (FollowerState.java:run(152)) - 9f5e5902-bacc-4266-a878-65e39c3ba6e9@group-5E99F9516C48-FollowerState was interrupted
2023-02-16 16:34:35,238 [9f5e5902-bacc-4266-a878-65e39c3ba6e9@group-5E99F9516C48-StateMachineUpdater] INFO  ratis.ContainerStateMachine (ContainerStateMachine.java:takeSnapshot(308)) - group-5E99F9516C48: Taking a snapshot at:(t:1, i:29) file /home/runner/work/ozone/ozone/hadoop-ozone/integration-test/target/test-dir/MiniOzoneClusterImpl-34b8c8ad-1b7a-4f1a-91f5-8cb1859b150b/datanode-2/data/ratis/2e50dcc1-ee07-4a60-9aea-5e99f9516c48/sm/snapshot.1_29
2023-02-16 16:34:35,240 [9f5e5902-bacc-4266-a878-65e39c3ba6e9-impl-thread1] INFO  segmented.SegmentedRaftLogWorker (SegmentedRaftLogWorker.java:close(257)) - 9f5e5902-bacc-4266-a878-65e39c3ba6e9@group-FA83168F6569-SegmentedRaftLogWorker close()
2023-02-16 16:34:35,241 [grpc-default-executor-4] WARN  server.GrpcServerProtocolService (LogUtils.java:warn(122)) - 9f5e5902-bacc-4266-a878-65e39c3ba6e9: installSnapshot onError, lastRequest: null: org.apache.ratis.thirdparty.io.grpc.StatusRuntimeException: CANCELLED: client cancelled
2023-02-16 16:34:35,242 [grpc-default-executor-0] WARN  server.GrpcServerProtocolService (LogUtils.java:warn(122)) - 9f5e5902-bacc-4266-a878-65e39c3ba6e9: installSnapshot onError, lastRequest: 22be8fd8-b8c6-40ff-8f14-846d94d7e632->9f5e5902-bacc-4266-a878-65e39c3ba6e9#337-t1,previous=(t:1, i:28),leaderCommit=27,initializing? true,entries: size=1, first=(t:1, i:29), METADATAENTRY(c:27): org.apache.ratis.thirdparty.io.grpc.StatusRuntimeException: CANCELLED: client cancelled
2023-02-16 16:34:35,242 [grpc-default-executor-0] WARN  server.GrpcLogAppender (LogUtils.java:warn(122)) - 22be8fd8-b8c6-40ff-8f14-846d94d7e632@group-5E99F9516C48->9f5e5902-bacc-4266-a878-65e39c3ba6e9-AppendLogResponseHandler: Failed appendEntries: org.apache.ratis.thirdparty.io.grpc.StatusRuntimeException: CANCELLED: RST_STREAM closed stream. HTTP/2 error code: CANCEL
2023-02-16 16:34:35,242 [grpc-default-executor-0] INFO  leader.FollowerInfo (FollowerInfoImpl.java:lambda$new$0(48)) - 22be8fd8-b8c6-40ff-8f14-846d94d7e632@group-5E99F9516C48->9f5e5902-bacc-4266-a878-65e39c3ba6e9: nextIndex: updateUnconditionally 30 -> 29
2023-02-16 16:34:35,242 [grpc-default-executor-1] WARN  server.GrpcServerProtocolService (LogUtils.java:warn(122)) - 9f5e5902-bacc-4266-a878-65e39c3ba6e9: installSnapshot onError, lastRequest: null: org.apache.ratis.thirdparty.io.grpc.StatusRuntimeException: CANCELLED: client cancelled
2023-02-16 16:34:35,243 [grpc-default-executor-3] WARN  server.GrpcLogAppender (LogUtils.java:warn(122)) - 22be8fd8-b8c6-40ff-8f14-846d94d7e632@group-5E99F9516C48->9f5e5902-bacc-4266-a878-65e39c3ba6e9-AppendLogResponseHandler: Failed appendEntries: org.apache.ratis.thirdparty.io.grpc.StatusRuntimeException: CANCELLED: RST_STREAM closed stream. HTTP/2 error code: CANCEL
2023-02-16 16:34:35,243 [grpc-default-executor-3] INFO  leader.FollowerInfo (FollowerInfoImpl.java:lambda$new$0(48)) - 22be8fd8-b8c6-40ff-8f14-846d94d7e632@group-5E99F9516C48->9f5e5902-bacc-4266-a878-65e39c3ba6e9: nextIndex: updateUnconditionally 29 -> 28
2023-02-16 16:34:35,243 [grpc-default-executor-1] WARN  server.GrpcServerProtocolService (LogUtils.java:warn(122)) - 9f5e5902-bacc-4266-a878-65e39c3ba6e9: installSnapshot onError, lastRequest: 640e7d3f-2dbd-4e46-b500-a7d3223ba7d6->9f5e5902-bacc-4266-a878-65e39c3ba6e9#1-t1,previous=(t:0, i:0),leaderCommit=0,initializing? true,entries: size=1, first=(t:1, i:0), CONFIGURATIONENTRY(current:id: "22be8fd8-b8c6-40ff-8f14-846d94d7e632"
address: "10.1.0.66:43577"
dataStreamAddress: "10.1.0.66:37909"
clientAddress: "10.1.0.66:43577"
adminAddress: "10.1.0.66:43577"
startupRole: FOLLOWER
,id: "640e7d3f-2dbd-4e46-b500-a7d3223ba7d6"
address: "10.1.0.66:35785"
priority: 1
dataStreamAddress: "10.1.0.66:41863"
clientAddress: "10.1.0.66:35785"
adminAddress: "10.1.0.66:35785"
startupRole: FOLLOWER
,id: "9f5e5902-bacc-4266-a878-65e39c3ba6e9"
address: "10.1.0.66:37011"
dataStreamAddress: "10.1.0.66:40567"
clientAddress: "10.1.0.66:37011"
adminAddress: "10.1.0.66:37011"
startupRole: FOLLOWER
, old:): org.apache.ratis.thirdparty.io.grpc.StatusRuntimeException: CANCELLED: client cancelled
2023-02-16 16:34:35,244 [Listener at 127.0.0.1/46781] INFO  server.GrpcService (GrpcService.java:closeImpl(280)) - 9f5e5902-bacc-4266-a878-65e39c3ba6e9: shutdown server GrpcServerProtocolService successfully
2023-02-16 16:34:35,244 [grpc-default-executor-3] WARN  server.GrpcLogAppender (LogUtils.java:warn(122)) - 640e7d3f-2dbd-4e46-b500-a7d3223ba7d6@group-12CE0A931D26->9f5e5902-bacc-4266-a878-65e39c3ba6e9-AppendLogResponseHandler: Failed appendEntries: org.apache.ratis.thirdparty.io.grpc.StatusRuntimeException: CANCELLED: RST_STREAM closed stream. HTTP/2 error code: CANCEL
2023-02-16 16:34:35,244 [grpc-default-executor-3] WARN  server.GrpcLogAppender (GrpcLogAppender.java:resetClient(131)) - 640e7d3f-2dbd-4e46-b500-a7d3223ba7d6@group-12CE0A931D26->9f5e5902-bacc-4266-a878-65e39c3ba6e9-GrpcLogAppender: Leader has not got in touch with Follower 640e7d3f-2dbd-4e46-b500-a7d3223ba7d6@group-12CE0A931D26->9f5e5902-bacc-4266-a878-65e39c3ba6e9(c0,m0,n1, attendVote=true, lastRpcSendTime=551, lastRpcResponseTime=550) yet, just keep nextIndex unchanged and retry.
2023-02-16 16:34:35,244 [9f5e5902-bacc-4266-a878-65e39c3ba6e9-NettyServerStreamRpc-bossGroup--thread1] INFO  logging.LoggingHandler (AbstractInternalLogger.java:log(148)) - [id: 0xf1e1db16, L:/0:0:0:0:0:0:0:0:40567] CLOSE
2023-02-16 16:34:35,244 [9f5e5902-bacc-4266-a878-65e39c3ba6e9-NettyServerStreamRpc-bossGroup--thread1] INFO  logging.LoggingHandler (AbstractInternalLogger.java:log(148)) - [id: 0xf1e1db16, L:/0:0:0:0:0:0:0:0:40567] INACTIVE
2023-02-16 16:34:35,244 [9f5e5902-bacc-4266-a878-65e39c3ba6e9-NettyServerStreamRpc-bossGroup--thread1] INFO  logging.LoggingHandler (AbstractInternalLogger.java:log(148)) - [id: 0xf1e1db16, L:/0:0:0:0:0:0:0:0:40567] UNREGISTERED
2023-02-16 16:34:35,244 [9f5e5902-bacc-4266-a878-65e39c3ba6e9-impl-thread3] INFO  server.RaftServer$Division (RaftServerImpl.java:lambda$close$4(458)) - 9f5e5902-bacc-4266-a878-65e39c3ba6e9@group-12CE0A931D26: shutdown
2023-02-16 16:34:35,244 [9f5e5902-bacc-4266-a878-65e39c3ba6e9-impl-thread3] INFO  util.JmxRegister (JmxRegister.java:unregister(73)) - Successfully un-registered JMX Bean with object name Ratis:service=RaftServer,group=group-12CE0A931D26,id=9f5e5902-bacc-4266-a878-65e39c3ba6e9
2023-02-16 16:34:35,244 [9f5e5902-bacc-4266-a878-65e39c3ba6e9-impl-thread3] INFO  impl.RoleInfo (RoleInfo.java:shutdownFollowerState(110)) - 9f5e5902-bacc-4266-a878-65e39c3ba6e9: shutdown 9f5e5902-bacc-4266-a878-65e39c3ba6e9@group-12CE0A931D26-FollowerState
2023-02-16 16:34:35,245 [9f5e5902-bacc-4266-a878-65e39c3ba6e9-impl-thread2] INFO  impl.StateMachineUpdater (StateMachineUpdater.java:stopAndJoin(153)) - 9f5e5902-bacc-4266-a878-65e39c3ba6e9@group-5E99F9516C48-StateMachineUpdater: set stopIndex = 29
2023-02-16 16:34:35,245 [9f5e5902-bacc-4266-a878-65e39c3ba6e9-impl-thread3] INFO  impl.StateMachineUpdater (StateMachineUpdater.java:stopAndJoin(153)) - 9f5e5902-bacc-4266-a878-65e39c3ba6e9@group-12CE0A931D26-StateMachineUpdater: set stopIndex = 0
2023-02-16 16:34:35,245 [grpc-default-executor-5] WARN  server.GrpcLogAppender (LogUtils.java:warn(122)) - 640e7d3f-2dbd-4e46-b500-a7d3223ba7d6@group-12CE0A931D26->9f5e5902-bacc-4266-a878-65e39c3ba6e9-AppendLogResponseHandler: Failed appendEntries: org.apache.ratis.thirdparty.io.grpc.StatusRuntimeException: CANCELLED: RST_STREAM closed stream. HTTP/2 error code: CANCEL
2023-02-16 16:34:35,245 [grpc-default-executor-5] WARN  server.GrpcLogAppender (GrpcLogAppender.java:resetClient(131)) - 640e7d3f-2dbd-4e46-b500-a7d3223ba7d6@group-12CE0A931D26->9f5e5902-bacc-4266-a878-65e39c3ba6e9-GrpcLogAppender: Leader has not got in touch with Follower 640e7d3f-2dbd-4e46-b500-a7d3223ba7d6@group-12CE0A931D26->9f5e5902-bacc-4266-a878-65e39c3ba6e9(c0,m0,n1, attendVote=true, lastRpcSendTime=553, lastRpcResponseTime=552) yet, just keep nextIndex unchanged and retry.
2023-02-16 16:34:35,245 [9f5e5902-bacc-4266-a878-65e39c3ba6e9@group-12CE0A931D26-StateMachineUpdater] INFO  ratis.ContainerStateMachine (ContainerStateMachine.java:takeSnapshot(308)) - group-12CE0A931D26: Taking a snapshot at:(t:1, i:0) file /home/runner/work/ozone/ozone/hadoop-ozone/integration-test/target/test-dir/MiniOzoneClusterImpl-34b8c8ad-1b7a-4f1a-91f5-8cb1859b150b/datanode-2/data/ratis/44a1a87c-b549-4b00-ab61-12ce0a931d26/sm/snapshot.1_0
2023-02-16 16:34:35,246 [9f5e5902-bacc-4266-a878-65e39c3ba6e9@group-12CE0A931D26-FollowerState] INFO  impl.FollowerState (FollowerState.java:run(152)) - 9f5e5902-bacc-4266-a878-65e39c3ba6e9@group-12CE0A931D26-FollowerState was interrupted
2023-02-16 16:34:35,247 [9f5e5902-bacc-4266-a878-65e39c3ba6e9@group-12CE0A931D26-StateMachineUpdater] INFO  ratis.ContainerStateMachine (ContainerStateMachine.java:takeSnapshot(319)) - group-12CE0A931D26: Finished taking a snapshot at:(t:1, i:0) file:/home/runner/work/ozone/ozone/hadoop-ozone/integration-test/target/test-dir/MiniOzoneClusterImpl-34b8c8ad-1b7a-4f1a-91f5-8cb1859b150b/datanode-2/data/ratis/44a1a87c-b549-4b00-ab61-12ce0a931d26/sm/snapshot.1_0 took: 1 ms
2023-02-16 16:34:35,247 [9f5e5902-bacc-4266-a878-65e39c3ba6e9@group-12CE0A931D26-StateMachineUpdater] INFO  impl.StateMachineUpdater (StateMachineUpdater.java:takeSnapshot(287)) - 9f5e5902-bacc-4266-a878-65e39c3ba6e9@group-12CE0A931D26-StateMachineUpdater: Took a snapshot at index 0
2023-02-16 16:34:35,247 [9f5e5902-bacc-4266-a878-65e39c3ba6e9@group-12CE0A931D26-StateMachineUpdater] INFO  impl.StateMachineUpdater (StateMachineUpdater.java:lambda$new$0(92)) - 9f5e5902-bacc-4266-a878-65e39c3ba6e9@group-12CE0A931D26-StateMachineUpdater: snapshotIndex: updateIncreasingly -1 -> 0
2023-02-16 16:34:35,247 [9f5e5902-bacc-4266-a878-65e39c3ba6e9-impl-thread3] INFO  server.RaftServer$Division (ServerState.java:close(466)) - 9f5e5902-bacc-4266-a878-65e39c3ba6e9@group-12CE0A931D26: closes. applyIndex: 0
2023-02-16 16:34:35,255 [9f5e5902-bacc-4266-a878-65e39c3ba6e9@group-5E99F9516C48-StateMachineUpdater] INFO  ratis.ContainerStateMachine (ContainerStateMachine.java:takeSnapshot(319)) - group-5E99F9516C48: Finished taking a snapshot at:(t:1, i:29) file:/home/runner/work/ozone/ozone/hadoop-ozone/integration-test/target/test-dir/MiniOzoneClusterImpl-34b8c8ad-1b7a-4f1a-91f5-8cb1859b150b/datanode-2/data/ratis/2e50dcc1-ee07-4a60-9aea-5e99f9516c48/sm/snapshot.1_29 took: 16 ms
2023-02-16 16:34:35,255 [9f5e5902-bacc-4266-a878-65e39c3ba6e9@group-5E99F9516C48-StateMachineUpdater] INFO  impl.StateMachineUpdater (StateMachineUpdater.java:takeSnapshot(287)) - 9f5e5902-bacc-4266-a878-65e39c3ba6e9@group-5E99F9516C48-StateMachineUpdater: Took a snapshot at index 29
2023-02-16 16:34:35,255 [9f5e5902-bacc-4266-a878-65e39c3ba6e9@group-5E99F9516C48-StateMachineUpdater] INFO  impl.StateMachineUpdater (StateMachineUpdater.java:lambda$new$0(92)) - 9f5e5902-bacc-4266-a878-65e39c3ba6e9@group-5E99F9516C48-StateMachineUpdater: snapshotIndex: updateIncreasingly -1 -> 29
2023-02-16 16:34:35,255 [9f5e5902-bacc-4266-a878-65e39c3ba6e9-impl-thread2] INFO  server.RaftServer$Division (ServerState.java:close(466)) - 9f5e5902-bacc-4266-a878-65e39c3ba6e9@group-5E99F9516C48: closes. applyIndex: 29
2023-02-16 16:34:35,255 [9f5e5902-bacc-4266-a878-65e39c3ba6e9@group-12CE0A931D26-SegmentedRaftLogWorker] INFO  segmented.SegmentedRaftLogWorker (SegmentedRaftLogWorker.java:run(347)) - 9f5e5902-bacc-4266-a878-65e39c3ba6e9@group-12CE0A931D26-SegmentedRaftLogWorker was interrupted, exiting. There are 0 tasks remaining in the queue.
2023-02-16 16:34:35,255 [9f5e5902-bacc-4266-a878-65e39c3ba6e9@group-5E99F9516C48-SegmentedRaftLogWorker] INFO  segmented.SegmentedRaftLogWorker (SegmentedRaftLogWorker.java:run(347)) - 9f5e5902-bacc-4266-a878-65e39c3ba6e9@group-5E99F9516C48-SegmentedRaftLogWorker was interrupted, exiting. There are 0 tasks remaining in the queue.
2023-02-16 16:34:35,257 [ForkJoinPool.commonPool-worker-1] INFO  ozoneimpl.OzoneContainer (OzoneContainer.java:stop(420)) - Attempting to stop container services.
2023-02-16 16:34:35,258 [ForkJoinPool.commonPool-worker-1] INFO  server.RaftServer (RaftServerProxy.java:lambda$close$6(409)) - 640e7d3f-2dbd-4e46-b500-a7d3223ba7d6: close
2023-02-16 16:34:35,258 [640e7d3f-2dbd-4e46-b500-a7d3223ba7d6-impl-thread1] INFO  server.RaftServer$Division (RaftServerImpl.java:lambda$close$4(458)) - 640e7d3f-2dbd-4e46-b500-a7d3223ba7d6@group-FBABD7246533: shutdown
2023-02-16 16:34:35,259 [640e7d3f-2dbd-4e46-b500-a7d3223ba7d6-impl-thread1] INFO  util.JmxRegister (JmxRegister.java:unregister(73)) - Successfully un-registered JMX Bean with object name Ratis:service=RaftServer,group=group-FBABD7246533,id=640e7d3f-2dbd-4e46-b500-a7d3223ba7d6
2023-02-16 16:34:35,259 [640e7d3f-2dbd-4e46-b500-a7d3223ba7d6-impl-thread1] INFO  impl.RoleInfo (RoleInfo.java:shutdownLeaderState(93)) - 640e7d3f-2dbd-4e46-b500-a7d3223ba7d6: shutdown 640e7d3f-2dbd-4e46-b500-a7d3223ba7d6@group-FBABD7246533-LeaderStateImpl
2023-02-16 16:34:35,259 [640e7d3f-2dbd-4e46-b500-a7d3223ba7d6-impl-thread2] INFO  server.RaftServer$Division (RaftServerImpl.java:lambda$close$4(458)) - 640e7d3f-2dbd-4e46-b500-a7d3223ba7d6@group-5E99F9516C48: shutdown
2023-02-16 16:34:35,259 [640e7d3f-2dbd-4e46-b500-a7d3223ba7d6-impl-thread1] INFO  impl.PendingRequests (PendingRequests.java:sendNotLeaderResponses(282)) - 640e7d3f-2dbd-4e46-b500-a7d3223ba7d6@group-FBABD7246533-PendingRequests: sendNotLeaderResponses
2023-02-16 16:34:35,259 [640e7d3f-2dbd-4e46-b500-a7d3223ba7d6-impl-thread2] INFO  util.JmxRegister (JmxRegister.java:unregister(73)) - Successfully un-registered JMX Bean with object name Ratis:service=RaftServer,group=group-5E99F9516C48,id=640e7d3f-2dbd-4e46-b500-a7d3223ba7d6
2023-02-16 16:34:35,259 [640e7d3f-2dbd-4e46-b500-a7d3223ba7d6-impl-thread2] INFO  impl.RoleInfo (RoleInfo.java:shutdownFollowerState(110)) - 640e7d3f-2dbd-4e46-b500-a7d3223ba7d6: shutdown 640e7d3f-2dbd-4e46-b500-a7d3223ba7d6@group-5E99F9516C48-FollowerState
2023-02-16 16:34:35,259 [ForkJoinPool.commonPool-worker-1] INFO  server.GrpcService (GrpcService.java:closeImpl(271)) - 640e7d3f-2dbd-4e46-b500-a7d3223ba7d6: shutdown server GrpcServerProtocolService now
2023-02-16 16:34:35,259 [640e7d3f-2dbd-4e46-b500-a7d3223ba7d6-impl-thread1] INFO  impl.StateMachineUpdater (StateMachineUpdater.java:stopAndJoin(153)) - 640e7d3f-2dbd-4e46-b500-a7d3223ba7d6@group-FBABD7246533-StateMachineUpdater: set stopIndex = 0
2023-02-16 16:34:35,267 [grpc-default-executor-3] WARN  server.GrpcServerProtocolService (LogUtils.java:warn(122)) - 640e7d3f-2dbd-4e46-b500-a7d3223ba7d6: installSnapshot onError, lastRequest: 22be8fd8-b8c6-40ff-8f14-846d94d7e632->640e7d3f-2dbd-4e46-b500-a7d3223ba7d6#332-t1,previous=(t:1, i:28),leaderCommit=27,initializing? true,entries: size=1, first=(t:1, i:29), METADATAENTRY(c:27): org.apache.ratis.thirdparty.io.grpc.StatusRuntimeException: CANCELLED: client cancelled
2023-02-16 16:34:35,268 [640e7d3f-2dbd-4e46-b500-a7d3223ba7d6@group-FBABD7246533-StateMachineUpdater] INFO  ratis.ContainerStateMachine (ContainerStateMachine.java:takeSnapshot(308)) - group-FBABD7246533: Taking a snapshot at:(t:1, i:0) file /home/runner/work/ozone/ozone/hadoop-ozone/integration-test/target/test-dir/MiniOzoneClusterImpl-34b8c8ad-1b7a-4f1a-91f5-8cb1859b150b/datanode-1/data/ratis/45cb45bc-af0c-44b4-bd47-fbabd7246533/sm/snapshot.1_0
2023-02-16 16:34:35,268 [grpc-default-executor-3] WARN  server.GrpcLogAppender (LogUtils.java:warn(122)) - 22be8fd8-b8c6-40ff-8f14-846d94d7e632@group-5E99F9516C48->640e7d3f-2dbd-4e46-b500-a7d3223ba7d6-AppendLogResponseHandler: Failed appendEntries: org.apache.ratis.thirdparty.io.grpc.StatusRuntimeException: CANCELLED: RST_STREAM closed stream. HTTP/2 error code: CANCEL
2023-02-16 16:34:35,268 [grpc-default-executor-4] WARN  server.GrpcServerProtocolService (LogUtils.java:warn(122)) - 640e7d3f-2dbd-4e46-b500-a7d3223ba7d6: installSnapshot onError, lastRequest: null: org.apache.ratis.thirdparty.io.grpc.StatusRuntimeException: CANCELLED: client cancelled
2023-02-16 16:34:35,268 [grpc-default-executor-3] INFO  leader.FollowerInfo (FollowerInfoImpl.java:lambda$new$0(48)) - 22be8fd8-b8c6-40ff-8f14-846d94d7e632@group-5E99F9516C48->640e7d3f-2dbd-4e46-b500-a7d3223ba7d6: nextIndex: updateUnconditionally 30 -> 29
2023-02-16 16:34:35,268 [640e7d3f-2dbd-4e46-b500-a7d3223ba7d6@group-FBABD7246533-StateMachineUpdater] INFO  ratis.ContainerStateMachine (ContainerStateMachine.java:takeSnapshot(319)) - group-FBABD7246533: Finished taking a snapshot at:(t:1, i:0) file:/home/runner/work/ozone/ozone/hadoop-ozone/integration-test/target/test-dir/MiniOzoneClusterImpl-34b8c8ad-1b7a-4f1a-91f5-8cb1859b150b/datanode-1/data/ratis/45cb45bc-af0c-44b4-bd47-fbabd7246533/sm/snapshot.1_0 took: 1 ms
2023-02-16 16:34:35,269 [640e7d3f-2dbd-4e46-b500-a7d3223ba7d6@group-5E99F9516C48-FollowerState] INFO  impl.FollowerState (FollowerState.java:run(152)) - 640e7d3f-2dbd-4e46-b500-a7d3223ba7d6@group-5E99F9516C48-FollowerState was interrupted
2023-02-16 16:34:35,269 [640e7d3f-2dbd-4e46-b500-a7d3223ba7d6@group-FBABD7246533-StateMachineUpdater] INFO  impl.StateMachineUpdater (StateMachineUpdater.java:takeSnapshot(287)) - 640e7d3f-2dbd-4e46-b500-a7d3223ba7d6@group-FBABD7246533-StateMachineUpdater: Took a snapshot at index 0
2023-02-16 16:34:35,269 [640e7d3f-2dbd-4e46-b500-a7d3223ba7d6@group-FBABD7246533-StateMachineUpdater] INFO  impl.StateMachineUpdater (StateMachineUpdater.java:lambda$new$0(92)) - 640e7d3f-2dbd-4e46-b500-a7d3223ba7d6@group-FBABD7246533-StateMachineUpdater: snapshotIndex: updateIncreasingly -1 -> 0
2023-02-16 16:34:35,269 [640e7d3f-2dbd-4e46-b500-a7d3223ba7d6-impl-thread1] INFO  server.RaftServer$Division (ServerState.java:close(466)) - 640e7d3f-2dbd-4e46-b500-a7d3223ba7d6@group-FBABD7246533: closes. applyIndex: 0
2023-02-16 16:34:35,269 [640e7d3f-2dbd-4e46-b500-a7d3223ba7d6@group-FBABD7246533-SegmentedRaftLogWorker] INFO  segmented.SegmentedRaftLogWorker (SegmentedRaftLogWorker.java:run(347)) - 640e7d3f-2dbd-4e46-b500-a7d3223ba7d6@group-FBABD7246533-SegmentedRaftLogWorker was interrupted, exiting. There are 0 tasks remaining in the queue.
2023-02-16 16:34:35,269 [640e7d3f-2dbd-4e46-b500-a7d3223ba7d6-impl-thread3] INFO  server.RaftServer$Division (RaftServerImpl.java:lambda$close$4(458)) - 640e7d3f-2dbd-4e46-b500-a7d3223ba7d6@group-12CE0A931D26: shutdown
2023-02-16 16:34:35,269 [640e7d3f-2dbd-4e46-b500-a7d3223ba7d6-impl-thread3] INFO  util.JmxRegister (JmxRegister.java:unregister(73)) - Successfully un-registered JMX Bean with object name Ratis:service=RaftServer,group=group-12CE0A931D26,id=640e7d3f-2dbd-4e46-b500-a7d3223ba7d6
2023-02-16 16:34:35,269 [640e7d3f-2dbd-4e46-b500-a7d3223ba7d6-impl-thread3] INFO  impl.RoleInfo (RoleInfo.java:shutdownLeaderState(93)) - 640e7d3f-2dbd-4e46-b500-a7d3223ba7d6: shutdown 640e7d3f-2dbd-4e46-b500-a7d3223ba7d6@group-12CE0A931D26-LeaderStateImpl
2023-02-16 16:34:35,269 [640e7d3f-2dbd-4e46-b500-a7d3223ba7d6-impl-thread3] INFO  impl.PendingRequests (PendingRequests.java:sendNotLeaderResponses(282)) - 640e7d3f-2dbd-4e46-b500-a7d3223ba7d6@group-12CE0A931D26-PendingRequests: sendNotLeaderResponses
2023-02-16 16:34:35,270 [640e7d3f-2dbd-4e46-b500-a7d3223ba7d6-impl-thread2] INFO  impl.StateMachineUpdater (StateMachineUpdater.java:stopAndJoin(153)) - 640e7d3f-2dbd-4e46-b500-a7d3223ba7d6@group-5E99F9516C48-StateMachineUpdater: set stopIndex = 29
2023-02-16 16:34:35,270 [640e7d3f-2dbd-4e46-b500-a7d3223ba7d6@group-5E99F9516C48-StateMachineUpdater] INFO  ratis.ContainerStateMachine (ContainerStateMachine.java:takeSnapshot(308)) - group-5E99F9516C48: Taking a snapshot at:(t:1, i:29) file /home/runner/work/ozone/ozone/hadoop-ozone/integration-test/target/test-dir/MiniOzoneClusterImpl-34b8c8ad-1b7a-4f1a-91f5-8cb1859b150b/datanode-1/data/ratis/2e50dcc1-ee07-4a60-9aea-5e99f9516c48/sm/snapshot.1_29
2023-02-16 16:34:35,270 [640e7d3f-2dbd-4e46-b500-a7d3223ba7d6@group-12CE0A931D26->22be8fd8-b8c6-40ff-8f14-846d94d7e632-GrpcLogAppender-LogAppenderDaemon] WARN  server.GrpcLogAppender (GrpcLogAppender.java:mayWait(200)) - 640e7d3f-2dbd-4e46-b500-a7d3223ba7d6@group-12CE0A931D26->22be8fd8-b8c6-40ff-8f14-846d94d7e632-GrpcLogAppender: Wait interrupted by java.lang.InterruptedException
2023-02-16 16:34:35,270 [grpc-default-executor-4] WARN  server.GrpcLogAppender (LogUtils.java:warn(122)) - 22be8fd8-b8c6-40ff-8f14-846d94d7e632@group-5E99F9516C48->640e7d3f-2dbd-4e46-b500-a7d3223ba7d6-AppendLogResponseHandler: Failed appendEntries: org.apache.ratis.thirdparty.io.grpc.StatusRuntimeException: CANCELLED: RST_STREAM closed stream. HTTP/2 error code: CANCEL
2023-02-16 16:34:35,271 [grpc-default-executor-4] INFO  leader.FollowerInfo (FollowerInfoImpl.java:lambda$new$0(48)) - 22be8fd8-b8c6-40ff-8f14-846d94d7e632@group-5E99F9516C48->640e7d3f-2dbd-4e46-b500-a7d3223ba7d6: nextIndex: updateUnconditionally 29 -> 28
2023-02-16 16:34:35,272 [9f5e5902-bacc-4266-a878-65e39c3ba6e9-impl-thread3] INFO  segmented.SegmentedRaftLogWorker (SegmentedRaftLogWorker.java:close(257)) - 9f5e5902-bacc-4266-a878-65e39c3ba6e9@group-12CE0A931D26-SegmentedRaftLogWorker close()
2023-02-16 16:34:35,272 [9f5e5902-bacc-4266-a878-65e39c3ba6e9-impl-thread2] INFO  segmented.SegmentedRaftLogWorker (SegmentedRaftLogWorker.java:close(257)) - 9f5e5902-bacc-4266-a878-65e39c3ba6e9@group-5E99F9516C48-SegmentedRaftLogWorker close()
2023-02-16 16:34:35,271 [ForkJoinPool.commonPool-worker-1] INFO  server.GrpcServerProtocolClient (GrpcServerProtocolClient.java:close(101)) - 22be8fd8-b8c6-40ff-8f14-846d94d7e632 Close channels
2023-02-16 16:34:35,275 [grpc-default-executor-5] INFO  server.GrpcServerProtocolService (GrpcServerProtocolService.java:onCompleted(143)) - 22be8fd8-b8c6-40ff-8f14-846d94d7e632: Completed APPEND_ENTRIES, lastRequest: null
2023-02-16 16:34:35,275 [grpc-default-executor-4] INFO  server.GrpcServerProtocolService (GrpcServerProtocolService.java:onCompleted(143)) - 22be8fd8-b8c6-40ff-8f14-846d94d7e632: Completed APPEND_ENTRIES, lastRequest: 640e7d3f-2dbd-4e46-b500-a7d3223ba7d6->22be8fd8-b8c6-40ff-8f14-846d94d7e632#1-t1,previous=(t:0, i:0),leaderCommit=0,initializing? true,entries: size=1, first=(t:1, i:0), CONFIGURATIONENTRY(current:id: "22be8fd8-b8c6-40ff-8f14-846d94d7e632"
address: "10.1.0.66:43577"
dataStreamAddress: "10.1.0.66:37909"
clientAddress: "10.1.0.66:43577"
adminAddress: "10.1.0.66:43577"
startupRole: FOLLOWER
,id: "640e7d3f-2dbd-4e46-b500-a7d3223ba7d6"
address: "10.1.0.66:35785"
priority: 1
dataStreamAddress: "10.1.0.66:41863"
clientAddress: "10.1.0.66:35785"
adminAddress: "10.1.0.66:35785"
startupRole: FOLLOWER
,id: "9f5e5902-bacc-4266-a878-65e39c3ba6e9"
address: "10.1.0.66:37011"
dataStreamAddress: "10.1.0.66:40567"
clientAddress: "10.1.0.66:37011"
adminAddress: "10.1.0.66:37011"
startupRole: FOLLOWER
, old:)
2023-02-16 16:34:35,271 [640e7d3f-2dbd-4e46-b500-a7d3223ba7d6@group-5E99F9516C48-StateMachineUpdater] INFO  ratis.ContainerStateMachine (ContainerStateMachine.java:takeSnapshot(319)) - group-5E99F9516C48: Finished taking a snapshot at:(t:1, i:29) file:/home/runner/work/ozone/ozone/hadoop-ozone/integration-test/target/test-dir/MiniOzoneClusterImpl-34b8c8ad-1b7a-4f1a-91f5-8cb1859b150b/datanode-1/data/ratis/2e50dcc1-ee07-4a60-9aea-5e99f9516c48/sm/snapshot.1_29 took: 2 ms
2023-02-16 16:34:35,276 [640e7d3f-2dbd-4e46-b500-a7d3223ba7d6@group-5E99F9516C48-StateMachineUpdater] INFO  impl.StateMachineUpdater (StateMachineUpdater.java:takeSnapshot(287)) - 640e7d3f-2dbd-4e46-b500-a7d3223ba7d6@group-5E99F9516C48-StateMachineUpdater: Took a snapshot at index 29
2023-02-16 16:34:35,276 [640e7d3f-2dbd-4e46-b500-a7d3223ba7d6@group-5E99F9516C48-StateMachineUpdater] INFO  impl.StateMachineUpdater (StateMachineUpdater.java:lambda$new$0(92)) - 640e7d3f-2dbd-4e46-b500-a7d3223ba7d6@group-5E99F9516C48-StateMachineUpdater: snapshotIndex: updateIncreasingly -1 -> 29
2023-02-16 16:34:35,271 [640e7d3f-2dbd-4e46-b500-a7d3223ba7d6-impl-thread3] INFO  impl.StateMachineUpdater (StateMachineUpdater.java:stopAndJoin(153)) - 640e7d3f-2dbd-4e46-b500-a7d3223ba7d6@group-12CE0A931D26-StateMachineUpdater: set stopIndex = 0
2023-02-16 16:34:35,271 [640e7d3f-2dbd-4e46-b500-a7d3223ba7d6@group-12CE0A931D26-StateMachineUpdater] INFO  ratis.ContainerStateMachine (ContainerStateMachine.java:takeSnapshot(308)) - group-12CE0A931D26: Taking a snapshot at:(t:1, i:0) file /home/runner/work/ozone/ozone/hadoop-ozone/integration-test/target/test-dir/MiniOzoneClusterImpl-34b8c8ad-1b7a-4f1a-91f5-8cb1859b150b/datanode-1/data/ratis/44a1a87c-b549-4b00-ab61-12ce0a931d26/sm/snapshot.1_0
2023-02-16 16:34:35,276 [grpc-default-executor-5] WARN  server.GrpcLogAppender (LogUtils.java:warn(122)) - 22be8fd8-b8c6-40ff-8f14-846d94d7e632@group-5E99F9516C48->9f5e5902-bacc-4266-a878-65e39c3ba6e9-AppendLogResponseHandler: Failed appendEntries: org.apache.ratis.thirdparty.io.grpc.StatusRuntimeException: UNAVAILABLE: io exception
2023-02-16 16:34:35,277 [grpc-default-executor-3] WARN  server.GrpcLogAppender (LogUtils.java:warn(122)) - 22be8fd8-b8c6-40ff-8f14-846d94d7e632@group-5E99F9516C48->9f5e5902-bacc-4266-a878-65e39c3ba6e9-AppendLogResponseHandler: Failed appendEntries: org.apache.ratis.thirdparty.io.grpc.StatusRuntimeException: UNAVAILABLE: io exception
2023-02-16 16:34:35,277 [640e7d3f-2dbd-4e46-b500-a7d3223ba7d6@group-12CE0A931D26-StateMachineUpdater] INFO  ratis.ContainerStateMachine (ContainerStateMachine.java:takeSnapshot(319)) - group-12CE0A931D26: Finished taking a snapshot at:(t:1, i:0) file:/home/runner/work/ozone/ozone/hadoop-ozone/integration-test/target/test-dir/MiniOzoneClusterImpl-34b8c8ad-1b7a-4f1a-91f5-8cb1859b150b/datanode-1/data/ratis/44a1a87c-b549-4b00-ab61-12ce0a931d26/sm/snapshot.1_0 took: 7 ms
2023-02-16 16:34:35,277 [640e7d3f-2dbd-4e46-b500-a7d3223ba7d6@group-12CE0A931D26-StateMachineUpdater] INFO  impl.StateMachineUpdater (StateMachineUpdater.java:takeSnapshot(287)) - 640e7d3f-2dbd-4e46-b500-a7d3223ba7d6@group-12CE0A931D26-StateMachineUpdater: Took a snapshot at index 0
2023-02-16 16:34:35,277 [640e7d3f-2dbd-4e46-b500-a7d3223ba7d6@group-12CE0A931D26-StateMachineUpdater] INFO  impl.StateMachineUpdater (StateMachineUpdater.java:lambda$new$0(92)) - 640e7d3f-2dbd-4e46-b500-a7d3223ba7d6@group-12CE0A931D26-StateMachineUpdater: snapshotIndex: updateIncreasingly -1 -> 0
2023-02-16 16:34:35,277 [640e7d3f-2dbd-4e46-b500-a7d3223ba7d6-impl-thread3] INFO  server.RaftServer$Division (ServerState.java:close(466)) - 640e7d3f-2dbd-4e46-b500-a7d3223ba7d6@group-12CE0A931D26: closes. applyIndex: 0
2023-02-16 16:34:35,277 [grpc-default-executor-5] INFO  leader.FollowerInfo (FollowerInfoImpl.java:lambda$new$0(48)) - 22be8fd8-b8c6-40ff-8f14-846d94d7e632@group-5E99F9516C48->9f5e5902-bacc-4266-a878-65e39c3ba6e9: nextIndex: updateUnconditionally 29 -> 28
2023-02-16 16:34:35,277 [640e7d3f-2dbd-4e46-b500-a7d3223ba7d6@group-12CE0A931D26-SegmentedRaftLogWorker] INFO  segmented.SegmentedRaftLogWorker (SegmentedRaftLogWorker.java:run(347)) - 640e7d3f-2dbd-4e46-b500-a7d3223ba7d6@group-12CE0A931D26-SegmentedRaftLogWorker was interrupted, exiting. There are 0 tasks remaining in the queue.
2023-02-16 16:34:35,278 [grpc-default-executor-3] INFO  leader.FollowerInfo (FollowerInfoImpl.java:lambda$new$0(48)) - 22be8fd8-b8c6-40ff-8f14-846d94d7e632@group-5E99F9516C48->9f5e5902-bacc-4266-a878-65e39c3ba6e9: nextIndex: updateUnconditionally 28 -> 27
2023-02-16 16:34:35,279 [640e7d3f-2dbd-4e46-b500-a7d3223ba7d6-impl-thread1] INFO  segmented.SegmentedRaftLogWorker (SegmentedRaftLogWorker.java:close(257)) - 640e7d3f-2dbd-4e46-b500-a7d3223ba7d6@group-FBABD7246533-SegmentedRaftLogWorker close()
2023-02-16 16:34:35,279 [grpc-default-executor-5] WARN  server.GrpcLogAppender (LogUtils.java:warn(122)) - 22be8fd8-b8c6-40ff-8f14-846d94d7e632@group-5E99F9516C48->640e7d3f-2dbd-4e46-b500-a7d3223ba7d6-AppendLogResponseHandler: Failed appendEntries: org.apache.ratis.thirdparty.io.grpc.StatusRuntimeException: UNAVAILABLE: io exception
2023-02-16 16:34:35,279 [grpc-default-executor-5] INFO  leader.FollowerInfo (FollowerInfoImpl.java:lambda$new$0(48)) - 22be8fd8-b8c6-40ff-8f14-846d94d7e632@group-5E99F9516C48->640e7d3f-2dbd-4e46-b500-a7d3223ba7d6: nextIndex: updateUnconditionally 29 -> 28
2023-02-16 16:34:35,279 [grpc-default-executor-4] INFO  server.GrpcLogAppender (GrpcLogAppender.java:onCompleted(415)) - 640e7d3f-2dbd-4e46-b500-a7d3223ba7d6@group-12CE0A931D26->22be8fd8-b8c6-40ff-8f14-846d94d7e632-AppendLogResponseHandler: follower responses appendEntries COMPLETED
2023-02-16 16:34:35,280 [grpc-default-executor-4] WARN  server.GrpcLogAppender (GrpcLogAppender.java:resetClient(137)) - 640e7d3f-2dbd-4e46-b500-a7d3223ba7d6@group-12CE0A931D26->22be8fd8-b8c6-40ff-8f14-846d94d7e632-GrpcLogAppender: Failed to getClient for 22be8fd8-b8c6-40ff-8f14-846d94d7e632
org.apache.ratis.protocol.exceptions.AlreadyClosedException: 640e7d3f-2dbd-4e46-b500-a7d3223ba7d6 is already CLOSED
	at org.apache.ratis.util.PeerProxyMap$PeerAndProxy.getProxy(PeerProxyMap.java:61)
	at org.apache.ratis.util.PeerProxyMap.getProxy(PeerProxyMap.java:115)
	at org.apache.ratis.grpc.server.GrpcLogAppender.getClient(GrpcLogAppender.java:116)
	at org.apache.ratis.grpc.server.GrpcLogAppender.resetClient(GrpcLogAppender.java:121)
	at org.apache.ratis.grpc.server.GrpcLogAppender.access$500(GrpcLogAppender.java:58)
	at org.apache.ratis.grpc.server.GrpcLogAppender$AppendLogResponseHandler.onCompleted(GrpcLogAppender.java:416)
	at org.apache.ratis.thirdparty.io.grpc.stub.ClientCalls$StreamObserverToCallListenerAdapter.onClose(ClientCalls.java:485)
	at org.apache.ratis.thirdparty.io.grpc.internal.DelayedClientCall$DelayedListener$3.run(DelayedClientCall.java:468)
	at org.apache.ratis.thirdparty.io.grpc.internal.DelayedClientCall$DelayedListener.delayOrExecute(DelayedClientCall.java:432)
	at org.apache.ratis.thirdparty.io.grpc.internal.DelayedClientCall$DelayedListener.onClose(DelayedClientCall.java:465)
	at org.apache.ratis.thirdparty.io.grpc.internal.ClientCallImpl.closeObserver(ClientCallImpl.java:562)
	at org.apache.ratis.thirdparty.io.grpc.internal.ClientCallImpl.access$300(ClientCallImpl.java:70)
	at org.apache.ratis.thirdparty.io.grpc.internal.ClientCallImpl$ClientStreamListenerImpl$1StreamClosed.runInternal(ClientCallImpl.java:743)
	at org.apache.ratis.thirdparty.io.grpc.internal.ClientCallImpl$ClientStreamListenerImpl$1StreamClosed.runInContext(ClientCallImpl.java:722)
	at org.apache.ratis.thirdparty.io.grpc.internal.ContextRunnable.run(ContextRunnable.java:37)
	at org.apache.ratis.thirdparty.io.grpc.internal.SerializingExecutor.run(SerializingExecutor.java:133)
	at java.util.concurrent.ThreadPoolExecutor.runWorker(ThreadPoolExecutor.java:1149)
	at java.util.concurrent.ThreadPoolExecutor$Worker.run(ThreadPoolExecutor.java:624)
	at java.lang.Thread.run(Thread.java:750)
2023-02-16 16:34:35,280 [640e7d3f-2dbd-4e46-b500-a7d3223ba7d6-impl-thread3] INFO  segmented.SegmentedRaftLogWorker (SegmentedRaftLogWorker.java:close(257)) - 640e7d3f-2dbd-4e46-b500-a7d3223ba7d6@group-12CE0A931D26-SegmentedRaftLogWorker close()
2023-02-16 16:34:35,280 [640e7d3f-2dbd-4e46-b500-a7d3223ba7d6-impl-thread2] INFO  server.RaftServer$Division (ServerState.java:close(466)) - 640e7d3f-2dbd-4e46-b500-a7d3223ba7d6@group-5E99F9516C48: closes. applyIndex: 29
2023-02-16 16:34:35,281 [640e7d3f-2dbd-4e46-b500-a7d3223ba7d6@group-5E99F9516C48-SegmentedRaftLogWorker] INFO  segmented.SegmentedRaftLogWorker (SegmentedRaftLogWorker.java:run(347)) - 640e7d3f-2dbd-4e46-b500-a7d3223ba7d6@group-5E99F9516C48-SegmentedRaftLogWorker was interrupted, exiting. There are 0 tasks remaining in the queue.
2023-02-16 16:34:35,287 [grpc-default-executor-5] INFO  server.GrpcLogAppender (GrpcLogAppender.java:onCompleted(415)) - 640e7d3f-2dbd-4e46-b500-a7d3223ba7d6@group-12CE0A931D26->22be8fd8-b8c6-40ff-8f14-846d94d7e632-AppendLogResponseHandler: follower responses appendEntries COMPLETED
2023-02-16 16:34:35,287 [grpc-default-executor-5] WARN  server.GrpcLogAppender (GrpcLogAppender.java:resetClient(137)) - 640e7d3f-2dbd-4e46-b500-a7d3223ba7d6@group-12CE0A931D26->22be8fd8-b8c6-40ff-8f14-846d94d7e632-GrpcLogAppender: Failed to getClient for 22be8fd8-b8c6-40ff-8f14-846d94d7e632
org.apache.ratis.protocol.exceptions.AlreadyClosedException: 640e7d3f-2dbd-4e46-b500-a7d3223ba7d6 is already CLOSED
	at org.apache.ratis.util.PeerProxyMap$PeerAndProxy.getProxy(PeerProxyMap.java:61)
	at org.apache.ratis.util.PeerProxyMap.getProxy(PeerProxyMap.java:115)
	at org.apache.ratis.grpc.server.GrpcLogAppender.getClient(GrpcLogAppender.java:116)
	at org.apache.ratis.grpc.server.GrpcLogAppender.resetClient(GrpcLogAppender.java:121)
	at org.apache.ratis.grpc.server.GrpcLogAppender.access$500(GrpcLogAppender.java:58)
	at org.apache.ratis.grpc.server.GrpcLogAppender$AppendLogResponseHandler.onCompleted(GrpcLogAppender.java:416)
	at org.apache.ratis.thirdparty.io.grpc.stub.ClientCalls$StreamObserverToCallListenerAdapter.onClose(ClientCalls.java:485)
	at org.apache.ratis.thirdparty.io.grpc.internal.ClientCallImpl.closeObserver(ClientCallImpl.java:562)
	at org.apache.ratis.thirdparty.io.grpc.internal.ClientCallImpl.access$300(ClientCallImpl.java:70)
	at org.apache.ratis.thirdparty.io.grpc.internal.ClientCallImpl$ClientStreamListenerImpl$1StreamClosed.runInternal(ClientCallImpl.java:743)
	at org.apache.ratis.thirdparty.io.grpc.internal.ClientCallImpl$ClientStreamListenerImpl$1StreamClosed.runInContext(ClientCallImpl.java:722)
	at org.apache.ratis.thirdparty.io.grpc.internal.ContextRunnable.run(ContextRunnable.java:37)
	at org.apache.ratis.thirdparty.io.grpc.internal.SerializingExecutor.run(SerializingExecutor.java:133)
	at java.util.concurrent.ThreadPoolExecutor.runWorker(ThreadPoolExecutor.java:1149)
	at java.util.concurrent.ThreadPoolExecutor$Worker.run(ThreadPoolExecutor.java:624)
	at java.lang.Thread.run(Thread.java:750)
2023-02-16 16:34:35,290 [640e7d3f-2dbd-4e46-b500-a7d3223ba7d6-impl-thread2] INFO  segmented.SegmentedRaftLogWorker (SegmentedRaftLogWorker.java:close(257)) - 640e7d3f-2dbd-4e46-b500-a7d3223ba7d6@group-5E99F9516C48-SegmentedRaftLogWorker close()
2023-02-16 16:34:35,290 [JvmPauseMonitor8] INFO  util.JvmPauseMonitor (JvmPauseMonitor.java:run(111)) - JvmPauseMonitor-9f5e5902-bacc-4266-a878-65e39c3ba6e9: Stopped
2023-02-16 16:34:35,290 [grpc-default-executor-5] WARN  server.GrpcLogAppender (LogUtils.java:warn(122)) - 22be8fd8-b8c6-40ff-8f14-846d94d7e632@group-5E99F9516C48->640e7d3f-2dbd-4e46-b500-a7d3223ba7d6-AppendLogResponseHandler: Failed appendEntries: org.apache.ratis.thirdparty.io.grpc.StatusRuntimeException: UNAVAILABLE: io exception
2023-02-16 16:34:35,292 [grpc-default-executor-5] INFO  leader.FollowerInfo (FollowerInfoImpl.java:lambda$new$0(48)) - 22be8fd8-b8c6-40ff-8f14-846d94d7e632@group-5E99F9516C48->640e7d3f-2dbd-4e46-b500-a7d3223ba7d6: nextIndex: updateUnconditionally 28 -> 27
2023-02-16 16:34:35,294 [ForkJoinPool.commonPool-worker-1] INFO  server.GrpcServerProtocolClient (GrpcServerProtocolClient.java:close(101)) - 9f5e5902-bacc-4266-a878-65e39c3ba6e9 Close channels
2023-02-16 16:34:35,295 [ForkJoinPool.commonPool-worker-1] INFO  server.GrpcService (GrpcService.java:closeImpl(280)) - 640e7d3f-2dbd-4e46-b500-a7d3223ba7d6: shutdown server GrpcServerProtocolService successfully
2023-02-16 16:34:35,296 [640e7d3f-2dbd-4e46-b500-a7d3223ba7d6-NettyServerStreamRpc-bossGroup--thread1] INFO  logging.LoggingHandler (AbstractInternalLogger.java:log(148)) - [id: 0x99d59ea0, L:/0:0:0:0:0:0:0:0:41863] CLOSE
2023-02-16 16:34:35,296 [640e7d3f-2dbd-4e46-b500-a7d3223ba7d6-NettyServerStreamRpc-bossGroup--thread1] INFO  logging.LoggingHandler (AbstractInternalLogger.java:log(148)) - [id: 0x99d59ea0, L:/0:0:0:0:0:0:0:0:41863] INACTIVE
2023-02-16 16:34:35,296 [640e7d3f-2dbd-4e46-b500-a7d3223ba7d6-NettyServerStreamRpc-bossGroup--thread1] INFO  logging.LoggingHandler (AbstractInternalLogger.java:log(148)) - [id: 0x99d59ea0, L:/0:0:0:0:0:0:0:0:41863] UNREGISTERED
2023-02-16 16:34:35,307 [JvmPauseMonitor7] INFO  util.JvmPauseMonitor (JvmPauseMonitor.java:run(111)) - JvmPauseMonitor-640e7d3f-2dbd-4e46-b500-a7d3223ba7d6: Stopped
2023-02-16 16:34:37,297 [Listener at 127.0.0.1/46781] INFO  volume.HddsVolume (HddsVolume.java:closeDbStore(362)) - SchemaV3 db is stopped at /home/runner/work/ozone/ozone/hadoop-ozone/integration-test/target/test-dir/MiniOzoneClusterImpl-34b8c8ad-1b7a-4f1a-91f5-8cb1859b150b/datanode-2/data-0/containers/hdds/34b8c8ad-1b7a-4f1a-91f5-8cb1859b150b/DS-621f1073-3991-4cb8-9020-03b2c3b11da1/container.db for volume DS-621f1073-3991-4cb8-9020-03b2c3b11da1
2023-02-16 16:34:37,298 [Listener at 127.0.0.1/46781] INFO  utils.BackgroundService (BackgroundService.java:shutdown(141)) - Shutting down service BlockDeletingService
2023-02-16 16:34:37,298 [Listener at 127.0.0.1/46781] INFO  utils.BackgroundService (BackgroundService.java:shutdown(141)) - Shutting down service StaleRecoveringContainerScrubbingService
2023-02-16 16:34:37,301 [Listener at 127.0.0.1/46781] INFO  statemachine.DatanodeStateMachine (DatanodeStateMachine.java:stopDaemon(600)) - Ozone container server stopped.
2023-02-16 16:34:37,309 [Listener at 127.0.0.1/46781] INFO  handler.ContextHandler (ContextHandler.java:doStop(1159)) - Stopped o.e.j.w.WebAppContext@55f5fe83{hddsDatanode,/,null,STOPPED}{jar:file:/home/runner/.m2/repository/org/apache/ozone/hdds-container-service/1.4.0-SNAPSHOT/hdds-container-service-1.4.0-SNAPSHOT.jar!/webapps/hddsDatanode}
2023-02-16 16:34:37,309 [Listener at 127.0.0.1/46781] INFO  server.AbstractConnector (AbstractConnector.java:doStop(383)) - Stopped ServerConnector@51ccbd20{HTTP/1.1, (http/1.1)}{0.0.0.0:0}
2023-02-16 16:34:37,310 [Listener at 127.0.0.1/46781] INFO  server.session (HouseKeeper.java:stopScavenging(149)) - node0 Stopped scavenging
2023-02-16 16:34:37,310 [Listener at 127.0.0.1/46781] INFO  handler.ContextHandler (ContextHandler.java:doStop(1159)) - Stopped o.e.j.s.ServletContextHandler@245ffa21{static,/static,jar:file:/home/runner/.m2/repository/org/apache/ozone/hdds-container-service/1.4.0-SNAPSHOT/hdds-container-service-1.4.0-SNAPSHOT.jar!/webapps/static,STOPPED}
2023-02-16 16:34:37,310 [Listener at 127.0.0.1/46781] INFO  handler.ContextHandler (ContextHandler.java:doStop(1159)) - Stopped o.e.j.s.ServletContextHandler@31693ea2{logs,/logs,file:///home/runner/work/ozone/ozone/hadoop-ozone/integration-test/target/log,STOPPED}
2023-02-16 16:34:37,313 [ForkJoinPool.commonPool-worker-1] INFO  volume.HddsVolume (HddsVolume.java:closeDbStore(362)) - SchemaV3 db is stopped at /home/runner/work/ozone/ozone/hadoop-ozone/integration-test/target/test-dir/MiniOzoneClusterImpl-34b8c8ad-1b7a-4f1a-91f5-8cb1859b150b/datanode-1/data-0/containers/hdds/34b8c8ad-1b7a-4f1a-91f5-8cb1859b150b/DS-ea3c3cfc-4175-4193-817a-dddbecaf1fc9/container.db for volume DS-ea3c3cfc-4175-4193-817a-dddbecaf1fc9
2023-02-16 16:34:37,314 [ForkJoinPool.commonPool-worker-1] INFO  utils.BackgroundService (BackgroundService.java:shutdown(141)) - Shutting down service BlockDeletingService
2023-02-16 16:34:37,314 [ForkJoinPool.commonPool-worker-1] INFO  utils.BackgroundService (BackgroundService.java:shutdown(141)) - Shutting down service StaleRecoveringContainerScrubbingService
2023-02-16 16:34:37,316 [ForkJoinPool.commonPool-worker-1] INFO  statemachine.DatanodeStateMachine (DatanodeStateMachine.java:stopDaemon(600)) - Ozone container server stopped.
2023-02-16 16:34:37,323 [Listener at 127.0.0.1/46781] INFO  ozoneimpl.OzoneContainer (OzoneContainer.java:stop(420)) - Attempting to stop container services.
2023-02-16 16:34:37,323 [Listener at 127.0.0.1/46781] INFO  server.RaftServer (RaftServerProxy.java:lambda$close$6(409)) - 3a64110f-54c2-4b73-a080-ae850dd54c39: close
2023-02-16 16:34:37,324 [Listener at 127.0.0.1/46781] INFO  server.GrpcService (GrpcService.java:closeImpl(271)) - 3a64110f-54c2-4b73-a080-ae850dd54c39: shutdown server GrpcServerProtocolService now
2023-02-16 16:34:37,324 [3a64110f-54c2-4b73-a080-ae850dd54c39-impl-thread1] INFO  server.RaftServer$Division (RaftServerImpl.java:lambda$close$4(458)) - 3a64110f-54c2-4b73-a080-ae850dd54c39@group-D12AE3CFB248: shutdown
2023-02-16 16:34:37,324 [3a64110f-54c2-4b73-a080-ae850dd54c39-impl-thread1] INFO  util.JmxRegister (JmxRegister.java:unregister(73)) - Successfully un-registered JMX Bean with object name Ratis:service=RaftServer,group=group-D12AE3CFB248,id=3a64110f-54c2-4b73-a080-ae850dd54c39
2023-02-16 16:34:37,324 [3a64110f-54c2-4b73-a080-ae850dd54c39-impl-thread1] INFO  impl.RoleInfo (RoleInfo.java:shutdownLeaderState(93)) - 3a64110f-54c2-4b73-a080-ae850dd54c39: shutdown 3a64110f-54c2-4b73-a080-ae850dd54c39@group-D12AE3CFB248-LeaderStateImpl
2023-02-16 16:34:37,324 [3a64110f-54c2-4b73-a080-ae850dd54c39-impl-thread1] INFO  impl.PendingRequests (PendingRequests.java:sendNotLeaderResponses(282)) - 3a64110f-54c2-4b73-a080-ae850dd54c39@group-D12AE3CFB248-PendingRequests: sendNotLeaderResponses
2023-02-16 16:34:37,324 [3a64110f-54c2-4b73-a080-ae850dd54c39-impl-thread1] INFO  impl.StateMachineUpdater (StateMachineUpdater.java:stopAndJoin(153)) - 3a64110f-54c2-4b73-a080-ae850dd54c39@group-D12AE3CFB248-StateMachineUpdater: set stopIndex = 0
2023-02-16 16:34:37,324 [3a64110f-54c2-4b73-a080-ae850dd54c39@group-D12AE3CFB248-StateMachineUpdater] INFO  ratis.ContainerStateMachine (ContainerStateMachine.java:takeSnapshot(308)) - group-D12AE3CFB248: Taking a snapshot at:(t:1, i:0) file /home/runner/work/ozone/ozone/hadoop-ozone/integration-test/target/test-dir/MiniOzoneClusterImpl-34b8c8ad-1b7a-4f1a-91f5-8cb1859b150b/datanode-4/data/ratis/96a1f44d-05c9-44f5-a2ce-d12ae3cfb248/sm/snapshot.1_0
2023-02-16 16:34:37,325 [Listener at 127.0.0.1/46781] INFO  server.GrpcService (GrpcService.java:closeImpl(280)) - 3a64110f-54c2-4b73-a080-ae850dd54c39: shutdown server GrpcServerProtocolService successfully
2023-02-16 16:34:37,325 [3a64110f-54c2-4b73-a080-ae850dd54c39-NettyServerStreamRpc-bossGroup--thread1] INFO  logging.LoggingHandler (AbstractInternalLogger.java:log(148)) - [id: 0xa6c25684, L:/0:0:0:0:0:0:0:0:41821] CLOSE
2023-02-16 16:34:37,325 [3a64110f-54c2-4b73-a080-ae850dd54c39-NettyServerStreamRpc-bossGroup--thread1] INFO  logging.LoggingHandler (AbstractInternalLogger.java:log(148)) - [id: 0xa6c25684, L:/0:0:0:0:0:0:0:0:41821] INACTIVE
2023-02-16 16:34:37,325 [3a64110f-54c2-4b73-a080-ae850dd54c39-NettyServerStreamRpc-bossGroup--thread1] INFO  logging.LoggingHandler (AbstractInternalLogger.java:log(148)) - [id: 0xa6c25684, L:/0:0:0:0:0:0:0:0:41821] UNREGISTERED
2023-02-16 16:34:37,326 [3a64110f-54c2-4b73-a080-ae850dd54c39@group-D12AE3CFB248-StateMachineUpdater] INFO  ratis.ContainerStateMachine (ContainerStateMachine.java:takeSnapshot(319)) - group-D12AE3CFB248: Finished taking a snapshot at:(t:1, i:0) file:/home/runner/work/ozone/ozone/hadoop-ozone/integration-test/target/test-dir/MiniOzoneClusterImpl-34b8c8ad-1b7a-4f1a-91f5-8cb1859b150b/datanode-4/data/ratis/96a1f44d-05c9-44f5-a2ce-d12ae3cfb248/sm/snapshot.1_0 took: 2 ms
2023-02-16 16:34:37,326 [3a64110f-54c2-4b73-a080-ae850dd54c39@group-D12AE3CFB248-StateMachineUpdater] INFO  impl.StateMachineUpdater (StateMachineUpdater.java:takeSnapshot(287)) - 3a64110f-54c2-4b73-a080-ae850dd54c39@group-D12AE3CFB248-StateMachineUpdater: Took a snapshot at index 0
2023-02-16 16:34:37,326 [3a64110f-54c2-4b73-a080-ae850dd54c39@group-D12AE3CFB248-StateMachineUpdater] INFO  impl.StateMachineUpdater (StateMachineUpdater.java:lambda$new$0(92)) - 3a64110f-54c2-4b73-a080-ae850dd54c39@group-D12AE3CFB248-StateMachineUpdater: snapshotIndex: updateIncreasingly -1 -> 0
2023-02-16 16:34:37,326 [3a64110f-54c2-4b73-a080-ae850dd54c39-impl-thread1] INFO  server.RaftServer$Division (ServerState.java:close(466)) - 3a64110f-54c2-4b73-a080-ae850dd54c39@group-D12AE3CFB248: closes. applyIndex: 0
2023-02-16 16:34:37,328 [3a64110f-54c2-4b73-a080-ae850dd54c39@group-D12AE3CFB248-SegmentedRaftLogWorker] INFO  segmented.SegmentedRaftLogWorker (SegmentedRaftLogWorker.java:run(347)) - 3a64110f-54c2-4b73-a080-ae850dd54c39@group-D12AE3CFB248-SegmentedRaftLogWorker was interrupted, exiting. There are 0 tasks remaining in the queue.
2023-02-16 16:34:37,336 [ForkJoinPool.commonPool-worker-1] INFO  handler.ContextHandler (ContextHandler.java:doStop(1159)) - Stopped o.e.j.w.WebAppContext@34199d1c{hddsDatanode,/,null,STOPPED}{jar:file:/home/runner/.m2/repository/org/apache/ozone/hdds-container-service/1.4.0-SNAPSHOT/hdds-container-service-1.4.0-SNAPSHOT.jar!/webapps/hddsDatanode}
2023-02-16 16:34:37,336 [ForkJoinPool.commonPool-worker-1] INFO  server.AbstractConnector (AbstractConnector.java:doStop(383)) - Stopped ServerConnector@3d7f8110{HTTP/1.1, (http/1.1)}{0.0.0.0:0}
2023-02-16 16:34:37,336 [ForkJoinPool.commonPool-worker-1] INFO  server.session (HouseKeeper.java:stopScavenging(149)) - node0 Stopped scavenging
2023-02-16 16:34:37,338 [3a64110f-54c2-4b73-a080-ae850dd54c39-impl-thread1] INFO  segmented.SegmentedRaftLogWorker (SegmentedRaftLogWorker.java:close(257)) - 3a64110f-54c2-4b73-a080-ae850dd54c39@group-D12AE3CFB248-SegmentedRaftLogWorker close()
2023-02-16 16:34:37,339 [ForkJoinPool.commonPool-worker-1] INFO  handler.ContextHandler (ContextHandler.java:doStop(1159)) - Stopped o.e.j.s.ServletContextHandler@32052b5e{static,/static,jar:file:/home/runner/.m2/repository/org/apache/ozone/hdds-container-service/1.4.0-SNAPSHOT/hdds-container-service-1.4.0-SNAPSHOT.jar!/webapps/static,STOPPED}
2023-02-16 16:34:37,339 [ForkJoinPool.commonPool-worker-1] INFO  handler.ContextHandler (ContextHandler.java:doStop(1159)) - Stopped o.e.j.s.ServletContextHandler@5bbc263e{logs,/logs,file:///home/runner/work/ozone/ozone/hadoop-ozone/integration-test/target/log,STOPPED}
2023-02-16 16:34:37,340 [JvmPauseMonitor10] INFO  util.JvmPauseMonitor (JvmPauseMonitor.java:run(111)) - JvmPauseMonitor-3a64110f-54c2-4b73-a080-ae850dd54c39: Stopped
2023-02-16 16:34:37,342 [ForkJoinPool.commonPool-worker-1] INFO  ozoneimpl.OzoneContainer (OzoneContainer.java:stop(420)) - Attempting to stop container services.
2023-02-16 16:34:37,342 [ForkJoinPool.commonPool-worker-1] INFO  server.RaftServer (RaftServerProxy.java:lambda$close$6(409)) - 22be8fd8-b8c6-40ff-8f14-846d94d7e632: close
2023-02-16 16:34:37,343 [22be8fd8-b8c6-40ff-8f14-846d94d7e632-impl-thread1] INFO  server.RaftServer$Division (RaftServerImpl.java:lambda$close$4(458)) - 22be8fd8-b8c6-40ff-8f14-846d94d7e632@group-5E99F9516C48: shutdown
2023-02-16 16:34:37,343 [22be8fd8-b8c6-40ff-8f14-846d94d7e632-impl-thread1] INFO  util.JmxRegister (JmxRegister.java:unregister(73)) - Successfully un-registered JMX Bean with object name Ratis:service=RaftServer,group=group-5E99F9516C48,id=22be8fd8-b8c6-40ff-8f14-846d94d7e632
2023-02-16 16:34:37,343 [22be8fd8-b8c6-40ff-8f14-846d94d7e632-impl-thread1] INFO  impl.RoleInfo (RoleInfo.java:shutdownLeaderState(93)) - 22be8fd8-b8c6-40ff-8f14-846d94d7e632: shutdown 22be8fd8-b8c6-40ff-8f14-846d94d7e632@group-5E99F9516C48-LeaderStateImpl
2023-02-16 16:34:37,343 [22be8fd8-b8c6-40ff-8f14-846d94d7e632-impl-thread2] INFO  server.RaftServer$Division (RaftServerImpl.java:lambda$close$4(458)) - 22be8fd8-b8c6-40ff-8f14-846d94d7e632@group-4111298E9143: shutdown
2023-02-16 16:34:37,343 [22be8fd8-b8c6-40ff-8f14-846d94d7e632-impl-thread2] INFO  util.JmxRegister (JmxRegister.java:unregister(73)) - Successfully un-registered JMX Bean with object name Ratis:service=RaftServer,group=group-4111298E9143,id=22be8fd8-b8c6-40ff-8f14-846d94d7e632
2023-02-16 16:34:37,343 [22be8fd8-b8c6-40ff-8f14-846d94d7e632-impl-thread2] INFO  impl.RoleInfo (RoleInfo.java:shutdownLeaderState(93)) - 22be8fd8-b8c6-40ff-8f14-846d94d7e632: shutdown 22be8fd8-b8c6-40ff-8f14-846d94d7e632@group-4111298E9143-LeaderStateImpl
2023-02-16 16:34:37,343 [22be8fd8-b8c6-40ff-8f14-846d94d7e632-impl-thread2] INFO  impl.PendingRequests (PendingRequests.java:sendNotLeaderResponses(282)) - 22be8fd8-b8c6-40ff-8f14-846d94d7e632@group-4111298E9143-PendingRequests: sendNotLeaderResponses
2023-02-16 16:34:37,343 [22be8fd8-b8c6-40ff-8f14-846d94d7e632@group-4111298E9143-StateMachineUpdater] INFO  ratis.ContainerStateMachine (ContainerStateMachine.java:takeSnapshot(308)) - group-4111298E9143: Taking a snapshot at:(t:1, i:0) file /home/runner/work/ozone/ozone/hadoop-ozone/integration-test/target/test-dir/MiniOzoneClusterImpl-34b8c8ad-1b7a-4f1a-91f5-8cb1859b150b/datanode-0/data/ratis/538a8a59-8e39-4c51-ae89-4111298e9143/sm/snapshot.1_0
2023-02-16 16:34:37,344 [22be8fd8-b8c6-40ff-8f14-846d94d7e632-impl-thread2] INFO  impl.StateMachineUpdater (StateMachineUpdater.java:stopAndJoin(153)) - 22be8fd8-b8c6-40ff-8f14-846d94d7e632@group-4111298E9143-StateMachineUpdater: set stopIndex = 0
2023-02-16 16:34:37,344 [ForkJoinPool.commonPool-worker-1] INFO  server.GrpcService (GrpcService.java:closeImpl(271)) - 22be8fd8-b8c6-40ff-8f14-846d94d7e632: shutdown server GrpcServerProtocolService now
2023-02-16 16:34:37,344 [22be8fd8-b8c6-40ff-8f14-846d94d7e632@group-5E99F9516C48->640e7d3f-2dbd-4e46-b500-a7d3223ba7d6-GrpcLogAppender-LogAppenderDaemon] WARN  server.GrpcLogAppender (GrpcLogAppender.java:mayWait(200)) - 22be8fd8-b8c6-40ff-8f14-846d94d7e632@group-5E99F9516C48->640e7d3f-2dbd-4e46-b500-a7d3223ba7d6-GrpcLogAppender: Wait interrupted by java.lang.InterruptedException
2023-02-16 16:34:37,344 [22be8fd8-b8c6-40ff-8f14-846d94d7e632@group-5E99F9516C48->9f5e5902-bacc-4266-a878-65e39c3ba6e9-GrpcLogAppender-LogAppenderDaemon] WARN  server.GrpcLogAppender (GrpcLogAppender.java:mayWait(200)) - 22be8fd8-b8c6-40ff-8f14-846d94d7e632@group-5E99F9516C48->9f5e5902-bacc-4266-a878-65e39c3ba6e9-GrpcLogAppender: Wait interrupted by java.lang.InterruptedException
2023-02-16 16:34:37,344 [22be8fd8-b8c6-40ff-8f14-846d94d7e632@group-4111298E9143-StateMachineUpdater] INFO  ratis.ContainerStateMachine (ContainerStateMachine.java:takeSnapshot(319)) - group-4111298E9143: Finished taking a snapshot at:(t:1, i:0) file:/home/runner/work/ozone/ozone/hadoop-ozone/integration-test/target/test-dir/MiniOzoneClusterImpl-34b8c8ad-1b7a-4f1a-91f5-8cb1859b150b/datanode-0/data/ratis/538a8a59-8e39-4c51-ae89-4111298e9143/sm/snapshot.1_0 took: 1 ms
2023-02-16 16:34:37,345 [22be8fd8-b8c6-40ff-8f14-846d94d7e632@group-4111298E9143-StateMachineUpdater] INFO  impl.StateMachineUpdater (StateMachineUpdater.java:takeSnapshot(287)) - 22be8fd8-b8c6-40ff-8f14-846d94d7e632@group-4111298E9143-StateMachineUpdater: Took a snapshot at index 0
2023-02-16 16:34:37,345 [22be8fd8-b8c6-40ff-8f14-846d94d7e632@group-4111298E9143-StateMachineUpdater] INFO  impl.StateMachineUpdater (StateMachineUpdater.java:lambda$new$0(92)) - 22be8fd8-b8c6-40ff-8f14-846d94d7e632@group-4111298E9143-StateMachineUpdater: snapshotIndex: updateIncreasingly -1 -> 0
2023-02-16 16:34:37,344 [22be8fd8-b8c6-40ff-8f14-846d94d7e632-impl-thread1] INFO  impl.PendingRequests (PendingRequests.java:sendNotLeaderResponses(282)) - 22be8fd8-b8c6-40ff-8f14-846d94d7e632@group-5E99F9516C48-PendingRequests: sendNotLeaderResponses
2023-02-16 16:34:37,352 [grpc-default-executor-4] WARN  server.GrpcClientProtocolService (LogUtils.java:warn(122)) - 1-OrderedRequestStreamObserver1: onError: org.apache.ratis.thirdparty.io.grpc.StatusRuntimeException: CANCELLED: client cancelled
2023-02-16 16:34:37,352 [22be8fd8-b8c6-40ff-8f14-846d94d7e632-impl-thread2] INFO  server.RaftServer$Division (ServerState.java:close(466)) - 22be8fd8-b8c6-40ff-8f14-846d94d7e632@group-4111298E9143: closes. applyIndex: 0
2023-02-16 16:34:37,353 [22be8fd8-b8c6-40ff-8f14-846d94d7e632@group-4111298E9143-SegmentedRaftLogWorker] INFO  segmented.SegmentedRaftLogWorker (SegmentedRaftLogWorker.java:run(347)) - 22be8fd8-b8c6-40ff-8f14-846d94d7e632@group-4111298E9143-SegmentedRaftLogWorker was interrupted, exiting. There are 0 tasks remaining in the queue.
2023-02-16 16:34:37,353 [22be8fd8-b8c6-40ff-8f14-846d94d7e632-impl-thread3] INFO  server.RaftServer$Division (RaftServerImpl.java:lambda$close$4(458)) - 22be8fd8-b8c6-40ff-8f14-846d94d7e632@group-12CE0A931D26: shutdown
2023-02-16 16:34:37,353 [22be8fd8-b8c6-40ff-8f14-846d94d7e632-impl-thread3] INFO  util.JmxRegister (JmxRegister.java:unregister(73)) - Successfully un-registered JMX Bean with object name Ratis:service=RaftServer,group=group-12CE0A931D26,id=22be8fd8-b8c6-40ff-8f14-846d94d7e632
2023-02-16 16:34:37,353 [22be8fd8-b8c6-40ff-8f14-846d94d7e632-impl-thread3] INFO  impl.RoleInfo (RoleInfo.java:shutdownFollowerState(110)) - 22be8fd8-b8c6-40ff-8f14-846d94d7e632: shutdown 22be8fd8-b8c6-40ff-8f14-846d94d7e632@group-12CE0A931D26-FollowerState
2023-02-16 16:34:37,353 [22be8fd8-b8c6-40ff-8f14-846d94d7e632-impl-thread3] INFO  impl.StateMachineUpdater (StateMachineUpdater.java:stopAndJoin(153)) - 22be8fd8-b8c6-40ff-8f14-846d94d7e632@group-12CE0A931D26-StateMachineUpdater: set stopIndex = 0
2023-02-16 16:34:37,353 [22be8fd8-b8c6-40ff-8f14-846d94d7e632@group-12CE0A931D26-FollowerState] INFO  impl.FollowerState (FollowerState.java:run(152)) - 22be8fd8-b8c6-40ff-8f14-846d94d7e632@group-12CE0A931D26-FollowerState was interrupted
2023-02-16 16:34:37,353 [ForkJoinPool.commonPool-worker-1] INFO  server.GrpcServerProtocolClient (GrpcServerProtocolClient.java:close(101)) - 640e7d3f-2dbd-4e46-b500-a7d3223ba7d6 Close channels
2023-02-16 16:34:37,354 [22be8fd8-b8c6-40ff-8f14-846d94d7e632-impl-thread2] INFO  segmented.SegmentedRaftLogWorker (SegmentedRaftLogWorker.java:close(257)) - 22be8fd8-b8c6-40ff-8f14-846d94d7e632@group-4111298E9143-SegmentedRaftLogWorker close()
2023-02-16 16:34:37,354 [22be8fd8-b8c6-40ff-8f14-846d94d7e632@group-5E99F9516C48-StateMachineUpdater] INFO  ratis.ContainerStateMachine (ContainerStateMachine.java:takeSnapshot(308)) - group-5E99F9516C48: Taking a snapshot at:(t:1, i:29) file /home/runner/work/ozone/ozone/hadoop-ozone/integration-test/target/test-dir/MiniOzoneClusterImpl-34b8c8ad-1b7a-4f1a-91f5-8cb1859b150b/datanode-0/data/ratis/2e50dcc1-ee07-4a60-9aea-5e99f9516c48/sm/snapshot.1_29
2023-02-16 16:34:37,354 [22be8fd8-b8c6-40ff-8f14-846d94d7e632@group-12CE0A931D26-StateMachineUpdater] INFO  ratis.ContainerStateMachine (ContainerStateMachine.java:takeSnapshot(308)) - group-12CE0A931D26: Taking a snapshot at:(t:1, i:0) file /home/runner/work/ozone/ozone/hadoop-ozone/integration-test/target/test-dir/MiniOzoneClusterImpl-34b8c8ad-1b7a-4f1a-91f5-8cb1859b150b/datanode-0/data/ratis/44a1a87c-b549-4b00-ab61-12ce0a931d26/sm/snapshot.1_0
2023-02-16 16:34:37,354 [22be8fd8-b8c6-40ff-8f14-846d94d7e632-impl-thread1] INFO  impl.StateMachineUpdater (StateMachineUpdater.java:stopAndJoin(153)) - 22be8fd8-b8c6-40ff-8f14-846d94d7e632@group-5E99F9516C48-StateMachineUpdater: set stopIndex = 29
2023-02-16 16:34:37,355 [22be8fd8-b8c6-40ff-8f14-846d94d7e632@group-12CE0A931D26-StateMachineUpdater] INFO  ratis.ContainerStateMachine (ContainerStateMachine.java:takeSnapshot(319)) - group-12CE0A931D26: Finished taking a snapshot at:(t:1, i:0) file:/home/runner/work/ozone/ozone/hadoop-ozone/integration-test/target/test-dir/MiniOzoneClusterImpl-34b8c8ad-1b7a-4f1a-91f5-8cb1859b150b/datanode-0/data/ratis/44a1a87c-b549-4b00-ab61-12ce0a931d26/sm/snapshot.1_0 took: 1 ms
2023-02-16 16:34:37,355 [22be8fd8-b8c6-40ff-8f14-846d94d7e632@group-5E99F9516C48-StateMachineUpdater] INFO  ratis.ContainerStateMachine (ContainerStateMachine.java:takeSnapshot(319)) - group-5E99F9516C48: Finished taking a snapshot at:(t:1, i:29) file:/home/runner/work/ozone/ozone/hadoop-ozone/integration-test/target/test-dir/MiniOzoneClusterImpl-34b8c8ad-1b7a-4f1a-91f5-8cb1859b150b/datanode-0/data/ratis/2e50dcc1-ee07-4a60-9aea-5e99f9516c48/sm/snapshot.1_29 took: 1 ms
2023-02-16 16:34:37,356 [22be8fd8-b8c6-40ff-8f14-846d94d7e632@group-5E99F9516C48-StateMachineUpdater] INFO  impl.StateMachineUpdater (StateMachineUpdater.java:takeSnapshot(287)) - 22be8fd8-b8c6-40ff-8f14-846d94d7e632@group-5E99F9516C48-StateMachineUpdater: Took a snapshot at index 29
2023-02-16 16:34:37,356 [22be8fd8-b8c6-40ff-8f14-846d94d7e632@group-5E99F9516C48-StateMachineUpdater] INFO  impl.StateMachineUpdater (StateMachineUpdater.java:lambda$new$0(92)) - 22be8fd8-b8c6-40ff-8f14-846d94d7e632@group-5E99F9516C48-StateMachineUpdater: snapshotIndex: updateIncreasingly -1 -> 29
2023-02-16 16:34:37,356 [22be8fd8-b8c6-40ff-8f14-846d94d7e632-impl-thread1] INFO  server.RaftServer$Division (ServerState.java:close(466)) - 22be8fd8-b8c6-40ff-8f14-846d94d7e632@group-5E99F9516C48: closes. applyIndex: 29
2023-02-16 16:34:37,356 [22be8fd8-b8c6-40ff-8f14-846d94d7e632@group-5E99F9516C48-SegmentedRaftLogWorker] INFO  segmented.SegmentedRaftLogWorker (SegmentedRaftLogWorker.java:run(347)) - 22be8fd8-b8c6-40ff-8f14-846d94d7e632@group-5E99F9516C48-SegmentedRaftLogWorker was interrupted, exiting. There are 0 tasks remaining in the queue.
2023-02-16 16:34:37,356 [22be8fd8-b8c6-40ff-8f14-846d94d7e632@group-12CE0A931D26-StateMachineUpdater] INFO  impl.StateMachineUpdater (StateMachineUpdater.java:takeSnapshot(287)) - 22be8fd8-b8c6-40ff-8f14-846d94d7e632@group-12CE0A931D26-StateMachineUpdater: Took a snapshot at index 0
2023-02-16 16:34:37,358 [22be8fd8-b8c6-40ff-8f14-846d94d7e632-impl-thread1] INFO  segmented.SegmentedRaftLogWorker (SegmentedRaftLogWorker.java:close(257)) - 22be8fd8-b8c6-40ff-8f14-846d94d7e632@group-5E99F9516C48-SegmentedRaftLogWorker close()
2023-02-16 16:34:37,356 [ForkJoinPool.commonPool-worker-1] INFO  server.GrpcServerProtocolClient (GrpcServerProtocolClient.java:close(101)) - 9f5e5902-bacc-4266-a878-65e39c3ba6e9 Close channels
2023-02-16 16:34:37,358 [22be8fd8-b8c6-40ff-8f14-846d94d7e632@group-12CE0A931D26-StateMachineUpdater] INFO  impl.StateMachineUpdater (StateMachineUpdater.java:lambda$new$0(92)) - 22be8fd8-b8c6-40ff-8f14-846d94d7e632@group-12CE0A931D26-StateMachineUpdater: snapshotIndex: updateIncreasingly -1 -> 0
2023-02-16 16:34:37,360 [ForkJoinPool.commonPool-worker-1] INFO  server.GrpcService (GrpcService.java:closeImpl(280)) - 22be8fd8-b8c6-40ff-8f14-846d94d7e632: shutdown server GrpcServerProtocolService successfully
2023-02-16 16:34:37,360 [22be8fd8-b8c6-40ff-8f14-846d94d7e632-NettyServerStreamRpc-bossGroup--thread1] INFO  logging.LoggingHandler (AbstractInternalLogger.java:log(148)) - [id: 0xe801fe7c, L:/0:0:0:0:0:0:0:0:37909] CLOSE
2023-02-16 16:34:37,360 [22be8fd8-b8c6-40ff-8f14-846d94d7e632-NettyServerStreamRpc-bossGroup--thread1] INFO  logging.LoggingHandler (AbstractInternalLogger.java:log(148)) - [id: 0xe801fe7c, L:/0:0:0:0:0:0:0:0:37909] INACTIVE
2023-02-16 16:34:37,360 [22be8fd8-b8c6-40ff-8f14-846d94d7e632-NettyServerStreamRpc-bossGroup--thread1] INFO  logging.LoggingHandler (AbstractInternalLogger.java:log(148)) - [id: 0xe801fe7c, L:/0:0:0:0:0:0:0:0:37909] UNREGISTERED
2023-02-16 16:34:37,361 [22be8fd8-b8c6-40ff-8f14-846d94d7e632-impl-thread3] INFO  server.RaftServer$Division (ServerState.java:close(466)) - 22be8fd8-b8c6-40ff-8f14-846d94d7e632@group-12CE0A931D26: closes. applyIndex: 0
2023-02-16 16:34:37,367 [22be8fd8-b8c6-40ff-8f14-846d94d7e632@group-12CE0A931D26-SegmentedRaftLogWorker] INFO  segmented.SegmentedRaftLogWorker (SegmentedRaftLogWorker.java:run(347)) - 22be8fd8-b8c6-40ff-8f14-846d94d7e632@group-12CE0A931D26-SegmentedRaftLogWorker was interrupted, exiting. There are 0 tasks remaining in the queue.
2023-02-16 16:34:37,367 [22be8fd8-b8c6-40ff-8f14-846d94d7e632-impl-thread3] INFO  segmented.SegmentedRaftLogWorker (SegmentedRaftLogWorker.java:close(257)) - 22be8fd8-b8c6-40ff-8f14-846d94d7e632@group-12CE0A931D26-SegmentedRaftLogWorker close()
2023-02-16 16:34:37,368 [JvmPauseMonitor6] INFO  util.JvmPauseMonitor (JvmPauseMonitor.java:run(111)) - JvmPauseMonitor-22be8fd8-b8c6-40ff-8f14-846d94d7e632: Stopped
2023-02-16 16:34:39,344 [Listener at 127.0.0.1/46781] INFO  volume.HddsVolume (HddsVolume.java:closeDbStore(362)) - SchemaV3 db is stopped at /home/runner/work/ozone/ozone/hadoop-ozone/integration-test/target/test-dir/MiniOzoneClusterImpl-34b8c8ad-1b7a-4f1a-91f5-8cb1859b150b/datanode-4/data-0/containers/hdds/34b8c8ad-1b7a-4f1a-91f5-8cb1859b150b/DS-4fb94bda-883b-483e-90b3-adcc88c097d3/container.db for volume DS-4fb94bda-883b-483e-90b3-adcc88c097d3
2023-02-16 16:34:39,344 [Listener at 127.0.0.1/46781] INFO  utils.BackgroundService (BackgroundService.java:shutdown(141)) - Shutting down service BlockDeletingService
2023-02-16 16:34:39,344 [Listener at 127.0.0.1/46781] INFO  utils.BackgroundService (BackgroundService.java:shutdown(141)) - Shutting down service StaleRecoveringContainerScrubbingService
2023-02-16 16:34:39,350 [Listener at 127.0.0.1/46781] INFO  statemachine.DatanodeStateMachine (DatanodeStateMachine.java:stopDaemon(600)) - Ozone container server stopped.
2023-02-16 16:34:39,359 [Listener at 127.0.0.1/46781] INFO  handler.ContextHandler (ContextHandler.java:doStop(1159)) - Stopped o.e.j.w.WebAppContext@630cae95{hddsDatanode,/,null,STOPPED}{jar:file:/home/runner/.m2/repository/org/apache/ozone/hdds-container-service/1.4.0-SNAPSHOT/hdds-container-service-1.4.0-SNAPSHOT.jar!/webapps/hddsDatanode}
2023-02-16 16:34:39,359 [Listener at 127.0.0.1/46781] INFO  server.AbstractConnector (AbstractConnector.java:doStop(383)) - Stopped ServerConnector@310f2247{HTTP/1.1, (http/1.1)}{0.0.0.0:0}
2023-02-16 16:34:39,360 [Listener at 127.0.0.1/46781] INFO  server.session (HouseKeeper.java:stopScavenging(149)) - node0 Stopped scavenging
2023-02-16 16:34:39,360 [Listener at 127.0.0.1/46781] INFO  handler.ContextHandler (ContextHandler.java:doStop(1159)) - Stopped o.e.j.s.ServletContextHandler@149d4e72{static,/static,jar:file:/home/runner/.m2/repository/org/apache/ozone/hdds-container-service/1.4.0-SNAPSHOT/hdds-container-service-1.4.0-SNAPSHOT.jar!/webapps/static,STOPPED}
2023-02-16 16:34:39,360 [Listener at 127.0.0.1/46781] INFO  handler.ContextHandler (ContextHandler.java:doStop(1159)) - Stopped o.e.j.s.ServletContextHandler@3d4542d7{logs,/logs,file:///home/runner/work/ozone/ozone/hadoop-ozone/integration-test/target/log,STOPPED}
2023-02-16 16:34:39,364 [Listener at 127.0.0.1/46781] INFO  ozoneimpl.OzoneContainer (OzoneContainer.java:stop(420)) - Attempting to stop container services.
2023-02-16 16:34:39,365 [Listener at 127.0.0.1/46781] INFO  server.RaftServer (RaftServerProxy.java:lambda$close$6(409)) - 6c51f489-4ead-4eaf-8276-70ff1fcde269: close
2023-02-16 16:34:39,365 [Listener at 127.0.0.1/46781] INFO  server.GrpcService (GrpcService.java:closeImpl(271)) - 6c51f489-4ead-4eaf-8276-70ff1fcde269: shutdown server GrpcServerProtocolService now
2023-02-16 16:34:39,365 [6c51f489-4ead-4eaf-8276-70ff1fcde269-impl-thread1] INFO  server.RaftServer$Division (RaftServerImpl.java:lambda$close$4(458)) - 6c51f489-4ead-4eaf-8276-70ff1fcde269@group-7E675F597C1D: shutdown
2023-02-16 16:34:39,366 [6c51f489-4ead-4eaf-8276-70ff1fcde269-impl-thread1] INFO  util.JmxRegister (JmxRegister.java:unregister(73)) - Successfully un-registered JMX Bean with object name Ratis:service=RaftServer,group=group-7E675F597C1D,id=6c51f489-4ead-4eaf-8276-70ff1fcde269
2023-02-16 16:34:39,366 [6c51f489-4ead-4eaf-8276-70ff1fcde269-impl-thread1] INFO  impl.RoleInfo (RoleInfo.java:shutdownLeaderState(93)) - 6c51f489-4ead-4eaf-8276-70ff1fcde269: shutdown 6c51f489-4ead-4eaf-8276-70ff1fcde269@group-7E675F597C1D-LeaderStateImpl
2023-02-16 16:34:39,366 [6c51f489-4ead-4eaf-8276-70ff1fcde269-impl-thread1] INFO  impl.PendingRequests (PendingRequests.java:sendNotLeaderResponses(282)) - 6c51f489-4ead-4eaf-8276-70ff1fcde269@group-7E675F597C1D-PendingRequests: sendNotLeaderResponses
2023-02-16 16:34:39,366 [6c51f489-4ead-4eaf-8276-70ff1fcde269-impl-thread1] INFO  impl.StateMachineUpdater (StateMachineUpdater.java:stopAndJoin(153)) - 6c51f489-4ead-4eaf-8276-70ff1fcde269@group-7E675F597C1D-StateMachineUpdater: set stopIndex = 0
2023-02-16 16:34:39,367 [6c51f489-4ead-4eaf-8276-70ff1fcde269@group-7E675F597C1D-StateMachineUpdater] INFO  ratis.ContainerStateMachine (ContainerStateMachine.java:takeSnapshot(308)) - group-7E675F597C1D: Taking a snapshot at:(t:1, i:0) file /home/runner/work/ozone/ozone/hadoop-ozone/integration-test/target/test-dir/MiniOzoneClusterImpl-34b8c8ad-1b7a-4f1a-91f5-8cb1859b150b/datanode-3/data/ratis/67af78a1-7ebd-48f3-acb3-7e675f597c1d/sm/snapshot.1_0
2023-02-16 16:34:39,368 [6c51f489-4ead-4eaf-8276-70ff1fcde269@group-7E675F597C1D-StateMachineUpdater] INFO  ratis.ContainerStateMachine (ContainerStateMachine.java:takeSnapshot(319)) - group-7E675F597C1D: Finished taking a snapshot at:(t:1, i:0) file:/home/runner/work/ozone/ozone/hadoop-ozone/integration-test/target/test-dir/MiniOzoneClusterImpl-34b8c8ad-1b7a-4f1a-91f5-8cb1859b150b/datanode-3/data/ratis/67af78a1-7ebd-48f3-acb3-7e675f597c1d/sm/snapshot.1_0 took: 2 ms
2023-02-16 16:34:39,368 [6c51f489-4ead-4eaf-8276-70ff1fcde269@group-7E675F597C1D-StateMachineUpdater] INFO  impl.StateMachineUpdater (StateMachineUpdater.java:takeSnapshot(287)) - 6c51f489-4ead-4eaf-8276-70ff1fcde269@group-7E675F597C1D-StateMachineUpdater: Took a snapshot at index 0
2023-02-16 16:34:39,368 [6c51f489-4ead-4eaf-8276-70ff1fcde269@group-7E675F597C1D-StateMachineUpdater] INFO  impl.StateMachineUpdater (StateMachineUpdater.java:lambda$new$0(92)) - 6c51f489-4ead-4eaf-8276-70ff1fcde269@group-7E675F597C1D-StateMachineUpdater: snapshotIndex: updateIncreasingly -1 -> 0
2023-02-16 16:34:39,368 [6c51f489-4ead-4eaf-8276-70ff1fcde269-impl-thread1] INFO  server.RaftServer$Division (ServerState.java:close(466)) - 6c51f489-4ead-4eaf-8276-70ff1fcde269@group-7E675F597C1D: closes. applyIndex: 0
2023-02-16 16:34:39,369 [6c51f489-4ead-4eaf-8276-70ff1fcde269@group-7E675F597C1D-SegmentedRaftLogWorker] INFO  segmented.SegmentedRaftLogWorker (SegmentedRaftLogWorker.java:run(347)) - 6c51f489-4ead-4eaf-8276-70ff1fcde269@group-7E675F597C1D-SegmentedRaftLogWorker was interrupted, exiting. There are 0 tasks remaining in the queue.
2023-02-16 16:34:39,369 [6c51f489-4ead-4eaf-8276-70ff1fcde269-impl-thread1] INFO  segmented.SegmentedRaftLogWorker (SegmentedRaftLogWorker.java:close(257)) - 6c51f489-4ead-4eaf-8276-70ff1fcde269@group-7E675F597C1D-SegmentedRaftLogWorker close()
2023-02-16 16:34:39,369 [Listener at 127.0.0.1/46781] INFO  server.GrpcService (GrpcService.java:closeImpl(280)) - 6c51f489-4ead-4eaf-8276-70ff1fcde269: shutdown server GrpcServerProtocolService successfully
2023-02-16 16:34:39,370 [6c51f489-4ead-4eaf-8276-70ff1fcde269-NettyServerStreamRpc-bossGroup--thread1] INFO  logging.LoggingHandler (AbstractInternalLogger.java:log(148)) - [id: 0x7175e116, L:/0:0:0:0:0:0:0:0:41323] CLOSE
2023-02-16 16:34:39,370 [6c51f489-4ead-4eaf-8276-70ff1fcde269-NettyServerStreamRpc-bossGroup--thread1] INFO  logging.LoggingHandler (AbstractInternalLogger.java:log(148)) - [id: 0x7175e116, L:/0:0:0:0:0:0:0:0:41323] INACTIVE
2023-02-16 16:34:39,370 [6c51f489-4ead-4eaf-8276-70ff1fcde269-NettyServerStreamRpc-bossGroup--thread1] INFO  logging.LoggingHandler (AbstractInternalLogger.java:log(148)) - [id: 0x7175e116, L:/0:0:0:0:0:0:0:0:41323] UNREGISTERED
2023-02-16 16:34:39,381 [ForkJoinPool.commonPool-worker-1] INFO  volume.HddsVolume (HddsVolume.java:closeDbStore(362)) - SchemaV3 db is stopped at /home/runner/work/ozone/ozone/hadoop-ozone/integration-test/target/test-dir/MiniOzoneClusterImpl-34b8c8ad-1b7a-4f1a-91f5-8cb1859b150b/datanode-0/data-0/containers/hdds/34b8c8ad-1b7a-4f1a-91f5-8cb1859b150b/DS-24928357-08f4-4ce7-8130-3c3a28a51fc5/container.db for volume DS-24928357-08f4-4ce7-8130-3c3a28a51fc5
2023-02-16 16:34:39,381 [ForkJoinPool.commonPool-worker-1] INFO  utils.BackgroundService (BackgroundService.java:shutdown(141)) - Shutting down service BlockDeletingService
2023-02-16 16:34:39,382 [ForkJoinPool.commonPool-worker-1] INFO  utils.BackgroundService (BackgroundService.java:shutdown(141)) - Shutting down service StaleRecoveringContainerScrubbingService
2023-02-16 16:34:39,384 [ForkJoinPool.commonPool-worker-1] INFO  statemachine.DatanodeStateMachine (DatanodeStateMachine.java:stopDaemon(600)) - Ozone container server stopped.
2023-02-16 16:34:39,391 [JvmPauseMonitor9] INFO  util.JvmPauseMonitor (JvmPauseMonitor.java:run(111)) - JvmPauseMonitor-6c51f489-4ead-4eaf-8276-70ff1fcde269: Stopped
2023-02-16 16:34:39,396 [ForkJoinPool.commonPool-worker-1] INFO  handler.ContextHandler (ContextHandler.java:doStop(1159)) - Stopped o.e.j.w.WebAppContext@49cb7d64{hddsDatanode,/,null,STOPPED}{jar:file:/home/runner/.m2/repository/org/apache/ozone/hdds-container-service/1.4.0-SNAPSHOT/hdds-container-service-1.4.0-SNAPSHOT.jar!/webapps/hddsDatanode}
2023-02-16 16:34:39,396 [ForkJoinPool.commonPool-worker-1] INFO  server.AbstractConnector (AbstractConnector.java:doStop(383)) - Stopped ServerConnector@5da0e938{HTTP/1.1, (http/1.1)}{0.0.0.0:0}
2023-02-16 16:34:39,397 [ForkJoinPool.commonPool-worker-1] INFO  server.session (HouseKeeper.java:stopScavenging(149)) - node0 Stopped scavenging
2023-02-16 16:34:39,399 [ForkJoinPool.commonPool-worker-1] INFO  handler.ContextHandler (ContextHandler.java:doStop(1159)) - Stopped o.e.j.s.ServletContextHandler@714fc0ad{static,/static,jar:file:/home/runner/.m2/repository/org/apache/ozone/hdds-container-service/1.4.0-SNAPSHOT/hdds-container-service-1.4.0-SNAPSHOT.jar!/webapps/static,STOPPED}
2023-02-16 16:34:39,399 [ForkJoinPool.commonPool-worker-1] INFO  handler.ContextHandler (ContextHandler.java:doStop(1159)) - Stopped o.e.j.s.ServletContextHandler@44de4aa1{logs,/logs,file:///home/runner/work/ozone/ozone/hadoop-ozone/integration-test/target/log,STOPPED}
2023-02-16 16:34:41,394 [Listener at 127.0.0.1/46781] INFO  volume.HddsVolume (HddsVolume.java:closeDbStore(362)) - SchemaV3 db is stopped at /home/runner/work/ozone/ozone/hadoop-ozone/integration-test/target/test-dir/MiniOzoneClusterImpl-34b8c8ad-1b7a-4f1a-91f5-8cb1859b150b/datanode-3/data-0/containers/hdds/34b8c8ad-1b7a-4f1a-91f5-8cb1859b150b/DS-2e0ab5a1-6f68-4c20-9586-9029f6d42c49/container.db for volume DS-2e0ab5a1-6f68-4c20-9586-9029f6d42c49
2023-02-16 16:34:41,394 [Listener at 127.0.0.1/46781] INFO  utils.BackgroundService (BackgroundService.java:shutdown(141)) - Shutting down service BlockDeletingService
2023-02-16 16:34:41,394 [Listener at 127.0.0.1/46781] INFO  utils.BackgroundService (BackgroundService.java:shutdown(141)) - Shutting down service StaleRecoveringContainerScrubbingService
2023-02-16 16:34:41,396 [Listener at 127.0.0.1/46781] INFO  statemachine.DatanodeStateMachine (DatanodeStateMachine.java:stopDaemon(600)) - Ozone container server stopped.
2023-02-16 16:34:41,407 [Listener at 127.0.0.1/46781] INFO  handler.ContextHandler (ContextHandler.java:doStop(1159)) - Stopped o.e.j.w.WebAppContext@2140db1c{hddsDatanode,/,null,STOPPED}{jar:file:/home/runner/.m2/repository/org/apache/ozone/hdds-container-service/1.4.0-SNAPSHOT/hdds-container-service-1.4.0-SNAPSHOT.jar!/webapps/hddsDatanode}
2023-02-16 16:34:41,407 [Listener at 127.0.0.1/46781] INFO  server.AbstractConnector (AbstractConnector.java:doStop(383)) - Stopped ServerConnector@23000845{HTTP/1.1, (http/1.1)}{0.0.0.0:0}
2023-02-16 16:34:41,408 [Listener at 127.0.0.1/46781] INFO  server.session (HouseKeeper.java:stopScavenging(149)) - node0 Stopped scavenging
2023-02-16 16:34:41,408 [Listener at 127.0.0.1/46781] INFO  handler.ContextHandler (ContextHandler.java:doStop(1159)) - Stopped o.e.j.s.ServletContextHandler@30e5d650{static,/static,jar:file:/home/runner/.m2/repository/org/apache/ozone/hdds-container-service/1.4.0-SNAPSHOT/hdds-container-service-1.4.0-SNAPSHOT.jar!/webapps/static,STOPPED}
2023-02-16 16:34:41,408 [Listener at 127.0.0.1/46781] INFO  handler.ContextHandler (ContextHandler.java:doStop(1159)) - Stopped o.e.j.s.ServletContextHandler@5b51e6ee{logs,/logs,file:///home/runner/work/ozone/ozone/hadoop-ozone/integration-test/target/log,STOPPED}
2023-02-16 16:34:41,410 [Listener at 127.0.0.1/46781] INFO  ozone.MiniOzoneClusterImpl (MiniOzoneClusterImpl.java:stopSCM(539)) - Stopping the StorageContainerManager
2023-02-16 16:34:41,410 [Listener at 127.0.0.1/46781] INFO  server.StorageContainerManager (StorageContainerManager.java:stop(1530)) - Container Balancer is not running.
2023-02-16 16:34:41,410 [Listener at 127.0.0.1/46781] INFO  server.StorageContainerManager (StorageContainerManager.java:stop(1537)) - Stopping Replication Manager Service.
2023-02-16 16:34:41,410 [Listener at 127.0.0.1/46781] INFO  replication.ReplicationManager (ReplicationManager.java:stop(298)) - Stopping Replication Monitor Thread.
2023-02-16 16:34:41,410 [Under Replicated Processor] WARN  replication.UnhealthyReplicationProcessor (UnhealthyReplicationProcessor.java:run(142)) - Under Replicated Processor interrupted. Exiting...
2023-02-16 16:34:41,410 [Over Replicated Processor] WARN  replication.UnhealthyReplicationProcessor (UnhealthyReplicationProcessor.java:run(142)) - Over Replicated Processor interrupted. Exiting...
2023-02-16 16:34:41,411 [ReplicationMonitor] INFO  replication.ReplicationManager (ReplicationManager.java:run(741)) - Replication Monitor Thread is stopped
2023-02-16 16:34:41,411 [Listener at 127.0.0.1/46781] INFO  server.StorageContainerManager (StorageContainerManager.java:stop(1544)) - Stopping the Datanode Admin Monitor.
2023-02-16 16:34:41,411 [Listener at 127.0.0.1/46781] INFO  server.StorageContainerManager (StorageContainerManager.java:stop(1551)) - Stopping datanode service RPC server
2023-02-16 16:34:41,411 [Listener at 127.0.0.1/46781] INFO  server.SCMDatanodeProtocolServer (SCMDatanodeProtocolServer.java:stop(424)) - Stopping the RPC server for DataNodes
2023-02-16 16:34:41,411 [Listener at 127.0.0.1/46781] INFO  ipc.Server (Server.java:stop(3428)) - Stopping server on 42729
2023-02-16 16:34:41,414 [IPC Server listener on 0] INFO  ipc.Server (Server.java:run(1384)) - Stopping IPC Server listener on 0
2023-02-16 16:34:41,414 [IPC Server Responder] INFO  ipc.Server (Server.java:run(1517)) - Stopping IPC Server Responder
2023-02-16 16:34:41,484 [SCM Heartbeat Processing Thread - 0] WARN  node.NodeStateManager (NodeStateManager.java:scheduleNextHealthCheck(870)) - Current Thread is interrupted, shutting down HB processing thread for Node Manager.
2023-02-16 16:34:41,484 [Listener at 127.0.0.1/46781] INFO  server.StorageContainerManager (StorageContainerManager.java:stop(1559)) - Stopping block service RPC server
2023-02-16 16:34:41,484 [Listener at 127.0.0.1/46781] INFO  server.SCMBlockProtocolServer (SCMBlockProtocolServer.java:stop(161)) - Stopping the RPC server for Block Protocol
2023-02-16 16:34:41,484 [Listener at 127.0.0.1/46781] INFO  ipc.Server (Server.java:stop(3428)) - Stopping server on 37173
2023-02-16 16:34:41,485 [IPC Server listener on 0] INFO  ipc.Server (Server.java:run(1384)) - Stopping IPC Server listener on 0
2023-02-16 16:34:41,487 [IPC Server Responder] INFO  ipc.Server (Server.java:run(1517)) - Stopping IPC Server Responder
2023-02-16 16:34:41,487 [Listener at 127.0.0.1/46781] INFO  server.StorageContainerManager (StorageContainerManager.java:stop(1566)) - Stopping the StorageContainerLocationProtocol RPC server
2023-02-16 16:34:41,487 [Listener at 127.0.0.1/46781] INFO  server.SCMClientProtocolServer (SCMClientProtocolServer.java:stop(178)) - Stopping the RPC server for Client Protocol
2023-02-16 16:34:41,487 [Listener at 127.0.0.1/46781] INFO  ipc.Server (Server.java:stop(3428)) - Stopping server on 37175
2023-02-16 16:34:41,488 [IPC Server listener on 0] INFO  ipc.Server (Server.java:run(1384)) - Stopping IPC Server listener on 0
2023-02-16 16:34:41,489 [IPC Server Responder] INFO  ipc.Server (Server.java:run(1517)) - Stopping IPC Server Responder
2023-02-16 16:34:41,489 [Listener at 127.0.0.1/46781] INFO  server.StorageContainerManager (StorageContainerManager.java:stop(1573)) - Stopping Storage Container Manager HTTP server.
2023-02-16 16:34:41,490 [Listener at 127.0.0.1/46781] INFO  handler.ContextHandler (ContextHandler.java:doStop(1159)) - Stopped o.e.j.w.WebAppContext@52c1775c{scm,/,null,STOPPED}{file:/home/runner/work/ozone/ozone/hadoop-ozone/integration-test/target/test-classes/webapps/scm}
2023-02-16 16:34:41,490 [Listener at 127.0.0.1/46781] INFO  server.AbstractConnector (AbstractConnector.java:doStop(383)) - Stopped ServerConnector@35873792{HTTP/1.1, (http/1.1)}{0.0.0.0:0}
2023-02-16 16:34:41,491 [Listener at 127.0.0.1/46781] INFO  server.session (HouseKeeper.java:stopScavenging(149)) - node0 Stopped scavenging
2023-02-16 16:34:41,491 [Listener at 127.0.0.1/46781] INFO  handler.ContextHandler (ContextHandler.java:doStop(1159)) - Stopped o.e.j.s.ServletContextHandler@139866a7{static,/static,file:///home/runner/work/ozone/ozone/hadoop-ozone/integration-test/target/test-classes/webapps/static,STOPPED}
2023-02-16 16:34:41,491 [Listener at 127.0.0.1/46781] INFO  handler.ContextHandler (ContextHandler.java:doStop(1159)) - Stopped o.e.j.s.ServletContextHandler@74db90d7{logs,/logs,file:///home/runner/work/ozone/ozone/hadoop-ozone/integration-test/target/log,STOPPED}
2023-02-16 16:34:41,492 [Listener at 127.0.0.1/46781] INFO  server.StorageContainerManager (StorageContainerManager.java:stop(1579)) - Stopping SCM LayoutVersionManager Service.
2023-02-16 16:34:41,492 [Listener at 127.0.0.1/46781] INFO  server.StorageContainerManager (StorageContainerManager.java:stop(1587)) - Stopping Block Manager Service.
2023-02-16 16:34:41,492 [Listener at 127.0.0.1/46781] INFO  utils.BackgroundService (BackgroundService.java:shutdown(141)) - Shutting down service SCMBlockDeletingService
2023-02-16 16:34:41,493 [Listener at 127.0.0.1/46781] INFO  utils.BackgroundService (BackgroundService.java:shutdown(141)) - Shutting down service SCMBlockDeletingService
2023-02-16 16:34:41,493 [Listener at 127.0.0.1/46781] INFO  server.StorageContainerManager (StorageContainerManager.java:stop(1609)) - Stopping SCM Event Queue.
2023-02-16 16:34:41,495 [Listener at 127.0.0.1/46781] INFO  server.StorageContainerManager (StorageContainerManager.java:stop(1620)) - Stopping SCM HA services.
2023-02-16 16:34:41,495 [Listener at 127.0.0.1/46781] INFO  pipeline.BackgroundPipelineCreator (BackgroundPipelineCreator.java:stop(149)) - Stopping RatisPipelineUtilsThread.
2023-02-16 16:34:41,495 [RatisPipelineUtilsThread - 0] WARN  pipeline.BackgroundPipelineCreator (BackgroundPipelineCreator.java:run(180)) - RatisPipelineUtilsThread is interrupted.
2023-02-16 16:34:41,495 [BackgroundPipelineScrubberThread] WARN  BackgroundPipelineScrubber (BackgroundSCMService.java:run(115)) - BackgroundPipelineScrubber is interrupted, exit
2023-02-16 16:34:41,495 [Listener at 127.0.0.1/46781] INFO  BackgroundPipelineScrubber (BackgroundSCMService.java:stop(131)) - Stopping BackgroundPipelineScrubber Service.
2023-02-16 16:34:41,495 [Listener at 127.0.0.1/46781] INFO  impl.MetricsSystemImpl (MetricsSystemImpl.java:stop(210)) - Stopping HddsDatanode metrics system...
2023-02-16 16:34:41,504 [prometheus] INFO  impl.MetricsSinkAdapter (MetricsSinkAdapter.java:publishMetricsFromQueue(141)) - prometheus thread interrupted.
2023-02-16 16:34:41,504 [Listener at 127.0.0.1/46781] INFO  impl.MetricsSystemImpl (MetricsSystemImpl.java:stop(216)) - HddsDatanode metrics system stopped.
2023-02-16 16:34:41,504 [Listener at 127.0.0.1/46781] WARN  pipeline.BackgroundPipelineCreator (BackgroundPipelineCreator.java:stop(145)) - RatisPipelineUtilsThread is not running, just ignore.
2023-02-16 16:34:41,504 [Listener at 127.0.0.1/46781] INFO  BackgroundPipelineScrubber (BackgroundSCMService.java:stop(126)) - BackgroundPipelineScrubber Service is not running, skip stop.
2023-02-16 16:34:41,505 [ExpiredContainerReplicaOpScrubberThread] WARN  ExpiredContainerReplicaOpScrubber (BackgroundSCMService.java:run(115)) - ExpiredContainerReplicaOpScrubber is interrupted, exit
2023-02-16 16:34:41,505 [Listener at 127.0.0.1/46781] INFO  ExpiredContainerReplicaOpScrubber (BackgroundSCMService.java:stop(131)) - Stopping ExpiredContainerReplicaOpScrubber Service.
2023-02-16 16:34:41,505 [Listener at 127.0.0.1/46781] INFO  utils.BackgroundService (BackgroundService.java:shutdown(141)) - Shutting down service SCMBlockDeletingService
2023-02-16 16:34:41,505 [Listener at 127.0.0.1/46781] INFO  replication.ReplicationManager (ReplicationManager.java:stop(308)) - Replication Monitor Thread is not running.
2023-02-16 16:34:41,505 [Listener at 127.0.0.1/46781] WARN  balancer.ContainerBalancer (ContainerBalancer.java:stop(322)) - Cannot stop Container Balancer because it's not running or stopping
2023-02-16 16:34:41,505 [Listener at 127.0.0.1/46781] INFO  server.StorageContainerManager (StorageContainerManager.java:stop(1638)) - Stopping SCM MetadataStore.
2023-02-16 16:34:41,549 [Listener at 127.0.0.1/46781] WARN  server.ServerUtils (ServerUtils.java:getScmDbDir(148)) - ozone.scm.db.dirs is not configured. We recommend adding this setting. Falling back to ozone.metadata.dirs instead.
2023-02-16 16:34:41,552 [Listener at 127.0.0.1/46781] WARN  server.ServerUtils (ServerUtils.java:getScmDbDir(148)) - ozone.scm.db.dirs is not configured. We recommend adding this setting. Falling back to ozone.metadata.dirs instead.
2023-02-16 16:34:41,552 [Listener at 127.0.0.1/46781] INFO  ha.SCMHANodeDetails (SCMHANodeDetails.java:loadSCMHAConfig(209)) - ServiceID for StorageContainerManager is null
2023-02-16 16:34:41,552 [Listener at 127.0.0.1/46781] INFO  ha.SCMHANodeDetails (SCMHANodeDetails.java:loadSCMHAConfig(214)) - ozone.scm.default.service.id is not defined, falling back to ozone.scm.service.ids to find serviceID for StorageContainerManager if it is HA enabled cluster
2023-02-16 16:34:41,553 [Listener at 127.0.0.1/46781] WARN  utils.HAUtils (HAUtils.java:getMetaDir(342)) - ozone.scm.db.dirs is not configured. We recommend adding this setting. Falling back to ozone.metadata.dirs instead.
2023-02-16 16:34:41,553 [Listener at 127.0.0.1/46781] WARN  db.DBStoreBuilder (DBStoreBuilder.java:applyDBDefinition(172)) - ozone.scm.db.dirs is not configured. We recommend adding this setting. Falling back to ozone.metadata.dirs instead.
2023-02-16 16:34:41,653 [Listener at 127.0.0.1/46781] INFO  net.NodeSchemaLoader (NodeSchemaLoader.java:loadSchemaFromFile(129)) - Loading schema from [jar:file:/home/runner/.m2/repository/org/apache/ozone/hdds-common/1.4.0-SNAPSHOT/hdds-common-1.4.0-SNAPSHOT.jar!/network-topology-default.xml]
2023-02-16 16:34:41,653 [Listener at 127.0.0.1/46781] INFO  net.NodeSchemaLoader (NodeSchemaLoader.java:loadSchema(176)) - Loading network topology layer schema file
2023-02-16 16:34:41,655 [Listener at 127.0.0.1/46781] INFO  upgrade.AbstractLayoutVersionManager (AbstractLayoutVersionManager.java:init(83)) - Initializing Layout version manager with metadata layout = DATANODE_SCHEMA_V3 (version = 4), software layout = DATANODE_SCHEMA_V3 (version = 4)
2023-02-16 16:34:41,699 [Listener at 127.0.0.1/46781] INFO  reflections.Reflections (Reflections.java:scan(232)) - Reflections took 43 ms to scan 7 urls, producing 150 keys and 362 values 
2023-02-16 16:34:41,700 [Listener at 127.0.0.1/46781] INFO  ha.SequenceIdGenerator (SequenceIdGenerator.java:upgradeToSequenceId(349)) - upgrade localId to 111677748019200000
2023-02-16 16:34:41,700 [Listener at 127.0.0.1/46781] INFO  ha.SequenceIdGenerator (SequenceIdGenerator.java:upgradeToSequenceId(359)) - upgrade delTxnId to 0
2023-02-16 16:34:41,701 [Listener at 127.0.0.1/46781] INFO  ha.SequenceIdGenerator (SequenceIdGenerator.java:upgradeToSequenceId(376)) - upgrade containerId to 0
2023-02-16 16:34:41,701 [Listener at 127.0.0.1/46781] INFO  ha.SequenceIdGenerator (SequenceIdGenerator.java:<init>(220)) - Init the HA SequenceIdGenerator.
2023-02-16 16:34:41,701 [Listener at 127.0.0.1/46781] WARN  server.ServerUtils (ServerUtils.java:sanitizeUserArgs(73)) - ozone.scm.stale.node.interval value = 300000 is larger than max = 100000 based on the key value of ozone.scm.heartbeat.thread.interval, reset to the max value 100000.
2023-02-16 16:34:41,701 [Listener at 127.0.0.1/46781] WARN  server.ServerUtils (ServerUtils.java:sanitizeUserArgs(73)) - ozone.scm.stale.node.interval value = 300000 is larger than max = 100000 based on the key value of ozone.scm.heartbeat.thread.interval, reset to the max value 100000.
2023-02-16 16:34:41,703 [Listener at 127.0.0.1/46781] INFO  node.SCMNodeManager (SCMNodeManager.java:<init>(149)) - Entering startup safe mode.
2023-02-16 16:34:41,703 [Listener at 127.0.0.1/46781] INFO  algorithms.ContainerPlacementPolicyFactory (ContainerPlacementPolicyFactory.java:getPolicyInternal(86)) - Create container placement policy of type org.apache.hadoop.hdds.scm.container.placement.algorithms.SCMContainerPlacementRandom
2023-02-16 16:34:41,703 [Listener at 127.0.0.1/46781] INFO  algorithms.ContainerPlacementPolicyFactory (ContainerPlacementPolicyFactory.java:getPolicyInternal(86)) - Create container placement policy of type org.apache.hadoop.hdds.scm.container.placement.algorithms.SCMContainerPlacementRackScatter
2023-02-16 16:34:41,703 [Listener at 127.0.0.1/46781] INFO  pipeline.PipelineStateManagerImpl (PipelineStateManagerImpl.java:initialize(78)) - No pipeline exists in current db
2023-02-16 16:34:41,703 [Listener at 127.0.0.1/46781] INFO  algorithms.LeaderChoosePolicyFactory (LeaderChoosePolicyFactory.java:getPolicy(57)) - Create leader choose policy of type org.apache.hadoop.hdds.scm.pipeline.leader.choose.algorithms.MinLeaderCountChoosePolicy
2023-02-16 16:34:41,703 [Listener at 127.0.0.1/46781] INFO  algorithms.ContainerPlacementPolicyFactory (ContainerPlacementPolicyFactory.java:getPolicyInternal(86)) - Create container placement policy of type org.apache.hadoop.hdds.scm.container.placement.algorithms.SCMContainerPlacementRackScatter
2023-02-16 16:34:41,703 [Listener at 127.0.0.1/46781] INFO  ha.SCMServiceManager (SCMServiceManager.java:register(42)) - Registering service BackgroundPipelineCreator.
2023-02-16 16:34:41,704 [Listener at 127.0.0.1/46781] INFO  pipeline.BackgroundPipelineCreator (BackgroundPipelineCreator.java:start(124)) - Starting RatisPipelineUtilsThread.
2023-02-16 16:34:41,705 [Listener at 127.0.0.1/46781] INFO  BackgroundPipelineScrubber (BackgroundSCMService.java:start(68)) - Starting BackgroundPipelineScrubber Service.
2023-02-16 16:34:41,705 [Listener at 127.0.0.1/46781] INFO  ha.SCMServiceManager (SCMServiceManager.java:register(42)) - Registering service BackgroundPipelineScrubber.
2023-02-16 16:34:41,705 [Listener at 127.0.0.1/46781] INFO  ExpiredContainerReplicaOpScrubber (BackgroundSCMService.java:start(68)) - Starting ExpiredContainerReplicaOpScrubber Service.
2023-02-16 16:34:41,705 [Listener at 127.0.0.1/46781] INFO  ha.SCMServiceManager (SCMServiceManager.java:register(42)) - Registering service ExpiredContainerReplicaOpScrubber.
2023-02-16 16:34:41,706 [Listener at 127.0.0.1/46781] INFO  algorithms.PipelineChoosePolicyFactory (PipelineChoosePolicyFactory.java:createPipelineChoosePolicyFromClass(73)) - Create pipeline choose policy of type org.apache.hadoop.hdds.scm.pipeline.choose.algorithms.RandomPipelineChoosePolicy
2023-02-16 16:34:41,706 [Listener at 127.0.0.1/46781] INFO  ha.SCMServiceManager (SCMServiceManager.java:register(42)) - Registering service SCMBlockDeletingService.
2023-02-16 16:34:41,707 [Listener at 127.0.0.1/46781] INFO  replication.ReplicationManager (ReplicationManager.java:start(265)) - Starting Replication Monitor Thread.
2023-02-16 16:34:41,707 [Listener at 127.0.0.1/46781] INFO  ha.SCMServiceManager (SCMServiceManager.java:register(42)) - Registering service ReplicationManager.
2023-02-16 16:34:41,707 [Listener at 127.0.0.1/46781] INFO  safemode.ContainerSafeModeRule (ContainerSafeModeRule.java:<init>(89)) - containers with one replica threshold count 0
2023-02-16 16:34:41,707 [Listener at 127.0.0.1/46781] INFO  safemode.HealthyPipelineSafeModeRule (HealthyPipelineSafeModeRule.java:initializeRule(169)) - Total pipeline count is 0, healthy pipeline threshold count is 1
2023-02-16 16:34:41,711 [ReplicationMonitor] INFO  replication.ReplicationManager (ReplicationManager.java:processAll(340)) - Replication Manager is not ready to run until 3000ms after safemode exit
2023-02-16 16:34:41,711 [Listener at 127.0.0.1/46781] INFO  safemode.OneReplicaPipelineSafeModeRule (OneReplicaPipelineSafeModeRule.java:initializeRule(180)) - Total pipeline count is 0, pipeline's with at least one datanode reported threshold count is 0
2023-02-16 16:34:41,711 [Listener at 127.0.0.1/46781] INFO  ipc.CallQueueManager (CallQueueManager.java:<init>(90)) - Using callQueue: class java.util.concurrent.LinkedBlockingQueue, queueCapacity: 2000, scheduler: class org.apache.hadoop.ipc.DefaultRpcScheduler, ipcBackoff: false.
2023-02-16 16:34:41,712 [Socket Reader #1 for port 0] INFO  ipc.Server (Server.java:run(1273)) - Starting Socket Reader #1 for port 0
2023-02-16 16:34:41,719 [Listener at 0.0.0.0/39931] INFO  ipc.CallQueueManager (CallQueueManager.java:<init>(90)) - Using callQueue: class java.util.concurrent.LinkedBlockingQueue, queueCapacity: 2000, scheduler: class org.apache.hadoop.ipc.DefaultRpcScheduler, ipcBackoff: false.
2023-02-16 16:34:41,725 [Socket Reader #1 for port 0] INFO  ipc.Server (Server.java:run(1273)) - Starting Socket Reader #1 for port 0
2023-02-16 16:34:41,726 [Listener at 0.0.0.0/46717] INFO  ipc.CallQueueManager (CallQueueManager.java:<init>(90)) - Using callQueue: class java.util.concurrent.LinkedBlockingQueue, queueCapacity: 2000, scheduler: class org.apache.hadoop.ipc.DefaultRpcScheduler, ipcBackoff: false.
2023-02-16 16:34:41,727 [Socket Reader #1 for port 0] INFO  ipc.Server (Server.java:run(1273)) - Starting Socket Reader #1 for port 0
2023-02-16 16:34:41,731 [Listener at 0.0.0.0/43991] INFO  ha.SCMServiceManager (SCMServiceManager.java:register(42)) - Registering service ContainerBalancer.
2023-02-16 16:34:41,731 [Listener at 0.0.0.0/43991] INFO  server.StorageContainerManager (StorageContainerManager.java:<init>(401)) - 
Container Balancer status:
Key                            Value
Running                        true
Container Balancer Configuration values:
Key                                                Value
Threshold                                          10
Max Datanodes to Involve per Iteration(percent)    20
Max Size to Move per Iteration                     500GB
Max Size Entering Target per Iteration             26GB
Max Size Leaving Source per Iteration              26GB

2023-02-16 16:34:41,731 [Listener at 0.0.0.0/43991] INFO  ha.SCMContext (SCMContext.java:updateSafeModeStatus(228)) - Update SafeModeStatus from SafeModeStatus{safeModeStatus=true, preCheckPassed=false} to SafeModeStatus{safeModeStatus=true, preCheckPassed=false}.
2023-02-16 16:34:41,732 [Listener at 0.0.0.0/43991] INFO  server.StorageContainerManager (StorageContainerManager.java:start(1435)) - StorageContainerLocationProtocol RPC server is listening at /0.0.0.0:43991
2023-02-16 16:34:41,733 [Listener at 0.0.0.0/43991] WARN  impl.MetricsConfig (MetricsConfig.java:loadFirst(136)) - Cannot locate configuration: tried hadoop-metrics2-storagecontainermanager.properties,hadoop-metrics2.properties
2023-02-16 16:34:41,738 [Listener at 0.0.0.0/43991] INFO  impl.MetricsSystemImpl (MetricsSystemImpl.java:startTimer(378)) - Scheduled Metric snapshot period at 10 second(s).
2023-02-16 16:34:41,738 [Listener at 0.0.0.0/43991] INFO  impl.MetricsSystemImpl (MetricsSystemImpl.java:start(191)) - StorageContainerManager metrics system started
2023-02-16 16:34:41,742 [Listener at 0.0.0.0/43991] INFO  impl.MetricsSinkAdapter (MetricsSinkAdapter.java:start(204)) - Sink prometheus started
2023-02-16 16:34:41,742 [Listener at 0.0.0.0/43991] INFO  impl.MetricsSystemImpl (MetricsSystemImpl.java:registerSink(305)) - Registered sink prometheus
2023-02-16 16:34:41,765 [Listener at 0.0.0.0/43991] INFO  server.SCMClientProtocolServer (SCMClientProtocolServer.java:start(169)) - RPC server for Client  is listening at /0.0.0.0:43991
2023-02-16 16:34:41,766 [IPC Server Responder] INFO  ipc.Server (Server.java:run(1512)) - IPC Server Responder: starting
2023-02-16 16:34:41,766 [IPC Server listener on 0] INFO  ipc.Server (Server.java:run(1352)) - IPC Server listener on 0: starting
2023-02-16 16:34:41,774 [Listener at 0.0.0.0/43991] INFO  server.StorageContainerManager (StorageContainerManager.java:start(1449)) - ScmBlockLocationProtocol RPC server is listening at /0.0.0.0:46717
2023-02-16 16:34:41,779 [Listener at 0.0.0.0/43991] INFO  server.SCMBlockProtocolServer (SCMBlockProtocolServer.java:start(152)) - RPC server for Block Protocol is listening at /0.0.0.0:46717
2023-02-16 16:34:41,780 [IPC Server Responder] INFO  ipc.Server (Server.java:run(1512)) - IPC Server Responder: starting
2023-02-16 16:34:41,780 [IPC Server listener on 0] INFO  ipc.Server (Server.java:run(1352)) - IPC Server listener on 0: starting
2023-02-16 16:34:41,781 [Listener at 0.0.0.0/43991] INFO  server.SCMDatanodeProtocolServer (SCMDatanodeProtocolServer.java:start(193)) - ScmDatanodeProtocol RPC server for DataNodes is listening at /0.0.0.0:39931
2023-02-16 16:34:41,781 [IPC Server Responder] INFO  ipc.Server (Server.java:run(1512)) - IPC Server Responder: starting
2023-02-16 16:34:41,782 [IPC Server listener on 0] INFO  ipc.Server (Server.java:run(1352)) - IPC Server listener on 0: starting
2023-02-16 16:34:41,792 [Listener at 0.0.0.0/43991] INFO  http.BaseHttpServer (BaseHttpServer.java:newHttpServer2BuilderForOzone(213)) - Starting Web-server for scm at: http://0.0.0.0:0
2023-02-16 16:34:41,793 [Listener at 0.0.0.0/43991] INFO  http.BaseHttpServer (BaseHttpServer.java:<init>(108)) - Hadoop Security Enabled: false Ozone Security Enabled: false Ozone HTTP Security Enabled: false 
2023-02-16 16:34:41,794 [Listener at 0.0.0.0/43991] WARN  server.AuthenticationFilter (AuthenticationFilter.java:constructSecretProvider(240)) - Unable to initialize FileSignerSecretProvider, falling back to use random secrets. Reason: Could not read signature secret file: /home/runner/hadoop-http-auth-signature-secret
2023-02-16 16:34:41,794 [org.apache.hadoop.util.JvmPauseMonitor$Monitor@67ca9edb] INFO  util.JvmPauseMonitor (JvmPauseMonitor.java:run(188)) - Starting JVM pause monitor
2023-02-16 16:34:41,795 [Listener at 0.0.0.0/43991] WARN  http.HttpRequestLog (HttpRequestLog.java:getRequestLog(103)) - Jetty request log can only be enabled using Log4j
2023-02-16 16:34:41,796 [Listener at 0.0.0.0/43991] INFO  http.HttpServer2 (HttpServer2.java:addGlobalFilter(1031)) - Added global filter 'safety' (class=org.apache.hadoop.hdds.server.http.HttpServer2$QuotingInputFilter)
2023-02-16 16:34:41,797 [Listener at 0.0.0.0/43991] INFO  http.HttpServer2 (HttpServer2.java:addFilter(1007)) - Added filter static_user_filter (class=org.apache.hadoop.http.lib.StaticUserWebFilter$StaticUserFilter) to context scm
2023-02-16 16:34:41,797 [Listener at 0.0.0.0/43991] INFO  http.HttpServer2 (HttpServer2.java:addFilter(1015)) - Added filter static_user_filter (class=org.apache.hadoop.http.lib.StaticUserWebFilter$StaticUserFilter) to context static
2023-02-16 16:34:41,797 [Listener at 0.0.0.0/43991] INFO  http.HttpServer2 (HttpServer2.java:addFilter(1015)) - Added filter static_user_filter (class=org.apache.hadoop.http.lib.StaticUserWebFilter$StaticUserFilter) to context logs
2023-02-16 16:34:41,797 [Listener at 0.0.0.0/43991] INFO  http.HttpServer2 (HttpServer2.java:bindListener(1250)) - Jetty bound to port 37509
2023-02-16 16:34:41,798 [Listener at 0.0.0.0/43991] INFO  server.Server (Server.java:doStart(375)) - jetty-9.4.49.v20220914; built: 2022-09-14T01:07:36.601Z; git: 4231a3b2e4cb8548a412a789936d640a97b1aa0a; jvm 1.8.0_362-b09
2023-02-16 16:34:41,798 [Listener at 0.0.0.0/43991] INFO  server.session (DefaultSessionIdManager.java:doStart(334)) - DefaultSessionIdManager workerName=node0
2023-02-16 16:34:41,799 [Listener at 0.0.0.0/43991] INFO  server.session (DefaultSessionIdManager.java:doStart(339)) - No SessionScavenger set, using defaults
2023-02-16 16:34:41,799 [Listener at 0.0.0.0/43991] INFO  server.session (HouseKeeper.java:startScavenging(132)) - node0 Scavenging every 600000ms
2023-02-16 16:34:41,799 [Listener at 0.0.0.0/43991] INFO  handler.ContextHandler (ContextHandler.java:doStart(921)) - Started o.e.j.s.ServletContextHandler@2b90be6c{logs,/logs,file:///home/runner/work/ozone/ozone/hadoop-ozone/integration-test/target/log,AVAILABLE}
2023-02-16 16:34:41,800 [Listener at 0.0.0.0/43991] INFO  handler.ContextHandler (ContextHandler.java:doStart(921)) - Started o.e.j.s.ServletContextHandler@552e7687{static,/static,file:///home/runner/work/ozone/ozone/hadoop-ozone/integration-test/target/test-classes/webapps/static,AVAILABLE}
2023-02-16 16:34:41,802 [Listener at 0.0.0.0/43991] INFO  handler.ContextHandler (ContextHandler.java:doStart(921)) - Started o.e.j.w.WebAppContext@66fb348{scm,/,file:///home/runner/work/ozone/ozone/hadoop-ozone/integration-test/target/test-classes/webapps/scm/,AVAILABLE}{file:/home/runner/work/ozone/ozone/hadoop-ozone/integration-test/target/test-classes/webapps/scm}
2023-02-16 16:34:41,803 [Listener at 0.0.0.0/43991] INFO  server.AbstractConnector (AbstractConnector.java:doStart(333)) - Started ServerConnector@20240d3{HTTP/1.1, (http/1.1)}{0.0.0.0:37509}
2023-02-16 16:34:41,804 [Listener at 0.0.0.0/43991] INFO  server.Server (Server.java:doStart(415)) - Started @115406ms
2023-02-16 16:34:41,804 [Listener at 0.0.0.0/43991] WARN  impl.MetricsSystemImpl (MetricsSystemImpl.java:register(279)) - Sink prometheus already exists!
2023-02-16 16:34:41,805 [Listener at 0.0.0.0/43991] INFO  http.BaseHttpServer (BaseHttpServer.java:updateConnectorAddress(333)) - HTTP server of scm listening at http://0.0.0.0:37509
2023-02-16 16:34:41,805 [Listener at 0.0.0.0/43991] WARN  server.ServerUtils (ServerUtils.java:getDBPath(225)) - ozone.om.db.dirs is not configured. We recommend adding this setting. Falling back to ozone.metadata.dirs instead.
2023-02-16 16:34:41,806 [Listener at 0.0.0.0/43991] INFO  ha.OMHANodeDetails (OMHANodeDetails.java:loadOMHAConfig(115)) - ozone.om.internal.service.id is not defined, falling back to ozone.om.service.ids to find serviceID for OzoneManager if it is HA enabled cluster
2023-02-16 16:34:41,807 [Listener at 0.0.0.0/43991] INFO  ha.OMHANodeDetails (OMHANodeDetails.java:loadOMHAConfig(226)) - Configuration does not have ozone.om.address set. Falling back to the default OM address /127.0.0.1:0
2023-02-16 16:34:41,807 [Listener at 0.0.0.0/43991] INFO  ha.OMHANodeDetails (OMHANodeDetails.java:getOMNodeDetailsForNonHA(254)) - OM Service ID is not set. Setting it to the default ID: omServiceIdDefault
2023-02-16 16:34:41,807 [Listener at 0.0.0.0/43991] INFO  ha.OMHANodeDetails (OMHANodeDetails.java:getOMNodeDetailsForNonHA(261)) - OM Node ID is not set. Setting it to the default ID: om1
2023-02-16 16:34:41,807 [Listener at 0.0.0.0/43991] WARN  server.ServerUtils (ServerUtils.java:getDBPath(225)) - ozone.om.db.dirs is not configured. We recommend adding this setting. Falling back to ozone.metadata.dirs instead.
2023-02-16 16:34:41,808 [Listener at 0.0.0.0/43991] INFO  upgrade.AbstractLayoutVersionManager (AbstractLayoutVersionManager.java:init(83)) - Initializing Layout version manager with metadata layout = MULTITENANCY_SCHEMA (version = 3), software layout = MULTITENANCY_SCHEMA (version = 3)
2023-02-16 16:34:41,865 [Listener at 0.0.0.0/43991] INFO  reflections.Reflections (Reflections.java:scan(232)) - Reflections took 56 ms to scan 2 urls, producing 166 keys and 457 values [using 2 cores]
2023-02-16 16:34:41,866 [Listener at 0.0.0.0/43991] INFO  upgrade.OMLayoutVersionManager (OMLayoutVersionManager.java:lambda$0(115)) - Skipping Upgrade Action MockOmUpgradeAction since it has been finalized.
2023-02-16 16:34:41,866 [Listener at 0.0.0.0/43991] WARN  server.ServerUtils (ServerUtils.java:getDBPath(225)) - ozone.om.db.dirs is not configured. We recommend adding this setting. Falling back to ozone.metadata.dirs instead.
2023-02-16 16:34:41,867 [Listener at 0.0.0.0/43991] INFO  proxy.SCMBlockLocationFailoverProxyProvider (SCMBlockLocationFailoverProxyProvider.java:<init>(114)) - Created block location fail-over proxy with 1 nodes: [nodeId=scmNodeId,nodeAddress=/0.0.0.0:46717]
2023-02-16 16:34:41,868 [Listener at 0.0.0.0/43991] INFO  proxy.SCMBlockLocationFailoverProxyProvider (SCMBlockLocationFailoverProxyProvider.java:<init>(114)) - Created block location fail-over proxy with 1 nodes: [nodeId=scmNodeId,nodeAddress=/0.0.0.0:46717]
2023-02-16 16:34:41,875 [Listener at 0.0.0.0/43991] INFO  om.OzoneManager (OzoneManager.java:<init>(615)) - OM start with adminUsers: [runner]
2023-02-16 16:34:41,876 [Listener at 0.0.0.0/43991] WARN  server.ServerUtils (ServerUtils.java:getDBPath(225)) - ozone.om.db.dirs is not configured. We recommend adding this setting. Falling back to ozone.metadata.dirs instead.
2023-02-16 16:34:41,876 [Listener at 0.0.0.0/43991] INFO  codec.OmKeyInfoCodec (OmKeyInfoCodec.java:<init>(49)) - OmKeyInfoCodec ignorePipeline = true
2023-02-16 16:34:41,876 [Listener at 0.0.0.0/43991] INFO  codec.RepeatedOmKeyInfoCodec (RepeatedOmKeyInfoCodec.java:<init>(41)) - RepeatedOmKeyInfoCodec ignorePipeline = true
2023-02-16 16:34:42,022 [Listener at 0.0.0.0/43991] INFO  om.OzoneManager (OzoneManager.java:instantiateServices(745)) - S3 Multi-Tenancy is disabled
2023-02-16 16:34:42,023 [Listener at 0.0.0.0/43991] WARN  server.ServerUtils (ServerUtils.java:getDBPath(225)) - ozone.om.snapshot.diff.db.dir is not configured. We recommend adding this setting. Falling back to ozone.metadata.dirs instead.
2023-02-16 16:34:42,030 [Listener at 0.0.0.0/43991] INFO  om.OzoneManager (OzoneManager.java:addS3GVolumeToDB(4177)) - Created Volume s3v With Owner runner required for S3Gateway operations.
2023-02-16 16:34:42,030 [Listener at 0.0.0.0/43991] WARN  server.ServerUtils (ServerUtils.java:getDefaultRatisDirectory(237)) - Storage directory for Ratis is not configured. It is a good idea to map this to an SSD disk. Falling back to ozone.metadata.dirs
2023-02-16 16:34:42,030 [Listener at 0.0.0.0/43991] WARN  utils.OzoneManagerRatisUtils (OzoneManagerRatisUtils.java:getOMRatisSnapshotDirectory(436)) - ozone.om.ratis.snapshot.dir is not configured. Falling back to ozone.metadata.dirs config
2023-02-16 16:34:42,030 [Listener at 0.0.0.0/43991] WARN  server.ServerUtils (ServerUtils.java:getDefaultRatisDirectory(237)) - Storage directory for Ratis is not configured. It is a good idea to map this to an SSD disk. Falling back to ozone.metadata.dirs
2023-02-16 16:34:42,031 [Listener at 0.0.0.0/43991] INFO  ratis.OzoneManagerRatisServer (OzoneManagerRatisServer.java:<init>(160)) - Instantiating OM Ratis server with groupID: omServiceIdDefault and peers: localhost:9872
2023-02-16 16:34:42,032 [Listener at 0.0.0.0/43991] INFO  ratis.OzoneManagerStateMachine (OzoneManagerStateMachine.java:loadSnapshotInfoFromDB(636)) - LastAppliedIndex is set from TransactionInfo from OM DB as (t:0, i:~)
2023-02-16 16:34:42,032 [Listener at 0.0.0.0/43991] INFO  server.RaftServer (ConfUtils.java:logGet(46)) - raft.rpc.type = GRPC (default)
2023-02-16 16:34:42,032 [Listener at 0.0.0.0/43991] INFO  grpc.GrpcConfigKeys (ConfUtils.java:logFallback(53)) - raft.grpc.admin.host = null (fallback to raft.grpc.server.host)
2023-02-16 16:34:42,032 [Listener at 0.0.0.0/43991] INFO  grpc.GrpcConfigKeys (ConfUtils.java:logFallback(53)) - raft.grpc.admin.port = 9872 (fallback to raft.grpc.server.port)
2023-02-16 16:34:42,032 [Listener at 0.0.0.0/43991] INFO  grpc.GrpcConfigKeys (ConfUtils.java:logFallback(53)) - raft.grpc.client.host = null (fallback to raft.grpc.server.host)
2023-02-16 16:34:42,032 [Listener at 0.0.0.0/43991] INFO  grpc.GrpcConfigKeys (ConfUtils.java:logFallback(53)) - raft.grpc.client.port = 9872 (fallback to raft.grpc.server.port)
2023-02-16 16:34:42,032 [Listener at 0.0.0.0/43991] INFO  grpc.GrpcConfigKeys (ConfUtils.java:logGet(46)) - raft.grpc.server.host = null (default)
2023-02-16 16:34:42,032 [Listener at 0.0.0.0/43991] INFO  grpc.GrpcConfigKeys (ConfUtils.java:logGet(46)) - raft.grpc.server.port = 9872 (custom)
2023-02-16 16:34:42,033 [Listener at 0.0.0.0/43991] INFO  server.GrpcService (ConfUtils.java:logGet(46)) - raft.grpc.message.size.max = 33554432 (custom)
2023-02-16 16:34:42,033 [Listener at 0.0.0.0/43991] INFO  server.RaftServerConfigKeys (ConfUtils.java:logGet(46)) - raft.server.log.appender.buffer.byte-limit = 33554432 (custom)
2023-02-16 16:34:42,033 [Listener at 0.0.0.0/43991] INFO  server.GrpcService (ConfUtils.java:logGet(46)) - raft.grpc.flow.control.window = 1MB (=1048576) (default)
2023-02-16 16:34:42,033 [Listener at 0.0.0.0/43991] INFO  server.RaftServerConfigKeys (ConfUtils.java:logGet(46)) - raft.server.rpc.request.timeout = 3000ms (default)
2023-02-16 16:34:42,033 [Listener at 0.0.0.0/43991] INFO  grpc.GrpcConfigKeys (ConfUtils.java:logGet(46)) - raft.grpc.server.heartbeat.channel = true (default)
2023-02-16 16:34:42,033 [Listener at 0.0.0.0/43991] INFO  grpc.GrpcConfigKeys (ConfUtils.java:logGet(46)) - raft.grpc.server.async.request.thread.pool.cached = true (default)
2023-02-16 16:34:42,033 [Listener at 0.0.0.0/43991] INFO  grpc.GrpcConfigKeys (ConfUtils.java:logGet(46)) - raft.grpc.server.async.request.thread.pool.size = 32 (default)
2023-02-16 16:34:42,034 [Listener at 0.0.0.0/43991] INFO  impl.DataStreamServerImpl (ConfUtils.java:logGet(46)) - raft.datastream.type = DISABLED (default)
2023-02-16 16:34:42,034 [Listener at 0.0.0.0/43991] INFO  server.RaftServerConfigKeys (ConfUtils.java:logGet(46)) - raft.server.threadpool.proxy.cached = true (default)
2023-02-16 16:34:42,034 [Listener at 0.0.0.0/43991] INFO  server.RaftServerConfigKeys (ConfUtils.java:logGet(46)) - raft.server.threadpool.proxy.size = 0 (default)
2023-02-16 16:34:42,034 [Listener at 0.0.0.0/43991] INFO  server.RaftServerConfigKeys (ConfUtils.java:logGet(46)) - raft.server.rpc.slowness.timeout = 120s (custom)
2023-02-16 16:34:42,035 [Listener at 0.0.0.0/43991] INFO  server.RaftServerConfigKeys (ConfUtils.java:logGet(46)) - raft.server.leaderelection.leader.step-down.wait-time = 10s (default)
2023-02-16 16:34:42,035 [Listener at 0.0.0.0/43991] INFO  server.RaftServerConfigKeys (ConfUtils.java:logGet(46)) - raft.server.storage.dir = [/home/runner/work/ozone/ozone/hadoop-ozone/integration-test/target/test-dir/MiniOzoneClusterImpl-d88fc665-df07-433e-a21c-a919abf7322c/ozone-meta/ratis] (custom)
2023-02-16 16:34:42,041 [Listener at 0.0.0.0/43991] INFO  server.RaftServer (RaftServerProxy.java:addNew(96)) - om1: addNew group-C5BA1605619E:[om1|rpc:localhost:9872|priority:0|startupRole:FOLLOWER] returns group-C5BA1605619E:java.util.concurrent.CompletableFuture@1b97fe38[Not completed]
2023-02-16 16:34:42,041 [Listener at 0.0.0.0/43991] INFO  om.OzoneManager (OzoneManager.java:initializeRatisServer(2080)) - OzoneManager Ratis server initialized at port 9872
2023-02-16 16:34:42,041 [Listener at 0.0.0.0/43991] INFO  om.OzoneManager (OzoneManager.java:getRpcServer(1128)) - Creating RPC Server
2023-02-16 16:34:42,042 [pool-465-thread-1] INFO  server.RaftServer$Division (RaftServerImpl.java:<init>(195)) - om1: new RaftServerImpl for group-C5BA1605619E:[om1|rpc:localhost:9872|priority:0|startupRole:FOLLOWER] with OzoneManagerStateMachine:uninitialized
2023-02-16 16:34:42,042 [pool-465-thread-1] INFO  server.RaftServerConfigKeys (ConfUtils.java:logGet(46)) - raft.server.rpc.timeout.min = 1s (custom)
2023-02-16 16:34:42,042 [pool-465-thread-1] INFO  server.RaftServerConfigKeys (ConfUtils.java:logGet(46)) - raft.server.rpc.timeout.max = 1200ms (custom)
2023-02-16 16:34:42,042 [pool-465-thread-1] INFO  server.RaftServerConfigKeys (ConfUtils.java:logGet(46)) - raft.server.rpc.sleep.time = 25ms (default)
2023-02-16 16:34:42,042 [pool-465-thread-1] INFO  server.RaftServerConfigKeys (ConfUtils.java:logGet(46)) - raft.server.rpc.slowness.timeout = 120s (custom)
2023-02-16 16:34:42,042 [pool-465-thread-1] INFO  server.RaftServerConfigKeys (ConfUtils.java:logGet(46)) - raft.server.leaderelection.leader.step-down.wait-time = 10s (default)
2023-02-16 16:34:42,042 [pool-465-thread-1] INFO  server.RaftServerConfigKeys (ConfUtils.java:logGet(46)) - raft.server.sleep.deviation.threshold = 300ms (default)
2023-02-16 16:34:42,043 [pool-465-thread-1] INFO  server.RaftServer$Division (ServerState.java:<init>(118)) - om1@group-C5BA1605619E: ConfigurationManager, init=-1: peers:[om1|rpc:localhost:9872|priority:0|startupRole:FOLLOWER]|listeners:[], old=null, confs=<EMPTY_MAP>
2023-02-16 16:34:42,043 [pool-465-thread-1] INFO  server.RaftServerConfigKeys (ConfUtils.java:logGet(46)) - raft.server.storage.dir = [/home/runner/work/ozone/ozone/hadoop-ozone/integration-test/target/test-dir/MiniOzoneClusterImpl-d88fc665-df07-433e-a21c-a919abf7322c/ozone-meta/ratis] (custom)
2023-02-16 16:34:42,043 [pool-465-thread-1] INFO  server.RaftServerConfigKeys (ConfUtils.java:logGet(46)) - raft.server.log.corruption.policy = EXCEPTION (default)
2023-02-16 16:34:42,043 [pool-465-thread-1] INFO  server.RaftServerConfigKeys (ConfUtils.java:logGet(46)) - raft.server.storage.free-space.min = 0MB (=0) (default)
2023-02-16 16:34:42,043 [pool-465-thread-1] INFO  server.RaftServerConfigKeys (ConfUtils.java:logGet(46)) - raft.server.notification.no-leader.timeout = 120s (custom)
2023-02-16 16:34:42,043 [pool-465-thread-1] INFO  server.RaftServerConfigKeys (ConfUtils.java:logGet(46)) - raft.server.retrycache.expirytime = 300s (custom)
2023-02-16 16:34:42,043 [pool-465-thread-1] INFO  server.RaftServerConfigKeys (ConfUtils.java:logGet(46)) - raft.server.retrycache.statistics.expirytime = 100μs (default)
2023-02-16 16:34:42,043 [pool-465-thread-1] INFO  server.RaftServerConfigKeys (ConfUtils.java:logGet(46)) - raft.server.log.appender.install.snapshot.enabled = false (custom)
2023-02-16 16:34:42,043 [pool-465-thread-1] INFO  server.RaftServerConfigKeys (ConfUtils.java:logGet(46)) - raft.server.threadpool.server.cached = true (default)
2023-02-16 16:34:42,043 [pool-465-thread-1] INFO  server.RaftServerConfigKeys (ConfUtils.java:logGet(46)) - raft.server.threadpool.server.size = 0 (default)
2023-02-16 16:34:42,043 [pool-465-thread-1] INFO  server.RaftServerConfigKeys (ConfUtils.java:logGet(46)) - raft.server.threadpool.client.cached = true (default)
2023-02-16 16:34:42,043 [pool-465-thread-1] INFO  server.RaftServerConfigKeys (ConfUtils.java:logGet(46)) - raft.server.threadpool.client.size = 0 (default)
2023-02-16 16:34:42,418 [Listener at 0.0.0.0/43991] INFO  reflections.Reflections (Reflections.java:scan(232)) - Reflections took 376 ms to scan 19 urls, producing 69 keys and 4806 values [using 2 cores]
2023-02-16 16:34:42,419 [Listener at 0.0.0.0/43991] INFO  ipc.CallQueueManager (CallQueueManager.java:<init>(90)) - Using callQueue: class java.util.concurrent.LinkedBlockingQueue, queueCapacity: 2000, scheduler: class org.apache.hadoop.ipc.DefaultRpcScheduler, ipcBackoff: false.
2023-02-16 16:34:42,423 [Socket Reader #1 for port 0] INFO  ipc.Server (Server.java:run(1273)) - Starting Socket Reader #1 for port 0
2023-02-16 16:34:42,439 [Listener at 127.0.0.1/44851] INFO  impl.MetricsSystemImpl (MetricsSystemImpl.java:init(158)) - OzoneManager metrics system started (again)
2023-02-16 16:34:42,449 [Listener at 127.0.0.1/44851] INFO  om.OzoneManager (OzoneManager.java:start(1548)) - OzoneManager RPC server is listening at localhost/127.0.0.1:44851
2023-02-16 16:34:42,450 [Listener at 127.0.0.1/44851] INFO  ratis.OzoneManagerRatisServer (OzoneManagerRatisServer.java:start(555)) - Starting OzoneManagerRatisServer om1 at port 9872
2023-02-16 16:34:42,450 [om1-impl-thread1] INFO  storage.RaftStorageDirectory (RaftStorageDirectoryImpl.java:analyzeStorage(137)) - The storage directory /home/runner/work/ozone/ozone/hadoop-ozone/integration-test/target/test-dir/MiniOzoneClusterImpl-d88fc665-df07-433e-a21c-a919abf7322c/ozone-meta/ratis/bf265839-605b-3f16-9796-c5ba1605619e does not exist. Creating ...
2023-02-16 16:34:42,451 [om1-impl-thread1] INFO  storage.RaftStorageDirectory (RaftStorageDirectoryImpl.java:tryLock(231)) - Lock on /home/runner/work/ozone/ozone/hadoop-ozone/integration-test/target/test-dir/MiniOzoneClusterImpl-d88fc665-df07-433e-a21c-a919abf7322c/ozone-meta/ratis/bf265839-605b-3f16-9796-c5ba1605619e/in_use.lock acquired by nodename 11092@fv-az167-289
2023-02-16 16:34:42,452 [om1-impl-thread1] INFO  storage.RaftStorage (RaftStorageImpl.java:format(96)) - Storage directory /home/runner/work/ozone/ozone/hadoop-ozone/integration-test/target/test-dir/MiniOzoneClusterImpl-d88fc665-df07-433e-a21c-a919abf7322c/ozone-meta/ratis/bf265839-605b-3f16-9796-c5ba1605619e has been successfully formatted.
2023-02-16 16:34:42,453 [om1-impl-thread1] INFO  server.RaftServerConfigKeys (ConfUtils.java:logGet(46)) - raft.server.log.use.memory = false (default)
2023-02-16 16:34:42,453 [om1-impl-thread1] INFO  server.RaftServerConfigKeys (ConfUtils.java:logGet(46)) - raft.server.log.purge.gap = 1000000 (custom)
2023-02-16 16:34:42,453 [om1-impl-thread1] INFO  server.RaftServerConfigKeys (ConfUtils.java:logGet(46)) - raft.server.log.appender.buffer.byte-limit = 33554432 (custom)
2023-02-16 16:34:42,453 [om1-impl-thread1] INFO  server.RaftServerConfigKeys (ConfUtils.java:logGet(46)) - raft.server.log.statemachine.data.read.timeout = 1000ms (default)
2023-02-16 16:34:42,453 [om1-impl-thread1] INFO  server.RaftServerConfigKeys (ConfUtils.java:logGet(46)) - raft.server.log.purge.preservation.log.num = 0 (default)
2023-02-16 16:34:42,453 [om1-impl-thread1] INFO  server.RaftServerConfigKeys (ConfUtils.java:logGet(46)) - raft.server.log.segment.size.max = 4194304 (custom)
2023-02-16 16:34:42,453 [om1-impl-thread1] INFO  server.RaftServerConfigKeys (ConfUtils.java:logGet(46)) - raft.server.log.segment.cache.num.max = 2 (custom)
2023-02-16 16:34:42,453 [om1-impl-thread1] INFO  server.RaftServerConfigKeys (ConfUtils.java:logGet(46)) - raft.server.log.segment.cache.size.max = 200MB (=209715200) (default)
2023-02-16 16:34:42,453 [om1-impl-thread1] INFO  segmented.SegmentedRaftLogWorker (SegmentedRaftLogWorker.java:<init>(189)) - new om1@group-C5BA1605619E-SegmentedRaftLogWorker for RaftStorageImpl:Storage Directory /home/runner/work/ozone/ozone/hadoop-ozone/integration-test/target/test-dir/MiniOzoneClusterImpl-d88fc665-df07-433e-a21c-a919abf7322c/ozone-meta/ratis/bf265839-605b-3f16-9796-c5ba1605619e
2023-02-16 16:34:42,453 [om1-impl-thread1] INFO  server.RaftServerConfigKeys (ConfUtils.java:logGet(46)) - raft.server.log.queue.byte-limit = 64MB (=67108864) (default)
2023-02-16 16:34:42,453 [om1-impl-thread1] INFO  server.RaftServerConfigKeys (ConfUtils.java:logGet(46)) - raft.server.log.queue.element-limit = 4096 (default)
2023-02-16 16:34:42,453 [om1-impl-thread1] INFO  server.RaftServerConfigKeys (ConfUtils.java:logGet(46)) - raft.server.log.segment.size.max = 4194304 (custom)
2023-02-16 16:34:42,453 [om1-impl-thread1] INFO  server.RaftServerConfigKeys (ConfUtils.java:logGet(46)) - raft.server.log.preallocated.size = 4194304 (custom)
2023-02-16 16:34:42,453 [om1-impl-thread1] INFO  server.RaftServerConfigKeys (ConfUtils.java:logGet(46)) - raft.server.log.force.sync.num = 128 (default)
2023-02-16 16:34:42,453 [om1-impl-thread1] INFO  server.RaftServerConfigKeys (ConfUtils.java:logGet(46)) - raft.server.log.statemachine.data.sync = true (default)
2023-02-16 16:34:42,453 [om1-impl-thread1] INFO  server.RaftServerConfigKeys (ConfUtils.java:logGet(46)) - raft.server.log.statemachine.data.sync.timeout = 10s (default)
2023-02-16 16:34:42,453 [om1-impl-thread1] INFO  server.RaftServerConfigKeys (ConfUtils.java:logGet(46)) - raft.server.log.statemachine.data.sync.timeout.retry = -1 (default)
2023-02-16 16:34:42,454 [om1-impl-thread1] INFO  server.RaftServerConfigKeys (ConfUtils.java:logGet(46)) - raft.server.log.write.buffer.size = 64KB (=65536) (default)
2023-02-16 16:34:42,454 [om1-impl-thread1] INFO  server.RaftServerConfigKeys (ConfUtils.java:logGet(46)) - raft.server.log.appender.buffer.byte-limit = 33554432 (custom)
2023-02-16 16:34:42,457 [om1-impl-thread1] INFO  server.RaftServerConfigKeys (ConfUtils.java:logGet(46)) - raft.server.log.unsafe-flush.enabled = false (default)
2023-02-16 16:34:42,457 [om1-impl-thread1] INFO  server.RaftServerConfigKeys (ConfUtils.java:logGet(46)) - raft.server.log.async-flush.enabled = false (default)
2023-02-16 16:34:42,457 [om1-impl-thread1] INFO  server.RaftServerConfigKeys (ConfUtils.java:logGet(46)) - raft.server.log.statemachine.data.caching.enabled = false (default)
2023-02-16 16:34:42,457 [om1-impl-thread1] INFO  segmented.SegmentedRaftLogWorker (SegmentedRaftLogWorker.java:lambda$new$0(135)) - om1@group-C5BA1605619E-SegmentedRaftLogWorker: flushIndex: setUnconditionally 0 -> -1
2023-02-16 16:34:42,457 [om1-impl-thread1] INFO  segmented.SegmentedRaftLogWorker (SegmentedRaftLogWorker.java:lambda$new$0(135)) - om1@group-C5BA1605619E-SegmentedRaftLogWorker: safeCacheEvictIndex: setUnconditionally 0 -> -1
2023-02-16 16:34:42,457 [om1-impl-thread1] INFO  server.RaftServer$Division (RaftServerImpl.java:start(334)) - om1@group-C5BA1605619E: start as a follower, conf=-1: peers:[om1|rpc:localhost:9872|priority:0|startupRole:FOLLOWER]|listeners:[], old=null
2023-02-16 16:34:42,457 [om1-impl-thread1] INFO  server.RaftServer$Division (RaftServerImpl.java:setRole(321)) - om1@group-C5BA1605619E: changes role from      null to FOLLOWER at term 0 for startAsFollower
2023-02-16 16:34:42,457 [om1-impl-thread1] INFO  impl.RoleInfo (RoleInfo.java:updateAndGet(139)) - om1: start om1@group-C5BA1605619E-FollowerState
2023-02-16 16:34:42,459 [om1-impl-thread1] INFO  util.JmxRegister (JmxRegister.java:tryRegister(44)) - Successfully registered JMX Bean with object name Ratis:service=RaftServer,group=group-C5BA1605619E,id=om1
2023-02-16 16:34:42,459 [om1-impl-thread1] INFO  server.RaftServerConfigKeys (ConfUtils.java:logGet(46)) - raft.server.snapshot.auto.trigger.enabled = true (custom)
2023-02-16 16:34:42,459 [om1-impl-thread1] INFO  server.RaftServerConfigKeys (ConfUtils.java:logGet(46)) - raft.server.snapshot.auto.trigger.threshold = 400000 (default)
2023-02-16 16:34:42,459 [om1-impl-thread1] INFO  server.RaftServerConfigKeys (ConfUtils.java:logGet(46)) - raft.server.snapshot.retention.file.num = -1 (default)
2023-02-16 16:34:42,459 [om1-impl-thread1] INFO  server.RaftServerConfigKeys (ConfUtils.java:logGet(46)) - raft.server.log.purge.upto.snapshot.index = true (custom)
2023-02-16 16:34:42,460 [Listener at 127.0.0.1/44851] INFO  server.RaftServer (RaftServerProxy.java:startImpl(393)) - om1: start RPC server
2023-02-16 16:34:42,461 [om1@group-C5BA1605619E-FollowerState] INFO  server.RaftServerConfigKeys (ConfUtils.java:logFallback(53)) - raft.server.rpc.first-election.timeout.min = 1s (fallback to raft.server.rpc.timeout.min)
2023-02-16 16:34:42,463 [om1@group-C5BA1605619E-FollowerState] INFO  server.RaftServerConfigKeys (ConfUtils.java:logFallback(53)) - raft.server.rpc.first-election.timeout.max = 1200ms (fallback to raft.server.rpc.timeout.max)
2023-02-16 16:34:42,464 [Listener at 127.0.0.1/44851] INFO  server.GrpcService (GrpcService.java:startImpl(262)) - om1: GrpcService started, listening on 9872
2023-02-16 16:34:42,464 [Listener at 127.0.0.1/44851] INFO  om.OzoneManager (OzoneManager.java:start(1564)) - Version File has different layout version (3) than OM DB (null). That is expected if this OM has never been finalized to a newer layout version.
2023-02-16 16:34:42,464 [JvmPauseMonitor11] INFO  util.JvmPauseMonitor (JvmPauseMonitor.java:run(105)) - JvmPauseMonitor-om1: Started
2023-02-16 16:34:42,466 [Listener at 127.0.0.1/44851] INFO  http.BaseHttpServer (BaseHttpServer.java:newHttpServer2BuilderForOzone(213)) - Starting Web-server for ozoneManager at: http://0.0.0.0:0
2023-02-16 16:34:42,466 [Listener at 127.0.0.1/44851] INFO  http.BaseHttpServer (BaseHttpServer.java:<init>(108)) - Hadoop Security Enabled: false Ozone Security Enabled: false Ozone HTTP Security Enabled: false 
2023-02-16 16:34:42,467 [Listener at 127.0.0.1/44851] WARN  server.AuthenticationFilter (AuthenticationFilter.java:constructSecretProvider(240)) - Unable to initialize FileSignerSecretProvider, falling back to use random secrets. Reason: Could not read signature secret file: /home/runner/hadoop-http-auth-signature-secret
2023-02-16 16:34:42,468 [Listener at 127.0.0.1/44851] WARN  http.HttpRequestLog (HttpRequestLog.java:getRequestLog(103)) - Jetty request log can only be enabled using Log4j
2023-02-16 16:34:42,469 [Listener at 127.0.0.1/44851] INFO  http.HttpServer2 (HttpServer2.java:addGlobalFilter(1031)) - Added global filter 'safety' (class=org.apache.hadoop.hdds.server.http.HttpServer2$QuotingInputFilter)
2023-02-16 16:34:42,470 [Listener at 127.0.0.1/44851] INFO  http.HttpServer2 (HttpServer2.java:addFilter(1007)) - Added filter static_user_filter (class=org.apache.hadoop.http.lib.StaticUserWebFilter$StaticUserFilter) to context ozoneManager
2023-02-16 16:34:42,470 [Listener at 127.0.0.1/44851] INFO  http.HttpServer2 (HttpServer2.java:addFilter(1015)) - Added filter static_user_filter (class=org.apache.hadoop.http.lib.StaticUserWebFilter$StaticUserFilter) to context logs
2023-02-16 16:34:42,470 [Listener at 127.0.0.1/44851] INFO  http.HttpServer2 (HttpServer2.java:addFilter(1015)) - Added filter static_user_filter (class=org.apache.hadoop.http.lib.StaticUserWebFilter$StaticUserFilter) to context static
2023-02-16 16:34:42,476 [Listener at 127.0.0.1/44851] INFO  http.HttpServer2 (HttpServer2.java:bindListener(1250)) - Jetty bound to port 34841
2023-02-16 16:34:42,476 [Listener at 127.0.0.1/44851] INFO  server.Server (Server.java:doStart(375)) - jetty-9.4.49.v20220914; built: 2022-09-14T01:07:36.601Z; git: 4231a3b2e4cb8548a412a789936d640a97b1aa0a; jvm 1.8.0_362-b09
2023-02-16 16:34:42,481 [Listener at 127.0.0.1/44851] INFO  server.session (DefaultSessionIdManager.java:doStart(334)) - DefaultSessionIdManager workerName=node0
2023-02-16 16:34:42,482 [Listener at 127.0.0.1/44851] INFO  server.session (DefaultSessionIdManager.java:doStart(339)) - No SessionScavenger set, using defaults
2023-02-16 16:34:42,482 [Listener at 127.0.0.1/44851] INFO  server.session (HouseKeeper.java:startScavenging(132)) - node0 Scavenging every 660000ms
2023-02-16 16:34:42,483 [Listener at 127.0.0.1/44851] INFO  handler.ContextHandler (ContextHandler.java:doStart(921)) - Started o.e.j.s.ServletContextHandler@423ea10e{logs,/logs,file:///home/runner/work/ozone/ozone/hadoop-ozone/integration-test/target/log,AVAILABLE}
2023-02-16 16:34:42,483 [Listener at 127.0.0.1/44851] INFO  handler.ContextHandler (ContextHandler.java:doStart(921)) - Started o.e.j.s.ServletContextHandler@12821807{static,/static,file:///home/runner/work/ozone/ozone/hadoop-ozone/integration-test/target/test-classes/webapps/static,AVAILABLE}
2023-02-16 16:34:42,486 [Listener at 127.0.0.1/44851] INFO  handler.ContextHandler (ContextHandler.java:doStart(921)) - Started o.e.j.w.WebAppContext@12d5fe14{ozoneManager,/,file:///home/runner/work/ozone/ozone/hadoop-ozone/integration-test/target/test-classes/webapps/ozoneManager/,AVAILABLE}{file:/home/runner/work/ozone/ozone/hadoop-ozone/integration-test/target/test-classes/webapps/ozoneManager}
2023-02-16 16:34:42,489 [Listener at 127.0.0.1/44851] INFO  server.AbstractConnector (AbstractConnector.java:doStart(333)) - Started ServerConnector@208c382f{HTTP/1.1, (http/1.1)}{0.0.0.0:34841}
2023-02-16 16:34:42,489 [Listener at 127.0.0.1/44851] INFO  server.Server (Server.java:doStart(415)) - Started @116091ms
2023-02-16 16:34:42,489 [Listener at 127.0.0.1/44851] WARN  impl.MetricsSystemImpl (MetricsSystemImpl.java:register(279)) - Sink prometheus already exists!
2023-02-16 16:34:42,490 [Listener at 127.0.0.1/44851] INFO  http.BaseHttpServer (BaseHttpServer.java:updateConnectorAddress(333)) - HTTP server of ozoneManager listening at http://0.0.0.0:34841
2023-02-16 16:34:42,491 [IPC Server Responder] INFO  ipc.Server (Server.java:run(1512)) - IPC Server Responder: starting
2023-02-16 16:34:42,492 [IPC Server listener on 0] INFO  ipc.Server (Server.java:run(1352)) - IPC Server listener on 0: starting
2023-02-16 16:34:42,494 [Listener at 127.0.0.1/44851] INFO  om.TrashPolicyOzone (TrashPolicyOzone.java:<init>(277)) - Ozone Manager trash configuration: Deletion interval = 0 minutes, Emptier interval = 0 minutes.
2023-02-16 16:34:42,495 [org.apache.hadoop.util.JvmPauseMonitor$Monitor@26a0149b] INFO  util.JvmPauseMonitor (JvmPauseMonitor.java:run(188)) - Starting JVM pause monitor
2023-02-16 16:34:42,514 [Listener at 127.0.0.1/44851] WARN  impl.MetricRegistriesImpl (MetricRegistriesImpl.java:addReporterRegistration(111)) - New reporters are added after registries were created. Some metrics will be missing from the reporter. Please add reporter before adding any new registry.
2023-02-16 16:34:42,514 [Listener at 127.0.0.1/44851] WARN  impl.MetricRegistriesImpl (MetricRegistriesImpl.java:addReporterRegistration(111)) - New reporters are added after registries were created. Some metrics will be missing from the reporter. Please add reporter before adding any new registry.
2023-02-16 16:34:42,514 [Listener at 127.0.0.1/44851] INFO  impl.MetricsSystemImpl (MetricsSystemImpl.java:init(158)) - HddsDatanode metrics system started (again)
2023-02-16 16:34:42,525 [Listener at 127.0.0.1/44851] INFO  ozone.HddsDatanodeService (HddsDatanodeService.java:start(228)) - HddsDatanodeService host:fv-az167-289.21ktoceh2wee5fewwtpg1zd01g.bx.internal.cloudapp.net ip:10.1.0.66
2023-02-16 16:34:42,540 [Listener at 127.0.0.1/44851] INFO  upgrade.AbstractLayoutVersionManager (AbstractLayoutVersionManager.java:init(83)) - Initializing Layout version manager with metadata layout = DATANODE_SCHEMA_V3 (version = 4), software layout = DATANODE_SCHEMA_V3 (version = 4)
2023-02-16 16:34:42,587 [Listener at 127.0.0.1/44851] INFO  reflections.Reflections (Reflections.java:scan(232)) - Reflections took 46 ms to scan 7 urls, producing 150 keys and 362 values 
2023-02-16 16:34:42,593 [Listener at 127.0.0.1/44851] INFO  statemachine.DatanodeStateMachine (DatanodeStateMachine.java:getEndPointTaskThreadPoolSize(260)) - Datanode State Machine Task Thread Pool size 2
2023-02-16 16:34:42,595 [Listener at 127.0.0.1/44851] INFO  volume.HddsVolume (HddsVolume.java:<init>(122)) - Creating HddsVolume: /home/runner/work/ozone/ozone/hadoop-ozone/integration-test/target/test-dir/MiniOzoneClusterImpl-d88fc665-df07-433e-a21c-a919abf7322c/datanode-0/data-0/containers/hdds of storage type : DISK capacity : 9223372036854775807
2023-02-16 16:34:42,595 [Listener at 127.0.0.1/44851] INFO  volume.MutableVolumeSet (MutableVolumeSet.java:initializeVolumeSet(174)) - Added Volume : /home/runner/work/ozone/ozone/hadoop-ozone/integration-test/target/test-dir/MiniOzoneClusterImpl-d88fc665-df07-433e-a21c-a919abf7322c/datanode-0/data-0/containers/hdds to VolumeSet
2023-02-16 16:34:42,595 [Listener at 127.0.0.1/44851] INFO  volume.ThrottledAsyncChecker (ThrottledAsyncChecker.java:schedule(141)) - Scheduling a check for /home/runner/work/ozone/ozone/hadoop-ozone/integration-test/target/test-dir/MiniOzoneClusterImpl-d88fc665-df07-433e-a21c-a919abf7322c/datanode-0/data-0/containers/hdds
2023-02-16 16:34:42,597 [Listener at 127.0.0.1/44851] INFO  volume.StorageVolumeChecker (StorageVolumeChecker.java:checkAllVolumes(202)) - Scheduled health check for volume /home/runner/work/ozone/ozone/hadoop-ozone/integration-test/target/test-dir/MiniOzoneClusterImpl-d88fc665-df07-433e-a21c-a919abf7322c/datanode-0/data-0/containers/hdds
2023-02-16 16:34:42,608 [Listener at 127.0.0.1/44851] INFO  volume.MutableVolumeSet (MutableVolumeSet.java:initializeVolumeSet(174)) - Added Volume : /home/runner/work/ozone/ozone/hadoop-ozone/integration-test/target/test-dir/MiniOzoneClusterImpl-d88fc665-df07-433e-a21c-a919abf7322c/datanode-0/data/ratis to VolumeSet
2023-02-16 16:34:42,608 [Listener at 127.0.0.1/44851] INFO  volume.ThrottledAsyncChecker (ThrottledAsyncChecker.java:schedule(141)) - Scheduling a check for /home/runner/work/ozone/ozone/hadoop-ozone/integration-test/target/test-dir/MiniOzoneClusterImpl-d88fc665-df07-433e-a21c-a919abf7322c/datanode-0/data/ratis
2023-02-16 16:34:42,608 [Listener at 127.0.0.1/44851] INFO  volume.StorageVolumeChecker (StorageVolumeChecker.java:checkAllVolumes(202)) - Scheduled health check for volume /home/runner/work/ozone/ozone/hadoop-ozone/integration-test/target/test-dir/MiniOzoneClusterImpl-d88fc665-df07-433e-a21c-a919abf7322c/datanode-0/data/ratis
2023-02-16 16:34:42,620 [Thread-947] INFO  ozoneimpl.ContainerReader (ContainerReader.java:readVolume(175)) - Finish verifying containers on volume /home/runner/work/ozone/ozone/hadoop-ozone/integration-test/target/test-dir/MiniOzoneClusterImpl-d88fc665-df07-433e-a21c-a919abf7322c/datanode-0/data-0/containers/hdds
2023-02-16 16:34:42,620 [Listener at 127.0.0.1/44851] INFO  ozoneimpl.OzoneContainer (OzoneContainer.java:buildContainerSet(304)) - Build ContainerSet costs 0s
2023-02-16 16:34:42,622 [Listener at 127.0.0.1/44851] INFO  server.RaftServer (ConfUtils.java:logGet(46)) - raft.rpc.type = GRPC (default)
2023-02-16 16:34:42,622 [Listener at 127.0.0.1/44851] INFO  grpc.GrpcConfigKeys (ConfUtils.java:logFallback(53)) - raft.grpc.admin.host = null (fallback to raft.grpc.server.host)
2023-02-16 16:34:42,622 [Listener at 127.0.0.1/44851] INFO  grpc.GrpcConfigKeys (ConfUtils.java:logGet(46)) - raft.grpc.admin.port = 0 (custom)
2023-02-16 16:34:42,622 [Listener at 127.0.0.1/44851] INFO  grpc.GrpcConfigKeys (ConfUtils.java:logFallback(53)) - raft.grpc.client.host = null (fallback to raft.grpc.server.host)
2023-02-16 16:34:42,622 [Listener at 127.0.0.1/44851] INFO  grpc.GrpcConfigKeys (ConfUtils.java:logGet(46)) - raft.grpc.client.port = 0 (custom)
2023-02-16 16:34:42,622 [Listener at 127.0.0.1/44851] INFO  grpc.GrpcConfigKeys (ConfUtils.java:logGet(46)) - raft.grpc.server.host = null (default)
2023-02-16 16:34:42,623 [Listener at 127.0.0.1/44851] INFO  grpc.GrpcConfigKeys (ConfUtils.java:logGet(46)) - raft.grpc.server.port = 0 (default)
2023-02-16 16:34:42,623 [Listener at 127.0.0.1/44851] INFO  server.GrpcService (ConfUtils.java:logGet(46)) - raft.grpc.message.size.max = 32MB (=33554432) (custom)
2023-02-16 16:34:42,623 [Listener at 127.0.0.1/44851] INFO  server.RaftServerConfigKeys (ConfUtils.java:logGet(46)) - raft.server.log.appender.buffer.byte-limit = 33554432 (custom)
2023-02-16 16:34:42,623 [Listener at 127.0.0.1/44851] INFO  server.GrpcService (ConfUtils.java:logGet(46)) - raft.grpc.flow.control.window = 5MB (=5242880) (custom)
2023-02-16 16:34:42,623 [Listener at 127.0.0.1/44851] INFO  server.RaftServerConfigKeys (ConfUtils.java:logGet(46)) - raft.server.rpc.request.timeout = 60s (custom)
2023-02-16 16:34:42,623 [Listener at 127.0.0.1/44851] INFO  grpc.GrpcConfigKeys (ConfUtils.java:logGet(46)) - raft.grpc.server.heartbeat.channel = true (default)
2023-02-16 16:34:42,623 [Listener at 127.0.0.1/44851] INFO  grpc.GrpcConfigKeys (ConfUtils.java:logGet(46)) - raft.grpc.server.async.request.thread.pool.cached = true (default)
2023-02-16 16:34:42,623 [Listener at 127.0.0.1/44851] INFO  grpc.GrpcConfigKeys (ConfUtils.java:logGet(46)) - raft.grpc.server.async.request.thread.pool.size = 32 (default)
2023-02-16 16:34:42,624 [Listener at 127.0.0.1/44851] INFO  impl.DataStreamServerImpl (ConfUtils.java:logGet(46)) - raft.datastream.type = NETTY (custom)
2023-02-16 16:34:42,624 [Listener at 127.0.0.1/44851] INFO  server.RaftServerConfigKeys (ConfUtils.java:logGet(46)) - raft.server.data-stream.async.request.thread.pool.cached = false (default)
2023-02-16 16:34:42,624 [Listener at 127.0.0.1/44851] INFO  server.RaftServerConfigKeys (ConfUtils.java:logGet(46)) - raft.server.data-stream.async.request.thread.pool.size = 20 (custom)
2023-02-16 16:34:42,625 [Listener at 127.0.0.1/44851] INFO  server.RaftServerConfigKeys (ConfUtils.java:logGet(46)) - raft.server.data-stream.async.write.thread.pool.size = 16 (default)
2023-02-16 16:34:42,625 [Listener at 127.0.0.1/44851] INFO  server.RaftServerConfigKeys (ConfUtils.java:logGet(46)) - raft.server.data-stream.client.pool.size = 10 (default)
2023-02-16 16:34:42,625 [Listener at 127.0.0.1/44851] INFO  netty.NettyConfigKeys$DataStream (ConfUtils.java:logGet(46)) - raft.netty.dataStream.server.use-epoll = false (default)
2023-02-16 16:34:42,625 [Listener at 127.0.0.1/44851] INFO  netty.NettyConfigKeys$DataStream (ConfUtils.java:logGet(46)) - raft.netty.dataStream.server.boss-group.size = 0 (default)
2023-02-16 16:34:42,625 [Listener at 127.0.0.1/44851] INFO  netty.NettyConfigKeys$DataStream (ConfUtils.java:logGet(46)) - raft.netty.dataStream.server.worker-group.size = 0 (default)
2023-02-16 16:34:42,626 [Listener at 127.0.0.1/44851] INFO  netty.NettyConfigKeys$DataStream (ConfUtils.java:logGet(46)) - raft.netty.dataStream.server.tls.conf = null (default)
2023-02-16 16:34:42,626 [Listener at 127.0.0.1/44851] INFO  netty.NettyConfigKeys$DataStream (ConfUtils.java:logGet(46)) - raft.netty.dataStream.host = null (default)
2023-02-16 16:34:42,626 [Listener at 127.0.0.1/44851] INFO  netty.NettyConfigKeys$DataStream (ConfUtils.java:logGet(46)) - raft.netty.dataStream.port = 0 (default)
2023-02-16 16:34:42,626 [Listener at 127.0.0.1/44851] INFO  server.RaftServerConfigKeys (ConfUtils.java:logGet(46)) - raft.server.threadpool.proxy.cached = true (default)
2023-02-16 16:34:42,626 [Listener at 127.0.0.1/44851] INFO  server.RaftServerConfigKeys (ConfUtils.java:logGet(46)) - raft.server.threadpool.proxy.size = 0 (default)
2023-02-16 16:34:42,626 [c617c0dc-5b73-4bee-8a03-3b3ac823c300-NettyServerStreamRpc-bossGroup--thread1] INFO  logging.LoggingHandler (AbstractInternalLogger.java:log(148)) - [id: 0x68fe8a29] REGISTERED
2023-02-16 16:34:42,626 [Listener at 127.0.0.1/44851] INFO  server.RaftServerConfigKeys (ConfUtils.java:logGet(46)) - raft.server.rpc.slowness.timeout = 300s (custom)
2023-02-16 16:34:42,626 [c617c0dc-5b73-4bee-8a03-3b3ac823c300-NettyServerStreamRpc-bossGroup--thread1] INFO  logging.LoggingHandler (AbstractInternalLogger.java:log(148)) - [id: 0x68fe8a29] BIND: 0.0.0.0/0.0.0.0:0
2023-02-16 16:34:42,626 [Listener at 127.0.0.1/44851] INFO  server.RaftServerConfigKeys (ConfUtils.java:logGet(46)) - raft.server.leaderelection.leader.step-down.wait-time = 10s (default)
2023-02-16 16:34:42,627 [c617c0dc-5b73-4bee-8a03-3b3ac823c300-NettyServerStreamRpc-bossGroup--thread1] INFO  logging.LoggingHandler (AbstractInternalLogger.java:log(148)) - [id: 0x68fe8a29, L:/0:0:0:0:0:0:0:0:45253] ACTIVE
2023-02-16 16:34:42,627 [Listener at 127.0.0.1/44851] INFO  server.RaftServerConfigKeys (ConfUtils.java:logGet(46)) - raft.server.storage.dir = [/home/runner/work/ozone/ozone/hadoop-ozone/integration-test/target/test-dir/MiniOzoneClusterImpl-d88fc665-df07-433e-a21c-a919abf7322c/datanode-0/data/ratis] (custom)
2023-02-16 16:34:42,628 [Listener at 127.0.0.1/44851] INFO  server.XceiverServerGrpc (XceiverServerGrpc.java:<init>(132)) - GrpcServer channel type EpollServerSocketChannel
2023-02-16 16:34:42,631 [Listener at 127.0.0.1/44851] INFO  http.BaseHttpServer (BaseHttpServer.java:newHttpServer2BuilderForOzone(213)) - Starting Web-server for hddsDatanode at: http://0.0.0.0:0
2023-02-16 16:34:42,631 [Listener at 127.0.0.1/44851] INFO  http.BaseHttpServer (BaseHttpServer.java:<init>(108)) - Hadoop Security Enabled: false Ozone Security Enabled: false Ozone HTTP Security Enabled: false 
2023-02-16 16:34:42,640 [Listener at 127.0.0.1/44851] WARN  server.AuthenticationFilter (AuthenticationFilter.java:constructSecretProvider(240)) - Unable to initialize FileSignerSecretProvider, falling back to use random secrets. Reason: Could not read signature secret file: /home/runner/hadoop-http-auth-signature-secret
2023-02-16 16:34:42,642 [Listener at 127.0.0.1/44851] WARN  http.HttpRequestLog (HttpRequestLog.java:getRequestLog(103)) - Jetty request log can only be enabled using Log4j
2023-02-16 16:34:42,644 [Listener at 127.0.0.1/44851] INFO  http.HttpServer2 (HttpServer2.java:addGlobalFilter(1031)) - Added global filter 'safety' (class=org.apache.hadoop.hdds.server.http.HttpServer2$QuotingInputFilter)
2023-02-16 16:34:42,645 [Listener at 127.0.0.1/44851] INFO  http.HttpServer2 (HttpServer2.java:addFilter(1007)) - Added filter static_user_filter (class=org.apache.hadoop.http.lib.StaticUserWebFilter$StaticUserFilter) to context hddsDatanode
2023-02-16 16:34:42,645 [Listener at 127.0.0.1/44851] INFO  http.HttpServer2 (HttpServer2.java:addFilter(1015)) - Added filter static_user_filter (class=org.apache.hadoop.http.lib.StaticUserWebFilter$StaticUserFilter) to context static
2023-02-16 16:34:42,645 [Listener at 127.0.0.1/44851] INFO  http.HttpServer2 (HttpServer2.java:addFilter(1015)) - Added filter static_user_filter (class=org.apache.hadoop.http.lib.StaticUserWebFilter$StaticUserFilter) to context logs
2023-02-16 16:34:42,647 [Listener at 127.0.0.1/44851] INFO  http.HttpServer2 (HttpServer2.java:bindListener(1250)) - Jetty bound to port 45491
2023-02-16 16:34:42,647 [Listener at 127.0.0.1/44851] INFO  server.Server (Server.java:doStart(375)) - jetty-9.4.49.v20220914; built: 2022-09-14T01:07:36.601Z; git: 4231a3b2e4cb8548a412a789936d640a97b1aa0a; jvm 1.8.0_362-b09
2023-02-16 16:34:42,649 [Listener at 127.0.0.1/44851] INFO  server.session (DefaultSessionIdManager.java:doStart(334)) - DefaultSessionIdManager workerName=node0
2023-02-16 16:34:42,649 [Listener at 127.0.0.1/44851] INFO  server.session (DefaultSessionIdManager.java:doStart(339)) - No SessionScavenger set, using defaults
2023-02-16 16:34:42,649 [Listener at 127.0.0.1/44851] INFO  server.session (HouseKeeper.java:startScavenging(132)) - node0 Scavenging every 600000ms
2023-02-16 16:34:42,649 [Listener at 127.0.0.1/44851] INFO  handler.ContextHandler (ContextHandler.java:doStart(921)) - Started o.e.j.s.ServletContextHandler@781ec505{logs,/logs,file:///home/runner/work/ozone/ozone/hadoop-ozone/integration-test/target/log,AVAILABLE}
2023-02-16 16:34:42,650 [Listener at 127.0.0.1/44851] INFO  handler.ContextHandler (ContextHandler.java:doStart(921)) - Started o.e.j.s.ServletContextHandler@63d9db68{static,/static,jar:file:/home/runner/.m2/repository/org/apache/ozone/hdds-container-service/1.4.0-SNAPSHOT/hdds-container-service-1.4.0-SNAPSHOT.jar!/webapps/static,AVAILABLE}
2023-02-16 16:34:42,846 [Listener at 127.0.0.1/44851] INFO  handler.ContextHandler (ContextHandler.java:doStart(921)) - Started o.e.j.w.WebAppContext@31bb398e{hddsDatanode,/,file:///tmp/jetty-0_0_0_0-45491-hdds-container-service-1_4_0-SNAPSHOT_jar-_-any-1371571979174488317/webapp/,AVAILABLE}{jar:file:/home/runner/.m2/repository/org/apache/ozone/hdds-container-service/1.4.0-SNAPSHOT/hdds-container-service-1.4.0-SNAPSHOT.jar!/webapps/hddsDatanode}
2023-02-16 16:34:42,848 [Listener at 127.0.0.1/44851] INFO  server.AbstractConnector (AbstractConnector.java:doStart(333)) - Started ServerConnector@491f352f{HTTP/1.1, (http/1.1)}{0.0.0.0:45491}
2023-02-16 16:34:42,848 [Listener at 127.0.0.1/44851] INFO  server.Server (Server.java:doStart(415)) - Started @116450ms
2023-02-16 16:34:42,848 [Listener at 127.0.0.1/44851] WARN  impl.MetricsSystemImpl (MetricsSystemImpl.java:register(279)) - Sink prometheus already exists!
2023-02-16 16:34:42,848 [Listener at 127.0.0.1/44851] INFO  http.BaseHttpServer (BaseHttpServer.java:updateConnectorAddress(333)) - HTTP server of hddsDatanode listening at http://0.0.0.0:45491
2023-02-16 16:34:42,849 [Datanode State Machine Daemon Thread] INFO  statemachine.DatanodeStateMachine (DatanodeStateMachine.java:lambda$startDaemon$0(516)) - Ozone container server started.
2023-02-16 16:34:42,849 [Listener at 127.0.0.1/44851] WARN  impl.MetricRegistriesImpl (MetricRegistriesImpl.java:addReporterRegistration(111)) - New reporters are added after registries were created. Some metrics will be missing from the reporter. Please add reporter before adding any new registry.
2023-02-16 16:34:42,850 [Listener at 127.0.0.1/44851] WARN  impl.MetricRegistriesImpl (MetricRegistriesImpl.java:addReporterRegistration(111)) - New reporters are added after registries were created. Some metrics will be missing from the reporter. Please add reporter before adding any new registry.
2023-02-16 16:34:42,850 [Listener at 127.0.0.1/44851] INFO  impl.MetricsSystemImpl (MetricsSystemImpl.java:init(158)) - HddsDatanode metrics system started (again)
2023-02-16 16:34:42,859 [org.apache.hadoop.util.JvmPauseMonitor$Monitor@42fe25d8] INFO  util.JvmPauseMonitor (JvmPauseMonitor.java:run(188)) - Starting JVM pause monitor
2023-02-16 16:34:42,861 [Listener at 127.0.0.1/44851] INFO  ozone.HddsDatanodeService (HddsDatanodeService.java:start(228)) - HddsDatanodeService host:fv-az167-289.21ktoceh2wee5fewwtpg1zd01g.bx.internal.cloudapp.net ip:10.1.0.66
2023-02-16 16:34:42,862 [Datanode State Machine Task Thread - 0] INFO  datanode.InitDatanodeState (InitDatanodeState.java:persistContainerDatanodeDetails(138)) - DatanodeDetails is persisted to /home/runner/work/ozone/ozone/hadoop-ozone/integration-test/target/test-dir/MiniOzoneClusterImpl-d88fc665-df07-433e-a21c-a919abf7322c/datanode-0/meta/datanode.id
2023-02-16 16:34:42,878 [Listener at 127.0.0.1/44851] INFO  upgrade.AbstractLayoutVersionManager (AbstractLayoutVersionManager.java:init(83)) - Initializing Layout version manager with metadata layout = DATANODE_SCHEMA_V3 (version = 4), software layout = DATANODE_SCHEMA_V3 (version = 4)
2023-02-16 16:34:42,925 [Listener at 127.0.0.1/44851] INFO  reflections.Reflections (Reflections.java:scan(232)) - Reflections took 46 ms to scan 7 urls, producing 150 keys and 362 values 
2023-02-16 16:34:42,927 [Listener at 127.0.0.1/44851] INFO  statemachine.DatanodeStateMachine (DatanodeStateMachine.java:getEndPointTaskThreadPoolSize(260)) - Datanode State Machine Task Thread Pool size 2
2023-02-16 16:34:42,933 [Listener at 127.0.0.1/44851] INFO  volume.HddsVolume (HddsVolume.java:<init>(122)) - Creating HddsVolume: /home/runner/work/ozone/ozone/hadoop-ozone/integration-test/target/test-dir/MiniOzoneClusterImpl-d88fc665-df07-433e-a21c-a919abf7322c/datanode-1/data-0/containers/hdds of storage type : DISK capacity : 9223372036854775807
2023-02-16 16:34:42,933 [Listener at 127.0.0.1/44851] INFO  volume.MutableVolumeSet (MutableVolumeSet.java:initializeVolumeSet(174)) - Added Volume : /home/runner/work/ozone/ozone/hadoop-ozone/integration-test/target/test-dir/MiniOzoneClusterImpl-d88fc665-df07-433e-a21c-a919abf7322c/datanode-1/data-0/containers/hdds to VolumeSet
2023-02-16 16:34:42,934 [Listener at 127.0.0.1/44851] INFO  volume.ThrottledAsyncChecker (ThrottledAsyncChecker.java:schedule(141)) - Scheduling a check for /home/runner/work/ozone/ozone/hadoop-ozone/integration-test/target/test-dir/MiniOzoneClusterImpl-d88fc665-df07-433e-a21c-a919abf7322c/datanode-1/data-0/containers/hdds
2023-02-16 16:34:42,937 [Listener at 127.0.0.1/44851] INFO  volume.StorageVolumeChecker (StorageVolumeChecker.java:checkAllVolumes(202)) - Scheduled health check for volume /home/runner/work/ozone/ozone/hadoop-ozone/integration-test/target/test-dir/MiniOzoneClusterImpl-d88fc665-df07-433e-a21c-a919abf7322c/datanode-1/data-0/containers/hdds
2023-02-16 16:34:42,949 [Listener at 127.0.0.1/44851] INFO  volume.MutableVolumeSet (MutableVolumeSet.java:initializeVolumeSet(174)) - Added Volume : /home/runner/work/ozone/ozone/hadoop-ozone/integration-test/target/test-dir/MiniOzoneClusterImpl-d88fc665-df07-433e-a21c-a919abf7322c/datanode-1/data/ratis to VolumeSet
2023-02-16 16:34:42,949 [Listener at 127.0.0.1/44851] INFO  volume.ThrottledAsyncChecker (ThrottledAsyncChecker.java:schedule(141)) - Scheduling a check for /home/runner/work/ozone/ozone/hadoop-ozone/integration-test/target/test-dir/MiniOzoneClusterImpl-d88fc665-df07-433e-a21c-a919abf7322c/datanode-1/data/ratis
2023-02-16 16:34:42,949 [Listener at 127.0.0.1/44851] INFO  volume.StorageVolumeChecker (StorageVolumeChecker.java:checkAllVolumes(202)) - Scheduled health check for volume /home/runner/work/ozone/ozone/hadoop-ozone/integration-test/target/test-dir/MiniOzoneClusterImpl-d88fc665-df07-433e-a21c-a919abf7322c/datanode-1/data/ratis
2023-02-16 16:34:42,960 [Thread-961] INFO  ozoneimpl.ContainerReader (ContainerReader.java:readVolume(175)) - Finish verifying containers on volume /home/runner/work/ozone/ozone/hadoop-ozone/integration-test/target/test-dir/MiniOzoneClusterImpl-d88fc665-df07-433e-a21c-a919abf7322c/datanode-1/data-0/containers/hdds
2023-02-16 16:34:42,960 [Listener at 127.0.0.1/44851] INFO  ozoneimpl.OzoneContainer (OzoneContainer.java:buildContainerSet(304)) - Build ContainerSet costs 0s
2023-02-16 16:34:42,962 [Listener at 127.0.0.1/44851] INFO  server.RaftServer (ConfUtils.java:logGet(46)) - raft.rpc.type = GRPC (default)
2023-02-16 16:34:42,962 [Listener at 127.0.0.1/44851] INFO  grpc.GrpcConfigKeys (ConfUtils.java:logFallback(53)) - raft.grpc.admin.host = null (fallback to raft.grpc.server.host)
2023-02-16 16:34:42,962 [Listener at 127.0.0.1/44851] INFO  grpc.GrpcConfigKeys (ConfUtils.java:logGet(46)) - raft.grpc.admin.port = 0 (custom)
2023-02-16 16:34:42,962 [Listener at 127.0.0.1/44851] INFO  grpc.GrpcConfigKeys (ConfUtils.java:logFallback(53)) - raft.grpc.client.host = null (fallback to raft.grpc.server.host)
2023-02-16 16:34:42,962 [Listener at 127.0.0.1/44851] INFO  grpc.GrpcConfigKeys (ConfUtils.java:logGet(46)) - raft.grpc.client.port = 0 (custom)
2023-02-16 16:34:42,962 [Listener at 127.0.0.1/44851] INFO  grpc.GrpcConfigKeys (ConfUtils.java:logGet(46)) - raft.grpc.server.host = null (default)
2023-02-16 16:34:42,963 [Listener at 127.0.0.1/44851] INFO  grpc.GrpcConfigKeys (ConfUtils.java:logGet(46)) - raft.grpc.server.port = 0 (default)
2023-02-16 16:34:42,963 [Listener at 127.0.0.1/44851] INFO  server.GrpcService (ConfUtils.java:logGet(46)) - raft.grpc.message.size.max = 32MB (=33554432) (custom)
2023-02-16 16:34:42,963 [Listener at 127.0.0.1/44851] INFO  server.RaftServerConfigKeys (ConfUtils.java:logGet(46)) - raft.server.log.appender.buffer.byte-limit = 33554432 (custom)
2023-02-16 16:34:42,963 [Listener at 127.0.0.1/44851] INFO  server.GrpcService (ConfUtils.java:logGet(46)) - raft.grpc.flow.control.window = 5MB (=5242880) (custom)
2023-02-16 16:34:42,963 [Listener at 127.0.0.1/44851] INFO  server.RaftServerConfigKeys (ConfUtils.java:logGet(46)) - raft.server.rpc.request.timeout = 60s (custom)
2023-02-16 16:34:42,964 [Listener at 127.0.0.1/44851] INFO  grpc.GrpcConfigKeys (ConfUtils.java:logGet(46)) - raft.grpc.server.heartbeat.channel = true (default)
2023-02-16 16:34:42,964 [Listener at 127.0.0.1/44851] INFO  grpc.GrpcConfigKeys (ConfUtils.java:logGet(46)) - raft.grpc.server.async.request.thread.pool.cached = true (default)
2023-02-16 16:34:42,964 [Listener at 127.0.0.1/44851] INFO  grpc.GrpcConfigKeys (ConfUtils.java:logGet(46)) - raft.grpc.server.async.request.thread.pool.size = 32 (default)
2023-02-16 16:34:42,965 [Listener at 127.0.0.1/44851] INFO  impl.DataStreamServerImpl (ConfUtils.java:logGet(46)) - raft.datastream.type = NETTY (custom)
2023-02-16 16:34:42,965 [Listener at 127.0.0.1/44851] INFO  server.RaftServerConfigKeys (ConfUtils.java:logGet(46)) - raft.server.data-stream.async.request.thread.pool.cached = false (default)
2023-02-16 16:34:42,965 [Listener at 127.0.0.1/44851] INFO  server.RaftServerConfigKeys (ConfUtils.java:logGet(46)) - raft.server.data-stream.async.request.thread.pool.size = 20 (custom)
2023-02-16 16:34:42,966 [Listener at 127.0.0.1/44851] INFO  server.RaftServerConfigKeys (ConfUtils.java:logGet(46)) - raft.server.data-stream.async.write.thread.pool.size = 16 (default)
2023-02-16 16:34:42,966 [Listener at 127.0.0.1/44851] INFO  server.RaftServerConfigKeys (ConfUtils.java:logGet(46)) - raft.server.data-stream.client.pool.size = 10 (default)
2023-02-16 16:34:42,966 [Listener at 127.0.0.1/44851] INFO  netty.NettyConfigKeys$DataStream (ConfUtils.java:logGet(46)) - raft.netty.dataStream.server.use-epoll = false (default)
2023-02-16 16:34:42,966 [Listener at 127.0.0.1/44851] INFO  netty.NettyConfigKeys$DataStream (ConfUtils.java:logGet(46)) - raft.netty.dataStream.server.boss-group.size = 0 (default)
2023-02-16 16:34:42,966 [Listener at 127.0.0.1/44851] INFO  netty.NettyConfigKeys$DataStream (ConfUtils.java:logGet(46)) - raft.netty.dataStream.server.worker-group.size = 0 (default)
2023-02-16 16:34:42,966 [Listener at 127.0.0.1/44851] INFO  netty.NettyConfigKeys$DataStream (ConfUtils.java:logGet(46)) - raft.netty.dataStream.server.tls.conf = null (default)
2023-02-16 16:34:42,966 [Listener at 127.0.0.1/44851] INFO  netty.NettyConfigKeys$DataStream (ConfUtils.java:logGet(46)) - raft.netty.dataStream.host = null (default)
2023-02-16 16:34:42,967 [Listener at 127.0.0.1/44851] INFO  netty.NettyConfigKeys$DataStream (ConfUtils.java:logGet(46)) - raft.netty.dataStream.port = 0 (default)
2023-02-16 16:34:42,967 [Listener at 127.0.0.1/44851] INFO  server.RaftServerConfigKeys (ConfUtils.java:logGet(46)) - raft.server.threadpool.proxy.cached = true (default)
2023-02-16 16:34:42,967 [Listener at 127.0.0.1/44851] INFO  server.RaftServerConfigKeys (ConfUtils.java:logGet(46)) - raft.server.threadpool.proxy.size = 0 (default)
2023-02-16 16:34:42,967 [Listener at 127.0.0.1/44851] INFO  server.RaftServerConfigKeys (ConfUtils.java:logGet(46)) - raft.server.rpc.slowness.timeout = 300s (custom)
2023-02-16 16:34:42,967 [Listener at 127.0.0.1/44851] INFO  server.RaftServerConfigKeys (ConfUtils.java:logGet(46)) - raft.server.leaderelection.leader.step-down.wait-time = 10s (default)
2023-02-16 16:34:42,967 [Listener at 127.0.0.1/44851] INFO  server.RaftServerConfigKeys (ConfUtils.java:logGet(46)) - raft.server.storage.dir = [/home/runner/work/ozone/ozone/hadoop-ozone/integration-test/target/test-dir/MiniOzoneClusterImpl-d88fc665-df07-433e-a21c-a919abf7322c/datanode-1/data/ratis] (custom)
2023-02-16 16:34:42,968 [3dc841f7-9461-45fb-be3e-f1a36e39d59a-NettyServerStreamRpc-bossGroup--thread1] INFO  logging.LoggingHandler (AbstractInternalLogger.java:log(148)) - [id: 0x174d5298] REGISTERED
2023-02-16 16:34:42,968 [3dc841f7-9461-45fb-be3e-f1a36e39d59a-NettyServerStreamRpc-bossGroup--thread1] INFO  logging.LoggingHandler (AbstractInternalLogger.java:log(148)) - [id: 0x174d5298] BIND: 0.0.0.0/0.0.0.0:0
2023-02-16 16:34:42,968 [3dc841f7-9461-45fb-be3e-f1a36e39d59a-NettyServerStreamRpc-bossGroup--thread1] INFO  logging.LoggingHandler (AbstractInternalLogger.java:log(148)) - [id: 0x174d5298, L:/0:0:0:0:0:0:0:0:39763] ACTIVE
2023-02-16 16:34:42,969 [Listener at 127.0.0.1/44851] INFO  server.XceiverServerGrpc (XceiverServerGrpc.java:<init>(132)) - GrpcServer channel type EpollServerSocketChannel
2023-02-16 16:34:42,972 [Listener at 127.0.0.1/44851] INFO  http.BaseHttpServer (BaseHttpServer.java:newHttpServer2BuilderForOzone(213)) - Starting Web-server for hddsDatanode at: http://0.0.0.0:0
2023-02-16 16:34:42,972 [Listener at 127.0.0.1/44851] INFO  http.BaseHttpServer (BaseHttpServer.java:<init>(108)) - Hadoop Security Enabled: false Ozone Security Enabled: false Ozone HTTP Security Enabled: false 
2023-02-16 16:34:42,973 [Listener at 127.0.0.1/44851] WARN  server.AuthenticationFilter (AuthenticationFilter.java:constructSecretProvider(240)) - Unable to initialize FileSignerSecretProvider, falling back to use random secrets. Reason: Could not read signature secret file: /home/runner/hadoop-http-auth-signature-secret
2023-02-16 16:34:42,975 [Listener at 127.0.0.1/44851] WARN  http.HttpRequestLog (HttpRequestLog.java:getRequestLog(103)) - Jetty request log can only be enabled using Log4j
2023-02-16 16:34:42,976 [Listener at 127.0.0.1/44851] INFO  http.HttpServer2 (HttpServer2.java:addGlobalFilter(1031)) - Added global filter 'safety' (class=org.apache.hadoop.hdds.server.http.HttpServer2$QuotingInputFilter)
2023-02-16 16:34:42,976 [Listener at 127.0.0.1/44851] INFO  http.HttpServer2 (HttpServer2.java:addFilter(1007)) - Added filter static_user_filter (class=org.apache.hadoop.http.lib.StaticUserWebFilter$StaticUserFilter) to context hddsDatanode
2023-02-16 16:34:42,976 [Listener at 127.0.0.1/44851] INFO  http.HttpServer2 (HttpServer2.java:addFilter(1015)) - Added filter static_user_filter (class=org.apache.hadoop.http.lib.StaticUserWebFilter$StaticUserFilter) to context static
2023-02-16 16:34:42,976 [Listener at 127.0.0.1/44851] INFO  http.HttpServer2 (HttpServer2.java:addFilter(1015)) - Added filter static_user_filter (class=org.apache.hadoop.http.lib.StaticUserWebFilter$StaticUserFilter) to context logs
2023-02-16 16:34:42,977 [Listener at 127.0.0.1/44851] INFO  http.HttpServer2 (HttpServer2.java:bindListener(1250)) - Jetty bound to port 38645
2023-02-16 16:34:42,977 [Listener at 127.0.0.1/44851] INFO  server.Server (Server.java:doStart(375)) - jetty-9.4.49.v20220914; built: 2022-09-14T01:07:36.601Z; git: 4231a3b2e4cb8548a412a789936d640a97b1aa0a; jvm 1.8.0_362-b09
2023-02-16 16:34:42,978 [Listener at 127.0.0.1/44851] INFO  server.session (DefaultSessionIdManager.java:doStart(334)) - DefaultSessionIdManager workerName=node0
2023-02-16 16:34:42,979 [Listener at 127.0.0.1/44851] INFO  server.session (DefaultSessionIdManager.java:doStart(339)) - No SessionScavenger set, using defaults
2023-02-16 16:34:42,979 [Listener at 127.0.0.1/44851] INFO  server.session (HouseKeeper.java:startScavenging(132)) - node0 Scavenging every 600000ms
2023-02-16 16:34:42,979 [Listener at 127.0.0.1/44851] INFO  handler.ContextHandler (ContextHandler.java:doStart(921)) - Started o.e.j.s.ServletContextHandler@b02e3f6{logs,/logs,file:///home/runner/work/ozone/ozone/hadoop-ozone/integration-test/target/log,AVAILABLE}
2023-02-16 16:34:42,980 [Listener at 127.0.0.1/44851] INFO  handler.ContextHandler (ContextHandler.java:doStart(921)) - Started o.e.j.s.ServletContextHandler@f6aa60a{static,/static,jar:file:/home/runner/.m2/repository/org/apache/ozone/hdds-container-service/1.4.0-SNAPSHOT/hdds-container-service-1.4.0-SNAPSHOT.jar!/webapps/static,AVAILABLE}
2023-02-16 16:34:43,185 [Listener at 127.0.0.1/44851] INFO  handler.ContextHandler (ContextHandler.java:doStart(921)) - Started o.e.j.w.WebAppContext@5bc18ec9{hddsDatanode,/,file:///tmp/jetty-0_0_0_0-38645-hdds-container-service-1_4_0-SNAPSHOT_jar-_-any-22782720465669540/webapp/,AVAILABLE}{jar:file:/home/runner/.m2/repository/org/apache/ozone/hdds-container-service/1.4.0-SNAPSHOT/hdds-container-service-1.4.0-SNAPSHOT.jar!/webapps/hddsDatanode}
2023-02-16 16:34:43,187 [Listener at 127.0.0.1/44851] INFO  server.AbstractConnector (AbstractConnector.java:doStart(333)) - Started ServerConnector@14a3b14f{HTTP/1.1, (http/1.1)}{0.0.0.0:38645}
2023-02-16 16:34:43,187 [Listener at 127.0.0.1/44851] INFO  server.Server (Server.java:doStart(415)) - Started @116789ms
2023-02-16 16:34:43,187 [Listener at 127.0.0.1/44851] WARN  impl.MetricsSystemImpl (MetricsSystemImpl.java:register(279)) - Sink prometheus already exists!
2023-02-16 16:34:43,187 [Listener at 127.0.0.1/44851] INFO  http.BaseHttpServer (BaseHttpServer.java:updateConnectorAddress(333)) - HTTP server of hddsDatanode listening at http://0.0.0.0:38645
2023-02-16 16:34:43,188 [Datanode State Machine Daemon Thread] INFO  statemachine.DatanodeStateMachine (DatanodeStateMachine.java:lambda$startDaemon$0(516)) - Ozone container server started.
2023-02-16 16:34:43,188 [Listener at 127.0.0.1/44851] WARN  impl.MetricRegistriesImpl (MetricRegistriesImpl.java:addReporterRegistration(111)) - New reporters are added after registries were created. Some metrics will be missing from the reporter. Please add reporter before adding any new registry.
2023-02-16 16:34:43,189 [Listener at 127.0.0.1/44851] WARN  impl.MetricRegistriesImpl (MetricRegistriesImpl.java:addReporterRegistration(111)) - New reporters are added after registries were created. Some metrics will be missing from the reporter. Please add reporter before adding any new registry.
2023-02-16 16:34:43,190 [Listener at 127.0.0.1/44851] INFO  impl.MetricsSystemImpl (MetricsSystemImpl.java:init(158)) - HddsDatanode metrics system started (again)
2023-02-16 16:34:43,199 [org.apache.hadoop.util.JvmPauseMonitor$Monitor@51e7455f] INFO  util.JvmPauseMonitor (JvmPauseMonitor.java:run(188)) - Starting JVM pause monitor
2023-02-16 16:34:43,201 [Listener at 127.0.0.1/44851] INFO  ozone.HddsDatanodeService (HddsDatanodeService.java:start(228)) - HddsDatanodeService host:fv-az167-289.21ktoceh2wee5fewwtpg1zd01g.bx.internal.cloudapp.net ip:10.1.0.66
2023-02-16 16:34:43,208 [Datanode State Machine Task Thread - 0] INFO  datanode.InitDatanodeState (InitDatanodeState.java:persistContainerDatanodeDetails(138)) - DatanodeDetails is persisted to /home/runner/work/ozone/ozone/hadoop-ozone/integration-test/target/test-dir/MiniOzoneClusterImpl-d88fc665-df07-433e-a21c-a919abf7322c/datanode-1/meta/datanode.id
2023-02-16 16:34:43,222 [Listener at 127.0.0.1/44851] INFO  upgrade.AbstractLayoutVersionManager (AbstractLayoutVersionManager.java:init(83)) - Initializing Layout version manager with metadata layout = DATANODE_SCHEMA_V3 (version = 4), software layout = DATANODE_SCHEMA_V3 (version = 4)
2023-02-16 16:34:43,269 [Listener at 127.0.0.1/44851] INFO  reflections.Reflections (Reflections.java:scan(232)) - Reflections took 44 ms to scan 7 urls, producing 150 keys and 362 values 
2023-02-16 16:34:43,272 [Listener at 127.0.0.1/44851] INFO  statemachine.DatanodeStateMachine (DatanodeStateMachine.java:getEndPointTaskThreadPoolSize(260)) - Datanode State Machine Task Thread Pool size 2
2023-02-16 16:34:43,274 [Listener at 127.0.0.1/44851] INFO  volume.HddsVolume (HddsVolume.java:<init>(122)) - Creating HddsVolume: /home/runner/work/ozone/ozone/hadoop-ozone/integration-test/target/test-dir/MiniOzoneClusterImpl-d88fc665-df07-433e-a21c-a919abf7322c/datanode-2/data-0/containers/hdds of storage type : DISK capacity : 9223372036854775807
2023-02-16 16:34:43,274 [Listener at 127.0.0.1/44851] INFO  volume.MutableVolumeSet (MutableVolumeSet.java:initializeVolumeSet(174)) - Added Volume : /home/runner/work/ozone/ozone/hadoop-ozone/integration-test/target/test-dir/MiniOzoneClusterImpl-d88fc665-df07-433e-a21c-a919abf7322c/datanode-2/data-0/containers/hdds to VolumeSet
2023-02-16 16:34:43,274 [Listener at 127.0.0.1/44851] INFO  volume.ThrottledAsyncChecker (ThrottledAsyncChecker.java:schedule(141)) - Scheduling a check for /home/runner/work/ozone/ozone/hadoop-ozone/integration-test/target/test-dir/MiniOzoneClusterImpl-d88fc665-df07-433e-a21c-a919abf7322c/datanode-2/data-0/containers/hdds
2023-02-16 16:34:43,274 [Listener at 127.0.0.1/44851] INFO  volume.StorageVolumeChecker (StorageVolumeChecker.java:checkAllVolumes(202)) - Scheduled health check for volume /home/runner/work/ozone/ozone/hadoop-ozone/integration-test/target/test-dir/MiniOzoneClusterImpl-d88fc665-df07-433e-a21c-a919abf7322c/datanode-2/data-0/containers/hdds
2023-02-16 16:34:43,285 [Listener at 127.0.0.1/44851] INFO  volume.MutableVolumeSet (MutableVolumeSet.java:initializeVolumeSet(174)) - Added Volume : /home/runner/work/ozone/ozone/hadoop-ozone/integration-test/target/test-dir/MiniOzoneClusterImpl-d88fc665-df07-433e-a21c-a919abf7322c/datanode-2/data/ratis to VolumeSet
2023-02-16 16:34:43,285 [Listener at 127.0.0.1/44851] INFO  volume.ThrottledAsyncChecker (ThrottledAsyncChecker.java:schedule(141)) - Scheduling a check for /home/runner/work/ozone/ozone/hadoop-ozone/integration-test/target/test-dir/MiniOzoneClusterImpl-d88fc665-df07-433e-a21c-a919abf7322c/datanode-2/data/ratis
2023-02-16 16:34:43,286 [Listener at 127.0.0.1/44851] INFO  volume.StorageVolumeChecker (StorageVolumeChecker.java:checkAllVolumes(202)) - Scheduled health check for volume /home/runner/work/ozone/ozone/hadoop-ozone/integration-test/target/test-dir/MiniOzoneClusterImpl-d88fc665-df07-433e-a21c-a919abf7322c/datanode-2/data/ratis
2023-02-16 16:34:43,296 [Thread-975] INFO  ozoneimpl.ContainerReader (ContainerReader.java:readVolume(175)) - Finish verifying containers on volume /home/runner/work/ozone/ozone/hadoop-ozone/integration-test/target/test-dir/MiniOzoneClusterImpl-d88fc665-df07-433e-a21c-a919abf7322c/datanode-2/data-0/containers/hdds
2023-02-16 16:34:43,296 [Listener at 127.0.0.1/44851] INFO  ozoneimpl.OzoneContainer (OzoneContainer.java:buildContainerSet(304)) - Build ContainerSet costs 0s
2023-02-16 16:34:43,299 [Listener at 127.0.0.1/44851] INFO  server.RaftServer (ConfUtils.java:logGet(46)) - raft.rpc.type = GRPC (default)
2023-02-16 16:34:43,299 [Listener at 127.0.0.1/44851] INFO  grpc.GrpcConfigKeys (ConfUtils.java:logFallback(53)) - raft.grpc.admin.host = null (fallback to raft.grpc.server.host)
2023-02-16 16:34:43,299 [Listener at 127.0.0.1/44851] INFO  grpc.GrpcConfigKeys (ConfUtils.java:logGet(46)) - raft.grpc.admin.port = 0 (custom)
2023-02-16 16:34:43,306 [Listener at 127.0.0.1/44851] INFO  grpc.GrpcConfigKeys (ConfUtils.java:logFallback(53)) - raft.grpc.client.host = null (fallback to raft.grpc.server.host)
2023-02-16 16:34:43,306 [Listener at 127.0.0.1/44851] INFO  grpc.GrpcConfigKeys (ConfUtils.java:logGet(46)) - raft.grpc.client.port = 0 (custom)
2023-02-16 16:34:43,306 [Listener at 127.0.0.1/44851] INFO  grpc.GrpcConfigKeys (ConfUtils.java:logGet(46)) - raft.grpc.server.host = null (default)
2023-02-16 16:34:43,306 [Listener at 127.0.0.1/44851] INFO  grpc.GrpcConfigKeys (ConfUtils.java:logGet(46)) - raft.grpc.server.port = 0 (default)
2023-02-16 16:34:43,306 [Listener at 127.0.0.1/44851] INFO  server.GrpcService (ConfUtils.java:logGet(46)) - raft.grpc.message.size.max = 32MB (=33554432) (custom)
2023-02-16 16:34:43,306 [Listener at 127.0.0.1/44851] INFO  server.RaftServerConfigKeys (ConfUtils.java:logGet(46)) - raft.server.log.appender.buffer.byte-limit = 33554432 (custom)
2023-02-16 16:34:43,306 [Listener at 127.0.0.1/44851] INFO  server.GrpcService (ConfUtils.java:logGet(46)) - raft.grpc.flow.control.window = 5MB (=5242880) (custom)
2023-02-16 16:34:43,306 [Listener at 127.0.0.1/44851] INFO  server.RaftServerConfigKeys (ConfUtils.java:logGet(46)) - raft.server.rpc.request.timeout = 60s (custom)
2023-02-16 16:34:43,307 [Listener at 127.0.0.1/44851] INFO  grpc.GrpcConfigKeys (ConfUtils.java:logGet(46)) - raft.grpc.server.heartbeat.channel = true (default)
2023-02-16 16:34:43,307 [Listener at 127.0.0.1/44851] INFO  grpc.GrpcConfigKeys (ConfUtils.java:logGet(46)) - raft.grpc.server.async.request.thread.pool.cached = true (default)
2023-02-16 16:34:43,307 [Listener at 127.0.0.1/44851] INFO  grpc.GrpcConfigKeys (ConfUtils.java:logGet(46)) - raft.grpc.server.async.request.thread.pool.size = 32 (default)
2023-02-16 16:34:43,308 [Listener at 127.0.0.1/44851] INFO  impl.DataStreamServerImpl (ConfUtils.java:logGet(46)) - raft.datastream.type = NETTY (custom)
2023-02-16 16:34:43,308 [Listener at 127.0.0.1/44851] INFO  server.RaftServerConfigKeys (ConfUtils.java:logGet(46)) - raft.server.data-stream.async.request.thread.pool.cached = false (default)
2023-02-16 16:34:43,309 [Listener at 127.0.0.1/44851] INFO  server.RaftServerConfigKeys (ConfUtils.java:logGet(46)) - raft.server.data-stream.async.request.thread.pool.size = 20 (custom)
2023-02-16 16:34:43,309 [Listener at 127.0.0.1/44851] INFO  server.RaftServerConfigKeys (ConfUtils.java:logGet(46)) - raft.server.data-stream.async.write.thread.pool.size = 16 (default)
2023-02-16 16:34:43,309 [Listener at 127.0.0.1/44851] INFO  server.RaftServerConfigKeys (ConfUtils.java:logGet(46)) - raft.server.data-stream.client.pool.size = 10 (default)
2023-02-16 16:34:43,309 [Listener at 127.0.0.1/44851] INFO  netty.NettyConfigKeys$DataStream (ConfUtils.java:logGet(46)) - raft.netty.dataStream.server.use-epoll = false (default)
2023-02-16 16:34:43,309 [Listener at 127.0.0.1/44851] INFO  netty.NettyConfigKeys$DataStream (ConfUtils.java:logGet(46)) - raft.netty.dataStream.server.boss-group.size = 0 (default)
2023-02-16 16:34:43,309 [Listener at 127.0.0.1/44851] INFO  netty.NettyConfigKeys$DataStream (ConfUtils.java:logGet(46)) - raft.netty.dataStream.server.worker-group.size = 0 (default)
2023-02-16 16:34:43,310 [Listener at 127.0.0.1/44851] INFO  netty.NettyConfigKeys$DataStream (ConfUtils.java:logGet(46)) - raft.netty.dataStream.server.tls.conf = null (default)
2023-02-16 16:34:43,310 [Listener at 127.0.0.1/44851] INFO  netty.NettyConfigKeys$DataStream (ConfUtils.java:logGet(46)) - raft.netty.dataStream.host = null (default)
2023-02-16 16:34:43,310 [Listener at 127.0.0.1/44851] INFO  netty.NettyConfigKeys$DataStream (ConfUtils.java:logGet(46)) - raft.netty.dataStream.port = 0 (default)
2023-02-16 16:34:43,310 [Listener at 127.0.0.1/44851] INFO  server.RaftServerConfigKeys (ConfUtils.java:logGet(46)) - raft.server.threadpool.proxy.cached = true (default)
2023-02-16 16:34:43,310 [Listener at 127.0.0.1/44851] INFO  server.RaftServerConfigKeys (ConfUtils.java:logGet(46)) - raft.server.threadpool.proxy.size = 0 (default)
2023-02-16 16:34:43,311 [54ea6ac5-9e66-44bc-9134-574226f2896d-NettyServerStreamRpc-bossGroup--thread1] INFO  logging.LoggingHandler (AbstractInternalLogger.java:log(148)) - [id: 0x9ed7d953] REGISTERED
2023-02-16 16:34:43,314 [Listener at 127.0.0.1/44851] INFO  server.RaftServerConfigKeys (ConfUtils.java:logGet(46)) - raft.server.rpc.slowness.timeout = 300s (custom)
2023-02-16 16:34:43,314 [54ea6ac5-9e66-44bc-9134-574226f2896d-NettyServerStreamRpc-bossGroup--thread1] INFO  logging.LoggingHandler (AbstractInternalLogger.java:log(148)) - [id: 0x9ed7d953] BIND: 0.0.0.0/0.0.0.0:0
2023-02-16 16:34:43,315 [54ea6ac5-9e66-44bc-9134-574226f2896d-NettyServerStreamRpc-bossGroup--thread1] INFO  logging.LoggingHandler (AbstractInternalLogger.java:log(148)) - [id: 0x9ed7d953, L:/0:0:0:0:0:0:0:0:46125] ACTIVE
2023-02-16 16:34:43,315 [Listener at 127.0.0.1/44851] INFO  server.RaftServerConfigKeys (ConfUtils.java:logGet(46)) - raft.server.leaderelection.leader.step-down.wait-time = 10s (default)
2023-02-16 16:34:43,316 [Listener at 127.0.0.1/44851] INFO  server.RaftServerConfigKeys (ConfUtils.java:logGet(46)) - raft.server.storage.dir = [/home/runner/work/ozone/ozone/hadoop-ozone/integration-test/target/test-dir/MiniOzoneClusterImpl-d88fc665-df07-433e-a21c-a919abf7322c/datanode-2/data/ratis] (custom)
2023-02-16 16:34:43,318 [Listener at 127.0.0.1/44851] INFO  server.XceiverServerGrpc (XceiverServerGrpc.java:<init>(132)) - GrpcServer channel type EpollServerSocketChannel
2023-02-16 16:34:43,321 [Listener at 127.0.0.1/44851] INFO  http.BaseHttpServer (BaseHttpServer.java:newHttpServer2BuilderForOzone(213)) - Starting Web-server for hddsDatanode at: http://0.0.0.0:0
2023-02-16 16:34:43,321 [Listener at 127.0.0.1/44851] INFO  http.BaseHttpServer (BaseHttpServer.java:<init>(108)) - Hadoop Security Enabled: false Ozone Security Enabled: false Ozone HTTP Security Enabled: false 
2023-02-16 16:34:43,322 [Listener at 127.0.0.1/44851] WARN  server.AuthenticationFilter (AuthenticationFilter.java:constructSecretProvider(240)) - Unable to initialize FileSignerSecretProvider, falling back to use random secrets. Reason: Could not read signature secret file: /home/runner/hadoop-http-auth-signature-secret
2023-02-16 16:34:43,322 [Listener at 127.0.0.1/44851] WARN  http.HttpRequestLog (HttpRequestLog.java:getRequestLog(103)) - Jetty request log can only be enabled using Log4j
2023-02-16 16:34:43,323 [Listener at 127.0.0.1/44851] INFO  http.HttpServer2 (HttpServer2.java:addGlobalFilter(1031)) - Added global filter 'safety' (class=org.apache.hadoop.hdds.server.http.HttpServer2$QuotingInputFilter)
2023-02-16 16:34:43,323 [Listener at 127.0.0.1/44851] INFO  http.HttpServer2 (HttpServer2.java:addFilter(1007)) - Added filter static_user_filter (class=org.apache.hadoop.http.lib.StaticUserWebFilter$StaticUserFilter) to context hddsDatanode
2023-02-16 16:34:43,324 [Listener at 127.0.0.1/44851] INFO  http.HttpServer2 (HttpServer2.java:addFilter(1015)) - Added filter static_user_filter (class=org.apache.hadoop.http.lib.StaticUserWebFilter$StaticUserFilter) to context logs
2023-02-16 16:34:43,324 [Listener at 127.0.0.1/44851] INFO  http.HttpServer2 (HttpServer2.java:addFilter(1015)) - Added filter static_user_filter (class=org.apache.hadoop.http.lib.StaticUserWebFilter$StaticUserFilter) to context static
2023-02-16 16:34:43,324 [Listener at 127.0.0.1/44851] INFO  http.HttpServer2 (HttpServer2.java:bindListener(1250)) - Jetty bound to port 46365
2023-02-16 16:34:43,324 [Listener at 127.0.0.1/44851] INFO  server.Server (Server.java:doStart(375)) - jetty-9.4.49.v20220914; built: 2022-09-14T01:07:36.601Z; git: 4231a3b2e4cb8548a412a789936d640a97b1aa0a; jvm 1.8.0_362-b09
2023-02-16 16:34:43,325 [Listener at 127.0.0.1/44851] INFO  server.session (DefaultSessionIdManager.java:doStart(334)) - DefaultSessionIdManager workerName=node0
2023-02-16 16:34:43,325 [Listener at 127.0.0.1/44851] INFO  server.session (DefaultSessionIdManager.java:doStart(339)) - No SessionScavenger set, using defaults
2023-02-16 16:34:43,325 [Listener at 127.0.0.1/44851] INFO  server.session (HouseKeeper.java:startScavenging(132)) - node0 Scavenging every 600000ms
2023-02-16 16:34:43,326 [Listener at 127.0.0.1/44851] INFO  handler.ContextHandler (ContextHandler.java:doStart(921)) - Started o.e.j.s.ServletContextHandler@60dce51e{logs,/logs,file:///home/runner/work/ozone/ozone/hadoop-ozone/integration-test/target/log,AVAILABLE}
2023-02-16 16:34:43,326 [Listener at 127.0.0.1/44851] INFO  handler.ContextHandler (ContextHandler.java:doStart(921)) - Started o.e.j.s.ServletContextHandler@3844dc02{static,/static,jar:file:/home/runner/.m2/repository/org/apache/ozone/hdds-container-service/1.4.0-SNAPSHOT/hdds-container-service-1.4.0-SNAPSHOT.jar!/webapps/static,AVAILABLE}
2023-02-16 16:34:43,525 [Listener at 127.0.0.1/44851] INFO  handler.ContextHandler (ContextHandler.java:doStart(921)) - Started o.e.j.w.WebAppContext@453f92db{hddsDatanode,/,file:///tmp/jetty-0_0_0_0-46365-hdds-container-service-1_4_0-SNAPSHOT_jar-_-any-9030508473980275171/webapp/,AVAILABLE}{jar:file:/home/runner/.m2/repository/org/apache/ozone/hdds-container-service/1.4.0-SNAPSHOT/hdds-container-service-1.4.0-SNAPSHOT.jar!/webapps/hddsDatanode}
2023-02-16 16:34:43,527 [Listener at 127.0.0.1/44851] INFO  server.AbstractConnector (AbstractConnector.java:doStart(333)) - Started ServerConnector@68e013e4{HTTP/1.1, (http/1.1)}{0.0.0.0:46365}
2023-02-16 16:34:43,527 [Listener at 127.0.0.1/44851] INFO  server.Server (Server.java:doStart(415)) - Started @117129ms
2023-02-16 16:34:43,527 [Listener at 127.0.0.1/44851] WARN  impl.MetricsSystemImpl (MetricsSystemImpl.java:register(279)) - Sink prometheus already exists!
2023-02-16 16:34:43,528 [Listener at 127.0.0.1/44851] INFO  http.BaseHttpServer (BaseHttpServer.java:updateConnectorAddress(333)) - HTTP server of hddsDatanode listening at http://0.0.0.0:46365
2023-02-16 16:34:43,528 [Datanode State Machine Daemon Thread] INFO  statemachine.DatanodeStateMachine (DatanodeStateMachine.java:lambda$startDaemon$0(516)) - Ozone container server started.
2023-02-16 16:34:43,528 [Listener at 127.0.0.1/44851] WARN  impl.MetricRegistriesImpl (MetricRegistriesImpl.java:addReporterRegistration(111)) - New reporters are added after registries were created. Some metrics will be missing from the reporter. Please add reporter before adding any new registry.
2023-02-16 16:34:43,529 [Listener at 127.0.0.1/44851] WARN  impl.MetricRegistriesImpl (MetricRegistriesImpl.java:addReporterRegistration(111)) - New reporters are added after registries were created. Some metrics will be missing from the reporter. Please add reporter before adding any new registry.
2023-02-16 16:34:43,529 [Listener at 127.0.0.1/44851] INFO  impl.MetricsSystemImpl (MetricsSystemImpl.java:init(158)) - HddsDatanode metrics system started (again)
2023-02-16 16:34:43,540 [org.apache.hadoop.util.JvmPauseMonitor$Monitor@49c2a48] INFO  util.JvmPauseMonitor (JvmPauseMonitor.java:run(188)) - Starting JVM pause monitor
2023-02-16 16:34:43,541 [Datanode State Machine Task Thread - 0] INFO  datanode.InitDatanodeState (InitDatanodeState.java:persistContainerDatanodeDetails(138)) - DatanodeDetails is persisted to /home/runner/work/ozone/ozone/hadoop-ozone/integration-test/target/test-dir/MiniOzoneClusterImpl-d88fc665-df07-433e-a21c-a919abf7322c/datanode-2/meta/datanode.id
2023-02-16 16:34:43,542 [Listener at 127.0.0.1/44851] INFO  ozone.HddsDatanodeService (HddsDatanodeService.java:start(228)) - HddsDatanodeService host:fv-az167-289.21ktoceh2wee5fewwtpg1zd01g.bx.internal.cloudapp.net ip:10.1.0.66
2023-02-16 16:34:43,557 [Listener at 127.0.0.1/44851] INFO  upgrade.AbstractLayoutVersionManager (AbstractLayoutVersionManager.java:init(83)) - Initializing Layout version manager with metadata layout = DATANODE_SCHEMA_V3 (version = 4), software layout = DATANODE_SCHEMA_V3 (version = 4)
2023-02-16 16:34:43,575 [om1@group-C5BA1605619E-FollowerState] INFO  impl.FollowerState (FollowerState.java:run(143)) - om1@group-C5BA1605619E-FollowerState: change to CANDIDATE, lastRpcElapsedTime:1118242553ns, electionTimeout:1112ms
2023-02-16 16:34:43,575 [om1@group-C5BA1605619E-FollowerState] INFO  impl.RoleInfo (RoleInfo.java:shutdownFollowerState(110)) - om1: shutdown om1@group-C5BA1605619E-FollowerState
2023-02-16 16:34:43,576 [om1@group-C5BA1605619E-FollowerState] INFO  server.RaftServer$Division (RaftServerImpl.java:setRole(321)) - om1@group-C5BA1605619E: changes role from  FOLLOWER to CANDIDATE at term 0 for changeToCandidate
2023-02-16 16:34:43,576 [om1@group-C5BA1605619E-FollowerState] INFO  server.RaftServerConfigKeys (ConfUtils.java:logGet(46)) - raft.server.leaderelection.pre-vote = true (default)
2023-02-16 16:34:43,576 [om1@group-C5BA1605619E-FollowerState] INFO  impl.RoleInfo (RoleInfo.java:updateAndGet(139)) - om1: start om1@group-C5BA1605619E-LeaderElection17
2023-02-16 16:34:43,587 [om1@group-C5BA1605619E-LeaderElection17] INFO  impl.LeaderElection (LeaderElection.java:askForVotes(312)) - om1@group-C5BA1605619E-LeaderElection17 PRE_VOTE round 0: submit vote requests at term 0 for -1: peers:[om1|rpc:localhost:9872|priority:0|startupRole:FOLLOWER]|listeners:[], old=null
2023-02-16 16:34:43,587 [om1@group-C5BA1605619E-LeaderElection17] INFO  impl.LeaderElection (LeaderElection.java:askForVotes(314)) - om1@group-C5BA1605619E-LeaderElection17 PRE_VOTE round 0: result PASSED (term=0)
2023-02-16 16:34:43,588 [om1@group-C5BA1605619E-LeaderElection17] INFO  impl.LeaderElection (LeaderElection.java:askForVotes(312)) - om1@group-C5BA1605619E-LeaderElection17 ELECTION round 0: submit vote requests at term 1 for -1: peers:[om1|rpc:localhost:9872|priority:0|startupRole:FOLLOWER]|listeners:[], old=null
2023-02-16 16:34:43,588 [om1@group-C5BA1605619E-LeaderElection17] INFO  impl.LeaderElection (LeaderElection.java:askForVotes(314)) - om1@group-C5BA1605619E-LeaderElection17 ELECTION round 0: result PASSED (term=1)
2023-02-16 16:34:43,588 [om1@group-C5BA1605619E-LeaderElection17] INFO  impl.RoleInfo (RoleInfo.java:shutdownLeaderElection(130)) - om1: shutdown om1@group-C5BA1605619E-LeaderElection17
2023-02-16 16:34:43,589 [om1@group-C5BA1605619E-LeaderElection17] INFO  server.RaftServer$Division (RaftServerImpl.java:setRole(321)) - om1@group-C5BA1605619E: changes role from CANDIDATE to LEADER at term 1 for changeToLeader
2023-02-16 16:34:43,589 [om1@group-C5BA1605619E-LeaderElection17] INFO  server.RaftServer$Division (ServerState.java:setLeader(313)) - om1@group-C5BA1605619E: change Leader from null to om1 at term 1 for becomeLeader, leader elected after 1545ms
2023-02-16 16:34:43,589 [om1@group-C5BA1605619E-LeaderElection17] INFO  server.RaftServerConfigKeys (ConfUtils.java:logGet(46)) - raft.server.staging.catchup.gap = 1000 (default)
2023-02-16 16:34:43,589 [om1@group-C5BA1605619E-LeaderElection17] INFO  server.RaftServerConfigKeys (ConfUtils.java:logGet(46)) - raft.server.write.element-limit = 4096 (default)
2023-02-16 16:34:43,589 [om1@group-C5BA1605619E-LeaderElection17] INFO  server.RaftServerConfigKeys (ConfUtils.java:logGet(46)) - raft.server.write.byte-limit = 64MB (=67108864) (default)
2023-02-16 16:34:43,589 [om1@group-C5BA1605619E-LeaderElection17] INFO  server.RaftServerConfigKeys (ConfUtils.java:logGet(46)) - raft.server.watch.timeout = 10s (default)
2023-02-16 16:34:43,589 [om1@group-C5BA1605619E-LeaderElection17] INFO  server.RaftServerConfigKeys (ConfUtils.java:logGet(46)) - raft.server.watch.timeout.denomination = 1s (default)
2023-02-16 16:34:43,589 [om1@group-C5BA1605619E-LeaderElection17] INFO  server.RaftServerConfigKeys (ConfUtils.java:logGet(46)) - raft.server.watch.element-limit = 65536 (default)
2023-02-16 16:34:43,589 [om1@group-C5BA1605619E-LeaderElection17] INFO  server.RaftServerConfigKeys (ConfUtils.java:logGet(46)) - raft.server.write.element-limit = 4096 (default)
2023-02-16 16:34:43,589 [om1@group-C5BA1605619E-LeaderElection17] INFO  server.RaftServerConfigKeys (ConfUtils.java:logGet(46)) - raft.server.write.follower.gap.ratio.max = -1.0 (default)
2023-02-16 16:34:43,589 [om1@group-C5BA1605619E-LeaderElection17] INFO  impl.RoleInfo (RoleInfo.java:updateAndGet(139)) - om1: start om1@group-C5BA1605619E-LeaderStateImpl
2023-02-16 16:34:43,589 [om1@group-C5BA1605619E-LeaderElection17] INFO  segmented.SegmentedRaftLogWorker (SegmentedRaftLogWorker.java:startLogSegment(452)) - om1@group-C5BA1605619E-SegmentedRaftLogWorker: Starting segment from index:0
2023-02-16 16:34:43,599 [om1@group-C5BA1605619E-LeaderElection17] INFO  server.RaftServer$Division (ServerState.java:setRaftConf(430)) - om1@group-C5BA1605619E: set configuration 0: peers:[om1|rpc:localhost:9872|admin:|client:|dataStream:|priority:0|startupRole:FOLLOWER]|listeners:[], old=null
2023-02-16 16:34:43,600 [om1@group-C5BA1605619E-SegmentedRaftLogWorker] INFO  segmented.SegmentedRaftLogWorker (SegmentedRaftLogWorker.java:execute(656)) - om1@group-C5BA1605619E-SegmentedRaftLogWorker: created new log segment /home/runner/work/ozone/ozone/hadoop-ozone/integration-test/target/test-dir/MiniOzoneClusterImpl-d88fc665-df07-433e-a21c-a919abf7322c/ozone-meta/ratis/bf265839-605b-3f16-9796-c5ba1605619e/current/log_inprogress_0
2023-02-16 16:34:43,601 [om1@group-C5BA1605619E-StateMachineUpdater] INFO  ratis.OzoneManagerStateMachine (OzoneManagerStateMachine.java:notifyConfigurationChanged(192)) - Received Configuration change notification from Ratis. New Peer list:
[id: "om1"
address: "localhost:9872"
startupRole: FOLLOWER
]
2023-02-16 16:34:43,622 [Listener at 127.0.0.1/44851] INFO  reflections.Reflections (Reflections.java:scan(232)) - Reflections took 64 ms to scan 7 urls, producing 150 keys and 362 values 
2023-02-16 16:34:43,624 [Listener at 127.0.0.1/44851] INFO  statemachine.DatanodeStateMachine (DatanodeStateMachine.java:getEndPointTaskThreadPoolSize(260)) - Datanode State Machine Task Thread Pool size 2
2023-02-16 16:34:43,626 [Listener at 127.0.0.1/44851] INFO  volume.HddsVolume (HddsVolume.java:<init>(122)) - Creating HddsVolume: /home/runner/work/ozone/ozone/hadoop-ozone/integration-test/target/test-dir/MiniOzoneClusterImpl-d88fc665-df07-433e-a21c-a919abf7322c/datanode-3/data-0/containers/hdds of storage type : DISK capacity : 9223372036854775807
2023-02-16 16:34:43,626 [Listener at 127.0.0.1/44851] INFO  volume.MutableVolumeSet (MutableVolumeSet.java:initializeVolumeSet(174)) - Added Volume : /home/runner/work/ozone/ozone/hadoop-ozone/integration-test/target/test-dir/MiniOzoneClusterImpl-d88fc665-df07-433e-a21c-a919abf7322c/datanode-3/data-0/containers/hdds to VolumeSet
2023-02-16 16:34:43,626 [Listener at 127.0.0.1/44851] INFO  volume.ThrottledAsyncChecker (ThrottledAsyncChecker.java:schedule(141)) - Scheduling a check for /home/runner/work/ozone/ozone/hadoop-ozone/integration-test/target/test-dir/MiniOzoneClusterImpl-d88fc665-df07-433e-a21c-a919abf7322c/datanode-3/data-0/containers/hdds
2023-02-16 16:34:43,628 [Listener at 127.0.0.1/44851] INFO  volume.StorageVolumeChecker (StorageVolumeChecker.java:checkAllVolumes(202)) - Scheduled health check for volume /home/runner/work/ozone/ozone/hadoop-ozone/integration-test/target/test-dir/MiniOzoneClusterImpl-d88fc665-df07-433e-a21c-a919abf7322c/datanode-3/data-0/containers/hdds
2023-02-16 16:34:43,639 [Listener at 127.0.0.1/44851] INFO  volume.MutableVolumeSet (MutableVolumeSet.java:initializeVolumeSet(174)) - Added Volume : /home/runner/work/ozone/ozone/hadoop-ozone/integration-test/target/test-dir/MiniOzoneClusterImpl-d88fc665-df07-433e-a21c-a919abf7322c/datanode-3/data/ratis to VolumeSet
2023-02-16 16:34:43,640 [Listener at 127.0.0.1/44851] INFO  volume.ThrottledAsyncChecker (ThrottledAsyncChecker.java:schedule(141)) - Scheduling a check for /home/runner/work/ozone/ozone/hadoop-ozone/integration-test/target/test-dir/MiniOzoneClusterImpl-d88fc665-df07-433e-a21c-a919abf7322c/datanode-3/data/ratis
2023-02-16 16:34:43,640 [Listener at 127.0.0.1/44851] INFO  volume.StorageVolumeChecker (StorageVolumeChecker.java:checkAllVolumes(202)) - Scheduled health check for volume /home/runner/work/ozone/ozone/hadoop-ozone/integration-test/target/test-dir/MiniOzoneClusterImpl-d88fc665-df07-433e-a21c-a919abf7322c/datanode-3/data/ratis
2023-02-16 16:34:43,651 [Thread-991] INFO  ozoneimpl.ContainerReader (ContainerReader.java:readVolume(175)) - Finish verifying containers on volume /home/runner/work/ozone/ozone/hadoop-ozone/integration-test/target/test-dir/MiniOzoneClusterImpl-d88fc665-df07-433e-a21c-a919abf7322c/datanode-3/data-0/containers/hdds
2023-02-16 16:34:43,652 [Listener at 127.0.0.1/44851] INFO  ozoneimpl.OzoneContainer (OzoneContainer.java:buildContainerSet(304)) - Build ContainerSet costs 0s
2023-02-16 16:34:43,654 [Listener at 127.0.0.1/44851] INFO  server.RaftServer (ConfUtils.java:logGet(46)) - raft.rpc.type = GRPC (default)
2023-02-16 16:34:43,654 [Listener at 127.0.0.1/44851] INFO  grpc.GrpcConfigKeys (ConfUtils.java:logFallback(53)) - raft.grpc.admin.host = null (fallback to raft.grpc.server.host)
2023-02-16 16:34:43,654 [Listener at 127.0.0.1/44851] INFO  grpc.GrpcConfigKeys (ConfUtils.java:logGet(46)) - raft.grpc.admin.port = 0 (custom)
2023-02-16 16:34:43,654 [Listener at 127.0.0.1/44851] INFO  grpc.GrpcConfigKeys (ConfUtils.java:logFallback(53)) - raft.grpc.client.host = null (fallback to raft.grpc.server.host)
2023-02-16 16:34:43,654 [Listener at 127.0.0.1/44851] INFO  grpc.GrpcConfigKeys (ConfUtils.java:logGet(46)) - raft.grpc.client.port = 0 (custom)
2023-02-16 16:34:43,654 [Listener at 127.0.0.1/44851] INFO  grpc.GrpcConfigKeys (ConfUtils.java:logGet(46)) - raft.grpc.server.host = null (default)
2023-02-16 16:34:43,654 [Listener at 127.0.0.1/44851] INFO  grpc.GrpcConfigKeys (ConfUtils.java:logGet(46)) - raft.grpc.server.port = 0 (default)
2023-02-16 16:34:43,656 [Listener at 127.0.0.1/44851] INFO  server.GrpcService (ConfUtils.java:logGet(46)) - raft.grpc.message.size.max = 32MB (=33554432) (custom)
2023-02-16 16:34:43,656 [Listener at 127.0.0.1/44851] INFO  server.RaftServerConfigKeys (ConfUtils.java:logGet(46)) - raft.server.log.appender.buffer.byte-limit = 33554432 (custom)
2023-02-16 16:34:43,656 [Listener at 127.0.0.1/44851] INFO  server.GrpcService (ConfUtils.java:logGet(46)) - raft.grpc.flow.control.window = 5MB (=5242880) (custom)
2023-02-16 16:34:43,656 [Listener at 127.0.0.1/44851] INFO  server.RaftServerConfigKeys (ConfUtils.java:logGet(46)) - raft.server.rpc.request.timeout = 60s (custom)
2023-02-16 16:34:43,656 [Listener at 127.0.0.1/44851] INFO  grpc.GrpcConfigKeys (ConfUtils.java:logGet(46)) - raft.grpc.server.heartbeat.channel = true (default)
2023-02-16 16:34:43,656 [Listener at 127.0.0.1/44851] INFO  grpc.GrpcConfigKeys (ConfUtils.java:logGet(46)) - raft.grpc.server.async.request.thread.pool.cached = true (default)
2023-02-16 16:34:43,656 [Listener at 127.0.0.1/44851] INFO  grpc.GrpcConfigKeys (ConfUtils.java:logGet(46)) - raft.grpc.server.async.request.thread.pool.size = 32 (default)
2023-02-16 16:34:43,658 [Listener at 127.0.0.1/44851] INFO  impl.DataStreamServerImpl (ConfUtils.java:logGet(46)) - raft.datastream.type = NETTY (custom)
2023-02-16 16:34:43,658 [Listener at 127.0.0.1/44851] INFO  server.RaftServerConfigKeys (ConfUtils.java:logGet(46)) - raft.server.data-stream.async.request.thread.pool.cached = false (default)
2023-02-16 16:34:43,658 [Listener at 127.0.0.1/44851] INFO  server.RaftServerConfigKeys (ConfUtils.java:logGet(46)) - raft.server.data-stream.async.request.thread.pool.size = 20 (custom)
2023-02-16 16:34:43,659 [Listener at 127.0.0.1/44851] INFO  server.RaftServerConfigKeys (ConfUtils.java:logGet(46)) - raft.server.data-stream.async.write.thread.pool.size = 16 (default)
2023-02-16 16:34:43,659 [Listener at 127.0.0.1/44851] INFO  server.RaftServerConfigKeys (ConfUtils.java:logGet(46)) - raft.server.data-stream.client.pool.size = 10 (default)
2023-02-16 16:34:43,659 [Listener at 127.0.0.1/44851] INFO  netty.NettyConfigKeys$DataStream (ConfUtils.java:logGet(46)) - raft.netty.dataStream.server.use-epoll = false (default)
2023-02-16 16:34:43,659 [Listener at 127.0.0.1/44851] INFO  netty.NettyConfigKeys$DataStream (ConfUtils.java:logGet(46)) - raft.netty.dataStream.server.boss-group.size = 0 (default)
2023-02-16 16:34:43,660 [Listener at 127.0.0.1/44851] INFO  netty.NettyConfigKeys$DataStream (ConfUtils.java:logGet(46)) - raft.netty.dataStream.server.worker-group.size = 0 (default)
2023-02-16 16:34:43,660 [Listener at 127.0.0.1/44851] INFO  netty.NettyConfigKeys$DataStream (ConfUtils.java:logGet(46)) - raft.netty.dataStream.server.tls.conf = null (default)
2023-02-16 16:34:43,660 [Listener at 127.0.0.1/44851] INFO  netty.NettyConfigKeys$DataStream (ConfUtils.java:logGet(46)) - raft.netty.dataStream.host = null (default)
2023-02-16 16:34:43,660 [Listener at 127.0.0.1/44851] INFO  netty.NettyConfigKeys$DataStream (ConfUtils.java:logGet(46)) - raft.netty.dataStream.port = 0 (default)
2023-02-16 16:34:43,661 [Listener at 127.0.0.1/44851] INFO  server.RaftServerConfigKeys (ConfUtils.java:logGet(46)) - raft.server.threadpool.proxy.cached = true (default)
2023-02-16 16:34:43,661 [Listener at 127.0.0.1/44851] INFO  server.RaftServerConfigKeys (ConfUtils.java:logGet(46)) - raft.server.threadpool.proxy.size = 0 (default)
2023-02-16 16:34:43,661 [Listener at 127.0.0.1/44851] INFO  server.RaftServerConfigKeys (ConfUtils.java:logGet(46)) - raft.server.rpc.slowness.timeout = 300s (custom)
2023-02-16 16:34:43,661 [Listener at 127.0.0.1/44851] INFO  server.RaftServerConfigKeys (ConfUtils.java:logGet(46)) - raft.server.leaderelection.leader.step-down.wait-time = 10s (default)
2023-02-16 16:34:43,661 [Listener at 127.0.0.1/44851] INFO  server.RaftServerConfigKeys (ConfUtils.java:logGet(46)) - raft.server.storage.dir = [/home/runner/work/ozone/ozone/hadoop-ozone/integration-test/target/test-dir/MiniOzoneClusterImpl-d88fc665-df07-433e-a21c-a919abf7322c/datanode-3/data/ratis] (custom)
2023-02-16 16:34:43,662 [388d0101-376a-4ddf-936e-ac8688256993-NettyServerStreamRpc-bossGroup--thread1] INFO  logging.LoggingHandler (AbstractInternalLogger.java:log(148)) - [id: 0x5ee028f3] REGISTERED
2023-02-16 16:34:43,662 [388d0101-376a-4ddf-936e-ac8688256993-NettyServerStreamRpc-bossGroup--thread1] INFO  logging.LoggingHandler (AbstractInternalLogger.java:log(148)) - [id: 0x5ee028f3] BIND: 0.0.0.0/0.0.0.0:0
2023-02-16 16:34:43,662 [388d0101-376a-4ddf-936e-ac8688256993-NettyServerStreamRpc-bossGroup--thread1] INFO  logging.LoggingHandler (AbstractInternalLogger.java:log(148)) - [id: 0x5ee028f3, L:/0:0:0:0:0:0:0:0:40527] ACTIVE
2023-02-16 16:34:43,663 [Listener at 127.0.0.1/44851] INFO  server.XceiverServerGrpc (XceiverServerGrpc.java:<init>(132)) - GrpcServer channel type EpollServerSocketChannel
2023-02-16 16:34:43,666 [Listener at 127.0.0.1/44851] INFO  http.BaseHttpServer (BaseHttpServer.java:newHttpServer2BuilderForOzone(213)) - Starting Web-server for hddsDatanode at: http://0.0.0.0:0
2023-02-16 16:34:43,666 [Listener at 127.0.0.1/44851] INFO  http.BaseHttpServer (BaseHttpServer.java:<init>(108)) - Hadoop Security Enabled: false Ozone Security Enabled: false Ozone HTTP Security Enabled: false 
2023-02-16 16:34:43,667 [Listener at 127.0.0.1/44851] WARN  server.AuthenticationFilter (AuthenticationFilter.java:constructSecretProvider(240)) - Unable to initialize FileSignerSecretProvider, falling back to use random secrets. Reason: Could not read signature secret file: /home/runner/hadoop-http-auth-signature-secret
2023-02-16 16:34:43,667 [Listener at 127.0.0.1/44851] WARN  http.HttpRequestLog (HttpRequestLog.java:getRequestLog(103)) - Jetty request log can only be enabled using Log4j
2023-02-16 16:34:43,668 [Listener at 127.0.0.1/44851] INFO  http.HttpServer2 (HttpServer2.java:addGlobalFilter(1031)) - Added global filter 'safety' (class=org.apache.hadoop.hdds.server.http.HttpServer2$QuotingInputFilter)
2023-02-16 16:34:43,668 [Listener at 127.0.0.1/44851] INFO  http.HttpServer2 (HttpServer2.java:addFilter(1007)) - Added filter static_user_filter (class=org.apache.hadoop.http.lib.StaticUserWebFilter$StaticUserFilter) to context hddsDatanode
2023-02-16 16:34:43,668 [Listener at 127.0.0.1/44851] INFO  http.HttpServer2 (HttpServer2.java:addFilter(1015)) - Added filter static_user_filter (class=org.apache.hadoop.http.lib.StaticUserWebFilter$StaticUserFilter) to context logs
2023-02-16 16:34:43,668 [Listener at 127.0.0.1/44851] INFO  http.HttpServer2 (HttpServer2.java:addFilter(1015)) - Added filter static_user_filter (class=org.apache.hadoop.http.lib.StaticUserWebFilter$StaticUserFilter) to context static
2023-02-16 16:34:43,669 [Listener at 127.0.0.1/44851] INFO  http.HttpServer2 (HttpServer2.java:bindListener(1250)) - Jetty bound to port 44071
2023-02-16 16:34:43,669 [Listener at 127.0.0.1/44851] INFO  server.Server (Server.java:doStart(375)) - jetty-9.4.49.v20220914; built: 2022-09-14T01:07:36.601Z; git: 4231a3b2e4cb8548a412a789936d640a97b1aa0a; jvm 1.8.0_362-b09
2023-02-16 16:34:43,671 [Listener at 127.0.0.1/44851] INFO  server.session (DefaultSessionIdManager.java:doStart(334)) - DefaultSessionIdManager workerName=node0
2023-02-16 16:34:43,671 [Listener at 127.0.0.1/44851] INFO  server.session (DefaultSessionIdManager.java:doStart(339)) - No SessionScavenger set, using defaults
2023-02-16 16:34:43,671 [Listener at 127.0.0.1/44851] INFO  server.session (HouseKeeper.java:startScavenging(132)) - node0 Scavenging every 600000ms
2023-02-16 16:34:43,672 [Listener at 127.0.0.1/44851] INFO  handler.ContextHandler (ContextHandler.java:doStart(921)) - Started o.e.j.s.ServletContextHandler@e6d9ad4{logs,/logs,file:///home/runner/work/ozone/ozone/hadoop-ozone/integration-test/target/log,AVAILABLE}
2023-02-16 16:34:43,672 [Listener at 127.0.0.1/44851] INFO  handler.ContextHandler (ContextHandler.java:doStart(921)) - Started o.e.j.s.ServletContextHandler@4a0f1a42{static,/static,jar:file:/home/runner/.m2/repository/org/apache/ozone/hdds-container-service/1.4.0-SNAPSHOT/hdds-container-service-1.4.0-SNAPSHOT.jar!/webapps/static,AVAILABLE}
2023-02-16 16:34:43,878 [Listener at 127.0.0.1/44851] INFO  handler.ContextHandler (ContextHandler.java:doStart(921)) - Started o.e.j.w.WebAppContext@6a827812{hddsDatanode,/,file:///tmp/jetty-0_0_0_0-44071-hdds-container-service-1_4_0-SNAPSHOT_jar-_-any-7000360928194615620/webapp/,AVAILABLE}{jar:file:/home/runner/.m2/repository/org/apache/ozone/hdds-container-service/1.4.0-SNAPSHOT/hdds-container-service-1.4.0-SNAPSHOT.jar!/webapps/hddsDatanode}
2023-02-16 16:34:43,880 [Listener at 127.0.0.1/44851] INFO  server.AbstractConnector (AbstractConnector.java:doStart(333)) - Started ServerConnector@3abbfac7{HTTP/1.1, (http/1.1)}{0.0.0.0:44071}
2023-02-16 16:34:43,880 [Listener at 127.0.0.1/44851] INFO  server.Server (Server.java:doStart(415)) - Started @117482ms
2023-02-16 16:34:43,880 [Listener at 127.0.0.1/44851] WARN  impl.MetricsSystemImpl (MetricsSystemImpl.java:register(279)) - Sink prometheus already exists!
2023-02-16 16:34:43,881 [Listener at 127.0.0.1/44851] INFO  http.BaseHttpServer (BaseHttpServer.java:updateConnectorAddress(333)) - HTTP server of hddsDatanode listening at http://0.0.0.0:44071
2023-02-16 16:34:43,881 [Datanode State Machine Daemon Thread] INFO  statemachine.DatanodeStateMachine (DatanodeStateMachine.java:lambda$startDaemon$0(516)) - Ozone container server started.
2023-02-16 16:34:43,881 [Listener at 127.0.0.1/44851] WARN  impl.MetricRegistriesImpl (MetricRegistriesImpl.java:addReporterRegistration(111)) - New reporters are added after registries were created. Some metrics will be missing from the reporter. Please add reporter before adding any new registry.
2023-02-16 16:34:43,882 [Listener at 127.0.0.1/44851] WARN  impl.MetricRegistriesImpl (MetricRegistriesImpl.java:addReporterRegistration(111)) - New reporters are added after registries were created. Some metrics will be missing from the reporter. Please add reporter before adding any new registry.
2023-02-16 16:34:43,882 [Listener at 127.0.0.1/44851] INFO  impl.MetricsSystemImpl (MetricsSystemImpl.java:init(158)) - HddsDatanode metrics system started (again)
2023-02-16 16:34:43,893 [Listener at 127.0.0.1/44851] INFO  ozone.HddsDatanodeService (HddsDatanodeService.java:start(228)) - HddsDatanodeService host:fv-az167-289.21ktoceh2wee5fewwtpg1zd01g.bx.internal.cloudapp.net ip:10.1.0.66
2023-02-16 16:34:43,894 [org.apache.hadoop.util.JvmPauseMonitor$Monitor@55798538] INFO  util.JvmPauseMonitor (JvmPauseMonitor.java:run(188)) - Starting JVM pause monitor
2023-02-16 16:34:43,907 [Datanode State Machine Task Thread - 0] INFO  datanode.InitDatanodeState (InitDatanodeState.java:persistContainerDatanodeDetails(138)) - DatanodeDetails is persisted to /home/runner/work/ozone/ozone/hadoop-ozone/integration-test/target/test-dir/MiniOzoneClusterImpl-d88fc665-df07-433e-a21c-a919abf7322c/datanode-3/meta/datanode.id
2023-02-16 16:34:43,918 [Listener at 127.0.0.1/44851] INFO  upgrade.AbstractLayoutVersionManager (AbstractLayoutVersionManager.java:init(83)) - Initializing Layout version manager with metadata layout = DATANODE_SCHEMA_V3 (version = 4), software layout = DATANODE_SCHEMA_V3 (version = 4)
2023-02-16 16:34:44,039 [Listener at 127.0.0.1/44851] INFO  reflections.Reflections (Reflections.java:scan(232)) - Reflections took 120 ms to scan 7 urls, producing 150 keys and 362 values 
2023-02-16 16:34:44,041 [Listener at 127.0.0.1/44851] INFO  statemachine.DatanodeStateMachine (DatanodeStateMachine.java:getEndPointTaskThreadPoolSize(260)) - Datanode State Machine Task Thread Pool size 2
2023-02-16 16:34:44,044 [Listener at 127.0.0.1/44851] INFO  volume.HddsVolume (HddsVolume.java:<init>(122)) - Creating HddsVolume: /home/runner/work/ozone/ozone/hadoop-ozone/integration-test/target/test-dir/MiniOzoneClusterImpl-d88fc665-df07-433e-a21c-a919abf7322c/datanode-4/data-0/containers/hdds of storage type : DISK capacity : 9223372036854775807
2023-02-16 16:34:44,044 [Listener at 127.0.0.1/44851] INFO  volume.MutableVolumeSet (MutableVolumeSet.java:initializeVolumeSet(174)) - Added Volume : /home/runner/work/ozone/ozone/hadoop-ozone/integration-test/target/test-dir/MiniOzoneClusterImpl-d88fc665-df07-433e-a21c-a919abf7322c/datanode-4/data-0/containers/hdds to VolumeSet
2023-02-16 16:34:44,044 [Listener at 127.0.0.1/44851] INFO  volume.ThrottledAsyncChecker (ThrottledAsyncChecker.java:schedule(141)) - Scheduling a check for /home/runner/work/ozone/ozone/hadoop-ozone/integration-test/target/test-dir/MiniOzoneClusterImpl-d88fc665-df07-433e-a21c-a919abf7322c/datanode-4/data-0/containers/hdds
2023-02-16 16:34:44,045 [Listener at 127.0.0.1/44851] INFO  volume.StorageVolumeChecker (StorageVolumeChecker.java:checkAllVolumes(202)) - Scheduled health check for volume /home/runner/work/ozone/ozone/hadoop-ozone/integration-test/target/test-dir/MiniOzoneClusterImpl-d88fc665-df07-433e-a21c-a919abf7322c/datanode-4/data-0/containers/hdds
2023-02-16 16:34:44,061 [Listener at 127.0.0.1/44851] INFO  volume.MutableVolumeSet (MutableVolumeSet.java:initializeVolumeSet(174)) - Added Volume : /home/runner/work/ozone/ozone/hadoop-ozone/integration-test/target/test-dir/MiniOzoneClusterImpl-d88fc665-df07-433e-a21c-a919abf7322c/datanode-4/data/ratis to VolumeSet
2023-02-16 16:34:44,061 [Listener at 127.0.0.1/44851] INFO  volume.ThrottledAsyncChecker (ThrottledAsyncChecker.java:schedule(141)) - Scheduling a check for /home/runner/work/ozone/ozone/hadoop-ozone/integration-test/target/test-dir/MiniOzoneClusterImpl-d88fc665-df07-433e-a21c-a919abf7322c/datanode-4/data/ratis
2023-02-16 16:34:44,062 [Listener at 127.0.0.1/44851] INFO  volume.StorageVolumeChecker (StorageVolumeChecker.java:checkAllVolumes(202)) - Scheduled health check for volume /home/runner/work/ozone/ozone/hadoop-ozone/integration-test/target/test-dir/MiniOzoneClusterImpl-d88fc665-df07-433e-a21c-a919abf7322c/datanode-4/data/ratis
2023-02-16 16:34:44,072 [Thread-1005] INFO  ozoneimpl.ContainerReader (ContainerReader.java:readVolume(175)) - Finish verifying containers on volume /home/runner/work/ozone/ozone/hadoop-ozone/integration-test/target/test-dir/MiniOzoneClusterImpl-d88fc665-df07-433e-a21c-a919abf7322c/datanode-4/data-0/containers/hdds
2023-02-16 16:34:44,072 [Listener at 127.0.0.1/44851] INFO  ozoneimpl.OzoneContainer (OzoneContainer.java:buildContainerSet(304)) - Build ContainerSet costs 0s
2023-02-16 16:34:44,074 [Listener at 127.0.0.1/44851] INFO  server.RaftServer (ConfUtils.java:logGet(46)) - raft.rpc.type = GRPC (default)
2023-02-16 16:34:44,074 [Listener at 127.0.0.1/44851] INFO  grpc.GrpcConfigKeys (ConfUtils.java:logFallback(53)) - raft.grpc.admin.host = null (fallback to raft.grpc.server.host)
2023-02-16 16:34:44,074 [Listener at 127.0.0.1/44851] INFO  grpc.GrpcConfigKeys (ConfUtils.java:logGet(46)) - raft.grpc.admin.port = 0 (custom)
2023-02-16 16:34:44,074 [Listener at 127.0.0.1/44851] INFO  grpc.GrpcConfigKeys (ConfUtils.java:logFallback(53)) - raft.grpc.client.host = null (fallback to raft.grpc.server.host)
2023-02-16 16:34:44,074 [Listener at 127.0.0.1/44851] INFO  grpc.GrpcConfigKeys (ConfUtils.java:logGet(46)) - raft.grpc.client.port = 0 (custom)
2023-02-16 16:34:44,075 [Listener at 127.0.0.1/44851] INFO  grpc.GrpcConfigKeys (ConfUtils.java:logGet(46)) - raft.grpc.server.host = null (default)
2023-02-16 16:34:44,075 [Listener at 127.0.0.1/44851] INFO  grpc.GrpcConfigKeys (ConfUtils.java:logGet(46)) - raft.grpc.server.port = 0 (default)
2023-02-16 16:34:44,075 [Listener at 127.0.0.1/44851] INFO  server.GrpcService (ConfUtils.java:logGet(46)) - raft.grpc.message.size.max = 32MB (=33554432) (custom)
2023-02-16 16:34:44,075 [Listener at 127.0.0.1/44851] INFO  server.RaftServerConfigKeys (ConfUtils.java:logGet(46)) - raft.server.log.appender.buffer.byte-limit = 33554432 (custom)
2023-02-16 16:34:44,075 [Listener at 127.0.0.1/44851] INFO  server.GrpcService (ConfUtils.java:logGet(46)) - raft.grpc.flow.control.window = 5MB (=5242880) (custom)
2023-02-16 16:34:44,075 [Listener at 127.0.0.1/44851] INFO  server.RaftServerConfigKeys (ConfUtils.java:logGet(46)) - raft.server.rpc.request.timeout = 60s (custom)
2023-02-16 16:34:44,075 [Listener at 127.0.0.1/44851] INFO  grpc.GrpcConfigKeys (ConfUtils.java:logGet(46)) - raft.grpc.server.heartbeat.channel = true (default)
2023-02-16 16:34:44,075 [Listener at 127.0.0.1/44851] INFO  grpc.GrpcConfigKeys (ConfUtils.java:logGet(46)) - raft.grpc.server.async.request.thread.pool.cached = true (default)
2023-02-16 16:34:44,075 [Listener at 127.0.0.1/44851] INFO  grpc.GrpcConfigKeys (ConfUtils.java:logGet(46)) - raft.grpc.server.async.request.thread.pool.size = 32 (default)
2023-02-16 16:34:44,076 [Listener at 127.0.0.1/44851] INFO  impl.DataStreamServerImpl (ConfUtils.java:logGet(46)) - raft.datastream.type = NETTY (custom)
2023-02-16 16:34:44,076 [Listener at 127.0.0.1/44851] INFO  server.RaftServerConfigKeys (ConfUtils.java:logGet(46)) - raft.server.data-stream.async.request.thread.pool.cached = false (default)
2023-02-16 16:34:44,076 [Listener at 127.0.0.1/44851] INFO  server.RaftServerConfigKeys (ConfUtils.java:logGet(46)) - raft.server.data-stream.async.request.thread.pool.size = 20 (custom)
2023-02-16 16:34:44,077 [Listener at 127.0.0.1/44851] INFO  server.RaftServerConfigKeys (ConfUtils.java:logGet(46)) - raft.server.data-stream.async.write.thread.pool.size = 16 (default)
2023-02-16 16:34:44,077 [Listener at 127.0.0.1/44851] INFO  server.RaftServerConfigKeys (ConfUtils.java:logGet(46)) - raft.server.data-stream.client.pool.size = 10 (default)
2023-02-16 16:34:44,077 [Listener at 127.0.0.1/44851] INFO  netty.NettyConfigKeys$DataStream (ConfUtils.java:logGet(46)) - raft.netty.dataStream.server.use-epoll = false (default)
2023-02-16 16:34:44,077 [Listener at 127.0.0.1/44851] INFO  netty.NettyConfigKeys$DataStream (ConfUtils.java:logGet(46)) - raft.netty.dataStream.server.boss-group.size = 0 (default)
2023-02-16 16:34:44,077 [Listener at 127.0.0.1/44851] INFO  netty.NettyConfigKeys$DataStream (ConfUtils.java:logGet(46)) - raft.netty.dataStream.server.worker-group.size = 0 (default)
2023-02-16 16:34:44,077 [Listener at 127.0.0.1/44851] INFO  netty.NettyConfigKeys$DataStream (ConfUtils.java:logGet(46)) - raft.netty.dataStream.server.tls.conf = null (default)
2023-02-16 16:34:44,077 [Listener at 127.0.0.1/44851] INFO  netty.NettyConfigKeys$DataStream (ConfUtils.java:logGet(46)) - raft.netty.dataStream.host = null (default)
2023-02-16 16:34:44,078 [Listener at 127.0.0.1/44851] INFO  netty.NettyConfigKeys$DataStream (ConfUtils.java:logGet(46)) - raft.netty.dataStream.port = 0 (default)
2023-02-16 16:34:44,082 [Listener at 127.0.0.1/44851] INFO  server.RaftServerConfigKeys (ConfUtils.java:logGet(46)) - raft.server.threadpool.proxy.cached = true (default)
2023-02-16 16:34:44,082 [Listener at 127.0.0.1/44851] INFO  server.RaftServerConfigKeys (ConfUtils.java:logGet(46)) - raft.server.threadpool.proxy.size = 0 (default)
2023-02-16 16:34:44,082 [Listener at 127.0.0.1/44851] INFO  server.RaftServerConfigKeys (ConfUtils.java:logGet(46)) - raft.server.rpc.slowness.timeout = 300s (custom)
2023-02-16 16:34:44,082 [Listener at 127.0.0.1/44851] INFO  server.RaftServerConfigKeys (ConfUtils.java:logGet(46)) - raft.server.leaderelection.leader.step-down.wait-time = 10s (default)
2023-02-16 16:34:44,083 [Listener at 127.0.0.1/44851] INFO  server.RaftServerConfigKeys (ConfUtils.java:logGet(46)) - raft.server.storage.dir = [/home/runner/work/ozone/ozone/hadoop-ozone/integration-test/target/test-dir/MiniOzoneClusterImpl-d88fc665-df07-433e-a21c-a919abf7322c/datanode-4/data/ratis] (custom)
2023-02-16 16:34:44,083 [f7941fd0-d868-43e3-a82b-129e07895457-NettyServerStreamRpc-bossGroup--thread1] INFO  logging.LoggingHandler (AbstractInternalLogger.java:log(148)) - [id: 0x5b5249ed] REGISTERED
2023-02-16 16:34:44,083 [f7941fd0-d868-43e3-a82b-129e07895457-NettyServerStreamRpc-bossGroup--thread1] INFO  logging.LoggingHandler (AbstractInternalLogger.java:log(148)) - [id: 0x5b5249ed] BIND: 0.0.0.0/0.0.0.0:0
2023-02-16 16:34:44,084 [f7941fd0-d868-43e3-a82b-129e07895457-NettyServerStreamRpc-bossGroup--thread1] INFO  logging.LoggingHandler (AbstractInternalLogger.java:log(148)) - [id: 0x5b5249ed, L:/0:0:0:0:0:0:0:0:34661] ACTIVE
2023-02-16 16:34:44,084 [Listener at 127.0.0.1/44851] INFO  server.XceiverServerGrpc (XceiverServerGrpc.java:<init>(132)) - GrpcServer channel type EpollServerSocketChannel
2023-02-16 16:34:44,087 [Listener at 127.0.0.1/44851] INFO  http.BaseHttpServer (BaseHttpServer.java:newHttpServer2BuilderForOzone(213)) - Starting Web-server for hddsDatanode at: http://0.0.0.0:0
2023-02-16 16:34:44,087 [Listener at 127.0.0.1/44851] INFO  http.BaseHttpServer (BaseHttpServer.java:<init>(108)) - Hadoop Security Enabled: false Ozone Security Enabled: false Ozone HTTP Security Enabled: false 
2023-02-16 16:34:44,090 [Listener at 127.0.0.1/44851] WARN  server.AuthenticationFilter (AuthenticationFilter.java:constructSecretProvider(240)) - Unable to initialize FileSignerSecretProvider, falling back to use random secrets. Reason: Could not read signature secret file: /home/runner/hadoop-http-auth-signature-secret
2023-02-16 16:34:44,090 [Listener at 127.0.0.1/44851] WARN  http.HttpRequestLog (HttpRequestLog.java:getRequestLog(103)) - Jetty request log can only be enabled using Log4j
2023-02-16 16:34:44,091 [Listener at 127.0.0.1/44851] INFO  http.HttpServer2 (HttpServer2.java:addGlobalFilter(1031)) - Added global filter 'safety' (class=org.apache.hadoop.hdds.server.http.HttpServer2$QuotingInputFilter)
2023-02-16 16:34:44,092 [Listener at 127.0.0.1/44851] INFO  http.HttpServer2 (HttpServer2.java:addFilter(1007)) - Added filter static_user_filter (class=org.apache.hadoop.http.lib.StaticUserWebFilter$StaticUserFilter) to context hddsDatanode
2023-02-16 16:34:44,092 [Listener at 127.0.0.1/44851] INFO  http.HttpServer2 (HttpServer2.java:addFilter(1015)) - Added filter static_user_filter (class=org.apache.hadoop.http.lib.StaticUserWebFilter$StaticUserFilter) to context logs
2023-02-16 16:34:44,092 [Listener at 127.0.0.1/44851] INFO  http.HttpServer2 (HttpServer2.java:addFilter(1015)) - Added filter static_user_filter (class=org.apache.hadoop.http.lib.StaticUserWebFilter$StaticUserFilter) to context static
2023-02-16 16:34:44,092 [Listener at 127.0.0.1/44851] INFO  http.HttpServer2 (HttpServer2.java:bindListener(1250)) - Jetty bound to port 46769
2023-02-16 16:34:44,092 [Listener at 127.0.0.1/44851] INFO  server.Server (Server.java:doStart(375)) - jetty-9.4.49.v20220914; built: 2022-09-14T01:07:36.601Z; git: 4231a3b2e4cb8548a412a789936d640a97b1aa0a; jvm 1.8.0_362-b09
2023-02-16 16:34:44,094 [Listener at 127.0.0.1/44851] INFO  server.session (DefaultSessionIdManager.java:doStart(334)) - DefaultSessionIdManager workerName=node0
2023-02-16 16:34:44,094 [Listener at 127.0.0.1/44851] INFO  server.session (DefaultSessionIdManager.java:doStart(339)) - No SessionScavenger set, using defaults
2023-02-16 16:34:44,095 [Listener at 127.0.0.1/44851] INFO  server.session (HouseKeeper.java:startScavenging(132)) - node0 Scavenging every 660000ms
2023-02-16 16:34:44,096 [Listener at 127.0.0.1/44851] INFO  handler.ContextHandler (ContextHandler.java:doStart(921)) - Started o.e.j.s.ServletContextHandler@4a793129{logs,/logs,file:///home/runner/work/ozone/ozone/hadoop-ozone/integration-test/target/log,AVAILABLE}
2023-02-16 16:34:44,096 [Listener at 127.0.0.1/44851] INFO  handler.ContextHandler (ContextHandler.java:doStart(921)) - Started o.e.j.s.ServletContextHandler@2d95b8ad{static,/static,jar:file:/home/runner/.m2/repository/org/apache/ozone/hdds-container-service/1.4.0-SNAPSHOT/hdds-container-service-1.4.0-SNAPSHOT.jar!/webapps/static,AVAILABLE}
2023-02-16 16:34:44,307 [Listener at 127.0.0.1/44851] INFO  handler.ContextHandler (ContextHandler.java:doStart(921)) - Started o.e.j.w.WebAppContext@39d7ee14{hddsDatanode,/,file:///tmp/jetty-0_0_0_0-46769-hdds-container-service-1_4_0-SNAPSHOT_jar-_-any-8516904618622244457/webapp/,AVAILABLE}{jar:file:/home/runner/.m2/repository/org/apache/ozone/hdds-container-service/1.4.0-SNAPSHOT/hdds-container-service-1.4.0-SNAPSHOT.jar!/webapps/hddsDatanode}
2023-02-16 16:34:44,311 [Listener at 127.0.0.1/44851] INFO  server.AbstractConnector (AbstractConnector.java:doStart(333)) - Started ServerConnector@3f6c752b{HTTP/1.1, (http/1.1)}{0.0.0.0:46769}
2023-02-16 16:34:44,311 [Listener at 127.0.0.1/44851] INFO  server.Server (Server.java:doStart(415)) - Started @117913ms
2023-02-16 16:34:44,311 [Listener at 127.0.0.1/44851] WARN  impl.MetricsSystemImpl (MetricsSystemImpl.java:register(279)) - Sink prometheus already exists!
2023-02-16 16:34:44,312 [Listener at 127.0.0.1/44851] INFO  http.BaseHttpServer (BaseHttpServer.java:updateConnectorAddress(333)) - HTTP server of hddsDatanode listening at http://0.0.0.0:46769
2023-02-16 16:34:44,312 [Listener at 127.0.0.1/44851] INFO  ozone.MiniOzoneClusterImpl (MiniOzoneClusterImpl.java:lambda$waitForClusterToBeReady$0(218)) - Waiting for nodes to be ready. Got 0 of 5 DN Heartbeats.
2023-02-16 16:34:44,312 [Listener at 127.0.0.1/44851] INFO  ozone.MiniOzoneClusterImpl (MiniOzoneClusterImpl.java:lambda$waitForClusterToBeReady$0(221)) - Waiting for cluster to exit safe mode
2023-02-16 16:34:44,312 [Listener at 127.0.0.1/44851] INFO  ozone.MiniOzoneClusterImpl (MiniOzoneClusterImpl.java:lambda$waitForClusterToBeReady$0(223)) - SCM became leader
2023-02-16 16:34:44,312 [Datanode State Machine Daemon Thread] INFO  statemachine.DatanodeStateMachine (DatanodeStateMachine.java:lambda$startDaemon$0(516)) - Ozone container server started.
2023-02-16 16:34:44,326 [org.apache.hadoop.util.JvmPauseMonitor$Monitor@74aaf6ae] INFO  util.JvmPauseMonitor (JvmPauseMonitor.java:run(188)) - Starting JVM pause monitor
2023-02-16 16:34:44,327 [Datanode State Machine Task Thread - 0] INFO  datanode.InitDatanodeState (InitDatanodeState.java:persistContainerDatanodeDetails(138)) - DatanodeDetails is persisted to /home/runner/work/ozone/ozone/hadoop-ozone/integration-test/target/test-dir/MiniOzoneClusterImpl-d88fc665-df07-433e-a21c-a919abf7322c/datanode-4/meta/datanode.id
2023-02-16 16:34:44,886 [EndpointStateMachine task thread for /0.0.0.0:39931 - 0 ] INFO  utils.DatanodeStoreCache (DatanodeStoreCache.java:addDB(58)) - Added db /home/runner/work/ozone/ozone/hadoop-ozone/integration-test/target/test-dir/MiniOzoneClusterImpl-d88fc665-df07-433e-a21c-a919abf7322c/datanode-0/data-0/containers/hdds/d88fc665-df07-433e-a21c-a919abf7322c/DS-acf97901-bf8d-4db7-9b3d-243042666cf9/container.db to cache
2023-02-16 16:34:44,886 [EndpointStateMachine task thread for /0.0.0.0:39931 - 0 ] INFO  volume.HddsVolume (HddsVolume.java:createDbStore(331)) - SchemaV3 db is created and loaded at /home/runner/work/ozone/ozone/hadoop-ozone/integration-test/target/test-dir/MiniOzoneClusterImpl-d88fc665-df07-433e-a21c-a919abf7322c/datanode-0/data-0/containers/hdds/d88fc665-df07-433e-a21c-a919abf7322c/DS-acf97901-bf8d-4db7-9b3d-243042666cf9/container.db for volume DS-acf97901-bf8d-4db7-9b3d-243042666cf9
2023-02-16 16:34:44,887 [EndpointStateMachine task thread for /0.0.0.0:39931 - 0 ] INFO  ozoneimpl.OzoneContainer (OzoneContainer.java:start(398)) - Attempting to start container services.
2023-02-16 16:34:44,887 [EndpointStateMachine task thread for /0.0.0.0:39931 - 0 ] INFO  ozoneimpl.OzoneContainer (OzoneContainer.java:startContainerScrub(315)) - Scheduled background container scanners and the on-demand container scanner have been disabled.
2023-02-16 16:34:44,889 [EndpointStateMachine task thread for /0.0.0.0:39931 - 0 ] INFO  replication.ReplicationServer (ReplicationServer.java:start(109)) - ReplicationServer is started using port 35859
2023-02-16 16:34:44,889 [EndpointStateMachine task thread for /0.0.0.0:39931 - 0 ] INFO  ratis.XceiverServerRatis (XceiverServerRatis.java:start(518)) - Starting XceiverServerRatis c617c0dc-5b73-4bee-8a03-3b3ac823c300
2023-02-16 16:34:44,890 [EndpointStateMachine task thread for /0.0.0.0:39931 - 0 ] INFO  server.RaftServer (RaftServerProxy.java:startImpl(393)) - c617c0dc-5b73-4bee-8a03-3b3ac823c300: start RPC server
2023-02-16 16:34:44,893 [EndpointStateMachine task thread for /0.0.0.0:39931 - 0 ] INFO  server.GrpcService (GrpcService.java:startImpl(262)) - c617c0dc-5b73-4bee-8a03-3b3ac823c300: GrpcService started, listening on 39229
2023-02-16 16:34:44,893 [EndpointStateMachine task thread for /0.0.0.0:39931 - 0 ] INFO  ratis.XceiverServerRatis (XceiverServerRatis.java:getRealPort(544)) - XceiverServerRatis c617c0dc-5b73-4bee-8a03-3b3ac823c300 is started using port 39229 for RATIS
2023-02-16 16:34:44,893 [JvmPauseMonitor12] INFO  util.JvmPauseMonitor (JvmPauseMonitor.java:run(105)) - JvmPauseMonitor-c617c0dc-5b73-4bee-8a03-3b3ac823c300: Started
2023-02-16 16:34:44,893 [EndpointStateMachine task thread for /0.0.0.0:39931 - 0 ] INFO  ratis.XceiverServerRatis (XceiverServerRatis.java:getRealPort(544)) - XceiverServerRatis c617c0dc-5b73-4bee-8a03-3b3ac823c300 is started using port 39229 for RATIS_ADMIN
2023-02-16 16:34:44,893 [EndpointStateMachine task thread for /0.0.0.0:39931 - 0 ] INFO  ratis.XceiverServerRatis (XceiverServerRatis.java:getRealPort(544)) - XceiverServerRatis c617c0dc-5b73-4bee-8a03-3b3ac823c300 is started using port 39229 for RATIS_SERVER
2023-02-16 16:34:44,893 [EndpointStateMachine task thread for /0.0.0.0:39931 - 0 ] INFO  ratis.XceiverServerRatis (XceiverServerRatis.java:getRealPort(544)) - XceiverServerRatis c617c0dc-5b73-4bee-8a03-3b3ac823c300 is started using port 45253 for RATIS_DATASTREAM
2023-02-16 16:34:44,895 [EndpointStateMachine task thread for /0.0.0.0:39931 - 0 ] INFO  server.XceiverServerGrpc (XceiverServerGrpc.java:start(180)) - XceiverServerGrpc c617c0dc-5b73-4bee-8a03-3b3ac823c300 is started using port 38023
2023-02-16 16:34:45,233 [EndpointStateMachine task thread for /0.0.0.0:39931 - 0 ] INFO  utils.DatanodeStoreCache (DatanodeStoreCache.java:addDB(58)) - Added db /home/runner/work/ozone/ozone/hadoop-ozone/integration-test/target/test-dir/MiniOzoneClusterImpl-d88fc665-df07-433e-a21c-a919abf7322c/datanode-1/data-0/containers/hdds/d88fc665-df07-433e-a21c-a919abf7322c/DS-7e814046-97ef-4d65-8639-031b9331883b/container.db to cache
2023-02-16 16:34:45,233 [EndpointStateMachine task thread for /0.0.0.0:39931 - 0 ] INFO  volume.HddsVolume (HddsVolume.java:createDbStore(331)) - SchemaV3 db is created and loaded at /home/runner/work/ozone/ozone/hadoop-ozone/integration-test/target/test-dir/MiniOzoneClusterImpl-d88fc665-df07-433e-a21c-a919abf7322c/datanode-1/data-0/containers/hdds/d88fc665-df07-433e-a21c-a919abf7322c/DS-7e814046-97ef-4d65-8639-031b9331883b/container.db for volume DS-7e814046-97ef-4d65-8639-031b9331883b
2023-02-16 16:34:45,233 [EndpointStateMachine task thread for /0.0.0.0:39931 - 0 ] INFO  ozoneimpl.OzoneContainer (OzoneContainer.java:start(398)) - Attempting to start container services.
2023-02-16 16:34:45,233 [EndpointStateMachine task thread for /0.0.0.0:39931 - 0 ] INFO  ozoneimpl.OzoneContainer (OzoneContainer.java:startContainerScrub(315)) - Scheduled background container scanners and the on-demand container scanner have been disabled.
2023-02-16 16:34:45,236 [EndpointStateMachine task thread for /0.0.0.0:39931 - 0 ] INFO  replication.ReplicationServer (ReplicationServer.java:start(109)) - ReplicationServer is started using port 45475
2023-02-16 16:34:45,236 [EndpointStateMachine task thread for /0.0.0.0:39931 - 0 ] INFO  ratis.XceiverServerRatis (XceiverServerRatis.java:start(518)) - Starting XceiverServerRatis 3dc841f7-9461-45fb-be3e-f1a36e39d59a
2023-02-16 16:34:45,237 [EndpointStateMachine task thread for /0.0.0.0:39931 - 0 ] INFO  server.RaftServer (RaftServerProxy.java:startImpl(393)) - 3dc841f7-9461-45fb-be3e-f1a36e39d59a: start RPC server
2023-02-16 16:34:45,239 [EndpointStateMachine task thread for /0.0.0.0:39931 - 0 ] INFO  server.GrpcService (GrpcService.java:startImpl(262)) - 3dc841f7-9461-45fb-be3e-f1a36e39d59a: GrpcService started, listening on 34405
2023-02-16 16:34:45,239 [EndpointStateMachine task thread for /0.0.0.0:39931 - 0 ] INFO  ratis.XceiverServerRatis (XceiverServerRatis.java:getRealPort(544)) - XceiverServerRatis 3dc841f7-9461-45fb-be3e-f1a36e39d59a is started using port 34405 for RATIS
2023-02-16 16:34:45,239 [EndpointStateMachine task thread for /0.0.0.0:39931 - 0 ] INFO  ratis.XceiverServerRatis (XceiverServerRatis.java:getRealPort(544)) - XceiverServerRatis 3dc841f7-9461-45fb-be3e-f1a36e39d59a is started using port 34405 for RATIS_ADMIN
2023-02-16 16:34:45,239 [JvmPauseMonitor13] INFO  util.JvmPauseMonitor (JvmPauseMonitor.java:run(105)) - JvmPauseMonitor-3dc841f7-9461-45fb-be3e-f1a36e39d59a: Started
2023-02-16 16:34:45,239 [EndpointStateMachine task thread for /0.0.0.0:39931 - 0 ] INFO  ratis.XceiverServerRatis (XceiverServerRatis.java:getRealPort(544)) - XceiverServerRatis 3dc841f7-9461-45fb-be3e-f1a36e39d59a is started using port 34405 for RATIS_SERVER
2023-02-16 16:34:45,239 [EndpointStateMachine task thread for /0.0.0.0:39931 - 0 ] INFO  ratis.XceiverServerRatis (XceiverServerRatis.java:getRealPort(544)) - XceiverServerRatis 3dc841f7-9461-45fb-be3e-f1a36e39d59a is started using port 39763 for RATIS_DATASTREAM
2023-02-16 16:34:45,241 [EndpointStateMachine task thread for /0.0.0.0:39931 - 0 ] INFO  server.XceiverServerGrpc (XceiverServerGrpc.java:start(180)) - XceiverServerGrpc 3dc841f7-9461-45fb-be3e-f1a36e39d59a is started using port 44195
2023-02-16 16:34:45,312 [Listener at 127.0.0.1/44851] INFO  ozone.MiniOzoneClusterImpl (MiniOzoneClusterImpl.java:lambda$waitForClusterToBeReady$0(218)) - Waiting for nodes to be ready. Got 0 of 5 DN Heartbeats.
2023-02-16 16:34:45,313 [Listener at 127.0.0.1/44851] INFO  ozone.MiniOzoneClusterImpl (MiniOzoneClusterImpl.java:lambda$waitForClusterToBeReady$0(221)) - Waiting for cluster to exit safe mode
2023-02-16 16:34:45,313 [Listener at 127.0.0.1/44851] INFO  ozone.MiniOzoneClusterImpl (MiniOzoneClusterImpl.java:lambda$waitForClusterToBeReady$0(223)) - SCM became leader
2023-02-16 16:34:45,566 [EndpointStateMachine task thread for /0.0.0.0:39931 - 0 ] INFO  utils.DatanodeStoreCache (DatanodeStoreCache.java:addDB(58)) - Added db /home/runner/work/ozone/ozone/hadoop-ozone/integration-test/target/test-dir/MiniOzoneClusterImpl-d88fc665-df07-433e-a21c-a919abf7322c/datanode-2/data-0/containers/hdds/d88fc665-df07-433e-a21c-a919abf7322c/DS-b3b04e9a-0f80-41ce-a9bc-18e32e803e7e/container.db to cache
2023-02-16 16:34:45,566 [EndpointStateMachine task thread for /0.0.0.0:39931 - 0 ] INFO  volume.HddsVolume (HddsVolume.java:createDbStore(331)) - SchemaV3 db is created and loaded at /home/runner/work/ozone/ozone/hadoop-ozone/integration-test/target/test-dir/MiniOzoneClusterImpl-d88fc665-df07-433e-a21c-a919abf7322c/datanode-2/data-0/containers/hdds/d88fc665-df07-433e-a21c-a919abf7322c/DS-b3b04e9a-0f80-41ce-a9bc-18e32e803e7e/container.db for volume DS-b3b04e9a-0f80-41ce-a9bc-18e32e803e7e
2023-02-16 16:34:45,566 [EndpointStateMachine task thread for /0.0.0.0:39931 - 0 ] INFO  ozoneimpl.OzoneContainer (OzoneContainer.java:start(398)) - Attempting to start container services.
2023-02-16 16:34:45,566 [EndpointStateMachine task thread for /0.0.0.0:39931 - 0 ] INFO  ozoneimpl.OzoneContainer (OzoneContainer.java:startContainerScrub(315)) - Scheduled background container scanners and the on-demand container scanner have been disabled.
2023-02-16 16:34:45,568 [EndpointStateMachine task thread for /0.0.0.0:39931 - 0 ] INFO  replication.ReplicationServer (ReplicationServer.java:start(109)) - ReplicationServer is started using port 46377
2023-02-16 16:34:45,569 [EndpointStateMachine task thread for /0.0.0.0:39931 - 0 ] INFO  ratis.XceiverServerRatis (XceiverServerRatis.java:start(518)) - Starting XceiverServerRatis 54ea6ac5-9e66-44bc-9134-574226f2896d
2023-02-16 16:34:45,569 [EndpointStateMachine task thread for /0.0.0.0:39931 - 0 ] INFO  server.RaftServer (RaftServerProxy.java:startImpl(393)) - 54ea6ac5-9e66-44bc-9134-574226f2896d: start RPC server
2023-02-16 16:34:45,573 [EndpointStateMachine task thread for /0.0.0.0:39931 - 0 ] INFO  server.GrpcService (GrpcService.java:startImpl(262)) - 54ea6ac5-9e66-44bc-9134-574226f2896d: GrpcService started, listening on 39543
2023-02-16 16:34:45,573 [EndpointStateMachine task thread for /0.0.0.0:39931 - 0 ] INFO  ratis.XceiverServerRatis (XceiverServerRatis.java:getRealPort(544)) - XceiverServerRatis 54ea6ac5-9e66-44bc-9134-574226f2896d is started using port 39543 for RATIS
2023-02-16 16:34:45,573 [EndpointStateMachine task thread for /0.0.0.0:39931 - 0 ] INFO  ratis.XceiverServerRatis (XceiverServerRatis.java:getRealPort(544)) - XceiverServerRatis 54ea6ac5-9e66-44bc-9134-574226f2896d is started using port 39543 for RATIS_ADMIN
2023-02-16 16:34:45,573 [JvmPauseMonitor14] INFO  util.JvmPauseMonitor (JvmPauseMonitor.java:run(105)) - JvmPauseMonitor-54ea6ac5-9e66-44bc-9134-574226f2896d: Started
2023-02-16 16:34:45,573 [EndpointStateMachine task thread for /0.0.0.0:39931 - 0 ] INFO  ratis.XceiverServerRatis (XceiverServerRatis.java:getRealPort(544)) - XceiverServerRatis 54ea6ac5-9e66-44bc-9134-574226f2896d is started using port 39543 for RATIS_SERVER
2023-02-16 16:34:45,573 [EndpointStateMachine task thread for /0.0.0.0:39931 - 0 ] INFO  ratis.XceiverServerRatis (XceiverServerRatis.java:getRealPort(544)) - XceiverServerRatis 54ea6ac5-9e66-44bc-9134-574226f2896d is started using port 46125 for RATIS_DATASTREAM
2023-02-16 16:34:45,576 [EndpointStateMachine task thread for /0.0.0.0:39931 - 0 ] INFO  server.XceiverServerGrpc (XceiverServerGrpc.java:start(180)) - XceiverServerGrpc 54ea6ac5-9e66-44bc-9134-574226f2896d is started using port 36697
2023-02-16 16:34:45,918 [EndpointStateMachine task thread for /0.0.0.0:39931 - 0 ] INFO  utils.DatanodeStoreCache (DatanodeStoreCache.java:addDB(58)) - Added db /home/runner/work/ozone/ozone/hadoop-ozone/integration-test/target/test-dir/MiniOzoneClusterImpl-d88fc665-df07-433e-a21c-a919abf7322c/datanode-3/data-0/containers/hdds/d88fc665-df07-433e-a21c-a919abf7322c/DS-b0d1c634-f402-4a60-986e-81749a18f9a3/container.db to cache
2023-02-16 16:34:45,918 [EndpointStateMachine task thread for /0.0.0.0:39931 - 0 ] INFO  volume.HddsVolume (HddsVolume.java:createDbStore(331)) - SchemaV3 db is created and loaded at /home/runner/work/ozone/ozone/hadoop-ozone/integration-test/target/test-dir/MiniOzoneClusterImpl-d88fc665-df07-433e-a21c-a919abf7322c/datanode-3/data-0/containers/hdds/d88fc665-df07-433e-a21c-a919abf7322c/DS-b0d1c634-f402-4a60-986e-81749a18f9a3/container.db for volume DS-b0d1c634-f402-4a60-986e-81749a18f9a3
2023-02-16 16:34:45,918 [EndpointStateMachine task thread for /0.0.0.0:39931 - 0 ] INFO  ozoneimpl.OzoneContainer (OzoneContainer.java:start(398)) - Attempting to start container services.
2023-02-16 16:34:45,918 [EndpointStateMachine task thread for /0.0.0.0:39931 - 0 ] INFO  ozoneimpl.OzoneContainer (OzoneContainer.java:startContainerScrub(315)) - Scheduled background container scanners and the on-demand container scanner have been disabled.
2023-02-16 16:34:45,920 [EndpointStateMachine task thread for /0.0.0.0:39931 - 0 ] INFO  replication.ReplicationServer (ReplicationServer.java:start(109)) - ReplicationServer is started using port 42133
2023-02-16 16:34:45,921 [EndpointStateMachine task thread for /0.0.0.0:39931 - 0 ] INFO  ratis.XceiverServerRatis (XceiverServerRatis.java:start(518)) - Starting XceiverServerRatis 388d0101-376a-4ddf-936e-ac8688256993
2023-02-16 16:34:45,921 [EndpointStateMachine task thread for /0.0.0.0:39931 - 0 ] INFO  server.RaftServer (RaftServerProxy.java:startImpl(393)) - 388d0101-376a-4ddf-936e-ac8688256993: start RPC server
2023-02-16 16:34:45,923 [EndpointStateMachine task thread for /0.0.0.0:39931 - 0 ] INFO  server.GrpcService (GrpcService.java:startImpl(262)) - 388d0101-376a-4ddf-936e-ac8688256993: GrpcService started, listening on 44897
2023-02-16 16:34:45,923 [EndpointStateMachine task thread for /0.0.0.0:39931 - 0 ] INFO  ratis.XceiverServerRatis (XceiverServerRatis.java:getRealPort(544)) - XceiverServerRatis 388d0101-376a-4ddf-936e-ac8688256993 is started using port 44897 for RATIS
2023-02-16 16:34:45,923 [EndpointStateMachine task thread for /0.0.0.0:39931 - 0 ] INFO  ratis.XceiverServerRatis (XceiverServerRatis.java:getRealPort(544)) - XceiverServerRatis 388d0101-376a-4ddf-936e-ac8688256993 is started using port 44897 for RATIS_ADMIN
2023-02-16 16:34:45,923 [JvmPauseMonitor15] INFO  util.JvmPauseMonitor (JvmPauseMonitor.java:run(105)) - JvmPauseMonitor-388d0101-376a-4ddf-936e-ac8688256993: Started
2023-02-16 16:34:45,923 [EndpointStateMachine task thread for /0.0.0.0:39931 - 0 ] INFO  ratis.XceiverServerRatis (XceiverServerRatis.java:getRealPort(544)) - XceiverServerRatis 388d0101-376a-4ddf-936e-ac8688256993 is started using port 44897 for RATIS_SERVER
2023-02-16 16:34:45,923 [EndpointStateMachine task thread for /0.0.0.0:39931 - 0 ] INFO  ratis.XceiverServerRatis (XceiverServerRatis.java:getRealPort(544)) - XceiverServerRatis 388d0101-376a-4ddf-936e-ac8688256993 is started using port 40527 for RATIS_DATASTREAM
2023-02-16 16:34:45,925 [EndpointStateMachine task thread for /0.0.0.0:39931 - 0 ] INFO  server.XceiverServerGrpc (XceiverServerGrpc.java:start(180)) - XceiverServerGrpc 388d0101-376a-4ddf-936e-ac8688256993 is started using port 38167
2023-02-16 16:34:46,313 [Listener at 127.0.0.1/44851] INFO  ozone.MiniOzoneClusterImpl (MiniOzoneClusterImpl.java:lambda$waitForClusterToBeReady$0(218)) - Waiting for nodes to be ready. Got 0 of 5 DN Heartbeats.
2023-02-16 16:34:46,313 [Listener at 127.0.0.1/44851] INFO  ozone.MiniOzoneClusterImpl (MiniOzoneClusterImpl.java:lambda$waitForClusterToBeReady$0(221)) - Waiting for cluster to exit safe mode
2023-02-16 16:34:46,313 [Listener at 127.0.0.1/44851] INFO  ozone.MiniOzoneClusterImpl (MiniOzoneClusterImpl.java:lambda$waitForClusterToBeReady$0(223)) - SCM became leader
2023-02-16 16:34:46,348 [EndpointStateMachine task thread for /0.0.0.0:39931 - 0 ] INFO  utils.DatanodeStoreCache (DatanodeStoreCache.java:addDB(58)) - Added db /home/runner/work/ozone/ozone/hadoop-ozone/integration-test/target/test-dir/MiniOzoneClusterImpl-d88fc665-df07-433e-a21c-a919abf7322c/datanode-4/data-0/containers/hdds/d88fc665-df07-433e-a21c-a919abf7322c/DS-9e2b53e5-71ad-43e2-820d-c045f206d26c/container.db to cache
2023-02-16 16:34:46,348 [EndpointStateMachine task thread for /0.0.0.0:39931 - 0 ] INFO  volume.HddsVolume (HddsVolume.java:createDbStore(331)) - SchemaV3 db is created and loaded at /home/runner/work/ozone/ozone/hadoop-ozone/integration-test/target/test-dir/MiniOzoneClusterImpl-d88fc665-df07-433e-a21c-a919abf7322c/datanode-4/data-0/containers/hdds/d88fc665-df07-433e-a21c-a919abf7322c/DS-9e2b53e5-71ad-43e2-820d-c045f206d26c/container.db for volume DS-9e2b53e5-71ad-43e2-820d-c045f206d26c
2023-02-16 16:34:46,348 [EndpointStateMachine task thread for /0.0.0.0:39931 - 0 ] INFO  ozoneimpl.OzoneContainer (OzoneContainer.java:start(398)) - Attempting to start container services.
2023-02-16 16:34:46,348 [EndpointStateMachine task thread for /0.0.0.0:39931 - 0 ] INFO  ozoneimpl.OzoneContainer (OzoneContainer.java:startContainerScrub(315)) - Scheduled background container scanners and the on-demand container scanner have been disabled.
2023-02-16 16:34:46,351 [EndpointStateMachine task thread for /0.0.0.0:39931 - 0 ] INFO  replication.ReplicationServer (ReplicationServer.java:start(109)) - ReplicationServer is started using port 37769
2023-02-16 16:34:46,352 [EndpointStateMachine task thread for /0.0.0.0:39931 - 0 ] INFO  ratis.XceiverServerRatis (XceiverServerRatis.java:start(518)) - Starting XceiverServerRatis f7941fd0-d868-43e3-a82b-129e07895457
2023-02-16 16:34:46,352 [EndpointStateMachine task thread for /0.0.0.0:39931 - 0 ] INFO  server.RaftServer (RaftServerProxy.java:startImpl(393)) - f7941fd0-d868-43e3-a82b-129e07895457: start RPC server
2023-02-16 16:34:46,360 [EndpointStateMachine task thread for /0.0.0.0:39931 - 0 ] INFO  server.GrpcService (GrpcService.java:startImpl(262)) - f7941fd0-d868-43e3-a82b-129e07895457: GrpcService started, listening on 35191
2023-02-16 16:34:46,360 [EndpointStateMachine task thread for /0.0.0.0:39931 - 0 ] INFO  ratis.XceiverServerRatis (XceiverServerRatis.java:getRealPort(544)) - XceiverServerRatis f7941fd0-d868-43e3-a82b-129e07895457 is started using port 35191 for RATIS
2023-02-16 16:34:46,360 [EndpointStateMachine task thread for /0.0.0.0:39931 - 0 ] INFO  ratis.XceiverServerRatis (XceiverServerRatis.java:getRealPort(544)) - XceiverServerRatis f7941fd0-d868-43e3-a82b-129e07895457 is started using port 35191 for RATIS_ADMIN
2023-02-16 16:34:46,360 [JvmPauseMonitor16] INFO  util.JvmPauseMonitor (JvmPauseMonitor.java:run(105)) - JvmPauseMonitor-f7941fd0-d868-43e3-a82b-129e07895457: Started
2023-02-16 16:34:46,360 [EndpointStateMachine task thread for /0.0.0.0:39931 - 0 ] INFO  ratis.XceiverServerRatis (XceiverServerRatis.java:getRealPort(544)) - XceiverServerRatis f7941fd0-d868-43e3-a82b-129e07895457 is started using port 35191 for RATIS_SERVER
2023-02-16 16:34:46,360 [EndpointStateMachine task thread for /0.0.0.0:39931 - 0 ] INFO  ratis.XceiverServerRatis (XceiverServerRatis.java:getRealPort(544)) - XceiverServerRatis f7941fd0-d868-43e3-a82b-129e07895457 is started using port 34661 for RATIS_DATASTREAM
2023-02-16 16:34:46,363 [EndpointStateMachine task thread for /0.0.0.0:39931 - 0 ] INFO  server.XceiverServerGrpc (XceiverServerGrpc.java:start(180)) - XceiverServerGrpc f7941fd0-d868-43e3-a82b-129e07895457 is started using port 36163
2023-02-16 16:34:46,861 [IPC Server handler 0 on default port 39931] INFO  net.NetworkTopologyImpl (NetworkTopologyImpl.java:add(112)) - Added a new node: /default-rack/c617c0dc-5b73-4bee-8a03-3b3ac823c300
2023-02-16 16:34:46,861 [IPC Server handler 0 on default port 39931] INFO  node.SCMNodeManager (SCMNodeManager.java:register(397)) - Registered Data node : c617c0dc-5b73-4bee-8a03-3b3ac823c300{ip: 10.1.0.66, host: fv-az167-289.21ktoceh2wee5fewwtpg1zd01g.bx.internal.cloudapp.net, ports: [REPLICATION=35859, RATIS=39229, RATIS_ADMIN=39229, RATIS_SERVER=39229, RATIS_DATASTREAM=45253, STANDALONE=38023], networkLocation: /default-rack, certSerialId: null, persistedOpState: null, persistedOpStateExpiryEpochSec: 0}
2023-02-16 16:34:46,863 [EventQueue-NodeRegistrationContainerReportForDataNodeSafeModeRule] INFO  safemode.SCMSafeModeManager (DataNodeSafeModeRule.java:process(71)) - SCM in safe mode. 1 DataNodes registered, 3 required.
2023-02-16 16:34:46,863 [EventQueue-NodeRegistrationContainerReportForContainerSafeModeRule] INFO  safemode.SCMSafeModeManager (SCMSafeModeManager.java:validateSafeModeExitRules(200)) - ContainerSafeModeRule rule is successfully validated
2023-02-16 16:34:46,864 [EventQueue-PipelineReportForOneReplicaPipelineSafeModeRule] INFO  safemode.SCMSafeModeManager (SCMSafeModeManager.java:validateSafeModeExitRules(200)) - AtleastOneDatanodeReportedRule rule is successfully validated
2023-02-16 16:34:46,865 [EventQueue-NewNodeForNewNodeHandler] INFO  pipeline.BackgroundPipelineCreator (BackgroundPipelineCreator.java:notifyEventTriggered(276)) - trigger a one-shot run on RatisPipelineUtilsThread.
2023-02-16 16:34:46,865 [RatisPipelineUtilsThread - 0] INFO  pipeline.RatisPipelineProvider (RatisPipelineProvider.java:lambda$create$0(206)) - Sending CreatePipelineCommand for pipeline:PipelineID=2cf19d3b-df22-4dc5-9164-80221c0f5b2c to datanode:c617c0dc-5b73-4bee-8a03-3b3ac823c300
2023-02-16 16:34:46,865 [RatisPipelineUtilsThread - 0] INFO  pipeline.PipelineStateManagerImpl (PipelineStateManagerImpl.java:addPipeline(103)) - Created pipeline Pipeline[ Id: 2cf19d3b-df22-4dc5-9164-80221c0f5b2c, Nodes: c617c0dc-5b73-4bee-8a03-3b3ac823c300(fv-az167-289.21ktoceh2wee5fewwtpg1zd01g.bx.internal.cloudapp.net/10.1.0.66), ReplicationConfig: RATIS/ONE, State:ALLOCATED, leaderId:, CreationTimestamp2023-02-16T16:34:46.865Z[Etc/UTC]].
2023-02-16 16:34:47,199 [IPC Server handler 2 on default port 39931] INFO  net.NetworkTopologyImpl (NetworkTopologyImpl.java:add(112)) - Added a new node: /default-rack/3dc841f7-9461-45fb-be3e-f1a36e39d59a
2023-02-16 16:34:47,199 [IPC Server handler 2 on default port 39931] INFO  node.SCMNodeManager (SCMNodeManager.java:register(397)) - Registered Data node : 3dc841f7-9461-45fb-be3e-f1a36e39d59a{ip: 10.1.0.66, host: fv-az167-289.21ktoceh2wee5fewwtpg1zd01g.bx.internal.cloudapp.net, ports: [REPLICATION=45475, RATIS=34405, RATIS_ADMIN=34405, RATIS_SERVER=34405, RATIS_DATASTREAM=39763, STANDALONE=44195], networkLocation: /default-rack, certSerialId: null, persistedOpState: null, persistedOpStateExpiryEpochSec: 0}
2023-02-16 16:34:47,200 [EventQueue-NodeRegistrationContainerReportForDataNodeSafeModeRule] INFO  safemode.SCMSafeModeManager (DataNodeSafeModeRule.java:process(71)) - SCM in safe mode. 2 DataNodes registered, 3 required.
2023-02-16 16:34:47,201 [EventQueue-NewNodeForNewNodeHandler] INFO  pipeline.BackgroundPipelineCreator (BackgroundPipelineCreator.java:notifyEventTriggered(276)) - trigger a one-shot run on RatisPipelineUtilsThread.
2023-02-16 16:34:47,201 [RatisPipelineUtilsThread - 0] INFO  pipeline.RatisPipelineProvider (RatisPipelineProvider.java:lambda$create$0(206)) - Sending CreatePipelineCommand for pipeline:PipelineID=37b46ab8-7f7c-42e5-9e46-46955fa715e0 to datanode:3dc841f7-9461-45fb-be3e-f1a36e39d59a
2023-02-16 16:34:47,201 [RatisPipelineUtilsThread - 0] INFO  pipeline.PipelineStateManagerImpl (PipelineStateManagerImpl.java:addPipeline(103)) - Created pipeline Pipeline[ Id: 37b46ab8-7f7c-42e5-9e46-46955fa715e0, Nodes: 3dc841f7-9461-45fb-be3e-f1a36e39d59a(fv-az167-289.21ktoceh2wee5fewwtpg1zd01g.bx.internal.cloudapp.net/10.1.0.66), ReplicationConfig: RATIS/ONE, State:ALLOCATED, leaderId:, CreationTimestamp2023-02-16T16:34:47.201Z[Etc/UTC]].
2023-02-16 16:34:47,313 [Listener at 127.0.0.1/44851] INFO  ozone.MiniOzoneClusterImpl (MiniOzoneClusterImpl.java:lambda$waitForClusterToBeReady$0(218)) - Waiting for nodes to be ready. Got 2 of 5 DN Heartbeats.
2023-02-16 16:34:47,313 [Listener at 127.0.0.1/44851] INFO  ozone.MiniOzoneClusterImpl (MiniOzoneClusterImpl.java:lambda$waitForClusterToBeReady$0(221)) - Waiting for cluster to exit safe mode
2023-02-16 16:34:47,314 [Listener at 127.0.0.1/44851] INFO  ozone.MiniOzoneClusterImpl (MiniOzoneClusterImpl.java:lambda$waitForClusterToBeReady$0(223)) - SCM became leader
2023-02-16 16:34:47,541 [IPC Server handler 3 on default port 39931] INFO  net.NetworkTopologyImpl (NetworkTopologyImpl.java:add(112)) - Added a new node: /default-rack/54ea6ac5-9e66-44bc-9134-574226f2896d
2023-02-16 16:34:47,541 [IPC Server handler 3 on default port 39931] INFO  node.SCMNodeManager (SCMNodeManager.java:register(397)) - Registered Data node : 54ea6ac5-9e66-44bc-9134-574226f2896d{ip: 10.1.0.66, host: fv-az167-289.21ktoceh2wee5fewwtpg1zd01g.bx.internal.cloudapp.net, ports: [REPLICATION=46377, RATIS=39543, RATIS_ADMIN=39543, RATIS_SERVER=39543, RATIS_DATASTREAM=46125, STANDALONE=36697], networkLocation: /default-rack, certSerialId: null, persistedOpState: null, persistedOpStateExpiryEpochSec: 0}
2023-02-16 16:34:47,542 [EventQueue-NewNodeForNewNodeHandler] INFO  pipeline.BackgroundPipelineCreator (BackgroundPipelineCreator.java:notifyEventTriggered(276)) - trigger a one-shot run on RatisPipelineUtilsThread.
2023-02-16 16:34:47,543 [RatisPipelineUtilsThread - 0] INFO  pipeline.RatisPipelineProvider (RatisPipelineProvider.java:lambda$create$0(206)) - Sending CreatePipelineCommand for pipeline:PipelineID=3f91ef0f-db90-468a-a2d5-78116290e2f2 to datanode:54ea6ac5-9e66-44bc-9134-574226f2896d
2023-02-16 16:34:47,543 [EventQueue-NodeRegistrationContainerReportForDataNodeSafeModeRule] INFO  safemode.SCMSafeModeManager (DataNodeSafeModeRule.java:process(71)) - SCM in safe mode. 3 DataNodes registered, 3 required.
2023-02-16 16:34:47,543 [EventQueue-NodeRegistrationContainerReportForDataNodeSafeModeRule] INFO  safemode.SCMSafeModeManager (SCMSafeModeManager.java:validateSafeModeExitRules(200)) - DataNodeSafeModeRule rule is successfully validated
2023-02-16 16:34:47,543 [EventQueue-NodeRegistrationContainerReportForDataNodeSafeModeRule] INFO  safemode.SCMSafeModeManager (SCMSafeModeManager.java:completePreCheck(229)) - All SCM safe mode pre check rules have passed
2023-02-16 16:34:47,543 [EventQueue-NodeRegistrationContainerReportForDataNodeSafeModeRule] INFO  ha.SCMContext (SCMContext.java:updateSafeModeStatus(228)) - Update SafeModeStatus from SafeModeStatus{safeModeStatus=true, preCheckPassed=false} to SafeModeStatus{safeModeStatus=true, preCheckPassed=true}.
2023-02-16 16:34:47,543 [EventQueue-NodeRegistrationContainerReportForDataNodeSafeModeRule] INFO  pipeline.BackgroundPipelineCreator (BackgroundPipelineCreator.java:notifyEventTriggered(276)) - trigger a one-shot run on RatisPipelineUtilsThread.
2023-02-16 16:34:47,543 [RatisPipelineUtilsThread - 0] INFO  pipeline.PipelineStateManagerImpl (PipelineStateManagerImpl.java:addPipeline(103)) - Created pipeline Pipeline[ Id: 3f91ef0f-db90-468a-a2d5-78116290e2f2, Nodes: 54ea6ac5-9e66-44bc-9134-574226f2896d(fv-az167-289.21ktoceh2wee5fewwtpg1zd01g.bx.internal.cloudapp.net/10.1.0.66), ReplicationConfig: RATIS/ONE, State:ALLOCATED, leaderId:, CreationTimestamp2023-02-16T16:34:47.543Z[Etc/UTC]].
2023-02-16 16:34:47,543 [RatisPipelineUtilsThread - 0] INFO  pipeline.RatisPipelineProvider (RatisPipelineProvider.java:lambda$create$0(206)) - Sending CreatePipelineCommand for pipeline:PipelineID=bf3f6b71-65a2-4113-a90c-846fb80539c3 to datanode:3dc841f7-9461-45fb-be3e-f1a36e39d59a
2023-02-16 16:34:47,543 [RatisPipelineUtilsThread - 0] INFO  pipeline.RatisPipelineProvider (RatisPipelineProvider.java:lambda$create$0(206)) - Sending CreatePipelineCommand for pipeline:PipelineID=bf3f6b71-65a2-4113-a90c-846fb80539c3 to datanode:c617c0dc-5b73-4bee-8a03-3b3ac823c300
2023-02-16 16:34:47,543 [RatisPipelineUtilsThread - 0] INFO  pipeline.RatisPipelineProvider (RatisPipelineProvider.java:lambda$create$0(206)) - Sending CreatePipelineCommand for pipeline:PipelineID=bf3f6b71-65a2-4113-a90c-846fb80539c3 to datanode:54ea6ac5-9e66-44bc-9134-574226f2896d
2023-02-16 16:34:47,544 [RatisPipelineUtilsThread - 0] INFO  pipeline.PipelineStateManagerImpl (PipelineStateManagerImpl.java:addPipeline(103)) - Created pipeline Pipeline[ Id: bf3f6b71-65a2-4113-a90c-846fb80539c3, Nodes: 3dc841f7-9461-45fb-be3e-f1a36e39d59a(fv-az167-289.21ktoceh2wee5fewwtpg1zd01g.bx.internal.cloudapp.net/10.1.0.66)c617c0dc-5b73-4bee-8a03-3b3ac823c300(fv-az167-289.21ktoceh2wee5fewwtpg1zd01g.bx.internal.cloudapp.net/10.1.0.66)54ea6ac5-9e66-44bc-9134-574226f2896d(fv-az167-289.21ktoceh2wee5fewwtpg1zd01g.bx.internal.cloudapp.net/10.1.0.66), ReplicationConfig: RATIS/THREE, State:ALLOCATED, leaderId:, CreationTimestamp2023-02-16T16:34:47.543Z[Etc/UTC]].
2023-02-16 16:34:47,545 [RatisPipelineUtilsThread - 0] INFO  pipeline.RatisPipelineProvider (RatisPipelineProvider.java:lambda$create$0(206)) - Sending CreatePipelineCommand for pipeline:PipelineID=6a1ee93f-3e9e-4f14-a084-334246b51765 to datanode:54ea6ac5-9e66-44bc-9134-574226f2896d
2023-02-16 16:34:47,545 [RatisPipelineUtilsThread - 0] INFO  pipeline.RatisPipelineProvider (RatisPipelineProvider.java:lambda$create$0(206)) - Sending CreatePipelineCommand for pipeline:PipelineID=6a1ee93f-3e9e-4f14-a084-334246b51765 to datanode:3dc841f7-9461-45fb-be3e-f1a36e39d59a
2023-02-16 16:34:47,545 [RatisPipelineUtilsThread - 0] INFO  pipeline.RatisPipelineProvider (RatisPipelineProvider.java:lambda$create$0(206)) - Sending CreatePipelineCommand for pipeline:PipelineID=6a1ee93f-3e9e-4f14-a084-334246b51765 to datanode:c617c0dc-5b73-4bee-8a03-3b3ac823c300
2023-02-16 16:34:47,545 [RatisPipelineUtilsThread - 0] INFO  pipeline.PipelineStateManagerImpl (PipelineStateManagerImpl.java:addPipeline(103)) - Created pipeline Pipeline[ Id: 6a1ee93f-3e9e-4f14-a084-334246b51765, Nodes: 54ea6ac5-9e66-44bc-9134-574226f2896d(fv-az167-289.21ktoceh2wee5fewwtpg1zd01g.bx.internal.cloudapp.net/10.1.0.66)3dc841f7-9461-45fb-be3e-f1a36e39d59a(fv-az167-289.21ktoceh2wee5fewwtpg1zd01g.bx.internal.cloudapp.net/10.1.0.66)c617c0dc-5b73-4bee-8a03-3b3ac823c300(fv-az167-289.21ktoceh2wee5fewwtpg1zd01g.bx.internal.cloudapp.net/10.1.0.66), ReplicationConfig: RATIS/THREE, State:ALLOCATED, leaderId:, CreationTimestamp2023-02-16T16:34:47.545Z[Etc/UTC]].
2023-02-16 16:34:47,545 [RatisPipelineUtilsThread - 0] INFO  pipeline.PipelineManagerImpl (PipelineManagerImpl.java:recordMetricsForPipeline(826)) - Pipeline: PipelineID=6a1ee93f-3e9e-4f14-a084-334246b51765 contains same datanodes as previous pipelines: PipelineID=bf3f6b71-65a2-4113-a90c-846fb80539c3 nodeIds: 54ea6ac5-9e66-44bc-9134-574226f2896d, 3dc841f7-9461-45fb-be3e-f1a36e39d59a, c617c0dc-5b73-4bee-8a03-3b3ac823c300
2023-02-16 16:34:47,546 [RatisPipelineUtilsThread - 0] WARN  pipeline.PipelinePlacementPolicy (PipelinePlacementPolicy.java:filterViableNodes(158)) - Pipeline creation failed due to no sufficient healthy datanodes. Required 3. Found 0.
2023-02-16 16:34:47,546 [RatisPipelineUtilsThread - 0] WARN  pipeline.PipelinePlacementPolicy (PipelinePlacementPolicy.java:filterViableNodes(158)) - Pipeline creation failed due to no sufficient healthy datanodes. Required 3. Found 0.
2023-02-16 16:34:47,895 [IPC Server handler 2 on default port 39931] INFO  net.NetworkTopologyImpl (NetworkTopologyImpl.java:add(112)) - Added a new node: /default-rack/388d0101-376a-4ddf-936e-ac8688256993
2023-02-16 16:34:47,895 [IPC Server handler 2 on default port 39931] INFO  node.SCMNodeManager (SCMNodeManager.java:register(397)) - Registered Data node : 388d0101-376a-4ddf-936e-ac8688256993{ip: 10.1.0.66, host: fv-az167-289.21ktoceh2wee5fewwtpg1zd01g.bx.internal.cloudapp.net, ports: [REPLICATION=42133, RATIS=44897, RATIS_ADMIN=44897, RATIS_SERVER=44897, RATIS_DATASTREAM=40527, STANDALONE=38167], networkLocation: /default-rack, certSerialId: null, persistedOpState: null, persistedOpStateExpiryEpochSec: 0}
2023-02-16 16:34:47,895 [EventQueue-NewNodeForNewNodeHandler] INFO  pipeline.BackgroundPipelineCreator (BackgroundPipelineCreator.java:notifyEventTriggered(276)) - trigger a one-shot run on RatisPipelineUtilsThread.
2023-02-16 16:34:47,896 [RatisPipelineUtilsThread - 0] INFO  pipeline.RatisPipelineProvider (RatisPipelineProvider.java:lambda$create$0(206)) - Sending CreatePipelineCommand for pipeline:PipelineID=df3ee5c9-ab92-40b7-a44a-e77d9df572d6 to datanode:388d0101-376a-4ddf-936e-ac8688256993
2023-02-16 16:34:47,897 [RatisPipelineUtilsThread - 0] INFO  pipeline.PipelineStateManagerImpl (PipelineStateManagerImpl.java:addPipeline(103)) - Created pipeline Pipeline[ Id: df3ee5c9-ab92-40b7-a44a-e77d9df572d6, Nodes: 388d0101-376a-4ddf-936e-ac8688256993(fv-az167-289.21ktoceh2wee5fewwtpg1zd01g.bx.internal.cloudapp.net/10.1.0.66), ReplicationConfig: RATIS/ONE, State:ALLOCATED, leaderId:, CreationTimestamp2023-02-16T16:34:47.896Z[Etc/UTC]].
2023-02-16 16:34:47,898 [RatisPipelineUtilsThread - 0] WARN  pipeline.PipelinePlacementPolicy (PipelinePlacementPolicy.java:filterViableNodes(158)) - Pipeline creation failed due to no sufficient healthy datanodes. Required 3. Found 1.
2023-02-16 16:34:48,314 [Listener at 127.0.0.1/44851] INFO  ozone.MiniOzoneClusterImpl (MiniOzoneClusterImpl.java:lambda$waitForClusterToBeReady$0(218)) - Waiting for nodes to be ready. Got 4 of 5 DN Heartbeats.
2023-02-16 16:34:48,314 [Listener at 127.0.0.1/44851] INFO  ozone.MiniOzoneClusterImpl (MiniOzoneClusterImpl.java:lambda$waitForClusterToBeReady$0(221)) - Waiting for cluster to exit safe mode
2023-02-16 16:34:48,314 [Listener at 127.0.0.1/44851] INFO  ozone.MiniOzoneClusterImpl (MiniOzoneClusterImpl.java:lambda$waitForClusterToBeReady$0(223)) - SCM became leader
2023-02-16 16:34:48,325 [IPC Server handler 3 on default port 39931] INFO  net.NetworkTopologyImpl (NetworkTopologyImpl.java:add(112)) - Added a new node: /default-rack/f7941fd0-d868-43e3-a82b-129e07895457
2023-02-16 16:34:48,326 [IPC Server handler 3 on default port 39931] INFO  node.SCMNodeManager (SCMNodeManager.java:register(397)) - Registered Data node : f7941fd0-d868-43e3-a82b-129e07895457{ip: 10.1.0.66, host: fv-az167-289.21ktoceh2wee5fewwtpg1zd01g.bx.internal.cloudapp.net, ports: [REPLICATION=37769, RATIS=35191, RATIS_ADMIN=35191, RATIS_SERVER=35191, RATIS_DATASTREAM=34661, STANDALONE=36163], networkLocation: /default-rack, certSerialId: null, persistedOpState: null, persistedOpStateExpiryEpochSec: 0}
2023-02-16 16:34:48,326 [EventQueue-NewNodeForNewNodeHandler] INFO  pipeline.BackgroundPipelineCreator (BackgroundPipelineCreator.java:notifyEventTriggered(276)) - trigger a one-shot run on RatisPipelineUtilsThread.
2023-02-16 16:34:48,326 [RatisPipelineUtilsThread - 0] INFO  pipeline.RatisPipelineProvider (RatisPipelineProvider.java:lambda$create$0(206)) - Sending CreatePipelineCommand for pipeline:PipelineID=8d1bae44-053a-4e99-ac84-d6bb8e541d6f to datanode:f7941fd0-d868-43e3-a82b-129e07895457
2023-02-16 16:34:48,327 [RatisPipelineUtilsThread - 0] INFO  pipeline.PipelineStateManagerImpl (PipelineStateManagerImpl.java:addPipeline(103)) - Created pipeline Pipeline[ Id: 8d1bae44-053a-4e99-ac84-d6bb8e541d6f, Nodes: f7941fd0-d868-43e3-a82b-129e07895457(fv-az167-289.21ktoceh2wee5fewwtpg1zd01g.bx.internal.cloudapp.net/10.1.0.66), ReplicationConfig: RATIS/ONE, State:ALLOCATED, leaderId:, CreationTimestamp2023-02-16T16:34:48.326Z[Etc/UTC]].
2023-02-16 16:34:48,327 [RatisPipelineUtilsThread - 0] WARN  pipeline.PipelinePlacementPolicy (PipelinePlacementPolicy.java:filterViableNodes(158)) - Pipeline creation failed due to no sufficient healthy datanodes. Required 3. Found 2.
2023-02-16 16:34:49,314 [Listener at 127.0.0.1/44851] INFO  ozone.MiniOzoneClusterImpl (MiniOzoneClusterImpl.java:lambda$waitForClusterToBeReady$0(218)) - Nodes are ready. Got 5 of 5 DN Heartbeats.
2023-02-16 16:34:49,314 [Listener at 127.0.0.1/44851] INFO  ozone.MiniOzoneClusterImpl (MiniOzoneClusterImpl.java:lambda$waitForClusterToBeReady$0(221)) - Waiting for cluster to exit safe mode
2023-02-16 16:34:49,315 [Listener at 127.0.0.1/44851] INFO  ozone.MiniOzoneClusterImpl (MiniOzoneClusterImpl.java:lambda$waitForClusterToBeReady$0(223)) - SCM became leader
2023-02-16 16:34:49,861 [Command processor thread] INFO  server.RaftServer (RaftServerProxy.java:addNew(96)) - c617c0dc-5b73-4bee-8a03-3b3ac823c300: addNew group-80221C0F5B2C:[c617c0dc-5b73-4bee-8a03-3b3ac823c300|rpc:10.1.0.66:39229|dataStream:10.1.0.66:45253|priority:1|startupRole:FOLLOWER] returns group-80221C0F5B2C:java.util.concurrent.CompletableFuture@598cd3b5[Not completed]
2023-02-16 16:34:49,862 [pool-480-thread-1] INFO  server.RaftServer$Division (RaftServerImpl.java:<init>(195)) - c617c0dc-5b73-4bee-8a03-3b3ac823c300: new RaftServerImpl for group-80221C0F5B2C:[c617c0dc-5b73-4bee-8a03-3b3ac823c300|rpc:10.1.0.66:39229|dataStream:10.1.0.66:45253|priority:1|startupRole:FOLLOWER] with ContainerStateMachine:uninitialized
2023-02-16 16:34:49,862 [pool-480-thread-1] INFO  server.RaftServerConfigKeys (ConfUtils.java:logGet(46)) - raft.server.rpc.timeout.min = 5s (custom)
2023-02-16 16:34:49,862 [pool-480-thread-1] INFO  server.RaftServerConfigKeys (ConfUtils.java:logGet(46)) - raft.server.rpc.timeout.max = 5200ms (custom)
2023-02-16 16:34:49,862 [pool-480-thread-1] INFO  server.RaftServerConfigKeys (ConfUtils.java:logGet(46)) - raft.server.rpc.sleep.time = 25ms (default)
2023-02-16 16:34:49,862 [pool-480-thread-1] INFO  server.RaftServerConfigKeys (ConfUtils.java:logGet(46)) - raft.server.rpc.slowness.timeout = 300s (custom)
2023-02-16 16:34:49,862 [pool-480-thread-1] INFO  server.RaftServerConfigKeys (ConfUtils.java:logGet(46)) - raft.server.leaderelection.leader.step-down.wait-time = 10s (default)
2023-02-16 16:34:49,862 [pool-480-thread-1] INFO  server.RaftServerConfigKeys (ConfUtils.java:logGet(46)) - raft.server.sleep.deviation.threshold = 300ms (default)
2023-02-16 16:34:49,862 [pool-480-thread-1] INFO  server.RaftServer$Division (ServerState.java:<init>(118)) - c617c0dc-5b73-4bee-8a03-3b3ac823c300@group-80221C0F5B2C: ConfigurationManager, init=-1: peers:[c617c0dc-5b73-4bee-8a03-3b3ac823c300|rpc:10.1.0.66:39229|dataStream:10.1.0.66:45253|priority:1|startupRole:FOLLOWER]|listeners:[], old=null, confs=<EMPTY_MAP>
2023-02-16 16:34:49,862 [pool-480-thread-1] INFO  server.RaftServerConfigKeys (ConfUtils.java:logGet(46)) - raft.server.storage.dir = [/home/runner/work/ozone/ozone/hadoop-ozone/integration-test/target/test-dir/MiniOzoneClusterImpl-d88fc665-df07-433e-a21c-a919abf7322c/datanode-0/data/ratis] (custom)
2023-02-16 16:34:49,862 [pool-480-thread-1] INFO  server.RaftServerConfigKeys (ConfUtils.java:logGet(46)) - raft.server.log.corruption.policy = EXCEPTION (default)
2023-02-16 16:34:49,862 [pool-480-thread-1] INFO  server.RaftServerConfigKeys (ConfUtils.java:logGet(46)) - raft.server.storage.free-space.min = 0MB (=0) (default)
2023-02-16 16:34:49,862 [pool-480-thread-1] INFO  server.RaftServerConfigKeys (ConfUtils.java:logGet(46)) - raft.server.notification.no-leader.timeout = 300s (custom)
2023-02-16 16:34:49,862 [pool-480-thread-1] INFO  server.RaftServerConfigKeys (ConfUtils.java:logGet(46)) - raft.server.retrycache.expirytime = 600000ms (custom)
2023-02-16 16:34:49,862 [pool-480-thread-1] INFO  server.RaftServerConfigKeys (ConfUtils.java:logGet(46)) - raft.server.retrycache.statistics.expirytime = 100μs (default)
2023-02-16 16:34:49,863 [pool-480-thread-1] INFO  server.RaftServerConfigKeys (ConfUtils.java:logGet(46)) - raft.server.log.appender.install.snapshot.enabled = false (custom)
2023-02-16 16:34:49,863 [pool-480-thread-1] INFO  server.RaftServerConfigKeys (ConfUtils.java:logGet(46)) - raft.server.threadpool.server.cached = true (default)
2023-02-16 16:34:49,863 [pool-480-thread-1] INFO  server.RaftServerConfigKeys (ConfUtils.java:logGet(46)) - raft.server.threadpool.server.size = 0 (default)
2023-02-16 16:34:49,863 [pool-480-thread-1] INFO  server.RaftServerConfigKeys (ConfUtils.java:logGet(46)) - raft.server.threadpool.client.cached = true (default)
2023-02-16 16:34:49,863 [pool-480-thread-1] INFO  server.RaftServerConfigKeys (ConfUtils.java:logGet(46)) - raft.server.threadpool.client.size = 0 (default)
2023-02-16 16:34:49,863 [pool-480-thread-1] INFO  storage.RaftStorageDirectory (RaftStorageDirectoryImpl.java:analyzeStorage(137)) - The storage directory /home/runner/work/ozone/ozone/hadoop-ozone/integration-test/target/test-dir/MiniOzoneClusterImpl-d88fc665-df07-433e-a21c-a919abf7322c/datanode-0/data/ratis/2cf19d3b-df22-4dc5-9164-80221c0f5b2c does not exist. Creating ...
2023-02-16 16:34:49,864 [pool-480-thread-1] INFO  storage.RaftStorageDirectory (RaftStorageDirectoryImpl.java:tryLock(231)) - Lock on /home/runner/work/ozone/ozone/hadoop-ozone/integration-test/target/test-dir/MiniOzoneClusterImpl-d88fc665-df07-433e-a21c-a919abf7322c/datanode-0/data/ratis/2cf19d3b-df22-4dc5-9164-80221c0f5b2c/in_use.lock acquired by nodename 11092@fv-az167-289
2023-02-16 16:34:49,865 [pool-480-thread-1] INFO  storage.RaftStorage (RaftStorageImpl.java:format(96)) - Storage directory /home/runner/work/ozone/ozone/hadoop-ozone/integration-test/target/test-dir/MiniOzoneClusterImpl-d88fc665-df07-433e-a21c-a919abf7322c/datanode-0/data/ratis/2cf19d3b-df22-4dc5-9164-80221c0f5b2c has been successfully formatted.
2023-02-16 16:34:49,866 [pool-480-thread-1] INFO  ratis.ContainerStateMachine (ContainerStateMachine.java:loadSnapshot(240)) - group-80221C0F5B2C: The snapshot info is null. Setting the last applied indexto:(t:0, i:~)
2023-02-16 16:34:49,867 [pool-480-thread-1] INFO  server.RaftServerConfigKeys (ConfUtils.java:logGet(46)) - raft.server.log.use.memory = false (default)
2023-02-16 16:34:49,867 [pool-480-thread-1] INFO  server.RaftServerConfigKeys (ConfUtils.java:logGet(46)) - raft.server.log.purge.gap = 1000000 (custom)
2023-02-16 16:34:49,867 [pool-480-thread-1] INFO  server.RaftServerConfigKeys (ConfUtils.java:logGet(46)) - raft.server.log.appender.buffer.byte-limit = 33554432 (custom)
2023-02-16 16:34:49,867 [EventQueue-PipelineReportForPipelineReportHandler] INFO  pipeline.PipelineManagerImpl (PipelineManagerImpl.java:openPipeline(367)) - Pipeline Pipeline[ Id: 2cf19d3b-df22-4dc5-9164-80221c0f5b2c, Nodes: c617c0dc-5b73-4bee-8a03-3b3ac823c300(fv-az167-289.21ktoceh2wee5fewwtpg1zd01g.bx.internal.cloudapp.net/10.1.0.66), ReplicationConfig: RATIS/ONE, State:ALLOCATED, leaderId:c617c0dc-5b73-4bee-8a03-3b3ac823c300, CreationTimestamp2023-02-16T16:34:46.865Z[Etc/UTC]] moved to OPEN state
2023-02-16 16:34:49,867 [pool-480-thread-1] INFO  server.RaftServerConfigKeys (ConfUtils.java:logGet(46)) - raft.server.log.statemachine.data.read.timeout = 1000ms (default)
2023-02-16 16:34:49,867 [pool-480-thread-1] INFO  server.RaftServerConfigKeys (ConfUtils.java:logGet(46)) - raft.server.log.purge.preservation.log.num = 0 (default)
2023-02-16 16:34:49,868 [pool-480-thread-1] INFO  server.RaftServerConfigKeys (ConfUtils.java:logGet(46)) - raft.server.log.segment.size.max = 1048576 (custom)
2023-02-16 16:34:49,868 [pool-480-thread-1] INFO  server.RaftServerConfigKeys (ConfUtils.java:logGet(46)) - raft.server.log.segment.cache.num.max = 2 (custom)
2023-02-16 16:34:49,868 [pool-480-thread-1] INFO  server.RaftServerConfigKeys (ConfUtils.java:logGet(46)) - raft.server.log.segment.cache.size.max = 200MB (=209715200) (default)
2023-02-16 16:34:49,868 [pool-480-thread-1] INFO  segmented.SegmentedRaftLogWorker (SegmentedRaftLogWorker.java:<init>(189)) - new c617c0dc-5b73-4bee-8a03-3b3ac823c300@group-80221C0F5B2C-SegmentedRaftLogWorker for RaftStorageImpl:Storage Directory /home/runner/work/ozone/ozone/hadoop-ozone/integration-test/target/test-dir/MiniOzoneClusterImpl-d88fc665-df07-433e-a21c-a919abf7322c/datanode-0/data/ratis/2cf19d3b-df22-4dc5-9164-80221c0f5b2c
2023-02-16 16:34:49,869 [pool-480-thread-1] INFO  server.RaftServerConfigKeys (ConfUtils.java:logGet(46)) - raft.server.log.queue.byte-limit = 4294967296 (custom)
2023-02-16 16:34:49,869 [pool-480-thread-1] INFO  server.RaftServerConfigKeys (ConfUtils.java:logGet(46)) - raft.server.log.queue.element-limit = 1024 (custom)
2023-02-16 16:34:49,869 [pool-480-thread-1] INFO  server.RaftServerConfigKeys (ConfUtils.java:logGet(46)) - raft.server.log.segment.size.max = 1048576 (custom)
2023-02-16 16:34:49,869 [pool-480-thread-1] INFO  server.RaftServerConfigKeys (ConfUtils.java:logGet(46)) - raft.server.log.preallocated.size = 16384 (custom)
2023-02-16 16:34:49,869 [pool-480-thread-1] INFO  server.RaftServerConfigKeys (ConfUtils.java:logGet(46)) - raft.server.log.force.sync.num = 128 (default)
2023-02-16 16:34:49,869 [pool-480-thread-1] INFO  server.RaftServerConfigKeys (ConfUtils.java:logGet(46)) - raft.server.log.statemachine.data.sync = true (default)
2023-02-16 16:34:49,869 [pool-480-thread-1] INFO  server.RaftServerConfigKeys (ConfUtils.java:logGet(46)) - raft.server.log.statemachine.data.sync.timeout = 10s (default)
2023-02-16 16:34:49,869 [pool-480-thread-1] INFO  server.RaftServerConfigKeys (ConfUtils.java:logGet(46)) - raft.server.log.statemachine.data.sync.timeout.retry = -1 (default)
2023-02-16 16:34:49,871 [pool-480-thread-1] INFO  server.RaftServerConfigKeys (ConfUtils.java:logGet(46)) - raft.server.log.write.buffer.size = 1048576 (custom)
2023-02-16 16:34:49,871 [pool-480-thread-1] INFO  server.RaftServerConfigKeys (ConfUtils.java:logGet(46)) - raft.server.log.appender.buffer.byte-limit = 33554432 (custom)
2023-02-16 16:34:49,875 [EventQueue-OpenPipelineForHealthyPipelineSafeModeRule] INFO  safemode.SCMSafeModeManager (HealthyPipelineSafeModeRule.java:process(137)) - SCM in safe mode. Healthy pipelines reported count is 0, required healthy pipeline reported count is 1
2023-02-16 16:34:49,875 [pool-480-thread-1] INFO  server.RaftServerConfigKeys (ConfUtils.java:logGet(46)) - raft.server.log.unsafe-flush.enabled = false (default)
2023-02-16 16:34:49,875 [pool-480-thread-1] INFO  server.RaftServerConfigKeys (ConfUtils.java:logGet(46)) - raft.server.log.async-flush.enabled = false (default)
2023-02-16 16:34:49,875 [pool-480-thread-1] INFO  server.RaftServerConfigKeys (ConfUtils.java:logGet(46)) - raft.server.log.statemachine.data.caching.enabled = true (custom)
2023-02-16 16:34:49,875 [pool-480-thread-1] INFO  segmented.SegmentedRaftLogWorker (SegmentedRaftLogWorker.java:lambda$new$0(135)) - c617c0dc-5b73-4bee-8a03-3b3ac823c300@group-80221C0F5B2C-SegmentedRaftLogWorker: flushIndex: setUnconditionally 0 -> -1
2023-02-16 16:34:49,875 [pool-480-thread-1] INFO  segmented.SegmentedRaftLogWorker (SegmentedRaftLogWorker.java:lambda$new$0(135)) - c617c0dc-5b73-4bee-8a03-3b3ac823c300@group-80221C0F5B2C-SegmentedRaftLogWorker: safeCacheEvictIndex: setUnconditionally 0 -> -1
2023-02-16 16:34:49,878 [pool-480-thread-1] INFO  server.RaftServer$Division (RaftServerImpl.java:start(334)) - c617c0dc-5b73-4bee-8a03-3b3ac823c300@group-80221C0F5B2C: start as a follower, conf=-1: peers:[c617c0dc-5b73-4bee-8a03-3b3ac823c300|rpc:10.1.0.66:39229|dataStream:10.1.0.66:45253|priority:1|startupRole:FOLLOWER]|listeners:[], old=null
2023-02-16 16:34:49,878 [pool-480-thread-1] INFO  server.RaftServer$Division (RaftServerImpl.java:setRole(321)) - c617c0dc-5b73-4bee-8a03-3b3ac823c300@group-80221C0F5B2C: changes role from      null to FOLLOWER at term 0 for startAsFollower
2023-02-16 16:34:49,878 [pool-480-thread-1] INFO  impl.RoleInfo (RoleInfo.java:updateAndGet(139)) - c617c0dc-5b73-4bee-8a03-3b3ac823c300: start c617c0dc-5b73-4bee-8a03-3b3ac823c300@group-80221C0F5B2C-FollowerState
2023-02-16 16:34:49,878 [pool-480-thread-1] INFO  util.JmxRegister (JmxRegister.java:tryRegister(44)) - Successfully registered JMX Bean with object name Ratis:service=RaftServer,group=group-80221C0F5B2C,id=c617c0dc-5b73-4bee-8a03-3b3ac823c300
2023-02-16 16:34:49,878 [pool-480-thread-1] INFO  server.RaftServerConfigKeys (ConfUtils.java:logGet(46)) - raft.server.snapshot.auto.trigger.enabled = true (custom)
2023-02-16 16:34:49,879 [pool-480-thread-1] INFO  server.RaftServerConfigKeys (ConfUtils.java:logGet(46)) - raft.server.snapshot.auto.trigger.threshold = 10000 (custom)
2023-02-16 16:34:49,879 [pool-480-thread-1] INFO  server.RaftServerConfigKeys (ConfUtils.java:logGet(46)) - raft.server.snapshot.retention.file.num = 5 (custom)
2023-02-16 16:34:49,879 [pool-480-thread-1] INFO  server.RaftServerConfigKeys (ConfUtils.java:logGet(46)) - raft.server.log.purge.upto.snapshot.index = false (default)
2023-02-16 16:34:49,879 [c617c0dc-5b73-4bee-8a03-3b3ac823c300@group-80221C0F5B2C-FollowerState] INFO  server.RaftServerConfigKeys (ConfUtils.java:logFallback(53)) - raft.server.rpc.first-election.timeout.min = 5s (fallback to raft.server.rpc.timeout.min)
2023-02-16 16:34:49,879 [c617c0dc-5b73-4bee-8a03-3b3ac823c300@group-80221C0F5B2C-FollowerState] INFO  server.RaftServerConfigKeys (ConfUtils.java:logFallback(53)) - raft.server.rpc.first-election.timeout.max = 5200ms (fallback to raft.server.rpc.timeout.max)
2023-02-16 16:34:49,879 [Command processor thread] INFO  ratis.XceiverServerRatis (XceiverServerRatis.java:addGroup(807)) - Created group PipelineID=2cf19d3b-df22-4dc5-9164-80221c0f5b2c
2023-02-16 16:34:49,879 [Command processor thread] INFO  commandhandler.CreatePipelineCommandHandler (CreatePipelineCommandHandler.java:handle(113)) - Created Pipeline RATIS ONE PipelineID=2cf19d3b-df22-4dc5-9164-80221c0f5b2c.
2023-02-16 16:34:49,879 [Command processor thread] INFO  server.RaftServer (RaftServerProxy.java:addNew(96)) - c617c0dc-5b73-4bee-8a03-3b3ac823c300: addNew group-846FB80539C3:[54ea6ac5-9e66-44bc-9134-574226f2896d|rpc:10.1.0.66:39543|dataStream:10.1.0.66:46125|priority:0|startupRole:FOLLOWER, 3dc841f7-9461-45fb-be3e-f1a36e39d59a|rpc:10.1.0.66:34405|dataStream:10.1.0.66:39763|priority:1|startupRole:FOLLOWER, c617c0dc-5b73-4bee-8a03-3b3ac823c300|rpc:10.1.0.66:39229|dataStream:10.1.0.66:45253|priority:0|startupRole:FOLLOWER] returns group-846FB80539C3:java.util.concurrent.CompletableFuture@5db35c5c[Not completed]
2023-02-16 16:34:49,880 [pool-480-thread-1] INFO  server.RaftServer$Division (RaftServerImpl.java:<init>(195)) - c617c0dc-5b73-4bee-8a03-3b3ac823c300: new RaftServerImpl for group-846FB80539C3:[54ea6ac5-9e66-44bc-9134-574226f2896d|rpc:10.1.0.66:39543|dataStream:10.1.0.66:46125|priority:0|startupRole:FOLLOWER, 3dc841f7-9461-45fb-be3e-f1a36e39d59a|rpc:10.1.0.66:34405|dataStream:10.1.0.66:39763|priority:1|startupRole:FOLLOWER, c617c0dc-5b73-4bee-8a03-3b3ac823c300|rpc:10.1.0.66:39229|dataStream:10.1.0.66:45253|priority:0|startupRole:FOLLOWER] with ContainerStateMachine:uninitialized
2023-02-16 16:34:49,880 [pool-480-thread-1] INFO  server.RaftServerConfigKeys (ConfUtils.java:logGet(46)) - raft.server.rpc.timeout.min = 5s (custom)
2023-02-16 16:34:49,880 [pool-480-thread-1] INFO  server.RaftServerConfigKeys (ConfUtils.java:logGet(46)) - raft.server.rpc.timeout.max = 5200ms (custom)
2023-02-16 16:34:49,880 [pool-480-thread-1] INFO  server.RaftServerConfigKeys (ConfUtils.java:logGet(46)) - raft.server.rpc.sleep.time = 25ms (default)
2023-02-16 16:34:49,880 [pool-480-thread-1] INFO  server.RaftServerConfigKeys (ConfUtils.java:logGet(46)) - raft.server.rpc.slowness.timeout = 300s (custom)
2023-02-16 16:34:49,880 [pool-480-thread-1] INFO  server.RaftServerConfigKeys (ConfUtils.java:logGet(46)) - raft.server.leaderelection.leader.step-down.wait-time = 10s (default)
2023-02-16 16:34:49,880 [pool-480-thread-1] INFO  server.RaftServerConfigKeys (ConfUtils.java:logGet(46)) - raft.server.sleep.deviation.threshold = 300ms (default)
2023-02-16 16:34:49,880 [pool-480-thread-1] INFO  server.RaftServer$Division (ServerState.java:<init>(118)) - c617c0dc-5b73-4bee-8a03-3b3ac823c300@group-846FB80539C3: ConfigurationManager, init=-1: peers:[54ea6ac5-9e66-44bc-9134-574226f2896d|rpc:10.1.0.66:39543|dataStream:10.1.0.66:46125|priority:0|startupRole:FOLLOWER, 3dc841f7-9461-45fb-be3e-f1a36e39d59a|rpc:10.1.0.66:34405|dataStream:10.1.0.66:39763|priority:1|startupRole:FOLLOWER, c617c0dc-5b73-4bee-8a03-3b3ac823c300|rpc:10.1.0.66:39229|dataStream:10.1.0.66:45253|priority:0|startupRole:FOLLOWER]|listeners:[], old=null, confs=<EMPTY_MAP>
2023-02-16 16:34:49,880 [pool-480-thread-1] INFO  server.RaftServerConfigKeys (ConfUtils.java:logGet(46)) - raft.server.storage.dir = [/home/runner/work/ozone/ozone/hadoop-ozone/integration-test/target/test-dir/MiniOzoneClusterImpl-d88fc665-df07-433e-a21c-a919abf7322c/datanode-0/data/ratis] (custom)
2023-02-16 16:34:49,881 [pool-480-thread-1] INFO  server.RaftServerConfigKeys (ConfUtils.java:logGet(46)) - raft.server.log.corruption.policy = EXCEPTION (default)
2023-02-16 16:34:49,881 [pool-480-thread-1] INFO  server.RaftServerConfigKeys (ConfUtils.java:logGet(46)) - raft.server.storage.free-space.min = 0MB (=0) (default)
2023-02-16 16:34:49,881 [pool-480-thread-1] INFO  server.RaftServerConfigKeys (ConfUtils.java:logGet(46)) - raft.server.notification.no-leader.timeout = 300s (custom)
2023-02-16 16:34:49,881 [pool-480-thread-1] INFO  server.RaftServerConfigKeys (ConfUtils.java:logGet(46)) - raft.server.retrycache.expirytime = 600000ms (custom)
2023-02-16 16:34:49,881 [pool-480-thread-1] INFO  server.RaftServerConfigKeys (ConfUtils.java:logGet(46)) - raft.server.retrycache.statistics.expirytime = 100μs (default)
2023-02-16 16:34:49,881 [pool-480-thread-1] INFO  server.RaftServerConfigKeys (ConfUtils.java:logGet(46)) - raft.server.log.appender.install.snapshot.enabled = false (custom)
2023-02-16 16:34:49,881 [pool-480-thread-1] INFO  server.RaftServerConfigKeys (ConfUtils.java:logGet(46)) - raft.server.threadpool.server.cached = true (default)
2023-02-16 16:34:49,881 [pool-480-thread-1] INFO  server.RaftServerConfigKeys (ConfUtils.java:logGet(46)) - raft.server.threadpool.server.size = 0 (default)
2023-02-16 16:34:49,881 [pool-480-thread-1] INFO  server.RaftServerConfigKeys (ConfUtils.java:logGet(46)) - raft.server.threadpool.client.cached = true (default)
2023-02-16 16:34:49,882 [pool-480-thread-1] INFO  server.RaftServerConfigKeys (ConfUtils.java:logGet(46)) - raft.server.threadpool.client.size = 0 (default)
2023-02-16 16:34:49,882 [pool-480-thread-1] INFO  storage.RaftStorageDirectory (RaftStorageDirectoryImpl.java:analyzeStorage(137)) - The storage directory /home/runner/work/ozone/ozone/hadoop-ozone/integration-test/target/test-dir/MiniOzoneClusterImpl-d88fc665-df07-433e-a21c-a919abf7322c/datanode-0/data/ratis/bf3f6b71-65a2-4113-a90c-846fb80539c3 does not exist. Creating ...
2023-02-16 16:34:49,882 [pool-480-thread-1] INFO  storage.RaftStorageDirectory (RaftStorageDirectoryImpl.java:tryLock(231)) - Lock on /home/runner/work/ozone/ozone/hadoop-ozone/integration-test/target/test-dir/MiniOzoneClusterImpl-d88fc665-df07-433e-a21c-a919abf7322c/datanode-0/data/ratis/bf3f6b71-65a2-4113-a90c-846fb80539c3/in_use.lock acquired by nodename 11092@fv-az167-289
2023-02-16 16:34:49,884 [pool-480-thread-1] INFO  storage.RaftStorage (RaftStorageImpl.java:format(96)) - Storage directory /home/runner/work/ozone/ozone/hadoop-ozone/integration-test/target/test-dir/MiniOzoneClusterImpl-d88fc665-df07-433e-a21c-a919abf7322c/datanode-0/data/ratis/bf3f6b71-65a2-4113-a90c-846fb80539c3 has been successfully formatted.
2023-02-16 16:34:49,884 [pool-480-thread-1] INFO  ratis.ContainerStateMachine (ContainerStateMachine.java:loadSnapshot(240)) - group-846FB80539C3: The snapshot info is null. Setting the last applied indexto:(t:0, i:~)
2023-02-16 16:34:49,885 [pool-480-thread-1] INFO  server.RaftServerConfigKeys (ConfUtils.java:logGet(46)) - raft.server.log.use.memory = false (default)
2023-02-16 16:34:49,885 [pool-480-thread-1] INFO  server.RaftServerConfigKeys (ConfUtils.java:logGet(46)) - raft.server.log.purge.gap = 1000000 (custom)
2023-02-16 16:34:49,885 [pool-480-thread-1] INFO  server.RaftServerConfigKeys (ConfUtils.java:logGet(46)) - raft.server.log.appender.buffer.byte-limit = 33554432 (custom)
2023-02-16 16:34:49,885 [pool-480-thread-1] INFO  server.RaftServerConfigKeys (ConfUtils.java:logGet(46)) - raft.server.log.statemachine.data.read.timeout = 1000ms (default)
2023-02-16 16:34:49,885 [pool-480-thread-1] INFO  server.RaftServerConfigKeys (ConfUtils.java:logGet(46)) - raft.server.log.purge.preservation.log.num = 0 (default)
2023-02-16 16:34:49,885 [pool-480-thread-1] INFO  server.RaftServerConfigKeys (ConfUtils.java:logGet(46)) - raft.server.log.segment.size.max = 1048576 (custom)
2023-02-16 16:34:49,885 [EventQueue-OpenPipelineForHealthyPipelineSafeModeRule] INFO  safemode.SCMSafeModeManager (HealthyPipelineSafeModeRule.java:process(137)) - SCM in safe mode. Healthy pipelines reported count is 0, required healthy pipeline reported count is 1
2023-02-16 16:34:49,885 [pool-480-thread-1] INFO  server.RaftServerConfigKeys (ConfUtils.java:logGet(46)) - raft.server.log.segment.cache.num.max = 2 (custom)
2023-02-16 16:34:49,885 [pool-480-thread-1] INFO  server.RaftServerConfigKeys (ConfUtils.java:logGet(46)) - raft.server.log.segment.cache.size.max = 200MB (=209715200) (default)
2023-02-16 16:34:49,886 [pool-480-thread-1] INFO  segmented.SegmentedRaftLogWorker (SegmentedRaftLogWorker.java:<init>(189)) - new c617c0dc-5b73-4bee-8a03-3b3ac823c300@group-846FB80539C3-SegmentedRaftLogWorker for RaftStorageImpl:Storage Directory /home/runner/work/ozone/ozone/hadoop-ozone/integration-test/target/test-dir/MiniOzoneClusterImpl-d88fc665-df07-433e-a21c-a919abf7322c/datanode-0/data/ratis/bf3f6b71-65a2-4113-a90c-846fb80539c3
2023-02-16 16:34:49,886 [pool-480-thread-1] INFO  server.RaftServerConfigKeys (ConfUtils.java:logGet(46)) - raft.server.log.queue.byte-limit = 4294967296 (custom)
2023-02-16 16:34:49,886 [pool-480-thread-1] INFO  server.RaftServerConfigKeys (ConfUtils.java:logGet(46)) - raft.server.log.queue.element-limit = 1024 (custom)
2023-02-16 16:34:49,886 [pool-480-thread-1] INFO  server.RaftServerConfigKeys (ConfUtils.java:logGet(46)) - raft.server.log.segment.size.max = 1048576 (custom)
2023-02-16 16:34:49,886 [pool-480-thread-1] INFO  server.RaftServerConfigKeys (ConfUtils.java:logGet(46)) - raft.server.log.preallocated.size = 16384 (custom)
2023-02-16 16:34:49,886 [pool-480-thread-1] INFO  server.RaftServerConfigKeys (ConfUtils.java:logGet(46)) - raft.server.log.force.sync.num = 128 (default)
2023-02-16 16:34:49,886 [pool-480-thread-1] INFO  server.RaftServerConfigKeys (ConfUtils.java:logGet(46)) - raft.server.log.statemachine.data.sync = true (default)
2023-02-16 16:34:49,886 [pool-480-thread-1] INFO  server.RaftServerConfigKeys (ConfUtils.java:logGet(46)) - raft.server.log.statemachine.data.sync.timeout = 10s (default)
2023-02-16 16:34:49,886 [pool-480-thread-1] INFO  server.RaftServerConfigKeys (ConfUtils.java:logGet(46)) - raft.server.log.statemachine.data.sync.timeout.retry = -1 (default)
2023-02-16 16:34:49,888 [pool-480-thread-1] INFO  server.RaftServerConfigKeys (ConfUtils.java:logGet(46)) - raft.server.log.write.buffer.size = 1048576 (custom)
2023-02-16 16:34:49,888 [pool-480-thread-1] INFO  server.RaftServerConfigKeys (ConfUtils.java:logGet(46)) - raft.server.log.appender.buffer.byte-limit = 33554432 (custom)
2023-02-16 16:34:49,891 [pool-480-thread-1] INFO  server.RaftServerConfigKeys (ConfUtils.java:logGet(46)) - raft.server.log.unsafe-flush.enabled = false (default)
2023-02-16 16:34:49,891 [pool-480-thread-1] INFO  server.RaftServerConfigKeys (ConfUtils.java:logGet(46)) - raft.server.log.async-flush.enabled = false (default)
2023-02-16 16:34:49,891 [pool-480-thread-1] INFO  server.RaftServerConfigKeys (ConfUtils.java:logGet(46)) - raft.server.log.statemachine.data.caching.enabled = true (custom)
2023-02-16 16:34:49,891 [pool-480-thread-1] INFO  segmented.SegmentedRaftLogWorker (SegmentedRaftLogWorker.java:lambda$new$0(135)) - c617c0dc-5b73-4bee-8a03-3b3ac823c300@group-846FB80539C3-SegmentedRaftLogWorker: flushIndex: setUnconditionally 0 -> -1
2023-02-16 16:34:49,891 [pool-480-thread-1] INFO  segmented.SegmentedRaftLogWorker (SegmentedRaftLogWorker.java:lambda$new$0(135)) - c617c0dc-5b73-4bee-8a03-3b3ac823c300@group-846FB80539C3-SegmentedRaftLogWorker: safeCacheEvictIndex: setUnconditionally 0 -> -1
2023-02-16 16:34:49,894 [pool-480-thread-1] INFO  server.RaftServer$Division (RaftServerImpl.java:start(334)) - c617c0dc-5b73-4bee-8a03-3b3ac823c300@group-846FB80539C3: start as a follower, conf=-1: peers:[54ea6ac5-9e66-44bc-9134-574226f2896d|rpc:10.1.0.66:39543|dataStream:10.1.0.66:46125|priority:0|startupRole:FOLLOWER, 3dc841f7-9461-45fb-be3e-f1a36e39d59a|rpc:10.1.0.66:34405|dataStream:10.1.0.66:39763|priority:1|startupRole:FOLLOWER, c617c0dc-5b73-4bee-8a03-3b3ac823c300|rpc:10.1.0.66:39229|dataStream:10.1.0.66:45253|priority:0|startupRole:FOLLOWER]|listeners:[], old=null
2023-02-16 16:34:49,894 [pool-480-thread-1] INFO  server.RaftServer$Division (RaftServerImpl.java:setRole(321)) - c617c0dc-5b73-4bee-8a03-3b3ac823c300@group-846FB80539C3: changes role from      null to FOLLOWER at term 0 for startAsFollower
2023-02-16 16:34:49,894 [pool-480-thread-1] INFO  impl.RoleInfo (RoleInfo.java:updateAndGet(139)) - c617c0dc-5b73-4bee-8a03-3b3ac823c300: start c617c0dc-5b73-4bee-8a03-3b3ac823c300@group-846FB80539C3-FollowerState
2023-02-16 16:34:49,894 [pool-480-thread-1] INFO  util.JmxRegister (JmxRegister.java:tryRegister(44)) - Successfully registered JMX Bean with object name Ratis:service=RaftServer,group=group-846FB80539C3,id=c617c0dc-5b73-4bee-8a03-3b3ac823c300
2023-02-16 16:34:49,894 [pool-480-thread-1] INFO  server.RaftServerConfigKeys (ConfUtils.java:logGet(46)) - raft.server.snapshot.auto.trigger.enabled = true (custom)
2023-02-16 16:34:49,894 [pool-480-thread-1] INFO  server.RaftServerConfigKeys (ConfUtils.java:logGet(46)) - raft.server.snapshot.auto.trigger.threshold = 10000 (custom)
2023-02-16 16:34:49,895 [pool-480-thread-1] INFO  server.RaftServerConfigKeys (ConfUtils.java:logGet(46)) - raft.server.snapshot.retention.file.num = 5 (custom)
2023-02-16 16:34:49,895 [pool-480-thread-1] INFO  server.RaftServerConfigKeys (ConfUtils.java:logGet(46)) - raft.server.log.purge.upto.snapshot.index = false (default)
2023-02-16 16:34:49,896 [c617c0dc-5b73-4bee-8a03-3b3ac823c300@group-846FB80539C3-FollowerState] INFO  server.RaftServerConfigKeys (ConfUtils.java:logFallback(53)) - raft.server.rpc.first-election.timeout.min = 5s (fallback to raft.server.rpc.timeout.min)
2023-02-16 16:34:49,896 [c617c0dc-5b73-4bee-8a03-3b3ac823c300@group-846FB80539C3-FollowerState] INFO  server.RaftServerConfigKeys (ConfUtils.java:logFallback(53)) - raft.server.rpc.first-election.timeout.max = 5200ms (fallback to raft.server.rpc.timeout.max)
2023-02-16 16:34:49,896 [Command processor thread] INFO  ratis.XceiverServerRatis (XceiverServerRatis.java:addGroup(807)) - Created group PipelineID=bf3f6b71-65a2-4113-a90c-846fb80539c3
2023-02-16 16:34:49,905 [grpc-default-executor-4] INFO  server.RaftServer (RaftServerProxy.java:addNew(96)) - 3dc841f7-9461-45fb-be3e-f1a36e39d59a: addNew group-846FB80539C3:[54ea6ac5-9e66-44bc-9134-574226f2896d|rpc:10.1.0.66:39543|dataStream:10.1.0.66:46125|priority:0|startupRole:FOLLOWER, 3dc841f7-9461-45fb-be3e-f1a36e39d59a|rpc:10.1.0.66:34405|dataStream:10.1.0.66:39763|priority:1|startupRole:FOLLOWER, c617c0dc-5b73-4bee-8a03-3b3ac823c300|rpc:10.1.0.66:39229|dataStream:10.1.0.66:45253|priority:0|startupRole:FOLLOWER] returns group-846FB80539C3:java.util.concurrent.CompletableFuture@3b63d8f4[Not completed]
2023-02-16 16:34:49,907 [pool-502-thread-1] INFO  server.RaftServer$Division (RaftServerImpl.java:<init>(195)) - 3dc841f7-9461-45fb-be3e-f1a36e39d59a: new RaftServerImpl for group-846FB80539C3:[54ea6ac5-9e66-44bc-9134-574226f2896d|rpc:10.1.0.66:39543|dataStream:10.1.0.66:46125|priority:0|startupRole:FOLLOWER, 3dc841f7-9461-45fb-be3e-f1a36e39d59a|rpc:10.1.0.66:34405|dataStream:10.1.0.66:39763|priority:1|startupRole:FOLLOWER, c617c0dc-5b73-4bee-8a03-3b3ac823c300|rpc:10.1.0.66:39229|dataStream:10.1.0.66:45253|priority:0|startupRole:FOLLOWER] with ContainerStateMachine:uninitialized
2023-02-16 16:34:49,907 [pool-502-thread-1] INFO  server.RaftServerConfigKeys (ConfUtils.java:logGet(46)) - raft.server.rpc.timeout.min = 5s (custom)
2023-02-16 16:34:49,907 [pool-502-thread-1] INFO  server.RaftServerConfigKeys (ConfUtils.java:logGet(46)) - raft.server.rpc.timeout.max = 5200ms (custom)
2023-02-16 16:34:49,907 [pool-502-thread-1] INFO  server.RaftServerConfigKeys (ConfUtils.java:logGet(46)) - raft.server.rpc.sleep.time = 25ms (default)
2023-02-16 16:34:49,907 [pool-502-thread-1] INFO  server.RaftServerConfigKeys (ConfUtils.java:logGet(46)) - raft.server.rpc.slowness.timeout = 300s (custom)
2023-02-16 16:34:49,907 [pool-502-thread-1] INFO  server.RaftServerConfigKeys (ConfUtils.java:logGet(46)) - raft.server.leaderelection.leader.step-down.wait-time = 10s (default)
2023-02-16 16:34:49,907 [pool-502-thread-1] INFO  server.RaftServerConfigKeys (ConfUtils.java:logGet(46)) - raft.server.sleep.deviation.threshold = 300ms (default)
2023-02-16 16:34:49,907 [pool-502-thread-1] INFO  server.RaftServer$Division (ServerState.java:<init>(118)) - 3dc841f7-9461-45fb-be3e-f1a36e39d59a@group-846FB80539C3: ConfigurationManager, init=-1: peers:[54ea6ac5-9e66-44bc-9134-574226f2896d|rpc:10.1.0.66:39543|dataStream:10.1.0.66:46125|priority:0|startupRole:FOLLOWER, 3dc841f7-9461-45fb-be3e-f1a36e39d59a|rpc:10.1.0.66:34405|dataStream:10.1.0.66:39763|priority:1|startupRole:FOLLOWER, c617c0dc-5b73-4bee-8a03-3b3ac823c300|rpc:10.1.0.66:39229|dataStream:10.1.0.66:45253|priority:0|startupRole:FOLLOWER]|listeners:[], old=null, confs=<EMPTY_MAP>
2023-02-16 16:34:49,907 [pool-502-thread-1] INFO  server.RaftServerConfigKeys (ConfUtils.java:logGet(46)) - raft.server.storage.dir = [/home/runner/work/ozone/ozone/hadoop-ozone/integration-test/target/test-dir/MiniOzoneClusterImpl-d88fc665-df07-433e-a21c-a919abf7322c/datanode-1/data/ratis] (custom)
2023-02-16 16:34:49,907 [pool-502-thread-1] INFO  server.RaftServerConfigKeys (ConfUtils.java:logGet(46)) - raft.server.log.corruption.policy = EXCEPTION (default)
2023-02-16 16:34:49,907 [pool-502-thread-1] INFO  server.RaftServerConfigKeys (ConfUtils.java:logGet(46)) - raft.server.storage.free-space.min = 0MB (=0) (default)
2023-02-16 16:34:49,907 [pool-502-thread-1] INFO  server.RaftServerConfigKeys (ConfUtils.java:logGet(46)) - raft.server.notification.no-leader.timeout = 300s (custom)
2023-02-16 16:34:49,908 [pool-502-thread-1] INFO  server.RaftServerConfigKeys (ConfUtils.java:logGet(46)) - raft.server.retrycache.expirytime = 600000ms (custom)
2023-02-16 16:34:49,908 [pool-502-thread-1] INFO  server.RaftServerConfigKeys (ConfUtils.java:logGet(46)) - raft.server.retrycache.statistics.expirytime = 100μs (default)
2023-02-16 16:34:49,908 [pool-502-thread-1] INFO  server.RaftServerConfigKeys (ConfUtils.java:logGet(46)) - raft.server.log.appender.install.snapshot.enabled = false (custom)
2023-02-16 16:34:49,908 [pool-502-thread-1] INFO  server.RaftServerConfigKeys (ConfUtils.java:logGet(46)) - raft.server.threadpool.server.cached = true (default)
2023-02-16 16:34:49,908 [pool-502-thread-1] INFO  server.RaftServerConfigKeys (ConfUtils.java:logGet(46)) - raft.server.threadpool.server.size = 0 (default)
2023-02-16 16:34:49,908 [pool-502-thread-1] INFO  server.RaftServerConfigKeys (ConfUtils.java:logGet(46)) - raft.server.threadpool.client.cached = true (default)
2023-02-16 16:34:49,908 [pool-502-thread-1] INFO  server.RaftServerConfigKeys (ConfUtils.java:logGet(46)) - raft.server.threadpool.client.size = 0 (default)
2023-02-16 16:34:49,908 [pool-502-thread-1] INFO  storage.RaftStorageDirectory (RaftStorageDirectoryImpl.java:analyzeStorage(137)) - The storage directory /home/runner/work/ozone/ozone/hadoop-ozone/integration-test/target/test-dir/MiniOzoneClusterImpl-d88fc665-df07-433e-a21c-a919abf7322c/datanode-1/data/ratis/bf3f6b71-65a2-4113-a90c-846fb80539c3 does not exist. Creating ...
2023-02-16 16:34:49,910 [pool-502-thread-1] INFO  storage.RaftStorageDirectory (RaftStorageDirectoryImpl.java:tryLock(231)) - Lock on /home/runner/work/ozone/ozone/hadoop-ozone/integration-test/target/test-dir/MiniOzoneClusterImpl-d88fc665-df07-433e-a21c-a919abf7322c/datanode-1/data/ratis/bf3f6b71-65a2-4113-a90c-846fb80539c3/in_use.lock acquired by nodename 11092@fv-az167-289
2023-02-16 16:34:49,911 [pool-502-thread-1] INFO  storage.RaftStorage (RaftStorageImpl.java:format(96)) - Storage directory /home/runner/work/ozone/ozone/hadoop-ozone/integration-test/target/test-dir/MiniOzoneClusterImpl-d88fc665-df07-433e-a21c-a919abf7322c/datanode-1/data/ratis/bf3f6b71-65a2-4113-a90c-846fb80539c3 has been successfully formatted.
2023-02-16 16:34:49,912 [pool-502-thread-1] INFO  ratis.ContainerStateMachine (ContainerStateMachine.java:loadSnapshot(240)) - group-846FB80539C3: The snapshot info is null. Setting the last applied indexto:(t:0, i:~)
2023-02-16 16:34:49,912 [pool-502-thread-1] INFO  server.RaftServerConfigKeys (ConfUtils.java:logGet(46)) - raft.server.log.use.memory = false (default)
2023-02-16 16:34:49,912 [pool-502-thread-1] INFO  server.RaftServerConfigKeys (ConfUtils.java:logGet(46)) - raft.server.log.purge.gap = 1000000 (custom)
2023-02-16 16:34:49,912 [pool-502-thread-1] INFO  server.RaftServerConfigKeys (ConfUtils.java:logGet(46)) - raft.server.log.appender.buffer.byte-limit = 33554432 (custom)
2023-02-16 16:34:49,912 [pool-502-thread-1] INFO  server.RaftServerConfigKeys (ConfUtils.java:logGet(46)) - raft.server.log.statemachine.data.read.timeout = 1000ms (default)
2023-02-16 16:34:49,912 [pool-502-thread-1] INFO  server.RaftServerConfigKeys (ConfUtils.java:logGet(46)) - raft.server.log.purge.preservation.log.num = 0 (default)
2023-02-16 16:34:49,913 [pool-502-thread-1] INFO  server.RaftServerConfigKeys (ConfUtils.java:logGet(46)) - raft.server.log.segment.size.max = 1048576 (custom)
2023-02-16 16:34:49,913 [pool-502-thread-1] INFO  server.RaftServerConfigKeys (ConfUtils.java:logGet(46)) - raft.server.log.segment.cache.num.max = 2 (custom)
2023-02-16 16:34:49,913 [pool-502-thread-1] INFO  server.RaftServerConfigKeys (ConfUtils.java:logGet(46)) - raft.server.log.segment.cache.size.max = 200MB (=209715200) (default)
2023-02-16 16:34:49,913 [pool-502-thread-1] INFO  segmented.SegmentedRaftLogWorker (SegmentedRaftLogWorker.java:<init>(189)) - new 3dc841f7-9461-45fb-be3e-f1a36e39d59a@group-846FB80539C3-SegmentedRaftLogWorker for RaftStorageImpl:Storage Directory /home/runner/work/ozone/ozone/hadoop-ozone/integration-test/target/test-dir/MiniOzoneClusterImpl-d88fc665-df07-433e-a21c-a919abf7322c/datanode-1/data/ratis/bf3f6b71-65a2-4113-a90c-846fb80539c3
2023-02-16 16:34:49,913 [pool-502-thread-1] INFO  server.RaftServerConfigKeys (ConfUtils.java:logGet(46)) - raft.server.log.queue.byte-limit = 4294967296 (custom)
2023-02-16 16:34:49,913 [pool-502-thread-1] INFO  server.RaftServerConfigKeys (ConfUtils.java:logGet(46)) - raft.server.log.queue.element-limit = 1024 (custom)
2023-02-16 16:34:49,913 [pool-502-thread-1] INFO  server.RaftServerConfigKeys (ConfUtils.java:logGet(46)) - raft.server.log.segment.size.max = 1048576 (custom)
2023-02-16 16:34:49,913 [pool-502-thread-1] INFO  server.RaftServerConfigKeys (ConfUtils.java:logGet(46)) - raft.server.log.preallocated.size = 16384 (custom)
2023-02-16 16:34:49,913 [pool-502-thread-1] INFO  server.RaftServerConfigKeys (ConfUtils.java:logGet(46)) - raft.server.log.force.sync.num = 128 (default)
2023-02-16 16:34:49,914 [pool-502-thread-1] INFO  server.RaftServerConfigKeys (ConfUtils.java:logGet(46)) - raft.server.log.statemachine.data.sync = true (default)
2023-02-16 16:34:49,914 [pool-502-thread-1] INFO  server.RaftServerConfigKeys (ConfUtils.java:logGet(46)) - raft.server.log.statemachine.data.sync.timeout = 10s (default)
2023-02-16 16:34:49,914 [pool-502-thread-1] INFO  server.RaftServerConfigKeys (ConfUtils.java:logGet(46)) - raft.server.log.statemachine.data.sync.timeout.retry = -1 (default)
2023-02-16 16:34:49,914 [pool-502-thread-1] INFO  server.RaftServerConfigKeys (ConfUtils.java:logGet(46)) - raft.server.log.write.buffer.size = 1048576 (custom)
2023-02-16 16:34:49,915 [pool-502-thread-1] INFO  server.RaftServerConfigKeys (ConfUtils.java:logGet(46)) - raft.server.log.appender.buffer.byte-limit = 33554432 (custom)
2023-02-16 16:34:49,917 [pool-502-thread-1] INFO  server.RaftServerConfigKeys (ConfUtils.java:logGet(46)) - raft.server.log.unsafe-flush.enabled = false (default)
2023-02-16 16:34:49,917 [pool-502-thread-1] INFO  server.RaftServerConfigKeys (ConfUtils.java:logGet(46)) - raft.server.log.async-flush.enabled = false (default)
2023-02-16 16:34:49,917 [pool-502-thread-1] INFO  server.RaftServerConfigKeys (ConfUtils.java:logGet(46)) - raft.server.log.statemachine.data.caching.enabled = true (custom)
2023-02-16 16:34:49,917 [pool-502-thread-1] INFO  segmented.SegmentedRaftLogWorker (SegmentedRaftLogWorker.java:lambda$new$0(135)) - 3dc841f7-9461-45fb-be3e-f1a36e39d59a@group-846FB80539C3-SegmentedRaftLogWorker: flushIndex: setUnconditionally 0 -> -1
2023-02-16 16:34:49,918 [pool-502-thread-1] INFO  segmented.SegmentedRaftLogWorker (SegmentedRaftLogWorker.java:lambda$new$0(135)) - 3dc841f7-9461-45fb-be3e-f1a36e39d59a@group-846FB80539C3-SegmentedRaftLogWorker: safeCacheEvictIndex: setUnconditionally 0 -> -1
2023-02-16 16:34:49,918 [pool-502-thread-1] INFO  server.RaftServer$Division (RaftServerImpl.java:start(334)) - 3dc841f7-9461-45fb-be3e-f1a36e39d59a@group-846FB80539C3: start as a follower, conf=-1: peers:[54ea6ac5-9e66-44bc-9134-574226f2896d|rpc:10.1.0.66:39543|dataStream:10.1.0.66:46125|priority:0|startupRole:FOLLOWER, 3dc841f7-9461-45fb-be3e-f1a36e39d59a|rpc:10.1.0.66:34405|dataStream:10.1.0.66:39763|priority:1|startupRole:FOLLOWER, c617c0dc-5b73-4bee-8a03-3b3ac823c300|rpc:10.1.0.66:39229|dataStream:10.1.0.66:45253|priority:0|startupRole:FOLLOWER]|listeners:[], old=null
2023-02-16 16:34:49,918 [pool-502-thread-1] INFO  server.RaftServer$Division (RaftServerImpl.java:setRole(321)) - 3dc841f7-9461-45fb-be3e-f1a36e39d59a@group-846FB80539C3: changes role from      null to FOLLOWER at term 0 for startAsFollower
2023-02-16 16:34:49,918 [pool-502-thread-1] INFO  impl.RoleInfo (RoleInfo.java:updateAndGet(139)) - 3dc841f7-9461-45fb-be3e-f1a36e39d59a: start 3dc841f7-9461-45fb-be3e-f1a36e39d59a@group-846FB80539C3-FollowerState
2023-02-16 16:34:49,918 [pool-502-thread-1] INFO  util.JmxRegister (JmxRegister.java:tryRegister(44)) - Successfully registered JMX Bean with object name Ratis:service=RaftServer,group=group-846FB80539C3,id=3dc841f7-9461-45fb-be3e-f1a36e39d59a
2023-02-16 16:34:49,918 [pool-502-thread-1] INFO  server.RaftServerConfigKeys (ConfUtils.java:logGet(46)) - raft.server.snapshot.auto.trigger.enabled = true (custom)
2023-02-16 16:34:49,918 [pool-502-thread-1] INFO  server.RaftServerConfigKeys (ConfUtils.java:logGet(46)) - raft.server.snapshot.auto.trigger.threshold = 10000 (custom)
2023-02-16 16:34:49,918 [pool-502-thread-1] INFO  server.RaftServerConfigKeys (ConfUtils.java:logGet(46)) - raft.server.snapshot.retention.file.num = 5 (custom)
2023-02-16 16:34:49,918 [pool-502-thread-1] INFO  server.RaftServerConfigKeys (ConfUtils.java:logGet(46)) - raft.server.log.purge.upto.snapshot.index = false (default)
2023-02-16 16:34:49,919 [3dc841f7-9461-45fb-be3e-f1a36e39d59a@group-846FB80539C3-FollowerState] INFO  server.RaftServerConfigKeys (ConfUtils.java:logFallback(53)) - raft.server.rpc.first-election.timeout.min = 5s (fallback to raft.server.rpc.timeout.min)
2023-02-16 16:34:49,919 [3dc841f7-9461-45fb-be3e-f1a36e39d59a@group-846FB80539C3-FollowerState] INFO  server.RaftServerConfigKeys (ConfUtils.java:logFallback(53)) - raft.server.rpc.first-election.timeout.max = 5200ms (fallback to raft.server.rpc.timeout.max)
2023-02-16 16:34:49,932 [grpc-default-executor-4] INFO  server.RaftServer (RaftServerProxy.java:addNew(96)) - 54ea6ac5-9e66-44bc-9134-574226f2896d: addNew group-846FB80539C3:[54ea6ac5-9e66-44bc-9134-574226f2896d|rpc:10.1.0.66:39543|dataStream:10.1.0.66:46125|priority:0|startupRole:FOLLOWER, 3dc841f7-9461-45fb-be3e-f1a36e39d59a|rpc:10.1.0.66:34405|dataStream:10.1.0.66:39763|priority:1|startupRole:FOLLOWER, c617c0dc-5b73-4bee-8a03-3b3ac823c300|rpc:10.1.0.66:39229|dataStream:10.1.0.66:45253|priority:0|startupRole:FOLLOWER] returns group-846FB80539C3:java.util.concurrent.CompletableFuture@154c37ab[Not completed]
2023-02-16 16:34:49,933 [pool-524-thread-1] INFO  server.RaftServer$Division (RaftServerImpl.java:<init>(195)) - 54ea6ac5-9e66-44bc-9134-574226f2896d: new RaftServerImpl for group-846FB80539C3:[54ea6ac5-9e66-44bc-9134-574226f2896d|rpc:10.1.0.66:39543|dataStream:10.1.0.66:46125|priority:0|startupRole:FOLLOWER, 3dc841f7-9461-45fb-be3e-f1a36e39d59a|rpc:10.1.0.66:34405|dataStream:10.1.0.66:39763|priority:1|startupRole:FOLLOWER, c617c0dc-5b73-4bee-8a03-3b3ac823c300|rpc:10.1.0.66:39229|dataStream:10.1.0.66:45253|priority:0|startupRole:FOLLOWER] with ContainerStateMachine:uninitialized
2023-02-16 16:34:49,933 [pool-524-thread-1] INFO  server.RaftServerConfigKeys (ConfUtils.java:logGet(46)) - raft.server.rpc.timeout.min = 5s (custom)
2023-02-16 16:34:49,933 [pool-524-thread-1] INFO  server.RaftServerConfigKeys (ConfUtils.java:logGet(46)) - raft.server.rpc.timeout.max = 5200ms (custom)
2023-02-16 16:34:49,933 [pool-524-thread-1] INFO  server.RaftServerConfigKeys (ConfUtils.java:logGet(46)) - raft.server.rpc.sleep.time = 25ms (default)
2023-02-16 16:34:49,933 [pool-524-thread-1] INFO  server.RaftServerConfigKeys (ConfUtils.java:logGet(46)) - raft.server.rpc.slowness.timeout = 300s (custom)
2023-02-16 16:34:49,933 [pool-524-thread-1] INFO  server.RaftServerConfigKeys (ConfUtils.java:logGet(46)) - raft.server.leaderelection.leader.step-down.wait-time = 10s (default)
2023-02-16 16:34:49,933 [pool-524-thread-1] INFO  server.RaftServerConfigKeys (ConfUtils.java:logGet(46)) - raft.server.sleep.deviation.threshold = 300ms (default)
2023-02-16 16:34:49,933 [pool-524-thread-1] INFO  server.RaftServer$Division (ServerState.java:<init>(118)) - 54ea6ac5-9e66-44bc-9134-574226f2896d@group-846FB80539C3: ConfigurationManager, init=-1: peers:[54ea6ac5-9e66-44bc-9134-574226f2896d|rpc:10.1.0.66:39543|dataStream:10.1.0.66:46125|priority:0|startupRole:FOLLOWER, 3dc841f7-9461-45fb-be3e-f1a36e39d59a|rpc:10.1.0.66:34405|dataStream:10.1.0.66:39763|priority:1|startupRole:FOLLOWER, c617c0dc-5b73-4bee-8a03-3b3ac823c300|rpc:10.1.0.66:39229|dataStream:10.1.0.66:45253|priority:0|startupRole:FOLLOWER]|listeners:[], old=null, confs=<EMPTY_MAP>
2023-02-16 16:34:49,933 [pool-524-thread-1] INFO  server.RaftServerConfigKeys (ConfUtils.java:logGet(46)) - raft.server.storage.dir = [/home/runner/work/ozone/ozone/hadoop-ozone/integration-test/target/test-dir/MiniOzoneClusterImpl-d88fc665-df07-433e-a21c-a919abf7322c/datanode-2/data/ratis] (custom)
2023-02-16 16:34:49,934 [pool-524-thread-1] INFO  server.RaftServerConfigKeys (ConfUtils.java:logGet(46)) - raft.server.log.corruption.policy = EXCEPTION (default)
2023-02-16 16:34:49,934 [pool-524-thread-1] INFO  server.RaftServerConfigKeys (ConfUtils.java:logGet(46)) - raft.server.storage.free-space.min = 0MB (=0) (default)
2023-02-16 16:34:49,934 [pool-524-thread-1] INFO  server.RaftServerConfigKeys (ConfUtils.java:logGet(46)) - raft.server.notification.no-leader.timeout = 300s (custom)
2023-02-16 16:34:49,934 [pool-524-thread-1] INFO  server.RaftServerConfigKeys (ConfUtils.java:logGet(46)) - raft.server.retrycache.expirytime = 600000ms (custom)
2023-02-16 16:34:49,934 [pool-524-thread-1] INFO  server.RaftServerConfigKeys (ConfUtils.java:logGet(46)) - raft.server.retrycache.statistics.expirytime = 100μs (default)
2023-02-16 16:34:49,934 [pool-524-thread-1] INFO  server.RaftServerConfigKeys (ConfUtils.java:logGet(46)) - raft.server.log.appender.install.snapshot.enabled = false (custom)
2023-02-16 16:34:49,934 [pool-524-thread-1] INFO  server.RaftServerConfigKeys (ConfUtils.java:logGet(46)) - raft.server.threadpool.server.cached = true (default)
2023-02-16 16:34:49,934 [pool-524-thread-1] INFO  server.RaftServerConfigKeys (ConfUtils.java:logGet(46)) - raft.server.threadpool.server.size = 0 (default)
2023-02-16 16:34:49,935 [pool-524-thread-1] INFO  server.RaftServerConfigKeys (ConfUtils.java:logGet(46)) - raft.server.threadpool.client.cached = true (default)
2023-02-16 16:34:49,935 [pool-524-thread-1] INFO  server.RaftServerConfigKeys (ConfUtils.java:logGet(46)) - raft.server.threadpool.client.size = 0 (default)
2023-02-16 16:34:49,935 [pool-524-thread-1] INFO  storage.RaftStorageDirectory (RaftStorageDirectoryImpl.java:analyzeStorage(137)) - The storage directory /home/runner/work/ozone/ozone/hadoop-ozone/integration-test/target/test-dir/MiniOzoneClusterImpl-d88fc665-df07-433e-a21c-a919abf7322c/datanode-2/data/ratis/bf3f6b71-65a2-4113-a90c-846fb80539c3 does not exist. Creating ...
2023-02-16 16:34:49,936 [pool-524-thread-1] INFO  storage.RaftStorageDirectory (RaftStorageDirectoryImpl.java:tryLock(231)) - Lock on /home/runner/work/ozone/ozone/hadoop-ozone/integration-test/target/test-dir/MiniOzoneClusterImpl-d88fc665-df07-433e-a21c-a919abf7322c/datanode-2/data/ratis/bf3f6b71-65a2-4113-a90c-846fb80539c3/in_use.lock acquired by nodename 11092@fv-az167-289
2023-02-16 16:34:49,937 [pool-524-thread-1] INFO  storage.RaftStorage (RaftStorageImpl.java:format(96)) - Storage directory /home/runner/work/ozone/ozone/hadoop-ozone/integration-test/target/test-dir/MiniOzoneClusterImpl-d88fc665-df07-433e-a21c-a919abf7322c/datanode-2/data/ratis/bf3f6b71-65a2-4113-a90c-846fb80539c3 has been successfully formatted.
2023-02-16 16:34:49,939 [pool-524-thread-1] INFO  ratis.ContainerStateMachine (ContainerStateMachine.java:loadSnapshot(240)) - group-846FB80539C3: The snapshot info is null. Setting the last applied indexto:(t:0, i:~)
2023-02-16 16:34:49,939 [pool-524-thread-1] INFO  server.RaftServerConfigKeys (ConfUtils.java:logGet(46)) - raft.server.log.use.memory = false (default)
2023-02-16 16:34:49,939 [pool-524-thread-1] INFO  server.RaftServerConfigKeys (ConfUtils.java:logGet(46)) - raft.server.log.purge.gap = 1000000 (custom)
2023-02-16 16:34:49,939 [pool-524-thread-1] INFO  server.RaftServerConfigKeys (ConfUtils.java:logGet(46)) - raft.server.log.appender.buffer.byte-limit = 33554432 (custom)
2023-02-16 16:34:49,939 [pool-524-thread-1] INFO  server.RaftServerConfigKeys (ConfUtils.java:logGet(46)) - raft.server.log.statemachine.data.read.timeout = 1000ms (default)
2023-02-16 16:34:49,939 [pool-524-thread-1] INFO  server.RaftServerConfigKeys (ConfUtils.java:logGet(46)) - raft.server.log.purge.preservation.log.num = 0 (default)
2023-02-16 16:34:49,939 [pool-524-thread-1] INFO  server.RaftServerConfigKeys (ConfUtils.java:logGet(46)) - raft.server.log.segment.size.max = 1048576 (custom)
2023-02-16 16:34:49,940 [pool-524-thread-1] INFO  server.RaftServerConfigKeys (ConfUtils.java:logGet(46)) - raft.server.log.segment.cache.num.max = 2 (custom)
2023-02-16 16:34:49,940 [pool-524-thread-1] INFO  server.RaftServerConfigKeys (ConfUtils.java:logGet(46)) - raft.server.log.segment.cache.size.max = 200MB (=209715200) (default)
2023-02-16 16:34:49,940 [pool-524-thread-1] INFO  segmented.SegmentedRaftLogWorker (SegmentedRaftLogWorker.java:<init>(189)) - new 54ea6ac5-9e66-44bc-9134-574226f2896d@group-846FB80539C3-SegmentedRaftLogWorker for RaftStorageImpl:Storage Directory /home/runner/work/ozone/ozone/hadoop-ozone/integration-test/target/test-dir/MiniOzoneClusterImpl-d88fc665-df07-433e-a21c-a919abf7322c/datanode-2/data/ratis/bf3f6b71-65a2-4113-a90c-846fb80539c3
2023-02-16 16:34:49,940 [pool-524-thread-1] INFO  server.RaftServerConfigKeys (ConfUtils.java:logGet(46)) - raft.server.log.queue.byte-limit = 4294967296 (custom)
2023-02-16 16:34:49,940 [pool-524-thread-1] INFO  server.RaftServerConfigKeys (ConfUtils.java:logGet(46)) - raft.server.log.queue.element-limit = 1024 (custom)
2023-02-16 16:34:49,940 [pool-524-thread-1] INFO  server.RaftServerConfigKeys (ConfUtils.java:logGet(46)) - raft.server.log.segment.size.max = 1048576 (custom)
2023-02-16 16:34:49,941 [pool-524-thread-1] INFO  server.RaftServerConfigKeys (ConfUtils.java:logGet(46)) - raft.server.log.preallocated.size = 16384 (custom)
2023-02-16 16:34:49,941 [pool-524-thread-1] INFO  server.RaftServerConfigKeys (ConfUtils.java:logGet(46)) - raft.server.log.force.sync.num = 128 (default)
2023-02-16 16:34:49,941 [pool-524-thread-1] INFO  server.RaftServerConfigKeys (ConfUtils.java:logGet(46)) - raft.server.log.statemachine.data.sync = true (default)
2023-02-16 16:34:49,941 [pool-524-thread-1] INFO  server.RaftServerConfigKeys (ConfUtils.java:logGet(46)) - raft.server.log.statemachine.data.sync.timeout = 10s (default)
2023-02-16 16:34:49,941 [pool-524-thread-1] INFO  server.RaftServerConfigKeys (ConfUtils.java:logGet(46)) - raft.server.log.statemachine.data.sync.timeout.retry = -1 (default)
2023-02-16 16:34:49,942 [pool-524-thread-1] INFO  server.RaftServerConfigKeys (ConfUtils.java:logGet(46)) - raft.server.log.write.buffer.size = 1048576 (custom)
2023-02-16 16:34:49,942 [pool-524-thread-1] INFO  server.RaftServerConfigKeys (ConfUtils.java:logGet(46)) - raft.server.log.appender.buffer.byte-limit = 33554432 (custom)
2023-02-16 16:34:49,945 [pool-524-thread-1] INFO  server.RaftServerConfigKeys (ConfUtils.java:logGet(46)) - raft.server.log.unsafe-flush.enabled = false (default)
2023-02-16 16:34:49,945 [pool-524-thread-1] INFO  server.RaftServerConfigKeys (ConfUtils.java:logGet(46)) - raft.server.log.async-flush.enabled = false (default)
2023-02-16 16:34:49,945 [pool-524-thread-1] INFO  server.RaftServerConfigKeys (ConfUtils.java:logGet(46)) - raft.server.log.statemachine.data.caching.enabled = true (custom)
2023-02-16 16:34:49,945 [pool-524-thread-1] INFO  segmented.SegmentedRaftLogWorker (SegmentedRaftLogWorker.java:lambda$new$0(135)) - 54ea6ac5-9e66-44bc-9134-574226f2896d@group-846FB80539C3-SegmentedRaftLogWorker: flushIndex: setUnconditionally 0 -> -1
2023-02-16 16:34:49,945 [pool-524-thread-1] INFO  segmented.SegmentedRaftLogWorker (SegmentedRaftLogWorker.java:lambda$new$0(135)) - 54ea6ac5-9e66-44bc-9134-574226f2896d@group-846FB80539C3-SegmentedRaftLogWorker: safeCacheEvictIndex: setUnconditionally 0 -> -1
2023-02-16 16:34:49,945 [pool-524-thread-1] INFO  server.RaftServer$Division (RaftServerImpl.java:start(334)) - 54ea6ac5-9e66-44bc-9134-574226f2896d@group-846FB80539C3: start as a follower, conf=-1: peers:[54ea6ac5-9e66-44bc-9134-574226f2896d|rpc:10.1.0.66:39543|dataStream:10.1.0.66:46125|priority:0|startupRole:FOLLOWER, 3dc841f7-9461-45fb-be3e-f1a36e39d59a|rpc:10.1.0.66:34405|dataStream:10.1.0.66:39763|priority:1|startupRole:FOLLOWER, c617c0dc-5b73-4bee-8a03-3b3ac823c300|rpc:10.1.0.66:39229|dataStream:10.1.0.66:45253|priority:0|startupRole:FOLLOWER]|listeners:[], old=null
2023-02-16 16:34:49,946 [pool-524-thread-1] INFO  server.RaftServer$Division (RaftServerImpl.java:setRole(321)) - 54ea6ac5-9e66-44bc-9134-574226f2896d@group-846FB80539C3: changes role from      null to FOLLOWER at term 0 for startAsFollower
2023-02-16 16:34:49,946 [pool-524-thread-1] INFO  impl.RoleInfo (RoleInfo.java:updateAndGet(139)) - 54ea6ac5-9e66-44bc-9134-574226f2896d: start 54ea6ac5-9e66-44bc-9134-574226f2896d@group-846FB80539C3-FollowerState
2023-02-16 16:34:49,950 [pool-524-thread-1] INFO  util.JmxRegister (JmxRegister.java:tryRegister(44)) - Successfully registered JMX Bean with object name Ratis:service=RaftServer,group=group-846FB80539C3,id=54ea6ac5-9e66-44bc-9134-574226f2896d
2023-02-16 16:34:49,950 [pool-524-thread-1] INFO  server.RaftServerConfigKeys (ConfUtils.java:logGet(46)) - raft.server.snapshot.auto.trigger.enabled = true (custom)
2023-02-16 16:34:49,950 [pool-524-thread-1] INFO  server.RaftServerConfigKeys (ConfUtils.java:logGet(46)) - raft.server.snapshot.auto.trigger.threshold = 10000 (custom)
2023-02-16 16:34:49,950 [pool-524-thread-1] INFO  server.RaftServerConfigKeys (ConfUtils.java:logGet(46)) - raft.server.snapshot.retention.file.num = 5 (custom)
2023-02-16 16:34:49,950 [pool-524-thread-1] INFO  server.RaftServerConfigKeys (ConfUtils.java:logGet(46)) - raft.server.log.purge.upto.snapshot.index = false (default)
2023-02-16 16:34:49,950 [54ea6ac5-9e66-44bc-9134-574226f2896d@group-846FB80539C3-FollowerState] INFO  server.RaftServerConfigKeys (ConfUtils.java:logFallback(53)) - raft.server.rpc.first-election.timeout.min = 5s (fallback to raft.server.rpc.timeout.min)
2023-02-16 16:34:49,950 [54ea6ac5-9e66-44bc-9134-574226f2896d@group-846FB80539C3-FollowerState] INFO  server.RaftServerConfigKeys (ConfUtils.java:logFallback(53)) - raft.server.rpc.first-election.timeout.max = 5200ms (fallback to raft.server.rpc.timeout.max)
2023-02-16 16:34:49,955 [Command processor thread] INFO  commandhandler.CreatePipelineCommandHandler (CreatePipelineCommandHandler.java:handle(113)) - Created Pipeline RATIS THREE PipelineID=bf3f6b71-65a2-4113-a90c-846fb80539c3.
2023-02-16 16:34:49,955 [Command processor thread] INFO  server.RaftServer (RaftServerProxy.java:addNew(96)) - c617c0dc-5b73-4bee-8a03-3b3ac823c300: addNew group-334246B51765:[54ea6ac5-9e66-44bc-9134-574226f2896d|rpc:10.1.0.66:39543|dataStream:10.1.0.66:46125|priority:1|startupRole:FOLLOWER, 3dc841f7-9461-45fb-be3e-f1a36e39d59a|rpc:10.1.0.66:34405|dataStream:10.1.0.66:39763|priority:0|startupRole:FOLLOWER, c617c0dc-5b73-4bee-8a03-3b3ac823c300|rpc:10.1.0.66:39229|dataStream:10.1.0.66:45253|priority:0|startupRole:FOLLOWER] returns group-334246B51765:java.util.concurrent.CompletableFuture@72d438ee[Not completed]
2023-02-16 16:34:49,956 [pool-480-thread-1] INFO  server.RaftServer$Division (RaftServerImpl.java:<init>(195)) - c617c0dc-5b73-4bee-8a03-3b3ac823c300: new RaftServerImpl for group-334246B51765:[54ea6ac5-9e66-44bc-9134-574226f2896d|rpc:10.1.0.66:39543|dataStream:10.1.0.66:46125|priority:1|startupRole:FOLLOWER, 3dc841f7-9461-45fb-be3e-f1a36e39d59a|rpc:10.1.0.66:34405|dataStream:10.1.0.66:39763|priority:0|startupRole:FOLLOWER, c617c0dc-5b73-4bee-8a03-3b3ac823c300|rpc:10.1.0.66:39229|dataStream:10.1.0.66:45253|priority:0|startupRole:FOLLOWER] with ContainerStateMachine:uninitialized
2023-02-16 16:34:49,956 [pool-480-thread-1] INFO  server.RaftServerConfigKeys (ConfUtils.java:logGet(46)) - raft.server.rpc.timeout.min = 5s (custom)
2023-02-16 16:34:49,956 [pool-480-thread-1] INFO  server.RaftServerConfigKeys (ConfUtils.java:logGet(46)) - raft.server.rpc.timeout.max = 5200ms (custom)
2023-02-16 16:34:49,956 [pool-480-thread-1] INFO  server.RaftServerConfigKeys (ConfUtils.java:logGet(46)) - raft.server.rpc.sleep.time = 25ms (default)
2023-02-16 16:34:49,956 [pool-480-thread-1] INFO  server.RaftServerConfigKeys (ConfUtils.java:logGet(46)) - raft.server.rpc.slowness.timeout = 300s (custom)
2023-02-16 16:34:49,956 [pool-480-thread-1] INFO  server.RaftServerConfigKeys (ConfUtils.java:logGet(46)) - raft.server.leaderelection.leader.step-down.wait-time = 10s (default)
2023-02-16 16:34:49,956 [pool-480-thread-1] INFO  server.RaftServerConfigKeys (ConfUtils.java:logGet(46)) - raft.server.sleep.deviation.threshold = 300ms (default)
2023-02-16 16:34:49,956 [pool-480-thread-1] INFO  server.RaftServer$Division (ServerState.java:<init>(118)) - c617c0dc-5b73-4bee-8a03-3b3ac823c300@group-334246B51765: ConfigurationManager, init=-1: peers:[54ea6ac5-9e66-44bc-9134-574226f2896d|rpc:10.1.0.66:39543|dataStream:10.1.0.66:46125|priority:1|startupRole:FOLLOWER, 3dc841f7-9461-45fb-be3e-f1a36e39d59a|rpc:10.1.0.66:34405|dataStream:10.1.0.66:39763|priority:0|startupRole:FOLLOWER, c617c0dc-5b73-4bee-8a03-3b3ac823c300|rpc:10.1.0.66:39229|dataStream:10.1.0.66:45253|priority:0|startupRole:FOLLOWER]|listeners:[], old=null, confs=<EMPTY_MAP>
2023-02-16 16:34:49,956 [pool-480-thread-1] INFO  server.RaftServerConfigKeys (ConfUtils.java:logGet(46)) - raft.server.storage.dir = [/home/runner/work/ozone/ozone/hadoop-ozone/integration-test/target/test-dir/MiniOzoneClusterImpl-d88fc665-df07-433e-a21c-a919abf7322c/datanode-0/data/ratis] (custom)
2023-02-16 16:34:49,956 [pool-480-thread-1] INFO  server.RaftServerConfigKeys (ConfUtils.java:logGet(46)) - raft.server.log.corruption.policy = EXCEPTION (default)
2023-02-16 16:34:49,956 [pool-480-thread-1] INFO  server.RaftServerConfigKeys (ConfUtils.java:logGet(46)) - raft.server.storage.free-space.min = 0MB (=0) (default)
2023-02-16 16:34:49,956 [pool-480-thread-1] INFO  server.RaftServerConfigKeys (ConfUtils.java:logGet(46)) - raft.server.notification.no-leader.timeout = 300s (custom)
2023-02-16 16:34:49,956 [pool-480-thread-1] INFO  server.RaftServerConfigKeys (ConfUtils.java:logGet(46)) - raft.server.retrycache.expirytime = 600000ms (custom)
2023-02-16 16:34:49,956 [pool-480-thread-1] INFO  server.RaftServerConfigKeys (ConfUtils.java:logGet(46)) - raft.server.retrycache.statistics.expirytime = 100μs (default)
2023-02-16 16:34:49,957 [pool-480-thread-1] INFO  server.RaftServerConfigKeys (ConfUtils.java:logGet(46)) - raft.server.log.appender.install.snapshot.enabled = false (custom)
2023-02-16 16:34:49,957 [pool-480-thread-1] INFO  server.RaftServerConfigKeys (ConfUtils.java:logGet(46)) - raft.server.threadpool.server.cached = true (default)
2023-02-16 16:34:49,957 [pool-480-thread-1] INFO  server.RaftServerConfigKeys (ConfUtils.java:logGet(46)) - raft.server.threadpool.server.size = 0 (default)
2023-02-16 16:34:49,957 [pool-480-thread-1] INFO  server.RaftServerConfigKeys (ConfUtils.java:logGet(46)) - raft.server.threadpool.client.cached = true (default)
2023-02-16 16:34:49,957 [pool-480-thread-1] INFO  server.RaftServerConfigKeys (ConfUtils.java:logGet(46)) - raft.server.threadpool.client.size = 0 (default)
2023-02-16 16:34:49,957 [pool-480-thread-1] INFO  storage.RaftStorageDirectory (RaftStorageDirectoryImpl.java:analyzeStorage(137)) - The storage directory /home/runner/work/ozone/ozone/hadoop-ozone/integration-test/target/test-dir/MiniOzoneClusterImpl-d88fc665-df07-433e-a21c-a919abf7322c/datanode-0/data/ratis/6a1ee93f-3e9e-4f14-a084-334246b51765 does not exist. Creating ...
2023-02-16 16:34:49,958 [pool-480-thread-1] INFO  storage.RaftStorageDirectory (RaftStorageDirectoryImpl.java:tryLock(231)) - Lock on /home/runner/work/ozone/ozone/hadoop-ozone/integration-test/target/test-dir/MiniOzoneClusterImpl-d88fc665-df07-433e-a21c-a919abf7322c/datanode-0/data/ratis/6a1ee93f-3e9e-4f14-a084-334246b51765/in_use.lock acquired by nodename 11092@fv-az167-289
2023-02-16 16:34:49,959 [pool-480-thread-1] INFO  storage.RaftStorage (RaftStorageImpl.java:format(96)) - Storage directory /home/runner/work/ozone/ozone/hadoop-ozone/integration-test/target/test-dir/MiniOzoneClusterImpl-d88fc665-df07-433e-a21c-a919abf7322c/datanode-0/data/ratis/6a1ee93f-3e9e-4f14-a084-334246b51765 has been successfully formatted.
2023-02-16 16:34:49,959 [pool-480-thread-1] INFO  ratis.ContainerStateMachine (ContainerStateMachine.java:loadSnapshot(240)) - group-334246B51765: The snapshot info is null. Setting the last applied indexto:(t:0, i:~)
2023-02-16 16:34:49,960 [pool-480-thread-1] INFO  server.RaftServerConfigKeys (ConfUtils.java:logGet(46)) - raft.server.log.use.memory = false (default)
2023-02-16 16:34:49,960 [EventQueue-OpenPipelineForHealthyPipelineSafeModeRule] INFO  safemode.SCMSafeModeManager (HealthyPipelineSafeModeRule.java:process(137)) - SCM in safe mode. Healthy pipelines reported count is 0, required healthy pipeline reported count is 1
2023-02-16 16:34:49,960 [pool-480-thread-1] INFO  server.RaftServerConfigKeys (ConfUtils.java:logGet(46)) - raft.server.log.purge.gap = 1000000 (custom)
2023-02-16 16:34:49,960 [pool-480-thread-1] INFO  server.RaftServerConfigKeys (ConfUtils.java:logGet(46)) - raft.server.log.appender.buffer.byte-limit = 33554432 (custom)
2023-02-16 16:34:49,960 [pool-480-thread-1] INFO  server.RaftServerConfigKeys (ConfUtils.java:logGet(46)) - raft.server.log.statemachine.data.read.timeout = 1000ms (default)
2023-02-16 16:34:49,961 [pool-480-thread-1] INFO  server.RaftServerConfigKeys (ConfUtils.java:logGet(46)) - raft.server.log.purge.preservation.log.num = 0 (default)
2023-02-16 16:34:49,961 [pool-480-thread-1] INFO  server.RaftServerConfigKeys (ConfUtils.java:logGet(46)) - raft.server.log.segment.size.max = 1048576 (custom)
2023-02-16 16:34:49,961 [pool-480-thread-1] INFO  server.RaftServerConfigKeys (ConfUtils.java:logGet(46)) - raft.server.log.segment.cache.num.max = 2 (custom)
2023-02-16 16:34:49,961 [pool-480-thread-1] INFO  server.RaftServerConfigKeys (ConfUtils.java:logGet(46)) - raft.server.log.segment.cache.size.max = 200MB (=209715200) (default)
2023-02-16 16:34:49,961 [pool-480-thread-1] INFO  segmented.SegmentedRaftLogWorker (SegmentedRaftLogWorker.java:<init>(189)) - new c617c0dc-5b73-4bee-8a03-3b3ac823c300@group-334246B51765-SegmentedRaftLogWorker for RaftStorageImpl:Storage Directory /home/runner/work/ozone/ozone/hadoop-ozone/integration-test/target/test-dir/MiniOzoneClusterImpl-d88fc665-df07-433e-a21c-a919abf7322c/datanode-0/data/ratis/6a1ee93f-3e9e-4f14-a084-334246b51765
2023-02-16 16:34:49,961 [pool-480-thread-1] INFO  server.RaftServerConfigKeys (ConfUtils.java:logGet(46)) - raft.server.log.queue.byte-limit = 4294967296 (custom)
2023-02-16 16:34:49,961 [pool-480-thread-1] INFO  server.RaftServerConfigKeys (ConfUtils.java:logGet(46)) - raft.server.log.queue.element-limit = 1024 (custom)
2023-02-16 16:34:49,961 [pool-480-thread-1] INFO  server.RaftServerConfigKeys (ConfUtils.java:logGet(46)) - raft.server.log.segment.size.max = 1048576 (custom)
2023-02-16 16:34:49,961 [pool-480-thread-1] INFO  server.RaftServerConfigKeys (ConfUtils.java:logGet(46)) - raft.server.log.preallocated.size = 16384 (custom)
2023-02-16 16:34:49,961 [pool-480-thread-1] INFO  server.RaftServerConfigKeys (ConfUtils.java:logGet(46)) - raft.server.log.force.sync.num = 128 (default)
2023-02-16 16:34:49,961 [pool-480-thread-1] INFO  server.RaftServerConfigKeys (ConfUtils.java:logGet(46)) - raft.server.log.statemachine.data.sync = true (default)
2023-02-16 16:34:49,961 [pool-480-thread-1] INFO  server.RaftServerConfigKeys (ConfUtils.java:logGet(46)) - raft.server.log.statemachine.data.sync.timeout = 10s (default)
2023-02-16 16:34:49,961 [pool-480-thread-1] INFO  server.RaftServerConfigKeys (ConfUtils.java:logGet(46)) - raft.server.log.statemachine.data.sync.timeout.retry = -1 (default)
2023-02-16 16:34:49,962 [pool-480-thread-1] INFO  server.RaftServerConfigKeys (ConfUtils.java:logGet(46)) - raft.server.log.write.buffer.size = 1048576 (custom)
2023-02-16 16:34:49,962 [pool-480-thread-1] INFO  server.RaftServerConfigKeys (ConfUtils.java:logGet(46)) - raft.server.log.appender.buffer.byte-limit = 33554432 (custom)
2023-02-16 16:34:49,965 [pool-480-thread-1] INFO  server.RaftServerConfigKeys (ConfUtils.java:logGet(46)) - raft.server.log.unsafe-flush.enabled = false (default)
2023-02-16 16:34:49,965 [pool-480-thread-1] INFO  server.RaftServerConfigKeys (ConfUtils.java:logGet(46)) - raft.server.log.async-flush.enabled = false (default)
2023-02-16 16:34:49,965 [pool-480-thread-1] INFO  server.RaftServerConfigKeys (ConfUtils.java:logGet(46)) - raft.server.log.statemachine.data.caching.enabled = true (custom)
2023-02-16 16:34:49,965 [pool-480-thread-1] INFO  segmented.SegmentedRaftLogWorker (SegmentedRaftLogWorker.java:lambda$new$0(135)) - c617c0dc-5b73-4bee-8a03-3b3ac823c300@group-334246B51765-SegmentedRaftLogWorker: flushIndex: setUnconditionally 0 -> -1
2023-02-16 16:34:49,965 [pool-480-thread-1] INFO  segmented.SegmentedRaftLogWorker (SegmentedRaftLogWorker.java:lambda$new$0(135)) - c617c0dc-5b73-4bee-8a03-3b3ac823c300@group-334246B51765-SegmentedRaftLogWorker: safeCacheEvictIndex: setUnconditionally 0 -> -1
2023-02-16 16:34:49,965 [pool-480-thread-1] INFO  server.RaftServer$Division (RaftServerImpl.java:start(334)) - c617c0dc-5b73-4bee-8a03-3b3ac823c300@group-334246B51765: start as a follower, conf=-1: peers:[54ea6ac5-9e66-44bc-9134-574226f2896d|rpc:10.1.0.66:39543|dataStream:10.1.0.66:46125|priority:1|startupRole:FOLLOWER, 3dc841f7-9461-45fb-be3e-f1a36e39d59a|rpc:10.1.0.66:34405|dataStream:10.1.0.66:39763|priority:0|startupRole:FOLLOWER, c617c0dc-5b73-4bee-8a03-3b3ac823c300|rpc:10.1.0.66:39229|dataStream:10.1.0.66:45253|priority:0|startupRole:FOLLOWER]|listeners:[], old=null
2023-02-16 16:34:49,965 [pool-480-thread-1] INFO  server.RaftServer$Division (RaftServerImpl.java:setRole(321)) - c617c0dc-5b73-4bee-8a03-3b3ac823c300@group-334246B51765: changes role from      null to FOLLOWER at term 0 for startAsFollower
2023-02-16 16:34:49,965 [pool-480-thread-1] INFO  impl.RoleInfo (RoleInfo.java:updateAndGet(139)) - c617c0dc-5b73-4bee-8a03-3b3ac823c300: start c617c0dc-5b73-4bee-8a03-3b3ac823c300@group-334246B51765-FollowerState
2023-02-16 16:34:49,966 [pool-480-thread-1] INFO  util.JmxRegister (JmxRegister.java:tryRegister(44)) - Successfully registered JMX Bean with object name Ratis:service=RaftServer,group=group-334246B51765,id=c617c0dc-5b73-4bee-8a03-3b3ac823c300
2023-02-16 16:34:49,966 [pool-480-thread-1] INFO  server.RaftServerConfigKeys (ConfUtils.java:logGet(46)) - raft.server.snapshot.auto.trigger.enabled = true (custom)
2023-02-16 16:34:49,966 [pool-480-thread-1] INFO  server.RaftServerConfigKeys (ConfUtils.java:logGet(46)) - raft.server.snapshot.auto.trigger.threshold = 10000 (custom)
2023-02-16 16:34:49,966 [pool-480-thread-1] INFO  server.RaftServerConfigKeys (ConfUtils.java:logGet(46)) - raft.server.snapshot.retention.file.num = 5 (custom)
2023-02-16 16:34:49,966 [pool-480-thread-1] INFO  server.RaftServerConfigKeys (ConfUtils.java:logGet(46)) - raft.server.log.purge.upto.snapshot.index = false (default)
2023-02-16 16:34:49,966 [c617c0dc-5b73-4bee-8a03-3b3ac823c300@group-334246B51765-FollowerState] INFO  server.RaftServerConfigKeys (ConfUtils.java:logFallback(53)) - raft.server.rpc.first-election.timeout.min = 5s (fallback to raft.server.rpc.timeout.min)
2023-02-16 16:34:49,966 [c617c0dc-5b73-4bee-8a03-3b3ac823c300@group-334246B51765-FollowerState] INFO  server.RaftServerConfigKeys (ConfUtils.java:logFallback(53)) - raft.server.rpc.first-election.timeout.max = 5200ms (fallback to raft.server.rpc.timeout.max)
2023-02-16 16:34:49,967 [Command processor thread] INFO  ratis.XceiverServerRatis (XceiverServerRatis.java:addGroup(807)) - Created group PipelineID=6a1ee93f-3e9e-4f14-a084-334246b51765
2023-02-16 16:34:49,972 [grpc-default-executor-4] INFO  server.RaftServer (RaftServerProxy.java:addNew(96)) - 54ea6ac5-9e66-44bc-9134-574226f2896d: addNew group-334246B51765:[54ea6ac5-9e66-44bc-9134-574226f2896d|rpc:10.1.0.66:39543|dataStream:10.1.0.66:46125|priority:1|startupRole:FOLLOWER, 3dc841f7-9461-45fb-be3e-f1a36e39d59a|rpc:10.1.0.66:34405|dataStream:10.1.0.66:39763|priority:0|startupRole:FOLLOWER, c617c0dc-5b73-4bee-8a03-3b3ac823c300|rpc:10.1.0.66:39229|dataStream:10.1.0.66:45253|priority:0|startupRole:FOLLOWER] returns group-334246B51765:java.util.concurrent.CompletableFuture@35dfd59a[Not completed]
2023-02-16 16:34:49,973 [pool-524-thread-1] INFO  server.RaftServer$Division (RaftServerImpl.java:<init>(195)) - 54ea6ac5-9e66-44bc-9134-574226f2896d: new RaftServerImpl for group-334246B51765:[54ea6ac5-9e66-44bc-9134-574226f2896d|rpc:10.1.0.66:39543|dataStream:10.1.0.66:46125|priority:1|startupRole:FOLLOWER, 3dc841f7-9461-45fb-be3e-f1a36e39d59a|rpc:10.1.0.66:34405|dataStream:10.1.0.66:39763|priority:0|startupRole:FOLLOWER, c617c0dc-5b73-4bee-8a03-3b3ac823c300|rpc:10.1.0.66:39229|dataStream:10.1.0.66:45253|priority:0|startupRole:FOLLOWER] with ContainerStateMachine:uninitialized
2023-02-16 16:34:49,973 [pool-524-thread-1] INFO  server.RaftServerConfigKeys (ConfUtils.java:logGet(46)) - raft.server.rpc.timeout.min = 5s (custom)
2023-02-16 16:34:49,973 [pool-524-thread-1] INFO  server.RaftServerConfigKeys (ConfUtils.java:logGet(46)) - raft.server.rpc.timeout.max = 5200ms (custom)
2023-02-16 16:34:49,973 [pool-524-thread-1] INFO  server.RaftServerConfigKeys (ConfUtils.java:logGet(46)) - raft.server.rpc.sleep.time = 25ms (default)
2023-02-16 16:34:49,973 [pool-524-thread-1] INFO  server.RaftServerConfigKeys (ConfUtils.java:logGet(46)) - raft.server.rpc.slowness.timeout = 300s (custom)
2023-02-16 16:34:49,973 [pool-524-thread-1] INFO  server.RaftServerConfigKeys (ConfUtils.java:logGet(46)) - raft.server.leaderelection.leader.step-down.wait-time = 10s (default)
2023-02-16 16:34:49,973 [pool-524-thread-1] INFO  server.RaftServerConfigKeys (ConfUtils.java:logGet(46)) - raft.server.sleep.deviation.threshold = 300ms (default)
2023-02-16 16:34:49,973 [pool-524-thread-1] INFO  server.RaftServer$Division (ServerState.java:<init>(118)) - 54ea6ac5-9e66-44bc-9134-574226f2896d@group-334246B51765: ConfigurationManager, init=-1: peers:[54ea6ac5-9e66-44bc-9134-574226f2896d|rpc:10.1.0.66:39543|dataStream:10.1.0.66:46125|priority:1|startupRole:FOLLOWER, 3dc841f7-9461-45fb-be3e-f1a36e39d59a|rpc:10.1.0.66:34405|dataStream:10.1.0.66:39763|priority:0|startupRole:FOLLOWER, c617c0dc-5b73-4bee-8a03-3b3ac823c300|rpc:10.1.0.66:39229|dataStream:10.1.0.66:45253|priority:0|startupRole:FOLLOWER]|listeners:[], old=null, confs=<EMPTY_MAP>
2023-02-16 16:34:49,973 [pool-524-thread-1] INFO  server.RaftServerConfigKeys (ConfUtils.java:logGet(46)) - raft.server.storage.dir = [/home/runner/work/ozone/ozone/hadoop-ozone/integration-test/target/test-dir/MiniOzoneClusterImpl-d88fc665-df07-433e-a21c-a919abf7322c/datanode-2/data/ratis] (custom)
2023-02-16 16:34:49,973 [pool-524-thread-1] INFO  server.RaftServerConfigKeys (ConfUtils.java:logGet(46)) - raft.server.log.corruption.policy = EXCEPTION (default)
2023-02-16 16:34:49,973 [pool-524-thread-1] INFO  server.RaftServerConfigKeys (ConfUtils.java:logGet(46)) - raft.server.storage.free-space.min = 0MB (=0) (default)
2023-02-16 16:34:49,974 [pool-524-thread-1] INFO  server.RaftServerConfigKeys (ConfUtils.java:logGet(46)) - raft.server.notification.no-leader.timeout = 300s (custom)
2023-02-16 16:34:49,974 [pool-524-thread-1] INFO  server.RaftServerConfigKeys (ConfUtils.java:logGet(46)) - raft.server.retrycache.expirytime = 600000ms (custom)
2023-02-16 16:34:49,974 [pool-524-thread-1] INFO  server.RaftServerConfigKeys (ConfUtils.java:logGet(46)) - raft.server.retrycache.statistics.expirytime = 100μs (default)
2023-02-16 16:34:49,974 [pool-524-thread-1] INFO  server.RaftServerConfigKeys (ConfUtils.java:logGet(46)) - raft.server.log.appender.install.snapshot.enabled = false (custom)
2023-02-16 16:34:49,974 [pool-524-thread-1] INFO  server.RaftServerConfigKeys (ConfUtils.java:logGet(46)) - raft.server.threadpool.server.cached = true (default)
2023-02-16 16:34:49,974 [pool-524-thread-1] INFO  server.RaftServerConfigKeys (ConfUtils.java:logGet(46)) - raft.server.threadpool.server.size = 0 (default)
2023-02-16 16:34:49,974 [pool-524-thread-1] INFO  server.RaftServerConfigKeys (ConfUtils.java:logGet(46)) - raft.server.threadpool.client.cached = true (default)
2023-02-16 16:34:49,974 [pool-524-thread-1] INFO  server.RaftServerConfigKeys (ConfUtils.java:logGet(46)) - raft.server.threadpool.client.size = 0 (default)
2023-02-16 16:34:49,974 [pool-524-thread-1] INFO  storage.RaftStorageDirectory (RaftStorageDirectoryImpl.java:analyzeStorage(137)) - The storage directory /home/runner/work/ozone/ozone/hadoop-ozone/integration-test/target/test-dir/MiniOzoneClusterImpl-d88fc665-df07-433e-a21c-a919abf7322c/datanode-2/data/ratis/6a1ee93f-3e9e-4f14-a084-334246b51765 does not exist. Creating ...
2023-02-16 16:34:49,975 [pool-524-thread-1] INFO  storage.RaftStorageDirectory (RaftStorageDirectoryImpl.java:tryLock(231)) - Lock on /home/runner/work/ozone/ozone/hadoop-ozone/integration-test/target/test-dir/MiniOzoneClusterImpl-d88fc665-df07-433e-a21c-a919abf7322c/datanode-2/data/ratis/6a1ee93f-3e9e-4f14-a084-334246b51765/in_use.lock acquired by nodename 11092@fv-az167-289
2023-02-16 16:34:49,976 [pool-524-thread-1] INFO  storage.RaftStorage (RaftStorageImpl.java:format(96)) - Storage directory /home/runner/work/ozone/ozone/hadoop-ozone/integration-test/target/test-dir/MiniOzoneClusterImpl-d88fc665-df07-433e-a21c-a919abf7322c/datanode-2/data/ratis/6a1ee93f-3e9e-4f14-a084-334246b51765 has been successfully formatted.
2023-02-16 16:34:49,977 [pool-524-thread-1] INFO  ratis.ContainerStateMachine (ContainerStateMachine.java:loadSnapshot(240)) - group-334246B51765: The snapshot info is null. Setting the last applied indexto:(t:0, i:~)
2023-02-16 16:34:49,978 [pool-524-thread-1] INFO  server.RaftServerConfigKeys (ConfUtils.java:logGet(46)) - raft.server.log.use.memory = false (default)
2023-02-16 16:34:49,978 [pool-524-thread-1] INFO  server.RaftServerConfigKeys (ConfUtils.java:logGet(46)) - raft.server.log.purge.gap = 1000000 (custom)
2023-02-16 16:34:49,978 [pool-524-thread-1] INFO  server.RaftServerConfigKeys (ConfUtils.java:logGet(46)) - raft.server.log.appender.buffer.byte-limit = 33554432 (custom)
2023-02-16 16:34:49,978 [pool-524-thread-1] INFO  server.RaftServerConfigKeys (ConfUtils.java:logGet(46)) - raft.server.log.statemachine.data.read.timeout = 1000ms (default)
2023-02-16 16:34:49,978 [pool-524-thread-1] INFO  server.RaftServerConfigKeys (ConfUtils.java:logGet(46)) - raft.server.log.purge.preservation.log.num = 0 (default)
2023-02-16 16:34:49,978 [pool-524-thread-1] INFO  server.RaftServerConfigKeys (ConfUtils.java:logGet(46)) - raft.server.log.segment.size.max = 1048576 (custom)
2023-02-16 16:34:49,978 [pool-524-thread-1] INFO  server.RaftServerConfigKeys (ConfUtils.java:logGet(46)) - raft.server.log.segment.cache.num.max = 2 (custom)
2023-02-16 16:34:49,978 [pool-524-thread-1] INFO  server.RaftServerConfigKeys (ConfUtils.java:logGet(46)) - raft.server.log.segment.cache.size.max = 200MB (=209715200) (default)
2023-02-16 16:34:49,978 [pool-524-thread-1] INFO  segmented.SegmentedRaftLogWorker (SegmentedRaftLogWorker.java:<init>(189)) - new 54ea6ac5-9e66-44bc-9134-574226f2896d@group-334246B51765-SegmentedRaftLogWorker for RaftStorageImpl:Storage Directory /home/runner/work/ozone/ozone/hadoop-ozone/integration-test/target/test-dir/MiniOzoneClusterImpl-d88fc665-df07-433e-a21c-a919abf7322c/datanode-2/data/ratis/6a1ee93f-3e9e-4f14-a084-334246b51765
2023-02-16 16:34:49,978 [pool-524-thread-1] INFO  server.RaftServerConfigKeys (ConfUtils.java:logGet(46)) - raft.server.log.queue.byte-limit = 4294967296 (custom)
2023-02-16 16:34:49,978 [pool-524-thread-1] INFO  server.RaftServerConfigKeys (ConfUtils.java:logGet(46)) - raft.server.log.queue.element-limit = 1024 (custom)
2023-02-16 16:34:49,979 [pool-524-thread-1] INFO  server.RaftServerConfigKeys (ConfUtils.java:logGet(46)) - raft.server.log.segment.size.max = 1048576 (custom)
2023-02-16 16:34:49,979 [pool-524-thread-1] INFO  server.RaftServerConfigKeys (ConfUtils.java:logGet(46)) - raft.server.log.preallocated.size = 16384 (custom)
2023-02-16 16:34:49,979 [pool-524-thread-1] INFO  server.RaftServerConfigKeys (ConfUtils.java:logGet(46)) - raft.server.log.force.sync.num = 128 (default)
2023-02-16 16:34:49,979 [pool-524-thread-1] INFO  server.RaftServerConfigKeys (ConfUtils.java:logGet(46)) - raft.server.log.statemachine.data.sync = true (default)
2023-02-16 16:34:49,979 [pool-524-thread-1] INFO  server.RaftServerConfigKeys (ConfUtils.java:logGet(46)) - raft.server.log.statemachine.data.sync.timeout = 10s (default)
2023-02-16 16:34:49,979 [pool-524-thread-1] INFO  server.RaftServerConfigKeys (ConfUtils.java:logGet(46)) - raft.server.log.statemachine.data.sync.timeout.retry = -1 (default)
2023-02-16 16:34:49,979 [pool-524-thread-1] INFO  server.RaftServerConfigKeys (ConfUtils.java:logGet(46)) - raft.server.log.write.buffer.size = 1048576 (custom)
2023-02-16 16:34:49,980 [pool-524-thread-1] INFO  server.RaftServerConfigKeys (ConfUtils.java:logGet(46)) - raft.server.log.appender.buffer.byte-limit = 33554432 (custom)
2023-02-16 16:34:49,983 [pool-524-thread-1] INFO  server.RaftServerConfigKeys (ConfUtils.java:logGet(46)) - raft.server.log.unsafe-flush.enabled = false (default)
2023-02-16 16:34:49,983 [pool-524-thread-1] INFO  server.RaftServerConfigKeys (ConfUtils.java:logGet(46)) - raft.server.log.async-flush.enabled = false (default)
2023-02-16 16:34:49,983 [pool-524-thread-1] INFO  server.RaftServerConfigKeys (ConfUtils.java:logGet(46)) - raft.server.log.statemachine.data.caching.enabled = true (custom)
2023-02-16 16:34:49,983 [pool-524-thread-1] INFO  segmented.SegmentedRaftLogWorker (SegmentedRaftLogWorker.java:lambda$new$0(135)) - 54ea6ac5-9e66-44bc-9134-574226f2896d@group-334246B51765-SegmentedRaftLogWorker: flushIndex: setUnconditionally 0 -> -1
2023-02-16 16:34:49,983 [pool-524-thread-1] INFO  segmented.SegmentedRaftLogWorker (SegmentedRaftLogWorker.java:lambda$new$0(135)) - 54ea6ac5-9e66-44bc-9134-574226f2896d@group-334246B51765-SegmentedRaftLogWorker: safeCacheEvictIndex: setUnconditionally 0 -> -1
2023-02-16 16:34:49,983 [pool-524-thread-1] INFO  server.RaftServer$Division (RaftServerImpl.java:start(334)) - 54ea6ac5-9e66-44bc-9134-574226f2896d@group-334246B51765: start as a follower, conf=-1: peers:[54ea6ac5-9e66-44bc-9134-574226f2896d|rpc:10.1.0.66:39543|dataStream:10.1.0.66:46125|priority:1|startupRole:FOLLOWER, 3dc841f7-9461-45fb-be3e-f1a36e39d59a|rpc:10.1.0.66:34405|dataStream:10.1.0.66:39763|priority:0|startupRole:FOLLOWER, c617c0dc-5b73-4bee-8a03-3b3ac823c300|rpc:10.1.0.66:39229|dataStream:10.1.0.66:45253|priority:0|startupRole:FOLLOWER]|listeners:[], old=null
2023-02-16 16:34:49,983 [pool-524-thread-1] INFO  server.RaftServer$Division (RaftServerImpl.java:setRole(321)) - 54ea6ac5-9e66-44bc-9134-574226f2896d@group-334246B51765: changes role from      null to FOLLOWER at term 0 for startAsFollower
2023-02-16 16:34:49,983 [pool-524-thread-1] INFO  impl.RoleInfo (RoleInfo.java:updateAndGet(139)) - 54ea6ac5-9e66-44bc-9134-574226f2896d: start 54ea6ac5-9e66-44bc-9134-574226f2896d@group-334246B51765-FollowerState
2023-02-16 16:34:49,986 [pool-524-thread-1] INFO  util.JmxRegister (JmxRegister.java:tryRegister(44)) - Successfully registered JMX Bean with object name Ratis:service=RaftServer,group=group-334246B51765,id=54ea6ac5-9e66-44bc-9134-574226f2896d
2023-02-16 16:34:49,986 [pool-524-thread-1] INFO  server.RaftServerConfigKeys (ConfUtils.java:logGet(46)) - raft.server.snapshot.auto.trigger.enabled = true (custom)
2023-02-16 16:34:49,986 [pool-524-thread-1] INFO  server.RaftServerConfigKeys (ConfUtils.java:logGet(46)) - raft.server.snapshot.auto.trigger.threshold = 10000 (custom)
2023-02-16 16:34:49,986 [pool-524-thread-1] INFO  server.RaftServerConfigKeys (ConfUtils.java:logGet(46)) - raft.server.snapshot.retention.file.num = 5 (custom)
2023-02-16 16:34:49,986 [pool-524-thread-1] INFO  server.RaftServerConfigKeys (ConfUtils.java:logGet(46)) - raft.server.log.purge.upto.snapshot.index = false (default)
2023-02-16 16:34:49,986 [54ea6ac5-9e66-44bc-9134-574226f2896d@group-334246B51765-FollowerState] INFO  server.RaftServerConfigKeys (ConfUtils.java:logFallback(53)) - raft.server.rpc.first-election.timeout.min = 5s (fallback to raft.server.rpc.timeout.min)
2023-02-16 16:34:49,986 [54ea6ac5-9e66-44bc-9134-574226f2896d@group-334246B51765-FollowerState] INFO  server.RaftServerConfigKeys (ConfUtils.java:logFallback(53)) - raft.server.rpc.first-election.timeout.max = 5200ms (fallback to raft.server.rpc.timeout.max)
2023-02-16 16:34:49,996 [grpc-default-executor-4] INFO  server.RaftServer (RaftServerProxy.java:addNew(96)) - 3dc841f7-9461-45fb-be3e-f1a36e39d59a: addNew group-334246B51765:[54ea6ac5-9e66-44bc-9134-574226f2896d|rpc:10.1.0.66:39543|dataStream:10.1.0.66:46125|priority:1|startupRole:FOLLOWER, 3dc841f7-9461-45fb-be3e-f1a36e39d59a|rpc:10.1.0.66:34405|dataStream:10.1.0.66:39763|priority:0|startupRole:FOLLOWER, c617c0dc-5b73-4bee-8a03-3b3ac823c300|rpc:10.1.0.66:39229|dataStream:10.1.0.66:45253|priority:0|startupRole:FOLLOWER] returns group-334246B51765:java.util.concurrent.CompletableFuture@57940c8a[Not completed]
2023-02-16 16:34:49,996 [pool-502-thread-1] INFO  server.RaftServer$Division (RaftServerImpl.java:<init>(195)) - 3dc841f7-9461-45fb-be3e-f1a36e39d59a: new RaftServerImpl for group-334246B51765:[54ea6ac5-9e66-44bc-9134-574226f2896d|rpc:10.1.0.66:39543|dataStream:10.1.0.66:46125|priority:1|startupRole:FOLLOWER, 3dc841f7-9461-45fb-be3e-f1a36e39d59a|rpc:10.1.0.66:34405|dataStream:10.1.0.66:39763|priority:0|startupRole:FOLLOWER, c617c0dc-5b73-4bee-8a03-3b3ac823c300|rpc:10.1.0.66:39229|dataStream:10.1.0.66:45253|priority:0|startupRole:FOLLOWER] with ContainerStateMachine:uninitialized
2023-02-16 16:34:49,997 [pool-502-thread-1] INFO  server.RaftServerConfigKeys (ConfUtils.java:logGet(46)) - raft.server.rpc.timeout.min = 5s (custom)
2023-02-16 16:34:49,997 [pool-502-thread-1] INFO  server.RaftServerConfigKeys (ConfUtils.java:logGet(46)) - raft.server.rpc.timeout.max = 5200ms (custom)
2023-02-16 16:34:49,997 [pool-502-thread-1] INFO  server.RaftServerConfigKeys (ConfUtils.java:logGet(46)) - raft.server.rpc.sleep.time = 25ms (default)
2023-02-16 16:34:49,997 [pool-502-thread-1] INFO  server.RaftServerConfigKeys (ConfUtils.java:logGet(46)) - raft.server.rpc.slowness.timeout = 300s (custom)
2023-02-16 16:34:49,997 [pool-502-thread-1] INFO  server.RaftServerConfigKeys (ConfUtils.java:logGet(46)) - raft.server.leaderelection.leader.step-down.wait-time = 10s (default)
2023-02-16 16:34:49,997 [pool-502-thread-1] INFO  server.RaftServerConfigKeys (ConfUtils.java:logGet(46)) - raft.server.sleep.deviation.threshold = 300ms (default)
2023-02-16 16:34:49,997 [pool-502-thread-1] INFO  server.RaftServer$Division (ServerState.java:<init>(118)) - 3dc841f7-9461-45fb-be3e-f1a36e39d59a@group-334246B51765: ConfigurationManager, init=-1: peers:[54ea6ac5-9e66-44bc-9134-574226f2896d|rpc:10.1.0.66:39543|dataStream:10.1.0.66:46125|priority:1|startupRole:FOLLOWER, 3dc841f7-9461-45fb-be3e-f1a36e39d59a|rpc:10.1.0.66:34405|dataStream:10.1.0.66:39763|priority:0|startupRole:FOLLOWER, c617c0dc-5b73-4bee-8a03-3b3ac823c300|rpc:10.1.0.66:39229|dataStream:10.1.0.66:45253|priority:0|startupRole:FOLLOWER]|listeners:[], old=null, confs=<EMPTY_MAP>
2023-02-16 16:34:49,997 [pool-502-thread-1] INFO  server.RaftServerConfigKeys (ConfUtils.java:logGet(46)) - raft.server.storage.dir = [/home/runner/work/ozone/ozone/hadoop-ozone/integration-test/target/test-dir/MiniOzoneClusterImpl-d88fc665-df07-433e-a21c-a919abf7322c/datanode-1/data/ratis] (custom)
2023-02-16 16:34:49,997 [pool-502-thread-1] INFO  server.RaftServerConfigKeys (ConfUtils.java:logGet(46)) - raft.server.log.corruption.policy = EXCEPTION (default)
2023-02-16 16:34:49,997 [pool-502-thread-1] INFO  server.RaftServerConfigKeys (ConfUtils.java:logGet(46)) - raft.server.storage.free-space.min = 0MB (=0) (default)
2023-02-16 16:34:49,997 [pool-502-thread-1] INFO  server.RaftServerConfigKeys (ConfUtils.java:logGet(46)) - raft.server.notification.no-leader.timeout = 300s (custom)
2023-02-16 16:34:49,997 [pool-502-thread-1] INFO  server.RaftServerConfigKeys (ConfUtils.java:logGet(46)) - raft.server.retrycache.expirytime = 600000ms (custom)
2023-02-16 16:34:49,997 [pool-502-thread-1] INFO  server.RaftServerConfigKeys (ConfUtils.java:logGet(46)) - raft.server.retrycache.statistics.expirytime = 100μs (default)
2023-02-16 16:34:49,998 [pool-502-thread-1] INFO  server.RaftServerConfigKeys (ConfUtils.java:logGet(46)) - raft.server.log.appender.install.snapshot.enabled = false (custom)
2023-02-16 16:34:49,998 [pool-502-thread-1] INFO  server.RaftServerConfigKeys (ConfUtils.java:logGet(46)) - raft.server.threadpool.server.cached = true (default)
2023-02-16 16:34:49,998 [pool-502-thread-1] INFO  server.RaftServerConfigKeys (ConfUtils.java:logGet(46)) - raft.server.threadpool.server.size = 0 (default)
2023-02-16 16:34:49,998 [pool-502-thread-1] INFO  server.RaftServerConfigKeys (ConfUtils.java:logGet(46)) - raft.server.threadpool.client.cached = true (default)
2023-02-16 16:34:49,998 [pool-502-thread-1] INFO  server.RaftServerConfigKeys (ConfUtils.java:logGet(46)) - raft.server.threadpool.client.size = 0 (default)
2023-02-16 16:34:49,998 [pool-502-thread-1] INFO  storage.RaftStorageDirectory (RaftStorageDirectoryImpl.java:analyzeStorage(137)) - The storage directory /home/runner/work/ozone/ozone/hadoop-ozone/integration-test/target/test-dir/MiniOzoneClusterImpl-d88fc665-df07-433e-a21c-a919abf7322c/datanode-1/data/ratis/6a1ee93f-3e9e-4f14-a084-334246b51765 does not exist. Creating ...
2023-02-16 16:34:50,001 [pool-502-thread-1] INFO  storage.RaftStorageDirectory (RaftStorageDirectoryImpl.java:tryLock(231)) - Lock on /home/runner/work/ozone/ozone/hadoop-ozone/integration-test/target/test-dir/MiniOzoneClusterImpl-d88fc665-df07-433e-a21c-a919abf7322c/datanode-1/data/ratis/6a1ee93f-3e9e-4f14-a084-334246b51765/in_use.lock acquired by nodename 11092@fv-az167-289
2023-02-16 16:34:50,002 [pool-502-thread-1] INFO  storage.RaftStorage (RaftStorageImpl.java:format(96)) - Storage directory /home/runner/work/ozone/ozone/hadoop-ozone/integration-test/target/test-dir/MiniOzoneClusterImpl-d88fc665-df07-433e-a21c-a919abf7322c/datanode-1/data/ratis/6a1ee93f-3e9e-4f14-a084-334246b51765 has been successfully formatted.
2023-02-16 16:34:50,002 [pool-502-thread-1] INFO  ratis.ContainerStateMachine (ContainerStateMachine.java:loadSnapshot(240)) - group-334246B51765: The snapshot info is null. Setting the last applied indexto:(t:0, i:~)
2023-02-16 16:34:50,003 [pool-502-thread-1] INFO  server.RaftServerConfigKeys (ConfUtils.java:logGet(46)) - raft.server.log.use.memory = false (default)
2023-02-16 16:34:50,003 [pool-502-thread-1] INFO  server.RaftServerConfigKeys (ConfUtils.java:logGet(46)) - raft.server.log.purge.gap = 1000000 (custom)
2023-02-16 16:34:50,003 [pool-502-thread-1] INFO  server.RaftServerConfigKeys (ConfUtils.java:logGet(46)) - raft.server.log.appender.buffer.byte-limit = 33554432 (custom)
2023-02-16 16:34:50,003 [pool-502-thread-1] INFO  server.RaftServerConfigKeys (ConfUtils.java:logGet(46)) - raft.server.log.statemachine.data.read.timeout = 1000ms (default)
2023-02-16 16:34:50,003 [pool-502-thread-1] INFO  server.RaftServerConfigKeys (ConfUtils.java:logGet(46)) - raft.server.log.purge.preservation.log.num = 0 (default)
2023-02-16 16:34:50,003 [pool-502-thread-1] INFO  server.RaftServerConfigKeys (ConfUtils.java:logGet(46)) - raft.server.log.segment.size.max = 1048576 (custom)
2023-02-16 16:34:50,004 [pool-502-thread-1] INFO  server.RaftServerConfigKeys (ConfUtils.java:logGet(46)) - raft.server.log.segment.cache.num.max = 2 (custom)
2023-02-16 16:34:50,004 [pool-502-thread-1] INFO  server.RaftServerConfigKeys (ConfUtils.java:logGet(46)) - raft.server.log.segment.cache.size.max = 200MB (=209715200) (default)
2023-02-16 16:34:50,004 [pool-502-thread-1] INFO  segmented.SegmentedRaftLogWorker (SegmentedRaftLogWorker.java:<init>(189)) - new 3dc841f7-9461-45fb-be3e-f1a36e39d59a@group-334246B51765-SegmentedRaftLogWorker for RaftStorageImpl:Storage Directory /home/runner/work/ozone/ozone/hadoop-ozone/integration-test/target/test-dir/MiniOzoneClusterImpl-d88fc665-df07-433e-a21c-a919abf7322c/datanode-1/data/ratis/6a1ee93f-3e9e-4f14-a084-334246b51765
2023-02-16 16:34:50,004 [pool-502-thread-1] INFO  server.RaftServerConfigKeys (ConfUtils.java:logGet(46)) - raft.server.log.queue.byte-limit = 4294967296 (custom)
2023-02-16 16:34:50,004 [pool-502-thread-1] INFO  server.RaftServerConfigKeys (ConfUtils.java:logGet(46)) - raft.server.log.queue.element-limit = 1024 (custom)
2023-02-16 16:34:50,004 [pool-502-thread-1] INFO  server.RaftServerConfigKeys (ConfUtils.java:logGet(46)) - raft.server.log.segment.size.max = 1048576 (custom)
2023-02-16 16:34:50,004 [pool-502-thread-1] INFO  server.RaftServerConfigKeys (ConfUtils.java:logGet(46)) - raft.server.log.preallocated.size = 16384 (custom)
2023-02-16 16:34:50,004 [pool-502-thread-1] INFO  server.RaftServerConfigKeys (ConfUtils.java:logGet(46)) - raft.server.log.force.sync.num = 128 (default)
2023-02-16 16:34:50,004 [pool-502-thread-1] INFO  server.RaftServerConfigKeys (ConfUtils.java:logGet(46)) - raft.server.log.statemachine.data.sync = true (default)
2023-02-16 16:34:50,004 [pool-502-thread-1] INFO  server.RaftServerConfigKeys (ConfUtils.java:logGet(46)) - raft.server.log.statemachine.data.sync.timeout = 10s (default)
2023-02-16 16:34:50,004 [pool-502-thread-1] INFO  server.RaftServerConfigKeys (ConfUtils.java:logGet(46)) - raft.server.log.statemachine.data.sync.timeout.retry = -1 (default)
2023-02-16 16:34:50,004 [pool-502-thread-1] INFO  server.RaftServerConfigKeys (ConfUtils.java:logGet(46)) - raft.server.log.write.buffer.size = 1048576 (custom)
2023-02-16 16:34:50,005 [pool-502-thread-1] INFO  server.RaftServerConfigKeys (ConfUtils.java:logGet(46)) - raft.server.log.appender.buffer.byte-limit = 33554432 (custom)
2023-02-16 16:34:50,007 [pool-502-thread-1] INFO  server.RaftServerConfigKeys (ConfUtils.java:logGet(46)) - raft.server.log.unsafe-flush.enabled = false (default)
2023-02-16 16:34:50,007 [pool-502-thread-1] INFO  server.RaftServerConfigKeys (ConfUtils.java:logGet(46)) - raft.server.log.async-flush.enabled = false (default)
2023-02-16 16:34:50,007 [pool-502-thread-1] INFO  server.RaftServerConfigKeys (ConfUtils.java:logGet(46)) - raft.server.log.statemachine.data.caching.enabled = true (custom)
2023-02-16 16:34:50,008 [pool-502-thread-1] INFO  segmented.SegmentedRaftLogWorker (SegmentedRaftLogWorker.java:lambda$new$0(135)) - 3dc841f7-9461-45fb-be3e-f1a36e39d59a@group-334246B51765-SegmentedRaftLogWorker: flushIndex: setUnconditionally 0 -> -1
2023-02-16 16:34:50,008 [pool-502-thread-1] INFO  segmented.SegmentedRaftLogWorker (SegmentedRaftLogWorker.java:lambda$new$0(135)) - 3dc841f7-9461-45fb-be3e-f1a36e39d59a@group-334246B51765-SegmentedRaftLogWorker: safeCacheEvictIndex: setUnconditionally 0 -> -1
2023-02-16 16:34:50,011 [pool-502-thread-1] INFO  server.RaftServer$Division (RaftServerImpl.java:start(334)) - 3dc841f7-9461-45fb-be3e-f1a36e39d59a@group-334246B51765: start as a follower, conf=-1: peers:[54ea6ac5-9e66-44bc-9134-574226f2896d|rpc:10.1.0.66:39543|dataStream:10.1.0.66:46125|priority:1|startupRole:FOLLOWER, 3dc841f7-9461-45fb-be3e-f1a36e39d59a|rpc:10.1.0.66:34405|dataStream:10.1.0.66:39763|priority:0|startupRole:FOLLOWER, c617c0dc-5b73-4bee-8a03-3b3ac823c300|rpc:10.1.0.66:39229|dataStream:10.1.0.66:45253|priority:0|startupRole:FOLLOWER]|listeners:[], old=null
2023-02-16 16:34:50,011 [pool-502-thread-1] INFO  server.RaftServer$Division (RaftServerImpl.java:setRole(321)) - 3dc841f7-9461-45fb-be3e-f1a36e39d59a@group-334246B51765: changes role from      null to FOLLOWER at term 0 for startAsFollower
2023-02-16 16:34:50,011 [pool-502-thread-1] INFO  impl.RoleInfo (RoleInfo.java:updateAndGet(139)) - 3dc841f7-9461-45fb-be3e-f1a36e39d59a: start 3dc841f7-9461-45fb-be3e-f1a36e39d59a@group-334246B51765-FollowerState
2023-02-16 16:34:50,015 [pool-502-thread-1] INFO  util.JmxRegister (JmxRegister.java:tryRegister(44)) - Successfully registered JMX Bean with object name Ratis:service=RaftServer,group=group-334246B51765,id=3dc841f7-9461-45fb-be3e-f1a36e39d59a
2023-02-16 16:34:50,015 [pool-502-thread-1] INFO  server.RaftServerConfigKeys (ConfUtils.java:logGet(46)) - raft.server.snapshot.auto.trigger.enabled = true (custom)
2023-02-16 16:34:50,015 [pool-502-thread-1] INFO  server.RaftServerConfigKeys (ConfUtils.java:logGet(46)) - raft.server.snapshot.auto.trigger.threshold = 10000 (custom)
2023-02-16 16:34:50,015 [pool-502-thread-1] INFO  server.RaftServerConfigKeys (ConfUtils.java:logGet(46)) - raft.server.snapshot.retention.file.num = 5 (custom)
2023-02-16 16:34:50,015 [pool-502-thread-1] INFO  server.RaftServerConfigKeys (ConfUtils.java:logGet(46)) - raft.server.log.purge.upto.snapshot.index = false (default)
2023-02-16 16:34:50,016 [3dc841f7-9461-45fb-be3e-f1a36e39d59a@group-334246B51765-FollowerState] INFO  server.RaftServerConfigKeys (ConfUtils.java:logFallback(53)) - raft.server.rpc.first-election.timeout.min = 5s (fallback to raft.server.rpc.timeout.min)
2023-02-16 16:34:50,016 [3dc841f7-9461-45fb-be3e-f1a36e39d59a@group-334246B51765-FollowerState] INFO  server.RaftServerConfigKeys (ConfUtils.java:logFallback(53)) - raft.server.rpc.first-election.timeout.max = 5200ms (fallback to raft.server.rpc.timeout.max)
2023-02-16 16:34:50,023 [Command processor thread] INFO  commandhandler.CreatePipelineCommandHandler (CreatePipelineCommandHandler.java:handle(113)) - Created Pipeline RATIS THREE PipelineID=6a1ee93f-3e9e-4f14-a084-334246b51765.
2023-02-16 16:34:50,198 [Command processor thread] INFO  server.RaftServer (RaftServerProxy.java:addNew(96)) - 3dc841f7-9461-45fb-be3e-f1a36e39d59a: addNew group-46955FA715E0:[3dc841f7-9461-45fb-be3e-f1a36e39d59a|rpc:10.1.0.66:34405|dataStream:10.1.0.66:39763|priority:1|startupRole:FOLLOWER] returns group-46955FA715E0:java.util.concurrent.CompletableFuture@5382f709[Not completed]
2023-02-16 16:34:50,199 [pool-502-thread-1] INFO  server.RaftServer$Division (RaftServerImpl.java:<init>(195)) - 3dc841f7-9461-45fb-be3e-f1a36e39d59a: new RaftServerImpl for group-46955FA715E0:[3dc841f7-9461-45fb-be3e-f1a36e39d59a|rpc:10.1.0.66:34405|dataStream:10.1.0.66:39763|priority:1|startupRole:FOLLOWER] with ContainerStateMachine:uninitialized
2023-02-16 16:34:50,199 [pool-502-thread-1] INFO  server.RaftServerConfigKeys (ConfUtils.java:logGet(46)) - raft.server.rpc.timeout.min = 5s (custom)
2023-02-16 16:34:50,199 [pool-502-thread-1] INFO  server.RaftServerConfigKeys (ConfUtils.java:logGet(46)) - raft.server.rpc.timeout.max = 5200ms (custom)
2023-02-16 16:34:50,199 [pool-502-thread-1] INFO  server.RaftServerConfigKeys (ConfUtils.java:logGet(46)) - raft.server.rpc.sleep.time = 25ms (default)
2023-02-16 16:34:50,199 [pool-502-thread-1] INFO  server.RaftServerConfigKeys (ConfUtils.java:logGet(46)) - raft.server.rpc.slowness.timeout = 300s (custom)
2023-02-16 16:34:50,199 [pool-502-thread-1] INFO  server.RaftServerConfigKeys (ConfUtils.java:logGet(46)) - raft.server.leaderelection.leader.step-down.wait-time = 10s (default)
2023-02-16 16:34:50,199 [pool-502-thread-1] INFO  server.RaftServerConfigKeys (ConfUtils.java:logGet(46)) - raft.server.sleep.deviation.threshold = 300ms (default)
2023-02-16 16:34:50,199 [pool-502-thread-1] INFO  server.RaftServer$Division (ServerState.java:<init>(118)) - 3dc841f7-9461-45fb-be3e-f1a36e39d59a@group-46955FA715E0: ConfigurationManager, init=-1: peers:[3dc841f7-9461-45fb-be3e-f1a36e39d59a|rpc:10.1.0.66:34405|dataStream:10.1.0.66:39763|priority:1|startupRole:FOLLOWER]|listeners:[], old=null, confs=<EMPTY_MAP>
2023-02-16 16:34:50,199 [pool-502-thread-1] INFO  server.RaftServerConfigKeys (ConfUtils.java:logGet(46)) - raft.server.storage.dir = [/home/runner/work/ozone/ozone/hadoop-ozone/integration-test/target/test-dir/MiniOzoneClusterImpl-d88fc665-df07-433e-a21c-a919abf7322c/datanode-1/data/ratis] (custom)
2023-02-16 16:34:50,199 [pool-502-thread-1] INFO  server.RaftServerConfigKeys (ConfUtils.java:logGet(46)) - raft.server.log.corruption.policy = EXCEPTION (default)
2023-02-16 16:34:50,199 [pool-502-thread-1] INFO  server.RaftServerConfigKeys (ConfUtils.java:logGet(46)) - raft.server.storage.free-space.min = 0MB (=0) (default)
2023-02-16 16:34:50,199 [pool-502-thread-1] INFO  server.RaftServerConfigKeys (ConfUtils.java:logGet(46)) - raft.server.notification.no-leader.timeout = 300s (custom)
2023-02-16 16:34:50,200 [pool-502-thread-1] INFO  server.RaftServerConfigKeys (ConfUtils.java:logGet(46)) - raft.server.retrycache.expirytime = 600000ms (custom)
2023-02-16 16:34:50,200 [pool-502-thread-1] INFO  server.RaftServerConfigKeys (ConfUtils.java:logGet(46)) - raft.server.retrycache.statistics.expirytime = 100μs (default)
2023-02-16 16:34:50,200 [pool-502-thread-1] INFO  server.RaftServerConfigKeys (ConfUtils.java:logGet(46)) - raft.server.log.appender.install.snapshot.enabled = false (custom)
2023-02-16 16:34:50,200 [pool-502-thread-1] INFO  server.RaftServerConfigKeys (ConfUtils.java:logGet(46)) - raft.server.threadpool.server.cached = true (default)
2023-02-16 16:34:50,200 [pool-502-thread-1] INFO  server.RaftServerConfigKeys (ConfUtils.java:logGet(46)) - raft.server.threadpool.server.size = 0 (default)
2023-02-16 16:34:50,200 [pool-502-thread-1] INFO  server.RaftServerConfigKeys (ConfUtils.java:logGet(46)) - raft.server.threadpool.client.cached = true (default)
2023-02-16 16:34:50,200 [pool-502-thread-1] INFO  server.RaftServerConfigKeys (ConfUtils.java:logGet(46)) - raft.server.threadpool.client.size = 0 (default)
2023-02-16 16:34:50,200 [pool-502-thread-1] INFO  storage.RaftStorageDirectory (RaftStorageDirectoryImpl.java:analyzeStorage(137)) - The storage directory /home/runner/work/ozone/ozone/hadoop-ozone/integration-test/target/test-dir/MiniOzoneClusterImpl-d88fc665-df07-433e-a21c-a919abf7322c/datanode-1/data/ratis/37b46ab8-7f7c-42e5-9e46-46955fa715e0 does not exist. Creating ...
2023-02-16 16:34:50,201 [pool-502-thread-1] INFO  storage.RaftStorageDirectory (RaftStorageDirectoryImpl.java:tryLock(231)) - Lock on /home/runner/work/ozone/ozone/hadoop-ozone/integration-test/target/test-dir/MiniOzoneClusterImpl-d88fc665-df07-433e-a21c-a919abf7322c/datanode-1/data/ratis/37b46ab8-7f7c-42e5-9e46-46955fa715e0/in_use.lock acquired by nodename 11092@fv-az167-289
2023-02-16 16:34:50,202 [pool-502-thread-1] INFO  storage.RaftStorage (RaftStorageImpl.java:format(96)) - Storage directory /home/runner/work/ozone/ozone/hadoop-ozone/integration-test/target/test-dir/MiniOzoneClusterImpl-d88fc665-df07-433e-a21c-a919abf7322c/datanode-1/data/ratis/37b46ab8-7f7c-42e5-9e46-46955fa715e0 has been successfully formatted.
2023-02-16 16:34:50,203 [pool-502-thread-1] INFO  ratis.ContainerStateMachine (ContainerStateMachine.java:loadSnapshot(240)) - group-46955FA715E0: The snapshot info is null. Setting the last applied indexto:(t:0, i:~)
2023-02-16 16:34:50,203 [pool-502-thread-1] INFO  server.RaftServerConfigKeys (ConfUtils.java:logGet(46)) - raft.server.log.use.memory = false (default)
2023-02-16 16:34:50,203 [pool-502-thread-1] INFO  server.RaftServerConfigKeys (ConfUtils.java:logGet(46)) - raft.server.log.purge.gap = 1000000 (custom)
2023-02-16 16:34:50,203 [pool-502-thread-1] INFO  server.RaftServerConfigKeys (ConfUtils.java:logGet(46)) - raft.server.log.appender.buffer.byte-limit = 33554432 (custom)
2023-02-16 16:34:50,203 [pool-502-thread-1] INFO  server.RaftServerConfigKeys (ConfUtils.java:logGet(46)) - raft.server.log.statemachine.data.read.timeout = 1000ms (default)
2023-02-16 16:34:50,203 [pool-502-thread-1] INFO  server.RaftServerConfigKeys (ConfUtils.java:logGet(46)) - raft.server.log.purge.preservation.log.num = 0 (default)
2023-02-16 16:34:50,203 [pool-502-thread-1] INFO  server.RaftServerConfigKeys (ConfUtils.java:logGet(46)) - raft.server.log.segment.size.max = 1048576 (custom)
2023-02-16 16:34:50,203 [pool-502-thread-1] INFO  server.RaftServerConfigKeys (ConfUtils.java:logGet(46)) - raft.server.log.segment.cache.num.max = 2 (custom)
2023-02-16 16:34:50,203 [pool-502-thread-1] INFO  server.RaftServerConfigKeys (ConfUtils.java:logGet(46)) - raft.server.log.segment.cache.size.max = 200MB (=209715200) (default)
2023-02-16 16:34:50,203 [pool-502-thread-1] INFO  segmented.SegmentedRaftLogWorker (SegmentedRaftLogWorker.java:<init>(189)) - new 3dc841f7-9461-45fb-be3e-f1a36e39d59a@group-46955FA715E0-SegmentedRaftLogWorker for RaftStorageImpl:Storage Directory /home/runner/work/ozone/ozone/hadoop-ozone/integration-test/target/test-dir/MiniOzoneClusterImpl-d88fc665-df07-433e-a21c-a919abf7322c/datanode-1/data/ratis/37b46ab8-7f7c-42e5-9e46-46955fa715e0
2023-02-16 16:34:50,203 [pool-502-thread-1] INFO  server.RaftServerConfigKeys (ConfUtils.java:logGet(46)) - raft.server.log.queue.byte-limit = 4294967296 (custom)
2023-02-16 16:34:50,203 [pool-502-thread-1] INFO  server.RaftServerConfigKeys (ConfUtils.java:logGet(46)) - raft.server.log.queue.element-limit = 1024 (custom)
2023-02-16 16:34:50,203 [EventQueue-PipelineReportForPipelineReportHandler] INFO  pipeline.PipelineManagerImpl (PipelineManagerImpl.java:openPipeline(367)) - Pipeline Pipeline[ Id: 37b46ab8-7f7c-42e5-9e46-46955fa715e0, Nodes: 3dc841f7-9461-45fb-be3e-f1a36e39d59a(fv-az167-289.21ktoceh2wee5fewwtpg1zd01g.bx.internal.cloudapp.net/10.1.0.66), ReplicationConfig: RATIS/ONE, State:ALLOCATED, leaderId:3dc841f7-9461-45fb-be3e-f1a36e39d59a, CreationTimestamp2023-02-16T16:34:47.201Z[Etc/UTC]] moved to OPEN state
2023-02-16 16:34:50,203 [pool-502-thread-1] INFO  server.RaftServerConfigKeys (ConfUtils.java:logGet(46)) - raft.server.log.segment.size.max = 1048576 (custom)
2023-02-16 16:34:50,204 [pool-502-thread-1] INFO  server.RaftServerConfigKeys (ConfUtils.java:logGet(46)) - raft.server.log.preallocated.size = 16384 (custom)
2023-02-16 16:34:50,204 [pool-502-thread-1] INFO  server.RaftServerConfigKeys (ConfUtils.java:logGet(46)) - raft.server.log.force.sync.num = 128 (default)
2023-02-16 16:34:50,204 [pool-502-thread-1] INFO  server.RaftServerConfigKeys (ConfUtils.java:logGet(46)) - raft.server.log.statemachine.data.sync = true (default)
2023-02-16 16:34:50,204 [pool-502-thread-1] INFO  server.RaftServerConfigKeys (ConfUtils.java:logGet(46)) - raft.server.log.statemachine.data.sync.timeout = 10s (default)
2023-02-16 16:34:50,204 [pool-502-thread-1] INFO  server.RaftServerConfigKeys (ConfUtils.java:logGet(46)) - raft.server.log.statemachine.data.sync.timeout.retry = -1 (default)
2023-02-16 16:34:50,204 [EventQueue-OpenPipelineForHealthyPipelineSafeModeRule] INFO  safemode.SCMSafeModeManager (HealthyPipelineSafeModeRule.java:process(137)) - SCM in safe mode. Healthy pipelines reported count is 0, required healthy pipeline reported count is 1
2023-02-16 16:34:50,205 [pool-502-thread-1] INFO  server.RaftServerConfigKeys (ConfUtils.java:logGet(46)) - raft.server.log.write.buffer.size = 1048576 (custom)
2023-02-16 16:34:50,205 [pool-502-thread-1] INFO  server.RaftServerConfigKeys (ConfUtils.java:logGet(46)) - raft.server.log.appender.buffer.byte-limit = 33554432 (custom)
2023-02-16 16:34:50,208 [pool-502-thread-1] INFO  server.RaftServerConfigKeys (ConfUtils.java:logGet(46)) - raft.server.log.unsafe-flush.enabled = false (default)
2023-02-16 16:34:50,208 [pool-502-thread-1] INFO  server.RaftServerConfigKeys (ConfUtils.java:logGet(46)) - raft.server.log.async-flush.enabled = false (default)
2023-02-16 16:34:50,208 [pool-502-thread-1] INFO  server.RaftServerConfigKeys (ConfUtils.java:logGet(46)) - raft.server.log.statemachine.data.caching.enabled = true (custom)
2023-02-16 16:34:50,208 [pool-502-thread-1] INFO  segmented.SegmentedRaftLogWorker (SegmentedRaftLogWorker.java:lambda$new$0(135)) - 3dc841f7-9461-45fb-be3e-f1a36e39d59a@group-46955FA715E0-SegmentedRaftLogWorker: flushIndex: setUnconditionally 0 -> -1
2023-02-16 16:34:50,208 [pool-502-thread-1] INFO  segmented.SegmentedRaftLogWorker (SegmentedRaftLogWorker.java:lambda$new$0(135)) - 3dc841f7-9461-45fb-be3e-f1a36e39d59a@group-46955FA715E0-SegmentedRaftLogWorker: safeCacheEvictIndex: setUnconditionally 0 -> -1
2023-02-16 16:34:50,208 [pool-502-thread-1] INFO  server.RaftServer$Division (RaftServerImpl.java:start(334)) - 3dc841f7-9461-45fb-be3e-f1a36e39d59a@group-46955FA715E0: start as a follower, conf=-1: peers:[3dc841f7-9461-45fb-be3e-f1a36e39d59a|rpc:10.1.0.66:34405|dataStream:10.1.0.66:39763|priority:1|startupRole:FOLLOWER]|listeners:[], old=null
2023-02-16 16:34:50,208 [pool-502-thread-1] INFO  server.RaftServer$Division (RaftServerImpl.java:setRole(321)) - 3dc841f7-9461-45fb-be3e-f1a36e39d59a@group-46955FA715E0: changes role from      null to FOLLOWER at term 0 for startAsFollower
2023-02-16 16:34:50,208 [pool-502-thread-1] INFO  impl.RoleInfo (RoleInfo.java:updateAndGet(139)) - 3dc841f7-9461-45fb-be3e-f1a36e39d59a: start 3dc841f7-9461-45fb-be3e-f1a36e39d59a@group-46955FA715E0-FollowerState
2023-02-16 16:34:50,208 [pool-502-thread-1] INFO  util.JmxRegister (JmxRegister.java:tryRegister(44)) - Successfully registered JMX Bean with object name Ratis:service=RaftServer,group=group-46955FA715E0,id=3dc841f7-9461-45fb-be3e-f1a36e39d59a
2023-02-16 16:34:50,208 [pool-502-thread-1] INFO  server.RaftServerConfigKeys (ConfUtils.java:logGet(46)) - raft.server.snapshot.auto.trigger.enabled = true (custom)
2023-02-16 16:34:50,208 [pool-502-thread-1] INFO  server.RaftServerConfigKeys (ConfUtils.java:logGet(46)) - raft.server.snapshot.auto.trigger.threshold = 10000 (custom)
2023-02-16 16:34:50,209 [pool-502-thread-1] INFO  server.RaftServerConfigKeys (ConfUtils.java:logGet(46)) - raft.server.snapshot.retention.file.num = 5 (custom)
2023-02-16 16:34:50,209 [pool-502-thread-1] INFO  server.RaftServerConfigKeys (ConfUtils.java:logGet(46)) - raft.server.log.purge.upto.snapshot.index = false (default)
2023-02-16 16:34:50,209 [Command processor thread] INFO  ratis.XceiverServerRatis (XceiverServerRatis.java:addGroup(807)) - Created group PipelineID=37b46ab8-7f7c-42e5-9e46-46955fa715e0
2023-02-16 16:34:50,209 [3dc841f7-9461-45fb-be3e-f1a36e39d59a@group-46955FA715E0-FollowerState] INFO  server.RaftServerConfigKeys (ConfUtils.java:logFallback(53)) - raft.server.rpc.first-election.timeout.min = 5s (fallback to raft.server.rpc.timeout.min)
2023-02-16 16:34:50,209 [3dc841f7-9461-45fb-be3e-f1a36e39d59a@group-46955FA715E0-FollowerState] INFO  server.RaftServerConfigKeys (ConfUtils.java:logFallback(53)) - raft.server.rpc.first-election.timeout.max = 5200ms (fallback to raft.server.rpc.timeout.max)
2023-02-16 16:34:50,209 [Command processor thread] INFO  commandhandler.CreatePipelineCommandHandler (CreatePipelineCommandHandler.java:handle(113)) - Created Pipeline RATIS ONE PipelineID=37b46ab8-7f7c-42e5-9e46-46955fa715e0.
2023-02-16 16:34:50,315 [Listener at 127.0.0.1/44851] INFO  ozone.MiniOzoneClusterImpl (MiniOzoneClusterImpl.java:lambda$waitForClusterToBeReady$0(218)) - Nodes are ready. Got 5 of 5 DN Heartbeats.
2023-02-16 16:34:50,315 [Listener at 127.0.0.1/44851] INFO  ozone.MiniOzoneClusterImpl (MiniOzoneClusterImpl.java:lambda$waitForClusterToBeReady$0(221)) - Waiting for cluster to exit safe mode
2023-02-16 16:34:50,315 [Listener at 127.0.0.1/44851] INFO  ozone.MiniOzoneClusterImpl (MiniOzoneClusterImpl.java:lambda$waitForClusterToBeReady$0(223)) - SCM became leader
2023-02-16 16:34:50,540 [Command processor thread] INFO  server.RaftServer (RaftServerProxy.java:addNew(96)) - 54ea6ac5-9e66-44bc-9134-574226f2896d: addNew group-78116290E2F2:[54ea6ac5-9e66-44bc-9134-574226f2896d|rpc:10.1.0.66:39543|dataStream:10.1.0.66:46125|priority:1|startupRole:FOLLOWER] returns group-78116290E2F2:java.util.concurrent.CompletableFuture@66a9f29e[Not completed]
2023-02-16 16:34:50,541 [pool-524-thread-1] INFO  server.RaftServer$Division (RaftServerImpl.java:<init>(195)) - 54ea6ac5-9e66-44bc-9134-574226f2896d: new RaftServerImpl for group-78116290E2F2:[54ea6ac5-9e66-44bc-9134-574226f2896d|rpc:10.1.0.66:39543|dataStream:10.1.0.66:46125|priority:1|startupRole:FOLLOWER] with ContainerStateMachine:uninitialized
2023-02-16 16:34:50,541 [pool-524-thread-1] INFO  server.RaftServerConfigKeys (ConfUtils.java:logGet(46)) - raft.server.rpc.timeout.min = 5s (custom)
2023-02-16 16:34:50,541 [pool-524-thread-1] INFO  server.RaftServerConfigKeys (ConfUtils.java:logGet(46)) - raft.server.rpc.timeout.max = 5200ms (custom)
2023-02-16 16:34:50,541 [pool-524-thread-1] INFO  server.RaftServerConfigKeys (ConfUtils.java:logGet(46)) - raft.server.rpc.sleep.time = 25ms (default)
2023-02-16 16:34:50,541 [pool-524-thread-1] INFO  server.RaftServerConfigKeys (ConfUtils.java:logGet(46)) - raft.server.rpc.slowness.timeout = 300s (custom)
2023-02-16 16:34:50,541 [pool-524-thread-1] INFO  server.RaftServerConfigKeys (ConfUtils.java:logGet(46)) - raft.server.leaderelection.leader.step-down.wait-time = 10s (default)
2023-02-16 16:34:50,541 [pool-524-thread-1] INFO  server.RaftServerConfigKeys (ConfUtils.java:logGet(46)) - raft.server.sleep.deviation.threshold = 300ms (default)
2023-02-16 16:34:50,541 [pool-524-thread-1] INFO  server.RaftServer$Division (ServerState.java:<init>(118)) - 54ea6ac5-9e66-44bc-9134-574226f2896d@group-78116290E2F2: ConfigurationManager, init=-1: peers:[54ea6ac5-9e66-44bc-9134-574226f2896d|rpc:10.1.0.66:39543|dataStream:10.1.0.66:46125|priority:1|startupRole:FOLLOWER]|listeners:[], old=null, confs=<EMPTY_MAP>
2023-02-16 16:34:50,541 [pool-524-thread-1] INFO  server.RaftServerConfigKeys (ConfUtils.java:logGet(46)) - raft.server.storage.dir = [/home/runner/work/ozone/ozone/hadoop-ozone/integration-test/target/test-dir/MiniOzoneClusterImpl-d88fc665-df07-433e-a21c-a919abf7322c/datanode-2/data/ratis] (custom)
2023-02-16 16:34:50,541 [pool-524-thread-1] INFO  server.RaftServerConfigKeys (ConfUtils.java:logGet(46)) - raft.server.log.corruption.policy = EXCEPTION (default)
2023-02-16 16:34:50,542 [pool-524-thread-1] INFO  server.RaftServerConfigKeys (ConfUtils.java:logGet(46)) - raft.server.storage.free-space.min = 0MB (=0) (default)
2023-02-16 16:34:50,542 [pool-524-thread-1] INFO  server.RaftServerConfigKeys (ConfUtils.java:logGet(46)) - raft.server.notification.no-leader.timeout = 300s (custom)
2023-02-16 16:34:50,542 [pool-524-thread-1] INFO  server.RaftServerConfigKeys (ConfUtils.java:logGet(46)) - raft.server.retrycache.expirytime = 600000ms (custom)
2023-02-16 16:34:50,542 [pool-524-thread-1] INFO  server.RaftServerConfigKeys (ConfUtils.java:logGet(46)) - raft.server.retrycache.statistics.expirytime = 100μs (default)
2023-02-16 16:34:50,542 [pool-524-thread-1] INFO  server.RaftServerConfigKeys (ConfUtils.java:logGet(46)) - raft.server.log.appender.install.snapshot.enabled = false (custom)
2023-02-16 16:34:50,542 [pool-524-thread-1] INFO  server.RaftServerConfigKeys (ConfUtils.java:logGet(46)) - raft.server.threadpool.server.cached = true (default)
2023-02-16 16:34:50,542 [pool-524-thread-1] INFO  server.RaftServerConfigKeys (ConfUtils.java:logGet(46)) - raft.server.threadpool.server.size = 0 (default)
2023-02-16 16:34:50,542 [pool-524-thread-1] INFO  server.RaftServerConfigKeys (ConfUtils.java:logGet(46)) - raft.server.threadpool.client.cached = true (default)
2023-02-16 16:34:50,542 [pool-524-thread-1] INFO  server.RaftServerConfigKeys (ConfUtils.java:logGet(46)) - raft.server.threadpool.client.size = 0 (default)
2023-02-16 16:34:50,543 [pool-524-thread-1] INFO  storage.RaftStorageDirectory (RaftStorageDirectoryImpl.java:analyzeStorage(137)) - The storage directory /home/runner/work/ozone/ozone/hadoop-ozone/integration-test/target/test-dir/MiniOzoneClusterImpl-d88fc665-df07-433e-a21c-a919abf7322c/datanode-2/data/ratis/3f91ef0f-db90-468a-a2d5-78116290e2f2 does not exist. Creating ...
2023-02-16 16:34:50,543 [pool-524-thread-1] INFO  storage.RaftStorageDirectory (RaftStorageDirectoryImpl.java:tryLock(231)) - Lock on /home/runner/work/ozone/ozone/hadoop-ozone/integration-test/target/test-dir/MiniOzoneClusterImpl-d88fc665-df07-433e-a21c-a919abf7322c/datanode-2/data/ratis/3f91ef0f-db90-468a-a2d5-78116290e2f2/in_use.lock acquired by nodename 11092@fv-az167-289
2023-02-16 16:34:50,544 [pool-524-thread-1] INFO  storage.RaftStorage (RaftStorageImpl.java:format(96)) - Storage directory /home/runner/work/ozone/ozone/hadoop-ozone/integration-test/target/test-dir/MiniOzoneClusterImpl-d88fc665-df07-433e-a21c-a919abf7322c/datanode-2/data/ratis/3f91ef0f-db90-468a-a2d5-78116290e2f2 has been successfully formatted.
2023-02-16 16:34:50,545 [EventQueue-PipelineReportForPipelineReportHandler] INFO  pipeline.PipelineManagerImpl (PipelineManagerImpl.java:openPipeline(367)) - Pipeline Pipeline[ Id: 3f91ef0f-db90-468a-a2d5-78116290e2f2, Nodes: 54ea6ac5-9e66-44bc-9134-574226f2896d(fv-az167-289.21ktoceh2wee5fewwtpg1zd01g.bx.internal.cloudapp.net/10.1.0.66), ReplicationConfig: RATIS/ONE, State:ALLOCATED, leaderId:54ea6ac5-9e66-44bc-9134-574226f2896d, CreationTimestamp2023-02-16T16:34:47.543Z[Etc/UTC]] moved to OPEN state
2023-02-16 16:34:50,546 [EventQueue-OpenPipelineForHealthyPipelineSafeModeRule] INFO  safemode.SCMSafeModeManager (HealthyPipelineSafeModeRule.java:process(137)) - SCM in safe mode. Healthy pipelines reported count is 0, required healthy pipeline reported count is 1
2023-02-16 16:34:50,546 [pool-524-thread-1] INFO  ratis.ContainerStateMachine (ContainerStateMachine.java:loadSnapshot(240)) - group-78116290E2F2: The snapshot info is null. Setting the last applied indexto:(t:0, i:~)
2023-02-16 16:34:50,546 [pool-524-thread-1] INFO  server.RaftServerConfigKeys (ConfUtils.java:logGet(46)) - raft.server.log.use.memory = false (default)
2023-02-16 16:34:50,546 [pool-524-thread-1] INFO  server.RaftServerConfigKeys (ConfUtils.java:logGet(46)) - raft.server.log.purge.gap = 1000000 (custom)
2023-02-16 16:34:50,546 [pool-524-thread-1] INFO  server.RaftServerConfigKeys (ConfUtils.java:logGet(46)) - raft.server.log.appender.buffer.byte-limit = 33554432 (custom)
2023-02-16 16:34:50,546 [pool-524-thread-1] INFO  server.RaftServerConfigKeys (ConfUtils.java:logGet(46)) - raft.server.log.statemachine.data.read.timeout = 1000ms (default)
2023-02-16 16:34:50,546 [pool-524-thread-1] INFO  server.RaftServerConfigKeys (ConfUtils.java:logGet(46)) - raft.server.log.purge.preservation.log.num = 0 (default)
2023-02-16 16:34:50,546 [pool-524-thread-1] INFO  server.RaftServerConfigKeys (ConfUtils.java:logGet(46)) - raft.server.log.segment.size.max = 1048576 (custom)
2023-02-16 16:34:50,546 [pool-524-thread-1] INFO  server.RaftServerConfigKeys (ConfUtils.java:logGet(46)) - raft.server.log.segment.cache.num.max = 2 (custom)
2023-02-16 16:34:50,546 [pool-524-thread-1] INFO  server.RaftServerConfigKeys (ConfUtils.java:logGet(46)) - raft.server.log.segment.cache.size.max = 200MB (=209715200) (default)
2023-02-16 16:34:50,546 [pool-524-thread-1] INFO  segmented.SegmentedRaftLogWorker (SegmentedRaftLogWorker.java:<init>(189)) - new 54ea6ac5-9e66-44bc-9134-574226f2896d@group-78116290E2F2-SegmentedRaftLogWorker for RaftStorageImpl:Storage Directory /home/runner/work/ozone/ozone/hadoop-ozone/integration-test/target/test-dir/MiniOzoneClusterImpl-d88fc665-df07-433e-a21c-a919abf7322c/datanode-2/data/ratis/3f91ef0f-db90-468a-a2d5-78116290e2f2
2023-02-16 16:34:50,546 [pool-524-thread-1] INFO  server.RaftServerConfigKeys (ConfUtils.java:logGet(46)) - raft.server.log.queue.byte-limit = 4294967296 (custom)
2023-02-16 16:34:50,546 [pool-524-thread-1] INFO  server.RaftServerConfigKeys (ConfUtils.java:logGet(46)) - raft.server.log.queue.element-limit = 1024 (custom)
2023-02-16 16:34:50,547 [pool-524-thread-1] INFO  server.RaftServerConfigKeys (ConfUtils.java:logGet(46)) - raft.server.log.segment.size.max = 1048576 (custom)
2023-02-16 16:34:50,547 [pool-524-thread-1] INFO  server.RaftServerConfigKeys (ConfUtils.java:logGet(46)) - raft.server.log.preallocated.size = 16384 (custom)
2023-02-16 16:34:50,547 [pool-524-thread-1] INFO  server.RaftServerConfigKeys (ConfUtils.java:logGet(46)) - raft.server.log.force.sync.num = 128 (default)
2023-02-16 16:34:50,547 [pool-524-thread-1] INFO  server.RaftServerConfigKeys (ConfUtils.java:logGet(46)) - raft.server.log.statemachine.data.sync = true (default)
2023-02-16 16:34:50,547 [pool-524-thread-1] INFO  server.RaftServerConfigKeys (ConfUtils.java:logGet(46)) - raft.server.log.statemachine.data.sync.timeout = 10s (default)
2023-02-16 16:34:50,547 [pool-524-thread-1] INFO  server.RaftServerConfigKeys (ConfUtils.java:logGet(46)) - raft.server.log.statemachine.data.sync.timeout.retry = -1 (default)
2023-02-16 16:34:50,547 [pool-524-thread-1] INFO  server.RaftServerConfigKeys (ConfUtils.java:logGet(46)) - raft.server.log.write.buffer.size = 1048576 (custom)
2023-02-16 16:34:50,548 [pool-524-thread-1] INFO  server.RaftServerConfigKeys (ConfUtils.java:logGet(46)) - raft.server.log.appender.buffer.byte-limit = 33554432 (custom)
2023-02-16 16:34:50,550 [pool-524-thread-1] INFO  server.RaftServerConfigKeys (ConfUtils.java:logGet(46)) - raft.server.log.unsafe-flush.enabled = false (default)
2023-02-16 16:34:50,551 [pool-524-thread-1] INFO  server.RaftServerConfigKeys (ConfUtils.java:logGet(46)) - raft.server.log.async-flush.enabled = false (default)
2023-02-16 16:34:50,551 [pool-524-thread-1] INFO  server.RaftServerConfigKeys (ConfUtils.java:logGet(46)) - raft.server.log.statemachine.data.caching.enabled = true (custom)
2023-02-16 16:34:50,551 [pool-524-thread-1] INFO  segmented.SegmentedRaftLogWorker (SegmentedRaftLogWorker.java:lambda$new$0(135)) - 54ea6ac5-9e66-44bc-9134-574226f2896d@group-78116290E2F2-SegmentedRaftLogWorker: flushIndex: setUnconditionally 0 -> -1
2023-02-16 16:34:50,551 [pool-524-thread-1] INFO  segmented.SegmentedRaftLogWorker (SegmentedRaftLogWorker.java:lambda$new$0(135)) - 54ea6ac5-9e66-44bc-9134-574226f2896d@group-78116290E2F2-SegmentedRaftLogWorker: safeCacheEvictIndex: setUnconditionally 0 -> -1
2023-02-16 16:34:50,551 [pool-524-thread-1] INFO  server.RaftServer$Division (RaftServerImpl.java:start(334)) - 54ea6ac5-9e66-44bc-9134-574226f2896d@group-78116290E2F2: start as a follower, conf=-1: peers:[54ea6ac5-9e66-44bc-9134-574226f2896d|rpc:10.1.0.66:39543|dataStream:10.1.0.66:46125|priority:1|startupRole:FOLLOWER]|listeners:[], old=null
2023-02-16 16:34:50,551 [pool-524-thread-1] INFO  server.RaftServer$Division (RaftServerImpl.java:setRole(321)) - 54ea6ac5-9e66-44bc-9134-574226f2896d@group-78116290E2F2: changes role from      null to FOLLOWER at term 0 for startAsFollower
2023-02-16 16:34:50,551 [pool-524-thread-1] INFO  impl.RoleInfo (RoleInfo.java:updateAndGet(139)) - 54ea6ac5-9e66-44bc-9134-574226f2896d: start 54ea6ac5-9e66-44bc-9134-574226f2896d@group-78116290E2F2-FollowerState
2023-02-16 16:34:50,551 [pool-524-thread-1] INFO  util.JmxRegister (JmxRegister.java:tryRegister(44)) - Successfully registered JMX Bean with object name Ratis:service=RaftServer,group=group-78116290E2F2,id=54ea6ac5-9e66-44bc-9134-574226f2896d
2023-02-16 16:34:50,551 [pool-524-thread-1] INFO  server.RaftServerConfigKeys (ConfUtils.java:logGet(46)) - raft.server.snapshot.auto.trigger.enabled = true (custom)
2023-02-16 16:34:50,551 [pool-524-thread-1] INFO  server.RaftServerConfigKeys (ConfUtils.java:logGet(46)) - raft.server.snapshot.auto.trigger.threshold = 10000 (custom)
2023-02-16 16:34:50,551 [pool-524-thread-1] INFO  server.RaftServerConfigKeys (ConfUtils.java:logGet(46)) - raft.server.snapshot.retention.file.num = 5 (custom)
2023-02-16 16:34:50,551 [pool-524-thread-1] INFO  server.RaftServerConfigKeys (ConfUtils.java:logGet(46)) - raft.server.log.purge.upto.snapshot.index = false (default)
2023-02-16 16:34:50,552 [54ea6ac5-9e66-44bc-9134-574226f2896d@group-78116290E2F2-FollowerState] INFO  server.RaftServerConfigKeys (ConfUtils.java:logFallback(53)) - raft.server.rpc.first-election.timeout.min = 5s (fallback to raft.server.rpc.timeout.min)
2023-02-16 16:34:50,552 [54ea6ac5-9e66-44bc-9134-574226f2896d@group-78116290E2F2-FollowerState] INFO  server.RaftServerConfigKeys (ConfUtils.java:logFallback(53)) - raft.server.rpc.first-election.timeout.max = 5200ms (fallback to raft.server.rpc.timeout.max)
2023-02-16 16:34:50,552 [Command processor thread] INFO  ratis.XceiverServerRatis (XceiverServerRatis.java:addGroup(807)) - Created group PipelineID=3f91ef0f-db90-468a-a2d5-78116290e2f2
2023-02-16 16:34:50,552 [Command processor thread] INFO  commandhandler.CreatePipelineCommandHandler (CreatePipelineCommandHandler.java:handle(113)) - Created Pipeline RATIS ONE PipelineID=3f91ef0f-db90-468a-a2d5-78116290e2f2.
2023-02-16 16:34:50,895 [Command processor thread] INFO  server.RaftServer (RaftServerProxy.java:addNew(96)) - 388d0101-376a-4ddf-936e-ac8688256993: addNew group-E77D9DF572D6:[388d0101-376a-4ddf-936e-ac8688256993|rpc:10.1.0.66:44897|dataStream:10.1.0.66:40527|priority:1|startupRole:FOLLOWER] returns group-E77D9DF572D6:java.util.concurrent.CompletableFuture@60eb1921[Not completed]
2023-02-16 16:34:50,896 [pool-546-thread-1] INFO  server.RaftServer$Division (RaftServerImpl.java:<init>(195)) - 388d0101-376a-4ddf-936e-ac8688256993: new RaftServerImpl for group-E77D9DF572D6:[388d0101-376a-4ddf-936e-ac8688256993|rpc:10.1.0.66:44897|dataStream:10.1.0.66:40527|priority:1|startupRole:FOLLOWER] with ContainerStateMachine:uninitialized
2023-02-16 16:34:50,897 [pool-546-thread-1] INFO  server.RaftServerConfigKeys (ConfUtils.java:logGet(46)) - raft.server.rpc.timeout.min = 5s (custom)
2023-02-16 16:34:50,897 [pool-546-thread-1] INFO  server.RaftServerConfigKeys (ConfUtils.java:logGet(46)) - raft.server.rpc.timeout.max = 5200ms (custom)
2023-02-16 16:34:50,897 [pool-546-thread-1] INFO  server.RaftServerConfigKeys (ConfUtils.java:logGet(46)) - raft.server.rpc.sleep.time = 25ms (default)
2023-02-16 16:34:50,897 [pool-546-thread-1] INFO  server.RaftServerConfigKeys (ConfUtils.java:logGet(46)) - raft.server.rpc.slowness.timeout = 300s (custom)
2023-02-16 16:34:50,897 [pool-546-thread-1] INFO  server.RaftServerConfigKeys (ConfUtils.java:logGet(46)) - raft.server.leaderelection.leader.step-down.wait-time = 10s (default)
2023-02-16 16:34:50,897 [pool-546-thread-1] INFO  server.RaftServerConfigKeys (ConfUtils.java:logGet(46)) - raft.server.sleep.deviation.threshold = 300ms (default)
2023-02-16 16:34:50,897 [pool-546-thread-1] INFO  server.RaftServer$Division (ServerState.java:<init>(118)) - 388d0101-376a-4ddf-936e-ac8688256993@group-E77D9DF572D6: ConfigurationManager, init=-1: peers:[388d0101-376a-4ddf-936e-ac8688256993|rpc:10.1.0.66:44897|dataStream:10.1.0.66:40527|priority:1|startupRole:FOLLOWER]|listeners:[], old=null, confs=<EMPTY_MAP>
2023-02-16 16:34:50,897 [pool-546-thread-1] INFO  server.RaftServerConfigKeys (ConfUtils.java:logGet(46)) - raft.server.storage.dir = [/home/runner/work/ozone/ozone/hadoop-ozone/integration-test/target/test-dir/MiniOzoneClusterImpl-d88fc665-df07-433e-a21c-a919abf7322c/datanode-3/data/ratis] (custom)
2023-02-16 16:34:50,897 [pool-546-thread-1] INFO  server.RaftServerConfigKeys (ConfUtils.java:logGet(46)) - raft.server.log.corruption.policy = EXCEPTION (default)
2023-02-16 16:34:50,897 [pool-546-thread-1] INFO  server.RaftServerConfigKeys (ConfUtils.java:logGet(46)) - raft.server.storage.free-space.min = 0MB (=0) (default)
2023-02-16 16:34:50,897 [pool-546-thread-1] INFO  server.RaftServerConfigKeys (ConfUtils.java:logGet(46)) - raft.server.notification.no-leader.timeout = 300s (custom)
2023-02-16 16:34:50,897 [pool-546-thread-1] INFO  server.RaftServerConfigKeys (ConfUtils.java:logGet(46)) - raft.server.retrycache.expirytime = 600000ms (custom)
2023-02-16 16:34:50,897 [pool-546-thread-1] INFO  server.RaftServerConfigKeys (ConfUtils.java:logGet(46)) - raft.server.retrycache.statistics.expirytime = 100μs (default)
2023-02-16 16:34:50,899 [pool-546-thread-1] INFO  server.RaftServerConfigKeys (ConfUtils.java:logGet(46)) - raft.server.log.appender.install.snapshot.enabled = false (custom)
2023-02-16 16:34:50,899 [pool-546-thread-1] INFO  server.RaftServerConfigKeys (ConfUtils.java:logGet(46)) - raft.server.threadpool.server.cached = true (default)
2023-02-16 16:34:50,899 [pool-546-thread-1] INFO  server.RaftServerConfigKeys (ConfUtils.java:logGet(46)) - raft.server.threadpool.server.size = 0 (default)
2023-02-16 16:34:50,899 [pool-546-thread-1] INFO  server.RaftServerConfigKeys (ConfUtils.java:logGet(46)) - raft.server.threadpool.client.cached = true (default)
2023-02-16 16:34:50,899 [pool-546-thread-1] INFO  server.RaftServerConfigKeys (ConfUtils.java:logGet(46)) - raft.server.threadpool.client.size = 0 (default)
2023-02-16 16:34:50,900 [pool-546-thread-1] INFO  storage.RaftStorageDirectory (RaftStorageDirectoryImpl.java:analyzeStorage(137)) - The storage directory /home/runner/work/ozone/ozone/hadoop-ozone/integration-test/target/test-dir/MiniOzoneClusterImpl-d88fc665-df07-433e-a21c-a919abf7322c/datanode-3/data/ratis/df3ee5c9-ab92-40b7-a44a-e77d9df572d6 does not exist. Creating ...
2023-02-16 16:34:50,901 [pool-546-thread-1] INFO  storage.RaftStorageDirectory (RaftStorageDirectoryImpl.java:tryLock(231)) - Lock on /home/runner/work/ozone/ozone/hadoop-ozone/integration-test/target/test-dir/MiniOzoneClusterImpl-d88fc665-df07-433e-a21c-a919abf7322c/datanode-3/data/ratis/df3ee5c9-ab92-40b7-a44a-e77d9df572d6/in_use.lock acquired by nodename 11092@fv-az167-289
2023-02-16 16:34:50,902 [pool-546-thread-1] INFO  storage.RaftStorage (RaftStorageImpl.java:format(96)) - Storage directory /home/runner/work/ozone/ozone/hadoop-ozone/integration-test/target/test-dir/MiniOzoneClusterImpl-d88fc665-df07-433e-a21c-a919abf7322c/datanode-3/data/ratis/df3ee5c9-ab92-40b7-a44a-e77d9df572d6 has been successfully formatted.
2023-02-16 16:34:50,903 [pool-546-thread-1] INFO  ratis.ContainerStateMachine (ContainerStateMachine.java:loadSnapshot(240)) - group-E77D9DF572D6: The snapshot info is null. Setting the last applied indexto:(t:0, i:~)
2023-02-16 16:34:50,903 [pool-546-thread-1] INFO  server.RaftServerConfigKeys (ConfUtils.java:logGet(46)) - raft.server.log.use.memory = false (default)
2023-02-16 16:34:50,903 [pool-546-thread-1] INFO  server.RaftServerConfigKeys (ConfUtils.java:logGet(46)) - raft.server.log.purge.gap = 1000000 (custom)
2023-02-16 16:34:50,903 [pool-546-thread-1] INFO  server.RaftServerConfigKeys (ConfUtils.java:logGet(46)) - raft.server.log.appender.buffer.byte-limit = 33554432 (custom)
2023-02-16 16:34:50,903 [pool-546-thread-1] INFO  server.RaftServerConfigKeys (ConfUtils.java:logGet(46)) - raft.server.log.statemachine.data.read.timeout = 1000ms (default)
2023-02-16 16:34:50,903 [pool-546-thread-1] INFO  server.RaftServerConfigKeys (ConfUtils.java:logGet(46)) - raft.server.log.purge.preservation.log.num = 0 (default)
2023-02-16 16:34:50,904 [EventQueue-PipelineReportForPipelineReportHandler] INFO  pipeline.PipelineManagerImpl (PipelineManagerImpl.java:openPipeline(367)) - Pipeline Pipeline[ Id: df3ee5c9-ab92-40b7-a44a-e77d9df572d6, Nodes: 388d0101-376a-4ddf-936e-ac8688256993(fv-az167-289.21ktoceh2wee5fewwtpg1zd01g.bx.internal.cloudapp.net/10.1.0.66), ReplicationConfig: RATIS/ONE, State:ALLOCATED, leaderId:388d0101-376a-4ddf-936e-ac8688256993, CreationTimestamp2023-02-16T16:34:47.896Z[Etc/UTC]] moved to OPEN state
2023-02-16 16:34:50,904 [pool-546-thread-1] INFO  server.RaftServerConfigKeys (ConfUtils.java:logGet(46)) - raft.server.log.segment.size.max = 1048576 (custom)
2023-02-16 16:34:50,904 [EventQueue-OpenPipelineForHealthyPipelineSafeModeRule] INFO  safemode.SCMSafeModeManager (HealthyPipelineSafeModeRule.java:process(137)) - SCM in safe mode. Healthy pipelines reported count is 0, required healthy pipeline reported count is 1
2023-02-16 16:34:50,905 [pool-546-thread-1] INFO  server.RaftServerConfigKeys (ConfUtils.java:logGet(46)) - raft.server.log.segment.cache.num.max = 2 (custom)
2023-02-16 16:34:50,905 [pool-546-thread-1] INFO  server.RaftServerConfigKeys (ConfUtils.java:logGet(46)) - raft.server.log.segment.cache.size.max = 200MB (=209715200) (default)
2023-02-16 16:34:50,905 [pool-546-thread-1] INFO  segmented.SegmentedRaftLogWorker (SegmentedRaftLogWorker.java:<init>(189)) - new 388d0101-376a-4ddf-936e-ac8688256993@group-E77D9DF572D6-SegmentedRaftLogWorker for RaftStorageImpl:Storage Directory /home/runner/work/ozone/ozone/hadoop-ozone/integration-test/target/test-dir/MiniOzoneClusterImpl-d88fc665-df07-433e-a21c-a919abf7322c/datanode-3/data/ratis/df3ee5c9-ab92-40b7-a44a-e77d9df572d6
2023-02-16 16:34:50,905 [pool-546-thread-1] INFO  server.RaftServerConfigKeys (ConfUtils.java:logGet(46)) - raft.server.log.queue.byte-limit = 4294967296 (custom)
2023-02-16 16:34:50,905 [pool-546-thread-1] INFO  server.RaftServerConfigKeys (ConfUtils.java:logGet(46)) - raft.server.log.queue.element-limit = 1024 (custom)
2023-02-16 16:34:50,905 [pool-546-thread-1] INFO  server.RaftServerConfigKeys (ConfUtils.java:logGet(46)) - raft.server.log.segment.size.max = 1048576 (custom)
2023-02-16 16:34:50,905 [pool-546-thread-1] INFO  server.RaftServerConfigKeys (ConfUtils.java:logGet(46)) - raft.server.log.preallocated.size = 16384 (custom)
2023-02-16 16:34:50,905 [pool-546-thread-1] INFO  server.RaftServerConfigKeys (ConfUtils.java:logGet(46)) - raft.server.log.force.sync.num = 128 (default)
2023-02-16 16:34:50,905 [pool-546-thread-1] INFO  server.RaftServerConfigKeys (ConfUtils.java:logGet(46)) - raft.server.log.statemachine.data.sync = true (default)
2023-02-16 16:34:50,905 [pool-546-thread-1] INFO  server.RaftServerConfigKeys (ConfUtils.java:logGet(46)) - raft.server.log.statemachine.data.sync.timeout = 10s (default)
2023-02-16 16:34:50,905 [pool-546-thread-1] INFO  server.RaftServerConfigKeys (ConfUtils.java:logGet(46)) - raft.server.log.statemachine.data.sync.timeout.retry = -1 (default)
2023-02-16 16:34:50,906 [pool-546-thread-1] INFO  server.RaftServerConfigKeys (ConfUtils.java:logGet(46)) - raft.server.log.write.buffer.size = 1048576 (custom)
2023-02-16 16:34:50,907 [pool-546-thread-1] INFO  server.RaftServerConfigKeys (ConfUtils.java:logGet(46)) - raft.server.log.appender.buffer.byte-limit = 33554432 (custom)
2023-02-16 16:34:50,910 [pool-546-thread-1] INFO  server.RaftServerConfigKeys (ConfUtils.java:logGet(46)) - raft.server.log.unsafe-flush.enabled = false (default)
2023-02-16 16:34:50,910 [pool-546-thread-1] INFO  server.RaftServerConfigKeys (ConfUtils.java:logGet(46)) - raft.server.log.async-flush.enabled = false (default)
2023-02-16 16:34:50,910 [pool-546-thread-1] INFO  server.RaftServerConfigKeys (ConfUtils.java:logGet(46)) - raft.server.log.statemachine.data.caching.enabled = true (custom)
2023-02-16 16:34:50,910 [pool-546-thread-1] INFO  segmented.SegmentedRaftLogWorker (SegmentedRaftLogWorker.java:lambda$new$0(135)) - 388d0101-376a-4ddf-936e-ac8688256993@group-E77D9DF572D6-SegmentedRaftLogWorker: flushIndex: setUnconditionally 0 -> -1
2023-02-16 16:34:50,910 [pool-546-thread-1] INFO  segmented.SegmentedRaftLogWorker (SegmentedRaftLogWorker.java:lambda$new$0(135)) - 388d0101-376a-4ddf-936e-ac8688256993@group-E77D9DF572D6-SegmentedRaftLogWorker: safeCacheEvictIndex: setUnconditionally 0 -> -1
2023-02-16 16:34:50,910 [pool-546-thread-1] INFO  server.RaftServer$Division (RaftServerImpl.java:start(334)) - 388d0101-376a-4ddf-936e-ac8688256993@group-E77D9DF572D6: start as a follower, conf=-1: peers:[388d0101-376a-4ddf-936e-ac8688256993|rpc:10.1.0.66:44897|dataStream:10.1.0.66:40527|priority:1|startupRole:FOLLOWER]|listeners:[], old=null
2023-02-16 16:34:50,910 [pool-546-thread-1] INFO  server.RaftServer$Division (RaftServerImpl.java:setRole(321)) - 388d0101-376a-4ddf-936e-ac8688256993@group-E77D9DF572D6: changes role from      null to FOLLOWER at term 0 for startAsFollower
2023-02-16 16:34:50,910 [pool-546-thread-1] INFO  impl.RoleInfo (RoleInfo.java:updateAndGet(139)) - 388d0101-376a-4ddf-936e-ac8688256993: start 388d0101-376a-4ddf-936e-ac8688256993@group-E77D9DF572D6-FollowerState
2023-02-16 16:34:50,910 [pool-546-thread-1] INFO  util.JmxRegister (JmxRegister.java:tryRegister(44)) - Successfully registered JMX Bean with object name Ratis:service=RaftServer,group=group-E77D9DF572D6,id=388d0101-376a-4ddf-936e-ac8688256993
2023-02-16 16:34:50,910 [pool-546-thread-1] INFO  server.RaftServerConfigKeys (ConfUtils.java:logGet(46)) - raft.server.snapshot.auto.trigger.enabled = true (custom)
2023-02-16 16:34:50,910 [pool-546-thread-1] INFO  server.RaftServerConfigKeys (ConfUtils.java:logGet(46)) - raft.server.snapshot.auto.trigger.threshold = 10000 (custom)
2023-02-16 16:34:50,911 [pool-546-thread-1] INFO  server.RaftServerConfigKeys (ConfUtils.java:logGet(46)) - raft.server.snapshot.retention.file.num = 5 (custom)
2023-02-16 16:34:50,911 [pool-546-thread-1] INFO  server.RaftServerConfigKeys (ConfUtils.java:logGet(46)) - raft.server.log.purge.upto.snapshot.index = false (default)
2023-02-16 16:34:50,911 [388d0101-376a-4ddf-936e-ac8688256993@group-E77D9DF572D6-FollowerState] INFO  server.RaftServerConfigKeys (ConfUtils.java:logFallback(53)) - raft.server.rpc.first-election.timeout.min = 5s (fallback to raft.server.rpc.timeout.min)
2023-02-16 16:34:50,911 [388d0101-376a-4ddf-936e-ac8688256993@group-E77D9DF572D6-FollowerState] INFO  server.RaftServerConfigKeys (ConfUtils.java:logFallback(53)) - raft.server.rpc.first-election.timeout.max = 5200ms (fallback to raft.server.rpc.timeout.max)
2023-02-16 16:34:50,915 [Command processor thread] INFO  ratis.XceiverServerRatis (XceiverServerRatis.java:addGroup(807)) - Created group PipelineID=df3ee5c9-ab92-40b7-a44a-e77d9df572d6
2023-02-16 16:34:50,915 [Command processor thread] INFO  commandhandler.CreatePipelineCommandHandler (CreatePipelineCommandHandler.java:handle(113)) - Created Pipeline RATIS ONE PipelineID=df3ee5c9-ab92-40b7-a44a-e77d9df572d6.
2023-02-16 16:34:51,315 [Listener at 127.0.0.1/44851] INFO  ozone.MiniOzoneClusterImpl (MiniOzoneClusterImpl.java:lambda$waitForClusterToBeReady$0(218)) - Nodes are ready. Got 5 of 5 DN Heartbeats.
2023-02-16 16:34:51,315 [Listener at 127.0.0.1/44851] INFO  ozone.MiniOzoneClusterImpl (MiniOzoneClusterImpl.java:lambda$waitForClusterToBeReady$0(221)) - Waiting for cluster to exit safe mode
2023-02-16 16:34:51,315 [Listener at 127.0.0.1/44851] INFO  ozone.MiniOzoneClusterImpl (MiniOzoneClusterImpl.java:lambda$waitForClusterToBeReady$0(223)) - SCM became leader
2023-02-16 16:34:51,325 [Command processor thread] INFO  server.RaftServer (RaftServerProxy.java:addNew(96)) - f7941fd0-d868-43e3-a82b-129e07895457: addNew group-D6BB8E541D6F:[f7941fd0-d868-43e3-a82b-129e07895457|rpc:10.1.0.66:35191|dataStream:10.1.0.66:34661|priority:1|startupRole:FOLLOWER] returns group-D6BB8E541D6F:java.util.concurrent.CompletableFuture@593c291e[Not completed]
2023-02-16 16:34:51,327 [pool-568-thread-1] INFO  server.RaftServer$Division (RaftServerImpl.java:<init>(195)) - f7941fd0-d868-43e3-a82b-129e07895457: new RaftServerImpl for group-D6BB8E541D6F:[f7941fd0-d868-43e3-a82b-129e07895457|rpc:10.1.0.66:35191|dataStream:10.1.0.66:34661|priority:1|startupRole:FOLLOWER] with ContainerStateMachine:uninitialized
2023-02-16 16:34:51,327 [pool-568-thread-1] INFO  server.RaftServerConfigKeys (ConfUtils.java:logGet(46)) - raft.server.rpc.timeout.min = 5s (custom)
2023-02-16 16:34:51,327 [pool-568-thread-1] INFO  server.RaftServerConfigKeys (ConfUtils.java:logGet(46)) - raft.server.rpc.timeout.max = 5200ms (custom)
2023-02-16 16:34:51,327 [pool-568-thread-1] INFO  server.RaftServerConfigKeys (ConfUtils.java:logGet(46)) - raft.server.rpc.sleep.time = 25ms (default)
2023-02-16 16:34:51,327 [pool-568-thread-1] INFO  server.RaftServerConfigKeys (ConfUtils.java:logGet(46)) - raft.server.rpc.slowness.timeout = 300s (custom)
2023-02-16 16:34:51,327 [pool-568-thread-1] INFO  server.RaftServerConfigKeys (ConfUtils.java:logGet(46)) - raft.server.leaderelection.leader.step-down.wait-time = 10s (default)
2023-02-16 16:34:51,327 [pool-568-thread-1] INFO  server.RaftServerConfigKeys (ConfUtils.java:logGet(46)) - raft.server.sleep.deviation.threshold = 300ms (default)
2023-02-16 16:34:51,327 [pool-568-thread-1] INFO  server.RaftServer$Division (ServerState.java:<init>(118)) - f7941fd0-d868-43e3-a82b-129e07895457@group-D6BB8E541D6F: ConfigurationManager, init=-1: peers:[f7941fd0-d868-43e3-a82b-129e07895457|rpc:10.1.0.66:35191|dataStream:10.1.0.66:34661|priority:1|startupRole:FOLLOWER]|listeners:[], old=null, confs=<EMPTY_MAP>
2023-02-16 16:34:51,327 [pool-568-thread-1] INFO  server.RaftServerConfigKeys (ConfUtils.java:logGet(46)) - raft.server.storage.dir = [/home/runner/work/ozone/ozone/hadoop-ozone/integration-test/target/test-dir/MiniOzoneClusterImpl-d88fc665-df07-433e-a21c-a919abf7322c/datanode-4/data/ratis] (custom)
2023-02-16 16:34:51,327 [pool-568-thread-1] INFO  server.RaftServerConfigKeys (ConfUtils.java:logGet(46)) - raft.server.log.corruption.policy = EXCEPTION (default)
2023-02-16 16:34:51,327 [pool-568-thread-1] INFO  server.RaftServerConfigKeys (ConfUtils.java:logGet(46)) - raft.server.storage.free-space.min = 0MB (=0) (default)
2023-02-16 16:34:51,327 [pool-568-thread-1] INFO  server.RaftServerConfigKeys (ConfUtils.java:logGet(46)) - raft.server.notification.no-leader.timeout = 300s (custom)
2023-02-16 16:34:51,327 [pool-568-thread-1] INFO  server.RaftServerConfigKeys (ConfUtils.java:logGet(46)) - raft.server.retrycache.expirytime = 600000ms (custom)
2023-02-16 16:34:51,327 [pool-568-thread-1] INFO  server.RaftServerConfigKeys (ConfUtils.java:logGet(46)) - raft.server.retrycache.statistics.expirytime = 100μs (default)
2023-02-16 16:34:51,328 [pool-568-thread-1] INFO  server.RaftServerConfigKeys (ConfUtils.java:logGet(46)) - raft.server.log.appender.install.snapshot.enabled = false (custom)
2023-02-16 16:34:51,328 [pool-568-thread-1] INFO  server.RaftServerConfigKeys (ConfUtils.java:logGet(46)) - raft.server.threadpool.server.cached = true (default)
2023-02-16 16:34:51,328 [pool-568-thread-1] INFO  server.RaftServerConfigKeys (ConfUtils.java:logGet(46)) - raft.server.threadpool.server.size = 0 (default)
2023-02-16 16:34:51,328 [pool-568-thread-1] INFO  server.RaftServerConfigKeys (ConfUtils.java:logGet(46)) - raft.server.threadpool.client.cached = true (default)
2023-02-16 16:34:51,328 [pool-568-thread-1] INFO  server.RaftServerConfigKeys (ConfUtils.java:logGet(46)) - raft.server.threadpool.client.size = 0 (default)
2023-02-16 16:34:51,328 [pool-568-thread-1] INFO  storage.RaftStorageDirectory (RaftStorageDirectoryImpl.java:analyzeStorage(137)) - The storage directory /home/runner/work/ozone/ozone/hadoop-ozone/integration-test/target/test-dir/MiniOzoneClusterImpl-d88fc665-df07-433e-a21c-a919abf7322c/datanode-4/data/ratis/8d1bae44-053a-4e99-ac84-d6bb8e541d6f does not exist. Creating ...
2023-02-16 16:34:51,329 [pool-568-thread-1] INFO  storage.RaftStorageDirectory (RaftStorageDirectoryImpl.java:tryLock(231)) - Lock on /home/runner/work/ozone/ozone/hadoop-ozone/integration-test/target/test-dir/MiniOzoneClusterImpl-d88fc665-df07-433e-a21c-a919abf7322c/datanode-4/data/ratis/8d1bae44-053a-4e99-ac84-d6bb8e541d6f/in_use.lock acquired by nodename 11092@fv-az167-289
2023-02-16 16:34:51,331 [pool-568-thread-1] INFO  storage.RaftStorage (RaftStorageImpl.java:format(96)) - Storage directory /home/runner/work/ozone/ozone/hadoop-ozone/integration-test/target/test-dir/MiniOzoneClusterImpl-d88fc665-df07-433e-a21c-a919abf7322c/datanode-4/data/ratis/8d1bae44-053a-4e99-ac84-d6bb8e541d6f has been successfully formatted.
2023-02-16 16:34:51,332 [pool-568-thread-1] INFO  ratis.ContainerStateMachine (ContainerStateMachine.java:loadSnapshot(240)) - group-D6BB8E541D6F: The snapshot info is null. Setting the last applied indexto:(t:0, i:~)
2023-02-16 16:34:51,332 [pool-568-thread-1] INFO  server.RaftServerConfigKeys (ConfUtils.java:logGet(46)) - raft.server.log.use.memory = false (default)
2023-02-16 16:34:51,332 [pool-568-thread-1] INFO  server.RaftServerConfigKeys (ConfUtils.java:logGet(46)) - raft.server.log.purge.gap = 1000000 (custom)
2023-02-16 16:34:51,332 [pool-568-thread-1] INFO  server.RaftServerConfigKeys (ConfUtils.java:logGet(46)) - raft.server.log.appender.buffer.byte-limit = 33554432 (custom)
2023-02-16 16:34:51,333 [EventQueue-PipelineReportForPipelineReportHandler] INFO  pipeline.PipelineManagerImpl (PipelineManagerImpl.java:openPipeline(367)) - Pipeline Pipeline[ Id: 8d1bae44-053a-4e99-ac84-d6bb8e541d6f, Nodes: f7941fd0-d868-43e3-a82b-129e07895457(fv-az167-289.21ktoceh2wee5fewwtpg1zd01g.bx.internal.cloudapp.net/10.1.0.66), ReplicationConfig: RATIS/ONE, State:ALLOCATED, leaderId:f7941fd0-d868-43e3-a82b-129e07895457, CreationTimestamp2023-02-16T16:34:48.326Z[Etc/UTC]] moved to OPEN state
2023-02-16 16:34:51,333 [pool-568-thread-1] INFO  server.RaftServerConfigKeys (ConfUtils.java:logGet(46)) - raft.server.log.statemachine.data.read.timeout = 1000ms (default)
2023-02-16 16:34:51,333 [pool-568-thread-1] INFO  server.RaftServerConfigKeys (ConfUtils.java:logGet(46)) - raft.server.log.purge.preservation.log.num = 0 (default)
2023-02-16 16:34:51,333 [pool-568-thread-1] INFO  server.RaftServerConfigKeys (ConfUtils.java:logGet(46)) - raft.server.log.segment.size.max = 1048576 (custom)
2023-02-16 16:34:51,333 [EventQueue-OpenPipelineForHealthyPipelineSafeModeRule] INFO  safemode.SCMSafeModeManager (HealthyPipelineSafeModeRule.java:process(137)) - SCM in safe mode. Healthy pipelines reported count is 0, required healthy pipeline reported count is 1
2023-02-16 16:34:51,333 [pool-568-thread-1] INFO  server.RaftServerConfigKeys (ConfUtils.java:logGet(46)) - raft.server.log.segment.cache.num.max = 2 (custom)
2023-02-16 16:34:51,333 [pool-568-thread-1] INFO  server.RaftServerConfigKeys (ConfUtils.java:logGet(46)) - raft.server.log.segment.cache.size.max = 200MB (=209715200) (default)
2023-02-16 16:34:51,333 [pool-568-thread-1] INFO  segmented.SegmentedRaftLogWorker (SegmentedRaftLogWorker.java:<init>(189)) - new f7941fd0-d868-43e3-a82b-129e07895457@group-D6BB8E541D6F-SegmentedRaftLogWorker for RaftStorageImpl:Storage Directory /home/runner/work/ozone/ozone/hadoop-ozone/integration-test/target/test-dir/MiniOzoneClusterImpl-d88fc665-df07-433e-a21c-a919abf7322c/datanode-4/data/ratis/8d1bae44-053a-4e99-ac84-d6bb8e541d6f
2023-02-16 16:34:51,333 [pool-568-thread-1] INFO  server.RaftServerConfigKeys (ConfUtils.java:logGet(46)) - raft.server.log.queue.byte-limit = 4294967296 (custom)
2023-02-16 16:34:51,333 [pool-568-thread-1] INFO  server.RaftServerConfigKeys (ConfUtils.java:logGet(46)) - raft.server.log.queue.element-limit = 1024 (custom)
2023-02-16 16:34:51,333 [pool-568-thread-1] INFO  server.RaftServerConfigKeys (ConfUtils.java:logGet(46)) - raft.server.log.segment.size.max = 1048576 (custom)
2023-02-16 16:34:51,333 [pool-568-thread-1] INFO  server.RaftServerConfigKeys (ConfUtils.java:logGet(46)) - raft.server.log.preallocated.size = 16384 (custom)
2023-02-16 16:34:51,333 [pool-568-thread-1] INFO  server.RaftServerConfigKeys (ConfUtils.java:logGet(46)) - raft.server.log.force.sync.num = 128 (default)
2023-02-16 16:34:51,333 [pool-568-thread-1] INFO  server.RaftServerConfigKeys (ConfUtils.java:logGet(46)) - raft.server.log.statemachine.data.sync = true (default)
2023-02-16 16:34:51,333 [pool-568-thread-1] INFO  server.RaftServerConfigKeys (ConfUtils.java:logGet(46)) - raft.server.log.statemachine.data.sync.timeout = 10s (default)
2023-02-16 16:34:51,333 [pool-568-thread-1] INFO  server.RaftServerConfigKeys (ConfUtils.java:logGet(46)) - raft.server.log.statemachine.data.sync.timeout.retry = -1 (default)
2023-02-16 16:34:51,334 [pool-568-thread-1] INFO  server.RaftServerConfigKeys (ConfUtils.java:logGet(46)) - raft.server.log.write.buffer.size = 1048576 (custom)
2023-02-16 16:34:51,334 [pool-568-thread-1] INFO  server.RaftServerConfigKeys (ConfUtils.java:logGet(46)) - raft.server.log.appender.buffer.byte-limit = 33554432 (custom)
2023-02-16 16:34:51,337 [pool-568-thread-1] INFO  server.RaftServerConfigKeys (ConfUtils.java:logGet(46)) - raft.server.log.unsafe-flush.enabled = false (default)
2023-02-16 16:34:51,337 [pool-568-thread-1] INFO  server.RaftServerConfigKeys (ConfUtils.java:logGet(46)) - raft.server.log.async-flush.enabled = false (default)
2023-02-16 16:34:51,337 [pool-568-thread-1] INFO  server.RaftServerConfigKeys (ConfUtils.java:logGet(46)) - raft.server.log.statemachine.data.caching.enabled = true (custom)
2023-02-16 16:34:51,337 [pool-568-thread-1] INFO  segmented.SegmentedRaftLogWorker (SegmentedRaftLogWorker.java:lambda$new$0(135)) - f7941fd0-d868-43e3-a82b-129e07895457@group-D6BB8E541D6F-SegmentedRaftLogWorker: flushIndex: setUnconditionally 0 -> -1
2023-02-16 16:34:51,337 [pool-568-thread-1] INFO  segmented.SegmentedRaftLogWorker (SegmentedRaftLogWorker.java:lambda$new$0(135)) - f7941fd0-d868-43e3-a82b-129e07895457@group-D6BB8E541D6F-SegmentedRaftLogWorker: safeCacheEvictIndex: setUnconditionally 0 -> -1
2023-02-16 16:34:51,338 [pool-568-thread-1] INFO  server.RaftServer$Division (RaftServerImpl.java:start(334)) - f7941fd0-d868-43e3-a82b-129e07895457@group-D6BB8E541D6F: start as a follower, conf=-1: peers:[f7941fd0-d868-43e3-a82b-129e07895457|rpc:10.1.0.66:35191|dataStream:10.1.0.66:34661|priority:1|startupRole:FOLLOWER]|listeners:[], old=null
2023-02-16 16:34:51,338 [pool-568-thread-1] INFO  server.RaftServer$Division (RaftServerImpl.java:setRole(321)) - f7941fd0-d868-43e3-a82b-129e07895457@group-D6BB8E541D6F: changes role from      null to FOLLOWER at term 0 for startAsFollower
2023-02-16 16:34:51,338 [pool-568-thread-1] INFO  impl.RoleInfo (RoleInfo.java:updateAndGet(139)) - f7941fd0-d868-43e3-a82b-129e07895457: start f7941fd0-d868-43e3-a82b-129e07895457@group-D6BB8E541D6F-FollowerState
2023-02-16 16:34:51,338 [pool-568-thread-1] INFO  util.JmxRegister (JmxRegister.java:tryRegister(44)) - Successfully registered JMX Bean with object name Ratis:service=RaftServer,group=group-D6BB8E541D6F,id=f7941fd0-d868-43e3-a82b-129e07895457
2023-02-16 16:34:51,338 [pool-568-thread-1] INFO  server.RaftServerConfigKeys (ConfUtils.java:logGet(46)) - raft.server.snapshot.auto.trigger.enabled = true (custom)
2023-02-16 16:34:51,338 [pool-568-thread-1] INFO  server.RaftServerConfigKeys (ConfUtils.java:logGet(46)) - raft.server.snapshot.auto.trigger.threshold = 10000 (custom)
2023-02-16 16:34:51,338 [pool-568-thread-1] INFO  server.RaftServerConfigKeys (ConfUtils.java:logGet(46)) - raft.server.snapshot.retention.file.num = 5 (custom)
2023-02-16 16:34:51,338 [pool-568-thread-1] INFO  server.RaftServerConfigKeys (ConfUtils.java:logGet(46)) - raft.server.log.purge.upto.snapshot.index = false (default)
2023-02-16 16:34:51,339 [f7941fd0-d868-43e3-a82b-129e07895457@group-D6BB8E541D6F-FollowerState] INFO  server.RaftServerConfigKeys (ConfUtils.java:logFallback(53)) - raft.server.rpc.first-election.timeout.min = 5s (fallback to raft.server.rpc.timeout.min)
2023-02-16 16:34:51,339 [f7941fd0-d868-43e3-a82b-129e07895457@group-D6BB8E541D6F-FollowerState] INFO  server.RaftServerConfigKeys (ConfUtils.java:logFallback(53)) - raft.server.rpc.first-election.timeout.max = 5200ms (fallback to raft.server.rpc.timeout.max)
2023-02-16 16:34:51,342 [Command processor thread] INFO  ratis.XceiverServerRatis (XceiverServerRatis.java:addGroup(807)) - Created group PipelineID=8d1bae44-053a-4e99-ac84-d6bb8e541d6f
2023-02-16 16:34:51,342 [Command processor thread] INFO  commandhandler.CreatePipelineCommandHandler (CreatePipelineCommandHandler.java:handle(113)) - Created Pipeline RATIS ONE PipelineID=8d1bae44-053a-4e99-ac84-d6bb8e541d6f.
2023-02-16 16:34:52,316 [Listener at 127.0.0.1/44851] INFO  ozone.MiniOzoneClusterImpl (MiniOzoneClusterImpl.java:lambda$waitForClusterToBeReady$0(218)) - Nodes are ready. Got 5 of 5 DN Heartbeats.
2023-02-16 16:34:52,316 [Listener at 127.0.0.1/44851] INFO  ozone.MiniOzoneClusterImpl (MiniOzoneClusterImpl.java:lambda$waitForClusterToBeReady$0(221)) - Waiting for cluster to exit safe mode
2023-02-16 16:34:52,316 [Listener at 127.0.0.1/44851] INFO  ozone.MiniOzoneClusterImpl (MiniOzoneClusterImpl.java:lambda$waitForClusterToBeReady$0(223)) - SCM became leader
2023-02-16 16:34:53,316 [Listener at 127.0.0.1/44851] INFO  ozone.MiniOzoneClusterImpl (MiniOzoneClusterImpl.java:lambda$waitForClusterToBeReady$0(218)) - Nodes are ready. Got 5 of 5 DN Heartbeats.
2023-02-16 16:34:53,316 [Listener at 127.0.0.1/44851] INFO  ozone.MiniOzoneClusterImpl (MiniOzoneClusterImpl.java:lambda$waitForClusterToBeReady$0(221)) - Waiting for cluster to exit safe mode
2023-02-16 16:34:53,316 [Listener at 127.0.0.1/44851] INFO  ozone.MiniOzoneClusterImpl (MiniOzoneClusterImpl.java:lambda$waitForClusterToBeReady$0(223)) - SCM became leader
2023-02-16 16:34:54,317 [Listener at 127.0.0.1/44851] INFO  ozone.MiniOzoneClusterImpl (MiniOzoneClusterImpl.java:lambda$waitForClusterToBeReady$0(218)) - Nodes are ready. Got 5 of 5 DN Heartbeats.
2023-02-16 16:34:54,317 [Listener at 127.0.0.1/44851] INFO  ozone.MiniOzoneClusterImpl (MiniOzoneClusterImpl.java:lambda$waitForClusterToBeReady$0(221)) - Waiting for cluster to exit safe mode
2023-02-16 16:34:54,317 [Listener at 127.0.0.1/44851] INFO  ozone.MiniOzoneClusterImpl (MiniOzoneClusterImpl.java:lambda$waitForClusterToBeReady$0(223)) - SCM became leader
2023-02-16 16:34:54,968 [3dc841f7-9461-45fb-be3e-f1a36e39d59a@group-846FB80539C3-FollowerState] INFO  impl.FollowerState (FollowerState.java:run(143)) - 3dc841f7-9461-45fb-be3e-f1a36e39d59a@group-846FB80539C3-FollowerState: change to CANDIDATE, lastRpcElapsedTime:5050381830ns, electionTimeout:5049ms
2023-02-16 16:34:54,968 [3dc841f7-9461-45fb-be3e-f1a36e39d59a@group-846FB80539C3-FollowerState] INFO  impl.RoleInfo (RoleInfo.java:shutdownFollowerState(110)) - 3dc841f7-9461-45fb-be3e-f1a36e39d59a: shutdown 3dc841f7-9461-45fb-be3e-f1a36e39d59a@group-846FB80539C3-FollowerState
2023-02-16 16:34:54,968 [3dc841f7-9461-45fb-be3e-f1a36e39d59a@group-846FB80539C3-FollowerState] INFO  server.RaftServer$Division (RaftServerImpl.java:setRole(321)) - 3dc841f7-9461-45fb-be3e-f1a36e39d59a@group-846FB80539C3: changes role from  FOLLOWER to CANDIDATE at term 0 for changeToCandidate
2023-02-16 16:34:54,969 [3dc841f7-9461-45fb-be3e-f1a36e39d59a@group-846FB80539C3-FollowerState] INFO  server.RaftServerConfigKeys (ConfUtils.java:logGet(46)) - raft.server.leaderelection.pre-vote = true (default)
2023-02-16 16:34:54,969 [3dc841f7-9461-45fb-be3e-f1a36e39d59a@group-846FB80539C3-FollowerState] INFO  impl.RoleInfo (RoleInfo.java:updateAndGet(139)) - 3dc841f7-9461-45fb-be3e-f1a36e39d59a: start 3dc841f7-9461-45fb-be3e-f1a36e39d59a@group-846FB80539C3-LeaderElection18
2023-02-16 16:34:54,971 [3dc841f7-9461-45fb-be3e-f1a36e39d59a@group-846FB80539C3-LeaderElection18] INFO  impl.LeaderElection (LeaderElection.java:askForVotes(312)) - 3dc841f7-9461-45fb-be3e-f1a36e39d59a@group-846FB80539C3-LeaderElection18 PRE_VOTE round 0: submit vote requests at term 0 for -1: peers:[54ea6ac5-9e66-44bc-9134-574226f2896d|rpc:10.1.0.66:39543|dataStream:10.1.0.66:46125|priority:0|startupRole:FOLLOWER, 3dc841f7-9461-45fb-be3e-f1a36e39d59a|rpc:10.1.0.66:34405|dataStream:10.1.0.66:39763|priority:1|startupRole:FOLLOWER, c617c0dc-5b73-4bee-8a03-3b3ac823c300|rpc:10.1.0.66:39229|dataStream:10.1.0.66:45253|priority:0|startupRole:FOLLOWER]|listeners:[], old=null
2023-02-16 16:34:54,971 [3dc841f7-9461-45fb-be3e-f1a36e39d59a@group-846FB80539C3-LeaderElection18] INFO  server.RaftServerConfigKeys (ConfUtils.java:logFallback(53)) - raft.server.rpc.first-election.timeout.min = 5s (fallback to raft.server.rpc.timeout.min)
2023-02-16 16:34:54,971 [3dc841f7-9461-45fb-be3e-f1a36e39d59a@group-846FB80539C3-LeaderElection18-1] INFO  server.GrpcServerProtocolClient (GrpcServerProtocolClient.java:<init>(63)) - Build channel for 54ea6ac5-9e66-44bc-9134-574226f2896d
2023-02-16 16:34:54,971 [3dc841f7-9461-45fb-be3e-f1a36e39d59a@group-846FB80539C3-LeaderElection18] INFO  server.RaftServerConfigKeys (ConfUtils.java:logFallback(53)) - raft.server.rpc.first-election.timeout.max = 5200ms (fallback to raft.server.rpc.timeout.max)
2023-02-16 16:34:54,972 [3dc841f7-9461-45fb-be3e-f1a36e39d59a@group-846FB80539C3-LeaderElection18-2] INFO  server.GrpcServerProtocolClient (GrpcServerProtocolClient.java:<init>(63)) - Build channel for c617c0dc-5b73-4bee-8a03-3b3ac823c300
2023-02-16 16:34:54,977 [grpc-default-executor-4] INFO  server.RaftServer$Division (RaftServerImpl.java:requestVote(1218)) - 54ea6ac5-9e66-44bc-9134-574226f2896d@group-846FB80539C3: receive requestVote(PRE_VOTE, 3dc841f7-9461-45fb-be3e-f1a36e39d59a, group-846FB80539C3, 0, (t:0, i:0))
2023-02-16 16:34:54,977 [grpc-default-executor-4] INFO  impl.VoteContext (VoteContext.java:log(49)) - 54ea6ac5-9e66-44bc-9134-574226f2896d@group-846FB80539C3-FOLLOWER: accept PRE_VOTE from 3dc841f7-9461-45fb-be3e-f1a36e39d59a: our priority 0 <= candidate's priority 1
2023-02-16 16:34:54,977 [grpc-default-executor-4] INFO  server.RaftServer$Division (RaftServerImpl.java:requestVote(1251)) - 54ea6ac5-9e66-44bc-9134-574226f2896d@group-846FB80539C3 replies to PRE_VOTE vote request: 3dc841f7-9461-45fb-be3e-f1a36e39d59a<-54ea6ac5-9e66-44bc-9134-574226f2896d#0:OK-t0. Peer's state: 54ea6ac5-9e66-44bc-9134-574226f2896d@group-846FB80539C3:t0, leader=null, voted=, raftlog=Memoized:54ea6ac5-9e66-44bc-9134-574226f2896d@group-846FB80539C3-SegmentedRaftLog:OPENED:c-1, conf=-1: peers:[54ea6ac5-9e66-44bc-9134-574226f2896d|rpc:10.1.0.66:39543|dataStream:10.1.0.66:46125|priority:0|startupRole:FOLLOWER, 3dc841f7-9461-45fb-be3e-f1a36e39d59a|rpc:10.1.0.66:34405|dataStream:10.1.0.66:39763|priority:1|startupRole:FOLLOWER, c617c0dc-5b73-4bee-8a03-3b3ac823c300|rpc:10.1.0.66:39229|dataStream:10.1.0.66:45253|priority:0|startupRole:FOLLOWER]|listeners:[], old=null
2023-02-16 16:34:54,978 [3dc841f7-9461-45fb-be3e-f1a36e39d59a@group-846FB80539C3-LeaderElection18] INFO  impl.LeaderElection (LeaderElection.java:logAndReturn(90)) - 3dc841f7-9461-45fb-be3e-f1a36e39d59a@group-846FB80539C3-LeaderElection18: PRE_VOTE PASSED received 1 response(s) and 0 exception(s):
2023-02-16 16:34:54,978 [3dc841f7-9461-45fb-be3e-f1a36e39d59a@group-846FB80539C3-LeaderElection18] INFO  impl.LeaderElection (LeaderElection.java:logAndReturn(94)) -   Response 0: 3dc841f7-9461-45fb-be3e-f1a36e39d59a<-54ea6ac5-9e66-44bc-9134-574226f2896d#0:OK-t0
2023-02-16 16:34:54,978 [3dc841f7-9461-45fb-be3e-f1a36e39d59a@group-846FB80539C3-LeaderElection18] INFO  impl.LeaderElection (LeaderElection.java:askForVotes(314)) - 3dc841f7-9461-45fb-be3e-f1a36e39d59a@group-846FB80539C3-LeaderElection18 PRE_VOTE round 0: result PASSED
2023-02-16 16:34:54,979 [3dc841f7-9461-45fb-be3e-f1a36e39d59a@group-846FB80539C3-LeaderElection18] INFO  impl.LeaderElection (LeaderElection.java:askForVotes(312)) - 3dc841f7-9461-45fb-be3e-f1a36e39d59a@group-846FB80539C3-LeaderElection18 ELECTION round 0: submit vote requests at term 1 for -1: peers:[54ea6ac5-9e66-44bc-9134-574226f2896d|rpc:10.1.0.66:39543|dataStream:10.1.0.66:46125|priority:0|startupRole:FOLLOWER, 3dc841f7-9461-45fb-be3e-f1a36e39d59a|rpc:10.1.0.66:34405|dataStream:10.1.0.66:39763|priority:1|startupRole:FOLLOWER, c617c0dc-5b73-4bee-8a03-3b3ac823c300|rpc:10.1.0.66:39229|dataStream:10.1.0.66:45253|priority:0|startupRole:FOLLOWER]|listeners:[], old=null
2023-02-16 16:34:54,980 [c617c0dc-5b73-4bee-8a03-3b3ac823c300@group-846FB80539C3-FollowerState] INFO  impl.FollowerState (FollowerState.java:run(143)) - c617c0dc-5b73-4bee-8a03-3b3ac823c300@group-846FB80539C3-FollowerState: change to CANDIDATE, lastRpcElapsedTime:5086116740ns, electionTimeout:5084ms
2023-02-16 16:34:54,980 [c617c0dc-5b73-4bee-8a03-3b3ac823c300@group-846FB80539C3-FollowerState] INFO  impl.RoleInfo (RoleInfo.java:shutdownFollowerState(110)) - c617c0dc-5b73-4bee-8a03-3b3ac823c300: shutdown c617c0dc-5b73-4bee-8a03-3b3ac823c300@group-846FB80539C3-FollowerState
2023-02-16 16:34:54,980 [c617c0dc-5b73-4bee-8a03-3b3ac823c300@group-846FB80539C3-FollowerState] INFO  server.RaftServer$Division (RaftServerImpl.java:setRole(321)) - c617c0dc-5b73-4bee-8a03-3b3ac823c300@group-846FB80539C3: changes role from  FOLLOWER to CANDIDATE at term 0 for changeToCandidate
2023-02-16 16:34:54,981 [c617c0dc-5b73-4bee-8a03-3b3ac823c300@group-846FB80539C3-FollowerState] INFO  server.RaftServerConfigKeys (ConfUtils.java:logGet(46)) - raft.server.leaderelection.pre-vote = true (default)
2023-02-16 16:34:54,981 [3dc841f7-9461-45fb-be3e-f1a36e39d59a@group-846FB80539C3-LeaderElection18] INFO  server.RaftServerConfigKeys (ConfUtils.java:logFallback(53)) - raft.server.rpc.first-election.timeout.min = 5s (fallback to raft.server.rpc.timeout.min)
2023-02-16 16:34:54,981 [c617c0dc-5b73-4bee-8a03-3b3ac823c300@group-846FB80539C3-FollowerState] INFO  impl.RoleInfo (RoleInfo.java:updateAndGet(139)) - c617c0dc-5b73-4bee-8a03-3b3ac823c300: start c617c0dc-5b73-4bee-8a03-3b3ac823c300@group-846FB80539C3-LeaderElection19
2023-02-16 16:34:54,981 [3dc841f7-9461-45fb-be3e-f1a36e39d59a@group-846FB80539C3-LeaderElection18] INFO  server.RaftServerConfigKeys (ConfUtils.java:logFallback(53)) - raft.server.rpc.first-election.timeout.max = 5200ms (fallback to raft.server.rpc.timeout.max)
2023-02-16 16:34:54,982 [grpc-default-executor-4] INFO  server.RaftServer$Division (RaftServerImpl.java:requestVote(1218)) - 54ea6ac5-9e66-44bc-9134-574226f2896d@group-846FB80539C3: receive requestVote(ELECTION, 3dc841f7-9461-45fb-be3e-f1a36e39d59a, group-846FB80539C3, 1, (t:0, i:0))
2023-02-16 16:34:54,982 [grpc-default-executor-4] INFO  impl.VoteContext (VoteContext.java:log(49)) - 54ea6ac5-9e66-44bc-9134-574226f2896d@group-846FB80539C3-FOLLOWER: accept ELECTION from 3dc841f7-9461-45fb-be3e-f1a36e39d59a: our priority 0 <= candidate's priority 1
2023-02-16 16:34:54,982 [grpc-default-executor-4] INFO  server.RaftServer$Division (RaftServerImpl.java:setRole(321)) - 54ea6ac5-9e66-44bc-9134-574226f2896d@group-846FB80539C3: changes role from  FOLLOWER to FOLLOWER at term 1 for candidate:3dc841f7-9461-45fb-be3e-f1a36e39d59a
2023-02-16 16:34:54,982 [grpc-default-executor-4] INFO  impl.RoleInfo (RoleInfo.java:shutdownFollowerState(110)) - 54ea6ac5-9e66-44bc-9134-574226f2896d: shutdown 54ea6ac5-9e66-44bc-9134-574226f2896d@group-846FB80539C3-FollowerState
2023-02-16 16:34:54,986 [grpc-default-executor-4] INFO  impl.RoleInfo (RoleInfo.java:updateAndGet(139)) - 54ea6ac5-9e66-44bc-9134-574226f2896d: start 54ea6ac5-9e66-44bc-9134-574226f2896d@group-846FB80539C3-FollowerState
2023-02-16 16:34:54,987 [54ea6ac5-9e66-44bc-9134-574226f2896d@group-846FB80539C3-FollowerState] INFO  impl.FollowerState (FollowerState.java:run(152)) - 54ea6ac5-9e66-44bc-9134-574226f2896d@group-846FB80539C3-FollowerState was interrupted
2023-02-16 16:34:54,992 [grpc-default-executor-5] INFO  server.RaftServer$Division (RaftServerImpl.java:requestVote(1218)) - c617c0dc-5b73-4bee-8a03-3b3ac823c300@group-846FB80539C3: receive requestVote(PRE_VOTE, 3dc841f7-9461-45fb-be3e-f1a36e39d59a, group-846FB80539C3, 0, (t:0, i:0))
2023-02-16 16:34:54,992 [grpc-default-executor-4] INFO  server.RaftServer$Division (RaftServerImpl.java:requestVote(1251)) - 54ea6ac5-9e66-44bc-9134-574226f2896d@group-846FB80539C3 replies to ELECTION vote request: 3dc841f7-9461-45fb-be3e-f1a36e39d59a<-54ea6ac5-9e66-44bc-9134-574226f2896d#0:OK-t1. Peer's state: 54ea6ac5-9e66-44bc-9134-574226f2896d@group-846FB80539C3:t1, leader=null, voted=3dc841f7-9461-45fb-be3e-f1a36e39d59a, raftlog=Memoized:54ea6ac5-9e66-44bc-9134-574226f2896d@group-846FB80539C3-SegmentedRaftLog:OPENED:c-1, conf=-1: peers:[54ea6ac5-9e66-44bc-9134-574226f2896d|rpc:10.1.0.66:39543|dataStream:10.1.0.66:46125|priority:0|startupRole:FOLLOWER, 3dc841f7-9461-45fb-be3e-f1a36e39d59a|rpc:10.1.0.66:34405|dataStream:10.1.0.66:39763|priority:1|startupRole:FOLLOWER, c617c0dc-5b73-4bee-8a03-3b3ac823c300|rpc:10.1.0.66:39229|dataStream:10.1.0.66:45253|priority:0|startupRole:FOLLOWER]|listeners:[], old=null
2023-02-16 16:34:54,993 [3dc841f7-9461-45fb-be3e-f1a36e39d59a@group-846FB80539C3-LeaderElection18] INFO  impl.LeaderElection (LeaderElection.java:logAndReturn(90)) - 3dc841f7-9461-45fb-be3e-f1a36e39d59a@group-846FB80539C3-LeaderElection18: ELECTION PASSED received 1 response(s) and 0 exception(s):
2023-02-16 16:34:54,993 [3dc841f7-9461-45fb-be3e-f1a36e39d59a@group-846FB80539C3-LeaderElection18] INFO  impl.LeaderElection (LeaderElection.java:logAndReturn(94)) -   Response 0: 3dc841f7-9461-45fb-be3e-f1a36e39d59a<-54ea6ac5-9e66-44bc-9134-574226f2896d#0:OK-t1
2023-02-16 16:34:54,993 [3dc841f7-9461-45fb-be3e-f1a36e39d59a@group-846FB80539C3-LeaderElection18] INFO  impl.LeaderElection (LeaderElection.java:askForVotes(314)) - 3dc841f7-9461-45fb-be3e-f1a36e39d59a@group-846FB80539C3-LeaderElection18 ELECTION round 0: result PASSED
2023-02-16 16:34:54,993 [3dc841f7-9461-45fb-be3e-f1a36e39d59a@group-846FB80539C3-LeaderElection18] INFO  impl.RoleInfo (RoleInfo.java:shutdownLeaderElection(130)) - 3dc841f7-9461-45fb-be3e-f1a36e39d59a: shutdown 3dc841f7-9461-45fb-be3e-f1a36e39d59a@group-846FB80539C3-LeaderElection18
2023-02-16 16:34:54,993 [3dc841f7-9461-45fb-be3e-f1a36e39d59a@group-846FB80539C3-LeaderElection18] INFO  server.RaftServer$Division (RaftServerImpl.java:setRole(321)) - 3dc841f7-9461-45fb-be3e-f1a36e39d59a@group-846FB80539C3: changes role from CANDIDATE to LEADER at term 1 for changeToLeader
2023-02-16 16:34:54,993 [3dc841f7-9461-45fb-be3e-f1a36e39d59a@group-846FB80539C3-LeaderElection18] INFO  ratis.XceiverServerRatis (XceiverServerRatis.java:handleLeaderChangedNotification(905)) - Leader change notification received for group: group-846FB80539C3 with new leaderId: 3dc841f7-9461-45fb-be3e-f1a36e39d59a
2023-02-16 16:34:54,993 [3dc841f7-9461-45fb-be3e-f1a36e39d59a@group-846FB80539C3-LeaderElection18] INFO  server.RaftServer$Division (ServerState.java:setLeader(313)) - 3dc841f7-9461-45fb-be3e-f1a36e39d59a@group-846FB80539C3: change Leader from null to 3dc841f7-9461-45fb-be3e-f1a36e39d59a at term 1 for becomeLeader, leader elected after 5085ms
2023-02-16 16:34:54,993 [3dc841f7-9461-45fb-be3e-f1a36e39d59a@group-846FB80539C3-LeaderElection18] INFO  server.RaftServerConfigKeys (ConfUtils.java:logGet(46)) - raft.server.staging.catchup.gap = 1000 (default)
2023-02-16 16:34:54,994 [3dc841f7-9461-45fb-be3e-f1a36e39d59a@group-846FB80539C3-LeaderElection18] INFO  server.RaftServerConfigKeys (ConfUtils.java:logGet(46)) - raft.server.write.element-limit = 1024 (custom)
2023-02-16 16:34:54,994 [3dc841f7-9461-45fb-be3e-f1a36e39d59a@group-846FB80539C3-LeaderElection18] INFO  server.RaftServerConfigKeys (ConfUtils.java:logGet(46)) - raft.server.write.byte-limit = 1024 M (=1073741824) (custom)
2023-02-16 16:34:54,994 [3dc841f7-9461-45fb-be3e-f1a36e39d59a@group-846FB80539C3-LeaderElection18] INFO  server.RaftServerConfigKeys (ConfUtils.java:logGet(46)) - raft.server.watch.timeout = 180s (custom)
2023-02-16 16:34:54,994 [3dc841f7-9461-45fb-be3e-f1a36e39d59a@group-846FB80539C3-LeaderElection18] INFO  server.RaftServerConfigKeys (ConfUtils.java:logGet(46)) - raft.server.watch.timeout.denomination = 1s (default)
2023-02-16 16:34:54,994 [3dc841f7-9461-45fb-be3e-f1a36e39d59a@group-846FB80539C3-LeaderElection18] INFO  server.RaftServerConfigKeys (ConfUtils.java:logGet(46)) - raft.server.watch.element-limit = 65536 (default)
2023-02-16 16:34:54,994 [3dc841f7-9461-45fb-be3e-f1a36e39d59a@group-846FB80539C3-LeaderElection18] INFO  server.RaftServerConfigKeys (ConfUtils.java:logGet(46)) - raft.server.write.element-limit = 1024 (custom)
2023-02-16 16:34:54,994 [3dc841f7-9461-45fb-be3e-f1a36e39d59a@group-846FB80539C3-LeaderElection18] INFO  server.RaftServerConfigKeys (ConfUtils.java:logGet(46)) - raft.server.write.follower.gap.ratio.max = -1.0 (default)
2023-02-16 16:34:54,994 [3dc841f7-9461-45fb-be3e-f1a36e39d59a@group-846FB80539C3-LeaderElection18] INFO  server.RaftServerConfigKeys (ConfUtils.java:logGet(46)) - raft.server.log.appender.snapshot.chunk.size.max = 16MB (=16777216) (default)
2023-02-16 16:34:54,994 [3dc841f7-9461-45fb-be3e-f1a36e39d59a@group-846FB80539C3-LeaderElection18] INFO  server.RaftServerConfigKeys (ConfUtils.java:logGet(46)) - raft.server.log.appender.buffer.byte-limit = 33554432 (custom)
2023-02-16 16:34:54,995 [3dc841f7-9461-45fb-be3e-f1a36e39d59a@group-846FB80539C3-LeaderElection18] INFO  server.RaftServerConfigKeys (ConfUtils.java:logGet(46)) - raft.server.log.appender.buffer.element-limit = 1 (custom)
2023-02-16 16:34:54,995 [3dc841f7-9461-45fb-be3e-f1a36e39d59a@group-846FB80539C3-LeaderElection18] INFO  grpc.GrpcConfigKeys (ConfUtils.java:logGet(46)) - raft.grpc.server.leader.outstanding.appends.max = 128 (default)
2023-02-16 16:34:54,995 [3dc841f7-9461-45fb-be3e-f1a36e39d59a@group-846FB80539C3-LeaderElection18] INFO  server.RaftServerConfigKeys (ConfUtils.java:logGet(46)) - raft.server.rpc.request.timeout = 60s (custom)
2023-02-16 16:34:54,995 [3dc841f7-9461-45fb-be3e-f1a36e39d59a@group-846FB80539C3-LeaderElection18] INFO  server.RaftServerConfigKeys (ConfUtils.java:logGet(46)) - raft.server.log.appender.install.snapshot.enabled = false (custom)
2023-02-16 16:34:54,995 [3dc841f7-9461-45fb-be3e-f1a36e39d59a@group-846FB80539C3-LeaderElection18] INFO  grpc.GrpcConfigKeys (ConfUtils.java:logGet(46)) - raft.grpc.server.heartbeat.channel = true (default)
2023-02-16 16:34:54,995 [3dc841f7-9461-45fb-be3e-f1a36e39d59a@group-846FB80539C3-LeaderElection18] INFO  server.RaftServerConfigKeys (ConfUtils.java:logGet(46)) - raft.server.log.appender.wait-time.min = 10ms (default)
2023-02-16 16:34:54,995 [3dc841f7-9461-45fb-be3e-f1a36e39d59a@group-846FB80539C3-LeaderElection18] INFO  server.RaftServerConfigKeys (ConfUtils.java:logGet(46)) - raft.server.log.appender.snapshot.chunk.size.max = 16MB (=16777216) (default)
2023-02-16 16:34:54,995 [3dc841f7-9461-45fb-be3e-f1a36e39d59a@group-846FB80539C3-LeaderElection18] INFO  server.RaftServerConfigKeys (ConfUtils.java:logGet(46)) - raft.server.log.appender.buffer.byte-limit = 33554432 (custom)
2023-02-16 16:34:54,995 [3dc841f7-9461-45fb-be3e-f1a36e39d59a@group-846FB80539C3-LeaderElection18] INFO  server.RaftServerConfigKeys (ConfUtils.java:logGet(46)) - raft.server.log.appender.buffer.element-limit = 1 (custom)
2023-02-16 16:34:54,995 [3dc841f7-9461-45fb-be3e-f1a36e39d59a@group-846FB80539C3-LeaderElection18] INFO  grpc.GrpcConfigKeys (ConfUtils.java:logGet(46)) - raft.grpc.server.leader.outstanding.appends.max = 128 (default)
2023-02-16 16:34:54,995 [3dc841f7-9461-45fb-be3e-f1a36e39d59a@group-846FB80539C3-LeaderElection18] INFO  server.RaftServerConfigKeys (ConfUtils.java:logGet(46)) - raft.server.rpc.request.timeout = 60s (custom)
2023-02-16 16:34:54,995 [3dc841f7-9461-45fb-be3e-f1a36e39d59a@group-846FB80539C3-LeaderElection18] INFO  server.RaftServerConfigKeys (ConfUtils.java:logGet(46)) - raft.server.log.appender.install.snapshot.enabled = false (custom)
2023-02-16 16:34:54,995 [3dc841f7-9461-45fb-be3e-f1a36e39d59a@group-846FB80539C3-LeaderElection18] INFO  grpc.GrpcConfigKeys (ConfUtils.java:logGet(46)) - raft.grpc.server.heartbeat.channel = true (default)
2023-02-16 16:34:54,995 [3dc841f7-9461-45fb-be3e-f1a36e39d59a@group-846FB80539C3-LeaderElection18] INFO  server.RaftServerConfigKeys (ConfUtils.java:logGet(46)) - raft.server.log.appender.wait-time.min = 10ms (default)
2023-02-16 16:34:54,996 [3dc841f7-9461-45fb-be3e-f1a36e39d59a@group-846FB80539C3-LeaderElection18] INFO  impl.RoleInfo (RoleInfo.java:updateAndGet(139)) - 3dc841f7-9461-45fb-be3e-f1a36e39d59a: start 3dc841f7-9461-45fb-be3e-f1a36e39d59a@group-846FB80539C3-LeaderStateImpl
2023-02-16 16:34:54,996 [3dc841f7-9461-45fb-be3e-f1a36e39d59a@group-846FB80539C3-LeaderElection18] INFO  segmented.SegmentedRaftLogWorker (SegmentedRaftLogWorker.java:startLogSegment(452)) - 3dc841f7-9461-45fb-be3e-f1a36e39d59a@group-846FB80539C3-SegmentedRaftLogWorker: Starting segment from index:0
2023-02-16 16:34:54,996 [EventQueue-PipelineReportForPipelineReportHandler] INFO  pipeline.PipelineManagerImpl (PipelineManagerImpl.java:openPipeline(367)) - Pipeline Pipeline[ Id: bf3f6b71-65a2-4113-a90c-846fb80539c3, Nodes: 3dc841f7-9461-45fb-be3e-f1a36e39d59a(fv-az167-289.21ktoceh2wee5fewwtpg1zd01g.bx.internal.cloudapp.net/10.1.0.66)c617c0dc-5b73-4bee-8a03-3b3ac823c300(fv-az167-289.21ktoceh2wee5fewwtpg1zd01g.bx.internal.cloudapp.net/10.1.0.66)54ea6ac5-9e66-44bc-9134-574226f2896d(fv-az167-289.21ktoceh2wee5fewwtpg1zd01g.bx.internal.cloudapp.net/10.1.0.66), ReplicationConfig: RATIS/THREE, State:ALLOCATED, leaderId:3dc841f7-9461-45fb-be3e-f1a36e39d59a, CreationTimestamp2023-02-16T16:34:47.543Z[Etc/UTC]] moved to OPEN state
2023-02-16 16:34:54,997 [EventQueue-OpenPipelineForHealthyPipelineSafeModeRule] INFO  safemode.SCMSafeModeManager (HealthyPipelineSafeModeRule.java:process(137)) - SCM in safe mode. Healthy pipelines reported count is 0, required healthy pipeline reported count is 1
2023-02-16 16:34:54,997 [EventQueue-OpenPipelineForHealthyPipelineSafeModeRule] INFO  safemode.SCMSafeModeManager (HealthyPipelineSafeModeRule.java:process(137)) - SCM in safe mode. Healthy pipelines reported count is 1, required healthy pipeline reported count is 1
2023-02-16 16:34:54,997 [EventQueue-OpenPipelineForHealthyPipelineSafeModeRule] INFO  safemode.SCMSafeModeManager (SCMSafeModeManager.java:validateSafeModeExitRules(200)) - HealthyPipelineSafeModeRule rule is successfully validated
2023-02-16 16:34:54,997 [EventQueue-OpenPipelineForHealthyPipelineSafeModeRule] INFO  safemode.SCMSafeModeManager (SCMSafeModeManager.java:validateSafeModeExitRules(215)) - ScmSafeModeManager, all rules are successfully validated
2023-02-16 16:34:54,997 [EventQueue-OpenPipelineForHealthyPipelineSafeModeRule] INFO  safemode.SCMSafeModeManager (SCMSafeModeManager.java:exitSafeMode(244)) - SCM exiting safe mode.
2023-02-16 16:34:54,998 [EventQueue-OpenPipelineForHealthyPipelineSafeModeRule] INFO  ha.SCMContext (SCMContext.java:updateSafeModeStatus(228)) - Update SafeModeStatus from SafeModeStatus{safeModeStatus=true, preCheckPassed=true} to SafeModeStatus{safeModeStatus=false, preCheckPassed=true}.
2023-02-16 16:34:54,998 [EventQueue-OpenPipelineForHealthyPipelineSafeModeRule] INFO  pipeline.BackgroundPipelineCreator (BackgroundPipelineCreator.java:notifyStatusChanged(254)) - Service BackgroundPipelineCreator transitions to RUNNING.
2023-02-16 16:34:54,998 [EventQueue-OpenPipelineForHealthyPipelineSafeModeRule] INFO  BackgroundPipelineScrubber (BackgroundSCMService.java:notifyStatusChanged(82)) - Service BackgroundPipelineScrubber transitions to RUNNING.
2023-02-16 16:34:54,999 [EventQueue-OpenPipelineForHealthyPipelineSafeModeRule] INFO  ExpiredContainerReplicaOpScrubber (BackgroundSCMService.java:notifyStatusChanged(82)) - Service ExpiredContainerReplicaOpScrubber transitions to RUNNING.
2023-02-16 16:34:54,999 [EventQueue-OpenPipelineForHealthyPipelineSafeModeRule] INFO  replication.ReplicationManager (ReplicationManager.java:notifyStatusChanged(1036)) - Service ReplicationManager transitions to RUNNING.
2023-02-16 16:34:54,999 [EventQueue-OpenPipelineForHealthyPipelineSafeModeRule] WARN  balancer.ContainerBalancer (ContainerBalancer.java:shouldRun(131)) - Could not find persisted configuration for ContainerBalancer when checking if ContainerBalancer should run. ContainerBalancer should not run now.
2023-02-16 16:34:54,998 [54ea6ac5-9e66-44bc-9134-574226f2896d@group-846FB80539C3-FollowerState] INFO  server.RaftServerConfigKeys (ConfUtils.java:logFallback(53)) - raft.server.rpc.first-election.timeout.min = 5s (fallback to raft.server.rpc.timeout.min)
2023-02-16 16:34:54,998 [grpc-default-executor-5] INFO  impl.VoteContext (VoteContext.java:log(49)) - c617c0dc-5b73-4bee-8a03-3b3ac823c300@group-846FB80539C3-CANDIDATE: accept PRE_VOTE from 3dc841f7-9461-45fb-be3e-f1a36e39d59a: our priority 0 <= candidate's priority 1
2023-02-16 16:34:55,001 [grpc-default-executor-5] INFO  server.RaftServer$Division (RaftServerImpl.java:requestVote(1251)) - c617c0dc-5b73-4bee-8a03-3b3ac823c300@group-846FB80539C3 replies to PRE_VOTE vote request: 3dc841f7-9461-45fb-be3e-f1a36e39d59a<-c617c0dc-5b73-4bee-8a03-3b3ac823c300#0:OK-t0. Peer's state: c617c0dc-5b73-4bee-8a03-3b3ac823c300@group-846FB80539C3:t0, leader=null, voted=, raftlog=Memoized:c617c0dc-5b73-4bee-8a03-3b3ac823c300@group-846FB80539C3-SegmentedRaftLog:OPENED:c-1, conf=-1: peers:[54ea6ac5-9e66-44bc-9134-574226f2896d|rpc:10.1.0.66:39543|dataStream:10.1.0.66:46125|priority:0|startupRole:FOLLOWER, 3dc841f7-9461-45fb-be3e-f1a36e39d59a|rpc:10.1.0.66:34405|dataStream:10.1.0.66:39763|priority:1|startupRole:FOLLOWER, c617c0dc-5b73-4bee-8a03-3b3ac823c300|rpc:10.1.0.66:39229|dataStream:10.1.0.66:45253|priority:0|startupRole:FOLLOWER]|listeners:[], old=null
2023-02-16 16:34:55,002 [c617c0dc-5b73-4bee-8a03-3b3ac823c300@group-846FB80539C3-LeaderElection19] INFO  impl.LeaderElection (LeaderElection.java:askForVotes(312)) - c617c0dc-5b73-4bee-8a03-3b3ac823c300@group-846FB80539C3-LeaderElection19 PRE_VOTE round 0: submit vote requests at term 0 for -1: peers:[54ea6ac5-9e66-44bc-9134-574226f2896d|rpc:10.1.0.66:39543|dataStream:10.1.0.66:46125|priority:0|startupRole:FOLLOWER, 3dc841f7-9461-45fb-be3e-f1a36e39d59a|rpc:10.1.0.66:34405|dataStream:10.1.0.66:39763|priority:1|startupRole:FOLLOWER, c617c0dc-5b73-4bee-8a03-3b3ac823c300|rpc:10.1.0.66:39229|dataStream:10.1.0.66:45253|priority:0|startupRole:FOLLOWER]|listeners:[], old=null
2023-02-16 16:34:55,002 [grpc-default-executor-4] INFO  server.RaftServer$Division (RaftServerImpl.java:requestVote(1218)) - c617c0dc-5b73-4bee-8a03-3b3ac823c300@group-846FB80539C3: receive requestVote(ELECTION, 3dc841f7-9461-45fb-be3e-f1a36e39d59a, group-846FB80539C3, 1, (t:0, i:0))
2023-02-16 16:34:55,001 [54ea6ac5-9e66-44bc-9134-574226f2896d@group-846FB80539C3-FollowerState] INFO  server.RaftServerConfigKeys (ConfUtils.java:logFallback(53)) - raft.server.rpc.first-election.timeout.max = 5200ms (fallback to raft.server.rpc.timeout.max)
2023-02-16 16:34:55,002 [grpc-default-executor-4] INFO  impl.VoteContext (VoteContext.java:log(49)) - c617c0dc-5b73-4bee-8a03-3b3ac823c300@group-846FB80539C3-CANDIDATE: accept ELECTION from 3dc841f7-9461-45fb-be3e-f1a36e39d59a: our priority 0 <= candidate's priority 1
2023-02-16 16:34:55,002 [grpc-default-executor-4] INFO  server.RaftServer$Division (RaftServerImpl.java:setRole(321)) - c617c0dc-5b73-4bee-8a03-3b3ac823c300@group-846FB80539C3: changes role from CANDIDATE to FOLLOWER at term 1 for candidate:3dc841f7-9461-45fb-be3e-f1a36e39d59a
2023-02-16 16:34:55,002 [grpc-default-executor-4] INFO  impl.RoleInfo (RoleInfo.java:shutdownLeaderElection(130)) - c617c0dc-5b73-4bee-8a03-3b3ac823c300: shutdown c617c0dc-5b73-4bee-8a03-3b3ac823c300@group-846FB80539C3-LeaderElection19
2023-02-16 16:34:55,002 [c617c0dc-5b73-4bee-8a03-3b3ac823c300@group-80221C0F5B2C-FollowerState] INFO  impl.FollowerState (FollowerState.java:run(143)) - c617c0dc-5b73-4bee-8a03-3b3ac823c300@group-80221C0F5B2C-FollowerState: change to CANDIDATE, lastRpcElapsedTime:5124211665ns, electionTimeout:5123ms
2023-02-16 16:34:55,003 [c617c0dc-5b73-4bee-8a03-3b3ac823c300@group-846FB80539C3-LeaderElection19-1] INFO  server.GrpcServerProtocolClient (GrpcServerProtocolClient.java:<init>(63)) - Build channel for 54ea6ac5-9e66-44bc-9134-574226f2896d
2023-02-16 16:34:55,007 [c617c0dc-5b73-4bee-8a03-3b3ac823c300@group-846FB80539C3-LeaderElection19] INFO  server.RaftServerConfigKeys (ConfUtils.java:logFallback(53)) - raft.server.rpc.first-election.timeout.min = 5s (fallback to raft.server.rpc.timeout.min)
2023-02-16 16:34:55,007 [c617c0dc-5b73-4bee-8a03-3b3ac823c300@group-846FB80539C3-LeaderElection19] INFO  server.RaftServerConfigKeys (ConfUtils.java:logFallback(53)) - raft.server.rpc.first-election.timeout.max = 5200ms (fallback to raft.server.rpc.timeout.max)
2023-02-16 16:34:55,007 [c617c0dc-5b73-4bee-8a03-3b3ac823c300@group-846FB80539C3-LeaderElection19] INFO  impl.LeaderElection (LeaderElection.java:logAndReturn(90)) - c617c0dc-5b73-4bee-8a03-3b3ac823c300@group-846FB80539C3-LeaderElection19: PRE_VOTE REJECTED received 0 response(s) and 0 exception(s):
2023-02-16 16:34:55,007 [c617c0dc-5b73-4bee-8a03-3b3ac823c300@group-846FB80539C3-LeaderElection19] INFO  impl.LeaderElection (LeaderElection.java:askForVotes(314)) - c617c0dc-5b73-4bee-8a03-3b3ac823c300@group-846FB80539C3-LeaderElection19 PRE_VOTE round 0: result REJECTED
2023-02-16 16:34:55,008 [c617c0dc-5b73-4bee-8a03-3b3ac823c300@group-846FB80539C3-LeaderElection19-2] INFO  server.GrpcServerProtocolClient (GrpcServerProtocolClient.java:<init>(63)) - Build channel for 3dc841f7-9461-45fb-be3e-f1a36e39d59a
2023-02-16 16:34:55,008 [3dc841f7-9461-45fb-be3e-f1a36e39d59a@group-846FB80539C3-LeaderElection18] INFO  server.RaftServer$Division (ServerState.java:setRaftConf(430)) - 3dc841f7-9461-45fb-be3e-f1a36e39d59a@group-846FB80539C3: set configuration 0: peers:[54ea6ac5-9e66-44bc-9134-574226f2896d|rpc:10.1.0.66:39543|dataStream:10.1.0.66:46125|priority:0|startupRole:FOLLOWER, 3dc841f7-9461-45fb-be3e-f1a36e39d59a|rpc:10.1.0.66:34405|dataStream:10.1.0.66:39763|priority:1|startupRole:FOLLOWER, c617c0dc-5b73-4bee-8a03-3b3ac823c300|rpc:10.1.0.66:39229|dataStream:10.1.0.66:45253|priority:0|startupRole:FOLLOWER]|listeners:[], old=null
2023-02-16 16:34:55,008 [grpc-default-executor-4] INFO  impl.RoleInfo (RoleInfo.java:updateAndGet(139)) - c617c0dc-5b73-4bee-8a03-3b3ac823c300: start c617c0dc-5b73-4bee-8a03-3b3ac823c300@group-846FB80539C3-FollowerState
2023-02-16 16:34:55,010 [3dc841f7-9461-45fb-be3e-f1a36e39d59a@group-846FB80539C3-SegmentedRaftLogWorker] INFO  segmented.SegmentedRaftLogWorker (SegmentedRaftLogWorker.java:execute(656)) - 3dc841f7-9461-45fb-be3e-f1a36e39d59a@group-846FB80539C3-SegmentedRaftLogWorker: created new log segment /home/runner/work/ozone/ozone/hadoop-ozone/integration-test/target/test-dir/MiniOzoneClusterImpl-d88fc665-df07-433e-a21c-a919abf7322c/datanode-1/data/ratis/bf3f6b71-65a2-4113-a90c-846fb80539c3/current/log_inprogress_0
2023-02-16 16:34:55,011 [c617c0dc-5b73-4bee-8a03-3b3ac823c300@group-80221C0F5B2C-FollowerState] INFO  impl.RoleInfo (RoleInfo.java:shutdownFollowerState(110)) - c617c0dc-5b73-4bee-8a03-3b3ac823c300: shutdown c617c0dc-5b73-4bee-8a03-3b3ac823c300@group-80221C0F5B2C-FollowerState
2023-02-16 16:34:55,011 [c617c0dc-5b73-4bee-8a03-3b3ac823c300@group-80221C0F5B2C-FollowerState] INFO  server.RaftServer$Division (RaftServerImpl.java:setRole(321)) - c617c0dc-5b73-4bee-8a03-3b3ac823c300@group-80221C0F5B2C: changes role from  FOLLOWER to CANDIDATE at term 0 for changeToCandidate
2023-02-16 16:34:55,014 [c617c0dc-5b73-4bee-8a03-3b3ac823c300@group-80221C0F5B2C-FollowerState] INFO  server.RaftServerConfigKeys (ConfUtils.java:logGet(46)) - raft.server.leaderelection.pre-vote = true (default)
2023-02-16 16:34:55,014 [c617c0dc-5b73-4bee-8a03-3b3ac823c300@group-80221C0F5B2C-FollowerState] INFO  impl.RoleInfo (RoleInfo.java:updateAndGet(139)) - c617c0dc-5b73-4bee-8a03-3b3ac823c300: start c617c0dc-5b73-4bee-8a03-3b3ac823c300@group-80221C0F5B2C-LeaderElection20
2023-02-16 16:34:55,014 [c617c0dc-5b73-4bee-8a03-3b3ac823c300@group-846FB80539C3-FollowerState] INFO  server.RaftServerConfigKeys (ConfUtils.java:logFallback(53)) - raft.server.rpc.first-election.timeout.min = 5s (fallback to raft.server.rpc.timeout.min)
2023-02-16 16:34:55,014 [c617c0dc-5b73-4bee-8a03-3b3ac823c300@group-846FB80539C3-FollowerState] INFO  server.RaftServerConfigKeys (ConfUtils.java:logFallback(53)) - raft.server.rpc.first-election.timeout.max = 5200ms (fallback to raft.server.rpc.timeout.max)
2023-02-16 16:34:55,020 [grpc-default-executor-4] INFO  server.RaftServer$Division (RaftServerImpl.java:requestVote(1251)) - c617c0dc-5b73-4bee-8a03-3b3ac823c300@group-846FB80539C3 replies to ELECTION vote request: 3dc841f7-9461-45fb-be3e-f1a36e39d59a<-c617c0dc-5b73-4bee-8a03-3b3ac823c300#0:OK-t1. Peer's state: c617c0dc-5b73-4bee-8a03-3b3ac823c300@group-846FB80539C3:t1, leader=null, voted=3dc841f7-9461-45fb-be3e-f1a36e39d59a, raftlog=Memoized:c617c0dc-5b73-4bee-8a03-3b3ac823c300@group-846FB80539C3-SegmentedRaftLog:OPENED:c-1, conf=-1: peers:[54ea6ac5-9e66-44bc-9134-574226f2896d|rpc:10.1.0.66:39543|dataStream:10.1.0.66:46125|priority:0|startupRole:FOLLOWER, 3dc841f7-9461-45fb-be3e-f1a36e39d59a|rpc:10.1.0.66:34405|dataStream:10.1.0.66:39763|priority:1|startupRole:FOLLOWER, c617c0dc-5b73-4bee-8a03-3b3ac823c300|rpc:10.1.0.66:39229|dataStream:10.1.0.66:45253|priority:0|startupRole:FOLLOWER]|listeners:[], old=null
2023-02-16 16:34:55,029 [grpc-default-executor-5] INFO  server.RaftServer$Division (RaftServerImpl.java:requestVote(1218)) - 54ea6ac5-9e66-44bc-9134-574226f2896d@group-846FB80539C3: receive requestVote(PRE_VOTE, c617c0dc-5b73-4bee-8a03-3b3ac823c300, group-846FB80539C3, 0, (t:0, i:0))
2023-02-16 16:34:55,029 [grpc-default-executor-5] INFO  impl.VoteContext (VoteContext.java:log(49)) - 54ea6ac5-9e66-44bc-9134-574226f2896d@group-846FB80539C3-FOLLOWER: accept PRE_VOTE from c617c0dc-5b73-4bee-8a03-3b3ac823c300: our priority 0 <= candidate's priority 0
2023-02-16 16:34:55,029 [grpc-default-executor-5] INFO  server.RaftServer$Division (RaftServerImpl.java:requestVote(1251)) - 54ea6ac5-9e66-44bc-9134-574226f2896d@group-846FB80539C3 replies to PRE_VOTE vote request: c617c0dc-5b73-4bee-8a03-3b3ac823c300<-54ea6ac5-9e66-44bc-9134-574226f2896d#0:OK-t1. Peer's state: 54ea6ac5-9e66-44bc-9134-574226f2896d@group-846FB80539C3:t1, leader=null, voted=3dc841f7-9461-45fb-be3e-f1a36e39d59a, raftlog=Memoized:54ea6ac5-9e66-44bc-9134-574226f2896d@group-846FB80539C3-SegmentedRaftLog:OPENED:c-1, conf=-1: peers:[54ea6ac5-9e66-44bc-9134-574226f2896d|rpc:10.1.0.66:39543|dataStream:10.1.0.66:46125|priority:0|startupRole:FOLLOWER, 3dc841f7-9461-45fb-be3e-f1a36e39d59a|rpc:10.1.0.66:34405|dataStream:10.1.0.66:39763|priority:1|startupRole:FOLLOWER, c617c0dc-5b73-4bee-8a03-3b3ac823c300|rpc:10.1.0.66:39229|dataStream:10.1.0.66:45253|priority:0|startupRole:FOLLOWER]|listeners:[], old=null
2023-02-16 16:34:55,030 [c617c0dc-5b73-4bee-8a03-3b3ac823c300@group-80221C0F5B2C-LeaderElection20] INFO  impl.LeaderElection (LeaderElection.java:askForVotes(312)) - c617c0dc-5b73-4bee-8a03-3b3ac823c300@group-80221C0F5B2C-LeaderElection20 PRE_VOTE round 0: submit vote requests at term 0 for -1: peers:[c617c0dc-5b73-4bee-8a03-3b3ac823c300|rpc:10.1.0.66:39229|dataStream:10.1.0.66:45253|priority:1|startupRole:FOLLOWER]|listeners:[], old=null
2023-02-16 16:34:55,030 [c617c0dc-5b73-4bee-8a03-3b3ac823c300@group-80221C0F5B2C-LeaderElection20] INFO  impl.LeaderElection (LeaderElection.java:askForVotes(314)) - c617c0dc-5b73-4bee-8a03-3b3ac823c300@group-80221C0F5B2C-LeaderElection20 PRE_VOTE round 0: result PASSED (term=0)
2023-02-16 16:34:55,031 [54ea6ac5-9e66-44bc-9134-574226f2896d@group-334246B51765-FollowerState] INFO  impl.FollowerState (FollowerState.java:run(143)) - 54ea6ac5-9e66-44bc-9134-574226f2896d@group-334246B51765-FollowerState: change to CANDIDATE, lastRpcElapsedTime:5047417012ns, electionTimeout:5044ms
2023-02-16 16:34:55,031 [54ea6ac5-9e66-44bc-9134-574226f2896d@group-334246B51765-FollowerState] INFO  impl.RoleInfo (RoleInfo.java:shutdownFollowerState(110)) - 54ea6ac5-9e66-44bc-9134-574226f2896d: shutdown 54ea6ac5-9e66-44bc-9134-574226f2896d@group-334246B51765-FollowerState
2023-02-16 16:34:55,031 [54ea6ac5-9e66-44bc-9134-574226f2896d@group-334246B51765-FollowerState] INFO  server.RaftServer$Division (RaftServerImpl.java:setRole(321)) - 54ea6ac5-9e66-44bc-9134-574226f2896d@group-334246B51765: changes role from  FOLLOWER to CANDIDATE at term 0 for changeToCandidate
2023-02-16 16:34:55,031 [54ea6ac5-9e66-44bc-9134-574226f2896d-server-thread1] INFO  ratis.XceiverServerRatis (XceiverServerRatis.java:handleLeaderChangedNotification(905)) - Leader change notification received for group: group-846FB80539C3 with new leaderId: 3dc841f7-9461-45fb-be3e-f1a36e39d59a
2023-02-16 16:34:55,031 [54ea6ac5-9e66-44bc-9134-574226f2896d-server-thread1] INFO  server.RaftServer$Division (ServerState.java:setLeader(313)) - 54ea6ac5-9e66-44bc-9134-574226f2896d@group-846FB80539C3: change Leader from null to 3dc841f7-9461-45fb-be3e-f1a36e39d59a at term 1 for appendEntries, leader elected after 5097ms
2023-02-16 16:34:55,032 [c617c0dc-5b73-4bee-8a03-3b3ac823c300@group-80221C0F5B2C-LeaderElection20] INFO  impl.LeaderElection (LeaderElection.java:askForVotes(312)) - c617c0dc-5b73-4bee-8a03-3b3ac823c300@group-80221C0F5B2C-LeaderElection20 ELECTION round 0: submit vote requests at term 1 for -1: peers:[c617c0dc-5b73-4bee-8a03-3b3ac823c300|rpc:10.1.0.66:39229|dataStream:10.1.0.66:45253|priority:1|startupRole:FOLLOWER]|listeners:[], old=null
2023-02-16 16:34:55,032 [c617c0dc-5b73-4bee-8a03-3b3ac823c300@group-80221C0F5B2C-LeaderElection20] INFO  impl.LeaderElection (LeaderElection.java:askForVotes(314)) - c617c0dc-5b73-4bee-8a03-3b3ac823c300@group-80221C0F5B2C-LeaderElection20 ELECTION round 0: result PASSED (term=1)
2023-02-16 16:34:55,032 [c617c0dc-5b73-4bee-8a03-3b3ac823c300@group-80221C0F5B2C-LeaderElection20] INFO  impl.RoleInfo (RoleInfo.java:shutdownLeaderElection(130)) - c617c0dc-5b73-4bee-8a03-3b3ac823c300: shutdown c617c0dc-5b73-4bee-8a03-3b3ac823c300@group-80221C0F5B2C-LeaderElection20
2023-02-16 16:34:55,032 [c617c0dc-5b73-4bee-8a03-3b3ac823c300@group-80221C0F5B2C-LeaderElection20] INFO  server.RaftServer$Division (RaftServerImpl.java:setRole(321)) - c617c0dc-5b73-4bee-8a03-3b3ac823c300@group-80221C0F5B2C: changes role from CANDIDATE to LEADER at term 1 for changeToLeader
2023-02-16 16:34:55,032 [c617c0dc-5b73-4bee-8a03-3b3ac823c300@group-80221C0F5B2C-LeaderElection20] INFO  ratis.XceiverServerRatis (XceiverServerRatis.java:handleLeaderChangedNotification(905)) - Leader change notification received for group: group-80221C0F5B2C with new leaderId: c617c0dc-5b73-4bee-8a03-3b3ac823c300
2023-02-16 16:34:55,035 [c617c0dc-5b73-4bee-8a03-3b3ac823c300-server-thread2] INFO  ratis.XceiverServerRatis (XceiverServerRatis.java:handleLeaderChangedNotification(905)) - Leader change notification received for group: group-846FB80539C3 with new leaderId: 3dc841f7-9461-45fb-be3e-f1a36e39d59a
2023-02-16 16:34:55,035 [c617c0dc-5b73-4bee-8a03-3b3ac823c300-server-thread2] INFO  server.RaftServer$Division (ServerState.java:setLeader(313)) - c617c0dc-5b73-4bee-8a03-3b3ac823c300@group-846FB80539C3: change Leader from null to 3dc841f7-9461-45fb-be3e-f1a36e39d59a at term 1 for appendEntries, leader elected after 5154ms
2023-02-16 16:34:55,038 [54ea6ac5-9e66-44bc-9134-574226f2896d@group-334246B51765-FollowerState] INFO  server.RaftServerConfigKeys (ConfUtils.java:logGet(46)) - raft.server.leaderelection.pre-vote = true (default)
2023-02-16 16:34:55,038 [54ea6ac5-9e66-44bc-9134-574226f2896d@group-334246B51765-FollowerState] INFO  impl.RoleInfo (RoleInfo.java:updateAndGet(139)) - 54ea6ac5-9e66-44bc-9134-574226f2896d: start 54ea6ac5-9e66-44bc-9134-574226f2896d@group-334246B51765-LeaderElection21
2023-02-16 16:34:55,038 [c617c0dc-5b73-4bee-8a03-3b3ac823c300@group-80221C0F5B2C-LeaderElection20] INFO  server.RaftServer$Division (ServerState.java:setLeader(313)) - c617c0dc-5b73-4bee-8a03-3b3ac823c300@group-80221C0F5B2C: change Leader from null to c617c0dc-5b73-4bee-8a03-3b3ac823c300 at term 1 for becomeLeader, leader elected after 5169ms
2023-02-16 16:34:55,038 [c617c0dc-5b73-4bee-8a03-3b3ac823c300@group-80221C0F5B2C-LeaderElection20] INFO  server.RaftServerConfigKeys (ConfUtils.java:logGet(46)) - raft.server.staging.catchup.gap = 1000 (default)
2023-02-16 16:34:55,049 [54ea6ac5-9e66-44bc-9134-574226f2896d-server-thread1] INFO  server.RaftServer$Division (ServerState.java:setRaftConf(430)) - 54ea6ac5-9e66-44bc-9134-574226f2896d@group-846FB80539C3: set configuration 0: peers:[54ea6ac5-9e66-44bc-9134-574226f2896d|rpc:10.1.0.66:39543|dataStream:10.1.0.66:46125|priority:0|startupRole:FOLLOWER, 3dc841f7-9461-45fb-be3e-f1a36e39d59a|rpc:10.1.0.66:34405|dataStream:10.1.0.66:39763|priority:1|startupRole:FOLLOWER, c617c0dc-5b73-4bee-8a03-3b3ac823c300|rpc:10.1.0.66:39229|dataStream:10.1.0.66:45253|priority:0|startupRole:FOLLOWER]|listeners:[], old=null
2023-02-16 16:34:55,049 [54ea6ac5-9e66-44bc-9134-574226f2896d-server-thread1] INFO  segmented.SegmentedRaftLogWorker (SegmentedRaftLogWorker.java:startLogSegment(452)) - 54ea6ac5-9e66-44bc-9134-574226f2896d@group-846FB80539C3-SegmentedRaftLogWorker: Starting segment from index:0
2023-02-16 16:34:55,049 [c617c0dc-5b73-4bee-8a03-3b3ac823c300-server-thread1] INFO  server.RaftServer$Division (ServerState.java:setRaftConf(430)) - c617c0dc-5b73-4bee-8a03-3b3ac823c300@group-846FB80539C3: set configuration 0: peers:[54ea6ac5-9e66-44bc-9134-574226f2896d|rpc:10.1.0.66:39543|dataStream:10.1.0.66:46125|priority:0|startupRole:FOLLOWER, 3dc841f7-9461-45fb-be3e-f1a36e39d59a|rpc:10.1.0.66:34405|dataStream:10.1.0.66:39763|priority:1|startupRole:FOLLOWER, c617c0dc-5b73-4bee-8a03-3b3ac823c300|rpc:10.1.0.66:39229|dataStream:10.1.0.66:45253|priority:0|startupRole:FOLLOWER]|listeners:[], old=null
2023-02-16 16:34:55,049 [c617c0dc-5b73-4bee-8a03-3b3ac823c300-server-thread1] INFO  segmented.SegmentedRaftLogWorker (SegmentedRaftLogWorker.java:startLogSegment(452)) - c617c0dc-5b73-4bee-8a03-3b3ac823c300@group-846FB80539C3-SegmentedRaftLogWorker: Starting segment from index:0
2023-02-16 16:34:55,050 [grpc-default-executor-3] INFO  server.RaftServer$Division (RaftServerImpl.java:requestVote(1218)) - 3dc841f7-9461-45fb-be3e-f1a36e39d59a@group-846FB80539C3: receive requestVote(PRE_VOTE, c617c0dc-5b73-4bee-8a03-3b3ac823c300, group-846FB80539C3, 0, (t:0, i:0))
2023-02-16 16:34:55,050 [grpc-default-executor-3] INFO  impl.VoteContext (VoteContext.java:log(49)) - 3dc841f7-9461-45fb-be3e-f1a36e39d59a@group-846FB80539C3-LEADER: reject PRE_VOTE from c617c0dc-5b73-4bee-8a03-3b3ac823c300: this server is the leader and still has leadership
2023-02-16 16:34:55,050 [grpc-default-executor-3] INFO  server.RaftServer$Division (RaftServerImpl.java:requestVote(1251)) - 3dc841f7-9461-45fb-be3e-f1a36e39d59a@group-846FB80539C3 replies to PRE_VOTE vote request: c617c0dc-5b73-4bee-8a03-3b3ac823c300<-3dc841f7-9461-45fb-be3e-f1a36e39d59a#0:FAIL-t1. Peer's state: 3dc841f7-9461-45fb-be3e-f1a36e39d59a@group-846FB80539C3:t1, leader=3dc841f7-9461-45fb-be3e-f1a36e39d59a, voted=3dc841f7-9461-45fb-be3e-f1a36e39d59a, raftlog=Memoized:3dc841f7-9461-45fb-be3e-f1a36e39d59a@group-846FB80539C3-SegmentedRaftLog:OPENED:c0, conf=0: peers:[54ea6ac5-9e66-44bc-9134-574226f2896d|rpc:10.1.0.66:39543|dataStream:10.1.0.66:46125|priority:0|startupRole:FOLLOWER, 3dc841f7-9461-45fb-be3e-f1a36e39d59a|rpc:10.1.0.66:34405|dataStream:10.1.0.66:39763|priority:1|startupRole:FOLLOWER, c617c0dc-5b73-4bee-8a03-3b3ac823c300|rpc:10.1.0.66:39229|dataStream:10.1.0.66:45253|priority:0|startupRole:FOLLOWER]|listeners:[], old=null
2023-02-16 16:34:55,051 [54ea6ac5-9e66-44bc-9134-574226f2896d@group-334246B51765-LeaderElection21] INFO  impl.LeaderElection (LeaderElection.java:askForVotes(312)) - 54ea6ac5-9e66-44bc-9134-574226f2896d@group-334246B51765-LeaderElection21 PRE_VOTE round 0: submit vote requests at term 0 for -1: peers:[54ea6ac5-9e66-44bc-9134-574226f2896d|rpc:10.1.0.66:39543|dataStream:10.1.0.66:46125|priority:1|startupRole:FOLLOWER, 3dc841f7-9461-45fb-be3e-f1a36e39d59a|rpc:10.1.0.66:34405|dataStream:10.1.0.66:39763|priority:0|startupRole:FOLLOWER, c617c0dc-5b73-4bee-8a03-3b3ac823c300|rpc:10.1.0.66:39229|dataStream:10.1.0.66:45253|priority:0|startupRole:FOLLOWER]|listeners:[], old=null
2023-02-16 16:34:55,052 [c617c0dc-5b73-4bee-8a03-3b3ac823c300@group-80221C0F5B2C-LeaderElection20] INFO  server.RaftServerConfigKeys (ConfUtils.java:logGet(46)) - raft.server.write.element-limit = 1024 (custom)
2023-02-16 16:34:55,052 [c617c0dc-5b73-4bee-8a03-3b3ac823c300@group-80221C0F5B2C-LeaderElection20] INFO  server.RaftServerConfigKeys (ConfUtils.java:logGet(46)) - raft.server.write.byte-limit = 1024 M (=1073741824) (custom)
2023-02-16 16:34:55,052 [c617c0dc-5b73-4bee-8a03-3b3ac823c300@group-80221C0F5B2C-LeaderElection20] INFO  server.RaftServerConfigKeys (ConfUtils.java:logGet(46)) - raft.server.watch.timeout = 180s (custom)
2023-02-16 16:34:55,052 [54ea6ac5-9e66-44bc-9134-574226f2896d@group-334246B51765-LeaderElection21-1] INFO  server.GrpcServerProtocolClient (GrpcServerProtocolClient.java:<init>(63)) - Build channel for 3dc841f7-9461-45fb-be3e-f1a36e39d59a
2023-02-16 16:34:55,055 [c617c0dc-5b73-4bee-8a03-3b3ac823c300@group-846FB80539C3-SegmentedRaftLogWorker] INFO  segmented.SegmentedRaftLogWorker (SegmentedRaftLogWorker.java:execute(656)) - c617c0dc-5b73-4bee-8a03-3b3ac823c300@group-846FB80539C3-SegmentedRaftLogWorker: created new log segment /home/runner/work/ozone/ozone/hadoop-ozone/integration-test/target/test-dir/MiniOzoneClusterImpl-d88fc665-df07-433e-a21c-a919abf7322c/datanode-0/data/ratis/bf3f6b71-65a2-4113-a90c-846fb80539c3/current/log_inprogress_0
2023-02-16 16:34:55,052 [54ea6ac5-9e66-44bc-9134-574226f2896d@group-334246B51765-LeaderElection21] INFO  server.RaftServerConfigKeys (ConfUtils.java:logFallback(53)) - raft.server.rpc.first-election.timeout.min = 5s (fallback to raft.server.rpc.timeout.min)
2023-02-16 16:34:55,056 [54ea6ac5-9e66-44bc-9134-574226f2896d@group-334246B51765-LeaderElection21] INFO  server.RaftServerConfigKeys (ConfUtils.java:logFallback(53)) - raft.server.rpc.first-election.timeout.max = 5200ms (fallback to raft.server.rpc.timeout.max)
2023-02-16 16:34:55,052 [c617c0dc-5b73-4bee-8a03-3b3ac823c300@group-80221C0F5B2C-LeaderElection20] INFO  server.RaftServerConfigKeys (ConfUtils.java:logGet(46)) - raft.server.watch.timeout.denomination = 1s (default)
2023-02-16 16:34:55,056 [54ea6ac5-9e66-44bc-9134-574226f2896d@group-846FB80539C3-SegmentedRaftLogWorker] INFO  segmented.SegmentedRaftLogWorker (SegmentedRaftLogWorker.java:execute(656)) - 54ea6ac5-9e66-44bc-9134-574226f2896d@group-846FB80539C3-SegmentedRaftLogWorker: created new log segment /home/runner/work/ozone/ozone/hadoop-ozone/integration-test/target/test-dir/MiniOzoneClusterImpl-d88fc665-df07-433e-a21c-a919abf7322c/datanode-2/data/ratis/bf3f6b71-65a2-4113-a90c-846fb80539c3/current/log_inprogress_0
2023-02-16 16:34:55,057 [c617c0dc-5b73-4bee-8a03-3b3ac823c300@group-80221C0F5B2C-LeaderElection20] INFO  server.RaftServerConfigKeys (ConfUtils.java:logGet(46)) - raft.server.watch.element-limit = 65536 (default)
2023-02-16 16:34:55,057 [c617c0dc-5b73-4bee-8a03-3b3ac823c300@group-80221C0F5B2C-LeaderElection20] INFO  server.RaftServerConfigKeys (ConfUtils.java:logGet(46)) - raft.server.write.element-limit = 1024 (custom)
2023-02-16 16:34:55,057 [c617c0dc-5b73-4bee-8a03-3b3ac823c300@group-80221C0F5B2C-LeaderElection20] INFO  server.RaftServerConfigKeys (ConfUtils.java:logGet(46)) - raft.server.write.follower.gap.ratio.max = -1.0 (default)
2023-02-16 16:34:55,057 [c617c0dc-5b73-4bee-8a03-3b3ac823c300@group-80221C0F5B2C-LeaderElection20] INFO  impl.RoleInfo (RoleInfo.java:updateAndGet(139)) - c617c0dc-5b73-4bee-8a03-3b3ac823c300: start c617c0dc-5b73-4bee-8a03-3b3ac823c300@group-80221C0F5B2C-LeaderStateImpl
2023-02-16 16:34:55,057 [c617c0dc-5b73-4bee-8a03-3b3ac823c300@group-80221C0F5B2C-LeaderElection20] INFO  segmented.SegmentedRaftLogWorker (SegmentedRaftLogWorker.java:startLogSegment(452)) - c617c0dc-5b73-4bee-8a03-3b3ac823c300@group-80221C0F5B2C-SegmentedRaftLogWorker: Starting segment from index:0
2023-02-16 16:34:55,059 [c617c0dc-5b73-4bee-8a03-3b3ac823c300@group-80221C0F5B2C-LeaderElection20] INFO  server.RaftServer$Division (ServerState.java:setRaftConf(430)) - c617c0dc-5b73-4bee-8a03-3b3ac823c300@group-80221C0F5B2C: set configuration 0: peers:[c617c0dc-5b73-4bee-8a03-3b3ac823c300|rpc:10.1.0.66:39229|dataStream:10.1.0.66:45253|priority:1|startupRole:FOLLOWER]|listeners:[], old=null
2023-02-16 16:34:55,059 [54ea6ac5-9e66-44bc-9134-574226f2896d@group-334246B51765-LeaderElection21-2] INFO  server.GrpcServerProtocolClient (GrpcServerProtocolClient.java:<init>(63)) - Build channel for c617c0dc-5b73-4bee-8a03-3b3ac823c300
2023-02-16 16:34:55,066 [c617c0dc-5b73-4bee-8a03-3b3ac823c300@group-80221C0F5B2C-SegmentedRaftLogWorker] INFO  segmented.SegmentedRaftLogWorker (SegmentedRaftLogWorker.java:execute(656)) - c617c0dc-5b73-4bee-8a03-3b3ac823c300@group-80221C0F5B2C-SegmentedRaftLogWorker: created new log segment /home/runner/work/ozone/ozone/hadoop-ozone/integration-test/target/test-dir/MiniOzoneClusterImpl-d88fc665-df07-433e-a21c-a919abf7322c/datanode-0/data/ratis/2cf19d3b-df22-4dc5-9164-80221c0f5b2c/current/log_inprogress_0
2023-02-16 16:34:55,080 [grpc-default-executor-4] INFO  server.RaftServer$Division (RaftServerImpl.java:requestVote(1218)) - 3dc841f7-9461-45fb-be3e-f1a36e39d59a@group-334246B51765: receive requestVote(PRE_VOTE, 54ea6ac5-9e66-44bc-9134-574226f2896d, group-334246B51765, 0, (t:0, i:0))
2023-02-16 16:34:55,081 [grpc-default-executor-4] INFO  impl.VoteContext (VoteContext.java:log(49)) - 3dc841f7-9461-45fb-be3e-f1a36e39d59a@group-334246B51765-FOLLOWER: accept PRE_VOTE from 54ea6ac5-9e66-44bc-9134-574226f2896d: our priority 0 <= candidate's priority 1
2023-02-16 16:34:55,081 [grpc-default-executor-4] INFO  server.RaftServer$Division (RaftServerImpl.java:requestVote(1251)) - 3dc841f7-9461-45fb-be3e-f1a36e39d59a@group-334246B51765 replies to PRE_VOTE vote request: 54ea6ac5-9e66-44bc-9134-574226f2896d<-3dc841f7-9461-45fb-be3e-f1a36e39d59a#0:OK-t0. Peer's state: 3dc841f7-9461-45fb-be3e-f1a36e39d59a@group-334246B51765:t0, leader=null, voted=, raftlog=Memoized:3dc841f7-9461-45fb-be3e-f1a36e39d59a@group-334246B51765-SegmentedRaftLog:OPENED:c-1, conf=-1: peers:[54ea6ac5-9e66-44bc-9134-574226f2896d|rpc:10.1.0.66:39543|dataStream:10.1.0.66:46125|priority:1|startupRole:FOLLOWER, 3dc841f7-9461-45fb-be3e-f1a36e39d59a|rpc:10.1.0.66:34405|dataStream:10.1.0.66:39763|priority:0|startupRole:FOLLOWER, c617c0dc-5b73-4bee-8a03-3b3ac823c300|rpc:10.1.0.66:39229|dataStream:10.1.0.66:45253|priority:0|startupRole:FOLLOWER]|listeners:[], old=null
2023-02-16 16:34:55,081 [grpc-default-executor-0] INFO  server.RaftServer$Division (RaftServerImpl.java:requestVote(1218)) - c617c0dc-5b73-4bee-8a03-3b3ac823c300@group-334246B51765: receive requestVote(PRE_VOTE, 54ea6ac5-9e66-44bc-9134-574226f2896d, group-334246B51765, 0, (t:0, i:0))
2023-02-16 16:34:55,081 [grpc-default-executor-0] INFO  impl.VoteContext (VoteContext.java:log(49)) - c617c0dc-5b73-4bee-8a03-3b3ac823c300@group-334246B51765-FOLLOWER: accept PRE_VOTE from 54ea6ac5-9e66-44bc-9134-574226f2896d: our priority 0 <= candidate's priority 1
2023-02-16 16:34:55,081 [grpc-default-executor-0] INFO  server.RaftServer$Division (RaftServerImpl.java:requestVote(1251)) - c617c0dc-5b73-4bee-8a03-3b3ac823c300@group-334246B51765 replies to PRE_VOTE vote request: 54ea6ac5-9e66-44bc-9134-574226f2896d<-c617c0dc-5b73-4bee-8a03-3b3ac823c300#0:OK-t0. Peer's state: c617c0dc-5b73-4bee-8a03-3b3ac823c300@group-334246B51765:t0, leader=null, voted=, raftlog=Memoized:c617c0dc-5b73-4bee-8a03-3b3ac823c300@group-334246B51765-SegmentedRaftLog:OPENED:c-1, conf=-1: peers:[54ea6ac5-9e66-44bc-9134-574226f2896d|rpc:10.1.0.66:39543|dataStream:10.1.0.66:46125|priority:1|startupRole:FOLLOWER, 3dc841f7-9461-45fb-be3e-f1a36e39d59a|rpc:10.1.0.66:34405|dataStream:10.1.0.66:39763|priority:0|startupRole:FOLLOWER, c617c0dc-5b73-4bee-8a03-3b3ac823c300|rpc:10.1.0.66:39229|dataStream:10.1.0.66:45253|priority:0|startupRole:FOLLOWER]|listeners:[], old=null
2023-02-16 16:34:55,084 [54ea6ac5-9e66-44bc-9134-574226f2896d@group-334246B51765-LeaderElection21] INFO  impl.LeaderElection (LeaderElection.java:logAndReturn(90)) - 54ea6ac5-9e66-44bc-9134-574226f2896d@group-334246B51765-LeaderElection21: PRE_VOTE PASSED received 1 response(s) and 0 exception(s):
2023-02-16 16:34:55,084 [54ea6ac5-9e66-44bc-9134-574226f2896d@group-334246B51765-LeaderElection21] INFO  impl.LeaderElection (LeaderElection.java:logAndReturn(94)) -   Response 0: 54ea6ac5-9e66-44bc-9134-574226f2896d<-c617c0dc-5b73-4bee-8a03-3b3ac823c300#0:OK-t0
2023-02-16 16:34:55,084 [54ea6ac5-9e66-44bc-9134-574226f2896d@group-334246B51765-LeaderElection21] INFO  impl.LeaderElection (LeaderElection.java:askForVotes(314)) - 54ea6ac5-9e66-44bc-9134-574226f2896d@group-334246B51765-LeaderElection21 PRE_VOTE round 0: result PASSED
2023-02-16 16:34:55,085 [54ea6ac5-9e66-44bc-9134-574226f2896d@group-334246B51765-LeaderElection21] INFO  impl.LeaderElection (LeaderElection.java:askForVotes(312)) - 54ea6ac5-9e66-44bc-9134-574226f2896d@group-334246B51765-LeaderElection21 ELECTION round 0: submit vote requests at term 1 for -1: peers:[54ea6ac5-9e66-44bc-9134-574226f2896d|rpc:10.1.0.66:39543|dataStream:10.1.0.66:46125|priority:1|startupRole:FOLLOWER, 3dc841f7-9461-45fb-be3e-f1a36e39d59a|rpc:10.1.0.66:34405|dataStream:10.1.0.66:39763|priority:0|startupRole:FOLLOWER, c617c0dc-5b73-4bee-8a03-3b3ac823c300|rpc:10.1.0.66:39229|dataStream:10.1.0.66:45253|priority:0|startupRole:FOLLOWER]|listeners:[], old=null
2023-02-16 16:34:55,086 [grpc-default-executor-0] INFO  server.RaftServer$Division (RaftServerImpl.java:requestVote(1218)) - 3dc841f7-9461-45fb-be3e-f1a36e39d59a@group-334246B51765: receive requestVote(ELECTION, 54ea6ac5-9e66-44bc-9134-574226f2896d, group-334246B51765, 1, (t:0, i:0))
2023-02-16 16:34:55,087 [grpc-default-executor-0] INFO  impl.VoteContext (VoteContext.java:log(49)) - 3dc841f7-9461-45fb-be3e-f1a36e39d59a@group-334246B51765-FOLLOWER: accept ELECTION from 54ea6ac5-9e66-44bc-9134-574226f2896d: our priority 0 <= candidate's priority 1
2023-02-16 16:34:55,087 [grpc-default-executor-0] INFO  server.RaftServer$Division (RaftServerImpl.java:setRole(321)) - 3dc841f7-9461-45fb-be3e-f1a36e39d59a@group-334246B51765: changes role from  FOLLOWER to FOLLOWER at term 1 for candidate:54ea6ac5-9e66-44bc-9134-574226f2896d
2023-02-16 16:34:55,087 [grpc-default-executor-0] INFO  impl.RoleInfo (RoleInfo.java:shutdownFollowerState(110)) - 3dc841f7-9461-45fb-be3e-f1a36e39d59a: shutdown 3dc841f7-9461-45fb-be3e-f1a36e39d59a@group-334246B51765-FollowerState
2023-02-16 16:34:55,087 [grpc-default-executor-0] INFO  impl.RoleInfo (RoleInfo.java:updateAndGet(139)) - 3dc841f7-9461-45fb-be3e-f1a36e39d59a: start 3dc841f7-9461-45fb-be3e-f1a36e39d59a@group-334246B51765-FollowerState
2023-02-16 16:34:55,088 [3dc841f7-9461-45fb-be3e-f1a36e39d59a@group-334246B51765-FollowerState] INFO  impl.FollowerState (FollowerState.java:run(152)) - 3dc841f7-9461-45fb-be3e-f1a36e39d59a@group-334246B51765-FollowerState was interrupted
2023-02-16 16:34:55,092 [54ea6ac5-9e66-44bc-9134-574226f2896d@group-334246B51765-LeaderElection21] INFO  server.RaftServerConfigKeys (ConfUtils.java:logFallback(53)) - raft.server.rpc.first-election.timeout.min = 5s (fallback to raft.server.rpc.timeout.min)
2023-02-16 16:34:55,092 [54ea6ac5-9e66-44bc-9134-574226f2896d@group-334246B51765-LeaderElection21] INFO  server.RaftServerConfigKeys (ConfUtils.java:logFallback(53)) - raft.server.rpc.first-election.timeout.max = 5200ms (fallback to raft.server.rpc.timeout.max)
2023-02-16 16:34:55,092 [grpc-default-executor-0] INFO  server.RaftServer$Division (RaftServerImpl.java:requestVote(1251)) - 3dc841f7-9461-45fb-be3e-f1a36e39d59a@group-334246B51765 replies to ELECTION vote request: 54ea6ac5-9e66-44bc-9134-574226f2896d<-3dc841f7-9461-45fb-be3e-f1a36e39d59a#0:OK-t1. Peer's state: 3dc841f7-9461-45fb-be3e-f1a36e39d59a@group-334246B51765:t1, leader=null, voted=54ea6ac5-9e66-44bc-9134-574226f2896d, raftlog=Memoized:3dc841f7-9461-45fb-be3e-f1a36e39d59a@group-334246B51765-SegmentedRaftLog:OPENED:c-1, conf=-1: peers:[54ea6ac5-9e66-44bc-9134-574226f2896d|rpc:10.1.0.66:39543|dataStream:10.1.0.66:46125|priority:1|startupRole:FOLLOWER, 3dc841f7-9461-45fb-be3e-f1a36e39d59a|rpc:10.1.0.66:34405|dataStream:10.1.0.66:39763|priority:0|startupRole:FOLLOWER, c617c0dc-5b73-4bee-8a03-3b3ac823c300|rpc:10.1.0.66:39229|dataStream:10.1.0.66:45253|priority:0|startupRole:FOLLOWER]|listeners:[], old=null
2023-02-16 16:34:55,094 [54ea6ac5-9e66-44bc-9134-574226f2896d@group-334246B51765-LeaderElection21] INFO  impl.LeaderElection (LeaderElection.java:logAndReturn(90)) - 54ea6ac5-9e66-44bc-9134-574226f2896d@group-334246B51765-LeaderElection21: ELECTION PASSED received 1 response(s) and 0 exception(s):
2023-02-16 16:34:55,094 [54ea6ac5-9e66-44bc-9134-574226f2896d@group-334246B51765-LeaderElection21] INFO  impl.LeaderElection (LeaderElection.java:logAndReturn(94)) -   Response 0: 54ea6ac5-9e66-44bc-9134-574226f2896d<-3dc841f7-9461-45fb-be3e-f1a36e39d59a#0:OK-t1
2023-02-16 16:34:55,094 [grpc-default-executor-0] INFO  server.RaftServer$Division (RaftServerImpl.java:requestVote(1218)) - c617c0dc-5b73-4bee-8a03-3b3ac823c300@group-334246B51765: receive requestVote(ELECTION, 54ea6ac5-9e66-44bc-9134-574226f2896d, group-334246B51765, 1, (t:0, i:0))
2023-02-16 16:34:55,094 [grpc-default-executor-0] INFO  impl.VoteContext (VoteContext.java:log(49)) - c617c0dc-5b73-4bee-8a03-3b3ac823c300@group-334246B51765-FOLLOWER: accept ELECTION from 54ea6ac5-9e66-44bc-9134-574226f2896d: our priority 0 <= candidate's priority 1
2023-02-16 16:34:55,094 [grpc-default-executor-0] INFO  server.RaftServer$Division (RaftServerImpl.java:setRole(321)) - c617c0dc-5b73-4bee-8a03-3b3ac823c300@group-334246B51765: changes role from  FOLLOWER to FOLLOWER at term 1 for candidate:54ea6ac5-9e66-44bc-9134-574226f2896d
2023-02-16 16:34:55,094 [grpc-default-executor-0] INFO  impl.RoleInfo (RoleInfo.java:shutdownFollowerState(110)) - c617c0dc-5b73-4bee-8a03-3b3ac823c300: shutdown c617c0dc-5b73-4bee-8a03-3b3ac823c300@group-334246B51765-FollowerState
2023-02-16 16:34:55,094 [c617c0dc-5b73-4bee-8a03-3b3ac823c300@group-334246B51765-FollowerState] INFO  impl.FollowerState (FollowerState.java:run(152)) - c617c0dc-5b73-4bee-8a03-3b3ac823c300@group-334246B51765-FollowerState was interrupted
2023-02-16 16:34:55,095 [grpc-default-executor-0] INFO  impl.RoleInfo (RoleInfo.java:updateAndGet(139)) - c617c0dc-5b73-4bee-8a03-3b3ac823c300: start c617c0dc-5b73-4bee-8a03-3b3ac823c300@group-334246B51765-FollowerState
2023-02-16 16:34:55,094 [54ea6ac5-9e66-44bc-9134-574226f2896d@group-334246B51765-LeaderElection21] INFO  impl.LeaderElection (LeaderElection.java:askForVotes(314)) - 54ea6ac5-9e66-44bc-9134-574226f2896d@group-334246B51765-LeaderElection21 ELECTION round 0: result PASSED
2023-02-16 16:34:55,095 [54ea6ac5-9e66-44bc-9134-574226f2896d@group-334246B51765-LeaderElection21] INFO  impl.RoleInfo (RoleInfo.java:shutdownLeaderElection(130)) - 54ea6ac5-9e66-44bc-9134-574226f2896d: shutdown 54ea6ac5-9e66-44bc-9134-574226f2896d@group-334246B51765-LeaderElection21
2023-02-16 16:34:55,095 [54ea6ac5-9e66-44bc-9134-574226f2896d@group-334246B51765-LeaderElection21] INFO  server.RaftServer$Division (RaftServerImpl.java:setRole(321)) - 54ea6ac5-9e66-44bc-9134-574226f2896d@group-334246B51765: changes role from CANDIDATE to LEADER at term 1 for changeToLeader
2023-02-16 16:34:55,095 [54ea6ac5-9e66-44bc-9134-574226f2896d@group-334246B51765-LeaderElection21] INFO  ratis.XceiverServerRatis (XceiverServerRatis.java:handleLeaderChangedNotification(905)) - Leader change notification received for group: group-334246B51765 with new leaderId: 54ea6ac5-9e66-44bc-9134-574226f2896d
2023-02-16 16:34:55,096 [3dc841f7-9461-45fb-be3e-f1a36e39d59a@group-334246B51765-FollowerState] INFO  server.RaftServerConfigKeys (ConfUtils.java:logFallback(53)) - raft.server.rpc.first-election.timeout.min = 5s (fallback to raft.server.rpc.timeout.min)
2023-02-16 16:34:55,096 [3dc841f7-9461-45fb-be3e-f1a36e39d59a@group-334246B51765-FollowerState] INFO  server.RaftServerConfigKeys (ConfUtils.java:logFallback(53)) - raft.server.rpc.first-election.timeout.max = 5200ms (fallback to raft.server.rpc.timeout.max)
2023-02-16 16:34:55,099 [54ea6ac5-9e66-44bc-9134-574226f2896d@group-334246B51765-LeaderElection21] INFO  server.RaftServer$Division (ServerState.java:setLeader(313)) - 54ea6ac5-9e66-44bc-9134-574226f2896d@group-334246B51765: change Leader from null to 54ea6ac5-9e66-44bc-9134-574226f2896d at term 1 for becomeLeader, leader elected after 5121ms
2023-02-16 16:34:55,099 [54ea6ac5-9e66-44bc-9134-574226f2896d@group-334246B51765-LeaderElection21] INFO  server.RaftServerConfigKeys (ConfUtils.java:logGet(46)) - raft.server.staging.catchup.gap = 1000 (default)
2023-02-16 16:34:55,099 [54ea6ac5-9e66-44bc-9134-574226f2896d@group-334246B51765-LeaderElection21] INFO  server.RaftServerConfigKeys (ConfUtils.java:logGet(46)) - raft.server.write.element-limit = 1024 (custom)
2023-02-16 16:34:55,099 [54ea6ac5-9e66-44bc-9134-574226f2896d@group-334246B51765-LeaderElection21] INFO  server.RaftServerConfigKeys (ConfUtils.java:logGet(46)) - raft.server.write.byte-limit = 1024 M (=1073741824) (custom)
2023-02-16 16:34:55,099 [54ea6ac5-9e66-44bc-9134-574226f2896d@group-334246B51765-LeaderElection21] INFO  server.RaftServerConfigKeys (ConfUtils.java:logGet(46)) - raft.server.watch.timeout = 180s (custom)
2023-02-16 16:34:55,100 [54ea6ac5-9e66-44bc-9134-574226f2896d@group-334246B51765-LeaderElection21] INFO  server.RaftServerConfigKeys (ConfUtils.java:logGet(46)) - raft.server.watch.timeout.denomination = 1s (default)
2023-02-16 16:34:55,100 [54ea6ac5-9e66-44bc-9134-574226f2896d@group-334246B51765-LeaderElection21] INFO  server.RaftServerConfigKeys (ConfUtils.java:logGet(46)) - raft.server.watch.element-limit = 65536 (default)
2023-02-16 16:34:55,100 [54ea6ac5-9e66-44bc-9134-574226f2896d@group-334246B51765-LeaderElection21] INFO  server.RaftServerConfigKeys (ConfUtils.java:logGet(46)) - raft.server.write.element-limit = 1024 (custom)
2023-02-16 16:34:55,100 [54ea6ac5-9e66-44bc-9134-574226f2896d@group-334246B51765-LeaderElection21] INFO  server.RaftServerConfigKeys (ConfUtils.java:logGet(46)) - raft.server.write.follower.gap.ratio.max = -1.0 (default)
2023-02-16 16:34:55,100 [54ea6ac5-9e66-44bc-9134-574226f2896d@group-334246B51765-LeaderElection21] INFO  server.RaftServerConfigKeys (ConfUtils.java:logGet(46)) - raft.server.log.appender.snapshot.chunk.size.max = 16MB (=16777216) (default)
2023-02-16 16:34:55,100 [54ea6ac5-9e66-44bc-9134-574226f2896d@group-334246B51765-LeaderElection21] INFO  server.RaftServerConfigKeys (ConfUtils.java:logGet(46)) - raft.server.log.appender.buffer.byte-limit = 33554432 (custom)
2023-02-16 16:34:55,100 [54ea6ac5-9e66-44bc-9134-574226f2896d@group-334246B51765-LeaderElection21] INFO  server.RaftServerConfigKeys (ConfUtils.java:logGet(46)) - raft.server.log.appender.buffer.element-limit = 1 (custom)
2023-02-16 16:34:55,100 [54ea6ac5-9e66-44bc-9134-574226f2896d@group-334246B51765-LeaderElection21] INFO  grpc.GrpcConfigKeys (ConfUtils.java:logGet(46)) - raft.grpc.server.leader.outstanding.appends.max = 128 (default)
2023-02-16 16:34:55,100 [54ea6ac5-9e66-44bc-9134-574226f2896d@group-334246B51765-LeaderElection21] INFO  server.RaftServerConfigKeys (ConfUtils.java:logGet(46)) - raft.server.rpc.request.timeout = 60s (custom)
2023-02-16 16:34:55,100 [54ea6ac5-9e66-44bc-9134-574226f2896d@group-334246B51765-LeaderElection21] INFO  server.RaftServerConfigKeys (ConfUtils.java:logGet(46)) - raft.server.log.appender.install.snapshot.enabled = false (custom)
2023-02-16 16:34:55,100 [54ea6ac5-9e66-44bc-9134-574226f2896d@group-334246B51765-LeaderElection21] INFO  grpc.GrpcConfigKeys (ConfUtils.java:logGet(46)) - raft.grpc.server.heartbeat.channel = true (default)
2023-02-16 16:34:55,100 [54ea6ac5-9e66-44bc-9134-574226f2896d@group-334246B51765-LeaderElection21] INFO  server.RaftServerConfigKeys (ConfUtils.java:logGet(46)) - raft.server.log.appender.wait-time.min = 10ms (default)
2023-02-16 16:34:55,101 [54ea6ac5-9e66-44bc-9134-574226f2896d@group-334246B51765-LeaderElection21] INFO  server.RaftServerConfigKeys (ConfUtils.java:logGet(46)) - raft.server.log.appender.snapshot.chunk.size.max = 16MB (=16777216) (default)
2023-02-16 16:34:55,101 [54ea6ac5-9e66-44bc-9134-574226f2896d@group-334246B51765-LeaderElection21] INFO  server.RaftServerConfigKeys (ConfUtils.java:logGet(46)) - raft.server.log.appender.buffer.byte-limit = 33554432 (custom)
2023-02-16 16:34:55,101 [54ea6ac5-9e66-44bc-9134-574226f2896d@group-334246B51765-LeaderElection21] INFO  server.RaftServerConfigKeys (ConfUtils.java:logGet(46)) - raft.server.log.appender.buffer.element-limit = 1 (custom)
2023-02-16 16:34:55,101 [54ea6ac5-9e66-44bc-9134-574226f2896d@group-334246B51765-LeaderElection21] INFO  grpc.GrpcConfigKeys (ConfUtils.java:logGet(46)) - raft.grpc.server.leader.outstanding.appends.max = 128 (default)
2023-02-16 16:34:55,101 [54ea6ac5-9e66-44bc-9134-574226f2896d@group-334246B51765-LeaderElection21] INFO  server.RaftServerConfigKeys (ConfUtils.java:logGet(46)) - raft.server.rpc.request.timeout = 60s (custom)
2023-02-16 16:34:55,101 [54ea6ac5-9e66-44bc-9134-574226f2896d@group-334246B51765-LeaderElection21] INFO  server.RaftServerConfigKeys (ConfUtils.java:logGet(46)) - raft.server.log.appender.install.snapshot.enabled = false (custom)
2023-02-16 16:34:55,101 [54ea6ac5-9e66-44bc-9134-574226f2896d@group-334246B51765-LeaderElection21] INFO  grpc.GrpcConfigKeys (ConfUtils.java:logGet(46)) - raft.grpc.server.heartbeat.channel = true (default)
2023-02-16 16:34:55,101 [54ea6ac5-9e66-44bc-9134-574226f2896d@group-334246B51765-LeaderElection21] INFO  server.RaftServerConfigKeys (ConfUtils.java:logGet(46)) - raft.server.log.appender.wait-time.min = 10ms (default)
2023-02-16 16:34:55,101 [54ea6ac5-9e66-44bc-9134-574226f2896d@group-334246B51765-LeaderElection21] INFO  impl.RoleInfo (RoleInfo.java:updateAndGet(139)) - 54ea6ac5-9e66-44bc-9134-574226f2896d: start 54ea6ac5-9e66-44bc-9134-574226f2896d@group-334246B51765-LeaderStateImpl
2023-02-16 16:34:55,101 [54ea6ac5-9e66-44bc-9134-574226f2896d@group-334246B51765-LeaderElection21] INFO  segmented.SegmentedRaftLogWorker (SegmentedRaftLogWorker.java:startLogSegment(452)) - 54ea6ac5-9e66-44bc-9134-574226f2896d@group-334246B51765-SegmentedRaftLogWorker: Starting segment from index:0
2023-02-16 16:34:55,101 [grpc-default-executor-0] INFO  server.RaftServer$Division (RaftServerImpl.java:requestVote(1251)) - c617c0dc-5b73-4bee-8a03-3b3ac823c300@group-334246B51765 replies to ELECTION vote request: 54ea6ac5-9e66-44bc-9134-574226f2896d<-c617c0dc-5b73-4bee-8a03-3b3ac823c300#0:OK-t1. Peer's state: c617c0dc-5b73-4bee-8a03-3b3ac823c300@group-334246B51765:t1, leader=null, voted=54ea6ac5-9e66-44bc-9134-574226f2896d, raftlog=Memoized:c617c0dc-5b73-4bee-8a03-3b3ac823c300@group-334246B51765-SegmentedRaftLog:OPENED:c-1, conf=-1: peers:[54ea6ac5-9e66-44bc-9134-574226f2896d|rpc:10.1.0.66:39543|dataStream:10.1.0.66:46125|priority:1|startupRole:FOLLOWER, 3dc841f7-9461-45fb-be3e-f1a36e39d59a|rpc:10.1.0.66:34405|dataStream:10.1.0.66:39763|priority:0|startupRole:FOLLOWER, c617c0dc-5b73-4bee-8a03-3b3ac823c300|rpc:10.1.0.66:39229|dataStream:10.1.0.66:45253|priority:0|startupRole:FOLLOWER]|listeners:[], old=null
2023-02-16 16:34:55,102 [54ea6ac5-9e66-44bc-9134-574226f2896d@group-334246B51765-SegmentedRaftLogWorker] INFO  segmented.SegmentedRaftLogWorker (SegmentedRaftLogWorker.java:execute(656)) - 54ea6ac5-9e66-44bc-9134-574226f2896d@group-334246B51765-SegmentedRaftLogWorker: created new log segment /home/runner/work/ozone/ozone/hadoop-ozone/integration-test/target/test-dir/MiniOzoneClusterImpl-d88fc665-df07-433e-a21c-a919abf7322c/datanode-2/data/ratis/6a1ee93f-3e9e-4f14-a084-334246b51765/current/log_inprogress_0
2023-02-16 16:34:55,102 [EventQueue-PipelineReportForPipelineReportHandler] INFO  pipeline.PipelineManagerImpl (PipelineManagerImpl.java:openPipeline(367)) - Pipeline Pipeline[ Id: 6a1ee93f-3e9e-4f14-a084-334246b51765, Nodes: 54ea6ac5-9e66-44bc-9134-574226f2896d(fv-az167-289.21ktoceh2wee5fewwtpg1zd01g.bx.internal.cloudapp.net/10.1.0.66)3dc841f7-9461-45fb-be3e-f1a36e39d59a(fv-az167-289.21ktoceh2wee5fewwtpg1zd01g.bx.internal.cloudapp.net/10.1.0.66)c617c0dc-5b73-4bee-8a03-3b3ac823c300(fv-az167-289.21ktoceh2wee5fewwtpg1zd01g.bx.internal.cloudapp.net/10.1.0.66), ReplicationConfig: RATIS/THREE, State:ALLOCATED, leaderId:54ea6ac5-9e66-44bc-9134-574226f2896d, CreationTimestamp2023-02-16T16:34:47.545Z[Etc/UTC]] moved to OPEN state
2023-02-16 16:34:55,107 [54ea6ac5-9e66-44bc-9134-574226f2896d@group-334246B51765-LeaderElection21] INFO  server.RaftServer$Division (ServerState.java:setRaftConf(430)) - 54ea6ac5-9e66-44bc-9134-574226f2896d@group-334246B51765: set configuration 0: peers:[54ea6ac5-9e66-44bc-9134-574226f2896d|rpc:10.1.0.66:39543|dataStream:10.1.0.66:46125|priority:1|startupRole:FOLLOWER, 3dc841f7-9461-45fb-be3e-f1a36e39d59a|rpc:10.1.0.66:34405|dataStream:10.1.0.66:39763|priority:0|startupRole:FOLLOWER, c617c0dc-5b73-4bee-8a03-3b3ac823c300|rpc:10.1.0.66:39229|dataStream:10.1.0.66:45253|priority:0|startupRole:FOLLOWER]|listeners:[], old=null
2023-02-16 16:34:55,108 [c617c0dc-5b73-4bee-8a03-3b3ac823c300@group-334246B51765-FollowerState] INFO  server.RaftServerConfigKeys (ConfUtils.java:logFallback(53)) - raft.server.rpc.first-election.timeout.min = 5s (fallback to raft.server.rpc.timeout.min)
2023-02-16 16:34:55,108 [c617c0dc-5b73-4bee-8a03-3b3ac823c300@group-334246B51765-FollowerState] INFO  server.RaftServerConfigKeys (ConfUtils.java:logFallback(53)) - raft.server.rpc.first-election.timeout.max = 5200ms (fallback to raft.server.rpc.timeout.max)
2023-02-16 16:34:55,110 [3dc841f7-9461-45fb-be3e-f1a36e39d59a-server-thread1] INFO  ratis.XceiverServerRatis (XceiverServerRatis.java:handleLeaderChangedNotification(905)) - Leader change notification received for group: group-334246B51765 with new leaderId: 54ea6ac5-9e66-44bc-9134-574226f2896d
2023-02-16 16:34:55,110 [3dc841f7-9461-45fb-be3e-f1a36e39d59a-server-thread1] INFO  server.RaftServer$Division (ServerState.java:setLeader(313)) - 3dc841f7-9461-45fb-be3e-f1a36e39d59a@group-334246B51765: change Leader from null to 54ea6ac5-9e66-44bc-9134-574226f2896d at term 1 for appendEntries, leader elected after 5113ms
2023-02-16 16:34:55,111 [3dc841f7-9461-45fb-be3e-f1a36e39d59a-server-thread1] INFO  server.RaftServer$Division (ServerState.java:setRaftConf(430)) - 3dc841f7-9461-45fb-be3e-f1a36e39d59a@group-334246B51765: set configuration 0: peers:[54ea6ac5-9e66-44bc-9134-574226f2896d|rpc:10.1.0.66:39543|dataStream:10.1.0.66:46125|priority:1|startupRole:FOLLOWER, 3dc841f7-9461-45fb-be3e-f1a36e39d59a|rpc:10.1.0.66:34405|dataStream:10.1.0.66:39763|priority:0|startupRole:FOLLOWER, c617c0dc-5b73-4bee-8a03-3b3ac823c300|rpc:10.1.0.66:39229|dataStream:10.1.0.66:45253|priority:0|startupRole:FOLLOWER]|listeners:[], old=null
2023-02-16 16:34:55,111 [3dc841f7-9461-45fb-be3e-f1a36e39d59a-server-thread1] INFO  segmented.SegmentedRaftLogWorker (SegmentedRaftLogWorker.java:startLogSegment(452)) - 3dc841f7-9461-45fb-be3e-f1a36e39d59a@group-334246B51765-SegmentedRaftLogWorker: Starting segment from index:0
2023-02-16 16:34:55,113 [3dc841f7-9461-45fb-be3e-f1a36e39d59a@group-334246B51765-SegmentedRaftLogWorker] INFO  segmented.SegmentedRaftLogWorker (SegmentedRaftLogWorker.java:execute(656)) - 3dc841f7-9461-45fb-be3e-f1a36e39d59a@group-334246B51765-SegmentedRaftLogWorker: created new log segment /home/runner/work/ozone/ozone/hadoop-ozone/integration-test/target/test-dir/MiniOzoneClusterImpl-d88fc665-df07-433e-a21c-a919abf7322c/datanode-1/data/ratis/6a1ee93f-3e9e-4f14-a084-334246b51765/current/log_inprogress_0
2023-02-16 16:34:55,123 [c617c0dc-5b73-4bee-8a03-3b3ac823c300-server-thread1] INFO  ratis.XceiverServerRatis (XceiverServerRatis.java:handleLeaderChangedNotification(905)) - Leader change notification received for group: group-334246B51765 with new leaderId: 54ea6ac5-9e66-44bc-9134-574226f2896d
2023-02-16 16:34:55,123 [c617c0dc-5b73-4bee-8a03-3b3ac823c300-server-thread1] INFO  server.RaftServer$Division (ServerState.java:setLeader(313)) - c617c0dc-5b73-4bee-8a03-3b3ac823c300@group-334246B51765: change Leader from null to 54ea6ac5-9e66-44bc-9134-574226f2896d at term 1 for appendEntries, leader elected after 5166ms
2023-02-16 16:34:55,131 [c617c0dc-5b73-4bee-8a03-3b3ac823c300-server-thread2] INFO  server.RaftServer$Division (ServerState.java:setRaftConf(430)) - c617c0dc-5b73-4bee-8a03-3b3ac823c300@group-334246B51765: set configuration 0: peers:[54ea6ac5-9e66-44bc-9134-574226f2896d|rpc:10.1.0.66:39543|dataStream:10.1.0.66:46125|priority:1|startupRole:FOLLOWER, 3dc841f7-9461-45fb-be3e-f1a36e39d59a|rpc:10.1.0.66:34405|dataStream:10.1.0.66:39763|priority:0|startupRole:FOLLOWER, c617c0dc-5b73-4bee-8a03-3b3ac823c300|rpc:10.1.0.66:39229|dataStream:10.1.0.66:45253|priority:0|startupRole:FOLLOWER]|listeners:[], old=null
2023-02-16 16:34:55,131 [c617c0dc-5b73-4bee-8a03-3b3ac823c300-server-thread2] INFO  segmented.SegmentedRaftLogWorker (SegmentedRaftLogWorker.java:startLogSegment(452)) - c617c0dc-5b73-4bee-8a03-3b3ac823c300@group-334246B51765-SegmentedRaftLogWorker: Starting segment from index:0
2023-02-16 16:34:55,132 [c617c0dc-5b73-4bee-8a03-3b3ac823c300@group-334246B51765-SegmentedRaftLogWorker] INFO  segmented.SegmentedRaftLogWorker (SegmentedRaftLogWorker.java:execute(656)) - c617c0dc-5b73-4bee-8a03-3b3ac823c300@group-334246B51765-SegmentedRaftLogWorker: created new log segment /home/runner/work/ozone/ozone/hadoop-ozone/integration-test/target/test-dir/MiniOzoneClusterImpl-d88fc665-df07-433e-a21c-a919abf7322c/datanode-0/data/ratis/6a1ee93f-3e9e-4f14-a084-334246b51765/current/log_inprogress_0
2023-02-16 16:34:55,317 [Listener at 127.0.0.1/44851] INFO  ozone.MiniOzoneClusterImpl (MiniOzoneClusterImpl.java:lambda$waitForClusterToBeReady$0(218)) - Nodes are ready. Got 5 of 5 DN Heartbeats.
2023-02-16 16:34:55,317 [Listener at 127.0.0.1/44851] INFO  ozone.MiniOzoneClusterImpl (MiniOzoneClusterImpl.java:lambda$waitForClusterToBeReady$0(221)) - Cluster exits safe mode
2023-02-16 16:34:55,317 [Listener at 127.0.0.1/44851] INFO  ozone.MiniOzoneClusterImpl (MiniOzoneClusterImpl.java:lambda$waitForClusterToBeReady$0(223)) - SCM became leader
2023-02-16 16:34:55,356 [3dc841f7-9461-45fb-be3e-f1a36e39d59a@group-46955FA715E0-FollowerState] INFO  impl.FollowerState (FollowerState.java:run(143)) - 3dc841f7-9461-45fb-be3e-f1a36e39d59a@group-46955FA715E0-FollowerState: change to CANDIDATE, lastRpcElapsedTime:5147504303ns, electionTimeout:5143ms
2023-02-16 16:34:55,356 [3dc841f7-9461-45fb-be3e-f1a36e39d59a@group-46955FA715E0-FollowerState] INFO  impl.RoleInfo (RoleInfo.java:shutdownFollowerState(110)) - 3dc841f7-9461-45fb-be3e-f1a36e39d59a: shutdown 3dc841f7-9461-45fb-be3e-f1a36e39d59a@group-46955FA715E0-FollowerState
2023-02-16 16:34:55,356 [3dc841f7-9461-45fb-be3e-f1a36e39d59a@group-46955FA715E0-FollowerState] INFO  server.RaftServer$Division (RaftServerImpl.java:setRole(321)) - 3dc841f7-9461-45fb-be3e-f1a36e39d59a@group-46955FA715E0: changes role from  FOLLOWER to CANDIDATE at term 0 for changeToCandidate
2023-02-16 16:34:55,356 [3dc841f7-9461-45fb-be3e-f1a36e39d59a@group-46955FA715E0-FollowerState] INFO  server.RaftServerConfigKeys (ConfUtils.java:logGet(46)) - raft.server.leaderelection.pre-vote = true (default)
2023-02-16 16:34:55,356 [3dc841f7-9461-45fb-be3e-f1a36e39d59a@group-46955FA715E0-FollowerState] INFO  impl.RoleInfo (RoleInfo.java:updateAndGet(139)) - 3dc841f7-9461-45fb-be3e-f1a36e39d59a: start 3dc841f7-9461-45fb-be3e-f1a36e39d59a@group-46955FA715E0-LeaderElection22
2023-02-16 16:34:55,363 [3dc841f7-9461-45fb-be3e-f1a36e39d59a@group-46955FA715E0-LeaderElection22] INFO  impl.LeaderElection (LeaderElection.java:askForVotes(312)) - 3dc841f7-9461-45fb-be3e-f1a36e39d59a@group-46955FA715E0-LeaderElection22 PRE_VOTE round 0: submit vote requests at term 0 for -1: peers:[3dc841f7-9461-45fb-be3e-f1a36e39d59a|rpc:10.1.0.66:34405|dataStream:10.1.0.66:39763|priority:1|startupRole:FOLLOWER]|listeners:[], old=null
2023-02-16 16:34:55,363 [3dc841f7-9461-45fb-be3e-f1a36e39d59a@group-46955FA715E0-LeaderElection22] INFO  impl.LeaderElection (LeaderElection.java:askForVotes(314)) - 3dc841f7-9461-45fb-be3e-f1a36e39d59a@group-46955FA715E0-LeaderElection22 PRE_VOTE round 0: result PASSED (term=0)
2023-02-16 16:34:55,365 [Listener at 127.0.0.1/44851] INFO  rpc.RpcClient (RpcClient.java:createVolume(476)) - Creating Volume: volume35667, with user30644 as owner and space quota set to -1 bytes, counts quota set to -1
2023-02-16 16:34:55,366 [3dc841f7-9461-45fb-be3e-f1a36e39d59a@group-46955FA715E0-LeaderElection22] INFO  impl.LeaderElection (LeaderElection.java:askForVotes(312)) - 3dc841f7-9461-45fb-be3e-f1a36e39d59a@group-46955FA715E0-LeaderElection22 ELECTION round 0: submit vote requests at term 1 for -1: peers:[3dc841f7-9461-45fb-be3e-f1a36e39d59a|rpc:10.1.0.66:34405|dataStream:10.1.0.66:39763|priority:1|startupRole:FOLLOWER]|listeners:[], old=null
2023-02-16 16:34:55,366 [3dc841f7-9461-45fb-be3e-f1a36e39d59a@group-46955FA715E0-LeaderElection22] INFO  impl.LeaderElection (LeaderElection.java:askForVotes(314)) - 3dc841f7-9461-45fb-be3e-f1a36e39d59a@group-46955FA715E0-LeaderElection22 ELECTION round 0: result PASSED (term=1)
2023-02-16 16:34:55,366 [3dc841f7-9461-45fb-be3e-f1a36e39d59a@group-46955FA715E0-LeaderElection22] INFO  impl.RoleInfo (RoleInfo.java:shutdownLeaderElection(130)) - 3dc841f7-9461-45fb-be3e-f1a36e39d59a: shutdown 3dc841f7-9461-45fb-be3e-f1a36e39d59a@group-46955FA715E0-LeaderElection22
2023-02-16 16:34:55,366 [3dc841f7-9461-45fb-be3e-f1a36e39d59a@group-46955FA715E0-LeaderElection22] INFO  server.RaftServer$Division (RaftServerImpl.java:setRole(321)) - 3dc841f7-9461-45fb-be3e-f1a36e39d59a@group-46955FA715E0: changes role from CANDIDATE to LEADER at term 1 for changeToLeader
2023-02-16 16:34:55,366 [3dc841f7-9461-45fb-be3e-f1a36e39d59a@group-46955FA715E0-LeaderElection22] INFO  ratis.XceiverServerRatis (XceiverServerRatis.java:handleLeaderChangedNotification(905)) - Leader change notification received for group: group-46955FA715E0 with new leaderId: 3dc841f7-9461-45fb-be3e-f1a36e39d59a
2023-02-16 16:34:55,371 [3dc841f7-9461-45fb-be3e-f1a36e39d59a@group-46955FA715E0-LeaderElection22] INFO  server.RaftServer$Division (ServerState.java:setLeader(313)) - 3dc841f7-9461-45fb-be3e-f1a36e39d59a@group-46955FA715E0: change Leader from null to 3dc841f7-9461-45fb-be3e-f1a36e39d59a at term 1 for becomeLeader, leader elected after 5166ms
2023-02-16 16:34:55,371 [3dc841f7-9461-45fb-be3e-f1a36e39d59a@group-46955FA715E0-LeaderElection22] INFO  server.RaftServerConfigKeys (ConfUtils.java:logGet(46)) - raft.server.staging.catchup.gap = 1000 (default)
2023-02-16 16:34:55,371 [3dc841f7-9461-45fb-be3e-f1a36e39d59a@group-46955FA715E0-LeaderElection22] INFO  server.RaftServerConfigKeys (ConfUtils.java:logGet(46)) - raft.server.write.element-limit = 1024 (custom)
2023-02-16 16:34:55,371 [3dc841f7-9461-45fb-be3e-f1a36e39d59a@group-46955FA715E0-LeaderElection22] INFO  server.RaftServerConfigKeys (ConfUtils.java:logGet(46)) - raft.server.write.byte-limit = 1024 M (=1073741824) (custom)
2023-02-16 16:34:55,371 [3dc841f7-9461-45fb-be3e-f1a36e39d59a@group-46955FA715E0-LeaderElection22] INFO  server.RaftServerConfigKeys (ConfUtils.java:logGet(46)) - raft.server.watch.timeout = 180s (custom)
2023-02-16 16:34:55,371 [3dc841f7-9461-45fb-be3e-f1a36e39d59a@group-46955FA715E0-LeaderElection22] INFO  server.RaftServerConfigKeys (ConfUtils.java:logGet(46)) - raft.server.watch.timeout.denomination = 1s (default)
2023-02-16 16:34:55,371 [3dc841f7-9461-45fb-be3e-f1a36e39d59a@group-46955FA715E0-LeaderElection22] INFO  server.RaftServerConfigKeys (ConfUtils.java:logGet(46)) - raft.server.watch.element-limit = 65536 (default)
2023-02-16 16:34:55,372 [3dc841f7-9461-45fb-be3e-f1a36e39d59a@group-46955FA715E0-LeaderElection22] INFO  server.RaftServerConfigKeys (ConfUtils.java:logGet(46)) - raft.server.write.element-limit = 1024 (custom)
2023-02-16 16:34:55,372 [3dc841f7-9461-45fb-be3e-f1a36e39d59a@group-46955FA715E0-LeaderElection22] INFO  server.RaftServerConfigKeys (ConfUtils.java:logGet(46)) - raft.server.write.follower.gap.ratio.max = -1.0 (default)
2023-02-16 16:34:55,372 [3dc841f7-9461-45fb-be3e-f1a36e39d59a@group-46955FA715E0-LeaderElection22] INFO  impl.RoleInfo (RoleInfo.java:updateAndGet(139)) - 3dc841f7-9461-45fb-be3e-f1a36e39d59a: start 3dc841f7-9461-45fb-be3e-f1a36e39d59a@group-46955FA715E0-LeaderStateImpl
2023-02-16 16:34:55,372 [3dc841f7-9461-45fb-be3e-f1a36e39d59a@group-46955FA715E0-LeaderElection22] INFO  segmented.SegmentedRaftLogWorker (SegmentedRaftLogWorker.java:startLogSegment(452)) - 3dc841f7-9461-45fb-be3e-f1a36e39d59a@group-46955FA715E0-SegmentedRaftLogWorker: Starting segment from index:0
2023-02-16 16:34:55,373 [3dc841f7-9461-45fb-be3e-f1a36e39d59a@group-46955FA715E0-SegmentedRaftLogWorker] INFO  segmented.SegmentedRaftLogWorker (SegmentedRaftLogWorker.java:execute(656)) - 3dc841f7-9461-45fb-be3e-f1a36e39d59a@group-46955FA715E0-SegmentedRaftLogWorker: created new log segment /home/runner/work/ozone/ozone/hadoop-ozone/integration-test/target/test-dir/MiniOzoneClusterImpl-d88fc665-df07-433e-a21c-a919abf7322c/datanode-1/data/ratis/37b46ab8-7f7c-42e5-9e46-46955fa715e0/current/log_inprogress_0
2023-02-16 16:34:55,379 [3dc841f7-9461-45fb-be3e-f1a36e39d59a@group-46955FA715E0-LeaderElection22] INFO  server.RaftServer$Division (ServerState.java:setRaftConf(430)) - 3dc841f7-9461-45fb-be3e-f1a36e39d59a@group-46955FA715E0: set configuration 0: peers:[3dc841f7-9461-45fb-be3e-f1a36e39d59a|rpc:10.1.0.66:34405|dataStream:10.1.0.66:39763|priority:1|startupRole:FOLLOWER]|listeners:[], old=null
2023-02-16 16:34:55,380 [OM StateMachine ApplyTransaction Thread - 0] INFO  volume.OMVolumeCreateRequest (OMVolumeCreateRequest.java:validateAndUpdateCache(195)) - created volume:volume35667 for user:user30644
2023-02-16 16:34:55,388 [Listener at 127.0.0.1/44851] INFO  rpc.RpcClient (RpcClient.java:createBucket(698)) - Creating Bucket: volume35667/bucket27185, with bucket layout LEGACY, runner as owner, Versioning false, Storage Type set to DISK and Encryption set to false, Replication Type set to server-side default replication type, Namespace Quota set to -1, Space Quota set to -1 
2023-02-16 16:34:55,390 [OM StateMachine ApplyTransaction Thread - 0] INFO  bucket.OMBucketCreateRequest (OMBucketCreateRequest.java:validateAndUpdateCache(263)) - created bucket: bucket27185 of layout LEGACY in volume: volume35667
]]></system-out>
  </testcase>
  <testcase name="testGetTrashRoot" classname="TestOzoneFileSystem" time="20.071">
    <system-out><![CDATA[2023-02-16 16:35:26,538 [Listener at 127.0.0.1/44851] INFO  ozone.MiniOzoneClusterImpl (MiniOzoneClusterImpl.java:shutdown(450)) - Shutting down the Mini Ozone Cluster
2023-02-16 16:35:26,538 [Listener at 127.0.0.1/44851] INFO  ozone.MiniOzoneClusterImpl (MiniOzoneClusterImpl.java:stop(465)) - Stopping the Mini Ozone Cluster
2023-02-16 16:35:26,539 [Listener at 127.0.0.1/44851] INFO  ozone.MiniOzoneClusterImpl (MiniOzoneClusterImpl.java:stopOM(547)) - Stopping the OzoneManager
2023-02-16 16:35:26,539 [Listener at 127.0.0.1/44851] INFO  om.OzoneManager (OzoneManager.java:stop(2139)) - om1[localhost:0]: Stopping Ozone Manager
2023-02-16 16:35:26,539 [Listener at 127.0.0.1/44851] INFO  ipc.Server (Server.java:stop(3428)) - Stopping server on 44851
2023-02-16 16:35:26,545 [IPC Server listener on 0] INFO  ipc.Server (Server.java:run(1384)) - Stopping IPC Server listener on 0
2023-02-16 16:35:26,545 [IPC Server Responder] INFO  ipc.Server (Server.java:run(1517)) - Stopping IPC Server Responder
2023-02-16 16:35:26,545 [Listener at 127.0.0.1/44851] INFO  server.RaftServer (RaftServerProxy.java:lambda$close$6(409)) - om1: close
2023-02-16 16:35:26,546 [Listener at 127.0.0.1/44851] INFO  server.GrpcService (GrpcService.java:closeImpl(271)) - om1: shutdown server GrpcServerProtocolService now
2023-02-16 16:35:26,546 [om1-impl-thread1] INFO  server.RaftServer$Division (RaftServerImpl.java:lambda$close$4(458)) - om1@group-C5BA1605619E: shutdown
2023-02-16 16:35:26,546 [om1-impl-thread1] INFO  util.JmxRegister (JmxRegister.java:unregister(73)) - Successfully un-registered JMX Bean with object name Ratis:service=RaftServer,group=group-C5BA1605619E,id=om1
2023-02-16 16:35:26,546 [om1-impl-thread1] INFO  impl.RoleInfo (RoleInfo.java:shutdownLeaderState(93)) - om1: shutdown om1@group-C5BA1605619E-LeaderStateImpl
2023-02-16 16:35:26,546 [om1-impl-thread1] INFO  impl.PendingRequests (PendingRequests.java:sendNotLeaderResponses(282)) - om1@group-C5BA1605619E-PendingRequests: sendNotLeaderResponses
2023-02-16 16:35:26,546 [Listener at 127.0.0.1/44851] INFO  server.GrpcService (GrpcService.java:closeImpl(280)) - om1: shutdown server GrpcServerProtocolService successfully
2023-02-16 16:35:26,549 [om1-impl-thread1] INFO  impl.StateMachineUpdater (StateMachineUpdater.java:stopAndJoin(153)) - om1@group-C5BA1605619E-StateMachineUpdater: set stopIndex = 37006
2023-02-16 16:35:26,549 [om1@group-C5BA1605619E-StateMachineUpdater] INFO  ratis.OzoneManagerStateMachine (OzoneManagerStateMachine.java:takeSnapshot(445)) - Current Snapshot Index (t:1, i:37006)
2023-02-16 16:35:26,580 [om1@group-C5BA1605619E-StateMachineUpdater] INFO  impl.StateMachineUpdater (StateMachineUpdater.java:takeSnapshot(287)) - om1@group-C5BA1605619E-StateMachineUpdater: Took a snapshot at index 37006
2023-02-16 16:35:26,580 [om1@group-C5BA1605619E-StateMachineUpdater] INFO  impl.StateMachineUpdater (StateMachineUpdater.java:lambda$new$0(92)) - om1@group-C5BA1605619E-StateMachineUpdater: snapshotIndex: updateIncreasingly -1 -> 37006
2023-02-16 16:35:26,580 [om1@group-C5BA1605619E-StateMachineUpdater] INFO  ratis.OzoneManagerStateMachine (OzoneManagerStateMachine.java:close(499)) - StateMachine has shutdown. Shutdown OzoneManager if not already shutdown.
2023-02-16 16:35:26,580 [om1@group-C5BA1605619E-StateMachineUpdater] INFO  ratis.OzoneManagerDoubleBuffer (OzoneManagerDoubleBuffer.java:stopDaemon(541)) - Stopping OMDoubleBuffer flush thread
2023-02-16 16:35:26,580 [OMDoubleBufferFlushThread] INFO  ratis.OzoneManagerDoubleBuffer (OzoneManagerDoubleBuffer.java:canFlush(626)) - OMDoubleBuffer flush thread OMDoubleBufferFlushThread is interrupted and will exit.
2023-02-16 16:35:26,581 [om1-impl-thread1] INFO  server.RaftServer$Division (ServerState.java:close(466)) - om1@group-C5BA1605619E: closes. applyIndex: 37006
2023-02-16 16:35:26,584 [om1@group-C5BA1605619E-SegmentedRaftLogWorker] INFO  segmented.SegmentedRaftLogWorker (SegmentedRaftLogWorker.java:run(347)) - om1@group-C5BA1605619E-SegmentedRaftLogWorker was interrupted, exiting. There are 0 tasks remaining in the queue.
2023-02-16 16:35:26,586 [om1-impl-thread1] INFO  segmented.SegmentedRaftLogWorker (SegmentedRaftLogWorker.java:close(257)) - om1@group-C5BA1605619E-SegmentedRaftLogWorker close()
2023-02-16 16:35:26,587 [JvmPauseMonitor11] INFO  util.JvmPauseMonitor (JvmPauseMonitor.java:run(111)) - JvmPauseMonitor-om1: Stopped
2023-02-16 16:35:26,588 [Listener at 127.0.0.1/44851] INFO  ratis.OzoneManagerStateMachine (OzoneManagerStateMachine.java:close(499)) - StateMachine has shutdown. Shutdown OzoneManager if not already shutdown.
2023-02-16 16:35:26,588 [Listener at 127.0.0.1/44851] INFO  ratis.OzoneManagerDoubleBuffer (OzoneManagerDoubleBuffer.java:stopDaemon(550)) - OMDoubleBuffer flush thread is not running.
2023-02-16 16:35:26,588 [Listener at 127.0.0.1/44851] INFO  utils.BackgroundService (BackgroundService.java:shutdown(141)) - Shutting down service KeyDeletingService
2023-02-16 16:35:26,588 [Listener at 127.0.0.1/44851] INFO  utils.BackgroundService (BackgroundService.java:shutdown(141)) - Shutting down service DirectoryDeletingService
2023-02-16 16:35:26,588 [Listener at 127.0.0.1/44851] INFO  utils.BackgroundService (BackgroundService.java:shutdown(141)) - Shutting down service OpenKeyCleanupService
2023-02-16 16:35:26,588 [Listener at 127.0.0.1/44851] INFO  utils.BackgroundService (BackgroundService.java:shutdown(141)) - Shutting down service SstFilteringService
2023-02-16 16:35:26,589 [Listener at 127.0.0.1/44851] INFO  handler.ContextHandler (ContextHandler.java:doStop(1159)) - Stopped o.e.j.w.WebAppContext@12d5fe14{ozoneManager,/,null,STOPPED}{file:/home/runner/work/ozone/ozone/hadoop-ozone/integration-test/target/test-classes/webapps/ozoneManager}
2023-02-16 16:35:26,589 [Listener at 127.0.0.1/44851] INFO  server.AbstractConnector (AbstractConnector.java:doStop(383)) - Stopped ServerConnector@208c382f{HTTP/1.1, (http/1.1)}{0.0.0.0:0}
2023-02-16 16:35:26,589 [Listener at 127.0.0.1/44851] INFO  server.session (HouseKeeper.java:stopScavenging(149)) - node0 Stopped scavenging
2023-02-16 16:35:26,589 [Listener at 127.0.0.1/44851] INFO  handler.ContextHandler (ContextHandler.java:doStop(1159)) - Stopped o.e.j.s.ServletContextHandler@12821807{static,/static,file:///home/runner/work/ozone/ozone/hadoop-ozone/integration-test/target/test-classes/webapps/static,STOPPED}
2023-02-16 16:35:26,590 [Listener at 127.0.0.1/44851] INFO  handler.ContextHandler (ContextHandler.java:doStop(1159)) - Stopped o.e.j.s.ServletContextHandler@423ea10e{logs,/logs,file:///home/runner/work/ozone/ozone/hadoop-ozone/integration-test/target/log,STOPPED}
2023-02-16 16:35:26,591 [Trash Emptier] ERROR om.TrashPolicyOzone (TrashPolicyOzone.java:run(350)) - Error attempting to shutdown
java.lang.InterruptedException
	at java.util.concurrent.locks.AbstractQueuedSynchronizer$ConditionObject.awaitNanos(AbstractQueuedSynchronizer.java:2067)
	at java.util.concurrent.ThreadPoolExecutor.awaitTermination(ThreadPoolExecutor.java:1475)
	at org.apache.hadoop.ozone.om.TrashPolicyOzone$Emptier.run(TrashPolicyOzone.java:348)
	at java.lang.Thread.run(Thread.java:750)
2023-02-16 16:35:26,593 [Listener at 127.0.0.1/44851] INFO  ozone.MiniOzoneClusterImpl (MiniOzoneClusterImpl.java:stopDatanodes(524)) - Stopping the HddsDatanodes
2023-02-16 16:35:26,594 [Listener at 127.0.0.1/44851] INFO  ozoneimpl.OzoneContainer (OzoneContainer.java:stop(420)) - Attempting to stop container services.
2023-02-16 16:35:26,595 [Listener at 127.0.0.1/44851] INFO  server.RaftServer (RaftServerProxy.java:lambda$close$6(409)) - 54ea6ac5-9e66-44bc-9134-574226f2896d: close
2023-02-16 16:35:26,595 [54ea6ac5-9e66-44bc-9134-574226f2896d-impl-thread1] INFO  server.RaftServer$Division (RaftServerImpl.java:lambda$close$4(458)) - 54ea6ac5-9e66-44bc-9134-574226f2896d@group-78116290E2F2: shutdown
2023-02-16 16:35:26,595 [54ea6ac5-9e66-44bc-9134-574226f2896d-impl-thread1] INFO  util.JmxRegister (JmxRegister.java:unregister(73)) - Successfully un-registered JMX Bean with object name Ratis:service=RaftServer,group=group-78116290E2F2,id=54ea6ac5-9e66-44bc-9134-574226f2896d
2023-02-16 16:35:26,595 [54ea6ac5-9e66-44bc-9134-574226f2896d-impl-thread1] INFO  impl.RoleInfo (RoleInfo.java:shutdownLeaderState(93)) - 54ea6ac5-9e66-44bc-9134-574226f2896d: shutdown 54ea6ac5-9e66-44bc-9134-574226f2896d@group-78116290E2F2-LeaderStateImpl
2023-02-16 16:35:26,595 [54ea6ac5-9e66-44bc-9134-574226f2896d-impl-thread1] INFO  impl.PendingRequests (PendingRequests.java:sendNotLeaderResponses(282)) - 54ea6ac5-9e66-44bc-9134-574226f2896d@group-78116290E2F2-PendingRequests: sendNotLeaderResponses
2023-02-16 16:35:26,596 [54ea6ac5-9e66-44bc-9134-574226f2896d-impl-thread1] INFO  impl.StateMachineUpdater (StateMachineUpdater.java:stopAndJoin(153)) - 54ea6ac5-9e66-44bc-9134-574226f2896d@group-78116290E2F2-StateMachineUpdater: set stopIndex = 0
2023-02-16 16:35:26,596 [54ea6ac5-9e66-44bc-9134-574226f2896d@group-78116290E2F2-StateMachineUpdater] INFO  ratis.ContainerStateMachine (ContainerStateMachine.java:takeSnapshot(308)) - group-78116290E2F2: Taking a snapshot at:(t:1, i:0) file /home/runner/work/ozone/ozone/hadoop-ozone/integration-test/target/test-dir/MiniOzoneClusterImpl-d88fc665-df07-433e-a21c-a919abf7322c/datanode-2/data/ratis/3f91ef0f-db90-468a-a2d5-78116290e2f2/sm/snapshot.1_0
2023-02-16 16:35:26,596 [54ea6ac5-9e66-44bc-9134-574226f2896d@group-78116290E2F2-StateMachineUpdater] INFO  ratis.ContainerStateMachine (ContainerStateMachine.java:takeSnapshot(319)) - group-78116290E2F2: Finished taking a snapshot at:(t:1, i:0) file:/home/runner/work/ozone/ozone/hadoop-ozone/integration-test/target/test-dir/MiniOzoneClusterImpl-d88fc665-df07-433e-a21c-a919abf7322c/datanode-2/data/ratis/3f91ef0f-db90-468a-a2d5-78116290e2f2/sm/snapshot.1_0 took: 0 ms
2023-02-16 16:35:26,597 [54ea6ac5-9e66-44bc-9134-574226f2896d@group-78116290E2F2-StateMachineUpdater] INFO  impl.StateMachineUpdater (StateMachineUpdater.java:takeSnapshot(287)) - 54ea6ac5-9e66-44bc-9134-574226f2896d@group-78116290E2F2-StateMachineUpdater: Took a snapshot at index 0
2023-02-16 16:35:26,597 [54ea6ac5-9e66-44bc-9134-574226f2896d@group-78116290E2F2-StateMachineUpdater] INFO  impl.StateMachineUpdater (StateMachineUpdater.java:lambda$new$0(92)) - 54ea6ac5-9e66-44bc-9134-574226f2896d@group-78116290E2F2-StateMachineUpdater: snapshotIndex: updateIncreasingly -1 -> 0
2023-02-16 16:35:26,597 [54ea6ac5-9e66-44bc-9134-574226f2896d-impl-thread1] INFO  server.RaftServer$Division (ServerState.java:close(466)) - 54ea6ac5-9e66-44bc-9134-574226f2896d@group-78116290E2F2: closes. applyIndex: 0
2023-02-16 16:35:26,599 [54ea6ac5-9e66-44bc-9134-574226f2896d@group-78116290E2F2-SegmentedRaftLogWorker] INFO  segmented.SegmentedRaftLogWorker (SegmentedRaftLogWorker.java:run(347)) - 54ea6ac5-9e66-44bc-9134-574226f2896d@group-78116290E2F2-SegmentedRaftLogWorker was interrupted, exiting. There are 0 tasks remaining in the queue.
2023-02-16 16:35:26,599 [54ea6ac5-9e66-44bc-9134-574226f2896d-impl-thread2] INFO  server.RaftServer$Division (RaftServerImpl.java:lambda$close$4(458)) - 54ea6ac5-9e66-44bc-9134-574226f2896d@group-846FB80539C3: shutdown
2023-02-16 16:35:26,599 [54ea6ac5-9e66-44bc-9134-574226f2896d-impl-thread2] INFO  util.JmxRegister (JmxRegister.java:unregister(73)) - Successfully un-registered JMX Bean with object name Ratis:service=RaftServer,group=group-846FB80539C3,id=54ea6ac5-9e66-44bc-9134-574226f2896d
2023-02-16 16:35:26,599 [54ea6ac5-9e66-44bc-9134-574226f2896d-impl-thread2] INFO  impl.RoleInfo (RoleInfo.java:shutdownFollowerState(110)) - 54ea6ac5-9e66-44bc-9134-574226f2896d: shutdown 54ea6ac5-9e66-44bc-9134-574226f2896d@group-846FB80539C3-FollowerState
2023-02-16 16:35:26,601 [Listener at 127.0.0.1/44851] INFO  server.GrpcService (GrpcService.java:closeImpl(271)) - 54ea6ac5-9e66-44bc-9134-574226f2896d: shutdown server GrpcServerProtocolService now
2023-02-16 16:35:26,602 [54ea6ac5-9e66-44bc-9134-574226f2896d-impl-thread3] INFO  server.RaftServer$Division (RaftServerImpl.java:lambda$close$4(458)) - 54ea6ac5-9e66-44bc-9134-574226f2896d@group-334246B51765: shutdown
2023-02-16 16:35:26,602 [54ea6ac5-9e66-44bc-9134-574226f2896d-impl-thread3] INFO  util.JmxRegister (JmxRegister.java:unregister(73)) - Successfully un-registered JMX Bean with object name Ratis:service=RaftServer,group=group-334246B51765,id=54ea6ac5-9e66-44bc-9134-574226f2896d
2023-02-16 16:35:26,602 [54ea6ac5-9e66-44bc-9134-574226f2896d-impl-thread3] INFO  impl.RoleInfo (RoleInfo.java:shutdownLeaderState(93)) - 54ea6ac5-9e66-44bc-9134-574226f2896d: shutdown 54ea6ac5-9e66-44bc-9134-574226f2896d@group-334246B51765-LeaderStateImpl
2023-02-16 16:35:26,602 [grpc-default-executor-4] WARN  server.GrpcServerProtocolService (LogUtils.java:warn(122)) - 54ea6ac5-9e66-44bc-9134-574226f2896d: installSnapshot onError, lastRequest: null: org.apache.ratis.thirdparty.io.grpc.StatusRuntimeException: CANCELLED: client cancelled
2023-02-16 16:35:26,602 [54ea6ac5-9e66-44bc-9134-574226f2896d@group-334246B51765->3dc841f7-9461-45fb-be3e-f1a36e39d59a-GrpcLogAppender-LogAppenderDaemon] WARN  server.GrpcLogAppender (GrpcLogAppender.java:mayWait(200)) - 54ea6ac5-9e66-44bc-9134-574226f2896d@group-334246B51765->3dc841f7-9461-45fb-be3e-f1a36e39d59a-GrpcLogAppender: Wait interrupted by java.lang.InterruptedException
2023-02-16 16:35:26,603 [54ea6ac5-9e66-44bc-9134-574226f2896d@group-334246B51765->c617c0dc-5b73-4bee-8a03-3b3ac823c300-GrpcLogAppender-LogAppenderDaemon] WARN  server.GrpcLogAppender (GrpcLogAppender.java:mayWait(200)) - 54ea6ac5-9e66-44bc-9134-574226f2896d@group-334246B51765->c617c0dc-5b73-4bee-8a03-3b3ac823c300-GrpcLogAppender: Wait interrupted by java.lang.InterruptedException
2023-02-16 16:35:26,603 [54ea6ac5-9e66-44bc-9134-574226f2896d-impl-thread3] INFO  impl.PendingRequests (PendingRequests.java:sendNotLeaderResponses(282)) - 54ea6ac5-9e66-44bc-9134-574226f2896d@group-334246B51765-PendingRequests: sendNotLeaderResponses
2023-02-16 16:35:26,603 [grpc-default-executor-5] WARN  server.GrpcServerProtocolService (LogUtils.java:warn(122)) - 54ea6ac5-9e66-44bc-9134-574226f2896d: installSnapshot onError, lastRequest: 3dc841f7-9461-45fb-be3e-f1a36e39d59a->54ea6ac5-9e66-44bc-9134-574226f2896d#324-t1,previous=(t:1, i:25),leaderCommit=25,initializing? true,entries: size=1, first=(t:1, i:26), METADATAENTRY(c:24): org.apache.ratis.thirdparty.io.grpc.StatusRuntimeException: CANCELLED: client cancelled
2023-02-16 16:35:26,604 [ForkJoinPool.commonPool-worker-0] INFO  ozoneimpl.OzoneContainer (OzoneContainer.java:stop(420)) - Attempting to stop container services.
2023-02-16 16:35:26,604 [54ea6ac5-9e66-44bc-9134-574226f2896d@group-846FB80539C3-FollowerState] INFO  impl.FollowerState (FollowerState.java:run(152)) - 54ea6ac5-9e66-44bc-9134-574226f2896d@group-846FB80539C3-FollowerState was interrupted
2023-02-16 16:35:26,605 [54ea6ac5-9e66-44bc-9134-574226f2896d-impl-thread1] INFO  segmented.SegmentedRaftLogWorker (SegmentedRaftLogWorker.java:close(257)) - 54ea6ac5-9e66-44bc-9134-574226f2896d@group-78116290E2F2-SegmentedRaftLogWorker close()
2023-02-16 16:35:26,605 [Listener at 127.0.0.1/44851] INFO  server.GrpcServerProtocolClient (GrpcServerProtocolClient.java:close(101)) - 3dc841f7-9461-45fb-be3e-f1a36e39d59a Close channels
2023-02-16 16:35:26,606 [grpc-default-executor-1] INFO  server.GrpcServerProtocolService (GrpcServerProtocolService.java:onCompleted(143)) - c617c0dc-5b73-4bee-8a03-3b3ac823c300: Completed APPEND_ENTRIES, lastRequest: null
2023-02-16 16:35:26,606 [grpc-default-executor-3] WARN  server.GrpcLogAppender (LogUtils.java:warn(122)) - 3dc841f7-9461-45fb-be3e-f1a36e39d59a@group-846FB80539C3->54ea6ac5-9e66-44bc-9134-574226f2896d-AppendLogResponseHandler: Failed appendEntries: org.apache.ratis.thirdparty.io.grpc.StatusRuntimeException: CANCELLED: RST_STREAM closed stream. HTTP/2 error code: CANCEL
2023-02-16 16:35:26,606 [grpc-default-executor-3] INFO  leader.FollowerInfo (FollowerInfoImpl.java:lambda$new$0(48)) - 3dc841f7-9461-45fb-be3e-f1a36e39d59a@group-846FB80539C3->54ea6ac5-9e66-44bc-9134-574226f2896d: nextIndex: updateUnconditionally 27 -> 26
2023-02-16 16:35:26,606 [grpc-default-executor-4] INFO  server.GrpcServerProtocolService (GrpcServerProtocolService.java:onCompleted(143)) - 3dc841f7-9461-45fb-be3e-f1a36e39d59a: Completed APPEND_ENTRIES, lastRequest: null
2023-02-16 16:35:26,607 [grpc-default-executor-0] INFO  server.GrpcServerProtocolService (GrpcServerProtocolService.java:onCompleted(143)) - 3dc841f7-9461-45fb-be3e-f1a36e39d59a: Completed APPEND_ENTRIES, lastRequest: 54ea6ac5-9e66-44bc-9134-574226f2896d->3dc841f7-9461-45fb-be3e-f1a36e39d59a#5-t1,previous=(t:1, i:3),leaderCommit=2,initializing? true,entries: size=1, first=(t:1, i:4), METADATAENTRY(c:2)
2023-02-16 16:35:26,607 [grpc-default-executor-2] INFO  server.GrpcServerProtocolService (GrpcServerProtocolService.java:onCompleted(143)) - c617c0dc-5b73-4bee-8a03-3b3ac823c300: Completed APPEND_ENTRIES, lastRequest: 54ea6ac5-9e66-44bc-9134-574226f2896d->c617c0dc-5b73-4bee-8a03-3b3ac823c300#6-t1,previous=(t:1, i:3),leaderCommit=2,initializing? true,entries: size=1, first=(t:1, i:4), METADATAENTRY(c:2)
2023-02-16 16:35:26,608 [grpc-default-executor-1] INFO  server.GrpcLogAppender (GrpcLogAppender.java:onCompleted(415)) - 54ea6ac5-9e66-44bc-9134-574226f2896d@group-334246B51765->c617c0dc-5b73-4bee-8a03-3b3ac823c300-AppendLogResponseHandler: follower responses appendEntries COMPLETED
2023-02-16 16:35:26,608 [grpc-default-executor-1] INFO  leader.FollowerInfo (FollowerInfoImpl.java:lambda$new$0(48)) - 54ea6ac5-9e66-44bc-9134-574226f2896d@group-334246B51765->c617c0dc-5b73-4bee-8a03-3b3ac823c300: nextIndex: updateUnconditionally 5 -> 4
2023-02-16 16:35:26,609 [grpc-default-executor-0] INFO  server.GrpcLogAppender (GrpcLogAppender.java:onCompleted(415)) - 54ea6ac5-9e66-44bc-9134-574226f2896d@group-334246B51765->3dc841f7-9461-45fb-be3e-f1a36e39d59a-AppendLogResponseHandler: follower responses appendEntries COMPLETED
2023-02-16 16:35:26,609 [grpc-default-executor-0] WARN  server.GrpcLogAppender (GrpcLogAppender.java:resetClient(137)) - 54ea6ac5-9e66-44bc-9134-574226f2896d@group-334246B51765->3dc841f7-9461-45fb-be3e-f1a36e39d59a-GrpcLogAppender: Failed to getClient for 3dc841f7-9461-45fb-be3e-f1a36e39d59a
org.apache.ratis.protocol.exceptions.AlreadyClosedException: 54ea6ac5-9e66-44bc-9134-574226f2896d is already CLOSED
	at org.apache.ratis.util.PeerProxyMap$PeerAndProxy.getProxy(PeerProxyMap.java:61)
	at org.apache.ratis.util.PeerProxyMap.getProxy(PeerProxyMap.java:115)
	at org.apache.ratis.grpc.server.GrpcLogAppender.getClient(GrpcLogAppender.java:116)
	at org.apache.ratis.grpc.server.GrpcLogAppender.resetClient(GrpcLogAppender.java:121)
	at org.apache.ratis.grpc.server.GrpcLogAppender.access$500(GrpcLogAppender.java:58)
	at org.apache.ratis.grpc.server.GrpcLogAppender$AppendLogResponseHandler.onCompleted(GrpcLogAppender.java:416)
	at org.apache.ratis.thirdparty.io.grpc.stub.ClientCalls$StreamObserverToCallListenerAdapter.onClose(ClientCalls.java:485)
	at org.apache.ratis.thirdparty.io.grpc.internal.ClientCallImpl.closeObserver(ClientCallImpl.java:562)
	at org.apache.ratis.thirdparty.io.grpc.internal.ClientCallImpl.access$300(ClientCallImpl.java:70)
	at org.apache.ratis.thirdparty.io.grpc.internal.ClientCallImpl$ClientStreamListenerImpl$1StreamClosed.runInternal(ClientCallImpl.java:743)
	at org.apache.ratis.thirdparty.io.grpc.internal.ClientCallImpl$ClientStreamListenerImpl$1StreamClosed.runInContext(ClientCallImpl.java:722)
	at org.apache.ratis.thirdparty.io.grpc.internal.ContextRunnable.run(ContextRunnable.java:37)
	at org.apache.ratis.thirdparty.io.grpc.internal.SerializingExecutor.run(SerializingExecutor.java:133)
	at java.util.concurrent.ThreadPoolExecutor.runWorker(ThreadPoolExecutor.java:1149)
	at java.util.concurrent.ThreadPoolExecutor$Worker.run(ThreadPoolExecutor.java:624)
	at java.lang.Thread.run(Thread.java:750)
2023-02-16 16:35:26,613 [grpc-default-executor-3] INFO  server.GrpcLogAppender (GrpcLogAppender.java:onCompleted(415)) - 54ea6ac5-9e66-44bc-9134-574226f2896d@group-334246B51765->3dc841f7-9461-45fb-be3e-f1a36e39d59a-AppendLogResponseHandler: follower responses appendEntries COMPLETED
2023-02-16 16:35:26,613 [grpc-default-executor-1] WARN  server.GrpcLogAppender (LogUtils.java:warn(122)) - 3dc841f7-9461-45fb-be3e-f1a36e39d59a@group-846FB80539C3->54ea6ac5-9e66-44bc-9134-574226f2896d-AppendLogResponseHandler: Failed appendEntries: org.apache.ratis.thirdparty.io.grpc.StatusRuntimeException: CANCELLED: RST_STREAM closed stream. HTTP/2 error code: CANCEL
2023-02-16 16:35:26,613 [grpc-default-executor-3] WARN  server.GrpcLogAppender (GrpcLogAppender.java:resetClient(137)) - 54ea6ac5-9e66-44bc-9134-574226f2896d@group-334246B51765->3dc841f7-9461-45fb-be3e-f1a36e39d59a-GrpcLogAppender: Failed to getClient for 3dc841f7-9461-45fb-be3e-f1a36e39d59a
org.apache.ratis.protocol.exceptions.AlreadyClosedException: 54ea6ac5-9e66-44bc-9134-574226f2896d is already CLOSED
	at org.apache.ratis.util.PeerProxyMap$PeerAndProxy.getProxy(PeerProxyMap.java:61)
	at org.apache.ratis.util.PeerProxyMap.getProxy(PeerProxyMap.java:115)
	at org.apache.ratis.grpc.server.GrpcLogAppender.getClient(GrpcLogAppender.java:116)
	at org.apache.ratis.grpc.server.GrpcLogAppender.resetClient(GrpcLogAppender.java:121)
	at org.apache.ratis.grpc.server.GrpcLogAppender.access$500(GrpcLogAppender.java:58)
	at org.apache.ratis.grpc.server.GrpcLogAppender$AppendLogResponseHandler.onCompleted(GrpcLogAppender.java:416)
	at org.apache.ratis.thirdparty.io.grpc.stub.ClientCalls$StreamObserverToCallListenerAdapter.onClose(ClientCalls.java:485)
	at org.apache.ratis.thirdparty.io.grpc.internal.DelayedClientCall$DelayedListener$3.run(DelayedClientCall.java:468)
	at org.apache.ratis.thirdparty.io.grpc.internal.DelayedClientCall$DelayedListener.delayOrExecute(DelayedClientCall.java:432)
	at org.apache.ratis.thirdparty.io.grpc.internal.DelayedClientCall$DelayedListener.onClose(DelayedClientCall.java:465)
	at org.apache.ratis.thirdparty.io.grpc.internal.ClientCallImpl.closeObserver(ClientCallImpl.java:562)
	at org.apache.ratis.thirdparty.io.grpc.internal.ClientCallImpl.access$300(ClientCallImpl.java:70)
	at org.apache.ratis.thirdparty.io.grpc.internal.ClientCallImpl$ClientStreamListenerImpl$1StreamClosed.runInternal(ClientCallImpl.java:743)
	at org.apache.ratis.thirdparty.io.grpc.internal.ClientCallImpl$ClientStreamListenerImpl$1StreamClosed.runInContext(ClientCallImpl.java:722)
	at org.apache.ratis.thirdparty.io.grpc.internal.ContextRunnable.run(ContextRunnable.java:37)
	at org.apache.ratis.thirdparty.io.grpc.internal.SerializingExecutor.run(SerializingExecutor.java:133)
	at java.util.concurrent.ThreadPoolExecutor.runWorker(ThreadPoolExecutor.java:1149)
	at java.util.concurrent.ThreadPoolExecutor$Worker.run(ThreadPoolExecutor.java:624)
	at java.lang.Thread.run(Thread.java:750)
2023-02-16 16:35:26,613 [grpc-default-executor-1] INFO  leader.FollowerInfo (FollowerInfoImpl.java:lambda$new$0(48)) - 3dc841f7-9461-45fb-be3e-f1a36e39d59a@group-846FB80539C3->54ea6ac5-9e66-44bc-9134-574226f2896d: nextIndex: updateUnconditionally 26 -> 25
2023-02-16 16:35:26,613 [grpc-default-executor-4] INFO  server.GrpcLogAppender (GrpcLogAppender.java:onCompleted(415)) - 54ea6ac5-9e66-44bc-9134-574226f2896d@group-334246B51765->c617c0dc-5b73-4bee-8a03-3b3ac823c300-AppendLogResponseHandler: follower responses appendEntries COMPLETED
2023-02-16 16:35:26,613 [grpc-default-executor-4] INFO  leader.FollowerInfo (FollowerInfoImpl.java:lambda$new$0(48)) - 54ea6ac5-9e66-44bc-9134-574226f2896d@group-334246B51765->c617c0dc-5b73-4bee-8a03-3b3ac823c300: nextIndex: updateUnconditionally 4 -> 3
2023-02-16 16:35:26,618 [54ea6ac5-9e66-44bc-9134-574226f2896d-impl-thread3] INFO  impl.StateMachineUpdater (StateMachineUpdater.java:stopAndJoin(153)) - 54ea6ac5-9e66-44bc-9134-574226f2896d@group-334246B51765-StateMachineUpdater: set stopIndex = 4
2023-02-16 16:35:26,618 [Listener at 127.0.0.1/44851] INFO  server.GrpcServerProtocolClient (GrpcServerProtocolClient.java:close(101)) - c617c0dc-5b73-4bee-8a03-3b3ac823c300 Close channels
2023-02-16 16:35:26,618 [54ea6ac5-9e66-44bc-9134-574226f2896d@group-334246B51765-StateMachineUpdater] INFO  ratis.ContainerStateMachine (ContainerStateMachine.java:takeSnapshot(308)) - group-334246B51765: Taking a snapshot at:(t:1, i:4) file /home/runner/work/ozone/ozone/hadoop-ozone/integration-test/target/test-dir/MiniOzoneClusterImpl-d88fc665-df07-433e-a21c-a919abf7322c/datanode-2/data/ratis/6a1ee93f-3e9e-4f14-a084-334246b51765/sm/snapshot.1_4
2023-02-16 16:35:26,620 [54ea6ac5-9e66-44bc-9134-574226f2896d@group-334246B51765-StateMachineUpdater] INFO  ratis.ContainerStateMachine (ContainerStateMachine.java:takeSnapshot(319)) - group-334246B51765: Finished taking a snapshot at:(t:1, i:4) file:/home/runner/work/ozone/ozone/hadoop-ozone/integration-test/target/test-dir/MiniOzoneClusterImpl-d88fc665-df07-433e-a21c-a919abf7322c/datanode-2/data/ratis/6a1ee93f-3e9e-4f14-a084-334246b51765/sm/snapshot.1_4 took: 2 ms
2023-02-16 16:35:26,621 [54ea6ac5-9e66-44bc-9134-574226f2896d@group-334246B51765-StateMachineUpdater] INFO  impl.StateMachineUpdater (StateMachineUpdater.java:takeSnapshot(287)) - 54ea6ac5-9e66-44bc-9134-574226f2896d@group-334246B51765-StateMachineUpdater: Took a snapshot at index 4
2023-02-16 16:35:26,621 [54ea6ac5-9e66-44bc-9134-574226f2896d@group-334246B51765-StateMachineUpdater] INFO  impl.StateMachineUpdater (StateMachineUpdater.java:lambda$new$0(92)) - 54ea6ac5-9e66-44bc-9134-574226f2896d@group-334246B51765-StateMachineUpdater: snapshotIndex: updateIncreasingly -1 -> 4
2023-02-16 16:35:26,621 [Listener at 127.0.0.1/44851] INFO  server.GrpcService (GrpcService.java:closeImpl(280)) - 54ea6ac5-9e66-44bc-9134-574226f2896d: shutdown server GrpcServerProtocolService successfully
2023-02-16 16:35:26,621 [ForkJoinPool.commonPool-worker-0] INFO  server.RaftServer (RaftServerProxy.java:lambda$close$6(409)) - 3dc841f7-9461-45fb-be3e-f1a36e39d59a: close
2023-02-16 16:35:26,621 [3dc841f7-9461-45fb-be3e-f1a36e39d59a-impl-thread1] INFO  server.RaftServer$Division (RaftServerImpl.java:lambda$close$4(458)) - 3dc841f7-9461-45fb-be3e-f1a36e39d59a@group-46955FA715E0: shutdown
2023-02-16 16:35:26,621 [3dc841f7-9461-45fb-be3e-f1a36e39d59a-impl-thread1] INFO  util.JmxRegister (JmxRegister.java:unregister(73)) - Successfully un-registered JMX Bean with object name Ratis:service=RaftServer,group=group-46955FA715E0,id=3dc841f7-9461-45fb-be3e-f1a36e39d59a
2023-02-16 16:35:26,621 [3dc841f7-9461-45fb-be3e-f1a36e39d59a-impl-thread1] INFO  impl.RoleInfo (RoleInfo.java:shutdownLeaderState(93)) - 3dc841f7-9461-45fb-be3e-f1a36e39d59a: shutdown 3dc841f7-9461-45fb-be3e-f1a36e39d59a@group-46955FA715E0-LeaderStateImpl
2023-02-16 16:35:26,621 [54ea6ac5-9e66-44bc-9134-574226f2896d@group-846FB80539C3-StateMachineUpdater] INFO  ratis.ContainerStateMachine (ContainerStateMachine.java:takeSnapshot(308)) - group-846FB80539C3: Taking a snapshot at:(t:1, i:26) file /home/runner/work/ozone/ozone/hadoop-ozone/integration-test/target/test-dir/MiniOzoneClusterImpl-d88fc665-df07-433e-a21c-a919abf7322c/datanode-2/data/ratis/bf3f6b71-65a2-4113-a90c-846fb80539c3/sm/snapshot.1_26
2023-02-16 16:35:26,621 [54ea6ac5-9e66-44bc-9134-574226f2896d-impl-thread3] INFO  server.RaftServer$Division (ServerState.java:close(466)) - 54ea6ac5-9e66-44bc-9134-574226f2896d@group-334246B51765: closes. applyIndex: 4
2023-02-16 16:35:26,622 [54ea6ac5-9e66-44bc-9134-574226f2896d-NettyServerStreamRpc-bossGroup--thread1] INFO  logging.LoggingHandler (AbstractInternalLogger.java:log(148)) - [id: 0x9ed7d953, L:/0:0:0:0:0:0:0:0:46125] CLOSE
2023-02-16 16:35:26,622 [grpc-default-executor-3] WARN  server.GrpcLogAppender (LogUtils.java:warn(122)) - 3dc841f7-9461-45fb-be3e-f1a36e39d59a@group-846FB80539C3->54ea6ac5-9e66-44bc-9134-574226f2896d-AppendLogResponseHandler: Failed appendEntries: org.apache.ratis.thirdparty.io.grpc.StatusRuntimeException: UNAVAILABLE: io exception
2023-02-16 16:35:26,621 [3dc841f7-9461-45fb-be3e-f1a36e39d59a-impl-thread1] INFO  impl.PendingRequests (PendingRequests.java:sendNotLeaderResponses(282)) - 3dc841f7-9461-45fb-be3e-f1a36e39d59a@group-46955FA715E0-PendingRequests: sendNotLeaderResponses
2023-02-16 16:35:26,622 [3dc841f7-9461-45fb-be3e-f1a36e39d59a-impl-thread1] INFO  impl.StateMachineUpdater (StateMachineUpdater.java:stopAndJoin(153)) - 3dc841f7-9461-45fb-be3e-f1a36e39d59a@group-46955FA715E0-StateMachineUpdater: set stopIndex = 0
2023-02-16 16:35:26,622 [3dc841f7-9461-45fb-be3e-f1a36e39d59a@group-46955FA715E0-StateMachineUpdater] INFO  ratis.ContainerStateMachine (ContainerStateMachine.java:takeSnapshot(308)) - group-46955FA715E0: Taking a snapshot at:(t:1, i:0) file /home/runner/work/ozone/ozone/hadoop-ozone/integration-test/target/test-dir/MiniOzoneClusterImpl-d88fc665-df07-433e-a21c-a919abf7322c/datanode-1/data/ratis/37b46ab8-7f7c-42e5-9e46-46955fa715e0/sm/snapshot.1_0
2023-02-16 16:35:26,622 [54ea6ac5-9e66-44bc-9134-574226f2896d@group-846FB80539C3-StateMachineUpdater] INFO  ratis.ContainerStateMachine (ContainerStateMachine.java:takeSnapshot(319)) - group-846FB80539C3: Finished taking a snapshot at:(t:1, i:26) file:/home/runner/work/ozone/ozone/hadoop-ozone/integration-test/target/test-dir/MiniOzoneClusterImpl-d88fc665-df07-433e-a21c-a919abf7322c/datanode-2/data/ratis/bf3f6b71-65a2-4113-a90c-846fb80539c3/sm/snapshot.1_26 took: 1 ms
2023-02-16 16:35:26,622 [54ea6ac5-9e66-44bc-9134-574226f2896d@group-846FB80539C3-StateMachineUpdater] INFO  impl.StateMachineUpdater (StateMachineUpdater.java:takeSnapshot(287)) - 54ea6ac5-9e66-44bc-9134-574226f2896d@group-846FB80539C3-StateMachineUpdater: Took a snapshot at index 26
2023-02-16 16:35:26,622 [54ea6ac5-9e66-44bc-9134-574226f2896d@group-846FB80539C3-StateMachineUpdater] INFO  impl.StateMachineUpdater (StateMachineUpdater.java:lambda$new$0(92)) - 54ea6ac5-9e66-44bc-9134-574226f2896d@group-846FB80539C3-StateMachineUpdater: snapshotIndex: updateIncreasingly -1 -> 26
2023-02-16 16:35:26,622 [3dc841f7-9461-45fb-be3e-f1a36e39d59a@group-46955FA715E0-StateMachineUpdater] INFO  ratis.ContainerStateMachine (ContainerStateMachine.java:takeSnapshot(319)) - group-46955FA715E0: Finished taking a snapshot at:(t:1, i:0) file:/home/runner/work/ozone/ozone/hadoop-ozone/integration-test/target/test-dir/MiniOzoneClusterImpl-d88fc665-df07-433e-a21c-a919abf7322c/datanode-1/data/ratis/37b46ab8-7f7c-42e5-9e46-46955fa715e0/sm/snapshot.1_0 took: 0 ms
2023-02-16 16:35:26,623 [3dc841f7-9461-45fb-be3e-f1a36e39d59a@group-46955FA715E0-StateMachineUpdater] INFO  impl.StateMachineUpdater (StateMachineUpdater.java:takeSnapshot(287)) - 3dc841f7-9461-45fb-be3e-f1a36e39d59a@group-46955FA715E0-StateMachineUpdater: Took a snapshot at index 0
2023-02-16 16:35:26,623 [3dc841f7-9461-45fb-be3e-f1a36e39d59a@group-46955FA715E0-StateMachineUpdater] INFO  impl.StateMachineUpdater (StateMachineUpdater.java:lambda$new$0(92)) - 3dc841f7-9461-45fb-be3e-f1a36e39d59a@group-46955FA715E0-StateMachineUpdater: snapshotIndex: updateIncreasingly -1 -> 0
2023-02-16 16:35:26,623 [3dc841f7-9461-45fb-be3e-f1a36e39d59a-impl-thread1] INFO  server.RaftServer$Division (ServerState.java:close(466)) - 3dc841f7-9461-45fb-be3e-f1a36e39d59a@group-46955FA715E0: closes. applyIndex: 0
2023-02-16 16:35:26,623 [grpc-default-executor-3] INFO  leader.FollowerInfo (FollowerInfoImpl.java:lambda$new$0(48)) - 3dc841f7-9461-45fb-be3e-f1a36e39d59a@group-846FB80539C3->54ea6ac5-9e66-44bc-9134-574226f2896d: nextIndex: updateUnconditionally 26 -> 25
2023-02-16 16:35:26,624 [54ea6ac5-9e66-44bc-9134-574226f2896d-impl-thread2] INFO  impl.StateMachineUpdater (StateMachineUpdater.java:stopAndJoin(153)) - 54ea6ac5-9e66-44bc-9134-574226f2896d@group-846FB80539C3-StateMachineUpdater: set stopIndex = 26
2023-02-16 16:35:26,627 [3dc841f7-9461-45fb-be3e-f1a36e39d59a-impl-thread2] INFO  server.RaftServer$Division (RaftServerImpl.java:lambda$close$4(458)) - 3dc841f7-9461-45fb-be3e-f1a36e39d59a@group-846FB80539C3: shutdown
2023-02-16 16:35:26,627 [3dc841f7-9461-45fb-be3e-f1a36e39d59a-impl-thread2] INFO  util.JmxRegister (JmxRegister.java:unregister(73)) - Successfully un-registered JMX Bean with object name Ratis:service=RaftServer,group=group-846FB80539C3,id=3dc841f7-9461-45fb-be3e-f1a36e39d59a
2023-02-16 16:35:26,627 [3dc841f7-9461-45fb-be3e-f1a36e39d59a-impl-thread2] INFO  impl.RoleInfo (RoleInfo.java:shutdownLeaderState(93)) - 3dc841f7-9461-45fb-be3e-f1a36e39d59a: shutdown 3dc841f7-9461-45fb-be3e-f1a36e39d59a@group-846FB80539C3-LeaderStateImpl
2023-02-16 16:35:26,627 [ForkJoinPool.commonPool-worker-0] INFO  server.GrpcService (GrpcService.java:closeImpl(271)) - 3dc841f7-9461-45fb-be3e-f1a36e39d59a: shutdown server GrpcServerProtocolService now
2023-02-16 16:35:26,627 [grpc-default-executor-3] INFO  server.GrpcLogAppender (GrpcLogAppender.java:onError(404)) - 3dc841f7-9461-45fb-be3e-f1a36e39d59a@group-846FB80539C3->54ea6ac5-9e66-44bc-9134-574226f2896d-GrpcLogAppender is already stopped
2023-02-16 16:35:26,628 [54ea6ac5-9e66-44bc-9134-574226f2896d-NettyServerStreamRpc-bossGroup--thread1] INFO  logging.LoggingHandler (AbstractInternalLogger.java:log(148)) - [id: 0x9ed7d953, L:/0:0:0:0:0:0:0:0:46125] INACTIVE
2023-02-16 16:35:26,628 [54ea6ac5-9e66-44bc-9134-574226f2896d-NettyServerStreamRpc-bossGroup--thread1] INFO  logging.LoggingHandler (AbstractInternalLogger.java:log(148)) - [id: 0x9ed7d953, L:/0:0:0:0:0:0:0:0:46125] UNREGISTERED
2023-02-16 16:35:26,630 [grpc-default-executor-4] WARN  server.GrpcClientProtocolService (LogUtils.java:warn(122)) - 2-OrderedRequestStreamObserver2: onError: org.apache.ratis.thirdparty.io.grpc.StatusRuntimeException: CANCELLED: client cancelled
2023-02-16 16:35:26,632 [3dc841f7-9461-45fb-be3e-f1a36e39d59a-impl-thread3] INFO  server.RaftServer$Division (RaftServerImpl.java:lambda$close$4(458)) - 3dc841f7-9461-45fb-be3e-f1a36e39d59a@group-334246B51765: shutdown
2023-02-16 16:35:26,632 [3dc841f7-9461-45fb-be3e-f1a36e39d59a-impl-thread3] INFO  util.JmxRegister (JmxRegister.java:unregister(73)) - Successfully un-registered JMX Bean with object name Ratis:service=RaftServer,group=group-334246B51765,id=3dc841f7-9461-45fb-be3e-f1a36e39d59a
2023-02-16 16:35:26,632 [3dc841f7-9461-45fb-be3e-f1a36e39d59a-impl-thread3] INFO  impl.RoleInfo (RoleInfo.java:shutdownFollowerState(110)) - 3dc841f7-9461-45fb-be3e-f1a36e39d59a: shutdown 3dc841f7-9461-45fb-be3e-f1a36e39d59a@group-334246B51765-FollowerState
2023-02-16 16:35:26,639 [3dc841f7-9461-45fb-be3e-f1a36e39d59a@group-846FB80539C3->54ea6ac5-9e66-44bc-9134-574226f2896d-GrpcLogAppender-LogAppenderDaemon] WARN  server.GrpcLogAppender (GrpcLogAppender.java:mayWait(200)) - 3dc841f7-9461-45fb-be3e-f1a36e39d59a@group-846FB80539C3->54ea6ac5-9e66-44bc-9134-574226f2896d-GrpcLogAppender: Wait interrupted by java.lang.InterruptedException
2023-02-16 16:35:26,639 [3dc841f7-9461-45fb-be3e-f1a36e39d59a-impl-thread2] INFO  impl.PendingRequests (PendingRequests.java:sendNotLeaderResponses(282)) - 3dc841f7-9461-45fb-be3e-f1a36e39d59a@group-846FB80539C3-PendingRequests: sendNotLeaderResponses
2023-02-16 16:35:26,639 [3dc841f7-9461-45fb-be3e-f1a36e39d59a@group-846FB80539C3->c617c0dc-5b73-4bee-8a03-3b3ac823c300-GrpcLogAppender-LogAppenderDaemon] WARN  server.GrpcLogAppender (GrpcLogAppender.java:mayWait(200)) - 3dc841f7-9461-45fb-be3e-f1a36e39d59a@group-846FB80539C3->c617c0dc-5b73-4bee-8a03-3b3ac823c300-GrpcLogAppender: Wait interrupted by java.lang.InterruptedException
2023-02-16 16:35:26,639 [3dc841f7-9461-45fb-be3e-f1a36e39d59a@group-46955FA715E0-SegmentedRaftLogWorker] INFO  segmented.SegmentedRaftLogWorker (SegmentedRaftLogWorker.java:run(347)) - 3dc841f7-9461-45fb-be3e-f1a36e39d59a@group-46955FA715E0-SegmentedRaftLogWorker was interrupted, exiting. There are 0 tasks remaining in the queue.
2023-02-16 16:35:26,640 [54ea6ac5-9e66-44bc-9134-574226f2896d-impl-thread2] INFO  server.RaftServer$Division (ServerState.java:close(466)) - 54ea6ac5-9e66-44bc-9134-574226f2896d@group-846FB80539C3: closes. applyIndex: 26
2023-02-16 16:35:26,640 [54ea6ac5-9e66-44bc-9134-574226f2896d@group-846FB80539C3-SegmentedRaftLogWorker] INFO  segmented.SegmentedRaftLogWorker (SegmentedRaftLogWorker.java:run(347)) - 54ea6ac5-9e66-44bc-9134-574226f2896d@group-846FB80539C3-SegmentedRaftLogWorker was interrupted, exiting. There are 0 tasks remaining in the queue.
2023-02-16 16:35:26,640 [grpc-default-executor-4] INFO  server.GrpcServerProtocolService (GrpcServerProtocolService.java:onCompleted(143)) - c617c0dc-5b73-4bee-8a03-3b3ac823c300: Completed APPEND_ENTRIES, lastRequest: null
2023-02-16 16:35:26,640 [54ea6ac5-9e66-44bc-9134-574226f2896d@group-334246B51765-SegmentedRaftLogWorker] INFO  segmented.SegmentedRaftLogWorker (SegmentedRaftLogWorker.java:run(347)) - 54ea6ac5-9e66-44bc-9134-574226f2896d@group-334246B51765-SegmentedRaftLogWorker was interrupted, exiting. There are 0 tasks remaining in the queue.
2023-02-16 16:35:26,640 [grpc-default-executor-3] INFO  server.GrpcServerProtocolService (GrpcServerProtocolService.java:onCompleted(143)) - c617c0dc-5b73-4bee-8a03-3b3ac823c300: Completed APPEND_ENTRIES, lastRequest: 3dc841f7-9461-45fb-be3e-f1a36e39d59a->c617c0dc-5b73-4bee-8a03-3b3ac823c300#331-t1,previous=(t:1, i:25),leaderCommit=25,initializing? true,entries: size=1, first=(t:1, i:26), METADATAENTRY(c:24)
2023-02-16 16:35:26,641 [grpc-default-executor-5] INFO  server.GrpcLogAppender (GrpcLogAppender.java:onCompleted(415)) - 3dc841f7-9461-45fb-be3e-f1a36e39d59a@group-846FB80539C3->c617c0dc-5b73-4bee-8a03-3b3ac823c300-AppendLogResponseHandler: follower responses appendEntries COMPLETED
2023-02-16 16:35:26,641 [grpc-default-executor-5] INFO  leader.FollowerInfo (FollowerInfoImpl.java:lambda$new$0(48)) - 3dc841f7-9461-45fb-be3e-f1a36e39d59a@group-846FB80539C3->c617c0dc-5b73-4bee-8a03-3b3ac823c300: nextIndex: updateUnconditionally 27 -> 26
2023-02-16 16:35:26,641 [grpc-default-executor-0] INFO  server.GrpcLogAppender (GrpcLogAppender.java:onCompleted(415)) - 3dc841f7-9461-45fb-be3e-f1a36e39d59a@group-846FB80539C3->c617c0dc-5b73-4bee-8a03-3b3ac823c300-AppendLogResponseHandler: follower responses appendEntries COMPLETED
2023-02-16 16:35:26,641 [grpc-default-executor-0] INFO  leader.FollowerInfo (FollowerInfoImpl.java:lambda$new$0(48)) - 3dc841f7-9461-45fb-be3e-f1a36e39d59a@group-846FB80539C3->c617c0dc-5b73-4bee-8a03-3b3ac823c300: nextIndex: updateUnconditionally 26 -> 25
2023-02-16 16:35:26,641 [3dc841f7-9461-45fb-be3e-f1a36e39d59a-impl-thread3] INFO  impl.StateMachineUpdater (StateMachineUpdater.java:stopAndJoin(153)) - 3dc841f7-9461-45fb-be3e-f1a36e39d59a@group-334246B51765-StateMachineUpdater: set stopIndex = 4
2023-02-16 16:35:26,641 [3dc841f7-9461-45fb-be3e-f1a36e39d59a@group-334246B51765-FollowerState] INFO  impl.FollowerState (FollowerState.java:run(152)) - 3dc841f7-9461-45fb-be3e-f1a36e39d59a@group-334246B51765-FollowerState was interrupted
2023-02-16 16:35:26,643 [ForkJoinPool.commonPool-worker-0] INFO  server.GrpcServerProtocolClient (GrpcServerProtocolClient.java:close(101)) - 54ea6ac5-9e66-44bc-9134-574226f2896d Close channels
2023-02-16 16:35:26,644 [ForkJoinPool.commonPool-worker-0] INFO  server.GrpcServerProtocolClient (GrpcServerProtocolClient.java:close(101)) - c617c0dc-5b73-4bee-8a03-3b3ac823c300 Close channels
2023-02-16 16:35:26,644 [54ea6ac5-9e66-44bc-9134-574226f2896d-impl-thread2] INFO  segmented.SegmentedRaftLogWorker (SegmentedRaftLogWorker.java:close(257)) - 54ea6ac5-9e66-44bc-9134-574226f2896d@group-846FB80539C3-SegmentedRaftLogWorker close()
2023-02-16 16:35:26,644 [3dc841f7-9461-45fb-be3e-f1a36e39d59a-impl-thread1] INFO  segmented.SegmentedRaftLogWorker (SegmentedRaftLogWorker.java:close(257)) - 3dc841f7-9461-45fb-be3e-f1a36e39d59a@group-46955FA715E0-SegmentedRaftLogWorker close()
2023-02-16 16:35:26,644 [54ea6ac5-9e66-44bc-9134-574226f2896d-impl-thread3] INFO  segmented.SegmentedRaftLogWorker (SegmentedRaftLogWorker.java:close(257)) - 54ea6ac5-9e66-44bc-9134-574226f2896d@group-334246B51765-SegmentedRaftLogWorker close()
2023-02-16 16:35:26,647 [ForkJoinPool.commonPool-worker-0] INFO  server.GrpcService (GrpcService.java:closeImpl(280)) - 3dc841f7-9461-45fb-be3e-f1a36e39d59a: shutdown server GrpcServerProtocolService successfully
2023-02-16 16:35:26,652 [3dc841f7-9461-45fb-be3e-f1a36e39d59a-NettyServerStreamRpc-bossGroup--thread1] INFO  logging.LoggingHandler (AbstractInternalLogger.java:log(148)) - [id: 0x174d5298, L:/0:0:0:0:0:0:0:0:39763] CLOSE
2023-02-16 16:35:26,653 [3dc841f7-9461-45fb-be3e-f1a36e39d59a-NettyServerStreamRpc-bossGroup--thread1] INFO  logging.LoggingHandler (AbstractInternalLogger.java:log(148)) - [id: 0x174d5298, L:/0:0:0:0:0:0:0:0:39763] INACTIVE
2023-02-16 16:35:26,653 [3dc841f7-9461-45fb-be3e-f1a36e39d59a-NettyServerStreamRpc-bossGroup--thread1] INFO  logging.LoggingHandler (AbstractInternalLogger.java:log(148)) - [id: 0x174d5298, L:/0:0:0:0:0:0:0:0:39763] UNREGISTERED
2023-02-16 16:35:26,655 [3dc841f7-9461-45fb-be3e-f1a36e39d59a@group-334246B51765-StateMachineUpdater] INFO  ratis.ContainerStateMachine (ContainerStateMachine.java:takeSnapshot(308)) - group-334246B51765: Taking a snapshot at:(t:1, i:4) file /home/runner/work/ozone/ozone/hadoop-ozone/integration-test/target/test-dir/MiniOzoneClusterImpl-d88fc665-df07-433e-a21c-a919abf7322c/datanode-1/data/ratis/6a1ee93f-3e9e-4f14-a084-334246b51765/sm/snapshot.1_4
2023-02-16 16:35:26,656 [3dc841f7-9461-45fb-be3e-f1a36e39d59a-impl-thread2] INFO  impl.StateMachineUpdater (StateMachineUpdater.java:stopAndJoin(153)) - 3dc841f7-9461-45fb-be3e-f1a36e39d59a@group-846FB80539C3-StateMachineUpdater: set stopIndex = 26
2023-02-16 16:35:26,656 [3dc841f7-9461-45fb-be3e-f1a36e39d59a@group-846FB80539C3-StateMachineUpdater] INFO  ratis.ContainerStateMachine (ContainerStateMachine.java:takeSnapshot(308)) - group-846FB80539C3: Taking a snapshot at:(t:1, i:26) file /home/runner/work/ozone/ozone/hadoop-ozone/integration-test/target/test-dir/MiniOzoneClusterImpl-d88fc665-df07-433e-a21c-a919abf7322c/datanode-1/data/ratis/bf3f6b71-65a2-4113-a90c-846fb80539c3/sm/snapshot.1_26
2023-02-16 16:35:26,656 [3dc841f7-9461-45fb-be3e-f1a36e39d59a@group-334246B51765-StateMachineUpdater] INFO  ratis.ContainerStateMachine (ContainerStateMachine.java:takeSnapshot(319)) - group-334246B51765: Finished taking a snapshot at:(t:1, i:4) file:/home/runner/work/ozone/ozone/hadoop-ozone/integration-test/target/test-dir/MiniOzoneClusterImpl-d88fc665-df07-433e-a21c-a919abf7322c/datanode-1/data/ratis/6a1ee93f-3e9e-4f14-a084-334246b51765/sm/snapshot.1_4 took: 1 ms
2023-02-16 16:35:26,657 [3dc841f7-9461-45fb-be3e-f1a36e39d59a@group-334246B51765-StateMachineUpdater] INFO  impl.StateMachineUpdater (StateMachineUpdater.java:takeSnapshot(287)) - 3dc841f7-9461-45fb-be3e-f1a36e39d59a@group-334246B51765-StateMachineUpdater: Took a snapshot at index 4
2023-02-16 16:35:26,657 [3dc841f7-9461-45fb-be3e-f1a36e39d59a@group-334246B51765-StateMachineUpdater] INFO  impl.StateMachineUpdater (StateMachineUpdater.java:lambda$new$0(92)) - 3dc841f7-9461-45fb-be3e-f1a36e39d59a@group-334246B51765-StateMachineUpdater: snapshotIndex: updateIncreasingly -1 -> 4
2023-02-16 16:35:26,657 [3dc841f7-9461-45fb-be3e-f1a36e39d59a@group-846FB80539C3-StateMachineUpdater] INFO  ratis.ContainerStateMachine (ContainerStateMachine.java:takeSnapshot(319)) - group-846FB80539C3: Finished taking a snapshot at:(t:1, i:26) file:/home/runner/work/ozone/ozone/hadoop-ozone/integration-test/target/test-dir/MiniOzoneClusterImpl-d88fc665-df07-433e-a21c-a919abf7322c/datanode-1/data/ratis/bf3f6b71-65a2-4113-a90c-846fb80539c3/sm/snapshot.1_26 took: 1 ms
2023-02-16 16:35:26,657 [3dc841f7-9461-45fb-be3e-f1a36e39d59a@group-846FB80539C3-StateMachineUpdater] INFO  impl.StateMachineUpdater (StateMachineUpdater.java:takeSnapshot(287)) - 3dc841f7-9461-45fb-be3e-f1a36e39d59a@group-846FB80539C3-StateMachineUpdater: Took a snapshot at index 26
2023-02-16 16:35:26,657 [3dc841f7-9461-45fb-be3e-f1a36e39d59a@group-846FB80539C3-StateMachineUpdater] INFO  impl.StateMachineUpdater (StateMachineUpdater.java:lambda$new$0(92)) - 3dc841f7-9461-45fb-be3e-f1a36e39d59a@group-846FB80539C3-StateMachineUpdater: snapshotIndex: updateIncreasingly -1 -> 26
2023-02-16 16:35:26,660 [3dc841f7-9461-45fb-be3e-f1a36e39d59a-impl-thread3] INFO  server.RaftServer$Division (ServerState.java:close(466)) - 3dc841f7-9461-45fb-be3e-f1a36e39d59a@group-334246B51765: closes. applyIndex: 4
2023-02-16 16:35:26,662 [3dc841f7-9461-45fb-be3e-f1a36e39d59a@group-334246B51765-SegmentedRaftLogWorker] INFO  segmented.SegmentedRaftLogWorker (SegmentedRaftLogWorker.java:run(347)) - 3dc841f7-9461-45fb-be3e-f1a36e39d59a@group-334246B51765-SegmentedRaftLogWorker was interrupted, exiting. There are 0 tasks remaining in the queue.
2023-02-16 16:35:26,662 [3dc841f7-9461-45fb-be3e-f1a36e39d59a-impl-thread2] INFO  server.RaftServer$Division (ServerState.java:close(466)) - 3dc841f7-9461-45fb-be3e-f1a36e39d59a@group-846FB80539C3: closes. applyIndex: 26
2023-02-16 16:35:26,662 [JvmPauseMonitor14] INFO  util.JvmPauseMonitor (JvmPauseMonitor.java:run(111)) - JvmPauseMonitor-54ea6ac5-9e66-44bc-9134-574226f2896d: Stopped
2023-02-16 16:35:26,663 [3dc841f7-9461-45fb-be3e-f1a36e39d59a-impl-thread3] INFO  segmented.SegmentedRaftLogWorker (SegmentedRaftLogWorker.java:close(257)) - 3dc841f7-9461-45fb-be3e-f1a36e39d59a@group-334246B51765-SegmentedRaftLogWorker close()
2023-02-16 16:35:26,664 [3dc841f7-9461-45fb-be3e-f1a36e39d59a@group-846FB80539C3-SegmentedRaftLogWorker] INFO  segmented.SegmentedRaftLogWorker (SegmentedRaftLogWorker.java:run(347)) - 3dc841f7-9461-45fb-be3e-f1a36e39d59a@group-846FB80539C3-SegmentedRaftLogWorker was interrupted, exiting. There are 0 tasks remaining in the queue.
2023-02-16 16:35:26,665 [3dc841f7-9461-45fb-be3e-f1a36e39d59a-impl-thread2] INFO  segmented.SegmentedRaftLogWorker (SegmentedRaftLogWorker.java:close(257)) - 3dc841f7-9461-45fb-be3e-f1a36e39d59a@group-846FB80539C3-SegmentedRaftLogWorker close()
2023-02-16 16:35:26,667 [JvmPauseMonitor13] INFO  util.JvmPauseMonitor (JvmPauseMonitor.java:run(111)) - JvmPauseMonitor-3dc841f7-9461-45fb-be3e-f1a36e39d59a: Stopped
2023-02-16 16:35:28,676 [Listener at 127.0.0.1/44851] INFO  volume.HddsVolume (HddsVolume.java:closeDbStore(362)) - SchemaV3 db is stopped at /home/runner/work/ozone/ozone/hadoop-ozone/integration-test/target/test-dir/MiniOzoneClusterImpl-d88fc665-df07-433e-a21c-a919abf7322c/datanode-2/data-0/containers/hdds/d88fc665-df07-433e-a21c-a919abf7322c/DS-b3b04e9a-0f80-41ce-a9bc-18e32e803e7e/container.db for volume DS-b3b04e9a-0f80-41ce-a9bc-18e32e803e7e
2023-02-16 16:35:28,676 [Listener at 127.0.0.1/44851] INFO  utils.BackgroundService (BackgroundService.java:shutdown(141)) - Shutting down service BlockDeletingService
2023-02-16 16:35:28,676 [Listener at 127.0.0.1/44851] INFO  utils.BackgroundService (BackgroundService.java:shutdown(141)) - Shutting down service StaleRecoveringContainerScrubbingService
2023-02-16 16:35:28,680 [ForkJoinPool.commonPool-worker-0] INFO  volume.HddsVolume (HddsVolume.java:closeDbStore(362)) - SchemaV3 db is stopped at /home/runner/work/ozone/ozone/hadoop-ozone/integration-test/target/test-dir/MiniOzoneClusterImpl-d88fc665-df07-433e-a21c-a919abf7322c/datanode-1/data-0/containers/hdds/d88fc665-df07-433e-a21c-a919abf7322c/DS-7e814046-97ef-4d65-8639-031b9331883b/container.db for volume DS-7e814046-97ef-4d65-8639-031b9331883b
2023-02-16 16:35:28,680 [ForkJoinPool.commonPool-worker-0] INFO  utils.BackgroundService (BackgroundService.java:shutdown(141)) - Shutting down service BlockDeletingService
2023-02-16 16:35:28,680 [ForkJoinPool.commonPool-worker-0] INFO  utils.BackgroundService (BackgroundService.java:shutdown(141)) - Shutting down service StaleRecoveringContainerScrubbingService
2023-02-16 16:35:28,681 [Listener at 127.0.0.1/44851] INFO  statemachine.DatanodeStateMachine (DatanodeStateMachine.java:stopDaemon(600)) - Ozone container server stopped.
2023-02-16 16:35:28,683 [ForkJoinPool.commonPool-worker-0] INFO  statemachine.DatanodeStateMachine (DatanodeStateMachine.java:stopDaemon(600)) - Ozone container server stopped.
2023-02-16 16:35:28,692 [ForkJoinPool.commonPool-worker-0] INFO  handler.ContextHandler (ContextHandler.java:doStop(1159)) - Stopped o.e.j.w.WebAppContext@5bc18ec9{hddsDatanode,/,null,STOPPED}{jar:file:/home/runner/.m2/repository/org/apache/ozone/hdds-container-service/1.4.0-SNAPSHOT/hdds-container-service-1.4.0-SNAPSHOT.jar!/webapps/hddsDatanode}
2023-02-16 16:35:28,693 [ForkJoinPool.commonPool-worker-0] INFO  server.AbstractConnector (AbstractConnector.java:doStop(383)) - Stopped ServerConnector@14a3b14f{HTTP/1.1, (http/1.1)}{0.0.0.0:0}
2023-02-16 16:35:28,693 [ForkJoinPool.commonPool-worker-0] INFO  server.session (HouseKeeper.java:stopScavenging(149)) - node0 Stopped scavenging
2023-02-16 16:35:28,694 [ForkJoinPool.commonPool-worker-0] INFO  handler.ContextHandler (ContextHandler.java:doStop(1159)) - Stopped o.e.j.s.ServletContextHandler@f6aa60a{static,/static,jar:file:/home/runner/.m2/repository/org/apache/ozone/hdds-container-service/1.4.0-SNAPSHOT/hdds-container-service-1.4.0-SNAPSHOT.jar!/webapps/static,STOPPED}
2023-02-16 16:35:28,694 [ForkJoinPool.commonPool-worker-0] INFO  handler.ContextHandler (ContextHandler.java:doStop(1159)) - Stopped o.e.j.s.ServletContextHandler@b02e3f6{logs,/logs,file:///home/runner/work/ozone/ozone/hadoop-ozone/integration-test/target/log,STOPPED}
2023-02-16 16:35:28,695 [Listener at 127.0.0.1/44851] INFO  handler.ContextHandler (ContextHandler.java:doStop(1159)) - Stopped o.e.j.w.WebAppContext@453f92db{hddsDatanode,/,null,STOPPED}{jar:file:/home/runner/.m2/repository/org/apache/ozone/hdds-container-service/1.4.0-SNAPSHOT/hdds-container-service-1.4.0-SNAPSHOT.jar!/webapps/hddsDatanode}
2023-02-16 16:35:28,698 [Listener at 127.0.0.1/44851] INFO  server.AbstractConnector (AbstractConnector.java:doStop(383)) - Stopped ServerConnector@68e013e4{HTTP/1.1, (http/1.1)}{0.0.0.0:0}
2023-02-16 16:35:28,698 [ForkJoinPool.commonPool-worker-0] INFO  ozoneimpl.OzoneContainer (OzoneContainer.java:stop(420)) - Attempting to stop container services.
2023-02-16 16:35:28,698 [Listener at 127.0.0.1/44851] INFO  server.session (HouseKeeper.java:stopScavenging(149)) - node0 Stopped scavenging
2023-02-16 16:35:28,698 [Listener at 127.0.0.1/44851] INFO  handler.ContextHandler (ContextHandler.java:doStop(1159)) - Stopped o.e.j.s.ServletContextHandler@3844dc02{static,/static,jar:file:/home/runner/.m2/repository/org/apache/ozone/hdds-container-service/1.4.0-SNAPSHOT/hdds-container-service-1.4.0-SNAPSHOT.jar!/webapps/static,STOPPED}
2023-02-16 16:35:28,700 [Listener at 127.0.0.1/44851] INFO  handler.ContextHandler (ContextHandler.java:doStop(1159)) - Stopped o.e.j.s.ServletContextHandler@60dce51e{logs,/logs,file:///home/runner/work/ozone/ozone/hadoop-ozone/integration-test/target/log,STOPPED}
2023-02-16 16:35:28,702 [Listener at 127.0.0.1/44851] INFO  ozoneimpl.OzoneContainer (OzoneContainer.java:stop(420)) - Attempting to stop container services.
2023-02-16 16:35:28,702 [Listener at 127.0.0.1/44851] INFO  server.RaftServer (RaftServerProxy.java:lambda$close$6(409)) - f7941fd0-d868-43e3-a82b-129e07895457: close
2023-02-16 16:35:28,702 [f7941fd0-d868-43e3-a82b-129e07895457-impl-thread1] INFO  server.RaftServer$Division (RaftServerImpl.java:lambda$close$4(458)) - f7941fd0-d868-43e3-a82b-129e07895457@group-D6BB8E541D6F: shutdown
2023-02-16 16:35:28,702 [f7941fd0-d868-43e3-a82b-129e07895457-impl-thread1] INFO  util.JmxRegister (JmxRegister.java:unregister(73)) - Successfully un-registered JMX Bean with object name Ratis:service=RaftServer,group=group-D6BB8E541D6F,id=f7941fd0-d868-43e3-a82b-129e07895457
2023-02-16 16:35:28,702 [f7941fd0-d868-43e3-a82b-129e07895457-impl-thread1] INFO  impl.RoleInfo (RoleInfo.java:shutdownLeaderState(93)) - f7941fd0-d868-43e3-a82b-129e07895457: shutdown f7941fd0-d868-43e3-a82b-129e07895457@group-D6BB8E541D6F-LeaderStateImpl
2023-02-16 16:35:28,702 [f7941fd0-d868-43e3-a82b-129e07895457-impl-thread1] INFO  impl.PendingRequests (PendingRequests.java:sendNotLeaderResponses(282)) - f7941fd0-d868-43e3-a82b-129e07895457@group-D6BB8E541D6F-PendingRequests: sendNotLeaderResponses
2023-02-16 16:35:28,703 [f7941fd0-d868-43e3-a82b-129e07895457-impl-thread1] INFO  impl.StateMachineUpdater (StateMachineUpdater.java:stopAndJoin(153)) - f7941fd0-d868-43e3-a82b-129e07895457@group-D6BB8E541D6F-StateMachineUpdater: set stopIndex = 0
2023-02-16 16:35:28,703 [Listener at 127.0.0.1/44851] INFO  server.GrpcService (GrpcService.java:closeImpl(271)) - f7941fd0-d868-43e3-a82b-129e07895457: shutdown server GrpcServerProtocolService now
2023-02-16 16:35:28,703 [f7941fd0-d868-43e3-a82b-129e07895457@group-D6BB8E541D6F-StateMachineUpdater] INFO  ratis.ContainerStateMachine (ContainerStateMachine.java:takeSnapshot(308)) - group-D6BB8E541D6F: Taking a snapshot at:(t:1, i:0) file /home/runner/work/ozone/ozone/hadoop-ozone/integration-test/target/test-dir/MiniOzoneClusterImpl-d88fc665-df07-433e-a21c-a919abf7322c/datanode-4/data/ratis/8d1bae44-053a-4e99-ac84-d6bb8e541d6f/sm/snapshot.1_0
2023-02-16 16:35:28,703 [Listener at 127.0.0.1/44851] INFO  server.GrpcService (GrpcService.java:closeImpl(280)) - f7941fd0-d868-43e3-a82b-129e07895457: shutdown server GrpcServerProtocolService successfully
2023-02-16 16:35:28,704 [f7941fd0-d868-43e3-a82b-129e07895457-NettyServerStreamRpc-bossGroup--thread1] INFO  logging.LoggingHandler (AbstractInternalLogger.java:log(148)) - [id: 0x5b5249ed, L:/0:0:0:0:0:0:0:0:34661] CLOSE
2023-02-16 16:35:28,704 [f7941fd0-d868-43e3-a82b-129e07895457-NettyServerStreamRpc-bossGroup--thread1] INFO  logging.LoggingHandler (AbstractInternalLogger.java:log(148)) - [id: 0x5b5249ed, L:/0:0:0:0:0:0:0:0:34661] INACTIVE
2023-02-16 16:35:28,704 [f7941fd0-d868-43e3-a82b-129e07895457-NettyServerStreamRpc-bossGroup--thread1] INFO  logging.LoggingHandler (AbstractInternalLogger.java:log(148)) - [id: 0x5b5249ed, L:/0:0:0:0:0:0:0:0:34661] UNREGISTERED
2023-02-16 16:35:28,705 [f7941fd0-d868-43e3-a82b-129e07895457@group-D6BB8E541D6F-StateMachineUpdater] INFO  ratis.ContainerStateMachine (ContainerStateMachine.java:takeSnapshot(319)) - group-D6BB8E541D6F: Finished taking a snapshot at:(t:1, i:0) file:/home/runner/work/ozone/ozone/hadoop-ozone/integration-test/target/test-dir/MiniOzoneClusterImpl-d88fc665-df07-433e-a21c-a919abf7322c/datanode-4/data/ratis/8d1bae44-053a-4e99-ac84-d6bb8e541d6f/sm/snapshot.1_0 took: 1 ms
2023-02-16 16:35:28,705 [f7941fd0-d868-43e3-a82b-129e07895457@group-D6BB8E541D6F-StateMachineUpdater] INFO  impl.StateMachineUpdater (StateMachineUpdater.java:takeSnapshot(287)) - f7941fd0-d868-43e3-a82b-129e07895457@group-D6BB8E541D6F-StateMachineUpdater: Took a snapshot at index 0
2023-02-16 16:35:28,705 [f7941fd0-d868-43e3-a82b-129e07895457@group-D6BB8E541D6F-StateMachineUpdater] INFO  impl.StateMachineUpdater (StateMachineUpdater.java:lambda$new$0(92)) - f7941fd0-d868-43e3-a82b-129e07895457@group-D6BB8E541D6F-StateMachineUpdater: snapshotIndex: updateIncreasingly -1 -> 0
2023-02-16 16:35:28,705 [f7941fd0-d868-43e3-a82b-129e07895457-impl-thread1] INFO  server.RaftServer$Division (ServerState.java:close(466)) - f7941fd0-d868-43e3-a82b-129e07895457@group-D6BB8E541D6F: closes. applyIndex: 0
2023-02-16 16:35:28,707 [f7941fd0-d868-43e3-a82b-129e07895457@group-D6BB8E541D6F-SegmentedRaftLogWorker] INFO  segmented.SegmentedRaftLogWorker (SegmentedRaftLogWorker.java:run(347)) - f7941fd0-d868-43e3-a82b-129e07895457@group-D6BB8E541D6F-SegmentedRaftLogWorker was interrupted, exiting. There are 0 tasks remaining in the queue.
2023-02-16 16:35:28,707 [ForkJoinPool.commonPool-worker-0] INFO  server.RaftServer (RaftServerProxy.java:lambda$close$6(409)) - c617c0dc-5b73-4bee-8a03-3b3ac823c300: close
2023-02-16 16:35:28,710 [c617c0dc-5b73-4bee-8a03-3b3ac823c300-impl-thread1] INFO  server.RaftServer$Division (RaftServerImpl.java:lambda$close$4(458)) - c617c0dc-5b73-4bee-8a03-3b3ac823c300@group-80221C0F5B2C: shutdown
2023-02-16 16:35:28,710 [c617c0dc-5b73-4bee-8a03-3b3ac823c300-impl-thread1] INFO  util.JmxRegister (JmxRegister.java:unregister(73)) - Successfully un-registered JMX Bean with object name Ratis:service=RaftServer,group=group-80221C0F5B2C,id=c617c0dc-5b73-4bee-8a03-3b3ac823c300
2023-02-16 16:35:28,710 [c617c0dc-5b73-4bee-8a03-3b3ac823c300-impl-thread1] INFO  impl.RoleInfo (RoleInfo.java:shutdownLeaderState(93)) - c617c0dc-5b73-4bee-8a03-3b3ac823c300: shutdown c617c0dc-5b73-4bee-8a03-3b3ac823c300@group-80221C0F5B2C-LeaderStateImpl
2023-02-16 16:35:28,710 [c617c0dc-5b73-4bee-8a03-3b3ac823c300-impl-thread1] INFO  impl.PendingRequests (PendingRequests.java:sendNotLeaderResponses(282)) - c617c0dc-5b73-4bee-8a03-3b3ac823c300@group-80221C0F5B2C-PendingRequests: sendNotLeaderResponses
2023-02-16 16:35:28,710 [c617c0dc-5b73-4bee-8a03-3b3ac823c300-impl-thread1] INFO  impl.StateMachineUpdater (StateMachineUpdater.java:stopAndJoin(153)) - c617c0dc-5b73-4bee-8a03-3b3ac823c300@group-80221C0F5B2C-StateMachineUpdater: set stopIndex = 0
2023-02-16 16:35:28,711 [c617c0dc-5b73-4bee-8a03-3b3ac823c300@group-80221C0F5B2C-StateMachineUpdater] INFO  ratis.ContainerStateMachine (ContainerStateMachine.java:takeSnapshot(308)) - group-80221C0F5B2C: Taking a snapshot at:(t:1, i:0) file /home/runner/work/ozone/ozone/hadoop-ozone/integration-test/target/test-dir/MiniOzoneClusterImpl-d88fc665-df07-433e-a21c-a919abf7322c/datanode-0/data/ratis/2cf19d3b-df22-4dc5-9164-80221c0f5b2c/sm/snapshot.1_0
2023-02-16 16:35:28,711 [c617c0dc-5b73-4bee-8a03-3b3ac823c300@group-80221C0F5B2C-StateMachineUpdater] INFO  ratis.ContainerStateMachine (ContainerStateMachine.java:takeSnapshot(319)) - group-80221C0F5B2C: Finished taking a snapshot at:(t:1, i:0) file:/home/runner/work/ozone/ozone/hadoop-ozone/integration-test/target/test-dir/MiniOzoneClusterImpl-d88fc665-df07-433e-a21c-a919abf7322c/datanode-0/data/ratis/2cf19d3b-df22-4dc5-9164-80221c0f5b2c/sm/snapshot.1_0 took: 1 ms
2023-02-16 16:35:28,712 [c617c0dc-5b73-4bee-8a03-3b3ac823c300@group-80221C0F5B2C-StateMachineUpdater] INFO  impl.StateMachineUpdater (StateMachineUpdater.java:takeSnapshot(287)) - c617c0dc-5b73-4bee-8a03-3b3ac823c300@group-80221C0F5B2C-StateMachineUpdater: Took a snapshot at index 0
2023-02-16 16:35:28,712 [c617c0dc-5b73-4bee-8a03-3b3ac823c300@group-80221C0F5B2C-StateMachineUpdater] INFO  impl.StateMachineUpdater (StateMachineUpdater.java:lambda$new$0(92)) - c617c0dc-5b73-4bee-8a03-3b3ac823c300@group-80221C0F5B2C-StateMachineUpdater: snapshotIndex: updateIncreasingly -1 -> 0
2023-02-16 16:35:28,712 [c617c0dc-5b73-4bee-8a03-3b3ac823c300-impl-thread1] INFO  server.RaftServer$Division (ServerState.java:close(466)) - c617c0dc-5b73-4bee-8a03-3b3ac823c300@group-80221C0F5B2C: closes. applyIndex: 0
2023-02-16 16:35:28,712 [c617c0dc-5b73-4bee-8a03-3b3ac823c300-impl-thread2] INFO  server.RaftServer$Division (RaftServerImpl.java:lambda$close$4(458)) - c617c0dc-5b73-4bee-8a03-3b3ac823c300@group-846FB80539C3: shutdown
2023-02-16 16:35:28,712 [c617c0dc-5b73-4bee-8a03-3b3ac823c300-impl-thread2] INFO  util.JmxRegister (JmxRegister.java:unregister(73)) - Successfully un-registered JMX Bean with object name Ratis:service=RaftServer,group=group-846FB80539C3,id=c617c0dc-5b73-4bee-8a03-3b3ac823c300
2023-02-16 16:35:28,713 [c617c0dc-5b73-4bee-8a03-3b3ac823c300-impl-thread2] INFO  impl.RoleInfo (RoleInfo.java:shutdownFollowerState(110)) - c617c0dc-5b73-4bee-8a03-3b3ac823c300: shutdown c617c0dc-5b73-4bee-8a03-3b3ac823c300@group-846FB80539C3-FollowerState
2023-02-16 16:35:28,713 [ForkJoinPool.commonPool-worker-0] INFO  server.GrpcService (GrpcService.java:closeImpl(271)) - c617c0dc-5b73-4bee-8a03-3b3ac823c300: shutdown server GrpcServerProtocolService now
2023-02-16 16:35:28,720 [f7941fd0-d868-43e3-a82b-129e07895457-impl-thread1] INFO  segmented.SegmentedRaftLogWorker (SegmentedRaftLogWorker.java:close(257)) - f7941fd0-d868-43e3-a82b-129e07895457@group-D6BB8E541D6F-SegmentedRaftLogWorker close()
2023-02-16 16:35:28,720 [c617c0dc-5b73-4bee-8a03-3b3ac823c300-impl-thread2] INFO  impl.StateMachineUpdater (StateMachineUpdater.java:stopAndJoin(153)) - c617c0dc-5b73-4bee-8a03-3b3ac823c300@group-846FB80539C3-StateMachineUpdater: set stopIndex = 26
2023-02-16 16:35:28,720 [c617c0dc-5b73-4bee-8a03-3b3ac823c300-impl-thread3] INFO  server.RaftServer$Division (RaftServerImpl.java:lambda$close$4(458)) - c617c0dc-5b73-4bee-8a03-3b3ac823c300@group-334246B51765: shutdown
2023-02-16 16:35:28,720 [c617c0dc-5b73-4bee-8a03-3b3ac823c300@group-846FB80539C3-FollowerState] INFO  impl.FollowerState (FollowerState.java:run(152)) - c617c0dc-5b73-4bee-8a03-3b3ac823c300@group-846FB80539C3-FollowerState was interrupted
2023-02-16 16:35:28,720 [c617c0dc-5b73-4bee-8a03-3b3ac823c300-impl-thread3] INFO  util.JmxRegister (JmxRegister.java:unregister(73)) - Successfully un-registered JMX Bean with object name Ratis:service=RaftServer,group=group-334246B51765,id=c617c0dc-5b73-4bee-8a03-3b3ac823c300
2023-02-16 16:35:28,721 [ForkJoinPool.commonPool-worker-0] INFO  server.GrpcServerProtocolClient (GrpcServerProtocolClient.java:close(101)) - 54ea6ac5-9e66-44bc-9134-574226f2896d Close channels
2023-02-16 16:35:28,723 [ForkJoinPool.commonPool-worker-0] INFO  server.GrpcServerProtocolClient (GrpcServerProtocolClient.java:close(101)) - 3dc841f7-9461-45fb-be3e-f1a36e39d59a Close channels
2023-02-16 16:35:28,721 [c617c0dc-5b73-4bee-8a03-3b3ac823c300@group-846FB80539C3-StateMachineUpdater] INFO  ratis.ContainerStateMachine (ContainerStateMachine.java:takeSnapshot(308)) - group-846FB80539C3: Taking a snapshot at:(t:1, i:26) file /home/runner/work/ozone/ozone/hadoop-ozone/integration-test/target/test-dir/MiniOzoneClusterImpl-d88fc665-df07-433e-a21c-a919abf7322c/datanode-0/data/ratis/bf3f6b71-65a2-4113-a90c-846fb80539c3/sm/snapshot.1_26
2023-02-16 16:35:28,721 [c617c0dc-5b73-4bee-8a03-3b3ac823c300@group-80221C0F5B2C-SegmentedRaftLogWorker] INFO  segmented.SegmentedRaftLogWorker (SegmentedRaftLogWorker.java:run(347)) - c617c0dc-5b73-4bee-8a03-3b3ac823c300@group-80221C0F5B2C-SegmentedRaftLogWorker was interrupted, exiting. There are 0 tasks remaining in the queue.
2023-02-16 16:35:28,727 [c617c0dc-5b73-4bee-8a03-3b3ac823c300-impl-thread3] INFO  impl.RoleInfo (RoleInfo.java:shutdownFollowerState(110)) - c617c0dc-5b73-4bee-8a03-3b3ac823c300: shutdown c617c0dc-5b73-4bee-8a03-3b3ac823c300@group-334246B51765-FollowerState
2023-02-16 16:35:28,727 [ForkJoinPool.commonPool-worker-0] INFO  server.GrpcService (GrpcService.java:closeImpl(280)) - c617c0dc-5b73-4bee-8a03-3b3ac823c300: shutdown server GrpcServerProtocolService successfully
2023-02-16 16:35:28,731 [c617c0dc-5b73-4bee-8a03-3b3ac823c300-impl-thread1] INFO  segmented.SegmentedRaftLogWorker (SegmentedRaftLogWorker.java:close(257)) - c617c0dc-5b73-4bee-8a03-3b3ac823c300@group-80221C0F5B2C-SegmentedRaftLogWorker close()
2023-02-16 16:35:28,733 [c617c0dc-5b73-4bee-8a03-3b3ac823c300@group-846FB80539C3-StateMachineUpdater] INFO  ratis.ContainerStateMachine (ContainerStateMachine.java:takeSnapshot(319)) - group-846FB80539C3: Finished taking a snapshot at:(t:1, i:26) file:/home/runner/work/ozone/ozone/hadoop-ozone/integration-test/target/test-dir/MiniOzoneClusterImpl-d88fc665-df07-433e-a21c-a919abf7322c/datanode-0/data/ratis/bf3f6b71-65a2-4113-a90c-846fb80539c3/sm/snapshot.1_26 took: 12 ms
2023-02-16 16:35:28,733 [c617c0dc-5b73-4bee-8a03-3b3ac823c300@group-846FB80539C3-StateMachineUpdater] INFO  impl.StateMachineUpdater (StateMachineUpdater.java:takeSnapshot(287)) - c617c0dc-5b73-4bee-8a03-3b3ac823c300@group-846FB80539C3-StateMachineUpdater: Took a snapshot at index 26
2023-02-16 16:35:28,733 [c617c0dc-5b73-4bee-8a03-3b3ac823c300@group-846FB80539C3-StateMachineUpdater] INFO  impl.StateMachineUpdater (StateMachineUpdater.java:lambda$new$0(92)) - c617c0dc-5b73-4bee-8a03-3b3ac823c300@group-846FB80539C3-StateMachineUpdater: snapshotIndex: updateIncreasingly -1 -> 26
2023-02-16 16:35:28,733 [c617c0dc-5b73-4bee-8a03-3b3ac823c300-NettyServerStreamRpc-bossGroup--thread1] INFO  logging.LoggingHandler (AbstractInternalLogger.java:log(148)) - [id: 0x68fe8a29, L:/0:0:0:0:0:0:0:0:45253] CLOSE
2023-02-16 16:35:28,733 [c617c0dc-5b73-4bee-8a03-3b3ac823c300-NettyServerStreamRpc-bossGroup--thread1] INFO  logging.LoggingHandler (AbstractInternalLogger.java:log(148)) - [id: 0x68fe8a29, L:/0:0:0:0:0:0:0:0:45253] INACTIVE
2023-02-16 16:35:28,734 [c617c0dc-5b73-4bee-8a03-3b3ac823c300-NettyServerStreamRpc-bossGroup--thread1] INFO  logging.LoggingHandler (AbstractInternalLogger.java:log(148)) - [id: 0x68fe8a29, L:/0:0:0:0:0:0:0:0:45253] UNREGISTERED
2023-02-16 16:35:28,734 [c617c0dc-5b73-4bee-8a03-3b3ac823c300-impl-thread2] INFO  server.RaftServer$Division (ServerState.java:close(466)) - c617c0dc-5b73-4bee-8a03-3b3ac823c300@group-846FB80539C3: closes. applyIndex: 26
2023-02-16 16:35:28,739 [c617c0dc-5b73-4bee-8a03-3b3ac823c300@group-846FB80539C3-SegmentedRaftLogWorker] INFO  segmented.SegmentedRaftLogWorker (SegmentedRaftLogWorker.java:run(347)) - c617c0dc-5b73-4bee-8a03-3b3ac823c300@group-846FB80539C3-SegmentedRaftLogWorker was interrupted, exiting. There are 0 tasks remaining in the queue.
2023-02-16 16:35:28,740 [c617c0dc-5b73-4bee-8a03-3b3ac823c300-impl-thread2] INFO  segmented.SegmentedRaftLogWorker (SegmentedRaftLogWorker.java:close(257)) - c617c0dc-5b73-4bee-8a03-3b3ac823c300@group-846FB80539C3-SegmentedRaftLogWorker close()
2023-02-16 16:35:28,740 [JvmPauseMonitor16] INFO  util.JvmPauseMonitor (JvmPauseMonitor.java:run(111)) - JvmPauseMonitor-f7941fd0-d868-43e3-a82b-129e07895457: Stopped
2023-02-16 16:35:28,741 [c617c0dc-5b73-4bee-8a03-3b3ac823c300-impl-thread3] INFO  impl.StateMachineUpdater (StateMachineUpdater.java:stopAndJoin(153)) - c617c0dc-5b73-4bee-8a03-3b3ac823c300@group-334246B51765-StateMachineUpdater: set stopIndex = 4
2023-02-16 16:35:28,741 [c617c0dc-5b73-4bee-8a03-3b3ac823c300@group-334246B51765-FollowerState] INFO  impl.FollowerState (FollowerState.java:run(152)) - c617c0dc-5b73-4bee-8a03-3b3ac823c300@group-334246B51765-FollowerState was interrupted
2023-02-16 16:35:28,741 [c617c0dc-5b73-4bee-8a03-3b3ac823c300@group-334246B51765-StateMachineUpdater] INFO  ratis.ContainerStateMachine (ContainerStateMachine.java:takeSnapshot(308)) - group-334246B51765: Taking a snapshot at:(t:1, i:4) file /home/runner/work/ozone/ozone/hadoop-ozone/integration-test/target/test-dir/MiniOzoneClusterImpl-d88fc665-df07-433e-a21c-a919abf7322c/datanode-0/data/ratis/6a1ee93f-3e9e-4f14-a084-334246b51765/sm/snapshot.1_4
2023-02-16 16:35:28,742 [c617c0dc-5b73-4bee-8a03-3b3ac823c300@group-334246B51765-StateMachineUpdater] INFO  ratis.ContainerStateMachine (ContainerStateMachine.java:takeSnapshot(319)) - group-334246B51765: Finished taking a snapshot at:(t:1, i:4) file:/home/runner/work/ozone/ozone/hadoop-ozone/integration-test/target/test-dir/MiniOzoneClusterImpl-d88fc665-df07-433e-a21c-a919abf7322c/datanode-0/data/ratis/6a1ee93f-3e9e-4f14-a084-334246b51765/sm/snapshot.1_4 took: 1 ms
2023-02-16 16:35:28,743 [c617c0dc-5b73-4bee-8a03-3b3ac823c300@group-334246B51765-StateMachineUpdater] INFO  impl.StateMachineUpdater (StateMachineUpdater.java:takeSnapshot(287)) - c617c0dc-5b73-4bee-8a03-3b3ac823c300@group-334246B51765-StateMachineUpdater: Took a snapshot at index 4
2023-02-16 16:35:28,743 [c617c0dc-5b73-4bee-8a03-3b3ac823c300@group-334246B51765-StateMachineUpdater] INFO  impl.StateMachineUpdater (StateMachineUpdater.java:lambda$new$0(92)) - c617c0dc-5b73-4bee-8a03-3b3ac823c300@group-334246B51765-StateMachineUpdater: snapshotIndex: updateIncreasingly -1 -> 4
2023-02-16 16:35:28,743 [c617c0dc-5b73-4bee-8a03-3b3ac823c300-impl-thread3] INFO  server.RaftServer$Division (ServerState.java:close(466)) - c617c0dc-5b73-4bee-8a03-3b3ac823c300@group-334246B51765: closes. applyIndex: 4
2023-02-16 16:35:28,743 [c617c0dc-5b73-4bee-8a03-3b3ac823c300@group-334246B51765-SegmentedRaftLogWorker] INFO  segmented.SegmentedRaftLogWorker (SegmentedRaftLogWorker.java:run(347)) - c617c0dc-5b73-4bee-8a03-3b3ac823c300@group-334246B51765-SegmentedRaftLogWorker was interrupted, exiting. There are 0 tasks remaining in the queue.
2023-02-16 16:35:28,743 [c617c0dc-5b73-4bee-8a03-3b3ac823c300-impl-thread3] INFO  segmented.SegmentedRaftLogWorker (SegmentedRaftLogWorker.java:close(257)) - c617c0dc-5b73-4bee-8a03-3b3ac823c300@group-334246B51765-SegmentedRaftLogWorker close()
2023-02-16 16:35:28,744 [JvmPauseMonitor12] INFO  util.JvmPauseMonitor (JvmPauseMonitor.java:run(111)) - JvmPauseMonitor-c617c0dc-5b73-4bee-8a03-3b3ac823c300: Stopped
2023-02-16 16:35:30,744 [Listener at 127.0.0.1/44851] INFO  volume.HddsVolume (HddsVolume.java:closeDbStore(362)) - SchemaV3 db is stopped at /home/runner/work/ozone/ozone/hadoop-ozone/integration-test/target/test-dir/MiniOzoneClusterImpl-d88fc665-df07-433e-a21c-a919abf7322c/datanode-4/data-0/containers/hdds/d88fc665-df07-433e-a21c-a919abf7322c/DS-9e2b53e5-71ad-43e2-820d-c045f206d26c/container.db for volume DS-9e2b53e5-71ad-43e2-820d-c045f206d26c
2023-02-16 16:35:30,745 [Listener at 127.0.0.1/44851] INFO  utils.BackgroundService (BackgroundService.java:shutdown(141)) - Shutting down service BlockDeletingService
2023-02-16 16:35:30,745 [Listener at 127.0.0.1/44851] INFO  utils.BackgroundService (BackgroundService.java:shutdown(141)) - Shutting down service StaleRecoveringContainerScrubbingService
2023-02-16 16:35:30,747 [Listener at 127.0.0.1/44851] INFO  statemachine.DatanodeStateMachine (DatanodeStateMachine.java:stopDaemon(600)) - Ozone container server stopped.
2023-02-16 16:35:30,752 [ForkJoinPool.commonPool-worker-0] INFO  volume.HddsVolume (HddsVolume.java:closeDbStore(362)) - SchemaV3 db is stopped at /home/runner/work/ozone/ozone/hadoop-ozone/integration-test/target/test-dir/MiniOzoneClusterImpl-d88fc665-df07-433e-a21c-a919abf7322c/datanode-0/data-0/containers/hdds/d88fc665-df07-433e-a21c-a919abf7322c/DS-acf97901-bf8d-4db7-9b3d-243042666cf9/container.db for volume DS-acf97901-bf8d-4db7-9b3d-243042666cf9
2023-02-16 16:35:30,753 [ForkJoinPool.commonPool-worker-0] INFO  utils.BackgroundService (BackgroundService.java:shutdown(141)) - Shutting down service BlockDeletingService
2023-02-16 16:35:30,753 [ForkJoinPool.commonPool-worker-0] INFO  utils.BackgroundService (BackgroundService.java:shutdown(141)) - Shutting down service StaleRecoveringContainerScrubbingService
2023-02-16 16:35:30,755 [ForkJoinPool.commonPool-worker-0] INFO  statemachine.DatanodeStateMachine (DatanodeStateMachine.java:stopDaemon(600)) - Ozone container server stopped.
2023-02-16 16:35:30,763 [Listener at 127.0.0.1/44851] INFO  handler.ContextHandler (ContextHandler.java:doStop(1159)) - Stopped o.e.j.w.WebAppContext@39d7ee14{hddsDatanode,/,null,STOPPED}{jar:file:/home/runner/.m2/repository/org/apache/ozone/hdds-container-service/1.4.0-SNAPSHOT/hdds-container-service-1.4.0-SNAPSHOT.jar!/webapps/hddsDatanode}
2023-02-16 16:35:30,766 [ForkJoinPool.commonPool-worker-0] INFO  handler.ContextHandler (ContextHandler.java:doStop(1159)) - Stopped o.e.j.w.WebAppContext@31bb398e{hddsDatanode,/,null,STOPPED}{jar:file:/home/runner/.m2/repository/org/apache/ozone/hdds-container-service/1.4.0-SNAPSHOT/hdds-container-service-1.4.0-SNAPSHOT.jar!/webapps/hddsDatanode}
2023-02-16 16:35:30,766 [Listener at 127.0.0.1/44851] INFO  server.AbstractConnector (AbstractConnector.java:doStop(383)) - Stopped ServerConnector@3f6c752b{HTTP/1.1, (http/1.1)}{0.0.0.0:0}
2023-02-16 16:35:30,766 [Listener at 127.0.0.1/44851] INFO  server.session (HouseKeeper.java:stopScavenging(149)) - node0 Stopped scavenging
2023-02-16 16:35:30,766 [ForkJoinPool.commonPool-worker-0] INFO  server.AbstractConnector (AbstractConnector.java:doStop(383)) - Stopped ServerConnector@491f352f{HTTP/1.1, (http/1.1)}{0.0.0.0:0}
2023-02-16 16:35:30,766 [Listener at 127.0.0.1/44851] INFO  handler.ContextHandler (ContextHandler.java:doStop(1159)) - Stopped o.e.j.s.ServletContextHandler@2d95b8ad{static,/static,jar:file:/home/runner/.m2/repository/org/apache/ozone/hdds-container-service/1.4.0-SNAPSHOT/hdds-container-service-1.4.0-SNAPSHOT.jar!/webapps/static,STOPPED}
2023-02-16 16:35:30,766 [ForkJoinPool.commonPool-worker-0] INFO  server.session (HouseKeeper.java:stopScavenging(149)) - node0 Stopped scavenging
2023-02-16 16:35:30,767 [Listener at 127.0.0.1/44851] INFO  handler.ContextHandler (ContextHandler.java:doStop(1159)) - Stopped o.e.j.s.ServletContextHandler@4a793129{logs,/logs,file:///home/runner/work/ozone/ozone/hadoop-ozone/integration-test/target/log,STOPPED}
2023-02-16 16:35:30,771 [ForkJoinPool.commonPool-worker-0] INFO  handler.ContextHandler (ContextHandler.java:doStop(1159)) - Stopped o.e.j.s.ServletContextHandler@63d9db68{static,/static,jar:file:/home/runner/.m2/repository/org/apache/ozone/hdds-container-service/1.4.0-SNAPSHOT/hdds-container-service-1.4.0-SNAPSHOT.jar!/webapps/static,STOPPED}
2023-02-16 16:35:30,772 [ForkJoinPool.commonPool-worker-0] INFO  handler.ContextHandler (ContextHandler.java:doStop(1159)) - Stopped o.e.j.s.ServletContextHandler@781ec505{logs,/logs,file:///home/runner/work/ozone/ozone/hadoop-ozone/integration-test/target/log,STOPPED}
2023-02-16 16:35:30,774 [Listener at 127.0.0.1/44851] INFO  ozoneimpl.OzoneContainer (OzoneContainer.java:stop(420)) - Attempting to stop container services.
2023-02-16 16:35:30,775 [Listener at 127.0.0.1/44851] INFO  server.RaftServer (RaftServerProxy.java:lambda$close$6(409)) - 388d0101-376a-4ddf-936e-ac8688256993: close
2023-02-16 16:35:30,775 [Listener at 127.0.0.1/44851] INFO  server.GrpcService (GrpcService.java:closeImpl(271)) - 388d0101-376a-4ddf-936e-ac8688256993: shutdown server GrpcServerProtocolService now
2023-02-16 16:35:30,775 [388d0101-376a-4ddf-936e-ac8688256993-impl-thread1] INFO  server.RaftServer$Division (RaftServerImpl.java:lambda$close$4(458)) - 388d0101-376a-4ddf-936e-ac8688256993@group-E77D9DF572D6: shutdown
2023-02-16 16:35:30,776 [388d0101-376a-4ddf-936e-ac8688256993-impl-thread1] INFO  util.JmxRegister (JmxRegister.java:unregister(73)) - Successfully un-registered JMX Bean with object name Ratis:service=RaftServer,group=group-E77D9DF572D6,id=388d0101-376a-4ddf-936e-ac8688256993
2023-02-16 16:35:30,776 [388d0101-376a-4ddf-936e-ac8688256993-impl-thread1] INFO  impl.RoleInfo (RoleInfo.java:shutdownLeaderState(93)) - 388d0101-376a-4ddf-936e-ac8688256993: shutdown 388d0101-376a-4ddf-936e-ac8688256993@group-E77D9DF572D6-LeaderStateImpl
2023-02-16 16:35:30,776 [Listener at 127.0.0.1/44851] INFO  server.GrpcService (GrpcService.java:closeImpl(280)) - 388d0101-376a-4ddf-936e-ac8688256993: shutdown server GrpcServerProtocolService successfully
2023-02-16 16:35:30,776 [388d0101-376a-4ddf-936e-ac8688256993-impl-thread1] INFO  impl.PendingRequests (PendingRequests.java:sendNotLeaderResponses(282)) - 388d0101-376a-4ddf-936e-ac8688256993@group-E77D9DF572D6-PendingRequests: sendNotLeaderResponses
2023-02-16 16:35:30,776 [388d0101-376a-4ddf-936e-ac8688256993-impl-thread1] INFO  impl.StateMachineUpdater (StateMachineUpdater.java:stopAndJoin(153)) - 388d0101-376a-4ddf-936e-ac8688256993@group-E77D9DF572D6-StateMachineUpdater: set stopIndex = 0
2023-02-16 16:35:30,776 [388d0101-376a-4ddf-936e-ac8688256993-NettyServerStreamRpc-bossGroup--thread1] INFO  logging.LoggingHandler (AbstractInternalLogger.java:log(148)) - [id: 0x5ee028f3, L:/0:0:0:0:0:0:0:0:40527] CLOSE
2023-02-16 16:35:30,777 [388d0101-376a-4ddf-936e-ac8688256993@group-E77D9DF572D6-StateMachineUpdater] INFO  ratis.ContainerStateMachine (ContainerStateMachine.java:takeSnapshot(308)) - group-E77D9DF572D6: Taking a snapshot at:(t:1, i:0) file /home/runner/work/ozone/ozone/hadoop-ozone/integration-test/target/test-dir/MiniOzoneClusterImpl-d88fc665-df07-433e-a21c-a919abf7322c/datanode-3/data/ratis/df3ee5c9-ab92-40b7-a44a-e77d9df572d6/sm/snapshot.1_0
2023-02-16 16:35:30,777 [388d0101-376a-4ddf-936e-ac8688256993-NettyServerStreamRpc-bossGroup--thread1] INFO  logging.LoggingHandler (AbstractInternalLogger.java:log(148)) - [id: 0x5ee028f3, L:/0:0:0:0:0:0:0:0:40527] INACTIVE
2023-02-16 16:35:30,777 [388d0101-376a-4ddf-936e-ac8688256993-NettyServerStreamRpc-bossGroup--thread1] INFO  logging.LoggingHandler (AbstractInternalLogger.java:log(148)) - [id: 0x5ee028f3, L:/0:0:0:0:0:0:0:0:40527] UNREGISTERED
2023-02-16 16:35:30,778 [388d0101-376a-4ddf-936e-ac8688256993@group-E77D9DF572D6-StateMachineUpdater] INFO  ratis.ContainerStateMachine (ContainerStateMachine.java:takeSnapshot(319)) - group-E77D9DF572D6: Finished taking a snapshot at:(t:1, i:0) file:/home/runner/work/ozone/ozone/hadoop-ozone/integration-test/target/test-dir/MiniOzoneClusterImpl-d88fc665-df07-433e-a21c-a919abf7322c/datanode-3/data/ratis/df3ee5c9-ab92-40b7-a44a-e77d9df572d6/sm/snapshot.1_0 took: 2 ms
2023-02-16 16:35:30,778 [388d0101-376a-4ddf-936e-ac8688256993@group-E77D9DF572D6-StateMachineUpdater] INFO  impl.StateMachineUpdater (StateMachineUpdater.java:takeSnapshot(287)) - 388d0101-376a-4ddf-936e-ac8688256993@group-E77D9DF572D6-StateMachineUpdater: Took a snapshot at index 0
2023-02-16 16:35:30,778 [388d0101-376a-4ddf-936e-ac8688256993@group-E77D9DF572D6-StateMachineUpdater] INFO  impl.StateMachineUpdater (StateMachineUpdater.java:lambda$new$0(92)) - 388d0101-376a-4ddf-936e-ac8688256993@group-E77D9DF572D6-StateMachineUpdater: snapshotIndex: updateIncreasingly -1 -> 0
2023-02-16 16:35:30,778 [388d0101-376a-4ddf-936e-ac8688256993-impl-thread1] INFO  server.RaftServer$Division (ServerState.java:close(466)) - 388d0101-376a-4ddf-936e-ac8688256993@group-E77D9DF572D6: closes. applyIndex: 0
2023-02-16 16:35:30,779 [388d0101-376a-4ddf-936e-ac8688256993@group-E77D9DF572D6-SegmentedRaftLogWorker] INFO  segmented.SegmentedRaftLogWorker (SegmentedRaftLogWorker.java:run(347)) - 388d0101-376a-4ddf-936e-ac8688256993@group-E77D9DF572D6-SegmentedRaftLogWorker was interrupted, exiting. There are 0 tasks remaining in the queue.
2023-02-16 16:35:30,784 [388d0101-376a-4ddf-936e-ac8688256993-impl-thread1] INFO  segmented.SegmentedRaftLogWorker (SegmentedRaftLogWorker.java:close(257)) - 388d0101-376a-4ddf-936e-ac8688256993@group-E77D9DF572D6-SegmentedRaftLogWorker close()
2023-02-16 16:35:30,799 [JvmPauseMonitor15] INFO  util.JvmPauseMonitor (JvmPauseMonitor.java:run(111)) - JvmPauseMonitor-388d0101-376a-4ddf-936e-ac8688256993: Stopped
2023-02-16 16:35:32,802 [Listener at 127.0.0.1/44851] INFO  volume.HddsVolume (HddsVolume.java:closeDbStore(362)) - SchemaV3 db is stopped at /home/runner/work/ozone/ozone/hadoop-ozone/integration-test/target/test-dir/MiniOzoneClusterImpl-d88fc665-df07-433e-a21c-a919abf7322c/datanode-3/data-0/containers/hdds/d88fc665-df07-433e-a21c-a919abf7322c/DS-b0d1c634-f402-4a60-986e-81749a18f9a3/container.db for volume DS-b0d1c634-f402-4a60-986e-81749a18f9a3
2023-02-16 16:35:32,803 [Listener at 127.0.0.1/44851] INFO  utils.BackgroundService (BackgroundService.java:shutdown(141)) - Shutting down service BlockDeletingService
2023-02-16 16:35:32,803 [Listener at 127.0.0.1/44851] INFO  utils.BackgroundService (BackgroundService.java:shutdown(141)) - Shutting down service StaleRecoveringContainerScrubbingService
2023-02-16 16:35:32,804 [Listener at 127.0.0.1/44851] INFO  statemachine.DatanodeStateMachine (DatanodeStateMachine.java:stopDaemon(600)) - Ozone container server stopped.
2023-02-16 16:35:32,813 [Listener at 127.0.0.1/44851] INFO  handler.ContextHandler (ContextHandler.java:doStop(1159)) - Stopped o.e.j.w.WebAppContext@6a827812{hddsDatanode,/,null,STOPPED}{jar:file:/home/runner/.m2/repository/org/apache/ozone/hdds-container-service/1.4.0-SNAPSHOT/hdds-container-service-1.4.0-SNAPSHOT.jar!/webapps/hddsDatanode}
2023-02-16 16:35:32,814 [Listener at 127.0.0.1/44851] INFO  server.AbstractConnector (AbstractConnector.java:doStop(383)) - Stopped ServerConnector@3abbfac7{HTTP/1.1, (http/1.1)}{0.0.0.0:0}
2023-02-16 16:35:32,814 [Listener at 127.0.0.1/44851] INFO  server.session (HouseKeeper.java:stopScavenging(149)) - node0 Stopped scavenging
2023-02-16 16:35:32,814 [Listener at 127.0.0.1/44851] INFO  handler.ContextHandler (ContextHandler.java:doStop(1159)) - Stopped o.e.j.s.ServletContextHandler@4a0f1a42{static,/static,jar:file:/home/runner/.m2/repository/org/apache/ozone/hdds-container-service/1.4.0-SNAPSHOT/hdds-container-service-1.4.0-SNAPSHOT.jar!/webapps/static,STOPPED}
2023-02-16 16:35:32,814 [Listener at 127.0.0.1/44851] INFO  handler.ContextHandler (ContextHandler.java:doStop(1159)) - Stopped o.e.j.s.ServletContextHandler@e6d9ad4{logs,/logs,file:///home/runner/work/ozone/ozone/hadoop-ozone/integration-test/target/log,STOPPED}
2023-02-16 16:35:32,815 [Listener at 127.0.0.1/44851] INFO  ozone.MiniOzoneClusterImpl (MiniOzoneClusterImpl.java:stopSCM(539)) - Stopping the StorageContainerManager
2023-02-16 16:35:32,816 [Listener at 127.0.0.1/44851] INFO  server.StorageContainerManager (StorageContainerManager.java:stop(1530)) - Container Balancer is not running.
2023-02-16 16:35:32,816 [Listener at 127.0.0.1/44851] INFO  server.StorageContainerManager (StorageContainerManager.java:stop(1537)) - Stopping Replication Manager Service.
2023-02-16 16:35:32,816 [Listener at 127.0.0.1/44851] INFO  replication.ReplicationManager (ReplicationManager.java:stop(298)) - Stopping Replication Monitor Thread.
2023-02-16 16:35:32,816 [Under Replicated Processor] WARN  replication.UnhealthyReplicationProcessor (UnhealthyReplicationProcessor.java:run(142)) - Under Replicated Processor interrupted. Exiting...
2023-02-16 16:35:32,816 [Over Replicated Processor] WARN  replication.UnhealthyReplicationProcessor (UnhealthyReplicationProcessor.java:run(142)) - Over Replicated Processor interrupted. Exiting...
2023-02-16 16:35:32,816 [Listener at 127.0.0.1/44851] INFO  server.StorageContainerManager (StorageContainerManager.java:stop(1544)) - Stopping the Datanode Admin Monitor.
2023-02-16 16:35:32,816 [ReplicationMonitor] INFO  replication.ReplicationManager (ReplicationManager.java:run(741)) - Replication Monitor Thread is stopped
2023-02-16 16:35:32,816 [Listener at 127.0.0.1/44851] INFO  server.StorageContainerManager (StorageContainerManager.java:stop(1551)) - Stopping datanode service RPC server
2023-02-16 16:35:32,816 [Listener at 127.0.0.1/44851] INFO  server.SCMDatanodeProtocolServer (SCMDatanodeProtocolServer.java:stop(424)) - Stopping the RPC server for DataNodes
2023-02-16 16:35:32,816 [Listener at 127.0.0.1/44851] INFO  ipc.Server (Server.java:stop(3428)) - Stopping server on 39931
2023-02-16 16:35:32,817 [IPC Server listener on 0] INFO  ipc.Server (Server.java:run(1384)) - Stopping IPC Server listener on 0
2023-02-16 16:35:32,822 [IPC Server Responder] INFO  ipc.Server (Server.java:run(1517)) - Stopping IPC Server Responder
2023-02-16 16:35:32,864 [SCM Heartbeat Processing Thread - 0] WARN  node.NodeStateManager (NodeStateManager.java:scheduleNextHealthCheck(870)) - Current Thread is interrupted, shutting down HB processing thread for Node Manager.
2023-02-16 16:35:32,864 [Listener at 127.0.0.1/44851] INFO  server.StorageContainerManager (StorageContainerManager.java:stop(1559)) - Stopping block service RPC server
2023-02-16 16:35:32,865 [Listener at 127.0.0.1/44851] INFO  server.SCMBlockProtocolServer (SCMBlockProtocolServer.java:stop(161)) - Stopping the RPC server for Block Protocol
2023-02-16 16:35:32,865 [Listener at 127.0.0.1/44851] INFO  ipc.Server (Server.java:stop(3428)) - Stopping server on 46717
2023-02-16 16:35:32,866 [IPC Server Responder] INFO  ipc.Server (Server.java:run(1517)) - Stopping IPC Server Responder
2023-02-16 16:35:32,866 [Listener at 127.0.0.1/44851] INFO  server.StorageContainerManager (StorageContainerManager.java:stop(1566)) - Stopping the StorageContainerLocationProtocol RPC server
2023-02-16 16:35:32,866 [Listener at 127.0.0.1/44851] INFO  server.SCMClientProtocolServer (SCMClientProtocolServer.java:stop(178)) - Stopping the RPC server for Client Protocol
2023-02-16 16:35:32,867 [Listener at 127.0.0.1/44851] INFO  ipc.Server (Server.java:stop(3428)) - Stopping server on 43991
2023-02-16 16:35:32,866 [IPC Server listener on 0] INFO  ipc.Server (Server.java:run(1384)) - Stopping IPC Server listener on 0
2023-02-16 16:35:32,869 [IPC Server Responder] INFO  ipc.Server (Server.java:run(1517)) - Stopping IPC Server Responder
2023-02-16 16:35:32,869 [Listener at 127.0.0.1/44851] INFO  server.StorageContainerManager (StorageContainerManager.java:stop(1573)) - Stopping Storage Container Manager HTTP server.
2023-02-16 16:35:32,870 [IPC Server listener on 0] INFO  ipc.Server (Server.java:run(1384)) - Stopping IPC Server listener on 0
2023-02-16 16:35:32,870 [Listener at 127.0.0.1/44851] INFO  handler.ContextHandler (ContextHandler.java:doStop(1159)) - Stopped o.e.j.w.WebAppContext@66fb348{scm,/,null,STOPPED}{file:/home/runner/work/ozone/ozone/hadoop-ozone/integration-test/target/test-classes/webapps/scm}
2023-02-16 16:35:32,873 [Listener at 127.0.0.1/44851] INFO  server.AbstractConnector (AbstractConnector.java:doStop(383)) - Stopped ServerConnector@20240d3{HTTP/1.1, (http/1.1)}{0.0.0.0:0}
2023-02-16 16:35:32,873 [Listener at 127.0.0.1/44851] INFO  server.session (HouseKeeper.java:stopScavenging(149)) - node0 Stopped scavenging
2023-02-16 16:35:32,873 [Listener at 127.0.0.1/44851] INFO  handler.ContextHandler (ContextHandler.java:doStop(1159)) - Stopped o.e.j.s.ServletContextHandler@552e7687{static,/static,file:///home/runner/work/ozone/ozone/hadoop-ozone/integration-test/target/test-classes/webapps/static,STOPPED}
2023-02-16 16:35:32,873 [Listener at 127.0.0.1/44851] INFO  handler.ContextHandler (ContextHandler.java:doStop(1159)) - Stopped o.e.j.s.ServletContextHandler@2b90be6c{logs,/logs,file:///home/runner/work/ozone/ozone/hadoop-ozone/integration-test/target/log,STOPPED}
2023-02-16 16:35:32,874 [Listener at 127.0.0.1/44851] INFO  server.StorageContainerManager (StorageContainerManager.java:stop(1579)) - Stopping SCM LayoutVersionManager Service.
2023-02-16 16:35:32,874 [Listener at 127.0.0.1/44851] INFO  server.StorageContainerManager (StorageContainerManager.java:stop(1587)) - Stopping Block Manager Service.
2023-02-16 16:35:32,874 [Listener at 127.0.0.1/44851] INFO  utils.BackgroundService (BackgroundService.java:shutdown(141)) - Shutting down service SCMBlockDeletingService
2023-02-16 16:35:32,874 [Listener at 127.0.0.1/44851] INFO  utils.BackgroundService (BackgroundService.java:shutdown(141)) - Shutting down service SCMBlockDeletingService
2023-02-16 16:35:32,874 [Listener at 127.0.0.1/44851] INFO  server.StorageContainerManager (StorageContainerManager.java:stop(1609)) - Stopping SCM Event Queue.
2023-02-16 16:35:32,876 [Listener at 127.0.0.1/44851] INFO  server.StorageContainerManager (StorageContainerManager.java:stop(1620)) - Stopping SCM HA services.
2023-02-16 16:35:32,876 [Listener at 127.0.0.1/44851] INFO  pipeline.BackgroundPipelineCreator (BackgroundPipelineCreator.java:stop(149)) - Stopping RatisPipelineUtilsThread.
2023-02-16 16:35:32,876 [RatisPipelineUtilsThread - 0] WARN  pipeline.BackgroundPipelineCreator (BackgroundPipelineCreator.java:run(180)) - RatisPipelineUtilsThread is interrupted.
2023-02-16 16:35:32,876 [BackgroundPipelineScrubberThread] WARN  BackgroundPipelineScrubber (BackgroundSCMService.java:run(115)) - BackgroundPipelineScrubber is interrupted, exit
2023-02-16 16:35:32,876 [Listener at 127.0.0.1/44851] INFO  BackgroundPipelineScrubber (BackgroundSCMService.java:stop(131)) - Stopping BackgroundPipelineScrubber Service.
2023-02-16 16:35:32,877 [Listener at 127.0.0.1/44851] INFO  impl.MetricsSystemImpl (MetricsSystemImpl.java:stop(210)) - Stopping HddsDatanode metrics system...
2023-02-16 16:35:32,882 [prometheus] INFO  impl.MetricsSinkAdapter (MetricsSinkAdapter.java:publishMetricsFromQueue(141)) - prometheus thread interrupted.
2023-02-16 16:35:32,882 [Listener at 127.0.0.1/44851] INFO  impl.MetricsSystemImpl (MetricsSystemImpl.java:stop(216)) - HddsDatanode metrics system stopped.
2023-02-16 16:35:32,882 [Listener at 127.0.0.1/44851] WARN  pipeline.BackgroundPipelineCreator (BackgroundPipelineCreator.java:stop(145)) - RatisPipelineUtilsThread is not running, just ignore.
2023-02-16 16:35:32,882 [Listener at 127.0.0.1/44851] INFO  BackgroundPipelineScrubber (BackgroundSCMService.java:stop(126)) - BackgroundPipelineScrubber Service is not running, skip stop.
2023-02-16 16:35:32,882 [Listener at 127.0.0.1/44851] INFO  ExpiredContainerReplicaOpScrubber (BackgroundSCMService.java:stop(131)) - Stopping ExpiredContainerReplicaOpScrubber Service.
2023-02-16 16:35:32,882 [ExpiredContainerReplicaOpScrubberThread] WARN  ExpiredContainerReplicaOpScrubber (BackgroundSCMService.java:run(115)) - ExpiredContainerReplicaOpScrubber is interrupted, exit
2023-02-16 16:35:32,882 [Listener at 127.0.0.1/44851] INFO  utils.BackgroundService (BackgroundService.java:shutdown(141)) - Shutting down service SCMBlockDeletingService
2023-02-16 16:35:32,887 [Listener at 127.0.0.1/44851] INFO  replication.ReplicationManager (ReplicationManager.java:stop(308)) - Replication Monitor Thread is not running.
2023-02-16 16:35:32,887 [Listener at 127.0.0.1/44851] WARN  balancer.ContainerBalancer (ContainerBalancer.java:stop(322)) - Cannot stop Container Balancer because it's not running or stopping
2023-02-16 16:35:32,887 [Listener at 127.0.0.1/44851] INFO  server.StorageContainerManager (StorageContainerManager.java:stop(1638)) - Stopping SCM MetadataStore.
2023-02-16 16:35:32,930 [Listener at 127.0.0.1/44851] WARN  server.ServerUtils (ServerUtils.java:getScmDbDir(148)) - ozone.scm.db.dirs is not configured. We recommend adding this setting. Falling back to ozone.metadata.dirs instead.
2023-02-16 16:35:32,932 [Listener at 127.0.0.1/44851] WARN  server.ServerUtils (ServerUtils.java:getScmDbDir(148)) - ozone.scm.db.dirs is not configured. We recommend adding this setting. Falling back to ozone.metadata.dirs instead.
2023-02-16 16:35:32,933 [Listener at 127.0.0.1/44851] INFO  ha.SCMHANodeDetails (SCMHANodeDetails.java:loadSCMHAConfig(209)) - ServiceID for StorageContainerManager is null
2023-02-16 16:35:32,933 [Listener at 127.0.0.1/44851] INFO  ha.SCMHANodeDetails (SCMHANodeDetails.java:loadSCMHAConfig(214)) - ozone.scm.default.service.id is not defined, falling back to ozone.scm.service.ids to find serviceID for StorageContainerManager if it is HA enabled cluster
2023-02-16 16:35:32,933 [Listener at 127.0.0.1/44851] WARN  utils.HAUtils (HAUtils.java:getMetaDir(342)) - ozone.scm.db.dirs is not configured. We recommend adding this setting. Falling back to ozone.metadata.dirs instead.
2023-02-16 16:35:32,933 [Listener at 127.0.0.1/44851] WARN  db.DBStoreBuilder (DBStoreBuilder.java:applyDBDefinition(172)) - ozone.scm.db.dirs is not configured. We recommend adding this setting. Falling back to ozone.metadata.dirs instead.
2023-02-16 16:35:33,030 [Listener at 127.0.0.1/44851] INFO  net.NodeSchemaLoader (NodeSchemaLoader.java:loadSchemaFromFile(129)) - Loading schema from [jar:file:/home/runner/.m2/repository/org/apache/ozone/hdds-common/1.4.0-SNAPSHOT/hdds-common-1.4.0-SNAPSHOT.jar!/network-topology-default.xml]
2023-02-16 16:35:33,030 [Listener at 127.0.0.1/44851] INFO  net.NodeSchemaLoader (NodeSchemaLoader.java:loadSchema(176)) - Loading network topology layer schema file
2023-02-16 16:35:33,037 [Listener at 127.0.0.1/44851] INFO  upgrade.AbstractLayoutVersionManager (AbstractLayoutVersionManager.java:init(83)) - Initializing Layout version manager with metadata layout = DATANODE_SCHEMA_V3 (version = 4), software layout = DATANODE_SCHEMA_V3 (version = 4)
2023-02-16 16:35:33,080 [Listener at 127.0.0.1/44851] INFO  reflections.Reflections (Reflections.java:scan(232)) - Reflections took 42 ms to scan 7 urls, producing 150 keys and 362 values 
2023-02-16 16:35:33,083 [Listener at 127.0.0.1/44851] INFO  ha.SequenceIdGenerator (SequenceIdGenerator.java:upgradeToSequenceId(349)) - upgrade localId to 111677748019200000
2023-02-16 16:35:33,083 [Listener at 127.0.0.1/44851] INFO  ha.SequenceIdGenerator (SequenceIdGenerator.java:upgradeToSequenceId(359)) - upgrade delTxnId to 0
2023-02-16 16:35:33,083 [Listener at 127.0.0.1/44851] INFO  ha.SequenceIdGenerator (SequenceIdGenerator.java:upgradeToSequenceId(376)) - upgrade containerId to 0
2023-02-16 16:35:33,083 [Listener at 127.0.0.1/44851] INFO  ha.SequenceIdGenerator (SequenceIdGenerator.java:<init>(220)) - Init the HA SequenceIdGenerator.
2023-02-16 16:35:33,084 [Listener at 127.0.0.1/44851] WARN  server.ServerUtils (ServerUtils.java:sanitizeUserArgs(73)) - ozone.scm.stale.node.interval value = 300000 is larger than max = 100000 based on the key value of ozone.scm.heartbeat.thread.interval, reset to the max value 100000.
2023-02-16 16:35:33,084 [Listener at 127.0.0.1/44851] WARN  server.ServerUtils (ServerUtils.java:sanitizeUserArgs(73)) - ozone.scm.stale.node.interval value = 300000 is larger than max = 100000 based on the key value of ozone.scm.heartbeat.thread.interval, reset to the max value 100000.
2023-02-16 16:35:33,084 [Listener at 127.0.0.1/44851] INFO  node.SCMNodeManager (SCMNodeManager.java:<init>(149)) - Entering startup safe mode.
2023-02-16 16:35:33,084 [Listener at 127.0.0.1/44851] INFO  algorithms.ContainerPlacementPolicyFactory (ContainerPlacementPolicyFactory.java:getPolicyInternal(86)) - Create container placement policy of type org.apache.hadoop.hdds.scm.container.placement.algorithms.SCMContainerPlacementRandom
2023-02-16 16:35:33,084 [Listener at 127.0.0.1/44851] INFO  algorithms.ContainerPlacementPolicyFactory (ContainerPlacementPolicyFactory.java:getPolicyInternal(86)) - Create container placement policy of type org.apache.hadoop.hdds.scm.container.placement.algorithms.SCMContainerPlacementRackScatter
2023-02-16 16:35:33,085 [Listener at 127.0.0.1/44851] INFO  pipeline.PipelineStateManagerImpl (PipelineStateManagerImpl.java:initialize(78)) - No pipeline exists in current db
2023-02-16 16:35:33,085 [Listener at 127.0.0.1/44851] INFO  algorithms.LeaderChoosePolicyFactory (LeaderChoosePolicyFactory.java:getPolicy(57)) - Create leader choose policy of type org.apache.hadoop.hdds.scm.pipeline.leader.choose.algorithms.MinLeaderCountChoosePolicy
2023-02-16 16:35:33,085 [Listener at 127.0.0.1/44851] INFO  algorithms.ContainerPlacementPolicyFactory (ContainerPlacementPolicyFactory.java:getPolicyInternal(86)) - Create container placement policy of type org.apache.hadoop.hdds.scm.container.placement.algorithms.SCMContainerPlacementRackScatter
2023-02-16 16:35:33,085 [Listener at 127.0.0.1/44851] INFO  ha.SCMServiceManager (SCMServiceManager.java:register(42)) - Registering service BackgroundPipelineCreator.
2023-02-16 16:35:33,085 [Listener at 127.0.0.1/44851] INFO  pipeline.BackgroundPipelineCreator (BackgroundPipelineCreator.java:start(124)) - Starting RatisPipelineUtilsThread.
2023-02-16 16:35:33,085 [Listener at 127.0.0.1/44851] INFO  BackgroundPipelineScrubber (BackgroundSCMService.java:start(68)) - Starting BackgroundPipelineScrubber Service.
2023-02-16 16:35:33,085 [Listener at 127.0.0.1/44851] INFO  ha.SCMServiceManager (SCMServiceManager.java:register(42)) - Registering service BackgroundPipelineScrubber.
2023-02-16 16:35:33,086 [Listener at 127.0.0.1/44851] INFO  ExpiredContainerReplicaOpScrubber (BackgroundSCMService.java:start(68)) - Starting ExpiredContainerReplicaOpScrubber Service.
2023-02-16 16:35:33,086 [Listener at 127.0.0.1/44851] INFO  ha.SCMServiceManager (SCMServiceManager.java:register(42)) - Registering service ExpiredContainerReplicaOpScrubber.
2023-02-16 16:35:33,087 [Listener at 127.0.0.1/44851] INFO  algorithms.PipelineChoosePolicyFactory (PipelineChoosePolicyFactory.java:createPipelineChoosePolicyFromClass(73)) - Create pipeline choose policy of type org.apache.hadoop.hdds.scm.pipeline.choose.algorithms.RandomPipelineChoosePolicy
2023-02-16 16:35:33,087 [Listener at 127.0.0.1/44851] INFO  ha.SCMServiceManager (SCMServiceManager.java:register(42)) - Registering service SCMBlockDeletingService.
2023-02-16 16:35:33,087 [Listener at 127.0.0.1/44851] INFO  replication.ReplicationManager (ReplicationManager.java:start(265)) - Starting Replication Monitor Thread.
2023-02-16 16:35:33,088 [Listener at 127.0.0.1/44851] INFO  ha.SCMServiceManager (SCMServiceManager.java:register(42)) - Registering service ReplicationManager.
2023-02-16 16:35:33,091 [ReplicationMonitor] INFO  replication.ReplicationManager (ReplicationManager.java:processAll(340)) - Replication Manager is not ready to run until 3000ms after safemode exit
2023-02-16 16:35:33,091 [Listener at 127.0.0.1/44851] INFO  safemode.ContainerSafeModeRule (ContainerSafeModeRule.java:<init>(89)) - containers with one replica threshold count 0
2023-02-16 16:35:33,092 [Listener at 127.0.0.1/44851] INFO  safemode.HealthyPipelineSafeModeRule (HealthyPipelineSafeModeRule.java:initializeRule(169)) - Total pipeline count is 0, healthy pipeline threshold count is 1
2023-02-16 16:35:33,092 [Listener at 127.0.0.1/44851] INFO  safemode.OneReplicaPipelineSafeModeRule (OneReplicaPipelineSafeModeRule.java:initializeRule(180)) - Total pipeline count is 0, pipeline's with at least one datanode reported threshold count is 0
2023-02-16 16:35:33,092 [Listener at 127.0.0.1/44851] INFO  ipc.CallQueueManager (CallQueueManager.java:<init>(90)) - Using callQueue: class java.util.concurrent.LinkedBlockingQueue, queueCapacity: 2000, scheduler: class org.apache.hadoop.ipc.DefaultRpcScheduler, ipcBackoff: false.
2023-02-16 16:35:33,093 [Socket Reader #1 for port 0] INFO  ipc.Server (Server.java:run(1273)) - Starting Socket Reader #1 for port 0
2023-02-16 16:35:33,098 [Listener at 0.0.0.0/45137] INFO  ipc.CallQueueManager (CallQueueManager.java:<init>(90)) - Using callQueue: class java.util.concurrent.LinkedBlockingQueue, queueCapacity: 2000, scheduler: class org.apache.hadoop.ipc.DefaultRpcScheduler, ipcBackoff: false.
2023-02-16 16:35:33,098 [Socket Reader #1 for port 0] INFO  ipc.Server (Server.java:run(1273)) - Starting Socket Reader #1 for port 0
2023-02-16 16:35:33,099 [Listener at 0.0.0.0/32907] INFO  ipc.CallQueueManager (CallQueueManager.java:<init>(90)) - Using callQueue: class java.util.concurrent.LinkedBlockingQueue, queueCapacity: 2000, scheduler: class org.apache.hadoop.ipc.DefaultRpcScheduler, ipcBackoff: false.
2023-02-16 16:35:33,099 [Socket Reader #1 for port 0] INFO  ipc.Server (Server.java:run(1273)) - Starting Socket Reader #1 for port 0
2023-02-16 16:35:33,106 [Listener at 0.0.0.0/35499] INFO  ha.SCMServiceManager (SCMServiceManager.java:register(42)) - Registering service ContainerBalancer.
2023-02-16 16:35:33,106 [Listener at 0.0.0.0/35499] INFO  server.StorageContainerManager (StorageContainerManager.java:<init>(401)) - 
Container Balancer status:
Key                            Value
Running                        true
Container Balancer Configuration values:
Key                                                Value
Threshold                                          10
Max Datanodes to Involve per Iteration(percent)    20
Max Size to Move per Iteration                     500GB
Max Size Entering Target per Iteration             26GB
Max Size Leaving Source per Iteration              26GB

2023-02-16 16:35:33,106 [Listener at 0.0.0.0/35499] INFO  ha.SCMContext (SCMContext.java:updateSafeModeStatus(228)) - Update SafeModeStatus from SafeModeStatus{safeModeStatus=true, preCheckPassed=false} to SafeModeStatus{safeModeStatus=true, preCheckPassed=false}.
2023-02-16 16:35:33,106 [Listener at 0.0.0.0/35499] INFO  server.StorageContainerManager (StorageContainerManager.java:start(1435)) - StorageContainerLocationProtocol RPC server is listening at /0.0.0.0:35499
2023-02-16 16:35:33,108 [Listener at 0.0.0.0/35499] WARN  impl.MetricsConfig (MetricsConfig.java:loadFirst(136)) - Cannot locate configuration: tried hadoop-metrics2-storagecontainermanager.properties,hadoop-metrics2.properties
2023-02-16 16:35:33,108 [Listener at 0.0.0.0/35499] INFO  impl.MetricsSystemImpl (MetricsSystemImpl.java:startTimer(378)) - Scheduled Metric snapshot period at 10 second(s).
2023-02-16 16:35:33,109 [Listener at 0.0.0.0/35499] INFO  impl.MetricsSystemImpl (MetricsSystemImpl.java:start(191)) - StorageContainerManager metrics system started
2023-02-16 16:35:33,116 [Listener at 0.0.0.0/35499] INFO  impl.MetricsSinkAdapter (MetricsSinkAdapter.java:start(204)) - Sink prometheus started
2023-02-16 16:35:33,116 [Listener at 0.0.0.0/35499] INFO  impl.MetricsSystemImpl (MetricsSystemImpl.java:registerSink(305)) - Registered sink prometheus
2023-02-16 16:35:33,137 [Listener at 0.0.0.0/35499] INFO  server.SCMClientProtocolServer (SCMClientProtocolServer.java:start(169)) - RPC server for Client  is listening at /0.0.0.0:35499
2023-02-16 16:35:33,137 [IPC Server Responder] INFO  ipc.Server (Server.java:run(1512)) - IPC Server Responder: starting
2023-02-16 16:35:33,138 [IPC Server listener on 0] INFO  ipc.Server (Server.java:run(1352)) - IPC Server listener on 0: starting
2023-02-16 16:35:33,144 [Listener at 0.0.0.0/35499] INFO  server.StorageContainerManager (StorageContainerManager.java:start(1449)) - ScmBlockLocationProtocol RPC server is listening at /0.0.0.0:32907
2023-02-16 16:35:33,145 [Listener at 0.0.0.0/35499] INFO  server.SCMBlockProtocolServer (SCMBlockProtocolServer.java:start(152)) - RPC server for Block Protocol is listening at /0.0.0.0:32907
2023-02-16 16:35:33,145 [IPC Server Responder] INFO  ipc.Server (Server.java:run(1512)) - IPC Server Responder: starting
2023-02-16 16:35:33,145 [IPC Server listener on 0] INFO  ipc.Server (Server.java:run(1352)) - IPC Server listener on 0: starting
2023-02-16 16:35:33,151 [Listener at 0.0.0.0/35499] INFO  server.SCMDatanodeProtocolServer (SCMDatanodeProtocolServer.java:start(193)) - ScmDatanodeProtocol RPC server for DataNodes is listening at /0.0.0.0:45137
2023-02-16 16:35:33,155 [IPC Server Responder] INFO  ipc.Server (Server.java:run(1512)) - IPC Server Responder: starting
2023-02-16 16:35:33,155 [IPC Server listener on 0] INFO  ipc.Server (Server.java:run(1352)) - IPC Server listener on 0: starting
2023-02-16 16:35:33,161 [Listener at 0.0.0.0/35499] INFO  http.BaseHttpServer (BaseHttpServer.java:newHttpServer2BuilderForOzone(213)) - Starting Web-server for scm at: http://0.0.0.0:0
2023-02-16 16:35:33,161 [Listener at 0.0.0.0/35499] INFO  http.BaseHttpServer (BaseHttpServer.java:<init>(108)) - Hadoop Security Enabled: false Ozone Security Enabled: false Ozone HTTP Security Enabled: false 
2023-02-16 16:35:33,162 [Listener at 0.0.0.0/35499] WARN  server.AuthenticationFilter (AuthenticationFilter.java:constructSecretProvider(240)) - Unable to initialize FileSignerSecretProvider, falling back to use random secrets. Reason: Could not read signature secret file: /home/runner/hadoop-http-auth-signature-secret
2023-02-16 16:35:33,162 [org.apache.hadoop.util.JvmPauseMonitor$Monitor@6b3ccd93] INFO  util.JvmPauseMonitor (JvmPauseMonitor.java:run(188)) - Starting JVM pause monitor
2023-02-16 16:35:33,163 [Listener at 0.0.0.0/35499] WARN  http.HttpRequestLog (HttpRequestLog.java:getRequestLog(103)) - Jetty request log can only be enabled using Log4j
2023-02-16 16:35:33,164 [Listener at 0.0.0.0/35499] INFO  http.HttpServer2 (HttpServer2.java:addGlobalFilter(1031)) - Added global filter 'safety' (class=org.apache.hadoop.hdds.server.http.HttpServer2$QuotingInputFilter)
2023-02-16 16:35:33,164 [Listener at 0.0.0.0/35499] INFO  http.HttpServer2 (HttpServer2.java:addFilter(1007)) - Added filter static_user_filter (class=org.apache.hadoop.http.lib.StaticUserWebFilter$StaticUserFilter) to context scm
2023-02-16 16:35:33,164 [Listener at 0.0.0.0/35499] INFO  http.HttpServer2 (HttpServer2.java:addFilter(1015)) - Added filter static_user_filter (class=org.apache.hadoop.http.lib.StaticUserWebFilter$StaticUserFilter) to context logs
2023-02-16 16:35:33,164 [Listener at 0.0.0.0/35499] INFO  http.HttpServer2 (HttpServer2.java:addFilter(1015)) - Added filter static_user_filter (class=org.apache.hadoop.http.lib.StaticUserWebFilter$StaticUserFilter) to context static
2023-02-16 16:35:33,165 [Listener at 0.0.0.0/35499] INFO  http.HttpServer2 (HttpServer2.java:bindListener(1250)) - Jetty bound to port 40613
2023-02-16 16:35:33,165 [Listener at 0.0.0.0/35499] INFO  server.Server (Server.java:doStart(375)) - jetty-9.4.49.v20220914; built: 2022-09-14T01:07:36.601Z; git: 4231a3b2e4cb8548a412a789936d640a97b1aa0a; jvm 1.8.0_362-b09
2023-02-16 16:35:33,166 [Listener at 0.0.0.0/35499] INFO  server.session (DefaultSessionIdManager.java:doStart(334)) - DefaultSessionIdManager workerName=node0
2023-02-16 16:35:33,166 [Listener at 0.0.0.0/35499] INFO  server.session (DefaultSessionIdManager.java:doStart(339)) - No SessionScavenger set, using defaults
2023-02-16 16:35:33,166 [Listener at 0.0.0.0/35499] INFO  server.session (HouseKeeper.java:startScavenging(132)) - node0 Scavenging every 660000ms
2023-02-16 16:35:33,167 [Listener at 0.0.0.0/35499] INFO  handler.ContextHandler (ContextHandler.java:doStart(921)) - Started o.e.j.s.ServletContextHandler@1237c432{logs,/logs,file:///home/runner/work/ozone/ozone/hadoop-ozone/integration-test/target/log,AVAILABLE}
2023-02-16 16:35:33,167 [Listener at 0.0.0.0/35499] INFO  handler.ContextHandler (ContextHandler.java:doStart(921)) - Started o.e.j.s.ServletContextHandler@6ee3fc35{static,/static,file:///home/runner/work/ozone/ozone/hadoop-ozone/integration-test/target/test-classes/webapps/static,AVAILABLE}
2023-02-16 16:35:33,170 [Listener at 0.0.0.0/35499] INFO  handler.ContextHandler (ContextHandler.java:doStart(921)) - Started o.e.j.w.WebAppContext@308bd8bb{scm,/,file:///home/runner/work/ozone/ozone/hadoop-ozone/integration-test/target/test-classes/webapps/scm/,AVAILABLE}{file:/home/runner/work/ozone/ozone/hadoop-ozone/integration-test/target/test-classes/webapps/scm}
2023-02-16 16:35:33,171 [Listener at 0.0.0.0/35499] INFO  server.AbstractConnector (AbstractConnector.java:doStart(333)) - Started ServerConnector@1a37d95f{HTTP/1.1, (http/1.1)}{0.0.0.0:40613}
2023-02-16 16:35:33,171 [Listener at 0.0.0.0/35499] INFO  server.Server (Server.java:doStart(415)) - Started @166773ms
2023-02-16 16:35:33,171 [Listener at 0.0.0.0/35499] WARN  impl.MetricsSystemImpl (MetricsSystemImpl.java:register(279)) - Sink prometheus already exists!
2023-02-16 16:35:33,172 [Listener at 0.0.0.0/35499] INFO  http.BaseHttpServer (BaseHttpServer.java:updateConnectorAddress(333)) - HTTP server of scm listening at http://0.0.0.0:40613
2023-02-16 16:35:33,172 [Listener at 0.0.0.0/35499] WARN  server.ServerUtils (ServerUtils.java:getDBPath(225)) - ozone.om.db.dirs is not configured. We recommend adding this setting. Falling back to ozone.metadata.dirs instead.
2023-02-16 16:35:33,173 [Listener at 0.0.0.0/35499] INFO  ha.OMHANodeDetails (OMHANodeDetails.java:loadOMHAConfig(115)) - ozone.om.internal.service.id is not defined, falling back to ozone.om.service.ids to find serviceID for OzoneManager if it is HA enabled cluster
2023-02-16 16:35:33,173 [Listener at 0.0.0.0/35499] INFO  ha.OMHANodeDetails (OMHANodeDetails.java:loadOMHAConfig(226)) - Configuration does not have ozone.om.address set. Falling back to the default OM address /127.0.0.1:0
2023-02-16 16:35:33,173 [Listener at 0.0.0.0/35499] INFO  ha.OMHANodeDetails (OMHANodeDetails.java:getOMNodeDetailsForNonHA(254)) - OM Service ID is not set. Setting it to the default ID: omServiceIdDefault
2023-02-16 16:35:33,173 [Listener at 0.0.0.0/35499] INFO  ha.OMHANodeDetails (OMHANodeDetails.java:getOMNodeDetailsForNonHA(261)) - OM Node ID is not set. Setting it to the default ID: om1
2023-02-16 16:35:33,173 [Listener at 0.0.0.0/35499] WARN  server.ServerUtils (ServerUtils.java:getDBPath(225)) - ozone.om.db.dirs is not configured. We recommend adding this setting. Falling back to ozone.metadata.dirs instead.
2023-02-16 16:35:33,174 [Listener at 0.0.0.0/35499] INFO  upgrade.AbstractLayoutVersionManager (AbstractLayoutVersionManager.java:init(83)) - Initializing Layout version manager with metadata layout = MULTITENANCY_SCHEMA (version = 3), software layout = MULTITENANCY_SCHEMA (version = 3)
2023-02-16 16:35:33,235 [Listener at 0.0.0.0/35499] INFO  reflections.Reflections (Reflections.java:scan(232)) - Reflections took 59 ms to scan 2 urls, producing 166 keys and 457 values [using 2 cores]
2023-02-16 16:35:33,235 [Listener at 0.0.0.0/35499] INFO  upgrade.OMLayoutVersionManager (OMLayoutVersionManager.java:lambda$0(115)) - Skipping Upgrade Action MockOmUpgradeAction since it has been finalized.
2023-02-16 16:35:33,235 [Listener at 0.0.0.0/35499] WARN  server.ServerUtils (ServerUtils.java:getDBPath(225)) - ozone.om.db.dirs is not configured. We recommend adding this setting. Falling back to ozone.metadata.dirs instead.
2023-02-16 16:35:33,236 [Listener at 0.0.0.0/35499] INFO  proxy.SCMBlockLocationFailoverProxyProvider (SCMBlockLocationFailoverProxyProvider.java:<init>(114)) - Created block location fail-over proxy with 1 nodes: [nodeId=scmNodeId,nodeAddress=/0.0.0.0:32907]
2023-02-16 16:35:33,237 [Listener at 0.0.0.0/35499] INFO  proxy.SCMBlockLocationFailoverProxyProvider (SCMBlockLocationFailoverProxyProvider.java:<init>(114)) - Created block location fail-over proxy with 1 nodes: [nodeId=scmNodeId,nodeAddress=/0.0.0.0:32907]
2023-02-16 16:35:33,241 [Listener at 0.0.0.0/35499] INFO  om.OzoneManager (OzoneManager.java:<init>(615)) - OM start with adminUsers: [runner]
2023-02-16 16:35:33,243 [Listener at 0.0.0.0/35499] WARN  server.ServerUtils (ServerUtils.java:getDBPath(225)) - ozone.om.db.dirs is not configured. We recommend adding this setting. Falling back to ozone.metadata.dirs instead.
2023-02-16 16:35:33,244 [Listener at 0.0.0.0/35499] INFO  codec.OmKeyInfoCodec (OmKeyInfoCodec.java:<init>(49)) - OmKeyInfoCodec ignorePipeline = true
2023-02-16 16:35:33,244 [Listener at 0.0.0.0/35499] INFO  codec.RepeatedOmKeyInfoCodec (RepeatedOmKeyInfoCodec.java:<init>(41)) - RepeatedOmKeyInfoCodec ignorePipeline = true
2023-02-16 16:35:33,411 [Listener at 0.0.0.0/35499] INFO  om.OzoneManager (OzoneManager.java:instantiateServices(745)) - S3 Multi-Tenancy is disabled
2023-02-16 16:35:33,412 [Listener at 0.0.0.0/35499] WARN  server.ServerUtils (ServerUtils.java:getDBPath(225)) - ozone.om.snapshot.diff.db.dir is not configured. We recommend adding this setting. Falling back to ozone.metadata.dirs instead.
2023-02-16 16:35:33,422 [Listener at 0.0.0.0/35499] INFO  om.OzoneManager (OzoneManager.java:addS3GVolumeToDB(4177)) - Created Volume s3v With Owner runner required for S3Gateway operations.
2023-02-16 16:35:33,423 [Listener at 0.0.0.0/35499] INFO  om.OzoneManager (OzoneManager.java:getRpcServer(1128)) - Creating RPC Server
2023-02-16 16:35:33,761 [Listener at 0.0.0.0/35499] INFO  reflections.Reflections (Reflections.java:scan(232)) - Reflections took 334 ms to scan 19 urls, producing 69 keys and 4806 values [using 2 cores]
2023-02-16 16:35:33,763 [Listener at 0.0.0.0/35499] INFO  ipc.CallQueueManager (CallQueueManager.java:<init>(90)) - Using callQueue: class java.util.concurrent.LinkedBlockingQueue, queueCapacity: 2000, scheduler: class org.apache.hadoop.ipc.DefaultRpcScheduler, ipcBackoff: false.
2023-02-16 16:35:33,766 [Socket Reader #1 for port 0] INFO  ipc.Server (Server.java:run(1273)) - Starting Socket Reader #1 for port 0
2023-02-16 16:35:33,787 [Listener at 127.0.0.1/38619] INFO  impl.MetricsSystemImpl (MetricsSystemImpl.java:init(158)) - OzoneManager metrics system started (again)
2023-02-16 16:35:33,798 [Listener at 127.0.0.1/38619] INFO  om.OzoneManager (OzoneManager.java:start(1548)) - OzoneManager RPC server is listening at localhost/127.0.0.1:38619
2023-02-16 16:35:33,798 [Listener at 127.0.0.1/38619] INFO  om.OzoneManager (OzoneManager.java:start(1564)) - Version File has different layout version (3) than OM DB (null). That is expected if this OM has never been finalized to a newer layout version.
2023-02-16 16:35:33,801 [Listener at 127.0.0.1/38619] INFO  http.BaseHttpServer (BaseHttpServer.java:newHttpServer2BuilderForOzone(213)) - Starting Web-server for ozoneManager at: http://0.0.0.0:0
2023-02-16 16:35:33,801 [Listener at 127.0.0.1/38619] INFO  http.BaseHttpServer (BaseHttpServer.java:<init>(108)) - Hadoop Security Enabled: false Ozone Security Enabled: false Ozone HTTP Security Enabled: false 
2023-02-16 16:35:33,802 [Listener at 127.0.0.1/38619] WARN  server.AuthenticationFilter (AuthenticationFilter.java:constructSecretProvider(240)) - Unable to initialize FileSignerSecretProvider, falling back to use random secrets. Reason: Could not read signature secret file: /home/runner/hadoop-http-auth-signature-secret
2023-02-16 16:35:33,805 [Listener at 127.0.0.1/38619] WARN  http.HttpRequestLog (HttpRequestLog.java:getRequestLog(103)) - Jetty request log can only be enabled using Log4j
2023-02-16 16:35:33,807 [Listener at 127.0.0.1/38619] INFO  http.HttpServer2 (HttpServer2.java:addGlobalFilter(1031)) - Added global filter 'safety' (class=org.apache.hadoop.hdds.server.http.HttpServer2$QuotingInputFilter)
2023-02-16 16:35:33,807 [Listener at 127.0.0.1/38619] INFO  http.HttpServer2 (HttpServer2.java:addFilter(1007)) - Added filter static_user_filter (class=org.apache.hadoop.http.lib.StaticUserWebFilter$StaticUserFilter) to context ozoneManager
2023-02-16 16:35:33,808 [Listener at 127.0.0.1/38619] INFO  http.HttpServer2 (HttpServer2.java:addFilter(1015)) - Added filter static_user_filter (class=org.apache.hadoop.http.lib.StaticUserWebFilter$StaticUserFilter) to context logs
2023-02-16 16:35:33,808 [Listener at 127.0.0.1/38619] INFO  http.HttpServer2 (HttpServer2.java:addFilter(1015)) - Added filter static_user_filter (class=org.apache.hadoop.http.lib.StaticUserWebFilter$StaticUserFilter) to context static
2023-02-16 16:35:33,809 [Listener at 127.0.0.1/38619] INFO  http.HttpServer2 (HttpServer2.java:bindListener(1250)) - Jetty bound to port 45089
2023-02-16 16:35:33,809 [Listener at 127.0.0.1/38619] INFO  server.Server (Server.java:doStart(375)) - jetty-9.4.49.v20220914; built: 2022-09-14T01:07:36.601Z; git: 4231a3b2e4cb8548a412a789936d640a97b1aa0a; jvm 1.8.0_362-b09
2023-02-16 16:35:33,810 [Listener at 127.0.0.1/38619] INFO  server.session (DefaultSessionIdManager.java:doStart(334)) - DefaultSessionIdManager workerName=node0
2023-02-16 16:35:33,810 [Listener at 127.0.0.1/38619] INFO  server.session (DefaultSessionIdManager.java:doStart(339)) - No SessionScavenger set, using defaults
2023-02-16 16:35:33,810 [Listener at 127.0.0.1/38619] INFO  server.session (HouseKeeper.java:startScavenging(132)) - node0 Scavenging every 660000ms
2023-02-16 16:35:33,811 [Listener at 127.0.0.1/38619] INFO  handler.ContextHandler (ContextHandler.java:doStart(921)) - Started o.e.j.s.ServletContextHandler@fcbdbbf{logs,/logs,file:///home/runner/work/ozone/ozone/hadoop-ozone/integration-test/target/log,AVAILABLE}
2023-02-16 16:35:33,811 [Listener at 127.0.0.1/38619] INFO  handler.ContextHandler (ContextHandler.java:doStart(921)) - Started o.e.j.s.ServletContextHandler@1cf96ef4{static,/static,file:///home/runner/work/ozone/ozone/hadoop-ozone/integration-test/target/test-classes/webapps/static,AVAILABLE}
2023-02-16 16:35:33,813 [Listener at 127.0.0.1/38619] INFO  handler.ContextHandler (ContextHandler.java:doStart(921)) - Started o.e.j.w.WebAppContext@23746f63{ozoneManager,/,file:///home/runner/work/ozone/ozone/hadoop-ozone/integration-test/target/test-classes/webapps/ozoneManager/,AVAILABLE}{file:/home/runner/work/ozone/ozone/hadoop-ozone/integration-test/target/test-classes/webapps/ozoneManager}
2023-02-16 16:35:33,819 [Listener at 127.0.0.1/38619] INFO  server.AbstractConnector (AbstractConnector.java:doStart(333)) - Started ServerConnector@6d73caea{HTTP/1.1, (http/1.1)}{0.0.0.0:45089}
2023-02-16 16:35:33,820 [Listener at 127.0.0.1/38619] INFO  server.Server (Server.java:doStart(415)) - Started @167421ms
2023-02-16 16:35:33,820 [Listener at 127.0.0.1/38619] WARN  impl.MetricsSystemImpl (MetricsSystemImpl.java:register(279)) - Sink prometheus already exists!
2023-02-16 16:35:33,820 [Listener at 127.0.0.1/38619] INFO  http.BaseHttpServer (BaseHttpServer.java:updateConnectorAddress(333)) - HTTP server of ozoneManager listening at http://0.0.0.0:45089
2023-02-16 16:35:33,823 [IPC Server Responder] INFO  ipc.Server (Server.java:run(1512)) - IPC Server Responder: starting
2023-02-16 16:35:33,824 [IPC Server listener on 0] INFO  ipc.Server (Server.java:run(1352)) - IPC Server listener on 0: starting
2023-02-16 16:35:33,826 [Listener at 127.0.0.1/38619] INFO  om.TrashPolicyOzone (TrashPolicyOzone.java:<init>(277)) - Ozone Manager trash configuration: Deletion interval = 0 minutes, Emptier interval = 0 minutes.
2023-02-16 16:35:33,839 [org.apache.hadoop.util.JvmPauseMonitor$Monitor@20c1fe97] INFO  util.JvmPauseMonitor (JvmPauseMonitor.java:run(188)) - Starting JVM pause monitor
2023-02-16 16:35:33,847 [Listener at 127.0.0.1/38619] INFO  impl.MetricsSystemImpl (MetricsSystemImpl.java:init(158)) - HddsDatanode metrics system started (again)
2023-02-16 16:35:33,858 [Listener at 127.0.0.1/38619] INFO  ozone.HddsDatanodeService (HddsDatanodeService.java:start(228)) - HddsDatanodeService host:fv-az167-289.21ktoceh2wee5fewwtpg1zd01g.bx.internal.cloudapp.net ip:10.1.0.66
2023-02-16 16:35:33,884 [Listener at 127.0.0.1/38619] INFO  upgrade.AbstractLayoutVersionManager (AbstractLayoutVersionManager.java:init(83)) - Initializing Layout version manager with metadata layout = DATANODE_SCHEMA_V3 (version = 4), software layout = DATANODE_SCHEMA_V3 (version = 4)
2023-02-16 16:35:33,931 [Listener at 127.0.0.1/38619] INFO  reflections.Reflections (Reflections.java:scan(232)) - Reflections took 46 ms to scan 7 urls, producing 150 keys and 362 values 
2023-02-16 16:35:33,933 [Listener at 127.0.0.1/38619] INFO  statemachine.DatanodeStateMachine (DatanodeStateMachine.java:getEndPointTaskThreadPoolSize(260)) - Datanode State Machine Task Thread Pool size 2
2023-02-16 16:35:33,935 [Listener at 127.0.0.1/38619] INFO  volume.HddsVolume (HddsVolume.java:<init>(122)) - Creating HddsVolume: /home/runner/work/ozone/ozone/hadoop-ozone/integration-test/target/test-dir/MiniOzoneClusterImpl-b3d396d2-53dd-4e8c-be8e-68e1d9cb948b/datanode-0/data-0/containers/hdds of storage type : DISK capacity : 9223372036854775807
2023-02-16 16:35:33,935 [Listener at 127.0.0.1/38619] INFO  volume.MutableVolumeSet (MutableVolumeSet.java:initializeVolumeSet(174)) - Added Volume : /home/runner/work/ozone/ozone/hadoop-ozone/integration-test/target/test-dir/MiniOzoneClusterImpl-b3d396d2-53dd-4e8c-be8e-68e1d9cb948b/datanode-0/data-0/containers/hdds to VolumeSet
2023-02-16 16:35:33,935 [Listener at 127.0.0.1/38619] INFO  volume.ThrottledAsyncChecker (ThrottledAsyncChecker.java:schedule(141)) - Scheduling a check for /home/runner/work/ozone/ozone/hadoop-ozone/integration-test/target/test-dir/MiniOzoneClusterImpl-b3d396d2-53dd-4e8c-be8e-68e1d9cb948b/datanode-0/data-0/containers/hdds
2023-02-16 16:35:33,935 [Listener at 127.0.0.1/38619] INFO  volume.StorageVolumeChecker (StorageVolumeChecker.java:checkAllVolumes(202)) - Scheduled health check for volume /home/runner/work/ozone/ozone/hadoop-ozone/integration-test/target/test-dir/MiniOzoneClusterImpl-b3d396d2-53dd-4e8c-be8e-68e1d9cb948b/datanode-0/data-0/containers/hdds
2023-02-16 16:35:33,947 [Listener at 127.0.0.1/38619] INFO  volume.MutableVolumeSet (MutableVolumeSet.java:initializeVolumeSet(174)) - Added Volume : /home/runner/work/ozone/ozone/hadoop-ozone/integration-test/target/test-dir/MiniOzoneClusterImpl-b3d396d2-53dd-4e8c-be8e-68e1d9cb948b/datanode-0/data/ratis to VolumeSet
2023-02-16 16:35:33,947 [Listener at 127.0.0.1/38619] INFO  volume.ThrottledAsyncChecker (ThrottledAsyncChecker.java:schedule(141)) - Scheduling a check for /home/runner/work/ozone/ozone/hadoop-ozone/integration-test/target/test-dir/MiniOzoneClusterImpl-b3d396d2-53dd-4e8c-be8e-68e1d9cb948b/datanode-0/data/ratis
2023-02-16 16:35:33,947 [Listener at 127.0.0.1/38619] INFO  volume.StorageVolumeChecker (StorageVolumeChecker.java:checkAllVolumes(202)) - Scheduled health check for volume /home/runner/work/ozone/ozone/hadoop-ozone/integration-test/target/test-dir/MiniOzoneClusterImpl-b3d396d2-53dd-4e8c-be8e-68e1d9cb948b/datanode-0/data/ratis
2023-02-16 16:35:33,961 [Thread-1394] INFO  ozoneimpl.ContainerReader (ContainerReader.java:readVolume(175)) - Finish verifying containers on volume /home/runner/work/ozone/ozone/hadoop-ozone/integration-test/target/test-dir/MiniOzoneClusterImpl-b3d396d2-53dd-4e8c-be8e-68e1d9cb948b/datanode-0/data-0/containers/hdds
2023-02-16 16:35:33,961 [Listener at 127.0.0.1/38619] INFO  ozoneimpl.OzoneContainer (OzoneContainer.java:buildContainerSet(304)) - Build ContainerSet costs 0s
2023-02-16 16:35:33,963 [Listener at 127.0.0.1/38619] INFO  server.RaftServer (ConfUtils.java:logGet(46)) - raft.rpc.type = GRPC (default)
2023-02-16 16:35:33,963 [Listener at 127.0.0.1/38619] INFO  grpc.GrpcConfigKeys (ConfUtils.java:logFallback(53)) - raft.grpc.admin.host = null (fallback to raft.grpc.server.host)
2023-02-16 16:35:33,963 [Listener at 127.0.0.1/38619] INFO  grpc.GrpcConfigKeys (ConfUtils.java:logGet(46)) - raft.grpc.admin.port = 0 (custom)
2023-02-16 16:35:33,963 [Listener at 127.0.0.1/38619] INFO  grpc.GrpcConfigKeys (ConfUtils.java:logFallback(53)) - raft.grpc.client.host = null (fallback to raft.grpc.server.host)
2023-02-16 16:35:33,963 [Listener at 127.0.0.1/38619] INFO  grpc.GrpcConfigKeys (ConfUtils.java:logGet(46)) - raft.grpc.client.port = 0 (custom)
2023-02-16 16:35:33,963 [Listener at 127.0.0.1/38619] INFO  grpc.GrpcConfigKeys (ConfUtils.java:logGet(46)) - raft.grpc.server.host = null (default)
2023-02-16 16:35:33,963 [Listener at 127.0.0.1/38619] INFO  grpc.GrpcConfigKeys (ConfUtils.java:logGet(46)) - raft.grpc.server.port = 0 (default)
2023-02-16 16:35:33,963 [Listener at 127.0.0.1/38619] INFO  server.GrpcService (ConfUtils.java:logGet(46)) - raft.grpc.message.size.max = 32MB (=33554432) (custom)
2023-02-16 16:35:33,963 [Listener at 127.0.0.1/38619] INFO  server.RaftServerConfigKeys (ConfUtils.java:logGet(46)) - raft.server.log.appender.buffer.byte-limit = 33554432 (custom)
2023-02-16 16:35:33,964 [Listener at 127.0.0.1/38619] INFO  server.GrpcService (ConfUtils.java:logGet(46)) - raft.grpc.flow.control.window = 5MB (=5242880) (custom)
2023-02-16 16:35:33,964 [Listener at 127.0.0.1/38619] INFO  server.RaftServerConfigKeys (ConfUtils.java:logGet(46)) - raft.server.rpc.request.timeout = 60s (custom)
2023-02-16 16:35:33,964 [Listener at 127.0.0.1/38619] INFO  grpc.GrpcConfigKeys (ConfUtils.java:logGet(46)) - raft.grpc.server.heartbeat.channel = true (default)
2023-02-16 16:35:33,964 [Listener at 127.0.0.1/38619] INFO  grpc.GrpcConfigKeys (ConfUtils.java:logGet(46)) - raft.grpc.server.async.request.thread.pool.cached = true (default)
2023-02-16 16:35:33,964 [Listener at 127.0.0.1/38619] INFO  grpc.GrpcConfigKeys (ConfUtils.java:logGet(46)) - raft.grpc.server.async.request.thread.pool.size = 32 (default)
2023-02-16 16:35:33,965 [Listener at 127.0.0.1/38619] INFO  impl.DataStreamServerImpl (ConfUtils.java:logGet(46)) - raft.datastream.type = NETTY (custom)
2023-02-16 16:35:33,965 [Listener at 127.0.0.1/38619] INFO  server.RaftServerConfigKeys (ConfUtils.java:logGet(46)) - raft.server.data-stream.async.request.thread.pool.cached = false (default)
2023-02-16 16:35:33,966 [Listener at 127.0.0.1/38619] INFO  server.RaftServerConfigKeys (ConfUtils.java:logGet(46)) - raft.server.data-stream.async.request.thread.pool.size = 20 (custom)
2023-02-16 16:35:33,966 [Listener at 127.0.0.1/38619] INFO  server.RaftServerConfigKeys (ConfUtils.java:logGet(46)) - raft.server.data-stream.async.write.thread.pool.size = 16 (default)
2023-02-16 16:35:33,966 [Listener at 127.0.0.1/38619] INFO  server.RaftServerConfigKeys (ConfUtils.java:logGet(46)) - raft.server.data-stream.client.pool.size = 10 (default)
2023-02-16 16:35:33,966 [Listener at 127.0.0.1/38619] INFO  netty.NettyConfigKeys$DataStream (ConfUtils.java:logGet(46)) - raft.netty.dataStream.server.use-epoll = false (default)
2023-02-16 16:35:33,966 [Listener at 127.0.0.1/38619] INFO  netty.NettyConfigKeys$DataStream (ConfUtils.java:logGet(46)) - raft.netty.dataStream.server.boss-group.size = 0 (default)
2023-02-16 16:35:33,966 [Listener at 127.0.0.1/38619] INFO  netty.NettyConfigKeys$DataStream (ConfUtils.java:logGet(46)) - raft.netty.dataStream.server.worker-group.size = 0 (default)
2023-02-16 16:35:33,968 [Listener at 127.0.0.1/38619] INFO  netty.NettyConfigKeys$DataStream (ConfUtils.java:logGet(46)) - raft.netty.dataStream.server.tls.conf = null (default)
2023-02-16 16:35:33,968 [Listener at 127.0.0.1/38619] INFO  netty.NettyConfigKeys$DataStream (ConfUtils.java:logGet(46)) - raft.netty.dataStream.host = null (default)
2023-02-16 16:35:33,968 [Listener at 127.0.0.1/38619] INFO  netty.NettyConfigKeys$DataStream (ConfUtils.java:logGet(46)) - raft.netty.dataStream.port = 0 (default)
2023-02-16 16:35:33,968 [Listener at 127.0.0.1/38619] INFO  server.RaftServerConfigKeys (ConfUtils.java:logGet(46)) - raft.server.threadpool.proxy.cached = true (default)
2023-02-16 16:35:33,968 [Listener at 127.0.0.1/38619] INFO  server.RaftServerConfigKeys (ConfUtils.java:logGet(46)) - raft.server.threadpool.proxy.size = 0 (default)
2023-02-16 16:35:33,969 [Listener at 127.0.0.1/38619] INFO  server.RaftServerConfigKeys (ConfUtils.java:logGet(46)) - raft.server.rpc.slowness.timeout = 300s (custom)
2023-02-16 16:35:33,969 [Listener at 127.0.0.1/38619] INFO  server.RaftServerConfigKeys (ConfUtils.java:logGet(46)) - raft.server.leaderelection.leader.step-down.wait-time = 10s (default)
2023-02-16 16:35:33,969 [Listener at 127.0.0.1/38619] INFO  server.RaftServerConfigKeys (ConfUtils.java:logGet(46)) - raft.server.storage.dir = [/home/runner/work/ozone/ozone/hadoop-ozone/integration-test/target/test-dir/MiniOzoneClusterImpl-b3d396d2-53dd-4e8c-be8e-68e1d9cb948b/datanode-0/data/ratis] (custom)
2023-02-16 16:35:33,969 [832c6eac-c5e0-4404-a712-42768f90b279-NettyServerStreamRpc-bossGroup--thread1] INFO  logging.LoggingHandler (AbstractInternalLogger.java:log(148)) - [id: 0x37fb31dc] REGISTERED
2023-02-16 16:35:33,969 [832c6eac-c5e0-4404-a712-42768f90b279-NettyServerStreamRpc-bossGroup--thread1] INFO  logging.LoggingHandler (AbstractInternalLogger.java:log(148)) - [id: 0x37fb31dc] BIND: 0.0.0.0/0.0.0.0:0
2023-02-16 16:35:33,969 [832c6eac-c5e0-4404-a712-42768f90b279-NettyServerStreamRpc-bossGroup--thread1] INFO  logging.LoggingHandler (AbstractInternalLogger.java:log(148)) - [id: 0x37fb31dc, L:/0:0:0:0:0:0:0:0:39199] ACTIVE
2023-02-16 16:35:33,971 [Listener at 127.0.0.1/38619] INFO  server.XceiverServerGrpc (XceiverServerGrpc.java:<init>(132)) - GrpcServer channel type EpollServerSocketChannel
2023-02-16 16:35:33,974 [Listener at 127.0.0.1/38619] INFO  http.BaseHttpServer (BaseHttpServer.java:newHttpServer2BuilderForOzone(213)) - Starting Web-server for hddsDatanode at: http://0.0.0.0:0
2023-02-16 16:35:33,974 [Listener at 127.0.0.1/38619] INFO  http.BaseHttpServer (BaseHttpServer.java:<init>(108)) - Hadoop Security Enabled: false Ozone Security Enabled: false Ozone HTTP Security Enabled: false 
2023-02-16 16:35:33,975 [Listener at 127.0.0.1/38619] WARN  server.AuthenticationFilter (AuthenticationFilter.java:constructSecretProvider(240)) - Unable to initialize FileSignerSecretProvider, falling back to use random secrets. Reason: Could not read signature secret file: /home/runner/hadoop-http-auth-signature-secret
2023-02-16 16:35:33,976 [Listener at 127.0.0.1/38619] WARN  http.HttpRequestLog (HttpRequestLog.java:getRequestLog(103)) - Jetty request log can only be enabled using Log4j
2023-02-16 16:35:33,977 [Listener at 127.0.0.1/38619] INFO  http.HttpServer2 (HttpServer2.java:addGlobalFilter(1031)) - Added global filter 'safety' (class=org.apache.hadoop.hdds.server.http.HttpServer2$QuotingInputFilter)
2023-02-16 16:35:33,977 [Listener at 127.0.0.1/38619] INFO  http.HttpServer2 (HttpServer2.java:addFilter(1007)) - Added filter static_user_filter (class=org.apache.hadoop.http.lib.StaticUserWebFilter$StaticUserFilter) to context hddsDatanode
2023-02-16 16:35:33,977 [Listener at 127.0.0.1/38619] INFO  http.HttpServer2 (HttpServer2.java:addFilter(1015)) - Added filter static_user_filter (class=org.apache.hadoop.http.lib.StaticUserWebFilter$StaticUserFilter) to context logs
2023-02-16 16:35:33,977 [Listener at 127.0.0.1/38619] INFO  http.HttpServer2 (HttpServer2.java:addFilter(1015)) - Added filter static_user_filter (class=org.apache.hadoop.http.lib.StaticUserWebFilter$StaticUserFilter) to context static
2023-02-16 16:35:33,978 [Listener at 127.0.0.1/38619] INFO  http.HttpServer2 (HttpServer2.java:bindListener(1250)) - Jetty bound to port 43655
2023-02-16 16:35:33,978 [Listener at 127.0.0.1/38619] INFO  server.Server (Server.java:doStart(375)) - jetty-9.4.49.v20220914; built: 2022-09-14T01:07:36.601Z; git: 4231a3b2e4cb8548a412a789936d640a97b1aa0a; jvm 1.8.0_362-b09
2023-02-16 16:35:33,979 [Listener at 127.0.0.1/38619] INFO  server.session (DefaultSessionIdManager.java:doStart(334)) - DefaultSessionIdManager workerName=node0
2023-02-16 16:35:33,979 [Listener at 127.0.0.1/38619] INFO  server.session (DefaultSessionIdManager.java:doStart(339)) - No SessionScavenger set, using defaults
2023-02-16 16:35:33,979 [Listener at 127.0.0.1/38619] INFO  server.session (HouseKeeper.java:startScavenging(132)) - node0 Scavenging every 600000ms
2023-02-16 16:35:33,980 [Listener at 127.0.0.1/38619] INFO  handler.ContextHandler (ContextHandler.java:doStart(921)) - Started o.e.j.s.ServletContextHandler@44f35879{logs,/logs,file:///home/runner/work/ozone/ozone/hadoop-ozone/integration-test/target/log,AVAILABLE}
2023-02-16 16:35:33,980 [Listener at 127.0.0.1/38619] INFO  handler.ContextHandler (ContextHandler.java:doStart(921)) - Started o.e.j.s.ServletContextHandler@7f64de7b{static,/static,jar:file:/home/runner/.m2/repository/org/apache/ozone/hdds-container-service/1.4.0-SNAPSHOT/hdds-container-service-1.4.0-SNAPSHOT.jar!/webapps/static,AVAILABLE}
2023-02-16 16:35:34,178 [Listener at 127.0.0.1/38619] INFO  handler.ContextHandler (ContextHandler.java:doStart(921)) - Started o.e.j.w.WebAppContext@21438075{hddsDatanode,/,file:///tmp/jetty-0_0_0_0-43655-hdds-container-service-1_4_0-SNAPSHOT_jar-_-any-1520629427148470402/webapp/,AVAILABLE}{jar:file:/home/runner/.m2/repository/org/apache/ozone/hdds-container-service/1.4.0-SNAPSHOT/hdds-container-service-1.4.0-SNAPSHOT.jar!/webapps/hddsDatanode}
2023-02-16 16:35:34,179 [Listener at 127.0.0.1/38619] INFO  server.AbstractConnector (AbstractConnector.java:doStart(333)) - Started ServerConnector@4da1706f{HTTP/1.1, (http/1.1)}{0.0.0.0:43655}
2023-02-16 16:35:34,179 [Listener at 127.0.0.1/38619] INFO  server.Server (Server.java:doStart(415)) - Started @167781ms
2023-02-16 16:35:34,180 [Listener at 127.0.0.1/38619] WARN  impl.MetricsSystemImpl (MetricsSystemImpl.java:register(279)) - Sink prometheus already exists!
2023-02-16 16:35:34,180 [Listener at 127.0.0.1/38619] INFO  http.BaseHttpServer (BaseHttpServer.java:updateConnectorAddress(333)) - HTTP server of hddsDatanode listening at http://0.0.0.0:43655
2023-02-16 16:35:34,180 [Datanode State Machine Daemon Thread] INFO  statemachine.DatanodeStateMachine (DatanodeStateMachine.java:lambda$startDaemon$0(516)) - Ozone container server started.
2023-02-16 16:35:34,180 [Listener at 127.0.0.1/38619] WARN  impl.MetricRegistriesImpl (MetricRegistriesImpl.java:addReporterRegistration(111)) - New reporters are added after registries were created. Some metrics will be missing from the reporter. Please add reporter before adding any new registry.
2023-02-16 16:35:34,181 [Listener at 127.0.0.1/38619] WARN  impl.MetricRegistriesImpl (MetricRegistriesImpl.java:addReporterRegistration(111)) - New reporters are added after registries were created. Some metrics will be missing from the reporter. Please add reporter before adding any new registry.
2023-02-16 16:35:34,181 [Listener at 127.0.0.1/38619] INFO  impl.MetricsSystemImpl (MetricsSystemImpl.java:init(158)) - HddsDatanode metrics system started (again)
2023-02-16 16:35:34,192 [org.apache.hadoop.util.JvmPauseMonitor$Monitor@69d43543] INFO  util.JvmPauseMonitor (JvmPauseMonitor.java:run(188)) - Starting JVM pause monitor
2023-02-16 16:35:34,192 [Listener at 127.0.0.1/38619] INFO  ozone.HddsDatanodeService (HddsDatanodeService.java:start(228)) - HddsDatanodeService host:fv-az167-289.21ktoceh2wee5fewwtpg1zd01g.bx.internal.cloudapp.net ip:10.1.0.66
2023-02-16 16:35:34,197 [Datanode State Machine Task Thread - 0] INFO  datanode.InitDatanodeState (InitDatanodeState.java:persistContainerDatanodeDetails(138)) - DatanodeDetails is persisted to /home/runner/work/ozone/ozone/hadoop-ozone/integration-test/target/test-dir/MiniOzoneClusterImpl-b3d396d2-53dd-4e8c-be8e-68e1d9cb948b/datanode-0/meta/datanode.id
2023-02-16 16:35:34,209 [Listener at 127.0.0.1/38619] INFO  upgrade.AbstractLayoutVersionManager (AbstractLayoutVersionManager.java:init(83)) - Initializing Layout version manager with metadata layout = DATANODE_SCHEMA_V3 (version = 4), software layout = DATANODE_SCHEMA_V3 (version = 4)
2023-02-16 16:35:34,252 [Listener at 127.0.0.1/38619] INFO  reflections.Reflections (Reflections.java:scan(232)) - Reflections took 42 ms to scan 7 urls, producing 150 keys and 362 values 
2023-02-16 16:35:34,253 [Listener at 127.0.0.1/38619] INFO  statemachine.DatanodeStateMachine (DatanodeStateMachine.java:getEndPointTaskThreadPoolSize(260)) - Datanode State Machine Task Thread Pool size 2
2023-02-16 16:35:34,259 [Listener at 127.0.0.1/38619] INFO  volume.HddsVolume (HddsVolume.java:<init>(122)) - Creating HddsVolume: /home/runner/work/ozone/ozone/hadoop-ozone/integration-test/target/test-dir/MiniOzoneClusterImpl-b3d396d2-53dd-4e8c-be8e-68e1d9cb948b/datanode-1/data-0/containers/hdds of storage type : DISK capacity : 9223372036854775807
2023-02-16 16:35:34,259 [Listener at 127.0.0.1/38619] INFO  volume.MutableVolumeSet (MutableVolumeSet.java:initializeVolumeSet(174)) - Added Volume : /home/runner/work/ozone/ozone/hadoop-ozone/integration-test/target/test-dir/MiniOzoneClusterImpl-b3d396d2-53dd-4e8c-be8e-68e1d9cb948b/datanode-1/data-0/containers/hdds to VolumeSet
2023-02-16 16:35:34,260 [Listener at 127.0.0.1/38619] INFO  volume.ThrottledAsyncChecker (ThrottledAsyncChecker.java:schedule(141)) - Scheduling a check for /home/runner/work/ozone/ozone/hadoop-ozone/integration-test/target/test-dir/MiniOzoneClusterImpl-b3d396d2-53dd-4e8c-be8e-68e1d9cb948b/datanode-1/data-0/containers/hdds
2023-02-16 16:35:34,263 [Listener at 127.0.0.1/38619] INFO  volume.StorageVolumeChecker (StorageVolumeChecker.java:checkAllVolumes(202)) - Scheduled health check for volume /home/runner/work/ozone/ozone/hadoop-ozone/integration-test/target/test-dir/MiniOzoneClusterImpl-b3d396d2-53dd-4e8c-be8e-68e1d9cb948b/datanode-1/data-0/containers/hdds
2023-02-16 16:35:34,274 [Listener at 127.0.0.1/38619] INFO  volume.MutableVolumeSet (MutableVolumeSet.java:initializeVolumeSet(174)) - Added Volume : /home/runner/work/ozone/ozone/hadoop-ozone/integration-test/target/test-dir/MiniOzoneClusterImpl-b3d396d2-53dd-4e8c-be8e-68e1d9cb948b/datanode-1/data/ratis to VolumeSet
2023-02-16 16:35:34,274 [Listener at 127.0.0.1/38619] INFO  volume.ThrottledAsyncChecker (ThrottledAsyncChecker.java:schedule(141)) - Scheduling a check for /home/runner/work/ozone/ozone/hadoop-ozone/integration-test/target/test-dir/MiniOzoneClusterImpl-b3d396d2-53dd-4e8c-be8e-68e1d9cb948b/datanode-1/data/ratis
2023-02-16 16:35:34,274 [Listener at 127.0.0.1/38619] INFO  volume.StorageVolumeChecker (StorageVolumeChecker.java:checkAllVolumes(202)) - Scheduled health check for volume /home/runner/work/ozone/ozone/hadoop-ozone/integration-test/target/test-dir/MiniOzoneClusterImpl-b3d396d2-53dd-4e8c-be8e-68e1d9cb948b/datanode-1/data/ratis
2023-02-16 16:35:34,284 [Thread-1408] INFO  ozoneimpl.ContainerReader (ContainerReader.java:readVolume(175)) - Finish verifying containers on volume /home/runner/work/ozone/ozone/hadoop-ozone/integration-test/target/test-dir/MiniOzoneClusterImpl-b3d396d2-53dd-4e8c-be8e-68e1d9cb948b/datanode-1/data-0/containers/hdds
2023-02-16 16:35:34,284 [Listener at 127.0.0.1/38619] INFO  ozoneimpl.OzoneContainer (OzoneContainer.java:buildContainerSet(304)) - Build ContainerSet costs 0s
2023-02-16 16:35:34,287 [Listener at 127.0.0.1/38619] INFO  server.RaftServer (ConfUtils.java:logGet(46)) - raft.rpc.type = GRPC (default)
2023-02-16 16:35:34,287 [Listener at 127.0.0.1/38619] INFO  grpc.GrpcConfigKeys (ConfUtils.java:logFallback(53)) - raft.grpc.admin.host = null (fallback to raft.grpc.server.host)
2023-02-16 16:35:34,288 [Listener at 127.0.0.1/38619] INFO  grpc.GrpcConfigKeys (ConfUtils.java:logGet(46)) - raft.grpc.admin.port = 0 (custom)
2023-02-16 16:35:34,288 [Listener at 127.0.0.1/38619] INFO  grpc.GrpcConfigKeys (ConfUtils.java:logFallback(53)) - raft.grpc.client.host = null (fallback to raft.grpc.server.host)
2023-02-16 16:35:34,288 [Listener at 127.0.0.1/38619] INFO  grpc.GrpcConfigKeys (ConfUtils.java:logGet(46)) - raft.grpc.client.port = 0 (custom)
2023-02-16 16:35:34,288 [Listener at 127.0.0.1/38619] INFO  grpc.GrpcConfigKeys (ConfUtils.java:logGet(46)) - raft.grpc.server.host = null (default)
2023-02-16 16:35:34,288 [Listener at 127.0.0.1/38619] INFO  grpc.GrpcConfigKeys (ConfUtils.java:logGet(46)) - raft.grpc.server.port = 0 (default)
2023-02-16 16:35:34,288 [Listener at 127.0.0.1/38619] INFO  server.GrpcService (ConfUtils.java:logGet(46)) - raft.grpc.message.size.max = 32MB (=33554432) (custom)
2023-02-16 16:35:34,288 [Listener at 127.0.0.1/38619] INFO  server.RaftServerConfigKeys (ConfUtils.java:logGet(46)) - raft.server.log.appender.buffer.byte-limit = 33554432 (custom)
2023-02-16 16:35:34,288 [Listener at 127.0.0.1/38619] INFO  server.GrpcService (ConfUtils.java:logGet(46)) - raft.grpc.flow.control.window = 5MB (=5242880) (custom)
2023-02-16 16:35:34,288 [Listener at 127.0.0.1/38619] INFO  server.RaftServerConfigKeys (ConfUtils.java:logGet(46)) - raft.server.rpc.request.timeout = 60s (custom)
2023-02-16 16:35:34,288 [Listener at 127.0.0.1/38619] INFO  grpc.GrpcConfigKeys (ConfUtils.java:logGet(46)) - raft.grpc.server.heartbeat.channel = true (default)
2023-02-16 16:35:34,288 [Listener at 127.0.0.1/38619] INFO  grpc.GrpcConfigKeys (ConfUtils.java:logGet(46)) - raft.grpc.server.async.request.thread.pool.cached = true (default)
2023-02-16 16:35:34,288 [Listener at 127.0.0.1/38619] INFO  grpc.GrpcConfigKeys (ConfUtils.java:logGet(46)) - raft.grpc.server.async.request.thread.pool.size = 32 (default)
2023-02-16 16:35:34,289 [Listener at 127.0.0.1/38619] INFO  impl.DataStreamServerImpl (ConfUtils.java:logGet(46)) - raft.datastream.type = NETTY (custom)
2023-02-16 16:35:34,290 [Listener at 127.0.0.1/38619] INFO  server.RaftServerConfigKeys (ConfUtils.java:logGet(46)) - raft.server.data-stream.async.request.thread.pool.cached = false (default)
2023-02-16 16:35:34,290 [Listener at 127.0.0.1/38619] INFO  server.RaftServerConfigKeys (ConfUtils.java:logGet(46)) - raft.server.data-stream.async.request.thread.pool.size = 20 (custom)
2023-02-16 16:35:34,290 [Listener at 127.0.0.1/38619] INFO  server.RaftServerConfigKeys (ConfUtils.java:logGet(46)) - raft.server.data-stream.async.write.thread.pool.size = 16 (default)
2023-02-16 16:35:34,290 [Listener at 127.0.0.1/38619] INFO  server.RaftServerConfigKeys (ConfUtils.java:logGet(46)) - raft.server.data-stream.client.pool.size = 10 (default)
2023-02-16 16:35:34,290 [Listener at 127.0.0.1/38619] INFO  netty.NettyConfigKeys$DataStream (ConfUtils.java:logGet(46)) - raft.netty.dataStream.server.use-epoll = false (default)
2023-02-16 16:35:34,290 [Listener at 127.0.0.1/38619] INFO  netty.NettyConfigKeys$DataStream (ConfUtils.java:logGet(46)) - raft.netty.dataStream.server.boss-group.size = 0 (default)
2023-02-16 16:35:34,290 [Listener at 127.0.0.1/38619] INFO  netty.NettyConfigKeys$DataStream (ConfUtils.java:logGet(46)) - raft.netty.dataStream.server.worker-group.size = 0 (default)
2023-02-16 16:35:34,291 [Listener at 127.0.0.1/38619] INFO  netty.NettyConfigKeys$DataStream (ConfUtils.java:logGet(46)) - raft.netty.dataStream.server.tls.conf = null (default)
2023-02-16 16:35:34,291 [Listener at 127.0.0.1/38619] INFO  netty.NettyConfigKeys$DataStream (ConfUtils.java:logGet(46)) - raft.netty.dataStream.host = null (default)
2023-02-16 16:35:34,291 [Listener at 127.0.0.1/38619] INFO  netty.NettyConfigKeys$DataStream (ConfUtils.java:logGet(46)) - raft.netty.dataStream.port = 0 (default)
2023-02-16 16:35:34,291 [Listener at 127.0.0.1/38619] INFO  server.RaftServerConfigKeys (ConfUtils.java:logGet(46)) - raft.server.threadpool.proxy.cached = true (default)
2023-02-16 16:35:34,291 [Listener at 127.0.0.1/38619] INFO  server.RaftServerConfigKeys (ConfUtils.java:logGet(46)) - raft.server.threadpool.proxy.size = 0 (default)
2023-02-16 16:35:34,291 [Listener at 127.0.0.1/38619] INFO  server.RaftServerConfigKeys (ConfUtils.java:logGet(46)) - raft.server.rpc.slowness.timeout = 300s (custom)
2023-02-16 16:35:34,291 [Listener at 127.0.0.1/38619] INFO  server.RaftServerConfigKeys (ConfUtils.java:logGet(46)) - raft.server.leaderelection.leader.step-down.wait-time = 10s (default)
2023-02-16 16:35:34,291 [cfe669b9-663a-43f7-806f-76176ea695bf-NettyServerStreamRpc-bossGroup--thread1] INFO  logging.LoggingHandler (AbstractInternalLogger.java:log(148)) - [id: 0x78c6fcf8] REGISTERED
2023-02-16 16:35:34,292 [Listener at 127.0.0.1/38619] INFO  server.RaftServerConfigKeys (ConfUtils.java:logGet(46)) - raft.server.storage.dir = [/home/runner/work/ozone/ozone/hadoop-ozone/integration-test/target/test-dir/MiniOzoneClusterImpl-b3d396d2-53dd-4e8c-be8e-68e1d9cb948b/datanode-1/data/ratis] (custom)
2023-02-16 16:35:34,292 [cfe669b9-663a-43f7-806f-76176ea695bf-NettyServerStreamRpc-bossGroup--thread1] INFO  logging.LoggingHandler (AbstractInternalLogger.java:log(148)) - [id: 0x78c6fcf8] BIND: 0.0.0.0/0.0.0.0:0
2023-02-16 16:35:34,292 [cfe669b9-663a-43f7-806f-76176ea695bf-NettyServerStreamRpc-bossGroup--thread1] INFO  logging.LoggingHandler (AbstractInternalLogger.java:log(148)) - [id: 0x78c6fcf8, L:/0:0:0:0:0:0:0:0:39659] ACTIVE
2023-02-16 16:35:34,294 [Listener at 127.0.0.1/38619] INFO  server.XceiverServerGrpc (XceiverServerGrpc.java:<init>(132)) - GrpcServer channel type EpollServerSocketChannel
2023-02-16 16:35:34,297 [Listener at 127.0.0.1/38619] INFO  http.BaseHttpServer (BaseHttpServer.java:newHttpServer2BuilderForOzone(213)) - Starting Web-server for hddsDatanode at: http://0.0.0.0:0
2023-02-16 16:35:34,297 [Listener at 127.0.0.1/38619] INFO  http.BaseHttpServer (BaseHttpServer.java:<init>(108)) - Hadoop Security Enabled: false Ozone Security Enabled: false Ozone HTTP Security Enabled: false 
2023-02-16 16:35:34,298 [Listener at 127.0.0.1/38619] WARN  server.AuthenticationFilter (AuthenticationFilter.java:constructSecretProvider(240)) - Unable to initialize FileSignerSecretProvider, falling back to use random secrets. Reason: Could not read signature secret file: /home/runner/hadoop-http-auth-signature-secret
2023-02-16 16:35:34,300 [Listener at 127.0.0.1/38619] WARN  http.HttpRequestLog (HttpRequestLog.java:getRequestLog(103)) - Jetty request log can only be enabled using Log4j
2023-02-16 16:35:34,301 [Listener at 127.0.0.1/38619] INFO  http.HttpServer2 (HttpServer2.java:addGlobalFilter(1031)) - Added global filter 'safety' (class=org.apache.hadoop.hdds.server.http.HttpServer2$QuotingInputFilter)
2023-02-16 16:35:34,301 [Listener at 127.0.0.1/38619] INFO  http.HttpServer2 (HttpServer2.java:addFilter(1007)) - Added filter static_user_filter (class=org.apache.hadoop.http.lib.StaticUserWebFilter$StaticUserFilter) to context hddsDatanode
2023-02-16 16:35:34,301 [Listener at 127.0.0.1/38619] INFO  http.HttpServer2 (HttpServer2.java:addFilter(1015)) - Added filter static_user_filter (class=org.apache.hadoop.http.lib.StaticUserWebFilter$StaticUserFilter) to context logs
2023-02-16 16:35:34,301 [Listener at 127.0.0.1/38619] INFO  http.HttpServer2 (HttpServer2.java:addFilter(1015)) - Added filter static_user_filter (class=org.apache.hadoop.http.lib.StaticUserWebFilter$StaticUserFilter) to context static
2023-02-16 16:35:34,302 [Listener at 127.0.0.1/38619] INFO  http.HttpServer2 (HttpServer2.java:bindListener(1250)) - Jetty bound to port 35531
2023-02-16 16:35:34,302 [Listener at 127.0.0.1/38619] INFO  server.Server (Server.java:doStart(375)) - jetty-9.4.49.v20220914; built: 2022-09-14T01:07:36.601Z; git: 4231a3b2e4cb8548a412a789936d640a97b1aa0a; jvm 1.8.0_362-b09
2023-02-16 16:35:34,309 [Listener at 127.0.0.1/38619] INFO  server.session (DefaultSessionIdManager.java:doStart(334)) - DefaultSessionIdManager workerName=node0
2023-02-16 16:35:34,309 [Listener at 127.0.0.1/38619] INFO  server.session (DefaultSessionIdManager.java:doStart(339)) - No SessionScavenger set, using defaults
2023-02-16 16:35:34,309 [Listener at 127.0.0.1/38619] INFO  server.session (HouseKeeper.java:startScavenging(132)) - node0 Scavenging every 600000ms
2023-02-16 16:35:34,310 [Listener at 127.0.0.1/38619] INFO  handler.ContextHandler (ContextHandler.java:doStart(921)) - Started o.e.j.s.ServletContextHandler@6cbd4f7b{logs,/logs,file:///home/runner/work/ozone/ozone/hadoop-ozone/integration-test/target/log,AVAILABLE}
2023-02-16 16:35:34,310 [Listener at 127.0.0.1/38619] INFO  handler.ContextHandler (ContextHandler.java:doStart(921)) - Started o.e.j.s.ServletContextHandler@372afb40{static,/static,jar:file:/home/runner/.m2/repository/org/apache/ozone/hdds-container-service/1.4.0-SNAPSHOT/hdds-container-service-1.4.0-SNAPSHOT.jar!/webapps/static,AVAILABLE}
2023-02-16 16:35:34,505 [Listener at 127.0.0.1/38619] INFO  handler.ContextHandler (ContextHandler.java:doStart(921)) - Started o.e.j.w.WebAppContext@7e529789{hddsDatanode,/,file:///tmp/jetty-0_0_0_0-35531-hdds-container-service-1_4_0-SNAPSHOT_jar-_-any-8358612435787880152/webapp/,AVAILABLE}{jar:file:/home/runner/.m2/repository/org/apache/ozone/hdds-container-service/1.4.0-SNAPSHOT/hdds-container-service-1.4.0-SNAPSHOT.jar!/webapps/hddsDatanode}
2023-02-16 16:35:34,506 [Listener at 127.0.0.1/38619] INFO  server.AbstractConnector (AbstractConnector.java:doStart(333)) - Started ServerConnector@33633cf0{HTTP/1.1, (http/1.1)}{0.0.0.0:35531}
2023-02-16 16:35:34,506 [Listener at 127.0.0.1/38619] INFO  server.Server (Server.java:doStart(415)) - Started @168108ms
2023-02-16 16:35:34,506 [Listener at 127.0.0.1/38619] WARN  impl.MetricsSystemImpl (MetricsSystemImpl.java:register(279)) - Sink prometheus already exists!
2023-02-16 16:35:34,507 [Listener at 127.0.0.1/38619] INFO  http.BaseHttpServer (BaseHttpServer.java:updateConnectorAddress(333)) - HTTP server of hddsDatanode listening at http://0.0.0.0:35531
2023-02-16 16:35:34,507 [Listener at 127.0.0.1/38619] WARN  impl.MetricRegistriesImpl (MetricRegistriesImpl.java:addReporterRegistration(111)) - New reporters are added after registries were created. Some metrics will be missing from the reporter. Please add reporter before adding any new registry.
2023-02-16 16:35:34,507 [Listener at 127.0.0.1/38619] WARN  impl.MetricRegistriesImpl (MetricRegistriesImpl.java:addReporterRegistration(111)) - New reporters are added after registries were created. Some metrics will be missing from the reporter. Please add reporter before adding any new registry.
2023-02-16 16:35:34,507 [Datanode State Machine Daemon Thread] INFO  statemachine.DatanodeStateMachine (DatanodeStateMachine.java:lambda$startDaemon$0(516)) - Ozone container server started.
2023-02-16 16:35:34,507 [Listener at 127.0.0.1/38619] INFO  impl.MetricsSystemImpl (MetricsSystemImpl.java:init(158)) - HddsDatanode metrics system started (again)
2023-02-16 16:35:34,519 [Listener at 127.0.0.1/38619] INFO  ozone.HddsDatanodeService (HddsDatanodeService.java:start(228)) - HddsDatanodeService host:fv-az167-289.21ktoceh2wee5fewwtpg1zd01g.bx.internal.cloudapp.net ip:10.1.0.66
2023-02-16 16:35:34,533 [org.apache.hadoop.util.JvmPauseMonitor$Monitor@590df52a] INFO  util.JvmPauseMonitor (JvmPauseMonitor.java:run(188)) - Starting JVM pause monitor
2023-02-16 16:35:34,535 [Datanode State Machine Task Thread - 0] INFO  datanode.InitDatanodeState (InitDatanodeState.java:persistContainerDatanodeDetails(138)) - DatanodeDetails is persisted to /home/runner/work/ozone/ozone/hadoop-ozone/integration-test/target/test-dir/MiniOzoneClusterImpl-b3d396d2-53dd-4e8c-be8e-68e1d9cb948b/datanode-1/meta/datanode.id
2023-02-16 16:35:34,542 [Listener at 127.0.0.1/38619] INFO  upgrade.AbstractLayoutVersionManager (AbstractLayoutVersionManager.java:init(83)) - Initializing Layout version manager with metadata layout = DATANODE_SCHEMA_V3 (version = 4), software layout = DATANODE_SCHEMA_V3 (version = 4)
2023-02-16 16:35:34,585 [Listener at 127.0.0.1/38619] INFO  reflections.Reflections (Reflections.java:scan(232)) - Reflections took 42 ms to scan 7 urls, producing 150 keys and 362 values 
2023-02-16 16:35:34,586 [Listener at 127.0.0.1/38619] INFO  statemachine.DatanodeStateMachine (DatanodeStateMachine.java:getEndPointTaskThreadPoolSize(260)) - Datanode State Machine Task Thread Pool size 2
2023-02-16 16:35:34,587 [Listener at 127.0.0.1/38619] INFO  volume.HddsVolume (HddsVolume.java:<init>(122)) - Creating HddsVolume: /home/runner/work/ozone/ozone/hadoop-ozone/integration-test/target/test-dir/MiniOzoneClusterImpl-b3d396d2-53dd-4e8c-be8e-68e1d9cb948b/datanode-2/data-0/containers/hdds of storage type : DISK capacity : 9223372036854775807
2023-02-16 16:35:34,587 [Listener at 127.0.0.1/38619] INFO  volume.MutableVolumeSet (MutableVolumeSet.java:initializeVolumeSet(174)) - Added Volume : /home/runner/work/ozone/ozone/hadoop-ozone/integration-test/target/test-dir/MiniOzoneClusterImpl-b3d396d2-53dd-4e8c-be8e-68e1d9cb948b/datanode-2/data-0/containers/hdds to VolumeSet
2023-02-16 16:35:34,587 [Listener at 127.0.0.1/38619] INFO  volume.ThrottledAsyncChecker (ThrottledAsyncChecker.java:schedule(141)) - Scheduling a check for /home/runner/work/ozone/ozone/hadoop-ozone/integration-test/target/test-dir/MiniOzoneClusterImpl-b3d396d2-53dd-4e8c-be8e-68e1d9cb948b/datanode-2/data-0/containers/hdds
2023-02-16 16:35:34,588 [Listener at 127.0.0.1/38619] INFO  volume.StorageVolumeChecker (StorageVolumeChecker.java:checkAllVolumes(202)) - Scheduled health check for volume /home/runner/work/ozone/ozone/hadoop-ozone/integration-test/target/test-dir/MiniOzoneClusterImpl-b3d396d2-53dd-4e8c-be8e-68e1d9cb948b/datanode-2/data-0/containers/hdds
2023-02-16 16:35:34,598 [Listener at 127.0.0.1/38619] INFO  volume.MutableVolumeSet (MutableVolumeSet.java:initializeVolumeSet(174)) - Added Volume : /home/runner/work/ozone/ozone/hadoop-ozone/integration-test/target/test-dir/MiniOzoneClusterImpl-b3d396d2-53dd-4e8c-be8e-68e1d9cb948b/datanode-2/data/ratis to VolumeSet
2023-02-16 16:35:34,598 [Listener at 127.0.0.1/38619] INFO  volume.ThrottledAsyncChecker (ThrottledAsyncChecker.java:schedule(141)) - Scheduling a check for /home/runner/work/ozone/ozone/hadoop-ozone/integration-test/target/test-dir/MiniOzoneClusterImpl-b3d396d2-53dd-4e8c-be8e-68e1d9cb948b/datanode-2/data/ratis
2023-02-16 16:35:34,599 [Listener at 127.0.0.1/38619] INFO  volume.StorageVolumeChecker (StorageVolumeChecker.java:checkAllVolumes(202)) - Scheduled health check for volume /home/runner/work/ozone/ozone/hadoop-ozone/integration-test/target/test-dir/MiniOzoneClusterImpl-b3d396d2-53dd-4e8c-be8e-68e1d9cb948b/datanode-2/data/ratis
2023-02-16 16:35:34,609 [Thread-1422] INFO  ozoneimpl.ContainerReader (ContainerReader.java:readVolume(175)) - Finish verifying containers on volume /home/runner/work/ozone/ozone/hadoop-ozone/integration-test/target/test-dir/MiniOzoneClusterImpl-b3d396d2-53dd-4e8c-be8e-68e1d9cb948b/datanode-2/data-0/containers/hdds
2023-02-16 16:35:34,609 [Listener at 127.0.0.1/38619] INFO  ozoneimpl.OzoneContainer (OzoneContainer.java:buildContainerSet(304)) - Build ContainerSet costs 0s
2023-02-16 16:35:34,611 [Listener at 127.0.0.1/38619] INFO  server.RaftServer (ConfUtils.java:logGet(46)) - raft.rpc.type = GRPC (default)
2023-02-16 16:35:34,611 [Listener at 127.0.0.1/38619] INFO  grpc.GrpcConfigKeys (ConfUtils.java:logFallback(53)) - raft.grpc.admin.host = null (fallback to raft.grpc.server.host)
2023-02-16 16:35:34,611 [Listener at 127.0.0.1/38619] INFO  grpc.GrpcConfigKeys (ConfUtils.java:logGet(46)) - raft.grpc.admin.port = 0 (custom)
2023-02-16 16:35:34,611 [Listener at 127.0.0.1/38619] INFO  grpc.GrpcConfigKeys (ConfUtils.java:logFallback(53)) - raft.grpc.client.host = null (fallback to raft.grpc.server.host)
2023-02-16 16:35:34,611 [Listener at 127.0.0.1/38619] INFO  grpc.GrpcConfigKeys (ConfUtils.java:logGet(46)) - raft.grpc.client.port = 0 (custom)
2023-02-16 16:35:34,611 [Listener at 127.0.0.1/38619] INFO  grpc.GrpcConfigKeys (ConfUtils.java:logGet(46)) - raft.grpc.server.host = null (default)
2023-02-16 16:35:34,611 [Listener at 127.0.0.1/38619] INFO  grpc.GrpcConfigKeys (ConfUtils.java:logGet(46)) - raft.grpc.server.port = 0 (default)
2023-02-16 16:35:34,612 [Listener at 127.0.0.1/38619] INFO  server.GrpcService (ConfUtils.java:logGet(46)) - raft.grpc.message.size.max = 32MB (=33554432) (custom)
2023-02-16 16:35:34,612 [Listener at 127.0.0.1/38619] INFO  server.RaftServerConfigKeys (ConfUtils.java:logGet(46)) - raft.server.log.appender.buffer.byte-limit = 33554432 (custom)
2023-02-16 16:35:34,612 [Listener at 127.0.0.1/38619] INFO  server.GrpcService (ConfUtils.java:logGet(46)) - raft.grpc.flow.control.window = 5MB (=5242880) (custom)
2023-02-16 16:35:34,612 [Listener at 127.0.0.1/38619] INFO  server.RaftServerConfigKeys (ConfUtils.java:logGet(46)) - raft.server.rpc.request.timeout = 60s (custom)
2023-02-16 16:35:34,612 [Listener at 127.0.0.1/38619] INFO  grpc.GrpcConfigKeys (ConfUtils.java:logGet(46)) - raft.grpc.server.heartbeat.channel = true (default)
2023-02-16 16:35:34,612 [Listener at 127.0.0.1/38619] INFO  grpc.GrpcConfigKeys (ConfUtils.java:logGet(46)) - raft.grpc.server.async.request.thread.pool.cached = true (default)
2023-02-16 16:35:34,612 [Listener at 127.0.0.1/38619] INFO  grpc.GrpcConfigKeys (ConfUtils.java:logGet(46)) - raft.grpc.server.async.request.thread.pool.size = 32 (default)
2023-02-16 16:35:34,613 [Listener at 127.0.0.1/38619] INFO  impl.DataStreamServerImpl (ConfUtils.java:logGet(46)) - raft.datastream.type = NETTY (custom)
2023-02-16 16:35:34,613 [Listener at 127.0.0.1/38619] INFO  server.RaftServerConfigKeys (ConfUtils.java:logGet(46)) - raft.server.data-stream.async.request.thread.pool.cached = false (default)
2023-02-16 16:35:34,613 [Listener at 127.0.0.1/38619] INFO  server.RaftServerConfigKeys (ConfUtils.java:logGet(46)) - raft.server.data-stream.async.request.thread.pool.size = 20 (custom)
2023-02-16 16:35:34,613 [Listener at 127.0.0.1/38619] INFO  server.RaftServerConfigKeys (ConfUtils.java:logGet(46)) - raft.server.data-stream.async.write.thread.pool.size = 16 (default)
2023-02-16 16:35:34,613 [Listener at 127.0.0.1/38619] INFO  server.RaftServerConfigKeys (ConfUtils.java:logGet(46)) - raft.server.data-stream.client.pool.size = 10 (default)
2023-02-16 16:35:34,613 [Listener at 127.0.0.1/38619] INFO  netty.NettyConfigKeys$DataStream (ConfUtils.java:logGet(46)) - raft.netty.dataStream.server.use-epoll = false (default)
2023-02-16 16:35:34,613 [Listener at 127.0.0.1/38619] INFO  netty.NettyConfigKeys$DataStream (ConfUtils.java:logGet(46)) - raft.netty.dataStream.server.boss-group.size = 0 (default)
2023-02-16 16:35:34,614 [Listener at 127.0.0.1/38619] INFO  netty.NettyConfigKeys$DataStream (ConfUtils.java:logGet(46)) - raft.netty.dataStream.server.worker-group.size = 0 (default)
2023-02-16 16:35:34,614 [Listener at 127.0.0.1/38619] INFO  netty.NettyConfigKeys$DataStream (ConfUtils.java:logGet(46)) - raft.netty.dataStream.server.tls.conf = null (default)
2023-02-16 16:35:34,614 [Listener at 127.0.0.1/38619] INFO  netty.NettyConfigKeys$DataStream (ConfUtils.java:logGet(46)) - raft.netty.dataStream.host = null (default)
2023-02-16 16:35:34,614 [Listener at 127.0.0.1/38619] INFO  netty.NettyConfigKeys$DataStream (ConfUtils.java:logGet(46)) - raft.netty.dataStream.port = 0 (default)
2023-02-16 16:35:34,615 [Listener at 127.0.0.1/38619] INFO  server.RaftServerConfigKeys (ConfUtils.java:logGet(46)) - raft.server.threadpool.proxy.cached = true (default)
2023-02-16 16:35:34,615 [Listener at 127.0.0.1/38619] INFO  server.RaftServerConfigKeys (ConfUtils.java:logGet(46)) - raft.server.threadpool.proxy.size = 0 (default)
2023-02-16 16:35:34,615 [Listener at 127.0.0.1/38619] INFO  server.RaftServerConfigKeys (ConfUtils.java:logGet(46)) - raft.server.rpc.slowness.timeout = 300s (custom)
2023-02-16 16:35:34,615 [Listener at 127.0.0.1/38619] INFO  server.RaftServerConfigKeys (ConfUtils.java:logGet(46)) - raft.server.leaderelection.leader.step-down.wait-time = 10s (default)
2023-02-16 16:35:34,615 [Listener at 127.0.0.1/38619] INFO  server.RaftServerConfigKeys (ConfUtils.java:logGet(46)) - raft.server.storage.dir = [/home/runner/work/ozone/ozone/hadoop-ozone/integration-test/target/test-dir/MiniOzoneClusterImpl-b3d396d2-53dd-4e8c-be8e-68e1d9cb948b/datanode-2/data/ratis] (custom)
2023-02-16 16:35:34,615 [47c87cc4-760b-451b-b923-a7cd32ec4f45-NettyServerStreamRpc-bossGroup--thread1] INFO  logging.LoggingHandler (AbstractInternalLogger.java:log(148)) - [id: 0x24c0d4c1] REGISTERED
2023-02-16 16:35:34,615 [47c87cc4-760b-451b-b923-a7cd32ec4f45-NettyServerStreamRpc-bossGroup--thread1] INFO  logging.LoggingHandler (AbstractInternalLogger.java:log(148)) - [id: 0x24c0d4c1] BIND: 0.0.0.0/0.0.0.0:0
2023-02-16 16:35:34,616 [47c87cc4-760b-451b-b923-a7cd32ec4f45-NettyServerStreamRpc-bossGroup--thread1] INFO  logging.LoggingHandler (AbstractInternalLogger.java:log(148)) - [id: 0x24c0d4c1, L:/0:0:0:0:0:0:0:0:38397] ACTIVE
2023-02-16 16:35:34,617 [Listener at 127.0.0.1/38619] INFO  server.XceiverServerGrpc (XceiverServerGrpc.java:<init>(132)) - GrpcServer channel type EpollServerSocketChannel
2023-02-16 16:35:34,619 [Listener at 127.0.0.1/38619] INFO  http.BaseHttpServer (BaseHttpServer.java:newHttpServer2BuilderForOzone(213)) - Starting Web-server for hddsDatanode at: http://0.0.0.0:0
2023-02-16 16:35:34,619 [Listener at 127.0.0.1/38619] INFO  http.BaseHttpServer (BaseHttpServer.java:<init>(108)) - Hadoop Security Enabled: false Ozone Security Enabled: false Ozone HTTP Security Enabled: false 
2023-02-16 16:35:34,620 [Listener at 127.0.0.1/38619] WARN  server.AuthenticationFilter (AuthenticationFilter.java:constructSecretProvider(240)) - Unable to initialize FileSignerSecretProvider, falling back to use random secrets. Reason: Could not read signature secret file: /home/runner/hadoop-http-auth-signature-secret
2023-02-16 16:35:34,620 [Listener at 127.0.0.1/38619] WARN  http.HttpRequestLog (HttpRequestLog.java:getRequestLog(103)) - Jetty request log can only be enabled using Log4j
2023-02-16 16:35:34,621 [Listener at 127.0.0.1/38619] INFO  http.HttpServer2 (HttpServer2.java:addGlobalFilter(1031)) - Added global filter 'safety' (class=org.apache.hadoop.hdds.server.http.HttpServer2$QuotingInputFilter)
2023-02-16 16:35:34,621 [Listener at 127.0.0.1/38619] INFO  http.HttpServer2 (HttpServer2.java:addFilter(1007)) - Added filter static_user_filter (class=org.apache.hadoop.http.lib.StaticUserWebFilter$StaticUserFilter) to context hddsDatanode
2023-02-16 16:35:34,622 [Listener at 127.0.0.1/38619] INFO  http.HttpServer2 (HttpServer2.java:addFilter(1015)) - Added filter static_user_filter (class=org.apache.hadoop.http.lib.StaticUserWebFilter$StaticUserFilter) to context logs
2023-02-16 16:35:34,622 [Listener at 127.0.0.1/38619] INFO  http.HttpServer2 (HttpServer2.java:addFilter(1015)) - Added filter static_user_filter (class=org.apache.hadoop.http.lib.StaticUserWebFilter$StaticUserFilter) to context static
2023-02-16 16:35:34,622 [Listener at 127.0.0.1/38619] INFO  http.HttpServer2 (HttpServer2.java:bindListener(1250)) - Jetty bound to port 45711
2023-02-16 16:35:34,622 [Listener at 127.0.0.1/38619] INFO  server.Server (Server.java:doStart(375)) - jetty-9.4.49.v20220914; built: 2022-09-14T01:07:36.601Z; git: 4231a3b2e4cb8548a412a789936d640a97b1aa0a; jvm 1.8.0_362-b09
2023-02-16 16:35:34,629 [Listener at 127.0.0.1/38619] INFO  server.session (DefaultSessionIdManager.java:doStart(334)) - DefaultSessionIdManager workerName=node0
2023-02-16 16:35:34,629 [Listener at 127.0.0.1/38619] INFO  server.session (DefaultSessionIdManager.java:doStart(339)) - No SessionScavenger set, using defaults
2023-02-16 16:35:34,629 [Listener at 127.0.0.1/38619] INFO  server.session (HouseKeeper.java:startScavenging(132)) - node0 Scavenging every 600000ms
2023-02-16 16:35:34,630 [Listener at 127.0.0.1/38619] INFO  handler.ContextHandler (ContextHandler.java:doStart(921)) - Started o.e.j.s.ServletContextHandler@19d10c73{logs,/logs,file:///home/runner/work/ozone/ozone/hadoop-ozone/integration-test/target/log,AVAILABLE}
2023-02-16 16:35:34,631 [Listener at 127.0.0.1/38619] INFO  handler.ContextHandler (ContextHandler.java:doStart(921)) - Started o.e.j.s.ServletContextHandler@3dff1272{static,/static,jar:file:/home/runner/.m2/repository/org/apache/ozone/hdds-container-service/1.4.0-SNAPSHOT/hdds-container-service-1.4.0-SNAPSHOT.jar!/webapps/static,AVAILABLE}
2023-02-16 16:35:34,836 [Listener at 127.0.0.1/38619] INFO  handler.ContextHandler (ContextHandler.java:doStart(921)) - Started o.e.j.w.WebAppContext@37e940ee{hddsDatanode,/,file:///tmp/jetty-0_0_0_0-45711-hdds-container-service-1_4_0-SNAPSHOT_jar-_-any-2948909606889489578/webapp/,AVAILABLE}{jar:file:/home/runner/.m2/repository/org/apache/ozone/hdds-container-service/1.4.0-SNAPSHOT/hdds-container-service-1.4.0-SNAPSHOT.jar!/webapps/hddsDatanode}
2023-02-16 16:35:34,837 [Listener at 127.0.0.1/38619] INFO  server.AbstractConnector (AbstractConnector.java:doStart(333)) - Started ServerConnector@2f5f6314{HTTP/1.1, (http/1.1)}{0.0.0.0:45711}
2023-02-16 16:35:34,838 [Listener at 127.0.0.1/38619] INFO  server.Server (Server.java:doStart(415)) - Started @168439ms
2023-02-16 16:35:34,838 [Listener at 127.0.0.1/38619] WARN  impl.MetricsSystemImpl (MetricsSystemImpl.java:register(279)) - Sink prometheus already exists!
2023-02-16 16:35:34,838 [Listener at 127.0.0.1/38619] INFO  http.BaseHttpServer (BaseHttpServer.java:updateConnectorAddress(333)) - HTTP server of hddsDatanode listening at http://0.0.0.0:45711
2023-02-16 16:35:34,839 [Listener at 127.0.0.1/38619] WARN  impl.MetricRegistriesImpl (MetricRegistriesImpl.java:addReporterRegistration(111)) - New reporters are added after registries were created. Some metrics will be missing from the reporter. Please add reporter before adding any new registry.
2023-02-16 16:35:34,839 [Listener at 127.0.0.1/38619] WARN  impl.MetricRegistriesImpl (MetricRegistriesImpl.java:addReporterRegistration(111)) - New reporters are added after registries were created. Some metrics will be missing from the reporter. Please add reporter before adding any new registry.
2023-02-16 16:35:34,839 [Listener at 127.0.0.1/38619] INFO  impl.MetricsSystemImpl (MetricsSystemImpl.java:init(158)) - HddsDatanode metrics system started (again)
2023-02-16 16:35:34,845 [Datanode State Machine Daemon Thread] INFO  statemachine.DatanodeStateMachine (DatanodeStateMachine.java:lambda$startDaemon$0(516)) - Ozone container server started.
2023-02-16 16:35:34,852 [Listener at 127.0.0.1/38619] INFO  ozone.HddsDatanodeService (HddsDatanodeService.java:start(228)) - HddsDatanodeService host:fv-az167-289.21ktoceh2wee5fewwtpg1zd01g.bx.internal.cloudapp.net ip:10.1.0.66
2023-02-16 16:35:34,868 [org.apache.hadoop.util.JvmPauseMonitor$Monitor@2915090b] INFO  util.JvmPauseMonitor (JvmPauseMonitor.java:run(188)) - Starting JVM pause monitor
2023-02-16 16:35:34,873 [Listener at 127.0.0.1/38619] INFO  upgrade.AbstractLayoutVersionManager (AbstractLayoutVersionManager.java:init(83)) - Initializing Layout version manager with metadata layout = DATANODE_SCHEMA_V3 (version = 4), software layout = DATANODE_SCHEMA_V3 (version = 4)
2023-02-16 16:35:34,875 [Datanode State Machine Task Thread - 0] INFO  datanode.InitDatanodeState (InitDatanodeState.java:persistContainerDatanodeDetails(138)) - DatanodeDetails is persisted to /home/runner/work/ozone/ozone/hadoop-ozone/integration-test/target/test-dir/MiniOzoneClusterImpl-b3d396d2-53dd-4e8c-be8e-68e1d9cb948b/datanode-2/meta/datanode.id
2023-02-16 16:35:34,923 [Listener at 127.0.0.1/38619] INFO  reflections.Reflections (Reflections.java:scan(232)) - Reflections took 49 ms to scan 7 urls, producing 150 keys and 362 values 
2023-02-16 16:35:34,924 [Listener at 127.0.0.1/38619] INFO  statemachine.DatanodeStateMachine (DatanodeStateMachine.java:getEndPointTaskThreadPoolSize(260)) - Datanode State Machine Task Thread Pool size 2
2023-02-16 16:35:34,925 [Listener at 127.0.0.1/38619] INFO  volume.HddsVolume (HddsVolume.java:<init>(122)) - Creating HddsVolume: /home/runner/work/ozone/ozone/hadoop-ozone/integration-test/target/test-dir/MiniOzoneClusterImpl-b3d396d2-53dd-4e8c-be8e-68e1d9cb948b/datanode-3/data-0/containers/hdds of storage type : DISK capacity : 9223372036854775807
2023-02-16 16:35:34,926 [Listener at 127.0.0.1/38619] INFO  volume.MutableVolumeSet (MutableVolumeSet.java:initializeVolumeSet(174)) - Added Volume : /home/runner/work/ozone/ozone/hadoop-ozone/integration-test/target/test-dir/MiniOzoneClusterImpl-b3d396d2-53dd-4e8c-be8e-68e1d9cb948b/datanode-3/data-0/containers/hdds to VolumeSet
2023-02-16 16:35:34,926 [Listener at 127.0.0.1/38619] INFO  volume.ThrottledAsyncChecker (ThrottledAsyncChecker.java:schedule(141)) - Scheduling a check for /home/runner/work/ozone/ozone/hadoop-ozone/integration-test/target/test-dir/MiniOzoneClusterImpl-b3d396d2-53dd-4e8c-be8e-68e1d9cb948b/datanode-3/data-0/containers/hdds
2023-02-16 16:35:34,926 [Listener at 127.0.0.1/38619] INFO  volume.StorageVolumeChecker (StorageVolumeChecker.java:checkAllVolumes(202)) - Scheduled health check for volume /home/runner/work/ozone/ozone/hadoop-ozone/integration-test/target/test-dir/MiniOzoneClusterImpl-b3d396d2-53dd-4e8c-be8e-68e1d9cb948b/datanode-3/data-0/containers/hdds
2023-02-16 16:35:34,937 [Listener at 127.0.0.1/38619] INFO  volume.MutableVolumeSet (MutableVolumeSet.java:initializeVolumeSet(174)) - Added Volume : /home/runner/work/ozone/ozone/hadoop-ozone/integration-test/target/test-dir/MiniOzoneClusterImpl-b3d396d2-53dd-4e8c-be8e-68e1d9cb948b/datanode-3/data/ratis to VolumeSet
2023-02-16 16:35:34,938 [Listener at 127.0.0.1/38619] INFO  volume.ThrottledAsyncChecker (ThrottledAsyncChecker.java:schedule(141)) - Scheduling a check for /home/runner/work/ozone/ozone/hadoop-ozone/integration-test/target/test-dir/MiniOzoneClusterImpl-b3d396d2-53dd-4e8c-be8e-68e1d9cb948b/datanode-3/data/ratis
2023-02-16 16:35:34,939 [Listener at 127.0.0.1/38619] INFO  volume.StorageVolumeChecker (StorageVolumeChecker.java:checkAllVolumes(202)) - Scheduled health check for volume /home/runner/work/ozone/ozone/hadoop-ozone/integration-test/target/test-dir/MiniOzoneClusterImpl-b3d396d2-53dd-4e8c-be8e-68e1d9cb948b/datanode-3/data/ratis
2023-02-16 16:35:34,951 [Thread-1436] INFO  ozoneimpl.ContainerReader (ContainerReader.java:readVolume(175)) - Finish verifying containers on volume /home/runner/work/ozone/ozone/hadoop-ozone/integration-test/target/test-dir/MiniOzoneClusterImpl-b3d396d2-53dd-4e8c-be8e-68e1d9cb948b/datanode-3/data-0/containers/hdds
2023-02-16 16:35:34,951 [Listener at 127.0.0.1/38619] INFO  ozoneimpl.OzoneContainer (OzoneContainer.java:buildContainerSet(304)) - Build ContainerSet costs 0s
2023-02-16 16:35:34,952 [Listener at 127.0.0.1/38619] INFO  server.RaftServer (ConfUtils.java:logGet(46)) - raft.rpc.type = GRPC (default)
2023-02-16 16:35:34,953 [Listener at 127.0.0.1/38619] INFO  grpc.GrpcConfigKeys (ConfUtils.java:logFallback(53)) - raft.grpc.admin.host = null (fallback to raft.grpc.server.host)
2023-02-16 16:35:34,953 [Listener at 127.0.0.1/38619] INFO  grpc.GrpcConfigKeys (ConfUtils.java:logGet(46)) - raft.grpc.admin.port = 0 (custom)
2023-02-16 16:35:34,953 [Listener at 127.0.0.1/38619] INFO  grpc.GrpcConfigKeys (ConfUtils.java:logFallback(53)) - raft.grpc.client.host = null (fallback to raft.grpc.server.host)
2023-02-16 16:35:34,953 [Listener at 127.0.0.1/38619] INFO  grpc.GrpcConfigKeys (ConfUtils.java:logGet(46)) - raft.grpc.client.port = 0 (custom)
2023-02-16 16:35:34,953 [Listener at 127.0.0.1/38619] INFO  grpc.GrpcConfigKeys (ConfUtils.java:logGet(46)) - raft.grpc.server.host = null (default)
2023-02-16 16:35:34,953 [Listener at 127.0.0.1/38619] INFO  grpc.GrpcConfigKeys (ConfUtils.java:logGet(46)) - raft.grpc.server.port = 0 (default)
2023-02-16 16:35:34,953 [Listener at 127.0.0.1/38619] INFO  server.GrpcService (ConfUtils.java:logGet(46)) - raft.grpc.message.size.max = 32MB (=33554432) (custom)
2023-02-16 16:35:34,953 [Listener at 127.0.0.1/38619] INFO  server.RaftServerConfigKeys (ConfUtils.java:logGet(46)) - raft.server.log.appender.buffer.byte-limit = 33554432 (custom)
2023-02-16 16:35:34,953 [Listener at 127.0.0.1/38619] INFO  server.GrpcService (ConfUtils.java:logGet(46)) - raft.grpc.flow.control.window = 5MB (=5242880) (custom)
2023-02-16 16:35:34,953 [Listener at 127.0.0.1/38619] INFO  server.RaftServerConfigKeys (ConfUtils.java:logGet(46)) - raft.server.rpc.request.timeout = 60s (custom)
2023-02-16 16:35:34,954 [Listener at 127.0.0.1/38619] INFO  grpc.GrpcConfigKeys (ConfUtils.java:logGet(46)) - raft.grpc.server.heartbeat.channel = true (default)
2023-02-16 16:35:34,954 [Listener at 127.0.0.1/38619] INFO  grpc.GrpcConfigKeys (ConfUtils.java:logGet(46)) - raft.grpc.server.async.request.thread.pool.cached = true (default)
2023-02-16 16:35:34,954 [Listener at 127.0.0.1/38619] INFO  grpc.GrpcConfigKeys (ConfUtils.java:logGet(46)) - raft.grpc.server.async.request.thread.pool.size = 32 (default)
2023-02-16 16:35:34,955 [Listener at 127.0.0.1/38619] INFO  impl.DataStreamServerImpl (ConfUtils.java:logGet(46)) - raft.datastream.type = NETTY (custom)
2023-02-16 16:35:34,955 [Listener at 127.0.0.1/38619] INFO  server.RaftServerConfigKeys (ConfUtils.java:logGet(46)) - raft.server.data-stream.async.request.thread.pool.cached = false (default)
2023-02-16 16:35:34,955 [Listener at 127.0.0.1/38619] INFO  server.RaftServerConfigKeys (ConfUtils.java:logGet(46)) - raft.server.data-stream.async.request.thread.pool.size = 20 (custom)
2023-02-16 16:35:34,955 [Listener at 127.0.0.1/38619] INFO  server.RaftServerConfigKeys (ConfUtils.java:logGet(46)) - raft.server.data-stream.async.write.thread.pool.size = 16 (default)
2023-02-16 16:35:34,955 [Listener at 127.0.0.1/38619] INFO  server.RaftServerConfigKeys (ConfUtils.java:logGet(46)) - raft.server.data-stream.client.pool.size = 10 (default)
2023-02-16 16:35:34,955 [Listener at 127.0.0.1/38619] INFO  netty.NettyConfigKeys$DataStream (ConfUtils.java:logGet(46)) - raft.netty.dataStream.server.use-epoll = false (default)
2023-02-16 16:35:34,955 [Listener at 127.0.0.1/38619] INFO  netty.NettyConfigKeys$DataStream (ConfUtils.java:logGet(46)) - raft.netty.dataStream.server.boss-group.size = 0 (default)
2023-02-16 16:35:34,956 [Listener at 127.0.0.1/38619] INFO  netty.NettyConfigKeys$DataStream (ConfUtils.java:logGet(46)) - raft.netty.dataStream.server.worker-group.size = 0 (default)
2023-02-16 16:35:34,956 [Listener at 127.0.0.1/38619] INFO  netty.NettyConfigKeys$DataStream (ConfUtils.java:logGet(46)) - raft.netty.dataStream.server.tls.conf = null (default)
2023-02-16 16:35:34,956 [Listener at 127.0.0.1/38619] INFO  netty.NettyConfigKeys$DataStream (ConfUtils.java:logGet(46)) - raft.netty.dataStream.host = null (default)
2023-02-16 16:35:34,956 [Listener at 127.0.0.1/38619] INFO  netty.NettyConfigKeys$DataStream (ConfUtils.java:logGet(46)) - raft.netty.dataStream.port = 0 (default)
2023-02-16 16:35:34,956 [Listener at 127.0.0.1/38619] INFO  server.RaftServerConfigKeys (ConfUtils.java:logGet(46)) - raft.server.threadpool.proxy.cached = true (default)
2023-02-16 16:35:34,956 [Listener at 127.0.0.1/38619] INFO  server.RaftServerConfigKeys (ConfUtils.java:logGet(46)) - raft.server.threadpool.proxy.size = 0 (default)
2023-02-16 16:35:34,957 [Listener at 127.0.0.1/38619] INFO  server.RaftServerConfigKeys (ConfUtils.java:logGet(46)) - raft.server.rpc.slowness.timeout = 300s (custom)
2023-02-16 16:35:34,957 [Listener at 127.0.0.1/38619] INFO  server.RaftServerConfigKeys (ConfUtils.java:logGet(46)) - raft.server.leaderelection.leader.step-down.wait-time = 10s (default)
2023-02-16 16:35:34,957 [Listener at 127.0.0.1/38619] INFO  server.RaftServerConfigKeys (ConfUtils.java:logGet(46)) - raft.server.storage.dir = [/home/runner/work/ozone/ozone/hadoop-ozone/integration-test/target/test-dir/MiniOzoneClusterImpl-b3d396d2-53dd-4e8c-be8e-68e1d9cb948b/datanode-3/data/ratis] (custom)
2023-02-16 16:35:34,957 [00740072-767d-495a-9267-65b6e3e6d7e7-NettyServerStreamRpc-bossGroup--thread1] INFO  logging.LoggingHandler (AbstractInternalLogger.java:log(148)) - [id: 0x7cffb257] REGISTERED
2023-02-16 16:35:34,957 [00740072-767d-495a-9267-65b6e3e6d7e7-NettyServerStreamRpc-bossGroup--thread1] INFO  logging.LoggingHandler (AbstractInternalLogger.java:log(148)) - [id: 0x7cffb257] BIND: 0.0.0.0/0.0.0.0:0
2023-02-16 16:35:34,957 [00740072-767d-495a-9267-65b6e3e6d7e7-NettyServerStreamRpc-bossGroup--thread1] INFO  logging.LoggingHandler (AbstractInternalLogger.java:log(148)) - [id: 0x7cffb257, L:/0:0:0:0:0:0:0:0:35451] ACTIVE
2023-02-16 16:35:34,960 [Listener at 127.0.0.1/38619] INFO  server.XceiverServerGrpc (XceiverServerGrpc.java:<init>(132)) - GrpcServer channel type EpollServerSocketChannel
2023-02-16 16:35:34,964 [Listener at 127.0.0.1/38619] INFO  http.BaseHttpServer (BaseHttpServer.java:newHttpServer2BuilderForOzone(213)) - Starting Web-server for hddsDatanode at: http://0.0.0.0:0
2023-02-16 16:35:34,965 [Listener at 127.0.0.1/38619] INFO  http.BaseHttpServer (BaseHttpServer.java:<init>(108)) - Hadoop Security Enabled: false Ozone Security Enabled: false Ozone HTTP Security Enabled: false 
2023-02-16 16:35:34,966 [Listener at 127.0.0.1/38619] WARN  server.AuthenticationFilter (AuthenticationFilter.java:constructSecretProvider(240)) - Unable to initialize FileSignerSecretProvider, falling back to use random secrets. Reason: Could not read signature secret file: /home/runner/hadoop-http-auth-signature-secret
2023-02-16 16:35:34,966 [Listener at 127.0.0.1/38619] WARN  http.HttpRequestLog (HttpRequestLog.java:getRequestLog(103)) - Jetty request log can only be enabled using Log4j
2023-02-16 16:35:34,967 [Listener at 127.0.0.1/38619] INFO  http.HttpServer2 (HttpServer2.java:addGlobalFilter(1031)) - Added global filter 'safety' (class=org.apache.hadoop.hdds.server.http.HttpServer2$QuotingInputFilter)
2023-02-16 16:35:34,968 [Listener at 127.0.0.1/38619] INFO  http.HttpServer2 (HttpServer2.java:addFilter(1007)) - Added filter static_user_filter (class=org.apache.hadoop.http.lib.StaticUserWebFilter$StaticUserFilter) to context hddsDatanode
2023-02-16 16:35:34,968 [Listener at 127.0.0.1/38619] INFO  http.HttpServer2 (HttpServer2.java:addFilter(1015)) - Added filter static_user_filter (class=org.apache.hadoop.http.lib.StaticUserWebFilter$StaticUserFilter) to context logs
2023-02-16 16:35:34,968 [Listener at 127.0.0.1/38619] INFO  http.HttpServer2 (HttpServer2.java:addFilter(1015)) - Added filter static_user_filter (class=org.apache.hadoop.http.lib.StaticUserWebFilter$StaticUserFilter) to context static
2023-02-16 16:35:34,968 [Listener at 127.0.0.1/38619] INFO  http.HttpServer2 (HttpServer2.java:bindListener(1250)) - Jetty bound to port 32941
2023-02-16 16:35:34,968 [Listener at 127.0.0.1/38619] INFO  server.Server (Server.java:doStart(375)) - jetty-9.4.49.v20220914; built: 2022-09-14T01:07:36.601Z; git: 4231a3b2e4cb8548a412a789936d640a97b1aa0a; jvm 1.8.0_362-b09
2023-02-16 16:35:34,975 [Listener at 127.0.0.1/38619] INFO  server.session (DefaultSessionIdManager.java:doStart(334)) - DefaultSessionIdManager workerName=node0
2023-02-16 16:35:34,975 [Listener at 127.0.0.1/38619] INFO  server.session (DefaultSessionIdManager.java:doStart(339)) - No SessionScavenger set, using defaults
2023-02-16 16:35:34,975 [Listener at 127.0.0.1/38619] INFO  server.session (HouseKeeper.java:startScavenging(132)) - node0 Scavenging every 600000ms
2023-02-16 16:35:34,976 [Listener at 127.0.0.1/38619] INFO  handler.ContextHandler (ContextHandler.java:doStart(921)) - Started o.e.j.s.ServletContextHandler@7a66b886{logs,/logs,file:///home/runner/work/ozone/ozone/hadoop-ozone/integration-test/target/log,AVAILABLE}
2023-02-16 16:35:34,976 [Listener at 127.0.0.1/38619] INFO  handler.ContextHandler (ContextHandler.java:doStart(921)) - Started o.e.j.s.ServletContextHandler@1a982dcb{static,/static,jar:file:/home/runner/.m2/repository/org/apache/ozone/hdds-container-service/1.4.0-SNAPSHOT/hdds-container-service-1.4.0-SNAPSHOT.jar!/webapps/static,AVAILABLE}
2023-02-16 16:35:35,175 [Listener at 127.0.0.1/38619] INFO  handler.ContextHandler (ContextHandler.java:doStart(921)) - Started o.e.j.w.WebAppContext@2abcbf38{hddsDatanode,/,file:///tmp/jetty-0_0_0_0-32941-hdds-container-service-1_4_0-SNAPSHOT_jar-_-any-5070309595584884859/webapp/,AVAILABLE}{jar:file:/home/runner/.m2/repository/org/apache/ozone/hdds-container-service/1.4.0-SNAPSHOT/hdds-container-service-1.4.0-SNAPSHOT.jar!/webapps/hddsDatanode}
2023-02-16 16:35:35,176 [Listener at 127.0.0.1/38619] INFO  server.AbstractConnector (AbstractConnector.java:doStart(333)) - Started ServerConnector@6bbb2572{HTTP/1.1, (http/1.1)}{0.0.0.0:32941}
2023-02-16 16:35:35,176 [Listener at 127.0.0.1/38619] INFO  server.Server (Server.java:doStart(415)) - Started @168778ms
2023-02-16 16:35:35,176 [Listener at 127.0.0.1/38619] WARN  impl.MetricsSystemImpl (MetricsSystemImpl.java:register(279)) - Sink prometheus already exists!
2023-02-16 16:35:35,177 [Listener at 127.0.0.1/38619] INFO  http.BaseHttpServer (BaseHttpServer.java:updateConnectorAddress(333)) - HTTP server of hddsDatanode listening at http://0.0.0.0:32941
2023-02-16 16:35:35,177 [Datanode State Machine Daemon Thread] INFO  statemachine.DatanodeStateMachine (DatanodeStateMachine.java:lambda$startDaemon$0(516)) - Ozone container server started.
2023-02-16 16:35:35,177 [Listener at 127.0.0.1/38619] WARN  impl.MetricRegistriesImpl (MetricRegistriesImpl.java:addReporterRegistration(111)) - New reporters are added after registries were created. Some metrics will be missing from the reporter. Please add reporter before adding any new registry.
2023-02-16 16:35:35,178 [Listener at 127.0.0.1/38619] WARN  impl.MetricRegistriesImpl (MetricRegistriesImpl.java:addReporterRegistration(111)) - New reporters are added after registries were created. Some metrics will be missing from the reporter. Please add reporter before adding any new registry.
2023-02-16 16:35:35,178 [Listener at 127.0.0.1/38619] INFO  impl.MetricsSystemImpl (MetricsSystemImpl.java:init(158)) - HddsDatanode metrics system started (again)
2023-02-16 16:35:35,188 [org.apache.hadoop.util.JvmPauseMonitor$Monitor@1b7ea4bc] INFO  util.JvmPauseMonitor (JvmPauseMonitor.java:run(188)) - Starting JVM pause monitor
2023-02-16 16:35:35,189 [Datanode State Machine Task Thread - 0] INFO  datanode.InitDatanodeState (InitDatanodeState.java:persistContainerDatanodeDetails(138)) - DatanodeDetails is persisted to /home/runner/work/ozone/ozone/hadoop-ozone/integration-test/target/test-dir/MiniOzoneClusterImpl-b3d396d2-53dd-4e8c-be8e-68e1d9cb948b/datanode-3/meta/datanode.id
2023-02-16 16:35:35,190 [Listener at 127.0.0.1/38619] INFO  ozone.HddsDatanodeService (HddsDatanodeService.java:start(228)) - HddsDatanodeService host:fv-az167-289.21ktoceh2wee5fewwtpg1zd01g.bx.internal.cloudapp.net ip:10.1.0.66
2023-02-16 16:35:35,206 [Listener at 127.0.0.1/38619] INFO  upgrade.AbstractLayoutVersionManager (AbstractLayoutVersionManager.java:init(83)) - Initializing Layout version manager with metadata layout = DATANODE_SCHEMA_V3 (version = 4), software layout = DATANODE_SCHEMA_V3 (version = 4)
2023-02-16 16:35:35,304 [Listener at 127.0.0.1/38619] INFO  reflections.Reflections (Reflections.java:scan(232)) - Reflections took 97 ms to scan 7 urls, producing 150 keys and 362 values 
2023-02-16 16:35:35,306 [Listener at 127.0.0.1/38619] INFO  statemachine.DatanodeStateMachine (DatanodeStateMachine.java:getEndPointTaskThreadPoolSize(260)) - Datanode State Machine Task Thread Pool size 2
2023-02-16 16:35:35,310 [Listener at 127.0.0.1/38619] INFO  volume.HddsVolume (HddsVolume.java:<init>(122)) - Creating HddsVolume: /home/runner/work/ozone/ozone/hadoop-ozone/integration-test/target/test-dir/MiniOzoneClusterImpl-b3d396d2-53dd-4e8c-be8e-68e1d9cb948b/datanode-4/data-0/containers/hdds of storage type : DISK capacity : 9223372036854775807
2023-02-16 16:35:35,310 [Listener at 127.0.0.1/38619] INFO  volume.MutableVolumeSet (MutableVolumeSet.java:initializeVolumeSet(174)) - Added Volume : /home/runner/work/ozone/ozone/hadoop-ozone/integration-test/target/test-dir/MiniOzoneClusterImpl-b3d396d2-53dd-4e8c-be8e-68e1d9cb948b/datanode-4/data-0/containers/hdds to VolumeSet
2023-02-16 16:35:35,310 [Listener at 127.0.0.1/38619] INFO  volume.ThrottledAsyncChecker (ThrottledAsyncChecker.java:schedule(141)) - Scheduling a check for /home/runner/work/ozone/ozone/hadoop-ozone/integration-test/target/test-dir/MiniOzoneClusterImpl-b3d396d2-53dd-4e8c-be8e-68e1d9cb948b/datanode-4/data-0/containers/hdds
2023-02-16 16:35:35,311 [Listener at 127.0.0.1/38619] INFO  volume.StorageVolumeChecker (StorageVolumeChecker.java:checkAllVolumes(202)) - Scheduled health check for volume /home/runner/work/ozone/ozone/hadoop-ozone/integration-test/target/test-dir/MiniOzoneClusterImpl-b3d396d2-53dd-4e8c-be8e-68e1d9cb948b/datanode-4/data-0/containers/hdds
2023-02-16 16:35:35,322 [Listener at 127.0.0.1/38619] INFO  volume.MutableVolumeSet (MutableVolumeSet.java:initializeVolumeSet(174)) - Added Volume : /home/runner/work/ozone/ozone/hadoop-ozone/integration-test/target/test-dir/MiniOzoneClusterImpl-b3d396d2-53dd-4e8c-be8e-68e1d9cb948b/datanode-4/data/ratis to VolumeSet
2023-02-16 16:35:35,322 [Listener at 127.0.0.1/38619] INFO  volume.ThrottledAsyncChecker (ThrottledAsyncChecker.java:schedule(141)) - Scheduling a check for /home/runner/work/ozone/ozone/hadoop-ozone/integration-test/target/test-dir/MiniOzoneClusterImpl-b3d396d2-53dd-4e8c-be8e-68e1d9cb948b/datanode-4/data/ratis
2023-02-16 16:35:35,322 [Listener at 127.0.0.1/38619] INFO  volume.StorageVolumeChecker (StorageVolumeChecker.java:checkAllVolumes(202)) - Scheduled health check for volume /home/runner/work/ozone/ozone/hadoop-ozone/integration-test/target/test-dir/MiniOzoneClusterImpl-b3d396d2-53dd-4e8c-be8e-68e1d9cb948b/datanode-4/data/ratis
2023-02-16 16:35:35,333 [Thread-1450] INFO  ozoneimpl.ContainerReader (ContainerReader.java:readVolume(175)) - Finish verifying containers on volume /home/runner/work/ozone/ozone/hadoop-ozone/integration-test/target/test-dir/MiniOzoneClusterImpl-b3d396d2-53dd-4e8c-be8e-68e1d9cb948b/datanode-4/data-0/containers/hdds
2023-02-16 16:35:35,333 [Listener at 127.0.0.1/38619] INFO  ozoneimpl.OzoneContainer (OzoneContainer.java:buildContainerSet(304)) - Build ContainerSet costs 0s
2023-02-16 16:35:35,335 [Listener at 127.0.0.1/38619] INFO  server.RaftServer (ConfUtils.java:logGet(46)) - raft.rpc.type = GRPC (default)
2023-02-16 16:35:35,335 [Listener at 127.0.0.1/38619] INFO  grpc.GrpcConfigKeys (ConfUtils.java:logFallback(53)) - raft.grpc.admin.host = null (fallback to raft.grpc.server.host)
2023-02-16 16:35:35,335 [Listener at 127.0.0.1/38619] INFO  grpc.GrpcConfigKeys (ConfUtils.java:logGet(46)) - raft.grpc.admin.port = 0 (custom)
2023-02-16 16:35:35,335 [Listener at 127.0.0.1/38619] INFO  grpc.GrpcConfigKeys (ConfUtils.java:logFallback(53)) - raft.grpc.client.host = null (fallback to raft.grpc.server.host)
2023-02-16 16:35:35,335 [Listener at 127.0.0.1/38619] INFO  grpc.GrpcConfigKeys (ConfUtils.java:logGet(46)) - raft.grpc.client.port = 0 (custom)
2023-02-16 16:35:35,335 [Listener at 127.0.0.1/38619] INFO  grpc.GrpcConfigKeys (ConfUtils.java:logGet(46)) - raft.grpc.server.host = null (default)
2023-02-16 16:35:35,336 [Listener at 127.0.0.1/38619] INFO  grpc.GrpcConfigKeys (ConfUtils.java:logGet(46)) - raft.grpc.server.port = 0 (default)
2023-02-16 16:35:35,336 [Listener at 127.0.0.1/38619] INFO  server.GrpcService (ConfUtils.java:logGet(46)) - raft.grpc.message.size.max = 32MB (=33554432) (custom)
2023-02-16 16:35:35,336 [Listener at 127.0.0.1/38619] INFO  server.RaftServerConfigKeys (ConfUtils.java:logGet(46)) - raft.server.log.appender.buffer.byte-limit = 33554432 (custom)
2023-02-16 16:35:35,336 [Listener at 127.0.0.1/38619] INFO  server.GrpcService (ConfUtils.java:logGet(46)) - raft.grpc.flow.control.window = 5MB (=5242880) (custom)
2023-02-16 16:35:35,336 [Listener at 127.0.0.1/38619] INFO  server.RaftServerConfigKeys (ConfUtils.java:logGet(46)) - raft.server.rpc.request.timeout = 60s (custom)
2023-02-16 16:35:35,336 [Listener at 127.0.0.1/38619] INFO  grpc.GrpcConfigKeys (ConfUtils.java:logGet(46)) - raft.grpc.server.heartbeat.channel = true (default)
2023-02-16 16:35:35,336 [Listener at 127.0.0.1/38619] INFO  grpc.GrpcConfigKeys (ConfUtils.java:logGet(46)) - raft.grpc.server.async.request.thread.pool.cached = true (default)
2023-02-16 16:35:35,336 [Listener at 127.0.0.1/38619] INFO  grpc.GrpcConfigKeys (ConfUtils.java:logGet(46)) - raft.grpc.server.async.request.thread.pool.size = 32 (default)
2023-02-16 16:35:35,337 [Listener at 127.0.0.1/38619] INFO  impl.DataStreamServerImpl (ConfUtils.java:logGet(46)) - raft.datastream.type = NETTY (custom)
2023-02-16 16:35:35,337 [Listener at 127.0.0.1/38619] INFO  server.RaftServerConfigKeys (ConfUtils.java:logGet(46)) - raft.server.data-stream.async.request.thread.pool.cached = false (default)
2023-02-16 16:35:35,337 [Listener at 127.0.0.1/38619] INFO  server.RaftServerConfigKeys (ConfUtils.java:logGet(46)) - raft.server.data-stream.async.request.thread.pool.size = 20 (custom)
2023-02-16 16:35:35,337 [Listener at 127.0.0.1/38619] INFO  server.RaftServerConfigKeys (ConfUtils.java:logGet(46)) - raft.server.data-stream.async.write.thread.pool.size = 16 (default)
2023-02-16 16:35:35,338 [Listener at 127.0.0.1/38619] INFO  server.RaftServerConfigKeys (ConfUtils.java:logGet(46)) - raft.server.data-stream.client.pool.size = 10 (default)
2023-02-16 16:35:35,338 [Listener at 127.0.0.1/38619] INFO  netty.NettyConfigKeys$DataStream (ConfUtils.java:logGet(46)) - raft.netty.dataStream.server.use-epoll = false (default)
2023-02-16 16:35:35,338 [Listener at 127.0.0.1/38619] INFO  netty.NettyConfigKeys$DataStream (ConfUtils.java:logGet(46)) - raft.netty.dataStream.server.boss-group.size = 0 (default)
2023-02-16 16:35:35,338 [Listener at 127.0.0.1/38619] INFO  netty.NettyConfigKeys$DataStream (ConfUtils.java:logGet(46)) - raft.netty.dataStream.server.worker-group.size = 0 (default)
2023-02-16 16:35:35,338 [Listener at 127.0.0.1/38619] INFO  netty.NettyConfigKeys$DataStream (ConfUtils.java:logGet(46)) - raft.netty.dataStream.server.tls.conf = null (default)
2023-02-16 16:35:35,338 [Listener at 127.0.0.1/38619] INFO  netty.NettyConfigKeys$DataStream (ConfUtils.java:logGet(46)) - raft.netty.dataStream.host = null (default)
2023-02-16 16:35:35,338 [Listener at 127.0.0.1/38619] INFO  netty.NettyConfigKeys$DataStream (ConfUtils.java:logGet(46)) - raft.netty.dataStream.port = 0 (default)
2023-02-16 16:35:35,339 [Listener at 127.0.0.1/38619] INFO  server.RaftServerConfigKeys (ConfUtils.java:logGet(46)) - raft.server.threadpool.proxy.cached = true (default)
2023-02-16 16:35:35,339 [Listener at 127.0.0.1/38619] INFO  server.RaftServerConfigKeys (ConfUtils.java:logGet(46)) - raft.server.threadpool.proxy.size = 0 (default)
2023-02-16 16:35:35,339 [Listener at 127.0.0.1/38619] INFO  server.RaftServerConfigKeys (ConfUtils.java:logGet(46)) - raft.server.rpc.slowness.timeout = 300s (custom)
2023-02-16 16:35:35,339 [Listener at 127.0.0.1/38619] INFO  server.RaftServerConfigKeys (ConfUtils.java:logGet(46)) - raft.server.leaderelection.leader.step-down.wait-time = 10s (default)
2023-02-16 16:35:35,339 [Listener at 127.0.0.1/38619] INFO  server.RaftServerConfigKeys (ConfUtils.java:logGet(46)) - raft.server.storage.dir = [/home/runner/work/ozone/ozone/hadoop-ozone/integration-test/target/test-dir/MiniOzoneClusterImpl-b3d396d2-53dd-4e8c-be8e-68e1d9cb948b/datanode-4/data/ratis] (custom)
2023-02-16 16:35:35,339 [8ad86b55-446a-4cc0-ba4d-2b14b834a930-NettyServerStreamRpc-bossGroup--thread1] INFO  logging.LoggingHandler (AbstractInternalLogger.java:log(148)) - [id: 0x3ba61b5a] REGISTERED
2023-02-16 16:35:35,339 [8ad86b55-446a-4cc0-ba4d-2b14b834a930-NettyServerStreamRpc-bossGroup--thread1] INFO  logging.LoggingHandler (AbstractInternalLogger.java:log(148)) - [id: 0x3ba61b5a] BIND: 0.0.0.0/0.0.0.0:0
2023-02-16 16:35:35,340 [8ad86b55-446a-4cc0-ba4d-2b14b834a930-NettyServerStreamRpc-bossGroup--thread1] INFO  logging.LoggingHandler (AbstractInternalLogger.java:log(148)) - [id: 0x3ba61b5a, L:/0:0:0:0:0:0:0:0:46291] ACTIVE
2023-02-16 16:35:35,343 [Listener at 127.0.0.1/38619] INFO  server.XceiverServerGrpc (XceiverServerGrpc.java:<init>(132)) - GrpcServer channel type EpollServerSocketChannel
2023-02-16 16:35:35,346 [Listener at 127.0.0.1/38619] INFO  http.BaseHttpServer (BaseHttpServer.java:newHttpServer2BuilderForOzone(213)) - Starting Web-server for hddsDatanode at: http://0.0.0.0:0
2023-02-16 16:35:35,346 [Listener at 127.0.0.1/38619] INFO  http.BaseHttpServer (BaseHttpServer.java:<init>(108)) - Hadoop Security Enabled: false Ozone Security Enabled: false Ozone HTTP Security Enabled: false 
2023-02-16 16:35:35,347 [Listener at 127.0.0.1/38619] WARN  server.AuthenticationFilter (AuthenticationFilter.java:constructSecretProvider(240)) - Unable to initialize FileSignerSecretProvider, falling back to use random secrets. Reason: Could not read signature secret file: /home/runner/hadoop-http-auth-signature-secret
2023-02-16 16:35:35,347 [Listener at 127.0.0.1/38619] WARN  http.HttpRequestLog (HttpRequestLog.java:getRequestLog(103)) - Jetty request log can only be enabled using Log4j
2023-02-16 16:35:35,348 [Listener at 127.0.0.1/38619] INFO  http.HttpServer2 (HttpServer2.java:addGlobalFilter(1031)) - Added global filter 'safety' (class=org.apache.hadoop.hdds.server.http.HttpServer2$QuotingInputFilter)
2023-02-16 16:35:35,349 [Listener at 127.0.0.1/38619] INFO  http.HttpServer2 (HttpServer2.java:addFilter(1007)) - Added filter static_user_filter (class=org.apache.hadoop.http.lib.StaticUserWebFilter$StaticUserFilter) to context hddsDatanode
2023-02-16 16:35:35,349 [Listener at 127.0.0.1/38619] INFO  http.HttpServer2 (HttpServer2.java:addFilter(1015)) - Added filter static_user_filter (class=org.apache.hadoop.http.lib.StaticUserWebFilter$StaticUserFilter) to context logs
2023-02-16 16:35:35,349 [Listener at 127.0.0.1/38619] INFO  http.HttpServer2 (HttpServer2.java:addFilter(1015)) - Added filter static_user_filter (class=org.apache.hadoop.http.lib.StaticUserWebFilter$StaticUserFilter) to context static
2023-02-16 16:35:35,349 [Listener at 127.0.0.1/38619] INFO  http.HttpServer2 (HttpServer2.java:bindListener(1250)) - Jetty bound to port 45529
2023-02-16 16:35:35,349 [Listener at 127.0.0.1/38619] INFO  server.Server (Server.java:doStart(375)) - jetty-9.4.49.v20220914; built: 2022-09-14T01:07:36.601Z; git: 4231a3b2e4cb8548a412a789936d640a97b1aa0a; jvm 1.8.0_362-b09
2023-02-16 16:35:35,350 [Listener at 127.0.0.1/38619] INFO  server.session (DefaultSessionIdManager.java:doStart(334)) - DefaultSessionIdManager workerName=node0
2023-02-16 16:35:35,351 [Listener at 127.0.0.1/38619] INFO  server.session (DefaultSessionIdManager.java:doStart(339)) - No SessionScavenger set, using defaults
2023-02-16 16:35:35,351 [Listener at 127.0.0.1/38619] INFO  server.session (HouseKeeper.java:startScavenging(132)) - node0 Scavenging every 600000ms
2023-02-16 16:35:35,351 [Listener at 127.0.0.1/38619] INFO  handler.ContextHandler (ContextHandler.java:doStart(921)) - Started o.e.j.s.ServletContextHandler@7e24fc5b{logs,/logs,file:///home/runner/work/ozone/ozone/hadoop-ozone/integration-test/target/log,AVAILABLE}
2023-02-16 16:35:35,351 [Listener at 127.0.0.1/38619] INFO  handler.ContextHandler (ContextHandler.java:doStart(921)) - Started o.e.j.s.ServletContextHandler@e6e3071{static,/static,jar:file:/home/runner/.m2/repository/org/apache/ozone/hdds-container-service/1.4.0-SNAPSHOT/hdds-container-service-1.4.0-SNAPSHOT.jar!/webapps/static,AVAILABLE}
2023-02-16 16:35:35,547 [Listener at 127.0.0.1/38619] INFO  handler.ContextHandler (ContextHandler.java:doStart(921)) - Started o.e.j.w.WebAppContext@52b1bd76{hddsDatanode,/,file:///tmp/jetty-0_0_0_0-45529-hdds-container-service-1_4_0-SNAPSHOT_jar-_-any-1963648816738533789/webapp/,AVAILABLE}{jar:file:/home/runner/.m2/repository/org/apache/ozone/hdds-container-service/1.4.0-SNAPSHOT/hdds-container-service-1.4.0-SNAPSHOT.jar!/webapps/hddsDatanode}
2023-02-16 16:35:35,548 [Listener at 127.0.0.1/38619] INFO  server.AbstractConnector (AbstractConnector.java:doStart(333)) - Started ServerConnector@9f20d1e{HTTP/1.1, (http/1.1)}{0.0.0.0:45529}
2023-02-16 16:35:35,549 [Listener at 127.0.0.1/38619] INFO  server.Server (Server.java:doStart(415)) - Started @169150ms
2023-02-16 16:35:35,549 [Listener at 127.0.0.1/38619] WARN  impl.MetricsSystemImpl (MetricsSystemImpl.java:register(279)) - Sink prometheus already exists!
2023-02-16 16:35:35,549 [Listener at 127.0.0.1/38619] INFO  http.BaseHttpServer (BaseHttpServer.java:updateConnectorAddress(333)) - HTTP server of hddsDatanode listening at http://0.0.0.0:45529
2023-02-16 16:35:35,550 [Datanode State Machine Daemon Thread] INFO  statemachine.DatanodeStateMachine (DatanodeStateMachine.java:lambda$startDaemon$0(516)) - Ozone container server started.
2023-02-16 16:35:35,551 [Listener at 127.0.0.1/38619] INFO  ozone.MiniOzoneClusterImpl (MiniOzoneClusterImpl.java:lambda$waitForClusterToBeReady$0(218)) - Waiting for nodes to be ready. Got 0 of 5 DN Heartbeats.
2023-02-16 16:35:35,551 [Listener at 127.0.0.1/38619] INFO  ozone.MiniOzoneClusterImpl (MiniOzoneClusterImpl.java:lambda$waitForClusterToBeReady$0(221)) - Waiting for cluster to exit safe mode
2023-02-16 16:35:35,551 [Listener at 127.0.0.1/38619] INFO  ozone.MiniOzoneClusterImpl (MiniOzoneClusterImpl.java:lambda$waitForClusterToBeReady$0(223)) - SCM became leader
2023-02-16 16:35:35,555 [org.apache.hadoop.util.JvmPauseMonitor$Monitor@4ce181b9] INFO  util.JvmPauseMonitor (JvmPauseMonitor.java:run(188)) - Starting JVM pause monitor
2023-02-16 16:35:35,555 [Datanode State Machine Task Thread - 0] INFO  datanode.InitDatanodeState (InitDatanodeState.java:persistContainerDatanodeDetails(138)) - DatanodeDetails is persisted to /home/runner/work/ozone/ozone/hadoop-ozone/integration-test/target/test-dir/MiniOzoneClusterImpl-b3d396d2-53dd-4e8c-be8e-68e1d9cb948b/datanode-4/meta/datanode.id
2023-02-16 16:35:36,220 [EndpointStateMachine task thread for /0.0.0.0:45137 - 0 ] INFO  utils.DatanodeStoreCache (DatanodeStoreCache.java:addDB(58)) - Added db /home/runner/work/ozone/ozone/hadoop-ozone/integration-test/target/test-dir/MiniOzoneClusterImpl-b3d396d2-53dd-4e8c-be8e-68e1d9cb948b/datanode-0/data-0/containers/hdds/b3d396d2-53dd-4e8c-be8e-68e1d9cb948b/DS-4b14b4a3-6bc5-49a5-b395-b0898a38932f/container.db to cache
2023-02-16 16:35:36,220 [EndpointStateMachine task thread for /0.0.0.0:45137 - 0 ] INFO  volume.HddsVolume (HddsVolume.java:createDbStore(331)) - SchemaV3 db is created and loaded at /home/runner/work/ozone/ozone/hadoop-ozone/integration-test/target/test-dir/MiniOzoneClusterImpl-b3d396d2-53dd-4e8c-be8e-68e1d9cb948b/datanode-0/data-0/containers/hdds/b3d396d2-53dd-4e8c-be8e-68e1d9cb948b/DS-4b14b4a3-6bc5-49a5-b395-b0898a38932f/container.db for volume DS-4b14b4a3-6bc5-49a5-b395-b0898a38932f
2023-02-16 16:35:36,220 [EndpointStateMachine task thread for /0.0.0.0:45137 - 0 ] INFO  ozoneimpl.OzoneContainer (OzoneContainer.java:start(398)) - Attempting to start container services.
2023-02-16 16:35:36,221 [EndpointStateMachine task thread for /0.0.0.0:45137 - 0 ] INFO  ozoneimpl.OzoneContainer (OzoneContainer.java:startContainerScrub(315)) - Scheduled background container scanners and the on-demand container scanner have been disabled.
2023-02-16 16:35:36,225 [EndpointStateMachine task thread for /0.0.0.0:45137 - 0 ] INFO  replication.ReplicationServer (ReplicationServer.java:start(109)) - ReplicationServer is started using port 37995
2023-02-16 16:35:36,225 [EndpointStateMachine task thread for /0.0.0.0:45137 - 0 ] INFO  ratis.XceiverServerRatis (XceiverServerRatis.java:start(518)) - Starting XceiverServerRatis 832c6eac-c5e0-4404-a712-42768f90b279
2023-02-16 16:35:36,226 [EndpointStateMachine task thread for /0.0.0.0:45137 - 0 ] INFO  server.RaftServer (RaftServerProxy.java:startImpl(393)) - 832c6eac-c5e0-4404-a712-42768f90b279: start RPC server
2023-02-16 16:35:36,228 [EndpointStateMachine task thread for /0.0.0.0:45137 - 0 ] INFO  server.GrpcService (GrpcService.java:startImpl(262)) - 832c6eac-c5e0-4404-a712-42768f90b279: GrpcService started, listening on 39217
2023-02-16 16:35:36,228 [EndpointStateMachine task thread for /0.0.0.0:45137 - 0 ] INFO  ratis.XceiverServerRatis (XceiverServerRatis.java:getRealPort(544)) - XceiverServerRatis 832c6eac-c5e0-4404-a712-42768f90b279 is started using port 39217 for RATIS
2023-02-16 16:35:36,228 [EndpointStateMachine task thread for /0.0.0.0:45137 - 0 ] INFO  ratis.XceiverServerRatis (XceiverServerRatis.java:getRealPort(544)) - XceiverServerRatis 832c6eac-c5e0-4404-a712-42768f90b279 is started using port 39217 for RATIS_ADMIN
2023-02-16 16:35:36,228 [JvmPauseMonitor17] INFO  util.JvmPauseMonitor (JvmPauseMonitor.java:run(105)) - JvmPauseMonitor-832c6eac-c5e0-4404-a712-42768f90b279: Started
2023-02-16 16:35:36,228 [EndpointStateMachine task thread for /0.0.0.0:45137 - 0 ] INFO  ratis.XceiverServerRatis (XceiverServerRatis.java:getRealPort(544)) - XceiverServerRatis 832c6eac-c5e0-4404-a712-42768f90b279 is started using port 39217 for RATIS_SERVER
2023-02-16 16:35:36,228 [EndpointStateMachine task thread for /0.0.0.0:45137 - 0 ] INFO  ratis.XceiverServerRatis (XceiverServerRatis.java:getRealPort(544)) - XceiverServerRatis 832c6eac-c5e0-4404-a712-42768f90b279 is started using port 39199 for RATIS_DATASTREAM
2023-02-16 16:35:36,231 [EndpointStateMachine task thread for /0.0.0.0:45137 - 0 ] INFO  server.XceiverServerGrpc (XceiverServerGrpc.java:start(180)) - XceiverServerGrpc 832c6eac-c5e0-4404-a712-42768f90b279 is started using port 43779
2023-02-16 16:35:36,551 [Listener at 127.0.0.1/38619] INFO  ozone.MiniOzoneClusterImpl (MiniOzoneClusterImpl.java:lambda$waitForClusterToBeReady$0(218)) - Waiting for nodes to be ready. Got 0 of 5 DN Heartbeats.
2023-02-16 16:35:36,551 [Listener at 127.0.0.1/38619] INFO  ozone.MiniOzoneClusterImpl (MiniOzoneClusterImpl.java:lambda$waitForClusterToBeReady$0(221)) - Waiting for cluster to exit safe mode
2023-02-16 16:35:36,552 [Listener at 127.0.0.1/38619] INFO  ozone.MiniOzoneClusterImpl (MiniOzoneClusterImpl.java:lambda$waitForClusterToBeReady$0(223)) - SCM became leader
2023-02-16 16:35:36,557 [EndpointStateMachine task thread for /0.0.0.0:45137 - 0 ] INFO  utils.DatanodeStoreCache (DatanodeStoreCache.java:addDB(58)) - Added db /home/runner/work/ozone/ozone/hadoop-ozone/integration-test/target/test-dir/MiniOzoneClusterImpl-b3d396d2-53dd-4e8c-be8e-68e1d9cb948b/datanode-1/data-0/containers/hdds/b3d396d2-53dd-4e8c-be8e-68e1d9cb948b/DS-848f4564-7c8e-443c-aace-6625d1e53ede/container.db to cache
2023-02-16 16:35:36,557 [EndpointStateMachine task thread for /0.0.0.0:45137 - 0 ] INFO  volume.HddsVolume (HddsVolume.java:createDbStore(331)) - SchemaV3 db is created and loaded at /home/runner/work/ozone/ozone/hadoop-ozone/integration-test/target/test-dir/MiniOzoneClusterImpl-b3d396d2-53dd-4e8c-be8e-68e1d9cb948b/datanode-1/data-0/containers/hdds/b3d396d2-53dd-4e8c-be8e-68e1d9cb948b/DS-848f4564-7c8e-443c-aace-6625d1e53ede/container.db for volume DS-848f4564-7c8e-443c-aace-6625d1e53ede
2023-02-16 16:35:36,557 [EndpointStateMachine task thread for /0.0.0.0:45137 - 0 ] INFO  ozoneimpl.OzoneContainer (OzoneContainer.java:start(398)) - Attempting to start container services.
2023-02-16 16:35:36,557 [EndpointStateMachine task thread for /0.0.0.0:45137 - 0 ] INFO  ozoneimpl.OzoneContainer (OzoneContainer.java:startContainerScrub(315)) - Scheduled background container scanners and the on-demand container scanner have been disabled.
2023-02-16 16:35:36,561 [EndpointStateMachine task thread for /0.0.0.0:45137 - 0 ] INFO  replication.ReplicationServer (ReplicationServer.java:start(109)) - ReplicationServer is started using port 34319
2023-02-16 16:35:36,562 [EndpointStateMachine task thread for /0.0.0.0:45137 - 0 ] INFO  ratis.XceiverServerRatis (XceiverServerRatis.java:start(518)) - Starting XceiverServerRatis cfe669b9-663a-43f7-806f-76176ea695bf
2023-02-16 16:35:36,562 [EndpointStateMachine task thread for /0.0.0.0:45137 - 0 ] INFO  server.RaftServer (RaftServerProxy.java:startImpl(393)) - cfe669b9-663a-43f7-806f-76176ea695bf: start RPC server
2023-02-16 16:35:36,567 [EndpointStateMachine task thread for /0.0.0.0:45137 - 0 ] INFO  server.GrpcService (GrpcService.java:startImpl(262)) - cfe669b9-663a-43f7-806f-76176ea695bf: GrpcService started, listening on 35191
2023-02-16 16:35:36,569 [EndpointStateMachine task thread for /0.0.0.0:45137 - 0 ] INFO  ratis.XceiverServerRatis (XceiverServerRatis.java:getRealPort(544)) - XceiverServerRatis cfe669b9-663a-43f7-806f-76176ea695bf is started using port 35191 for RATIS
2023-02-16 16:35:36,569 [EndpointStateMachine task thread for /0.0.0.0:45137 - 0 ] INFO  ratis.XceiverServerRatis (XceiverServerRatis.java:getRealPort(544)) - XceiverServerRatis cfe669b9-663a-43f7-806f-76176ea695bf is started using port 35191 for RATIS_ADMIN
2023-02-16 16:35:36,569 [JvmPauseMonitor18] INFO  util.JvmPauseMonitor (JvmPauseMonitor.java:run(105)) - JvmPauseMonitor-cfe669b9-663a-43f7-806f-76176ea695bf: Started
2023-02-16 16:35:36,569 [EndpointStateMachine task thread for /0.0.0.0:45137 - 0 ] INFO  ratis.XceiverServerRatis (XceiverServerRatis.java:getRealPort(544)) - XceiverServerRatis cfe669b9-663a-43f7-806f-76176ea695bf is started using port 35191 for RATIS_SERVER
2023-02-16 16:35:36,571 [EndpointStateMachine task thread for /0.0.0.0:45137 - 0 ] INFO  ratis.XceiverServerRatis (XceiverServerRatis.java:getRealPort(544)) - XceiverServerRatis cfe669b9-663a-43f7-806f-76176ea695bf is started using port 39659 for RATIS_DATASTREAM
2023-02-16 16:35:36,573 [EndpointStateMachine task thread for /0.0.0.0:45137 - 0 ] INFO  server.XceiverServerGrpc (XceiverServerGrpc.java:start(180)) - XceiverServerGrpc cfe669b9-663a-43f7-806f-76176ea695bf is started using port 43301
2023-02-16 16:35:36,894 [EndpointStateMachine task thread for /0.0.0.0:45137 - 0 ] INFO  utils.DatanodeStoreCache (DatanodeStoreCache.java:addDB(58)) - Added db /home/runner/work/ozone/ozone/hadoop-ozone/integration-test/target/test-dir/MiniOzoneClusterImpl-b3d396d2-53dd-4e8c-be8e-68e1d9cb948b/datanode-2/data-0/containers/hdds/b3d396d2-53dd-4e8c-be8e-68e1d9cb948b/DS-5f794489-bf3e-4f37-9563-eaa996e4a90d/container.db to cache
2023-02-16 16:35:36,894 [EndpointStateMachine task thread for /0.0.0.0:45137 - 0 ] INFO  volume.HddsVolume (HddsVolume.java:createDbStore(331)) - SchemaV3 db is created and loaded at /home/runner/work/ozone/ozone/hadoop-ozone/integration-test/target/test-dir/MiniOzoneClusterImpl-b3d396d2-53dd-4e8c-be8e-68e1d9cb948b/datanode-2/data-0/containers/hdds/b3d396d2-53dd-4e8c-be8e-68e1d9cb948b/DS-5f794489-bf3e-4f37-9563-eaa996e4a90d/container.db for volume DS-5f794489-bf3e-4f37-9563-eaa996e4a90d
2023-02-16 16:35:36,894 [EndpointStateMachine task thread for /0.0.0.0:45137 - 0 ] INFO  ozoneimpl.OzoneContainer (OzoneContainer.java:start(398)) - Attempting to start container services.
2023-02-16 16:35:36,894 [EndpointStateMachine task thread for /0.0.0.0:45137 - 0 ] INFO  ozoneimpl.OzoneContainer (OzoneContainer.java:startContainerScrub(315)) - Scheduled background container scanners and the on-demand container scanner have been disabled.
2023-02-16 16:35:36,896 [EndpointStateMachine task thread for /0.0.0.0:45137 - 0 ] INFO  replication.ReplicationServer (ReplicationServer.java:start(109)) - ReplicationServer is started using port 35845
2023-02-16 16:35:36,897 [EndpointStateMachine task thread for /0.0.0.0:45137 - 0 ] INFO  ratis.XceiverServerRatis (XceiverServerRatis.java:start(518)) - Starting XceiverServerRatis 47c87cc4-760b-451b-b923-a7cd32ec4f45
2023-02-16 16:35:36,899 [EndpointStateMachine task thread for /0.0.0.0:45137 - 0 ] INFO  server.RaftServer (RaftServerProxy.java:startImpl(393)) - 47c87cc4-760b-451b-b923-a7cd32ec4f45: start RPC server
2023-02-16 16:35:36,904 [EndpointStateMachine task thread for /0.0.0.0:45137 - 0 ] INFO  server.GrpcService (GrpcService.java:startImpl(262)) - 47c87cc4-760b-451b-b923-a7cd32ec4f45: GrpcService started, listening on 45343
2023-02-16 16:35:36,904 [EndpointStateMachine task thread for /0.0.0.0:45137 - 0 ] INFO  ratis.XceiverServerRatis (XceiverServerRatis.java:getRealPort(544)) - XceiverServerRatis 47c87cc4-760b-451b-b923-a7cd32ec4f45 is started using port 45343 for RATIS
2023-02-16 16:35:36,904 [JvmPauseMonitor19] INFO  util.JvmPauseMonitor (JvmPauseMonitor.java:run(105)) - JvmPauseMonitor-47c87cc4-760b-451b-b923-a7cd32ec4f45: Started
2023-02-16 16:35:36,904 [EndpointStateMachine task thread for /0.0.0.0:45137 - 0 ] INFO  ratis.XceiverServerRatis (XceiverServerRatis.java:getRealPort(544)) - XceiverServerRatis 47c87cc4-760b-451b-b923-a7cd32ec4f45 is started using port 45343 for RATIS_ADMIN
2023-02-16 16:35:36,904 [EndpointStateMachine task thread for /0.0.0.0:45137 - 0 ] INFO  ratis.XceiverServerRatis (XceiverServerRatis.java:getRealPort(544)) - XceiverServerRatis 47c87cc4-760b-451b-b923-a7cd32ec4f45 is started using port 45343 for RATIS_SERVER
2023-02-16 16:35:36,904 [EndpointStateMachine task thread for /0.0.0.0:45137 - 0 ] INFO  ratis.XceiverServerRatis (XceiverServerRatis.java:getRealPort(544)) - XceiverServerRatis 47c87cc4-760b-451b-b923-a7cd32ec4f45 is started using port 38397 for RATIS_DATASTREAM
2023-02-16 16:35:36,913 [EndpointStateMachine task thread for /0.0.0.0:45137 - 0 ] INFO  server.XceiverServerGrpc (XceiverServerGrpc.java:start(180)) - XceiverServerGrpc 47c87cc4-760b-451b-b923-a7cd32ec4f45 is started using port 33359
2023-02-16 16:35:37,213 [EndpointStateMachine task thread for /0.0.0.0:45137 - 0 ] INFO  utils.DatanodeStoreCache (DatanodeStoreCache.java:addDB(58)) - Added db /home/runner/work/ozone/ozone/hadoop-ozone/integration-test/target/test-dir/MiniOzoneClusterImpl-b3d396d2-53dd-4e8c-be8e-68e1d9cb948b/datanode-3/data-0/containers/hdds/b3d396d2-53dd-4e8c-be8e-68e1d9cb948b/DS-6361ed7b-9906-468c-9505-d5c7bd6152c0/container.db to cache
2023-02-16 16:35:37,213 [EndpointStateMachine task thread for /0.0.0.0:45137 - 0 ] INFO  volume.HddsVolume (HddsVolume.java:createDbStore(331)) - SchemaV3 db is created and loaded at /home/runner/work/ozone/ozone/hadoop-ozone/integration-test/target/test-dir/MiniOzoneClusterImpl-b3d396d2-53dd-4e8c-be8e-68e1d9cb948b/datanode-3/data-0/containers/hdds/b3d396d2-53dd-4e8c-be8e-68e1d9cb948b/DS-6361ed7b-9906-468c-9505-d5c7bd6152c0/container.db for volume DS-6361ed7b-9906-468c-9505-d5c7bd6152c0
2023-02-16 16:35:37,215 [EndpointStateMachine task thread for /0.0.0.0:45137 - 0 ] INFO  ozoneimpl.OzoneContainer (OzoneContainer.java:start(398)) - Attempting to start container services.
2023-02-16 16:35:37,215 [EndpointStateMachine task thread for /0.0.0.0:45137 - 0 ] INFO  ozoneimpl.OzoneContainer (OzoneContainer.java:startContainerScrub(315)) - Scheduled background container scanners and the on-demand container scanner have been disabled.
2023-02-16 16:35:37,218 [EndpointStateMachine task thread for /0.0.0.0:45137 - 0 ] INFO  replication.ReplicationServer (ReplicationServer.java:start(109)) - ReplicationServer is started using port 45281
2023-02-16 16:35:37,219 [EndpointStateMachine task thread for /0.0.0.0:45137 - 0 ] INFO  ratis.XceiverServerRatis (XceiverServerRatis.java:start(518)) - Starting XceiverServerRatis 00740072-767d-495a-9267-65b6e3e6d7e7
2023-02-16 16:35:37,219 [EndpointStateMachine task thread for /0.0.0.0:45137 - 0 ] INFO  server.RaftServer (RaftServerProxy.java:startImpl(393)) - 00740072-767d-495a-9267-65b6e3e6d7e7: start RPC server
2023-02-16 16:35:37,223 [EndpointStateMachine task thread for /0.0.0.0:45137 - 0 ] INFO  server.GrpcService (GrpcService.java:startImpl(262)) - 00740072-767d-495a-9267-65b6e3e6d7e7: GrpcService started, listening on 43221
2023-02-16 16:35:37,223 [EndpointStateMachine task thread for /0.0.0.0:45137 - 0 ] INFO  ratis.XceiverServerRatis (XceiverServerRatis.java:getRealPort(544)) - XceiverServerRatis 00740072-767d-495a-9267-65b6e3e6d7e7 is started using port 43221 for RATIS
2023-02-16 16:35:37,223 [EndpointStateMachine task thread for /0.0.0.0:45137 - 0 ] INFO  ratis.XceiverServerRatis (XceiverServerRatis.java:getRealPort(544)) - XceiverServerRatis 00740072-767d-495a-9267-65b6e3e6d7e7 is started using port 43221 for RATIS_ADMIN
2023-02-16 16:35:37,223 [JvmPauseMonitor20] INFO  util.JvmPauseMonitor (JvmPauseMonitor.java:run(105)) - JvmPauseMonitor-00740072-767d-495a-9267-65b6e3e6d7e7: Started
2023-02-16 16:35:37,223 [EndpointStateMachine task thread for /0.0.0.0:45137 - 0 ] INFO  ratis.XceiverServerRatis (XceiverServerRatis.java:getRealPort(544)) - XceiverServerRatis 00740072-767d-495a-9267-65b6e3e6d7e7 is started using port 43221 for RATIS_SERVER
2023-02-16 16:35:37,224 [EndpointStateMachine task thread for /0.0.0.0:45137 - 0 ] INFO  ratis.XceiverServerRatis (XceiverServerRatis.java:getRealPort(544)) - XceiverServerRatis 00740072-767d-495a-9267-65b6e3e6d7e7 is started using port 35451 for RATIS_DATASTREAM
2023-02-16 16:35:37,225 [EndpointStateMachine task thread for /0.0.0.0:45137 - 0 ] INFO  server.XceiverServerGrpc (XceiverServerGrpc.java:start(180)) - XceiverServerGrpc 00740072-767d-495a-9267-65b6e3e6d7e7 is started using port 44315
2023-02-16 16:35:37,552 [Listener at 127.0.0.1/38619] INFO  ozone.MiniOzoneClusterImpl (MiniOzoneClusterImpl.java:lambda$waitForClusterToBeReady$0(218)) - Waiting for nodes to be ready. Got 0 of 5 DN Heartbeats.
2023-02-16 16:35:37,552 [Listener at 127.0.0.1/38619] INFO  ozone.MiniOzoneClusterImpl (MiniOzoneClusterImpl.java:lambda$waitForClusterToBeReady$0(221)) - Waiting for cluster to exit safe mode
2023-02-16 16:35:37,552 [Listener at 127.0.0.1/38619] INFO  ozone.MiniOzoneClusterImpl (MiniOzoneClusterImpl.java:lambda$waitForClusterToBeReady$0(223)) - SCM became leader
2023-02-16 16:35:37,580 [EndpointStateMachine task thread for /0.0.0.0:45137 - 0 ] INFO  utils.DatanodeStoreCache (DatanodeStoreCache.java:addDB(58)) - Added db /home/runner/work/ozone/ozone/hadoop-ozone/integration-test/target/test-dir/MiniOzoneClusterImpl-b3d396d2-53dd-4e8c-be8e-68e1d9cb948b/datanode-4/data-0/containers/hdds/b3d396d2-53dd-4e8c-be8e-68e1d9cb948b/DS-da9eb0fc-cd16-47e3-8b68-c84a723303f8/container.db to cache
2023-02-16 16:35:37,580 [EndpointStateMachine task thread for /0.0.0.0:45137 - 0 ] INFO  volume.HddsVolume (HddsVolume.java:createDbStore(331)) - SchemaV3 db is created and loaded at /home/runner/work/ozone/ozone/hadoop-ozone/integration-test/target/test-dir/MiniOzoneClusterImpl-b3d396d2-53dd-4e8c-be8e-68e1d9cb948b/datanode-4/data-0/containers/hdds/b3d396d2-53dd-4e8c-be8e-68e1d9cb948b/DS-da9eb0fc-cd16-47e3-8b68-c84a723303f8/container.db for volume DS-da9eb0fc-cd16-47e3-8b68-c84a723303f8
2023-02-16 16:35:37,580 [EndpointStateMachine task thread for /0.0.0.0:45137 - 0 ] INFO  ozoneimpl.OzoneContainer (OzoneContainer.java:start(398)) - Attempting to start container services.
2023-02-16 16:35:37,580 [EndpointStateMachine task thread for /0.0.0.0:45137 - 0 ] INFO  ozoneimpl.OzoneContainer (OzoneContainer.java:startContainerScrub(315)) - Scheduled background container scanners and the on-demand container scanner have been disabled.
2023-02-16 16:35:37,583 [EndpointStateMachine task thread for /0.0.0.0:45137 - 0 ] INFO  replication.ReplicationServer (ReplicationServer.java:start(109)) - ReplicationServer is started using port 38075
2023-02-16 16:35:37,585 [EndpointStateMachine task thread for /0.0.0.0:45137 - 0 ] INFO  ratis.XceiverServerRatis (XceiverServerRatis.java:start(518)) - Starting XceiverServerRatis 8ad86b55-446a-4cc0-ba4d-2b14b834a930
2023-02-16 16:35:37,585 [EndpointStateMachine task thread for /0.0.0.0:45137 - 0 ] INFO  server.RaftServer (RaftServerProxy.java:startImpl(393)) - 8ad86b55-446a-4cc0-ba4d-2b14b834a930: start RPC server
2023-02-16 16:35:37,587 [EndpointStateMachine task thread for /0.0.0.0:45137 - 0 ] INFO  server.GrpcService (GrpcService.java:startImpl(262)) - 8ad86b55-446a-4cc0-ba4d-2b14b834a930: GrpcService started, listening on 35695
2023-02-16 16:35:37,587 [EndpointStateMachine task thread for /0.0.0.0:45137 - 0 ] INFO  ratis.XceiverServerRatis (XceiverServerRatis.java:getRealPort(544)) - XceiverServerRatis 8ad86b55-446a-4cc0-ba4d-2b14b834a930 is started using port 35695 for RATIS
2023-02-16 16:35:37,587 [EndpointStateMachine task thread for /0.0.0.0:45137 - 0 ] INFO  ratis.XceiverServerRatis (XceiverServerRatis.java:getRealPort(544)) - XceiverServerRatis 8ad86b55-446a-4cc0-ba4d-2b14b834a930 is started using port 35695 for RATIS_ADMIN
2023-02-16 16:35:37,587 [EndpointStateMachine task thread for /0.0.0.0:45137 - 0 ] INFO  ratis.XceiverServerRatis (XceiverServerRatis.java:getRealPort(544)) - XceiverServerRatis 8ad86b55-446a-4cc0-ba4d-2b14b834a930 is started using port 35695 for RATIS_SERVER
2023-02-16 16:35:37,587 [EndpointStateMachine task thread for /0.0.0.0:45137 - 0 ] INFO  ratis.XceiverServerRatis (XceiverServerRatis.java:getRealPort(544)) - XceiverServerRatis 8ad86b55-446a-4cc0-ba4d-2b14b834a930 is started using port 46291 for RATIS_DATASTREAM
2023-02-16 16:35:37,587 [JvmPauseMonitor21] INFO  util.JvmPauseMonitor (JvmPauseMonitor.java:run(105)) - JvmPauseMonitor-8ad86b55-446a-4cc0-ba4d-2b14b834a930: Started
2023-02-16 16:35:37,589 [EndpointStateMachine task thread for /0.0.0.0:45137 - 0 ] INFO  server.XceiverServerGrpc (XceiverServerGrpc.java:start(180)) - XceiverServerGrpc 8ad86b55-446a-4cc0-ba4d-2b14b834a930 is started using port 41049
2023-02-16 16:35:38,192 [IPC Server handler 1 on default port 45137] INFO  net.NetworkTopologyImpl (NetworkTopologyImpl.java:add(112)) - Added a new node: /default-rack/832c6eac-c5e0-4404-a712-42768f90b279
2023-02-16 16:35:38,192 [IPC Server handler 1 on default port 45137] INFO  node.SCMNodeManager (SCMNodeManager.java:register(397)) - Registered Data node : 832c6eac-c5e0-4404-a712-42768f90b279{ip: 10.1.0.66, host: fv-az167-289.21ktoceh2wee5fewwtpg1zd01g.bx.internal.cloudapp.net, ports: [REPLICATION=37995, RATIS=39217, RATIS_ADMIN=39217, RATIS_SERVER=39217, RATIS_DATASTREAM=39199, STANDALONE=43779], networkLocation: /default-rack, certSerialId: null, persistedOpState: null, persistedOpStateExpiryEpochSec: 0}
2023-02-16 16:35:38,194 [EventQueue-NodeRegistrationContainerReportForContainerSafeModeRule] INFO  safemode.SCMSafeModeManager (SCMSafeModeManager.java:validateSafeModeExitRules(200)) - ContainerSafeModeRule rule is successfully validated
2023-02-16 16:35:38,195 [EventQueue-NodeRegistrationContainerReportForDataNodeSafeModeRule] INFO  safemode.SCMSafeModeManager (DataNodeSafeModeRule.java:process(71)) - SCM in safe mode. 1 DataNodes registered, 3 required.
2023-02-16 16:35:38,196 [EventQueue-NewNodeForNewNodeHandler] INFO  pipeline.BackgroundPipelineCreator (BackgroundPipelineCreator.java:notifyEventTriggered(276)) - trigger a one-shot run on RatisPipelineUtilsThread.
2023-02-16 16:35:38,196 [RatisPipelineUtilsThread - 0] INFO  pipeline.RatisPipelineProvider (RatisPipelineProvider.java:lambda$create$0(206)) - Sending CreatePipelineCommand for pipeline:PipelineID=9e89abcb-3e68-422c-ae20-655e397761c3 to datanode:832c6eac-c5e0-4404-a712-42768f90b279
2023-02-16 16:35:38,197 [EventQueue-PipelineReportForOneReplicaPipelineSafeModeRule] INFO  safemode.SCMSafeModeManager (SCMSafeModeManager.java:validateSafeModeExitRules(200)) - AtleastOneDatanodeReportedRule rule is successfully validated
2023-02-16 16:35:38,197 [RatisPipelineUtilsThread - 0] INFO  pipeline.PipelineStateManagerImpl (PipelineStateManagerImpl.java:addPipeline(103)) - Created pipeline Pipeline[ Id: 9e89abcb-3e68-422c-ae20-655e397761c3, Nodes: 832c6eac-c5e0-4404-a712-42768f90b279(fv-az167-289.21ktoceh2wee5fewwtpg1zd01g.bx.internal.cloudapp.net/10.1.0.66), ReplicationConfig: RATIS/ONE, State:ALLOCATED, leaderId:, CreationTimestamp2023-02-16T16:35:38.196Z[Etc/UTC]].
2023-02-16 16:35:38,533 [IPC Server handler 2 on default port 45137] INFO  net.NetworkTopologyImpl (NetworkTopologyImpl.java:add(112)) - Added a new node: /default-rack/cfe669b9-663a-43f7-806f-76176ea695bf
2023-02-16 16:35:38,533 [IPC Server handler 2 on default port 45137] INFO  node.SCMNodeManager (SCMNodeManager.java:register(397)) - Registered Data node : cfe669b9-663a-43f7-806f-76176ea695bf{ip: 10.1.0.66, host: fv-az167-289.21ktoceh2wee5fewwtpg1zd01g.bx.internal.cloudapp.net, ports: [REPLICATION=34319, RATIS=35191, RATIS_ADMIN=35191, RATIS_SERVER=35191, RATIS_DATASTREAM=39659, STANDALONE=43301], networkLocation: /default-rack, certSerialId: null, persistedOpState: null, persistedOpStateExpiryEpochSec: 0}
2023-02-16 16:35:38,534 [EventQueue-NodeRegistrationContainerReportForDataNodeSafeModeRule] INFO  safemode.SCMSafeModeManager (DataNodeSafeModeRule.java:process(71)) - SCM in safe mode. 2 DataNodes registered, 3 required.
2023-02-16 16:35:38,534 [EventQueue-NewNodeForNewNodeHandler] INFO  pipeline.BackgroundPipelineCreator (BackgroundPipelineCreator.java:notifyEventTriggered(276)) - trigger a one-shot run on RatisPipelineUtilsThread.
2023-02-16 16:35:38,535 [RatisPipelineUtilsThread - 0] INFO  pipeline.RatisPipelineProvider (RatisPipelineProvider.java:lambda$create$0(206)) - Sending CreatePipelineCommand for pipeline:PipelineID=9d69ff71-16a1-4a7d-adff-f2a48c9db284 to datanode:cfe669b9-663a-43f7-806f-76176ea695bf
2023-02-16 16:35:38,535 [RatisPipelineUtilsThread - 0] INFO  pipeline.PipelineStateManagerImpl (PipelineStateManagerImpl.java:addPipeline(103)) - Created pipeline Pipeline[ Id: 9d69ff71-16a1-4a7d-adff-f2a48c9db284, Nodes: cfe669b9-663a-43f7-806f-76176ea695bf(fv-az167-289.21ktoceh2wee5fewwtpg1zd01g.bx.internal.cloudapp.net/10.1.0.66), ReplicationConfig: RATIS/ONE, State:ALLOCATED, leaderId:, CreationTimestamp2023-02-16T16:35:38.535Z[Etc/UTC]].
2023-02-16 16:35:38,552 [Listener at 127.0.0.1/38619] INFO  ozone.MiniOzoneClusterImpl (MiniOzoneClusterImpl.java:lambda$waitForClusterToBeReady$0(218)) - Waiting for nodes to be ready. Got 2 of 5 DN Heartbeats.
2023-02-16 16:35:38,552 [Listener at 127.0.0.1/38619] INFO  ozone.MiniOzoneClusterImpl (MiniOzoneClusterImpl.java:lambda$waitForClusterToBeReady$0(221)) - Waiting for cluster to exit safe mode
2023-02-16 16:35:38,552 [Listener at 127.0.0.1/38619] INFO  ozone.MiniOzoneClusterImpl (MiniOzoneClusterImpl.java:lambda$waitForClusterToBeReady$0(223)) - SCM became leader
2023-02-16 16:35:38,869 [IPC Server handler 3 on default port 45137] INFO  net.NetworkTopologyImpl (NetworkTopologyImpl.java:add(112)) - Added a new node: /default-rack/47c87cc4-760b-451b-b923-a7cd32ec4f45
2023-02-16 16:35:38,869 [IPC Server handler 3 on default port 45137] INFO  node.SCMNodeManager (SCMNodeManager.java:register(397)) - Registered Data node : 47c87cc4-760b-451b-b923-a7cd32ec4f45{ip: 10.1.0.66, host: fv-az167-289.21ktoceh2wee5fewwtpg1zd01g.bx.internal.cloudapp.net, ports: [REPLICATION=35845, RATIS=45343, RATIS_ADMIN=45343, RATIS_SERVER=45343, RATIS_DATASTREAM=38397, STANDALONE=33359], networkLocation: /default-rack, certSerialId: null, persistedOpState: null, persistedOpStateExpiryEpochSec: 0}
2023-02-16 16:35:38,869 [EventQueue-NewNodeForNewNodeHandler] INFO  pipeline.BackgroundPipelineCreator (BackgroundPipelineCreator.java:notifyEventTriggered(276)) - trigger a one-shot run on RatisPipelineUtilsThread.
2023-02-16 16:35:38,869 [RatisPipelineUtilsThread - 0] INFO  pipeline.RatisPipelineProvider (RatisPipelineProvider.java:lambda$create$0(206)) - Sending CreatePipelineCommand for pipeline:PipelineID=06b1d083-a15b-4cf8-ba17-be9661c1b110 to datanode:47c87cc4-760b-451b-b923-a7cd32ec4f45
2023-02-16 16:35:38,870 [RatisPipelineUtilsThread - 0] INFO  pipeline.PipelineStateManagerImpl (PipelineStateManagerImpl.java:addPipeline(103)) - Created pipeline Pipeline[ Id: 06b1d083-a15b-4cf8-ba17-be9661c1b110, Nodes: 47c87cc4-760b-451b-b923-a7cd32ec4f45(fv-az167-289.21ktoceh2wee5fewwtpg1zd01g.bx.internal.cloudapp.net/10.1.0.66), ReplicationConfig: RATIS/ONE, State:ALLOCATED, leaderId:, CreationTimestamp2023-02-16T16:35:38.869Z[Etc/UTC]].
2023-02-16 16:35:38,871 [EventQueue-NodeRegistrationContainerReportForDataNodeSafeModeRule] INFO  safemode.SCMSafeModeManager (DataNodeSafeModeRule.java:process(71)) - SCM in safe mode. 3 DataNodes registered, 3 required.
2023-02-16 16:35:38,871 [EventQueue-NodeRegistrationContainerReportForDataNodeSafeModeRule] INFO  safemode.SCMSafeModeManager (SCMSafeModeManager.java:validateSafeModeExitRules(200)) - DataNodeSafeModeRule rule is successfully validated
2023-02-16 16:35:38,871 [EventQueue-NodeRegistrationContainerReportForDataNodeSafeModeRule] INFO  safemode.SCMSafeModeManager (SCMSafeModeManager.java:completePreCheck(229)) - All SCM safe mode pre check rules have passed
2023-02-16 16:35:38,871 [EventQueue-NodeRegistrationContainerReportForDataNodeSafeModeRule] INFO  ha.SCMContext (SCMContext.java:updateSafeModeStatus(228)) - Update SafeModeStatus from SafeModeStatus{safeModeStatus=true, preCheckPassed=false} to SafeModeStatus{safeModeStatus=true, preCheckPassed=true}.
2023-02-16 16:35:38,871 [EventQueue-NodeRegistrationContainerReportForDataNodeSafeModeRule] INFO  pipeline.BackgroundPipelineCreator (BackgroundPipelineCreator.java:notifyEventTriggered(276)) - trigger a one-shot run on RatisPipelineUtilsThread.
2023-02-16 16:35:38,874 [RatisPipelineUtilsThread - 0] INFO  pipeline.RatisPipelineProvider (RatisPipelineProvider.java:lambda$create$0(206)) - Sending CreatePipelineCommand for pipeline:PipelineID=cfa963c0-4c95-4f99-8b8c-ae9f91136a35 to datanode:47c87cc4-760b-451b-b923-a7cd32ec4f45
2023-02-16 16:35:38,874 [RatisPipelineUtilsThread - 0] INFO  pipeline.RatisPipelineProvider (RatisPipelineProvider.java:lambda$create$0(206)) - Sending CreatePipelineCommand for pipeline:PipelineID=cfa963c0-4c95-4f99-8b8c-ae9f91136a35 to datanode:832c6eac-c5e0-4404-a712-42768f90b279
2023-02-16 16:35:38,874 [RatisPipelineUtilsThread - 0] INFO  pipeline.RatisPipelineProvider (RatisPipelineProvider.java:lambda$create$0(206)) - Sending CreatePipelineCommand for pipeline:PipelineID=cfa963c0-4c95-4f99-8b8c-ae9f91136a35 to datanode:cfe669b9-663a-43f7-806f-76176ea695bf
2023-02-16 16:35:38,874 [RatisPipelineUtilsThread - 0] INFO  pipeline.PipelineStateManagerImpl (PipelineStateManagerImpl.java:addPipeline(103)) - Created pipeline Pipeline[ Id: cfa963c0-4c95-4f99-8b8c-ae9f91136a35, Nodes: 47c87cc4-760b-451b-b923-a7cd32ec4f45(fv-az167-289.21ktoceh2wee5fewwtpg1zd01g.bx.internal.cloudapp.net/10.1.0.66)832c6eac-c5e0-4404-a712-42768f90b279(fv-az167-289.21ktoceh2wee5fewwtpg1zd01g.bx.internal.cloudapp.net/10.1.0.66)cfe669b9-663a-43f7-806f-76176ea695bf(fv-az167-289.21ktoceh2wee5fewwtpg1zd01g.bx.internal.cloudapp.net/10.1.0.66), ReplicationConfig: RATIS/THREE, State:ALLOCATED, leaderId:, CreationTimestamp2023-02-16T16:35:38.874Z[Etc/UTC]].
2023-02-16 16:35:38,874 [RatisPipelineUtilsThread - 0] INFO  pipeline.RatisPipelineProvider (RatisPipelineProvider.java:lambda$create$0(206)) - Sending CreatePipelineCommand for pipeline:PipelineID=8816d293-a2c8-476d-b04f-ea647c2f701f to datanode:832c6eac-c5e0-4404-a712-42768f90b279
2023-02-16 16:35:38,875 [RatisPipelineUtilsThread - 0] INFO  pipeline.RatisPipelineProvider (RatisPipelineProvider.java:lambda$create$0(206)) - Sending CreatePipelineCommand for pipeline:PipelineID=8816d293-a2c8-476d-b04f-ea647c2f701f to datanode:47c87cc4-760b-451b-b923-a7cd32ec4f45
2023-02-16 16:35:38,875 [RatisPipelineUtilsThread - 0] INFO  pipeline.RatisPipelineProvider (RatisPipelineProvider.java:lambda$create$0(206)) - Sending CreatePipelineCommand for pipeline:PipelineID=8816d293-a2c8-476d-b04f-ea647c2f701f to datanode:cfe669b9-663a-43f7-806f-76176ea695bf
2023-02-16 16:35:38,875 [RatisPipelineUtilsThread - 0] INFO  pipeline.PipelineStateManagerImpl (PipelineStateManagerImpl.java:addPipeline(103)) - Created pipeline Pipeline[ Id: 8816d293-a2c8-476d-b04f-ea647c2f701f, Nodes: 832c6eac-c5e0-4404-a712-42768f90b279(fv-az167-289.21ktoceh2wee5fewwtpg1zd01g.bx.internal.cloudapp.net/10.1.0.66)47c87cc4-760b-451b-b923-a7cd32ec4f45(fv-az167-289.21ktoceh2wee5fewwtpg1zd01g.bx.internal.cloudapp.net/10.1.0.66)cfe669b9-663a-43f7-806f-76176ea695bf(fv-az167-289.21ktoceh2wee5fewwtpg1zd01g.bx.internal.cloudapp.net/10.1.0.66), ReplicationConfig: RATIS/THREE, State:ALLOCATED, leaderId:, CreationTimestamp2023-02-16T16:35:38.874Z[Etc/UTC]].
2023-02-16 16:35:38,875 [RatisPipelineUtilsThread - 0] INFO  pipeline.PipelineManagerImpl (PipelineManagerImpl.java:recordMetricsForPipeline(826)) - Pipeline: PipelineID=8816d293-a2c8-476d-b04f-ea647c2f701f contains same datanodes as previous pipelines: PipelineID=cfa963c0-4c95-4f99-8b8c-ae9f91136a35 nodeIds: 832c6eac-c5e0-4404-a712-42768f90b279, 47c87cc4-760b-451b-b923-a7cd32ec4f45, cfe669b9-663a-43f7-806f-76176ea695bf
2023-02-16 16:35:38,875 [RatisPipelineUtilsThread - 0] WARN  pipeline.PipelinePlacementPolicy (PipelinePlacementPolicy.java:filterViableNodes(158)) - Pipeline creation failed due to no sufficient healthy datanodes. Required 3. Found 0.
2023-02-16 16:35:39,189 [IPC Server handler 0 on default port 45137] INFO  net.NetworkTopologyImpl (NetworkTopologyImpl.java:add(112)) - Added a new node: /default-rack/00740072-767d-495a-9267-65b6e3e6d7e7
2023-02-16 16:35:39,189 [IPC Server handler 0 on default port 45137] INFO  node.SCMNodeManager (SCMNodeManager.java:register(397)) - Registered Data node : 00740072-767d-495a-9267-65b6e3e6d7e7{ip: 10.1.0.66, host: fv-az167-289.21ktoceh2wee5fewwtpg1zd01g.bx.internal.cloudapp.net, ports: [REPLICATION=45281, RATIS=43221, RATIS_ADMIN=43221, RATIS_SERVER=43221, RATIS_DATASTREAM=35451, STANDALONE=44315], networkLocation: /default-rack, certSerialId: null, persistedOpState: null, persistedOpStateExpiryEpochSec: 0}
2023-02-16 16:35:39,189 [EventQueue-NewNodeForNewNodeHandler] INFO  pipeline.BackgroundPipelineCreator (BackgroundPipelineCreator.java:notifyEventTriggered(276)) - trigger a one-shot run on RatisPipelineUtilsThread.
2023-02-16 16:35:39,191 [RatisPipelineUtilsThread - 0] INFO  pipeline.RatisPipelineProvider (RatisPipelineProvider.java:lambda$create$0(206)) - Sending CreatePipelineCommand for pipeline:PipelineID=e4d9cd4a-7bbe-4c1c-98b6-33ea1f0fa0af to datanode:00740072-767d-495a-9267-65b6e3e6d7e7
2023-02-16 16:35:39,191 [RatisPipelineUtilsThread - 0] INFO  pipeline.PipelineStateManagerImpl (PipelineStateManagerImpl.java:addPipeline(103)) - Created pipeline Pipeline[ Id: e4d9cd4a-7bbe-4c1c-98b6-33ea1f0fa0af, Nodes: 00740072-767d-495a-9267-65b6e3e6d7e7(fv-az167-289.21ktoceh2wee5fewwtpg1zd01g.bx.internal.cloudapp.net/10.1.0.66), ReplicationConfig: RATIS/ONE, State:ALLOCATED, leaderId:, CreationTimestamp2023-02-16T16:35:39.191Z[Etc/UTC]].
2023-02-16 16:35:39,191 [RatisPipelineUtilsThread - 0] WARN  pipeline.PipelinePlacementPolicy (PipelinePlacementPolicy.java:filterViableNodes(158)) - Pipeline creation failed due to no sufficient healthy datanodes. Required 3. Found 1.
2023-02-16 16:35:39,553 [Listener at 127.0.0.1/38619] INFO  ozone.MiniOzoneClusterImpl (MiniOzoneClusterImpl.java:lambda$waitForClusterToBeReady$0(218)) - Waiting for nodes to be ready. Got 4 of 5 DN Heartbeats.
2023-02-16 16:35:39,553 [Listener at 127.0.0.1/38619] INFO  ozone.MiniOzoneClusterImpl (MiniOzoneClusterImpl.java:lambda$waitForClusterToBeReady$0(221)) - Waiting for cluster to exit safe mode
2023-02-16 16:35:39,553 [Listener at 127.0.0.1/38619] INFO  ozone.MiniOzoneClusterImpl (MiniOzoneClusterImpl.java:lambda$waitForClusterToBeReady$0(223)) - SCM became leader
2023-02-16 16:35:39,555 [IPC Server handler 3 on default port 45137] INFO  net.NetworkTopologyImpl (NetworkTopologyImpl.java:add(112)) - Added a new node: /default-rack/8ad86b55-446a-4cc0-ba4d-2b14b834a930
2023-02-16 16:35:39,555 [IPC Server handler 3 on default port 45137] INFO  node.SCMNodeManager (SCMNodeManager.java:register(397)) - Registered Data node : 8ad86b55-446a-4cc0-ba4d-2b14b834a930{ip: 10.1.0.66, host: fv-az167-289.21ktoceh2wee5fewwtpg1zd01g.bx.internal.cloudapp.net, ports: [REPLICATION=38075, RATIS=35695, RATIS_ADMIN=35695, RATIS_SERVER=35695, RATIS_DATASTREAM=46291, STANDALONE=41049], networkLocation: /default-rack, certSerialId: null, persistedOpState: null, persistedOpStateExpiryEpochSec: 0}
2023-02-16 16:35:39,555 [EventQueue-NewNodeForNewNodeHandler] INFO  pipeline.BackgroundPipelineCreator (BackgroundPipelineCreator.java:notifyEventTriggered(276)) - trigger a one-shot run on RatisPipelineUtilsThread.
2023-02-16 16:35:39,557 [RatisPipelineUtilsThread - 0] INFO  pipeline.RatisPipelineProvider (RatisPipelineProvider.java:lambda$create$0(206)) - Sending CreatePipelineCommand for pipeline:PipelineID=b2faecaa-55ac-477a-8ca8-69f2294c1413 to datanode:8ad86b55-446a-4cc0-ba4d-2b14b834a930
2023-02-16 16:35:39,558 [RatisPipelineUtilsThread - 0] INFO  pipeline.PipelineStateManagerImpl (PipelineStateManagerImpl.java:addPipeline(103)) - Created pipeline Pipeline[ Id: b2faecaa-55ac-477a-8ca8-69f2294c1413, Nodes: 8ad86b55-446a-4cc0-ba4d-2b14b834a930(fv-az167-289.21ktoceh2wee5fewwtpg1zd01g.bx.internal.cloudapp.net/10.1.0.66), ReplicationConfig: RATIS/ONE, State:ALLOCATED, leaderId:, CreationTimestamp2023-02-16T16:35:39.557Z[Etc/UTC]].
2023-02-16 16:35:39,558 [RatisPipelineUtilsThread - 0] WARN  pipeline.PipelinePlacementPolicy (PipelinePlacementPolicy.java:filterViableNodes(158)) - Pipeline creation failed due to no sufficient healthy datanodes. Required 3. Found 2.
2023-02-16 16:35:40,553 [Listener at 127.0.0.1/38619] INFO  ozone.MiniOzoneClusterImpl (MiniOzoneClusterImpl.java:lambda$waitForClusterToBeReady$0(218)) - Nodes are ready. Got 5 of 5 DN Heartbeats.
2023-02-16 16:35:40,553 [Listener at 127.0.0.1/38619] INFO  ozone.MiniOzoneClusterImpl (MiniOzoneClusterImpl.java:lambda$waitForClusterToBeReady$0(221)) - Waiting for cluster to exit safe mode
2023-02-16 16:35:40,553 [Listener at 127.0.0.1/38619] INFO  ozone.MiniOzoneClusterImpl (MiniOzoneClusterImpl.java:lambda$waitForClusterToBeReady$0(223)) - SCM became leader
2023-02-16 16:35:41,195 [Command processor thread] INFO  server.RaftServer (RaftServerProxy.java:addNew(96)) - 832c6eac-c5e0-4404-a712-42768f90b279: addNew group-655E397761C3:[832c6eac-c5e0-4404-a712-42768f90b279|rpc:10.1.0.66:39217|dataStream:10.1.0.66:39199|priority:1|startupRole:FOLLOWER] returns group-655E397761C3:java.util.concurrent.CompletableFuture@1fb4a479[Not completed]
2023-02-16 16:35:41,196 [pool-680-thread-1] INFO  server.RaftServer$Division (RaftServerImpl.java:<init>(195)) - 832c6eac-c5e0-4404-a712-42768f90b279: new RaftServerImpl for group-655E397761C3:[832c6eac-c5e0-4404-a712-42768f90b279|rpc:10.1.0.66:39217|dataStream:10.1.0.66:39199|priority:1|startupRole:FOLLOWER] with ContainerStateMachine:uninitialized
2023-02-16 16:35:41,196 [pool-680-thread-1] INFO  server.RaftServerConfigKeys (ConfUtils.java:logGet(46)) - raft.server.rpc.timeout.min = 5s (custom)
2023-02-16 16:35:41,196 [pool-680-thread-1] INFO  server.RaftServerConfigKeys (ConfUtils.java:logGet(46)) - raft.server.rpc.timeout.max = 5200ms (custom)
2023-02-16 16:35:41,196 [pool-680-thread-1] INFO  server.RaftServerConfigKeys (ConfUtils.java:logGet(46)) - raft.server.rpc.sleep.time = 25ms (default)
2023-02-16 16:35:41,196 [pool-680-thread-1] INFO  server.RaftServerConfigKeys (ConfUtils.java:logGet(46)) - raft.server.rpc.slowness.timeout = 300s (custom)
2023-02-16 16:35:41,196 [pool-680-thread-1] INFO  server.RaftServerConfigKeys (ConfUtils.java:logGet(46)) - raft.server.leaderelection.leader.step-down.wait-time = 10s (default)
2023-02-16 16:35:41,196 [pool-680-thread-1] INFO  server.RaftServerConfigKeys (ConfUtils.java:logGet(46)) - raft.server.sleep.deviation.threshold = 300ms (default)
2023-02-16 16:35:41,196 [pool-680-thread-1] INFO  server.RaftServer$Division (ServerState.java:<init>(118)) - 832c6eac-c5e0-4404-a712-42768f90b279@group-655E397761C3: ConfigurationManager, init=-1: peers:[832c6eac-c5e0-4404-a712-42768f90b279|rpc:10.1.0.66:39217|dataStream:10.1.0.66:39199|priority:1|startupRole:FOLLOWER]|listeners:[], old=null, confs=<EMPTY_MAP>
2023-02-16 16:35:41,197 [pool-680-thread-1] INFO  server.RaftServerConfigKeys (ConfUtils.java:logGet(46)) - raft.server.storage.dir = [/home/runner/work/ozone/ozone/hadoop-ozone/integration-test/target/test-dir/MiniOzoneClusterImpl-b3d396d2-53dd-4e8c-be8e-68e1d9cb948b/datanode-0/data/ratis] (custom)
2023-02-16 16:35:41,197 [pool-680-thread-1] INFO  server.RaftServerConfigKeys (ConfUtils.java:logGet(46)) - raft.server.log.corruption.policy = EXCEPTION (default)
2023-02-16 16:35:41,197 [pool-680-thread-1] INFO  server.RaftServerConfigKeys (ConfUtils.java:logGet(46)) - raft.server.storage.free-space.min = 0MB (=0) (default)
2023-02-16 16:35:41,197 [pool-680-thread-1] INFO  server.RaftServerConfigKeys (ConfUtils.java:logGet(46)) - raft.server.notification.no-leader.timeout = 300s (custom)
2023-02-16 16:35:41,197 [pool-680-thread-1] INFO  server.RaftServerConfigKeys (ConfUtils.java:logGet(46)) - raft.server.retrycache.expirytime = 600000ms (custom)
2023-02-16 16:35:41,197 [pool-680-thread-1] INFO  server.RaftServerConfigKeys (ConfUtils.java:logGet(46)) - raft.server.retrycache.statistics.expirytime = 100μs (default)
2023-02-16 16:35:41,197 [pool-680-thread-1] INFO  server.RaftServerConfigKeys (ConfUtils.java:logGet(46)) - raft.server.log.appender.install.snapshot.enabled = false (custom)
2023-02-16 16:35:41,197 [pool-680-thread-1] INFO  server.RaftServerConfigKeys (ConfUtils.java:logGet(46)) - raft.server.threadpool.server.cached = true (default)
2023-02-16 16:35:41,197 [pool-680-thread-1] INFO  server.RaftServerConfigKeys (ConfUtils.java:logGet(46)) - raft.server.threadpool.server.size = 0 (default)
2023-02-16 16:35:41,198 [pool-680-thread-1] INFO  server.RaftServerConfigKeys (ConfUtils.java:logGet(46)) - raft.server.threadpool.client.cached = true (default)
2023-02-16 16:35:41,198 [pool-680-thread-1] INFO  server.RaftServerConfigKeys (ConfUtils.java:logGet(46)) - raft.server.threadpool.client.size = 0 (default)
2023-02-16 16:35:41,198 [pool-680-thread-1] INFO  storage.RaftStorageDirectory (RaftStorageDirectoryImpl.java:analyzeStorage(137)) - The storage directory /home/runner/work/ozone/ozone/hadoop-ozone/integration-test/target/test-dir/MiniOzoneClusterImpl-b3d396d2-53dd-4e8c-be8e-68e1d9cb948b/datanode-0/data/ratis/9e89abcb-3e68-422c-ae20-655e397761c3 does not exist. Creating ...
2023-02-16 16:35:41,199 [pool-680-thread-1] INFO  storage.RaftStorageDirectory (RaftStorageDirectoryImpl.java:tryLock(231)) - Lock on /home/runner/work/ozone/ozone/hadoop-ozone/integration-test/target/test-dir/MiniOzoneClusterImpl-b3d396d2-53dd-4e8c-be8e-68e1d9cb948b/datanode-0/data/ratis/9e89abcb-3e68-422c-ae20-655e397761c3/in_use.lock acquired by nodename 11092@fv-az167-289
2023-02-16 16:35:41,199 [pool-680-thread-1] INFO  storage.RaftStorage (RaftStorageImpl.java:format(96)) - Storage directory /home/runner/work/ozone/ozone/hadoop-ozone/integration-test/target/test-dir/MiniOzoneClusterImpl-b3d396d2-53dd-4e8c-be8e-68e1d9cb948b/datanode-0/data/ratis/9e89abcb-3e68-422c-ae20-655e397761c3 has been successfully formatted.
2023-02-16 16:35:41,201 [pool-680-thread-1] INFO  ratis.ContainerStateMachine (ContainerStateMachine.java:loadSnapshot(240)) - group-655E397761C3: The snapshot info is null. Setting the last applied indexto:(t:0, i:~)
2023-02-16 16:35:41,201 [pool-680-thread-1] INFO  server.RaftServerConfigKeys (ConfUtils.java:logGet(46)) - raft.server.log.use.memory = false (default)
2023-02-16 16:35:41,201 [pool-680-thread-1] INFO  server.RaftServerConfigKeys (ConfUtils.java:logGet(46)) - raft.server.log.purge.gap = 1000000 (custom)
2023-02-16 16:35:41,201 [pool-680-thread-1] INFO  server.RaftServerConfigKeys (ConfUtils.java:logGet(46)) - raft.server.log.appender.buffer.byte-limit = 33554432 (custom)
2023-02-16 16:35:41,201 [pool-680-thread-1] INFO  server.RaftServerConfigKeys (ConfUtils.java:logGet(46)) - raft.server.log.statemachine.data.read.timeout = 1000ms (default)
2023-02-16 16:35:41,201 [EventQueue-PipelineReportForPipelineReportHandler] INFO  pipeline.PipelineManagerImpl (PipelineManagerImpl.java:openPipeline(367)) - Pipeline Pipeline[ Id: 9e89abcb-3e68-422c-ae20-655e397761c3, Nodes: 832c6eac-c5e0-4404-a712-42768f90b279(fv-az167-289.21ktoceh2wee5fewwtpg1zd01g.bx.internal.cloudapp.net/10.1.0.66), ReplicationConfig: RATIS/ONE, State:ALLOCATED, leaderId:832c6eac-c5e0-4404-a712-42768f90b279, CreationTimestamp2023-02-16T16:35:38.196Z[Etc/UTC]] moved to OPEN state
2023-02-16 16:35:41,201 [pool-680-thread-1] INFO  server.RaftServerConfigKeys (ConfUtils.java:logGet(46)) - raft.server.log.purge.preservation.log.num = 0 (default)
2023-02-16 16:35:41,201 [pool-680-thread-1] INFO  server.RaftServerConfigKeys (ConfUtils.java:logGet(46)) - raft.server.log.segment.size.max = 1048576 (custom)
2023-02-16 16:35:41,203 [EventQueue-OpenPipelineForHealthyPipelineSafeModeRule] INFO  safemode.SCMSafeModeManager (HealthyPipelineSafeModeRule.java:process(137)) - SCM in safe mode. Healthy pipelines reported count is 0, required healthy pipeline reported count is 1
2023-02-16 16:35:41,203 [pool-680-thread-1] INFO  server.RaftServerConfigKeys (ConfUtils.java:logGet(46)) - raft.server.log.segment.cache.num.max = 2 (custom)
2023-02-16 16:35:41,203 [pool-680-thread-1] INFO  server.RaftServerConfigKeys (ConfUtils.java:logGet(46)) - raft.server.log.segment.cache.size.max = 200MB (=209715200) (default)
2023-02-16 16:35:41,203 [pool-680-thread-1] INFO  segmented.SegmentedRaftLogWorker (SegmentedRaftLogWorker.java:<init>(189)) - new 832c6eac-c5e0-4404-a712-42768f90b279@group-655E397761C3-SegmentedRaftLogWorker for RaftStorageImpl:Storage Directory /home/runner/work/ozone/ozone/hadoop-ozone/integration-test/target/test-dir/MiniOzoneClusterImpl-b3d396d2-53dd-4e8c-be8e-68e1d9cb948b/datanode-0/data/ratis/9e89abcb-3e68-422c-ae20-655e397761c3
2023-02-16 16:35:41,203 [pool-680-thread-1] INFO  server.RaftServerConfigKeys (ConfUtils.java:logGet(46)) - raft.server.log.queue.byte-limit = 4294967296 (custom)
2023-02-16 16:35:41,203 [pool-680-thread-1] INFO  server.RaftServerConfigKeys (ConfUtils.java:logGet(46)) - raft.server.log.queue.element-limit = 1024 (custom)
2023-02-16 16:35:41,203 [pool-680-thread-1] INFO  server.RaftServerConfigKeys (ConfUtils.java:logGet(46)) - raft.server.log.segment.size.max = 1048576 (custom)
2023-02-16 16:35:41,203 [pool-680-thread-1] INFO  server.RaftServerConfigKeys (ConfUtils.java:logGet(46)) - raft.server.log.preallocated.size = 16384 (custom)
2023-02-16 16:35:41,203 [pool-680-thread-1] INFO  server.RaftServerConfigKeys (ConfUtils.java:logGet(46)) - raft.server.log.force.sync.num = 128 (default)
2023-02-16 16:35:41,203 [pool-680-thread-1] INFO  server.RaftServerConfigKeys (ConfUtils.java:logGet(46)) - raft.server.log.statemachine.data.sync = true (default)
2023-02-16 16:35:41,203 [pool-680-thread-1] INFO  server.RaftServerConfigKeys (ConfUtils.java:logGet(46)) - raft.server.log.statemachine.data.sync.timeout = 10s (default)
2023-02-16 16:35:41,203 [pool-680-thread-1] INFO  server.RaftServerConfigKeys (ConfUtils.java:logGet(46)) - raft.server.log.statemachine.data.sync.timeout.retry = -1 (default)
2023-02-16 16:35:41,204 [pool-680-thread-1] INFO  server.RaftServerConfigKeys (ConfUtils.java:logGet(46)) - raft.server.log.write.buffer.size = 1048576 (custom)
2023-02-16 16:35:41,204 [pool-680-thread-1] INFO  server.RaftServerConfigKeys (ConfUtils.java:logGet(46)) - raft.server.log.appender.buffer.byte-limit = 33554432 (custom)
2023-02-16 16:35:41,207 [pool-680-thread-1] INFO  server.RaftServerConfigKeys (ConfUtils.java:logGet(46)) - raft.server.log.unsafe-flush.enabled = false (default)
2023-02-16 16:35:41,207 [pool-680-thread-1] INFO  server.RaftServerConfigKeys (ConfUtils.java:logGet(46)) - raft.server.log.async-flush.enabled = false (default)
2023-02-16 16:35:41,207 [pool-680-thread-1] INFO  server.RaftServerConfigKeys (ConfUtils.java:logGet(46)) - raft.server.log.statemachine.data.caching.enabled = true (custom)
2023-02-16 16:35:41,207 [pool-680-thread-1] INFO  segmented.SegmentedRaftLogWorker (SegmentedRaftLogWorker.java:lambda$new$0(135)) - 832c6eac-c5e0-4404-a712-42768f90b279@group-655E397761C3-SegmentedRaftLogWorker: flushIndex: setUnconditionally 0 -> -1
2023-02-16 16:35:41,207 [pool-680-thread-1] INFO  segmented.SegmentedRaftLogWorker (SegmentedRaftLogWorker.java:lambda$new$0(135)) - 832c6eac-c5e0-4404-a712-42768f90b279@group-655E397761C3-SegmentedRaftLogWorker: safeCacheEvictIndex: setUnconditionally 0 -> -1
2023-02-16 16:35:41,207 [pool-680-thread-1] INFO  server.RaftServer$Division (RaftServerImpl.java:start(334)) - 832c6eac-c5e0-4404-a712-42768f90b279@group-655E397761C3: start as a follower, conf=-1: peers:[832c6eac-c5e0-4404-a712-42768f90b279|rpc:10.1.0.66:39217|dataStream:10.1.0.66:39199|priority:1|startupRole:FOLLOWER]|listeners:[], old=null
2023-02-16 16:35:41,207 [pool-680-thread-1] INFO  server.RaftServer$Division (RaftServerImpl.java:setRole(321)) - 832c6eac-c5e0-4404-a712-42768f90b279@group-655E397761C3: changes role from      null to FOLLOWER at term 0 for startAsFollower
2023-02-16 16:35:41,208 [pool-680-thread-1] INFO  impl.RoleInfo (RoleInfo.java:updateAndGet(139)) - 832c6eac-c5e0-4404-a712-42768f90b279: start 832c6eac-c5e0-4404-a712-42768f90b279@group-655E397761C3-FollowerState
2023-02-16 16:35:41,208 [pool-680-thread-1] INFO  util.JmxRegister (JmxRegister.java:tryRegister(44)) - Successfully registered JMX Bean with object name Ratis:service=RaftServer,group=group-655E397761C3,id=832c6eac-c5e0-4404-a712-42768f90b279
2023-02-16 16:35:41,208 [832c6eac-c5e0-4404-a712-42768f90b279@group-655E397761C3-FollowerState] INFO  server.RaftServerConfigKeys (ConfUtils.java:logFallback(53)) - raft.server.rpc.first-election.timeout.min = 5s (fallback to raft.server.rpc.timeout.min)
2023-02-16 16:35:41,208 [pool-680-thread-1] INFO  server.RaftServerConfigKeys (ConfUtils.java:logGet(46)) - raft.server.snapshot.auto.trigger.enabled = true (custom)
2023-02-16 16:35:41,208 [832c6eac-c5e0-4404-a712-42768f90b279@group-655E397761C3-FollowerState] INFO  server.RaftServerConfigKeys (ConfUtils.java:logFallback(53)) - raft.server.rpc.first-election.timeout.max = 5200ms (fallback to raft.server.rpc.timeout.max)
2023-02-16 16:35:41,208 [pool-680-thread-1] INFO  server.RaftServerConfigKeys (ConfUtils.java:logGet(46)) - raft.server.snapshot.auto.trigger.threshold = 10000 (custom)
2023-02-16 16:35:41,208 [pool-680-thread-1] INFO  server.RaftServerConfigKeys (ConfUtils.java:logGet(46)) - raft.server.snapshot.retention.file.num = 5 (custom)
2023-02-16 16:35:41,208 [pool-680-thread-1] INFO  server.RaftServerConfigKeys (ConfUtils.java:logGet(46)) - raft.server.log.purge.upto.snapshot.index = false (default)
2023-02-16 16:35:41,208 [Command processor thread] INFO  ratis.XceiverServerRatis (XceiverServerRatis.java:addGroup(807)) - Created group PipelineID=9e89abcb-3e68-422c-ae20-655e397761c3
2023-02-16 16:35:41,208 [Command processor thread] INFO  commandhandler.CreatePipelineCommandHandler (CreatePipelineCommandHandler.java:handle(113)) - Created Pipeline RATIS ONE PipelineID=9e89abcb-3e68-422c-ae20-655e397761c3.
2023-02-16 16:35:41,209 [Command processor thread] INFO  server.RaftServer (RaftServerProxy.java:addNew(96)) - 832c6eac-c5e0-4404-a712-42768f90b279: addNew group-AE9F91136A35:[cfe669b9-663a-43f7-806f-76176ea695bf|rpc:10.1.0.66:35191|dataStream:10.1.0.66:39659|priority:1|startupRole:FOLLOWER, 47c87cc4-760b-451b-b923-a7cd32ec4f45|rpc:10.1.0.66:45343|dataStream:10.1.0.66:38397|priority:0|startupRole:FOLLOWER, 832c6eac-c5e0-4404-a712-42768f90b279|rpc:10.1.0.66:39217|dataStream:10.1.0.66:39199|priority:0|startupRole:FOLLOWER] returns group-AE9F91136A35:java.util.concurrent.CompletableFuture@1b8b3357[Not completed]
2023-02-16 16:35:41,209 [pool-680-thread-1] INFO  server.RaftServer$Division (RaftServerImpl.java:<init>(195)) - 832c6eac-c5e0-4404-a712-42768f90b279: new RaftServerImpl for group-AE9F91136A35:[cfe669b9-663a-43f7-806f-76176ea695bf|rpc:10.1.0.66:35191|dataStream:10.1.0.66:39659|priority:1|startupRole:FOLLOWER, 47c87cc4-760b-451b-b923-a7cd32ec4f45|rpc:10.1.0.66:45343|dataStream:10.1.0.66:38397|priority:0|startupRole:FOLLOWER, 832c6eac-c5e0-4404-a712-42768f90b279|rpc:10.1.0.66:39217|dataStream:10.1.0.66:39199|priority:0|startupRole:FOLLOWER] with ContainerStateMachine:uninitialized
2023-02-16 16:35:41,209 [pool-680-thread-1] INFO  server.RaftServerConfigKeys (ConfUtils.java:logGet(46)) - raft.server.rpc.timeout.min = 5s (custom)
2023-02-16 16:35:41,209 [pool-680-thread-1] INFO  server.RaftServerConfigKeys (ConfUtils.java:logGet(46)) - raft.server.rpc.timeout.max = 5200ms (custom)
2023-02-16 16:35:41,209 [pool-680-thread-1] INFO  server.RaftServerConfigKeys (ConfUtils.java:logGet(46)) - raft.server.rpc.sleep.time = 25ms (default)
2023-02-16 16:35:41,209 [pool-680-thread-1] INFO  server.RaftServerConfigKeys (ConfUtils.java:logGet(46)) - raft.server.rpc.slowness.timeout = 300s (custom)
2023-02-16 16:35:41,209 [pool-680-thread-1] INFO  server.RaftServerConfigKeys (ConfUtils.java:logGet(46)) - raft.server.leaderelection.leader.step-down.wait-time = 10s (default)
2023-02-16 16:35:41,209 [pool-680-thread-1] INFO  server.RaftServerConfigKeys (ConfUtils.java:logGet(46)) - raft.server.sleep.deviation.threshold = 300ms (default)
2023-02-16 16:35:41,209 [pool-680-thread-1] INFO  server.RaftServer$Division (ServerState.java:<init>(118)) - 832c6eac-c5e0-4404-a712-42768f90b279@group-AE9F91136A35: ConfigurationManager, init=-1: peers:[cfe669b9-663a-43f7-806f-76176ea695bf|rpc:10.1.0.66:35191|dataStream:10.1.0.66:39659|priority:1|startupRole:FOLLOWER, 47c87cc4-760b-451b-b923-a7cd32ec4f45|rpc:10.1.0.66:45343|dataStream:10.1.0.66:38397|priority:0|startupRole:FOLLOWER, 832c6eac-c5e0-4404-a712-42768f90b279|rpc:10.1.0.66:39217|dataStream:10.1.0.66:39199|priority:0|startupRole:FOLLOWER]|listeners:[], old=null, confs=<EMPTY_MAP>
2023-02-16 16:35:41,210 [pool-680-thread-1] INFO  server.RaftServerConfigKeys (ConfUtils.java:logGet(46)) - raft.server.storage.dir = [/home/runner/work/ozone/ozone/hadoop-ozone/integration-test/target/test-dir/MiniOzoneClusterImpl-b3d396d2-53dd-4e8c-be8e-68e1d9cb948b/datanode-0/data/ratis] (custom)
2023-02-16 16:35:41,210 [pool-680-thread-1] INFO  server.RaftServerConfigKeys (ConfUtils.java:logGet(46)) - raft.server.log.corruption.policy = EXCEPTION (default)
2023-02-16 16:35:41,210 [pool-680-thread-1] INFO  server.RaftServerConfigKeys (ConfUtils.java:logGet(46)) - raft.server.storage.free-space.min = 0MB (=0) (default)
2023-02-16 16:35:41,210 [pool-680-thread-1] INFO  server.RaftServerConfigKeys (ConfUtils.java:logGet(46)) - raft.server.notification.no-leader.timeout = 300s (custom)
2023-02-16 16:35:41,210 [pool-680-thread-1] INFO  server.RaftServerConfigKeys (ConfUtils.java:logGet(46)) - raft.server.retrycache.expirytime = 600000ms (custom)
2023-02-16 16:35:41,210 [pool-680-thread-1] INFO  server.RaftServerConfigKeys (ConfUtils.java:logGet(46)) - raft.server.retrycache.statistics.expirytime = 100μs (default)
2023-02-16 16:35:41,210 [pool-680-thread-1] INFO  server.RaftServerConfigKeys (ConfUtils.java:logGet(46)) - raft.server.log.appender.install.snapshot.enabled = false (custom)
2023-02-16 16:35:41,210 [pool-680-thread-1] INFO  server.RaftServerConfigKeys (ConfUtils.java:logGet(46)) - raft.server.threadpool.server.cached = true (default)
2023-02-16 16:35:41,210 [pool-680-thread-1] INFO  server.RaftServerConfigKeys (ConfUtils.java:logGet(46)) - raft.server.threadpool.server.size = 0 (default)
2023-02-16 16:35:41,210 [pool-680-thread-1] INFO  server.RaftServerConfigKeys (ConfUtils.java:logGet(46)) - raft.server.threadpool.client.cached = true (default)
2023-02-16 16:35:41,210 [pool-680-thread-1] INFO  server.RaftServerConfigKeys (ConfUtils.java:logGet(46)) - raft.server.threadpool.client.size = 0 (default)
2023-02-16 16:35:41,211 [pool-680-thread-1] INFO  storage.RaftStorageDirectory (RaftStorageDirectoryImpl.java:analyzeStorage(137)) - The storage directory /home/runner/work/ozone/ozone/hadoop-ozone/integration-test/target/test-dir/MiniOzoneClusterImpl-b3d396d2-53dd-4e8c-be8e-68e1d9cb948b/datanode-0/data/ratis/cfa963c0-4c95-4f99-8b8c-ae9f91136a35 does not exist. Creating ...
2023-02-16 16:35:41,212 [pool-680-thread-1] INFO  storage.RaftStorageDirectory (RaftStorageDirectoryImpl.java:tryLock(231)) - Lock on /home/runner/work/ozone/ozone/hadoop-ozone/integration-test/target/test-dir/MiniOzoneClusterImpl-b3d396d2-53dd-4e8c-be8e-68e1d9cb948b/datanode-0/data/ratis/cfa963c0-4c95-4f99-8b8c-ae9f91136a35/in_use.lock acquired by nodename 11092@fv-az167-289
2023-02-16 16:35:41,213 [pool-680-thread-1] INFO  storage.RaftStorage (RaftStorageImpl.java:format(96)) - Storage directory /home/runner/work/ozone/ozone/hadoop-ozone/integration-test/target/test-dir/MiniOzoneClusterImpl-b3d396d2-53dd-4e8c-be8e-68e1d9cb948b/datanode-0/data/ratis/cfa963c0-4c95-4f99-8b8c-ae9f91136a35 has been successfully formatted.
2023-02-16 16:35:41,213 [pool-680-thread-1] INFO  ratis.ContainerStateMachine (ContainerStateMachine.java:loadSnapshot(240)) - group-AE9F91136A35: The snapshot info is null. Setting the last applied indexto:(t:0, i:~)
2023-02-16 16:35:41,213 [pool-680-thread-1] INFO  server.RaftServerConfigKeys (ConfUtils.java:logGet(46)) - raft.server.log.use.memory = false (default)
2023-02-16 16:35:41,213 [pool-680-thread-1] INFO  server.RaftServerConfigKeys (ConfUtils.java:logGet(46)) - raft.server.log.purge.gap = 1000000 (custom)
2023-02-16 16:35:41,213 [pool-680-thread-1] INFO  server.RaftServerConfigKeys (ConfUtils.java:logGet(46)) - raft.server.log.appender.buffer.byte-limit = 33554432 (custom)
2023-02-16 16:35:41,213 [pool-680-thread-1] INFO  server.RaftServerConfigKeys (ConfUtils.java:logGet(46)) - raft.server.log.statemachine.data.read.timeout = 1000ms (default)
2023-02-16 16:35:41,213 [pool-680-thread-1] INFO  server.RaftServerConfigKeys (ConfUtils.java:logGet(46)) - raft.server.log.purge.preservation.log.num = 0 (default)
2023-02-16 16:35:41,213 [pool-680-thread-1] INFO  server.RaftServerConfigKeys (ConfUtils.java:logGet(46)) - raft.server.log.segment.size.max = 1048576 (custom)
2023-02-16 16:35:41,214 [EventQueue-OpenPipelineForHealthyPipelineSafeModeRule] INFO  safemode.SCMSafeModeManager (HealthyPipelineSafeModeRule.java:process(137)) - SCM in safe mode. Healthy pipelines reported count is 0, required healthy pipeline reported count is 1
2023-02-16 16:35:41,214 [pool-680-thread-1] INFO  server.RaftServerConfigKeys (ConfUtils.java:logGet(46)) - raft.server.log.segment.cache.num.max = 2 (custom)
2023-02-16 16:35:41,214 [pool-680-thread-1] INFO  server.RaftServerConfigKeys (ConfUtils.java:logGet(46)) - raft.server.log.segment.cache.size.max = 200MB (=209715200) (default)
2023-02-16 16:35:41,214 [pool-680-thread-1] INFO  segmented.SegmentedRaftLogWorker (SegmentedRaftLogWorker.java:<init>(189)) - new 832c6eac-c5e0-4404-a712-42768f90b279@group-AE9F91136A35-SegmentedRaftLogWorker for RaftStorageImpl:Storage Directory /home/runner/work/ozone/ozone/hadoop-ozone/integration-test/target/test-dir/MiniOzoneClusterImpl-b3d396d2-53dd-4e8c-be8e-68e1d9cb948b/datanode-0/data/ratis/cfa963c0-4c95-4f99-8b8c-ae9f91136a35
2023-02-16 16:35:41,214 [pool-680-thread-1] INFO  server.RaftServerConfigKeys (ConfUtils.java:logGet(46)) - raft.server.log.queue.byte-limit = 4294967296 (custom)
2023-02-16 16:35:41,214 [pool-680-thread-1] INFO  server.RaftServerConfigKeys (ConfUtils.java:logGet(46)) - raft.server.log.queue.element-limit = 1024 (custom)
2023-02-16 16:35:41,214 [pool-680-thread-1] INFO  server.RaftServerConfigKeys (ConfUtils.java:logGet(46)) - raft.server.log.segment.size.max = 1048576 (custom)
2023-02-16 16:35:41,214 [pool-680-thread-1] INFO  server.RaftServerConfigKeys (ConfUtils.java:logGet(46)) - raft.server.log.preallocated.size = 16384 (custom)
2023-02-16 16:35:41,214 [pool-680-thread-1] INFO  server.RaftServerConfigKeys (ConfUtils.java:logGet(46)) - raft.server.log.force.sync.num = 128 (default)
2023-02-16 16:35:41,214 [pool-680-thread-1] INFO  server.RaftServerConfigKeys (ConfUtils.java:logGet(46)) - raft.server.log.statemachine.data.sync = true (default)
2023-02-16 16:35:41,214 [pool-680-thread-1] INFO  server.RaftServerConfigKeys (ConfUtils.java:logGet(46)) - raft.server.log.statemachine.data.sync.timeout = 10s (default)
2023-02-16 16:35:41,214 [pool-680-thread-1] INFO  server.RaftServerConfigKeys (ConfUtils.java:logGet(46)) - raft.server.log.statemachine.data.sync.timeout.retry = -1 (default)
2023-02-16 16:35:41,215 [pool-680-thread-1] INFO  server.RaftServerConfigKeys (ConfUtils.java:logGet(46)) - raft.server.log.write.buffer.size = 1048576 (custom)
2023-02-16 16:35:41,215 [pool-680-thread-1] INFO  server.RaftServerConfigKeys (ConfUtils.java:logGet(46)) - raft.server.log.appender.buffer.byte-limit = 33554432 (custom)
2023-02-16 16:35:41,218 [pool-680-thread-1] INFO  server.RaftServerConfigKeys (ConfUtils.java:logGet(46)) - raft.server.log.unsafe-flush.enabled = false (default)
2023-02-16 16:35:41,218 [pool-680-thread-1] INFO  server.RaftServerConfigKeys (ConfUtils.java:logGet(46)) - raft.server.log.async-flush.enabled = false (default)
2023-02-16 16:35:41,218 [pool-680-thread-1] INFO  server.RaftServerConfigKeys (ConfUtils.java:logGet(46)) - raft.server.log.statemachine.data.caching.enabled = true (custom)
2023-02-16 16:35:41,218 [pool-680-thread-1] INFO  segmented.SegmentedRaftLogWorker (SegmentedRaftLogWorker.java:lambda$new$0(135)) - 832c6eac-c5e0-4404-a712-42768f90b279@group-AE9F91136A35-SegmentedRaftLogWorker: flushIndex: setUnconditionally 0 -> -1
2023-02-16 16:35:41,218 [pool-680-thread-1] INFO  segmented.SegmentedRaftLogWorker (SegmentedRaftLogWorker.java:lambda$new$0(135)) - 832c6eac-c5e0-4404-a712-42768f90b279@group-AE9F91136A35-SegmentedRaftLogWorker: safeCacheEvictIndex: setUnconditionally 0 -> -1
2023-02-16 16:35:41,218 [pool-680-thread-1] INFO  server.RaftServer$Division (RaftServerImpl.java:start(334)) - 832c6eac-c5e0-4404-a712-42768f90b279@group-AE9F91136A35: start as a follower, conf=-1: peers:[cfe669b9-663a-43f7-806f-76176ea695bf|rpc:10.1.0.66:35191|dataStream:10.1.0.66:39659|priority:1|startupRole:FOLLOWER, 47c87cc4-760b-451b-b923-a7cd32ec4f45|rpc:10.1.0.66:45343|dataStream:10.1.0.66:38397|priority:0|startupRole:FOLLOWER, 832c6eac-c5e0-4404-a712-42768f90b279|rpc:10.1.0.66:39217|dataStream:10.1.0.66:39199|priority:0|startupRole:FOLLOWER]|listeners:[], old=null
2023-02-16 16:35:41,218 [pool-680-thread-1] INFO  server.RaftServer$Division (RaftServerImpl.java:setRole(321)) - 832c6eac-c5e0-4404-a712-42768f90b279@group-AE9F91136A35: changes role from      null to FOLLOWER at term 0 for startAsFollower
2023-02-16 16:35:41,218 [pool-680-thread-1] INFO  impl.RoleInfo (RoleInfo.java:updateAndGet(139)) - 832c6eac-c5e0-4404-a712-42768f90b279: start 832c6eac-c5e0-4404-a712-42768f90b279@group-AE9F91136A35-FollowerState
2023-02-16 16:35:41,223 [pool-680-thread-1] INFO  util.JmxRegister (JmxRegister.java:tryRegister(44)) - Successfully registered JMX Bean with object name Ratis:service=RaftServer,group=group-AE9F91136A35,id=832c6eac-c5e0-4404-a712-42768f90b279
2023-02-16 16:35:41,223 [pool-680-thread-1] INFO  server.RaftServerConfigKeys (ConfUtils.java:logGet(46)) - raft.server.snapshot.auto.trigger.enabled = true (custom)
2023-02-16 16:35:41,223 [pool-680-thread-1] INFO  server.RaftServerConfigKeys (ConfUtils.java:logGet(46)) - raft.server.snapshot.auto.trigger.threshold = 10000 (custom)
2023-02-16 16:35:41,223 [pool-680-thread-1] INFO  server.RaftServerConfigKeys (ConfUtils.java:logGet(46)) - raft.server.snapshot.retention.file.num = 5 (custom)
2023-02-16 16:35:41,223 [pool-680-thread-1] INFO  server.RaftServerConfigKeys (ConfUtils.java:logGet(46)) - raft.server.log.purge.upto.snapshot.index = false (default)
2023-02-16 16:35:41,224 [Command processor thread] INFO  ratis.XceiverServerRatis (XceiverServerRatis.java:addGroup(807)) - Created group PipelineID=cfa963c0-4c95-4f99-8b8c-ae9f91136a35
2023-02-16 16:35:41,224 [832c6eac-c5e0-4404-a712-42768f90b279@group-AE9F91136A35-FollowerState] INFO  server.RaftServerConfigKeys (ConfUtils.java:logFallback(53)) - raft.server.rpc.first-election.timeout.min = 5s (fallback to raft.server.rpc.timeout.min)
2023-02-16 16:35:41,224 [832c6eac-c5e0-4404-a712-42768f90b279@group-AE9F91136A35-FollowerState] INFO  server.RaftServerConfigKeys (ConfUtils.java:logFallback(53)) - raft.server.rpc.first-election.timeout.max = 5200ms (fallback to raft.server.rpc.timeout.max)
2023-02-16 16:35:41,237 [grpc-default-executor-0] INFO  server.RaftServer (RaftServerProxy.java:addNew(96)) - 47c87cc4-760b-451b-b923-a7cd32ec4f45: addNew group-AE9F91136A35:[cfe669b9-663a-43f7-806f-76176ea695bf|rpc:10.1.0.66:35191|dataStream:10.1.0.66:39659|priority:1|startupRole:FOLLOWER, 47c87cc4-760b-451b-b923-a7cd32ec4f45|rpc:10.1.0.66:45343|dataStream:10.1.0.66:38397|priority:0|startupRole:FOLLOWER, 832c6eac-c5e0-4404-a712-42768f90b279|rpc:10.1.0.66:39217|dataStream:10.1.0.66:39199|priority:0|startupRole:FOLLOWER] returns group-AE9F91136A35:java.util.concurrent.CompletableFuture@49b8dfbe[Not completed]
2023-02-16 16:35:41,241 [pool-724-thread-1] INFO  server.RaftServer$Division (RaftServerImpl.java:<init>(195)) - 47c87cc4-760b-451b-b923-a7cd32ec4f45: new RaftServerImpl for group-AE9F91136A35:[cfe669b9-663a-43f7-806f-76176ea695bf|rpc:10.1.0.66:35191|dataStream:10.1.0.66:39659|priority:1|startupRole:FOLLOWER, 47c87cc4-760b-451b-b923-a7cd32ec4f45|rpc:10.1.0.66:45343|dataStream:10.1.0.66:38397|priority:0|startupRole:FOLLOWER, 832c6eac-c5e0-4404-a712-42768f90b279|rpc:10.1.0.66:39217|dataStream:10.1.0.66:39199|priority:0|startupRole:FOLLOWER] with ContainerStateMachine:uninitialized
2023-02-16 16:35:41,242 [pool-724-thread-1] INFO  server.RaftServerConfigKeys (ConfUtils.java:logGet(46)) - raft.server.rpc.timeout.min = 5s (custom)
2023-02-16 16:35:41,242 [pool-724-thread-1] INFO  server.RaftServerConfigKeys (ConfUtils.java:logGet(46)) - raft.server.rpc.timeout.max = 5200ms (custom)
2023-02-16 16:35:41,242 [pool-724-thread-1] INFO  server.RaftServerConfigKeys (ConfUtils.java:logGet(46)) - raft.server.rpc.sleep.time = 25ms (default)
2023-02-16 16:35:41,242 [pool-724-thread-1] INFO  server.RaftServerConfigKeys (ConfUtils.java:logGet(46)) - raft.server.rpc.slowness.timeout = 300s (custom)
2023-02-16 16:35:41,242 [pool-724-thread-1] INFO  server.RaftServerConfigKeys (ConfUtils.java:logGet(46)) - raft.server.leaderelection.leader.step-down.wait-time = 10s (default)
2023-02-16 16:35:41,242 [pool-724-thread-1] INFO  server.RaftServerConfigKeys (ConfUtils.java:logGet(46)) - raft.server.sleep.deviation.threshold = 300ms (default)
2023-02-16 16:35:41,242 [pool-724-thread-1] INFO  server.RaftServer$Division (ServerState.java:<init>(118)) - 47c87cc4-760b-451b-b923-a7cd32ec4f45@group-AE9F91136A35: ConfigurationManager, init=-1: peers:[cfe669b9-663a-43f7-806f-76176ea695bf|rpc:10.1.0.66:35191|dataStream:10.1.0.66:39659|priority:1|startupRole:FOLLOWER, 47c87cc4-760b-451b-b923-a7cd32ec4f45|rpc:10.1.0.66:45343|dataStream:10.1.0.66:38397|priority:0|startupRole:FOLLOWER, 832c6eac-c5e0-4404-a712-42768f90b279|rpc:10.1.0.66:39217|dataStream:10.1.0.66:39199|priority:0|startupRole:FOLLOWER]|listeners:[], old=null, confs=<EMPTY_MAP>
2023-02-16 16:35:41,242 [pool-724-thread-1] INFO  server.RaftServerConfigKeys (ConfUtils.java:logGet(46)) - raft.server.storage.dir = [/home/runner/work/ozone/ozone/hadoop-ozone/integration-test/target/test-dir/MiniOzoneClusterImpl-b3d396d2-53dd-4e8c-be8e-68e1d9cb948b/datanode-2/data/ratis] (custom)
2023-02-16 16:35:41,242 [pool-724-thread-1] INFO  server.RaftServerConfigKeys (ConfUtils.java:logGet(46)) - raft.server.log.corruption.policy = EXCEPTION (default)
2023-02-16 16:35:41,242 [pool-724-thread-1] INFO  server.RaftServerConfigKeys (ConfUtils.java:logGet(46)) - raft.server.storage.free-space.min = 0MB (=0) (default)
2023-02-16 16:35:41,242 [pool-724-thread-1] INFO  server.RaftServerConfigKeys (ConfUtils.java:logGet(46)) - raft.server.notification.no-leader.timeout = 300s (custom)
2023-02-16 16:35:41,242 [pool-724-thread-1] INFO  server.RaftServerConfigKeys (ConfUtils.java:logGet(46)) - raft.server.retrycache.expirytime = 600000ms (custom)
2023-02-16 16:35:41,242 [pool-724-thread-1] INFO  server.RaftServerConfigKeys (ConfUtils.java:logGet(46)) - raft.server.retrycache.statistics.expirytime = 100μs (default)
2023-02-16 16:35:41,243 [pool-724-thread-1] INFO  server.RaftServerConfigKeys (ConfUtils.java:logGet(46)) - raft.server.log.appender.install.snapshot.enabled = false (custom)
2023-02-16 16:35:41,243 [pool-724-thread-1] INFO  server.RaftServerConfigKeys (ConfUtils.java:logGet(46)) - raft.server.threadpool.server.cached = true (default)
2023-02-16 16:35:41,243 [pool-724-thread-1] INFO  server.RaftServerConfigKeys (ConfUtils.java:logGet(46)) - raft.server.threadpool.server.size = 0 (default)
2023-02-16 16:35:41,243 [pool-724-thread-1] INFO  server.RaftServerConfigKeys (ConfUtils.java:logGet(46)) - raft.server.threadpool.client.cached = true (default)
2023-02-16 16:35:41,243 [pool-724-thread-1] INFO  server.RaftServerConfigKeys (ConfUtils.java:logGet(46)) - raft.server.threadpool.client.size = 0 (default)
2023-02-16 16:35:41,243 [pool-724-thread-1] INFO  storage.RaftStorageDirectory (RaftStorageDirectoryImpl.java:analyzeStorage(137)) - The storage directory /home/runner/work/ozone/ozone/hadoop-ozone/integration-test/target/test-dir/MiniOzoneClusterImpl-b3d396d2-53dd-4e8c-be8e-68e1d9cb948b/datanode-2/data/ratis/cfa963c0-4c95-4f99-8b8c-ae9f91136a35 does not exist. Creating ...
2023-02-16 16:35:41,244 [pool-724-thread-1] INFO  storage.RaftStorageDirectory (RaftStorageDirectoryImpl.java:tryLock(231)) - Lock on /home/runner/work/ozone/ozone/hadoop-ozone/integration-test/target/test-dir/MiniOzoneClusterImpl-b3d396d2-53dd-4e8c-be8e-68e1d9cb948b/datanode-2/data/ratis/cfa963c0-4c95-4f99-8b8c-ae9f91136a35/in_use.lock acquired by nodename 11092@fv-az167-289
2023-02-16 16:35:41,245 [pool-724-thread-1] INFO  storage.RaftStorage (RaftStorageImpl.java:format(96)) - Storage directory /home/runner/work/ozone/ozone/hadoop-ozone/integration-test/target/test-dir/MiniOzoneClusterImpl-b3d396d2-53dd-4e8c-be8e-68e1d9cb948b/datanode-2/data/ratis/cfa963c0-4c95-4f99-8b8c-ae9f91136a35 has been successfully formatted.
2023-02-16 16:35:41,247 [pool-724-thread-1] INFO  ratis.ContainerStateMachine (ContainerStateMachine.java:loadSnapshot(240)) - group-AE9F91136A35: The snapshot info is null. Setting the last applied indexto:(t:0, i:~)
2023-02-16 16:35:41,247 [pool-724-thread-1] INFO  server.RaftServerConfigKeys (ConfUtils.java:logGet(46)) - raft.server.log.use.memory = false (default)
2023-02-16 16:35:41,247 [pool-724-thread-1] INFO  server.RaftServerConfigKeys (ConfUtils.java:logGet(46)) - raft.server.log.purge.gap = 1000000 (custom)
2023-02-16 16:35:41,247 [pool-724-thread-1] INFO  server.RaftServerConfigKeys (ConfUtils.java:logGet(46)) - raft.server.log.appender.buffer.byte-limit = 33554432 (custom)
2023-02-16 16:35:41,247 [pool-724-thread-1] INFO  server.RaftServerConfigKeys (ConfUtils.java:logGet(46)) - raft.server.log.statemachine.data.read.timeout = 1000ms (default)
2023-02-16 16:35:41,247 [pool-724-thread-1] INFO  server.RaftServerConfigKeys (ConfUtils.java:logGet(46)) - raft.server.log.purge.preservation.log.num = 0 (default)
2023-02-16 16:35:41,247 [pool-724-thread-1] INFO  server.RaftServerConfigKeys (ConfUtils.java:logGet(46)) - raft.server.log.segment.size.max = 1048576 (custom)
2023-02-16 16:35:41,247 [pool-724-thread-1] INFO  server.RaftServerConfigKeys (ConfUtils.java:logGet(46)) - raft.server.log.segment.cache.num.max = 2 (custom)
2023-02-16 16:35:41,247 [pool-724-thread-1] INFO  server.RaftServerConfigKeys (ConfUtils.java:logGet(46)) - raft.server.log.segment.cache.size.max = 200MB (=209715200) (default)
2023-02-16 16:35:41,247 [pool-724-thread-1] INFO  segmented.SegmentedRaftLogWorker (SegmentedRaftLogWorker.java:<init>(189)) - new 47c87cc4-760b-451b-b923-a7cd32ec4f45@group-AE9F91136A35-SegmentedRaftLogWorker for RaftStorageImpl:Storage Directory /home/runner/work/ozone/ozone/hadoop-ozone/integration-test/target/test-dir/MiniOzoneClusterImpl-b3d396d2-53dd-4e8c-be8e-68e1d9cb948b/datanode-2/data/ratis/cfa963c0-4c95-4f99-8b8c-ae9f91136a35
2023-02-16 16:35:41,247 [pool-724-thread-1] INFO  server.RaftServerConfigKeys (ConfUtils.java:logGet(46)) - raft.server.log.queue.byte-limit = 4294967296 (custom)
2023-02-16 16:35:41,247 [pool-724-thread-1] INFO  server.RaftServerConfigKeys (ConfUtils.java:logGet(46)) - raft.server.log.queue.element-limit = 1024 (custom)
2023-02-16 16:35:41,247 [pool-724-thread-1] INFO  server.RaftServerConfigKeys (ConfUtils.java:logGet(46)) - raft.server.log.segment.size.max = 1048576 (custom)
2023-02-16 16:35:41,247 [pool-724-thread-1] INFO  server.RaftServerConfigKeys (ConfUtils.java:logGet(46)) - raft.server.log.preallocated.size = 16384 (custom)
2023-02-16 16:35:41,247 [pool-724-thread-1] INFO  server.RaftServerConfigKeys (ConfUtils.java:logGet(46)) - raft.server.log.force.sync.num = 128 (default)
2023-02-16 16:35:41,247 [pool-724-thread-1] INFO  server.RaftServerConfigKeys (ConfUtils.java:logGet(46)) - raft.server.log.statemachine.data.sync = true (default)
2023-02-16 16:35:41,248 [pool-724-thread-1] INFO  server.RaftServerConfigKeys (ConfUtils.java:logGet(46)) - raft.server.log.statemachine.data.sync.timeout = 10s (default)
2023-02-16 16:35:41,248 [pool-724-thread-1] INFO  server.RaftServerConfigKeys (ConfUtils.java:logGet(46)) - raft.server.log.statemachine.data.sync.timeout.retry = -1 (default)
2023-02-16 16:35:41,248 [pool-724-thread-1] INFO  server.RaftServerConfigKeys (ConfUtils.java:logGet(46)) - raft.server.log.write.buffer.size = 1048576 (custom)
2023-02-16 16:35:41,248 [pool-724-thread-1] INFO  server.RaftServerConfigKeys (ConfUtils.java:logGet(46)) - raft.server.log.appender.buffer.byte-limit = 33554432 (custom)
2023-02-16 16:35:41,251 [pool-724-thread-1] INFO  server.RaftServerConfigKeys (ConfUtils.java:logGet(46)) - raft.server.log.unsafe-flush.enabled = false (default)
2023-02-16 16:35:41,251 [pool-724-thread-1] INFO  server.RaftServerConfigKeys (ConfUtils.java:logGet(46)) - raft.server.log.async-flush.enabled = false (default)
2023-02-16 16:35:41,251 [pool-724-thread-1] INFO  server.RaftServerConfigKeys (ConfUtils.java:logGet(46)) - raft.server.log.statemachine.data.caching.enabled = true (custom)
2023-02-16 16:35:41,251 [pool-724-thread-1] INFO  segmented.SegmentedRaftLogWorker (SegmentedRaftLogWorker.java:lambda$new$0(135)) - 47c87cc4-760b-451b-b923-a7cd32ec4f45@group-AE9F91136A35-SegmentedRaftLogWorker: flushIndex: setUnconditionally 0 -> -1
2023-02-16 16:35:41,251 [pool-724-thread-1] INFO  segmented.SegmentedRaftLogWorker (SegmentedRaftLogWorker.java:lambda$new$0(135)) - 47c87cc4-760b-451b-b923-a7cd32ec4f45@group-AE9F91136A35-SegmentedRaftLogWorker: safeCacheEvictIndex: setUnconditionally 0 -> -1
2023-02-16 16:35:41,251 [pool-724-thread-1] INFO  server.RaftServer$Division (RaftServerImpl.java:start(334)) - 47c87cc4-760b-451b-b923-a7cd32ec4f45@group-AE9F91136A35: start as a follower, conf=-1: peers:[cfe669b9-663a-43f7-806f-76176ea695bf|rpc:10.1.0.66:35191|dataStream:10.1.0.66:39659|priority:1|startupRole:FOLLOWER, 47c87cc4-760b-451b-b923-a7cd32ec4f45|rpc:10.1.0.66:45343|dataStream:10.1.0.66:38397|priority:0|startupRole:FOLLOWER, 832c6eac-c5e0-4404-a712-42768f90b279|rpc:10.1.0.66:39217|dataStream:10.1.0.66:39199|priority:0|startupRole:FOLLOWER]|listeners:[], old=null
2023-02-16 16:35:41,251 [pool-724-thread-1] INFO  server.RaftServer$Division (RaftServerImpl.java:setRole(321)) - 47c87cc4-760b-451b-b923-a7cd32ec4f45@group-AE9F91136A35: changes role from      null to FOLLOWER at term 0 for startAsFollower
2023-02-16 16:35:41,251 [pool-724-thread-1] INFO  impl.RoleInfo (RoleInfo.java:updateAndGet(139)) - 47c87cc4-760b-451b-b923-a7cd32ec4f45: start 47c87cc4-760b-451b-b923-a7cd32ec4f45@group-AE9F91136A35-FollowerState
2023-02-16 16:35:41,253 [pool-724-thread-1] INFO  util.JmxRegister (JmxRegister.java:tryRegister(44)) - Successfully registered JMX Bean with object name Ratis:service=RaftServer,group=group-AE9F91136A35,id=47c87cc4-760b-451b-b923-a7cd32ec4f45
2023-02-16 16:35:41,253 [pool-724-thread-1] INFO  server.RaftServerConfigKeys (ConfUtils.java:logGet(46)) - raft.server.snapshot.auto.trigger.enabled = true (custom)
2023-02-16 16:35:41,253 [pool-724-thread-1] INFO  server.RaftServerConfigKeys (ConfUtils.java:logGet(46)) - raft.server.snapshot.auto.trigger.threshold = 10000 (custom)
2023-02-16 16:35:41,254 [pool-724-thread-1] INFO  server.RaftServerConfigKeys (ConfUtils.java:logGet(46)) - raft.server.snapshot.retention.file.num = 5 (custom)
2023-02-16 16:35:41,254 [pool-724-thread-1] INFO  server.RaftServerConfigKeys (ConfUtils.java:logGet(46)) - raft.server.log.purge.upto.snapshot.index = false (default)
2023-02-16 16:35:41,254 [47c87cc4-760b-451b-b923-a7cd32ec4f45@group-AE9F91136A35-FollowerState] INFO  server.RaftServerConfigKeys (ConfUtils.java:logFallback(53)) - raft.server.rpc.first-election.timeout.min = 5s (fallback to raft.server.rpc.timeout.min)
2023-02-16 16:35:41,254 [47c87cc4-760b-451b-b923-a7cd32ec4f45@group-AE9F91136A35-FollowerState] INFO  server.RaftServerConfigKeys (ConfUtils.java:logFallback(53)) - raft.server.rpc.first-election.timeout.max = 5200ms (fallback to raft.server.rpc.timeout.max)
2023-02-16 16:35:41,265 [grpc-default-executor-0] INFO  server.RaftServer (RaftServerProxy.java:addNew(96)) - cfe669b9-663a-43f7-806f-76176ea695bf: addNew group-AE9F91136A35:[cfe669b9-663a-43f7-806f-76176ea695bf|rpc:10.1.0.66:35191|dataStream:10.1.0.66:39659|priority:1|startupRole:FOLLOWER, 47c87cc4-760b-451b-b923-a7cd32ec4f45|rpc:10.1.0.66:45343|dataStream:10.1.0.66:38397|priority:0|startupRole:FOLLOWER, 832c6eac-c5e0-4404-a712-42768f90b279|rpc:10.1.0.66:39217|dataStream:10.1.0.66:39199|priority:0|startupRole:FOLLOWER] returns group-AE9F91136A35:java.util.concurrent.CompletableFuture@2c141f9[Not completed]
2023-02-16 16:35:41,266 [pool-702-thread-1] INFO  server.RaftServer$Division (RaftServerImpl.java:<init>(195)) - cfe669b9-663a-43f7-806f-76176ea695bf: new RaftServerImpl for group-AE9F91136A35:[cfe669b9-663a-43f7-806f-76176ea695bf|rpc:10.1.0.66:35191|dataStream:10.1.0.66:39659|priority:1|startupRole:FOLLOWER, 47c87cc4-760b-451b-b923-a7cd32ec4f45|rpc:10.1.0.66:45343|dataStream:10.1.0.66:38397|priority:0|startupRole:FOLLOWER, 832c6eac-c5e0-4404-a712-42768f90b279|rpc:10.1.0.66:39217|dataStream:10.1.0.66:39199|priority:0|startupRole:FOLLOWER] with ContainerStateMachine:uninitialized
2023-02-16 16:35:41,266 [pool-702-thread-1] INFO  server.RaftServerConfigKeys (ConfUtils.java:logGet(46)) - raft.server.rpc.timeout.min = 5s (custom)
2023-02-16 16:35:41,266 [pool-702-thread-1] INFO  server.RaftServerConfigKeys (ConfUtils.java:logGet(46)) - raft.server.rpc.timeout.max = 5200ms (custom)
2023-02-16 16:35:41,266 [pool-702-thread-1] INFO  server.RaftServerConfigKeys (ConfUtils.java:logGet(46)) - raft.server.rpc.sleep.time = 25ms (default)
2023-02-16 16:35:41,266 [pool-702-thread-1] INFO  server.RaftServerConfigKeys (ConfUtils.java:logGet(46)) - raft.server.rpc.slowness.timeout = 300s (custom)
2023-02-16 16:35:41,266 [pool-702-thread-1] INFO  server.RaftServerConfigKeys (ConfUtils.java:logGet(46)) - raft.server.leaderelection.leader.step-down.wait-time = 10s (default)
2023-02-16 16:35:41,266 [pool-702-thread-1] INFO  server.RaftServerConfigKeys (ConfUtils.java:logGet(46)) - raft.server.sleep.deviation.threshold = 300ms (default)
2023-02-16 16:35:41,266 [pool-702-thread-1] INFO  server.RaftServer$Division (ServerState.java:<init>(118)) - cfe669b9-663a-43f7-806f-76176ea695bf@group-AE9F91136A35: ConfigurationManager, init=-1: peers:[cfe669b9-663a-43f7-806f-76176ea695bf|rpc:10.1.0.66:35191|dataStream:10.1.0.66:39659|priority:1|startupRole:FOLLOWER, 47c87cc4-760b-451b-b923-a7cd32ec4f45|rpc:10.1.0.66:45343|dataStream:10.1.0.66:38397|priority:0|startupRole:FOLLOWER, 832c6eac-c5e0-4404-a712-42768f90b279|rpc:10.1.0.66:39217|dataStream:10.1.0.66:39199|priority:0|startupRole:FOLLOWER]|listeners:[], old=null, confs=<EMPTY_MAP>
2023-02-16 16:35:41,266 [pool-702-thread-1] INFO  server.RaftServerConfigKeys (ConfUtils.java:logGet(46)) - raft.server.storage.dir = [/home/runner/work/ozone/ozone/hadoop-ozone/integration-test/target/test-dir/MiniOzoneClusterImpl-b3d396d2-53dd-4e8c-be8e-68e1d9cb948b/datanode-1/data/ratis] (custom)
2023-02-16 16:35:41,266 [pool-702-thread-1] INFO  server.RaftServerConfigKeys (ConfUtils.java:logGet(46)) - raft.server.log.corruption.policy = EXCEPTION (default)
2023-02-16 16:35:41,266 [pool-702-thread-1] INFO  server.RaftServerConfigKeys (ConfUtils.java:logGet(46)) - raft.server.storage.free-space.min = 0MB (=0) (default)
2023-02-16 16:35:41,266 [pool-702-thread-1] INFO  server.RaftServerConfigKeys (ConfUtils.java:logGet(46)) - raft.server.notification.no-leader.timeout = 300s (custom)
2023-02-16 16:35:41,266 [pool-702-thread-1] INFO  server.RaftServerConfigKeys (ConfUtils.java:logGet(46)) - raft.server.retrycache.expirytime = 600000ms (custom)
2023-02-16 16:35:41,266 [pool-702-thread-1] INFO  server.RaftServerConfigKeys (ConfUtils.java:logGet(46)) - raft.server.retrycache.statistics.expirytime = 100μs (default)
2023-02-16 16:35:41,267 [pool-702-thread-1] INFO  server.RaftServerConfigKeys (ConfUtils.java:logGet(46)) - raft.server.log.appender.install.snapshot.enabled = false (custom)
2023-02-16 16:35:41,267 [pool-702-thread-1] INFO  server.RaftServerConfigKeys (ConfUtils.java:logGet(46)) - raft.server.threadpool.server.cached = true (default)
2023-02-16 16:35:41,267 [pool-702-thread-1] INFO  server.RaftServerConfigKeys (ConfUtils.java:logGet(46)) - raft.server.threadpool.server.size = 0 (default)
2023-02-16 16:35:41,267 [pool-702-thread-1] INFO  server.RaftServerConfigKeys (ConfUtils.java:logGet(46)) - raft.server.threadpool.client.cached = true (default)
2023-02-16 16:35:41,267 [pool-702-thread-1] INFO  server.RaftServerConfigKeys (ConfUtils.java:logGet(46)) - raft.server.threadpool.client.size = 0 (default)
2023-02-16 16:35:41,267 [pool-702-thread-1] INFO  storage.RaftStorageDirectory (RaftStorageDirectoryImpl.java:analyzeStorage(137)) - The storage directory /home/runner/work/ozone/ozone/hadoop-ozone/integration-test/target/test-dir/MiniOzoneClusterImpl-b3d396d2-53dd-4e8c-be8e-68e1d9cb948b/datanode-1/data/ratis/cfa963c0-4c95-4f99-8b8c-ae9f91136a35 does not exist. Creating ...
2023-02-16 16:35:41,269 [pool-702-thread-1] INFO  storage.RaftStorageDirectory (RaftStorageDirectoryImpl.java:tryLock(231)) - Lock on /home/runner/work/ozone/ozone/hadoop-ozone/integration-test/target/test-dir/MiniOzoneClusterImpl-b3d396d2-53dd-4e8c-be8e-68e1d9cb948b/datanode-1/data/ratis/cfa963c0-4c95-4f99-8b8c-ae9f91136a35/in_use.lock acquired by nodename 11092@fv-az167-289
2023-02-16 16:35:41,269 [pool-702-thread-1] INFO  storage.RaftStorage (RaftStorageImpl.java:format(96)) - Storage directory /home/runner/work/ozone/ozone/hadoop-ozone/integration-test/target/test-dir/MiniOzoneClusterImpl-b3d396d2-53dd-4e8c-be8e-68e1d9cb948b/datanode-1/data/ratis/cfa963c0-4c95-4f99-8b8c-ae9f91136a35 has been successfully formatted.
2023-02-16 16:35:41,270 [pool-702-thread-1] INFO  ratis.ContainerStateMachine (ContainerStateMachine.java:loadSnapshot(240)) - group-AE9F91136A35: The snapshot info is null. Setting the last applied indexto:(t:0, i:~)
2023-02-16 16:35:41,271 [pool-702-thread-1] INFO  server.RaftServerConfigKeys (ConfUtils.java:logGet(46)) - raft.server.log.use.memory = false (default)
2023-02-16 16:35:41,271 [pool-702-thread-1] INFO  server.RaftServerConfigKeys (ConfUtils.java:logGet(46)) - raft.server.log.purge.gap = 1000000 (custom)
2023-02-16 16:35:41,271 [pool-702-thread-1] INFO  server.RaftServerConfigKeys (ConfUtils.java:logGet(46)) - raft.server.log.appender.buffer.byte-limit = 33554432 (custom)
2023-02-16 16:35:41,271 [pool-702-thread-1] INFO  server.RaftServerConfigKeys (ConfUtils.java:logGet(46)) - raft.server.log.statemachine.data.read.timeout = 1000ms (default)
2023-02-16 16:35:41,271 [pool-702-thread-1] INFO  server.RaftServerConfigKeys (ConfUtils.java:logGet(46)) - raft.server.log.purge.preservation.log.num = 0 (default)
2023-02-16 16:35:41,271 [pool-702-thread-1] INFO  server.RaftServerConfigKeys (ConfUtils.java:logGet(46)) - raft.server.log.segment.size.max = 1048576 (custom)
2023-02-16 16:35:41,271 [pool-702-thread-1] INFO  server.RaftServerConfigKeys (ConfUtils.java:logGet(46)) - raft.server.log.segment.cache.num.max = 2 (custom)
2023-02-16 16:35:41,271 [pool-702-thread-1] INFO  server.RaftServerConfigKeys (ConfUtils.java:logGet(46)) - raft.server.log.segment.cache.size.max = 200MB (=209715200) (default)
2023-02-16 16:35:41,271 [pool-702-thread-1] INFO  segmented.SegmentedRaftLogWorker (SegmentedRaftLogWorker.java:<init>(189)) - new cfe669b9-663a-43f7-806f-76176ea695bf@group-AE9F91136A35-SegmentedRaftLogWorker for RaftStorageImpl:Storage Directory /home/runner/work/ozone/ozone/hadoop-ozone/integration-test/target/test-dir/MiniOzoneClusterImpl-b3d396d2-53dd-4e8c-be8e-68e1d9cb948b/datanode-1/data/ratis/cfa963c0-4c95-4f99-8b8c-ae9f91136a35
2023-02-16 16:35:41,271 [pool-702-thread-1] INFO  server.RaftServerConfigKeys (ConfUtils.java:logGet(46)) - raft.server.log.queue.byte-limit = 4294967296 (custom)
2023-02-16 16:35:41,271 [pool-702-thread-1] INFO  server.RaftServerConfigKeys (ConfUtils.java:logGet(46)) - raft.server.log.queue.element-limit = 1024 (custom)
2023-02-16 16:35:41,271 [pool-702-thread-1] INFO  server.RaftServerConfigKeys (ConfUtils.java:logGet(46)) - raft.server.log.segment.size.max = 1048576 (custom)
2023-02-16 16:35:41,271 [pool-702-thread-1] INFO  server.RaftServerConfigKeys (ConfUtils.java:logGet(46)) - raft.server.log.preallocated.size = 16384 (custom)
2023-02-16 16:35:41,272 [pool-702-thread-1] INFO  server.RaftServerConfigKeys (ConfUtils.java:logGet(46)) - raft.server.log.force.sync.num = 128 (default)
2023-02-16 16:35:41,272 [pool-702-thread-1] INFO  server.RaftServerConfigKeys (ConfUtils.java:logGet(46)) - raft.server.log.statemachine.data.sync = true (default)
2023-02-16 16:35:41,272 [pool-702-thread-1] INFO  server.RaftServerConfigKeys (ConfUtils.java:logGet(46)) - raft.server.log.statemachine.data.sync.timeout = 10s (default)
2023-02-16 16:35:41,272 [pool-702-thread-1] INFO  server.RaftServerConfigKeys (ConfUtils.java:logGet(46)) - raft.server.log.statemachine.data.sync.timeout.retry = -1 (default)
2023-02-16 16:35:41,272 [pool-702-thread-1] INFO  server.RaftServerConfigKeys (ConfUtils.java:logGet(46)) - raft.server.log.write.buffer.size = 1048576 (custom)
2023-02-16 16:35:41,273 [pool-702-thread-1] INFO  server.RaftServerConfigKeys (ConfUtils.java:logGet(46)) - raft.server.log.appender.buffer.byte-limit = 33554432 (custom)
2023-02-16 16:35:41,275 [pool-702-thread-1] INFO  server.RaftServerConfigKeys (ConfUtils.java:logGet(46)) - raft.server.log.unsafe-flush.enabled = false (default)
2023-02-16 16:35:41,275 [pool-702-thread-1] INFO  server.RaftServerConfigKeys (ConfUtils.java:logGet(46)) - raft.server.log.async-flush.enabled = false (default)
2023-02-16 16:35:41,276 [pool-702-thread-1] INFO  server.RaftServerConfigKeys (ConfUtils.java:logGet(46)) - raft.server.log.statemachine.data.caching.enabled = true (custom)
2023-02-16 16:35:41,276 [pool-702-thread-1] INFO  segmented.SegmentedRaftLogWorker (SegmentedRaftLogWorker.java:lambda$new$0(135)) - cfe669b9-663a-43f7-806f-76176ea695bf@group-AE9F91136A35-SegmentedRaftLogWorker: flushIndex: setUnconditionally 0 -> -1
2023-02-16 16:35:41,276 [pool-702-thread-1] INFO  segmented.SegmentedRaftLogWorker (SegmentedRaftLogWorker.java:lambda$new$0(135)) - cfe669b9-663a-43f7-806f-76176ea695bf@group-AE9F91136A35-SegmentedRaftLogWorker: safeCacheEvictIndex: setUnconditionally 0 -> -1
2023-02-16 16:35:41,276 [pool-702-thread-1] INFO  server.RaftServer$Division (RaftServerImpl.java:start(334)) - cfe669b9-663a-43f7-806f-76176ea695bf@group-AE9F91136A35: start as a follower, conf=-1: peers:[cfe669b9-663a-43f7-806f-76176ea695bf|rpc:10.1.0.66:35191|dataStream:10.1.0.66:39659|priority:1|startupRole:FOLLOWER, 47c87cc4-760b-451b-b923-a7cd32ec4f45|rpc:10.1.0.66:45343|dataStream:10.1.0.66:38397|priority:0|startupRole:FOLLOWER, 832c6eac-c5e0-4404-a712-42768f90b279|rpc:10.1.0.66:39217|dataStream:10.1.0.66:39199|priority:0|startupRole:FOLLOWER]|listeners:[], old=null
2023-02-16 16:35:41,276 [pool-702-thread-1] INFO  server.RaftServer$Division (RaftServerImpl.java:setRole(321)) - cfe669b9-663a-43f7-806f-76176ea695bf@group-AE9F91136A35: changes role from      null to FOLLOWER at term 0 for startAsFollower
2023-02-16 16:35:41,276 [pool-702-thread-1] INFO  impl.RoleInfo (RoleInfo.java:updateAndGet(139)) - cfe669b9-663a-43f7-806f-76176ea695bf: start cfe669b9-663a-43f7-806f-76176ea695bf@group-AE9F91136A35-FollowerState
2023-02-16 16:35:41,280 [pool-702-thread-1] INFO  util.JmxRegister (JmxRegister.java:tryRegister(44)) - Successfully registered JMX Bean with object name Ratis:service=RaftServer,group=group-AE9F91136A35,id=cfe669b9-663a-43f7-806f-76176ea695bf
2023-02-16 16:35:41,281 [pool-702-thread-1] INFO  server.RaftServerConfigKeys (ConfUtils.java:logGet(46)) - raft.server.snapshot.auto.trigger.enabled = true (custom)
2023-02-16 16:35:41,281 [pool-702-thread-1] INFO  server.RaftServerConfigKeys (ConfUtils.java:logGet(46)) - raft.server.snapshot.auto.trigger.threshold = 10000 (custom)
2023-02-16 16:35:41,281 [pool-702-thread-1] INFO  server.RaftServerConfigKeys (ConfUtils.java:logGet(46)) - raft.server.snapshot.retention.file.num = 5 (custom)
2023-02-16 16:35:41,281 [pool-702-thread-1] INFO  server.RaftServerConfigKeys (ConfUtils.java:logGet(46)) - raft.server.log.purge.upto.snapshot.index = false (default)
2023-02-16 16:35:41,282 [cfe669b9-663a-43f7-806f-76176ea695bf@group-AE9F91136A35-FollowerState] INFO  server.RaftServerConfigKeys (ConfUtils.java:logFallback(53)) - raft.server.rpc.first-election.timeout.min = 5s (fallback to raft.server.rpc.timeout.min)
2023-02-16 16:35:41,282 [cfe669b9-663a-43f7-806f-76176ea695bf@group-AE9F91136A35-FollowerState] INFO  server.RaftServerConfigKeys (ConfUtils.java:logFallback(53)) - raft.server.rpc.first-election.timeout.max = 5200ms (fallback to raft.server.rpc.timeout.max)
2023-02-16 16:35:41,285 [Command processor thread] INFO  commandhandler.CreatePipelineCommandHandler (CreatePipelineCommandHandler.java:handle(113)) - Created Pipeline RATIS THREE PipelineID=cfa963c0-4c95-4f99-8b8c-ae9f91136a35.
2023-02-16 16:35:41,285 [Command processor thread] INFO  server.RaftServer (RaftServerProxy.java:addNew(96)) - 832c6eac-c5e0-4404-a712-42768f90b279: addNew group-EA647C2F701F:[cfe669b9-663a-43f7-806f-76176ea695bf|rpc:10.1.0.66:35191|dataStream:10.1.0.66:39659|priority:0|startupRole:FOLLOWER, 47c87cc4-760b-451b-b923-a7cd32ec4f45|rpc:10.1.0.66:45343|dataStream:10.1.0.66:38397|priority:0|startupRole:FOLLOWER, 832c6eac-c5e0-4404-a712-42768f90b279|rpc:10.1.0.66:39217|dataStream:10.1.0.66:39199|priority:1|startupRole:FOLLOWER] returns group-EA647C2F701F:java.util.concurrent.CompletableFuture@2c8741f1[Not completed]
2023-02-16 16:35:41,286 [pool-680-thread-1] INFO  server.RaftServer$Division (RaftServerImpl.java:<init>(195)) - 832c6eac-c5e0-4404-a712-42768f90b279: new RaftServerImpl for group-EA647C2F701F:[cfe669b9-663a-43f7-806f-76176ea695bf|rpc:10.1.0.66:35191|dataStream:10.1.0.66:39659|priority:0|startupRole:FOLLOWER, 47c87cc4-760b-451b-b923-a7cd32ec4f45|rpc:10.1.0.66:45343|dataStream:10.1.0.66:38397|priority:0|startupRole:FOLLOWER, 832c6eac-c5e0-4404-a712-42768f90b279|rpc:10.1.0.66:39217|dataStream:10.1.0.66:39199|priority:1|startupRole:FOLLOWER] with ContainerStateMachine:uninitialized
2023-02-16 16:35:41,286 [pool-680-thread-1] INFO  server.RaftServerConfigKeys (ConfUtils.java:logGet(46)) - raft.server.rpc.timeout.min = 5s (custom)
2023-02-16 16:35:41,286 [pool-680-thread-1] INFO  server.RaftServerConfigKeys (ConfUtils.java:logGet(46)) - raft.server.rpc.timeout.max = 5200ms (custom)
2023-02-16 16:35:41,286 [pool-680-thread-1] INFO  server.RaftServerConfigKeys (ConfUtils.java:logGet(46)) - raft.server.rpc.sleep.time = 25ms (default)
2023-02-16 16:35:41,286 [pool-680-thread-1] INFO  server.RaftServerConfigKeys (ConfUtils.java:logGet(46)) - raft.server.rpc.slowness.timeout = 300s (custom)
2023-02-16 16:35:41,286 [pool-680-thread-1] INFO  server.RaftServerConfigKeys (ConfUtils.java:logGet(46)) - raft.server.leaderelection.leader.step-down.wait-time = 10s (default)
2023-02-16 16:35:41,286 [pool-680-thread-1] INFO  server.RaftServerConfigKeys (ConfUtils.java:logGet(46)) - raft.server.sleep.deviation.threshold = 300ms (default)
2023-02-16 16:35:41,286 [pool-680-thread-1] INFO  server.RaftServer$Division (ServerState.java:<init>(118)) - 832c6eac-c5e0-4404-a712-42768f90b279@group-EA647C2F701F: ConfigurationManager, init=-1: peers:[cfe669b9-663a-43f7-806f-76176ea695bf|rpc:10.1.0.66:35191|dataStream:10.1.0.66:39659|priority:0|startupRole:FOLLOWER, 47c87cc4-760b-451b-b923-a7cd32ec4f45|rpc:10.1.0.66:45343|dataStream:10.1.0.66:38397|priority:0|startupRole:FOLLOWER, 832c6eac-c5e0-4404-a712-42768f90b279|rpc:10.1.0.66:39217|dataStream:10.1.0.66:39199|priority:1|startupRole:FOLLOWER]|listeners:[], old=null, confs=<EMPTY_MAP>
2023-02-16 16:35:41,286 [pool-680-thread-1] INFO  server.RaftServerConfigKeys (ConfUtils.java:logGet(46)) - raft.server.storage.dir = [/home/runner/work/ozone/ozone/hadoop-ozone/integration-test/target/test-dir/MiniOzoneClusterImpl-b3d396d2-53dd-4e8c-be8e-68e1d9cb948b/datanode-0/data/ratis] (custom)
2023-02-16 16:35:41,286 [pool-680-thread-1] INFO  server.RaftServerConfigKeys (ConfUtils.java:logGet(46)) - raft.server.log.corruption.policy = EXCEPTION (default)
2023-02-16 16:35:41,286 [pool-680-thread-1] INFO  server.RaftServerConfigKeys (ConfUtils.java:logGet(46)) - raft.server.storage.free-space.min = 0MB (=0) (default)
2023-02-16 16:35:41,286 [pool-680-thread-1] INFO  server.RaftServerConfigKeys (ConfUtils.java:logGet(46)) - raft.server.notification.no-leader.timeout = 300s (custom)
2023-02-16 16:35:41,286 [pool-680-thread-1] INFO  server.RaftServerConfigKeys (ConfUtils.java:logGet(46)) - raft.server.retrycache.expirytime = 600000ms (custom)
2023-02-16 16:35:41,286 [pool-680-thread-1] INFO  server.RaftServerConfigKeys (ConfUtils.java:logGet(46)) - raft.server.retrycache.statistics.expirytime = 100μs (default)
2023-02-16 16:35:41,287 [pool-680-thread-1] INFO  server.RaftServerConfigKeys (ConfUtils.java:logGet(46)) - raft.server.log.appender.install.snapshot.enabled = false (custom)
2023-02-16 16:35:41,287 [pool-680-thread-1] INFO  server.RaftServerConfigKeys (ConfUtils.java:logGet(46)) - raft.server.threadpool.server.cached = true (default)
2023-02-16 16:35:41,287 [pool-680-thread-1] INFO  server.RaftServerConfigKeys (ConfUtils.java:logGet(46)) - raft.server.threadpool.server.size = 0 (default)
2023-02-16 16:35:41,287 [pool-680-thread-1] INFO  server.RaftServerConfigKeys (ConfUtils.java:logGet(46)) - raft.server.threadpool.client.cached = true (default)
2023-02-16 16:35:41,287 [pool-680-thread-1] INFO  server.RaftServerConfigKeys (ConfUtils.java:logGet(46)) - raft.server.threadpool.client.size = 0 (default)
2023-02-16 16:35:41,287 [pool-680-thread-1] INFO  storage.RaftStorageDirectory (RaftStorageDirectoryImpl.java:analyzeStorage(137)) - The storage directory /home/runner/work/ozone/ozone/hadoop-ozone/integration-test/target/test-dir/MiniOzoneClusterImpl-b3d396d2-53dd-4e8c-be8e-68e1d9cb948b/datanode-0/data/ratis/8816d293-a2c8-476d-b04f-ea647c2f701f does not exist. Creating ...
2023-02-16 16:35:41,288 [pool-680-thread-1] INFO  storage.RaftStorageDirectory (RaftStorageDirectoryImpl.java:tryLock(231)) - Lock on /home/runner/work/ozone/ozone/hadoop-ozone/integration-test/target/test-dir/MiniOzoneClusterImpl-b3d396d2-53dd-4e8c-be8e-68e1d9cb948b/datanode-0/data/ratis/8816d293-a2c8-476d-b04f-ea647c2f701f/in_use.lock acquired by nodename 11092@fv-az167-289
2023-02-16 16:35:41,289 [pool-680-thread-1] INFO  storage.RaftStorage (RaftStorageImpl.java:format(96)) - Storage directory /home/runner/work/ozone/ozone/hadoop-ozone/integration-test/target/test-dir/MiniOzoneClusterImpl-b3d396d2-53dd-4e8c-be8e-68e1d9cb948b/datanode-0/data/ratis/8816d293-a2c8-476d-b04f-ea647c2f701f has been successfully formatted.
2023-02-16 16:35:41,289 [pool-680-thread-1] INFO  ratis.ContainerStateMachine (ContainerStateMachine.java:loadSnapshot(240)) - group-EA647C2F701F: The snapshot info is null. Setting the last applied indexto:(t:0, i:~)
2023-02-16 16:35:41,289 [pool-680-thread-1] INFO  server.RaftServerConfigKeys (ConfUtils.java:logGet(46)) - raft.server.log.use.memory = false (default)
2023-02-16 16:35:41,289 [pool-680-thread-1] INFO  server.RaftServerConfigKeys (ConfUtils.java:logGet(46)) - raft.server.log.purge.gap = 1000000 (custom)
2023-02-16 16:35:41,291 [EventQueue-OpenPipelineForHealthyPipelineSafeModeRule] INFO  safemode.SCMSafeModeManager (HealthyPipelineSafeModeRule.java:process(137)) - SCM in safe mode. Healthy pipelines reported count is 0, required healthy pipeline reported count is 1
2023-02-16 16:35:41,291 [pool-680-thread-1] INFO  server.RaftServerConfigKeys (ConfUtils.java:logGet(46)) - raft.server.log.appender.buffer.byte-limit = 33554432 (custom)
2023-02-16 16:35:41,291 [pool-680-thread-1] INFO  server.RaftServerConfigKeys (ConfUtils.java:logGet(46)) - raft.server.log.statemachine.data.read.timeout = 1000ms (default)
2023-02-16 16:35:41,291 [pool-680-thread-1] INFO  server.RaftServerConfigKeys (ConfUtils.java:logGet(46)) - raft.server.log.purge.preservation.log.num = 0 (default)
2023-02-16 16:35:41,291 [pool-680-thread-1] INFO  server.RaftServerConfigKeys (ConfUtils.java:logGet(46)) - raft.server.log.segment.size.max = 1048576 (custom)
2023-02-16 16:35:41,292 [pool-680-thread-1] INFO  server.RaftServerConfigKeys (ConfUtils.java:logGet(46)) - raft.server.log.segment.cache.num.max = 2 (custom)
2023-02-16 16:35:41,292 [pool-680-thread-1] INFO  server.RaftServerConfigKeys (ConfUtils.java:logGet(46)) - raft.server.log.segment.cache.size.max = 200MB (=209715200) (default)
2023-02-16 16:35:41,292 [pool-680-thread-1] INFO  segmented.SegmentedRaftLogWorker (SegmentedRaftLogWorker.java:<init>(189)) - new 832c6eac-c5e0-4404-a712-42768f90b279@group-EA647C2F701F-SegmentedRaftLogWorker for RaftStorageImpl:Storage Directory /home/runner/work/ozone/ozone/hadoop-ozone/integration-test/target/test-dir/MiniOzoneClusterImpl-b3d396d2-53dd-4e8c-be8e-68e1d9cb948b/datanode-0/data/ratis/8816d293-a2c8-476d-b04f-ea647c2f701f
2023-02-16 16:35:41,293 [pool-680-thread-1] INFO  server.RaftServerConfigKeys (ConfUtils.java:logGet(46)) - raft.server.log.queue.byte-limit = 4294967296 (custom)
2023-02-16 16:35:41,293 [pool-680-thread-1] INFO  server.RaftServerConfigKeys (ConfUtils.java:logGet(46)) - raft.server.log.queue.element-limit = 1024 (custom)
2023-02-16 16:35:41,293 [pool-680-thread-1] INFO  server.RaftServerConfigKeys (ConfUtils.java:logGet(46)) - raft.server.log.segment.size.max = 1048576 (custom)
2023-02-16 16:35:41,293 [pool-680-thread-1] INFO  server.RaftServerConfigKeys (ConfUtils.java:logGet(46)) - raft.server.log.preallocated.size = 16384 (custom)
2023-02-16 16:35:41,293 [pool-680-thread-1] INFO  server.RaftServerConfigKeys (ConfUtils.java:logGet(46)) - raft.server.log.force.sync.num = 128 (default)
2023-02-16 16:35:41,293 [pool-680-thread-1] INFO  server.RaftServerConfigKeys (ConfUtils.java:logGet(46)) - raft.server.log.statemachine.data.sync = true (default)
2023-02-16 16:35:41,293 [pool-680-thread-1] INFO  server.RaftServerConfigKeys (ConfUtils.java:logGet(46)) - raft.server.log.statemachine.data.sync.timeout = 10s (default)
2023-02-16 16:35:41,293 [pool-680-thread-1] INFO  server.RaftServerConfigKeys (ConfUtils.java:logGet(46)) - raft.server.log.statemachine.data.sync.timeout.retry = -1 (default)
2023-02-16 16:35:41,293 [pool-680-thread-1] INFO  server.RaftServerConfigKeys (ConfUtils.java:logGet(46)) - raft.server.log.write.buffer.size = 1048576 (custom)
2023-02-16 16:35:41,294 [pool-680-thread-1] INFO  server.RaftServerConfigKeys (ConfUtils.java:logGet(46)) - raft.server.log.appender.buffer.byte-limit = 33554432 (custom)
2023-02-16 16:35:41,296 [pool-680-thread-1] INFO  server.RaftServerConfigKeys (ConfUtils.java:logGet(46)) - raft.server.log.unsafe-flush.enabled = false (default)
2023-02-16 16:35:41,297 [pool-680-thread-1] INFO  server.RaftServerConfigKeys (ConfUtils.java:logGet(46)) - raft.server.log.async-flush.enabled = false (default)
2023-02-16 16:35:41,297 [pool-680-thread-1] INFO  server.RaftServerConfigKeys (ConfUtils.java:logGet(46)) - raft.server.log.statemachine.data.caching.enabled = true (custom)
2023-02-16 16:35:41,297 [pool-680-thread-1] INFO  segmented.SegmentedRaftLogWorker (SegmentedRaftLogWorker.java:lambda$new$0(135)) - 832c6eac-c5e0-4404-a712-42768f90b279@group-EA647C2F701F-SegmentedRaftLogWorker: flushIndex: setUnconditionally 0 -> -1
2023-02-16 16:35:41,297 [pool-680-thread-1] INFO  segmented.SegmentedRaftLogWorker (SegmentedRaftLogWorker.java:lambda$new$0(135)) - 832c6eac-c5e0-4404-a712-42768f90b279@group-EA647C2F701F-SegmentedRaftLogWorker: safeCacheEvictIndex: setUnconditionally 0 -> -1
2023-02-16 16:35:41,297 [pool-680-thread-1] INFO  server.RaftServer$Division (RaftServerImpl.java:start(334)) - 832c6eac-c5e0-4404-a712-42768f90b279@group-EA647C2F701F: start as a follower, conf=-1: peers:[cfe669b9-663a-43f7-806f-76176ea695bf|rpc:10.1.0.66:35191|dataStream:10.1.0.66:39659|priority:0|startupRole:FOLLOWER, 47c87cc4-760b-451b-b923-a7cd32ec4f45|rpc:10.1.0.66:45343|dataStream:10.1.0.66:38397|priority:0|startupRole:FOLLOWER, 832c6eac-c5e0-4404-a712-42768f90b279|rpc:10.1.0.66:39217|dataStream:10.1.0.66:39199|priority:1|startupRole:FOLLOWER]|listeners:[], old=null
2023-02-16 16:35:41,297 [pool-680-thread-1] INFO  server.RaftServer$Division (RaftServerImpl.java:setRole(321)) - 832c6eac-c5e0-4404-a712-42768f90b279@group-EA647C2F701F: changes role from      null to FOLLOWER at term 0 for startAsFollower
2023-02-16 16:35:41,297 [pool-680-thread-1] INFO  impl.RoleInfo (RoleInfo.java:updateAndGet(139)) - 832c6eac-c5e0-4404-a712-42768f90b279: start 832c6eac-c5e0-4404-a712-42768f90b279@group-EA647C2F701F-FollowerState
2023-02-16 16:35:41,297 [pool-680-thread-1] INFO  util.JmxRegister (JmxRegister.java:tryRegister(44)) - Successfully registered JMX Bean with object name Ratis:service=RaftServer,group=group-EA647C2F701F,id=832c6eac-c5e0-4404-a712-42768f90b279
2023-02-16 16:35:41,297 [pool-680-thread-1] INFO  server.RaftServerConfigKeys (ConfUtils.java:logGet(46)) - raft.server.snapshot.auto.trigger.enabled = true (custom)
2023-02-16 16:35:41,297 [pool-680-thread-1] INFO  server.RaftServerConfigKeys (ConfUtils.java:logGet(46)) - raft.server.snapshot.auto.trigger.threshold = 10000 (custom)
2023-02-16 16:35:41,297 [pool-680-thread-1] INFO  server.RaftServerConfigKeys (ConfUtils.java:logGet(46)) - raft.server.snapshot.retention.file.num = 5 (custom)
2023-02-16 16:35:41,297 [pool-680-thread-1] INFO  server.RaftServerConfigKeys (ConfUtils.java:logGet(46)) - raft.server.log.purge.upto.snapshot.index = false (default)
2023-02-16 16:35:41,298 [832c6eac-c5e0-4404-a712-42768f90b279@group-EA647C2F701F-FollowerState] INFO  server.RaftServerConfigKeys (ConfUtils.java:logFallback(53)) - raft.server.rpc.first-election.timeout.min = 5s (fallback to raft.server.rpc.timeout.min)
2023-02-16 16:35:41,298 [832c6eac-c5e0-4404-a712-42768f90b279@group-EA647C2F701F-FollowerState] INFO  server.RaftServerConfigKeys (ConfUtils.java:logFallback(53)) - raft.server.rpc.first-election.timeout.max = 5200ms (fallback to raft.server.rpc.timeout.max)
2023-02-16 16:35:41,298 [Command processor thread] INFO  ratis.XceiverServerRatis (XceiverServerRatis.java:addGroup(807)) - Created group PipelineID=8816d293-a2c8-476d-b04f-ea647c2f701f
2023-02-16 16:35:41,305 [grpc-default-executor-0] INFO  server.RaftServer (RaftServerProxy.java:addNew(96)) - 47c87cc4-760b-451b-b923-a7cd32ec4f45: addNew group-EA647C2F701F:[cfe669b9-663a-43f7-806f-76176ea695bf|rpc:10.1.0.66:35191|dataStream:10.1.0.66:39659|priority:0|startupRole:FOLLOWER, 47c87cc4-760b-451b-b923-a7cd32ec4f45|rpc:10.1.0.66:45343|dataStream:10.1.0.66:38397|priority:0|startupRole:FOLLOWER, 832c6eac-c5e0-4404-a712-42768f90b279|rpc:10.1.0.66:39217|dataStream:10.1.0.66:39199|priority:1|startupRole:FOLLOWER] returns group-EA647C2F701F:java.util.concurrent.CompletableFuture@2d218d11[Not completed]
2023-02-16 16:35:41,306 [pool-724-thread-1] INFO  server.RaftServer$Division (RaftServerImpl.java:<init>(195)) - 47c87cc4-760b-451b-b923-a7cd32ec4f45: new RaftServerImpl for group-EA647C2F701F:[cfe669b9-663a-43f7-806f-76176ea695bf|rpc:10.1.0.66:35191|dataStream:10.1.0.66:39659|priority:0|startupRole:FOLLOWER, 47c87cc4-760b-451b-b923-a7cd32ec4f45|rpc:10.1.0.66:45343|dataStream:10.1.0.66:38397|priority:0|startupRole:FOLLOWER, 832c6eac-c5e0-4404-a712-42768f90b279|rpc:10.1.0.66:39217|dataStream:10.1.0.66:39199|priority:1|startupRole:FOLLOWER] with ContainerStateMachine:uninitialized
2023-02-16 16:35:41,306 [pool-724-thread-1] INFO  server.RaftServerConfigKeys (ConfUtils.java:logGet(46)) - raft.server.rpc.timeout.min = 5s (custom)
2023-02-16 16:35:41,306 [pool-724-thread-1] INFO  server.RaftServerConfigKeys (ConfUtils.java:logGet(46)) - raft.server.rpc.timeout.max = 5200ms (custom)
2023-02-16 16:35:41,306 [pool-724-thread-1] INFO  server.RaftServerConfigKeys (ConfUtils.java:logGet(46)) - raft.server.rpc.sleep.time = 25ms (default)
2023-02-16 16:35:41,306 [pool-724-thread-1] INFO  server.RaftServerConfigKeys (ConfUtils.java:logGet(46)) - raft.server.rpc.slowness.timeout = 300s (custom)
2023-02-16 16:35:41,306 [pool-724-thread-1] INFO  server.RaftServerConfigKeys (ConfUtils.java:logGet(46)) - raft.server.leaderelection.leader.step-down.wait-time = 10s (default)
2023-02-16 16:35:41,306 [pool-724-thread-1] INFO  server.RaftServerConfigKeys (ConfUtils.java:logGet(46)) - raft.server.sleep.deviation.threshold = 300ms (default)
2023-02-16 16:35:41,306 [pool-724-thread-1] INFO  server.RaftServer$Division (ServerState.java:<init>(118)) - 47c87cc4-760b-451b-b923-a7cd32ec4f45@group-EA647C2F701F: ConfigurationManager, init=-1: peers:[cfe669b9-663a-43f7-806f-76176ea695bf|rpc:10.1.0.66:35191|dataStream:10.1.0.66:39659|priority:0|startupRole:FOLLOWER, 47c87cc4-760b-451b-b923-a7cd32ec4f45|rpc:10.1.0.66:45343|dataStream:10.1.0.66:38397|priority:0|startupRole:FOLLOWER, 832c6eac-c5e0-4404-a712-42768f90b279|rpc:10.1.0.66:39217|dataStream:10.1.0.66:39199|priority:1|startupRole:FOLLOWER]|listeners:[], old=null, confs=<EMPTY_MAP>
2023-02-16 16:35:41,306 [pool-724-thread-1] INFO  server.RaftServerConfigKeys (ConfUtils.java:logGet(46)) - raft.server.storage.dir = [/home/runner/work/ozone/ozone/hadoop-ozone/integration-test/target/test-dir/MiniOzoneClusterImpl-b3d396d2-53dd-4e8c-be8e-68e1d9cb948b/datanode-2/data/ratis] (custom)
2023-02-16 16:35:41,306 [pool-724-thread-1] INFO  server.RaftServerConfigKeys (ConfUtils.java:logGet(46)) - raft.server.log.corruption.policy = EXCEPTION (default)
2023-02-16 16:35:41,306 [pool-724-thread-1] INFO  server.RaftServerConfigKeys (ConfUtils.java:logGet(46)) - raft.server.storage.free-space.min = 0MB (=0) (default)
2023-02-16 16:35:41,306 [pool-724-thread-1] INFO  server.RaftServerConfigKeys (ConfUtils.java:logGet(46)) - raft.server.notification.no-leader.timeout = 300s (custom)
2023-02-16 16:35:41,306 [pool-724-thread-1] INFO  server.RaftServerConfigKeys (ConfUtils.java:logGet(46)) - raft.server.retrycache.expirytime = 600000ms (custom)
2023-02-16 16:35:41,306 [pool-724-thread-1] INFO  server.RaftServerConfigKeys (ConfUtils.java:logGet(46)) - raft.server.retrycache.statistics.expirytime = 100μs (default)
2023-02-16 16:35:41,307 [pool-724-thread-1] INFO  server.RaftServerConfigKeys (ConfUtils.java:logGet(46)) - raft.server.log.appender.install.snapshot.enabled = false (custom)
2023-02-16 16:35:41,307 [pool-724-thread-1] INFO  server.RaftServerConfigKeys (ConfUtils.java:logGet(46)) - raft.server.threadpool.server.cached = true (default)
2023-02-16 16:35:41,307 [pool-724-thread-1] INFO  server.RaftServerConfigKeys (ConfUtils.java:logGet(46)) - raft.server.threadpool.server.size = 0 (default)
2023-02-16 16:35:41,307 [pool-724-thread-1] INFO  server.RaftServerConfigKeys (ConfUtils.java:logGet(46)) - raft.server.threadpool.client.cached = true (default)
2023-02-16 16:35:41,307 [pool-724-thread-1] INFO  server.RaftServerConfigKeys (ConfUtils.java:logGet(46)) - raft.server.threadpool.client.size = 0 (default)
2023-02-16 16:35:41,307 [pool-724-thread-1] INFO  storage.RaftStorageDirectory (RaftStorageDirectoryImpl.java:analyzeStorage(137)) - The storage directory /home/runner/work/ozone/ozone/hadoop-ozone/integration-test/target/test-dir/MiniOzoneClusterImpl-b3d396d2-53dd-4e8c-be8e-68e1d9cb948b/datanode-2/data/ratis/8816d293-a2c8-476d-b04f-ea647c2f701f does not exist. Creating ...
2023-02-16 16:35:41,308 [pool-724-thread-1] INFO  storage.RaftStorageDirectory (RaftStorageDirectoryImpl.java:tryLock(231)) - Lock on /home/runner/work/ozone/ozone/hadoop-ozone/integration-test/target/test-dir/MiniOzoneClusterImpl-b3d396d2-53dd-4e8c-be8e-68e1d9cb948b/datanode-2/data/ratis/8816d293-a2c8-476d-b04f-ea647c2f701f/in_use.lock acquired by nodename 11092@fv-az167-289
2023-02-16 16:35:41,310 [pool-724-thread-1] INFO  storage.RaftStorage (RaftStorageImpl.java:format(96)) - Storage directory /home/runner/work/ozone/ozone/hadoop-ozone/integration-test/target/test-dir/MiniOzoneClusterImpl-b3d396d2-53dd-4e8c-be8e-68e1d9cb948b/datanode-2/data/ratis/8816d293-a2c8-476d-b04f-ea647c2f701f has been successfully formatted.
2023-02-16 16:35:41,311 [pool-724-thread-1] INFO  ratis.ContainerStateMachine (ContainerStateMachine.java:loadSnapshot(240)) - group-EA647C2F701F: The snapshot info is null. Setting the last applied indexto:(t:0, i:~)
2023-02-16 16:35:41,311 [pool-724-thread-1] INFO  server.RaftServerConfigKeys (ConfUtils.java:logGet(46)) - raft.server.log.use.memory = false (default)
2023-02-16 16:35:41,311 [pool-724-thread-1] INFO  server.RaftServerConfigKeys (ConfUtils.java:logGet(46)) - raft.server.log.purge.gap = 1000000 (custom)
2023-02-16 16:35:41,311 [pool-724-thread-1] INFO  server.RaftServerConfigKeys (ConfUtils.java:logGet(46)) - raft.server.log.appender.buffer.byte-limit = 33554432 (custom)
2023-02-16 16:35:41,311 [pool-724-thread-1] INFO  server.RaftServerConfigKeys (ConfUtils.java:logGet(46)) - raft.server.log.statemachine.data.read.timeout = 1000ms (default)
2023-02-16 16:35:41,311 [pool-724-thread-1] INFO  server.RaftServerConfigKeys (ConfUtils.java:logGet(46)) - raft.server.log.purge.preservation.log.num = 0 (default)
2023-02-16 16:35:41,311 [pool-724-thread-1] INFO  server.RaftServerConfigKeys (ConfUtils.java:logGet(46)) - raft.server.log.segment.size.max = 1048576 (custom)
2023-02-16 16:35:41,312 [pool-724-thread-1] INFO  server.RaftServerConfigKeys (ConfUtils.java:logGet(46)) - raft.server.log.segment.cache.num.max = 2 (custom)
2023-02-16 16:35:41,312 [pool-724-thread-1] INFO  server.RaftServerConfigKeys (ConfUtils.java:logGet(46)) - raft.server.log.segment.cache.size.max = 200MB (=209715200) (default)
2023-02-16 16:35:41,312 [pool-724-thread-1] INFO  segmented.SegmentedRaftLogWorker (SegmentedRaftLogWorker.java:<init>(189)) - new 47c87cc4-760b-451b-b923-a7cd32ec4f45@group-EA647C2F701F-SegmentedRaftLogWorker for RaftStorageImpl:Storage Directory /home/runner/work/ozone/ozone/hadoop-ozone/integration-test/target/test-dir/MiniOzoneClusterImpl-b3d396d2-53dd-4e8c-be8e-68e1d9cb948b/datanode-2/data/ratis/8816d293-a2c8-476d-b04f-ea647c2f701f
2023-02-16 16:35:41,312 [pool-724-thread-1] INFO  server.RaftServerConfigKeys (ConfUtils.java:logGet(46)) - raft.server.log.queue.byte-limit = 4294967296 (custom)
2023-02-16 16:35:41,312 [pool-724-thread-1] INFO  server.RaftServerConfigKeys (ConfUtils.java:logGet(46)) - raft.server.log.queue.element-limit = 1024 (custom)
2023-02-16 16:35:41,313 [pool-724-thread-1] INFO  server.RaftServerConfigKeys (ConfUtils.java:logGet(46)) - raft.server.log.segment.size.max = 1048576 (custom)
2023-02-16 16:35:41,313 [pool-724-thread-1] INFO  server.RaftServerConfigKeys (ConfUtils.java:logGet(46)) - raft.server.log.preallocated.size = 16384 (custom)
2023-02-16 16:35:41,313 [pool-724-thread-1] INFO  server.RaftServerConfigKeys (ConfUtils.java:logGet(46)) - raft.server.log.force.sync.num = 128 (default)
2023-02-16 16:35:41,313 [pool-724-thread-1] INFO  server.RaftServerConfigKeys (ConfUtils.java:logGet(46)) - raft.server.log.statemachine.data.sync = true (default)
2023-02-16 16:35:41,313 [pool-724-thread-1] INFO  server.RaftServerConfigKeys (ConfUtils.java:logGet(46)) - raft.server.log.statemachine.data.sync.timeout = 10s (default)
2023-02-16 16:35:41,313 [pool-724-thread-1] INFO  server.RaftServerConfigKeys (ConfUtils.java:logGet(46)) - raft.server.log.statemachine.data.sync.timeout.retry = -1 (default)
2023-02-16 16:35:41,314 [pool-724-thread-1] INFO  server.RaftServerConfigKeys (ConfUtils.java:logGet(46)) - raft.server.log.write.buffer.size = 1048576 (custom)
2023-02-16 16:35:41,314 [pool-724-thread-1] INFO  server.RaftServerConfigKeys (ConfUtils.java:logGet(46)) - raft.server.log.appender.buffer.byte-limit = 33554432 (custom)
2023-02-16 16:35:41,318 [pool-724-thread-1] INFO  server.RaftServerConfigKeys (ConfUtils.java:logGet(46)) - raft.server.log.unsafe-flush.enabled = false (default)
2023-02-16 16:35:41,318 [pool-724-thread-1] INFO  server.RaftServerConfigKeys (ConfUtils.java:logGet(46)) - raft.server.log.async-flush.enabled = false (default)
2023-02-16 16:35:41,318 [pool-724-thread-1] INFO  server.RaftServerConfigKeys (ConfUtils.java:logGet(46)) - raft.server.log.statemachine.data.caching.enabled = true (custom)
2023-02-16 16:35:41,319 [pool-724-thread-1] INFO  segmented.SegmentedRaftLogWorker (SegmentedRaftLogWorker.java:lambda$new$0(135)) - 47c87cc4-760b-451b-b923-a7cd32ec4f45@group-EA647C2F701F-SegmentedRaftLogWorker: flushIndex: setUnconditionally 0 -> -1
2023-02-16 16:35:41,319 [pool-724-thread-1] INFO  segmented.SegmentedRaftLogWorker (SegmentedRaftLogWorker.java:lambda$new$0(135)) - 47c87cc4-760b-451b-b923-a7cd32ec4f45@group-EA647C2F701F-SegmentedRaftLogWorker: safeCacheEvictIndex: setUnconditionally 0 -> -1
2023-02-16 16:35:41,319 [pool-724-thread-1] INFO  server.RaftServer$Division (RaftServerImpl.java:start(334)) - 47c87cc4-760b-451b-b923-a7cd32ec4f45@group-EA647C2F701F: start as a follower, conf=-1: peers:[cfe669b9-663a-43f7-806f-76176ea695bf|rpc:10.1.0.66:35191|dataStream:10.1.0.66:39659|priority:0|startupRole:FOLLOWER, 47c87cc4-760b-451b-b923-a7cd32ec4f45|rpc:10.1.0.66:45343|dataStream:10.1.0.66:38397|priority:0|startupRole:FOLLOWER, 832c6eac-c5e0-4404-a712-42768f90b279|rpc:10.1.0.66:39217|dataStream:10.1.0.66:39199|priority:1|startupRole:FOLLOWER]|listeners:[], old=null
2023-02-16 16:35:41,319 [pool-724-thread-1] INFO  server.RaftServer$Division (RaftServerImpl.java:setRole(321)) - 47c87cc4-760b-451b-b923-a7cd32ec4f45@group-EA647C2F701F: changes role from      null to FOLLOWER at term 0 for startAsFollower
2023-02-16 16:35:41,319 [pool-724-thread-1] INFO  impl.RoleInfo (RoleInfo.java:updateAndGet(139)) - 47c87cc4-760b-451b-b923-a7cd32ec4f45: start 47c87cc4-760b-451b-b923-a7cd32ec4f45@group-EA647C2F701F-FollowerState
2023-02-16 16:35:41,319 [pool-724-thread-1] INFO  util.JmxRegister (JmxRegister.java:tryRegister(44)) - Successfully registered JMX Bean with object name Ratis:service=RaftServer,group=group-EA647C2F701F,id=47c87cc4-760b-451b-b923-a7cd32ec4f45
2023-02-16 16:35:41,319 [pool-724-thread-1] INFO  server.RaftServerConfigKeys (ConfUtils.java:logGet(46)) - raft.server.snapshot.auto.trigger.enabled = true (custom)
2023-02-16 16:35:41,319 [pool-724-thread-1] INFO  server.RaftServerConfigKeys (ConfUtils.java:logGet(46)) - raft.server.snapshot.auto.trigger.threshold = 10000 (custom)
2023-02-16 16:35:41,319 [pool-724-thread-1] INFO  server.RaftServerConfigKeys (ConfUtils.java:logGet(46)) - raft.server.snapshot.retention.file.num = 5 (custom)
2023-02-16 16:35:41,319 [pool-724-thread-1] INFO  server.RaftServerConfigKeys (ConfUtils.java:logGet(46)) - raft.server.log.purge.upto.snapshot.index = false (default)
2023-02-16 16:35:41,320 [47c87cc4-760b-451b-b923-a7cd32ec4f45@group-EA647C2F701F-FollowerState] INFO  server.RaftServerConfigKeys (ConfUtils.java:logFallback(53)) - raft.server.rpc.first-election.timeout.min = 5s (fallback to raft.server.rpc.timeout.min)
2023-02-16 16:35:41,320 [47c87cc4-760b-451b-b923-a7cd32ec4f45@group-EA647C2F701F-FollowerState] INFO  server.RaftServerConfigKeys (ConfUtils.java:logFallback(53)) - raft.server.rpc.first-election.timeout.max = 5200ms (fallback to raft.server.rpc.timeout.max)
2023-02-16 16:35:41,337 [grpc-default-executor-0] INFO  server.RaftServer (RaftServerProxy.java:addNew(96)) - cfe669b9-663a-43f7-806f-76176ea695bf: addNew group-EA647C2F701F:[cfe669b9-663a-43f7-806f-76176ea695bf|rpc:10.1.0.66:35191|dataStream:10.1.0.66:39659|priority:0|startupRole:FOLLOWER, 47c87cc4-760b-451b-b923-a7cd32ec4f45|rpc:10.1.0.66:45343|dataStream:10.1.0.66:38397|priority:0|startupRole:FOLLOWER, 832c6eac-c5e0-4404-a712-42768f90b279|rpc:10.1.0.66:39217|dataStream:10.1.0.66:39199|priority:1|startupRole:FOLLOWER] returns group-EA647C2F701F:java.util.concurrent.CompletableFuture@105f687[Not completed]
2023-02-16 16:35:41,338 [pool-702-thread-1] INFO  server.RaftServer$Division (RaftServerImpl.java:<init>(195)) - cfe669b9-663a-43f7-806f-76176ea695bf: new RaftServerImpl for group-EA647C2F701F:[cfe669b9-663a-43f7-806f-76176ea695bf|rpc:10.1.0.66:35191|dataStream:10.1.0.66:39659|priority:0|startupRole:FOLLOWER, 47c87cc4-760b-451b-b923-a7cd32ec4f45|rpc:10.1.0.66:45343|dataStream:10.1.0.66:38397|priority:0|startupRole:FOLLOWER, 832c6eac-c5e0-4404-a712-42768f90b279|rpc:10.1.0.66:39217|dataStream:10.1.0.66:39199|priority:1|startupRole:FOLLOWER] with ContainerStateMachine:uninitialized
2023-02-16 16:35:41,338 [pool-702-thread-1] INFO  server.RaftServerConfigKeys (ConfUtils.java:logGet(46)) - raft.server.rpc.timeout.min = 5s (custom)
2023-02-16 16:35:41,338 [pool-702-thread-1] INFO  server.RaftServerConfigKeys (ConfUtils.java:logGet(46)) - raft.server.rpc.timeout.max = 5200ms (custom)
2023-02-16 16:35:41,338 [pool-702-thread-1] INFO  server.RaftServerConfigKeys (ConfUtils.java:logGet(46)) - raft.server.rpc.sleep.time = 25ms (default)
2023-02-16 16:35:41,338 [pool-702-thread-1] INFO  server.RaftServerConfigKeys (ConfUtils.java:logGet(46)) - raft.server.rpc.slowness.timeout = 300s (custom)
2023-02-16 16:35:41,338 [pool-702-thread-1] INFO  server.RaftServerConfigKeys (ConfUtils.java:logGet(46)) - raft.server.leaderelection.leader.step-down.wait-time = 10s (default)
2023-02-16 16:35:41,338 [pool-702-thread-1] INFO  server.RaftServerConfigKeys (ConfUtils.java:logGet(46)) - raft.server.sleep.deviation.threshold = 300ms (default)
2023-02-16 16:35:41,338 [pool-702-thread-1] INFO  server.RaftServer$Division (ServerState.java:<init>(118)) - cfe669b9-663a-43f7-806f-76176ea695bf@group-EA647C2F701F: ConfigurationManager, init=-1: peers:[cfe669b9-663a-43f7-806f-76176ea695bf|rpc:10.1.0.66:35191|dataStream:10.1.0.66:39659|priority:0|startupRole:FOLLOWER, 47c87cc4-760b-451b-b923-a7cd32ec4f45|rpc:10.1.0.66:45343|dataStream:10.1.0.66:38397|priority:0|startupRole:FOLLOWER, 832c6eac-c5e0-4404-a712-42768f90b279|rpc:10.1.0.66:39217|dataStream:10.1.0.66:39199|priority:1|startupRole:FOLLOWER]|listeners:[], old=null, confs=<EMPTY_MAP>
2023-02-16 16:35:41,338 [pool-702-thread-1] INFO  server.RaftServerConfigKeys (ConfUtils.java:logGet(46)) - raft.server.storage.dir = [/home/runner/work/ozone/ozone/hadoop-ozone/integration-test/target/test-dir/MiniOzoneClusterImpl-b3d396d2-53dd-4e8c-be8e-68e1d9cb948b/datanode-1/data/ratis] (custom)
2023-02-16 16:35:41,338 [pool-702-thread-1] INFO  server.RaftServerConfigKeys (ConfUtils.java:logGet(46)) - raft.server.log.corruption.policy = EXCEPTION (default)
2023-02-16 16:35:41,338 [pool-702-thread-1] INFO  server.RaftServerConfigKeys (ConfUtils.java:logGet(46)) - raft.server.storage.free-space.min = 0MB (=0) (default)
2023-02-16 16:35:41,338 [pool-702-thread-1] INFO  server.RaftServerConfigKeys (ConfUtils.java:logGet(46)) - raft.server.notification.no-leader.timeout = 300s (custom)
2023-02-16 16:35:41,338 [pool-702-thread-1] INFO  server.RaftServerConfigKeys (ConfUtils.java:logGet(46)) - raft.server.retrycache.expirytime = 600000ms (custom)
2023-02-16 16:35:41,338 [pool-702-thread-1] INFO  server.RaftServerConfigKeys (ConfUtils.java:logGet(46)) - raft.server.retrycache.statistics.expirytime = 100μs (default)
2023-02-16 16:35:41,339 [pool-702-thread-1] INFO  server.RaftServerConfigKeys (ConfUtils.java:logGet(46)) - raft.server.log.appender.install.snapshot.enabled = false (custom)
2023-02-16 16:35:41,339 [pool-702-thread-1] INFO  server.RaftServerConfigKeys (ConfUtils.java:logGet(46)) - raft.server.threadpool.server.cached = true (default)
2023-02-16 16:35:41,339 [pool-702-thread-1] INFO  server.RaftServerConfigKeys (ConfUtils.java:logGet(46)) - raft.server.threadpool.server.size = 0 (default)
2023-02-16 16:35:41,339 [pool-702-thread-1] INFO  server.RaftServerConfigKeys (ConfUtils.java:logGet(46)) - raft.server.threadpool.client.cached = true (default)
2023-02-16 16:35:41,339 [pool-702-thread-1] INFO  server.RaftServerConfigKeys (ConfUtils.java:logGet(46)) - raft.server.threadpool.client.size = 0 (default)
2023-02-16 16:35:41,339 [pool-702-thread-1] INFO  storage.RaftStorageDirectory (RaftStorageDirectoryImpl.java:analyzeStorage(137)) - The storage directory /home/runner/work/ozone/ozone/hadoop-ozone/integration-test/target/test-dir/MiniOzoneClusterImpl-b3d396d2-53dd-4e8c-be8e-68e1d9cb948b/datanode-1/data/ratis/8816d293-a2c8-476d-b04f-ea647c2f701f does not exist. Creating ...
2023-02-16 16:35:41,341 [pool-702-thread-1] INFO  storage.RaftStorageDirectory (RaftStorageDirectoryImpl.java:tryLock(231)) - Lock on /home/runner/work/ozone/ozone/hadoop-ozone/integration-test/target/test-dir/MiniOzoneClusterImpl-b3d396d2-53dd-4e8c-be8e-68e1d9cb948b/datanode-1/data/ratis/8816d293-a2c8-476d-b04f-ea647c2f701f/in_use.lock acquired by nodename 11092@fv-az167-289
2023-02-16 16:35:41,342 [pool-702-thread-1] INFO  storage.RaftStorage (RaftStorageImpl.java:format(96)) - Storage directory /home/runner/work/ozone/ozone/hadoop-ozone/integration-test/target/test-dir/MiniOzoneClusterImpl-b3d396d2-53dd-4e8c-be8e-68e1d9cb948b/datanode-1/data/ratis/8816d293-a2c8-476d-b04f-ea647c2f701f has been successfully formatted.
2023-02-16 16:35:41,342 [pool-702-thread-1] INFO  ratis.ContainerStateMachine (ContainerStateMachine.java:loadSnapshot(240)) - group-EA647C2F701F: The snapshot info is null. Setting the last applied indexto:(t:0, i:~)
2023-02-16 16:35:41,342 [pool-702-thread-1] INFO  server.RaftServerConfigKeys (ConfUtils.java:logGet(46)) - raft.server.log.use.memory = false (default)
2023-02-16 16:35:41,342 [pool-702-thread-1] INFO  server.RaftServerConfigKeys (ConfUtils.java:logGet(46)) - raft.server.log.purge.gap = 1000000 (custom)
2023-02-16 16:35:41,342 [pool-702-thread-1] INFO  server.RaftServerConfigKeys (ConfUtils.java:logGet(46)) - raft.server.log.appender.buffer.byte-limit = 33554432 (custom)
2023-02-16 16:35:41,342 [pool-702-thread-1] INFO  server.RaftServerConfigKeys (ConfUtils.java:logGet(46)) - raft.server.log.statemachine.data.read.timeout = 1000ms (default)
2023-02-16 16:35:41,342 [pool-702-thread-1] INFO  server.RaftServerConfigKeys (ConfUtils.java:logGet(46)) - raft.server.log.purge.preservation.log.num = 0 (default)
2023-02-16 16:35:41,343 [pool-702-thread-1] INFO  server.RaftServerConfigKeys (ConfUtils.java:logGet(46)) - raft.server.log.segment.size.max = 1048576 (custom)
2023-02-16 16:35:41,343 [pool-702-thread-1] INFO  server.RaftServerConfigKeys (ConfUtils.java:logGet(46)) - raft.server.log.segment.cache.num.max = 2 (custom)
2023-02-16 16:35:41,343 [pool-702-thread-1] INFO  server.RaftServerConfigKeys (ConfUtils.java:logGet(46)) - raft.server.log.segment.cache.size.max = 200MB (=209715200) (default)
2023-02-16 16:35:41,343 [pool-702-thread-1] INFO  segmented.SegmentedRaftLogWorker (SegmentedRaftLogWorker.java:<init>(189)) - new cfe669b9-663a-43f7-806f-76176ea695bf@group-EA647C2F701F-SegmentedRaftLogWorker for RaftStorageImpl:Storage Directory /home/runner/work/ozone/ozone/hadoop-ozone/integration-test/target/test-dir/MiniOzoneClusterImpl-b3d396d2-53dd-4e8c-be8e-68e1d9cb948b/datanode-1/data/ratis/8816d293-a2c8-476d-b04f-ea647c2f701f
2023-02-16 16:35:41,343 [pool-702-thread-1] INFO  server.RaftServerConfigKeys (ConfUtils.java:logGet(46)) - raft.server.log.queue.byte-limit = 4294967296 (custom)
2023-02-16 16:35:41,344 [pool-702-thread-1] INFO  server.RaftServerConfigKeys (ConfUtils.java:logGet(46)) - raft.server.log.queue.element-limit = 1024 (custom)
2023-02-16 16:35:41,344 [pool-702-thread-1] INFO  server.RaftServerConfigKeys (ConfUtils.java:logGet(46)) - raft.server.log.segment.size.max = 1048576 (custom)
2023-02-16 16:35:41,344 [pool-702-thread-1] INFO  server.RaftServerConfigKeys (ConfUtils.java:logGet(46)) - raft.server.log.preallocated.size = 16384 (custom)
2023-02-16 16:35:41,344 [pool-702-thread-1] INFO  server.RaftServerConfigKeys (ConfUtils.java:logGet(46)) - raft.server.log.force.sync.num = 128 (default)
2023-02-16 16:35:41,344 [pool-702-thread-1] INFO  server.RaftServerConfigKeys (ConfUtils.java:logGet(46)) - raft.server.log.statemachine.data.sync = true (default)
2023-02-16 16:35:41,344 [pool-702-thread-1] INFO  server.RaftServerConfigKeys (ConfUtils.java:logGet(46)) - raft.server.log.statemachine.data.sync.timeout = 10s (default)
2023-02-16 16:35:41,344 [pool-702-thread-1] INFO  server.RaftServerConfigKeys (ConfUtils.java:logGet(46)) - raft.server.log.statemachine.data.sync.timeout.retry = -1 (default)
2023-02-16 16:35:41,344 [pool-702-thread-1] INFO  server.RaftServerConfigKeys (ConfUtils.java:logGet(46)) - raft.server.log.write.buffer.size = 1048576 (custom)
2023-02-16 16:35:41,345 [pool-702-thread-1] INFO  server.RaftServerConfigKeys (ConfUtils.java:logGet(46)) - raft.server.log.appender.buffer.byte-limit = 33554432 (custom)
2023-02-16 16:35:41,349 [pool-702-thread-1] INFO  server.RaftServerConfigKeys (ConfUtils.java:logGet(46)) - raft.server.log.unsafe-flush.enabled = false (default)
2023-02-16 16:35:41,349 [pool-702-thread-1] INFO  server.RaftServerConfigKeys (ConfUtils.java:logGet(46)) - raft.server.log.async-flush.enabled = false (default)
2023-02-16 16:35:41,349 [pool-702-thread-1] INFO  server.RaftServerConfigKeys (ConfUtils.java:logGet(46)) - raft.server.log.statemachine.data.caching.enabled = true (custom)
2023-02-16 16:35:41,349 [pool-702-thread-1] INFO  segmented.SegmentedRaftLogWorker (SegmentedRaftLogWorker.java:lambda$new$0(135)) - cfe669b9-663a-43f7-806f-76176ea695bf@group-EA647C2F701F-SegmentedRaftLogWorker: flushIndex: setUnconditionally 0 -> -1
2023-02-16 16:35:41,349 [pool-702-thread-1] INFO  segmented.SegmentedRaftLogWorker (SegmentedRaftLogWorker.java:lambda$new$0(135)) - cfe669b9-663a-43f7-806f-76176ea695bf@group-EA647C2F701F-SegmentedRaftLogWorker: safeCacheEvictIndex: setUnconditionally 0 -> -1
2023-02-16 16:35:41,353 [pool-702-thread-1] INFO  server.RaftServer$Division (RaftServerImpl.java:start(334)) - cfe669b9-663a-43f7-806f-76176ea695bf@group-EA647C2F701F: start as a follower, conf=-1: peers:[cfe669b9-663a-43f7-806f-76176ea695bf|rpc:10.1.0.66:35191|dataStream:10.1.0.66:39659|priority:0|startupRole:FOLLOWER, 47c87cc4-760b-451b-b923-a7cd32ec4f45|rpc:10.1.0.66:45343|dataStream:10.1.0.66:38397|priority:0|startupRole:FOLLOWER, 832c6eac-c5e0-4404-a712-42768f90b279|rpc:10.1.0.66:39217|dataStream:10.1.0.66:39199|priority:1|startupRole:FOLLOWER]|listeners:[], old=null
2023-02-16 16:35:41,353 [pool-702-thread-1] INFO  server.RaftServer$Division (RaftServerImpl.java:setRole(321)) - cfe669b9-663a-43f7-806f-76176ea695bf@group-EA647C2F701F: changes role from      null to FOLLOWER at term 0 for startAsFollower
2023-02-16 16:35:41,353 [pool-702-thread-1] INFO  impl.RoleInfo (RoleInfo.java:updateAndGet(139)) - cfe669b9-663a-43f7-806f-76176ea695bf: start cfe669b9-663a-43f7-806f-76176ea695bf@group-EA647C2F701F-FollowerState
2023-02-16 16:35:41,357 [pool-702-thread-1] INFO  util.JmxRegister (JmxRegister.java:tryRegister(44)) - Successfully registered JMX Bean with object name Ratis:service=RaftServer,group=group-EA647C2F701F,id=cfe669b9-663a-43f7-806f-76176ea695bf
2023-02-16 16:35:41,358 [pool-702-thread-1] INFO  server.RaftServerConfigKeys (ConfUtils.java:logGet(46)) - raft.server.snapshot.auto.trigger.enabled = true (custom)
2023-02-16 16:35:41,358 [pool-702-thread-1] INFO  server.RaftServerConfigKeys (ConfUtils.java:logGet(46)) - raft.server.snapshot.auto.trigger.threshold = 10000 (custom)
2023-02-16 16:35:41,358 [pool-702-thread-1] INFO  server.RaftServerConfigKeys (ConfUtils.java:logGet(46)) - raft.server.snapshot.retention.file.num = 5 (custom)
2023-02-16 16:35:41,358 [pool-702-thread-1] INFO  server.RaftServerConfigKeys (ConfUtils.java:logGet(46)) - raft.server.log.purge.upto.snapshot.index = false (default)
2023-02-16 16:35:41,358 [cfe669b9-663a-43f7-806f-76176ea695bf@group-EA647C2F701F-FollowerState] INFO  server.RaftServerConfigKeys (ConfUtils.java:logFallback(53)) - raft.server.rpc.first-election.timeout.min = 5s (fallback to raft.server.rpc.timeout.min)
2023-02-16 16:35:41,358 [cfe669b9-663a-43f7-806f-76176ea695bf@group-EA647C2F701F-FollowerState] INFO  server.RaftServerConfigKeys (ConfUtils.java:logFallback(53)) - raft.server.rpc.first-election.timeout.max = 5200ms (fallback to raft.server.rpc.timeout.max)
2023-02-16 16:35:41,366 [Command processor thread] INFO  commandhandler.CreatePipelineCommandHandler (CreatePipelineCommandHandler.java:handle(113)) - Created Pipeline RATIS THREE PipelineID=8816d293-a2c8-476d-b04f-ea647c2f701f.
2023-02-16 16:35:41,532 [Command processor thread] INFO  server.RaftServer (RaftServerProxy.java:addNew(96)) - cfe669b9-663a-43f7-806f-76176ea695bf: addNew group-F2A48C9DB284:[cfe669b9-663a-43f7-806f-76176ea695bf|rpc:10.1.0.66:35191|dataStream:10.1.0.66:39659|priority:1|startupRole:FOLLOWER] returns group-F2A48C9DB284:java.util.concurrent.CompletableFuture@60752b40[Not completed]
2023-02-16 16:35:41,533 [pool-702-thread-1] INFO  server.RaftServer$Division (RaftServerImpl.java:<init>(195)) - cfe669b9-663a-43f7-806f-76176ea695bf: new RaftServerImpl for group-F2A48C9DB284:[cfe669b9-663a-43f7-806f-76176ea695bf|rpc:10.1.0.66:35191|dataStream:10.1.0.66:39659|priority:1|startupRole:FOLLOWER] with ContainerStateMachine:uninitialized
2023-02-16 16:35:41,533 [pool-702-thread-1] INFO  server.RaftServerConfigKeys (ConfUtils.java:logGet(46)) - raft.server.rpc.timeout.min = 5s (custom)
2023-02-16 16:35:41,533 [pool-702-thread-1] INFO  server.RaftServerConfigKeys (ConfUtils.java:logGet(46)) - raft.server.rpc.timeout.max = 5200ms (custom)
2023-02-16 16:35:41,533 [pool-702-thread-1] INFO  server.RaftServerConfigKeys (ConfUtils.java:logGet(46)) - raft.server.rpc.sleep.time = 25ms (default)
2023-02-16 16:35:41,533 [pool-702-thread-1] INFO  server.RaftServerConfigKeys (ConfUtils.java:logGet(46)) - raft.server.rpc.slowness.timeout = 300s (custom)
2023-02-16 16:35:41,533 [pool-702-thread-1] INFO  server.RaftServerConfigKeys (ConfUtils.java:logGet(46)) - raft.server.leaderelection.leader.step-down.wait-time = 10s (default)
2023-02-16 16:35:41,533 [pool-702-thread-1] INFO  server.RaftServerConfigKeys (ConfUtils.java:logGet(46)) - raft.server.sleep.deviation.threshold = 300ms (default)
2023-02-16 16:35:41,533 [pool-702-thread-1] INFO  server.RaftServer$Division (ServerState.java:<init>(118)) - cfe669b9-663a-43f7-806f-76176ea695bf@group-F2A48C9DB284: ConfigurationManager, init=-1: peers:[cfe669b9-663a-43f7-806f-76176ea695bf|rpc:10.1.0.66:35191|dataStream:10.1.0.66:39659|priority:1|startupRole:FOLLOWER]|listeners:[], old=null, confs=<EMPTY_MAP>
2023-02-16 16:35:41,533 [pool-702-thread-1] INFO  server.RaftServerConfigKeys (ConfUtils.java:logGet(46)) - raft.server.storage.dir = [/home/runner/work/ozone/ozone/hadoop-ozone/integration-test/target/test-dir/MiniOzoneClusterImpl-b3d396d2-53dd-4e8c-be8e-68e1d9cb948b/datanode-1/data/ratis] (custom)
2023-02-16 16:35:41,533 [pool-702-thread-1] INFO  server.RaftServerConfigKeys (ConfUtils.java:logGet(46)) - raft.server.log.corruption.policy = EXCEPTION (default)
2023-02-16 16:35:41,533 [pool-702-thread-1] INFO  server.RaftServerConfigKeys (ConfUtils.java:logGet(46)) - raft.server.storage.free-space.min = 0MB (=0) (default)
2023-02-16 16:35:41,533 [pool-702-thread-1] INFO  server.RaftServerConfigKeys (ConfUtils.java:logGet(46)) - raft.server.notification.no-leader.timeout = 300s (custom)
2023-02-16 16:35:41,533 [pool-702-thread-1] INFO  server.RaftServerConfigKeys (ConfUtils.java:logGet(46)) - raft.server.retrycache.expirytime = 600000ms (custom)
2023-02-16 16:35:41,533 [pool-702-thread-1] INFO  server.RaftServerConfigKeys (ConfUtils.java:logGet(46)) - raft.server.retrycache.statistics.expirytime = 100μs (default)
2023-02-16 16:35:41,534 [pool-702-thread-1] INFO  server.RaftServerConfigKeys (ConfUtils.java:logGet(46)) - raft.server.log.appender.install.snapshot.enabled = false (custom)
2023-02-16 16:35:41,534 [pool-702-thread-1] INFO  server.RaftServerConfigKeys (ConfUtils.java:logGet(46)) - raft.server.threadpool.server.cached = true (default)
2023-02-16 16:35:41,534 [pool-702-thread-1] INFO  server.RaftServerConfigKeys (ConfUtils.java:logGet(46)) - raft.server.threadpool.server.size = 0 (default)
2023-02-16 16:35:41,534 [pool-702-thread-1] INFO  server.RaftServerConfigKeys (ConfUtils.java:logGet(46)) - raft.server.threadpool.client.cached = true (default)
2023-02-16 16:35:41,534 [pool-702-thread-1] INFO  server.RaftServerConfigKeys (ConfUtils.java:logGet(46)) - raft.server.threadpool.client.size = 0 (default)
2023-02-16 16:35:41,534 [pool-702-thread-1] INFO  storage.RaftStorageDirectory (RaftStorageDirectoryImpl.java:analyzeStorage(137)) - The storage directory /home/runner/work/ozone/ozone/hadoop-ozone/integration-test/target/test-dir/MiniOzoneClusterImpl-b3d396d2-53dd-4e8c-be8e-68e1d9cb948b/datanode-1/data/ratis/9d69ff71-16a1-4a7d-adff-f2a48c9db284 does not exist. Creating ...
2023-02-16 16:35:41,535 [pool-702-thread-1] INFO  storage.RaftStorageDirectory (RaftStorageDirectoryImpl.java:tryLock(231)) - Lock on /home/runner/work/ozone/ozone/hadoop-ozone/integration-test/target/test-dir/MiniOzoneClusterImpl-b3d396d2-53dd-4e8c-be8e-68e1d9cb948b/datanode-1/data/ratis/9d69ff71-16a1-4a7d-adff-f2a48c9db284/in_use.lock acquired by nodename 11092@fv-az167-289
2023-02-16 16:35:41,536 [pool-702-thread-1] INFO  storage.RaftStorage (RaftStorageImpl.java:format(96)) - Storage directory /home/runner/work/ozone/ozone/hadoop-ozone/integration-test/target/test-dir/MiniOzoneClusterImpl-b3d396d2-53dd-4e8c-be8e-68e1d9cb948b/datanode-1/data/ratis/9d69ff71-16a1-4a7d-adff-f2a48c9db284 has been successfully formatted.
2023-02-16 16:35:41,536 [pool-702-thread-1] INFO  ratis.ContainerStateMachine (ContainerStateMachine.java:loadSnapshot(240)) - group-F2A48C9DB284: The snapshot info is null. Setting the last applied indexto:(t:0, i:~)
2023-02-16 16:35:41,536 [pool-702-thread-1] INFO  server.RaftServerConfigKeys (ConfUtils.java:logGet(46)) - raft.server.log.use.memory = false (default)
2023-02-16 16:35:41,536 [pool-702-thread-1] INFO  server.RaftServerConfigKeys (ConfUtils.java:logGet(46)) - raft.server.log.purge.gap = 1000000 (custom)
2023-02-16 16:35:41,536 [pool-702-thread-1] INFO  server.RaftServerConfigKeys (ConfUtils.java:logGet(46)) - raft.server.log.appender.buffer.byte-limit = 33554432 (custom)
2023-02-16 16:35:41,536 [pool-702-thread-1] INFO  server.RaftServerConfigKeys (ConfUtils.java:logGet(46)) - raft.server.log.statemachine.data.read.timeout = 1000ms (default)
2023-02-16 16:35:41,536 [pool-702-thread-1] INFO  server.RaftServerConfigKeys (ConfUtils.java:logGet(46)) - raft.server.log.purge.preservation.log.num = 0 (default)
2023-02-16 16:35:41,537 [EventQueue-PipelineReportForPipelineReportHandler] INFO  pipeline.PipelineManagerImpl (PipelineManagerImpl.java:openPipeline(367)) - Pipeline Pipeline[ Id: 9d69ff71-16a1-4a7d-adff-f2a48c9db284, Nodes: cfe669b9-663a-43f7-806f-76176ea695bf(fv-az167-289.21ktoceh2wee5fewwtpg1zd01g.bx.internal.cloudapp.net/10.1.0.66), ReplicationConfig: RATIS/ONE, State:ALLOCATED, leaderId:cfe669b9-663a-43f7-806f-76176ea695bf, CreationTimestamp2023-02-16T16:35:38.535Z[Etc/UTC]] moved to OPEN state
2023-02-16 16:35:41,537 [pool-702-thread-1] INFO  server.RaftServerConfigKeys (ConfUtils.java:logGet(46)) - raft.server.log.segment.size.max = 1048576 (custom)
2023-02-16 16:35:41,537 [EventQueue-OpenPipelineForHealthyPipelineSafeModeRule] INFO  safemode.SCMSafeModeManager (HealthyPipelineSafeModeRule.java:process(137)) - SCM in safe mode. Healthy pipelines reported count is 0, required healthy pipeline reported count is 1
2023-02-16 16:35:41,537 [pool-702-thread-1] INFO  server.RaftServerConfigKeys (ConfUtils.java:logGet(46)) - raft.server.log.segment.cache.num.max = 2 (custom)
2023-02-16 16:35:41,537 [pool-702-thread-1] INFO  server.RaftServerConfigKeys (ConfUtils.java:logGet(46)) - raft.server.log.segment.cache.size.max = 200MB (=209715200) (default)
2023-02-16 16:35:41,537 [pool-702-thread-1] INFO  segmented.SegmentedRaftLogWorker (SegmentedRaftLogWorker.java:<init>(189)) - new cfe669b9-663a-43f7-806f-76176ea695bf@group-F2A48C9DB284-SegmentedRaftLogWorker for RaftStorageImpl:Storage Directory /home/runner/work/ozone/ozone/hadoop-ozone/integration-test/target/test-dir/MiniOzoneClusterImpl-b3d396d2-53dd-4e8c-be8e-68e1d9cb948b/datanode-1/data/ratis/9d69ff71-16a1-4a7d-adff-f2a48c9db284
2023-02-16 16:35:41,537 [pool-702-thread-1] INFO  server.RaftServerConfigKeys (ConfUtils.java:logGet(46)) - raft.server.log.queue.byte-limit = 4294967296 (custom)
2023-02-16 16:35:41,537 [pool-702-thread-1] INFO  server.RaftServerConfigKeys (ConfUtils.java:logGet(46)) - raft.server.log.queue.element-limit = 1024 (custom)
2023-02-16 16:35:41,537 [pool-702-thread-1] INFO  server.RaftServerConfigKeys (ConfUtils.java:logGet(46)) - raft.server.log.segment.size.max = 1048576 (custom)
2023-02-16 16:35:41,537 [pool-702-thread-1] INFO  server.RaftServerConfigKeys (ConfUtils.java:logGet(46)) - raft.server.log.preallocated.size = 16384 (custom)
2023-02-16 16:35:41,538 [pool-702-thread-1] INFO  server.RaftServerConfigKeys (ConfUtils.java:logGet(46)) - raft.server.log.force.sync.num = 128 (default)
2023-02-16 16:35:41,538 [pool-702-thread-1] INFO  server.RaftServerConfigKeys (ConfUtils.java:logGet(46)) - raft.server.log.statemachine.data.sync = true (default)
2023-02-16 16:35:41,538 [pool-702-thread-1] INFO  server.RaftServerConfigKeys (ConfUtils.java:logGet(46)) - raft.server.log.statemachine.data.sync.timeout = 10s (default)
2023-02-16 16:35:41,538 [pool-702-thread-1] INFO  server.RaftServerConfigKeys (ConfUtils.java:logGet(46)) - raft.server.log.statemachine.data.sync.timeout.retry = -1 (default)
2023-02-16 16:35:41,539 [pool-702-thread-1] INFO  server.RaftServerConfigKeys (ConfUtils.java:logGet(46)) - raft.server.log.write.buffer.size = 1048576 (custom)
2023-02-16 16:35:41,540 [pool-702-thread-1] INFO  server.RaftServerConfigKeys (ConfUtils.java:logGet(46)) - raft.server.log.appender.buffer.byte-limit = 33554432 (custom)
2023-02-16 16:35:41,545 [pool-702-thread-1] INFO  server.RaftServerConfigKeys (ConfUtils.java:logGet(46)) - raft.server.log.unsafe-flush.enabled = false (default)
2023-02-16 16:35:41,545 [pool-702-thread-1] INFO  server.RaftServerConfigKeys (ConfUtils.java:logGet(46)) - raft.server.log.async-flush.enabled = false (default)
2023-02-16 16:35:41,545 [pool-702-thread-1] INFO  server.RaftServerConfigKeys (ConfUtils.java:logGet(46)) - raft.server.log.statemachine.data.caching.enabled = true (custom)
2023-02-16 16:35:41,545 [pool-702-thread-1] INFO  segmented.SegmentedRaftLogWorker (SegmentedRaftLogWorker.java:lambda$new$0(135)) - cfe669b9-663a-43f7-806f-76176ea695bf@group-F2A48C9DB284-SegmentedRaftLogWorker: flushIndex: setUnconditionally 0 -> -1
2023-02-16 16:35:41,545 [pool-702-thread-1] INFO  segmented.SegmentedRaftLogWorker (SegmentedRaftLogWorker.java:lambda$new$0(135)) - cfe669b9-663a-43f7-806f-76176ea695bf@group-F2A48C9DB284-SegmentedRaftLogWorker: safeCacheEvictIndex: setUnconditionally 0 -> -1
2023-02-16 16:35:41,551 [pool-702-thread-1] INFO  server.RaftServer$Division (RaftServerImpl.java:start(334)) - cfe669b9-663a-43f7-806f-76176ea695bf@group-F2A48C9DB284: start as a follower, conf=-1: peers:[cfe669b9-663a-43f7-806f-76176ea695bf|rpc:10.1.0.66:35191|dataStream:10.1.0.66:39659|priority:1|startupRole:FOLLOWER]|listeners:[], old=null
2023-02-16 16:35:41,551 [pool-702-thread-1] INFO  server.RaftServer$Division (RaftServerImpl.java:setRole(321)) - cfe669b9-663a-43f7-806f-76176ea695bf@group-F2A48C9DB284: changes role from      null to FOLLOWER at term 0 for startAsFollower
2023-02-16 16:35:41,551 [pool-702-thread-1] INFO  impl.RoleInfo (RoleInfo.java:updateAndGet(139)) - cfe669b9-663a-43f7-806f-76176ea695bf: start cfe669b9-663a-43f7-806f-76176ea695bf@group-F2A48C9DB284-FollowerState
2023-02-16 16:35:41,553 [Listener at 127.0.0.1/38619] INFO  ozone.MiniOzoneClusterImpl (MiniOzoneClusterImpl.java:lambda$waitForClusterToBeReady$0(218)) - Nodes are ready. Got 5 of 5 DN Heartbeats.
2023-02-16 16:35:41,554 [Listener at 127.0.0.1/38619] INFO  ozone.MiniOzoneClusterImpl (MiniOzoneClusterImpl.java:lambda$waitForClusterToBeReady$0(221)) - Waiting for cluster to exit safe mode
2023-02-16 16:35:41,554 [Listener at 127.0.0.1/38619] INFO  ozone.MiniOzoneClusterImpl (MiniOzoneClusterImpl.java:lambda$waitForClusterToBeReady$0(223)) - SCM became leader
2023-02-16 16:35:41,561 [pool-702-thread-1] INFO  util.JmxRegister (JmxRegister.java:tryRegister(44)) - Successfully registered JMX Bean with object name Ratis:service=RaftServer,group=group-F2A48C9DB284,id=cfe669b9-663a-43f7-806f-76176ea695bf
2023-02-16 16:35:41,561 [pool-702-thread-1] INFO  server.RaftServerConfigKeys (ConfUtils.java:logGet(46)) - raft.server.snapshot.auto.trigger.enabled = true (custom)
2023-02-16 16:35:41,561 [pool-702-thread-1] INFO  server.RaftServerConfigKeys (ConfUtils.java:logGet(46)) - raft.server.snapshot.auto.trigger.threshold = 10000 (custom)
2023-02-16 16:35:41,561 [pool-702-thread-1] INFO  server.RaftServerConfigKeys (ConfUtils.java:logGet(46)) - raft.server.snapshot.retention.file.num = 5 (custom)
2023-02-16 16:35:41,561 [pool-702-thread-1] INFO  server.RaftServerConfigKeys (ConfUtils.java:logGet(46)) - raft.server.log.purge.upto.snapshot.index = false (default)
2023-02-16 16:35:41,561 [cfe669b9-663a-43f7-806f-76176ea695bf@group-F2A48C9DB284-FollowerState] INFO  server.RaftServerConfigKeys (ConfUtils.java:logFallback(53)) - raft.server.rpc.first-election.timeout.min = 5s (fallback to raft.server.rpc.timeout.min)
2023-02-16 16:35:41,561 [cfe669b9-663a-43f7-806f-76176ea695bf@group-F2A48C9DB284-FollowerState] INFO  server.RaftServerConfigKeys (ConfUtils.java:logFallback(53)) - raft.server.rpc.first-election.timeout.max = 5200ms (fallback to raft.server.rpc.timeout.max)
2023-02-16 16:35:41,563 [Command processor thread] INFO  ratis.XceiverServerRatis (XceiverServerRatis.java:addGroup(807)) - Created group PipelineID=9d69ff71-16a1-4a7d-adff-f2a48c9db284
2023-02-16 16:35:41,563 [Command processor thread] INFO  commandhandler.CreatePipelineCommandHandler (CreatePipelineCommandHandler.java:handle(113)) - Created Pipeline RATIS ONE PipelineID=9d69ff71-16a1-4a7d-adff-f2a48c9db284.
2023-02-16 16:35:41,868 [Command processor thread] INFO  server.RaftServer (RaftServerProxy.java:addNew(96)) - 47c87cc4-760b-451b-b923-a7cd32ec4f45: addNew group-BE9661C1B110:[47c87cc4-760b-451b-b923-a7cd32ec4f45|rpc:10.1.0.66:45343|dataStream:10.1.0.66:38397|priority:1|startupRole:FOLLOWER] returns group-BE9661C1B110:java.util.concurrent.CompletableFuture@3cb3f0d9[Not completed]
2023-02-16 16:35:41,869 [pool-724-thread-1] INFO  server.RaftServer$Division (RaftServerImpl.java:<init>(195)) - 47c87cc4-760b-451b-b923-a7cd32ec4f45: new RaftServerImpl for group-BE9661C1B110:[47c87cc4-760b-451b-b923-a7cd32ec4f45|rpc:10.1.0.66:45343|dataStream:10.1.0.66:38397|priority:1|startupRole:FOLLOWER] with ContainerStateMachine:uninitialized
2023-02-16 16:35:41,869 [pool-724-thread-1] INFO  server.RaftServerConfigKeys (ConfUtils.java:logGet(46)) - raft.server.rpc.timeout.min = 5s (custom)
2023-02-16 16:35:41,869 [pool-724-thread-1] INFO  server.RaftServerConfigKeys (ConfUtils.java:logGet(46)) - raft.server.rpc.timeout.max = 5200ms (custom)
2023-02-16 16:35:41,869 [pool-724-thread-1] INFO  server.RaftServerConfigKeys (ConfUtils.java:logGet(46)) - raft.server.rpc.sleep.time = 25ms (default)
2023-02-16 16:35:41,869 [pool-724-thread-1] INFO  server.RaftServerConfigKeys (ConfUtils.java:logGet(46)) - raft.server.rpc.slowness.timeout = 300s (custom)
2023-02-16 16:35:41,869 [pool-724-thread-1] INFO  server.RaftServerConfigKeys (ConfUtils.java:logGet(46)) - raft.server.leaderelection.leader.step-down.wait-time = 10s (default)
2023-02-16 16:35:41,869 [pool-724-thread-1] INFO  server.RaftServerConfigKeys (ConfUtils.java:logGet(46)) - raft.server.sleep.deviation.threshold = 300ms (default)
2023-02-16 16:35:41,869 [pool-724-thread-1] INFO  server.RaftServer$Division (ServerState.java:<init>(118)) - 47c87cc4-760b-451b-b923-a7cd32ec4f45@group-BE9661C1B110: ConfigurationManager, init=-1: peers:[47c87cc4-760b-451b-b923-a7cd32ec4f45|rpc:10.1.0.66:45343|dataStream:10.1.0.66:38397|priority:1|startupRole:FOLLOWER]|listeners:[], old=null, confs=<EMPTY_MAP>
2023-02-16 16:35:41,869 [pool-724-thread-1] INFO  server.RaftServerConfigKeys (ConfUtils.java:logGet(46)) - raft.server.storage.dir = [/home/runner/work/ozone/ozone/hadoop-ozone/integration-test/target/test-dir/MiniOzoneClusterImpl-b3d396d2-53dd-4e8c-be8e-68e1d9cb948b/datanode-2/data/ratis] (custom)
2023-02-16 16:35:41,869 [pool-724-thread-1] INFO  server.RaftServerConfigKeys (ConfUtils.java:logGet(46)) - raft.server.log.corruption.policy = EXCEPTION (default)
2023-02-16 16:35:41,869 [pool-724-thread-1] INFO  server.RaftServerConfigKeys (ConfUtils.java:logGet(46)) - raft.server.storage.free-space.min = 0MB (=0) (default)
2023-02-16 16:35:41,869 [pool-724-thread-1] INFO  server.RaftServerConfigKeys (ConfUtils.java:logGet(46)) - raft.server.notification.no-leader.timeout = 300s (custom)
2023-02-16 16:35:41,870 [pool-724-thread-1] INFO  server.RaftServerConfigKeys (ConfUtils.java:logGet(46)) - raft.server.retrycache.expirytime = 600000ms (custom)
2023-02-16 16:35:41,870 [pool-724-thread-1] INFO  server.RaftServerConfigKeys (ConfUtils.java:logGet(46)) - raft.server.retrycache.statistics.expirytime = 100μs (default)
2023-02-16 16:35:41,870 [pool-724-thread-1] INFO  server.RaftServerConfigKeys (ConfUtils.java:logGet(46)) - raft.server.log.appender.install.snapshot.enabled = false (custom)
2023-02-16 16:35:41,870 [pool-724-thread-1] INFO  server.RaftServerConfigKeys (ConfUtils.java:logGet(46)) - raft.server.threadpool.server.cached = true (default)
2023-02-16 16:35:41,870 [pool-724-thread-1] INFO  server.RaftServerConfigKeys (ConfUtils.java:logGet(46)) - raft.server.threadpool.server.size = 0 (default)
2023-02-16 16:35:41,870 [pool-724-thread-1] INFO  server.RaftServerConfigKeys (ConfUtils.java:logGet(46)) - raft.server.threadpool.client.cached = true (default)
2023-02-16 16:35:41,870 [pool-724-thread-1] INFO  server.RaftServerConfigKeys (ConfUtils.java:logGet(46)) - raft.server.threadpool.client.size = 0 (default)
2023-02-16 16:35:41,870 [pool-724-thread-1] INFO  storage.RaftStorageDirectory (RaftStorageDirectoryImpl.java:analyzeStorage(137)) - The storage directory /home/runner/work/ozone/ozone/hadoop-ozone/integration-test/target/test-dir/MiniOzoneClusterImpl-b3d396d2-53dd-4e8c-be8e-68e1d9cb948b/datanode-2/data/ratis/06b1d083-a15b-4cf8-ba17-be9661c1b110 does not exist. Creating ...
2023-02-16 16:35:41,871 [pool-724-thread-1] INFO  storage.RaftStorageDirectory (RaftStorageDirectoryImpl.java:tryLock(231)) - Lock on /home/runner/work/ozone/ozone/hadoop-ozone/integration-test/target/test-dir/MiniOzoneClusterImpl-b3d396d2-53dd-4e8c-be8e-68e1d9cb948b/datanode-2/data/ratis/06b1d083-a15b-4cf8-ba17-be9661c1b110/in_use.lock acquired by nodename 11092@fv-az167-289
2023-02-16 16:35:41,872 [pool-724-thread-1] INFO  storage.RaftStorage (RaftStorageImpl.java:format(96)) - Storage directory /home/runner/work/ozone/ozone/hadoop-ozone/integration-test/target/test-dir/MiniOzoneClusterImpl-b3d396d2-53dd-4e8c-be8e-68e1d9cb948b/datanode-2/data/ratis/06b1d083-a15b-4cf8-ba17-be9661c1b110 has been successfully formatted.
2023-02-16 16:35:41,873 [pool-724-thread-1] INFO  ratis.ContainerStateMachine (ContainerStateMachine.java:loadSnapshot(240)) - group-BE9661C1B110: The snapshot info is null. Setting the last applied indexto:(t:0, i:~)
2023-02-16 16:35:41,873 [pool-724-thread-1] INFO  server.RaftServerConfigKeys (ConfUtils.java:logGet(46)) - raft.server.log.use.memory = false (default)
2023-02-16 16:35:41,873 [pool-724-thread-1] INFO  server.RaftServerConfigKeys (ConfUtils.java:logGet(46)) - raft.server.log.purge.gap = 1000000 (custom)
2023-02-16 16:35:41,873 [pool-724-thread-1] INFO  server.RaftServerConfigKeys (ConfUtils.java:logGet(46)) - raft.server.log.appender.buffer.byte-limit = 33554432 (custom)
2023-02-16 16:35:41,873 [pool-724-thread-1] INFO  server.RaftServerConfigKeys (ConfUtils.java:logGet(46)) - raft.server.log.statemachine.data.read.timeout = 1000ms (default)
2023-02-16 16:35:41,873 [pool-724-thread-1] INFO  server.RaftServerConfigKeys (ConfUtils.java:logGet(46)) - raft.server.log.purge.preservation.log.num = 0 (default)
2023-02-16 16:35:41,874 [EventQueue-PipelineReportForPipelineReportHandler] INFO  pipeline.PipelineManagerImpl (PipelineManagerImpl.java:openPipeline(367)) - Pipeline Pipeline[ Id: 06b1d083-a15b-4cf8-ba17-be9661c1b110, Nodes: 47c87cc4-760b-451b-b923-a7cd32ec4f45(fv-az167-289.21ktoceh2wee5fewwtpg1zd01g.bx.internal.cloudapp.net/10.1.0.66), ReplicationConfig: RATIS/ONE, State:ALLOCATED, leaderId:47c87cc4-760b-451b-b923-a7cd32ec4f45, CreationTimestamp2023-02-16T16:35:38.869Z[Etc/UTC]] moved to OPEN state
2023-02-16 16:35:41,874 [EventQueue-OpenPipelineForHealthyPipelineSafeModeRule] INFO  safemode.SCMSafeModeManager (HealthyPipelineSafeModeRule.java:process(137)) - SCM in safe mode. Healthy pipelines reported count is 0, required healthy pipeline reported count is 1
2023-02-16 16:35:41,875 [pool-724-thread-1] INFO  server.RaftServerConfigKeys (ConfUtils.java:logGet(46)) - raft.server.log.segment.size.max = 1048576 (custom)
2023-02-16 16:35:41,875 [pool-724-thread-1] INFO  server.RaftServerConfigKeys (ConfUtils.java:logGet(46)) - raft.server.log.segment.cache.num.max = 2 (custom)
2023-02-16 16:35:41,875 [pool-724-thread-1] INFO  server.RaftServerConfigKeys (ConfUtils.java:logGet(46)) - raft.server.log.segment.cache.size.max = 200MB (=209715200) (default)
2023-02-16 16:35:41,875 [pool-724-thread-1] INFO  segmented.SegmentedRaftLogWorker (SegmentedRaftLogWorker.java:<init>(189)) - new 47c87cc4-760b-451b-b923-a7cd32ec4f45@group-BE9661C1B110-SegmentedRaftLogWorker for RaftStorageImpl:Storage Directory /home/runner/work/ozone/ozone/hadoop-ozone/integration-test/target/test-dir/MiniOzoneClusterImpl-b3d396d2-53dd-4e8c-be8e-68e1d9cb948b/datanode-2/data/ratis/06b1d083-a15b-4cf8-ba17-be9661c1b110
2023-02-16 16:35:41,875 [pool-724-thread-1] INFO  server.RaftServerConfigKeys (ConfUtils.java:logGet(46)) - raft.server.log.queue.byte-limit = 4294967296 (custom)
2023-02-16 16:35:41,875 [pool-724-thread-1] INFO  server.RaftServerConfigKeys (ConfUtils.java:logGet(46)) - raft.server.log.queue.element-limit = 1024 (custom)
2023-02-16 16:35:41,875 [pool-724-thread-1] INFO  server.RaftServerConfigKeys (ConfUtils.java:logGet(46)) - raft.server.log.segment.size.max = 1048576 (custom)
2023-02-16 16:35:41,875 [pool-724-thread-1] INFO  server.RaftServerConfigKeys (ConfUtils.java:logGet(46)) - raft.server.log.preallocated.size = 16384 (custom)
2023-02-16 16:35:41,875 [pool-724-thread-1] INFO  server.RaftServerConfigKeys (ConfUtils.java:logGet(46)) - raft.server.log.force.sync.num = 128 (default)
2023-02-16 16:35:41,875 [pool-724-thread-1] INFO  server.RaftServerConfigKeys (ConfUtils.java:logGet(46)) - raft.server.log.statemachine.data.sync = true (default)
2023-02-16 16:35:41,875 [pool-724-thread-1] INFO  server.RaftServerConfigKeys (ConfUtils.java:logGet(46)) - raft.server.log.statemachine.data.sync.timeout = 10s (default)
2023-02-16 16:35:41,875 [pool-724-thread-1] INFO  server.RaftServerConfigKeys (ConfUtils.java:logGet(46)) - raft.server.log.statemachine.data.sync.timeout.retry = -1 (default)
2023-02-16 16:35:41,876 [pool-724-thread-1] INFO  server.RaftServerConfigKeys (ConfUtils.java:logGet(46)) - raft.server.log.write.buffer.size = 1048576 (custom)
2023-02-16 16:35:41,876 [pool-724-thread-1] INFO  server.RaftServerConfigKeys (ConfUtils.java:logGet(46)) - raft.server.log.appender.buffer.byte-limit = 33554432 (custom)
2023-02-16 16:35:41,879 [pool-724-thread-1] INFO  server.RaftServerConfigKeys (ConfUtils.java:logGet(46)) - raft.server.log.unsafe-flush.enabled = false (default)
2023-02-16 16:35:41,879 [pool-724-thread-1] INFO  server.RaftServerConfigKeys (ConfUtils.java:logGet(46)) - raft.server.log.async-flush.enabled = false (default)
2023-02-16 16:35:41,879 [pool-724-thread-1] INFO  server.RaftServerConfigKeys (ConfUtils.java:logGet(46)) - raft.server.log.statemachine.data.caching.enabled = true (custom)
2023-02-16 16:35:41,879 [pool-724-thread-1] INFO  segmented.SegmentedRaftLogWorker (SegmentedRaftLogWorker.java:lambda$new$0(135)) - 47c87cc4-760b-451b-b923-a7cd32ec4f45@group-BE9661C1B110-SegmentedRaftLogWorker: flushIndex: setUnconditionally 0 -> -1
2023-02-16 16:35:41,879 [pool-724-thread-1] INFO  segmented.SegmentedRaftLogWorker (SegmentedRaftLogWorker.java:lambda$new$0(135)) - 47c87cc4-760b-451b-b923-a7cd32ec4f45@group-BE9661C1B110-SegmentedRaftLogWorker: safeCacheEvictIndex: setUnconditionally 0 -> -1
2023-02-16 16:35:41,879 [pool-724-thread-1] INFO  server.RaftServer$Division (RaftServerImpl.java:start(334)) - 47c87cc4-760b-451b-b923-a7cd32ec4f45@group-BE9661C1B110: start as a follower, conf=-1: peers:[47c87cc4-760b-451b-b923-a7cd32ec4f45|rpc:10.1.0.66:45343|dataStream:10.1.0.66:38397|priority:1|startupRole:FOLLOWER]|listeners:[], old=null
2023-02-16 16:35:41,879 [pool-724-thread-1] INFO  server.RaftServer$Division (RaftServerImpl.java:setRole(321)) - 47c87cc4-760b-451b-b923-a7cd32ec4f45@group-BE9661C1B110: changes role from      null to FOLLOWER at term 0 for startAsFollower
2023-02-16 16:35:41,879 [pool-724-thread-1] INFO  impl.RoleInfo (RoleInfo.java:updateAndGet(139)) - 47c87cc4-760b-451b-b923-a7cd32ec4f45: start 47c87cc4-760b-451b-b923-a7cd32ec4f45@group-BE9661C1B110-FollowerState
2023-02-16 16:35:41,879 [pool-724-thread-1] INFO  util.JmxRegister (JmxRegister.java:tryRegister(44)) - Successfully registered JMX Bean with object name Ratis:service=RaftServer,group=group-BE9661C1B110,id=47c87cc4-760b-451b-b923-a7cd32ec4f45
2023-02-16 16:35:41,879 [47c87cc4-760b-451b-b923-a7cd32ec4f45@group-BE9661C1B110-FollowerState] INFO  server.RaftServerConfigKeys (ConfUtils.java:logFallback(53)) - raft.server.rpc.first-election.timeout.min = 5s (fallback to raft.server.rpc.timeout.min)
2023-02-16 16:35:41,879 [pool-724-thread-1] INFO  server.RaftServerConfigKeys (ConfUtils.java:logGet(46)) - raft.server.snapshot.auto.trigger.enabled = true (custom)
2023-02-16 16:35:41,879 [47c87cc4-760b-451b-b923-a7cd32ec4f45@group-BE9661C1B110-FollowerState] INFO  server.RaftServerConfigKeys (ConfUtils.java:logFallback(53)) - raft.server.rpc.first-election.timeout.max = 5200ms (fallback to raft.server.rpc.timeout.max)
2023-02-16 16:35:41,879 [pool-724-thread-1] INFO  server.RaftServerConfigKeys (ConfUtils.java:logGet(46)) - raft.server.snapshot.auto.trigger.threshold = 10000 (custom)
2023-02-16 16:35:41,879 [pool-724-thread-1] INFO  server.RaftServerConfigKeys (ConfUtils.java:logGet(46)) - raft.server.snapshot.retention.file.num = 5 (custom)
2023-02-16 16:35:41,880 [pool-724-thread-1] INFO  server.RaftServerConfigKeys (ConfUtils.java:logGet(46)) - raft.server.log.purge.upto.snapshot.index = false (default)
2023-02-16 16:35:41,880 [Command processor thread] INFO  ratis.XceiverServerRatis (XceiverServerRatis.java:addGroup(807)) - Created group PipelineID=06b1d083-a15b-4cf8-ba17-be9661c1b110
2023-02-16 16:35:41,880 [Command processor thread] INFO  commandhandler.CreatePipelineCommandHandler (CreatePipelineCommandHandler.java:handle(113)) - Created Pipeline RATIS ONE PipelineID=06b1d083-a15b-4cf8-ba17-be9661c1b110.
2023-02-16 16:35:42,189 [Command processor thread] INFO  server.RaftServer (RaftServerProxy.java:addNew(96)) - 00740072-767d-495a-9267-65b6e3e6d7e7: addNew group-33EA1F0FA0AF:[00740072-767d-495a-9267-65b6e3e6d7e7|rpc:10.1.0.66:43221|dataStream:10.1.0.66:35451|priority:1|startupRole:FOLLOWER] returns group-33EA1F0FA0AF:java.util.concurrent.CompletableFuture@639ca945[Not completed]
2023-02-16 16:35:42,191 [pool-746-thread-1] INFO  server.RaftServer$Division (RaftServerImpl.java:<init>(195)) - 00740072-767d-495a-9267-65b6e3e6d7e7: new RaftServerImpl for group-33EA1F0FA0AF:[00740072-767d-495a-9267-65b6e3e6d7e7|rpc:10.1.0.66:43221|dataStream:10.1.0.66:35451|priority:1|startupRole:FOLLOWER] with ContainerStateMachine:uninitialized
2023-02-16 16:35:42,191 [pool-746-thread-1] INFO  server.RaftServerConfigKeys (ConfUtils.java:logGet(46)) - raft.server.rpc.timeout.min = 5s (custom)
2023-02-16 16:35:42,191 [pool-746-thread-1] INFO  server.RaftServerConfigKeys (ConfUtils.java:logGet(46)) - raft.server.rpc.timeout.max = 5200ms (custom)
2023-02-16 16:35:42,191 [pool-746-thread-1] INFO  server.RaftServerConfigKeys (ConfUtils.java:logGet(46)) - raft.server.rpc.sleep.time = 25ms (default)
2023-02-16 16:35:42,191 [pool-746-thread-1] INFO  server.RaftServerConfigKeys (ConfUtils.java:logGet(46)) - raft.server.rpc.slowness.timeout = 300s (custom)
2023-02-16 16:35:42,191 [pool-746-thread-1] INFO  server.RaftServerConfigKeys (ConfUtils.java:logGet(46)) - raft.server.leaderelection.leader.step-down.wait-time = 10s (default)
2023-02-16 16:35:42,191 [pool-746-thread-1] INFO  server.RaftServerConfigKeys (ConfUtils.java:logGet(46)) - raft.server.sleep.deviation.threshold = 300ms (default)
2023-02-16 16:35:42,191 [pool-746-thread-1] INFO  server.RaftServer$Division (ServerState.java:<init>(118)) - 00740072-767d-495a-9267-65b6e3e6d7e7@group-33EA1F0FA0AF: ConfigurationManager, init=-1: peers:[00740072-767d-495a-9267-65b6e3e6d7e7|rpc:10.1.0.66:43221|dataStream:10.1.0.66:35451|priority:1|startupRole:FOLLOWER]|listeners:[], old=null, confs=<EMPTY_MAP>
2023-02-16 16:35:42,191 [pool-746-thread-1] INFO  server.RaftServerConfigKeys (ConfUtils.java:logGet(46)) - raft.server.storage.dir = [/home/runner/work/ozone/ozone/hadoop-ozone/integration-test/target/test-dir/MiniOzoneClusterImpl-b3d396d2-53dd-4e8c-be8e-68e1d9cb948b/datanode-3/data/ratis] (custom)
2023-02-16 16:35:42,191 [pool-746-thread-1] INFO  server.RaftServerConfigKeys (ConfUtils.java:logGet(46)) - raft.server.log.corruption.policy = EXCEPTION (default)
2023-02-16 16:35:42,191 [pool-746-thread-1] INFO  server.RaftServerConfigKeys (ConfUtils.java:logGet(46)) - raft.server.storage.free-space.min = 0MB (=0) (default)
2023-02-16 16:35:42,191 [pool-746-thread-1] INFO  server.RaftServerConfigKeys (ConfUtils.java:logGet(46)) - raft.server.notification.no-leader.timeout = 300s (custom)
2023-02-16 16:35:42,191 [pool-746-thread-1] INFO  server.RaftServerConfigKeys (ConfUtils.java:logGet(46)) - raft.server.retrycache.expirytime = 600000ms (custom)
2023-02-16 16:35:42,191 [pool-746-thread-1] INFO  server.RaftServerConfigKeys (ConfUtils.java:logGet(46)) - raft.server.retrycache.statistics.expirytime = 100μs (default)
2023-02-16 16:35:42,192 [pool-746-thread-1] INFO  server.RaftServerConfigKeys (ConfUtils.java:logGet(46)) - raft.server.log.appender.install.snapshot.enabled = false (custom)
2023-02-16 16:35:42,192 [pool-746-thread-1] INFO  server.RaftServerConfigKeys (ConfUtils.java:logGet(46)) - raft.server.threadpool.server.cached = true (default)
2023-02-16 16:35:42,192 [pool-746-thread-1] INFO  server.RaftServerConfigKeys (ConfUtils.java:logGet(46)) - raft.server.threadpool.server.size = 0 (default)
2023-02-16 16:35:42,192 [pool-746-thread-1] INFO  server.RaftServerConfigKeys (ConfUtils.java:logGet(46)) - raft.server.threadpool.client.cached = true (default)
2023-02-16 16:35:42,192 [pool-746-thread-1] INFO  server.RaftServerConfigKeys (ConfUtils.java:logGet(46)) - raft.server.threadpool.client.size = 0 (default)
2023-02-16 16:35:42,192 [pool-746-thread-1] INFO  storage.RaftStorageDirectory (RaftStorageDirectoryImpl.java:analyzeStorage(137)) - The storage directory /home/runner/work/ozone/ozone/hadoop-ozone/integration-test/target/test-dir/MiniOzoneClusterImpl-b3d396d2-53dd-4e8c-be8e-68e1d9cb948b/datanode-3/data/ratis/e4d9cd4a-7bbe-4c1c-98b6-33ea1f0fa0af does not exist. Creating ...
2023-02-16 16:35:42,193 [pool-746-thread-1] INFO  storage.RaftStorageDirectory (RaftStorageDirectoryImpl.java:tryLock(231)) - Lock on /home/runner/work/ozone/ozone/hadoop-ozone/integration-test/target/test-dir/MiniOzoneClusterImpl-b3d396d2-53dd-4e8c-be8e-68e1d9cb948b/datanode-3/data/ratis/e4d9cd4a-7bbe-4c1c-98b6-33ea1f0fa0af/in_use.lock acquired by nodename 11092@fv-az167-289
2023-02-16 16:35:42,195 [pool-746-thread-1] INFO  storage.RaftStorage (RaftStorageImpl.java:format(96)) - Storage directory /home/runner/work/ozone/ozone/hadoop-ozone/integration-test/target/test-dir/MiniOzoneClusterImpl-b3d396d2-53dd-4e8c-be8e-68e1d9cb948b/datanode-3/data/ratis/e4d9cd4a-7bbe-4c1c-98b6-33ea1f0fa0af has been successfully formatted.
2023-02-16 16:35:42,196 [pool-746-thread-1] INFO  ratis.ContainerStateMachine (ContainerStateMachine.java:loadSnapshot(240)) - group-33EA1F0FA0AF: The snapshot info is null. Setting the last applied indexto:(t:0, i:~)
2023-02-16 16:35:42,196 [pool-746-thread-1] INFO  server.RaftServerConfigKeys (ConfUtils.java:logGet(46)) - raft.server.log.use.memory = false (default)
2023-02-16 16:35:42,196 [pool-746-thread-1] INFO  server.RaftServerConfigKeys (ConfUtils.java:logGet(46)) - raft.server.log.purge.gap = 1000000 (custom)
2023-02-16 16:35:42,196 [pool-746-thread-1] INFO  server.RaftServerConfigKeys (ConfUtils.java:logGet(46)) - raft.server.log.appender.buffer.byte-limit = 33554432 (custom)
2023-02-16 16:35:42,197 [EventQueue-PipelineReportForPipelineReportHandler] INFO  pipeline.PipelineManagerImpl (PipelineManagerImpl.java:openPipeline(367)) - Pipeline Pipeline[ Id: e4d9cd4a-7bbe-4c1c-98b6-33ea1f0fa0af, Nodes: 00740072-767d-495a-9267-65b6e3e6d7e7(fv-az167-289.21ktoceh2wee5fewwtpg1zd01g.bx.internal.cloudapp.net/10.1.0.66), ReplicationConfig: RATIS/ONE, State:ALLOCATED, leaderId:00740072-767d-495a-9267-65b6e3e6d7e7, CreationTimestamp2023-02-16T16:35:39.191Z[Etc/UTC]] moved to OPEN state
2023-02-16 16:35:42,197 [pool-746-thread-1] INFO  server.RaftServerConfigKeys (ConfUtils.java:logGet(46)) - raft.server.log.statemachine.data.read.timeout = 1000ms (default)
2023-02-16 16:35:42,197 [pool-746-thread-1] INFO  server.RaftServerConfigKeys (ConfUtils.java:logGet(46)) - raft.server.log.purge.preservation.log.num = 0 (default)
2023-02-16 16:35:42,197 [pool-746-thread-1] INFO  server.RaftServerConfigKeys (ConfUtils.java:logGet(46)) - raft.server.log.segment.size.max = 1048576 (custom)
2023-02-16 16:35:42,197 [EventQueue-OpenPipelineForHealthyPipelineSafeModeRule] INFO  safemode.SCMSafeModeManager (HealthyPipelineSafeModeRule.java:process(137)) - SCM in safe mode. Healthy pipelines reported count is 0, required healthy pipeline reported count is 1
2023-02-16 16:35:42,197 [pool-746-thread-1] INFO  server.RaftServerConfigKeys (ConfUtils.java:logGet(46)) - raft.server.log.segment.cache.num.max = 2 (custom)
2023-02-16 16:35:42,197 [pool-746-thread-1] INFO  server.RaftServerConfigKeys (ConfUtils.java:logGet(46)) - raft.server.log.segment.cache.size.max = 200MB (=209715200) (default)
2023-02-16 16:35:42,197 [pool-746-thread-1] INFO  segmented.SegmentedRaftLogWorker (SegmentedRaftLogWorker.java:<init>(189)) - new 00740072-767d-495a-9267-65b6e3e6d7e7@group-33EA1F0FA0AF-SegmentedRaftLogWorker for RaftStorageImpl:Storage Directory /home/runner/work/ozone/ozone/hadoop-ozone/integration-test/target/test-dir/MiniOzoneClusterImpl-b3d396d2-53dd-4e8c-be8e-68e1d9cb948b/datanode-3/data/ratis/e4d9cd4a-7bbe-4c1c-98b6-33ea1f0fa0af
2023-02-16 16:35:42,197 [pool-746-thread-1] INFO  server.RaftServerConfigKeys (ConfUtils.java:logGet(46)) - raft.server.log.queue.byte-limit = 4294967296 (custom)
2023-02-16 16:35:42,197 [pool-746-thread-1] INFO  server.RaftServerConfigKeys (ConfUtils.java:logGet(46)) - raft.server.log.queue.element-limit = 1024 (custom)
2023-02-16 16:35:42,197 [pool-746-thread-1] INFO  server.RaftServerConfigKeys (ConfUtils.java:logGet(46)) - raft.server.log.segment.size.max = 1048576 (custom)
2023-02-16 16:35:42,197 [pool-746-thread-1] INFO  server.RaftServerConfigKeys (ConfUtils.java:logGet(46)) - raft.server.log.preallocated.size = 16384 (custom)
2023-02-16 16:35:42,198 [pool-746-thread-1] INFO  server.RaftServerConfigKeys (ConfUtils.java:logGet(46)) - raft.server.log.force.sync.num = 128 (default)
2023-02-16 16:35:42,198 [pool-746-thread-1] INFO  server.RaftServerConfigKeys (ConfUtils.java:logGet(46)) - raft.server.log.statemachine.data.sync = true (default)
2023-02-16 16:35:42,198 [pool-746-thread-1] INFO  server.RaftServerConfigKeys (ConfUtils.java:logGet(46)) - raft.server.log.statemachine.data.sync.timeout = 10s (default)
2023-02-16 16:35:42,198 [pool-746-thread-1] INFO  server.RaftServerConfigKeys (ConfUtils.java:logGet(46)) - raft.server.log.statemachine.data.sync.timeout.retry = -1 (default)
2023-02-16 16:35:42,198 [pool-746-thread-1] INFO  server.RaftServerConfigKeys (ConfUtils.java:logGet(46)) - raft.server.log.write.buffer.size = 1048576 (custom)
2023-02-16 16:35:42,198 [pool-746-thread-1] INFO  server.RaftServerConfigKeys (ConfUtils.java:logGet(46)) - raft.server.log.appender.buffer.byte-limit = 33554432 (custom)
2023-02-16 16:35:42,201 [pool-746-thread-1] INFO  server.RaftServerConfigKeys (ConfUtils.java:logGet(46)) - raft.server.log.unsafe-flush.enabled = false (default)
2023-02-16 16:35:42,201 [pool-746-thread-1] INFO  server.RaftServerConfigKeys (ConfUtils.java:logGet(46)) - raft.server.log.async-flush.enabled = false (default)
2023-02-16 16:35:42,201 [pool-746-thread-1] INFO  server.RaftServerConfigKeys (ConfUtils.java:logGet(46)) - raft.server.log.statemachine.data.caching.enabled = true (custom)
2023-02-16 16:35:42,201 [pool-746-thread-1] INFO  segmented.SegmentedRaftLogWorker (SegmentedRaftLogWorker.java:lambda$new$0(135)) - 00740072-767d-495a-9267-65b6e3e6d7e7@group-33EA1F0FA0AF-SegmentedRaftLogWorker: flushIndex: setUnconditionally 0 -> -1
2023-02-16 16:35:42,201 [pool-746-thread-1] INFO  segmented.SegmentedRaftLogWorker (SegmentedRaftLogWorker.java:lambda$new$0(135)) - 00740072-767d-495a-9267-65b6e3e6d7e7@group-33EA1F0FA0AF-SegmentedRaftLogWorker: safeCacheEvictIndex: setUnconditionally 0 -> -1
2023-02-16 16:35:42,201 [pool-746-thread-1] INFO  server.RaftServer$Division (RaftServerImpl.java:start(334)) - 00740072-767d-495a-9267-65b6e3e6d7e7@group-33EA1F0FA0AF: start as a follower, conf=-1: peers:[00740072-767d-495a-9267-65b6e3e6d7e7|rpc:10.1.0.66:43221|dataStream:10.1.0.66:35451|priority:1|startupRole:FOLLOWER]|listeners:[], old=null
2023-02-16 16:35:42,201 [pool-746-thread-1] INFO  server.RaftServer$Division (RaftServerImpl.java:setRole(321)) - 00740072-767d-495a-9267-65b6e3e6d7e7@group-33EA1F0FA0AF: changes role from      null to FOLLOWER at term 0 for startAsFollower
2023-02-16 16:35:42,202 [pool-746-thread-1] INFO  impl.RoleInfo (RoleInfo.java:updateAndGet(139)) - 00740072-767d-495a-9267-65b6e3e6d7e7: start 00740072-767d-495a-9267-65b6e3e6d7e7@group-33EA1F0FA0AF-FollowerState
2023-02-16 16:35:42,202 [pool-746-thread-1] INFO  util.JmxRegister (JmxRegister.java:tryRegister(44)) - Successfully registered JMX Bean with object name Ratis:service=RaftServer,group=group-33EA1F0FA0AF,id=00740072-767d-495a-9267-65b6e3e6d7e7
2023-02-16 16:35:42,202 [00740072-767d-495a-9267-65b6e3e6d7e7@group-33EA1F0FA0AF-FollowerState] INFO  server.RaftServerConfigKeys (ConfUtils.java:logFallback(53)) - raft.server.rpc.first-election.timeout.min = 5s (fallback to raft.server.rpc.timeout.min)
2023-02-16 16:35:42,202 [pool-746-thread-1] INFO  server.RaftServerConfigKeys (ConfUtils.java:logGet(46)) - raft.server.snapshot.auto.trigger.enabled = true (custom)
2023-02-16 16:35:42,202 [00740072-767d-495a-9267-65b6e3e6d7e7@group-33EA1F0FA0AF-FollowerState] INFO  server.RaftServerConfigKeys (ConfUtils.java:logFallback(53)) - raft.server.rpc.first-election.timeout.max = 5200ms (fallback to raft.server.rpc.timeout.max)
2023-02-16 16:35:42,202 [pool-746-thread-1] INFO  server.RaftServerConfigKeys (ConfUtils.java:logGet(46)) - raft.server.snapshot.auto.trigger.threshold = 10000 (custom)
2023-02-16 16:35:42,202 [pool-746-thread-1] INFO  server.RaftServerConfigKeys (ConfUtils.java:logGet(46)) - raft.server.snapshot.retention.file.num = 5 (custom)
2023-02-16 16:35:42,202 [pool-746-thread-1] INFO  server.RaftServerConfigKeys (ConfUtils.java:logGet(46)) - raft.server.log.purge.upto.snapshot.index = false (default)
2023-02-16 16:35:42,202 [Command processor thread] INFO  ratis.XceiverServerRatis (XceiverServerRatis.java:addGroup(807)) - Created group PipelineID=e4d9cd4a-7bbe-4c1c-98b6-33ea1f0fa0af
2023-02-16 16:35:42,202 [Command processor thread] INFO  commandhandler.CreatePipelineCommandHandler (CreatePipelineCommandHandler.java:handle(113)) - Created Pipeline RATIS ONE PipelineID=e4d9cd4a-7bbe-4c1c-98b6-33ea1f0fa0af.
2023-02-16 16:35:42,554 [Listener at 127.0.0.1/38619] INFO  ozone.MiniOzoneClusterImpl (MiniOzoneClusterImpl.java:lambda$waitForClusterToBeReady$0(218)) - Nodes are ready. Got 5 of 5 DN Heartbeats.
2023-02-16 16:35:42,554 [Listener at 127.0.0.1/38619] INFO  ozone.MiniOzoneClusterImpl (MiniOzoneClusterImpl.java:lambda$waitForClusterToBeReady$0(221)) - Waiting for cluster to exit safe mode
2023-02-16 16:35:42,554 [Listener at 127.0.0.1/38619] INFO  ozone.MiniOzoneClusterImpl (MiniOzoneClusterImpl.java:lambda$waitForClusterToBeReady$0(223)) - SCM became leader
2023-02-16 16:35:42,557 [Command processor thread] INFO  server.RaftServer (RaftServerProxy.java:addNew(96)) - 8ad86b55-446a-4cc0-ba4d-2b14b834a930: addNew group-69F2294C1413:[8ad86b55-446a-4cc0-ba4d-2b14b834a930|rpc:10.1.0.66:35695|dataStream:10.1.0.66:46291|priority:1|startupRole:FOLLOWER] returns group-69F2294C1413:java.util.concurrent.CompletableFuture@50731972[Not completed]
2023-02-16 16:35:42,558 [pool-768-thread-1] INFO  server.RaftServer$Division (RaftServerImpl.java:<init>(195)) - 8ad86b55-446a-4cc0-ba4d-2b14b834a930: new RaftServerImpl for group-69F2294C1413:[8ad86b55-446a-4cc0-ba4d-2b14b834a930|rpc:10.1.0.66:35695|dataStream:10.1.0.66:46291|priority:1|startupRole:FOLLOWER] with ContainerStateMachine:uninitialized
2023-02-16 16:35:42,558 [pool-768-thread-1] INFO  server.RaftServerConfigKeys (ConfUtils.java:logGet(46)) - raft.server.rpc.timeout.min = 5s (custom)
2023-02-16 16:35:42,558 [pool-768-thread-1] INFO  server.RaftServerConfigKeys (ConfUtils.java:logGet(46)) - raft.server.rpc.timeout.max = 5200ms (custom)
2023-02-16 16:35:42,558 [pool-768-thread-1] INFO  server.RaftServerConfigKeys (ConfUtils.java:logGet(46)) - raft.server.rpc.sleep.time = 25ms (default)
2023-02-16 16:35:42,558 [pool-768-thread-1] INFO  server.RaftServerConfigKeys (ConfUtils.java:logGet(46)) - raft.server.rpc.slowness.timeout = 300s (custom)
2023-02-16 16:35:42,558 [pool-768-thread-1] INFO  server.RaftServerConfigKeys (ConfUtils.java:logGet(46)) - raft.server.leaderelection.leader.step-down.wait-time = 10s (default)
2023-02-16 16:35:42,558 [pool-768-thread-1] INFO  server.RaftServerConfigKeys (ConfUtils.java:logGet(46)) - raft.server.sleep.deviation.threshold = 300ms (default)
2023-02-16 16:35:42,558 [pool-768-thread-1] INFO  server.RaftServer$Division (ServerState.java:<init>(118)) - 8ad86b55-446a-4cc0-ba4d-2b14b834a930@group-69F2294C1413: ConfigurationManager, init=-1: peers:[8ad86b55-446a-4cc0-ba4d-2b14b834a930|rpc:10.1.0.66:35695|dataStream:10.1.0.66:46291|priority:1|startupRole:FOLLOWER]|listeners:[], old=null, confs=<EMPTY_MAP>
2023-02-16 16:35:42,558 [pool-768-thread-1] INFO  server.RaftServerConfigKeys (ConfUtils.java:logGet(46)) - raft.server.storage.dir = [/home/runner/work/ozone/ozone/hadoop-ozone/integration-test/target/test-dir/MiniOzoneClusterImpl-b3d396d2-53dd-4e8c-be8e-68e1d9cb948b/datanode-4/data/ratis] (custom)
2023-02-16 16:35:42,558 [pool-768-thread-1] INFO  server.RaftServerConfigKeys (ConfUtils.java:logGet(46)) - raft.server.log.corruption.policy = EXCEPTION (default)
2023-02-16 16:35:42,558 [pool-768-thread-1] INFO  server.RaftServerConfigKeys (ConfUtils.java:logGet(46)) - raft.server.storage.free-space.min = 0MB (=0) (default)
2023-02-16 16:35:42,558 [pool-768-thread-1] INFO  server.RaftServerConfigKeys (ConfUtils.java:logGet(46)) - raft.server.notification.no-leader.timeout = 300s (custom)
2023-02-16 16:35:42,559 [pool-768-thread-1] INFO  server.RaftServerConfigKeys (ConfUtils.java:logGet(46)) - raft.server.retrycache.expirytime = 600000ms (custom)
2023-02-16 16:35:42,559 [pool-768-thread-1] INFO  server.RaftServerConfigKeys (ConfUtils.java:logGet(46)) - raft.server.retrycache.statistics.expirytime = 100μs (default)
2023-02-16 16:35:42,559 [pool-768-thread-1] INFO  server.RaftServerConfigKeys (ConfUtils.java:logGet(46)) - raft.server.log.appender.install.snapshot.enabled = false (custom)
2023-02-16 16:35:42,559 [pool-768-thread-1] INFO  server.RaftServerConfigKeys (ConfUtils.java:logGet(46)) - raft.server.threadpool.server.cached = true (default)
2023-02-16 16:35:42,559 [pool-768-thread-1] INFO  server.RaftServerConfigKeys (ConfUtils.java:logGet(46)) - raft.server.threadpool.server.size = 0 (default)
2023-02-16 16:35:42,559 [pool-768-thread-1] INFO  server.RaftServerConfigKeys (ConfUtils.java:logGet(46)) - raft.server.threadpool.client.cached = true (default)
2023-02-16 16:35:42,559 [pool-768-thread-1] INFO  server.RaftServerConfigKeys (ConfUtils.java:logGet(46)) - raft.server.threadpool.client.size = 0 (default)
2023-02-16 16:35:42,559 [pool-768-thread-1] INFO  storage.RaftStorageDirectory (RaftStorageDirectoryImpl.java:analyzeStorage(137)) - The storage directory /home/runner/work/ozone/ozone/hadoop-ozone/integration-test/target/test-dir/MiniOzoneClusterImpl-b3d396d2-53dd-4e8c-be8e-68e1d9cb948b/datanode-4/data/ratis/b2faecaa-55ac-477a-8ca8-69f2294c1413 does not exist. Creating ...
2023-02-16 16:35:42,560 [pool-768-thread-1] INFO  storage.RaftStorageDirectory (RaftStorageDirectoryImpl.java:tryLock(231)) - Lock on /home/runner/work/ozone/ozone/hadoop-ozone/integration-test/target/test-dir/MiniOzoneClusterImpl-b3d396d2-53dd-4e8c-be8e-68e1d9cb948b/datanode-4/data/ratis/b2faecaa-55ac-477a-8ca8-69f2294c1413/in_use.lock acquired by nodename 11092@fv-az167-289
2023-02-16 16:35:42,561 [pool-768-thread-1] INFO  storage.RaftStorage (RaftStorageImpl.java:format(96)) - Storage directory /home/runner/work/ozone/ozone/hadoop-ozone/integration-test/target/test-dir/MiniOzoneClusterImpl-b3d396d2-53dd-4e8c-be8e-68e1d9cb948b/datanode-4/data/ratis/b2faecaa-55ac-477a-8ca8-69f2294c1413 has been successfully formatted.
2023-02-16 16:35:42,563 [pool-768-thread-1] INFO  ratis.ContainerStateMachine (ContainerStateMachine.java:loadSnapshot(240)) - group-69F2294C1413: The snapshot info is null. Setting the last applied indexto:(t:0, i:~)
2023-02-16 16:35:42,564 [pool-768-thread-1] INFO  server.RaftServerConfigKeys (ConfUtils.java:logGet(46)) - raft.server.log.use.memory = false (default)
2023-02-16 16:35:42,564 [pool-768-thread-1] INFO  server.RaftServerConfigKeys (ConfUtils.java:logGet(46)) - raft.server.log.purge.gap = 1000000 (custom)
2023-02-16 16:35:42,564 [pool-768-thread-1] INFO  server.RaftServerConfigKeys (ConfUtils.java:logGet(46)) - raft.server.log.appender.buffer.byte-limit = 33554432 (custom)
2023-02-16 16:35:42,564 [EventQueue-PipelineReportForPipelineReportHandler] INFO  pipeline.PipelineManagerImpl (PipelineManagerImpl.java:openPipeline(367)) - Pipeline Pipeline[ Id: b2faecaa-55ac-477a-8ca8-69f2294c1413, Nodes: 8ad86b55-446a-4cc0-ba4d-2b14b834a930(fv-az167-289.21ktoceh2wee5fewwtpg1zd01g.bx.internal.cloudapp.net/10.1.0.66), ReplicationConfig: RATIS/ONE, State:ALLOCATED, leaderId:8ad86b55-446a-4cc0-ba4d-2b14b834a930, CreationTimestamp2023-02-16T16:35:39.557Z[Etc/UTC]] moved to OPEN state
2023-02-16 16:35:42,565 [pool-768-thread-1] INFO  server.RaftServerConfigKeys (ConfUtils.java:logGet(46)) - raft.server.log.statemachine.data.read.timeout = 1000ms (default)
2023-02-16 16:35:42,565 [pool-768-thread-1] INFO  server.RaftServerConfigKeys (ConfUtils.java:logGet(46)) - raft.server.log.purge.preservation.log.num = 0 (default)
2023-02-16 16:35:42,565 [pool-768-thread-1] INFO  server.RaftServerConfigKeys (ConfUtils.java:logGet(46)) - raft.server.log.segment.size.max = 1048576 (custom)
2023-02-16 16:35:42,565 [EventQueue-OpenPipelineForHealthyPipelineSafeModeRule] INFO  safemode.SCMSafeModeManager (HealthyPipelineSafeModeRule.java:process(137)) - SCM in safe mode. Healthy pipelines reported count is 0, required healthy pipeline reported count is 1
2023-02-16 16:35:42,565 [pool-768-thread-1] INFO  server.RaftServerConfigKeys (ConfUtils.java:logGet(46)) - raft.server.log.segment.cache.num.max = 2 (custom)
2023-02-16 16:35:42,565 [pool-768-thread-1] INFO  server.RaftServerConfigKeys (ConfUtils.java:logGet(46)) - raft.server.log.segment.cache.size.max = 200MB (=209715200) (default)
2023-02-16 16:35:42,565 [pool-768-thread-1] INFO  segmented.SegmentedRaftLogWorker (SegmentedRaftLogWorker.java:<init>(189)) - new 8ad86b55-446a-4cc0-ba4d-2b14b834a930@group-69F2294C1413-SegmentedRaftLogWorker for RaftStorageImpl:Storage Directory /home/runner/work/ozone/ozone/hadoop-ozone/integration-test/target/test-dir/MiniOzoneClusterImpl-b3d396d2-53dd-4e8c-be8e-68e1d9cb948b/datanode-4/data/ratis/b2faecaa-55ac-477a-8ca8-69f2294c1413
2023-02-16 16:35:42,565 [pool-768-thread-1] INFO  server.RaftServerConfigKeys (ConfUtils.java:logGet(46)) - raft.server.log.queue.byte-limit = 4294967296 (custom)
2023-02-16 16:35:42,565 [pool-768-thread-1] INFO  server.RaftServerConfigKeys (ConfUtils.java:logGet(46)) - raft.server.log.queue.element-limit = 1024 (custom)
2023-02-16 16:35:42,565 [pool-768-thread-1] INFO  server.RaftServerConfigKeys (ConfUtils.java:logGet(46)) - raft.server.log.segment.size.max = 1048576 (custom)
2023-02-16 16:35:42,565 [pool-768-thread-1] INFO  server.RaftServerConfigKeys (ConfUtils.java:logGet(46)) - raft.server.log.preallocated.size = 16384 (custom)
2023-02-16 16:35:42,565 [pool-768-thread-1] INFO  server.RaftServerConfigKeys (ConfUtils.java:logGet(46)) - raft.server.log.force.sync.num = 128 (default)
2023-02-16 16:35:42,565 [pool-768-thread-1] INFO  server.RaftServerConfigKeys (ConfUtils.java:logGet(46)) - raft.server.log.statemachine.data.sync = true (default)
2023-02-16 16:35:42,566 [pool-768-thread-1] INFO  server.RaftServerConfigKeys (ConfUtils.java:logGet(46)) - raft.server.log.statemachine.data.sync.timeout = 10s (default)
2023-02-16 16:35:42,566 [pool-768-thread-1] INFO  server.RaftServerConfigKeys (ConfUtils.java:logGet(46)) - raft.server.log.statemachine.data.sync.timeout.retry = -1 (default)
2023-02-16 16:35:42,567 [pool-768-thread-1] INFO  server.RaftServerConfigKeys (ConfUtils.java:logGet(46)) - raft.server.log.write.buffer.size = 1048576 (custom)
2023-02-16 16:35:42,567 [pool-768-thread-1] INFO  server.RaftServerConfigKeys (ConfUtils.java:logGet(46)) - raft.server.log.appender.buffer.byte-limit = 33554432 (custom)
2023-02-16 16:35:42,570 [pool-768-thread-1] INFO  server.RaftServerConfigKeys (ConfUtils.java:logGet(46)) - raft.server.log.unsafe-flush.enabled = false (default)
2023-02-16 16:35:42,570 [pool-768-thread-1] INFO  server.RaftServerConfigKeys (ConfUtils.java:logGet(46)) - raft.server.log.async-flush.enabled = false (default)
2023-02-16 16:35:42,570 [pool-768-thread-1] INFO  server.RaftServerConfigKeys (ConfUtils.java:logGet(46)) - raft.server.log.statemachine.data.caching.enabled = true (custom)
2023-02-16 16:35:42,570 [pool-768-thread-1] INFO  segmented.SegmentedRaftLogWorker (SegmentedRaftLogWorker.java:lambda$new$0(135)) - 8ad86b55-446a-4cc0-ba4d-2b14b834a930@group-69F2294C1413-SegmentedRaftLogWorker: flushIndex: setUnconditionally 0 -> -1
2023-02-16 16:35:42,570 [pool-768-thread-1] INFO  segmented.SegmentedRaftLogWorker (SegmentedRaftLogWorker.java:lambda$new$0(135)) - 8ad86b55-446a-4cc0-ba4d-2b14b834a930@group-69F2294C1413-SegmentedRaftLogWorker: safeCacheEvictIndex: setUnconditionally 0 -> -1
2023-02-16 16:35:42,570 [pool-768-thread-1] INFO  server.RaftServer$Division (RaftServerImpl.java:start(334)) - 8ad86b55-446a-4cc0-ba4d-2b14b834a930@group-69F2294C1413: start as a follower, conf=-1: peers:[8ad86b55-446a-4cc0-ba4d-2b14b834a930|rpc:10.1.0.66:35695|dataStream:10.1.0.66:46291|priority:1|startupRole:FOLLOWER]|listeners:[], old=null
2023-02-16 16:35:42,570 [pool-768-thread-1] INFO  server.RaftServer$Division (RaftServerImpl.java:setRole(321)) - 8ad86b55-446a-4cc0-ba4d-2b14b834a930@group-69F2294C1413: changes role from      null to FOLLOWER at term 0 for startAsFollower
2023-02-16 16:35:42,570 [pool-768-thread-1] INFO  impl.RoleInfo (RoleInfo.java:updateAndGet(139)) - 8ad86b55-446a-4cc0-ba4d-2b14b834a930: start 8ad86b55-446a-4cc0-ba4d-2b14b834a930@group-69F2294C1413-FollowerState
2023-02-16 16:35:42,571 [pool-768-thread-1] INFO  util.JmxRegister (JmxRegister.java:tryRegister(44)) - Successfully registered JMX Bean with object name Ratis:service=RaftServer,group=group-69F2294C1413,id=8ad86b55-446a-4cc0-ba4d-2b14b834a930
2023-02-16 16:35:42,571 [8ad86b55-446a-4cc0-ba4d-2b14b834a930@group-69F2294C1413-FollowerState] INFO  server.RaftServerConfigKeys (ConfUtils.java:logFallback(53)) - raft.server.rpc.first-election.timeout.min = 5s (fallback to raft.server.rpc.timeout.min)
2023-02-16 16:35:42,571 [8ad86b55-446a-4cc0-ba4d-2b14b834a930@group-69F2294C1413-FollowerState] INFO  server.RaftServerConfigKeys (ConfUtils.java:logFallback(53)) - raft.server.rpc.first-election.timeout.max = 5200ms (fallback to raft.server.rpc.timeout.max)
2023-02-16 16:35:42,571 [pool-768-thread-1] INFO  server.RaftServerConfigKeys (ConfUtils.java:logGet(46)) - raft.server.snapshot.auto.trigger.enabled = true (custom)
2023-02-16 16:35:42,571 [pool-768-thread-1] INFO  server.RaftServerConfigKeys (ConfUtils.java:logGet(46)) - raft.server.snapshot.auto.trigger.threshold = 10000 (custom)
2023-02-16 16:35:42,571 [pool-768-thread-1] INFO  server.RaftServerConfigKeys (ConfUtils.java:logGet(46)) - raft.server.snapshot.retention.file.num = 5 (custom)
2023-02-16 16:35:42,571 [pool-768-thread-1] INFO  server.RaftServerConfigKeys (ConfUtils.java:logGet(46)) - raft.server.log.purge.upto.snapshot.index = false (default)
2023-02-16 16:35:42,571 [Command processor thread] INFO  ratis.XceiverServerRatis (XceiverServerRatis.java:addGroup(807)) - Created group PipelineID=b2faecaa-55ac-477a-8ca8-69f2294c1413
2023-02-16 16:35:42,571 [Command processor thread] INFO  commandhandler.CreatePipelineCommandHandler (CreatePipelineCommandHandler.java:handle(113)) - Created Pipeline RATIS ONE PipelineID=b2faecaa-55ac-477a-8ca8-69f2294c1413.
2023-02-16 16:35:43,554 [Listener at 127.0.0.1/38619] INFO  ozone.MiniOzoneClusterImpl (MiniOzoneClusterImpl.java:lambda$waitForClusterToBeReady$0(218)) - Nodes are ready. Got 5 of 5 DN Heartbeats.
2023-02-16 16:35:43,554 [Listener at 127.0.0.1/38619] INFO  ozone.MiniOzoneClusterImpl (MiniOzoneClusterImpl.java:lambda$waitForClusterToBeReady$0(221)) - Waiting for cluster to exit safe mode
2023-02-16 16:35:43,555 [Listener at 127.0.0.1/38619] INFO  ozone.MiniOzoneClusterImpl (MiniOzoneClusterImpl.java:lambda$waitForClusterToBeReady$0(223)) - SCM became leader
2023-02-16 16:35:44,555 [Listener at 127.0.0.1/38619] INFO  ozone.MiniOzoneClusterImpl (MiniOzoneClusterImpl.java:lambda$waitForClusterToBeReady$0(218)) - Nodes are ready. Got 5 of 5 DN Heartbeats.
2023-02-16 16:35:44,555 [Listener at 127.0.0.1/38619] INFO  ozone.MiniOzoneClusterImpl (MiniOzoneClusterImpl.java:lambda$waitForClusterToBeReady$0(221)) - Waiting for cluster to exit safe mode
2023-02-16 16:35:44,555 [Listener at 127.0.0.1/38619] INFO  ozone.MiniOzoneClusterImpl (MiniOzoneClusterImpl.java:lambda$waitForClusterToBeReady$0(223)) - SCM became leader
2023-02-16 16:35:45,555 [Listener at 127.0.0.1/38619] INFO  ozone.MiniOzoneClusterImpl (MiniOzoneClusterImpl.java:lambda$waitForClusterToBeReady$0(218)) - Nodes are ready. Got 5 of 5 DN Heartbeats.
2023-02-16 16:35:45,555 [Listener at 127.0.0.1/38619] INFO  ozone.MiniOzoneClusterImpl (MiniOzoneClusterImpl.java:lambda$waitForClusterToBeReady$0(221)) - Waiting for cluster to exit safe mode
2023-02-16 16:35:45,555 [Listener at 127.0.0.1/38619] INFO  ozone.MiniOzoneClusterImpl (MiniOzoneClusterImpl.java:lambda$waitForClusterToBeReady$0(223)) - SCM became leader
2023-02-16 16:35:46,304 [cfe669b9-663a-43f7-806f-76176ea695bf@group-AE9F91136A35-FollowerState] INFO  impl.FollowerState (FollowerState.java:run(143)) - cfe669b9-663a-43f7-806f-76176ea695bf@group-AE9F91136A35-FollowerState: change to CANDIDATE, lastRpcElapsedTime:5028463940ns, electionTimeout:5022ms
2023-02-16 16:35:46,305 [cfe669b9-663a-43f7-806f-76176ea695bf@group-AE9F91136A35-FollowerState] INFO  impl.RoleInfo (RoleInfo.java:shutdownFollowerState(110)) - cfe669b9-663a-43f7-806f-76176ea695bf: shutdown cfe669b9-663a-43f7-806f-76176ea695bf@group-AE9F91136A35-FollowerState
2023-02-16 16:35:46,305 [cfe669b9-663a-43f7-806f-76176ea695bf@group-AE9F91136A35-FollowerState] INFO  server.RaftServer$Division (RaftServerImpl.java:setRole(321)) - cfe669b9-663a-43f7-806f-76176ea695bf@group-AE9F91136A35: changes role from  FOLLOWER to CANDIDATE at term 0 for changeToCandidate
2023-02-16 16:35:46,305 [cfe669b9-663a-43f7-806f-76176ea695bf@group-AE9F91136A35-FollowerState] INFO  server.RaftServerConfigKeys (ConfUtils.java:logGet(46)) - raft.server.leaderelection.pre-vote = true (default)
2023-02-16 16:35:46,305 [cfe669b9-663a-43f7-806f-76176ea695bf@group-AE9F91136A35-FollowerState] INFO  impl.RoleInfo (RoleInfo.java:updateAndGet(139)) - cfe669b9-663a-43f7-806f-76176ea695bf: start cfe669b9-663a-43f7-806f-76176ea695bf@group-AE9F91136A35-LeaderElection26
2023-02-16 16:35:46,309 [cfe669b9-663a-43f7-806f-76176ea695bf@group-AE9F91136A35-LeaderElection26] INFO  impl.LeaderElection (LeaderElection.java:askForVotes(312)) - cfe669b9-663a-43f7-806f-76176ea695bf@group-AE9F91136A35-LeaderElection26 PRE_VOTE round 0: submit vote requests at term 0 for -1: peers:[cfe669b9-663a-43f7-806f-76176ea695bf|rpc:10.1.0.66:35191|dataStream:10.1.0.66:39659|priority:1|startupRole:FOLLOWER, 47c87cc4-760b-451b-b923-a7cd32ec4f45|rpc:10.1.0.66:45343|dataStream:10.1.0.66:38397|priority:0|startupRole:FOLLOWER, 832c6eac-c5e0-4404-a712-42768f90b279|rpc:10.1.0.66:39217|dataStream:10.1.0.66:39199|priority:0|startupRole:FOLLOWER]|listeners:[], old=null
2023-02-16 16:35:46,309 [cfe669b9-663a-43f7-806f-76176ea695bf@group-AE9F91136A35-LeaderElection26] INFO  server.RaftServerConfigKeys (ConfUtils.java:logFallback(53)) - raft.server.rpc.first-election.timeout.min = 5s (fallback to raft.server.rpc.timeout.min)
2023-02-16 16:35:46,309 [cfe669b9-663a-43f7-806f-76176ea695bf@group-AE9F91136A35-LeaderElection26] INFO  server.RaftServerConfigKeys (ConfUtils.java:logFallback(53)) - raft.server.rpc.first-election.timeout.max = 5200ms (fallback to raft.server.rpc.timeout.max)
2023-02-16 16:35:46,309 [cfe669b9-663a-43f7-806f-76176ea695bf@group-AE9F91136A35-LeaderElection26-1] INFO  server.GrpcServerProtocolClient (GrpcServerProtocolClient.java:<init>(63)) - Build channel for 47c87cc4-760b-451b-b923-a7cd32ec4f45
2023-02-16 16:35:46,310 [cfe669b9-663a-43f7-806f-76176ea695bf@group-AE9F91136A35-LeaderElection26-2] INFO  server.GrpcServerProtocolClient (GrpcServerProtocolClient.java:<init>(63)) - Build channel for 832c6eac-c5e0-4404-a712-42768f90b279
2023-02-16 16:35:46,316 [grpc-default-executor-0] INFO  server.RaftServer$Division (RaftServerImpl.java:requestVote(1218)) - 47c87cc4-760b-451b-b923-a7cd32ec4f45@group-AE9F91136A35: receive requestVote(PRE_VOTE, cfe669b9-663a-43f7-806f-76176ea695bf, group-AE9F91136A35, 0, (t:0, i:0))
2023-02-16 16:35:46,316 [grpc-default-executor-0] INFO  impl.VoteContext (VoteContext.java:log(49)) - 47c87cc4-760b-451b-b923-a7cd32ec4f45@group-AE9F91136A35-FOLLOWER: accept PRE_VOTE from cfe669b9-663a-43f7-806f-76176ea695bf: our priority 0 <= candidate's priority 1
2023-02-16 16:35:46,317 [grpc-default-executor-0] INFO  server.RaftServer$Division (RaftServerImpl.java:requestVote(1251)) - 47c87cc4-760b-451b-b923-a7cd32ec4f45@group-AE9F91136A35 replies to PRE_VOTE vote request: cfe669b9-663a-43f7-806f-76176ea695bf<-47c87cc4-760b-451b-b923-a7cd32ec4f45#0:OK-t0. Peer's state: 47c87cc4-760b-451b-b923-a7cd32ec4f45@group-AE9F91136A35:t0, leader=null, voted=, raftlog=Memoized:47c87cc4-760b-451b-b923-a7cd32ec4f45@group-AE9F91136A35-SegmentedRaftLog:OPENED:c-1, conf=-1: peers:[cfe669b9-663a-43f7-806f-76176ea695bf|rpc:10.1.0.66:35191|dataStream:10.1.0.66:39659|priority:1|startupRole:FOLLOWER, 47c87cc4-760b-451b-b923-a7cd32ec4f45|rpc:10.1.0.66:45343|dataStream:10.1.0.66:38397|priority:0|startupRole:FOLLOWER, 832c6eac-c5e0-4404-a712-42768f90b279|rpc:10.1.0.66:39217|dataStream:10.1.0.66:39199|priority:0|startupRole:FOLLOWER]|listeners:[], old=null
2023-02-16 16:35:46,317 [cfe669b9-663a-43f7-806f-76176ea695bf@group-AE9F91136A35-LeaderElection26] INFO  impl.LeaderElection (LeaderElection.java:logAndReturn(90)) - cfe669b9-663a-43f7-806f-76176ea695bf@group-AE9F91136A35-LeaderElection26: PRE_VOTE PASSED received 1 response(s) and 0 exception(s):
2023-02-16 16:35:46,317 [cfe669b9-663a-43f7-806f-76176ea695bf@group-AE9F91136A35-LeaderElection26] INFO  impl.LeaderElection (LeaderElection.java:logAndReturn(94)) -   Response 0: cfe669b9-663a-43f7-806f-76176ea695bf<-47c87cc4-760b-451b-b923-a7cd32ec4f45#0:OK-t0
2023-02-16 16:35:46,317 [cfe669b9-663a-43f7-806f-76176ea695bf@group-AE9F91136A35-LeaderElection26] INFO  impl.LeaderElection (LeaderElection.java:askForVotes(314)) - cfe669b9-663a-43f7-806f-76176ea695bf@group-AE9F91136A35-LeaderElection26 PRE_VOTE round 0: result PASSED
2023-02-16 16:35:46,318 [grpc-default-executor-0] INFO  server.RaftServer$Division (RaftServerImpl.java:requestVote(1218)) - 832c6eac-c5e0-4404-a712-42768f90b279@group-AE9F91136A35: receive requestVote(PRE_VOTE, cfe669b9-663a-43f7-806f-76176ea695bf, group-AE9F91136A35, 0, (t:0, i:0))
2023-02-16 16:35:46,318 [grpc-default-executor-0] INFO  impl.VoteContext (VoteContext.java:log(49)) - 832c6eac-c5e0-4404-a712-42768f90b279@group-AE9F91136A35-FOLLOWER: accept PRE_VOTE from cfe669b9-663a-43f7-806f-76176ea695bf: our priority 0 <= candidate's priority 1
2023-02-16 16:35:46,318 [grpc-default-executor-0] INFO  server.RaftServer$Division (RaftServerImpl.java:requestVote(1251)) - 832c6eac-c5e0-4404-a712-42768f90b279@group-AE9F91136A35 replies to PRE_VOTE vote request: cfe669b9-663a-43f7-806f-76176ea695bf<-832c6eac-c5e0-4404-a712-42768f90b279#0:OK-t0. Peer's state: 832c6eac-c5e0-4404-a712-42768f90b279@group-AE9F91136A35:t0, leader=null, voted=, raftlog=Memoized:832c6eac-c5e0-4404-a712-42768f90b279@group-AE9F91136A35-SegmentedRaftLog:OPENED:c-1, conf=-1: peers:[cfe669b9-663a-43f7-806f-76176ea695bf|rpc:10.1.0.66:35191|dataStream:10.1.0.66:39659|priority:1|startupRole:FOLLOWER, 47c87cc4-760b-451b-b923-a7cd32ec4f45|rpc:10.1.0.66:45343|dataStream:10.1.0.66:38397|priority:0|startupRole:FOLLOWER, 832c6eac-c5e0-4404-a712-42768f90b279|rpc:10.1.0.66:39217|dataStream:10.1.0.66:39199|priority:0|startupRole:FOLLOWER]|listeners:[], old=null
2023-02-16 16:35:46,319 [cfe669b9-663a-43f7-806f-76176ea695bf@group-AE9F91136A35-LeaderElection26] INFO  impl.LeaderElection (LeaderElection.java:askForVotes(312)) - cfe669b9-663a-43f7-806f-76176ea695bf@group-AE9F91136A35-LeaderElection26 ELECTION round 0: submit vote requests at term 1 for -1: peers:[cfe669b9-663a-43f7-806f-76176ea695bf|rpc:10.1.0.66:35191|dataStream:10.1.0.66:39659|priority:1|startupRole:FOLLOWER, 47c87cc4-760b-451b-b923-a7cd32ec4f45|rpc:10.1.0.66:45343|dataStream:10.1.0.66:38397|priority:0|startupRole:FOLLOWER, 832c6eac-c5e0-4404-a712-42768f90b279|rpc:10.1.0.66:39217|dataStream:10.1.0.66:39199|priority:0|startupRole:FOLLOWER]|listeners:[], old=null
2023-02-16 16:35:46,320 [cfe669b9-663a-43f7-806f-76176ea695bf@group-AE9F91136A35-LeaderElection26] INFO  server.RaftServerConfigKeys (ConfUtils.java:logFallback(53)) - raft.server.rpc.first-election.timeout.min = 5s (fallback to raft.server.rpc.timeout.min)
2023-02-16 16:35:46,320 [cfe669b9-663a-43f7-806f-76176ea695bf@group-AE9F91136A35-LeaderElection26] INFO  server.RaftServerConfigKeys (ConfUtils.java:logFallback(53)) - raft.server.rpc.first-election.timeout.max = 5200ms (fallback to raft.server.rpc.timeout.max)
2023-02-16 16:35:46,320 [grpc-default-executor-0] INFO  server.RaftServer$Division (RaftServerImpl.java:requestVote(1218)) - 47c87cc4-760b-451b-b923-a7cd32ec4f45@group-AE9F91136A35: receive requestVote(ELECTION, cfe669b9-663a-43f7-806f-76176ea695bf, group-AE9F91136A35, 1, (t:0, i:0))
2023-02-16 16:35:46,320 [grpc-default-executor-0] INFO  impl.VoteContext (VoteContext.java:log(49)) - 47c87cc4-760b-451b-b923-a7cd32ec4f45@group-AE9F91136A35-FOLLOWER: accept ELECTION from cfe669b9-663a-43f7-806f-76176ea695bf: our priority 0 <= candidate's priority 1
2023-02-16 16:35:46,320 [grpc-default-executor-0] INFO  server.RaftServer$Division (RaftServerImpl.java:setRole(321)) - 47c87cc4-760b-451b-b923-a7cd32ec4f45@group-AE9F91136A35: changes role from  FOLLOWER to FOLLOWER at term 1 for candidate:cfe669b9-663a-43f7-806f-76176ea695bf
2023-02-16 16:35:46,320 [grpc-default-executor-0] INFO  impl.RoleInfo (RoleInfo.java:shutdownFollowerState(110)) - 47c87cc4-760b-451b-b923-a7cd32ec4f45: shutdown 47c87cc4-760b-451b-b923-a7cd32ec4f45@group-AE9F91136A35-FollowerState
2023-02-16 16:35:46,321 [grpc-default-executor-0] INFO  impl.RoleInfo (RoleInfo.java:updateAndGet(139)) - 47c87cc4-760b-451b-b923-a7cd32ec4f45: start 47c87cc4-760b-451b-b923-a7cd32ec4f45@group-AE9F91136A35-FollowerState
2023-02-16 16:35:46,321 [47c87cc4-760b-451b-b923-a7cd32ec4f45@group-AE9F91136A35-FollowerState] INFO  impl.FollowerState (FollowerState.java:run(152)) - 47c87cc4-760b-451b-b923-a7cd32ec4f45@group-AE9F91136A35-FollowerState was interrupted
2023-02-16 16:35:46,322 [47c87cc4-760b-451b-b923-a7cd32ec4f45@group-AE9F91136A35-FollowerState] INFO  server.RaftServerConfigKeys (ConfUtils.java:logFallback(53)) - raft.server.rpc.first-election.timeout.min = 5s (fallback to raft.server.rpc.timeout.min)
2023-02-16 16:35:46,322 [47c87cc4-760b-451b-b923-a7cd32ec4f45@group-AE9F91136A35-FollowerState] INFO  server.RaftServerConfigKeys (ConfUtils.java:logFallback(53)) - raft.server.rpc.first-election.timeout.max = 5200ms (fallback to raft.server.rpc.timeout.max)
2023-02-16 16:35:46,323 [grpc-default-executor-0] INFO  server.RaftServer$Division (RaftServerImpl.java:requestVote(1251)) - 47c87cc4-760b-451b-b923-a7cd32ec4f45@group-AE9F91136A35 replies to ELECTION vote request: cfe669b9-663a-43f7-806f-76176ea695bf<-47c87cc4-760b-451b-b923-a7cd32ec4f45#0:OK-t1. Peer's state: 47c87cc4-760b-451b-b923-a7cd32ec4f45@group-AE9F91136A35:t1, leader=null, voted=cfe669b9-663a-43f7-806f-76176ea695bf, raftlog=Memoized:47c87cc4-760b-451b-b923-a7cd32ec4f45@group-AE9F91136A35-SegmentedRaftLog:OPENED:c-1, conf=-1: peers:[cfe669b9-663a-43f7-806f-76176ea695bf|rpc:10.1.0.66:35191|dataStream:10.1.0.66:39659|priority:1|startupRole:FOLLOWER, 47c87cc4-760b-451b-b923-a7cd32ec4f45|rpc:10.1.0.66:45343|dataStream:10.1.0.66:38397|priority:0|startupRole:FOLLOWER, 832c6eac-c5e0-4404-a712-42768f90b279|rpc:10.1.0.66:39217|dataStream:10.1.0.66:39199|priority:0|startupRole:FOLLOWER]|listeners:[], old=null
2023-02-16 16:35:46,323 [grpc-default-executor-1] INFO  server.RaftServer$Division (RaftServerImpl.java:requestVote(1218)) - 832c6eac-c5e0-4404-a712-42768f90b279@group-AE9F91136A35: receive requestVote(ELECTION, cfe669b9-663a-43f7-806f-76176ea695bf, group-AE9F91136A35, 1, (t:0, i:0))
2023-02-16 16:35:46,324 [grpc-default-executor-1] INFO  impl.VoteContext (VoteContext.java:log(49)) - 832c6eac-c5e0-4404-a712-42768f90b279@group-AE9F91136A35-FOLLOWER: accept ELECTION from cfe669b9-663a-43f7-806f-76176ea695bf: our priority 0 <= candidate's priority 1
2023-02-16 16:35:46,324 [grpc-default-executor-1] INFO  server.RaftServer$Division (RaftServerImpl.java:setRole(321)) - 832c6eac-c5e0-4404-a712-42768f90b279@group-AE9F91136A35: changes role from  FOLLOWER to FOLLOWER at term 1 for candidate:cfe669b9-663a-43f7-806f-76176ea695bf
2023-02-16 16:35:46,324 [grpc-default-executor-1] INFO  impl.RoleInfo (RoleInfo.java:shutdownFollowerState(110)) - 832c6eac-c5e0-4404-a712-42768f90b279: shutdown 832c6eac-c5e0-4404-a712-42768f90b279@group-AE9F91136A35-FollowerState
2023-02-16 16:35:46,324 [cfe669b9-663a-43f7-806f-76176ea695bf@group-AE9F91136A35-LeaderElection26] INFO  impl.LeaderElection (LeaderElection.java:logAndReturn(90)) - cfe669b9-663a-43f7-806f-76176ea695bf@group-AE9F91136A35-LeaderElection26: ELECTION PASSED received 1 response(s) and 0 exception(s):
2023-02-16 16:35:46,324 [cfe669b9-663a-43f7-806f-76176ea695bf@group-AE9F91136A35-LeaderElection26] INFO  impl.LeaderElection (LeaderElection.java:logAndReturn(94)) -   Response 0: cfe669b9-663a-43f7-806f-76176ea695bf<-47c87cc4-760b-451b-b923-a7cd32ec4f45#0:OK-t1
2023-02-16 16:35:46,324 [cfe669b9-663a-43f7-806f-76176ea695bf@group-AE9F91136A35-LeaderElection26] INFO  impl.LeaderElection (LeaderElection.java:askForVotes(314)) - cfe669b9-663a-43f7-806f-76176ea695bf@group-AE9F91136A35-LeaderElection26 ELECTION round 0: result PASSED
2023-02-16 16:35:46,324 [cfe669b9-663a-43f7-806f-76176ea695bf@group-AE9F91136A35-LeaderElection26] INFO  impl.RoleInfo (RoleInfo.java:shutdownLeaderElection(130)) - cfe669b9-663a-43f7-806f-76176ea695bf: shutdown cfe669b9-663a-43f7-806f-76176ea695bf@group-AE9F91136A35-LeaderElection26
2023-02-16 16:35:46,324 [cfe669b9-663a-43f7-806f-76176ea695bf@group-AE9F91136A35-LeaderElection26] INFO  server.RaftServer$Division (RaftServerImpl.java:setRole(321)) - cfe669b9-663a-43f7-806f-76176ea695bf@group-AE9F91136A35: changes role from CANDIDATE to LEADER at term 1 for changeToLeader
2023-02-16 16:35:46,324 [cfe669b9-663a-43f7-806f-76176ea695bf@group-AE9F91136A35-LeaderElection26] INFO  ratis.XceiverServerRatis (XceiverServerRatis.java:handleLeaderChangedNotification(905)) - Leader change notification received for group: group-AE9F91136A35 with new leaderId: cfe669b9-663a-43f7-806f-76176ea695bf
2023-02-16 16:35:46,324 [cfe669b9-663a-43f7-806f-76176ea695bf@group-AE9F91136A35-LeaderElection26] INFO  server.RaftServer$Division (ServerState.java:setLeader(313)) - cfe669b9-663a-43f7-806f-76176ea695bf@group-AE9F91136A35: change Leader from null to cfe669b9-663a-43f7-806f-76176ea695bf at term 1 for becomeLeader, leader elected after 5058ms
2023-02-16 16:35:46,325 [cfe669b9-663a-43f7-806f-76176ea695bf@group-AE9F91136A35-LeaderElection26] INFO  server.RaftServerConfigKeys (ConfUtils.java:logGet(46)) - raft.server.staging.catchup.gap = 1000 (default)
2023-02-16 16:35:46,325 [cfe669b9-663a-43f7-806f-76176ea695bf@group-AE9F91136A35-LeaderElection26] INFO  server.RaftServerConfigKeys (ConfUtils.java:logGet(46)) - raft.server.write.element-limit = 1024 (custom)
2023-02-16 16:35:46,325 [cfe669b9-663a-43f7-806f-76176ea695bf@group-AE9F91136A35-LeaderElection26] INFO  server.RaftServerConfigKeys (ConfUtils.java:logGet(46)) - raft.server.write.byte-limit = 1024 M (=1073741824) (custom)
2023-02-16 16:35:46,325 [cfe669b9-663a-43f7-806f-76176ea695bf@group-AE9F91136A35-LeaderElection26] INFO  server.RaftServerConfigKeys (ConfUtils.java:logGet(46)) - raft.server.watch.timeout = 180s (custom)
2023-02-16 16:35:46,325 [cfe669b9-663a-43f7-806f-76176ea695bf@group-AE9F91136A35-LeaderElection26] INFO  server.RaftServerConfigKeys (ConfUtils.java:logGet(46)) - raft.server.watch.timeout.denomination = 1s (default)
2023-02-16 16:35:46,325 [cfe669b9-663a-43f7-806f-76176ea695bf@group-AE9F91136A35-LeaderElection26] INFO  server.RaftServerConfigKeys (ConfUtils.java:logGet(46)) - raft.server.watch.element-limit = 65536 (default)
2023-02-16 16:35:46,325 [cfe669b9-663a-43f7-806f-76176ea695bf@group-AE9F91136A35-LeaderElection26] INFO  server.RaftServerConfigKeys (ConfUtils.java:logGet(46)) - raft.server.write.element-limit = 1024 (custom)
2023-02-16 16:35:46,325 [cfe669b9-663a-43f7-806f-76176ea695bf@group-AE9F91136A35-LeaderElection26] INFO  server.RaftServerConfigKeys (ConfUtils.java:logGet(46)) - raft.server.write.follower.gap.ratio.max = -1.0 (default)
2023-02-16 16:35:46,325 [cfe669b9-663a-43f7-806f-76176ea695bf@group-AE9F91136A35-LeaderElection26] INFO  server.RaftServerConfigKeys (ConfUtils.java:logGet(46)) - raft.server.log.appender.snapshot.chunk.size.max = 16MB (=16777216) (default)
2023-02-16 16:35:46,325 [cfe669b9-663a-43f7-806f-76176ea695bf@group-AE9F91136A35-LeaderElection26] INFO  server.RaftServerConfigKeys (ConfUtils.java:logGet(46)) - raft.server.log.appender.buffer.byte-limit = 33554432 (custom)
2023-02-16 16:35:46,325 [cfe669b9-663a-43f7-806f-76176ea695bf@group-AE9F91136A35-LeaderElection26] INFO  server.RaftServerConfigKeys (ConfUtils.java:logGet(46)) - raft.server.log.appender.buffer.element-limit = 1 (custom)
2023-02-16 16:35:46,325 [cfe669b9-663a-43f7-806f-76176ea695bf@group-AE9F91136A35-LeaderElection26] INFO  grpc.GrpcConfigKeys (ConfUtils.java:logGet(46)) - raft.grpc.server.leader.outstanding.appends.max = 128 (default)
2023-02-16 16:35:46,325 [cfe669b9-663a-43f7-806f-76176ea695bf@group-AE9F91136A35-LeaderElection26] INFO  server.RaftServerConfigKeys (ConfUtils.java:logGet(46)) - raft.server.rpc.request.timeout = 60s (custom)
2023-02-16 16:35:46,325 [cfe669b9-663a-43f7-806f-76176ea695bf@group-AE9F91136A35-LeaderElection26] INFO  server.RaftServerConfigKeys (ConfUtils.java:logGet(46)) - raft.server.log.appender.install.snapshot.enabled = false (custom)
2023-02-16 16:35:46,325 [cfe669b9-663a-43f7-806f-76176ea695bf@group-AE9F91136A35-LeaderElection26] INFO  grpc.GrpcConfigKeys (ConfUtils.java:logGet(46)) - raft.grpc.server.heartbeat.channel = true (default)
2023-02-16 16:35:46,326 [cfe669b9-663a-43f7-806f-76176ea695bf@group-AE9F91136A35-LeaderElection26] INFO  server.RaftServerConfigKeys (ConfUtils.java:logGet(46)) - raft.server.log.appender.wait-time.min = 10ms (default)
2023-02-16 16:35:46,326 [832c6eac-c5e0-4404-a712-42768f90b279@group-EA647C2F701F-FollowerState] INFO  impl.FollowerState (FollowerState.java:run(143)) - 832c6eac-c5e0-4404-a712-42768f90b279@group-EA647C2F701F-FollowerState: change to CANDIDATE, lastRpcElapsedTime:5028985844ns, electionTimeout:5028ms
2023-02-16 16:35:46,326 [832c6eac-c5e0-4404-a712-42768f90b279@group-EA647C2F701F-FollowerState] INFO  impl.RoleInfo (RoleInfo.java:shutdownFollowerState(110)) - 832c6eac-c5e0-4404-a712-42768f90b279: shutdown 832c6eac-c5e0-4404-a712-42768f90b279@group-EA647C2F701F-FollowerState
2023-02-16 16:35:46,326 [832c6eac-c5e0-4404-a712-42768f90b279@group-EA647C2F701F-FollowerState] INFO  server.RaftServer$Division (RaftServerImpl.java:setRole(321)) - 832c6eac-c5e0-4404-a712-42768f90b279@group-EA647C2F701F: changes role from  FOLLOWER to CANDIDATE at term 0 for changeToCandidate
2023-02-16 16:35:46,326 [832c6eac-c5e0-4404-a712-42768f90b279@group-EA647C2F701F-FollowerState] INFO  server.RaftServerConfigKeys (ConfUtils.java:logGet(46)) - raft.server.leaderelection.pre-vote = true (default)
2023-02-16 16:35:46,326 [832c6eac-c5e0-4404-a712-42768f90b279@group-EA647C2F701F-FollowerState] INFO  impl.RoleInfo (RoleInfo.java:updateAndGet(139)) - 832c6eac-c5e0-4404-a712-42768f90b279: start 832c6eac-c5e0-4404-a712-42768f90b279@group-EA647C2F701F-LeaderElection27
2023-02-16 16:35:46,326 [EventQueue-PipelineReportForPipelineReportHandler] INFO  pipeline.PipelineManagerImpl (PipelineManagerImpl.java:openPipeline(367)) - Pipeline Pipeline[ Id: cfa963c0-4c95-4f99-8b8c-ae9f91136a35, Nodes: 47c87cc4-760b-451b-b923-a7cd32ec4f45(fv-az167-289.21ktoceh2wee5fewwtpg1zd01g.bx.internal.cloudapp.net/10.1.0.66)832c6eac-c5e0-4404-a712-42768f90b279(fv-az167-289.21ktoceh2wee5fewwtpg1zd01g.bx.internal.cloudapp.net/10.1.0.66)cfe669b9-663a-43f7-806f-76176ea695bf(fv-az167-289.21ktoceh2wee5fewwtpg1zd01g.bx.internal.cloudapp.net/10.1.0.66), ReplicationConfig: RATIS/THREE, State:ALLOCATED, leaderId:cfe669b9-663a-43f7-806f-76176ea695bf, CreationTimestamp2023-02-16T16:35:38.874Z[Etc/UTC]] moved to OPEN state
2023-02-16 16:35:46,327 [EventQueue-OpenPipelineForHealthyPipelineSafeModeRule] INFO  safemode.SCMSafeModeManager (HealthyPipelineSafeModeRule.java:process(137)) - SCM in safe mode. Healthy pipelines reported count is 1, required healthy pipeline reported count is 1
2023-02-16 16:35:46,327 [EventQueue-OpenPipelineForHealthyPipelineSafeModeRule] INFO  safemode.SCMSafeModeManager (SCMSafeModeManager.java:validateSafeModeExitRules(200)) - HealthyPipelineSafeModeRule rule is successfully validated
2023-02-16 16:35:46,327 [EventQueue-OpenPipelineForHealthyPipelineSafeModeRule] INFO  safemode.SCMSafeModeManager (SCMSafeModeManager.java:validateSafeModeExitRules(215)) - ScmSafeModeManager, all rules are successfully validated
2023-02-16 16:35:46,327 [EventQueue-OpenPipelineForHealthyPipelineSafeModeRule] INFO  safemode.SCMSafeModeManager (SCMSafeModeManager.java:exitSafeMode(244)) - SCM exiting safe mode.
2023-02-16 16:35:46,327 [EventQueue-OpenPipelineForHealthyPipelineSafeModeRule] INFO  ha.SCMContext (SCMContext.java:updateSafeModeStatus(228)) - Update SafeModeStatus from SafeModeStatus{safeModeStatus=true, preCheckPassed=true} to SafeModeStatus{safeModeStatus=false, preCheckPassed=true}.
2023-02-16 16:35:46,327 [EventQueue-OpenPipelineForHealthyPipelineSafeModeRule] INFO  pipeline.BackgroundPipelineCreator (BackgroundPipelineCreator.java:notifyStatusChanged(254)) - Service BackgroundPipelineCreator transitions to RUNNING.
2023-02-16 16:35:46,327 [EventQueue-OpenPipelineForHealthyPipelineSafeModeRule] INFO  BackgroundPipelineScrubber (BackgroundSCMService.java:notifyStatusChanged(82)) - Service BackgroundPipelineScrubber transitions to RUNNING.
2023-02-16 16:35:46,327 [EventQueue-OpenPipelineForHealthyPipelineSafeModeRule] INFO  ExpiredContainerReplicaOpScrubber (BackgroundSCMService.java:notifyStatusChanged(82)) - Service ExpiredContainerReplicaOpScrubber transitions to RUNNING.
2023-02-16 16:35:46,327 [EventQueue-OpenPipelineForHealthyPipelineSafeModeRule] INFO  replication.ReplicationManager (ReplicationManager.java:notifyStatusChanged(1036)) - Service ReplicationManager transitions to RUNNING.
2023-02-16 16:35:46,327 [EventQueue-OpenPipelineForHealthyPipelineSafeModeRule] WARN  balancer.ContainerBalancer (ContainerBalancer.java:shouldRun(131)) - Could not find persisted configuration for ContainerBalancer when checking if ContainerBalancer should run. ContainerBalancer should not run now.
2023-02-16 16:35:46,327 [cfe669b9-663a-43f7-806f-76176ea695bf@group-AE9F91136A35-LeaderElection26] INFO  server.RaftServerConfigKeys (ConfUtils.java:logGet(46)) - raft.server.log.appender.snapshot.chunk.size.max = 16MB (=16777216) (default)
2023-02-16 16:35:46,327 [cfe669b9-663a-43f7-806f-76176ea695bf@group-AE9F91136A35-LeaderElection26] INFO  server.RaftServerConfigKeys (ConfUtils.java:logGet(46)) - raft.server.log.appender.buffer.byte-limit = 33554432 (custom)
2023-02-16 16:35:46,327 [cfe669b9-663a-43f7-806f-76176ea695bf@group-AE9F91136A35-LeaderElection26] INFO  server.RaftServerConfigKeys (ConfUtils.java:logGet(46)) - raft.server.log.appender.buffer.element-limit = 1 (custom)
2023-02-16 16:35:46,328 [832c6eac-c5e0-4404-a712-42768f90b279@group-AE9F91136A35-FollowerState] INFO  impl.FollowerState (FollowerState.java:run(152)) - 832c6eac-c5e0-4404-a712-42768f90b279@group-AE9F91136A35-FollowerState was interrupted
2023-02-16 16:35:46,328 [cfe669b9-663a-43f7-806f-76176ea695bf@group-AE9F91136A35-LeaderElection26] INFO  grpc.GrpcConfigKeys (ConfUtils.java:logGet(46)) - raft.grpc.server.leader.outstanding.appends.max = 128 (default)
2023-02-16 16:35:46,328 [cfe669b9-663a-43f7-806f-76176ea695bf@group-AE9F91136A35-LeaderElection26] INFO  server.RaftServerConfigKeys (ConfUtils.java:logGet(46)) - raft.server.rpc.request.timeout = 60s (custom)
2023-02-16 16:35:46,328 [cfe669b9-663a-43f7-806f-76176ea695bf@group-AE9F91136A35-LeaderElection26] INFO  server.RaftServerConfigKeys (ConfUtils.java:logGet(46)) - raft.server.log.appender.install.snapshot.enabled = false (custom)
2023-02-16 16:35:46,328 [cfe669b9-663a-43f7-806f-76176ea695bf@group-AE9F91136A35-LeaderElection26] INFO  grpc.GrpcConfigKeys (ConfUtils.java:logGet(46)) - raft.grpc.server.heartbeat.channel = true (default)
2023-02-16 16:35:46,328 [cfe669b9-663a-43f7-806f-76176ea695bf@group-AE9F91136A35-LeaderElection26] INFO  server.RaftServerConfigKeys (ConfUtils.java:logGet(46)) - raft.server.log.appender.wait-time.min = 10ms (default)
2023-02-16 16:35:46,328 [cfe669b9-663a-43f7-806f-76176ea695bf@group-AE9F91136A35-LeaderElection26] INFO  impl.RoleInfo (RoleInfo.java:updateAndGet(139)) - cfe669b9-663a-43f7-806f-76176ea695bf: start cfe669b9-663a-43f7-806f-76176ea695bf@group-AE9F91136A35-LeaderStateImpl
2023-02-16 16:35:46,328 [cfe669b9-663a-43f7-806f-76176ea695bf@group-AE9F91136A35-LeaderElection26] INFO  segmented.SegmentedRaftLogWorker (SegmentedRaftLogWorker.java:startLogSegment(452)) - cfe669b9-663a-43f7-806f-76176ea695bf@group-AE9F91136A35-SegmentedRaftLogWorker: Starting segment from index:0
2023-02-16 16:35:46,330 [cfe669b9-663a-43f7-806f-76176ea695bf@group-AE9F91136A35-SegmentedRaftLogWorker] INFO  segmented.SegmentedRaftLogWorker (SegmentedRaftLogWorker.java:execute(656)) - cfe669b9-663a-43f7-806f-76176ea695bf@group-AE9F91136A35-SegmentedRaftLogWorker: created new log segment /home/runner/work/ozone/ozone/hadoop-ozone/integration-test/target/test-dir/MiniOzoneClusterImpl-b3d396d2-53dd-4e8c-be8e-68e1d9cb948b/datanode-1/data/ratis/cfa963c0-4c95-4f99-8b8c-ae9f91136a35/current/log_inprogress_0
2023-02-16 16:35:46,331 [832c6eac-c5e0-4404-a712-42768f90b279@group-EA647C2F701F-LeaderElection27] INFO  impl.LeaderElection (LeaderElection.java:askForVotes(312)) - 832c6eac-c5e0-4404-a712-42768f90b279@group-EA647C2F701F-LeaderElection27 PRE_VOTE round 0: submit vote requests at term 0 for -1: peers:[cfe669b9-663a-43f7-806f-76176ea695bf|rpc:10.1.0.66:35191|dataStream:10.1.0.66:39659|priority:0|startupRole:FOLLOWER, 47c87cc4-760b-451b-b923-a7cd32ec4f45|rpc:10.1.0.66:45343|dataStream:10.1.0.66:38397|priority:0|startupRole:FOLLOWER, 832c6eac-c5e0-4404-a712-42768f90b279|rpc:10.1.0.66:39217|dataStream:10.1.0.66:39199|priority:1|startupRole:FOLLOWER]|listeners:[], old=null
2023-02-16 16:35:46,331 [cfe669b9-663a-43f7-806f-76176ea695bf@group-AE9F91136A35-LeaderElection26] INFO  server.RaftServer$Division (ServerState.java:setRaftConf(430)) - cfe669b9-663a-43f7-806f-76176ea695bf@group-AE9F91136A35: set configuration 0: peers:[cfe669b9-663a-43f7-806f-76176ea695bf|rpc:10.1.0.66:35191|dataStream:10.1.0.66:39659|priority:1|startupRole:FOLLOWER, 47c87cc4-760b-451b-b923-a7cd32ec4f45|rpc:10.1.0.66:45343|dataStream:10.1.0.66:38397|priority:0|startupRole:FOLLOWER, 832c6eac-c5e0-4404-a712-42768f90b279|rpc:10.1.0.66:39217|dataStream:10.1.0.66:39199|priority:0|startupRole:FOLLOWER]|listeners:[], old=null
2023-02-16 16:35:46,332 [grpc-default-executor-1] INFO  impl.RoleInfo (RoleInfo.java:updateAndGet(139)) - 832c6eac-c5e0-4404-a712-42768f90b279: start 832c6eac-c5e0-4404-a712-42768f90b279@group-AE9F91136A35-FollowerState
2023-02-16 16:35:46,333 [832c6eac-c5e0-4404-a712-42768f90b279@group-AE9F91136A35-FollowerState] INFO  server.RaftServerConfigKeys (ConfUtils.java:logFallback(53)) - raft.server.rpc.first-election.timeout.min = 5s (fallback to raft.server.rpc.timeout.min)
2023-02-16 16:35:46,333 [832c6eac-c5e0-4404-a712-42768f90b279@group-AE9F91136A35-FollowerState] INFO  server.RaftServerConfigKeys (ConfUtils.java:logFallback(53)) - raft.server.rpc.first-election.timeout.max = 5200ms (fallback to raft.server.rpc.timeout.max)
2023-02-16 16:35:46,333 [832c6eac-c5e0-4404-a712-42768f90b279@group-EA647C2F701F-LeaderElection27-1] INFO  server.GrpcServerProtocolClient (GrpcServerProtocolClient.java:<init>(63)) - Build channel for cfe669b9-663a-43f7-806f-76176ea695bf
2023-02-16 16:35:46,334 [grpc-default-executor-1] INFO  server.RaftServer$Division (RaftServerImpl.java:requestVote(1251)) - 832c6eac-c5e0-4404-a712-42768f90b279@group-AE9F91136A35 replies to ELECTION vote request: cfe669b9-663a-43f7-806f-76176ea695bf<-832c6eac-c5e0-4404-a712-42768f90b279#0:OK-t1. Peer's state: 832c6eac-c5e0-4404-a712-42768f90b279@group-AE9F91136A35:t1, leader=null, voted=cfe669b9-663a-43f7-806f-76176ea695bf, raftlog=Memoized:832c6eac-c5e0-4404-a712-42768f90b279@group-AE9F91136A35-SegmentedRaftLog:OPENED:c-1, conf=-1: peers:[cfe669b9-663a-43f7-806f-76176ea695bf|rpc:10.1.0.66:35191|dataStream:10.1.0.66:39659|priority:1|startupRole:FOLLOWER, 47c87cc4-760b-451b-b923-a7cd32ec4f45|rpc:10.1.0.66:45343|dataStream:10.1.0.66:38397|priority:0|startupRole:FOLLOWER, 832c6eac-c5e0-4404-a712-42768f90b279|rpc:10.1.0.66:39217|dataStream:10.1.0.66:39199|priority:0|startupRole:FOLLOWER]|listeners:[], old=null
2023-02-16 16:35:46,334 [832c6eac-c5e0-4404-a712-42768f90b279@group-EA647C2F701F-LeaderElection27] INFO  server.RaftServerConfigKeys (ConfUtils.java:logFallback(53)) - raft.server.rpc.first-election.timeout.min = 5s (fallback to raft.server.rpc.timeout.min)
2023-02-16 16:35:46,334 [832c6eac-c5e0-4404-a712-42768f90b279@group-EA647C2F701F-LeaderElection27] INFO  server.RaftServerConfigKeys (ConfUtils.java:logFallback(53)) - raft.server.rpc.first-election.timeout.max = 5200ms (fallback to raft.server.rpc.timeout.max)
2023-02-16 16:35:46,334 [832c6eac-c5e0-4404-a712-42768f90b279@group-EA647C2F701F-LeaderElection27-2] INFO  server.GrpcServerProtocolClient (GrpcServerProtocolClient.java:<init>(63)) - Build channel for 47c87cc4-760b-451b-b923-a7cd32ec4f45
2023-02-16 16:35:46,340 [832c6eac-c5e0-4404-a712-42768f90b279@group-655E397761C3-FollowerState] INFO  impl.FollowerState (FollowerState.java:run(143)) - 832c6eac-c5e0-4404-a712-42768f90b279@group-655E397761C3-FollowerState: change to CANDIDATE, lastRpcElapsedTime:5132826451ns, electionTimeout:5132ms
2023-02-16 16:35:46,340 [832c6eac-c5e0-4404-a712-42768f90b279@group-655E397761C3-FollowerState] INFO  impl.RoleInfo (RoleInfo.java:shutdownFollowerState(110)) - 832c6eac-c5e0-4404-a712-42768f90b279: shutdown 832c6eac-c5e0-4404-a712-42768f90b279@group-655E397761C3-FollowerState
2023-02-16 16:35:46,340 [832c6eac-c5e0-4404-a712-42768f90b279@group-655E397761C3-FollowerState] INFO  server.RaftServer$Division (RaftServerImpl.java:setRole(321)) - 832c6eac-c5e0-4404-a712-42768f90b279@group-655E397761C3: changes role from  FOLLOWER to CANDIDATE at term 0 for changeToCandidate
2023-02-16 16:35:46,341 [832c6eac-c5e0-4404-a712-42768f90b279@group-655E397761C3-FollowerState] INFO  server.RaftServerConfigKeys (ConfUtils.java:logGet(46)) - raft.server.leaderelection.pre-vote = true (default)
2023-02-16 16:35:46,341 [832c6eac-c5e0-4404-a712-42768f90b279@group-655E397761C3-FollowerState] INFO  impl.RoleInfo (RoleInfo.java:updateAndGet(139)) - 832c6eac-c5e0-4404-a712-42768f90b279: start 832c6eac-c5e0-4404-a712-42768f90b279@group-655E397761C3-LeaderElection28
2023-02-16 16:35:46,354 [832c6eac-c5e0-4404-a712-42768f90b279@group-655E397761C3-LeaderElection28] INFO  impl.LeaderElection (LeaderElection.java:askForVotes(312)) - 832c6eac-c5e0-4404-a712-42768f90b279@group-655E397761C3-LeaderElection28 PRE_VOTE round 0: submit vote requests at term 0 for -1: peers:[832c6eac-c5e0-4404-a712-42768f90b279|rpc:10.1.0.66:39217|dataStream:10.1.0.66:39199|priority:1|startupRole:FOLLOWER]|listeners:[], old=null
2023-02-16 16:35:46,355 [832c6eac-c5e0-4404-a712-42768f90b279@group-655E397761C3-LeaderElection28] INFO  impl.LeaderElection (LeaderElection.java:askForVotes(314)) - 832c6eac-c5e0-4404-a712-42768f90b279@group-655E397761C3-LeaderElection28 PRE_VOTE round 0: result PASSED (term=0)
2023-02-16 16:35:46,356 [47c87cc4-760b-451b-b923-a7cd32ec4f45-server-thread2] INFO  ratis.XceiverServerRatis (XceiverServerRatis.java:handleLeaderChangedNotification(905)) - Leader change notification received for group: group-AE9F91136A35 with new leaderId: cfe669b9-663a-43f7-806f-76176ea695bf
2023-02-16 16:35:46,356 [47c87cc4-760b-451b-b923-a7cd32ec4f45-server-thread2] INFO  server.RaftServer$Division (ServerState.java:setLeader(313)) - 47c87cc4-760b-451b-b923-a7cd32ec4f45@group-AE9F91136A35: change Leader from null to cfe669b9-663a-43f7-806f-76176ea695bf at term 1 for appendEntries, leader elected after 5113ms
2023-02-16 16:35:46,357 [832c6eac-c5e0-4404-a712-42768f90b279@group-655E397761C3-LeaderElection28] INFO  impl.LeaderElection (LeaderElection.java:askForVotes(312)) - 832c6eac-c5e0-4404-a712-42768f90b279@group-655E397761C3-LeaderElection28 ELECTION round 0: submit vote requests at term 1 for -1: peers:[832c6eac-c5e0-4404-a712-42768f90b279|rpc:10.1.0.66:39217|dataStream:10.1.0.66:39199|priority:1|startupRole:FOLLOWER]|listeners:[], old=null
2023-02-16 16:35:46,357 [832c6eac-c5e0-4404-a712-42768f90b279@group-655E397761C3-LeaderElection28] INFO  impl.LeaderElection (LeaderElection.java:askForVotes(314)) - 832c6eac-c5e0-4404-a712-42768f90b279@group-655E397761C3-LeaderElection28 ELECTION round 0: result PASSED (term=1)
2023-02-16 16:35:46,357 [832c6eac-c5e0-4404-a712-42768f90b279@group-655E397761C3-LeaderElection28] INFO  impl.RoleInfo (RoleInfo.java:shutdownLeaderElection(130)) - 832c6eac-c5e0-4404-a712-42768f90b279: shutdown 832c6eac-c5e0-4404-a712-42768f90b279@group-655E397761C3-LeaderElection28
2023-02-16 16:35:46,357 [832c6eac-c5e0-4404-a712-42768f90b279@group-655E397761C3-LeaderElection28] INFO  server.RaftServer$Division (RaftServerImpl.java:setRole(321)) - 832c6eac-c5e0-4404-a712-42768f90b279@group-655E397761C3: changes role from CANDIDATE to LEADER at term 1 for changeToLeader
2023-02-16 16:35:46,357 [832c6eac-c5e0-4404-a712-42768f90b279@group-655E397761C3-LeaderElection28] INFO  ratis.XceiverServerRatis (XceiverServerRatis.java:handleLeaderChangedNotification(905)) - Leader change notification received for group: group-655E397761C3 with new leaderId: 832c6eac-c5e0-4404-a712-42768f90b279
2023-02-16 16:35:46,357 [832c6eac-c5e0-4404-a712-42768f90b279-server-thread1] INFO  ratis.XceiverServerRatis (XceiverServerRatis.java:handleLeaderChangedNotification(905)) - Leader change notification received for group: group-AE9F91136A35 with new leaderId: cfe669b9-663a-43f7-806f-76176ea695bf
2023-02-16 16:35:46,357 [832c6eac-c5e0-4404-a712-42768f90b279-server-thread1] INFO  server.RaftServer$Division (ServerState.java:setLeader(313)) - 832c6eac-c5e0-4404-a712-42768f90b279@group-AE9F91136A35: change Leader from null to cfe669b9-663a-43f7-806f-76176ea695bf at term 1 for appendEntries, leader elected after 5147ms
2023-02-16 16:35:46,359 [832c6eac-c5e0-4404-a712-42768f90b279@group-655E397761C3-LeaderElection28] INFO  server.RaftServer$Division (ServerState.java:setLeader(313)) - 832c6eac-c5e0-4404-a712-42768f90b279@group-655E397761C3: change Leader from null to 832c6eac-c5e0-4404-a712-42768f90b279 at term 1 for becomeLeader, leader elected after 5160ms
2023-02-16 16:35:46,359 [832c6eac-c5e0-4404-a712-42768f90b279@group-655E397761C3-LeaderElection28] INFO  server.RaftServerConfigKeys (ConfUtils.java:logGet(46)) - raft.server.staging.catchup.gap = 1000 (default)
2023-02-16 16:35:46,359 [832c6eac-c5e0-4404-a712-42768f90b279@group-655E397761C3-LeaderElection28] INFO  server.RaftServerConfigKeys (ConfUtils.java:logGet(46)) - raft.server.write.element-limit = 1024 (custom)
2023-02-16 16:35:46,359 [832c6eac-c5e0-4404-a712-42768f90b279@group-655E397761C3-LeaderElection28] INFO  server.RaftServerConfigKeys (ConfUtils.java:logGet(46)) - raft.server.write.byte-limit = 1024 M (=1073741824) (custom)
2023-02-16 16:35:46,359 [832c6eac-c5e0-4404-a712-42768f90b279@group-655E397761C3-LeaderElection28] INFO  server.RaftServerConfigKeys (ConfUtils.java:logGet(46)) - raft.server.watch.timeout = 180s (custom)
2023-02-16 16:35:46,359 [832c6eac-c5e0-4404-a712-42768f90b279@group-655E397761C3-LeaderElection28] INFO  server.RaftServerConfigKeys (ConfUtils.java:logGet(46)) - raft.server.watch.timeout.denomination = 1s (default)
2023-02-16 16:35:46,359 [832c6eac-c5e0-4404-a712-42768f90b279@group-655E397761C3-LeaderElection28] INFO  server.RaftServerConfigKeys (ConfUtils.java:logGet(46)) - raft.server.watch.element-limit = 65536 (default)
2023-02-16 16:35:46,359 [832c6eac-c5e0-4404-a712-42768f90b279@group-655E397761C3-LeaderElection28] INFO  server.RaftServerConfigKeys (ConfUtils.java:logGet(46)) - raft.server.write.element-limit = 1024 (custom)
2023-02-16 16:35:46,359 [832c6eac-c5e0-4404-a712-42768f90b279@group-655E397761C3-LeaderElection28] INFO  server.RaftServerConfigKeys (ConfUtils.java:logGet(46)) - raft.server.write.follower.gap.ratio.max = -1.0 (default)
2023-02-16 16:35:46,360 [832c6eac-c5e0-4404-a712-42768f90b279@group-655E397761C3-LeaderElection28] INFO  impl.RoleInfo (RoleInfo.java:updateAndGet(139)) - 832c6eac-c5e0-4404-a712-42768f90b279: start 832c6eac-c5e0-4404-a712-42768f90b279@group-655E397761C3-LeaderStateImpl
2023-02-16 16:35:46,360 [832c6eac-c5e0-4404-a712-42768f90b279@group-655E397761C3-LeaderElection28] INFO  segmented.SegmentedRaftLogWorker (SegmentedRaftLogWorker.java:startLogSegment(452)) - 832c6eac-c5e0-4404-a712-42768f90b279@group-655E397761C3-SegmentedRaftLogWorker: Starting segment from index:0
2023-02-16 16:35:46,364 [832c6eac-c5e0-4404-a712-42768f90b279@group-655E397761C3-SegmentedRaftLogWorker] INFO  segmented.SegmentedRaftLogWorker (SegmentedRaftLogWorker.java:execute(656)) - 832c6eac-c5e0-4404-a712-42768f90b279@group-655E397761C3-SegmentedRaftLogWorker: created new log segment /home/runner/work/ozone/ozone/hadoop-ozone/integration-test/target/test-dir/MiniOzoneClusterImpl-b3d396d2-53dd-4e8c-be8e-68e1d9cb948b/datanode-0/data/ratis/9e89abcb-3e68-422c-ae20-655e397761c3/current/log_inprogress_0
2023-02-16 16:35:46,367 [47c87cc4-760b-451b-b923-a7cd32ec4f45-server-thread1] INFO  server.RaftServer$Division (ServerState.java:setRaftConf(430)) - 47c87cc4-760b-451b-b923-a7cd32ec4f45@group-AE9F91136A35: set configuration 0: peers:[cfe669b9-663a-43f7-806f-76176ea695bf|rpc:10.1.0.66:35191|dataStream:10.1.0.66:39659|priority:1|startupRole:FOLLOWER, 47c87cc4-760b-451b-b923-a7cd32ec4f45|rpc:10.1.0.66:45343|dataStream:10.1.0.66:38397|priority:0|startupRole:FOLLOWER, 832c6eac-c5e0-4404-a712-42768f90b279|rpc:10.1.0.66:39217|dataStream:10.1.0.66:39199|priority:0|startupRole:FOLLOWER]|listeners:[], old=null
2023-02-16 16:35:46,367 [47c87cc4-760b-451b-b923-a7cd32ec4f45-server-thread1] INFO  segmented.SegmentedRaftLogWorker (SegmentedRaftLogWorker.java:startLogSegment(452)) - 47c87cc4-760b-451b-b923-a7cd32ec4f45@group-AE9F91136A35-SegmentedRaftLogWorker: Starting segment from index:0
2023-02-16 16:35:46,371 [47c87cc4-760b-451b-b923-a7cd32ec4f45@group-AE9F91136A35-SegmentedRaftLogWorker] INFO  segmented.SegmentedRaftLogWorker (SegmentedRaftLogWorker.java:execute(656)) - 47c87cc4-760b-451b-b923-a7cd32ec4f45@group-AE9F91136A35-SegmentedRaftLogWorker: created new log segment /home/runner/work/ozone/ozone/hadoop-ozone/integration-test/target/test-dir/MiniOzoneClusterImpl-b3d396d2-53dd-4e8c-be8e-68e1d9cb948b/datanode-2/data/ratis/cfa963c0-4c95-4f99-8b8c-ae9f91136a35/current/log_inprogress_0
2023-02-16 16:35:46,373 [832c6eac-c5e0-4404-a712-42768f90b279@group-655E397761C3-LeaderElection28] INFO  server.RaftServer$Division (ServerState.java:setRaftConf(430)) - 832c6eac-c5e0-4404-a712-42768f90b279@group-655E397761C3: set configuration 0: peers:[832c6eac-c5e0-4404-a712-42768f90b279|rpc:10.1.0.66:39217|dataStream:10.1.0.66:39199|priority:1|startupRole:FOLLOWER]|listeners:[], old=null
2023-02-16 16:35:46,373 [grpc-default-executor-1] INFO  server.RaftServer$Division (RaftServerImpl.java:requestVote(1218)) - cfe669b9-663a-43f7-806f-76176ea695bf@group-EA647C2F701F: receive requestVote(PRE_VOTE, 832c6eac-c5e0-4404-a712-42768f90b279, group-EA647C2F701F, 0, (t:0, i:0))
2023-02-16 16:35:46,374 [grpc-default-executor-1] INFO  impl.VoteContext (VoteContext.java:log(49)) - cfe669b9-663a-43f7-806f-76176ea695bf@group-EA647C2F701F-FOLLOWER: accept PRE_VOTE from 832c6eac-c5e0-4404-a712-42768f90b279: our priority 0 <= candidate's priority 1
2023-02-16 16:35:46,374 [grpc-default-executor-1] INFO  server.RaftServer$Division (RaftServerImpl.java:requestVote(1251)) - cfe669b9-663a-43f7-806f-76176ea695bf@group-EA647C2F701F replies to PRE_VOTE vote request: 832c6eac-c5e0-4404-a712-42768f90b279<-cfe669b9-663a-43f7-806f-76176ea695bf#0:OK-t0. Peer's state: cfe669b9-663a-43f7-806f-76176ea695bf@group-EA647C2F701F:t0, leader=null, voted=, raftlog=Memoized:cfe669b9-663a-43f7-806f-76176ea695bf@group-EA647C2F701F-SegmentedRaftLog:OPENED:c-1, conf=-1: peers:[cfe669b9-663a-43f7-806f-76176ea695bf|rpc:10.1.0.66:35191|dataStream:10.1.0.66:39659|priority:0|startupRole:FOLLOWER, 47c87cc4-760b-451b-b923-a7cd32ec4f45|rpc:10.1.0.66:45343|dataStream:10.1.0.66:38397|priority:0|startupRole:FOLLOWER, 832c6eac-c5e0-4404-a712-42768f90b279|rpc:10.1.0.66:39217|dataStream:10.1.0.66:39199|priority:1|startupRole:FOLLOWER]|listeners:[], old=null
2023-02-16 16:35:46,374 [832c6eac-c5e0-4404-a712-42768f90b279@group-EA647C2F701F-LeaderElection27] INFO  impl.LeaderElection (LeaderElection.java:logAndReturn(90)) - 832c6eac-c5e0-4404-a712-42768f90b279@group-EA647C2F701F-LeaderElection27: PRE_VOTE PASSED received 1 response(s) and 0 exception(s):
2023-02-16 16:35:46,374 [832c6eac-c5e0-4404-a712-42768f90b279@group-EA647C2F701F-LeaderElection27] INFO  impl.LeaderElection (LeaderElection.java:logAndReturn(94)) -   Response 0: 832c6eac-c5e0-4404-a712-42768f90b279<-cfe669b9-663a-43f7-806f-76176ea695bf#0:OK-t0
2023-02-16 16:35:46,374 [832c6eac-c5e0-4404-a712-42768f90b279@group-EA647C2F701F-LeaderElection27] INFO  impl.LeaderElection (LeaderElection.java:askForVotes(314)) - 832c6eac-c5e0-4404-a712-42768f90b279@group-EA647C2F701F-LeaderElection27 PRE_VOTE round 0: result PASSED
2023-02-16 16:35:46,375 [grpc-default-executor-1] INFO  server.RaftServer$Division (RaftServerImpl.java:requestVote(1218)) - 47c87cc4-760b-451b-b923-a7cd32ec4f45@group-EA647C2F701F: receive requestVote(PRE_VOTE, 832c6eac-c5e0-4404-a712-42768f90b279, group-EA647C2F701F, 0, (t:0, i:0))
2023-02-16 16:35:46,375 [grpc-default-executor-1] INFO  impl.VoteContext (VoteContext.java:log(49)) - 47c87cc4-760b-451b-b923-a7cd32ec4f45@group-EA647C2F701F-FOLLOWER: accept PRE_VOTE from 832c6eac-c5e0-4404-a712-42768f90b279: our priority 0 <= candidate's priority 1
2023-02-16 16:35:46,375 [grpc-default-executor-1] INFO  server.RaftServer$Division (RaftServerImpl.java:requestVote(1251)) - 47c87cc4-760b-451b-b923-a7cd32ec4f45@group-EA647C2F701F replies to PRE_VOTE vote request: 832c6eac-c5e0-4404-a712-42768f90b279<-47c87cc4-760b-451b-b923-a7cd32ec4f45#0:OK-t0. Peer's state: 47c87cc4-760b-451b-b923-a7cd32ec4f45@group-EA647C2F701F:t0, leader=null, voted=, raftlog=Memoized:47c87cc4-760b-451b-b923-a7cd32ec4f45@group-EA647C2F701F-SegmentedRaftLog:OPENED:c-1, conf=-1: peers:[cfe669b9-663a-43f7-806f-76176ea695bf|rpc:10.1.0.66:35191|dataStream:10.1.0.66:39659|priority:0|startupRole:FOLLOWER, 47c87cc4-760b-451b-b923-a7cd32ec4f45|rpc:10.1.0.66:45343|dataStream:10.1.0.66:38397|priority:0|startupRole:FOLLOWER, 832c6eac-c5e0-4404-a712-42768f90b279|rpc:10.1.0.66:39217|dataStream:10.1.0.66:39199|priority:1|startupRole:FOLLOWER]|listeners:[], old=null
2023-02-16 16:35:46,376 [832c6eac-c5e0-4404-a712-42768f90b279@group-EA647C2F701F-LeaderElection27] INFO  impl.LeaderElection (LeaderElection.java:askForVotes(312)) - 832c6eac-c5e0-4404-a712-42768f90b279@group-EA647C2F701F-LeaderElection27 ELECTION round 0: submit vote requests at term 1 for -1: peers:[cfe669b9-663a-43f7-806f-76176ea695bf|rpc:10.1.0.66:35191|dataStream:10.1.0.66:39659|priority:0|startupRole:FOLLOWER, 47c87cc4-760b-451b-b923-a7cd32ec4f45|rpc:10.1.0.66:45343|dataStream:10.1.0.66:38397|priority:0|startupRole:FOLLOWER, 832c6eac-c5e0-4404-a712-42768f90b279|rpc:10.1.0.66:39217|dataStream:10.1.0.66:39199|priority:1|startupRole:FOLLOWER]|listeners:[], old=null
2023-02-16 16:35:46,378 [grpc-default-executor-1] INFO  server.RaftServer$Division (RaftServerImpl.java:requestVote(1218)) - cfe669b9-663a-43f7-806f-76176ea695bf@group-EA647C2F701F: receive requestVote(ELECTION, 832c6eac-c5e0-4404-a712-42768f90b279, group-EA647C2F701F, 1, (t:0, i:0))
2023-02-16 16:35:46,378 [grpc-default-executor-1] INFO  impl.VoteContext (VoteContext.java:log(49)) - cfe669b9-663a-43f7-806f-76176ea695bf@group-EA647C2F701F-FOLLOWER: accept ELECTION from 832c6eac-c5e0-4404-a712-42768f90b279: our priority 0 <= candidate's priority 1
2023-02-16 16:35:46,378 [grpc-default-executor-1] INFO  server.RaftServer$Division (RaftServerImpl.java:setRole(321)) - cfe669b9-663a-43f7-806f-76176ea695bf@group-EA647C2F701F: changes role from  FOLLOWER to FOLLOWER at term 1 for candidate:832c6eac-c5e0-4404-a712-42768f90b279
2023-02-16 16:35:46,378 [grpc-default-executor-1] INFO  impl.RoleInfo (RoleInfo.java:shutdownFollowerState(110)) - cfe669b9-663a-43f7-806f-76176ea695bf: shutdown cfe669b9-663a-43f7-806f-76176ea695bf@group-EA647C2F701F-FollowerState
2023-02-16 16:35:46,378 [832c6eac-c5e0-4404-a712-42768f90b279-server-thread1] INFO  server.RaftServer$Division (ServerState.java:setRaftConf(430)) - 832c6eac-c5e0-4404-a712-42768f90b279@group-AE9F91136A35: set configuration 0: peers:[cfe669b9-663a-43f7-806f-76176ea695bf|rpc:10.1.0.66:35191|dataStream:10.1.0.66:39659|priority:1|startupRole:FOLLOWER, 47c87cc4-760b-451b-b923-a7cd32ec4f45|rpc:10.1.0.66:45343|dataStream:10.1.0.66:38397|priority:0|startupRole:FOLLOWER, 832c6eac-c5e0-4404-a712-42768f90b279|rpc:10.1.0.66:39217|dataStream:10.1.0.66:39199|priority:0|startupRole:FOLLOWER]|listeners:[], old=null
2023-02-16 16:35:46,378 [832c6eac-c5e0-4404-a712-42768f90b279-server-thread1] INFO  segmented.SegmentedRaftLogWorker (SegmentedRaftLogWorker.java:startLogSegment(452)) - 832c6eac-c5e0-4404-a712-42768f90b279@group-AE9F91136A35-SegmentedRaftLogWorker: Starting segment from index:0
2023-02-16 16:35:46,379 [832c6eac-c5e0-4404-a712-42768f90b279@group-EA647C2F701F-LeaderElection27] INFO  server.RaftServerConfigKeys (ConfUtils.java:logFallback(53)) - raft.server.rpc.first-election.timeout.min = 5s (fallback to raft.server.rpc.timeout.min)
2023-02-16 16:35:46,379 [832c6eac-c5e0-4404-a712-42768f90b279@group-EA647C2F701F-LeaderElection27] INFO  server.RaftServerConfigKeys (ConfUtils.java:logFallback(53)) - raft.server.rpc.first-election.timeout.max = 5200ms (fallback to raft.server.rpc.timeout.max)
2023-02-16 16:35:46,384 [grpc-default-executor-1] INFO  impl.RoleInfo (RoleInfo.java:updateAndGet(139)) - cfe669b9-663a-43f7-806f-76176ea695bf: start cfe669b9-663a-43f7-806f-76176ea695bf@group-EA647C2F701F-FollowerState
2023-02-16 16:35:46,384 [cfe669b9-663a-43f7-806f-76176ea695bf@group-EA647C2F701F-FollowerState] INFO  impl.FollowerState (FollowerState.java:run(152)) - cfe669b9-663a-43f7-806f-76176ea695bf@group-EA647C2F701F-FollowerState was interrupted
2023-02-16 16:35:46,386 [grpc-default-executor-2] INFO  server.RaftServer$Division (RaftServerImpl.java:requestVote(1218)) - 47c87cc4-760b-451b-b923-a7cd32ec4f45@group-EA647C2F701F: receive requestVote(ELECTION, 832c6eac-c5e0-4404-a712-42768f90b279, group-EA647C2F701F, 1, (t:0, i:0))
2023-02-16 16:35:46,386 [grpc-default-executor-2] INFO  impl.VoteContext (VoteContext.java:log(49)) - 47c87cc4-760b-451b-b923-a7cd32ec4f45@group-EA647C2F701F-FOLLOWER: accept ELECTION from 832c6eac-c5e0-4404-a712-42768f90b279: our priority 0 <= candidate's priority 1
2023-02-16 16:35:46,386 [grpc-default-executor-2] INFO  server.RaftServer$Division (RaftServerImpl.java:setRole(321)) - 47c87cc4-760b-451b-b923-a7cd32ec4f45@group-EA647C2F701F: changes role from  FOLLOWER to FOLLOWER at term 1 for candidate:832c6eac-c5e0-4404-a712-42768f90b279
2023-02-16 16:35:46,386 [grpc-default-executor-2] INFO  impl.RoleInfo (RoleInfo.java:shutdownFollowerState(110)) - 47c87cc4-760b-451b-b923-a7cd32ec4f45: shutdown 47c87cc4-760b-451b-b923-a7cd32ec4f45@group-EA647C2F701F-FollowerState
2023-02-16 16:35:46,386 [grpc-default-executor-2] INFO  impl.RoleInfo (RoleInfo.java:updateAndGet(139)) - 47c87cc4-760b-451b-b923-a7cd32ec4f45: start 47c87cc4-760b-451b-b923-a7cd32ec4f45@group-EA647C2F701F-FollowerState
2023-02-16 16:35:46,387 [47c87cc4-760b-451b-b923-a7cd32ec4f45@group-EA647C2F701F-FollowerState] INFO  server.RaftServerConfigKeys (ConfUtils.java:logFallback(53)) - raft.server.rpc.first-election.timeout.min = 5s (fallback to raft.server.rpc.timeout.min)
2023-02-16 16:35:46,387 [47c87cc4-760b-451b-b923-a7cd32ec4f45@group-EA647C2F701F-FollowerState] INFO  server.RaftServerConfigKeys (ConfUtils.java:logFallback(53)) - raft.server.rpc.first-election.timeout.max = 5200ms (fallback to raft.server.rpc.timeout.max)
2023-02-16 16:35:46,387 [47c87cc4-760b-451b-b923-a7cd32ec4f45@group-EA647C2F701F-FollowerState] INFO  impl.FollowerState (FollowerState.java:run(152)) - 47c87cc4-760b-451b-b923-a7cd32ec4f45@group-EA647C2F701F-FollowerState was interrupted
2023-02-16 16:35:46,387 [832c6eac-c5e0-4404-a712-42768f90b279@group-AE9F91136A35-SegmentedRaftLogWorker] INFO  segmented.SegmentedRaftLogWorker (SegmentedRaftLogWorker.java:execute(656)) - 832c6eac-c5e0-4404-a712-42768f90b279@group-AE9F91136A35-SegmentedRaftLogWorker: created new log segment /home/runner/work/ozone/ozone/hadoop-ozone/integration-test/target/test-dir/MiniOzoneClusterImpl-b3d396d2-53dd-4e8c-be8e-68e1d9cb948b/datanode-0/data/ratis/cfa963c0-4c95-4f99-8b8c-ae9f91136a35/current/log_inprogress_0
2023-02-16 16:35:46,387 [grpc-default-executor-2] INFO  server.RaftServer$Division (RaftServerImpl.java:requestVote(1251)) - 47c87cc4-760b-451b-b923-a7cd32ec4f45@group-EA647C2F701F replies to ELECTION vote request: 832c6eac-c5e0-4404-a712-42768f90b279<-47c87cc4-760b-451b-b923-a7cd32ec4f45#0:OK-t1. Peer's state: 47c87cc4-760b-451b-b923-a7cd32ec4f45@group-EA647C2F701F:t1, leader=null, voted=832c6eac-c5e0-4404-a712-42768f90b279, raftlog=Memoized:47c87cc4-760b-451b-b923-a7cd32ec4f45@group-EA647C2F701F-SegmentedRaftLog:OPENED:c-1, conf=-1: peers:[cfe669b9-663a-43f7-806f-76176ea695bf|rpc:10.1.0.66:35191|dataStream:10.1.0.66:39659|priority:0|startupRole:FOLLOWER, 47c87cc4-760b-451b-b923-a7cd32ec4f45|rpc:10.1.0.66:45343|dataStream:10.1.0.66:38397|priority:0|startupRole:FOLLOWER, 832c6eac-c5e0-4404-a712-42768f90b279|rpc:10.1.0.66:39217|dataStream:10.1.0.66:39199|priority:1|startupRole:FOLLOWER]|listeners:[], old=null
2023-02-16 16:35:46,392 [832c6eac-c5e0-4404-a712-42768f90b279@group-EA647C2F701F-LeaderElection27] INFO  impl.LeaderElection (LeaderElection.java:logAndReturn(90)) - 832c6eac-c5e0-4404-a712-42768f90b279@group-EA647C2F701F-LeaderElection27: ELECTION PASSED received 1 response(s) and 0 exception(s):
2023-02-16 16:35:46,392 [832c6eac-c5e0-4404-a712-42768f90b279@group-EA647C2F701F-LeaderElection27] INFO  impl.LeaderElection (LeaderElection.java:logAndReturn(94)) -   Response 0: 832c6eac-c5e0-4404-a712-42768f90b279<-47c87cc4-760b-451b-b923-a7cd32ec4f45#0:OK-t1
2023-02-16 16:35:46,392 [832c6eac-c5e0-4404-a712-42768f90b279@group-EA647C2F701F-LeaderElection27] INFO  impl.LeaderElection (LeaderElection.java:askForVotes(314)) - 832c6eac-c5e0-4404-a712-42768f90b279@group-EA647C2F701F-LeaderElection27 ELECTION round 0: result PASSED
2023-02-16 16:35:46,392 [832c6eac-c5e0-4404-a712-42768f90b279@group-EA647C2F701F-LeaderElection27] INFO  impl.RoleInfo (RoleInfo.java:shutdownLeaderElection(130)) - 832c6eac-c5e0-4404-a712-42768f90b279: shutdown 832c6eac-c5e0-4404-a712-42768f90b279@group-EA647C2F701F-LeaderElection27
2023-02-16 16:35:46,392 [832c6eac-c5e0-4404-a712-42768f90b279@group-EA647C2F701F-LeaderElection27] INFO  server.RaftServer$Division (RaftServerImpl.java:setRole(321)) - 832c6eac-c5e0-4404-a712-42768f90b279@group-EA647C2F701F: changes role from CANDIDATE to LEADER at term 1 for changeToLeader
2023-02-16 16:35:46,392 [832c6eac-c5e0-4404-a712-42768f90b279@group-EA647C2F701F-LeaderElection27] INFO  ratis.XceiverServerRatis (XceiverServerRatis.java:handleLeaderChangedNotification(905)) - Leader change notification received for group: group-EA647C2F701F with new leaderId: 832c6eac-c5e0-4404-a712-42768f90b279
2023-02-16 16:35:46,392 [832c6eac-c5e0-4404-a712-42768f90b279@group-EA647C2F701F-LeaderElection27] INFO  server.RaftServer$Division (ServerState.java:setLeader(313)) - 832c6eac-c5e0-4404-a712-42768f90b279@group-EA647C2F701F: change Leader from null to 832c6eac-c5e0-4404-a712-42768f90b279 at term 1 for becomeLeader, leader elected after 5105ms
2023-02-16 16:35:46,392 [832c6eac-c5e0-4404-a712-42768f90b279@group-EA647C2F701F-LeaderElection27] INFO  server.RaftServerConfigKeys (ConfUtils.java:logGet(46)) - raft.server.staging.catchup.gap = 1000 (default)
2023-02-16 16:35:46,392 [832c6eac-c5e0-4404-a712-42768f90b279@group-EA647C2F701F-LeaderElection27] INFO  server.RaftServerConfigKeys (ConfUtils.java:logGet(46)) - raft.server.write.element-limit = 1024 (custom)
2023-02-16 16:35:46,392 [832c6eac-c5e0-4404-a712-42768f90b279@group-EA647C2F701F-LeaderElection27] INFO  server.RaftServerConfigKeys (ConfUtils.java:logGet(46)) - raft.server.write.byte-limit = 1024 M (=1073741824) (custom)
2023-02-16 16:35:46,392 [832c6eac-c5e0-4404-a712-42768f90b279@group-EA647C2F701F-LeaderElection27] INFO  server.RaftServerConfigKeys (ConfUtils.java:logGet(46)) - raft.server.watch.timeout = 180s (custom)
2023-02-16 16:35:46,392 [832c6eac-c5e0-4404-a712-42768f90b279@group-EA647C2F701F-LeaderElection27] INFO  server.RaftServerConfigKeys (ConfUtils.java:logGet(46)) - raft.server.watch.timeout.denomination = 1s (default)
2023-02-16 16:35:46,392 [832c6eac-c5e0-4404-a712-42768f90b279@group-EA647C2F701F-LeaderElection27] INFO  server.RaftServerConfigKeys (ConfUtils.java:logGet(46)) - raft.server.watch.element-limit = 65536 (default)
2023-02-16 16:35:46,392 [832c6eac-c5e0-4404-a712-42768f90b279@group-EA647C2F701F-LeaderElection27] INFO  server.RaftServerConfigKeys (ConfUtils.java:logGet(46)) - raft.server.write.element-limit = 1024 (custom)
2023-02-16 16:35:46,392 [832c6eac-c5e0-4404-a712-42768f90b279@group-EA647C2F701F-LeaderElection27] INFO  server.RaftServerConfigKeys (ConfUtils.java:logGet(46)) - raft.server.write.follower.gap.ratio.max = -1.0 (default)
2023-02-16 16:35:46,393 [832c6eac-c5e0-4404-a712-42768f90b279@group-EA647C2F701F-LeaderElection27] INFO  server.RaftServerConfigKeys (ConfUtils.java:logGet(46)) - raft.server.log.appender.snapshot.chunk.size.max = 16MB (=16777216) (default)
2023-02-16 16:35:46,393 [832c6eac-c5e0-4404-a712-42768f90b279@group-EA647C2F701F-LeaderElection27] INFO  server.RaftServerConfigKeys (ConfUtils.java:logGet(46)) - raft.server.log.appender.buffer.byte-limit = 33554432 (custom)
2023-02-16 16:35:46,393 [832c6eac-c5e0-4404-a712-42768f90b279@group-EA647C2F701F-LeaderElection27] INFO  server.RaftServerConfigKeys (ConfUtils.java:logGet(46)) - raft.server.log.appender.buffer.element-limit = 1 (custom)
2023-02-16 16:35:46,393 [832c6eac-c5e0-4404-a712-42768f90b279@group-EA647C2F701F-LeaderElection27] INFO  grpc.GrpcConfigKeys (ConfUtils.java:logGet(46)) - raft.grpc.server.leader.outstanding.appends.max = 128 (default)
2023-02-16 16:35:46,393 [832c6eac-c5e0-4404-a712-42768f90b279@group-EA647C2F701F-LeaderElection27] INFO  server.RaftServerConfigKeys (ConfUtils.java:logGet(46)) - raft.server.rpc.request.timeout = 60s (custom)
2023-02-16 16:35:46,393 [832c6eac-c5e0-4404-a712-42768f90b279@group-EA647C2F701F-LeaderElection27] INFO  server.RaftServerConfigKeys (ConfUtils.java:logGet(46)) - raft.server.log.appender.install.snapshot.enabled = false (custom)
2023-02-16 16:35:46,393 [832c6eac-c5e0-4404-a712-42768f90b279@group-EA647C2F701F-LeaderElection27] INFO  grpc.GrpcConfigKeys (ConfUtils.java:logGet(46)) - raft.grpc.server.heartbeat.channel = true (default)
2023-02-16 16:35:46,393 [832c6eac-c5e0-4404-a712-42768f90b279@group-EA647C2F701F-LeaderElection27] INFO  server.RaftServerConfigKeys (ConfUtils.java:logGet(46)) - raft.server.log.appender.wait-time.min = 10ms (default)
2023-02-16 16:35:46,393 [832c6eac-c5e0-4404-a712-42768f90b279@group-EA647C2F701F-LeaderElection27] INFO  server.RaftServerConfigKeys (ConfUtils.java:logGet(46)) - raft.server.log.appender.snapshot.chunk.size.max = 16MB (=16777216) (default)
2023-02-16 16:35:46,393 [832c6eac-c5e0-4404-a712-42768f90b279@group-EA647C2F701F-LeaderElection27] INFO  server.RaftServerConfigKeys (ConfUtils.java:logGet(46)) - raft.server.log.appender.buffer.byte-limit = 33554432 (custom)
2023-02-16 16:35:46,393 [832c6eac-c5e0-4404-a712-42768f90b279@group-EA647C2F701F-LeaderElection27] INFO  server.RaftServerConfigKeys (ConfUtils.java:logGet(46)) - raft.server.log.appender.buffer.element-limit = 1 (custom)
2023-02-16 16:35:46,393 [832c6eac-c5e0-4404-a712-42768f90b279@group-EA647C2F701F-LeaderElection27] INFO  grpc.GrpcConfigKeys (ConfUtils.java:logGet(46)) - raft.grpc.server.leader.outstanding.appends.max = 128 (default)
2023-02-16 16:35:46,394 [832c6eac-c5e0-4404-a712-42768f90b279@group-EA647C2F701F-LeaderElection27] INFO  server.RaftServerConfigKeys (ConfUtils.java:logGet(46)) - raft.server.rpc.request.timeout = 60s (custom)
2023-02-16 16:35:46,394 [832c6eac-c5e0-4404-a712-42768f90b279@group-EA647C2F701F-LeaderElection27] INFO  server.RaftServerConfigKeys (ConfUtils.java:logGet(46)) - raft.server.log.appender.install.snapshot.enabled = false (custom)
2023-02-16 16:35:46,394 [832c6eac-c5e0-4404-a712-42768f90b279@group-EA647C2F701F-LeaderElection27] INFO  grpc.GrpcConfigKeys (ConfUtils.java:logGet(46)) - raft.grpc.server.heartbeat.channel = true (default)
2023-02-16 16:35:46,394 [832c6eac-c5e0-4404-a712-42768f90b279@group-EA647C2F701F-LeaderElection27] INFO  server.RaftServerConfigKeys (ConfUtils.java:logGet(46)) - raft.server.log.appender.wait-time.min = 10ms (default)
2023-02-16 16:35:46,394 [832c6eac-c5e0-4404-a712-42768f90b279@group-EA647C2F701F-LeaderElection27] INFO  impl.RoleInfo (RoleInfo.java:updateAndGet(139)) - 832c6eac-c5e0-4404-a712-42768f90b279: start 832c6eac-c5e0-4404-a712-42768f90b279@group-EA647C2F701F-LeaderStateImpl
2023-02-16 16:35:46,394 [832c6eac-c5e0-4404-a712-42768f90b279@group-EA647C2F701F-LeaderElection27] INFO  segmented.SegmentedRaftLogWorker (SegmentedRaftLogWorker.java:startLogSegment(452)) - 832c6eac-c5e0-4404-a712-42768f90b279@group-EA647C2F701F-SegmentedRaftLogWorker: Starting segment from index:0
2023-02-16 16:35:46,395 [EventQueue-PipelineReportForPipelineReportHandler] INFO  pipeline.PipelineManagerImpl (PipelineManagerImpl.java:openPipeline(367)) - Pipeline Pipeline[ Id: 8816d293-a2c8-476d-b04f-ea647c2f701f, Nodes: 832c6eac-c5e0-4404-a712-42768f90b279(fv-az167-289.21ktoceh2wee5fewwtpg1zd01g.bx.internal.cloudapp.net/10.1.0.66)47c87cc4-760b-451b-b923-a7cd32ec4f45(fv-az167-289.21ktoceh2wee5fewwtpg1zd01g.bx.internal.cloudapp.net/10.1.0.66)cfe669b9-663a-43f7-806f-76176ea695bf(fv-az167-289.21ktoceh2wee5fewwtpg1zd01g.bx.internal.cloudapp.net/10.1.0.66), ReplicationConfig: RATIS/THREE, State:ALLOCATED, leaderId:832c6eac-c5e0-4404-a712-42768f90b279, CreationTimestamp2023-02-16T16:35:38.874Z[Etc/UTC]] moved to OPEN state
2023-02-16 16:35:46,396 [832c6eac-c5e0-4404-a712-42768f90b279@group-EA647C2F701F-SegmentedRaftLogWorker] INFO  segmented.SegmentedRaftLogWorker (SegmentedRaftLogWorker.java:execute(656)) - 832c6eac-c5e0-4404-a712-42768f90b279@group-EA647C2F701F-SegmentedRaftLogWorker: created new log segment /home/runner/work/ozone/ozone/hadoop-ozone/integration-test/target/test-dir/MiniOzoneClusterImpl-b3d396d2-53dd-4e8c-be8e-68e1d9cb948b/datanode-0/data/ratis/8816d293-a2c8-476d-b04f-ea647c2f701f/current/log_inprogress_0
2023-02-16 16:35:46,411 [832c6eac-c5e0-4404-a712-42768f90b279@group-EA647C2F701F-LeaderElection27] INFO  server.RaftServer$Division (ServerState.java:setRaftConf(430)) - 832c6eac-c5e0-4404-a712-42768f90b279@group-EA647C2F701F: set configuration 0: peers:[cfe669b9-663a-43f7-806f-76176ea695bf|rpc:10.1.0.66:35191|dataStream:10.1.0.66:39659|priority:0|startupRole:FOLLOWER, 47c87cc4-760b-451b-b923-a7cd32ec4f45|rpc:10.1.0.66:45343|dataStream:10.1.0.66:38397|priority:0|startupRole:FOLLOWER, 832c6eac-c5e0-4404-a712-42768f90b279|rpc:10.1.0.66:39217|dataStream:10.1.0.66:39199|priority:1|startupRole:FOLLOWER]|listeners:[], old=null
2023-02-16 16:35:46,412 [cfe669b9-663a-43f7-806f-76176ea695bf@group-EA647C2F701F-FollowerState] INFO  server.RaftServerConfigKeys (ConfUtils.java:logFallback(53)) - raft.server.rpc.first-election.timeout.min = 5s (fallback to raft.server.rpc.timeout.min)
2023-02-16 16:35:46,412 [cfe669b9-663a-43f7-806f-76176ea695bf@group-EA647C2F701F-FollowerState] INFO  server.RaftServerConfigKeys (ConfUtils.java:logFallback(53)) - raft.server.rpc.first-election.timeout.max = 5200ms (fallback to raft.server.rpc.timeout.max)
2023-02-16 16:35:46,413 [grpc-default-executor-1] INFO  server.RaftServer$Division (RaftServerImpl.java:requestVote(1251)) - cfe669b9-663a-43f7-806f-76176ea695bf@group-EA647C2F701F replies to ELECTION vote request: 832c6eac-c5e0-4404-a712-42768f90b279<-cfe669b9-663a-43f7-806f-76176ea695bf#0:OK-t1. Peer's state: cfe669b9-663a-43f7-806f-76176ea695bf@group-EA647C2F701F:t1, leader=null, voted=832c6eac-c5e0-4404-a712-42768f90b279, raftlog=Memoized:cfe669b9-663a-43f7-806f-76176ea695bf@group-EA647C2F701F-SegmentedRaftLog:OPENED:c-1, conf=-1: peers:[cfe669b9-663a-43f7-806f-76176ea695bf|rpc:10.1.0.66:35191|dataStream:10.1.0.66:39659|priority:0|startupRole:FOLLOWER, 47c87cc4-760b-451b-b923-a7cd32ec4f45|rpc:10.1.0.66:45343|dataStream:10.1.0.66:38397|priority:0|startupRole:FOLLOWER, 832c6eac-c5e0-4404-a712-42768f90b279|rpc:10.1.0.66:39217|dataStream:10.1.0.66:39199|priority:1|startupRole:FOLLOWER]|listeners:[], old=null
2023-02-16 16:35:46,415 [cfe669b9-663a-43f7-806f-76176ea695bf-server-thread1] INFO  ratis.XceiverServerRatis (XceiverServerRatis.java:handleLeaderChangedNotification(905)) - Leader change notification received for group: group-EA647C2F701F with new leaderId: 832c6eac-c5e0-4404-a712-42768f90b279
2023-02-16 16:35:46,415 [cfe669b9-663a-43f7-806f-76176ea695bf-server-thread1] INFO  server.RaftServer$Division (ServerState.java:setLeader(313)) - cfe669b9-663a-43f7-806f-76176ea695bf@group-EA647C2F701F: change Leader from null to 832c6eac-c5e0-4404-a712-42768f90b279 at term 1 for appendEntries, leader elected after 5076ms
2023-02-16 16:35:46,421 [47c87cc4-760b-451b-b923-a7cd32ec4f45-server-thread1] INFO  ratis.XceiverServerRatis (XceiverServerRatis.java:handleLeaderChangedNotification(905)) - Leader change notification received for group: group-EA647C2F701F with new leaderId: 832c6eac-c5e0-4404-a712-42768f90b279
2023-02-16 16:35:46,421 [47c87cc4-760b-451b-b923-a7cd32ec4f45-server-thread1] INFO  server.RaftServer$Division (ServerState.java:setLeader(313)) - 47c87cc4-760b-451b-b923-a7cd32ec4f45@group-EA647C2F701F: change Leader from null to 832c6eac-c5e0-4404-a712-42768f90b279 at term 1 for appendEntries, leader elected after 5114ms
2023-02-16 16:35:46,428 [47c87cc4-760b-451b-b923-a7cd32ec4f45-server-thread2] INFO  server.RaftServer$Division (ServerState.java:setRaftConf(430)) - 47c87cc4-760b-451b-b923-a7cd32ec4f45@group-EA647C2F701F: set configuration 0: peers:[cfe669b9-663a-43f7-806f-76176ea695bf|rpc:10.1.0.66:35191|dataStream:10.1.0.66:39659|priority:0|startupRole:FOLLOWER, 47c87cc4-760b-451b-b923-a7cd32ec4f45|rpc:10.1.0.66:45343|dataStream:10.1.0.66:38397|priority:0|startupRole:FOLLOWER, 832c6eac-c5e0-4404-a712-42768f90b279|rpc:10.1.0.66:39217|dataStream:10.1.0.66:39199|priority:1|startupRole:FOLLOWER]|listeners:[], old=null
2023-02-16 16:35:46,428 [47c87cc4-760b-451b-b923-a7cd32ec4f45-server-thread2] INFO  segmented.SegmentedRaftLogWorker (SegmentedRaftLogWorker.java:startLogSegment(452)) - 47c87cc4-760b-451b-b923-a7cd32ec4f45@group-EA647C2F701F-SegmentedRaftLogWorker: Starting segment from index:0
2023-02-16 16:35:46,430 [47c87cc4-760b-451b-b923-a7cd32ec4f45@group-EA647C2F701F-SegmentedRaftLogWorker] INFO  segmented.SegmentedRaftLogWorker (SegmentedRaftLogWorker.java:execute(656)) - 47c87cc4-760b-451b-b923-a7cd32ec4f45@group-EA647C2F701F-SegmentedRaftLogWorker: created new log segment /home/runner/work/ozone/ozone/hadoop-ozone/integration-test/target/test-dir/MiniOzoneClusterImpl-b3d396d2-53dd-4e8c-be8e-68e1d9cb948b/datanode-2/data/ratis/8816d293-a2c8-476d-b04f-ea647c2f701f/current/log_inprogress_0
2023-02-16 16:35:46,430 [cfe669b9-663a-43f7-806f-76176ea695bf-server-thread2] INFO  server.RaftServer$Division (ServerState.java:setRaftConf(430)) - cfe669b9-663a-43f7-806f-76176ea695bf@group-EA647C2F701F: set configuration 0: peers:[cfe669b9-663a-43f7-806f-76176ea695bf|rpc:10.1.0.66:35191|dataStream:10.1.0.66:39659|priority:0|startupRole:FOLLOWER, 47c87cc4-760b-451b-b923-a7cd32ec4f45|rpc:10.1.0.66:45343|dataStream:10.1.0.66:38397|priority:0|startupRole:FOLLOWER, 832c6eac-c5e0-4404-a712-42768f90b279|rpc:10.1.0.66:39217|dataStream:10.1.0.66:39199|priority:1|startupRole:FOLLOWER]|listeners:[], old=null
2023-02-16 16:35:46,430 [cfe669b9-663a-43f7-806f-76176ea695bf-server-thread2] INFO  segmented.SegmentedRaftLogWorker (SegmentedRaftLogWorker.java:startLogSegment(452)) - cfe669b9-663a-43f7-806f-76176ea695bf@group-EA647C2F701F-SegmentedRaftLogWorker: Starting segment from index:0
2023-02-16 16:35:46,431 [cfe669b9-663a-43f7-806f-76176ea695bf@group-EA647C2F701F-SegmentedRaftLogWorker] INFO  segmented.SegmentedRaftLogWorker (SegmentedRaftLogWorker.java:execute(656)) - cfe669b9-663a-43f7-806f-76176ea695bf@group-EA647C2F701F-SegmentedRaftLogWorker: created new log segment /home/runner/work/ozone/ozone/hadoop-ozone/integration-test/target/test-dir/MiniOzoneClusterImpl-b3d396d2-53dd-4e8c-be8e-68e1d9cb948b/datanode-1/data/ratis/8816d293-a2c8-476d-b04f-ea647c2f701f/current/log_inprogress_0
2023-02-16 16:35:46,556 [Listener at 127.0.0.1/38619] INFO  ozone.MiniOzoneClusterImpl (MiniOzoneClusterImpl.java:lambda$waitForClusterToBeReady$0(218)) - Nodes are ready. Got 5 of 5 DN Heartbeats.
2023-02-16 16:35:46,556 [Listener at 127.0.0.1/38619] INFO  ozone.MiniOzoneClusterImpl (MiniOzoneClusterImpl.java:lambda$waitForClusterToBeReady$0(221)) - Cluster exits safe mode
2023-02-16 16:35:46,556 [Listener at 127.0.0.1/38619] INFO  ozone.MiniOzoneClusterImpl (MiniOzoneClusterImpl.java:lambda$waitForClusterToBeReady$0(223)) - SCM became leader
2023-02-16 16:35:46,576 [Listener at 127.0.0.1/38619] INFO  rpc.RpcClient (RpcClient.java:createVolume(476)) - Creating Volume: volume78724, with user54608 as owner and space quota set to -1 bytes, counts quota set to -1
2023-02-16 16:35:46,578 [IPC Server handler 2 on default port 38619] INFO  volume.OMVolumeCreateRequest (OMVolumeCreateRequest.java:validateAndUpdateCache(195)) - created volume:volume78724 for user:user54608
2023-02-16 16:35:46,583 [cfe669b9-663a-43f7-806f-76176ea695bf@group-F2A48C9DB284-FollowerState] INFO  impl.FollowerState (FollowerState.java:run(143)) - cfe669b9-663a-43f7-806f-76176ea695bf@group-F2A48C9DB284-FollowerState: change to CANDIDATE, lastRpcElapsedTime:5032473378ns, electionTimeout:5017ms
2023-02-16 16:35:46,583 [cfe669b9-663a-43f7-806f-76176ea695bf@group-F2A48C9DB284-FollowerState] INFO  impl.RoleInfo (RoleInfo.java:shutdownFollowerState(110)) - cfe669b9-663a-43f7-806f-76176ea695bf: shutdown cfe669b9-663a-43f7-806f-76176ea695bf@group-F2A48C9DB284-FollowerState
2023-02-16 16:35:46,583 [cfe669b9-663a-43f7-806f-76176ea695bf@group-F2A48C9DB284-FollowerState] INFO  server.RaftServer$Division (RaftServerImpl.java:setRole(321)) - cfe669b9-663a-43f7-806f-76176ea695bf@group-F2A48C9DB284: changes role from  FOLLOWER to CANDIDATE at term 0 for changeToCandidate
2023-02-16 16:35:46,583 [cfe669b9-663a-43f7-806f-76176ea695bf@group-F2A48C9DB284-FollowerState] INFO  server.RaftServerConfigKeys (ConfUtils.java:logGet(46)) - raft.server.leaderelection.pre-vote = true (default)
2023-02-16 16:35:46,583 [cfe669b9-663a-43f7-806f-76176ea695bf@group-F2A48C9DB284-FollowerState] INFO  impl.RoleInfo (RoleInfo.java:updateAndGet(139)) - cfe669b9-663a-43f7-806f-76176ea695bf: start cfe669b9-663a-43f7-806f-76176ea695bf@group-F2A48C9DB284-LeaderElection29
2023-02-16 16:35:46,586 [Listener at 127.0.0.1/38619] INFO  rpc.RpcClient (RpcClient.java:createBucket(698)) - Creating Bucket: volume78724/bucket78568, with bucket layout LEGACY, runner as owner, Versioning false, Storage Type set to DISK and Encryption set to false, Replication Type set to server-side default replication type, Namespace Quota set to -1, Space Quota set to -1 
2023-02-16 16:35:46,587 [IPC Server handler 4 on default port 38619] INFO  bucket.OMBucketCreateRequest (OMBucketCreateRequest.java:validateAndUpdateCache(263)) - created bucket: bucket78568 of layout LEGACY in volume: volume78724
2023-02-16 16:35:46,591 [cfe669b9-663a-43f7-806f-76176ea695bf@group-F2A48C9DB284-LeaderElection29] INFO  impl.LeaderElection (LeaderElection.java:askForVotes(312)) - cfe669b9-663a-43f7-806f-76176ea695bf@group-F2A48C9DB284-LeaderElection29 PRE_VOTE round 0: submit vote requests at term 0 for -1: peers:[cfe669b9-663a-43f7-806f-76176ea695bf|rpc:10.1.0.66:35191|dataStream:10.1.0.66:39659|priority:1|startupRole:FOLLOWER]|listeners:[], old=null
2023-02-16 16:35:46,591 [cfe669b9-663a-43f7-806f-76176ea695bf@group-F2A48C9DB284-LeaderElection29] INFO  impl.LeaderElection (LeaderElection.java:askForVotes(314)) - cfe669b9-663a-43f7-806f-76176ea695bf@group-F2A48C9DB284-LeaderElection29 PRE_VOTE round 0: result PASSED (term=0)
2023-02-16 16:35:46,592 [cfe669b9-663a-43f7-806f-76176ea695bf@group-F2A48C9DB284-LeaderElection29] INFO  impl.LeaderElection (LeaderElection.java:askForVotes(312)) - cfe669b9-663a-43f7-806f-76176ea695bf@group-F2A48C9DB284-LeaderElection29 ELECTION round 0: submit vote requests at term 1 for -1: peers:[cfe669b9-663a-43f7-806f-76176ea695bf|rpc:10.1.0.66:35191|dataStream:10.1.0.66:39659|priority:1|startupRole:FOLLOWER]|listeners:[], old=null
2023-02-16 16:35:46,592 [cfe669b9-663a-43f7-806f-76176ea695bf@group-F2A48C9DB284-LeaderElection29] INFO  impl.LeaderElection (LeaderElection.java:askForVotes(314)) - cfe669b9-663a-43f7-806f-76176ea695bf@group-F2A48C9DB284-LeaderElection29 ELECTION round 0: result PASSED (term=1)
2023-02-16 16:35:46,592 [cfe669b9-663a-43f7-806f-76176ea695bf@group-F2A48C9DB284-LeaderElection29] INFO  impl.RoleInfo (RoleInfo.java:shutdownLeaderElection(130)) - cfe669b9-663a-43f7-806f-76176ea695bf: shutdown cfe669b9-663a-43f7-806f-76176ea695bf@group-F2A48C9DB284-LeaderElection29
2023-02-16 16:35:46,593 [cfe669b9-663a-43f7-806f-76176ea695bf@group-F2A48C9DB284-LeaderElection29] INFO  server.RaftServer$Division (RaftServerImpl.java:setRole(321)) - cfe669b9-663a-43f7-806f-76176ea695bf@group-F2A48C9DB284: changes role from CANDIDATE to LEADER at term 1 for changeToLeader
2023-02-16 16:35:46,593 [cfe669b9-663a-43f7-806f-76176ea695bf@group-F2A48C9DB284-LeaderElection29] INFO  ratis.XceiverServerRatis (XceiverServerRatis.java:handleLeaderChangedNotification(905)) - Leader change notification received for group: group-F2A48C9DB284 with new leaderId: cfe669b9-663a-43f7-806f-76176ea695bf
2023-02-16 16:35:46,593 [cfe669b9-663a-43f7-806f-76176ea695bf@group-F2A48C9DB284-LeaderElection29] INFO  server.RaftServer$Division (ServerState.java:setLeader(313)) - cfe669b9-663a-43f7-806f-76176ea695bf@group-F2A48C9DB284: change Leader from null to cfe669b9-663a-43f7-806f-76176ea695bf at term 1 for becomeLeader, leader elected after 5059ms
2023-02-16 16:35:46,593 [cfe669b9-663a-43f7-806f-76176ea695bf@group-F2A48C9DB284-LeaderElection29] INFO  server.RaftServerConfigKeys (ConfUtils.java:logGet(46)) - raft.server.staging.catchup.gap = 1000 (default)
2023-02-16 16:35:46,593 [cfe669b9-663a-43f7-806f-76176ea695bf@group-F2A48C9DB284-LeaderElection29] INFO  server.RaftServerConfigKeys (ConfUtils.java:logGet(46)) - raft.server.write.element-limit = 1024 (custom)
2023-02-16 16:35:46,593 [cfe669b9-663a-43f7-806f-76176ea695bf@group-F2A48C9DB284-LeaderElection29] INFO  server.RaftServerConfigKeys (ConfUtils.java:logGet(46)) - raft.server.write.byte-limit = 1024 M (=1073741824) (custom)
2023-02-16 16:35:46,593 [cfe669b9-663a-43f7-806f-76176ea695bf@group-F2A48C9DB284-LeaderElection29] INFO  server.RaftServerConfigKeys (ConfUtils.java:logGet(46)) - raft.server.watch.timeout = 180s (custom)
2023-02-16 16:35:46,594 [cfe669b9-663a-43f7-806f-76176ea695bf@group-F2A48C9DB284-LeaderElection29] INFO  server.RaftServerConfigKeys (ConfUtils.java:logGet(46)) - raft.server.watch.timeout.denomination = 1s (default)
2023-02-16 16:35:46,594 [cfe669b9-663a-43f7-806f-76176ea695bf@group-F2A48C9DB284-LeaderElection29] INFO  server.RaftServerConfigKeys (ConfUtils.java:logGet(46)) - raft.server.watch.element-limit = 65536 (default)
2023-02-16 16:35:46,594 [cfe669b9-663a-43f7-806f-76176ea695bf@group-F2A48C9DB284-LeaderElection29] INFO  server.RaftServerConfigKeys (ConfUtils.java:logGet(46)) - raft.server.write.element-limit = 1024 (custom)
2023-02-16 16:35:46,594 [cfe669b9-663a-43f7-806f-76176ea695bf@group-F2A48C9DB284-LeaderElection29] INFO  server.RaftServerConfigKeys (ConfUtils.java:logGet(46)) - raft.server.write.follower.gap.ratio.max = -1.0 (default)
2023-02-16 16:35:46,594 [cfe669b9-663a-43f7-806f-76176ea695bf@group-F2A48C9DB284-LeaderElection29] INFO  impl.RoleInfo (RoleInfo.java:updateAndGet(139)) - cfe669b9-663a-43f7-806f-76176ea695bf: start cfe669b9-663a-43f7-806f-76176ea695bf@group-F2A48C9DB284-LeaderStateImpl
2023-02-16 16:35:46,594 [cfe669b9-663a-43f7-806f-76176ea695bf@group-F2A48C9DB284-LeaderElection29] INFO  segmented.SegmentedRaftLogWorker (SegmentedRaftLogWorker.java:startLogSegment(452)) - cfe669b9-663a-43f7-806f-76176ea695bf@group-F2A48C9DB284-SegmentedRaftLogWorker: Starting segment from index:0
2023-02-16 16:35:46,595 [cfe669b9-663a-43f7-806f-76176ea695bf@group-F2A48C9DB284-SegmentedRaftLogWorker] INFO  segmented.SegmentedRaftLogWorker (SegmentedRaftLogWorker.java:execute(656)) - cfe669b9-663a-43f7-806f-76176ea695bf@group-F2A48C9DB284-SegmentedRaftLogWorker: created new log segment /home/runner/work/ozone/ozone/hadoop-ozone/integration-test/target/test-dir/MiniOzoneClusterImpl-b3d396d2-53dd-4e8c-be8e-68e1d9cb948b/datanode-1/data/ratis/9d69ff71-16a1-4a7d-adff-f2a48c9db284/current/log_inprogress_0
2023-02-16 16:35:46,601 [cfe669b9-663a-43f7-806f-76176ea695bf@group-F2A48C9DB284-LeaderElection29] INFO  server.RaftServer$Division (ServerState.java:setRaftConf(430)) - cfe669b9-663a-43f7-806f-76176ea695bf@group-F2A48C9DB284: set configuration 0: peers:[cfe669b9-663a-43f7-806f-76176ea695bf|rpc:10.1.0.66:35191|dataStream:10.1.0.66:39659|priority:1|startupRole:FOLLOWER]|listeners:[], old=null
]]></system-out>
  </testcase>
  <testcase name="testSeekOnFileLength" classname="TestOzoneFileSystem" time="0.814">
    <system-out><![CDATA[2023-02-16 16:33:08,756 [IPC Server handler 8 on default port 40501] INFO  ha.SequenceIdGenerator (SequenceIdGenerator.java:getNextId(128)) - Allocate a batch for containerId, change lastId from 0 to 1000.
2023-02-16 16:33:08,767 [IPC Server handler 8 on default port 40501] WARN  ha.SequenceIdGenerator (SequenceIdGenerator.java:allocateBatch(237)) - Failed to allocate a batch for localId, expected lastId is 0, actual lastId is 111677748019200000.
2023-02-16 16:33:08,767 [IPC Server handler 8 on default port 40501] INFO  ha.SequenceIdGenerator (SequenceIdGenerator.java:getNextId(128)) - Allocate a batch for localId, change lastId from 111677748019200000 to 111677748019201000.
2023-02-16 16:33:08,854 [Time-limited test] INFO  impl.MetricsSystemImpl (MetricsSystemImpl.java:init(158)) - XceiverClientMetrics metrics system started (again)
16:33:09.483 [IPC Server handler 15 on default port 37073] ERROR OMAudit - user=runner | ip=127.0.0.1 | op=READ_KEY {volume=volume28358, bucket=bucket39322, key=file_notexist, dataSize=0, replicationConfig=null} | ret=FAILURE
org.apache.hadoop.ozone.om.exceptions.OMException: Key:file_notexist not found
	at org.apache.hadoop.ozone.om.KeyManagerImpl.readKeyInfo(KeyManagerImpl.java:397) ~[ozone-manager-1.4.0-SNAPSHOT.jar:?]
	at org.apache.hadoop.ozone.om.KeyManagerImpl.lambda$9(KeyManagerImpl.java:1869) ~[ozone-manager-1.4.0-SNAPSHOT.jar:?]
	at org.apache.hadoop.util.MetricUtil.captureLatencyNs(MetricUtil.java:36) ~[hdds-common-1.4.0-SNAPSHOT.jar:?]
	at org.apache.hadoop.ozone.om.KeyManagerImpl.getKeyInfo(KeyManagerImpl.java:1867) ~[ozone-manager-1.4.0-SNAPSHOT.jar:?]
	at org.apache.hadoop.ozone.om.OmMetadataReader.getKeyInfo(OmMetadataReader.java:211) ~[ozone-manager-1.4.0-SNAPSHOT.jar:?]
	at org.apache.hadoop.ozone.om.OzoneManager.getKeyInfo(OzoneManager.java:2782) ~[ozone-manager-1.4.0-SNAPSHOT.jar:?]
	at org.apache.hadoop.ozone.protocolPB.OzoneManagerRequestHandler.getKeyInfo(OzoneManagerRequestHandler.java:548) ~[ozone-manager-1.4.0-SNAPSHOT.jar:?]
	at org.apache.hadoop.ozone.protocolPB.OzoneManagerRequestHandler.handleReadRequest(OzoneManagerRequestHandler.java:292) ~[ozone-manager-1.4.0-SNAPSHOT.jar:?]
	at org.apache.hadoop.ozone.protocolPB.OzoneManagerProtocolServerSideTranslatorPB.submitReadRequestToOM(OzoneManagerProtocolServerSideTranslatorPB.java:223) ~[ozone-manager-1.4.0-SNAPSHOT.jar:?]
	at org.apache.hadoop.ozone.protocolPB.OzoneManagerProtocolServerSideTranslatorPB.processRequest(OzoneManagerProtocolServerSideTranslatorPB.java:177) ~[ozone-manager-1.4.0-SNAPSHOT.jar:?]
	at org.apache.hadoop.hdds.server.OzoneProtocolMessageDispatcher.processRequest(OzoneProtocolMessageDispatcher.java:87) [hdds-server-framework-1.4.0-SNAPSHOT.jar:?]
	at org.apache.hadoop.ozone.protocolPB.OzoneManagerProtocolServerSideTranslatorPB.submitRequest(OzoneManagerProtocolServerSideTranslatorPB.java:147) [ozone-manager-1.4.0-SNAPSHOT.jar:?]
	at org.apache.hadoop.ozone.protocol.proto.OzoneManagerProtocolProtos$OzoneManagerService$2.callBlockingMethod(OzoneManagerProtocolProtos.java) [ozone-interface-client-1.4.0-SNAPSHOT.jar:?]
	at org.apache.hadoop.ipc.ProtobufRpcEngine$Server.processCall(ProtobufRpcEngine.java:465) [hadoop-common-3.3.4.jar:?]
	at org.apache.hadoop.ipc.ProtobufRpcEngine2$Server$ProtoBufRpcInvoker.call(ProtobufRpcEngine2.java:578) [hadoop-common-3.3.4.jar:?]
	at org.apache.hadoop.ipc.ProtobufRpcEngine2$Server$ProtoBufRpcInvoker.call(ProtobufRpcEngine2.java:556) [hadoop-common-3.3.4.jar:?]
	at org.apache.hadoop.ipc.RPC$Server.call(RPC.java:1093) [hadoop-common-3.3.4.jar:?]
	at org.apache.hadoop.ipc.Server$RpcCall.run(Server.java:1043) [hadoop-common-3.3.4.jar:?]
	at org.apache.hadoop.ipc.Server$RpcCall.run(Server.java:971) [hadoop-common-3.3.4.jar:?]
	at java.security.AccessController.doPrivileged(Native Method) ~[?:1.8.0_362]
	at javax.security.auth.Subject.doAs(Subject.java:422) [?:1.8.0_362]
	at org.apache.hadoop.security.UserGroupInformation.doAs(UserGroupInformation.java:1878) [hadoop-common-3.3.4.jar:?]
	at org.apache.hadoop.ipc.Server$Handler.run(Server.java:2976) [hadoop-common-3.3.4.jar:?]
]]></system-out>
  </testcase>
  <testcase name="testSeekOnFileLength" classname="TestOzoneFileSystem" time="0.109">
    <system-out><![CDATA[2023-02-16 16:34:07,260 [IPC Server handler 17 on default port 37173] INFO  ha.SequenceIdGenerator (SequenceIdGenerator.java:getNextId(128)) - Allocate a batch for containerId, change lastId from 0 to 1000.
2023-02-16 16:34:07,260 [640e7d3f-2dbd-4e46-b500-a7d3223ba7d6@group-FBABD7246533-FollowerState] INFO  impl.FollowerState (FollowerState.java:run(143)) - 640e7d3f-2dbd-4e46-b500-a7d3223ba7d6@group-FBABD7246533-FollowerState: change to CANDIDATE, lastRpcElapsedTime:5080701744ns, electionTimeout:5075ms
2023-02-16 16:34:07,260 [640e7d3f-2dbd-4e46-b500-a7d3223ba7d6@group-FBABD7246533-FollowerState] INFO  impl.RoleInfo (RoleInfo.java:shutdownFollowerState(110)) - 640e7d3f-2dbd-4e46-b500-a7d3223ba7d6: shutdown 640e7d3f-2dbd-4e46-b500-a7d3223ba7d6@group-FBABD7246533-FollowerState
2023-02-16 16:34:07,260 [640e7d3f-2dbd-4e46-b500-a7d3223ba7d6@group-FBABD7246533-FollowerState] INFO  server.RaftServer$Division (RaftServerImpl.java:setRole(321)) - 640e7d3f-2dbd-4e46-b500-a7d3223ba7d6@group-FBABD7246533: changes role from  FOLLOWER to CANDIDATE at term 0 for changeToCandidate
2023-02-16 16:34:07,260 [640e7d3f-2dbd-4e46-b500-a7d3223ba7d6@group-FBABD7246533-FollowerState] INFO  server.RaftServerConfigKeys (ConfUtils.java:logGet(46)) - raft.server.leaderelection.pre-vote = true (default)
2023-02-16 16:34:07,260 [640e7d3f-2dbd-4e46-b500-a7d3223ba7d6@group-FBABD7246533-FollowerState] INFO  impl.RoleInfo (RoleInfo.java:updateAndGet(139)) - 640e7d3f-2dbd-4e46-b500-a7d3223ba7d6: start 640e7d3f-2dbd-4e46-b500-a7d3223ba7d6@group-FBABD7246533-LeaderElection13
2023-02-16 16:34:07,261 [IPC Server handler 17 on default port 37173] WARN  ha.SequenceIdGenerator (SequenceIdGenerator.java:allocateBatch(237)) - Failed to allocate a batch for localId, expected lastId is 0, actual lastId is 111677748019200000.
2023-02-16 16:34:07,261 [IPC Server handler 17 on default port 37173] INFO  ha.SequenceIdGenerator (SequenceIdGenerator.java:getNextId(128)) - Allocate a batch for localId, change lastId from 111677748019200000 to 111677748019201000.
2023-02-16 16:34:07,265 [640e7d3f-2dbd-4e46-b500-a7d3223ba7d6@group-FBABD7246533-LeaderElection13] INFO  impl.LeaderElection (LeaderElection.java:askForVotes(312)) - 640e7d3f-2dbd-4e46-b500-a7d3223ba7d6@group-FBABD7246533-LeaderElection13 PRE_VOTE round 0: submit vote requests at term 0 for -1: peers:[640e7d3f-2dbd-4e46-b500-a7d3223ba7d6|rpc:10.1.0.66:35785|dataStream:10.1.0.66:41863|priority:1|startupRole:FOLLOWER]|listeners:[], old=null
2023-02-16 16:34:07,265 [640e7d3f-2dbd-4e46-b500-a7d3223ba7d6@group-FBABD7246533-LeaderElection13] INFO  impl.LeaderElection (LeaderElection.java:askForVotes(314)) - 640e7d3f-2dbd-4e46-b500-a7d3223ba7d6@group-FBABD7246533-LeaderElection13 PRE_VOTE round 0: result PASSED (term=0)
2023-02-16 16:34:07,269 [640e7d3f-2dbd-4e46-b500-a7d3223ba7d6@group-FBABD7246533-LeaderElection13] INFO  impl.LeaderElection (LeaderElection.java:askForVotes(312)) - 640e7d3f-2dbd-4e46-b500-a7d3223ba7d6@group-FBABD7246533-LeaderElection13 ELECTION round 0: submit vote requests at term 1 for -1: peers:[640e7d3f-2dbd-4e46-b500-a7d3223ba7d6|rpc:10.1.0.66:35785|dataStream:10.1.0.66:41863|priority:1|startupRole:FOLLOWER]|listeners:[], old=null
2023-02-16 16:34:07,269 [640e7d3f-2dbd-4e46-b500-a7d3223ba7d6@group-FBABD7246533-LeaderElection13] INFO  impl.LeaderElection (LeaderElection.java:askForVotes(314)) - 640e7d3f-2dbd-4e46-b500-a7d3223ba7d6@group-FBABD7246533-LeaderElection13 ELECTION round 0: result PASSED (term=1)
2023-02-16 16:34:07,269 [640e7d3f-2dbd-4e46-b500-a7d3223ba7d6@group-FBABD7246533-LeaderElection13] INFO  impl.RoleInfo (RoleInfo.java:shutdownLeaderElection(130)) - 640e7d3f-2dbd-4e46-b500-a7d3223ba7d6: shutdown 640e7d3f-2dbd-4e46-b500-a7d3223ba7d6@group-FBABD7246533-LeaderElection13
2023-02-16 16:34:07,269 [640e7d3f-2dbd-4e46-b500-a7d3223ba7d6@group-FBABD7246533-LeaderElection13] INFO  server.RaftServer$Division (RaftServerImpl.java:setRole(321)) - 640e7d3f-2dbd-4e46-b500-a7d3223ba7d6@group-FBABD7246533: changes role from CANDIDATE to LEADER at term 1 for changeToLeader
2023-02-16 16:34:07,269 [640e7d3f-2dbd-4e46-b500-a7d3223ba7d6@group-FBABD7246533-LeaderElection13] INFO  ratis.XceiverServerRatis (XceiverServerRatis.java:handleLeaderChangedNotification(905)) - Leader change notification received for group: group-FBABD7246533 with new leaderId: 640e7d3f-2dbd-4e46-b500-a7d3223ba7d6
2023-02-16 16:34:07,269 [640e7d3f-2dbd-4e46-b500-a7d3223ba7d6@group-FBABD7246533-LeaderElection13] INFO  server.RaftServer$Division (ServerState.java:setLeader(313)) - 640e7d3f-2dbd-4e46-b500-a7d3223ba7d6@group-FBABD7246533: change Leader from null to 640e7d3f-2dbd-4e46-b500-a7d3223ba7d6 at term 1 for becomeLeader, leader elected after 5100ms
2023-02-16 16:34:07,269 [640e7d3f-2dbd-4e46-b500-a7d3223ba7d6@group-FBABD7246533-LeaderElection13] INFO  server.RaftServerConfigKeys (ConfUtils.java:logGet(46)) - raft.server.staging.catchup.gap = 1000 (default)
2023-02-16 16:34:07,269 [640e7d3f-2dbd-4e46-b500-a7d3223ba7d6@group-FBABD7246533-LeaderElection13] INFO  server.RaftServerConfigKeys (ConfUtils.java:logGet(46)) - raft.server.write.element-limit = 1024 (custom)
2023-02-16 16:34:07,269 [640e7d3f-2dbd-4e46-b500-a7d3223ba7d6@group-FBABD7246533-LeaderElection13] INFO  server.RaftServerConfigKeys (ConfUtils.java:logGet(46)) - raft.server.write.byte-limit = 1024 M (=1073741824) (custom)
2023-02-16 16:34:07,269 [640e7d3f-2dbd-4e46-b500-a7d3223ba7d6@group-FBABD7246533-LeaderElection13] INFO  server.RaftServerConfigKeys (ConfUtils.java:logGet(46)) - raft.server.watch.timeout = 180s (custom)
2023-02-16 16:34:07,270 [640e7d3f-2dbd-4e46-b500-a7d3223ba7d6@group-FBABD7246533-LeaderElection13] INFO  server.RaftServerConfigKeys (ConfUtils.java:logGet(46)) - raft.server.watch.timeout.denomination = 1s (default)
2023-02-16 16:34:07,270 [640e7d3f-2dbd-4e46-b500-a7d3223ba7d6@group-FBABD7246533-LeaderElection13] INFO  server.RaftServerConfigKeys (ConfUtils.java:logGet(46)) - raft.server.watch.element-limit = 65536 (default)
2023-02-16 16:34:07,270 [640e7d3f-2dbd-4e46-b500-a7d3223ba7d6@group-FBABD7246533-LeaderElection13] INFO  server.RaftServerConfigKeys (ConfUtils.java:logGet(46)) - raft.server.write.element-limit = 1024 (custom)
2023-02-16 16:34:07,270 [640e7d3f-2dbd-4e46-b500-a7d3223ba7d6@group-FBABD7246533-LeaderElection13] INFO  server.RaftServerConfigKeys (ConfUtils.java:logGet(46)) - raft.server.write.follower.gap.ratio.max = -1.0 (default)
2023-02-16 16:34:07,270 [640e7d3f-2dbd-4e46-b500-a7d3223ba7d6@group-FBABD7246533-LeaderElection13] INFO  impl.RoleInfo (RoleInfo.java:updateAndGet(139)) - 640e7d3f-2dbd-4e46-b500-a7d3223ba7d6: start 640e7d3f-2dbd-4e46-b500-a7d3223ba7d6@group-FBABD7246533-LeaderStateImpl
2023-02-16 16:34:07,270 [640e7d3f-2dbd-4e46-b500-a7d3223ba7d6@group-FBABD7246533-LeaderElection13] INFO  segmented.SegmentedRaftLogWorker (SegmentedRaftLogWorker.java:startLogSegment(452)) - 640e7d3f-2dbd-4e46-b500-a7d3223ba7d6@group-FBABD7246533-SegmentedRaftLogWorker: Starting segment from index:0
2023-02-16 16:34:07,271 [640e7d3f-2dbd-4e46-b500-a7d3223ba7d6@group-FBABD7246533-SegmentedRaftLogWorker] INFO  segmented.SegmentedRaftLogWorker (SegmentedRaftLogWorker.java:execute(656)) - 640e7d3f-2dbd-4e46-b500-a7d3223ba7d6@group-FBABD7246533-SegmentedRaftLogWorker: created new log segment /home/runner/work/ozone/ozone/hadoop-ozone/integration-test/target/test-dir/MiniOzoneClusterImpl-34b8c8ad-1b7a-4f1a-91f5-8cb1859b150b/datanode-1/data/ratis/45cb45bc-af0c-44b4-bd47-fbabd7246533/current/log_inprogress_0
2023-02-16 16:34:07,287 [640e7d3f-2dbd-4e46-b500-a7d3223ba7d6@group-FBABD7246533-LeaderElection13] INFO  server.RaftServer$Division (ServerState.java:setRaftConf(430)) - 640e7d3f-2dbd-4e46-b500-a7d3223ba7d6@group-FBABD7246533: set configuration 0: peers:[640e7d3f-2dbd-4e46-b500-a7d3223ba7d6|rpc:10.1.0.66:35785|dataStream:10.1.0.66:41863|priority:1|startupRole:FOLLOWER]|listeners:[], old=null
16:34:07.351 [IPC Server handler 5 on default port 46781] ERROR OMAudit - user=runner | ip=127.0.0.1 | op=READ_KEY {volume=volume76608, bucket=bucket25283, key=file_notexist, dataSize=0, replicationConfig=null} | ret=FAILURE
org.apache.hadoop.ozone.om.exceptions.OMException: Key:file_notexist not found
	at org.apache.hadoop.ozone.om.KeyManagerImpl.readKeyInfo(KeyManagerImpl.java:397) ~[ozone-manager-1.4.0-SNAPSHOT.jar:?]
	at org.apache.hadoop.ozone.om.KeyManagerImpl.lambda$9(KeyManagerImpl.java:1869) ~[ozone-manager-1.4.0-SNAPSHOT.jar:?]
	at org.apache.hadoop.util.MetricUtil.captureLatencyNs(MetricUtil.java:36) ~[hdds-common-1.4.0-SNAPSHOT.jar:?]
	at org.apache.hadoop.ozone.om.KeyManagerImpl.getKeyInfo(KeyManagerImpl.java:1867) ~[ozone-manager-1.4.0-SNAPSHOT.jar:?]
	at org.apache.hadoop.ozone.om.OmMetadataReader.getKeyInfo(OmMetadataReader.java:211) ~[ozone-manager-1.4.0-SNAPSHOT.jar:?]
	at org.apache.hadoop.ozone.om.OzoneManager.getKeyInfo(OzoneManager.java:2782) ~[ozone-manager-1.4.0-SNAPSHOT.jar:?]
	at org.apache.hadoop.ozone.protocolPB.OzoneManagerRequestHandler.getKeyInfo(OzoneManagerRequestHandler.java:548) ~[ozone-manager-1.4.0-SNAPSHOT.jar:?]
	at org.apache.hadoop.ozone.protocolPB.OzoneManagerRequestHandler.handleReadRequest(OzoneManagerRequestHandler.java:292) ~[ozone-manager-1.4.0-SNAPSHOT.jar:?]
	at org.apache.hadoop.ozone.protocolPB.OzoneManagerProtocolServerSideTranslatorPB.submitRequestDirectlyToOM(OzoneManagerProtocolServerSideTranslatorPB.java:271) ~[ozone-manager-1.4.0-SNAPSHOT.jar:?]
	at org.apache.hadoop.ozone.protocolPB.OzoneManagerProtocolServerSideTranslatorPB.processRequest(OzoneManagerProtocolServerSideTranslatorPB.java:173) ~[ozone-manager-1.4.0-SNAPSHOT.jar:?]
	at org.apache.hadoop.hdds.server.OzoneProtocolMessageDispatcher.processRequest(OzoneProtocolMessageDispatcher.java:87) [hdds-server-framework-1.4.0-SNAPSHOT.jar:?]
	at org.apache.hadoop.ozone.protocolPB.OzoneManagerProtocolServerSideTranslatorPB.submitRequest(OzoneManagerProtocolServerSideTranslatorPB.java:147) [ozone-manager-1.4.0-SNAPSHOT.jar:?]
	at org.apache.hadoop.ozone.protocol.proto.OzoneManagerProtocolProtos$OzoneManagerService$2.callBlockingMethod(OzoneManagerProtocolProtos.java) [ozone-interface-client-1.4.0-SNAPSHOT.jar:?]
	at org.apache.hadoop.ipc.ProtobufRpcEngine$Server.processCall(ProtobufRpcEngine.java:465) [hadoop-common-3.3.4.jar:?]
	at org.apache.hadoop.ipc.ProtobufRpcEngine2$Server$ProtoBufRpcInvoker.call(ProtobufRpcEngine2.java:578) [hadoop-common-3.3.4.jar:?]
	at org.apache.hadoop.ipc.ProtobufRpcEngine2$Server$ProtoBufRpcInvoker.call(ProtobufRpcEngine2.java:556) [hadoop-common-3.3.4.jar:?]
	at org.apache.hadoop.ipc.RPC$Server.call(RPC.java:1093) [hadoop-common-3.3.4.jar:?]
	at org.apache.hadoop.ipc.Server$RpcCall.run(Server.java:1043) [hadoop-common-3.3.4.jar:?]
	at org.apache.hadoop.ipc.Server$RpcCall.run(Server.java:971) [hadoop-common-3.3.4.jar:?]
	at java.security.AccessController.doPrivileged(Native Method) ~[?:1.8.0_362]
	at javax.security.auth.Subject.doAs(Subject.java:422) [?:1.8.0_362]
	at org.apache.hadoop.security.UserGroupInformation.doAs(UserGroupInformation.java:1878) [hadoop-common-3.3.4.jar:?]
	at org.apache.hadoop.ipc.Server$Handler.run(Server.java:2976) [hadoop-common-3.3.4.jar:?]
]]></system-out>
  </testcase>
  <testcase name="testSeekOnFileLength" classname="TestOzoneFileSystem" time="0.128">
    <system-out><![CDATA[2023-02-16 16:34:55,424 [IPC Server handler 1 on default port 46717] INFO  ha.SequenceIdGenerator (SequenceIdGenerator.java:getNextId(128)) - Allocate a batch for containerId, change lastId from 0 to 1000.
2023-02-16 16:34:55,424 [IPC Server handler 1 on default port 46717] WARN  ha.SequenceIdGenerator (SequenceIdGenerator.java:allocateBatch(237)) - Failed to allocate a batch for localId, expected lastId is 0, actual lastId is 111677748019200000.
2023-02-16 16:34:55,424 [IPC Server handler 1 on default port 46717] INFO  ha.SequenceIdGenerator (SequenceIdGenerator.java:getNextId(128)) - Allocate a batch for localId, change lastId from 111677748019200000 to 111677748019201000.
16:34:55.531 [IPC Server handler 4 on default port 44851] ERROR OMAudit - user=runner | ip=127.0.0.1 | op=READ_KEY {volume=volume35667, bucket=bucket27185, key=file_notexist, dataSize=0, replicationConfig=null} | ret=FAILURE
org.apache.hadoop.ozone.om.exceptions.OMException: Key:file_notexist not found
	at org.apache.hadoop.ozone.om.KeyManagerImpl.readKeyInfo(KeyManagerImpl.java:397) ~[ozone-manager-1.4.0-SNAPSHOT.jar:?]
	at org.apache.hadoop.ozone.om.KeyManagerImpl.lambda$9(KeyManagerImpl.java:1869) ~[ozone-manager-1.4.0-SNAPSHOT.jar:?]
	at org.apache.hadoop.util.MetricUtil.captureLatencyNs(MetricUtil.java:36) ~[hdds-common-1.4.0-SNAPSHOT.jar:?]
	at org.apache.hadoop.ozone.om.KeyManagerImpl.getKeyInfo(KeyManagerImpl.java:1867) ~[ozone-manager-1.4.0-SNAPSHOT.jar:?]
	at org.apache.hadoop.ozone.om.OmMetadataReader.getKeyInfo(OmMetadataReader.java:211) ~[ozone-manager-1.4.0-SNAPSHOT.jar:?]
	at org.apache.hadoop.ozone.om.OzoneManager.getKeyInfo(OzoneManager.java:2782) ~[ozone-manager-1.4.0-SNAPSHOT.jar:?]
	at org.apache.hadoop.ozone.protocolPB.OzoneManagerRequestHandler.getKeyInfo(OzoneManagerRequestHandler.java:548) ~[ozone-manager-1.4.0-SNAPSHOT.jar:?]
	at org.apache.hadoop.ozone.protocolPB.OzoneManagerRequestHandler.handleReadRequest(OzoneManagerRequestHandler.java:292) ~[ozone-manager-1.4.0-SNAPSHOT.jar:?]
	at org.apache.hadoop.ozone.protocolPB.OzoneManagerProtocolServerSideTranslatorPB.submitReadRequestToOM(OzoneManagerProtocolServerSideTranslatorPB.java:223) ~[ozone-manager-1.4.0-SNAPSHOT.jar:?]
	at org.apache.hadoop.ozone.protocolPB.OzoneManagerProtocolServerSideTranslatorPB.processRequest(OzoneManagerProtocolServerSideTranslatorPB.java:177) ~[ozone-manager-1.4.0-SNAPSHOT.jar:?]
	at org.apache.hadoop.hdds.server.OzoneProtocolMessageDispatcher.processRequest(OzoneProtocolMessageDispatcher.java:87) [hdds-server-framework-1.4.0-SNAPSHOT.jar:?]
	at org.apache.hadoop.ozone.protocolPB.OzoneManagerProtocolServerSideTranslatorPB.submitRequest(OzoneManagerProtocolServerSideTranslatorPB.java:147) [ozone-manager-1.4.0-SNAPSHOT.jar:?]
	at org.apache.hadoop.ozone.protocol.proto.OzoneManagerProtocolProtos$OzoneManagerService$2.callBlockingMethod(OzoneManagerProtocolProtos.java) [ozone-interface-client-1.4.0-SNAPSHOT.jar:?]
	at org.apache.hadoop.ipc.ProtobufRpcEngine$Server.processCall(ProtobufRpcEngine.java:465) [hadoop-common-3.3.4.jar:?]
	at org.apache.hadoop.ipc.ProtobufRpcEngine2$Server$ProtoBufRpcInvoker.call(ProtobufRpcEngine2.java:578) [hadoop-common-3.3.4.jar:?]
	at org.apache.hadoop.ipc.ProtobufRpcEngine2$Server$ProtoBufRpcInvoker.call(ProtobufRpcEngine2.java:556) [hadoop-common-3.3.4.jar:?]
	at org.apache.hadoop.ipc.RPC$Server.call(RPC.java:1093) [hadoop-common-3.3.4.jar:?]
	at org.apache.hadoop.ipc.Server$RpcCall.run(Server.java:1043) [hadoop-common-3.3.4.jar:?]
	at org.apache.hadoop.ipc.Server$RpcCall.run(Server.java:971) [hadoop-common-3.3.4.jar:?]
	at java.security.AccessController.doPrivileged(Native Method) ~[?:1.8.0_362]
	at javax.security.auth.Subject.doAs(Subject.java:422) [?:1.8.0_362]
	at org.apache.hadoop.security.UserGroupInformation.doAs(UserGroupInformation.java:1878) [hadoop-common-3.3.4.jar:?]
	at org.apache.hadoop.ipc.Server$Handler.run(Server.java:2976) [hadoop-common-3.3.4.jar:?]
]]></system-out>
  </testcase>
  <testcase name="testSeekOnFileLength" classname="TestOzoneFileSystem" time="0.085">
    <system-out><![CDATA[2023-02-16 16:35:46,616 [IPC Server handler 1 on default port 32907] INFO  ha.SequenceIdGenerator (SequenceIdGenerator.java:getNextId(128)) - Allocate a batch for containerId, change lastId from 0 to 1000.
2023-02-16 16:35:46,617 [IPC Server handler 1 on default port 32907] WARN  ha.SequenceIdGenerator (SequenceIdGenerator.java:allocateBatch(237)) - Failed to allocate a batch for localId, expected lastId is 0, actual lastId is 111677748019200000.
2023-02-16 16:35:46,617 [IPC Server handler 1 on default port 32907] INFO  ha.SequenceIdGenerator (SequenceIdGenerator.java:getNextId(128)) - Allocate a batch for localId, change lastId from 111677748019200000 to 111677748019201000.
16:35:46.690 [IPC Server handler 14 on default port 38619] ERROR OMAudit - user=runner | ip=127.0.0.1 | op=READ_KEY {volume=volume78724, bucket=bucket78568, key=file_notexist, dataSize=0, replicationConfig=null} | ret=FAILURE
org.apache.hadoop.ozone.om.exceptions.OMException: Key:file_notexist not found
	at org.apache.hadoop.ozone.om.KeyManagerImpl.readKeyInfo(KeyManagerImpl.java:397) ~[ozone-manager-1.4.0-SNAPSHOT.jar:?]
	at org.apache.hadoop.ozone.om.KeyManagerImpl.lambda$9(KeyManagerImpl.java:1869) ~[ozone-manager-1.4.0-SNAPSHOT.jar:?]
	at org.apache.hadoop.util.MetricUtil.captureLatencyNs(MetricUtil.java:36) ~[hdds-common-1.4.0-SNAPSHOT.jar:?]
	at org.apache.hadoop.ozone.om.KeyManagerImpl.getKeyInfo(KeyManagerImpl.java:1867) ~[ozone-manager-1.4.0-SNAPSHOT.jar:?]
	at org.apache.hadoop.ozone.om.OmMetadataReader.getKeyInfo(OmMetadataReader.java:211) ~[ozone-manager-1.4.0-SNAPSHOT.jar:?]
	at org.apache.hadoop.ozone.om.OzoneManager.getKeyInfo(OzoneManager.java:2782) ~[ozone-manager-1.4.0-SNAPSHOT.jar:?]
	at org.apache.hadoop.ozone.protocolPB.OzoneManagerRequestHandler.getKeyInfo(OzoneManagerRequestHandler.java:548) ~[ozone-manager-1.4.0-SNAPSHOT.jar:?]
	at org.apache.hadoop.ozone.protocolPB.OzoneManagerRequestHandler.handleReadRequest(OzoneManagerRequestHandler.java:292) ~[ozone-manager-1.4.0-SNAPSHOT.jar:?]
	at org.apache.hadoop.ozone.protocolPB.OzoneManagerProtocolServerSideTranslatorPB.submitRequestDirectlyToOM(OzoneManagerProtocolServerSideTranslatorPB.java:271) ~[ozone-manager-1.4.0-SNAPSHOT.jar:?]
	at org.apache.hadoop.ozone.protocolPB.OzoneManagerProtocolServerSideTranslatorPB.processRequest(OzoneManagerProtocolServerSideTranslatorPB.java:173) ~[ozone-manager-1.4.0-SNAPSHOT.jar:?]
	at org.apache.hadoop.hdds.server.OzoneProtocolMessageDispatcher.processRequest(OzoneProtocolMessageDispatcher.java:87) [hdds-server-framework-1.4.0-SNAPSHOT.jar:?]
	at org.apache.hadoop.ozone.protocolPB.OzoneManagerProtocolServerSideTranslatorPB.submitRequest(OzoneManagerProtocolServerSideTranslatorPB.java:147) [ozone-manager-1.4.0-SNAPSHOT.jar:?]
	at org.apache.hadoop.ozone.protocol.proto.OzoneManagerProtocolProtos$OzoneManagerService$2.callBlockingMethod(OzoneManagerProtocolProtos.java) [ozone-interface-client-1.4.0-SNAPSHOT.jar:?]
	at org.apache.hadoop.ipc.ProtobufRpcEngine$Server.processCall(ProtobufRpcEngine.java:465) [hadoop-common-3.3.4.jar:?]
	at org.apache.hadoop.ipc.ProtobufRpcEngine2$Server$ProtoBufRpcInvoker.call(ProtobufRpcEngine2.java:578) [hadoop-common-3.3.4.jar:?]
	at org.apache.hadoop.ipc.ProtobufRpcEngine2$Server$ProtoBufRpcInvoker.call(ProtobufRpcEngine2.java:556) [hadoop-common-3.3.4.jar:?]
	at org.apache.hadoop.ipc.RPC$Server.call(RPC.java:1093) [hadoop-common-3.3.4.jar:?]
	at org.apache.hadoop.ipc.Server$RpcCall.run(Server.java:1043) [hadoop-common-3.3.4.jar:?]
	at org.apache.hadoop.ipc.Server$RpcCall.run(Server.java:971) [hadoop-common-3.3.4.jar:?]
	at java.security.AccessController.doPrivileged(Native Method) ~[?:1.8.0_362]
	at javax.security.auth.Subject.doAs(Subject.java:422) [?:1.8.0_362]
	at org.apache.hadoop.security.UserGroupInformation.doAs(UserGroupInformation.java:1878) [hadoop-common-3.3.4.jar:?]
	at org.apache.hadoop.ipc.Server$Handler.run(Server.java:2976) [hadoop-common-3.3.4.jar:?]
]]></system-out>
  </testcase>
  <testcase name="testRenameFile" classname="TestOzoneFileSystem" time="0.108">
    <system-out><![CDATA[2023-02-16 16:33:09,542 [OM StateMachine ApplyTransaction Thread - 0] INFO  key.OMKeyRequest (OMKeyRequest.java:wrapUncommittedBlocksAsPseudoKey(837)) - Detect allocated but uncommitted blocks [{blockID={containerID=2, localID=111677748019200002}, length=4194304, offset=0, token=null, pipeline=null, createVersion=0, partNumber=0}] in key root/file1_Copy.
16:33:09.548 [IPC Server handler 4 on default port 37073] ERROR OMAudit - user=runner | ip=127.0.0.1 | op=GET_FILE_STATUS {volume=volume28358, bucket=bucket39322, key=root/file1, dataSize=0, replicationConfig=null} | ret=FAILURE
org.apache.hadoop.ozone.om.exceptions.OMException: Unable to get file status: volume: volume28358 bucket: bucket39322 key: root/file1
	at org.apache.hadoop.ozone.om.KeyManagerImpl.getOzoneFileStatus(KeyManagerImpl.java:1162) ~[ozone-manager-1.4.0-SNAPSHOT.jar:?]
	at org.apache.hadoop.ozone.om.KeyManagerImpl.getFileStatus(KeyManagerImpl.java:1080) ~[ozone-manager-1.4.0-SNAPSHOT.jar:?]
	at org.apache.hadoop.ozone.om.OmMetadataReader.getFileStatus(OmMetadataReader.java:288) ~[ozone-manager-1.4.0-SNAPSHOT.jar:?]
	at org.apache.hadoop.ozone.om.OzoneManager.getFileStatus(OzoneManager.java:3450) ~[ozone-manager-1.4.0-SNAPSHOT.jar:?]
	at org.apache.hadoop.ozone.protocolPB.OzoneManagerRequestHandler.getOzoneFileStatus(OzoneManagerRequestHandler.java:933) ~[ozone-manager-1.4.0-SNAPSHOT.jar:?]
	at org.apache.hadoop.ozone.protocolPB.OzoneManagerRequestHandler.handleReadRequest(OzoneManagerRequestHandler.java:238) ~[ozone-manager-1.4.0-SNAPSHOT.jar:?]
	at org.apache.hadoop.ozone.protocolPB.OzoneManagerProtocolServerSideTranslatorPB.submitReadRequestToOM(OzoneManagerProtocolServerSideTranslatorPB.java:223) ~[ozone-manager-1.4.0-SNAPSHOT.jar:?]
	at org.apache.hadoop.ozone.protocolPB.OzoneManagerProtocolServerSideTranslatorPB.processRequest(OzoneManagerProtocolServerSideTranslatorPB.java:177) ~[ozone-manager-1.4.0-SNAPSHOT.jar:?]
	at org.apache.hadoop.hdds.server.OzoneProtocolMessageDispatcher.processRequest(OzoneProtocolMessageDispatcher.java:87) [hdds-server-framework-1.4.0-SNAPSHOT.jar:?]
	at org.apache.hadoop.ozone.protocolPB.OzoneManagerProtocolServerSideTranslatorPB.submitRequest(OzoneManagerProtocolServerSideTranslatorPB.java:147) [ozone-manager-1.4.0-SNAPSHOT.jar:?]
	at org.apache.hadoop.ozone.protocol.proto.OzoneManagerProtocolProtos$OzoneManagerService$2.callBlockingMethod(OzoneManagerProtocolProtos.java) [ozone-interface-client-1.4.0-SNAPSHOT.jar:?]
	at org.apache.hadoop.ipc.ProtobufRpcEngine$Server.processCall(ProtobufRpcEngine.java:465) [hadoop-common-3.3.4.jar:?]
	at org.apache.hadoop.ipc.ProtobufRpcEngine2$Server$ProtoBufRpcInvoker.call(ProtobufRpcEngine2.java:578) [hadoop-common-3.3.4.jar:?]
	at org.apache.hadoop.ipc.ProtobufRpcEngine2$Server$ProtoBufRpcInvoker.call(ProtobufRpcEngine2.java:556) [hadoop-common-3.3.4.jar:?]
	at org.apache.hadoop.ipc.RPC$Server.call(RPC.java:1093) [hadoop-common-3.3.4.jar:?]
	at org.apache.hadoop.ipc.Server$RpcCall.run(Server.java:1043) [hadoop-common-3.3.4.jar:?]
	at org.apache.hadoop.ipc.Server$RpcCall.run(Server.java:971) [hadoop-common-3.3.4.jar:?]
	at java.security.AccessController.doPrivileged(Native Method) ~[?:1.8.0_362]
	at javax.security.auth.Subject.doAs(Subject.java:422) [?:1.8.0_362]
	at org.apache.hadoop.security.UserGroupInformation.doAs(UserGroupInformation.java:1878) [hadoop-common-3.3.4.jar:?]
	at org.apache.hadoop.ipc.Server$Handler.run(Server.java:2976) [hadoop-common-3.3.4.jar:?]
]]></system-out>
  </testcase>
  <testcase name="testRenameFile" classname="TestOzoneFileSystem" time="0.026">
    <system-out><![CDATA[2023-02-16 16:34:07,364 [IPC Server handler 19 on default port 46781] INFO  key.OMKeyRequest (OMKeyRequest.java:wrapUncommittedBlocksAsPseudoKey(837)) - Detect allocated but uncommitted blocks [{blockID={containerID=2, localID=111677748019200002}, length=4194304, offset=0, token=null, pipeline=null, createVersion=0, partNumber=0}] in key root/file1_Copy.
16:34:07.366 [IPC Server handler 17 on default port 46781] ERROR OMAudit - user=runner | ip=127.0.0.1 | op=GET_FILE_STATUS {volume=volume76608, bucket=bucket25283, key=root/file1, dataSize=0, replicationConfig=null} | ret=FAILURE
org.apache.hadoop.ozone.om.exceptions.OMException: Unable to get file status: volume: volume76608 bucket: bucket25283 key: root/file1
	at org.apache.hadoop.ozone.om.KeyManagerImpl.getOzoneFileStatus(KeyManagerImpl.java:1162) ~[ozone-manager-1.4.0-SNAPSHOT.jar:?]
	at org.apache.hadoop.ozone.om.KeyManagerImpl.getFileStatus(KeyManagerImpl.java:1080) ~[ozone-manager-1.4.0-SNAPSHOT.jar:?]
	at org.apache.hadoop.ozone.om.OmMetadataReader.getFileStatus(OmMetadataReader.java:288) ~[ozone-manager-1.4.0-SNAPSHOT.jar:?]
	at org.apache.hadoop.ozone.om.OzoneManager.getFileStatus(OzoneManager.java:3450) ~[ozone-manager-1.4.0-SNAPSHOT.jar:?]
	at org.apache.hadoop.ozone.protocolPB.OzoneManagerRequestHandler.getOzoneFileStatus(OzoneManagerRequestHandler.java:933) ~[ozone-manager-1.4.0-SNAPSHOT.jar:?]
	at org.apache.hadoop.ozone.protocolPB.OzoneManagerRequestHandler.handleReadRequest(OzoneManagerRequestHandler.java:238) ~[ozone-manager-1.4.0-SNAPSHOT.jar:?]
	at org.apache.hadoop.ozone.protocolPB.OzoneManagerProtocolServerSideTranslatorPB.submitRequestDirectlyToOM(OzoneManagerProtocolServerSideTranslatorPB.java:271) ~[ozone-manager-1.4.0-SNAPSHOT.jar:?]
	at org.apache.hadoop.ozone.protocolPB.OzoneManagerProtocolServerSideTranslatorPB.processRequest(OzoneManagerProtocolServerSideTranslatorPB.java:173) ~[ozone-manager-1.4.0-SNAPSHOT.jar:?]
	at org.apache.hadoop.hdds.server.OzoneProtocolMessageDispatcher.processRequest(OzoneProtocolMessageDispatcher.java:87) [hdds-server-framework-1.4.0-SNAPSHOT.jar:?]
	at org.apache.hadoop.ozone.protocolPB.OzoneManagerProtocolServerSideTranslatorPB.submitRequest(OzoneManagerProtocolServerSideTranslatorPB.java:147) [ozone-manager-1.4.0-SNAPSHOT.jar:?]
	at org.apache.hadoop.ozone.protocol.proto.OzoneManagerProtocolProtos$OzoneManagerService$2.callBlockingMethod(OzoneManagerProtocolProtos.java) [ozone-interface-client-1.4.0-SNAPSHOT.jar:?]
	at org.apache.hadoop.ipc.ProtobufRpcEngine$Server.processCall(ProtobufRpcEngine.java:465) [hadoop-common-3.3.4.jar:?]
	at org.apache.hadoop.ipc.ProtobufRpcEngine2$Server$ProtoBufRpcInvoker.call(ProtobufRpcEngine2.java:578) [hadoop-common-3.3.4.jar:?]
	at org.apache.hadoop.ipc.ProtobufRpcEngine2$Server$ProtoBufRpcInvoker.call(ProtobufRpcEngine2.java:556) [hadoop-common-3.3.4.jar:?]
	at org.apache.hadoop.ipc.RPC$Server.call(RPC.java:1093) [hadoop-common-3.3.4.jar:?]
	at org.apache.hadoop.ipc.Server$RpcCall.run(Server.java:1043) [hadoop-common-3.3.4.jar:?]
	at org.apache.hadoop.ipc.Server$RpcCall.run(Server.java:971) [hadoop-common-3.3.4.jar:?]
	at java.security.AccessController.doPrivileged(Native Method) ~[?:1.8.0_362]
	at javax.security.auth.Subject.doAs(Subject.java:422) [?:1.8.0_362]
	at org.apache.hadoop.security.UserGroupInformation.doAs(UserGroupInformation.java:1878) [hadoop-common-3.3.4.jar:?]
	at org.apache.hadoop.ipc.Server$Handler.run(Server.java:2976) [hadoop-common-3.3.4.jar:?]
]]></system-out>
  </testcase>
  <testcase name="testRenameFile" classname="TestOzoneFileSystem" time="0.03">
    <system-out><![CDATA[2023-02-16 16:34:55,544 [OM StateMachine ApplyTransaction Thread - 0] INFO  key.OMKeyRequest (OMKeyRequest.java:wrapUncommittedBlocksAsPseudoKey(837)) - Detect allocated but uncommitted blocks [{blockID={containerID=2, localID=111677748019200002}, length=4194304, offset=0, token=null, pipeline=null, createVersion=0, partNumber=0}] in key root/file1_Copy.
16:34:55.546 [IPC Server handler 19 on default port 44851] ERROR OMAudit - user=runner | ip=127.0.0.1 | op=GET_FILE_STATUS {volume=volume35667, bucket=bucket27185, key=root/file1, dataSize=0, replicationConfig=null} | ret=FAILURE
org.apache.hadoop.ozone.om.exceptions.OMException: Unable to get file status: volume: volume35667 bucket: bucket27185 key: root/file1
	at org.apache.hadoop.ozone.om.KeyManagerImpl.getOzoneFileStatus(KeyManagerImpl.java:1162) ~[ozone-manager-1.4.0-SNAPSHOT.jar:?]
	at org.apache.hadoop.ozone.om.KeyManagerImpl.getFileStatus(KeyManagerImpl.java:1080) ~[ozone-manager-1.4.0-SNAPSHOT.jar:?]
	at org.apache.hadoop.ozone.om.OmMetadataReader.getFileStatus(OmMetadataReader.java:288) ~[ozone-manager-1.4.0-SNAPSHOT.jar:?]
	at org.apache.hadoop.ozone.om.OzoneManager.getFileStatus(OzoneManager.java:3450) ~[ozone-manager-1.4.0-SNAPSHOT.jar:?]
	at org.apache.hadoop.ozone.protocolPB.OzoneManagerRequestHandler.getOzoneFileStatus(OzoneManagerRequestHandler.java:933) ~[ozone-manager-1.4.0-SNAPSHOT.jar:?]
	at org.apache.hadoop.ozone.protocolPB.OzoneManagerRequestHandler.handleReadRequest(OzoneManagerRequestHandler.java:238) ~[ozone-manager-1.4.0-SNAPSHOT.jar:?]
	at org.apache.hadoop.ozone.protocolPB.OzoneManagerProtocolServerSideTranslatorPB.submitReadRequestToOM(OzoneManagerProtocolServerSideTranslatorPB.java:223) ~[ozone-manager-1.4.0-SNAPSHOT.jar:?]
	at org.apache.hadoop.ozone.protocolPB.OzoneManagerProtocolServerSideTranslatorPB.processRequest(OzoneManagerProtocolServerSideTranslatorPB.java:177) ~[ozone-manager-1.4.0-SNAPSHOT.jar:?]
	at org.apache.hadoop.hdds.server.OzoneProtocolMessageDispatcher.processRequest(OzoneProtocolMessageDispatcher.java:87) [hdds-server-framework-1.4.0-SNAPSHOT.jar:?]
	at org.apache.hadoop.ozone.protocolPB.OzoneManagerProtocolServerSideTranslatorPB.submitRequest(OzoneManagerProtocolServerSideTranslatorPB.java:147) [ozone-manager-1.4.0-SNAPSHOT.jar:?]
	at org.apache.hadoop.ozone.protocol.proto.OzoneManagerProtocolProtos$OzoneManagerService$2.callBlockingMethod(OzoneManagerProtocolProtos.java) [ozone-interface-client-1.4.0-SNAPSHOT.jar:?]
	at org.apache.hadoop.ipc.ProtobufRpcEngine$Server.processCall(ProtobufRpcEngine.java:465) [hadoop-common-3.3.4.jar:?]
	at org.apache.hadoop.ipc.ProtobufRpcEngine2$Server$ProtoBufRpcInvoker.call(ProtobufRpcEngine2.java:578) [hadoop-common-3.3.4.jar:?]
	at org.apache.hadoop.ipc.ProtobufRpcEngine2$Server$ProtoBufRpcInvoker.call(ProtobufRpcEngine2.java:556) [hadoop-common-3.3.4.jar:?]
	at org.apache.hadoop.ipc.RPC$Server.call(RPC.java:1093) [hadoop-common-3.3.4.jar:?]
	at org.apache.hadoop.ipc.Server$RpcCall.run(Server.java:1043) [hadoop-common-3.3.4.jar:?]
	at org.apache.hadoop.ipc.Server$RpcCall.run(Server.java:971) [hadoop-common-3.3.4.jar:?]
	at java.security.AccessController.doPrivileged(Native Method) ~[?:1.8.0_362]
	at javax.security.auth.Subject.doAs(Subject.java:422) [?:1.8.0_362]
	at org.apache.hadoop.security.UserGroupInformation.doAs(UserGroupInformation.java:1878) [hadoop-common-3.3.4.jar:?]
	at org.apache.hadoop.ipc.Server$Handler.run(Server.java:2976) [hadoop-common-3.3.4.jar:?]
]]></system-out>
  </testcase>
  <testcase name="testRenameFile" classname="TestOzoneFileSystem" time="0.017">
    <system-out><![CDATA[2023-02-16 16:35:46,704 [IPC Server handler 0 on default port 38619] INFO  key.OMKeyRequest (OMKeyRequest.java:wrapUncommittedBlocksAsPseudoKey(837)) - Detect allocated but uncommitted blocks [{blockID={containerID=2, localID=111677748019200002}, length=4194304, offset=0, token=null, pipeline=null, createVersion=0, partNumber=0}] in key root/file1_Copy.
16:35:46.705 [IPC Server handler 2 on default port 38619] ERROR OMAudit - user=runner | ip=127.0.0.1 | op=GET_FILE_STATUS {volume=volume78724, bucket=bucket78568, key=root/file1, dataSize=0, replicationConfig=null} | ret=FAILURE
org.apache.hadoop.ozone.om.exceptions.OMException: Unable to get file status: volume: volume78724 bucket: bucket78568 key: root/file1
	at org.apache.hadoop.ozone.om.KeyManagerImpl.getOzoneFileStatus(KeyManagerImpl.java:1162) ~[ozone-manager-1.4.0-SNAPSHOT.jar:?]
	at org.apache.hadoop.ozone.om.KeyManagerImpl.getFileStatus(KeyManagerImpl.java:1080) ~[ozone-manager-1.4.0-SNAPSHOT.jar:?]
	at org.apache.hadoop.ozone.om.OmMetadataReader.getFileStatus(OmMetadataReader.java:288) ~[ozone-manager-1.4.0-SNAPSHOT.jar:?]
	at org.apache.hadoop.ozone.om.OzoneManager.getFileStatus(OzoneManager.java:3450) ~[ozone-manager-1.4.0-SNAPSHOT.jar:?]
	at org.apache.hadoop.ozone.protocolPB.OzoneManagerRequestHandler.getOzoneFileStatus(OzoneManagerRequestHandler.java:933) ~[ozone-manager-1.4.0-SNAPSHOT.jar:?]
	at org.apache.hadoop.ozone.protocolPB.OzoneManagerRequestHandler.handleReadRequest(OzoneManagerRequestHandler.java:238) ~[ozone-manager-1.4.0-SNAPSHOT.jar:?]
	at org.apache.hadoop.ozone.protocolPB.OzoneManagerProtocolServerSideTranslatorPB.submitRequestDirectlyToOM(OzoneManagerProtocolServerSideTranslatorPB.java:271) ~[ozone-manager-1.4.0-SNAPSHOT.jar:?]
	at org.apache.hadoop.ozone.protocolPB.OzoneManagerProtocolServerSideTranslatorPB.processRequest(OzoneManagerProtocolServerSideTranslatorPB.java:173) ~[ozone-manager-1.4.0-SNAPSHOT.jar:?]
	at org.apache.hadoop.hdds.server.OzoneProtocolMessageDispatcher.processRequest(OzoneProtocolMessageDispatcher.java:87) [hdds-server-framework-1.4.0-SNAPSHOT.jar:?]
	at org.apache.hadoop.ozone.protocolPB.OzoneManagerProtocolServerSideTranslatorPB.submitRequest(OzoneManagerProtocolServerSideTranslatorPB.java:147) [ozone-manager-1.4.0-SNAPSHOT.jar:?]
	at org.apache.hadoop.ozone.protocol.proto.OzoneManagerProtocolProtos$OzoneManagerService$2.callBlockingMethod(OzoneManagerProtocolProtos.java) [ozone-interface-client-1.4.0-SNAPSHOT.jar:?]
	at org.apache.hadoop.ipc.ProtobufRpcEngine$Server.processCall(ProtobufRpcEngine.java:465) [hadoop-common-3.3.4.jar:?]
	at org.apache.hadoop.ipc.ProtobufRpcEngine2$Server$ProtoBufRpcInvoker.call(ProtobufRpcEngine2.java:578) [hadoop-common-3.3.4.jar:?]
	at org.apache.hadoop.ipc.ProtobufRpcEngine2$Server$ProtoBufRpcInvoker.call(ProtobufRpcEngine2.java:556) [hadoop-common-3.3.4.jar:?]
	at org.apache.hadoop.ipc.RPC$Server.call(RPC.java:1093) [hadoop-common-3.3.4.jar:?]
	at org.apache.hadoop.ipc.Server$RpcCall.run(Server.java:1043) [hadoop-common-3.3.4.jar:?]
	at org.apache.hadoop.ipc.Server$RpcCall.run(Server.java:971) [hadoop-common-3.3.4.jar:?]
	at java.security.AccessController.doPrivileged(Native Method) ~[?:1.8.0_362]
	at javax.security.auth.Subject.doAs(Subject.java:422) [?:1.8.0_362]
	at org.apache.hadoop.security.UserGroupInformation.doAs(UserGroupInformation.java:1878) [hadoop-common-3.3.4.jar:?]
	at org.apache.hadoop.ipc.Server$Handler.run(Server.java:2976) [hadoop-common-3.3.4.jar:?]
]]></system-out>
  </testcase>
  <testcase name="testRenameDir" classname="TestOzoneFileSystem" time="0.049">
    <system-out><![CDATA[2023-02-16 16:33:09,635 [Time-limited test] INFO  ozone.TestOzoneFileSystem (TestOzoneFileSystem.java:testRenameDir(1430)) - Created dir o3fs://bucket39322.volume28358/root_dir/dir1/sub_dir1
2023-02-16 16:33:09,635 [Time-limited test] INFO  ozone.TestOzoneFileSystem (TestOzoneFileSystem.java:testRenameDir(1431)) - Will move o3fs://bucket39322.volume28358/root_dir/dir1 to o3fs://bucket39322.volume28358/root_dir/dir1.renamed
16:33:09.638 [IPC Server handler 17 on default port 37073] ERROR OMAudit - user=runner | ip=127.0.0.1 | op=GET_FILE_STATUS {volume=volume28358, bucket=bucket39322, key=root_dir/dir1.renamed, dataSize=0, replicationConfig=null} | ret=FAILURE
org.apache.hadoop.ozone.om.exceptions.OMException: Unable to get file status: volume: volume28358 bucket: bucket39322 key: root_dir/dir1.renamed
	at org.apache.hadoop.ozone.om.KeyManagerImpl.getOzoneFileStatus(KeyManagerImpl.java:1162) ~[ozone-manager-1.4.0-SNAPSHOT.jar:?]
	at org.apache.hadoop.ozone.om.KeyManagerImpl.getFileStatus(KeyManagerImpl.java:1080) ~[ozone-manager-1.4.0-SNAPSHOT.jar:?]
	at org.apache.hadoop.ozone.om.OmMetadataReader.getFileStatus(OmMetadataReader.java:288) ~[ozone-manager-1.4.0-SNAPSHOT.jar:?]
	at org.apache.hadoop.ozone.om.OzoneManager.getFileStatus(OzoneManager.java:3450) ~[ozone-manager-1.4.0-SNAPSHOT.jar:?]
	at org.apache.hadoop.ozone.protocolPB.OzoneManagerRequestHandler.getOzoneFileStatus(OzoneManagerRequestHandler.java:933) ~[ozone-manager-1.4.0-SNAPSHOT.jar:?]
	at org.apache.hadoop.ozone.protocolPB.OzoneManagerRequestHandler.handleReadRequest(OzoneManagerRequestHandler.java:238) ~[ozone-manager-1.4.0-SNAPSHOT.jar:?]
	at org.apache.hadoop.ozone.protocolPB.OzoneManagerProtocolServerSideTranslatorPB.submitReadRequestToOM(OzoneManagerProtocolServerSideTranslatorPB.java:223) ~[ozone-manager-1.4.0-SNAPSHOT.jar:?]
	at org.apache.hadoop.ozone.protocolPB.OzoneManagerProtocolServerSideTranslatorPB.processRequest(OzoneManagerProtocolServerSideTranslatorPB.java:177) ~[ozone-manager-1.4.0-SNAPSHOT.jar:?]
	at org.apache.hadoop.hdds.server.OzoneProtocolMessageDispatcher.processRequest(OzoneProtocolMessageDispatcher.java:87) [hdds-server-framework-1.4.0-SNAPSHOT.jar:?]
	at org.apache.hadoop.ozone.protocolPB.OzoneManagerProtocolServerSideTranslatorPB.submitRequest(OzoneManagerProtocolServerSideTranslatorPB.java:147) [ozone-manager-1.4.0-SNAPSHOT.jar:?]
	at org.apache.hadoop.ozone.protocol.proto.OzoneManagerProtocolProtos$OzoneManagerService$2.callBlockingMethod(OzoneManagerProtocolProtos.java) [ozone-interface-client-1.4.0-SNAPSHOT.jar:?]
	at org.apache.hadoop.ipc.ProtobufRpcEngine$Server.processCall(ProtobufRpcEngine.java:465) [hadoop-common-3.3.4.jar:?]
	at org.apache.hadoop.ipc.ProtobufRpcEngine2$Server$ProtoBufRpcInvoker.call(ProtobufRpcEngine2.java:578) [hadoop-common-3.3.4.jar:?]
	at org.apache.hadoop.ipc.ProtobufRpcEngine2$Server$ProtoBufRpcInvoker.call(ProtobufRpcEngine2.java:556) [hadoop-common-3.3.4.jar:?]
	at org.apache.hadoop.ipc.RPC$Server.call(RPC.java:1093) [hadoop-common-3.3.4.jar:?]
	at org.apache.hadoop.ipc.Server$RpcCall.run(Server.java:1043) [hadoop-common-3.3.4.jar:?]
	at org.apache.hadoop.ipc.Server$RpcCall.run(Server.java:971) [hadoop-common-3.3.4.jar:?]
	at java.security.AccessController.doPrivileged(Native Method) ~[?:1.8.0_362]
	at javax.security.auth.Subject.doAs(Subject.java:422) [?:1.8.0_362]
	at org.apache.hadoop.security.UserGroupInformation.doAs(UserGroupInformation.java:1878) [hadoop-common-3.3.4.jar:?]
	at org.apache.hadoop.ipc.Server$Handler.run(Server.java:2976) [hadoop-common-3.3.4.jar:?]
]]></system-out>
  </testcase>
  <testcase name="testRenameDir" classname="TestOzoneFileSystem" time="0.009">
    <system-out><![CDATA[2023-02-16 16:34:07,385 [Time-limited test] INFO  ozone.TestOzoneFileSystem (TestOzoneFileSystem.java:testRenameDir(1430)) - Created dir o3fs://bucket25283.volume76608/root_dir/dir1/sub_dir1
2023-02-16 16:34:07,385 [Time-limited test] INFO  ozone.TestOzoneFileSystem (TestOzoneFileSystem.java:testRenameDir(1431)) - Will move o3fs://bucket25283.volume76608/root_dir/dir1 to o3fs://bucket25283.volume76608/root_dir/dir1.renamed
16:34:07.386 [IPC Server handler 11 on default port 46781] ERROR OMAudit - user=runner | ip=127.0.0.1 | op=GET_FILE_STATUS {volume=volume76608, bucket=bucket25283, key=root_dir/dir1.renamed, dataSize=0, replicationConfig=null} | ret=FAILURE
org.apache.hadoop.ozone.om.exceptions.OMException: Unable to get file status: volume: volume76608 bucket: bucket25283 key: root_dir/dir1.renamed
	at org.apache.hadoop.ozone.om.KeyManagerImpl.getOzoneFileStatus(KeyManagerImpl.java:1162) ~[ozone-manager-1.4.0-SNAPSHOT.jar:?]
	at org.apache.hadoop.ozone.om.KeyManagerImpl.getFileStatus(KeyManagerImpl.java:1080) ~[ozone-manager-1.4.0-SNAPSHOT.jar:?]
	at org.apache.hadoop.ozone.om.OmMetadataReader.getFileStatus(OmMetadataReader.java:288) ~[ozone-manager-1.4.0-SNAPSHOT.jar:?]
	at org.apache.hadoop.ozone.om.OzoneManager.getFileStatus(OzoneManager.java:3450) ~[ozone-manager-1.4.0-SNAPSHOT.jar:?]
	at org.apache.hadoop.ozone.protocolPB.OzoneManagerRequestHandler.getOzoneFileStatus(OzoneManagerRequestHandler.java:933) ~[ozone-manager-1.4.0-SNAPSHOT.jar:?]
	at org.apache.hadoop.ozone.protocolPB.OzoneManagerRequestHandler.handleReadRequest(OzoneManagerRequestHandler.java:238) ~[ozone-manager-1.4.0-SNAPSHOT.jar:?]
	at org.apache.hadoop.ozone.protocolPB.OzoneManagerProtocolServerSideTranslatorPB.submitRequestDirectlyToOM(OzoneManagerProtocolServerSideTranslatorPB.java:271) ~[ozone-manager-1.4.0-SNAPSHOT.jar:?]
	at org.apache.hadoop.ozone.protocolPB.OzoneManagerProtocolServerSideTranslatorPB.processRequest(OzoneManagerProtocolServerSideTranslatorPB.java:173) ~[ozone-manager-1.4.0-SNAPSHOT.jar:?]
	at org.apache.hadoop.hdds.server.OzoneProtocolMessageDispatcher.processRequest(OzoneProtocolMessageDispatcher.java:87) [hdds-server-framework-1.4.0-SNAPSHOT.jar:?]
	at org.apache.hadoop.ozone.protocolPB.OzoneManagerProtocolServerSideTranslatorPB.submitRequest(OzoneManagerProtocolServerSideTranslatorPB.java:147) [ozone-manager-1.4.0-SNAPSHOT.jar:?]
	at org.apache.hadoop.ozone.protocol.proto.OzoneManagerProtocolProtos$OzoneManagerService$2.callBlockingMethod(OzoneManagerProtocolProtos.java) [ozone-interface-client-1.4.0-SNAPSHOT.jar:?]
	at org.apache.hadoop.ipc.ProtobufRpcEngine$Server.processCall(ProtobufRpcEngine.java:465) [hadoop-common-3.3.4.jar:?]
	at org.apache.hadoop.ipc.ProtobufRpcEngine2$Server$ProtoBufRpcInvoker.call(ProtobufRpcEngine2.java:578) [hadoop-common-3.3.4.jar:?]
	at org.apache.hadoop.ipc.ProtobufRpcEngine2$Server$ProtoBufRpcInvoker.call(ProtobufRpcEngine2.java:556) [hadoop-common-3.3.4.jar:?]
	at org.apache.hadoop.ipc.RPC$Server.call(RPC.java:1093) [hadoop-common-3.3.4.jar:?]
	at org.apache.hadoop.ipc.Server$RpcCall.run(Server.java:1043) [hadoop-common-3.3.4.jar:?]
	at org.apache.hadoop.ipc.Server$RpcCall.run(Server.java:971) [hadoop-common-3.3.4.jar:?]
	at java.security.AccessController.doPrivileged(Native Method) ~[?:1.8.0_362]
	at javax.security.auth.Subject.doAs(Subject.java:422) [?:1.8.0_362]
	at org.apache.hadoop.security.UserGroupInformation.doAs(UserGroupInformation.java:1878) [hadoop-common-3.3.4.jar:?]
	at org.apache.hadoop.ipc.Server$Handler.run(Server.java:2976) [hadoop-common-3.3.4.jar:?]
]]></system-out>
  </testcase>
  <testcase name="testRenameDir" classname="TestOzoneFileSystem" time="0.016">
    <system-out><![CDATA[2023-02-16 16:34:55,572 [Time-limited test] INFO  ozone.TestOzoneFileSystem (TestOzoneFileSystem.java:testRenameDir(1430)) - Created dir o3fs://bucket27185.volume35667/root_dir/dir1/sub_dir1
2023-02-16 16:34:55,572 [Time-limited test] INFO  ozone.TestOzoneFileSystem (TestOzoneFileSystem.java:testRenameDir(1431)) - Will move o3fs://bucket27185.volume35667/root_dir/dir1 to o3fs://bucket27185.volume35667/root_dir/dir1.renamed
16:34:55.573 [IPC Server handler 12 on default port 44851] ERROR OMAudit - user=runner | ip=127.0.0.1 | op=GET_FILE_STATUS {volume=volume35667, bucket=bucket27185, key=root_dir/dir1.renamed, dataSize=0, replicationConfig=null} | ret=FAILURE
org.apache.hadoop.ozone.om.exceptions.OMException: Unable to get file status: volume: volume35667 bucket: bucket27185 key: root_dir/dir1.renamed
	at org.apache.hadoop.ozone.om.KeyManagerImpl.getOzoneFileStatus(KeyManagerImpl.java:1162) ~[ozone-manager-1.4.0-SNAPSHOT.jar:?]
	at org.apache.hadoop.ozone.om.KeyManagerImpl.getFileStatus(KeyManagerImpl.java:1080) ~[ozone-manager-1.4.0-SNAPSHOT.jar:?]
	at org.apache.hadoop.ozone.om.OmMetadataReader.getFileStatus(OmMetadataReader.java:288) ~[ozone-manager-1.4.0-SNAPSHOT.jar:?]
	at org.apache.hadoop.ozone.om.OzoneManager.getFileStatus(OzoneManager.java:3450) ~[ozone-manager-1.4.0-SNAPSHOT.jar:?]
	at org.apache.hadoop.ozone.protocolPB.OzoneManagerRequestHandler.getOzoneFileStatus(OzoneManagerRequestHandler.java:933) ~[ozone-manager-1.4.0-SNAPSHOT.jar:?]
	at org.apache.hadoop.ozone.protocolPB.OzoneManagerRequestHandler.handleReadRequest(OzoneManagerRequestHandler.java:238) ~[ozone-manager-1.4.0-SNAPSHOT.jar:?]
	at org.apache.hadoop.ozone.protocolPB.OzoneManagerProtocolServerSideTranslatorPB.submitReadRequestToOM(OzoneManagerProtocolServerSideTranslatorPB.java:223) ~[ozone-manager-1.4.0-SNAPSHOT.jar:?]
	at org.apache.hadoop.ozone.protocolPB.OzoneManagerProtocolServerSideTranslatorPB.processRequest(OzoneManagerProtocolServerSideTranslatorPB.java:177) ~[ozone-manager-1.4.0-SNAPSHOT.jar:?]
	at org.apache.hadoop.hdds.server.OzoneProtocolMessageDispatcher.processRequest(OzoneProtocolMessageDispatcher.java:87) [hdds-server-framework-1.4.0-SNAPSHOT.jar:?]
	at org.apache.hadoop.ozone.protocolPB.OzoneManagerProtocolServerSideTranslatorPB.submitRequest(OzoneManagerProtocolServerSideTranslatorPB.java:147) [ozone-manager-1.4.0-SNAPSHOT.jar:?]
	at org.apache.hadoop.ozone.protocol.proto.OzoneManagerProtocolProtos$OzoneManagerService$2.callBlockingMethod(OzoneManagerProtocolProtos.java) [ozone-interface-client-1.4.0-SNAPSHOT.jar:?]
	at org.apache.hadoop.ipc.ProtobufRpcEngine$Server.processCall(ProtobufRpcEngine.java:465) [hadoop-common-3.3.4.jar:?]
	at org.apache.hadoop.ipc.ProtobufRpcEngine2$Server$ProtoBufRpcInvoker.call(ProtobufRpcEngine2.java:578) [hadoop-common-3.3.4.jar:?]
	at org.apache.hadoop.ipc.ProtobufRpcEngine2$Server$ProtoBufRpcInvoker.call(ProtobufRpcEngine2.java:556) [hadoop-common-3.3.4.jar:?]
	at org.apache.hadoop.ipc.RPC$Server.call(RPC.java:1093) [hadoop-common-3.3.4.jar:?]
	at org.apache.hadoop.ipc.Server$RpcCall.run(Server.java:1043) [hadoop-common-3.3.4.jar:?]
	at org.apache.hadoop.ipc.Server$RpcCall.run(Server.java:971) [hadoop-common-3.3.4.jar:?]
	at java.security.AccessController.doPrivileged(Native Method) ~[?:1.8.0_362]
	at javax.security.auth.Subject.doAs(Subject.java:422) [?:1.8.0_362]
	at org.apache.hadoop.security.UserGroupInformation.doAs(UserGroupInformation.java:1878) [hadoop-common-3.3.4.jar:?]
	at org.apache.hadoop.ipc.Server$Handler.run(Server.java:2976) [hadoop-common-3.3.4.jar:?]
]]></system-out>
  </testcase>
  <testcase name="testRenameDir" classname="TestOzoneFileSystem" time="0.008">
    <system-out><![CDATA[2023-02-16 16:35:46,716 [Time-limited test] INFO  ozone.TestOzoneFileSystem (TestOzoneFileSystem.java:testRenameDir(1430)) - Created dir o3fs://bucket78568.volume78724/root_dir/dir1/sub_dir1
2023-02-16 16:35:46,716 [Time-limited test] INFO  ozone.TestOzoneFileSystem (TestOzoneFileSystem.java:testRenameDir(1431)) - Will move o3fs://bucket78568.volume78724/root_dir/dir1 to o3fs://bucket78568.volume78724/root_dir/dir1.renamed
16:35:46.716 [IPC Server handler 7 on default port 38619] ERROR OMAudit - user=runner | ip=127.0.0.1 | op=GET_FILE_STATUS {volume=volume78724, bucket=bucket78568, key=root_dir/dir1.renamed, dataSize=0, replicationConfig=null} | ret=FAILURE
org.apache.hadoop.ozone.om.exceptions.OMException: Unable to get file status: volume: volume78724 bucket: bucket78568 key: root_dir/dir1.renamed
	at org.apache.hadoop.ozone.om.KeyManagerImpl.getOzoneFileStatus(KeyManagerImpl.java:1162) ~[ozone-manager-1.4.0-SNAPSHOT.jar:?]
	at org.apache.hadoop.ozone.om.KeyManagerImpl.getFileStatus(KeyManagerImpl.java:1080) ~[ozone-manager-1.4.0-SNAPSHOT.jar:?]
	at org.apache.hadoop.ozone.om.OmMetadataReader.getFileStatus(OmMetadataReader.java:288) ~[ozone-manager-1.4.0-SNAPSHOT.jar:?]
	at org.apache.hadoop.ozone.om.OzoneManager.getFileStatus(OzoneManager.java:3450) ~[ozone-manager-1.4.0-SNAPSHOT.jar:?]
	at org.apache.hadoop.ozone.protocolPB.OzoneManagerRequestHandler.getOzoneFileStatus(OzoneManagerRequestHandler.java:933) ~[ozone-manager-1.4.0-SNAPSHOT.jar:?]
	at org.apache.hadoop.ozone.protocolPB.OzoneManagerRequestHandler.handleReadRequest(OzoneManagerRequestHandler.java:238) ~[ozone-manager-1.4.0-SNAPSHOT.jar:?]
	at org.apache.hadoop.ozone.protocolPB.OzoneManagerProtocolServerSideTranslatorPB.submitRequestDirectlyToOM(OzoneManagerProtocolServerSideTranslatorPB.java:271) ~[ozone-manager-1.4.0-SNAPSHOT.jar:?]
	at org.apache.hadoop.ozone.protocolPB.OzoneManagerProtocolServerSideTranslatorPB.processRequest(OzoneManagerProtocolServerSideTranslatorPB.java:173) ~[ozone-manager-1.4.0-SNAPSHOT.jar:?]
	at org.apache.hadoop.hdds.server.OzoneProtocolMessageDispatcher.processRequest(OzoneProtocolMessageDispatcher.java:87) [hdds-server-framework-1.4.0-SNAPSHOT.jar:?]
	at org.apache.hadoop.ozone.protocolPB.OzoneManagerProtocolServerSideTranslatorPB.submitRequest(OzoneManagerProtocolServerSideTranslatorPB.java:147) [ozone-manager-1.4.0-SNAPSHOT.jar:?]
	at org.apache.hadoop.ozone.protocol.proto.OzoneManagerProtocolProtos$OzoneManagerService$2.callBlockingMethod(OzoneManagerProtocolProtos.java) [ozone-interface-client-1.4.0-SNAPSHOT.jar:?]
	at org.apache.hadoop.ipc.ProtobufRpcEngine$Server.processCall(ProtobufRpcEngine.java:465) [hadoop-common-3.3.4.jar:?]
	at org.apache.hadoop.ipc.ProtobufRpcEngine2$Server$ProtoBufRpcInvoker.call(ProtobufRpcEngine2.java:578) [hadoop-common-3.3.4.jar:?]
	at org.apache.hadoop.ipc.ProtobufRpcEngine2$Server$ProtoBufRpcInvoker.call(ProtobufRpcEngine2.java:556) [hadoop-common-3.3.4.jar:?]
	at org.apache.hadoop.ipc.RPC$Server.call(RPC.java:1093) [hadoop-common-3.3.4.jar:?]
	at org.apache.hadoop.ipc.Server$RpcCall.run(Server.java:1043) [hadoop-common-3.3.4.jar:?]
	at org.apache.hadoop.ipc.Server$RpcCall.run(Server.java:971) [hadoop-common-3.3.4.jar:?]
	at java.security.AccessController.doPrivileged(Native Method) ~[?:1.8.0_362]
	at javax.security.auth.Subject.doAs(Subject.java:422) [?:1.8.0_362]
	at org.apache.hadoop.security.UserGroupInformation.doAs(UserGroupInformation.java:1878) [hadoop-common-3.3.4.jar:?]
	at org.apache.hadoop.ipc.Server$Handler.run(Server.java:2976) [hadoop-common-3.3.4.jar:?]
]]></system-out>
  </testcase>
  <testcase name="testListStatusIteratorOnSubDirs" classname="TestOzoneFileSystem" time="0.065">
    <system-out><![CDATA[2023-02-16 16:33:09,710 [OM StateMachine ApplyTransaction Thread - 0] INFO  key.OMKeyRequest (OMKeyRequest.java:wrapUncommittedBlocksAsPseudoKey(837)) - Detect allocated but uncommitted blocks [{blockID={containerID=3, localID=111677748019200003}, length=4194304, offset=0, token=null, pipeline=null, createVersion=0, partNumber=0}] in key dir1/dir12/file121.
]]></system-out>
  </testcase>
  <testcase name="testListStatusIteratorOnSubDirs" classname="TestOzoneFileSystem" time="0.014">
    <system-out><![CDATA[2023-02-16 16:34:07,399 [IPC Server handler 15 on default port 46781] INFO  key.OMKeyRequest (OMKeyRequest.java:wrapUncommittedBlocksAsPseudoKey(837)) - Detect allocated but uncommitted blocks [{blockID={containerID=3, localID=111677748019200003}, length=4194304, offset=0, token=null, pipeline=null, createVersion=0, partNumber=0}] in key dir1/dir12/file121.
]]></system-out>
  </testcase>
  <testcase name="testListStatusIteratorOnSubDirs" classname="TestOzoneFileSystem" time="0.016">
    <system-out><![CDATA[2023-02-16 16:34:55,590 [OM StateMachine ApplyTransaction Thread - 0] INFO  key.OMKeyRequest (OMKeyRequest.java:wrapUncommittedBlocksAsPseudoKey(837)) - Detect allocated but uncommitted blocks [{blockID={containerID=3, localID=111677748019200003}, length=4194304, offset=0, token=null, pipeline=null, createVersion=0, partNumber=0}] in key dir1/dir12/file121.
2023-02-16 16:34:55,590 [54ea6ac5-9e66-44bc-9134-574226f2896d@group-78116290E2F2-FollowerState] INFO  impl.FollowerState (FollowerState.java:run(143)) - 54ea6ac5-9e66-44bc-9134-574226f2896d@group-78116290E2F2-FollowerState: change to CANDIDATE, lastRpcElapsedTime:5039364964ns, electionTimeout:5038ms
2023-02-16 16:34:55,590 [54ea6ac5-9e66-44bc-9134-574226f2896d@group-78116290E2F2-FollowerState] INFO  impl.RoleInfo (RoleInfo.java:shutdownFollowerState(110)) - 54ea6ac5-9e66-44bc-9134-574226f2896d: shutdown 54ea6ac5-9e66-44bc-9134-574226f2896d@group-78116290E2F2-FollowerState
2023-02-16 16:34:55,591 [54ea6ac5-9e66-44bc-9134-574226f2896d@group-78116290E2F2-FollowerState] INFO  server.RaftServer$Division (RaftServerImpl.java:setRole(321)) - 54ea6ac5-9e66-44bc-9134-574226f2896d@group-78116290E2F2: changes role from  FOLLOWER to CANDIDATE at term 0 for changeToCandidate
2023-02-16 16:34:55,591 [54ea6ac5-9e66-44bc-9134-574226f2896d@group-78116290E2F2-FollowerState] INFO  server.RaftServerConfigKeys (ConfUtils.java:logGet(46)) - raft.server.leaderelection.pre-vote = true (default)
2023-02-16 16:34:55,591 [54ea6ac5-9e66-44bc-9134-574226f2896d@group-78116290E2F2-FollowerState] INFO  impl.RoleInfo (RoleInfo.java:updateAndGet(139)) - 54ea6ac5-9e66-44bc-9134-574226f2896d: start 54ea6ac5-9e66-44bc-9134-574226f2896d@group-78116290E2F2-LeaderElection23
2023-02-16 16:34:55,594 [54ea6ac5-9e66-44bc-9134-574226f2896d@group-78116290E2F2-LeaderElection23] INFO  impl.LeaderElection (LeaderElection.java:askForVotes(312)) - 54ea6ac5-9e66-44bc-9134-574226f2896d@group-78116290E2F2-LeaderElection23 PRE_VOTE round 0: submit vote requests at term 0 for -1: peers:[54ea6ac5-9e66-44bc-9134-574226f2896d|rpc:10.1.0.66:39543|dataStream:10.1.0.66:46125|priority:1|startupRole:FOLLOWER]|listeners:[], old=null
2023-02-16 16:34:55,594 [54ea6ac5-9e66-44bc-9134-574226f2896d@group-78116290E2F2-LeaderElection23] INFO  impl.LeaderElection (LeaderElection.java:askForVotes(314)) - 54ea6ac5-9e66-44bc-9134-574226f2896d@group-78116290E2F2-LeaderElection23 PRE_VOTE round 0: result PASSED (term=0)
2023-02-16 16:34:55,597 [54ea6ac5-9e66-44bc-9134-574226f2896d@group-78116290E2F2-LeaderElection23] INFO  impl.LeaderElection (LeaderElection.java:askForVotes(312)) - 54ea6ac5-9e66-44bc-9134-574226f2896d@group-78116290E2F2-LeaderElection23 ELECTION round 0: submit vote requests at term 1 for -1: peers:[54ea6ac5-9e66-44bc-9134-574226f2896d|rpc:10.1.0.66:39543|dataStream:10.1.0.66:46125|priority:1|startupRole:FOLLOWER]|listeners:[], old=null
2023-02-16 16:34:55,597 [54ea6ac5-9e66-44bc-9134-574226f2896d@group-78116290E2F2-LeaderElection23] INFO  impl.LeaderElection (LeaderElection.java:askForVotes(314)) - 54ea6ac5-9e66-44bc-9134-574226f2896d@group-78116290E2F2-LeaderElection23 ELECTION round 0: result PASSED (term=1)
2023-02-16 16:34:55,597 [54ea6ac5-9e66-44bc-9134-574226f2896d@group-78116290E2F2-LeaderElection23] INFO  impl.RoleInfo (RoleInfo.java:shutdownLeaderElection(130)) - 54ea6ac5-9e66-44bc-9134-574226f2896d: shutdown 54ea6ac5-9e66-44bc-9134-574226f2896d@group-78116290E2F2-LeaderElection23
2023-02-16 16:34:55,597 [54ea6ac5-9e66-44bc-9134-574226f2896d@group-78116290E2F2-LeaderElection23] INFO  server.RaftServer$Division (RaftServerImpl.java:setRole(321)) - 54ea6ac5-9e66-44bc-9134-574226f2896d@group-78116290E2F2: changes role from CANDIDATE to LEADER at term 1 for changeToLeader
2023-02-16 16:34:55,597 [54ea6ac5-9e66-44bc-9134-574226f2896d@group-78116290E2F2-LeaderElection23] INFO  ratis.XceiverServerRatis (XceiverServerRatis.java:handleLeaderChangedNotification(905)) - Leader change notification received for group: group-78116290E2F2 with new leaderId: 54ea6ac5-9e66-44bc-9134-574226f2896d
2023-02-16 16:34:55,598 [54ea6ac5-9e66-44bc-9134-574226f2896d@group-78116290E2F2-LeaderElection23] INFO  server.RaftServer$Division (ServerState.java:setLeader(313)) - 54ea6ac5-9e66-44bc-9134-574226f2896d@group-78116290E2F2: change Leader from null to 54ea6ac5-9e66-44bc-9134-574226f2896d at term 1 for becomeLeader, leader elected after 5055ms
2023-02-16 16:34:55,598 [54ea6ac5-9e66-44bc-9134-574226f2896d@group-78116290E2F2-LeaderElection23] INFO  server.RaftServerConfigKeys (ConfUtils.java:logGet(46)) - raft.server.staging.catchup.gap = 1000 (default)
2023-02-16 16:34:55,599 [54ea6ac5-9e66-44bc-9134-574226f2896d@group-78116290E2F2-LeaderElection23] INFO  server.RaftServerConfigKeys (ConfUtils.java:logGet(46)) - raft.server.write.element-limit = 1024 (custom)
]]></system-out>
  </testcase>
  <testcase name="testListStatusIteratorOnSubDirs" classname="TestOzoneFileSystem" time="0.011">
    <system-out><![CDATA[2023-02-16 16:35:46,728 [IPC Server handler 6 on default port 38619] INFO  key.OMKeyRequest (OMKeyRequest.java:wrapUncommittedBlocksAsPseudoKey(837)) - Detect allocated but uncommitted blocks [{blockID={containerID=3, localID=111677748019200003}, length=4194304, offset=0, token=null, pipeline=null, createVersion=0, partNumber=0}] in key dir1/dir12/file121.
]]></system-out>
  </testcase>
  <testcase name="testAllocateMoreThanOneBlock" classname="TestOzoneFileSystem" time="0.477"/>
  <testcase name="testAllocateMoreThanOneBlock" classname="TestOzoneFileSystem" time="0.31">
    <system-out><![CDATA[2023-02-16 16:34:07,677 [9f5e5902-bacc-4266-a878-65e39c3ba6e9@group-FA83168F6569-FollowerState] INFO  impl.FollowerState (FollowerState.java:run(143)) - 9f5e5902-bacc-4266-a878-65e39c3ba6e9@group-FA83168F6569-FollowerState: change to CANDIDATE, lastRpcElapsedTime:5159099284ns, electionTimeout:5158ms
2023-02-16 16:34:07,677 [9f5e5902-bacc-4266-a878-65e39c3ba6e9@group-FA83168F6569-FollowerState] INFO  impl.RoleInfo (RoleInfo.java:shutdownFollowerState(110)) - 9f5e5902-bacc-4266-a878-65e39c3ba6e9: shutdown 9f5e5902-bacc-4266-a878-65e39c3ba6e9@group-FA83168F6569-FollowerState
2023-02-16 16:34:07,677 [9f5e5902-bacc-4266-a878-65e39c3ba6e9@group-FA83168F6569-FollowerState] INFO  server.RaftServer$Division (RaftServerImpl.java:setRole(321)) - 9f5e5902-bacc-4266-a878-65e39c3ba6e9@group-FA83168F6569: changes role from  FOLLOWER to CANDIDATE at term 0 for changeToCandidate
2023-02-16 16:34:07,677 [9f5e5902-bacc-4266-a878-65e39c3ba6e9@group-FA83168F6569-FollowerState] INFO  server.RaftServerConfigKeys (ConfUtils.java:logGet(46)) - raft.server.leaderelection.pre-vote = true (default)
2023-02-16 16:34:07,677 [9f5e5902-bacc-4266-a878-65e39c3ba6e9@group-FA83168F6569-FollowerState] INFO  impl.RoleInfo (RoleInfo.java:updateAndGet(139)) - 9f5e5902-bacc-4266-a878-65e39c3ba6e9: start 9f5e5902-bacc-4266-a878-65e39c3ba6e9@group-FA83168F6569-LeaderElection14
2023-02-16 16:34:07,697 [9f5e5902-bacc-4266-a878-65e39c3ba6e9@group-FA83168F6569-LeaderElection14] INFO  impl.LeaderElection (LeaderElection.java:askForVotes(312)) - 9f5e5902-bacc-4266-a878-65e39c3ba6e9@group-FA83168F6569-LeaderElection14 PRE_VOTE round 0: submit vote requests at term 0 for -1: peers:[9f5e5902-bacc-4266-a878-65e39c3ba6e9|rpc:10.1.0.66:37011|dataStream:10.1.0.66:40567|priority:1|startupRole:FOLLOWER]|listeners:[], old=null
2023-02-16 16:34:07,698 [9f5e5902-bacc-4266-a878-65e39c3ba6e9@group-FA83168F6569-LeaderElection14] INFO  impl.LeaderElection (LeaderElection.java:askForVotes(314)) - 9f5e5902-bacc-4266-a878-65e39c3ba6e9@group-FA83168F6569-LeaderElection14 PRE_VOTE round 0: result PASSED (term=0)
2023-02-16 16:34:07,700 [9f5e5902-bacc-4266-a878-65e39c3ba6e9@group-FA83168F6569-LeaderElection14] INFO  impl.LeaderElection (LeaderElection.java:askForVotes(312)) - 9f5e5902-bacc-4266-a878-65e39c3ba6e9@group-FA83168F6569-LeaderElection14 ELECTION round 0: submit vote requests at term 1 for -1: peers:[9f5e5902-bacc-4266-a878-65e39c3ba6e9|rpc:10.1.0.66:37011|dataStream:10.1.0.66:40567|priority:1|startupRole:FOLLOWER]|listeners:[], old=null
2023-02-16 16:34:07,700 [9f5e5902-bacc-4266-a878-65e39c3ba6e9@group-FA83168F6569-LeaderElection14] INFO  impl.LeaderElection (LeaderElection.java:askForVotes(314)) - 9f5e5902-bacc-4266-a878-65e39c3ba6e9@group-FA83168F6569-LeaderElection14 ELECTION round 0: result PASSED (term=1)
2023-02-16 16:34:07,700 [9f5e5902-bacc-4266-a878-65e39c3ba6e9@group-FA83168F6569-LeaderElection14] INFO  impl.RoleInfo (RoleInfo.java:shutdownLeaderElection(130)) - 9f5e5902-bacc-4266-a878-65e39c3ba6e9: shutdown 9f5e5902-bacc-4266-a878-65e39c3ba6e9@group-FA83168F6569-LeaderElection14
2023-02-16 16:34:07,700 [9f5e5902-bacc-4266-a878-65e39c3ba6e9@group-FA83168F6569-LeaderElection14] INFO  server.RaftServer$Division (RaftServerImpl.java:setRole(321)) - 9f5e5902-bacc-4266-a878-65e39c3ba6e9@group-FA83168F6569: changes role from CANDIDATE to LEADER at term 1 for changeToLeader
2023-02-16 16:34:07,700 [9f5e5902-bacc-4266-a878-65e39c3ba6e9@group-FA83168F6569-LeaderElection14] INFO  ratis.XceiverServerRatis (XceiverServerRatis.java:handleLeaderChangedNotification(905)) - Leader change notification received for group: group-FA83168F6569 with new leaderId: 9f5e5902-bacc-4266-a878-65e39c3ba6e9
2023-02-16 16:34:07,701 [9f5e5902-bacc-4266-a878-65e39c3ba6e9@group-FA83168F6569-LeaderElection14] INFO  server.RaftServer$Division (ServerState.java:setLeader(313)) - 9f5e5902-bacc-4266-a878-65e39c3ba6e9@group-FA83168F6569: change Leader from null to 9f5e5902-bacc-4266-a878-65e39c3ba6e9 at term 1 for becomeLeader, leader elected after 5192ms
2023-02-16 16:34:07,701 [9f5e5902-bacc-4266-a878-65e39c3ba6e9@group-FA83168F6569-LeaderElection14] INFO  server.RaftServerConfigKeys (ConfUtils.java:logGet(46)) - raft.server.staging.catchup.gap = 1000 (default)
2023-02-16 16:34:07,701 [9f5e5902-bacc-4266-a878-65e39c3ba6e9@group-FA83168F6569-LeaderElection14] INFO  server.RaftServerConfigKeys (ConfUtils.java:logGet(46)) - raft.server.write.element-limit = 1024 (custom)
2023-02-16 16:34:07,701 [9f5e5902-bacc-4266-a878-65e39c3ba6e9@group-FA83168F6569-LeaderElection14] INFO  server.RaftServerConfigKeys (ConfUtils.java:logGet(46)) - raft.server.write.byte-limit = 1024 M (=1073741824) (custom)
2023-02-16 16:34:07,703 [9f5e5902-bacc-4266-a878-65e39c3ba6e9@group-FA83168F6569-LeaderElection14] INFO  server.RaftServerConfigKeys (ConfUtils.java:logGet(46)) - raft.server.watch.timeout = 180s (custom)
2023-02-16 16:34:07,703 [9f5e5902-bacc-4266-a878-65e39c3ba6e9@group-FA83168F6569-LeaderElection14] INFO  server.RaftServerConfigKeys (ConfUtils.java:logGet(46)) - raft.server.watch.timeout.denomination = 1s (default)
2023-02-16 16:34:07,703 [9f5e5902-bacc-4266-a878-65e39c3ba6e9@group-FA83168F6569-LeaderElection14] INFO  server.RaftServerConfigKeys (ConfUtils.java:logGet(46)) - raft.server.watch.element-limit = 65536 (default)
2023-02-16 16:34:07,703 [9f5e5902-bacc-4266-a878-65e39c3ba6e9@group-FA83168F6569-LeaderElection14] INFO  server.RaftServerConfigKeys (ConfUtils.java:logGet(46)) - raft.server.write.element-limit = 1024 (custom)
2023-02-16 16:34:07,703 [9f5e5902-bacc-4266-a878-65e39c3ba6e9@group-FA83168F6569-LeaderElection14] INFO  server.RaftServerConfigKeys (ConfUtils.java:logGet(46)) - raft.server.write.follower.gap.ratio.max = -1.0 (default)
2023-02-16 16:34:07,703 [9f5e5902-bacc-4266-a878-65e39c3ba6e9@group-FA83168F6569-LeaderElection14] INFO  impl.RoleInfo (RoleInfo.java:updateAndGet(139)) - 9f5e5902-bacc-4266-a878-65e39c3ba6e9: start 9f5e5902-bacc-4266-a878-65e39c3ba6e9@group-FA83168F6569-LeaderStateImpl
2023-02-16 16:34:07,703 [9f5e5902-bacc-4266-a878-65e39c3ba6e9@group-FA83168F6569-LeaderElection14] INFO  segmented.SegmentedRaftLogWorker (SegmentedRaftLogWorker.java:startLogSegment(452)) - 9f5e5902-bacc-4266-a878-65e39c3ba6e9@group-FA83168F6569-SegmentedRaftLogWorker: Starting segment from index:0
2023-02-16 16:34:07,704 [9f5e5902-bacc-4266-a878-65e39c3ba6e9@group-FA83168F6569-SegmentedRaftLogWorker] INFO  segmented.SegmentedRaftLogWorker (SegmentedRaftLogWorker.java:execute(656)) - 9f5e5902-bacc-4266-a878-65e39c3ba6e9@group-FA83168F6569-SegmentedRaftLogWorker: created new log segment /home/runner/work/ozone/ozone/hadoop-ozone/integration-test/target/test-dir/MiniOzoneClusterImpl-34b8c8ad-1b7a-4f1a-91f5-8cb1859b150b/datanode-2/data/ratis/889eb252-96cc-471f-ad78-fa83168f6569/current/log_inprogress_0
2023-02-16 16:34:07,705 [9f5e5902-bacc-4266-a878-65e39c3ba6e9@group-FA83168F6569-LeaderElection14] INFO  server.RaftServer$Division (ServerState.java:setRaftConf(430)) - 9f5e5902-bacc-4266-a878-65e39c3ba6e9@group-FA83168F6569: set configuration 0: peers:[9f5e5902-bacc-4266-a878-65e39c3ba6e9|rpc:10.1.0.66:37011|dataStream:10.1.0.66:40567|priority:1|startupRole:FOLLOWER]|listeners:[], old=null
]]></system-out>
  </testcase>
  <testcase name="testAllocateMoreThanOneBlock" classname="TestOzoneFileSystem" time="0.272">
    <system-out><![CDATA[2023-02-16 16:34:55,599 [54ea6ac5-9e66-44bc-9134-574226f2896d@group-78116290E2F2-LeaderElection23] INFO  server.RaftServerConfigKeys (ConfUtils.java:logGet(46)) - raft.server.write.byte-limit = 1024 M (=1073741824) (custom)
2023-02-16 16:34:55,600 [54ea6ac5-9e66-44bc-9134-574226f2896d@group-78116290E2F2-LeaderElection23] INFO  server.RaftServerConfigKeys (ConfUtils.java:logGet(46)) - raft.server.watch.timeout = 180s (custom)
2023-02-16 16:34:55,600 [54ea6ac5-9e66-44bc-9134-574226f2896d@group-78116290E2F2-LeaderElection23] INFO  server.RaftServerConfigKeys (ConfUtils.java:logGet(46)) - raft.server.watch.timeout.denomination = 1s (default)
2023-02-16 16:34:55,600 [54ea6ac5-9e66-44bc-9134-574226f2896d@group-78116290E2F2-LeaderElection23] INFO  server.RaftServerConfigKeys (ConfUtils.java:logGet(46)) - raft.server.watch.element-limit = 65536 (default)
2023-02-16 16:34:55,601 [54ea6ac5-9e66-44bc-9134-574226f2896d@group-78116290E2F2-LeaderElection23] INFO  server.RaftServerConfigKeys (ConfUtils.java:logGet(46)) - raft.server.write.element-limit = 1024 (custom)
2023-02-16 16:34:55,601 [54ea6ac5-9e66-44bc-9134-574226f2896d@group-78116290E2F2-LeaderElection23] INFO  server.RaftServerConfigKeys (ConfUtils.java:logGet(46)) - raft.server.write.follower.gap.ratio.max = -1.0 (default)
2023-02-16 16:34:55,601 [54ea6ac5-9e66-44bc-9134-574226f2896d@group-78116290E2F2-LeaderElection23] INFO  impl.RoleInfo (RoleInfo.java:updateAndGet(139)) - 54ea6ac5-9e66-44bc-9134-574226f2896d: start 54ea6ac5-9e66-44bc-9134-574226f2896d@group-78116290E2F2-LeaderStateImpl
2023-02-16 16:34:55,601 [54ea6ac5-9e66-44bc-9134-574226f2896d@group-78116290E2F2-LeaderElection23] INFO  segmented.SegmentedRaftLogWorker (SegmentedRaftLogWorker.java:startLogSegment(452)) - 54ea6ac5-9e66-44bc-9134-574226f2896d@group-78116290E2F2-SegmentedRaftLogWorker: Starting segment from index:0
2023-02-16 16:34:55,604 [54ea6ac5-9e66-44bc-9134-574226f2896d@group-78116290E2F2-SegmentedRaftLogWorker] INFO  segmented.SegmentedRaftLogWorker (SegmentedRaftLogWorker.java:execute(656)) - 54ea6ac5-9e66-44bc-9134-574226f2896d@group-78116290E2F2-SegmentedRaftLogWorker: created new log segment /home/runner/work/ozone/ozone/hadoop-ozone/integration-test/target/test-dir/MiniOzoneClusterImpl-d88fc665-df07-433e-a21c-a919abf7322c/datanode-2/data/ratis/3f91ef0f-db90-468a-a2d5-78116290e2f2/current/log_inprogress_0
2023-02-16 16:34:55,614 [54ea6ac5-9e66-44bc-9134-574226f2896d@group-78116290E2F2-LeaderElection23] INFO  server.RaftServer$Division (ServerState.java:setRaftConf(430)) - 54ea6ac5-9e66-44bc-9134-574226f2896d@group-78116290E2F2: set configuration 0: peers:[54ea6ac5-9e66-44bc-9134-574226f2896d|rpc:10.1.0.66:39543|dataStream:10.1.0.66:46125|priority:1|startupRole:FOLLOWER]|listeners:[], old=null
]]></system-out>
  </testcase>
  <testcase name="testAllocateMoreThanOneBlock" classname="TestOzoneFileSystem" time="0.205">
    <system-out><![CDATA[2023-02-16 16:35:46,910 [47c87cc4-760b-451b-b923-a7cd32ec4f45@group-BE9661C1B110-FollowerState] INFO  impl.FollowerState (FollowerState.java:run(143)) - 47c87cc4-760b-451b-b923-a7cd32ec4f45@group-BE9661C1B110-FollowerState: change to CANDIDATE, lastRpcElapsedTime:5031388787ns, electionTimeout:5031ms
2023-02-16 16:35:46,911 [47c87cc4-760b-451b-b923-a7cd32ec4f45@group-BE9661C1B110-FollowerState] INFO  impl.RoleInfo (RoleInfo.java:shutdownFollowerState(110)) - 47c87cc4-760b-451b-b923-a7cd32ec4f45: shutdown 47c87cc4-760b-451b-b923-a7cd32ec4f45@group-BE9661C1B110-FollowerState
2023-02-16 16:35:46,911 [47c87cc4-760b-451b-b923-a7cd32ec4f45@group-BE9661C1B110-FollowerState] INFO  server.RaftServer$Division (RaftServerImpl.java:setRole(321)) - 47c87cc4-760b-451b-b923-a7cd32ec4f45@group-BE9661C1B110: changes role from  FOLLOWER to CANDIDATE at term 0 for changeToCandidate
2023-02-16 16:35:46,911 [47c87cc4-760b-451b-b923-a7cd32ec4f45@group-BE9661C1B110-FollowerState] INFO  server.RaftServerConfigKeys (ConfUtils.java:logGet(46)) - raft.server.leaderelection.pre-vote = true (default)
2023-02-16 16:35:46,911 [47c87cc4-760b-451b-b923-a7cd32ec4f45@group-BE9661C1B110-FollowerState] INFO  impl.RoleInfo (RoleInfo.java:updateAndGet(139)) - 47c87cc4-760b-451b-b923-a7cd32ec4f45: start 47c87cc4-760b-451b-b923-a7cd32ec4f45@group-BE9661C1B110-LeaderElection30
2023-02-16 16:35:46,921 [47c87cc4-760b-451b-b923-a7cd32ec4f45@group-BE9661C1B110-LeaderElection30] INFO  impl.LeaderElection (LeaderElection.java:askForVotes(312)) - 47c87cc4-760b-451b-b923-a7cd32ec4f45@group-BE9661C1B110-LeaderElection30 PRE_VOTE round 0: submit vote requests at term 0 for -1: peers:[47c87cc4-760b-451b-b923-a7cd32ec4f45|rpc:10.1.0.66:45343|dataStream:10.1.0.66:38397|priority:1|startupRole:FOLLOWER]|listeners:[], old=null
2023-02-16 16:35:46,921 [47c87cc4-760b-451b-b923-a7cd32ec4f45@group-BE9661C1B110-LeaderElection30] INFO  impl.LeaderElection (LeaderElection.java:askForVotes(314)) - 47c87cc4-760b-451b-b923-a7cd32ec4f45@group-BE9661C1B110-LeaderElection30 PRE_VOTE round 0: result PASSED (term=0)
2023-02-16 16:35:46,928 [47c87cc4-760b-451b-b923-a7cd32ec4f45@group-BE9661C1B110-LeaderElection30] INFO  impl.LeaderElection (LeaderElection.java:askForVotes(312)) - 47c87cc4-760b-451b-b923-a7cd32ec4f45@group-BE9661C1B110-LeaderElection30 ELECTION round 0: submit vote requests at term 1 for -1: peers:[47c87cc4-760b-451b-b923-a7cd32ec4f45|rpc:10.1.0.66:45343|dataStream:10.1.0.66:38397|priority:1|startupRole:FOLLOWER]|listeners:[], old=null
2023-02-16 16:35:46,928 [47c87cc4-760b-451b-b923-a7cd32ec4f45@group-BE9661C1B110-LeaderElection30] INFO  impl.LeaderElection (LeaderElection.java:askForVotes(314)) - 47c87cc4-760b-451b-b923-a7cd32ec4f45@group-BE9661C1B110-LeaderElection30 ELECTION round 0: result PASSED (term=1)
2023-02-16 16:35:46,928 [47c87cc4-760b-451b-b923-a7cd32ec4f45@group-BE9661C1B110-LeaderElection30] INFO  impl.RoleInfo (RoleInfo.java:shutdownLeaderElection(130)) - 47c87cc4-760b-451b-b923-a7cd32ec4f45: shutdown 47c87cc4-760b-451b-b923-a7cd32ec4f45@group-BE9661C1B110-LeaderElection30
2023-02-16 16:35:46,928 [47c87cc4-760b-451b-b923-a7cd32ec4f45@group-BE9661C1B110-LeaderElection30] INFO  server.RaftServer$Division (RaftServerImpl.java:setRole(321)) - 47c87cc4-760b-451b-b923-a7cd32ec4f45@group-BE9661C1B110: changes role from CANDIDATE to LEADER at term 1 for changeToLeader
2023-02-16 16:35:46,928 [47c87cc4-760b-451b-b923-a7cd32ec4f45@group-BE9661C1B110-LeaderElection30] INFO  ratis.XceiverServerRatis (XceiverServerRatis.java:handleLeaderChangedNotification(905)) - Leader change notification received for group: group-BE9661C1B110 with new leaderId: 47c87cc4-760b-451b-b923-a7cd32ec4f45
2023-02-16 16:35:46,928 [47c87cc4-760b-451b-b923-a7cd32ec4f45@group-BE9661C1B110-LeaderElection30] INFO  server.RaftServer$Division (ServerState.java:setLeader(313)) - 47c87cc4-760b-451b-b923-a7cd32ec4f45@group-BE9661C1B110: change Leader from null to 47c87cc4-760b-451b-b923-a7cd32ec4f45 at term 1 for becomeLeader, leader elected after 5058ms
2023-02-16 16:35:46,928 [47c87cc4-760b-451b-b923-a7cd32ec4f45@group-BE9661C1B110-LeaderElection30] INFO  server.RaftServerConfigKeys (ConfUtils.java:logGet(46)) - raft.server.staging.catchup.gap = 1000 (default)
2023-02-16 16:35:46,928 [47c87cc4-760b-451b-b923-a7cd32ec4f45@group-BE9661C1B110-LeaderElection30] INFO  server.RaftServerConfigKeys (ConfUtils.java:logGet(46)) - raft.server.write.element-limit = 1024 (custom)
2023-02-16 16:35:46,928 [47c87cc4-760b-451b-b923-a7cd32ec4f45@group-BE9661C1B110-LeaderElection30] INFO  server.RaftServerConfigKeys (ConfUtils.java:logGet(46)) - raft.server.write.byte-limit = 1024 M (=1073741824) (custom)
2023-02-16 16:35:46,928 [47c87cc4-760b-451b-b923-a7cd32ec4f45@group-BE9661C1B110-LeaderElection30] INFO  server.RaftServerConfigKeys (ConfUtils.java:logGet(46)) - raft.server.watch.timeout = 180s (custom)
2023-02-16 16:35:46,928 [47c87cc4-760b-451b-b923-a7cd32ec4f45@group-BE9661C1B110-LeaderElection30] INFO  server.RaftServerConfigKeys (ConfUtils.java:logGet(46)) - raft.server.watch.timeout.denomination = 1s (default)
2023-02-16 16:35:46,928 [47c87cc4-760b-451b-b923-a7cd32ec4f45@group-BE9661C1B110-LeaderElection30] INFO  server.RaftServerConfigKeys (ConfUtils.java:logGet(46)) - raft.server.watch.element-limit = 65536 (default)
2023-02-16 16:35:46,928 [47c87cc4-760b-451b-b923-a7cd32ec4f45@group-BE9661C1B110-LeaderElection30] INFO  server.RaftServerConfigKeys (ConfUtils.java:logGet(46)) - raft.server.write.element-limit = 1024 (custom)
2023-02-16 16:35:46,928 [47c87cc4-760b-451b-b923-a7cd32ec4f45@group-BE9661C1B110-LeaderElection30] INFO  server.RaftServerConfigKeys (ConfUtils.java:logGet(46)) - raft.server.write.follower.gap.ratio.max = -1.0 (default)
2023-02-16 16:35:46,929 [47c87cc4-760b-451b-b923-a7cd32ec4f45@group-BE9661C1B110-LeaderElection30] INFO  impl.RoleInfo (RoleInfo.java:updateAndGet(139)) - 47c87cc4-760b-451b-b923-a7cd32ec4f45: start 47c87cc4-760b-451b-b923-a7cd32ec4f45@group-BE9661C1B110-LeaderStateImpl
2023-02-16 16:35:46,929 [47c87cc4-760b-451b-b923-a7cd32ec4f45@group-BE9661C1B110-LeaderElection30] INFO  segmented.SegmentedRaftLogWorker (SegmentedRaftLogWorker.java:startLogSegment(452)) - 47c87cc4-760b-451b-b923-a7cd32ec4f45@group-BE9661C1B110-SegmentedRaftLogWorker: Starting segment from index:0
2023-02-16 16:35:46,929 [47c87cc4-760b-451b-b923-a7cd32ec4f45@group-BE9661C1B110-LeaderElection30] INFO  server.RaftServer$Division (ServerState.java:setRaftConf(430)) - 47c87cc4-760b-451b-b923-a7cd32ec4f45@group-BE9661C1B110: set configuration 0: peers:[47c87cc4-760b-451b-b923-a7cd32ec4f45|rpc:10.1.0.66:45343|dataStream:10.1.0.66:38397|priority:1|startupRole:FOLLOWER]|listeners:[], old=null
2023-02-16 16:35:46,930 [47c87cc4-760b-451b-b923-a7cd32ec4f45@group-BE9661C1B110-SegmentedRaftLogWorker] INFO  segmented.SegmentedRaftLogWorker (SegmentedRaftLogWorker.java:execute(656)) - 47c87cc4-760b-451b-b923-a7cd32ec4f45@group-BE9661C1B110-SegmentedRaftLogWorker: created new log segment /home/runner/work/ozone/ozone/hadoop-ozone/integration-test/target/test-dir/MiniOzoneClusterImpl-b3d396d2-53dd-4e8c-be8e-68e1d9cb948b/datanode-2/data/ratis/06b1d083-a15b-4cf8-ba17-be9661c1b110/current/log_inprogress_0
]]></system-out>
  </testcase>
  <testcase name="testRenameToExistingDir" classname="TestOzoneFileSystem" time="0.076">
    <system-out><![CDATA[16:33:10.256 [IPC Server handler 14 on default port 37073] ERROR OMAudit - user=runner | ip=127.0.0.1 | op=LIST_STATUS {volume=volume28358, bucket=bucket39322, key=b/a, dataSize=0, replicationConfig=null} | ret=FAILURE
org.apache.hadoop.ozone.om.exceptions.OMException: Unable to get file status: volume: volume28358 bucket: bucket39322 key: b/a
	at org.apache.hadoop.ozone.om.KeyManagerImpl.getOzoneFileStatus(KeyManagerImpl.java:1162) ~[ozone-manager-1.4.0-SNAPSHOT.jar:?]
	at org.apache.hadoop.ozone.om.KeyManagerImpl.getFileStatus(KeyManagerImpl.java:1080) ~[ozone-manager-1.4.0-SNAPSHOT.jar:?]
	at org.apache.hadoop.ozone.om.KeyManagerImpl.listStatus(KeyManagerImpl.java:1443) ~[ozone-manager-1.4.0-SNAPSHOT.jar:?]
	at org.apache.hadoop.ozone.om.OmMetadataReader.listStatus(OmMetadataReader.java:261) ~[ozone-manager-1.4.0-SNAPSHOT.jar:?]
	at org.apache.hadoop.ozone.om.OzoneManager.listStatus(OzoneManager.java:3469) ~[ozone-manager-1.4.0-SNAPSHOT.jar:?]
	at org.apache.hadoop.ozone.protocolPB.OzoneManagerRequestHandler.listStatus(OzoneManagerRequestHandler.java:1097) ~[ozone-manager-1.4.0-SNAPSHOT.jar:?]
	at org.apache.hadoop.ozone.protocolPB.OzoneManagerRequestHandler.handleReadRequest(OzoneManagerRequestHandler.java:249) ~[ozone-manager-1.4.0-SNAPSHOT.jar:?]
	at org.apache.hadoop.ozone.protocolPB.OzoneManagerProtocolServerSideTranslatorPB.submitReadRequestToOM(OzoneManagerProtocolServerSideTranslatorPB.java:223) ~[ozone-manager-1.4.0-SNAPSHOT.jar:?]
	at org.apache.hadoop.ozone.protocolPB.OzoneManagerProtocolServerSideTranslatorPB.processRequest(OzoneManagerProtocolServerSideTranslatorPB.java:177) ~[ozone-manager-1.4.0-SNAPSHOT.jar:?]
	at org.apache.hadoop.hdds.server.OzoneProtocolMessageDispatcher.processRequest(OzoneProtocolMessageDispatcher.java:87) [hdds-server-framework-1.4.0-SNAPSHOT.jar:?]
	at org.apache.hadoop.ozone.protocolPB.OzoneManagerProtocolServerSideTranslatorPB.submitRequest(OzoneManagerProtocolServerSideTranslatorPB.java:147) [ozone-manager-1.4.0-SNAPSHOT.jar:?]
	at org.apache.hadoop.ozone.protocol.proto.OzoneManagerProtocolProtos$OzoneManagerService$2.callBlockingMethod(OzoneManagerProtocolProtos.java) [ozone-interface-client-1.4.0-SNAPSHOT.jar:?]
	at org.apache.hadoop.ipc.ProtobufRpcEngine$Server.processCall(ProtobufRpcEngine.java:465) [hadoop-common-3.3.4.jar:?]
	at org.apache.hadoop.ipc.ProtobufRpcEngine2$Server$ProtoBufRpcInvoker.call(ProtobufRpcEngine2.java:578) [hadoop-common-3.3.4.jar:?]
	at org.apache.hadoop.ipc.ProtobufRpcEngine2$Server$ProtoBufRpcInvoker.call(ProtobufRpcEngine2.java:556) [hadoop-common-3.3.4.jar:?]
	at org.apache.hadoop.ipc.RPC$Server.call(RPC.java:1093) [hadoop-common-3.3.4.jar:?]
	at org.apache.hadoop.ipc.Server$RpcCall.run(Server.java:1043) [hadoop-common-3.3.4.jar:?]
	at org.apache.hadoop.ipc.Server$RpcCall.run(Server.java:971) [hadoop-common-3.3.4.jar:?]
	at java.security.AccessController.doPrivileged(Native Method) ~[?:1.8.0_362]
	at javax.security.auth.Subject.doAs(Subject.java:422) [?:1.8.0_362]
	at org.apache.hadoop.security.UserGroupInformation.doAs(UserGroupInformation.java:1878) [hadoop-common-3.3.4.jar:?]
	at org.apache.hadoop.ipc.Server$Handler.run(Server.java:2976) [hadoop-common-3.3.4.jar:?]
]]></system-out>
  </testcase>
  <testcase name="testRenameToExistingDir" classname="TestOzoneFileSystem" time="0.011">
    <system-out><![CDATA[16:34:07.721 [IPC Server handler 4 on default port 46781] ERROR OMAudit - user=runner | ip=127.0.0.1 | op=LIST_STATUS {volume=volume76608, bucket=bucket25283, key=b/a, dataSize=0, replicationConfig=null} | ret=FAILURE
org.apache.hadoop.ozone.om.exceptions.OMException: Unable to get file status: volume: volume76608 bucket: bucket25283 key: b/a
	at org.apache.hadoop.ozone.om.KeyManagerImpl.getOzoneFileStatus(KeyManagerImpl.java:1162) ~[ozone-manager-1.4.0-SNAPSHOT.jar:?]
	at org.apache.hadoop.ozone.om.KeyManagerImpl.getFileStatus(KeyManagerImpl.java:1080) ~[ozone-manager-1.4.0-SNAPSHOT.jar:?]
	at org.apache.hadoop.ozone.om.KeyManagerImpl.listStatus(KeyManagerImpl.java:1443) ~[ozone-manager-1.4.0-SNAPSHOT.jar:?]
	at org.apache.hadoop.ozone.om.OmMetadataReader.listStatus(OmMetadataReader.java:261) ~[ozone-manager-1.4.0-SNAPSHOT.jar:?]
	at org.apache.hadoop.ozone.om.OzoneManager.listStatus(OzoneManager.java:3469) ~[ozone-manager-1.4.0-SNAPSHOT.jar:?]
	at org.apache.hadoop.ozone.protocolPB.OzoneManagerRequestHandler.listStatus(OzoneManagerRequestHandler.java:1097) ~[ozone-manager-1.4.0-SNAPSHOT.jar:?]
	at org.apache.hadoop.ozone.protocolPB.OzoneManagerRequestHandler.handleReadRequest(OzoneManagerRequestHandler.java:249) ~[ozone-manager-1.4.0-SNAPSHOT.jar:?]
	at org.apache.hadoop.ozone.protocolPB.OzoneManagerProtocolServerSideTranslatorPB.submitRequestDirectlyToOM(OzoneManagerProtocolServerSideTranslatorPB.java:271) ~[ozone-manager-1.4.0-SNAPSHOT.jar:?]
	at org.apache.hadoop.ozone.protocolPB.OzoneManagerProtocolServerSideTranslatorPB.processRequest(OzoneManagerProtocolServerSideTranslatorPB.java:173) ~[ozone-manager-1.4.0-SNAPSHOT.jar:?]
	at org.apache.hadoop.hdds.server.OzoneProtocolMessageDispatcher.processRequest(OzoneProtocolMessageDispatcher.java:87) [hdds-server-framework-1.4.0-SNAPSHOT.jar:?]
	at org.apache.hadoop.ozone.protocolPB.OzoneManagerProtocolServerSideTranslatorPB.submitRequest(OzoneManagerProtocolServerSideTranslatorPB.java:147) [ozone-manager-1.4.0-SNAPSHOT.jar:?]
	at org.apache.hadoop.ozone.protocol.proto.OzoneManagerProtocolProtos$OzoneManagerService$2.callBlockingMethod(OzoneManagerProtocolProtos.java) [ozone-interface-client-1.4.0-SNAPSHOT.jar:?]
	at org.apache.hadoop.ipc.ProtobufRpcEngine$Server.processCall(ProtobufRpcEngine.java:465) [hadoop-common-3.3.4.jar:?]
	at org.apache.hadoop.ipc.ProtobufRpcEngine2$Server$ProtoBufRpcInvoker.call(ProtobufRpcEngine2.java:578) [hadoop-common-3.3.4.jar:?]
	at org.apache.hadoop.ipc.ProtobufRpcEngine2$Server$ProtoBufRpcInvoker.call(ProtobufRpcEngine2.java:556) [hadoop-common-3.3.4.jar:?]
	at org.apache.hadoop.ipc.RPC$Server.call(RPC.java:1093) [hadoop-common-3.3.4.jar:?]
	at org.apache.hadoop.ipc.Server$RpcCall.run(Server.java:1043) [hadoop-common-3.3.4.jar:?]
	at org.apache.hadoop.ipc.Server$RpcCall.run(Server.java:971) [hadoop-common-3.3.4.jar:?]
	at java.security.AccessController.doPrivileged(Native Method) ~[?:1.8.0_362]
	at javax.security.auth.Subject.doAs(Subject.java:422) [?:1.8.0_362]
	at org.apache.hadoop.security.UserGroupInformation.doAs(UserGroupInformation.java:1878) [hadoop-common-3.3.4.jar:?]
	at org.apache.hadoop.ipc.Server$Handler.run(Server.java:2976) [hadoop-common-3.3.4.jar:?]
]]></system-out>
  </testcase>
  <testcase name="testRenameToExistingDir" classname="TestOzoneFileSystem" time="0.014">
    <system-out><![CDATA[16:34:55.879 [IPC Server handler 2 on default port 44851] ERROR OMAudit - user=runner | ip=127.0.0.1 | op=LIST_STATUS {volume=volume35667, bucket=bucket27185, key=b/a, dataSize=0, replicationConfig=null} | ret=FAILURE
org.apache.hadoop.ozone.om.exceptions.OMException: Unable to get file status: volume: volume35667 bucket: bucket27185 key: b/a
	at org.apache.hadoop.ozone.om.KeyManagerImpl.getOzoneFileStatus(KeyManagerImpl.java:1162) ~[ozone-manager-1.4.0-SNAPSHOT.jar:?]
	at org.apache.hadoop.ozone.om.KeyManagerImpl.getFileStatus(KeyManagerImpl.java:1080) ~[ozone-manager-1.4.0-SNAPSHOT.jar:?]
	at org.apache.hadoop.ozone.om.KeyManagerImpl.listStatus(KeyManagerImpl.java:1443) ~[ozone-manager-1.4.0-SNAPSHOT.jar:?]
	at org.apache.hadoop.ozone.om.OmMetadataReader.listStatus(OmMetadataReader.java:261) ~[ozone-manager-1.4.0-SNAPSHOT.jar:?]
	at org.apache.hadoop.ozone.om.OzoneManager.listStatus(OzoneManager.java:3469) ~[ozone-manager-1.4.0-SNAPSHOT.jar:?]
	at org.apache.hadoop.ozone.protocolPB.OzoneManagerRequestHandler.listStatus(OzoneManagerRequestHandler.java:1097) ~[ozone-manager-1.4.0-SNAPSHOT.jar:?]
	at org.apache.hadoop.ozone.protocolPB.OzoneManagerRequestHandler.handleReadRequest(OzoneManagerRequestHandler.java:249) ~[ozone-manager-1.4.0-SNAPSHOT.jar:?]
	at org.apache.hadoop.ozone.protocolPB.OzoneManagerProtocolServerSideTranslatorPB.submitReadRequestToOM(OzoneManagerProtocolServerSideTranslatorPB.java:223) ~[ozone-manager-1.4.0-SNAPSHOT.jar:?]
	at org.apache.hadoop.ozone.protocolPB.OzoneManagerProtocolServerSideTranslatorPB.processRequest(OzoneManagerProtocolServerSideTranslatorPB.java:177) ~[ozone-manager-1.4.0-SNAPSHOT.jar:?]
	at org.apache.hadoop.hdds.server.OzoneProtocolMessageDispatcher.processRequest(OzoneProtocolMessageDispatcher.java:87) [hdds-server-framework-1.4.0-SNAPSHOT.jar:?]
	at org.apache.hadoop.ozone.protocolPB.OzoneManagerProtocolServerSideTranslatorPB.submitRequest(OzoneManagerProtocolServerSideTranslatorPB.java:147) [ozone-manager-1.4.0-SNAPSHOT.jar:?]
	at org.apache.hadoop.ozone.protocol.proto.OzoneManagerProtocolProtos$OzoneManagerService$2.callBlockingMethod(OzoneManagerProtocolProtos.java) [ozone-interface-client-1.4.0-SNAPSHOT.jar:?]
	at org.apache.hadoop.ipc.ProtobufRpcEngine$Server.processCall(ProtobufRpcEngine.java:465) [hadoop-common-3.3.4.jar:?]
	at org.apache.hadoop.ipc.ProtobufRpcEngine2$Server$ProtoBufRpcInvoker.call(ProtobufRpcEngine2.java:578) [hadoop-common-3.3.4.jar:?]
	at org.apache.hadoop.ipc.ProtobufRpcEngine2$Server$ProtoBufRpcInvoker.call(ProtobufRpcEngine2.java:556) [hadoop-common-3.3.4.jar:?]
	at org.apache.hadoop.ipc.RPC$Server.call(RPC.java:1093) [hadoop-common-3.3.4.jar:?]
	at org.apache.hadoop.ipc.Server$RpcCall.run(Server.java:1043) [hadoop-common-3.3.4.jar:?]
	at org.apache.hadoop.ipc.Server$RpcCall.run(Server.java:971) [hadoop-common-3.3.4.jar:?]
	at java.security.AccessController.doPrivileged(Native Method) ~[?:1.8.0_362]
	at javax.security.auth.Subject.doAs(Subject.java:422) [?:1.8.0_362]
	at org.apache.hadoop.security.UserGroupInformation.doAs(UserGroupInformation.java:1878) [hadoop-common-3.3.4.jar:?]
	at org.apache.hadoop.ipc.Server$Handler.run(Server.java:2976) [hadoop-common-3.3.4.jar:?]
]]></system-out>
  </testcase>
  <testcase name="testRenameToExistingDir" classname="TestOzoneFileSystem" time="0.009">
    <system-out><![CDATA[16:35:46.941 [IPC Server handler 13 on default port 38619] ERROR OMAudit - user=runner | ip=127.0.0.1 | op=LIST_STATUS {volume=volume78724, bucket=bucket78568, key=b/a, dataSize=0, replicationConfig=null} | ret=FAILURE
org.apache.hadoop.ozone.om.exceptions.OMException: Unable to get file status: volume: volume78724 bucket: bucket78568 key: b/a
	at org.apache.hadoop.ozone.om.KeyManagerImpl.getOzoneFileStatus(KeyManagerImpl.java:1162) ~[ozone-manager-1.4.0-SNAPSHOT.jar:?]
	at org.apache.hadoop.ozone.om.KeyManagerImpl.getFileStatus(KeyManagerImpl.java:1080) ~[ozone-manager-1.4.0-SNAPSHOT.jar:?]
	at org.apache.hadoop.ozone.om.KeyManagerImpl.listStatus(KeyManagerImpl.java:1443) ~[ozone-manager-1.4.0-SNAPSHOT.jar:?]
	at org.apache.hadoop.ozone.om.OmMetadataReader.listStatus(OmMetadataReader.java:261) ~[ozone-manager-1.4.0-SNAPSHOT.jar:?]
	at org.apache.hadoop.ozone.om.OzoneManager.listStatus(OzoneManager.java:3469) ~[ozone-manager-1.4.0-SNAPSHOT.jar:?]
	at org.apache.hadoop.ozone.protocolPB.OzoneManagerRequestHandler.listStatus(OzoneManagerRequestHandler.java:1097) ~[ozone-manager-1.4.0-SNAPSHOT.jar:?]
	at org.apache.hadoop.ozone.protocolPB.OzoneManagerRequestHandler.handleReadRequest(OzoneManagerRequestHandler.java:249) ~[ozone-manager-1.4.0-SNAPSHOT.jar:?]
	at org.apache.hadoop.ozone.protocolPB.OzoneManagerProtocolServerSideTranslatorPB.submitRequestDirectlyToOM(OzoneManagerProtocolServerSideTranslatorPB.java:271) ~[ozone-manager-1.4.0-SNAPSHOT.jar:?]
	at org.apache.hadoop.ozone.protocolPB.OzoneManagerProtocolServerSideTranslatorPB.processRequest(OzoneManagerProtocolServerSideTranslatorPB.java:173) ~[ozone-manager-1.4.0-SNAPSHOT.jar:?]
	at org.apache.hadoop.hdds.server.OzoneProtocolMessageDispatcher.processRequest(OzoneProtocolMessageDispatcher.java:87) [hdds-server-framework-1.4.0-SNAPSHOT.jar:?]
	at org.apache.hadoop.ozone.protocolPB.OzoneManagerProtocolServerSideTranslatorPB.submitRequest(OzoneManagerProtocolServerSideTranslatorPB.java:147) [ozone-manager-1.4.0-SNAPSHOT.jar:?]
	at org.apache.hadoop.ozone.protocol.proto.OzoneManagerProtocolProtos$OzoneManagerService$2.callBlockingMethod(OzoneManagerProtocolProtos.java) [ozone-interface-client-1.4.0-SNAPSHOT.jar:?]
	at org.apache.hadoop.ipc.ProtobufRpcEngine$Server.processCall(ProtobufRpcEngine.java:465) [hadoop-common-3.3.4.jar:?]
	at org.apache.hadoop.ipc.ProtobufRpcEngine2$Server$ProtoBufRpcInvoker.call(ProtobufRpcEngine2.java:578) [hadoop-common-3.3.4.jar:?]
	at org.apache.hadoop.ipc.ProtobufRpcEngine2$Server$ProtoBufRpcInvoker.call(ProtobufRpcEngine2.java:556) [hadoop-common-3.3.4.jar:?]
	at org.apache.hadoop.ipc.RPC$Server.call(RPC.java:1093) [hadoop-common-3.3.4.jar:?]
	at org.apache.hadoop.ipc.Server$RpcCall.run(Server.java:1043) [hadoop-common-3.3.4.jar:?]
	at org.apache.hadoop.ipc.Server$RpcCall.run(Server.java:971) [hadoop-common-3.3.4.jar:?]
	at java.security.AccessController.doPrivileged(Native Method) ~[?:1.8.0_362]
	at javax.security.auth.Subject.doAs(Subject.java:422) [?:1.8.0_362]
	at org.apache.hadoop.security.UserGroupInformation.doAs(UserGroupInformation.java:1878) [hadoop-common-3.3.4.jar:?]
	at org.apache.hadoop.ipc.Server$Handler.run(Server.java:2976) [hadoop-common-3.3.4.jar:?]
]]></system-out>
  </testcase>
  <testcase name="testRenameDirToItsOwnSubDir" classname="TestOzoneFileSystem" time="0.022">
    <system-out><![CDATA[2023-02-16 16:33:10,307 [Time-limited test] INFO  ozone.TestOzoneFileSystem (TestOzoneFileSystem.java:testRenameDirToItsOwnSubDir(1169)) - Created dir1 o3fs://bucket39322.volume28358/root/dir1/sub_dir1
2023-02-16 16:33:10,307 [Time-limited test] INFO  ozone.TestOzoneFileSystem (TestOzoneFileSystem.java:testRenameDirToItsOwnSubDir(1172)) - Rename op-> source:o3fs://bucket39322.volume28358/root to destin:o3fs://bucket39322.volume28358/root/dir1/sub_dir1
]]></system-out>
  </testcase>
  <testcase name="testRenameDirToItsOwnSubDir" classname="TestOzoneFileSystem" time="0.005">
    <system-out><![CDATA[2023-02-16 16:34:07,729 [Time-limited test] INFO  ozone.TestOzoneFileSystem (TestOzoneFileSystem.java:testRenameDirToItsOwnSubDir(1169)) - Created dir1 o3fs://bucket25283.volume76608/root/dir1/sub_dir1
2023-02-16 16:34:07,729 [Time-limited test] INFO  ozone.TestOzoneFileSystem (TestOzoneFileSystem.java:testRenameDirToItsOwnSubDir(1172)) - Rename op-> source:o3fs://bucket25283.volume76608/root to destin:o3fs://bucket25283.volume76608/root/dir1/sub_dir1
]]></system-out>
  </testcase>
  <testcase name="testRenameDirToItsOwnSubDir" classname="TestOzoneFileSystem" time="0.011">
    <system-out><![CDATA[2023-02-16 16:34:55,892 [Time-limited test] INFO  ozone.TestOzoneFileSystem (TestOzoneFileSystem.java:testRenameDirToItsOwnSubDir(1169)) - Created dir1 o3fs://bucket27185.volume35667/root/dir1/sub_dir1
2023-02-16 16:34:55,892 [Time-limited test] INFO  ozone.TestOzoneFileSystem (TestOzoneFileSystem.java:testRenameDirToItsOwnSubDir(1172)) - Rename op-> source:o3fs://bucket27185.volume35667/root to destin:o3fs://bucket27185.volume35667/root/dir1/sub_dir1
]]></system-out>
  </testcase>
  <testcase name="testRenameDirToItsOwnSubDir" classname="TestOzoneFileSystem" time="0.008">
    <system-out><![CDATA[2023-02-16 16:35:46,952 [Time-limited test] INFO  ozone.TestOzoneFileSystem (TestOzoneFileSystem.java:testRenameDirToItsOwnSubDir(1169)) - Created dir1 o3fs://bucket78568.volume78724/root/dir1/sub_dir1
2023-02-16 16:35:46,952 [Time-limited test] INFO  ozone.TestOzoneFileSystem (TestOzoneFileSystem.java:testRenameDirToItsOwnSubDir(1172)) - Rename op-> source:o3fs://bucket78568.volume78724/root to destin:o3fs://bucket78568.volume78724/root/dir1/sub_dir1
]]></system-out>
  </testcase>
  <testcase name="testGetDirectoryModificationTime" classname="TestOzoneFileSystem" time="0.153"/>
  <testcase name="testGetDirectoryModificationTime" classname="TestOzoneFileSystem" time="0.115"/>
  <testcase name="testGetDirectoryModificationTime" classname="TestOzoneFileSystem" time="0.113"/>
  <testcase name="testGetDirectoryModificationTime" classname="TestOzoneFileSystem" time="0.114"/>
  <testcase name="testOzoneFsServiceLoader" classname="TestOzoneFileSystem" time="0.002"/>
  <testcase name="testOzoneFsServiceLoader" classname="TestOzoneFileSystem" time="0.003"/>
  <testcase name="testOzoneFsServiceLoader" classname="TestOzoneFileSystem" time="0.001"/>
  <testcase name="testOzoneFsServiceLoader" classname="TestOzoneFileSystem" time="0.001"/>
  <testcase name="testTrash" classname="TestOzoneFileSystem" time="2.073">
    <failure type="java.lang.AssertionError"><![CDATA[java.lang.AssertionError: expected:<1> but was:<2>
	at org.junit.Assert.fail(Assert.java:89)
	at org.junit.Assert.failNotEquals(Assert.java:835)
	at org.junit.Assert.assertEquals(Assert.java:647)
	at org.junit.Assert.assertEquals(Assert.java:633)
	at org.apache.hadoop.fs.ozone.TestOzoneFileSystem.testTrash(TestOzoneFileSystem.java:1678)
	at sun.reflect.NativeMethodAccessorImpl.invoke0(Native Method)
	at sun.reflect.NativeMethodAccessorImpl.invoke(NativeMethodAccessorImpl.java:62)
	at sun.reflect.DelegatingMethodAccessorImpl.invoke(DelegatingMethodAccessorImpl.java:43)
	at java.lang.reflect.Method.invoke(Method.java:498)
	at org.junit.runners.model.FrameworkMethod$1.runReflectiveCall(FrameworkMethod.java:59)
	at org.junit.internal.runners.model.ReflectiveCallable.run(ReflectiveCallable.java:12)
	at org.junit.runners.model.FrameworkMethod.invokeExplosively(FrameworkMethod.java:56)
	at org.junit.internal.runners.statements.InvokeMethod.evaluate(InvokeMethod.java:17)
	at org.junit.internal.runners.statements.RunAfters.evaluate(RunAfters.java:27)
	at org.junit.internal.runners.statements.FailOnTimeout$CallableStatement.call(FailOnTimeout.java:288)
	at org.junit.internal.runners.statements.FailOnTimeout$CallableStatement.call(FailOnTimeout.java:282)
	at java.util.concurrent.FutureTask.run(FutureTask.java:266)
	at java.lang.Thread.run(Thread.java:750)
]]></failure>
    <system-out><![CDATA[2023-02-16 16:33:10,491 [OM StateMachine ApplyTransaction Thread - 0] INFO  key.OMKeyRequest (OMKeyRequest.java:wrapUncommittedBlocksAsPseudoKey(837)) - Detect allocated but uncommitted blocks [{blockID={containerID=1, localID=111677748019200006}, length=4194304, offset=0, token=null, pipeline=null, createVersion=0, partNumber=0}] in key testKey2.
16:33:10.498 [IPC Server handler 12 on default port 37073] ERROR OMAudit - user=runner | ip=127.0.0.1 | op=GET_FILE_STATUS {volume=volume28358, bucket=bucket39322, key=.Trash/runner/Current/testKey2, dataSize=0, replicationConfig=null} | ret=FAILURE
org.apache.hadoop.ozone.om.exceptions.OMException: Unable to get file status: volume: volume28358 bucket: bucket39322 key: .Trash/runner/Current/testKey2
	at org.apache.hadoop.ozone.om.KeyManagerImpl.getOzoneFileStatus(KeyManagerImpl.java:1162) ~[ozone-manager-1.4.0-SNAPSHOT.jar:?]
	at org.apache.hadoop.ozone.om.KeyManagerImpl.getFileStatus(KeyManagerImpl.java:1080) ~[ozone-manager-1.4.0-SNAPSHOT.jar:?]
	at org.apache.hadoop.ozone.om.OmMetadataReader.getFileStatus(OmMetadataReader.java:288) ~[ozone-manager-1.4.0-SNAPSHOT.jar:?]
	at org.apache.hadoop.ozone.om.OzoneManager.getFileStatus(OzoneManager.java:3450) ~[ozone-manager-1.4.0-SNAPSHOT.jar:?]
	at org.apache.hadoop.ozone.protocolPB.OzoneManagerRequestHandler.getOzoneFileStatus(OzoneManagerRequestHandler.java:933) ~[ozone-manager-1.4.0-SNAPSHOT.jar:?]
	at org.apache.hadoop.ozone.protocolPB.OzoneManagerRequestHandler.handleReadRequest(OzoneManagerRequestHandler.java:238) ~[ozone-manager-1.4.0-SNAPSHOT.jar:?]
	at org.apache.hadoop.ozone.protocolPB.OzoneManagerProtocolServerSideTranslatorPB.submitReadRequestToOM(OzoneManagerProtocolServerSideTranslatorPB.java:223) ~[ozone-manager-1.4.0-SNAPSHOT.jar:?]
	at org.apache.hadoop.ozone.protocolPB.OzoneManagerProtocolServerSideTranslatorPB.processRequest(OzoneManagerProtocolServerSideTranslatorPB.java:177) ~[ozone-manager-1.4.0-SNAPSHOT.jar:?]
	at org.apache.hadoop.hdds.server.OzoneProtocolMessageDispatcher.processRequest(OzoneProtocolMessageDispatcher.java:87) [hdds-server-framework-1.4.0-SNAPSHOT.jar:?]
	at org.apache.hadoop.ozone.protocolPB.OzoneManagerProtocolServerSideTranslatorPB.submitRequest(OzoneManagerProtocolServerSideTranslatorPB.java:147) [ozone-manager-1.4.0-SNAPSHOT.jar:?]
	at org.apache.hadoop.ozone.protocol.proto.OzoneManagerProtocolProtos$OzoneManagerService$2.callBlockingMethod(OzoneManagerProtocolProtos.java) [ozone-interface-client-1.4.0-SNAPSHOT.jar:?]
	at org.apache.hadoop.ipc.ProtobufRpcEngine$Server.processCall(ProtobufRpcEngine.java:465) [hadoop-common-3.3.4.jar:?]
	at org.apache.hadoop.ipc.ProtobufRpcEngine2$Server$ProtoBufRpcInvoker.call(ProtobufRpcEngine2.java:578) [hadoop-common-3.3.4.jar:?]
	at org.apache.hadoop.ipc.ProtobufRpcEngine2$Server$ProtoBufRpcInvoker.call(ProtobufRpcEngine2.java:556) [hadoop-common-3.3.4.jar:?]
	at org.apache.hadoop.ipc.RPC$Server.call(RPC.java:1093) [hadoop-common-3.3.4.jar:?]
	at org.apache.hadoop.ipc.Server$RpcCall.run(Server.java:1043) [hadoop-common-3.3.4.jar:?]
	at org.apache.hadoop.ipc.Server$RpcCall.run(Server.java:971) [hadoop-common-3.3.4.jar:?]
	at java.security.AccessController.doPrivileged(Native Method) ~[?:1.8.0_362]
	at javax.security.auth.Subject.doAs(Subject.java:422) [?:1.8.0_362]
	at org.apache.hadoop.security.UserGroupInformation.doAs(UserGroupInformation.java:1878) [hadoop-common-3.3.4.jar:?]
	at org.apache.hadoop.ipc.Server$Handler.run(Server.java:2976) [hadoop-common-3.3.4.jar:?]
16:33:10.504 [IPC Server handler 1 on default port 37073] ERROR OMAudit - user=runner | ip=127.0.0.1 | op=GET_FILE_STATUS {volume=volume28358, bucket=bucket39322, key=.Trash/runner/Current/testKey2, dataSize=0, replicationConfig=null} | ret=FAILURE
org.apache.hadoop.ozone.om.exceptions.OMException: Unable to get file status: volume: volume28358 bucket: bucket39322 key: .Trash/runner/Current/testKey2
	at org.apache.hadoop.ozone.om.KeyManagerImpl.getOzoneFileStatus(KeyManagerImpl.java:1162) ~[ozone-manager-1.4.0-SNAPSHOT.jar:?]
	at org.apache.hadoop.ozone.om.KeyManagerImpl.getFileStatus(KeyManagerImpl.java:1080) ~[ozone-manager-1.4.0-SNAPSHOT.jar:?]
	at org.apache.hadoop.ozone.om.OmMetadataReader.getFileStatus(OmMetadataReader.java:288) ~[ozone-manager-1.4.0-SNAPSHOT.jar:?]
	at org.apache.hadoop.ozone.om.OzoneManager.getFileStatus(OzoneManager.java:3450) ~[ozone-manager-1.4.0-SNAPSHOT.jar:?]
	at org.apache.hadoop.ozone.protocolPB.OzoneManagerRequestHandler.getOzoneFileStatus(OzoneManagerRequestHandler.java:933) ~[ozone-manager-1.4.0-SNAPSHOT.jar:?]
	at org.apache.hadoop.ozone.protocolPB.OzoneManagerRequestHandler.handleReadRequest(OzoneManagerRequestHandler.java:238) ~[ozone-manager-1.4.0-SNAPSHOT.jar:?]
	at org.apache.hadoop.ozone.protocolPB.OzoneManagerProtocolServerSideTranslatorPB.submitReadRequestToOM(OzoneManagerProtocolServerSideTranslatorPB.java:223) ~[ozone-manager-1.4.0-SNAPSHOT.jar:?]
	at org.apache.hadoop.ozone.protocolPB.OzoneManagerProtocolServerSideTranslatorPB.processRequest(OzoneManagerProtocolServerSideTranslatorPB.java:177) ~[ozone-manager-1.4.0-SNAPSHOT.jar:?]
	at org.apache.hadoop.hdds.server.OzoneProtocolMessageDispatcher.processRequest(OzoneProtocolMessageDispatcher.java:87) [hdds-server-framework-1.4.0-SNAPSHOT.jar:?]
	at org.apache.hadoop.ozone.protocolPB.OzoneManagerProtocolServerSideTranslatorPB.submitRequest(OzoneManagerProtocolServerSideTranslatorPB.java:147) [ozone-manager-1.4.0-SNAPSHOT.jar:?]
	at org.apache.hadoop.ozone.protocol.proto.OzoneManagerProtocolProtos$OzoneManagerService$2.callBlockingMethod(OzoneManagerProtocolProtos.java) [ozone-interface-client-1.4.0-SNAPSHOT.jar:?]
	at org.apache.hadoop.ipc.ProtobufRpcEngine$Server.processCall(ProtobufRpcEngine.java:465) [hadoop-common-3.3.4.jar:?]
	at org.apache.hadoop.ipc.ProtobufRpcEngine2$Server$ProtoBufRpcInvoker.call(ProtobufRpcEngine2.java:578) [hadoop-common-3.3.4.jar:?]
	at org.apache.hadoop.ipc.ProtobufRpcEngine2$Server$ProtoBufRpcInvoker.call(ProtobufRpcEngine2.java:556) [hadoop-common-3.3.4.jar:?]
	at org.apache.hadoop.ipc.RPC$Server.call(RPC.java:1093) [hadoop-common-3.3.4.jar:?]
	at org.apache.hadoop.ipc.Server$RpcCall.run(Server.java:1043) [hadoop-common-3.3.4.jar:?]
	at org.apache.hadoop.ipc.Server$RpcCall.run(Server.java:971) [hadoop-common-3.3.4.jar:?]
	at java.security.AccessController.doPrivileged(Native Method) ~[?:1.8.0_362]
	at javax.security.auth.Subject.doAs(Subject.java:422) [?:1.8.0_362]
	at org.apache.hadoop.security.UserGroupInformation.doAs(UserGroupInformation.java:1878) [hadoop-common-3.3.4.jar:?]
	at org.apache.hadoop.ipc.Server$Handler.run(Server.java:2976) [hadoop-common-3.3.4.jar:?]
2023-02-16 16:33:10,519 [Time-limited test] INFO  om.TrashPolicyOzone (TrashPolicyOzone.java:moveToTrash(209)) - Moved: '/testKey2' to trash at: /.Trash/runner/Current/testKey2
16:33:12.525 [IPC Server handler 18 on default port 37073] ERROR OMAudit - user=runner | ip=127.0.0.1 | op=GET_FILE_STATUS {volume=volume28358, bucket=bucket39322, key=.Trash/runner/Current/testKey2, dataSize=0, replicationConfig=null} | ret=FAILURE
org.apache.hadoop.ozone.om.exceptions.OMException: Unable to get file status: volume: volume28358 bucket: bucket39322 key: .Trash/runner/Current/testKey2
	at org.apache.hadoop.ozone.om.KeyManagerImpl.getOzoneFileStatus(KeyManagerImpl.java:1162) ~[ozone-manager-1.4.0-SNAPSHOT.jar:?]
	at org.apache.hadoop.ozone.om.KeyManagerImpl.getFileStatus(KeyManagerImpl.java:1080) ~[ozone-manager-1.4.0-SNAPSHOT.jar:?]
	at org.apache.hadoop.ozone.om.OmMetadataReader.getFileStatus(OmMetadataReader.java:288) ~[ozone-manager-1.4.0-SNAPSHOT.jar:?]
	at org.apache.hadoop.ozone.om.OzoneManager.getFileStatus(OzoneManager.java:3450) ~[ozone-manager-1.4.0-SNAPSHOT.jar:?]
	at org.apache.hadoop.ozone.protocolPB.OzoneManagerRequestHandler.getOzoneFileStatus(OzoneManagerRequestHandler.java:933) ~[ozone-manager-1.4.0-SNAPSHOT.jar:?]
	at org.apache.hadoop.ozone.protocolPB.OzoneManagerRequestHandler.handleReadRequest(OzoneManagerRequestHandler.java:238) ~[ozone-manager-1.4.0-SNAPSHOT.jar:?]
	at org.apache.hadoop.ozone.protocolPB.OzoneManagerProtocolServerSideTranslatorPB.submitReadRequestToOM(OzoneManagerProtocolServerSideTranslatorPB.java:223) ~[ozone-manager-1.4.0-SNAPSHOT.jar:?]
	at org.apache.hadoop.ozone.protocolPB.OzoneManagerProtocolServerSideTranslatorPB.processRequest(OzoneManagerProtocolServerSideTranslatorPB.java:177) ~[ozone-manager-1.4.0-SNAPSHOT.jar:?]
	at org.apache.hadoop.hdds.server.OzoneProtocolMessageDispatcher.processRequest(OzoneProtocolMessageDispatcher.java:87) [hdds-server-framework-1.4.0-SNAPSHOT.jar:?]
	at org.apache.hadoop.ozone.protocolPB.OzoneManagerProtocolServerSideTranslatorPB.submitRequest(OzoneManagerProtocolServerSideTranslatorPB.java:147) [ozone-manager-1.4.0-SNAPSHOT.jar:?]
	at org.apache.hadoop.ozone.protocol.proto.OzoneManagerProtocolProtos$OzoneManagerService$2.callBlockingMethod(OzoneManagerProtocolProtos.java) [ozone-interface-client-1.4.0-SNAPSHOT.jar:?]
	at org.apache.hadoop.ipc.ProtobufRpcEngine$Server.processCall(ProtobufRpcEngine.java:465) [hadoop-common-3.3.4.jar:?]
	at org.apache.hadoop.ipc.ProtobufRpcEngine2$Server$ProtoBufRpcInvoker.call(ProtobufRpcEngine2.java:578) [hadoop-common-3.3.4.jar:?]
	at org.apache.hadoop.ipc.ProtobufRpcEngine2$Server$ProtoBufRpcInvoker.call(ProtobufRpcEngine2.java:556) [hadoop-common-3.3.4.jar:?]
	at org.apache.hadoop.ipc.RPC$Server.call(RPC.java:1093) [hadoop-common-3.3.4.jar:?]
	at org.apache.hadoop.ipc.Server$RpcCall.run(Server.java:1043) [hadoop-common-3.3.4.jar:?]
	at org.apache.hadoop.ipc.Server$RpcCall.run(Server.java:971) [hadoop-common-3.3.4.jar:?]
	at java.security.AccessController.doPrivileged(Native Method) ~[?:1.8.0_362]
	at javax.security.auth.Subject.doAs(Subject.java:422) [?:1.8.0_362]
	at org.apache.hadoop.security.UserGroupInformation.doAs(UserGroupInformation.java:1878) [hadoop-common-3.3.4.jar:?]
	at org.apache.hadoop.ipc.Server$Handler.run(Server.java:2976) [hadoop-common-3.3.4.jar:?]
]]></system-out>
  </testcase>
  <testcase name="testTrash" classname="TestOzoneFileSystem" time="5.022">
    <system-out><![CDATA[2023-02-16 16:34:07,858 [IPC Server handler 2 on default port 46781] INFO  key.OMKeyRequest (OMKeyRequest.java:wrapUncommittedBlocksAsPseudoKey(837)) - Detect allocated but uncommitted blocks [{blockID={containerID=1, localID=111677748019200006}, length=4194304, offset=0, token=null, pipeline=null, createVersion=0, partNumber=0}] in key testKey2.
16:34:07.860 [IPC Server handler 6 on default port 46781] ERROR OMAudit - user=runner | ip=127.0.0.1 | op=GET_FILE_STATUS {volume=volume76608, bucket=bucket25283, key=.Trash/runner/Current/testKey2, dataSize=0, replicationConfig=null} | ret=FAILURE
org.apache.hadoop.ozone.om.exceptions.OMException: Unable to get file status: volume: volume76608 bucket: bucket25283 key: .Trash/runner/Current/testKey2
	at org.apache.hadoop.ozone.om.KeyManagerImpl.getOzoneFileStatus(KeyManagerImpl.java:1162) ~[ozone-manager-1.4.0-SNAPSHOT.jar:?]
	at org.apache.hadoop.ozone.om.KeyManagerImpl.getFileStatus(KeyManagerImpl.java:1080) ~[ozone-manager-1.4.0-SNAPSHOT.jar:?]
	at org.apache.hadoop.ozone.om.OmMetadataReader.getFileStatus(OmMetadataReader.java:288) ~[ozone-manager-1.4.0-SNAPSHOT.jar:?]
	at org.apache.hadoop.ozone.om.OzoneManager.getFileStatus(OzoneManager.java:3450) ~[ozone-manager-1.4.0-SNAPSHOT.jar:?]
	at org.apache.hadoop.ozone.protocolPB.OzoneManagerRequestHandler.getOzoneFileStatus(OzoneManagerRequestHandler.java:933) ~[ozone-manager-1.4.0-SNAPSHOT.jar:?]
	at org.apache.hadoop.ozone.protocolPB.OzoneManagerRequestHandler.handleReadRequest(OzoneManagerRequestHandler.java:238) ~[ozone-manager-1.4.0-SNAPSHOT.jar:?]
	at org.apache.hadoop.ozone.protocolPB.OzoneManagerProtocolServerSideTranslatorPB.submitRequestDirectlyToOM(OzoneManagerProtocolServerSideTranslatorPB.java:271) ~[ozone-manager-1.4.0-SNAPSHOT.jar:?]
	at org.apache.hadoop.ozone.protocolPB.OzoneManagerProtocolServerSideTranslatorPB.processRequest(OzoneManagerProtocolServerSideTranslatorPB.java:173) ~[ozone-manager-1.4.0-SNAPSHOT.jar:?]
	at org.apache.hadoop.hdds.server.OzoneProtocolMessageDispatcher.processRequest(OzoneProtocolMessageDispatcher.java:87) [hdds-server-framework-1.4.0-SNAPSHOT.jar:?]
	at org.apache.hadoop.ozone.protocolPB.OzoneManagerProtocolServerSideTranslatorPB.submitRequest(OzoneManagerProtocolServerSideTranslatorPB.java:147) [ozone-manager-1.4.0-SNAPSHOT.jar:?]
	at org.apache.hadoop.ozone.protocol.proto.OzoneManagerProtocolProtos$OzoneManagerService$2.callBlockingMethod(OzoneManagerProtocolProtos.java) [ozone-interface-client-1.4.0-SNAPSHOT.jar:?]
	at org.apache.hadoop.ipc.ProtobufRpcEngine$Server.processCall(ProtobufRpcEngine.java:465) [hadoop-common-3.3.4.jar:?]
	at org.apache.hadoop.ipc.ProtobufRpcEngine2$Server$ProtoBufRpcInvoker.call(ProtobufRpcEngine2.java:578) [hadoop-common-3.3.4.jar:?]
	at org.apache.hadoop.ipc.ProtobufRpcEngine2$Server$ProtoBufRpcInvoker.call(ProtobufRpcEngine2.java:556) [hadoop-common-3.3.4.jar:?]
	at org.apache.hadoop.ipc.RPC$Server.call(RPC.java:1093) [hadoop-common-3.3.4.jar:?]
	at org.apache.hadoop.ipc.Server$RpcCall.run(Server.java:1043) [hadoop-common-3.3.4.jar:?]
	at org.apache.hadoop.ipc.Server$RpcCall.run(Server.java:971) [hadoop-common-3.3.4.jar:?]
	at java.security.AccessController.doPrivileged(Native Method) ~[?:1.8.0_362]
	at javax.security.auth.Subject.doAs(Subject.java:422) [?:1.8.0_362]
	at org.apache.hadoop.security.UserGroupInformation.doAs(UserGroupInformation.java:1878) [hadoop-common-3.3.4.jar:?]
	at org.apache.hadoop.ipc.Server$Handler.run(Server.java:2976) [hadoop-common-3.3.4.jar:?]
16:34:07.861 [IPC Server handler 18 on default port 46781] ERROR OMAudit - user=runner | ip=127.0.0.1 | op=GET_FILE_STATUS {volume=volume76608, bucket=bucket25283, key=.Trash/runner/Current/testKey2, dataSize=0, replicationConfig=null} | ret=FAILURE
org.apache.hadoop.ozone.om.exceptions.OMException: Unable to get file status: volume: volume76608 bucket: bucket25283 key: .Trash/runner/Current/testKey2
	at org.apache.hadoop.ozone.om.KeyManagerImpl.getOzoneFileStatus(KeyManagerImpl.java:1162) ~[ozone-manager-1.4.0-SNAPSHOT.jar:?]
	at org.apache.hadoop.ozone.om.KeyManagerImpl.getFileStatus(KeyManagerImpl.java:1080) ~[ozone-manager-1.4.0-SNAPSHOT.jar:?]
	at org.apache.hadoop.ozone.om.OmMetadataReader.getFileStatus(OmMetadataReader.java:288) ~[ozone-manager-1.4.0-SNAPSHOT.jar:?]
	at org.apache.hadoop.ozone.om.OzoneManager.getFileStatus(OzoneManager.java:3450) ~[ozone-manager-1.4.0-SNAPSHOT.jar:?]
	at org.apache.hadoop.ozone.protocolPB.OzoneManagerRequestHandler.getOzoneFileStatus(OzoneManagerRequestHandler.java:933) ~[ozone-manager-1.4.0-SNAPSHOT.jar:?]
	at org.apache.hadoop.ozone.protocolPB.OzoneManagerRequestHandler.handleReadRequest(OzoneManagerRequestHandler.java:238) ~[ozone-manager-1.4.0-SNAPSHOT.jar:?]
	at org.apache.hadoop.ozone.protocolPB.OzoneManagerProtocolServerSideTranslatorPB.submitRequestDirectlyToOM(OzoneManagerProtocolServerSideTranslatorPB.java:271) ~[ozone-manager-1.4.0-SNAPSHOT.jar:?]
	at org.apache.hadoop.ozone.protocolPB.OzoneManagerProtocolServerSideTranslatorPB.processRequest(OzoneManagerProtocolServerSideTranslatorPB.java:173) ~[ozone-manager-1.4.0-SNAPSHOT.jar:?]
	at org.apache.hadoop.hdds.server.OzoneProtocolMessageDispatcher.processRequest(OzoneProtocolMessageDispatcher.java:87) [hdds-server-framework-1.4.0-SNAPSHOT.jar:?]
	at org.apache.hadoop.ozone.protocolPB.OzoneManagerProtocolServerSideTranslatorPB.submitRequest(OzoneManagerProtocolServerSideTranslatorPB.java:147) [ozone-manager-1.4.0-SNAPSHOT.jar:?]
	at org.apache.hadoop.ozone.protocol.proto.OzoneManagerProtocolProtos$OzoneManagerService$2.callBlockingMethod(OzoneManagerProtocolProtos.java) [ozone-interface-client-1.4.0-SNAPSHOT.jar:?]
	at org.apache.hadoop.ipc.ProtobufRpcEngine$Server.processCall(ProtobufRpcEngine.java:465) [hadoop-common-3.3.4.jar:?]
	at org.apache.hadoop.ipc.ProtobufRpcEngine2$Server$ProtoBufRpcInvoker.call(ProtobufRpcEngine2.java:578) [hadoop-common-3.3.4.jar:?]
	at org.apache.hadoop.ipc.ProtobufRpcEngine2$Server$ProtoBufRpcInvoker.call(ProtobufRpcEngine2.java:556) [hadoop-common-3.3.4.jar:?]
	at org.apache.hadoop.ipc.RPC$Server.call(RPC.java:1093) [hadoop-common-3.3.4.jar:?]
	at org.apache.hadoop.ipc.Server$RpcCall.run(Server.java:1043) [hadoop-common-3.3.4.jar:?]
	at org.apache.hadoop.ipc.Server$RpcCall.run(Server.java:971) [hadoop-common-3.3.4.jar:?]
	at java.security.AccessController.doPrivileged(Native Method) ~[?:1.8.0_362]
	at javax.security.auth.Subject.doAs(Subject.java:422) [?:1.8.0_362]
	at org.apache.hadoop.security.UserGroupInformation.doAs(UserGroupInformation.java:1878) [hadoop-common-3.3.4.jar:?]
	at org.apache.hadoop.ipc.Server$Handler.run(Server.java:2976) [hadoop-common-3.3.4.jar:?]
2023-02-16 16:34:07,863 [Time-limited test] INFO  om.TrashPolicyOzone (TrashPolicyOzone.java:moveToTrash(209)) - Moved: '/testKey2' to trash at: /.Trash/runner/Current/testKey2
2023-02-16 16:34:08,031 [6c51f489-4ead-4eaf-8276-70ff1fcde269@group-7E675F597C1D-FollowerState] INFO  impl.FollowerState (FollowerState.java:run(143)) - 6c51f489-4ead-4eaf-8276-70ff1fcde269@group-7E675F597C1D-FollowerState: change to CANDIDATE, lastRpcElapsedTime:5147541150ns, electionTimeout:5147ms
2023-02-16 16:34:08,031 [6c51f489-4ead-4eaf-8276-70ff1fcde269@group-7E675F597C1D-FollowerState] INFO  impl.RoleInfo (RoleInfo.java:shutdownFollowerState(110)) - 6c51f489-4ead-4eaf-8276-70ff1fcde269: shutdown 6c51f489-4ead-4eaf-8276-70ff1fcde269@group-7E675F597C1D-FollowerState
2023-02-16 16:34:08,031 [6c51f489-4ead-4eaf-8276-70ff1fcde269@group-7E675F597C1D-FollowerState] INFO  server.RaftServer$Division (RaftServerImpl.java:setRole(321)) - 6c51f489-4ead-4eaf-8276-70ff1fcde269@group-7E675F597C1D: changes role from  FOLLOWER to CANDIDATE at term 0 for changeToCandidate
2023-02-16 16:34:08,031 [6c51f489-4ead-4eaf-8276-70ff1fcde269@group-7E675F597C1D-FollowerState] INFO  server.RaftServerConfigKeys (ConfUtils.java:logGet(46)) - raft.server.leaderelection.pre-vote = true (default)
2023-02-16 16:34:08,031 [6c51f489-4ead-4eaf-8276-70ff1fcde269@group-7E675F597C1D-FollowerState] INFO  impl.RoleInfo (RoleInfo.java:updateAndGet(139)) - 6c51f489-4ead-4eaf-8276-70ff1fcde269: start 6c51f489-4ead-4eaf-8276-70ff1fcde269@group-7E675F597C1D-LeaderElection15
2023-02-16 16:34:08,032 [6c51f489-4ead-4eaf-8276-70ff1fcde269@group-7E675F597C1D-LeaderElection15] INFO  impl.LeaderElection (LeaderElection.java:askForVotes(312)) - 6c51f489-4ead-4eaf-8276-70ff1fcde269@group-7E675F597C1D-LeaderElection15 PRE_VOTE round 0: submit vote requests at term 0 for -1: peers:[6c51f489-4ead-4eaf-8276-70ff1fcde269|rpc:10.1.0.66:45785|dataStream:10.1.0.66:41323|priority:1|startupRole:FOLLOWER]|listeners:[], old=null
2023-02-16 16:34:08,033 [6c51f489-4ead-4eaf-8276-70ff1fcde269@group-7E675F597C1D-LeaderElection15] INFO  impl.LeaderElection (LeaderElection.java:askForVotes(314)) - 6c51f489-4ead-4eaf-8276-70ff1fcde269@group-7E675F597C1D-LeaderElection15 PRE_VOTE round 0: result PASSED (term=0)
2023-02-16 16:34:08,034 [6c51f489-4ead-4eaf-8276-70ff1fcde269@group-7E675F597C1D-LeaderElection15] INFO  impl.LeaderElection (LeaderElection.java:askForVotes(312)) - 6c51f489-4ead-4eaf-8276-70ff1fcde269@group-7E675F597C1D-LeaderElection15 ELECTION round 0: submit vote requests at term 1 for -1: peers:[6c51f489-4ead-4eaf-8276-70ff1fcde269|rpc:10.1.0.66:45785|dataStream:10.1.0.66:41323|priority:1|startupRole:FOLLOWER]|listeners:[], old=null
2023-02-16 16:34:08,034 [6c51f489-4ead-4eaf-8276-70ff1fcde269@group-7E675F597C1D-LeaderElection15] INFO  impl.LeaderElection (LeaderElection.java:askForVotes(314)) - 6c51f489-4ead-4eaf-8276-70ff1fcde269@group-7E675F597C1D-LeaderElection15 ELECTION round 0: result PASSED (term=1)
2023-02-16 16:34:08,034 [6c51f489-4ead-4eaf-8276-70ff1fcde269@group-7E675F597C1D-LeaderElection15] INFO  impl.RoleInfo (RoleInfo.java:shutdownLeaderElection(130)) - 6c51f489-4ead-4eaf-8276-70ff1fcde269: shutdown 6c51f489-4ead-4eaf-8276-70ff1fcde269@group-7E675F597C1D-LeaderElection15
2023-02-16 16:34:08,034 [6c51f489-4ead-4eaf-8276-70ff1fcde269@group-7E675F597C1D-LeaderElection15] INFO  server.RaftServer$Division (RaftServerImpl.java:setRole(321)) - 6c51f489-4ead-4eaf-8276-70ff1fcde269@group-7E675F597C1D: changes role from CANDIDATE to LEADER at term 1 for changeToLeader
2023-02-16 16:34:08,034 [6c51f489-4ead-4eaf-8276-70ff1fcde269@group-7E675F597C1D-LeaderElection15] INFO  ratis.XceiverServerRatis (XceiverServerRatis.java:handleLeaderChangedNotification(905)) - Leader change notification received for group: group-7E675F597C1D with new leaderId: 6c51f489-4ead-4eaf-8276-70ff1fcde269
2023-02-16 16:34:08,035 [6c51f489-4ead-4eaf-8276-70ff1fcde269@group-7E675F597C1D-LeaderElection15] INFO  server.RaftServer$Division (ServerState.java:setLeader(313)) - 6c51f489-4ead-4eaf-8276-70ff1fcde269@group-7E675F597C1D: change Leader from null to 6c51f489-4ead-4eaf-8276-70ff1fcde269 at term 1 for becomeLeader, leader elected after 5164ms
2023-02-16 16:34:08,035 [6c51f489-4ead-4eaf-8276-70ff1fcde269@group-7E675F597C1D-LeaderElection15] INFO  server.RaftServerConfigKeys (ConfUtils.java:logGet(46)) - raft.server.staging.catchup.gap = 1000 (default)
2023-02-16 16:34:08,035 [6c51f489-4ead-4eaf-8276-70ff1fcde269@group-7E675F597C1D-LeaderElection15] INFO  server.RaftServerConfigKeys (ConfUtils.java:logGet(46)) - raft.server.write.element-limit = 1024 (custom)
2023-02-16 16:34:08,036 [6c51f489-4ead-4eaf-8276-70ff1fcde269@group-7E675F597C1D-LeaderElection15] INFO  server.RaftServerConfigKeys (ConfUtils.java:logGet(46)) - raft.server.write.byte-limit = 1024 M (=1073741824) (custom)
2023-02-16 16:34:08,036 [6c51f489-4ead-4eaf-8276-70ff1fcde269@group-7E675F597C1D-LeaderElection15] INFO  server.RaftServerConfigKeys (ConfUtils.java:logGet(46)) - raft.server.watch.timeout = 180s (custom)
2023-02-16 16:34:08,036 [6c51f489-4ead-4eaf-8276-70ff1fcde269@group-7E675F597C1D-LeaderElection15] INFO  server.RaftServerConfigKeys (ConfUtils.java:logGet(46)) - raft.server.watch.timeout.denomination = 1s (default)
2023-02-16 16:34:08,036 [6c51f489-4ead-4eaf-8276-70ff1fcde269@group-7E675F597C1D-LeaderElection15] INFO  server.RaftServerConfigKeys (ConfUtils.java:logGet(46)) - raft.server.watch.element-limit = 65536 (default)
2023-02-16 16:34:08,036 [6c51f489-4ead-4eaf-8276-70ff1fcde269@group-7E675F597C1D-LeaderElection15] INFO  server.RaftServerConfigKeys (ConfUtils.java:logGet(46)) - raft.server.write.element-limit = 1024 (custom)
2023-02-16 16:34:08,036 [6c51f489-4ead-4eaf-8276-70ff1fcde269@group-7E675F597C1D-LeaderElection15] INFO  server.RaftServerConfigKeys (ConfUtils.java:logGet(46)) - raft.server.write.follower.gap.ratio.max = -1.0 (default)
2023-02-16 16:34:08,036 [6c51f489-4ead-4eaf-8276-70ff1fcde269@group-7E675F597C1D-LeaderElection15] INFO  impl.RoleInfo (RoleInfo.java:updateAndGet(139)) - 6c51f489-4ead-4eaf-8276-70ff1fcde269: start 6c51f489-4ead-4eaf-8276-70ff1fcde269@group-7E675F597C1D-LeaderStateImpl
2023-02-16 16:34:08,036 [6c51f489-4ead-4eaf-8276-70ff1fcde269@group-7E675F597C1D-LeaderElection15] INFO  segmented.SegmentedRaftLogWorker (SegmentedRaftLogWorker.java:startLogSegment(452)) - 6c51f489-4ead-4eaf-8276-70ff1fcde269@group-7E675F597C1D-SegmentedRaftLogWorker: Starting segment from index:0
2023-02-16 16:34:08,037 [6c51f489-4ead-4eaf-8276-70ff1fcde269@group-7E675F597C1D-LeaderElection15] INFO  server.RaftServer$Division (ServerState.java:setRaftConf(430)) - 6c51f489-4ead-4eaf-8276-70ff1fcde269@group-7E675F597C1D: set configuration 0: peers:[6c51f489-4ead-4eaf-8276-70ff1fcde269|rpc:10.1.0.66:45785|dataStream:10.1.0.66:41323|priority:1|startupRole:FOLLOWER]|listeners:[], old=null
2023-02-16 16:34:08,037 [6c51f489-4ead-4eaf-8276-70ff1fcde269@group-7E675F597C1D-SegmentedRaftLogWorker] INFO  segmented.SegmentedRaftLogWorker (SegmentedRaftLogWorker.java:execute(656)) - 6c51f489-4ead-4eaf-8276-70ff1fcde269@group-7E675F597C1D-SegmentedRaftLogWorker: created new log segment /home/runner/work/ozone/ozone/hadoop-ozone/integration-test/target/test-dir/MiniOzoneClusterImpl-34b8c8ad-1b7a-4f1a-91f5-8cb1859b150b/datanode-3/data/ratis/67af78a1-7ebd-48f3-acb3-7e675f597c1d/current/log_inprogress_0
2023-02-16 16:34:08,687 [3a64110f-54c2-4b73-a080-ae850dd54c39@group-D12AE3CFB248-FollowerState] INFO  impl.FollowerState (FollowerState.java:run(143)) - 3a64110f-54c2-4b73-a080-ae850dd54c39@group-D12AE3CFB248-FollowerState: change to CANDIDATE, lastRpcElapsedTime:5045387239ns, electionTimeout:5043ms
2023-02-16 16:34:08,687 [3a64110f-54c2-4b73-a080-ae850dd54c39@group-D12AE3CFB248-FollowerState] INFO  impl.RoleInfo (RoleInfo.java:shutdownFollowerState(110)) - 3a64110f-54c2-4b73-a080-ae850dd54c39: shutdown 3a64110f-54c2-4b73-a080-ae850dd54c39@group-D12AE3CFB248-FollowerState
2023-02-16 16:34:08,687 [3a64110f-54c2-4b73-a080-ae850dd54c39@group-D12AE3CFB248-FollowerState] INFO  server.RaftServer$Division (RaftServerImpl.java:setRole(321)) - 3a64110f-54c2-4b73-a080-ae850dd54c39@group-D12AE3CFB248: changes role from  FOLLOWER to CANDIDATE at term 0 for changeToCandidate
2023-02-16 16:34:08,687 [3a64110f-54c2-4b73-a080-ae850dd54c39@group-D12AE3CFB248-FollowerState] INFO  server.RaftServerConfigKeys (ConfUtils.java:logGet(46)) - raft.server.leaderelection.pre-vote = true (default)
2023-02-16 16:34:08,687 [3a64110f-54c2-4b73-a080-ae850dd54c39@group-D12AE3CFB248-FollowerState] INFO  impl.RoleInfo (RoleInfo.java:updateAndGet(139)) - 3a64110f-54c2-4b73-a080-ae850dd54c39: start 3a64110f-54c2-4b73-a080-ae850dd54c39@group-D12AE3CFB248-LeaderElection16
2023-02-16 16:34:08,688 [3a64110f-54c2-4b73-a080-ae850dd54c39@group-D12AE3CFB248-LeaderElection16] INFO  impl.LeaderElection (LeaderElection.java:askForVotes(312)) - 3a64110f-54c2-4b73-a080-ae850dd54c39@group-D12AE3CFB248-LeaderElection16 PRE_VOTE round 0: submit vote requests at term 0 for -1: peers:[3a64110f-54c2-4b73-a080-ae850dd54c39|rpc:10.1.0.66:40245|dataStream:10.1.0.66:41821|priority:1|startupRole:FOLLOWER]|listeners:[], old=null
2023-02-16 16:34:08,688 [3a64110f-54c2-4b73-a080-ae850dd54c39@group-D12AE3CFB248-LeaderElection16] INFO  impl.LeaderElection (LeaderElection.java:askForVotes(314)) - 3a64110f-54c2-4b73-a080-ae850dd54c39@group-D12AE3CFB248-LeaderElection16 PRE_VOTE round 0: result PASSED (term=0)
2023-02-16 16:34:08,690 [3a64110f-54c2-4b73-a080-ae850dd54c39@group-D12AE3CFB248-LeaderElection16] INFO  impl.LeaderElection (LeaderElection.java:askForVotes(312)) - 3a64110f-54c2-4b73-a080-ae850dd54c39@group-D12AE3CFB248-LeaderElection16 ELECTION round 0: submit vote requests at term 1 for -1: peers:[3a64110f-54c2-4b73-a080-ae850dd54c39|rpc:10.1.0.66:40245|dataStream:10.1.0.66:41821|priority:1|startupRole:FOLLOWER]|listeners:[], old=null
2023-02-16 16:34:08,690 [3a64110f-54c2-4b73-a080-ae850dd54c39@group-D12AE3CFB248-LeaderElection16] INFO  impl.LeaderElection (LeaderElection.java:askForVotes(314)) - 3a64110f-54c2-4b73-a080-ae850dd54c39@group-D12AE3CFB248-LeaderElection16 ELECTION round 0: result PASSED (term=1)
2023-02-16 16:34:08,690 [3a64110f-54c2-4b73-a080-ae850dd54c39@group-D12AE3CFB248-LeaderElection16] INFO  impl.RoleInfo (RoleInfo.java:shutdownLeaderElection(130)) - 3a64110f-54c2-4b73-a080-ae850dd54c39: shutdown 3a64110f-54c2-4b73-a080-ae850dd54c39@group-D12AE3CFB248-LeaderElection16
2023-02-16 16:34:08,690 [3a64110f-54c2-4b73-a080-ae850dd54c39@group-D12AE3CFB248-LeaderElection16] INFO  server.RaftServer$Division (RaftServerImpl.java:setRole(321)) - 3a64110f-54c2-4b73-a080-ae850dd54c39@group-D12AE3CFB248: changes role from CANDIDATE to LEADER at term 1 for changeToLeader
2023-02-16 16:34:08,690 [3a64110f-54c2-4b73-a080-ae850dd54c39@group-D12AE3CFB248-LeaderElection16] INFO  ratis.XceiverServerRatis (XceiverServerRatis.java:handleLeaderChangedNotification(905)) - Leader change notification received for group: group-D12AE3CFB248 with new leaderId: 3a64110f-54c2-4b73-a080-ae850dd54c39
2023-02-16 16:34:08,690 [3a64110f-54c2-4b73-a080-ae850dd54c39@group-D12AE3CFB248-LeaderElection16] INFO  server.RaftServer$Division (ServerState.java:setLeader(313)) - 3a64110f-54c2-4b73-a080-ae850dd54c39@group-D12AE3CFB248: change Leader from null to 3a64110f-54c2-4b73-a080-ae850dd54c39 at term 1 for becomeLeader, leader elected after 5482ms
2023-02-16 16:34:08,690 [3a64110f-54c2-4b73-a080-ae850dd54c39@group-D12AE3CFB248-LeaderElection16] INFO  server.RaftServerConfigKeys (ConfUtils.java:logGet(46)) - raft.server.staging.catchup.gap = 1000 (default)
2023-02-16 16:34:08,690 [3a64110f-54c2-4b73-a080-ae850dd54c39@group-D12AE3CFB248-LeaderElection16] INFO  server.RaftServerConfigKeys (ConfUtils.java:logGet(46)) - raft.server.write.element-limit = 1024 (custom)
2023-02-16 16:34:08,690 [3a64110f-54c2-4b73-a080-ae850dd54c39@group-D12AE3CFB248-LeaderElection16] INFO  server.RaftServerConfigKeys (ConfUtils.java:logGet(46)) - raft.server.write.byte-limit = 1024 M (=1073741824) (custom)
2023-02-16 16:34:08,691 [3a64110f-54c2-4b73-a080-ae850dd54c39@group-D12AE3CFB248-LeaderElection16] INFO  server.RaftServerConfigKeys (ConfUtils.java:logGet(46)) - raft.server.watch.timeout = 180s (custom)
2023-02-16 16:34:08,691 [3a64110f-54c2-4b73-a080-ae850dd54c39@group-D12AE3CFB248-LeaderElection16] INFO  server.RaftServerConfigKeys (ConfUtils.java:logGet(46)) - raft.server.watch.timeout.denomination = 1s (default)
2023-02-16 16:34:08,691 [3a64110f-54c2-4b73-a080-ae850dd54c39@group-D12AE3CFB248-LeaderElection16] INFO  server.RaftServerConfigKeys (ConfUtils.java:logGet(46)) - raft.server.watch.element-limit = 65536 (default)
2023-02-16 16:34:08,691 [3a64110f-54c2-4b73-a080-ae850dd54c39@group-D12AE3CFB248-LeaderElection16] INFO  server.RaftServerConfigKeys (ConfUtils.java:logGet(46)) - raft.server.write.element-limit = 1024 (custom)
2023-02-16 16:34:08,691 [3a64110f-54c2-4b73-a080-ae850dd54c39@group-D12AE3CFB248-LeaderElection16] INFO  server.RaftServerConfigKeys (ConfUtils.java:logGet(46)) - raft.server.write.follower.gap.ratio.max = -1.0 (default)
2023-02-16 16:34:08,691 [3a64110f-54c2-4b73-a080-ae850dd54c39@group-D12AE3CFB248-LeaderElection16] INFO  impl.RoleInfo (RoleInfo.java:updateAndGet(139)) - 3a64110f-54c2-4b73-a080-ae850dd54c39: start 3a64110f-54c2-4b73-a080-ae850dd54c39@group-D12AE3CFB248-LeaderStateImpl
2023-02-16 16:34:08,691 [3a64110f-54c2-4b73-a080-ae850dd54c39@group-D12AE3CFB248-LeaderElection16] INFO  segmented.SegmentedRaftLogWorker (SegmentedRaftLogWorker.java:startLogSegment(452)) - 3a64110f-54c2-4b73-a080-ae850dd54c39@group-D12AE3CFB248-SegmentedRaftLogWorker: Starting segment from index:0
2023-02-16 16:34:08,691 [3a64110f-54c2-4b73-a080-ae850dd54c39@group-D12AE3CFB248-LeaderElection16] INFO  server.RaftServer$Division (ServerState.java:setRaftConf(430)) - 3a64110f-54c2-4b73-a080-ae850dd54c39@group-D12AE3CFB248: set configuration 0: peers:[3a64110f-54c2-4b73-a080-ae850dd54c39|rpc:10.1.0.66:40245|dataStream:10.1.0.66:41821|priority:1|startupRole:FOLLOWER]|listeners:[], old=null
2023-02-16 16:34:08,692 [3a64110f-54c2-4b73-a080-ae850dd54c39@group-D12AE3CFB248-SegmentedRaftLogWorker] INFO  segmented.SegmentedRaftLogWorker (SegmentedRaftLogWorker.java:execute(656)) - 3a64110f-54c2-4b73-a080-ae850dd54c39@group-D12AE3CFB248-SegmentedRaftLogWorker: created new log segment /home/runner/work/ozone/ozone/hadoop-ozone/integration-test/target/test-dir/MiniOzoneClusterImpl-34b8c8ad-1b7a-4f1a-91f5-8cb1859b150b/datanode-4/data/ratis/96a1f44d-05c9-44f5-a2ce-d12ae3cfb248/current/log_inprogress_0
16:34:09.865 [IPC Server handler 12 on default port 46781] ERROR OMAudit - user=runner | ip=127.0.0.1 | op=GET_FILE_STATUS {volume=volume76608, bucket=bucket25283, key=.Trash/runner/Current/testKey2, dataSize=0, replicationConfig=null} | ret=FAILURE
org.apache.hadoop.ozone.om.exceptions.OMException: Unable to get file status: volume: volume76608 bucket: bucket25283 key: .Trash/runner/Current/testKey2
	at org.apache.hadoop.ozone.om.KeyManagerImpl.getOzoneFileStatus(KeyManagerImpl.java:1162) ~[ozone-manager-1.4.0-SNAPSHOT.jar:?]
	at org.apache.hadoop.ozone.om.KeyManagerImpl.getFileStatus(KeyManagerImpl.java:1080) ~[ozone-manager-1.4.0-SNAPSHOT.jar:?]
	at org.apache.hadoop.ozone.om.OmMetadataReader.getFileStatus(OmMetadataReader.java:288) ~[ozone-manager-1.4.0-SNAPSHOT.jar:?]
	at org.apache.hadoop.ozone.om.OzoneManager.getFileStatus(OzoneManager.java:3450) ~[ozone-manager-1.4.0-SNAPSHOT.jar:?]
	at org.apache.hadoop.ozone.protocolPB.OzoneManagerRequestHandler.getOzoneFileStatus(OzoneManagerRequestHandler.java:933) ~[ozone-manager-1.4.0-SNAPSHOT.jar:?]
	at org.apache.hadoop.ozone.protocolPB.OzoneManagerRequestHandler.handleReadRequest(OzoneManagerRequestHandler.java:238) ~[ozone-manager-1.4.0-SNAPSHOT.jar:?]
	at org.apache.hadoop.ozone.protocolPB.OzoneManagerProtocolServerSideTranslatorPB.submitRequestDirectlyToOM(OzoneManagerProtocolServerSideTranslatorPB.java:271) ~[ozone-manager-1.4.0-SNAPSHOT.jar:?]
	at org.apache.hadoop.ozone.protocolPB.OzoneManagerProtocolServerSideTranslatorPB.processRequest(OzoneManagerProtocolServerSideTranslatorPB.java:173) ~[ozone-manager-1.4.0-SNAPSHOT.jar:?]
	at org.apache.hadoop.hdds.server.OzoneProtocolMessageDispatcher.processRequest(OzoneProtocolMessageDispatcher.java:87) [hdds-server-framework-1.4.0-SNAPSHOT.jar:?]
	at org.apache.hadoop.ozone.protocolPB.OzoneManagerProtocolServerSideTranslatorPB.submitRequest(OzoneManagerProtocolServerSideTranslatorPB.java:147) [ozone-manager-1.4.0-SNAPSHOT.jar:?]
	at org.apache.hadoop.ozone.protocol.proto.OzoneManagerProtocolProtos$OzoneManagerService$2.callBlockingMethod(OzoneManagerProtocolProtos.java) [ozone-interface-client-1.4.0-SNAPSHOT.jar:?]
	at org.apache.hadoop.ipc.ProtobufRpcEngine$Server.processCall(ProtobufRpcEngine.java:465) [hadoop-common-3.3.4.jar:?]
	at org.apache.hadoop.ipc.ProtobufRpcEngine2$Server$ProtoBufRpcInvoker.call(ProtobufRpcEngine2.java:578) [hadoop-common-3.3.4.jar:?]
	at org.apache.hadoop.ipc.ProtobufRpcEngine2$Server$ProtoBufRpcInvoker.call(ProtobufRpcEngine2.java:556) [hadoop-common-3.3.4.jar:?]
	at org.apache.hadoop.ipc.RPC$Server.call(RPC.java:1093) [hadoop-common-3.3.4.jar:?]
	at org.apache.hadoop.ipc.Server$RpcCall.run(Server.java:1043) [hadoop-common-3.3.4.jar:?]
	at org.apache.hadoop.ipc.Server$RpcCall.run(Server.java:971) [hadoop-common-3.3.4.jar:?]
	at java.security.AccessController.doPrivileged(Native Method) ~[?:1.8.0_362]
	at javax.security.auth.Subject.doAs(Subject.java:422) [?:1.8.0_362]
	at org.apache.hadoop.security.UserGroupInformation.doAs(UserGroupInformation.java:1878) [hadoop-common-3.3.4.jar:?]
	at org.apache.hadoop.ipc.Server$Handler.run(Server.java:2976) [hadoop-common-3.3.4.jar:?]
]]></system-out>
  </testcase>
  <testcase name="testTrash" classname="TestOzoneFileSystem" time="4.021">
    <system-out><![CDATA[2023-02-16 16:34:56,017 [OM StateMachine ApplyTransaction Thread - 0] INFO  key.OMKeyRequest (OMKeyRequest.java:wrapUncommittedBlocksAsPseudoKey(837)) - Detect allocated but uncommitted blocks [{blockID={containerID=3, localID=111677748019200006}, length=4194304, offset=0, token=null, pipeline=null, createVersion=0, partNumber=0}] in key testKey2.
16:34:56.019 [IPC Server handler 8 on default port 44851] ERROR OMAudit - user=runner | ip=127.0.0.1 | op=GET_FILE_STATUS {volume=volume35667, bucket=bucket27185, key=.Trash/runner/Current/testKey2, dataSize=0, replicationConfig=null} | ret=FAILURE
org.apache.hadoop.ozone.om.exceptions.OMException: Unable to get file status: volume: volume35667 bucket: bucket27185 key: .Trash/runner/Current/testKey2
	at org.apache.hadoop.ozone.om.KeyManagerImpl.getOzoneFileStatus(KeyManagerImpl.java:1162) ~[ozone-manager-1.4.0-SNAPSHOT.jar:?]
	at org.apache.hadoop.ozone.om.KeyManagerImpl.getFileStatus(KeyManagerImpl.java:1080) ~[ozone-manager-1.4.0-SNAPSHOT.jar:?]
	at org.apache.hadoop.ozone.om.OmMetadataReader.getFileStatus(OmMetadataReader.java:288) ~[ozone-manager-1.4.0-SNAPSHOT.jar:?]
	at org.apache.hadoop.ozone.om.OzoneManager.getFileStatus(OzoneManager.java:3450) ~[ozone-manager-1.4.0-SNAPSHOT.jar:?]
	at org.apache.hadoop.ozone.protocolPB.OzoneManagerRequestHandler.getOzoneFileStatus(OzoneManagerRequestHandler.java:933) ~[ozone-manager-1.4.0-SNAPSHOT.jar:?]
	at org.apache.hadoop.ozone.protocolPB.OzoneManagerRequestHandler.handleReadRequest(OzoneManagerRequestHandler.java:238) ~[ozone-manager-1.4.0-SNAPSHOT.jar:?]
	at org.apache.hadoop.ozone.protocolPB.OzoneManagerProtocolServerSideTranslatorPB.submitReadRequestToOM(OzoneManagerProtocolServerSideTranslatorPB.java:223) ~[ozone-manager-1.4.0-SNAPSHOT.jar:?]
	at org.apache.hadoop.ozone.protocolPB.OzoneManagerProtocolServerSideTranslatorPB.processRequest(OzoneManagerProtocolServerSideTranslatorPB.java:177) ~[ozone-manager-1.4.0-SNAPSHOT.jar:?]
	at org.apache.hadoop.hdds.server.OzoneProtocolMessageDispatcher.processRequest(OzoneProtocolMessageDispatcher.java:87) [hdds-server-framework-1.4.0-SNAPSHOT.jar:?]
	at org.apache.hadoop.ozone.protocolPB.OzoneManagerProtocolServerSideTranslatorPB.submitRequest(OzoneManagerProtocolServerSideTranslatorPB.java:147) [ozone-manager-1.4.0-SNAPSHOT.jar:?]
	at org.apache.hadoop.ozone.protocol.proto.OzoneManagerProtocolProtos$OzoneManagerService$2.callBlockingMethod(OzoneManagerProtocolProtos.java) [ozone-interface-client-1.4.0-SNAPSHOT.jar:?]
	at org.apache.hadoop.ipc.ProtobufRpcEngine$Server.processCall(ProtobufRpcEngine.java:465) [hadoop-common-3.3.4.jar:?]
	at org.apache.hadoop.ipc.ProtobufRpcEngine2$Server$ProtoBufRpcInvoker.call(ProtobufRpcEngine2.java:578) [hadoop-common-3.3.4.jar:?]
	at org.apache.hadoop.ipc.ProtobufRpcEngine2$Server$ProtoBufRpcInvoker.call(ProtobufRpcEngine2.java:556) [hadoop-common-3.3.4.jar:?]
	at org.apache.hadoop.ipc.RPC$Server.call(RPC.java:1093) [hadoop-common-3.3.4.jar:?]
	at org.apache.hadoop.ipc.Server$RpcCall.run(Server.java:1043) [hadoop-common-3.3.4.jar:?]
	at org.apache.hadoop.ipc.Server$RpcCall.run(Server.java:971) [hadoop-common-3.3.4.jar:?]
	at java.security.AccessController.doPrivileged(Native Method) ~[?:1.8.0_362]
	at javax.security.auth.Subject.doAs(Subject.java:422) [?:1.8.0_362]
	at org.apache.hadoop.security.UserGroupInformation.doAs(UserGroupInformation.java:1878) [hadoop-common-3.3.4.jar:?]
	at org.apache.hadoop.ipc.Server$Handler.run(Server.java:2976) [hadoop-common-3.3.4.jar:?]
16:34:56.020 [IPC Server handler 10 on default port 44851] ERROR OMAudit - user=runner | ip=127.0.0.1 | op=GET_FILE_STATUS {volume=volume35667, bucket=bucket27185, key=.Trash/runner/Current/testKey2, dataSize=0, replicationConfig=null} | ret=FAILURE
org.apache.hadoop.ozone.om.exceptions.OMException: Unable to get file status: volume: volume35667 bucket: bucket27185 key: .Trash/runner/Current/testKey2
	at org.apache.hadoop.ozone.om.KeyManagerImpl.getOzoneFileStatus(KeyManagerImpl.java:1162) ~[ozone-manager-1.4.0-SNAPSHOT.jar:?]
	at org.apache.hadoop.ozone.om.KeyManagerImpl.getFileStatus(KeyManagerImpl.java:1080) ~[ozone-manager-1.4.0-SNAPSHOT.jar:?]
	at org.apache.hadoop.ozone.om.OmMetadataReader.getFileStatus(OmMetadataReader.java:288) ~[ozone-manager-1.4.0-SNAPSHOT.jar:?]
	at org.apache.hadoop.ozone.om.OzoneManager.getFileStatus(OzoneManager.java:3450) ~[ozone-manager-1.4.0-SNAPSHOT.jar:?]
	at org.apache.hadoop.ozone.protocolPB.OzoneManagerRequestHandler.getOzoneFileStatus(OzoneManagerRequestHandler.java:933) ~[ozone-manager-1.4.0-SNAPSHOT.jar:?]
	at org.apache.hadoop.ozone.protocolPB.OzoneManagerRequestHandler.handleReadRequest(OzoneManagerRequestHandler.java:238) ~[ozone-manager-1.4.0-SNAPSHOT.jar:?]
	at org.apache.hadoop.ozone.protocolPB.OzoneManagerProtocolServerSideTranslatorPB.submitReadRequestToOM(OzoneManagerProtocolServerSideTranslatorPB.java:223) ~[ozone-manager-1.4.0-SNAPSHOT.jar:?]
	at org.apache.hadoop.ozone.protocolPB.OzoneManagerProtocolServerSideTranslatorPB.processRequest(OzoneManagerProtocolServerSideTranslatorPB.java:177) ~[ozone-manager-1.4.0-SNAPSHOT.jar:?]
	at org.apache.hadoop.hdds.server.OzoneProtocolMessageDispatcher.processRequest(OzoneProtocolMessageDispatcher.java:87) [hdds-server-framework-1.4.0-SNAPSHOT.jar:?]
	at org.apache.hadoop.ozone.protocolPB.OzoneManagerProtocolServerSideTranslatorPB.submitRequest(OzoneManagerProtocolServerSideTranslatorPB.java:147) [ozone-manager-1.4.0-SNAPSHOT.jar:?]
	at org.apache.hadoop.ozone.protocol.proto.OzoneManagerProtocolProtos$OzoneManagerService$2.callBlockingMethod(OzoneManagerProtocolProtos.java) [ozone-interface-client-1.4.0-SNAPSHOT.jar:?]
	at org.apache.hadoop.ipc.ProtobufRpcEngine$Server.processCall(ProtobufRpcEngine.java:465) [hadoop-common-3.3.4.jar:?]
	at org.apache.hadoop.ipc.ProtobufRpcEngine2$Server$ProtoBufRpcInvoker.call(ProtobufRpcEngine2.java:578) [hadoop-common-3.3.4.jar:?]
	at org.apache.hadoop.ipc.ProtobufRpcEngine2$Server$ProtoBufRpcInvoker.call(ProtobufRpcEngine2.java:556) [hadoop-common-3.3.4.jar:?]
	at org.apache.hadoop.ipc.RPC$Server.call(RPC.java:1093) [hadoop-common-3.3.4.jar:?]
	at org.apache.hadoop.ipc.Server$RpcCall.run(Server.java:1043) [hadoop-common-3.3.4.jar:?]
	at org.apache.hadoop.ipc.Server$RpcCall.run(Server.java:971) [hadoop-common-3.3.4.jar:?]
	at java.security.AccessController.doPrivileged(Native Method) ~[?:1.8.0_362]
	at javax.security.auth.Subject.doAs(Subject.java:422) [?:1.8.0_362]
	at org.apache.hadoop.security.UserGroupInformation.doAs(UserGroupInformation.java:1878) [hadoop-common-3.3.4.jar:?]
	at org.apache.hadoop.ipc.Server$Handler.run(Server.java:2976) [hadoop-common-3.3.4.jar:?]
2023-02-16 16:34:56,023 [Time-limited test] INFO  om.TrashPolicyOzone (TrashPolicyOzone.java:moveToTrash(209)) - Moved: '/testKey2' to trash at: /.Trash/runner/Current/testKey2
2023-02-16 16:34:56,029 [388d0101-376a-4ddf-936e-ac8688256993@group-E77D9DF572D6-FollowerState] INFO  impl.FollowerState (FollowerState.java:run(143)) - 388d0101-376a-4ddf-936e-ac8688256993@group-E77D9DF572D6-FollowerState: change to CANDIDATE, lastRpcElapsedTime:5119031221ns, electionTimeout:5118ms
2023-02-16 16:34:56,029 [388d0101-376a-4ddf-936e-ac8688256993@group-E77D9DF572D6-FollowerState] INFO  impl.RoleInfo (RoleInfo.java:shutdownFollowerState(110)) - 388d0101-376a-4ddf-936e-ac8688256993: shutdown 388d0101-376a-4ddf-936e-ac8688256993@group-E77D9DF572D6-FollowerState
2023-02-16 16:34:56,029 [388d0101-376a-4ddf-936e-ac8688256993@group-E77D9DF572D6-FollowerState] INFO  server.RaftServer$Division (RaftServerImpl.java:setRole(321)) - 388d0101-376a-4ddf-936e-ac8688256993@group-E77D9DF572D6: changes role from  FOLLOWER to CANDIDATE at term 0 for changeToCandidate
2023-02-16 16:34:56,029 [388d0101-376a-4ddf-936e-ac8688256993@group-E77D9DF572D6-FollowerState] INFO  server.RaftServerConfigKeys (ConfUtils.java:logGet(46)) - raft.server.leaderelection.pre-vote = true (default)
2023-02-16 16:34:56,029 [388d0101-376a-4ddf-936e-ac8688256993@group-E77D9DF572D6-FollowerState] INFO  impl.RoleInfo (RoleInfo.java:updateAndGet(139)) - 388d0101-376a-4ddf-936e-ac8688256993: start 388d0101-376a-4ddf-936e-ac8688256993@group-E77D9DF572D6-LeaderElection24
2023-02-16 16:34:56,033 [388d0101-376a-4ddf-936e-ac8688256993@group-E77D9DF572D6-LeaderElection24] INFO  impl.LeaderElection (LeaderElection.java:askForVotes(312)) - 388d0101-376a-4ddf-936e-ac8688256993@group-E77D9DF572D6-LeaderElection24 PRE_VOTE round 0: submit vote requests at term 0 for -1: peers:[388d0101-376a-4ddf-936e-ac8688256993|rpc:10.1.0.66:44897|dataStream:10.1.0.66:40527|priority:1|startupRole:FOLLOWER]|listeners:[], old=null
2023-02-16 16:34:56,033 [388d0101-376a-4ddf-936e-ac8688256993@group-E77D9DF572D6-LeaderElection24] INFO  impl.LeaderElection (LeaderElection.java:askForVotes(314)) - 388d0101-376a-4ddf-936e-ac8688256993@group-E77D9DF572D6-LeaderElection24 PRE_VOTE round 0: result PASSED (term=0)
2023-02-16 16:34:56,034 [388d0101-376a-4ddf-936e-ac8688256993@group-E77D9DF572D6-LeaderElection24] INFO  impl.LeaderElection (LeaderElection.java:askForVotes(312)) - 388d0101-376a-4ddf-936e-ac8688256993@group-E77D9DF572D6-LeaderElection24 ELECTION round 0: submit vote requests at term 1 for -1: peers:[388d0101-376a-4ddf-936e-ac8688256993|rpc:10.1.0.66:44897|dataStream:10.1.0.66:40527|priority:1|startupRole:FOLLOWER]|listeners:[], old=null
2023-02-16 16:34:56,034 [388d0101-376a-4ddf-936e-ac8688256993@group-E77D9DF572D6-LeaderElection24] INFO  impl.LeaderElection (LeaderElection.java:askForVotes(314)) - 388d0101-376a-4ddf-936e-ac8688256993@group-E77D9DF572D6-LeaderElection24 ELECTION round 0: result PASSED (term=1)
2023-02-16 16:34:56,034 [388d0101-376a-4ddf-936e-ac8688256993@group-E77D9DF572D6-LeaderElection24] INFO  impl.RoleInfo (RoleInfo.java:shutdownLeaderElection(130)) - 388d0101-376a-4ddf-936e-ac8688256993: shutdown 388d0101-376a-4ddf-936e-ac8688256993@group-E77D9DF572D6-LeaderElection24
2023-02-16 16:34:56,034 [388d0101-376a-4ddf-936e-ac8688256993@group-E77D9DF572D6-LeaderElection24] INFO  server.RaftServer$Division (RaftServerImpl.java:setRole(321)) - 388d0101-376a-4ddf-936e-ac8688256993@group-E77D9DF572D6: changes role from CANDIDATE to LEADER at term 1 for changeToLeader
2023-02-16 16:34:56,034 [388d0101-376a-4ddf-936e-ac8688256993@group-E77D9DF572D6-LeaderElection24] INFO  ratis.XceiverServerRatis (XceiverServerRatis.java:handleLeaderChangedNotification(905)) - Leader change notification received for group: group-E77D9DF572D6 with new leaderId: 388d0101-376a-4ddf-936e-ac8688256993
2023-02-16 16:34:56,035 [388d0101-376a-4ddf-936e-ac8688256993@group-E77D9DF572D6-LeaderElection24] INFO  server.RaftServer$Division (ServerState.java:setLeader(313)) - 388d0101-376a-4ddf-936e-ac8688256993@group-E77D9DF572D6: change Leader from null to 388d0101-376a-4ddf-936e-ac8688256993 at term 1 for becomeLeader, leader elected after 5137ms
2023-02-16 16:34:56,035 [388d0101-376a-4ddf-936e-ac8688256993@group-E77D9DF572D6-LeaderElection24] INFO  server.RaftServerConfigKeys (ConfUtils.java:logGet(46)) - raft.server.staging.catchup.gap = 1000 (default)
2023-02-16 16:34:56,035 [388d0101-376a-4ddf-936e-ac8688256993@group-E77D9DF572D6-LeaderElection24] INFO  server.RaftServerConfigKeys (ConfUtils.java:logGet(46)) - raft.server.write.element-limit = 1024 (custom)
2023-02-16 16:34:56,035 [388d0101-376a-4ddf-936e-ac8688256993@group-E77D9DF572D6-LeaderElection24] INFO  server.RaftServerConfigKeys (ConfUtils.java:logGet(46)) - raft.server.write.byte-limit = 1024 M (=1073741824) (custom)
2023-02-16 16:34:56,035 [388d0101-376a-4ddf-936e-ac8688256993@group-E77D9DF572D6-LeaderElection24] INFO  server.RaftServerConfigKeys (ConfUtils.java:logGet(46)) - raft.server.watch.timeout = 180s (custom)
2023-02-16 16:34:56,036 [388d0101-376a-4ddf-936e-ac8688256993@group-E77D9DF572D6-LeaderElection24] INFO  server.RaftServerConfigKeys (ConfUtils.java:logGet(46)) - raft.server.watch.timeout.denomination = 1s (default)
2023-02-16 16:34:56,036 [388d0101-376a-4ddf-936e-ac8688256993@group-E77D9DF572D6-LeaderElection24] INFO  server.RaftServerConfigKeys (ConfUtils.java:logGet(46)) - raft.server.watch.element-limit = 65536 (default)
2023-02-16 16:34:56,036 [388d0101-376a-4ddf-936e-ac8688256993@group-E77D9DF572D6-LeaderElection24] INFO  server.RaftServerConfigKeys (ConfUtils.java:logGet(46)) - raft.server.write.element-limit = 1024 (custom)
2023-02-16 16:34:56,036 [388d0101-376a-4ddf-936e-ac8688256993@group-E77D9DF572D6-LeaderElection24] INFO  server.RaftServerConfigKeys (ConfUtils.java:logGet(46)) - raft.server.write.follower.gap.ratio.max = -1.0 (default)
2023-02-16 16:34:56,036 [388d0101-376a-4ddf-936e-ac8688256993@group-E77D9DF572D6-LeaderElection24] INFO  impl.RoleInfo (RoleInfo.java:updateAndGet(139)) - 388d0101-376a-4ddf-936e-ac8688256993: start 388d0101-376a-4ddf-936e-ac8688256993@group-E77D9DF572D6-LeaderStateImpl
2023-02-16 16:34:56,036 [388d0101-376a-4ddf-936e-ac8688256993@group-E77D9DF572D6-LeaderElection24] INFO  segmented.SegmentedRaftLogWorker (SegmentedRaftLogWorker.java:startLogSegment(452)) - 388d0101-376a-4ddf-936e-ac8688256993@group-E77D9DF572D6-SegmentedRaftLogWorker: Starting segment from index:0
2023-02-16 16:34:56,039 [388d0101-376a-4ddf-936e-ac8688256993@group-E77D9DF572D6-LeaderElection24] INFO  server.RaftServer$Division (ServerState.java:setRaftConf(430)) - 388d0101-376a-4ddf-936e-ac8688256993@group-E77D9DF572D6: set configuration 0: peers:[388d0101-376a-4ddf-936e-ac8688256993|rpc:10.1.0.66:44897|dataStream:10.1.0.66:40527|priority:1|startupRole:FOLLOWER]|listeners:[], old=null
2023-02-16 16:34:56,040 [388d0101-376a-4ddf-936e-ac8688256993@group-E77D9DF572D6-SegmentedRaftLogWorker] INFO  segmented.SegmentedRaftLogWorker (SegmentedRaftLogWorker.java:execute(656)) - 388d0101-376a-4ddf-936e-ac8688256993@group-E77D9DF572D6-SegmentedRaftLogWorker: created new log segment /home/runner/work/ozone/ozone/hadoop-ozone/integration-test/target/test-dir/MiniOzoneClusterImpl-d88fc665-df07-433e-a21c-a919abf7322c/datanode-3/data/ratis/df3ee5c9-ab92-40b7-a44a-e77d9df572d6/current/log_inprogress_0
2023-02-16 16:34:56,409 [f7941fd0-d868-43e3-a82b-129e07895457@group-D6BB8E541D6F-FollowerState] INFO  impl.FollowerState (FollowerState.java:run(143)) - f7941fd0-d868-43e3-a82b-129e07895457@group-D6BB8E541D6F-FollowerState: change to CANDIDATE, lastRpcElapsedTime:5071019690ns, electionTimeout:5070ms
2023-02-16 16:34:56,409 [f7941fd0-d868-43e3-a82b-129e07895457@group-D6BB8E541D6F-FollowerState] INFO  impl.RoleInfo (RoleInfo.java:shutdownFollowerState(110)) - f7941fd0-d868-43e3-a82b-129e07895457: shutdown f7941fd0-d868-43e3-a82b-129e07895457@group-D6BB8E541D6F-FollowerState
2023-02-16 16:34:56,409 [f7941fd0-d868-43e3-a82b-129e07895457@group-D6BB8E541D6F-FollowerState] INFO  server.RaftServer$Division (RaftServerImpl.java:setRole(321)) - f7941fd0-d868-43e3-a82b-129e07895457@group-D6BB8E541D6F: changes role from  FOLLOWER to CANDIDATE at term 0 for changeToCandidate
2023-02-16 16:34:56,409 [f7941fd0-d868-43e3-a82b-129e07895457@group-D6BB8E541D6F-FollowerState] INFO  server.RaftServerConfigKeys (ConfUtils.java:logGet(46)) - raft.server.leaderelection.pre-vote = true (default)
2023-02-16 16:34:56,409 [f7941fd0-d868-43e3-a82b-129e07895457@group-D6BB8E541D6F-FollowerState] INFO  impl.RoleInfo (RoleInfo.java:updateAndGet(139)) - f7941fd0-d868-43e3-a82b-129e07895457: start f7941fd0-d868-43e3-a82b-129e07895457@group-D6BB8E541D6F-LeaderElection25
2023-02-16 16:34:56,412 [f7941fd0-d868-43e3-a82b-129e07895457@group-D6BB8E541D6F-LeaderElection25] INFO  impl.LeaderElection (LeaderElection.java:askForVotes(312)) - f7941fd0-d868-43e3-a82b-129e07895457@group-D6BB8E541D6F-LeaderElection25 PRE_VOTE round 0: submit vote requests at term 0 for -1: peers:[f7941fd0-d868-43e3-a82b-129e07895457|rpc:10.1.0.66:35191|dataStream:10.1.0.66:34661|priority:1|startupRole:FOLLOWER]|listeners:[], old=null
2023-02-16 16:34:56,412 [f7941fd0-d868-43e3-a82b-129e07895457@group-D6BB8E541D6F-LeaderElection25] INFO  impl.LeaderElection (LeaderElection.java:askForVotes(314)) - f7941fd0-d868-43e3-a82b-129e07895457@group-D6BB8E541D6F-LeaderElection25 PRE_VOTE round 0: result PASSED (term=0)
2023-02-16 16:34:56,414 [f7941fd0-d868-43e3-a82b-129e07895457@group-D6BB8E541D6F-LeaderElection25] INFO  impl.LeaderElection (LeaderElection.java:askForVotes(312)) - f7941fd0-d868-43e3-a82b-129e07895457@group-D6BB8E541D6F-LeaderElection25 ELECTION round 0: submit vote requests at term 1 for -1: peers:[f7941fd0-d868-43e3-a82b-129e07895457|rpc:10.1.0.66:35191|dataStream:10.1.0.66:34661|priority:1|startupRole:FOLLOWER]|listeners:[], old=null
2023-02-16 16:34:56,414 [f7941fd0-d868-43e3-a82b-129e07895457@group-D6BB8E541D6F-LeaderElection25] INFO  impl.LeaderElection (LeaderElection.java:askForVotes(314)) - f7941fd0-d868-43e3-a82b-129e07895457@group-D6BB8E541D6F-LeaderElection25 ELECTION round 0: result PASSED (term=1)
2023-02-16 16:34:56,414 [f7941fd0-d868-43e3-a82b-129e07895457@group-D6BB8E541D6F-LeaderElection25] INFO  impl.RoleInfo (RoleInfo.java:shutdownLeaderElection(130)) - f7941fd0-d868-43e3-a82b-129e07895457: shutdown f7941fd0-d868-43e3-a82b-129e07895457@group-D6BB8E541D6F-LeaderElection25
2023-02-16 16:34:56,414 [f7941fd0-d868-43e3-a82b-129e07895457@group-D6BB8E541D6F-LeaderElection25] INFO  server.RaftServer$Division (RaftServerImpl.java:setRole(321)) - f7941fd0-d868-43e3-a82b-129e07895457@group-D6BB8E541D6F: changes role from CANDIDATE to LEADER at term 1 for changeToLeader
2023-02-16 16:34:56,414 [f7941fd0-d868-43e3-a82b-129e07895457@group-D6BB8E541D6F-LeaderElection25] INFO  ratis.XceiverServerRatis (XceiverServerRatis.java:handleLeaderChangedNotification(905)) - Leader change notification received for group: group-D6BB8E541D6F with new leaderId: f7941fd0-d868-43e3-a82b-129e07895457
2023-02-16 16:34:56,414 [f7941fd0-d868-43e3-a82b-129e07895457@group-D6BB8E541D6F-LeaderElection25] INFO  server.RaftServer$Division (ServerState.java:setLeader(313)) - f7941fd0-d868-43e3-a82b-129e07895457@group-D6BB8E541D6F: change Leader from null to f7941fd0-d868-43e3-a82b-129e07895457 at term 1 for becomeLeader, leader elected after 5086ms
2023-02-16 16:34:56,414 [f7941fd0-d868-43e3-a82b-129e07895457@group-D6BB8E541D6F-LeaderElection25] INFO  server.RaftServerConfigKeys (ConfUtils.java:logGet(46)) - raft.server.staging.catchup.gap = 1000 (default)
2023-02-16 16:34:56,414 [f7941fd0-d868-43e3-a82b-129e07895457@group-D6BB8E541D6F-LeaderElection25] INFO  server.RaftServerConfigKeys (ConfUtils.java:logGet(46)) - raft.server.write.element-limit = 1024 (custom)
2023-02-16 16:34:56,414 [f7941fd0-d868-43e3-a82b-129e07895457@group-D6BB8E541D6F-LeaderElection25] INFO  server.RaftServerConfigKeys (ConfUtils.java:logGet(46)) - raft.server.write.byte-limit = 1024 M (=1073741824) (custom)
2023-02-16 16:34:56,415 [f7941fd0-d868-43e3-a82b-129e07895457@group-D6BB8E541D6F-LeaderElection25] INFO  server.RaftServerConfigKeys (ConfUtils.java:logGet(46)) - raft.server.watch.timeout = 180s (custom)
2023-02-16 16:34:56,415 [f7941fd0-d868-43e3-a82b-129e07895457@group-D6BB8E541D6F-LeaderElection25] INFO  server.RaftServerConfigKeys (ConfUtils.java:logGet(46)) - raft.server.watch.timeout.denomination = 1s (default)
2023-02-16 16:34:56,415 [f7941fd0-d868-43e3-a82b-129e07895457@group-D6BB8E541D6F-LeaderElection25] INFO  server.RaftServerConfigKeys (ConfUtils.java:logGet(46)) - raft.server.watch.element-limit = 65536 (default)
2023-02-16 16:34:56,415 [f7941fd0-d868-43e3-a82b-129e07895457@group-D6BB8E541D6F-LeaderElection25] INFO  server.RaftServerConfigKeys (ConfUtils.java:logGet(46)) - raft.server.write.element-limit = 1024 (custom)
2023-02-16 16:34:56,415 [f7941fd0-d868-43e3-a82b-129e07895457@group-D6BB8E541D6F-LeaderElection25] INFO  server.RaftServerConfigKeys (ConfUtils.java:logGet(46)) - raft.server.write.follower.gap.ratio.max = -1.0 (default)
2023-02-16 16:34:56,415 [f7941fd0-d868-43e3-a82b-129e07895457@group-D6BB8E541D6F-LeaderElection25] INFO  impl.RoleInfo (RoleInfo.java:updateAndGet(139)) - f7941fd0-d868-43e3-a82b-129e07895457: start f7941fd0-d868-43e3-a82b-129e07895457@group-D6BB8E541D6F-LeaderStateImpl
2023-02-16 16:34:56,415 [f7941fd0-d868-43e3-a82b-129e07895457@group-D6BB8E541D6F-LeaderElection25] INFO  segmented.SegmentedRaftLogWorker (SegmentedRaftLogWorker.java:startLogSegment(452)) - f7941fd0-d868-43e3-a82b-129e07895457@group-D6BB8E541D6F-SegmentedRaftLogWorker: Starting segment from index:0
2023-02-16 16:34:56,423 [f7941fd0-d868-43e3-a82b-129e07895457@group-D6BB8E541D6F-LeaderElection25] INFO  server.RaftServer$Division (ServerState.java:setRaftConf(430)) - f7941fd0-d868-43e3-a82b-129e07895457@group-D6BB8E541D6F: set configuration 0: peers:[f7941fd0-d868-43e3-a82b-129e07895457|rpc:10.1.0.66:35191|dataStream:10.1.0.66:34661|priority:1|startupRole:FOLLOWER]|listeners:[], old=null
2023-02-16 16:34:56,423 [f7941fd0-d868-43e3-a82b-129e07895457@group-D6BB8E541D6F-SegmentedRaftLogWorker] INFO  segmented.SegmentedRaftLogWorker (SegmentedRaftLogWorker.java:execute(656)) - f7941fd0-d868-43e3-a82b-129e07895457@group-D6BB8E541D6F-SegmentedRaftLogWorker: created new log segment /home/runner/work/ozone/ozone/hadoop-ozone/integration-test/target/test-dir/MiniOzoneClusterImpl-d88fc665-df07-433e-a21c-a919abf7322c/datanode-4/data/ratis/8d1bae44-053a-4e99-ac84-d6bb8e541d6f/current/log_inprogress_0
16:34:57.024 [IPC Server handler 12 on default port 44851] ERROR OMAudit - user=runner | ip=127.0.0.1 | op=GET_FILE_STATUS {volume=volume35667, bucket=bucket27185, key=.Trash/runner/Current/testKey2, dataSize=0, replicationConfig=null} | ret=FAILURE
org.apache.hadoop.ozone.om.exceptions.OMException: Unable to get file status: volume: volume35667 bucket: bucket27185 key: .Trash/runner/Current/testKey2
	at org.apache.hadoop.ozone.om.KeyManagerImpl.getOzoneFileStatus(KeyManagerImpl.java:1162) ~[ozone-manager-1.4.0-SNAPSHOT.jar:?]
	at org.apache.hadoop.ozone.om.KeyManagerImpl.getFileStatus(KeyManagerImpl.java:1080) ~[ozone-manager-1.4.0-SNAPSHOT.jar:?]
	at org.apache.hadoop.ozone.om.OmMetadataReader.getFileStatus(OmMetadataReader.java:288) ~[ozone-manager-1.4.0-SNAPSHOT.jar:?]
	at org.apache.hadoop.ozone.om.OzoneManager.getFileStatus(OzoneManager.java:3450) ~[ozone-manager-1.4.0-SNAPSHOT.jar:?]
	at org.apache.hadoop.ozone.protocolPB.OzoneManagerRequestHandler.getOzoneFileStatus(OzoneManagerRequestHandler.java:933) ~[ozone-manager-1.4.0-SNAPSHOT.jar:?]
	at org.apache.hadoop.ozone.protocolPB.OzoneManagerRequestHandler.handleReadRequest(OzoneManagerRequestHandler.java:238) ~[ozone-manager-1.4.0-SNAPSHOT.jar:?]
	at org.apache.hadoop.ozone.protocolPB.OzoneManagerProtocolServerSideTranslatorPB.submitReadRequestToOM(OzoneManagerProtocolServerSideTranslatorPB.java:223) ~[ozone-manager-1.4.0-SNAPSHOT.jar:?]
	at org.apache.hadoop.ozone.protocolPB.OzoneManagerProtocolServerSideTranslatorPB.processRequest(OzoneManagerProtocolServerSideTranslatorPB.java:177) ~[ozone-manager-1.4.0-SNAPSHOT.jar:?]
	at org.apache.hadoop.hdds.server.OzoneProtocolMessageDispatcher.processRequest(OzoneProtocolMessageDispatcher.java:87) [hdds-server-framework-1.4.0-SNAPSHOT.jar:?]
	at org.apache.hadoop.ozone.protocolPB.OzoneManagerProtocolServerSideTranslatorPB.submitRequest(OzoneManagerProtocolServerSideTranslatorPB.java:147) [ozone-manager-1.4.0-SNAPSHOT.jar:?]
	at org.apache.hadoop.ozone.protocol.proto.OzoneManagerProtocolProtos$OzoneManagerService$2.callBlockingMethod(OzoneManagerProtocolProtos.java) [ozone-interface-client-1.4.0-SNAPSHOT.jar:?]
	at org.apache.hadoop.ipc.ProtobufRpcEngine$Server.processCall(ProtobufRpcEngine.java:465) [hadoop-common-3.3.4.jar:?]
	at org.apache.hadoop.ipc.ProtobufRpcEngine2$Server$ProtoBufRpcInvoker.call(ProtobufRpcEngine2.java:578) [hadoop-common-3.3.4.jar:?]
	at org.apache.hadoop.ipc.ProtobufRpcEngine2$Server$ProtoBufRpcInvoker.call(ProtobufRpcEngine2.java:556) [hadoop-common-3.3.4.jar:?]
	at org.apache.hadoop.ipc.RPC$Server.call(RPC.java:1093) [hadoop-common-3.3.4.jar:?]
	at org.apache.hadoop.ipc.Server$RpcCall.run(Server.java:1043) [hadoop-common-3.3.4.jar:?]
	at org.apache.hadoop.ipc.Server$RpcCall.run(Server.java:971) [hadoop-common-3.3.4.jar:?]
	at java.security.AccessController.doPrivileged(Native Method) ~[?:1.8.0_362]
	at javax.security.auth.Subject.doAs(Subject.java:422) [?:1.8.0_362]
	at org.apache.hadoop.security.UserGroupInformation.doAs(UserGroupInformation.java:1878) [hadoop-common-3.3.4.jar:?]
	at org.apache.hadoop.ipc.Server$Handler.run(Server.java:2976) [hadoop-common-3.3.4.jar:?]
]]></system-out>
  </testcase>
  <testcase name="testTrash" classname="TestOzoneFileSystem" time="4.015">
    <system-out><![CDATA[2023-02-16 16:35:47,074 [IPC Server handler 16 on default port 38619] INFO  key.OMKeyRequest (OMKeyRequest.java:wrapUncommittedBlocksAsPseudoKey(837)) - Detect allocated but uncommitted blocks [{blockID={containerID=4, localID=111677748019200006}, length=4194304, offset=0, token=null, pipeline=null, createVersion=0, partNumber=0}] in key testKey2.
16:35:47.076 [IPC Server handler 19 on default port 38619] ERROR OMAudit - user=runner | ip=127.0.0.1 | op=GET_FILE_STATUS {volume=volume78724, bucket=bucket78568, key=.Trash/runner/Current/testKey2, dataSize=0, replicationConfig=null} | ret=FAILURE
org.apache.hadoop.ozone.om.exceptions.OMException: Unable to get file status: volume: volume78724 bucket: bucket78568 key: .Trash/runner/Current/testKey2
	at org.apache.hadoop.ozone.om.KeyManagerImpl.getOzoneFileStatus(KeyManagerImpl.java:1162) ~[ozone-manager-1.4.0-SNAPSHOT.jar:?]
	at org.apache.hadoop.ozone.om.KeyManagerImpl.getFileStatus(KeyManagerImpl.java:1080) ~[ozone-manager-1.4.0-SNAPSHOT.jar:?]
	at org.apache.hadoop.ozone.om.OmMetadataReader.getFileStatus(OmMetadataReader.java:288) ~[ozone-manager-1.4.0-SNAPSHOT.jar:?]
	at org.apache.hadoop.ozone.om.OzoneManager.getFileStatus(OzoneManager.java:3450) ~[ozone-manager-1.4.0-SNAPSHOT.jar:?]
	at org.apache.hadoop.ozone.protocolPB.OzoneManagerRequestHandler.getOzoneFileStatus(OzoneManagerRequestHandler.java:933) ~[ozone-manager-1.4.0-SNAPSHOT.jar:?]
	at org.apache.hadoop.ozone.protocolPB.OzoneManagerRequestHandler.handleReadRequest(OzoneManagerRequestHandler.java:238) ~[ozone-manager-1.4.0-SNAPSHOT.jar:?]
	at org.apache.hadoop.ozone.protocolPB.OzoneManagerProtocolServerSideTranslatorPB.submitRequestDirectlyToOM(OzoneManagerProtocolServerSideTranslatorPB.java:271) ~[ozone-manager-1.4.0-SNAPSHOT.jar:?]
	at org.apache.hadoop.ozone.protocolPB.OzoneManagerProtocolServerSideTranslatorPB.processRequest(OzoneManagerProtocolServerSideTranslatorPB.java:173) ~[ozone-manager-1.4.0-SNAPSHOT.jar:?]
	at org.apache.hadoop.hdds.server.OzoneProtocolMessageDispatcher.processRequest(OzoneProtocolMessageDispatcher.java:87) [hdds-server-framework-1.4.0-SNAPSHOT.jar:?]
	at org.apache.hadoop.ozone.protocolPB.OzoneManagerProtocolServerSideTranslatorPB.submitRequest(OzoneManagerProtocolServerSideTranslatorPB.java:147) [ozone-manager-1.4.0-SNAPSHOT.jar:?]
	at org.apache.hadoop.ozone.protocol.proto.OzoneManagerProtocolProtos$OzoneManagerService$2.callBlockingMethod(OzoneManagerProtocolProtos.java) [ozone-interface-client-1.4.0-SNAPSHOT.jar:?]
	at org.apache.hadoop.ipc.ProtobufRpcEngine$Server.processCall(ProtobufRpcEngine.java:465) [hadoop-common-3.3.4.jar:?]
	at org.apache.hadoop.ipc.ProtobufRpcEngine2$Server$ProtoBufRpcInvoker.call(ProtobufRpcEngine2.java:578) [hadoop-common-3.3.4.jar:?]
	at org.apache.hadoop.ipc.ProtobufRpcEngine2$Server$ProtoBufRpcInvoker.call(ProtobufRpcEngine2.java:556) [hadoop-common-3.3.4.jar:?]
	at org.apache.hadoop.ipc.RPC$Server.call(RPC.java:1093) [hadoop-common-3.3.4.jar:?]
	at org.apache.hadoop.ipc.Server$RpcCall.run(Server.java:1043) [hadoop-common-3.3.4.jar:?]
	at org.apache.hadoop.ipc.Server$RpcCall.run(Server.java:971) [hadoop-common-3.3.4.jar:?]
	at java.security.AccessController.doPrivileged(Native Method) ~[?:1.8.0_362]
	at javax.security.auth.Subject.doAs(Subject.java:422) [?:1.8.0_362]
	at org.apache.hadoop.security.UserGroupInformation.doAs(UserGroupInformation.java:1878) [hadoop-common-3.3.4.jar:?]
	at org.apache.hadoop.ipc.Server$Handler.run(Server.java:2976) [hadoop-common-3.3.4.jar:?]
16:35:47.076 [IPC Server handler 1 on default port 38619] ERROR OMAudit - user=runner | ip=127.0.0.1 | op=GET_FILE_STATUS {volume=volume78724, bucket=bucket78568, key=.Trash/runner/Current/testKey2, dataSize=0, replicationConfig=null} | ret=FAILURE
org.apache.hadoop.ozone.om.exceptions.OMException: Unable to get file status: volume: volume78724 bucket: bucket78568 key: .Trash/runner/Current/testKey2
	at org.apache.hadoop.ozone.om.KeyManagerImpl.getOzoneFileStatus(KeyManagerImpl.java:1162) ~[ozone-manager-1.4.0-SNAPSHOT.jar:?]
	at org.apache.hadoop.ozone.om.KeyManagerImpl.getFileStatus(KeyManagerImpl.java:1080) ~[ozone-manager-1.4.0-SNAPSHOT.jar:?]
	at org.apache.hadoop.ozone.om.OmMetadataReader.getFileStatus(OmMetadataReader.java:288) ~[ozone-manager-1.4.0-SNAPSHOT.jar:?]
	at org.apache.hadoop.ozone.om.OzoneManager.getFileStatus(OzoneManager.java:3450) ~[ozone-manager-1.4.0-SNAPSHOT.jar:?]
	at org.apache.hadoop.ozone.protocolPB.OzoneManagerRequestHandler.getOzoneFileStatus(OzoneManagerRequestHandler.java:933) ~[ozone-manager-1.4.0-SNAPSHOT.jar:?]
	at org.apache.hadoop.ozone.protocolPB.OzoneManagerRequestHandler.handleReadRequest(OzoneManagerRequestHandler.java:238) ~[ozone-manager-1.4.0-SNAPSHOT.jar:?]
	at org.apache.hadoop.ozone.protocolPB.OzoneManagerProtocolServerSideTranslatorPB.submitRequestDirectlyToOM(OzoneManagerProtocolServerSideTranslatorPB.java:271) ~[ozone-manager-1.4.0-SNAPSHOT.jar:?]
	at org.apache.hadoop.ozone.protocolPB.OzoneManagerProtocolServerSideTranslatorPB.processRequest(OzoneManagerProtocolServerSideTranslatorPB.java:173) ~[ozone-manager-1.4.0-SNAPSHOT.jar:?]
	at org.apache.hadoop.hdds.server.OzoneProtocolMessageDispatcher.processRequest(OzoneProtocolMessageDispatcher.java:87) [hdds-server-framework-1.4.0-SNAPSHOT.jar:?]
	at org.apache.hadoop.ozone.protocolPB.OzoneManagerProtocolServerSideTranslatorPB.submitRequest(OzoneManagerProtocolServerSideTranslatorPB.java:147) [ozone-manager-1.4.0-SNAPSHOT.jar:?]
	at org.apache.hadoop.ozone.protocol.proto.OzoneManagerProtocolProtos$OzoneManagerService$2.callBlockingMethod(OzoneManagerProtocolProtos.java) [ozone-interface-client-1.4.0-SNAPSHOT.jar:?]
	at org.apache.hadoop.ipc.ProtobufRpcEngine$Server.processCall(ProtobufRpcEngine.java:465) [hadoop-common-3.3.4.jar:?]
	at org.apache.hadoop.ipc.ProtobufRpcEngine2$Server$ProtoBufRpcInvoker.call(ProtobufRpcEngine2.java:578) [hadoop-common-3.3.4.jar:?]
	at org.apache.hadoop.ipc.ProtobufRpcEngine2$Server$ProtoBufRpcInvoker.call(ProtobufRpcEngine2.java:556) [hadoop-common-3.3.4.jar:?]
	at org.apache.hadoop.ipc.RPC$Server.call(RPC.java:1093) [hadoop-common-3.3.4.jar:?]
	at org.apache.hadoop.ipc.Server$RpcCall.run(Server.java:1043) [hadoop-common-3.3.4.jar:?]
	at org.apache.hadoop.ipc.Server$RpcCall.run(Server.java:971) [hadoop-common-3.3.4.jar:?]
	at java.security.AccessController.doPrivileged(Native Method) ~[?:1.8.0_362]
	at javax.security.auth.Subject.doAs(Subject.java:422) [?:1.8.0_362]
	at org.apache.hadoop.security.UserGroupInformation.doAs(UserGroupInformation.java:1878) [hadoop-common-3.3.4.jar:?]
	at org.apache.hadoop.ipc.Server$Handler.run(Server.java:2976) [hadoop-common-3.3.4.jar:?]
2023-02-16 16:35:47,078 [Time-limited test] INFO  om.TrashPolicyOzone (TrashPolicyOzone.java:moveToTrash(209)) - Moved: '/testKey2' to trash at: /.Trash/runner/Current/testKey2
2023-02-16 16:35:47,334 [00740072-767d-495a-9267-65b6e3e6d7e7@group-33EA1F0FA0AF-FollowerState] INFO  impl.FollowerState (FollowerState.java:run(143)) - 00740072-767d-495a-9267-65b6e3e6d7e7@group-33EA1F0FA0AF-FollowerState: change to CANDIDATE, lastRpcElapsedTime:5132409498ns, electionTimeout:5132ms
2023-02-16 16:35:47,334 [00740072-767d-495a-9267-65b6e3e6d7e7@group-33EA1F0FA0AF-FollowerState] INFO  impl.RoleInfo (RoleInfo.java:shutdownFollowerState(110)) - 00740072-767d-495a-9267-65b6e3e6d7e7: shutdown 00740072-767d-495a-9267-65b6e3e6d7e7@group-33EA1F0FA0AF-FollowerState
2023-02-16 16:35:47,334 [00740072-767d-495a-9267-65b6e3e6d7e7@group-33EA1F0FA0AF-FollowerState] INFO  server.RaftServer$Division (RaftServerImpl.java:setRole(321)) - 00740072-767d-495a-9267-65b6e3e6d7e7@group-33EA1F0FA0AF: changes role from  FOLLOWER to CANDIDATE at term 0 for changeToCandidate
2023-02-16 16:35:47,334 [00740072-767d-495a-9267-65b6e3e6d7e7@group-33EA1F0FA0AF-FollowerState] INFO  server.RaftServerConfigKeys (ConfUtils.java:logGet(46)) - raft.server.leaderelection.pre-vote = true (default)
2023-02-16 16:35:47,334 [00740072-767d-495a-9267-65b6e3e6d7e7@group-33EA1F0FA0AF-FollowerState] INFO  impl.RoleInfo (RoleInfo.java:updateAndGet(139)) - 00740072-767d-495a-9267-65b6e3e6d7e7: start 00740072-767d-495a-9267-65b6e3e6d7e7@group-33EA1F0FA0AF-LeaderElection31
2023-02-16 16:35:47,336 [00740072-767d-495a-9267-65b6e3e6d7e7@group-33EA1F0FA0AF-LeaderElection31] INFO  impl.LeaderElection (LeaderElection.java:askForVotes(312)) - 00740072-767d-495a-9267-65b6e3e6d7e7@group-33EA1F0FA0AF-LeaderElection31 PRE_VOTE round 0: submit vote requests at term 0 for -1: peers:[00740072-767d-495a-9267-65b6e3e6d7e7|rpc:10.1.0.66:43221|dataStream:10.1.0.66:35451|priority:1|startupRole:FOLLOWER]|listeners:[], old=null
2023-02-16 16:35:47,337 [00740072-767d-495a-9267-65b6e3e6d7e7@group-33EA1F0FA0AF-LeaderElection31] INFO  impl.LeaderElection (LeaderElection.java:askForVotes(314)) - 00740072-767d-495a-9267-65b6e3e6d7e7@group-33EA1F0FA0AF-LeaderElection31 PRE_VOTE round 0: result PASSED (term=0)
2023-02-16 16:35:47,338 [00740072-767d-495a-9267-65b6e3e6d7e7@group-33EA1F0FA0AF-LeaderElection31] INFO  impl.LeaderElection (LeaderElection.java:askForVotes(312)) - 00740072-767d-495a-9267-65b6e3e6d7e7@group-33EA1F0FA0AF-LeaderElection31 ELECTION round 0: submit vote requests at term 1 for -1: peers:[00740072-767d-495a-9267-65b6e3e6d7e7|rpc:10.1.0.66:43221|dataStream:10.1.0.66:35451|priority:1|startupRole:FOLLOWER]|listeners:[], old=null
2023-02-16 16:35:47,338 [00740072-767d-495a-9267-65b6e3e6d7e7@group-33EA1F0FA0AF-LeaderElection31] INFO  impl.LeaderElection (LeaderElection.java:askForVotes(314)) - 00740072-767d-495a-9267-65b6e3e6d7e7@group-33EA1F0FA0AF-LeaderElection31 ELECTION round 0: result PASSED (term=1)
2023-02-16 16:35:47,338 [00740072-767d-495a-9267-65b6e3e6d7e7@group-33EA1F0FA0AF-LeaderElection31] INFO  impl.RoleInfo (RoleInfo.java:shutdownLeaderElection(130)) - 00740072-767d-495a-9267-65b6e3e6d7e7: shutdown 00740072-767d-495a-9267-65b6e3e6d7e7@group-33EA1F0FA0AF-LeaderElection31
2023-02-16 16:35:47,338 [00740072-767d-495a-9267-65b6e3e6d7e7@group-33EA1F0FA0AF-LeaderElection31] INFO  server.RaftServer$Division (RaftServerImpl.java:setRole(321)) - 00740072-767d-495a-9267-65b6e3e6d7e7@group-33EA1F0FA0AF: changes role from CANDIDATE to LEADER at term 1 for changeToLeader
2023-02-16 16:35:47,338 [00740072-767d-495a-9267-65b6e3e6d7e7@group-33EA1F0FA0AF-LeaderElection31] INFO  ratis.XceiverServerRatis (XceiverServerRatis.java:handleLeaderChangedNotification(905)) - Leader change notification received for group: group-33EA1F0FA0AF with new leaderId: 00740072-767d-495a-9267-65b6e3e6d7e7
2023-02-16 16:35:47,339 [00740072-767d-495a-9267-65b6e3e6d7e7@group-33EA1F0FA0AF-LeaderElection31] INFO  server.RaftServer$Division (ServerState.java:setLeader(313)) - 00740072-767d-495a-9267-65b6e3e6d7e7@group-33EA1F0FA0AF: change Leader from null to 00740072-767d-495a-9267-65b6e3e6d7e7 at term 1 for becomeLeader, leader elected after 5146ms
2023-02-16 16:35:47,339 [00740072-767d-495a-9267-65b6e3e6d7e7@group-33EA1F0FA0AF-LeaderElection31] INFO  server.RaftServerConfigKeys (ConfUtils.java:logGet(46)) - raft.server.staging.catchup.gap = 1000 (default)
2023-02-16 16:35:47,339 [00740072-767d-495a-9267-65b6e3e6d7e7@group-33EA1F0FA0AF-LeaderElection31] INFO  server.RaftServerConfigKeys (ConfUtils.java:logGet(46)) - raft.server.write.element-limit = 1024 (custom)
2023-02-16 16:35:47,339 [00740072-767d-495a-9267-65b6e3e6d7e7@group-33EA1F0FA0AF-LeaderElection31] INFO  server.RaftServerConfigKeys (ConfUtils.java:logGet(46)) - raft.server.write.byte-limit = 1024 M (=1073741824) (custom)
2023-02-16 16:35:47,339 [00740072-767d-495a-9267-65b6e3e6d7e7@group-33EA1F0FA0AF-LeaderElection31] INFO  server.RaftServerConfigKeys (ConfUtils.java:logGet(46)) - raft.server.watch.timeout = 180s (custom)
2023-02-16 16:35:47,339 [00740072-767d-495a-9267-65b6e3e6d7e7@group-33EA1F0FA0AF-LeaderElection31] INFO  server.RaftServerConfigKeys (ConfUtils.java:logGet(46)) - raft.server.watch.timeout.denomination = 1s (default)
2023-02-16 16:35:47,339 [00740072-767d-495a-9267-65b6e3e6d7e7@group-33EA1F0FA0AF-LeaderElection31] INFO  server.RaftServerConfigKeys (ConfUtils.java:logGet(46)) - raft.server.watch.element-limit = 65536 (default)
2023-02-16 16:35:47,339 [00740072-767d-495a-9267-65b6e3e6d7e7@group-33EA1F0FA0AF-LeaderElection31] INFO  server.RaftServerConfigKeys (ConfUtils.java:logGet(46)) - raft.server.write.element-limit = 1024 (custom)
2023-02-16 16:35:47,339 [00740072-767d-495a-9267-65b6e3e6d7e7@group-33EA1F0FA0AF-LeaderElection31] INFO  server.RaftServerConfigKeys (ConfUtils.java:logGet(46)) - raft.server.write.follower.gap.ratio.max = -1.0 (default)
2023-02-16 16:35:47,340 [00740072-767d-495a-9267-65b6e3e6d7e7@group-33EA1F0FA0AF-LeaderElection31] INFO  impl.RoleInfo (RoleInfo.java:updateAndGet(139)) - 00740072-767d-495a-9267-65b6e3e6d7e7: start 00740072-767d-495a-9267-65b6e3e6d7e7@group-33EA1F0FA0AF-LeaderStateImpl
2023-02-16 16:35:47,340 [00740072-767d-495a-9267-65b6e3e6d7e7@group-33EA1F0FA0AF-LeaderElection31] INFO  segmented.SegmentedRaftLogWorker (SegmentedRaftLogWorker.java:startLogSegment(452)) - 00740072-767d-495a-9267-65b6e3e6d7e7@group-33EA1F0FA0AF-SegmentedRaftLogWorker: Starting segment from index:0
2023-02-16 16:35:47,341 [00740072-767d-495a-9267-65b6e3e6d7e7@group-33EA1F0FA0AF-LeaderElection31] INFO  server.RaftServer$Division (ServerState.java:setRaftConf(430)) - 00740072-767d-495a-9267-65b6e3e6d7e7@group-33EA1F0FA0AF: set configuration 0: peers:[00740072-767d-495a-9267-65b6e3e6d7e7|rpc:10.1.0.66:43221|dataStream:10.1.0.66:35451|priority:1|startupRole:FOLLOWER]|listeners:[], old=null
2023-02-16 16:35:47,341 [00740072-767d-495a-9267-65b6e3e6d7e7@group-33EA1F0FA0AF-SegmentedRaftLogWorker] INFO  segmented.SegmentedRaftLogWorker (SegmentedRaftLogWorker.java:execute(656)) - 00740072-767d-495a-9267-65b6e3e6d7e7@group-33EA1F0FA0AF-SegmentedRaftLogWorker: created new log segment /home/runner/work/ozone/ozone/hadoop-ozone/integration-test/target/test-dir/MiniOzoneClusterImpl-b3d396d2-53dd-4e8c-be8e-68e1d9cb948b/datanode-3/data/ratis/e4d9cd4a-7bbe-4c1c-98b6-33ea1f0fa0af/current/log_inprogress_0
2023-02-16 16:35:47,740 [8ad86b55-446a-4cc0-ba4d-2b14b834a930@group-69F2294C1413-FollowerState] INFO  impl.FollowerState (FollowerState.java:run(143)) - 8ad86b55-446a-4cc0-ba4d-2b14b834a930@group-69F2294C1413-FollowerState: change to CANDIDATE, lastRpcElapsedTime:5169424834ns, electionTimeout:5169ms
2023-02-16 16:35:47,740 [8ad86b55-446a-4cc0-ba4d-2b14b834a930@group-69F2294C1413-FollowerState] INFO  impl.RoleInfo (RoleInfo.java:shutdownFollowerState(110)) - 8ad86b55-446a-4cc0-ba4d-2b14b834a930: shutdown 8ad86b55-446a-4cc0-ba4d-2b14b834a930@group-69F2294C1413-FollowerState
2023-02-16 16:35:47,740 [8ad86b55-446a-4cc0-ba4d-2b14b834a930@group-69F2294C1413-FollowerState] INFO  server.RaftServer$Division (RaftServerImpl.java:setRole(321)) - 8ad86b55-446a-4cc0-ba4d-2b14b834a930@group-69F2294C1413: changes role from  FOLLOWER to CANDIDATE at term 0 for changeToCandidate
2023-02-16 16:35:47,740 [8ad86b55-446a-4cc0-ba4d-2b14b834a930@group-69F2294C1413-FollowerState] INFO  server.RaftServerConfigKeys (ConfUtils.java:logGet(46)) - raft.server.leaderelection.pre-vote = true (default)
2023-02-16 16:35:47,740 [8ad86b55-446a-4cc0-ba4d-2b14b834a930@group-69F2294C1413-FollowerState] INFO  impl.RoleInfo (RoleInfo.java:updateAndGet(139)) - 8ad86b55-446a-4cc0-ba4d-2b14b834a930: start 8ad86b55-446a-4cc0-ba4d-2b14b834a930@group-69F2294C1413-LeaderElection32
2023-02-16 16:35:47,742 [8ad86b55-446a-4cc0-ba4d-2b14b834a930@group-69F2294C1413-LeaderElection32] INFO  impl.LeaderElection (LeaderElection.java:askForVotes(312)) - 8ad86b55-446a-4cc0-ba4d-2b14b834a930@group-69F2294C1413-LeaderElection32 PRE_VOTE round 0: submit vote requests at term 0 for -1: peers:[8ad86b55-446a-4cc0-ba4d-2b14b834a930|rpc:10.1.0.66:35695|dataStream:10.1.0.66:46291|priority:1|startupRole:FOLLOWER]|listeners:[], old=null
2023-02-16 16:35:47,742 [8ad86b55-446a-4cc0-ba4d-2b14b834a930@group-69F2294C1413-LeaderElection32] INFO  impl.LeaderElection (LeaderElection.java:askForVotes(314)) - 8ad86b55-446a-4cc0-ba4d-2b14b834a930@group-69F2294C1413-LeaderElection32 PRE_VOTE round 0: result PASSED (term=0)
2023-02-16 16:35:47,744 [8ad86b55-446a-4cc0-ba4d-2b14b834a930@group-69F2294C1413-LeaderElection32] INFO  impl.LeaderElection (LeaderElection.java:askForVotes(312)) - 8ad86b55-446a-4cc0-ba4d-2b14b834a930@group-69F2294C1413-LeaderElection32 ELECTION round 0: submit vote requests at term 1 for -1: peers:[8ad86b55-446a-4cc0-ba4d-2b14b834a930|rpc:10.1.0.66:35695|dataStream:10.1.0.66:46291|priority:1|startupRole:FOLLOWER]|listeners:[], old=null
2023-02-16 16:35:47,744 [8ad86b55-446a-4cc0-ba4d-2b14b834a930@group-69F2294C1413-LeaderElection32] INFO  impl.LeaderElection (LeaderElection.java:askForVotes(314)) - 8ad86b55-446a-4cc0-ba4d-2b14b834a930@group-69F2294C1413-LeaderElection32 ELECTION round 0: result PASSED (term=1)
2023-02-16 16:35:47,744 [8ad86b55-446a-4cc0-ba4d-2b14b834a930@group-69F2294C1413-LeaderElection32] INFO  impl.RoleInfo (RoleInfo.java:shutdownLeaderElection(130)) - 8ad86b55-446a-4cc0-ba4d-2b14b834a930: shutdown 8ad86b55-446a-4cc0-ba4d-2b14b834a930@group-69F2294C1413-LeaderElection32
2023-02-16 16:35:47,744 [8ad86b55-446a-4cc0-ba4d-2b14b834a930@group-69F2294C1413-LeaderElection32] INFO  server.RaftServer$Division (RaftServerImpl.java:setRole(321)) - 8ad86b55-446a-4cc0-ba4d-2b14b834a930@group-69F2294C1413: changes role from CANDIDATE to LEADER at term 1 for changeToLeader
2023-02-16 16:35:47,744 [8ad86b55-446a-4cc0-ba4d-2b14b834a930@group-69F2294C1413-LeaderElection32] INFO  ratis.XceiverServerRatis (XceiverServerRatis.java:handleLeaderChangedNotification(905)) - Leader change notification received for group: group-69F2294C1413 with new leaderId: 8ad86b55-446a-4cc0-ba4d-2b14b834a930
2023-02-16 16:35:47,744 [8ad86b55-446a-4cc0-ba4d-2b14b834a930@group-69F2294C1413-LeaderElection32] INFO  server.RaftServer$Division (ServerState.java:setLeader(313)) - 8ad86b55-446a-4cc0-ba4d-2b14b834a930@group-69F2294C1413: change Leader from null to 8ad86b55-446a-4cc0-ba4d-2b14b834a930 at term 1 for becomeLeader, leader elected after 5185ms
2023-02-16 16:35:47,744 [8ad86b55-446a-4cc0-ba4d-2b14b834a930@group-69F2294C1413-LeaderElection32] INFO  server.RaftServerConfigKeys (ConfUtils.java:logGet(46)) - raft.server.staging.catchup.gap = 1000 (default)
2023-02-16 16:35:47,745 [8ad86b55-446a-4cc0-ba4d-2b14b834a930@group-69F2294C1413-LeaderElection32] INFO  server.RaftServerConfigKeys (ConfUtils.java:logGet(46)) - raft.server.write.element-limit = 1024 (custom)
2023-02-16 16:35:47,745 [8ad86b55-446a-4cc0-ba4d-2b14b834a930@group-69F2294C1413-LeaderElection32] INFO  server.RaftServerConfigKeys (ConfUtils.java:logGet(46)) - raft.server.write.byte-limit = 1024 M (=1073741824) (custom)
2023-02-16 16:35:47,745 [8ad86b55-446a-4cc0-ba4d-2b14b834a930@group-69F2294C1413-LeaderElection32] INFO  server.RaftServerConfigKeys (ConfUtils.java:logGet(46)) - raft.server.watch.timeout = 180s (custom)
2023-02-16 16:35:47,745 [8ad86b55-446a-4cc0-ba4d-2b14b834a930@group-69F2294C1413-LeaderElection32] INFO  server.RaftServerConfigKeys (ConfUtils.java:logGet(46)) - raft.server.watch.timeout.denomination = 1s (default)
2023-02-16 16:35:47,745 [8ad86b55-446a-4cc0-ba4d-2b14b834a930@group-69F2294C1413-LeaderElection32] INFO  server.RaftServerConfigKeys (ConfUtils.java:logGet(46)) - raft.server.watch.element-limit = 65536 (default)
2023-02-16 16:35:47,745 [8ad86b55-446a-4cc0-ba4d-2b14b834a930@group-69F2294C1413-LeaderElection32] INFO  server.RaftServerConfigKeys (ConfUtils.java:logGet(46)) - raft.server.write.element-limit = 1024 (custom)
2023-02-16 16:35:47,745 [8ad86b55-446a-4cc0-ba4d-2b14b834a930@group-69F2294C1413-LeaderElection32] INFO  server.RaftServerConfigKeys (ConfUtils.java:logGet(46)) - raft.server.write.follower.gap.ratio.max = -1.0 (default)
2023-02-16 16:35:47,745 [8ad86b55-446a-4cc0-ba4d-2b14b834a930@group-69F2294C1413-LeaderElection32] INFO  impl.RoleInfo (RoleInfo.java:updateAndGet(139)) - 8ad86b55-446a-4cc0-ba4d-2b14b834a930: start 8ad86b55-446a-4cc0-ba4d-2b14b834a930@group-69F2294C1413-LeaderStateImpl
2023-02-16 16:35:47,745 [8ad86b55-446a-4cc0-ba4d-2b14b834a930@group-69F2294C1413-LeaderElection32] INFO  segmented.SegmentedRaftLogWorker (SegmentedRaftLogWorker.java:startLogSegment(452)) - 8ad86b55-446a-4cc0-ba4d-2b14b834a930@group-69F2294C1413-SegmentedRaftLogWorker: Starting segment from index:0
2023-02-16 16:35:47,746 [8ad86b55-446a-4cc0-ba4d-2b14b834a930@group-69F2294C1413-LeaderElection32] INFO  server.RaftServer$Division (ServerState.java:setRaftConf(430)) - 8ad86b55-446a-4cc0-ba4d-2b14b834a930@group-69F2294C1413: set configuration 0: peers:[8ad86b55-446a-4cc0-ba4d-2b14b834a930|rpc:10.1.0.66:35695|dataStream:10.1.0.66:46291|priority:1|startupRole:FOLLOWER]|listeners:[], old=null
2023-02-16 16:35:47,747 [8ad86b55-446a-4cc0-ba4d-2b14b834a930@group-69F2294C1413-SegmentedRaftLogWorker] INFO  segmented.SegmentedRaftLogWorker (SegmentedRaftLogWorker.java:execute(656)) - 8ad86b55-446a-4cc0-ba4d-2b14b834a930@group-69F2294C1413-SegmentedRaftLogWorker: created new log segment /home/runner/work/ozone/ozone/hadoop-ozone/integration-test/target/test-dir/MiniOzoneClusterImpl-b3d396d2-53dd-4e8c-be8e-68e1d9cb948b/datanode-4/data/ratis/b2faecaa-55ac-477a-8ca8-69f2294c1413/current/log_inprogress_0
16:35:48.079 [IPC Server handler 7 on default port 38619] ERROR OMAudit - user=runner | ip=127.0.0.1 | op=GET_FILE_STATUS {volume=volume78724, bucket=bucket78568, key=.Trash/runner/Current/testKey2, dataSize=0, replicationConfig=null} | ret=FAILURE
org.apache.hadoop.ozone.om.exceptions.OMException: Unable to get file status: volume: volume78724 bucket: bucket78568 key: .Trash/runner/Current/testKey2
	at org.apache.hadoop.ozone.om.KeyManagerImpl.getOzoneFileStatus(KeyManagerImpl.java:1162) ~[ozone-manager-1.4.0-SNAPSHOT.jar:?]
	at org.apache.hadoop.ozone.om.KeyManagerImpl.getFileStatus(KeyManagerImpl.java:1080) ~[ozone-manager-1.4.0-SNAPSHOT.jar:?]
	at org.apache.hadoop.ozone.om.OmMetadataReader.getFileStatus(OmMetadataReader.java:288) ~[ozone-manager-1.4.0-SNAPSHOT.jar:?]
	at org.apache.hadoop.ozone.om.OzoneManager.getFileStatus(OzoneManager.java:3450) ~[ozone-manager-1.4.0-SNAPSHOT.jar:?]
	at org.apache.hadoop.ozone.protocolPB.OzoneManagerRequestHandler.getOzoneFileStatus(OzoneManagerRequestHandler.java:933) ~[ozone-manager-1.4.0-SNAPSHOT.jar:?]
	at org.apache.hadoop.ozone.protocolPB.OzoneManagerRequestHandler.handleReadRequest(OzoneManagerRequestHandler.java:238) ~[ozone-manager-1.4.0-SNAPSHOT.jar:?]
	at org.apache.hadoop.ozone.protocolPB.OzoneManagerProtocolServerSideTranslatorPB.submitRequestDirectlyToOM(OzoneManagerProtocolServerSideTranslatorPB.java:271) ~[ozone-manager-1.4.0-SNAPSHOT.jar:?]
	at org.apache.hadoop.ozone.protocolPB.OzoneManagerProtocolServerSideTranslatorPB.processRequest(OzoneManagerProtocolServerSideTranslatorPB.java:173) ~[ozone-manager-1.4.0-SNAPSHOT.jar:?]
	at org.apache.hadoop.hdds.server.OzoneProtocolMessageDispatcher.processRequest(OzoneProtocolMessageDispatcher.java:87) [hdds-server-framework-1.4.0-SNAPSHOT.jar:?]
	at org.apache.hadoop.ozone.protocolPB.OzoneManagerProtocolServerSideTranslatorPB.submitRequest(OzoneManagerProtocolServerSideTranslatorPB.java:147) [ozone-manager-1.4.0-SNAPSHOT.jar:?]
	at org.apache.hadoop.ozone.protocol.proto.OzoneManagerProtocolProtos$OzoneManagerService$2.callBlockingMethod(OzoneManagerProtocolProtos.java) [ozone-interface-client-1.4.0-SNAPSHOT.jar:?]
	at org.apache.hadoop.ipc.ProtobufRpcEngine$Server.processCall(ProtobufRpcEngine.java:465) [hadoop-common-3.3.4.jar:?]
	at org.apache.hadoop.ipc.ProtobufRpcEngine2$Server$ProtoBufRpcInvoker.call(ProtobufRpcEngine2.java:578) [hadoop-common-3.3.4.jar:?]
	at org.apache.hadoop.ipc.ProtobufRpcEngine2$Server$ProtoBufRpcInvoker.call(ProtobufRpcEngine2.java:556) [hadoop-common-3.3.4.jar:?]
	at org.apache.hadoop.ipc.RPC$Server.call(RPC.java:1093) [hadoop-common-3.3.4.jar:?]
	at org.apache.hadoop.ipc.Server$RpcCall.run(Server.java:1043) [hadoop-common-3.3.4.jar:?]
	at org.apache.hadoop.ipc.Server$RpcCall.run(Server.java:971) [hadoop-common-3.3.4.jar:?]
	at java.security.AccessController.doPrivileged(Native Method) ~[?:1.8.0_362]
	at javax.security.auth.Subject.doAs(Subject.java:422) [?:1.8.0_362]
	at org.apache.hadoop.security.UserGroupInformation.doAs(UserGroupInformation.java:1878) [hadoop-common-3.3.4.jar:?]
	at org.apache.hadoop.ipc.Server$Handler.run(Server.java:2976) [hadoop-common-3.3.4.jar:?]
]]></system-out>
  </testcase>
  <testcase name="testRenameDestinationParentDoesntExist" classname="TestOzoneFileSystem" time="0.042">
    <system-out><![CDATA[16:33:12.566 [IPC Server handler 4 on default port 37073] ERROR OMAudit - user=runner | ip=127.0.0.1 | op=GET_FILE_STATUS {volume=volume28358, bucket=bucket39322, key=root_dir/b/c, dataSize=0, replicationConfig=null} | ret=FAILURE
org.apache.hadoop.ozone.om.exceptions.OMException: Unable to get file status: volume: volume28358 bucket: bucket39322 key: root_dir/b/c
	at org.apache.hadoop.ozone.om.KeyManagerImpl.getOzoneFileStatus(KeyManagerImpl.java:1162) ~[ozone-manager-1.4.0-SNAPSHOT.jar:?]
	at org.apache.hadoop.ozone.om.KeyManagerImpl.getFileStatus(KeyManagerImpl.java:1080) ~[ozone-manager-1.4.0-SNAPSHOT.jar:?]
	at org.apache.hadoop.ozone.om.OmMetadataReader.getFileStatus(OmMetadataReader.java:288) ~[ozone-manager-1.4.0-SNAPSHOT.jar:?]
	at org.apache.hadoop.ozone.om.OzoneManager.getFileStatus(OzoneManager.java:3450) ~[ozone-manager-1.4.0-SNAPSHOT.jar:?]
	at org.apache.hadoop.ozone.protocolPB.OzoneManagerRequestHandler.getOzoneFileStatus(OzoneManagerRequestHandler.java:933) ~[ozone-manager-1.4.0-SNAPSHOT.jar:?]
	at org.apache.hadoop.ozone.protocolPB.OzoneManagerRequestHandler.handleReadRequest(OzoneManagerRequestHandler.java:238) ~[ozone-manager-1.4.0-SNAPSHOT.jar:?]
	at org.apache.hadoop.ozone.protocolPB.OzoneManagerProtocolServerSideTranslatorPB.submitReadRequestToOM(OzoneManagerProtocolServerSideTranslatorPB.java:223) ~[ozone-manager-1.4.0-SNAPSHOT.jar:?]
	at org.apache.hadoop.ozone.protocolPB.OzoneManagerProtocolServerSideTranslatorPB.processRequest(OzoneManagerProtocolServerSideTranslatorPB.java:177) ~[ozone-manager-1.4.0-SNAPSHOT.jar:?]
	at org.apache.hadoop.hdds.server.OzoneProtocolMessageDispatcher.processRequest(OzoneProtocolMessageDispatcher.java:87) [hdds-server-framework-1.4.0-SNAPSHOT.jar:?]
	at org.apache.hadoop.ozone.protocolPB.OzoneManagerProtocolServerSideTranslatorPB.submitRequest(OzoneManagerProtocolServerSideTranslatorPB.java:147) [ozone-manager-1.4.0-SNAPSHOT.jar:?]
	at org.apache.hadoop.ozone.protocol.proto.OzoneManagerProtocolProtos$OzoneManagerService$2.callBlockingMethod(OzoneManagerProtocolProtos.java) [ozone-interface-client-1.4.0-SNAPSHOT.jar:?]
	at org.apache.hadoop.ipc.ProtobufRpcEngine$Server.processCall(ProtobufRpcEngine.java:465) [hadoop-common-3.3.4.jar:?]
	at org.apache.hadoop.ipc.ProtobufRpcEngine2$Server$ProtoBufRpcInvoker.call(ProtobufRpcEngine2.java:578) [hadoop-common-3.3.4.jar:?]
	at org.apache.hadoop.ipc.ProtobufRpcEngine2$Server$ProtoBufRpcInvoker.call(ProtobufRpcEngine2.java:556) [hadoop-common-3.3.4.jar:?]
	at org.apache.hadoop.ipc.RPC$Server.call(RPC.java:1093) [hadoop-common-3.3.4.jar:?]
	at org.apache.hadoop.ipc.Server$RpcCall.run(Server.java:1043) [hadoop-common-3.3.4.jar:?]
	at org.apache.hadoop.ipc.Server$RpcCall.run(Server.java:971) [hadoop-common-3.3.4.jar:?]
	at java.security.AccessController.doPrivileged(Native Method) ~[?:1.8.0_362]
	at javax.security.auth.Subject.doAs(Subject.java:422) [?:1.8.0_362]
	at org.apache.hadoop.security.UserGroupInformation.doAs(UserGroupInformation.java:1878) [hadoop-common-3.3.4.jar:?]
	at org.apache.hadoop.ipc.Server$Handler.run(Server.java:2976) [hadoop-common-3.3.4.jar:?]
16:33:12.567 [IPC Server handler 12 on default port 37073] ERROR OMAudit - user=runner | ip=127.0.0.1 | op=GET_FILE_STATUS {volume=volume28358, bucket=bucket39322, key=root_dir/b, dataSize=0, replicationConfig=null} | ret=FAILURE
org.apache.hadoop.ozone.om.exceptions.OMException: Unable to get file status: volume: volume28358 bucket: bucket39322 key: root_dir/b
	at org.apache.hadoop.ozone.om.KeyManagerImpl.getOzoneFileStatus(KeyManagerImpl.java:1162) ~[ozone-manager-1.4.0-SNAPSHOT.jar:?]
	at org.apache.hadoop.ozone.om.KeyManagerImpl.getFileStatus(KeyManagerImpl.java:1080) ~[ozone-manager-1.4.0-SNAPSHOT.jar:?]
	at org.apache.hadoop.ozone.om.OmMetadataReader.getFileStatus(OmMetadataReader.java:288) ~[ozone-manager-1.4.0-SNAPSHOT.jar:?]
	at org.apache.hadoop.ozone.om.OzoneManager.getFileStatus(OzoneManager.java:3450) ~[ozone-manager-1.4.0-SNAPSHOT.jar:?]
	at org.apache.hadoop.ozone.protocolPB.OzoneManagerRequestHandler.getOzoneFileStatus(OzoneManagerRequestHandler.java:933) ~[ozone-manager-1.4.0-SNAPSHOT.jar:?]
	at org.apache.hadoop.ozone.protocolPB.OzoneManagerRequestHandler.handleReadRequest(OzoneManagerRequestHandler.java:238) ~[ozone-manager-1.4.0-SNAPSHOT.jar:?]
	at org.apache.hadoop.ozone.protocolPB.OzoneManagerProtocolServerSideTranslatorPB.submitReadRequestToOM(OzoneManagerProtocolServerSideTranslatorPB.java:223) ~[ozone-manager-1.4.0-SNAPSHOT.jar:?]
	at org.apache.hadoop.ozone.protocolPB.OzoneManagerProtocolServerSideTranslatorPB.processRequest(OzoneManagerProtocolServerSideTranslatorPB.java:177) ~[ozone-manager-1.4.0-SNAPSHOT.jar:?]
	at org.apache.hadoop.hdds.server.OzoneProtocolMessageDispatcher.processRequest(OzoneProtocolMessageDispatcher.java:87) [hdds-server-framework-1.4.0-SNAPSHOT.jar:?]
	at org.apache.hadoop.ozone.protocolPB.OzoneManagerProtocolServerSideTranslatorPB.submitRequest(OzoneManagerProtocolServerSideTranslatorPB.java:147) [ozone-manager-1.4.0-SNAPSHOT.jar:?]
	at org.apache.hadoop.ozone.protocol.proto.OzoneManagerProtocolProtos$OzoneManagerService$2.callBlockingMethod(OzoneManagerProtocolProtos.java) [ozone-interface-client-1.4.0-SNAPSHOT.jar:?]
	at org.apache.hadoop.ipc.ProtobufRpcEngine$Server.processCall(ProtobufRpcEngine.java:465) [hadoop-common-3.3.4.jar:?]
	at org.apache.hadoop.ipc.ProtobufRpcEngine2$Server$ProtoBufRpcInvoker.call(ProtobufRpcEngine2.java:578) [hadoop-common-3.3.4.jar:?]
	at org.apache.hadoop.ipc.ProtobufRpcEngine2$Server$ProtoBufRpcInvoker.call(ProtobufRpcEngine2.java:556) [hadoop-common-3.3.4.jar:?]
	at org.apache.hadoop.ipc.RPC$Server.call(RPC.java:1093) [hadoop-common-3.3.4.jar:?]
	at org.apache.hadoop.ipc.Server$RpcCall.run(Server.java:1043) [hadoop-common-3.3.4.jar:?]
	at org.apache.hadoop.ipc.Server$RpcCall.run(Server.java:971) [hadoop-common-3.3.4.jar:?]
	at java.security.AccessController.doPrivileged(Native Method) ~[?:1.8.0_362]
	at javax.security.auth.Subject.doAs(Subject.java:422) [?:1.8.0_362]
	at org.apache.hadoop.security.UserGroupInformation.doAs(UserGroupInformation.java:1878) [hadoop-common-3.3.4.jar:?]
	at org.apache.hadoop.ipc.Server$Handler.run(Server.java:2976) [hadoop-common-3.3.4.jar:?]
2023-02-16 16:33:12,577 [OM StateMachine ApplyTransaction Thread - 0] INFO  key.OMKeyRequest (OMKeyRequest.java:wrapUncommittedBlocksAsPseudoKey(837)) - Detect allocated but uncommitted blocks [{blockID={containerID=4, localID=111677748019200007}, length=4194304, offset=0, token=null, pipeline=null, createVersion=0, partNumber=0}] in key root_dir/file1.
16:33:12.581 [IPC Server handler 2 on default port 37073] ERROR OMAudit - user=runner | ip=127.0.0.1 | op=GET_FILE_STATUS {volume=volume28358, bucket=bucket39322, key=root_dir/file1/c, dataSize=0, replicationConfig=null} | ret=FAILURE
org.apache.hadoop.ozone.om.exceptions.OMException: Unable to get file status: volume: volume28358 bucket: bucket39322 key: root_dir/file1/c
	at org.apache.hadoop.ozone.om.KeyManagerImpl.getOzoneFileStatus(KeyManagerImpl.java:1162) ~[ozone-manager-1.4.0-SNAPSHOT.jar:?]
	at org.apache.hadoop.ozone.om.KeyManagerImpl.getFileStatus(KeyManagerImpl.java:1080) ~[ozone-manager-1.4.0-SNAPSHOT.jar:?]
	at org.apache.hadoop.ozone.om.OmMetadataReader.getFileStatus(OmMetadataReader.java:288) ~[ozone-manager-1.4.0-SNAPSHOT.jar:?]
	at org.apache.hadoop.ozone.om.OzoneManager.getFileStatus(OzoneManager.java:3450) ~[ozone-manager-1.4.0-SNAPSHOT.jar:?]
	at org.apache.hadoop.ozone.protocolPB.OzoneManagerRequestHandler.getOzoneFileStatus(OzoneManagerRequestHandler.java:933) ~[ozone-manager-1.4.0-SNAPSHOT.jar:?]
	at org.apache.hadoop.ozone.protocolPB.OzoneManagerRequestHandler.handleReadRequest(OzoneManagerRequestHandler.java:238) ~[ozone-manager-1.4.0-SNAPSHOT.jar:?]
	at org.apache.hadoop.ozone.protocolPB.OzoneManagerProtocolServerSideTranslatorPB.submitReadRequestToOM(OzoneManagerProtocolServerSideTranslatorPB.java:223) ~[ozone-manager-1.4.0-SNAPSHOT.jar:?]
	at org.apache.hadoop.ozone.protocolPB.OzoneManagerProtocolServerSideTranslatorPB.processRequest(OzoneManagerProtocolServerSideTranslatorPB.java:177) ~[ozone-manager-1.4.0-SNAPSHOT.jar:?]
	at org.apache.hadoop.hdds.server.OzoneProtocolMessageDispatcher.processRequest(OzoneProtocolMessageDispatcher.java:87) [hdds-server-framework-1.4.0-SNAPSHOT.jar:?]
	at org.apache.hadoop.ozone.protocolPB.OzoneManagerProtocolServerSideTranslatorPB.submitRequest(OzoneManagerProtocolServerSideTranslatorPB.java:147) [ozone-manager-1.4.0-SNAPSHOT.jar:?]
	at org.apache.hadoop.ozone.protocol.proto.OzoneManagerProtocolProtos$OzoneManagerService$2.callBlockingMethod(OzoneManagerProtocolProtos.java) [ozone-interface-client-1.4.0-SNAPSHOT.jar:?]
	at org.apache.hadoop.ipc.ProtobufRpcEngine$Server.processCall(ProtobufRpcEngine.java:465) [hadoop-common-3.3.4.jar:?]
	at org.apache.hadoop.ipc.ProtobufRpcEngine2$Server$ProtoBufRpcInvoker.call(ProtobufRpcEngine2.java:578) [hadoop-common-3.3.4.jar:?]
	at org.apache.hadoop.ipc.ProtobufRpcEngine2$Server$ProtoBufRpcInvoker.call(ProtobufRpcEngine2.java:556) [hadoop-common-3.3.4.jar:?]
	at org.apache.hadoop.ipc.RPC$Server.call(RPC.java:1093) [hadoop-common-3.3.4.jar:?]
	at org.apache.hadoop.ipc.Server$RpcCall.run(Server.java:1043) [hadoop-common-3.3.4.jar:?]
	at org.apache.hadoop.ipc.Server$RpcCall.run(Server.java:971) [hadoop-common-3.3.4.jar:?]
	at java.security.AccessController.doPrivileged(Native Method) ~[?:1.8.0_362]
	at javax.security.auth.Subject.doAs(Subject.java:422) [?:1.8.0_362]
	at org.apache.hadoop.security.UserGroupInformation.doAs(UserGroupInformation.java:1878) [hadoop-common-3.3.4.jar:?]
	at org.apache.hadoop.ipc.Server$Handler.run(Server.java:2976) [hadoop-common-3.3.4.jar:?]
]]></system-out>
  </testcase>
  <testcase name="testRenameDestinationParentDoesntExist" classname="TestOzoneFileSystem" time="0.019">
    <system-out><![CDATA[16:34:12.876 [IPC Server handler 17 on default port 46781] ERROR OMAudit - user=runner | ip=127.0.0.1 | op=GET_FILE_STATUS {volume=volume76608, bucket=bucket25283, key=root_dir/b/c, dataSize=0, replicationConfig=null} | ret=FAILURE
org.apache.hadoop.ozone.om.exceptions.OMException: Unable to get file status: volume: volume76608 bucket: bucket25283 key: root_dir/b/c
	at org.apache.hadoop.ozone.om.KeyManagerImpl.getOzoneFileStatus(KeyManagerImpl.java:1162) ~[ozone-manager-1.4.0-SNAPSHOT.jar:?]
	at org.apache.hadoop.ozone.om.KeyManagerImpl.getFileStatus(KeyManagerImpl.java:1080) ~[ozone-manager-1.4.0-SNAPSHOT.jar:?]
	at org.apache.hadoop.ozone.om.OmMetadataReader.getFileStatus(OmMetadataReader.java:288) ~[ozone-manager-1.4.0-SNAPSHOT.jar:?]
	at org.apache.hadoop.ozone.om.OzoneManager.getFileStatus(OzoneManager.java:3450) ~[ozone-manager-1.4.0-SNAPSHOT.jar:?]
	at org.apache.hadoop.ozone.protocolPB.OzoneManagerRequestHandler.getOzoneFileStatus(OzoneManagerRequestHandler.java:933) ~[ozone-manager-1.4.0-SNAPSHOT.jar:?]
	at org.apache.hadoop.ozone.protocolPB.OzoneManagerRequestHandler.handleReadRequest(OzoneManagerRequestHandler.java:238) ~[ozone-manager-1.4.0-SNAPSHOT.jar:?]
	at org.apache.hadoop.ozone.protocolPB.OzoneManagerProtocolServerSideTranslatorPB.submitRequestDirectlyToOM(OzoneManagerProtocolServerSideTranslatorPB.java:271) ~[ozone-manager-1.4.0-SNAPSHOT.jar:?]
	at org.apache.hadoop.ozone.protocolPB.OzoneManagerProtocolServerSideTranslatorPB.processRequest(OzoneManagerProtocolServerSideTranslatorPB.java:173) ~[ozone-manager-1.4.0-SNAPSHOT.jar:?]
	at org.apache.hadoop.hdds.server.OzoneProtocolMessageDispatcher.processRequest(OzoneProtocolMessageDispatcher.java:87) [hdds-server-framework-1.4.0-SNAPSHOT.jar:?]
	at org.apache.hadoop.ozone.protocolPB.OzoneManagerProtocolServerSideTranslatorPB.submitRequest(OzoneManagerProtocolServerSideTranslatorPB.java:147) [ozone-manager-1.4.0-SNAPSHOT.jar:?]
	at org.apache.hadoop.ozone.protocol.proto.OzoneManagerProtocolProtos$OzoneManagerService$2.callBlockingMethod(OzoneManagerProtocolProtos.java) [ozone-interface-client-1.4.0-SNAPSHOT.jar:?]
	at org.apache.hadoop.ipc.ProtobufRpcEngine$Server.processCall(ProtobufRpcEngine.java:465) [hadoop-common-3.3.4.jar:?]
	at org.apache.hadoop.ipc.ProtobufRpcEngine2$Server$ProtoBufRpcInvoker.call(ProtobufRpcEngine2.java:578) [hadoop-common-3.3.4.jar:?]
	at org.apache.hadoop.ipc.ProtobufRpcEngine2$Server$ProtoBufRpcInvoker.call(ProtobufRpcEngine2.java:556) [hadoop-common-3.3.4.jar:?]
	at org.apache.hadoop.ipc.RPC$Server.call(RPC.java:1093) [hadoop-common-3.3.4.jar:?]
	at org.apache.hadoop.ipc.Server$RpcCall.run(Server.java:1043) [hadoop-common-3.3.4.jar:?]
	at org.apache.hadoop.ipc.Server$RpcCall.run(Server.java:971) [hadoop-common-3.3.4.jar:?]
	at java.security.AccessController.doPrivileged(Native Method) ~[?:1.8.0_362]
	at javax.security.auth.Subject.doAs(Subject.java:422) [?:1.8.0_362]
	at org.apache.hadoop.security.UserGroupInformation.doAs(UserGroupInformation.java:1878) [hadoop-common-3.3.4.jar:?]
	at org.apache.hadoop.ipc.Server$Handler.run(Server.java:2976) [hadoop-common-3.3.4.jar:?]
16:34:12.877 [IPC Server handler 16 on default port 46781] ERROR OMAudit - user=runner | ip=127.0.0.1 | op=GET_FILE_STATUS {volume=volume76608, bucket=bucket25283, key=root_dir/b, dataSize=0, replicationConfig=null} | ret=FAILURE
org.apache.hadoop.ozone.om.exceptions.OMException: Unable to get file status: volume: volume76608 bucket: bucket25283 key: root_dir/b
	at org.apache.hadoop.ozone.om.KeyManagerImpl.getOzoneFileStatus(KeyManagerImpl.java:1162) ~[ozone-manager-1.4.0-SNAPSHOT.jar:?]
	at org.apache.hadoop.ozone.om.KeyManagerImpl.getFileStatus(KeyManagerImpl.java:1080) ~[ozone-manager-1.4.0-SNAPSHOT.jar:?]
	at org.apache.hadoop.ozone.om.OmMetadataReader.getFileStatus(OmMetadataReader.java:288) ~[ozone-manager-1.4.0-SNAPSHOT.jar:?]
	at org.apache.hadoop.ozone.om.OzoneManager.getFileStatus(OzoneManager.java:3450) ~[ozone-manager-1.4.0-SNAPSHOT.jar:?]
	at org.apache.hadoop.ozone.protocolPB.OzoneManagerRequestHandler.getOzoneFileStatus(OzoneManagerRequestHandler.java:933) ~[ozone-manager-1.4.0-SNAPSHOT.jar:?]
	at org.apache.hadoop.ozone.protocolPB.OzoneManagerRequestHandler.handleReadRequest(OzoneManagerRequestHandler.java:238) ~[ozone-manager-1.4.0-SNAPSHOT.jar:?]
	at org.apache.hadoop.ozone.protocolPB.OzoneManagerProtocolServerSideTranslatorPB.submitRequestDirectlyToOM(OzoneManagerProtocolServerSideTranslatorPB.java:271) ~[ozone-manager-1.4.0-SNAPSHOT.jar:?]
	at org.apache.hadoop.ozone.protocolPB.OzoneManagerProtocolServerSideTranslatorPB.processRequest(OzoneManagerProtocolServerSideTranslatorPB.java:173) ~[ozone-manager-1.4.0-SNAPSHOT.jar:?]
	at org.apache.hadoop.hdds.server.OzoneProtocolMessageDispatcher.processRequest(OzoneProtocolMessageDispatcher.java:87) [hdds-server-framework-1.4.0-SNAPSHOT.jar:?]
	at org.apache.hadoop.ozone.protocolPB.OzoneManagerProtocolServerSideTranslatorPB.submitRequest(OzoneManagerProtocolServerSideTranslatorPB.java:147) [ozone-manager-1.4.0-SNAPSHOT.jar:?]
	at org.apache.hadoop.ozone.protocol.proto.OzoneManagerProtocolProtos$OzoneManagerService$2.callBlockingMethod(OzoneManagerProtocolProtos.java) [ozone-interface-client-1.4.0-SNAPSHOT.jar:?]
	at org.apache.hadoop.ipc.ProtobufRpcEngine$Server.processCall(ProtobufRpcEngine.java:465) [hadoop-common-3.3.4.jar:?]
	at org.apache.hadoop.ipc.ProtobufRpcEngine2$Server$ProtoBufRpcInvoker.call(ProtobufRpcEngine2.java:578) [hadoop-common-3.3.4.jar:?]
	at org.apache.hadoop.ipc.ProtobufRpcEngine2$Server$ProtoBufRpcInvoker.call(ProtobufRpcEngine2.java:556) [hadoop-common-3.3.4.jar:?]
	at org.apache.hadoop.ipc.RPC$Server.call(RPC.java:1093) [hadoop-common-3.3.4.jar:?]
	at org.apache.hadoop.ipc.Server$RpcCall.run(Server.java:1043) [hadoop-common-3.3.4.jar:?]
	at org.apache.hadoop.ipc.Server$RpcCall.run(Server.java:971) [hadoop-common-3.3.4.jar:?]
	at java.security.AccessController.doPrivileged(Native Method) ~[?:1.8.0_362]
	at javax.security.auth.Subject.doAs(Subject.java:422) [?:1.8.0_362]
	at org.apache.hadoop.security.UserGroupInformation.doAs(UserGroupInformation.java:1878) [hadoop-common-3.3.4.jar:?]
	at org.apache.hadoop.ipc.Server$Handler.run(Server.java:2976) [hadoop-common-3.3.4.jar:?]
2023-02-16 16:34:12,882 [IPC Server handler 14 on default port 46781] INFO  key.OMKeyRequest (OMKeyRequest.java:wrapUncommittedBlocksAsPseudoKey(837)) - Detect allocated but uncommitted blocks [{blockID={containerID=2, localID=111677748019200007}, length=4194304, offset=0, token=null, pipeline=null, createVersion=0, partNumber=0}] in key root_dir/file1.
16:34:12.887 [IPC Server handler 11 on default port 46781] ERROR OMAudit - user=runner | ip=127.0.0.1 | op=GET_FILE_STATUS {volume=volume76608, bucket=bucket25283, key=root_dir/file1/c, dataSize=0, replicationConfig=null} | ret=FAILURE
org.apache.hadoop.ozone.om.exceptions.OMException: Unable to get file status: volume: volume76608 bucket: bucket25283 key: root_dir/file1/c
	at org.apache.hadoop.ozone.om.KeyManagerImpl.getOzoneFileStatus(KeyManagerImpl.java:1162) ~[ozone-manager-1.4.0-SNAPSHOT.jar:?]
	at org.apache.hadoop.ozone.om.KeyManagerImpl.getFileStatus(KeyManagerImpl.java:1080) ~[ozone-manager-1.4.0-SNAPSHOT.jar:?]
	at org.apache.hadoop.ozone.om.OmMetadataReader.getFileStatus(OmMetadataReader.java:288) ~[ozone-manager-1.4.0-SNAPSHOT.jar:?]
	at org.apache.hadoop.ozone.om.OzoneManager.getFileStatus(OzoneManager.java:3450) ~[ozone-manager-1.4.0-SNAPSHOT.jar:?]
	at org.apache.hadoop.ozone.protocolPB.OzoneManagerRequestHandler.getOzoneFileStatus(OzoneManagerRequestHandler.java:933) ~[ozone-manager-1.4.0-SNAPSHOT.jar:?]
	at org.apache.hadoop.ozone.protocolPB.OzoneManagerRequestHandler.handleReadRequest(OzoneManagerRequestHandler.java:238) ~[ozone-manager-1.4.0-SNAPSHOT.jar:?]
	at org.apache.hadoop.ozone.protocolPB.OzoneManagerProtocolServerSideTranslatorPB.submitRequestDirectlyToOM(OzoneManagerProtocolServerSideTranslatorPB.java:271) ~[ozone-manager-1.4.0-SNAPSHOT.jar:?]
	at org.apache.hadoop.ozone.protocolPB.OzoneManagerProtocolServerSideTranslatorPB.processRequest(OzoneManagerProtocolServerSideTranslatorPB.java:173) ~[ozone-manager-1.4.0-SNAPSHOT.jar:?]
	at org.apache.hadoop.hdds.server.OzoneProtocolMessageDispatcher.processRequest(OzoneProtocolMessageDispatcher.java:87) [hdds-server-framework-1.4.0-SNAPSHOT.jar:?]
	at org.apache.hadoop.ozone.protocolPB.OzoneManagerProtocolServerSideTranslatorPB.submitRequest(OzoneManagerProtocolServerSideTranslatorPB.java:147) [ozone-manager-1.4.0-SNAPSHOT.jar:?]
	at org.apache.hadoop.ozone.protocol.proto.OzoneManagerProtocolProtos$OzoneManagerService$2.callBlockingMethod(OzoneManagerProtocolProtos.java) [ozone-interface-client-1.4.0-SNAPSHOT.jar:?]
	at org.apache.hadoop.ipc.ProtobufRpcEngine$Server.processCall(ProtobufRpcEngine.java:465) [hadoop-common-3.3.4.jar:?]
	at org.apache.hadoop.ipc.ProtobufRpcEngine2$Server$ProtoBufRpcInvoker.call(ProtobufRpcEngine2.java:578) [hadoop-common-3.3.4.jar:?]
	at org.apache.hadoop.ipc.ProtobufRpcEngine2$Server$ProtoBufRpcInvoker.call(ProtobufRpcEngine2.java:556) [hadoop-common-3.3.4.jar:?]
	at org.apache.hadoop.ipc.RPC$Server.call(RPC.java:1093) [hadoop-common-3.3.4.jar:?]
	at org.apache.hadoop.ipc.Server$RpcCall.run(Server.java:1043) [hadoop-common-3.3.4.jar:?]
	at org.apache.hadoop.ipc.Server$RpcCall.run(Server.java:971) [hadoop-common-3.3.4.jar:?]
	at java.security.AccessController.doPrivileged(Native Method) ~[?:1.8.0_362]
	at javax.security.auth.Subject.doAs(Subject.java:422) [?:1.8.0_362]
	at org.apache.hadoop.security.UserGroupInformation.doAs(UserGroupInformation.java:1878) [hadoop-common-3.3.4.jar:?]
	at org.apache.hadoop.ipc.Server$Handler.run(Server.java:2976) [hadoop-common-3.3.4.jar:?]
]]></system-out>
  </testcase>
  <testcase name="testRenameDestinationParentDoesntExist" classname="TestOzoneFileSystem" time="0.017">
    <system-out><![CDATA[16:35:00.036 [IPC Server handler 10 on default port 44851] ERROR OMAudit - user=runner | ip=127.0.0.1 | op=GET_FILE_STATUS {volume=volume35667, bucket=bucket27185, key=root_dir/b/c, dataSize=0, replicationConfig=null} | ret=FAILURE
org.apache.hadoop.ozone.om.exceptions.OMException: Unable to get file status: volume: volume35667 bucket: bucket27185 key: root_dir/b/c
	at org.apache.hadoop.ozone.om.KeyManagerImpl.getOzoneFileStatus(KeyManagerImpl.java:1162) ~[ozone-manager-1.4.0-SNAPSHOT.jar:?]
	at org.apache.hadoop.ozone.om.KeyManagerImpl.getFileStatus(KeyManagerImpl.java:1080) ~[ozone-manager-1.4.0-SNAPSHOT.jar:?]
	at org.apache.hadoop.ozone.om.OmMetadataReader.getFileStatus(OmMetadataReader.java:288) ~[ozone-manager-1.4.0-SNAPSHOT.jar:?]
	at org.apache.hadoop.ozone.om.OzoneManager.getFileStatus(OzoneManager.java:3450) ~[ozone-manager-1.4.0-SNAPSHOT.jar:?]
	at org.apache.hadoop.ozone.protocolPB.OzoneManagerRequestHandler.getOzoneFileStatus(OzoneManagerRequestHandler.java:933) ~[ozone-manager-1.4.0-SNAPSHOT.jar:?]
	at org.apache.hadoop.ozone.protocolPB.OzoneManagerRequestHandler.handleReadRequest(OzoneManagerRequestHandler.java:238) ~[ozone-manager-1.4.0-SNAPSHOT.jar:?]
	at org.apache.hadoop.ozone.protocolPB.OzoneManagerProtocolServerSideTranslatorPB.submitReadRequestToOM(OzoneManagerProtocolServerSideTranslatorPB.java:223) ~[ozone-manager-1.4.0-SNAPSHOT.jar:?]
	at org.apache.hadoop.ozone.protocolPB.OzoneManagerProtocolServerSideTranslatorPB.processRequest(OzoneManagerProtocolServerSideTranslatorPB.java:177) ~[ozone-manager-1.4.0-SNAPSHOT.jar:?]
	at org.apache.hadoop.hdds.server.OzoneProtocolMessageDispatcher.processRequest(OzoneProtocolMessageDispatcher.java:87) [hdds-server-framework-1.4.0-SNAPSHOT.jar:?]
	at org.apache.hadoop.ozone.protocolPB.OzoneManagerProtocolServerSideTranslatorPB.submitRequest(OzoneManagerProtocolServerSideTranslatorPB.java:147) [ozone-manager-1.4.0-SNAPSHOT.jar:?]
	at org.apache.hadoop.ozone.protocol.proto.OzoneManagerProtocolProtos$OzoneManagerService$2.callBlockingMethod(OzoneManagerProtocolProtos.java) [ozone-interface-client-1.4.0-SNAPSHOT.jar:?]
	at org.apache.hadoop.ipc.ProtobufRpcEngine$Server.processCall(ProtobufRpcEngine.java:465) [hadoop-common-3.3.4.jar:?]
	at org.apache.hadoop.ipc.ProtobufRpcEngine2$Server$ProtoBufRpcInvoker.call(ProtobufRpcEngine2.java:578) [hadoop-common-3.3.4.jar:?]
	at org.apache.hadoop.ipc.ProtobufRpcEngine2$Server$ProtoBufRpcInvoker.call(ProtobufRpcEngine2.java:556) [hadoop-common-3.3.4.jar:?]
	at org.apache.hadoop.ipc.RPC$Server.call(RPC.java:1093) [hadoop-common-3.3.4.jar:?]
	at org.apache.hadoop.ipc.Server$RpcCall.run(Server.java:1043) [hadoop-common-3.3.4.jar:?]
	at org.apache.hadoop.ipc.Server$RpcCall.run(Server.java:971) [hadoop-common-3.3.4.jar:?]
	at java.security.AccessController.doPrivileged(Native Method) ~[?:1.8.0_362]
	at javax.security.auth.Subject.doAs(Subject.java:422) [?:1.8.0_362]
	at org.apache.hadoop.security.UserGroupInformation.doAs(UserGroupInformation.java:1878) [hadoop-common-3.3.4.jar:?]
	at org.apache.hadoop.ipc.Server$Handler.run(Server.java:2976) [hadoop-common-3.3.4.jar:?]
16:35:00.037 [IPC Server handler 19 on default port 44851] ERROR OMAudit - user=runner | ip=127.0.0.1 | op=GET_FILE_STATUS {volume=volume35667, bucket=bucket27185, key=root_dir/b, dataSize=0, replicationConfig=null} | ret=FAILURE
org.apache.hadoop.ozone.om.exceptions.OMException: Unable to get file status: volume: volume35667 bucket: bucket27185 key: root_dir/b
	at org.apache.hadoop.ozone.om.KeyManagerImpl.getOzoneFileStatus(KeyManagerImpl.java:1162) ~[ozone-manager-1.4.0-SNAPSHOT.jar:?]
	at org.apache.hadoop.ozone.om.KeyManagerImpl.getFileStatus(KeyManagerImpl.java:1080) ~[ozone-manager-1.4.0-SNAPSHOT.jar:?]
	at org.apache.hadoop.ozone.om.OmMetadataReader.getFileStatus(OmMetadataReader.java:288) ~[ozone-manager-1.4.0-SNAPSHOT.jar:?]
	at org.apache.hadoop.ozone.om.OzoneManager.getFileStatus(OzoneManager.java:3450) ~[ozone-manager-1.4.0-SNAPSHOT.jar:?]
	at org.apache.hadoop.ozone.protocolPB.OzoneManagerRequestHandler.getOzoneFileStatus(OzoneManagerRequestHandler.java:933) ~[ozone-manager-1.4.0-SNAPSHOT.jar:?]
	at org.apache.hadoop.ozone.protocolPB.OzoneManagerRequestHandler.handleReadRequest(OzoneManagerRequestHandler.java:238) ~[ozone-manager-1.4.0-SNAPSHOT.jar:?]
	at org.apache.hadoop.ozone.protocolPB.OzoneManagerProtocolServerSideTranslatorPB.submitReadRequestToOM(OzoneManagerProtocolServerSideTranslatorPB.java:223) ~[ozone-manager-1.4.0-SNAPSHOT.jar:?]
	at org.apache.hadoop.ozone.protocolPB.OzoneManagerProtocolServerSideTranslatorPB.processRequest(OzoneManagerProtocolServerSideTranslatorPB.java:177) ~[ozone-manager-1.4.0-SNAPSHOT.jar:?]
	at org.apache.hadoop.hdds.server.OzoneProtocolMessageDispatcher.processRequest(OzoneProtocolMessageDispatcher.java:87) [hdds-server-framework-1.4.0-SNAPSHOT.jar:?]
	at org.apache.hadoop.ozone.protocolPB.OzoneManagerProtocolServerSideTranslatorPB.submitRequest(OzoneManagerProtocolServerSideTranslatorPB.java:147) [ozone-manager-1.4.0-SNAPSHOT.jar:?]
	at org.apache.hadoop.ozone.protocol.proto.OzoneManagerProtocolProtos$OzoneManagerService$2.callBlockingMethod(OzoneManagerProtocolProtos.java) [ozone-interface-client-1.4.0-SNAPSHOT.jar:?]
	at org.apache.hadoop.ipc.ProtobufRpcEngine$Server.processCall(ProtobufRpcEngine.java:465) [hadoop-common-3.3.4.jar:?]
	at org.apache.hadoop.ipc.ProtobufRpcEngine2$Server$ProtoBufRpcInvoker.call(ProtobufRpcEngine2.java:578) [hadoop-common-3.3.4.jar:?]
	at org.apache.hadoop.ipc.ProtobufRpcEngine2$Server$ProtoBufRpcInvoker.call(ProtobufRpcEngine2.java:556) [hadoop-common-3.3.4.jar:?]
	at org.apache.hadoop.ipc.RPC$Server.call(RPC.java:1093) [hadoop-common-3.3.4.jar:?]
	at org.apache.hadoop.ipc.Server$RpcCall.run(Server.java:1043) [hadoop-common-3.3.4.jar:?]
	at org.apache.hadoop.ipc.Server$RpcCall.run(Server.java:971) [hadoop-common-3.3.4.jar:?]
	at java.security.AccessController.doPrivileged(Native Method) ~[?:1.8.0_362]
	at javax.security.auth.Subject.doAs(Subject.java:422) [?:1.8.0_362]
	at org.apache.hadoop.security.UserGroupInformation.doAs(UserGroupInformation.java:1878) [hadoop-common-3.3.4.jar:?]
	at org.apache.hadoop.ipc.Server$Handler.run(Server.java:2976) [hadoop-common-3.3.4.jar:?]
2023-02-16 16:35:00,041 [OM StateMachine ApplyTransaction Thread - 0] INFO  key.OMKeyRequest (OMKeyRequest.java:wrapUncommittedBlocksAsPseudoKey(837)) - Detect allocated but uncommitted blocks [{blockID={containerID=4, localID=111677748019200007}, length=4194304, offset=0, token=null, pipeline=null, createVersion=0, partNumber=0}] in key root_dir/file1.
16:35:00.042 [IPC Server handler 13 on default port 44851] ERROR OMAudit - user=runner | ip=127.0.0.1 | op=GET_FILE_STATUS {volume=volume35667, bucket=bucket27185, key=root_dir/file1/c, dataSize=0, replicationConfig=null} | ret=FAILURE
org.apache.hadoop.ozone.om.exceptions.OMException: Unable to get file status: volume: volume35667 bucket: bucket27185 key: root_dir/file1/c
	at org.apache.hadoop.ozone.om.KeyManagerImpl.getOzoneFileStatus(KeyManagerImpl.java:1162) ~[ozone-manager-1.4.0-SNAPSHOT.jar:?]
	at org.apache.hadoop.ozone.om.KeyManagerImpl.getFileStatus(KeyManagerImpl.java:1080) ~[ozone-manager-1.4.0-SNAPSHOT.jar:?]
	at org.apache.hadoop.ozone.om.OmMetadataReader.getFileStatus(OmMetadataReader.java:288) ~[ozone-manager-1.4.0-SNAPSHOT.jar:?]
	at org.apache.hadoop.ozone.om.OzoneManager.getFileStatus(OzoneManager.java:3450) ~[ozone-manager-1.4.0-SNAPSHOT.jar:?]
	at org.apache.hadoop.ozone.protocolPB.OzoneManagerRequestHandler.getOzoneFileStatus(OzoneManagerRequestHandler.java:933) ~[ozone-manager-1.4.0-SNAPSHOT.jar:?]
	at org.apache.hadoop.ozone.protocolPB.OzoneManagerRequestHandler.handleReadRequest(OzoneManagerRequestHandler.java:238) ~[ozone-manager-1.4.0-SNAPSHOT.jar:?]
	at org.apache.hadoop.ozone.protocolPB.OzoneManagerProtocolServerSideTranslatorPB.submitReadRequestToOM(OzoneManagerProtocolServerSideTranslatorPB.java:223) ~[ozone-manager-1.4.0-SNAPSHOT.jar:?]
	at org.apache.hadoop.ozone.protocolPB.OzoneManagerProtocolServerSideTranslatorPB.processRequest(OzoneManagerProtocolServerSideTranslatorPB.java:177) ~[ozone-manager-1.4.0-SNAPSHOT.jar:?]
	at org.apache.hadoop.hdds.server.OzoneProtocolMessageDispatcher.processRequest(OzoneProtocolMessageDispatcher.java:87) [hdds-server-framework-1.4.0-SNAPSHOT.jar:?]
	at org.apache.hadoop.ozone.protocolPB.OzoneManagerProtocolServerSideTranslatorPB.submitRequest(OzoneManagerProtocolServerSideTranslatorPB.java:147) [ozone-manager-1.4.0-SNAPSHOT.jar:?]
	at org.apache.hadoop.ozone.protocol.proto.OzoneManagerProtocolProtos$OzoneManagerService$2.callBlockingMethod(OzoneManagerProtocolProtos.java) [ozone-interface-client-1.4.0-SNAPSHOT.jar:?]
	at org.apache.hadoop.ipc.ProtobufRpcEngine$Server.processCall(ProtobufRpcEngine.java:465) [hadoop-common-3.3.4.jar:?]
	at org.apache.hadoop.ipc.ProtobufRpcEngine2$Server$ProtoBufRpcInvoker.call(ProtobufRpcEngine2.java:578) [hadoop-common-3.3.4.jar:?]
	at org.apache.hadoop.ipc.ProtobufRpcEngine2$Server$ProtoBufRpcInvoker.call(ProtobufRpcEngine2.java:556) [hadoop-common-3.3.4.jar:?]
	at org.apache.hadoop.ipc.RPC$Server.call(RPC.java:1093) [hadoop-common-3.3.4.jar:?]
	at org.apache.hadoop.ipc.Server$RpcCall.run(Server.java:1043) [hadoop-common-3.3.4.jar:?]
	at org.apache.hadoop.ipc.Server$RpcCall.run(Server.java:971) [hadoop-common-3.3.4.jar:?]
	at java.security.AccessController.doPrivileged(Native Method) ~[?:1.8.0_362]
	at javax.security.auth.Subject.doAs(Subject.java:422) [?:1.8.0_362]
	at org.apache.hadoop.security.UserGroupInformation.doAs(UserGroupInformation.java:1878) [hadoop-common-3.3.4.jar:?]
	at org.apache.hadoop.ipc.Server$Handler.run(Server.java:2976) [hadoop-common-3.3.4.jar:?]
]]></system-out>
  </testcase>
  <testcase name="testRenameDestinationParentDoesntExist" classname="TestOzoneFileSystem" time="0.011">
    <system-out><![CDATA[16:35:51.088 [IPC Server handler 1 on default port 38619] ERROR OMAudit - user=runner | ip=127.0.0.1 | op=GET_FILE_STATUS {volume=volume78724, bucket=bucket78568, key=root_dir/b/c, dataSize=0, replicationConfig=null} | ret=FAILURE
org.apache.hadoop.ozone.om.exceptions.OMException: Unable to get file status: volume: volume78724 bucket: bucket78568 key: root_dir/b/c
	at org.apache.hadoop.ozone.om.KeyManagerImpl.getOzoneFileStatus(KeyManagerImpl.java:1162) ~[ozone-manager-1.4.0-SNAPSHOT.jar:?]
	at org.apache.hadoop.ozone.om.KeyManagerImpl.getFileStatus(KeyManagerImpl.java:1080) ~[ozone-manager-1.4.0-SNAPSHOT.jar:?]
	at org.apache.hadoop.ozone.om.OmMetadataReader.getFileStatus(OmMetadataReader.java:288) ~[ozone-manager-1.4.0-SNAPSHOT.jar:?]
	at org.apache.hadoop.ozone.om.OzoneManager.getFileStatus(OzoneManager.java:3450) ~[ozone-manager-1.4.0-SNAPSHOT.jar:?]
	at org.apache.hadoop.ozone.protocolPB.OzoneManagerRequestHandler.getOzoneFileStatus(OzoneManagerRequestHandler.java:933) ~[ozone-manager-1.4.0-SNAPSHOT.jar:?]
	at org.apache.hadoop.ozone.protocolPB.OzoneManagerRequestHandler.handleReadRequest(OzoneManagerRequestHandler.java:238) ~[ozone-manager-1.4.0-SNAPSHOT.jar:?]
	at org.apache.hadoop.ozone.protocolPB.OzoneManagerProtocolServerSideTranslatorPB.submitRequestDirectlyToOM(OzoneManagerProtocolServerSideTranslatorPB.java:271) ~[ozone-manager-1.4.0-SNAPSHOT.jar:?]
	at org.apache.hadoop.ozone.protocolPB.OzoneManagerProtocolServerSideTranslatorPB.processRequest(OzoneManagerProtocolServerSideTranslatorPB.java:173) ~[ozone-manager-1.4.0-SNAPSHOT.jar:?]
	at org.apache.hadoop.hdds.server.OzoneProtocolMessageDispatcher.processRequest(OzoneProtocolMessageDispatcher.java:87) [hdds-server-framework-1.4.0-SNAPSHOT.jar:?]
	at org.apache.hadoop.ozone.protocolPB.OzoneManagerProtocolServerSideTranslatorPB.submitRequest(OzoneManagerProtocolServerSideTranslatorPB.java:147) [ozone-manager-1.4.0-SNAPSHOT.jar:?]
	at org.apache.hadoop.ozone.protocol.proto.OzoneManagerProtocolProtos$OzoneManagerService$2.callBlockingMethod(OzoneManagerProtocolProtos.java) [ozone-interface-client-1.4.0-SNAPSHOT.jar:?]
	at org.apache.hadoop.ipc.ProtobufRpcEngine$Server.processCall(ProtobufRpcEngine.java:465) [hadoop-common-3.3.4.jar:?]
	at org.apache.hadoop.ipc.ProtobufRpcEngine2$Server$ProtoBufRpcInvoker.call(ProtobufRpcEngine2.java:578) [hadoop-common-3.3.4.jar:?]
	at org.apache.hadoop.ipc.ProtobufRpcEngine2$Server$ProtoBufRpcInvoker.call(ProtobufRpcEngine2.java:556) [hadoop-common-3.3.4.jar:?]
	at org.apache.hadoop.ipc.RPC$Server.call(RPC.java:1093) [hadoop-common-3.3.4.jar:?]
	at org.apache.hadoop.ipc.Server$RpcCall.run(Server.java:1043) [hadoop-common-3.3.4.jar:?]
	at org.apache.hadoop.ipc.Server$RpcCall.run(Server.java:971) [hadoop-common-3.3.4.jar:?]
	at java.security.AccessController.doPrivileged(Native Method) ~[?:1.8.0_362]
	at javax.security.auth.Subject.doAs(Subject.java:422) [?:1.8.0_362]
	at org.apache.hadoop.security.UserGroupInformation.doAs(UserGroupInformation.java:1878) [hadoop-common-3.3.4.jar:?]
	at org.apache.hadoop.ipc.Server$Handler.run(Server.java:2976) [hadoop-common-3.3.4.jar:?]
16:35:51.088 [IPC Server handler 2 on default port 38619] ERROR OMAudit - user=runner | ip=127.0.0.1 | op=GET_FILE_STATUS {volume=volume78724, bucket=bucket78568, key=root_dir/b, dataSize=0, replicationConfig=null} | ret=FAILURE
org.apache.hadoop.ozone.om.exceptions.OMException: Unable to get file status: volume: volume78724 bucket: bucket78568 key: root_dir/b
	at org.apache.hadoop.ozone.om.KeyManagerImpl.getOzoneFileStatus(KeyManagerImpl.java:1162) ~[ozone-manager-1.4.0-SNAPSHOT.jar:?]
	at org.apache.hadoop.ozone.om.KeyManagerImpl.getFileStatus(KeyManagerImpl.java:1080) ~[ozone-manager-1.4.0-SNAPSHOT.jar:?]
	at org.apache.hadoop.ozone.om.OmMetadataReader.getFileStatus(OmMetadataReader.java:288) ~[ozone-manager-1.4.0-SNAPSHOT.jar:?]
	at org.apache.hadoop.ozone.om.OzoneManager.getFileStatus(OzoneManager.java:3450) ~[ozone-manager-1.4.0-SNAPSHOT.jar:?]
	at org.apache.hadoop.ozone.protocolPB.OzoneManagerRequestHandler.getOzoneFileStatus(OzoneManagerRequestHandler.java:933) ~[ozone-manager-1.4.0-SNAPSHOT.jar:?]
	at org.apache.hadoop.ozone.protocolPB.OzoneManagerRequestHandler.handleReadRequest(OzoneManagerRequestHandler.java:238) ~[ozone-manager-1.4.0-SNAPSHOT.jar:?]
	at org.apache.hadoop.ozone.protocolPB.OzoneManagerProtocolServerSideTranslatorPB.submitRequestDirectlyToOM(OzoneManagerProtocolServerSideTranslatorPB.java:271) ~[ozone-manager-1.4.0-SNAPSHOT.jar:?]
	at org.apache.hadoop.ozone.protocolPB.OzoneManagerProtocolServerSideTranslatorPB.processRequest(OzoneManagerProtocolServerSideTranslatorPB.java:173) ~[ozone-manager-1.4.0-SNAPSHOT.jar:?]
	at org.apache.hadoop.hdds.server.OzoneProtocolMessageDispatcher.processRequest(OzoneProtocolMessageDispatcher.java:87) [hdds-server-framework-1.4.0-SNAPSHOT.jar:?]
	at org.apache.hadoop.ozone.protocolPB.OzoneManagerProtocolServerSideTranslatorPB.submitRequest(OzoneManagerProtocolServerSideTranslatorPB.java:147) [ozone-manager-1.4.0-SNAPSHOT.jar:?]
	at org.apache.hadoop.ozone.protocol.proto.OzoneManagerProtocolProtos$OzoneManagerService$2.callBlockingMethod(OzoneManagerProtocolProtos.java) [ozone-interface-client-1.4.0-SNAPSHOT.jar:?]
	at org.apache.hadoop.ipc.ProtobufRpcEngine$Server.processCall(ProtobufRpcEngine.java:465) [hadoop-common-3.3.4.jar:?]
	at org.apache.hadoop.ipc.ProtobufRpcEngine2$Server$ProtoBufRpcInvoker.call(ProtobufRpcEngine2.java:578) [hadoop-common-3.3.4.jar:?]
	at org.apache.hadoop.ipc.ProtobufRpcEngine2$Server$ProtoBufRpcInvoker.call(ProtobufRpcEngine2.java:556) [hadoop-common-3.3.4.jar:?]
	at org.apache.hadoop.ipc.RPC$Server.call(RPC.java:1093) [hadoop-common-3.3.4.jar:?]
	at org.apache.hadoop.ipc.Server$RpcCall.run(Server.java:1043) [hadoop-common-3.3.4.jar:?]
	at org.apache.hadoop.ipc.Server$RpcCall.run(Server.java:971) [hadoop-common-3.3.4.jar:?]
	at java.security.AccessController.doPrivileged(Native Method) ~[?:1.8.0_362]
	at javax.security.auth.Subject.doAs(Subject.java:422) [?:1.8.0_362]
	at org.apache.hadoop.security.UserGroupInformation.doAs(UserGroupInformation.java:1878) [hadoop-common-3.3.4.jar:?]
	at org.apache.hadoop.ipc.Server$Handler.run(Server.java:2976) [hadoop-common-3.3.4.jar:?]
2023-02-16 16:35:51,091 [IPC Server handler 4 on default port 38619] INFO  key.OMKeyRequest (OMKeyRequest.java:wrapUncommittedBlocksAsPseudoKey(837)) - Detect allocated but uncommitted blocks [{blockID={containerID=2, localID=111677748019200007}, length=4194304, offset=0, token=null, pipeline=null, createVersion=0, partNumber=0}] in key root_dir/file1.
16:35:51.093 [IPC Server handler 6 on default port 38619] ERROR OMAudit - user=runner | ip=127.0.0.1 | op=GET_FILE_STATUS {volume=volume78724, bucket=bucket78568, key=root_dir/file1/c, dataSize=0, replicationConfig=null} | ret=FAILURE
org.apache.hadoop.ozone.om.exceptions.OMException: Unable to get file status: volume: volume78724 bucket: bucket78568 key: root_dir/file1/c
	at org.apache.hadoop.ozone.om.KeyManagerImpl.getOzoneFileStatus(KeyManagerImpl.java:1162) ~[ozone-manager-1.4.0-SNAPSHOT.jar:?]
	at org.apache.hadoop.ozone.om.KeyManagerImpl.getFileStatus(KeyManagerImpl.java:1080) ~[ozone-manager-1.4.0-SNAPSHOT.jar:?]
	at org.apache.hadoop.ozone.om.OmMetadataReader.getFileStatus(OmMetadataReader.java:288) ~[ozone-manager-1.4.0-SNAPSHOT.jar:?]
	at org.apache.hadoop.ozone.om.OzoneManager.getFileStatus(OzoneManager.java:3450) ~[ozone-manager-1.4.0-SNAPSHOT.jar:?]
	at org.apache.hadoop.ozone.protocolPB.OzoneManagerRequestHandler.getOzoneFileStatus(OzoneManagerRequestHandler.java:933) ~[ozone-manager-1.4.0-SNAPSHOT.jar:?]
	at org.apache.hadoop.ozone.protocolPB.OzoneManagerRequestHandler.handleReadRequest(OzoneManagerRequestHandler.java:238) ~[ozone-manager-1.4.0-SNAPSHOT.jar:?]
	at org.apache.hadoop.ozone.protocolPB.OzoneManagerProtocolServerSideTranslatorPB.submitRequestDirectlyToOM(OzoneManagerProtocolServerSideTranslatorPB.java:271) ~[ozone-manager-1.4.0-SNAPSHOT.jar:?]
	at org.apache.hadoop.ozone.protocolPB.OzoneManagerProtocolServerSideTranslatorPB.processRequest(OzoneManagerProtocolServerSideTranslatorPB.java:173) ~[ozone-manager-1.4.0-SNAPSHOT.jar:?]
	at org.apache.hadoop.hdds.server.OzoneProtocolMessageDispatcher.processRequest(OzoneProtocolMessageDispatcher.java:87) [hdds-server-framework-1.4.0-SNAPSHOT.jar:?]
	at org.apache.hadoop.ozone.protocolPB.OzoneManagerProtocolServerSideTranslatorPB.submitRequest(OzoneManagerProtocolServerSideTranslatorPB.java:147) [ozone-manager-1.4.0-SNAPSHOT.jar:?]
	at org.apache.hadoop.ozone.protocol.proto.OzoneManagerProtocolProtos$OzoneManagerService$2.callBlockingMethod(OzoneManagerProtocolProtos.java) [ozone-interface-client-1.4.0-SNAPSHOT.jar:?]
	at org.apache.hadoop.ipc.ProtobufRpcEngine$Server.processCall(ProtobufRpcEngine.java:465) [hadoop-common-3.3.4.jar:?]
	at org.apache.hadoop.ipc.ProtobufRpcEngine2$Server$ProtoBufRpcInvoker.call(ProtobufRpcEngine2.java:578) [hadoop-common-3.3.4.jar:?]
	at org.apache.hadoop.ipc.ProtobufRpcEngine2$Server$ProtoBufRpcInvoker.call(ProtobufRpcEngine2.java:556) [hadoop-common-3.3.4.jar:?]
	at org.apache.hadoop.ipc.RPC$Server.call(RPC.java:1093) [hadoop-common-3.3.4.jar:?]
	at org.apache.hadoop.ipc.Server$RpcCall.run(Server.java:1043) [hadoop-common-3.3.4.jar:?]
	at org.apache.hadoop.ipc.Server$RpcCall.run(Server.java:971) [hadoop-common-3.3.4.jar:?]
	at java.security.AccessController.doPrivileged(Native Method) ~[?:1.8.0_362]
	at javax.security.auth.Subject.doAs(Subject.java:422) [?:1.8.0_362]
	at org.apache.hadoop.security.UserGroupInformation.doAs(UserGroupInformation.java:1878) [hadoop-common-3.3.4.jar:?]
	at org.apache.hadoop.ipc.Server$Handler.run(Server.java:2976) [hadoop-common-3.3.4.jar:?]
]]></system-out>
  </testcase>
  <testcase name="testCreateWithInvalidPaths" classname="TestOzoneFileSystem" time="0.013"/>
  <testcase name="testCreateWithInvalidPaths" classname="TestOzoneFileSystem" time="0.002"/>
  <testcase name="testCreateWithInvalidPaths" classname="TestOzoneFileSystem" time="0.004"/>
  <testcase name="testCreateWithInvalidPaths" classname="TestOzoneFileSystem" time="0.001"/>
  <testcase name="testListStatusOnRoot" classname="TestOzoneFileSystem" time="0.029"/>
  <testcase name="testListStatusOnRoot" classname="TestOzoneFileSystem" time="0.009"/>
  <testcase name="testListStatusOnRoot" classname="TestOzoneFileSystem" time="0.009"/>
  <testcase name="testListStatusOnRoot" classname="TestOzoneFileSystem" time="0.007"/>
  <testcase name="testRenameWithNonExistentSource" classname="TestOzoneFileSystem" time="0.026">
    <system-out><![CDATA[2023-02-16 16:33:12,646 [Time-limited test] INFO  ozone.TestOzoneFileSystem (TestOzoneFileSystem.java:testRenameWithNonExistentSource(1151)) - Created destin dir: o3fs://bucket39322.volume28358/root/dir2
2023-02-16 16:33:12,646 [Time-limited test] INFO  ozone.TestOzoneFileSystem (TestOzoneFileSystem.java:testRenameWithNonExistentSource(1153)) - Rename op-> source:o3fs://bucket39322.volume28358/root/dir1 to destin:o3fs://bucket39322.volume28358/root/dir2}
16:33:12.647 [IPC Server handler 17 on default port 37073] ERROR OMAudit - user=runner | ip=127.0.0.1 | op=GET_FILE_STATUS {volume=volume28358, bucket=bucket39322, key=root/dir1, dataSize=0, replicationConfig=null} | ret=FAILURE
org.apache.hadoop.ozone.om.exceptions.OMException: Unable to get file status: volume: volume28358 bucket: bucket39322 key: root/dir1
	at org.apache.hadoop.ozone.om.KeyManagerImpl.getOzoneFileStatus(KeyManagerImpl.java:1162) ~[ozone-manager-1.4.0-SNAPSHOT.jar:?]
	at org.apache.hadoop.ozone.om.KeyManagerImpl.getFileStatus(KeyManagerImpl.java:1080) ~[ozone-manager-1.4.0-SNAPSHOT.jar:?]
	at org.apache.hadoop.ozone.om.OmMetadataReader.getFileStatus(OmMetadataReader.java:288) ~[ozone-manager-1.4.0-SNAPSHOT.jar:?]
	at org.apache.hadoop.ozone.om.OzoneManager.getFileStatus(OzoneManager.java:3450) ~[ozone-manager-1.4.0-SNAPSHOT.jar:?]
	at org.apache.hadoop.ozone.protocolPB.OzoneManagerRequestHandler.getOzoneFileStatus(OzoneManagerRequestHandler.java:933) ~[ozone-manager-1.4.0-SNAPSHOT.jar:?]
	at org.apache.hadoop.ozone.protocolPB.OzoneManagerRequestHandler.handleReadRequest(OzoneManagerRequestHandler.java:238) ~[ozone-manager-1.4.0-SNAPSHOT.jar:?]
	at org.apache.hadoop.ozone.protocolPB.OzoneManagerProtocolServerSideTranslatorPB.submitReadRequestToOM(OzoneManagerProtocolServerSideTranslatorPB.java:223) ~[ozone-manager-1.4.0-SNAPSHOT.jar:?]
	at org.apache.hadoop.ozone.protocolPB.OzoneManagerProtocolServerSideTranslatorPB.processRequest(OzoneManagerProtocolServerSideTranslatorPB.java:177) ~[ozone-manager-1.4.0-SNAPSHOT.jar:?]
	at org.apache.hadoop.hdds.server.OzoneProtocolMessageDispatcher.processRequest(OzoneProtocolMessageDispatcher.java:87) [hdds-server-framework-1.4.0-SNAPSHOT.jar:?]
	at org.apache.hadoop.ozone.protocolPB.OzoneManagerProtocolServerSideTranslatorPB.submitRequest(OzoneManagerProtocolServerSideTranslatorPB.java:147) [ozone-manager-1.4.0-SNAPSHOT.jar:?]
	at org.apache.hadoop.ozone.protocol.proto.OzoneManagerProtocolProtos$OzoneManagerService$2.callBlockingMethod(OzoneManagerProtocolProtos.java) [ozone-interface-client-1.4.0-SNAPSHOT.jar:?]
	at org.apache.hadoop.ipc.ProtobufRpcEngine$Server.processCall(ProtobufRpcEngine.java:465) [hadoop-common-3.3.4.jar:?]
	at org.apache.hadoop.ipc.ProtobufRpcEngine2$Server$ProtoBufRpcInvoker.call(ProtobufRpcEngine2.java:578) [hadoop-common-3.3.4.jar:?]
	at org.apache.hadoop.ipc.ProtobufRpcEngine2$Server$ProtoBufRpcInvoker.call(ProtobufRpcEngine2.java:556) [hadoop-common-3.3.4.jar:?]
	at org.apache.hadoop.ipc.RPC$Server.call(RPC.java:1093) [hadoop-common-3.3.4.jar:?]
	at org.apache.hadoop.ipc.Server$RpcCall.run(Server.java:1043) [hadoop-common-3.3.4.jar:?]
	at org.apache.hadoop.ipc.Server$RpcCall.run(Server.java:971) [hadoop-common-3.3.4.jar:?]
	at java.security.AccessController.doPrivileged(Native Method) ~[?:1.8.0_362]
	at javax.security.auth.Subject.doAs(Subject.java:422) [?:1.8.0_362]
	at org.apache.hadoop.security.UserGroupInformation.doAs(UserGroupInformation.java:1878) [hadoop-common-3.3.4.jar:?]
	at org.apache.hadoop.ipc.Server$Handler.run(Server.java:2976) [hadoop-common-3.3.4.jar:?]
]]></system-out>
  </testcase>
  <testcase name="testRenameWithNonExistentSource" classname="TestOzoneFileSystem" time="0.005">
    <system-out><![CDATA[2023-02-16 16:34:12,906 [Time-limited test] INFO  ozone.TestOzoneFileSystem (TestOzoneFileSystem.java:testRenameWithNonExistentSource(1151)) - Created destin dir: o3fs://bucket25283.volume76608/root/dir2
2023-02-16 16:34:12,906 [Time-limited test] INFO  ozone.TestOzoneFileSystem (TestOzoneFileSystem.java:testRenameWithNonExistentSource(1153)) - Rename op-> source:o3fs://bucket25283.volume76608/root/dir1 to destin:o3fs://bucket25283.volume76608/root/dir2}
16:34:12.907 [IPC Server handler 7 on default port 46781] ERROR OMAudit - user=runner | ip=127.0.0.1 | op=GET_FILE_STATUS {volume=volume76608, bucket=bucket25283, key=root/dir1, dataSize=0, replicationConfig=null} | ret=FAILURE
org.apache.hadoop.ozone.om.exceptions.OMException: Unable to get file status: volume: volume76608 bucket: bucket25283 key: root/dir1
	at org.apache.hadoop.ozone.om.KeyManagerImpl.getOzoneFileStatus(KeyManagerImpl.java:1162) ~[ozone-manager-1.4.0-SNAPSHOT.jar:?]
	at org.apache.hadoop.ozone.om.KeyManagerImpl.getFileStatus(KeyManagerImpl.java:1080) ~[ozone-manager-1.4.0-SNAPSHOT.jar:?]
	at org.apache.hadoop.ozone.om.OmMetadataReader.getFileStatus(OmMetadataReader.java:288) ~[ozone-manager-1.4.0-SNAPSHOT.jar:?]
	at org.apache.hadoop.ozone.om.OzoneManager.getFileStatus(OzoneManager.java:3450) ~[ozone-manager-1.4.0-SNAPSHOT.jar:?]
	at org.apache.hadoop.ozone.protocolPB.OzoneManagerRequestHandler.getOzoneFileStatus(OzoneManagerRequestHandler.java:933) ~[ozone-manager-1.4.0-SNAPSHOT.jar:?]
	at org.apache.hadoop.ozone.protocolPB.OzoneManagerRequestHandler.handleReadRequest(OzoneManagerRequestHandler.java:238) ~[ozone-manager-1.4.0-SNAPSHOT.jar:?]
	at org.apache.hadoop.ozone.protocolPB.OzoneManagerProtocolServerSideTranslatorPB.submitRequestDirectlyToOM(OzoneManagerProtocolServerSideTranslatorPB.java:271) ~[ozone-manager-1.4.0-SNAPSHOT.jar:?]
	at org.apache.hadoop.ozone.protocolPB.OzoneManagerProtocolServerSideTranslatorPB.processRequest(OzoneManagerProtocolServerSideTranslatorPB.java:173) ~[ozone-manager-1.4.0-SNAPSHOT.jar:?]
	at org.apache.hadoop.hdds.server.OzoneProtocolMessageDispatcher.processRequest(OzoneProtocolMessageDispatcher.java:87) [hdds-server-framework-1.4.0-SNAPSHOT.jar:?]
	at org.apache.hadoop.ozone.protocolPB.OzoneManagerProtocolServerSideTranslatorPB.submitRequest(OzoneManagerProtocolServerSideTranslatorPB.java:147) [ozone-manager-1.4.0-SNAPSHOT.jar:?]
	at org.apache.hadoop.ozone.protocol.proto.OzoneManagerProtocolProtos$OzoneManagerService$2.callBlockingMethod(OzoneManagerProtocolProtos.java) [ozone-interface-client-1.4.0-SNAPSHOT.jar:?]
	at org.apache.hadoop.ipc.ProtobufRpcEngine$Server.processCall(ProtobufRpcEngine.java:465) [hadoop-common-3.3.4.jar:?]
	at org.apache.hadoop.ipc.ProtobufRpcEngine2$Server$ProtoBufRpcInvoker.call(ProtobufRpcEngine2.java:578) [hadoop-common-3.3.4.jar:?]
	at org.apache.hadoop.ipc.ProtobufRpcEngine2$Server$ProtoBufRpcInvoker.call(ProtobufRpcEngine2.java:556) [hadoop-common-3.3.4.jar:?]
	at org.apache.hadoop.ipc.RPC$Server.call(RPC.java:1093) [hadoop-common-3.3.4.jar:?]
	at org.apache.hadoop.ipc.Server$RpcCall.run(Server.java:1043) [hadoop-common-3.3.4.jar:?]
	at org.apache.hadoop.ipc.Server$RpcCall.run(Server.java:971) [hadoop-common-3.3.4.jar:?]
	at java.security.AccessController.doPrivileged(Native Method) ~[?:1.8.0_362]
	at javax.security.auth.Subject.doAs(Subject.java:422) [?:1.8.0_362]
	at org.apache.hadoop.security.UserGroupInformation.doAs(UserGroupInformation.java:1878) [hadoop-common-3.3.4.jar:?]
	at org.apache.hadoop.ipc.Server$Handler.run(Server.java:2976) [hadoop-common-3.3.4.jar:?]
]]></system-out>
  </testcase>
  <testcase name="testRenameWithNonExistentSource" classname="TestOzoneFileSystem" time="0.013">
    <system-out><![CDATA[2023-02-16 16:35:00,070 [Time-limited test] INFO  ozone.TestOzoneFileSystem (TestOzoneFileSystem.java:testRenameWithNonExistentSource(1151)) - Created destin dir: o3fs://bucket27185.volume35667/root/dir2
2023-02-16 16:35:00,070 [Time-limited test] INFO  ozone.TestOzoneFileSystem (TestOzoneFileSystem.java:testRenameWithNonExistentSource(1153)) - Rename op-> source:o3fs://bucket27185.volume35667/root/dir1 to destin:o3fs://bucket27185.volume35667/root/dir2}
16:35:00.071 [IPC Server handler 11 on default port 44851] ERROR OMAudit - user=runner | ip=127.0.0.1 | op=GET_FILE_STATUS {volume=volume35667, bucket=bucket27185, key=root/dir1, dataSize=0, replicationConfig=null} | ret=FAILURE
org.apache.hadoop.ozone.om.exceptions.OMException: Unable to get file status: volume: volume35667 bucket: bucket27185 key: root/dir1
	at org.apache.hadoop.ozone.om.KeyManagerImpl.getOzoneFileStatus(KeyManagerImpl.java:1162) ~[ozone-manager-1.4.0-SNAPSHOT.jar:?]
	at org.apache.hadoop.ozone.om.KeyManagerImpl.getFileStatus(KeyManagerImpl.java:1080) ~[ozone-manager-1.4.0-SNAPSHOT.jar:?]
	at org.apache.hadoop.ozone.om.OmMetadataReader.getFileStatus(OmMetadataReader.java:288) ~[ozone-manager-1.4.0-SNAPSHOT.jar:?]
	at org.apache.hadoop.ozone.om.OzoneManager.getFileStatus(OzoneManager.java:3450) ~[ozone-manager-1.4.0-SNAPSHOT.jar:?]
	at org.apache.hadoop.ozone.protocolPB.OzoneManagerRequestHandler.getOzoneFileStatus(OzoneManagerRequestHandler.java:933) ~[ozone-manager-1.4.0-SNAPSHOT.jar:?]
	at org.apache.hadoop.ozone.protocolPB.OzoneManagerRequestHandler.handleReadRequest(OzoneManagerRequestHandler.java:238) ~[ozone-manager-1.4.0-SNAPSHOT.jar:?]
	at org.apache.hadoop.ozone.protocolPB.OzoneManagerProtocolServerSideTranslatorPB.submitReadRequestToOM(OzoneManagerProtocolServerSideTranslatorPB.java:223) ~[ozone-manager-1.4.0-SNAPSHOT.jar:?]
	at org.apache.hadoop.ozone.protocolPB.OzoneManagerProtocolServerSideTranslatorPB.processRequest(OzoneManagerProtocolServerSideTranslatorPB.java:177) ~[ozone-manager-1.4.0-SNAPSHOT.jar:?]
	at org.apache.hadoop.hdds.server.OzoneProtocolMessageDispatcher.processRequest(OzoneProtocolMessageDispatcher.java:87) [hdds-server-framework-1.4.0-SNAPSHOT.jar:?]
	at org.apache.hadoop.ozone.protocolPB.OzoneManagerProtocolServerSideTranslatorPB.submitRequest(OzoneManagerProtocolServerSideTranslatorPB.java:147) [ozone-manager-1.4.0-SNAPSHOT.jar:?]
	at org.apache.hadoop.ozone.protocol.proto.OzoneManagerProtocolProtos$OzoneManagerService$2.callBlockingMethod(OzoneManagerProtocolProtos.java) [ozone-interface-client-1.4.0-SNAPSHOT.jar:?]
	at org.apache.hadoop.ipc.ProtobufRpcEngine$Server.processCall(ProtobufRpcEngine.java:465) [hadoop-common-3.3.4.jar:?]
	at org.apache.hadoop.ipc.ProtobufRpcEngine2$Server$ProtoBufRpcInvoker.call(ProtobufRpcEngine2.java:578) [hadoop-common-3.3.4.jar:?]
	at org.apache.hadoop.ipc.ProtobufRpcEngine2$Server$ProtoBufRpcInvoker.call(ProtobufRpcEngine2.java:556) [hadoop-common-3.3.4.jar:?]
	at org.apache.hadoop.ipc.RPC$Server.call(RPC.java:1093) [hadoop-common-3.3.4.jar:?]
	at org.apache.hadoop.ipc.Server$RpcCall.run(Server.java:1043) [hadoop-common-3.3.4.jar:?]
	at org.apache.hadoop.ipc.Server$RpcCall.run(Server.java:971) [hadoop-common-3.3.4.jar:?]
	at java.security.AccessController.doPrivileged(Native Method) ~[?:1.8.0_362]
	at javax.security.auth.Subject.doAs(Subject.java:422) [?:1.8.0_362]
	at org.apache.hadoop.security.UserGroupInformation.doAs(UserGroupInformation.java:1878) [hadoop-common-3.3.4.jar:?]
	at org.apache.hadoop.ipc.Server$Handler.run(Server.java:2976) [hadoop-common-3.3.4.jar:?]
]]></system-out>
  </testcase>
  <testcase name="testRenameWithNonExistentSource" classname="TestOzoneFileSystem" time="0.003">
    <system-out><![CDATA[2023-02-16 16:35:51,105 [Time-limited test] INFO  ozone.TestOzoneFileSystem (TestOzoneFileSystem.java:testRenameWithNonExistentSource(1151)) - Created destin dir: o3fs://bucket78568.volume78724/root/dir2
2023-02-16 16:35:51,105 [Time-limited test] INFO  ozone.TestOzoneFileSystem (TestOzoneFileSystem.java:testRenameWithNonExistentSource(1153)) - Rename op-> source:o3fs://bucket78568.volume78724/root/dir1 to destin:o3fs://bucket78568.volume78724/root/dir2}
16:35:51.105 [IPC Server handler 11 on default port 38619] ERROR OMAudit - user=runner | ip=127.0.0.1 | op=GET_FILE_STATUS {volume=volume78724, bucket=bucket78568, key=root/dir1, dataSize=0, replicationConfig=null} | ret=FAILURE
org.apache.hadoop.ozone.om.exceptions.OMException: Unable to get file status: volume: volume78724 bucket: bucket78568 key: root/dir1
	at org.apache.hadoop.ozone.om.KeyManagerImpl.getOzoneFileStatus(KeyManagerImpl.java:1162) ~[ozone-manager-1.4.0-SNAPSHOT.jar:?]
	at org.apache.hadoop.ozone.om.KeyManagerImpl.getFileStatus(KeyManagerImpl.java:1080) ~[ozone-manager-1.4.0-SNAPSHOT.jar:?]
	at org.apache.hadoop.ozone.om.OmMetadataReader.getFileStatus(OmMetadataReader.java:288) ~[ozone-manager-1.4.0-SNAPSHOT.jar:?]
	at org.apache.hadoop.ozone.om.OzoneManager.getFileStatus(OzoneManager.java:3450) ~[ozone-manager-1.4.0-SNAPSHOT.jar:?]
	at org.apache.hadoop.ozone.protocolPB.OzoneManagerRequestHandler.getOzoneFileStatus(OzoneManagerRequestHandler.java:933) ~[ozone-manager-1.4.0-SNAPSHOT.jar:?]
	at org.apache.hadoop.ozone.protocolPB.OzoneManagerRequestHandler.handleReadRequest(OzoneManagerRequestHandler.java:238) ~[ozone-manager-1.4.0-SNAPSHOT.jar:?]
	at org.apache.hadoop.ozone.protocolPB.OzoneManagerProtocolServerSideTranslatorPB.submitRequestDirectlyToOM(OzoneManagerProtocolServerSideTranslatorPB.java:271) ~[ozone-manager-1.4.0-SNAPSHOT.jar:?]
	at org.apache.hadoop.ozone.protocolPB.OzoneManagerProtocolServerSideTranslatorPB.processRequest(OzoneManagerProtocolServerSideTranslatorPB.java:173) ~[ozone-manager-1.4.0-SNAPSHOT.jar:?]
	at org.apache.hadoop.hdds.server.OzoneProtocolMessageDispatcher.processRequest(OzoneProtocolMessageDispatcher.java:87) [hdds-server-framework-1.4.0-SNAPSHOT.jar:?]
	at org.apache.hadoop.ozone.protocolPB.OzoneManagerProtocolServerSideTranslatorPB.submitRequest(OzoneManagerProtocolServerSideTranslatorPB.java:147) [ozone-manager-1.4.0-SNAPSHOT.jar:?]
	at org.apache.hadoop.ozone.protocol.proto.OzoneManagerProtocolProtos$OzoneManagerService$2.callBlockingMethod(OzoneManagerProtocolProtos.java) [ozone-interface-client-1.4.0-SNAPSHOT.jar:?]
	at org.apache.hadoop.ipc.ProtobufRpcEngine$Server.processCall(ProtobufRpcEngine.java:465) [hadoop-common-3.3.4.jar:?]
	at org.apache.hadoop.ipc.ProtobufRpcEngine2$Server$ProtoBufRpcInvoker.call(ProtobufRpcEngine2.java:578) [hadoop-common-3.3.4.jar:?]
	at org.apache.hadoop.ipc.ProtobufRpcEngine2$Server$ProtoBufRpcInvoker.call(ProtobufRpcEngine2.java:556) [hadoop-common-3.3.4.jar:?]
	at org.apache.hadoop.ipc.RPC$Server.call(RPC.java:1093) [hadoop-common-3.3.4.jar:?]
	at org.apache.hadoop.ipc.Server$RpcCall.run(Server.java:1043) [hadoop-common-3.3.4.jar:?]
	at org.apache.hadoop.ipc.Server$RpcCall.run(Server.java:971) [hadoop-common-3.3.4.jar:?]
	at java.security.AccessController.doPrivileged(Native Method) ~[?:1.8.0_362]
	at javax.security.auth.Subject.doAs(Subject.java:422) [?:1.8.0_362]
	at org.apache.hadoop.security.UserGroupInformation.doAs(UserGroupInformation.java:1878) [hadoop-common-3.3.4.jar:?]
	at org.apache.hadoop.ipc.Server$Handler.run(Server.java:2976) [hadoop-common-3.3.4.jar:?]
]]></system-out>
  </testcase>
  <testcase name="testRenameToParentDir" classname="TestOzoneFileSystem" time="0.056">
    <system-out><![CDATA[2023-02-16 16:33:12,683 [OM StateMachine ApplyTransaction Thread - 0] INFO  key.OMKeyRequest (OMKeyRequest.java:wrapUncommittedBlocksAsPseudoKey(837)) - Detect allocated but uncommitted blocks [{blockID={containerID=3, localID=111677748019200008}, length=4194304, offset=0, token=null, pipeline=null, createVersion=0, partNumber=0}] in key root_dir/dir1/file2.
16:33:12.688 [IPC Server handler 12 on default port 37073] ERROR OMAudit - user=runner | ip=127.0.0.1 | op=LIST_STATUS {volume=volume28358, bucket=bucket39322, key=root_dir/dir2, dataSize=0, replicationConfig=null} | ret=FAILURE
org.apache.hadoop.ozone.om.exceptions.OMException: Unable to get file status: volume: volume28358 bucket: bucket39322 key: root_dir/dir2
	at org.apache.hadoop.ozone.om.KeyManagerImpl.getOzoneFileStatus(KeyManagerImpl.java:1162) ~[ozone-manager-1.4.0-SNAPSHOT.jar:?]
	at org.apache.hadoop.ozone.om.KeyManagerImpl.getFileStatus(KeyManagerImpl.java:1080) ~[ozone-manager-1.4.0-SNAPSHOT.jar:?]
	at org.apache.hadoop.ozone.om.KeyManagerImpl.listStatus(KeyManagerImpl.java:1443) ~[ozone-manager-1.4.0-SNAPSHOT.jar:?]
	at org.apache.hadoop.ozone.om.OmMetadataReader.listStatus(OmMetadataReader.java:261) ~[ozone-manager-1.4.0-SNAPSHOT.jar:?]
	at org.apache.hadoop.ozone.om.OzoneManager.listStatus(OzoneManager.java:3469) ~[ozone-manager-1.4.0-SNAPSHOT.jar:?]
	at org.apache.hadoop.ozone.protocolPB.OzoneManagerRequestHandler.listStatus(OzoneManagerRequestHandler.java:1097) ~[ozone-manager-1.4.0-SNAPSHOT.jar:?]
	at org.apache.hadoop.ozone.protocolPB.OzoneManagerRequestHandler.handleReadRequest(OzoneManagerRequestHandler.java:249) ~[ozone-manager-1.4.0-SNAPSHOT.jar:?]
	at org.apache.hadoop.ozone.protocolPB.OzoneManagerProtocolServerSideTranslatorPB.submitReadRequestToOM(OzoneManagerProtocolServerSideTranslatorPB.java:223) ~[ozone-manager-1.4.0-SNAPSHOT.jar:?]
	at org.apache.hadoop.ozone.protocolPB.OzoneManagerProtocolServerSideTranslatorPB.processRequest(OzoneManagerProtocolServerSideTranslatorPB.java:177) ~[ozone-manager-1.4.0-SNAPSHOT.jar:?]
	at org.apache.hadoop.hdds.server.OzoneProtocolMessageDispatcher.processRequest(OzoneProtocolMessageDispatcher.java:87) [hdds-server-framework-1.4.0-SNAPSHOT.jar:?]
	at org.apache.hadoop.ozone.protocolPB.OzoneManagerProtocolServerSideTranslatorPB.submitRequest(OzoneManagerProtocolServerSideTranslatorPB.java:147) [ozone-manager-1.4.0-SNAPSHOT.jar:?]
	at org.apache.hadoop.ozone.protocol.proto.OzoneManagerProtocolProtos$OzoneManagerService$2.callBlockingMethod(OzoneManagerProtocolProtos.java) [ozone-interface-client-1.4.0-SNAPSHOT.jar:?]
	at org.apache.hadoop.ipc.ProtobufRpcEngine$Server.processCall(ProtobufRpcEngine.java:465) [hadoop-common-3.3.4.jar:?]
	at org.apache.hadoop.ipc.ProtobufRpcEngine2$Server$ProtoBufRpcInvoker.call(ProtobufRpcEngine2.java:578) [hadoop-common-3.3.4.jar:?]
	at org.apache.hadoop.ipc.ProtobufRpcEngine2$Server$ProtoBufRpcInvoker.call(ProtobufRpcEngine2.java:556) [hadoop-common-3.3.4.jar:?]
	at org.apache.hadoop.ipc.RPC$Server.call(RPC.java:1093) [hadoop-common-3.3.4.jar:?]
	at org.apache.hadoop.ipc.Server$RpcCall.run(Server.java:1043) [hadoop-common-3.3.4.jar:?]
	at org.apache.hadoop.ipc.Server$RpcCall.run(Server.java:971) [hadoop-common-3.3.4.jar:?]
	at java.security.AccessController.doPrivileged(Native Method) ~[?:1.8.0_362]
	at javax.security.auth.Subject.doAs(Subject.java:422) [?:1.8.0_362]
	at org.apache.hadoop.security.UserGroupInformation.doAs(UserGroupInformation.java:1878) [hadoop-common-3.3.4.jar:?]
	at org.apache.hadoop.ipc.Server$Handler.run(Server.java:2976) [hadoop-common-3.3.4.jar:?]
16:33:12.700 [IPC Server handler 18 on default port 37073] ERROR OMAudit - user=runner | ip=127.0.0.1 | op=LIST_STATUS {volume=volume28358, bucket=bucket39322, key=root_dir/file2, dataSize=0, replicationConfig=null} | ret=FAILURE
org.apache.hadoop.ozone.om.exceptions.OMException: Unable to get file status: volume: volume28358 bucket: bucket39322 key: root_dir/file2
	at org.apache.hadoop.ozone.om.KeyManagerImpl.getOzoneFileStatus(KeyManagerImpl.java:1162) ~[ozone-manager-1.4.0-SNAPSHOT.jar:?]
	at org.apache.hadoop.ozone.om.KeyManagerImpl.getFileStatus(KeyManagerImpl.java:1080) ~[ozone-manager-1.4.0-SNAPSHOT.jar:?]
	at org.apache.hadoop.ozone.om.KeyManagerImpl.listStatus(KeyManagerImpl.java:1443) ~[ozone-manager-1.4.0-SNAPSHOT.jar:?]
	at org.apache.hadoop.ozone.om.OmMetadataReader.listStatus(OmMetadataReader.java:261) ~[ozone-manager-1.4.0-SNAPSHOT.jar:?]
	at org.apache.hadoop.ozone.om.OzoneManager.listStatus(OzoneManager.java:3469) ~[ozone-manager-1.4.0-SNAPSHOT.jar:?]
	at org.apache.hadoop.ozone.protocolPB.OzoneManagerRequestHandler.listStatus(OzoneManagerRequestHandler.java:1097) ~[ozone-manager-1.4.0-SNAPSHOT.jar:?]
	at org.apache.hadoop.ozone.protocolPB.OzoneManagerRequestHandler.handleReadRequest(OzoneManagerRequestHandler.java:249) ~[ozone-manager-1.4.0-SNAPSHOT.jar:?]
	at org.apache.hadoop.ozone.protocolPB.OzoneManagerProtocolServerSideTranslatorPB.submitReadRequestToOM(OzoneManagerProtocolServerSideTranslatorPB.java:223) ~[ozone-manager-1.4.0-SNAPSHOT.jar:?]
	at org.apache.hadoop.ozone.protocolPB.OzoneManagerProtocolServerSideTranslatorPB.processRequest(OzoneManagerProtocolServerSideTranslatorPB.java:177) ~[ozone-manager-1.4.0-SNAPSHOT.jar:?]
	at org.apache.hadoop.hdds.server.OzoneProtocolMessageDispatcher.processRequest(OzoneProtocolMessageDispatcher.java:87) [hdds-server-framework-1.4.0-SNAPSHOT.jar:?]
	at org.apache.hadoop.ozone.protocolPB.OzoneManagerProtocolServerSideTranslatorPB.submitRequest(OzoneManagerProtocolServerSideTranslatorPB.java:147) [ozone-manager-1.4.0-SNAPSHOT.jar:?]
	at org.apache.hadoop.ozone.protocol.proto.OzoneManagerProtocolProtos$OzoneManagerService$2.callBlockingMethod(OzoneManagerProtocolProtos.java) [ozone-interface-client-1.4.0-SNAPSHOT.jar:?]
	at org.apache.hadoop.ipc.ProtobufRpcEngine$Server.processCall(ProtobufRpcEngine.java:465) [hadoop-common-3.3.4.jar:?]
	at org.apache.hadoop.ipc.ProtobufRpcEngine2$Server$ProtoBufRpcInvoker.call(ProtobufRpcEngine2.java:578) [hadoop-common-3.3.4.jar:?]
	at org.apache.hadoop.ipc.ProtobufRpcEngine2$Server$ProtoBufRpcInvoker.call(ProtobufRpcEngine2.java:556) [hadoop-common-3.3.4.jar:?]
	at org.apache.hadoop.ipc.RPC$Server.call(RPC.java:1093) [hadoop-common-3.3.4.jar:?]
	at org.apache.hadoop.ipc.Server$RpcCall.run(Server.java:1043) [hadoop-common-3.3.4.jar:?]
	at org.apache.hadoop.ipc.Server$RpcCall.run(Server.java:971) [hadoop-common-3.3.4.jar:?]
	at java.security.AccessController.doPrivileged(Native Method) ~[?:1.8.0_362]
	at javax.security.auth.Subject.doAs(Subject.java:422) [?:1.8.0_362]
	at org.apache.hadoop.security.UserGroupInformation.doAs(UserGroupInformation.java:1878) [hadoop-common-3.3.4.jar:?]
	at org.apache.hadoop.ipc.Server$Handler.run(Server.java:2976) [hadoop-common-3.3.4.jar:?]
]]></system-out>
  </testcase>
  <testcase name="testRenameToParentDir" classname="TestOzoneFileSystem" time="0.019">
    <system-out><![CDATA[2023-02-16 16:34:12,916 [IPC Server handler 19 on default port 46781] INFO  key.OMKeyRequest (OMKeyRequest.java:wrapUncommittedBlocksAsPseudoKey(837)) - Detect allocated but uncommitted blocks [{blockID={containerID=4, localID=111677748019200008}, length=4194304, offset=0, token=null, pipeline=null, createVersion=0, partNumber=0}] in key root_dir/dir1/file2.
16:34:12.918 [IPC Server handler 16 on default port 46781] ERROR OMAudit - user=runner | ip=127.0.0.1 | op=LIST_STATUS {volume=volume76608, bucket=bucket25283, key=root_dir/dir2, dataSize=0, replicationConfig=null} | ret=FAILURE
org.apache.hadoop.ozone.om.exceptions.OMException: Unable to get file status: volume: volume76608 bucket: bucket25283 key: root_dir/dir2
	at org.apache.hadoop.ozone.om.KeyManagerImpl.getOzoneFileStatus(KeyManagerImpl.java:1162) ~[ozone-manager-1.4.0-SNAPSHOT.jar:?]
	at org.apache.hadoop.ozone.om.KeyManagerImpl.getFileStatus(KeyManagerImpl.java:1080) ~[ozone-manager-1.4.0-SNAPSHOT.jar:?]
	at org.apache.hadoop.ozone.om.KeyManagerImpl.listStatus(KeyManagerImpl.java:1443) ~[ozone-manager-1.4.0-SNAPSHOT.jar:?]
	at org.apache.hadoop.ozone.om.OmMetadataReader.listStatus(OmMetadataReader.java:261) ~[ozone-manager-1.4.0-SNAPSHOT.jar:?]
	at org.apache.hadoop.ozone.om.OzoneManager.listStatus(OzoneManager.java:3469) ~[ozone-manager-1.4.0-SNAPSHOT.jar:?]
	at org.apache.hadoop.ozone.protocolPB.OzoneManagerRequestHandler.listStatus(OzoneManagerRequestHandler.java:1097) ~[ozone-manager-1.4.0-SNAPSHOT.jar:?]
	at org.apache.hadoop.ozone.protocolPB.OzoneManagerRequestHandler.handleReadRequest(OzoneManagerRequestHandler.java:249) ~[ozone-manager-1.4.0-SNAPSHOT.jar:?]
	at org.apache.hadoop.ozone.protocolPB.OzoneManagerProtocolServerSideTranslatorPB.submitRequestDirectlyToOM(OzoneManagerProtocolServerSideTranslatorPB.java:271) ~[ozone-manager-1.4.0-SNAPSHOT.jar:?]
	at org.apache.hadoop.ozone.protocolPB.OzoneManagerProtocolServerSideTranslatorPB.processRequest(OzoneManagerProtocolServerSideTranslatorPB.java:173) ~[ozone-manager-1.4.0-SNAPSHOT.jar:?]
	at org.apache.hadoop.hdds.server.OzoneProtocolMessageDispatcher.processRequest(OzoneProtocolMessageDispatcher.java:87) [hdds-server-framework-1.4.0-SNAPSHOT.jar:?]
	at org.apache.hadoop.ozone.protocolPB.OzoneManagerProtocolServerSideTranslatorPB.submitRequest(OzoneManagerProtocolServerSideTranslatorPB.java:147) [ozone-manager-1.4.0-SNAPSHOT.jar:?]
	at org.apache.hadoop.ozone.protocol.proto.OzoneManagerProtocolProtos$OzoneManagerService$2.callBlockingMethod(OzoneManagerProtocolProtos.java) [ozone-interface-client-1.4.0-SNAPSHOT.jar:?]
	at org.apache.hadoop.ipc.ProtobufRpcEngine$Server.processCall(ProtobufRpcEngine.java:465) [hadoop-common-3.3.4.jar:?]
	at org.apache.hadoop.ipc.ProtobufRpcEngine2$Server$ProtoBufRpcInvoker.call(ProtobufRpcEngine2.java:578) [hadoop-common-3.3.4.jar:?]
	at org.apache.hadoop.ipc.ProtobufRpcEngine2$Server$ProtoBufRpcInvoker.call(ProtobufRpcEngine2.java:556) [hadoop-common-3.3.4.jar:?]
	at org.apache.hadoop.ipc.RPC$Server.call(RPC.java:1093) [hadoop-common-3.3.4.jar:?]
	at org.apache.hadoop.ipc.Server$RpcCall.run(Server.java:1043) [hadoop-common-3.3.4.jar:?]
	at org.apache.hadoop.ipc.Server$RpcCall.run(Server.java:971) [hadoop-common-3.3.4.jar:?]
	at java.security.AccessController.doPrivileged(Native Method) ~[?:1.8.0_362]
	at javax.security.auth.Subject.doAs(Subject.java:422) [?:1.8.0_362]
	at org.apache.hadoop.security.UserGroupInformation.doAs(UserGroupInformation.java:1878) [hadoop-common-3.3.4.jar:?]
	at org.apache.hadoop.ipc.Server$Handler.run(Server.java:2976) [hadoop-common-3.3.4.jar:?]
16:34:12.924 [IPC Server handler 8 on default port 46781] ERROR OMAudit - user=runner | ip=127.0.0.1 | op=LIST_STATUS {volume=volume76608, bucket=bucket25283, key=root_dir/file2, dataSize=0, replicationConfig=null} | ret=FAILURE
org.apache.hadoop.ozone.om.exceptions.OMException: Unable to get file status: volume: volume76608 bucket: bucket25283 key: root_dir/file2
	at org.apache.hadoop.ozone.om.KeyManagerImpl.getOzoneFileStatus(KeyManagerImpl.java:1162) ~[ozone-manager-1.4.0-SNAPSHOT.jar:?]
	at org.apache.hadoop.ozone.om.KeyManagerImpl.getFileStatus(KeyManagerImpl.java:1080) ~[ozone-manager-1.4.0-SNAPSHOT.jar:?]
	at org.apache.hadoop.ozone.om.KeyManagerImpl.listStatus(KeyManagerImpl.java:1443) ~[ozone-manager-1.4.0-SNAPSHOT.jar:?]
	at org.apache.hadoop.ozone.om.OmMetadataReader.listStatus(OmMetadataReader.java:261) ~[ozone-manager-1.4.0-SNAPSHOT.jar:?]
	at org.apache.hadoop.ozone.om.OzoneManager.listStatus(OzoneManager.java:3469) ~[ozone-manager-1.4.0-SNAPSHOT.jar:?]
	at org.apache.hadoop.ozone.protocolPB.OzoneManagerRequestHandler.listStatus(OzoneManagerRequestHandler.java:1097) ~[ozone-manager-1.4.0-SNAPSHOT.jar:?]
	at org.apache.hadoop.ozone.protocolPB.OzoneManagerRequestHandler.handleReadRequest(OzoneManagerRequestHandler.java:249) ~[ozone-manager-1.4.0-SNAPSHOT.jar:?]
	at org.apache.hadoop.ozone.protocolPB.OzoneManagerProtocolServerSideTranslatorPB.submitRequestDirectlyToOM(OzoneManagerProtocolServerSideTranslatorPB.java:271) ~[ozone-manager-1.4.0-SNAPSHOT.jar:?]
	at org.apache.hadoop.ozone.protocolPB.OzoneManagerProtocolServerSideTranslatorPB.processRequest(OzoneManagerProtocolServerSideTranslatorPB.java:173) ~[ozone-manager-1.4.0-SNAPSHOT.jar:?]
	at org.apache.hadoop.hdds.server.OzoneProtocolMessageDispatcher.processRequest(OzoneProtocolMessageDispatcher.java:87) [hdds-server-framework-1.4.0-SNAPSHOT.jar:?]
	at org.apache.hadoop.ozone.protocolPB.OzoneManagerProtocolServerSideTranslatorPB.submitRequest(OzoneManagerProtocolServerSideTranslatorPB.java:147) [ozone-manager-1.4.0-SNAPSHOT.jar:?]
	at org.apache.hadoop.ozone.protocol.proto.OzoneManagerProtocolProtos$OzoneManagerService$2.callBlockingMethod(OzoneManagerProtocolProtos.java) [ozone-interface-client-1.4.0-SNAPSHOT.jar:?]
	at org.apache.hadoop.ipc.ProtobufRpcEngine$Server.processCall(ProtobufRpcEngine.java:465) [hadoop-common-3.3.4.jar:?]
	at org.apache.hadoop.ipc.ProtobufRpcEngine2$Server$ProtoBufRpcInvoker.call(ProtobufRpcEngine2.java:578) [hadoop-common-3.3.4.jar:?]
	at org.apache.hadoop.ipc.ProtobufRpcEngine2$Server$ProtoBufRpcInvoker.call(ProtobufRpcEngine2.java:556) [hadoop-common-3.3.4.jar:?]
	at org.apache.hadoop.ipc.RPC$Server.call(RPC.java:1093) [hadoop-common-3.3.4.jar:?]
	at org.apache.hadoop.ipc.Server$RpcCall.run(Server.java:1043) [hadoop-common-3.3.4.jar:?]
	at org.apache.hadoop.ipc.Server$RpcCall.run(Server.java:971) [hadoop-common-3.3.4.jar:?]
	at java.security.AccessController.doPrivileged(Native Method) ~[?:1.8.0_362]
	at javax.security.auth.Subject.doAs(Subject.java:422) [?:1.8.0_362]
	at org.apache.hadoop.security.UserGroupInformation.doAs(UserGroupInformation.java:1878) [hadoop-common-3.3.4.jar:?]
	at org.apache.hadoop.ipc.Server$Handler.run(Server.java:2976) [hadoop-common-3.3.4.jar:?]
]]></system-out>
  </testcase>
  <testcase name="testRenameToParentDir" classname="TestOzoneFileSystem" time="0.024">
    <system-out><![CDATA[2023-02-16 16:35:00,086 [OM StateMachine ApplyTransaction Thread - 0] INFO  key.OMKeyRequest (OMKeyRequest.java:wrapUncommittedBlocksAsPseudoKey(837)) - Detect allocated but uncommitted blocks [{blockID={containerID=2, localID=111677748019200008}, length=4194304, offset=0, token=null, pipeline=null, createVersion=0, partNumber=0}] in key root_dir/dir1/file2.
16:35:00.089 [IPC Server handler 19 on default port 44851] ERROR OMAudit - user=runner | ip=127.0.0.1 | op=LIST_STATUS {volume=volume35667, bucket=bucket27185, key=root_dir/dir2, dataSize=0, replicationConfig=null} | ret=FAILURE
org.apache.hadoop.ozone.om.exceptions.OMException: Unable to get file status: volume: volume35667 bucket: bucket27185 key: root_dir/dir2
	at org.apache.hadoop.ozone.om.KeyManagerImpl.getOzoneFileStatus(KeyManagerImpl.java:1162) ~[ozone-manager-1.4.0-SNAPSHOT.jar:?]
	at org.apache.hadoop.ozone.om.KeyManagerImpl.getFileStatus(KeyManagerImpl.java:1080) ~[ozone-manager-1.4.0-SNAPSHOT.jar:?]
	at org.apache.hadoop.ozone.om.KeyManagerImpl.listStatus(KeyManagerImpl.java:1443) ~[ozone-manager-1.4.0-SNAPSHOT.jar:?]
	at org.apache.hadoop.ozone.om.OmMetadataReader.listStatus(OmMetadataReader.java:261) ~[ozone-manager-1.4.0-SNAPSHOT.jar:?]
	at org.apache.hadoop.ozone.om.OzoneManager.listStatus(OzoneManager.java:3469) ~[ozone-manager-1.4.0-SNAPSHOT.jar:?]
	at org.apache.hadoop.ozone.protocolPB.OzoneManagerRequestHandler.listStatus(OzoneManagerRequestHandler.java:1097) ~[ozone-manager-1.4.0-SNAPSHOT.jar:?]
	at org.apache.hadoop.ozone.protocolPB.OzoneManagerRequestHandler.handleReadRequest(OzoneManagerRequestHandler.java:249) ~[ozone-manager-1.4.0-SNAPSHOT.jar:?]
	at org.apache.hadoop.ozone.protocolPB.OzoneManagerProtocolServerSideTranslatorPB.submitReadRequestToOM(OzoneManagerProtocolServerSideTranslatorPB.java:223) ~[ozone-manager-1.4.0-SNAPSHOT.jar:?]
	at org.apache.hadoop.ozone.protocolPB.OzoneManagerProtocolServerSideTranslatorPB.processRequest(OzoneManagerProtocolServerSideTranslatorPB.java:177) ~[ozone-manager-1.4.0-SNAPSHOT.jar:?]
	at org.apache.hadoop.hdds.server.OzoneProtocolMessageDispatcher.processRequest(OzoneProtocolMessageDispatcher.java:87) [hdds-server-framework-1.4.0-SNAPSHOT.jar:?]
	at org.apache.hadoop.ozone.protocolPB.OzoneManagerProtocolServerSideTranslatorPB.submitRequest(OzoneManagerProtocolServerSideTranslatorPB.java:147) [ozone-manager-1.4.0-SNAPSHOT.jar:?]
	at org.apache.hadoop.ozone.protocol.proto.OzoneManagerProtocolProtos$OzoneManagerService$2.callBlockingMethod(OzoneManagerProtocolProtos.java) [ozone-interface-client-1.4.0-SNAPSHOT.jar:?]
	at org.apache.hadoop.ipc.ProtobufRpcEngine$Server.processCall(ProtobufRpcEngine.java:465) [hadoop-common-3.3.4.jar:?]
	at org.apache.hadoop.ipc.ProtobufRpcEngine2$Server$ProtoBufRpcInvoker.call(ProtobufRpcEngine2.java:578) [hadoop-common-3.3.4.jar:?]
	at org.apache.hadoop.ipc.ProtobufRpcEngine2$Server$ProtoBufRpcInvoker.call(ProtobufRpcEngine2.java:556) [hadoop-common-3.3.4.jar:?]
	at org.apache.hadoop.ipc.RPC$Server.call(RPC.java:1093) [hadoop-common-3.3.4.jar:?]
	at org.apache.hadoop.ipc.Server$RpcCall.run(Server.java:1043) [hadoop-common-3.3.4.jar:?]
	at org.apache.hadoop.ipc.Server$RpcCall.run(Server.java:971) [hadoop-common-3.3.4.jar:?]
	at java.security.AccessController.doPrivileged(Native Method) ~[?:1.8.0_362]
	at javax.security.auth.Subject.doAs(Subject.java:422) [?:1.8.0_362]
	at org.apache.hadoop.security.UserGroupInformation.doAs(UserGroupInformation.java:1878) [hadoop-common-3.3.4.jar:?]
	at org.apache.hadoop.ipc.Server$Handler.run(Server.java:2976) [hadoop-common-3.3.4.jar:?]
16:35:00.093 [IPC Server handler 0 on default port 44851] ERROR OMAudit - user=runner | ip=127.0.0.1 | op=LIST_STATUS {volume=volume35667, bucket=bucket27185, key=root_dir/file2, dataSize=0, replicationConfig=null} | ret=FAILURE
org.apache.hadoop.ozone.om.exceptions.OMException: Unable to get file status: volume: volume35667 bucket: bucket27185 key: root_dir/file2
	at org.apache.hadoop.ozone.om.KeyManagerImpl.getOzoneFileStatus(KeyManagerImpl.java:1162) ~[ozone-manager-1.4.0-SNAPSHOT.jar:?]
	at org.apache.hadoop.ozone.om.KeyManagerImpl.getFileStatus(KeyManagerImpl.java:1080) ~[ozone-manager-1.4.0-SNAPSHOT.jar:?]
	at org.apache.hadoop.ozone.om.KeyManagerImpl.listStatus(KeyManagerImpl.java:1443) ~[ozone-manager-1.4.0-SNAPSHOT.jar:?]
	at org.apache.hadoop.ozone.om.OmMetadataReader.listStatus(OmMetadataReader.java:261) ~[ozone-manager-1.4.0-SNAPSHOT.jar:?]
	at org.apache.hadoop.ozone.om.OzoneManager.listStatus(OzoneManager.java:3469) ~[ozone-manager-1.4.0-SNAPSHOT.jar:?]
	at org.apache.hadoop.ozone.protocolPB.OzoneManagerRequestHandler.listStatus(OzoneManagerRequestHandler.java:1097) ~[ozone-manager-1.4.0-SNAPSHOT.jar:?]
	at org.apache.hadoop.ozone.protocolPB.OzoneManagerRequestHandler.handleReadRequest(OzoneManagerRequestHandler.java:249) ~[ozone-manager-1.4.0-SNAPSHOT.jar:?]
	at org.apache.hadoop.ozone.protocolPB.OzoneManagerProtocolServerSideTranslatorPB.submitReadRequestToOM(OzoneManagerProtocolServerSideTranslatorPB.java:223) ~[ozone-manager-1.4.0-SNAPSHOT.jar:?]
	at org.apache.hadoop.ozone.protocolPB.OzoneManagerProtocolServerSideTranslatorPB.processRequest(OzoneManagerProtocolServerSideTranslatorPB.java:177) ~[ozone-manager-1.4.0-SNAPSHOT.jar:?]
	at org.apache.hadoop.hdds.server.OzoneProtocolMessageDispatcher.processRequest(OzoneProtocolMessageDispatcher.java:87) [hdds-server-framework-1.4.0-SNAPSHOT.jar:?]
	at org.apache.hadoop.ozone.protocolPB.OzoneManagerProtocolServerSideTranslatorPB.submitRequest(OzoneManagerProtocolServerSideTranslatorPB.java:147) [ozone-manager-1.4.0-SNAPSHOT.jar:?]
	at org.apache.hadoop.ozone.protocol.proto.OzoneManagerProtocolProtos$OzoneManagerService$2.callBlockingMethod(OzoneManagerProtocolProtos.java) [ozone-interface-client-1.4.0-SNAPSHOT.jar:?]
	at org.apache.hadoop.ipc.ProtobufRpcEngine$Server.processCall(ProtobufRpcEngine.java:465) [hadoop-common-3.3.4.jar:?]
	at org.apache.hadoop.ipc.ProtobufRpcEngine2$Server$ProtoBufRpcInvoker.call(ProtobufRpcEngine2.java:578) [hadoop-common-3.3.4.jar:?]
	at org.apache.hadoop.ipc.ProtobufRpcEngine2$Server$ProtoBufRpcInvoker.call(ProtobufRpcEngine2.java:556) [hadoop-common-3.3.4.jar:?]
	at org.apache.hadoop.ipc.RPC$Server.call(RPC.java:1093) [hadoop-common-3.3.4.jar:?]
	at org.apache.hadoop.ipc.Server$RpcCall.run(Server.java:1043) [hadoop-common-3.3.4.jar:?]
	at org.apache.hadoop.ipc.Server$RpcCall.run(Server.java:971) [hadoop-common-3.3.4.jar:?]
	at java.security.AccessController.doPrivileged(Native Method) ~[?:1.8.0_362]
	at javax.security.auth.Subject.doAs(Subject.java:422) [?:1.8.0_362]
	at org.apache.hadoop.security.UserGroupInformation.doAs(UserGroupInformation.java:1878) [hadoop-common-3.3.4.jar:?]
	at org.apache.hadoop.ipc.Server$Handler.run(Server.java:2976) [hadoop-common-3.3.4.jar:?]
]]></system-out>
  </testcase>
  <testcase name="testRenameToParentDir" classname="TestOzoneFileSystem" time="0.014">
    <system-out><![CDATA[2023-02-16 16:35:51,112 [IPC Server handler 19 on default port 38619] INFO  key.OMKeyRequest (OMKeyRequest.java:wrapUncommittedBlocksAsPseudoKey(837)) - Detect allocated but uncommitted blocks [{blockID={containerID=1, localID=111677748019200008}, length=4194304, offset=0, token=null, pipeline=null, createVersion=0, partNumber=0}] in key root_dir/dir1/file2.
16:35:51.113 [IPC Server handler 2 on default port 38619] ERROR OMAudit - user=runner | ip=127.0.0.1 | op=LIST_STATUS {volume=volume78724, bucket=bucket78568, key=root_dir/dir2, dataSize=0, replicationConfig=null} | ret=FAILURE
org.apache.hadoop.ozone.om.exceptions.OMException: Unable to get file status: volume: volume78724 bucket: bucket78568 key: root_dir/dir2
	at org.apache.hadoop.ozone.om.KeyManagerImpl.getOzoneFileStatus(KeyManagerImpl.java:1162) ~[ozone-manager-1.4.0-SNAPSHOT.jar:?]
	at org.apache.hadoop.ozone.om.KeyManagerImpl.getFileStatus(KeyManagerImpl.java:1080) ~[ozone-manager-1.4.0-SNAPSHOT.jar:?]
	at org.apache.hadoop.ozone.om.KeyManagerImpl.listStatus(KeyManagerImpl.java:1443) ~[ozone-manager-1.4.0-SNAPSHOT.jar:?]
	at org.apache.hadoop.ozone.om.OmMetadataReader.listStatus(OmMetadataReader.java:261) ~[ozone-manager-1.4.0-SNAPSHOT.jar:?]
	at org.apache.hadoop.ozone.om.OzoneManager.listStatus(OzoneManager.java:3469) ~[ozone-manager-1.4.0-SNAPSHOT.jar:?]
	at org.apache.hadoop.ozone.protocolPB.OzoneManagerRequestHandler.listStatus(OzoneManagerRequestHandler.java:1097) ~[ozone-manager-1.4.0-SNAPSHOT.jar:?]
	at org.apache.hadoop.ozone.protocolPB.OzoneManagerRequestHandler.handleReadRequest(OzoneManagerRequestHandler.java:249) ~[ozone-manager-1.4.0-SNAPSHOT.jar:?]
	at org.apache.hadoop.ozone.protocolPB.OzoneManagerProtocolServerSideTranslatorPB.submitRequestDirectlyToOM(OzoneManagerProtocolServerSideTranslatorPB.java:271) ~[ozone-manager-1.4.0-SNAPSHOT.jar:?]
	at org.apache.hadoop.ozone.protocolPB.OzoneManagerProtocolServerSideTranslatorPB.processRequest(OzoneManagerProtocolServerSideTranslatorPB.java:173) ~[ozone-manager-1.4.0-SNAPSHOT.jar:?]
	at org.apache.hadoop.hdds.server.OzoneProtocolMessageDispatcher.processRequest(OzoneProtocolMessageDispatcher.java:87) [hdds-server-framework-1.4.0-SNAPSHOT.jar:?]
	at org.apache.hadoop.ozone.protocolPB.OzoneManagerProtocolServerSideTranslatorPB.submitRequest(OzoneManagerProtocolServerSideTranslatorPB.java:147) [ozone-manager-1.4.0-SNAPSHOT.jar:?]
	at org.apache.hadoop.ozone.protocol.proto.OzoneManagerProtocolProtos$OzoneManagerService$2.callBlockingMethod(OzoneManagerProtocolProtos.java) [ozone-interface-client-1.4.0-SNAPSHOT.jar:?]
	at org.apache.hadoop.ipc.ProtobufRpcEngine$Server.processCall(ProtobufRpcEngine.java:465) [hadoop-common-3.3.4.jar:?]
	at org.apache.hadoop.ipc.ProtobufRpcEngine2$Server$ProtoBufRpcInvoker.call(ProtobufRpcEngine2.java:578) [hadoop-common-3.3.4.jar:?]
	at org.apache.hadoop.ipc.ProtobufRpcEngine2$Server$ProtoBufRpcInvoker.call(ProtobufRpcEngine2.java:556) [hadoop-common-3.3.4.jar:?]
	at org.apache.hadoop.ipc.RPC$Server.call(RPC.java:1093) [hadoop-common-3.3.4.jar:?]
	at org.apache.hadoop.ipc.Server$RpcCall.run(Server.java:1043) [hadoop-common-3.3.4.jar:?]
	at org.apache.hadoop.ipc.Server$RpcCall.run(Server.java:971) [hadoop-common-3.3.4.jar:?]
	at java.security.AccessController.doPrivileged(Native Method) ~[?:1.8.0_362]
	at javax.security.auth.Subject.doAs(Subject.java:422) [?:1.8.0_362]
	at org.apache.hadoop.security.UserGroupInformation.doAs(UserGroupInformation.java:1878) [hadoop-common-3.3.4.jar:?]
	at org.apache.hadoop.ipc.Server$Handler.run(Server.java:2976) [hadoop-common-3.3.4.jar:?]
16:35:51.116 [IPC Server handler 10 on default port 38619] ERROR OMAudit - user=runner | ip=127.0.0.1 | op=LIST_STATUS {volume=volume78724, bucket=bucket78568, key=root_dir/file2, dataSize=0, replicationConfig=null} | ret=FAILURE
org.apache.hadoop.ozone.om.exceptions.OMException: Unable to get file status: volume: volume78724 bucket: bucket78568 key: root_dir/file2
	at org.apache.hadoop.ozone.om.KeyManagerImpl.getOzoneFileStatus(KeyManagerImpl.java:1162) ~[ozone-manager-1.4.0-SNAPSHOT.jar:?]
	at org.apache.hadoop.ozone.om.KeyManagerImpl.getFileStatus(KeyManagerImpl.java:1080) ~[ozone-manager-1.4.0-SNAPSHOT.jar:?]
	at org.apache.hadoop.ozone.om.KeyManagerImpl.listStatus(KeyManagerImpl.java:1443) ~[ozone-manager-1.4.0-SNAPSHOT.jar:?]
	at org.apache.hadoop.ozone.om.OmMetadataReader.listStatus(OmMetadataReader.java:261) ~[ozone-manager-1.4.0-SNAPSHOT.jar:?]
	at org.apache.hadoop.ozone.om.OzoneManager.listStatus(OzoneManager.java:3469) ~[ozone-manager-1.4.0-SNAPSHOT.jar:?]
	at org.apache.hadoop.ozone.protocolPB.OzoneManagerRequestHandler.listStatus(OzoneManagerRequestHandler.java:1097) ~[ozone-manager-1.4.0-SNAPSHOT.jar:?]
	at org.apache.hadoop.ozone.protocolPB.OzoneManagerRequestHandler.handleReadRequest(OzoneManagerRequestHandler.java:249) ~[ozone-manager-1.4.0-SNAPSHOT.jar:?]
	at org.apache.hadoop.ozone.protocolPB.OzoneManagerProtocolServerSideTranslatorPB.submitRequestDirectlyToOM(OzoneManagerProtocolServerSideTranslatorPB.java:271) ~[ozone-manager-1.4.0-SNAPSHOT.jar:?]
	at org.apache.hadoop.ozone.protocolPB.OzoneManagerProtocolServerSideTranslatorPB.processRequest(OzoneManagerProtocolServerSideTranslatorPB.java:173) ~[ozone-manager-1.4.0-SNAPSHOT.jar:?]
	at org.apache.hadoop.hdds.server.OzoneProtocolMessageDispatcher.processRequest(OzoneProtocolMessageDispatcher.java:87) [hdds-server-framework-1.4.0-SNAPSHOT.jar:?]
	at org.apache.hadoop.ozone.protocolPB.OzoneManagerProtocolServerSideTranslatorPB.submitRequest(OzoneManagerProtocolServerSideTranslatorPB.java:147) [ozone-manager-1.4.0-SNAPSHOT.jar:?]
	at org.apache.hadoop.ozone.protocol.proto.OzoneManagerProtocolProtos$OzoneManagerService$2.callBlockingMethod(OzoneManagerProtocolProtos.java) [ozone-interface-client-1.4.0-SNAPSHOT.jar:?]
	at org.apache.hadoop.ipc.ProtobufRpcEngine$Server.processCall(ProtobufRpcEngine.java:465) [hadoop-common-3.3.4.jar:?]
	at org.apache.hadoop.ipc.ProtobufRpcEngine2$Server$ProtoBufRpcInvoker.call(ProtobufRpcEngine2.java:578) [hadoop-common-3.3.4.jar:?]
	at org.apache.hadoop.ipc.ProtobufRpcEngine2$Server$ProtoBufRpcInvoker.call(ProtobufRpcEngine2.java:556) [hadoop-common-3.3.4.jar:?]
	at org.apache.hadoop.ipc.RPC$Server.call(RPC.java:1093) [hadoop-common-3.3.4.jar:?]
	at org.apache.hadoop.ipc.Server$RpcCall.run(Server.java:1043) [hadoop-common-3.3.4.jar:?]
	at org.apache.hadoop.ipc.Server$RpcCall.run(Server.java:971) [hadoop-common-3.3.4.jar:?]
	at java.security.AccessController.doPrivileged(Native Method) ~[?:1.8.0_362]
	at javax.security.auth.Subject.doAs(Subject.java:422) [?:1.8.0_362]
	at org.apache.hadoop.security.UserGroupInformation.doAs(UserGroupInformation.java:1878) [hadoop-common-3.3.4.jar:?]
	at org.apache.hadoop.ipc.Server$Handler.run(Server.java:2976) [hadoop-common-3.3.4.jar:?]
]]></system-out>
  </testcase>
  <testcase name="testListStatusOnSubDirs" classname="TestOzoneFileSystem" time="0.045">
    <system-out><![CDATA[2023-02-16 16:33:12,740 [OM StateMachine ApplyTransaction Thread - 0] INFO  key.OMKeyRequest (OMKeyRequest.java:wrapUncommittedBlocksAsPseudoKey(837)) - Detect allocated but uncommitted blocks [{blockID={containerID=2, localID=111677748019200009}, length=4194304, offset=0, token=null, pipeline=null, createVersion=0, partNumber=0}] in key dir1/dir12/file121.
]]></system-out>
  </testcase>
  <testcase name="testListStatusOnSubDirs" classname="TestOzoneFileSystem" time="0.014">
    <system-out><![CDATA[2023-02-16 16:34:12,936 [IPC Server handler 11 on default port 46781] INFO  key.OMKeyRequest (OMKeyRequest.java:wrapUncommittedBlocksAsPseudoKey(837)) - Detect allocated but uncommitted blocks [{blockID={containerID=3, localID=111677748019200009}, length=4194304, offset=0, token=null, pipeline=Pipeline[ Id: 44a1a87c-b549-4b00-ab61-12ce0a931d26, Nodes: 640e7d3f-2dbd-4e46-b500-a7d3223ba7d6(fv-az167-289.21ktoceh2wee5fewwtpg1zd01g.bx.internal.cloudapp.net/10.1.0.66)9f5e5902-bacc-4266-a878-65e39c3ba6e9(fv-az167-289.21ktoceh2wee5fewwtpg1zd01g.bx.internal.cloudapp.net/10.1.0.66)22be8fd8-b8c6-40ff-8f14-846d94d7e632(fv-az167-289.21ktoceh2wee5fewwtpg1zd01g.bx.internal.cloudapp.net/10.1.0.66), ReplicationConfig: RATIS/THREE, State:OPEN, leaderId:640e7d3f-2dbd-4e46-b500-a7d3223ba7d6, CreationTimestamp2023-02-16T16:33:59.510Z[Etc/UTC]], createVersion=0, partNumber=0}] in key dir1/dir12/file121.
]]></system-out>
  </testcase>
  <testcase name="testListStatusOnSubDirs" classname="TestOzoneFileSystem" time="0.017">
    <system-out><![CDATA[2023-02-16 16:35:00,109 [OM StateMachine ApplyTransaction Thread - 0] INFO  key.OMKeyRequest (OMKeyRequest.java:wrapUncommittedBlocksAsPseudoKey(837)) - Detect allocated but uncommitted blocks [{blockID={containerID=1, localID=111677748019200009}, length=4194304, offset=0, token=null, pipeline=null, createVersion=0, partNumber=0}] in key dir1/dir12/file121.
]]></system-out>
  </testcase>
  <testcase name="testListStatusOnSubDirs" classname="TestOzoneFileSystem" time="0.008">
    <system-out><![CDATA[2023-02-16 16:35:51,125 [IPC Server handler 6 on default port 38619] INFO  key.OMKeyRequest (OMKeyRequest.java:wrapUncommittedBlocksAsPseudoKey(837)) - Detect allocated but uncommitted blocks [{blockID={containerID=4, localID=111677748019200009}, length=4194304, offset=0, token=null, pipeline=null, createVersion=0, partNumber=0}] in key dir1/dir12/file121.
]]></system-out>
  </testcase>
  <testcase name="testListStatus" classname="TestOzoneFileSystem" time="0.063">
    <system-out><![CDATA[2023-02-16 16:33:12,779 [OM StateMachine ApplyTransaction Thread - 0] INFO  key.OMKeyRequest (OMKeyRequest.java:wrapUncommittedBlocksAsPseudoKey(837)) - Detect allocated but uncommitted blocks [{blockID={containerID=1, localID=111677748019200010}, length=4194304, offset=0, token=null, pipeline=null, createVersion=0, partNumber=0}] in key testListStatus/key1.
2023-02-16 16:33:12,789 [OM StateMachine ApplyTransaction Thread - 0] INFO  key.OMKeyRequest (OMKeyRequest.java:wrapUncommittedBlocksAsPseudoKey(837)) - Detect allocated but uncommitted blocks [{blockID={containerID=2, localID=111677748019200011}, length=4194304, offset=0, token=null, pipeline=null, createVersion=0, partNumber=0}] in key testListStatus/key2.
2023-02-16 16:33:12,804 [OM StateMachine ApplyTransaction Thread - 0] INFO  key.OMKeyRequest (OMKeyRequest.java:wrapUncommittedBlocksAsPseudoKey(837)) - Detect allocated but uncommitted blocks [{blockID={containerID=1, localID=111677748019200012}, length=4194304, offset=0, token=null, pipeline=null, createVersion=0, partNumber=0}] in key testListStatus/dir1/key3.
2023-02-16 16:33:12,812 [OM StateMachine ApplyTransaction Thread - 0] INFO  key.OMKeyRequest (OMKeyRequest.java:wrapUncommittedBlocksAsPseudoKey(837)) - Detect allocated but uncommitted blocks [{blockID={containerID=4, localID=111677748019200013}, length=4194304, offset=0, token=null, pipeline=null, createVersion=0, partNumber=0}] in key testListStatus/dir1/key4.
]]></system-out>
  </testcase>
  <testcase name="testListStatus" classname="TestOzoneFileSystem" time="0.022">
    <system-out><![CDATA[2023-02-16 16:34:12,947 [IPC Server handler 16 on default port 46781] INFO  key.OMKeyRequest (OMKeyRequest.java:wrapUncommittedBlocksAsPseudoKey(837)) - Detect allocated but uncommitted blocks [{blockID={containerID=1, localID=111677748019200010}, length=4194304, offset=0, token=null, pipeline=null, createVersion=0, partNumber=0}] in key testListStatus/key1.
2023-02-16 16:34:12,950 [IPC Server handler 14 on default port 46781] INFO  key.OMKeyRequest (OMKeyRequest.java:wrapUncommittedBlocksAsPseudoKey(837)) - Detect allocated but uncommitted blocks [{blockID={containerID=2, localID=111677748019200011}, length=4194304, offset=0, token=null, pipeline=null, createVersion=0, partNumber=0}] in key testListStatus/key2.
2023-02-16 16:34:12,958 [IPC Server handler 10 on default port 46781] INFO  key.OMKeyRequest (OMKeyRequest.java:wrapUncommittedBlocksAsPseudoKey(837)) - Detect allocated but uncommitted blocks [{blockID={containerID=4, localID=111677748019200012}, length=4194304, offset=0, token=null, pipeline=null, createVersion=0, partNumber=0}] in key testListStatus/dir1/key3.
2023-02-16 16:34:12,961 [IPC Server handler 7 on default port 46781] INFO  key.OMKeyRequest (OMKeyRequest.java:wrapUncommittedBlocksAsPseudoKey(837)) - Detect allocated but uncommitted blocks [{blockID={containerID=3, localID=111677748019200013}, length=4194304, offset=0, token=null, pipeline=null, createVersion=0, partNumber=0}] in key testListStatus/dir1/key4.
]]></system-out>
  </testcase>
  <testcase name="testListStatus" classname="TestOzoneFileSystem" time="0.025">
    <system-out><![CDATA[2023-02-16 16:35:00,124 [OM StateMachine ApplyTransaction Thread - 0] INFO  key.OMKeyRequest (OMKeyRequest.java:wrapUncommittedBlocksAsPseudoKey(837)) - Detect allocated but uncommitted blocks [{blockID={containerID=3, localID=111677748019200010}, length=4194304, offset=0, token=null, pipeline=null, createVersion=0, partNumber=0}] in key testListStatus/key1.
2023-02-16 16:35:00,128 [OM StateMachine ApplyTransaction Thread - 0] INFO  key.OMKeyRequest (OMKeyRequest.java:wrapUncommittedBlocksAsPseudoKey(837)) - Detect allocated but uncommitted blocks [{blockID={containerID=4, localID=111677748019200011}, length=4194304, offset=0, token=null, pipeline=null, createVersion=0, partNumber=0}] in key testListStatus/key2.
2023-02-16 16:35:00,134 [OM StateMachine ApplyTransaction Thread - 0] INFO  key.OMKeyRequest (OMKeyRequest.java:wrapUncommittedBlocksAsPseudoKey(837)) - Detect allocated but uncommitted blocks [{blockID={containerID=2, localID=111677748019200012}, length=4194304, offset=0, token=null, pipeline=null, createVersion=0, partNumber=0}] in key testListStatus/dir1/key3.
2023-02-16 16:35:00,137 [OM StateMachine ApplyTransaction Thread - 0] INFO  key.OMKeyRequest (OMKeyRequest.java:wrapUncommittedBlocksAsPseudoKey(837)) - Detect allocated but uncommitted blocks [{blockID={containerID=3, localID=111677748019200013}, length=4194304, offset=0, token=null, pipeline=null, createVersion=0, partNumber=0}] in key testListStatus/dir1/key4.
]]></system-out>
  </testcase>
  <testcase name="testListStatus" classname="TestOzoneFileSystem" time="0.014">
    <system-out><![CDATA[2023-02-16 16:35:51,134 [IPC Server handler 2 on default port 38619] INFO  key.OMKeyRequest (OMKeyRequest.java:wrapUncommittedBlocksAsPseudoKey(837)) - Detect allocated but uncommitted blocks [{blockID={containerID=1, localID=111677748019200010}, length=4194304, offset=0, token=null, pipeline=null, createVersion=0, partNumber=0}] in key testListStatus/key1.
2023-02-16 16:35:51,136 [IPC Server handler 4 on default port 38619] INFO  key.OMKeyRequest (OMKeyRequest.java:wrapUncommittedBlocksAsPseudoKey(837)) - Detect allocated but uncommitted blocks [{blockID={containerID=3, localID=111677748019200011}, length=4194304, offset=0, token=null, pipeline=null, createVersion=0, partNumber=0}] in key testListStatus/key2.
2023-02-16 16:35:51,139 [IPC Server handler 8 on default port 38619] INFO  key.OMKeyRequest (OMKeyRequest.java:wrapUncommittedBlocksAsPseudoKey(837)) - Detect allocated but uncommitted blocks [{blockID={containerID=2, localID=111677748019200012}, length=4194304, offset=0, token=null, pipeline=null, createVersion=0, partNumber=0}] in key testListStatus/dir1/key3.
2023-02-16 16:35:51,142 [IPC Server handler 11 on default port 38619] INFO  key.OMKeyRequest (OMKeyRequest.java:wrapUncommittedBlocksAsPseudoKey(837)) - Detect allocated but uncommitted blocks [{blockID={containerID=4, localID=111677748019200013}, length=4194304, offset=0, token=null, pipeline=null, createVersion=0, partNumber=0}] in key testListStatus/dir1/key4.
]]></system-out>
  </testcase>
  <testcase name="testRecursiveDelete" classname="TestOzoneFileSystem" time="0.306">
    <system-out><![CDATA[2023-02-16 16:33:12,844 [OM StateMachine ApplyTransaction Thread - 0] INFO  key.OMKeyRequest (OMKeyRequest.java:wrapUncommittedBlocksAsPseudoKey(837)) - Detect allocated but uncommitted blocks [{blockID={containerID=2, localID=111677748019200014}, length=4194304, offset=0, token=null, pipeline=null, createVersion=0, partNumber=0}] in key gdir1/pdir1/child.
2023-02-16 16:33:12,854 [OM StateMachine ApplyTransaction Thread - 0] INFO  key.OMKeyRequest (OMKeyRequest.java:wrapUncommittedBlocksAsPseudoKey(837)) - Detect allocated but uncommitted blocks [{blockID={containerID=3, localID=111677748019200015}, length=4194304, offset=0, token=null, pipeline=null, createVersion=0, partNumber=0}] in key gdir1/pdir2/child.
2023-02-16 16:33:12,867 [OM StateMachine ApplyTransaction Thread - 0] INFO  key.OMKeyRequest (OMKeyRequest.java:wrapUncommittedBlocksAsPseudoKey(837)) - Detect allocated but uncommitted blocks [{blockID={containerID=1, localID=111677748019200016}, length=4194304, offset=0, token=null, pipeline=null, createVersion=0, partNumber=0}] in key gdir1/pdir3/child.
2023-02-16 16:33:12,876 [OM StateMachine ApplyTransaction Thread - 0] INFO  key.OMKeyRequest (OMKeyRequest.java:wrapUncommittedBlocksAsPseudoKey(837)) - Detect allocated but uncommitted blocks [{blockID={containerID=4, localID=111677748019200017}, length=4194304, offset=0, token=null, pipeline=null, createVersion=0, partNumber=0}] in key gdir1/pdir4/child.
2023-02-16 16:33:12,886 [OM StateMachine ApplyTransaction Thread - 0] INFO  key.OMKeyRequest (OMKeyRequest.java:wrapUncommittedBlocksAsPseudoKey(837)) - Detect allocated but uncommitted blocks [{blockID={containerID=3, localID=111677748019200018}, length=4194304, offset=0, token=null, pipeline=null, createVersion=0, partNumber=0}] in key gdir1/pdir5/child.
2023-02-16 16:33:12,895 [OM StateMachine ApplyTransaction Thread - 0] INFO  key.OMKeyRequest (OMKeyRequest.java:wrapUncommittedBlocksAsPseudoKey(837)) - Detect allocated but uncommitted blocks [{blockID={containerID=4, localID=111677748019200019}, length=4194304, offset=0, token=null, pipeline=null, createVersion=0, partNumber=0}] in key gdir1/pdir6/child.
2023-02-16 16:33:12,904 [OM StateMachine ApplyTransaction Thread - 0] INFO  key.OMKeyRequest (OMKeyRequest.java:wrapUncommittedBlocksAsPseudoKey(837)) - Detect allocated but uncommitted blocks [{blockID={containerID=2, localID=111677748019200020}, length=4194304, offset=0, token=null, pipeline=null, createVersion=0, partNumber=0}] in key gdir1/pdir7/child.
2023-02-16 16:33:12,912 [OM StateMachine ApplyTransaction Thread - 0] INFO  key.OMKeyRequest (OMKeyRequest.java:wrapUncommittedBlocksAsPseudoKey(837)) - Detect allocated but uncommitted blocks [{blockID={containerID=1, localID=111677748019200021}, length=4194304, offset=0, token=null, pipeline=null, createVersion=0, partNumber=0}] in key gdir1/pdir8/child.
2023-02-16 16:33:12,920 [OM StateMachine ApplyTransaction Thread - 0] INFO  key.OMKeyRequest (OMKeyRequest.java:wrapUncommittedBlocksAsPseudoKey(837)) - Detect allocated but uncommitted blocks [{blockID={containerID=2, localID=111677748019200022}, length=4194304, offset=0, token=null, pipeline=null, createVersion=0, partNumber=0}] in key gdir1/pdir9/child.
2023-02-16 16:33:12,928 [OM StateMachine ApplyTransaction Thread - 0] INFO  key.OMKeyRequest (OMKeyRequest.java:wrapUncommittedBlocksAsPseudoKey(837)) - Detect allocated but uncommitted blocks [{blockID={containerID=3, localID=111677748019200023}, length=4194304, offset=0, token=null, pipeline=null, createVersion=0, partNumber=0}] in key gdir1/pdir10/child.
16:33:12.967 [IPC Server handler 7 on default port 37073] ERROR OMAudit - user=runner | ip=127.0.0.1 | op=GET_FILE_STATUS {volume=volume28358, bucket=bucket39322, key=gdir1, dataSize=0, replicationConfig=null} | ret=FAILURE
org.apache.hadoop.ozone.om.exceptions.OMException: Unable to get file status: volume: volume28358 bucket: bucket39322 key: gdir1
	at org.apache.hadoop.ozone.om.KeyManagerImpl.getOzoneFileStatus(KeyManagerImpl.java:1162) ~[ozone-manager-1.4.0-SNAPSHOT.jar:?]
	at org.apache.hadoop.ozone.om.KeyManagerImpl.getFileStatus(KeyManagerImpl.java:1080) ~[ozone-manager-1.4.0-SNAPSHOT.jar:?]
	at org.apache.hadoop.ozone.om.OmMetadataReader.getFileStatus(OmMetadataReader.java:288) ~[ozone-manager-1.4.0-SNAPSHOT.jar:?]
	at org.apache.hadoop.ozone.om.OzoneManager.getFileStatus(OzoneManager.java:3450) ~[ozone-manager-1.4.0-SNAPSHOT.jar:?]
	at org.apache.hadoop.ozone.protocolPB.OzoneManagerRequestHandler.getOzoneFileStatus(OzoneManagerRequestHandler.java:933) ~[ozone-manager-1.4.0-SNAPSHOT.jar:?]
	at org.apache.hadoop.ozone.protocolPB.OzoneManagerRequestHandler.handleReadRequest(OzoneManagerRequestHandler.java:238) ~[ozone-manager-1.4.0-SNAPSHOT.jar:?]
	at org.apache.hadoop.ozone.protocolPB.OzoneManagerProtocolServerSideTranslatorPB.submitReadRequestToOM(OzoneManagerProtocolServerSideTranslatorPB.java:223) ~[ozone-manager-1.4.0-SNAPSHOT.jar:?]
	at org.apache.hadoop.ozone.protocolPB.OzoneManagerProtocolServerSideTranslatorPB.processRequest(OzoneManagerProtocolServerSideTranslatorPB.java:177) ~[ozone-manager-1.4.0-SNAPSHOT.jar:?]
	at org.apache.hadoop.hdds.server.OzoneProtocolMessageDispatcher.processRequest(OzoneProtocolMessageDispatcher.java:87) [hdds-server-framework-1.4.0-SNAPSHOT.jar:?]
	at org.apache.hadoop.ozone.protocolPB.OzoneManagerProtocolServerSideTranslatorPB.submitRequest(OzoneManagerProtocolServerSideTranslatorPB.java:147) [ozone-manager-1.4.0-SNAPSHOT.jar:?]
	at org.apache.hadoop.ozone.protocol.proto.OzoneManagerProtocolProtos$OzoneManagerService$2.callBlockingMethod(OzoneManagerProtocolProtos.java) [ozone-interface-client-1.4.0-SNAPSHOT.jar:?]
	at org.apache.hadoop.ipc.ProtobufRpcEngine$Server.processCall(ProtobufRpcEngine.java:465) [hadoop-common-3.3.4.jar:?]
	at org.apache.hadoop.ipc.ProtobufRpcEngine2$Server$ProtoBufRpcInvoker.call(ProtobufRpcEngine2.java:578) [hadoop-common-3.3.4.jar:?]
	at org.apache.hadoop.ipc.ProtobufRpcEngine2$Server$ProtoBufRpcInvoker.call(ProtobufRpcEngine2.java:556) [hadoop-common-3.3.4.jar:?]
	at org.apache.hadoop.ipc.RPC$Server.call(RPC.java:1093) [hadoop-common-3.3.4.jar:?]
	at org.apache.hadoop.ipc.Server$RpcCall.run(Server.java:1043) [hadoop-common-3.3.4.jar:?]
	at org.apache.hadoop.ipc.Server$RpcCall.run(Server.java:971) [hadoop-common-3.3.4.jar:?]
	at java.security.AccessController.doPrivileged(Native Method) ~[?:1.8.0_362]
	at javax.security.auth.Subject.doAs(Subject.java:422) [?:1.8.0_362]
	at org.apache.hadoop.security.UserGroupInformation.doAs(UserGroupInformation.java:1878) [hadoop-common-3.3.4.jar:?]
	at org.apache.hadoop.ipc.Server$Handler.run(Server.java:2976) [hadoop-common-3.3.4.jar:?]
16:33:12.968 [IPC Server handler 8 on default port 37073] ERROR OMAudit - user=runner | ip=127.0.0.1 | op=GET_FILE_STATUS {volume=volume28358, bucket=bucket39322, key=gdir1/dir1, dataSize=0, replicationConfig=null} | ret=FAILURE
org.apache.hadoop.ozone.om.exceptions.OMException: Unable to get file status: volume: volume28358 bucket: bucket39322 key: gdir1/dir1
	at org.apache.hadoop.ozone.om.KeyManagerImpl.getOzoneFileStatus(KeyManagerImpl.java:1162) ~[ozone-manager-1.4.0-SNAPSHOT.jar:?]
	at org.apache.hadoop.ozone.om.KeyManagerImpl.getFileStatus(KeyManagerImpl.java:1080) ~[ozone-manager-1.4.0-SNAPSHOT.jar:?]
	at org.apache.hadoop.ozone.om.OmMetadataReader.getFileStatus(OmMetadataReader.java:288) ~[ozone-manager-1.4.0-SNAPSHOT.jar:?]
	at org.apache.hadoop.ozone.om.OzoneManager.getFileStatus(OzoneManager.java:3450) ~[ozone-manager-1.4.0-SNAPSHOT.jar:?]
	at org.apache.hadoop.ozone.protocolPB.OzoneManagerRequestHandler.getOzoneFileStatus(OzoneManagerRequestHandler.java:933) ~[ozone-manager-1.4.0-SNAPSHOT.jar:?]
	at org.apache.hadoop.ozone.protocolPB.OzoneManagerRequestHandler.handleReadRequest(OzoneManagerRequestHandler.java:238) ~[ozone-manager-1.4.0-SNAPSHOT.jar:?]
	at org.apache.hadoop.ozone.protocolPB.OzoneManagerProtocolServerSideTranslatorPB.submitReadRequestToOM(OzoneManagerProtocolServerSideTranslatorPB.java:223) ~[ozone-manager-1.4.0-SNAPSHOT.jar:?]
	at org.apache.hadoop.ozone.protocolPB.OzoneManagerProtocolServerSideTranslatorPB.processRequest(OzoneManagerProtocolServerSideTranslatorPB.java:177) ~[ozone-manager-1.4.0-SNAPSHOT.jar:?]
	at org.apache.hadoop.hdds.server.OzoneProtocolMessageDispatcher.processRequest(OzoneProtocolMessageDispatcher.java:87) [hdds-server-framework-1.4.0-SNAPSHOT.jar:?]
	at org.apache.hadoop.ozone.protocolPB.OzoneManagerProtocolServerSideTranslatorPB.submitRequest(OzoneManagerProtocolServerSideTranslatorPB.java:147) [ozone-manager-1.4.0-SNAPSHOT.jar:?]
	at org.apache.hadoop.ozone.protocol.proto.OzoneManagerProtocolProtos$OzoneManagerService$2.callBlockingMethod(OzoneManagerProtocolProtos.java) [ozone-interface-client-1.4.0-SNAPSHOT.jar:?]
	at org.apache.hadoop.ipc.ProtobufRpcEngine$Server.processCall(ProtobufRpcEngine.java:465) [hadoop-common-3.3.4.jar:?]
	at org.apache.hadoop.ipc.ProtobufRpcEngine2$Server$ProtoBufRpcInvoker.call(ProtobufRpcEngine2.java:578) [hadoop-common-3.3.4.jar:?]
	at org.apache.hadoop.ipc.ProtobufRpcEngine2$Server$ProtoBufRpcInvoker.call(ProtobufRpcEngine2.java:556) [hadoop-common-3.3.4.jar:?]
	at org.apache.hadoop.ipc.RPC$Server.call(RPC.java:1093) [hadoop-common-3.3.4.jar:?]
	at org.apache.hadoop.ipc.Server$RpcCall.run(Server.java:1043) [hadoop-common-3.3.4.jar:?]
	at org.apache.hadoop.ipc.Server$RpcCall.run(Server.java:971) [hadoop-common-3.3.4.jar:?]
	at java.security.AccessController.doPrivileged(Native Method) ~[?:1.8.0_362]
	at javax.security.auth.Subject.doAs(Subject.java:422) [?:1.8.0_362]
	at org.apache.hadoop.security.UserGroupInformation.doAs(UserGroupInformation.java:1878) [hadoop-common-3.3.4.jar:?]
	at org.apache.hadoop.ipc.Server$Handler.run(Server.java:2976) [hadoop-common-3.3.4.jar:?]
16:33:12.969 [IPC Server handler 6 on default port 37073] ERROR OMAudit - user=runner | ip=127.0.0.1 | op=GET_FILE_STATUS {volume=volume28358, bucket=bucket39322, key=gdir1/dir1/child, dataSize=0, replicationConfig=null} | ret=FAILURE
org.apache.hadoop.ozone.om.exceptions.OMException: Unable to get file status: volume: volume28358 bucket: bucket39322 key: gdir1/dir1/child
	at org.apache.hadoop.ozone.om.KeyManagerImpl.getOzoneFileStatus(KeyManagerImpl.java:1162) ~[ozone-manager-1.4.0-SNAPSHOT.jar:?]
	at org.apache.hadoop.ozone.om.KeyManagerImpl.getFileStatus(KeyManagerImpl.java:1080) ~[ozone-manager-1.4.0-SNAPSHOT.jar:?]
	at org.apache.hadoop.ozone.om.OmMetadataReader.getFileStatus(OmMetadataReader.java:288) ~[ozone-manager-1.4.0-SNAPSHOT.jar:?]
	at org.apache.hadoop.ozone.om.OzoneManager.getFileStatus(OzoneManager.java:3450) ~[ozone-manager-1.4.0-SNAPSHOT.jar:?]
	at org.apache.hadoop.ozone.protocolPB.OzoneManagerRequestHandler.getOzoneFileStatus(OzoneManagerRequestHandler.java:933) ~[ozone-manager-1.4.0-SNAPSHOT.jar:?]
	at org.apache.hadoop.ozone.protocolPB.OzoneManagerRequestHandler.handleReadRequest(OzoneManagerRequestHandler.java:238) ~[ozone-manager-1.4.0-SNAPSHOT.jar:?]
	at org.apache.hadoop.ozone.protocolPB.OzoneManagerProtocolServerSideTranslatorPB.submitReadRequestToOM(OzoneManagerProtocolServerSideTranslatorPB.java:223) ~[ozone-manager-1.4.0-SNAPSHOT.jar:?]
	at org.apache.hadoop.ozone.protocolPB.OzoneManagerProtocolServerSideTranslatorPB.processRequest(OzoneManagerProtocolServerSideTranslatorPB.java:177) ~[ozone-manager-1.4.0-SNAPSHOT.jar:?]
	at org.apache.hadoop.hdds.server.OzoneProtocolMessageDispatcher.processRequest(OzoneProtocolMessageDispatcher.java:87) [hdds-server-framework-1.4.0-SNAPSHOT.jar:?]
	at org.apache.hadoop.ozone.protocolPB.OzoneManagerProtocolServerSideTranslatorPB.submitRequest(OzoneManagerProtocolServerSideTranslatorPB.java:147) [ozone-manager-1.4.0-SNAPSHOT.jar:?]
	at org.apache.hadoop.ozone.protocol.proto.OzoneManagerProtocolProtos$OzoneManagerService$2.callBlockingMethod(OzoneManagerProtocolProtos.java) [ozone-interface-client-1.4.0-SNAPSHOT.jar:?]
	at org.apache.hadoop.ipc.ProtobufRpcEngine$Server.processCall(ProtobufRpcEngine.java:465) [hadoop-common-3.3.4.jar:?]
	at org.apache.hadoop.ipc.ProtobufRpcEngine2$Server$ProtoBufRpcInvoker.call(ProtobufRpcEngine2.java:578) [hadoop-common-3.3.4.jar:?]
	at org.apache.hadoop.ipc.ProtobufRpcEngine2$Server$ProtoBufRpcInvoker.call(ProtobufRpcEngine2.java:556) [hadoop-common-3.3.4.jar:?]
	at org.apache.hadoop.ipc.RPC$Server.call(RPC.java:1093) [hadoop-common-3.3.4.jar:?]
	at org.apache.hadoop.ipc.Server$RpcCall.run(Server.java:1043) [hadoop-common-3.3.4.jar:?]
	at org.apache.hadoop.ipc.Server$RpcCall.run(Server.java:971) [hadoop-common-3.3.4.jar:?]
	at java.security.AccessController.doPrivileged(Native Method) ~[?:1.8.0_362]
	at javax.security.auth.Subject.doAs(Subject.java:422) [?:1.8.0_362]
	at org.apache.hadoop.security.UserGroupInformation.doAs(UserGroupInformation.java:1878) [hadoop-common-3.3.4.jar:?]
	at org.apache.hadoop.ipc.Server$Handler.run(Server.java:2976) [hadoop-common-3.3.4.jar:?]
16:33:12.970 [IPC Server handler 10 on default port 37073] ERROR OMAudit - user=runner | ip=127.0.0.1 | op=GET_FILE_STATUS {volume=volume28358, bucket=bucket39322, key=gdir1/dir2, dataSize=0, replicationConfig=null} | ret=FAILURE
org.apache.hadoop.ozone.om.exceptions.OMException: Unable to get file status: volume: volume28358 bucket: bucket39322 key: gdir1/dir2
	at org.apache.hadoop.ozone.om.KeyManagerImpl.getOzoneFileStatus(KeyManagerImpl.java:1162) ~[ozone-manager-1.4.0-SNAPSHOT.jar:?]
	at org.apache.hadoop.ozone.om.KeyManagerImpl.getFileStatus(KeyManagerImpl.java:1080) ~[ozone-manager-1.4.0-SNAPSHOT.jar:?]
	at org.apache.hadoop.ozone.om.OmMetadataReader.getFileStatus(OmMetadataReader.java:288) ~[ozone-manager-1.4.0-SNAPSHOT.jar:?]
	at org.apache.hadoop.ozone.om.OzoneManager.getFileStatus(OzoneManager.java:3450) ~[ozone-manager-1.4.0-SNAPSHOT.jar:?]
	at org.apache.hadoop.ozone.protocolPB.OzoneManagerRequestHandler.getOzoneFileStatus(OzoneManagerRequestHandler.java:933) ~[ozone-manager-1.4.0-SNAPSHOT.jar:?]
	at org.apache.hadoop.ozone.protocolPB.OzoneManagerRequestHandler.handleReadRequest(OzoneManagerRequestHandler.java:238) ~[ozone-manager-1.4.0-SNAPSHOT.jar:?]
	at org.apache.hadoop.ozone.protocolPB.OzoneManagerProtocolServerSideTranslatorPB.submitReadRequestToOM(OzoneManagerProtocolServerSideTranslatorPB.java:223) ~[ozone-manager-1.4.0-SNAPSHOT.jar:?]
	at org.apache.hadoop.ozone.protocolPB.OzoneManagerProtocolServerSideTranslatorPB.processRequest(OzoneManagerProtocolServerSideTranslatorPB.java:177) ~[ozone-manager-1.4.0-SNAPSHOT.jar:?]
	at org.apache.hadoop.hdds.server.OzoneProtocolMessageDispatcher.processRequest(OzoneProtocolMessageDispatcher.java:87) [hdds-server-framework-1.4.0-SNAPSHOT.jar:?]
	at org.apache.hadoop.ozone.protocolPB.OzoneManagerProtocolServerSideTranslatorPB.submitRequest(OzoneManagerProtocolServerSideTranslatorPB.java:147) [ozone-manager-1.4.0-SNAPSHOT.jar:?]
	at org.apache.hadoop.ozone.protocol.proto.OzoneManagerProtocolProtos$OzoneManagerService$2.callBlockingMethod(OzoneManagerProtocolProtos.java) [ozone-interface-client-1.4.0-SNAPSHOT.jar:?]
	at org.apache.hadoop.ipc.ProtobufRpcEngine$Server.processCall(ProtobufRpcEngine.java:465) [hadoop-common-3.3.4.jar:?]
	at org.apache.hadoop.ipc.ProtobufRpcEngine2$Server$ProtoBufRpcInvoker.call(ProtobufRpcEngine2.java:578) [hadoop-common-3.3.4.jar:?]
	at org.apache.hadoop.ipc.ProtobufRpcEngine2$Server$ProtoBufRpcInvoker.call(ProtobufRpcEngine2.java:556) [hadoop-common-3.3.4.jar:?]
	at org.apache.hadoop.ipc.RPC$Server.call(RPC.java:1093) [hadoop-common-3.3.4.jar:?]
	at org.apache.hadoop.ipc.Server$RpcCall.run(Server.java:1043) [hadoop-common-3.3.4.jar:?]
	at org.apache.hadoop.ipc.Server$RpcCall.run(Server.java:971) [hadoop-common-3.3.4.jar:?]
	at java.security.AccessController.doPrivileged(Native Method) ~[?:1.8.0_362]
	at javax.security.auth.Subject.doAs(Subject.java:422) [?:1.8.0_362]
	at org.apache.hadoop.security.UserGroupInformation.doAs(UserGroupInformation.java:1878) [hadoop-common-3.3.4.jar:?]
	at org.apache.hadoop.ipc.Server$Handler.run(Server.java:2976) [hadoop-common-3.3.4.jar:?]
16:33:12.972 [IPC Server handler 4 on default port 37073] ERROR OMAudit - user=runner | ip=127.0.0.1 | op=GET_FILE_STATUS {volume=volume28358, bucket=bucket39322, key=gdir1/dir2/child, dataSize=0, replicationConfig=null} | ret=FAILURE
org.apache.hadoop.ozone.om.exceptions.OMException: Unable to get file status: volume: volume28358 bucket: bucket39322 key: gdir1/dir2/child
	at org.apache.hadoop.ozone.om.KeyManagerImpl.getOzoneFileStatus(KeyManagerImpl.java:1162) ~[ozone-manager-1.4.0-SNAPSHOT.jar:?]
	at org.apache.hadoop.ozone.om.KeyManagerImpl.getFileStatus(KeyManagerImpl.java:1080) ~[ozone-manager-1.4.0-SNAPSHOT.jar:?]
	at org.apache.hadoop.ozone.om.OmMetadataReader.getFileStatus(OmMetadataReader.java:288) ~[ozone-manager-1.4.0-SNAPSHOT.jar:?]
	at org.apache.hadoop.ozone.om.OzoneManager.getFileStatus(OzoneManager.java:3450) ~[ozone-manager-1.4.0-SNAPSHOT.jar:?]
	at org.apache.hadoop.ozone.protocolPB.OzoneManagerRequestHandler.getOzoneFileStatus(OzoneManagerRequestHandler.java:933) ~[ozone-manager-1.4.0-SNAPSHOT.jar:?]
	at org.apache.hadoop.ozone.protocolPB.OzoneManagerRequestHandler.handleReadRequest(OzoneManagerRequestHandler.java:238) ~[ozone-manager-1.4.0-SNAPSHOT.jar:?]
	at org.apache.hadoop.ozone.protocolPB.OzoneManagerProtocolServerSideTranslatorPB.submitReadRequestToOM(OzoneManagerProtocolServerSideTranslatorPB.java:223) ~[ozone-manager-1.4.0-SNAPSHOT.jar:?]
	at org.apache.hadoop.ozone.protocolPB.OzoneManagerProtocolServerSideTranslatorPB.processRequest(OzoneManagerProtocolServerSideTranslatorPB.java:177) ~[ozone-manager-1.4.0-SNAPSHOT.jar:?]
	at org.apache.hadoop.hdds.server.OzoneProtocolMessageDispatcher.processRequest(OzoneProtocolMessageDispatcher.java:87) [hdds-server-framework-1.4.0-SNAPSHOT.jar:?]
	at org.apache.hadoop.ozone.protocolPB.OzoneManagerProtocolServerSideTranslatorPB.submitRequest(OzoneManagerProtocolServerSideTranslatorPB.java:147) [ozone-manager-1.4.0-SNAPSHOT.jar:?]
	at org.apache.hadoop.ozone.protocol.proto.OzoneManagerProtocolProtos$OzoneManagerService$2.callBlockingMethod(OzoneManagerProtocolProtos.java) [ozone-interface-client-1.4.0-SNAPSHOT.jar:?]
	at org.apache.hadoop.ipc.ProtobufRpcEngine$Server.processCall(ProtobufRpcEngine.java:465) [hadoop-common-3.3.4.jar:?]
	at org.apache.hadoop.ipc.ProtobufRpcEngine2$Server$ProtoBufRpcInvoker.call(ProtobufRpcEngine2.java:578) [hadoop-common-3.3.4.jar:?]
	at org.apache.hadoop.ipc.ProtobufRpcEngine2$Server$ProtoBufRpcInvoker.call(ProtobufRpcEngine2.java:556) [hadoop-common-3.3.4.jar:?]
	at org.apache.hadoop.ipc.RPC$Server.call(RPC.java:1093) [hadoop-common-3.3.4.jar:?]
	at org.apache.hadoop.ipc.Server$RpcCall.run(Server.java:1043) [hadoop-common-3.3.4.jar:?]
	at org.apache.hadoop.ipc.Server$RpcCall.run(Server.java:971) [hadoop-common-3.3.4.jar:?]
	at java.security.AccessController.doPrivileged(Native Method) ~[?:1.8.0_362]
	at javax.security.auth.Subject.doAs(Subject.java:422) [?:1.8.0_362]
	at org.apache.hadoop.security.UserGroupInformation.doAs(UserGroupInformation.java:1878) [hadoop-common-3.3.4.jar:?]
	at org.apache.hadoop.ipc.Server$Handler.run(Server.java:2976) [hadoop-common-3.3.4.jar:?]
16:33:12.973 [IPC Server handler 12 on default port 37073] ERROR OMAudit - user=runner | ip=127.0.0.1 | op=GET_FILE_STATUS {volume=volume28358, bucket=bucket39322, key=gdir1/dir3, dataSize=0, replicationConfig=null} | ret=FAILURE
org.apache.hadoop.ozone.om.exceptions.OMException: Unable to get file status: volume: volume28358 bucket: bucket39322 key: gdir1/dir3
	at org.apache.hadoop.ozone.om.KeyManagerImpl.getOzoneFileStatus(KeyManagerImpl.java:1162) ~[ozone-manager-1.4.0-SNAPSHOT.jar:?]
	at org.apache.hadoop.ozone.om.KeyManagerImpl.getFileStatus(KeyManagerImpl.java:1080) ~[ozone-manager-1.4.0-SNAPSHOT.jar:?]
	at org.apache.hadoop.ozone.om.OmMetadataReader.getFileStatus(OmMetadataReader.java:288) ~[ozone-manager-1.4.0-SNAPSHOT.jar:?]
	at org.apache.hadoop.ozone.om.OzoneManager.getFileStatus(OzoneManager.java:3450) ~[ozone-manager-1.4.0-SNAPSHOT.jar:?]
	at org.apache.hadoop.ozone.protocolPB.OzoneManagerRequestHandler.getOzoneFileStatus(OzoneManagerRequestHandler.java:933) ~[ozone-manager-1.4.0-SNAPSHOT.jar:?]
	at org.apache.hadoop.ozone.protocolPB.OzoneManagerRequestHandler.handleReadRequest(OzoneManagerRequestHandler.java:238) ~[ozone-manager-1.4.0-SNAPSHOT.jar:?]
	at org.apache.hadoop.ozone.protocolPB.OzoneManagerProtocolServerSideTranslatorPB.submitReadRequestToOM(OzoneManagerProtocolServerSideTranslatorPB.java:223) ~[ozone-manager-1.4.0-SNAPSHOT.jar:?]
	at org.apache.hadoop.ozone.protocolPB.OzoneManagerProtocolServerSideTranslatorPB.processRequest(OzoneManagerProtocolServerSideTranslatorPB.java:177) ~[ozone-manager-1.4.0-SNAPSHOT.jar:?]
	at org.apache.hadoop.hdds.server.OzoneProtocolMessageDispatcher.processRequest(OzoneProtocolMessageDispatcher.java:87) [hdds-server-framework-1.4.0-SNAPSHOT.jar:?]
	at org.apache.hadoop.ozone.protocolPB.OzoneManagerProtocolServerSideTranslatorPB.submitRequest(OzoneManagerProtocolServerSideTranslatorPB.java:147) [ozone-manager-1.4.0-SNAPSHOT.jar:?]
	at org.apache.hadoop.ozone.protocol.proto.OzoneManagerProtocolProtos$OzoneManagerService$2.callBlockingMethod(OzoneManagerProtocolProtos.java) [ozone-interface-client-1.4.0-SNAPSHOT.jar:?]
	at org.apache.hadoop.ipc.ProtobufRpcEngine$Server.processCall(ProtobufRpcEngine.java:465) [hadoop-common-3.3.4.jar:?]
	at org.apache.hadoop.ipc.ProtobufRpcEngine2$Server$ProtoBufRpcInvoker.call(ProtobufRpcEngine2.java:578) [hadoop-common-3.3.4.jar:?]
	at org.apache.hadoop.ipc.ProtobufRpcEngine2$Server$ProtoBufRpcInvoker.call(ProtobufRpcEngine2.java:556) [hadoop-common-3.3.4.jar:?]
	at org.apache.hadoop.ipc.RPC$Server.call(RPC.java:1093) [hadoop-common-3.3.4.jar:?]
	at org.apache.hadoop.ipc.Server$RpcCall.run(Server.java:1043) [hadoop-common-3.3.4.jar:?]
	at org.apache.hadoop.ipc.Server$RpcCall.run(Server.java:971) [hadoop-common-3.3.4.jar:?]
	at java.security.AccessController.doPrivileged(Native Method) ~[?:1.8.0_362]
	at javax.security.auth.Subject.doAs(Subject.java:422) [?:1.8.0_362]
	at org.apache.hadoop.security.UserGroupInformation.doAs(UserGroupInformation.java:1878) [hadoop-common-3.3.4.jar:?]
	at org.apache.hadoop.ipc.Server$Handler.run(Server.java:2976) [hadoop-common-3.3.4.jar:?]
16:33:12.974 [IPC Server handler 5 on default port 37073] ERROR OMAudit - user=runner | ip=127.0.0.1 | op=GET_FILE_STATUS {volume=volume28358, bucket=bucket39322, key=gdir1/dir3/child, dataSize=0, replicationConfig=null} | ret=FAILURE
org.apache.hadoop.ozone.om.exceptions.OMException: Unable to get file status: volume: volume28358 bucket: bucket39322 key: gdir1/dir3/child
	at org.apache.hadoop.ozone.om.KeyManagerImpl.getOzoneFileStatus(KeyManagerImpl.java:1162) ~[ozone-manager-1.4.0-SNAPSHOT.jar:?]
	at org.apache.hadoop.ozone.om.KeyManagerImpl.getFileStatus(KeyManagerImpl.java:1080) ~[ozone-manager-1.4.0-SNAPSHOT.jar:?]
	at org.apache.hadoop.ozone.om.OmMetadataReader.getFileStatus(OmMetadataReader.java:288) ~[ozone-manager-1.4.0-SNAPSHOT.jar:?]
	at org.apache.hadoop.ozone.om.OzoneManager.getFileStatus(OzoneManager.java:3450) ~[ozone-manager-1.4.0-SNAPSHOT.jar:?]
	at org.apache.hadoop.ozone.protocolPB.OzoneManagerRequestHandler.getOzoneFileStatus(OzoneManagerRequestHandler.java:933) ~[ozone-manager-1.4.0-SNAPSHOT.jar:?]
	at org.apache.hadoop.ozone.protocolPB.OzoneManagerRequestHandler.handleReadRequest(OzoneManagerRequestHandler.java:238) ~[ozone-manager-1.4.0-SNAPSHOT.jar:?]
	at org.apache.hadoop.ozone.protocolPB.OzoneManagerProtocolServerSideTranslatorPB.submitReadRequestToOM(OzoneManagerProtocolServerSideTranslatorPB.java:223) ~[ozone-manager-1.4.0-SNAPSHOT.jar:?]
	at org.apache.hadoop.ozone.protocolPB.OzoneManagerProtocolServerSideTranslatorPB.processRequest(OzoneManagerProtocolServerSideTranslatorPB.java:177) ~[ozone-manager-1.4.0-SNAPSHOT.jar:?]
	at org.apache.hadoop.hdds.server.OzoneProtocolMessageDispatcher.processRequest(OzoneProtocolMessageDispatcher.java:87) [hdds-server-framework-1.4.0-SNAPSHOT.jar:?]
	at org.apache.hadoop.ozone.protocolPB.OzoneManagerProtocolServerSideTranslatorPB.submitRequest(OzoneManagerProtocolServerSideTranslatorPB.java:147) [ozone-manager-1.4.0-SNAPSHOT.jar:?]
	at org.apache.hadoop.ozone.protocol.proto.OzoneManagerProtocolProtos$OzoneManagerService$2.callBlockingMethod(OzoneManagerProtocolProtos.java) [ozone-interface-client-1.4.0-SNAPSHOT.jar:?]
	at org.apache.hadoop.ipc.ProtobufRpcEngine$Server.processCall(ProtobufRpcEngine.java:465) [hadoop-common-3.3.4.jar:?]
	at org.apache.hadoop.ipc.ProtobufRpcEngine2$Server$ProtoBufRpcInvoker.call(ProtobufRpcEngine2.java:578) [hadoop-common-3.3.4.jar:?]
	at org.apache.hadoop.ipc.ProtobufRpcEngine2$Server$ProtoBufRpcInvoker.call(ProtobufRpcEngine2.java:556) [hadoop-common-3.3.4.jar:?]
	at org.apache.hadoop.ipc.RPC$Server.call(RPC.java:1093) [hadoop-common-3.3.4.jar:?]
	at org.apache.hadoop.ipc.Server$RpcCall.run(Server.java:1043) [hadoop-common-3.3.4.jar:?]
	at org.apache.hadoop.ipc.Server$RpcCall.run(Server.java:971) [hadoop-common-3.3.4.jar:?]
	at java.security.AccessController.doPrivileged(Native Method) ~[?:1.8.0_362]
	at javax.security.auth.Subject.doAs(Subject.java:422) [?:1.8.0_362]
	at org.apache.hadoop.security.UserGroupInformation.doAs(UserGroupInformation.java:1878) [hadoop-common-3.3.4.jar:?]
	at org.apache.hadoop.ipc.Server$Handler.run(Server.java:2976) [hadoop-common-3.3.4.jar:?]
16:33:12.975 [IPC Server handler 1 on default port 37073] ERROR OMAudit - user=runner | ip=127.0.0.1 | op=GET_FILE_STATUS {volume=volume28358, bucket=bucket39322, key=gdir1/dir4, dataSize=0, replicationConfig=null} | ret=FAILURE
org.apache.hadoop.ozone.om.exceptions.OMException: Unable to get file status: volume: volume28358 bucket: bucket39322 key: gdir1/dir4
	at org.apache.hadoop.ozone.om.KeyManagerImpl.getOzoneFileStatus(KeyManagerImpl.java:1162) ~[ozone-manager-1.4.0-SNAPSHOT.jar:?]
	at org.apache.hadoop.ozone.om.KeyManagerImpl.getFileStatus(KeyManagerImpl.java:1080) ~[ozone-manager-1.4.0-SNAPSHOT.jar:?]
	at org.apache.hadoop.ozone.om.OmMetadataReader.getFileStatus(OmMetadataReader.java:288) ~[ozone-manager-1.4.0-SNAPSHOT.jar:?]
	at org.apache.hadoop.ozone.om.OzoneManager.getFileStatus(OzoneManager.java:3450) ~[ozone-manager-1.4.0-SNAPSHOT.jar:?]
	at org.apache.hadoop.ozone.protocolPB.OzoneManagerRequestHandler.getOzoneFileStatus(OzoneManagerRequestHandler.java:933) ~[ozone-manager-1.4.0-SNAPSHOT.jar:?]
	at org.apache.hadoop.ozone.protocolPB.OzoneManagerRequestHandler.handleReadRequest(OzoneManagerRequestHandler.java:238) ~[ozone-manager-1.4.0-SNAPSHOT.jar:?]
	at org.apache.hadoop.ozone.protocolPB.OzoneManagerProtocolServerSideTranslatorPB.submitReadRequestToOM(OzoneManagerProtocolServerSideTranslatorPB.java:223) ~[ozone-manager-1.4.0-SNAPSHOT.jar:?]
	at org.apache.hadoop.ozone.protocolPB.OzoneManagerProtocolServerSideTranslatorPB.processRequest(OzoneManagerProtocolServerSideTranslatorPB.java:177) ~[ozone-manager-1.4.0-SNAPSHOT.jar:?]
	at org.apache.hadoop.hdds.server.OzoneProtocolMessageDispatcher.processRequest(OzoneProtocolMessageDispatcher.java:87) [hdds-server-framework-1.4.0-SNAPSHOT.jar:?]
	at org.apache.hadoop.ozone.protocolPB.OzoneManagerProtocolServerSideTranslatorPB.submitRequest(OzoneManagerProtocolServerSideTranslatorPB.java:147) [ozone-manager-1.4.0-SNAPSHOT.jar:?]
	at org.apache.hadoop.ozone.protocol.proto.OzoneManagerProtocolProtos$OzoneManagerService$2.callBlockingMethod(OzoneManagerProtocolProtos.java) [ozone-interface-client-1.4.0-SNAPSHOT.jar:?]
	at org.apache.hadoop.ipc.ProtobufRpcEngine$Server.processCall(ProtobufRpcEngine.java:465) [hadoop-common-3.3.4.jar:?]
	at org.apache.hadoop.ipc.ProtobufRpcEngine2$Server$ProtoBufRpcInvoker.call(ProtobufRpcEngine2.java:578) [hadoop-common-3.3.4.jar:?]
	at org.apache.hadoop.ipc.ProtobufRpcEngine2$Server$ProtoBufRpcInvoker.call(ProtobufRpcEngine2.java:556) [hadoop-common-3.3.4.jar:?]
	at org.apache.hadoop.ipc.RPC$Server.call(RPC.java:1093) [hadoop-common-3.3.4.jar:?]
	at org.apache.hadoop.ipc.Server$RpcCall.run(Server.java:1043) [hadoop-common-3.3.4.jar:?]
	at org.apache.hadoop.ipc.Server$RpcCall.run(Server.java:971) [hadoop-common-3.3.4.jar:?]
	at java.security.AccessController.doPrivileged(Native Method) ~[?:1.8.0_362]
	at javax.security.auth.Subject.doAs(Subject.java:422) [?:1.8.0_362]
	at org.apache.hadoop.security.UserGroupInformation.doAs(UserGroupInformation.java:1878) [hadoop-common-3.3.4.jar:?]
	at org.apache.hadoop.ipc.Server$Handler.run(Server.java:2976) [hadoop-common-3.3.4.jar:?]
16:33:12.977 [IPC Server handler 0 on default port 37073] ERROR OMAudit - user=runner | ip=127.0.0.1 | op=GET_FILE_STATUS {volume=volume28358, bucket=bucket39322, key=gdir1/dir4/child, dataSize=0, replicationConfig=null} | ret=FAILURE
org.apache.hadoop.ozone.om.exceptions.OMException: Unable to get file status: volume: volume28358 bucket: bucket39322 key: gdir1/dir4/child
	at org.apache.hadoop.ozone.om.KeyManagerImpl.getOzoneFileStatus(KeyManagerImpl.java:1162) ~[ozone-manager-1.4.0-SNAPSHOT.jar:?]
	at org.apache.hadoop.ozone.om.KeyManagerImpl.getFileStatus(KeyManagerImpl.java:1080) ~[ozone-manager-1.4.0-SNAPSHOT.jar:?]
	at org.apache.hadoop.ozone.om.OmMetadataReader.getFileStatus(OmMetadataReader.java:288) ~[ozone-manager-1.4.0-SNAPSHOT.jar:?]
	at org.apache.hadoop.ozone.om.OzoneManager.getFileStatus(OzoneManager.java:3450) ~[ozone-manager-1.4.0-SNAPSHOT.jar:?]
	at org.apache.hadoop.ozone.protocolPB.OzoneManagerRequestHandler.getOzoneFileStatus(OzoneManagerRequestHandler.java:933) ~[ozone-manager-1.4.0-SNAPSHOT.jar:?]
	at org.apache.hadoop.ozone.protocolPB.OzoneManagerRequestHandler.handleReadRequest(OzoneManagerRequestHandler.java:238) ~[ozone-manager-1.4.0-SNAPSHOT.jar:?]
	at org.apache.hadoop.ozone.protocolPB.OzoneManagerProtocolServerSideTranslatorPB.submitReadRequestToOM(OzoneManagerProtocolServerSideTranslatorPB.java:223) ~[ozone-manager-1.4.0-SNAPSHOT.jar:?]
	at org.apache.hadoop.ozone.protocolPB.OzoneManagerProtocolServerSideTranslatorPB.processRequest(OzoneManagerProtocolServerSideTranslatorPB.java:177) ~[ozone-manager-1.4.0-SNAPSHOT.jar:?]
	at org.apache.hadoop.hdds.server.OzoneProtocolMessageDispatcher.processRequest(OzoneProtocolMessageDispatcher.java:87) [hdds-server-framework-1.4.0-SNAPSHOT.jar:?]
	at org.apache.hadoop.ozone.protocolPB.OzoneManagerProtocolServerSideTranslatorPB.submitRequest(OzoneManagerProtocolServerSideTranslatorPB.java:147) [ozone-manager-1.4.0-SNAPSHOT.jar:?]
	at org.apache.hadoop.ozone.protocol.proto.OzoneManagerProtocolProtos$OzoneManagerService$2.callBlockingMethod(OzoneManagerProtocolProtos.java) [ozone-interface-client-1.4.0-SNAPSHOT.jar:?]
	at org.apache.hadoop.ipc.ProtobufRpcEngine$Server.processCall(ProtobufRpcEngine.java:465) [hadoop-common-3.3.4.jar:?]
	at org.apache.hadoop.ipc.ProtobufRpcEngine2$Server$ProtoBufRpcInvoker.call(ProtobufRpcEngine2.java:578) [hadoop-common-3.3.4.jar:?]
	at org.apache.hadoop.ipc.ProtobufRpcEngine2$Server$ProtoBufRpcInvoker.call(ProtobufRpcEngine2.java:556) [hadoop-common-3.3.4.jar:?]
	at org.apache.hadoop.ipc.RPC$Server.call(RPC.java:1093) [hadoop-common-3.3.4.jar:?]
	at org.apache.hadoop.ipc.Server$RpcCall.run(Server.java:1043) [hadoop-common-3.3.4.jar:?]
	at org.apache.hadoop.ipc.Server$RpcCall.run(Server.java:971) [hadoop-common-3.3.4.jar:?]
	at java.security.AccessController.doPrivileged(Native Method) ~[?:1.8.0_362]
	at javax.security.auth.Subject.doAs(Subject.java:422) [?:1.8.0_362]
	at org.apache.hadoop.security.UserGroupInformation.doAs(UserGroupInformation.java:1878) [hadoop-common-3.3.4.jar:?]
	at org.apache.hadoop.ipc.Server$Handler.run(Server.java:2976) [hadoop-common-3.3.4.jar:?]
16:33:12.979 [IPC Server handler 2 on default port 37073] ERROR OMAudit - user=runner | ip=127.0.0.1 | op=GET_FILE_STATUS {volume=volume28358, bucket=bucket39322, key=gdir1/dir5, dataSize=0, replicationConfig=null} | ret=FAILURE
org.apache.hadoop.ozone.om.exceptions.OMException: Unable to get file status: volume: volume28358 bucket: bucket39322 key: gdir1/dir5
	at org.apache.hadoop.ozone.om.KeyManagerImpl.getOzoneFileStatus(KeyManagerImpl.java:1162) ~[ozone-manager-1.4.0-SNAPSHOT.jar:?]
	at org.apache.hadoop.ozone.om.KeyManagerImpl.getFileStatus(KeyManagerImpl.java:1080) ~[ozone-manager-1.4.0-SNAPSHOT.jar:?]
	at org.apache.hadoop.ozone.om.OmMetadataReader.getFileStatus(OmMetadataReader.java:288) ~[ozone-manager-1.4.0-SNAPSHOT.jar:?]
	at org.apache.hadoop.ozone.om.OzoneManager.getFileStatus(OzoneManager.java:3450) ~[ozone-manager-1.4.0-SNAPSHOT.jar:?]
	at org.apache.hadoop.ozone.protocolPB.OzoneManagerRequestHandler.getOzoneFileStatus(OzoneManagerRequestHandler.java:933) ~[ozone-manager-1.4.0-SNAPSHOT.jar:?]
	at org.apache.hadoop.ozone.protocolPB.OzoneManagerRequestHandler.handleReadRequest(OzoneManagerRequestHandler.java:238) ~[ozone-manager-1.4.0-SNAPSHOT.jar:?]
	at org.apache.hadoop.ozone.protocolPB.OzoneManagerProtocolServerSideTranslatorPB.submitReadRequestToOM(OzoneManagerProtocolServerSideTranslatorPB.java:223) ~[ozone-manager-1.4.0-SNAPSHOT.jar:?]
	at org.apache.hadoop.ozone.protocolPB.OzoneManagerProtocolServerSideTranslatorPB.processRequest(OzoneManagerProtocolServerSideTranslatorPB.java:177) ~[ozone-manager-1.4.0-SNAPSHOT.jar:?]
	at org.apache.hadoop.hdds.server.OzoneProtocolMessageDispatcher.processRequest(OzoneProtocolMessageDispatcher.java:87) [hdds-server-framework-1.4.0-SNAPSHOT.jar:?]
	at org.apache.hadoop.ozone.protocolPB.OzoneManagerProtocolServerSideTranslatorPB.submitRequest(OzoneManagerProtocolServerSideTranslatorPB.java:147) [ozone-manager-1.4.0-SNAPSHOT.jar:?]
	at org.apache.hadoop.ozone.protocol.proto.OzoneManagerProtocolProtos$OzoneManagerService$2.callBlockingMethod(OzoneManagerProtocolProtos.java) [ozone-interface-client-1.4.0-SNAPSHOT.jar:?]
	at org.apache.hadoop.ipc.ProtobufRpcEngine$Server.processCall(ProtobufRpcEngine.java:465) [hadoop-common-3.3.4.jar:?]
	at org.apache.hadoop.ipc.ProtobufRpcEngine2$Server$ProtoBufRpcInvoker.call(ProtobufRpcEngine2.java:578) [hadoop-common-3.3.4.jar:?]
	at org.apache.hadoop.ipc.ProtobufRpcEngine2$Server$ProtoBufRpcInvoker.call(ProtobufRpcEngine2.java:556) [hadoop-common-3.3.4.jar:?]
	at org.apache.hadoop.ipc.RPC$Server.call(RPC.java:1093) [hadoop-common-3.3.4.jar:?]
	at org.apache.hadoop.ipc.Server$RpcCall.run(Server.java:1043) [hadoop-common-3.3.4.jar:?]
	at org.apache.hadoop.ipc.Server$RpcCall.run(Server.java:971) [hadoop-common-3.3.4.jar:?]
	at java.security.AccessController.doPrivileged(Native Method) ~[?:1.8.0_362]
	at javax.security.auth.Subject.doAs(Subject.java:422) [?:1.8.0_362]
	at org.apache.hadoop.security.UserGroupInformation.doAs(UserGroupInformation.java:1878) [hadoop-common-3.3.4.jar:?]
	at org.apache.hadoop.ipc.Server$Handler.run(Server.java:2976) [hadoop-common-3.3.4.jar:?]
16:33:12.980 [IPC Server handler 3 on default port 37073] ERROR OMAudit - user=runner | ip=127.0.0.1 | op=GET_FILE_STATUS {volume=volume28358, bucket=bucket39322, key=gdir1/dir5/child, dataSize=0, replicationConfig=null} | ret=FAILURE
org.apache.hadoop.ozone.om.exceptions.OMException: Unable to get file status: volume: volume28358 bucket: bucket39322 key: gdir1/dir5/child
	at org.apache.hadoop.ozone.om.KeyManagerImpl.getOzoneFileStatus(KeyManagerImpl.java:1162) ~[ozone-manager-1.4.0-SNAPSHOT.jar:?]
	at org.apache.hadoop.ozone.om.KeyManagerImpl.getFileStatus(KeyManagerImpl.java:1080) ~[ozone-manager-1.4.0-SNAPSHOT.jar:?]
	at org.apache.hadoop.ozone.om.OmMetadataReader.getFileStatus(OmMetadataReader.java:288) ~[ozone-manager-1.4.0-SNAPSHOT.jar:?]
	at org.apache.hadoop.ozone.om.OzoneManager.getFileStatus(OzoneManager.java:3450) ~[ozone-manager-1.4.0-SNAPSHOT.jar:?]
	at org.apache.hadoop.ozone.protocolPB.OzoneManagerRequestHandler.getOzoneFileStatus(OzoneManagerRequestHandler.java:933) ~[ozone-manager-1.4.0-SNAPSHOT.jar:?]
	at org.apache.hadoop.ozone.protocolPB.OzoneManagerRequestHandler.handleReadRequest(OzoneManagerRequestHandler.java:238) ~[ozone-manager-1.4.0-SNAPSHOT.jar:?]
	at org.apache.hadoop.ozone.protocolPB.OzoneManagerProtocolServerSideTranslatorPB.submitReadRequestToOM(OzoneManagerProtocolServerSideTranslatorPB.java:223) ~[ozone-manager-1.4.0-SNAPSHOT.jar:?]
	at org.apache.hadoop.ozone.protocolPB.OzoneManagerProtocolServerSideTranslatorPB.processRequest(OzoneManagerProtocolServerSideTranslatorPB.java:177) ~[ozone-manager-1.4.0-SNAPSHOT.jar:?]
	at org.apache.hadoop.hdds.server.OzoneProtocolMessageDispatcher.processRequest(OzoneProtocolMessageDispatcher.java:87) [hdds-server-framework-1.4.0-SNAPSHOT.jar:?]
	at org.apache.hadoop.ozone.protocolPB.OzoneManagerProtocolServerSideTranslatorPB.submitRequest(OzoneManagerProtocolServerSideTranslatorPB.java:147) [ozone-manager-1.4.0-SNAPSHOT.jar:?]
	at org.apache.hadoop.ozone.protocol.proto.OzoneManagerProtocolProtos$OzoneManagerService$2.callBlockingMethod(OzoneManagerProtocolProtos.java) [ozone-interface-client-1.4.0-SNAPSHOT.jar:?]
	at org.apache.hadoop.ipc.ProtobufRpcEngine$Server.processCall(ProtobufRpcEngine.java:465) [hadoop-common-3.3.4.jar:?]
	at org.apache.hadoop.ipc.ProtobufRpcEngine2$Server$ProtoBufRpcInvoker.call(ProtobufRpcEngine2.java:578) [hadoop-common-3.3.4.jar:?]
	at org.apache.hadoop.ipc.ProtobufRpcEngine2$Server$ProtoBufRpcInvoker.call(ProtobufRpcEngine2.java:556) [hadoop-common-3.3.4.jar:?]
	at org.apache.hadoop.ipc.RPC$Server.call(RPC.java:1093) [hadoop-common-3.3.4.jar:?]
	at org.apache.hadoop.ipc.Server$RpcCall.run(Server.java:1043) [hadoop-common-3.3.4.jar:?]
	at org.apache.hadoop.ipc.Server$RpcCall.run(Server.java:971) [hadoop-common-3.3.4.jar:?]
	at java.security.AccessController.doPrivileged(Native Method) ~[?:1.8.0_362]
	at javax.security.auth.Subject.doAs(Subject.java:422) [?:1.8.0_362]
	at org.apache.hadoop.security.UserGroupInformation.doAs(UserGroupInformation.java:1878) [hadoop-common-3.3.4.jar:?]
	at org.apache.hadoop.ipc.Server$Handler.run(Server.java:2976) [hadoop-common-3.3.4.jar:?]
16:33:12.982 [IPC Server handler 9 on default port 37073] ERROR OMAudit - user=runner | ip=127.0.0.1 | op=GET_FILE_STATUS {volume=volume28358, bucket=bucket39322, key=gdir1/dir6, dataSize=0, replicationConfig=null} | ret=FAILURE
org.apache.hadoop.ozone.om.exceptions.OMException: Unable to get file status: volume: volume28358 bucket: bucket39322 key: gdir1/dir6
	at org.apache.hadoop.ozone.om.KeyManagerImpl.getOzoneFileStatus(KeyManagerImpl.java:1162) ~[ozone-manager-1.4.0-SNAPSHOT.jar:?]
	at org.apache.hadoop.ozone.om.KeyManagerImpl.getFileStatus(KeyManagerImpl.java:1080) ~[ozone-manager-1.4.0-SNAPSHOT.jar:?]
	at org.apache.hadoop.ozone.om.OmMetadataReader.getFileStatus(OmMetadataReader.java:288) ~[ozone-manager-1.4.0-SNAPSHOT.jar:?]
	at org.apache.hadoop.ozone.om.OzoneManager.getFileStatus(OzoneManager.java:3450) ~[ozone-manager-1.4.0-SNAPSHOT.jar:?]
	at org.apache.hadoop.ozone.protocolPB.OzoneManagerRequestHandler.getOzoneFileStatus(OzoneManagerRequestHandler.java:933) ~[ozone-manager-1.4.0-SNAPSHOT.jar:?]
	at org.apache.hadoop.ozone.protocolPB.OzoneManagerRequestHandler.handleReadRequest(OzoneManagerRequestHandler.java:238) ~[ozone-manager-1.4.0-SNAPSHOT.jar:?]
	at org.apache.hadoop.ozone.protocolPB.OzoneManagerProtocolServerSideTranslatorPB.submitReadRequestToOM(OzoneManagerProtocolServerSideTranslatorPB.java:223) ~[ozone-manager-1.4.0-SNAPSHOT.jar:?]
	at org.apache.hadoop.ozone.protocolPB.OzoneManagerProtocolServerSideTranslatorPB.processRequest(OzoneManagerProtocolServerSideTranslatorPB.java:177) ~[ozone-manager-1.4.0-SNAPSHOT.jar:?]
	at org.apache.hadoop.hdds.server.OzoneProtocolMessageDispatcher.processRequest(OzoneProtocolMessageDispatcher.java:87) [hdds-server-framework-1.4.0-SNAPSHOT.jar:?]
	at org.apache.hadoop.ozone.protocolPB.OzoneManagerProtocolServerSideTranslatorPB.submitRequest(OzoneManagerProtocolServerSideTranslatorPB.java:147) [ozone-manager-1.4.0-SNAPSHOT.jar:?]
	at org.apache.hadoop.ozone.protocol.proto.OzoneManagerProtocolProtos$OzoneManagerService$2.callBlockingMethod(OzoneManagerProtocolProtos.java) [ozone-interface-client-1.4.0-SNAPSHOT.jar:?]
	at org.apache.hadoop.ipc.ProtobufRpcEngine$Server.processCall(ProtobufRpcEngine.java:465) [hadoop-common-3.3.4.jar:?]
	at org.apache.hadoop.ipc.ProtobufRpcEngine2$Server$ProtoBufRpcInvoker.call(ProtobufRpcEngine2.java:578) [hadoop-common-3.3.4.jar:?]
	at org.apache.hadoop.ipc.ProtobufRpcEngine2$Server$ProtoBufRpcInvoker.call(ProtobufRpcEngine2.java:556) [hadoop-common-3.3.4.jar:?]
	at org.apache.hadoop.ipc.RPC$Server.call(RPC.java:1093) [hadoop-common-3.3.4.jar:?]
	at org.apache.hadoop.ipc.Server$RpcCall.run(Server.java:1043) [hadoop-common-3.3.4.jar:?]
	at org.apache.hadoop.ipc.Server$RpcCall.run(Server.java:971) [hadoop-common-3.3.4.jar:?]
	at java.security.AccessController.doPrivileged(Native Method) ~[?:1.8.0_362]
	at javax.security.auth.Subject.doAs(Subject.java:422) [?:1.8.0_362]
	at org.apache.hadoop.security.UserGroupInformation.doAs(UserGroupInformation.java:1878) [hadoop-common-3.3.4.jar:?]
	at org.apache.hadoop.ipc.Server$Handler.run(Server.java:2976) [hadoop-common-3.3.4.jar:?]
16:33:12.983 [IPC Server handler 19 on default port 37073] ERROR OMAudit - user=runner | ip=127.0.0.1 | op=GET_FILE_STATUS {volume=volume28358, bucket=bucket39322, key=gdir1/dir6/child, dataSize=0, replicationConfig=null} | ret=FAILURE
org.apache.hadoop.ozone.om.exceptions.OMException: Unable to get file status: volume: volume28358 bucket: bucket39322 key: gdir1/dir6/child
	at org.apache.hadoop.ozone.om.KeyManagerImpl.getOzoneFileStatus(KeyManagerImpl.java:1162) ~[ozone-manager-1.4.0-SNAPSHOT.jar:?]
	at org.apache.hadoop.ozone.om.KeyManagerImpl.getFileStatus(KeyManagerImpl.java:1080) ~[ozone-manager-1.4.0-SNAPSHOT.jar:?]
	at org.apache.hadoop.ozone.om.OmMetadataReader.getFileStatus(OmMetadataReader.java:288) ~[ozone-manager-1.4.0-SNAPSHOT.jar:?]
	at org.apache.hadoop.ozone.om.OzoneManager.getFileStatus(OzoneManager.java:3450) ~[ozone-manager-1.4.0-SNAPSHOT.jar:?]
	at org.apache.hadoop.ozone.protocolPB.OzoneManagerRequestHandler.getOzoneFileStatus(OzoneManagerRequestHandler.java:933) ~[ozone-manager-1.4.0-SNAPSHOT.jar:?]
	at org.apache.hadoop.ozone.protocolPB.OzoneManagerRequestHandler.handleReadRequest(OzoneManagerRequestHandler.java:238) ~[ozone-manager-1.4.0-SNAPSHOT.jar:?]
	at org.apache.hadoop.ozone.protocolPB.OzoneManagerProtocolServerSideTranslatorPB.submitReadRequestToOM(OzoneManagerProtocolServerSideTranslatorPB.java:223) ~[ozone-manager-1.4.0-SNAPSHOT.jar:?]
	at org.apache.hadoop.ozone.protocolPB.OzoneManagerProtocolServerSideTranslatorPB.processRequest(OzoneManagerProtocolServerSideTranslatorPB.java:177) ~[ozone-manager-1.4.0-SNAPSHOT.jar:?]
	at org.apache.hadoop.hdds.server.OzoneProtocolMessageDispatcher.processRequest(OzoneProtocolMessageDispatcher.java:87) [hdds-server-framework-1.4.0-SNAPSHOT.jar:?]
	at org.apache.hadoop.ozone.protocolPB.OzoneManagerProtocolServerSideTranslatorPB.submitRequest(OzoneManagerProtocolServerSideTranslatorPB.java:147) [ozone-manager-1.4.0-SNAPSHOT.jar:?]
	at org.apache.hadoop.ozone.protocol.proto.OzoneManagerProtocolProtos$OzoneManagerService$2.callBlockingMethod(OzoneManagerProtocolProtos.java) [ozone-interface-client-1.4.0-SNAPSHOT.jar:?]
	at org.apache.hadoop.ipc.ProtobufRpcEngine$Server.processCall(ProtobufRpcEngine.java:465) [hadoop-common-3.3.4.jar:?]
	at org.apache.hadoop.ipc.ProtobufRpcEngine2$Server$ProtoBufRpcInvoker.call(ProtobufRpcEngine2.java:578) [hadoop-common-3.3.4.jar:?]
	at org.apache.hadoop.ipc.ProtobufRpcEngine2$Server$ProtoBufRpcInvoker.call(ProtobufRpcEngine2.java:556) [hadoop-common-3.3.4.jar:?]
	at org.apache.hadoop.ipc.RPC$Server.call(RPC.java:1093) [hadoop-common-3.3.4.jar:?]
	at org.apache.hadoop.ipc.Server$RpcCall.run(Server.java:1043) [hadoop-common-3.3.4.jar:?]
	at org.apache.hadoop.ipc.Server$RpcCall.run(Server.java:971) [hadoop-common-3.3.4.jar:?]
	at java.security.AccessController.doPrivileged(Native Method) ~[?:1.8.0_362]
	at javax.security.auth.Subject.doAs(Subject.java:422) [?:1.8.0_362]
	at org.apache.hadoop.security.UserGroupInformation.doAs(UserGroupInformation.java:1878) [hadoop-common-3.3.4.jar:?]
	at org.apache.hadoop.ipc.Server$Handler.run(Server.java:2976) [hadoop-common-3.3.4.jar:?]
16:33:12.985 [IPC Server handler 17 on default port 37073] ERROR OMAudit - user=runner | ip=127.0.0.1 | op=GET_FILE_STATUS {volume=volume28358, bucket=bucket39322, key=gdir1/dir7, dataSize=0, replicationConfig=null} | ret=FAILURE
org.apache.hadoop.ozone.om.exceptions.OMException: Unable to get file status: volume: volume28358 bucket: bucket39322 key: gdir1/dir7
	at org.apache.hadoop.ozone.om.KeyManagerImpl.getOzoneFileStatus(KeyManagerImpl.java:1162) ~[ozone-manager-1.4.0-SNAPSHOT.jar:?]
	at org.apache.hadoop.ozone.om.KeyManagerImpl.getFileStatus(KeyManagerImpl.java:1080) ~[ozone-manager-1.4.0-SNAPSHOT.jar:?]
	at org.apache.hadoop.ozone.om.OmMetadataReader.getFileStatus(OmMetadataReader.java:288) ~[ozone-manager-1.4.0-SNAPSHOT.jar:?]
	at org.apache.hadoop.ozone.om.OzoneManager.getFileStatus(OzoneManager.java:3450) ~[ozone-manager-1.4.0-SNAPSHOT.jar:?]
	at org.apache.hadoop.ozone.protocolPB.OzoneManagerRequestHandler.getOzoneFileStatus(OzoneManagerRequestHandler.java:933) ~[ozone-manager-1.4.0-SNAPSHOT.jar:?]
	at org.apache.hadoop.ozone.protocolPB.OzoneManagerRequestHandler.handleReadRequest(OzoneManagerRequestHandler.java:238) ~[ozone-manager-1.4.0-SNAPSHOT.jar:?]
	at org.apache.hadoop.ozone.protocolPB.OzoneManagerProtocolServerSideTranslatorPB.submitReadRequestToOM(OzoneManagerProtocolServerSideTranslatorPB.java:223) ~[ozone-manager-1.4.0-SNAPSHOT.jar:?]
	at org.apache.hadoop.ozone.protocolPB.OzoneManagerProtocolServerSideTranslatorPB.processRequest(OzoneManagerProtocolServerSideTranslatorPB.java:177) ~[ozone-manager-1.4.0-SNAPSHOT.jar:?]
	at org.apache.hadoop.hdds.server.OzoneProtocolMessageDispatcher.processRequest(OzoneProtocolMessageDispatcher.java:87) [hdds-server-framework-1.4.0-SNAPSHOT.jar:?]
	at org.apache.hadoop.ozone.protocolPB.OzoneManagerProtocolServerSideTranslatorPB.submitRequest(OzoneManagerProtocolServerSideTranslatorPB.java:147) [ozone-manager-1.4.0-SNAPSHOT.jar:?]
	at org.apache.hadoop.ozone.protocol.proto.OzoneManagerProtocolProtos$OzoneManagerService$2.callBlockingMethod(OzoneManagerProtocolProtos.java) [ozone-interface-client-1.4.0-SNAPSHOT.jar:?]
	at org.apache.hadoop.ipc.ProtobufRpcEngine$Server.processCall(ProtobufRpcEngine.java:465) [hadoop-common-3.3.4.jar:?]
	at org.apache.hadoop.ipc.ProtobufRpcEngine2$Server$ProtoBufRpcInvoker.call(ProtobufRpcEngine2.java:578) [hadoop-common-3.3.4.jar:?]
	at org.apache.hadoop.ipc.ProtobufRpcEngine2$Server$ProtoBufRpcInvoker.call(ProtobufRpcEngine2.java:556) [hadoop-common-3.3.4.jar:?]
	at org.apache.hadoop.ipc.RPC$Server.call(RPC.java:1093) [hadoop-common-3.3.4.jar:?]
	at org.apache.hadoop.ipc.Server$RpcCall.run(Server.java:1043) [hadoop-common-3.3.4.jar:?]
	at org.apache.hadoop.ipc.Server$RpcCall.run(Server.java:971) [hadoop-common-3.3.4.jar:?]
	at java.security.AccessController.doPrivileged(Native Method) ~[?:1.8.0_362]
	at javax.security.auth.Subject.doAs(Subject.java:422) [?:1.8.0_362]
	at org.apache.hadoop.security.UserGroupInformation.doAs(UserGroupInformation.java:1878) [hadoop-common-3.3.4.jar:?]
	at org.apache.hadoop.ipc.Server$Handler.run(Server.java:2976) [hadoop-common-3.3.4.jar:?]
16:33:12.986 [IPC Server handler 18 on default port 37073] ERROR OMAudit - user=runner | ip=127.0.0.1 | op=GET_FILE_STATUS {volume=volume28358, bucket=bucket39322, key=gdir1/dir7/child, dataSize=0, replicationConfig=null} | ret=FAILURE
org.apache.hadoop.ozone.om.exceptions.OMException: Unable to get file status: volume: volume28358 bucket: bucket39322 key: gdir1/dir7/child
	at org.apache.hadoop.ozone.om.KeyManagerImpl.getOzoneFileStatus(KeyManagerImpl.java:1162) ~[ozone-manager-1.4.0-SNAPSHOT.jar:?]
	at org.apache.hadoop.ozone.om.KeyManagerImpl.getFileStatus(KeyManagerImpl.java:1080) ~[ozone-manager-1.4.0-SNAPSHOT.jar:?]
	at org.apache.hadoop.ozone.om.OmMetadataReader.getFileStatus(OmMetadataReader.java:288) ~[ozone-manager-1.4.0-SNAPSHOT.jar:?]
	at org.apache.hadoop.ozone.om.OzoneManager.getFileStatus(OzoneManager.java:3450) ~[ozone-manager-1.4.0-SNAPSHOT.jar:?]
	at org.apache.hadoop.ozone.protocolPB.OzoneManagerRequestHandler.getOzoneFileStatus(OzoneManagerRequestHandler.java:933) ~[ozone-manager-1.4.0-SNAPSHOT.jar:?]
	at org.apache.hadoop.ozone.protocolPB.OzoneManagerRequestHandler.handleReadRequest(OzoneManagerRequestHandler.java:238) ~[ozone-manager-1.4.0-SNAPSHOT.jar:?]
	at org.apache.hadoop.ozone.protocolPB.OzoneManagerProtocolServerSideTranslatorPB.submitReadRequestToOM(OzoneManagerProtocolServerSideTranslatorPB.java:223) ~[ozone-manager-1.4.0-SNAPSHOT.jar:?]
	at org.apache.hadoop.ozone.protocolPB.OzoneManagerProtocolServerSideTranslatorPB.processRequest(OzoneManagerProtocolServerSideTranslatorPB.java:177) ~[ozone-manager-1.4.0-SNAPSHOT.jar:?]
	at org.apache.hadoop.hdds.server.OzoneProtocolMessageDispatcher.processRequest(OzoneProtocolMessageDispatcher.java:87) [hdds-server-framework-1.4.0-SNAPSHOT.jar:?]
	at org.apache.hadoop.ozone.protocolPB.OzoneManagerProtocolServerSideTranslatorPB.submitRequest(OzoneManagerProtocolServerSideTranslatorPB.java:147) [ozone-manager-1.4.0-SNAPSHOT.jar:?]
	at org.apache.hadoop.ozone.protocol.proto.OzoneManagerProtocolProtos$OzoneManagerService$2.callBlockingMethod(OzoneManagerProtocolProtos.java) [ozone-interface-client-1.4.0-SNAPSHOT.jar:?]
	at org.apache.hadoop.ipc.ProtobufRpcEngine$Server.processCall(ProtobufRpcEngine.java:465) [hadoop-common-3.3.4.jar:?]
	at org.apache.hadoop.ipc.ProtobufRpcEngine2$Server$ProtoBufRpcInvoker.call(ProtobufRpcEngine2.java:578) [hadoop-common-3.3.4.jar:?]
	at org.apache.hadoop.ipc.ProtobufRpcEngine2$Server$ProtoBufRpcInvoker.call(ProtobufRpcEngine2.java:556) [hadoop-common-3.3.4.jar:?]
	at org.apache.hadoop.ipc.RPC$Server.call(RPC.java:1093) [hadoop-common-3.3.4.jar:?]
	at org.apache.hadoop.ipc.Server$RpcCall.run(Server.java:1043) [hadoop-common-3.3.4.jar:?]
	at org.apache.hadoop.ipc.Server$RpcCall.run(Server.java:971) [hadoop-common-3.3.4.jar:?]
	at java.security.AccessController.doPrivileged(Native Method) ~[?:1.8.0_362]
	at javax.security.auth.Subject.doAs(Subject.java:422) [?:1.8.0_362]
	at org.apache.hadoop.security.UserGroupInformation.doAs(UserGroupInformation.java:1878) [hadoop-common-3.3.4.jar:?]
	at org.apache.hadoop.ipc.Server$Handler.run(Server.java:2976) [hadoop-common-3.3.4.jar:?]
16:33:12.992 [IPC Server handler 11 on default port 37073] ERROR OMAudit - user=runner | ip=127.0.0.1 | op=GET_FILE_STATUS {volume=volume28358, bucket=bucket39322, key=gdir1/dir8, dataSize=0, replicationConfig=null} | ret=FAILURE
org.apache.hadoop.ozone.om.exceptions.OMException: Unable to get file status: volume: volume28358 bucket: bucket39322 key: gdir1/dir8
	at org.apache.hadoop.ozone.om.KeyManagerImpl.getOzoneFileStatus(KeyManagerImpl.java:1162) ~[ozone-manager-1.4.0-SNAPSHOT.jar:?]
	at org.apache.hadoop.ozone.om.KeyManagerImpl.getFileStatus(KeyManagerImpl.java:1080) ~[ozone-manager-1.4.0-SNAPSHOT.jar:?]
	at org.apache.hadoop.ozone.om.OmMetadataReader.getFileStatus(OmMetadataReader.java:288) ~[ozone-manager-1.4.0-SNAPSHOT.jar:?]
	at org.apache.hadoop.ozone.om.OzoneManager.getFileStatus(OzoneManager.java:3450) ~[ozone-manager-1.4.0-SNAPSHOT.jar:?]
	at org.apache.hadoop.ozone.protocolPB.OzoneManagerRequestHandler.getOzoneFileStatus(OzoneManagerRequestHandler.java:933) ~[ozone-manager-1.4.0-SNAPSHOT.jar:?]
	at org.apache.hadoop.ozone.protocolPB.OzoneManagerRequestHandler.handleReadRequest(OzoneManagerRequestHandler.java:238) ~[ozone-manager-1.4.0-SNAPSHOT.jar:?]
	at org.apache.hadoop.ozone.protocolPB.OzoneManagerProtocolServerSideTranslatorPB.submitReadRequestToOM(OzoneManagerProtocolServerSideTranslatorPB.java:223) ~[ozone-manager-1.4.0-SNAPSHOT.jar:?]
	at org.apache.hadoop.ozone.protocolPB.OzoneManagerProtocolServerSideTranslatorPB.processRequest(OzoneManagerProtocolServerSideTranslatorPB.java:177) ~[ozone-manager-1.4.0-SNAPSHOT.jar:?]
	at org.apache.hadoop.hdds.server.OzoneProtocolMessageDispatcher.processRequest(OzoneProtocolMessageDispatcher.java:87) [hdds-server-framework-1.4.0-SNAPSHOT.jar:?]
	at org.apache.hadoop.ozone.protocolPB.OzoneManagerProtocolServerSideTranslatorPB.submitRequest(OzoneManagerProtocolServerSideTranslatorPB.java:147) [ozone-manager-1.4.0-SNAPSHOT.jar:?]
	at org.apache.hadoop.ozone.protocol.proto.OzoneManagerProtocolProtos$OzoneManagerService$2.callBlockingMethod(OzoneManagerProtocolProtos.java) [ozone-interface-client-1.4.0-SNAPSHOT.jar:?]
	at org.apache.hadoop.ipc.ProtobufRpcEngine$Server.processCall(ProtobufRpcEngine.java:465) [hadoop-common-3.3.4.jar:?]
	at org.apache.hadoop.ipc.ProtobufRpcEngine2$Server$ProtoBufRpcInvoker.call(ProtobufRpcEngine2.java:578) [hadoop-common-3.3.4.jar:?]
	at org.apache.hadoop.ipc.ProtobufRpcEngine2$Server$ProtoBufRpcInvoker.call(ProtobufRpcEngine2.java:556) [hadoop-common-3.3.4.jar:?]
	at org.apache.hadoop.ipc.RPC$Server.call(RPC.java:1093) [hadoop-common-3.3.4.jar:?]
	at org.apache.hadoop.ipc.Server$RpcCall.run(Server.java:1043) [hadoop-common-3.3.4.jar:?]
	at org.apache.hadoop.ipc.Server$RpcCall.run(Server.java:971) [hadoop-common-3.3.4.jar:?]
	at java.security.AccessController.doPrivileged(Native Method) ~[?:1.8.0_362]
	at javax.security.auth.Subject.doAs(Subject.java:422) [?:1.8.0_362]
	at org.apache.hadoop.security.UserGroupInformation.doAs(UserGroupInformation.java:1878) [hadoop-common-3.3.4.jar:?]
	at org.apache.hadoop.ipc.Server$Handler.run(Server.java:2976) [hadoop-common-3.3.4.jar:?]
16:33:12.994 [IPC Server handler 15 on default port 37073] ERROR OMAudit - user=runner | ip=127.0.0.1 | op=GET_FILE_STATUS {volume=volume28358, bucket=bucket39322, key=gdir1/dir8/child, dataSize=0, replicationConfig=null} | ret=FAILURE
org.apache.hadoop.ozone.om.exceptions.OMException: Unable to get file status: volume: volume28358 bucket: bucket39322 key: gdir1/dir8/child
	at org.apache.hadoop.ozone.om.KeyManagerImpl.getOzoneFileStatus(KeyManagerImpl.java:1162) ~[ozone-manager-1.4.0-SNAPSHOT.jar:?]
	at org.apache.hadoop.ozone.om.KeyManagerImpl.getFileStatus(KeyManagerImpl.java:1080) ~[ozone-manager-1.4.0-SNAPSHOT.jar:?]
	at org.apache.hadoop.ozone.om.OmMetadataReader.getFileStatus(OmMetadataReader.java:288) ~[ozone-manager-1.4.0-SNAPSHOT.jar:?]
	at org.apache.hadoop.ozone.om.OzoneManager.getFileStatus(OzoneManager.java:3450) ~[ozone-manager-1.4.0-SNAPSHOT.jar:?]
	at org.apache.hadoop.ozone.protocolPB.OzoneManagerRequestHandler.getOzoneFileStatus(OzoneManagerRequestHandler.java:933) ~[ozone-manager-1.4.0-SNAPSHOT.jar:?]
	at org.apache.hadoop.ozone.protocolPB.OzoneManagerRequestHandler.handleReadRequest(OzoneManagerRequestHandler.java:238) ~[ozone-manager-1.4.0-SNAPSHOT.jar:?]
	at org.apache.hadoop.ozone.protocolPB.OzoneManagerProtocolServerSideTranslatorPB.submitReadRequestToOM(OzoneManagerProtocolServerSideTranslatorPB.java:223) ~[ozone-manager-1.4.0-SNAPSHOT.jar:?]
	at org.apache.hadoop.ozone.protocolPB.OzoneManagerProtocolServerSideTranslatorPB.processRequest(OzoneManagerProtocolServerSideTranslatorPB.java:177) ~[ozone-manager-1.4.0-SNAPSHOT.jar:?]
	at org.apache.hadoop.hdds.server.OzoneProtocolMessageDispatcher.processRequest(OzoneProtocolMessageDispatcher.java:87) [hdds-server-framework-1.4.0-SNAPSHOT.jar:?]
	at org.apache.hadoop.ozone.protocolPB.OzoneManagerProtocolServerSideTranslatorPB.submitRequest(OzoneManagerProtocolServerSideTranslatorPB.java:147) [ozone-manager-1.4.0-SNAPSHOT.jar:?]
	at org.apache.hadoop.ozone.protocol.proto.OzoneManagerProtocolProtos$OzoneManagerService$2.callBlockingMethod(OzoneManagerProtocolProtos.java) [ozone-interface-client-1.4.0-SNAPSHOT.jar:?]
	at org.apache.hadoop.ipc.ProtobufRpcEngine$Server.processCall(ProtobufRpcEngine.java:465) [hadoop-common-3.3.4.jar:?]
	at org.apache.hadoop.ipc.ProtobufRpcEngine2$Server$ProtoBufRpcInvoker.call(ProtobufRpcEngine2.java:578) [hadoop-common-3.3.4.jar:?]
	at org.apache.hadoop.ipc.ProtobufRpcEngine2$Server$ProtoBufRpcInvoker.call(ProtobufRpcEngine2.java:556) [hadoop-common-3.3.4.jar:?]
	at org.apache.hadoop.ipc.RPC$Server.call(RPC.java:1093) [hadoop-common-3.3.4.jar:?]
	at org.apache.hadoop.ipc.Server$RpcCall.run(Server.java:1043) [hadoop-common-3.3.4.jar:?]
	at org.apache.hadoop.ipc.Server$RpcCall.run(Server.java:971) [hadoop-common-3.3.4.jar:?]
	at java.security.AccessController.doPrivileged(Native Method) ~[?:1.8.0_362]
	at javax.security.auth.Subject.doAs(Subject.java:422) [?:1.8.0_362]
	at org.apache.hadoop.security.UserGroupInformation.doAs(UserGroupInformation.java:1878) [hadoop-common-3.3.4.jar:?]
	at org.apache.hadoop.ipc.Server$Handler.run(Server.java:2976) [hadoop-common-3.3.4.jar:?]
16:33:12.999 [IPC Server handler 16 on default port 37073] ERROR OMAudit - user=runner | ip=127.0.0.1 | op=GET_FILE_STATUS {volume=volume28358, bucket=bucket39322, key=gdir1/dir9, dataSize=0, replicationConfig=null} | ret=FAILURE
org.apache.hadoop.ozone.om.exceptions.OMException: Unable to get file status: volume: volume28358 bucket: bucket39322 key: gdir1/dir9
	at org.apache.hadoop.ozone.om.KeyManagerImpl.getOzoneFileStatus(KeyManagerImpl.java:1162) ~[ozone-manager-1.4.0-SNAPSHOT.jar:?]
	at org.apache.hadoop.ozone.om.KeyManagerImpl.getFileStatus(KeyManagerImpl.java:1080) ~[ozone-manager-1.4.0-SNAPSHOT.jar:?]
	at org.apache.hadoop.ozone.om.OmMetadataReader.getFileStatus(OmMetadataReader.java:288) ~[ozone-manager-1.4.0-SNAPSHOT.jar:?]
	at org.apache.hadoop.ozone.om.OzoneManager.getFileStatus(OzoneManager.java:3450) ~[ozone-manager-1.4.0-SNAPSHOT.jar:?]
	at org.apache.hadoop.ozone.protocolPB.OzoneManagerRequestHandler.getOzoneFileStatus(OzoneManagerRequestHandler.java:933) ~[ozone-manager-1.4.0-SNAPSHOT.jar:?]
	at org.apache.hadoop.ozone.protocolPB.OzoneManagerRequestHandler.handleReadRequest(OzoneManagerRequestHandler.java:238) ~[ozone-manager-1.4.0-SNAPSHOT.jar:?]
	at org.apache.hadoop.ozone.protocolPB.OzoneManagerProtocolServerSideTranslatorPB.submitReadRequestToOM(OzoneManagerProtocolServerSideTranslatorPB.java:223) ~[ozone-manager-1.4.0-SNAPSHOT.jar:?]
	at org.apache.hadoop.ozone.protocolPB.OzoneManagerProtocolServerSideTranslatorPB.processRequest(OzoneManagerProtocolServerSideTranslatorPB.java:177) ~[ozone-manager-1.4.0-SNAPSHOT.jar:?]
	at org.apache.hadoop.hdds.server.OzoneProtocolMessageDispatcher.processRequest(OzoneProtocolMessageDispatcher.java:87) [hdds-server-framework-1.4.0-SNAPSHOT.jar:?]
	at org.apache.hadoop.ozone.protocolPB.OzoneManagerProtocolServerSideTranslatorPB.submitRequest(OzoneManagerProtocolServerSideTranslatorPB.java:147) [ozone-manager-1.4.0-SNAPSHOT.jar:?]
	at org.apache.hadoop.ozone.protocol.proto.OzoneManagerProtocolProtos$OzoneManagerService$2.callBlockingMethod(OzoneManagerProtocolProtos.java) [ozone-interface-client-1.4.0-SNAPSHOT.jar:?]
	at org.apache.hadoop.ipc.ProtobufRpcEngine$Server.processCall(ProtobufRpcEngine.java:465) [hadoop-common-3.3.4.jar:?]
	at org.apache.hadoop.ipc.ProtobufRpcEngine2$Server$ProtoBufRpcInvoker.call(ProtobufRpcEngine2.java:578) [hadoop-common-3.3.4.jar:?]
	at org.apache.hadoop.ipc.ProtobufRpcEngine2$Server$ProtoBufRpcInvoker.call(ProtobufRpcEngine2.java:556) [hadoop-common-3.3.4.jar:?]
	at org.apache.hadoop.ipc.RPC$Server.call(RPC.java:1093) [hadoop-common-3.3.4.jar:?]
	at org.apache.hadoop.ipc.Server$RpcCall.run(Server.java:1043) [hadoop-common-3.3.4.jar:?]
	at org.apache.hadoop.ipc.Server$RpcCall.run(Server.java:971) [hadoop-common-3.3.4.jar:?]
	at java.security.AccessController.doPrivileged(Native Method) ~[?:1.8.0_362]
	at javax.security.auth.Subject.doAs(Subject.java:422) [?:1.8.0_362]
	at org.apache.hadoop.security.UserGroupInformation.doAs(UserGroupInformation.java:1878) [hadoop-common-3.3.4.jar:?]
	at org.apache.hadoop.ipc.Server$Handler.run(Server.java:2976) [hadoop-common-3.3.4.jar:?]
16:33:13.000 [IPC Server handler 13 on default port 37073] ERROR OMAudit - user=runner | ip=127.0.0.1 | op=GET_FILE_STATUS {volume=volume28358, bucket=bucket39322, key=gdir1/dir9/child, dataSize=0, replicationConfig=null} | ret=FAILURE
org.apache.hadoop.ozone.om.exceptions.OMException: Unable to get file status: volume: volume28358 bucket: bucket39322 key: gdir1/dir9/child
	at org.apache.hadoop.ozone.om.KeyManagerImpl.getOzoneFileStatus(KeyManagerImpl.java:1162) ~[ozone-manager-1.4.0-SNAPSHOT.jar:?]
	at org.apache.hadoop.ozone.om.KeyManagerImpl.getFileStatus(KeyManagerImpl.java:1080) ~[ozone-manager-1.4.0-SNAPSHOT.jar:?]
	at org.apache.hadoop.ozone.om.OmMetadataReader.getFileStatus(OmMetadataReader.java:288) ~[ozone-manager-1.4.0-SNAPSHOT.jar:?]
	at org.apache.hadoop.ozone.om.OzoneManager.getFileStatus(OzoneManager.java:3450) ~[ozone-manager-1.4.0-SNAPSHOT.jar:?]
	at org.apache.hadoop.ozone.protocolPB.OzoneManagerRequestHandler.getOzoneFileStatus(OzoneManagerRequestHandler.java:933) ~[ozone-manager-1.4.0-SNAPSHOT.jar:?]
	at org.apache.hadoop.ozone.protocolPB.OzoneManagerRequestHandler.handleReadRequest(OzoneManagerRequestHandler.java:238) ~[ozone-manager-1.4.0-SNAPSHOT.jar:?]
	at org.apache.hadoop.ozone.protocolPB.OzoneManagerProtocolServerSideTranslatorPB.submitReadRequestToOM(OzoneManagerProtocolServerSideTranslatorPB.java:223) ~[ozone-manager-1.4.0-SNAPSHOT.jar:?]
	at org.apache.hadoop.ozone.protocolPB.OzoneManagerProtocolServerSideTranslatorPB.processRequest(OzoneManagerProtocolServerSideTranslatorPB.java:177) ~[ozone-manager-1.4.0-SNAPSHOT.jar:?]
	at org.apache.hadoop.hdds.server.OzoneProtocolMessageDispatcher.processRequest(OzoneProtocolMessageDispatcher.java:87) [hdds-server-framework-1.4.0-SNAPSHOT.jar:?]
	at org.apache.hadoop.ozone.protocolPB.OzoneManagerProtocolServerSideTranslatorPB.submitRequest(OzoneManagerProtocolServerSideTranslatorPB.java:147) [ozone-manager-1.4.0-SNAPSHOT.jar:?]
	at org.apache.hadoop.ozone.protocol.proto.OzoneManagerProtocolProtos$OzoneManagerService$2.callBlockingMethod(OzoneManagerProtocolProtos.java) [ozone-interface-client-1.4.0-SNAPSHOT.jar:?]
	at org.apache.hadoop.ipc.ProtobufRpcEngine$Server.processCall(ProtobufRpcEngine.java:465) [hadoop-common-3.3.4.jar:?]
	at org.apache.hadoop.ipc.ProtobufRpcEngine2$Server$ProtoBufRpcInvoker.call(ProtobufRpcEngine2.java:578) [hadoop-common-3.3.4.jar:?]
	at org.apache.hadoop.ipc.ProtobufRpcEngine2$Server$ProtoBufRpcInvoker.call(ProtobufRpcEngine2.java:556) [hadoop-common-3.3.4.jar:?]
	at org.apache.hadoop.ipc.RPC$Server.call(RPC.java:1093) [hadoop-common-3.3.4.jar:?]
	at org.apache.hadoop.ipc.Server$RpcCall.run(Server.java:1043) [hadoop-common-3.3.4.jar:?]
	at org.apache.hadoop.ipc.Server$RpcCall.run(Server.java:971) [hadoop-common-3.3.4.jar:?]
	at java.security.AccessController.doPrivileged(Native Method) ~[?:1.8.0_362]
	at javax.security.auth.Subject.doAs(Subject.java:422) [?:1.8.0_362]
	at org.apache.hadoop.security.UserGroupInformation.doAs(UserGroupInformation.java:1878) [hadoop-common-3.3.4.jar:?]
	at org.apache.hadoop.ipc.Server$Handler.run(Server.java:2976) [hadoop-common-3.3.4.jar:?]
16:33:13.002 [IPC Server handler 14 on default port 37073] ERROR OMAudit - user=runner | ip=127.0.0.1 | op=GET_FILE_STATUS {volume=volume28358, bucket=bucket39322, key=gdir1/dir10, dataSize=0, replicationConfig=null} | ret=FAILURE
org.apache.hadoop.ozone.om.exceptions.OMException: Unable to get file status: volume: volume28358 bucket: bucket39322 key: gdir1/dir10
	at org.apache.hadoop.ozone.om.KeyManagerImpl.getOzoneFileStatus(KeyManagerImpl.java:1162) ~[ozone-manager-1.4.0-SNAPSHOT.jar:?]
	at org.apache.hadoop.ozone.om.KeyManagerImpl.getFileStatus(KeyManagerImpl.java:1080) ~[ozone-manager-1.4.0-SNAPSHOT.jar:?]
	at org.apache.hadoop.ozone.om.OmMetadataReader.getFileStatus(OmMetadataReader.java:288) ~[ozone-manager-1.4.0-SNAPSHOT.jar:?]
	at org.apache.hadoop.ozone.om.OzoneManager.getFileStatus(OzoneManager.java:3450) ~[ozone-manager-1.4.0-SNAPSHOT.jar:?]
	at org.apache.hadoop.ozone.protocolPB.OzoneManagerRequestHandler.getOzoneFileStatus(OzoneManagerRequestHandler.java:933) ~[ozone-manager-1.4.0-SNAPSHOT.jar:?]
	at org.apache.hadoop.ozone.protocolPB.OzoneManagerRequestHandler.handleReadRequest(OzoneManagerRequestHandler.java:238) ~[ozone-manager-1.4.0-SNAPSHOT.jar:?]
	at org.apache.hadoop.ozone.protocolPB.OzoneManagerProtocolServerSideTranslatorPB.submitReadRequestToOM(OzoneManagerProtocolServerSideTranslatorPB.java:223) ~[ozone-manager-1.4.0-SNAPSHOT.jar:?]
	at org.apache.hadoop.ozone.protocolPB.OzoneManagerProtocolServerSideTranslatorPB.processRequest(OzoneManagerProtocolServerSideTranslatorPB.java:177) ~[ozone-manager-1.4.0-SNAPSHOT.jar:?]
	at org.apache.hadoop.hdds.server.OzoneProtocolMessageDispatcher.processRequest(OzoneProtocolMessageDispatcher.java:87) [hdds-server-framework-1.4.0-SNAPSHOT.jar:?]
	at org.apache.hadoop.ozone.protocolPB.OzoneManagerProtocolServerSideTranslatorPB.submitRequest(OzoneManagerProtocolServerSideTranslatorPB.java:147) [ozone-manager-1.4.0-SNAPSHOT.jar:?]
	at org.apache.hadoop.ozone.protocol.proto.OzoneManagerProtocolProtos$OzoneManagerService$2.callBlockingMethod(OzoneManagerProtocolProtos.java) [ozone-interface-client-1.4.0-SNAPSHOT.jar:?]
	at org.apache.hadoop.ipc.ProtobufRpcEngine$Server.processCall(ProtobufRpcEngine.java:465) [hadoop-common-3.3.4.jar:?]
	at org.apache.hadoop.ipc.ProtobufRpcEngine2$Server$ProtoBufRpcInvoker.call(ProtobufRpcEngine2.java:578) [hadoop-common-3.3.4.jar:?]
	at org.apache.hadoop.ipc.ProtobufRpcEngine2$Server$ProtoBufRpcInvoker.call(ProtobufRpcEngine2.java:556) [hadoop-common-3.3.4.jar:?]
	at org.apache.hadoop.ipc.RPC$Server.call(RPC.java:1093) [hadoop-common-3.3.4.jar:?]
	at org.apache.hadoop.ipc.Server$RpcCall.run(Server.java:1043) [hadoop-common-3.3.4.jar:?]
	at org.apache.hadoop.ipc.Server$RpcCall.run(Server.java:971) [hadoop-common-3.3.4.jar:?]
	at java.security.AccessController.doPrivileged(Native Method) ~[?:1.8.0_362]
	at javax.security.auth.Subject.doAs(Subject.java:422) [?:1.8.0_362]
	at org.apache.hadoop.security.UserGroupInformation.doAs(UserGroupInformation.java:1878) [hadoop-common-3.3.4.jar:?]
	at org.apache.hadoop.ipc.Server$Handler.run(Server.java:2976) [hadoop-common-3.3.4.jar:?]
16:33:13.003 [IPC Server handler 7 on default port 37073] ERROR OMAudit - user=runner | ip=127.0.0.1 | op=GET_FILE_STATUS {volume=volume28358, bucket=bucket39322, key=gdir1/dir10/child, dataSize=0, replicationConfig=null} | ret=FAILURE
org.apache.hadoop.ozone.om.exceptions.OMException: Unable to get file status: volume: volume28358 bucket: bucket39322 key: gdir1/dir10/child
	at org.apache.hadoop.ozone.om.KeyManagerImpl.getOzoneFileStatus(KeyManagerImpl.java:1162) ~[ozone-manager-1.4.0-SNAPSHOT.jar:?]
	at org.apache.hadoop.ozone.om.KeyManagerImpl.getFileStatus(KeyManagerImpl.java:1080) ~[ozone-manager-1.4.0-SNAPSHOT.jar:?]
	at org.apache.hadoop.ozone.om.OmMetadataReader.getFileStatus(OmMetadataReader.java:288) ~[ozone-manager-1.4.0-SNAPSHOT.jar:?]
	at org.apache.hadoop.ozone.om.OzoneManager.getFileStatus(OzoneManager.java:3450) ~[ozone-manager-1.4.0-SNAPSHOT.jar:?]
	at org.apache.hadoop.ozone.protocolPB.OzoneManagerRequestHandler.getOzoneFileStatus(OzoneManagerRequestHandler.java:933) ~[ozone-manager-1.4.0-SNAPSHOT.jar:?]
	at org.apache.hadoop.ozone.protocolPB.OzoneManagerRequestHandler.handleReadRequest(OzoneManagerRequestHandler.java:238) ~[ozone-manager-1.4.0-SNAPSHOT.jar:?]
	at org.apache.hadoop.ozone.protocolPB.OzoneManagerProtocolServerSideTranslatorPB.submitReadRequestToOM(OzoneManagerProtocolServerSideTranslatorPB.java:223) ~[ozone-manager-1.4.0-SNAPSHOT.jar:?]
	at org.apache.hadoop.ozone.protocolPB.OzoneManagerProtocolServerSideTranslatorPB.processRequest(OzoneManagerProtocolServerSideTranslatorPB.java:177) ~[ozone-manager-1.4.0-SNAPSHOT.jar:?]
	at org.apache.hadoop.hdds.server.OzoneProtocolMessageDispatcher.processRequest(OzoneProtocolMessageDispatcher.java:87) [hdds-server-framework-1.4.0-SNAPSHOT.jar:?]
	at org.apache.hadoop.ozone.protocolPB.OzoneManagerProtocolServerSideTranslatorPB.submitRequest(OzoneManagerProtocolServerSideTranslatorPB.java:147) [ozone-manager-1.4.0-SNAPSHOT.jar:?]
	at org.apache.hadoop.ozone.protocol.proto.OzoneManagerProtocolProtos$OzoneManagerService$2.callBlockingMethod(OzoneManagerProtocolProtos.java) [ozone-interface-client-1.4.0-SNAPSHOT.jar:?]
	at org.apache.hadoop.ipc.ProtobufRpcEngine$Server.processCall(ProtobufRpcEngine.java:465) [hadoop-common-3.3.4.jar:?]
	at org.apache.hadoop.ipc.ProtobufRpcEngine2$Server$ProtoBufRpcInvoker.call(ProtobufRpcEngine2.java:578) [hadoop-common-3.3.4.jar:?]
	at org.apache.hadoop.ipc.ProtobufRpcEngine2$Server$ProtoBufRpcInvoker.call(ProtobufRpcEngine2.java:556) [hadoop-common-3.3.4.jar:?]
	at org.apache.hadoop.ipc.RPC$Server.call(RPC.java:1093) [hadoop-common-3.3.4.jar:?]
	at org.apache.hadoop.ipc.Server$RpcCall.run(Server.java:1043) [hadoop-common-3.3.4.jar:?]
	at org.apache.hadoop.ipc.Server$RpcCall.run(Server.java:971) [hadoop-common-3.3.4.jar:?]
	at java.security.AccessController.doPrivileged(Native Method) ~[?:1.8.0_362]
	at javax.security.auth.Subject.doAs(Subject.java:422) [?:1.8.0_362]
	at org.apache.hadoop.security.UserGroupInformation.doAs(UserGroupInformation.java:1878) [hadoop-common-3.3.4.jar:?]
	at org.apache.hadoop.ipc.Server$Handler.run(Server.java:2976) [hadoop-common-3.3.4.jar:?]
2023-02-16 16:33:13,012 [OM StateMachine ApplyTransaction Thread - 0] INFO  key.OMKeyRequest (OMKeyRequest.java:wrapUncommittedBlocksAsPseudoKey(837)) - Detect allocated but uncommitted blocks [{blockID={containerID=1, localID=111677748019200024}, length=4194304, offset=0, token=null, pipeline=null, createVersion=0, partNumber=0}] in key level0/level1/file1.
2023-02-16 16:33:13,020 [OM StateMachine ApplyTransaction Thread - 0] INFO  key.OMKeyRequest (OMKeyRequest.java:wrapUncommittedBlocksAsPseudoKey(837)) - Detect allocated but uncommitted blocks [{blockID={containerID=4, localID=111677748019200025}, length=4194304, offset=0, token=null, pipeline=null, createVersion=0, partNumber=0}] in key level0/level1/level1/file1.
2023-02-16 16:33:13,028 [OM StateMachine ApplyTransaction Thread - 0] INFO  key.OMKeyRequest (OMKeyRequest.java:wrapUncommittedBlocksAsPseudoKey(837)) - Detect allocated but uncommitted blocks [{blockID={containerID=2, localID=111677748019200026}, length=4194304, offset=0, token=null, pipeline=null, createVersion=0, partNumber=0}] in key level0/level2/file1.
2023-02-16 16:33:13,037 [OM StateMachine ApplyTransaction Thread - 0] INFO  key.OMKeyRequest (OMKeyRequest.java:wrapUncommittedBlocksAsPseudoKey(837)) - Detect allocated but uncommitted blocks [{blockID={containerID=3, localID=111677748019200027}, length=4194304, offset=0, token=null, pipeline=null, createVersion=0, partNumber=0}] in key level0/level2/level2/file1.
2023-02-16 16:33:13,044 [OM StateMachine ApplyTransaction Thread - 0] INFO  key.OMKeyRequest (OMKeyRequest.java:wrapUncommittedBlocksAsPseudoKey(837)) - Detect allocated but uncommitted blocks [{blockID={containerID=4, localID=111677748019200028}, length=4194304, offset=0, token=null, pipeline=null, createVersion=0, partNumber=0}] in key level0/level3/file1.
2023-02-16 16:33:13,052 [OM StateMachine ApplyTransaction Thread - 0] INFO  key.OMKeyRequest (OMKeyRequest.java:wrapUncommittedBlocksAsPseudoKey(837)) - Detect allocated but uncommitted blocks [{blockID={containerID=3, localID=111677748019200029}, length=4194304, offset=0, token=null, pipeline=null, createVersion=0, partNumber=0}] in key level0/level3/level3/file1.
16:33:13.115 [IPC Server handler 18 on default port 37073] ERROR OMAudit - user=runner | ip=127.0.0.1 | op=GET_FILE_STATUS {volume=volume28358, bucket=bucket39322, key=level0, dataSize=0, replicationConfig=null} | ret=FAILURE
org.apache.hadoop.ozone.om.exceptions.OMException: Unable to get file status: volume: volume28358 bucket: bucket39322 key: level0
	at org.apache.hadoop.ozone.om.KeyManagerImpl.getOzoneFileStatus(KeyManagerImpl.java:1162) ~[ozone-manager-1.4.0-SNAPSHOT.jar:?]
	at org.apache.hadoop.ozone.om.KeyManagerImpl.getFileStatus(KeyManagerImpl.java:1080) ~[ozone-manager-1.4.0-SNAPSHOT.jar:?]
	at org.apache.hadoop.ozone.om.OmMetadataReader.getFileStatus(OmMetadataReader.java:288) ~[ozone-manager-1.4.0-SNAPSHOT.jar:?]
	at org.apache.hadoop.ozone.om.OzoneManager.getFileStatus(OzoneManager.java:3450) ~[ozone-manager-1.4.0-SNAPSHOT.jar:?]
	at org.apache.hadoop.ozone.protocolPB.OzoneManagerRequestHandler.getOzoneFileStatus(OzoneManagerRequestHandler.java:933) ~[ozone-manager-1.4.0-SNAPSHOT.jar:?]
	at org.apache.hadoop.ozone.protocolPB.OzoneManagerRequestHandler.handleReadRequest(OzoneManagerRequestHandler.java:238) ~[ozone-manager-1.4.0-SNAPSHOT.jar:?]
	at org.apache.hadoop.ozone.protocolPB.OzoneManagerProtocolServerSideTranslatorPB.submitReadRequestToOM(OzoneManagerProtocolServerSideTranslatorPB.java:223) ~[ozone-manager-1.4.0-SNAPSHOT.jar:?]
	at org.apache.hadoop.ozone.protocolPB.OzoneManagerProtocolServerSideTranslatorPB.processRequest(OzoneManagerProtocolServerSideTranslatorPB.java:177) ~[ozone-manager-1.4.0-SNAPSHOT.jar:?]
	at org.apache.hadoop.hdds.server.OzoneProtocolMessageDispatcher.processRequest(OzoneProtocolMessageDispatcher.java:87) [hdds-server-framework-1.4.0-SNAPSHOT.jar:?]
	at org.apache.hadoop.ozone.protocolPB.OzoneManagerProtocolServerSideTranslatorPB.submitRequest(OzoneManagerProtocolServerSideTranslatorPB.java:147) [ozone-manager-1.4.0-SNAPSHOT.jar:?]
	at org.apache.hadoop.ozone.protocol.proto.OzoneManagerProtocolProtos$OzoneManagerService$2.callBlockingMethod(OzoneManagerProtocolProtos.java) [ozone-interface-client-1.4.0-SNAPSHOT.jar:?]
	at org.apache.hadoop.ipc.ProtobufRpcEngine$Server.processCall(ProtobufRpcEngine.java:465) [hadoop-common-3.3.4.jar:?]
	at org.apache.hadoop.ipc.ProtobufRpcEngine2$Server$ProtoBufRpcInvoker.call(ProtobufRpcEngine2.java:578) [hadoop-common-3.3.4.jar:?]
	at org.apache.hadoop.ipc.ProtobufRpcEngine2$Server$ProtoBufRpcInvoker.call(ProtobufRpcEngine2.java:556) [hadoop-common-3.3.4.jar:?]
	at org.apache.hadoop.ipc.RPC$Server.call(RPC.java:1093) [hadoop-common-3.3.4.jar:?]
	at org.apache.hadoop.ipc.Server$RpcCall.run(Server.java:1043) [hadoop-common-3.3.4.jar:?]
	at org.apache.hadoop.ipc.Server$RpcCall.run(Server.java:971) [hadoop-common-3.3.4.jar:?]
	at java.security.AccessController.doPrivileged(Native Method) ~[?:1.8.0_362]
	at javax.security.auth.Subject.doAs(Subject.java:422) [?:1.8.0_362]
	at org.apache.hadoop.security.UserGroupInformation.doAs(UserGroupInformation.java:1878) [hadoop-common-3.3.4.jar:?]
	at org.apache.hadoop.ipc.Server$Handler.run(Server.java:2976) [hadoop-common-3.3.4.jar:?]
16:33:13.116 [IPC Server handler 11 on default port 37073] ERROR OMAudit - user=runner | ip=127.0.0.1 | op=GET_FILE_STATUS {volume=volume28358, bucket=bucket39322, key=level0/level1, dataSize=0, replicationConfig=null} | ret=FAILURE
org.apache.hadoop.ozone.om.exceptions.OMException: Unable to get file status: volume: volume28358 bucket: bucket39322 key: level0/level1
	at org.apache.hadoop.ozone.om.KeyManagerImpl.getOzoneFileStatus(KeyManagerImpl.java:1162) ~[ozone-manager-1.4.0-SNAPSHOT.jar:?]
	at org.apache.hadoop.ozone.om.KeyManagerImpl.getFileStatus(KeyManagerImpl.java:1080) ~[ozone-manager-1.4.0-SNAPSHOT.jar:?]
	at org.apache.hadoop.ozone.om.OmMetadataReader.getFileStatus(OmMetadataReader.java:288) ~[ozone-manager-1.4.0-SNAPSHOT.jar:?]
	at org.apache.hadoop.ozone.om.OzoneManager.getFileStatus(OzoneManager.java:3450) ~[ozone-manager-1.4.0-SNAPSHOT.jar:?]
	at org.apache.hadoop.ozone.protocolPB.OzoneManagerRequestHandler.getOzoneFileStatus(OzoneManagerRequestHandler.java:933) ~[ozone-manager-1.4.0-SNAPSHOT.jar:?]
	at org.apache.hadoop.ozone.protocolPB.OzoneManagerRequestHandler.handleReadRequest(OzoneManagerRequestHandler.java:238) ~[ozone-manager-1.4.0-SNAPSHOT.jar:?]
	at org.apache.hadoop.ozone.protocolPB.OzoneManagerProtocolServerSideTranslatorPB.submitReadRequestToOM(OzoneManagerProtocolServerSideTranslatorPB.java:223) ~[ozone-manager-1.4.0-SNAPSHOT.jar:?]
	at org.apache.hadoop.ozone.protocolPB.OzoneManagerProtocolServerSideTranslatorPB.processRequest(OzoneManagerProtocolServerSideTranslatorPB.java:177) ~[ozone-manager-1.4.0-SNAPSHOT.jar:?]
	at org.apache.hadoop.hdds.server.OzoneProtocolMessageDispatcher.processRequest(OzoneProtocolMessageDispatcher.java:87) [hdds-server-framework-1.4.0-SNAPSHOT.jar:?]
	at org.apache.hadoop.ozone.protocolPB.OzoneManagerProtocolServerSideTranslatorPB.submitRequest(OzoneManagerProtocolServerSideTranslatorPB.java:147) [ozone-manager-1.4.0-SNAPSHOT.jar:?]
	at org.apache.hadoop.ozone.protocol.proto.OzoneManagerProtocolProtos$OzoneManagerService$2.callBlockingMethod(OzoneManagerProtocolProtos.java) [ozone-interface-client-1.4.0-SNAPSHOT.jar:?]
	at org.apache.hadoop.ipc.ProtobufRpcEngine$Server.processCall(ProtobufRpcEngine.java:465) [hadoop-common-3.3.4.jar:?]
	at org.apache.hadoop.ipc.ProtobufRpcEngine2$Server$ProtoBufRpcInvoker.call(ProtobufRpcEngine2.java:578) [hadoop-common-3.3.4.jar:?]
	at org.apache.hadoop.ipc.ProtobufRpcEngine2$Server$ProtoBufRpcInvoker.call(ProtobufRpcEngine2.java:556) [hadoop-common-3.3.4.jar:?]
	at org.apache.hadoop.ipc.RPC$Server.call(RPC.java:1093) [hadoop-common-3.3.4.jar:?]
	at org.apache.hadoop.ipc.Server$RpcCall.run(Server.java:1043) [hadoop-common-3.3.4.jar:?]
	at org.apache.hadoop.ipc.Server$RpcCall.run(Server.java:971) [hadoop-common-3.3.4.jar:?]
	at java.security.AccessController.doPrivileged(Native Method) ~[?:1.8.0_362]
	at javax.security.auth.Subject.doAs(Subject.java:422) [?:1.8.0_362]
	at org.apache.hadoop.security.UserGroupInformation.doAs(UserGroupInformation.java:1878) [hadoop-common-3.3.4.jar:?]
	at org.apache.hadoop.ipc.Server$Handler.run(Server.java:2976) [hadoop-common-3.3.4.jar:?]
16:33:13.118 [IPC Server handler 15 on default port 37073] ERROR OMAudit - user=runner | ip=127.0.0.1 | op=GET_FILE_STATUS {volume=volume28358, bucket=bucket39322, key=level0/level1/level1, dataSize=0, replicationConfig=null} | ret=FAILURE
org.apache.hadoop.ozone.om.exceptions.OMException: Unable to get file status: volume: volume28358 bucket: bucket39322 key: level0/level1/level1
	at org.apache.hadoop.ozone.om.KeyManagerImpl.getOzoneFileStatus(KeyManagerImpl.java:1162) ~[ozone-manager-1.4.0-SNAPSHOT.jar:?]
	at org.apache.hadoop.ozone.om.KeyManagerImpl.getFileStatus(KeyManagerImpl.java:1080) ~[ozone-manager-1.4.0-SNAPSHOT.jar:?]
	at org.apache.hadoop.ozone.om.OmMetadataReader.getFileStatus(OmMetadataReader.java:288) ~[ozone-manager-1.4.0-SNAPSHOT.jar:?]
	at org.apache.hadoop.ozone.om.OzoneManager.getFileStatus(OzoneManager.java:3450) ~[ozone-manager-1.4.0-SNAPSHOT.jar:?]
	at org.apache.hadoop.ozone.protocolPB.OzoneManagerRequestHandler.getOzoneFileStatus(OzoneManagerRequestHandler.java:933) ~[ozone-manager-1.4.0-SNAPSHOT.jar:?]
	at org.apache.hadoop.ozone.protocolPB.OzoneManagerRequestHandler.handleReadRequest(OzoneManagerRequestHandler.java:238) ~[ozone-manager-1.4.0-SNAPSHOT.jar:?]
	at org.apache.hadoop.ozone.protocolPB.OzoneManagerProtocolServerSideTranslatorPB.submitReadRequestToOM(OzoneManagerProtocolServerSideTranslatorPB.java:223) ~[ozone-manager-1.4.0-SNAPSHOT.jar:?]
	at org.apache.hadoop.ozone.protocolPB.OzoneManagerProtocolServerSideTranslatorPB.processRequest(OzoneManagerProtocolServerSideTranslatorPB.java:177) ~[ozone-manager-1.4.0-SNAPSHOT.jar:?]
	at org.apache.hadoop.hdds.server.OzoneProtocolMessageDispatcher.processRequest(OzoneProtocolMessageDispatcher.java:87) [hdds-server-framework-1.4.0-SNAPSHOT.jar:?]
	at org.apache.hadoop.ozone.protocolPB.OzoneManagerProtocolServerSideTranslatorPB.submitRequest(OzoneManagerProtocolServerSideTranslatorPB.java:147) [ozone-manager-1.4.0-SNAPSHOT.jar:?]
	at org.apache.hadoop.ozone.protocol.proto.OzoneManagerProtocolProtos$OzoneManagerService$2.callBlockingMethod(OzoneManagerProtocolProtos.java) [ozone-interface-client-1.4.0-SNAPSHOT.jar:?]
	at org.apache.hadoop.ipc.ProtobufRpcEngine$Server.processCall(ProtobufRpcEngine.java:465) [hadoop-common-3.3.4.jar:?]
	at org.apache.hadoop.ipc.ProtobufRpcEngine2$Server$ProtoBufRpcInvoker.call(ProtobufRpcEngine2.java:578) [hadoop-common-3.3.4.jar:?]
	at org.apache.hadoop.ipc.ProtobufRpcEngine2$Server$ProtoBufRpcInvoker.call(ProtobufRpcEngine2.java:556) [hadoop-common-3.3.4.jar:?]
	at org.apache.hadoop.ipc.RPC$Server.call(RPC.java:1093) [hadoop-common-3.3.4.jar:?]
	at org.apache.hadoop.ipc.Server$RpcCall.run(Server.java:1043) [hadoop-common-3.3.4.jar:?]
	at org.apache.hadoop.ipc.Server$RpcCall.run(Server.java:971) [hadoop-common-3.3.4.jar:?]
	at java.security.AccessController.doPrivileged(Native Method) ~[?:1.8.0_362]
	at javax.security.auth.Subject.doAs(Subject.java:422) [?:1.8.0_362]
	at org.apache.hadoop.security.UserGroupInformation.doAs(UserGroupInformation.java:1878) [hadoop-common-3.3.4.jar:?]
	at org.apache.hadoop.ipc.Server$Handler.run(Server.java:2976) [hadoop-common-3.3.4.jar:?]
16:33:13.119 [IPC Server handler 16 on default port 37073] ERROR OMAudit - user=runner | ip=127.0.0.1 | op=GET_FILE_STATUS {volume=volume28358, bucket=bucket39322, key=level0/level1/file1, dataSize=0, replicationConfig=null} | ret=FAILURE
org.apache.hadoop.ozone.om.exceptions.OMException: Unable to get file status: volume: volume28358 bucket: bucket39322 key: level0/level1/file1
	at org.apache.hadoop.ozone.om.KeyManagerImpl.getOzoneFileStatus(KeyManagerImpl.java:1162) ~[ozone-manager-1.4.0-SNAPSHOT.jar:?]
	at org.apache.hadoop.ozone.om.KeyManagerImpl.getFileStatus(KeyManagerImpl.java:1080) ~[ozone-manager-1.4.0-SNAPSHOT.jar:?]
	at org.apache.hadoop.ozone.om.OmMetadataReader.getFileStatus(OmMetadataReader.java:288) ~[ozone-manager-1.4.0-SNAPSHOT.jar:?]
	at org.apache.hadoop.ozone.om.OzoneManager.getFileStatus(OzoneManager.java:3450) ~[ozone-manager-1.4.0-SNAPSHOT.jar:?]
	at org.apache.hadoop.ozone.protocolPB.OzoneManagerRequestHandler.getOzoneFileStatus(OzoneManagerRequestHandler.java:933) ~[ozone-manager-1.4.0-SNAPSHOT.jar:?]
	at org.apache.hadoop.ozone.protocolPB.OzoneManagerRequestHandler.handleReadRequest(OzoneManagerRequestHandler.java:238) ~[ozone-manager-1.4.0-SNAPSHOT.jar:?]
	at org.apache.hadoop.ozone.protocolPB.OzoneManagerProtocolServerSideTranslatorPB.submitReadRequestToOM(OzoneManagerProtocolServerSideTranslatorPB.java:223) ~[ozone-manager-1.4.0-SNAPSHOT.jar:?]
	at org.apache.hadoop.ozone.protocolPB.OzoneManagerProtocolServerSideTranslatorPB.processRequest(OzoneManagerProtocolServerSideTranslatorPB.java:177) ~[ozone-manager-1.4.0-SNAPSHOT.jar:?]
	at org.apache.hadoop.hdds.server.OzoneProtocolMessageDispatcher.processRequest(OzoneProtocolMessageDispatcher.java:87) [hdds-server-framework-1.4.0-SNAPSHOT.jar:?]
	at org.apache.hadoop.ozone.protocolPB.OzoneManagerProtocolServerSideTranslatorPB.submitRequest(OzoneManagerProtocolServerSideTranslatorPB.java:147) [ozone-manager-1.4.0-SNAPSHOT.jar:?]
	at org.apache.hadoop.ozone.protocol.proto.OzoneManagerProtocolProtos$OzoneManagerService$2.callBlockingMethod(OzoneManagerProtocolProtos.java) [ozone-interface-client-1.4.0-SNAPSHOT.jar:?]
	at org.apache.hadoop.ipc.ProtobufRpcEngine$Server.processCall(ProtobufRpcEngine.java:465) [hadoop-common-3.3.4.jar:?]
	at org.apache.hadoop.ipc.ProtobufRpcEngine2$Server$ProtoBufRpcInvoker.call(ProtobufRpcEngine2.java:578) [hadoop-common-3.3.4.jar:?]
	at org.apache.hadoop.ipc.ProtobufRpcEngine2$Server$ProtoBufRpcInvoker.call(ProtobufRpcEngine2.java:556) [hadoop-common-3.3.4.jar:?]
	at org.apache.hadoop.ipc.RPC$Server.call(RPC.java:1093) [hadoop-common-3.3.4.jar:?]
	at org.apache.hadoop.ipc.Server$RpcCall.run(Server.java:1043) [hadoop-common-3.3.4.jar:?]
	at org.apache.hadoop.ipc.Server$RpcCall.run(Server.java:971) [hadoop-common-3.3.4.jar:?]
	at java.security.AccessController.doPrivileged(Native Method) ~[?:1.8.0_362]
	at javax.security.auth.Subject.doAs(Subject.java:422) [?:1.8.0_362]
	at org.apache.hadoop.security.UserGroupInformation.doAs(UserGroupInformation.java:1878) [hadoop-common-3.3.4.jar:?]
	at org.apache.hadoop.ipc.Server$Handler.run(Server.java:2976) [hadoop-common-3.3.4.jar:?]
16:33:13.120 [IPC Server handler 13 on default port 37073] ERROR OMAudit - user=runner | ip=127.0.0.1 | op=GET_FILE_STATUS {volume=volume28358, bucket=bucket39322, key=level0/level1/level1/file1, dataSize=0, replicationConfig=null} | ret=FAILURE
org.apache.hadoop.ozone.om.exceptions.OMException: Unable to get file status: volume: volume28358 bucket: bucket39322 key: level0/level1/level1/file1
	at org.apache.hadoop.ozone.om.KeyManagerImpl.getOzoneFileStatus(KeyManagerImpl.java:1162) ~[ozone-manager-1.4.0-SNAPSHOT.jar:?]
	at org.apache.hadoop.ozone.om.KeyManagerImpl.getFileStatus(KeyManagerImpl.java:1080) ~[ozone-manager-1.4.0-SNAPSHOT.jar:?]
	at org.apache.hadoop.ozone.om.OmMetadataReader.getFileStatus(OmMetadataReader.java:288) ~[ozone-manager-1.4.0-SNAPSHOT.jar:?]
	at org.apache.hadoop.ozone.om.OzoneManager.getFileStatus(OzoneManager.java:3450) ~[ozone-manager-1.4.0-SNAPSHOT.jar:?]
	at org.apache.hadoop.ozone.protocolPB.OzoneManagerRequestHandler.getOzoneFileStatus(OzoneManagerRequestHandler.java:933) ~[ozone-manager-1.4.0-SNAPSHOT.jar:?]
	at org.apache.hadoop.ozone.protocolPB.OzoneManagerRequestHandler.handleReadRequest(OzoneManagerRequestHandler.java:238) ~[ozone-manager-1.4.0-SNAPSHOT.jar:?]
	at org.apache.hadoop.ozone.protocolPB.OzoneManagerProtocolServerSideTranslatorPB.submitReadRequestToOM(OzoneManagerProtocolServerSideTranslatorPB.java:223) ~[ozone-manager-1.4.0-SNAPSHOT.jar:?]
	at org.apache.hadoop.ozone.protocolPB.OzoneManagerProtocolServerSideTranslatorPB.processRequest(OzoneManagerProtocolServerSideTranslatorPB.java:177) ~[ozone-manager-1.4.0-SNAPSHOT.jar:?]
	at org.apache.hadoop.hdds.server.OzoneProtocolMessageDispatcher.processRequest(OzoneProtocolMessageDispatcher.java:87) [hdds-server-framework-1.4.0-SNAPSHOT.jar:?]
	at org.apache.hadoop.ozone.protocolPB.OzoneManagerProtocolServerSideTranslatorPB.submitRequest(OzoneManagerProtocolServerSideTranslatorPB.java:147) [ozone-manager-1.4.0-SNAPSHOT.jar:?]
	at org.apache.hadoop.ozone.protocol.proto.OzoneManagerProtocolProtos$OzoneManagerService$2.callBlockingMethod(OzoneManagerProtocolProtos.java) [ozone-interface-client-1.4.0-SNAPSHOT.jar:?]
	at org.apache.hadoop.ipc.ProtobufRpcEngine$Server.processCall(ProtobufRpcEngine.java:465) [hadoop-common-3.3.4.jar:?]
	at org.apache.hadoop.ipc.ProtobufRpcEngine2$Server$ProtoBufRpcInvoker.call(ProtobufRpcEngine2.java:578) [hadoop-common-3.3.4.jar:?]
	at org.apache.hadoop.ipc.ProtobufRpcEngine2$Server$ProtoBufRpcInvoker.call(ProtobufRpcEngine2.java:556) [hadoop-common-3.3.4.jar:?]
	at org.apache.hadoop.ipc.RPC$Server.call(RPC.java:1093) [hadoop-common-3.3.4.jar:?]
	at org.apache.hadoop.ipc.Server$RpcCall.run(Server.java:1043) [hadoop-common-3.3.4.jar:?]
	at org.apache.hadoop.ipc.Server$RpcCall.run(Server.java:971) [hadoop-common-3.3.4.jar:?]
	at java.security.AccessController.doPrivileged(Native Method) ~[?:1.8.0_362]
	at javax.security.auth.Subject.doAs(Subject.java:422) [?:1.8.0_362]
	at org.apache.hadoop.security.UserGroupInformation.doAs(UserGroupInformation.java:1878) [hadoop-common-3.3.4.jar:?]
	at org.apache.hadoop.ipc.Server$Handler.run(Server.java:2976) [hadoop-common-3.3.4.jar:?]
16:33:13.121 [IPC Server handler 14 on default port 37073] ERROR OMAudit - user=runner | ip=127.0.0.1 | op=GET_FILE_STATUS {volume=volume28358, bucket=bucket39322, key=level0/level2, dataSize=0, replicationConfig=null} | ret=FAILURE
org.apache.hadoop.ozone.om.exceptions.OMException: Unable to get file status: volume: volume28358 bucket: bucket39322 key: level0/level2
	at org.apache.hadoop.ozone.om.KeyManagerImpl.getOzoneFileStatus(KeyManagerImpl.java:1162) ~[ozone-manager-1.4.0-SNAPSHOT.jar:?]
	at org.apache.hadoop.ozone.om.KeyManagerImpl.getFileStatus(KeyManagerImpl.java:1080) ~[ozone-manager-1.4.0-SNAPSHOT.jar:?]
	at org.apache.hadoop.ozone.om.OmMetadataReader.getFileStatus(OmMetadataReader.java:288) ~[ozone-manager-1.4.0-SNAPSHOT.jar:?]
	at org.apache.hadoop.ozone.om.OzoneManager.getFileStatus(OzoneManager.java:3450) ~[ozone-manager-1.4.0-SNAPSHOT.jar:?]
	at org.apache.hadoop.ozone.protocolPB.OzoneManagerRequestHandler.getOzoneFileStatus(OzoneManagerRequestHandler.java:933) ~[ozone-manager-1.4.0-SNAPSHOT.jar:?]
	at org.apache.hadoop.ozone.protocolPB.OzoneManagerRequestHandler.handleReadRequest(OzoneManagerRequestHandler.java:238) ~[ozone-manager-1.4.0-SNAPSHOT.jar:?]
	at org.apache.hadoop.ozone.protocolPB.OzoneManagerProtocolServerSideTranslatorPB.submitReadRequestToOM(OzoneManagerProtocolServerSideTranslatorPB.java:223) ~[ozone-manager-1.4.0-SNAPSHOT.jar:?]
	at org.apache.hadoop.ozone.protocolPB.OzoneManagerProtocolServerSideTranslatorPB.processRequest(OzoneManagerProtocolServerSideTranslatorPB.java:177) ~[ozone-manager-1.4.0-SNAPSHOT.jar:?]
	at org.apache.hadoop.hdds.server.OzoneProtocolMessageDispatcher.processRequest(OzoneProtocolMessageDispatcher.java:87) [hdds-server-framework-1.4.0-SNAPSHOT.jar:?]
	at org.apache.hadoop.ozone.protocolPB.OzoneManagerProtocolServerSideTranslatorPB.submitRequest(OzoneManagerProtocolServerSideTranslatorPB.java:147) [ozone-manager-1.4.0-SNAPSHOT.jar:?]
	at org.apache.hadoop.ozone.protocol.proto.OzoneManagerProtocolProtos$OzoneManagerService$2.callBlockingMethod(OzoneManagerProtocolProtos.java) [ozone-interface-client-1.4.0-SNAPSHOT.jar:?]
	at org.apache.hadoop.ipc.ProtobufRpcEngine$Server.processCall(ProtobufRpcEngine.java:465) [hadoop-common-3.3.4.jar:?]
	at org.apache.hadoop.ipc.ProtobufRpcEngine2$Server$ProtoBufRpcInvoker.call(ProtobufRpcEngine2.java:578) [hadoop-common-3.3.4.jar:?]
	at org.apache.hadoop.ipc.ProtobufRpcEngine2$Server$ProtoBufRpcInvoker.call(ProtobufRpcEngine2.java:556) [hadoop-common-3.3.4.jar:?]
	at org.apache.hadoop.ipc.RPC$Server.call(RPC.java:1093) [hadoop-common-3.3.4.jar:?]
	at org.apache.hadoop.ipc.Server$RpcCall.run(Server.java:1043) [hadoop-common-3.3.4.jar:?]
	at org.apache.hadoop.ipc.Server$RpcCall.run(Server.java:971) [hadoop-common-3.3.4.jar:?]
	at java.security.AccessController.doPrivileged(Native Method) ~[?:1.8.0_362]
	at javax.security.auth.Subject.doAs(Subject.java:422) [?:1.8.0_362]
	at org.apache.hadoop.security.UserGroupInformation.doAs(UserGroupInformation.java:1878) [hadoop-common-3.3.4.jar:?]
	at org.apache.hadoop.ipc.Server$Handler.run(Server.java:2976) [hadoop-common-3.3.4.jar:?]
16:33:13.123 [IPC Server handler 7 on default port 37073] ERROR OMAudit - user=runner | ip=127.0.0.1 | op=GET_FILE_STATUS {volume=volume28358, bucket=bucket39322, key=level0/level2/level2, dataSize=0, replicationConfig=null} | ret=FAILURE
org.apache.hadoop.ozone.om.exceptions.OMException: Unable to get file status: volume: volume28358 bucket: bucket39322 key: level0/level2/level2
	at org.apache.hadoop.ozone.om.KeyManagerImpl.getOzoneFileStatus(KeyManagerImpl.java:1162) ~[ozone-manager-1.4.0-SNAPSHOT.jar:?]
	at org.apache.hadoop.ozone.om.KeyManagerImpl.getFileStatus(KeyManagerImpl.java:1080) ~[ozone-manager-1.4.0-SNAPSHOT.jar:?]
	at org.apache.hadoop.ozone.om.OmMetadataReader.getFileStatus(OmMetadataReader.java:288) ~[ozone-manager-1.4.0-SNAPSHOT.jar:?]
	at org.apache.hadoop.ozone.om.OzoneManager.getFileStatus(OzoneManager.java:3450) ~[ozone-manager-1.4.0-SNAPSHOT.jar:?]
	at org.apache.hadoop.ozone.protocolPB.OzoneManagerRequestHandler.getOzoneFileStatus(OzoneManagerRequestHandler.java:933) ~[ozone-manager-1.4.0-SNAPSHOT.jar:?]
	at org.apache.hadoop.ozone.protocolPB.OzoneManagerRequestHandler.handleReadRequest(OzoneManagerRequestHandler.java:238) ~[ozone-manager-1.4.0-SNAPSHOT.jar:?]
	at org.apache.hadoop.ozone.protocolPB.OzoneManagerProtocolServerSideTranslatorPB.submitReadRequestToOM(OzoneManagerProtocolServerSideTranslatorPB.java:223) ~[ozone-manager-1.4.0-SNAPSHOT.jar:?]
	at org.apache.hadoop.ozone.protocolPB.OzoneManagerProtocolServerSideTranslatorPB.processRequest(OzoneManagerProtocolServerSideTranslatorPB.java:177) ~[ozone-manager-1.4.0-SNAPSHOT.jar:?]
	at org.apache.hadoop.hdds.server.OzoneProtocolMessageDispatcher.processRequest(OzoneProtocolMessageDispatcher.java:87) [hdds-server-framework-1.4.0-SNAPSHOT.jar:?]
	at org.apache.hadoop.ozone.protocolPB.OzoneManagerProtocolServerSideTranslatorPB.submitRequest(OzoneManagerProtocolServerSideTranslatorPB.java:147) [ozone-manager-1.4.0-SNAPSHOT.jar:?]
	at org.apache.hadoop.ozone.protocol.proto.OzoneManagerProtocolProtos$OzoneManagerService$2.callBlockingMethod(OzoneManagerProtocolProtos.java) [ozone-interface-client-1.4.0-SNAPSHOT.jar:?]
	at org.apache.hadoop.ipc.ProtobufRpcEngine$Server.processCall(ProtobufRpcEngine.java:465) [hadoop-common-3.3.4.jar:?]
	at org.apache.hadoop.ipc.ProtobufRpcEngine2$Server$ProtoBufRpcInvoker.call(ProtobufRpcEngine2.java:578) [hadoop-common-3.3.4.jar:?]
	at org.apache.hadoop.ipc.ProtobufRpcEngine2$Server$ProtoBufRpcInvoker.call(ProtobufRpcEngine2.java:556) [hadoop-common-3.3.4.jar:?]
	at org.apache.hadoop.ipc.RPC$Server.call(RPC.java:1093) [hadoop-common-3.3.4.jar:?]
	at org.apache.hadoop.ipc.Server$RpcCall.run(Server.java:1043) [hadoop-common-3.3.4.jar:?]
	at org.apache.hadoop.ipc.Server$RpcCall.run(Server.java:971) [hadoop-common-3.3.4.jar:?]
	at java.security.AccessController.doPrivileged(Native Method) ~[?:1.8.0_362]
	at javax.security.auth.Subject.doAs(Subject.java:422) [?:1.8.0_362]
	at org.apache.hadoop.security.UserGroupInformation.doAs(UserGroupInformation.java:1878) [hadoop-common-3.3.4.jar:?]
	at org.apache.hadoop.ipc.Server$Handler.run(Server.java:2976) [hadoop-common-3.3.4.jar:?]
16:33:13.124 [IPC Server handler 8 on default port 37073] ERROR OMAudit - user=runner | ip=127.0.0.1 | op=GET_FILE_STATUS {volume=volume28358, bucket=bucket39322, key=level0/level2/file1, dataSize=0, replicationConfig=null} | ret=FAILURE
org.apache.hadoop.ozone.om.exceptions.OMException: Unable to get file status: volume: volume28358 bucket: bucket39322 key: level0/level2/file1
	at org.apache.hadoop.ozone.om.KeyManagerImpl.getOzoneFileStatus(KeyManagerImpl.java:1162) ~[ozone-manager-1.4.0-SNAPSHOT.jar:?]
	at org.apache.hadoop.ozone.om.KeyManagerImpl.getFileStatus(KeyManagerImpl.java:1080) ~[ozone-manager-1.4.0-SNAPSHOT.jar:?]
	at org.apache.hadoop.ozone.om.OmMetadataReader.getFileStatus(OmMetadataReader.java:288) ~[ozone-manager-1.4.0-SNAPSHOT.jar:?]
	at org.apache.hadoop.ozone.om.OzoneManager.getFileStatus(OzoneManager.java:3450) ~[ozone-manager-1.4.0-SNAPSHOT.jar:?]
	at org.apache.hadoop.ozone.protocolPB.OzoneManagerRequestHandler.getOzoneFileStatus(OzoneManagerRequestHandler.java:933) ~[ozone-manager-1.4.0-SNAPSHOT.jar:?]
	at org.apache.hadoop.ozone.protocolPB.OzoneManagerRequestHandler.handleReadRequest(OzoneManagerRequestHandler.java:238) ~[ozone-manager-1.4.0-SNAPSHOT.jar:?]
	at org.apache.hadoop.ozone.protocolPB.OzoneManagerProtocolServerSideTranslatorPB.submitReadRequestToOM(OzoneManagerProtocolServerSideTranslatorPB.java:223) ~[ozone-manager-1.4.0-SNAPSHOT.jar:?]
	at org.apache.hadoop.ozone.protocolPB.OzoneManagerProtocolServerSideTranslatorPB.processRequest(OzoneManagerProtocolServerSideTranslatorPB.java:177) ~[ozone-manager-1.4.0-SNAPSHOT.jar:?]
	at org.apache.hadoop.hdds.server.OzoneProtocolMessageDispatcher.processRequest(OzoneProtocolMessageDispatcher.java:87) [hdds-server-framework-1.4.0-SNAPSHOT.jar:?]
	at org.apache.hadoop.ozone.protocolPB.OzoneManagerProtocolServerSideTranslatorPB.submitRequest(OzoneManagerProtocolServerSideTranslatorPB.java:147) [ozone-manager-1.4.0-SNAPSHOT.jar:?]
	at org.apache.hadoop.ozone.protocol.proto.OzoneManagerProtocolProtos$OzoneManagerService$2.callBlockingMethod(OzoneManagerProtocolProtos.java) [ozone-interface-client-1.4.0-SNAPSHOT.jar:?]
	at org.apache.hadoop.ipc.ProtobufRpcEngine$Server.processCall(ProtobufRpcEngine.java:465) [hadoop-common-3.3.4.jar:?]
	at org.apache.hadoop.ipc.ProtobufRpcEngine2$Server$ProtoBufRpcInvoker.call(ProtobufRpcEngine2.java:578) [hadoop-common-3.3.4.jar:?]
	at org.apache.hadoop.ipc.ProtobufRpcEngine2$Server$ProtoBufRpcInvoker.call(ProtobufRpcEngine2.java:556) [hadoop-common-3.3.4.jar:?]
	at org.apache.hadoop.ipc.RPC$Server.call(RPC.java:1093) [hadoop-common-3.3.4.jar:?]
	at org.apache.hadoop.ipc.Server$RpcCall.run(Server.java:1043) [hadoop-common-3.3.4.jar:?]
	at org.apache.hadoop.ipc.Server$RpcCall.run(Server.java:971) [hadoop-common-3.3.4.jar:?]
	at java.security.AccessController.doPrivileged(Native Method) ~[?:1.8.0_362]
	at javax.security.auth.Subject.doAs(Subject.java:422) [?:1.8.0_362]
	at org.apache.hadoop.security.UserGroupInformation.doAs(UserGroupInformation.java:1878) [hadoop-common-3.3.4.jar:?]
	at org.apache.hadoop.ipc.Server$Handler.run(Server.java:2976) [hadoop-common-3.3.4.jar:?]
16:33:13.127 [IPC Server handler 6 on default port 37073] ERROR OMAudit - user=runner | ip=127.0.0.1 | op=GET_FILE_STATUS {volume=volume28358, bucket=bucket39322, key=level0/level2/level2/file1, dataSize=0, replicationConfig=null} | ret=FAILURE
org.apache.hadoop.ozone.om.exceptions.OMException: Unable to get file status: volume: volume28358 bucket: bucket39322 key: level0/level2/level2/file1
	at org.apache.hadoop.ozone.om.KeyManagerImpl.getOzoneFileStatus(KeyManagerImpl.java:1162) ~[ozone-manager-1.4.0-SNAPSHOT.jar:?]
	at org.apache.hadoop.ozone.om.KeyManagerImpl.getFileStatus(KeyManagerImpl.java:1080) ~[ozone-manager-1.4.0-SNAPSHOT.jar:?]
	at org.apache.hadoop.ozone.om.OmMetadataReader.getFileStatus(OmMetadataReader.java:288) ~[ozone-manager-1.4.0-SNAPSHOT.jar:?]
	at org.apache.hadoop.ozone.om.OzoneManager.getFileStatus(OzoneManager.java:3450) ~[ozone-manager-1.4.0-SNAPSHOT.jar:?]
	at org.apache.hadoop.ozone.protocolPB.OzoneManagerRequestHandler.getOzoneFileStatus(OzoneManagerRequestHandler.java:933) ~[ozone-manager-1.4.0-SNAPSHOT.jar:?]
	at org.apache.hadoop.ozone.protocolPB.OzoneManagerRequestHandler.handleReadRequest(OzoneManagerRequestHandler.java:238) ~[ozone-manager-1.4.0-SNAPSHOT.jar:?]
	at org.apache.hadoop.ozone.protocolPB.OzoneManagerProtocolServerSideTranslatorPB.submitReadRequestToOM(OzoneManagerProtocolServerSideTranslatorPB.java:223) ~[ozone-manager-1.4.0-SNAPSHOT.jar:?]
	at org.apache.hadoop.ozone.protocolPB.OzoneManagerProtocolServerSideTranslatorPB.processRequest(OzoneManagerProtocolServerSideTranslatorPB.java:177) ~[ozone-manager-1.4.0-SNAPSHOT.jar:?]
	at org.apache.hadoop.hdds.server.OzoneProtocolMessageDispatcher.processRequest(OzoneProtocolMessageDispatcher.java:87) [hdds-server-framework-1.4.0-SNAPSHOT.jar:?]
	at org.apache.hadoop.ozone.protocolPB.OzoneManagerProtocolServerSideTranslatorPB.submitRequest(OzoneManagerProtocolServerSideTranslatorPB.java:147) [ozone-manager-1.4.0-SNAPSHOT.jar:?]
	at org.apache.hadoop.ozone.protocol.proto.OzoneManagerProtocolProtos$OzoneManagerService$2.callBlockingMethod(OzoneManagerProtocolProtos.java) [ozone-interface-client-1.4.0-SNAPSHOT.jar:?]
	at org.apache.hadoop.ipc.ProtobufRpcEngine$Server.processCall(ProtobufRpcEngine.java:465) [hadoop-common-3.3.4.jar:?]
	at org.apache.hadoop.ipc.ProtobufRpcEngine2$Server$ProtoBufRpcInvoker.call(ProtobufRpcEngine2.java:578) [hadoop-common-3.3.4.jar:?]
	at org.apache.hadoop.ipc.ProtobufRpcEngine2$Server$ProtoBufRpcInvoker.call(ProtobufRpcEngine2.java:556) [hadoop-common-3.3.4.jar:?]
	at org.apache.hadoop.ipc.RPC$Server.call(RPC.java:1093) [hadoop-common-3.3.4.jar:?]
	at org.apache.hadoop.ipc.Server$RpcCall.run(Server.java:1043) [hadoop-common-3.3.4.jar:?]
	at org.apache.hadoop.ipc.Server$RpcCall.run(Server.java:971) [hadoop-common-3.3.4.jar:?]
	at java.security.AccessController.doPrivileged(Native Method) ~[?:1.8.0_362]
	at javax.security.auth.Subject.doAs(Subject.java:422) [?:1.8.0_362]
	at org.apache.hadoop.security.UserGroupInformation.doAs(UserGroupInformation.java:1878) [hadoop-common-3.3.4.jar:?]
	at org.apache.hadoop.ipc.Server$Handler.run(Server.java:2976) [hadoop-common-3.3.4.jar:?]
16:33:13.129 [IPC Server handler 10 on default port 37073] ERROR OMAudit - user=runner | ip=127.0.0.1 | op=GET_FILE_STATUS {volume=volume28358, bucket=bucket39322, key=level0/level3, dataSize=0, replicationConfig=null} | ret=FAILURE
org.apache.hadoop.ozone.om.exceptions.OMException: Unable to get file status: volume: volume28358 bucket: bucket39322 key: level0/level3
	at org.apache.hadoop.ozone.om.KeyManagerImpl.getOzoneFileStatus(KeyManagerImpl.java:1162) ~[ozone-manager-1.4.0-SNAPSHOT.jar:?]
	at org.apache.hadoop.ozone.om.KeyManagerImpl.getFileStatus(KeyManagerImpl.java:1080) ~[ozone-manager-1.4.0-SNAPSHOT.jar:?]
	at org.apache.hadoop.ozone.om.OmMetadataReader.getFileStatus(OmMetadataReader.java:288) ~[ozone-manager-1.4.0-SNAPSHOT.jar:?]
	at org.apache.hadoop.ozone.om.OzoneManager.getFileStatus(OzoneManager.java:3450) ~[ozone-manager-1.4.0-SNAPSHOT.jar:?]
	at org.apache.hadoop.ozone.protocolPB.OzoneManagerRequestHandler.getOzoneFileStatus(OzoneManagerRequestHandler.java:933) ~[ozone-manager-1.4.0-SNAPSHOT.jar:?]
	at org.apache.hadoop.ozone.protocolPB.OzoneManagerRequestHandler.handleReadRequest(OzoneManagerRequestHandler.java:238) ~[ozone-manager-1.4.0-SNAPSHOT.jar:?]
	at org.apache.hadoop.ozone.protocolPB.OzoneManagerProtocolServerSideTranslatorPB.submitReadRequestToOM(OzoneManagerProtocolServerSideTranslatorPB.java:223) ~[ozone-manager-1.4.0-SNAPSHOT.jar:?]
	at org.apache.hadoop.ozone.protocolPB.OzoneManagerProtocolServerSideTranslatorPB.processRequest(OzoneManagerProtocolServerSideTranslatorPB.java:177) ~[ozone-manager-1.4.0-SNAPSHOT.jar:?]
	at org.apache.hadoop.hdds.server.OzoneProtocolMessageDispatcher.processRequest(OzoneProtocolMessageDispatcher.java:87) [hdds-server-framework-1.4.0-SNAPSHOT.jar:?]
	at org.apache.hadoop.ozone.protocolPB.OzoneManagerProtocolServerSideTranslatorPB.submitRequest(OzoneManagerProtocolServerSideTranslatorPB.java:147) [ozone-manager-1.4.0-SNAPSHOT.jar:?]
	at org.apache.hadoop.ozone.protocol.proto.OzoneManagerProtocolProtos$OzoneManagerService$2.callBlockingMethod(OzoneManagerProtocolProtos.java) [ozone-interface-client-1.4.0-SNAPSHOT.jar:?]
	at org.apache.hadoop.ipc.ProtobufRpcEngine$Server.processCall(ProtobufRpcEngine.java:465) [hadoop-common-3.3.4.jar:?]
	at org.apache.hadoop.ipc.ProtobufRpcEngine2$Server$ProtoBufRpcInvoker.call(ProtobufRpcEngine2.java:578) [hadoop-common-3.3.4.jar:?]
	at org.apache.hadoop.ipc.ProtobufRpcEngine2$Server$ProtoBufRpcInvoker.call(ProtobufRpcEngine2.java:556) [hadoop-common-3.3.4.jar:?]
	at org.apache.hadoop.ipc.RPC$Server.call(RPC.java:1093) [hadoop-common-3.3.4.jar:?]
	at org.apache.hadoop.ipc.Server$RpcCall.run(Server.java:1043) [hadoop-common-3.3.4.jar:?]
	at org.apache.hadoop.ipc.Server$RpcCall.run(Server.java:971) [hadoop-common-3.3.4.jar:?]
	at java.security.AccessController.doPrivileged(Native Method) ~[?:1.8.0_362]
	at javax.security.auth.Subject.doAs(Subject.java:422) [?:1.8.0_362]
	at org.apache.hadoop.security.UserGroupInformation.doAs(UserGroupInformation.java:1878) [hadoop-common-3.3.4.jar:?]
	at org.apache.hadoop.ipc.Server$Handler.run(Server.java:2976) [hadoop-common-3.3.4.jar:?]
16:33:13.130 [IPC Server handler 4 on default port 37073] ERROR OMAudit - user=runner | ip=127.0.0.1 | op=GET_FILE_STATUS {volume=volume28358, bucket=bucket39322, key=level0/level3/level3, dataSize=0, replicationConfig=null} | ret=FAILURE
org.apache.hadoop.ozone.om.exceptions.OMException: Unable to get file status: volume: volume28358 bucket: bucket39322 key: level0/level3/level3
	at org.apache.hadoop.ozone.om.KeyManagerImpl.getOzoneFileStatus(KeyManagerImpl.java:1162) ~[ozone-manager-1.4.0-SNAPSHOT.jar:?]
	at org.apache.hadoop.ozone.om.KeyManagerImpl.getFileStatus(KeyManagerImpl.java:1080) ~[ozone-manager-1.4.0-SNAPSHOT.jar:?]
	at org.apache.hadoop.ozone.om.OmMetadataReader.getFileStatus(OmMetadataReader.java:288) ~[ozone-manager-1.4.0-SNAPSHOT.jar:?]
	at org.apache.hadoop.ozone.om.OzoneManager.getFileStatus(OzoneManager.java:3450) ~[ozone-manager-1.4.0-SNAPSHOT.jar:?]
	at org.apache.hadoop.ozone.protocolPB.OzoneManagerRequestHandler.getOzoneFileStatus(OzoneManagerRequestHandler.java:933) ~[ozone-manager-1.4.0-SNAPSHOT.jar:?]
	at org.apache.hadoop.ozone.protocolPB.OzoneManagerRequestHandler.handleReadRequest(OzoneManagerRequestHandler.java:238) ~[ozone-manager-1.4.0-SNAPSHOT.jar:?]
	at org.apache.hadoop.ozone.protocolPB.OzoneManagerProtocolServerSideTranslatorPB.submitReadRequestToOM(OzoneManagerProtocolServerSideTranslatorPB.java:223) ~[ozone-manager-1.4.0-SNAPSHOT.jar:?]
	at org.apache.hadoop.ozone.protocolPB.OzoneManagerProtocolServerSideTranslatorPB.processRequest(OzoneManagerProtocolServerSideTranslatorPB.java:177) ~[ozone-manager-1.4.0-SNAPSHOT.jar:?]
	at org.apache.hadoop.hdds.server.OzoneProtocolMessageDispatcher.processRequest(OzoneProtocolMessageDispatcher.java:87) [hdds-server-framework-1.4.0-SNAPSHOT.jar:?]
	at org.apache.hadoop.ozone.protocolPB.OzoneManagerProtocolServerSideTranslatorPB.submitRequest(OzoneManagerProtocolServerSideTranslatorPB.java:147) [ozone-manager-1.4.0-SNAPSHOT.jar:?]
	at org.apache.hadoop.ozone.protocol.proto.OzoneManagerProtocolProtos$OzoneManagerService$2.callBlockingMethod(OzoneManagerProtocolProtos.java) [ozone-interface-client-1.4.0-SNAPSHOT.jar:?]
	at org.apache.hadoop.ipc.ProtobufRpcEngine$Server.processCall(ProtobufRpcEngine.java:465) [hadoop-common-3.3.4.jar:?]
	at org.apache.hadoop.ipc.ProtobufRpcEngine2$Server$ProtoBufRpcInvoker.call(ProtobufRpcEngine2.java:578) [hadoop-common-3.3.4.jar:?]
	at org.apache.hadoop.ipc.ProtobufRpcEngine2$Server$ProtoBufRpcInvoker.call(ProtobufRpcEngine2.java:556) [hadoop-common-3.3.4.jar:?]
	at org.apache.hadoop.ipc.RPC$Server.call(RPC.java:1093) [hadoop-common-3.3.4.jar:?]
	at org.apache.hadoop.ipc.Server$RpcCall.run(Server.java:1043) [hadoop-common-3.3.4.jar:?]
	at org.apache.hadoop.ipc.Server$RpcCall.run(Server.java:971) [hadoop-common-3.3.4.jar:?]
	at java.security.AccessController.doPrivileged(Native Method) ~[?:1.8.0_362]
	at javax.security.auth.Subject.doAs(Subject.java:422) [?:1.8.0_362]
	at org.apache.hadoop.security.UserGroupInformation.doAs(UserGroupInformation.java:1878) [hadoop-common-3.3.4.jar:?]
	at org.apache.hadoop.ipc.Server$Handler.run(Server.java:2976) [hadoop-common-3.3.4.jar:?]
16:33:13.131 [IPC Server handler 12 on default port 37073] ERROR OMAudit - user=runner | ip=127.0.0.1 | op=GET_FILE_STATUS {volume=volume28358, bucket=bucket39322, key=level0/level3/file1, dataSize=0, replicationConfig=null} | ret=FAILURE
org.apache.hadoop.ozone.om.exceptions.OMException: Unable to get file status: volume: volume28358 bucket: bucket39322 key: level0/level3/file1
	at org.apache.hadoop.ozone.om.KeyManagerImpl.getOzoneFileStatus(KeyManagerImpl.java:1162) ~[ozone-manager-1.4.0-SNAPSHOT.jar:?]
	at org.apache.hadoop.ozone.om.KeyManagerImpl.getFileStatus(KeyManagerImpl.java:1080) ~[ozone-manager-1.4.0-SNAPSHOT.jar:?]
	at org.apache.hadoop.ozone.om.OmMetadataReader.getFileStatus(OmMetadataReader.java:288) ~[ozone-manager-1.4.0-SNAPSHOT.jar:?]
	at org.apache.hadoop.ozone.om.OzoneManager.getFileStatus(OzoneManager.java:3450) ~[ozone-manager-1.4.0-SNAPSHOT.jar:?]
	at org.apache.hadoop.ozone.protocolPB.OzoneManagerRequestHandler.getOzoneFileStatus(OzoneManagerRequestHandler.java:933) ~[ozone-manager-1.4.0-SNAPSHOT.jar:?]
	at org.apache.hadoop.ozone.protocolPB.OzoneManagerRequestHandler.handleReadRequest(OzoneManagerRequestHandler.java:238) ~[ozone-manager-1.4.0-SNAPSHOT.jar:?]
	at org.apache.hadoop.ozone.protocolPB.OzoneManagerProtocolServerSideTranslatorPB.submitReadRequestToOM(OzoneManagerProtocolServerSideTranslatorPB.java:223) ~[ozone-manager-1.4.0-SNAPSHOT.jar:?]
	at org.apache.hadoop.ozone.protocolPB.OzoneManagerProtocolServerSideTranslatorPB.processRequest(OzoneManagerProtocolServerSideTranslatorPB.java:177) ~[ozone-manager-1.4.0-SNAPSHOT.jar:?]
	at org.apache.hadoop.hdds.server.OzoneProtocolMessageDispatcher.processRequest(OzoneProtocolMessageDispatcher.java:87) [hdds-server-framework-1.4.0-SNAPSHOT.jar:?]
	at org.apache.hadoop.ozone.protocolPB.OzoneManagerProtocolServerSideTranslatorPB.submitRequest(OzoneManagerProtocolServerSideTranslatorPB.java:147) [ozone-manager-1.4.0-SNAPSHOT.jar:?]
	at org.apache.hadoop.ozone.protocol.proto.OzoneManagerProtocolProtos$OzoneManagerService$2.callBlockingMethod(OzoneManagerProtocolProtos.java) [ozone-interface-client-1.4.0-SNAPSHOT.jar:?]
	at org.apache.hadoop.ipc.ProtobufRpcEngine$Server.processCall(ProtobufRpcEngine.java:465) [hadoop-common-3.3.4.jar:?]
	at org.apache.hadoop.ipc.ProtobufRpcEngine2$Server$ProtoBufRpcInvoker.call(ProtobufRpcEngine2.java:578) [hadoop-common-3.3.4.jar:?]
	at org.apache.hadoop.ipc.ProtobufRpcEngine2$Server$ProtoBufRpcInvoker.call(ProtobufRpcEngine2.java:556) [hadoop-common-3.3.4.jar:?]
	at org.apache.hadoop.ipc.RPC$Server.call(RPC.java:1093) [hadoop-common-3.3.4.jar:?]
	at org.apache.hadoop.ipc.Server$RpcCall.run(Server.java:1043) [hadoop-common-3.3.4.jar:?]
	at org.apache.hadoop.ipc.Server$RpcCall.run(Server.java:971) [hadoop-common-3.3.4.jar:?]
	at java.security.AccessController.doPrivileged(Native Method) ~[?:1.8.0_362]
	at javax.security.auth.Subject.doAs(Subject.java:422) [?:1.8.0_362]
	at org.apache.hadoop.security.UserGroupInformation.doAs(UserGroupInformation.java:1878) [hadoop-common-3.3.4.jar:?]
	at org.apache.hadoop.ipc.Server$Handler.run(Server.java:2976) [hadoop-common-3.3.4.jar:?]
16:33:13.132 [IPC Server handler 5 on default port 37073] ERROR OMAudit - user=runner | ip=127.0.0.1 | op=GET_FILE_STATUS {volume=volume28358, bucket=bucket39322, key=level0/level3/level3/file1, dataSize=0, replicationConfig=null} | ret=FAILURE
org.apache.hadoop.ozone.om.exceptions.OMException: Unable to get file status: volume: volume28358 bucket: bucket39322 key: level0/level3/level3/file1
	at org.apache.hadoop.ozone.om.KeyManagerImpl.getOzoneFileStatus(KeyManagerImpl.java:1162) ~[ozone-manager-1.4.0-SNAPSHOT.jar:?]
	at org.apache.hadoop.ozone.om.KeyManagerImpl.getFileStatus(KeyManagerImpl.java:1080) ~[ozone-manager-1.4.0-SNAPSHOT.jar:?]
	at org.apache.hadoop.ozone.om.OmMetadataReader.getFileStatus(OmMetadataReader.java:288) ~[ozone-manager-1.4.0-SNAPSHOT.jar:?]
	at org.apache.hadoop.ozone.om.OzoneManager.getFileStatus(OzoneManager.java:3450) ~[ozone-manager-1.4.0-SNAPSHOT.jar:?]
	at org.apache.hadoop.ozone.protocolPB.OzoneManagerRequestHandler.getOzoneFileStatus(OzoneManagerRequestHandler.java:933) ~[ozone-manager-1.4.0-SNAPSHOT.jar:?]
	at org.apache.hadoop.ozone.protocolPB.OzoneManagerRequestHandler.handleReadRequest(OzoneManagerRequestHandler.java:238) ~[ozone-manager-1.4.0-SNAPSHOT.jar:?]
	at org.apache.hadoop.ozone.protocolPB.OzoneManagerProtocolServerSideTranslatorPB.submitReadRequestToOM(OzoneManagerProtocolServerSideTranslatorPB.java:223) ~[ozone-manager-1.4.0-SNAPSHOT.jar:?]
	at org.apache.hadoop.ozone.protocolPB.OzoneManagerProtocolServerSideTranslatorPB.processRequest(OzoneManagerProtocolServerSideTranslatorPB.java:177) ~[ozone-manager-1.4.0-SNAPSHOT.jar:?]
	at org.apache.hadoop.hdds.server.OzoneProtocolMessageDispatcher.processRequest(OzoneProtocolMessageDispatcher.java:87) [hdds-server-framework-1.4.0-SNAPSHOT.jar:?]
	at org.apache.hadoop.ozone.protocolPB.OzoneManagerProtocolServerSideTranslatorPB.submitRequest(OzoneManagerProtocolServerSideTranslatorPB.java:147) [ozone-manager-1.4.0-SNAPSHOT.jar:?]
	at org.apache.hadoop.ozone.protocol.proto.OzoneManagerProtocolProtos$OzoneManagerService$2.callBlockingMethod(OzoneManagerProtocolProtos.java) [ozone-interface-client-1.4.0-SNAPSHOT.jar:?]
	at org.apache.hadoop.ipc.ProtobufRpcEngine$Server.processCall(ProtobufRpcEngine.java:465) [hadoop-common-3.3.4.jar:?]
	at org.apache.hadoop.ipc.ProtobufRpcEngine2$Server$ProtoBufRpcInvoker.call(ProtobufRpcEngine2.java:578) [hadoop-common-3.3.4.jar:?]
	at org.apache.hadoop.ipc.ProtobufRpcEngine2$Server$ProtoBufRpcInvoker.call(ProtobufRpcEngine2.java:556) [hadoop-common-3.3.4.jar:?]
	at org.apache.hadoop.ipc.RPC$Server.call(RPC.java:1093) [hadoop-common-3.3.4.jar:?]
	at org.apache.hadoop.ipc.Server$RpcCall.run(Server.java:1043) [hadoop-common-3.3.4.jar:?]
	at org.apache.hadoop.ipc.Server$RpcCall.run(Server.java:971) [hadoop-common-3.3.4.jar:?]
	at java.security.AccessController.doPrivileged(Native Method) ~[?:1.8.0_362]
	at javax.security.auth.Subject.doAs(Subject.java:422) [?:1.8.0_362]
	at org.apache.hadoop.security.UserGroupInformation.doAs(UserGroupInformation.java:1878) [hadoop-common-3.3.4.jar:?]
	at org.apache.hadoop.ipc.Server$Handler.run(Server.java:2976) [hadoop-common-3.3.4.jar:?]
]]></system-out>
  </testcase>
  <testcase name="testRecursiveDelete" classname="TestOzoneFileSystem" time="0.1">
    <system-out><![CDATA[2023-02-16 16:34:12,972 [IPC Server handler 18 on default port 46781] INFO  key.OMKeyRequest (OMKeyRequest.java:wrapUncommittedBlocksAsPseudoKey(837)) - Detect allocated but uncommitted blocks [{blockID={containerID=1, localID=111677748019200014}, length=4194304, offset=0, token=null, pipeline=null, createVersion=0, partNumber=0}] in key gdir1/pdir1/child.
2023-02-16 16:34:12,975 [IPC Server handler 16 on default port 46781] INFO  key.OMKeyRequest (OMKeyRequest.java:wrapUncommittedBlocksAsPseudoKey(837)) - Detect allocated but uncommitted blocks [{blockID={containerID=2, localID=111677748019200015}, length=4194304, offset=0, token=null, pipeline=null, createVersion=0, partNumber=0}] in key gdir1/pdir2/child.
2023-02-16 16:34:12,978 [IPC Server handler 14 on default port 46781] INFO  key.OMKeyRequest (OMKeyRequest.java:wrapUncommittedBlocksAsPseudoKey(837)) - Detect allocated but uncommitted blocks [{blockID={containerID=4, localID=111677748019200016}, length=4194304, offset=0, token=null, pipeline=null, createVersion=0, partNumber=0}] in key gdir1/pdir3/child.
2023-02-16 16:34:12,981 [IPC Server handler 11 on default port 46781] INFO  key.OMKeyRequest (OMKeyRequest.java:wrapUncommittedBlocksAsPseudoKey(837)) - Detect allocated but uncommitted blocks [{blockID={containerID=1, localID=111677748019200017}, length=4194304, offset=0, token=null, pipeline=null, createVersion=0, partNumber=0}] in key gdir1/pdir4/child.
2023-02-16 16:34:12,984 [IPC Server handler 10 on default port 46781] INFO  key.OMKeyRequest (OMKeyRequest.java:wrapUncommittedBlocksAsPseudoKey(837)) - Detect allocated but uncommitted blocks [{blockID={containerID=2, localID=111677748019200018}, length=4194304, offset=0, token=null, pipeline=null, createVersion=0, partNumber=0}] in key gdir1/pdir5/child.
2023-02-16 16:34:12,987 [IPC Server handler 7 on default port 46781] INFO  key.OMKeyRequest (OMKeyRequest.java:wrapUncommittedBlocksAsPseudoKey(837)) - Detect allocated but uncommitted blocks [{blockID={containerID=1, localID=111677748019200019}, length=4194304, offset=0, token=null, pipeline=null, createVersion=0, partNumber=0}] in key gdir1/pdir6/child.
2023-02-16 16:34:12,990 [IPC Server handler 4 on default port 46781] INFO  key.OMKeyRequest (OMKeyRequest.java:wrapUncommittedBlocksAsPseudoKey(837)) - Detect allocated but uncommitted blocks [{blockID={containerID=2, localID=111677748019200020}, length=4194304, offset=0, token=null, pipeline=null, createVersion=0, partNumber=0}] in key gdir1/pdir7/child.
2023-02-16 16:34:12,993 [IPC Server handler 3 on default port 46781] INFO  key.OMKeyRequest (OMKeyRequest.java:wrapUncommittedBlocksAsPseudoKey(837)) - Detect allocated but uncommitted blocks [{blockID={containerID=1, localID=111677748019200021}, length=4194304, offset=0, token=null, pipeline=null, createVersion=0, partNumber=0}] in key gdir1/pdir8/child.
2023-02-16 16:34:12,996 [IPC Server handler 1 on default port 46781] INFO  key.OMKeyRequest (OMKeyRequest.java:wrapUncommittedBlocksAsPseudoKey(837)) - Detect allocated but uncommitted blocks [{blockID={containerID=3, localID=111677748019200022}, length=4194304, offset=0, token=null, pipeline=null, createVersion=0, partNumber=0}] in key gdir1/pdir9/child.
2023-02-16 16:34:12,999 [IPC Server handler 6 on default port 46781] INFO  key.OMKeyRequest (OMKeyRequest.java:wrapUncommittedBlocksAsPseudoKey(837)) - Detect allocated but uncommitted blocks [{blockID={containerID=4, localID=111677748019200023}, length=4194304, offset=0, token=null, pipeline=null, createVersion=0, partNumber=0}] in key gdir1/pdir10/child.
16:34:13.009 [IPC Server handler 0 on default port 46781] ERROR OMAudit - user=runner | ip=127.0.0.1 | op=GET_FILE_STATUS {volume=volume76608, bucket=bucket25283, key=gdir1, dataSize=0, replicationConfig=null} | ret=FAILURE
org.apache.hadoop.ozone.om.exceptions.OMException: Unable to get file status: volume: volume76608 bucket: bucket25283 key: gdir1
	at org.apache.hadoop.ozone.om.KeyManagerImpl.getOzoneFileStatus(KeyManagerImpl.java:1162) ~[ozone-manager-1.4.0-SNAPSHOT.jar:?]
	at org.apache.hadoop.ozone.om.KeyManagerImpl.getFileStatus(KeyManagerImpl.java:1080) ~[ozone-manager-1.4.0-SNAPSHOT.jar:?]
	at org.apache.hadoop.ozone.om.OmMetadataReader.getFileStatus(OmMetadataReader.java:288) ~[ozone-manager-1.4.0-SNAPSHOT.jar:?]
	at org.apache.hadoop.ozone.om.OzoneManager.getFileStatus(OzoneManager.java:3450) ~[ozone-manager-1.4.0-SNAPSHOT.jar:?]
	at org.apache.hadoop.ozone.protocolPB.OzoneManagerRequestHandler.getOzoneFileStatus(OzoneManagerRequestHandler.java:933) ~[ozone-manager-1.4.0-SNAPSHOT.jar:?]
	at org.apache.hadoop.ozone.protocolPB.OzoneManagerRequestHandler.handleReadRequest(OzoneManagerRequestHandler.java:238) ~[ozone-manager-1.4.0-SNAPSHOT.jar:?]
	at org.apache.hadoop.ozone.protocolPB.OzoneManagerProtocolServerSideTranslatorPB.submitRequestDirectlyToOM(OzoneManagerProtocolServerSideTranslatorPB.java:271) ~[ozone-manager-1.4.0-SNAPSHOT.jar:?]
	at org.apache.hadoop.ozone.protocolPB.OzoneManagerProtocolServerSideTranslatorPB.processRequest(OzoneManagerProtocolServerSideTranslatorPB.java:173) ~[ozone-manager-1.4.0-SNAPSHOT.jar:?]
	at org.apache.hadoop.hdds.server.OzoneProtocolMessageDispatcher.processRequest(OzoneProtocolMessageDispatcher.java:87) [hdds-server-framework-1.4.0-SNAPSHOT.jar:?]
	at org.apache.hadoop.ozone.protocolPB.OzoneManagerProtocolServerSideTranslatorPB.submitRequest(OzoneManagerProtocolServerSideTranslatorPB.java:147) [ozone-manager-1.4.0-SNAPSHOT.jar:?]
	at org.apache.hadoop.ozone.protocol.proto.OzoneManagerProtocolProtos$OzoneManagerService$2.callBlockingMethod(OzoneManagerProtocolProtos.java) [ozone-interface-client-1.4.0-SNAPSHOT.jar:?]
	at org.apache.hadoop.ipc.ProtobufRpcEngine$Server.processCall(ProtobufRpcEngine.java:465) [hadoop-common-3.3.4.jar:?]
	at org.apache.hadoop.ipc.ProtobufRpcEngine2$Server$ProtoBufRpcInvoker.call(ProtobufRpcEngine2.java:578) [hadoop-common-3.3.4.jar:?]
	at org.apache.hadoop.ipc.ProtobufRpcEngine2$Server$ProtoBufRpcInvoker.call(ProtobufRpcEngine2.java:556) [hadoop-common-3.3.4.jar:?]
	at org.apache.hadoop.ipc.RPC$Server.call(RPC.java:1093) [hadoop-common-3.3.4.jar:?]
	at org.apache.hadoop.ipc.Server$RpcCall.run(Server.java:1043) [hadoop-common-3.3.4.jar:?]
	at org.apache.hadoop.ipc.Server$RpcCall.run(Server.java:971) [hadoop-common-3.3.4.jar:?]
	at java.security.AccessController.doPrivileged(Native Method) ~[?:1.8.0_362]
	at javax.security.auth.Subject.doAs(Subject.java:422) [?:1.8.0_362]
	at org.apache.hadoop.security.UserGroupInformation.doAs(UserGroupInformation.java:1878) [hadoop-common-3.3.4.jar:?]
	at org.apache.hadoop.ipc.Server$Handler.run(Server.java:2976) [hadoop-common-3.3.4.jar:?]
16:34:13.010 [IPC Server handler 6 on default port 46781] ERROR OMAudit - user=runner | ip=127.0.0.1 | op=GET_FILE_STATUS {volume=volume76608, bucket=bucket25283, key=gdir1/dir1, dataSize=0, replicationConfig=null} | ret=FAILURE
org.apache.hadoop.ozone.om.exceptions.OMException: Unable to get file status: volume: volume76608 bucket: bucket25283 key: gdir1/dir1
	at org.apache.hadoop.ozone.om.KeyManagerImpl.getOzoneFileStatus(KeyManagerImpl.java:1162) ~[ozone-manager-1.4.0-SNAPSHOT.jar:?]
	at org.apache.hadoop.ozone.om.KeyManagerImpl.getFileStatus(KeyManagerImpl.java:1080) ~[ozone-manager-1.4.0-SNAPSHOT.jar:?]
	at org.apache.hadoop.ozone.om.OmMetadataReader.getFileStatus(OmMetadataReader.java:288) ~[ozone-manager-1.4.0-SNAPSHOT.jar:?]
	at org.apache.hadoop.ozone.om.OzoneManager.getFileStatus(OzoneManager.java:3450) ~[ozone-manager-1.4.0-SNAPSHOT.jar:?]
	at org.apache.hadoop.ozone.protocolPB.OzoneManagerRequestHandler.getOzoneFileStatus(OzoneManagerRequestHandler.java:933) ~[ozone-manager-1.4.0-SNAPSHOT.jar:?]
	at org.apache.hadoop.ozone.protocolPB.OzoneManagerRequestHandler.handleReadRequest(OzoneManagerRequestHandler.java:238) ~[ozone-manager-1.4.0-SNAPSHOT.jar:?]
	at org.apache.hadoop.ozone.protocolPB.OzoneManagerProtocolServerSideTranslatorPB.submitRequestDirectlyToOM(OzoneManagerProtocolServerSideTranslatorPB.java:271) ~[ozone-manager-1.4.0-SNAPSHOT.jar:?]
	at org.apache.hadoop.ozone.protocolPB.OzoneManagerProtocolServerSideTranslatorPB.processRequest(OzoneManagerProtocolServerSideTranslatorPB.java:173) ~[ozone-manager-1.4.0-SNAPSHOT.jar:?]
	at org.apache.hadoop.hdds.server.OzoneProtocolMessageDispatcher.processRequest(OzoneProtocolMessageDispatcher.java:87) [hdds-server-framework-1.4.0-SNAPSHOT.jar:?]
	at org.apache.hadoop.ozone.protocolPB.OzoneManagerProtocolServerSideTranslatorPB.submitRequest(OzoneManagerProtocolServerSideTranslatorPB.java:147) [ozone-manager-1.4.0-SNAPSHOT.jar:?]
	at org.apache.hadoop.ozone.protocol.proto.OzoneManagerProtocolProtos$OzoneManagerService$2.callBlockingMethod(OzoneManagerProtocolProtos.java) [ozone-interface-client-1.4.0-SNAPSHOT.jar:?]
	at org.apache.hadoop.ipc.ProtobufRpcEngine$Server.processCall(ProtobufRpcEngine.java:465) [hadoop-common-3.3.4.jar:?]
	at org.apache.hadoop.ipc.ProtobufRpcEngine2$Server$ProtoBufRpcInvoker.call(ProtobufRpcEngine2.java:578) [hadoop-common-3.3.4.jar:?]
	at org.apache.hadoop.ipc.ProtobufRpcEngine2$Server$ProtoBufRpcInvoker.call(ProtobufRpcEngine2.java:556) [hadoop-common-3.3.4.jar:?]
	at org.apache.hadoop.ipc.RPC$Server.call(RPC.java:1093) [hadoop-common-3.3.4.jar:?]
	at org.apache.hadoop.ipc.Server$RpcCall.run(Server.java:1043) [hadoop-common-3.3.4.jar:?]
	at org.apache.hadoop.ipc.Server$RpcCall.run(Server.java:971) [hadoop-common-3.3.4.jar:?]
	at java.security.AccessController.doPrivileged(Native Method) ~[?:1.8.0_362]
	at javax.security.auth.Subject.doAs(Subject.java:422) [?:1.8.0_362]
	at org.apache.hadoop.security.UserGroupInformation.doAs(UserGroupInformation.java:1878) [hadoop-common-3.3.4.jar:?]
	at org.apache.hadoop.ipc.Server$Handler.run(Server.java:2976) [hadoop-common-3.3.4.jar:?]
16:34:13.011 [IPC Server handler 19 on default port 46781] ERROR OMAudit - user=runner | ip=127.0.0.1 | op=GET_FILE_STATUS {volume=volume76608, bucket=bucket25283, key=gdir1/dir1/child, dataSize=0, replicationConfig=null} | ret=FAILURE
org.apache.hadoop.ozone.om.exceptions.OMException: Unable to get file status: volume: volume76608 bucket: bucket25283 key: gdir1/dir1/child
	at org.apache.hadoop.ozone.om.KeyManagerImpl.getOzoneFileStatus(KeyManagerImpl.java:1162) ~[ozone-manager-1.4.0-SNAPSHOT.jar:?]
	at org.apache.hadoop.ozone.om.KeyManagerImpl.getFileStatus(KeyManagerImpl.java:1080) ~[ozone-manager-1.4.0-SNAPSHOT.jar:?]
	at org.apache.hadoop.ozone.om.OmMetadataReader.getFileStatus(OmMetadataReader.java:288) ~[ozone-manager-1.4.0-SNAPSHOT.jar:?]
	at org.apache.hadoop.ozone.om.OzoneManager.getFileStatus(OzoneManager.java:3450) ~[ozone-manager-1.4.0-SNAPSHOT.jar:?]
	at org.apache.hadoop.ozone.protocolPB.OzoneManagerRequestHandler.getOzoneFileStatus(OzoneManagerRequestHandler.java:933) ~[ozone-manager-1.4.0-SNAPSHOT.jar:?]
	at org.apache.hadoop.ozone.protocolPB.OzoneManagerRequestHandler.handleReadRequest(OzoneManagerRequestHandler.java:238) ~[ozone-manager-1.4.0-SNAPSHOT.jar:?]
	at org.apache.hadoop.ozone.protocolPB.OzoneManagerProtocolServerSideTranslatorPB.submitRequestDirectlyToOM(OzoneManagerProtocolServerSideTranslatorPB.java:271) ~[ozone-manager-1.4.0-SNAPSHOT.jar:?]
	at org.apache.hadoop.ozone.protocolPB.OzoneManagerProtocolServerSideTranslatorPB.processRequest(OzoneManagerProtocolServerSideTranslatorPB.java:173) ~[ozone-manager-1.4.0-SNAPSHOT.jar:?]
	at org.apache.hadoop.hdds.server.OzoneProtocolMessageDispatcher.processRequest(OzoneProtocolMessageDispatcher.java:87) [hdds-server-framework-1.4.0-SNAPSHOT.jar:?]
	at org.apache.hadoop.ozone.protocolPB.OzoneManagerProtocolServerSideTranslatorPB.submitRequest(OzoneManagerProtocolServerSideTranslatorPB.java:147) [ozone-manager-1.4.0-SNAPSHOT.jar:?]
	at org.apache.hadoop.ozone.protocol.proto.OzoneManagerProtocolProtos$OzoneManagerService$2.callBlockingMethod(OzoneManagerProtocolProtos.java) [ozone-interface-client-1.4.0-SNAPSHOT.jar:?]
	at org.apache.hadoop.ipc.ProtobufRpcEngine$Server.processCall(ProtobufRpcEngine.java:465) [hadoop-common-3.3.4.jar:?]
	at org.apache.hadoop.ipc.ProtobufRpcEngine2$Server$ProtoBufRpcInvoker.call(ProtobufRpcEngine2.java:578) [hadoop-common-3.3.4.jar:?]
	at org.apache.hadoop.ipc.ProtobufRpcEngine2$Server$ProtoBufRpcInvoker.call(ProtobufRpcEngine2.java:556) [hadoop-common-3.3.4.jar:?]
	at org.apache.hadoop.ipc.RPC$Server.call(RPC.java:1093) [hadoop-common-3.3.4.jar:?]
	at org.apache.hadoop.ipc.Server$RpcCall.run(Server.java:1043) [hadoop-common-3.3.4.jar:?]
	at org.apache.hadoop.ipc.Server$RpcCall.run(Server.java:971) [hadoop-common-3.3.4.jar:?]
	at java.security.AccessController.doPrivileged(Native Method) ~[?:1.8.0_362]
	at javax.security.auth.Subject.doAs(Subject.java:422) [?:1.8.0_362]
	at org.apache.hadoop.security.UserGroupInformation.doAs(UserGroupInformation.java:1878) [hadoop-common-3.3.4.jar:?]
	at org.apache.hadoop.ipc.Server$Handler.run(Server.java:2976) [hadoop-common-3.3.4.jar:?]
16:34:13.011 [IPC Server handler 18 on default port 46781] ERROR OMAudit - user=runner | ip=127.0.0.1 | op=GET_FILE_STATUS {volume=volume76608, bucket=bucket25283, key=gdir1/dir2, dataSize=0, replicationConfig=null} | ret=FAILURE
org.apache.hadoop.ozone.om.exceptions.OMException: Unable to get file status: volume: volume76608 bucket: bucket25283 key: gdir1/dir2
	at org.apache.hadoop.ozone.om.KeyManagerImpl.getOzoneFileStatus(KeyManagerImpl.java:1162) ~[ozone-manager-1.4.0-SNAPSHOT.jar:?]
	at org.apache.hadoop.ozone.om.KeyManagerImpl.getFileStatus(KeyManagerImpl.java:1080) ~[ozone-manager-1.4.0-SNAPSHOT.jar:?]
	at org.apache.hadoop.ozone.om.OmMetadataReader.getFileStatus(OmMetadataReader.java:288) ~[ozone-manager-1.4.0-SNAPSHOT.jar:?]
	at org.apache.hadoop.ozone.om.OzoneManager.getFileStatus(OzoneManager.java:3450) ~[ozone-manager-1.4.0-SNAPSHOT.jar:?]
	at org.apache.hadoop.ozone.protocolPB.OzoneManagerRequestHandler.getOzoneFileStatus(OzoneManagerRequestHandler.java:933) ~[ozone-manager-1.4.0-SNAPSHOT.jar:?]
	at org.apache.hadoop.ozone.protocolPB.OzoneManagerRequestHandler.handleReadRequest(OzoneManagerRequestHandler.java:238) ~[ozone-manager-1.4.0-SNAPSHOT.jar:?]
	at org.apache.hadoop.ozone.protocolPB.OzoneManagerProtocolServerSideTranslatorPB.submitRequestDirectlyToOM(OzoneManagerProtocolServerSideTranslatorPB.java:271) ~[ozone-manager-1.4.0-SNAPSHOT.jar:?]
	at org.apache.hadoop.ozone.protocolPB.OzoneManagerProtocolServerSideTranslatorPB.processRequest(OzoneManagerProtocolServerSideTranslatorPB.java:173) ~[ozone-manager-1.4.0-SNAPSHOT.jar:?]
	at org.apache.hadoop.hdds.server.OzoneProtocolMessageDispatcher.processRequest(OzoneProtocolMessageDispatcher.java:87) [hdds-server-framework-1.4.0-SNAPSHOT.jar:?]
	at org.apache.hadoop.ozone.protocolPB.OzoneManagerProtocolServerSideTranslatorPB.submitRequest(OzoneManagerProtocolServerSideTranslatorPB.java:147) [ozone-manager-1.4.0-SNAPSHOT.jar:?]
	at org.apache.hadoop.ozone.protocol.proto.OzoneManagerProtocolProtos$OzoneManagerService$2.callBlockingMethod(OzoneManagerProtocolProtos.java) [ozone-interface-client-1.4.0-SNAPSHOT.jar:?]
	at org.apache.hadoop.ipc.ProtobufRpcEngine$Server.processCall(ProtobufRpcEngine.java:465) [hadoop-common-3.3.4.jar:?]
	at org.apache.hadoop.ipc.ProtobufRpcEngine2$Server$ProtoBufRpcInvoker.call(ProtobufRpcEngine2.java:578) [hadoop-common-3.3.4.jar:?]
	at org.apache.hadoop.ipc.ProtobufRpcEngine2$Server$ProtoBufRpcInvoker.call(ProtobufRpcEngine2.java:556) [hadoop-common-3.3.4.jar:?]
	at org.apache.hadoop.ipc.RPC$Server.call(RPC.java:1093) [hadoop-common-3.3.4.jar:?]
	at org.apache.hadoop.ipc.Server$RpcCall.run(Server.java:1043) [hadoop-common-3.3.4.jar:?]
	at org.apache.hadoop.ipc.Server$RpcCall.run(Server.java:971) [hadoop-common-3.3.4.jar:?]
	at java.security.AccessController.doPrivileged(Native Method) ~[?:1.8.0_362]
	at javax.security.auth.Subject.doAs(Subject.java:422) [?:1.8.0_362]
	at org.apache.hadoop.security.UserGroupInformation.doAs(UserGroupInformation.java:1878) [hadoop-common-3.3.4.jar:?]
	at org.apache.hadoop.ipc.Server$Handler.run(Server.java:2976) [hadoop-common-3.3.4.jar:?]
16:34:13.012 [IPC Server handler 17 on default port 46781] ERROR OMAudit - user=runner | ip=127.0.0.1 | op=GET_FILE_STATUS {volume=volume76608, bucket=bucket25283, key=gdir1/dir2/child, dataSize=0, replicationConfig=null} | ret=FAILURE
org.apache.hadoop.ozone.om.exceptions.OMException: Unable to get file status: volume: volume76608 bucket: bucket25283 key: gdir1/dir2/child
	at org.apache.hadoop.ozone.om.KeyManagerImpl.getOzoneFileStatus(KeyManagerImpl.java:1162) ~[ozone-manager-1.4.0-SNAPSHOT.jar:?]
	at org.apache.hadoop.ozone.om.KeyManagerImpl.getFileStatus(KeyManagerImpl.java:1080) ~[ozone-manager-1.4.0-SNAPSHOT.jar:?]
	at org.apache.hadoop.ozone.om.OmMetadataReader.getFileStatus(OmMetadataReader.java:288) ~[ozone-manager-1.4.0-SNAPSHOT.jar:?]
	at org.apache.hadoop.ozone.om.OzoneManager.getFileStatus(OzoneManager.java:3450) ~[ozone-manager-1.4.0-SNAPSHOT.jar:?]
	at org.apache.hadoop.ozone.protocolPB.OzoneManagerRequestHandler.getOzoneFileStatus(OzoneManagerRequestHandler.java:933) ~[ozone-manager-1.4.0-SNAPSHOT.jar:?]
	at org.apache.hadoop.ozone.protocolPB.OzoneManagerRequestHandler.handleReadRequest(OzoneManagerRequestHandler.java:238) ~[ozone-manager-1.4.0-SNAPSHOT.jar:?]
	at org.apache.hadoop.ozone.protocolPB.OzoneManagerProtocolServerSideTranslatorPB.submitRequestDirectlyToOM(OzoneManagerProtocolServerSideTranslatorPB.java:271) ~[ozone-manager-1.4.0-SNAPSHOT.jar:?]
	at org.apache.hadoop.ozone.protocolPB.OzoneManagerProtocolServerSideTranslatorPB.processRequest(OzoneManagerProtocolServerSideTranslatorPB.java:173) ~[ozone-manager-1.4.0-SNAPSHOT.jar:?]
	at org.apache.hadoop.hdds.server.OzoneProtocolMessageDispatcher.processRequest(OzoneProtocolMessageDispatcher.java:87) [hdds-server-framework-1.4.0-SNAPSHOT.jar:?]
	at org.apache.hadoop.ozone.protocolPB.OzoneManagerProtocolServerSideTranslatorPB.submitRequest(OzoneManagerProtocolServerSideTranslatorPB.java:147) [ozone-manager-1.4.0-SNAPSHOT.jar:?]
	at org.apache.hadoop.ozone.protocol.proto.OzoneManagerProtocolProtos$OzoneManagerService$2.callBlockingMethod(OzoneManagerProtocolProtos.java) [ozone-interface-client-1.4.0-SNAPSHOT.jar:?]
	at org.apache.hadoop.ipc.ProtobufRpcEngine$Server.processCall(ProtobufRpcEngine.java:465) [hadoop-common-3.3.4.jar:?]
	at org.apache.hadoop.ipc.ProtobufRpcEngine2$Server$ProtoBufRpcInvoker.call(ProtobufRpcEngine2.java:578) [hadoop-common-3.3.4.jar:?]
	at org.apache.hadoop.ipc.ProtobufRpcEngine2$Server$ProtoBufRpcInvoker.call(ProtobufRpcEngine2.java:556) [hadoop-common-3.3.4.jar:?]
	at org.apache.hadoop.ipc.RPC$Server.call(RPC.java:1093) [hadoop-common-3.3.4.jar:?]
	at org.apache.hadoop.ipc.Server$RpcCall.run(Server.java:1043) [hadoop-common-3.3.4.jar:?]
	at org.apache.hadoop.ipc.Server$RpcCall.run(Server.java:971) [hadoop-common-3.3.4.jar:?]
	at java.security.AccessController.doPrivileged(Native Method) ~[?:1.8.0_362]
	at javax.security.auth.Subject.doAs(Subject.java:422) [?:1.8.0_362]
	at org.apache.hadoop.security.UserGroupInformation.doAs(UserGroupInformation.java:1878) [hadoop-common-3.3.4.jar:?]
	at org.apache.hadoop.ipc.Server$Handler.run(Server.java:2976) [hadoop-common-3.3.4.jar:?]
16:34:13.013 [IPC Server handler 16 on default port 46781] ERROR OMAudit - user=runner | ip=127.0.0.1 | op=GET_FILE_STATUS {volume=volume76608, bucket=bucket25283, key=gdir1/dir3, dataSize=0, replicationConfig=null} | ret=FAILURE
org.apache.hadoop.ozone.om.exceptions.OMException: Unable to get file status: volume: volume76608 bucket: bucket25283 key: gdir1/dir3
	at org.apache.hadoop.ozone.om.KeyManagerImpl.getOzoneFileStatus(KeyManagerImpl.java:1162) ~[ozone-manager-1.4.0-SNAPSHOT.jar:?]
	at org.apache.hadoop.ozone.om.KeyManagerImpl.getFileStatus(KeyManagerImpl.java:1080) ~[ozone-manager-1.4.0-SNAPSHOT.jar:?]
	at org.apache.hadoop.ozone.om.OmMetadataReader.getFileStatus(OmMetadataReader.java:288) ~[ozone-manager-1.4.0-SNAPSHOT.jar:?]
	at org.apache.hadoop.ozone.om.OzoneManager.getFileStatus(OzoneManager.java:3450) ~[ozone-manager-1.4.0-SNAPSHOT.jar:?]
	at org.apache.hadoop.ozone.protocolPB.OzoneManagerRequestHandler.getOzoneFileStatus(OzoneManagerRequestHandler.java:933) ~[ozone-manager-1.4.0-SNAPSHOT.jar:?]
	at org.apache.hadoop.ozone.protocolPB.OzoneManagerRequestHandler.handleReadRequest(OzoneManagerRequestHandler.java:238) ~[ozone-manager-1.4.0-SNAPSHOT.jar:?]
	at org.apache.hadoop.ozone.protocolPB.OzoneManagerProtocolServerSideTranslatorPB.submitRequestDirectlyToOM(OzoneManagerProtocolServerSideTranslatorPB.java:271) ~[ozone-manager-1.4.0-SNAPSHOT.jar:?]
	at org.apache.hadoop.ozone.protocolPB.OzoneManagerProtocolServerSideTranslatorPB.processRequest(OzoneManagerProtocolServerSideTranslatorPB.java:173) ~[ozone-manager-1.4.0-SNAPSHOT.jar:?]
	at org.apache.hadoop.hdds.server.OzoneProtocolMessageDispatcher.processRequest(OzoneProtocolMessageDispatcher.java:87) [hdds-server-framework-1.4.0-SNAPSHOT.jar:?]
	at org.apache.hadoop.ozone.protocolPB.OzoneManagerProtocolServerSideTranslatorPB.submitRequest(OzoneManagerProtocolServerSideTranslatorPB.java:147) [ozone-manager-1.4.0-SNAPSHOT.jar:?]
	at org.apache.hadoop.ozone.protocol.proto.OzoneManagerProtocolProtos$OzoneManagerService$2.callBlockingMethod(OzoneManagerProtocolProtos.java) [ozone-interface-client-1.4.0-SNAPSHOT.jar:?]
	at org.apache.hadoop.ipc.ProtobufRpcEngine$Server.processCall(ProtobufRpcEngine.java:465) [hadoop-common-3.3.4.jar:?]
	at org.apache.hadoop.ipc.ProtobufRpcEngine2$Server$ProtoBufRpcInvoker.call(ProtobufRpcEngine2.java:578) [hadoop-common-3.3.4.jar:?]
	at org.apache.hadoop.ipc.ProtobufRpcEngine2$Server$ProtoBufRpcInvoker.call(ProtobufRpcEngine2.java:556) [hadoop-common-3.3.4.jar:?]
	at org.apache.hadoop.ipc.RPC$Server.call(RPC.java:1093) [hadoop-common-3.3.4.jar:?]
	at org.apache.hadoop.ipc.Server$RpcCall.run(Server.java:1043) [hadoop-common-3.3.4.jar:?]
	at org.apache.hadoop.ipc.Server$RpcCall.run(Server.java:971) [hadoop-common-3.3.4.jar:?]
	at java.security.AccessController.doPrivileged(Native Method) ~[?:1.8.0_362]
	at javax.security.auth.Subject.doAs(Subject.java:422) [?:1.8.0_362]
	at org.apache.hadoop.security.UserGroupInformation.doAs(UserGroupInformation.java:1878) [hadoop-common-3.3.4.jar:?]
	at org.apache.hadoop.ipc.Server$Handler.run(Server.java:2976) [hadoop-common-3.3.4.jar:?]
16:34:13.013 [IPC Server handler 13 on default port 46781] ERROR OMAudit - user=runner | ip=127.0.0.1 | op=GET_FILE_STATUS {volume=volume76608, bucket=bucket25283, key=gdir1/dir3/child, dataSize=0, replicationConfig=null} | ret=FAILURE
org.apache.hadoop.ozone.om.exceptions.OMException: Unable to get file status: volume: volume76608 bucket: bucket25283 key: gdir1/dir3/child
	at org.apache.hadoop.ozone.om.KeyManagerImpl.getOzoneFileStatus(KeyManagerImpl.java:1162) ~[ozone-manager-1.4.0-SNAPSHOT.jar:?]
	at org.apache.hadoop.ozone.om.KeyManagerImpl.getFileStatus(KeyManagerImpl.java:1080) ~[ozone-manager-1.4.0-SNAPSHOT.jar:?]
	at org.apache.hadoop.ozone.om.OmMetadataReader.getFileStatus(OmMetadataReader.java:288) ~[ozone-manager-1.4.0-SNAPSHOT.jar:?]
	at org.apache.hadoop.ozone.om.OzoneManager.getFileStatus(OzoneManager.java:3450) ~[ozone-manager-1.4.0-SNAPSHOT.jar:?]
	at org.apache.hadoop.ozone.protocolPB.OzoneManagerRequestHandler.getOzoneFileStatus(OzoneManagerRequestHandler.java:933) ~[ozone-manager-1.4.0-SNAPSHOT.jar:?]
	at org.apache.hadoop.ozone.protocolPB.OzoneManagerRequestHandler.handleReadRequest(OzoneManagerRequestHandler.java:238) ~[ozone-manager-1.4.0-SNAPSHOT.jar:?]
	at org.apache.hadoop.ozone.protocolPB.OzoneManagerProtocolServerSideTranslatorPB.submitRequestDirectlyToOM(OzoneManagerProtocolServerSideTranslatorPB.java:271) ~[ozone-manager-1.4.0-SNAPSHOT.jar:?]
	at org.apache.hadoop.ozone.protocolPB.OzoneManagerProtocolServerSideTranslatorPB.processRequest(OzoneManagerProtocolServerSideTranslatorPB.java:173) ~[ozone-manager-1.4.0-SNAPSHOT.jar:?]
	at org.apache.hadoop.hdds.server.OzoneProtocolMessageDispatcher.processRequest(OzoneProtocolMessageDispatcher.java:87) [hdds-server-framework-1.4.0-SNAPSHOT.jar:?]
	at org.apache.hadoop.ozone.protocolPB.OzoneManagerProtocolServerSideTranslatorPB.submitRequest(OzoneManagerProtocolServerSideTranslatorPB.java:147) [ozone-manager-1.4.0-SNAPSHOT.jar:?]
	at org.apache.hadoop.ozone.protocol.proto.OzoneManagerProtocolProtos$OzoneManagerService$2.callBlockingMethod(OzoneManagerProtocolProtos.java) [ozone-interface-client-1.4.0-SNAPSHOT.jar:?]
	at org.apache.hadoop.ipc.ProtobufRpcEngine$Server.processCall(ProtobufRpcEngine.java:465) [hadoop-common-3.3.4.jar:?]
	at org.apache.hadoop.ipc.ProtobufRpcEngine2$Server$ProtoBufRpcInvoker.call(ProtobufRpcEngine2.java:578) [hadoop-common-3.3.4.jar:?]
	at org.apache.hadoop.ipc.ProtobufRpcEngine2$Server$ProtoBufRpcInvoker.call(ProtobufRpcEngine2.java:556) [hadoop-common-3.3.4.jar:?]
	at org.apache.hadoop.ipc.RPC$Server.call(RPC.java:1093) [hadoop-common-3.3.4.jar:?]
	at org.apache.hadoop.ipc.Server$RpcCall.run(Server.java:1043) [hadoop-common-3.3.4.jar:?]
	at org.apache.hadoop.ipc.Server$RpcCall.run(Server.java:971) [hadoop-common-3.3.4.jar:?]
	at java.security.AccessController.doPrivileged(Native Method) ~[?:1.8.0_362]
	at javax.security.auth.Subject.doAs(Subject.java:422) [?:1.8.0_362]
	at org.apache.hadoop.security.UserGroupInformation.doAs(UserGroupInformation.java:1878) [hadoop-common-3.3.4.jar:?]
	at org.apache.hadoop.ipc.Server$Handler.run(Server.java:2976) [hadoop-common-3.3.4.jar:?]
16:34:13.014 [IPC Server handler 14 on default port 46781] ERROR OMAudit - user=runner | ip=127.0.0.1 | op=GET_FILE_STATUS {volume=volume76608, bucket=bucket25283, key=gdir1/dir4, dataSize=0, replicationConfig=null} | ret=FAILURE
org.apache.hadoop.ozone.om.exceptions.OMException: Unable to get file status: volume: volume76608 bucket: bucket25283 key: gdir1/dir4
	at org.apache.hadoop.ozone.om.KeyManagerImpl.getOzoneFileStatus(KeyManagerImpl.java:1162) ~[ozone-manager-1.4.0-SNAPSHOT.jar:?]
	at org.apache.hadoop.ozone.om.KeyManagerImpl.getFileStatus(KeyManagerImpl.java:1080) ~[ozone-manager-1.4.0-SNAPSHOT.jar:?]
	at org.apache.hadoop.ozone.om.OmMetadataReader.getFileStatus(OmMetadataReader.java:288) ~[ozone-manager-1.4.0-SNAPSHOT.jar:?]
	at org.apache.hadoop.ozone.om.OzoneManager.getFileStatus(OzoneManager.java:3450) ~[ozone-manager-1.4.0-SNAPSHOT.jar:?]
	at org.apache.hadoop.ozone.protocolPB.OzoneManagerRequestHandler.getOzoneFileStatus(OzoneManagerRequestHandler.java:933) ~[ozone-manager-1.4.0-SNAPSHOT.jar:?]
	at org.apache.hadoop.ozone.protocolPB.OzoneManagerRequestHandler.handleReadRequest(OzoneManagerRequestHandler.java:238) ~[ozone-manager-1.4.0-SNAPSHOT.jar:?]
	at org.apache.hadoop.ozone.protocolPB.OzoneManagerProtocolServerSideTranslatorPB.submitRequestDirectlyToOM(OzoneManagerProtocolServerSideTranslatorPB.java:271) ~[ozone-manager-1.4.0-SNAPSHOT.jar:?]
	at org.apache.hadoop.ozone.protocolPB.OzoneManagerProtocolServerSideTranslatorPB.processRequest(OzoneManagerProtocolServerSideTranslatorPB.java:173) ~[ozone-manager-1.4.0-SNAPSHOT.jar:?]
	at org.apache.hadoop.hdds.server.OzoneProtocolMessageDispatcher.processRequest(OzoneProtocolMessageDispatcher.java:87) [hdds-server-framework-1.4.0-SNAPSHOT.jar:?]
	at org.apache.hadoop.ozone.protocolPB.OzoneManagerProtocolServerSideTranslatorPB.submitRequest(OzoneManagerProtocolServerSideTranslatorPB.java:147) [ozone-manager-1.4.0-SNAPSHOT.jar:?]
	at org.apache.hadoop.ozone.protocol.proto.OzoneManagerProtocolProtos$OzoneManagerService$2.callBlockingMethod(OzoneManagerProtocolProtos.java) [ozone-interface-client-1.4.0-SNAPSHOT.jar:?]
	at org.apache.hadoop.ipc.ProtobufRpcEngine$Server.processCall(ProtobufRpcEngine.java:465) [hadoop-common-3.3.4.jar:?]
	at org.apache.hadoop.ipc.ProtobufRpcEngine2$Server$ProtoBufRpcInvoker.call(ProtobufRpcEngine2.java:578) [hadoop-common-3.3.4.jar:?]
	at org.apache.hadoop.ipc.ProtobufRpcEngine2$Server$ProtoBufRpcInvoker.call(ProtobufRpcEngine2.java:556) [hadoop-common-3.3.4.jar:?]
	at org.apache.hadoop.ipc.RPC$Server.call(RPC.java:1093) [hadoop-common-3.3.4.jar:?]
	at org.apache.hadoop.ipc.Server$RpcCall.run(Server.java:1043) [hadoop-common-3.3.4.jar:?]
	at org.apache.hadoop.ipc.Server$RpcCall.run(Server.java:971) [hadoop-common-3.3.4.jar:?]
	at java.security.AccessController.doPrivileged(Native Method) ~[?:1.8.0_362]
	at javax.security.auth.Subject.doAs(Subject.java:422) [?:1.8.0_362]
	at org.apache.hadoop.security.UserGroupInformation.doAs(UserGroupInformation.java:1878) [hadoop-common-3.3.4.jar:?]
	at org.apache.hadoop.ipc.Server$Handler.run(Server.java:2976) [hadoop-common-3.3.4.jar:?]
16:34:13.014 [IPC Server handler 15 on default port 46781] ERROR OMAudit - user=runner | ip=127.0.0.1 | op=GET_FILE_STATUS {volume=volume76608, bucket=bucket25283, key=gdir1/dir4/child, dataSize=0, replicationConfig=null} | ret=FAILURE
org.apache.hadoop.ozone.om.exceptions.OMException: Unable to get file status: volume: volume76608 bucket: bucket25283 key: gdir1/dir4/child
	at org.apache.hadoop.ozone.om.KeyManagerImpl.getOzoneFileStatus(KeyManagerImpl.java:1162) ~[ozone-manager-1.4.0-SNAPSHOT.jar:?]
	at org.apache.hadoop.ozone.om.KeyManagerImpl.getFileStatus(KeyManagerImpl.java:1080) ~[ozone-manager-1.4.0-SNAPSHOT.jar:?]
	at org.apache.hadoop.ozone.om.OmMetadataReader.getFileStatus(OmMetadataReader.java:288) ~[ozone-manager-1.4.0-SNAPSHOT.jar:?]
	at org.apache.hadoop.ozone.om.OzoneManager.getFileStatus(OzoneManager.java:3450) ~[ozone-manager-1.4.0-SNAPSHOT.jar:?]
	at org.apache.hadoop.ozone.protocolPB.OzoneManagerRequestHandler.getOzoneFileStatus(OzoneManagerRequestHandler.java:933) ~[ozone-manager-1.4.0-SNAPSHOT.jar:?]
	at org.apache.hadoop.ozone.protocolPB.OzoneManagerRequestHandler.handleReadRequest(OzoneManagerRequestHandler.java:238) ~[ozone-manager-1.4.0-SNAPSHOT.jar:?]
	at org.apache.hadoop.ozone.protocolPB.OzoneManagerProtocolServerSideTranslatorPB.submitRequestDirectlyToOM(OzoneManagerProtocolServerSideTranslatorPB.java:271) ~[ozone-manager-1.4.0-SNAPSHOT.jar:?]
	at org.apache.hadoop.ozone.protocolPB.OzoneManagerProtocolServerSideTranslatorPB.processRequest(OzoneManagerProtocolServerSideTranslatorPB.java:173) ~[ozone-manager-1.4.0-SNAPSHOT.jar:?]
	at org.apache.hadoop.hdds.server.OzoneProtocolMessageDispatcher.processRequest(OzoneProtocolMessageDispatcher.java:87) [hdds-server-framework-1.4.0-SNAPSHOT.jar:?]
	at org.apache.hadoop.ozone.protocolPB.OzoneManagerProtocolServerSideTranslatorPB.submitRequest(OzoneManagerProtocolServerSideTranslatorPB.java:147) [ozone-manager-1.4.0-SNAPSHOT.jar:?]
	at org.apache.hadoop.ozone.protocol.proto.OzoneManagerProtocolProtos$OzoneManagerService$2.callBlockingMethod(OzoneManagerProtocolProtos.java) [ozone-interface-client-1.4.0-SNAPSHOT.jar:?]
	at org.apache.hadoop.ipc.ProtobufRpcEngine$Server.processCall(ProtobufRpcEngine.java:465) [hadoop-common-3.3.4.jar:?]
	at org.apache.hadoop.ipc.ProtobufRpcEngine2$Server$ProtoBufRpcInvoker.call(ProtobufRpcEngine2.java:578) [hadoop-common-3.3.4.jar:?]
	at org.apache.hadoop.ipc.ProtobufRpcEngine2$Server$ProtoBufRpcInvoker.call(ProtobufRpcEngine2.java:556) [hadoop-common-3.3.4.jar:?]
	at org.apache.hadoop.ipc.RPC$Server.call(RPC.java:1093) [hadoop-common-3.3.4.jar:?]
	at org.apache.hadoop.ipc.Server$RpcCall.run(Server.java:1043) [hadoop-common-3.3.4.jar:?]
	at org.apache.hadoop.ipc.Server$RpcCall.run(Server.java:971) [hadoop-common-3.3.4.jar:?]
	at java.security.AccessController.doPrivileged(Native Method) ~[?:1.8.0_362]
	at javax.security.auth.Subject.doAs(Subject.java:422) [?:1.8.0_362]
	at org.apache.hadoop.security.UserGroupInformation.doAs(UserGroupInformation.java:1878) [hadoop-common-3.3.4.jar:?]
	at org.apache.hadoop.ipc.Server$Handler.run(Server.java:2976) [hadoop-common-3.3.4.jar:?]
16:34:13.015 [IPC Server handler 11 on default port 46781] ERROR OMAudit - user=runner | ip=127.0.0.1 | op=GET_FILE_STATUS {volume=volume76608, bucket=bucket25283, key=gdir1/dir5, dataSize=0, replicationConfig=null} | ret=FAILURE
org.apache.hadoop.ozone.om.exceptions.OMException: Unable to get file status: volume: volume76608 bucket: bucket25283 key: gdir1/dir5
	at org.apache.hadoop.ozone.om.KeyManagerImpl.getOzoneFileStatus(KeyManagerImpl.java:1162) ~[ozone-manager-1.4.0-SNAPSHOT.jar:?]
	at org.apache.hadoop.ozone.om.KeyManagerImpl.getFileStatus(KeyManagerImpl.java:1080) ~[ozone-manager-1.4.0-SNAPSHOT.jar:?]
	at org.apache.hadoop.ozone.om.OmMetadataReader.getFileStatus(OmMetadataReader.java:288) ~[ozone-manager-1.4.0-SNAPSHOT.jar:?]
	at org.apache.hadoop.ozone.om.OzoneManager.getFileStatus(OzoneManager.java:3450) ~[ozone-manager-1.4.0-SNAPSHOT.jar:?]
	at org.apache.hadoop.ozone.protocolPB.OzoneManagerRequestHandler.getOzoneFileStatus(OzoneManagerRequestHandler.java:933) ~[ozone-manager-1.4.0-SNAPSHOT.jar:?]
	at org.apache.hadoop.ozone.protocolPB.OzoneManagerRequestHandler.handleReadRequest(OzoneManagerRequestHandler.java:238) ~[ozone-manager-1.4.0-SNAPSHOT.jar:?]
	at org.apache.hadoop.ozone.protocolPB.OzoneManagerProtocolServerSideTranslatorPB.submitRequestDirectlyToOM(OzoneManagerProtocolServerSideTranslatorPB.java:271) ~[ozone-manager-1.4.0-SNAPSHOT.jar:?]
	at org.apache.hadoop.ozone.protocolPB.OzoneManagerProtocolServerSideTranslatorPB.processRequest(OzoneManagerProtocolServerSideTranslatorPB.java:173) ~[ozone-manager-1.4.0-SNAPSHOT.jar:?]
	at org.apache.hadoop.hdds.server.OzoneProtocolMessageDispatcher.processRequest(OzoneProtocolMessageDispatcher.java:87) [hdds-server-framework-1.4.0-SNAPSHOT.jar:?]
	at org.apache.hadoop.ozone.protocolPB.OzoneManagerProtocolServerSideTranslatorPB.submitRequest(OzoneManagerProtocolServerSideTranslatorPB.java:147) [ozone-manager-1.4.0-SNAPSHOT.jar:?]
	at org.apache.hadoop.ozone.protocol.proto.OzoneManagerProtocolProtos$OzoneManagerService$2.callBlockingMethod(OzoneManagerProtocolProtos.java) [ozone-interface-client-1.4.0-SNAPSHOT.jar:?]
	at org.apache.hadoop.ipc.ProtobufRpcEngine$Server.processCall(ProtobufRpcEngine.java:465) [hadoop-common-3.3.4.jar:?]
	at org.apache.hadoop.ipc.ProtobufRpcEngine2$Server$ProtoBufRpcInvoker.call(ProtobufRpcEngine2.java:578) [hadoop-common-3.3.4.jar:?]
	at org.apache.hadoop.ipc.ProtobufRpcEngine2$Server$ProtoBufRpcInvoker.call(ProtobufRpcEngine2.java:556) [hadoop-common-3.3.4.jar:?]
	at org.apache.hadoop.ipc.RPC$Server.call(RPC.java:1093) [hadoop-common-3.3.4.jar:?]
	at org.apache.hadoop.ipc.Server$RpcCall.run(Server.java:1043) [hadoop-common-3.3.4.jar:?]
	at org.apache.hadoop.ipc.Server$RpcCall.run(Server.java:971) [hadoop-common-3.3.4.jar:?]
	at java.security.AccessController.doPrivileged(Native Method) ~[?:1.8.0_362]
	at javax.security.auth.Subject.doAs(Subject.java:422) [?:1.8.0_362]
	at org.apache.hadoop.security.UserGroupInformation.doAs(UserGroupInformation.java:1878) [hadoop-common-3.3.4.jar:?]
	at org.apache.hadoop.ipc.Server$Handler.run(Server.java:2976) [hadoop-common-3.3.4.jar:?]
16:34:13.016 [IPC Server handler 12 on default port 46781] ERROR OMAudit - user=runner | ip=127.0.0.1 | op=GET_FILE_STATUS {volume=volume76608, bucket=bucket25283, key=gdir1/dir5/child, dataSize=0, replicationConfig=null} | ret=FAILURE
org.apache.hadoop.ozone.om.exceptions.OMException: Unable to get file status: volume: volume76608 bucket: bucket25283 key: gdir1/dir5/child
	at org.apache.hadoop.ozone.om.KeyManagerImpl.getOzoneFileStatus(KeyManagerImpl.java:1162) ~[ozone-manager-1.4.0-SNAPSHOT.jar:?]
	at org.apache.hadoop.ozone.om.KeyManagerImpl.getFileStatus(KeyManagerImpl.java:1080) ~[ozone-manager-1.4.0-SNAPSHOT.jar:?]
	at org.apache.hadoop.ozone.om.OmMetadataReader.getFileStatus(OmMetadataReader.java:288) ~[ozone-manager-1.4.0-SNAPSHOT.jar:?]
	at org.apache.hadoop.ozone.om.OzoneManager.getFileStatus(OzoneManager.java:3450) ~[ozone-manager-1.4.0-SNAPSHOT.jar:?]
	at org.apache.hadoop.ozone.protocolPB.OzoneManagerRequestHandler.getOzoneFileStatus(OzoneManagerRequestHandler.java:933) ~[ozone-manager-1.4.0-SNAPSHOT.jar:?]
	at org.apache.hadoop.ozone.protocolPB.OzoneManagerRequestHandler.handleReadRequest(OzoneManagerRequestHandler.java:238) ~[ozone-manager-1.4.0-SNAPSHOT.jar:?]
	at org.apache.hadoop.ozone.protocolPB.OzoneManagerProtocolServerSideTranslatorPB.submitRequestDirectlyToOM(OzoneManagerProtocolServerSideTranslatorPB.java:271) ~[ozone-manager-1.4.0-SNAPSHOT.jar:?]
	at org.apache.hadoop.ozone.protocolPB.OzoneManagerProtocolServerSideTranslatorPB.processRequest(OzoneManagerProtocolServerSideTranslatorPB.java:173) ~[ozone-manager-1.4.0-SNAPSHOT.jar:?]
	at org.apache.hadoop.hdds.server.OzoneProtocolMessageDispatcher.processRequest(OzoneProtocolMessageDispatcher.java:87) [hdds-server-framework-1.4.0-SNAPSHOT.jar:?]
	at org.apache.hadoop.ozone.protocolPB.OzoneManagerProtocolServerSideTranslatorPB.submitRequest(OzoneManagerProtocolServerSideTranslatorPB.java:147) [ozone-manager-1.4.0-SNAPSHOT.jar:?]
	at org.apache.hadoop.ozone.protocol.proto.OzoneManagerProtocolProtos$OzoneManagerService$2.callBlockingMethod(OzoneManagerProtocolProtos.java) [ozone-interface-client-1.4.0-SNAPSHOT.jar:?]
	at org.apache.hadoop.ipc.ProtobufRpcEngine$Server.processCall(ProtobufRpcEngine.java:465) [hadoop-common-3.3.4.jar:?]
	at org.apache.hadoop.ipc.ProtobufRpcEngine2$Server$ProtoBufRpcInvoker.call(ProtobufRpcEngine2.java:578) [hadoop-common-3.3.4.jar:?]
	at org.apache.hadoop.ipc.ProtobufRpcEngine2$Server$ProtoBufRpcInvoker.call(ProtobufRpcEngine2.java:556) [hadoop-common-3.3.4.jar:?]
	at org.apache.hadoop.ipc.RPC$Server.call(RPC.java:1093) [hadoop-common-3.3.4.jar:?]
	at org.apache.hadoop.ipc.Server$RpcCall.run(Server.java:1043) [hadoop-common-3.3.4.jar:?]
	at org.apache.hadoop.ipc.Server$RpcCall.run(Server.java:971) [hadoop-common-3.3.4.jar:?]
	at java.security.AccessController.doPrivileged(Native Method) ~[?:1.8.0_362]
	at javax.security.auth.Subject.doAs(Subject.java:422) [?:1.8.0_362]
	at org.apache.hadoop.security.UserGroupInformation.doAs(UserGroupInformation.java:1878) [hadoop-common-3.3.4.jar:?]
	at org.apache.hadoop.ipc.Server$Handler.run(Server.java:2976) [hadoop-common-3.3.4.jar:?]
16:34:13.016 [IPC Server handler 10 on default port 46781] ERROR OMAudit - user=runner | ip=127.0.0.1 | op=GET_FILE_STATUS {volume=volume76608, bucket=bucket25283, key=gdir1/dir6, dataSize=0, replicationConfig=null} | ret=FAILURE
org.apache.hadoop.ozone.om.exceptions.OMException: Unable to get file status: volume: volume76608 bucket: bucket25283 key: gdir1/dir6
	at org.apache.hadoop.ozone.om.KeyManagerImpl.getOzoneFileStatus(KeyManagerImpl.java:1162) ~[ozone-manager-1.4.0-SNAPSHOT.jar:?]
	at org.apache.hadoop.ozone.om.KeyManagerImpl.getFileStatus(KeyManagerImpl.java:1080) ~[ozone-manager-1.4.0-SNAPSHOT.jar:?]
	at org.apache.hadoop.ozone.om.OmMetadataReader.getFileStatus(OmMetadataReader.java:288) ~[ozone-manager-1.4.0-SNAPSHOT.jar:?]
	at org.apache.hadoop.ozone.om.OzoneManager.getFileStatus(OzoneManager.java:3450) ~[ozone-manager-1.4.0-SNAPSHOT.jar:?]
	at org.apache.hadoop.ozone.protocolPB.OzoneManagerRequestHandler.getOzoneFileStatus(OzoneManagerRequestHandler.java:933) ~[ozone-manager-1.4.0-SNAPSHOT.jar:?]
	at org.apache.hadoop.ozone.protocolPB.OzoneManagerRequestHandler.handleReadRequest(OzoneManagerRequestHandler.java:238) ~[ozone-manager-1.4.0-SNAPSHOT.jar:?]
	at org.apache.hadoop.ozone.protocolPB.OzoneManagerProtocolServerSideTranslatorPB.submitRequestDirectlyToOM(OzoneManagerProtocolServerSideTranslatorPB.java:271) ~[ozone-manager-1.4.0-SNAPSHOT.jar:?]
	at org.apache.hadoop.ozone.protocolPB.OzoneManagerProtocolServerSideTranslatorPB.processRequest(OzoneManagerProtocolServerSideTranslatorPB.java:173) ~[ozone-manager-1.4.0-SNAPSHOT.jar:?]
	at org.apache.hadoop.hdds.server.OzoneProtocolMessageDispatcher.processRequest(OzoneProtocolMessageDispatcher.java:87) [hdds-server-framework-1.4.0-SNAPSHOT.jar:?]
	at org.apache.hadoop.ozone.protocolPB.OzoneManagerProtocolServerSideTranslatorPB.submitRequest(OzoneManagerProtocolServerSideTranslatorPB.java:147) [ozone-manager-1.4.0-SNAPSHOT.jar:?]
	at org.apache.hadoop.ozone.protocol.proto.OzoneManagerProtocolProtos$OzoneManagerService$2.callBlockingMethod(OzoneManagerProtocolProtos.java) [ozone-interface-client-1.4.0-SNAPSHOT.jar:?]
	at org.apache.hadoop.ipc.ProtobufRpcEngine$Server.processCall(ProtobufRpcEngine.java:465) [hadoop-common-3.3.4.jar:?]
	at org.apache.hadoop.ipc.ProtobufRpcEngine2$Server$ProtoBufRpcInvoker.call(ProtobufRpcEngine2.java:578) [hadoop-common-3.3.4.jar:?]
	at org.apache.hadoop.ipc.ProtobufRpcEngine2$Server$ProtoBufRpcInvoker.call(ProtobufRpcEngine2.java:556) [hadoop-common-3.3.4.jar:?]
	at org.apache.hadoop.ipc.RPC$Server.call(RPC.java:1093) [hadoop-common-3.3.4.jar:?]
	at org.apache.hadoop.ipc.Server$RpcCall.run(Server.java:1043) [hadoop-common-3.3.4.jar:?]
	at org.apache.hadoop.ipc.Server$RpcCall.run(Server.java:971) [hadoop-common-3.3.4.jar:?]
	at java.security.AccessController.doPrivileged(Native Method) ~[?:1.8.0_362]
	at javax.security.auth.Subject.doAs(Subject.java:422) [?:1.8.0_362]
	at org.apache.hadoop.security.UserGroupInformation.doAs(UserGroupInformation.java:1878) [hadoop-common-3.3.4.jar:?]
	at org.apache.hadoop.ipc.Server$Handler.run(Server.java:2976) [hadoop-common-3.3.4.jar:?]
16:34:13.017 [IPC Server handler 9 on default port 46781] ERROR OMAudit - user=runner | ip=127.0.0.1 | op=GET_FILE_STATUS {volume=volume76608, bucket=bucket25283, key=gdir1/dir6/child, dataSize=0, replicationConfig=null} | ret=FAILURE
org.apache.hadoop.ozone.om.exceptions.OMException: Unable to get file status: volume: volume76608 bucket: bucket25283 key: gdir1/dir6/child
	at org.apache.hadoop.ozone.om.KeyManagerImpl.getOzoneFileStatus(KeyManagerImpl.java:1162) ~[ozone-manager-1.4.0-SNAPSHOT.jar:?]
	at org.apache.hadoop.ozone.om.KeyManagerImpl.getFileStatus(KeyManagerImpl.java:1080) ~[ozone-manager-1.4.0-SNAPSHOT.jar:?]
	at org.apache.hadoop.ozone.om.OmMetadataReader.getFileStatus(OmMetadataReader.java:288) ~[ozone-manager-1.4.0-SNAPSHOT.jar:?]
	at org.apache.hadoop.ozone.om.OzoneManager.getFileStatus(OzoneManager.java:3450) ~[ozone-manager-1.4.0-SNAPSHOT.jar:?]
	at org.apache.hadoop.ozone.protocolPB.OzoneManagerRequestHandler.getOzoneFileStatus(OzoneManagerRequestHandler.java:933) ~[ozone-manager-1.4.0-SNAPSHOT.jar:?]
	at org.apache.hadoop.ozone.protocolPB.OzoneManagerRequestHandler.handleReadRequest(OzoneManagerRequestHandler.java:238) ~[ozone-manager-1.4.0-SNAPSHOT.jar:?]
	at org.apache.hadoop.ozone.protocolPB.OzoneManagerProtocolServerSideTranslatorPB.submitRequestDirectlyToOM(OzoneManagerProtocolServerSideTranslatorPB.java:271) ~[ozone-manager-1.4.0-SNAPSHOT.jar:?]
	at org.apache.hadoop.ozone.protocolPB.OzoneManagerProtocolServerSideTranslatorPB.processRequest(OzoneManagerProtocolServerSideTranslatorPB.java:173) ~[ozone-manager-1.4.0-SNAPSHOT.jar:?]
	at org.apache.hadoop.hdds.server.OzoneProtocolMessageDispatcher.processRequest(OzoneProtocolMessageDispatcher.java:87) [hdds-server-framework-1.4.0-SNAPSHOT.jar:?]
	at org.apache.hadoop.ozone.protocolPB.OzoneManagerProtocolServerSideTranslatorPB.submitRequest(OzoneManagerProtocolServerSideTranslatorPB.java:147) [ozone-manager-1.4.0-SNAPSHOT.jar:?]
	at org.apache.hadoop.ozone.protocol.proto.OzoneManagerProtocolProtos$OzoneManagerService$2.callBlockingMethod(OzoneManagerProtocolProtos.java) [ozone-interface-client-1.4.0-SNAPSHOT.jar:?]
	at org.apache.hadoop.ipc.ProtobufRpcEngine$Server.processCall(ProtobufRpcEngine.java:465) [hadoop-common-3.3.4.jar:?]
	at org.apache.hadoop.ipc.ProtobufRpcEngine2$Server$ProtoBufRpcInvoker.call(ProtobufRpcEngine2.java:578) [hadoop-common-3.3.4.jar:?]
	at org.apache.hadoop.ipc.ProtobufRpcEngine2$Server$ProtoBufRpcInvoker.call(ProtobufRpcEngine2.java:556) [hadoop-common-3.3.4.jar:?]
	at org.apache.hadoop.ipc.RPC$Server.call(RPC.java:1093) [hadoop-common-3.3.4.jar:?]
	at org.apache.hadoop.ipc.Server$RpcCall.run(Server.java:1043) [hadoop-common-3.3.4.jar:?]
	at org.apache.hadoop.ipc.Server$RpcCall.run(Server.java:971) [hadoop-common-3.3.4.jar:?]
	at java.security.AccessController.doPrivileged(Native Method) ~[?:1.8.0_362]
	at javax.security.auth.Subject.doAs(Subject.java:422) [?:1.8.0_362]
	at org.apache.hadoop.security.UserGroupInformation.doAs(UserGroupInformation.java:1878) [hadoop-common-3.3.4.jar:?]
	at org.apache.hadoop.ipc.Server$Handler.run(Server.java:2976) [hadoop-common-3.3.4.jar:?]
16:34:13.018 [IPC Server handler 7 on default port 46781] ERROR OMAudit - user=runner | ip=127.0.0.1 | op=GET_FILE_STATUS {volume=volume76608, bucket=bucket25283, key=gdir1/dir7, dataSize=0, replicationConfig=null} | ret=FAILURE
org.apache.hadoop.ozone.om.exceptions.OMException: Unable to get file status: volume: volume76608 bucket: bucket25283 key: gdir1/dir7
	at org.apache.hadoop.ozone.om.KeyManagerImpl.getOzoneFileStatus(KeyManagerImpl.java:1162) ~[ozone-manager-1.4.0-SNAPSHOT.jar:?]
	at org.apache.hadoop.ozone.om.KeyManagerImpl.getFileStatus(KeyManagerImpl.java:1080) ~[ozone-manager-1.4.0-SNAPSHOT.jar:?]
	at org.apache.hadoop.ozone.om.OmMetadataReader.getFileStatus(OmMetadataReader.java:288) ~[ozone-manager-1.4.0-SNAPSHOT.jar:?]
	at org.apache.hadoop.ozone.om.OzoneManager.getFileStatus(OzoneManager.java:3450) ~[ozone-manager-1.4.0-SNAPSHOT.jar:?]
	at org.apache.hadoop.ozone.protocolPB.OzoneManagerRequestHandler.getOzoneFileStatus(OzoneManagerRequestHandler.java:933) ~[ozone-manager-1.4.0-SNAPSHOT.jar:?]
	at org.apache.hadoop.ozone.protocolPB.OzoneManagerRequestHandler.handleReadRequest(OzoneManagerRequestHandler.java:238) ~[ozone-manager-1.4.0-SNAPSHOT.jar:?]
	at org.apache.hadoop.ozone.protocolPB.OzoneManagerProtocolServerSideTranslatorPB.submitRequestDirectlyToOM(OzoneManagerProtocolServerSideTranslatorPB.java:271) ~[ozone-manager-1.4.0-SNAPSHOT.jar:?]
	at org.apache.hadoop.ozone.protocolPB.OzoneManagerProtocolServerSideTranslatorPB.processRequest(OzoneManagerProtocolServerSideTranslatorPB.java:173) ~[ozone-manager-1.4.0-SNAPSHOT.jar:?]
	at org.apache.hadoop.hdds.server.OzoneProtocolMessageDispatcher.processRequest(OzoneProtocolMessageDispatcher.java:87) [hdds-server-framework-1.4.0-SNAPSHOT.jar:?]
	at org.apache.hadoop.ozone.protocolPB.OzoneManagerProtocolServerSideTranslatorPB.submitRequest(OzoneManagerProtocolServerSideTranslatorPB.java:147) [ozone-manager-1.4.0-SNAPSHOT.jar:?]
	at org.apache.hadoop.ozone.protocol.proto.OzoneManagerProtocolProtos$OzoneManagerService$2.callBlockingMethod(OzoneManagerProtocolProtos.java) [ozone-interface-client-1.4.0-SNAPSHOT.jar:?]
	at org.apache.hadoop.ipc.ProtobufRpcEngine$Server.processCall(ProtobufRpcEngine.java:465) [hadoop-common-3.3.4.jar:?]
	at org.apache.hadoop.ipc.ProtobufRpcEngine2$Server$ProtoBufRpcInvoker.call(ProtobufRpcEngine2.java:578) [hadoop-common-3.3.4.jar:?]
	at org.apache.hadoop.ipc.ProtobufRpcEngine2$Server$ProtoBufRpcInvoker.call(ProtobufRpcEngine2.java:556) [hadoop-common-3.3.4.jar:?]
	at org.apache.hadoop.ipc.RPC$Server.call(RPC.java:1093) [hadoop-common-3.3.4.jar:?]
	at org.apache.hadoop.ipc.Server$RpcCall.run(Server.java:1043) [hadoop-common-3.3.4.jar:?]
	at org.apache.hadoop.ipc.Server$RpcCall.run(Server.java:971) [hadoop-common-3.3.4.jar:?]
	at java.security.AccessController.doPrivileged(Native Method) ~[?:1.8.0_362]
	at javax.security.auth.Subject.doAs(Subject.java:422) [?:1.8.0_362]
	at org.apache.hadoop.security.UserGroupInformation.doAs(UserGroupInformation.java:1878) [hadoop-common-3.3.4.jar:?]
	at org.apache.hadoop.ipc.Server$Handler.run(Server.java:2976) [hadoop-common-3.3.4.jar:?]
16:34:13.018 [IPC Server handler 8 on default port 46781] ERROR OMAudit - user=runner | ip=127.0.0.1 | op=GET_FILE_STATUS {volume=volume76608, bucket=bucket25283, key=gdir1/dir7/child, dataSize=0, replicationConfig=null} | ret=FAILURE
org.apache.hadoop.ozone.om.exceptions.OMException: Unable to get file status: volume: volume76608 bucket: bucket25283 key: gdir1/dir7/child
	at org.apache.hadoop.ozone.om.KeyManagerImpl.getOzoneFileStatus(KeyManagerImpl.java:1162) ~[ozone-manager-1.4.0-SNAPSHOT.jar:?]
	at org.apache.hadoop.ozone.om.KeyManagerImpl.getFileStatus(KeyManagerImpl.java:1080) ~[ozone-manager-1.4.0-SNAPSHOT.jar:?]
	at org.apache.hadoop.ozone.om.OmMetadataReader.getFileStatus(OmMetadataReader.java:288) ~[ozone-manager-1.4.0-SNAPSHOT.jar:?]
	at org.apache.hadoop.ozone.om.OzoneManager.getFileStatus(OzoneManager.java:3450) ~[ozone-manager-1.4.0-SNAPSHOT.jar:?]
	at org.apache.hadoop.ozone.protocolPB.OzoneManagerRequestHandler.getOzoneFileStatus(OzoneManagerRequestHandler.java:933) ~[ozone-manager-1.4.0-SNAPSHOT.jar:?]
	at org.apache.hadoop.ozone.protocolPB.OzoneManagerRequestHandler.handleReadRequest(OzoneManagerRequestHandler.java:238) ~[ozone-manager-1.4.0-SNAPSHOT.jar:?]
	at org.apache.hadoop.ozone.protocolPB.OzoneManagerProtocolServerSideTranslatorPB.submitRequestDirectlyToOM(OzoneManagerProtocolServerSideTranslatorPB.java:271) ~[ozone-manager-1.4.0-SNAPSHOT.jar:?]
	at org.apache.hadoop.ozone.protocolPB.OzoneManagerProtocolServerSideTranslatorPB.processRequest(OzoneManagerProtocolServerSideTranslatorPB.java:173) ~[ozone-manager-1.4.0-SNAPSHOT.jar:?]
	at org.apache.hadoop.hdds.server.OzoneProtocolMessageDispatcher.processRequest(OzoneProtocolMessageDispatcher.java:87) [hdds-server-framework-1.4.0-SNAPSHOT.jar:?]
	at org.apache.hadoop.ozone.protocolPB.OzoneManagerProtocolServerSideTranslatorPB.submitRequest(OzoneManagerProtocolServerSideTranslatorPB.java:147) [ozone-manager-1.4.0-SNAPSHOT.jar:?]
	at org.apache.hadoop.ozone.protocol.proto.OzoneManagerProtocolProtos$OzoneManagerService$2.callBlockingMethod(OzoneManagerProtocolProtos.java) [ozone-interface-client-1.4.0-SNAPSHOT.jar:?]
	at org.apache.hadoop.ipc.ProtobufRpcEngine$Server.processCall(ProtobufRpcEngine.java:465) [hadoop-common-3.3.4.jar:?]
	at org.apache.hadoop.ipc.ProtobufRpcEngine2$Server$ProtoBufRpcInvoker.call(ProtobufRpcEngine2.java:578) [hadoop-common-3.3.4.jar:?]
	at org.apache.hadoop.ipc.ProtobufRpcEngine2$Server$ProtoBufRpcInvoker.call(ProtobufRpcEngine2.java:556) [hadoop-common-3.3.4.jar:?]
	at org.apache.hadoop.ipc.RPC$Server.call(RPC.java:1093) [hadoop-common-3.3.4.jar:?]
	at org.apache.hadoop.ipc.Server$RpcCall.run(Server.java:1043) [hadoop-common-3.3.4.jar:?]
	at org.apache.hadoop.ipc.Server$RpcCall.run(Server.java:971) [hadoop-common-3.3.4.jar:?]
	at java.security.AccessController.doPrivileged(Native Method) ~[?:1.8.0_362]
	at javax.security.auth.Subject.doAs(Subject.java:422) [?:1.8.0_362]
	at org.apache.hadoop.security.UserGroupInformation.doAs(UserGroupInformation.java:1878) [hadoop-common-3.3.4.jar:?]
	at org.apache.hadoop.ipc.Server$Handler.run(Server.java:2976) [hadoop-common-3.3.4.jar:?]
16:34:13.019 [IPC Server handler 4 on default port 46781] ERROR OMAudit - user=runner | ip=127.0.0.1 | op=GET_FILE_STATUS {volume=volume76608, bucket=bucket25283, key=gdir1/dir8, dataSize=0, replicationConfig=null} | ret=FAILURE
org.apache.hadoop.ozone.om.exceptions.OMException: Unable to get file status: volume: volume76608 bucket: bucket25283 key: gdir1/dir8
	at org.apache.hadoop.ozone.om.KeyManagerImpl.getOzoneFileStatus(KeyManagerImpl.java:1162) ~[ozone-manager-1.4.0-SNAPSHOT.jar:?]
	at org.apache.hadoop.ozone.om.KeyManagerImpl.getFileStatus(KeyManagerImpl.java:1080) ~[ozone-manager-1.4.0-SNAPSHOT.jar:?]
	at org.apache.hadoop.ozone.om.OmMetadataReader.getFileStatus(OmMetadataReader.java:288) ~[ozone-manager-1.4.0-SNAPSHOT.jar:?]
	at org.apache.hadoop.ozone.om.OzoneManager.getFileStatus(OzoneManager.java:3450) ~[ozone-manager-1.4.0-SNAPSHOT.jar:?]
	at org.apache.hadoop.ozone.protocolPB.OzoneManagerRequestHandler.getOzoneFileStatus(OzoneManagerRequestHandler.java:933) ~[ozone-manager-1.4.0-SNAPSHOT.jar:?]
	at org.apache.hadoop.ozone.protocolPB.OzoneManagerRequestHandler.handleReadRequest(OzoneManagerRequestHandler.java:238) ~[ozone-manager-1.4.0-SNAPSHOT.jar:?]
	at org.apache.hadoop.ozone.protocolPB.OzoneManagerProtocolServerSideTranslatorPB.submitRequestDirectlyToOM(OzoneManagerProtocolServerSideTranslatorPB.java:271) ~[ozone-manager-1.4.0-SNAPSHOT.jar:?]
	at org.apache.hadoop.ozone.protocolPB.OzoneManagerProtocolServerSideTranslatorPB.processRequest(OzoneManagerProtocolServerSideTranslatorPB.java:173) ~[ozone-manager-1.4.0-SNAPSHOT.jar:?]
	at org.apache.hadoop.hdds.server.OzoneProtocolMessageDispatcher.processRequest(OzoneProtocolMessageDispatcher.java:87) [hdds-server-framework-1.4.0-SNAPSHOT.jar:?]
	at org.apache.hadoop.ozone.protocolPB.OzoneManagerProtocolServerSideTranslatorPB.submitRequest(OzoneManagerProtocolServerSideTranslatorPB.java:147) [ozone-manager-1.4.0-SNAPSHOT.jar:?]
	at org.apache.hadoop.ozone.protocol.proto.OzoneManagerProtocolProtos$OzoneManagerService$2.callBlockingMethod(OzoneManagerProtocolProtos.java) [ozone-interface-client-1.4.0-SNAPSHOT.jar:?]
	at org.apache.hadoop.ipc.ProtobufRpcEngine$Server.processCall(ProtobufRpcEngine.java:465) [hadoop-common-3.3.4.jar:?]
	at org.apache.hadoop.ipc.ProtobufRpcEngine2$Server$ProtoBufRpcInvoker.call(ProtobufRpcEngine2.java:578) [hadoop-common-3.3.4.jar:?]
	at org.apache.hadoop.ipc.ProtobufRpcEngine2$Server$ProtoBufRpcInvoker.call(ProtobufRpcEngine2.java:556) [hadoop-common-3.3.4.jar:?]
	at org.apache.hadoop.ipc.RPC$Server.call(RPC.java:1093) [hadoop-common-3.3.4.jar:?]
	at org.apache.hadoop.ipc.Server$RpcCall.run(Server.java:1043) [hadoop-common-3.3.4.jar:?]
	at org.apache.hadoop.ipc.Server$RpcCall.run(Server.java:971) [hadoop-common-3.3.4.jar:?]
	at java.security.AccessController.doPrivileged(Native Method) ~[?:1.8.0_362]
	at javax.security.auth.Subject.doAs(Subject.java:422) [?:1.8.0_362]
	at org.apache.hadoop.security.UserGroupInformation.doAs(UserGroupInformation.java:1878) [hadoop-common-3.3.4.jar:?]
	at org.apache.hadoop.ipc.Server$Handler.run(Server.java:2976) [hadoop-common-3.3.4.jar:?]
16:34:13.019 [IPC Server handler 5 on default port 46781] ERROR OMAudit - user=runner | ip=127.0.0.1 | op=GET_FILE_STATUS {volume=volume76608, bucket=bucket25283, key=gdir1/dir8/child, dataSize=0, replicationConfig=null} | ret=FAILURE
org.apache.hadoop.ozone.om.exceptions.OMException: Unable to get file status: volume: volume76608 bucket: bucket25283 key: gdir1/dir8/child
	at org.apache.hadoop.ozone.om.KeyManagerImpl.getOzoneFileStatus(KeyManagerImpl.java:1162) ~[ozone-manager-1.4.0-SNAPSHOT.jar:?]
	at org.apache.hadoop.ozone.om.KeyManagerImpl.getFileStatus(KeyManagerImpl.java:1080) ~[ozone-manager-1.4.0-SNAPSHOT.jar:?]
	at org.apache.hadoop.ozone.om.OmMetadataReader.getFileStatus(OmMetadataReader.java:288) ~[ozone-manager-1.4.0-SNAPSHOT.jar:?]
	at org.apache.hadoop.ozone.om.OzoneManager.getFileStatus(OzoneManager.java:3450) ~[ozone-manager-1.4.0-SNAPSHOT.jar:?]
	at org.apache.hadoop.ozone.protocolPB.OzoneManagerRequestHandler.getOzoneFileStatus(OzoneManagerRequestHandler.java:933) ~[ozone-manager-1.4.0-SNAPSHOT.jar:?]
	at org.apache.hadoop.ozone.protocolPB.OzoneManagerRequestHandler.handleReadRequest(OzoneManagerRequestHandler.java:238) ~[ozone-manager-1.4.0-SNAPSHOT.jar:?]
	at org.apache.hadoop.ozone.protocolPB.OzoneManagerProtocolServerSideTranslatorPB.submitRequestDirectlyToOM(OzoneManagerProtocolServerSideTranslatorPB.java:271) ~[ozone-manager-1.4.0-SNAPSHOT.jar:?]
	at org.apache.hadoop.ozone.protocolPB.OzoneManagerProtocolServerSideTranslatorPB.processRequest(OzoneManagerProtocolServerSideTranslatorPB.java:173) ~[ozone-manager-1.4.0-SNAPSHOT.jar:?]
	at org.apache.hadoop.hdds.server.OzoneProtocolMessageDispatcher.processRequest(OzoneProtocolMessageDispatcher.java:87) [hdds-server-framework-1.4.0-SNAPSHOT.jar:?]
	at org.apache.hadoop.ozone.protocolPB.OzoneManagerProtocolServerSideTranslatorPB.submitRequest(OzoneManagerProtocolServerSideTranslatorPB.java:147) [ozone-manager-1.4.0-SNAPSHOT.jar:?]
	at org.apache.hadoop.ozone.protocol.proto.OzoneManagerProtocolProtos$OzoneManagerService$2.callBlockingMethod(OzoneManagerProtocolProtos.java) [ozone-interface-client-1.4.0-SNAPSHOT.jar:?]
	at org.apache.hadoop.ipc.ProtobufRpcEngine$Server.processCall(ProtobufRpcEngine.java:465) [hadoop-common-3.3.4.jar:?]
	at org.apache.hadoop.ipc.ProtobufRpcEngine2$Server$ProtoBufRpcInvoker.call(ProtobufRpcEngine2.java:578) [hadoop-common-3.3.4.jar:?]
	at org.apache.hadoop.ipc.ProtobufRpcEngine2$Server$ProtoBufRpcInvoker.call(ProtobufRpcEngine2.java:556) [hadoop-common-3.3.4.jar:?]
	at org.apache.hadoop.ipc.RPC$Server.call(RPC.java:1093) [hadoop-common-3.3.4.jar:?]
	at org.apache.hadoop.ipc.Server$RpcCall.run(Server.java:1043) [hadoop-common-3.3.4.jar:?]
	at org.apache.hadoop.ipc.Server$RpcCall.run(Server.java:971) [hadoop-common-3.3.4.jar:?]
	at java.security.AccessController.doPrivileged(Native Method) ~[?:1.8.0_362]
	at javax.security.auth.Subject.doAs(Subject.java:422) [?:1.8.0_362]
	at org.apache.hadoop.security.UserGroupInformation.doAs(UserGroupInformation.java:1878) [hadoop-common-3.3.4.jar:?]
	at org.apache.hadoop.ipc.Server$Handler.run(Server.java:2976) [hadoop-common-3.3.4.jar:?]
16:34:13.020 [IPC Server handler 3 on default port 46781] ERROR OMAudit - user=runner | ip=127.0.0.1 | op=GET_FILE_STATUS {volume=volume76608, bucket=bucket25283, key=gdir1/dir9, dataSize=0, replicationConfig=null} | ret=FAILURE
org.apache.hadoop.ozone.om.exceptions.OMException: Unable to get file status: volume: volume76608 bucket: bucket25283 key: gdir1/dir9
	at org.apache.hadoop.ozone.om.KeyManagerImpl.getOzoneFileStatus(KeyManagerImpl.java:1162) ~[ozone-manager-1.4.0-SNAPSHOT.jar:?]
	at org.apache.hadoop.ozone.om.KeyManagerImpl.getFileStatus(KeyManagerImpl.java:1080) ~[ozone-manager-1.4.0-SNAPSHOT.jar:?]
	at org.apache.hadoop.ozone.om.OmMetadataReader.getFileStatus(OmMetadataReader.java:288) ~[ozone-manager-1.4.0-SNAPSHOT.jar:?]
	at org.apache.hadoop.ozone.om.OzoneManager.getFileStatus(OzoneManager.java:3450) ~[ozone-manager-1.4.0-SNAPSHOT.jar:?]
	at org.apache.hadoop.ozone.protocolPB.OzoneManagerRequestHandler.getOzoneFileStatus(OzoneManagerRequestHandler.java:933) ~[ozone-manager-1.4.0-SNAPSHOT.jar:?]
	at org.apache.hadoop.ozone.protocolPB.OzoneManagerRequestHandler.handleReadRequest(OzoneManagerRequestHandler.java:238) ~[ozone-manager-1.4.0-SNAPSHOT.jar:?]
	at org.apache.hadoop.ozone.protocolPB.OzoneManagerProtocolServerSideTranslatorPB.submitRequestDirectlyToOM(OzoneManagerProtocolServerSideTranslatorPB.java:271) ~[ozone-manager-1.4.0-SNAPSHOT.jar:?]
	at org.apache.hadoop.ozone.protocolPB.OzoneManagerProtocolServerSideTranslatorPB.processRequest(OzoneManagerProtocolServerSideTranslatorPB.java:173) ~[ozone-manager-1.4.0-SNAPSHOT.jar:?]
	at org.apache.hadoop.hdds.server.OzoneProtocolMessageDispatcher.processRequest(OzoneProtocolMessageDispatcher.java:87) [hdds-server-framework-1.4.0-SNAPSHOT.jar:?]
	at org.apache.hadoop.ozone.protocolPB.OzoneManagerProtocolServerSideTranslatorPB.submitRequest(OzoneManagerProtocolServerSideTranslatorPB.java:147) [ozone-manager-1.4.0-SNAPSHOT.jar:?]
	at org.apache.hadoop.ozone.protocol.proto.OzoneManagerProtocolProtos$OzoneManagerService$2.callBlockingMethod(OzoneManagerProtocolProtos.java) [ozone-interface-client-1.4.0-SNAPSHOT.jar:?]
	at org.apache.hadoop.ipc.ProtobufRpcEngine$Server.processCall(ProtobufRpcEngine.java:465) [hadoop-common-3.3.4.jar:?]
	at org.apache.hadoop.ipc.ProtobufRpcEngine2$Server$ProtoBufRpcInvoker.call(ProtobufRpcEngine2.java:578) [hadoop-common-3.3.4.jar:?]
	at org.apache.hadoop.ipc.ProtobufRpcEngine2$Server$ProtoBufRpcInvoker.call(ProtobufRpcEngine2.java:556) [hadoop-common-3.3.4.jar:?]
	at org.apache.hadoop.ipc.RPC$Server.call(RPC.java:1093) [hadoop-common-3.3.4.jar:?]
	at org.apache.hadoop.ipc.Server$RpcCall.run(Server.java:1043) [hadoop-common-3.3.4.jar:?]
	at org.apache.hadoop.ipc.Server$RpcCall.run(Server.java:971) [hadoop-common-3.3.4.jar:?]
	at java.security.AccessController.doPrivileged(Native Method) ~[?:1.8.0_362]
	at javax.security.auth.Subject.doAs(Subject.java:422) [?:1.8.0_362]
	at org.apache.hadoop.security.UserGroupInformation.doAs(UserGroupInformation.java:1878) [hadoop-common-3.3.4.jar:?]
	at org.apache.hadoop.ipc.Server$Handler.run(Server.java:2976) [hadoop-common-3.3.4.jar:?]
16:34:13.020 [IPC Server handler 2 on default port 46781] ERROR OMAudit - user=runner | ip=127.0.0.1 | op=GET_FILE_STATUS {volume=volume76608, bucket=bucket25283, key=gdir1/dir9/child, dataSize=0, replicationConfig=null} | ret=FAILURE
org.apache.hadoop.ozone.om.exceptions.OMException: Unable to get file status: volume: volume76608 bucket: bucket25283 key: gdir1/dir9/child
	at org.apache.hadoop.ozone.om.KeyManagerImpl.getOzoneFileStatus(KeyManagerImpl.java:1162) ~[ozone-manager-1.4.0-SNAPSHOT.jar:?]
	at org.apache.hadoop.ozone.om.KeyManagerImpl.getFileStatus(KeyManagerImpl.java:1080) ~[ozone-manager-1.4.0-SNAPSHOT.jar:?]
	at org.apache.hadoop.ozone.om.OmMetadataReader.getFileStatus(OmMetadataReader.java:288) ~[ozone-manager-1.4.0-SNAPSHOT.jar:?]
	at org.apache.hadoop.ozone.om.OzoneManager.getFileStatus(OzoneManager.java:3450) ~[ozone-manager-1.4.0-SNAPSHOT.jar:?]
	at org.apache.hadoop.ozone.protocolPB.OzoneManagerRequestHandler.getOzoneFileStatus(OzoneManagerRequestHandler.java:933) ~[ozone-manager-1.4.0-SNAPSHOT.jar:?]
	at org.apache.hadoop.ozone.protocolPB.OzoneManagerRequestHandler.handleReadRequest(OzoneManagerRequestHandler.java:238) ~[ozone-manager-1.4.0-SNAPSHOT.jar:?]
	at org.apache.hadoop.ozone.protocolPB.OzoneManagerProtocolServerSideTranslatorPB.submitRequestDirectlyToOM(OzoneManagerProtocolServerSideTranslatorPB.java:271) ~[ozone-manager-1.4.0-SNAPSHOT.jar:?]
	at org.apache.hadoop.ozone.protocolPB.OzoneManagerProtocolServerSideTranslatorPB.processRequest(OzoneManagerProtocolServerSideTranslatorPB.java:173) ~[ozone-manager-1.4.0-SNAPSHOT.jar:?]
	at org.apache.hadoop.hdds.server.OzoneProtocolMessageDispatcher.processRequest(OzoneProtocolMessageDispatcher.java:87) [hdds-server-framework-1.4.0-SNAPSHOT.jar:?]
	at org.apache.hadoop.ozone.protocolPB.OzoneManagerProtocolServerSideTranslatorPB.submitRequest(OzoneManagerProtocolServerSideTranslatorPB.java:147) [ozone-manager-1.4.0-SNAPSHOT.jar:?]
	at org.apache.hadoop.ozone.protocol.proto.OzoneManagerProtocolProtos$OzoneManagerService$2.callBlockingMethod(OzoneManagerProtocolProtos.java) [ozone-interface-client-1.4.0-SNAPSHOT.jar:?]
	at org.apache.hadoop.ipc.ProtobufRpcEngine$Server.processCall(ProtobufRpcEngine.java:465) [hadoop-common-3.3.4.jar:?]
	at org.apache.hadoop.ipc.ProtobufRpcEngine2$Server$ProtoBufRpcInvoker.call(ProtobufRpcEngine2.java:578) [hadoop-common-3.3.4.jar:?]
	at org.apache.hadoop.ipc.ProtobufRpcEngine2$Server$ProtoBufRpcInvoker.call(ProtobufRpcEngine2.java:556) [hadoop-common-3.3.4.jar:?]
	at org.apache.hadoop.ipc.RPC$Server.call(RPC.java:1093) [hadoop-common-3.3.4.jar:?]
	at org.apache.hadoop.ipc.Server$RpcCall.run(Server.java:1043) [hadoop-common-3.3.4.jar:?]
	at org.apache.hadoop.ipc.Server$RpcCall.run(Server.java:971) [hadoop-common-3.3.4.jar:?]
	at java.security.AccessController.doPrivileged(Native Method) ~[?:1.8.0_362]
	at javax.security.auth.Subject.doAs(Subject.java:422) [?:1.8.0_362]
	at org.apache.hadoop.security.UserGroupInformation.doAs(UserGroupInformation.java:1878) [hadoop-common-3.3.4.jar:?]
	at org.apache.hadoop.ipc.Server$Handler.run(Server.java:2976) [hadoop-common-3.3.4.jar:?]
16:34:13.021 [IPC Server handler 1 on default port 46781] ERROR OMAudit - user=runner | ip=127.0.0.1 | op=GET_FILE_STATUS {volume=volume76608, bucket=bucket25283, key=gdir1/dir10, dataSize=0, replicationConfig=null} | ret=FAILURE
org.apache.hadoop.ozone.om.exceptions.OMException: Unable to get file status: volume: volume76608 bucket: bucket25283 key: gdir1/dir10
	at org.apache.hadoop.ozone.om.KeyManagerImpl.getOzoneFileStatus(KeyManagerImpl.java:1162) ~[ozone-manager-1.4.0-SNAPSHOT.jar:?]
	at org.apache.hadoop.ozone.om.KeyManagerImpl.getFileStatus(KeyManagerImpl.java:1080) ~[ozone-manager-1.4.0-SNAPSHOT.jar:?]
	at org.apache.hadoop.ozone.om.OmMetadataReader.getFileStatus(OmMetadataReader.java:288) ~[ozone-manager-1.4.0-SNAPSHOT.jar:?]
	at org.apache.hadoop.ozone.om.OzoneManager.getFileStatus(OzoneManager.java:3450) ~[ozone-manager-1.4.0-SNAPSHOT.jar:?]
	at org.apache.hadoop.ozone.protocolPB.OzoneManagerRequestHandler.getOzoneFileStatus(OzoneManagerRequestHandler.java:933) ~[ozone-manager-1.4.0-SNAPSHOT.jar:?]
	at org.apache.hadoop.ozone.protocolPB.OzoneManagerRequestHandler.handleReadRequest(OzoneManagerRequestHandler.java:238) ~[ozone-manager-1.4.0-SNAPSHOT.jar:?]
	at org.apache.hadoop.ozone.protocolPB.OzoneManagerProtocolServerSideTranslatorPB.submitRequestDirectlyToOM(OzoneManagerProtocolServerSideTranslatorPB.java:271) ~[ozone-manager-1.4.0-SNAPSHOT.jar:?]
	at org.apache.hadoop.ozone.protocolPB.OzoneManagerProtocolServerSideTranslatorPB.processRequest(OzoneManagerProtocolServerSideTranslatorPB.java:173) ~[ozone-manager-1.4.0-SNAPSHOT.jar:?]
	at org.apache.hadoop.hdds.server.OzoneProtocolMessageDispatcher.processRequest(OzoneProtocolMessageDispatcher.java:87) [hdds-server-framework-1.4.0-SNAPSHOT.jar:?]
	at org.apache.hadoop.ozone.protocolPB.OzoneManagerProtocolServerSideTranslatorPB.submitRequest(OzoneManagerProtocolServerSideTranslatorPB.java:147) [ozone-manager-1.4.0-SNAPSHOT.jar:?]
	at org.apache.hadoop.ozone.protocol.proto.OzoneManagerProtocolProtos$OzoneManagerService$2.callBlockingMethod(OzoneManagerProtocolProtos.java) [ozone-interface-client-1.4.0-SNAPSHOT.jar:?]
	at org.apache.hadoop.ipc.ProtobufRpcEngine$Server.processCall(ProtobufRpcEngine.java:465) [hadoop-common-3.3.4.jar:?]
	at org.apache.hadoop.ipc.ProtobufRpcEngine2$Server$ProtoBufRpcInvoker.call(ProtobufRpcEngine2.java:578) [hadoop-common-3.3.4.jar:?]
	at org.apache.hadoop.ipc.ProtobufRpcEngine2$Server$ProtoBufRpcInvoker.call(ProtobufRpcEngine2.java:556) [hadoop-common-3.3.4.jar:?]
	at org.apache.hadoop.ipc.RPC$Server.call(RPC.java:1093) [hadoop-common-3.3.4.jar:?]
	at org.apache.hadoop.ipc.Server$RpcCall.run(Server.java:1043) [hadoop-common-3.3.4.jar:?]
	at org.apache.hadoop.ipc.Server$RpcCall.run(Server.java:971) [hadoop-common-3.3.4.jar:?]
	at java.security.AccessController.doPrivileged(Native Method) ~[?:1.8.0_362]
	at javax.security.auth.Subject.doAs(Subject.java:422) [?:1.8.0_362]
	at org.apache.hadoop.security.UserGroupInformation.doAs(UserGroupInformation.java:1878) [hadoop-common-3.3.4.jar:?]
	at org.apache.hadoop.ipc.Server$Handler.run(Server.java:2976) [hadoop-common-3.3.4.jar:?]
16:34:13.022 [IPC Server handler 0 on default port 46781] ERROR OMAudit - user=runner | ip=127.0.0.1 | op=GET_FILE_STATUS {volume=volume76608, bucket=bucket25283, key=gdir1/dir10/child, dataSize=0, replicationConfig=null} | ret=FAILURE
org.apache.hadoop.ozone.om.exceptions.OMException: Unable to get file status: volume: volume76608 bucket: bucket25283 key: gdir1/dir10/child
	at org.apache.hadoop.ozone.om.KeyManagerImpl.getOzoneFileStatus(KeyManagerImpl.java:1162) ~[ozone-manager-1.4.0-SNAPSHOT.jar:?]
	at org.apache.hadoop.ozone.om.KeyManagerImpl.getFileStatus(KeyManagerImpl.java:1080) ~[ozone-manager-1.4.0-SNAPSHOT.jar:?]
	at org.apache.hadoop.ozone.om.OmMetadataReader.getFileStatus(OmMetadataReader.java:288) ~[ozone-manager-1.4.0-SNAPSHOT.jar:?]
	at org.apache.hadoop.ozone.om.OzoneManager.getFileStatus(OzoneManager.java:3450) ~[ozone-manager-1.4.0-SNAPSHOT.jar:?]
	at org.apache.hadoop.ozone.protocolPB.OzoneManagerRequestHandler.getOzoneFileStatus(OzoneManagerRequestHandler.java:933) ~[ozone-manager-1.4.0-SNAPSHOT.jar:?]
	at org.apache.hadoop.ozone.protocolPB.OzoneManagerRequestHandler.handleReadRequest(OzoneManagerRequestHandler.java:238) ~[ozone-manager-1.4.0-SNAPSHOT.jar:?]
	at org.apache.hadoop.ozone.protocolPB.OzoneManagerProtocolServerSideTranslatorPB.submitRequestDirectlyToOM(OzoneManagerProtocolServerSideTranslatorPB.java:271) ~[ozone-manager-1.4.0-SNAPSHOT.jar:?]
	at org.apache.hadoop.ozone.protocolPB.OzoneManagerProtocolServerSideTranslatorPB.processRequest(OzoneManagerProtocolServerSideTranslatorPB.java:173) ~[ozone-manager-1.4.0-SNAPSHOT.jar:?]
	at org.apache.hadoop.hdds.server.OzoneProtocolMessageDispatcher.processRequest(OzoneProtocolMessageDispatcher.java:87) [hdds-server-framework-1.4.0-SNAPSHOT.jar:?]
	at org.apache.hadoop.ozone.protocolPB.OzoneManagerProtocolServerSideTranslatorPB.submitRequest(OzoneManagerProtocolServerSideTranslatorPB.java:147) [ozone-manager-1.4.0-SNAPSHOT.jar:?]
	at org.apache.hadoop.ozone.protocol.proto.OzoneManagerProtocolProtos$OzoneManagerService$2.callBlockingMethod(OzoneManagerProtocolProtos.java) [ozone-interface-client-1.4.0-SNAPSHOT.jar:?]
	at org.apache.hadoop.ipc.ProtobufRpcEngine$Server.processCall(ProtobufRpcEngine.java:465) [hadoop-common-3.3.4.jar:?]
	at org.apache.hadoop.ipc.ProtobufRpcEngine2$Server$ProtoBufRpcInvoker.call(ProtobufRpcEngine2.java:578) [hadoop-common-3.3.4.jar:?]
	at org.apache.hadoop.ipc.ProtobufRpcEngine2$Server$ProtoBufRpcInvoker.call(ProtobufRpcEngine2.java:556) [hadoop-common-3.3.4.jar:?]
	at org.apache.hadoop.ipc.RPC$Server.call(RPC.java:1093) [hadoop-common-3.3.4.jar:?]
	at org.apache.hadoop.ipc.Server$RpcCall.run(Server.java:1043) [hadoop-common-3.3.4.jar:?]
	at org.apache.hadoop.ipc.Server$RpcCall.run(Server.java:971) [hadoop-common-3.3.4.jar:?]
	at java.security.AccessController.doPrivileged(Native Method) ~[?:1.8.0_362]
	at javax.security.auth.Subject.doAs(Subject.java:422) [?:1.8.0_362]
	at org.apache.hadoop.security.UserGroupInformation.doAs(UserGroupInformation.java:1878) [hadoop-common-3.3.4.jar:?]
	at org.apache.hadoop.ipc.Server$Handler.run(Server.java:2976) [hadoop-common-3.3.4.jar:?]
2023-02-16 16:34:13,025 [IPC Server handler 19 on default port 46781] INFO  key.OMKeyRequest (OMKeyRequest.java:wrapUncommittedBlocksAsPseudoKey(837)) - Detect allocated but uncommitted blocks [{blockID={containerID=2, localID=111677748019200024}, length=4194304, offset=0, token=null, pipeline=null, createVersion=0, partNumber=0}] in key level0/level1/file1.
2023-02-16 16:34:13,028 [IPC Server handler 17 on default port 46781] INFO  key.OMKeyRequest (OMKeyRequest.java:wrapUncommittedBlocksAsPseudoKey(837)) - Detect allocated but uncommitted blocks [{blockID={containerID=3, localID=111677748019200025}, length=4194304, offset=0, token=null, pipeline=null, createVersion=0, partNumber=0}] in key level0/level1/level1/file1.
2023-02-16 16:34:13,031 [IPC Server handler 13 on default port 46781] INFO  key.OMKeyRequest (OMKeyRequest.java:wrapUncommittedBlocksAsPseudoKey(837)) - Detect allocated but uncommitted blocks [{blockID={containerID=4, localID=111677748019200026}, length=4194304, offset=0, token=null, pipeline=null, createVersion=0, partNumber=0}] in key level0/level2/file1.
2023-02-16 16:34:13,034 [IPC Server handler 15 on default port 46781] INFO  key.OMKeyRequest (OMKeyRequest.java:wrapUncommittedBlocksAsPseudoKey(837)) - Detect allocated but uncommitted blocks [{blockID={containerID=3, localID=111677748019200027}, length=4194304, offset=0, token=null, pipeline=null, createVersion=0, partNumber=0}] in key level0/level2/level2/file1.
2023-02-16 16:34:13,037 [IPC Server handler 12 on default port 46781] INFO  key.OMKeyRequest (OMKeyRequest.java:wrapUncommittedBlocksAsPseudoKey(837)) - Detect allocated but uncommitted blocks [{blockID={containerID=1, localID=111677748019200028}, length=4194304, offset=0, token=null, pipeline=null, createVersion=0, partNumber=0}] in key level0/level3/file1.
2023-02-16 16:34:13,040 [IPC Server handler 9 on default port 46781] INFO  key.OMKeyRequest (OMKeyRequest.java:wrapUncommittedBlocksAsPseudoKey(837)) - Detect allocated but uncommitted blocks [{blockID={containerID=2, localID=111677748019200029}, length=4194304, offset=0, token=null, pipeline=null, createVersion=0, partNumber=0}] in key level0/level3/level3/file1.
16:34:13.056 [IPC Server handler 8 on default port 46781] ERROR OMAudit - user=runner | ip=127.0.0.1 | op=GET_FILE_STATUS {volume=volume76608, bucket=bucket25283, key=level0, dataSize=0, replicationConfig=null} | ret=FAILURE
org.apache.hadoop.ozone.om.exceptions.OMException: Unable to get file status: volume: volume76608 bucket: bucket25283 key: level0
	at org.apache.hadoop.ozone.om.KeyManagerImpl.getOzoneFileStatus(KeyManagerImpl.java:1162) ~[ozone-manager-1.4.0-SNAPSHOT.jar:?]
	at org.apache.hadoop.ozone.om.KeyManagerImpl.getFileStatus(KeyManagerImpl.java:1080) ~[ozone-manager-1.4.0-SNAPSHOT.jar:?]
	at org.apache.hadoop.ozone.om.OmMetadataReader.getFileStatus(OmMetadataReader.java:288) ~[ozone-manager-1.4.0-SNAPSHOT.jar:?]
	at org.apache.hadoop.ozone.om.OzoneManager.getFileStatus(OzoneManager.java:3450) ~[ozone-manager-1.4.0-SNAPSHOT.jar:?]
	at org.apache.hadoop.ozone.protocolPB.OzoneManagerRequestHandler.getOzoneFileStatus(OzoneManagerRequestHandler.java:933) ~[ozone-manager-1.4.0-SNAPSHOT.jar:?]
	at org.apache.hadoop.ozone.protocolPB.OzoneManagerRequestHandler.handleReadRequest(OzoneManagerRequestHandler.java:238) ~[ozone-manager-1.4.0-SNAPSHOT.jar:?]
	at org.apache.hadoop.ozone.protocolPB.OzoneManagerProtocolServerSideTranslatorPB.submitRequestDirectlyToOM(OzoneManagerProtocolServerSideTranslatorPB.java:271) ~[ozone-manager-1.4.0-SNAPSHOT.jar:?]
	at org.apache.hadoop.ozone.protocolPB.OzoneManagerProtocolServerSideTranslatorPB.processRequest(OzoneManagerProtocolServerSideTranslatorPB.java:173) ~[ozone-manager-1.4.0-SNAPSHOT.jar:?]
	at org.apache.hadoop.hdds.server.OzoneProtocolMessageDispatcher.processRequest(OzoneProtocolMessageDispatcher.java:87) [hdds-server-framework-1.4.0-SNAPSHOT.jar:?]
	at org.apache.hadoop.ozone.protocolPB.OzoneManagerProtocolServerSideTranslatorPB.submitRequest(OzoneManagerProtocolServerSideTranslatorPB.java:147) [ozone-manager-1.4.0-SNAPSHOT.jar:?]
	at org.apache.hadoop.ozone.protocol.proto.OzoneManagerProtocolProtos$OzoneManagerService$2.callBlockingMethod(OzoneManagerProtocolProtos.java) [ozone-interface-client-1.4.0-SNAPSHOT.jar:?]
	at org.apache.hadoop.ipc.ProtobufRpcEngine$Server.processCall(ProtobufRpcEngine.java:465) [hadoop-common-3.3.4.jar:?]
	at org.apache.hadoop.ipc.ProtobufRpcEngine2$Server$ProtoBufRpcInvoker.call(ProtobufRpcEngine2.java:578) [hadoop-common-3.3.4.jar:?]
	at org.apache.hadoop.ipc.ProtobufRpcEngine2$Server$ProtoBufRpcInvoker.call(ProtobufRpcEngine2.java:556) [hadoop-common-3.3.4.jar:?]
	at org.apache.hadoop.ipc.RPC$Server.call(RPC.java:1093) [hadoop-common-3.3.4.jar:?]
	at org.apache.hadoop.ipc.Server$RpcCall.run(Server.java:1043) [hadoop-common-3.3.4.jar:?]
	at org.apache.hadoop.ipc.Server$RpcCall.run(Server.java:971) [hadoop-common-3.3.4.jar:?]
	at java.security.AccessController.doPrivileged(Native Method) ~[?:1.8.0_362]
	at javax.security.auth.Subject.doAs(Subject.java:422) [?:1.8.0_362]
	at org.apache.hadoop.security.UserGroupInformation.doAs(UserGroupInformation.java:1878) [hadoop-common-3.3.4.jar:?]
	at org.apache.hadoop.ipc.Server$Handler.run(Server.java:2976) [hadoop-common-3.3.4.jar:?]
16:34:13.056 [IPC Server handler 4 on default port 46781] ERROR OMAudit - user=runner | ip=127.0.0.1 | op=GET_FILE_STATUS {volume=volume76608, bucket=bucket25283, key=level0/level1, dataSize=0, replicationConfig=null} | ret=FAILURE
org.apache.hadoop.ozone.om.exceptions.OMException: Unable to get file status: volume: volume76608 bucket: bucket25283 key: level0/level1
	at org.apache.hadoop.ozone.om.KeyManagerImpl.getOzoneFileStatus(KeyManagerImpl.java:1162) ~[ozone-manager-1.4.0-SNAPSHOT.jar:?]
	at org.apache.hadoop.ozone.om.KeyManagerImpl.getFileStatus(KeyManagerImpl.java:1080) ~[ozone-manager-1.4.0-SNAPSHOT.jar:?]
	at org.apache.hadoop.ozone.om.OmMetadataReader.getFileStatus(OmMetadataReader.java:288) ~[ozone-manager-1.4.0-SNAPSHOT.jar:?]
	at org.apache.hadoop.ozone.om.OzoneManager.getFileStatus(OzoneManager.java:3450) ~[ozone-manager-1.4.0-SNAPSHOT.jar:?]
	at org.apache.hadoop.ozone.protocolPB.OzoneManagerRequestHandler.getOzoneFileStatus(OzoneManagerRequestHandler.java:933) ~[ozone-manager-1.4.0-SNAPSHOT.jar:?]
	at org.apache.hadoop.ozone.protocolPB.OzoneManagerRequestHandler.handleReadRequest(OzoneManagerRequestHandler.java:238) ~[ozone-manager-1.4.0-SNAPSHOT.jar:?]
	at org.apache.hadoop.ozone.protocolPB.OzoneManagerProtocolServerSideTranslatorPB.submitRequestDirectlyToOM(OzoneManagerProtocolServerSideTranslatorPB.java:271) ~[ozone-manager-1.4.0-SNAPSHOT.jar:?]
	at org.apache.hadoop.ozone.protocolPB.OzoneManagerProtocolServerSideTranslatorPB.processRequest(OzoneManagerProtocolServerSideTranslatorPB.java:173) ~[ozone-manager-1.4.0-SNAPSHOT.jar:?]
	at org.apache.hadoop.hdds.server.OzoneProtocolMessageDispatcher.processRequest(OzoneProtocolMessageDispatcher.java:87) [hdds-server-framework-1.4.0-SNAPSHOT.jar:?]
	at org.apache.hadoop.ozone.protocolPB.OzoneManagerProtocolServerSideTranslatorPB.submitRequest(OzoneManagerProtocolServerSideTranslatorPB.java:147) [ozone-manager-1.4.0-SNAPSHOT.jar:?]
	at org.apache.hadoop.ozone.protocol.proto.OzoneManagerProtocolProtos$OzoneManagerService$2.callBlockingMethod(OzoneManagerProtocolProtos.java) [ozone-interface-client-1.4.0-SNAPSHOT.jar:?]
	at org.apache.hadoop.ipc.ProtobufRpcEngine$Server.processCall(ProtobufRpcEngine.java:465) [hadoop-common-3.3.4.jar:?]
	at org.apache.hadoop.ipc.ProtobufRpcEngine2$Server$ProtoBufRpcInvoker.call(ProtobufRpcEngine2.java:578) [hadoop-common-3.3.4.jar:?]
	at org.apache.hadoop.ipc.ProtobufRpcEngine2$Server$ProtoBufRpcInvoker.call(ProtobufRpcEngine2.java:556) [hadoop-common-3.3.4.jar:?]
	at org.apache.hadoop.ipc.RPC$Server.call(RPC.java:1093) [hadoop-common-3.3.4.jar:?]
	at org.apache.hadoop.ipc.Server$RpcCall.run(Server.java:1043) [hadoop-common-3.3.4.jar:?]
	at org.apache.hadoop.ipc.Server$RpcCall.run(Server.java:971) [hadoop-common-3.3.4.jar:?]
	at java.security.AccessController.doPrivileged(Native Method) ~[?:1.8.0_362]
	at javax.security.auth.Subject.doAs(Subject.java:422) [?:1.8.0_362]
	at org.apache.hadoop.security.UserGroupInformation.doAs(UserGroupInformation.java:1878) [hadoop-common-3.3.4.jar:?]
	at org.apache.hadoop.ipc.Server$Handler.run(Server.java:2976) [hadoop-common-3.3.4.jar:?]
16:34:13.057 [IPC Server handler 5 on default port 46781] ERROR OMAudit - user=runner | ip=127.0.0.1 | op=GET_FILE_STATUS {volume=volume76608, bucket=bucket25283, key=level0/level1/level1, dataSize=0, replicationConfig=null} | ret=FAILURE
org.apache.hadoop.ozone.om.exceptions.OMException: Unable to get file status: volume: volume76608 bucket: bucket25283 key: level0/level1/level1
	at org.apache.hadoop.ozone.om.KeyManagerImpl.getOzoneFileStatus(KeyManagerImpl.java:1162) ~[ozone-manager-1.4.0-SNAPSHOT.jar:?]
	at org.apache.hadoop.ozone.om.KeyManagerImpl.getFileStatus(KeyManagerImpl.java:1080) ~[ozone-manager-1.4.0-SNAPSHOT.jar:?]
	at org.apache.hadoop.ozone.om.OmMetadataReader.getFileStatus(OmMetadataReader.java:288) ~[ozone-manager-1.4.0-SNAPSHOT.jar:?]
	at org.apache.hadoop.ozone.om.OzoneManager.getFileStatus(OzoneManager.java:3450) ~[ozone-manager-1.4.0-SNAPSHOT.jar:?]
	at org.apache.hadoop.ozone.protocolPB.OzoneManagerRequestHandler.getOzoneFileStatus(OzoneManagerRequestHandler.java:933) ~[ozone-manager-1.4.0-SNAPSHOT.jar:?]
	at org.apache.hadoop.ozone.protocolPB.OzoneManagerRequestHandler.handleReadRequest(OzoneManagerRequestHandler.java:238) ~[ozone-manager-1.4.0-SNAPSHOT.jar:?]
	at org.apache.hadoop.ozone.protocolPB.OzoneManagerProtocolServerSideTranslatorPB.submitRequestDirectlyToOM(OzoneManagerProtocolServerSideTranslatorPB.java:271) ~[ozone-manager-1.4.0-SNAPSHOT.jar:?]
	at org.apache.hadoop.ozone.protocolPB.OzoneManagerProtocolServerSideTranslatorPB.processRequest(OzoneManagerProtocolServerSideTranslatorPB.java:173) ~[ozone-manager-1.4.0-SNAPSHOT.jar:?]
	at org.apache.hadoop.hdds.server.OzoneProtocolMessageDispatcher.processRequest(OzoneProtocolMessageDispatcher.java:87) [hdds-server-framework-1.4.0-SNAPSHOT.jar:?]
	at org.apache.hadoop.ozone.protocolPB.OzoneManagerProtocolServerSideTranslatorPB.submitRequest(OzoneManagerProtocolServerSideTranslatorPB.java:147) [ozone-manager-1.4.0-SNAPSHOT.jar:?]
	at org.apache.hadoop.ozone.protocol.proto.OzoneManagerProtocolProtos$OzoneManagerService$2.callBlockingMethod(OzoneManagerProtocolProtos.java) [ozone-interface-client-1.4.0-SNAPSHOT.jar:?]
	at org.apache.hadoop.ipc.ProtobufRpcEngine$Server.processCall(ProtobufRpcEngine.java:465) [hadoop-common-3.3.4.jar:?]
	at org.apache.hadoop.ipc.ProtobufRpcEngine2$Server$ProtoBufRpcInvoker.call(ProtobufRpcEngine2.java:578) [hadoop-common-3.3.4.jar:?]
	at org.apache.hadoop.ipc.ProtobufRpcEngine2$Server$ProtoBufRpcInvoker.call(ProtobufRpcEngine2.java:556) [hadoop-common-3.3.4.jar:?]
	at org.apache.hadoop.ipc.RPC$Server.call(RPC.java:1093) [hadoop-common-3.3.4.jar:?]
	at org.apache.hadoop.ipc.Server$RpcCall.run(Server.java:1043) [hadoop-common-3.3.4.jar:?]
	at org.apache.hadoop.ipc.Server$RpcCall.run(Server.java:971) [hadoop-common-3.3.4.jar:?]
	at java.security.AccessController.doPrivileged(Native Method) ~[?:1.8.0_362]
	at javax.security.auth.Subject.doAs(Subject.java:422) [?:1.8.0_362]
	at org.apache.hadoop.security.UserGroupInformation.doAs(UserGroupInformation.java:1878) [hadoop-common-3.3.4.jar:?]
	at org.apache.hadoop.ipc.Server$Handler.run(Server.java:2976) [hadoop-common-3.3.4.jar:?]
16:34:13.058 [IPC Server handler 3 on default port 46781] ERROR OMAudit - user=runner | ip=127.0.0.1 | op=GET_FILE_STATUS {volume=volume76608, bucket=bucket25283, key=level0/level1/file1, dataSize=0, replicationConfig=null} | ret=FAILURE
org.apache.hadoop.ozone.om.exceptions.OMException: Unable to get file status: volume: volume76608 bucket: bucket25283 key: level0/level1/file1
	at org.apache.hadoop.ozone.om.KeyManagerImpl.getOzoneFileStatus(KeyManagerImpl.java:1162) ~[ozone-manager-1.4.0-SNAPSHOT.jar:?]
	at org.apache.hadoop.ozone.om.KeyManagerImpl.getFileStatus(KeyManagerImpl.java:1080) ~[ozone-manager-1.4.0-SNAPSHOT.jar:?]
	at org.apache.hadoop.ozone.om.OmMetadataReader.getFileStatus(OmMetadataReader.java:288) ~[ozone-manager-1.4.0-SNAPSHOT.jar:?]
	at org.apache.hadoop.ozone.om.OzoneManager.getFileStatus(OzoneManager.java:3450) ~[ozone-manager-1.4.0-SNAPSHOT.jar:?]
	at org.apache.hadoop.ozone.protocolPB.OzoneManagerRequestHandler.getOzoneFileStatus(OzoneManagerRequestHandler.java:933) ~[ozone-manager-1.4.0-SNAPSHOT.jar:?]
	at org.apache.hadoop.ozone.protocolPB.OzoneManagerRequestHandler.handleReadRequest(OzoneManagerRequestHandler.java:238) ~[ozone-manager-1.4.0-SNAPSHOT.jar:?]
	at org.apache.hadoop.ozone.protocolPB.OzoneManagerProtocolServerSideTranslatorPB.submitRequestDirectlyToOM(OzoneManagerProtocolServerSideTranslatorPB.java:271) ~[ozone-manager-1.4.0-SNAPSHOT.jar:?]
	at org.apache.hadoop.ozone.protocolPB.OzoneManagerProtocolServerSideTranslatorPB.processRequest(OzoneManagerProtocolServerSideTranslatorPB.java:173) ~[ozone-manager-1.4.0-SNAPSHOT.jar:?]
	at org.apache.hadoop.hdds.server.OzoneProtocolMessageDispatcher.processRequest(OzoneProtocolMessageDispatcher.java:87) [hdds-server-framework-1.4.0-SNAPSHOT.jar:?]
	at org.apache.hadoop.ozone.protocolPB.OzoneManagerProtocolServerSideTranslatorPB.submitRequest(OzoneManagerProtocolServerSideTranslatorPB.java:147) [ozone-manager-1.4.0-SNAPSHOT.jar:?]
	at org.apache.hadoop.ozone.protocol.proto.OzoneManagerProtocolProtos$OzoneManagerService$2.callBlockingMethod(OzoneManagerProtocolProtos.java) [ozone-interface-client-1.4.0-SNAPSHOT.jar:?]
	at org.apache.hadoop.ipc.ProtobufRpcEngine$Server.processCall(ProtobufRpcEngine.java:465) [hadoop-common-3.3.4.jar:?]
	at org.apache.hadoop.ipc.ProtobufRpcEngine2$Server$ProtoBufRpcInvoker.call(ProtobufRpcEngine2.java:578) [hadoop-common-3.3.4.jar:?]
	at org.apache.hadoop.ipc.ProtobufRpcEngine2$Server$ProtoBufRpcInvoker.call(ProtobufRpcEngine2.java:556) [hadoop-common-3.3.4.jar:?]
	at org.apache.hadoop.ipc.RPC$Server.call(RPC.java:1093) [hadoop-common-3.3.4.jar:?]
	at org.apache.hadoop.ipc.Server$RpcCall.run(Server.java:1043) [hadoop-common-3.3.4.jar:?]
	at org.apache.hadoop.ipc.Server$RpcCall.run(Server.java:971) [hadoop-common-3.3.4.jar:?]
	at java.security.AccessController.doPrivileged(Native Method) ~[?:1.8.0_362]
	at javax.security.auth.Subject.doAs(Subject.java:422) [?:1.8.0_362]
	at org.apache.hadoop.security.UserGroupInformation.doAs(UserGroupInformation.java:1878) [hadoop-common-3.3.4.jar:?]
	at org.apache.hadoop.ipc.Server$Handler.run(Server.java:2976) [hadoop-common-3.3.4.jar:?]
16:34:13.058 [IPC Server handler 2 on default port 46781] ERROR OMAudit - user=runner | ip=127.0.0.1 | op=GET_FILE_STATUS {volume=volume76608, bucket=bucket25283, key=level0/level1/level1/file1, dataSize=0, replicationConfig=null} | ret=FAILURE
org.apache.hadoop.ozone.om.exceptions.OMException: Unable to get file status: volume: volume76608 bucket: bucket25283 key: level0/level1/level1/file1
	at org.apache.hadoop.ozone.om.KeyManagerImpl.getOzoneFileStatus(KeyManagerImpl.java:1162) ~[ozone-manager-1.4.0-SNAPSHOT.jar:?]
	at org.apache.hadoop.ozone.om.KeyManagerImpl.getFileStatus(KeyManagerImpl.java:1080) ~[ozone-manager-1.4.0-SNAPSHOT.jar:?]
	at org.apache.hadoop.ozone.om.OmMetadataReader.getFileStatus(OmMetadataReader.java:288) ~[ozone-manager-1.4.0-SNAPSHOT.jar:?]
	at org.apache.hadoop.ozone.om.OzoneManager.getFileStatus(OzoneManager.java:3450) ~[ozone-manager-1.4.0-SNAPSHOT.jar:?]
	at org.apache.hadoop.ozone.protocolPB.OzoneManagerRequestHandler.getOzoneFileStatus(OzoneManagerRequestHandler.java:933) ~[ozone-manager-1.4.0-SNAPSHOT.jar:?]
	at org.apache.hadoop.ozone.protocolPB.OzoneManagerRequestHandler.handleReadRequest(OzoneManagerRequestHandler.java:238) ~[ozone-manager-1.4.0-SNAPSHOT.jar:?]
	at org.apache.hadoop.ozone.protocolPB.OzoneManagerProtocolServerSideTranslatorPB.submitRequestDirectlyToOM(OzoneManagerProtocolServerSideTranslatorPB.java:271) ~[ozone-manager-1.4.0-SNAPSHOT.jar:?]
	at org.apache.hadoop.ozone.protocolPB.OzoneManagerProtocolServerSideTranslatorPB.processRequest(OzoneManagerProtocolServerSideTranslatorPB.java:173) ~[ozone-manager-1.4.0-SNAPSHOT.jar:?]
	at org.apache.hadoop.hdds.server.OzoneProtocolMessageDispatcher.processRequest(OzoneProtocolMessageDispatcher.java:87) [hdds-server-framework-1.4.0-SNAPSHOT.jar:?]
	at org.apache.hadoop.ozone.protocolPB.OzoneManagerProtocolServerSideTranslatorPB.submitRequest(OzoneManagerProtocolServerSideTranslatorPB.java:147) [ozone-manager-1.4.0-SNAPSHOT.jar:?]
	at org.apache.hadoop.ozone.protocol.proto.OzoneManagerProtocolProtos$OzoneManagerService$2.callBlockingMethod(OzoneManagerProtocolProtos.java) [ozone-interface-client-1.4.0-SNAPSHOT.jar:?]
	at org.apache.hadoop.ipc.ProtobufRpcEngine$Server.processCall(ProtobufRpcEngine.java:465) [hadoop-common-3.3.4.jar:?]
	at org.apache.hadoop.ipc.ProtobufRpcEngine2$Server$ProtoBufRpcInvoker.call(ProtobufRpcEngine2.java:578) [hadoop-common-3.3.4.jar:?]
	at org.apache.hadoop.ipc.ProtobufRpcEngine2$Server$ProtoBufRpcInvoker.call(ProtobufRpcEngine2.java:556) [hadoop-common-3.3.4.jar:?]
	at org.apache.hadoop.ipc.RPC$Server.call(RPC.java:1093) [hadoop-common-3.3.4.jar:?]
	at org.apache.hadoop.ipc.Server$RpcCall.run(Server.java:1043) [hadoop-common-3.3.4.jar:?]
	at org.apache.hadoop.ipc.Server$RpcCall.run(Server.java:971) [hadoop-common-3.3.4.jar:?]
	at java.security.AccessController.doPrivileged(Native Method) ~[?:1.8.0_362]
	at javax.security.auth.Subject.doAs(Subject.java:422) [?:1.8.0_362]
	at org.apache.hadoop.security.UserGroupInformation.doAs(UserGroupInformation.java:1878) [hadoop-common-3.3.4.jar:?]
	at org.apache.hadoop.ipc.Server$Handler.run(Server.java:2976) [hadoop-common-3.3.4.jar:?]
16:34:13.059 [IPC Server handler 1 on default port 46781] ERROR OMAudit - user=runner | ip=127.0.0.1 | op=GET_FILE_STATUS {volume=volume76608, bucket=bucket25283, key=level0/level2, dataSize=0, replicationConfig=null} | ret=FAILURE
org.apache.hadoop.ozone.om.exceptions.OMException: Unable to get file status: volume: volume76608 bucket: bucket25283 key: level0/level2
	at org.apache.hadoop.ozone.om.KeyManagerImpl.getOzoneFileStatus(KeyManagerImpl.java:1162) ~[ozone-manager-1.4.0-SNAPSHOT.jar:?]
	at org.apache.hadoop.ozone.om.KeyManagerImpl.getFileStatus(KeyManagerImpl.java:1080) ~[ozone-manager-1.4.0-SNAPSHOT.jar:?]
	at org.apache.hadoop.ozone.om.OmMetadataReader.getFileStatus(OmMetadataReader.java:288) ~[ozone-manager-1.4.0-SNAPSHOT.jar:?]
	at org.apache.hadoop.ozone.om.OzoneManager.getFileStatus(OzoneManager.java:3450) ~[ozone-manager-1.4.0-SNAPSHOT.jar:?]
	at org.apache.hadoop.ozone.protocolPB.OzoneManagerRequestHandler.getOzoneFileStatus(OzoneManagerRequestHandler.java:933) ~[ozone-manager-1.4.0-SNAPSHOT.jar:?]
	at org.apache.hadoop.ozone.protocolPB.OzoneManagerRequestHandler.handleReadRequest(OzoneManagerRequestHandler.java:238) ~[ozone-manager-1.4.0-SNAPSHOT.jar:?]
	at org.apache.hadoop.ozone.protocolPB.OzoneManagerProtocolServerSideTranslatorPB.submitRequestDirectlyToOM(OzoneManagerProtocolServerSideTranslatorPB.java:271) ~[ozone-manager-1.4.0-SNAPSHOT.jar:?]
	at org.apache.hadoop.ozone.protocolPB.OzoneManagerProtocolServerSideTranslatorPB.processRequest(OzoneManagerProtocolServerSideTranslatorPB.java:173) ~[ozone-manager-1.4.0-SNAPSHOT.jar:?]
	at org.apache.hadoop.hdds.server.OzoneProtocolMessageDispatcher.processRequest(OzoneProtocolMessageDispatcher.java:87) [hdds-server-framework-1.4.0-SNAPSHOT.jar:?]
	at org.apache.hadoop.ozone.protocolPB.OzoneManagerProtocolServerSideTranslatorPB.submitRequest(OzoneManagerProtocolServerSideTranslatorPB.java:147) [ozone-manager-1.4.0-SNAPSHOT.jar:?]
	at org.apache.hadoop.ozone.protocol.proto.OzoneManagerProtocolProtos$OzoneManagerService$2.callBlockingMethod(OzoneManagerProtocolProtos.java) [ozone-interface-client-1.4.0-SNAPSHOT.jar:?]
	at org.apache.hadoop.ipc.ProtobufRpcEngine$Server.processCall(ProtobufRpcEngine.java:465) [hadoop-common-3.3.4.jar:?]
	at org.apache.hadoop.ipc.ProtobufRpcEngine2$Server$ProtoBufRpcInvoker.call(ProtobufRpcEngine2.java:578) [hadoop-common-3.3.4.jar:?]
	at org.apache.hadoop.ipc.ProtobufRpcEngine2$Server$ProtoBufRpcInvoker.call(ProtobufRpcEngine2.java:556) [hadoop-common-3.3.4.jar:?]
	at org.apache.hadoop.ipc.RPC$Server.call(RPC.java:1093) [hadoop-common-3.3.4.jar:?]
	at org.apache.hadoop.ipc.Server$RpcCall.run(Server.java:1043) [hadoop-common-3.3.4.jar:?]
	at org.apache.hadoop.ipc.Server$RpcCall.run(Server.java:971) [hadoop-common-3.3.4.jar:?]
	at java.security.AccessController.doPrivileged(Native Method) ~[?:1.8.0_362]
	at javax.security.auth.Subject.doAs(Subject.java:422) [?:1.8.0_362]
	at org.apache.hadoop.security.UserGroupInformation.doAs(UserGroupInformation.java:1878) [hadoop-common-3.3.4.jar:?]
	at org.apache.hadoop.ipc.Server$Handler.run(Server.java:2976) [hadoop-common-3.3.4.jar:?]
16:34:13.060 [IPC Server handler 0 on default port 46781] ERROR OMAudit - user=runner | ip=127.0.0.1 | op=GET_FILE_STATUS {volume=volume76608, bucket=bucket25283, key=level0/level2/level2, dataSize=0, replicationConfig=null} | ret=FAILURE
org.apache.hadoop.ozone.om.exceptions.OMException: Unable to get file status: volume: volume76608 bucket: bucket25283 key: level0/level2/level2
	at org.apache.hadoop.ozone.om.KeyManagerImpl.getOzoneFileStatus(KeyManagerImpl.java:1162) ~[ozone-manager-1.4.0-SNAPSHOT.jar:?]
	at org.apache.hadoop.ozone.om.KeyManagerImpl.getFileStatus(KeyManagerImpl.java:1080) ~[ozone-manager-1.4.0-SNAPSHOT.jar:?]
	at org.apache.hadoop.ozone.om.OmMetadataReader.getFileStatus(OmMetadataReader.java:288) ~[ozone-manager-1.4.0-SNAPSHOT.jar:?]
	at org.apache.hadoop.ozone.om.OzoneManager.getFileStatus(OzoneManager.java:3450) ~[ozone-manager-1.4.0-SNAPSHOT.jar:?]
	at org.apache.hadoop.ozone.protocolPB.OzoneManagerRequestHandler.getOzoneFileStatus(OzoneManagerRequestHandler.java:933) ~[ozone-manager-1.4.0-SNAPSHOT.jar:?]
	at org.apache.hadoop.ozone.protocolPB.OzoneManagerRequestHandler.handleReadRequest(OzoneManagerRequestHandler.java:238) ~[ozone-manager-1.4.0-SNAPSHOT.jar:?]
	at org.apache.hadoop.ozone.protocolPB.OzoneManagerProtocolServerSideTranslatorPB.submitRequestDirectlyToOM(OzoneManagerProtocolServerSideTranslatorPB.java:271) ~[ozone-manager-1.4.0-SNAPSHOT.jar:?]
	at org.apache.hadoop.ozone.protocolPB.OzoneManagerProtocolServerSideTranslatorPB.processRequest(OzoneManagerProtocolServerSideTranslatorPB.java:173) ~[ozone-manager-1.4.0-SNAPSHOT.jar:?]
	at org.apache.hadoop.hdds.server.OzoneProtocolMessageDispatcher.processRequest(OzoneProtocolMessageDispatcher.java:87) [hdds-server-framework-1.4.0-SNAPSHOT.jar:?]
	at org.apache.hadoop.ozone.protocolPB.OzoneManagerProtocolServerSideTranslatorPB.submitRequest(OzoneManagerProtocolServerSideTranslatorPB.java:147) [ozone-manager-1.4.0-SNAPSHOT.jar:?]
	at org.apache.hadoop.ozone.protocol.proto.OzoneManagerProtocolProtos$OzoneManagerService$2.callBlockingMethod(OzoneManagerProtocolProtos.java) [ozone-interface-client-1.4.0-SNAPSHOT.jar:?]
	at org.apache.hadoop.ipc.ProtobufRpcEngine$Server.processCall(ProtobufRpcEngine.java:465) [hadoop-common-3.3.4.jar:?]
	at org.apache.hadoop.ipc.ProtobufRpcEngine2$Server$ProtoBufRpcInvoker.call(ProtobufRpcEngine2.java:578) [hadoop-common-3.3.4.jar:?]
	at org.apache.hadoop.ipc.ProtobufRpcEngine2$Server$ProtoBufRpcInvoker.call(ProtobufRpcEngine2.java:556) [hadoop-common-3.3.4.jar:?]
	at org.apache.hadoop.ipc.RPC$Server.call(RPC.java:1093) [hadoop-common-3.3.4.jar:?]
	at org.apache.hadoop.ipc.Server$RpcCall.run(Server.java:1043) [hadoop-common-3.3.4.jar:?]
	at org.apache.hadoop.ipc.Server$RpcCall.run(Server.java:971) [hadoop-common-3.3.4.jar:?]
	at java.security.AccessController.doPrivileged(Native Method) ~[?:1.8.0_362]
	at javax.security.auth.Subject.doAs(Subject.java:422) [?:1.8.0_362]
	at org.apache.hadoop.security.UserGroupInformation.doAs(UserGroupInformation.java:1878) [hadoop-common-3.3.4.jar:?]
	at org.apache.hadoop.ipc.Server$Handler.run(Server.java:2976) [hadoop-common-3.3.4.jar:?]
16:34:13.060 [IPC Server handler 6 on default port 46781] ERROR OMAudit - user=runner | ip=127.0.0.1 | op=GET_FILE_STATUS {volume=volume76608, bucket=bucket25283, key=level0/level2/file1, dataSize=0, replicationConfig=null} | ret=FAILURE
org.apache.hadoop.ozone.om.exceptions.OMException: Unable to get file status: volume: volume76608 bucket: bucket25283 key: level0/level2/file1
	at org.apache.hadoop.ozone.om.KeyManagerImpl.getOzoneFileStatus(KeyManagerImpl.java:1162) ~[ozone-manager-1.4.0-SNAPSHOT.jar:?]
	at org.apache.hadoop.ozone.om.KeyManagerImpl.getFileStatus(KeyManagerImpl.java:1080) ~[ozone-manager-1.4.0-SNAPSHOT.jar:?]
	at org.apache.hadoop.ozone.om.OmMetadataReader.getFileStatus(OmMetadataReader.java:288) ~[ozone-manager-1.4.0-SNAPSHOT.jar:?]
	at org.apache.hadoop.ozone.om.OzoneManager.getFileStatus(OzoneManager.java:3450) ~[ozone-manager-1.4.0-SNAPSHOT.jar:?]
	at org.apache.hadoop.ozone.protocolPB.OzoneManagerRequestHandler.getOzoneFileStatus(OzoneManagerRequestHandler.java:933) ~[ozone-manager-1.4.0-SNAPSHOT.jar:?]
	at org.apache.hadoop.ozone.protocolPB.OzoneManagerRequestHandler.handleReadRequest(OzoneManagerRequestHandler.java:238) ~[ozone-manager-1.4.0-SNAPSHOT.jar:?]
	at org.apache.hadoop.ozone.protocolPB.OzoneManagerProtocolServerSideTranslatorPB.submitRequestDirectlyToOM(OzoneManagerProtocolServerSideTranslatorPB.java:271) ~[ozone-manager-1.4.0-SNAPSHOT.jar:?]
	at org.apache.hadoop.ozone.protocolPB.OzoneManagerProtocolServerSideTranslatorPB.processRequest(OzoneManagerProtocolServerSideTranslatorPB.java:173) ~[ozone-manager-1.4.0-SNAPSHOT.jar:?]
	at org.apache.hadoop.hdds.server.OzoneProtocolMessageDispatcher.processRequest(OzoneProtocolMessageDispatcher.java:87) [hdds-server-framework-1.4.0-SNAPSHOT.jar:?]
	at org.apache.hadoop.ozone.protocolPB.OzoneManagerProtocolServerSideTranslatorPB.submitRequest(OzoneManagerProtocolServerSideTranslatorPB.java:147) [ozone-manager-1.4.0-SNAPSHOT.jar:?]
	at org.apache.hadoop.ozone.protocol.proto.OzoneManagerProtocolProtos$OzoneManagerService$2.callBlockingMethod(OzoneManagerProtocolProtos.java) [ozone-interface-client-1.4.0-SNAPSHOT.jar:?]
	at org.apache.hadoop.ipc.ProtobufRpcEngine$Server.processCall(ProtobufRpcEngine.java:465) [hadoop-common-3.3.4.jar:?]
	at org.apache.hadoop.ipc.ProtobufRpcEngine2$Server$ProtoBufRpcInvoker.call(ProtobufRpcEngine2.java:578) [hadoop-common-3.3.4.jar:?]
	at org.apache.hadoop.ipc.ProtobufRpcEngine2$Server$ProtoBufRpcInvoker.call(ProtobufRpcEngine2.java:556) [hadoop-common-3.3.4.jar:?]
	at org.apache.hadoop.ipc.RPC$Server.call(RPC.java:1093) [hadoop-common-3.3.4.jar:?]
	at org.apache.hadoop.ipc.Server$RpcCall.run(Server.java:1043) [hadoop-common-3.3.4.jar:?]
	at org.apache.hadoop.ipc.Server$RpcCall.run(Server.java:971) [hadoop-common-3.3.4.jar:?]
	at java.security.AccessController.doPrivileged(Native Method) ~[?:1.8.0_362]
	at javax.security.auth.Subject.doAs(Subject.java:422) [?:1.8.0_362]
	at org.apache.hadoop.security.UserGroupInformation.doAs(UserGroupInformation.java:1878) [hadoop-common-3.3.4.jar:?]
	at org.apache.hadoop.ipc.Server$Handler.run(Server.java:2976) [hadoop-common-3.3.4.jar:?]
16:34:13.062 [IPC Server handler 19 on default port 46781] ERROR OMAudit - user=runner | ip=127.0.0.1 | op=GET_FILE_STATUS {volume=volume76608, bucket=bucket25283, key=level0/level2/level2/file1, dataSize=0, replicationConfig=null} | ret=FAILURE
org.apache.hadoop.ozone.om.exceptions.OMException: Unable to get file status: volume: volume76608 bucket: bucket25283 key: level0/level2/level2/file1
	at org.apache.hadoop.ozone.om.KeyManagerImpl.getOzoneFileStatus(KeyManagerImpl.java:1162) ~[ozone-manager-1.4.0-SNAPSHOT.jar:?]
	at org.apache.hadoop.ozone.om.KeyManagerImpl.getFileStatus(KeyManagerImpl.java:1080) ~[ozone-manager-1.4.0-SNAPSHOT.jar:?]
	at org.apache.hadoop.ozone.om.OmMetadataReader.getFileStatus(OmMetadataReader.java:288) ~[ozone-manager-1.4.0-SNAPSHOT.jar:?]
	at org.apache.hadoop.ozone.om.OzoneManager.getFileStatus(OzoneManager.java:3450) ~[ozone-manager-1.4.0-SNAPSHOT.jar:?]
	at org.apache.hadoop.ozone.protocolPB.OzoneManagerRequestHandler.getOzoneFileStatus(OzoneManagerRequestHandler.java:933) ~[ozone-manager-1.4.0-SNAPSHOT.jar:?]
	at org.apache.hadoop.ozone.protocolPB.OzoneManagerRequestHandler.handleReadRequest(OzoneManagerRequestHandler.java:238) ~[ozone-manager-1.4.0-SNAPSHOT.jar:?]
	at org.apache.hadoop.ozone.protocolPB.OzoneManagerProtocolServerSideTranslatorPB.submitRequestDirectlyToOM(OzoneManagerProtocolServerSideTranslatorPB.java:271) ~[ozone-manager-1.4.0-SNAPSHOT.jar:?]
	at org.apache.hadoop.ozone.protocolPB.OzoneManagerProtocolServerSideTranslatorPB.processRequest(OzoneManagerProtocolServerSideTranslatorPB.java:173) ~[ozone-manager-1.4.0-SNAPSHOT.jar:?]
	at org.apache.hadoop.hdds.server.OzoneProtocolMessageDispatcher.processRequest(OzoneProtocolMessageDispatcher.java:87) [hdds-server-framework-1.4.0-SNAPSHOT.jar:?]
	at org.apache.hadoop.ozone.protocolPB.OzoneManagerProtocolServerSideTranslatorPB.submitRequest(OzoneManagerProtocolServerSideTranslatorPB.java:147) [ozone-manager-1.4.0-SNAPSHOT.jar:?]
	at org.apache.hadoop.ozone.protocol.proto.OzoneManagerProtocolProtos$OzoneManagerService$2.callBlockingMethod(OzoneManagerProtocolProtos.java) [ozone-interface-client-1.4.0-SNAPSHOT.jar:?]
	at org.apache.hadoop.ipc.ProtobufRpcEngine$Server.processCall(ProtobufRpcEngine.java:465) [hadoop-common-3.3.4.jar:?]
	at org.apache.hadoop.ipc.ProtobufRpcEngine2$Server$ProtoBufRpcInvoker.call(ProtobufRpcEngine2.java:578) [hadoop-common-3.3.4.jar:?]
	at org.apache.hadoop.ipc.ProtobufRpcEngine2$Server$ProtoBufRpcInvoker.call(ProtobufRpcEngine2.java:556) [hadoop-common-3.3.4.jar:?]
	at org.apache.hadoop.ipc.RPC$Server.call(RPC.java:1093) [hadoop-common-3.3.4.jar:?]
	at org.apache.hadoop.ipc.Server$RpcCall.run(Server.java:1043) [hadoop-common-3.3.4.jar:?]
	at org.apache.hadoop.ipc.Server$RpcCall.run(Server.java:971) [hadoop-common-3.3.4.jar:?]
	at java.security.AccessController.doPrivileged(Native Method) ~[?:1.8.0_362]
	at javax.security.auth.Subject.doAs(Subject.java:422) [?:1.8.0_362]
	at org.apache.hadoop.security.UserGroupInformation.doAs(UserGroupInformation.java:1878) [hadoop-common-3.3.4.jar:?]
	at org.apache.hadoop.ipc.Server$Handler.run(Server.java:2976) [hadoop-common-3.3.4.jar:?]
16:34:13.063 [IPC Server handler 18 on default port 46781] ERROR OMAudit - user=runner | ip=127.0.0.1 | op=GET_FILE_STATUS {volume=volume76608, bucket=bucket25283, key=level0/level3, dataSize=0, replicationConfig=null} | ret=FAILURE
org.apache.hadoop.ozone.om.exceptions.OMException: Unable to get file status: volume: volume76608 bucket: bucket25283 key: level0/level3
	at org.apache.hadoop.ozone.om.KeyManagerImpl.getOzoneFileStatus(KeyManagerImpl.java:1162) ~[ozone-manager-1.4.0-SNAPSHOT.jar:?]
	at org.apache.hadoop.ozone.om.KeyManagerImpl.getFileStatus(KeyManagerImpl.java:1080) ~[ozone-manager-1.4.0-SNAPSHOT.jar:?]
	at org.apache.hadoop.ozone.om.OmMetadataReader.getFileStatus(OmMetadataReader.java:288) ~[ozone-manager-1.4.0-SNAPSHOT.jar:?]
	at org.apache.hadoop.ozone.om.OzoneManager.getFileStatus(OzoneManager.java:3450) ~[ozone-manager-1.4.0-SNAPSHOT.jar:?]
	at org.apache.hadoop.ozone.protocolPB.OzoneManagerRequestHandler.getOzoneFileStatus(OzoneManagerRequestHandler.java:933) ~[ozone-manager-1.4.0-SNAPSHOT.jar:?]
	at org.apache.hadoop.ozone.protocolPB.OzoneManagerRequestHandler.handleReadRequest(OzoneManagerRequestHandler.java:238) ~[ozone-manager-1.4.0-SNAPSHOT.jar:?]
	at org.apache.hadoop.ozone.protocolPB.OzoneManagerProtocolServerSideTranslatorPB.submitRequestDirectlyToOM(OzoneManagerProtocolServerSideTranslatorPB.java:271) ~[ozone-manager-1.4.0-SNAPSHOT.jar:?]
	at org.apache.hadoop.ozone.protocolPB.OzoneManagerProtocolServerSideTranslatorPB.processRequest(OzoneManagerProtocolServerSideTranslatorPB.java:173) ~[ozone-manager-1.4.0-SNAPSHOT.jar:?]
	at org.apache.hadoop.hdds.server.OzoneProtocolMessageDispatcher.processRequest(OzoneProtocolMessageDispatcher.java:87) [hdds-server-framework-1.4.0-SNAPSHOT.jar:?]
	at org.apache.hadoop.ozone.protocolPB.OzoneManagerProtocolServerSideTranslatorPB.submitRequest(OzoneManagerProtocolServerSideTranslatorPB.java:147) [ozone-manager-1.4.0-SNAPSHOT.jar:?]
	at org.apache.hadoop.ozone.protocol.proto.OzoneManagerProtocolProtos$OzoneManagerService$2.callBlockingMethod(OzoneManagerProtocolProtos.java) [ozone-interface-client-1.4.0-SNAPSHOT.jar:?]
	at org.apache.hadoop.ipc.ProtobufRpcEngine$Server.processCall(ProtobufRpcEngine.java:465) [hadoop-common-3.3.4.jar:?]
	at org.apache.hadoop.ipc.ProtobufRpcEngine2$Server$ProtoBufRpcInvoker.call(ProtobufRpcEngine2.java:578) [hadoop-common-3.3.4.jar:?]
	at org.apache.hadoop.ipc.ProtobufRpcEngine2$Server$ProtoBufRpcInvoker.call(ProtobufRpcEngine2.java:556) [hadoop-common-3.3.4.jar:?]
	at org.apache.hadoop.ipc.RPC$Server.call(RPC.java:1093) [hadoop-common-3.3.4.jar:?]
	at org.apache.hadoop.ipc.Server$RpcCall.run(Server.java:1043) [hadoop-common-3.3.4.jar:?]
	at org.apache.hadoop.ipc.Server$RpcCall.run(Server.java:971) [hadoop-common-3.3.4.jar:?]
	at java.security.AccessController.doPrivileged(Native Method) ~[?:1.8.0_362]
	at javax.security.auth.Subject.doAs(Subject.java:422) [?:1.8.0_362]
	at org.apache.hadoop.security.UserGroupInformation.doAs(UserGroupInformation.java:1878) [hadoop-common-3.3.4.jar:?]
	at org.apache.hadoop.ipc.Server$Handler.run(Server.java:2976) [hadoop-common-3.3.4.jar:?]
16:34:13.063 [IPC Server handler 17 on default port 46781] ERROR OMAudit - user=runner | ip=127.0.0.1 | op=GET_FILE_STATUS {volume=volume76608, bucket=bucket25283, key=level0/level3/level3, dataSize=0, replicationConfig=null} | ret=FAILURE
org.apache.hadoop.ozone.om.exceptions.OMException: Unable to get file status: volume: volume76608 bucket: bucket25283 key: level0/level3/level3
	at org.apache.hadoop.ozone.om.KeyManagerImpl.getOzoneFileStatus(KeyManagerImpl.java:1162) ~[ozone-manager-1.4.0-SNAPSHOT.jar:?]
	at org.apache.hadoop.ozone.om.KeyManagerImpl.getFileStatus(KeyManagerImpl.java:1080) ~[ozone-manager-1.4.0-SNAPSHOT.jar:?]
	at org.apache.hadoop.ozone.om.OmMetadataReader.getFileStatus(OmMetadataReader.java:288) ~[ozone-manager-1.4.0-SNAPSHOT.jar:?]
	at org.apache.hadoop.ozone.om.OzoneManager.getFileStatus(OzoneManager.java:3450) ~[ozone-manager-1.4.0-SNAPSHOT.jar:?]
	at org.apache.hadoop.ozone.protocolPB.OzoneManagerRequestHandler.getOzoneFileStatus(OzoneManagerRequestHandler.java:933) ~[ozone-manager-1.4.0-SNAPSHOT.jar:?]
	at org.apache.hadoop.ozone.protocolPB.OzoneManagerRequestHandler.handleReadRequest(OzoneManagerRequestHandler.java:238) ~[ozone-manager-1.4.0-SNAPSHOT.jar:?]
	at org.apache.hadoop.ozone.protocolPB.OzoneManagerProtocolServerSideTranslatorPB.submitRequestDirectlyToOM(OzoneManagerProtocolServerSideTranslatorPB.java:271) ~[ozone-manager-1.4.0-SNAPSHOT.jar:?]
	at org.apache.hadoop.ozone.protocolPB.OzoneManagerProtocolServerSideTranslatorPB.processRequest(OzoneManagerProtocolServerSideTranslatorPB.java:173) ~[ozone-manager-1.4.0-SNAPSHOT.jar:?]
	at org.apache.hadoop.hdds.server.OzoneProtocolMessageDispatcher.processRequest(OzoneProtocolMessageDispatcher.java:87) [hdds-server-framework-1.4.0-SNAPSHOT.jar:?]
	at org.apache.hadoop.ozone.protocolPB.OzoneManagerProtocolServerSideTranslatorPB.submitRequest(OzoneManagerProtocolServerSideTranslatorPB.java:147) [ozone-manager-1.4.0-SNAPSHOT.jar:?]
	at org.apache.hadoop.ozone.protocol.proto.OzoneManagerProtocolProtos$OzoneManagerService$2.callBlockingMethod(OzoneManagerProtocolProtos.java) [ozone-interface-client-1.4.0-SNAPSHOT.jar:?]
	at org.apache.hadoop.ipc.ProtobufRpcEngine$Server.processCall(ProtobufRpcEngine.java:465) [hadoop-common-3.3.4.jar:?]
	at org.apache.hadoop.ipc.ProtobufRpcEngine2$Server$ProtoBufRpcInvoker.call(ProtobufRpcEngine2.java:578) [hadoop-common-3.3.4.jar:?]
	at org.apache.hadoop.ipc.ProtobufRpcEngine2$Server$ProtoBufRpcInvoker.call(ProtobufRpcEngine2.java:556) [hadoop-common-3.3.4.jar:?]
	at org.apache.hadoop.ipc.RPC$Server.call(RPC.java:1093) [hadoop-common-3.3.4.jar:?]
	at org.apache.hadoop.ipc.Server$RpcCall.run(Server.java:1043) [hadoop-common-3.3.4.jar:?]
	at org.apache.hadoop.ipc.Server$RpcCall.run(Server.java:971) [hadoop-common-3.3.4.jar:?]
	at java.security.AccessController.doPrivileged(Native Method) ~[?:1.8.0_362]
	at javax.security.auth.Subject.doAs(Subject.java:422) [?:1.8.0_362]
	at org.apache.hadoop.security.UserGroupInformation.doAs(UserGroupInformation.java:1878) [hadoop-common-3.3.4.jar:?]
	at org.apache.hadoop.ipc.Server$Handler.run(Server.java:2976) [hadoop-common-3.3.4.jar:?]
16:34:13.064 [IPC Server handler 16 on default port 46781] ERROR OMAudit - user=runner | ip=127.0.0.1 | op=GET_FILE_STATUS {volume=volume76608, bucket=bucket25283, key=level0/level3/file1, dataSize=0, replicationConfig=null} | ret=FAILURE
org.apache.hadoop.ozone.om.exceptions.OMException: Unable to get file status: volume: volume76608 bucket: bucket25283 key: level0/level3/file1
	at org.apache.hadoop.ozone.om.KeyManagerImpl.getOzoneFileStatus(KeyManagerImpl.java:1162) ~[ozone-manager-1.4.0-SNAPSHOT.jar:?]
	at org.apache.hadoop.ozone.om.KeyManagerImpl.getFileStatus(KeyManagerImpl.java:1080) ~[ozone-manager-1.4.0-SNAPSHOT.jar:?]
	at org.apache.hadoop.ozone.om.OmMetadataReader.getFileStatus(OmMetadataReader.java:288) ~[ozone-manager-1.4.0-SNAPSHOT.jar:?]
	at org.apache.hadoop.ozone.om.OzoneManager.getFileStatus(OzoneManager.java:3450) ~[ozone-manager-1.4.0-SNAPSHOT.jar:?]
	at org.apache.hadoop.ozone.protocolPB.OzoneManagerRequestHandler.getOzoneFileStatus(OzoneManagerRequestHandler.java:933) ~[ozone-manager-1.4.0-SNAPSHOT.jar:?]
	at org.apache.hadoop.ozone.protocolPB.OzoneManagerRequestHandler.handleReadRequest(OzoneManagerRequestHandler.java:238) ~[ozone-manager-1.4.0-SNAPSHOT.jar:?]
	at org.apache.hadoop.ozone.protocolPB.OzoneManagerProtocolServerSideTranslatorPB.submitRequestDirectlyToOM(OzoneManagerProtocolServerSideTranslatorPB.java:271) ~[ozone-manager-1.4.0-SNAPSHOT.jar:?]
	at org.apache.hadoop.ozone.protocolPB.OzoneManagerProtocolServerSideTranslatorPB.processRequest(OzoneManagerProtocolServerSideTranslatorPB.java:173) ~[ozone-manager-1.4.0-SNAPSHOT.jar:?]
	at org.apache.hadoop.hdds.server.OzoneProtocolMessageDispatcher.processRequest(OzoneProtocolMessageDispatcher.java:87) [hdds-server-framework-1.4.0-SNAPSHOT.jar:?]
	at org.apache.hadoop.ozone.protocolPB.OzoneManagerProtocolServerSideTranslatorPB.submitRequest(OzoneManagerProtocolServerSideTranslatorPB.java:147) [ozone-manager-1.4.0-SNAPSHOT.jar:?]
	at org.apache.hadoop.ozone.protocol.proto.OzoneManagerProtocolProtos$OzoneManagerService$2.callBlockingMethod(OzoneManagerProtocolProtos.java) [ozone-interface-client-1.4.0-SNAPSHOT.jar:?]
	at org.apache.hadoop.ipc.ProtobufRpcEngine$Server.processCall(ProtobufRpcEngine.java:465) [hadoop-common-3.3.4.jar:?]
	at org.apache.hadoop.ipc.ProtobufRpcEngine2$Server$ProtoBufRpcInvoker.call(ProtobufRpcEngine2.java:578) [hadoop-common-3.3.4.jar:?]
	at org.apache.hadoop.ipc.ProtobufRpcEngine2$Server$ProtoBufRpcInvoker.call(ProtobufRpcEngine2.java:556) [hadoop-common-3.3.4.jar:?]
	at org.apache.hadoop.ipc.RPC$Server.call(RPC.java:1093) [hadoop-common-3.3.4.jar:?]
	at org.apache.hadoop.ipc.Server$RpcCall.run(Server.java:1043) [hadoop-common-3.3.4.jar:?]
	at org.apache.hadoop.ipc.Server$RpcCall.run(Server.java:971) [hadoop-common-3.3.4.jar:?]
	at java.security.AccessController.doPrivileged(Native Method) ~[?:1.8.0_362]
	at javax.security.auth.Subject.doAs(Subject.java:422) [?:1.8.0_362]
	at org.apache.hadoop.security.UserGroupInformation.doAs(UserGroupInformation.java:1878) [hadoop-common-3.3.4.jar:?]
	at org.apache.hadoop.ipc.Server$Handler.run(Server.java:2976) [hadoop-common-3.3.4.jar:?]
16:34:13.064 [IPC Server handler 13 on default port 46781] ERROR OMAudit - user=runner | ip=127.0.0.1 | op=GET_FILE_STATUS {volume=volume76608, bucket=bucket25283, key=level0/level3/level3/file1, dataSize=0, replicationConfig=null} | ret=FAILURE
org.apache.hadoop.ozone.om.exceptions.OMException: Unable to get file status: volume: volume76608 bucket: bucket25283 key: level0/level3/level3/file1
	at org.apache.hadoop.ozone.om.KeyManagerImpl.getOzoneFileStatus(KeyManagerImpl.java:1162) ~[ozone-manager-1.4.0-SNAPSHOT.jar:?]
	at org.apache.hadoop.ozone.om.KeyManagerImpl.getFileStatus(KeyManagerImpl.java:1080) ~[ozone-manager-1.4.0-SNAPSHOT.jar:?]
	at org.apache.hadoop.ozone.om.OmMetadataReader.getFileStatus(OmMetadataReader.java:288) ~[ozone-manager-1.4.0-SNAPSHOT.jar:?]
	at org.apache.hadoop.ozone.om.OzoneManager.getFileStatus(OzoneManager.java:3450) ~[ozone-manager-1.4.0-SNAPSHOT.jar:?]
	at org.apache.hadoop.ozone.protocolPB.OzoneManagerRequestHandler.getOzoneFileStatus(OzoneManagerRequestHandler.java:933) ~[ozone-manager-1.4.0-SNAPSHOT.jar:?]
	at org.apache.hadoop.ozone.protocolPB.OzoneManagerRequestHandler.handleReadRequest(OzoneManagerRequestHandler.java:238) ~[ozone-manager-1.4.0-SNAPSHOT.jar:?]
	at org.apache.hadoop.ozone.protocolPB.OzoneManagerProtocolServerSideTranslatorPB.submitRequestDirectlyToOM(OzoneManagerProtocolServerSideTranslatorPB.java:271) ~[ozone-manager-1.4.0-SNAPSHOT.jar:?]
	at org.apache.hadoop.ozone.protocolPB.OzoneManagerProtocolServerSideTranslatorPB.processRequest(OzoneManagerProtocolServerSideTranslatorPB.java:173) ~[ozone-manager-1.4.0-SNAPSHOT.jar:?]
	at org.apache.hadoop.hdds.server.OzoneProtocolMessageDispatcher.processRequest(OzoneProtocolMessageDispatcher.java:87) [hdds-server-framework-1.4.0-SNAPSHOT.jar:?]
	at org.apache.hadoop.ozone.protocolPB.OzoneManagerProtocolServerSideTranslatorPB.submitRequest(OzoneManagerProtocolServerSideTranslatorPB.java:147) [ozone-manager-1.4.0-SNAPSHOT.jar:?]
	at org.apache.hadoop.ozone.protocol.proto.OzoneManagerProtocolProtos$OzoneManagerService$2.callBlockingMethod(OzoneManagerProtocolProtos.java) [ozone-interface-client-1.4.0-SNAPSHOT.jar:?]
	at org.apache.hadoop.ipc.ProtobufRpcEngine$Server.processCall(ProtobufRpcEngine.java:465) [hadoop-common-3.3.4.jar:?]
	at org.apache.hadoop.ipc.ProtobufRpcEngine2$Server$ProtoBufRpcInvoker.call(ProtobufRpcEngine2.java:578) [hadoop-common-3.3.4.jar:?]
	at org.apache.hadoop.ipc.ProtobufRpcEngine2$Server$ProtoBufRpcInvoker.call(ProtobufRpcEngine2.java:556) [hadoop-common-3.3.4.jar:?]
	at org.apache.hadoop.ipc.RPC$Server.call(RPC.java:1093) [hadoop-common-3.3.4.jar:?]
	at org.apache.hadoop.ipc.Server$RpcCall.run(Server.java:1043) [hadoop-common-3.3.4.jar:?]
	at org.apache.hadoop.ipc.Server$RpcCall.run(Server.java:971) [hadoop-common-3.3.4.jar:?]
	at java.security.AccessController.doPrivileged(Native Method) ~[?:1.8.0_362]
	at javax.security.auth.Subject.doAs(Subject.java:422) [?:1.8.0_362]
	at org.apache.hadoop.security.UserGroupInformation.doAs(UserGroupInformation.java:1878) [hadoop-common-3.3.4.jar:?]
	at org.apache.hadoop.ipc.Server$Handler.run(Server.java:2976) [hadoop-common-3.3.4.jar:?]
]]></system-out>
  </testcase>
  <testcase name="testRecursiveDelete" classname="TestOzoneFileSystem" time="0.108">
    <system-out><![CDATA[2023-02-16 16:35:00,149 [OM StateMachine ApplyTransaction Thread - 0] INFO  key.OMKeyRequest (OMKeyRequest.java:wrapUncommittedBlocksAsPseudoKey(837)) - Detect allocated but uncommitted blocks [{blockID={containerID=4, localID=111677748019200014}, length=4194304, offset=0, token=null, pipeline=null, createVersion=0, partNumber=0}] in key gdir1/pdir1/child.
2023-02-16 16:35:00,153 [OM StateMachine ApplyTransaction Thread - 0] INFO  key.OMKeyRequest (OMKeyRequest.java:wrapUncommittedBlocksAsPseudoKey(837)) - Detect allocated but uncommitted blocks [{blockID={containerID=1, localID=111677748019200015}, length=4194304, offset=0, token=null, pipeline=null, createVersion=0, partNumber=0}] in key gdir1/pdir2/child.
2023-02-16 16:35:00,156 [OM StateMachine ApplyTransaction Thread - 0] INFO  key.OMKeyRequest (OMKeyRequest.java:wrapUncommittedBlocksAsPseudoKey(837)) - Detect allocated but uncommitted blocks [{blockID={containerID=3, localID=111677748019200016}, length=4194304, offset=0, token=null, pipeline=null, createVersion=0, partNumber=0}] in key gdir1/pdir3/child.
2023-02-16 16:35:00,160 [OM StateMachine ApplyTransaction Thread - 0] INFO  key.OMKeyRequest (OMKeyRequest.java:wrapUncommittedBlocksAsPseudoKey(837)) - Detect allocated but uncommitted blocks [{blockID={containerID=2, localID=111677748019200017}, length=4194304, offset=0, token=null, pipeline=null, createVersion=0, partNumber=0}] in key gdir1/pdir4/child.
2023-02-16 16:35:00,163 [OM StateMachine ApplyTransaction Thread - 0] INFO  key.OMKeyRequest (OMKeyRequest.java:wrapUncommittedBlocksAsPseudoKey(837)) - Detect allocated but uncommitted blocks [{blockID={containerID=1, localID=111677748019200018}, length=4194304, offset=0, token=null, pipeline=null, createVersion=0, partNumber=0}] in key gdir1/pdir5/child.
2023-02-16 16:35:00,166 [OM StateMachine ApplyTransaction Thread - 0] INFO  key.OMKeyRequest (OMKeyRequest.java:wrapUncommittedBlocksAsPseudoKey(837)) - Detect allocated but uncommitted blocks [{blockID={containerID=2, localID=111677748019200019}, length=4194304, offset=0, token=null, pipeline=null, createVersion=0, partNumber=0}] in key gdir1/pdir6/child.
2023-02-16 16:35:00,170 [OM StateMachine ApplyTransaction Thread - 0] INFO  key.OMKeyRequest (OMKeyRequest.java:wrapUncommittedBlocksAsPseudoKey(837)) - Detect allocated but uncommitted blocks [{blockID={containerID=4, localID=111677748019200020}, length=4194304, offset=0, token=null, pipeline=null, createVersion=0, partNumber=0}] in key gdir1/pdir7/child.
2023-02-16 16:35:00,173 [OM StateMachine ApplyTransaction Thread - 0] INFO  key.OMKeyRequest (OMKeyRequest.java:wrapUncommittedBlocksAsPseudoKey(837)) - Detect allocated but uncommitted blocks [{blockID={containerID=1, localID=111677748019200021}, length=4194304, offset=0, token=null, pipeline=null, createVersion=0, partNumber=0}] in key gdir1/pdir8/child.
2023-02-16 16:35:00,176 [OM StateMachine ApplyTransaction Thread - 0] INFO  key.OMKeyRequest (OMKeyRequest.java:wrapUncommittedBlocksAsPseudoKey(837)) - Detect allocated but uncommitted blocks [{blockID={containerID=2, localID=111677748019200022}, length=4194304, offset=0, token=null, pipeline=null, createVersion=0, partNumber=0}] in key gdir1/pdir9/child.
2023-02-16 16:35:00,179 [OM StateMachine ApplyTransaction Thread - 0] INFO  key.OMKeyRequest (OMKeyRequest.java:wrapUncommittedBlocksAsPseudoKey(837)) - Detect allocated but uncommitted blocks [{blockID={containerID=3, localID=111677748019200023}, length=4194304, offset=0, token=null, pipeline=null, createVersion=0, partNumber=0}] in key gdir1/pdir10/child.
16:35:00.190 [IPC Server handler 7 on default port 44851] ERROR OMAudit - user=runner | ip=127.0.0.1 | op=GET_FILE_STATUS {volume=volume35667, bucket=bucket27185, key=gdir1, dataSize=0, replicationConfig=null} | ret=FAILURE
org.apache.hadoop.ozone.om.exceptions.OMException: Unable to get file status: volume: volume35667 bucket: bucket27185 key: gdir1
	at org.apache.hadoop.ozone.om.KeyManagerImpl.getOzoneFileStatus(KeyManagerImpl.java:1162) ~[ozone-manager-1.4.0-SNAPSHOT.jar:?]
	at org.apache.hadoop.ozone.om.KeyManagerImpl.getFileStatus(KeyManagerImpl.java:1080) ~[ozone-manager-1.4.0-SNAPSHOT.jar:?]
	at org.apache.hadoop.ozone.om.OmMetadataReader.getFileStatus(OmMetadataReader.java:288) ~[ozone-manager-1.4.0-SNAPSHOT.jar:?]
	at org.apache.hadoop.ozone.om.OzoneManager.getFileStatus(OzoneManager.java:3450) ~[ozone-manager-1.4.0-SNAPSHOT.jar:?]
	at org.apache.hadoop.ozone.protocolPB.OzoneManagerRequestHandler.getOzoneFileStatus(OzoneManagerRequestHandler.java:933) ~[ozone-manager-1.4.0-SNAPSHOT.jar:?]
	at org.apache.hadoop.ozone.protocolPB.OzoneManagerRequestHandler.handleReadRequest(OzoneManagerRequestHandler.java:238) ~[ozone-manager-1.4.0-SNAPSHOT.jar:?]
	at org.apache.hadoop.ozone.protocolPB.OzoneManagerProtocolServerSideTranslatorPB.submitReadRequestToOM(OzoneManagerProtocolServerSideTranslatorPB.java:223) ~[ozone-manager-1.4.0-SNAPSHOT.jar:?]
	at org.apache.hadoop.ozone.protocolPB.OzoneManagerProtocolServerSideTranslatorPB.processRequest(OzoneManagerProtocolServerSideTranslatorPB.java:177) ~[ozone-manager-1.4.0-SNAPSHOT.jar:?]
	at org.apache.hadoop.hdds.server.OzoneProtocolMessageDispatcher.processRequest(OzoneProtocolMessageDispatcher.java:87) [hdds-server-framework-1.4.0-SNAPSHOT.jar:?]
	at org.apache.hadoop.ozone.protocolPB.OzoneManagerProtocolServerSideTranslatorPB.submitRequest(OzoneManagerProtocolServerSideTranslatorPB.java:147) [ozone-manager-1.4.0-SNAPSHOT.jar:?]
	at org.apache.hadoop.ozone.protocol.proto.OzoneManagerProtocolProtos$OzoneManagerService$2.callBlockingMethod(OzoneManagerProtocolProtos.java) [ozone-interface-client-1.4.0-SNAPSHOT.jar:?]
	at org.apache.hadoop.ipc.ProtobufRpcEngine$Server.processCall(ProtobufRpcEngine.java:465) [hadoop-common-3.3.4.jar:?]
	at org.apache.hadoop.ipc.ProtobufRpcEngine2$Server$ProtoBufRpcInvoker.call(ProtobufRpcEngine2.java:578) [hadoop-common-3.3.4.jar:?]
	at org.apache.hadoop.ipc.ProtobufRpcEngine2$Server$ProtoBufRpcInvoker.call(ProtobufRpcEngine2.java:556) [hadoop-common-3.3.4.jar:?]
	at org.apache.hadoop.ipc.RPC$Server.call(RPC.java:1093) [hadoop-common-3.3.4.jar:?]
	at org.apache.hadoop.ipc.Server$RpcCall.run(Server.java:1043) [hadoop-common-3.3.4.jar:?]
	at org.apache.hadoop.ipc.Server$RpcCall.run(Server.java:971) [hadoop-common-3.3.4.jar:?]
	at java.security.AccessController.doPrivileged(Native Method) ~[?:1.8.0_362]
	at javax.security.auth.Subject.doAs(Subject.java:422) [?:1.8.0_362]
	at org.apache.hadoop.security.UserGroupInformation.doAs(UserGroupInformation.java:1878) [hadoop-common-3.3.4.jar:?]
	at org.apache.hadoop.ipc.Server$Handler.run(Server.java:2976) [hadoop-common-3.3.4.jar:?]
16:35:00.191 [IPC Server handler 6 on default port 44851] ERROR OMAudit - user=runner | ip=127.0.0.1 | op=GET_FILE_STATUS {volume=volume35667, bucket=bucket27185, key=gdir1/dir1, dataSize=0, replicationConfig=null} | ret=FAILURE
org.apache.hadoop.ozone.om.exceptions.OMException: Unable to get file status: volume: volume35667 bucket: bucket27185 key: gdir1/dir1
	at org.apache.hadoop.ozone.om.KeyManagerImpl.getOzoneFileStatus(KeyManagerImpl.java:1162) ~[ozone-manager-1.4.0-SNAPSHOT.jar:?]
	at org.apache.hadoop.ozone.om.KeyManagerImpl.getFileStatus(KeyManagerImpl.java:1080) ~[ozone-manager-1.4.0-SNAPSHOT.jar:?]
	at org.apache.hadoop.ozone.om.OmMetadataReader.getFileStatus(OmMetadataReader.java:288) ~[ozone-manager-1.4.0-SNAPSHOT.jar:?]
	at org.apache.hadoop.ozone.om.OzoneManager.getFileStatus(OzoneManager.java:3450) ~[ozone-manager-1.4.0-SNAPSHOT.jar:?]
	at org.apache.hadoop.ozone.protocolPB.OzoneManagerRequestHandler.getOzoneFileStatus(OzoneManagerRequestHandler.java:933) ~[ozone-manager-1.4.0-SNAPSHOT.jar:?]
	at org.apache.hadoop.ozone.protocolPB.OzoneManagerRequestHandler.handleReadRequest(OzoneManagerRequestHandler.java:238) ~[ozone-manager-1.4.0-SNAPSHOT.jar:?]
	at org.apache.hadoop.ozone.protocolPB.OzoneManagerProtocolServerSideTranslatorPB.submitReadRequestToOM(OzoneManagerProtocolServerSideTranslatorPB.java:223) ~[ozone-manager-1.4.0-SNAPSHOT.jar:?]
	at org.apache.hadoop.ozone.protocolPB.OzoneManagerProtocolServerSideTranslatorPB.processRequest(OzoneManagerProtocolServerSideTranslatorPB.java:177) ~[ozone-manager-1.4.0-SNAPSHOT.jar:?]
	at org.apache.hadoop.hdds.server.OzoneProtocolMessageDispatcher.processRequest(OzoneProtocolMessageDispatcher.java:87) [hdds-server-framework-1.4.0-SNAPSHOT.jar:?]
	at org.apache.hadoop.ozone.protocolPB.OzoneManagerProtocolServerSideTranslatorPB.submitRequest(OzoneManagerProtocolServerSideTranslatorPB.java:147) [ozone-manager-1.4.0-SNAPSHOT.jar:?]
	at org.apache.hadoop.ozone.protocol.proto.OzoneManagerProtocolProtos$OzoneManagerService$2.callBlockingMethod(OzoneManagerProtocolProtos.java) [ozone-interface-client-1.4.0-SNAPSHOT.jar:?]
	at org.apache.hadoop.ipc.ProtobufRpcEngine$Server.processCall(ProtobufRpcEngine.java:465) [hadoop-common-3.3.4.jar:?]
	at org.apache.hadoop.ipc.ProtobufRpcEngine2$Server$ProtoBufRpcInvoker.call(ProtobufRpcEngine2.java:578) [hadoop-common-3.3.4.jar:?]
	at org.apache.hadoop.ipc.ProtobufRpcEngine2$Server$ProtoBufRpcInvoker.call(ProtobufRpcEngine2.java:556) [hadoop-common-3.3.4.jar:?]
	at org.apache.hadoop.ipc.RPC$Server.call(RPC.java:1093) [hadoop-common-3.3.4.jar:?]
	at org.apache.hadoop.ipc.Server$RpcCall.run(Server.java:1043) [hadoop-common-3.3.4.jar:?]
	at org.apache.hadoop.ipc.Server$RpcCall.run(Server.java:971) [hadoop-common-3.3.4.jar:?]
	at java.security.AccessController.doPrivileged(Native Method) ~[?:1.8.0_362]
	at javax.security.auth.Subject.doAs(Subject.java:422) [?:1.8.0_362]
	at org.apache.hadoop.security.UserGroupInformation.doAs(UserGroupInformation.java:1878) [hadoop-common-3.3.4.jar:?]
	at org.apache.hadoop.ipc.Server$Handler.run(Server.java:2976) [hadoop-common-3.3.4.jar:?]
16:35:00.192 [IPC Server handler 8 on default port 44851] ERROR OMAudit - user=runner | ip=127.0.0.1 | op=GET_FILE_STATUS {volume=volume35667, bucket=bucket27185, key=gdir1/dir1/child, dataSize=0, replicationConfig=null} | ret=FAILURE
org.apache.hadoop.ozone.om.exceptions.OMException: Unable to get file status: volume: volume35667 bucket: bucket27185 key: gdir1/dir1/child
	at org.apache.hadoop.ozone.om.KeyManagerImpl.getOzoneFileStatus(KeyManagerImpl.java:1162) ~[ozone-manager-1.4.0-SNAPSHOT.jar:?]
	at org.apache.hadoop.ozone.om.KeyManagerImpl.getFileStatus(KeyManagerImpl.java:1080) ~[ozone-manager-1.4.0-SNAPSHOT.jar:?]
	at org.apache.hadoop.ozone.om.OmMetadataReader.getFileStatus(OmMetadataReader.java:288) ~[ozone-manager-1.4.0-SNAPSHOT.jar:?]
	at org.apache.hadoop.ozone.om.OzoneManager.getFileStatus(OzoneManager.java:3450) ~[ozone-manager-1.4.0-SNAPSHOT.jar:?]
	at org.apache.hadoop.ozone.protocolPB.OzoneManagerRequestHandler.getOzoneFileStatus(OzoneManagerRequestHandler.java:933) ~[ozone-manager-1.4.0-SNAPSHOT.jar:?]
	at org.apache.hadoop.ozone.protocolPB.OzoneManagerRequestHandler.handleReadRequest(OzoneManagerRequestHandler.java:238) ~[ozone-manager-1.4.0-SNAPSHOT.jar:?]
	at org.apache.hadoop.ozone.protocolPB.OzoneManagerProtocolServerSideTranslatorPB.submitReadRequestToOM(OzoneManagerProtocolServerSideTranslatorPB.java:223) ~[ozone-manager-1.4.0-SNAPSHOT.jar:?]
	at org.apache.hadoop.ozone.protocolPB.OzoneManagerProtocolServerSideTranslatorPB.processRequest(OzoneManagerProtocolServerSideTranslatorPB.java:177) ~[ozone-manager-1.4.0-SNAPSHOT.jar:?]
	at org.apache.hadoop.hdds.server.OzoneProtocolMessageDispatcher.processRequest(OzoneProtocolMessageDispatcher.java:87) [hdds-server-framework-1.4.0-SNAPSHOT.jar:?]
	at org.apache.hadoop.ozone.protocolPB.OzoneManagerProtocolServerSideTranslatorPB.submitRequest(OzoneManagerProtocolServerSideTranslatorPB.java:147) [ozone-manager-1.4.0-SNAPSHOT.jar:?]
	at org.apache.hadoop.ozone.protocol.proto.OzoneManagerProtocolProtos$OzoneManagerService$2.callBlockingMethod(OzoneManagerProtocolProtos.java) [ozone-interface-client-1.4.0-SNAPSHOT.jar:?]
	at org.apache.hadoop.ipc.ProtobufRpcEngine$Server.processCall(ProtobufRpcEngine.java:465) [hadoop-common-3.3.4.jar:?]
	at org.apache.hadoop.ipc.ProtobufRpcEngine2$Server$ProtoBufRpcInvoker.call(ProtobufRpcEngine2.java:578) [hadoop-common-3.3.4.jar:?]
	at org.apache.hadoop.ipc.ProtobufRpcEngine2$Server$ProtoBufRpcInvoker.call(ProtobufRpcEngine2.java:556) [hadoop-common-3.3.4.jar:?]
	at org.apache.hadoop.ipc.RPC$Server.call(RPC.java:1093) [hadoop-common-3.3.4.jar:?]
	at org.apache.hadoop.ipc.Server$RpcCall.run(Server.java:1043) [hadoop-common-3.3.4.jar:?]
	at org.apache.hadoop.ipc.Server$RpcCall.run(Server.java:971) [hadoop-common-3.3.4.jar:?]
	at java.security.AccessController.doPrivileged(Native Method) ~[?:1.8.0_362]
	at javax.security.auth.Subject.doAs(Subject.java:422) [?:1.8.0_362]
	at org.apache.hadoop.security.UserGroupInformation.doAs(UserGroupInformation.java:1878) [hadoop-common-3.3.4.jar:?]
	at org.apache.hadoop.ipc.Server$Handler.run(Server.java:2976) [hadoop-common-3.3.4.jar:?]
16:35:00.192 [IPC Server handler 9 on default port 44851] ERROR OMAudit - user=runner | ip=127.0.0.1 | op=GET_FILE_STATUS {volume=volume35667, bucket=bucket27185, key=gdir1/dir2, dataSize=0, replicationConfig=null} | ret=FAILURE
org.apache.hadoop.ozone.om.exceptions.OMException: Unable to get file status: volume: volume35667 bucket: bucket27185 key: gdir1/dir2
	at org.apache.hadoop.ozone.om.KeyManagerImpl.getOzoneFileStatus(KeyManagerImpl.java:1162) ~[ozone-manager-1.4.0-SNAPSHOT.jar:?]
	at org.apache.hadoop.ozone.om.KeyManagerImpl.getFileStatus(KeyManagerImpl.java:1080) ~[ozone-manager-1.4.0-SNAPSHOT.jar:?]
	at org.apache.hadoop.ozone.om.OmMetadataReader.getFileStatus(OmMetadataReader.java:288) ~[ozone-manager-1.4.0-SNAPSHOT.jar:?]
	at org.apache.hadoop.ozone.om.OzoneManager.getFileStatus(OzoneManager.java:3450) ~[ozone-manager-1.4.0-SNAPSHOT.jar:?]
	at org.apache.hadoop.ozone.protocolPB.OzoneManagerRequestHandler.getOzoneFileStatus(OzoneManagerRequestHandler.java:933) ~[ozone-manager-1.4.0-SNAPSHOT.jar:?]
	at org.apache.hadoop.ozone.protocolPB.OzoneManagerRequestHandler.handleReadRequest(OzoneManagerRequestHandler.java:238) ~[ozone-manager-1.4.0-SNAPSHOT.jar:?]
	at org.apache.hadoop.ozone.protocolPB.OzoneManagerProtocolServerSideTranslatorPB.submitReadRequestToOM(OzoneManagerProtocolServerSideTranslatorPB.java:223) ~[ozone-manager-1.4.0-SNAPSHOT.jar:?]
	at org.apache.hadoop.ozone.protocolPB.OzoneManagerProtocolServerSideTranslatorPB.processRequest(OzoneManagerProtocolServerSideTranslatorPB.java:177) ~[ozone-manager-1.4.0-SNAPSHOT.jar:?]
	at org.apache.hadoop.hdds.server.OzoneProtocolMessageDispatcher.processRequest(OzoneProtocolMessageDispatcher.java:87) [hdds-server-framework-1.4.0-SNAPSHOT.jar:?]
	at org.apache.hadoop.ozone.protocolPB.OzoneManagerProtocolServerSideTranslatorPB.submitRequest(OzoneManagerProtocolServerSideTranslatorPB.java:147) [ozone-manager-1.4.0-SNAPSHOT.jar:?]
	at org.apache.hadoop.ozone.protocol.proto.OzoneManagerProtocolProtos$OzoneManagerService$2.callBlockingMethod(OzoneManagerProtocolProtos.java) [ozone-interface-client-1.4.0-SNAPSHOT.jar:?]
	at org.apache.hadoop.ipc.ProtobufRpcEngine$Server.processCall(ProtobufRpcEngine.java:465) [hadoop-common-3.3.4.jar:?]
	at org.apache.hadoop.ipc.ProtobufRpcEngine2$Server$ProtoBufRpcInvoker.call(ProtobufRpcEngine2.java:578) [hadoop-common-3.3.4.jar:?]
	at org.apache.hadoop.ipc.ProtobufRpcEngine2$Server$ProtoBufRpcInvoker.call(ProtobufRpcEngine2.java:556) [hadoop-common-3.3.4.jar:?]
	at org.apache.hadoop.ipc.RPC$Server.call(RPC.java:1093) [hadoop-common-3.3.4.jar:?]
	at org.apache.hadoop.ipc.Server$RpcCall.run(Server.java:1043) [hadoop-common-3.3.4.jar:?]
	at org.apache.hadoop.ipc.Server$RpcCall.run(Server.java:971) [hadoop-common-3.3.4.jar:?]
	at java.security.AccessController.doPrivileged(Native Method) ~[?:1.8.0_362]
	at javax.security.auth.Subject.doAs(Subject.java:422) [?:1.8.0_362]
	at org.apache.hadoop.security.UserGroupInformation.doAs(UserGroupInformation.java:1878) [hadoop-common-3.3.4.jar:?]
	at org.apache.hadoop.ipc.Server$Handler.run(Server.java:2976) [hadoop-common-3.3.4.jar:?]
16:35:00.193 [IPC Server handler 10 on default port 44851] ERROR OMAudit - user=runner | ip=127.0.0.1 | op=GET_FILE_STATUS {volume=volume35667, bucket=bucket27185, key=gdir1/dir2/child, dataSize=0, replicationConfig=null} | ret=FAILURE
org.apache.hadoop.ozone.om.exceptions.OMException: Unable to get file status: volume: volume35667 bucket: bucket27185 key: gdir1/dir2/child
	at org.apache.hadoop.ozone.om.KeyManagerImpl.getOzoneFileStatus(KeyManagerImpl.java:1162) ~[ozone-manager-1.4.0-SNAPSHOT.jar:?]
	at org.apache.hadoop.ozone.om.KeyManagerImpl.getFileStatus(KeyManagerImpl.java:1080) ~[ozone-manager-1.4.0-SNAPSHOT.jar:?]
	at org.apache.hadoop.ozone.om.OmMetadataReader.getFileStatus(OmMetadataReader.java:288) ~[ozone-manager-1.4.0-SNAPSHOT.jar:?]
	at org.apache.hadoop.ozone.om.OzoneManager.getFileStatus(OzoneManager.java:3450) ~[ozone-manager-1.4.0-SNAPSHOT.jar:?]
	at org.apache.hadoop.ozone.protocolPB.OzoneManagerRequestHandler.getOzoneFileStatus(OzoneManagerRequestHandler.java:933) ~[ozone-manager-1.4.0-SNAPSHOT.jar:?]
	at org.apache.hadoop.ozone.protocolPB.OzoneManagerRequestHandler.handleReadRequest(OzoneManagerRequestHandler.java:238) ~[ozone-manager-1.4.0-SNAPSHOT.jar:?]
	at org.apache.hadoop.ozone.protocolPB.OzoneManagerProtocolServerSideTranslatorPB.submitReadRequestToOM(OzoneManagerProtocolServerSideTranslatorPB.java:223) ~[ozone-manager-1.4.0-SNAPSHOT.jar:?]
	at org.apache.hadoop.ozone.protocolPB.OzoneManagerProtocolServerSideTranslatorPB.processRequest(OzoneManagerProtocolServerSideTranslatorPB.java:177) ~[ozone-manager-1.4.0-SNAPSHOT.jar:?]
	at org.apache.hadoop.hdds.server.OzoneProtocolMessageDispatcher.processRequest(OzoneProtocolMessageDispatcher.java:87) [hdds-server-framework-1.4.0-SNAPSHOT.jar:?]
	at org.apache.hadoop.ozone.protocolPB.OzoneManagerProtocolServerSideTranslatorPB.submitRequest(OzoneManagerProtocolServerSideTranslatorPB.java:147) [ozone-manager-1.4.0-SNAPSHOT.jar:?]
	at org.apache.hadoop.ozone.protocol.proto.OzoneManagerProtocolProtos$OzoneManagerService$2.callBlockingMethod(OzoneManagerProtocolProtos.java) [ozone-interface-client-1.4.0-SNAPSHOT.jar:?]
	at org.apache.hadoop.ipc.ProtobufRpcEngine$Server.processCall(ProtobufRpcEngine.java:465) [hadoop-common-3.3.4.jar:?]
	at org.apache.hadoop.ipc.ProtobufRpcEngine2$Server$ProtoBufRpcInvoker.call(ProtobufRpcEngine2.java:578) [hadoop-common-3.3.4.jar:?]
	at org.apache.hadoop.ipc.ProtobufRpcEngine2$Server$ProtoBufRpcInvoker.call(ProtobufRpcEngine2.java:556) [hadoop-common-3.3.4.jar:?]
	at org.apache.hadoop.ipc.RPC$Server.call(RPC.java:1093) [hadoop-common-3.3.4.jar:?]
	at org.apache.hadoop.ipc.Server$RpcCall.run(Server.java:1043) [hadoop-common-3.3.4.jar:?]
	at org.apache.hadoop.ipc.Server$RpcCall.run(Server.java:971) [hadoop-common-3.3.4.jar:?]
	at java.security.AccessController.doPrivileged(Native Method) ~[?:1.8.0_362]
	at javax.security.auth.Subject.doAs(Subject.java:422) [?:1.8.0_362]
	at org.apache.hadoop.security.UserGroupInformation.doAs(UserGroupInformation.java:1878) [hadoop-common-3.3.4.jar:?]
	at org.apache.hadoop.ipc.Server$Handler.run(Server.java:2976) [hadoop-common-3.3.4.jar:?]
16:35:00.193 [IPC Server handler 19 on default port 44851] ERROR OMAudit - user=runner | ip=127.0.0.1 | op=GET_FILE_STATUS {volume=volume35667, bucket=bucket27185, key=gdir1/dir3, dataSize=0, replicationConfig=null} | ret=FAILURE
org.apache.hadoop.ozone.om.exceptions.OMException: Unable to get file status: volume: volume35667 bucket: bucket27185 key: gdir1/dir3
	at org.apache.hadoop.ozone.om.KeyManagerImpl.getOzoneFileStatus(KeyManagerImpl.java:1162) ~[ozone-manager-1.4.0-SNAPSHOT.jar:?]
	at org.apache.hadoop.ozone.om.KeyManagerImpl.getFileStatus(KeyManagerImpl.java:1080) ~[ozone-manager-1.4.0-SNAPSHOT.jar:?]
	at org.apache.hadoop.ozone.om.OmMetadataReader.getFileStatus(OmMetadataReader.java:288) ~[ozone-manager-1.4.0-SNAPSHOT.jar:?]
	at org.apache.hadoop.ozone.om.OzoneManager.getFileStatus(OzoneManager.java:3450) ~[ozone-manager-1.4.0-SNAPSHOT.jar:?]
	at org.apache.hadoop.ozone.protocolPB.OzoneManagerRequestHandler.getOzoneFileStatus(OzoneManagerRequestHandler.java:933) ~[ozone-manager-1.4.0-SNAPSHOT.jar:?]
	at org.apache.hadoop.ozone.protocolPB.OzoneManagerRequestHandler.handleReadRequest(OzoneManagerRequestHandler.java:238) ~[ozone-manager-1.4.0-SNAPSHOT.jar:?]
	at org.apache.hadoop.ozone.protocolPB.OzoneManagerProtocolServerSideTranslatorPB.submitReadRequestToOM(OzoneManagerProtocolServerSideTranslatorPB.java:223) ~[ozone-manager-1.4.0-SNAPSHOT.jar:?]
	at org.apache.hadoop.ozone.protocolPB.OzoneManagerProtocolServerSideTranslatorPB.processRequest(OzoneManagerProtocolServerSideTranslatorPB.java:177) ~[ozone-manager-1.4.0-SNAPSHOT.jar:?]
	at org.apache.hadoop.hdds.server.OzoneProtocolMessageDispatcher.processRequest(OzoneProtocolMessageDispatcher.java:87) [hdds-server-framework-1.4.0-SNAPSHOT.jar:?]
	at org.apache.hadoop.ozone.protocolPB.OzoneManagerProtocolServerSideTranslatorPB.submitRequest(OzoneManagerProtocolServerSideTranslatorPB.java:147) [ozone-manager-1.4.0-SNAPSHOT.jar:?]
	at org.apache.hadoop.ozone.protocol.proto.OzoneManagerProtocolProtos$OzoneManagerService$2.callBlockingMethod(OzoneManagerProtocolProtos.java) [ozone-interface-client-1.4.0-SNAPSHOT.jar:?]
	at org.apache.hadoop.ipc.ProtobufRpcEngine$Server.processCall(ProtobufRpcEngine.java:465) [hadoop-common-3.3.4.jar:?]
	at org.apache.hadoop.ipc.ProtobufRpcEngine2$Server$ProtoBufRpcInvoker.call(ProtobufRpcEngine2.java:578) [hadoop-common-3.3.4.jar:?]
	at org.apache.hadoop.ipc.ProtobufRpcEngine2$Server$ProtoBufRpcInvoker.call(ProtobufRpcEngine2.java:556) [hadoop-common-3.3.4.jar:?]
	at org.apache.hadoop.ipc.RPC$Server.call(RPC.java:1093) [hadoop-common-3.3.4.jar:?]
	at org.apache.hadoop.ipc.Server$RpcCall.run(Server.java:1043) [hadoop-common-3.3.4.jar:?]
	at org.apache.hadoop.ipc.Server$RpcCall.run(Server.java:971) [hadoop-common-3.3.4.jar:?]
	at java.security.AccessController.doPrivileged(Native Method) ~[?:1.8.0_362]
	at javax.security.auth.Subject.doAs(Subject.java:422) [?:1.8.0_362]
	at org.apache.hadoop.security.UserGroupInformation.doAs(UserGroupInformation.java:1878) [hadoop-common-3.3.4.jar:?]
	at org.apache.hadoop.ipc.Server$Handler.run(Server.java:2976) [hadoop-common-3.3.4.jar:?]
16:35:00.194 [IPC Server handler 17 on default port 44851] ERROR OMAudit - user=runner | ip=127.0.0.1 | op=GET_FILE_STATUS {volume=volume35667, bucket=bucket27185, key=gdir1/dir3/child, dataSize=0, replicationConfig=null} | ret=FAILURE
org.apache.hadoop.ozone.om.exceptions.OMException: Unable to get file status: volume: volume35667 bucket: bucket27185 key: gdir1/dir3/child
	at org.apache.hadoop.ozone.om.KeyManagerImpl.getOzoneFileStatus(KeyManagerImpl.java:1162) ~[ozone-manager-1.4.0-SNAPSHOT.jar:?]
	at org.apache.hadoop.ozone.om.KeyManagerImpl.getFileStatus(KeyManagerImpl.java:1080) ~[ozone-manager-1.4.0-SNAPSHOT.jar:?]
	at org.apache.hadoop.ozone.om.OmMetadataReader.getFileStatus(OmMetadataReader.java:288) ~[ozone-manager-1.4.0-SNAPSHOT.jar:?]
	at org.apache.hadoop.ozone.om.OzoneManager.getFileStatus(OzoneManager.java:3450) ~[ozone-manager-1.4.0-SNAPSHOT.jar:?]
	at org.apache.hadoop.ozone.protocolPB.OzoneManagerRequestHandler.getOzoneFileStatus(OzoneManagerRequestHandler.java:933) ~[ozone-manager-1.4.0-SNAPSHOT.jar:?]
	at org.apache.hadoop.ozone.protocolPB.OzoneManagerRequestHandler.handleReadRequest(OzoneManagerRequestHandler.java:238) ~[ozone-manager-1.4.0-SNAPSHOT.jar:?]
	at org.apache.hadoop.ozone.protocolPB.OzoneManagerProtocolServerSideTranslatorPB.submitReadRequestToOM(OzoneManagerProtocolServerSideTranslatorPB.java:223) ~[ozone-manager-1.4.0-SNAPSHOT.jar:?]
	at org.apache.hadoop.ozone.protocolPB.OzoneManagerProtocolServerSideTranslatorPB.processRequest(OzoneManagerProtocolServerSideTranslatorPB.java:177) ~[ozone-manager-1.4.0-SNAPSHOT.jar:?]
	at org.apache.hadoop.hdds.server.OzoneProtocolMessageDispatcher.processRequest(OzoneProtocolMessageDispatcher.java:87) [hdds-server-framework-1.4.0-SNAPSHOT.jar:?]
	at org.apache.hadoop.ozone.protocolPB.OzoneManagerProtocolServerSideTranslatorPB.submitRequest(OzoneManagerProtocolServerSideTranslatorPB.java:147) [ozone-manager-1.4.0-SNAPSHOT.jar:?]
	at org.apache.hadoop.ozone.protocol.proto.OzoneManagerProtocolProtos$OzoneManagerService$2.callBlockingMethod(OzoneManagerProtocolProtos.java) [ozone-interface-client-1.4.0-SNAPSHOT.jar:?]
	at org.apache.hadoop.ipc.ProtobufRpcEngine$Server.processCall(ProtobufRpcEngine.java:465) [hadoop-common-3.3.4.jar:?]
	at org.apache.hadoop.ipc.ProtobufRpcEngine2$Server$ProtoBufRpcInvoker.call(ProtobufRpcEngine2.java:578) [hadoop-common-3.3.4.jar:?]
	at org.apache.hadoop.ipc.ProtobufRpcEngine2$Server$ProtoBufRpcInvoker.call(ProtobufRpcEngine2.java:556) [hadoop-common-3.3.4.jar:?]
	at org.apache.hadoop.ipc.RPC$Server.call(RPC.java:1093) [hadoop-common-3.3.4.jar:?]
	at org.apache.hadoop.ipc.Server$RpcCall.run(Server.java:1043) [hadoop-common-3.3.4.jar:?]
	at org.apache.hadoop.ipc.Server$RpcCall.run(Server.java:971) [hadoop-common-3.3.4.jar:?]
	at java.security.AccessController.doPrivileged(Native Method) ~[?:1.8.0_362]
	at javax.security.auth.Subject.doAs(Subject.java:422) [?:1.8.0_362]
	at org.apache.hadoop.security.UserGroupInformation.doAs(UserGroupInformation.java:1878) [hadoop-common-3.3.4.jar:?]
	at org.apache.hadoop.ipc.Server$Handler.run(Server.java:2976) [hadoop-common-3.3.4.jar:?]
16:35:00.194 [IPC Server handler 16 on default port 44851] ERROR OMAudit - user=runner | ip=127.0.0.1 | op=GET_FILE_STATUS {volume=volume35667, bucket=bucket27185, key=gdir1/dir4, dataSize=0, replicationConfig=null} | ret=FAILURE
org.apache.hadoop.ozone.om.exceptions.OMException: Unable to get file status: volume: volume35667 bucket: bucket27185 key: gdir1/dir4
	at org.apache.hadoop.ozone.om.KeyManagerImpl.getOzoneFileStatus(KeyManagerImpl.java:1162) ~[ozone-manager-1.4.0-SNAPSHOT.jar:?]
	at org.apache.hadoop.ozone.om.KeyManagerImpl.getFileStatus(KeyManagerImpl.java:1080) ~[ozone-manager-1.4.0-SNAPSHOT.jar:?]
	at org.apache.hadoop.ozone.om.OmMetadataReader.getFileStatus(OmMetadataReader.java:288) ~[ozone-manager-1.4.0-SNAPSHOT.jar:?]
	at org.apache.hadoop.ozone.om.OzoneManager.getFileStatus(OzoneManager.java:3450) ~[ozone-manager-1.4.0-SNAPSHOT.jar:?]
	at org.apache.hadoop.ozone.protocolPB.OzoneManagerRequestHandler.getOzoneFileStatus(OzoneManagerRequestHandler.java:933) ~[ozone-manager-1.4.0-SNAPSHOT.jar:?]
	at org.apache.hadoop.ozone.protocolPB.OzoneManagerRequestHandler.handleReadRequest(OzoneManagerRequestHandler.java:238) ~[ozone-manager-1.4.0-SNAPSHOT.jar:?]
	at org.apache.hadoop.ozone.protocolPB.OzoneManagerProtocolServerSideTranslatorPB.submitReadRequestToOM(OzoneManagerProtocolServerSideTranslatorPB.java:223) ~[ozone-manager-1.4.0-SNAPSHOT.jar:?]
	at org.apache.hadoop.ozone.protocolPB.OzoneManagerProtocolServerSideTranslatorPB.processRequest(OzoneManagerProtocolServerSideTranslatorPB.java:177) ~[ozone-manager-1.4.0-SNAPSHOT.jar:?]
	at org.apache.hadoop.hdds.server.OzoneProtocolMessageDispatcher.processRequest(OzoneProtocolMessageDispatcher.java:87) [hdds-server-framework-1.4.0-SNAPSHOT.jar:?]
	at org.apache.hadoop.ozone.protocolPB.OzoneManagerProtocolServerSideTranslatorPB.submitRequest(OzoneManagerProtocolServerSideTranslatorPB.java:147) [ozone-manager-1.4.0-SNAPSHOT.jar:?]
	at org.apache.hadoop.ozone.protocol.proto.OzoneManagerProtocolProtos$OzoneManagerService$2.callBlockingMethod(OzoneManagerProtocolProtos.java) [ozone-interface-client-1.4.0-SNAPSHOT.jar:?]
	at org.apache.hadoop.ipc.ProtobufRpcEngine$Server.processCall(ProtobufRpcEngine.java:465) [hadoop-common-3.3.4.jar:?]
	at org.apache.hadoop.ipc.ProtobufRpcEngine2$Server$ProtoBufRpcInvoker.call(ProtobufRpcEngine2.java:578) [hadoop-common-3.3.4.jar:?]
	at org.apache.hadoop.ipc.ProtobufRpcEngine2$Server$ProtoBufRpcInvoker.call(ProtobufRpcEngine2.java:556) [hadoop-common-3.3.4.jar:?]
	at org.apache.hadoop.ipc.RPC$Server.call(RPC.java:1093) [hadoop-common-3.3.4.jar:?]
	at org.apache.hadoop.ipc.Server$RpcCall.run(Server.java:1043) [hadoop-common-3.3.4.jar:?]
	at org.apache.hadoop.ipc.Server$RpcCall.run(Server.java:971) [hadoop-common-3.3.4.jar:?]
	at java.security.AccessController.doPrivileged(Native Method) ~[?:1.8.0_362]
	at javax.security.auth.Subject.doAs(Subject.java:422) [?:1.8.0_362]
	at org.apache.hadoop.security.UserGroupInformation.doAs(UserGroupInformation.java:1878) [hadoop-common-3.3.4.jar:?]
	at org.apache.hadoop.ipc.Server$Handler.run(Server.java:2976) [hadoop-common-3.3.4.jar:?]
16:35:00.195 [IPC Server handler 14 on default port 44851] ERROR OMAudit - user=runner | ip=127.0.0.1 | op=GET_FILE_STATUS {volume=volume35667, bucket=bucket27185, key=gdir1/dir4/child, dataSize=0, replicationConfig=null} | ret=FAILURE
org.apache.hadoop.ozone.om.exceptions.OMException: Unable to get file status: volume: volume35667 bucket: bucket27185 key: gdir1/dir4/child
	at org.apache.hadoop.ozone.om.KeyManagerImpl.getOzoneFileStatus(KeyManagerImpl.java:1162) ~[ozone-manager-1.4.0-SNAPSHOT.jar:?]
	at org.apache.hadoop.ozone.om.KeyManagerImpl.getFileStatus(KeyManagerImpl.java:1080) ~[ozone-manager-1.4.0-SNAPSHOT.jar:?]
	at org.apache.hadoop.ozone.om.OmMetadataReader.getFileStatus(OmMetadataReader.java:288) ~[ozone-manager-1.4.0-SNAPSHOT.jar:?]
	at org.apache.hadoop.ozone.om.OzoneManager.getFileStatus(OzoneManager.java:3450) ~[ozone-manager-1.4.0-SNAPSHOT.jar:?]
	at org.apache.hadoop.ozone.protocolPB.OzoneManagerRequestHandler.getOzoneFileStatus(OzoneManagerRequestHandler.java:933) ~[ozone-manager-1.4.0-SNAPSHOT.jar:?]
	at org.apache.hadoop.ozone.protocolPB.OzoneManagerRequestHandler.handleReadRequest(OzoneManagerRequestHandler.java:238) ~[ozone-manager-1.4.0-SNAPSHOT.jar:?]
	at org.apache.hadoop.ozone.protocolPB.OzoneManagerProtocolServerSideTranslatorPB.submitReadRequestToOM(OzoneManagerProtocolServerSideTranslatorPB.java:223) ~[ozone-manager-1.4.0-SNAPSHOT.jar:?]
	at org.apache.hadoop.ozone.protocolPB.OzoneManagerProtocolServerSideTranslatorPB.processRequest(OzoneManagerProtocolServerSideTranslatorPB.java:177) ~[ozone-manager-1.4.0-SNAPSHOT.jar:?]
	at org.apache.hadoop.hdds.server.OzoneProtocolMessageDispatcher.processRequest(OzoneProtocolMessageDispatcher.java:87) [hdds-server-framework-1.4.0-SNAPSHOT.jar:?]
	at org.apache.hadoop.ozone.protocolPB.OzoneManagerProtocolServerSideTranslatorPB.submitRequest(OzoneManagerProtocolServerSideTranslatorPB.java:147) [ozone-manager-1.4.0-SNAPSHOT.jar:?]
	at org.apache.hadoop.ozone.protocol.proto.OzoneManagerProtocolProtos$OzoneManagerService$2.callBlockingMethod(OzoneManagerProtocolProtos.java) [ozone-interface-client-1.4.0-SNAPSHOT.jar:?]
	at org.apache.hadoop.ipc.ProtobufRpcEngine$Server.processCall(ProtobufRpcEngine.java:465) [hadoop-common-3.3.4.jar:?]
	at org.apache.hadoop.ipc.ProtobufRpcEngine2$Server$ProtoBufRpcInvoker.call(ProtobufRpcEngine2.java:578) [hadoop-common-3.3.4.jar:?]
	at org.apache.hadoop.ipc.ProtobufRpcEngine2$Server$ProtoBufRpcInvoker.call(ProtobufRpcEngine2.java:556) [hadoop-common-3.3.4.jar:?]
	at org.apache.hadoop.ipc.RPC$Server.call(RPC.java:1093) [hadoop-common-3.3.4.jar:?]
	at org.apache.hadoop.ipc.Server$RpcCall.run(Server.java:1043) [hadoop-common-3.3.4.jar:?]
	at org.apache.hadoop.ipc.Server$RpcCall.run(Server.java:971) [hadoop-common-3.3.4.jar:?]
	at java.security.AccessController.doPrivileged(Native Method) ~[?:1.8.0_362]
	at javax.security.auth.Subject.doAs(Subject.java:422) [?:1.8.0_362]
	at org.apache.hadoop.security.UserGroupInformation.doAs(UserGroupInformation.java:1878) [hadoop-common-3.3.4.jar:?]
	at org.apache.hadoop.ipc.Server$Handler.run(Server.java:2976) [hadoop-common-3.3.4.jar:?]
16:35:00.196 [IPC Server handler 13 on default port 44851] ERROR OMAudit - user=runner | ip=127.0.0.1 | op=GET_FILE_STATUS {volume=volume35667, bucket=bucket27185, key=gdir1/dir5, dataSize=0, replicationConfig=null} | ret=FAILURE
org.apache.hadoop.ozone.om.exceptions.OMException: Unable to get file status: volume: volume35667 bucket: bucket27185 key: gdir1/dir5
	at org.apache.hadoop.ozone.om.KeyManagerImpl.getOzoneFileStatus(KeyManagerImpl.java:1162) ~[ozone-manager-1.4.0-SNAPSHOT.jar:?]
	at org.apache.hadoop.ozone.om.KeyManagerImpl.getFileStatus(KeyManagerImpl.java:1080) ~[ozone-manager-1.4.0-SNAPSHOT.jar:?]
	at org.apache.hadoop.ozone.om.OmMetadataReader.getFileStatus(OmMetadataReader.java:288) ~[ozone-manager-1.4.0-SNAPSHOT.jar:?]
	at org.apache.hadoop.ozone.om.OzoneManager.getFileStatus(OzoneManager.java:3450) ~[ozone-manager-1.4.0-SNAPSHOT.jar:?]
	at org.apache.hadoop.ozone.protocolPB.OzoneManagerRequestHandler.getOzoneFileStatus(OzoneManagerRequestHandler.java:933) ~[ozone-manager-1.4.0-SNAPSHOT.jar:?]
	at org.apache.hadoop.ozone.protocolPB.OzoneManagerRequestHandler.handleReadRequest(OzoneManagerRequestHandler.java:238) ~[ozone-manager-1.4.0-SNAPSHOT.jar:?]
	at org.apache.hadoop.ozone.protocolPB.OzoneManagerProtocolServerSideTranslatorPB.submitReadRequestToOM(OzoneManagerProtocolServerSideTranslatorPB.java:223) ~[ozone-manager-1.4.0-SNAPSHOT.jar:?]
	at org.apache.hadoop.ozone.protocolPB.OzoneManagerProtocolServerSideTranslatorPB.processRequest(OzoneManagerProtocolServerSideTranslatorPB.java:177) ~[ozone-manager-1.4.0-SNAPSHOT.jar:?]
	at org.apache.hadoop.hdds.server.OzoneProtocolMessageDispatcher.processRequest(OzoneProtocolMessageDispatcher.java:87) [hdds-server-framework-1.4.0-SNAPSHOT.jar:?]
	at org.apache.hadoop.ozone.protocolPB.OzoneManagerProtocolServerSideTranslatorPB.submitRequest(OzoneManagerProtocolServerSideTranslatorPB.java:147) [ozone-manager-1.4.0-SNAPSHOT.jar:?]
	at org.apache.hadoop.ozone.protocol.proto.OzoneManagerProtocolProtos$OzoneManagerService$2.callBlockingMethod(OzoneManagerProtocolProtos.java) [ozone-interface-client-1.4.0-SNAPSHOT.jar:?]
	at org.apache.hadoop.ipc.ProtobufRpcEngine$Server.processCall(ProtobufRpcEngine.java:465) [hadoop-common-3.3.4.jar:?]
	at org.apache.hadoop.ipc.ProtobufRpcEngine2$Server$ProtoBufRpcInvoker.call(ProtobufRpcEngine2.java:578) [hadoop-common-3.3.4.jar:?]
	at org.apache.hadoop.ipc.ProtobufRpcEngine2$Server$ProtoBufRpcInvoker.call(ProtobufRpcEngine2.java:556) [hadoop-common-3.3.4.jar:?]
	at org.apache.hadoop.ipc.RPC$Server.call(RPC.java:1093) [hadoop-common-3.3.4.jar:?]
	at org.apache.hadoop.ipc.Server$RpcCall.run(Server.java:1043) [hadoop-common-3.3.4.jar:?]
	at org.apache.hadoop.ipc.Server$RpcCall.run(Server.java:971) [hadoop-common-3.3.4.jar:?]
	at java.security.AccessController.doPrivileged(Native Method) ~[?:1.8.0_362]
	at javax.security.auth.Subject.doAs(Subject.java:422) [?:1.8.0_362]
	at org.apache.hadoop.security.UserGroupInformation.doAs(UserGroupInformation.java:1878) [hadoop-common-3.3.4.jar:?]
	at org.apache.hadoop.ipc.Server$Handler.run(Server.java:2976) [hadoop-common-3.3.4.jar:?]
16:35:00.196 [IPC Server handler 12 on default port 44851] ERROR OMAudit - user=runner | ip=127.0.0.1 | op=GET_FILE_STATUS {volume=volume35667, bucket=bucket27185, key=gdir1/dir5/child, dataSize=0, replicationConfig=null} | ret=FAILURE
org.apache.hadoop.ozone.om.exceptions.OMException: Unable to get file status: volume: volume35667 bucket: bucket27185 key: gdir1/dir5/child
	at org.apache.hadoop.ozone.om.KeyManagerImpl.getOzoneFileStatus(KeyManagerImpl.java:1162) ~[ozone-manager-1.4.0-SNAPSHOT.jar:?]
	at org.apache.hadoop.ozone.om.KeyManagerImpl.getFileStatus(KeyManagerImpl.java:1080) ~[ozone-manager-1.4.0-SNAPSHOT.jar:?]
	at org.apache.hadoop.ozone.om.OmMetadataReader.getFileStatus(OmMetadataReader.java:288) ~[ozone-manager-1.4.0-SNAPSHOT.jar:?]
	at org.apache.hadoop.ozone.om.OzoneManager.getFileStatus(OzoneManager.java:3450) ~[ozone-manager-1.4.0-SNAPSHOT.jar:?]
	at org.apache.hadoop.ozone.protocolPB.OzoneManagerRequestHandler.getOzoneFileStatus(OzoneManagerRequestHandler.java:933) ~[ozone-manager-1.4.0-SNAPSHOT.jar:?]
	at org.apache.hadoop.ozone.protocolPB.OzoneManagerRequestHandler.handleReadRequest(OzoneManagerRequestHandler.java:238) ~[ozone-manager-1.4.0-SNAPSHOT.jar:?]
	at org.apache.hadoop.ozone.protocolPB.OzoneManagerProtocolServerSideTranslatorPB.submitReadRequestToOM(OzoneManagerProtocolServerSideTranslatorPB.java:223) ~[ozone-manager-1.4.0-SNAPSHOT.jar:?]
	at org.apache.hadoop.ozone.protocolPB.OzoneManagerProtocolServerSideTranslatorPB.processRequest(OzoneManagerProtocolServerSideTranslatorPB.java:177) ~[ozone-manager-1.4.0-SNAPSHOT.jar:?]
	at org.apache.hadoop.hdds.server.OzoneProtocolMessageDispatcher.processRequest(OzoneProtocolMessageDispatcher.java:87) [hdds-server-framework-1.4.0-SNAPSHOT.jar:?]
	at org.apache.hadoop.ozone.protocolPB.OzoneManagerProtocolServerSideTranslatorPB.submitRequest(OzoneManagerProtocolServerSideTranslatorPB.java:147) [ozone-manager-1.4.0-SNAPSHOT.jar:?]
	at org.apache.hadoop.ozone.protocol.proto.OzoneManagerProtocolProtos$OzoneManagerService$2.callBlockingMethod(OzoneManagerProtocolProtos.java) [ozone-interface-client-1.4.0-SNAPSHOT.jar:?]
	at org.apache.hadoop.ipc.ProtobufRpcEngine$Server.processCall(ProtobufRpcEngine.java:465) [hadoop-common-3.3.4.jar:?]
	at org.apache.hadoop.ipc.ProtobufRpcEngine2$Server$ProtoBufRpcInvoker.call(ProtobufRpcEngine2.java:578) [hadoop-common-3.3.4.jar:?]
	at org.apache.hadoop.ipc.ProtobufRpcEngine2$Server$ProtoBufRpcInvoker.call(ProtobufRpcEngine2.java:556) [hadoop-common-3.3.4.jar:?]
	at org.apache.hadoop.ipc.RPC$Server.call(RPC.java:1093) [hadoop-common-3.3.4.jar:?]
	at org.apache.hadoop.ipc.Server$RpcCall.run(Server.java:1043) [hadoop-common-3.3.4.jar:?]
	at org.apache.hadoop.ipc.Server$RpcCall.run(Server.java:971) [hadoop-common-3.3.4.jar:?]
	at java.security.AccessController.doPrivileged(Native Method) ~[?:1.8.0_362]
	at javax.security.auth.Subject.doAs(Subject.java:422) [?:1.8.0_362]
	at org.apache.hadoop.security.UserGroupInformation.doAs(UserGroupInformation.java:1878) [hadoop-common-3.3.4.jar:?]
	at org.apache.hadoop.ipc.Server$Handler.run(Server.java:2976) [hadoop-common-3.3.4.jar:?]
16:35:00.197 [IPC Server handler 18 on default port 44851] ERROR OMAudit - user=runner | ip=127.0.0.1 | op=GET_FILE_STATUS {volume=volume35667, bucket=bucket27185, key=gdir1/dir6, dataSize=0, replicationConfig=null} | ret=FAILURE
org.apache.hadoop.ozone.om.exceptions.OMException: Unable to get file status: volume: volume35667 bucket: bucket27185 key: gdir1/dir6
	at org.apache.hadoop.ozone.om.KeyManagerImpl.getOzoneFileStatus(KeyManagerImpl.java:1162) ~[ozone-manager-1.4.0-SNAPSHOT.jar:?]
	at org.apache.hadoop.ozone.om.KeyManagerImpl.getFileStatus(KeyManagerImpl.java:1080) ~[ozone-manager-1.4.0-SNAPSHOT.jar:?]
	at org.apache.hadoop.ozone.om.OmMetadataReader.getFileStatus(OmMetadataReader.java:288) ~[ozone-manager-1.4.0-SNAPSHOT.jar:?]
	at org.apache.hadoop.ozone.om.OzoneManager.getFileStatus(OzoneManager.java:3450) ~[ozone-manager-1.4.0-SNAPSHOT.jar:?]
	at org.apache.hadoop.ozone.protocolPB.OzoneManagerRequestHandler.getOzoneFileStatus(OzoneManagerRequestHandler.java:933) ~[ozone-manager-1.4.0-SNAPSHOT.jar:?]
	at org.apache.hadoop.ozone.protocolPB.OzoneManagerRequestHandler.handleReadRequest(OzoneManagerRequestHandler.java:238) ~[ozone-manager-1.4.0-SNAPSHOT.jar:?]
	at org.apache.hadoop.ozone.protocolPB.OzoneManagerProtocolServerSideTranslatorPB.submitReadRequestToOM(OzoneManagerProtocolServerSideTranslatorPB.java:223) ~[ozone-manager-1.4.0-SNAPSHOT.jar:?]
	at org.apache.hadoop.ozone.protocolPB.OzoneManagerProtocolServerSideTranslatorPB.processRequest(OzoneManagerProtocolServerSideTranslatorPB.java:177) ~[ozone-manager-1.4.0-SNAPSHOT.jar:?]
	at org.apache.hadoop.hdds.server.OzoneProtocolMessageDispatcher.processRequest(OzoneProtocolMessageDispatcher.java:87) [hdds-server-framework-1.4.0-SNAPSHOT.jar:?]
	at org.apache.hadoop.ozone.protocolPB.OzoneManagerProtocolServerSideTranslatorPB.submitRequest(OzoneManagerProtocolServerSideTranslatorPB.java:147) [ozone-manager-1.4.0-SNAPSHOT.jar:?]
	at org.apache.hadoop.ozone.protocol.proto.OzoneManagerProtocolProtos$OzoneManagerService$2.callBlockingMethod(OzoneManagerProtocolProtos.java) [ozone-interface-client-1.4.0-SNAPSHOT.jar:?]
	at org.apache.hadoop.ipc.ProtobufRpcEngine$Server.processCall(ProtobufRpcEngine.java:465) [hadoop-common-3.3.4.jar:?]
	at org.apache.hadoop.ipc.ProtobufRpcEngine2$Server$ProtoBufRpcInvoker.call(ProtobufRpcEngine2.java:578) [hadoop-common-3.3.4.jar:?]
	at org.apache.hadoop.ipc.ProtobufRpcEngine2$Server$ProtoBufRpcInvoker.call(ProtobufRpcEngine2.java:556) [hadoop-common-3.3.4.jar:?]
	at org.apache.hadoop.ipc.RPC$Server.call(RPC.java:1093) [hadoop-common-3.3.4.jar:?]
	at org.apache.hadoop.ipc.Server$RpcCall.run(Server.java:1043) [hadoop-common-3.3.4.jar:?]
	at org.apache.hadoop.ipc.Server$RpcCall.run(Server.java:971) [hadoop-common-3.3.4.jar:?]
	at java.security.AccessController.doPrivileged(Native Method) ~[?:1.8.0_362]
	at javax.security.auth.Subject.doAs(Subject.java:422) [?:1.8.0_362]
	at org.apache.hadoop.security.UserGroupInformation.doAs(UserGroupInformation.java:1878) [hadoop-common-3.3.4.jar:?]
	at org.apache.hadoop.ipc.Server$Handler.run(Server.java:2976) [hadoop-common-3.3.4.jar:?]
16:35:00.197 [IPC Server handler 15 on default port 44851] ERROR OMAudit - user=runner | ip=127.0.0.1 | op=GET_FILE_STATUS {volume=volume35667, bucket=bucket27185, key=gdir1/dir6/child, dataSize=0, replicationConfig=null} | ret=FAILURE
org.apache.hadoop.ozone.om.exceptions.OMException: Unable to get file status: volume: volume35667 bucket: bucket27185 key: gdir1/dir6/child
	at org.apache.hadoop.ozone.om.KeyManagerImpl.getOzoneFileStatus(KeyManagerImpl.java:1162) ~[ozone-manager-1.4.0-SNAPSHOT.jar:?]
	at org.apache.hadoop.ozone.om.KeyManagerImpl.getFileStatus(KeyManagerImpl.java:1080) ~[ozone-manager-1.4.0-SNAPSHOT.jar:?]
	at org.apache.hadoop.ozone.om.OmMetadataReader.getFileStatus(OmMetadataReader.java:288) ~[ozone-manager-1.4.0-SNAPSHOT.jar:?]
	at org.apache.hadoop.ozone.om.OzoneManager.getFileStatus(OzoneManager.java:3450) ~[ozone-manager-1.4.0-SNAPSHOT.jar:?]
	at org.apache.hadoop.ozone.protocolPB.OzoneManagerRequestHandler.getOzoneFileStatus(OzoneManagerRequestHandler.java:933) ~[ozone-manager-1.4.0-SNAPSHOT.jar:?]
	at org.apache.hadoop.ozone.protocolPB.OzoneManagerRequestHandler.handleReadRequest(OzoneManagerRequestHandler.java:238) ~[ozone-manager-1.4.0-SNAPSHOT.jar:?]
	at org.apache.hadoop.ozone.protocolPB.OzoneManagerProtocolServerSideTranslatorPB.submitReadRequestToOM(OzoneManagerProtocolServerSideTranslatorPB.java:223) ~[ozone-manager-1.4.0-SNAPSHOT.jar:?]
	at org.apache.hadoop.ozone.protocolPB.OzoneManagerProtocolServerSideTranslatorPB.processRequest(OzoneManagerProtocolServerSideTranslatorPB.java:177) ~[ozone-manager-1.4.0-SNAPSHOT.jar:?]
	at org.apache.hadoop.hdds.server.OzoneProtocolMessageDispatcher.processRequest(OzoneProtocolMessageDispatcher.java:87) [hdds-server-framework-1.4.0-SNAPSHOT.jar:?]
	at org.apache.hadoop.ozone.protocolPB.OzoneManagerProtocolServerSideTranslatorPB.submitRequest(OzoneManagerProtocolServerSideTranslatorPB.java:147) [ozone-manager-1.4.0-SNAPSHOT.jar:?]
	at org.apache.hadoop.ozone.protocol.proto.OzoneManagerProtocolProtos$OzoneManagerService$2.callBlockingMethod(OzoneManagerProtocolProtos.java) [ozone-interface-client-1.4.0-SNAPSHOT.jar:?]
	at org.apache.hadoop.ipc.ProtobufRpcEngine$Server.processCall(ProtobufRpcEngine.java:465) [hadoop-common-3.3.4.jar:?]
	at org.apache.hadoop.ipc.ProtobufRpcEngine2$Server$ProtoBufRpcInvoker.call(ProtobufRpcEngine2.java:578) [hadoop-common-3.3.4.jar:?]
	at org.apache.hadoop.ipc.ProtobufRpcEngine2$Server$ProtoBufRpcInvoker.call(ProtobufRpcEngine2.java:556) [hadoop-common-3.3.4.jar:?]
	at org.apache.hadoop.ipc.RPC$Server.call(RPC.java:1093) [hadoop-common-3.3.4.jar:?]
	at org.apache.hadoop.ipc.Server$RpcCall.run(Server.java:1043) [hadoop-common-3.3.4.jar:?]
	at org.apache.hadoop.ipc.Server$RpcCall.run(Server.java:971) [hadoop-common-3.3.4.jar:?]
	at java.security.AccessController.doPrivileged(Native Method) ~[?:1.8.0_362]
	at javax.security.auth.Subject.doAs(Subject.java:422) [?:1.8.0_362]
	at org.apache.hadoop.security.UserGroupInformation.doAs(UserGroupInformation.java:1878) [hadoop-common-3.3.4.jar:?]
	at org.apache.hadoop.ipc.Server$Handler.run(Server.java:2976) [hadoop-common-3.3.4.jar:?]
16:35:00.198 [IPC Server handler 11 on default port 44851] ERROR OMAudit - user=runner | ip=127.0.0.1 | op=GET_FILE_STATUS {volume=volume35667, bucket=bucket27185, key=gdir1/dir7, dataSize=0, replicationConfig=null} | ret=FAILURE
org.apache.hadoop.ozone.om.exceptions.OMException: Unable to get file status: volume: volume35667 bucket: bucket27185 key: gdir1/dir7
	at org.apache.hadoop.ozone.om.KeyManagerImpl.getOzoneFileStatus(KeyManagerImpl.java:1162) ~[ozone-manager-1.4.0-SNAPSHOT.jar:?]
	at org.apache.hadoop.ozone.om.KeyManagerImpl.getFileStatus(KeyManagerImpl.java:1080) ~[ozone-manager-1.4.0-SNAPSHOT.jar:?]
	at org.apache.hadoop.ozone.om.OmMetadataReader.getFileStatus(OmMetadataReader.java:288) ~[ozone-manager-1.4.0-SNAPSHOT.jar:?]
	at org.apache.hadoop.ozone.om.OzoneManager.getFileStatus(OzoneManager.java:3450) ~[ozone-manager-1.4.0-SNAPSHOT.jar:?]
	at org.apache.hadoop.ozone.protocolPB.OzoneManagerRequestHandler.getOzoneFileStatus(OzoneManagerRequestHandler.java:933) ~[ozone-manager-1.4.0-SNAPSHOT.jar:?]
	at org.apache.hadoop.ozone.protocolPB.OzoneManagerRequestHandler.handleReadRequest(OzoneManagerRequestHandler.java:238) ~[ozone-manager-1.4.0-SNAPSHOT.jar:?]
	at org.apache.hadoop.ozone.protocolPB.OzoneManagerProtocolServerSideTranslatorPB.submitReadRequestToOM(OzoneManagerProtocolServerSideTranslatorPB.java:223) ~[ozone-manager-1.4.0-SNAPSHOT.jar:?]
	at org.apache.hadoop.ozone.protocolPB.OzoneManagerProtocolServerSideTranslatorPB.processRequest(OzoneManagerProtocolServerSideTranslatorPB.java:177) ~[ozone-manager-1.4.0-SNAPSHOT.jar:?]
	at org.apache.hadoop.hdds.server.OzoneProtocolMessageDispatcher.processRequest(OzoneProtocolMessageDispatcher.java:87) [hdds-server-framework-1.4.0-SNAPSHOT.jar:?]
	at org.apache.hadoop.ozone.protocolPB.OzoneManagerProtocolServerSideTranslatorPB.submitRequest(OzoneManagerProtocolServerSideTranslatorPB.java:147) [ozone-manager-1.4.0-SNAPSHOT.jar:?]
	at org.apache.hadoop.ozone.protocol.proto.OzoneManagerProtocolProtos$OzoneManagerService$2.callBlockingMethod(OzoneManagerProtocolProtos.java) [ozone-interface-client-1.4.0-SNAPSHOT.jar:?]
	at org.apache.hadoop.ipc.ProtobufRpcEngine$Server.processCall(ProtobufRpcEngine.java:465) [hadoop-common-3.3.4.jar:?]
	at org.apache.hadoop.ipc.ProtobufRpcEngine2$Server$ProtoBufRpcInvoker.call(ProtobufRpcEngine2.java:578) [hadoop-common-3.3.4.jar:?]
	at org.apache.hadoop.ipc.ProtobufRpcEngine2$Server$ProtoBufRpcInvoker.call(ProtobufRpcEngine2.java:556) [hadoop-common-3.3.4.jar:?]
	at org.apache.hadoop.ipc.RPC$Server.call(RPC.java:1093) [hadoop-common-3.3.4.jar:?]
	at org.apache.hadoop.ipc.Server$RpcCall.run(Server.java:1043) [hadoop-common-3.3.4.jar:?]
	at org.apache.hadoop.ipc.Server$RpcCall.run(Server.java:971) [hadoop-common-3.3.4.jar:?]
	at java.security.AccessController.doPrivileged(Native Method) ~[?:1.8.0_362]
	at javax.security.auth.Subject.doAs(Subject.java:422) [?:1.8.0_362]
	at org.apache.hadoop.security.UserGroupInformation.doAs(UserGroupInformation.java:1878) [hadoop-common-3.3.4.jar:?]
	at org.apache.hadoop.ipc.Server$Handler.run(Server.java:2976) [hadoop-common-3.3.4.jar:?]
16:35:00.198 [IPC Server handler 0 on default port 44851] ERROR OMAudit - user=runner | ip=127.0.0.1 | op=GET_FILE_STATUS {volume=volume35667, bucket=bucket27185, key=gdir1/dir7/child, dataSize=0, replicationConfig=null} | ret=FAILURE
org.apache.hadoop.ozone.om.exceptions.OMException: Unable to get file status: volume: volume35667 bucket: bucket27185 key: gdir1/dir7/child
	at org.apache.hadoop.ozone.om.KeyManagerImpl.getOzoneFileStatus(KeyManagerImpl.java:1162) ~[ozone-manager-1.4.0-SNAPSHOT.jar:?]
	at org.apache.hadoop.ozone.om.KeyManagerImpl.getFileStatus(KeyManagerImpl.java:1080) ~[ozone-manager-1.4.0-SNAPSHOT.jar:?]
	at org.apache.hadoop.ozone.om.OmMetadataReader.getFileStatus(OmMetadataReader.java:288) ~[ozone-manager-1.4.0-SNAPSHOT.jar:?]
	at org.apache.hadoop.ozone.om.OzoneManager.getFileStatus(OzoneManager.java:3450) ~[ozone-manager-1.4.0-SNAPSHOT.jar:?]
	at org.apache.hadoop.ozone.protocolPB.OzoneManagerRequestHandler.getOzoneFileStatus(OzoneManagerRequestHandler.java:933) ~[ozone-manager-1.4.0-SNAPSHOT.jar:?]
	at org.apache.hadoop.ozone.protocolPB.OzoneManagerRequestHandler.handleReadRequest(OzoneManagerRequestHandler.java:238) ~[ozone-manager-1.4.0-SNAPSHOT.jar:?]
	at org.apache.hadoop.ozone.protocolPB.OzoneManagerProtocolServerSideTranslatorPB.submitReadRequestToOM(OzoneManagerProtocolServerSideTranslatorPB.java:223) ~[ozone-manager-1.4.0-SNAPSHOT.jar:?]
	at org.apache.hadoop.ozone.protocolPB.OzoneManagerProtocolServerSideTranslatorPB.processRequest(OzoneManagerProtocolServerSideTranslatorPB.java:177) ~[ozone-manager-1.4.0-SNAPSHOT.jar:?]
	at org.apache.hadoop.hdds.server.OzoneProtocolMessageDispatcher.processRequest(OzoneProtocolMessageDispatcher.java:87) [hdds-server-framework-1.4.0-SNAPSHOT.jar:?]
	at org.apache.hadoop.ozone.protocolPB.OzoneManagerProtocolServerSideTranslatorPB.submitRequest(OzoneManagerProtocolServerSideTranslatorPB.java:147) [ozone-manager-1.4.0-SNAPSHOT.jar:?]
	at org.apache.hadoop.ozone.protocol.proto.OzoneManagerProtocolProtos$OzoneManagerService$2.callBlockingMethod(OzoneManagerProtocolProtos.java) [ozone-interface-client-1.4.0-SNAPSHOT.jar:?]
	at org.apache.hadoop.ipc.ProtobufRpcEngine$Server.processCall(ProtobufRpcEngine.java:465) [hadoop-common-3.3.4.jar:?]
	at org.apache.hadoop.ipc.ProtobufRpcEngine2$Server$ProtoBufRpcInvoker.call(ProtobufRpcEngine2.java:578) [hadoop-common-3.3.4.jar:?]
	at org.apache.hadoop.ipc.ProtobufRpcEngine2$Server$ProtoBufRpcInvoker.call(ProtobufRpcEngine2.java:556) [hadoop-common-3.3.4.jar:?]
	at org.apache.hadoop.ipc.RPC$Server.call(RPC.java:1093) [hadoop-common-3.3.4.jar:?]
	at org.apache.hadoop.ipc.Server$RpcCall.run(Server.java:1043) [hadoop-common-3.3.4.jar:?]
	at org.apache.hadoop.ipc.Server$RpcCall.run(Server.java:971) [hadoop-common-3.3.4.jar:?]
	at java.security.AccessController.doPrivileged(Native Method) ~[?:1.8.0_362]
	at javax.security.auth.Subject.doAs(Subject.java:422) [?:1.8.0_362]
	at org.apache.hadoop.security.UserGroupInformation.doAs(UserGroupInformation.java:1878) [hadoop-common-3.3.4.jar:?]
	at org.apache.hadoop.ipc.Server$Handler.run(Server.java:2976) [hadoop-common-3.3.4.jar:?]
16:35:00.200 [IPC Server handler 1 on default port 44851] ERROR OMAudit - user=runner | ip=127.0.0.1 | op=GET_FILE_STATUS {volume=volume35667, bucket=bucket27185, key=gdir1/dir8, dataSize=0, replicationConfig=null} | ret=FAILURE
org.apache.hadoop.ozone.om.exceptions.OMException: Unable to get file status: volume: volume35667 bucket: bucket27185 key: gdir1/dir8
	at org.apache.hadoop.ozone.om.KeyManagerImpl.getOzoneFileStatus(KeyManagerImpl.java:1162) ~[ozone-manager-1.4.0-SNAPSHOT.jar:?]
	at org.apache.hadoop.ozone.om.KeyManagerImpl.getFileStatus(KeyManagerImpl.java:1080) ~[ozone-manager-1.4.0-SNAPSHOT.jar:?]
	at org.apache.hadoop.ozone.om.OmMetadataReader.getFileStatus(OmMetadataReader.java:288) ~[ozone-manager-1.4.0-SNAPSHOT.jar:?]
	at org.apache.hadoop.ozone.om.OzoneManager.getFileStatus(OzoneManager.java:3450) ~[ozone-manager-1.4.0-SNAPSHOT.jar:?]
	at org.apache.hadoop.ozone.protocolPB.OzoneManagerRequestHandler.getOzoneFileStatus(OzoneManagerRequestHandler.java:933) ~[ozone-manager-1.4.0-SNAPSHOT.jar:?]
	at org.apache.hadoop.ozone.protocolPB.OzoneManagerRequestHandler.handleReadRequest(OzoneManagerRequestHandler.java:238) ~[ozone-manager-1.4.0-SNAPSHOT.jar:?]
	at org.apache.hadoop.ozone.protocolPB.OzoneManagerProtocolServerSideTranslatorPB.submitReadRequestToOM(OzoneManagerProtocolServerSideTranslatorPB.java:223) ~[ozone-manager-1.4.0-SNAPSHOT.jar:?]
	at org.apache.hadoop.ozone.protocolPB.OzoneManagerProtocolServerSideTranslatorPB.processRequest(OzoneManagerProtocolServerSideTranslatorPB.java:177) ~[ozone-manager-1.4.0-SNAPSHOT.jar:?]
	at org.apache.hadoop.hdds.server.OzoneProtocolMessageDispatcher.processRequest(OzoneProtocolMessageDispatcher.java:87) [hdds-server-framework-1.4.0-SNAPSHOT.jar:?]
	at org.apache.hadoop.ozone.protocolPB.OzoneManagerProtocolServerSideTranslatorPB.submitRequest(OzoneManagerProtocolServerSideTranslatorPB.java:147) [ozone-manager-1.4.0-SNAPSHOT.jar:?]
	at org.apache.hadoop.ozone.protocol.proto.OzoneManagerProtocolProtos$OzoneManagerService$2.callBlockingMethod(OzoneManagerProtocolProtos.java) [ozone-interface-client-1.4.0-SNAPSHOT.jar:?]
	at org.apache.hadoop.ipc.ProtobufRpcEngine$Server.processCall(ProtobufRpcEngine.java:465) [hadoop-common-3.3.4.jar:?]
	at org.apache.hadoop.ipc.ProtobufRpcEngine2$Server$ProtoBufRpcInvoker.call(ProtobufRpcEngine2.java:578) [hadoop-common-3.3.4.jar:?]
	at org.apache.hadoop.ipc.ProtobufRpcEngine2$Server$ProtoBufRpcInvoker.call(ProtobufRpcEngine2.java:556) [hadoop-common-3.3.4.jar:?]
	at org.apache.hadoop.ipc.RPC$Server.call(RPC.java:1093) [hadoop-common-3.3.4.jar:?]
	at org.apache.hadoop.ipc.Server$RpcCall.run(Server.java:1043) [hadoop-common-3.3.4.jar:?]
	at org.apache.hadoop.ipc.Server$RpcCall.run(Server.java:971) [hadoop-common-3.3.4.jar:?]
	at java.security.AccessController.doPrivileged(Native Method) ~[?:1.8.0_362]
	at javax.security.auth.Subject.doAs(Subject.java:422) [?:1.8.0_362]
	at org.apache.hadoop.security.UserGroupInformation.doAs(UserGroupInformation.java:1878) [hadoop-common-3.3.4.jar:?]
	at org.apache.hadoop.ipc.Server$Handler.run(Server.java:2976) [hadoop-common-3.3.4.jar:?]
16:35:00.201 [IPC Server handler 2 on default port 44851] ERROR OMAudit - user=runner | ip=127.0.0.1 | op=GET_FILE_STATUS {volume=volume35667, bucket=bucket27185, key=gdir1/dir8/child, dataSize=0, replicationConfig=null} | ret=FAILURE
org.apache.hadoop.ozone.om.exceptions.OMException: Unable to get file status: volume: volume35667 bucket: bucket27185 key: gdir1/dir8/child
	at org.apache.hadoop.ozone.om.KeyManagerImpl.getOzoneFileStatus(KeyManagerImpl.java:1162) ~[ozone-manager-1.4.0-SNAPSHOT.jar:?]
	at org.apache.hadoop.ozone.om.KeyManagerImpl.getFileStatus(KeyManagerImpl.java:1080) ~[ozone-manager-1.4.0-SNAPSHOT.jar:?]
	at org.apache.hadoop.ozone.om.OmMetadataReader.getFileStatus(OmMetadataReader.java:288) ~[ozone-manager-1.4.0-SNAPSHOT.jar:?]
	at org.apache.hadoop.ozone.om.OzoneManager.getFileStatus(OzoneManager.java:3450) ~[ozone-manager-1.4.0-SNAPSHOT.jar:?]
	at org.apache.hadoop.ozone.protocolPB.OzoneManagerRequestHandler.getOzoneFileStatus(OzoneManagerRequestHandler.java:933) ~[ozone-manager-1.4.0-SNAPSHOT.jar:?]
	at org.apache.hadoop.ozone.protocolPB.OzoneManagerRequestHandler.handleReadRequest(OzoneManagerRequestHandler.java:238) ~[ozone-manager-1.4.0-SNAPSHOT.jar:?]
	at org.apache.hadoop.ozone.protocolPB.OzoneManagerProtocolServerSideTranslatorPB.submitReadRequestToOM(OzoneManagerProtocolServerSideTranslatorPB.java:223) ~[ozone-manager-1.4.0-SNAPSHOT.jar:?]
	at org.apache.hadoop.ozone.protocolPB.OzoneManagerProtocolServerSideTranslatorPB.processRequest(OzoneManagerProtocolServerSideTranslatorPB.java:177) ~[ozone-manager-1.4.0-SNAPSHOT.jar:?]
	at org.apache.hadoop.hdds.server.OzoneProtocolMessageDispatcher.processRequest(OzoneProtocolMessageDispatcher.java:87) [hdds-server-framework-1.4.0-SNAPSHOT.jar:?]
	at org.apache.hadoop.ozone.protocolPB.OzoneManagerProtocolServerSideTranslatorPB.submitRequest(OzoneManagerProtocolServerSideTranslatorPB.java:147) [ozone-manager-1.4.0-SNAPSHOT.jar:?]
	at org.apache.hadoop.ozone.protocol.proto.OzoneManagerProtocolProtos$OzoneManagerService$2.callBlockingMethod(OzoneManagerProtocolProtos.java) [ozone-interface-client-1.4.0-SNAPSHOT.jar:?]
	at org.apache.hadoop.ipc.ProtobufRpcEngine$Server.processCall(ProtobufRpcEngine.java:465) [hadoop-common-3.3.4.jar:?]
	at org.apache.hadoop.ipc.ProtobufRpcEngine2$Server$ProtoBufRpcInvoker.call(ProtobufRpcEngine2.java:578) [hadoop-common-3.3.4.jar:?]
	at org.apache.hadoop.ipc.ProtobufRpcEngine2$Server$ProtoBufRpcInvoker.call(ProtobufRpcEngine2.java:556) [hadoop-common-3.3.4.jar:?]
	at org.apache.hadoop.ipc.RPC$Server.call(RPC.java:1093) [hadoop-common-3.3.4.jar:?]
	at org.apache.hadoop.ipc.Server$RpcCall.run(Server.java:1043) [hadoop-common-3.3.4.jar:?]
	at org.apache.hadoop.ipc.Server$RpcCall.run(Server.java:971) [hadoop-common-3.3.4.jar:?]
	at java.security.AccessController.doPrivileged(Native Method) ~[?:1.8.0_362]
	at javax.security.auth.Subject.doAs(Subject.java:422) [?:1.8.0_362]
	at org.apache.hadoop.security.UserGroupInformation.doAs(UserGroupInformation.java:1878) [hadoop-common-3.3.4.jar:?]
	at org.apache.hadoop.ipc.Server$Handler.run(Server.java:2976) [hadoop-common-3.3.4.jar:?]
16:35:00.201 [IPC Server handler 4 on default port 44851] ERROR OMAudit - user=runner | ip=127.0.0.1 | op=GET_FILE_STATUS {volume=volume35667, bucket=bucket27185, key=gdir1/dir9, dataSize=0, replicationConfig=null} | ret=FAILURE
org.apache.hadoop.ozone.om.exceptions.OMException: Unable to get file status: volume: volume35667 bucket: bucket27185 key: gdir1/dir9
	at org.apache.hadoop.ozone.om.KeyManagerImpl.getOzoneFileStatus(KeyManagerImpl.java:1162) ~[ozone-manager-1.4.0-SNAPSHOT.jar:?]
	at org.apache.hadoop.ozone.om.KeyManagerImpl.getFileStatus(KeyManagerImpl.java:1080) ~[ozone-manager-1.4.0-SNAPSHOT.jar:?]
	at org.apache.hadoop.ozone.om.OmMetadataReader.getFileStatus(OmMetadataReader.java:288) ~[ozone-manager-1.4.0-SNAPSHOT.jar:?]
	at org.apache.hadoop.ozone.om.OzoneManager.getFileStatus(OzoneManager.java:3450) ~[ozone-manager-1.4.0-SNAPSHOT.jar:?]
	at org.apache.hadoop.ozone.protocolPB.OzoneManagerRequestHandler.getOzoneFileStatus(OzoneManagerRequestHandler.java:933) ~[ozone-manager-1.4.0-SNAPSHOT.jar:?]
	at org.apache.hadoop.ozone.protocolPB.OzoneManagerRequestHandler.handleReadRequest(OzoneManagerRequestHandler.java:238) ~[ozone-manager-1.4.0-SNAPSHOT.jar:?]
	at org.apache.hadoop.ozone.protocolPB.OzoneManagerProtocolServerSideTranslatorPB.submitReadRequestToOM(OzoneManagerProtocolServerSideTranslatorPB.java:223) ~[ozone-manager-1.4.0-SNAPSHOT.jar:?]
	at org.apache.hadoop.ozone.protocolPB.OzoneManagerProtocolServerSideTranslatorPB.processRequest(OzoneManagerProtocolServerSideTranslatorPB.java:177) ~[ozone-manager-1.4.0-SNAPSHOT.jar:?]
	at org.apache.hadoop.hdds.server.OzoneProtocolMessageDispatcher.processRequest(OzoneProtocolMessageDispatcher.java:87) [hdds-server-framework-1.4.0-SNAPSHOT.jar:?]
	at org.apache.hadoop.ozone.protocolPB.OzoneManagerProtocolServerSideTranslatorPB.submitRequest(OzoneManagerProtocolServerSideTranslatorPB.java:147) [ozone-manager-1.4.0-SNAPSHOT.jar:?]
	at org.apache.hadoop.ozone.protocol.proto.OzoneManagerProtocolProtos$OzoneManagerService$2.callBlockingMethod(OzoneManagerProtocolProtos.java) [ozone-interface-client-1.4.0-SNAPSHOT.jar:?]
	at org.apache.hadoop.ipc.ProtobufRpcEngine$Server.processCall(ProtobufRpcEngine.java:465) [hadoop-common-3.3.4.jar:?]
	at org.apache.hadoop.ipc.ProtobufRpcEngine2$Server$ProtoBufRpcInvoker.call(ProtobufRpcEngine2.java:578) [hadoop-common-3.3.4.jar:?]
	at org.apache.hadoop.ipc.ProtobufRpcEngine2$Server$ProtoBufRpcInvoker.call(ProtobufRpcEngine2.java:556) [hadoop-common-3.3.4.jar:?]
	at org.apache.hadoop.ipc.RPC$Server.call(RPC.java:1093) [hadoop-common-3.3.4.jar:?]
	at org.apache.hadoop.ipc.Server$RpcCall.run(Server.java:1043) [hadoop-common-3.3.4.jar:?]
	at org.apache.hadoop.ipc.Server$RpcCall.run(Server.java:971) [hadoop-common-3.3.4.jar:?]
	at java.security.AccessController.doPrivileged(Native Method) ~[?:1.8.0_362]
	at javax.security.auth.Subject.doAs(Subject.java:422) [?:1.8.0_362]
	at org.apache.hadoop.security.UserGroupInformation.doAs(UserGroupInformation.java:1878) [hadoop-common-3.3.4.jar:?]
	at org.apache.hadoop.ipc.Server$Handler.run(Server.java:2976) [hadoop-common-3.3.4.jar:?]
16:35:00.202 [IPC Server handler 3 on default port 44851] ERROR OMAudit - user=runner | ip=127.0.0.1 | op=GET_FILE_STATUS {volume=volume35667, bucket=bucket27185, key=gdir1/dir9/child, dataSize=0, replicationConfig=null} | ret=FAILURE
org.apache.hadoop.ozone.om.exceptions.OMException: Unable to get file status: volume: volume35667 bucket: bucket27185 key: gdir1/dir9/child
	at org.apache.hadoop.ozone.om.KeyManagerImpl.getOzoneFileStatus(KeyManagerImpl.java:1162) ~[ozone-manager-1.4.0-SNAPSHOT.jar:?]
	at org.apache.hadoop.ozone.om.KeyManagerImpl.getFileStatus(KeyManagerImpl.java:1080) ~[ozone-manager-1.4.0-SNAPSHOT.jar:?]
	at org.apache.hadoop.ozone.om.OmMetadataReader.getFileStatus(OmMetadataReader.java:288) ~[ozone-manager-1.4.0-SNAPSHOT.jar:?]
	at org.apache.hadoop.ozone.om.OzoneManager.getFileStatus(OzoneManager.java:3450) ~[ozone-manager-1.4.0-SNAPSHOT.jar:?]
	at org.apache.hadoop.ozone.protocolPB.OzoneManagerRequestHandler.getOzoneFileStatus(OzoneManagerRequestHandler.java:933) ~[ozone-manager-1.4.0-SNAPSHOT.jar:?]
	at org.apache.hadoop.ozone.protocolPB.OzoneManagerRequestHandler.handleReadRequest(OzoneManagerRequestHandler.java:238) ~[ozone-manager-1.4.0-SNAPSHOT.jar:?]
	at org.apache.hadoop.ozone.protocolPB.OzoneManagerProtocolServerSideTranslatorPB.submitReadRequestToOM(OzoneManagerProtocolServerSideTranslatorPB.java:223) ~[ozone-manager-1.4.0-SNAPSHOT.jar:?]
	at org.apache.hadoop.ozone.protocolPB.OzoneManagerProtocolServerSideTranslatorPB.processRequest(OzoneManagerProtocolServerSideTranslatorPB.java:177) ~[ozone-manager-1.4.0-SNAPSHOT.jar:?]
	at org.apache.hadoop.hdds.server.OzoneProtocolMessageDispatcher.processRequest(OzoneProtocolMessageDispatcher.java:87) [hdds-server-framework-1.4.0-SNAPSHOT.jar:?]
	at org.apache.hadoop.ozone.protocolPB.OzoneManagerProtocolServerSideTranslatorPB.submitRequest(OzoneManagerProtocolServerSideTranslatorPB.java:147) [ozone-manager-1.4.0-SNAPSHOT.jar:?]
	at org.apache.hadoop.ozone.protocol.proto.OzoneManagerProtocolProtos$OzoneManagerService$2.callBlockingMethod(OzoneManagerProtocolProtos.java) [ozone-interface-client-1.4.0-SNAPSHOT.jar:?]
	at org.apache.hadoop.ipc.ProtobufRpcEngine$Server.processCall(ProtobufRpcEngine.java:465) [hadoop-common-3.3.4.jar:?]
	at org.apache.hadoop.ipc.ProtobufRpcEngine2$Server$ProtoBufRpcInvoker.call(ProtobufRpcEngine2.java:578) [hadoop-common-3.3.4.jar:?]
	at org.apache.hadoop.ipc.ProtobufRpcEngine2$Server$ProtoBufRpcInvoker.call(ProtobufRpcEngine2.java:556) [hadoop-common-3.3.4.jar:?]
	at org.apache.hadoop.ipc.RPC$Server.call(RPC.java:1093) [hadoop-common-3.3.4.jar:?]
	at org.apache.hadoop.ipc.Server$RpcCall.run(Server.java:1043) [hadoop-common-3.3.4.jar:?]
	at org.apache.hadoop.ipc.Server$RpcCall.run(Server.java:971) [hadoop-common-3.3.4.jar:?]
	at java.security.AccessController.doPrivileged(Native Method) ~[?:1.8.0_362]
	at javax.security.auth.Subject.doAs(Subject.java:422) [?:1.8.0_362]
	at org.apache.hadoop.security.UserGroupInformation.doAs(UserGroupInformation.java:1878) [hadoop-common-3.3.4.jar:?]
	at org.apache.hadoop.ipc.Server$Handler.run(Server.java:2976) [hadoop-common-3.3.4.jar:?]
16:35:00.202 [IPC Server handler 5 on default port 44851] ERROR OMAudit - user=runner | ip=127.0.0.1 | op=GET_FILE_STATUS {volume=volume35667, bucket=bucket27185, key=gdir1/dir10, dataSize=0, replicationConfig=null} | ret=FAILURE
org.apache.hadoop.ozone.om.exceptions.OMException: Unable to get file status: volume: volume35667 bucket: bucket27185 key: gdir1/dir10
	at org.apache.hadoop.ozone.om.KeyManagerImpl.getOzoneFileStatus(KeyManagerImpl.java:1162) ~[ozone-manager-1.4.0-SNAPSHOT.jar:?]
	at org.apache.hadoop.ozone.om.KeyManagerImpl.getFileStatus(KeyManagerImpl.java:1080) ~[ozone-manager-1.4.0-SNAPSHOT.jar:?]
	at org.apache.hadoop.ozone.om.OmMetadataReader.getFileStatus(OmMetadataReader.java:288) ~[ozone-manager-1.4.0-SNAPSHOT.jar:?]
	at org.apache.hadoop.ozone.om.OzoneManager.getFileStatus(OzoneManager.java:3450) ~[ozone-manager-1.4.0-SNAPSHOT.jar:?]
	at org.apache.hadoop.ozone.protocolPB.OzoneManagerRequestHandler.getOzoneFileStatus(OzoneManagerRequestHandler.java:933) ~[ozone-manager-1.4.0-SNAPSHOT.jar:?]
	at org.apache.hadoop.ozone.protocolPB.OzoneManagerRequestHandler.handleReadRequest(OzoneManagerRequestHandler.java:238) ~[ozone-manager-1.4.0-SNAPSHOT.jar:?]
	at org.apache.hadoop.ozone.protocolPB.OzoneManagerProtocolServerSideTranslatorPB.submitReadRequestToOM(OzoneManagerProtocolServerSideTranslatorPB.java:223) ~[ozone-manager-1.4.0-SNAPSHOT.jar:?]
	at org.apache.hadoop.ozone.protocolPB.OzoneManagerProtocolServerSideTranslatorPB.processRequest(OzoneManagerProtocolServerSideTranslatorPB.java:177) ~[ozone-manager-1.4.0-SNAPSHOT.jar:?]
	at org.apache.hadoop.hdds.server.OzoneProtocolMessageDispatcher.processRequest(OzoneProtocolMessageDispatcher.java:87) [hdds-server-framework-1.4.0-SNAPSHOT.jar:?]
	at org.apache.hadoop.ozone.protocolPB.OzoneManagerProtocolServerSideTranslatorPB.submitRequest(OzoneManagerProtocolServerSideTranslatorPB.java:147) [ozone-manager-1.4.0-SNAPSHOT.jar:?]
	at org.apache.hadoop.ozone.protocol.proto.OzoneManagerProtocolProtos$OzoneManagerService$2.callBlockingMethod(OzoneManagerProtocolProtos.java) [ozone-interface-client-1.4.0-SNAPSHOT.jar:?]
	at org.apache.hadoop.ipc.ProtobufRpcEngine$Server.processCall(ProtobufRpcEngine.java:465) [hadoop-common-3.3.4.jar:?]
	at org.apache.hadoop.ipc.ProtobufRpcEngine2$Server$ProtoBufRpcInvoker.call(ProtobufRpcEngine2.java:578) [hadoop-common-3.3.4.jar:?]
	at org.apache.hadoop.ipc.ProtobufRpcEngine2$Server$ProtoBufRpcInvoker.call(ProtobufRpcEngine2.java:556) [hadoop-common-3.3.4.jar:?]
	at org.apache.hadoop.ipc.RPC$Server.call(RPC.java:1093) [hadoop-common-3.3.4.jar:?]
	at org.apache.hadoop.ipc.Server$RpcCall.run(Server.java:1043) [hadoop-common-3.3.4.jar:?]
	at org.apache.hadoop.ipc.Server$RpcCall.run(Server.java:971) [hadoop-common-3.3.4.jar:?]
	at java.security.AccessController.doPrivileged(Native Method) ~[?:1.8.0_362]
	at javax.security.auth.Subject.doAs(Subject.java:422) [?:1.8.0_362]
	at org.apache.hadoop.security.UserGroupInformation.doAs(UserGroupInformation.java:1878) [hadoop-common-3.3.4.jar:?]
	at org.apache.hadoop.ipc.Server$Handler.run(Server.java:2976) [hadoop-common-3.3.4.jar:?]
16:35:00.203 [IPC Server handler 7 on default port 44851] ERROR OMAudit - user=runner | ip=127.0.0.1 | op=GET_FILE_STATUS {volume=volume35667, bucket=bucket27185, key=gdir1/dir10/child, dataSize=0, replicationConfig=null} | ret=FAILURE
org.apache.hadoop.ozone.om.exceptions.OMException: Unable to get file status: volume: volume35667 bucket: bucket27185 key: gdir1/dir10/child
	at org.apache.hadoop.ozone.om.KeyManagerImpl.getOzoneFileStatus(KeyManagerImpl.java:1162) ~[ozone-manager-1.4.0-SNAPSHOT.jar:?]
	at org.apache.hadoop.ozone.om.KeyManagerImpl.getFileStatus(KeyManagerImpl.java:1080) ~[ozone-manager-1.4.0-SNAPSHOT.jar:?]
	at org.apache.hadoop.ozone.om.OmMetadataReader.getFileStatus(OmMetadataReader.java:288) ~[ozone-manager-1.4.0-SNAPSHOT.jar:?]
	at org.apache.hadoop.ozone.om.OzoneManager.getFileStatus(OzoneManager.java:3450) ~[ozone-manager-1.4.0-SNAPSHOT.jar:?]
	at org.apache.hadoop.ozone.protocolPB.OzoneManagerRequestHandler.getOzoneFileStatus(OzoneManagerRequestHandler.java:933) ~[ozone-manager-1.4.0-SNAPSHOT.jar:?]
	at org.apache.hadoop.ozone.protocolPB.OzoneManagerRequestHandler.handleReadRequest(OzoneManagerRequestHandler.java:238) ~[ozone-manager-1.4.0-SNAPSHOT.jar:?]
	at org.apache.hadoop.ozone.protocolPB.OzoneManagerProtocolServerSideTranslatorPB.submitReadRequestToOM(OzoneManagerProtocolServerSideTranslatorPB.java:223) ~[ozone-manager-1.4.0-SNAPSHOT.jar:?]
	at org.apache.hadoop.ozone.protocolPB.OzoneManagerProtocolServerSideTranslatorPB.processRequest(OzoneManagerProtocolServerSideTranslatorPB.java:177) ~[ozone-manager-1.4.0-SNAPSHOT.jar:?]
	at org.apache.hadoop.hdds.server.OzoneProtocolMessageDispatcher.processRequest(OzoneProtocolMessageDispatcher.java:87) [hdds-server-framework-1.4.0-SNAPSHOT.jar:?]
	at org.apache.hadoop.ozone.protocolPB.OzoneManagerProtocolServerSideTranslatorPB.submitRequest(OzoneManagerProtocolServerSideTranslatorPB.java:147) [ozone-manager-1.4.0-SNAPSHOT.jar:?]
	at org.apache.hadoop.ozone.protocol.proto.OzoneManagerProtocolProtos$OzoneManagerService$2.callBlockingMethod(OzoneManagerProtocolProtos.java) [ozone-interface-client-1.4.0-SNAPSHOT.jar:?]
	at org.apache.hadoop.ipc.ProtobufRpcEngine$Server.processCall(ProtobufRpcEngine.java:465) [hadoop-common-3.3.4.jar:?]
	at org.apache.hadoop.ipc.ProtobufRpcEngine2$Server$ProtoBufRpcInvoker.call(ProtobufRpcEngine2.java:578) [hadoop-common-3.3.4.jar:?]
	at org.apache.hadoop.ipc.ProtobufRpcEngine2$Server$ProtoBufRpcInvoker.call(ProtobufRpcEngine2.java:556) [hadoop-common-3.3.4.jar:?]
	at org.apache.hadoop.ipc.RPC$Server.call(RPC.java:1093) [hadoop-common-3.3.4.jar:?]
	at org.apache.hadoop.ipc.Server$RpcCall.run(Server.java:1043) [hadoop-common-3.3.4.jar:?]
	at org.apache.hadoop.ipc.Server$RpcCall.run(Server.java:971) [hadoop-common-3.3.4.jar:?]
	at java.security.AccessController.doPrivileged(Native Method) ~[?:1.8.0_362]
	at javax.security.auth.Subject.doAs(Subject.java:422) [?:1.8.0_362]
	at org.apache.hadoop.security.UserGroupInformation.doAs(UserGroupInformation.java:1878) [hadoop-common-3.3.4.jar:?]
	at org.apache.hadoop.ipc.Server$Handler.run(Server.java:2976) [hadoop-common-3.3.4.jar:?]
2023-02-16 16:35:00,207 [OM StateMachine ApplyTransaction Thread - 0] INFO  key.OMKeyRequest (OMKeyRequest.java:wrapUncommittedBlocksAsPseudoKey(837)) - Detect allocated but uncommitted blocks [{blockID={containerID=1, localID=111677748019200024}, length=4194304, offset=0, token=null, pipeline=null, createVersion=0, partNumber=0}] in key level0/level1/file1.
2023-02-16 16:35:00,211 [OM StateMachine ApplyTransaction Thread - 0] INFO  key.OMKeyRequest (OMKeyRequest.java:wrapUncommittedBlocksAsPseudoKey(837)) - Detect allocated but uncommitted blocks [{blockID={containerID=4, localID=111677748019200025}, length=4194304, offset=0, token=null, pipeline=null, createVersion=0, partNumber=0}] in key level0/level1/level1/file1.
2023-02-16 16:35:00,215 [OM StateMachine ApplyTransaction Thread - 0] INFO  key.OMKeyRequest (OMKeyRequest.java:wrapUncommittedBlocksAsPseudoKey(837)) - Detect allocated but uncommitted blocks [{blockID={containerID=2, localID=111677748019200026}, length=4194304, offset=0, token=null, pipeline=null, createVersion=0, partNumber=0}] in key level0/level2/file1.
2023-02-16 16:35:00,218 [OM StateMachine ApplyTransaction Thread - 0] INFO  key.OMKeyRequest (OMKeyRequest.java:wrapUncommittedBlocksAsPseudoKey(837)) - Detect allocated but uncommitted blocks [{blockID={containerID=3, localID=111677748019200027}, length=4194304, offset=0, token=null, pipeline=null, createVersion=0, partNumber=0}] in key level0/level2/level2/file1.
2023-02-16 16:35:00,222 [OM StateMachine ApplyTransaction Thread - 0] INFO  key.OMKeyRequest (OMKeyRequest.java:wrapUncommittedBlocksAsPseudoKey(837)) - Detect allocated but uncommitted blocks [{blockID={containerID=4, localID=111677748019200028}, length=4194304, offset=0, token=null, pipeline=null, createVersion=0, partNumber=0}] in key level0/level3/file1.
2023-02-16 16:35:00,225 [OM StateMachine ApplyTransaction Thread - 0] INFO  key.OMKeyRequest (OMKeyRequest.java:wrapUncommittedBlocksAsPseudoKey(837)) - Detect allocated but uncommitted blocks [{blockID={containerID=3, localID=111677748019200029}, length=4194304, offset=0, token=null, pipeline=null, createVersion=0, partNumber=0}] in key level0/level3/level3/file1.
16:35:00.242 [IPC Server handler 0 on default port 44851] ERROR OMAudit - user=runner | ip=127.0.0.1 | op=GET_FILE_STATUS {volume=volume35667, bucket=bucket27185, key=level0, dataSize=0, replicationConfig=null} | ret=FAILURE
org.apache.hadoop.ozone.om.exceptions.OMException: Unable to get file status: volume: volume35667 bucket: bucket27185 key: level0
	at org.apache.hadoop.ozone.om.KeyManagerImpl.getOzoneFileStatus(KeyManagerImpl.java:1162) ~[ozone-manager-1.4.0-SNAPSHOT.jar:?]
	at org.apache.hadoop.ozone.om.KeyManagerImpl.getFileStatus(KeyManagerImpl.java:1080) ~[ozone-manager-1.4.0-SNAPSHOT.jar:?]
	at org.apache.hadoop.ozone.om.OmMetadataReader.getFileStatus(OmMetadataReader.java:288) ~[ozone-manager-1.4.0-SNAPSHOT.jar:?]
	at org.apache.hadoop.ozone.om.OzoneManager.getFileStatus(OzoneManager.java:3450) ~[ozone-manager-1.4.0-SNAPSHOT.jar:?]
	at org.apache.hadoop.ozone.protocolPB.OzoneManagerRequestHandler.getOzoneFileStatus(OzoneManagerRequestHandler.java:933) ~[ozone-manager-1.4.0-SNAPSHOT.jar:?]
	at org.apache.hadoop.ozone.protocolPB.OzoneManagerRequestHandler.handleReadRequest(OzoneManagerRequestHandler.java:238) ~[ozone-manager-1.4.0-SNAPSHOT.jar:?]
	at org.apache.hadoop.ozone.protocolPB.OzoneManagerProtocolServerSideTranslatorPB.submitReadRequestToOM(OzoneManagerProtocolServerSideTranslatorPB.java:223) ~[ozone-manager-1.4.0-SNAPSHOT.jar:?]
	at org.apache.hadoop.ozone.protocolPB.OzoneManagerProtocolServerSideTranslatorPB.processRequest(OzoneManagerProtocolServerSideTranslatorPB.java:177) ~[ozone-manager-1.4.0-SNAPSHOT.jar:?]
	at org.apache.hadoop.hdds.server.OzoneProtocolMessageDispatcher.processRequest(OzoneProtocolMessageDispatcher.java:87) [hdds-server-framework-1.4.0-SNAPSHOT.jar:?]
	at org.apache.hadoop.ozone.protocolPB.OzoneManagerProtocolServerSideTranslatorPB.submitRequest(OzoneManagerProtocolServerSideTranslatorPB.java:147) [ozone-manager-1.4.0-SNAPSHOT.jar:?]
	at org.apache.hadoop.ozone.protocol.proto.OzoneManagerProtocolProtos$OzoneManagerService$2.callBlockingMethod(OzoneManagerProtocolProtos.java) [ozone-interface-client-1.4.0-SNAPSHOT.jar:?]
	at org.apache.hadoop.ipc.ProtobufRpcEngine$Server.processCall(ProtobufRpcEngine.java:465) [hadoop-common-3.3.4.jar:?]
	at org.apache.hadoop.ipc.ProtobufRpcEngine2$Server$ProtoBufRpcInvoker.call(ProtobufRpcEngine2.java:578) [hadoop-common-3.3.4.jar:?]
	at org.apache.hadoop.ipc.ProtobufRpcEngine2$Server$ProtoBufRpcInvoker.call(ProtobufRpcEngine2.java:556) [hadoop-common-3.3.4.jar:?]
	at org.apache.hadoop.ipc.RPC$Server.call(RPC.java:1093) [hadoop-common-3.3.4.jar:?]
	at org.apache.hadoop.ipc.Server$RpcCall.run(Server.java:1043) [hadoop-common-3.3.4.jar:?]
	at org.apache.hadoop.ipc.Server$RpcCall.run(Server.java:971) [hadoop-common-3.3.4.jar:?]
	at java.security.AccessController.doPrivileged(Native Method) ~[?:1.8.0_362]
	at javax.security.auth.Subject.doAs(Subject.java:422) [?:1.8.0_362]
	at org.apache.hadoop.security.UserGroupInformation.doAs(UserGroupInformation.java:1878) [hadoop-common-3.3.4.jar:?]
	at org.apache.hadoop.ipc.Server$Handler.run(Server.java:2976) [hadoop-common-3.3.4.jar:?]
16:35:00.243 [IPC Server handler 1 on default port 44851] ERROR OMAudit - user=runner | ip=127.0.0.1 | op=GET_FILE_STATUS {volume=volume35667, bucket=bucket27185, key=level0/level1, dataSize=0, replicationConfig=null} | ret=FAILURE
org.apache.hadoop.ozone.om.exceptions.OMException: Unable to get file status: volume: volume35667 bucket: bucket27185 key: level0/level1
	at org.apache.hadoop.ozone.om.KeyManagerImpl.getOzoneFileStatus(KeyManagerImpl.java:1162) ~[ozone-manager-1.4.0-SNAPSHOT.jar:?]
	at org.apache.hadoop.ozone.om.KeyManagerImpl.getFileStatus(KeyManagerImpl.java:1080) ~[ozone-manager-1.4.0-SNAPSHOT.jar:?]
	at org.apache.hadoop.ozone.om.OmMetadataReader.getFileStatus(OmMetadataReader.java:288) ~[ozone-manager-1.4.0-SNAPSHOT.jar:?]
	at org.apache.hadoop.ozone.om.OzoneManager.getFileStatus(OzoneManager.java:3450) ~[ozone-manager-1.4.0-SNAPSHOT.jar:?]
	at org.apache.hadoop.ozone.protocolPB.OzoneManagerRequestHandler.getOzoneFileStatus(OzoneManagerRequestHandler.java:933) ~[ozone-manager-1.4.0-SNAPSHOT.jar:?]
	at org.apache.hadoop.ozone.protocolPB.OzoneManagerRequestHandler.handleReadRequest(OzoneManagerRequestHandler.java:238) ~[ozone-manager-1.4.0-SNAPSHOT.jar:?]
	at org.apache.hadoop.ozone.protocolPB.OzoneManagerProtocolServerSideTranslatorPB.submitReadRequestToOM(OzoneManagerProtocolServerSideTranslatorPB.java:223) ~[ozone-manager-1.4.0-SNAPSHOT.jar:?]
	at org.apache.hadoop.ozone.protocolPB.OzoneManagerProtocolServerSideTranslatorPB.processRequest(OzoneManagerProtocolServerSideTranslatorPB.java:177) ~[ozone-manager-1.4.0-SNAPSHOT.jar:?]
	at org.apache.hadoop.hdds.server.OzoneProtocolMessageDispatcher.processRequest(OzoneProtocolMessageDispatcher.java:87) [hdds-server-framework-1.4.0-SNAPSHOT.jar:?]
	at org.apache.hadoop.ozone.protocolPB.OzoneManagerProtocolServerSideTranslatorPB.submitRequest(OzoneManagerProtocolServerSideTranslatorPB.java:147) [ozone-manager-1.4.0-SNAPSHOT.jar:?]
	at org.apache.hadoop.ozone.protocol.proto.OzoneManagerProtocolProtos$OzoneManagerService$2.callBlockingMethod(OzoneManagerProtocolProtos.java) [ozone-interface-client-1.4.0-SNAPSHOT.jar:?]
	at org.apache.hadoop.ipc.ProtobufRpcEngine$Server.processCall(ProtobufRpcEngine.java:465) [hadoop-common-3.3.4.jar:?]
	at org.apache.hadoop.ipc.ProtobufRpcEngine2$Server$ProtoBufRpcInvoker.call(ProtobufRpcEngine2.java:578) [hadoop-common-3.3.4.jar:?]
	at org.apache.hadoop.ipc.ProtobufRpcEngine2$Server$ProtoBufRpcInvoker.call(ProtobufRpcEngine2.java:556) [hadoop-common-3.3.4.jar:?]
	at org.apache.hadoop.ipc.RPC$Server.call(RPC.java:1093) [hadoop-common-3.3.4.jar:?]
	at org.apache.hadoop.ipc.Server$RpcCall.run(Server.java:1043) [hadoop-common-3.3.4.jar:?]
	at org.apache.hadoop.ipc.Server$RpcCall.run(Server.java:971) [hadoop-common-3.3.4.jar:?]
	at java.security.AccessController.doPrivileged(Native Method) ~[?:1.8.0_362]
	at javax.security.auth.Subject.doAs(Subject.java:422) [?:1.8.0_362]
	at org.apache.hadoop.security.UserGroupInformation.doAs(UserGroupInformation.java:1878) [hadoop-common-3.3.4.jar:?]
	at org.apache.hadoop.ipc.Server$Handler.run(Server.java:2976) [hadoop-common-3.3.4.jar:?]
16:35:00.243 [IPC Server handler 2 on default port 44851] ERROR OMAudit - user=runner | ip=127.0.0.1 | op=GET_FILE_STATUS {volume=volume35667, bucket=bucket27185, key=level0/level1/level1, dataSize=0, replicationConfig=null} | ret=FAILURE
org.apache.hadoop.ozone.om.exceptions.OMException: Unable to get file status: volume: volume35667 bucket: bucket27185 key: level0/level1/level1
	at org.apache.hadoop.ozone.om.KeyManagerImpl.getOzoneFileStatus(KeyManagerImpl.java:1162) ~[ozone-manager-1.4.0-SNAPSHOT.jar:?]
	at org.apache.hadoop.ozone.om.KeyManagerImpl.getFileStatus(KeyManagerImpl.java:1080) ~[ozone-manager-1.4.0-SNAPSHOT.jar:?]
	at org.apache.hadoop.ozone.om.OmMetadataReader.getFileStatus(OmMetadataReader.java:288) ~[ozone-manager-1.4.0-SNAPSHOT.jar:?]
	at org.apache.hadoop.ozone.om.OzoneManager.getFileStatus(OzoneManager.java:3450) ~[ozone-manager-1.4.0-SNAPSHOT.jar:?]
	at org.apache.hadoop.ozone.protocolPB.OzoneManagerRequestHandler.getOzoneFileStatus(OzoneManagerRequestHandler.java:933) ~[ozone-manager-1.4.0-SNAPSHOT.jar:?]
	at org.apache.hadoop.ozone.protocolPB.OzoneManagerRequestHandler.handleReadRequest(OzoneManagerRequestHandler.java:238) ~[ozone-manager-1.4.0-SNAPSHOT.jar:?]
	at org.apache.hadoop.ozone.protocolPB.OzoneManagerProtocolServerSideTranslatorPB.submitReadRequestToOM(OzoneManagerProtocolServerSideTranslatorPB.java:223) ~[ozone-manager-1.4.0-SNAPSHOT.jar:?]
	at org.apache.hadoop.ozone.protocolPB.OzoneManagerProtocolServerSideTranslatorPB.processRequest(OzoneManagerProtocolServerSideTranslatorPB.java:177) ~[ozone-manager-1.4.0-SNAPSHOT.jar:?]
	at org.apache.hadoop.hdds.server.OzoneProtocolMessageDispatcher.processRequest(OzoneProtocolMessageDispatcher.java:87) [hdds-server-framework-1.4.0-SNAPSHOT.jar:?]
	at org.apache.hadoop.ozone.protocolPB.OzoneManagerProtocolServerSideTranslatorPB.submitRequest(OzoneManagerProtocolServerSideTranslatorPB.java:147) [ozone-manager-1.4.0-SNAPSHOT.jar:?]
	at org.apache.hadoop.ozone.protocol.proto.OzoneManagerProtocolProtos$OzoneManagerService$2.callBlockingMethod(OzoneManagerProtocolProtos.java) [ozone-interface-client-1.4.0-SNAPSHOT.jar:?]
	at org.apache.hadoop.ipc.ProtobufRpcEngine$Server.processCall(ProtobufRpcEngine.java:465) [hadoop-common-3.3.4.jar:?]
	at org.apache.hadoop.ipc.ProtobufRpcEngine2$Server$ProtoBufRpcInvoker.call(ProtobufRpcEngine2.java:578) [hadoop-common-3.3.4.jar:?]
	at org.apache.hadoop.ipc.ProtobufRpcEngine2$Server$ProtoBufRpcInvoker.call(ProtobufRpcEngine2.java:556) [hadoop-common-3.3.4.jar:?]
	at org.apache.hadoop.ipc.RPC$Server.call(RPC.java:1093) [hadoop-common-3.3.4.jar:?]
	at org.apache.hadoop.ipc.Server$RpcCall.run(Server.java:1043) [hadoop-common-3.3.4.jar:?]
	at org.apache.hadoop.ipc.Server$RpcCall.run(Server.java:971) [hadoop-common-3.3.4.jar:?]
	at java.security.AccessController.doPrivileged(Native Method) ~[?:1.8.0_362]
	at javax.security.auth.Subject.doAs(Subject.java:422) [?:1.8.0_362]
	at org.apache.hadoop.security.UserGroupInformation.doAs(UserGroupInformation.java:1878) [hadoop-common-3.3.4.jar:?]
	at org.apache.hadoop.ipc.Server$Handler.run(Server.java:2976) [hadoop-common-3.3.4.jar:?]
16:35:00.244 [IPC Server handler 4 on default port 44851] ERROR OMAudit - user=runner | ip=127.0.0.1 | op=GET_FILE_STATUS {volume=volume35667, bucket=bucket27185, key=level0/level1/file1, dataSize=0, replicationConfig=null} | ret=FAILURE
org.apache.hadoop.ozone.om.exceptions.OMException: Unable to get file status: volume: volume35667 bucket: bucket27185 key: level0/level1/file1
	at org.apache.hadoop.ozone.om.KeyManagerImpl.getOzoneFileStatus(KeyManagerImpl.java:1162) ~[ozone-manager-1.4.0-SNAPSHOT.jar:?]
	at org.apache.hadoop.ozone.om.KeyManagerImpl.getFileStatus(KeyManagerImpl.java:1080) ~[ozone-manager-1.4.0-SNAPSHOT.jar:?]
	at org.apache.hadoop.ozone.om.OmMetadataReader.getFileStatus(OmMetadataReader.java:288) ~[ozone-manager-1.4.0-SNAPSHOT.jar:?]
	at org.apache.hadoop.ozone.om.OzoneManager.getFileStatus(OzoneManager.java:3450) ~[ozone-manager-1.4.0-SNAPSHOT.jar:?]
	at org.apache.hadoop.ozone.protocolPB.OzoneManagerRequestHandler.getOzoneFileStatus(OzoneManagerRequestHandler.java:933) ~[ozone-manager-1.4.0-SNAPSHOT.jar:?]
	at org.apache.hadoop.ozone.protocolPB.OzoneManagerRequestHandler.handleReadRequest(OzoneManagerRequestHandler.java:238) ~[ozone-manager-1.4.0-SNAPSHOT.jar:?]
	at org.apache.hadoop.ozone.protocolPB.OzoneManagerProtocolServerSideTranslatorPB.submitReadRequestToOM(OzoneManagerProtocolServerSideTranslatorPB.java:223) ~[ozone-manager-1.4.0-SNAPSHOT.jar:?]
	at org.apache.hadoop.ozone.protocolPB.OzoneManagerProtocolServerSideTranslatorPB.processRequest(OzoneManagerProtocolServerSideTranslatorPB.java:177) ~[ozone-manager-1.4.0-SNAPSHOT.jar:?]
	at org.apache.hadoop.hdds.server.OzoneProtocolMessageDispatcher.processRequest(OzoneProtocolMessageDispatcher.java:87) [hdds-server-framework-1.4.0-SNAPSHOT.jar:?]
	at org.apache.hadoop.ozone.protocolPB.OzoneManagerProtocolServerSideTranslatorPB.submitRequest(OzoneManagerProtocolServerSideTranslatorPB.java:147) [ozone-manager-1.4.0-SNAPSHOT.jar:?]
	at org.apache.hadoop.ozone.protocol.proto.OzoneManagerProtocolProtos$OzoneManagerService$2.callBlockingMethod(OzoneManagerProtocolProtos.java) [ozone-interface-client-1.4.0-SNAPSHOT.jar:?]
	at org.apache.hadoop.ipc.ProtobufRpcEngine$Server.processCall(ProtobufRpcEngine.java:465) [hadoop-common-3.3.4.jar:?]
	at org.apache.hadoop.ipc.ProtobufRpcEngine2$Server$ProtoBufRpcInvoker.call(ProtobufRpcEngine2.java:578) [hadoop-common-3.3.4.jar:?]
	at org.apache.hadoop.ipc.ProtobufRpcEngine2$Server$ProtoBufRpcInvoker.call(ProtobufRpcEngine2.java:556) [hadoop-common-3.3.4.jar:?]
	at org.apache.hadoop.ipc.RPC$Server.call(RPC.java:1093) [hadoop-common-3.3.4.jar:?]
	at org.apache.hadoop.ipc.Server$RpcCall.run(Server.java:1043) [hadoop-common-3.3.4.jar:?]
	at org.apache.hadoop.ipc.Server$RpcCall.run(Server.java:971) [hadoop-common-3.3.4.jar:?]
	at java.security.AccessController.doPrivileged(Native Method) ~[?:1.8.0_362]
	at javax.security.auth.Subject.doAs(Subject.java:422) [?:1.8.0_362]
	at org.apache.hadoop.security.UserGroupInformation.doAs(UserGroupInformation.java:1878) [hadoop-common-3.3.4.jar:?]
	at org.apache.hadoop.ipc.Server$Handler.run(Server.java:2976) [hadoop-common-3.3.4.jar:?]
16:35:00.244 [IPC Server handler 3 on default port 44851] ERROR OMAudit - user=runner | ip=127.0.0.1 | op=GET_FILE_STATUS {volume=volume35667, bucket=bucket27185, key=level0/level1/level1/file1, dataSize=0, replicationConfig=null} | ret=FAILURE
org.apache.hadoop.ozone.om.exceptions.OMException: Unable to get file status: volume: volume35667 bucket: bucket27185 key: level0/level1/level1/file1
	at org.apache.hadoop.ozone.om.KeyManagerImpl.getOzoneFileStatus(KeyManagerImpl.java:1162) ~[ozone-manager-1.4.0-SNAPSHOT.jar:?]
	at org.apache.hadoop.ozone.om.KeyManagerImpl.getFileStatus(KeyManagerImpl.java:1080) ~[ozone-manager-1.4.0-SNAPSHOT.jar:?]
	at org.apache.hadoop.ozone.om.OmMetadataReader.getFileStatus(OmMetadataReader.java:288) ~[ozone-manager-1.4.0-SNAPSHOT.jar:?]
	at org.apache.hadoop.ozone.om.OzoneManager.getFileStatus(OzoneManager.java:3450) ~[ozone-manager-1.4.0-SNAPSHOT.jar:?]
	at org.apache.hadoop.ozone.protocolPB.OzoneManagerRequestHandler.getOzoneFileStatus(OzoneManagerRequestHandler.java:933) ~[ozone-manager-1.4.0-SNAPSHOT.jar:?]
	at org.apache.hadoop.ozone.protocolPB.OzoneManagerRequestHandler.handleReadRequest(OzoneManagerRequestHandler.java:238) ~[ozone-manager-1.4.0-SNAPSHOT.jar:?]
	at org.apache.hadoop.ozone.protocolPB.OzoneManagerProtocolServerSideTranslatorPB.submitReadRequestToOM(OzoneManagerProtocolServerSideTranslatorPB.java:223) ~[ozone-manager-1.4.0-SNAPSHOT.jar:?]
	at org.apache.hadoop.ozone.protocolPB.OzoneManagerProtocolServerSideTranslatorPB.processRequest(OzoneManagerProtocolServerSideTranslatorPB.java:177) ~[ozone-manager-1.4.0-SNAPSHOT.jar:?]
	at org.apache.hadoop.hdds.server.OzoneProtocolMessageDispatcher.processRequest(OzoneProtocolMessageDispatcher.java:87) [hdds-server-framework-1.4.0-SNAPSHOT.jar:?]
	at org.apache.hadoop.ozone.protocolPB.OzoneManagerProtocolServerSideTranslatorPB.submitRequest(OzoneManagerProtocolServerSideTranslatorPB.java:147) [ozone-manager-1.4.0-SNAPSHOT.jar:?]
	at org.apache.hadoop.ozone.protocol.proto.OzoneManagerProtocolProtos$OzoneManagerService$2.callBlockingMethod(OzoneManagerProtocolProtos.java) [ozone-interface-client-1.4.0-SNAPSHOT.jar:?]
	at org.apache.hadoop.ipc.ProtobufRpcEngine$Server.processCall(ProtobufRpcEngine.java:465) [hadoop-common-3.3.4.jar:?]
	at org.apache.hadoop.ipc.ProtobufRpcEngine2$Server$ProtoBufRpcInvoker.call(ProtobufRpcEngine2.java:578) [hadoop-common-3.3.4.jar:?]
	at org.apache.hadoop.ipc.ProtobufRpcEngine2$Server$ProtoBufRpcInvoker.call(ProtobufRpcEngine2.java:556) [hadoop-common-3.3.4.jar:?]
	at org.apache.hadoop.ipc.RPC$Server.call(RPC.java:1093) [hadoop-common-3.3.4.jar:?]
	at org.apache.hadoop.ipc.Server$RpcCall.run(Server.java:1043) [hadoop-common-3.3.4.jar:?]
	at org.apache.hadoop.ipc.Server$RpcCall.run(Server.java:971) [hadoop-common-3.3.4.jar:?]
	at java.security.AccessController.doPrivileged(Native Method) ~[?:1.8.0_362]
	at javax.security.auth.Subject.doAs(Subject.java:422) [?:1.8.0_362]
	at org.apache.hadoop.security.UserGroupInformation.doAs(UserGroupInformation.java:1878) [hadoop-common-3.3.4.jar:?]
	at org.apache.hadoop.ipc.Server$Handler.run(Server.java:2976) [hadoop-common-3.3.4.jar:?]
16:35:00.245 [IPC Server handler 5 on default port 44851] ERROR OMAudit - user=runner | ip=127.0.0.1 | op=GET_FILE_STATUS {volume=volume35667, bucket=bucket27185, key=level0/level2, dataSize=0, replicationConfig=null} | ret=FAILURE
org.apache.hadoop.ozone.om.exceptions.OMException: Unable to get file status: volume: volume35667 bucket: bucket27185 key: level0/level2
	at org.apache.hadoop.ozone.om.KeyManagerImpl.getOzoneFileStatus(KeyManagerImpl.java:1162) ~[ozone-manager-1.4.0-SNAPSHOT.jar:?]
	at org.apache.hadoop.ozone.om.KeyManagerImpl.getFileStatus(KeyManagerImpl.java:1080) ~[ozone-manager-1.4.0-SNAPSHOT.jar:?]
	at org.apache.hadoop.ozone.om.OmMetadataReader.getFileStatus(OmMetadataReader.java:288) ~[ozone-manager-1.4.0-SNAPSHOT.jar:?]
	at org.apache.hadoop.ozone.om.OzoneManager.getFileStatus(OzoneManager.java:3450) ~[ozone-manager-1.4.0-SNAPSHOT.jar:?]
	at org.apache.hadoop.ozone.protocolPB.OzoneManagerRequestHandler.getOzoneFileStatus(OzoneManagerRequestHandler.java:933) ~[ozone-manager-1.4.0-SNAPSHOT.jar:?]
	at org.apache.hadoop.ozone.protocolPB.OzoneManagerRequestHandler.handleReadRequest(OzoneManagerRequestHandler.java:238) ~[ozone-manager-1.4.0-SNAPSHOT.jar:?]
	at org.apache.hadoop.ozone.protocolPB.OzoneManagerProtocolServerSideTranslatorPB.submitReadRequestToOM(OzoneManagerProtocolServerSideTranslatorPB.java:223) ~[ozone-manager-1.4.0-SNAPSHOT.jar:?]
	at org.apache.hadoop.ozone.protocolPB.OzoneManagerProtocolServerSideTranslatorPB.processRequest(OzoneManagerProtocolServerSideTranslatorPB.java:177) ~[ozone-manager-1.4.0-SNAPSHOT.jar:?]
	at org.apache.hadoop.hdds.server.OzoneProtocolMessageDispatcher.processRequest(OzoneProtocolMessageDispatcher.java:87) [hdds-server-framework-1.4.0-SNAPSHOT.jar:?]
	at org.apache.hadoop.ozone.protocolPB.OzoneManagerProtocolServerSideTranslatorPB.submitRequest(OzoneManagerProtocolServerSideTranslatorPB.java:147) [ozone-manager-1.4.0-SNAPSHOT.jar:?]
	at org.apache.hadoop.ozone.protocol.proto.OzoneManagerProtocolProtos$OzoneManagerService$2.callBlockingMethod(OzoneManagerProtocolProtos.java) [ozone-interface-client-1.4.0-SNAPSHOT.jar:?]
	at org.apache.hadoop.ipc.ProtobufRpcEngine$Server.processCall(ProtobufRpcEngine.java:465) [hadoop-common-3.3.4.jar:?]
	at org.apache.hadoop.ipc.ProtobufRpcEngine2$Server$ProtoBufRpcInvoker.call(ProtobufRpcEngine2.java:578) [hadoop-common-3.3.4.jar:?]
	at org.apache.hadoop.ipc.ProtobufRpcEngine2$Server$ProtoBufRpcInvoker.call(ProtobufRpcEngine2.java:556) [hadoop-common-3.3.4.jar:?]
	at org.apache.hadoop.ipc.RPC$Server.call(RPC.java:1093) [hadoop-common-3.3.4.jar:?]
	at org.apache.hadoop.ipc.Server$RpcCall.run(Server.java:1043) [hadoop-common-3.3.4.jar:?]
	at org.apache.hadoop.ipc.Server$RpcCall.run(Server.java:971) [hadoop-common-3.3.4.jar:?]
	at java.security.AccessController.doPrivileged(Native Method) ~[?:1.8.0_362]
	at javax.security.auth.Subject.doAs(Subject.java:422) [?:1.8.0_362]
	at org.apache.hadoop.security.UserGroupInformation.doAs(UserGroupInformation.java:1878) [hadoop-common-3.3.4.jar:?]
	at org.apache.hadoop.ipc.Server$Handler.run(Server.java:2976) [hadoop-common-3.3.4.jar:?]
16:35:00.245 [IPC Server handler 7 on default port 44851] ERROR OMAudit - user=runner | ip=127.0.0.1 | op=GET_FILE_STATUS {volume=volume35667, bucket=bucket27185, key=level0/level2/level2, dataSize=0, replicationConfig=null} | ret=FAILURE
org.apache.hadoop.ozone.om.exceptions.OMException: Unable to get file status: volume: volume35667 bucket: bucket27185 key: level0/level2/level2
	at org.apache.hadoop.ozone.om.KeyManagerImpl.getOzoneFileStatus(KeyManagerImpl.java:1162) ~[ozone-manager-1.4.0-SNAPSHOT.jar:?]
	at org.apache.hadoop.ozone.om.KeyManagerImpl.getFileStatus(KeyManagerImpl.java:1080) ~[ozone-manager-1.4.0-SNAPSHOT.jar:?]
	at org.apache.hadoop.ozone.om.OmMetadataReader.getFileStatus(OmMetadataReader.java:288) ~[ozone-manager-1.4.0-SNAPSHOT.jar:?]
	at org.apache.hadoop.ozone.om.OzoneManager.getFileStatus(OzoneManager.java:3450) ~[ozone-manager-1.4.0-SNAPSHOT.jar:?]
	at org.apache.hadoop.ozone.protocolPB.OzoneManagerRequestHandler.getOzoneFileStatus(OzoneManagerRequestHandler.java:933) ~[ozone-manager-1.4.0-SNAPSHOT.jar:?]
	at org.apache.hadoop.ozone.protocolPB.OzoneManagerRequestHandler.handleReadRequest(OzoneManagerRequestHandler.java:238) ~[ozone-manager-1.4.0-SNAPSHOT.jar:?]
	at org.apache.hadoop.ozone.protocolPB.OzoneManagerProtocolServerSideTranslatorPB.submitReadRequestToOM(OzoneManagerProtocolServerSideTranslatorPB.java:223) ~[ozone-manager-1.4.0-SNAPSHOT.jar:?]
	at org.apache.hadoop.ozone.protocolPB.OzoneManagerProtocolServerSideTranslatorPB.processRequest(OzoneManagerProtocolServerSideTranslatorPB.java:177) ~[ozone-manager-1.4.0-SNAPSHOT.jar:?]
	at org.apache.hadoop.hdds.server.OzoneProtocolMessageDispatcher.processRequest(OzoneProtocolMessageDispatcher.java:87) [hdds-server-framework-1.4.0-SNAPSHOT.jar:?]
	at org.apache.hadoop.ozone.protocolPB.OzoneManagerProtocolServerSideTranslatorPB.submitRequest(OzoneManagerProtocolServerSideTranslatorPB.java:147) [ozone-manager-1.4.0-SNAPSHOT.jar:?]
	at org.apache.hadoop.ozone.protocol.proto.OzoneManagerProtocolProtos$OzoneManagerService$2.callBlockingMethod(OzoneManagerProtocolProtos.java) [ozone-interface-client-1.4.0-SNAPSHOT.jar:?]
	at org.apache.hadoop.ipc.ProtobufRpcEngine$Server.processCall(ProtobufRpcEngine.java:465) [hadoop-common-3.3.4.jar:?]
	at org.apache.hadoop.ipc.ProtobufRpcEngine2$Server$ProtoBufRpcInvoker.call(ProtobufRpcEngine2.java:578) [hadoop-common-3.3.4.jar:?]
	at org.apache.hadoop.ipc.ProtobufRpcEngine2$Server$ProtoBufRpcInvoker.call(ProtobufRpcEngine2.java:556) [hadoop-common-3.3.4.jar:?]
	at org.apache.hadoop.ipc.RPC$Server.call(RPC.java:1093) [hadoop-common-3.3.4.jar:?]
	at org.apache.hadoop.ipc.Server$RpcCall.run(Server.java:1043) [hadoop-common-3.3.4.jar:?]
	at org.apache.hadoop.ipc.Server$RpcCall.run(Server.java:971) [hadoop-common-3.3.4.jar:?]
	at java.security.AccessController.doPrivileged(Native Method) ~[?:1.8.0_362]
	at javax.security.auth.Subject.doAs(Subject.java:422) [?:1.8.0_362]
	at org.apache.hadoop.security.UserGroupInformation.doAs(UserGroupInformation.java:1878) [hadoop-common-3.3.4.jar:?]
	at org.apache.hadoop.ipc.Server$Handler.run(Server.java:2976) [hadoop-common-3.3.4.jar:?]
16:35:00.246 [IPC Server handler 6 on default port 44851] ERROR OMAudit - user=runner | ip=127.0.0.1 | op=GET_FILE_STATUS {volume=volume35667, bucket=bucket27185, key=level0/level2/file1, dataSize=0, replicationConfig=null} | ret=FAILURE
org.apache.hadoop.ozone.om.exceptions.OMException: Unable to get file status: volume: volume35667 bucket: bucket27185 key: level0/level2/file1
	at org.apache.hadoop.ozone.om.KeyManagerImpl.getOzoneFileStatus(KeyManagerImpl.java:1162) ~[ozone-manager-1.4.0-SNAPSHOT.jar:?]
	at org.apache.hadoop.ozone.om.KeyManagerImpl.getFileStatus(KeyManagerImpl.java:1080) ~[ozone-manager-1.4.0-SNAPSHOT.jar:?]
	at org.apache.hadoop.ozone.om.OmMetadataReader.getFileStatus(OmMetadataReader.java:288) ~[ozone-manager-1.4.0-SNAPSHOT.jar:?]
	at org.apache.hadoop.ozone.om.OzoneManager.getFileStatus(OzoneManager.java:3450) ~[ozone-manager-1.4.0-SNAPSHOT.jar:?]
	at org.apache.hadoop.ozone.protocolPB.OzoneManagerRequestHandler.getOzoneFileStatus(OzoneManagerRequestHandler.java:933) ~[ozone-manager-1.4.0-SNAPSHOT.jar:?]
	at org.apache.hadoop.ozone.protocolPB.OzoneManagerRequestHandler.handleReadRequest(OzoneManagerRequestHandler.java:238) ~[ozone-manager-1.4.0-SNAPSHOT.jar:?]
	at org.apache.hadoop.ozone.protocolPB.OzoneManagerProtocolServerSideTranslatorPB.submitReadRequestToOM(OzoneManagerProtocolServerSideTranslatorPB.java:223) ~[ozone-manager-1.4.0-SNAPSHOT.jar:?]
	at org.apache.hadoop.ozone.protocolPB.OzoneManagerProtocolServerSideTranslatorPB.processRequest(OzoneManagerProtocolServerSideTranslatorPB.java:177) ~[ozone-manager-1.4.0-SNAPSHOT.jar:?]
	at org.apache.hadoop.hdds.server.OzoneProtocolMessageDispatcher.processRequest(OzoneProtocolMessageDispatcher.java:87) [hdds-server-framework-1.4.0-SNAPSHOT.jar:?]
	at org.apache.hadoop.ozone.protocolPB.OzoneManagerProtocolServerSideTranslatorPB.submitRequest(OzoneManagerProtocolServerSideTranslatorPB.java:147) [ozone-manager-1.4.0-SNAPSHOT.jar:?]
	at org.apache.hadoop.ozone.protocol.proto.OzoneManagerProtocolProtos$OzoneManagerService$2.callBlockingMethod(OzoneManagerProtocolProtos.java) [ozone-interface-client-1.4.0-SNAPSHOT.jar:?]
	at org.apache.hadoop.ipc.ProtobufRpcEngine$Server.processCall(ProtobufRpcEngine.java:465) [hadoop-common-3.3.4.jar:?]
	at org.apache.hadoop.ipc.ProtobufRpcEngine2$Server$ProtoBufRpcInvoker.call(ProtobufRpcEngine2.java:578) [hadoop-common-3.3.4.jar:?]
	at org.apache.hadoop.ipc.ProtobufRpcEngine2$Server$ProtoBufRpcInvoker.call(ProtobufRpcEngine2.java:556) [hadoop-common-3.3.4.jar:?]
	at org.apache.hadoop.ipc.RPC$Server.call(RPC.java:1093) [hadoop-common-3.3.4.jar:?]
	at org.apache.hadoop.ipc.Server$RpcCall.run(Server.java:1043) [hadoop-common-3.3.4.jar:?]
	at org.apache.hadoop.ipc.Server$RpcCall.run(Server.java:971) [hadoop-common-3.3.4.jar:?]
	at java.security.AccessController.doPrivileged(Native Method) ~[?:1.8.0_362]
	at javax.security.auth.Subject.doAs(Subject.java:422) [?:1.8.0_362]
	at org.apache.hadoop.security.UserGroupInformation.doAs(UserGroupInformation.java:1878) [hadoop-common-3.3.4.jar:?]
	at org.apache.hadoop.ipc.Server$Handler.run(Server.java:2976) [hadoop-common-3.3.4.jar:?]
16:35:00.247 [IPC Server handler 8 on default port 44851] ERROR OMAudit - user=runner | ip=127.0.0.1 | op=GET_FILE_STATUS {volume=volume35667, bucket=bucket27185, key=level0/level2/level2/file1, dataSize=0, replicationConfig=null} | ret=FAILURE
org.apache.hadoop.ozone.om.exceptions.OMException: Unable to get file status: volume: volume35667 bucket: bucket27185 key: level0/level2/level2/file1
	at org.apache.hadoop.ozone.om.KeyManagerImpl.getOzoneFileStatus(KeyManagerImpl.java:1162) ~[ozone-manager-1.4.0-SNAPSHOT.jar:?]
	at org.apache.hadoop.ozone.om.KeyManagerImpl.getFileStatus(KeyManagerImpl.java:1080) ~[ozone-manager-1.4.0-SNAPSHOT.jar:?]
	at org.apache.hadoop.ozone.om.OmMetadataReader.getFileStatus(OmMetadataReader.java:288) ~[ozone-manager-1.4.0-SNAPSHOT.jar:?]
	at org.apache.hadoop.ozone.om.OzoneManager.getFileStatus(OzoneManager.java:3450) ~[ozone-manager-1.4.0-SNAPSHOT.jar:?]
	at org.apache.hadoop.ozone.protocolPB.OzoneManagerRequestHandler.getOzoneFileStatus(OzoneManagerRequestHandler.java:933) ~[ozone-manager-1.4.0-SNAPSHOT.jar:?]
	at org.apache.hadoop.ozone.protocolPB.OzoneManagerRequestHandler.handleReadRequest(OzoneManagerRequestHandler.java:238) ~[ozone-manager-1.4.0-SNAPSHOT.jar:?]
	at org.apache.hadoop.ozone.protocolPB.OzoneManagerProtocolServerSideTranslatorPB.submitReadRequestToOM(OzoneManagerProtocolServerSideTranslatorPB.java:223) ~[ozone-manager-1.4.0-SNAPSHOT.jar:?]
	at org.apache.hadoop.ozone.protocolPB.OzoneManagerProtocolServerSideTranslatorPB.processRequest(OzoneManagerProtocolServerSideTranslatorPB.java:177) ~[ozone-manager-1.4.0-SNAPSHOT.jar:?]
	at org.apache.hadoop.hdds.server.OzoneProtocolMessageDispatcher.processRequest(OzoneProtocolMessageDispatcher.java:87) [hdds-server-framework-1.4.0-SNAPSHOT.jar:?]
	at org.apache.hadoop.ozone.protocolPB.OzoneManagerProtocolServerSideTranslatorPB.submitRequest(OzoneManagerProtocolServerSideTranslatorPB.java:147) [ozone-manager-1.4.0-SNAPSHOT.jar:?]
	at org.apache.hadoop.ozone.protocol.proto.OzoneManagerProtocolProtos$OzoneManagerService$2.callBlockingMethod(OzoneManagerProtocolProtos.java) [ozone-interface-client-1.4.0-SNAPSHOT.jar:?]
	at org.apache.hadoop.ipc.ProtobufRpcEngine$Server.processCall(ProtobufRpcEngine.java:465) [hadoop-common-3.3.4.jar:?]
	at org.apache.hadoop.ipc.ProtobufRpcEngine2$Server$ProtoBufRpcInvoker.call(ProtobufRpcEngine2.java:578) [hadoop-common-3.3.4.jar:?]
	at org.apache.hadoop.ipc.ProtobufRpcEngine2$Server$ProtoBufRpcInvoker.call(ProtobufRpcEngine2.java:556) [hadoop-common-3.3.4.jar:?]
	at org.apache.hadoop.ipc.RPC$Server.call(RPC.java:1093) [hadoop-common-3.3.4.jar:?]
	at org.apache.hadoop.ipc.Server$RpcCall.run(Server.java:1043) [hadoop-common-3.3.4.jar:?]
	at org.apache.hadoop.ipc.Server$RpcCall.run(Server.java:971) [hadoop-common-3.3.4.jar:?]
	at java.security.AccessController.doPrivileged(Native Method) ~[?:1.8.0_362]
	at javax.security.auth.Subject.doAs(Subject.java:422) [?:1.8.0_362]
	at org.apache.hadoop.security.UserGroupInformation.doAs(UserGroupInformation.java:1878) [hadoop-common-3.3.4.jar:?]
	at org.apache.hadoop.ipc.Server$Handler.run(Server.java:2976) [hadoop-common-3.3.4.jar:?]
16:35:00.247 [IPC Server handler 9 on default port 44851] ERROR OMAudit - user=runner | ip=127.0.0.1 | op=GET_FILE_STATUS {volume=volume35667, bucket=bucket27185, key=level0/level3, dataSize=0, replicationConfig=null} | ret=FAILURE
org.apache.hadoop.ozone.om.exceptions.OMException: Unable to get file status: volume: volume35667 bucket: bucket27185 key: level0/level3
	at org.apache.hadoop.ozone.om.KeyManagerImpl.getOzoneFileStatus(KeyManagerImpl.java:1162) ~[ozone-manager-1.4.0-SNAPSHOT.jar:?]
	at org.apache.hadoop.ozone.om.KeyManagerImpl.getFileStatus(KeyManagerImpl.java:1080) ~[ozone-manager-1.4.0-SNAPSHOT.jar:?]
	at org.apache.hadoop.ozone.om.OmMetadataReader.getFileStatus(OmMetadataReader.java:288) ~[ozone-manager-1.4.0-SNAPSHOT.jar:?]
	at org.apache.hadoop.ozone.om.OzoneManager.getFileStatus(OzoneManager.java:3450) ~[ozone-manager-1.4.0-SNAPSHOT.jar:?]
	at org.apache.hadoop.ozone.protocolPB.OzoneManagerRequestHandler.getOzoneFileStatus(OzoneManagerRequestHandler.java:933) ~[ozone-manager-1.4.0-SNAPSHOT.jar:?]
	at org.apache.hadoop.ozone.protocolPB.OzoneManagerRequestHandler.handleReadRequest(OzoneManagerRequestHandler.java:238) ~[ozone-manager-1.4.0-SNAPSHOT.jar:?]
	at org.apache.hadoop.ozone.protocolPB.OzoneManagerProtocolServerSideTranslatorPB.submitReadRequestToOM(OzoneManagerProtocolServerSideTranslatorPB.java:223) ~[ozone-manager-1.4.0-SNAPSHOT.jar:?]
	at org.apache.hadoop.ozone.protocolPB.OzoneManagerProtocolServerSideTranslatorPB.processRequest(OzoneManagerProtocolServerSideTranslatorPB.java:177) ~[ozone-manager-1.4.0-SNAPSHOT.jar:?]
	at org.apache.hadoop.hdds.server.OzoneProtocolMessageDispatcher.processRequest(OzoneProtocolMessageDispatcher.java:87) [hdds-server-framework-1.4.0-SNAPSHOT.jar:?]
	at org.apache.hadoop.ozone.protocolPB.OzoneManagerProtocolServerSideTranslatorPB.submitRequest(OzoneManagerProtocolServerSideTranslatorPB.java:147) [ozone-manager-1.4.0-SNAPSHOT.jar:?]
	at org.apache.hadoop.ozone.protocol.proto.OzoneManagerProtocolProtos$OzoneManagerService$2.callBlockingMethod(OzoneManagerProtocolProtos.java) [ozone-interface-client-1.4.0-SNAPSHOT.jar:?]
	at org.apache.hadoop.ipc.ProtobufRpcEngine$Server.processCall(ProtobufRpcEngine.java:465) [hadoop-common-3.3.4.jar:?]
	at org.apache.hadoop.ipc.ProtobufRpcEngine2$Server$ProtoBufRpcInvoker.call(ProtobufRpcEngine2.java:578) [hadoop-common-3.3.4.jar:?]
	at org.apache.hadoop.ipc.ProtobufRpcEngine2$Server$ProtoBufRpcInvoker.call(ProtobufRpcEngine2.java:556) [hadoop-common-3.3.4.jar:?]
	at org.apache.hadoop.ipc.RPC$Server.call(RPC.java:1093) [hadoop-common-3.3.4.jar:?]
	at org.apache.hadoop.ipc.Server$RpcCall.run(Server.java:1043) [hadoop-common-3.3.4.jar:?]
	at org.apache.hadoop.ipc.Server$RpcCall.run(Server.java:971) [hadoop-common-3.3.4.jar:?]
	at java.security.AccessController.doPrivileged(Native Method) ~[?:1.8.0_362]
	at javax.security.auth.Subject.doAs(Subject.java:422) [?:1.8.0_362]
	at org.apache.hadoop.security.UserGroupInformation.doAs(UserGroupInformation.java:1878) [hadoop-common-3.3.4.jar:?]
	at org.apache.hadoop.ipc.Server$Handler.run(Server.java:2976) [hadoop-common-3.3.4.jar:?]
16:35:00.248 [IPC Server handler 10 on default port 44851] ERROR OMAudit - user=runner | ip=127.0.0.1 | op=GET_FILE_STATUS {volume=volume35667, bucket=bucket27185, key=level0/level3/level3, dataSize=0, replicationConfig=null} | ret=FAILURE
org.apache.hadoop.ozone.om.exceptions.OMException: Unable to get file status: volume: volume35667 bucket: bucket27185 key: level0/level3/level3
	at org.apache.hadoop.ozone.om.KeyManagerImpl.getOzoneFileStatus(KeyManagerImpl.java:1162) ~[ozone-manager-1.4.0-SNAPSHOT.jar:?]
	at org.apache.hadoop.ozone.om.KeyManagerImpl.getFileStatus(KeyManagerImpl.java:1080) ~[ozone-manager-1.4.0-SNAPSHOT.jar:?]
	at org.apache.hadoop.ozone.om.OmMetadataReader.getFileStatus(OmMetadataReader.java:288) ~[ozone-manager-1.4.0-SNAPSHOT.jar:?]
	at org.apache.hadoop.ozone.om.OzoneManager.getFileStatus(OzoneManager.java:3450) ~[ozone-manager-1.4.0-SNAPSHOT.jar:?]
	at org.apache.hadoop.ozone.protocolPB.OzoneManagerRequestHandler.getOzoneFileStatus(OzoneManagerRequestHandler.java:933) ~[ozone-manager-1.4.0-SNAPSHOT.jar:?]
	at org.apache.hadoop.ozone.protocolPB.OzoneManagerRequestHandler.handleReadRequest(OzoneManagerRequestHandler.java:238) ~[ozone-manager-1.4.0-SNAPSHOT.jar:?]
	at org.apache.hadoop.ozone.protocolPB.OzoneManagerProtocolServerSideTranslatorPB.submitReadRequestToOM(OzoneManagerProtocolServerSideTranslatorPB.java:223) ~[ozone-manager-1.4.0-SNAPSHOT.jar:?]
	at org.apache.hadoop.ozone.protocolPB.OzoneManagerProtocolServerSideTranslatorPB.processRequest(OzoneManagerProtocolServerSideTranslatorPB.java:177) ~[ozone-manager-1.4.0-SNAPSHOT.jar:?]
	at org.apache.hadoop.hdds.server.OzoneProtocolMessageDispatcher.processRequest(OzoneProtocolMessageDispatcher.java:87) [hdds-server-framework-1.4.0-SNAPSHOT.jar:?]
	at org.apache.hadoop.ozone.protocolPB.OzoneManagerProtocolServerSideTranslatorPB.submitRequest(OzoneManagerProtocolServerSideTranslatorPB.java:147) [ozone-manager-1.4.0-SNAPSHOT.jar:?]
	at org.apache.hadoop.ozone.protocol.proto.OzoneManagerProtocolProtos$OzoneManagerService$2.callBlockingMethod(OzoneManagerProtocolProtos.java) [ozone-interface-client-1.4.0-SNAPSHOT.jar:?]
	at org.apache.hadoop.ipc.ProtobufRpcEngine$Server.processCall(ProtobufRpcEngine.java:465) [hadoop-common-3.3.4.jar:?]
	at org.apache.hadoop.ipc.ProtobufRpcEngine2$Server$ProtoBufRpcInvoker.call(ProtobufRpcEngine2.java:578) [hadoop-common-3.3.4.jar:?]
	at org.apache.hadoop.ipc.ProtobufRpcEngine2$Server$ProtoBufRpcInvoker.call(ProtobufRpcEngine2.java:556) [hadoop-common-3.3.4.jar:?]
	at org.apache.hadoop.ipc.RPC$Server.call(RPC.java:1093) [hadoop-common-3.3.4.jar:?]
	at org.apache.hadoop.ipc.Server$RpcCall.run(Server.java:1043) [hadoop-common-3.3.4.jar:?]
	at org.apache.hadoop.ipc.Server$RpcCall.run(Server.java:971) [hadoop-common-3.3.4.jar:?]
	at java.security.AccessController.doPrivileged(Native Method) ~[?:1.8.0_362]
	at javax.security.auth.Subject.doAs(Subject.java:422) [?:1.8.0_362]
	at org.apache.hadoop.security.UserGroupInformation.doAs(UserGroupInformation.java:1878) [hadoop-common-3.3.4.jar:?]
	at org.apache.hadoop.ipc.Server$Handler.run(Server.java:2976) [hadoop-common-3.3.4.jar:?]
16:35:00.248 [IPC Server handler 19 on default port 44851] ERROR OMAudit - user=runner | ip=127.0.0.1 | op=GET_FILE_STATUS {volume=volume35667, bucket=bucket27185, key=level0/level3/file1, dataSize=0, replicationConfig=null} | ret=FAILURE
org.apache.hadoop.ozone.om.exceptions.OMException: Unable to get file status: volume: volume35667 bucket: bucket27185 key: level0/level3/file1
	at org.apache.hadoop.ozone.om.KeyManagerImpl.getOzoneFileStatus(KeyManagerImpl.java:1162) ~[ozone-manager-1.4.0-SNAPSHOT.jar:?]
	at org.apache.hadoop.ozone.om.KeyManagerImpl.getFileStatus(KeyManagerImpl.java:1080) ~[ozone-manager-1.4.0-SNAPSHOT.jar:?]
	at org.apache.hadoop.ozone.om.OmMetadataReader.getFileStatus(OmMetadataReader.java:288) ~[ozone-manager-1.4.0-SNAPSHOT.jar:?]
	at org.apache.hadoop.ozone.om.OzoneManager.getFileStatus(OzoneManager.java:3450) ~[ozone-manager-1.4.0-SNAPSHOT.jar:?]
	at org.apache.hadoop.ozone.protocolPB.OzoneManagerRequestHandler.getOzoneFileStatus(OzoneManagerRequestHandler.java:933) ~[ozone-manager-1.4.0-SNAPSHOT.jar:?]
	at org.apache.hadoop.ozone.protocolPB.OzoneManagerRequestHandler.handleReadRequest(OzoneManagerRequestHandler.java:238) ~[ozone-manager-1.4.0-SNAPSHOT.jar:?]
	at org.apache.hadoop.ozone.protocolPB.OzoneManagerProtocolServerSideTranslatorPB.submitReadRequestToOM(OzoneManagerProtocolServerSideTranslatorPB.java:223) ~[ozone-manager-1.4.0-SNAPSHOT.jar:?]
	at org.apache.hadoop.ozone.protocolPB.OzoneManagerProtocolServerSideTranslatorPB.processRequest(OzoneManagerProtocolServerSideTranslatorPB.java:177) ~[ozone-manager-1.4.0-SNAPSHOT.jar:?]
	at org.apache.hadoop.hdds.server.OzoneProtocolMessageDispatcher.processRequest(OzoneProtocolMessageDispatcher.java:87) [hdds-server-framework-1.4.0-SNAPSHOT.jar:?]
	at org.apache.hadoop.ozone.protocolPB.OzoneManagerProtocolServerSideTranslatorPB.submitRequest(OzoneManagerProtocolServerSideTranslatorPB.java:147) [ozone-manager-1.4.0-SNAPSHOT.jar:?]
	at org.apache.hadoop.ozone.protocol.proto.OzoneManagerProtocolProtos$OzoneManagerService$2.callBlockingMethod(OzoneManagerProtocolProtos.java) [ozone-interface-client-1.4.0-SNAPSHOT.jar:?]
	at org.apache.hadoop.ipc.ProtobufRpcEngine$Server.processCall(ProtobufRpcEngine.java:465) [hadoop-common-3.3.4.jar:?]
	at org.apache.hadoop.ipc.ProtobufRpcEngine2$Server$ProtoBufRpcInvoker.call(ProtobufRpcEngine2.java:578) [hadoop-common-3.3.4.jar:?]
	at org.apache.hadoop.ipc.ProtobufRpcEngine2$Server$ProtoBufRpcInvoker.call(ProtobufRpcEngine2.java:556) [hadoop-common-3.3.4.jar:?]
	at org.apache.hadoop.ipc.RPC$Server.call(RPC.java:1093) [hadoop-common-3.3.4.jar:?]
	at org.apache.hadoop.ipc.Server$RpcCall.run(Server.java:1043) [hadoop-common-3.3.4.jar:?]
	at org.apache.hadoop.ipc.Server$RpcCall.run(Server.java:971) [hadoop-common-3.3.4.jar:?]
	at java.security.AccessController.doPrivileged(Native Method) ~[?:1.8.0_362]
	at javax.security.auth.Subject.doAs(Subject.java:422) [?:1.8.0_362]
	at org.apache.hadoop.security.UserGroupInformation.doAs(UserGroupInformation.java:1878) [hadoop-common-3.3.4.jar:?]
	at org.apache.hadoop.ipc.Server$Handler.run(Server.java:2976) [hadoop-common-3.3.4.jar:?]
16:35:00.249 [IPC Server handler 17 on default port 44851] ERROR OMAudit - user=runner | ip=127.0.0.1 | op=GET_FILE_STATUS {volume=volume35667, bucket=bucket27185, key=level0/level3/level3/file1, dataSize=0, replicationConfig=null} | ret=FAILURE
org.apache.hadoop.ozone.om.exceptions.OMException: Unable to get file status: volume: volume35667 bucket: bucket27185 key: level0/level3/level3/file1
	at org.apache.hadoop.ozone.om.KeyManagerImpl.getOzoneFileStatus(KeyManagerImpl.java:1162) ~[ozone-manager-1.4.0-SNAPSHOT.jar:?]
	at org.apache.hadoop.ozone.om.KeyManagerImpl.getFileStatus(KeyManagerImpl.java:1080) ~[ozone-manager-1.4.0-SNAPSHOT.jar:?]
	at org.apache.hadoop.ozone.om.OmMetadataReader.getFileStatus(OmMetadataReader.java:288) ~[ozone-manager-1.4.0-SNAPSHOT.jar:?]
	at org.apache.hadoop.ozone.om.OzoneManager.getFileStatus(OzoneManager.java:3450) ~[ozone-manager-1.4.0-SNAPSHOT.jar:?]
	at org.apache.hadoop.ozone.protocolPB.OzoneManagerRequestHandler.getOzoneFileStatus(OzoneManagerRequestHandler.java:933) ~[ozone-manager-1.4.0-SNAPSHOT.jar:?]
	at org.apache.hadoop.ozone.protocolPB.OzoneManagerRequestHandler.handleReadRequest(OzoneManagerRequestHandler.java:238) ~[ozone-manager-1.4.0-SNAPSHOT.jar:?]
	at org.apache.hadoop.ozone.protocolPB.OzoneManagerProtocolServerSideTranslatorPB.submitReadRequestToOM(OzoneManagerProtocolServerSideTranslatorPB.java:223) ~[ozone-manager-1.4.0-SNAPSHOT.jar:?]
	at org.apache.hadoop.ozone.protocolPB.OzoneManagerProtocolServerSideTranslatorPB.processRequest(OzoneManagerProtocolServerSideTranslatorPB.java:177) ~[ozone-manager-1.4.0-SNAPSHOT.jar:?]
	at org.apache.hadoop.hdds.server.OzoneProtocolMessageDispatcher.processRequest(OzoneProtocolMessageDispatcher.java:87) [hdds-server-framework-1.4.0-SNAPSHOT.jar:?]
	at org.apache.hadoop.ozone.protocolPB.OzoneManagerProtocolServerSideTranslatorPB.submitRequest(OzoneManagerProtocolServerSideTranslatorPB.java:147) [ozone-manager-1.4.0-SNAPSHOT.jar:?]
	at org.apache.hadoop.ozone.protocol.proto.OzoneManagerProtocolProtos$OzoneManagerService$2.callBlockingMethod(OzoneManagerProtocolProtos.java) [ozone-interface-client-1.4.0-SNAPSHOT.jar:?]
	at org.apache.hadoop.ipc.ProtobufRpcEngine$Server.processCall(ProtobufRpcEngine.java:465) [hadoop-common-3.3.4.jar:?]
	at org.apache.hadoop.ipc.ProtobufRpcEngine2$Server$ProtoBufRpcInvoker.call(ProtobufRpcEngine2.java:578) [hadoop-common-3.3.4.jar:?]
	at org.apache.hadoop.ipc.ProtobufRpcEngine2$Server$ProtoBufRpcInvoker.call(ProtobufRpcEngine2.java:556) [hadoop-common-3.3.4.jar:?]
	at org.apache.hadoop.ipc.RPC$Server.call(RPC.java:1093) [hadoop-common-3.3.4.jar:?]
	at org.apache.hadoop.ipc.Server$RpcCall.run(Server.java:1043) [hadoop-common-3.3.4.jar:?]
	at org.apache.hadoop.ipc.Server$RpcCall.run(Server.java:971) [hadoop-common-3.3.4.jar:?]
	at java.security.AccessController.doPrivileged(Native Method) ~[?:1.8.0_362]
	at javax.security.auth.Subject.doAs(Subject.java:422) [?:1.8.0_362]
	at org.apache.hadoop.security.UserGroupInformation.doAs(UserGroupInformation.java:1878) [hadoop-common-3.3.4.jar:?]
	at org.apache.hadoop.ipc.Server$Handler.run(Server.java:2976) [hadoop-common-3.3.4.jar:?]
]]></system-out>
  </testcase>
  <testcase name="testRecursiveDelete" classname="TestOzoneFileSystem" time="0.086">
    <system-out><![CDATA[2023-02-16 16:35:51,149 [IPC Server handler 0 on default port 38619] INFO  key.OMKeyRequest (OMKeyRequest.java:wrapUncommittedBlocksAsPseudoKey(837)) - Detect allocated but uncommitted blocks [{blockID={containerID=3, localID=111677748019200014}, length=4194304, offset=0, token=null, pipeline=null, createVersion=0, partNumber=0}] in key gdir1/pdir1/child.
2023-02-16 16:35:51,151 [IPC Server handler 2 on default port 38619] INFO  key.OMKeyRequest (OMKeyRequest.java:wrapUncommittedBlocksAsPseudoKey(837)) - Detect allocated but uncommitted blocks [{blockID={containerID=2, localID=111677748019200015}, length=4194304, offset=0, token=null, pipeline=null, createVersion=0, partNumber=0}] in key gdir1/pdir2/child.
2023-02-16 16:35:51,154 [IPC Server handler 4 on default port 38619] INFO  key.OMKeyRequest (OMKeyRequest.java:wrapUncommittedBlocksAsPseudoKey(837)) - Detect allocated but uncommitted blocks [{blockID={containerID=3, localID=111677748019200016}, length=4194304, offset=0, token=null, pipeline=null, createVersion=0, partNumber=0}] in key gdir1/pdir3/child.
2023-02-16 16:35:51,156 [IPC Server handler 6 on default port 38619] INFO  key.OMKeyRequest (OMKeyRequest.java:wrapUncommittedBlocksAsPseudoKey(837)) - Detect allocated but uncommitted blocks [{blockID={containerID=2, localID=111677748019200017}, length=4194304, offset=0, token=null, pipeline=null, createVersion=0, partNumber=0}] in key gdir1/pdir4/child.
2023-02-16 16:35:51,159 [IPC Server handler 8 on default port 38619] INFO  key.OMKeyRequest (OMKeyRequest.java:wrapUncommittedBlocksAsPseudoKey(837)) - Detect allocated but uncommitted blocks [{blockID={containerID=1, localID=111677748019200018}, length=4194304, offset=0, token=null, pipeline=null, createVersion=0, partNumber=0}] in key gdir1/pdir5/child.
2023-02-16 16:35:51,161 [IPC Server handler 11 on default port 38619] INFO  key.OMKeyRequest (OMKeyRequest.java:wrapUncommittedBlocksAsPseudoKey(837)) - Detect allocated but uncommitted blocks [{blockID={containerID=3, localID=111677748019200019}, length=4194304, offset=0, token=null, pipeline=null, createVersion=0, partNumber=0}] in key gdir1/pdir6/child.
2023-02-16 16:35:51,163 [IPC Server handler 12 on default port 38619] INFO  key.OMKeyRequest (OMKeyRequest.java:wrapUncommittedBlocksAsPseudoKey(837)) - Detect allocated but uncommitted blocks [{blockID={containerID=2, localID=111677748019200020}, length=4194304, offset=0, token=null, pipeline=null, createVersion=0, partNumber=0}] in key gdir1/pdir7/child.
2023-02-16 16:35:51,165 [IPC Server handler 14 on default port 38619] INFO  key.OMKeyRequest (OMKeyRequest.java:wrapUncommittedBlocksAsPseudoKey(837)) - Detect allocated but uncommitted blocks [{blockID={containerID=4, localID=111677748019200021}, length=4194304, offset=0, token=null, pipeline=null, createVersion=0, partNumber=0}] in key gdir1/pdir8/child.
2023-02-16 16:35:51,168 [IPC Server handler 16 on default port 38619] INFO  key.OMKeyRequest (OMKeyRequest.java:wrapUncommittedBlocksAsPseudoKey(837)) - Detect allocated but uncommitted blocks [{blockID={containerID=1, localID=111677748019200022}, length=4194304, offset=0, token=null, pipeline=null, createVersion=0, partNumber=0}] in key gdir1/pdir9/child.
2023-02-16 16:35:51,170 [IPC Server handler 18 on default port 38619] INFO  key.OMKeyRequest (OMKeyRequest.java:wrapUncommittedBlocksAsPseudoKey(837)) - Detect allocated but uncommitted blocks [{blockID={containerID=3, localID=111677748019200023}, length=4194304, offset=0, token=null, pipeline=null, createVersion=0, partNumber=0}] in key gdir1/pdir10/child.
16:35:51.179 [IPC Server handler 17 on default port 38619] ERROR OMAudit - user=runner | ip=127.0.0.1 | op=GET_FILE_STATUS {volume=volume78724, bucket=bucket78568, key=gdir1, dataSize=0, replicationConfig=null} | ret=FAILURE
org.apache.hadoop.ozone.om.exceptions.OMException: Unable to get file status: volume: volume78724 bucket: bucket78568 key: gdir1
	at org.apache.hadoop.ozone.om.KeyManagerImpl.getOzoneFileStatus(KeyManagerImpl.java:1162) ~[ozone-manager-1.4.0-SNAPSHOT.jar:?]
	at org.apache.hadoop.ozone.om.KeyManagerImpl.getFileStatus(KeyManagerImpl.java:1080) ~[ozone-manager-1.4.0-SNAPSHOT.jar:?]
	at org.apache.hadoop.ozone.om.OmMetadataReader.getFileStatus(OmMetadataReader.java:288) ~[ozone-manager-1.4.0-SNAPSHOT.jar:?]
	at org.apache.hadoop.ozone.om.OzoneManager.getFileStatus(OzoneManager.java:3450) ~[ozone-manager-1.4.0-SNAPSHOT.jar:?]
	at org.apache.hadoop.ozone.protocolPB.OzoneManagerRequestHandler.getOzoneFileStatus(OzoneManagerRequestHandler.java:933) ~[ozone-manager-1.4.0-SNAPSHOT.jar:?]
	at org.apache.hadoop.ozone.protocolPB.OzoneManagerRequestHandler.handleReadRequest(OzoneManagerRequestHandler.java:238) ~[ozone-manager-1.4.0-SNAPSHOT.jar:?]
	at org.apache.hadoop.ozone.protocolPB.OzoneManagerProtocolServerSideTranslatorPB.submitRequestDirectlyToOM(OzoneManagerProtocolServerSideTranslatorPB.java:271) ~[ozone-manager-1.4.0-SNAPSHOT.jar:?]
	at org.apache.hadoop.ozone.protocolPB.OzoneManagerProtocolServerSideTranslatorPB.processRequest(OzoneManagerProtocolServerSideTranslatorPB.java:173) ~[ozone-manager-1.4.0-SNAPSHOT.jar:?]
	at org.apache.hadoop.hdds.server.OzoneProtocolMessageDispatcher.processRequest(OzoneProtocolMessageDispatcher.java:87) [hdds-server-framework-1.4.0-SNAPSHOT.jar:?]
	at org.apache.hadoop.ozone.protocolPB.OzoneManagerProtocolServerSideTranslatorPB.submitRequest(OzoneManagerProtocolServerSideTranslatorPB.java:147) [ozone-manager-1.4.0-SNAPSHOT.jar:?]
	at org.apache.hadoop.ozone.protocol.proto.OzoneManagerProtocolProtos$OzoneManagerService$2.callBlockingMethod(OzoneManagerProtocolProtos.java) [ozone-interface-client-1.4.0-SNAPSHOT.jar:?]
	at org.apache.hadoop.ipc.ProtobufRpcEngine$Server.processCall(ProtobufRpcEngine.java:465) [hadoop-common-3.3.4.jar:?]
	at org.apache.hadoop.ipc.ProtobufRpcEngine2$Server$ProtoBufRpcInvoker.call(ProtobufRpcEngine2.java:578) [hadoop-common-3.3.4.jar:?]
	at org.apache.hadoop.ipc.ProtobufRpcEngine2$Server$ProtoBufRpcInvoker.call(ProtobufRpcEngine2.java:556) [hadoop-common-3.3.4.jar:?]
	at org.apache.hadoop.ipc.RPC$Server.call(RPC.java:1093) [hadoop-common-3.3.4.jar:?]
	at org.apache.hadoop.ipc.Server$RpcCall.run(Server.java:1043) [hadoop-common-3.3.4.jar:?]
	at org.apache.hadoop.ipc.Server$RpcCall.run(Server.java:971) [hadoop-common-3.3.4.jar:?]
	at java.security.AccessController.doPrivileged(Native Method) ~[?:1.8.0_362]
	at javax.security.auth.Subject.doAs(Subject.java:422) [?:1.8.0_362]
	at org.apache.hadoop.security.UserGroupInformation.doAs(UserGroupInformation.java:1878) [hadoop-common-3.3.4.jar:?]
	at org.apache.hadoop.ipc.Server$Handler.run(Server.java:2976) [hadoop-common-3.3.4.jar:?]
16:35:51.180 [IPC Server handler 18 on default port 38619] ERROR OMAudit - user=runner | ip=127.0.0.1 | op=GET_FILE_STATUS {volume=volume78724, bucket=bucket78568, key=gdir1/dir1, dataSize=0, replicationConfig=null} | ret=FAILURE
org.apache.hadoop.ozone.om.exceptions.OMException: Unable to get file status: volume: volume78724 bucket: bucket78568 key: gdir1/dir1
	at org.apache.hadoop.ozone.om.KeyManagerImpl.getOzoneFileStatus(KeyManagerImpl.java:1162) ~[ozone-manager-1.4.0-SNAPSHOT.jar:?]
	at org.apache.hadoop.ozone.om.KeyManagerImpl.getFileStatus(KeyManagerImpl.java:1080) ~[ozone-manager-1.4.0-SNAPSHOT.jar:?]
	at org.apache.hadoop.ozone.om.OmMetadataReader.getFileStatus(OmMetadataReader.java:288) ~[ozone-manager-1.4.0-SNAPSHOT.jar:?]
	at org.apache.hadoop.ozone.om.OzoneManager.getFileStatus(OzoneManager.java:3450) ~[ozone-manager-1.4.0-SNAPSHOT.jar:?]
	at org.apache.hadoop.ozone.protocolPB.OzoneManagerRequestHandler.getOzoneFileStatus(OzoneManagerRequestHandler.java:933) ~[ozone-manager-1.4.0-SNAPSHOT.jar:?]
	at org.apache.hadoop.ozone.protocolPB.OzoneManagerRequestHandler.handleReadRequest(OzoneManagerRequestHandler.java:238) ~[ozone-manager-1.4.0-SNAPSHOT.jar:?]
	at org.apache.hadoop.ozone.protocolPB.OzoneManagerProtocolServerSideTranslatorPB.submitRequestDirectlyToOM(OzoneManagerProtocolServerSideTranslatorPB.java:271) ~[ozone-manager-1.4.0-SNAPSHOT.jar:?]
	at org.apache.hadoop.ozone.protocolPB.OzoneManagerProtocolServerSideTranslatorPB.processRequest(OzoneManagerProtocolServerSideTranslatorPB.java:173) ~[ozone-manager-1.4.0-SNAPSHOT.jar:?]
	at org.apache.hadoop.hdds.server.OzoneProtocolMessageDispatcher.processRequest(OzoneProtocolMessageDispatcher.java:87) [hdds-server-framework-1.4.0-SNAPSHOT.jar:?]
	at org.apache.hadoop.ozone.protocolPB.OzoneManagerProtocolServerSideTranslatorPB.submitRequest(OzoneManagerProtocolServerSideTranslatorPB.java:147) [ozone-manager-1.4.0-SNAPSHOT.jar:?]
	at org.apache.hadoop.ozone.protocol.proto.OzoneManagerProtocolProtos$OzoneManagerService$2.callBlockingMethod(OzoneManagerProtocolProtos.java) [ozone-interface-client-1.4.0-SNAPSHOT.jar:?]
	at org.apache.hadoop.ipc.ProtobufRpcEngine$Server.processCall(ProtobufRpcEngine.java:465) [hadoop-common-3.3.4.jar:?]
	at org.apache.hadoop.ipc.ProtobufRpcEngine2$Server$ProtoBufRpcInvoker.call(ProtobufRpcEngine2.java:578) [hadoop-common-3.3.4.jar:?]
	at org.apache.hadoop.ipc.ProtobufRpcEngine2$Server$ProtoBufRpcInvoker.call(ProtobufRpcEngine2.java:556) [hadoop-common-3.3.4.jar:?]
	at org.apache.hadoop.ipc.RPC$Server.call(RPC.java:1093) [hadoop-common-3.3.4.jar:?]
	at org.apache.hadoop.ipc.Server$RpcCall.run(Server.java:1043) [hadoop-common-3.3.4.jar:?]
	at org.apache.hadoop.ipc.Server$RpcCall.run(Server.java:971) [hadoop-common-3.3.4.jar:?]
	at java.security.AccessController.doPrivileged(Native Method) ~[?:1.8.0_362]
	at javax.security.auth.Subject.doAs(Subject.java:422) [?:1.8.0_362]
	at org.apache.hadoop.security.UserGroupInformation.doAs(UserGroupInformation.java:1878) [hadoop-common-3.3.4.jar:?]
	at org.apache.hadoop.ipc.Server$Handler.run(Server.java:2976) [hadoop-common-3.3.4.jar:?]
16:35:51.181 [IPC Server handler 19 on default port 38619] ERROR OMAudit - user=runner | ip=127.0.0.1 | op=GET_FILE_STATUS {volume=volume78724, bucket=bucket78568, key=gdir1/dir1/child, dataSize=0, replicationConfig=null} | ret=FAILURE
org.apache.hadoop.ozone.om.exceptions.OMException: Unable to get file status: volume: volume78724 bucket: bucket78568 key: gdir1/dir1/child
	at org.apache.hadoop.ozone.om.KeyManagerImpl.getOzoneFileStatus(KeyManagerImpl.java:1162) ~[ozone-manager-1.4.0-SNAPSHOT.jar:?]
	at org.apache.hadoop.ozone.om.KeyManagerImpl.getFileStatus(KeyManagerImpl.java:1080) ~[ozone-manager-1.4.0-SNAPSHOT.jar:?]
	at org.apache.hadoop.ozone.om.OmMetadataReader.getFileStatus(OmMetadataReader.java:288) ~[ozone-manager-1.4.0-SNAPSHOT.jar:?]
	at org.apache.hadoop.ozone.om.OzoneManager.getFileStatus(OzoneManager.java:3450) ~[ozone-manager-1.4.0-SNAPSHOT.jar:?]
	at org.apache.hadoop.ozone.protocolPB.OzoneManagerRequestHandler.getOzoneFileStatus(OzoneManagerRequestHandler.java:933) ~[ozone-manager-1.4.0-SNAPSHOT.jar:?]
	at org.apache.hadoop.ozone.protocolPB.OzoneManagerRequestHandler.handleReadRequest(OzoneManagerRequestHandler.java:238) ~[ozone-manager-1.4.0-SNAPSHOT.jar:?]
	at org.apache.hadoop.ozone.protocolPB.OzoneManagerProtocolServerSideTranslatorPB.submitRequestDirectlyToOM(OzoneManagerProtocolServerSideTranslatorPB.java:271) ~[ozone-manager-1.4.0-SNAPSHOT.jar:?]
	at org.apache.hadoop.ozone.protocolPB.OzoneManagerProtocolServerSideTranslatorPB.processRequest(OzoneManagerProtocolServerSideTranslatorPB.java:173) ~[ozone-manager-1.4.0-SNAPSHOT.jar:?]
	at org.apache.hadoop.hdds.server.OzoneProtocolMessageDispatcher.processRequest(OzoneProtocolMessageDispatcher.java:87) [hdds-server-framework-1.4.0-SNAPSHOT.jar:?]
	at org.apache.hadoop.ozone.protocolPB.OzoneManagerProtocolServerSideTranslatorPB.submitRequest(OzoneManagerProtocolServerSideTranslatorPB.java:147) [ozone-manager-1.4.0-SNAPSHOT.jar:?]
	at org.apache.hadoop.ozone.protocol.proto.OzoneManagerProtocolProtos$OzoneManagerService$2.callBlockingMethod(OzoneManagerProtocolProtos.java) [ozone-interface-client-1.4.0-SNAPSHOT.jar:?]
	at org.apache.hadoop.ipc.ProtobufRpcEngine$Server.processCall(ProtobufRpcEngine.java:465) [hadoop-common-3.3.4.jar:?]
	at org.apache.hadoop.ipc.ProtobufRpcEngine2$Server$ProtoBufRpcInvoker.call(ProtobufRpcEngine2.java:578) [hadoop-common-3.3.4.jar:?]
	at org.apache.hadoop.ipc.ProtobufRpcEngine2$Server$ProtoBufRpcInvoker.call(ProtobufRpcEngine2.java:556) [hadoop-common-3.3.4.jar:?]
	at org.apache.hadoop.ipc.RPC$Server.call(RPC.java:1093) [hadoop-common-3.3.4.jar:?]
	at org.apache.hadoop.ipc.Server$RpcCall.run(Server.java:1043) [hadoop-common-3.3.4.jar:?]
	at org.apache.hadoop.ipc.Server$RpcCall.run(Server.java:971) [hadoop-common-3.3.4.jar:?]
	at java.security.AccessController.doPrivileged(Native Method) ~[?:1.8.0_362]
	at javax.security.auth.Subject.doAs(Subject.java:422) [?:1.8.0_362]
	at org.apache.hadoop.security.UserGroupInformation.doAs(UserGroupInformation.java:1878) [hadoop-common-3.3.4.jar:?]
	at org.apache.hadoop.ipc.Server$Handler.run(Server.java:2976) [hadoop-common-3.3.4.jar:?]
16:35:51.182 [IPC Server handler 0 on default port 38619] ERROR OMAudit - user=runner | ip=127.0.0.1 | op=GET_FILE_STATUS {volume=volume78724, bucket=bucket78568, key=gdir1/dir2, dataSize=0, replicationConfig=null} | ret=FAILURE
org.apache.hadoop.ozone.om.exceptions.OMException: Unable to get file status: volume: volume78724 bucket: bucket78568 key: gdir1/dir2
	at org.apache.hadoop.ozone.om.KeyManagerImpl.getOzoneFileStatus(KeyManagerImpl.java:1162) ~[ozone-manager-1.4.0-SNAPSHOT.jar:?]
	at org.apache.hadoop.ozone.om.KeyManagerImpl.getFileStatus(KeyManagerImpl.java:1080) ~[ozone-manager-1.4.0-SNAPSHOT.jar:?]
	at org.apache.hadoop.ozone.om.OmMetadataReader.getFileStatus(OmMetadataReader.java:288) ~[ozone-manager-1.4.0-SNAPSHOT.jar:?]
	at org.apache.hadoop.ozone.om.OzoneManager.getFileStatus(OzoneManager.java:3450) ~[ozone-manager-1.4.0-SNAPSHOT.jar:?]
	at org.apache.hadoop.ozone.protocolPB.OzoneManagerRequestHandler.getOzoneFileStatus(OzoneManagerRequestHandler.java:933) ~[ozone-manager-1.4.0-SNAPSHOT.jar:?]
	at org.apache.hadoop.ozone.protocolPB.OzoneManagerRequestHandler.handleReadRequest(OzoneManagerRequestHandler.java:238) ~[ozone-manager-1.4.0-SNAPSHOT.jar:?]
	at org.apache.hadoop.ozone.protocolPB.OzoneManagerProtocolServerSideTranslatorPB.submitRequestDirectlyToOM(OzoneManagerProtocolServerSideTranslatorPB.java:271) ~[ozone-manager-1.4.0-SNAPSHOT.jar:?]
	at org.apache.hadoop.ozone.protocolPB.OzoneManagerProtocolServerSideTranslatorPB.processRequest(OzoneManagerProtocolServerSideTranslatorPB.java:173) ~[ozone-manager-1.4.0-SNAPSHOT.jar:?]
	at org.apache.hadoop.hdds.server.OzoneProtocolMessageDispatcher.processRequest(OzoneProtocolMessageDispatcher.java:87) [hdds-server-framework-1.4.0-SNAPSHOT.jar:?]
	at org.apache.hadoop.ozone.protocolPB.OzoneManagerProtocolServerSideTranslatorPB.submitRequest(OzoneManagerProtocolServerSideTranslatorPB.java:147) [ozone-manager-1.4.0-SNAPSHOT.jar:?]
	at org.apache.hadoop.ozone.protocol.proto.OzoneManagerProtocolProtos$OzoneManagerService$2.callBlockingMethod(OzoneManagerProtocolProtos.java) [ozone-interface-client-1.4.0-SNAPSHOT.jar:?]
	at org.apache.hadoop.ipc.ProtobufRpcEngine$Server.processCall(ProtobufRpcEngine.java:465) [hadoop-common-3.3.4.jar:?]
	at org.apache.hadoop.ipc.ProtobufRpcEngine2$Server$ProtoBufRpcInvoker.call(ProtobufRpcEngine2.java:578) [hadoop-common-3.3.4.jar:?]
	at org.apache.hadoop.ipc.ProtobufRpcEngine2$Server$ProtoBufRpcInvoker.call(ProtobufRpcEngine2.java:556) [hadoop-common-3.3.4.jar:?]
	at org.apache.hadoop.ipc.RPC$Server.call(RPC.java:1093) [hadoop-common-3.3.4.jar:?]
	at org.apache.hadoop.ipc.Server$RpcCall.run(Server.java:1043) [hadoop-common-3.3.4.jar:?]
	at org.apache.hadoop.ipc.Server$RpcCall.run(Server.java:971) [hadoop-common-3.3.4.jar:?]
	at java.security.AccessController.doPrivileged(Native Method) ~[?:1.8.0_362]
	at javax.security.auth.Subject.doAs(Subject.java:422) [?:1.8.0_362]
	at org.apache.hadoop.security.UserGroupInformation.doAs(UserGroupInformation.java:1878) [hadoop-common-3.3.4.jar:?]
	at org.apache.hadoop.ipc.Server$Handler.run(Server.java:2976) [hadoop-common-3.3.4.jar:?]
16:35:51.183 [IPC Server handler 1 on default port 38619] ERROR OMAudit - user=runner | ip=127.0.0.1 | op=GET_FILE_STATUS {volume=volume78724, bucket=bucket78568, key=gdir1/dir2/child, dataSize=0, replicationConfig=null} | ret=FAILURE
org.apache.hadoop.ozone.om.exceptions.OMException: Unable to get file status: volume: volume78724 bucket: bucket78568 key: gdir1/dir2/child
	at org.apache.hadoop.ozone.om.KeyManagerImpl.getOzoneFileStatus(KeyManagerImpl.java:1162) ~[ozone-manager-1.4.0-SNAPSHOT.jar:?]
	at org.apache.hadoop.ozone.om.KeyManagerImpl.getFileStatus(KeyManagerImpl.java:1080) ~[ozone-manager-1.4.0-SNAPSHOT.jar:?]
	at org.apache.hadoop.ozone.om.OmMetadataReader.getFileStatus(OmMetadataReader.java:288) ~[ozone-manager-1.4.0-SNAPSHOT.jar:?]
	at org.apache.hadoop.ozone.om.OzoneManager.getFileStatus(OzoneManager.java:3450) ~[ozone-manager-1.4.0-SNAPSHOT.jar:?]
	at org.apache.hadoop.ozone.protocolPB.OzoneManagerRequestHandler.getOzoneFileStatus(OzoneManagerRequestHandler.java:933) ~[ozone-manager-1.4.0-SNAPSHOT.jar:?]
	at org.apache.hadoop.ozone.protocolPB.OzoneManagerRequestHandler.handleReadRequest(OzoneManagerRequestHandler.java:238) ~[ozone-manager-1.4.0-SNAPSHOT.jar:?]
	at org.apache.hadoop.ozone.protocolPB.OzoneManagerProtocolServerSideTranslatorPB.submitRequestDirectlyToOM(OzoneManagerProtocolServerSideTranslatorPB.java:271) ~[ozone-manager-1.4.0-SNAPSHOT.jar:?]
	at org.apache.hadoop.ozone.protocolPB.OzoneManagerProtocolServerSideTranslatorPB.processRequest(OzoneManagerProtocolServerSideTranslatorPB.java:173) ~[ozone-manager-1.4.0-SNAPSHOT.jar:?]
	at org.apache.hadoop.hdds.server.OzoneProtocolMessageDispatcher.processRequest(OzoneProtocolMessageDispatcher.java:87) [hdds-server-framework-1.4.0-SNAPSHOT.jar:?]
	at org.apache.hadoop.ozone.protocolPB.OzoneManagerProtocolServerSideTranslatorPB.submitRequest(OzoneManagerProtocolServerSideTranslatorPB.java:147) [ozone-manager-1.4.0-SNAPSHOT.jar:?]
	at org.apache.hadoop.ozone.protocol.proto.OzoneManagerProtocolProtos$OzoneManagerService$2.callBlockingMethod(OzoneManagerProtocolProtos.java) [ozone-interface-client-1.4.0-SNAPSHOT.jar:?]
	at org.apache.hadoop.ipc.ProtobufRpcEngine$Server.processCall(ProtobufRpcEngine.java:465) [hadoop-common-3.3.4.jar:?]
	at org.apache.hadoop.ipc.ProtobufRpcEngine2$Server$ProtoBufRpcInvoker.call(ProtobufRpcEngine2.java:578) [hadoop-common-3.3.4.jar:?]
	at org.apache.hadoop.ipc.ProtobufRpcEngine2$Server$ProtoBufRpcInvoker.call(ProtobufRpcEngine2.java:556) [hadoop-common-3.3.4.jar:?]
	at org.apache.hadoop.ipc.RPC$Server.call(RPC.java:1093) [hadoop-common-3.3.4.jar:?]
	at org.apache.hadoop.ipc.Server$RpcCall.run(Server.java:1043) [hadoop-common-3.3.4.jar:?]
	at org.apache.hadoop.ipc.Server$RpcCall.run(Server.java:971) [hadoop-common-3.3.4.jar:?]
	at java.security.AccessController.doPrivileged(Native Method) ~[?:1.8.0_362]
	at javax.security.auth.Subject.doAs(Subject.java:422) [?:1.8.0_362]
	at org.apache.hadoop.security.UserGroupInformation.doAs(UserGroupInformation.java:1878) [hadoop-common-3.3.4.jar:?]
	at org.apache.hadoop.ipc.Server$Handler.run(Server.java:2976) [hadoop-common-3.3.4.jar:?]
16:35:51.183 [IPC Server handler 2 on default port 38619] ERROR OMAudit - user=runner | ip=127.0.0.1 | op=GET_FILE_STATUS {volume=volume78724, bucket=bucket78568, key=gdir1/dir3, dataSize=0, replicationConfig=null} | ret=FAILURE
org.apache.hadoop.ozone.om.exceptions.OMException: Unable to get file status: volume: volume78724 bucket: bucket78568 key: gdir1/dir3
	at org.apache.hadoop.ozone.om.KeyManagerImpl.getOzoneFileStatus(KeyManagerImpl.java:1162) ~[ozone-manager-1.4.0-SNAPSHOT.jar:?]
	at org.apache.hadoop.ozone.om.KeyManagerImpl.getFileStatus(KeyManagerImpl.java:1080) ~[ozone-manager-1.4.0-SNAPSHOT.jar:?]
	at org.apache.hadoop.ozone.om.OmMetadataReader.getFileStatus(OmMetadataReader.java:288) ~[ozone-manager-1.4.0-SNAPSHOT.jar:?]
	at org.apache.hadoop.ozone.om.OzoneManager.getFileStatus(OzoneManager.java:3450) ~[ozone-manager-1.4.0-SNAPSHOT.jar:?]
	at org.apache.hadoop.ozone.protocolPB.OzoneManagerRequestHandler.getOzoneFileStatus(OzoneManagerRequestHandler.java:933) ~[ozone-manager-1.4.0-SNAPSHOT.jar:?]
	at org.apache.hadoop.ozone.protocolPB.OzoneManagerRequestHandler.handleReadRequest(OzoneManagerRequestHandler.java:238) ~[ozone-manager-1.4.0-SNAPSHOT.jar:?]
	at org.apache.hadoop.ozone.protocolPB.OzoneManagerProtocolServerSideTranslatorPB.submitRequestDirectlyToOM(OzoneManagerProtocolServerSideTranslatorPB.java:271) ~[ozone-manager-1.4.0-SNAPSHOT.jar:?]
	at org.apache.hadoop.ozone.protocolPB.OzoneManagerProtocolServerSideTranslatorPB.processRequest(OzoneManagerProtocolServerSideTranslatorPB.java:173) ~[ozone-manager-1.4.0-SNAPSHOT.jar:?]
	at org.apache.hadoop.hdds.server.OzoneProtocolMessageDispatcher.processRequest(OzoneProtocolMessageDispatcher.java:87) [hdds-server-framework-1.4.0-SNAPSHOT.jar:?]
	at org.apache.hadoop.ozone.protocolPB.OzoneManagerProtocolServerSideTranslatorPB.submitRequest(OzoneManagerProtocolServerSideTranslatorPB.java:147) [ozone-manager-1.4.0-SNAPSHOT.jar:?]
	at org.apache.hadoop.ozone.protocol.proto.OzoneManagerProtocolProtos$OzoneManagerService$2.callBlockingMethod(OzoneManagerProtocolProtos.java) [ozone-interface-client-1.4.0-SNAPSHOT.jar:?]
	at org.apache.hadoop.ipc.ProtobufRpcEngine$Server.processCall(ProtobufRpcEngine.java:465) [hadoop-common-3.3.4.jar:?]
	at org.apache.hadoop.ipc.ProtobufRpcEngine2$Server$ProtoBufRpcInvoker.call(ProtobufRpcEngine2.java:578) [hadoop-common-3.3.4.jar:?]
	at org.apache.hadoop.ipc.ProtobufRpcEngine2$Server$ProtoBufRpcInvoker.call(ProtobufRpcEngine2.java:556) [hadoop-common-3.3.4.jar:?]
	at org.apache.hadoop.ipc.RPC$Server.call(RPC.java:1093) [hadoop-common-3.3.4.jar:?]
	at org.apache.hadoop.ipc.Server$RpcCall.run(Server.java:1043) [hadoop-common-3.3.4.jar:?]
	at org.apache.hadoop.ipc.Server$RpcCall.run(Server.java:971) [hadoop-common-3.3.4.jar:?]
	at java.security.AccessController.doPrivileged(Native Method) ~[?:1.8.0_362]
	at javax.security.auth.Subject.doAs(Subject.java:422) [?:1.8.0_362]
	at org.apache.hadoop.security.UserGroupInformation.doAs(UserGroupInformation.java:1878) [hadoop-common-3.3.4.jar:?]
	at org.apache.hadoop.ipc.Server$Handler.run(Server.java:2976) [hadoop-common-3.3.4.jar:?]
16:35:51.184 [IPC Server handler 3 on default port 38619] ERROR OMAudit - user=runner | ip=127.0.0.1 | op=GET_FILE_STATUS {volume=volume78724, bucket=bucket78568, key=gdir1/dir3/child, dataSize=0, replicationConfig=null} | ret=FAILURE
org.apache.hadoop.ozone.om.exceptions.OMException: Unable to get file status: volume: volume78724 bucket: bucket78568 key: gdir1/dir3/child
	at org.apache.hadoop.ozone.om.KeyManagerImpl.getOzoneFileStatus(KeyManagerImpl.java:1162) ~[ozone-manager-1.4.0-SNAPSHOT.jar:?]
	at org.apache.hadoop.ozone.om.KeyManagerImpl.getFileStatus(KeyManagerImpl.java:1080) ~[ozone-manager-1.4.0-SNAPSHOT.jar:?]
	at org.apache.hadoop.ozone.om.OmMetadataReader.getFileStatus(OmMetadataReader.java:288) ~[ozone-manager-1.4.0-SNAPSHOT.jar:?]
	at org.apache.hadoop.ozone.om.OzoneManager.getFileStatus(OzoneManager.java:3450) ~[ozone-manager-1.4.0-SNAPSHOT.jar:?]
	at org.apache.hadoop.ozone.protocolPB.OzoneManagerRequestHandler.getOzoneFileStatus(OzoneManagerRequestHandler.java:933) ~[ozone-manager-1.4.0-SNAPSHOT.jar:?]
	at org.apache.hadoop.ozone.protocolPB.OzoneManagerRequestHandler.handleReadRequest(OzoneManagerRequestHandler.java:238) ~[ozone-manager-1.4.0-SNAPSHOT.jar:?]
	at org.apache.hadoop.ozone.protocolPB.OzoneManagerProtocolServerSideTranslatorPB.submitRequestDirectlyToOM(OzoneManagerProtocolServerSideTranslatorPB.java:271) ~[ozone-manager-1.4.0-SNAPSHOT.jar:?]
	at org.apache.hadoop.ozone.protocolPB.OzoneManagerProtocolServerSideTranslatorPB.processRequest(OzoneManagerProtocolServerSideTranslatorPB.java:173) ~[ozone-manager-1.4.0-SNAPSHOT.jar:?]
	at org.apache.hadoop.hdds.server.OzoneProtocolMessageDispatcher.processRequest(OzoneProtocolMessageDispatcher.java:87) [hdds-server-framework-1.4.0-SNAPSHOT.jar:?]
	at org.apache.hadoop.ozone.protocolPB.OzoneManagerProtocolServerSideTranslatorPB.submitRequest(OzoneManagerProtocolServerSideTranslatorPB.java:147) [ozone-manager-1.4.0-SNAPSHOT.jar:?]
	at org.apache.hadoop.ozone.protocol.proto.OzoneManagerProtocolProtos$OzoneManagerService$2.callBlockingMethod(OzoneManagerProtocolProtos.java) [ozone-interface-client-1.4.0-SNAPSHOT.jar:?]
	at org.apache.hadoop.ipc.ProtobufRpcEngine$Server.processCall(ProtobufRpcEngine.java:465) [hadoop-common-3.3.4.jar:?]
	at org.apache.hadoop.ipc.ProtobufRpcEngine2$Server$ProtoBufRpcInvoker.call(ProtobufRpcEngine2.java:578) [hadoop-common-3.3.4.jar:?]
	at org.apache.hadoop.ipc.ProtobufRpcEngine2$Server$ProtoBufRpcInvoker.call(ProtobufRpcEngine2.java:556) [hadoop-common-3.3.4.jar:?]
	at org.apache.hadoop.ipc.RPC$Server.call(RPC.java:1093) [hadoop-common-3.3.4.jar:?]
	at org.apache.hadoop.ipc.Server$RpcCall.run(Server.java:1043) [hadoop-common-3.3.4.jar:?]
	at org.apache.hadoop.ipc.Server$RpcCall.run(Server.java:971) [hadoop-common-3.3.4.jar:?]
	at java.security.AccessController.doPrivileged(Native Method) ~[?:1.8.0_362]
	at javax.security.auth.Subject.doAs(Subject.java:422) [?:1.8.0_362]
	at org.apache.hadoop.security.UserGroupInformation.doAs(UserGroupInformation.java:1878) [hadoop-common-3.3.4.jar:?]
	at org.apache.hadoop.ipc.Server$Handler.run(Server.java:2976) [hadoop-common-3.3.4.jar:?]
16:35:51.184 [IPC Server handler 4 on default port 38619] ERROR OMAudit - user=runner | ip=127.0.0.1 | op=GET_FILE_STATUS {volume=volume78724, bucket=bucket78568, key=gdir1/dir4, dataSize=0, replicationConfig=null} | ret=FAILURE
org.apache.hadoop.ozone.om.exceptions.OMException: Unable to get file status: volume: volume78724 bucket: bucket78568 key: gdir1/dir4
	at org.apache.hadoop.ozone.om.KeyManagerImpl.getOzoneFileStatus(KeyManagerImpl.java:1162) ~[ozone-manager-1.4.0-SNAPSHOT.jar:?]
	at org.apache.hadoop.ozone.om.KeyManagerImpl.getFileStatus(KeyManagerImpl.java:1080) ~[ozone-manager-1.4.0-SNAPSHOT.jar:?]
	at org.apache.hadoop.ozone.om.OmMetadataReader.getFileStatus(OmMetadataReader.java:288) ~[ozone-manager-1.4.0-SNAPSHOT.jar:?]
	at org.apache.hadoop.ozone.om.OzoneManager.getFileStatus(OzoneManager.java:3450) ~[ozone-manager-1.4.0-SNAPSHOT.jar:?]
	at org.apache.hadoop.ozone.protocolPB.OzoneManagerRequestHandler.getOzoneFileStatus(OzoneManagerRequestHandler.java:933) ~[ozone-manager-1.4.0-SNAPSHOT.jar:?]
	at org.apache.hadoop.ozone.protocolPB.OzoneManagerRequestHandler.handleReadRequest(OzoneManagerRequestHandler.java:238) ~[ozone-manager-1.4.0-SNAPSHOT.jar:?]
	at org.apache.hadoop.ozone.protocolPB.OzoneManagerProtocolServerSideTranslatorPB.submitRequestDirectlyToOM(OzoneManagerProtocolServerSideTranslatorPB.java:271) ~[ozone-manager-1.4.0-SNAPSHOT.jar:?]
	at org.apache.hadoop.ozone.protocolPB.OzoneManagerProtocolServerSideTranslatorPB.processRequest(OzoneManagerProtocolServerSideTranslatorPB.java:173) ~[ozone-manager-1.4.0-SNAPSHOT.jar:?]
	at org.apache.hadoop.hdds.server.OzoneProtocolMessageDispatcher.processRequest(OzoneProtocolMessageDispatcher.java:87) [hdds-server-framework-1.4.0-SNAPSHOT.jar:?]
	at org.apache.hadoop.ozone.protocolPB.OzoneManagerProtocolServerSideTranslatorPB.submitRequest(OzoneManagerProtocolServerSideTranslatorPB.java:147) [ozone-manager-1.4.0-SNAPSHOT.jar:?]
	at org.apache.hadoop.ozone.protocol.proto.OzoneManagerProtocolProtos$OzoneManagerService$2.callBlockingMethod(OzoneManagerProtocolProtos.java) [ozone-interface-client-1.4.0-SNAPSHOT.jar:?]
	at org.apache.hadoop.ipc.ProtobufRpcEngine$Server.processCall(ProtobufRpcEngine.java:465) [hadoop-common-3.3.4.jar:?]
	at org.apache.hadoop.ipc.ProtobufRpcEngine2$Server$ProtoBufRpcInvoker.call(ProtobufRpcEngine2.java:578) [hadoop-common-3.3.4.jar:?]
	at org.apache.hadoop.ipc.ProtobufRpcEngine2$Server$ProtoBufRpcInvoker.call(ProtobufRpcEngine2.java:556) [hadoop-common-3.3.4.jar:?]
	at org.apache.hadoop.ipc.RPC$Server.call(RPC.java:1093) [hadoop-common-3.3.4.jar:?]
	at org.apache.hadoop.ipc.Server$RpcCall.run(Server.java:1043) [hadoop-common-3.3.4.jar:?]
	at org.apache.hadoop.ipc.Server$RpcCall.run(Server.java:971) [hadoop-common-3.3.4.jar:?]
	at java.security.AccessController.doPrivileged(Native Method) ~[?:1.8.0_362]
	at javax.security.auth.Subject.doAs(Subject.java:422) [?:1.8.0_362]
	at org.apache.hadoop.security.UserGroupInformation.doAs(UserGroupInformation.java:1878) [hadoop-common-3.3.4.jar:?]
	at org.apache.hadoop.ipc.Server$Handler.run(Server.java:2976) [hadoop-common-3.3.4.jar:?]
16:35:51.185 [IPC Server handler 5 on default port 38619] ERROR OMAudit - user=runner | ip=127.0.0.1 | op=GET_FILE_STATUS {volume=volume78724, bucket=bucket78568, key=gdir1/dir4/child, dataSize=0, replicationConfig=null} | ret=FAILURE
org.apache.hadoop.ozone.om.exceptions.OMException: Unable to get file status: volume: volume78724 bucket: bucket78568 key: gdir1/dir4/child
	at org.apache.hadoop.ozone.om.KeyManagerImpl.getOzoneFileStatus(KeyManagerImpl.java:1162) ~[ozone-manager-1.4.0-SNAPSHOT.jar:?]
	at org.apache.hadoop.ozone.om.KeyManagerImpl.getFileStatus(KeyManagerImpl.java:1080) ~[ozone-manager-1.4.0-SNAPSHOT.jar:?]
	at org.apache.hadoop.ozone.om.OmMetadataReader.getFileStatus(OmMetadataReader.java:288) ~[ozone-manager-1.4.0-SNAPSHOT.jar:?]
	at org.apache.hadoop.ozone.om.OzoneManager.getFileStatus(OzoneManager.java:3450) ~[ozone-manager-1.4.0-SNAPSHOT.jar:?]
	at org.apache.hadoop.ozone.protocolPB.OzoneManagerRequestHandler.getOzoneFileStatus(OzoneManagerRequestHandler.java:933) ~[ozone-manager-1.4.0-SNAPSHOT.jar:?]
	at org.apache.hadoop.ozone.protocolPB.OzoneManagerRequestHandler.handleReadRequest(OzoneManagerRequestHandler.java:238) ~[ozone-manager-1.4.0-SNAPSHOT.jar:?]
	at org.apache.hadoop.ozone.protocolPB.OzoneManagerProtocolServerSideTranslatorPB.submitRequestDirectlyToOM(OzoneManagerProtocolServerSideTranslatorPB.java:271) ~[ozone-manager-1.4.0-SNAPSHOT.jar:?]
	at org.apache.hadoop.ozone.protocolPB.OzoneManagerProtocolServerSideTranslatorPB.processRequest(OzoneManagerProtocolServerSideTranslatorPB.java:173) ~[ozone-manager-1.4.0-SNAPSHOT.jar:?]
	at org.apache.hadoop.hdds.server.OzoneProtocolMessageDispatcher.processRequest(OzoneProtocolMessageDispatcher.java:87) [hdds-server-framework-1.4.0-SNAPSHOT.jar:?]
	at org.apache.hadoop.ozone.protocolPB.OzoneManagerProtocolServerSideTranslatorPB.submitRequest(OzoneManagerProtocolServerSideTranslatorPB.java:147) [ozone-manager-1.4.0-SNAPSHOT.jar:?]
	at org.apache.hadoop.ozone.protocol.proto.OzoneManagerProtocolProtos$OzoneManagerService$2.callBlockingMethod(OzoneManagerProtocolProtos.java) [ozone-interface-client-1.4.0-SNAPSHOT.jar:?]
	at org.apache.hadoop.ipc.ProtobufRpcEngine$Server.processCall(ProtobufRpcEngine.java:465) [hadoop-common-3.3.4.jar:?]
	at org.apache.hadoop.ipc.ProtobufRpcEngine2$Server$ProtoBufRpcInvoker.call(ProtobufRpcEngine2.java:578) [hadoop-common-3.3.4.jar:?]
	at org.apache.hadoop.ipc.ProtobufRpcEngine2$Server$ProtoBufRpcInvoker.call(ProtobufRpcEngine2.java:556) [hadoop-common-3.3.4.jar:?]
	at org.apache.hadoop.ipc.RPC$Server.call(RPC.java:1093) [hadoop-common-3.3.4.jar:?]
	at org.apache.hadoop.ipc.Server$RpcCall.run(Server.java:1043) [hadoop-common-3.3.4.jar:?]
	at org.apache.hadoop.ipc.Server$RpcCall.run(Server.java:971) [hadoop-common-3.3.4.jar:?]
	at java.security.AccessController.doPrivileged(Native Method) ~[?:1.8.0_362]
	at javax.security.auth.Subject.doAs(Subject.java:422) [?:1.8.0_362]
	at org.apache.hadoop.security.UserGroupInformation.doAs(UserGroupInformation.java:1878) [hadoop-common-3.3.4.jar:?]
	at org.apache.hadoop.ipc.Server$Handler.run(Server.java:2976) [hadoop-common-3.3.4.jar:?]
16:35:51.186 [IPC Server handler 6 on default port 38619] ERROR OMAudit - user=runner | ip=127.0.0.1 | op=GET_FILE_STATUS {volume=volume78724, bucket=bucket78568, key=gdir1/dir5, dataSize=0, replicationConfig=null} | ret=FAILURE
org.apache.hadoop.ozone.om.exceptions.OMException: Unable to get file status: volume: volume78724 bucket: bucket78568 key: gdir1/dir5
	at org.apache.hadoop.ozone.om.KeyManagerImpl.getOzoneFileStatus(KeyManagerImpl.java:1162) ~[ozone-manager-1.4.0-SNAPSHOT.jar:?]
	at org.apache.hadoop.ozone.om.KeyManagerImpl.getFileStatus(KeyManagerImpl.java:1080) ~[ozone-manager-1.4.0-SNAPSHOT.jar:?]
	at org.apache.hadoop.ozone.om.OmMetadataReader.getFileStatus(OmMetadataReader.java:288) ~[ozone-manager-1.4.0-SNAPSHOT.jar:?]
	at org.apache.hadoop.ozone.om.OzoneManager.getFileStatus(OzoneManager.java:3450) ~[ozone-manager-1.4.0-SNAPSHOT.jar:?]
	at org.apache.hadoop.ozone.protocolPB.OzoneManagerRequestHandler.getOzoneFileStatus(OzoneManagerRequestHandler.java:933) ~[ozone-manager-1.4.0-SNAPSHOT.jar:?]
	at org.apache.hadoop.ozone.protocolPB.OzoneManagerRequestHandler.handleReadRequest(OzoneManagerRequestHandler.java:238) ~[ozone-manager-1.4.0-SNAPSHOT.jar:?]
	at org.apache.hadoop.ozone.protocolPB.OzoneManagerProtocolServerSideTranslatorPB.submitRequestDirectlyToOM(OzoneManagerProtocolServerSideTranslatorPB.java:271) ~[ozone-manager-1.4.0-SNAPSHOT.jar:?]
	at org.apache.hadoop.ozone.protocolPB.OzoneManagerProtocolServerSideTranslatorPB.processRequest(OzoneManagerProtocolServerSideTranslatorPB.java:173) ~[ozone-manager-1.4.0-SNAPSHOT.jar:?]
	at org.apache.hadoop.hdds.server.OzoneProtocolMessageDispatcher.processRequest(OzoneProtocolMessageDispatcher.java:87) [hdds-server-framework-1.4.0-SNAPSHOT.jar:?]
	at org.apache.hadoop.ozone.protocolPB.OzoneManagerProtocolServerSideTranslatorPB.submitRequest(OzoneManagerProtocolServerSideTranslatorPB.java:147) [ozone-manager-1.4.0-SNAPSHOT.jar:?]
	at org.apache.hadoop.ozone.protocol.proto.OzoneManagerProtocolProtos$OzoneManagerService$2.callBlockingMethod(OzoneManagerProtocolProtos.java) [ozone-interface-client-1.4.0-SNAPSHOT.jar:?]
	at org.apache.hadoop.ipc.ProtobufRpcEngine$Server.processCall(ProtobufRpcEngine.java:465) [hadoop-common-3.3.4.jar:?]
	at org.apache.hadoop.ipc.ProtobufRpcEngine2$Server$ProtoBufRpcInvoker.call(ProtobufRpcEngine2.java:578) [hadoop-common-3.3.4.jar:?]
	at org.apache.hadoop.ipc.ProtobufRpcEngine2$Server$ProtoBufRpcInvoker.call(ProtobufRpcEngine2.java:556) [hadoop-common-3.3.4.jar:?]
	at org.apache.hadoop.ipc.RPC$Server.call(RPC.java:1093) [hadoop-common-3.3.4.jar:?]
	at org.apache.hadoop.ipc.Server$RpcCall.run(Server.java:1043) [hadoop-common-3.3.4.jar:?]
	at org.apache.hadoop.ipc.Server$RpcCall.run(Server.java:971) [hadoop-common-3.3.4.jar:?]
	at java.security.AccessController.doPrivileged(Native Method) ~[?:1.8.0_362]
	at javax.security.auth.Subject.doAs(Subject.java:422) [?:1.8.0_362]
	at org.apache.hadoop.security.UserGroupInformation.doAs(UserGroupInformation.java:1878) [hadoop-common-3.3.4.jar:?]
	at org.apache.hadoop.ipc.Server$Handler.run(Server.java:2976) [hadoop-common-3.3.4.jar:?]
16:35:51.187 [IPC Server handler 7 on default port 38619] ERROR OMAudit - user=runner | ip=127.0.0.1 | op=GET_FILE_STATUS {volume=volume78724, bucket=bucket78568, key=gdir1/dir5/child, dataSize=0, replicationConfig=null} | ret=FAILURE
org.apache.hadoop.ozone.om.exceptions.OMException: Unable to get file status: volume: volume78724 bucket: bucket78568 key: gdir1/dir5/child
	at org.apache.hadoop.ozone.om.KeyManagerImpl.getOzoneFileStatus(KeyManagerImpl.java:1162) ~[ozone-manager-1.4.0-SNAPSHOT.jar:?]
	at org.apache.hadoop.ozone.om.KeyManagerImpl.getFileStatus(KeyManagerImpl.java:1080) ~[ozone-manager-1.4.0-SNAPSHOT.jar:?]
	at org.apache.hadoop.ozone.om.OmMetadataReader.getFileStatus(OmMetadataReader.java:288) ~[ozone-manager-1.4.0-SNAPSHOT.jar:?]
	at org.apache.hadoop.ozone.om.OzoneManager.getFileStatus(OzoneManager.java:3450) ~[ozone-manager-1.4.0-SNAPSHOT.jar:?]
	at org.apache.hadoop.ozone.protocolPB.OzoneManagerRequestHandler.getOzoneFileStatus(OzoneManagerRequestHandler.java:933) ~[ozone-manager-1.4.0-SNAPSHOT.jar:?]
	at org.apache.hadoop.ozone.protocolPB.OzoneManagerRequestHandler.handleReadRequest(OzoneManagerRequestHandler.java:238) ~[ozone-manager-1.4.0-SNAPSHOT.jar:?]
	at org.apache.hadoop.ozone.protocolPB.OzoneManagerProtocolServerSideTranslatorPB.submitRequestDirectlyToOM(OzoneManagerProtocolServerSideTranslatorPB.java:271) ~[ozone-manager-1.4.0-SNAPSHOT.jar:?]
	at org.apache.hadoop.ozone.protocolPB.OzoneManagerProtocolServerSideTranslatorPB.processRequest(OzoneManagerProtocolServerSideTranslatorPB.java:173) ~[ozone-manager-1.4.0-SNAPSHOT.jar:?]
	at org.apache.hadoop.hdds.server.OzoneProtocolMessageDispatcher.processRequest(OzoneProtocolMessageDispatcher.java:87) [hdds-server-framework-1.4.0-SNAPSHOT.jar:?]
	at org.apache.hadoop.ozone.protocolPB.OzoneManagerProtocolServerSideTranslatorPB.submitRequest(OzoneManagerProtocolServerSideTranslatorPB.java:147) [ozone-manager-1.4.0-SNAPSHOT.jar:?]
	at org.apache.hadoop.ozone.protocol.proto.OzoneManagerProtocolProtos$OzoneManagerService$2.callBlockingMethod(OzoneManagerProtocolProtos.java) [ozone-interface-client-1.4.0-SNAPSHOT.jar:?]
	at org.apache.hadoop.ipc.ProtobufRpcEngine$Server.processCall(ProtobufRpcEngine.java:465) [hadoop-common-3.3.4.jar:?]
	at org.apache.hadoop.ipc.ProtobufRpcEngine2$Server$ProtoBufRpcInvoker.call(ProtobufRpcEngine2.java:578) [hadoop-common-3.3.4.jar:?]
	at org.apache.hadoop.ipc.ProtobufRpcEngine2$Server$ProtoBufRpcInvoker.call(ProtobufRpcEngine2.java:556) [hadoop-common-3.3.4.jar:?]
	at org.apache.hadoop.ipc.RPC$Server.call(RPC.java:1093) [hadoop-common-3.3.4.jar:?]
	at org.apache.hadoop.ipc.Server$RpcCall.run(Server.java:1043) [hadoop-common-3.3.4.jar:?]
	at org.apache.hadoop.ipc.Server$RpcCall.run(Server.java:971) [hadoop-common-3.3.4.jar:?]
	at java.security.AccessController.doPrivileged(Native Method) ~[?:1.8.0_362]
	at javax.security.auth.Subject.doAs(Subject.java:422) [?:1.8.0_362]
	at org.apache.hadoop.security.UserGroupInformation.doAs(UserGroupInformation.java:1878) [hadoop-common-3.3.4.jar:?]
	at org.apache.hadoop.ipc.Server$Handler.run(Server.java:2976) [hadoop-common-3.3.4.jar:?]
16:35:51.187 [IPC Server handler 8 on default port 38619] ERROR OMAudit - user=runner | ip=127.0.0.1 | op=GET_FILE_STATUS {volume=volume78724, bucket=bucket78568, key=gdir1/dir6, dataSize=0, replicationConfig=null} | ret=FAILURE
org.apache.hadoop.ozone.om.exceptions.OMException: Unable to get file status: volume: volume78724 bucket: bucket78568 key: gdir1/dir6
	at org.apache.hadoop.ozone.om.KeyManagerImpl.getOzoneFileStatus(KeyManagerImpl.java:1162) ~[ozone-manager-1.4.0-SNAPSHOT.jar:?]
	at org.apache.hadoop.ozone.om.KeyManagerImpl.getFileStatus(KeyManagerImpl.java:1080) ~[ozone-manager-1.4.0-SNAPSHOT.jar:?]
	at org.apache.hadoop.ozone.om.OmMetadataReader.getFileStatus(OmMetadataReader.java:288) ~[ozone-manager-1.4.0-SNAPSHOT.jar:?]
	at org.apache.hadoop.ozone.om.OzoneManager.getFileStatus(OzoneManager.java:3450) ~[ozone-manager-1.4.0-SNAPSHOT.jar:?]
	at org.apache.hadoop.ozone.protocolPB.OzoneManagerRequestHandler.getOzoneFileStatus(OzoneManagerRequestHandler.java:933) ~[ozone-manager-1.4.0-SNAPSHOT.jar:?]
	at org.apache.hadoop.ozone.protocolPB.OzoneManagerRequestHandler.handleReadRequest(OzoneManagerRequestHandler.java:238) ~[ozone-manager-1.4.0-SNAPSHOT.jar:?]
	at org.apache.hadoop.ozone.protocolPB.OzoneManagerProtocolServerSideTranslatorPB.submitRequestDirectlyToOM(OzoneManagerProtocolServerSideTranslatorPB.java:271) ~[ozone-manager-1.4.0-SNAPSHOT.jar:?]
	at org.apache.hadoop.ozone.protocolPB.OzoneManagerProtocolServerSideTranslatorPB.processRequest(OzoneManagerProtocolServerSideTranslatorPB.java:173) ~[ozone-manager-1.4.0-SNAPSHOT.jar:?]
	at org.apache.hadoop.hdds.server.OzoneProtocolMessageDispatcher.processRequest(OzoneProtocolMessageDispatcher.java:87) [hdds-server-framework-1.4.0-SNAPSHOT.jar:?]
	at org.apache.hadoop.ozone.protocolPB.OzoneManagerProtocolServerSideTranslatorPB.submitRequest(OzoneManagerProtocolServerSideTranslatorPB.java:147) [ozone-manager-1.4.0-SNAPSHOT.jar:?]
	at org.apache.hadoop.ozone.protocol.proto.OzoneManagerProtocolProtos$OzoneManagerService$2.callBlockingMethod(OzoneManagerProtocolProtos.java) [ozone-interface-client-1.4.0-SNAPSHOT.jar:?]
	at org.apache.hadoop.ipc.ProtobufRpcEngine$Server.processCall(ProtobufRpcEngine.java:465) [hadoop-common-3.3.4.jar:?]
	at org.apache.hadoop.ipc.ProtobufRpcEngine2$Server$ProtoBufRpcInvoker.call(ProtobufRpcEngine2.java:578) [hadoop-common-3.3.4.jar:?]
	at org.apache.hadoop.ipc.ProtobufRpcEngine2$Server$ProtoBufRpcInvoker.call(ProtobufRpcEngine2.java:556) [hadoop-common-3.3.4.jar:?]
	at org.apache.hadoop.ipc.RPC$Server.call(RPC.java:1093) [hadoop-common-3.3.4.jar:?]
	at org.apache.hadoop.ipc.Server$RpcCall.run(Server.java:1043) [hadoop-common-3.3.4.jar:?]
	at org.apache.hadoop.ipc.Server$RpcCall.run(Server.java:971) [hadoop-common-3.3.4.jar:?]
	at java.security.AccessController.doPrivileged(Native Method) ~[?:1.8.0_362]
	at javax.security.auth.Subject.doAs(Subject.java:422) [?:1.8.0_362]
	at org.apache.hadoop.security.UserGroupInformation.doAs(UserGroupInformation.java:1878) [hadoop-common-3.3.4.jar:?]
	at org.apache.hadoop.ipc.Server$Handler.run(Server.java:2976) [hadoop-common-3.3.4.jar:?]
16:35:51.188 [IPC Server handler 9 on default port 38619] ERROR OMAudit - user=runner | ip=127.0.0.1 | op=GET_FILE_STATUS {volume=volume78724, bucket=bucket78568, key=gdir1/dir6/child, dataSize=0, replicationConfig=null} | ret=FAILURE
org.apache.hadoop.ozone.om.exceptions.OMException: Unable to get file status: volume: volume78724 bucket: bucket78568 key: gdir1/dir6/child
	at org.apache.hadoop.ozone.om.KeyManagerImpl.getOzoneFileStatus(KeyManagerImpl.java:1162) ~[ozone-manager-1.4.0-SNAPSHOT.jar:?]
	at org.apache.hadoop.ozone.om.KeyManagerImpl.getFileStatus(KeyManagerImpl.java:1080) ~[ozone-manager-1.4.0-SNAPSHOT.jar:?]
	at org.apache.hadoop.ozone.om.OmMetadataReader.getFileStatus(OmMetadataReader.java:288) ~[ozone-manager-1.4.0-SNAPSHOT.jar:?]
	at org.apache.hadoop.ozone.om.OzoneManager.getFileStatus(OzoneManager.java:3450) ~[ozone-manager-1.4.0-SNAPSHOT.jar:?]
	at org.apache.hadoop.ozone.protocolPB.OzoneManagerRequestHandler.getOzoneFileStatus(OzoneManagerRequestHandler.java:933) ~[ozone-manager-1.4.0-SNAPSHOT.jar:?]
	at org.apache.hadoop.ozone.protocolPB.OzoneManagerRequestHandler.handleReadRequest(OzoneManagerRequestHandler.java:238) ~[ozone-manager-1.4.0-SNAPSHOT.jar:?]
	at org.apache.hadoop.ozone.protocolPB.OzoneManagerProtocolServerSideTranslatorPB.submitRequestDirectlyToOM(OzoneManagerProtocolServerSideTranslatorPB.java:271) ~[ozone-manager-1.4.0-SNAPSHOT.jar:?]
	at org.apache.hadoop.ozone.protocolPB.OzoneManagerProtocolServerSideTranslatorPB.processRequest(OzoneManagerProtocolServerSideTranslatorPB.java:173) ~[ozone-manager-1.4.0-SNAPSHOT.jar:?]
	at org.apache.hadoop.hdds.server.OzoneProtocolMessageDispatcher.processRequest(OzoneProtocolMessageDispatcher.java:87) [hdds-server-framework-1.4.0-SNAPSHOT.jar:?]
	at org.apache.hadoop.ozone.protocolPB.OzoneManagerProtocolServerSideTranslatorPB.submitRequest(OzoneManagerProtocolServerSideTranslatorPB.java:147) [ozone-manager-1.4.0-SNAPSHOT.jar:?]
	at org.apache.hadoop.ozone.protocol.proto.OzoneManagerProtocolProtos$OzoneManagerService$2.callBlockingMethod(OzoneManagerProtocolProtos.java) [ozone-interface-client-1.4.0-SNAPSHOT.jar:?]
	at org.apache.hadoop.ipc.ProtobufRpcEngine$Server.processCall(ProtobufRpcEngine.java:465) [hadoop-common-3.3.4.jar:?]
	at org.apache.hadoop.ipc.ProtobufRpcEngine2$Server$ProtoBufRpcInvoker.call(ProtobufRpcEngine2.java:578) [hadoop-common-3.3.4.jar:?]
	at org.apache.hadoop.ipc.ProtobufRpcEngine2$Server$ProtoBufRpcInvoker.call(ProtobufRpcEngine2.java:556) [hadoop-common-3.3.4.jar:?]
	at org.apache.hadoop.ipc.RPC$Server.call(RPC.java:1093) [hadoop-common-3.3.4.jar:?]
	at org.apache.hadoop.ipc.Server$RpcCall.run(Server.java:1043) [hadoop-common-3.3.4.jar:?]
	at org.apache.hadoop.ipc.Server$RpcCall.run(Server.java:971) [hadoop-common-3.3.4.jar:?]
	at java.security.AccessController.doPrivileged(Native Method) ~[?:1.8.0_362]
	at javax.security.auth.Subject.doAs(Subject.java:422) [?:1.8.0_362]
	at org.apache.hadoop.security.UserGroupInformation.doAs(UserGroupInformation.java:1878) [hadoop-common-3.3.4.jar:?]
	at org.apache.hadoop.ipc.Server$Handler.run(Server.java:2976) [hadoop-common-3.3.4.jar:?]
16:35:51.188 [IPC Server handler 11 on default port 38619] ERROR OMAudit - user=runner | ip=127.0.0.1 | op=GET_FILE_STATUS {volume=volume78724, bucket=bucket78568, key=gdir1/dir7, dataSize=0, replicationConfig=null} | ret=FAILURE
org.apache.hadoop.ozone.om.exceptions.OMException: Unable to get file status: volume: volume78724 bucket: bucket78568 key: gdir1/dir7
	at org.apache.hadoop.ozone.om.KeyManagerImpl.getOzoneFileStatus(KeyManagerImpl.java:1162) ~[ozone-manager-1.4.0-SNAPSHOT.jar:?]
	at org.apache.hadoop.ozone.om.KeyManagerImpl.getFileStatus(KeyManagerImpl.java:1080) ~[ozone-manager-1.4.0-SNAPSHOT.jar:?]
	at org.apache.hadoop.ozone.om.OmMetadataReader.getFileStatus(OmMetadataReader.java:288) ~[ozone-manager-1.4.0-SNAPSHOT.jar:?]
	at org.apache.hadoop.ozone.om.OzoneManager.getFileStatus(OzoneManager.java:3450) ~[ozone-manager-1.4.0-SNAPSHOT.jar:?]
	at org.apache.hadoop.ozone.protocolPB.OzoneManagerRequestHandler.getOzoneFileStatus(OzoneManagerRequestHandler.java:933) ~[ozone-manager-1.4.0-SNAPSHOT.jar:?]
	at org.apache.hadoop.ozone.protocolPB.OzoneManagerRequestHandler.handleReadRequest(OzoneManagerRequestHandler.java:238) ~[ozone-manager-1.4.0-SNAPSHOT.jar:?]
	at org.apache.hadoop.ozone.protocolPB.OzoneManagerProtocolServerSideTranslatorPB.submitRequestDirectlyToOM(OzoneManagerProtocolServerSideTranslatorPB.java:271) ~[ozone-manager-1.4.0-SNAPSHOT.jar:?]
	at org.apache.hadoop.ozone.protocolPB.OzoneManagerProtocolServerSideTranslatorPB.processRequest(OzoneManagerProtocolServerSideTranslatorPB.java:173) ~[ozone-manager-1.4.0-SNAPSHOT.jar:?]
	at org.apache.hadoop.hdds.server.OzoneProtocolMessageDispatcher.processRequest(OzoneProtocolMessageDispatcher.java:87) [hdds-server-framework-1.4.0-SNAPSHOT.jar:?]
	at org.apache.hadoop.ozone.protocolPB.OzoneManagerProtocolServerSideTranslatorPB.submitRequest(OzoneManagerProtocolServerSideTranslatorPB.java:147) [ozone-manager-1.4.0-SNAPSHOT.jar:?]
	at org.apache.hadoop.ozone.protocol.proto.OzoneManagerProtocolProtos$OzoneManagerService$2.callBlockingMethod(OzoneManagerProtocolProtos.java) [ozone-interface-client-1.4.0-SNAPSHOT.jar:?]
	at org.apache.hadoop.ipc.ProtobufRpcEngine$Server.processCall(ProtobufRpcEngine.java:465) [hadoop-common-3.3.4.jar:?]
	at org.apache.hadoop.ipc.ProtobufRpcEngine2$Server$ProtoBufRpcInvoker.call(ProtobufRpcEngine2.java:578) [hadoop-common-3.3.4.jar:?]
	at org.apache.hadoop.ipc.ProtobufRpcEngine2$Server$ProtoBufRpcInvoker.call(ProtobufRpcEngine2.java:556) [hadoop-common-3.3.4.jar:?]
	at org.apache.hadoop.ipc.RPC$Server.call(RPC.java:1093) [hadoop-common-3.3.4.jar:?]
	at org.apache.hadoop.ipc.Server$RpcCall.run(Server.java:1043) [hadoop-common-3.3.4.jar:?]
	at org.apache.hadoop.ipc.Server$RpcCall.run(Server.java:971) [hadoop-common-3.3.4.jar:?]
	at java.security.AccessController.doPrivileged(Native Method) ~[?:1.8.0_362]
	at javax.security.auth.Subject.doAs(Subject.java:422) [?:1.8.0_362]
	at org.apache.hadoop.security.UserGroupInformation.doAs(UserGroupInformation.java:1878) [hadoop-common-3.3.4.jar:?]
	at org.apache.hadoop.ipc.Server$Handler.run(Server.java:2976) [hadoop-common-3.3.4.jar:?]
16:35:51.189 [IPC Server handler 10 on default port 38619] ERROR OMAudit - user=runner | ip=127.0.0.1 | op=GET_FILE_STATUS {volume=volume78724, bucket=bucket78568, key=gdir1/dir7/child, dataSize=0, replicationConfig=null} | ret=FAILURE
org.apache.hadoop.ozone.om.exceptions.OMException: Unable to get file status: volume: volume78724 bucket: bucket78568 key: gdir1/dir7/child
	at org.apache.hadoop.ozone.om.KeyManagerImpl.getOzoneFileStatus(KeyManagerImpl.java:1162) ~[ozone-manager-1.4.0-SNAPSHOT.jar:?]
	at org.apache.hadoop.ozone.om.KeyManagerImpl.getFileStatus(KeyManagerImpl.java:1080) ~[ozone-manager-1.4.0-SNAPSHOT.jar:?]
	at org.apache.hadoop.ozone.om.OmMetadataReader.getFileStatus(OmMetadataReader.java:288) ~[ozone-manager-1.4.0-SNAPSHOT.jar:?]
	at org.apache.hadoop.ozone.om.OzoneManager.getFileStatus(OzoneManager.java:3450) ~[ozone-manager-1.4.0-SNAPSHOT.jar:?]
	at org.apache.hadoop.ozone.protocolPB.OzoneManagerRequestHandler.getOzoneFileStatus(OzoneManagerRequestHandler.java:933) ~[ozone-manager-1.4.0-SNAPSHOT.jar:?]
	at org.apache.hadoop.ozone.protocolPB.OzoneManagerRequestHandler.handleReadRequest(OzoneManagerRequestHandler.java:238) ~[ozone-manager-1.4.0-SNAPSHOT.jar:?]
	at org.apache.hadoop.ozone.protocolPB.OzoneManagerProtocolServerSideTranslatorPB.submitRequestDirectlyToOM(OzoneManagerProtocolServerSideTranslatorPB.java:271) ~[ozone-manager-1.4.0-SNAPSHOT.jar:?]
	at org.apache.hadoop.ozone.protocolPB.OzoneManagerProtocolServerSideTranslatorPB.processRequest(OzoneManagerProtocolServerSideTranslatorPB.java:173) ~[ozone-manager-1.4.0-SNAPSHOT.jar:?]
	at org.apache.hadoop.hdds.server.OzoneProtocolMessageDispatcher.processRequest(OzoneProtocolMessageDispatcher.java:87) [hdds-server-framework-1.4.0-SNAPSHOT.jar:?]
	at org.apache.hadoop.ozone.protocolPB.OzoneManagerProtocolServerSideTranslatorPB.submitRequest(OzoneManagerProtocolServerSideTranslatorPB.java:147) [ozone-manager-1.4.0-SNAPSHOT.jar:?]
	at org.apache.hadoop.ozone.protocol.proto.OzoneManagerProtocolProtos$OzoneManagerService$2.callBlockingMethod(OzoneManagerProtocolProtos.java) [ozone-interface-client-1.4.0-SNAPSHOT.jar:?]
	at org.apache.hadoop.ipc.ProtobufRpcEngine$Server.processCall(ProtobufRpcEngine.java:465) [hadoop-common-3.3.4.jar:?]
	at org.apache.hadoop.ipc.ProtobufRpcEngine2$Server$ProtoBufRpcInvoker.call(ProtobufRpcEngine2.java:578) [hadoop-common-3.3.4.jar:?]
	at org.apache.hadoop.ipc.ProtobufRpcEngine2$Server$ProtoBufRpcInvoker.call(ProtobufRpcEngine2.java:556) [hadoop-common-3.3.4.jar:?]
	at org.apache.hadoop.ipc.RPC$Server.call(RPC.java:1093) [hadoop-common-3.3.4.jar:?]
	at org.apache.hadoop.ipc.Server$RpcCall.run(Server.java:1043) [hadoop-common-3.3.4.jar:?]
	at org.apache.hadoop.ipc.Server$RpcCall.run(Server.java:971) [hadoop-common-3.3.4.jar:?]
	at java.security.AccessController.doPrivileged(Native Method) ~[?:1.8.0_362]
	at javax.security.auth.Subject.doAs(Subject.java:422) [?:1.8.0_362]
	at org.apache.hadoop.security.UserGroupInformation.doAs(UserGroupInformation.java:1878) [hadoop-common-3.3.4.jar:?]
	at org.apache.hadoop.ipc.Server$Handler.run(Server.java:2976) [hadoop-common-3.3.4.jar:?]
16:35:51.191 [IPC Server handler 12 on default port 38619] ERROR OMAudit - user=runner | ip=127.0.0.1 | op=GET_FILE_STATUS {volume=volume78724, bucket=bucket78568, key=gdir1/dir8, dataSize=0, replicationConfig=null} | ret=FAILURE
org.apache.hadoop.ozone.om.exceptions.OMException: Unable to get file status: volume: volume78724 bucket: bucket78568 key: gdir1/dir8
	at org.apache.hadoop.ozone.om.KeyManagerImpl.getOzoneFileStatus(KeyManagerImpl.java:1162) ~[ozone-manager-1.4.0-SNAPSHOT.jar:?]
	at org.apache.hadoop.ozone.om.KeyManagerImpl.getFileStatus(KeyManagerImpl.java:1080) ~[ozone-manager-1.4.0-SNAPSHOT.jar:?]
	at org.apache.hadoop.ozone.om.OmMetadataReader.getFileStatus(OmMetadataReader.java:288) ~[ozone-manager-1.4.0-SNAPSHOT.jar:?]
	at org.apache.hadoop.ozone.om.OzoneManager.getFileStatus(OzoneManager.java:3450) ~[ozone-manager-1.4.0-SNAPSHOT.jar:?]
	at org.apache.hadoop.ozone.protocolPB.OzoneManagerRequestHandler.getOzoneFileStatus(OzoneManagerRequestHandler.java:933) ~[ozone-manager-1.4.0-SNAPSHOT.jar:?]
	at org.apache.hadoop.ozone.protocolPB.OzoneManagerRequestHandler.handleReadRequest(OzoneManagerRequestHandler.java:238) ~[ozone-manager-1.4.0-SNAPSHOT.jar:?]
	at org.apache.hadoop.ozone.protocolPB.OzoneManagerProtocolServerSideTranslatorPB.submitRequestDirectlyToOM(OzoneManagerProtocolServerSideTranslatorPB.java:271) ~[ozone-manager-1.4.0-SNAPSHOT.jar:?]
	at org.apache.hadoop.ozone.protocolPB.OzoneManagerProtocolServerSideTranslatorPB.processRequest(OzoneManagerProtocolServerSideTranslatorPB.java:173) ~[ozone-manager-1.4.0-SNAPSHOT.jar:?]
	at org.apache.hadoop.hdds.server.OzoneProtocolMessageDispatcher.processRequest(OzoneProtocolMessageDispatcher.java:87) [hdds-server-framework-1.4.0-SNAPSHOT.jar:?]
	at org.apache.hadoop.ozone.protocolPB.OzoneManagerProtocolServerSideTranslatorPB.submitRequest(OzoneManagerProtocolServerSideTranslatorPB.java:147) [ozone-manager-1.4.0-SNAPSHOT.jar:?]
	at org.apache.hadoop.ozone.protocol.proto.OzoneManagerProtocolProtos$OzoneManagerService$2.callBlockingMethod(OzoneManagerProtocolProtos.java) [ozone-interface-client-1.4.0-SNAPSHOT.jar:?]
	at org.apache.hadoop.ipc.ProtobufRpcEngine$Server.processCall(ProtobufRpcEngine.java:465) [hadoop-common-3.3.4.jar:?]
	at org.apache.hadoop.ipc.ProtobufRpcEngine2$Server$ProtoBufRpcInvoker.call(ProtobufRpcEngine2.java:578) [hadoop-common-3.3.4.jar:?]
	at org.apache.hadoop.ipc.ProtobufRpcEngine2$Server$ProtoBufRpcInvoker.call(ProtobufRpcEngine2.java:556) [hadoop-common-3.3.4.jar:?]
	at org.apache.hadoop.ipc.RPC$Server.call(RPC.java:1093) [hadoop-common-3.3.4.jar:?]
	at org.apache.hadoop.ipc.Server$RpcCall.run(Server.java:1043) [hadoop-common-3.3.4.jar:?]
	at org.apache.hadoop.ipc.Server$RpcCall.run(Server.java:971) [hadoop-common-3.3.4.jar:?]
	at java.security.AccessController.doPrivileged(Native Method) ~[?:1.8.0_362]
	at javax.security.auth.Subject.doAs(Subject.java:422) [?:1.8.0_362]
	at org.apache.hadoop.security.UserGroupInformation.doAs(UserGroupInformation.java:1878) [hadoop-common-3.3.4.jar:?]
	at org.apache.hadoop.ipc.Server$Handler.run(Server.java:2976) [hadoop-common-3.3.4.jar:?]
16:35:51.191 [IPC Server handler 13 on default port 38619] ERROR OMAudit - user=runner | ip=127.0.0.1 | op=GET_FILE_STATUS {volume=volume78724, bucket=bucket78568, key=gdir1/dir8/child, dataSize=0, replicationConfig=null} | ret=FAILURE
org.apache.hadoop.ozone.om.exceptions.OMException: Unable to get file status: volume: volume78724 bucket: bucket78568 key: gdir1/dir8/child
	at org.apache.hadoop.ozone.om.KeyManagerImpl.getOzoneFileStatus(KeyManagerImpl.java:1162) ~[ozone-manager-1.4.0-SNAPSHOT.jar:?]
	at org.apache.hadoop.ozone.om.KeyManagerImpl.getFileStatus(KeyManagerImpl.java:1080) ~[ozone-manager-1.4.0-SNAPSHOT.jar:?]
	at org.apache.hadoop.ozone.om.OmMetadataReader.getFileStatus(OmMetadataReader.java:288) ~[ozone-manager-1.4.0-SNAPSHOT.jar:?]
	at org.apache.hadoop.ozone.om.OzoneManager.getFileStatus(OzoneManager.java:3450) ~[ozone-manager-1.4.0-SNAPSHOT.jar:?]
	at org.apache.hadoop.ozone.protocolPB.OzoneManagerRequestHandler.getOzoneFileStatus(OzoneManagerRequestHandler.java:933) ~[ozone-manager-1.4.0-SNAPSHOT.jar:?]
	at org.apache.hadoop.ozone.protocolPB.OzoneManagerRequestHandler.handleReadRequest(OzoneManagerRequestHandler.java:238) ~[ozone-manager-1.4.0-SNAPSHOT.jar:?]
	at org.apache.hadoop.ozone.protocolPB.OzoneManagerProtocolServerSideTranslatorPB.submitRequestDirectlyToOM(OzoneManagerProtocolServerSideTranslatorPB.java:271) ~[ozone-manager-1.4.0-SNAPSHOT.jar:?]
	at org.apache.hadoop.ozone.protocolPB.OzoneManagerProtocolServerSideTranslatorPB.processRequest(OzoneManagerProtocolServerSideTranslatorPB.java:173) ~[ozone-manager-1.4.0-SNAPSHOT.jar:?]
	at org.apache.hadoop.hdds.server.OzoneProtocolMessageDispatcher.processRequest(OzoneProtocolMessageDispatcher.java:87) [hdds-server-framework-1.4.0-SNAPSHOT.jar:?]
	at org.apache.hadoop.ozone.protocolPB.OzoneManagerProtocolServerSideTranslatorPB.submitRequest(OzoneManagerProtocolServerSideTranslatorPB.java:147) [ozone-manager-1.4.0-SNAPSHOT.jar:?]
	at org.apache.hadoop.ozone.protocol.proto.OzoneManagerProtocolProtos$OzoneManagerService$2.callBlockingMethod(OzoneManagerProtocolProtos.java) [ozone-interface-client-1.4.0-SNAPSHOT.jar:?]
	at org.apache.hadoop.ipc.ProtobufRpcEngine$Server.processCall(ProtobufRpcEngine.java:465) [hadoop-common-3.3.4.jar:?]
	at org.apache.hadoop.ipc.ProtobufRpcEngine2$Server$ProtoBufRpcInvoker.call(ProtobufRpcEngine2.java:578) [hadoop-common-3.3.4.jar:?]
	at org.apache.hadoop.ipc.ProtobufRpcEngine2$Server$ProtoBufRpcInvoker.call(ProtobufRpcEngine2.java:556) [hadoop-common-3.3.4.jar:?]
	at org.apache.hadoop.ipc.RPC$Server.call(RPC.java:1093) [hadoop-common-3.3.4.jar:?]
	at org.apache.hadoop.ipc.Server$RpcCall.run(Server.java:1043) [hadoop-common-3.3.4.jar:?]
	at org.apache.hadoop.ipc.Server$RpcCall.run(Server.java:971) [hadoop-common-3.3.4.jar:?]
	at java.security.AccessController.doPrivileged(Native Method) ~[?:1.8.0_362]
	at javax.security.auth.Subject.doAs(Subject.java:422) [?:1.8.0_362]
	at org.apache.hadoop.security.UserGroupInformation.doAs(UserGroupInformation.java:1878) [hadoop-common-3.3.4.jar:?]
	at org.apache.hadoop.ipc.Server$Handler.run(Server.java:2976) [hadoop-common-3.3.4.jar:?]
16:35:51.192 [IPC Server handler 14 on default port 38619] ERROR OMAudit - user=runner | ip=127.0.0.1 | op=GET_FILE_STATUS {volume=volume78724, bucket=bucket78568, key=gdir1/dir9, dataSize=0, replicationConfig=null} | ret=FAILURE
org.apache.hadoop.ozone.om.exceptions.OMException: Unable to get file status: volume: volume78724 bucket: bucket78568 key: gdir1/dir9
	at org.apache.hadoop.ozone.om.KeyManagerImpl.getOzoneFileStatus(KeyManagerImpl.java:1162) ~[ozone-manager-1.4.0-SNAPSHOT.jar:?]
	at org.apache.hadoop.ozone.om.KeyManagerImpl.getFileStatus(KeyManagerImpl.java:1080) ~[ozone-manager-1.4.0-SNAPSHOT.jar:?]
	at org.apache.hadoop.ozone.om.OmMetadataReader.getFileStatus(OmMetadataReader.java:288) ~[ozone-manager-1.4.0-SNAPSHOT.jar:?]
	at org.apache.hadoop.ozone.om.OzoneManager.getFileStatus(OzoneManager.java:3450) ~[ozone-manager-1.4.0-SNAPSHOT.jar:?]
	at org.apache.hadoop.ozone.protocolPB.OzoneManagerRequestHandler.getOzoneFileStatus(OzoneManagerRequestHandler.java:933) ~[ozone-manager-1.4.0-SNAPSHOT.jar:?]
	at org.apache.hadoop.ozone.protocolPB.OzoneManagerRequestHandler.handleReadRequest(OzoneManagerRequestHandler.java:238) ~[ozone-manager-1.4.0-SNAPSHOT.jar:?]
	at org.apache.hadoop.ozone.protocolPB.OzoneManagerProtocolServerSideTranslatorPB.submitRequestDirectlyToOM(OzoneManagerProtocolServerSideTranslatorPB.java:271) ~[ozone-manager-1.4.0-SNAPSHOT.jar:?]
	at org.apache.hadoop.ozone.protocolPB.OzoneManagerProtocolServerSideTranslatorPB.processRequest(OzoneManagerProtocolServerSideTranslatorPB.java:173) ~[ozone-manager-1.4.0-SNAPSHOT.jar:?]
	at org.apache.hadoop.hdds.server.OzoneProtocolMessageDispatcher.processRequest(OzoneProtocolMessageDispatcher.java:87) [hdds-server-framework-1.4.0-SNAPSHOT.jar:?]
	at org.apache.hadoop.ozone.protocolPB.OzoneManagerProtocolServerSideTranslatorPB.submitRequest(OzoneManagerProtocolServerSideTranslatorPB.java:147) [ozone-manager-1.4.0-SNAPSHOT.jar:?]
	at org.apache.hadoop.ozone.protocol.proto.OzoneManagerProtocolProtos$OzoneManagerService$2.callBlockingMethod(OzoneManagerProtocolProtos.java) [ozone-interface-client-1.4.0-SNAPSHOT.jar:?]
	at org.apache.hadoop.ipc.ProtobufRpcEngine$Server.processCall(ProtobufRpcEngine.java:465) [hadoop-common-3.3.4.jar:?]
	at org.apache.hadoop.ipc.ProtobufRpcEngine2$Server$ProtoBufRpcInvoker.call(ProtobufRpcEngine2.java:578) [hadoop-common-3.3.4.jar:?]
	at org.apache.hadoop.ipc.ProtobufRpcEngine2$Server$ProtoBufRpcInvoker.call(ProtobufRpcEngine2.java:556) [hadoop-common-3.3.4.jar:?]
	at org.apache.hadoop.ipc.RPC$Server.call(RPC.java:1093) [hadoop-common-3.3.4.jar:?]
	at org.apache.hadoop.ipc.Server$RpcCall.run(Server.java:1043) [hadoop-common-3.3.4.jar:?]
	at org.apache.hadoop.ipc.Server$RpcCall.run(Server.java:971) [hadoop-common-3.3.4.jar:?]
	at java.security.AccessController.doPrivileged(Native Method) ~[?:1.8.0_362]
	at javax.security.auth.Subject.doAs(Subject.java:422) [?:1.8.0_362]
	at org.apache.hadoop.security.UserGroupInformation.doAs(UserGroupInformation.java:1878) [hadoop-common-3.3.4.jar:?]
	at org.apache.hadoop.ipc.Server$Handler.run(Server.java:2976) [hadoop-common-3.3.4.jar:?]
16:35:51.192 [IPC Server handler 15 on default port 38619] ERROR OMAudit - user=runner | ip=127.0.0.1 | op=GET_FILE_STATUS {volume=volume78724, bucket=bucket78568, key=gdir1/dir9/child, dataSize=0, replicationConfig=null} | ret=FAILURE
org.apache.hadoop.ozone.om.exceptions.OMException: Unable to get file status: volume: volume78724 bucket: bucket78568 key: gdir1/dir9/child
	at org.apache.hadoop.ozone.om.KeyManagerImpl.getOzoneFileStatus(KeyManagerImpl.java:1162) ~[ozone-manager-1.4.0-SNAPSHOT.jar:?]
	at org.apache.hadoop.ozone.om.KeyManagerImpl.getFileStatus(KeyManagerImpl.java:1080) ~[ozone-manager-1.4.0-SNAPSHOT.jar:?]
	at org.apache.hadoop.ozone.om.OmMetadataReader.getFileStatus(OmMetadataReader.java:288) ~[ozone-manager-1.4.0-SNAPSHOT.jar:?]
	at org.apache.hadoop.ozone.om.OzoneManager.getFileStatus(OzoneManager.java:3450) ~[ozone-manager-1.4.0-SNAPSHOT.jar:?]
	at org.apache.hadoop.ozone.protocolPB.OzoneManagerRequestHandler.getOzoneFileStatus(OzoneManagerRequestHandler.java:933) ~[ozone-manager-1.4.0-SNAPSHOT.jar:?]
	at org.apache.hadoop.ozone.protocolPB.OzoneManagerRequestHandler.handleReadRequest(OzoneManagerRequestHandler.java:238) ~[ozone-manager-1.4.0-SNAPSHOT.jar:?]
	at org.apache.hadoop.ozone.protocolPB.OzoneManagerProtocolServerSideTranslatorPB.submitRequestDirectlyToOM(OzoneManagerProtocolServerSideTranslatorPB.java:271) ~[ozone-manager-1.4.0-SNAPSHOT.jar:?]
	at org.apache.hadoop.ozone.protocolPB.OzoneManagerProtocolServerSideTranslatorPB.processRequest(OzoneManagerProtocolServerSideTranslatorPB.java:173) ~[ozone-manager-1.4.0-SNAPSHOT.jar:?]
	at org.apache.hadoop.hdds.server.OzoneProtocolMessageDispatcher.processRequest(OzoneProtocolMessageDispatcher.java:87) [hdds-server-framework-1.4.0-SNAPSHOT.jar:?]
	at org.apache.hadoop.ozone.protocolPB.OzoneManagerProtocolServerSideTranslatorPB.submitRequest(OzoneManagerProtocolServerSideTranslatorPB.java:147) [ozone-manager-1.4.0-SNAPSHOT.jar:?]
	at org.apache.hadoop.ozone.protocol.proto.OzoneManagerProtocolProtos$OzoneManagerService$2.callBlockingMethod(OzoneManagerProtocolProtos.java) [ozone-interface-client-1.4.0-SNAPSHOT.jar:?]
	at org.apache.hadoop.ipc.ProtobufRpcEngine$Server.processCall(ProtobufRpcEngine.java:465) [hadoop-common-3.3.4.jar:?]
	at org.apache.hadoop.ipc.ProtobufRpcEngine2$Server$ProtoBufRpcInvoker.call(ProtobufRpcEngine2.java:578) [hadoop-common-3.3.4.jar:?]
	at org.apache.hadoop.ipc.ProtobufRpcEngine2$Server$ProtoBufRpcInvoker.call(ProtobufRpcEngine2.java:556) [hadoop-common-3.3.4.jar:?]
	at org.apache.hadoop.ipc.RPC$Server.call(RPC.java:1093) [hadoop-common-3.3.4.jar:?]
	at org.apache.hadoop.ipc.Server$RpcCall.run(Server.java:1043) [hadoop-common-3.3.4.jar:?]
	at org.apache.hadoop.ipc.Server$RpcCall.run(Server.java:971) [hadoop-common-3.3.4.jar:?]
	at java.security.AccessController.doPrivileged(Native Method) ~[?:1.8.0_362]
	at javax.security.auth.Subject.doAs(Subject.java:422) [?:1.8.0_362]
	at org.apache.hadoop.security.UserGroupInformation.doAs(UserGroupInformation.java:1878) [hadoop-common-3.3.4.jar:?]
	at org.apache.hadoop.ipc.Server$Handler.run(Server.java:2976) [hadoop-common-3.3.4.jar:?]
16:35:51.193 [IPC Server handler 16 on default port 38619] ERROR OMAudit - user=runner | ip=127.0.0.1 | op=GET_FILE_STATUS {volume=volume78724, bucket=bucket78568, key=gdir1/dir10, dataSize=0, replicationConfig=null} | ret=FAILURE
org.apache.hadoop.ozone.om.exceptions.OMException: Unable to get file status: volume: volume78724 bucket: bucket78568 key: gdir1/dir10
	at org.apache.hadoop.ozone.om.KeyManagerImpl.getOzoneFileStatus(KeyManagerImpl.java:1162) ~[ozone-manager-1.4.0-SNAPSHOT.jar:?]
	at org.apache.hadoop.ozone.om.KeyManagerImpl.getFileStatus(KeyManagerImpl.java:1080) ~[ozone-manager-1.4.0-SNAPSHOT.jar:?]
	at org.apache.hadoop.ozone.om.OmMetadataReader.getFileStatus(OmMetadataReader.java:288) ~[ozone-manager-1.4.0-SNAPSHOT.jar:?]
	at org.apache.hadoop.ozone.om.OzoneManager.getFileStatus(OzoneManager.java:3450) ~[ozone-manager-1.4.0-SNAPSHOT.jar:?]
	at org.apache.hadoop.ozone.protocolPB.OzoneManagerRequestHandler.getOzoneFileStatus(OzoneManagerRequestHandler.java:933) ~[ozone-manager-1.4.0-SNAPSHOT.jar:?]
	at org.apache.hadoop.ozone.protocolPB.OzoneManagerRequestHandler.handleReadRequest(OzoneManagerRequestHandler.java:238) ~[ozone-manager-1.4.0-SNAPSHOT.jar:?]
	at org.apache.hadoop.ozone.protocolPB.OzoneManagerProtocolServerSideTranslatorPB.submitRequestDirectlyToOM(OzoneManagerProtocolServerSideTranslatorPB.java:271) ~[ozone-manager-1.4.0-SNAPSHOT.jar:?]
	at org.apache.hadoop.ozone.protocolPB.OzoneManagerProtocolServerSideTranslatorPB.processRequest(OzoneManagerProtocolServerSideTranslatorPB.java:173) ~[ozone-manager-1.4.0-SNAPSHOT.jar:?]
	at org.apache.hadoop.hdds.server.OzoneProtocolMessageDispatcher.processRequest(OzoneProtocolMessageDispatcher.java:87) [hdds-server-framework-1.4.0-SNAPSHOT.jar:?]
	at org.apache.hadoop.ozone.protocolPB.OzoneManagerProtocolServerSideTranslatorPB.submitRequest(OzoneManagerProtocolServerSideTranslatorPB.java:147) [ozone-manager-1.4.0-SNAPSHOT.jar:?]
	at org.apache.hadoop.ozone.protocol.proto.OzoneManagerProtocolProtos$OzoneManagerService$2.callBlockingMethod(OzoneManagerProtocolProtos.java) [ozone-interface-client-1.4.0-SNAPSHOT.jar:?]
	at org.apache.hadoop.ipc.ProtobufRpcEngine$Server.processCall(ProtobufRpcEngine.java:465) [hadoop-common-3.3.4.jar:?]
	at org.apache.hadoop.ipc.ProtobufRpcEngine2$Server$ProtoBufRpcInvoker.call(ProtobufRpcEngine2.java:578) [hadoop-common-3.3.4.jar:?]
	at org.apache.hadoop.ipc.ProtobufRpcEngine2$Server$ProtoBufRpcInvoker.call(ProtobufRpcEngine2.java:556) [hadoop-common-3.3.4.jar:?]
	at org.apache.hadoop.ipc.RPC$Server.call(RPC.java:1093) [hadoop-common-3.3.4.jar:?]
	at org.apache.hadoop.ipc.Server$RpcCall.run(Server.java:1043) [hadoop-common-3.3.4.jar:?]
	at org.apache.hadoop.ipc.Server$RpcCall.run(Server.java:971) [hadoop-common-3.3.4.jar:?]
	at java.security.AccessController.doPrivileged(Native Method) ~[?:1.8.0_362]
	at javax.security.auth.Subject.doAs(Subject.java:422) [?:1.8.0_362]
	at org.apache.hadoop.security.UserGroupInformation.doAs(UserGroupInformation.java:1878) [hadoop-common-3.3.4.jar:?]
	at org.apache.hadoop.ipc.Server$Handler.run(Server.java:2976) [hadoop-common-3.3.4.jar:?]
16:35:51.193 [IPC Server handler 17 on default port 38619] ERROR OMAudit - user=runner | ip=127.0.0.1 | op=GET_FILE_STATUS {volume=volume78724, bucket=bucket78568, key=gdir1/dir10/child, dataSize=0, replicationConfig=null} | ret=FAILURE
org.apache.hadoop.ozone.om.exceptions.OMException: Unable to get file status: volume: volume78724 bucket: bucket78568 key: gdir1/dir10/child
	at org.apache.hadoop.ozone.om.KeyManagerImpl.getOzoneFileStatus(KeyManagerImpl.java:1162) ~[ozone-manager-1.4.0-SNAPSHOT.jar:?]
	at org.apache.hadoop.ozone.om.KeyManagerImpl.getFileStatus(KeyManagerImpl.java:1080) ~[ozone-manager-1.4.0-SNAPSHOT.jar:?]
	at org.apache.hadoop.ozone.om.OmMetadataReader.getFileStatus(OmMetadataReader.java:288) ~[ozone-manager-1.4.0-SNAPSHOT.jar:?]
	at org.apache.hadoop.ozone.om.OzoneManager.getFileStatus(OzoneManager.java:3450) ~[ozone-manager-1.4.0-SNAPSHOT.jar:?]
	at org.apache.hadoop.ozone.protocolPB.OzoneManagerRequestHandler.getOzoneFileStatus(OzoneManagerRequestHandler.java:933) ~[ozone-manager-1.4.0-SNAPSHOT.jar:?]
	at org.apache.hadoop.ozone.protocolPB.OzoneManagerRequestHandler.handleReadRequest(OzoneManagerRequestHandler.java:238) ~[ozone-manager-1.4.0-SNAPSHOT.jar:?]
	at org.apache.hadoop.ozone.protocolPB.OzoneManagerProtocolServerSideTranslatorPB.submitRequestDirectlyToOM(OzoneManagerProtocolServerSideTranslatorPB.java:271) ~[ozone-manager-1.4.0-SNAPSHOT.jar:?]
	at org.apache.hadoop.ozone.protocolPB.OzoneManagerProtocolServerSideTranslatorPB.processRequest(OzoneManagerProtocolServerSideTranslatorPB.java:173) ~[ozone-manager-1.4.0-SNAPSHOT.jar:?]
	at org.apache.hadoop.hdds.server.OzoneProtocolMessageDispatcher.processRequest(OzoneProtocolMessageDispatcher.java:87) [hdds-server-framework-1.4.0-SNAPSHOT.jar:?]
	at org.apache.hadoop.ozone.protocolPB.OzoneManagerProtocolServerSideTranslatorPB.submitRequest(OzoneManagerProtocolServerSideTranslatorPB.java:147) [ozone-manager-1.4.0-SNAPSHOT.jar:?]
	at org.apache.hadoop.ozone.protocol.proto.OzoneManagerProtocolProtos$OzoneManagerService$2.callBlockingMethod(OzoneManagerProtocolProtos.java) [ozone-interface-client-1.4.0-SNAPSHOT.jar:?]
	at org.apache.hadoop.ipc.ProtobufRpcEngine$Server.processCall(ProtobufRpcEngine.java:465) [hadoop-common-3.3.4.jar:?]
	at org.apache.hadoop.ipc.ProtobufRpcEngine2$Server$ProtoBufRpcInvoker.call(ProtobufRpcEngine2.java:578) [hadoop-common-3.3.4.jar:?]
	at org.apache.hadoop.ipc.ProtobufRpcEngine2$Server$ProtoBufRpcInvoker.call(ProtobufRpcEngine2.java:556) [hadoop-common-3.3.4.jar:?]
	at org.apache.hadoop.ipc.RPC$Server.call(RPC.java:1093) [hadoop-common-3.3.4.jar:?]
	at org.apache.hadoop.ipc.Server$RpcCall.run(Server.java:1043) [hadoop-common-3.3.4.jar:?]
	at org.apache.hadoop.ipc.Server$RpcCall.run(Server.java:971) [hadoop-common-3.3.4.jar:?]
	at java.security.AccessController.doPrivileged(Native Method) ~[?:1.8.0_362]
	at javax.security.auth.Subject.doAs(Subject.java:422) [?:1.8.0_362]
	at org.apache.hadoop.security.UserGroupInformation.doAs(UserGroupInformation.java:1878) [hadoop-common-3.3.4.jar:?]
	at org.apache.hadoop.ipc.Server$Handler.run(Server.java:2976) [hadoop-common-3.3.4.jar:?]
2023-02-16 16:35:51,196 [IPC Server handler 19 on default port 38619] INFO  key.OMKeyRequest (OMKeyRequest.java:wrapUncommittedBlocksAsPseudoKey(837)) - Detect allocated but uncommitted blocks [{blockID={containerID=2, localID=111677748019200024}, length=4194304, offset=0, token=null, pipeline=null, createVersion=0, partNumber=0}] in key level0/level1/file1.
2023-02-16 16:35:51,198 [IPC Server handler 1 on default port 38619] INFO  key.OMKeyRequest (OMKeyRequest.java:wrapUncommittedBlocksAsPseudoKey(837)) - Detect allocated but uncommitted blocks [{blockID={containerID=3, localID=111677748019200025}, length=4194304, offset=0, token=null, pipeline=null, createVersion=0, partNumber=0}] in key level0/level1/level1/file1.
2023-02-16 16:35:51,201 [IPC Server handler 3 on default port 38619] INFO  key.OMKeyRequest (OMKeyRequest.java:wrapUncommittedBlocksAsPseudoKey(837)) - Detect allocated but uncommitted blocks [{blockID={containerID=2, localID=111677748019200026}, length=4194304, offset=0, token=null, pipeline=null, createVersion=0, partNumber=0}] in key level0/level2/file1.
2023-02-16 16:35:51,205 [IPC Server handler 5 on default port 38619] INFO  key.OMKeyRequest (OMKeyRequest.java:wrapUncommittedBlocksAsPseudoKey(837)) - Detect allocated but uncommitted blocks [{blockID={containerID=4, localID=111677748019200027}, length=4194304, offset=0, token=null, pipeline=null, createVersion=0, partNumber=0}] in key level0/level2/level2/file1.
2023-02-16 16:35:51,208 [IPC Server handler 7 on default port 38619] INFO  key.OMKeyRequest (OMKeyRequest.java:wrapUncommittedBlocksAsPseudoKey(837)) - Detect allocated but uncommitted blocks [{blockID={containerID=1, localID=111677748019200028}, length=4194304, offset=0, token=null, pipeline=null, createVersion=0, partNumber=0}] in key level0/level3/file1.
2023-02-16 16:35:51,210 [IPC Server handler 9 on default port 38619] INFO  key.OMKeyRequest (OMKeyRequest.java:wrapUncommittedBlocksAsPseudoKey(837)) - Detect allocated but uncommitted blocks [{blockID={containerID=4, localID=111677748019200029}, length=4194304, offset=0, token=null, pipeline=null, createVersion=0, partNumber=0}] in key level0/level3/level3/file1.
16:35:51.223 [IPC Server handler 10 on default port 38619] ERROR OMAudit - user=runner | ip=127.0.0.1 | op=GET_FILE_STATUS {volume=volume78724, bucket=bucket78568, key=level0, dataSize=0, replicationConfig=null} | ret=FAILURE
org.apache.hadoop.ozone.om.exceptions.OMException: Unable to get file status: volume: volume78724 bucket: bucket78568 key: level0
	at org.apache.hadoop.ozone.om.KeyManagerImpl.getOzoneFileStatus(KeyManagerImpl.java:1162) ~[ozone-manager-1.4.0-SNAPSHOT.jar:?]
	at org.apache.hadoop.ozone.om.KeyManagerImpl.getFileStatus(KeyManagerImpl.java:1080) ~[ozone-manager-1.4.0-SNAPSHOT.jar:?]
	at org.apache.hadoop.ozone.om.OmMetadataReader.getFileStatus(OmMetadataReader.java:288) ~[ozone-manager-1.4.0-SNAPSHOT.jar:?]
	at org.apache.hadoop.ozone.om.OzoneManager.getFileStatus(OzoneManager.java:3450) ~[ozone-manager-1.4.0-SNAPSHOT.jar:?]
	at org.apache.hadoop.ozone.protocolPB.OzoneManagerRequestHandler.getOzoneFileStatus(OzoneManagerRequestHandler.java:933) ~[ozone-manager-1.4.0-SNAPSHOT.jar:?]
	at org.apache.hadoop.ozone.protocolPB.OzoneManagerRequestHandler.handleReadRequest(OzoneManagerRequestHandler.java:238) ~[ozone-manager-1.4.0-SNAPSHOT.jar:?]
	at org.apache.hadoop.ozone.protocolPB.OzoneManagerProtocolServerSideTranslatorPB.submitRequestDirectlyToOM(OzoneManagerProtocolServerSideTranslatorPB.java:271) ~[ozone-manager-1.4.0-SNAPSHOT.jar:?]
	at org.apache.hadoop.ozone.protocolPB.OzoneManagerProtocolServerSideTranslatorPB.processRequest(OzoneManagerProtocolServerSideTranslatorPB.java:173) ~[ozone-manager-1.4.0-SNAPSHOT.jar:?]
	at org.apache.hadoop.hdds.server.OzoneProtocolMessageDispatcher.processRequest(OzoneProtocolMessageDispatcher.java:87) [hdds-server-framework-1.4.0-SNAPSHOT.jar:?]
	at org.apache.hadoop.ozone.protocolPB.OzoneManagerProtocolServerSideTranslatorPB.submitRequest(OzoneManagerProtocolServerSideTranslatorPB.java:147) [ozone-manager-1.4.0-SNAPSHOT.jar:?]
	at org.apache.hadoop.ozone.protocol.proto.OzoneManagerProtocolProtos$OzoneManagerService$2.callBlockingMethod(OzoneManagerProtocolProtos.java) [ozone-interface-client-1.4.0-SNAPSHOT.jar:?]
	at org.apache.hadoop.ipc.ProtobufRpcEngine$Server.processCall(ProtobufRpcEngine.java:465) [hadoop-common-3.3.4.jar:?]
	at org.apache.hadoop.ipc.ProtobufRpcEngine2$Server$ProtoBufRpcInvoker.call(ProtobufRpcEngine2.java:578) [hadoop-common-3.3.4.jar:?]
	at org.apache.hadoop.ipc.ProtobufRpcEngine2$Server$ProtoBufRpcInvoker.call(ProtobufRpcEngine2.java:556) [hadoop-common-3.3.4.jar:?]
	at org.apache.hadoop.ipc.RPC$Server.call(RPC.java:1093) [hadoop-common-3.3.4.jar:?]
	at org.apache.hadoop.ipc.Server$RpcCall.run(Server.java:1043) [hadoop-common-3.3.4.jar:?]
	at org.apache.hadoop.ipc.Server$RpcCall.run(Server.java:971) [hadoop-common-3.3.4.jar:?]
	at java.security.AccessController.doPrivileged(Native Method) ~[?:1.8.0_362]
	at javax.security.auth.Subject.doAs(Subject.java:422) [?:1.8.0_362]
	at org.apache.hadoop.security.UserGroupInformation.doAs(UserGroupInformation.java:1878) [hadoop-common-3.3.4.jar:?]
	at org.apache.hadoop.ipc.Server$Handler.run(Server.java:2976) [hadoop-common-3.3.4.jar:?]
16:35:51.224 [IPC Server handler 12 on default port 38619] ERROR OMAudit - user=runner | ip=127.0.0.1 | op=GET_FILE_STATUS {volume=volume78724, bucket=bucket78568, key=level0/level1, dataSize=0, replicationConfig=null} | ret=FAILURE
org.apache.hadoop.ozone.om.exceptions.OMException: Unable to get file status: volume: volume78724 bucket: bucket78568 key: level0/level1
	at org.apache.hadoop.ozone.om.KeyManagerImpl.getOzoneFileStatus(KeyManagerImpl.java:1162) ~[ozone-manager-1.4.0-SNAPSHOT.jar:?]
	at org.apache.hadoop.ozone.om.KeyManagerImpl.getFileStatus(KeyManagerImpl.java:1080) ~[ozone-manager-1.4.0-SNAPSHOT.jar:?]
	at org.apache.hadoop.ozone.om.OmMetadataReader.getFileStatus(OmMetadataReader.java:288) ~[ozone-manager-1.4.0-SNAPSHOT.jar:?]
	at org.apache.hadoop.ozone.om.OzoneManager.getFileStatus(OzoneManager.java:3450) ~[ozone-manager-1.4.0-SNAPSHOT.jar:?]
	at org.apache.hadoop.ozone.protocolPB.OzoneManagerRequestHandler.getOzoneFileStatus(OzoneManagerRequestHandler.java:933) ~[ozone-manager-1.4.0-SNAPSHOT.jar:?]
	at org.apache.hadoop.ozone.protocolPB.OzoneManagerRequestHandler.handleReadRequest(OzoneManagerRequestHandler.java:238) ~[ozone-manager-1.4.0-SNAPSHOT.jar:?]
	at org.apache.hadoop.ozone.protocolPB.OzoneManagerProtocolServerSideTranslatorPB.submitRequestDirectlyToOM(OzoneManagerProtocolServerSideTranslatorPB.java:271) ~[ozone-manager-1.4.0-SNAPSHOT.jar:?]
	at org.apache.hadoop.ozone.protocolPB.OzoneManagerProtocolServerSideTranslatorPB.processRequest(OzoneManagerProtocolServerSideTranslatorPB.java:173) ~[ozone-manager-1.4.0-SNAPSHOT.jar:?]
	at org.apache.hadoop.hdds.server.OzoneProtocolMessageDispatcher.processRequest(OzoneProtocolMessageDispatcher.java:87) [hdds-server-framework-1.4.0-SNAPSHOT.jar:?]
	at org.apache.hadoop.ozone.protocolPB.OzoneManagerProtocolServerSideTranslatorPB.submitRequest(OzoneManagerProtocolServerSideTranslatorPB.java:147) [ozone-manager-1.4.0-SNAPSHOT.jar:?]
	at org.apache.hadoop.ozone.protocol.proto.OzoneManagerProtocolProtos$OzoneManagerService$2.callBlockingMethod(OzoneManagerProtocolProtos.java) [ozone-interface-client-1.4.0-SNAPSHOT.jar:?]
	at org.apache.hadoop.ipc.ProtobufRpcEngine$Server.processCall(ProtobufRpcEngine.java:465) [hadoop-common-3.3.4.jar:?]
	at org.apache.hadoop.ipc.ProtobufRpcEngine2$Server$ProtoBufRpcInvoker.call(ProtobufRpcEngine2.java:578) [hadoop-common-3.3.4.jar:?]
	at org.apache.hadoop.ipc.ProtobufRpcEngine2$Server$ProtoBufRpcInvoker.call(ProtobufRpcEngine2.java:556) [hadoop-common-3.3.4.jar:?]
	at org.apache.hadoop.ipc.RPC$Server.call(RPC.java:1093) [hadoop-common-3.3.4.jar:?]
	at org.apache.hadoop.ipc.Server$RpcCall.run(Server.java:1043) [hadoop-common-3.3.4.jar:?]
	at org.apache.hadoop.ipc.Server$RpcCall.run(Server.java:971) [hadoop-common-3.3.4.jar:?]
	at java.security.AccessController.doPrivileged(Native Method) ~[?:1.8.0_362]
	at javax.security.auth.Subject.doAs(Subject.java:422) [?:1.8.0_362]
	at org.apache.hadoop.security.UserGroupInformation.doAs(UserGroupInformation.java:1878) [hadoop-common-3.3.4.jar:?]
	at org.apache.hadoop.ipc.Server$Handler.run(Server.java:2976) [hadoop-common-3.3.4.jar:?]
16:35:51.224 [IPC Server handler 13 on default port 38619] ERROR OMAudit - user=runner | ip=127.0.0.1 | op=GET_FILE_STATUS {volume=volume78724, bucket=bucket78568, key=level0/level1/level1, dataSize=0, replicationConfig=null} | ret=FAILURE
org.apache.hadoop.ozone.om.exceptions.OMException: Unable to get file status: volume: volume78724 bucket: bucket78568 key: level0/level1/level1
	at org.apache.hadoop.ozone.om.KeyManagerImpl.getOzoneFileStatus(KeyManagerImpl.java:1162) ~[ozone-manager-1.4.0-SNAPSHOT.jar:?]
	at org.apache.hadoop.ozone.om.KeyManagerImpl.getFileStatus(KeyManagerImpl.java:1080) ~[ozone-manager-1.4.0-SNAPSHOT.jar:?]
	at org.apache.hadoop.ozone.om.OmMetadataReader.getFileStatus(OmMetadataReader.java:288) ~[ozone-manager-1.4.0-SNAPSHOT.jar:?]
	at org.apache.hadoop.ozone.om.OzoneManager.getFileStatus(OzoneManager.java:3450) ~[ozone-manager-1.4.0-SNAPSHOT.jar:?]
	at org.apache.hadoop.ozone.protocolPB.OzoneManagerRequestHandler.getOzoneFileStatus(OzoneManagerRequestHandler.java:933) ~[ozone-manager-1.4.0-SNAPSHOT.jar:?]
	at org.apache.hadoop.ozone.protocolPB.OzoneManagerRequestHandler.handleReadRequest(OzoneManagerRequestHandler.java:238) ~[ozone-manager-1.4.0-SNAPSHOT.jar:?]
	at org.apache.hadoop.ozone.protocolPB.OzoneManagerProtocolServerSideTranslatorPB.submitRequestDirectlyToOM(OzoneManagerProtocolServerSideTranslatorPB.java:271) ~[ozone-manager-1.4.0-SNAPSHOT.jar:?]
	at org.apache.hadoop.ozone.protocolPB.OzoneManagerProtocolServerSideTranslatorPB.processRequest(OzoneManagerProtocolServerSideTranslatorPB.java:173) ~[ozone-manager-1.4.0-SNAPSHOT.jar:?]
	at org.apache.hadoop.hdds.server.OzoneProtocolMessageDispatcher.processRequest(OzoneProtocolMessageDispatcher.java:87) [hdds-server-framework-1.4.0-SNAPSHOT.jar:?]
	at org.apache.hadoop.ozone.protocolPB.OzoneManagerProtocolServerSideTranslatorPB.submitRequest(OzoneManagerProtocolServerSideTranslatorPB.java:147) [ozone-manager-1.4.0-SNAPSHOT.jar:?]
	at org.apache.hadoop.ozone.protocol.proto.OzoneManagerProtocolProtos$OzoneManagerService$2.callBlockingMethod(OzoneManagerProtocolProtos.java) [ozone-interface-client-1.4.0-SNAPSHOT.jar:?]
	at org.apache.hadoop.ipc.ProtobufRpcEngine$Server.processCall(ProtobufRpcEngine.java:465) [hadoop-common-3.3.4.jar:?]
	at org.apache.hadoop.ipc.ProtobufRpcEngine2$Server$ProtoBufRpcInvoker.call(ProtobufRpcEngine2.java:578) [hadoop-common-3.3.4.jar:?]
	at org.apache.hadoop.ipc.ProtobufRpcEngine2$Server$ProtoBufRpcInvoker.call(ProtobufRpcEngine2.java:556) [hadoop-common-3.3.4.jar:?]
	at org.apache.hadoop.ipc.RPC$Server.call(RPC.java:1093) [hadoop-common-3.3.4.jar:?]
	at org.apache.hadoop.ipc.Server$RpcCall.run(Server.java:1043) [hadoop-common-3.3.4.jar:?]
	at org.apache.hadoop.ipc.Server$RpcCall.run(Server.java:971) [hadoop-common-3.3.4.jar:?]
	at java.security.AccessController.doPrivileged(Native Method) ~[?:1.8.0_362]
	at javax.security.auth.Subject.doAs(Subject.java:422) [?:1.8.0_362]
	at org.apache.hadoop.security.UserGroupInformation.doAs(UserGroupInformation.java:1878) [hadoop-common-3.3.4.jar:?]
	at org.apache.hadoop.ipc.Server$Handler.run(Server.java:2976) [hadoop-common-3.3.4.jar:?]
16:35:51.225 [IPC Server handler 14 on default port 38619] ERROR OMAudit - user=runner | ip=127.0.0.1 | op=GET_FILE_STATUS {volume=volume78724, bucket=bucket78568, key=level0/level1/file1, dataSize=0, replicationConfig=null} | ret=FAILURE
org.apache.hadoop.ozone.om.exceptions.OMException: Unable to get file status: volume: volume78724 bucket: bucket78568 key: level0/level1/file1
	at org.apache.hadoop.ozone.om.KeyManagerImpl.getOzoneFileStatus(KeyManagerImpl.java:1162) ~[ozone-manager-1.4.0-SNAPSHOT.jar:?]
	at org.apache.hadoop.ozone.om.KeyManagerImpl.getFileStatus(KeyManagerImpl.java:1080) ~[ozone-manager-1.4.0-SNAPSHOT.jar:?]
	at org.apache.hadoop.ozone.om.OmMetadataReader.getFileStatus(OmMetadataReader.java:288) ~[ozone-manager-1.4.0-SNAPSHOT.jar:?]
	at org.apache.hadoop.ozone.om.OzoneManager.getFileStatus(OzoneManager.java:3450) ~[ozone-manager-1.4.0-SNAPSHOT.jar:?]
	at org.apache.hadoop.ozone.protocolPB.OzoneManagerRequestHandler.getOzoneFileStatus(OzoneManagerRequestHandler.java:933) ~[ozone-manager-1.4.0-SNAPSHOT.jar:?]
	at org.apache.hadoop.ozone.protocolPB.OzoneManagerRequestHandler.handleReadRequest(OzoneManagerRequestHandler.java:238) ~[ozone-manager-1.4.0-SNAPSHOT.jar:?]
	at org.apache.hadoop.ozone.protocolPB.OzoneManagerProtocolServerSideTranslatorPB.submitRequestDirectlyToOM(OzoneManagerProtocolServerSideTranslatorPB.java:271) ~[ozone-manager-1.4.0-SNAPSHOT.jar:?]
	at org.apache.hadoop.ozone.protocolPB.OzoneManagerProtocolServerSideTranslatorPB.processRequest(OzoneManagerProtocolServerSideTranslatorPB.java:173) ~[ozone-manager-1.4.0-SNAPSHOT.jar:?]
	at org.apache.hadoop.hdds.server.OzoneProtocolMessageDispatcher.processRequest(OzoneProtocolMessageDispatcher.java:87) [hdds-server-framework-1.4.0-SNAPSHOT.jar:?]
	at org.apache.hadoop.ozone.protocolPB.OzoneManagerProtocolServerSideTranslatorPB.submitRequest(OzoneManagerProtocolServerSideTranslatorPB.java:147) [ozone-manager-1.4.0-SNAPSHOT.jar:?]
	at org.apache.hadoop.ozone.protocol.proto.OzoneManagerProtocolProtos$OzoneManagerService$2.callBlockingMethod(OzoneManagerProtocolProtos.java) [ozone-interface-client-1.4.0-SNAPSHOT.jar:?]
	at org.apache.hadoop.ipc.ProtobufRpcEngine$Server.processCall(ProtobufRpcEngine.java:465) [hadoop-common-3.3.4.jar:?]
	at org.apache.hadoop.ipc.ProtobufRpcEngine2$Server$ProtoBufRpcInvoker.call(ProtobufRpcEngine2.java:578) [hadoop-common-3.3.4.jar:?]
	at org.apache.hadoop.ipc.ProtobufRpcEngine2$Server$ProtoBufRpcInvoker.call(ProtobufRpcEngine2.java:556) [hadoop-common-3.3.4.jar:?]
	at org.apache.hadoop.ipc.RPC$Server.call(RPC.java:1093) [hadoop-common-3.3.4.jar:?]
	at org.apache.hadoop.ipc.Server$RpcCall.run(Server.java:1043) [hadoop-common-3.3.4.jar:?]
	at org.apache.hadoop.ipc.Server$RpcCall.run(Server.java:971) [hadoop-common-3.3.4.jar:?]
	at java.security.AccessController.doPrivileged(Native Method) ~[?:1.8.0_362]
	at javax.security.auth.Subject.doAs(Subject.java:422) [?:1.8.0_362]
	at org.apache.hadoop.security.UserGroupInformation.doAs(UserGroupInformation.java:1878) [hadoop-common-3.3.4.jar:?]
	at org.apache.hadoop.ipc.Server$Handler.run(Server.java:2976) [hadoop-common-3.3.4.jar:?]
16:35:51.225 [IPC Server handler 15 on default port 38619] ERROR OMAudit - user=runner | ip=127.0.0.1 | op=GET_FILE_STATUS {volume=volume78724, bucket=bucket78568, key=level0/level1/level1/file1, dataSize=0, replicationConfig=null} | ret=FAILURE
org.apache.hadoop.ozone.om.exceptions.OMException: Unable to get file status: volume: volume78724 bucket: bucket78568 key: level0/level1/level1/file1
	at org.apache.hadoop.ozone.om.KeyManagerImpl.getOzoneFileStatus(KeyManagerImpl.java:1162) ~[ozone-manager-1.4.0-SNAPSHOT.jar:?]
	at org.apache.hadoop.ozone.om.KeyManagerImpl.getFileStatus(KeyManagerImpl.java:1080) ~[ozone-manager-1.4.0-SNAPSHOT.jar:?]
	at org.apache.hadoop.ozone.om.OmMetadataReader.getFileStatus(OmMetadataReader.java:288) ~[ozone-manager-1.4.0-SNAPSHOT.jar:?]
	at org.apache.hadoop.ozone.om.OzoneManager.getFileStatus(OzoneManager.java:3450) ~[ozone-manager-1.4.0-SNAPSHOT.jar:?]
	at org.apache.hadoop.ozone.protocolPB.OzoneManagerRequestHandler.getOzoneFileStatus(OzoneManagerRequestHandler.java:933) ~[ozone-manager-1.4.0-SNAPSHOT.jar:?]
	at org.apache.hadoop.ozone.protocolPB.OzoneManagerRequestHandler.handleReadRequest(OzoneManagerRequestHandler.java:238) ~[ozone-manager-1.4.0-SNAPSHOT.jar:?]
	at org.apache.hadoop.ozone.protocolPB.OzoneManagerProtocolServerSideTranslatorPB.submitRequestDirectlyToOM(OzoneManagerProtocolServerSideTranslatorPB.java:271) ~[ozone-manager-1.4.0-SNAPSHOT.jar:?]
	at org.apache.hadoop.ozone.protocolPB.OzoneManagerProtocolServerSideTranslatorPB.processRequest(OzoneManagerProtocolServerSideTranslatorPB.java:173) ~[ozone-manager-1.4.0-SNAPSHOT.jar:?]
	at org.apache.hadoop.hdds.server.OzoneProtocolMessageDispatcher.processRequest(OzoneProtocolMessageDispatcher.java:87) [hdds-server-framework-1.4.0-SNAPSHOT.jar:?]
	at org.apache.hadoop.ozone.protocolPB.OzoneManagerProtocolServerSideTranslatorPB.submitRequest(OzoneManagerProtocolServerSideTranslatorPB.java:147) [ozone-manager-1.4.0-SNAPSHOT.jar:?]
	at org.apache.hadoop.ozone.protocol.proto.OzoneManagerProtocolProtos$OzoneManagerService$2.callBlockingMethod(OzoneManagerProtocolProtos.java) [ozone-interface-client-1.4.0-SNAPSHOT.jar:?]
	at org.apache.hadoop.ipc.ProtobufRpcEngine$Server.processCall(ProtobufRpcEngine.java:465) [hadoop-common-3.3.4.jar:?]
	at org.apache.hadoop.ipc.ProtobufRpcEngine2$Server$ProtoBufRpcInvoker.call(ProtobufRpcEngine2.java:578) [hadoop-common-3.3.4.jar:?]
	at org.apache.hadoop.ipc.ProtobufRpcEngine2$Server$ProtoBufRpcInvoker.call(ProtobufRpcEngine2.java:556) [hadoop-common-3.3.4.jar:?]
	at org.apache.hadoop.ipc.RPC$Server.call(RPC.java:1093) [hadoop-common-3.3.4.jar:?]
	at org.apache.hadoop.ipc.Server$RpcCall.run(Server.java:1043) [hadoop-common-3.3.4.jar:?]
	at org.apache.hadoop.ipc.Server$RpcCall.run(Server.java:971) [hadoop-common-3.3.4.jar:?]
	at java.security.AccessController.doPrivileged(Native Method) ~[?:1.8.0_362]
	at javax.security.auth.Subject.doAs(Subject.java:422) [?:1.8.0_362]
	at org.apache.hadoop.security.UserGroupInformation.doAs(UserGroupInformation.java:1878) [hadoop-common-3.3.4.jar:?]
	at org.apache.hadoop.ipc.Server$Handler.run(Server.java:2976) [hadoop-common-3.3.4.jar:?]
16:35:51.226 [IPC Server handler 16 on default port 38619] ERROR OMAudit - user=runner | ip=127.0.0.1 | op=GET_FILE_STATUS {volume=volume78724, bucket=bucket78568, key=level0/level2, dataSize=0, replicationConfig=null} | ret=FAILURE
org.apache.hadoop.ozone.om.exceptions.OMException: Unable to get file status: volume: volume78724 bucket: bucket78568 key: level0/level2
	at org.apache.hadoop.ozone.om.KeyManagerImpl.getOzoneFileStatus(KeyManagerImpl.java:1162) ~[ozone-manager-1.4.0-SNAPSHOT.jar:?]
	at org.apache.hadoop.ozone.om.KeyManagerImpl.getFileStatus(KeyManagerImpl.java:1080) ~[ozone-manager-1.4.0-SNAPSHOT.jar:?]
	at org.apache.hadoop.ozone.om.OmMetadataReader.getFileStatus(OmMetadataReader.java:288) ~[ozone-manager-1.4.0-SNAPSHOT.jar:?]
	at org.apache.hadoop.ozone.om.OzoneManager.getFileStatus(OzoneManager.java:3450) ~[ozone-manager-1.4.0-SNAPSHOT.jar:?]
	at org.apache.hadoop.ozone.protocolPB.OzoneManagerRequestHandler.getOzoneFileStatus(OzoneManagerRequestHandler.java:933) ~[ozone-manager-1.4.0-SNAPSHOT.jar:?]
	at org.apache.hadoop.ozone.protocolPB.OzoneManagerRequestHandler.handleReadRequest(OzoneManagerRequestHandler.java:238) ~[ozone-manager-1.4.0-SNAPSHOT.jar:?]
	at org.apache.hadoop.ozone.protocolPB.OzoneManagerProtocolServerSideTranslatorPB.submitRequestDirectlyToOM(OzoneManagerProtocolServerSideTranslatorPB.java:271) ~[ozone-manager-1.4.0-SNAPSHOT.jar:?]
	at org.apache.hadoop.ozone.protocolPB.OzoneManagerProtocolServerSideTranslatorPB.processRequest(OzoneManagerProtocolServerSideTranslatorPB.java:173) ~[ozone-manager-1.4.0-SNAPSHOT.jar:?]
	at org.apache.hadoop.hdds.server.OzoneProtocolMessageDispatcher.processRequest(OzoneProtocolMessageDispatcher.java:87) [hdds-server-framework-1.4.0-SNAPSHOT.jar:?]
	at org.apache.hadoop.ozone.protocolPB.OzoneManagerProtocolServerSideTranslatorPB.submitRequest(OzoneManagerProtocolServerSideTranslatorPB.java:147) [ozone-manager-1.4.0-SNAPSHOT.jar:?]
	at org.apache.hadoop.ozone.protocol.proto.OzoneManagerProtocolProtos$OzoneManagerService$2.callBlockingMethod(OzoneManagerProtocolProtos.java) [ozone-interface-client-1.4.0-SNAPSHOT.jar:?]
	at org.apache.hadoop.ipc.ProtobufRpcEngine$Server.processCall(ProtobufRpcEngine.java:465) [hadoop-common-3.3.4.jar:?]
	at org.apache.hadoop.ipc.ProtobufRpcEngine2$Server$ProtoBufRpcInvoker.call(ProtobufRpcEngine2.java:578) [hadoop-common-3.3.4.jar:?]
	at org.apache.hadoop.ipc.ProtobufRpcEngine2$Server$ProtoBufRpcInvoker.call(ProtobufRpcEngine2.java:556) [hadoop-common-3.3.4.jar:?]
	at org.apache.hadoop.ipc.RPC$Server.call(RPC.java:1093) [hadoop-common-3.3.4.jar:?]
	at org.apache.hadoop.ipc.Server$RpcCall.run(Server.java:1043) [hadoop-common-3.3.4.jar:?]
	at org.apache.hadoop.ipc.Server$RpcCall.run(Server.java:971) [hadoop-common-3.3.4.jar:?]
	at java.security.AccessController.doPrivileged(Native Method) ~[?:1.8.0_362]
	at javax.security.auth.Subject.doAs(Subject.java:422) [?:1.8.0_362]
	at org.apache.hadoop.security.UserGroupInformation.doAs(UserGroupInformation.java:1878) [hadoop-common-3.3.4.jar:?]
	at org.apache.hadoop.ipc.Server$Handler.run(Server.java:2976) [hadoop-common-3.3.4.jar:?]
16:35:51.226 [IPC Server handler 17 on default port 38619] ERROR OMAudit - user=runner | ip=127.0.0.1 | op=GET_FILE_STATUS {volume=volume78724, bucket=bucket78568, key=level0/level2/level2, dataSize=0, replicationConfig=null} | ret=FAILURE
org.apache.hadoop.ozone.om.exceptions.OMException: Unable to get file status: volume: volume78724 bucket: bucket78568 key: level0/level2/level2
	at org.apache.hadoop.ozone.om.KeyManagerImpl.getOzoneFileStatus(KeyManagerImpl.java:1162) ~[ozone-manager-1.4.0-SNAPSHOT.jar:?]
	at org.apache.hadoop.ozone.om.KeyManagerImpl.getFileStatus(KeyManagerImpl.java:1080) ~[ozone-manager-1.4.0-SNAPSHOT.jar:?]
	at org.apache.hadoop.ozone.om.OmMetadataReader.getFileStatus(OmMetadataReader.java:288) ~[ozone-manager-1.4.0-SNAPSHOT.jar:?]
	at org.apache.hadoop.ozone.om.OzoneManager.getFileStatus(OzoneManager.java:3450) ~[ozone-manager-1.4.0-SNAPSHOT.jar:?]
	at org.apache.hadoop.ozone.protocolPB.OzoneManagerRequestHandler.getOzoneFileStatus(OzoneManagerRequestHandler.java:933) ~[ozone-manager-1.4.0-SNAPSHOT.jar:?]
	at org.apache.hadoop.ozone.protocolPB.OzoneManagerRequestHandler.handleReadRequest(OzoneManagerRequestHandler.java:238) ~[ozone-manager-1.4.0-SNAPSHOT.jar:?]
	at org.apache.hadoop.ozone.protocolPB.OzoneManagerProtocolServerSideTranslatorPB.submitRequestDirectlyToOM(OzoneManagerProtocolServerSideTranslatorPB.java:271) ~[ozone-manager-1.4.0-SNAPSHOT.jar:?]
	at org.apache.hadoop.ozone.protocolPB.OzoneManagerProtocolServerSideTranslatorPB.processRequest(OzoneManagerProtocolServerSideTranslatorPB.java:173) ~[ozone-manager-1.4.0-SNAPSHOT.jar:?]
	at org.apache.hadoop.hdds.server.OzoneProtocolMessageDispatcher.processRequest(OzoneProtocolMessageDispatcher.java:87) [hdds-server-framework-1.4.0-SNAPSHOT.jar:?]
	at org.apache.hadoop.ozone.protocolPB.OzoneManagerProtocolServerSideTranslatorPB.submitRequest(OzoneManagerProtocolServerSideTranslatorPB.java:147) [ozone-manager-1.4.0-SNAPSHOT.jar:?]
	at org.apache.hadoop.ozone.protocol.proto.OzoneManagerProtocolProtos$OzoneManagerService$2.callBlockingMethod(OzoneManagerProtocolProtos.java) [ozone-interface-client-1.4.0-SNAPSHOT.jar:?]
	at org.apache.hadoop.ipc.ProtobufRpcEngine$Server.processCall(ProtobufRpcEngine.java:465) [hadoop-common-3.3.4.jar:?]
	at org.apache.hadoop.ipc.ProtobufRpcEngine2$Server$ProtoBufRpcInvoker.call(ProtobufRpcEngine2.java:578) [hadoop-common-3.3.4.jar:?]
	at org.apache.hadoop.ipc.ProtobufRpcEngine2$Server$ProtoBufRpcInvoker.call(ProtobufRpcEngine2.java:556) [hadoop-common-3.3.4.jar:?]
	at org.apache.hadoop.ipc.RPC$Server.call(RPC.java:1093) [hadoop-common-3.3.4.jar:?]
	at org.apache.hadoop.ipc.Server$RpcCall.run(Server.java:1043) [hadoop-common-3.3.4.jar:?]
	at org.apache.hadoop.ipc.Server$RpcCall.run(Server.java:971) [hadoop-common-3.3.4.jar:?]
	at java.security.AccessController.doPrivileged(Native Method) ~[?:1.8.0_362]
	at javax.security.auth.Subject.doAs(Subject.java:422) [?:1.8.0_362]
	at org.apache.hadoop.security.UserGroupInformation.doAs(UserGroupInformation.java:1878) [hadoop-common-3.3.4.jar:?]
	at org.apache.hadoop.ipc.Server$Handler.run(Server.java:2976) [hadoop-common-3.3.4.jar:?]
16:35:51.227 [IPC Server handler 18 on default port 38619] ERROR OMAudit - user=runner | ip=127.0.0.1 | op=GET_FILE_STATUS {volume=volume78724, bucket=bucket78568, key=level0/level2/file1, dataSize=0, replicationConfig=null} | ret=FAILURE
org.apache.hadoop.ozone.om.exceptions.OMException: Unable to get file status: volume: volume78724 bucket: bucket78568 key: level0/level2/file1
	at org.apache.hadoop.ozone.om.KeyManagerImpl.getOzoneFileStatus(KeyManagerImpl.java:1162) ~[ozone-manager-1.4.0-SNAPSHOT.jar:?]
	at org.apache.hadoop.ozone.om.KeyManagerImpl.getFileStatus(KeyManagerImpl.java:1080) ~[ozone-manager-1.4.0-SNAPSHOT.jar:?]
	at org.apache.hadoop.ozone.om.OmMetadataReader.getFileStatus(OmMetadataReader.java:288) ~[ozone-manager-1.4.0-SNAPSHOT.jar:?]
	at org.apache.hadoop.ozone.om.OzoneManager.getFileStatus(OzoneManager.java:3450) ~[ozone-manager-1.4.0-SNAPSHOT.jar:?]
	at org.apache.hadoop.ozone.protocolPB.OzoneManagerRequestHandler.getOzoneFileStatus(OzoneManagerRequestHandler.java:933) ~[ozone-manager-1.4.0-SNAPSHOT.jar:?]
	at org.apache.hadoop.ozone.protocolPB.OzoneManagerRequestHandler.handleReadRequest(OzoneManagerRequestHandler.java:238) ~[ozone-manager-1.4.0-SNAPSHOT.jar:?]
	at org.apache.hadoop.ozone.protocolPB.OzoneManagerProtocolServerSideTranslatorPB.submitRequestDirectlyToOM(OzoneManagerProtocolServerSideTranslatorPB.java:271) ~[ozone-manager-1.4.0-SNAPSHOT.jar:?]
	at org.apache.hadoop.ozone.protocolPB.OzoneManagerProtocolServerSideTranslatorPB.processRequest(OzoneManagerProtocolServerSideTranslatorPB.java:173) ~[ozone-manager-1.4.0-SNAPSHOT.jar:?]
	at org.apache.hadoop.hdds.server.OzoneProtocolMessageDispatcher.processRequest(OzoneProtocolMessageDispatcher.java:87) [hdds-server-framework-1.4.0-SNAPSHOT.jar:?]
	at org.apache.hadoop.ozone.protocolPB.OzoneManagerProtocolServerSideTranslatorPB.submitRequest(OzoneManagerProtocolServerSideTranslatorPB.java:147) [ozone-manager-1.4.0-SNAPSHOT.jar:?]
	at org.apache.hadoop.ozone.protocol.proto.OzoneManagerProtocolProtos$OzoneManagerService$2.callBlockingMethod(OzoneManagerProtocolProtos.java) [ozone-interface-client-1.4.0-SNAPSHOT.jar:?]
	at org.apache.hadoop.ipc.ProtobufRpcEngine$Server.processCall(ProtobufRpcEngine.java:465) [hadoop-common-3.3.4.jar:?]
	at org.apache.hadoop.ipc.ProtobufRpcEngine2$Server$ProtoBufRpcInvoker.call(ProtobufRpcEngine2.java:578) [hadoop-common-3.3.4.jar:?]
	at org.apache.hadoop.ipc.ProtobufRpcEngine2$Server$ProtoBufRpcInvoker.call(ProtobufRpcEngine2.java:556) [hadoop-common-3.3.4.jar:?]
	at org.apache.hadoop.ipc.RPC$Server.call(RPC.java:1093) [hadoop-common-3.3.4.jar:?]
	at org.apache.hadoop.ipc.Server$RpcCall.run(Server.java:1043) [hadoop-common-3.3.4.jar:?]
	at org.apache.hadoop.ipc.Server$RpcCall.run(Server.java:971) [hadoop-common-3.3.4.jar:?]
	at java.security.AccessController.doPrivileged(Native Method) ~[?:1.8.0_362]
	at javax.security.auth.Subject.doAs(Subject.java:422) [?:1.8.0_362]
	at org.apache.hadoop.security.UserGroupInformation.doAs(UserGroupInformation.java:1878) [hadoop-common-3.3.4.jar:?]
	at org.apache.hadoop.ipc.Server$Handler.run(Server.java:2976) [hadoop-common-3.3.4.jar:?]
16:35:51.228 [IPC Server handler 19 on default port 38619] ERROR OMAudit - user=runner | ip=127.0.0.1 | op=GET_FILE_STATUS {volume=volume78724, bucket=bucket78568, key=level0/level2/level2/file1, dataSize=0, replicationConfig=null} | ret=FAILURE
org.apache.hadoop.ozone.om.exceptions.OMException: Unable to get file status: volume: volume78724 bucket: bucket78568 key: level0/level2/level2/file1
	at org.apache.hadoop.ozone.om.KeyManagerImpl.getOzoneFileStatus(KeyManagerImpl.java:1162) ~[ozone-manager-1.4.0-SNAPSHOT.jar:?]
	at org.apache.hadoop.ozone.om.KeyManagerImpl.getFileStatus(KeyManagerImpl.java:1080) ~[ozone-manager-1.4.0-SNAPSHOT.jar:?]
	at org.apache.hadoop.ozone.om.OmMetadataReader.getFileStatus(OmMetadataReader.java:288) ~[ozone-manager-1.4.0-SNAPSHOT.jar:?]
	at org.apache.hadoop.ozone.om.OzoneManager.getFileStatus(OzoneManager.java:3450) ~[ozone-manager-1.4.0-SNAPSHOT.jar:?]
	at org.apache.hadoop.ozone.protocolPB.OzoneManagerRequestHandler.getOzoneFileStatus(OzoneManagerRequestHandler.java:933) ~[ozone-manager-1.4.0-SNAPSHOT.jar:?]
	at org.apache.hadoop.ozone.protocolPB.OzoneManagerRequestHandler.handleReadRequest(OzoneManagerRequestHandler.java:238) ~[ozone-manager-1.4.0-SNAPSHOT.jar:?]
	at org.apache.hadoop.ozone.protocolPB.OzoneManagerProtocolServerSideTranslatorPB.submitRequestDirectlyToOM(OzoneManagerProtocolServerSideTranslatorPB.java:271) ~[ozone-manager-1.4.0-SNAPSHOT.jar:?]
	at org.apache.hadoop.ozone.protocolPB.OzoneManagerProtocolServerSideTranslatorPB.processRequest(OzoneManagerProtocolServerSideTranslatorPB.java:173) ~[ozone-manager-1.4.0-SNAPSHOT.jar:?]
	at org.apache.hadoop.hdds.server.OzoneProtocolMessageDispatcher.processRequest(OzoneProtocolMessageDispatcher.java:87) [hdds-server-framework-1.4.0-SNAPSHOT.jar:?]
	at org.apache.hadoop.ozone.protocolPB.OzoneManagerProtocolServerSideTranslatorPB.submitRequest(OzoneManagerProtocolServerSideTranslatorPB.java:147) [ozone-manager-1.4.0-SNAPSHOT.jar:?]
	at org.apache.hadoop.ozone.protocol.proto.OzoneManagerProtocolProtos$OzoneManagerService$2.callBlockingMethod(OzoneManagerProtocolProtos.java) [ozone-interface-client-1.4.0-SNAPSHOT.jar:?]
	at org.apache.hadoop.ipc.ProtobufRpcEngine$Server.processCall(ProtobufRpcEngine.java:465) [hadoop-common-3.3.4.jar:?]
	at org.apache.hadoop.ipc.ProtobufRpcEngine2$Server$ProtoBufRpcInvoker.call(ProtobufRpcEngine2.java:578) [hadoop-common-3.3.4.jar:?]
	at org.apache.hadoop.ipc.ProtobufRpcEngine2$Server$ProtoBufRpcInvoker.call(ProtobufRpcEngine2.java:556) [hadoop-common-3.3.4.jar:?]
	at org.apache.hadoop.ipc.RPC$Server.call(RPC.java:1093) [hadoop-common-3.3.4.jar:?]
	at org.apache.hadoop.ipc.Server$RpcCall.run(Server.java:1043) [hadoop-common-3.3.4.jar:?]
	at org.apache.hadoop.ipc.Server$RpcCall.run(Server.java:971) [hadoop-common-3.3.4.jar:?]
	at java.security.AccessController.doPrivileged(Native Method) ~[?:1.8.0_362]
	at javax.security.auth.Subject.doAs(Subject.java:422) [?:1.8.0_362]
	at org.apache.hadoop.security.UserGroupInformation.doAs(UserGroupInformation.java:1878) [hadoop-common-3.3.4.jar:?]
	at org.apache.hadoop.ipc.Server$Handler.run(Server.java:2976) [hadoop-common-3.3.4.jar:?]
16:35:51.229 [IPC Server handler 0 on default port 38619] ERROR OMAudit - user=runner | ip=127.0.0.1 | op=GET_FILE_STATUS {volume=volume78724, bucket=bucket78568, key=level0/level3, dataSize=0, replicationConfig=null} | ret=FAILURE
org.apache.hadoop.ozone.om.exceptions.OMException: Unable to get file status: volume: volume78724 bucket: bucket78568 key: level0/level3
	at org.apache.hadoop.ozone.om.KeyManagerImpl.getOzoneFileStatus(KeyManagerImpl.java:1162) ~[ozone-manager-1.4.0-SNAPSHOT.jar:?]
	at org.apache.hadoop.ozone.om.KeyManagerImpl.getFileStatus(KeyManagerImpl.java:1080) ~[ozone-manager-1.4.0-SNAPSHOT.jar:?]
	at org.apache.hadoop.ozone.om.OmMetadataReader.getFileStatus(OmMetadataReader.java:288) ~[ozone-manager-1.4.0-SNAPSHOT.jar:?]
	at org.apache.hadoop.ozone.om.OzoneManager.getFileStatus(OzoneManager.java:3450) ~[ozone-manager-1.4.0-SNAPSHOT.jar:?]
	at org.apache.hadoop.ozone.protocolPB.OzoneManagerRequestHandler.getOzoneFileStatus(OzoneManagerRequestHandler.java:933) ~[ozone-manager-1.4.0-SNAPSHOT.jar:?]
	at org.apache.hadoop.ozone.protocolPB.OzoneManagerRequestHandler.handleReadRequest(OzoneManagerRequestHandler.java:238) ~[ozone-manager-1.4.0-SNAPSHOT.jar:?]
	at org.apache.hadoop.ozone.protocolPB.OzoneManagerProtocolServerSideTranslatorPB.submitRequestDirectlyToOM(OzoneManagerProtocolServerSideTranslatorPB.java:271) ~[ozone-manager-1.4.0-SNAPSHOT.jar:?]
	at org.apache.hadoop.ozone.protocolPB.OzoneManagerProtocolServerSideTranslatorPB.processRequest(OzoneManagerProtocolServerSideTranslatorPB.java:173) ~[ozone-manager-1.4.0-SNAPSHOT.jar:?]
	at org.apache.hadoop.hdds.server.OzoneProtocolMessageDispatcher.processRequest(OzoneProtocolMessageDispatcher.java:87) [hdds-server-framework-1.4.0-SNAPSHOT.jar:?]
	at org.apache.hadoop.ozone.protocolPB.OzoneManagerProtocolServerSideTranslatorPB.submitRequest(OzoneManagerProtocolServerSideTranslatorPB.java:147) [ozone-manager-1.4.0-SNAPSHOT.jar:?]
	at org.apache.hadoop.ozone.protocol.proto.OzoneManagerProtocolProtos$OzoneManagerService$2.callBlockingMethod(OzoneManagerProtocolProtos.java) [ozone-interface-client-1.4.0-SNAPSHOT.jar:?]
	at org.apache.hadoop.ipc.ProtobufRpcEngine$Server.processCall(ProtobufRpcEngine.java:465) [hadoop-common-3.3.4.jar:?]
	at org.apache.hadoop.ipc.ProtobufRpcEngine2$Server$ProtoBufRpcInvoker.call(ProtobufRpcEngine2.java:578) [hadoop-common-3.3.4.jar:?]
	at org.apache.hadoop.ipc.ProtobufRpcEngine2$Server$ProtoBufRpcInvoker.call(ProtobufRpcEngine2.java:556) [hadoop-common-3.3.4.jar:?]
	at org.apache.hadoop.ipc.RPC$Server.call(RPC.java:1093) [hadoop-common-3.3.4.jar:?]
	at org.apache.hadoop.ipc.Server$RpcCall.run(Server.java:1043) [hadoop-common-3.3.4.jar:?]
	at org.apache.hadoop.ipc.Server$RpcCall.run(Server.java:971) [hadoop-common-3.3.4.jar:?]
	at java.security.AccessController.doPrivileged(Native Method) ~[?:1.8.0_362]
	at javax.security.auth.Subject.doAs(Subject.java:422) [?:1.8.0_362]
	at org.apache.hadoop.security.UserGroupInformation.doAs(UserGroupInformation.java:1878) [hadoop-common-3.3.4.jar:?]
	at org.apache.hadoop.ipc.Server$Handler.run(Server.java:2976) [hadoop-common-3.3.4.jar:?]
16:35:51.229 [IPC Server handler 1 on default port 38619] ERROR OMAudit - user=runner | ip=127.0.0.1 | op=GET_FILE_STATUS {volume=volume78724, bucket=bucket78568, key=level0/level3/level3, dataSize=0, replicationConfig=null} | ret=FAILURE
org.apache.hadoop.ozone.om.exceptions.OMException: Unable to get file status: volume: volume78724 bucket: bucket78568 key: level0/level3/level3
	at org.apache.hadoop.ozone.om.KeyManagerImpl.getOzoneFileStatus(KeyManagerImpl.java:1162) ~[ozone-manager-1.4.0-SNAPSHOT.jar:?]
	at org.apache.hadoop.ozone.om.KeyManagerImpl.getFileStatus(KeyManagerImpl.java:1080) ~[ozone-manager-1.4.0-SNAPSHOT.jar:?]
	at org.apache.hadoop.ozone.om.OmMetadataReader.getFileStatus(OmMetadataReader.java:288) ~[ozone-manager-1.4.0-SNAPSHOT.jar:?]
	at org.apache.hadoop.ozone.om.OzoneManager.getFileStatus(OzoneManager.java:3450) ~[ozone-manager-1.4.0-SNAPSHOT.jar:?]
	at org.apache.hadoop.ozone.protocolPB.OzoneManagerRequestHandler.getOzoneFileStatus(OzoneManagerRequestHandler.java:933) ~[ozone-manager-1.4.0-SNAPSHOT.jar:?]
	at org.apache.hadoop.ozone.protocolPB.OzoneManagerRequestHandler.handleReadRequest(OzoneManagerRequestHandler.java:238) ~[ozone-manager-1.4.0-SNAPSHOT.jar:?]
	at org.apache.hadoop.ozone.protocolPB.OzoneManagerProtocolServerSideTranslatorPB.submitRequestDirectlyToOM(OzoneManagerProtocolServerSideTranslatorPB.java:271) ~[ozone-manager-1.4.0-SNAPSHOT.jar:?]
	at org.apache.hadoop.ozone.protocolPB.OzoneManagerProtocolServerSideTranslatorPB.processRequest(OzoneManagerProtocolServerSideTranslatorPB.java:173) ~[ozone-manager-1.4.0-SNAPSHOT.jar:?]
	at org.apache.hadoop.hdds.server.OzoneProtocolMessageDispatcher.processRequest(OzoneProtocolMessageDispatcher.java:87) [hdds-server-framework-1.4.0-SNAPSHOT.jar:?]
	at org.apache.hadoop.ozone.protocolPB.OzoneManagerProtocolServerSideTranslatorPB.submitRequest(OzoneManagerProtocolServerSideTranslatorPB.java:147) [ozone-manager-1.4.0-SNAPSHOT.jar:?]
	at org.apache.hadoop.ozone.protocol.proto.OzoneManagerProtocolProtos$OzoneManagerService$2.callBlockingMethod(OzoneManagerProtocolProtos.java) [ozone-interface-client-1.4.0-SNAPSHOT.jar:?]
	at org.apache.hadoop.ipc.ProtobufRpcEngine$Server.processCall(ProtobufRpcEngine.java:465) [hadoop-common-3.3.4.jar:?]
	at org.apache.hadoop.ipc.ProtobufRpcEngine2$Server$ProtoBufRpcInvoker.call(ProtobufRpcEngine2.java:578) [hadoop-common-3.3.4.jar:?]
	at org.apache.hadoop.ipc.ProtobufRpcEngine2$Server$ProtoBufRpcInvoker.call(ProtobufRpcEngine2.java:556) [hadoop-common-3.3.4.jar:?]
	at org.apache.hadoop.ipc.RPC$Server.call(RPC.java:1093) [hadoop-common-3.3.4.jar:?]
	at org.apache.hadoop.ipc.Server$RpcCall.run(Server.java:1043) [hadoop-common-3.3.4.jar:?]
	at org.apache.hadoop.ipc.Server$RpcCall.run(Server.java:971) [hadoop-common-3.3.4.jar:?]
	at java.security.AccessController.doPrivileged(Native Method) ~[?:1.8.0_362]
	at javax.security.auth.Subject.doAs(Subject.java:422) [?:1.8.0_362]
	at org.apache.hadoop.security.UserGroupInformation.doAs(UserGroupInformation.java:1878) [hadoop-common-3.3.4.jar:?]
	at org.apache.hadoop.ipc.Server$Handler.run(Server.java:2976) [hadoop-common-3.3.4.jar:?]
16:35:51.230 [IPC Server handler 2 on default port 38619] ERROR OMAudit - user=runner | ip=127.0.0.1 | op=GET_FILE_STATUS {volume=volume78724, bucket=bucket78568, key=level0/level3/file1, dataSize=0, replicationConfig=null} | ret=FAILURE
org.apache.hadoop.ozone.om.exceptions.OMException: Unable to get file status: volume: volume78724 bucket: bucket78568 key: level0/level3/file1
	at org.apache.hadoop.ozone.om.KeyManagerImpl.getOzoneFileStatus(KeyManagerImpl.java:1162) ~[ozone-manager-1.4.0-SNAPSHOT.jar:?]
	at org.apache.hadoop.ozone.om.KeyManagerImpl.getFileStatus(KeyManagerImpl.java:1080) ~[ozone-manager-1.4.0-SNAPSHOT.jar:?]
	at org.apache.hadoop.ozone.om.OmMetadataReader.getFileStatus(OmMetadataReader.java:288) ~[ozone-manager-1.4.0-SNAPSHOT.jar:?]
	at org.apache.hadoop.ozone.om.OzoneManager.getFileStatus(OzoneManager.java:3450) ~[ozone-manager-1.4.0-SNAPSHOT.jar:?]
	at org.apache.hadoop.ozone.protocolPB.OzoneManagerRequestHandler.getOzoneFileStatus(OzoneManagerRequestHandler.java:933) ~[ozone-manager-1.4.0-SNAPSHOT.jar:?]
	at org.apache.hadoop.ozone.protocolPB.OzoneManagerRequestHandler.handleReadRequest(OzoneManagerRequestHandler.java:238) ~[ozone-manager-1.4.0-SNAPSHOT.jar:?]
	at org.apache.hadoop.ozone.protocolPB.OzoneManagerProtocolServerSideTranslatorPB.submitRequestDirectlyToOM(OzoneManagerProtocolServerSideTranslatorPB.java:271) ~[ozone-manager-1.4.0-SNAPSHOT.jar:?]
	at org.apache.hadoop.ozone.protocolPB.OzoneManagerProtocolServerSideTranslatorPB.processRequest(OzoneManagerProtocolServerSideTranslatorPB.java:173) ~[ozone-manager-1.4.0-SNAPSHOT.jar:?]
	at org.apache.hadoop.hdds.server.OzoneProtocolMessageDispatcher.processRequest(OzoneProtocolMessageDispatcher.java:87) [hdds-server-framework-1.4.0-SNAPSHOT.jar:?]
	at org.apache.hadoop.ozone.protocolPB.OzoneManagerProtocolServerSideTranslatorPB.submitRequest(OzoneManagerProtocolServerSideTranslatorPB.java:147) [ozone-manager-1.4.0-SNAPSHOT.jar:?]
	at org.apache.hadoop.ozone.protocol.proto.OzoneManagerProtocolProtos$OzoneManagerService$2.callBlockingMethod(OzoneManagerProtocolProtos.java) [ozone-interface-client-1.4.0-SNAPSHOT.jar:?]
	at org.apache.hadoop.ipc.ProtobufRpcEngine$Server.processCall(ProtobufRpcEngine.java:465) [hadoop-common-3.3.4.jar:?]
	at org.apache.hadoop.ipc.ProtobufRpcEngine2$Server$ProtoBufRpcInvoker.call(ProtobufRpcEngine2.java:578) [hadoop-common-3.3.4.jar:?]
	at org.apache.hadoop.ipc.ProtobufRpcEngine2$Server$ProtoBufRpcInvoker.call(ProtobufRpcEngine2.java:556) [hadoop-common-3.3.4.jar:?]
	at org.apache.hadoop.ipc.RPC$Server.call(RPC.java:1093) [hadoop-common-3.3.4.jar:?]
	at org.apache.hadoop.ipc.Server$RpcCall.run(Server.java:1043) [hadoop-common-3.3.4.jar:?]
	at org.apache.hadoop.ipc.Server$RpcCall.run(Server.java:971) [hadoop-common-3.3.4.jar:?]
	at java.security.AccessController.doPrivileged(Native Method) ~[?:1.8.0_362]
	at javax.security.auth.Subject.doAs(Subject.java:422) [?:1.8.0_362]
	at org.apache.hadoop.security.UserGroupInformation.doAs(UserGroupInformation.java:1878) [hadoop-common-3.3.4.jar:?]
	at org.apache.hadoop.ipc.Server$Handler.run(Server.java:2976) [hadoop-common-3.3.4.jar:?]
16:35:51.230 [IPC Server handler 3 on default port 38619] ERROR OMAudit - user=runner | ip=127.0.0.1 | op=GET_FILE_STATUS {volume=volume78724, bucket=bucket78568, key=level0/level3/level3/file1, dataSize=0, replicationConfig=null} | ret=FAILURE
org.apache.hadoop.ozone.om.exceptions.OMException: Unable to get file status: volume: volume78724 bucket: bucket78568 key: level0/level3/level3/file1
	at org.apache.hadoop.ozone.om.KeyManagerImpl.getOzoneFileStatus(KeyManagerImpl.java:1162) ~[ozone-manager-1.4.0-SNAPSHOT.jar:?]
	at org.apache.hadoop.ozone.om.KeyManagerImpl.getFileStatus(KeyManagerImpl.java:1080) ~[ozone-manager-1.4.0-SNAPSHOT.jar:?]
	at org.apache.hadoop.ozone.om.OmMetadataReader.getFileStatus(OmMetadataReader.java:288) ~[ozone-manager-1.4.0-SNAPSHOT.jar:?]
	at org.apache.hadoop.ozone.om.OzoneManager.getFileStatus(OzoneManager.java:3450) ~[ozone-manager-1.4.0-SNAPSHOT.jar:?]
	at org.apache.hadoop.ozone.protocolPB.OzoneManagerRequestHandler.getOzoneFileStatus(OzoneManagerRequestHandler.java:933) ~[ozone-manager-1.4.0-SNAPSHOT.jar:?]
	at org.apache.hadoop.ozone.protocolPB.OzoneManagerRequestHandler.handleReadRequest(OzoneManagerRequestHandler.java:238) ~[ozone-manager-1.4.0-SNAPSHOT.jar:?]
	at org.apache.hadoop.ozone.protocolPB.OzoneManagerProtocolServerSideTranslatorPB.submitRequestDirectlyToOM(OzoneManagerProtocolServerSideTranslatorPB.java:271) ~[ozone-manager-1.4.0-SNAPSHOT.jar:?]
	at org.apache.hadoop.ozone.protocolPB.OzoneManagerProtocolServerSideTranslatorPB.processRequest(OzoneManagerProtocolServerSideTranslatorPB.java:173) ~[ozone-manager-1.4.0-SNAPSHOT.jar:?]
	at org.apache.hadoop.hdds.server.OzoneProtocolMessageDispatcher.processRequest(OzoneProtocolMessageDispatcher.java:87) [hdds-server-framework-1.4.0-SNAPSHOT.jar:?]
	at org.apache.hadoop.ozone.protocolPB.OzoneManagerProtocolServerSideTranslatorPB.submitRequest(OzoneManagerProtocolServerSideTranslatorPB.java:147) [ozone-manager-1.4.0-SNAPSHOT.jar:?]
	at org.apache.hadoop.ozone.protocol.proto.OzoneManagerProtocolProtos$OzoneManagerService$2.callBlockingMethod(OzoneManagerProtocolProtos.java) [ozone-interface-client-1.4.0-SNAPSHOT.jar:?]
	at org.apache.hadoop.ipc.ProtobufRpcEngine$Server.processCall(ProtobufRpcEngine.java:465) [hadoop-common-3.3.4.jar:?]
	at org.apache.hadoop.ipc.ProtobufRpcEngine2$Server$ProtoBufRpcInvoker.call(ProtobufRpcEngine2.java:578) [hadoop-common-3.3.4.jar:?]
	at org.apache.hadoop.ipc.ProtobufRpcEngine2$Server$ProtoBufRpcInvoker.call(ProtobufRpcEngine2.java:556) [hadoop-common-3.3.4.jar:?]
	at org.apache.hadoop.ipc.RPC$Server.call(RPC.java:1093) [hadoop-common-3.3.4.jar:?]
	at org.apache.hadoop.ipc.Server$RpcCall.run(Server.java:1043) [hadoop-common-3.3.4.jar:?]
	at org.apache.hadoop.ipc.Server$RpcCall.run(Server.java:971) [hadoop-common-3.3.4.jar:?]
	at java.security.AccessController.doPrivileged(Native Method) ~[?:1.8.0_362]
	at javax.security.auth.Subject.doAs(Subject.java:422) [?:1.8.0_362]
	at org.apache.hadoop.security.UserGroupInformation.doAs(UserGroupInformation.java:1878) [hadoop-common-3.3.4.jar:?]
	at org.apache.hadoop.ipc.Server$Handler.run(Server.java:2976) [hadoop-common-3.3.4.jar:?]
]]></system-out>
  </testcase>
  <testcase name="testGetTrashRoots" classname="TestOzoneFileSystem" time="0.066">
    <system-out><![CDATA[16:33:13.144 [IPC Server handler 0 on default port 37073] ERROR OMAudit - user=runner | ip=127.0.0.1 | op=GET_FILE_STATUS {volume=volume28358, bucket=bucket39322, key=.Trash/runner, dataSize=0, replicationConfig=null} | ret=FAILURE
org.apache.hadoop.ozone.om.exceptions.OMException: Unable to get file status: volume: volume28358 bucket: bucket39322 key: .Trash/runner
	at org.apache.hadoop.ozone.om.KeyManagerImpl.getOzoneFileStatus(KeyManagerImpl.java:1162) ~[ozone-manager-1.4.0-SNAPSHOT.jar:?]
	at org.apache.hadoop.ozone.om.KeyManagerImpl.getFileStatus(KeyManagerImpl.java:1080) ~[ozone-manager-1.4.0-SNAPSHOT.jar:?]
	at org.apache.hadoop.ozone.om.OmMetadataReader.getFileStatus(OmMetadataReader.java:288) ~[ozone-manager-1.4.0-SNAPSHOT.jar:?]
	at org.apache.hadoop.ozone.om.OzoneManager.getFileStatus(OzoneManager.java:3450) ~[ozone-manager-1.4.0-SNAPSHOT.jar:?]
	at org.apache.hadoop.ozone.protocolPB.OzoneManagerRequestHandler.getOzoneFileStatus(OzoneManagerRequestHandler.java:933) ~[ozone-manager-1.4.0-SNAPSHOT.jar:?]
	at org.apache.hadoop.ozone.protocolPB.OzoneManagerRequestHandler.handleReadRequest(OzoneManagerRequestHandler.java:238) ~[ozone-manager-1.4.0-SNAPSHOT.jar:?]
	at org.apache.hadoop.ozone.protocolPB.OzoneManagerProtocolServerSideTranslatorPB.submitReadRequestToOM(OzoneManagerProtocolServerSideTranslatorPB.java:223) ~[ozone-manager-1.4.0-SNAPSHOT.jar:?]
	at org.apache.hadoop.ozone.protocolPB.OzoneManagerProtocolServerSideTranslatorPB.processRequest(OzoneManagerProtocolServerSideTranslatorPB.java:177) ~[ozone-manager-1.4.0-SNAPSHOT.jar:?]
	at org.apache.hadoop.hdds.server.OzoneProtocolMessageDispatcher.processRequest(OzoneProtocolMessageDispatcher.java:87) [hdds-server-framework-1.4.0-SNAPSHOT.jar:?]
	at org.apache.hadoop.ozone.protocolPB.OzoneManagerProtocolServerSideTranslatorPB.submitRequest(OzoneManagerProtocolServerSideTranslatorPB.java:147) [ozone-manager-1.4.0-SNAPSHOT.jar:?]
	at org.apache.hadoop.ozone.protocol.proto.OzoneManagerProtocolProtos$OzoneManagerService$2.callBlockingMethod(OzoneManagerProtocolProtos.java) [ozone-interface-client-1.4.0-SNAPSHOT.jar:?]
	at org.apache.hadoop.ipc.ProtobufRpcEngine$Server.processCall(ProtobufRpcEngine.java:465) [hadoop-common-3.3.4.jar:?]
	at org.apache.hadoop.ipc.ProtobufRpcEngine2$Server$ProtoBufRpcInvoker.call(ProtobufRpcEngine2.java:578) [hadoop-common-3.3.4.jar:?]
	at org.apache.hadoop.ipc.ProtobufRpcEngine2$Server$ProtoBufRpcInvoker.call(ProtobufRpcEngine2.java:556) [hadoop-common-3.3.4.jar:?]
	at org.apache.hadoop.ipc.RPC$Server.call(RPC.java:1093) [hadoop-common-3.3.4.jar:?]
	at org.apache.hadoop.ipc.Server$RpcCall.run(Server.java:1043) [hadoop-common-3.3.4.jar:?]
	at org.apache.hadoop.ipc.Server$RpcCall.run(Server.java:971) [hadoop-common-3.3.4.jar:?]
	at java.security.AccessController.doPrivileged(Native Method) ~[?:1.8.0_362]
	at javax.security.auth.Subject.doAs(Subject.java:422) [?:1.8.0_362]
	at org.apache.hadoop.security.UserGroupInformation.doAs(UserGroupInformation.java:1878) [hadoop-common-3.3.4.jar:?]
	at org.apache.hadoop.ipc.Server$Handler.run(Server.java:2976) [hadoop-common-3.3.4.jar:?]
]]></system-out>
  </testcase>
  <testcase name="testGetTrashRoots" classname="TestOzoneFileSystem" time="0.018">
    <system-out><![CDATA[16:34:13.067 [IPC Server handler 15 on default port 46781] ERROR OMAudit - user=runner | ip=127.0.0.1 | op=GET_FILE_STATUS {volume=volume76608, bucket=bucket25283, key=.Trash/runner, dataSize=0, replicationConfig=null} | ret=FAILURE
org.apache.hadoop.ozone.om.exceptions.OMException: Unable to get file status: volume: volume76608 bucket: bucket25283 key: .Trash/runner
	at org.apache.hadoop.ozone.om.KeyManagerImpl.getOzoneFileStatus(KeyManagerImpl.java:1162) ~[ozone-manager-1.4.0-SNAPSHOT.jar:?]
	at org.apache.hadoop.ozone.om.KeyManagerImpl.getFileStatus(KeyManagerImpl.java:1080) ~[ozone-manager-1.4.0-SNAPSHOT.jar:?]
	at org.apache.hadoop.ozone.om.OmMetadataReader.getFileStatus(OmMetadataReader.java:288) ~[ozone-manager-1.4.0-SNAPSHOT.jar:?]
	at org.apache.hadoop.ozone.om.OzoneManager.getFileStatus(OzoneManager.java:3450) ~[ozone-manager-1.4.0-SNAPSHOT.jar:?]
	at org.apache.hadoop.ozone.protocolPB.OzoneManagerRequestHandler.getOzoneFileStatus(OzoneManagerRequestHandler.java:933) ~[ozone-manager-1.4.0-SNAPSHOT.jar:?]
	at org.apache.hadoop.ozone.protocolPB.OzoneManagerRequestHandler.handleReadRequest(OzoneManagerRequestHandler.java:238) ~[ozone-manager-1.4.0-SNAPSHOT.jar:?]
	at org.apache.hadoop.ozone.protocolPB.OzoneManagerProtocolServerSideTranslatorPB.submitRequestDirectlyToOM(OzoneManagerProtocolServerSideTranslatorPB.java:271) ~[ozone-manager-1.4.0-SNAPSHOT.jar:?]
	at org.apache.hadoop.ozone.protocolPB.OzoneManagerProtocolServerSideTranslatorPB.processRequest(OzoneManagerProtocolServerSideTranslatorPB.java:173) ~[ozone-manager-1.4.0-SNAPSHOT.jar:?]
	at org.apache.hadoop.hdds.server.OzoneProtocolMessageDispatcher.processRequest(OzoneProtocolMessageDispatcher.java:87) [hdds-server-framework-1.4.0-SNAPSHOT.jar:?]
	at org.apache.hadoop.ozone.protocolPB.OzoneManagerProtocolServerSideTranslatorPB.submitRequest(OzoneManagerProtocolServerSideTranslatorPB.java:147) [ozone-manager-1.4.0-SNAPSHOT.jar:?]
	at org.apache.hadoop.ozone.protocol.proto.OzoneManagerProtocolProtos$OzoneManagerService$2.callBlockingMethod(OzoneManagerProtocolProtos.java) [ozone-interface-client-1.4.0-SNAPSHOT.jar:?]
	at org.apache.hadoop.ipc.ProtobufRpcEngine$Server.processCall(ProtobufRpcEngine.java:465) [hadoop-common-3.3.4.jar:?]
	at org.apache.hadoop.ipc.ProtobufRpcEngine2$Server$ProtoBufRpcInvoker.call(ProtobufRpcEngine2.java:578) [hadoop-common-3.3.4.jar:?]
	at org.apache.hadoop.ipc.ProtobufRpcEngine2$Server$ProtoBufRpcInvoker.call(ProtobufRpcEngine2.java:556) [hadoop-common-3.3.4.jar:?]
	at org.apache.hadoop.ipc.RPC$Server.call(RPC.java:1093) [hadoop-common-3.3.4.jar:?]
	at org.apache.hadoop.ipc.Server$RpcCall.run(Server.java:1043) [hadoop-common-3.3.4.jar:?]
	at org.apache.hadoop.ipc.Server$RpcCall.run(Server.java:971) [hadoop-common-3.3.4.jar:?]
	at java.security.AccessController.doPrivileged(Native Method) ~[?:1.8.0_362]
	at javax.security.auth.Subject.doAs(Subject.java:422) [?:1.8.0_362]
	at org.apache.hadoop.security.UserGroupInformation.doAs(UserGroupInformation.java:1878) [hadoop-common-3.3.4.jar:?]
	at org.apache.hadoop.ipc.Server$Handler.run(Server.java:2976) [hadoop-common-3.3.4.jar:?]
]]></system-out>
  </testcase>
  <testcase name="testGetTrashRoots" classname="TestOzoneFileSystem" time="0.018">
    <system-out><![CDATA[16:35:00.251 [IPC Server handler 14 on default port 44851] ERROR OMAudit - user=runner | ip=127.0.0.1 | op=GET_FILE_STATUS {volume=volume35667, bucket=bucket27185, key=.Trash/runner, dataSize=0, replicationConfig=null} | ret=FAILURE
org.apache.hadoop.ozone.om.exceptions.OMException: Unable to get file status: volume: volume35667 bucket: bucket27185 key: .Trash/runner
	at org.apache.hadoop.ozone.om.KeyManagerImpl.getOzoneFileStatus(KeyManagerImpl.java:1162) ~[ozone-manager-1.4.0-SNAPSHOT.jar:?]
	at org.apache.hadoop.ozone.om.KeyManagerImpl.getFileStatus(KeyManagerImpl.java:1080) ~[ozone-manager-1.4.0-SNAPSHOT.jar:?]
	at org.apache.hadoop.ozone.om.OmMetadataReader.getFileStatus(OmMetadataReader.java:288) ~[ozone-manager-1.4.0-SNAPSHOT.jar:?]
	at org.apache.hadoop.ozone.om.OzoneManager.getFileStatus(OzoneManager.java:3450) ~[ozone-manager-1.4.0-SNAPSHOT.jar:?]
	at org.apache.hadoop.ozone.protocolPB.OzoneManagerRequestHandler.getOzoneFileStatus(OzoneManagerRequestHandler.java:933) ~[ozone-manager-1.4.0-SNAPSHOT.jar:?]
	at org.apache.hadoop.ozone.protocolPB.OzoneManagerRequestHandler.handleReadRequest(OzoneManagerRequestHandler.java:238) ~[ozone-manager-1.4.0-SNAPSHOT.jar:?]
	at org.apache.hadoop.ozone.protocolPB.OzoneManagerProtocolServerSideTranslatorPB.submitReadRequestToOM(OzoneManagerProtocolServerSideTranslatorPB.java:223) ~[ozone-manager-1.4.0-SNAPSHOT.jar:?]
	at org.apache.hadoop.ozone.protocolPB.OzoneManagerProtocolServerSideTranslatorPB.processRequest(OzoneManagerProtocolServerSideTranslatorPB.java:177) ~[ozone-manager-1.4.0-SNAPSHOT.jar:?]
	at org.apache.hadoop.hdds.server.OzoneProtocolMessageDispatcher.processRequest(OzoneProtocolMessageDispatcher.java:87) [hdds-server-framework-1.4.0-SNAPSHOT.jar:?]
	at org.apache.hadoop.ozone.protocolPB.OzoneManagerProtocolServerSideTranslatorPB.submitRequest(OzoneManagerProtocolServerSideTranslatorPB.java:147) [ozone-manager-1.4.0-SNAPSHOT.jar:?]
	at org.apache.hadoop.ozone.protocol.proto.OzoneManagerProtocolProtos$OzoneManagerService$2.callBlockingMethod(OzoneManagerProtocolProtos.java) [ozone-interface-client-1.4.0-SNAPSHOT.jar:?]
	at org.apache.hadoop.ipc.ProtobufRpcEngine$Server.processCall(ProtobufRpcEngine.java:465) [hadoop-common-3.3.4.jar:?]
	at org.apache.hadoop.ipc.ProtobufRpcEngine2$Server$ProtoBufRpcInvoker.call(ProtobufRpcEngine2.java:578) [hadoop-common-3.3.4.jar:?]
	at org.apache.hadoop.ipc.ProtobufRpcEngine2$Server$ProtoBufRpcInvoker.call(ProtobufRpcEngine2.java:556) [hadoop-common-3.3.4.jar:?]
	at org.apache.hadoop.ipc.RPC$Server.call(RPC.java:1093) [hadoop-common-3.3.4.jar:?]
	at org.apache.hadoop.ipc.Server$RpcCall.run(Server.java:1043) [hadoop-common-3.3.4.jar:?]
	at org.apache.hadoop.ipc.Server$RpcCall.run(Server.java:971) [hadoop-common-3.3.4.jar:?]
	at java.security.AccessController.doPrivileged(Native Method) ~[?:1.8.0_362]
	at javax.security.auth.Subject.doAs(Subject.java:422) [?:1.8.0_362]
	at org.apache.hadoop.security.UserGroupInformation.doAs(UserGroupInformation.java:1878) [hadoop-common-3.3.4.jar:?]
	at org.apache.hadoop.ipc.Server$Handler.run(Server.java:2976) [hadoop-common-3.3.4.jar:?]
]]></system-out>
  </testcase>
  <testcase name="testGetTrashRoots" classname="TestOzoneFileSystem" time="0.015">
    <system-out><![CDATA[16:35:51.235 [IPC Server handler 5 on default port 38619] ERROR OMAudit - user=runner | ip=127.0.0.1 | op=GET_FILE_STATUS {volume=volume78724, bucket=bucket78568, key=.Trash/runner, dataSize=0, replicationConfig=null} | ret=FAILURE
org.apache.hadoop.ozone.om.exceptions.OMException: Unable to get file status: volume: volume78724 bucket: bucket78568 key: .Trash/runner
	at org.apache.hadoop.ozone.om.KeyManagerImpl.getOzoneFileStatus(KeyManagerImpl.java:1162) ~[ozone-manager-1.4.0-SNAPSHOT.jar:?]
	at org.apache.hadoop.ozone.om.KeyManagerImpl.getFileStatus(KeyManagerImpl.java:1080) ~[ozone-manager-1.4.0-SNAPSHOT.jar:?]
	at org.apache.hadoop.ozone.om.OmMetadataReader.getFileStatus(OmMetadataReader.java:288) ~[ozone-manager-1.4.0-SNAPSHOT.jar:?]
	at org.apache.hadoop.ozone.om.OzoneManager.getFileStatus(OzoneManager.java:3450) ~[ozone-manager-1.4.0-SNAPSHOT.jar:?]
	at org.apache.hadoop.ozone.protocolPB.OzoneManagerRequestHandler.getOzoneFileStatus(OzoneManagerRequestHandler.java:933) ~[ozone-manager-1.4.0-SNAPSHOT.jar:?]
	at org.apache.hadoop.ozone.protocolPB.OzoneManagerRequestHandler.handleReadRequest(OzoneManagerRequestHandler.java:238) ~[ozone-manager-1.4.0-SNAPSHOT.jar:?]
	at org.apache.hadoop.ozone.protocolPB.OzoneManagerProtocolServerSideTranslatorPB.submitRequestDirectlyToOM(OzoneManagerProtocolServerSideTranslatorPB.java:271) ~[ozone-manager-1.4.0-SNAPSHOT.jar:?]
	at org.apache.hadoop.ozone.protocolPB.OzoneManagerProtocolServerSideTranslatorPB.processRequest(OzoneManagerProtocolServerSideTranslatorPB.java:173) ~[ozone-manager-1.4.0-SNAPSHOT.jar:?]
	at org.apache.hadoop.hdds.server.OzoneProtocolMessageDispatcher.processRequest(OzoneProtocolMessageDispatcher.java:87) [hdds-server-framework-1.4.0-SNAPSHOT.jar:?]
	at org.apache.hadoop.ozone.protocolPB.OzoneManagerProtocolServerSideTranslatorPB.submitRequest(OzoneManagerProtocolServerSideTranslatorPB.java:147) [ozone-manager-1.4.0-SNAPSHOT.jar:?]
	at org.apache.hadoop.ozone.protocol.proto.OzoneManagerProtocolProtos$OzoneManagerService$2.callBlockingMethod(OzoneManagerProtocolProtos.java) [ozone-interface-client-1.4.0-SNAPSHOT.jar:?]
	at org.apache.hadoop.ipc.ProtobufRpcEngine$Server.processCall(ProtobufRpcEngine.java:465) [hadoop-common-3.3.4.jar:?]
	at org.apache.hadoop.ipc.ProtobufRpcEngine2$Server$ProtoBufRpcInvoker.call(ProtobufRpcEngine2.java:578) [hadoop-common-3.3.4.jar:?]
	at org.apache.hadoop.ipc.ProtobufRpcEngine2$Server$ProtoBufRpcInvoker.call(ProtobufRpcEngine2.java:556) [hadoop-common-3.3.4.jar:?]
	at org.apache.hadoop.ipc.RPC$Server.call(RPC.java:1093) [hadoop-common-3.3.4.jar:?]
	at org.apache.hadoop.ipc.Server$RpcCall.run(Server.java:1043) [hadoop-common-3.3.4.jar:?]
	at org.apache.hadoop.ipc.Server$RpcCall.run(Server.java:971) [hadoop-common-3.3.4.jar:?]
	at java.security.AccessController.doPrivileged(Native Method) ~[?:1.8.0_362]
	at javax.security.auth.Subject.doAs(Subject.java:422) [?:1.8.0_362]
	at org.apache.hadoop.security.UserGroupInformation.doAs(UserGroupInformation.java:1878) [hadoop-common-3.3.4.jar:?]
	at org.apache.hadoop.ipc.Server$Handler.run(Server.java:2976) [hadoop-common-3.3.4.jar:?]
]]></system-out>
  </testcase>
  <testcase name="testCreateDoesNotAddParentDirKeys" classname="TestOzoneFileSystem" time="0.048">
    <system-out><![CDATA[2023-02-16 16:33:13,223 [OM StateMachine ApplyTransaction Thread - 0] INFO  key.OMKeyRequest (OMKeyRequest.java:wrapUncommittedBlocksAsPseudoKey(837)) - Detect allocated but uncommitted blocks [{blockID={containerID=4, localID=111677748019200031}, length=4194304, offset=0, token=null, pipeline=null, createVersion=0, partNumber=0}] in key testCreateDoesNotAddParentDirKeys/parent/child.
]]></system-out>
  </testcase>
  <testcase name="testCreateDoesNotAddParentDirKeys" classname="TestOzoneFileSystem" time="0.016">
    <system-out><![CDATA[2023-02-16 16:34:13,090 [IPC Server handler 8 on default port 46781] INFO  key.OMKeyRequest (OMKeyRequest.java:wrapUncommittedBlocksAsPseudoKey(837)) - Detect allocated but uncommitted blocks [{blockID={containerID=4, localID=111677748019200031}, length=4194304, offset=0, token=null, pipeline=null, createVersion=0, partNumber=0}] in key testCreateDoesNotAddParentDirKeys/parent/child.
]]></system-out>
  </testcase>
  <testcase name="testCreateDoesNotAddParentDirKeys" classname="TestOzoneFileSystem" time="0.014">
    <system-out><![CDATA[2023-02-16 16:35:00,274 [OM StateMachine ApplyTransaction Thread - 0] INFO  key.OMKeyRequest (OMKeyRequest.java:wrapUncommittedBlocksAsPseudoKey(837)) - Detect allocated but uncommitted blocks [{blockID={containerID=2, localID=111677748019200031}, length=4194304, offset=0, token=null, pipeline=null, createVersion=0, partNumber=0}] in key testCreateDoesNotAddParentDirKeys/parent/child.
]]></system-out>
  </testcase>
  <testcase name="testCreateDoesNotAddParentDirKeys" classname="TestOzoneFileSystem" time="0.013">
    <system-out><![CDATA[2023-02-16 16:35:51,252 [IPC Server handler 10 on default port 38619] INFO  key.OMKeyRequest (OMKeyRequest.java:wrapUncommittedBlocksAsPseudoKey(837)) - Detect allocated but uncommitted blocks [{blockID={containerID=4, localID=111677748019200031}, length=4194304, offset=0, token=null, pipeline=null, createVersion=0, partNumber=0}] in key testCreateDoesNotAddParentDirKeys/parent/child.
]]></system-out>
  </testcase>
  <testcase name="testDeleteCreatesFakeParentDir" classname="TestOzoneFileSystem" time="0.03">
    <system-out><![CDATA[2023-02-16 16:33:13,260 [OM StateMachine ApplyTransaction Thread - 0] INFO  key.OMKeyRequest (OMKeyRequest.java:wrapUncommittedBlocksAsPseudoKey(837)) - Detect allocated but uncommitted blocks [{blockID={containerID=3, localID=111677748019200032}, length=4194304, offset=0, token=null, pipeline=null, createVersion=0, partNumber=0}] in key testDeleteCreatesFakeParentDir/parent/child.
]]></system-out>
  </testcase>
  <testcase name="testDeleteCreatesFakeParentDir" classname="TestOzoneFileSystem" time="0.013">
    <system-out><![CDATA[2023-02-16 16:34:13,106 [IPC Server handler 12 on default port 46781] INFO  key.OMKeyRequest (OMKeyRequest.java:wrapUncommittedBlocksAsPseudoKey(837)) - Detect allocated but uncommitted blocks [{blockID={containerID=3, localID=111677748019200032}, length=4194304, offset=0, token=null, pipeline=null, createVersion=0, partNumber=0}] in key testDeleteCreatesFakeParentDir/parent/child.
]]></system-out>
  </testcase>
  <testcase name="testDeleteCreatesFakeParentDir" classname="TestOzoneFileSystem" time="0.015">
    <system-out><![CDATA[2023-02-16 16:35:00,292 [OM StateMachine ApplyTransaction Thread - 0] INFO  key.OMKeyRequest (OMKeyRequest.java:wrapUncommittedBlocksAsPseudoKey(837)) - Detect allocated but uncommitted blocks [{blockID={containerID=1, localID=111677748019200032}, length=4194304, offset=0, token=null, pipeline=null, createVersion=0, partNumber=0}] in key testDeleteCreatesFakeParentDir/parent/child.
]]></system-out>
  </testcase>
  <testcase name="testDeleteCreatesFakeParentDir" classname="TestOzoneFileSystem" time="0.011">
    <system-out><![CDATA[2023-02-16 16:35:51,265 [IPC Server handler 7 on default port 38619] INFO  key.OMKeyRequest (OMKeyRequest.java:wrapUncommittedBlocksAsPseudoKey(837)) - Detect allocated but uncommitted blocks [{blockID={containerID=1, localID=111677748019200032}, length=4194304, offset=0, token=null, pipeline=null, createVersion=0, partNumber=0}] in key testDeleteCreatesFakeParentDir/parent/child.
]]></system-out>
  </testcase>
  <testcase name="testListStatusOnKeyNameContainDelimiter" classname="TestOzoneFileSystem" time="0.041">
    <system-out><![CDATA[2023-02-16 16:33:13,307 [OM StateMachine ApplyTransaction Thread - 0] INFO  key.OMKeyRequest (OMKeyRequest.java:wrapUncommittedBlocksAsPseudoKey(837)) - Detect allocated but uncommitted blocks [{blockID={containerID=5, localID=111677748019200033}, length=4194304, offset=0, token=null, pipeline=null, createVersion=0, partNumber=0}] in key dir1/dir2/key1.
]]></system-out>
  </testcase>
  <testcase name="testListStatusOnKeyNameContainDelimiter" classname="TestOzoneFileSystem" time="0.013">
    <system-out><![CDATA[2023-02-16 16:34:13,120 [IPC Server handler 16 on default port 46781] INFO  key.OMKeyRequest (OMKeyRequest.java:wrapUncommittedBlocksAsPseudoKey(837)) - Detect allocated but uncommitted blocks [{blockID={containerID=5, localID=111677748019200033}, length=4194304, offset=0, token=null, pipeline=null, createVersion=0, partNumber=0}] in key dir1/dir2/key1.
]]></system-out>
  </testcase>
  <testcase name="testListStatusOnKeyNameContainDelimiter" classname="TestOzoneFileSystem" time="0.015">
    <system-out><![CDATA[2023-02-16 16:35:00,308 [OM StateMachine ApplyTransaction Thread - 0] INFO  key.OMKeyRequest (OMKeyRequest.java:wrapUncommittedBlocksAsPseudoKey(837)) - Detect allocated but uncommitted blocks [{blockID={containerID=5, localID=111677748019200033}, length=4194304, offset=0, token=null, pipeline=null, createVersion=0, partNumber=0}] in key dir1/dir2/key1.
]]></system-out>
  </testcase>
  <testcase name="testListStatusOnKeyNameContainDelimiter" classname="TestOzoneFileSystem" time="0.009">
    <system-out><![CDATA[2023-02-16 16:35:51,275 [IPC Server handler 2 on default port 38619] INFO  key.OMKeyRequest (OMKeyRequest.java:wrapUncommittedBlocksAsPseudoKey(837)) - Detect allocated but uncommitted blocks [{blockID={containerID=5, localID=111677748019200033}, length=4194304, offset=0, token=null, pipeline=null, createVersion=0, partNumber=0}] in key dir1/dir2/key1.
]]></system-out>
  </testcase>
  <testcase name="testNonExplicitlyCreatedPathExistsAfterItsLeafsWereRemoved" classname="TestOzoneFileSystem" time="0.049">
    <system-out><![CDATA[16:33:13.336 [IPC Server handler 14 on default port 37073] ERROR OMAudit - user=runner | ip=127.0.0.1 | op=GET_FILE_STATUS {volume=volume28358, bucket=bucket39322, key=target/leaf, dataSize=0, replicationConfig=null} | ret=FAILURE
org.apache.hadoop.ozone.om.exceptions.OMException: Unable to get file status: volume: volume28358 bucket: bucket39322 key: target/leaf
	at org.apache.hadoop.ozone.om.KeyManagerImpl.getOzoneFileStatus(KeyManagerImpl.java:1162) ~[ozone-manager-1.4.0-SNAPSHOT.jar:?]
	at org.apache.hadoop.ozone.om.KeyManagerImpl.getFileStatus(KeyManagerImpl.java:1080) ~[ozone-manager-1.4.0-SNAPSHOT.jar:?]
	at org.apache.hadoop.ozone.om.OmMetadataReader.getFileStatus(OmMetadataReader.java:288) ~[ozone-manager-1.4.0-SNAPSHOT.jar:?]
	at org.apache.hadoop.ozone.om.OzoneManager.getFileStatus(OzoneManager.java:3450) ~[ozone-manager-1.4.0-SNAPSHOT.jar:?]
	at org.apache.hadoop.ozone.protocolPB.OzoneManagerRequestHandler.getOzoneFileStatus(OzoneManagerRequestHandler.java:933) ~[ozone-manager-1.4.0-SNAPSHOT.jar:?]
	at org.apache.hadoop.ozone.protocolPB.OzoneManagerRequestHandler.handleReadRequest(OzoneManagerRequestHandler.java:238) ~[ozone-manager-1.4.0-SNAPSHOT.jar:?]
	at org.apache.hadoop.ozone.protocolPB.OzoneManagerProtocolServerSideTranslatorPB.submitReadRequestToOM(OzoneManagerProtocolServerSideTranslatorPB.java:223) ~[ozone-manager-1.4.0-SNAPSHOT.jar:?]
	at org.apache.hadoop.ozone.protocolPB.OzoneManagerProtocolServerSideTranslatorPB.processRequest(OzoneManagerProtocolServerSideTranslatorPB.java:177) ~[ozone-manager-1.4.0-SNAPSHOT.jar:?]
	at org.apache.hadoop.hdds.server.OzoneProtocolMessageDispatcher.processRequest(OzoneProtocolMessageDispatcher.java:87) [hdds-server-framework-1.4.0-SNAPSHOT.jar:?]
	at org.apache.hadoop.ozone.protocolPB.OzoneManagerProtocolServerSideTranslatorPB.submitRequest(OzoneManagerProtocolServerSideTranslatorPB.java:147) [ozone-manager-1.4.0-SNAPSHOT.jar:?]
	at org.apache.hadoop.ozone.protocol.proto.OzoneManagerProtocolProtos$OzoneManagerService$2.callBlockingMethod(OzoneManagerProtocolProtos.java) [ozone-interface-client-1.4.0-SNAPSHOT.jar:?]
	at org.apache.hadoop.ipc.ProtobufRpcEngine$Server.processCall(ProtobufRpcEngine.java:465) [hadoop-common-3.3.4.jar:?]
	at org.apache.hadoop.ipc.ProtobufRpcEngine2$Server$ProtoBufRpcInvoker.call(ProtobufRpcEngine2.java:578) [hadoop-common-3.3.4.jar:?]
	at org.apache.hadoop.ipc.ProtobufRpcEngine2$Server$ProtoBufRpcInvoker.call(ProtobufRpcEngine2.java:556) [hadoop-common-3.3.4.jar:?]
	at org.apache.hadoop.ipc.RPC$Server.call(RPC.java:1093) [hadoop-common-3.3.4.jar:?]
	at org.apache.hadoop.ipc.Server$RpcCall.run(Server.java:1043) [hadoop-common-3.3.4.jar:?]
	at org.apache.hadoop.ipc.Server$RpcCall.run(Server.java:971) [hadoop-common-3.3.4.jar:?]
	at java.security.AccessController.doPrivileged(Native Method) ~[?:1.8.0_362]
	at javax.security.auth.Subject.doAs(Subject.java:422) [?:1.8.0_362]
	at org.apache.hadoop.security.UserGroupInformation.doAs(UserGroupInformation.java:1878) [hadoop-common-3.3.4.jar:?]
	at org.apache.hadoop.ipc.Server$Handler.run(Server.java:2976) [hadoop-common-3.3.4.jar:?]
]]></system-out>
  </testcase>
  <testcase name="testNonExplicitlyCreatedPathExistsAfterItsLeafsWereRemoved" classname="TestOzoneFileSystem" time="0.012">
    <system-out><![CDATA[16:34:13.129 [IPC Server handler 1 on default port 46781] ERROR OMAudit - user=runner | ip=127.0.0.1 | op=GET_FILE_STATUS {volume=volume76608, bucket=bucket25283, key=target/leaf, dataSize=0, replicationConfig=null} | ret=FAILURE
org.apache.hadoop.ozone.om.exceptions.OMException: Unable to get file status: volume: volume76608 bucket: bucket25283 key: target/leaf
	at org.apache.hadoop.ozone.om.KeyManagerImpl.getOzoneFileStatus(KeyManagerImpl.java:1162) ~[ozone-manager-1.4.0-SNAPSHOT.jar:?]
	at org.apache.hadoop.ozone.om.KeyManagerImpl.getFileStatus(KeyManagerImpl.java:1080) ~[ozone-manager-1.4.0-SNAPSHOT.jar:?]
	at org.apache.hadoop.ozone.om.OmMetadataReader.getFileStatus(OmMetadataReader.java:288) ~[ozone-manager-1.4.0-SNAPSHOT.jar:?]
	at org.apache.hadoop.ozone.om.OzoneManager.getFileStatus(OzoneManager.java:3450) ~[ozone-manager-1.4.0-SNAPSHOT.jar:?]
	at org.apache.hadoop.ozone.protocolPB.OzoneManagerRequestHandler.getOzoneFileStatus(OzoneManagerRequestHandler.java:933) ~[ozone-manager-1.4.0-SNAPSHOT.jar:?]
	at org.apache.hadoop.ozone.protocolPB.OzoneManagerRequestHandler.handleReadRequest(OzoneManagerRequestHandler.java:238) ~[ozone-manager-1.4.0-SNAPSHOT.jar:?]
	at org.apache.hadoop.ozone.protocolPB.OzoneManagerProtocolServerSideTranslatorPB.submitRequestDirectlyToOM(OzoneManagerProtocolServerSideTranslatorPB.java:271) ~[ozone-manager-1.4.0-SNAPSHOT.jar:?]
	at org.apache.hadoop.ozone.protocolPB.OzoneManagerProtocolServerSideTranslatorPB.processRequest(OzoneManagerProtocolServerSideTranslatorPB.java:173) ~[ozone-manager-1.4.0-SNAPSHOT.jar:?]
	at org.apache.hadoop.hdds.server.OzoneProtocolMessageDispatcher.processRequest(OzoneProtocolMessageDispatcher.java:87) [hdds-server-framework-1.4.0-SNAPSHOT.jar:?]
	at org.apache.hadoop.ozone.protocolPB.OzoneManagerProtocolServerSideTranslatorPB.submitRequest(OzoneManagerProtocolServerSideTranslatorPB.java:147) [ozone-manager-1.4.0-SNAPSHOT.jar:?]
	at org.apache.hadoop.ozone.protocol.proto.OzoneManagerProtocolProtos$OzoneManagerService$2.callBlockingMethod(OzoneManagerProtocolProtos.java) [ozone-interface-client-1.4.0-SNAPSHOT.jar:?]
	at org.apache.hadoop.ipc.ProtobufRpcEngine$Server.processCall(ProtobufRpcEngine.java:465) [hadoop-common-3.3.4.jar:?]
	at org.apache.hadoop.ipc.ProtobufRpcEngine2$Server$ProtoBufRpcInvoker.call(ProtobufRpcEngine2.java:578) [hadoop-common-3.3.4.jar:?]
	at org.apache.hadoop.ipc.ProtobufRpcEngine2$Server$ProtoBufRpcInvoker.call(ProtobufRpcEngine2.java:556) [hadoop-common-3.3.4.jar:?]
	at org.apache.hadoop.ipc.RPC$Server.call(RPC.java:1093) [hadoop-common-3.3.4.jar:?]
	at org.apache.hadoop.ipc.Server$RpcCall.run(Server.java:1043) [hadoop-common-3.3.4.jar:?]
	at org.apache.hadoop.ipc.Server$RpcCall.run(Server.java:971) [hadoop-common-3.3.4.jar:?]
	at java.security.AccessController.doPrivileged(Native Method) ~[?:1.8.0_362]
	at javax.security.auth.Subject.doAs(Subject.java:422) [?:1.8.0_362]
	at org.apache.hadoop.security.UserGroupInformation.doAs(UserGroupInformation.java:1878) [hadoop-common-3.3.4.jar:?]
	at org.apache.hadoop.ipc.Server$Handler.run(Server.java:2976) [hadoop-common-3.3.4.jar:?]
]]></system-out>
  </testcase>
  <testcase name="testNonExplicitlyCreatedPathExistsAfterItsLeafsWereRemoved" classname="TestOzoneFileSystem" time="0.015">
    <system-out><![CDATA[16:35:00.319 [IPC Server handler 5 on default port 44851] ERROR OMAudit - user=runner | ip=127.0.0.1 | op=GET_FILE_STATUS {volume=volume35667, bucket=bucket27185, key=target/leaf, dataSize=0, replicationConfig=null} | ret=FAILURE
org.apache.hadoop.ozone.om.exceptions.OMException: Unable to get file status: volume: volume35667 bucket: bucket27185 key: target/leaf
	at org.apache.hadoop.ozone.om.KeyManagerImpl.getOzoneFileStatus(KeyManagerImpl.java:1162) ~[ozone-manager-1.4.0-SNAPSHOT.jar:?]
	at org.apache.hadoop.ozone.om.KeyManagerImpl.getFileStatus(KeyManagerImpl.java:1080) ~[ozone-manager-1.4.0-SNAPSHOT.jar:?]
	at org.apache.hadoop.ozone.om.OmMetadataReader.getFileStatus(OmMetadataReader.java:288) ~[ozone-manager-1.4.0-SNAPSHOT.jar:?]
	at org.apache.hadoop.ozone.om.OzoneManager.getFileStatus(OzoneManager.java:3450) ~[ozone-manager-1.4.0-SNAPSHOT.jar:?]
	at org.apache.hadoop.ozone.protocolPB.OzoneManagerRequestHandler.getOzoneFileStatus(OzoneManagerRequestHandler.java:933) ~[ozone-manager-1.4.0-SNAPSHOT.jar:?]
	at org.apache.hadoop.ozone.protocolPB.OzoneManagerRequestHandler.handleReadRequest(OzoneManagerRequestHandler.java:238) ~[ozone-manager-1.4.0-SNAPSHOT.jar:?]
	at org.apache.hadoop.ozone.protocolPB.OzoneManagerProtocolServerSideTranslatorPB.submitReadRequestToOM(OzoneManagerProtocolServerSideTranslatorPB.java:223) ~[ozone-manager-1.4.0-SNAPSHOT.jar:?]
	at org.apache.hadoop.ozone.protocolPB.OzoneManagerProtocolServerSideTranslatorPB.processRequest(OzoneManagerProtocolServerSideTranslatorPB.java:177) ~[ozone-manager-1.4.0-SNAPSHOT.jar:?]
	at org.apache.hadoop.hdds.server.OzoneProtocolMessageDispatcher.processRequest(OzoneProtocolMessageDispatcher.java:87) [hdds-server-framework-1.4.0-SNAPSHOT.jar:?]
	at org.apache.hadoop.ozone.protocolPB.OzoneManagerProtocolServerSideTranslatorPB.submitRequest(OzoneManagerProtocolServerSideTranslatorPB.java:147) [ozone-manager-1.4.0-SNAPSHOT.jar:?]
	at org.apache.hadoop.ozone.protocol.proto.OzoneManagerProtocolProtos$OzoneManagerService$2.callBlockingMethod(OzoneManagerProtocolProtos.java) [ozone-interface-client-1.4.0-SNAPSHOT.jar:?]
	at org.apache.hadoop.ipc.ProtobufRpcEngine$Server.processCall(ProtobufRpcEngine.java:465) [hadoop-common-3.3.4.jar:?]
	at org.apache.hadoop.ipc.ProtobufRpcEngine2$Server$ProtoBufRpcInvoker.call(ProtobufRpcEngine2.java:578) [hadoop-common-3.3.4.jar:?]
	at org.apache.hadoop.ipc.ProtobufRpcEngine2$Server$ProtoBufRpcInvoker.call(ProtobufRpcEngine2.java:556) [hadoop-common-3.3.4.jar:?]
	at org.apache.hadoop.ipc.RPC$Server.call(RPC.java:1093) [hadoop-common-3.3.4.jar:?]
	at org.apache.hadoop.ipc.Server$RpcCall.run(Server.java:1043) [hadoop-common-3.3.4.jar:?]
	at org.apache.hadoop.ipc.Server$RpcCall.run(Server.java:971) [hadoop-common-3.3.4.jar:?]
	at java.security.AccessController.doPrivileged(Native Method) ~[?:1.8.0_362]
	at javax.security.auth.Subject.doAs(Subject.java:422) [?:1.8.0_362]
	at org.apache.hadoop.security.UserGroupInformation.doAs(UserGroupInformation.java:1878) [hadoop-common-3.3.4.jar:?]
	at org.apache.hadoop.ipc.Server$Handler.run(Server.java:2976) [hadoop-common-3.3.4.jar:?]
]]></system-out>
  </testcase>
  <testcase name="testNonExplicitlyCreatedPathExistsAfterItsLeafsWereRemoved" classname="TestOzoneFileSystem" time="0.012">
    <system-out><![CDATA[16:35:51.285 [IPC Server handler 16 on default port 38619] ERROR OMAudit - user=runner | ip=127.0.0.1 | op=GET_FILE_STATUS {volume=volume78724, bucket=bucket78568, key=target/leaf, dataSize=0, replicationConfig=null} | ret=FAILURE
org.apache.hadoop.ozone.om.exceptions.OMException: Unable to get file status: volume: volume78724 bucket: bucket78568 key: target/leaf
	at org.apache.hadoop.ozone.om.KeyManagerImpl.getOzoneFileStatus(KeyManagerImpl.java:1162) ~[ozone-manager-1.4.0-SNAPSHOT.jar:?]
	at org.apache.hadoop.ozone.om.KeyManagerImpl.getFileStatus(KeyManagerImpl.java:1080) ~[ozone-manager-1.4.0-SNAPSHOT.jar:?]
	at org.apache.hadoop.ozone.om.OmMetadataReader.getFileStatus(OmMetadataReader.java:288) ~[ozone-manager-1.4.0-SNAPSHOT.jar:?]
	at org.apache.hadoop.ozone.om.OzoneManager.getFileStatus(OzoneManager.java:3450) ~[ozone-manager-1.4.0-SNAPSHOT.jar:?]
	at org.apache.hadoop.ozone.protocolPB.OzoneManagerRequestHandler.getOzoneFileStatus(OzoneManagerRequestHandler.java:933) ~[ozone-manager-1.4.0-SNAPSHOT.jar:?]
	at org.apache.hadoop.ozone.protocolPB.OzoneManagerRequestHandler.handleReadRequest(OzoneManagerRequestHandler.java:238) ~[ozone-manager-1.4.0-SNAPSHOT.jar:?]
	at org.apache.hadoop.ozone.protocolPB.OzoneManagerProtocolServerSideTranslatorPB.submitRequestDirectlyToOM(OzoneManagerProtocolServerSideTranslatorPB.java:271) ~[ozone-manager-1.4.0-SNAPSHOT.jar:?]
	at org.apache.hadoop.ozone.protocolPB.OzoneManagerProtocolServerSideTranslatorPB.processRequest(OzoneManagerProtocolServerSideTranslatorPB.java:173) ~[ozone-manager-1.4.0-SNAPSHOT.jar:?]
	at org.apache.hadoop.hdds.server.OzoneProtocolMessageDispatcher.processRequest(OzoneProtocolMessageDispatcher.java:87) [hdds-server-framework-1.4.0-SNAPSHOT.jar:?]
	at org.apache.hadoop.ozone.protocolPB.OzoneManagerProtocolServerSideTranslatorPB.submitRequest(OzoneManagerProtocolServerSideTranslatorPB.java:147) [ozone-manager-1.4.0-SNAPSHOT.jar:?]
	at org.apache.hadoop.ozone.protocol.proto.OzoneManagerProtocolProtos$OzoneManagerService$2.callBlockingMethod(OzoneManagerProtocolProtos.java) [ozone-interface-client-1.4.0-SNAPSHOT.jar:?]
	at org.apache.hadoop.ipc.ProtobufRpcEngine$Server.processCall(ProtobufRpcEngine.java:465) [hadoop-common-3.3.4.jar:?]
	at org.apache.hadoop.ipc.ProtobufRpcEngine2$Server$ProtoBufRpcInvoker.call(ProtobufRpcEngine2.java:578) [hadoop-common-3.3.4.jar:?]
	at org.apache.hadoop.ipc.ProtobufRpcEngine2$Server$ProtoBufRpcInvoker.call(ProtobufRpcEngine2.java:556) [hadoop-common-3.3.4.jar:?]
	at org.apache.hadoop.ipc.RPC$Server.call(RPC.java:1093) [hadoop-common-3.3.4.jar:?]
	at org.apache.hadoop.ipc.Server$RpcCall.run(Server.java:1043) [hadoop-common-3.3.4.jar:?]
	at org.apache.hadoop.ipc.Server$RpcCall.run(Server.java:971) [hadoop-common-3.3.4.jar:?]
	at java.security.AccessController.doPrivileged(Native Method) ~[?:1.8.0_362]
	at javax.security.auth.Subject.doAs(Subject.java:422) [?:1.8.0_362]
	at org.apache.hadoop.security.UserGroupInformation.doAs(UserGroupInformation.java:1878) [hadoop-common-3.3.4.jar:?]
	at org.apache.hadoop.ipc.Server$Handler.run(Server.java:2976) [hadoop-common-3.3.4.jar:?]
]]></system-out>
  </testcase>
  <testcase name="testCreateFileShouldCheckExistenceOfDirWithSameName" classname="TestOzoneFileSystem" time="0.05">
    <system-out><![CDATA[2023-02-16 16:33:13,380 [OM StateMachine ApplyTransaction Thread - 0] INFO  key.OMKeyRequest (OMKeyRequest.java:wrapUncommittedBlocksAsPseudoKey(837)) - Detect allocated but uncommitted blocks [{blockID={containerID=4, localID=111677748019200034}, length=4194304, offset=0, token=null, pipeline=null, createVersion=0, partNumber=0}] in key d1/d2/d3/d4/key1.
16:33:13.387 [OM StateMachine ApplyTransaction Thread - 0] ERROR OMAudit - user=runner | ip=127.0.0.1 | op=CREATE_FILE {volume=volume28358, bucket=bucket39322, key=d1/d2/d3/d4/key2, dataSize=4194304, replicationType=RATIS, replicationFactor=THREE} | ret=FAILURE
org.apache.hadoop.ozone.om.exceptions.OMException: Can not write to directory: d1/d2/d3/d4/key2
	at org.apache.hadoop.ozone.om.request.file.OMFileCreateRequest.checkDirectoryResult(OMFileCreateRequest.java:363) ~[ozone-manager-1.4.0-SNAPSHOT.jar:?]
	at org.apache.hadoop.ozone.om.request.file.OMFileCreateRequest.validateAndUpdateCache(OMFileCreateRequest.java:238) ~[ozone-manager-1.4.0-SNAPSHOT.jar:?]
	at org.apache.hadoop.ozone.protocolPB.OzoneManagerRequestHandler.handleWriteRequest(OzoneManagerRequestHandler.java:337) ~[ozone-manager-1.4.0-SNAPSHOT.jar:?]
	at org.apache.hadoop.ozone.om.ratis.OzoneManagerStateMachine.runCommand(OzoneManagerStateMachine.java:533) ~[ozone-manager-1.4.0-SNAPSHOT.jar:?]
	at org.apache.hadoop.ozone.om.ratis.OzoneManagerStateMachine.lambda$1(OzoneManagerStateMachine.java:324) ~[ozone-manager-1.4.0-SNAPSHOT.jar:?]
	at java.util.concurrent.CompletableFuture$AsyncSupply.run(CompletableFuture.java:1604) [?:1.8.0_362]
	at java.util.concurrent.ThreadPoolExecutor.runWorker(ThreadPoolExecutor.java:1149) [?:1.8.0_362]
	at java.util.concurrent.ThreadPoolExecutor$Worker.run(ThreadPoolExecutor.java:624) [?:1.8.0_362]
	at java.lang.Thread.run(Thread.java:750) [?:1.8.0_362]
2023-02-16 16:33:13,388 [OM StateMachine ApplyTransaction Thread - 0] ERROR file.OMFileCreateRequest (OMFileCreateRequest.java:validateAndUpdateCache(336)) - File create failed. Volume:volume28358, Bucket:bucket39322, Keyd1/d2/d3/d4/key2.
NOT_A_FILE org.apache.hadoop.ozone.om.exceptions.OMException: Can not write to directory: d1/d2/d3/d4/key2
	at org.apache.hadoop.ozone.om.request.file.OMFileCreateRequest.checkDirectoryResult(OMFileCreateRequest.java:363)
	at org.apache.hadoop.ozone.om.request.file.OMFileCreateRequest.validateAndUpdateCache(OMFileCreateRequest.java:238)
	at org.apache.hadoop.ozone.protocolPB.OzoneManagerRequestHandler.handleWriteRequest(OzoneManagerRequestHandler.java:337)
	at org.apache.hadoop.ozone.om.ratis.OzoneManagerStateMachine.runCommand(OzoneManagerStateMachine.java:533)
	at org.apache.hadoop.ozone.om.ratis.OzoneManagerStateMachine.lambda$1(OzoneManagerStateMachine.java:324)
	at java.util.concurrent.CompletableFuture$AsyncSupply.run(CompletableFuture.java:1604)
	at java.util.concurrent.ThreadPoolExecutor.runWorker(ThreadPoolExecutor.java:1149)
	at java.util.concurrent.ThreadPoolExecutor$Worker.run(ThreadPoolExecutor.java:624)
	at java.lang.Thread.run(Thread.java:750)
2023-02-16 16:33:13,396 [OM StateMachine ApplyTransaction Thread - 0] INFO  key.OMKeyRequest (OMKeyRequest.java:wrapUncommittedBlocksAsPseudoKey(837)) - Detect allocated but uncommitted blocks [{blockID={containerID=4, localID=111677748019200036}, length=4194304, offset=0, token=null, pipeline=null, createVersion=0, partNumber=0}] in key d1/d2/d3/d4/key3.
16:33:13.399 [OM StateMachine ApplyTransaction Thread - 0] ERROR OMAudit - user=runner | ip=127.0.0.1 | op=CREATE_DIRECTORY {volume=volume28358, bucket=bucket39322, key=d1/d2/d3/d4/key3, dataSize=0, replicationType=NONE, replicationFactor=ZERO} | ret=FAILURE
org.apache.hadoop.ozone.om.exceptions.OMException: Unable to create directory: d1/d2/d3/d4/key3 in volume/bucket: volume28358/bucket39322
	at org.apache.hadoop.ozone.om.request.file.OMDirectoryCreateRequest.validateAndUpdateCache(OMDirectoryCreateRequest.java:196) ~[ozone-manager-1.4.0-SNAPSHOT.jar:?]
	at org.apache.hadoop.ozone.protocolPB.OzoneManagerRequestHandler.handleWriteRequest(OzoneManagerRequestHandler.java:337) ~[ozone-manager-1.4.0-SNAPSHOT.jar:?]
	at org.apache.hadoop.ozone.om.ratis.OzoneManagerStateMachine.runCommand(OzoneManagerStateMachine.java:533) ~[ozone-manager-1.4.0-SNAPSHOT.jar:?]
	at org.apache.hadoop.ozone.om.ratis.OzoneManagerStateMachine.lambda$1(OzoneManagerStateMachine.java:324) ~[ozone-manager-1.4.0-SNAPSHOT.jar:?]
	at java.util.concurrent.CompletableFuture$AsyncSupply.run(CompletableFuture.java:1604) [?:1.8.0_362]
	at java.util.concurrent.ThreadPoolExecutor.runWorker(ThreadPoolExecutor.java:1149) [?:1.8.0_362]
	at java.util.concurrent.ThreadPoolExecutor$Worker.run(ThreadPoolExecutor.java:624) [?:1.8.0_362]
	at java.lang.Thread.run(Thread.java:750) [?:1.8.0_362]
2023-02-16 16:33:13,399 [OM StateMachine ApplyTransaction Thread - 0] ERROR file.OMDirectoryCreateRequest (OMDirectoryCreateRequest.java:logResult(335)) - Directory creation failed. Volume:volume28358, Bucket:bucket39322, Keyd1/d2/d3/d4/key3. Exception:{}
FILE_ALREADY_EXISTS org.apache.hadoop.ozone.om.exceptions.OMException: Unable to create directory: d1/d2/d3/d4/key3 in volume/bucket: volume28358/bucket39322
	at org.apache.hadoop.ozone.om.request.file.OMDirectoryCreateRequest.validateAndUpdateCache(OMDirectoryCreateRequest.java:196)
	at org.apache.hadoop.ozone.protocolPB.OzoneManagerRequestHandler.handleWriteRequest(OzoneManagerRequestHandler.java:337)
	at org.apache.hadoop.ozone.om.ratis.OzoneManagerStateMachine.runCommand(OzoneManagerStateMachine.java:533)
	at org.apache.hadoop.ozone.om.ratis.OzoneManagerStateMachine.lambda$1(OzoneManagerStateMachine.java:324)
	at java.util.concurrent.CompletableFuture$AsyncSupply.run(CompletableFuture.java:1604)
	at java.util.concurrent.ThreadPoolExecutor.runWorker(ThreadPoolExecutor.java:1149)
	at java.util.concurrent.ThreadPoolExecutor$Worker.run(ThreadPoolExecutor.java:624)
	at java.lang.Thread.run(Thread.java:750)
16:33:13.404 [OM StateMachine ApplyTransaction Thread - 0] ERROR OMAudit - user=runner | ip=127.0.0.1 | op=CREATE_FILE {volume=volume28358, bucket=bucket39322, key=d1/d2/d3, dataSize=4194304, replicationType=RATIS, replicationFactor=THREE} | ret=FAILURE
org.apache.hadoop.ozone.om.exceptions.OMException: Can not write to directory: d1/d2/d3
	at org.apache.hadoop.ozone.om.request.file.OMFileCreateRequest.checkDirectoryResult(OMFileCreateRequest.java:363) ~[ozone-manager-1.4.0-SNAPSHOT.jar:?]
	at org.apache.hadoop.ozone.om.request.file.OMFileCreateRequest.validateAndUpdateCache(OMFileCreateRequest.java:238) ~[ozone-manager-1.4.0-SNAPSHOT.jar:?]
	at org.apache.hadoop.ozone.protocolPB.OzoneManagerRequestHandler.handleWriteRequest(OzoneManagerRequestHandler.java:337) ~[ozone-manager-1.4.0-SNAPSHOT.jar:?]
	at org.apache.hadoop.ozone.om.ratis.OzoneManagerStateMachine.runCommand(OzoneManagerStateMachine.java:533) ~[ozone-manager-1.4.0-SNAPSHOT.jar:?]
	at org.apache.hadoop.ozone.om.ratis.OzoneManagerStateMachine.lambda$1(OzoneManagerStateMachine.java:324) ~[ozone-manager-1.4.0-SNAPSHOT.jar:?]
	at java.util.concurrent.CompletableFuture$AsyncSupply.run(CompletableFuture.java:1604) [?:1.8.0_362]
	at java.util.concurrent.ThreadPoolExecutor.runWorker(ThreadPoolExecutor.java:1149) [?:1.8.0_362]
	at java.util.concurrent.ThreadPoolExecutor$Worker.run(ThreadPoolExecutor.java:624) [?:1.8.0_362]
	at java.lang.Thread.run(Thread.java:750) [?:1.8.0_362]
2023-02-16 16:33:13,404 [OM StateMachine ApplyTransaction Thread - 0] ERROR file.OMFileCreateRequest (OMFileCreateRequest.java:validateAndUpdateCache(336)) - File create failed. Volume:volume28358, Bucket:bucket39322, Keyd1/d2/d3.
NOT_A_FILE org.apache.hadoop.ozone.om.exceptions.OMException: Can not write to directory: d1/d2/d3
	at org.apache.hadoop.ozone.om.request.file.OMFileCreateRequest.checkDirectoryResult(OMFileCreateRequest.java:363)
	at org.apache.hadoop.ozone.om.request.file.OMFileCreateRequest.validateAndUpdateCache(OMFileCreateRequest.java:238)
	at org.apache.hadoop.ozone.protocolPB.OzoneManagerRequestHandler.handleWriteRequest(OzoneManagerRequestHandler.java:337)
	at org.apache.hadoop.ozone.om.ratis.OzoneManagerStateMachine.runCommand(OzoneManagerStateMachine.java:533)
	at org.apache.hadoop.ozone.om.ratis.OzoneManagerStateMachine.lambda$1(OzoneManagerStateMachine.java:324)
	at java.util.concurrent.CompletableFuture$AsyncSupply.run(CompletableFuture.java:1604)
	at java.util.concurrent.ThreadPoolExecutor.runWorker(ThreadPoolExecutor.java:1149)
	at java.util.concurrent.ThreadPoolExecutor$Worker.run(ThreadPoolExecutor.java:624)
	at java.lang.Thread.run(Thread.java:750)
16:33:13.407 [IPC Server handler 0 on default port 37073] ERROR OMAudit - user=runner | ip=127.0.0.1 | op=GET_FILE_STATUS {volume=volume28358, bucket=bucket39322, key=d1/d2/d3/d4/key3/invalid, dataSize=0, replicationConfig=null} | ret=FAILURE
org.apache.hadoop.ozone.om.exceptions.OMException: Unable to get file status: volume: volume28358 bucket: bucket39322 key: d1/d2/d3/d4/key3/invalid
	at org.apache.hadoop.ozone.om.KeyManagerImpl.getOzoneFileStatus(KeyManagerImpl.java:1162) ~[ozone-manager-1.4.0-SNAPSHOT.jar:?]
	at org.apache.hadoop.ozone.om.KeyManagerImpl.getFileStatus(KeyManagerImpl.java:1080) ~[ozone-manager-1.4.0-SNAPSHOT.jar:?]
	at org.apache.hadoop.ozone.om.OmMetadataReader.getFileStatus(OmMetadataReader.java:288) ~[ozone-manager-1.4.0-SNAPSHOT.jar:?]
	at org.apache.hadoop.ozone.om.OzoneManager.getFileStatus(OzoneManager.java:3450) ~[ozone-manager-1.4.0-SNAPSHOT.jar:?]
	at org.apache.hadoop.ozone.protocolPB.OzoneManagerRequestHandler.getOzoneFileStatus(OzoneManagerRequestHandler.java:933) ~[ozone-manager-1.4.0-SNAPSHOT.jar:?]
	at org.apache.hadoop.ozone.protocolPB.OzoneManagerRequestHandler.handleReadRequest(OzoneManagerRequestHandler.java:238) ~[ozone-manager-1.4.0-SNAPSHOT.jar:?]
	at org.apache.hadoop.ozone.protocolPB.OzoneManagerProtocolServerSideTranslatorPB.submitReadRequestToOM(OzoneManagerProtocolServerSideTranslatorPB.java:223) ~[ozone-manager-1.4.0-SNAPSHOT.jar:?]
	at org.apache.hadoop.ozone.protocolPB.OzoneManagerProtocolServerSideTranslatorPB.processRequest(OzoneManagerProtocolServerSideTranslatorPB.java:177) ~[ozone-manager-1.4.0-SNAPSHOT.jar:?]
	at org.apache.hadoop.hdds.server.OzoneProtocolMessageDispatcher.processRequest(OzoneProtocolMessageDispatcher.java:87) [hdds-server-framework-1.4.0-SNAPSHOT.jar:?]
	at org.apache.hadoop.ozone.protocolPB.OzoneManagerProtocolServerSideTranslatorPB.submitRequest(OzoneManagerProtocolServerSideTranslatorPB.java:147) [ozone-manager-1.4.0-SNAPSHOT.jar:?]
	at org.apache.hadoop.ozone.protocol.proto.OzoneManagerProtocolProtos$OzoneManagerService$2.callBlockingMethod(OzoneManagerProtocolProtos.java) [ozone-interface-client-1.4.0-SNAPSHOT.jar:?]
	at org.apache.hadoop.ipc.ProtobufRpcEngine$Server.processCall(ProtobufRpcEngine.java:465) [hadoop-common-3.3.4.jar:?]
	at org.apache.hadoop.ipc.ProtobufRpcEngine2$Server$ProtoBufRpcInvoker.call(ProtobufRpcEngine2.java:578) [hadoop-common-3.3.4.jar:?]
	at org.apache.hadoop.ipc.ProtobufRpcEngine2$Server$ProtoBufRpcInvoker.call(ProtobufRpcEngine2.java:556) [hadoop-common-3.3.4.jar:?]
	at org.apache.hadoop.ipc.RPC$Server.call(RPC.java:1093) [hadoop-common-3.3.4.jar:?]
	at org.apache.hadoop.ipc.Server$RpcCall.run(Server.java:1043) [hadoop-common-3.3.4.jar:?]
	at org.apache.hadoop.ipc.Server$RpcCall.run(Server.java:971) [hadoop-common-3.3.4.jar:?]
	at java.security.AccessController.doPrivileged(Native Method) ~[?:1.8.0_362]
	at javax.security.auth.Subject.doAs(Subject.java:422) [?:1.8.0_362]
	at org.apache.hadoop.security.UserGroupInformation.doAs(UserGroupInformation.java:1878) [hadoop-common-3.3.4.jar:?]
	at org.apache.hadoop.ipc.Server$Handler.run(Server.java:2976) [hadoop-common-3.3.4.jar:?]
16:33:13.408 [IPC Server handler 2 on default port 37073] ERROR OMAudit - user=runner | ip=127.0.0.1 | op=GET_FILE_STATUS {volume=volume28358, bucket=bucket39322, key=d1/d2/d3/d4/invalidkey, dataSize=0, replicationConfig=null} | ret=FAILURE
org.apache.hadoop.ozone.om.exceptions.OMException: Unable to get file status: volume: volume28358 bucket: bucket39322 key: d1/d2/d3/d4/invalidkey
	at org.apache.hadoop.ozone.om.KeyManagerImpl.getOzoneFileStatus(KeyManagerImpl.java:1162) ~[ozone-manager-1.4.0-SNAPSHOT.jar:?]
	at org.apache.hadoop.ozone.om.KeyManagerImpl.getFileStatus(KeyManagerImpl.java:1080) ~[ozone-manager-1.4.0-SNAPSHOT.jar:?]
	at org.apache.hadoop.ozone.om.OmMetadataReader.getFileStatus(OmMetadataReader.java:288) ~[ozone-manager-1.4.0-SNAPSHOT.jar:?]
	at org.apache.hadoop.ozone.om.OzoneManager.getFileStatus(OzoneManager.java:3450) ~[ozone-manager-1.4.0-SNAPSHOT.jar:?]
	at org.apache.hadoop.ozone.protocolPB.OzoneManagerRequestHandler.getOzoneFileStatus(OzoneManagerRequestHandler.java:933) ~[ozone-manager-1.4.0-SNAPSHOT.jar:?]
	at org.apache.hadoop.ozone.protocolPB.OzoneManagerRequestHandler.handleReadRequest(OzoneManagerRequestHandler.java:238) ~[ozone-manager-1.4.0-SNAPSHOT.jar:?]
	at org.apache.hadoop.ozone.protocolPB.OzoneManagerProtocolServerSideTranslatorPB.submitReadRequestToOM(OzoneManagerProtocolServerSideTranslatorPB.java:223) ~[ozone-manager-1.4.0-SNAPSHOT.jar:?]
	at org.apache.hadoop.ozone.protocolPB.OzoneManagerProtocolServerSideTranslatorPB.processRequest(OzoneManagerProtocolServerSideTranslatorPB.java:177) ~[ozone-manager-1.4.0-SNAPSHOT.jar:?]
	at org.apache.hadoop.hdds.server.OzoneProtocolMessageDispatcher.processRequest(OzoneProtocolMessageDispatcher.java:87) [hdds-server-framework-1.4.0-SNAPSHOT.jar:?]
	at org.apache.hadoop.ozone.protocolPB.OzoneManagerProtocolServerSideTranslatorPB.submitRequest(OzoneManagerProtocolServerSideTranslatorPB.java:147) [ozone-manager-1.4.0-SNAPSHOT.jar:?]
	at org.apache.hadoop.ozone.protocol.proto.OzoneManagerProtocolProtos$OzoneManagerService$2.callBlockingMethod(OzoneManagerProtocolProtos.java) [ozone-interface-client-1.4.0-SNAPSHOT.jar:?]
	at org.apache.hadoop.ipc.ProtobufRpcEngine$Server.processCall(ProtobufRpcEngine.java:465) [hadoop-common-3.3.4.jar:?]
	at org.apache.hadoop.ipc.ProtobufRpcEngine2$Server$ProtoBufRpcInvoker.call(ProtobufRpcEngine2.java:578) [hadoop-common-3.3.4.jar:?]
	at org.apache.hadoop.ipc.ProtobufRpcEngine2$Server$ProtoBufRpcInvoker.call(ProtobufRpcEngine2.java:556) [hadoop-common-3.3.4.jar:?]
	at org.apache.hadoop.ipc.RPC$Server.call(RPC.java:1093) [hadoop-common-3.3.4.jar:?]
	at org.apache.hadoop.ipc.Server$RpcCall.run(Server.java:1043) [hadoop-common-3.3.4.jar:?]
	at org.apache.hadoop.ipc.Server$RpcCall.run(Server.java:971) [hadoop-common-3.3.4.jar:?]
	at java.security.AccessController.doPrivileged(Native Method) ~[?:1.8.0_362]
	at javax.security.auth.Subject.doAs(Subject.java:422) [?:1.8.0_362]
	at org.apache.hadoop.security.UserGroupInformation.doAs(UserGroupInformation.java:1878) [hadoop-common-3.3.4.jar:?]
	at org.apache.hadoop.ipc.Server$Handler.run(Server.java:2976) [hadoop-common-3.3.4.jar:?]
]]></system-out>
  </testcase>
  <testcase name="testCreateFileShouldCheckExistenceOfDirWithSameName" classname="TestOzoneFileSystem" time="0.029">
    <system-out><![CDATA[2023-02-16 16:34:13,146 [IPC Server handler 0 on default port 46781] INFO  key.OMKeyRequest (OMKeyRequest.java:wrapUncommittedBlocksAsPseudoKey(837)) - Detect allocated but uncommitted blocks [{blockID={containerID=2, localID=111677748019200034}, length=4194304, offset=0, token=null, pipeline=null, createVersion=0, partNumber=0}] in key d1/d2/d3/d4/key1.
16:34:13.148 [IPC Server handler 19 on default port 46781] ERROR OMAudit - user=runner | ip=127.0.0.1 | op=CREATE_FILE {volume=volume76608, bucket=bucket25283, key=d1/d2/d3/d4/key2, dataSize=4194304, replicationType=RATIS, replicationFactor=THREE} | ret=FAILURE
org.apache.hadoop.ozone.om.exceptions.OMException: Can not write to directory: d1/d2/d3/d4/key2
	at org.apache.hadoop.ozone.om.request.file.OMFileCreateRequest.checkDirectoryResult(OMFileCreateRequest.java:363) ~[ozone-manager-1.4.0-SNAPSHOT.jar:?]
	at org.apache.hadoop.ozone.om.request.file.OMFileCreateRequest.validateAndUpdateCache(OMFileCreateRequest.java:238) ~[ozone-manager-1.4.0-SNAPSHOT.jar:?]
	at org.apache.hadoop.ozone.protocolPB.OzoneManagerRequestHandler.handleWriteRequest(OzoneManagerRequestHandler.java:337) ~[ozone-manager-1.4.0-SNAPSHOT.jar:?]
	at org.apache.hadoop.ozone.protocolPB.OzoneManagerProtocolServerSideTranslatorPB.submitRequestDirectlyToOM(OzoneManagerProtocolServerSideTranslatorPB.java:277) ~[ozone-manager-1.4.0-SNAPSHOT.jar:?]
	at org.apache.hadoop.ozone.protocolPB.OzoneManagerProtocolServerSideTranslatorPB.processRequest(OzoneManagerProtocolServerSideTranslatorPB.java:173) ~[ozone-manager-1.4.0-SNAPSHOT.jar:?]
	at org.apache.hadoop.hdds.server.OzoneProtocolMessageDispatcher.processRequest(OzoneProtocolMessageDispatcher.java:87) [hdds-server-framework-1.4.0-SNAPSHOT.jar:?]
	at org.apache.hadoop.ozone.protocolPB.OzoneManagerProtocolServerSideTranslatorPB.submitRequest(OzoneManagerProtocolServerSideTranslatorPB.java:147) [ozone-manager-1.4.0-SNAPSHOT.jar:?]
	at org.apache.hadoop.ozone.protocol.proto.OzoneManagerProtocolProtos$OzoneManagerService$2.callBlockingMethod(OzoneManagerProtocolProtos.java) [ozone-interface-client-1.4.0-SNAPSHOT.jar:?]
	at org.apache.hadoop.ipc.ProtobufRpcEngine$Server.processCall(ProtobufRpcEngine.java:465) [hadoop-common-3.3.4.jar:?]
	at org.apache.hadoop.ipc.ProtobufRpcEngine2$Server$ProtoBufRpcInvoker.call(ProtobufRpcEngine2.java:578) [hadoop-common-3.3.4.jar:?]
	at org.apache.hadoop.ipc.ProtobufRpcEngine2$Server$ProtoBufRpcInvoker.call(ProtobufRpcEngine2.java:556) [hadoop-common-3.3.4.jar:?]
	at org.apache.hadoop.ipc.RPC$Server.call(RPC.java:1093) [hadoop-common-3.3.4.jar:?]
	at org.apache.hadoop.ipc.Server$RpcCall.run(Server.java:1043) [hadoop-common-3.3.4.jar:?]
	at org.apache.hadoop.ipc.Server$RpcCall.run(Server.java:971) [hadoop-common-3.3.4.jar:?]
	at java.security.AccessController.doPrivileged(Native Method) ~[?:1.8.0_362]
	at javax.security.auth.Subject.doAs(Subject.java:422) [?:1.8.0_362]
	at org.apache.hadoop.security.UserGroupInformation.doAs(UserGroupInformation.java:1878) [hadoop-common-3.3.4.jar:?]
	at org.apache.hadoop.ipc.Server$Handler.run(Server.java:2976) [hadoop-common-3.3.4.jar:?]
2023-02-16 16:34:13,149 [IPC Server handler 19 on default port 46781] ERROR file.OMFileCreateRequest (OMFileCreateRequest.java:validateAndUpdateCache(336)) - File create failed. Volume:volume76608, Bucket:bucket25283, Keyd1/d2/d3/d4/key2.
NOT_A_FILE org.apache.hadoop.ozone.om.exceptions.OMException: Can not write to directory: d1/d2/d3/d4/key2
	at org.apache.hadoop.ozone.om.request.file.OMFileCreateRequest.checkDirectoryResult(OMFileCreateRequest.java:363)
	at org.apache.hadoop.ozone.om.request.file.OMFileCreateRequest.validateAndUpdateCache(OMFileCreateRequest.java:238)
	at org.apache.hadoop.ozone.protocolPB.OzoneManagerRequestHandler.handleWriteRequest(OzoneManagerRequestHandler.java:337)
	at org.apache.hadoop.ozone.protocolPB.OzoneManagerProtocolServerSideTranslatorPB.submitRequestDirectlyToOM(OzoneManagerProtocolServerSideTranslatorPB.java:277)
	at org.apache.hadoop.ozone.protocolPB.OzoneManagerProtocolServerSideTranslatorPB.processRequest(OzoneManagerProtocolServerSideTranslatorPB.java:173)
	at org.apache.hadoop.hdds.server.OzoneProtocolMessageDispatcher.processRequest(OzoneProtocolMessageDispatcher.java:87)
	at org.apache.hadoop.ozone.protocolPB.OzoneManagerProtocolServerSideTranslatorPB.submitRequest(OzoneManagerProtocolServerSideTranslatorPB.java:147)
	at org.apache.hadoop.ozone.protocol.proto.OzoneManagerProtocolProtos$OzoneManagerService$2.callBlockingMethod(OzoneManagerProtocolProtos.java)
	at org.apache.hadoop.ipc.ProtobufRpcEngine$Server.processCall(ProtobufRpcEngine.java:465)
	at org.apache.hadoop.ipc.ProtobufRpcEngine2$Server$ProtoBufRpcInvoker.call(ProtobufRpcEngine2.java:578)
	at org.apache.hadoop.ipc.ProtobufRpcEngine2$Server$ProtoBufRpcInvoker.call(ProtobufRpcEngine2.java:556)
	at org.apache.hadoop.ipc.RPC$Server.call(RPC.java:1093)
	at org.apache.hadoop.ipc.Server$RpcCall.run(Server.java:1043)
	at org.apache.hadoop.ipc.Server$RpcCall.run(Server.java:971)
	at java.security.AccessController.doPrivileged(Native Method)
	at javax.security.auth.Subject.doAs(Subject.java:422)
	at org.apache.hadoop.security.UserGroupInformation.doAs(UserGroupInformation.java:1878)
	at org.apache.hadoop.ipc.Server$Handler.run(Server.java:2976)
2023-02-16 16:34:13,155 [IPC Server handler 17 on default port 46781] INFO  key.OMKeyRequest (OMKeyRequest.java:wrapUncommittedBlocksAsPseudoKey(837)) - Detect allocated but uncommitted blocks [{blockID={containerID=3, localID=111677748019200036}, length=4194304, offset=0, token=null, pipeline=null, createVersion=0, partNumber=0}] in key d1/d2/d3/d4/key3.
16:34:13.156 [IPC Server handler 16 on default port 46781] ERROR OMAudit - user=runner | ip=127.0.0.1 | op=CREATE_DIRECTORY {volume=volume76608, bucket=bucket25283, key=d1/d2/d3/d4/key3, dataSize=0, replicationType=NONE, replicationFactor=ZERO} | ret=FAILURE
org.apache.hadoop.ozone.om.exceptions.OMException: Unable to create directory: d1/d2/d3/d4/key3 in volume/bucket: volume76608/bucket25283
	at org.apache.hadoop.ozone.om.request.file.OMDirectoryCreateRequest.validateAndUpdateCache(OMDirectoryCreateRequest.java:196) ~[ozone-manager-1.4.0-SNAPSHOT.jar:?]
	at org.apache.hadoop.ozone.protocolPB.OzoneManagerRequestHandler.handleWriteRequest(OzoneManagerRequestHandler.java:337) ~[ozone-manager-1.4.0-SNAPSHOT.jar:?]
	at org.apache.hadoop.ozone.protocolPB.OzoneManagerProtocolServerSideTranslatorPB.submitRequestDirectlyToOM(OzoneManagerProtocolServerSideTranslatorPB.java:277) ~[ozone-manager-1.4.0-SNAPSHOT.jar:?]
	at org.apache.hadoop.ozone.protocolPB.OzoneManagerProtocolServerSideTranslatorPB.processRequest(OzoneManagerProtocolServerSideTranslatorPB.java:173) ~[ozone-manager-1.4.0-SNAPSHOT.jar:?]
	at org.apache.hadoop.hdds.server.OzoneProtocolMessageDispatcher.processRequest(OzoneProtocolMessageDispatcher.java:87) [hdds-server-framework-1.4.0-SNAPSHOT.jar:?]
	at org.apache.hadoop.ozone.protocolPB.OzoneManagerProtocolServerSideTranslatorPB.submitRequest(OzoneManagerProtocolServerSideTranslatorPB.java:147) [ozone-manager-1.4.0-SNAPSHOT.jar:?]
	at org.apache.hadoop.ozone.protocol.proto.OzoneManagerProtocolProtos$OzoneManagerService$2.callBlockingMethod(OzoneManagerProtocolProtos.java) [ozone-interface-client-1.4.0-SNAPSHOT.jar:?]
	at org.apache.hadoop.ipc.ProtobufRpcEngine$Server.processCall(ProtobufRpcEngine.java:465) [hadoop-common-3.3.4.jar:?]
	at org.apache.hadoop.ipc.ProtobufRpcEngine2$Server$ProtoBufRpcInvoker.call(ProtobufRpcEngine2.java:578) [hadoop-common-3.3.4.jar:?]
	at org.apache.hadoop.ipc.ProtobufRpcEngine2$Server$ProtoBufRpcInvoker.call(ProtobufRpcEngine2.java:556) [hadoop-common-3.3.4.jar:?]
	at org.apache.hadoop.ipc.RPC$Server.call(RPC.java:1093) [hadoop-common-3.3.4.jar:?]
	at org.apache.hadoop.ipc.Server$RpcCall.run(Server.java:1043) [hadoop-common-3.3.4.jar:?]
	at org.apache.hadoop.ipc.Server$RpcCall.run(Server.java:971) [hadoop-common-3.3.4.jar:?]
	at java.security.AccessController.doPrivileged(Native Method) ~[?:1.8.0_362]
	at javax.security.auth.Subject.doAs(Subject.java:422) [?:1.8.0_362]
	at org.apache.hadoop.security.UserGroupInformation.doAs(UserGroupInformation.java:1878) [hadoop-common-3.3.4.jar:?]
	at org.apache.hadoop.ipc.Server$Handler.run(Server.java:2976) [hadoop-common-3.3.4.jar:?]
2023-02-16 16:34:13,157 [IPC Server handler 16 on default port 46781] ERROR file.OMDirectoryCreateRequest (OMDirectoryCreateRequest.java:logResult(335)) - Directory creation failed. Volume:volume76608, Bucket:bucket25283, Keyd1/d2/d3/d4/key3. Exception:{}
FILE_ALREADY_EXISTS org.apache.hadoop.ozone.om.exceptions.OMException: Unable to create directory: d1/d2/d3/d4/key3 in volume/bucket: volume76608/bucket25283
	at org.apache.hadoop.ozone.om.request.file.OMDirectoryCreateRequest.validateAndUpdateCache(OMDirectoryCreateRequest.java:196)
	at org.apache.hadoop.ozone.protocolPB.OzoneManagerRequestHandler.handleWriteRequest(OzoneManagerRequestHandler.java:337)
	at org.apache.hadoop.ozone.protocolPB.OzoneManagerProtocolServerSideTranslatorPB.submitRequestDirectlyToOM(OzoneManagerProtocolServerSideTranslatorPB.java:277)
	at org.apache.hadoop.ozone.protocolPB.OzoneManagerProtocolServerSideTranslatorPB.processRequest(OzoneManagerProtocolServerSideTranslatorPB.java:173)
	at org.apache.hadoop.hdds.server.OzoneProtocolMessageDispatcher.processRequest(OzoneProtocolMessageDispatcher.java:87)
	at org.apache.hadoop.ozone.protocolPB.OzoneManagerProtocolServerSideTranslatorPB.submitRequest(OzoneManagerProtocolServerSideTranslatorPB.java:147)
	at org.apache.hadoop.ozone.protocol.proto.OzoneManagerProtocolProtos$OzoneManagerService$2.callBlockingMethod(OzoneManagerProtocolProtos.java)
	at org.apache.hadoop.ipc.ProtobufRpcEngine$Server.processCall(ProtobufRpcEngine.java:465)
	at org.apache.hadoop.ipc.ProtobufRpcEngine2$Server$ProtoBufRpcInvoker.call(ProtobufRpcEngine2.java:578)
	at org.apache.hadoop.ipc.ProtobufRpcEngine2$Server$ProtoBufRpcInvoker.call(ProtobufRpcEngine2.java:556)
	at org.apache.hadoop.ipc.RPC$Server.call(RPC.java:1093)
	at org.apache.hadoop.ipc.Server$RpcCall.run(Server.java:1043)
	at org.apache.hadoop.ipc.Server$RpcCall.run(Server.java:971)
	at java.security.AccessController.doPrivileged(Native Method)
	at javax.security.auth.Subject.doAs(Subject.java:422)
	at org.apache.hadoop.security.UserGroupInformation.doAs(UserGroupInformation.java:1878)
	at org.apache.hadoop.ipc.Server$Handler.run(Server.java:2976)
16:34:13.160 [IPC Server handler 13 on default port 46781] ERROR OMAudit - user=runner | ip=127.0.0.1 | op=CREATE_FILE {volume=volume76608, bucket=bucket25283, key=d1/d2/d3, dataSize=4194304, replicationType=RATIS, replicationFactor=THREE} | ret=FAILURE
org.apache.hadoop.ozone.om.exceptions.OMException: Can not write to directory: d1/d2/d3
	at org.apache.hadoop.ozone.om.request.file.OMFileCreateRequest.checkDirectoryResult(OMFileCreateRequest.java:363) ~[ozone-manager-1.4.0-SNAPSHOT.jar:?]
	at org.apache.hadoop.ozone.om.request.file.OMFileCreateRequest.validateAndUpdateCache(OMFileCreateRequest.java:238) ~[ozone-manager-1.4.0-SNAPSHOT.jar:?]
	at org.apache.hadoop.ozone.protocolPB.OzoneManagerRequestHandler.handleWriteRequest(OzoneManagerRequestHandler.java:337) ~[ozone-manager-1.4.0-SNAPSHOT.jar:?]
	at org.apache.hadoop.ozone.protocolPB.OzoneManagerProtocolServerSideTranslatorPB.submitRequestDirectlyToOM(OzoneManagerProtocolServerSideTranslatorPB.java:277) ~[ozone-manager-1.4.0-SNAPSHOT.jar:?]
	at org.apache.hadoop.ozone.protocolPB.OzoneManagerProtocolServerSideTranslatorPB.processRequest(OzoneManagerProtocolServerSideTranslatorPB.java:173) ~[ozone-manager-1.4.0-SNAPSHOT.jar:?]
	at org.apache.hadoop.hdds.server.OzoneProtocolMessageDispatcher.processRequest(OzoneProtocolMessageDispatcher.java:87) [hdds-server-framework-1.4.0-SNAPSHOT.jar:?]
	at org.apache.hadoop.ozone.protocolPB.OzoneManagerProtocolServerSideTranslatorPB.submitRequest(OzoneManagerProtocolServerSideTranslatorPB.java:147) [ozone-manager-1.4.0-SNAPSHOT.jar:?]
	at org.apache.hadoop.ozone.protocol.proto.OzoneManagerProtocolProtos$OzoneManagerService$2.callBlockingMethod(OzoneManagerProtocolProtos.java) [ozone-interface-client-1.4.0-SNAPSHOT.jar:?]
	at org.apache.hadoop.ipc.ProtobufRpcEngine$Server.processCall(ProtobufRpcEngine.java:465) [hadoop-common-3.3.4.jar:?]
	at org.apache.hadoop.ipc.ProtobufRpcEngine2$Server$ProtoBufRpcInvoker.call(ProtobufRpcEngine2.java:578) [hadoop-common-3.3.4.jar:?]
	at org.apache.hadoop.ipc.ProtobufRpcEngine2$Server$ProtoBufRpcInvoker.call(ProtobufRpcEngine2.java:556) [hadoop-common-3.3.4.jar:?]
	at org.apache.hadoop.ipc.RPC$Server.call(RPC.java:1093) [hadoop-common-3.3.4.jar:?]
	at org.apache.hadoop.ipc.Server$RpcCall.run(Server.java:1043) [hadoop-common-3.3.4.jar:?]
	at org.apache.hadoop.ipc.Server$RpcCall.run(Server.java:971) [hadoop-common-3.3.4.jar:?]
	at java.security.AccessController.doPrivileged(Native Method) ~[?:1.8.0_362]
	at javax.security.auth.Subject.doAs(Subject.java:422) [?:1.8.0_362]
	at org.apache.hadoop.security.UserGroupInformation.doAs(UserGroupInformation.java:1878) [hadoop-common-3.3.4.jar:?]
	at org.apache.hadoop.ipc.Server$Handler.run(Server.java:2976) [hadoop-common-3.3.4.jar:?]
2023-02-16 16:34:13,160 [IPC Server handler 13 on default port 46781] ERROR file.OMFileCreateRequest (OMFileCreateRequest.java:validateAndUpdateCache(336)) - File create failed. Volume:volume76608, Bucket:bucket25283, Keyd1/d2/d3.
NOT_A_FILE org.apache.hadoop.ozone.om.exceptions.OMException: Can not write to directory: d1/d2/d3
	at org.apache.hadoop.ozone.om.request.file.OMFileCreateRequest.checkDirectoryResult(OMFileCreateRequest.java:363)
	at org.apache.hadoop.ozone.om.request.file.OMFileCreateRequest.validateAndUpdateCache(OMFileCreateRequest.java:238)
	at org.apache.hadoop.ozone.protocolPB.OzoneManagerRequestHandler.handleWriteRequest(OzoneManagerRequestHandler.java:337)
	at org.apache.hadoop.ozone.protocolPB.OzoneManagerProtocolServerSideTranslatorPB.submitRequestDirectlyToOM(OzoneManagerProtocolServerSideTranslatorPB.java:277)
	at org.apache.hadoop.ozone.protocolPB.OzoneManagerProtocolServerSideTranslatorPB.processRequest(OzoneManagerProtocolServerSideTranslatorPB.java:173)
	at org.apache.hadoop.hdds.server.OzoneProtocolMessageDispatcher.processRequest(OzoneProtocolMessageDispatcher.java:87)
	at org.apache.hadoop.ozone.protocolPB.OzoneManagerProtocolServerSideTranslatorPB.submitRequest(OzoneManagerProtocolServerSideTranslatorPB.java:147)
	at org.apache.hadoop.ozone.protocol.proto.OzoneManagerProtocolProtos$OzoneManagerService$2.callBlockingMethod(OzoneManagerProtocolProtos.java)
	at org.apache.hadoop.ipc.ProtobufRpcEngine$Server.processCall(ProtobufRpcEngine.java:465)
	at org.apache.hadoop.ipc.ProtobufRpcEngine2$Server$ProtoBufRpcInvoker.call(ProtobufRpcEngine2.java:578)
	at org.apache.hadoop.ipc.ProtobufRpcEngine2$Server$ProtoBufRpcInvoker.call(ProtobufRpcEngine2.java:556)
	at org.apache.hadoop.ipc.RPC$Server.call(RPC.java:1093)
	at org.apache.hadoop.ipc.Server$RpcCall.run(Server.java:1043)
	at org.apache.hadoop.ipc.Server$RpcCall.run(Server.java:971)
	at java.security.AccessController.doPrivileged(Native Method)
	at javax.security.auth.Subject.doAs(Subject.java:422)
	at org.apache.hadoop.security.UserGroupInformation.doAs(UserGroupInformation.java:1878)
	at org.apache.hadoop.ipc.Server$Handler.run(Server.java:2976)
16:34:13.162 [IPC Server handler 15 on default port 46781] ERROR OMAudit - user=runner | ip=127.0.0.1 | op=GET_FILE_STATUS {volume=volume76608, bucket=bucket25283, key=d1/d2/d3/d4/key3/invalid, dataSize=0, replicationConfig=null} | ret=FAILURE
org.apache.hadoop.ozone.om.exceptions.OMException: Unable to get file status: volume: volume76608 bucket: bucket25283 key: d1/d2/d3/d4/key3/invalid
	at org.apache.hadoop.ozone.om.KeyManagerImpl.getOzoneFileStatus(KeyManagerImpl.java:1162) ~[ozone-manager-1.4.0-SNAPSHOT.jar:?]
	at org.apache.hadoop.ozone.om.KeyManagerImpl.getFileStatus(KeyManagerImpl.java:1080) ~[ozone-manager-1.4.0-SNAPSHOT.jar:?]
	at org.apache.hadoop.ozone.om.OmMetadataReader.getFileStatus(OmMetadataReader.java:288) ~[ozone-manager-1.4.0-SNAPSHOT.jar:?]
	at org.apache.hadoop.ozone.om.OzoneManager.getFileStatus(OzoneManager.java:3450) ~[ozone-manager-1.4.0-SNAPSHOT.jar:?]
	at org.apache.hadoop.ozone.protocolPB.OzoneManagerRequestHandler.getOzoneFileStatus(OzoneManagerRequestHandler.java:933) ~[ozone-manager-1.4.0-SNAPSHOT.jar:?]
	at org.apache.hadoop.ozone.protocolPB.OzoneManagerRequestHandler.handleReadRequest(OzoneManagerRequestHandler.java:238) ~[ozone-manager-1.4.0-SNAPSHOT.jar:?]
	at org.apache.hadoop.ozone.protocolPB.OzoneManagerProtocolServerSideTranslatorPB.submitRequestDirectlyToOM(OzoneManagerProtocolServerSideTranslatorPB.java:271) ~[ozone-manager-1.4.0-SNAPSHOT.jar:?]
	at org.apache.hadoop.ozone.protocolPB.OzoneManagerProtocolServerSideTranslatorPB.processRequest(OzoneManagerProtocolServerSideTranslatorPB.java:173) ~[ozone-manager-1.4.0-SNAPSHOT.jar:?]
	at org.apache.hadoop.hdds.server.OzoneProtocolMessageDispatcher.processRequest(OzoneProtocolMessageDispatcher.java:87) [hdds-server-framework-1.4.0-SNAPSHOT.jar:?]
	at org.apache.hadoop.ozone.protocolPB.OzoneManagerProtocolServerSideTranslatorPB.submitRequest(OzoneManagerProtocolServerSideTranslatorPB.java:147) [ozone-manager-1.4.0-SNAPSHOT.jar:?]
	at org.apache.hadoop.ozone.protocol.proto.OzoneManagerProtocolProtos$OzoneManagerService$2.callBlockingMethod(OzoneManagerProtocolProtos.java) [ozone-interface-client-1.4.0-SNAPSHOT.jar:?]
	at org.apache.hadoop.ipc.ProtobufRpcEngine$Server.processCall(ProtobufRpcEngine.java:465) [hadoop-common-3.3.4.jar:?]
	at org.apache.hadoop.ipc.ProtobufRpcEngine2$Server$ProtoBufRpcInvoker.call(ProtobufRpcEngine2.java:578) [hadoop-common-3.3.4.jar:?]
	at org.apache.hadoop.ipc.ProtobufRpcEngine2$Server$ProtoBufRpcInvoker.call(ProtobufRpcEngine2.java:556) [hadoop-common-3.3.4.jar:?]
	at org.apache.hadoop.ipc.RPC$Server.call(RPC.java:1093) [hadoop-common-3.3.4.jar:?]
	at org.apache.hadoop.ipc.Server$RpcCall.run(Server.java:1043) [hadoop-common-3.3.4.jar:?]
	at org.apache.hadoop.ipc.Server$RpcCall.run(Server.java:971) [hadoop-common-3.3.4.jar:?]
	at java.security.AccessController.doPrivileged(Native Method) ~[?:1.8.0_362]
	at javax.security.auth.Subject.doAs(Subject.java:422) [?:1.8.0_362]
	at org.apache.hadoop.security.UserGroupInformation.doAs(UserGroupInformation.java:1878) [hadoop-common-3.3.4.jar:?]
	at org.apache.hadoop.ipc.Server$Handler.run(Server.java:2976) [hadoop-common-3.3.4.jar:?]
16:34:13.163 [IPC Server handler 11 on default port 46781] ERROR OMAudit - user=runner | ip=127.0.0.1 | op=GET_FILE_STATUS {volume=volume76608, bucket=bucket25283, key=d1/d2/d3/d4/invalidkey, dataSize=0, replicationConfig=null} | ret=FAILURE
org.apache.hadoop.ozone.om.exceptions.OMException: Unable to get file status: volume: volume76608 bucket: bucket25283 key: d1/d2/d3/d4/invalidkey
	at org.apache.hadoop.ozone.om.KeyManagerImpl.getOzoneFileStatus(KeyManagerImpl.java:1162) ~[ozone-manager-1.4.0-SNAPSHOT.jar:?]
	at org.apache.hadoop.ozone.om.KeyManagerImpl.getFileStatus(KeyManagerImpl.java:1080) ~[ozone-manager-1.4.0-SNAPSHOT.jar:?]
	at org.apache.hadoop.ozone.om.OmMetadataReader.getFileStatus(OmMetadataReader.java:288) ~[ozone-manager-1.4.0-SNAPSHOT.jar:?]
	at org.apache.hadoop.ozone.om.OzoneManager.getFileStatus(OzoneManager.java:3450) ~[ozone-manager-1.4.0-SNAPSHOT.jar:?]
	at org.apache.hadoop.ozone.protocolPB.OzoneManagerRequestHandler.getOzoneFileStatus(OzoneManagerRequestHandler.java:933) ~[ozone-manager-1.4.0-SNAPSHOT.jar:?]
	at org.apache.hadoop.ozone.protocolPB.OzoneManagerRequestHandler.handleReadRequest(OzoneManagerRequestHandler.java:238) ~[ozone-manager-1.4.0-SNAPSHOT.jar:?]
	at org.apache.hadoop.ozone.protocolPB.OzoneManagerProtocolServerSideTranslatorPB.submitRequestDirectlyToOM(OzoneManagerProtocolServerSideTranslatorPB.java:271) ~[ozone-manager-1.4.0-SNAPSHOT.jar:?]
	at org.apache.hadoop.ozone.protocolPB.OzoneManagerProtocolServerSideTranslatorPB.processRequest(OzoneManagerProtocolServerSideTranslatorPB.java:173) ~[ozone-manager-1.4.0-SNAPSHOT.jar:?]
	at org.apache.hadoop.hdds.server.OzoneProtocolMessageDispatcher.processRequest(OzoneProtocolMessageDispatcher.java:87) [hdds-server-framework-1.4.0-SNAPSHOT.jar:?]
	at org.apache.hadoop.ozone.protocolPB.OzoneManagerProtocolServerSideTranslatorPB.submitRequest(OzoneManagerProtocolServerSideTranslatorPB.java:147) [ozone-manager-1.4.0-SNAPSHOT.jar:?]
	at org.apache.hadoop.ozone.protocol.proto.OzoneManagerProtocolProtos$OzoneManagerService$2.callBlockingMethod(OzoneManagerProtocolProtos.java) [ozone-interface-client-1.4.0-SNAPSHOT.jar:?]
	at org.apache.hadoop.ipc.ProtobufRpcEngine$Server.processCall(ProtobufRpcEngine.java:465) [hadoop-common-3.3.4.jar:?]
	at org.apache.hadoop.ipc.ProtobufRpcEngine2$Server$ProtoBufRpcInvoker.call(ProtobufRpcEngine2.java:578) [hadoop-common-3.3.4.jar:?]
	at org.apache.hadoop.ipc.ProtobufRpcEngine2$Server$ProtoBufRpcInvoker.call(ProtobufRpcEngine2.java:556) [hadoop-common-3.3.4.jar:?]
	at org.apache.hadoop.ipc.RPC$Server.call(RPC.java:1093) [hadoop-common-3.3.4.jar:?]
	at org.apache.hadoop.ipc.Server$RpcCall.run(Server.java:1043) [hadoop-common-3.3.4.jar:?]
	at org.apache.hadoop.ipc.Server$RpcCall.run(Server.java:971) [hadoop-common-3.3.4.jar:?]
	at java.security.AccessController.doPrivileged(Native Method) ~[?:1.8.0_362]
	at javax.security.auth.Subject.doAs(Subject.java:422) [?:1.8.0_362]
	at org.apache.hadoop.security.UserGroupInformation.doAs(UserGroupInformation.java:1878) [hadoop-common-3.3.4.jar:?]
	at org.apache.hadoop.ipc.Server$Handler.run(Server.java:2976) [hadoop-common-3.3.4.jar:?]
]]></system-out>
  </testcase>
  <testcase name="testCreateFileShouldCheckExistenceOfDirWithSameName" classname="TestOzoneFileSystem" time="0.025">
    <system-out><![CDATA[2023-02-16 16:35:00,335 [OM StateMachine ApplyTransaction Thread - 0] INFO  key.OMKeyRequest (OMKeyRequest.java:wrapUncommittedBlocksAsPseudoKey(837)) - Detect allocated but uncommitted blocks [{blockID={containerID=2, localID=111677748019200034}, length=4194304, offset=0, token=null, pipeline=null, createVersion=0, partNumber=0}] in key d1/d2/d3/d4/key1.
16:35:00.338 [OM StateMachine ApplyTransaction Thread - 0] ERROR OMAudit - user=runner | ip=127.0.0.1 | op=CREATE_FILE {volume=volume35667, bucket=bucket27185, key=d1/d2/d3/d4/key2, dataSize=4194304, replicationType=RATIS, replicationFactor=THREE} | ret=FAILURE
org.apache.hadoop.ozone.om.exceptions.OMException: Can not write to directory: d1/d2/d3/d4/key2
	at org.apache.hadoop.ozone.om.request.file.OMFileCreateRequest.checkDirectoryResult(OMFileCreateRequest.java:363) ~[ozone-manager-1.4.0-SNAPSHOT.jar:?]
	at org.apache.hadoop.ozone.om.request.file.OMFileCreateRequest.validateAndUpdateCache(OMFileCreateRequest.java:238) ~[ozone-manager-1.4.0-SNAPSHOT.jar:?]
	at org.apache.hadoop.ozone.protocolPB.OzoneManagerRequestHandler.handleWriteRequest(OzoneManagerRequestHandler.java:337) ~[ozone-manager-1.4.0-SNAPSHOT.jar:?]
	at org.apache.hadoop.ozone.om.ratis.OzoneManagerStateMachine.runCommand(OzoneManagerStateMachine.java:533) ~[ozone-manager-1.4.0-SNAPSHOT.jar:?]
	at org.apache.hadoop.ozone.om.ratis.OzoneManagerStateMachine.lambda$1(OzoneManagerStateMachine.java:324) ~[ozone-manager-1.4.0-SNAPSHOT.jar:?]
	at java.util.concurrent.CompletableFuture$AsyncSupply.run(CompletableFuture.java:1604) [?:1.8.0_362]
	at java.util.concurrent.ThreadPoolExecutor.runWorker(ThreadPoolExecutor.java:1149) [?:1.8.0_362]
	at java.util.concurrent.ThreadPoolExecutor$Worker.run(ThreadPoolExecutor.java:624) [?:1.8.0_362]
	at java.lang.Thread.run(Thread.java:750) [?:1.8.0_362]
2023-02-16 16:35:00,338 [OM StateMachine ApplyTransaction Thread - 0] ERROR file.OMFileCreateRequest (OMFileCreateRequest.java:validateAndUpdateCache(336)) - File create failed. Volume:volume35667, Bucket:bucket27185, Keyd1/d2/d3/d4/key2.
NOT_A_FILE org.apache.hadoop.ozone.om.exceptions.OMException: Can not write to directory: d1/d2/d3/d4/key2
	at org.apache.hadoop.ozone.om.request.file.OMFileCreateRequest.checkDirectoryResult(OMFileCreateRequest.java:363)
	at org.apache.hadoop.ozone.om.request.file.OMFileCreateRequest.validateAndUpdateCache(OMFileCreateRequest.java:238)
	at org.apache.hadoop.ozone.protocolPB.OzoneManagerRequestHandler.handleWriteRequest(OzoneManagerRequestHandler.java:337)
	at org.apache.hadoop.ozone.om.ratis.OzoneManagerStateMachine.runCommand(OzoneManagerStateMachine.java:533)
	at org.apache.hadoop.ozone.om.ratis.OzoneManagerStateMachine.lambda$1(OzoneManagerStateMachine.java:324)
	at java.util.concurrent.CompletableFuture$AsyncSupply.run(CompletableFuture.java:1604)
	at java.util.concurrent.ThreadPoolExecutor.runWorker(ThreadPoolExecutor.java:1149)
	at java.util.concurrent.ThreadPoolExecutor$Worker.run(ThreadPoolExecutor.java:624)
	at java.lang.Thread.run(Thread.java:750)
2023-02-16 16:35:00,342 [OM StateMachine ApplyTransaction Thread - 0] INFO  key.OMKeyRequest (OMKeyRequest.java:wrapUncommittedBlocksAsPseudoKey(837)) - Detect allocated but uncommitted blocks [{blockID={containerID=2, localID=111677748019200036}, length=4194304, offset=0, token=null, pipeline=null, createVersion=0, partNumber=0}] in key d1/d2/d3/d4/key3.
16:35:00.344 [OM StateMachine ApplyTransaction Thread - 0] ERROR OMAudit - user=runner | ip=127.0.0.1 | op=CREATE_DIRECTORY {volume=volume35667, bucket=bucket27185, key=d1/d2/d3/d4/key3, dataSize=0, replicationType=NONE, replicationFactor=ZERO} | ret=FAILURE
org.apache.hadoop.ozone.om.exceptions.OMException: Unable to create directory: d1/d2/d3/d4/key3 in volume/bucket: volume35667/bucket27185
	at org.apache.hadoop.ozone.om.request.file.OMDirectoryCreateRequest.validateAndUpdateCache(OMDirectoryCreateRequest.java:196) ~[ozone-manager-1.4.0-SNAPSHOT.jar:?]
	at org.apache.hadoop.ozone.protocolPB.OzoneManagerRequestHandler.handleWriteRequest(OzoneManagerRequestHandler.java:337) ~[ozone-manager-1.4.0-SNAPSHOT.jar:?]
	at org.apache.hadoop.ozone.om.ratis.OzoneManagerStateMachine.runCommand(OzoneManagerStateMachine.java:533) ~[ozone-manager-1.4.0-SNAPSHOT.jar:?]
	at org.apache.hadoop.ozone.om.ratis.OzoneManagerStateMachine.lambda$1(OzoneManagerStateMachine.java:324) ~[ozone-manager-1.4.0-SNAPSHOT.jar:?]
	at java.util.concurrent.CompletableFuture$AsyncSupply.run(CompletableFuture.java:1604) [?:1.8.0_362]
	at java.util.concurrent.ThreadPoolExecutor.runWorker(ThreadPoolExecutor.java:1149) [?:1.8.0_362]
	at java.util.concurrent.ThreadPoolExecutor$Worker.run(ThreadPoolExecutor.java:624) [?:1.8.0_362]
	at java.lang.Thread.run(Thread.java:750) [?:1.8.0_362]
2023-02-16 16:35:00,344 [OM StateMachine ApplyTransaction Thread - 0] ERROR file.OMDirectoryCreateRequest (OMDirectoryCreateRequest.java:logResult(335)) - Directory creation failed. Volume:volume35667, Bucket:bucket27185, Keyd1/d2/d3/d4/key3. Exception:{}
FILE_ALREADY_EXISTS org.apache.hadoop.ozone.om.exceptions.OMException: Unable to create directory: d1/d2/d3/d4/key3 in volume/bucket: volume35667/bucket27185
	at org.apache.hadoop.ozone.om.request.file.OMDirectoryCreateRequest.validateAndUpdateCache(OMDirectoryCreateRequest.java:196)
	at org.apache.hadoop.ozone.protocolPB.OzoneManagerRequestHandler.handleWriteRequest(OzoneManagerRequestHandler.java:337)
	at org.apache.hadoop.ozone.om.ratis.OzoneManagerStateMachine.runCommand(OzoneManagerStateMachine.java:533)
	at org.apache.hadoop.ozone.om.ratis.OzoneManagerStateMachine.lambda$1(OzoneManagerStateMachine.java:324)
	at java.util.concurrent.CompletableFuture$AsyncSupply.run(CompletableFuture.java:1604)
	at java.util.concurrent.ThreadPoolExecutor.runWorker(ThreadPoolExecutor.java:1149)
	at java.util.concurrent.ThreadPoolExecutor$Worker.run(ThreadPoolExecutor.java:624)
	at java.lang.Thread.run(Thread.java:750)
16:35:00.347 [OM StateMachine ApplyTransaction Thread - 0] ERROR OMAudit - user=runner | ip=127.0.0.1 | op=CREATE_FILE {volume=volume35667, bucket=bucket27185, key=d1/d2/d3, dataSize=4194304, replicationType=RATIS, replicationFactor=THREE} | ret=FAILURE
org.apache.hadoop.ozone.om.exceptions.OMException: Can not write to directory: d1/d2/d3
	at org.apache.hadoop.ozone.om.request.file.OMFileCreateRequest.checkDirectoryResult(OMFileCreateRequest.java:363) ~[ozone-manager-1.4.0-SNAPSHOT.jar:?]
	at org.apache.hadoop.ozone.om.request.file.OMFileCreateRequest.validateAndUpdateCache(OMFileCreateRequest.java:238) ~[ozone-manager-1.4.0-SNAPSHOT.jar:?]
	at org.apache.hadoop.ozone.protocolPB.OzoneManagerRequestHandler.handleWriteRequest(OzoneManagerRequestHandler.java:337) ~[ozone-manager-1.4.0-SNAPSHOT.jar:?]
	at org.apache.hadoop.ozone.om.ratis.OzoneManagerStateMachine.runCommand(OzoneManagerStateMachine.java:533) ~[ozone-manager-1.4.0-SNAPSHOT.jar:?]
	at org.apache.hadoop.ozone.om.ratis.OzoneManagerStateMachine.lambda$1(OzoneManagerStateMachine.java:324) ~[ozone-manager-1.4.0-SNAPSHOT.jar:?]
	at java.util.concurrent.CompletableFuture$AsyncSupply.run(CompletableFuture.java:1604) [?:1.8.0_362]
	at java.util.concurrent.ThreadPoolExecutor.runWorker(ThreadPoolExecutor.java:1149) [?:1.8.0_362]
	at java.util.concurrent.ThreadPoolExecutor$Worker.run(ThreadPoolExecutor.java:624) [?:1.8.0_362]
	at java.lang.Thread.run(Thread.java:750) [?:1.8.0_362]
2023-02-16 16:35:00,347 [OM StateMachine ApplyTransaction Thread - 0] ERROR file.OMFileCreateRequest (OMFileCreateRequest.java:validateAndUpdateCache(336)) - File create failed. Volume:volume35667, Bucket:bucket27185, Keyd1/d2/d3.
NOT_A_FILE org.apache.hadoop.ozone.om.exceptions.OMException: Can not write to directory: d1/d2/d3
	at org.apache.hadoop.ozone.om.request.file.OMFileCreateRequest.checkDirectoryResult(OMFileCreateRequest.java:363)
	at org.apache.hadoop.ozone.om.request.file.OMFileCreateRequest.validateAndUpdateCache(OMFileCreateRequest.java:238)
	at org.apache.hadoop.ozone.protocolPB.OzoneManagerRequestHandler.handleWriteRequest(OzoneManagerRequestHandler.java:337)
	at org.apache.hadoop.ozone.om.ratis.OzoneManagerStateMachine.runCommand(OzoneManagerStateMachine.java:533)
	at org.apache.hadoop.ozone.om.ratis.OzoneManagerStateMachine.lambda$1(OzoneManagerStateMachine.java:324)
	at java.util.concurrent.CompletableFuture$AsyncSupply.run(CompletableFuture.java:1604)
	at java.util.concurrent.ThreadPoolExecutor.runWorker(ThreadPoolExecutor.java:1149)
	at java.util.concurrent.ThreadPoolExecutor$Worker.run(ThreadPoolExecutor.java:624)
	at java.lang.Thread.run(Thread.java:750)
16:35:00.348 [IPC Server handler 14 on default port 44851] ERROR OMAudit - user=runner | ip=127.0.0.1 | op=GET_FILE_STATUS {volume=volume35667, bucket=bucket27185, key=d1/d2/d3/d4/key3/invalid, dataSize=0, replicationConfig=null} | ret=FAILURE
org.apache.hadoop.ozone.om.exceptions.OMException: Unable to get file status: volume: volume35667 bucket: bucket27185 key: d1/d2/d3/d4/key3/invalid
	at org.apache.hadoop.ozone.om.KeyManagerImpl.getOzoneFileStatus(KeyManagerImpl.java:1162) ~[ozone-manager-1.4.0-SNAPSHOT.jar:?]
	at org.apache.hadoop.ozone.om.KeyManagerImpl.getFileStatus(KeyManagerImpl.java:1080) ~[ozone-manager-1.4.0-SNAPSHOT.jar:?]
	at org.apache.hadoop.ozone.om.OmMetadataReader.getFileStatus(OmMetadataReader.java:288) ~[ozone-manager-1.4.0-SNAPSHOT.jar:?]
	at org.apache.hadoop.ozone.om.OzoneManager.getFileStatus(OzoneManager.java:3450) ~[ozone-manager-1.4.0-SNAPSHOT.jar:?]
	at org.apache.hadoop.ozone.protocolPB.OzoneManagerRequestHandler.getOzoneFileStatus(OzoneManagerRequestHandler.java:933) ~[ozone-manager-1.4.0-SNAPSHOT.jar:?]
	at org.apache.hadoop.ozone.protocolPB.OzoneManagerRequestHandler.handleReadRequest(OzoneManagerRequestHandler.java:238) ~[ozone-manager-1.4.0-SNAPSHOT.jar:?]
	at org.apache.hadoop.ozone.protocolPB.OzoneManagerProtocolServerSideTranslatorPB.submitReadRequestToOM(OzoneManagerProtocolServerSideTranslatorPB.java:223) ~[ozone-manager-1.4.0-SNAPSHOT.jar:?]
	at org.apache.hadoop.ozone.protocolPB.OzoneManagerProtocolServerSideTranslatorPB.processRequest(OzoneManagerProtocolServerSideTranslatorPB.java:177) ~[ozone-manager-1.4.0-SNAPSHOT.jar:?]
	at org.apache.hadoop.hdds.server.OzoneProtocolMessageDispatcher.processRequest(OzoneProtocolMessageDispatcher.java:87) [hdds-server-framework-1.4.0-SNAPSHOT.jar:?]
	at org.apache.hadoop.ozone.protocolPB.OzoneManagerProtocolServerSideTranslatorPB.submitRequest(OzoneManagerProtocolServerSideTranslatorPB.java:147) [ozone-manager-1.4.0-SNAPSHOT.jar:?]
	at org.apache.hadoop.ozone.protocol.proto.OzoneManagerProtocolProtos$OzoneManagerService$2.callBlockingMethod(OzoneManagerProtocolProtos.java) [ozone-interface-client-1.4.0-SNAPSHOT.jar:?]
	at org.apache.hadoop.ipc.ProtobufRpcEngine$Server.processCall(ProtobufRpcEngine.java:465) [hadoop-common-3.3.4.jar:?]
	at org.apache.hadoop.ipc.ProtobufRpcEngine2$Server$ProtoBufRpcInvoker.call(ProtobufRpcEngine2.java:578) [hadoop-common-3.3.4.jar:?]
	at org.apache.hadoop.ipc.ProtobufRpcEngine2$Server$ProtoBufRpcInvoker.call(ProtobufRpcEngine2.java:556) [hadoop-common-3.3.4.jar:?]
	at org.apache.hadoop.ipc.RPC$Server.call(RPC.java:1093) [hadoop-common-3.3.4.jar:?]
	at org.apache.hadoop.ipc.Server$RpcCall.run(Server.java:1043) [hadoop-common-3.3.4.jar:?]
	at org.apache.hadoop.ipc.Server$RpcCall.run(Server.java:971) [hadoop-common-3.3.4.jar:?]
	at java.security.AccessController.doPrivileged(Native Method) ~[?:1.8.0_362]
	at javax.security.auth.Subject.doAs(Subject.java:422) [?:1.8.0_362]
	at org.apache.hadoop.security.UserGroupInformation.doAs(UserGroupInformation.java:1878) [hadoop-common-3.3.4.jar:?]
	at org.apache.hadoop.ipc.Server$Handler.run(Server.java:2976) [hadoop-common-3.3.4.jar:?]
16:35:00.348 [IPC Server handler 13 on default port 44851] ERROR OMAudit - user=runner | ip=127.0.0.1 | op=GET_FILE_STATUS {volume=volume35667, bucket=bucket27185, key=d1/d2/d3/d4/invalidkey, dataSize=0, replicationConfig=null} | ret=FAILURE
org.apache.hadoop.ozone.om.exceptions.OMException: Unable to get file status: volume: volume35667 bucket: bucket27185 key: d1/d2/d3/d4/invalidkey
	at org.apache.hadoop.ozone.om.KeyManagerImpl.getOzoneFileStatus(KeyManagerImpl.java:1162) ~[ozone-manager-1.4.0-SNAPSHOT.jar:?]
	at org.apache.hadoop.ozone.om.KeyManagerImpl.getFileStatus(KeyManagerImpl.java:1080) ~[ozone-manager-1.4.0-SNAPSHOT.jar:?]
	at org.apache.hadoop.ozone.om.OmMetadataReader.getFileStatus(OmMetadataReader.java:288) ~[ozone-manager-1.4.0-SNAPSHOT.jar:?]
	at org.apache.hadoop.ozone.om.OzoneManager.getFileStatus(OzoneManager.java:3450) ~[ozone-manager-1.4.0-SNAPSHOT.jar:?]
	at org.apache.hadoop.ozone.protocolPB.OzoneManagerRequestHandler.getOzoneFileStatus(OzoneManagerRequestHandler.java:933) ~[ozone-manager-1.4.0-SNAPSHOT.jar:?]
	at org.apache.hadoop.ozone.protocolPB.OzoneManagerRequestHandler.handleReadRequest(OzoneManagerRequestHandler.java:238) ~[ozone-manager-1.4.0-SNAPSHOT.jar:?]
	at org.apache.hadoop.ozone.protocolPB.OzoneManagerProtocolServerSideTranslatorPB.submitReadRequestToOM(OzoneManagerProtocolServerSideTranslatorPB.java:223) ~[ozone-manager-1.4.0-SNAPSHOT.jar:?]
	at org.apache.hadoop.ozone.protocolPB.OzoneManagerProtocolServerSideTranslatorPB.processRequest(OzoneManagerProtocolServerSideTranslatorPB.java:177) ~[ozone-manager-1.4.0-SNAPSHOT.jar:?]
	at org.apache.hadoop.hdds.server.OzoneProtocolMessageDispatcher.processRequest(OzoneProtocolMessageDispatcher.java:87) [hdds-server-framework-1.4.0-SNAPSHOT.jar:?]
	at org.apache.hadoop.ozone.protocolPB.OzoneManagerProtocolServerSideTranslatorPB.submitRequest(OzoneManagerProtocolServerSideTranslatorPB.java:147) [ozone-manager-1.4.0-SNAPSHOT.jar:?]
	at org.apache.hadoop.ozone.protocol.proto.OzoneManagerProtocolProtos$OzoneManagerService$2.callBlockingMethod(OzoneManagerProtocolProtos.java) [ozone-interface-client-1.4.0-SNAPSHOT.jar:?]
	at org.apache.hadoop.ipc.ProtobufRpcEngine$Server.processCall(ProtobufRpcEngine.java:465) [hadoop-common-3.3.4.jar:?]
	at org.apache.hadoop.ipc.ProtobufRpcEngine2$Server$ProtoBufRpcInvoker.call(ProtobufRpcEngine2.java:578) [hadoop-common-3.3.4.jar:?]
	at org.apache.hadoop.ipc.ProtobufRpcEngine2$Server$ProtoBufRpcInvoker.call(ProtobufRpcEngine2.java:556) [hadoop-common-3.3.4.jar:?]
	at org.apache.hadoop.ipc.RPC$Server.call(RPC.java:1093) [hadoop-common-3.3.4.jar:?]
	at org.apache.hadoop.ipc.Server$RpcCall.run(Server.java:1043) [hadoop-common-3.3.4.jar:?]
	at org.apache.hadoop.ipc.Server$RpcCall.run(Server.java:971) [hadoop-common-3.3.4.jar:?]
	at java.security.AccessController.doPrivileged(Native Method) ~[?:1.8.0_362]
	at javax.security.auth.Subject.doAs(Subject.java:422) [?:1.8.0_362]
	at org.apache.hadoop.security.UserGroupInformation.doAs(UserGroupInformation.java:1878) [hadoop-common-3.3.4.jar:?]
	at org.apache.hadoop.ipc.Server$Handler.run(Server.java:2976) [hadoop-common-3.3.4.jar:?]
]]></system-out>
  </testcase>
  <testcase name="testCreateFileShouldCheckExistenceOfDirWithSameName" classname="TestOzoneFileSystem" time="0.02">
    <system-out><![CDATA[2023-02-16 16:35:51,297 [IPC Server handler 17 on default port 38619] INFO  key.OMKeyRequest (OMKeyRequest.java:wrapUncommittedBlocksAsPseudoKey(837)) - Detect allocated but uncommitted blocks [{blockID={containerID=4, localID=111677748019200034}, length=4194304, offset=0, token=null, pipeline=null, createVersion=0, partNumber=0}] in key d1/d2/d3/d4/key1.
16:35:51.299 [IPC Server handler 19 on default port 38619] ERROR OMAudit - user=runner | ip=127.0.0.1 | op=CREATE_FILE {volume=volume78724, bucket=bucket78568, key=d1/d2/d3/d4/key2, dataSize=4194304, replicationType=RATIS, replicationFactor=THREE} | ret=FAILURE
org.apache.hadoop.ozone.om.exceptions.OMException: Can not write to directory: d1/d2/d3/d4/key2
	at org.apache.hadoop.ozone.om.request.file.OMFileCreateRequest.checkDirectoryResult(OMFileCreateRequest.java:363) ~[ozone-manager-1.4.0-SNAPSHOT.jar:?]
	at org.apache.hadoop.ozone.om.request.file.OMFileCreateRequest.validateAndUpdateCache(OMFileCreateRequest.java:238) ~[ozone-manager-1.4.0-SNAPSHOT.jar:?]
	at org.apache.hadoop.ozone.protocolPB.OzoneManagerRequestHandler.handleWriteRequest(OzoneManagerRequestHandler.java:337) ~[ozone-manager-1.4.0-SNAPSHOT.jar:?]
	at org.apache.hadoop.ozone.protocolPB.OzoneManagerProtocolServerSideTranslatorPB.submitRequestDirectlyToOM(OzoneManagerProtocolServerSideTranslatorPB.java:277) ~[ozone-manager-1.4.0-SNAPSHOT.jar:?]
	at org.apache.hadoop.ozone.protocolPB.OzoneManagerProtocolServerSideTranslatorPB.processRequest(OzoneManagerProtocolServerSideTranslatorPB.java:173) ~[ozone-manager-1.4.0-SNAPSHOT.jar:?]
	at org.apache.hadoop.hdds.server.OzoneProtocolMessageDispatcher.processRequest(OzoneProtocolMessageDispatcher.java:87) [hdds-server-framework-1.4.0-SNAPSHOT.jar:?]
	at org.apache.hadoop.ozone.protocolPB.OzoneManagerProtocolServerSideTranslatorPB.submitRequest(OzoneManagerProtocolServerSideTranslatorPB.java:147) [ozone-manager-1.4.0-SNAPSHOT.jar:?]
	at org.apache.hadoop.ozone.protocol.proto.OzoneManagerProtocolProtos$OzoneManagerService$2.callBlockingMethod(OzoneManagerProtocolProtos.java) [ozone-interface-client-1.4.0-SNAPSHOT.jar:?]
	at org.apache.hadoop.ipc.ProtobufRpcEngine$Server.processCall(ProtobufRpcEngine.java:465) [hadoop-common-3.3.4.jar:?]
	at org.apache.hadoop.ipc.ProtobufRpcEngine2$Server$ProtoBufRpcInvoker.call(ProtobufRpcEngine2.java:578) [hadoop-common-3.3.4.jar:?]
	at org.apache.hadoop.ipc.ProtobufRpcEngine2$Server$ProtoBufRpcInvoker.call(ProtobufRpcEngine2.java:556) [hadoop-common-3.3.4.jar:?]
	at org.apache.hadoop.ipc.RPC$Server.call(RPC.java:1093) [hadoop-common-3.3.4.jar:?]
	at org.apache.hadoop.ipc.Server$RpcCall.run(Server.java:1043) [hadoop-common-3.3.4.jar:?]
	at org.apache.hadoop.ipc.Server$RpcCall.run(Server.java:971) [hadoop-common-3.3.4.jar:?]
	at java.security.AccessController.doPrivileged(Native Method) ~[?:1.8.0_362]
	at javax.security.auth.Subject.doAs(Subject.java:422) [?:1.8.0_362]
	at org.apache.hadoop.security.UserGroupInformation.doAs(UserGroupInformation.java:1878) [hadoop-common-3.3.4.jar:?]
	at org.apache.hadoop.ipc.Server$Handler.run(Server.java:2976) [hadoop-common-3.3.4.jar:?]
2023-02-16 16:35:51,300 [IPC Server handler 19 on default port 38619] ERROR file.OMFileCreateRequest (OMFileCreateRequest.java:validateAndUpdateCache(336)) - File create failed. Volume:volume78724, Bucket:bucket78568, Keyd1/d2/d3/d4/key2.
NOT_A_FILE org.apache.hadoop.ozone.om.exceptions.OMException: Can not write to directory: d1/d2/d3/d4/key2
	at org.apache.hadoop.ozone.om.request.file.OMFileCreateRequest.checkDirectoryResult(OMFileCreateRequest.java:363)
	at org.apache.hadoop.ozone.om.request.file.OMFileCreateRequest.validateAndUpdateCache(OMFileCreateRequest.java:238)
	at org.apache.hadoop.ozone.protocolPB.OzoneManagerRequestHandler.handleWriteRequest(OzoneManagerRequestHandler.java:337)
	at org.apache.hadoop.ozone.protocolPB.OzoneManagerProtocolServerSideTranslatorPB.submitRequestDirectlyToOM(OzoneManagerProtocolServerSideTranslatorPB.java:277)
	at org.apache.hadoop.ozone.protocolPB.OzoneManagerProtocolServerSideTranslatorPB.processRequest(OzoneManagerProtocolServerSideTranslatorPB.java:173)
	at org.apache.hadoop.hdds.server.OzoneProtocolMessageDispatcher.processRequest(OzoneProtocolMessageDispatcher.java:87)
	at org.apache.hadoop.ozone.protocolPB.OzoneManagerProtocolServerSideTranslatorPB.submitRequest(OzoneManagerProtocolServerSideTranslatorPB.java:147)
	at org.apache.hadoop.ozone.protocol.proto.OzoneManagerProtocolProtos$OzoneManagerService$2.callBlockingMethod(OzoneManagerProtocolProtos.java)
	at org.apache.hadoop.ipc.ProtobufRpcEngine$Server.processCall(ProtobufRpcEngine.java:465)
	at org.apache.hadoop.ipc.ProtobufRpcEngine2$Server$ProtoBufRpcInvoker.call(ProtobufRpcEngine2.java:578)
	at org.apache.hadoop.ipc.ProtobufRpcEngine2$Server$ProtoBufRpcInvoker.call(ProtobufRpcEngine2.java:556)
	at org.apache.hadoop.ipc.RPC$Server.call(RPC.java:1093)
	at org.apache.hadoop.ipc.Server$RpcCall.run(Server.java:1043)
	at org.apache.hadoop.ipc.Server$RpcCall.run(Server.java:971)
	at java.security.AccessController.doPrivileged(Native Method)
	at javax.security.auth.Subject.doAs(Subject.java:422)
	at org.apache.hadoop.security.UserGroupInformation.doAs(UserGroupInformation.java:1878)
	at org.apache.hadoop.ipc.Server$Handler.run(Server.java:2976)
2023-02-16 16:35:51,302 [IPC Server handler 1 on default port 38619] INFO  key.OMKeyRequest (OMKeyRequest.java:wrapUncommittedBlocksAsPseudoKey(837)) - Detect allocated but uncommitted blocks [{blockID={containerID=2, localID=111677748019200036}, length=4194304, offset=0, token=null, pipeline=null, createVersion=0, partNumber=0}] in key d1/d2/d3/d4/key3.
16:35:51.303 [IPC Server handler 2 on default port 38619] ERROR OMAudit - user=runner | ip=127.0.0.1 | op=CREATE_DIRECTORY {volume=volume78724, bucket=bucket78568, key=d1/d2/d3/d4/key3, dataSize=0, replicationType=NONE, replicationFactor=ZERO} | ret=FAILURE
org.apache.hadoop.ozone.om.exceptions.OMException: Unable to create directory: d1/d2/d3/d4/key3 in volume/bucket: volume78724/bucket78568
	at org.apache.hadoop.ozone.om.request.file.OMDirectoryCreateRequest.validateAndUpdateCache(OMDirectoryCreateRequest.java:196) ~[ozone-manager-1.4.0-SNAPSHOT.jar:?]
	at org.apache.hadoop.ozone.protocolPB.OzoneManagerRequestHandler.handleWriteRequest(OzoneManagerRequestHandler.java:337) ~[ozone-manager-1.4.0-SNAPSHOT.jar:?]
	at org.apache.hadoop.ozone.protocolPB.OzoneManagerProtocolServerSideTranslatorPB.submitRequestDirectlyToOM(OzoneManagerProtocolServerSideTranslatorPB.java:277) ~[ozone-manager-1.4.0-SNAPSHOT.jar:?]
	at org.apache.hadoop.ozone.protocolPB.OzoneManagerProtocolServerSideTranslatorPB.processRequest(OzoneManagerProtocolServerSideTranslatorPB.java:173) ~[ozone-manager-1.4.0-SNAPSHOT.jar:?]
	at org.apache.hadoop.hdds.server.OzoneProtocolMessageDispatcher.processRequest(OzoneProtocolMessageDispatcher.java:87) [hdds-server-framework-1.4.0-SNAPSHOT.jar:?]
	at org.apache.hadoop.ozone.protocolPB.OzoneManagerProtocolServerSideTranslatorPB.submitRequest(OzoneManagerProtocolServerSideTranslatorPB.java:147) [ozone-manager-1.4.0-SNAPSHOT.jar:?]
	at org.apache.hadoop.ozone.protocol.proto.OzoneManagerProtocolProtos$OzoneManagerService$2.callBlockingMethod(OzoneManagerProtocolProtos.java) [ozone-interface-client-1.4.0-SNAPSHOT.jar:?]
	at org.apache.hadoop.ipc.ProtobufRpcEngine$Server.processCall(ProtobufRpcEngine.java:465) [hadoop-common-3.3.4.jar:?]
	at org.apache.hadoop.ipc.ProtobufRpcEngine2$Server$ProtoBufRpcInvoker.call(ProtobufRpcEngine2.java:578) [hadoop-common-3.3.4.jar:?]
	at org.apache.hadoop.ipc.ProtobufRpcEngine2$Server$ProtoBufRpcInvoker.call(ProtobufRpcEngine2.java:556) [hadoop-common-3.3.4.jar:?]
	at org.apache.hadoop.ipc.RPC$Server.call(RPC.java:1093) [hadoop-common-3.3.4.jar:?]
	at org.apache.hadoop.ipc.Server$RpcCall.run(Server.java:1043) [hadoop-common-3.3.4.jar:?]
	at org.apache.hadoop.ipc.Server$RpcCall.run(Server.java:971) [hadoop-common-3.3.4.jar:?]
	at java.security.AccessController.doPrivileged(Native Method) ~[?:1.8.0_362]
	at javax.security.auth.Subject.doAs(Subject.java:422) [?:1.8.0_362]
	at org.apache.hadoop.security.UserGroupInformation.doAs(UserGroupInformation.java:1878) [hadoop-common-3.3.4.jar:?]
	at org.apache.hadoop.ipc.Server$Handler.run(Server.java:2976) [hadoop-common-3.3.4.jar:?]
2023-02-16 16:35:51,303 [IPC Server handler 2 on default port 38619] ERROR file.OMDirectoryCreateRequest (OMDirectoryCreateRequest.java:logResult(335)) - Directory creation failed. Volume:volume78724, Bucket:bucket78568, Keyd1/d2/d3/d4/key3. Exception:{}
FILE_ALREADY_EXISTS org.apache.hadoop.ozone.om.exceptions.OMException: Unable to create directory: d1/d2/d3/d4/key3 in volume/bucket: volume78724/bucket78568
	at org.apache.hadoop.ozone.om.request.file.OMDirectoryCreateRequest.validateAndUpdateCache(OMDirectoryCreateRequest.java:196)
	at org.apache.hadoop.ozone.protocolPB.OzoneManagerRequestHandler.handleWriteRequest(OzoneManagerRequestHandler.java:337)
	at org.apache.hadoop.ozone.protocolPB.OzoneManagerProtocolServerSideTranslatorPB.submitRequestDirectlyToOM(OzoneManagerProtocolServerSideTranslatorPB.java:277)
	at org.apache.hadoop.ozone.protocolPB.OzoneManagerProtocolServerSideTranslatorPB.processRequest(OzoneManagerProtocolServerSideTranslatorPB.java:173)
	at org.apache.hadoop.hdds.server.OzoneProtocolMessageDispatcher.processRequest(OzoneProtocolMessageDispatcher.java:87)
	at org.apache.hadoop.ozone.protocolPB.OzoneManagerProtocolServerSideTranslatorPB.submitRequest(OzoneManagerProtocolServerSideTranslatorPB.java:147)
	at org.apache.hadoop.ozone.protocol.proto.OzoneManagerProtocolProtos$OzoneManagerService$2.callBlockingMethod(OzoneManagerProtocolProtos.java)
	at org.apache.hadoop.ipc.ProtobufRpcEngine$Server.processCall(ProtobufRpcEngine.java:465)
	at org.apache.hadoop.ipc.ProtobufRpcEngine2$Server$ProtoBufRpcInvoker.call(ProtobufRpcEngine2.java:578)
	at org.apache.hadoop.ipc.ProtobufRpcEngine2$Server$ProtoBufRpcInvoker.call(ProtobufRpcEngine2.java:556)
	at org.apache.hadoop.ipc.RPC$Server.call(RPC.java:1093)
	at org.apache.hadoop.ipc.Server$RpcCall.run(Server.java:1043)
	at org.apache.hadoop.ipc.Server$RpcCall.run(Server.java:971)
	at java.security.AccessController.doPrivileged(Native Method)
	at javax.security.auth.Subject.doAs(Subject.java:422)
	at org.apache.hadoop.security.UserGroupInformation.doAs(UserGroupInformation.java:1878)
	at org.apache.hadoop.ipc.Server$Handler.run(Server.java:2976)
16:35:51.304 [IPC Server handler 3 on default port 38619] ERROR OMAudit - user=runner | ip=127.0.0.1 | op=CREATE_FILE {volume=volume78724, bucket=bucket78568, key=d1/d2/d3, dataSize=4194304, replicationType=RATIS, replicationFactor=THREE} | ret=FAILURE
org.apache.hadoop.ozone.om.exceptions.OMException: Can not write to directory: d1/d2/d3
	at org.apache.hadoop.ozone.om.request.file.OMFileCreateRequest.checkDirectoryResult(OMFileCreateRequest.java:363) ~[ozone-manager-1.4.0-SNAPSHOT.jar:?]
	at org.apache.hadoop.ozone.om.request.file.OMFileCreateRequest.validateAndUpdateCache(OMFileCreateRequest.java:238) ~[ozone-manager-1.4.0-SNAPSHOT.jar:?]
	at org.apache.hadoop.ozone.protocolPB.OzoneManagerRequestHandler.handleWriteRequest(OzoneManagerRequestHandler.java:337) ~[ozone-manager-1.4.0-SNAPSHOT.jar:?]
	at org.apache.hadoop.ozone.protocolPB.OzoneManagerProtocolServerSideTranslatorPB.submitRequestDirectlyToOM(OzoneManagerProtocolServerSideTranslatorPB.java:277) ~[ozone-manager-1.4.0-SNAPSHOT.jar:?]
	at org.apache.hadoop.ozone.protocolPB.OzoneManagerProtocolServerSideTranslatorPB.processRequest(OzoneManagerProtocolServerSideTranslatorPB.java:173) ~[ozone-manager-1.4.0-SNAPSHOT.jar:?]
	at org.apache.hadoop.hdds.server.OzoneProtocolMessageDispatcher.processRequest(OzoneProtocolMessageDispatcher.java:87) [hdds-server-framework-1.4.0-SNAPSHOT.jar:?]
	at org.apache.hadoop.ozone.protocolPB.OzoneManagerProtocolServerSideTranslatorPB.submitRequest(OzoneManagerProtocolServerSideTranslatorPB.java:147) [ozone-manager-1.4.0-SNAPSHOT.jar:?]
	at org.apache.hadoop.ozone.protocol.proto.OzoneManagerProtocolProtos$OzoneManagerService$2.callBlockingMethod(OzoneManagerProtocolProtos.java) [ozone-interface-client-1.4.0-SNAPSHOT.jar:?]
	at org.apache.hadoop.ipc.ProtobufRpcEngine$Server.processCall(ProtobufRpcEngine.java:465) [hadoop-common-3.3.4.jar:?]
	at org.apache.hadoop.ipc.ProtobufRpcEngine2$Server$ProtoBufRpcInvoker.call(ProtobufRpcEngine2.java:578) [hadoop-common-3.3.4.jar:?]
	at org.apache.hadoop.ipc.ProtobufRpcEngine2$Server$ProtoBufRpcInvoker.call(ProtobufRpcEngine2.java:556) [hadoop-common-3.3.4.jar:?]
	at org.apache.hadoop.ipc.RPC$Server.call(RPC.java:1093) [hadoop-common-3.3.4.jar:?]
	at org.apache.hadoop.ipc.Server$RpcCall.run(Server.java:1043) [hadoop-common-3.3.4.jar:?]
	at org.apache.hadoop.ipc.Server$RpcCall.run(Server.java:971) [hadoop-common-3.3.4.jar:?]
	at java.security.AccessController.doPrivileged(Native Method) ~[?:1.8.0_362]
	at javax.security.auth.Subject.doAs(Subject.java:422) [?:1.8.0_362]
	at org.apache.hadoop.security.UserGroupInformation.doAs(UserGroupInformation.java:1878) [hadoop-common-3.3.4.jar:?]
	at org.apache.hadoop.ipc.Server$Handler.run(Server.java:2976) [hadoop-common-3.3.4.jar:?]
2023-02-16 16:35:51,305 [IPC Server handler 3 on default port 38619] ERROR file.OMFileCreateRequest (OMFileCreateRequest.java:validateAndUpdateCache(336)) - File create failed. Volume:volume78724, Bucket:bucket78568, Keyd1/d2/d3.
NOT_A_FILE org.apache.hadoop.ozone.om.exceptions.OMException: Can not write to directory: d1/d2/d3
	at org.apache.hadoop.ozone.om.request.file.OMFileCreateRequest.checkDirectoryResult(OMFileCreateRequest.java:363)
	at org.apache.hadoop.ozone.om.request.file.OMFileCreateRequest.validateAndUpdateCache(OMFileCreateRequest.java:238)
	at org.apache.hadoop.ozone.protocolPB.OzoneManagerRequestHandler.handleWriteRequest(OzoneManagerRequestHandler.java:337)
	at org.apache.hadoop.ozone.protocolPB.OzoneManagerProtocolServerSideTranslatorPB.submitRequestDirectlyToOM(OzoneManagerProtocolServerSideTranslatorPB.java:277)
	at org.apache.hadoop.ozone.protocolPB.OzoneManagerProtocolServerSideTranslatorPB.processRequest(OzoneManagerProtocolServerSideTranslatorPB.java:173)
	at org.apache.hadoop.hdds.server.OzoneProtocolMessageDispatcher.processRequest(OzoneProtocolMessageDispatcher.java:87)
	at org.apache.hadoop.ozone.protocolPB.OzoneManagerProtocolServerSideTranslatorPB.submitRequest(OzoneManagerProtocolServerSideTranslatorPB.java:147)
	at org.apache.hadoop.ozone.protocol.proto.OzoneManagerProtocolProtos$OzoneManagerService$2.callBlockingMethod(OzoneManagerProtocolProtos.java)
	at org.apache.hadoop.ipc.ProtobufRpcEngine$Server.processCall(ProtobufRpcEngine.java:465)
	at org.apache.hadoop.ipc.ProtobufRpcEngine2$Server$ProtoBufRpcInvoker.call(ProtobufRpcEngine2.java:578)
	at org.apache.hadoop.ipc.ProtobufRpcEngine2$Server$ProtoBufRpcInvoker.call(ProtobufRpcEngine2.java:556)
	at org.apache.hadoop.ipc.RPC$Server.call(RPC.java:1093)
	at org.apache.hadoop.ipc.Server$RpcCall.run(Server.java:1043)
	at org.apache.hadoop.ipc.Server$RpcCall.run(Server.java:971)
	at java.security.AccessController.doPrivileged(Native Method)
	at javax.security.auth.Subject.doAs(Subject.java:422)
	at org.apache.hadoop.security.UserGroupInformation.doAs(UserGroupInformation.java:1878)
	at org.apache.hadoop.ipc.Server$Handler.run(Server.java:2976)
16:35:51.307 [IPC Server handler 5 on default port 38619] ERROR OMAudit - user=runner | ip=127.0.0.1 | op=GET_FILE_STATUS {volume=volume78724, bucket=bucket78568, key=d1/d2/d3/d4/key3/invalid, dataSize=0, replicationConfig=null} | ret=FAILURE
org.apache.hadoop.ozone.om.exceptions.OMException: Unable to get file status: volume: volume78724 bucket: bucket78568 key: d1/d2/d3/d4/key3/invalid
	at org.apache.hadoop.ozone.om.KeyManagerImpl.getOzoneFileStatus(KeyManagerImpl.java:1162) ~[ozone-manager-1.4.0-SNAPSHOT.jar:?]
	at org.apache.hadoop.ozone.om.KeyManagerImpl.getFileStatus(KeyManagerImpl.java:1080) ~[ozone-manager-1.4.0-SNAPSHOT.jar:?]
	at org.apache.hadoop.ozone.om.OmMetadataReader.getFileStatus(OmMetadataReader.java:288) ~[ozone-manager-1.4.0-SNAPSHOT.jar:?]
	at org.apache.hadoop.ozone.om.OzoneManager.getFileStatus(OzoneManager.java:3450) ~[ozone-manager-1.4.0-SNAPSHOT.jar:?]
	at org.apache.hadoop.ozone.protocolPB.OzoneManagerRequestHandler.getOzoneFileStatus(OzoneManagerRequestHandler.java:933) ~[ozone-manager-1.4.0-SNAPSHOT.jar:?]
	at org.apache.hadoop.ozone.protocolPB.OzoneManagerRequestHandler.handleReadRequest(OzoneManagerRequestHandler.java:238) ~[ozone-manager-1.4.0-SNAPSHOT.jar:?]
	at org.apache.hadoop.ozone.protocolPB.OzoneManagerProtocolServerSideTranslatorPB.submitRequestDirectlyToOM(OzoneManagerProtocolServerSideTranslatorPB.java:271) ~[ozone-manager-1.4.0-SNAPSHOT.jar:?]
	at org.apache.hadoop.ozone.protocolPB.OzoneManagerProtocolServerSideTranslatorPB.processRequest(OzoneManagerProtocolServerSideTranslatorPB.java:173) ~[ozone-manager-1.4.0-SNAPSHOT.jar:?]
	at org.apache.hadoop.hdds.server.OzoneProtocolMessageDispatcher.processRequest(OzoneProtocolMessageDispatcher.java:87) [hdds-server-framework-1.4.0-SNAPSHOT.jar:?]
	at org.apache.hadoop.ozone.protocolPB.OzoneManagerProtocolServerSideTranslatorPB.submitRequest(OzoneManagerProtocolServerSideTranslatorPB.java:147) [ozone-manager-1.4.0-SNAPSHOT.jar:?]
	at org.apache.hadoop.ozone.protocol.proto.OzoneManagerProtocolProtos$OzoneManagerService$2.callBlockingMethod(OzoneManagerProtocolProtos.java) [ozone-interface-client-1.4.0-SNAPSHOT.jar:?]
	at org.apache.hadoop.ipc.ProtobufRpcEngine$Server.processCall(ProtobufRpcEngine.java:465) [hadoop-common-3.3.4.jar:?]
	at org.apache.hadoop.ipc.ProtobufRpcEngine2$Server$ProtoBufRpcInvoker.call(ProtobufRpcEngine2.java:578) [hadoop-common-3.3.4.jar:?]
	at org.apache.hadoop.ipc.ProtobufRpcEngine2$Server$ProtoBufRpcInvoker.call(ProtobufRpcEngine2.java:556) [hadoop-common-3.3.4.jar:?]
	at org.apache.hadoop.ipc.RPC$Server.call(RPC.java:1093) [hadoop-common-3.3.4.jar:?]
	at org.apache.hadoop.ipc.Server$RpcCall.run(Server.java:1043) [hadoop-common-3.3.4.jar:?]
	at org.apache.hadoop.ipc.Server$RpcCall.run(Server.java:971) [hadoop-common-3.3.4.jar:?]
	at java.security.AccessController.doPrivileged(Native Method) ~[?:1.8.0_362]
	at javax.security.auth.Subject.doAs(Subject.java:422) [?:1.8.0_362]
	at org.apache.hadoop.security.UserGroupInformation.doAs(UserGroupInformation.java:1878) [hadoop-common-3.3.4.jar:?]
	at org.apache.hadoop.ipc.Server$Handler.run(Server.java:2976) [hadoop-common-3.3.4.jar:?]
16:35:51.308 [IPC Server handler 6 on default port 38619] ERROR OMAudit - user=runner | ip=127.0.0.1 | op=GET_FILE_STATUS {volume=volume78724, bucket=bucket78568, key=d1/d2/d3/d4/invalidkey, dataSize=0, replicationConfig=null} | ret=FAILURE
org.apache.hadoop.ozone.om.exceptions.OMException: Unable to get file status: volume: volume78724 bucket: bucket78568 key: d1/d2/d3/d4/invalidkey
	at org.apache.hadoop.ozone.om.KeyManagerImpl.getOzoneFileStatus(KeyManagerImpl.java:1162) ~[ozone-manager-1.4.0-SNAPSHOT.jar:?]
	at org.apache.hadoop.ozone.om.KeyManagerImpl.getFileStatus(KeyManagerImpl.java:1080) ~[ozone-manager-1.4.0-SNAPSHOT.jar:?]
	at org.apache.hadoop.ozone.om.OmMetadataReader.getFileStatus(OmMetadataReader.java:288) ~[ozone-manager-1.4.0-SNAPSHOT.jar:?]
	at org.apache.hadoop.ozone.om.OzoneManager.getFileStatus(OzoneManager.java:3450) ~[ozone-manager-1.4.0-SNAPSHOT.jar:?]
	at org.apache.hadoop.ozone.protocolPB.OzoneManagerRequestHandler.getOzoneFileStatus(OzoneManagerRequestHandler.java:933) ~[ozone-manager-1.4.0-SNAPSHOT.jar:?]
	at org.apache.hadoop.ozone.protocolPB.OzoneManagerRequestHandler.handleReadRequest(OzoneManagerRequestHandler.java:238) ~[ozone-manager-1.4.0-SNAPSHOT.jar:?]
	at org.apache.hadoop.ozone.protocolPB.OzoneManagerProtocolServerSideTranslatorPB.submitRequestDirectlyToOM(OzoneManagerProtocolServerSideTranslatorPB.java:271) ~[ozone-manager-1.4.0-SNAPSHOT.jar:?]
	at org.apache.hadoop.ozone.protocolPB.OzoneManagerProtocolServerSideTranslatorPB.processRequest(OzoneManagerProtocolServerSideTranslatorPB.java:173) ~[ozone-manager-1.4.0-SNAPSHOT.jar:?]
	at org.apache.hadoop.hdds.server.OzoneProtocolMessageDispatcher.processRequest(OzoneProtocolMessageDispatcher.java:87) [hdds-server-framework-1.4.0-SNAPSHOT.jar:?]
	at org.apache.hadoop.ozone.protocolPB.OzoneManagerProtocolServerSideTranslatorPB.submitRequest(OzoneManagerProtocolServerSideTranslatorPB.java:147) [ozone-manager-1.4.0-SNAPSHOT.jar:?]
	at org.apache.hadoop.ozone.protocol.proto.OzoneManagerProtocolProtos$OzoneManagerService$2.callBlockingMethod(OzoneManagerProtocolProtos.java) [ozone-interface-client-1.4.0-SNAPSHOT.jar:?]
	at org.apache.hadoop.ipc.ProtobufRpcEngine$Server.processCall(ProtobufRpcEngine.java:465) [hadoop-common-3.3.4.jar:?]
	at org.apache.hadoop.ipc.ProtobufRpcEngine2$Server$ProtoBufRpcInvoker.call(ProtobufRpcEngine2.java:578) [hadoop-common-3.3.4.jar:?]
	at org.apache.hadoop.ipc.ProtobufRpcEngine2$Server$ProtoBufRpcInvoker.call(ProtobufRpcEngine2.java:556) [hadoop-common-3.3.4.jar:?]
	at org.apache.hadoop.ipc.RPC$Server.call(RPC.java:1093) [hadoop-common-3.3.4.jar:?]
	at org.apache.hadoop.ipc.Server$RpcCall.run(Server.java:1043) [hadoop-common-3.3.4.jar:?]
	at org.apache.hadoop.ipc.Server$RpcCall.run(Server.java:971) [hadoop-common-3.3.4.jar:?]
	at java.security.AccessController.doPrivileged(Native Method) ~[?:1.8.0_362]
	at javax.security.auth.Subject.doAs(Subject.java:422) [?:1.8.0_362]
	at org.apache.hadoop.security.UserGroupInformation.doAs(UserGroupInformation.java:1878) [hadoop-common-3.3.4.jar:?]
	at org.apache.hadoop.ipc.Server$Handler.run(Server.java:2976) [hadoop-common-3.3.4.jar:?]
]]></system-out>
  </testcase>
  <testcase name="testRenameContainDelimiterFile" classname="TestOzoneFileSystem" time="0.035">
    <system-out><![CDATA[2023-02-16 16:33:13,431 [OM StateMachine ApplyTransaction Thread - 0] INFO  key.OMKeyRequest (OMKeyRequest.java:wrapUncommittedBlocksAsPseudoKey(837)) - Detect allocated but uncommitted blocks [{blockID={containerID=6, localID=111677748019200038}, length=4194304, offset=0, token=null, pipeline=null, createVersion=0, partNumber=0}] in key dir1/dir2/key1.
16:33:13.434 [IPC Server handler 7 on default port 37073] ERROR OMAudit - user=runner | ip=127.0.0.1 | op=GET_FILE_STATUS {volume=volume28358, bucket=bucket39322, key=dir1/dir2/key2, dataSize=0, replicationConfig=null} | ret=FAILURE
org.apache.hadoop.ozone.om.exceptions.OMException: Unable to get file status: volume: volume28358 bucket: bucket39322 key: dir1/dir2/key2
	at org.apache.hadoop.ozone.om.KeyManagerImpl.getOzoneFileStatus(KeyManagerImpl.java:1162) ~[ozone-manager-1.4.0-SNAPSHOT.jar:?]
	at org.apache.hadoop.ozone.om.KeyManagerImpl.getFileStatus(KeyManagerImpl.java:1080) ~[ozone-manager-1.4.0-SNAPSHOT.jar:?]
	at org.apache.hadoop.ozone.om.OmMetadataReader.getFileStatus(OmMetadataReader.java:288) ~[ozone-manager-1.4.0-SNAPSHOT.jar:?]
	at org.apache.hadoop.ozone.om.OzoneManager.getFileStatus(OzoneManager.java:3450) ~[ozone-manager-1.4.0-SNAPSHOT.jar:?]
	at org.apache.hadoop.ozone.protocolPB.OzoneManagerRequestHandler.getOzoneFileStatus(OzoneManagerRequestHandler.java:933) ~[ozone-manager-1.4.0-SNAPSHOT.jar:?]
	at org.apache.hadoop.ozone.protocolPB.OzoneManagerRequestHandler.handleReadRequest(OzoneManagerRequestHandler.java:238) ~[ozone-manager-1.4.0-SNAPSHOT.jar:?]
	at org.apache.hadoop.ozone.protocolPB.OzoneManagerProtocolServerSideTranslatorPB.submitReadRequestToOM(OzoneManagerProtocolServerSideTranslatorPB.java:223) ~[ozone-manager-1.4.0-SNAPSHOT.jar:?]
	at org.apache.hadoop.ozone.protocolPB.OzoneManagerProtocolServerSideTranslatorPB.processRequest(OzoneManagerProtocolServerSideTranslatorPB.java:177) ~[ozone-manager-1.4.0-SNAPSHOT.jar:?]
	at org.apache.hadoop.hdds.server.OzoneProtocolMessageDispatcher.processRequest(OzoneProtocolMessageDispatcher.java:87) [hdds-server-framework-1.4.0-SNAPSHOT.jar:?]
	at org.apache.hadoop.ozone.protocolPB.OzoneManagerProtocolServerSideTranslatorPB.submitRequest(OzoneManagerProtocolServerSideTranslatorPB.java:147) [ozone-manager-1.4.0-SNAPSHOT.jar:?]
	at org.apache.hadoop.ozone.protocol.proto.OzoneManagerProtocolProtos$OzoneManagerService$2.callBlockingMethod(OzoneManagerProtocolProtos.java) [ozone-interface-client-1.4.0-SNAPSHOT.jar:?]
	at org.apache.hadoop.ipc.ProtobufRpcEngine$Server.processCall(ProtobufRpcEngine.java:465) [hadoop-common-3.3.4.jar:?]
	at org.apache.hadoop.ipc.ProtobufRpcEngine2$Server$ProtoBufRpcInvoker.call(ProtobufRpcEngine2.java:578) [hadoop-common-3.3.4.jar:?]
	at org.apache.hadoop.ipc.ProtobufRpcEngine2$Server$ProtoBufRpcInvoker.call(ProtobufRpcEngine2.java:556) [hadoop-common-3.3.4.jar:?]
	at org.apache.hadoop.ipc.RPC$Server.call(RPC.java:1093) [hadoop-common-3.3.4.jar:?]
	at org.apache.hadoop.ipc.Server$RpcCall.run(Server.java:1043) [hadoop-common-3.3.4.jar:?]
	at org.apache.hadoop.ipc.Server$RpcCall.run(Server.java:971) [hadoop-common-3.3.4.jar:?]
	at java.security.AccessController.doPrivileged(Native Method) ~[?:1.8.0_362]
	at javax.security.auth.Subject.doAs(Subject.java:422) [?:1.8.0_362]
	at org.apache.hadoop.security.UserGroupInformation.doAs(UserGroupInformation.java:1878) [hadoop-common-3.3.4.jar:?]
	at org.apache.hadoop.ipc.Server$Handler.run(Server.java:2976) [hadoop-common-3.3.4.jar:?]
16:33:13.442 [IPC Server handler 5 on default port 37073] ERROR OMAudit - user=runner | ip=127.0.0.1 | op=GET_FILE_STATUS {volume=volume28358, bucket=bucket39322, key=dir1/dir2/key1, dataSize=0, replicationConfig=null} | ret=FAILURE
org.apache.hadoop.ozone.om.exceptions.OMException: Unable to get file status: volume: volume28358 bucket: bucket39322 key: dir1/dir2/key1
	at org.apache.hadoop.ozone.om.KeyManagerImpl.getOzoneFileStatus(KeyManagerImpl.java:1162) ~[ozone-manager-1.4.0-SNAPSHOT.jar:?]
	at org.apache.hadoop.ozone.om.KeyManagerImpl.getFileStatus(KeyManagerImpl.java:1080) ~[ozone-manager-1.4.0-SNAPSHOT.jar:?]
	at org.apache.hadoop.ozone.om.OmMetadataReader.getFileStatus(OmMetadataReader.java:288) ~[ozone-manager-1.4.0-SNAPSHOT.jar:?]
	at org.apache.hadoop.ozone.om.OzoneManager.getFileStatus(OzoneManager.java:3450) ~[ozone-manager-1.4.0-SNAPSHOT.jar:?]
	at org.apache.hadoop.ozone.protocolPB.OzoneManagerRequestHandler.getOzoneFileStatus(OzoneManagerRequestHandler.java:933) ~[ozone-manager-1.4.0-SNAPSHOT.jar:?]
	at org.apache.hadoop.ozone.protocolPB.OzoneManagerRequestHandler.handleReadRequest(OzoneManagerRequestHandler.java:238) ~[ozone-manager-1.4.0-SNAPSHOT.jar:?]
	at org.apache.hadoop.ozone.protocolPB.OzoneManagerProtocolServerSideTranslatorPB.submitReadRequestToOM(OzoneManagerProtocolServerSideTranslatorPB.java:223) ~[ozone-manager-1.4.0-SNAPSHOT.jar:?]
	at org.apache.hadoop.ozone.protocolPB.OzoneManagerProtocolServerSideTranslatorPB.processRequest(OzoneManagerProtocolServerSideTranslatorPB.java:177) ~[ozone-manager-1.4.0-SNAPSHOT.jar:?]
	at org.apache.hadoop.hdds.server.OzoneProtocolMessageDispatcher.processRequest(OzoneProtocolMessageDispatcher.java:87) [hdds-server-framework-1.4.0-SNAPSHOT.jar:?]
	at org.apache.hadoop.ozone.protocolPB.OzoneManagerProtocolServerSideTranslatorPB.submitRequest(OzoneManagerProtocolServerSideTranslatorPB.java:147) [ozone-manager-1.4.0-SNAPSHOT.jar:?]
	at org.apache.hadoop.ozone.protocol.proto.OzoneManagerProtocolProtos$OzoneManagerService$2.callBlockingMethod(OzoneManagerProtocolProtos.java) [ozone-interface-client-1.4.0-SNAPSHOT.jar:?]
	at org.apache.hadoop.ipc.ProtobufRpcEngine$Server.processCall(ProtobufRpcEngine.java:465) [hadoop-common-3.3.4.jar:?]
	at org.apache.hadoop.ipc.ProtobufRpcEngine2$Server$ProtoBufRpcInvoker.call(ProtobufRpcEngine2.java:578) [hadoop-common-3.3.4.jar:?]
	at org.apache.hadoop.ipc.ProtobufRpcEngine2$Server$ProtoBufRpcInvoker.call(ProtobufRpcEngine2.java:556) [hadoop-common-3.3.4.jar:?]
	at org.apache.hadoop.ipc.RPC$Server.call(RPC.java:1093) [hadoop-common-3.3.4.jar:?]
	at org.apache.hadoop.ipc.Server$RpcCall.run(Server.java:1043) [hadoop-common-3.3.4.jar:?]
	at org.apache.hadoop.ipc.Server$RpcCall.run(Server.java:971) [hadoop-common-3.3.4.jar:?]
	at java.security.AccessController.doPrivileged(Native Method) ~[?:1.8.0_362]
	at javax.security.auth.Subject.doAs(Subject.java:422) [?:1.8.0_362]
	at org.apache.hadoop.security.UserGroupInformation.doAs(UserGroupInformation.java:1878) [hadoop-common-3.3.4.jar:?]
	at org.apache.hadoop.ipc.Server$Handler.run(Server.java:2976) [hadoop-common-3.3.4.jar:?]
16:33:13.444 [IPC Server handler 0 on default port 37073] ERROR OMAudit - user=runner | ip=127.0.0.1 | op=GET_FILE_STATUS {volume=volume28358, bucket=bucket39322, key=user/runner/dir1, dataSize=0, replicationConfig=null} | ret=FAILURE
org.apache.hadoop.ozone.om.exceptions.OMException: Unable to get file status: volume: volume28358 bucket: bucket39322 key: user/runner/dir1
	at org.apache.hadoop.ozone.om.KeyManagerImpl.getOzoneFileStatus(KeyManagerImpl.java:1162) ~[ozone-manager-1.4.0-SNAPSHOT.jar:?]
	at org.apache.hadoop.ozone.om.KeyManagerImpl.getFileStatus(KeyManagerImpl.java:1080) ~[ozone-manager-1.4.0-SNAPSHOT.jar:?]
	at org.apache.hadoop.ozone.om.OmMetadataReader.getFileStatus(OmMetadataReader.java:288) ~[ozone-manager-1.4.0-SNAPSHOT.jar:?]
	at org.apache.hadoop.ozone.om.OzoneManager.getFileStatus(OzoneManager.java:3450) ~[ozone-manager-1.4.0-SNAPSHOT.jar:?]
	at org.apache.hadoop.ozone.protocolPB.OzoneManagerRequestHandler.getOzoneFileStatus(OzoneManagerRequestHandler.java:933) ~[ozone-manager-1.4.0-SNAPSHOT.jar:?]
	at org.apache.hadoop.ozone.protocolPB.OzoneManagerRequestHandler.handleReadRequest(OzoneManagerRequestHandler.java:238) ~[ozone-manager-1.4.0-SNAPSHOT.jar:?]
	at org.apache.hadoop.ozone.protocolPB.OzoneManagerProtocolServerSideTranslatorPB.submitReadRequestToOM(OzoneManagerProtocolServerSideTranslatorPB.java:223) ~[ozone-manager-1.4.0-SNAPSHOT.jar:?]
	at org.apache.hadoop.ozone.protocolPB.OzoneManagerProtocolServerSideTranslatorPB.processRequest(OzoneManagerProtocolServerSideTranslatorPB.java:177) ~[ozone-manager-1.4.0-SNAPSHOT.jar:?]
	at org.apache.hadoop.hdds.server.OzoneProtocolMessageDispatcher.processRequest(OzoneProtocolMessageDispatcher.java:87) [hdds-server-framework-1.4.0-SNAPSHOT.jar:?]
	at org.apache.hadoop.ozone.protocolPB.OzoneManagerProtocolServerSideTranslatorPB.submitRequest(OzoneManagerProtocolServerSideTranslatorPB.java:147) [ozone-manager-1.4.0-SNAPSHOT.jar:?]
	at org.apache.hadoop.ozone.protocol.proto.OzoneManagerProtocolProtos$OzoneManagerService$2.callBlockingMethod(OzoneManagerProtocolProtos.java) [ozone-interface-client-1.4.0-SNAPSHOT.jar:?]
	at org.apache.hadoop.ipc.ProtobufRpcEngine$Server.processCall(ProtobufRpcEngine.java:465) [hadoop-common-3.3.4.jar:?]
	at org.apache.hadoop.ipc.ProtobufRpcEngine2$Server$ProtoBufRpcInvoker.call(ProtobufRpcEngine2.java:578) [hadoop-common-3.3.4.jar:?]
	at org.apache.hadoop.ipc.ProtobufRpcEngine2$Server$ProtoBufRpcInvoker.call(ProtobufRpcEngine2.java:556) [hadoop-common-3.3.4.jar:?]
	at org.apache.hadoop.ipc.RPC$Server.call(RPC.java:1093) [hadoop-common-3.3.4.jar:?]
	at org.apache.hadoop.ipc.Server$RpcCall.run(Server.java:1043) [hadoop-common-3.3.4.jar:?]
	at org.apache.hadoop.ipc.Server$RpcCall.run(Server.java:971) [hadoop-common-3.3.4.jar:?]
	at java.security.AccessController.doPrivileged(Native Method) ~[?:1.8.0_362]
	at javax.security.auth.Subject.doAs(Subject.java:422) [?:1.8.0_362]
	at org.apache.hadoop.security.UserGroupInformation.doAs(UserGroupInformation.java:1878) [hadoop-common-3.3.4.jar:?]
	at org.apache.hadoop.ipc.Server$Handler.run(Server.java:2976) [hadoop-common-3.3.4.jar:?]
16:33:13.446 [IPC Server handler 2 on default port 37073] ERROR OMAudit - user=runner | ip=127.0.0.1 | op=GET_FILE_STATUS {volume=volume28358, bucket=bucket39322, key=user/runner/dir1/dir2, dataSize=0, replicationConfig=null} | ret=FAILURE
org.apache.hadoop.ozone.om.exceptions.OMException: Unable to get file status: volume: volume28358 bucket: bucket39322 key: user/runner/dir1/dir2
	at org.apache.hadoop.ozone.om.KeyManagerImpl.getOzoneFileStatus(KeyManagerImpl.java:1162) ~[ozone-manager-1.4.0-SNAPSHOT.jar:?]
	at org.apache.hadoop.ozone.om.KeyManagerImpl.getFileStatus(KeyManagerImpl.java:1080) ~[ozone-manager-1.4.0-SNAPSHOT.jar:?]
	at org.apache.hadoop.ozone.om.OmMetadataReader.getFileStatus(OmMetadataReader.java:288) ~[ozone-manager-1.4.0-SNAPSHOT.jar:?]
	at org.apache.hadoop.ozone.om.OzoneManager.getFileStatus(OzoneManager.java:3450) ~[ozone-manager-1.4.0-SNAPSHOT.jar:?]
	at org.apache.hadoop.ozone.protocolPB.OzoneManagerRequestHandler.getOzoneFileStatus(OzoneManagerRequestHandler.java:933) ~[ozone-manager-1.4.0-SNAPSHOT.jar:?]
	at org.apache.hadoop.ozone.protocolPB.OzoneManagerRequestHandler.handleReadRequest(OzoneManagerRequestHandler.java:238) ~[ozone-manager-1.4.0-SNAPSHOT.jar:?]
	at org.apache.hadoop.ozone.protocolPB.OzoneManagerProtocolServerSideTranslatorPB.submitReadRequestToOM(OzoneManagerProtocolServerSideTranslatorPB.java:223) ~[ozone-manager-1.4.0-SNAPSHOT.jar:?]
	at org.apache.hadoop.ozone.protocolPB.OzoneManagerProtocolServerSideTranslatorPB.processRequest(OzoneManagerProtocolServerSideTranslatorPB.java:177) ~[ozone-manager-1.4.0-SNAPSHOT.jar:?]
	at org.apache.hadoop.hdds.server.OzoneProtocolMessageDispatcher.processRequest(OzoneProtocolMessageDispatcher.java:87) [hdds-server-framework-1.4.0-SNAPSHOT.jar:?]
	at org.apache.hadoop.ozone.protocolPB.OzoneManagerProtocolServerSideTranslatorPB.submitRequest(OzoneManagerProtocolServerSideTranslatorPB.java:147) [ozone-manager-1.4.0-SNAPSHOT.jar:?]
	at org.apache.hadoop.ozone.protocol.proto.OzoneManagerProtocolProtos$OzoneManagerService$2.callBlockingMethod(OzoneManagerProtocolProtos.java) [ozone-interface-client-1.4.0-SNAPSHOT.jar:?]
	at org.apache.hadoop.ipc.ProtobufRpcEngine$Server.processCall(ProtobufRpcEngine.java:465) [hadoop-common-3.3.4.jar:?]
	at org.apache.hadoop.ipc.ProtobufRpcEngine2$Server$ProtoBufRpcInvoker.call(ProtobufRpcEngine2.java:578) [hadoop-common-3.3.4.jar:?]
	at org.apache.hadoop.ipc.ProtobufRpcEngine2$Server$ProtoBufRpcInvoker.call(ProtobufRpcEngine2.java:556) [hadoop-common-3.3.4.jar:?]
	at org.apache.hadoop.ipc.RPC$Server.call(RPC.java:1093) [hadoop-common-3.3.4.jar:?]
	at org.apache.hadoop.ipc.Server$RpcCall.run(Server.java:1043) [hadoop-common-3.3.4.jar:?]
	at org.apache.hadoop.ipc.Server$RpcCall.run(Server.java:971) [hadoop-common-3.3.4.jar:?]
	at java.security.AccessController.doPrivileged(Native Method) ~[?:1.8.0_362]
	at javax.security.auth.Subject.doAs(Subject.java:422) [?:1.8.0_362]
	at org.apache.hadoop.security.UserGroupInformation.doAs(UserGroupInformation.java:1878) [hadoop-common-3.3.4.jar:?]
	at org.apache.hadoop.ipc.Server$Handler.run(Server.java:2976) [hadoop-common-3.3.4.jar:?]
]]></system-out>
  </testcase>
  <testcase name="testRenameContainDelimiterFile" classname="TestOzoneFileSystem" time="0.013">
    <system-out><![CDATA[2023-02-16 16:34:13,171 [IPC Server handler 2 on default port 46781] INFO  key.OMKeyRequest (OMKeyRequest.java:wrapUncommittedBlocksAsPseudoKey(837)) - Detect allocated but uncommitted blocks [{blockID={containerID=6, localID=111677748019200038}, length=4194304, offset=0, token=null, pipeline=null, createVersion=0, partNumber=0}] in key dir1/dir2/key1.
16:34:13.172 [IPC Server handler 0 on default port 46781] ERROR OMAudit - user=runner | ip=127.0.0.1 | op=GET_FILE_STATUS {volume=volume76608, bucket=bucket25283, key=dir1/dir2/key2, dataSize=0, replicationConfig=null} | ret=FAILURE
org.apache.hadoop.ozone.om.exceptions.OMException: Unable to get file status: volume: volume76608 bucket: bucket25283 key: dir1/dir2/key2
	at org.apache.hadoop.ozone.om.KeyManagerImpl.getOzoneFileStatus(KeyManagerImpl.java:1162) ~[ozone-manager-1.4.0-SNAPSHOT.jar:?]
	at org.apache.hadoop.ozone.om.KeyManagerImpl.getFileStatus(KeyManagerImpl.java:1080) ~[ozone-manager-1.4.0-SNAPSHOT.jar:?]
	at org.apache.hadoop.ozone.om.OmMetadataReader.getFileStatus(OmMetadataReader.java:288) ~[ozone-manager-1.4.0-SNAPSHOT.jar:?]
	at org.apache.hadoop.ozone.om.OzoneManager.getFileStatus(OzoneManager.java:3450) ~[ozone-manager-1.4.0-SNAPSHOT.jar:?]
	at org.apache.hadoop.ozone.protocolPB.OzoneManagerRequestHandler.getOzoneFileStatus(OzoneManagerRequestHandler.java:933) ~[ozone-manager-1.4.0-SNAPSHOT.jar:?]
	at org.apache.hadoop.ozone.protocolPB.OzoneManagerRequestHandler.handleReadRequest(OzoneManagerRequestHandler.java:238) ~[ozone-manager-1.4.0-SNAPSHOT.jar:?]
	at org.apache.hadoop.ozone.protocolPB.OzoneManagerProtocolServerSideTranslatorPB.submitRequestDirectlyToOM(OzoneManagerProtocolServerSideTranslatorPB.java:271) ~[ozone-manager-1.4.0-SNAPSHOT.jar:?]
	at org.apache.hadoop.ozone.protocolPB.OzoneManagerProtocolServerSideTranslatorPB.processRequest(OzoneManagerProtocolServerSideTranslatorPB.java:173) ~[ozone-manager-1.4.0-SNAPSHOT.jar:?]
	at org.apache.hadoop.hdds.server.OzoneProtocolMessageDispatcher.processRequest(OzoneProtocolMessageDispatcher.java:87) [hdds-server-framework-1.4.0-SNAPSHOT.jar:?]
	at org.apache.hadoop.ozone.protocolPB.OzoneManagerProtocolServerSideTranslatorPB.submitRequest(OzoneManagerProtocolServerSideTranslatorPB.java:147) [ozone-manager-1.4.0-SNAPSHOT.jar:?]
	at org.apache.hadoop.ozone.protocol.proto.OzoneManagerProtocolProtos$OzoneManagerService$2.callBlockingMethod(OzoneManagerProtocolProtos.java) [ozone-interface-client-1.4.0-SNAPSHOT.jar:?]
	at org.apache.hadoop.ipc.ProtobufRpcEngine$Server.processCall(ProtobufRpcEngine.java:465) [hadoop-common-3.3.4.jar:?]
	at org.apache.hadoop.ipc.ProtobufRpcEngine2$Server$ProtoBufRpcInvoker.call(ProtobufRpcEngine2.java:578) [hadoop-common-3.3.4.jar:?]
	at org.apache.hadoop.ipc.ProtobufRpcEngine2$Server$ProtoBufRpcInvoker.call(ProtobufRpcEngine2.java:556) [hadoop-common-3.3.4.jar:?]
	at org.apache.hadoop.ipc.RPC$Server.call(RPC.java:1093) [hadoop-common-3.3.4.jar:?]
	at org.apache.hadoop.ipc.Server$RpcCall.run(Server.java:1043) [hadoop-common-3.3.4.jar:?]
	at org.apache.hadoop.ipc.Server$RpcCall.run(Server.java:971) [hadoop-common-3.3.4.jar:?]
	at java.security.AccessController.doPrivileged(Native Method) ~[?:1.8.0_362]
	at javax.security.auth.Subject.doAs(Subject.java:422) [?:1.8.0_362]
	at org.apache.hadoop.security.UserGroupInformation.doAs(UserGroupInformation.java:1878) [hadoop-common-3.3.4.jar:?]
	at org.apache.hadoop.ipc.Server$Handler.run(Server.java:2976) [hadoop-common-3.3.4.jar:?]
16:34:13.176 [IPC Server handler 13 on default port 46781] ERROR OMAudit - user=runner | ip=127.0.0.1 | op=GET_FILE_STATUS {volume=volume76608, bucket=bucket25283, key=dir1/dir2/key1, dataSize=0, replicationConfig=null} | ret=FAILURE
org.apache.hadoop.ozone.om.exceptions.OMException: Unable to get file status: volume: volume76608 bucket: bucket25283 key: dir1/dir2/key1
	at org.apache.hadoop.ozone.om.KeyManagerImpl.getOzoneFileStatus(KeyManagerImpl.java:1162) ~[ozone-manager-1.4.0-SNAPSHOT.jar:?]
	at org.apache.hadoop.ozone.om.KeyManagerImpl.getFileStatus(KeyManagerImpl.java:1080) ~[ozone-manager-1.4.0-SNAPSHOT.jar:?]
	at org.apache.hadoop.ozone.om.OmMetadataReader.getFileStatus(OmMetadataReader.java:288) ~[ozone-manager-1.4.0-SNAPSHOT.jar:?]
	at org.apache.hadoop.ozone.om.OzoneManager.getFileStatus(OzoneManager.java:3450) ~[ozone-manager-1.4.0-SNAPSHOT.jar:?]
	at org.apache.hadoop.ozone.protocolPB.OzoneManagerRequestHandler.getOzoneFileStatus(OzoneManagerRequestHandler.java:933) ~[ozone-manager-1.4.0-SNAPSHOT.jar:?]
	at org.apache.hadoop.ozone.protocolPB.OzoneManagerRequestHandler.handleReadRequest(OzoneManagerRequestHandler.java:238) ~[ozone-manager-1.4.0-SNAPSHOT.jar:?]
	at org.apache.hadoop.ozone.protocolPB.OzoneManagerProtocolServerSideTranslatorPB.submitRequestDirectlyToOM(OzoneManagerProtocolServerSideTranslatorPB.java:271) ~[ozone-manager-1.4.0-SNAPSHOT.jar:?]
	at org.apache.hadoop.ozone.protocolPB.OzoneManagerProtocolServerSideTranslatorPB.processRequest(OzoneManagerProtocolServerSideTranslatorPB.java:173) ~[ozone-manager-1.4.0-SNAPSHOT.jar:?]
	at org.apache.hadoop.hdds.server.OzoneProtocolMessageDispatcher.processRequest(OzoneProtocolMessageDispatcher.java:87) [hdds-server-framework-1.4.0-SNAPSHOT.jar:?]
	at org.apache.hadoop.ozone.protocolPB.OzoneManagerProtocolServerSideTranslatorPB.submitRequest(OzoneManagerProtocolServerSideTranslatorPB.java:147) [ozone-manager-1.4.0-SNAPSHOT.jar:?]
	at org.apache.hadoop.ozone.protocol.proto.OzoneManagerProtocolProtos$OzoneManagerService$2.callBlockingMethod(OzoneManagerProtocolProtos.java) [ozone-interface-client-1.4.0-SNAPSHOT.jar:?]
	at org.apache.hadoop.ipc.ProtobufRpcEngine$Server.processCall(ProtobufRpcEngine.java:465) [hadoop-common-3.3.4.jar:?]
	at org.apache.hadoop.ipc.ProtobufRpcEngine2$Server$ProtoBufRpcInvoker.call(ProtobufRpcEngine2.java:578) [hadoop-common-3.3.4.jar:?]
	at org.apache.hadoop.ipc.ProtobufRpcEngine2$Server$ProtoBufRpcInvoker.call(ProtobufRpcEngine2.java:556) [hadoop-common-3.3.4.jar:?]
	at org.apache.hadoop.ipc.RPC$Server.call(RPC.java:1093) [hadoop-common-3.3.4.jar:?]
	at org.apache.hadoop.ipc.Server$RpcCall.run(Server.java:1043) [hadoop-common-3.3.4.jar:?]
	at org.apache.hadoop.ipc.Server$RpcCall.run(Server.java:971) [hadoop-common-3.3.4.jar:?]
	at java.security.AccessController.doPrivileged(Native Method) ~[?:1.8.0_362]
	at javax.security.auth.Subject.doAs(Subject.java:422) [?:1.8.0_362]
	at org.apache.hadoop.security.UserGroupInformation.doAs(UserGroupInformation.java:1878) [hadoop-common-3.3.4.jar:?]
	at org.apache.hadoop.ipc.Server$Handler.run(Server.java:2976) [hadoop-common-3.3.4.jar:?]
16:34:13.177 [IPC Server handler 15 on default port 46781] ERROR OMAudit - user=runner | ip=127.0.0.1 | op=GET_FILE_STATUS {volume=volume76608, bucket=bucket25283, key=user/runner/dir1, dataSize=0, replicationConfig=null} | ret=FAILURE
org.apache.hadoop.ozone.om.exceptions.OMException: Unable to get file status: volume: volume76608 bucket: bucket25283 key: user/runner/dir1
	at org.apache.hadoop.ozone.om.KeyManagerImpl.getOzoneFileStatus(KeyManagerImpl.java:1162) ~[ozone-manager-1.4.0-SNAPSHOT.jar:?]
	at org.apache.hadoop.ozone.om.KeyManagerImpl.getFileStatus(KeyManagerImpl.java:1080) ~[ozone-manager-1.4.0-SNAPSHOT.jar:?]
	at org.apache.hadoop.ozone.om.OmMetadataReader.getFileStatus(OmMetadataReader.java:288) ~[ozone-manager-1.4.0-SNAPSHOT.jar:?]
	at org.apache.hadoop.ozone.om.OzoneManager.getFileStatus(OzoneManager.java:3450) ~[ozone-manager-1.4.0-SNAPSHOT.jar:?]
	at org.apache.hadoop.ozone.protocolPB.OzoneManagerRequestHandler.getOzoneFileStatus(OzoneManagerRequestHandler.java:933) ~[ozone-manager-1.4.0-SNAPSHOT.jar:?]
	at org.apache.hadoop.ozone.protocolPB.OzoneManagerRequestHandler.handleReadRequest(OzoneManagerRequestHandler.java:238) ~[ozone-manager-1.4.0-SNAPSHOT.jar:?]
	at org.apache.hadoop.ozone.protocolPB.OzoneManagerProtocolServerSideTranslatorPB.submitRequestDirectlyToOM(OzoneManagerProtocolServerSideTranslatorPB.java:271) ~[ozone-manager-1.4.0-SNAPSHOT.jar:?]
	at org.apache.hadoop.ozone.protocolPB.OzoneManagerProtocolServerSideTranslatorPB.processRequest(OzoneManagerProtocolServerSideTranslatorPB.java:173) ~[ozone-manager-1.4.0-SNAPSHOT.jar:?]
	at org.apache.hadoop.hdds.server.OzoneProtocolMessageDispatcher.processRequest(OzoneProtocolMessageDispatcher.java:87) [hdds-server-framework-1.4.0-SNAPSHOT.jar:?]
	at org.apache.hadoop.ozone.protocolPB.OzoneManagerProtocolServerSideTranslatorPB.submitRequest(OzoneManagerProtocolServerSideTranslatorPB.java:147) [ozone-manager-1.4.0-SNAPSHOT.jar:?]
	at org.apache.hadoop.ozone.protocol.proto.OzoneManagerProtocolProtos$OzoneManagerService$2.callBlockingMethod(OzoneManagerProtocolProtos.java) [ozone-interface-client-1.4.0-SNAPSHOT.jar:?]
	at org.apache.hadoop.ipc.ProtobufRpcEngine$Server.processCall(ProtobufRpcEngine.java:465) [hadoop-common-3.3.4.jar:?]
	at org.apache.hadoop.ipc.ProtobufRpcEngine2$Server$ProtoBufRpcInvoker.call(ProtobufRpcEngine2.java:578) [hadoop-common-3.3.4.jar:?]
	at org.apache.hadoop.ipc.ProtobufRpcEngine2$Server$ProtoBufRpcInvoker.call(ProtobufRpcEngine2.java:556) [hadoop-common-3.3.4.jar:?]
	at org.apache.hadoop.ipc.RPC$Server.call(RPC.java:1093) [hadoop-common-3.3.4.jar:?]
	at org.apache.hadoop.ipc.Server$RpcCall.run(Server.java:1043) [hadoop-common-3.3.4.jar:?]
	at org.apache.hadoop.ipc.Server$RpcCall.run(Server.java:971) [hadoop-common-3.3.4.jar:?]
	at java.security.AccessController.doPrivileged(Native Method) ~[?:1.8.0_362]
	at javax.security.auth.Subject.doAs(Subject.java:422) [?:1.8.0_362]
	at org.apache.hadoop.security.UserGroupInformation.doAs(UserGroupInformation.java:1878) [hadoop-common-3.3.4.jar:?]
	at org.apache.hadoop.ipc.Server$Handler.run(Server.java:2976) [hadoop-common-3.3.4.jar:?]
16:34:13.177 [IPC Server handler 11 on default port 46781] ERROR OMAudit - user=runner | ip=127.0.0.1 | op=GET_FILE_STATUS {volume=volume76608, bucket=bucket25283, key=user/runner/dir1/dir2, dataSize=0, replicationConfig=null} | ret=FAILURE
org.apache.hadoop.ozone.om.exceptions.OMException: Unable to get file status: volume: volume76608 bucket: bucket25283 key: user/runner/dir1/dir2
	at org.apache.hadoop.ozone.om.KeyManagerImpl.getOzoneFileStatus(KeyManagerImpl.java:1162) ~[ozone-manager-1.4.0-SNAPSHOT.jar:?]
	at org.apache.hadoop.ozone.om.KeyManagerImpl.getFileStatus(KeyManagerImpl.java:1080) ~[ozone-manager-1.4.0-SNAPSHOT.jar:?]
	at org.apache.hadoop.ozone.om.OmMetadataReader.getFileStatus(OmMetadataReader.java:288) ~[ozone-manager-1.4.0-SNAPSHOT.jar:?]
	at org.apache.hadoop.ozone.om.OzoneManager.getFileStatus(OzoneManager.java:3450) ~[ozone-manager-1.4.0-SNAPSHOT.jar:?]
	at org.apache.hadoop.ozone.protocolPB.OzoneManagerRequestHandler.getOzoneFileStatus(OzoneManagerRequestHandler.java:933) ~[ozone-manager-1.4.0-SNAPSHOT.jar:?]
	at org.apache.hadoop.ozone.protocolPB.OzoneManagerRequestHandler.handleReadRequest(OzoneManagerRequestHandler.java:238) ~[ozone-manager-1.4.0-SNAPSHOT.jar:?]
	at org.apache.hadoop.ozone.protocolPB.OzoneManagerProtocolServerSideTranslatorPB.submitRequestDirectlyToOM(OzoneManagerProtocolServerSideTranslatorPB.java:271) ~[ozone-manager-1.4.0-SNAPSHOT.jar:?]
	at org.apache.hadoop.ozone.protocolPB.OzoneManagerProtocolServerSideTranslatorPB.processRequest(OzoneManagerProtocolServerSideTranslatorPB.java:173) ~[ozone-manager-1.4.0-SNAPSHOT.jar:?]
	at org.apache.hadoop.hdds.server.OzoneProtocolMessageDispatcher.processRequest(OzoneProtocolMessageDispatcher.java:87) [hdds-server-framework-1.4.0-SNAPSHOT.jar:?]
	at org.apache.hadoop.ozone.protocolPB.OzoneManagerProtocolServerSideTranslatorPB.submitRequest(OzoneManagerProtocolServerSideTranslatorPB.java:147) [ozone-manager-1.4.0-SNAPSHOT.jar:?]
	at org.apache.hadoop.ozone.protocol.proto.OzoneManagerProtocolProtos$OzoneManagerService$2.callBlockingMethod(OzoneManagerProtocolProtos.java) [ozone-interface-client-1.4.0-SNAPSHOT.jar:?]
	at org.apache.hadoop.ipc.ProtobufRpcEngine$Server.processCall(ProtobufRpcEngine.java:465) [hadoop-common-3.3.4.jar:?]
	at org.apache.hadoop.ipc.ProtobufRpcEngine2$Server$ProtoBufRpcInvoker.call(ProtobufRpcEngine2.java:578) [hadoop-common-3.3.4.jar:?]
	at org.apache.hadoop.ipc.ProtobufRpcEngine2$Server$ProtoBufRpcInvoker.call(ProtobufRpcEngine2.java:556) [hadoop-common-3.3.4.jar:?]
	at org.apache.hadoop.ipc.RPC$Server.call(RPC.java:1093) [hadoop-common-3.3.4.jar:?]
	at org.apache.hadoop.ipc.Server$RpcCall.run(Server.java:1043) [hadoop-common-3.3.4.jar:?]
	at org.apache.hadoop.ipc.Server$RpcCall.run(Server.java:971) [hadoop-common-3.3.4.jar:?]
	at java.security.AccessController.doPrivileged(Native Method) ~[?:1.8.0_362]
	at javax.security.auth.Subject.doAs(Subject.java:422) [?:1.8.0_362]
	at org.apache.hadoop.security.UserGroupInformation.doAs(UserGroupInformation.java:1878) [hadoop-common-3.3.4.jar:?]
	at org.apache.hadoop.ipc.Server$Handler.run(Server.java:2976) [hadoop-common-3.3.4.jar:?]
]]></system-out>
  </testcase>
  <testcase name="testRenameContainDelimiterFile" classname="TestOzoneFileSystem" time="0.016">
    <system-out><![CDATA[2023-02-16 16:35:00,359 [OM StateMachine ApplyTransaction Thread - 0] INFO  key.OMKeyRequest (OMKeyRequest.java:wrapUncommittedBlocksAsPseudoKey(837)) - Detect allocated but uncommitted blocks [{blockID={containerID=6, localID=111677748019200038}, length=4194304, offset=0, token=null, pipeline=null, createVersion=0, partNumber=0}] in key dir1/dir2/key1.
16:35:00.360 [IPC Server handler 7 on default port 44851] ERROR OMAudit - user=runner | ip=127.0.0.1 | op=GET_FILE_STATUS {volume=volume35667, bucket=bucket27185, key=dir1/dir2/key2, dataSize=0, replicationConfig=null} | ret=FAILURE
org.apache.hadoop.ozone.om.exceptions.OMException: Unable to get file status: volume: volume35667 bucket: bucket27185 key: dir1/dir2/key2
	at org.apache.hadoop.ozone.om.KeyManagerImpl.getOzoneFileStatus(KeyManagerImpl.java:1162) ~[ozone-manager-1.4.0-SNAPSHOT.jar:?]
	at org.apache.hadoop.ozone.om.KeyManagerImpl.getFileStatus(KeyManagerImpl.java:1080) ~[ozone-manager-1.4.0-SNAPSHOT.jar:?]
	at org.apache.hadoop.ozone.om.OmMetadataReader.getFileStatus(OmMetadataReader.java:288) ~[ozone-manager-1.4.0-SNAPSHOT.jar:?]
	at org.apache.hadoop.ozone.om.OzoneManager.getFileStatus(OzoneManager.java:3450) ~[ozone-manager-1.4.0-SNAPSHOT.jar:?]
	at org.apache.hadoop.ozone.protocolPB.OzoneManagerRequestHandler.getOzoneFileStatus(OzoneManagerRequestHandler.java:933) ~[ozone-manager-1.4.0-SNAPSHOT.jar:?]
	at org.apache.hadoop.ozone.protocolPB.OzoneManagerRequestHandler.handleReadRequest(OzoneManagerRequestHandler.java:238) ~[ozone-manager-1.4.0-SNAPSHOT.jar:?]
	at org.apache.hadoop.ozone.protocolPB.OzoneManagerProtocolServerSideTranslatorPB.submitReadRequestToOM(OzoneManagerProtocolServerSideTranslatorPB.java:223) ~[ozone-manager-1.4.0-SNAPSHOT.jar:?]
	at org.apache.hadoop.ozone.protocolPB.OzoneManagerProtocolServerSideTranslatorPB.processRequest(OzoneManagerProtocolServerSideTranslatorPB.java:177) ~[ozone-manager-1.4.0-SNAPSHOT.jar:?]
	at org.apache.hadoop.hdds.server.OzoneProtocolMessageDispatcher.processRequest(OzoneProtocolMessageDispatcher.java:87) [hdds-server-framework-1.4.0-SNAPSHOT.jar:?]
	at org.apache.hadoop.ozone.protocolPB.OzoneManagerProtocolServerSideTranslatorPB.submitRequest(OzoneManagerProtocolServerSideTranslatorPB.java:147) [ozone-manager-1.4.0-SNAPSHOT.jar:?]
	at org.apache.hadoop.ozone.protocol.proto.OzoneManagerProtocolProtos$OzoneManagerService$2.callBlockingMethod(OzoneManagerProtocolProtos.java) [ozone-interface-client-1.4.0-SNAPSHOT.jar:?]
	at org.apache.hadoop.ipc.ProtobufRpcEngine$Server.processCall(ProtobufRpcEngine.java:465) [hadoop-common-3.3.4.jar:?]
	at org.apache.hadoop.ipc.ProtobufRpcEngine2$Server$ProtoBufRpcInvoker.call(ProtobufRpcEngine2.java:578) [hadoop-common-3.3.4.jar:?]
	at org.apache.hadoop.ipc.ProtobufRpcEngine2$Server$ProtoBufRpcInvoker.call(ProtobufRpcEngine2.java:556) [hadoop-common-3.3.4.jar:?]
	at org.apache.hadoop.ipc.RPC$Server.call(RPC.java:1093) [hadoop-common-3.3.4.jar:?]
	at org.apache.hadoop.ipc.Server$RpcCall.run(Server.java:1043) [hadoop-common-3.3.4.jar:?]
	at org.apache.hadoop.ipc.Server$RpcCall.run(Server.java:971) [hadoop-common-3.3.4.jar:?]
	at java.security.AccessController.doPrivileged(Native Method) ~[?:1.8.0_362]
	at javax.security.auth.Subject.doAs(Subject.java:422) [?:1.8.0_362]
	at org.apache.hadoop.security.UserGroupInformation.doAs(UserGroupInformation.java:1878) [hadoop-common-3.3.4.jar:?]
	at org.apache.hadoop.ipc.Server$Handler.run(Server.java:2976) [hadoop-common-3.3.4.jar:?]
16:35:00.364 [IPC Server handler 17 on default port 44851] ERROR OMAudit - user=runner | ip=127.0.0.1 | op=GET_FILE_STATUS {volume=volume35667, bucket=bucket27185, key=dir1/dir2/key1, dataSize=0, replicationConfig=null} | ret=FAILURE
org.apache.hadoop.ozone.om.exceptions.OMException: Unable to get file status: volume: volume35667 bucket: bucket27185 key: dir1/dir2/key1
	at org.apache.hadoop.ozone.om.KeyManagerImpl.getOzoneFileStatus(KeyManagerImpl.java:1162) ~[ozone-manager-1.4.0-SNAPSHOT.jar:?]
	at org.apache.hadoop.ozone.om.KeyManagerImpl.getFileStatus(KeyManagerImpl.java:1080) ~[ozone-manager-1.4.0-SNAPSHOT.jar:?]
	at org.apache.hadoop.ozone.om.OmMetadataReader.getFileStatus(OmMetadataReader.java:288) ~[ozone-manager-1.4.0-SNAPSHOT.jar:?]
	at org.apache.hadoop.ozone.om.OzoneManager.getFileStatus(OzoneManager.java:3450) ~[ozone-manager-1.4.0-SNAPSHOT.jar:?]
	at org.apache.hadoop.ozone.protocolPB.OzoneManagerRequestHandler.getOzoneFileStatus(OzoneManagerRequestHandler.java:933) ~[ozone-manager-1.4.0-SNAPSHOT.jar:?]
	at org.apache.hadoop.ozone.protocolPB.OzoneManagerRequestHandler.handleReadRequest(OzoneManagerRequestHandler.java:238) ~[ozone-manager-1.4.0-SNAPSHOT.jar:?]
	at org.apache.hadoop.ozone.protocolPB.OzoneManagerProtocolServerSideTranslatorPB.submitReadRequestToOM(OzoneManagerProtocolServerSideTranslatorPB.java:223) ~[ozone-manager-1.4.0-SNAPSHOT.jar:?]
	at org.apache.hadoop.ozone.protocolPB.OzoneManagerProtocolServerSideTranslatorPB.processRequest(OzoneManagerProtocolServerSideTranslatorPB.java:177) ~[ozone-manager-1.4.0-SNAPSHOT.jar:?]
	at org.apache.hadoop.hdds.server.OzoneProtocolMessageDispatcher.processRequest(OzoneProtocolMessageDispatcher.java:87) [hdds-server-framework-1.4.0-SNAPSHOT.jar:?]
	at org.apache.hadoop.ozone.protocolPB.OzoneManagerProtocolServerSideTranslatorPB.submitRequest(OzoneManagerProtocolServerSideTranslatorPB.java:147) [ozone-manager-1.4.0-SNAPSHOT.jar:?]
	at org.apache.hadoop.ozone.protocol.proto.OzoneManagerProtocolProtos$OzoneManagerService$2.callBlockingMethod(OzoneManagerProtocolProtos.java) [ozone-interface-client-1.4.0-SNAPSHOT.jar:?]
	at org.apache.hadoop.ipc.ProtobufRpcEngine$Server.processCall(ProtobufRpcEngine.java:465) [hadoop-common-3.3.4.jar:?]
	at org.apache.hadoop.ipc.ProtobufRpcEngine2$Server$ProtoBufRpcInvoker.call(ProtobufRpcEngine2.java:578) [hadoop-common-3.3.4.jar:?]
	at org.apache.hadoop.ipc.ProtobufRpcEngine2$Server$ProtoBufRpcInvoker.call(ProtobufRpcEngine2.java:556) [hadoop-common-3.3.4.jar:?]
	at org.apache.hadoop.ipc.RPC$Server.call(RPC.java:1093) [hadoop-common-3.3.4.jar:?]
	at org.apache.hadoop.ipc.Server$RpcCall.run(Server.java:1043) [hadoop-common-3.3.4.jar:?]
	at org.apache.hadoop.ipc.Server$RpcCall.run(Server.java:971) [hadoop-common-3.3.4.jar:?]
	at java.security.AccessController.doPrivileged(Native Method) ~[?:1.8.0_362]
	at javax.security.auth.Subject.doAs(Subject.java:422) [?:1.8.0_362]
	at org.apache.hadoop.security.UserGroupInformation.doAs(UserGroupInformation.java:1878) [hadoop-common-3.3.4.jar:?]
	at org.apache.hadoop.ipc.Server$Handler.run(Server.java:2976) [hadoop-common-3.3.4.jar:?]
16:35:00.365 [IPC Server handler 14 on default port 44851] ERROR OMAudit - user=runner | ip=127.0.0.1 | op=GET_FILE_STATUS {volume=volume35667, bucket=bucket27185, key=user/runner/dir1, dataSize=0, replicationConfig=null} | ret=FAILURE
org.apache.hadoop.ozone.om.exceptions.OMException: Unable to get file status: volume: volume35667 bucket: bucket27185 key: user/runner/dir1
	at org.apache.hadoop.ozone.om.KeyManagerImpl.getOzoneFileStatus(KeyManagerImpl.java:1162) ~[ozone-manager-1.4.0-SNAPSHOT.jar:?]
	at org.apache.hadoop.ozone.om.KeyManagerImpl.getFileStatus(KeyManagerImpl.java:1080) ~[ozone-manager-1.4.0-SNAPSHOT.jar:?]
	at org.apache.hadoop.ozone.om.OmMetadataReader.getFileStatus(OmMetadataReader.java:288) ~[ozone-manager-1.4.0-SNAPSHOT.jar:?]
	at org.apache.hadoop.ozone.om.OzoneManager.getFileStatus(OzoneManager.java:3450) ~[ozone-manager-1.4.0-SNAPSHOT.jar:?]
	at org.apache.hadoop.ozone.protocolPB.OzoneManagerRequestHandler.getOzoneFileStatus(OzoneManagerRequestHandler.java:933) ~[ozone-manager-1.4.0-SNAPSHOT.jar:?]
	at org.apache.hadoop.ozone.protocolPB.OzoneManagerRequestHandler.handleReadRequest(OzoneManagerRequestHandler.java:238) ~[ozone-manager-1.4.0-SNAPSHOT.jar:?]
	at org.apache.hadoop.ozone.protocolPB.OzoneManagerProtocolServerSideTranslatorPB.submitReadRequestToOM(OzoneManagerProtocolServerSideTranslatorPB.java:223) ~[ozone-manager-1.4.0-SNAPSHOT.jar:?]
	at org.apache.hadoop.ozone.protocolPB.OzoneManagerProtocolServerSideTranslatorPB.processRequest(OzoneManagerProtocolServerSideTranslatorPB.java:177) ~[ozone-manager-1.4.0-SNAPSHOT.jar:?]
	at org.apache.hadoop.hdds.server.OzoneProtocolMessageDispatcher.processRequest(OzoneProtocolMessageDispatcher.java:87) [hdds-server-framework-1.4.0-SNAPSHOT.jar:?]
	at org.apache.hadoop.ozone.protocolPB.OzoneManagerProtocolServerSideTranslatorPB.submitRequest(OzoneManagerProtocolServerSideTranslatorPB.java:147) [ozone-manager-1.4.0-SNAPSHOT.jar:?]
	at org.apache.hadoop.ozone.protocol.proto.OzoneManagerProtocolProtos$OzoneManagerService$2.callBlockingMethod(OzoneManagerProtocolProtos.java) [ozone-interface-client-1.4.0-SNAPSHOT.jar:?]
	at org.apache.hadoop.ipc.ProtobufRpcEngine$Server.processCall(ProtobufRpcEngine.java:465) [hadoop-common-3.3.4.jar:?]
	at org.apache.hadoop.ipc.ProtobufRpcEngine2$Server$ProtoBufRpcInvoker.call(ProtobufRpcEngine2.java:578) [hadoop-common-3.3.4.jar:?]
	at org.apache.hadoop.ipc.ProtobufRpcEngine2$Server$ProtoBufRpcInvoker.call(ProtobufRpcEngine2.java:556) [hadoop-common-3.3.4.jar:?]
	at org.apache.hadoop.ipc.RPC$Server.call(RPC.java:1093) [hadoop-common-3.3.4.jar:?]
	at org.apache.hadoop.ipc.Server$RpcCall.run(Server.java:1043) [hadoop-common-3.3.4.jar:?]
	at org.apache.hadoop.ipc.Server$RpcCall.run(Server.java:971) [hadoop-common-3.3.4.jar:?]
	at java.security.AccessController.doPrivileged(Native Method) ~[?:1.8.0_362]
	at javax.security.auth.Subject.doAs(Subject.java:422) [?:1.8.0_362]
	at org.apache.hadoop.security.UserGroupInformation.doAs(UserGroupInformation.java:1878) [hadoop-common-3.3.4.jar:?]
	at org.apache.hadoop.ipc.Server$Handler.run(Server.java:2976) [hadoop-common-3.3.4.jar:?]
16:35:00.365 [IPC Server handler 13 on default port 44851] ERROR OMAudit - user=runner | ip=127.0.0.1 | op=GET_FILE_STATUS {volume=volume35667, bucket=bucket27185, key=user/runner/dir1/dir2, dataSize=0, replicationConfig=null} | ret=FAILURE
org.apache.hadoop.ozone.om.exceptions.OMException: Unable to get file status: volume: volume35667 bucket: bucket27185 key: user/runner/dir1/dir2
	at org.apache.hadoop.ozone.om.KeyManagerImpl.getOzoneFileStatus(KeyManagerImpl.java:1162) ~[ozone-manager-1.4.0-SNAPSHOT.jar:?]
	at org.apache.hadoop.ozone.om.KeyManagerImpl.getFileStatus(KeyManagerImpl.java:1080) ~[ozone-manager-1.4.0-SNAPSHOT.jar:?]
	at org.apache.hadoop.ozone.om.OmMetadataReader.getFileStatus(OmMetadataReader.java:288) ~[ozone-manager-1.4.0-SNAPSHOT.jar:?]
	at org.apache.hadoop.ozone.om.OzoneManager.getFileStatus(OzoneManager.java:3450) ~[ozone-manager-1.4.0-SNAPSHOT.jar:?]
	at org.apache.hadoop.ozone.protocolPB.OzoneManagerRequestHandler.getOzoneFileStatus(OzoneManagerRequestHandler.java:933) ~[ozone-manager-1.4.0-SNAPSHOT.jar:?]
	at org.apache.hadoop.ozone.protocolPB.OzoneManagerRequestHandler.handleReadRequest(OzoneManagerRequestHandler.java:238) ~[ozone-manager-1.4.0-SNAPSHOT.jar:?]
	at org.apache.hadoop.ozone.protocolPB.OzoneManagerProtocolServerSideTranslatorPB.submitReadRequestToOM(OzoneManagerProtocolServerSideTranslatorPB.java:223) ~[ozone-manager-1.4.0-SNAPSHOT.jar:?]
	at org.apache.hadoop.ozone.protocolPB.OzoneManagerProtocolServerSideTranslatorPB.processRequest(OzoneManagerProtocolServerSideTranslatorPB.java:177) ~[ozone-manager-1.4.0-SNAPSHOT.jar:?]
	at org.apache.hadoop.hdds.server.OzoneProtocolMessageDispatcher.processRequest(OzoneProtocolMessageDispatcher.java:87) [hdds-server-framework-1.4.0-SNAPSHOT.jar:?]
	at org.apache.hadoop.ozone.protocolPB.OzoneManagerProtocolServerSideTranslatorPB.submitRequest(OzoneManagerProtocolServerSideTranslatorPB.java:147) [ozone-manager-1.4.0-SNAPSHOT.jar:?]
	at org.apache.hadoop.ozone.protocol.proto.OzoneManagerProtocolProtos$OzoneManagerService$2.callBlockingMethod(OzoneManagerProtocolProtos.java) [ozone-interface-client-1.4.0-SNAPSHOT.jar:?]
	at org.apache.hadoop.ipc.ProtobufRpcEngine$Server.processCall(ProtobufRpcEngine.java:465) [hadoop-common-3.3.4.jar:?]
	at org.apache.hadoop.ipc.ProtobufRpcEngine2$Server$ProtoBufRpcInvoker.call(ProtobufRpcEngine2.java:578) [hadoop-common-3.3.4.jar:?]
	at org.apache.hadoop.ipc.ProtobufRpcEngine2$Server$ProtoBufRpcInvoker.call(ProtobufRpcEngine2.java:556) [hadoop-common-3.3.4.jar:?]
	at org.apache.hadoop.ipc.RPC$Server.call(RPC.java:1093) [hadoop-common-3.3.4.jar:?]
	at org.apache.hadoop.ipc.Server$RpcCall.run(Server.java:1043) [hadoop-common-3.3.4.jar:?]
	at org.apache.hadoop.ipc.Server$RpcCall.run(Server.java:971) [hadoop-common-3.3.4.jar:?]
	at java.security.AccessController.doPrivileged(Native Method) ~[?:1.8.0_362]
	at javax.security.auth.Subject.doAs(Subject.java:422) [?:1.8.0_362]
	at org.apache.hadoop.security.UserGroupInformation.doAs(UserGroupInformation.java:1878) [hadoop-common-3.3.4.jar:?]
	at org.apache.hadoop.ipc.Server$Handler.run(Server.java:2976) [hadoop-common-3.3.4.jar:?]
]]></system-out>
  </testcase>
  <testcase name="testRenameContainDelimiterFile" classname="TestOzoneFileSystem" time="0.01">
    <system-out><![CDATA[2023-02-16 16:35:51,314 [IPC Server handler 15 on default port 38619] INFO  key.OMKeyRequest (OMKeyRequest.java:wrapUncommittedBlocksAsPseudoKey(837)) - Detect allocated but uncommitted blocks [{blockID={containerID=6, localID=111677748019200038}, length=4194304, offset=0, token=null, pipeline=null, createVersion=0, partNumber=0}] in key dir1/dir2/key1.
16:35:51.315 [IPC Server handler 17 on default port 38619] ERROR OMAudit - user=runner | ip=127.0.0.1 | op=GET_FILE_STATUS {volume=volume78724, bucket=bucket78568, key=dir1/dir2/key2, dataSize=0, replicationConfig=null} | ret=FAILURE
org.apache.hadoop.ozone.om.exceptions.OMException: Unable to get file status: volume: volume78724 bucket: bucket78568 key: dir1/dir2/key2
	at org.apache.hadoop.ozone.om.KeyManagerImpl.getOzoneFileStatus(KeyManagerImpl.java:1162) ~[ozone-manager-1.4.0-SNAPSHOT.jar:?]
	at org.apache.hadoop.ozone.om.KeyManagerImpl.getFileStatus(KeyManagerImpl.java:1080) ~[ozone-manager-1.4.0-SNAPSHOT.jar:?]
	at org.apache.hadoop.ozone.om.OmMetadataReader.getFileStatus(OmMetadataReader.java:288) ~[ozone-manager-1.4.0-SNAPSHOT.jar:?]
	at org.apache.hadoop.ozone.om.OzoneManager.getFileStatus(OzoneManager.java:3450) ~[ozone-manager-1.4.0-SNAPSHOT.jar:?]
	at org.apache.hadoop.ozone.protocolPB.OzoneManagerRequestHandler.getOzoneFileStatus(OzoneManagerRequestHandler.java:933) ~[ozone-manager-1.4.0-SNAPSHOT.jar:?]
	at org.apache.hadoop.ozone.protocolPB.OzoneManagerRequestHandler.handleReadRequest(OzoneManagerRequestHandler.java:238) ~[ozone-manager-1.4.0-SNAPSHOT.jar:?]
	at org.apache.hadoop.ozone.protocolPB.OzoneManagerProtocolServerSideTranslatorPB.submitRequestDirectlyToOM(OzoneManagerProtocolServerSideTranslatorPB.java:271) ~[ozone-manager-1.4.0-SNAPSHOT.jar:?]
	at org.apache.hadoop.ozone.protocolPB.OzoneManagerProtocolServerSideTranslatorPB.processRequest(OzoneManagerProtocolServerSideTranslatorPB.java:173) ~[ozone-manager-1.4.0-SNAPSHOT.jar:?]
	at org.apache.hadoop.hdds.server.OzoneProtocolMessageDispatcher.processRequest(OzoneProtocolMessageDispatcher.java:87) [hdds-server-framework-1.4.0-SNAPSHOT.jar:?]
	at org.apache.hadoop.ozone.protocolPB.OzoneManagerProtocolServerSideTranslatorPB.submitRequest(OzoneManagerProtocolServerSideTranslatorPB.java:147) [ozone-manager-1.4.0-SNAPSHOT.jar:?]
	at org.apache.hadoop.ozone.protocol.proto.OzoneManagerProtocolProtos$OzoneManagerService$2.callBlockingMethod(OzoneManagerProtocolProtos.java) [ozone-interface-client-1.4.0-SNAPSHOT.jar:?]
	at org.apache.hadoop.ipc.ProtobufRpcEngine$Server.processCall(ProtobufRpcEngine.java:465) [hadoop-common-3.3.4.jar:?]
	at org.apache.hadoop.ipc.ProtobufRpcEngine2$Server$ProtoBufRpcInvoker.call(ProtobufRpcEngine2.java:578) [hadoop-common-3.3.4.jar:?]
	at org.apache.hadoop.ipc.ProtobufRpcEngine2$Server$ProtoBufRpcInvoker.call(ProtobufRpcEngine2.java:556) [hadoop-common-3.3.4.jar:?]
	at org.apache.hadoop.ipc.RPC$Server.call(RPC.java:1093) [hadoop-common-3.3.4.jar:?]
	at org.apache.hadoop.ipc.Server$RpcCall.run(Server.java:1043) [hadoop-common-3.3.4.jar:?]
	at org.apache.hadoop.ipc.Server$RpcCall.run(Server.java:971) [hadoop-common-3.3.4.jar:?]
	at java.security.AccessController.doPrivileged(Native Method) ~[?:1.8.0_362]
	at javax.security.auth.Subject.doAs(Subject.java:422) [?:1.8.0_362]
	at org.apache.hadoop.security.UserGroupInformation.doAs(UserGroupInformation.java:1878) [hadoop-common-3.3.4.jar:?]
	at org.apache.hadoop.ipc.Server$Handler.run(Server.java:2976) [hadoop-common-3.3.4.jar:?]
16:35:51.318 [IPC Server handler 3 on default port 38619] ERROR OMAudit - user=runner | ip=127.0.0.1 | op=GET_FILE_STATUS {volume=volume78724, bucket=bucket78568, key=dir1/dir2/key1, dataSize=0, replicationConfig=null} | ret=FAILURE
org.apache.hadoop.ozone.om.exceptions.OMException: Unable to get file status: volume: volume78724 bucket: bucket78568 key: dir1/dir2/key1
	at org.apache.hadoop.ozone.om.KeyManagerImpl.getOzoneFileStatus(KeyManagerImpl.java:1162) ~[ozone-manager-1.4.0-SNAPSHOT.jar:?]
	at org.apache.hadoop.ozone.om.KeyManagerImpl.getFileStatus(KeyManagerImpl.java:1080) ~[ozone-manager-1.4.0-SNAPSHOT.jar:?]
	at org.apache.hadoop.ozone.om.OmMetadataReader.getFileStatus(OmMetadataReader.java:288) ~[ozone-manager-1.4.0-SNAPSHOT.jar:?]
	at org.apache.hadoop.ozone.om.OzoneManager.getFileStatus(OzoneManager.java:3450) ~[ozone-manager-1.4.0-SNAPSHOT.jar:?]
	at org.apache.hadoop.ozone.protocolPB.OzoneManagerRequestHandler.getOzoneFileStatus(OzoneManagerRequestHandler.java:933) ~[ozone-manager-1.4.0-SNAPSHOT.jar:?]
	at org.apache.hadoop.ozone.protocolPB.OzoneManagerRequestHandler.handleReadRequest(OzoneManagerRequestHandler.java:238) ~[ozone-manager-1.4.0-SNAPSHOT.jar:?]
	at org.apache.hadoop.ozone.protocolPB.OzoneManagerProtocolServerSideTranslatorPB.submitRequestDirectlyToOM(OzoneManagerProtocolServerSideTranslatorPB.java:271) ~[ozone-manager-1.4.0-SNAPSHOT.jar:?]
	at org.apache.hadoop.ozone.protocolPB.OzoneManagerProtocolServerSideTranslatorPB.processRequest(OzoneManagerProtocolServerSideTranslatorPB.java:173) ~[ozone-manager-1.4.0-SNAPSHOT.jar:?]
	at org.apache.hadoop.hdds.server.OzoneProtocolMessageDispatcher.processRequest(OzoneProtocolMessageDispatcher.java:87) [hdds-server-framework-1.4.0-SNAPSHOT.jar:?]
	at org.apache.hadoop.ozone.protocolPB.OzoneManagerProtocolServerSideTranslatorPB.submitRequest(OzoneManagerProtocolServerSideTranslatorPB.java:147) [ozone-manager-1.4.0-SNAPSHOT.jar:?]
	at org.apache.hadoop.ozone.protocol.proto.OzoneManagerProtocolProtos$OzoneManagerService$2.callBlockingMethod(OzoneManagerProtocolProtos.java) [ozone-interface-client-1.4.0-SNAPSHOT.jar:?]
	at org.apache.hadoop.ipc.ProtobufRpcEngine$Server.processCall(ProtobufRpcEngine.java:465) [hadoop-common-3.3.4.jar:?]
	at org.apache.hadoop.ipc.ProtobufRpcEngine2$Server$ProtoBufRpcInvoker.call(ProtobufRpcEngine2.java:578) [hadoop-common-3.3.4.jar:?]
	at org.apache.hadoop.ipc.ProtobufRpcEngine2$Server$ProtoBufRpcInvoker.call(ProtobufRpcEngine2.java:556) [hadoop-common-3.3.4.jar:?]
	at org.apache.hadoop.ipc.RPC$Server.call(RPC.java:1093) [hadoop-common-3.3.4.jar:?]
	at org.apache.hadoop.ipc.Server$RpcCall.run(Server.java:1043) [hadoop-common-3.3.4.jar:?]
	at org.apache.hadoop.ipc.Server$RpcCall.run(Server.java:971) [hadoop-common-3.3.4.jar:?]
	at java.security.AccessController.doPrivileged(Native Method) ~[?:1.8.0_362]
	at javax.security.auth.Subject.doAs(Subject.java:422) [?:1.8.0_362]
	at org.apache.hadoop.security.UserGroupInformation.doAs(UserGroupInformation.java:1878) [hadoop-common-3.3.4.jar:?]
	at org.apache.hadoop.ipc.Server$Handler.run(Server.java:2976) [hadoop-common-3.3.4.jar:?]
16:35:51.318 [IPC Server handler 5 on default port 38619] ERROR OMAudit - user=runner | ip=127.0.0.1 | op=GET_FILE_STATUS {volume=volume78724, bucket=bucket78568, key=user/runner/dir1, dataSize=0, replicationConfig=null} | ret=FAILURE
org.apache.hadoop.ozone.om.exceptions.OMException: Unable to get file status: volume: volume78724 bucket: bucket78568 key: user/runner/dir1
	at org.apache.hadoop.ozone.om.KeyManagerImpl.getOzoneFileStatus(KeyManagerImpl.java:1162) ~[ozone-manager-1.4.0-SNAPSHOT.jar:?]
	at org.apache.hadoop.ozone.om.KeyManagerImpl.getFileStatus(KeyManagerImpl.java:1080) ~[ozone-manager-1.4.0-SNAPSHOT.jar:?]
	at org.apache.hadoop.ozone.om.OmMetadataReader.getFileStatus(OmMetadataReader.java:288) ~[ozone-manager-1.4.0-SNAPSHOT.jar:?]
	at org.apache.hadoop.ozone.om.OzoneManager.getFileStatus(OzoneManager.java:3450) ~[ozone-manager-1.4.0-SNAPSHOT.jar:?]
	at org.apache.hadoop.ozone.protocolPB.OzoneManagerRequestHandler.getOzoneFileStatus(OzoneManagerRequestHandler.java:933) ~[ozone-manager-1.4.0-SNAPSHOT.jar:?]
	at org.apache.hadoop.ozone.protocolPB.OzoneManagerRequestHandler.handleReadRequest(OzoneManagerRequestHandler.java:238) ~[ozone-manager-1.4.0-SNAPSHOT.jar:?]
	at org.apache.hadoop.ozone.protocolPB.OzoneManagerProtocolServerSideTranslatorPB.submitRequestDirectlyToOM(OzoneManagerProtocolServerSideTranslatorPB.java:271) ~[ozone-manager-1.4.0-SNAPSHOT.jar:?]
	at org.apache.hadoop.ozone.protocolPB.OzoneManagerProtocolServerSideTranslatorPB.processRequest(OzoneManagerProtocolServerSideTranslatorPB.java:173) ~[ozone-manager-1.4.0-SNAPSHOT.jar:?]
	at org.apache.hadoop.hdds.server.OzoneProtocolMessageDispatcher.processRequest(OzoneProtocolMessageDispatcher.java:87) [hdds-server-framework-1.4.0-SNAPSHOT.jar:?]
	at org.apache.hadoop.ozone.protocolPB.OzoneManagerProtocolServerSideTranslatorPB.submitRequest(OzoneManagerProtocolServerSideTranslatorPB.java:147) [ozone-manager-1.4.0-SNAPSHOT.jar:?]
	at org.apache.hadoop.ozone.protocol.proto.OzoneManagerProtocolProtos$OzoneManagerService$2.callBlockingMethod(OzoneManagerProtocolProtos.java) [ozone-interface-client-1.4.0-SNAPSHOT.jar:?]
	at org.apache.hadoop.ipc.ProtobufRpcEngine$Server.processCall(ProtobufRpcEngine.java:465) [hadoop-common-3.3.4.jar:?]
	at org.apache.hadoop.ipc.ProtobufRpcEngine2$Server$ProtoBufRpcInvoker.call(ProtobufRpcEngine2.java:578) [hadoop-common-3.3.4.jar:?]
	at org.apache.hadoop.ipc.ProtobufRpcEngine2$Server$ProtoBufRpcInvoker.call(ProtobufRpcEngine2.java:556) [hadoop-common-3.3.4.jar:?]
	at org.apache.hadoop.ipc.RPC$Server.call(RPC.java:1093) [hadoop-common-3.3.4.jar:?]
	at org.apache.hadoop.ipc.Server$RpcCall.run(Server.java:1043) [hadoop-common-3.3.4.jar:?]
	at org.apache.hadoop.ipc.Server$RpcCall.run(Server.java:971) [hadoop-common-3.3.4.jar:?]
	at java.security.AccessController.doPrivileged(Native Method) ~[?:1.8.0_362]
	at javax.security.auth.Subject.doAs(Subject.java:422) [?:1.8.0_362]
	at org.apache.hadoop.security.UserGroupInformation.doAs(UserGroupInformation.java:1878) [hadoop-common-3.3.4.jar:?]
	at org.apache.hadoop.ipc.Server$Handler.run(Server.java:2976) [hadoop-common-3.3.4.jar:?]
16:35:51.319 [IPC Server handler 6 on default port 38619] ERROR OMAudit - user=runner | ip=127.0.0.1 | op=GET_FILE_STATUS {volume=volume78724, bucket=bucket78568, key=user/runner/dir1/dir2, dataSize=0, replicationConfig=null} | ret=FAILURE
org.apache.hadoop.ozone.om.exceptions.OMException: Unable to get file status: volume: volume78724 bucket: bucket78568 key: user/runner/dir1/dir2
	at org.apache.hadoop.ozone.om.KeyManagerImpl.getOzoneFileStatus(KeyManagerImpl.java:1162) ~[ozone-manager-1.4.0-SNAPSHOT.jar:?]
	at org.apache.hadoop.ozone.om.KeyManagerImpl.getFileStatus(KeyManagerImpl.java:1080) ~[ozone-manager-1.4.0-SNAPSHOT.jar:?]
	at org.apache.hadoop.ozone.om.OmMetadataReader.getFileStatus(OmMetadataReader.java:288) ~[ozone-manager-1.4.0-SNAPSHOT.jar:?]
	at org.apache.hadoop.ozone.om.OzoneManager.getFileStatus(OzoneManager.java:3450) ~[ozone-manager-1.4.0-SNAPSHOT.jar:?]
	at org.apache.hadoop.ozone.protocolPB.OzoneManagerRequestHandler.getOzoneFileStatus(OzoneManagerRequestHandler.java:933) ~[ozone-manager-1.4.0-SNAPSHOT.jar:?]
	at org.apache.hadoop.ozone.protocolPB.OzoneManagerRequestHandler.handleReadRequest(OzoneManagerRequestHandler.java:238) ~[ozone-manager-1.4.0-SNAPSHOT.jar:?]
	at org.apache.hadoop.ozone.protocolPB.OzoneManagerProtocolServerSideTranslatorPB.submitRequestDirectlyToOM(OzoneManagerProtocolServerSideTranslatorPB.java:271) ~[ozone-manager-1.4.0-SNAPSHOT.jar:?]
	at org.apache.hadoop.ozone.protocolPB.OzoneManagerProtocolServerSideTranslatorPB.processRequest(OzoneManagerProtocolServerSideTranslatorPB.java:173) ~[ozone-manager-1.4.0-SNAPSHOT.jar:?]
	at org.apache.hadoop.hdds.server.OzoneProtocolMessageDispatcher.processRequest(OzoneProtocolMessageDispatcher.java:87) [hdds-server-framework-1.4.0-SNAPSHOT.jar:?]
	at org.apache.hadoop.ozone.protocolPB.OzoneManagerProtocolServerSideTranslatorPB.submitRequest(OzoneManagerProtocolServerSideTranslatorPB.java:147) [ozone-manager-1.4.0-SNAPSHOT.jar:?]
	at org.apache.hadoop.ozone.protocol.proto.OzoneManagerProtocolProtos$OzoneManagerService$2.callBlockingMethod(OzoneManagerProtocolProtos.java) [ozone-interface-client-1.4.0-SNAPSHOT.jar:?]
	at org.apache.hadoop.ipc.ProtobufRpcEngine$Server.processCall(ProtobufRpcEngine.java:465) [hadoop-common-3.3.4.jar:?]
	at org.apache.hadoop.ipc.ProtobufRpcEngine2$Server$ProtoBufRpcInvoker.call(ProtobufRpcEngine2.java:578) [hadoop-common-3.3.4.jar:?]
	at org.apache.hadoop.ipc.ProtobufRpcEngine2$Server$ProtoBufRpcInvoker.call(ProtobufRpcEngine2.java:556) [hadoop-common-3.3.4.jar:?]
	at org.apache.hadoop.ipc.RPC$Server.call(RPC.java:1093) [hadoop-common-3.3.4.jar:?]
	at org.apache.hadoop.ipc.Server$RpcCall.run(Server.java:1043) [hadoop-common-3.3.4.jar:?]
	at org.apache.hadoop.ipc.Server$RpcCall.run(Server.java:971) [hadoop-common-3.3.4.jar:?]
	at java.security.AccessController.doPrivileged(Native Method) ~[?:1.8.0_362]
	at javax.security.auth.Subject.doAs(Subject.java:422) [?:1.8.0_362]
	at org.apache.hadoop.security.UserGroupInformation.doAs(UserGroupInformation.java:1878) [hadoop-common-3.3.4.jar:?]
	at org.apache.hadoop.ipc.Server$Handler.run(Server.java:2976) [hadoop-common-3.3.4.jar:?]
]]></system-out>
  </testcase>
  <testcase name="testMakeDirsWithAnFakeDirectory" classname="TestOzoneFileSystem" time="0.036">
    <system-out><![CDATA[2023-02-16 16:33:13,466 [OM StateMachine ApplyTransaction Thread - 0] INFO  key.OMKeyRequest (OMKeyRequest.java:wrapUncommittedBlocksAsPseudoKey(837)) - Detect allocated but uncommitted blocks [{blockID={containerID=7, localID=111677748019200039}, length=4194304, offset=0, token=null, pipeline=null, createVersion=0, partNumber=0}] in key dir1/dir2/key1.
16:33:13.468 [IPC Server handler 13 on default port 37073] ERROR OMAudit - user=runner | ip=127.0.0.1 | op=GET_FILE_STATUS {volume=volume28358, bucket=bucket39322, key=user/runner/dir1/dir2, dataSize=0, replicationConfig=null} | ret=FAILURE
org.apache.hadoop.ozone.om.exceptions.OMException: Unable to get file status: volume: volume28358 bucket: bucket39322 key: user/runner/dir1/dir2
	at org.apache.hadoop.ozone.om.KeyManagerImpl.getOzoneFileStatus(KeyManagerImpl.java:1162) ~[ozone-manager-1.4.0-SNAPSHOT.jar:?]
	at org.apache.hadoop.ozone.om.KeyManagerImpl.getFileStatus(KeyManagerImpl.java:1080) ~[ozone-manager-1.4.0-SNAPSHOT.jar:?]
	at org.apache.hadoop.ozone.om.OmMetadataReader.getFileStatus(OmMetadataReader.java:288) ~[ozone-manager-1.4.0-SNAPSHOT.jar:?]
	at org.apache.hadoop.ozone.om.OzoneManager.getFileStatus(OzoneManager.java:3450) ~[ozone-manager-1.4.0-SNAPSHOT.jar:?]
	at org.apache.hadoop.ozone.protocolPB.OzoneManagerRequestHandler.getOzoneFileStatus(OzoneManagerRequestHandler.java:933) ~[ozone-manager-1.4.0-SNAPSHOT.jar:?]
	at org.apache.hadoop.ozone.protocolPB.OzoneManagerRequestHandler.handleReadRequest(OzoneManagerRequestHandler.java:238) ~[ozone-manager-1.4.0-SNAPSHOT.jar:?]
	at org.apache.hadoop.ozone.protocolPB.OzoneManagerProtocolServerSideTranslatorPB.submitReadRequestToOM(OzoneManagerProtocolServerSideTranslatorPB.java:223) ~[ozone-manager-1.4.0-SNAPSHOT.jar:?]
	at org.apache.hadoop.ozone.protocolPB.OzoneManagerProtocolServerSideTranslatorPB.processRequest(OzoneManagerProtocolServerSideTranslatorPB.java:177) ~[ozone-manager-1.4.0-SNAPSHOT.jar:?]
	at org.apache.hadoop.hdds.server.OzoneProtocolMessageDispatcher.processRequest(OzoneProtocolMessageDispatcher.java:87) [hdds-server-framework-1.4.0-SNAPSHOT.jar:?]
	at org.apache.hadoop.ozone.protocolPB.OzoneManagerProtocolServerSideTranslatorPB.submitRequest(OzoneManagerProtocolServerSideTranslatorPB.java:147) [ozone-manager-1.4.0-SNAPSHOT.jar:?]
	at org.apache.hadoop.ozone.protocol.proto.OzoneManagerProtocolProtos$OzoneManagerService$2.callBlockingMethod(OzoneManagerProtocolProtos.java) [ozone-interface-client-1.4.0-SNAPSHOT.jar:?]
	at org.apache.hadoop.ipc.ProtobufRpcEngine$Server.processCall(ProtobufRpcEngine.java:465) [hadoop-common-3.3.4.jar:?]
	at org.apache.hadoop.ipc.ProtobufRpcEngine2$Server$ProtoBufRpcInvoker.call(ProtobufRpcEngine2.java:578) [hadoop-common-3.3.4.jar:?]
	at org.apache.hadoop.ipc.ProtobufRpcEngine2$Server$ProtoBufRpcInvoker.call(ProtobufRpcEngine2.java:556) [hadoop-common-3.3.4.jar:?]
	at org.apache.hadoop.ipc.RPC$Server.call(RPC.java:1093) [hadoop-common-3.3.4.jar:?]
	at org.apache.hadoop.ipc.Server$RpcCall.run(Server.java:1043) [hadoop-common-3.3.4.jar:?]
	at org.apache.hadoop.ipc.Server$RpcCall.run(Server.java:971) [hadoop-common-3.3.4.jar:?]
	at java.security.AccessController.doPrivileged(Native Method) ~[?:1.8.0_362]
	at javax.security.auth.Subject.doAs(Subject.java:422) [?:1.8.0_362]
	at org.apache.hadoop.security.UserGroupInformation.doAs(UserGroupInformation.java:1878) [hadoop-common-3.3.4.jar:?]
	at org.apache.hadoop.ipc.Server$Handler.run(Server.java:2976) [hadoop-common-3.3.4.jar:?]
]]></system-out>
  </testcase>
  <testcase name="testMakeDirsWithAnFakeDirectory" classname="TestOzoneFileSystem" time="0.01">
    <system-out><![CDATA[2023-02-16 16:34:13,184 [IPC Server handler 3 on default port 46781] INFO  key.OMKeyRequest (OMKeyRequest.java:wrapUncommittedBlocksAsPseudoKey(837)) - Detect allocated but uncommitted blocks [{blockID={containerID=7, localID=111677748019200039}, length=4194304, offset=0, token=null, pipeline=null, createVersion=0, partNumber=0}] in key dir1/dir2/key1.
16:34:13.185 [IPC Server handler 2 on default port 46781] ERROR OMAudit - user=runner | ip=127.0.0.1 | op=GET_FILE_STATUS {volume=volume76608, bucket=bucket25283, key=user/runner/dir1/dir2, dataSize=0, replicationConfig=null} | ret=FAILURE
org.apache.hadoop.ozone.om.exceptions.OMException: Unable to get file status: volume: volume76608 bucket: bucket25283 key: user/runner/dir1/dir2
	at org.apache.hadoop.ozone.om.KeyManagerImpl.getOzoneFileStatus(KeyManagerImpl.java:1162) ~[ozone-manager-1.4.0-SNAPSHOT.jar:?]
	at org.apache.hadoop.ozone.om.KeyManagerImpl.getFileStatus(KeyManagerImpl.java:1080) ~[ozone-manager-1.4.0-SNAPSHOT.jar:?]
	at org.apache.hadoop.ozone.om.OmMetadataReader.getFileStatus(OmMetadataReader.java:288) ~[ozone-manager-1.4.0-SNAPSHOT.jar:?]
	at org.apache.hadoop.ozone.om.OzoneManager.getFileStatus(OzoneManager.java:3450) ~[ozone-manager-1.4.0-SNAPSHOT.jar:?]
	at org.apache.hadoop.ozone.protocolPB.OzoneManagerRequestHandler.getOzoneFileStatus(OzoneManagerRequestHandler.java:933) ~[ozone-manager-1.4.0-SNAPSHOT.jar:?]
	at org.apache.hadoop.ozone.protocolPB.OzoneManagerRequestHandler.handleReadRequest(OzoneManagerRequestHandler.java:238) ~[ozone-manager-1.4.0-SNAPSHOT.jar:?]
	at org.apache.hadoop.ozone.protocolPB.OzoneManagerProtocolServerSideTranslatorPB.submitRequestDirectlyToOM(OzoneManagerProtocolServerSideTranslatorPB.java:271) ~[ozone-manager-1.4.0-SNAPSHOT.jar:?]
	at org.apache.hadoop.ozone.protocolPB.OzoneManagerProtocolServerSideTranslatorPB.processRequest(OzoneManagerProtocolServerSideTranslatorPB.java:173) ~[ozone-manager-1.4.0-SNAPSHOT.jar:?]
	at org.apache.hadoop.hdds.server.OzoneProtocolMessageDispatcher.processRequest(OzoneProtocolMessageDispatcher.java:87) [hdds-server-framework-1.4.0-SNAPSHOT.jar:?]
	at org.apache.hadoop.ozone.protocolPB.OzoneManagerProtocolServerSideTranslatorPB.submitRequest(OzoneManagerProtocolServerSideTranslatorPB.java:147) [ozone-manager-1.4.0-SNAPSHOT.jar:?]
	at org.apache.hadoop.ozone.protocol.proto.OzoneManagerProtocolProtos$OzoneManagerService$2.callBlockingMethod(OzoneManagerProtocolProtos.java) [ozone-interface-client-1.4.0-SNAPSHOT.jar:?]
	at org.apache.hadoop.ipc.ProtobufRpcEngine$Server.processCall(ProtobufRpcEngine.java:465) [hadoop-common-3.3.4.jar:?]
	at org.apache.hadoop.ipc.ProtobufRpcEngine2$Server$ProtoBufRpcInvoker.call(ProtobufRpcEngine2.java:578) [hadoop-common-3.3.4.jar:?]
	at org.apache.hadoop.ipc.ProtobufRpcEngine2$Server$ProtoBufRpcInvoker.call(ProtobufRpcEngine2.java:556) [hadoop-common-3.3.4.jar:?]
	at org.apache.hadoop.ipc.RPC$Server.call(RPC.java:1093) [hadoop-common-3.3.4.jar:?]
	at org.apache.hadoop.ipc.Server$RpcCall.run(Server.java:1043) [hadoop-common-3.3.4.jar:?]
	at org.apache.hadoop.ipc.Server$RpcCall.run(Server.java:971) [hadoop-common-3.3.4.jar:?]
	at java.security.AccessController.doPrivileged(Native Method) ~[?:1.8.0_362]
	at javax.security.auth.Subject.doAs(Subject.java:422) [?:1.8.0_362]
	at org.apache.hadoop.security.UserGroupInformation.doAs(UserGroupInformation.java:1878) [hadoop-common-3.3.4.jar:?]
	at org.apache.hadoop.ipc.Server$Handler.run(Server.java:2976) [hadoop-common-3.3.4.jar:?]
]]></system-out>
  </testcase>
  <testcase name="testMakeDirsWithAnFakeDirectory" classname="TestOzoneFileSystem" time="0.013">
    <system-out><![CDATA[2023-02-16 16:35:00,373 [OM StateMachine ApplyTransaction Thread - 0] INFO  key.OMKeyRequest (OMKeyRequest.java:wrapUncommittedBlocksAsPseudoKey(837)) - Detect allocated but uncommitted blocks [{blockID={containerID=7, localID=111677748019200039}, length=4194304, offset=0, token=null, pipeline=null, createVersion=0, partNumber=0}] in key dir1/dir2/key1.
16:35:00.374 [IPC Server handler 3 on default port 44851] ERROR OMAudit - user=runner | ip=127.0.0.1 | op=GET_FILE_STATUS {volume=volume35667, bucket=bucket27185, key=user/runner/dir1/dir2, dataSize=0, replicationConfig=null} | ret=FAILURE
org.apache.hadoop.ozone.om.exceptions.OMException: Unable to get file status: volume: volume35667 bucket: bucket27185 key: user/runner/dir1/dir2
	at org.apache.hadoop.ozone.om.KeyManagerImpl.getOzoneFileStatus(KeyManagerImpl.java:1162) ~[ozone-manager-1.4.0-SNAPSHOT.jar:?]
	at org.apache.hadoop.ozone.om.KeyManagerImpl.getFileStatus(KeyManagerImpl.java:1080) ~[ozone-manager-1.4.0-SNAPSHOT.jar:?]
	at org.apache.hadoop.ozone.om.OmMetadataReader.getFileStatus(OmMetadataReader.java:288) ~[ozone-manager-1.4.0-SNAPSHOT.jar:?]
	at org.apache.hadoop.ozone.om.OzoneManager.getFileStatus(OzoneManager.java:3450) ~[ozone-manager-1.4.0-SNAPSHOT.jar:?]
	at org.apache.hadoop.ozone.protocolPB.OzoneManagerRequestHandler.getOzoneFileStatus(OzoneManagerRequestHandler.java:933) ~[ozone-manager-1.4.0-SNAPSHOT.jar:?]
	at org.apache.hadoop.ozone.protocolPB.OzoneManagerRequestHandler.handleReadRequest(OzoneManagerRequestHandler.java:238) ~[ozone-manager-1.4.0-SNAPSHOT.jar:?]
	at org.apache.hadoop.ozone.protocolPB.OzoneManagerProtocolServerSideTranslatorPB.submitReadRequestToOM(OzoneManagerProtocolServerSideTranslatorPB.java:223) ~[ozone-manager-1.4.0-SNAPSHOT.jar:?]
	at org.apache.hadoop.ozone.protocolPB.OzoneManagerProtocolServerSideTranslatorPB.processRequest(OzoneManagerProtocolServerSideTranslatorPB.java:177) ~[ozone-manager-1.4.0-SNAPSHOT.jar:?]
	at org.apache.hadoop.hdds.server.OzoneProtocolMessageDispatcher.processRequest(OzoneProtocolMessageDispatcher.java:87) [hdds-server-framework-1.4.0-SNAPSHOT.jar:?]
	at org.apache.hadoop.ozone.protocolPB.OzoneManagerProtocolServerSideTranslatorPB.submitRequest(OzoneManagerProtocolServerSideTranslatorPB.java:147) [ozone-manager-1.4.0-SNAPSHOT.jar:?]
	at org.apache.hadoop.ozone.protocol.proto.OzoneManagerProtocolProtos$OzoneManagerService$2.callBlockingMethod(OzoneManagerProtocolProtos.java) [ozone-interface-client-1.4.0-SNAPSHOT.jar:?]
	at org.apache.hadoop.ipc.ProtobufRpcEngine$Server.processCall(ProtobufRpcEngine.java:465) [hadoop-common-3.3.4.jar:?]
	at org.apache.hadoop.ipc.ProtobufRpcEngine2$Server$ProtoBufRpcInvoker.call(ProtobufRpcEngine2.java:578) [hadoop-common-3.3.4.jar:?]
	at org.apache.hadoop.ipc.ProtobufRpcEngine2$Server$ProtoBufRpcInvoker.call(ProtobufRpcEngine2.java:556) [hadoop-common-3.3.4.jar:?]
	at org.apache.hadoop.ipc.RPC$Server.call(RPC.java:1093) [hadoop-common-3.3.4.jar:?]
	at org.apache.hadoop.ipc.Server$RpcCall.run(Server.java:1043) [hadoop-common-3.3.4.jar:?]
	at org.apache.hadoop.ipc.Server$RpcCall.run(Server.java:971) [hadoop-common-3.3.4.jar:?]
	at java.security.AccessController.doPrivileged(Native Method) ~[?:1.8.0_362]
	at javax.security.auth.Subject.doAs(Subject.java:422) [?:1.8.0_362]
	at org.apache.hadoop.security.UserGroupInformation.doAs(UserGroupInformation.java:1878) [hadoop-common-3.3.4.jar:?]
	at org.apache.hadoop.ipc.Server$Handler.run(Server.java:2976) [hadoop-common-3.3.4.jar:?]
]]></system-out>
  </testcase>
  <testcase name="testMakeDirsWithAnFakeDirectory" classname="TestOzoneFileSystem" time="0.008">
    <system-out><![CDATA[2023-02-16 16:35:51,324 [IPC Server handler 14 on default port 38619] INFO  key.OMKeyRequest (OMKeyRequest.java:wrapUncommittedBlocksAsPseudoKey(837)) - Detect allocated but uncommitted blocks [{blockID={containerID=7, localID=111677748019200039}, length=4194304, offset=0, token=null, pipeline=null, createVersion=0, partNumber=0}] in key dir1/dir2/key1.
16:35:51.324 [IPC Server handler 15 on default port 38619] ERROR OMAudit - user=runner | ip=127.0.0.1 | op=GET_FILE_STATUS {volume=volume78724, bucket=bucket78568, key=user/runner/dir1/dir2, dataSize=0, replicationConfig=null} | ret=FAILURE
org.apache.hadoop.ozone.om.exceptions.OMException: Unable to get file status: volume: volume78724 bucket: bucket78568 key: user/runner/dir1/dir2
	at org.apache.hadoop.ozone.om.KeyManagerImpl.getOzoneFileStatus(KeyManagerImpl.java:1162) ~[ozone-manager-1.4.0-SNAPSHOT.jar:?]
	at org.apache.hadoop.ozone.om.KeyManagerImpl.getFileStatus(KeyManagerImpl.java:1080) ~[ozone-manager-1.4.0-SNAPSHOT.jar:?]
	at org.apache.hadoop.ozone.om.OmMetadataReader.getFileStatus(OmMetadataReader.java:288) ~[ozone-manager-1.4.0-SNAPSHOT.jar:?]
	at org.apache.hadoop.ozone.om.OzoneManager.getFileStatus(OzoneManager.java:3450) ~[ozone-manager-1.4.0-SNAPSHOT.jar:?]
	at org.apache.hadoop.ozone.protocolPB.OzoneManagerRequestHandler.getOzoneFileStatus(OzoneManagerRequestHandler.java:933) ~[ozone-manager-1.4.0-SNAPSHOT.jar:?]
	at org.apache.hadoop.ozone.protocolPB.OzoneManagerRequestHandler.handleReadRequest(OzoneManagerRequestHandler.java:238) ~[ozone-manager-1.4.0-SNAPSHOT.jar:?]
	at org.apache.hadoop.ozone.protocolPB.OzoneManagerProtocolServerSideTranslatorPB.submitRequestDirectlyToOM(OzoneManagerProtocolServerSideTranslatorPB.java:271) ~[ozone-manager-1.4.0-SNAPSHOT.jar:?]
	at org.apache.hadoop.ozone.protocolPB.OzoneManagerProtocolServerSideTranslatorPB.processRequest(OzoneManagerProtocolServerSideTranslatorPB.java:173) ~[ozone-manager-1.4.0-SNAPSHOT.jar:?]
	at org.apache.hadoop.hdds.server.OzoneProtocolMessageDispatcher.processRequest(OzoneProtocolMessageDispatcher.java:87) [hdds-server-framework-1.4.0-SNAPSHOT.jar:?]
	at org.apache.hadoop.ozone.protocolPB.OzoneManagerProtocolServerSideTranslatorPB.submitRequest(OzoneManagerProtocolServerSideTranslatorPB.java:147) [ozone-manager-1.4.0-SNAPSHOT.jar:?]
	at org.apache.hadoop.ozone.protocol.proto.OzoneManagerProtocolProtos$OzoneManagerService$2.callBlockingMethod(OzoneManagerProtocolProtos.java) [ozone-interface-client-1.4.0-SNAPSHOT.jar:?]
	at org.apache.hadoop.ipc.ProtobufRpcEngine$Server.processCall(ProtobufRpcEngine.java:465) [hadoop-common-3.3.4.jar:?]
	at org.apache.hadoop.ipc.ProtobufRpcEngine2$Server$ProtoBufRpcInvoker.call(ProtobufRpcEngine2.java:578) [hadoop-common-3.3.4.jar:?]
	at org.apache.hadoop.ipc.ProtobufRpcEngine2$Server$ProtoBufRpcInvoker.call(ProtobufRpcEngine2.java:556) [hadoop-common-3.3.4.jar:?]
	at org.apache.hadoop.ipc.RPC$Server.call(RPC.java:1093) [hadoop-common-3.3.4.jar:?]
	at org.apache.hadoop.ipc.Server$RpcCall.run(Server.java:1043) [hadoop-common-3.3.4.jar:?]
	at org.apache.hadoop.ipc.Server$RpcCall.run(Server.java:971) [hadoop-common-3.3.4.jar:?]
	at java.security.AccessController.doPrivileged(Native Method) ~[?:1.8.0_362]
	at javax.security.auth.Subject.doAs(Subject.java:422) [?:1.8.0_362]
	at org.apache.hadoop.security.UserGroupInformation.doAs(UserGroupInformation.java:1878) [hadoop-common-3.3.4.jar:?]
	at org.apache.hadoop.ipc.Server$Handler.run(Server.java:2976) [hadoop-common-3.3.4.jar:?]
]]></system-out>
  </testcase>
  <testcase name="testFileDelete" classname="TestOzoneFileSystem" time="0.168">
    <system-out><![CDATA[2023-02-16 16:33:13,504 [OM StateMachine ApplyTransaction Thread - 0] INFO  key.OMKeyRequest (OMKeyRequest.java:wrapUncommittedBlocksAsPseudoKey(837)) - Detect allocated but uncommitted blocks [{blockID={containerID=4, localID=111677748019200040}, length=4194304, offset=0, token=null, pipeline=null, createVersion=0, partNumber=0}] in key testBatchDelete/parent/child0.
2023-02-16 16:33:13,512 [OM StateMachine ApplyTransaction Thread - 0] INFO  key.OMKeyRequest (OMKeyRequest.java:wrapUncommittedBlocksAsPseudoKey(837)) - Detect allocated but uncommitted blocks [{blockID={containerID=2, localID=111677748019200041}, length=4194304, offset=0, token=null, pipeline=null, createVersion=0, partNumber=0}] in key testBatchDelete/parent/childFolder/child0.
2023-02-16 16:33:13,520 [OM StateMachine ApplyTransaction Thread - 0] INFO  key.OMKeyRequest (OMKeyRequest.java:wrapUncommittedBlocksAsPseudoKey(837)) - Detect allocated but uncommitted blocks [{blockID={containerID=3, localID=111677748019200042}, length=4194304, offset=0, token=null, pipeline=null, createVersion=0, partNumber=0}] in key testBatchDelete/parent/child1.
2023-02-16 16:33:13,528 [OM StateMachine ApplyTransaction Thread - 0] INFO  key.OMKeyRequest (OMKeyRequest.java:wrapUncommittedBlocksAsPseudoKey(837)) - Detect allocated but uncommitted blocks [{blockID={containerID=1, localID=111677748019200043}, length=4194304, offset=0, token=null, pipeline=null, createVersion=0, partNumber=0}] in key testBatchDelete/parent/childFolder/child1.
2023-02-16 16:33:13,536 [OM StateMachine ApplyTransaction Thread - 0] INFO  key.OMKeyRequest (OMKeyRequest.java:wrapUncommittedBlocksAsPseudoKey(837)) - Detect allocated but uncommitted blocks [{blockID={containerID=4, localID=111677748019200044}, length=4194304, offset=0, token=null, pipeline=null, createVersion=0, partNumber=0}] in key testBatchDelete/parent/child2.
2023-02-16 16:33:13,544 [OM StateMachine ApplyTransaction Thread - 0] INFO  key.OMKeyRequest (OMKeyRequest.java:wrapUncommittedBlocksAsPseudoKey(837)) - Detect allocated but uncommitted blocks [{blockID={containerID=3, localID=111677748019200045}, length=4194304, offset=0, token=null, pipeline=null, createVersion=0, partNumber=0}] in key testBatchDelete/parent/childFolder/child2.
2023-02-16 16:33:13,552 [OM StateMachine ApplyTransaction Thread - 0] INFO  key.OMKeyRequest (OMKeyRequest.java:wrapUncommittedBlocksAsPseudoKey(837)) - Detect allocated but uncommitted blocks [{blockID={containerID=4, localID=111677748019200046}, length=4194304, offset=0, token=null, pipeline=null, createVersion=0, partNumber=0}] in key testBatchDelete/parent/child3.
2023-02-16 16:33:13,559 [OM StateMachine ApplyTransaction Thread - 0] INFO  key.OMKeyRequest (OMKeyRequest.java:wrapUncommittedBlocksAsPseudoKey(837)) - Detect allocated but uncommitted blocks [{blockID={containerID=3, localID=111677748019200047}, length=4194304, offset=0, token=null, pipeline=null, createVersion=0, partNumber=0}] in key testBatchDelete/parent/childFolder/child3.
2023-02-16 16:33:13,566 [OM StateMachine ApplyTransaction Thread - 0] INFO  key.OMKeyRequest (OMKeyRequest.java:wrapUncommittedBlocksAsPseudoKey(837)) - Detect allocated but uncommitted blocks [{blockID={containerID=4, localID=111677748019200048}, length=4194304, offset=0, token=null, pipeline=null, createVersion=0, partNumber=0}] in key testBatchDelete/parent/child4.
2023-02-16 16:33:13,573 [OM StateMachine ApplyTransaction Thread - 0] INFO  key.OMKeyRequest (OMKeyRequest.java:wrapUncommittedBlocksAsPseudoKey(837)) - Detect allocated but uncommitted blocks [{blockID={containerID=3, localID=111677748019200049}, length=4194304, offset=0, token=null, pipeline=null, createVersion=0, partNumber=0}] in key testBatchDelete/parent/childFolder/child4.
2023-02-16 16:33:13,580 [OM StateMachine ApplyTransaction Thread - 0] INFO  key.OMKeyRequest (OMKeyRequest.java:wrapUncommittedBlocksAsPseudoKey(837)) - Detect allocated but uncommitted blocks [{blockID={containerID=2, localID=111677748019200050}, length=4194304, offset=0, token=null, pipeline=null, createVersion=0, partNumber=0}] in key testBatchDelete/parent/child5.
2023-02-16 16:33:13,587 [OM StateMachine ApplyTransaction Thread - 0] INFO  key.OMKeyRequest (OMKeyRequest.java:wrapUncommittedBlocksAsPseudoKey(837)) - Detect allocated but uncommitted blocks [{blockID={containerID=4, localID=111677748019200051}, length=4194304, offset=0, token=null, pipeline=null, createVersion=0, partNumber=0}] in key testBatchDelete/parent/childFolder/child5.
2023-02-16 16:33:13,594 [OM StateMachine ApplyTransaction Thread - 0] INFO  key.OMKeyRequest (OMKeyRequest.java:wrapUncommittedBlocksAsPseudoKey(837)) - Detect allocated but uncommitted blocks [{blockID={containerID=3, localID=111677748019200052}, length=4194304, offset=0, token=null, pipeline=null, createVersion=0, partNumber=0}] in key testBatchDelete/parent/child6.
2023-02-16 16:33:13,601 [OM StateMachine ApplyTransaction Thread - 0] INFO  key.OMKeyRequest (OMKeyRequest.java:wrapUncommittedBlocksAsPseudoKey(837)) - Detect allocated but uncommitted blocks [{blockID={containerID=4, localID=111677748019200053}, length=4194304, offset=0, token=null, pipeline=null, createVersion=0, partNumber=0}] in key testBatchDelete/parent/childFolder/child6.
2023-02-16 16:33:13,608 [OM StateMachine ApplyTransaction Thread - 0] INFO  key.OMKeyRequest (OMKeyRequest.java:wrapUncommittedBlocksAsPseudoKey(837)) - Detect allocated but uncommitted blocks [{blockID={containerID=1, localID=111677748019200054}, length=4194304, offset=0, token=null, pipeline=null, createVersion=0, partNumber=0}] in key testBatchDelete/parent/child7.
2023-02-16 16:33:13,616 [OM StateMachine ApplyTransaction Thread - 0] INFO  key.OMKeyRequest (OMKeyRequest.java:wrapUncommittedBlocksAsPseudoKey(837)) - Detect allocated but uncommitted blocks [{blockID={containerID=3, localID=111677748019200055}, length=4194304, offset=0, token=null, pipeline=null, createVersion=0, partNumber=0}] in key testBatchDelete/parent/childFolder/child7.
16:33:13.636 [IPC Server handler 15 on default port 37073] ERROR OMAudit - user=runner | ip=127.0.0.1 | op=GET_FILE_STATUS {volume=volume28358, bucket=bucket39322, key=testBatchDelete, dataSize=0, replicationConfig=null} | ret=FAILURE
org.apache.hadoop.ozone.om.exceptions.OMException: Unable to get file status: volume: volume28358 bucket: bucket39322 key: testBatchDelete
	at org.apache.hadoop.ozone.om.KeyManagerImpl.getOzoneFileStatus(KeyManagerImpl.java:1162) ~[ozone-manager-1.4.0-SNAPSHOT.jar:?]
	at org.apache.hadoop.ozone.om.KeyManagerImpl.getFileStatus(KeyManagerImpl.java:1080) ~[ozone-manager-1.4.0-SNAPSHOT.jar:?]
	at org.apache.hadoop.ozone.om.OmMetadataReader.getFileStatus(OmMetadataReader.java:288) ~[ozone-manager-1.4.0-SNAPSHOT.jar:?]
	at org.apache.hadoop.ozone.om.OzoneManager.getFileStatus(OzoneManager.java:3450) ~[ozone-manager-1.4.0-SNAPSHOT.jar:?]
	at org.apache.hadoop.ozone.protocolPB.OzoneManagerRequestHandler.getOzoneFileStatus(OzoneManagerRequestHandler.java:933) ~[ozone-manager-1.4.0-SNAPSHOT.jar:?]
	at org.apache.hadoop.ozone.protocolPB.OzoneManagerRequestHandler.handleReadRequest(OzoneManagerRequestHandler.java:238) ~[ozone-manager-1.4.0-SNAPSHOT.jar:?]
	at org.apache.hadoop.ozone.protocolPB.OzoneManagerProtocolServerSideTranslatorPB.submitReadRequestToOM(OzoneManagerProtocolServerSideTranslatorPB.java:223) ~[ozone-manager-1.4.0-SNAPSHOT.jar:?]
	at org.apache.hadoop.ozone.protocolPB.OzoneManagerProtocolServerSideTranslatorPB.processRequest(OzoneManagerProtocolServerSideTranslatorPB.java:177) ~[ozone-manager-1.4.0-SNAPSHOT.jar:?]
	at org.apache.hadoop.hdds.server.OzoneProtocolMessageDispatcher.processRequest(OzoneProtocolMessageDispatcher.java:87) [hdds-server-framework-1.4.0-SNAPSHOT.jar:?]
	at org.apache.hadoop.ozone.protocolPB.OzoneManagerProtocolServerSideTranslatorPB.submitRequest(OzoneManagerProtocolServerSideTranslatorPB.java:147) [ozone-manager-1.4.0-SNAPSHOT.jar:?]
	at org.apache.hadoop.ozone.protocol.proto.OzoneManagerProtocolProtos$OzoneManagerService$2.callBlockingMethod(OzoneManagerProtocolProtos.java) [ozone-interface-client-1.4.0-SNAPSHOT.jar:?]
	at org.apache.hadoop.ipc.ProtobufRpcEngine$Server.processCall(ProtobufRpcEngine.java:465) [hadoop-common-3.3.4.jar:?]
	at org.apache.hadoop.ipc.ProtobufRpcEngine2$Server$ProtoBufRpcInvoker.call(ProtobufRpcEngine2.java:578) [hadoop-common-3.3.4.jar:?]
	at org.apache.hadoop.ipc.ProtobufRpcEngine2$Server$ProtoBufRpcInvoker.call(ProtobufRpcEngine2.java:556) [hadoop-common-3.3.4.jar:?]
	at org.apache.hadoop.ipc.RPC$Server.call(RPC.java:1093) [hadoop-common-3.3.4.jar:?]
	at org.apache.hadoop.ipc.Server$RpcCall.run(Server.java:1043) [hadoop-common-3.3.4.jar:?]
	at org.apache.hadoop.ipc.Server$RpcCall.run(Server.java:971) [hadoop-common-3.3.4.jar:?]
	at java.security.AccessController.doPrivileged(Native Method) ~[?:1.8.0_362]
	at javax.security.auth.Subject.doAs(Subject.java:422) [?:1.8.0_362]
	at org.apache.hadoop.security.UserGroupInformation.doAs(UserGroupInformation.java:1878) [hadoop-common-3.3.4.jar:?]
	at org.apache.hadoop.ipc.Server$Handler.run(Server.java:2976) [hadoop-common-3.3.4.jar:?]
16:33:13.638 [IPC Server handler 16 on default port 37073] ERROR OMAudit - user=runner | ip=127.0.0.1 | op=GET_FILE_STATUS {volume=volume28358, bucket=bucket39322, key=testBatchDelete/parent/child0, dataSize=0, replicationConfig=null} | ret=FAILURE
org.apache.hadoop.ozone.om.exceptions.OMException: Unable to get file status: volume: volume28358 bucket: bucket39322 key: testBatchDelete/parent/child0
	at org.apache.hadoop.ozone.om.KeyManagerImpl.getOzoneFileStatus(KeyManagerImpl.java:1162) ~[ozone-manager-1.4.0-SNAPSHOT.jar:?]
	at org.apache.hadoop.ozone.om.KeyManagerImpl.getFileStatus(KeyManagerImpl.java:1080) ~[ozone-manager-1.4.0-SNAPSHOT.jar:?]
	at org.apache.hadoop.ozone.om.OmMetadataReader.getFileStatus(OmMetadataReader.java:288) ~[ozone-manager-1.4.0-SNAPSHOT.jar:?]
	at org.apache.hadoop.ozone.om.OzoneManager.getFileStatus(OzoneManager.java:3450) ~[ozone-manager-1.4.0-SNAPSHOT.jar:?]
	at org.apache.hadoop.ozone.protocolPB.OzoneManagerRequestHandler.getOzoneFileStatus(OzoneManagerRequestHandler.java:933) ~[ozone-manager-1.4.0-SNAPSHOT.jar:?]
	at org.apache.hadoop.ozone.protocolPB.OzoneManagerRequestHandler.handleReadRequest(OzoneManagerRequestHandler.java:238) ~[ozone-manager-1.4.0-SNAPSHOT.jar:?]
	at org.apache.hadoop.ozone.protocolPB.OzoneManagerProtocolServerSideTranslatorPB.submitReadRequestToOM(OzoneManagerProtocolServerSideTranslatorPB.java:223) ~[ozone-manager-1.4.0-SNAPSHOT.jar:?]
	at org.apache.hadoop.ozone.protocolPB.OzoneManagerProtocolServerSideTranslatorPB.processRequest(OzoneManagerProtocolServerSideTranslatorPB.java:177) ~[ozone-manager-1.4.0-SNAPSHOT.jar:?]
	at org.apache.hadoop.hdds.server.OzoneProtocolMessageDispatcher.processRequest(OzoneProtocolMessageDispatcher.java:87) [hdds-server-framework-1.4.0-SNAPSHOT.jar:?]
	at org.apache.hadoop.ozone.protocolPB.OzoneManagerProtocolServerSideTranslatorPB.submitRequest(OzoneManagerProtocolServerSideTranslatorPB.java:147) [ozone-manager-1.4.0-SNAPSHOT.jar:?]
	at org.apache.hadoop.ozone.protocol.proto.OzoneManagerProtocolProtos$OzoneManagerService$2.callBlockingMethod(OzoneManagerProtocolProtos.java) [ozone-interface-client-1.4.0-SNAPSHOT.jar:?]
	at org.apache.hadoop.ipc.ProtobufRpcEngine$Server.processCall(ProtobufRpcEngine.java:465) [hadoop-common-3.3.4.jar:?]
	at org.apache.hadoop.ipc.ProtobufRpcEngine2$Server$ProtoBufRpcInvoker.call(ProtobufRpcEngine2.java:578) [hadoop-common-3.3.4.jar:?]
	at org.apache.hadoop.ipc.ProtobufRpcEngine2$Server$ProtoBufRpcInvoker.call(ProtobufRpcEngine2.java:556) [hadoop-common-3.3.4.jar:?]
	at org.apache.hadoop.ipc.RPC$Server.call(RPC.java:1093) [hadoop-common-3.3.4.jar:?]
	at org.apache.hadoop.ipc.Server$RpcCall.run(Server.java:1043) [hadoop-common-3.3.4.jar:?]
	at org.apache.hadoop.ipc.Server$RpcCall.run(Server.java:971) [hadoop-common-3.3.4.jar:?]
	at java.security.AccessController.doPrivileged(Native Method) ~[?:1.8.0_362]
	at javax.security.auth.Subject.doAs(Subject.java:422) [?:1.8.0_362]
	at org.apache.hadoop.security.UserGroupInformation.doAs(UserGroupInformation.java:1878) [hadoop-common-3.3.4.jar:?]
	at org.apache.hadoop.ipc.Server$Handler.run(Server.java:2976) [hadoop-common-3.3.4.jar:?]
16:33:13.639 [IPC Server handler 13 on default port 37073] ERROR OMAudit - user=runner | ip=127.0.0.1 | op=GET_FILE_STATUS {volume=volume28358, bucket=bucket39322, key=testBatchDelete/parent/childFolder/child0, dataSize=0, replicationConfig=null} | ret=FAILURE
org.apache.hadoop.ozone.om.exceptions.OMException: Unable to get file status: volume: volume28358 bucket: bucket39322 key: testBatchDelete/parent/childFolder/child0
	at org.apache.hadoop.ozone.om.KeyManagerImpl.getOzoneFileStatus(KeyManagerImpl.java:1162) ~[ozone-manager-1.4.0-SNAPSHOT.jar:?]
	at org.apache.hadoop.ozone.om.KeyManagerImpl.getFileStatus(KeyManagerImpl.java:1080) ~[ozone-manager-1.4.0-SNAPSHOT.jar:?]
	at org.apache.hadoop.ozone.om.OmMetadataReader.getFileStatus(OmMetadataReader.java:288) ~[ozone-manager-1.4.0-SNAPSHOT.jar:?]
	at org.apache.hadoop.ozone.om.OzoneManager.getFileStatus(OzoneManager.java:3450) ~[ozone-manager-1.4.0-SNAPSHOT.jar:?]
	at org.apache.hadoop.ozone.protocolPB.OzoneManagerRequestHandler.getOzoneFileStatus(OzoneManagerRequestHandler.java:933) ~[ozone-manager-1.4.0-SNAPSHOT.jar:?]
	at org.apache.hadoop.ozone.protocolPB.OzoneManagerRequestHandler.handleReadRequest(OzoneManagerRequestHandler.java:238) ~[ozone-manager-1.4.0-SNAPSHOT.jar:?]
	at org.apache.hadoop.ozone.protocolPB.OzoneManagerProtocolServerSideTranslatorPB.submitReadRequestToOM(OzoneManagerProtocolServerSideTranslatorPB.java:223) ~[ozone-manager-1.4.0-SNAPSHOT.jar:?]
	at org.apache.hadoop.ozone.protocolPB.OzoneManagerProtocolServerSideTranslatorPB.processRequest(OzoneManagerProtocolServerSideTranslatorPB.java:177) ~[ozone-manager-1.4.0-SNAPSHOT.jar:?]
	at org.apache.hadoop.hdds.server.OzoneProtocolMessageDispatcher.processRequest(OzoneProtocolMessageDispatcher.java:87) [hdds-server-framework-1.4.0-SNAPSHOT.jar:?]
	at org.apache.hadoop.ozone.protocolPB.OzoneManagerProtocolServerSideTranslatorPB.submitRequest(OzoneManagerProtocolServerSideTranslatorPB.java:147) [ozone-manager-1.4.0-SNAPSHOT.jar:?]
	at org.apache.hadoop.ozone.protocol.proto.OzoneManagerProtocolProtos$OzoneManagerService$2.callBlockingMethod(OzoneManagerProtocolProtos.java) [ozone-interface-client-1.4.0-SNAPSHOT.jar:?]
	at org.apache.hadoop.ipc.ProtobufRpcEngine$Server.processCall(ProtobufRpcEngine.java:465) [hadoop-common-3.3.4.jar:?]
	at org.apache.hadoop.ipc.ProtobufRpcEngine2$Server$ProtoBufRpcInvoker.call(ProtobufRpcEngine2.java:578) [hadoop-common-3.3.4.jar:?]
	at org.apache.hadoop.ipc.ProtobufRpcEngine2$Server$ProtoBufRpcInvoker.call(ProtobufRpcEngine2.java:556) [hadoop-common-3.3.4.jar:?]
	at org.apache.hadoop.ipc.RPC$Server.call(RPC.java:1093) [hadoop-common-3.3.4.jar:?]
	at org.apache.hadoop.ipc.Server$RpcCall.run(Server.java:1043) [hadoop-common-3.3.4.jar:?]
	at org.apache.hadoop.ipc.Server$RpcCall.run(Server.java:971) [hadoop-common-3.3.4.jar:?]
	at java.security.AccessController.doPrivileged(Native Method) ~[?:1.8.0_362]
	at javax.security.auth.Subject.doAs(Subject.java:422) [?:1.8.0_362]
	at org.apache.hadoop.security.UserGroupInformation.doAs(UserGroupInformation.java:1878) [hadoop-common-3.3.4.jar:?]
	at org.apache.hadoop.ipc.Server$Handler.run(Server.java:2976) [hadoop-common-3.3.4.jar:?]
16:33:13.640 [IPC Server handler 14 on default port 37073] ERROR OMAudit - user=runner | ip=127.0.0.1 | op=GET_FILE_STATUS {volume=volume28358, bucket=bucket39322, key=testBatchDelete/parent/child1, dataSize=0, replicationConfig=null} | ret=FAILURE
org.apache.hadoop.ozone.om.exceptions.OMException: Unable to get file status: volume: volume28358 bucket: bucket39322 key: testBatchDelete/parent/child1
	at org.apache.hadoop.ozone.om.KeyManagerImpl.getOzoneFileStatus(KeyManagerImpl.java:1162) ~[ozone-manager-1.4.0-SNAPSHOT.jar:?]
	at org.apache.hadoop.ozone.om.KeyManagerImpl.getFileStatus(KeyManagerImpl.java:1080) ~[ozone-manager-1.4.0-SNAPSHOT.jar:?]
	at org.apache.hadoop.ozone.om.OmMetadataReader.getFileStatus(OmMetadataReader.java:288) ~[ozone-manager-1.4.0-SNAPSHOT.jar:?]
	at org.apache.hadoop.ozone.om.OzoneManager.getFileStatus(OzoneManager.java:3450) ~[ozone-manager-1.4.0-SNAPSHOT.jar:?]
	at org.apache.hadoop.ozone.protocolPB.OzoneManagerRequestHandler.getOzoneFileStatus(OzoneManagerRequestHandler.java:933) ~[ozone-manager-1.4.0-SNAPSHOT.jar:?]
	at org.apache.hadoop.ozone.protocolPB.OzoneManagerRequestHandler.handleReadRequest(OzoneManagerRequestHandler.java:238) ~[ozone-manager-1.4.0-SNAPSHOT.jar:?]
	at org.apache.hadoop.ozone.protocolPB.OzoneManagerProtocolServerSideTranslatorPB.submitReadRequestToOM(OzoneManagerProtocolServerSideTranslatorPB.java:223) ~[ozone-manager-1.4.0-SNAPSHOT.jar:?]
	at org.apache.hadoop.ozone.protocolPB.OzoneManagerProtocolServerSideTranslatorPB.processRequest(OzoneManagerProtocolServerSideTranslatorPB.java:177) ~[ozone-manager-1.4.0-SNAPSHOT.jar:?]
	at org.apache.hadoop.hdds.server.OzoneProtocolMessageDispatcher.processRequest(OzoneProtocolMessageDispatcher.java:87) [hdds-server-framework-1.4.0-SNAPSHOT.jar:?]
	at org.apache.hadoop.ozone.protocolPB.OzoneManagerProtocolServerSideTranslatorPB.submitRequest(OzoneManagerProtocolServerSideTranslatorPB.java:147) [ozone-manager-1.4.0-SNAPSHOT.jar:?]
	at org.apache.hadoop.ozone.protocol.proto.OzoneManagerProtocolProtos$OzoneManagerService$2.callBlockingMethod(OzoneManagerProtocolProtos.java) [ozone-interface-client-1.4.0-SNAPSHOT.jar:?]
	at org.apache.hadoop.ipc.ProtobufRpcEngine$Server.processCall(ProtobufRpcEngine.java:465) [hadoop-common-3.3.4.jar:?]
	at org.apache.hadoop.ipc.ProtobufRpcEngine2$Server$ProtoBufRpcInvoker.call(ProtobufRpcEngine2.java:578) [hadoop-common-3.3.4.jar:?]
	at org.apache.hadoop.ipc.ProtobufRpcEngine2$Server$ProtoBufRpcInvoker.call(ProtobufRpcEngine2.java:556) [hadoop-common-3.3.4.jar:?]
	at org.apache.hadoop.ipc.RPC$Server.call(RPC.java:1093) [hadoop-common-3.3.4.jar:?]
	at org.apache.hadoop.ipc.Server$RpcCall.run(Server.java:1043) [hadoop-common-3.3.4.jar:?]
	at org.apache.hadoop.ipc.Server$RpcCall.run(Server.java:971) [hadoop-common-3.3.4.jar:?]
	at java.security.AccessController.doPrivileged(Native Method) ~[?:1.8.0_362]
	at javax.security.auth.Subject.doAs(Subject.java:422) [?:1.8.0_362]
	at org.apache.hadoop.security.UserGroupInformation.doAs(UserGroupInformation.java:1878) [hadoop-common-3.3.4.jar:?]
	at org.apache.hadoop.ipc.Server$Handler.run(Server.java:2976) [hadoop-common-3.3.4.jar:?]
16:33:13.641 [IPC Server handler 7 on default port 37073] ERROR OMAudit - user=runner | ip=127.0.0.1 | op=GET_FILE_STATUS {volume=volume28358, bucket=bucket39322, key=testBatchDelete/parent/childFolder/child1, dataSize=0, replicationConfig=null} | ret=FAILURE
org.apache.hadoop.ozone.om.exceptions.OMException: Unable to get file status: volume: volume28358 bucket: bucket39322 key: testBatchDelete/parent/childFolder/child1
	at org.apache.hadoop.ozone.om.KeyManagerImpl.getOzoneFileStatus(KeyManagerImpl.java:1162) ~[ozone-manager-1.4.0-SNAPSHOT.jar:?]
	at org.apache.hadoop.ozone.om.KeyManagerImpl.getFileStatus(KeyManagerImpl.java:1080) ~[ozone-manager-1.4.0-SNAPSHOT.jar:?]
	at org.apache.hadoop.ozone.om.OmMetadataReader.getFileStatus(OmMetadataReader.java:288) ~[ozone-manager-1.4.0-SNAPSHOT.jar:?]
	at org.apache.hadoop.ozone.om.OzoneManager.getFileStatus(OzoneManager.java:3450) ~[ozone-manager-1.4.0-SNAPSHOT.jar:?]
	at org.apache.hadoop.ozone.protocolPB.OzoneManagerRequestHandler.getOzoneFileStatus(OzoneManagerRequestHandler.java:933) ~[ozone-manager-1.4.0-SNAPSHOT.jar:?]
	at org.apache.hadoop.ozone.protocolPB.OzoneManagerRequestHandler.handleReadRequest(OzoneManagerRequestHandler.java:238) ~[ozone-manager-1.4.0-SNAPSHOT.jar:?]
	at org.apache.hadoop.ozone.protocolPB.OzoneManagerProtocolServerSideTranslatorPB.submitReadRequestToOM(OzoneManagerProtocolServerSideTranslatorPB.java:223) ~[ozone-manager-1.4.0-SNAPSHOT.jar:?]
	at org.apache.hadoop.ozone.protocolPB.OzoneManagerProtocolServerSideTranslatorPB.processRequest(OzoneManagerProtocolServerSideTranslatorPB.java:177) ~[ozone-manager-1.4.0-SNAPSHOT.jar:?]
	at org.apache.hadoop.hdds.server.OzoneProtocolMessageDispatcher.processRequest(OzoneProtocolMessageDispatcher.java:87) [hdds-server-framework-1.4.0-SNAPSHOT.jar:?]
	at org.apache.hadoop.ozone.protocolPB.OzoneManagerProtocolServerSideTranslatorPB.submitRequest(OzoneManagerProtocolServerSideTranslatorPB.java:147) [ozone-manager-1.4.0-SNAPSHOT.jar:?]
	at org.apache.hadoop.ozone.protocol.proto.OzoneManagerProtocolProtos$OzoneManagerService$2.callBlockingMethod(OzoneManagerProtocolProtos.java) [ozone-interface-client-1.4.0-SNAPSHOT.jar:?]
	at org.apache.hadoop.ipc.ProtobufRpcEngine$Server.processCall(ProtobufRpcEngine.java:465) [hadoop-common-3.3.4.jar:?]
	at org.apache.hadoop.ipc.ProtobufRpcEngine2$Server$ProtoBufRpcInvoker.call(ProtobufRpcEngine2.java:578) [hadoop-common-3.3.4.jar:?]
	at org.apache.hadoop.ipc.ProtobufRpcEngine2$Server$ProtoBufRpcInvoker.call(ProtobufRpcEngine2.java:556) [hadoop-common-3.3.4.jar:?]
	at org.apache.hadoop.ipc.RPC$Server.call(RPC.java:1093) [hadoop-common-3.3.4.jar:?]
	at org.apache.hadoop.ipc.Server$RpcCall.run(Server.java:1043) [hadoop-common-3.3.4.jar:?]
	at org.apache.hadoop.ipc.Server$RpcCall.run(Server.java:971) [hadoop-common-3.3.4.jar:?]
	at java.security.AccessController.doPrivileged(Native Method) ~[?:1.8.0_362]
	at javax.security.auth.Subject.doAs(Subject.java:422) [?:1.8.0_362]
	at org.apache.hadoop.security.UserGroupInformation.doAs(UserGroupInformation.java:1878) [hadoop-common-3.3.4.jar:?]
	at org.apache.hadoop.ipc.Server$Handler.run(Server.java:2976) [hadoop-common-3.3.4.jar:?]
16:33:13.642 [IPC Server handler 8 on default port 37073] ERROR OMAudit - user=runner | ip=127.0.0.1 | op=GET_FILE_STATUS {volume=volume28358, bucket=bucket39322, key=testBatchDelete/parent/child2, dataSize=0, replicationConfig=null} | ret=FAILURE
org.apache.hadoop.ozone.om.exceptions.OMException: Unable to get file status: volume: volume28358 bucket: bucket39322 key: testBatchDelete/parent/child2
	at org.apache.hadoop.ozone.om.KeyManagerImpl.getOzoneFileStatus(KeyManagerImpl.java:1162) ~[ozone-manager-1.4.0-SNAPSHOT.jar:?]
	at org.apache.hadoop.ozone.om.KeyManagerImpl.getFileStatus(KeyManagerImpl.java:1080) ~[ozone-manager-1.4.0-SNAPSHOT.jar:?]
	at org.apache.hadoop.ozone.om.OmMetadataReader.getFileStatus(OmMetadataReader.java:288) ~[ozone-manager-1.4.0-SNAPSHOT.jar:?]
	at org.apache.hadoop.ozone.om.OzoneManager.getFileStatus(OzoneManager.java:3450) ~[ozone-manager-1.4.0-SNAPSHOT.jar:?]
	at org.apache.hadoop.ozone.protocolPB.OzoneManagerRequestHandler.getOzoneFileStatus(OzoneManagerRequestHandler.java:933) ~[ozone-manager-1.4.0-SNAPSHOT.jar:?]
	at org.apache.hadoop.ozone.protocolPB.OzoneManagerRequestHandler.handleReadRequest(OzoneManagerRequestHandler.java:238) ~[ozone-manager-1.4.0-SNAPSHOT.jar:?]
	at org.apache.hadoop.ozone.protocolPB.OzoneManagerProtocolServerSideTranslatorPB.submitReadRequestToOM(OzoneManagerProtocolServerSideTranslatorPB.java:223) ~[ozone-manager-1.4.0-SNAPSHOT.jar:?]
	at org.apache.hadoop.ozone.protocolPB.OzoneManagerProtocolServerSideTranslatorPB.processRequest(OzoneManagerProtocolServerSideTranslatorPB.java:177) ~[ozone-manager-1.4.0-SNAPSHOT.jar:?]
	at org.apache.hadoop.hdds.server.OzoneProtocolMessageDispatcher.processRequest(OzoneProtocolMessageDispatcher.java:87) [hdds-server-framework-1.4.0-SNAPSHOT.jar:?]
	at org.apache.hadoop.ozone.protocolPB.OzoneManagerProtocolServerSideTranslatorPB.submitRequest(OzoneManagerProtocolServerSideTranslatorPB.java:147) [ozone-manager-1.4.0-SNAPSHOT.jar:?]
	at org.apache.hadoop.ozone.protocol.proto.OzoneManagerProtocolProtos$OzoneManagerService$2.callBlockingMethod(OzoneManagerProtocolProtos.java) [ozone-interface-client-1.4.0-SNAPSHOT.jar:?]
	at org.apache.hadoop.ipc.ProtobufRpcEngine$Server.processCall(ProtobufRpcEngine.java:465) [hadoop-common-3.3.4.jar:?]
	at org.apache.hadoop.ipc.ProtobufRpcEngine2$Server$ProtoBufRpcInvoker.call(ProtobufRpcEngine2.java:578) [hadoop-common-3.3.4.jar:?]
	at org.apache.hadoop.ipc.ProtobufRpcEngine2$Server$ProtoBufRpcInvoker.call(ProtobufRpcEngine2.java:556) [hadoop-common-3.3.4.jar:?]
	at org.apache.hadoop.ipc.RPC$Server.call(RPC.java:1093) [hadoop-common-3.3.4.jar:?]
	at org.apache.hadoop.ipc.Server$RpcCall.run(Server.java:1043) [hadoop-common-3.3.4.jar:?]
	at org.apache.hadoop.ipc.Server$RpcCall.run(Server.java:971) [hadoop-common-3.3.4.jar:?]
	at java.security.AccessController.doPrivileged(Native Method) ~[?:1.8.0_362]
	at javax.security.auth.Subject.doAs(Subject.java:422) [?:1.8.0_362]
	at org.apache.hadoop.security.UserGroupInformation.doAs(UserGroupInformation.java:1878) [hadoop-common-3.3.4.jar:?]
	at org.apache.hadoop.ipc.Server$Handler.run(Server.java:2976) [hadoop-common-3.3.4.jar:?]
16:33:13.644 [IPC Server handler 6 on default port 37073] ERROR OMAudit - user=runner | ip=127.0.0.1 | op=GET_FILE_STATUS {volume=volume28358, bucket=bucket39322, key=testBatchDelete/parent/childFolder/child2, dataSize=0, replicationConfig=null} | ret=FAILURE
org.apache.hadoop.ozone.om.exceptions.OMException: Unable to get file status: volume: volume28358 bucket: bucket39322 key: testBatchDelete/parent/childFolder/child2
	at org.apache.hadoop.ozone.om.KeyManagerImpl.getOzoneFileStatus(KeyManagerImpl.java:1162) ~[ozone-manager-1.4.0-SNAPSHOT.jar:?]
	at org.apache.hadoop.ozone.om.KeyManagerImpl.getFileStatus(KeyManagerImpl.java:1080) ~[ozone-manager-1.4.0-SNAPSHOT.jar:?]
	at org.apache.hadoop.ozone.om.OmMetadataReader.getFileStatus(OmMetadataReader.java:288) ~[ozone-manager-1.4.0-SNAPSHOT.jar:?]
	at org.apache.hadoop.ozone.om.OzoneManager.getFileStatus(OzoneManager.java:3450) ~[ozone-manager-1.4.0-SNAPSHOT.jar:?]
	at org.apache.hadoop.ozone.protocolPB.OzoneManagerRequestHandler.getOzoneFileStatus(OzoneManagerRequestHandler.java:933) ~[ozone-manager-1.4.0-SNAPSHOT.jar:?]
	at org.apache.hadoop.ozone.protocolPB.OzoneManagerRequestHandler.handleReadRequest(OzoneManagerRequestHandler.java:238) ~[ozone-manager-1.4.0-SNAPSHOT.jar:?]
	at org.apache.hadoop.ozone.protocolPB.OzoneManagerProtocolServerSideTranslatorPB.submitReadRequestToOM(OzoneManagerProtocolServerSideTranslatorPB.java:223) ~[ozone-manager-1.4.0-SNAPSHOT.jar:?]
	at org.apache.hadoop.ozone.protocolPB.OzoneManagerProtocolServerSideTranslatorPB.processRequest(OzoneManagerProtocolServerSideTranslatorPB.java:177) ~[ozone-manager-1.4.0-SNAPSHOT.jar:?]
	at org.apache.hadoop.hdds.server.OzoneProtocolMessageDispatcher.processRequest(OzoneProtocolMessageDispatcher.java:87) [hdds-server-framework-1.4.0-SNAPSHOT.jar:?]
	at org.apache.hadoop.ozone.protocolPB.OzoneManagerProtocolServerSideTranslatorPB.submitRequest(OzoneManagerProtocolServerSideTranslatorPB.java:147) [ozone-manager-1.4.0-SNAPSHOT.jar:?]
	at org.apache.hadoop.ozone.protocol.proto.OzoneManagerProtocolProtos$OzoneManagerService$2.callBlockingMethod(OzoneManagerProtocolProtos.java) [ozone-interface-client-1.4.0-SNAPSHOT.jar:?]
	at org.apache.hadoop.ipc.ProtobufRpcEngine$Server.processCall(ProtobufRpcEngine.java:465) [hadoop-common-3.3.4.jar:?]
	at org.apache.hadoop.ipc.ProtobufRpcEngine2$Server$ProtoBufRpcInvoker.call(ProtobufRpcEngine2.java:578) [hadoop-common-3.3.4.jar:?]
	at org.apache.hadoop.ipc.ProtobufRpcEngine2$Server$ProtoBufRpcInvoker.call(ProtobufRpcEngine2.java:556) [hadoop-common-3.3.4.jar:?]
	at org.apache.hadoop.ipc.RPC$Server.call(RPC.java:1093) [hadoop-common-3.3.4.jar:?]
	at org.apache.hadoop.ipc.Server$RpcCall.run(Server.java:1043) [hadoop-common-3.3.4.jar:?]
	at org.apache.hadoop.ipc.Server$RpcCall.run(Server.java:971) [hadoop-common-3.3.4.jar:?]
	at java.security.AccessController.doPrivileged(Native Method) ~[?:1.8.0_362]
	at javax.security.auth.Subject.doAs(Subject.java:422) [?:1.8.0_362]
	at org.apache.hadoop.security.UserGroupInformation.doAs(UserGroupInformation.java:1878) [hadoop-common-3.3.4.jar:?]
	at org.apache.hadoop.ipc.Server$Handler.run(Server.java:2976) [hadoop-common-3.3.4.jar:?]
16:33:13.645 [IPC Server handler 10 on default port 37073] ERROR OMAudit - user=runner | ip=127.0.0.1 | op=GET_FILE_STATUS {volume=volume28358, bucket=bucket39322, key=testBatchDelete/parent/child3, dataSize=0, replicationConfig=null} | ret=FAILURE
org.apache.hadoop.ozone.om.exceptions.OMException: Unable to get file status: volume: volume28358 bucket: bucket39322 key: testBatchDelete/parent/child3
	at org.apache.hadoop.ozone.om.KeyManagerImpl.getOzoneFileStatus(KeyManagerImpl.java:1162) ~[ozone-manager-1.4.0-SNAPSHOT.jar:?]
	at org.apache.hadoop.ozone.om.KeyManagerImpl.getFileStatus(KeyManagerImpl.java:1080) ~[ozone-manager-1.4.0-SNAPSHOT.jar:?]
	at org.apache.hadoop.ozone.om.OmMetadataReader.getFileStatus(OmMetadataReader.java:288) ~[ozone-manager-1.4.0-SNAPSHOT.jar:?]
	at org.apache.hadoop.ozone.om.OzoneManager.getFileStatus(OzoneManager.java:3450) ~[ozone-manager-1.4.0-SNAPSHOT.jar:?]
	at org.apache.hadoop.ozone.protocolPB.OzoneManagerRequestHandler.getOzoneFileStatus(OzoneManagerRequestHandler.java:933) ~[ozone-manager-1.4.0-SNAPSHOT.jar:?]
	at org.apache.hadoop.ozone.protocolPB.OzoneManagerRequestHandler.handleReadRequest(OzoneManagerRequestHandler.java:238) ~[ozone-manager-1.4.0-SNAPSHOT.jar:?]
	at org.apache.hadoop.ozone.protocolPB.OzoneManagerProtocolServerSideTranslatorPB.submitReadRequestToOM(OzoneManagerProtocolServerSideTranslatorPB.java:223) ~[ozone-manager-1.4.0-SNAPSHOT.jar:?]
	at org.apache.hadoop.ozone.protocolPB.OzoneManagerProtocolServerSideTranslatorPB.processRequest(OzoneManagerProtocolServerSideTranslatorPB.java:177) ~[ozone-manager-1.4.0-SNAPSHOT.jar:?]
	at org.apache.hadoop.hdds.server.OzoneProtocolMessageDispatcher.processRequest(OzoneProtocolMessageDispatcher.java:87) [hdds-server-framework-1.4.0-SNAPSHOT.jar:?]
	at org.apache.hadoop.ozone.protocolPB.OzoneManagerProtocolServerSideTranslatorPB.submitRequest(OzoneManagerProtocolServerSideTranslatorPB.java:147) [ozone-manager-1.4.0-SNAPSHOT.jar:?]
	at org.apache.hadoop.ozone.protocol.proto.OzoneManagerProtocolProtos$OzoneManagerService$2.callBlockingMethod(OzoneManagerProtocolProtos.java) [ozone-interface-client-1.4.0-SNAPSHOT.jar:?]
	at org.apache.hadoop.ipc.ProtobufRpcEngine$Server.processCall(ProtobufRpcEngine.java:465) [hadoop-common-3.3.4.jar:?]
	at org.apache.hadoop.ipc.ProtobufRpcEngine2$Server$ProtoBufRpcInvoker.call(ProtobufRpcEngine2.java:578) [hadoop-common-3.3.4.jar:?]
	at org.apache.hadoop.ipc.ProtobufRpcEngine2$Server$ProtoBufRpcInvoker.call(ProtobufRpcEngine2.java:556) [hadoop-common-3.3.4.jar:?]
	at org.apache.hadoop.ipc.RPC$Server.call(RPC.java:1093) [hadoop-common-3.3.4.jar:?]
	at org.apache.hadoop.ipc.Server$RpcCall.run(Server.java:1043) [hadoop-common-3.3.4.jar:?]
	at org.apache.hadoop.ipc.Server$RpcCall.run(Server.java:971) [hadoop-common-3.3.4.jar:?]
	at java.security.AccessController.doPrivileged(Native Method) ~[?:1.8.0_362]
	at javax.security.auth.Subject.doAs(Subject.java:422) [?:1.8.0_362]
	at org.apache.hadoop.security.UserGroupInformation.doAs(UserGroupInformation.java:1878) [hadoop-common-3.3.4.jar:?]
	at org.apache.hadoop.ipc.Server$Handler.run(Server.java:2976) [hadoop-common-3.3.4.jar:?]
16:33:13.646 [IPC Server handler 4 on default port 37073] ERROR OMAudit - user=runner | ip=127.0.0.1 | op=GET_FILE_STATUS {volume=volume28358, bucket=bucket39322, key=testBatchDelete/parent/childFolder/child3, dataSize=0, replicationConfig=null} | ret=FAILURE
org.apache.hadoop.ozone.om.exceptions.OMException: Unable to get file status: volume: volume28358 bucket: bucket39322 key: testBatchDelete/parent/childFolder/child3
	at org.apache.hadoop.ozone.om.KeyManagerImpl.getOzoneFileStatus(KeyManagerImpl.java:1162) ~[ozone-manager-1.4.0-SNAPSHOT.jar:?]
	at org.apache.hadoop.ozone.om.KeyManagerImpl.getFileStatus(KeyManagerImpl.java:1080) ~[ozone-manager-1.4.0-SNAPSHOT.jar:?]
	at org.apache.hadoop.ozone.om.OmMetadataReader.getFileStatus(OmMetadataReader.java:288) ~[ozone-manager-1.4.0-SNAPSHOT.jar:?]
	at org.apache.hadoop.ozone.om.OzoneManager.getFileStatus(OzoneManager.java:3450) ~[ozone-manager-1.4.0-SNAPSHOT.jar:?]
	at org.apache.hadoop.ozone.protocolPB.OzoneManagerRequestHandler.getOzoneFileStatus(OzoneManagerRequestHandler.java:933) ~[ozone-manager-1.4.0-SNAPSHOT.jar:?]
	at org.apache.hadoop.ozone.protocolPB.OzoneManagerRequestHandler.handleReadRequest(OzoneManagerRequestHandler.java:238) ~[ozone-manager-1.4.0-SNAPSHOT.jar:?]
	at org.apache.hadoop.ozone.protocolPB.OzoneManagerProtocolServerSideTranslatorPB.submitReadRequestToOM(OzoneManagerProtocolServerSideTranslatorPB.java:223) ~[ozone-manager-1.4.0-SNAPSHOT.jar:?]
	at org.apache.hadoop.ozone.protocolPB.OzoneManagerProtocolServerSideTranslatorPB.processRequest(OzoneManagerProtocolServerSideTranslatorPB.java:177) ~[ozone-manager-1.4.0-SNAPSHOT.jar:?]
	at org.apache.hadoop.hdds.server.OzoneProtocolMessageDispatcher.processRequest(OzoneProtocolMessageDispatcher.java:87) [hdds-server-framework-1.4.0-SNAPSHOT.jar:?]
	at org.apache.hadoop.ozone.protocolPB.OzoneManagerProtocolServerSideTranslatorPB.submitRequest(OzoneManagerProtocolServerSideTranslatorPB.java:147) [ozone-manager-1.4.0-SNAPSHOT.jar:?]
	at org.apache.hadoop.ozone.protocol.proto.OzoneManagerProtocolProtos$OzoneManagerService$2.callBlockingMethod(OzoneManagerProtocolProtos.java) [ozone-interface-client-1.4.0-SNAPSHOT.jar:?]
	at org.apache.hadoop.ipc.ProtobufRpcEngine$Server.processCall(ProtobufRpcEngine.java:465) [hadoop-common-3.3.4.jar:?]
	at org.apache.hadoop.ipc.ProtobufRpcEngine2$Server$ProtoBufRpcInvoker.call(ProtobufRpcEngine2.java:578) [hadoop-common-3.3.4.jar:?]
	at org.apache.hadoop.ipc.ProtobufRpcEngine2$Server$ProtoBufRpcInvoker.call(ProtobufRpcEngine2.java:556) [hadoop-common-3.3.4.jar:?]
	at org.apache.hadoop.ipc.RPC$Server.call(RPC.java:1093) [hadoop-common-3.3.4.jar:?]
	at org.apache.hadoop.ipc.Server$RpcCall.run(Server.java:1043) [hadoop-common-3.3.4.jar:?]
	at org.apache.hadoop.ipc.Server$RpcCall.run(Server.java:971) [hadoop-common-3.3.4.jar:?]
	at java.security.AccessController.doPrivileged(Native Method) ~[?:1.8.0_362]
	at javax.security.auth.Subject.doAs(Subject.java:422) [?:1.8.0_362]
	at org.apache.hadoop.security.UserGroupInformation.doAs(UserGroupInformation.java:1878) [hadoop-common-3.3.4.jar:?]
	at org.apache.hadoop.ipc.Server$Handler.run(Server.java:2976) [hadoop-common-3.3.4.jar:?]
16:33:13.647 [IPC Server handler 12 on default port 37073] ERROR OMAudit - user=runner | ip=127.0.0.1 | op=GET_FILE_STATUS {volume=volume28358, bucket=bucket39322, key=testBatchDelete/parent/child4, dataSize=0, replicationConfig=null} | ret=FAILURE
org.apache.hadoop.ozone.om.exceptions.OMException: Unable to get file status: volume: volume28358 bucket: bucket39322 key: testBatchDelete/parent/child4
	at org.apache.hadoop.ozone.om.KeyManagerImpl.getOzoneFileStatus(KeyManagerImpl.java:1162) ~[ozone-manager-1.4.0-SNAPSHOT.jar:?]
	at org.apache.hadoop.ozone.om.KeyManagerImpl.getFileStatus(KeyManagerImpl.java:1080) ~[ozone-manager-1.4.0-SNAPSHOT.jar:?]
	at org.apache.hadoop.ozone.om.OmMetadataReader.getFileStatus(OmMetadataReader.java:288) ~[ozone-manager-1.4.0-SNAPSHOT.jar:?]
	at org.apache.hadoop.ozone.om.OzoneManager.getFileStatus(OzoneManager.java:3450) ~[ozone-manager-1.4.0-SNAPSHOT.jar:?]
	at org.apache.hadoop.ozone.protocolPB.OzoneManagerRequestHandler.getOzoneFileStatus(OzoneManagerRequestHandler.java:933) ~[ozone-manager-1.4.0-SNAPSHOT.jar:?]
	at org.apache.hadoop.ozone.protocolPB.OzoneManagerRequestHandler.handleReadRequest(OzoneManagerRequestHandler.java:238) ~[ozone-manager-1.4.0-SNAPSHOT.jar:?]
	at org.apache.hadoop.ozone.protocolPB.OzoneManagerProtocolServerSideTranslatorPB.submitReadRequestToOM(OzoneManagerProtocolServerSideTranslatorPB.java:223) ~[ozone-manager-1.4.0-SNAPSHOT.jar:?]
	at org.apache.hadoop.ozone.protocolPB.OzoneManagerProtocolServerSideTranslatorPB.processRequest(OzoneManagerProtocolServerSideTranslatorPB.java:177) ~[ozone-manager-1.4.0-SNAPSHOT.jar:?]
	at org.apache.hadoop.hdds.server.OzoneProtocolMessageDispatcher.processRequest(OzoneProtocolMessageDispatcher.java:87) [hdds-server-framework-1.4.0-SNAPSHOT.jar:?]
	at org.apache.hadoop.ozone.protocolPB.OzoneManagerProtocolServerSideTranslatorPB.submitRequest(OzoneManagerProtocolServerSideTranslatorPB.java:147) [ozone-manager-1.4.0-SNAPSHOT.jar:?]
	at org.apache.hadoop.ozone.protocol.proto.OzoneManagerProtocolProtos$OzoneManagerService$2.callBlockingMethod(OzoneManagerProtocolProtos.java) [ozone-interface-client-1.4.0-SNAPSHOT.jar:?]
	at org.apache.hadoop.ipc.ProtobufRpcEngine$Server.processCall(ProtobufRpcEngine.java:465) [hadoop-common-3.3.4.jar:?]
	at org.apache.hadoop.ipc.ProtobufRpcEngine2$Server$ProtoBufRpcInvoker.call(ProtobufRpcEngine2.java:578) [hadoop-common-3.3.4.jar:?]
	at org.apache.hadoop.ipc.ProtobufRpcEngine2$Server$ProtoBufRpcInvoker.call(ProtobufRpcEngine2.java:556) [hadoop-common-3.3.4.jar:?]
	at org.apache.hadoop.ipc.RPC$Server.call(RPC.java:1093) [hadoop-common-3.3.4.jar:?]
	at org.apache.hadoop.ipc.Server$RpcCall.run(Server.java:1043) [hadoop-common-3.3.4.jar:?]
	at org.apache.hadoop.ipc.Server$RpcCall.run(Server.java:971) [hadoop-common-3.3.4.jar:?]
	at java.security.AccessController.doPrivileged(Native Method) ~[?:1.8.0_362]
	at javax.security.auth.Subject.doAs(Subject.java:422) [?:1.8.0_362]
	at org.apache.hadoop.security.UserGroupInformation.doAs(UserGroupInformation.java:1878) [hadoop-common-3.3.4.jar:?]
	at org.apache.hadoop.ipc.Server$Handler.run(Server.java:2976) [hadoop-common-3.3.4.jar:?]
16:33:13.648 [IPC Server handler 5 on default port 37073] ERROR OMAudit - user=runner | ip=127.0.0.1 | op=GET_FILE_STATUS {volume=volume28358, bucket=bucket39322, key=testBatchDelete/parent/childFolder/child4, dataSize=0, replicationConfig=null} | ret=FAILURE
org.apache.hadoop.ozone.om.exceptions.OMException: Unable to get file status: volume: volume28358 bucket: bucket39322 key: testBatchDelete/parent/childFolder/child4
	at org.apache.hadoop.ozone.om.KeyManagerImpl.getOzoneFileStatus(KeyManagerImpl.java:1162) ~[ozone-manager-1.4.0-SNAPSHOT.jar:?]
	at org.apache.hadoop.ozone.om.KeyManagerImpl.getFileStatus(KeyManagerImpl.java:1080) ~[ozone-manager-1.4.0-SNAPSHOT.jar:?]
	at org.apache.hadoop.ozone.om.OmMetadataReader.getFileStatus(OmMetadataReader.java:288) ~[ozone-manager-1.4.0-SNAPSHOT.jar:?]
	at org.apache.hadoop.ozone.om.OzoneManager.getFileStatus(OzoneManager.java:3450) ~[ozone-manager-1.4.0-SNAPSHOT.jar:?]
	at org.apache.hadoop.ozone.protocolPB.OzoneManagerRequestHandler.getOzoneFileStatus(OzoneManagerRequestHandler.java:933) ~[ozone-manager-1.4.0-SNAPSHOT.jar:?]
	at org.apache.hadoop.ozone.protocolPB.OzoneManagerRequestHandler.handleReadRequest(OzoneManagerRequestHandler.java:238) ~[ozone-manager-1.4.0-SNAPSHOT.jar:?]
	at org.apache.hadoop.ozone.protocolPB.OzoneManagerProtocolServerSideTranslatorPB.submitReadRequestToOM(OzoneManagerProtocolServerSideTranslatorPB.java:223) ~[ozone-manager-1.4.0-SNAPSHOT.jar:?]
	at org.apache.hadoop.ozone.protocolPB.OzoneManagerProtocolServerSideTranslatorPB.processRequest(OzoneManagerProtocolServerSideTranslatorPB.java:177) ~[ozone-manager-1.4.0-SNAPSHOT.jar:?]
	at org.apache.hadoop.hdds.server.OzoneProtocolMessageDispatcher.processRequest(OzoneProtocolMessageDispatcher.java:87) [hdds-server-framework-1.4.0-SNAPSHOT.jar:?]
	at org.apache.hadoop.ozone.protocolPB.OzoneManagerProtocolServerSideTranslatorPB.submitRequest(OzoneManagerProtocolServerSideTranslatorPB.java:147) [ozone-manager-1.4.0-SNAPSHOT.jar:?]
	at org.apache.hadoop.ozone.protocol.proto.OzoneManagerProtocolProtos$OzoneManagerService$2.callBlockingMethod(OzoneManagerProtocolProtos.java) [ozone-interface-client-1.4.0-SNAPSHOT.jar:?]
	at org.apache.hadoop.ipc.ProtobufRpcEngine$Server.processCall(ProtobufRpcEngine.java:465) [hadoop-common-3.3.4.jar:?]
	at org.apache.hadoop.ipc.ProtobufRpcEngine2$Server$ProtoBufRpcInvoker.call(ProtobufRpcEngine2.java:578) [hadoop-common-3.3.4.jar:?]
	at org.apache.hadoop.ipc.ProtobufRpcEngine2$Server$ProtoBufRpcInvoker.call(ProtobufRpcEngine2.java:556) [hadoop-common-3.3.4.jar:?]
	at org.apache.hadoop.ipc.RPC$Server.call(RPC.java:1093) [hadoop-common-3.3.4.jar:?]
	at org.apache.hadoop.ipc.Server$RpcCall.run(Server.java:1043) [hadoop-common-3.3.4.jar:?]
	at org.apache.hadoop.ipc.Server$RpcCall.run(Server.java:971) [hadoop-common-3.3.4.jar:?]
	at java.security.AccessController.doPrivileged(Native Method) ~[?:1.8.0_362]
	at javax.security.auth.Subject.doAs(Subject.java:422) [?:1.8.0_362]
	at org.apache.hadoop.security.UserGroupInformation.doAs(UserGroupInformation.java:1878) [hadoop-common-3.3.4.jar:?]
	at org.apache.hadoop.ipc.Server$Handler.run(Server.java:2976) [hadoop-common-3.3.4.jar:?]
16:33:13.649 [IPC Server handler 1 on default port 37073] ERROR OMAudit - user=runner | ip=127.0.0.1 | op=GET_FILE_STATUS {volume=volume28358, bucket=bucket39322, key=testBatchDelete/parent/child5, dataSize=0, replicationConfig=null} | ret=FAILURE
org.apache.hadoop.ozone.om.exceptions.OMException: Unable to get file status: volume: volume28358 bucket: bucket39322 key: testBatchDelete/parent/child5
	at org.apache.hadoop.ozone.om.KeyManagerImpl.getOzoneFileStatus(KeyManagerImpl.java:1162) ~[ozone-manager-1.4.0-SNAPSHOT.jar:?]
	at org.apache.hadoop.ozone.om.KeyManagerImpl.getFileStatus(KeyManagerImpl.java:1080) ~[ozone-manager-1.4.0-SNAPSHOT.jar:?]
	at org.apache.hadoop.ozone.om.OmMetadataReader.getFileStatus(OmMetadataReader.java:288) ~[ozone-manager-1.4.0-SNAPSHOT.jar:?]
	at org.apache.hadoop.ozone.om.OzoneManager.getFileStatus(OzoneManager.java:3450) ~[ozone-manager-1.4.0-SNAPSHOT.jar:?]
	at org.apache.hadoop.ozone.protocolPB.OzoneManagerRequestHandler.getOzoneFileStatus(OzoneManagerRequestHandler.java:933) ~[ozone-manager-1.4.0-SNAPSHOT.jar:?]
	at org.apache.hadoop.ozone.protocolPB.OzoneManagerRequestHandler.handleReadRequest(OzoneManagerRequestHandler.java:238) ~[ozone-manager-1.4.0-SNAPSHOT.jar:?]
	at org.apache.hadoop.ozone.protocolPB.OzoneManagerProtocolServerSideTranslatorPB.submitReadRequestToOM(OzoneManagerProtocolServerSideTranslatorPB.java:223) ~[ozone-manager-1.4.0-SNAPSHOT.jar:?]
	at org.apache.hadoop.ozone.protocolPB.OzoneManagerProtocolServerSideTranslatorPB.processRequest(OzoneManagerProtocolServerSideTranslatorPB.java:177) ~[ozone-manager-1.4.0-SNAPSHOT.jar:?]
	at org.apache.hadoop.hdds.server.OzoneProtocolMessageDispatcher.processRequest(OzoneProtocolMessageDispatcher.java:87) [hdds-server-framework-1.4.0-SNAPSHOT.jar:?]
	at org.apache.hadoop.ozone.protocolPB.OzoneManagerProtocolServerSideTranslatorPB.submitRequest(OzoneManagerProtocolServerSideTranslatorPB.java:147) [ozone-manager-1.4.0-SNAPSHOT.jar:?]
	at org.apache.hadoop.ozone.protocol.proto.OzoneManagerProtocolProtos$OzoneManagerService$2.callBlockingMethod(OzoneManagerProtocolProtos.java) [ozone-interface-client-1.4.0-SNAPSHOT.jar:?]
	at org.apache.hadoop.ipc.ProtobufRpcEngine$Server.processCall(ProtobufRpcEngine.java:465) [hadoop-common-3.3.4.jar:?]
	at org.apache.hadoop.ipc.ProtobufRpcEngine2$Server$ProtoBufRpcInvoker.call(ProtobufRpcEngine2.java:578) [hadoop-common-3.3.4.jar:?]
	at org.apache.hadoop.ipc.ProtobufRpcEngine2$Server$ProtoBufRpcInvoker.call(ProtobufRpcEngine2.java:556) [hadoop-common-3.3.4.jar:?]
	at org.apache.hadoop.ipc.RPC$Server.call(RPC.java:1093) [hadoop-common-3.3.4.jar:?]
	at org.apache.hadoop.ipc.Server$RpcCall.run(Server.java:1043) [hadoop-common-3.3.4.jar:?]
	at org.apache.hadoop.ipc.Server$RpcCall.run(Server.java:971) [hadoop-common-3.3.4.jar:?]
	at java.security.AccessController.doPrivileged(Native Method) ~[?:1.8.0_362]
	at javax.security.auth.Subject.doAs(Subject.java:422) [?:1.8.0_362]
	at org.apache.hadoop.security.UserGroupInformation.doAs(UserGroupInformation.java:1878) [hadoop-common-3.3.4.jar:?]
	at org.apache.hadoop.ipc.Server$Handler.run(Server.java:2976) [hadoop-common-3.3.4.jar:?]
16:33:13.651 [IPC Server handler 0 on default port 37073] ERROR OMAudit - user=runner | ip=127.0.0.1 | op=GET_FILE_STATUS {volume=volume28358, bucket=bucket39322, key=testBatchDelete/parent/childFolder/child5, dataSize=0, replicationConfig=null} | ret=FAILURE
org.apache.hadoop.ozone.om.exceptions.OMException: Unable to get file status: volume: volume28358 bucket: bucket39322 key: testBatchDelete/parent/childFolder/child5
	at org.apache.hadoop.ozone.om.KeyManagerImpl.getOzoneFileStatus(KeyManagerImpl.java:1162) ~[ozone-manager-1.4.0-SNAPSHOT.jar:?]
	at org.apache.hadoop.ozone.om.KeyManagerImpl.getFileStatus(KeyManagerImpl.java:1080) ~[ozone-manager-1.4.0-SNAPSHOT.jar:?]
	at org.apache.hadoop.ozone.om.OmMetadataReader.getFileStatus(OmMetadataReader.java:288) ~[ozone-manager-1.4.0-SNAPSHOT.jar:?]
	at org.apache.hadoop.ozone.om.OzoneManager.getFileStatus(OzoneManager.java:3450) ~[ozone-manager-1.4.0-SNAPSHOT.jar:?]
	at org.apache.hadoop.ozone.protocolPB.OzoneManagerRequestHandler.getOzoneFileStatus(OzoneManagerRequestHandler.java:933) ~[ozone-manager-1.4.0-SNAPSHOT.jar:?]
	at org.apache.hadoop.ozone.protocolPB.OzoneManagerRequestHandler.handleReadRequest(OzoneManagerRequestHandler.java:238) ~[ozone-manager-1.4.0-SNAPSHOT.jar:?]
	at org.apache.hadoop.ozone.protocolPB.OzoneManagerProtocolServerSideTranslatorPB.submitReadRequestToOM(OzoneManagerProtocolServerSideTranslatorPB.java:223) ~[ozone-manager-1.4.0-SNAPSHOT.jar:?]
	at org.apache.hadoop.ozone.protocolPB.OzoneManagerProtocolServerSideTranslatorPB.processRequest(OzoneManagerProtocolServerSideTranslatorPB.java:177) ~[ozone-manager-1.4.0-SNAPSHOT.jar:?]
	at org.apache.hadoop.hdds.server.OzoneProtocolMessageDispatcher.processRequest(OzoneProtocolMessageDispatcher.java:87) [hdds-server-framework-1.4.0-SNAPSHOT.jar:?]
	at org.apache.hadoop.ozone.protocolPB.OzoneManagerProtocolServerSideTranslatorPB.submitRequest(OzoneManagerProtocolServerSideTranslatorPB.java:147) [ozone-manager-1.4.0-SNAPSHOT.jar:?]
	at org.apache.hadoop.ozone.protocol.proto.OzoneManagerProtocolProtos$OzoneManagerService$2.callBlockingMethod(OzoneManagerProtocolProtos.java) [ozone-interface-client-1.4.0-SNAPSHOT.jar:?]
	at org.apache.hadoop.ipc.ProtobufRpcEngine$Server.processCall(ProtobufRpcEngine.java:465) [hadoop-common-3.3.4.jar:?]
	at org.apache.hadoop.ipc.ProtobufRpcEngine2$Server$ProtoBufRpcInvoker.call(ProtobufRpcEngine2.java:578) [hadoop-common-3.3.4.jar:?]
	at org.apache.hadoop.ipc.ProtobufRpcEngine2$Server$ProtoBufRpcInvoker.call(ProtobufRpcEngine2.java:556) [hadoop-common-3.3.4.jar:?]
	at org.apache.hadoop.ipc.RPC$Server.call(RPC.java:1093) [hadoop-common-3.3.4.jar:?]
	at org.apache.hadoop.ipc.Server$RpcCall.run(Server.java:1043) [hadoop-common-3.3.4.jar:?]
	at org.apache.hadoop.ipc.Server$RpcCall.run(Server.java:971) [hadoop-common-3.3.4.jar:?]
	at java.security.AccessController.doPrivileged(Native Method) ~[?:1.8.0_362]
	at javax.security.auth.Subject.doAs(Subject.java:422) [?:1.8.0_362]
	at org.apache.hadoop.security.UserGroupInformation.doAs(UserGroupInformation.java:1878) [hadoop-common-3.3.4.jar:?]
	at org.apache.hadoop.ipc.Server$Handler.run(Server.java:2976) [hadoop-common-3.3.4.jar:?]
16:33:13.652 [IPC Server handler 2 on default port 37073] ERROR OMAudit - user=runner | ip=127.0.0.1 | op=GET_FILE_STATUS {volume=volume28358, bucket=bucket39322, key=testBatchDelete/parent/child6, dataSize=0, replicationConfig=null} | ret=FAILURE
org.apache.hadoop.ozone.om.exceptions.OMException: Unable to get file status: volume: volume28358 bucket: bucket39322 key: testBatchDelete/parent/child6
	at org.apache.hadoop.ozone.om.KeyManagerImpl.getOzoneFileStatus(KeyManagerImpl.java:1162) ~[ozone-manager-1.4.0-SNAPSHOT.jar:?]
	at org.apache.hadoop.ozone.om.KeyManagerImpl.getFileStatus(KeyManagerImpl.java:1080) ~[ozone-manager-1.4.0-SNAPSHOT.jar:?]
	at org.apache.hadoop.ozone.om.OmMetadataReader.getFileStatus(OmMetadataReader.java:288) ~[ozone-manager-1.4.0-SNAPSHOT.jar:?]
	at org.apache.hadoop.ozone.om.OzoneManager.getFileStatus(OzoneManager.java:3450) ~[ozone-manager-1.4.0-SNAPSHOT.jar:?]
	at org.apache.hadoop.ozone.protocolPB.OzoneManagerRequestHandler.getOzoneFileStatus(OzoneManagerRequestHandler.java:933) ~[ozone-manager-1.4.0-SNAPSHOT.jar:?]
	at org.apache.hadoop.ozone.protocolPB.OzoneManagerRequestHandler.handleReadRequest(OzoneManagerRequestHandler.java:238) ~[ozone-manager-1.4.0-SNAPSHOT.jar:?]
	at org.apache.hadoop.ozone.protocolPB.OzoneManagerProtocolServerSideTranslatorPB.submitReadRequestToOM(OzoneManagerProtocolServerSideTranslatorPB.java:223) ~[ozone-manager-1.4.0-SNAPSHOT.jar:?]
	at org.apache.hadoop.ozone.protocolPB.OzoneManagerProtocolServerSideTranslatorPB.processRequest(OzoneManagerProtocolServerSideTranslatorPB.java:177) ~[ozone-manager-1.4.0-SNAPSHOT.jar:?]
	at org.apache.hadoop.hdds.server.OzoneProtocolMessageDispatcher.processRequest(OzoneProtocolMessageDispatcher.java:87) [hdds-server-framework-1.4.0-SNAPSHOT.jar:?]
	at org.apache.hadoop.ozone.protocolPB.OzoneManagerProtocolServerSideTranslatorPB.submitRequest(OzoneManagerProtocolServerSideTranslatorPB.java:147) [ozone-manager-1.4.0-SNAPSHOT.jar:?]
	at org.apache.hadoop.ozone.protocol.proto.OzoneManagerProtocolProtos$OzoneManagerService$2.callBlockingMethod(OzoneManagerProtocolProtos.java) [ozone-interface-client-1.4.0-SNAPSHOT.jar:?]
	at org.apache.hadoop.ipc.ProtobufRpcEngine$Server.processCall(ProtobufRpcEngine.java:465) [hadoop-common-3.3.4.jar:?]
	at org.apache.hadoop.ipc.ProtobufRpcEngine2$Server$ProtoBufRpcInvoker.call(ProtobufRpcEngine2.java:578) [hadoop-common-3.3.4.jar:?]
	at org.apache.hadoop.ipc.ProtobufRpcEngine2$Server$ProtoBufRpcInvoker.call(ProtobufRpcEngine2.java:556) [hadoop-common-3.3.4.jar:?]
	at org.apache.hadoop.ipc.RPC$Server.call(RPC.java:1093) [hadoop-common-3.3.4.jar:?]
	at org.apache.hadoop.ipc.Server$RpcCall.run(Server.java:1043) [hadoop-common-3.3.4.jar:?]
	at org.apache.hadoop.ipc.Server$RpcCall.run(Server.java:971) [hadoop-common-3.3.4.jar:?]
	at java.security.AccessController.doPrivileged(Native Method) ~[?:1.8.0_362]
	at javax.security.auth.Subject.doAs(Subject.java:422) [?:1.8.0_362]
	at org.apache.hadoop.security.UserGroupInformation.doAs(UserGroupInformation.java:1878) [hadoop-common-3.3.4.jar:?]
	at org.apache.hadoop.ipc.Server$Handler.run(Server.java:2976) [hadoop-common-3.3.4.jar:?]
16:33:13.654 [IPC Server handler 3 on default port 37073] ERROR OMAudit - user=runner | ip=127.0.0.1 | op=GET_FILE_STATUS {volume=volume28358, bucket=bucket39322, key=testBatchDelete/parent/childFolder/child6, dataSize=0, replicationConfig=null} | ret=FAILURE
org.apache.hadoop.ozone.om.exceptions.OMException: Unable to get file status: volume: volume28358 bucket: bucket39322 key: testBatchDelete/parent/childFolder/child6
	at org.apache.hadoop.ozone.om.KeyManagerImpl.getOzoneFileStatus(KeyManagerImpl.java:1162) ~[ozone-manager-1.4.0-SNAPSHOT.jar:?]
	at org.apache.hadoop.ozone.om.KeyManagerImpl.getFileStatus(KeyManagerImpl.java:1080) ~[ozone-manager-1.4.0-SNAPSHOT.jar:?]
	at org.apache.hadoop.ozone.om.OmMetadataReader.getFileStatus(OmMetadataReader.java:288) ~[ozone-manager-1.4.0-SNAPSHOT.jar:?]
	at org.apache.hadoop.ozone.om.OzoneManager.getFileStatus(OzoneManager.java:3450) ~[ozone-manager-1.4.0-SNAPSHOT.jar:?]
	at org.apache.hadoop.ozone.protocolPB.OzoneManagerRequestHandler.getOzoneFileStatus(OzoneManagerRequestHandler.java:933) ~[ozone-manager-1.4.0-SNAPSHOT.jar:?]
	at org.apache.hadoop.ozone.protocolPB.OzoneManagerRequestHandler.handleReadRequest(OzoneManagerRequestHandler.java:238) ~[ozone-manager-1.4.0-SNAPSHOT.jar:?]
	at org.apache.hadoop.ozone.protocolPB.OzoneManagerProtocolServerSideTranslatorPB.submitReadRequestToOM(OzoneManagerProtocolServerSideTranslatorPB.java:223) ~[ozone-manager-1.4.0-SNAPSHOT.jar:?]
	at org.apache.hadoop.ozone.protocolPB.OzoneManagerProtocolServerSideTranslatorPB.processRequest(OzoneManagerProtocolServerSideTranslatorPB.java:177) ~[ozone-manager-1.4.0-SNAPSHOT.jar:?]
	at org.apache.hadoop.hdds.server.OzoneProtocolMessageDispatcher.processRequest(OzoneProtocolMessageDispatcher.java:87) [hdds-server-framework-1.4.0-SNAPSHOT.jar:?]
	at org.apache.hadoop.ozone.protocolPB.OzoneManagerProtocolServerSideTranslatorPB.submitRequest(OzoneManagerProtocolServerSideTranslatorPB.java:147) [ozone-manager-1.4.0-SNAPSHOT.jar:?]
	at org.apache.hadoop.ozone.protocol.proto.OzoneManagerProtocolProtos$OzoneManagerService$2.callBlockingMethod(OzoneManagerProtocolProtos.java) [ozone-interface-client-1.4.0-SNAPSHOT.jar:?]
	at org.apache.hadoop.ipc.ProtobufRpcEngine$Server.processCall(ProtobufRpcEngine.java:465) [hadoop-common-3.3.4.jar:?]
	at org.apache.hadoop.ipc.ProtobufRpcEngine2$Server$ProtoBufRpcInvoker.call(ProtobufRpcEngine2.java:578) [hadoop-common-3.3.4.jar:?]
	at org.apache.hadoop.ipc.ProtobufRpcEngine2$Server$ProtoBufRpcInvoker.call(ProtobufRpcEngine2.java:556) [hadoop-common-3.3.4.jar:?]
	at org.apache.hadoop.ipc.RPC$Server.call(RPC.java:1093) [hadoop-common-3.3.4.jar:?]
	at org.apache.hadoop.ipc.Server$RpcCall.run(Server.java:1043) [hadoop-common-3.3.4.jar:?]
	at org.apache.hadoop.ipc.Server$RpcCall.run(Server.java:971) [hadoop-common-3.3.4.jar:?]
	at java.security.AccessController.doPrivileged(Native Method) ~[?:1.8.0_362]
	at javax.security.auth.Subject.doAs(Subject.java:422) [?:1.8.0_362]
	at org.apache.hadoop.security.UserGroupInformation.doAs(UserGroupInformation.java:1878) [hadoop-common-3.3.4.jar:?]
	at org.apache.hadoop.ipc.Server$Handler.run(Server.java:2976) [hadoop-common-3.3.4.jar:?]
16:33:13.655 [IPC Server handler 9 on default port 37073] ERROR OMAudit - user=runner | ip=127.0.0.1 | op=GET_FILE_STATUS {volume=volume28358, bucket=bucket39322, key=testBatchDelete/parent/child7, dataSize=0, replicationConfig=null} | ret=FAILURE
org.apache.hadoop.ozone.om.exceptions.OMException: Unable to get file status: volume: volume28358 bucket: bucket39322 key: testBatchDelete/parent/child7
	at org.apache.hadoop.ozone.om.KeyManagerImpl.getOzoneFileStatus(KeyManagerImpl.java:1162) ~[ozone-manager-1.4.0-SNAPSHOT.jar:?]
	at org.apache.hadoop.ozone.om.KeyManagerImpl.getFileStatus(KeyManagerImpl.java:1080) ~[ozone-manager-1.4.0-SNAPSHOT.jar:?]
	at org.apache.hadoop.ozone.om.OmMetadataReader.getFileStatus(OmMetadataReader.java:288) ~[ozone-manager-1.4.0-SNAPSHOT.jar:?]
	at org.apache.hadoop.ozone.om.OzoneManager.getFileStatus(OzoneManager.java:3450) ~[ozone-manager-1.4.0-SNAPSHOT.jar:?]
	at org.apache.hadoop.ozone.protocolPB.OzoneManagerRequestHandler.getOzoneFileStatus(OzoneManagerRequestHandler.java:933) ~[ozone-manager-1.4.0-SNAPSHOT.jar:?]
	at org.apache.hadoop.ozone.protocolPB.OzoneManagerRequestHandler.handleReadRequest(OzoneManagerRequestHandler.java:238) ~[ozone-manager-1.4.0-SNAPSHOT.jar:?]
	at org.apache.hadoop.ozone.protocolPB.OzoneManagerProtocolServerSideTranslatorPB.submitReadRequestToOM(OzoneManagerProtocolServerSideTranslatorPB.java:223) ~[ozone-manager-1.4.0-SNAPSHOT.jar:?]
	at org.apache.hadoop.ozone.protocolPB.OzoneManagerProtocolServerSideTranslatorPB.processRequest(OzoneManagerProtocolServerSideTranslatorPB.java:177) ~[ozone-manager-1.4.0-SNAPSHOT.jar:?]
	at org.apache.hadoop.hdds.server.OzoneProtocolMessageDispatcher.processRequest(OzoneProtocolMessageDispatcher.java:87) [hdds-server-framework-1.4.0-SNAPSHOT.jar:?]
	at org.apache.hadoop.ozone.protocolPB.OzoneManagerProtocolServerSideTranslatorPB.submitRequest(OzoneManagerProtocolServerSideTranslatorPB.java:147) [ozone-manager-1.4.0-SNAPSHOT.jar:?]
	at org.apache.hadoop.ozone.protocol.proto.OzoneManagerProtocolProtos$OzoneManagerService$2.callBlockingMethod(OzoneManagerProtocolProtos.java) [ozone-interface-client-1.4.0-SNAPSHOT.jar:?]
	at org.apache.hadoop.ipc.ProtobufRpcEngine$Server.processCall(ProtobufRpcEngine.java:465) [hadoop-common-3.3.4.jar:?]
	at org.apache.hadoop.ipc.ProtobufRpcEngine2$Server$ProtoBufRpcInvoker.call(ProtobufRpcEngine2.java:578) [hadoop-common-3.3.4.jar:?]
	at org.apache.hadoop.ipc.ProtobufRpcEngine2$Server$ProtoBufRpcInvoker.call(ProtobufRpcEngine2.java:556) [hadoop-common-3.3.4.jar:?]
	at org.apache.hadoop.ipc.RPC$Server.call(RPC.java:1093) [hadoop-common-3.3.4.jar:?]
	at org.apache.hadoop.ipc.Server$RpcCall.run(Server.java:1043) [hadoop-common-3.3.4.jar:?]
	at org.apache.hadoop.ipc.Server$RpcCall.run(Server.java:971) [hadoop-common-3.3.4.jar:?]
	at java.security.AccessController.doPrivileged(Native Method) ~[?:1.8.0_362]
	at javax.security.auth.Subject.doAs(Subject.java:422) [?:1.8.0_362]
	at org.apache.hadoop.security.UserGroupInformation.doAs(UserGroupInformation.java:1878) [hadoop-common-3.3.4.jar:?]
	at org.apache.hadoop.ipc.Server$Handler.run(Server.java:2976) [hadoop-common-3.3.4.jar:?]
16:33:13.656 [IPC Server handler 19 on default port 37073] ERROR OMAudit - user=runner | ip=127.0.0.1 | op=GET_FILE_STATUS {volume=volume28358, bucket=bucket39322, key=testBatchDelete/parent/childFolder/child7, dataSize=0, replicationConfig=null} | ret=FAILURE
org.apache.hadoop.ozone.om.exceptions.OMException: Unable to get file status: volume: volume28358 bucket: bucket39322 key: testBatchDelete/parent/childFolder/child7
	at org.apache.hadoop.ozone.om.KeyManagerImpl.getOzoneFileStatus(KeyManagerImpl.java:1162) ~[ozone-manager-1.4.0-SNAPSHOT.jar:?]
	at org.apache.hadoop.ozone.om.KeyManagerImpl.getFileStatus(KeyManagerImpl.java:1080) ~[ozone-manager-1.4.0-SNAPSHOT.jar:?]
	at org.apache.hadoop.ozone.om.OmMetadataReader.getFileStatus(OmMetadataReader.java:288) ~[ozone-manager-1.4.0-SNAPSHOT.jar:?]
	at org.apache.hadoop.ozone.om.OzoneManager.getFileStatus(OzoneManager.java:3450) ~[ozone-manager-1.4.0-SNAPSHOT.jar:?]
	at org.apache.hadoop.ozone.protocolPB.OzoneManagerRequestHandler.getOzoneFileStatus(OzoneManagerRequestHandler.java:933) ~[ozone-manager-1.4.0-SNAPSHOT.jar:?]
	at org.apache.hadoop.ozone.protocolPB.OzoneManagerRequestHandler.handleReadRequest(OzoneManagerRequestHandler.java:238) ~[ozone-manager-1.4.0-SNAPSHOT.jar:?]
	at org.apache.hadoop.ozone.protocolPB.OzoneManagerProtocolServerSideTranslatorPB.submitReadRequestToOM(OzoneManagerProtocolServerSideTranslatorPB.java:223) ~[ozone-manager-1.4.0-SNAPSHOT.jar:?]
	at org.apache.hadoop.ozone.protocolPB.OzoneManagerProtocolServerSideTranslatorPB.processRequest(OzoneManagerProtocolServerSideTranslatorPB.java:177) ~[ozone-manager-1.4.0-SNAPSHOT.jar:?]
	at org.apache.hadoop.hdds.server.OzoneProtocolMessageDispatcher.processRequest(OzoneProtocolMessageDispatcher.java:87) [hdds-server-framework-1.4.0-SNAPSHOT.jar:?]
	at org.apache.hadoop.ozone.protocolPB.OzoneManagerProtocolServerSideTranslatorPB.submitRequest(OzoneManagerProtocolServerSideTranslatorPB.java:147) [ozone-manager-1.4.0-SNAPSHOT.jar:?]
	at org.apache.hadoop.ozone.protocol.proto.OzoneManagerProtocolProtos$OzoneManagerService$2.callBlockingMethod(OzoneManagerProtocolProtos.java) [ozone-interface-client-1.4.0-SNAPSHOT.jar:?]
	at org.apache.hadoop.ipc.ProtobufRpcEngine$Server.processCall(ProtobufRpcEngine.java:465) [hadoop-common-3.3.4.jar:?]
	at org.apache.hadoop.ipc.ProtobufRpcEngine2$Server$ProtoBufRpcInvoker.call(ProtobufRpcEngine2.java:578) [hadoop-common-3.3.4.jar:?]
	at org.apache.hadoop.ipc.ProtobufRpcEngine2$Server$ProtoBufRpcInvoker.call(ProtobufRpcEngine2.java:556) [hadoop-common-3.3.4.jar:?]
	at org.apache.hadoop.ipc.RPC$Server.call(RPC.java:1093) [hadoop-common-3.3.4.jar:?]
	at org.apache.hadoop.ipc.Server$RpcCall.run(Server.java:1043) [hadoop-common-3.3.4.jar:?]
	at org.apache.hadoop.ipc.Server$RpcCall.run(Server.java:971) [hadoop-common-3.3.4.jar:?]
	at java.security.AccessController.doPrivileged(Native Method) ~[?:1.8.0_362]
	at javax.security.auth.Subject.doAs(Subject.java:422) [?:1.8.0_362]
	at org.apache.hadoop.security.UserGroupInformation.doAs(UserGroupInformation.java:1878) [hadoop-common-3.3.4.jar:?]
	at org.apache.hadoop.ipc.Server$Handler.run(Server.java:2976) [hadoop-common-3.3.4.jar:?]
16:33:13.657 [IPC Server handler 17 on default port 37073] ERROR OMAudit - user=runner | ip=127.0.0.1 | op=GET_FILE_STATUS {volume=volume28358, bucket=bucket39322, key=testBatchDelete/parent, dataSize=0, replicationConfig=null} | ret=FAILURE
org.apache.hadoop.ozone.om.exceptions.OMException: Unable to get file status: volume: volume28358 bucket: bucket39322 key: testBatchDelete/parent
	at org.apache.hadoop.ozone.om.KeyManagerImpl.getOzoneFileStatus(KeyManagerImpl.java:1162) ~[ozone-manager-1.4.0-SNAPSHOT.jar:?]
	at org.apache.hadoop.ozone.om.KeyManagerImpl.getFileStatus(KeyManagerImpl.java:1080) ~[ozone-manager-1.4.0-SNAPSHOT.jar:?]
	at org.apache.hadoop.ozone.om.OmMetadataReader.getFileStatus(OmMetadataReader.java:288) ~[ozone-manager-1.4.0-SNAPSHOT.jar:?]
	at org.apache.hadoop.ozone.om.OzoneManager.getFileStatus(OzoneManager.java:3450) ~[ozone-manager-1.4.0-SNAPSHOT.jar:?]
	at org.apache.hadoop.ozone.protocolPB.OzoneManagerRequestHandler.getOzoneFileStatus(OzoneManagerRequestHandler.java:933) ~[ozone-manager-1.4.0-SNAPSHOT.jar:?]
	at org.apache.hadoop.ozone.protocolPB.OzoneManagerRequestHandler.handleReadRequest(OzoneManagerRequestHandler.java:238) ~[ozone-manager-1.4.0-SNAPSHOT.jar:?]
	at org.apache.hadoop.ozone.protocolPB.OzoneManagerProtocolServerSideTranslatorPB.submitReadRequestToOM(OzoneManagerProtocolServerSideTranslatorPB.java:223) ~[ozone-manager-1.4.0-SNAPSHOT.jar:?]
	at org.apache.hadoop.ozone.protocolPB.OzoneManagerProtocolServerSideTranslatorPB.processRequest(OzoneManagerProtocolServerSideTranslatorPB.java:177) ~[ozone-manager-1.4.0-SNAPSHOT.jar:?]
	at org.apache.hadoop.hdds.server.OzoneProtocolMessageDispatcher.processRequest(OzoneProtocolMessageDispatcher.java:87) [hdds-server-framework-1.4.0-SNAPSHOT.jar:?]
	at org.apache.hadoop.ozone.protocolPB.OzoneManagerProtocolServerSideTranslatorPB.submitRequest(OzoneManagerProtocolServerSideTranslatorPB.java:147) [ozone-manager-1.4.0-SNAPSHOT.jar:?]
	at org.apache.hadoop.ozone.protocol.proto.OzoneManagerProtocolProtos$OzoneManagerService$2.callBlockingMethod(OzoneManagerProtocolProtos.java) [ozone-interface-client-1.4.0-SNAPSHOT.jar:?]
	at org.apache.hadoop.ipc.ProtobufRpcEngine$Server.processCall(ProtobufRpcEngine.java:465) [hadoop-common-3.3.4.jar:?]
	at org.apache.hadoop.ipc.ProtobufRpcEngine2$Server$ProtoBufRpcInvoker.call(ProtobufRpcEngine2.java:578) [hadoop-common-3.3.4.jar:?]
	at org.apache.hadoop.ipc.ProtobufRpcEngine2$Server$ProtoBufRpcInvoker.call(ProtobufRpcEngine2.java:556) [hadoop-common-3.3.4.jar:?]
	at org.apache.hadoop.ipc.RPC$Server.call(RPC.java:1093) [hadoop-common-3.3.4.jar:?]
	at org.apache.hadoop.ipc.Server$RpcCall.run(Server.java:1043) [hadoop-common-3.3.4.jar:?]
	at org.apache.hadoop.ipc.Server$RpcCall.run(Server.java:971) [hadoop-common-3.3.4.jar:?]
	at java.security.AccessController.doPrivileged(Native Method) ~[?:1.8.0_362]
	at javax.security.auth.Subject.doAs(Subject.java:422) [?:1.8.0_362]
	at org.apache.hadoop.security.UserGroupInformation.doAs(UserGroupInformation.java:1878) [hadoop-common-3.3.4.jar:?]
	at org.apache.hadoop.ipc.Server$Handler.run(Server.java:2976) [hadoop-common-3.3.4.jar:?]
2023-02-16 16:33:13,658 [Time-limited test] WARN  ozone.BasicOzoneFileSystem (BasicOzoneFileSystem.java:delete(559)) - delete: Path does not exist: /testBatchDelete/parent
]]></system-out>
  </testcase>
  <testcase name="testFileDelete" classname="TestOzoneFileSystem" time="0.07">
    <system-out><![CDATA[2023-02-16 16:34:13,200 [IPC Server handler 8 on default port 46781] INFO  key.OMKeyRequest (OMKeyRequest.java:wrapUncommittedBlocksAsPseudoKey(837)) - Detect allocated but uncommitted blocks [{blockID={containerID=1, localID=111677748019200040}, length=4194304, offset=0, token=null, pipeline=null, createVersion=0, partNumber=0}] in key testBatchDelete/parent/child0.
2023-02-16 16:34:13,203 [IPC Server handler 5 on default port 46781] INFO  key.OMKeyRequest (OMKeyRequest.java:wrapUncommittedBlocksAsPseudoKey(837)) - Detect allocated but uncommitted blocks [{blockID={containerID=3, localID=111677748019200041}, length=4194304, offset=0, token=null, pipeline=null, createVersion=0, partNumber=0}] in key testBatchDelete/parent/childFolder/child0.
2023-02-16 16:34:13,207 [IPC Server handler 2 on default port 46781] INFO  key.OMKeyRequest (OMKeyRequest.java:wrapUncommittedBlocksAsPseudoKey(837)) - Detect allocated but uncommitted blocks [{blockID={containerID=2, localID=111677748019200042}, length=4194304, offset=0, token=null, pipeline=null, createVersion=0, partNumber=0}] in key testBatchDelete/parent/child1.
2023-02-16 16:34:13,210 [IPC Server handler 0 on default port 46781] INFO  key.OMKeyRequest (OMKeyRequest.java:wrapUncommittedBlocksAsPseudoKey(837)) - Detect allocated but uncommitted blocks [{blockID={containerID=4, localID=111677748019200043}, length=4194304, offset=0, token=null, pipeline=null, createVersion=0, partNumber=0}] in key testBatchDelete/parent/childFolder/child1.
2023-02-16 16:34:13,213 [IPC Server handler 19 on default port 46781] INFO  key.OMKeyRequest (OMKeyRequest.java:wrapUncommittedBlocksAsPseudoKey(837)) - Detect allocated but uncommitted blocks [{blockID={containerID=1, localID=111677748019200044}, length=4194304, offset=0, token=null, pipeline=null, createVersion=0, partNumber=0}] in key testBatchDelete/parent/child2.
2023-02-16 16:34:13,216 [IPC Server handler 17 on default port 46781] INFO  key.OMKeyRequest (OMKeyRequest.java:wrapUncommittedBlocksAsPseudoKey(837)) - Detect allocated but uncommitted blocks [{blockID={containerID=2, localID=111677748019200045}, length=4194304, offset=0, token=null, pipeline=null, createVersion=0, partNumber=0}] in key testBatchDelete/parent/childFolder/child2.
2023-02-16 16:34:13,219 [IPC Server handler 13 on default port 46781] INFO  key.OMKeyRequest (OMKeyRequest.java:wrapUncommittedBlocksAsPseudoKey(837)) - Detect allocated but uncommitted blocks [{blockID={containerID=3, localID=111677748019200046}, length=4194304, offset=0, token=null, pipeline=null, createVersion=0, partNumber=0}] in key testBatchDelete/parent/child3.
2023-02-16 16:34:13,221 [IPC Server handler 15 on default port 46781] INFO  key.OMKeyRequest (OMKeyRequest.java:wrapUncommittedBlocksAsPseudoKey(837)) - Detect allocated but uncommitted blocks [{blockID={containerID=1, localID=111677748019200047}, length=4194304, offset=0, token=null, pipeline=null, createVersion=0, partNumber=0}] in key testBatchDelete/parent/childFolder/child3.
2023-02-16 16:34:13,224 [IPC Server handler 12 on default port 46781] INFO  key.OMKeyRequest (OMKeyRequest.java:wrapUncommittedBlocksAsPseudoKey(837)) - Detect allocated but uncommitted blocks [{blockID={containerID=2, localID=111677748019200048}, length=4194304, offset=0, token=null, pipeline=null, createVersion=0, partNumber=0}] in key testBatchDelete/parent/child4.
2023-02-16 16:34:13,226 [IPC Server handler 9 on default port 46781] INFO  key.OMKeyRequest (OMKeyRequest.java:wrapUncommittedBlocksAsPseudoKey(837)) - Detect allocated but uncommitted blocks [{blockID={containerID=1, localID=111677748019200049}, length=4194304, offset=0, token=null, pipeline=null, createVersion=0, partNumber=0}] in key testBatchDelete/parent/childFolder/child4.
2023-02-16 16:34:13,229 [IPC Server handler 8 on default port 46781] INFO  key.OMKeyRequest (OMKeyRequest.java:wrapUncommittedBlocksAsPseudoKey(837)) - Detect allocated but uncommitted blocks [{blockID={containerID=4, localID=111677748019200050}, length=4194304, offset=0, token=null, pipeline=null, createVersion=0, partNumber=0}] in key testBatchDelete/parent/child5.
2023-02-16 16:34:13,232 [IPC Server handler 5 on default port 46781] INFO  key.OMKeyRequest (OMKeyRequest.java:wrapUncommittedBlocksAsPseudoKey(837)) - Detect allocated but uncommitted blocks [{blockID={containerID=2, localID=111677748019200051}, length=4194304, offset=0, token=null, pipeline=null, createVersion=0, partNumber=0}] in key testBatchDelete/parent/childFolder/child5.
2023-02-16 16:34:13,235 [IPC Server handler 2 on default port 46781] INFO  key.OMKeyRequest (OMKeyRequest.java:wrapUncommittedBlocksAsPseudoKey(837)) - Detect allocated but uncommitted blocks [{blockID={containerID=3, localID=111677748019200052}, length=4194304, offset=0, token=null, pipeline=null, createVersion=0, partNumber=0}] in key testBatchDelete/parent/child6.
2023-02-16 16:34:13,237 [IPC Server handler 0 on default port 46781] INFO  key.OMKeyRequest (OMKeyRequest.java:wrapUncommittedBlocksAsPseudoKey(837)) - Detect allocated but uncommitted blocks [{blockID={containerID=1, localID=111677748019200053}, length=4194304, offset=0, token=null, pipeline=null, createVersion=0, partNumber=0}] in key testBatchDelete/parent/childFolder/child6.
2023-02-16 16:34:13,240 [IPC Server handler 19 on default port 46781] INFO  key.OMKeyRequest (OMKeyRequest.java:wrapUncommittedBlocksAsPseudoKey(837)) - Detect allocated but uncommitted blocks [{blockID={containerID=4, localID=111677748019200054}, length=4194304, offset=0, token=null, pipeline=null, createVersion=0, partNumber=0}] in key testBatchDelete/parent/child7.
2023-02-16 16:34:13,243 [IPC Server handler 17 on default port 46781] INFO  key.OMKeyRequest (OMKeyRequest.java:wrapUncommittedBlocksAsPseudoKey(837)) - Detect allocated but uncommitted blocks [{blockID={containerID=3, localID=111677748019200055}, length=4194304, offset=0, token=null, pipeline=null, createVersion=0, partNumber=0}] in key testBatchDelete/parent/childFolder/child7.
16:34:13.249 [IPC Server handler 5 on default port 46781] ERROR OMAudit - user=runner | ip=127.0.0.1 | op=GET_FILE_STATUS {volume=volume76608, bucket=bucket25283, key=testBatchDelete, dataSize=0, replicationConfig=null} | ret=FAILURE
org.apache.hadoop.ozone.om.exceptions.OMException: Unable to get file status: volume: volume76608 bucket: bucket25283 key: testBatchDelete
	at org.apache.hadoop.ozone.om.KeyManagerImpl.getOzoneFileStatus(KeyManagerImpl.java:1162) ~[ozone-manager-1.4.0-SNAPSHOT.jar:?]
	at org.apache.hadoop.ozone.om.KeyManagerImpl.getFileStatus(KeyManagerImpl.java:1080) ~[ozone-manager-1.4.0-SNAPSHOT.jar:?]
	at org.apache.hadoop.ozone.om.OmMetadataReader.getFileStatus(OmMetadataReader.java:288) ~[ozone-manager-1.4.0-SNAPSHOT.jar:?]
	at org.apache.hadoop.ozone.om.OzoneManager.getFileStatus(OzoneManager.java:3450) ~[ozone-manager-1.4.0-SNAPSHOT.jar:?]
	at org.apache.hadoop.ozone.protocolPB.OzoneManagerRequestHandler.getOzoneFileStatus(OzoneManagerRequestHandler.java:933) ~[ozone-manager-1.4.0-SNAPSHOT.jar:?]
	at org.apache.hadoop.ozone.protocolPB.OzoneManagerRequestHandler.handleReadRequest(OzoneManagerRequestHandler.java:238) ~[ozone-manager-1.4.0-SNAPSHOT.jar:?]
	at org.apache.hadoop.ozone.protocolPB.OzoneManagerProtocolServerSideTranslatorPB.submitRequestDirectlyToOM(OzoneManagerProtocolServerSideTranslatorPB.java:271) ~[ozone-manager-1.4.0-SNAPSHOT.jar:?]
	at org.apache.hadoop.ozone.protocolPB.OzoneManagerProtocolServerSideTranslatorPB.processRequest(OzoneManagerProtocolServerSideTranslatorPB.java:173) ~[ozone-manager-1.4.0-SNAPSHOT.jar:?]
	at org.apache.hadoop.hdds.server.OzoneProtocolMessageDispatcher.processRequest(OzoneProtocolMessageDispatcher.java:87) [hdds-server-framework-1.4.0-SNAPSHOT.jar:?]
	at org.apache.hadoop.ozone.protocolPB.OzoneManagerProtocolServerSideTranslatorPB.submitRequest(OzoneManagerProtocolServerSideTranslatorPB.java:147) [ozone-manager-1.4.0-SNAPSHOT.jar:?]
	at org.apache.hadoop.ozone.protocol.proto.OzoneManagerProtocolProtos$OzoneManagerService$2.callBlockingMethod(OzoneManagerProtocolProtos.java) [ozone-interface-client-1.4.0-SNAPSHOT.jar:?]
	at org.apache.hadoop.ipc.ProtobufRpcEngine$Server.processCall(ProtobufRpcEngine.java:465) [hadoop-common-3.3.4.jar:?]
	at org.apache.hadoop.ipc.ProtobufRpcEngine2$Server$ProtoBufRpcInvoker.call(ProtobufRpcEngine2.java:578) [hadoop-common-3.3.4.jar:?]
	at org.apache.hadoop.ipc.ProtobufRpcEngine2$Server$ProtoBufRpcInvoker.call(ProtobufRpcEngine2.java:556) [hadoop-common-3.3.4.jar:?]
	at org.apache.hadoop.ipc.RPC$Server.call(RPC.java:1093) [hadoop-common-3.3.4.jar:?]
	at org.apache.hadoop.ipc.Server$RpcCall.run(Server.java:1043) [hadoop-common-3.3.4.jar:?]
	at org.apache.hadoop.ipc.Server$RpcCall.run(Server.java:971) [hadoop-common-3.3.4.jar:?]
	at java.security.AccessController.doPrivileged(Native Method) ~[?:1.8.0_362]
	at javax.security.auth.Subject.doAs(Subject.java:422) [?:1.8.0_362]
	at org.apache.hadoop.security.UserGroupInformation.doAs(UserGroupInformation.java:1878) [hadoop-common-3.3.4.jar:?]
	at org.apache.hadoop.ipc.Server$Handler.run(Server.java:2976) [hadoop-common-3.3.4.jar:?]
16:34:13.250 [IPC Server handler 3 on default port 46781] ERROR OMAudit - user=runner | ip=127.0.0.1 | op=GET_FILE_STATUS {volume=volume76608, bucket=bucket25283, key=testBatchDelete/parent/child0, dataSize=0, replicationConfig=null} | ret=FAILURE
org.apache.hadoop.ozone.om.exceptions.OMException: Unable to get file status: volume: volume76608 bucket: bucket25283 key: testBatchDelete/parent/child0
	at org.apache.hadoop.ozone.om.KeyManagerImpl.getOzoneFileStatus(KeyManagerImpl.java:1162) ~[ozone-manager-1.4.0-SNAPSHOT.jar:?]
	at org.apache.hadoop.ozone.om.KeyManagerImpl.getFileStatus(KeyManagerImpl.java:1080) ~[ozone-manager-1.4.0-SNAPSHOT.jar:?]
	at org.apache.hadoop.ozone.om.OmMetadataReader.getFileStatus(OmMetadataReader.java:288) ~[ozone-manager-1.4.0-SNAPSHOT.jar:?]
	at org.apache.hadoop.ozone.om.OzoneManager.getFileStatus(OzoneManager.java:3450) ~[ozone-manager-1.4.0-SNAPSHOT.jar:?]
	at org.apache.hadoop.ozone.protocolPB.OzoneManagerRequestHandler.getOzoneFileStatus(OzoneManagerRequestHandler.java:933) ~[ozone-manager-1.4.0-SNAPSHOT.jar:?]
	at org.apache.hadoop.ozone.protocolPB.OzoneManagerRequestHandler.handleReadRequest(OzoneManagerRequestHandler.java:238) ~[ozone-manager-1.4.0-SNAPSHOT.jar:?]
	at org.apache.hadoop.ozone.protocolPB.OzoneManagerProtocolServerSideTranslatorPB.submitRequestDirectlyToOM(OzoneManagerProtocolServerSideTranslatorPB.java:271) ~[ozone-manager-1.4.0-SNAPSHOT.jar:?]
	at org.apache.hadoop.ozone.protocolPB.OzoneManagerProtocolServerSideTranslatorPB.processRequest(OzoneManagerProtocolServerSideTranslatorPB.java:173) ~[ozone-manager-1.4.0-SNAPSHOT.jar:?]
	at org.apache.hadoop.hdds.server.OzoneProtocolMessageDispatcher.processRequest(OzoneProtocolMessageDispatcher.java:87) [hdds-server-framework-1.4.0-SNAPSHOT.jar:?]
	at org.apache.hadoop.ozone.protocolPB.OzoneManagerProtocolServerSideTranslatorPB.submitRequest(OzoneManagerProtocolServerSideTranslatorPB.java:147) [ozone-manager-1.4.0-SNAPSHOT.jar:?]
	at org.apache.hadoop.ozone.protocol.proto.OzoneManagerProtocolProtos$OzoneManagerService$2.callBlockingMethod(OzoneManagerProtocolProtos.java) [ozone-interface-client-1.4.0-SNAPSHOT.jar:?]
	at org.apache.hadoop.ipc.ProtobufRpcEngine$Server.processCall(ProtobufRpcEngine.java:465) [hadoop-common-3.3.4.jar:?]
	at org.apache.hadoop.ipc.ProtobufRpcEngine2$Server$ProtoBufRpcInvoker.call(ProtobufRpcEngine2.java:578) [hadoop-common-3.3.4.jar:?]
	at org.apache.hadoop.ipc.ProtobufRpcEngine2$Server$ProtoBufRpcInvoker.call(ProtobufRpcEngine2.java:556) [hadoop-common-3.3.4.jar:?]
	at org.apache.hadoop.ipc.RPC$Server.call(RPC.java:1093) [hadoop-common-3.3.4.jar:?]
	at org.apache.hadoop.ipc.Server$RpcCall.run(Server.java:1043) [hadoop-common-3.3.4.jar:?]
	at org.apache.hadoop.ipc.Server$RpcCall.run(Server.java:971) [hadoop-common-3.3.4.jar:?]
	at java.security.AccessController.doPrivileged(Native Method) ~[?:1.8.0_362]
	at javax.security.auth.Subject.doAs(Subject.java:422) [?:1.8.0_362]
	at org.apache.hadoop.security.UserGroupInformation.doAs(UserGroupInformation.java:1878) [hadoop-common-3.3.4.jar:?]
	at org.apache.hadoop.ipc.Server$Handler.run(Server.java:2976) [hadoop-common-3.3.4.jar:?]
16:34:13.251 [IPC Server handler 2 on default port 46781] ERROR OMAudit - user=runner | ip=127.0.0.1 | op=GET_FILE_STATUS {volume=volume76608, bucket=bucket25283, key=testBatchDelete/parent/childFolder/child0, dataSize=0, replicationConfig=null} | ret=FAILURE
org.apache.hadoop.ozone.om.exceptions.OMException: Unable to get file status: volume: volume76608 bucket: bucket25283 key: testBatchDelete/parent/childFolder/child0
	at org.apache.hadoop.ozone.om.KeyManagerImpl.getOzoneFileStatus(KeyManagerImpl.java:1162) ~[ozone-manager-1.4.0-SNAPSHOT.jar:?]
	at org.apache.hadoop.ozone.om.KeyManagerImpl.getFileStatus(KeyManagerImpl.java:1080) ~[ozone-manager-1.4.0-SNAPSHOT.jar:?]
	at org.apache.hadoop.ozone.om.OmMetadataReader.getFileStatus(OmMetadataReader.java:288) ~[ozone-manager-1.4.0-SNAPSHOT.jar:?]
	at org.apache.hadoop.ozone.om.OzoneManager.getFileStatus(OzoneManager.java:3450) ~[ozone-manager-1.4.0-SNAPSHOT.jar:?]
	at org.apache.hadoop.ozone.protocolPB.OzoneManagerRequestHandler.getOzoneFileStatus(OzoneManagerRequestHandler.java:933) ~[ozone-manager-1.4.0-SNAPSHOT.jar:?]
	at org.apache.hadoop.ozone.protocolPB.OzoneManagerRequestHandler.handleReadRequest(OzoneManagerRequestHandler.java:238) ~[ozone-manager-1.4.0-SNAPSHOT.jar:?]
	at org.apache.hadoop.ozone.protocolPB.OzoneManagerProtocolServerSideTranslatorPB.submitRequestDirectlyToOM(OzoneManagerProtocolServerSideTranslatorPB.java:271) ~[ozone-manager-1.4.0-SNAPSHOT.jar:?]
	at org.apache.hadoop.ozone.protocolPB.OzoneManagerProtocolServerSideTranslatorPB.processRequest(OzoneManagerProtocolServerSideTranslatorPB.java:173) ~[ozone-manager-1.4.0-SNAPSHOT.jar:?]
	at org.apache.hadoop.hdds.server.OzoneProtocolMessageDispatcher.processRequest(OzoneProtocolMessageDispatcher.java:87) [hdds-server-framework-1.4.0-SNAPSHOT.jar:?]
	at org.apache.hadoop.ozone.protocolPB.OzoneManagerProtocolServerSideTranslatorPB.submitRequest(OzoneManagerProtocolServerSideTranslatorPB.java:147) [ozone-manager-1.4.0-SNAPSHOT.jar:?]
	at org.apache.hadoop.ozone.protocol.proto.OzoneManagerProtocolProtos$OzoneManagerService$2.callBlockingMethod(OzoneManagerProtocolProtos.java) [ozone-interface-client-1.4.0-SNAPSHOT.jar:?]
	at org.apache.hadoop.ipc.ProtobufRpcEngine$Server.processCall(ProtobufRpcEngine.java:465) [hadoop-common-3.3.4.jar:?]
	at org.apache.hadoop.ipc.ProtobufRpcEngine2$Server$ProtoBufRpcInvoker.call(ProtobufRpcEngine2.java:578) [hadoop-common-3.3.4.jar:?]
	at org.apache.hadoop.ipc.ProtobufRpcEngine2$Server$ProtoBufRpcInvoker.call(ProtobufRpcEngine2.java:556) [hadoop-common-3.3.4.jar:?]
	at org.apache.hadoop.ipc.RPC$Server.call(RPC.java:1093) [hadoop-common-3.3.4.jar:?]
	at org.apache.hadoop.ipc.Server$RpcCall.run(Server.java:1043) [hadoop-common-3.3.4.jar:?]
	at org.apache.hadoop.ipc.Server$RpcCall.run(Server.java:971) [hadoop-common-3.3.4.jar:?]
	at java.security.AccessController.doPrivileged(Native Method) ~[?:1.8.0_362]
	at javax.security.auth.Subject.doAs(Subject.java:422) [?:1.8.0_362]
	at org.apache.hadoop.security.UserGroupInformation.doAs(UserGroupInformation.java:1878) [hadoop-common-3.3.4.jar:?]
	at org.apache.hadoop.ipc.Server$Handler.run(Server.java:2976) [hadoop-common-3.3.4.jar:?]
16:34:13.251 [IPC Server handler 1 on default port 46781] ERROR OMAudit - user=runner | ip=127.0.0.1 | op=GET_FILE_STATUS {volume=volume76608, bucket=bucket25283, key=testBatchDelete/parent/child1, dataSize=0, replicationConfig=null} | ret=FAILURE
org.apache.hadoop.ozone.om.exceptions.OMException: Unable to get file status: volume: volume76608 bucket: bucket25283 key: testBatchDelete/parent/child1
	at org.apache.hadoop.ozone.om.KeyManagerImpl.getOzoneFileStatus(KeyManagerImpl.java:1162) ~[ozone-manager-1.4.0-SNAPSHOT.jar:?]
	at org.apache.hadoop.ozone.om.KeyManagerImpl.getFileStatus(KeyManagerImpl.java:1080) ~[ozone-manager-1.4.0-SNAPSHOT.jar:?]
	at org.apache.hadoop.ozone.om.OmMetadataReader.getFileStatus(OmMetadataReader.java:288) ~[ozone-manager-1.4.0-SNAPSHOT.jar:?]
	at org.apache.hadoop.ozone.om.OzoneManager.getFileStatus(OzoneManager.java:3450) ~[ozone-manager-1.4.0-SNAPSHOT.jar:?]
	at org.apache.hadoop.ozone.protocolPB.OzoneManagerRequestHandler.getOzoneFileStatus(OzoneManagerRequestHandler.java:933) ~[ozone-manager-1.4.0-SNAPSHOT.jar:?]
	at org.apache.hadoop.ozone.protocolPB.OzoneManagerRequestHandler.handleReadRequest(OzoneManagerRequestHandler.java:238) ~[ozone-manager-1.4.0-SNAPSHOT.jar:?]
	at org.apache.hadoop.ozone.protocolPB.OzoneManagerProtocolServerSideTranslatorPB.submitRequestDirectlyToOM(OzoneManagerProtocolServerSideTranslatorPB.java:271) ~[ozone-manager-1.4.0-SNAPSHOT.jar:?]
	at org.apache.hadoop.ozone.protocolPB.OzoneManagerProtocolServerSideTranslatorPB.processRequest(OzoneManagerProtocolServerSideTranslatorPB.java:173) ~[ozone-manager-1.4.0-SNAPSHOT.jar:?]
	at org.apache.hadoop.hdds.server.OzoneProtocolMessageDispatcher.processRequest(OzoneProtocolMessageDispatcher.java:87) [hdds-server-framework-1.4.0-SNAPSHOT.jar:?]
	at org.apache.hadoop.ozone.protocolPB.OzoneManagerProtocolServerSideTranslatorPB.submitRequest(OzoneManagerProtocolServerSideTranslatorPB.java:147) [ozone-manager-1.4.0-SNAPSHOT.jar:?]
	at org.apache.hadoop.ozone.protocol.proto.OzoneManagerProtocolProtos$OzoneManagerService$2.callBlockingMethod(OzoneManagerProtocolProtos.java) [ozone-interface-client-1.4.0-SNAPSHOT.jar:?]
	at org.apache.hadoop.ipc.ProtobufRpcEngine$Server.processCall(ProtobufRpcEngine.java:465) [hadoop-common-3.3.4.jar:?]
	at org.apache.hadoop.ipc.ProtobufRpcEngine2$Server$ProtoBufRpcInvoker.call(ProtobufRpcEngine2.java:578) [hadoop-common-3.3.4.jar:?]
	at org.apache.hadoop.ipc.ProtobufRpcEngine2$Server$ProtoBufRpcInvoker.call(ProtobufRpcEngine2.java:556) [hadoop-common-3.3.4.jar:?]
	at org.apache.hadoop.ipc.RPC$Server.call(RPC.java:1093) [hadoop-common-3.3.4.jar:?]
	at org.apache.hadoop.ipc.Server$RpcCall.run(Server.java:1043) [hadoop-common-3.3.4.jar:?]
	at org.apache.hadoop.ipc.Server$RpcCall.run(Server.java:971) [hadoop-common-3.3.4.jar:?]
	at java.security.AccessController.doPrivileged(Native Method) ~[?:1.8.0_362]
	at javax.security.auth.Subject.doAs(Subject.java:422) [?:1.8.0_362]
	at org.apache.hadoop.security.UserGroupInformation.doAs(UserGroupInformation.java:1878) [hadoop-common-3.3.4.jar:?]
	at org.apache.hadoop.ipc.Server$Handler.run(Server.java:2976) [hadoop-common-3.3.4.jar:?]
16:34:13.252 [IPC Server handler 0 on default port 46781] ERROR OMAudit - user=runner | ip=127.0.0.1 | op=GET_FILE_STATUS {volume=volume76608, bucket=bucket25283, key=testBatchDelete/parent/childFolder/child1, dataSize=0, replicationConfig=null} | ret=FAILURE
org.apache.hadoop.ozone.om.exceptions.OMException: Unable to get file status: volume: volume76608 bucket: bucket25283 key: testBatchDelete/parent/childFolder/child1
	at org.apache.hadoop.ozone.om.KeyManagerImpl.getOzoneFileStatus(KeyManagerImpl.java:1162) ~[ozone-manager-1.4.0-SNAPSHOT.jar:?]
	at org.apache.hadoop.ozone.om.KeyManagerImpl.getFileStatus(KeyManagerImpl.java:1080) ~[ozone-manager-1.4.0-SNAPSHOT.jar:?]
	at org.apache.hadoop.ozone.om.OmMetadataReader.getFileStatus(OmMetadataReader.java:288) ~[ozone-manager-1.4.0-SNAPSHOT.jar:?]
	at org.apache.hadoop.ozone.om.OzoneManager.getFileStatus(OzoneManager.java:3450) ~[ozone-manager-1.4.0-SNAPSHOT.jar:?]
	at org.apache.hadoop.ozone.protocolPB.OzoneManagerRequestHandler.getOzoneFileStatus(OzoneManagerRequestHandler.java:933) ~[ozone-manager-1.4.0-SNAPSHOT.jar:?]
	at org.apache.hadoop.ozone.protocolPB.OzoneManagerRequestHandler.handleReadRequest(OzoneManagerRequestHandler.java:238) ~[ozone-manager-1.4.0-SNAPSHOT.jar:?]
	at org.apache.hadoop.ozone.protocolPB.OzoneManagerProtocolServerSideTranslatorPB.submitRequestDirectlyToOM(OzoneManagerProtocolServerSideTranslatorPB.java:271) ~[ozone-manager-1.4.0-SNAPSHOT.jar:?]
	at org.apache.hadoop.ozone.protocolPB.OzoneManagerProtocolServerSideTranslatorPB.processRequest(OzoneManagerProtocolServerSideTranslatorPB.java:173) ~[ozone-manager-1.4.0-SNAPSHOT.jar:?]
	at org.apache.hadoop.hdds.server.OzoneProtocolMessageDispatcher.processRequest(OzoneProtocolMessageDispatcher.java:87) [hdds-server-framework-1.4.0-SNAPSHOT.jar:?]
	at org.apache.hadoop.ozone.protocolPB.OzoneManagerProtocolServerSideTranslatorPB.submitRequest(OzoneManagerProtocolServerSideTranslatorPB.java:147) [ozone-manager-1.4.0-SNAPSHOT.jar:?]
	at org.apache.hadoop.ozone.protocol.proto.OzoneManagerProtocolProtos$OzoneManagerService$2.callBlockingMethod(OzoneManagerProtocolProtos.java) [ozone-interface-client-1.4.0-SNAPSHOT.jar:?]
	at org.apache.hadoop.ipc.ProtobufRpcEngine$Server.processCall(ProtobufRpcEngine.java:465) [hadoop-common-3.3.4.jar:?]
	at org.apache.hadoop.ipc.ProtobufRpcEngine2$Server$ProtoBufRpcInvoker.call(ProtobufRpcEngine2.java:578) [hadoop-common-3.3.4.jar:?]
	at org.apache.hadoop.ipc.ProtobufRpcEngine2$Server$ProtoBufRpcInvoker.call(ProtobufRpcEngine2.java:556) [hadoop-common-3.3.4.jar:?]
	at org.apache.hadoop.ipc.RPC$Server.call(RPC.java:1093) [hadoop-common-3.3.4.jar:?]
	at org.apache.hadoop.ipc.Server$RpcCall.run(Server.java:1043) [hadoop-common-3.3.4.jar:?]
	at org.apache.hadoop.ipc.Server$RpcCall.run(Server.java:971) [hadoop-common-3.3.4.jar:?]
	at java.security.AccessController.doPrivileged(Native Method) ~[?:1.8.0_362]
	at javax.security.auth.Subject.doAs(Subject.java:422) [?:1.8.0_362]
	at org.apache.hadoop.security.UserGroupInformation.doAs(UserGroupInformation.java:1878) [hadoop-common-3.3.4.jar:?]
	at org.apache.hadoop.ipc.Server$Handler.run(Server.java:2976) [hadoop-common-3.3.4.jar:?]
16:34:13.253 [IPC Server handler 6 on default port 46781] ERROR OMAudit - user=runner | ip=127.0.0.1 | op=GET_FILE_STATUS {volume=volume76608, bucket=bucket25283, key=testBatchDelete/parent/child2, dataSize=0, replicationConfig=null} | ret=FAILURE
org.apache.hadoop.ozone.om.exceptions.OMException: Unable to get file status: volume: volume76608 bucket: bucket25283 key: testBatchDelete/parent/child2
	at org.apache.hadoop.ozone.om.KeyManagerImpl.getOzoneFileStatus(KeyManagerImpl.java:1162) ~[ozone-manager-1.4.0-SNAPSHOT.jar:?]
	at org.apache.hadoop.ozone.om.KeyManagerImpl.getFileStatus(KeyManagerImpl.java:1080) ~[ozone-manager-1.4.0-SNAPSHOT.jar:?]
	at org.apache.hadoop.ozone.om.OmMetadataReader.getFileStatus(OmMetadataReader.java:288) ~[ozone-manager-1.4.0-SNAPSHOT.jar:?]
	at org.apache.hadoop.ozone.om.OzoneManager.getFileStatus(OzoneManager.java:3450) ~[ozone-manager-1.4.0-SNAPSHOT.jar:?]
	at org.apache.hadoop.ozone.protocolPB.OzoneManagerRequestHandler.getOzoneFileStatus(OzoneManagerRequestHandler.java:933) ~[ozone-manager-1.4.0-SNAPSHOT.jar:?]
	at org.apache.hadoop.ozone.protocolPB.OzoneManagerRequestHandler.handleReadRequest(OzoneManagerRequestHandler.java:238) ~[ozone-manager-1.4.0-SNAPSHOT.jar:?]
	at org.apache.hadoop.ozone.protocolPB.OzoneManagerProtocolServerSideTranslatorPB.submitRequestDirectlyToOM(OzoneManagerProtocolServerSideTranslatorPB.java:271) ~[ozone-manager-1.4.0-SNAPSHOT.jar:?]
	at org.apache.hadoop.ozone.protocolPB.OzoneManagerProtocolServerSideTranslatorPB.processRequest(OzoneManagerProtocolServerSideTranslatorPB.java:173) ~[ozone-manager-1.4.0-SNAPSHOT.jar:?]
	at org.apache.hadoop.hdds.server.OzoneProtocolMessageDispatcher.processRequest(OzoneProtocolMessageDispatcher.java:87) [hdds-server-framework-1.4.0-SNAPSHOT.jar:?]
	at org.apache.hadoop.ozone.protocolPB.OzoneManagerProtocolServerSideTranslatorPB.submitRequest(OzoneManagerProtocolServerSideTranslatorPB.java:147) [ozone-manager-1.4.0-SNAPSHOT.jar:?]
	at org.apache.hadoop.ozone.protocol.proto.OzoneManagerProtocolProtos$OzoneManagerService$2.callBlockingMethod(OzoneManagerProtocolProtos.java) [ozone-interface-client-1.4.0-SNAPSHOT.jar:?]
	at org.apache.hadoop.ipc.ProtobufRpcEngine$Server.processCall(ProtobufRpcEngine.java:465) [hadoop-common-3.3.4.jar:?]
	at org.apache.hadoop.ipc.ProtobufRpcEngine2$Server$ProtoBufRpcInvoker.call(ProtobufRpcEngine2.java:578) [hadoop-common-3.3.4.jar:?]
	at org.apache.hadoop.ipc.ProtobufRpcEngine2$Server$ProtoBufRpcInvoker.call(ProtobufRpcEngine2.java:556) [hadoop-common-3.3.4.jar:?]
	at org.apache.hadoop.ipc.RPC$Server.call(RPC.java:1093) [hadoop-common-3.3.4.jar:?]
	at org.apache.hadoop.ipc.Server$RpcCall.run(Server.java:1043) [hadoop-common-3.3.4.jar:?]
	at org.apache.hadoop.ipc.Server$RpcCall.run(Server.java:971) [hadoop-common-3.3.4.jar:?]
	at java.security.AccessController.doPrivileged(Native Method) ~[?:1.8.0_362]
	at javax.security.auth.Subject.doAs(Subject.java:422) [?:1.8.0_362]
	at org.apache.hadoop.security.UserGroupInformation.doAs(UserGroupInformation.java:1878) [hadoop-common-3.3.4.jar:?]
	at org.apache.hadoop.ipc.Server$Handler.run(Server.java:2976) [hadoop-common-3.3.4.jar:?]
16:34:13.253 [IPC Server handler 19 on default port 46781] ERROR OMAudit - user=runner | ip=127.0.0.1 | op=GET_FILE_STATUS {volume=volume76608, bucket=bucket25283, key=testBatchDelete/parent/childFolder/child2, dataSize=0, replicationConfig=null} | ret=FAILURE
org.apache.hadoop.ozone.om.exceptions.OMException: Unable to get file status: volume: volume76608 bucket: bucket25283 key: testBatchDelete/parent/childFolder/child2
	at org.apache.hadoop.ozone.om.KeyManagerImpl.getOzoneFileStatus(KeyManagerImpl.java:1162) ~[ozone-manager-1.4.0-SNAPSHOT.jar:?]
	at org.apache.hadoop.ozone.om.KeyManagerImpl.getFileStatus(KeyManagerImpl.java:1080) ~[ozone-manager-1.4.0-SNAPSHOT.jar:?]
	at org.apache.hadoop.ozone.om.OmMetadataReader.getFileStatus(OmMetadataReader.java:288) ~[ozone-manager-1.4.0-SNAPSHOT.jar:?]
	at org.apache.hadoop.ozone.om.OzoneManager.getFileStatus(OzoneManager.java:3450) ~[ozone-manager-1.4.0-SNAPSHOT.jar:?]
	at org.apache.hadoop.ozone.protocolPB.OzoneManagerRequestHandler.getOzoneFileStatus(OzoneManagerRequestHandler.java:933) ~[ozone-manager-1.4.0-SNAPSHOT.jar:?]
	at org.apache.hadoop.ozone.protocolPB.OzoneManagerRequestHandler.handleReadRequest(OzoneManagerRequestHandler.java:238) ~[ozone-manager-1.4.0-SNAPSHOT.jar:?]
	at org.apache.hadoop.ozone.protocolPB.OzoneManagerProtocolServerSideTranslatorPB.submitRequestDirectlyToOM(OzoneManagerProtocolServerSideTranslatorPB.java:271) ~[ozone-manager-1.4.0-SNAPSHOT.jar:?]
	at org.apache.hadoop.ozone.protocolPB.OzoneManagerProtocolServerSideTranslatorPB.processRequest(OzoneManagerProtocolServerSideTranslatorPB.java:173) ~[ozone-manager-1.4.0-SNAPSHOT.jar:?]
	at org.apache.hadoop.hdds.server.OzoneProtocolMessageDispatcher.processRequest(OzoneProtocolMessageDispatcher.java:87) [hdds-server-framework-1.4.0-SNAPSHOT.jar:?]
	at org.apache.hadoop.ozone.protocolPB.OzoneManagerProtocolServerSideTranslatorPB.submitRequest(OzoneManagerProtocolServerSideTranslatorPB.java:147) [ozone-manager-1.4.0-SNAPSHOT.jar:?]
	at org.apache.hadoop.ozone.protocol.proto.OzoneManagerProtocolProtos$OzoneManagerService$2.callBlockingMethod(OzoneManagerProtocolProtos.java) [ozone-interface-client-1.4.0-SNAPSHOT.jar:?]
	at org.apache.hadoop.ipc.ProtobufRpcEngine$Server.processCall(ProtobufRpcEngine.java:465) [hadoop-common-3.3.4.jar:?]
	at org.apache.hadoop.ipc.ProtobufRpcEngine2$Server$ProtoBufRpcInvoker.call(ProtobufRpcEngine2.java:578) [hadoop-common-3.3.4.jar:?]
	at org.apache.hadoop.ipc.ProtobufRpcEngine2$Server$ProtoBufRpcInvoker.call(ProtobufRpcEngine2.java:556) [hadoop-common-3.3.4.jar:?]
	at org.apache.hadoop.ipc.RPC$Server.call(RPC.java:1093) [hadoop-common-3.3.4.jar:?]
	at org.apache.hadoop.ipc.Server$RpcCall.run(Server.java:1043) [hadoop-common-3.3.4.jar:?]
	at org.apache.hadoop.ipc.Server$RpcCall.run(Server.java:971) [hadoop-common-3.3.4.jar:?]
	at java.security.AccessController.doPrivileged(Native Method) ~[?:1.8.0_362]
	at javax.security.auth.Subject.doAs(Subject.java:422) [?:1.8.0_362]
	at org.apache.hadoop.security.UserGroupInformation.doAs(UserGroupInformation.java:1878) [hadoop-common-3.3.4.jar:?]
	at org.apache.hadoop.ipc.Server$Handler.run(Server.java:2976) [hadoop-common-3.3.4.jar:?]
16:34:13.254 [IPC Server handler 18 on default port 46781] ERROR OMAudit - user=runner | ip=127.0.0.1 | op=GET_FILE_STATUS {volume=volume76608, bucket=bucket25283, key=testBatchDelete/parent/child3, dataSize=0, replicationConfig=null} | ret=FAILURE
org.apache.hadoop.ozone.om.exceptions.OMException: Unable to get file status: volume: volume76608 bucket: bucket25283 key: testBatchDelete/parent/child3
	at org.apache.hadoop.ozone.om.KeyManagerImpl.getOzoneFileStatus(KeyManagerImpl.java:1162) ~[ozone-manager-1.4.0-SNAPSHOT.jar:?]
	at org.apache.hadoop.ozone.om.KeyManagerImpl.getFileStatus(KeyManagerImpl.java:1080) ~[ozone-manager-1.4.0-SNAPSHOT.jar:?]
	at org.apache.hadoop.ozone.om.OmMetadataReader.getFileStatus(OmMetadataReader.java:288) ~[ozone-manager-1.4.0-SNAPSHOT.jar:?]
	at org.apache.hadoop.ozone.om.OzoneManager.getFileStatus(OzoneManager.java:3450) ~[ozone-manager-1.4.0-SNAPSHOT.jar:?]
	at org.apache.hadoop.ozone.protocolPB.OzoneManagerRequestHandler.getOzoneFileStatus(OzoneManagerRequestHandler.java:933) ~[ozone-manager-1.4.0-SNAPSHOT.jar:?]
	at org.apache.hadoop.ozone.protocolPB.OzoneManagerRequestHandler.handleReadRequest(OzoneManagerRequestHandler.java:238) ~[ozone-manager-1.4.0-SNAPSHOT.jar:?]
	at org.apache.hadoop.ozone.protocolPB.OzoneManagerProtocolServerSideTranslatorPB.submitRequestDirectlyToOM(OzoneManagerProtocolServerSideTranslatorPB.java:271) ~[ozone-manager-1.4.0-SNAPSHOT.jar:?]
	at org.apache.hadoop.ozone.protocolPB.OzoneManagerProtocolServerSideTranslatorPB.processRequest(OzoneManagerProtocolServerSideTranslatorPB.java:173) ~[ozone-manager-1.4.0-SNAPSHOT.jar:?]
	at org.apache.hadoop.hdds.server.OzoneProtocolMessageDispatcher.processRequest(OzoneProtocolMessageDispatcher.java:87) [hdds-server-framework-1.4.0-SNAPSHOT.jar:?]
	at org.apache.hadoop.ozone.protocolPB.OzoneManagerProtocolServerSideTranslatorPB.submitRequest(OzoneManagerProtocolServerSideTranslatorPB.java:147) [ozone-manager-1.4.0-SNAPSHOT.jar:?]
	at org.apache.hadoop.ozone.protocol.proto.OzoneManagerProtocolProtos$OzoneManagerService$2.callBlockingMethod(OzoneManagerProtocolProtos.java) [ozone-interface-client-1.4.0-SNAPSHOT.jar:?]
	at org.apache.hadoop.ipc.ProtobufRpcEngine$Server.processCall(ProtobufRpcEngine.java:465) [hadoop-common-3.3.4.jar:?]
	at org.apache.hadoop.ipc.ProtobufRpcEngine2$Server$ProtoBufRpcInvoker.call(ProtobufRpcEngine2.java:578) [hadoop-common-3.3.4.jar:?]
	at org.apache.hadoop.ipc.ProtobufRpcEngine2$Server$ProtoBufRpcInvoker.call(ProtobufRpcEngine2.java:556) [hadoop-common-3.3.4.jar:?]
	at org.apache.hadoop.ipc.RPC$Server.call(RPC.java:1093) [hadoop-common-3.3.4.jar:?]
	at org.apache.hadoop.ipc.Server$RpcCall.run(Server.java:1043) [hadoop-common-3.3.4.jar:?]
	at org.apache.hadoop.ipc.Server$RpcCall.run(Server.java:971) [hadoop-common-3.3.4.jar:?]
	at java.security.AccessController.doPrivileged(Native Method) ~[?:1.8.0_362]
	at javax.security.auth.Subject.doAs(Subject.java:422) [?:1.8.0_362]
	at org.apache.hadoop.security.UserGroupInformation.doAs(UserGroupInformation.java:1878) [hadoop-common-3.3.4.jar:?]
	at org.apache.hadoop.ipc.Server$Handler.run(Server.java:2976) [hadoop-common-3.3.4.jar:?]
16:34:13.255 [IPC Server handler 17 on default port 46781] ERROR OMAudit - user=runner | ip=127.0.0.1 | op=GET_FILE_STATUS {volume=volume76608, bucket=bucket25283, key=testBatchDelete/parent/childFolder/child3, dataSize=0, replicationConfig=null} | ret=FAILURE
org.apache.hadoop.ozone.om.exceptions.OMException: Unable to get file status: volume: volume76608 bucket: bucket25283 key: testBatchDelete/parent/childFolder/child3
	at org.apache.hadoop.ozone.om.KeyManagerImpl.getOzoneFileStatus(KeyManagerImpl.java:1162) ~[ozone-manager-1.4.0-SNAPSHOT.jar:?]
	at org.apache.hadoop.ozone.om.KeyManagerImpl.getFileStatus(KeyManagerImpl.java:1080) ~[ozone-manager-1.4.0-SNAPSHOT.jar:?]
	at org.apache.hadoop.ozone.om.OmMetadataReader.getFileStatus(OmMetadataReader.java:288) ~[ozone-manager-1.4.0-SNAPSHOT.jar:?]
	at org.apache.hadoop.ozone.om.OzoneManager.getFileStatus(OzoneManager.java:3450) ~[ozone-manager-1.4.0-SNAPSHOT.jar:?]
	at org.apache.hadoop.ozone.protocolPB.OzoneManagerRequestHandler.getOzoneFileStatus(OzoneManagerRequestHandler.java:933) ~[ozone-manager-1.4.0-SNAPSHOT.jar:?]
	at org.apache.hadoop.ozone.protocolPB.OzoneManagerRequestHandler.handleReadRequest(OzoneManagerRequestHandler.java:238) ~[ozone-manager-1.4.0-SNAPSHOT.jar:?]
	at org.apache.hadoop.ozone.protocolPB.OzoneManagerProtocolServerSideTranslatorPB.submitRequestDirectlyToOM(OzoneManagerProtocolServerSideTranslatorPB.java:271) ~[ozone-manager-1.4.0-SNAPSHOT.jar:?]
	at org.apache.hadoop.ozone.protocolPB.OzoneManagerProtocolServerSideTranslatorPB.processRequest(OzoneManagerProtocolServerSideTranslatorPB.java:173) ~[ozone-manager-1.4.0-SNAPSHOT.jar:?]
	at org.apache.hadoop.hdds.server.OzoneProtocolMessageDispatcher.processRequest(OzoneProtocolMessageDispatcher.java:87) [hdds-server-framework-1.4.0-SNAPSHOT.jar:?]
	at org.apache.hadoop.ozone.protocolPB.OzoneManagerProtocolServerSideTranslatorPB.submitRequest(OzoneManagerProtocolServerSideTranslatorPB.java:147) [ozone-manager-1.4.0-SNAPSHOT.jar:?]
	at org.apache.hadoop.ozone.protocol.proto.OzoneManagerProtocolProtos$OzoneManagerService$2.callBlockingMethod(OzoneManagerProtocolProtos.java) [ozone-interface-client-1.4.0-SNAPSHOT.jar:?]
	at org.apache.hadoop.ipc.ProtobufRpcEngine$Server.processCall(ProtobufRpcEngine.java:465) [hadoop-common-3.3.4.jar:?]
	at org.apache.hadoop.ipc.ProtobufRpcEngine2$Server$ProtoBufRpcInvoker.call(ProtobufRpcEngine2.java:578) [hadoop-common-3.3.4.jar:?]
	at org.apache.hadoop.ipc.ProtobufRpcEngine2$Server$ProtoBufRpcInvoker.call(ProtobufRpcEngine2.java:556) [hadoop-common-3.3.4.jar:?]
	at org.apache.hadoop.ipc.RPC$Server.call(RPC.java:1093) [hadoop-common-3.3.4.jar:?]
	at org.apache.hadoop.ipc.Server$RpcCall.run(Server.java:1043) [hadoop-common-3.3.4.jar:?]
	at org.apache.hadoop.ipc.Server$RpcCall.run(Server.java:971) [hadoop-common-3.3.4.jar:?]
	at java.security.AccessController.doPrivileged(Native Method) ~[?:1.8.0_362]
	at javax.security.auth.Subject.doAs(Subject.java:422) [?:1.8.0_362]
	at org.apache.hadoop.security.UserGroupInformation.doAs(UserGroupInformation.java:1878) [hadoop-common-3.3.4.jar:?]
	at org.apache.hadoop.ipc.Server$Handler.run(Server.java:2976) [hadoop-common-3.3.4.jar:?]
16:34:13.255 [IPC Server handler 16 on default port 46781] ERROR OMAudit - user=runner | ip=127.0.0.1 | op=GET_FILE_STATUS {volume=volume76608, bucket=bucket25283, key=testBatchDelete/parent/child4, dataSize=0, replicationConfig=null} | ret=FAILURE
org.apache.hadoop.ozone.om.exceptions.OMException: Unable to get file status: volume: volume76608 bucket: bucket25283 key: testBatchDelete/parent/child4
	at org.apache.hadoop.ozone.om.KeyManagerImpl.getOzoneFileStatus(KeyManagerImpl.java:1162) ~[ozone-manager-1.4.0-SNAPSHOT.jar:?]
	at org.apache.hadoop.ozone.om.KeyManagerImpl.getFileStatus(KeyManagerImpl.java:1080) ~[ozone-manager-1.4.0-SNAPSHOT.jar:?]
	at org.apache.hadoop.ozone.om.OmMetadataReader.getFileStatus(OmMetadataReader.java:288) ~[ozone-manager-1.4.0-SNAPSHOT.jar:?]
	at org.apache.hadoop.ozone.om.OzoneManager.getFileStatus(OzoneManager.java:3450) ~[ozone-manager-1.4.0-SNAPSHOT.jar:?]
	at org.apache.hadoop.ozone.protocolPB.OzoneManagerRequestHandler.getOzoneFileStatus(OzoneManagerRequestHandler.java:933) ~[ozone-manager-1.4.0-SNAPSHOT.jar:?]
	at org.apache.hadoop.ozone.protocolPB.OzoneManagerRequestHandler.handleReadRequest(OzoneManagerRequestHandler.java:238) ~[ozone-manager-1.4.0-SNAPSHOT.jar:?]
	at org.apache.hadoop.ozone.protocolPB.OzoneManagerProtocolServerSideTranslatorPB.submitRequestDirectlyToOM(OzoneManagerProtocolServerSideTranslatorPB.java:271) ~[ozone-manager-1.4.0-SNAPSHOT.jar:?]
	at org.apache.hadoop.ozone.protocolPB.OzoneManagerProtocolServerSideTranslatorPB.processRequest(OzoneManagerProtocolServerSideTranslatorPB.java:173) ~[ozone-manager-1.4.0-SNAPSHOT.jar:?]
	at org.apache.hadoop.hdds.server.OzoneProtocolMessageDispatcher.processRequest(OzoneProtocolMessageDispatcher.java:87) [hdds-server-framework-1.4.0-SNAPSHOT.jar:?]
	at org.apache.hadoop.ozone.protocolPB.OzoneManagerProtocolServerSideTranslatorPB.submitRequest(OzoneManagerProtocolServerSideTranslatorPB.java:147) [ozone-manager-1.4.0-SNAPSHOT.jar:?]
	at org.apache.hadoop.ozone.protocol.proto.OzoneManagerProtocolProtos$OzoneManagerService$2.callBlockingMethod(OzoneManagerProtocolProtos.java) [ozone-interface-client-1.4.0-SNAPSHOT.jar:?]
	at org.apache.hadoop.ipc.ProtobufRpcEngine$Server.processCall(ProtobufRpcEngine.java:465) [hadoop-common-3.3.4.jar:?]
	at org.apache.hadoop.ipc.ProtobufRpcEngine2$Server$ProtoBufRpcInvoker.call(ProtobufRpcEngine2.java:578) [hadoop-common-3.3.4.jar:?]
	at org.apache.hadoop.ipc.ProtobufRpcEngine2$Server$ProtoBufRpcInvoker.call(ProtobufRpcEngine2.java:556) [hadoop-common-3.3.4.jar:?]
	at org.apache.hadoop.ipc.RPC$Server.call(RPC.java:1093) [hadoop-common-3.3.4.jar:?]
	at org.apache.hadoop.ipc.Server$RpcCall.run(Server.java:1043) [hadoop-common-3.3.4.jar:?]
	at org.apache.hadoop.ipc.Server$RpcCall.run(Server.java:971) [hadoop-common-3.3.4.jar:?]
	at java.security.AccessController.doPrivileged(Native Method) ~[?:1.8.0_362]
	at javax.security.auth.Subject.doAs(Subject.java:422) [?:1.8.0_362]
	at org.apache.hadoop.security.UserGroupInformation.doAs(UserGroupInformation.java:1878) [hadoop-common-3.3.4.jar:?]
	at org.apache.hadoop.ipc.Server$Handler.run(Server.java:2976) [hadoop-common-3.3.4.jar:?]
16:34:13.256 [IPC Server handler 13 on default port 46781] ERROR OMAudit - user=runner | ip=127.0.0.1 | op=GET_FILE_STATUS {volume=volume76608, bucket=bucket25283, key=testBatchDelete/parent/childFolder/child4, dataSize=0, replicationConfig=null} | ret=FAILURE
org.apache.hadoop.ozone.om.exceptions.OMException: Unable to get file status: volume: volume76608 bucket: bucket25283 key: testBatchDelete/parent/childFolder/child4
	at org.apache.hadoop.ozone.om.KeyManagerImpl.getOzoneFileStatus(KeyManagerImpl.java:1162) ~[ozone-manager-1.4.0-SNAPSHOT.jar:?]
	at org.apache.hadoop.ozone.om.KeyManagerImpl.getFileStatus(KeyManagerImpl.java:1080) ~[ozone-manager-1.4.0-SNAPSHOT.jar:?]
	at org.apache.hadoop.ozone.om.OmMetadataReader.getFileStatus(OmMetadataReader.java:288) ~[ozone-manager-1.4.0-SNAPSHOT.jar:?]
	at org.apache.hadoop.ozone.om.OzoneManager.getFileStatus(OzoneManager.java:3450) ~[ozone-manager-1.4.0-SNAPSHOT.jar:?]
	at org.apache.hadoop.ozone.protocolPB.OzoneManagerRequestHandler.getOzoneFileStatus(OzoneManagerRequestHandler.java:933) ~[ozone-manager-1.4.0-SNAPSHOT.jar:?]
	at org.apache.hadoop.ozone.protocolPB.OzoneManagerRequestHandler.handleReadRequest(OzoneManagerRequestHandler.java:238) ~[ozone-manager-1.4.0-SNAPSHOT.jar:?]
	at org.apache.hadoop.ozone.protocolPB.OzoneManagerProtocolServerSideTranslatorPB.submitRequestDirectlyToOM(OzoneManagerProtocolServerSideTranslatorPB.java:271) ~[ozone-manager-1.4.0-SNAPSHOT.jar:?]
	at org.apache.hadoop.ozone.protocolPB.OzoneManagerProtocolServerSideTranslatorPB.processRequest(OzoneManagerProtocolServerSideTranslatorPB.java:173) ~[ozone-manager-1.4.0-SNAPSHOT.jar:?]
	at org.apache.hadoop.hdds.server.OzoneProtocolMessageDispatcher.processRequest(OzoneProtocolMessageDispatcher.java:87) [hdds-server-framework-1.4.0-SNAPSHOT.jar:?]
	at org.apache.hadoop.ozone.protocolPB.OzoneManagerProtocolServerSideTranslatorPB.submitRequest(OzoneManagerProtocolServerSideTranslatorPB.java:147) [ozone-manager-1.4.0-SNAPSHOT.jar:?]
	at org.apache.hadoop.ozone.protocol.proto.OzoneManagerProtocolProtos$OzoneManagerService$2.callBlockingMethod(OzoneManagerProtocolProtos.java) [ozone-interface-client-1.4.0-SNAPSHOT.jar:?]
	at org.apache.hadoop.ipc.ProtobufRpcEngine$Server.processCall(ProtobufRpcEngine.java:465) [hadoop-common-3.3.4.jar:?]
	at org.apache.hadoop.ipc.ProtobufRpcEngine2$Server$ProtoBufRpcInvoker.call(ProtobufRpcEngine2.java:578) [hadoop-common-3.3.4.jar:?]
	at org.apache.hadoop.ipc.ProtobufRpcEngine2$Server$ProtoBufRpcInvoker.call(ProtobufRpcEngine2.java:556) [hadoop-common-3.3.4.jar:?]
	at org.apache.hadoop.ipc.RPC$Server.call(RPC.java:1093) [hadoop-common-3.3.4.jar:?]
	at org.apache.hadoop.ipc.Server$RpcCall.run(Server.java:1043) [hadoop-common-3.3.4.jar:?]
	at org.apache.hadoop.ipc.Server$RpcCall.run(Server.java:971) [hadoop-common-3.3.4.jar:?]
	at java.security.AccessController.doPrivileged(Native Method) ~[?:1.8.0_362]
	at javax.security.auth.Subject.doAs(Subject.java:422) [?:1.8.0_362]
	at org.apache.hadoop.security.UserGroupInformation.doAs(UserGroupInformation.java:1878) [hadoop-common-3.3.4.jar:?]
	at org.apache.hadoop.ipc.Server$Handler.run(Server.java:2976) [hadoop-common-3.3.4.jar:?]
16:34:13.256 [IPC Server handler 14 on default port 46781] ERROR OMAudit - user=runner | ip=127.0.0.1 | op=GET_FILE_STATUS {volume=volume76608, bucket=bucket25283, key=testBatchDelete/parent/child5, dataSize=0, replicationConfig=null} | ret=FAILURE
org.apache.hadoop.ozone.om.exceptions.OMException: Unable to get file status: volume: volume76608 bucket: bucket25283 key: testBatchDelete/parent/child5
	at org.apache.hadoop.ozone.om.KeyManagerImpl.getOzoneFileStatus(KeyManagerImpl.java:1162) ~[ozone-manager-1.4.0-SNAPSHOT.jar:?]
	at org.apache.hadoop.ozone.om.KeyManagerImpl.getFileStatus(KeyManagerImpl.java:1080) ~[ozone-manager-1.4.0-SNAPSHOT.jar:?]
	at org.apache.hadoop.ozone.om.OmMetadataReader.getFileStatus(OmMetadataReader.java:288) ~[ozone-manager-1.4.0-SNAPSHOT.jar:?]
	at org.apache.hadoop.ozone.om.OzoneManager.getFileStatus(OzoneManager.java:3450) ~[ozone-manager-1.4.0-SNAPSHOT.jar:?]
	at org.apache.hadoop.ozone.protocolPB.OzoneManagerRequestHandler.getOzoneFileStatus(OzoneManagerRequestHandler.java:933) ~[ozone-manager-1.4.0-SNAPSHOT.jar:?]
	at org.apache.hadoop.ozone.protocolPB.OzoneManagerRequestHandler.handleReadRequest(OzoneManagerRequestHandler.java:238) ~[ozone-manager-1.4.0-SNAPSHOT.jar:?]
	at org.apache.hadoop.ozone.protocolPB.OzoneManagerProtocolServerSideTranslatorPB.submitRequestDirectlyToOM(OzoneManagerProtocolServerSideTranslatorPB.java:271) ~[ozone-manager-1.4.0-SNAPSHOT.jar:?]
	at org.apache.hadoop.ozone.protocolPB.OzoneManagerProtocolServerSideTranslatorPB.processRequest(OzoneManagerProtocolServerSideTranslatorPB.java:173) ~[ozone-manager-1.4.0-SNAPSHOT.jar:?]
	at org.apache.hadoop.hdds.server.OzoneProtocolMessageDispatcher.processRequest(OzoneProtocolMessageDispatcher.java:87) [hdds-server-framework-1.4.0-SNAPSHOT.jar:?]
	at org.apache.hadoop.ozone.protocolPB.OzoneManagerProtocolServerSideTranslatorPB.submitRequest(OzoneManagerProtocolServerSideTranslatorPB.java:147) [ozone-manager-1.4.0-SNAPSHOT.jar:?]
	at org.apache.hadoop.ozone.protocol.proto.OzoneManagerProtocolProtos$OzoneManagerService$2.callBlockingMethod(OzoneManagerProtocolProtos.java) [ozone-interface-client-1.4.0-SNAPSHOT.jar:?]
	at org.apache.hadoop.ipc.ProtobufRpcEngine$Server.processCall(ProtobufRpcEngine.java:465) [hadoop-common-3.3.4.jar:?]
	at org.apache.hadoop.ipc.ProtobufRpcEngine2$Server$ProtoBufRpcInvoker.call(ProtobufRpcEngine2.java:578) [hadoop-common-3.3.4.jar:?]
	at org.apache.hadoop.ipc.ProtobufRpcEngine2$Server$ProtoBufRpcInvoker.call(ProtobufRpcEngine2.java:556) [hadoop-common-3.3.4.jar:?]
	at org.apache.hadoop.ipc.RPC$Server.call(RPC.java:1093) [hadoop-common-3.3.4.jar:?]
	at org.apache.hadoop.ipc.Server$RpcCall.run(Server.java:1043) [hadoop-common-3.3.4.jar:?]
	at org.apache.hadoop.ipc.Server$RpcCall.run(Server.java:971) [hadoop-common-3.3.4.jar:?]
	at java.security.AccessController.doPrivileged(Native Method) ~[?:1.8.0_362]
	at javax.security.auth.Subject.doAs(Subject.java:422) [?:1.8.0_362]
	at org.apache.hadoop.security.UserGroupInformation.doAs(UserGroupInformation.java:1878) [hadoop-common-3.3.4.jar:?]
	at org.apache.hadoop.ipc.Server$Handler.run(Server.java:2976) [hadoop-common-3.3.4.jar:?]
16:34:13.257 [IPC Server handler 15 on default port 46781] ERROR OMAudit - user=runner | ip=127.0.0.1 | op=GET_FILE_STATUS {volume=volume76608, bucket=bucket25283, key=testBatchDelete/parent/childFolder/child5, dataSize=0, replicationConfig=null} | ret=FAILURE
org.apache.hadoop.ozone.om.exceptions.OMException: Unable to get file status: volume: volume76608 bucket: bucket25283 key: testBatchDelete/parent/childFolder/child5
	at org.apache.hadoop.ozone.om.KeyManagerImpl.getOzoneFileStatus(KeyManagerImpl.java:1162) ~[ozone-manager-1.4.0-SNAPSHOT.jar:?]
	at org.apache.hadoop.ozone.om.KeyManagerImpl.getFileStatus(KeyManagerImpl.java:1080) ~[ozone-manager-1.4.0-SNAPSHOT.jar:?]
	at org.apache.hadoop.ozone.om.OmMetadataReader.getFileStatus(OmMetadataReader.java:288) ~[ozone-manager-1.4.0-SNAPSHOT.jar:?]
	at org.apache.hadoop.ozone.om.OzoneManager.getFileStatus(OzoneManager.java:3450) ~[ozone-manager-1.4.0-SNAPSHOT.jar:?]
	at org.apache.hadoop.ozone.protocolPB.OzoneManagerRequestHandler.getOzoneFileStatus(OzoneManagerRequestHandler.java:933) ~[ozone-manager-1.4.0-SNAPSHOT.jar:?]
	at org.apache.hadoop.ozone.protocolPB.OzoneManagerRequestHandler.handleReadRequest(OzoneManagerRequestHandler.java:238) ~[ozone-manager-1.4.0-SNAPSHOT.jar:?]
	at org.apache.hadoop.ozone.protocolPB.OzoneManagerProtocolServerSideTranslatorPB.submitRequestDirectlyToOM(OzoneManagerProtocolServerSideTranslatorPB.java:271) ~[ozone-manager-1.4.0-SNAPSHOT.jar:?]
	at org.apache.hadoop.ozone.protocolPB.OzoneManagerProtocolServerSideTranslatorPB.processRequest(OzoneManagerProtocolServerSideTranslatorPB.java:173) ~[ozone-manager-1.4.0-SNAPSHOT.jar:?]
	at org.apache.hadoop.hdds.server.OzoneProtocolMessageDispatcher.processRequest(OzoneProtocolMessageDispatcher.java:87) [hdds-server-framework-1.4.0-SNAPSHOT.jar:?]
	at org.apache.hadoop.ozone.protocolPB.OzoneManagerProtocolServerSideTranslatorPB.submitRequest(OzoneManagerProtocolServerSideTranslatorPB.java:147) [ozone-manager-1.4.0-SNAPSHOT.jar:?]
	at org.apache.hadoop.ozone.protocol.proto.OzoneManagerProtocolProtos$OzoneManagerService$2.callBlockingMethod(OzoneManagerProtocolProtos.java) [ozone-interface-client-1.4.0-SNAPSHOT.jar:?]
	at org.apache.hadoop.ipc.ProtobufRpcEngine$Server.processCall(ProtobufRpcEngine.java:465) [hadoop-common-3.3.4.jar:?]
	at org.apache.hadoop.ipc.ProtobufRpcEngine2$Server$ProtoBufRpcInvoker.call(ProtobufRpcEngine2.java:578) [hadoop-common-3.3.4.jar:?]
	at org.apache.hadoop.ipc.ProtobufRpcEngine2$Server$ProtoBufRpcInvoker.call(ProtobufRpcEngine2.java:556) [hadoop-common-3.3.4.jar:?]
	at org.apache.hadoop.ipc.RPC$Server.call(RPC.java:1093) [hadoop-common-3.3.4.jar:?]
	at org.apache.hadoop.ipc.Server$RpcCall.run(Server.java:1043) [hadoop-common-3.3.4.jar:?]
	at org.apache.hadoop.ipc.Server$RpcCall.run(Server.java:971) [hadoop-common-3.3.4.jar:?]
	at java.security.AccessController.doPrivileged(Native Method) ~[?:1.8.0_362]
	at javax.security.auth.Subject.doAs(Subject.java:422) [?:1.8.0_362]
	at org.apache.hadoop.security.UserGroupInformation.doAs(UserGroupInformation.java:1878) [hadoop-common-3.3.4.jar:?]
	at org.apache.hadoop.ipc.Server$Handler.run(Server.java:2976) [hadoop-common-3.3.4.jar:?]
16:34:13.258 [IPC Server handler 11 on default port 46781] ERROR OMAudit - user=runner | ip=127.0.0.1 | op=GET_FILE_STATUS {volume=volume76608, bucket=bucket25283, key=testBatchDelete/parent/child6, dataSize=0, replicationConfig=null} | ret=FAILURE
org.apache.hadoop.ozone.om.exceptions.OMException: Unable to get file status: volume: volume76608 bucket: bucket25283 key: testBatchDelete/parent/child6
	at org.apache.hadoop.ozone.om.KeyManagerImpl.getOzoneFileStatus(KeyManagerImpl.java:1162) ~[ozone-manager-1.4.0-SNAPSHOT.jar:?]
	at org.apache.hadoop.ozone.om.KeyManagerImpl.getFileStatus(KeyManagerImpl.java:1080) ~[ozone-manager-1.4.0-SNAPSHOT.jar:?]
	at org.apache.hadoop.ozone.om.OmMetadataReader.getFileStatus(OmMetadataReader.java:288) ~[ozone-manager-1.4.0-SNAPSHOT.jar:?]
	at org.apache.hadoop.ozone.om.OzoneManager.getFileStatus(OzoneManager.java:3450) ~[ozone-manager-1.4.0-SNAPSHOT.jar:?]
	at org.apache.hadoop.ozone.protocolPB.OzoneManagerRequestHandler.getOzoneFileStatus(OzoneManagerRequestHandler.java:933) ~[ozone-manager-1.4.0-SNAPSHOT.jar:?]
	at org.apache.hadoop.ozone.protocolPB.OzoneManagerRequestHandler.handleReadRequest(OzoneManagerRequestHandler.java:238) ~[ozone-manager-1.4.0-SNAPSHOT.jar:?]
	at org.apache.hadoop.ozone.protocolPB.OzoneManagerProtocolServerSideTranslatorPB.submitRequestDirectlyToOM(OzoneManagerProtocolServerSideTranslatorPB.java:271) ~[ozone-manager-1.4.0-SNAPSHOT.jar:?]
	at org.apache.hadoop.ozone.protocolPB.OzoneManagerProtocolServerSideTranslatorPB.processRequest(OzoneManagerProtocolServerSideTranslatorPB.java:173) ~[ozone-manager-1.4.0-SNAPSHOT.jar:?]
	at org.apache.hadoop.hdds.server.OzoneProtocolMessageDispatcher.processRequest(OzoneProtocolMessageDispatcher.java:87) [hdds-server-framework-1.4.0-SNAPSHOT.jar:?]
	at org.apache.hadoop.ozone.protocolPB.OzoneManagerProtocolServerSideTranslatorPB.submitRequest(OzoneManagerProtocolServerSideTranslatorPB.java:147) [ozone-manager-1.4.0-SNAPSHOT.jar:?]
	at org.apache.hadoop.ozone.protocol.proto.OzoneManagerProtocolProtos$OzoneManagerService$2.callBlockingMethod(OzoneManagerProtocolProtos.java) [ozone-interface-client-1.4.0-SNAPSHOT.jar:?]
	at org.apache.hadoop.ipc.ProtobufRpcEngine$Server.processCall(ProtobufRpcEngine.java:465) [hadoop-common-3.3.4.jar:?]
	at org.apache.hadoop.ipc.ProtobufRpcEngine2$Server$ProtoBufRpcInvoker.call(ProtobufRpcEngine2.java:578) [hadoop-common-3.3.4.jar:?]
	at org.apache.hadoop.ipc.ProtobufRpcEngine2$Server$ProtoBufRpcInvoker.call(ProtobufRpcEngine2.java:556) [hadoop-common-3.3.4.jar:?]
	at org.apache.hadoop.ipc.RPC$Server.call(RPC.java:1093) [hadoop-common-3.3.4.jar:?]
	at org.apache.hadoop.ipc.Server$RpcCall.run(Server.java:1043) [hadoop-common-3.3.4.jar:?]
	at org.apache.hadoop.ipc.Server$RpcCall.run(Server.java:971) [hadoop-common-3.3.4.jar:?]
	at java.security.AccessController.doPrivileged(Native Method) ~[?:1.8.0_362]
	at javax.security.auth.Subject.doAs(Subject.java:422) [?:1.8.0_362]
	at org.apache.hadoop.security.UserGroupInformation.doAs(UserGroupInformation.java:1878) [hadoop-common-3.3.4.jar:?]
	at org.apache.hadoop.ipc.Server$Handler.run(Server.java:2976) [hadoop-common-3.3.4.jar:?]
16:34:13.259 [IPC Server handler 12 on default port 46781] ERROR OMAudit - user=runner | ip=127.0.0.1 | op=GET_FILE_STATUS {volume=volume76608, bucket=bucket25283, key=testBatchDelete/parent/childFolder/child6, dataSize=0, replicationConfig=null} | ret=FAILURE
org.apache.hadoop.ozone.om.exceptions.OMException: Unable to get file status: volume: volume76608 bucket: bucket25283 key: testBatchDelete/parent/childFolder/child6
	at org.apache.hadoop.ozone.om.KeyManagerImpl.getOzoneFileStatus(KeyManagerImpl.java:1162) ~[ozone-manager-1.4.0-SNAPSHOT.jar:?]
	at org.apache.hadoop.ozone.om.KeyManagerImpl.getFileStatus(KeyManagerImpl.java:1080) ~[ozone-manager-1.4.0-SNAPSHOT.jar:?]
	at org.apache.hadoop.ozone.om.OmMetadataReader.getFileStatus(OmMetadataReader.java:288) ~[ozone-manager-1.4.0-SNAPSHOT.jar:?]
	at org.apache.hadoop.ozone.om.OzoneManager.getFileStatus(OzoneManager.java:3450) ~[ozone-manager-1.4.0-SNAPSHOT.jar:?]
	at org.apache.hadoop.ozone.protocolPB.OzoneManagerRequestHandler.getOzoneFileStatus(OzoneManagerRequestHandler.java:933) ~[ozone-manager-1.4.0-SNAPSHOT.jar:?]
	at org.apache.hadoop.ozone.protocolPB.OzoneManagerRequestHandler.handleReadRequest(OzoneManagerRequestHandler.java:238) ~[ozone-manager-1.4.0-SNAPSHOT.jar:?]
	at org.apache.hadoop.ozone.protocolPB.OzoneManagerProtocolServerSideTranslatorPB.submitRequestDirectlyToOM(OzoneManagerProtocolServerSideTranslatorPB.java:271) ~[ozone-manager-1.4.0-SNAPSHOT.jar:?]
	at org.apache.hadoop.ozone.protocolPB.OzoneManagerProtocolServerSideTranslatorPB.processRequest(OzoneManagerProtocolServerSideTranslatorPB.java:173) ~[ozone-manager-1.4.0-SNAPSHOT.jar:?]
	at org.apache.hadoop.hdds.server.OzoneProtocolMessageDispatcher.processRequest(OzoneProtocolMessageDispatcher.java:87) [hdds-server-framework-1.4.0-SNAPSHOT.jar:?]
	at org.apache.hadoop.ozone.protocolPB.OzoneManagerProtocolServerSideTranslatorPB.submitRequest(OzoneManagerProtocolServerSideTranslatorPB.java:147) [ozone-manager-1.4.0-SNAPSHOT.jar:?]
	at org.apache.hadoop.ozone.protocol.proto.OzoneManagerProtocolProtos$OzoneManagerService$2.callBlockingMethod(OzoneManagerProtocolProtos.java) [ozone-interface-client-1.4.0-SNAPSHOT.jar:?]
	at org.apache.hadoop.ipc.ProtobufRpcEngine$Server.processCall(ProtobufRpcEngine.java:465) [hadoop-common-3.3.4.jar:?]
	at org.apache.hadoop.ipc.ProtobufRpcEngine2$Server$ProtoBufRpcInvoker.call(ProtobufRpcEngine2.java:578) [hadoop-common-3.3.4.jar:?]
	at org.apache.hadoop.ipc.ProtobufRpcEngine2$Server$ProtoBufRpcInvoker.call(ProtobufRpcEngine2.java:556) [hadoop-common-3.3.4.jar:?]
	at org.apache.hadoop.ipc.RPC$Server.call(RPC.java:1093) [hadoop-common-3.3.4.jar:?]
	at org.apache.hadoop.ipc.Server$RpcCall.run(Server.java:1043) [hadoop-common-3.3.4.jar:?]
	at org.apache.hadoop.ipc.Server$RpcCall.run(Server.java:971) [hadoop-common-3.3.4.jar:?]
	at java.security.AccessController.doPrivileged(Native Method) ~[?:1.8.0_362]
	at javax.security.auth.Subject.doAs(Subject.java:422) [?:1.8.0_362]
	at org.apache.hadoop.security.UserGroupInformation.doAs(UserGroupInformation.java:1878) [hadoop-common-3.3.4.jar:?]
	at org.apache.hadoop.ipc.Server$Handler.run(Server.java:2976) [hadoop-common-3.3.4.jar:?]
16:34:13.260 [IPC Server handler 10 on default port 46781] ERROR OMAudit - user=runner | ip=127.0.0.1 | op=GET_FILE_STATUS {volume=volume76608, bucket=bucket25283, key=testBatchDelete/parent/child7, dataSize=0, replicationConfig=null} | ret=FAILURE
org.apache.hadoop.ozone.om.exceptions.OMException: Unable to get file status: volume: volume76608 bucket: bucket25283 key: testBatchDelete/parent/child7
	at org.apache.hadoop.ozone.om.KeyManagerImpl.getOzoneFileStatus(KeyManagerImpl.java:1162) ~[ozone-manager-1.4.0-SNAPSHOT.jar:?]
	at org.apache.hadoop.ozone.om.KeyManagerImpl.getFileStatus(KeyManagerImpl.java:1080) ~[ozone-manager-1.4.0-SNAPSHOT.jar:?]
	at org.apache.hadoop.ozone.om.OmMetadataReader.getFileStatus(OmMetadataReader.java:288) ~[ozone-manager-1.4.0-SNAPSHOT.jar:?]
	at org.apache.hadoop.ozone.om.OzoneManager.getFileStatus(OzoneManager.java:3450) ~[ozone-manager-1.4.0-SNAPSHOT.jar:?]
	at org.apache.hadoop.ozone.protocolPB.OzoneManagerRequestHandler.getOzoneFileStatus(OzoneManagerRequestHandler.java:933) ~[ozone-manager-1.4.0-SNAPSHOT.jar:?]
	at org.apache.hadoop.ozone.protocolPB.OzoneManagerRequestHandler.handleReadRequest(OzoneManagerRequestHandler.java:238) ~[ozone-manager-1.4.0-SNAPSHOT.jar:?]
	at org.apache.hadoop.ozone.protocolPB.OzoneManagerProtocolServerSideTranslatorPB.submitRequestDirectlyToOM(OzoneManagerProtocolServerSideTranslatorPB.java:271) ~[ozone-manager-1.4.0-SNAPSHOT.jar:?]
	at org.apache.hadoop.ozone.protocolPB.OzoneManagerProtocolServerSideTranslatorPB.processRequest(OzoneManagerProtocolServerSideTranslatorPB.java:173) ~[ozone-manager-1.4.0-SNAPSHOT.jar:?]
	at org.apache.hadoop.hdds.server.OzoneProtocolMessageDispatcher.processRequest(OzoneProtocolMessageDispatcher.java:87) [hdds-server-framework-1.4.0-SNAPSHOT.jar:?]
	at org.apache.hadoop.ozone.protocolPB.OzoneManagerProtocolServerSideTranslatorPB.submitRequest(OzoneManagerProtocolServerSideTranslatorPB.java:147) [ozone-manager-1.4.0-SNAPSHOT.jar:?]
	at org.apache.hadoop.ozone.protocol.proto.OzoneManagerProtocolProtos$OzoneManagerService$2.callBlockingMethod(OzoneManagerProtocolProtos.java) [ozone-interface-client-1.4.0-SNAPSHOT.jar:?]
	at org.apache.hadoop.ipc.ProtobufRpcEngine$Server.processCall(ProtobufRpcEngine.java:465) [hadoop-common-3.3.4.jar:?]
	at org.apache.hadoop.ipc.ProtobufRpcEngine2$Server$ProtoBufRpcInvoker.call(ProtobufRpcEngine2.java:578) [hadoop-common-3.3.4.jar:?]
	at org.apache.hadoop.ipc.ProtobufRpcEngine2$Server$ProtoBufRpcInvoker.call(ProtobufRpcEngine2.java:556) [hadoop-common-3.3.4.jar:?]
	at org.apache.hadoop.ipc.RPC$Server.call(RPC.java:1093) [hadoop-common-3.3.4.jar:?]
	at org.apache.hadoop.ipc.Server$RpcCall.run(Server.java:1043) [hadoop-common-3.3.4.jar:?]
	at org.apache.hadoop.ipc.Server$RpcCall.run(Server.java:971) [hadoop-common-3.3.4.jar:?]
	at java.security.AccessController.doPrivileged(Native Method) ~[?:1.8.0_362]
	at javax.security.auth.Subject.doAs(Subject.java:422) [?:1.8.0_362]
	at org.apache.hadoop.security.UserGroupInformation.doAs(UserGroupInformation.java:1878) [hadoop-common-3.3.4.jar:?]
	at org.apache.hadoop.ipc.Server$Handler.run(Server.java:2976) [hadoop-common-3.3.4.jar:?]
16:34:13.261 [IPC Server handler 9 on default port 46781] ERROR OMAudit - user=runner | ip=127.0.0.1 | op=GET_FILE_STATUS {volume=volume76608, bucket=bucket25283, key=testBatchDelete/parent/childFolder/child7, dataSize=0, replicationConfig=null} | ret=FAILURE
org.apache.hadoop.ozone.om.exceptions.OMException: Unable to get file status: volume: volume76608 bucket: bucket25283 key: testBatchDelete/parent/childFolder/child7
	at org.apache.hadoop.ozone.om.KeyManagerImpl.getOzoneFileStatus(KeyManagerImpl.java:1162) ~[ozone-manager-1.4.0-SNAPSHOT.jar:?]
	at org.apache.hadoop.ozone.om.KeyManagerImpl.getFileStatus(KeyManagerImpl.java:1080) ~[ozone-manager-1.4.0-SNAPSHOT.jar:?]
	at org.apache.hadoop.ozone.om.OmMetadataReader.getFileStatus(OmMetadataReader.java:288) ~[ozone-manager-1.4.0-SNAPSHOT.jar:?]
	at org.apache.hadoop.ozone.om.OzoneManager.getFileStatus(OzoneManager.java:3450) ~[ozone-manager-1.4.0-SNAPSHOT.jar:?]
	at org.apache.hadoop.ozone.protocolPB.OzoneManagerRequestHandler.getOzoneFileStatus(OzoneManagerRequestHandler.java:933) ~[ozone-manager-1.4.0-SNAPSHOT.jar:?]
	at org.apache.hadoop.ozone.protocolPB.OzoneManagerRequestHandler.handleReadRequest(OzoneManagerRequestHandler.java:238) ~[ozone-manager-1.4.0-SNAPSHOT.jar:?]
	at org.apache.hadoop.ozone.protocolPB.OzoneManagerProtocolServerSideTranslatorPB.submitRequestDirectlyToOM(OzoneManagerProtocolServerSideTranslatorPB.java:271) ~[ozone-manager-1.4.0-SNAPSHOT.jar:?]
	at org.apache.hadoop.ozone.protocolPB.OzoneManagerProtocolServerSideTranslatorPB.processRequest(OzoneManagerProtocolServerSideTranslatorPB.java:173) ~[ozone-manager-1.4.0-SNAPSHOT.jar:?]
	at org.apache.hadoop.hdds.server.OzoneProtocolMessageDispatcher.processRequest(OzoneProtocolMessageDispatcher.java:87) [hdds-server-framework-1.4.0-SNAPSHOT.jar:?]
	at org.apache.hadoop.ozone.protocolPB.OzoneManagerProtocolServerSideTranslatorPB.submitRequest(OzoneManagerProtocolServerSideTranslatorPB.java:147) [ozone-manager-1.4.0-SNAPSHOT.jar:?]
	at org.apache.hadoop.ozone.protocol.proto.OzoneManagerProtocolProtos$OzoneManagerService$2.callBlockingMethod(OzoneManagerProtocolProtos.java) [ozone-interface-client-1.4.0-SNAPSHOT.jar:?]
	at org.apache.hadoop.ipc.ProtobufRpcEngine$Server.processCall(ProtobufRpcEngine.java:465) [hadoop-common-3.3.4.jar:?]
	at org.apache.hadoop.ipc.ProtobufRpcEngine2$Server$ProtoBufRpcInvoker.call(ProtobufRpcEngine2.java:578) [hadoop-common-3.3.4.jar:?]
	at org.apache.hadoop.ipc.ProtobufRpcEngine2$Server$ProtoBufRpcInvoker.call(ProtobufRpcEngine2.java:556) [hadoop-common-3.3.4.jar:?]
	at org.apache.hadoop.ipc.RPC$Server.call(RPC.java:1093) [hadoop-common-3.3.4.jar:?]
	at org.apache.hadoop.ipc.Server$RpcCall.run(Server.java:1043) [hadoop-common-3.3.4.jar:?]
	at org.apache.hadoop.ipc.Server$RpcCall.run(Server.java:971) [hadoop-common-3.3.4.jar:?]
	at java.security.AccessController.doPrivileged(Native Method) ~[?:1.8.0_362]
	at javax.security.auth.Subject.doAs(Subject.java:422) [?:1.8.0_362]
	at org.apache.hadoop.security.UserGroupInformation.doAs(UserGroupInformation.java:1878) [hadoop-common-3.3.4.jar:?]
	at org.apache.hadoop.ipc.Server$Handler.run(Server.java:2976) [hadoop-common-3.3.4.jar:?]
16:34:13.261 [IPC Server handler 7 on default port 46781] ERROR OMAudit - user=runner | ip=127.0.0.1 | op=GET_FILE_STATUS {volume=volume76608, bucket=bucket25283, key=testBatchDelete/parent, dataSize=0, replicationConfig=null} | ret=FAILURE
org.apache.hadoop.ozone.om.exceptions.OMException: Unable to get file status: volume: volume76608 bucket: bucket25283 key: testBatchDelete/parent
	at org.apache.hadoop.ozone.om.KeyManagerImpl.getOzoneFileStatus(KeyManagerImpl.java:1162) ~[ozone-manager-1.4.0-SNAPSHOT.jar:?]
	at org.apache.hadoop.ozone.om.KeyManagerImpl.getFileStatus(KeyManagerImpl.java:1080) ~[ozone-manager-1.4.0-SNAPSHOT.jar:?]
	at org.apache.hadoop.ozone.om.OmMetadataReader.getFileStatus(OmMetadataReader.java:288) ~[ozone-manager-1.4.0-SNAPSHOT.jar:?]
	at org.apache.hadoop.ozone.om.OzoneManager.getFileStatus(OzoneManager.java:3450) ~[ozone-manager-1.4.0-SNAPSHOT.jar:?]
	at org.apache.hadoop.ozone.protocolPB.OzoneManagerRequestHandler.getOzoneFileStatus(OzoneManagerRequestHandler.java:933) ~[ozone-manager-1.4.0-SNAPSHOT.jar:?]
	at org.apache.hadoop.ozone.protocolPB.OzoneManagerRequestHandler.handleReadRequest(OzoneManagerRequestHandler.java:238) ~[ozone-manager-1.4.0-SNAPSHOT.jar:?]
	at org.apache.hadoop.ozone.protocolPB.OzoneManagerProtocolServerSideTranslatorPB.submitRequestDirectlyToOM(OzoneManagerProtocolServerSideTranslatorPB.java:271) ~[ozone-manager-1.4.0-SNAPSHOT.jar:?]
	at org.apache.hadoop.ozone.protocolPB.OzoneManagerProtocolServerSideTranslatorPB.processRequest(OzoneManagerProtocolServerSideTranslatorPB.java:173) ~[ozone-manager-1.4.0-SNAPSHOT.jar:?]
	at org.apache.hadoop.hdds.server.OzoneProtocolMessageDispatcher.processRequest(OzoneProtocolMessageDispatcher.java:87) [hdds-server-framework-1.4.0-SNAPSHOT.jar:?]
	at org.apache.hadoop.ozone.protocolPB.OzoneManagerProtocolServerSideTranslatorPB.submitRequest(OzoneManagerProtocolServerSideTranslatorPB.java:147) [ozone-manager-1.4.0-SNAPSHOT.jar:?]
	at org.apache.hadoop.ozone.protocol.proto.OzoneManagerProtocolProtos$OzoneManagerService$2.callBlockingMethod(OzoneManagerProtocolProtos.java) [ozone-interface-client-1.4.0-SNAPSHOT.jar:?]
	at org.apache.hadoop.ipc.ProtobufRpcEngine$Server.processCall(ProtobufRpcEngine.java:465) [hadoop-common-3.3.4.jar:?]
	at org.apache.hadoop.ipc.ProtobufRpcEngine2$Server$ProtoBufRpcInvoker.call(ProtobufRpcEngine2.java:578) [hadoop-common-3.3.4.jar:?]
	at org.apache.hadoop.ipc.ProtobufRpcEngine2$Server$ProtoBufRpcInvoker.call(ProtobufRpcEngine2.java:556) [hadoop-common-3.3.4.jar:?]
	at org.apache.hadoop.ipc.RPC$Server.call(RPC.java:1093) [hadoop-common-3.3.4.jar:?]
	at org.apache.hadoop.ipc.Server$RpcCall.run(Server.java:1043) [hadoop-common-3.3.4.jar:?]
	at org.apache.hadoop.ipc.Server$RpcCall.run(Server.java:971) [hadoop-common-3.3.4.jar:?]
	at java.security.AccessController.doPrivileged(Native Method) ~[?:1.8.0_362]
	at javax.security.auth.Subject.doAs(Subject.java:422) [?:1.8.0_362]
	at org.apache.hadoop.security.UserGroupInformation.doAs(UserGroupInformation.java:1878) [hadoop-common-3.3.4.jar:?]
	at org.apache.hadoop.ipc.Server$Handler.run(Server.java:2976) [hadoop-common-3.3.4.jar:?]
2023-02-16 16:34:13,262 [Time-limited test] WARN  ozone.BasicOzoneFileSystem (BasicOzoneFileSystem.java:delete(559)) - delete: Path does not exist: /testBatchDelete/parent
]]></system-out>
  </testcase>
  <testcase name="testFileDelete" classname="TestOzoneFileSystem" time="0.084">
    <system-out><![CDATA[2023-02-16 16:35:00,386 [OM StateMachine ApplyTransaction Thread - 0] INFO  key.OMKeyRequest (OMKeyRequest.java:wrapUncommittedBlocksAsPseudoKey(837)) - Detect allocated but uncommitted blocks [{blockID={containerID=1, localID=111677748019200040}, length=4194304, offset=0, token=null, pipeline=null, createVersion=0, partNumber=0}] in key testBatchDelete/parent/child0.
2023-02-16 16:35:00,392 [OM StateMachine ApplyTransaction Thread - 0] INFO  key.OMKeyRequest (OMKeyRequest.java:wrapUncommittedBlocksAsPseudoKey(837)) - Detect allocated but uncommitted blocks [{blockID={containerID=3, localID=111677748019200041}, length=4194304, offset=0, token=null, pipeline=null, createVersion=0, partNumber=0}] in key testBatchDelete/parent/childFolder/child0.
2023-02-16 16:35:00,396 [OM StateMachine ApplyTransaction Thread - 0] INFO  key.OMKeyRequest (OMKeyRequest.java:wrapUncommittedBlocksAsPseudoKey(837)) - Detect allocated but uncommitted blocks [{blockID={containerID=4, localID=111677748019200042}, length=4194304, offset=0, token=null, pipeline=null, createVersion=0, partNumber=0}] in key testBatchDelete/parent/child1.
2023-02-16 16:35:00,400 [OM StateMachine ApplyTransaction Thread - 0] INFO  key.OMKeyRequest (OMKeyRequest.java:wrapUncommittedBlocksAsPseudoKey(837)) - Detect allocated but uncommitted blocks [{blockID={containerID=3, localID=111677748019200043}, length=4194304, offset=0, token=null, pipeline=null, createVersion=0, partNumber=0}] in key testBatchDelete/parent/childFolder/child1.
2023-02-16 16:35:00,403 [OM StateMachine ApplyTransaction Thread - 0] INFO  key.OMKeyRequest (OMKeyRequest.java:wrapUncommittedBlocksAsPseudoKey(837)) - Detect allocated but uncommitted blocks [{blockID={containerID=4, localID=111677748019200044}, length=4194304, offset=0, token=null, pipeline=null, createVersion=0, partNumber=0}] in key testBatchDelete/parent/child2.
2023-02-16 16:35:00,407 [OM StateMachine ApplyTransaction Thread - 0] INFO  key.OMKeyRequest (OMKeyRequest.java:wrapUncommittedBlocksAsPseudoKey(837)) - Detect allocated but uncommitted blocks [{blockID={containerID=2, localID=111677748019200045}, length=4194304, offset=0, token=null, pipeline=null, createVersion=0, partNumber=0}] in key testBatchDelete/parent/childFolder/child2.
2023-02-16 16:35:00,411 [OM StateMachine ApplyTransaction Thread - 0] INFO  key.OMKeyRequest (OMKeyRequest.java:wrapUncommittedBlocksAsPseudoKey(837)) - Detect allocated but uncommitted blocks [{blockID={containerID=3, localID=111677748019200046}, length=4194304, offset=0, token=null, pipeline=null, createVersion=0, partNumber=0}] in key testBatchDelete/parent/child3.
2023-02-16 16:35:00,416 [OM StateMachine ApplyTransaction Thread - 0] INFO  key.OMKeyRequest (OMKeyRequest.java:wrapUncommittedBlocksAsPseudoKey(837)) - Detect allocated but uncommitted blocks [{blockID={containerID=4, localID=111677748019200047}, length=4194304, offset=0, token=null, pipeline=null, createVersion=0, partNumber=0}] in key testBatchDelete/parent/childFolder/child3.
2023-02-16 16:35:00,420 [OM StateMachine ApplyTransaction Thread - 0] INFO  key.OMKeyRequest (OMKeyRequest.java:wrapUncommittedBlocksAsPseudoKey(837)) - Detect allocated but uncommitted blocks [{blockID={containerID=1, localID=111677748019200048}, length=4194304, offset=0, token=null, pipeline=null, createVersion=0, partNumber=0}] in key testBatchDelete/parent/child4.
2023-02-16 16:35:00,424 [OM StateMachine ApplyTransaction Thread - 0] INFO  key.OMKeyRequest (OMKeyRequest.java:wrapUncommittedBlocksAsPseudoKey(837)) - Detect allocated but uncommitted blocks [{blockID={containerID=2, localID=111677748019200049}, length=4194304, offset=0, token=null, pipeline=null, createVersion=0, partNumber=0}] in key testBatchDelete/parent/childFolder/child4.
2023-02-16 16:35:00,427 [OM StateMachine ApplyTransaction Thread - 0] INFO  key.OMKeyRequest (OMKeyRequest.java:wrapUncommittedBlocksAsPseudoKey(837)) - Detect allocated but uncommitted blocks [{blockID={containerID=3, localID=111677748019200050}, length=4194304, offset=0, token=null, pipeline=null, createVersion=0, partNumber=0}] in key testBatchDelete/parent/child5.
2023-02-16 16:35:00,430 [OM StateMachine ApplyTransaction Thread - 0] INFO  key.OMKeyRequest (OMKeyRequest.java:wrapUncommittedBlocksAsPseudoKey(837)) - Detect allocated but uncommitted blocks [{blockID={containerID=1, localID=111677748019200051}, length=4194304, offset=0, token=null, pipeline=null, createVersion=0, partNumber=0}] in key testBatchDelete/parent/childFolder/child5.
2023-02-16 16:35:00,434 [OM StateMachine ApplyTransaction Thread - 0] INFO  key.OMKeyRequest (OMKeyRequest.java:wrapUncommittedBlocksAsPseudoKey(837)) - Detect allocated but uncommitted blocks [{blockID={containerID=4, localID=111677748019200052}, length=4194304, offset=0, token=null, pipeline=null, createVersion=0, partNumber=0}] in key testBatchDelete/parent/child6.
2023-02-16 16:35:00,438 [OM StateMachine ApplyTransaction Thread - 0] INFO  key.OMKeyRequest (OMKeyRequest.java:wrapUncommittedBlocksAsPseudoKey(837)) - Detect allocated but uncommitted blocks [{blockID={containerID=2, localID=111677748019200053}, length=4194304, offset=0, token=null, pipeline=null, createVersion=0, partNumber=0}] in key testBatchDelete/parent/childFolder/child6.
2023-02-16 16:35:00,442 [OM StateMachine ApplyTransaction Thread - 0] INFO  key.OMKeyRequest (OMKeyRequest.java:wrapUncommittedBlocksAsPseudoKey(837)) - Detect allocated but uncommitted blocks [{blockID={containerID=1, localID=111677748019200054}, length=4194304, offset=0, token=null, pipeline=null, createVersion=0, partNumber=0}] in key testBatchDelete/parent/child7.
2023-02-16 16:35:00,446 [OM StateMachine ApplyTransaction Thread - 0] INFO  key.OMKeyRequest (OMKeyRequest.java:wrapUncommittedBlocksAsPseudoKey(837)) - Detect allocated but uncommitted blocks [{blockID={containerID=3, localID=111677748019200055}, length=4194304, offset=0, token=null, pipeline=null, createVersion=0, partNumber=0}] in key testBatchDelete/parent/childFolder/child7.
16:35:00.454 [IPC Server handler 2 on default port 44851] ERROR OMAudit - user=runner | ip=127.0.0.1 | op=GET_FILE_STATUS {volume=volume35667, bucket=bucket27185, key=testBatchDelete, dataSize=0, replicationConfig=null} | ret=FAILURE
org.apache.hadoop.ozone.om.exceptions.OMException: Unable to get file status: volume: volume35667 bucket: bucket27185 key: testBatchDelete
	at org.apache.hadoop.ozone.om.KeyManagerImpl.getOzoneFileStatus(KeyManagerImpl.java:1162) ~[ozone-manager-1.4.0-SNAPSHOT.jar:?]
	at org.apache.hadoop.ozone.om.KeyManagerImpl.getFileStatus(KeyManagerImpl.java:1080) ~[ozone-manager-1.4.0-SNAPSHOT.jar:?]
	at org.apache.hadoop.ozone.om.OmMetadataReader.getFileStatus(OmMetadataReader.java:288) ~[ozone-manager-1.4.0-SNAPSHOT.jar:?]
	at org.apache.hadoop.ozone.om.OzoneManager.getFileStatus(OzoneManager.java:3450) ~[ozone-manager-1.4.0-SNAPSHOT.jar:?]
	at org.apache.hadoop.ozone.protocolPB.OzoneManagerRequestHandler.getOzoneFileStatus(OzoneManagerRequestHandler.java:933) ~[ozone-manager-1.4.0-SNAPSHOT.jar:?]
	at org.apache.hadoop.ozone.protocolPB.OzoneManagerRequestHandler.handleReadRequest(OzoneManagerRequestHandler.java:238) ~[ozone-manager-1.4.0-SNAPSHOT.jar:?]
	at org.apache.hadoop.ozone.protocolPB.OzoneManagerProtocolServerSideTranslatorPB.submitReadRequestToOM(OzoneManagerProtocolServerSideTranslatorPB.java:223) ~[ozone-manager-1.4.0-SNAPSHOT.jar:?]
	at org.apache.hadoop.ozone.protocolPB.OzoneManagerProtocolServerSideTranslatorPB.processRequest(OzoneManagerProtocolServerSideTranslatorPB.java:177) ~[ozone-manager-1.4.0-SNAPSHOT.jar:?]
	at org.apache.hadoop.hdds.server.OzoneProtocolMessageDispatcher.processRequest(OzoneProtocolMessageDispatcher.java:87) [hdds-server-framework-1.4.0-SNAPSHOT.jar:?]
	at org.apache.hadoop.ozone.protocolPB.OzoneManagerProtocolServerSideTranslatorPB.submitRequest(OzoneManagerProtocolServerSideTranslatorPB.java:147) [ozone-manager-1.4.0-SNAPSHOT.jar:?]
	at org.apache.hadoop.ozone.protocol.proto.OzoneManagerProtocolProtos$OzoneManagerService$2.callBlockingMethod(OzoneManagerProtocolProtos.java) [ozone-interface-client-1.4.0-SNAPSHOT.jar:?]
	at org.apache.hadoop.ipc.ProtobufRpcEngine$Server.processCall(ProtobufRpcEngine.java:465) [hadoop-common-3.3.4.jar:?]
	at org.apache.hadoop.ipc.ProtobufRpcEngine2$Server$ProtoBufRpcInvoker.call(ProtobufRpcEngine2.java:578) [hadoop-common-3.3.4.jar:?]
	at org.apache.hadoop.ipc.ProtobufRpcEngine2$Server$ProtoBufRpcInvoker.call(ProtobufRpcEngine2.java:556) [hadoop-common-3.3.4.jar:?]
	at org.apache.hadoop.ipc.RPC$Server.call(RPC.java:1093) [hadoop-common-3.3.4.jar:?]
	at org.apache.hadoop.ipc.Server$RpcCall.run(Server.java:1043) [hadoop-common-3.3.4.jar:?]
	at org.apache.hadoop.ipc.Server$RpcCall.run(Server.java:971) [hadoop-common-3.3.4.jar:?]
	at java.security.AccessController.doPrivileged(Native Method) ~[?:1.8.0_362]
	at javax.security.auth.Subject.doAs(Subject.java:422) [?:1.8.0_362]
	at org.apache.hadoop.security.UserGroupInformation.doAs(UserGroupInformation.java:1878) [hadoop-common-3.3.4.jar:?]
	at org.apache.hadoop.ipc.Server$Handler.run(Server.java:2976) [hadoop-common-3.3.4.jar:?]
16:35:00.455 [IPC Server handler 4 on default port 44851] ERROR OMAudit - user=runner | ip=127.0.0.1 | op=GET_FILE_STATUS {volume=volume35667, bucket=bucket27185, key=testBatchDelete/parent/child0, dataSize=0, replicationConfig=null} | ret=FAILURE
org.apache.hadoop.ozone.om.exceptions.OMException: Unable to get file status: volume: volume35667 bucket: bucket27185 key: testBatchDelete/parent/child0
	at org.apache.hadoop.ozone.om.KeyManagerImpl.getOzoneFileStatus(KeyManagerImpl.java:1162) ~[ozone-manager-1.4.0-SNAPSHOT.jar:?]
	at org.apache.hadoop.ozone.om.KeyManagerImpl.getFileStatus(KeyManagerImpl.java:1080) ~[ozone-manager-1.4.0-SNAPSHOT.jar:?]
	at org.apache.hadoop.ozone.om.OmMetadataReader.getFileStatus(OmMetadataReader.java:288) ~[ozone-manager-1.4.0-SNAPSHOT.jar:?]
	at org.apache.hadoop.ozone.om.OzoneManager.getFileStatus(OzoneManager.java:3450) ~[ozone-manager-1.4.0-SNAPSHOT.jar:?]
	at org.apache.hadoop.ozone.protocolPB.OzoneManagerRequestHandler.getOzoneFileStatus(OzoneManagerRequestHandler.java:933) ~[ozone-manager-1.4.0-SNAPSHOT.jar:?]
	at org.apache.hadoop.ozone.protocolPB.OzoneManagerRequestHandler.handleReadRequest(OzoneManagerRequestHandler.java:238) ~[ozone-manager-1.4.0-SNAPSHOT.jar:?]
	at org.apache.hadoop.ozone.protocolPB.OzoneManagerProtocolServerSideTranslatorPB.submitReadRequestToOM(OzoneManagerProtocolServerSideTranslatorPB.java:223) ~[ozone-manager-1.4.0-SNAPSHOT.jar:?]
	at org.apache.hadoop.ozone.protocolPB.OzoneManagerProtocolServerSideTranslatorPB.processRequest(OzoneManagerProtocolServerSideTranslatorPB.java:177) ~[ozone-manager-1.4.0-SNAPSHOT.jar:?]
	at org.apache.hadoop.hdds.server.OzoneProtocolMessageDispatcher.processRequest(OzoneProtocolMessageDispatcher.java:87) [hdds-server-framework-1.4.0-SNAPSHOT.jar:?]
	at org.apache.hadoop.ozone.protocolPB.OzoneManagerProtocolServerSideTranslatorPB.submitRequest(OzoneManagerProtocolServerSideTranslatorPB.java:147) [ozone-manager-1.4.0-SNAPSHOT.jar:?]
	at org.apache.hadoop.ozone.protocol.proto.OzoneManagerProtocolProtos$OzoneManagerService$2.callBlockingMethod(OzoneManagerProtocolProtos.java) [ozone-interface-client-1.4.0-SNAPSHOT.jar:?]
	at org.apache.hadoop.ipc.ProtobufRpcEngine$Server.processCall(ProtobufRpcEngine.java:465) [hadoop-common-3.3.4.jar:?]
	at org.apache.hadoop.ipc.ProtobufRpcEngine2$Server$ProtoBufRpcInvoker.call(ProtobufRpcEngine2.java:578) [hadoop-common-3.3.4.jar:?]
	at org.apache.hadoop.ipc.ProtobufRpcEngine2$Server$ProtoBufRpcInvoker.call(ProtobufRpcEngine2.java:556) [hadoop-common-3.3.4.jar:?]
	at org.apache.hadoop.ipc.RPC$Server.call(RPC.java:1093) [hadoop-common-3.3.4.jar:?]
	at org.apache.hadoop.ipc.Server$RpcCall.run(Server.java:1043) [hadoop-common-3.3.4.jar:?]
	at org.apache.hadoop.ipc.Server$RpcCall.run(Server.java:971) [hadoop-common-3.3.4.jar:?]
	at java.security.AccessController.doPrivileged(Native Method) ~[?:1.8.0_362]
	at javax.security.auth.Subject.doAs(Subject.java:422) [?:1.8.0_362]
	at org.apache.hadoop.security.UserGroupInformation.doAs(UserGroupInformation.java:1878) [hadoop-common-3.3.4.jar:?]
	at org.apache.hadoop.ipc.Server$Handler.run(Server.java:2976) [hadoop-common-3.3.4.jar:?]
16:35:00.455 [IPC Server handler 3 on default port 44851] ERROR OMAudit - user=runner | ip=127.0.0.1 | op=GET_FILE_STATUS {volume=volume35667, bucket=bucket27185, key=testBatchDelete/parent/childFolder/child0, dataSize=0, replicationConfig=null} | ret=FAILURE
org.apache.hadoop.ozone.om.exceptions.OMException: Unable to get file status: volume: volume35667 bucket: bucket27185 key: testBatchDelete/parent/childFolder/child0
	at org.apache.hadoop.ozone.om.KeyManagerImpl.getOzoneFileStatus(KeyManagerImpl.java:1162) ~[ozone-manager-1.4.0-SNAPSHOT.jar:?]
	at org.apache.hadoop.ozone.om.KeyManagerImpl.getFileStatus(KeyManagerImpl.java:1080) ~[ozone-manager-1.4.0-SNAPSHOT.jar:?]
	at org.apache.hadoop.ozone.om.OmMetadataReader.getFileStatus(OmMetadataReader.java:288) ~[ozone-manager-1.4.0-SNAPSHOT.jar:?]
	at org.apache.hadoop.ozone.om.OzoneManager.getFileStatus(OzoneManager.java:3450) ~[ozone-manager-1.4.0-SNAPSHOT.jar:?]
	at org.apache.hadoop.ozone.protocolPB.OzoneManagerRequestHandler.getOzoneFileStatus(OzoneManagerRequestHandler.java:933) ~[ozone-manager-1.4.0-SNAPSHOT.jar:?]
	at org.apache.hadoop.ozone.protocolPB.OzoneManagerRequestHandler.handleReadRequest(OzoneManagerRequestHandler.java:238) ~[ozone-manager-1.4.0-SNAPSHOT.jar:?]
	at org.apache.hadoop.ozone.protocolPB.OzoneManagerProtocolServerSideTranslatorPB.submitReadRequestToOM(OzoneManagerProtocolServerSideTranslatorPB.java:223) ~[ozone-manager-1.4.0-SNAPSHOT.jar:?]
	at org.apache.hadoop.ozone.protocolPB.OzoneManagerProtocolServerSideTranslatorPB.processRequest(OzoneManagerProtocolServerSideTranslatorPB.java:177) ~[ozone-manager-1.4.0-SNAPSHOT.jar:?]
	at org.apache.hadoop.hdds.server.OzoneProtocolMessageDispatcher.processRequest(OzoneProtocolMessageDispatcher.java:87) [hdds-server-framework-1.4.0-SNAPSHOT.jar:?]
	at org.apache.hadoop.ozone.protocolPB.OzoneManagerProtocolServerSideTranslatorPB.submitRequest(OzoneManagerProtocolServerSideTranslatorPB.java:147) [ozone-manager-1.4.0-SNAPSHOT.jar:?]
	at org.apache.hadoop.ozone.protocol.proto.OzoneManagerProtocolProtos$OzoneManagerService$2.callBlockingMethod(OzoneManagerProtocolProtos.java) [ozone-interface-client-1.4.0-SNAPSHOT.jar:?]
	at org.apache.hadoop.ipc.ProtobufRpcEngine$Server.processCall(ProtobufRpcEngine.java:465) [hadoop-common-3.3.4.jar:?]
	at org.apache.hadoop.ipc.ProtobufRpcEngine2$Server$ProtoBufRpcInvoker.call(ProtobufRpcEngine2.java:578) [hadoop-common-3.3.4.jar:?]
	at org.apache.hadoop.ipc.ProtobufRpcEngine2$Server$ProtoBufRpcInvoker.call(ProtobufRpcEngine2.java:556) [hadoop-common-3.3.4.jar:?]
	at org.apache.hadoop.ipc.RPC$Server.call(RPC.java:1093) [hadoop-common-3.3.4.jar:?]
	at org.apache.hadoop.ipc.Server$RpcCall.run(Server.java:1043) [hadoop-common-3.3.4.jar:?]
	at org.apache.hadoop.ipc.Server$RpcCall.run(Server.java:971) [hadoop-common-3.3.4.jar:?]
	at java.security.AccessController.doPrivileged(Native Method) ~[?:1.8.0_362]
	at javax.security.auth.Subject.doAs(Subject.java:422) [?:1.8.0_362]
	at org.apache.hadoop.security.UserGroupInformation.doAs(UserGroupInformation.java:1878) [hadoop-common-3.3.4.jar:?]
	at org.apache.hadoop.ipc.Server$Handler.run(Server.java:2976) [hadoop-common-3.3.4.jar:?]
16:35:00.456 [IPC Server handler 5 on default port 44851] ERROR OMAudit - user=runner | ip=127.0.0.1 | op=GET_FILE_STATUS {volume=volume35667, bucket=bucket27185, key=testBatchDelete/parent/child1, dataSize=0, replicationConfig=null} | ret=FAILURE
org.apache.hadoop.ozone.om.exceptions.OMException: Unable to get file status: volume: volume35667 bucket: bucket27185 key: testBatchDelete/parent/child1
	at org.apache.hadoop.ozone.om.KeyManagerImpl.getOzoneFileStatus(KeyManagerImpl.java:1162) ~[ozone-manager-1.4.0-SNAPSHOT.jar:?]
	at org.apache.hadoop.ozone.om.KeyManagerImpl.getFileStatus(KeyManagerImpl.java:1080) ~[ozone-manager-1.4.0-SNAPSHOT.jar:?]
	at org.apache.hadoop.ozone.om.OmMetadataReader.getFileStatus(OmMetadataReader.java:288) ~[ozone-manager-1.4.0-SNAPSHOT.jar:?]
	at org.apache.hadoop.ozone.om.OzoneManager.getFileStatus(OzoneManager.java:3450) ~[ozone-manager-1.4.0-SNAPSHOT.jar:?]
	at org.apache.hadoop.ozone.protocolPB.OzoneManagerRequestHandler.getOzoneFileStatus(OzoneManagerRequestHandler.java:933) ~[ozone-manager-1.4.0-SNAPSHOT.jar:?]
	at org.apache.hadoop.ozone.protocolPB.OzoneManagerRequestHandler.handleReadRequest(OzoneManagerRequestHandler.java:238) ~[ozone-manager-1.4.0-SNAPSHOT.jar:?]
	at org.apache.hadoop.ozone.protocolPB.OzoneManagerProtocolServerSideTranslatorPB.submitReadRequestToOM(OzoneManagerProtocolServerSideTranslatorPB.java:223) ~[ozone-manager-1.4.0-SNAPSHOT.jar:?]
	at org.apache.hadoop.ozone.protocolPB.OzoneManagerProtocolServerSideTranslatorPB.processRequest(OzoneManagerProtocolServerSideTranslatorPB.java:177) ~[ozone-manager-1.4.0-SNAPSHOT.jar:?]
	at org.apache.hadoop.hdds.server.OzoneProtocolMessageDispatcher.processRequest(OzoneProtocolMessageDispatcher.java:87) [hdds-server-framework-1.4.0-SNAPSHOT.jar:?]
	at org.apache.hadoop.ozone.protocolPB.OzoneManagerProtocolServerSideTranslatorPB.submitRequest(OzoneManagerProtocolServerSideTranslatorPB.java:147) [ozone-manager-1.4.0-SNAPSHOT.jar:?]
	at org.apache.hadoop.ozone.protocol.proto.OzoneManagerProtocolProtos$OzoneManagerService$2.callBlockingMethod(OzoneManagerProtocolProtos.java) [ozone-interface-client-1.4.0-SNAPSHOT.jar:?]
	at org.apache.hadoop.ipc.ProtobufRpcEngine$Server.processCall(ProtobufRpcEngine.java:465) [hadoop-common-3.3.4.jar:?]
	at org.apache.hadoop.ipc.ProtobufRpcEngine2$Server$ProtoBufRpcInvoker.call(ProtobufRpcEngine2.java:578) [hadoop-common-3.3.4.jar:?]
	at org.apache.hadoop.ipc.ProtobufRpcEngine2$Server$ProtoBufRpcInvoker.call(ProtobufRpcEngine2.java:556) [hadoop-common-3.3.4.jar:?]
	at org.apache.hadoop.ipc.RPC$Server.call(RPC.java:1093) [hadoop-common-3.3.4.jar:?]
	at org.apache.hadoop.ipc.Server$RpcCall.run(Server.java:1043) [hadoop-common-3.3.4.jar:?]
	at org.apache.hadoop.ipc.Server$RpcCall.run(Server.java:971) [hadoop-common-3.3.4.jar:?]
	at java.security.AccessController.doPrivileged(Native Method) ~[?:1.8.0_362]
	at javax.security.auth.Subject.doAs(Subject.java:422) [?:1.8.0_362]
	at org.apache.hadoop.security.UserGroupInformation.doAs(UserGroupInformation.java:1878) [hadoop-common-3.3.4.jar:?]
	at org.apache.hadoop.ipc.Server$Handler.run(Server.java:2976) [hadoop-common-3.3.4.jar:?]
16:35:00.456 [IPC Server handler 7 on default port 44851] ERROR OMAudit - user=runner | ip=127.0.0.1 | op=GET_FILE_STATUS {volume=volume35667, bucket=bucket27185, key=testBatchDelete/parent/childFolder/child1, dataSize=0, replicationConfig=null} | ret=FAILURE
org.apache.hadoop.ozone.om.exceptions.OMException: Unable to get file status: volume: volume35667 bucket: bucket27185 key: testBatchDelete/parent/childFolder/child1
	at org.apache.hadoop.ozone.om.KeyManagerImpl.getOzoneFileStatus(KeyManagerImpl.java:1162) ~[ozone-manager-1.4.0-SNAPSHOT.jar:?]
	at org.apache.hadoop.ozone.om.KeyManagerImpl.getFileStatus(KeyManagerImpl.java:1080) ~[ozone-manager-1.4.0-SNAPSHOT.jar:?]
	at org.apache.hadoop.ozone.om.OmMetadataReader.getFileStatus(OmMetadataReader.java:288) ~[ozone-manager-1.4.0-SNAPSHOT.jar:?]
	at org.apache.hadoop.ozone.om.OzoneManager.getFileStatus(OzoneManager.java:3450) ~[ozone-manager-1.4.0-SNAPSHOT.jar:?]
	at org.apache.hadoop.ozone.protocolPB.OzoneManagerRequestHandler.getOzoneFileStatus(OzoneManagerRequestHandler.java:933) ~[ozone-manager-1.4.0-SNAPSHOT.jar:?]
	at org.apache.hadoop.ozone.protocolPB.OzoneManagerRequestHandler.handleReadRequest(OzoneManagerRequestHandler.java:238) ~[ozone-manager-1.4.0-SNAPSHOT.jar:?]
	at org.apache.hadoop.ozone.protocolPB.OzoneManagerProtocolServerSideTranslatorPB.submitReadRequestToOM(OzoneManagerProtocolServerSideTranslatorPB.java:223) ~[ozone-manager-1.4.0-SNAPSHOT.jar:?]
	at org.apache.hadoop.ozone.protocolPB.OzoneManagerProtocolServerSideTranslatorPB.processRequest(OzoneManagerProtocolServerSideTranslatorPB.java:177) ~[ozone-manager-1.4.0-SNAPSHOT.jar:?]
	at org.apache.hadoop.hdds.server.OzoneProtocolMessageDispatcher.processRequest(OzoneProtocolMessageDispatcher.java:87) [hdds-server-framework-1.4.0-SNAPSHOT.jar:?]
	at org.apache.hadoop.ozone.protocolPB.OzoneManagerProtocolServerSideTranslatorPB.submitRequest(OzoneManagerProtocolServerSideTranslatorPB.java:147) [ozone-manager-1.4.0-SNAPSHOT.jar:?]
	at org.apache.hadoop.ozone.protocol.proto.OzoneManagerProtocolProtos$OzoneManagerService$2.callBlockingMethod(OzoneManagerProtocolProtos.java) [ozone-interface-client-1.4.0-SNAPSHOT.jar:?]
	at org.apache.hadoop.ipc.ProtobufRpcEngine$Server.processCall(ProtobufRpcEngine.java:465) [hadoop-common-3.3.4.jar:?]
	at org.apache.hadoop.ipc.ProtobufRpcEngine2$Server$ProtoBufRpcInvoker.call(ProtobufRpcEngine2.java:578) [hadoop-common-3.3.4.jar:?]
	at org.apache.hadoop.ipc.ProtobufRpcEngine2$Server$ProtoBufRpcInvoker.call(ProtobufRpcEngine2.java:556) [hadoop-common-3.3.4.jar:?]
	at org.apache.hadoop.ipc.RPC$Server.call(RPC.java:1093) [hadoop-common-3.3.4.jar:?]
	at org.apache.hadoop.ipc.Server$RpcCall.run(Server.java:1043) [hadoop-common-3.3.4.jar:?]
	at org.apache.hadoop.ipc.Server$RpcCall.run(Server.java:971) [hadoop-common-3.3.4.jar:?]
	at java.security.AccessController.doPrivileged(Native Method) ~[?:1.8.0_362]
	at javax.security.auth.Subject.doAs(Subject.java:422) [?:1.8.0_362]
	at org.apache.hadoop.security.UserGroupInformation.doAs(UserGroupInformation.java:1878) [hadoop-common-3.3.4.jar:?]
	at org.apache.hadoop.ipc.Server$Handler.run(Server.java:2976) [hadoop-common-3.3.4.jar:?]
16:35:00.457 [IPC Server handler 6 on default port 44851] ERROR OMAudit - user=runner | ip=127.0.0.1 | op=GET_FILE_STATUS {volume=volume35667, bucket=bucket27185, key=testBatchDelete/parent/child2, dataSize=0, replicationConfig=null} | ret=FAILURE
org.apache.hadoop.ozone.om.exceptions.OMException: Unable to get file status: volume: volume35667 bucket: bucket27185 key: testBatchDelete/parent/child2
	at org.apache.hadoop.ozone.om.KeyManagerImpl.getOzoneFileStatus(KeyManagerImpl.java:1162) ~[ozone-manager-1.4.0-SNAPSHOT.jar:?]
	at org.apache.hadoop.ozone.om.KeyManagerImpl.getFileStatus(KeyManagerImpl.java:1080) ~[ozone-manager-1.4.0-SNAPSHOT.jar:?]
	at org.apache.hadoop.ozone.om.OmMetadataReader.getFileStatus(OmMetadataReader.java:288) ~[ozone-manager-1.4.0-SNAPSHOT.jar:?]
	at org.apache.hadoop.ozone.om.OzoneManager.getFileStatus(OzoneManager.java:3450) ~[ozone-manager-1.4.0-SNAPSHOT.jar:?]
	at org.apache.hadoop.ozone.protocolPB.OzoneManagerRequestHandler.getOzoneFileStatus(OzoneManagerRequestHandler.java:933) ~[ozone-manager-1.4.0-SNAPSHOT.jar:?]
	at org.apache.hadoop.ozone.protocolPB.OzoneManagerRequestHandler.handleReadRequest(OzoneManagerRequestHandler.java:238) ~[ozone-manager-1.4.0-SNAPSHOT.jar:?]
	at org.apache.hadoop.ozone.protocolPB.OzoneManagerProtocolServerSideTranslatorPB.submitReadRequestToOM(OzoneManagerProtocolServerSideTranslatorPB.java:223) ~[ozone-manager-1.4.0-SNAPSHOT.jar:?]
	at org.apache.hadoop.ozone.protocolPB.OzoneManagerProtocolServerSideTranslatorPB.processRequest(OzoneManagerProtocolServerSideTranslatorPB.java:177) ~[ozone-manager-1.4.0-SNAPSHOT.jar:?]
	at org.apache.hadoop.hdds.server.OzoneProtocolMessageDispatcher.processRequest(OzoneProtocolMessageDispatcher.java:87) [hdds-server-framework-1.4.0-SNAPSHOT.jar:?]
	at org.apache.hadoop.ozone.protocolPB.OzoneManagerProtocolServerSideTranslatorPB.submitRequest(OzoneManagerProtocolServerSideTranslatorPB.java:147) [ozone-manager-1.4.0-SNAPSHOT.jar:?]
	at org.apache.hadoop.ozone.protocol.proto.OzoneManagerProtocolProtos$OzoneManagerService$2.callBlockingMethod(OzoneManagerProtocolProtos.java) [ozone-interface-client-1.4.0-SNAPSHOT.jar:?]
	at org.apache.hadoop.ipc.ProtobufRpcEngine$Server.processCall(ProtobufRpcEngine.java:465) [hadoop-common-3.3.4.jar:?]
	at org.apache.hadoop.ipc.ProtobufRpcEngine2$Server$ProtoBufRpcInvoker.call(ProtobufRpcEngine2.java:578) [hadoop-common-3.3.4.jar:?]
	at org.apache.hadoop.ipc.ProtobufRpcEngine2$Server$ProtoBufRpcInvoker.call(ProtobufRpcEngine2.java:556) [hadoop-common-3.3.4.jar:?]
	at org.apache.hadoop.ipc.RPC$Server.call(RPC.java:1093) [hadoop-common-3.3.4.jar:?]
	at org.apache.hadoop.ipc.Server$RpcCall.run(Server.java:1043) [hadoop-common-3.3.4.jar:?]
	at org.apache.hadoop.ipc.Server$RpcCall.run(Server.java:971) [hadoop-common-3.3.4.jar:?]
	at java.security.AccessController.doPrivileged(Native Method) ~[?:1.8.0_362]
	at javax.security.auth.Subject.doAs(Subject.java:422) [?:1.8.0_362]
	at org.apache.hadoop.security.UserGroupInformation.doAs(UserGroupInformation.java:1878) [hadoop-common-3.3.4.jar:?]
	at org.apache.hadoop.ipc.Server$Handler.run(Server.java:2976) [hadoop-common-3.3.4.jar:?]
16:35:00.458 [IPC Server handler 8 on default port 44851] ERROR OMAudit - user=runner | ip=127.0.0.1 | op=GET_FILE_STATUS {volume=volume35667, bucket=bucket27185, key=testBatchDelete/parent/childFolder/child2, dataSize=0, replicationConfig=null} | ret=FAILURE
org.apache.hadoop.ozone.om.exceptions.OMException: Unable to get file status: volume: volume35667 bucket: bucket27185 key: testBatchDelete/parent/childFolder/child2
	at org.apache.hadoop.ozone.om.KeyManagerImpl.getOzoneFileStatus(KeyManagerImpl.java:1162) ~[ozone-manager-1.4.0-SNAPSHOT.jar:?]
	at org.apache.hadoop.ozone.om.KeyManagerImpl.getFileStatus(KeyManagerImpl.java:1080) ~[ozone-manager-1.4.0-SNAPSHOT.jar:?]
	at org.apache.hadoop.ozone.om.OmMetadataReader.getFileStatus(OmMetadataReader.java:288) ~[ozone-manager-1.4.0-SNAPSHOT.jar:?]
	at org.apache.hadoop.ozone.om.OzoneManager.getFileStatus(OzoneManager.java:3450) ~[ozone-manager-1.4.0-SNAPSHOT.jar:?]
	at org.apache.hadoop.ozone.protocolPB.OzoneManagerRequestHandler.getOzoneFileStatus(OzoneManagerRequestHandler.java:933) ~[ozone-manager-1.4.0-SNAPSHOT.jar:?]
	at org.apache.hadoop.ozone.protocolPB.OzoneManagerRequestHandler.handleReadRequest(OzoneManagerRequestHandler.java:238) ~[ozone-manager-1.4.0-SNAPSHOT.jar:?]
	at org.apache.hadoop.ozone.protocolPB.OzoneManagerProtocolServerSideTranslatorPB.submitReadRequestToOM(OzoneManagerProtocolServerSideTranslatorPB.java:223) ~[ozone-manager-1.4.0-SNAPSHOT.jar:?]
	at org.apache.hadoop.ozone.protocolPB.OzoneManagerProtocolServerSideTranslatorPB.processRequest(OzoneManagerProtocolServerSideTranslatorPB.java:177) ~[ozone-manager-1.4.0-SNAPSHOT.jar:?]
	at org.apache.hadoop.hdds.server.OzoneProtocolMessageDispatcher.processRequest(OzoneProtocolMessageDispatcher.java:87) [hdds-server-framework-1.4.0-SNAPSHOT.jar:?]
	at org.apache.hadoop.ozone.protocolPB.OzoneManagerProtocolServerSideTranslatorPB.submitRequest(OzoneManagerProtocolServerSideTranslatorPB.java:147) [ozone-manager-1.4.0-SNAPSHOT.jar:?]
	at org.apache.hadoop.ozone.protocol.proto.OzoneManagerProtocolProtos$OzoneManagerService$2.callBlockingMethod(OzoneManagerProtocolProtos.java) [ozone-interface-client-1.4.0-SNAPSHOT.jar:?]
	at org.apache.hadoop.ipc.ProtobufRpcEngine$Server.processCall(ProtobufRpcEngine.java:465) [hadoop-common-3.3.4.jar:?]
	at org.apache.hadoop.ipc.ProtobufRpcEngine2$Server$ProtoBufRpcInvoker.call(ProtobufRpcEngine2.java:578) [hadoop-common-3.3.4.jar:?]
	at org.apache.hadoop.ipc.ProtobufRpcEngine2$Server$ProtoBufRpcInvoker.call(ProtobufRpcEngine2.java:556) [hadoop-common-3.3.4.jar:?]
	at org.apache.hadoop.ipc.RPC$Server.call(RPC.java:1093) [hadoop-common-3.3.4.jar:?]
	at org.apache.hadoop.ipc.Server$RpcCall.run(Server.java:1043) [hadoop-common-3.3.4.jar:?]
	at org.apache.hadoop.ipc.Server$RpcCall.run(Server.java:971) [hadoop-common-3.3.4.jar:?]
	at java.security.AccessController.doPrivileged(Native Method) ~[?:1.8.0_362]
	at javax.security.auth.Subject.doAs(Subject.java:422) [?:1.8.0_362]
	at org.apache.hadoop.security.UserGroupInformation.doAs(UserGroupInformation.java:1878) [hadoop-common-3.3.4.jar:?]
	at org.apache.hadoop.ipc.Server$Handler.run(Server.java:2976) [hadoop-common-3.3.4.jar:?]
16:35:00.458 [IPC Server handler 9 on default port 44851] ERROR OMAudit - user=runner | ip=127.0.0.1 | op=GET_FILE_STATUS {volume=volume35667, bucket=bucket27185, key=testBatchDelete/parent/child3, dataSize=0, replicationConfig=null} | ret=FAILURE
org.apache.hadoop.ozone.om.exceptions.OMException: Unable to get file status: volume: volume35667 bucket: bucket27185 key: testBatchDelete/parent/child3
	at org.apache.hadoop.ozone.om.KeyManagerImpl.getOzoneFileStatus(KeyManagerImpl.java:1162) ~[ozone-manager-1.4.0-SNAPSHOT.jar:?]
	at org.apache.hadoop.ozone.om.KeyManagerImpl.getFileStatus(KeyManagerImpl.java:1080) ~[ozone-manager-1.4.0-SNAPSHOT.jar:?]
	at org.apache.hadoop.ozone.om.OmMetadataReader.getFileStatus(OmMetadataReader.java:288) ~[ozone-manager-1.4.0-SNAPSHOT.jar:?]
	at org.apache.hadoop.ozone.om.OzoneManager.getFileStatus(OzoneManager.java:3450) ~[ozone-manager-1.4.0-SNAPSHOT.jar:?]
	at org.apache.hadoop.ozone.protocolPB.OzoneManagerRequestHandler.getOzoneFileStatus(OzoneManagerRequestHandler.java:933) ~[ozone-manager-1.4.0-SNAPSHOT.jar:?]
	at org.apache.hadoop.ozone.protocolPB.OzoneManagerRequestHandler.handleReadRequest(OzoneManagerRequestHandler.java:238) ~[ozone-manager-1.4.0-SNAPSHOT.jar:?]
	at org.apache.hadoop.ozone.protocolPB.OzoneManagerProtocolServerSideTranslatorPB.submitReadRequestToOM(OzoneManagerProtocolServerSideTranslatorPB.java:223) ~[ozone-manager-1.4.0-SNAPSHOT.jar:?]
	at org.apache.hadoop.ozone.protocolPB.OzoneManagerProtocolServerSideTranslatorPB.processRequest(OzoneManagerProtocolServerSideTranslatorPB.java:177) ~[ozone-manager-1.4.0-SNAPSHOT.jar:?]
	at org.apache.hadoop.hdds.server.OzoneProtocolMessageDispatcher.processRequest(OzoneProtocolMessageDispatcher.java:87) [hdds-server-framework-1.4.0-SNAPSHOT.jar:?]
	at org.apache.hadoop.ozone.protocolPB.OzoneManagerProtocolServerSideTranslatorPB.submitRequest(OzoneManagerProtocolServerSideTranslatorPB.java:147) [ozone-manager-1.4.0-SNAPSHOT.jar:?]
	at org.apache.hadoop.ozone.protocol.proto.OzoneManagerProtocolProtos$OzoneManagerService$2.callBlockingMethod(OzoneManagerProtocolProtos.java) [ozone-interface-client-1.4.0-SNAPSHOT.jar:?]
	at org.apache.hadoop.ipc.ProtobufRpcEngine$Server.processCall(ProtobufRpcEngine.java:465) [hadoop-common-3.3.4.jar:?]
	at org.apache.hadoop.ipc.ProtobufRpcEngine2$Server$ProtoBufRpcInvoker.call(ProtobufRpcEngine2.java:578) [hadoop-common-3.3.4.jar:?]
	at org.apache.hadoop.ipc.ProtobufRpcEngine2$Server$ProtoBufRpcInvoker.call(ProtobufRpcEngine2.java:556) [hadoop-common-3.3.4.jar:?]
	at org.apache.hadoop.ipc.RPC$Server.call(RPC.java:1093) [hadoop-common-3.3.4.jar:?]
	at org.apache.hadoop.ipc.Server$RpcCall.run(Server.java:1043) [hadoop-common-3.3.4.jar:?]
	at org.apache.hadoop.ipc.Server$RpcCall.run(Server.java:971) [hadoop-common-3.3.4.jar:?]
	at java.security.AccessController.doPrivileged(Native Method) ~[?:1.8.0_362]
	at javax.security.auth.Subject.doAs(Subject.java:422) [?:1.8.0_362]
	at org.apache.hadoop.security.UserGroupInformation.doAs(UserGroupInformation.java:1878) [hadoop-common-3.3.4.jar:?]
	at org.apache.hadoop.ipc.Server$Handler.run(Server.java:2976) [hadoop-common-3.3.4.jar:?]
16:35:00.459 [IPC Server handler 10 on default port 44851] ERROR OMAudit - user=runner | ip=127.0.0.1 | op=GET_FILE_STATUS {volume=volume35667, bucket=bucket27185, key=testBatchDelete/parent/childFolder/child3, dataSize=0, replicationConfig=null} | ret=FAILURE
org.apache.hadoop.ozone.om.exceptions.OMException: Unable to get file status: volume: volume35667 bucket: bucket27185 key: testBatchDelete/parent/childFolder/child3
	at org.apache.hadoop.ozone.om.KeyManagerImpl.getOzoneFileStatus(KeyManagerImpl.java:1162) ~[ozone-manager-1.4.0-SNAPSHOT.jar:?]
	at org.apache.hadoop.ozone.om.KeyManagerImpl.getFileStatus(KeyManagerImpl.java:1080) ~[ozone-manager-1.4.0-SNAPSHOT.jar:?]
	at org.apache.hadoop.ozone.om.OmMetadataReader.getFileStatus(OmMetadataReader.java:288) ~[ozone-manager-1.4.0-SNAPSHOT.jar:?]
	at org.apache.hadoop.ozone.om.OzoneManager.getFileStatus(OzoneManager.java:3450) ~[ozone-manager-1.4.0-SNAPSHOT.jar:?]
	at org.apache.hadoop.ozone.protocolPB.OzoneManagerRequestHandler.getOzoneFileStatus(OzoneManagerRequestHandler.java:933) ~[ozone-manager-1.4.0-SNAPSHOT.jar:?]
	at org.apache.hadoop.ozone.protocolPB.OzoneManagerRequestHandler.handleReadRequest(OzoneManagerRequestHandler.java:238) ~[ozone-manager-1.4.0-SNAPSHOT.jar:?]
	at org.apache.hadoop.ozone.protocolPB.OzoneManagerProtocolServerSideTranslatorPB.submitReadRequestToOM(OzoneManagerProtocolServerSideTranslatorPB.java:223) ~[ozone-manager-1.4.0-SNAPSHOT.jar:?]
	at org.apache.hadoop.ozone.protocolPB.OzoneManagerProtocolServerSideTranslatorPB.processRequest(OzoneManagerProtocolServerSideTranslatorPB.java:177) ~[ozone-manager-1.4.0-SNAPSHOT.jar:?]
	at org.apache.hadoop.hdds.server.OzoneProtocolMessageDispatcher.processRequest(OzoneProtocolMessageDispatcher.java:87) [hdds-server-framework-1.4.0-SNAPSHOT.jar:?]
	at org.apache.hadoop.ozone.protocolPB.OzoneManagerProtocolServerSideTranslatorPB.submitRequest(OzoneManagerProtocolServerSideTranslatorPB.java:147) [ozone-manager-1.4.0-SNAPSHOT.jar:?]
	at org.apache.hadoop.ozone.protocol.proto.OzoneManagerProtocolProtos$OzoneManagerService$2.callBlockingMethod(OzoneManagerProtocolProtos.java) [ozone-interface-client-1.4.0-SNAPSHOT.jar:?]
	at org.apache.hadoop.ipc.ProtobufRpcEngine$Server.processCall(ProtobufRpcEngine.java:465) [hadoop-common-3.3.4.jar:?]
	at org.apache.hadoop.ipc.ProtobufRpcEngine2$Server$ProtoBufRpcInvoker.call(ProtobufRpcEngine2.java:578) [hadoop-common-3.3.4.jar:?]
	at org.apache.hadoop.ipc.ProtobufRpcEngine2$Server$ProtoBufRpcInvoker.call(ProtobufRpcEngine2.java:556) [hadoop-common-3.3.4.jar:?]
	at org.apache.hadoop.ipc.RPC$Server.call(RPC.java:1093) [hadoop-common-3.3.4.jar:?]
	at org.apache.hadoop.ipc.Server$RpcCall.run(Server.java:1043) [hadoop-common-3.3.4.jar:?]
	at org.apache.hadoop.ipc.Server$RpcCall.run(Server.java:971) [hadoop-common-3.3.4.jar:?]
	at java.security.AccessController.doPrivileged(Native Method) ~[?:1.8.0_362]
	at javax.security.auth.Subject.doAs(Subject.java:422) [?:1.8.0_362]
	at org.apache.hadoop.security.UserGroupInformation.doAs(UserGroupInformation.java:1878) [hadoop-common-3.3.4.jar:?]
	at org.apache.hadoop.ipc.Server$Handler.run(Server.java:2976) [hadoop-common-3.3.4.jar:?]
16:35:00.459 [IPC Server handler 19 on default port 44851] ERROR OMAudit - user=runner | ip=127.0.0.1 | op=GET_FILE_STATUS {volume=volume35667, bucket=bucket27185, key=testBatchDelete/parent/child4, dataSize=0, replicationConfig=null} | ret=FAILURE
org.apache.hadoop.ozone.om.exceptions.OMException: Unable to get file status: volume: volume35667 bucket: bucket27185 key: testBatchDelete/parent/child4
	at org.apache.hadoop.ozone.om.KeyManagerImpl.getOzoneFileStatus(KeyManagerImpl.java:1162) ~[ozone-manager-1.4.0-SNAPSHOT.jar:?]
	at org.apache.hadoop.ozone.om.KeyManagerImpl.getFileStatus(KeyManagerImpl.java:1080) ~[ozone-manager-1.4.0-SNAPSHOT.jar:?]
	at org.apache.hadoop.ozone.om.OmMetadataReader.getFileStatus(OmMetadataReader.java:288) ~[ozone-manager-1.4.0-SNAPSHOT.jar:?]
	at org.apache.hadoop.ozone.om.OzoneManager.getFileStatus(OzoneManager.java:3450) ~[ozone-manager-1.4.0-SNAPSHOT.jar:?]
	at org.apache.hadoop.ozone.protocolPB.OzoneManagerRequestHandler.getOzoneFileStatus(OzoneManagerRequestHandler.java:933) ~[ozone-manager-1.4.0-SNAPSHOT.jar:?]
	at org.apache.hadoop.ozone.protocolPB.OzoneManagerRequestHandler.handleReadRequest(OzoneManagerRequestHandler.java:238) ~[ozone-manager-1.4.0-SNAPSHOT.jar:?]
	at org.apache.hadoop.ozone.protocolPB.OzoneManagerProtocolServerSideTranslatorPB.submitReadRequestToOM(OzoneManagerProtocolServerSideTranslatorPB.java:223) ~[ozone-manager-1.4.0-SNAPSHOT.jar:?]
	at org.apache.hadoop.ozone.protocolPB.OzoneManagerProtocolServerSideTranslatorPB.processRequest(OzoneManagerProtocolServerSideTranslatorPB.java:177) ~[ozone-manager-1.4.0-SNAPSHOT.jar:?]
	at org.apache.hadoop.hdds.server.OzoneProtocolMessageDispatcher.processRequest(OzoneProtocolMessageDispatcher.java:87) [hdds-server-framework-1.4.0-SNAPSHOT.jar:?]
	at org.apache.hadoop.ozone.protocolPB.OzoneManagerProtocolServerSideTranslatorPB.submitRequest(OzoneManagerProtocolServerSideTranslatorPB.java:147) [ozone-manager-1.4.0-SNAPSHOT.jar:?]
	at org.apache.hadoop.ozone.protocol.proto.OzoneManagerProtocolProtos$OzoneManagerService$2.callBlockingMethod(OzoneManagerProtocolProtos.java) [ozone-interface-client-1.4.0-SNAPSHOT.jar:?]
	at org.apache.hadoop.ipc.ProtobufRpcEngine$Server.processCall(ProtobufRpcEngine.java:465) [hadoop-common-3.3.4.jar:?]
	at org.apache.hadoop.ipc.ProtobufRpcEngine2$Server$ProtoBufRpcInvoker.call(ProtobufRpcEngine2.java:578) [hadoop-common-3.3.4.jar:?]
	at org.apache.hadoop.ipc.ProtobufRpcEngine2$Server$ProtoBufRpcInvoker.call(ProtobufRpcEngine2.java:556) [hadoop-common-3.3.4.jar:?]
	at org.apache.hadoop.ipc.RPC$Server.call(RPC.java:1093) [hadoop-common-3.3.4.jar:?]
	at org.apache.hadoop.ipc.Server$RpcCall.run(Server.java:1043) [hadoop-common-3.3.4.jar:?]
	at org.apache.hadoop.ipc.Server$RpcCall.run(Server.java:971) [hadoop-common-3.3.4.jar:?]
	at java.security.AccessController.doPrivileged(Native Method) ~[?:1.8.0_362]
	at javax.security.auth.Subject.doAs(Subject.java:422) [?:1.8.0_362]
	at org.apache.hadoop.security.UserGroupInformation.doAs(UserGroupInformation.java:1878) [hadoop-common-3.3.4.jar:?]
	at org.apache.hadoop.ipc.Server$Handler.run(Server.java:2976) [hadoop-common-3.3.4.jar:?]
16:35:00.460 [IPC Server handler 17 on default port 44851] ERROR OMAudit - user=runner | ip=127.0.0.1 | op=GET_FILE_STATUS {volume=volume35667, bucket=bucket27185, key=testBatchDelete/parent/childFolder/child4, dataSize=0, replicationConfig=null} | ret=FAILURE
org.apache.hadoop.ozone.om.exceptions.OMException: Unable to get file status: volume: volume35667 bucket: bucket27185 key: testBatchDelete/parent/childFolder/child4
	at org.apache.hadoop.ozone.om.KeyManagerImpl.getOzoneFileStatus(KeyManagerImpl.java:1162) ~[ozone-manager-1.4.0-SNAPSHOT.jar:?]
	at org.apache.hadoop.ozone.om.KeyManagerImpl.getFileStatus(KeyManagerImpl.java:1080) ~[ozone-manager-1.4.0-SNAPSHOT.jar:?]
	at org.apache.hadoop.ozone.om.OmMetadataReader.getFileStatus(OmMetadataReader.java:288) ~[ozone-manager-1.4.0-SNAPSHOT.jar:?]
	at org.apache.hadoop.ozone.om.OzoneManager.getFileStatus(OzoneManager.java:3450) ~[ozone-manager-1.4.0-SNAPSHOT.jar:?]
	at org.apache.hadoop.ozone.protocolPB.OzoneManagerRequestHandler.getOzoneFileStatus(OzoneManagerRequestHandler.java:933) ~[ozone-manager-1.4.0-SNAPSHOT.jar:?]
	at org.apache.hadoop.ozone.protocolPB.OzoneManagerRequestHandler.handleReadRequest(OzoneManagerRequestHandler.java:238) ~[ozone-manager-1.4.0-SNAPSHOT.jar:?]
	at org.apache.hadoop.ozone.protocolPB.OzoneManagerProtocolServerSideTranslatorPB.submitReadRequestToOM(OzoneManagerProtocolServerSideTranslatorPB.java:223) ~[ozone-manager-1.4.0-SNAPSHOT.jar:?]
	at org.apache.hadoop.ozone.protocolPB.OzoneManagerProtocolServerSideTranslatorPB.processRequest(OzoneManagerProtocolServerSideTranslatorPB.java:177) ~[ozone-manager-1.4.0-SNAPSHOT.jar:?]
	at org.apache.hadoop.hdds.server.OzoneProtocolMessageDispatcher.processRequest(OzoneProtocolMessageDispatcher.java:87) [hdds-server-framework-1.4.0-SNAPSHOT.jar:?]
	at org.apache.hadoop.ozone.protocolPB.OzoneManagerProtocolServerSideTranslatorPB.submitRequest(OzoneManagerProtocolServerSideTranslatorPB.java:147) [ozone-manager-1.4.0-SNAPSHOT.jar:?]
	at org.apache.hadoop.ozone.protocol.proto.OzoneManagerProtocolProtos$OzoneManagerService$2.callBlockingMethod(OzoneManagerProtocolProtos.java) [ozone-interface-client-1.4.0-SNAPSHOT.jar:?]
	at org.apache.hadoop.ipc.ProtobufRpcEngine$Server.processCall(ProtobufRpcEngine.java:465) [hadoop-common-3.3.4.jar:?]
	at org.apache.hadoop.ipc.ProtobufRpcEngine2$Server$ProtoBufRpcInvoker.call(ProtobufRpcEngine2.java:578) [hadoop-common-3.3.4.jar:?]
	at org.apache.hadoop.ipc.ProtobufRpcEngine2$Server$ProtoBufRpcInvoker.call(ProtobufRpcEngine2.java:556) [hadoop-common-3.3.4.jar:?]
	at org.apache.hadoop.ipc.RPC$Server.call(RPC.java:1093) [hadoop-common-3.3.4.jar:?]
	at org.apache.hadoop.ipc.Server$RpcCall.run(Server.java:1043) [hadoop-common-3.3.4.jar:?]
	at org.apache.hadoop.ipc.Server$RpcCall.run(Server.java:971) [hadoop-common-3.3.4.jar:?]
	at java.security.AccessController.doPrivileged(Native Method) ~[?:1.8.0_362]
	at javax.security.auth.Subject.doAs(Subject.java:422) [?:1.8.0_362]
	at org.apache.hadoop.security.UserGroupInformation.doAs(UserGroupInformation.java:1878) [hadoop-common-3.3.4.jar:?]
	at org.apache.hadoop.ipc.Server$Handler.run(Server.java:2976) [hadoop-common-3.3.4.jar:?]
16:35:00.460 [IPC Server handler 16 on default port 44851] ERROR OMAudit - user=runner | ip=127.0.0.1 | op=GET_FILE_STATUS {volume=volume35667, bucket=bucket27185, key=testBatchDelete/parent/child5, dataSize=0, replicationConfig=null} | ret=FAILURE
org.apache.hadoop.ozone.om.exceptions.OMException: Unable to get file status: volume: volume35667 bucket: bucket27185 key: testBatchDelete/parent/child5
	at org.apache.hadoop.ozone.om.KeyManagerImpl.getOzoneFileStatus(KeyManagerImpl.java:1162) ~[ozone-manager-1.4.0-SNAPSHOT.jar:?]
	at org.apache.hadoop.ozone.om.KeyManagerImpl.getFileStatus(KeyManagerImpl.java:1080) ~[ozone-manager-1.4.0-SNAPSHOT.jar:?]
	at org.apache.hadoop.ozone.om.OmMetadataReader.getFileStatus(OmMetadataReader.java:288) ~[ozone-manager-1.4.0-SNAPSHOT.jar:?]
	at org.apache.hadoop.ozone.om.OzoneManager.getFileStatus(OzoneManager.java:3450) ~[ozone-manager-1.4.0-SNAPSHOT.jar:?]
	at org.apache.hadoop.ozone.protocolPB.OzoneManagerRequestHandler.getOzoneFileStatus(OzoneManagerRequestHandler.java:933) ~[ozone-manager-1.4.0-SNAPSHOT.jar:?]
	at org.apache.hadoop.ozone.protocolPB.OzoneManagerRequestHandler.handleReadRequest(OzoneManagerRequestHandler.java:238) ~[ozone-manager-1.4.0-SNAPSHOT.jar:?]
	at org.apache.hadoop.ozone.protocolPB.OzoneManagerProtocolServerSideTranslatorPB.submitReadRequestToOM(OzoneManagerProtocolServerSideTranslatorPB.java:223) ~[ozone-manager-1.4.0-SNAPSHOT.jar:?]
	at org.apache.hadoop.ozone.protocolPB.OzoneManagerProtocolServerSideTranslatorPB.processRequest(OzoneManagerProtocolServerSideTranslatorPB.java:177) ~[ozone-manager-1.4.0-SNAPSHOT.jar:?]
	at org.apache.hadoop.hdds.server.OzoneProtocolMessageDispatcher.processRequest(OzoneProtocolMessageDispatcher.java:87) [hdds-server-framework-1.4.0-SNAPSHOT.jar:?]
	at org.apache.hadoop.ozone.protocolPB.OzoneManagerProtocolServerSideTranslatorPB.submitRequest(OzoneManagerProtocolServerSideTranslatorPB.java:147) [ozone-manager-1.4.0-SNAPSHOT.jar:?]
	at org.apache.hadoop.ozone.protocol.proto.OzoneManagerProtocolProtos$OzoneManagerService$2.callBlockingMethod(OzoneManagerProtocolProtos.java) [ozone-interface-client-1.4.0-SNAPSHOT.jar:?]
	at org.apache.hadoop.ipc.ProtobufRpcEngine$Server.processCall(ProtobufRpcEngine.java:465) [hadoop-common-3.3.4.jar:?]
	at org.apache.hadoop.ipc.ProtobufRpcEngine2$Server$ProtoBufRpcInvoker.call(ProtobufRpcEngine2.java:578) [hadoop-common-3.3.4.jar:?]
	at org.apache.hadoop.ipc.ProtobufRpcEngine2$Server$ProtoBufRpcInvoker.call(ProtobufRpcEngine2.java:556) [hadoop-common-3.3.4.jar:?]
	at org.apache.hadoop.ipc.RPC$Server.call(RPC.java:1093) [hadoop-common-3.3.4.jar:?]
	at org.apache.hadoop.ipc.Server$RpcCall.run(Server.java:1043) [hadoop-common-3.3.4.jar:?]
	at org.apache.hadoop.ipc.Server$RpcCall.run(Server.java:971) [hadoop-common-3.3.4.jar:?]
	at java.security.AccessController.doPrivileged(Native Method) ~[?:1.8.0_362]
	at javax.security.auth.Subject.doAs(Subject.java:422) [?:1.8.0_362]
	at org.apache.hadoop.security.UserGroupInformation.doAs(UserGroupInformation.java:1878) [hadoop-common-3.3.4.jar:?]
	at org.apache.hadoop.ipc.Server$Handler.run(Server.java:2976) [hadoop-common-3.3.4.jar:?]
16:35:00.461 [IPC Server handler 14 on default port 44851] ERROR OMAudit - user=runner | ip=127.0.0.1 | op=GET_FILE_STATUS {volume=volume35667, bucket=bucket27185, key=testBatchDelete/parent/childFolder/child5, dataSize=0, replicationConfig=null} | ret=FAILURE
org.apache.hadoop.ozone.om.exceptions.OMException: Unable to get file status: volume: volume35667 bucket: bucket27185 key: testBatchDelete/parent/childFolder/child5
	at org.apache.hadoop.ozone.om.KeyManagerImpl.getOzoneFileStatus(KeyManagerImpl.java:1162) ~[ozone-manager-1.4.0-SNAPSHOT.jar:?]
	at org.apache.hadoop.ozone.om.KeyManagerImpl.getFileStatus(KeyManagerImpl.java:1080) ~[ozone-manager-1.4.0-SNAPSHOT.jar:?]
	at org.apache.hadoop.ozone.om.OmMetadataReader.getFileStatus(OmMetadataReader.java:288) ~[ozone-manager-1.4.0-SNAPSHOT.jar:?]
	at org.apache.hadoop.ozone.om.OzoneManager.getFileStatus(OzoneManager.java:3450) ~[ozone-manager-1.4.0-SNAPSHOT.jar:?]
	at org.apache.hadoop.ozone.protocolPB.OzoneManagerRequestHandler.getOzoneFileStatus(OzoneManagerRequestHandler.java:933) ~[ozone-manager-1.4.0-SNAPSHOT.jar:?]
	at org.apache.hadoop.ozone.protocolPB.OzoneManagerRequestHandler.handleReadRequest(OzoneManagerRequestHandler.java:238) ~[ozone-manager-1.4.0-SNAPSHOT.jar:?]
	at org.apache.hadoop.ozone.protocolPB.OzoneManagerProtocolServerSideTranslatorPB.submitReadRequestToOM(OzoneManagerProtocolServerSideTranslatorPB.java:223) ~[ozone-manager-1.4.0-SNAPSHOT.jar:?]
	at org.apache.hadoop.ozone.protocolPB.OzoneManagerProtocolServerSideTranslatorPB.processRequest(OzoneManagerProtocolServerSideTranslatorPB.java:177) ~[ozone-manager-1.4.0-SNAPSHOT.jar:?]
	at org.apache.hadoop.hdds.server.OzoneProtocolMessageDispatcher.processRequest(OzoneProtocolMessageDispatcher.java:87) [hdds-server-framework-1.4.0-SNAPSHOT.jar:?]
	at org.apache.hadoop.ozone.protocolPB.OzoneManagerProtocolServerSideTranslatorPB.submitRequest(OzoneManagerProtocolServerSideTranslatorPB.java:147) [ozone-manager-1.4.0-SNAPSHOT.jar:?]
	at org.apache.hadoop.ozone.protocol.proto.OzoneManagerProtocolProtos$OzoneManagerService$2.callBlockingMethod(OzoneManagerProtocolProtos.java) [ozone-interface-client-1.4.0-SNAPSHOT.jar:?]
	at org.apache.hadoop.ipc.ProtobufRpcEngine$Server.processCall(ProtobufRpcEngine.java:465) [hadoop-common-3.3.4.jar:?]
	at org.apache.hadoop.ipc.ProtobufRpcEngine2$Server$ProtoBufRpcInvoker.call(ProtobufRpcEngine2.java:578) [hadoop-common-3.3.4.jar:?]
	at org.apache.hadoop.ipc.ProtobufRpcEngine2$Server$ProtoBufRpcInvoker.call(ProtobufRpcEngine2.java:556) [hadoop-common-3.3.4.jar:?]
	at org.apache.hadoop.ipc.RPC$Server.call(RPC.java:1093) [hadoop-common-3.3.4.jar:?]
	at org.apache.hadoop.ipc.Server$RpcCall.run(Server.java:1043) [hadoop-common-3.3.4.jar:?]
	at org.apache.hadoop.ipc.Server$RpcCall.run(Server.java:971) [hadoop-common-3.3.4.jar:?]
	at java.security.AccessController.doPrivileged(Native Method) ~[?:1.8.0_362]
	at javax.security.auth.Subject.doAs(Subject.java:422) [?:1.8.0_362]
	at org.apache.hadoop.security.UserGroupInformation.doAs(UserGroupInformation.java:1878) [hadoop-common-3.3.4.jar:?]
	at org.apache.hadoop.ipc.Server$Handler.run(Server.java:2976) [hadoop-common-3.3.4.jar:?]
16:35:00.462 [IPC Server handler 13 on default port 44851] ERROR OMAudit - user=runner | ip=127.0.0.1 | op=GET_FILE_STATUS {volume=volume35667, bucket=bucket27185, key=testBatchDelete/parent/child6, dataSize=0, replicationConfig=null} | ret=FAILURE
org.apache.hadoop.ozone.om.exceptions.OMException: Unable to get file status: volume: volume35667 bucket: bucket27185 key: testBatchDelete/parent/child6
	at org.apache.hadoop.ozone.om.KeyManagerImpl.getOzoneFileStatus(KeyManagerImpl.java:1162) ~[ozone-manager-1.4.0-SNAPSHOT.jar:?]
	at org.apache.hadoop.ozone.om.KeyManagerImpl.getFileStatus(KeyManagerImpl.java:1080) ~[ozone-manager-1.4.0-SNAPSHOT.jar:?]
	at org.apache.hadoop.ozone.om.OmMetadataReader.getFileStatus(OmMetadataReader.java:288) ~[ozone-manager-1.4.0-SNAPSHOT.jar:?]
	at org.apache.hadoop.ozone.om.OzoneManager.getFileStatus(OzoneManager.java:3450) ~[ozone-manager-1.4.0-SNAPSHOT.jar:?]
	at org.apache.hadoop.ozone.protocolPB.OzoneManagerRequestHandler.getOzoneFileStatus(OzoneManagerRequestHandler.java:933) ~[ozone-manager-1.4.0-SNAPSHOT.jar:?]
	at org.apache.hadoop.ozone.protocolPB.OzoneManagerRequestHandler.handleReadRequest(OzoneManagerRequestHandler.java:238) ~[ozone-manager-1.4.0-SNAPSHOT.jar:?]
	at org.apache.hadoop.ozone.protocolPB.OzoneManagerProtocolServerSideTranslatorPB.submitReadRequestToOM(OzoneManagerProtocolServerSideTranslatorPB.java:223) ~[ozone-manager-1.4.0-SNAPSHOT.jar:?]
	at org.apache.hadoop.ozone.protocolPB.OzoneManagerProtocolServerSideTranslatorPB.processRequest(OzoneManagerProtocolServerSideTranslatorPB.java:177) ~[ozone-manager-1.4.0-SNAPSHOT.jar:?]
	at org.apache.hadoop.hdds.server.OzoneProtocolMessageDispatcher.processRequest(OzoneProtocolMessageDispatcher.java:87) [hdds-server-framework-1.4.0-SNAPSHOT.jar:?]
	at org.apache.hadoop.ozone.protocolPB.OzoneManagerProtocolServerSideTranslatorPB.submitRequest(OzoneManagerProtocolServerSideTranslatorPB.java:147) [ozone-manager-1.4.0-SNAPSHOT.jar:?]
	at org.apache.hadoop.ozone.protocol.proto.OzoneManagerProtocolProtos$OzoneManagerService$2.callBlockingMethod(OzoneManagerProtocolProtos.java) [ozone-interface-client-1.4.0-SNAPSHOT.jar:?]
	at org.apache.hadoop.ipc.ProtobufRpcEngine$Server.processCall(ProtobufRpcEngine.java:465) [hadoop-common-3.3.4.jar:?]
	at org.apache.hadoop.ipc.ProtobufRpcEngine2$Server$ProtoBufRpcInvoker.call(ProtobufRpcEngine2.java:578) [hadoop-common-3.3.4.jar:?]
	at org.apache.hadoop.ipc.ProtobufRpcEngine2$Server$ProtoBufRpcInvoker.call(ProtobufRpcEngine2.java:556) [hadoop-common-3.3.4.jar:?]
	at org.apache.hadoop.ipc.RPC$Server.call(RPC.java:1093) [hadoop-common-3.3.4.jar:?]
	at org.apache.hadoop.ipc.Server$RpcCall.run(Server.java:1043) [hadoop-common-3.3.4.jar:?]
	at org.apache.hadoop.ipc.Server$RpcCall.run(Server.java:971) [hadoop-common-3.3.4.jar:?]
	at java.security.AccessController.doPrivileged(Native Method) ~[?:1.8.0_362]
	at javax.security.auth.Subject.doAs(Subject.java:422) [?:1.8.0_362]
	at org.apache.hadoop.security.UserGroupInformation.doAs(UserGroupInformation.java:1878) [hadoop-common-3.3.4.jar:?]
	at org.apache.hadoop.ipc.Server$Handler.run(Server.java:2976) [hadoop-common-3.3.4.jar:?]
16:35:00.463 [IPC Server handler 12 on default port 44851] ERROR OMAudit - user=runner | ip=127.0.0.1 | op=GET_FILE_STATUS {volume=volume35667, bucket=bucket27185, key=testBatchDelete/parent/childFolder/child6, dataSize=0, replicationConfig=null} | ret=FAILURE
org.apache.hadoop.ozone.om.exceptions.OMException: Unable to get file status: volume: volume35667 bucket: bucket27185 key: testBatchDelete/parent/childFolder/child6
	at org.apache.hadoop.ozone.om.KeyManagerImpl.getOzoneFileStatus(KeyManagerImpl.java:1162) ~[ozone-manager-1.4.0-SNAPSHOT.jar:?]
	at org.apache.hadoop.ozone.om.KeyManagerImpl.getFileStatus(KeyManagerImpl.java:1080) ~[ozone-manager-1.4.0-SNAPSHOT.jar:?]
	at org.apache.hadoop.ozone.om.OmMetadataReader.getFileStatus(OmMetadataReader.java:288) ~[ozone-manager-1.4.0-SNAPSHOT.jar:?]
	at org.apache.hadoop.ozone.om.OzoneManager.getFileStatus(OzoneManager.java:3450) ~[ozone-manager-1.4.0-SNAPSHOT.jar:?]
	at org.apache.hadoop.ozone.protocolPB.OzoneManagerRequestHandler.getOzoneFileStatus(OzoneManagerRequestHandler.java:933) ~[ozone-manager-1.4.0-SNAPSHOT.jar:?]
	at org.apache.hadoop.ozone.protocolPB.OzoneManagerRequestHandler.handleReadRequest(OzoneManagerRequestHandler.java:238) ~[ozone-manager-1.4.0-SNAPSHOT.jar:?]
	at org.apache.hadoop.ozone.protocolPB.OzoneManagerProtocolServerSideTranslatorPB.submitReadRequestToOM(OzoneManagerProtocolServerSideTranslatorPB.java:223) ~[ozone-manager-1.4.0-SNAPSHOT.jar:?]
	at org.apache.hadoop.ozone.protocolPB.OzoneManagerProtocolServerSideTranslatorPB.processRequest(OzoneManagerProtocolServerSideTranslatorPB.java:177) ~[ozone-manager-1.4.0-SNAPSHOT.jar:?]
	at org.apache.hadoop.hdds.server.OzoneProtocolMessageDispatcher.processRequest(OzoneProtocolMessageDispatcher.java:87) [hdds-server-framework-1.4.0-SNAPSHOT.jar:?]
	at org.apache.hadoop.ozone.protocolPB.OzoneManagerProtocolServerSideTranslatorPB.submitRequest(OzoneManagerProtocolServerSideTranslatorPB.java:147) [ozone-manager-1.4.0-SNAPSHOT.jar:?]
	at org.apache.hadoop.ozone.protocol.proto.OzoneManagerProtocolProtos$OzoneManagerService$2.callBlockingMethod(OzoneManagerProtocolProtos.java) [ozone-interface-client-1.4.0-SNAPSHOT.jar:?]
	at org.apache.hadoop.ipc.ProtobufRpcEngine$Server.processCall(ProtobufRpcEngine.java:465) [hadoop-common-3.3.4.jar:?]
	at org.apache.hadoop.ipc.ProtobufRpcEngine2$Server$ProtoBufRpcInvoker.call(ProtobufRpcEngine2.java:578) [hadoop-common-3.3.4.jar:?]
	at org.apache.hadoop.ipc.ProtobufRpcEngine2$Server$ProtoBufRpcInvoker.call(ProtobufRpcEngine2.java:556) [hadoop-common-3.3.4.jar:?]
	at org.apache.hadoop.ipc.RPC$Server.call(RPC.java:1093) [hadoop-common-3.3.4.jar:?]
	at org.apache.hadoop.ipc.Server$RpcCall.run(Server.java:1043) [hadoop-common-3.3.4.jar:?]
	at org.apache.hadoop.ipc.Server$RpcCall.run(Server.java:971) [hadoop-common-3.3.4.jar:?]
	at java.security.AccessController.doPrivileged(Native Method) ~[?:1.8.0_362]
	at javax.security.auth.Subject.doAs(Subject.java:422) [?:1.8.0_362]
	at org.apache.hadoop.security.UserGroupInformation.doAs(UserGroupInformation.java:1878) [hadoop-common-3.3.4.jar:?]
	at org.apache.hadoop.ipc.Server$Handler.run(Server.java:2976) [hadoop-common-3.3.4.jar:?]
16:35:00.464 [IPC Server handler 18 on default port 44851] ERROR OMAudit - user=runner | ip=127.0.0.1 | op=GET_FILE_STATUS {volume=volume35667, bucket=bucket27185, key=testBatchDelete/parent/child7, dataSize=0, replicationConfig=null} | ret=FAILURE
org.apache.hadoop.ozone.om.exceptions.OMException: Unable to get file status: volume: volume35667 bucket: bucket27185 key: testBatchDelete/parent/child7
	at org.apache.hadoop.ozone.om.KeyManagerImpl.getOzoneFileStatus(KeyManagerImpl.java:1162) ~[ozone-manager-1.4.0-SNAPSHOT.jar:?]
	at org.apache.hadoop.ozone.om.KeyManagerImpl.getFileStatus(KeyManagerImpl.java:1080) ~[ozone-manager-1.4.0-SNAPSHOT.jar:?]
	at org.apache.hadoop.ozone.om.OmMetadataReader.getFileStatus(OmMetadataReader.java:288) ~[ozone-manager-1.4.0-SNAPSHOT.jar:?]
	at org.apache.hadoop.ozone.om.OzoneManager.getFileStatus(OzoneManager.java:3450) ~[ozone-manager-1.4.0-SNAPSHOT.jar:?]
	at org.apache.hadoop.ozone.protocolPB.OzoneManagerRequestHandler.getOzoneFileStatus(OzoneManagerRequestHandler.java:933) ~[ozone-manager-1.4.0-SNAPSHOT.jar:?]
	at org.apache.hadoop.ozone.protocolPB.OzoneManagerRequestHandler.handleReadRequest(OzoneManagerRequestHandler.java:238) ~[ozone-manager-1.4.0-SNAPSHOT.jar:?]
	at org.apache.hadoop.ozone.protocolPB.OzoneManagerProtocolServerSideTranslatorPB.submitReadRequestToOM(OzoneManagerProtocolServerSideTranslatorPB.java:223) ~[ozone-manager-1.4.0-SNAPSHOT.jar:?]
	at org.apache.hadoop.ozone.protocolPB.OzoneManagerProtocolServerSideTranslatorPB.processRequest(OzoneManagerProtocolServerSideTranslatorPB.java:177) ~[ozone-manager-1.4.0-SNAPSHOT.jar:?]
	at org.apache.hadoop.hdds.server.OzoneProtocolMessageDispatcher.processRequest(OzoneProtocolMessageDispatcher.java:87) [hdds-server-framework-1.4.0-SNAPSHOT.jar:?]
	at org.apache.hadoop.ozone.protocolPB.OzoneManagerProtocolServerSideTranslatorPB.submitRequest(OzoneManagerProtocolServerSideTranslatorPB.java:147) [ozone-manager-1.4.0-SNAPSHOT.jar:?]
	at org.apache.hadoop.ozone.protocol.proto.OzoneManagerProtocolProtos$OzoneManagerService$2.callBlockingMethod(OzoneManagerProtocolProtos.java) [ozone-interface-client-1.4.0-SNAPSHOT.jar:?]
	at org.apache.hadoop.ipc.ProtobufRpcEngine$Server.processCall(ProtobufRpcEngine.java:465) [hadoop-common-3.3.4.jar:?]
	at org.apache.hadoop.ipc.ProtobufRpcEngine2$Server$ProtoBufRpcInvoker.call(ProtobufRpcEngine2.java:578) [hadoop-common-3.3.4.jar:?]
	at org.apache.hadoop.ipc.ProtobufRpcEngine2$Server$ProtoBufRpcInvoker.call(ProtobufRpcEngine2.java:556) [hadoop-common-3.3.4.jar:?]
	at org.apache.hadoop.ipc.RPC$Server.call(RPC.java:1093) [hadoop-common-3.3.4.jar:?]
	at org.apache.hadoop.ipc.Server$RpcCall.run(Server.java:1043) [hadoop-common-3.3.4.jar:?]
	at org.apache.hadoop.ipc.Server$RpcCall.run(Server.java:971) [hadoop-common-3.3.4.jar:?]
	at java.security.AccessController.doPrivileged(Native Method) ~[?:1.8.0_362]
	at javax.security.auth.Subject.doAs(Subject.java:422) [?:1.8.0_362]
	at org.apache.hadoop.security.UserGroupInformation.doAs(UserGroupInformation.java:1878) [hadoop-common-3.3.4.jar:?]
	at org.apache.hadoop.ipc.Server$Handler.run(Server.java:2976) [hadoop-common-3.3.4.jar:?]
16:35:00.464 [IPC Server handler 15 on default port 44851] ERROR OMAudit - user=runner | ip=127.0.0.1 | op=GET_FILE_STATUS {volume=volume35667, bucket=bucket27185, key=testBatchDelete/parent/childFolder/child7, dataSize=0, replicationConfig=null} | ret=FAILURE
org.apache.hadoop.ozone.om.exceptions.OMException: Unable to get file status: volume: volume35667 bucket: bucket27185 key: testBatchDelete/parent/childFolder/child7
	at org.apache.hadoop.ozone.om.KeyManagerImpl.getOzoneFileStatus(KeyManagerImpl.java:1162) ~[ozone-manager-1.4.0-SNAPSHOT.jar:?]
	at org.apache.hadoop.ozone.om.KeyManagerImpl.getFileStatus(KeyManagerImpl.java:1080) ~[ozone-manager-1.4.0-SNAPSHOT.jar:?]
	at org.apache.hadoop.ozone.om.OmMetadataReader.getFileStatus(OmMetadataReader.java:288) ~[ozone-manager-1.4.0-SNAPSHOT.jar:?]
	at org.apache.hadoop.ozone.om.OzoneManager.getFileStatus(OzoneManager.java:3450) ~[ozone-manager-1.4.0-SNAPSHOT.jar:?]
	at org.apache.hadoop.ozone.protocolPB.OzoneManagerRequestHandler.getOzoneFileStatus(OzoneManagerRequestHandler.java:933) ~[ozone-manager-1.4.0-SNAPSHOT.jar:?]
	at org.apache.hadoop.ozone.protocolPB.OzoneManagerRequestHandler.handleReadRequest(OzoneManagerRequestHandler.java:238) ~[ozone-manager-1.4.0-SNAPSHOT.jar:?]
	at org.apache.hadoop.ozone.protocolPB.OzoneManagerProtocolServerSideTranslatorPB.submitReadRequestToOM(OzoneManagerProtocolServerSideTranslatorPB.java:223) ~[ozone-manager-1.4.0-SNAPSHOT.jar:?]
	at org.apache.hadoop.ozone.protocolPB.OzoneManagerProtocolServerSideTranslatorPB.processRequest(OzoneManagerProtocolServerSideTranslatorPB.java:177) ~[ozone-manager-1.4.0-SNAPSHOT.jar:?]
	at org.apache.hadoop.hdds.server.OzoneProtocolMessageDispatcher.processRequest(OzoneProtocolMessageDispatcher.java:87) [hdds-server-framework-1.4.0-SNAPSHOT.jar:?]
	at org.apache.hadoop.ozone.protocolPB.OzoneManagerProtocolServerSideTranslatorPB.submitRequest(OzoneManagerProtocolServerSideTranslatorPB.java:147) [ozone-manager-1.4.0-SNAPSHOT.jar:?]
	at org.apache.hadoop.ozone.protocol.proto.OzoneManagerProtocolProtos$OzoneManagerService$2.callBlockingMethod(OzoneManagerProtocolProtos.java) [ozone-interface-client-1.4.0-SNAPSHOT.jar:?]
	at org.apache.hadoop.ipc.ProtobufRpcEngine$Server.processCall(ProtobufRpcEngine.java:465) [hadoop-common-3.3.4.jar:?]
	at org.apache.hadoop.ipc.ProtobufRpcEngine2$Server$ProtoBufRpcInvoker.call(ProtobufRpcEngine2.java:578) [hadoop-common-3.3.4.jar:?]
	at org.apache.hadoop.ipc.ProtobufRpcEngine2$Server$ProtoBufRpcInvoker.call(ProtobufRpcEngine2.java:556) [hadoop-common-3.3.4.jar:?]
	at org.apache.hadoop.ipc.RPC$Server.call(RPC.java:1093) [hadoop-common-3.3.4.jar:?]
	at org.apache.hadoop.ipc.Server$RpcCall.run(Server.java:1043) [hadoop-common-3.3.4.jar:?]
	at org.apache.hadoop.ipc.Server$RpcCall.run(Server.java:971) [hadoop-common-3.3.4.jar:?]
	at java.security.AccessController.doPrivileged(Native Method) ~[?:1.8.0_362]
	at javax.security.auth.Subject.doAs(Subject.java:422) [?:1.8.0_362]
	at org.apache.hadoop.security.UserGroupInformation.doAs(UserGroupInformation.java:1878) [hadoop-common-3.3.4.jar:?]
	at org.apache.hadoop.ipc.Server$Handler.run(Server.java:2976) [hadoop-common-3.3.4.jar:?]
16:35:00.465 [IPC Server handler 11 on default port 44851] ERROR OMAudit - user=runner | ip=127.0.0.1 | op=GET_FILE_STATUS {volume=volume35667, bucket=bucket27185, key=testBatchDelete/parent, dataSize=0, replicationConfig=null} | ret=FAILURE
org.apache.hadoop.ozone.om.exceptions.OMException: Unable to get file status: volume: volume35667 bucket: bucket27185 key: testBatchDelete/parent
	at org.apache.hadoop.ozone.om.KeyManagerImpl.getOzoneFileStatus(KeyManagerImpl.java:1162) ~[ozone-manager-1.4.0-SNAPSHOT.jar:?]
	at org.apache.hadoop.ozone.om.KeyManagerImpl.getFileStatus(KeyManagerImpl.java:1080) ~[ozone-manager-1.4.0-SNAPSHOT.jar:?]
	at org.apache.hadoop.ozone.om.OmMetadataReader.getFileStatus(OmMetadataReader.java:288) ~[ozone-manager-1.4.0-SNAPSHOT.jar:?]
	at org.apache.hadoop.ozone.om.OzoneManager.getFileStatus(OzoneManager.java:3450) ~[ozone-manager-1.4.0-SNAPSHOT.jar:?]
	at org.apache.hadoop.ozone.protocolPB.OzoneManagerRequestHandler.getOzoneFileStatus(OzoneManagerRequestHandler.java:933) ~[ozone-manager-1.4.0-SNAPSHOT.jar:?]
	at org.apache.hadoop.ozone.protocolPB.OzoneManagerRequestHandler.handleReadRequest(OzoneManagerRequestHandler.java:238) ~[ozone-manager-1.4.0-SNAPSHOT.jar:?]
	at org.apache.hadoop.ozone.protocolPB.OzoneManagerProtocolServerSideTranslatorPB.submitReadRequestToOM(OzoneManagerProtocolServerSideTranslatorPB.java:223) ~[ozone-manager-1.4.0-SNAPSHOT.jar:?]
	at org.apache.hadoop.ozone.protocolPB.OzoneManagerProtocolServerSideTranslatorPB.processRequest(OzoneManagerProtocolServerSideTranslatorPB.java:177) ~[ozone-manager-1.4.0-SNAPSHOT.jar:?]
	at org.apache.hadoop.hdds.server.OzoneProtocolMessageDispatcher.processRequest(OzoneProtocolMessageDispatcher.java:87) [hdds-server-framework-1.4.0-SNAPSHOT.jar:?]
	at org.apache.hadoop.ozone.protocolPB.OzoneManagerProtocolServerSideTranslatorPB.submitRequest(OzoneManagerProtocolServerSideTranslatorPB.java:147) [ozone-manager-1.4.0-SNAPSHOT.jar:?]
	at org.apache.hadoop.ozone.protocol.proto.OzoneManagerProtocolProtos$OzoneManagerService$2.callBlockingMethod(OzoneManagerProtocolProtos.java) [ozone-interface-client-1.4.0-SNAPSHOT.jar:?]
	at org.apache.hadoop.ipc.ProtobufRpcEngine$Server.processCall(ProtobufRpcEngine.java:465) [hadoop-common-3.3.4.jar:?]
	at org.apache.hadoop.ipc.ProtobufRpcEngine2$Server$ProtoBufRpcInvoker.call(ProtobufRpcEngine2.java:578) [hadoop-common-3.3.4.jar:?]
	at org.apache.hadoop.ipc.ProtobufRpcEngine2$Server$ProtoBufRpcInvoker.call(ProtobufRpcEngine2.java:556) [hadoop-common-3.3.4.jar:?]
	at org.apache.hadoop.ipc.RPC$Server.call(RPC.java:1093) [hadoop-common-3.3.4.jar:?]
	at org.apache.hadoop.ipc.Server$RpcCall.run(Server.java:1043) [hadoop-common-3.3.4.jar:?]
	at org.apache.hadoop.ipc.Server$RpcCall.run(Server.java:971) [hadoop-common-3.3.4.jar:?]
	at java.security.AccessController.doPrivileged(Native Method) ~[?:1.8.0_362]
	at javax.security.auth.Subject.doAs(Subject.java:422) [?:1.8.0_362]
	at org.apache.hadoop.security.UserGroupInformation.doAs(UserGroupInformation.java:1878) [hadoop-common-3.3.4.jar:?]
	at org.apache.hadoop.ipc.Server$Handler.run(Server.java:2976) [hadoop-common-3.3.4.jar:?]
2023-02-16 16:35:00,466 [Time-limited test] WARN  ozone.BasicOzoneFileSystem (BasicOzoneFileSystem.java:delete(559)) - delete: Path does not exist: /testBatchDelete/parent
]]></system-out>
  </testcase>
  <testcase name="testFileDelete" classname="TestOzoneFileSystem" time="0.062">
    <system-out><![CDATA[2023-02-16 16:35:51,333 [IPC Server handler 10 on default port 38619] INFO  key.OMKeyRequest (OMKeyRequest.java:wrapUncommittedBlocksAsPseudoKey(837)) - Detect allocated but uncommitted blocks [{blockID={containerID=2, localID=111677748019200040}, length=4194304, offset=0, token=null, pipeline=null, createVersion=0, partNumber=0}] in key testBatchDelete/parent/child0.
2023-02-16 16:35:51,338 [IPC Server handler 13 on default port 38619] INFO  key.OMKeyRequest (OMKeyRequest.java:wrapUncommittedBlocksAsPseudoKey(837)) - Detect allocated but uncommitted blocks [{blockID={containerID=1, localID=111677748019200041}, length=4194304, offset=0, token=null, pipeline=null, createVersion=0, partNumber=0}] in key testBatchDelete/parent/childFolder/child0.
2023-02-16 16:35:51,341 [IPC Server handler 15 on default port 38619] INFO  key.OMKeyRequest (OMKeyRequest.java:wrapUncommittedBlocksAsPseudoKey(837)) - Detect allocated but uncommitted blocks [{blockID={containerID=4, localID=111677748019200042}, length=4194304, offset=0, token=null, pipeline=null, createVersion=0, partNumber=0}] in key testBatchDelete/parent/child1.
2023-02-16 16:35:51,345 [IPC Server handler 17 on default port 38619] INFO  key.OMKeyRequest (OMKeyRequest.java:wrapUncommittedBlocksAsPseudoKey(837)) - Detect allocated but uncommitted blocks [{blockID={containerID=3, localID=111677748019200043}, length=4194304, offset=0, token=null, pipeline=null, createVersion=0, partNumber=0}] in key testBatchDelete/parent/childFolder/child1.
2023-02-16 16:35:51,348 [IPC Server handler 19 on default port 38619] INFO  key.OMKeyRequest (OMKeyRequest.java:wrapUncommittedBlocksAsPseudoKey(837)) - Detect allocated but uncommitted blocks [{blockID={containerID=1, localID=111677748019200044}, length=4194304, offset=0, token=null, pipeline=null, createVersion=0, partNumber=0}] in key testBatchDelete/parent/child2.
2023-02-16 16:35:51,351 [IPC Server handler 1 on default port 38619] INFO  key.OMKeyRequest (OMKeyRequest.java:wrapUncommittedBlocksAsPseudoKey(837)) - Detect allocated but uncommitted blocks [{blockID={containerID=2, localID=111677748019200045}, length=4194304, offset=0, token=null, pipeline=null, createVersion=0, partNumber=0}] in key testBatchDelete/parent/childFolder/child2.
2023-02-16 16:35:51,354 [IPC Server handler 3 on default port 38619] INFO  key.OMKeyRequest (OMKeyRequest.java:wrapUncommittedBlocksAsPseudoKey(837)) - Detect allocated but uncommitted blocks [{blockID={containerID=3, localID=111677748019200046}, length=4194304, offset=0, token=null, pipeline=null, createVersion=0, partNumber=0}] in key testBatchDelete/parent/child3.
2023-02-16 16:35:51,356 [IPC Server handler 5 on default port 38619] INFO  key.OMKeyRequest (OMKeyRequest.java:wrapUncommittedBlocksAsPseudoKey(837)) - Detect allocated but uncommitted blocks [{blockID={containerID=4, localID=111677748019200047}, length=4194304, offset=0, token=null, pipeline=null, createVersion=0, partNumber=0}] in key testBatchDelete/parent/childFolder/child3.
2023-02-16 16:35:51,358 [IPC Server handler 7 on default port 38619] INFO  key.OMKeyRequest (OMKeyRequest.java:wrapUncommittedBlocksAsPseudoKey(837)) - Detect allocated but uncommitted blocks [{blockID={containerID=1, localID=111677748019200048}, length=4194304, offset=0, token=null, pipeline=null, createVersion=0, partNumber=0}] in key testBatchDelete/parent/child4.
2023-02-16 16:35:51,360 [IPC Server handler 9 on default port 38619] INFO  key.OMKeyRequest (OMKeyRequest.java:wrapUncommittedBlocksAsPseudoKey(837)) - Detect allocated but uncommitted blocks [{blockID={containerID=2, localID=111677748019200049}, length=4194304, offset=0, token=null, pipeline=null, createVersion=0, partNumber=0}] in key testBatchDelete/parent/childFolder/child4.
2023-02-16 16:35:51,362 [IPC Server handler 10 on default port 38619] INFO  key.OMKeyRequest (OMKeyRequest.java:wrapUncommittedBlocksAsPseudoKey(837)) - Detect allocated but uncommitted blocks [{blockID={containerID=3, localID=111677748019200050}, length=4194304, offset=0, token=null, pipeline=null, createVersion=0, partNumber=0}] in key testBatchDelete/parent/child5.
2023-02-16 16:35:51,364 [IPC Server handler 13 on default port 38619] INFO  key.OMKeyRequest (OMKeyRequest.java:wrapUncommittedBlocksAsPseudoKey(837)) - Detect allocated but uncommitted blocks [{blockID={containerID=2, localID=111677748019200051}, length=4194304, offset=0, token=null, pipeline=null, createVersion=0, partNumber=0}] in key testBatchDelete/parent/childFolder/child5.
2023-02-16 16:35:51,367 [IPC Server handler 15 on default port 38619] INFO  key.OMKeyRequest (OMKeyRequest.java:wrapUncommittedBlocksAsPseudoKey(837)) - Detect allocated but uncommitted blocks [{blockID={containerID=3, localID=111677748019200052}, length=4194304, offset=0, token=null, pipeline=null, createVersion=0, partNumber=0}] in key testBatchDelete/parent/child6.
2023-02-16 16:35:51,369 [IPC Server handler 17 on default port 38619] INFO  key.OMKeyRequest (OMKeyRequest.java:wrapUncommittedBlocksAsPseudoKey(837)) - Detect allocated but uncommitted blocks [{blockID={containerID=2, localID=111677748019200053}, length=4194304, offset=0, token=null, pipeline=null, createVersion=0, partNumber=0}] in key testBatchDelete/parent/childFolder/child6.
2023-02-16 16:35:51,371 [IPC Server handler 19 on default port 38619] INFO  key.OMKeyRequest (OMKeyRequest.java:wrapUncommittedBlocksAsPseudoKey(837)) - Detect allocated but uncommitted blocks [{blockID={containerID=4, localID=111677748019200054}, length=4194304, offset=0, token=null, pipeline=null, createVersion=0, partNumber=0}] in key testBatchDelete/parent/child7.
2023-02-16 16:35:51,373 [IPC Server handler 1 on default port 38619] INFO  key.OMKeyRequest (OMKeyRequest.java:wrapUncommittedBlocksAsPseudoKey(837)) - Detect allocated but uncommitted blocks [{blockID={containerID=3, localID=111677748019200055}, length=4194304, offset=0, token=null, pipeline=null, createVersion=0, partNumber=0}] in key testBatchDelete/parent/childFolder/child7.
16:35:51.379 [IPC Server handler 13 on default port 38619] ERROR OMAudit - user=runner | ip=127.0.0.1 | op=GET_FILE_STATUS {volume=volume78724, bucket=bucket78568, key=testBatchDelete, dataSize=0, replicationConfig=null} | ret=FAILURE
org.apache.hadoop.ozone.om.exceptions.OMException: Unable to get file status: volume: volume78724 bucket: bucket78568 key: testBatchDelete
	at org.apache.hadoop.ozone.om.KeyManagerImpl.getOzoneFileStatus(KeyManagerImpl.java:1162) ~[ozone-manager-1.4.0-SNAPSHOT.jar:?]
	at org.apache.hadoop.ozone.om.KeyManagerImpl.getFileStatus(KeyManagerImpl.java:1080) ~[ozone-manager-1.4.0-SNAPSHOT.jar:?]
	at org.apache.hadoop.ozone.om.OmMetadataReader.getFileStatus(OmMetadataReader.java:288) ~[ozone-manager-1.4.0-SNAPSHOT.jar:?]
	at org.apache.hadoop.ozone.om.OzoneManager.getFileStatus(OzoneManager.java:3450) ~[ozone-manager-1.4.0-SNAPSHOT.jar:?]
	at org.apache.hadoop.ozone.protocolPB.OzoneManagerRequestHandler.getOzoneFileStatus(OzoneManagerRequestHandler.java:933) ~[ozone-manager-1.4.0-SNAPSHOT.jar:?]
	at org.apache.hadoop.ozone.protocolPB.OzoneManagerRequestHandler.handleReadRequest(OzoneManagerRequestHandler.java:238) ~[ozone-manager-1.4.0-SNAPSHOT.jar:?]
	at org.apache.hadoop.ozone.protocolPB.OzoneManagerProtocolServerSideTranslatorPB.submitRequestDirectlyToOM(OzoneManagerProtocolServerSideTranslatorPB.java:271) ~[ozone-manager-1.4.0-SNAPSHOT.jar:?]
	at org.apache.hadoop.ozone.protocolPB.OzoneManagerProtocolServerSideTranslatorPB.processRequest(OzoneManagerProtocolServerSideTranslatorPB.java:173) ~[ozone-manager-1.4.0-SNAPSHOT.jar:?]
	at org.apache.hadoop.hdds.server.OzoneProtocolMessageDispatcher.processRequest(OzoneProtocolMessageDispatcher.java:87) [hdds-server-framework-1.4.0-SNAPSHOT.jar:?]
	at org.apache.hadoop.ozone.protocolPB.OzoneManagerProtocolServerSideTranslatorPB.submitRequest(OzoneManagerProtocolServerSideTranslatorPB.java:147) [ozone-manager-1.4.0-SNAPSHOT.jar:?]
	at org.apache.hadoop.ozone.protocol.proto.OzoneManagerProtocolProtos$OzoneManagerService$2.callBlockingMethod(OzoneManagerProtocolProtos.java) [ozone-interface-client-1.4.0-SNAPSHOT.jar:?]
	at org.apache.hadoop.ipc.ProtobufRpcEngine$Server.processCall(ProtobufRpcEngine.java:465) [hadoop-common-3.3.4.jar:?]
	at org.apache.hadoop.ipc.ProtobufRpcEngine2$Server$ProtoBufRpcInvoker.call(ProtobufRpcEngine2.java:578) [hadoop-common-3.3.4.jar:?]
	at org.apache.hadoop.ipc.ProtobufRpcEngine2$Server$ProtoBufRpcInvoker.call(ProtobufRpcEngine2.java:556) [hadoop-common-3.3.4.jar:?]
	at org.apache.hadoop.ipc.RPC$Server.call(RPC.java:1093) [hadoop-common-3.3.4.jar:?]
	at org.apache.hadoop.ipc.Server$RpcCall.run(Server.java:1043) [hadoop-common-3.3.4.jar:?]
	at org.apache.hadoop.ipc.Server$RpcCall.run(Server.java:971) [hadoop-common-3.3.4.jar:?]
	at java.security.AccessController.doPrivileged(Native Method) ~[?:1.8.0_362]
	at javax.security.auth.Subject.doAs(Subject.java:422) [?:1.8.0_362]
	at org.apache.hadoop.security.UserGroupInformation.doAs(UserGroupInformation.java:1878) [hadoop-common-3.3.4.jar:?]
	at org.apache.hadoop.ipc.Server$Handler.run(Server.java:2976) [hadoop-common-3.3.4.jar:?]
16:35:51.380 [IPC Server handler 14 on default port 38619] ERROR OMAudit - user=runner | ip=127.0.0.1 | op=GET_FILE_STATUS {volume=volume78724, bucket=bucket78568, key=testBatchDelete/parent/child0, dataSize=0, replicationConfig=null} | ret=FAILURE
org.apache.hadoop.ozone.om.exceptions.OMException: Unable to get file status: volume: volume78724 bucket: bucket78568 key: testBatchDelete/parent/child0
	at org.apache.hadoop.ozone.om.KeyManagerImpl.getOzoneFileStatus(KeyManagerImpl.java:1162) ~[ozone-manager-1.4.0-SNAPSHOT.jar:?]
	at org.apache.hadoop.ozone.om.KeyManagerImpl.getFileStatus(KeyManagerImpl.java:1080) ~[ozone-manager-1.4.0-SNAPSHOT.jar:?]
	at org.apache.hadoop.ozone.om.OmMetadataReader.getFileStatus(OmMetadataReader.java:288) ~[ozone-manager-1.4.0-SNAPSHOT.jar:?]
	at org.apache.hadoop.ozone.om.OzoneManager.getFileStatus(OzoneManager.java:3450) ~[ozone-manager-1.4.0-SNAPSHOT.jar:?]
	at org.apache.hadoop.ozone.protocolPB.OzoneManagerRequestHandler.getOzoneFileStatus(OzoneManagerRequestHandler.java:933) ~[ozone-manager-1.4.0-SNAPSHOT.jar:?]
	at org.apache.hadoop.ozone.protocolPB.OzoneManagerRequestHandler.handleReadRequest(OzoneManagerRequestHandler.java:238) ~[ozone-manager-1.4.0-SNAPSHOT.jar:?]
	at org.apache.hadoop.ozone.protocolPB.OzoneManagerProtocolServerSideTranslatorPB.submitRequestDirectlyToOM(OzoneManagerProtocolServerSideTranslatorPB.java:271) ~[ozone-manager-1.4.0-SNAPSHOT.jar:?]
	at org.apache.hadoop.ozone.protocolPB.OzoneManagerProtocolServerSideTranslatorPB.processRequest(OzoneManagerProtocolServerSideTranslatorPB.java:173) ~[ozone-manager-1.4.0-SNAPSHOT.jar:?]
	at org.apache.hadoop.hdds.server.OzoneProtocolMessageDispatcher.processRequest(OzoneProtocolMessageDispatcher.java:87) [hdds-server-framework-1.4.0-SNAPSHOT.jar:?]
	at org.apache.hadoop.ozone.protocolPB.OzoneManagerProtocolServerSideTranslatorPB.submitRequest(OzoneManagerProtocolServerSideTranslatorPB.java:147) [ozone-manager-1.4.0-SNAPSHOT.jar:?]
	at org.apache.hadoop.ozone.protocol.proto.OzoneManagerProtocolProtos$OzoneManagerService$2.callBlockingMethod(OzoneManagerProtocolProtos.java) [ozone-interface-client-1.4.0-SNAPSHOT.jar:?]
	at org.apache.hadoop.ipc.ProtobufRpcEngine$Server.processCall(ProtobufRpcEngine.java:465) [hadoop-common-3.3.4.jar:?]
	at org.apache.hadoop.ipc.ProtobufRpcEngine2$Server$ProtoBufRpcInvoker.call(ProtobufRpcEngine2.java:578) [hadoop-common-3.3.4.jar:?]
	at org.apache.hadoop.ipc.ProtobufRpcEngine2$Server$ProtoBufRpcInvoker.call(ProtobufRpcEngine2.java:556) [hadoop-common-3.3.4.jar:?]
	at org.apache.hadoop.ipc.RPC$Server.call(RPC.java:1093) [hadoop-common-3.3.4.jar:?]
	at org.apache.hadoop.ipc.Server$RpcCall.run(Server.java:1043) [hadoop-common-3.3.4.jar:?]
	at org.apache.hadoop.ipc.Server$RpcCall.run(Server.java:971) [hadoop-common-3.3.4.jar:?]
	at java.security.AccessController.doPrivileged(Native Method) ~[?:1.8.0_362]
	at javax.security.auth.Subject.doAs(Subject.java:422) [?:1.8.0_362]
	at org.apache.hadoop.security.UserGroupInformation.doAs(UserGroupInformation.java:1878) [hadoop-common-3.3.4.jar:?]
	at org.apache.hadoop.ipc.Server$Handler.run(Server.java:2976) [hadoop-common-3.3.4.jar:?]
16:35:51.381 [IPC Server handler 15 on default port 38619] ERROR OMAudit - user=runner | ip=127.0.0.1 | op=GET_FILE_STATUS {volume=volume78724, bucket=bucket78568, key=testBatchDelete/parent/childFolder/child0, dataSize=0, replicationConfig=null} | ret=FAILURE
org.apache.hadoop.ozone.om.exceptions.OMException: Unable to get file status: volume: volume78724 bucket: bucket78568 key: testBatchDelete/parent/childFolder/child0
	at org.apache.hadoop.ozone.om.KeyManagerImpl.getOzoneFileStatus(KeyManagerImpl.java:1162) ~[ozone-manager-1.4.0-SNAPSHOT.jar:?]
	at org.apache.hadoop.ozone.om.KeyManagerImpl.getFileStatus(KeyManagerImpl.java:1080) ~[ozone-manager-1.4.0-SNAPSHOT.jar:?]
	at org.apache.hadoop.ozone.om.OmMetadataReader.getFileStatus(OmMetadataReader.java:288) ~[ozone-manager-1.4.0-SNAPSHOT.jar:?]
	at org.apache.hadoop.ozone.om.OzoneManager.getFileStatus(OzoneManager.java:3450) ~[ozone-manager-1.4.0-SNAPSHOT.jar:?]
	at org.apache.hadoop.ozone.protocolPB.OzoneManagerRequestHandler.getOzoneFileStatus(OzoneManagerRequestHandler.java:933) ~[ozone-manager-1.4.0-SNAPSHOT.jar:?]
	at org.apache.hadoop.ozone.protocolPB.OzoneManagerRequestHandler.handleReadRequest(OzoneManagerRequestHandler.java:238) ~[ozone-manager-1.4.0-SNAPSHOT.jar:?]
	at org.apache.hadoop.ozone.protocolPB.OzoneManagerProtocolServerSideTranslatorPB.submitRequestDirectlyToOM(OzoneManagerProtocolServerSideTranslatorPB.java:271) ~[ozone-manager-1.4.0-SNAPSHOT.jar:?]
	at org.apache.hadoop.ozone.protocolPB.OzoneManagerProtocolServerSideTranslatorPB.processRequest(OzoneManagerProtocolServerSideTranslatorPB.java:173) ~[ozone-manager-1.4.0-SNAPSHOT.jar:?]
	at org.apache.hadoop.hdds.server.OzoneProtocolMessageDispatcher.processRequest(OzoneProtocolMessageDispatcher.java:87) [hdds-server-framework-1.4.0-SNAPSHOT.jar:?]
	at org.apache.hadoop.ozone.protocolPB.OzoneManagerProtocolServerSideTranslatorPB.submitRequest(OzoneManagerProtocolServerSideTranslatorPB.java:147) [ozone-manager-1.4.0-SNAPSHOT.jar:?]
	at org.apache.hadoop.ozone.protocol.proto.OzoneManagerProtocolProtos$OzoneManagerService$2.callBlockingMethod(OzoneManagerProtocolProtos.java) [ozone-interface-client-1.4.0-SNAPSHOT.jar:?]
	at org.apache.hadoop.ipc.ProtobufRpcEngine$Server.processCall(ProtobufRpcEngine.java:465) [hadoop-common-3.3.4.jar:?]
	at org.apache.hadoop.ipc.ProtobufRpcEngine2$Server$ProtoBufRpcInvoker.call(ProtobufRpcEngine2.java:578) [hadoop-common-3.3.4.jar:?]
	at org.apache.hadoop.ipc.ProtobufRpcEngine2$Server$ProtoBufRpcInvoker.call(ProtobufRpcEngine2.java:556) [hadoop-common-3.3.4.jar:?]
	at org.apache.hadoop.ipc.RPC$Server.call(RPC.java:1093) [hadoop-common-3.3.4.jar:?]
	at org.apache.hadoop.ipc.Server$RpcCall.run(Server.java:1043) [hadoop-common-3.3.4.jar:?]
	at org.apache.hadoop.ipc.Server$RpcCall.run(Server.java:971) [hadoop-common-3.3.4.jar:?]
	at java.security.AccessController.doPrivileged(Native Method) ~[?:1.8.0_362]
	at javax.security.auth.Subject.doAs(Subject.java:422) [?:1.8.0_362]
	at org.apache.hadoop.security.UserGroupInformation.doAs(UserGroupInformation.java:1878) [hadoop-common-3.3.4.jar:?]
	at org.apache.hadoop.ipc.Server$Handler.run(Server.java:2976) [hadoop-common-3.3.4.jar:?]
16:35:51.381 [IPC Server handler 16 on default port 38619] ERROR OMAudit - user=runner | ip=127.0.0.1 | op=GET_FILE_STATUS {volume=volume78724, bucket=bucket78568, key=testBatchDelete/parent/child1, dataSize=0, replicationConfig=null} | ret=FAILURE
org.apache.hadoop.ozone.om.exceptions.OMException: Unable to get file status: volume: volume78724 bucket: bucket78568 key: testBatchDelete/parent/child1
	at org.apache.hadoop.ozone.om.KeyManagerImpl.getOzoneFileStatus(KeyManagerImpl.java:1162) ~[ozone-manager-1.4.0-SNAPSHOT.jar:?]
	at org.apache.hadoop.ozone.om.KeyManagerImpl.getFileStatus(KeyManagerImpl.java:1080) ~[ozone-manager-1.4.0-SNAPSHOT.jar:?]
	at org.apache.hadoop.ozone.om.OmMetadataReader.getFileStatus(OmMetadataReader.java:288) ~[ozone-manager-1.4.0-SNAPSHOT.jar:?]
	at org.apache.hadoop.ozone.om.OzoneManager.getFileStatus(OzoneManager.java:3450) ~[ozone-manager-1.4.0-SNAPSHOT.jar:?]
	at org.apache.hadoop.ozone.protocolPB.OzoneManagerRequestHandler.getOzoneFileStatus(OzoneManagerRequestHandler.java:933) ~[ozone-manager-1.4.0-SNAPSHOT.jar:?]
	at org.apache.hadoop.ozone.protocolPB.OzoneManagerRequestHandler.handleReadRequest(OzoneManagerRequestHandler.java:238) ~[ozone-manager-1.4.0-SNAPSHOT.jar:?]
	at org.apache.hadoop.ozone.protocolPB.OzoneManagerProtocolServerSideTranslatorPB.submitRequestDirectlyToOM(OzoneManagerProtocolServerSideTranslatorPB.java:271) ~[ozone-manager-1.4.0-SNAPSHOT.jar:?]
	at org.apache.hadoop.ozone.protocolPB.OzoneManagerProtocolServerSideTranslatorPB.processRequest(OzoneManagerProtocolServerSideTranslatorPB.java:173) ~[ozone-manager-1.4.0-SNAPSHOT.jar:?]
	at org.apache.hadoop.hdds.server.OzoneProtocolMessageDispatcher.processRequest(OzoneProtocolMessageDispatcher.java:87) [hdds-server-framework-1.4.0-SNAPSHOT.jar:?]
	at org.apache.hadoop.ozone.protocolPB.OzoneManagerProtocolServerSideTranslatorPB.submitRequest(OzoneManagerProtocolServerSideTranslatorPB.java:147) [ozone-manager-1.4.0-SNAPSHOT.jar:?]
	at org.apache.hadoop.ozone.protocol.proto.OzoneManagerProtocolProtos$OzoneManagerService$2.callBlockingMethod(OzoneManagerProtocolProtos.java) [ozone-interface-client-1.4.0-SNAPSHOT.jar:?]
	at org.apache.hadoop.ipc.ProtobufRpcEngine$Server.processCall(ProtobufRpcEngine.java:465) [hadoop-common-3.3.4.jar:?]
	at org.apache.hadoop.ipc.ProtobufRpcEngine2$Server$ProtoBufRpcInvoker.call(ProtobufRpcEngine2.java:578) [hadoop-common-3.3.4.jar:?]
	at org.apache.hadoop.ipc.ProtobufRpcEngine2$Server$ProtoBufRpcInvoker.call(ProtobufRpcEngine2.java:556) [hadoop-common-3.3.4.jar:?]
	at org.apache.hadoop.ipc.RPC$Server.call(RPC.java:1093) [hadoop-common-3.3.4.jar:?]
	at org.apache.hadoop.ipc.Server$RpcCall.run(Server.java:1043) [hadoop-common-3.3.4.jar:?]
	at org.apache.hadoop.ipc.Server$RpcCall.run(Server.java:971) [hadoop-common-3.3.4.jar:?]
	at java.security.AccessController.doPrivileged(Native Method) ~[?:1.8.0_362]
	at javax.security.auth.Subject.doAs(Subject.java:422) [?:1.8.0_362]
	at org.apache.hadoop.security.UserGroupInformation.doAs(UserGroupInformation.java:1878) [hadoop-common-3.3.4.jar:?]
	at org.apache.hadoop.ipc.Server$Handler.run(Server.java:2976) [hadoop-common-3.3.4.jar:?]
16:35:51.382 [IPC Server handler 17 on default port 38619] ERROR OMAudit - user=runner | ip=127.0.0.1 | op=GET_FILE_STATUS {volume=volume78724, bucket=bucket78568, key=testBatchDelete/parent/childFolder/child1, dataSize=0, replicationConfig=null} | ret=FAILURE
org.apache.hadoop.ozone.om.exceptions.OMException: Unable to get file status: volume: volume78724 bucket: bucket78568 key: testBatchDelete/parent/childFolder/child1
	at org.apache.hadoop.ozone.om.KeyManagerImpl.getOzoneFileStatus(KeyManagerImpl.java:1162) ~[ozone-manager-1.4.0-SNAPSHOT.jar:?]
	at org.apache.hadoop.ozone.om.KeyManagerImpl.getFileStatus(KeyManagerImpl.java:1080) ~[ozone-manager-1.4.0-SNAPSHOT.jar:?]
	at org.apache.hadoop.ozone.om.OmMetadataReader.getFileStatus(OmMetadataReader.java:288) ~[ozone-manager-1.4.0-SNAPSHOT.jar:?]
	at org.apache.hadoop.ozone.om.OzoneManager.getFileStatus(OzoneManager.java:3450) ~[ozone-manager-1.4.0-SNAPSHOT.jar:?]
	at org.apache.hadoop.ozone.protocolPB.OzoneManagerRequestHandler.getOzoneFileStatus(OzoneManagerRequestHandler.java:933) ~[ozone-manager-1.4.0-SNAPSHOT.jar:?]
	at org.apache.hadoop.ozone.protocolPB.OzoneManagerRequestHandler.handleReadRequest(OzoneManagerRequestHandler.java:238) ~[ozone-manager-1.4.0-SNAPSHOT.jar:?]
	at org.apache.hadoop.ozone.protocolPB.OzoneManagerProtocolServerSideTranslatorPB.submitRequestDirectlyToOM(OzoneManagerProtocolServerSideTranslatorPB.java:271) ~[ozone-manager-1.4.0-SNAPSHOT.jar:?]
	at org.apache.hadoop.ozone.protocolPB.OzoneManagerProtocolServerSideTranslatorPB.processRequest(OzoneManagerProtocolServerSideTranslatorPB.java:173) ~[ozone-manager-1.4.0-SNAPSHOT.jar:?]
	at org.apache.hadoop.hdds.server.OzoneProtocolMessageDispatcher.processRequest(OzoneProtocolMessageDispatcher.java:87) [hdds-server-framework-1.4.0-SNAPSHOT.jar:?]
	at org.apache.hadoop.ozone.protocolPB.OzoneManagerProtocolServerSideTranslatorPB.submitRequest(OzoneManagerProtocolServerSideTranslatorPB.java:147) [ozone-manager-1.4.0-SNAPSHOT.jar:?]
	at org.apache.hadoop.ozone.protocol.proto.OzoneManagerProtocolProtos$OzoneManagerService$2.callBlockingMethod(OzoneManagerProtocolProtos.java) [ozone-interface-client-1.4.0-SNAPSHOT.jar:?]
	at org.apache.hadoop.ipc.ProtobufRpcEngine$Server.processCall(ProtobufRpcEngine.java:465) [hadoop-common-3.3.4.jar:?]
	at org.apache.hadoop.ipc.ProtobufRpcEngine2$Server$ProtoBufRpcInvoker.call(ProtobufRpcEngine2.java:578) [hadoop-common-3.3.4.jar:?]
	at org.apache.hadoop.ipc.ProtobufRpcEngine2$Server$ProtoBufRpcInvoker.call(ProtobufRpcEngine2.java:556) [hadoop-common-3.3.4.jar:?]
	at org.apache.hadoop.ipc.RPC$Server.call(RPC.java:1093) [hadoop-common-3.3.4.jar:?]
	at org.apache.hadoop.ipc.Server$RpcCall.run(Server.java:1043) [hadoop-common-3.3.4.jar:?]
	at org.apache.hadoop.ipc.Server$RpcCall.run(Server.java:971) [hadoop-common-3.3.4.jar:?]
	at java.security.AccessController.doPrivileged(Native Method) ~[?:1.8.0_362]
	at javax.security.auth.Subject.doAs(Subject.java:422) [?:1.8.0_362]
	at org.apache.hadoop.security.UserGroupInformation.doAs(UserGroupInformation.java:1878) [hadoop-common-3.3.4.jar:?]
	at org.apache.hadoop.ipc.Server$Handler.run(Server.java:2976) [hadoop-common-3.3.4.jar:?]
16:35:51.382 [IPC Server handler 18 on default port 38619] ERROR OMAudit - user=runner | ip=127.0.0.1 | op=GET_FILE_STATUS {volume=volume78724, bucket=bucket78568, key=testBatchDelete/parent/child2, dataSize=0, replicationConfig=null} | ret=FAILURE
org.apache.hadoop.ozone.om.exceptions.OMException: Unable to get file status: volume: volume78724 bucket: bucket78568 key: testBatchDelete/parent/child2
	at org.apache.hadoop.ozone.om.KeyManagerImpl.getOzoneFileStatus(KeyManagerImpl.java:1162) ~[ozone-manager-1.4.0-SNAPSHOT.jar:?]
	at org.apache.hadoop.ozone.om.KeyManagerImpl.getFileStatus(KeyManagerImpl.java:1080) ~[ozone-manager-1.4.0-SNAPSHOT.jar:?]
	at org.apache.hadoop.ozone.om.OmMetadataReader.getFileStatus(OmMetadataReader.java:288) ~[ozone-manager-1.4.0-SNAPSHOT.jar:?]
	at org.apache.hadoop.ozone.om.OzoneManager.getFileStatus(OzoneManager.java:3450) ~[ozone-manager-1.4.0-SNAPSHOT.jar:?]
	at org.apache.hadoop.ozone.protocolPB.OzoneManagerRequestHandler.getOzoneFileStatus(OzoneManagerRequestHandler.java:933) ~[ozone-manager-1.4.0-SNAPSHOT.jar:?]
	at org.apache.hadoop.ozone.protocolPB.OzoneManagerRequestHandler.handleReadRequest(OzoneManagerRequestHandler.java:238) ~[ozone-manager-1.4.0-SNAPSHOT.jar:?]
	at org.apache.hadoop.ozone.protocolPB.OzoneManagerProtocolServerSideTranslatorPB.submitRequestDirectlyToOM(OzoneManagerProtocolServerSideTranslatorPB.java:271) ~[ozone-manager-1.4.0-SNAPSHOT.jar:?]
	at org.apache.hadoop.ozone.protocolPB.OzoneManagerProtocolServerSideTranslatorPB.processRequest(OzoneManagerProtocolServerSideTranslatorPB.java:173) ~[ozone-manager-1.4.0-SNAPSHOT.jar:?]
	at org.apache.hadoop.hdds.server.OzoneProtocolMessageDispatcher.processRequest(OzoneProtocolMessageDispatcher.java:87) [hdds-server-framework-1.4.0-SNAPSHOT.jar:?]
	at org.apache.hadoop.ozone.protocolPB.OzoneManagerProtocolServerSideTranslatorPB.submitRequest(OzoneManagerProtocolServerSideTranslatorPB.java:147) [ozone-manager-1.4.0-SNAPSHOT.jar:?]
	at org.apache.hadoop.ozone.protocol.proto.OzoneManagerProtocolProtos$OzoneManagerService$2.callBlockingMethod(OzoneManagerProtocolProtos.java) [ozone-interface-client-1.4.0-SNAPSHOT.jar:?]
	at org.apache.hadoop.ipc.ProtobufRpcEngine$Server.processCall(ProtobufRpcEngine.java:465) [hadoop-common-3.3.4.jar:?]
	at org.apache.hadoop.ipc.ProtobufRpcEngine2$Server$ProtoBufRpcInvoker.call(ProtobufRpcEngine2.java:578) [hadoop-common-3.3.4.jar:?]
	at org.apache.hadoop.ipc.ProtobufRpcEngine2$Server$ProtoBufRpcInvoker.call(ProtobufRpcEngine2.java:556) [hadoop-common-3.3.4.jar:?]
	at org.apache.hadoop.ipc.RPC$Server.call(RPC.java:1093) [hadoop-common-3.3.4.jar:?]
	at org.apache.hadoop.ipc.Server$RpcCall.run(Server.java:1043) [hadoop-common-3.3.4.jar:?]
	at org.apache.hadoop.ipc.Server$RpcCall.run(Server.java:971) [hadoop-common-3.3.4.jar:?]
	at java.security.AccessController.doPrivileged(Native Method) ~[?:1.8.0_362]
	at javax.security.auth.Subject.doAs(Subject.java:422) [?:1.8.0_362]
	at org.apache.hadoop.security.UserGroupInformation.doAs(UserGroupInformation.java:1878) [hadoop-common-3.3.4.jar:?]
	at org.apache.hadoop.ipc.Server$Handler.run(Server.java:2976) [hadoop-common-3.3.4.jar:?]
16:35:51.383 [IPC Server handler 19 on default port 38619] ERROR OMAudit - user=runner | ip=127.0.0.1 | op=GET_FILE_STATUS {volume=volume78724, bucket=bucket78568, key=testBatchDelete/parent/childFolder/child2, dataSize=0, replicationConfig=null} | ret=FAILURE
org.apache.hadoop.ozone.om.exceptions.OMException: Unable to get file status: volume: volume78724 bucket: bucket78568 key: testBatchDelete/parent/childFolder/child2
	at org.apache.hadoop.ozone.om.KeyManagerImpl.getOzoneFileStatus(KeyManagerImpl.java:1162) ~[ozone-manager-1.4.0-SNAPSHOT.jar:?]
	at org.apache.hadoop.ozone.om.KeyManagerImpl.getFileStatus(KeyManagerImpl.java:1080) ~[ozone-manager-1.4.0-SNAPSHOT.jar:?]
	at org.apache.hadoop.ozone.om.OmMetadataReader.getFileStatus(OmMetadataReader.java:288) ~[ozone-manager-1.4.0-SNAPSHOT.jar:?]
	at org.apache.hadoop.ozone.om.OzoneManager.getFileStatus(OzoneManager.java:3450) ~[ozone-manager-1.4.0-SNAPSHOT.jar:?]
	at org.apache.hadoop.ozone.protocolPB.OzoneManagerRequestHandler.getOzoneFileStatus(OzoneManagerRequestHandler.java:933) ~[ozone-manager-1.4.0-SNAPSHOT.jar:?]
	at org.apache.hadoop.ozone.protocolPB.OzoneManagerRequestHandler.handleReadRequest(OzoneManagerRequestHandler.java:238) ~[ozone-manager-1.4.0-SNAPSHOT.jar:?]
	at org.apache.hadoop.ozone.protocolPB.OzoneManagerProtocolServerSideTranslatorPB.submitRequestDirectlyToOM(OzoneManagerProtocolServerSideTranslatorPB.java:271) ~[ozone-manager-1.4.0-SNAPSHOT.jar:?]
	at org.apache.hadoop.ozone.protocolPB.OzoneManagerProtocolServerSideTranslatorPB.processRequest(OzoneManagerProtocolServerSideTranslatorPB.java:173) ~[ozone-manager-1.4.0-SNAPSHOT.jar:?]
	at org.apache.hadoop.hdds.server.OzoneProtocolMessageDispatcher.processRequest(OzoneProtocolMessageDispatcher.java:87) [hdds-server-framework-1.4.0-SNAPSHOT.jar:?]
	at org.apache.hadoop.ozone.protocolPB.OzoneManagerProtocolServerSideTranslatorPB.submitRequest(OzoneManagerProtocolServerSideTranslatorPB.java:147) [ozone-manager-1.4.0-SNAPSHOT.jar:?]
	at org.apache.hadoop.ozone.protocol.proto.OzoneManagerProtocolProtos$OzoneManagerService$2.callBlockingMethod(OzoneManagerProtocolProtos.java) [ozone-interface-client-1.4.0-SNAPSHOT.jar:?]
	at org.apache.hadoop.ipc.ProtobufRpcEngine$Server.processCall(ProtobufRpcEngine.java:465) [hadoop-common-3.3.4.jar:?]
	at org.apache.hadoop.ipc.ProtobufRpcEngine2$Server$ProtoBufRpcInvoker.call(ProtobufRpcEngine2.java:578) [hadoop-common-3.3.4.jar:?]
	at org.apache.hadoop.ipc.ProtobufRpcEngine2$Server$ProtoBufRpcInvoker.call(ProtobufRpcEngine2.java:556) [hadoop-common-3.3.4.jar:?]
	at org.apache.hadoop.ipc.RPC$Server.call(RPC.java:1093) [hadoop-common-3.3.4.jar:?]
	at org.apache.hadoop.ipc.Server$RpcCall.run(Server.java:1043) [hadoop-common-3.3.4.jar:?]
	at org.apache.hadoop.ipc.Server$RpcCall.run(Server.java:971) [hadoop-common-3.3.4.jar:?]
	at java.security.AccessController.doPrivileged(Native Method) ~[?:1.8.0_362]
	at javax.security.auth.Subject.doAs(Subject.java:422) [?:1.8.0_362]
	at org.apache.hadoop.security.UserGroupInformation.doAs(UserGroupInformation.java:1878) [hadoop-common-3.3.4.jar:?]
	at org.apache.hadoop.ipc.Server$Handler.run(Server.java:2976) [hadoop-common-3.3.4.jar:?]
16:35:51.383 [IPC Server handler 0 on default port 38619] ERROR OMAudit - user=runner | ip=127.0.0.1 | op=GET_FILE_STATUS {volume=volume78724, bucket=bucket78568, key=testBatchDelete/parent/child3, dataSize=0, replicationConfig=null} | ret=FAILURE
org.apache.hadoop.ozone.om.exceptions.OMException: Unable to get file status: volume: volume78724 bucket: bucket78568 key: testBatchDelete/parent/child3
	at org.apache.hadoop.ozone.om.KeyManagerImpl.getOzoneFileStatus(KeyManagerImpl.java:1162) ~[ozone-manager-1.4.0-SNAPSHOT.jar:?]
	at org.apache.hadoop.ozone.om.KeyManagerImpl.getFileStatus(KeyManagerImpl.java:1080) ~[ozone-manager-1.4.0-SNAPSHOT.jar:?]
	at org.apache.hadoop.ozone.om.OmMetadataReader.getFileStatus(OmMetadataReader.java:288) ~[ozone-manager-1.4.0-SNAPSHOT.jar:?]
	at org.apache.hadoop.ozone.om.OzoneManager.getFileStatus(OzoneManager.java:3450) ~[ozone-manager-1.4.0-SNAPSHOT.jar:?]
	at org.apache.hadoop.ozone.protocolPB.OzoneManagerRequestHandler.getOzoneFileStatus(OzoneManagerRequestHandler.java:933) ~[ozone-manager-1.4.0-SNAPSHOT.jar:?]
	at org.apache.hadoop.ozone.protocolPB.OzoneManagerRequestHandler.handleReadRequest(OzoneManagerRequestHandler.java:238) ~[ozone-manager-1.4.0-SNAPSHOT.jar:?]
	at org.apache.hadoop.ozone.protocolPB.OzoneManagerProtocolServerSideTranslatorPB.submitRequestDirectlyToOM(OzoneManagerProtocolServerSideTranslatorPB.java:271) ~[ozone-manager-1.4.0-SNAPSHOT.jar:?]
	at org.apache.hadoop.ozone.protocolPB.OzoneManagerProtocolServerSideTranslatorPB.processRequest(OzoneManagerProtocolServerSideTranslatorPB.java:173) ~[ozone-manager-1.4.0-SNAPSHOT.jar:?]
	at org.apache.hadoop.hdds.server.OzoneProtocolMessageDispatcher.processRequest(OzoneProtocolMessageDispatcher.java:87) [hdds-server-framework-1.4.0-SNAPSHOT.jar:?]
	at org.apache.hadoop.ozone.protocolPB.OzoneManagerProtocolServerSideTranslatorPB.submitRequest(OzoneManagerProtocolServerSideTranslatorPB.java:147) [ozone-manager-1.4.0-SNAPSHOT.jar:?]
	at org.apache.hadoop.ozone.protocol.proto.OzoneManagerProtocolProtos$OzoneManagerService$2.callBlockingMethod(OzoneManagerProtocolProtos.java) [ozone-interface-client-1.4.0-SNAPSHOT.jar:?]
	at org.apache.hadoop.ipc.ProtobufRpcEngine$Server.processCall(ProtobufRpcEngine.java:465) [hadoop-common-3.3.4.jar:?]
	at org.apache.hadoop.ipc.ProtobufRpcEngine2$Server$ProtoBufRpcInvoker.call(ProtobufRpcEngine2.java:578) [hadoop-common-3.3.4.jar:?]
	at org.apache.hadoop.ipc.ProtobufRpcEngine2$Server$ProtoBufRpcInvoker.call(ProtobufRpcEngine2.java:556) [hadoop-common-3.3.4.jar:?]
	at org.apache.hadoop.ipc.RPC$Server.call(RPC.java:1093) [hadoop-common-3.3.4.jar:?]
	at org.apache.hadoop.ipc.Server$RpcCall.run(Server.java:1043) [hadoop-common-3.3.4.jar:?]
	at org.apache.hadoop.ipc.Server$RpcCall.run(Server.java:971) [hadoop-common-3.3.4.jar:?]
	at java.security.AccessController.doPrivileged(Native Method) ~[?:1.8.0_362]
	at javax.security.auth.Subject.doAs(Subject.java:422) [?:1.8.0_362]
	at org.apache.hadoop.security.UserGroupInformation.doAs(UserGroupInformation.java:1878) [hadoop-common-3.3.4.jar:?]
	at org.apache.hadoop.ipc.Server$Handler.run(Server.java:2976) [hadoop-common-3.3.4.jar:?]
16:35:51.384 [IPC Server handler 1 on default port 38619] ERROR OMAudit - user=runner | ip=127.0.0.1 | op=GET_FILE_STATUS {volume=volume78724, bucket=bucket78568, key=testBatchDelete/parent/childFolder/child3, dataSize=0, replicationConfig=null} | ret=FAILURE
org.apache.hadoop.ozone.om.exceptions.OMException: Unable to get file status: volume: volume78724 bucket: bucket78568 key: testBatchDelete/parent/childFolder/child3
	at org.apache.hadoop.ozone.om.KeyManagerImpl.getOzoneFileStatus(KeyManagerImpl.java:1162) ~[ozone-manager-1.4.0-SNAPSHOT.jar:?]
	at org.apache.hadoop.ozone.om.KeyManagerImpl.getFileStatus(KeyManagerImpl.java:1080) ~[ozone-manager-1.4.0-SNAPSHOT.jar:?]
	at org.apache.hadoop.ozone.om.OmMetadataReader.getFileStatus(OmMetadataReader.java:288) ~[ozone-manager-1.4.0-SNAPSHOT.jar:?]
	at org.apache.hadoop.ozone.om.OzoneManager.getFileStatus(OzoneManager.java:3450) ~[ozone-manager-1.4.0-SNAPSHOT.jar:?]
	at org.apache.hadoop.ozone.protocolPB.OzoneManagerRequestHandler.getOzoneFileStatus(OzoneManagerRequestHandler.java:933) ~[ozone-manager-1.4.0-SNAPSHOT.jar:?]
	at org.apache.hadoop.ozone.protocolPB.OzoneManagerRequestHandler.handleReadRequest(OzoneManagerRequestHandler.java:238) ~[ozone-manager-1.4.0-SNAPSHOT.jar:?]
	at org.apache.hadoop.ozone.protocolPB.OzoneManagerProtocolServerSideTranslatorPB.submitRequestDirectlyToOM(OzoneManagerProtocolServerSideTranslatorPB.java:271) ~[ozone-manager-1.4.0-SNAPSHOT.jar:?]
	at org.apache.hadoop.ozone.protocolPB.OzoneManagerProtocolServerSideTranslatorPB.processRequest(OzoneManagerProtocolServerSideTranslatorPB.java:173) ~[ozone-manager-1.4.0-SNAPSHOT.jar:?]
	at org.apache.hadoop.hdds.server.OzoneProtocolMessageDispatcher.processRequest(OzoneProtocolMessageDispatcher.java:87) [hdds-server-framework-1.4.0-SNAPSHOT.jar:?]
	at org.apache.hadoop.ozone.protocolPB.OzoneManagerProtocolServerSideTranslatorPB.submitRequest(OzoneManagerProtocolServerSideTranslatorPB.java:147) [ozone-manager-1.4.0-SNAPSHOT.jar:?]
	at org.apache.hadoop.ozone.protocol.proto.OzoneManagerProtocolProtos$OzoneManagerService$2.callBlockingMethod(OzoneManagerProtocolProtos.java) [ozone-interface-client-1.4.0-SNAPSHOT.jar:?]
	at org.apache.hadoop.ipc.ProtobufRpcEngine$Server.processCall(ProtobufRpcEngine.java:465) [hadoop-common-3.3.4.jar:?]
	at org.apache.hadoop.ipc.ProtobufRpcEngine2$Server$ProtoBufRpcInvoker.call(ProtobufRpcEngine2.java:578) [hadoop-common-3.3.4.jar:?]
	at org.apache.hadoop.ipc.ProtobufRpcEngine2$Server$ProtoBufRpcInvoker.call(ProtobufRpcEngine2.java:556) [hadoop-common-3.3.4.jar:?]
	at org.apache.hadoop.ipc.RPC$Server.call(RPC.java:1093) [hadoop-common-3.3.4.jar:?]
	at org.apache.hadoop.ipc.Server$RpcCall.run(Server.java:1043) [hadoop-common-3.3.4.jar:?]
	at org.apache.hadoop.ipc.Server$RpcCall.run(Server.java:971) [hadoop-common-3.3.4.jar:?]
	at java.security.AccessController.doPrivileged(Native Method) ~[?:1.8.0_362]
	at javax.security.auth.Subject.doAs(Subject.java:422) [?:1.8.0_362]
	at org.apache.hadoop.security.UserGroupInformation.doAs(UserGroupInformation.java:1878) [hadoop-common-3.3.4.jar:?]
	at org.apache.hadoop.ipc.Server$Handler.run(Server.java:2976) [hadoop-common-3.3.4.jar:?]
16:35:51.384 [IPC Server handler 2 on default port 38619] ERROR OMAudit - user=runner | ip=127.0.0.1 | op=GET_FILE_STATUS {volume=volume78724, bucket=bucket78568, key=testBatchDelete/parent/child4, dataSize=0, replicationConfig=null} | ret=FAILURE
org.apache.hadoop.ozone.om.exceptions.OMException: Unable to get file status: volume: volume78724 bucket: bucket78568 key: testBatchDelete/parent/child4
	at org.apache.hadoop.ozone.om.KeyManagerImpl.getOzoneFileStatus(KeyManagerImpl.java:1162) ~[ozone-manager-1.4.0-SNAPSHOT.jar:?]
	at org.apache.hadoop.ozone.om.KeyManagerImpl.getFileStatus(KeyManagerImpl.java:1080) ~[ozone-manager-1.4.0-SNAPSHOT.jar:?]
	at org.apache.hadoop.ozone.om.OmMetadataReader.getFileStatus(OmMetadataReader.java:288) ~[ozone-manager-1.4.0-SNAPSHOT.jar:?]
	at org.apache.hadoop.ozone.om.OzoneManager.getFileStatus(OzoneManager.java:3450) ~[ozone-manager-1.4.0-SNAPSHOT.jar:?]
	at org.apache.hadoop.ozone.protocolPB.OzoneManagerRequestHandler.getOzoneFileStatus(OzoneManagerRequestHandler.java:933) ~[ozone-manager-1.4.0-SNAPSHOT.jar:?]
	at org.apache.hadoop.ozone.protocolPB.OzoneManagerRequestHandler.handleReadRequest(OzoneManagerRequestHandler.java:238) ~[ozone-manager-1.4.0-SNAPSHOT.jar:?]
	at org.apache.hadoop.ozone.protocolPB.OzoneManagerProtocolServerSideTranslatorPB.submitRequestDirectlyToOM(OzoneManagerProtocolServerSideTranslatorPB.java:271) ~[ozone-manager-1.4.0-SNAPSHOT.jar:?]
	at org.apache.hadoop.ozone.protocolPB.OzoneManagerProtocolServerSideTranslatorPB.processRequest(OzoneManagerProtocolServerSideTranslatorPB.java:173) ~[ozone-manager-1.4.0-SNAPSHOT.jar:?]
	at org.apache.hadoop.hdds.server.OzoneProtocolMessageDispatcher.processRequest(OzoneProtocolMessageDispatcher.java:87) [hdds-server-framework-1.4.0-SNAPSHOT.jar:?]
	at org.apache.hadoop.ozone.protocolPB.OzoneManagerProtocolServerSideTranslatorPB.submitRequest(OzoneManagerProtocolServerSideTranslatorPB.java:147) [ozone-manager-1.4.0-SNAPSHOT.jar:?]
	at org.apache.hadoop.ozone.protocol.proto.OzoneManagerProtocolProtos$OzoneManagerService$2.callBlockingMethod(OzoneManagerProtocolProtos.java) [ozone-interface-client-1.4.0-SNAPSHOT.jar:?]
	at org.apache.hadoop.ipc.ProtobufRpcEngine$Server.processCall(ProtobufRpcEngine.java:465) [hadoop-common-3.3.4.jar:?]
	at org.apache.hadoop.ipc.ProtobufRpcEngine2$Server$ProtoBufRpcInvoker.call(ProtobufRpcEngine2.java:578) [hadoop-common-3.3.4.jar:?]
	at org.apache.hadoop.ipc.ProtobufRpcEngine2$Server$ProtoBufRpcInvoker.call(ProtobufRpcEngine2.java:556) [hadoop-common-3.3.4.jar:?]
	at org.apache.hadoop.ipc.RPC$Server.call(RPC.java:1093) [hadoop-common-3.3.4.jar:?]
	at org.apache.hadoop.ipc.Server$RpcCall.run(Server.java:1043) [hadoop-common-3.3.4.jar:?]
	at org.apache.hadoop.ipc.Server$RpcCall.run(Server.java:971) [hadoop-common-3.3.4.jar:?]
	at java.security.AccessController.doPrivileged(Native Method) ~[?:1.8.0_362]
	at javax.security.auth.Subject.doAs(Subject.java:422) [?:1.8.0_362]
	at org.apache.hadoop.security.UserGroupInformation.doAs(UserGroupInformation.java:1878) [hadoop-common-3.3.4.jar:?]
	at org.apache.hadoop.ipc.Server$Handler.run(Server.java:2976) [hadoop-common-3.3.4.jar:?]
16:35:51.385 [IPC Server handler 3 on default port 38619] ERROR OMAudit - user=runner | ip=127.0.0.1 | op=GET_FILE_STATUS {volume=volume78724, bucket=bucket78568, key=testBatchDelete/parent/childFolder/child4, dataSize=0, replicationConfig=null} | ret=FAILURE
org.apache.hadoop.ozone.om.exceptions.OMException: Unable to get file status: volume: volume78724 bucket: bucket78568 key: testBatchDelete/parent/childFolder/child4
	at org.apache.hadoop.ozone.om.KeyManagerImpl.getOzoneFileStatus(KeyManagerImpl.java:1162) ~[ozone-manager-1.4.0-SNAPSHOT.jar:?]
	at org.apache.hadoop.ozone.om.KeyManagerImpl.getFileStatus(KeyManagerImpl.java:1080) ~[ozone-manager-1.4.0-SNAPSHOT.jar:?]
	at org.apache.hadoop.ozone.om.OmMetadataReader.getFileStatus(OmMetadataReader.java:288) ~[ozone-manager-1.4.0-SNAPSHOT.jar:?]
	at org.apache.hadoop.ozone.om.OzoneManager.getFileStatus(OzoneManager.java:3450) ~[ozone-manager-1.4.0-SNAPSHOT.jar:?]
	at org.apache.hadoop.ozone.protocolPB.OzoneManagerRequestHandler.getOzoneFileStatus(OzoneManagerRequestHandler.java:933) ~[ozone-manager-1.4.0-SNAPSHOT.jar:?]
	at org.apache.hadoop.ozone.protocolPB.OzoneManagerRequestHandler.handleReadRequest(OzoneManagerRequestHandler.java:238) ~[ozone-manager-1.4.0-SNAPSHOT.jar:?]
	at org.apache.hadoop.ozone.protocolPB.OzoneManagerProtocolServerSideTranslatorPB.submitRequestDirectlyToOM(OzoneManagerProtocolServerSideTranslatorPB.java:271) ~[ozone-manager-1.4.0-SNAPSHOT.jar:?]
	at org.apache.hadoop.ozone.protocolPB.OzoneManagerProtocolServerSideTranslatorPB.processRequest(OzoneManagerProtocolServerSideTranslatorPB.java:173) ~[ozone-manager-1.4.0-SNAPSHOT.jar:?]
	at org.apache.hadoop.hdds.server.OzoneProtocolMessageDispatcher.processRequest(OzoneProtocolMessageDispatcher.java:87) [hdds-server-framework-1.4.0-SNAPSHOT.jar:?]
	at org.apache.hadoop.ozone.protocolPB.OzoneManagerProtocolServerSideTranslatorPB.submitRequest(OzoneManagerProtocolServerSideTranslatorPB.java:147) [ozone-manager-1.4.0-SNAPSHOT.jar:?]
	at org.apache.hadoop.ozone.protocol.proto.OzoneManagerProtocolProtos$OzoneManagerService$2.callBlockingMethod(OzoneManagerProtocolProtos.java) [ozone-interface-client-1.4.0-SNAPSHOT.jar:?]
	at org.apache.hadoop.ipc.ProtobufRpcEngine$Server.processCall(ProtobufRpcEngine.java:465) [hadoop-common-3.3.4.jar:?]
	at org.apache.hadoop.ipc.ProtobufRpcEngine2$Server$ProtoBufRpcInvoker.call(ProtobufRpcEngine2.java:578) [hadoop-common-3.3.4.jar:?]
	at org.apache.hadoop.ipc.ProtobufRpcEngine2$Server$ProtoBufRpcInvoker.call(ProtobufRpcEngine2.java:556) [hadoop-common-3.3.4.jar:?]
	at org.apache.hadoop.ipc.RPC$Server.call(RPC.java:1093) [hadoop-common-3.3.4.jar:?]
	at org.apache.hadoop.ipc.Server$RpcCall.run(Server.java:1043) [hadoop-common-3.3.4.jar:?]
	at org.apache.hadoop.ipc.Server$RpcCall.run(Server.java:971) [hadoop-common-3.3.4.jar:?]
	at java.security.AccessController.doPrivileged(Native Method) ~[?:1.8.0_362]
	at javax.security.auth.Subject.doAs(Subject.java:422) [?:1.8.0_362]
	at org.apache.hadoop.security.UserGroupInformation.doAs(UserGroupInformation.java:1878) [hadoop-common-3.3.4.jar:?]
	at org.apache.hadoop.ipc.Server$Handler.run(Server.java:2976) [hadoop-common-3.3.4.jar:?]
16:35:51.385 [IPC Server handler 4 on default port 38619] ERROR OMAudit - user=runner | ip=127.0.0.1 | op=GET_FILE_STATUS {volume=volume78724, bucket=bucket78568, key=testBatchDelete/parent/child5, dataSize=0, replicationConfig=null} | ret=FAILURE
org.apache.hadoop.ozone.om.exceptions.OMException: Unable to get file status: volume: volume78724 bucket: bucket78568 key: testBatchDelete/parent/child5
	at org.apache.hadoop.ozone.om.KeyManagerImpl.getOzoneFileStatus(KeyManagerImpl.java:1162) ~[ozone-manager-1.4.0-SNAPSHOT.jar:?]
	at org.apache.hadoop.ozone.om.KeyManagerImpl.getFileStatus(KeyManagerImpl.java:1080) ~[ozone-manager-1.4.0-SNAPSHOT.jar:?]
	at org.apache.hadoop.ozone.om.OmMetadataReader.getFileStatus(OmMetadataReader.java:288) ~[ozone-manager-1.4.0-SNAPSHOT.jar:?]
	at org.apache.hadoop.ozone.om.OzoneManager.getFileStatus(OzoneManager.java:3450) ~[ozone-manager-1.4.0-SNAPSHOT.jar:?]
	at org.apache.hadoop.ozone.protocolPB.OzoneManagerRequestHandler.getOzoneFileStatus(OzoneManagerRequestHandler.java:933) ~[ozone-manager-1.4.0-SNAPSHOT.jar:?]
	at org.apache.hadoop.ozone.protocolPB.OzoneManagerRequestHandler.handleReadRequest(OzoneManagerRequestHandler.java:238) ~[ozone-manager-1.4.0-SNAPSHOT.jar:?]
	at org.apache.hadoop.ozone.protocolPB.OzoneManagerProtocolServerSideTranslatorPB.submitRequestDirectlyToOM(OzoneManagerProtocolServerSideTranslatorPB.java:271) ~[ozone-manager-1.4.0-SNAPSHOT.jar:?]
	at org.apache.hadoop.ozone.protocolPB.OzoneManagerProtocolServerSideTranslatorPB.processRequest(OzoneManagerProtocolServerSideTranslatorPB.java:173) ~[ozone-manager-1.4.0-SNAPSHOT.jar:?]
	at org.apache.hadoop.hdds.server.OzoneProtocolMessageDispatcher.processRequest(OzoneProtocolMessageDispatcher.java:87) [hdds-server-framework-1.4.0-SNAPSHOT.jar:?]
	at org.apache.hadoop.ozone.protocolPB.OzoneManagerProtocolServerSideTranslatorPB.submitRequest(OzoneManagerProtocolServerSideTranslatorPB.java:147) [ozone-manager-1.4.0-SNAPSHOT.jar:?]
	at org.apache.hadoop.ozone.protocol.proto.OzoneManagerProtocolProtos$OzoneManagerService$2.callBlockingMethod(OzoneManagerProtocolProtos.java) [ozone-interface-client-1.4.0-SNAPSHOT.jar:?]
	at org.apache.hadoop.ipc.ProtobufRpcEngine$Server.processCall(ProtobufRpcEngine.java:465) [hadoop-common-3.3.4.jar:?]
	at org.apache.hadoop.ipc.ProtobufRpcEngine2$Server$ProtoBufRpcInvoker.call(ProtobufRpcEngine2.java:578) [hadoop-common-3.3.4.jar:?]
	at org.apache.hadoop.ipc.ProtobufRpcEngine2$Server$ProtoBufRpcInvoker.call(ProtobufRpcEngine2.java:556) [hadoop-common-3.3.4.jar:?]
	at org.apache.hadoop.ipc.RPC$Server.call(RPC.java:1093) [hadoop-common-3.3.4.jar:?]
	at org.apache.hadoop.ipc.Server$RpcCall.run(Server.java:1043) [hadoop-common-3.3.4.jar:?]
	at org.apache.hadoop.ipc.Server$RpcCall.run(Server.java:971) [hadoop-common-3.3.4.jar:?]
	at java.security.AccessController.doPrivileged(Native Method) ~[?:1.8.0_362]
	at javax.security.auth.Subject.doAs(Subject.java:422) [?:1.8.0_362]
	at org.apache.hadoop.security.UserGroupInformation.doAs(UserGroupInformation.java:1878) [hadoop-common-3.3.4.jar:?]
	at org.apache.hadoop.ipc.Server$Handler.run(Server.java:2976) [hadoop-common-3.3.4.jar:?]
16:35:51.386 [IPC Server handler 5 on default port 38619] ERROR OMAudit - user=runner | ip=127.0.0.1 | op=GET_FILE_STATUS {volume=volume78724, bucket=bucket78568, key=testBatchDelete/parent/childFolder/child5, dataSize=0, replicationConfig=null} | ret=FAILURE
org.apache.hadoop.ozone.om.exceptions.OMException: Unable to get file status: volume: volume78724 bucket: bucket78568 key: testBatchDelete/parent/childFolder/child5
	at org.apache.hadoop.ozone.om.KeyManagerImpl.getOzoneFileStatus(KeyManagerImpl.java:1162) ~[ozone-manager-1.4.0-SNAPSHOT.jar:?]
	at org.apache.hadoop.ozone.om.KeyManagerImpl.getFileStatus(KeyManagerImpl.java:1080) ~[ozone-manager-1.4.0-SNAPSHOT.jar:?]
	at org.apache.hadoop.ozone.om.OmMetadataReader.getFileStatus(OmMetadataReader.java:288) ~[ozone-manager-1.4.0-SNAPSHOT.jar:?]
	at org.apache.hadoop.ozone.om.OzoneManager.getFileStatus(OzoneManager.java:3450) ~[ozone-manager-1.4.0-SNAPSHOT.jar:?]
	at org.apache.hadoop.ozone.protocolPB.OzoneManagerRequestHandler.getOzoneFileStatus(OzoneManagerRequestHandler.java:933) ~[ozone-manager-1.4.0-SNAPSHOT.jar:?]
	at org.apache.hadoop.ozone.protocolPB.OzoneManagerRequestHandler.handleReadRequest(OzoneManagerRequestHandler.java:238) ~[ozone-manager-1.4.0-SNAPSHOT.jar:?]
	at org.apache.hadoop.ozone.protocolPB.OzoneManagerProtocolServerSideTranslatorPB.submitRequestDirectlyToOM(OzoneManagerProtocolServerSideTranslatorPB.java:271) ~[ozone-manager-1.4.0-SNAPSHOT.jar:?]
	at org.apache.hadoop.ozone.protocolPB.OzoneManagerProtocolServerSideTranslatorPB.processRequest(OzoneManagerProtocolServerSideTranslatorPB.java:173) ~[ozone-manager-1.4.0-SNAPSHOT.jar:?]
	at org.apache.hadoop.hdds.server.OzoneProtocolMessageDispatcher.processRequest(OzoneProtocolMessageDispatcher.java:87) [hdds-server-framework-1.4.0-SNAPSHOT.jar:?]
	at org.apache.hadoop.ozone.protocolPB.OzoneManagerProtocolServerSideTranslatorPB.submitRequest(OzoneManagerProtocolServerSideTranslatorPB.java:147) [ozone-manager-1.4.0-SNAPSHOT.jar:?]
	at org.apache.hadoop.ozone.protocol.proto.OzoneManagerProtocolProtos$OzoneManagerService$2.callBlockingMethod(OzoneManagerProtocolProtos.java) [ozone-interface-client-1.4.0-SNAPSHOT.jar:?]
	at org.apache.hadoop.ipc.ProtobufRpcEngine$Server.processCall(ProtobufRpcEngine.java:465) [hadoop-common-3.3.4.jar:?]
	at org.apache.hadoop.ipc.ProtobufRpcEngine2$Server$ProtoBufRpcInvoker.call(ProtobufRpcEngine2.java:578) [hadoop-common-3.3.4.jar:?]
	at org.apache.hadoop.ipc.ProtobufRpcEngine2$Server$ProtoBufRpcInvoker.call(ProtobufRpcEngine2.java:556) [hadoop-common-3.3.4.jar:?]
	at org.apache.hadoop.ipc.RPC$Server.call(RPC.java:1093) [hadoop-common-3.3.4.jar:?]
	at org.apache.hadoop.ipc.Server$RpcCall.run(Server.java:1043) [hadoop-common-3.3.4.jar:?]
	at org.apache.hadoop.ipc.Server$RpcCall.run(Server.java:971) [hadoop-common-3.3.4.jar:?]
	at java.security.AccessController.doPrivileged(Native Method) ~[?:1.8.0_362]
	at javax.security.auth.Subject.doAs(Subject.java:422) [?:1.8.0_362]
	at org.apache.hadoop.security.UserGroupInformation.doAs(UserGroupInformation.java:1878) [hadoop-common-3.3.4.jar:?]
	at org.apache.hadoop.ipc.Server$Handler.run(Server.java:2976) [hadoop-common-3.3.4.jar:?]
16:35:51.387 [IPC Server handler 6 on default port 38619] ERROR OMAudit - user=runner | ip=127.0.0.1 | op=GET_FILE_STATUS {volume=volume78724, bucket=bucket78568, key=testBatchDelete/parent/child6, dataSize=0, replicationConfig=null} | ret=FAILURE
org.apache.hadoop.ozone.om.exceptions.OMException: Unable to get file status: volume: volume78724 bucket: bucket78568 key: testBatchDelete/parent/child6
	at org.apache.hadoop.ozone.om.KeyManagerImpl.getOzoneFileStatus(KeyManagerImpl.java:1162) ~[ozone-manager-1.4.0-SNAPSHOT.jar:?]
	at org.apache.hadoop.ozone.om.KeyManagerImpl.getFileStatus(KeyManagerImpl.java:1080) ~[ozone-manager-1.4.0-SNAPSHOT.jar:?]
	at org.apache.hadoop.ozone.om.OmMetadataReader.getFileStatus(OmMetadataReader.java:288) ~[ozone-manager-1.4.0-SNAPSHOT.jar:?]
	at org.apache.hadoop.ozone.om.OzoneManager.getFileStatus(OzoneManager.java:3450) ~[ozone-manager-1.4.0-SNAPSHOT.jar:?]
	at org.apache.hadoop.ozone.protocolPB.OzoneManagerRequestHandler.getOzoneFileStatus(OzoneManagerRequestHandler.java:933) ~[ozone-manager-1.4.0-SNAPSHOT.jar:?]
	at org.apache.hadoop.ozone.protocolPB.OzoneManagerRequestHandler.handleReadRequest(OzoneManagerRequestHandler.java:238) ~[ozone-manager-1.4.0-SNAPSHOT.jar:?]
	at org.apache.hadoop.ozone.protocolPB.OzoneManagerProtocolServerSideTranslatorPB.submitRequestDirectlyToOM(OzoneManagerProtocolServerSideTranslatorPB.java:271) ~[ozone-manager-1.4.0-SNAPSHOT.jar:?]
	at org.apache.hadoop.ozone.protocolPB.OzoneManagerProtocolServerSideTranslatorPB.processRequest(OzoneManagerProtocolServerSideTranslatorPB.java:173) ~[ozone-manager-1.4.0-SNAPSHOT.jar:?]
	at org.apache.hadoop.hdds.server.OzoneProtocolMessageDispatcher.processRequest(OzoneProtocolMessageDispatcher.java:87) [hdds-server-framework-1.4.0-SNAPSHOT.jar:?]
	at org.apache.hadoop.ozone.protocolPB.OzoneManagerProtocolServerSideTranslatorPB.submitRequest(OzoneManagerProtocolServerSideTranslatorPB.java:147) [ozone-manager-1.4.0-SNAPSHOT.jar:?]
	at org.apache.hadoop.ozone.protocol.proto.OzoneManagerProtocolProtos$OzoneManagerService$2.callBlockingMethod(OzoneManagerProtocolProtos.java) [ozone-interface-client-1.4.0-SNAPSHOT.jar:?]
	at org.apache.hadoop.ipc.ProtobufRpcEngine$Server.processCall(ProtobufRpcEngine.java:465) [hadoop-common-3.3.4.jar:?]
	at org.apache.hadoop.ipc.ProtobufRpcEngine2$Server$ProtoBufRpcInvoker.call(ProtobufRpcEngine2.java:578) [hadoop-common-3.3.4.jar:?]
	at org.apache.hadoop.ipc.ProtobufRpcEngine2$Server$ProtoBufRpcInvoker.call(ProtobufRpcEngine2.java:556) [hadoop-common-3.3.4.jar:?]
	at org.apache.hadoop.ipc.RPC$Server.call(RPC.java:1093) [hadoop-common-3.3.4.jar:?]
	at org.apache.hadoop.ipc.Server$RpcCall.run(Server.java:1043) [hadoop-common-3.3.4.jar:?]
	at org.apache.hadoop.ipc.Server$RpcCall.run(Server.java:971) [hadoop-common-3.3.4.jar:?]
	at java.security.AccessController.doPrivileged(Native Method) ~[?:1.8.0_362]
	at javax.security.auth.Subject.doAs(Subject.java:422) [?:1.8.0_362]
	at org.apache.hadoop.security.UserGroupInformation.doAs(UserGroupInformation.java:1878) [hadoop-common-3.3.4.jar:?]
	at org.apache.hadoop.ipc.Server$Handler.run(Server.java:2976) [hadoop-common-3.3.4.jar:?]
16:35:51.389 [IPC Server handler 7 on default port 38619] ERROR OMAudit - user=runner | ip=127.0.0.1 | op=GET_FILE_STATUS {volume=volume78724, bucket=bucket78568, key=testBatchDelete/parent/childFolder/child6, dataSize=0, replicationConfig=null} | ret=FAILURE
org.apache.hadoop.ozone.om.exceptions.OMException: Unable to get file status: volume: volume78724 bucket: bucket78568 key: testBatchDelete/parent/childFolder/child6
	at org.apache.hadoop.ozone.om.KeyManagerImpl.getOzoneFileStatus(KeyManagerImpl.java:1162) ~[ozone-manager-1.4.0-SNAPSHOT.jar:?]
	at org.apache.hadoop.ozone.om.KeyManagerImpl.getFileStatus(KeyManagerImpl.java:1080) ~[ozone-manager-1.4.0-SNAPSHOT.jar:?]
	at org.apache.hadoop.ozone.om.OmMetadataReader.getFileStatus(OmMetadataReader.java:288) ~[ozone-manager-1.4.0-SNAPSHOT.jar:?]
	at org.apache.hadoop.ozone.om.OzoneManager.getFileStatus(OzoneManager.java:3450) ~[ozone-manager-1.4.0-SNAPSHOT.jar:?]
	at org.apache.hadoop.ozone.protocolPB.OzoneManagerRequestHandler.getOzoneFileStatus(OzoneManagerRequestHandler.java:933) ~[ozone-manager-1.4.0-SNAPSHOT.jar:?]
	at org.apache.hadoop.ozone.protocolPB.OzoneManagerRequestHandler.handleReadRequest(OzoneManagerRequestHandler.java:238) ~[ozone-manager-1.4.0-SNAPSHOT.jar:?]
	at org.apache.hadoop.ozone.protocolPB.OzoneManagerProtocolServerSideTranslatorPB.submitRequestDirectlyToOM(OzoneManagerProtocolServerSideTranslatorPB.java:271) ~[ozone-manager-1.4.0-SNAPSHOT.jar:?]
	at org.apache.hadoop.ozone.protocolPB.OzoneManagerProtocolServerSideTranslatorPB.processRequest(OzoneManagerProtocolServerSideTranslatorPB.java:173) ~[ozone-manager-1.4.0-SNAPSHOT.jar:?]
	at org.apache.hadoop.hdds.server.OzoneProtocolMessageDispatcher.processRequest(OzoneProtocolMessageDispatcher.java:87) [hdds-server-framework-1.4.0-SNAPSHOT.jar:?]
	at org.apache.hadoop.ozone.protocolPB.OzoneManagerProtocolServerSideTranslatorPB.submitRequest(OzoneManagerProtocolServerSideTranslatorPB.java:147) [ozone-manager-1.4.0-SNAPSHOT.jar:?]
	at org.apache.hadoop.ozone.protocol.proto.OzoneManagerProtocolProtos$OzoneManagerService$2.callBlockingMethod(OzoneManagerProtocolProtos.java) [ozone-interface-client-1.4.0-SNAPSHOT.jar:?]
	at org.apache.hadoop.ipc.ProtobufRpcEngine$Server.processCall(ProtobufRpcEngine.java:465) [hadoop-common-3.3.4.jar:?]
	at org.apache.hadoop.ipc.ProtobufRpcEngine2$Server$ProtoBufRpcInvoker.call(ProtobufRpcEngine2.java:578) [hadoop-common-3.3.4.jar:?]
	at org.apache.hadoop.ipc.ProtobufRpcEngine2$Server$ProtoBufRpcInvoker.call(ProtobufRpcEngine2.java:556) [hadoop-common-3.3.4.jar:?]
	at org.apache.hadoop.ipc.RPC$Server.call(RPC.java:1093) [hadoop-common-3.3.4.jar:?]
	at org.apache.hadoop.ipc.Server$RpcCall.run(Server.java:1043) [hadoop-common-3.3.4.jar:?]
	at org.apache.hadoop.ipc.Server$RpcCall.run(Server.java:971) [hadoop-common-3.3.4.jar:?]
	at java.security.AccessController.doPrivileged(Native Method) ~[?:1.8.0_362]
	at javax.security.auth.Subject.doAs(Subject.java:422) [?:1.8.0_362]
	at org.apache.hadoop.security.UserGroupInformation.doAs(UserGroupInformation.java:1878) [hadoop-common-3.3.4.jar:?]
	at org.apache.hadoop.ipc.Server$Handler.run(Server.java:2976) [hadoop-common-3.3.4.jar:?]
16:35:51.389 [IPC Server handler 8 on default port 38619] ERROR OMAudit - user=runner | ip=127.0.0.1 | op=GET_FILE_STATUS {volume=volume78724, bucket=bucket78568, key=testBatchDelete/parent/child7, dataSize=0, replicationConfig=null} | ret=FAILURE
org.apache.hadoop.ozone.om.exceptions.OMException: Unable to get file status: volume: volume78724 bucket: bucket78568 key: testBatchDelete/parent/child7
	at org.apache.hadoop.ozone.om.KeyManagerImpl.getOzoneFileStatus(KeyManagerImpl.java:1162) ~[ozone-manager-1.4.0-SNAPSHOT.jar:?]
	at org.apache.hadoop.ozone.om.KeyManagerImpl.getFileStatus(KeyManagerImpl.java:1080) ~[ozone-manager-1.4.0-SNAPSHOT.jar:?]
	at org.apache.hadoop.ozone.om.OmMetadataReader.getFileStatus(OmMetadataReader.java:288) ~[ozone-manager-1.4.0-SNAPSHOT.jar:?]
	at org.apache.hadoop.ozone.om.OzoneManager.getFileStatus(OzoneManager.java:3450) ~[ozone-manager-1.4.0-SNAPSHOT.jar:?]
	at org.apache.hadoop.ozone.protocolPB.OzoneManagerRequestHandler.getOzoneFileStatus(OzoneManagerRequestHandler.java:933) ~[ozone-manager-1.4.0-SNAPSHOT.jar:?]
	at org.apache.hadoop.ozone.protocolPB.OzoneManagerRequestHandler.handleReadRequest(OzoneManagerRequestHandler.java:238) ~[ozone-manager-1.4.0-SNAPSHOT.jar:?]
	at org.apache.hadoop.ozone.protocolPB.OzoneManagerProtocolServerSideTranslatorPB.submitRequestDirectlyToOM(OzoneManagerProtocolServerSideTranslatorPB.java:271) ~[ozone-manager-1.4.0-SNAPSHOT.jar:?]
	at org.apache.hadoop.ozone.protocolPB.OzoneManagerProtocolServerSideTranslatorPB.processRequest(OzoneManagerProtocolServerSideTranslatorPB.java:173) ~[ozone-manager-1.4.0-SNAPSHOT.jar:?]
	at org.apache.hadoop.hdds.server.OzoneProtocolMessageDispatcher.processRequest(OzoneProtocolMessageDispatcher.java:87) [hdds-server-framework-1.4.0-SNAPSHOT.jar:?]
	at org.apache.hadoop.ozone.protocolPB.OzoneManagerProtocolServerSideTranslatorPB.submitRequest(OzoneManagerProtocolServerSideTranslatorPB.java:147) [ozone-manager-1.4.0-SNAPSHOT.jar:?]
	at org.apache.hadoop.ozone.protocol.proto.OzoneManagerProtocolProtos$OzoneManagerService$2.callBlockingMethod(OzoneManagerProtocolProtos.java) [ozone-interface-client-1.4.0-SNAPSHOT.jar:?]
	at org.apache.hadoop.ipc.ProtobufRpcEngine$Server.processCall(ProtobufRpcEngine.java:465) [hadoop-common-3.3.4.jar:?]
	at org.apache.hadoop.ipc.ProtobufRpcEngine2$Server$ProtoBufRpcInvoker.call(ProtobufRpcEngine2.java:578) [hadoop-common-3.3.4.jar:?]
	at org.apache.hadoop.ipc.ProtobufRpcEngine2$Server$ProtoBufRpcInvoker.call(ProtobufRpcEngine2.java:556) [hadoop-common-3.3.4.jar:?]
	at org.apache.hadoop.ipc.RPC$Server.call(RPC.java:1093) [hadoop-common-3.3.4.jar:?]
	at org.apache.hadoop.ipc.Server$RpcCall.run(Server.java:1043) [hadoop-common-3.3.4.jar:?]
	at org.apache.hadoop.ipc.Server$RpcCall.run(Server.java:971) [hadoop-common-3.3.4.jar:?]
	at java.security.AccessController.doPrivileged(Native Method) ~[?:1.8.0_362]
	at javax.security.auth.Subject.doAs(Subject.java:422) [?:1.8.0_362]
	at org.apache.hadoop.security.UserGroupInformation.doAs(UserGroupInformation.java:1878) [hadoop-common-3.3.4.jar:?]
	at org.apache.hadoop.ipc.Server$Handler.run(Server.java:2976) [hadoop-common-3.3.4.jar:?]
16:35:51.390 [IPC Server handler 9 on default port 38619] ERROR OMAudit - user=runner | ip=127.0.0.1 | op=GET_FILE_STATUS {volume=volume78724, bucket=bucket78568, key=testBatchDelete/parent/childFolder/child7, dataSize=0, replicationConfig=null} | ret=FAILURE
org.apache.hadoop.ozone.om.exceptions.OMException: Unable to get file status: volume: volume78724 bucket: bucket78568 key: testBatchDelete/parent/childFolder/child7
	at org.apache.hadoop.ozone.om.KeyManagerImpl.getOzoneFileStatus(KeyManagerImpl.java:1162) ~[ozone-manager-1.4.0-SNAPSHOT.jar:?]
	at org.apache.hadoop.ozone.om.KeyManagerImpl.getFileStatus(KeyManagerImpl.java:1080) ~[ozone-manager-1.4.0-SNAPSHOT.jar:?]
	at org.apache.hadoop.ozone.om.OmMetadataReader.getFileStatus(OmMetadataReader.java:288) ~[ozone-manager-1.4.0-SNAPSHOT.jar:?]
	at org.apache.hadoop.ozone.om.OzoneManager.getFileStatus(OzoneManager.java:3450) ~[ozone-manager-1.4.0-SNAPSHOT.jar:?]
	at org.apache.hadoop.ozone.protocolPB.OzoneManagerRequestHandler.getOzoneFileStatus(OzoneManagerRequestHandler.java:933) ~[ozone-manager-1.4.0-SNAPSHOT.jar:?]
	at org.apache.hadoop.ozone.protocolPB.OzoneManagerRequestHandler.handleReadRequest(OzoneManagerRequestHandler.java:238) ~[ozone-manager-1.4.0-SNAPSHOT.jar:?]
	at org.apache.hadoop.ozone.protocolPB.OzoneManagerProtocolServerSideTranslatorPB.submitRequestDirectlyToOM(OzoneManagerProtocolServerSideTranslatorPB.java:271) ~[ozone-manager-1.4.0-SNAPSHOT.jar:?]
	at org.apache.hadoop.ozone.protocolPB.OzoneManagerProtocolServerSideTranslatorPB.processRequest(OzoneManagerProtocolServerSideTranslatorPB.java:173) ~[ozone-manager-1.4.0-SNAPSHOT.jar:?]
	at org.apache.hadoop.hdds.server.OzoneProtocolMessageDispatcher.processRequest(OzoneProtocolMessageDispatcher.java:87) [hdds-server-framework-1.4.0-SNAPSHOT.jar:?]
	at org.apache.hadoop.ozone.protocolPB.OzoneManagerProtocolServerSideTranslatorPB.submitRequest(OzoneManagerProtocolServerSideTranslatorPB.java:147) [ozone-manager-1.4.0-SNAPSHOT.jar:?]
	at org.apache.hadoop.ozone.protocol.proto.OzoneManagerProtocolProtos$OzoneManagerService$2.callBlockingMethod(OzoneManagerProtocolProtos.java) [ozone-interface-client-1.4.0-SNAPSHOT.jar:?]
	at org.apache.hadoop.ipc.ProtobufRpcEngine$Server.processCall(ProtobufRpcEngine.java:465) [hadoop-common-3.3.4.jar:?]
	at org.apache.hadoop.ipc.ProtobufRpcEngine2$Server$ProtoBufRpcInvoker.call(ProtobufRpcEngine2.java:578) [hadoop-common-3.3.4.jar:?]
	at org.apache.hadoop.ipc.ProtobufRpcEngine2$Server$ProtoBufRpcInvoker.call(ProtobufRpcEngine2.java:556) [hadoop-common-3.3.4.jar:?]
	at org.apache.hadoop.ipc.RPC$Server.call(RPC.java:1093) [hadoop-common-3.3.4.jar:?]
	at org.apache.hadoop.ipc.Server$RpcCall.run(Server.java:1043) [hadoop-common-3.3.4.jar:?]
	at org.apache.hadoop.ipc.Server$RpcCall.run(Server.java:971) [hadoop-common-3.3.4.jar:?]
	at java.security.AccessController.doPrivileged(Native Method) ~[?:1.8.0_362]
	at javax.security.auth.Subject.doAs(Subject.java:422) [?:1.8.0_362]
	at org.apache.hadoop.security.UserGroupInformation.doAs(UserGroupInformation.java:1878) [hadoop-common-3.3.4.jar:?]
	at org.apache.hadoop.ipc.Server$Handler.run(Server.java:2976) [hadoop-common-3.3.4.jar:?]
16:35:51.391 [IPC Server handler 11 on default port 38619] ERROR OMAudit - user=runner | ip=127.0.0.1 | op=GET_FILE_STATUS {volume=volume78724, bucket=bucket78568, key=testBatchDelete/parent, dataSize=0, replicationConfig=null} | ret=FAILURE
org.apache.hadoop.ozone.om.exceptions.OMException: Unable to get file status: volume: volume78724 bucket: bucket78568 key: testBatchDelete/parent
	at org.apache.hadoop.ozone.om.KeyManagerImpl.getOzoneFileStatus(KeyManagerImpl.java:1162) ~[ozone-manager-1.4.0-SNAPSHOT.jar:?]
	at org.apache.hadoop.ozone.om.KeyManagerImpl.getFileStatus(KeyManagerImpl.java:1080) ~[ozone-manager-1.4.0-SNAPSHOT.jar:?]
	at org.apache.hadoop.ozone.om.OmMetadataReader.getFileStatus(OmMetadataReader.java:288) ~[ozone-manager-1.4.0-SNAPSHOT.jar:?]
	at org.apache.hadoop.ozone.om.OzoneManager.getFileStatus(OzoneManager.java:3450) ~[ozone-manager-1.4.0-SNAPSHOT.jar:?]
	at org.apache.hadoop.ozone.protocolPB.OzoneManagerRequestHandler.getOzoneFileStatus(OzoneManagerRequestHandler.java:933) ~[ozone-manager-1.4.0-SNAPSHOT.jar:?]
	at org.apache.hadoop.ozone.protocolPB.OzoneManagerRequestHandler.handleReadRequest(OzoneManagerRequestHandler.java:238) ~[ozone-manager-1.4.0-SNAPSHOT.jar:?]
	at org.apache.hadoop.ozone.protocolPB.OzoneManagerProtocolServerSideTranslatorPB.submitRequestDirectlyToOM(OzoneManagerProtocolServerSideTranslatorPB.java:271) ~[ozone-manager-1.4.0-SNAPSHOT.jar:?]
	at org.apache.hadoop.ozone.protocolPB.OzoneManagerProtocolServerSideTranslatorPB.processRequest(OzoneManagerProtocolServerSideTranslatorPB.java:173) ~[ozone-manager-1.4.0-SNAPSHOT.jar:?]
	at org.apache.hadoop.hdds.server.OzoneProtocolMessageDispatcher.processRequest(OzoneProtocolMessageDispatcher.java:87) [hdds-server-framework-1.4.0-SNAPSHOT.jar:?]
	at org.apache.hadoop.ozone.protocolPB.OzoneManagerProtocolServerSideTranslatorPB.submitRequest(OzoneManagerProtocolServerSideTranslatorPB.java:147) [ozone-manager-1.4.0-SNAPSHOT.jar:?]
	at org.apache.hadoop.ozone.protocol.proto.OzoneManagerProtocolProtos$OzoneManagerService$2.callBlockingMethod(OzoneManagerProtocolProtos.java) [ozone-interface-client-1.4.0-SNAPSHOT.jar:?]
	at org.apache.hadoop.ipc.ProtobufRpcEngine$Server.processCall(ProtobufRpcEngine.java:465) [hadoop-common-3.3.4.jar:?]
	at org.apache.hadoop.ipc.ProtobufRpcEngine2$Server$ProtoBufRpcInvoker.call(ProtobufRpcEngine2.java:578) [hadoop-common-3.3.4.jar:?]
	at org.apache.hadoop.ipc.ProtobufRpcEngine2$Server$ProtoBufRpcInvoker.call(ProtobufRpcEngine2.java:556) [hadoop-common-3.3.4.jar:?]
	at org.apache.hadoop.ipc.RPC$Server.call(RPC.java:1093) [hadoop-common-3.3.4.jar:?]
	at org.apache.hadoop.ipc.Server$RpcCall.run(Server.java:1043) [hadoop-common-3.3.4.jar:?]
	at org.apache.hadoop.ipc.Server$RpcCall.run(Server.java:971) [hadoop-common-3.3.4.jar:?]
	at java.security.AccessController.doPrivileged(Native Method) ~[?:1.8.0_362]
	at javax.security.auth.Subject.doAs(Subject.java:422) [?:1.8.0_362]
	at org.apache.hadoop.security.UserGroupInformation.doAs(UserGroupInformation.java:1878) [hadoop-common-3.3.4.jar:?]
	at org.apache.hadoop.ipc.Server$Handler.run(Server.java:2976) [hadoop-common-3.3.4.jar:?]
2023-02-16 16:35:51,391 [Time-limited test] WARN  ozone.BasicOzoneFileSystem (BasicOzoneFileSystem.java:delete(559)) - delete: Path does not exist: /testBatchDelete/parent
]]></system-out>
  </testcase>
  <testcase name="testListStatusIteratorOnPageSize" classname="TestOzoneFileSystem" time="25.652">
    <system-out><![CDATA[2023-02-16 16:33:19,518 [Under Replicated Processor] INFO  replication.UnhealthyReplicationProcessor (UnhealthyReplicationProcessor.java:processAll(105)) - Processed 0 containers with health state counts {},failed processing 0
2023-02-16 16:33:19,536 [Over Replicated Processor] INFO  replication.UnhealthyReplicationProcessor (UnhealthyReplicationProcessor.java:processAll(105)) - Processed 0 containers with health state counts {},failed processing 0
]]></system-out>
  </testcase>
  <testcase name="testListStatusIteratorOnPageSize" classname="TestOzoneFileSystem" time="16.703">
    <system-out><![CDATA[2023-02-16 16:34:23,539 [Under Replicated Processor] INFO  replication.UnhealthyReplicationProcessor (UnhealthyReplicationProcessor.java:processAll(105)) - Processed 0 containers with health state counts {},failed processing 0
2023-02-16 16:34:23,541 [Over Replicated Processor] INFO  replication.UnhealthyReplicationProcessor (UnhealthyReplicationProcessor.java:processAll(105)) - Processed 0 containers with health state counts {},failed processing 0
]]></system-out>
  </testcase>
  <testcase name="testListStatusIteratorOnPageSize" classname="TestOzoneFileSystem" time="19.822">
    <system-out><![CDATA[2023-02-16 16:35:02,390 [JvmPauseMonitor13] WARN  util.JvmPauseMonitor (JvmPauseMonitor.java:detectPause(126)) - JvmPauseMonitor-3dc841f7-9461-45fb-be3e-f1a36e39d59a: Detected pause in JVM or host machine (eg GC): pause of approximately 148158249ns.
GC pool 'PS MarkSweep' had collection(s): count=1 time=231ms
GC pool 'PS Scavenge' had collection(s): count=1 time=139ms
2023-02-16 16:35:02,391 [JvmPauseMonitor14] WARN  util.JvmPauseMonitor (JvmPauseMonitor.java:detectPause(126)) - JvmPauseMonitor-54ea6ac5-9e66-44bc-9134-574226f2896d: Detected pause in JVM or host machine (eg GC): pause of approximately 315220015ns.
GC pool 'PS MarkSweep' had collection(s): count=1 time=231ms
GC pool 'PS Scavenge' had collection(s): count=1 time=139ms
2023-02-16 16:35:02,391 [JvmPauseMonitor11] WARN  util.JvmPauseMonitor (JvmPauseMonitor.java:detectPause(126)) - JvmPauseMonitor-om1: Detected pause in JVM or host machine (eg GC): pause of approximately 349928916ns.
GC pool 'PS MarkSweep' had collection(s): count=1 time=231ms
GC pool 'PS Scavenge' had collection(s): count=1 time=139ms
2023-02-16 16:35:11,707 [Over Replicated Processor] INFO  replication.UnhealthyReplicationProcessor (UnhealthyReplicationProcessor.java:processAll(105)) - Processed 0 containers with health state counts {},failed processing 0
2023-02-16 16:35:11,715 [Under Replicated Processor] INFO  replication.UnhealthyReplicationProcessor (UnhealthyReplicationProcessor.java:processAll(105)) - Processed 0 containers with health state counts {},failed processing 0
]]></system-out>
  </testcase>
  <testcase name="testListStatusIteratorOnPageSize" classname="TestOzoneFileSystem" time="12.5">
    <system-out><![CDATA[2023-02-16 16:36:03,088 [Under Replicated Processor] INFO  replication.UnhealthyReplicationProcessor (UnhealthyReplicationProcessor.java:processAll(105)) - Processed 0 containers with health state counts {},failed processing 0
2023-02-16 16:36:03,091 [Over Replicated Processor] INFO  replication.UnhealthyReplicationProcessor (UnhealthyReplicationProcessor.java:processAll(105)) - Processed 0 containers with health state counts {},failed processing 0
]]></system-out>
  </testcase>
  <testcase name="testRenameToTrashEnabled" classname="TestOzoneFileSystem" time="0.134">
    <system-out><![CDATA[16:33:39.422 [IPC Server handler 16 on default port 37073] ERROR OMAudit - user=runner | ip=127.0.0.1 | op=GET_FILE_STATUS {volume=volume28358, bucket=bucket39322, key=.Trash/runner/Current/testKey1, dataSize=0, replicationConfig=null} | ret=FAILURE
org.apache.hadoop.ozone.om.exceptions.OMException: Unable to get file status: volume: volume28358 bucket: bucket39322 key: .Trash/runner/Current/testKey1
	at org.apache.hadoop.ozone.om.KeyManagerImpl.getOzoneFileStatus(KeyManagerImpl.java:1162) ~[ozone-manager-1.4.0-SNAPSHOT.jar:?]
	at org.apache.hadoop.ozone.om.KeyManagerImpl.getFileStatus(KeyManagerImpl.java:1080) ~[ozone-manager-1.4.0-SNAPSHOT.jar:?]
	at org.apache.hadoop.ozone.om.OmMetadataReader.getFileStatus(OmMetadataReader.java:288) ~[ozone-manager-1.4.0-SNAPSHOT.jar:?]
	at org.apache.hadoop.ozone.om.OzoneManager.getFileStatus(OzoneManager.java:3450) ~[ozone-manager-1.4.0-SNAPSHOT.jar:?]
	at org.apache.hadoop.ozone.protocolPB.OzoneManagerRequestHandler.getOzoneFileStatus(OzoneManagerRequestHandler.java:933) ~[ozone-manager-1.4.0-SNAPSHOT.jar:?]
	at org.apache.hadoop.ozone.protocolPB.OzoneManagerRequestHandler.handleReadRequest(OzoneManagerRequestHandler.java:238) ~[ozone-manager-1.4.0-SNAPSHOT.jar:?]
	at org.apache.hadoop.ozone.protocolPB.OzoneManagerProtocolServerSideTranslatorPB.submitReadRequestToOM(OzoneManagerProtocolServerSideTranslatorPB.java:223) ~[ozone-manager-1.4.0-SNAPSHOT.jar:?]
	at org.apache.hadoop.ozone.protocolPB.OzoneManagerProtocolServerSideTranslatorPB.processRequest(OzoneManagerProtocolServerSideTranslatorPB.java:177) ~[ozone-manager-1.4.0-SNAPSHOT.jar:?]
	at org.apache.hadoop.hdds.server.OzoneProtocolMessageDispatcher.processRequest(OzoneProtocolMessageDispatcher.java:87) [hdds-server-framework-1.4.0-SNAPSHOT.jar:?]
	at org.apache.hadoop.ozone.protocolPB.OzoneManagerProtocolServerSideTranslatorPB.submitRequest(OzoneManagerProtocolServerSideTranslatorPB.java:147) [ozone-manager-1.4.0-SNAPSHOT.jar:?]
	at org.apache.hadoop.ozone.protocol.proto.OzoneManagerProtocolProtos$OzoneManagerService$2.callBlockingMethod(OzoneManagerProtocolProtos.java) [ozone-interface-client-1.4.0-SNAPSHOT.jar:?]
	at org.apache.hadoop.ipc.ProtobufRpcEngine$Server.processCall(ProtobufRpcEngine.java:465) [hadoop-common-3.3.4.jar:?]
	at org.apache.hadoop.ipc.ProtobufRpcEngine2$Server$ProtoBufRpcInvoker.call(ProtobufRpcEngine2.java:578) [hadoop-common-3.3.4.jar:?]
	at org.apache.hadoop.ipc.ProtobufRpcEngine2$Server$ProtoBufRpcInvoker.call(ProtobufRpcEngine2.java:556) [hadoop-common-3.3.4.jar:?]
	at org.apache.hadoop.ipc.RPC$Server.call(RPC.java:1093) [hadoop-common-3.3.4.jar:?]
	at org.apache.hadoop.ipc.Server$RpcCall.run(Server.java:1043) [hadoop-common-3.3.4.jar:?]
	at org.apache.hadoop.ipc.Server$RpcCall.run(Server.java:971) [hadoop-common-3.3.4.jar:?]
	at java.security.AccessController.doPrivileged(Native Method) ~[?:1.8.0_362]
	at javax.security.auth.Subject.doAs(Subject.java:422) [?:1.8.0_362]
	at org.apache.hadoop.security.UserGroupInformation.doAs(UserGroupInformation.java:1878) [hadoop-common-3.3.4.jar:?]
	at org.apache.hadoop.ipc.Server$Handler.run(Server.java:2976) [hadoop-common-3.3.4.jar:?]
16:33:39.426 [IPC Server handler 14 on default port 37073] ERROR OMAudit - user=runner | ip=127.0.0.1 | op=GET_FILE_STATUS {volume=volume28358, bucket=bucket39322, key=.Trash/runner/Current/testKey1, dataSize=0, replicationConfig=null} | ret=FAILURE
org.apache.hadoop.ozone.om.exceptions.OMException: Unable to get file status: volume: volume28358 bucket: bucket39322 key: .Trash/runner/Current/testKey1
	at org.apache.hadoop.ozone.om.KeyManagerImpl.getOzoneFileStatus(KeyManagerImpl.java:1162) ~[ozone-manager-1.4.0-SNAPSHOT.jar:?]
	at org.apache.hadoop.ozone.om.KeyManagerImpl.getFileStatus(KeyManagerImpl.java:1080) ~[ozone-manager-1.4.0-SNAPSHOT.jar:?]
	at org.apache.hadoop.ozone.om.OmMetadataReader.getFileStatus(OmMetadataReader.java:288) ~[ozone-manager-1.4.0-SNAPSHOT.jar:?]
	at org.apache.hadoop.ozone.om.OzoneManager.getFileStatus(OzoneManager.java:3450) ~[ozone-manager-1.4.0-SNAPSHOT.jar:?]
	at org.apache.hadoop.ozone.protocolPB.OzoneManagerRequestHandler.getOzoneFileStatus(OzoneManagerRequestHandler.java:933) ~[ozone-manager-1.4.0-SNAPSHOT.jar:?]
	at org.apache.hadoop.ozone.protocolPB.OzoneManagerRequestHandler.handleReadRequest(OzoneManagerRequestHandler.java:238) ~[ozone-manager-1.4.0-SNAPSHOT.jar:?]
	at org.apache.hadoop.ozone.protocolPB.OzoneManagerProtocolServerSideTranslatorPB.submitReadRequestToOM(OzoneManagerProtocolServerSideTranslatorPB.java:223) ~[ozone-manager-1.4.0-SNAPSHOT.jar:?]
	at org.apache.hadoop.ozone.protocolPB.OzoneManagerProtocolServerSideTranslatorPB.processRequest(OzoneManagerProtocolServerSideTranslatorPB.java:177) ~[ozone-manager-1.4.0-SNAPSHOT.jar:?]
	at org.apache.hadoop.hdds.server.OzoneProtocolMessageDispatcher.processRequest(OzoneProtocolMessageDispatcher.java:87) [hdds-server-framework-1.4.0-SNAPSHOT.jar:?]
	at org.apache.hadoop.ozone.protocolPB.OzoneManagerProtocolServerSideTranslatorPB.submitRequest(OzoneManagerProtocolServerSideTranslatorPB.java:147) [ozone-manager-1.4.0-SNAPSHOT.jar:?]
	at org.apache.hadoop.ozone.protocol.proto.OzoneManagerProtocolProtos$OzoneManagerService$2.callBlockingMethod(OzoneManagerProtocolProtos.java) [ozone-interface-client-1.4.0-SNAPSHOT.jar:?]
	at org.apache.hadoop.ipc.ProtobufRpcEngine$Server.processCall(ProtobufRpcEngine.java:465) [hadoop-common-3.3.4.jar:?]
	at org.apache.hadoop.ipc.ProtobufRpcEngine2$Server$ProtoBufRpcInvoker.call(ProtobufRpcEngine2.java:578) [hadoop-common-3.3.4.jar:?]
	at org.apache.hadoop.ipc.ProtobufRpcEngine2$Server$ProtoBufRpcInvoker.call(ProtobufRpcEngine2.java:556) [hadoop-common-3.3.4.jar:?]
	at org.apache.hadoop.ipc.RPC$Server.call(RPC.java:1093) [hadoop-common-3.3.4.jar:?]
	at org.apache.hadoop.ipc.Server$RpcCall.run(Server.java:1043) [hadoop-common-3.3.4.jar:?]
	at org.apache.hadoop.ipc.Server$RpcCall.run(Server.java:971) [hadoop-common-3.3.4.jar:?]
	at java.security.AccessController.doPrivileged(Native Method) ~[?:1.8.0_362]
	at javax.security.auth.Subject.doAs(Subject.java:422) [?:1.8.0_362]
	at org.apache.hadoop.security.UserGroupInformation.doAs(UserGroupInformation.java:1878) [hadoop-common-3.3.4.jar:?]
	at org.apache.hadoop.ipc.Server$Handler.run(Server.java:2976) [hadoop-common-3.3.4.jar:?]
2023-02-16 16:33:39,432 [Time-limited test] INFO  om.TrashPolicyOzone (TrashPolicyOzone.java:moveToTrash(209)) - Moved: '/testKey1' to trash at: /.Trash/runner/Current/testKey1
]]></system-out>
  </testcase>
  <testcase name="testRenameToTrashEnabled" classname="TestOzoneFileSystem" time="0.119">
    <system-out><![CDATA[16:34:30.067 [IPC Server handler 5 on default port 46781] ERROR OMAudit - user=runner | ip=127.0.0.1 | op=GET_FILE_STATUS {volume=volume76608, bucket=bucket25283, key=.Trash/runner/Current/testKey1, dataSize=0, replicationConfig=null} | ret=FAILURE
org.apache.hadoop.ozone.om.exceptions.OMException: Unable to get file status: volume: volume76608 bucket: bucket25283 key: .Trash/runner/Current/testKey1
	at org.apache.hadoop.ozone.om.KeyManagerImpl.getOzoneFileStatus(KeyManagerImpl.java:1162) ~[ozone-manager-1.4.0-SNAPSHOT.jar:?]
	at org.apache.hadoop.ozone.om.KeyManagerImpl.getFileStatus(KeyManagerImpl.java:1080) ~[ozone-manager-1.4.0-SNAPSHOT.jar:?]
	at org.apache.hadoop.ozone.om.OmMetadataReader.getFileStatus(OmMetadataReader.java:288) ~[ozone-manager-1.4.0-SNAPSHOT.jar:?]
	at org.apache.hadoop.ozone.om.OzoneManager.getFileStatus(OzoneManager.java:3450) ~[ozone-manager-1.4.0-SNAPSHOT.jar:?]
	at org.apache.hadoop.ozone.protocolPB.OzoneManagerRequestHandler.getOzoneFileStatus(OzoneManagerRequestHandler.java:933) ~[ozone-manager-1.4.0-SNAPSHOT.jar:?]
	at org.apache.hadoop.ozone.protocolPB.OzoneManagerRequestHandler.handleReadRequest(OzoneManagerRequestHandler.java:238) ~[ozone-manager-1.4.0-SNAPSHOT.jar:?]
	at org.apache.hadoop.ozone.protocolPB.OzoneManagerProtocolServerSideTranslatorPB.submitRequestDirectlyToOM(OzoneManagerProtocolServerSideTranslatorPB.java:271) ~[ozone-manager-1.4.0-SNAPSHOT.jar:?]
	at org.apache.hadoop.ozone.protocolPB.OzoneManagerProtocolServerSideTranslatorPB.processRequest(OzoneManagerProtocolServerSideTranslatorPB.java:173) ~[ozone-manager-1.4.0-SNAPSHOT.jar:?]
	at org.apache.hadoop.hdds.server.OzoneProtocolMessageDispatcher.processRequest(OzoneProtocolMessageDispatcher.java:87) [hdds-server-framework-1.4.0-SNAPSHOT.jar:?]
	at org.apache.hadoop.ozone.protocolPB.OzoneManagerProtocolServerSideTranslatorPB.submitRequest(OzoneManagerProtocolServerSideTranslatorPB.java:147) [ozone-manager-1.4.0-SNAPSHOT.jar:?]
	at org.apache.hadoop.ozone.protocol.proto.OzoneManagerProtocolProtos$OzoneManagerService$2.callBlockingMethod(OzoneManagerProtocolProtos.java) [ozone-interface-client-1.4.0-SNAPSHOT.jar:?]
	at org.apache.hadoop.ipc.ProtobufRpcEngine$Server.processCall(ProtobufRpcEngine.java:465) [hadoop-common-3.3.4.jar:?]
	at org.apache.hadoop.ipc.ProtobufRpcEngine2$Server$ProtoBufRpcInvoker.call(ProtobufRpcEngine2.java:578) [hadoop-common-3.3.4.jar:?]
	at org.apache.hadoop.ipc.ProtobufRpcEngine2$Server$ProtoBufRpcInvoker.call(ProtobufRpcEngine2.java:556) [hadoop-common-3.3.4.jar:?]
	at org.apache.hadoop.ipc.RPC$Server.call(RPC.java:1093) [hadoop-common-3.3.4.jar:?]
	at org.apache.hadoop.ipc.Server$RpcCall.run(Server.java:1043) [hadoop-common-3.3.4.jar:?]
	at org.apache.hadoop.ipc.Server$RpcCall.run(Server.java:971) [hadoop-common-3.3.4.jar:?]
	at java.security.AccessController.doPrivileged(Native Method) ~[?:1.8.0_362]
	at javax.security.auth.Subject.doAs(Subject.java:422) [?:1.8.0_362]
	at org.apache.hadoop.security.UserGroupInformation.doAs(UserGroupInformation.java:1878) [hadoop-common-3.3.4.jar:?]
	at org.apache.hadoop.ipc.Server$Handler.run(Server.java:2976) [hadoop-common-3.3.4.jar:?]
16:34:30.070 [IPC Server handler 2 on default port 46781] ERROR OMAudit - user=runner | ip=127.0.0.1 | op=GET_FILE_STATUS {volume=volume76608, bucket=bucket25283, key=.Trash/runner/Current/testKey1, dataSize=0, replicationConfig=null} | ret=FAILURE
org.apache.hadoop.ozone.om.exceptions.OMException: Unable to get file status: volume: volume76608 bucket: bucket25283 key: .Trash/runner/Current/testKey1
	at org.apache.hadoop.ozone.om.KeyManagerImpl.getOzoneFileStatus(KeyManagerImpl.java:1162) ~[ozone-manager-1.4.0-SNAPSHOT.jar:?]
	at org.apache.hadoop.ozone.om.KeyManagerImpl.getFileStatus(KeyManagerImpl.java:1080) ~[ozone-manager-1.4.0-SNAPSHOT.jar:?]
	at org.apache.hadoop.ozone.om.OmMetadataReader.getFileStatus(OmMetadataReader.java:288) ~[ozone-manager-1.4.0-SNAPSHOT.jar:?]
	at org.apache.hadoop.ozone.om.OzoneManager.getFileStatus(OzoneManager.java:3450) ~[ozone-manager-1.4.0-SNAPSHOT.jar:?]
	at org.apache.hadoop.ozone.protocolPB.OzoneManagerRequestHandler.getOzoneFileStatus(OzoneManagerRequestHandler.java:933) ~[ozone-manager-1.4.0-SNAPSHOT.jar:?]
	at org.apache.hadoop.ozone.protocolPB.OzoneManagerRequestHandler.handleReadRequest(OzoneManagerRequestHandler.java:238) ~[ozone-manager-1.4.0-SNAPSHOT.jar:?]
	at org.apache.hadoop.ozone.protocolPB.OzoneManagerProtocolServerSideTranslatorPB.submitRequestDirectlyToOM(OzoneManagerProtocolServerSideTranslatorPB.java:271) ~[ozone-manager-1.4.0-SNAPSHOT.jar:?]
	at org.apache.hadoop.ozone.protocolPB.OzoneManagerProtocolServerSideTranslatorPB.processRequest(OzoneManagerProtocolServerSideTranslatorPB.java:173) ~[ozone-manager-1.4.0-SNAPSHOT.jar:?]
	at org.apache.hadoop.hdds.server.OzoneProtocolMessageDispatcher.processRequest(OzoneProtocolMessageDispatcher.java:87) [hdds-server-framework-1.4.0-SNAPSHOT.jar:?]
	at org.apache.hadoop.ozone.protocolPB.OzoneManagerProtocolServerSideTranslatorPB.submitRequest(OzoneManagerProtocolServerSideTranslatorPB.java:147) [ozone-manager-1.4.0-SNAPSHOT.jar:?]
	at org.apache.hadoop.ozone.protocol.proto.OzoneManagerProtocolProtos$OzoneManagerService$2.callBlockingMethod(OzoneManagerProtocolProtos.java) [ozone-interface-client-1.4.0-SNAPSHOT.jar:?]
	at org.apache.hadoop.ipc.ProtobufRpcEngine$Server.processCall(ProtobufRpcEngine.java:465) [hadoop-common-3.3.4.jar:?]
	at org.apache.hadoop.ipc.ProtobufRpcEngine2$Server$ProtoBufRpcInvoker.call(ProtobufRpcEngine2.java:578) [hadoop-common-3.3.4.jar:?]
	at org.apache.hadoop.ipc.ProtobufRpcEngine2$Server$ProtoBufRpcInvoker.call(ProtobufRpcEngine2.java:556) [hadoop-common-3.3.4.jar:?]
	at org.apache.hadoop.ipc.RPC$Server.call(RPC.java:1093) [hadoop-common-3.3.4.jar:?]
	at org.apache.hadoop.ipc.Server$RpcCall.run(Server.java:1043) [hadoop-common-3.3.4.jar:?]
	at org.apache.hadoop.ipc.Server$RpcCall.run(Server.java:971) [hadoop-common-3.3.4.jar:?]
	at java.security.AccessController.doPrivileged(Native Method) ~[?:1.8.0_362]
	at javax.security.auth.Subject.doAs(Subject.java:422) [?:1.8.0_362]
	at org.apache.hadoop.security.UserGroupInformation.doAs(UserGroupInformation.java:1878) [hadoop-common-3.3.4.jar:?]
	at org.apache.hadoop.ipc.Server$Handler.run(Server.java:2976) [hadoop-common-3.3.4.jar:?]
2023-02-16 16:34:30,076 [Time-limited test] INFO  om.TrashPolicyOzone (TrashPolicyOzone.java:moveToTrash(209)) - Moved: '/testKey1' to trash at: /.Trash/runner/Current/testKey1
]]></system-out>
  </testcase>
  <testcase name="testRenameToTrashEnabled" classname="TestOzoneFileSystem" time="0.108">
    <system-out><![CDATA[16:35:20.377 [IPC Server handler 2 on default port 44851] ERROR OMAudit - user=runner | ip=127.0.0.1 | op=GET_FILE_STATUS {volume=volume35667, bucket=bucket27185, key=.Trash/runner/Current/testKey1, dataSize=0, replicationConfig=null} | ret=FAILURE
org.apache.hadoop.ozone.om.exceptions.OMException: Unable to get file status: volume: volume35667 bucket: bucket27185 key: .Trash/runner/Current/testKey1
	at org.apache.hadoop.ozone.om.KeyManagerImpl.getOzoneFileStatus(KeyManagerImpl.java:1162) ~[ozone-manager-1.4.0-SNAPSHOT.jar:?]
	at org.apache.hadoop.ozone.om.KeyManagerImpl.getFileStatus(KeyManagerImpl.java:1080) ~[ozone-manager-1.4.0-SNAPSHOT.jar:?]
	at org.apache.hadoop.ozone.om.OmMetadataReader.getFileStatus(OmMetadataReader.java:288) ~[ozone-manager-1.4.0-SNAPSHOT.jar:?]
	at org.apache.hadoop.ozone.om.OzoneManager.getFileStatus(OzoneManager.java:3450) ~[ozone-manager-1.4.0-SNAPSHOT.jar:?]
	at org.apache.hadoop.ozone.protocolPB.OzoneManagerRequestHandler.getOzoneFileStatus(OzoneManagerRequestHandler.java:933) ~[ozone-manager-1.4.0-SNAPSHOT.jar:?]
	at org.apache.hadoop.ozone.protocolPB.OzoneManagerRequestHandler.handleReadRequest(OzoneManagerRequestHandler.java:238) ~[ozone-manager-1.4.0-SNAPSHOT.jar:?]
	at org.apache.hadoop.ozone.protocolPB.OzoneManagerProtocolServerSideTranslatorPB.submitReadRequestToOM(OzoneManagerProtocolServerSideTranslatorPB.java:223) ~[ozone-manager-1.4.0-SNAPSHOT.jar:?]
	at org.apache.hadoop.ozone.protocolPB.OzoneManagerProtocolServerSideTranslatorPB.processRequest(OzoneManagerProtocolServerSideTranslatorPB.java:177) ~[ozone-manager-1.4.0-SNAPSHOT.jar:?]
	at org.apache.hadoop.hdds.server.OzoneProtocolMessageDispatcher.processRequest(OzoneProtocolMessageDispatcher.java:87) [hdds-server-framework-1.4.0-SNAPSHOT.jar:?]
	at org.apache.hadoop.ozone.protocolPB.OzoneManagerProtocolServerSideTranslatorPB.submitRequest(OzoneManagerProtocolServerSideTranslatorPB.java:147) [ozone-manager-1.4.0-SNAPSHOT.jar:?]
	at org.apache.hadoop.ozone.protocol.proto.OzoneManagerProtocolProtos$OzoneManagerService$2.callBlockingMethod(OzoneManagerProtocolProtos.java) [ozone-interface-client-1.4.0-SNAPSHOT.jar:?]
	at org.apache.hadoop.ipc.ProtobufRpcEngine$Server.processCall(ProtobufRpcEngine.java:465) [hadoop-common-3.3.4.jar:?]
	at org.apache.hadoop.ipc.ProtobufRpcEngine2$Server$ProtoBufRpcInvoker.call(ProtobufRpcEngine2.java:578) [hadoop-common-3.3.4.jar:?]
	at org.apache.hadoop.ipc.ProtobufRpcEngine2$Server$ProtoBufRpcInvoker.call(ProtobufRpcEngine2.java:556) [hadoop-common-3.3.4.jar:?]
	at org.apache.hadoop.ipc.RPC$Server.call(RPC.java:1093) [hadoop-common-3.3.4.jar:?]
	at org.apache.hadoop.ipc.Server$RpcCall.run(Server.java:1043) [hadoop-common-3.3.4.jar:?]
	at org.apache.hadoop.ipc.Server$RpcCall.run(Server.java:971) [hadoop-common-3.3.4.jar:?]
	at java.security.AccessController.doPrivileged(Native Method) ~[?:1.8.0_362]
	at javax.security.auth.Subject.doAs(Subject.java:422) [?:1.8.0_362]
	at org.apache.hadoop.security.UserGroupInformation.doAs(UserGroupInformation.java:1878) [hadoop-common-3.3.4.jar:?]
	at org.apache.hadoop.ipc.Server$Handler.run(Server.java:2976) [hadoop-common-3.3.4.jar:?]
16:35:20.380 [IPC Server handler 3 on default port 44851] ERROR OMAudit - user=runner | ip=127.0.0.1 | op=GET_FILE_STATUS {volume=volume35667, bucket=bucket27185, key=.Trash/runner/Current/testKey1, dataSize=0, replicationConfig=null} | ret=FAILURE
org.apache.hadoop.ozone.om.exceptions.OMException: Unable to get file status: volume: volume35667 bucket: bucket27185 key: .Trash/runner/Current/testKey1
	at org.apache.hadoop.ozone.om.KeyManagerImpl.getOzoneFileStatus(KeyManagerImpl.java:1162) ~[ozone-manager-1.4.0-SNAPSHOT.jar:?]
	at org.apache.hadoop.ozone.om.KeyManagerImpl.getFileStatus(KeyManagerImpl.java:1080) ~[ozone-manager-1.4.0-SNAPSHOT.jar:?]
	at org.apache.hadoop.ozone.om.OmMetadataReader.getFileStatus(OmMetadataReader.java:288) ~[ozone-manager-1.4.0-SNAPSHOT.jar:?]
	at org.apache.hadoop.ozone.om.OzoneManager.getFileStatus(OzoneManager.java:3450) ~[ozone-manager-1.4.0-SNAPSHOT.jar:?]
	at org.apache.hadoop.ozone.protocolPB.OzoneManagerRequestHandler.getOzoneFileStatus(OzoneManagerRequestHandler.java:933) ~[ozone-manager-1.4.0-SNAPSHOT.jar:?]
	at org.apache.hadoop.ozone.protocolPB.OzoneManagerRequestHandler.handleReadRequest(OzoneManagerRequestHandler.java:238) ~[ozone-manager-1.4.0-SNAPSHOT.jar:?]
	at org.apache.hadoop.ozone.protocolPB.OzoneManagerProtocolServerSideTranslatorPB.submitReadRequestToOM(OzoneManagerProtocolServerSideTranslatorPB.java:223) ~[ozone-manager-1.4.0-SNAPSHOT.jar:?]
	at org.apache.hadoop.ozone.protocolPB.OzoneManagerProtocolServerSideTranslatorPB.processRequest(OzoneManagerProtocolServerSideTranslatorPB.java:177) ~[ozone-manager-1.4.0-SNAPSHOT.jar:?]
	at org.apache.hadoop.hdds.server.OzoneProtocolMessageDispatcher.processRequest(OzoneProtocolMessageDispatcher.java:87) [hdds-server-framework-1.4.0-SNAPSHOT.jar:?]
	at org.apache.hadoop.ozone.protocolPB.OzoneManagerProtocolServerSideTranslatorPB.submitRequest(OzoneManagerProtocolServerSideTranslatorPB.java:147) [ozone-manager-1.4.0-SNAPSHOT.jar:?]
	at org.apache.hadoop.ozone.protocol.proto.OzoneManagerProtocolProtos$OzoneManagerService$2.callBlockingMethod(OzoneManagerProtocolProtos.java) [ozone-interface-client-1.4.0-SNAPSHOT.jar:?]
	at org.apache.hadoop.ipc.ProtobufRpcEngine$Server.processCall(ProtobufRpcEngine.java:465) [hadoop-common-3.3.4.jar:?]
	at org.apache.hadoop.ipc.ProtobufRpcEngine2$Server$ProtoBufRpcInvoker.call(ProtobufRpcEngine2.java:578) [hadoop-common-3.3.4.jar:?]
	at org.apache.hadoop.ipc.ProtobufRpcEngine2$Server$ProtoBufRpcInvoker.call(ProtobufRpcEngine2.java:556) [hadoop-common-3.3.4.jar:?]
	at org.apache.hadoop.ipc.RPC$Server.call(RPC.java:1093) [hadoop-common-3.3.4.jar:?]
	at org.apache.hadoop.ipc.Server$RpcCall.run(Server.java:1043) [hadoop-common-3.3.4.jar:?]
	at org.apache.hadoop.ipc.Server$RpcCall.run(Server.java:971) [hadoop-common-3.3.4.jar:?]
	at java.security.AccessController.doPrivileged(Native Method) ~[?:1.8.0_362]
	at javax.security.auth.Subject.doAs(Subject.java:422) [?:1.8.0_362]
	at org.apache.hadoop.security.UserGroupInformation.doAs(UserGroupInformation.java:1878) [hadoop-common-3.3.4.jar:?]
	at org.apache.hadoop.ipc.Server$Handler.run(Server.java:2976) [hadoop-common-3.3.4.jar:?]
2023-02-16 16:35:20,386 [Time-limited test] INFO  om.TrashPolicyOzone (TrashPolicyOzone.java:moveToTrash(209)) - Moved: '/testKey1' to trash at: /.Trash/runner/Current/testKey1
]]></system-out>
  </testcase>
  <testcase name="testRenameToTrashEnabled" classname="TestOzoneFileSystem" time="0.087">
    <system-out><![CDATA[16:36:03.962 [IPC Server handler 13 on default port 38619] ERROR OMAudit - user=runner | ip=127.0.0.1 | op=GET_FILE_STATUS {volume=volume78724, bucket=bucket78568, key=.Trash/runner/Current/testKey1, dataSize=0, replicationConfig=null} | ret=FAILURE
org.apache.hadoop.ozone.om.exceptions.OMException: Unable to get file status: volume: volume78724 bucket: bucket78568 key: .Trash/runner/Current/testKey1
	at org.apache.hadoop.ozone.om.KeyManagerImpl.getOzoneFileStatus(KeyManagerImpl.java:1162) ~[ozone-manager-1.4.0-SNAPSHOT.jar:?]
	at org.apache.hadoop.ozone.om.KeyManagerImpl.getFileStatus(KeyManagerImpl.java:1080) ~[ozone-manager-1.4.0-SNAPSHOT.jar:?]
	at org.apache.hadoop.ozone.om.OmMetadataReader.getFileStatus(OmMetadataReader.java:288) ~[ozone-manager-1.4.0-SNAPSHOT.jar:?]
	at org.apache.hadoop.ozone.om.OzoneManager.getFileStatus(OzoneManager.java:3450) ~[ozone-manager-1.4.0-SNAPSHOT.jar:?]
	at org.apache.hadoop.ozone.protocolPB.OzoneManagerRequestHandler.getOzoneFileStatus(OzoneManagerRequestHandler.java:933) ~[ozone-manager-1.4.0-SNAPSHOT.jar:?]
	at org.apache.hadoop.ozone.protocolPB.OzoneManagerRequestHandler.handleReadRequest(OzoneManagerRequestHandler.java:238) ~[ozone-manager-1.4.0-SNAPSHOT.jar:?]
	at org.apache.hadoop.ozone.protocolPB.OzoneManagerProtocolServerSideTranslatorPB.submitRequestDirectlyToOM(OzoneManagerProtocolServerSideTranslatorPB.java:271) ~[ozone-manager-1.4.0-SNAPSHOT.jar:?]
	at org.apache.hadoop.ozone.protocolPB.OzoneManagerProtocolServerSideTranslatorPB.processRequest(OzoneManagerProtocolServerSideTranslatorPB.java:173) ~[ozone-manager-1.4.0-SNAPSHOT.jar:?]
	at org.apache.hadoop.hdds.server.OzoneProtocolMessageDispatcher.processRequest(OzoneProtocolMessageDispatcher.java:87) [hdds-server-framework-1.4.0-SNAPSHOT.jar:?]
	at org.apache.hadoop.ozone.protocolPB.OzoneManagerProtocolServerSideTranslatorPB.submitRequest(OzoneManagerProtocolServerSideTranslatorPB.java:147) [ozone-manager-1.4.0-SNAPSHOT.jar:?]
	at org.apache.hadoop.ozone.protocol.proto.OzoneManagerProtocolProtos$OzoneManagerService$2.callBlockingMethod(OzoneManagerProtocolProtos.java) [ozone-interface-client-1.4.0-SNAPSHOT.jar:?]
	at org.apache.hadoop.ipc.ProtobufRpcEngine$Server.processCall(ProtobufRpcEngine.java:465) [hadoop-common-3.3.4.jar:?]
	at org.apache.hadoop.ipc.ProtobufRpcEngine2$Server$ProtoBufRpcInvoker.call(ProtobufRpcEngine2.java:578) [hadoop-common-3.3.4.jar:?]
	at org.apache.hadoop.ipc.ProtobufRpcEngine2$Server$ProtoBufRpcInvoker.call(ProtobufRpcEngine2.java:556) [hadoop-common-3.3.4.jar:?]
	at org.apache.hadoop.ipc.RPC$Server.call(RPC.java:1093) [hadoop-common-3.3.4.jar:?]
	at org.apache.hadoop.ipc.Server$RpcCall.run(Server.java:1043) [hadoop-common-3.3.4.jar:?]
	at org.apache.hadoop.ipc.Server$RpcCall.run(Server.java:971) [hadoop-common-3.3.4.jar:?]
	at java.security.AccessController.doPrivileged(Native Method) ~[?:1.8.0_362]
	at javax.security.auth.Subject.doAs(Subject.java:422) [?:1.8.0_362]
	at org.apache.hadoop.security.UserGroupInformation.doAs(UserGroupInformation.java:1878) [hadoop-common-3.3.4.jar:?]
	at org.apache.hadoop.ipc.Server$Handler.run(Server.java:2976) [hadoop-common-3.3.4.jar:?]
16:36:03.965 [IPC Server handler 15 on default port 38619] ERROR OMAudit - user=runner | ip=127.0.0.1 | op=GET_FILE_STATUS {volume=volume78724, bucket=bucket78568, key=.Trash/runner/Current/testKey1, dataSize=0, replicationConfig=null} | ret=FAILURE
org.apache.hadoop.ozone.om.exceptions.OMException: Unable to get file status: volume: volume78724 bucket: bucket78568 key: .Trash/runner/Current/testKey1
	at org.apache.hadoop.ozone.om.KeyManagerImpl.getOzoneFileStatus(KeyManagerImpl.java:1162) ~[ozone-manager-1.4.0-SNAPSHOT.jar:?]
	at org.apache.hadoop.ozone.om.KeyManagerImpl.getFileStatus(KeyManagerImpl.java:1080) ~[ozone-manager-1.4.0-SNAPSHOT.jar:?]
	at org.apache.hadoop.ozone.om.OmMetadataReader.getFileStatus(OmMetadataReader.java:288) ~[ozone-manager-1.4.0-SNAPSHOT.jar:?]
	at org.apache.hadoop.ozone.om.OzoneManager.getFileStatus(OzoneManager.java:3450) ~[ozone-manager-1.4.0-SNAPSHOT.jar:?]
	at org.apache.hadoop.ozone.protocolPB.OzoneManagerRequestHandler.getOzoneFileStatus(OzoneManagerRequestHandler.java:933) ~[ozone-manager-1.4.0-SNAPSHOT.jar:?]
	at org.apache.hadoop.ozone.protocolPB.OzoneManagerRequestHandler.handleReadRequest(OzoneManagerRequestHandler.java:238) ~[ozone-manager-1.4.0-SNAPSHOT.jar:?]
	at org.apache.hadoop.ozone.protocolPB.OzoneManagerProtocolServerSideTranslatorPB.submitRequestDirectlyToOM(OzoneManagerProtocolServerSideTranslatorPB.java:271) ~[ozone-manager-1.4.0-SNAPSHOT.jar:?]
	at org.apache.hadoop.ozone.protocolPB.OzoneManagerProtocolServerSideTranslatorPB.processRequest(OzoneManagerProtocolServerSideTranslatorPB.java:173) ~[ozone-manager-1.4.0-SNAPSHOT.jar:?]
	at org.apache.hadoop.hdds.server.OzoneProtocolMessageDispatcher.processRequest(OzoneProtocolMessageDispatcher.java:87) [hdds-server-framework-1.4.0-SNAPSHOT.jar:?]
	at org.apache.hadoop.ozone.protocolPB.OzoneManagerProtocolServerSideTranslatorPB.submitRequest(OzoneManagerProtocolServerSideTranslatorPB.java:147) [ozone-manager-1.4.0-SNAPSHOT.jar:?]
	at org.apache.hadoop.ozone.protocol.proto.OzoneManagerProtocolProtos$OzoneManagerService$2.callBlockingMethod(OzoneManagerProtocolProtos.java) [ozone-interface-client-1.4.0-SNAPSHOT.jar:?]
	at org.apache.hadoop.ipc.ProtobufRpcEngine$Server.processCall(ProtobufRpcEngine.java:465) [hadoop-common-3.3.4.jar:?]
	at org.apache.hadoop.ipc.ProtobufRpcEngine2$Server$ProtoBufRpcInvoker.call(ProtobufRpcEngine2.java:578) [hadoop-common-3.3.4.jar:?]
	at org.apache.hadoop.ipc.ProtobufRpcEngine2$Server$ProtoBufRpcInvoker.call(ProtobufRpcEngine2.java:556) [hadoop-common-3.3.4.jar:?]
	at org.apache.hadoop.ipc.RPC$Server.call(RPC.java:1093) [hadoop-common-3.3.4.jar:?]
	at org.apache.hadoop.ipc.Server$RpcCall.run(Server.java:1043) [hadoop-common-3.3.4.jar:?]
	at org.apache.hadoop.ipc.Server$RpcCall.run(Server.java:971) [hadoop-common-3.3.4.jar:?]
	at java.security.AccessController.doPrivileged(Native Method) ~[?:1.8.0_362]
	at javax.security.auth.Subject.doAs(Subject.java:422) [?:1.8.0_362]
	at org.apache.hadoop.security.UserGroupInformation.doAs(UserGroupInformation.java:1878) [hadoop-common-3.3.4.jar:?]
	at org.apache.hadoop.ipc.Server$Handler.run(Server.java:2976) [hadoop-common-3.3.4.jar:?]
2023-02-16 16:36:03,970 [Time-limited test] INFO  om.TrashPolicyOzone (TrashPolicyOzone.java:moveToTrash(209)) - Moved: '/testKey1' to trash at: /.Trash/runner/Current/testKey1
]]></system-out>
  </testcase>
  <testcase name="testListStatusWithIntermediateDir" classname="TestOzoneFileSystem" time="0.04">
    <system-out><![CDATA[2023-02-16 16:33:39,462 [IPC Server handler 0 on default port 40501] INFO  pipeline.PipelineStateManagerImpl (PipelineStateManagerImpl.java:addPipeline(103)) - Created pipeline Pipeline[ Id: 0c9e11b4-14db-41c0-82e5-daf70395681e, Nodes: 875a4540-f234-4f63-9940-381f2b020420(fv-az167-289.21ktoceh2wee5fewwtpg1zd01g.bx.internal.cloudapp.net/10.1.0.66), ReplicationConfig: STANDALONE/ONE, State:OPEN, leaderId:, CreationTimestamp2023-02-16T16:33:39.461Z[Etc/UTC]].
2023-02-16 16:33:39,468 [OM StateMachine ApplyTransaction Thread - 0] INFO  key.OMKeyRequest (OMKeyRequest.java:wrapUncommittedBlocksAsPseudoKey(837)) - Detect allocated but uncommitted blocks [{blockID={containerID=8, localID=111677748019200057}, length=4194304, offset=0, token=null, pipeline=null, createVersion=0, partNumber=0}] in key object-dir/object-name.
]]></system-out>
  </testcase>
  <testcase name="testListStatusWithIntermediateDir" classname="TestOzoneFileSystem" time="0.037">
    <system-out><![CDATA[2023-02-16 16:34:30,100 [IPC Server handler 9 on default port 37173] INFO  pipeline.PipelineStateManagerImpl (PipelineStateManagerImpl.java:addPipeline(103)) - Created pipeline Pipeline[ Id: 9510d589-dcb1-4949-8ba0-88b5b0ef5a60, Nodes: 22be8fd8-b8c6-40ff-8f14-846d94d7e632(fv-az167-289.21ktoceh2wee5fewwtpg1zd01g.bx.internal.cloudapp.net/10.1.0.66), ReplicationConfig: STANDALONE/ONE, State:OPEN, leaderId:, CreationTimestamp2023-02-16T16:34:30.099Z[Etc/UTC]].
2023-02-16 16:34:30,107 [IPC Server handler 9 on default port 46781] INFO  key.OMKeyRequest (OMKeyRequest.java:wrapUncommittedBlocksAsPseudoKey(837)) - Detect allocated but uncommitted blocks [{blockID={containerID=8, localID=111677748019200057}, length=4194304, offset=0, token=null, pipeline=null, createVersion=0, partNumber=0}] in key object-dir/object-name.
]]></system-out>
  </testcase>
  <testcase name="testListStatusWithIntermediateDir" classname="TestOzoneFileSystem" time="0.032">
    <system-out><![CDATA[2023-02-16 16:35:20,408 [IPC Server handler 1 on default port 46717] INFO  pipeline.PipelineStateManagerImpl (PipelineStateManagerImpl.java:addPipeline(103)) - Created pipeline Pipeline[ Id: 0c4fcf24-9768-42c9-894e-5f438997db49, Nodes: f7941fd0-d868-43e3-a82b-129e07895457(fv-az167-289.21ktoceh2wee5fewwtpg1zd01g.bx.internal.cloudapp.net/10.1.0.66), ReplicationConfig: STANDALONE/ONE, State:OPEN, leaderId:, CreationTimestamp2023-02-16T16:35:20.407Z[Etc/UTC]].
2023-02-16 16:35:20,412 [OM StateMachine ApplyTransaction Thread - 0] INFO  key.OMKeyRequest (OMKeyRequest.java:wrapUncommittedBlocksAsPseudoKey(837)) - Detect allocated but uncommitted blocks [{blockID={containerID=8, localID=111677748019200057}, length=4194304, offset=0, token=null, pipeline=null, createVersion=0, partNumber=0}] in key object-dir/object-name.
]]></system-out>
  </testcase>
  <testcase name="testListStatusWithIntermediateDir" classname="TestOzoneFileSystem" time="0.025">
    <system-out><![CDATA[2023-02-16 16:36:03,987 [IPC Server handler 0 on default port 32907] INFO  pipeline.PipelineStateManagerImpl (PipelineStateManagerImpl.java:addPipeline(103)) - Created pipeline Pipeline[ Id: 20e7612a-0f2a-4a86-8c79-ad8bfd974e1d, Nodes: 00740072-767d-495a-9267-65b6e3e6d7e7(fv-az167-289.21ktoceh2wee5fewwtpg1zd01g.bx.internal.cloudapp.net/10.1.0.66), ReplicationConfig: STANDALONE/ONE, State:OPEN, leaderId:, CreationTimestamp2023-02-16T16:36:03.986Z[Etc/UTC]].
2023-02-16 16:36:03,990 [IPC Server handler 9 on default port 38619] INFO  key.OMKeyRequest (OMKeyRequest.java:wrapUncommittedBlocksAsPseudoKey(837)) - Detect allocated but uncommitted blocks [{blockID={containerID=8, localID=111677748019200057}, length=4194304, offset=0, token=null, pipeline=null, createVersion=0, partNumber=0}] in key object-dir/object-name.
]]></system-out>
  </testcase>
  <testcase name="testRenameSourceAndDestinAreSame" classname="TestOzoneFileSystem" time="0.019">
    <system-out><![CDATA[2023-02-16 16:33:39,494 [OM StateMachine ApplyTransaction Thread - 0] INFO  key.OMKeyRequest (OMKeyRequest.java:wrapUncommittedBlocksAsPseudoKey(837)) - Detect allocated but uncommitted blocks [{blockID={containerID=4, localID=111677748019200058}, length=4194304, offset=0, token=null, pipeline=null, createVersion=0, partNumber=0}] in key root/dir1/dir2/file1.
]]></system-out>
  </testcase>
  <testcase name="testRenameSourceAndDestinAreSame" classname="TestOzoneFileSystem" time="0.014">
    <system-out><![CDATA[2023-02-16 16:34:30,129 [IPC Server handler 18 on default port 46781] INFO  key.OMKeyRequest (OMKeyRequest.java:wrapUncommittedBlocksAsPseudoKey(837)) - Detect allocated but uncommitted blocks [{blockID={containerID=1, localID=111677748019200058}, length=4194304, offset=0, token=null, pipeline=null, createVersion=0, partNumber=0}] in key root/dir1/dir2/file1.
]]></system-out>
  </testcase>
  <testcase name="testRenameSourceAndDestinAreSame" classname="TestOzoneFileSystem" time="0.018">
    <system-out><![CDATA[2023-02-16 16:35:20,438 [OM StateMachine ApplyTransaction Thread - 0] INFO  key.OMKeyRequest (OMKeyRequest.java:wrapUncommittedBlocksAsPseudoKey(837)) - Detect allocated but uncommitted blocks [{blockID={containerID=1, localID=111677748019200058}, length=4194304, offset=0, token=null, pipeline=null, createVersion=0, partNumber=0}] in key root/dir1/dir2/file1.
]]></system-out>
  </testcase>
  <testcase name="testRenameSourceAndDestinAreSame" classname="TestOzoneFileSystem" time="0.012">
    <system-out><![CDATA[2023-02-16 16:36:04,008 [IPC Server handler 16 on default port 38619] INFO  key.OMKeyRequest (OMKeyRequest.java:wrapUncommittedBlocksAsPseudoKey(837)) - Detect allocated but uncommitted blocks [{blockID={containerID=4, localID=111677748019200058}, length=4194304, offset=0, token=null, pipeline=null, createVersion=0, partNumber=0}] in key root/dir1/dir2/file1.
]]></system-out>
  </testcase>
  <testcase name="testListStatusIteratorWithDir" classname="TestOzoneFileSystem" time="0.048">
    <system-out><![CDATA[2023-02-16 16:33:39,517 [OM StateMachine ApplyTransaction Thread - 0] INFO  key.OMKeyRequest (OMKeyRequest.java:wrapUncommittedBlocksAsPseudoKey(837)) - Detect allocated but uncommitted blocks [{blockID={containerID=1, localID=111677748019200059}, length=4194304, offset=0, token=null, pipeline=null, createVersion=0, partNumber=0}] in key testListStatus/key1.
2023-02-16 16:33:39,521 [OM StateMachine ApplyTransaction Thread - 0] INFO  key.OMKeyRequest (OMKeyRequest.java:wrapUncommittedBlocksAsPseudoKey(837)) - Detect allocated but uncommitted blocks [{blockID={containerID=3, localID=111677748019200060}, length=4194304, offset=0, token=null, pipeline=null, createVersion=0, partNumber=0}] in key testListStatus/key2.
2023-02-16 16:33:39,531 [OM StateMachine ApplyTransaction Thread - 0] INFO  key.OMKeyRequest (OMKeyRequest.java:wrapUncommittedBlocksAsPseudoKey(837)) - Detect allocated but uncommitted blocks [{blockID={containerID=2, localID=111677748019200061}, length=4194304, offset=0, token=null, pipeline=null, createVersion=0, partNumber=0}] in key testListStatus/dir1/key3.
2023-02-16 16:33:39,536 [OM StateMachine ApplyTransaction Thread - 0] INFO  key.OMKeyRequest (OMKeyRequest.java:wrapUncommittedBlocksAsPseudoKey(837)) - Detect allocated but uncommitted blocks [{blockID={containerID=1, localID=111677748019200062}, length=4194304, offset=0, token=null, pipeline=null, createVersion=0, partNumber=0}] in key testListStatus/dir1/key4.
]]></system-out>
  </testcase>
  <testcase name="testListStatusIteratorWithDir" classname="TestOzoneFileSystem" time="0.04">
    <system-out><![CDATA[2023-02-16 16:34:30,151 [IPC Server handler 9 on default port 46781] INFO  key.OMKeyRequest (OMKeyRequest.java:wrapUncommittedBlocksAsPseudoKey(837)) - Detect allocated but uncommitted blocks [{blockID={containerID=4, localID=111677748019200059}, length=4194304, offset=0, token=null, pipeline=null, createVersion=0, partNumber=0}] in key testListStatus/key1.
2023-02-16 16:34:30,154 [IPC Server handler 8 on default port 46781] INFO  key.OMKeyRequest (OMKeyRequest.java:wrapUncommittedBlocksAsPseudoKey(837)) - Detect allocated but uncommitted blocks [{blockID={containerID=3, localID=111677748019200060}, length=4194304, offset=0, token=null, pipeline=null, createVersion=0, partNumber=0}] in key testListStatus/key2.
2023-02-16 16:34:30,162 [IPC Server handler 2 on default port 46781] INFO  key.OMKeyRequest (OMKeyRequest.java:wrapUncommittedBlocksAsPseudoKey(837)) - Detect allocated but uncommitted blocks [{blockID={containerID=4, localID=111677748019200061}, length=4194304, offset=0, token=null, pipeline=null, createVersion=0, partNumber=0}] in key testListStatus/dir1/key3.
2023-02-16 16:34:30,165 [IPC Server handler 0 on default port 46781] INFO  key.OMKeyRequest (OMKeyRequest.java:wrapUncommittedBlocksAsPseudoKey(837)) - Detect allocated but uncommitted blocks [{blockID={containerID=2, localID=111677748019200062}, length=4194304, offset=0, token=null, pipeline=null, createVersion=0, partNumber=0}] in key testListStatus/dir1/key4.
]]></system-out>
  </testcase>
  <testcase name="testListStatusIteratorWithDir" classname="TestOzoneFileSystem" time="0.042">
    <system-out><![CDATA[2023-02-16 16:35:20,458 [OM StateMachine ApplyTransaction Thread - 0] INFO  key.OMKeyRequest (OMKeyRequest.java:wrapUncommittedBlocksAsPseudoKey(837)) - Detect allocated but uncommitted blocks [{blockID={containerID=2, localID=111677748019200059}, length=4194304, offset=0, token=null, pipeline=null, createVersion=0, partNumber=0}] in key testListStatus/key1.
2023-02-16 16:35:20,462 [OM StateMachine ApplyTransaction Thread - 0] INFO  key.OMKeyRequest (OMKeyRequest.java:wrapUncommittedBlocksAsPseudoKey(837)) - Detect allocated but uncommitted blocks [{blockID={containerID=4, localID=111677748019200060}, length=4194304, offset=0, token=null, pipeline=null, createVersion=0, partNumber=0}] in key testListStatus/key2.
2023-02-16 16:35:20,471 [OM StateMachine ApplyTransaction Thread - 0] INFO  key.OMKeyRequest (OMKeyRequest.java:wrapUncommittedBlocksAsPseudoKey(837)) - Detect allocated but uncommitted blocks [{blockID={containerID=3, localID=111677748019200061}, length=4194304, offset=0, token=null, pipeline=null, createVersion=0, partNumber=0}] in key testListStatus/dir1/key3.
2023-02-16 16:35:20,475 [OM StateMachine ApplyTransaction Thread - 0] INFO  key.OMKeyRequest (OMKeyRequest.java:wrapUncommittedBlocksAsPseudoKey(837)) - Detect allocated but uncommitted blocks [{blockID={containerID=1, localID=111677748019200062}, length=4194304, offset=0, token=null, pipeline=null, createVersion=0, partNumber=0}] in key testListStatus/dir1/key4.
]]></system-out>
  </testcase>
  <testcase name="testListStatusIteratorWithDir" classname="TestOzoneFileSystem" time="0.04">
    <system-out><![CDATA[2023-02-16 16:36:04,025 [IPC Server handler 5 on default port 38619] INFO  key.OMKeyRequest (OMKeyRequest.java:wrapUncommittedBlocksAsPseudoKey(837)) - Detect allocated but uncommitted blocks [{blockID={containerID=1, localID=111677748019200059}, length=4194304, offset=0, token=null, pipeline=null, createVersion=0, partNumber=0}] in key testListStatus/key1.
2023-02-16 16:36:04,027 [IPC Server handler 7 on default port 38619] INFO  key.OMKeyRequest (OMKeyRequest.java:wrapUncommittedBlocksAsPseudoKey(837)) - Detect allocated but uncommitted blocks [{blockID={containerID=4, localID=111677748019200060}, length=4194304, offset=0, token=null, pipeline=null, createVersion=0, partNumber=0}] in key testListStatus/key2.
2023-02-16 16:36:04,037 [IPC Server handler 10 on default port 38619] INFO  key.OMKeyRequest (OMKeyRequest.java:wrapUncommittedBlocksAsPseudoKey(837)) - Detect allocated but uncommitted blocks [{blockID={containerID=2, localID=111677748019200061}, length=4194304, offset=0, token=null, pipeline=null, createVersion=0, partNumber=0}] in key testListStatus/dir1/key3.
2023-02-16 16:36:04,043 [IPC Server handler 13 on default port 38619] INFO  key.OMKeyRequest (OMKeyRequest.java:wrapUncommittedBlocksAsPseudoKey(837)) - Detect allocated but uncommitted blocks [{blockID={containerID=3, localID=111677748019200062}, length=4194304, offset=0, token=null, pipeline=null, createVersion=0, partNumber=0}] in key testListStatus/dir1/key4.
]]></system-out>
  </testcase>
  <testcase name="testListStatusOnLargeDirectory" classname="TestOzoneFileSystem" time="4.908"/>
  <testcase name="testListStatusOnLargeDirectory" classname="TestOzoneFileSystem" time="3.643"/>
  <testcase name="testListStatusOnLargeDirectory" classname="TestOzoneFileSystem" time="4.049"/>
  <testcase name="testListStatusOnLargeDirectory" classname="TestOzoneFileSystem" time="2.764"/>
  <testcase name="testCreateKeyShouldUseRefreshedBucketReplicationConfig" classname="TestOzoneFileSystem" time="0.269">
    <system-out><![CDATA[2023-02-16 16:33:44,477 [Time-limited test] INFO  rpc.RpcClient (RpcClient.java:createVolume(476)) - Creating Volume: volume15486, with user76733 as owner and space quota set to -1 bytes, counts quota set to -1
2023-02-16 16:33:44,484 [OM StateMachine ApplyTransaction Thread - 0] INFO  volume.OMVolumeCreateRequest (OMVolumeCreateRequest.java:validateAndUpdateCache(195)) - created volume:volume15486 for user:user76733
2023-02-16 16:33:44,487 [Time-limited test] INFO  rpc.RpcClient (RpcClient.java:createBucket(698)) - Creating Bucket: volume15486/bucket62883, with bucket layout LEGACY, runner as owner, Versioning false, Storage Type set to DISK and Encryption set to false, Replication Type set to server-side default replication type, Namespace Quota set to -1, Space Quota set to -1 
2023-02-16 16:33:44,488 [OM StateMachine ApplyTransaction Thread - 0] INFO  bucket.OMBucketCreateRequest (OMBucketCreateRequest.java:validateAndUpdateCache(263)) - created bucket: bucket62883 of layout LEGACY in volume: volume15486
2023-02-16 16:33:44,516 [OM StateMachine ApplyTransaction Thread - 0] INFO  key.OMKeyRequest (OMKeyRequest.java:wrapUncommittedBlocksAsPseudoKey(837)) - Detect allocated but uncommitted blocks [{blockID={containerID=2, localID=111677748019200063}, length=4194304, offset=0, token=null, pipeline=null, createVersion=0, partNumber=0}] in key key.
2023-02-16 16:33:44,539 [OM StateMachine ApplyTransaction Thread - 0] INFO  key.OMKeyRequest (OMKeyRequest.java:wrapUncommittedBlocksAsPseudoKey(837)) - Detect allocated but uncommitted blocks [{blockID={containerID=1, localID=111677748019200064}, length=4194304, offset=0, token=null, pipeline=null, createVersion=0, partNumber=0}] in key key1.
2023-02-16 16:33:44,548 [IPC Server handler 7 on default port 40501] INFO  pipeline.PipelineStateManagerImpl (PipelineStateManagerImpl.java:addPipeline(103)) - Created pipeline Pipeline[ Id: aeb66122-282e-4794-be89-f063de012788, Nodes: 78eb6234-2b78-46c2-a9a1-e074054ee483(fv-az167-289.21ktoceh2wee5fewwtpg1zd01g.bx.internal.cloudapp.net/10.1.0.66)875a4540-f234-4f63-9940-381f2b020420(fv-az167-289.21ktoceh2wee5fewwtpg1zd01g.bx.internal.cloudapp.net/10.1.0.66)44c53caa-cbc6-4a21-8e53-cb7b17b04bf3(fv-az167-289.21ktoceh2wee5fewwtpg1zd01g.bx.internal.cloudapp.net/10.1.0.66)cb9b88df-491a-41e2-b87b-1e05ddc4218e(fv-az167-289.21ktoceh2wee5fewwtpg1zd01g.bx.internal.cloudapp.net/10.1.0.66)1ef1131b-9485-4bfe-ad5a-910805a11fc3(fv-az167-289.21ktoceh2wee5fewwtpg1zd01g.bx.internal.cloudapp.net/10.1.0.66), ReplicationConfig: EC/ECReplicationConfig{data=3, parity=2, ecChunkSize=1048576, codec=rs}, State:ALLOCATED, leaderId:, CreationTimestamp2023-02-16T16:33:44.548Z[Etc/UTC]].
2023-02-16 16:33:44,549 [IPC Server handler 7 on default port 40501] INFO  pipeline.PipelineManagerImpl (PipelineManagerImpl.java:openPipeline(367)) - Pipeline Pipeline[ Id: aeb66122-282e-4794-be89-f063de012788, Nodes: 78eb6234-2b78-46c2-a9a1-e074054ee483(fv-az167-289.21ktoceh2wee5fewwtpg1zd01g.bx.internal.cloudapp.net/10.1.0.66)875a4540-f234-4f63-9940-381f2b020420(fv-az167-289.21ktoceh2wee5fewwtpg1zd01g.bx.internal.cloudapp.net/10.1.0.66)44c53caa-cbc6-4a21-8e53-cb7b17b04bf3(fv-az167-289.21ktoceh2wee5fewwtpg1zd01g.bx.internal.cloudapp.net/10.1.0.66)cb9b88df-491a-41e2-b87b-1e05ddc4218e(fv-az167-289.21ktoceh2wee5fewwtpg1zd01g.bx.internal.cloudapp.net/10.1.0.66)1ef1131b-9485-4bfe-ad5a-910805a11fc3(fv-az167-289.21ktoceh2wee5fewwtpg1zd01g.bx.internal.cloudapp.net/10.1.0.66), ReplicationConfig: EC/ECReplicationConfig{data=3, parity=2, ecChunkSize=1048576, codec=rs}, State:ALLOCATED, leaderId:, CreationTimestamp2023-02-16T16:33:44.548Z[Etc/UTC]] moved to OPEN state
2023-02-16 16:33:44,593 [Time-limited test] WARN  erasurecode.ErasureCodeNative (ErasureCodeNative.java:<clinit>(55)) - ISA-L support is not available in your platform... using builtin-java codec where applicable
2023-02-16 16:33:44,687 [OM StateMachine ApplyTransaction Thread - 0] INFO  key.OMKeyRequest (OMKeyRequest.java:wrapUncommittedBlocksAsPseudoKey(837)) - Detect allocated but uncommitted blocks [{blockID={containerID=9, localID=111677748019200065}, length=4194304, offset=0, token=null, pipeline=null, createVersion=0, partNumber=0}] in key key2.
2023-02-16 16:33:44,695 [IPC Server handler 19 on default port 40501] INFO  pipeline.PipelineStateManagerImpl (PipelineStateManagerImpl.java:addPipeline(103)) - Created pipeline Pipeline[ Id: aba8429d-705d-447b-9733-380262b4dd90, Nodes: 78eb6234-2b78-46c2-a9a1-e074054ee483(fv-az167-289.21ktoceh2wee5fewwtpg1zd01g.bx.internal.cloudapp.net/10.1.0.66)cb9b88df-491a-41e2-b87b-1e05ddc4218e(fv-az167-289.21ktoceh2wee5fewwtpg1zd01g.bx.internal.cloudapp.net/10.1.0.66)1ef1131b-9485-4bfe-ad5a-910805a11fc3(fv-az167-289.21ktoceh2wee5fewwtpg1zd01g.bx.internal.cloudapp.net/10.1.0.66)875a4540-f234-4f63-9940-381f2b020420(fv-az167-289.21ktoceh2wee5fewwtpg1zd01g.bx.internal.cloudapp.net/10.1.0.66)44c53caa-cbc6-4a21-8e53-cb7b17b04bf3(fv-az167-289.21ktoceh2wee5fewwtpg1zd01g.bx.internal.cloudapp.net/10.1.0.66), ReplicationConfig: EC/ECReplicationConfig{data=3, parity=2, ecChunkSize=1048576, codec=rs}, State:ALLOCATED, leaderId:, CreationTimestamp2023-02-16T16:33:44.694Z[Etc/UTC]].
2023-02-16 16:33:44,695 [IPC Server handler 19 on default port 40501] INFO  pipeline.PipelineManagerImpl (PipelineManagerImpl.java:openPipeline(367)) - Pipeline Pipeline[ Id: aba8429d-705d-447b-9733-380262b4dd90, Nodes: 78eb6234-2b78-46c2-a9a1-e074054ee483(fv-az167-289.21ktoceh2wee5fewwtpg1zd01g.bx.internal.cloudapp.net/10.1.0.66)cb9b88df-491a-41e2-b87b-1e05ddc4218e(fv-az167-289.21ktoceh2wee5fewwtpg1zd01g.bx.internal.cloudapp.net/10.1.0.66)1ef1131b-9485-4bfe-ad5a-910805a11fc3(fv-az167-289.21ktoceh2wee5fewwtpg1zd01g.bx.internal.cloudapp.net/10.1.0.66)875a4540-f234-4f63-9940-381f2b020420(fv-az167-289.21ktoceh2wee5fewwtpg1zd01g.bx.internal.cloudapp.net/10.1.0.66)44c53caa-cbc6-4a21-8e53-cb7b17b04bf3(fv-az167-289.21ktoceh2wee5fewwtpg1zd01g.bx.internal.cloudapp.net/10.1.0.66), ReplicationConfig: EC/ECReplicationConfig{data=3, parity=2, ecChunkSize=1048576, codec=rs}, State:ALLOCATED, leaderId:, CreationTimestamp2023-02-16T16:33:44.694Z[Etc/UTC]] moved to OPEN state
2023-02-16 16:33:44,717 [OM StateMachine ApplyTransaction Thread - 0] INFO  key.OMKeyRequest (OMKeyRequest.java:wrapUncommittedBlocksAsPseudoKey(837)) - Detect allocated but uncommitted blocks [{blockID={containerID=10, localID=111677748019200066}, length=4194304, offset=0, token=null, pipeline=null, createVersion=0, partNumber=0}] in key key3.
2023-02-16 16:33:44,725 [OM StateMachine ApplyTransaction Thread - 0] INFO  key.OMKeyRequest (OMKeyRequest.java:wrapUncommittedBlocksAsPseudoKey(837)) - Detect allocated but uncommitted blocks [{blockID={containerID=4, localID=111677748019200067}, length=4194304, offset=0, token=null, pipeline=null, createVersion=0, partNumber=0}] in key key4.
]]></system-out>
  </testcase>
  <testcase name="testCreateKeyShouldUseRefreshedBucketReplicationConfig" classname="TestOzoneFileSystem" time="0.157">
    <system-out><![CDATA[2023-02-16 16:34:33,869 [Time-limited test] INFO  rpc.RpcClient (RpcClient.java:createVolume(476)) - Creating Volume: volume64027, with user37642 as owner and space quota set to -1 bytes, counts quota set to -1
2023-02-16 16:34:33,870 [IPC Server handler 9 on default port 46781] INFO  volume.OMVolumeCreateRequest (OMVolumeCreateRequest.java:validateAndUpdateCache(195)) - created volume:volume64027 for user:user37642
2023-02-16 16:34:33,871 [Time-limited test] INFO  rpc.RpcClient (RpcClient.java:createBucket(698)) - Creating Bucket: volume64027/bucket02875, with bucket layout LEGACY, runner as owner, Versioning false, Storage Type set to DISK and Encryption set to false, Replication Type set to server-side default replication type, Namespace Quota set to -1, Space Quota set to -1 
2023-02-16 16:34:33,872 [IPC Server handler 8 on default port 46781] INFO  bucket.OMBucketCreateRequest (OMBucketCreateRequest.java:validateAndUpdateCache(263)) - created bucket: bucket02875 of layout LEGACY in volume: volume64027
2023-02-16 16:34:33,893 [IPC Server handler 0 on default port 46781] INFO  key.OMKeyRequest (OMKeyRequest.java:wrapUncommittedBlocksAsPseudoKey(837)) - Detect allocated but uncommitted blocks [{blockID={containerID=1, localID=111677748019200063}, length=4194304, offset=0, token=null, pipeline=null, createVersion=0, partNumber=0}] in key key.
2023-02-16 16:34:33,901 [IPC Server handler 17 on default port 46781] INFO  key.OMKeyRequest (OMKeyRequest.java:wrapUncommittedBlocksAsPseudoKey(837)) - Detect allocated but uncommitted blocks [{blockID={containerID=3, localID=111677748019200064}, length=4194304, offset=0, token=null, pipeline=null, createVersion=0, partNumber=0}] in key key1.
2023-02-16 16:34:33,904 [IPC Server handler 15 on default port 37173] INFO  pipeline.PipelineStateManagerImpl (PipelineStateManagerImpl.java:addPipeline(103)) - Created pipeline Pipeline[ Id: db3c38a6-04f3-4e8e-8060-fe60b00f818b, Nodes: 9f5e5902-bacc-4266-a878-65e39c3ba6e9(fv-az167-289.21ktoceh2wee5fewwtpg1zd01g.bx.internal.cloudapp.net/10.1.0.66)3a64110f-54c2-4b73-a080-ae850dd54c39(fv-az167-289.21ktoceh2wee5fewwtpg1zd01g.bx.internal.cloudapp.net/10.1.0.66)22be8fd8-b8c6-40ff-8f14-846d94d7e632(fv-az167-289.21ktoceh2wee5fewwtpg1zd01g.bx.internal.cloudapp.net/10.1.0.66)6c51f489-4ead-4eaf-8276-70ff1fcde269(fv-az167-289.21ktoceh2wee5fewwtpg1zd01g.bx.internal.cloudapp.net/10.1.0.66)640e7d3f-2dbd-4e46-b500-a7d3223ba7d6(fv-az167-289.21ktoceh2wee5fewwtpg1zd01g.bx.internal.cloudapp.net/10.1.0.66), ReplicationConfig: EC/ECReplicationConfig{data=3, parity=2, ecChunkSize=1048576, codec=rs}, State:ALLOCATED, leaderId:, CreationTimestamp2023-02-16T16:34:33.904Z[Etc/UTC]].
2023-02-16 16:34:33,904 [IPC Server handler 15 on default port 37173] INFO  pipeline.PipelineManagerImpl (PipelineManagerImpl.java:openPipeline(367)) - Pipeline Pipeline[ Id: db3c38a6-04f3-4e8e-8060-fe60b00f818b, Nodes: 9f5e5902-bacc-4266-a878-65e39c3ba6e9(fv-az167-289.21ktoceh2wee5fewwtpg1zd01g.bx.internal.cloudapp.net/10.1.0.66)3a64110f-54c2-4b73-a080-ae850dd54c39(fv-az167-289.21ktoceh2wee5fewwtpg1zd01g.bx.internal.cloudapp.net/10.1.0.66)22be8fd8-b8c6-40ff-8f14-846d94d7e632(fv-az167-289.21ktoceh2wee5fewwtpg1zd01g.bx.internal.cloudapp.net/10.1.0.66)6c51f489-4ead-4eaf-8276-70ff1fcde269(fv-az167-289.21ktoceh2wee5fewwtpg1zd01g.bx.internal.cloudapp.net/10.1.0.66)640e7d3f-2dbd-4e46-b500-a7d3223ba7d6(fv-az167-289.21ktoceh2wee5fewwtpg1zd01g.bx.internal.cloudapp.net/10.1.0.66), ReplicationConfig: EC/ECReplicationConfig{data=3, parity=2, ecChunkSize=1048576, codec=rs}, State:ALLOCATED, leaderId:, CreationTimestamp2023-02-16T16:34:33.904Z[Etc/UTC]] moved to OPEN state
2023-02-16 16:34:33,931 [IPC Server handler 15 on default port 46781] INFO  key.OMKeyRequest (OMKeyRequest.java:wrapUncommittedBlocksAsPseudoKey(837)) - Detect allocated but uncommitted blocks [{blockID={containerID=9, localID=111677748019200065}, length=4194304, offset=0, token=null, pipeline=null, createVersion=0, partNumber=0}] in key key2.
2023-02-16 16:34:33,940 [IPC Server handler 18 on default port 37173] INFO  pipeline.PipelineStateManagerImpl (PipelineStateManagerImpl.java:addPipeline(103)) - Created pipeline Pipeline[ Id: 3fa5c3dc-f3d5-4c7c-bfef-fcaa80852417, Nodes: 6c51f489-4ead-4eaf-8276-70ff1fcde269(fv-az167-289.21ktoceh2wee5fewwtpg1zd01g.bx.internal.cloudapp.net/10.1.0.66)640e7d3f-2dbd-4e46-b500-a7d3223ba7d6(fv-az167-289.21ktoceh2wee5fewwtpg1zd01g.bx.internal.cloudapp.net/10.1.0.66)22be8fd8-b8c6-40ff-8f14-846d94d7e632(fv-az167-289.21ktoceh2wee5fewwtpg1zd01g.bx.internal.cloudapp.net/10.1.0.66)9f5e5902-bacc-4266-a878-65e39c3ba6e9(fv-az167-289.21ktoceh2wee5fewwtpg1zd01g.bx.internal.cloudapp.net/10.1.0.66)3a64110f-54c2-4b73-a080-ae850dd54c39(fv-az167-289.21ktoceh2wee5fewwtpg1zd01g.bx.internal.cloudapp.net/10.1.0.66), ReplicationConfig: EC/ECReplicationConfig{data=3, parity=2, ecChunkSize=1048576, codec=rs}, State:ALLOCATED, leaderId:, CreationTimestamp2023-02-16T16:34:33.940Z[Etc/UTC]].
2023-02-16 16:34:33,941 [IPC Server handler 18 on default port 37173] INFO  pipeline.PipelineManagerImpl (PipelineManagerImpl.java:openPipeline(367)) - Pipeline Pipeline[ Id: 3fa5c3dc-f3d5-4c7c-bfef-fcaa80852417, Nodes: 6c51f489-4ead-4eaf-8276-70ff1fcde269(fv-az167-289.21ktoceh2wee5fewwtpg1zd01g.bx.internal.cloudapp.net/10.1.0.66)640e7d3f-2dbd-4e46-b500-a7d3223ba7d6(fv-az167-289.21ktoceh2wee5fewwtpg1zd01g.bx.internal.cloudapp.net/10.1.0.66)22be8fd8-b8c6-40ff-8f14-846d94d7e632(fv-az167-289.21ktoceh2wee5fewwtpg1zd01g.bx.internal.cloudapp.net/10.1.0.66)9f5e5902-bacc-4266-a878-65e39c3ba6e9(fv-az167-289.21ktoceh2wee5fewwtpg1zd01g.bx.internal.cloudapp.net/10.1.0.66)3a64110f-54c2-4b73-a080-ae850dd54c39(fv-az167-289.21ktoceh2wee5fewwtpg1zd01g.bx.internal.cloudapp.net/10.1.0.66), ReplicationConfig: EC/ECReplicationConfig{data=3, parity=2, ecChunkSize=1048576, codec=rs}, State:ALLOCATED, leaderId:, CreationTimestamp2023-02-16T16:34:33.940Z[Etc/UTC]] moved to OPEN state
2023-02-16 16:34:33,967 [IPC Server handler 9 on default port 46781] INFO  key.OMKeyRequest (OMKeyRequest.java:wrapUncommittedBlocksAsPseudoKey(837)) - Detect allocated but uncommitted blocks [{blockID={containerID=10, localID=111677748019200066}, length=4194304, offset=0, token=null, pipeline=null, createVersion=0, partNumber=0}] in key key3.
2023-02-16 16:34:33,975 [IPC Server handler 5 on default port 46781] INFO  key.OMKeyRequest (OMKeyRequest.java:wrapUncommittedBlocksAsPseudoKey(837)) - Detect allocated but uncommitted blocks [{blockID={containerID=4, localID=111677748019200067}, length=4194304, offset=0, token=null, pipeline=null, createVersion=0, partNumber=0}] in key key4.
]]></system-out>
  </testcase>
  <testcase name="testCreateKeyShouldUseRefreshedBucketReplicationConfig" classname="TestOzoneFileSystem" time="0.105">
    <system-out><![CDATA[2023-02-16 16:35:24,553 [Time-limited test] INFO  rpc.RpcClient (RpcClient.java:createVolume(476)) - Creating Volume: volume45451, with user30837 as owner and space quota set to -1 bytes, counts quota set to -1
2023-02-16 16:35:24,554 [OM StateMachine ApplyTransaction Thread - 0] INFO  volume.OMVolumeCreateRequest (OMVolumeCreateRequest.java:validateAndUpdateCache(195)) - created volume:volume45451 for user:user30837
2023-02-16 16:35:24,556 [Time-limited test] INFO  rpc.RpcClient (RpcClient.java:createBucket(698)) - Creating Bucket: volume45451/bucket84161, with bucket layout LEGACY, runner as owner, Versioning false, Storage Type set to DISK and Encryption set to false, Replication Type set to server-side default replication type, Namespace Quota set to -1, Space Quota set to -1 
2023-02-16 16:35:24,557 [OM StateMachine ApplyTransaction Thread - 0] INFO  bucket.OMBucketCreateRequest (OMBucketCreateRequest.java:validateAndUpdateCache(263)) - created bucket: bucket84161 of layout LEGACY in volume: volume45451
2023-02-16 16:35:24,574 [OM StateMachine ApplyTransaction Thread - 0] INFO  key.OMKeyRequest (OMKeyRequest.java:wrapUncommittedBlocksAsPseudoKey(837)) - Detect allocated but uncommitted blocks [{blockID={containerID=2, localID=111677748019200063}, length=4194304, offset=0, token=null, pipeline=null, createVersion=0, partNumber=0}] in key key.
2023-02-16 16:35:24,580 [OM StateMachine ApplyTransaction Thread - 0] INFO  key.OMKeyRequest (OMKeyRequest.java:wrapUncommittedBlocksAsPseudoKey(837)) - Detect allocated but uncommitted blocks [{blockID={containerID=1, localID=111677748019200064}, length=4194304, offset=0, token=null, pipeline=null, createVersion=0, partNumber=0}] in key key1.
2023-02-16 16:35:24,583 [IPC Server handler 19 on default port 46717] INFO  pipeline.PipelineStateManagerImpl (PipelineStateManagerImpl.java:addPipeline(103)) - Created pipeline Pipeline[ Id: dda8a039-ccd8-4a1b-8810-e308268cbdb1, Nodes: 54ea6ac5-9e66-44bc-9134-574226f2896d(fv-az167-289.21ktoceh2wee5fewwtpg1zd01g.bx.internal.cloudapp.net/10.1.0.66)f7941fd0-d868-43e3-a82b-129e07895457(fv-az167-289.21ktoceh2wee5fewwtpg1zd01g.bx.internal.cloudapp.net/10.1.0.66)3dc841f7-9461-45fb-be3e-f1a36e39d59a(fv-az167-289.21ktoceh2wee5fewwtpg1zd01g.bx.internal.cloudapp.net/10.1.0.66)388d0101-376a-4ddf-936e-ac8688256993(fv-az167-289.21ktoceh2wee5fewwtpg1zd01g.bx.internal.cloudapp.net/10.1.0.66)c617c0dc-5b73-4bee-8a03-3b3ac823c300(fv-az167-289.21ktoceh2wee5fewwtpg1zd01g.bx.internal.cloudapp.net/10.1.0.66), ReplicationConfig: EC/ECReplicationConfig{data=3, parity=2, ecChunkSize=1048576, codec=rs}, State:ALLOCATED, leaderId:, CreationTimestamp2023-02-16T16:35:24.583Z[Etc/UTC]].
2023-02-16 16:35:24,583 [IPC Server handler 19 on default port 46717] INFO  pipeline.PipelineManagerImpl (PipelineManagerImpl.java:openPipeline(367)) - Pipeline Pipeline[ Id: dda8a039-ccd8-4a1b-8810-e308268cbdb1, Nodes: 54ea6ac5-9e66-44bc-9134-574226f2896d(fv-az167-289.21ktoceh2wee5fewwtpg1zd01g.bx.internal.cloudapp.net/10.1.0.66)f7941fd0-d868-43e3-a82b-129e07895457(fv-az167-289.21ktoceh2wee5fewwtpg1zd01g.bx.internal.cloudapp.net/10.1.0.66)3dc841f7-9461-45fb-be3e-f1a36e39d59a(fv-az167-289.21ktoceh2wee5fewwtpg1zd01g.bx.internal.cloudapp.net/10.1.0.66)388d0101-376a-4ddf-936e-ac8688256993(fv-az167-289.21ktoceh2wee5fewwtpg1zd01g.bx.internal.cloudapp.net/10.1.0.66)c617c0dc-5b73-4bee-8a03-3b3ac823c300(fv-az167-289.21ktoceh2wee5fewwtpg1zd01g.bx.internal.cloudapp.net/10.1.0.66), ReplicationConfig: EC/ECReplicationConfig{data=3, parity=2, ecChunkSize=1048576, codec=rs}, State:ALLOCATED, leaderId:, CreationTimestamp2023-02-16T16:35:24.583Z[Etc/UTC]] moved to OPEN state
2023-02-16 16:35:24,604 [OM StateMachine ApplyTransaction Thread - 0] INFO  key.OMKeyRequest (OMKeyRequest.java:wrapUncommittedBlocksAsPseudoKey(837)) - Detect allocated but uncommitted blocks [{blockID={containerID=9, localID=111677748019200065}, length=4194304, offset=0, token=null, pipeline=null, createVersion=0, partNumber=0}] in key key2.
2023-02-16 16:35:24,609 [IPC Server handler 15 on default port 46717] INFO  pipeline.PipelineStateManagerImpl (PipelineStateManagerImpl.java:addPipeline(103)) - Created pipeline Pipeline[ Id: f98f1351-8b19-4831-ba7c-417ec276274c, Nodes: c617c0dc-5b73-4bee-8a03-3b3ac823c300(fv-az167-289.21ktoceh2wee5fewwtpg1zd01g.bx.internal.cloudapp.net/10.1.0.66)f7941fd0-d868-43e3-a82b-129e07895457(fv-az167-289.21ktoceh2wee5fewwtpg1zd01g.bx.internal.cloudapp.net/10.1.0.66)388d0101-376a-4ddf-936e-ac8688256993(fv-az167-289.21ktoceh2wee5fewwtpg1zd01g.bx.internal.cloudapp.net/10.1.0.66)54ea6ac5-9e66-44bc-9134-574226f2896d(fv-az167-289.21ktoceh2wee5fewwtpg1zd01g.bx.internal.cloudapp.net/10.1.0.66)3dc841f7-9461-45fb-be3e-f1a36e39d59a(fv-az167-289.21ktoceh2wee5fewwtpg1zd01g.bx.internal.cloudapp.net/10.1.0.66), ReplicationConfig: EC/ECReplicationConfig{data=3, parity=2, ecChunkSize=1048576, codec=rs}, State:ALLOCATED, leaderId:, CreationTimestamp2023-02-16T16:35:24.608Z[Etc/UTC]].
2023-02-16 16:35:24,609 [IPC Server handler 15 on default port 46717] INFO  pipeline.PipelineManagerImpl (PipelineManagerImpl.java:openPipeline(367)) - Pipeline Pipeline[ Id: f98f1351-8b19-4831-ba7c-417ec276274c, Nodes: c617c0dc-5b73-4bee-8a03-3b3ac823c300(fv-az167-289.21ktoceh2wee5fewwtpg1zd01g.bx.internal.cloudapp.net/10.1.0.66)f7941fd0-d868-43e3-a82b-129e07895457(fv-az167-289.21ktoceh2wee5fewwtpg1zd01g.bx.internal.cloudapp.net/10.1.0.66)388d0101-376a-4ddf-936e-ac8688256993(fv-az167-289.21ktoceh2wee5fewwtpg1zd01g.bx.internal.cloudapp.net/10.1.0.66)54ea6ac5-9e66-44bc-9134-574226f2896d(fv-az167-289.21ktoceh2wee5fewwtpg1zd01g.bx.internal.cloudapp.net/10.1.0.66)3dc841f7-9461-45fb-be3e-f1a36e39d59a(fv-az167-289.21ktoceh2wee5fewwtpg1zd01g.bx.internal.cloudapp.net/10.1.0.66), ReplicationConfig: EC/ECReplicationConfig{data=3, parity=2, ecChunkSize=1048576, codec=rs}, State:ALLOCATED, leaderId:, CreationTimestamp2023-02-16T16:35:24.608Z[Etc/UTC]] moved to OPEN state
2023-02-16 16:35:24,634 [OM StateMachine ApplyTransaction Thread - 0] INFO  key.OMKeyRequest (OMKeyRequest.java:wrapUncommittedBlocksAsPseudoKey(837)) - Detect allocated but uncommitted blocks [{blockID={containerID=10, localID=111677748019200066}, length=4194304, offset=0, token=null, pipeline=null, createVersion=0, partNumber=0}] in key key3.
2023-02-16 16:35:24,638 [OM StateMachine ApplyTransaction Thread - 0] INFO  key.OMKeyRequest (OMKeyRequest.java:wrapUncommittedBlocksAsPseudoKey(837)) - Detect allocated but uncommitted blocks [{blockID={containerID=2, localID=111677748019200067}, length=4194304, offset=0, token=null, pipeline=null, createVersion=0, partNumber=0}] in key key4.
]]></system-out>
  </testcase>
  <testcase name="testCreateKeyShouldUseRefreshedBucketReplicationConfig" classname="TestOzoneFileSystem" time="0.091">
    <system-out><![CDATA[2023-02-16 16:36:06,841 [Time-limited test] INFO  rpc.RpcClient (RpcClient.java:createVolume(476)) - Creating Volume: volume08870, with user49120 as owner and space quota set to -1 bytes, counts quota set to -1
2023-02-16 16:36:06,842 [IPC Server handler 5 on default port 38619] INFO  volume.OMVolumeCreateRequest (OMVolumeCreateRequest.java:validateAndUpdateCache(195)) - created volume:volume08870 for user:user49120
2023-02-16 16:36:06,845 [Time-limited test] INFO  rpc.RpcClient (RpcClient.java:createBucket(698)) - Creating Bucket: volume08870/bucket33364, with bucket layout LEGACY, runner as owner, Versioning false, Storage Type set to DISK and Encryption set to false, Replication Type set to server-side default replication type, Namespace Quota set to -1, Space Quota set to -1 
2023-02-16 16:36:06,846 [IPC Server handler 7 on default port 38619] INFO  bucket.OMBucketCreateRequest (OMBucketCreateRequest.java:validateAndUpdateCache(263)) - created bucket: bucket33364 of layout LEGACY in volume: volume08870
2023-02-16 16:36:06,854 [IPC Server handler 13 on default port 38619] INFO  key.OMKeyRequest (OMKeyRequest.java:wrapUncommittedBlocksAsPseudoKey(837)) - Detect allocated but uncommitted blocks [{blockID={containerID=2, localID=111677748019200063}, length=4194304, offset=0, token=null, pipeline=null, createVersion=0, partNumber=0}] in key key.
2023-02-16 16:36:06,859 [IPC Server handler 17 on default port 38619] INFO  key.OMKeyRequest (OMKeyRequest.java:wrapUncommittedBlocksAsPseudoKey(837)) - Detect allocated but uncommitted blocks [{blockID={containerID=3, localID=111677748019200064}, length=4194304, offset=0, token=null, pipeline=null, createVersion=0, partNumber=0}] in key key1.
2023-02-16 16:36:06,861 [IPC Server handler 1 on default port 32907] INFO  pipeline.PipelineStateManagerImpl (PipelineStateManagerImpl.java:addPipeline(103)) - Created pipeline Pipeline[ Id: 56761c49-97a7-47ad-966d-ac47c782b8ac, Nodes: 832c6eac-c5e0-4404-a712-42768f90b279(fv-az167-289.21ktoceh2wee5fewwtpg1zd01g.bx.internal.cloudapp.net/10.1.0.66)8ad86b55-446a-4cc0-ba4d-2b14b834a930(fv-az167-289.21ktoceh2wee5fewwtpg1zd01g.bx.internal.cloudapp.net/10.1.0.66)00740072-767d-495a-9267-65b6e3e6d7e7(fv-az167-289.21ktoceh2wee5fewwtpg1zd01g.bx.internal.cloudapp.net/10.1.0.66)47c87cc4-760b-451b-b923-a7cd32ec4f45(fv-az167-289.21ktoceh2wee5fewwtpg1zd01g.bx.internal.cloudapp.net/10.1.0.66)cfe669b9-663a-43f7-806f-76176ea695bf(fv-az167-289.21ktoceh2wee5fewwtpg1zd01g.bx.internal.cloudapp.net/10.1.0.66), ReplicationConfig: EC/ECReplicationConfig{data=3, parity=2, ecChunkSize=1048576, codec=rs}, State:ALLOCATED, leaderId:, CreationTimestamp2023-02-16T16:36:06.861Z[Etc/UTC]].
2023-02-16 16:36:06,861 [IPC Server handler 1 on default port 32907] INFO  pipeline.PipelineManagerImpl (PipelineManagerImpl.java:openPipeline(367)) - Pipeline Pipeline[ Id: 56761c49-97a7-47ad-966d-ac47c782b8ac, Nodes: 832c6eac-c5e0-4404-a712-42768f90b279(fv-az167-289.21ktoceh2wee5fewwtpg1zd01g.bx.internal.cloudapp.net/10.1.0.66)8ad86b55-446a-4cc0-ba4d-2b14b834a930(fv-az167-289.21ktoceh2wee5fewwtpg1zd01g.bx.internal.cloudapp.net/10.1.0.66)00740072-767d-495a-9267-65b6e3e6d7e7(fv-az167-289.21ktoceh2wee5fewwtpg1zd01g.bx.internal.cloudapp.net/10.1.0.66)47c87cc4-760b-451b-b923-a7cd32ec4f45(fv-az167-289.21ktoceh2wee5fewwtpg1zd01g.bx.internal.cloudapp.net/10.1.0.66)cfe669b9-663a-43f7-806f-76176ea695bf(fv-az167-289.21ktoceh2wee5fewwtpg1zd01g.bx.internal.cloudapp.net/10.1.0.66), ReplicationConfig: EC/ECReplicationConfig{data=3, parity=2, ecChunkSize=1048576, codec=rs}, State:ALLOCATED, leaderId:, CreationTimestamp2023-02-16T16:36:06.861Z[Etc/UTC]] moved to OPEN state
2023-02-16 16:36:06,880 [IPC Server handler 1 on default port 38619] INFO  key.OMKeyRequest (OMKeyRequest.java:wrapUncommittedBlocksAsPseudoKey(837)) - Detect allocated but uncommitted blocks [{blockID={containerID=9, localID=111677748019200065}, length=4194304, offset=0, token=null, pipeline=null, createVersion=0, partNumber=0}] in key key2.
2023-02-16 16:36:06,886 [IPC Server handler 2 on default port 32907] INFO  pipeline.PipelineStateManagerImpl (PipelineStateManagerImpl.java:addPipeline(103)) - Created pipeline Pipeline[ Id: 0b2e1c86-731e-450d-8f0f-3db5de32c7c2, Nodes: 8ad86b55-446a-4cc0-ba4d-2b14b834a930(fv-az167-289.21ktoceh2wee5fewwtpg1zd01g.bx.internal.cloudapp.net/10.1.0.66)00740072-767d-495a-9267-65b6e3e6d7e7(fv-az167-289.21ktoceh2wee5fewwtpg1zd01g.bx.internal.cloudapp.net/10.1.0.66)832c6eac-c5e0-4404-a712-42768f90b279(fv-az167-289.21ktoceh2wee5fewwtpg1zd01g.bx.internal.cloudapp.net/10.1.0.66)cfe669b9-663a-43f7-806f-76176ea695bf(fv-az167-289.21ktoceh2wee5fewwtpg1zd01g.bx.internal.cloudapp.net/10.1.0.66)47c87cc4-760b-451b-b923-a7cd32ec4f45(fv-az167-289.21ktoceh2wee5fewwtpg1zd01g.bx.internal.cloudapp.net/10.1.0.66), ReplicationConfig: EC/ECReplicationConfig{data=3, parity=2, ecChunkSize=1048576, codec=rs}, State:ALLOCATED, leaderId:, CreationTimestamp2023-02-16T16:36:06.886Z[Etc/UTC]].
2023-02-16 16:36:06,886 [IPC Server handler 2 on default port 32907] INFO  pipeline.PipelineManagerImpl (PipelineManagerImpl.java:openPipeline(367)) - Pipeline Pipeline[ Id: 0b2e1c86-731e-450d-8f0f-3db5de32c7c2, Nodes: 8ad86b55-446a-4cc0-ba4d-2b14b834a930(fv-az167-289.21ktoceh2wee5fewwtpg1zd01g.bx.internal.cloudapp.net/10.1.0.66)00740072-767d-495a-9267-65b6e3e6d7e7(fv-az167-289.21ktoceh2wee5fewwtpg1zd01g.bx.internal.cloudapp.net/10.1.0.66)832c6eac-c5e0-4404-a712-42768f90b279(fv-az167-289.21ktoceh2wee5fewwtpg1zd01g.bx.internal.cloudapp.net/10.1.0.66)cfe669b9-663a-43f7-806f-76176ea695bf(fv-az167-289.21ktoceh2wee5fewwtpg1zd01g.bx.internal.cloudapp.net/10.1.0.66)47c87cc4-760b-451b-b923-a7cd32ec4f45(fv-az167-289.21ktoceh2wee5fewwtpg1zd01g.bx.internal.cloudapp.net/10.1.0.66), ReplicationConfig: EC/ECReplicationConfig{data=3, parity=2, ecChunkSize=1048576, codec=rs}, State:ALLOCATED, leaderId:, CreationTimestamp2023-02-16T16:36:06.886Z[Etc/UTC]] moved to OPEN state
2023-02-16 16:36:06,905 [IPC Server handler 5 on default port 38619] INFO  key.OMKeyRequest (OMKeyRequest.java:wrapUncommittedBlocksAsPseudoKey(837)) - Detect allocated but uncommitted blocks [{blockID={containerID=10, localID=111677748019200066}, length=4194304, offset=0, token=null, pipeline=null, createVersion=0, partNumber=0}] in key key3.
2023-02-16 16:36:06,909 [IPC Server handler 9 on default port 38619] INFO  key.OMKeyRequest (OMKeyRequest.java:wrapUncommittedBlocksAsPseudoKey(837)) - Detect allocated but uncommitted blocks [{blockID={containerID=2, localID=111677748019200067}, length=4194304, offset=0, token=null, pipeline=null, createVersion=0, partNumber=0}] in key key4.
]]></system-out>
  </testcase>
  <testcase name="testListStatusIteratorOnRoot" classname="TestOzoneFileSystem" time="0.028"/>
  <testcase name="testListStatusIteratorOnRoot" classname="TestOzoneFileSystem" time="0.026"/>
  <testcase name="testListStatusIteratorOnRoot" classname="TestOzoneFileSystem" time="0.023"/>
  <testcase name="testListStatusIteratorOnRoot" classname="TestOzoneFileSystem" time="0.018"/>
  <testcase name="testRenameDirToFile" classname="TestOzoneFileSystem" time="0.027">
    <system-out><![CDATA[2023-02-16 16:33:44,767 [OM StateMachine ApplyTransaction Thread - 0] INFO  key.OMKeyRequest (OMKeyRequest.java:wrapUncommittedBlocksAsPseudoKey(837)) - Detect allocated but uncommitted blocks [{blockID={containerID=3, localID=111677748019200068}, length=4194304, offset=0, token=null, pipeline=null, createVersion=0, partNumber=0}] in key root/file1.
2023-02-16 16:33:44,769 [Time-limited test] WARN  ozone.BasicOzoneFileSystem (BasicOzoneFileSystem.java:rename(423)) - Failed to rename o3fs://bucket39322.volume28358/a/b/c to o3fs://bucket39322.volume28358/root/file1, file already exists!
]]></system-out>
  </testcase>
  <testcase name="testRenameDirToFile" classname="TestOzoneFileSystem" time="0.018">
    <system-out><![CDATA[2023-02-16 16:34:34,011 [IPC Server handler 4 on default port 46781] INFO  key.OMKeyRequest (OMKeyRequest.java:wrapUncommittedBlocksAsPseudoKey(837)) - Detect allocated but uncommitted blocks [{blockID={containerID=2, localID=111677748019200068}, length=4194304, offset=0, token=null, pipeline=null, createVersion=0, partNumber=0}] in key root/file1.
2023-02-16 16:34:34,013 [Time-limited test] WARN  ozone.BasicOzoneFileSystem (BasicOzoneFileSystem.java:rename(423)) - Failed to rename o3fs://bucket25283.volume76608/a/b/c to o3fs://bucket25283.volume76608/root/file1, file already exists!
]]></system-out>
  </testcase>
  <testcase name="testRenameDirToFile" classname="TestOzoneFileSystem" time="0.018">
    <system-out><![CDATA[2023-02-16 16:35:24,672 [OM StateMachine ApplyTransaction Thread - 0] INFO  key.OMKeyRequest (OMKeyRequest.java:wrapUncommittedBlocksAsPseudoKey(837)) - Detect allocated but uncommitted blocks [{blockID={containerID=1, localID=111677748019200068}, length=4194304, offset=0, token=null, pipeline=null, createVersion=0, partNumber=0}] in key root/file1.
2023-02-16 16:35:24,674 [Time-limited test] WARN  ozone.BasicOzoneFileSystem (BasicOzoneFileSystem.java:rename(423)) - Failed to rename o3fs://bucket27185.volume35667/a/b/c to o3fs://bucket27185.volume35667/root/file1, file already exists!
]]></system-out>
  </testcase>
  <testcase name="testRenameDirToFile" classname="TestOzoneFileSystem" time="0.016">
    <system-out><![CDATA[2023-02-16 16:36:06,935 [IPC Server handler 8 on default port 38619] INFO  key.OMKeyRequest (OMKeyRequest.java:wrapUncommittedBlocksAsPseudoKey(837)) - Detect allocated but uncommitted blocks [{blockID={containerID=1, localID=111677748019200068}, length=4194304, offset=0, token=null, pipeline=null, createVersion=0, partNumber=0}] in key root/file1.
2023-02-16 16:36:06,937 [Time-limited test] WARN  ozone.BasicOzoneFileSystem (BasicOzoneFileSystem.java:rename(423)) - Failed to rename o3fs://bucket78568.volume78724/a/b/c to o3fs://bucket78568.volume78724/root/file1, file already exists!
]]></system-out>
  </testcase>
  <testcase name="testRenameToNewSubDirShouldNotExist" classname="TestOzoneFileSystem" time="0.04">
    <system-out><![CDATA[2023-02-16 16:33:44,799 [Time-limited test] WARN  ozone.BasicOzoneFileSystem (BasicOzoneFileSystem.java:rename(417)) - Failed to rename o3fs://bucket39322.volume28358/a to o3fs://bucket39322.volume28358/b/a, file already exists or not empty!
2023-02-16 16:33:44,804 [OM StateMachine ApplyTransaction Thread - 0] INFO  key.OMKeyRequest (OMKeyRequest.java:wrapUncommittedBlocksAsPseudoKey(837)) - Detect allocated but uncommitted blocks [{blockID={containerID=2, localID=111677748019200069}, length=4194304, offset=0, token=null, pipeline=null, createVersion=0, partNumber=0}] in key file1.
2023-02-16 16:33:44,809 [OM StateMachine ApplyTransaction Thread - 0] INFO  key.OMKeyRequest (OMKeyRequest.java:wrapUncommittedBlocksAsPseudoKey(837)) - Detect allocated but uncommitted blocks [{blockID={containerID=4, localID=111677748019200070}, length=4194304, offset=0, token=null, pipeline=null, createVersion=0, partNumber=0}] in key a/file1.
2023-02-16 16:33:44,810 [Time-limited test] WARN  ozone.BasicOzoneFileSystem (BasicOzoneFileSystem.java:rename(417)) - Failed to rename o3fs://bucket39322.volume28358/file1 to o3fs://bucket39322.volume28358/a/file1, file already exists or not empty!
]]></system-out>
  </testcase>
  <testcase name="testRenameToNewSubDirShouldNotExist" classname="TestOzoneFileSystem" time="0.028">
    <system-out><![CDATA[2023-02-16 16:34:34,030 [Time-limited test] WARN  ozone.BasicOzoneFileSystem (BasicOzoneFileSystem.java:rename(417)) - Failed to rename o3fs://bucket25283.volume76608/a to o3fs://bucket25283.volume76608/b/a, file already exists or not empty!
2023-02-16 16:34:34,034 [IPC Server handler 2 on default port 46781] INFO  key.OMKeyRequest (OMKeyRequest.java:wrapUncommittedBlocksAsPseudoKey(837)) - Detect allocated but uncommitted blocks [{blockID={containerID=3, localID=111677748019200069}, length=4194304, offset=0, token=null, pipeline=null, createVersion=0, partNumber=0}] in key file1.
2023-02-16 16:34:34,037 [IPC Server handler 0 on default port 46781] INFO  key.OMKeyRequest (OMKeyRequest.java:wrapUncommittedBlocksAsPseudoKey(837)) - Detect allocated but uncommitted blocks [{blockID={containerID=4, localID=111677748019200070}, length=4194304, offset=0, token=null, pipeline=null, createVersion=0, partNumber=0}] in key a/file1.
2023-02-16 16:34:34,039 [Time-limited test] WARN  ozone.BasicOzoneFileSystem (BasicOzoneFileSystem.java:rename(417)) - Failed to rename o3fs://bucket25283.volume76608/file1 to o3fs://bucket25283.volume76608/a/file1, file already exists or not empty!
]]></system-out>
  </testcase>
  <testcase name="testRenameToNewSubDirShouldNotExist" classname="TestOzoneFileSystem" time="0.029">
    <system-out><![CDATA[2023-02-16 16:35:24,693 [Time-limited test] WARN  ozone.BasicOzoneFileSystem (BasicOzoneFileSystem.java:rename(417)) - Failed to rename o3fs://bucket27185.volume35667/a to o3fs://bucket27185.volume35667/b/a, file already exists or not empty!
2023-02-16 16:35:24,697 [OM StateMachine ApplyTransaction Thread - 0] INFO  key.OMKeyRequest (OMKeyRequest.java:wrapUncommittedBlocksAsPseudoKey(837)) - Detect allocated but uncommitted blocks [{blockID={containerID=4, localID=111677748019200069}, length=4194304, offset=0, token=null, pipeline=null, createVersion=0, partNumber=0}] in key file1.
2023-02-16 16:35:24,699 [OM StateMachine ApplyTransaction Thread - 0] INFO  key.OMKeyRequest (OMKeyRequest.java:wrapUncommittedBlocksAsPseudoKey(837)) - Detect allocated but uncommitted blocks [{blockID={containerID=2, localID=111677748019200070}, length=4194304, offset=0, token=null, pipeline=null, createVersion=0, partNumber=0}] in key a/file1.
2023-02-16 16:35:24,701 [Time-limited test] WARN  ozone.BasicOzoneFileSystem (BasicOzoneFileSystem.java:rename(417)) - Failed to rename o3fs://bucket27185.volume35667/file1 to o3fs://bucket27185.volume35667/a/file1, file already exists or not empty!
]]></system-out>
  </testcase>
  <testcase name="testRenameToNewSubDirShouldNotExist" classname="TestOzoneFileSystem" time="0.03">
    <system-out><![CDATA[2023-02-16 16:36:06,953 [Time-limited test] WARN  ozone.BasicOzoneFileSystem (BasicOzoneFileSystem.java:rename(417)) - Failed to rename o3fs://bucket78568.volume78724/a to o3fs://bucket78568.volume78724/b/a, file already exists or not empty!
2023-02-16 16:36:06,955 [IPC Server handler 10 on default port 38619] INFO  key.OMKeyRequest (OMKeyRequest.java:wrapUncommittedBlocksAsPseudoKey(837)) - Detect allocated but uncommitted blocks [{blockID={containerID=4, localID=111677748019200069}, length=4194304, offset=0, token=null, pipeline=null, createVersion=0, partNumber=0}] in key file1.
2023-02-16 16:36:06,964 [IPC Server handler 13 on default port 38619] INFO  key.OMKeyRequest (OMKeyRequest.java:wrapUncommittedBlocksAsPseudoKey(837)) - Detect allocated but uncommitted blocks [{blockID={containerID=1, localID=111677748019200070}, length=4194304, offset=0, token=null, pipeline=null, createVersion=0, partNumber=0}] in key a/file1.
2023-02-16 16:36:06,965 [Time-limited test] WARN  ozone.BasicOzoneFileSystem (BasicOzoneFileSystem.java:rename(417)) - Failed to rename o3fs://bucket78568.volume78724/file1 to o3fs://bucket78568.volume78724/a/file1, file already exists or not empty!
]]></system-out>
  </testcase>
  <testcase name="testListStatusOnLargeDirectoryForACLCheck" classname="TestOzoneFileSystem" time="2.003">
    <system-out><![CDATA[2023-02-16 16:33:46,777 [om1-client-thread1] INFO  segmented.SegmentedRaftLogWorker (SegmentedRaftLogWorker.java:rollLogSegment(457)) - om1@group-C5BA1605619E-SegmentedRaftLogWorker: Rolling segment log-0_36900 to index:36900
2023-02-16 16:33:46,779 [om1@group-C5BA1605619E-SegmentedRaftLogWorker] INFO  segmented.SegmentedRaftLogWorker (SegmentedRaftLogWorker.java:execute(613)) - om1@group-C5BA1605619E-SegmentedRaftLogWorker: Rolled log segment from /home/runner/work/ozone/ozone/hadoop-ozone/integration-test/target/test-dir/MiniOzoneClusterImpl-3fa4a1d0-7183-4a36-b4d2-f70efcb14827/ozone-meta/ratis/bf265839-605b-3f16-9796-c5ba1605619e/current/log_inprogress_0 to /home/runner/work/ozone/ozone/hadoop-ozone/integration-test/target/test-dir/MiniOzoneClusterImpl-3fa4a1d0-7183-4a36-b4d2-f70efcb14827/ozone-meta/ratis/bf265839-605b-3f16-9796-c5ba1605619e/current/log_0-36900
2023-02-16 16:33:46,787 [om1@group-C5BA1605619E-SegmentedRaftLogWorker] INFO  segmented.SegmentedRaftLogWorker (SegmentedRaftLogWorker.java:execute(656)) - om1@group-C5BA1605619E-SegmentedRaftLogWorker: created new log segment /home/runner/work/ozone/ozone/hadoop-ozone/integration-test/target/test-dir/MiniOzoneClusterImpl-3fa4a1d0-7183-4a36-b4d2-f70efcb14827/ozone-meta/ratis/bf265839-605b-3f16-9796-c5ba1605619e/current/log_inprogress_36901
]]></system-out>
  </testcase>
  <testcase name="testListStatusOnLargeDirectoryForACLCheck" classname="TestOzoneFileSystem" time="1.094"/>
  <testcase name="testListStatusOnLargeDirectoryForACLCheck" classname="TestOzoneFileSystem" time="1.747">
    <system-out><![CDATA[2023-02-16 16:35:26,351 [om1-client-thread1] INFO  segmented.SegmentedRaftLogWorker (SegmentedRaftLogWorker.java:rollLogSegment(457)) - om1@group-C5BA1605619E-SegmentedRaftLogWorker: Rolling segment log-0_36878 to index:36878
2023-02-16 16:35:26,352 [om1@group-C5BA1605619E-SegmentedRaftLogWorker] INFO  segmented.SegmentedRaftLogWorker (SegmentedRaftLogWorker.java:execute(613)) - om1@group-C5BA1605619E-SegmentedRaftLogWorker: Rolled log segment from /home/runner/work/ozone/ozone/hadoop-ozone/integration-test/target/test-dir/MiniOzoneClusterImpl-d88fc665-df07-433e-a21c-a919abf7322c/ozone-meta/ratis/bf265839-605b-3f16-9796-c5ba1605619e/current/log_inprogress_0 to /home/runner/work/ozone/ozone/hadoop-ozone/integration-test/target/test-dir/MiniOzoneClusterImpl-d88fc665-df07-433e-a21c-a919abf7322c/ozone-meta/ratis/bf265839-605b-3f16-9796-c5ba1605619e/current/log_0-36878
2023-02-16 16:35:26,360 [om1@group-C5BA1605619E-SegmentedRaftLogWorker] INFO  segmented.SegmentedRaftLogWorker (SegmentedRaftLogWorker.java:execute(656)) - om1@group-C5BA1605619E-SegmentedRaftLogWorker: created new log segment /home/runner/work/ozone/ozone/hadoop-ozone/integration-test/target/test-dir/MiniOzoneClusterImpl-d88fc665-df07-433e-a21c-a919abf7322c/ozone-meta/ratis/bf265839-605b-3f16-9796-c5ba1605619e/current/log_inprogress_36879
]]></system-out>
  </testcase>
  <testcase name="testListStatusOnLargeDirectoryForACLCheck" classname="TestOzoneFileSystem" time="0.772"/>
  <testcase name="testRenameFileToDir" classname="TestOzoneFileSystem" time="0.037">
    <system-out><![CDATA[2023-02-16 16:33:46,838 [OM StateMachine ApplyTransaction Thread - 0] INFO  key.OMKeyRequest (OMKeyRequest.java:wrapUncommittedBlocksAsPseudoKey(837)) - Detect allocated but uncommitted blocks [{blockID={containerID=3, localID=111677748019200071}, length=4194304, offset=0, token=null, pipeline=null, createVersion=0, partNumber=0}] in key root/file1.
16:33:46.842 [IPC Server handler 18 on default port 37073] ERROR OMAudit - user=runner | ip=127.0.0.1 | op=LIST_STATUS {volume=volume28358, bucket=bucket39322, key=a/b/c/file1, dataSize=0, replicationConfig=null} | ret=FAILURE
org.apache.hadoop.ozone.om.exceptions.OMException: Unable to get file status: volume: volume28358 bucket: bucket39322 key: a/b/c/file1
	at org.apache.hadoop.ozone.om.KeyManagerImpl.getOzoneFileStatus(KeyManagerImpl.java:1162) ~[ozone-manager-1.4.0-SNAPSHOT.jar:?]
	at org.apache.hadoop.ozone.om.KeyManagerImpl.getFileStatus(KeyManagerImpl.java:1080) ~[ozone-manager-1.4.0-SNAPSHOT.jar:?]
	at org.apache.hadoop.ozone.om.KeyManagerImpl.listStatus(KeyManagerImpl.java:1443) ~[ozone-manager-1.4.0-SNAPSHOT.jar:?]
	at org.apache.hadoop.ozone.om.OmMetadataReader.listStatus(OmMetadataReader.java:261) ~[ozone-manager-1.4.0-SNAPSHOT.jar:?]
	at org.apache.hadoop.ozone.om.OzoneManager.listStatus(OzoneManager.java:3469) ~[ozone-manager-1.4.0-SNAPSHOT.jar:?]
	at org.apache.hadoop.ozone.protocolPB.OzoneManagerRequestHandler.listStatus(OzoneManagerRequestHandler.java:1097) ~[ozone-manager-1.4.0-SNAPSHOT.jar:?]
	at org.apache.hadoop.ozone.protocolPB.OzoneManagerRequestHandler.handleReadRequest(OzoneManagerRequestHandler.java:249) ~[ozone-manager-1.4.0-SNAPSHOT.jar:?]
	at org.apache.hadoop.ozone.protocolPB.OzoneManagerProtocolServerSideTranslatorPB.submitReadRequestToOM(OzoneManagerProtocolServerSideTranslatorPB.java:223) ~[ozone-manager-1.4.0-SNAPSHOT.jar:?]
	at org.apache.hadoop.ozone.protocolPB.OzoneManagerProtocolServerSideTranslatorPB.processRequest(OzoneManagerProtocolServerSideTranslatorPB.java:177) ~[ozone-manager-1.4.0-SNAPSHOT.jar:?]
	at org.apache.hadoop.hdds.server.OzoneProtocolMessageDispatcher.processRequest(OzoneProtocolMessageDispatcher.java:87) [hdds-server-framework-1.4.0-SNAPSHOT.jar:?]
	at org.apache.hadoop.ozone.protocolPB.OzoneManagerProtocolServerSideTranslatorPB.submitRequest(OzoneManagerProtocolServerSideTranslatorPB.java:147) [ozone-manager-1.4.0-SNAPSHOT.jar:?]
	at org.apache.hadoop.ozone.protocol.proto.OzoneManagerProtocolProtos$OzoneManagerService$2.callBlockingMethod(OzoneManagerProtocolProtos.java) [ozone-interface-client-1.4.0-SNAPSHOT.jar:?]
	at org.apache.hadoop.ipc.ProtobufRpcEngine$Server.processCall(ProtobufRpcEngine.java:465) [hadoop-common-3.3.4.jar:?]
	at org.apache.hadoop.ipc.ProtobufRpcEngine2$Server$ProtoBufRpcInvoker.call(ProtobufRpcEngine2.java:578) [hadoop-common-3.3.4.jar:?]
	at org.apache.hadoop.ipc.ProtobufRpcEngine2$Server$ProtoBufRpcInvoker.call(ProtobufRpcEngine2.java:556) [hadoop-common-3.3.4.jar:?]
	at org.apache.hadoop.ipc.RPC$Server.call(RPC.java:1093) [hadoop-common-3.3.4.jar:?]
	at org.apache.hadoop.ipc.Server$RpcCall.run(Server.java:1043) [hadoop-common-3.3.4.jar:?]
	at org.apache.hadoop.ipc.Server$RpcCall.run(Server.java:971) [hadoop-common-3.3.4.jar:?]
	at java.security.AccessController.doPrivileged(Native Method) ~[?:1.8.0_362]
	at javax.security.auth.Subject.doAs(Subject.java:422) [?:1.8.0_362]
	at org.apache.hadoop.security.UserGroupInformation.doAs(UserGroupInformation.java:1878) [hadoop-common-3.3.4.jar:?]
	at org.apache.hadoop.ipc.Server$Handler.run(Server.java:2976) [hadoop-common-3.3.4.jar:?]
]]></system-out>
  </testcase>
  <testcase name="testRenameFileToDir" classname="TestOzoneFileSystem" time="0.032">
    <system-out><![CDATA[2023-02-16 16:34:35,152 [IPC Server handler 11 on default port 46781] INFO  key.OMKeyRequest (OMKeyRequest.java:wrapUncommittedBlocksAsPseudoKey(837)) - Detect allocated but uncommitted blocks [{blockID={containerID=1, localID=111677748019200071}, length=4194304, offset=0, token=null, pipeline=null, createVersion=0, partNumber=0}] in key root/file1.
16:34:35.155 [IPC Server handler 7 on default port 46781] ERROR OMAudit - user=runner | ip=127.0.0.1 | op=LIST_STATUS {volume=volume76608, bucket=bucket25283, key=a/b/c/file1, dataSize=0, replicationConfig=null} | ret=FAILURE
org.apache.hadoop.ozone.om.exceptions.OMException: Unable to get file status: volume: volume76608 bucket: bucket25283 key: a/b/c/file1
	at org.apache.hadoop.ozone.om.KeyManagerImpl.getOzoneFileStatus(KeyManagerImpl.java:1162) ~[ozone-manager-1.4.0-SNAPSHOT.jar:?]
	at org.apache.hadoop.ozone.om.KeyManagerImpl.getFileStatus(KeyManagerImpl.java:1080) ~[ozone-manager-1.4.0-SNAPSHOT.jar:?]
	at org.apache.hadoop.ozone.om.KeyManagerImpl.listStatus(KeyManagerImpl.java:1443) ~[ozone-manager-1.4.0-SNAPSHOT.jar:?]
	at org.apache.hadoop.ozone.om.OmMetadataReader.listStatus(OmMetadataReader.java:261) ~[ozone-manager-1.4.0-SNAPSHOT.jar:?]
	at org.apache.hadoop.ozone.om.OzoneManager.listStatus(OzoneManager.java:3469) ~[ozone-manager-1.4.0-SNAPSHOT.jar:?]
	at org.apache.hadoop.ozone.protocolPB.OzoneManagerRequestHandler.listStatus(OzoneManagerRequestHandler.java:1097) ~[ozone-manager-1.4.0-SNAPSHOT.jar:?]
	at org.apache.hadoop.ozone.protocolPB.OzoneManagerRequestHandler.handleReadRequest(OzoneManagerRequestHandler.java:249) ~[ozone-manager-1.4.0-SNAPSHOT.jar:?]
	at org.apache.hadoop.ozone.protocolPB.OzoneManagerProtocolServerSideTranslatorPB.submitRequestDirectlyToOM(OzoneManagerProtocolServerSideTranslatorPB.java:271) ~[ozone-manager-1.4.0-SNAPSHOT.jar:?]
	at org.apache.hadoop.ozone.protocolPB.OzoneManagerProtocolServerSideTranslatorPB.processRequest(OzoneManagerProtocolServerSideTranslatorPB.java:173) ~[ozone-manager-1.4.0-SNAPSHOT.jar:?]
	at org.apache.hadoop.hdds.server.OzoneProtocolMessageDispatcher.processRequest(OzoneProtocolMessageDispatcher.java:87) [hdds-server-framework-1.4.0-SNAPSHOT.jar:?]
	at org.apache.hadoop.ozone.protocolPB.OzoneManagerProtocolServerSideTranslatorPB.submitRequest(OzoneManagerProtocolServerSideTranslatorPB.java:147) [ozone-manager-1.4.0-SNAPSHOT.jar:?]
	at org.apache.hadoop.ozone.protocol.proto.OzoneManagerProtocolProtos$OzoneManagerService$2.callBlockingMethod(OzoneManagerProtocolProtos.java) [ozone-interface-client-1.4.0-SNAPSHOT.jar:?]
	at org.apache.hadoop.ipc.ProtobufRpcEngine$Server.processCall(ProtobufRpcEngine.java:465) [hadoop-common-3.3.4.jar:?]
	at org.apache.hadoop.ipc.ProtobufRpcEngine2$Server$ProtoBufRpcInvoker.call(ProtobufRpcEngine2.java:578) [hadoop-common-3.3.4.jar:?]
	at org.apache.hadoop.ipc.ProtobufRpcEngine2$Server$ProtoBufRpcInvoker.call(ProtobufRpcEngine2.java:556) [hadoop-common-3.3.4.jar:?]
	at org.apache.hadoop.ipc.RPC$Server.call(RPC.java:1093) [hadoop-common-3.3.4.jar:?]
	at org.apache.hadoop.ipc.Server$RpcCall.run(Server.java:1043) [hadoop-common-3.3.4.jar:?]
	at org.apache.hadoop.ipc.Server$RpcCall.run(Server.java:971) [hadoop-common-3.3.4.jar:?]
	at java.security.AccessController.doPrivileged(Native Method) ~[?:1.8.0_362]
	at javax.security.auth.Subject.doAs(Subject.java:422) [?:1.8.0_362]
	at org.apache.hadoop.security.UserGroupInformation.doAs(UserGroupInformation.java:1878) [hadoop-common-3.3.4.jar:?]
	at org.apache.hadoop.ipc.Server$Handler.run(Server.java:2976) [hadoop-common-3.3.4.jar:?]
]]></system-out>
  </testcase>
  <testcase name="testRenameFileToDir" classname="TestOzoneFileSystem" time="0.032">
    <system-out><![CDATA[2023-02-16 16:35:26,467 [OM StateMachine ApplyTransaction Thread - 0] INFO  key.OMKeyRequest (OMKeyRequest.java:wrapUncommittedBlocksAsPseudoKey(837)) - Detect allocated but uncommitted blocks [{blockID={containerID=3, localID=111677748019200071}, length=4194304, offset=0, token=null, pipeline=null, createVersion=0, partNumber=0}] in key root/file1.
16:35:26.470 [IPC Server handler 12 on default port 44851] ERROR OMAudit - user=runner | ip=127.0.0.1 | op=LIST_STATUS {volume=volume35667, bucket=bucket27185, key=a/b/c/file1, dataSize=0, replicationConfig=null} | ret=FAILURE
org.apache.hadoop.ozone.om.exceptions.OMException: Unable to get file status: volume: volume35667 bucket: bucket27185 key: a/b/c/file1
	at org.apache.hadoop.ozone.om.KeyManagerImpl.getOzoneFileStatus(KeyManagerImpl.java:1162) ~[ozone-manager-1.4.0-SNAPSHOT.jar:?]
	at org.apache.hadoop.ozone.om.KeyManagerImpl.getFileStatus(KeyManagerImpl.java:1080) ~[ozone-manager-1.4.0-SNAPSHOT.jar:?]
	at org.apache.hadoop.ozone.om.KeyManagerImpl.listStatus(KeyManagerImpl.java:1443) ~[ozone-manager-1.4.0-SNAPSHOT.jar:?]
	at org.apache.hadoop.ozone.om.OmMetadataReader.listStatus(OmMetadataReader.java:261) ~[ozone-manager-1.4.0-SNAPSHOT.jar:?]
	at org.apache.hadoop.ozone.om.OzoneManager.listStatus(OzoneManager.java:3469) ~[ozone-manager-1.4.0-SNAPSHOT.jar:?]
	at org.apache.hadoop.ozone.protocolPB.OzoneManagerRequestHandler.listStatus(OzoneManagerRequestHandler.java:1097) ~[ozone-manager-1.4.0-SNAPSHOT.jar:?]
	at org.apache.hadoop.ozone.protocolPB.OzoneManagerRequestHandler.handleReadRequest(OzoneManagerRequestHandler.java:249) ~[ozone-manager-1.4.0-SNAPSHOT.jar:?]
	at org.apache.hadoop.ozone.protocolPB.OzoneManagerProtocolServerSideTranslatorPB.submitReadRequestToOM(OzoneManagerProtocolServerSideTranslatorPB.java:223) ~[ozone-manager-1.4.0-SNAPSHOT.jar:?]
	at org.apache.hadoop.ozone.protocolPB.OzoneManagerProtocolServerSideTranslatorPB.processRequest(OzoneManagerProtocolServerSideTranslatorPB.java:177) ~[ozone-manager-1.4.0-SNAPSHOT.jar:?]
	at org.apache.hadoop.hdds.server.OzoneProtocolMessageDispatcher.processRequest(OzoneProtocolMessageDispatcher.java:87) [hdds-server-framework-1.4.0-SNAPSHOT.jar:?]
	at org.apache.hadoop.ozone.protocolPB.OzoneManagerProtocolServerSideTranslatorPB.submitRequest(OzoneManagerProtocolServerSideTranslatorPB.java:147) [ozone-manager-1.4.0-SNAPSHOT.jar:?]
	at org.apache.hadoop.ozone.protocol.proto.OzoneManagerProtocolProtos$OzoneManagerService$2.callBlockingMethod(OzoneManagerProtocolProtos.java) [ozone-interface-client-1.4.0-SNAPSHOT.jar:?]
	at org.apache.hadoop.ipc.ProtobufRpcEngine$Server.processCall(ProtobufRpcEngine.java:465) [hadoop-common-3.3.4.jar:?]
	at org.apache.hadoop.ipc.ProtobufRpcEngine2$Server$ProtoBufRpcInvoker.call(ProtobufRpcEngine2.java:578) [hadoop-common-3.3.4.jar:?]
	at org.apache.hadoop.ipc.ProtobufRpcEngine2$Server$ProtoBufRpcInvoker.call(ProtobufRpcEngine2.java:556) [hadoop-common-3.3.4.jar:?]
	at org.apache.hadoop.ipc.RPC$Server.call(RPC.java:1093) [hadoop-common-3.3.4.jar:?]
	at org.apache.hadoop.ipc.Server$RpcCall.run(Server.java:1043) [hadoop-common-3.3.4.jar:?]
	at org.apache.hadoop.ipc.Server$RpcCall.run(Server.java:971) [hadoop-common-3.3.4.jar:?]
	at java.security.AccessController.doPrivileged(Native Method) ~[?:1.8.0_362]
	at javax.security.auth.Subject.doAs(Subject.java:422) [?:1.8.0_362]
	at org.apache.hadoop.security.UserGroupInformation.doAs(UserGroupInformation.java:1878) [hadoop-common-3.3.4.jar:?]
	at org.apache.hadoop.ipc.Server$Handler.run(Server.java:2976) [hadoop-common-3.3.4.jar:?]
]]></system-out>
  </testcase>
  <testcase name="testRenameFileToDir" classname="TestOzoneFileSystem" time="0.032">
    <system-out><![CDATA[2023-02-16 16:36:07,754 [IPC Server handler 2 on default port 38619] INFO  key.OMKeyRequest (OMKeyRequest.java:wrapUncommittedBlocksAsPseudoKey(837)) - Detect allocated but uncommitted blocks [{blockID={containerID=3, localID=111677748019200071}, length=4194304, offset=0, token=null, pipeline=null, createVersion=0, partNumber=0}] in key root/file1.
16:36:07.760 [IPC Server handler 6 on default port 38619] ERROR OMAudit - user=runner | ip=127.0.0.1 | op=LIST_STATUS {volume=volume78724, bucket=bucket78568, key=a/b/c/file1, dataSize=0, replicationConfig=null} | ret=FAILURE
org.apache.hadoop.ozone.om.exceptions.OMException: Unable to get file status: volume: volume78724 bucket: bucket78568 key: a/b/c/file1
	at org.apache.hadoop.ozone.om.KeyManagerImpl.getOzoneFileStatus(KeyManagerImpl.java:1162) ~[ozone-manager-1.4.0-SNAPSHOT.jar:?]
	at org.apache.hadoop.ozone.om.KeyManagerImpl.getFileStatus(KeyManagerImpl.java:1080) ~[ozone-manager-1.4.0-SNAPSHOT.jar:?]
	at org.apache.hadoop.ozone.om.KeyManagerImpl.listStatus(KeyManagerImpl.java:1443) ~[ozone-manager-1.4.0-SNAPSHOT.jar:?]
	at org.apache.hadoop.ozone.om.OmMetadataReader.listStatus(OmMetadataReader.java:261) ~[ozone-manager-1.4.0-SNAPSHOT.jar:?]
	at org.apache.hadoop.ozone.om.OzoneManager.listStatus(OzoneManager.java:3469) ~[ozone-manager-1.4.0-SNAPSHOT.jar:?]
	at org.apache.hadoop.ozone.protocolPB.OzoneManagerRequestHandler.listStatus(OzoneManagerRequestHandler.java:1097) ~[ozone-manager-1.4.0-SNAPSHOT.jar:?]
	at org.apache.hadoop.ozone.protocolPB.OzoneManagerRequestHandler.handleReadRequest(OzoneManagerRequestHandler.java:249) ~[ozone-manager-1.4.0-SNAPSHOT.jar:?]
	at org.apache.hadoop.ozone.protocolPB.OzoneManagerProtocolServerSideTranslatorPB.submitRequestDirectlyToOM(OzoneManagerProtocolServerSideTranslatorPB.java:271) ~[ozone-manager-1.4.0-SNAPSHOT.jar:?]
	at org.apache.hadoop.ozone.protocolPB.OzoneManagerProtocolServerSideTranslatorPB.processRequest(OzoneManagerProtocolServerSideTranslatorPB.java:173) ~[ozone-manager-1.4.0-SNAPSHOT.jar:?]
	at org.apache.hadoop.hdds.server.OzoneProtocolMessageDispatcher.processRequest(OzoneProtocolMessageDispatcher.java:87) [hdds-server-framework-1.4.0-SNAPSHOT.jar:?]
	at org.apache.hadoop.ozone.protocolPB.OzoneManagerProtocolServerSideTranslatorPB.submitRequest(OzoneManagerProtocolServerSideTranslatorPB.java:147) [ozone-manager-1.4.0-SNAPSHOT.jar:?]
	at org.apache.hadoop.ozone.protocol.proto.OzoneManagerProtocolProtos$OzoneManagerService$2.callBlockingMethod(OzoneManagerProtocolProtos.java) [ozone-interface-client-1.4.0-SNAPSHOT.jar:?]
	at org.apache.hadoop.ipc.ProtobufRpcEngine$Server.processCall(ProtobufRpcEngine.java:465) [hadoop-common-3.3.4.jar:?]
	at org.apache.hadoop.ipc.ProtobufRpcEngine2$Server$ProtoBufRpcInvoker.call(ProtobufRpcEngine2.java:578) [hadoop-common-3.3.4.jar:?]
	at org.apache.hadoop.ipc.ProtobufRpcEngine2$Server$ProtoBufRpcInvoker.call(ProtobufRpcEngine2.java:556) [hadoop-common-3.3.4.jar:?]
	at org.apache.hadoop.ipc.RPC$Server.call(RPC.java:1093) [hadoop-common-3.3.4.jar:?]
	at org.apache.hadoop.ipc.Server$RpcCall.run(Server.java:1043) [hadoop-common-3.3.4.jar:?]
	at org.apache.hadoop.ipc.Server$RpcCall.run(Server.java:971) [hadoop-common-3.3.4.jar:?]
	at java.security.AccessController.doPrivileged(Native Method) ~[?:1.8.0_362]
	at javax.security.auth.Subject.doAs(Subject.java:422) [?:1.8.0_362]
	at org.apache.hadoop.security.UserGroupInformation.doAs(UserGroupInformation.java:1878) [hadoop-common-3.3.4.jar:?]
	at org.apache.hadoop.ipc.Server$Handler.run(Server.java:2976) [hadoop-common-3.3.4.jar:?]
]]></system-out>
  </testcase>
  <testcase name="testListStatusWithIntermediateDirWithECEnabled" classname="TestOzoneFileSystem" time="0.028">
    <system-out><![CDATA[2023-02-16 16:33:46,868 [IPC Server handler 11 on default port 40501] INFO  pipeline.PipelineStateManagerImpl (PipelineStateManagerImpl.java:addPipeline(103)) - Created pipeline Pipeline[ Id: 00968b2c-2890-4d47-9641-54d0b92853d8, Nodes: cb9b88df-491a-41e2-b87b-1e05ddc4218e(fv-az167-289.21ktoceh2wee5fewwtpg1zd01g.bx.internal.cloudapp.net/10.1.0.66)875a4540-f234-4f63-9940-381f2b020420(fv-az167-289.21ktoceh2wee5fewwtpg1zd01g.bx.internal.cloudapp.net/10.1.0.66)44c53caa-cbc6-4a21-8e53-cb7b17b04bf3(fv-az167-289.21ktoceh2wee5fewwtpg1zd01g.bx.internal.cloudapp.net/10.1.0.66)1ef1131b-9485-4bfe-ad5a-910805a11fc3(fv-az167-289.21ktoceh2wee5fewwtpg1zd01g.bx.internal.cloudapp.net/10.1.0.66)78eb6234-2b78-46c2-a9a1-e074054ee483(fv-az167-289.21ktoceh2wee5fewwtpg1zd01g.bx.internal.cloudapp.net/10.1.0.66), ReplicationConfig: EC/ECReplicationConfig{data=3, parity=2, ecChunkSize=1048576, codec=rs}, State:ALLOCATED, leaderId:, CreationTimestamp2023-02-16T16:33:46.868Z[Etc/UTC]].
2023-02-16 16:33:46,869 [IPC Server handler 11 on default port 40501] INFO  pipeline.PipelineManagerImpl (PipelineManagerImpl.java:openPipeline(367)) - Pipeline Pipeline[ Id: 00968b2c-2890-4d47-9641-54d0b92853d8, Nodes: cb9b88df-491a-41e2-b87b-1e05ddc4218e(fv-az167-289.21ktoceh2wee5fewwtpg1zd01g.bx.internal.cloudapp.net/10.1.0.66)875a4540-f234-4f63-9940-381f2b020420(fv-az167-289.21ktoceh2wee5fewwtpg1zd01g.bx.internal.cloudapp.net/10.1.0.66)44c53caa-cbc6-4a21-8e53-cb7b17b04bf3(fv-az167-289.21ktoceh2wee5fewwtpg1zd01g.bx.internal.cloudapp.net/10.1.0.66)1ef1131b-9485-4bfe-ad5a-910805a11fc3(fv-az167-289.21ktoceh2wee5fewwtpg1zd01g.bx.internal.cloudapp.net/10.1.0.66)78eb6234-2b78-46c2-a9a1-e074054ee483(fv-az167-289.21ktoceh2wee5fewwtpg1zd01g.bx.internal.cloudapp.net/10.1.0.66), ReplicationConfig: EC/ECReplicationConfig{data=3, parity=2, ecChunkSize=1048576, codec=rs}, State:ALLOCATED, leaderId:, CreationTimestamp2023-02-16T16:33:46.868Z[Etc/UTC]] moved to OPEN state
2023-02-16 16:33:46,873 [OM StateMachine ApplyTransaction Thread - 0] INFO  key.OMKeyRequest (OMKeyRequest.java:wrapUncommittedBlocksAsPseudoKey(837)) - Detect allocated but uncommitted blocks [{blockID={containerID=11, localID=111677748019200072}, length=4194304, offset=0, token=null, pipeline=null, createVersion=0, partNumber=0}] in key object-dir/object-name1.
]]></system-out>
  </testcase>
  <testcase name="testListStatusWithIntermediateDirWithECEnabled" classname="TestOzoneFileSystem" time="0.022">
    <system-out><![CDATA[2023-02-16 16:34:35,179 [IPC Server handler 0 on default port 37173] INFO  pipeline.PipelineStateManagerImpl (PipelineStateManagerImpl.java:addPipeline(103)) - Created pipeline Pipeline[ Id: 9342c888-f31c-40e2-baa0-d2707e246b51, Nodes: 22be8fd8-b8c6-40ff-8f14-846d94d7e632(fv-az167-289.21ktoceh2wee5fewwtpg1zd01g.bx.internal.cloudapp.net/10.1.0.66)6c51f489-4ead-4eaf-8276-70ff1fcde269(fv-az167-289.21ktoceh2wee5fewwtpg1zd01g.bx.internal.cloudapp.net/10.1.0.66)9f5e5902-bacc-4266-a878-65e39c3ba6e9(fv-az167-289.21ktoceh2wee5fewwtpg1zd01g.bx.internal.cloudapp.net/10.1.0.66)640e7d3f-2dbd-4e46-b500-a7d3223ba7d6(fv-az167-289.21ktoceh2wee5fewwtpg1zd01g.bx.internal.cloudapp.net/10.1.0.66)3a64110f-54c2-4b73-a080-ae850dd54c39(fv-az167-289.21ktoceh2wee5fewwtpg1zd01g.bx.internal.cloudapp.net/10.1.0.66), ReplicationConfig: EC/ECReplicationConfig{data=3, parity=2, ecChunkSize=1048576, codec=rs}, State:ALLOCATED, leaderId:, CreationTimestamp2023-02-16T16:34:35.179Z[Etc/UTC]].
2023-02-16 16:34:35,180 [IPC Server handler 0 on default port 37173] INFO  pipeline.PipelineManagerImpl (PipelineManagerImpl.java:openPipeline(367)) - Pipeline Pipeline[ Id: 9342c888-f31c-40e2-baa0-d2707e246b51, Nodes: 22be8fd8-b8c6-40ff-8f14-846d94d7e632(fv-az167-289.21ktoceh2wee5fewwtpg1zd01g.bx.internal.cloudapp.net/10.1.0.66)6c51f489-4ead-4eaf-8276-70ff1fcde269(fv-az167-289.21ktoceh2wee5fewwtpg1zd01g.bx.internal.cloudapp.net/10.1.0.66)9f5e5902-bacc-4266-a878-65e39c3ba6e9(fv-az167-289.21ktoceh2wee5fewwtpg1zd01g.bx.internal.cloudapp.net/10.1.0.66)640e7d3f-2dbd-4e46-b500-a7d3223ba7d6(fv-az167-289.21ktoceh2wee5fewwtpg1zd01g.bx.internal.cloudapp.net/10.1.0.66)3a64110f-54c2-4b73-a080-ae850dd54c39(fv-az167-289.21ktoceh2wee5fewwtpg1zd01g.bx.internal.cloudapp.net/10.1.0.66), ReplicationConfig: EC/ECReplicationConfig{data=3, parity=2, ecChunkSize=1048576, codec=rs}, State:ALLOCATED, leaderId:, CreationTimestamp2023-02-16T16:34:35.179Z[Etc/UTC]] moved to OPEN state
2023-02-16 16:34:35,182 [IPC Server handler 10 on default port 46781] INFO  key.OMKeyRequest (OMKeyRequest.java:wrapUncommittedBlocksAsPseudoKey(837)) - Detect allocated but uncommitted blocks [{blockID={containerID=11, localID=111677748019200072}, length=4194304, offset=0, token=null, pipeline=null, createVersion=0, partNumber=0}] in key object-dir/object-name1.
]]></system-out>
  </testcase>
  <testcase name="testListStatusWithIntermediateDirWithECEnabled" classname="TestOzoneFileSystem" time="0.028">
    <system-out><![CDATA[2023-02-16 16:35:26,497 [IPC Server handler 12 on default port 46717] INFO  pipeline.PipelineStateManagerImpl (PipelineStateManagerImpl.java:addPipeline(103)) - Created pipeline Pipeline[ Id: 229d15dc-b38f-4d1d-92df-5237d88efebb, Nodes: 388d0101-376a-4ddf-936e-ac8688256993(fv-az167-289.21ktoceh2wee5fewwtpg1zd01g.bx.internal.cloudapp.net/10.1.0.66)c617c0dc-5b73-4bee-8a03-3b3ac823c300(fv-az167-289.21ktoceh2wee5fewwtpg1zd01g.bx.internal.cloudapp.net/10.1.0.66)3dc841f7-9461-45fb-be3e-f1a36e39d59a(fv-az167-289.21ktoceh2wee5fewwtpg1zd01g.bx.internal.cloudapp.net/10.1.0.66)f7941fd0-d868-43e3-a82b-129e07895457(fv-az167-289.21ktoceh2wee5fewwtpg1zd01g.bx.internal.cloudapp.net/10.1.0.66)54ea6ac5-9e66-44bc-9134-574226f2896d(fv-az167-289.21ktoceh2wee5fewwtpg1zd01g.bx.internal.cloudapp.net/10.1.0.66), ReplicationConfig: EC/ECReplicationConfig{data=3, parity=2, ecChunkSize=1048576, codec=rs}, State:ALLOCATED, leaderId:, CreationTimestamp2023-02-16T16:35:26.496Z[Etc/UTC]].
2023-02-16 16:35:26,497 [IPC Server handler 12 on default port 46717] INFO  pipeline.PipelineManagerImpl (PipelineManagerImpl.java:openPipeline(367)) - Pipeline Pipeline[ Id: 229d15dc-b38f-4d1d-92df-5237d88efebb, Nodes: 388d0101-376a-4ddf-936e-ac8688256993(fv-az167-289.21ktoceh2wee5fewwtpg1zd01g.bx.internal.cloudapp.net/10.1.0.66)c617c0dc-5b73-4bee-8a03-3b3ac823c300(fv-az167-289.21ktoceh2wee5fewwtpg1zd01g.bx.internal.cloudapp.net/10.1.0.66)3dc841f7-9461-45fb-be3e-f1a36e39d59a(fv-az167-289.21ktoceh2wee5fewwtpg1zd01g.bx.internal.cloudapp.net/10.1.0.66)f7941fd0-d868-43e3-a82b-129e07895457(fv-az167-289.21ktoceh2wee5fewwtpg1zd01g.bx.internal.cloudapp.net/10.1.0.66)54ea6ac5-9e66-44bc-9134-574226f2896d(fv-az167-289.21ktoceh2wee5fewwtpg1zd01g.bx.internal.cloudapp.net/10.1.0.66), ReplicationConfig: EC/ECReplicationConfig{data=3, parity=2, ecChunkSize=1048576, codec=rs}, State:ALLOCATED, leaderId:, CreationTimestamp2023-02-16T16:35:26.496Z[Etc/UTC]] moved to OPEN state
2023-02-16 16:35:26,501 [OM StateMachine ApplyTransaction Thread - 0] INFO  key.OMKeyRequest (OMKeyRequest.java:wrapUncommittedBlocksAsPseudoKey(837)) - Detect allocated but uncommitted blocks [{blockID={containerID=11, localID=111677748019200072}, length=4194304, offset=0, token=null, pipeline=null, createVersion=0, partNumber=0}] in key object-dir/object-name1.
]]></system-out>
  </testcase>
  <testcase name="testListStatusWithIntermediateDirWithECEnabled" classname="TestOzoneFileSystem" time="0.016">
    <system-out><![CDATA[2023-02-16 16:36:07,782 [IPC Server handler 0 on default port 32907] INFO  pipeline.PipelineStateManagerImpl (PipelineStateManagerImpl.java:addPipeline(103)) - Created pipeline Pipeline[ Id: 3622c664-86fd-4483-8fc0-40600f6668df, Nodes: 8ad86b55-446a-4cc0-ba4d-2b14b834a930(fv-az167-289.21ktoceh2wee5fewwtpg1zd01g.bx.internal.cloudapp.net/10.1.0.66)832c6eac-c5e0-4404-a712-42768f90b279(fv-az167-289.21ktoceh2wee5fewwtpg1zd01g.bx.internal.cloudapp.net/10.1.0.66)cfe669b9-663a-43f7-806f-76176ea695bf(fv-az167-289.21ktoceh2wee5fewwtpg1zd01g.bx.internal.cloudapp.net/10.1.0.66)00740072-767d-495a-9267-65b6e3e6d7e7(fv-az167-289.21ktoceh2wee5fewwtpg1zd01g.bx.internal.cloudapp.net/10.1.0.66)47c87cc4-760b-451b-b923-a7cd32ec4f45(fv-az167-289.21ktoceh2wee5fewwtpg1zd01g.bx.internal.cloudapp.net/10.1.0.66), ReplicationConfig: EC/ECReplicationConfig{data=3, parity=2, ecChunkSize=1048576, codec=rs}, State:ALLOCATED, leaderId:, CreationTimestamp2023-02-16T16:36:07.781Z[Etc/UTC]].
2023-02-16 16:36:07,782 [IPC Server handler 0 on default port 32907] INFO  pipeline.PipelineManagerImpl (PipelineManagerImpl.java:openPipeline(367)) - Pipeline Pipeline[ Id: 3622c664-86fd-4483-8fc0-40600f6668df, Nodes: 8ad86b55-446a-4cc0-ba4d-2b14b834a930(fv-az167-289.21ktoceh2wee5fewwtpg1zd01g.bx.internal.cloudapp.net/10.1.0.66)832c6eac-c5e0-4404-a712-42768f90b279(fv-az167-289.21ktoceh2wee5fewwtpg1zd01g.bx.internal.cloudapp.net/10.1.0.66)cfe669b9-663a-43f7-806f-76176ea695bf(fv-az167-289.21ktoceh2wee5fewwtpg1zd01g.bx.internal.cloudapp.net/10.1.0.66)00740072-767d-495a-9267-65b6e3e6d7e7(fv-az167-289.21ktoceh2wee5fewwtpg1zd01g.bx.internal.cloudapp.net/10.1.0.66)47c87cc4-760b-451b-b923-a7cd32ec4f45(fv-az167-289.21ktoceh2wee5fewwtpg1zd01g.bx.internal.cloudapp.net/10.1.0.66), ReplicationConfig: EC/ECReplicationConfig{data=3, parity=2, ecChunkSize=1048576, codec=rs}, State:ALLOCATED, leaderId:, CreationTimestamp2023-02-16T16:36:07.781Z[Etc/UTC]] moved to OPEN state
2023-02-16 16:36:07,783 [IPC Server handler 4 on default port 38619] INFO  key.OMKeyRequest (OMKeyRequest.java:wrapUncommittedBlocksAsPseudoKey(837)) - Detect allocated but uncommitted blocks [{blockID={containerID=11, localID=111677748019200072}, length=4194304, offset=0, token=null, pipeline=null, createVersion=0, partNumber=0}] in key object-dir/object-name1.
]]></system-out>
  </testcase>
  <testcase name="testMakeDirsWithAnExistingDirectoryPath" classname="TestOzoneFileSystem" time="0.019">
    <system-out><![CDATA[2023-02-16 16:33:46,899 [OM StateMachine ApplyTransaction Thread - 0] INFO  key.OMKeyRequest (OMKeyRequest.java:wrapUncommittedBlocksAsPseudoKey(837)) - Detect allocated but uncommitted blocks [{blockID={containerID=1, localID=111677748019200073}, length=4194304, offset=0, token=null, pipeline=null, createVersion=0, partNumber=0}] in key d1/d2/d3/d4/key1.
]]></system-out>
  </testcase>
  <testcase name="testMakeDirsWithAnExistingDirectoryPath" classname="TestOzoneFileSystem" time="0.017">
    <system-out><![CDATA[2023-02-16 16:34:35,205 [IPC Server handler 19 on default port 46781] INFO  key.OMKeyRequest (OMKeyRequest.java:wrapUncommittedBlocksAsPseudoKey(837)) - Detect allocated but uncommitted blocks [{blockID={containerID=2, localID=111677748019200073}, length=4194304, offset=0, token=null, pipeline=null, createVersion=0, partNumber=0}] in key d1/d2/d3/d4/key1.
]]></system-out>
  </testcase>
  <testcase name="testMakeDirsWithAnExistingDirectoryPath" classname="TestOzoneFileSystem" time="0.016">
    <system-out><![CDATA[2023-02-16 16:35:26,525 [OM StateMachine ApplyTransaction Thread - 0] INFO  key.OMKeyRequest (OMKeyRequest.java:wrapUncommittedBlocksAsPseudoKey(837)) - Detect allocated but uncommitted blocks [{blockID={containerID=4, localID=111677748019200073}, length=4194304, offset=0, token=null, pipeline=null, createVersion=0, partNumber=0}] in key d1/d2/d3/d4/key1.
]]></system-out>
  </testcase>
  <testcase name="testMakeDirsWithAnExistingDirectoryPath" classname="TestOzoneFileSystem" time="0.014">
    <system-out><![CDATA[2023-02-16 16:36:07,801 [IPC Server handler 10 on default port 38619] INFO  key.OMKeyRequest (OMKeyRequest.java:wrapUncommittedBlocksAsPseudoKey(837)) - Detect allocated but uncommitted blocks [{blockID={containerID=2, localID=111677748019200073}, length=4194304, offset=0, token=null, pipeline=null, createVersion=0, partNumber=0}] in key d1/d2/d3/d4/key1.
]]></system-out>
  </testcase>
</testsuite>