<?xml version="1.0" encoding="UTF-8"?>
<testsuite xmlns:xsi="http://www.w3.org/2001/XMLSchema-instance" xsi:noNamespaceSchemaLocation="https://maven.apache.org/surefire/maven-surefire-plugin/xsd/surefire-test-report-3.0.xsd" version="3.0" name="org.apache.hadoop.ozone.container.TestContainerReplication" time="244.218" tests="6" errors="1" skipped="0" failures="0">
  <properties>
    <property name="awt.toolkit" value="sun.awt.X11.XToolkit"/>
    <property name="file.encoding.pkg" value="sun.io"/>
    <property name="java.specification.version" value="1.8"/>
    <property name="sun.cpu.isalist" value=""/>
    <property name="sun.jnu.encoding" value="UTF-8"/>
    <property name="java.class.path" value="/home/runner/work/ozone/ozone/hadoop-ozone/integration-test/target/test-classes:/home/runner/work/ozone/ozone/hadoop-ozone/integration-test/target/classes:/home/runner/.m2/repository/org/apache/ozone/ozone-common/1.4.0-SNAPSHOT/ozone-common-1.4.0-SNAPSHOT.jar:/home/runner/.m2/repository/io/grpc/grpc-netty/1.51.1/grpc-netty-1.51.1.jar:/home/runner/.m2/repository/io/grpc/grpc-core/1.51.1/grpc-core-1.51.1.jar:/home/runner/.m2/repository/com/google/android/annotations/4.1.1.4/annotations-4.1.1.4.jar:/home/runner/.m2/repository/org/codehaus/mojo/animal-sniffer-annotations/1.21/animal-sniffer-annotations-1.21.jar:/home/runner/.m2/repository/com/google/errorprone/error_prone_annotations/2.2.0/error_prone_annotations-2.2.0.jar:/home/runner/.m2/repository/io/perfmark/perfmark-api/0.25.0/perfmark-api-0.25.0.jar:/home/runner/.m2/repository/io/netty/netty-codec-http2/4.1.94.Final/netty-codec-http2-4.1.94.Final.jar:/home/runner/.m2/repository/io/netty/netty-common/4.1.94.Final/netty-common-4.1.94.Final.jar:/home/runner/.m2/repository/io/netty/netty-buffer/4.1.94.Final/netty-buffer-4.1.94.Final.jar:/home/runner/.m2/repository/io/netty/netty-codec-http/4.1.94.Final/netty-codec-http-4.1.94.Final.jar:/home/runner/.m2/repository/io/netty/netty-handler-proxy/4.1.94.Final/netty-handler-proxy-4.1.94.Final.jar:/home/runner/.m2/repository/io/netty/netty-codec-socks/4.1.94.Final/netty-codec-socks-4.1.94.Final.jar:/home/runner/.m2/repository/io/netty/netty-tcnative-boringssl-static/2.0.61.Final/netty-tcnative-boringssl-static-2.0.61.Final.jar:/home/runner/.m2/repository/io/netty/netty-tcnative-classes/2.0.61.Final/netty-tcnative-classes-2.0.61.Final.jar:/home/runner/.m2/repository/io/netty/netty-tcnative-boringssl-static/2.0.61.Final/netty-tcnative-boringssl-static-2.0.61.Final-linux-x86_64.jar:/home/runner/.m2/repository/io/netty/netty-tcnative-boringssl-static/2.0.61.Final/netty-tcnative-boringssl-static-2.0.61.Final-linux-aarch_64.jar:/home/runner/.m2/repository/io/netty/netty-tcnative-boringssl-static/2.0.61.Final/netty-tcnative-boringssl-static-2.0.61.Final-osx-x86_64.jar:/home/runner/.m2/repository/io/netty/netty-tcnative-boringssl-static/2.0.61.Final/netty-tcnative-boringssl-static-2.0.61.Final-osx-aarch_64.jar:/home/runner/.m2/repository/io/netty/netty-tcnative-boringssl-static/2.0.61.Final/netty-tcnative-boringssl-static-2.0.61.Final-windows-x86_64.jar:/home/runner/.m2/repository/org/apache/commons/commons-compress/1.21/commons-compress-1.21.jar:/home/runner/.m2/repository/org/apache/ozone/hdds-common/1.4.0-SNAPSHOT/hdds-common-1.4.0-SNAPSHOT.jar:/home/runner/.m2/repository/org/apache/ozone/hdds-client/1.4.0-SNAPSHOT/hdds-client-1.4.0-SNAPSHOT.jar:/home/runner/.m2/repository/org/apache/ozone/ozone-interface-client/1.4.0-SNAPSHOT/ozone-interface-client-1.4.0-SNAPSHOT.jar:/home/runner/.m2/repository/org/apache/hadoop/hadoop-hdfs-client/3.3.6/hadoop-hdfs-client-3.3.6.jar:/home/runner/.m2/repository/com/squareup/okhttp3/okhttp/4.9.3/okhttp-4.9.3.jar:/home/runner/.m2/repository/com/squareup/okio/okio/3.4.0/okio-3.4.0.jar:/home/runner/.m2/repository/com/squareup/okio/okio-jvm/3.4.0/okio-jvm-3.4.0.jar:/home/runner/.m2/repository/org/jetbrains/kotlin/kotlin-stdlib-jdk8/1.8.0/kotlin-stdlib-jdk8-1.8.0.jar:/home/runner/.m2/repository/org/jetbrains/kotlin/kotlin-stdlib-jdk7/1.8.0/kotlin-stdlib-jdk7-1.8.0.jar:/home/runner/.m2/repository/org/jetbrains/kotlin/kotlin-stdlib-common/1.6.21/kotlin-stdlib-common-1.6.21.jar:/home/runner/.m2/repository/org/apache/ozone/hdds-test-utils/1.4.0-SNAPSHOT/hdds-test-utils-1.4.0-SNAPSHOT.jar:/home/runner/.m2/repository/com/google/guava/guava/32.0.0-jre/guava-32.0.0-jre.jar:/home/runner/.m2/repository/com/google/guava/failureaccess/1.0.1/failureaccess-1.0.1.jar:/home/runner/.m2/repository/com/google/guava/listenablefuture/9999.0-empty-to-avoid-conflict-with-guava/listenablefuture-9999.0-empty-to-avoid-conflict-with-guava.jar:/home/runner/.m2/repository/com/google/code/findbugs/jsr305/3.0.0/jsr305-3.0.0.jar:/home/runner/.m2/repository/org/checkerframework/checker-qual/3.33.0/checker-qual-3.33.0.jar:/home/runner/.m2/repository/com/google/j2objc/j2objc-annotations/2.8/j2objc-annotations-2.8.jar:/home/runner/.m2/repository/commons-io/commons-io/2.11.0/commons-io-2.11.0.jar:/home/runner/.m2/repository/commons-logging/commons-logging/1.2/commons-logging-1.2.jar:/home/runner/.m2/repository/ch/qos/reload4j/reload4j/1.2.22/reload4j-1.2.22.jar:/home/runner/.m2/repository/org/slf4j/slf4j-api/1.7.36/slf4j-api-1.7.36.jar:/home/runner/.m2/repository/org/apache/logging/log4j/log4j-api/2.17.1/log4j-api-2.17.1.jar:/home/runner/.m2/repository/org/apache/ozone/hdds-server-scm/1.4.0-SNAPSHOT/hdds-server-scm-1.4.0-SNAPSHOT.jar:/home/runner/.m2/repository/org/apache/ozone/hdds-container-service/1.4.0-SNAPSHOT/hdds-container-service-1.4.0-SNAPSHOT.jar:/home/runner/.m2/repository/org/apache/ozone/hdds-hadoop-dependency-server/1.4.0-SNAPSHOT/hdds-hadoop-dependency-server-1.4.0-SNAPSHOT.jar:/home/runner/.m2/repository/org/apache/hadoop/hadoop-hdfs/3.3.6/hadoop-hdfs-3.3.6.jar:/home/runner/.m2/repository/commons-daemon/commons-daemon/1.0.13/commons-daemon-1.0.13.jar:/home/runner/.m2/repository/org/apache/ozone/hdds-server-framework/1.4.0-SNAPSHOT/hdds-server-framework-1.4.0-SNAPSHOT.jar:/home/runner/.m2/repository/io/dropwizard/metrics/metrics-core/3.2.4/metrics-core-3.2.4.jar:/home/runner/.m2/repository/org/apache/commons/commons-text/1.10.0/commons-text-1.10.0.jar:/home/runner/.m2/repository/org/bouncycastle/bcprov-jdk15on/1.67/bcprov-jdk15on-1.67.jar:/home/runner/.m2/repository/com/google/protobuf/protobuf-java/2.5.0/protobuf-java-2.5.0.jar:/home/runner/.m2/repository/org/apache/ozone/hdds-server-framework/1.4.0-SNAPSHOT/hdds-server-framework-1.4.0-SNAPSHOT-tests.jar:/home/runner/.m2/repository/org/apache/ozone/hdds-interface-server/1.4.0-SNAPSHOT/hdds-interface-server-1.4.0-SNAPSHOT.jar:/home/runner/.m2/repository/org/apache/ozone/hdds-interface-admin/1.4.0-SNAPSHOT/hdds-interface-admin-1.4.0-SNAPSHOT.jar:/home/runner/.m2/repository/org/apache/ozone/hdds-managed-rocksdb/1.4.0-SNAPSHOT/hdds-managed-rocksdb-1.4.0-SNAPSHOT.jar:/home/runner/.m2/repository/org/rocksdb/rocksdbjni/7.7.3/rocksdbjni-7.7.3.jar:/home/runner/.m2/repository/org/slf4j/slf4j-reload4j/1.7.36/slf4j-reload4j-1.7.36.jar:/home/runner/.m2/repository/org/apache/commons/commons-configuration2/2.1.1/commons-configuration2-2.1.1.jar:/home/runner/.m2/repository/commons-fileupload/commons-fileupload/1.5/commons-fileupload-1.5.jar:/home/runner/.m2/repository/org/apache/logging/log4j/log4j-core/2.17.1/log4j-core-2.17.1.jar:/home/runner/.m2/repository/com/lmax/disruptor/3.4.2/disruptor-3.4.2.jar:/home/runner/.m2/repository/org/eclipse/jetty/jetty-util/9.4.51.v20230217/jetty-util-9.4.51.v20230217.jar:/home/runner/.m2/repository/org/eclipse/jetty/jetty-server/9.4.51.v20230217/jetty-server-9.4.51.v20230217.jar:/home/runner/.m2/repository/org/eclipse/jetty/jetty-http/9.4.51.v20230217/jetty-http-9.4.51.v20230217.jar:/home/runner/.m2/repository/org/eclipse/jetty/jetty-io/9.4.51.v20230217/jetty-io-9.4.51.v20230217.jar:/home/runner/.m2/repository/org/eclipse/jetty/jetty-servlet/9.4.51.v20230217/jetty-servlet-9.4.51.v20230217.jar:/home/runner/.m2/repository/org/eclipse/jetty/jetty-security/9.4.51.v20230217/jetty-security-9.4.51.v20230217.jar:/home/runner/.m2/repository/org/eclipse/jetty/jetty-util-ajax/9.4.51.v20230217/jetty-util-ajax-9.4.51.v20230217.jar:/home/runner/.m2/repository/org/eclipse/jetty/jetty-webapp/9.4.51.v20230217/jetty-webapp-9.4.51.v20230217.jar:/home/runner/.m2/repository/org/eclipse/jetty/jetty-xml/9.4.51.v20230217/jetty-xml-9.4.51.v20230217.jar:/home/runner/.m2/repository/org/apache/ratis/ratis-server/2.5.1/ratis-server-2.5.1.jar:/home/runner/.m2/repository/org/apache/ratis/ratis-thirdparty-misc/1.0.4/ratis-thirdparty-misc-1.0.4.jar:/home/runner/.m2/repository/org/apache/ratis/ratis-proto/2.5.1/ratis-proto-2.5.1.jar:/home/runner/.m2/repository/org/apache/ratis/ratis-common/2.5.1/ratis-common-2.5.1.jar:/home/runner/.m2/repository/org/apache/ratis/ratis-client/2.5.1/ratis-client-2.5.1.jar:/home/runner/.m2/repository/org/apache/ratis/ratis-server-api/2.5.1/ratis-server-api-2.5.1.jar:/home/runner/.m2/repository/org/apache/ratis/ratis-metrics/2.5.1/ratis-metrics-2.5.1.jar:/home/runner/.m2/repository/io/prometheus/simpleclient_dropwizard/0.7.0/simpleclient_dropwizard-0.7.0.jar:/home/runner/.m2/repository/io/prometheus/simpleclient/0.7.0/simpleclient-0.7.0.jar:/home/runner/.m2/repository/io/prometheus/simpleclient_common/0.7.0/simpleclient_common-0.7.0.jar:/home/runner/.m2/repository/com/fasterxml/jackson/datatype/jackson-datatype-jsr310/2.13.4/jackson-datatype-jsr310-2.13.4.jar:/home/runner/.m2/repository/com/fasterxml/jackson/core/jackson-core/2.13.4/jackson-core-2.13.4.jar:/home/runner/.m2/repository/com/github/spotbugs/spotbugs-annotations/3.1.12/spotbugs-annotations-3.1.12.jar:/home/runner/.m2/repository/org/apache/ozone/rocksdb-checkpoint-differ/1.4.0-SNAPSHOT/rocksdb-checkpoint-differ-1.4.0-SNAPSHOT.jar:/home/runner/.m2/repository/org/jgrapht/jgrapht-core/1.0.1/jgrapht-core-1.0.1.jar:/home/runner/.m2/repository/org/jgrapht/jgrapht-ext/1.0.1/jgrapht-ext-1.0.1.jar:/home/runner/.m2/repository/org/tinyjee/jgraphx/jgraphx/2.0.0.1/jgraphx-2.0.0.1.jar:/home/runner/.m2/repository/jgraph/jgraph/5.13.0.0/jgraph-5.13.0.0.jar:/home/runner/.m2/repository/org/antlr/antlr4-runtime/4.5.3/antlr4-runtime-4.5.3.jar:/home/runner/.m2/repository/org/awaitility/awaitility/4.2.0/awaitility-4.2.0.jar:/home/runner/.m2/repository/org/hamcrest/hamcrest/2.1/hamcrest-2.1.jar:/home/runner/.m2/repository/org/apache/ozone/ozone-manager/1.4.0-SNAPSHOT/ozone-manager-1.4.0-SNAPSHOT.jar:/home/runner/.m2/repository/org/aspectj/aspectjrt/1.9.7/aspectjrt-1.9.7.jar:/home/runner/.m2/repository/org/aspectj/aspectjweaver/1.9.7/aspectjweaver-1.9.7.jar:/home/runner/.m2/repository/org/apache/ozone/hdds-interface-client/1.4.0-SNAPSHOT/hdds-interface-client-1.4.0-SNAPSHOT.jar:/home/runner/.m2/repository/org/apache/hadoop/thirdparty/hadoop-shaded-protobuf_3_7/1.1.1/hadoop-shaded-protobuf_3_7-1.1.1.jar:/home/runner/.m2/repository/org/apache/ozone/ozone-interface-storage/1.4.0-SNAPSHOT/ozone-interface-storage-1.4.0-SNAPSHOT.jar:/home/runner/.m2/repository/org/reflections/reflections/0.9.11/reflections-0.9.11.jar:/home/runner/.m2/repository/com/sun/jersey/jersey-client/1.19/jersey-client-1.19.jar:/home/runner/.m2/repository/org/codehaus/jackson/jackson-core-asl/1.9.13/jackson-core-asl-1.9.13.jar:/home/runner/.m2/repository/org/codehaus/jackson/jackson-mapper-asl/1.9.13/jackson-mapper-asl-1.9.13.jar:/home/runner/.m2/repository/org/codehaus/jackson/jackson-jaxrs/1.9.13/jackson-jaxrs-1.9.13.jar:/home/runner/.m2/repository/org/apache/ranger/ranger-intg/2.3.0/ranger-intg-2.3.0.jar:/home/runner/.m2/repository/org/apache/ranger/ranger-plugins-common/2.3.0/ranger-plugins-common-2.3.0.jar:/home/runner/.m2/repository/commons-lang/commons-lang/2.6/commons-lang-2.6.jar:/home/runner/.m2/repository/org/apache/ranger/ranger-plugins-cred/2.3.0/ranger-plugins-cred-2.3.0.jar:/home/runner/.m2/repository/org/apache/ranger/ranger-plugins-audit/2.3.0/ranger-plugins-audit-2.3.0.jar:/home/runner/.m2/repository/org/eclipse/jetty/jetty-client/9.4.51.v20230217/jetty-client-9.4.51.v20230217.jar:/home/runner/.m2/repository/org/apache/httpcomponents/httpmime/4.5.6/httpmime-4.5.6.jar:/home/runner/.m2/repository/org/apache/httpcomponents/httpcore-nio/4.4.13/httpcore-nio-4.4.13.jar:/home/runner/.m2/repository/org/apache/httpcomponents/httpasyncclient/4.1.3/httpasyncclient-4.1.3.jar:/home/runner/.m2/repository/com/carrotsearch/hppc/0.8.0/hppc-0.8.0.jar:/home/runner/.m2/repository/org/apache/orc/orc-core/1.5.8/orc-core-1.5.8.jar:/home/runner/.m2/repository/net/java/dev/jna/jna/5.2.0/jna-5.2.0.jar:/home/runner/.m2/repository/net/java/dev/jna/jna-platform/5.2.0/jna-platform-5.2.0.jar:/home/runner/.m2/repository/com/kstruct/gethostname4j/0.0.2/gethostname4j-0.0.2.jar:/home/runner/.m2/repository/org/apache/ranger/ranger-plugin-classloader/2.3.0/ranger-plugin-classloader-2.3.0.jar:/home/runner/.m2/repository/org/apache/ozone/hdds-rocks-native/1.4.0-SNAPSHOT/hdds-rocks-native-1.4.0-SNAPSHOT.jar:/home/runner/.m2/repository/org/apache/hadoop/hadoop-minikdc/3.3.6/hadoop-minikdc-3.3.6.jar:/home/runner/.m2/repository/org/apache/kerby/kerb-simplekdc/1.0.1/kerb-simplekdc-1.0.1.jar:/home/runner/.m2/repository/org/apache/kerby/kerb-client/1.0.1/kerb-client-1.0.1.jar:/home/runner/.m2/repository/org/apache/kerby/kerby-config/1.0.1/kerby-config-1.0.1.jar:/home/runner/.m2/repository/org/apache/kerby/kerb-common/1.0.1/kerb-common-1.0.1.jar:/home/runner/.m2/repository/org/apache/kerby/kerb-crypto/1.0.1/kerb-crypto-1.0.1.jar:/home/runner/.m2/repository/org/apache/kerby/kerb-util/1.0.1/kerb-util-1.0.1.jar:/home/runner/.m2/repository/org/apache/kerby/token-provider/1.0.1/token-provider-1.0.1.jar:/home/runner/.m2/repository/org/apache/kerby/kerb-admin/1.0.1/kerb-admin-1.0.1.jar:/home/runner/.m2/repository/org/apache/kerby/kerb-server/1.0.1/kerb-server-1.0.1.jar:/home/runner/.m2/repository/org/apache/kerby/kerb-identity/1.0.1/kerb-identity-1.0.1.jar:/home/runner/.m2/repository/org/apache/kerby/kerby-xdr/1.0.1/kerby-xdr-1.0.1.jar:/home/runner/.m2/repository/org/apache/ozone/ozone-s3gateway/1.4.0-SNAPSHOT/ozone-s3gateway-1.4.0-SNAPSHOT.jar:/home/runner/.m2/repository/org/javassist/javassist/3.21.0-GA/javassist-3.21.0-GA.jar:/home/runner/.m2/repository/org/jboss/weld/servlet/weld-servlet-shaded/3.1.9.Final/weld-servlet-shaded-3.1.9.Final.jar:/home/runner/.m2/repository/org/glassfish/jersey/containers/jersey-container-servlet-core/2.34/jersey-container-servlet-core-2.34.jar:/home/runner/.m2/repository/org/glassfish/hk2/external/jakarta.inject/2.6.1/jakarta.inject-2.6.1.jar:/home/runner/.m2/repository/org/glassfish/jersey/core/jersey-common/2.34/jersey-common-2.34.jar:/home/runner/.m2/repository/jakarta/ws/rs/jakarta.ws.rs-api/2.1.6/jakarta.ws.rs-api-2.1.6.jar:/home/runner/.m2/repository/org/glassfish/jersey/ext/cdi/jersey-cdi1x/2.34/jersey-cdi1x-2.34.jar:/home/runner/.m2/repository/org/glassfish/jersey/inject/jersey-hk2/2.34/jersey-hk2-2.34.jar:/home/runner/.m2/repository/org/glassfish/hk2/hk2-locator/2.6.1/hk2-locator-2.6.1.jar:/home/runner/.m2/repository/org/glassfish/jersey/media/jersey-media-jaxb/2.34/jersey-media-jaxb-2.34.jar:/home/runner/.m2/repository/org/glassfish/hk2/osgi-resource-locator/1.0.3/osgi-resource-locator-1.0.3.jar:/home/runner/.m2/repository/org/glassfish/hk2/hk2-api/2.5.0/hk2-api-2.5.0.jar:/home/runner/.m2/repository/org/glassfish/hk2/hk2-utils/2.5.0/hk2-utils-2.5.0.jar:/home/runner/.m2/repository/org/glassfish/hk2/external/aopalliance-repackaged/2.5.0/aopalliance-repackaged-2.5.0.jar:/home/runner/.m2/repository/com/fasterxml/jackson/dataformat/jackson-dataformat-xml/2.13.4/jackson-dataformat-xml-2.13.4.jar:/home/runner/.m2/repository/org/codehaus/woodstox/stax2-api/4.2.1/stax2-api-4.2.1.jar:/home/runner/.m2/repository/com/fasterxml/woodstox/woodstox-core/5.4.0/woodstox-core-5.4.0.jar:/home/runner/.m2/repository/com/fasterxml/jackson/module/jackson-module-jaxb-annotations/2.13.4/jackson-module-jaxb-annotations-2.13.4.jar:/home/runner/.m2/repository/jakarta/xml/bind/jakarta.xml.bind-api/2.3.3/jakarta.xml.bind-api-2.3.3.jar:/home/runner/.m2/repository/jakarta/activation/jakarta.activation-api/1.2.2/jakarta.activation-api-1.2.2.jar:/home/runner/.m2/repository/javax/enterprise/cdi-api/2.0/cdi-api-2.0.jar:/home/runner/.m2/repository/javax/el/javax.el-api/3.0.0/javax.el-api-3.0.0.jar:/home/runner/.m2/repository/javax/interceptor/javax.interceptor-api/1.2/javax.interceptor-api-1.2.jar:/home/runner/.m2/repository/javax/inject/javax.inject/1/javax.inject-1.jar:/home/runner/.m2/repository/javax/xml/bind/jaxb-api/2.3.0/jaxb-api-2.3.0.jar:/home/runner/.m2/repository/org/glassfish/jaxb/jaxb-runtime/2.3.0.1/jaxb-runtime-2.3.0.1.jar:/home/runner/.m2/repository/org/glassfish/jaxb/jaxb-core/2.3.0.1/jaxb-core-2.3.0.1.jar:/home/runner/.m2/repository/org/glassfish/jaxb/txw2/2.3.0.1/txw2-2.3.0.1.jar:/home/runner/.m2/repository/com/sun/istack/istack-commons-runtime/3.0.5/istack-commons-runtime-3.0.5.jar:/home/runner/.m2/repository/org/jvnet/staxex/stax-ex/1.7.8/stax-ex-1.7.8.jar:/home/runner/.m2/repository/com/sun/xml/fastinfoset/FastInfoset/1.2.13/FastInfoset-1.2.13.jar:/home/runner/.m2/repository/javax/activation/activation/1.1.1/activation-1.1.1.jar:/home/runner/.m2/repository/io/grpc/grpc-protobuf/1.51.1/grpc-protobuf-1.51.1.jar:/home/runner/.m2/repository/com/google/api/grpc/proto-google-common-protos/2.9.0/proto-google-common-protos-2.9.0.jar:/home/runner/.m2/repository/io/grpc/grpc-protobuf-lite/1.51.1/grpc-protobuf-lite-1.51.1.jar:/home/runner/.m2/repository/io/grpc/grpc-stub/1.51.1/grpc-stub-1.51.1.jar:/home/runner/.m2/repository/io/netty/netty-transport/4.1.94.Final/netty-transport-4.1.94.Final.jar:/home/runner/.m2/repository/io/netty/netty-resolver/4.1.94.Final/netty-resolver-4.1.94.Final.jar:/home/runner/.m2/repository/org/apache/ozone/ozone-csi/1.4.0-SNAPSHOT/ozone-csi-1.4.0-SNAPSHOT.jar:/home/runner/.m2/repository/com/google/protobuf/protobuf-java-util/3.19.6/protobuf-java-util-3.19.6.jar:/home/runner/.m2/repository/com/google/code/gson/gson/2.9.0/gson-2.9.0.jar:/home/runner/.m2/repository/org/apache/ozone/hdds-config/1.4.0-SNAPSHOT/hdds-config-1.4.0-SNAPSHOT.jar:/home/runner/.m2/repository/io/netty/netty-transport-native-epoll/4.1.94.Final/netty-transport-native-epoll-4.1.94.Final-linux-x86_64.jar:/home/runner/.m2/repository/io/netty/netty-transport-classes-epoll/4.1.94.Final/netty-transport-classes-epoll-4.1.94.Final.jar:/home/runner/.m2/repository/io/netty/netty-transport-native-unix-common/4.1.94.Final/netty-transport-native-unix-common-4.1.94.Final.jar:/home/runner/.m2/repository/org/apache/ozone/ozone-recon/1.4.0-SNAPSHOT/ozone-recon-1.4.0-SNAPSHOT.jar:/home/runner/.m2/repository/org/apache/ozone/ozone-reconcodegen/1.4.0-SNAPSHOT/ozone-reconcodegen-1.4.0-SNAPSHOT.jar:/home/runner/.m2/repository/com/google/inject/guice/5.1.0/guice-5.1.0.jar:/home/runner/.m2/repository/aopalliance/aopalliance/1.0/aopalliance-1.0.jar:/home/runner/.m2/repository/com/google/inject/extensions/guice-assistedinject/5.1.0/guice-assistedinject-5.1.0.jar:/home/runner/.m2/repository/com/google/inject/extensions/guice-servlet/5.1.0/guice-servlet-5.1.0.jar:/home/runner/.m2/repository/org/glassfish/jersey/containers/jersey-container-servlet/2.34/jersey-container-servlet-2.34.jar:/home/runner/.m2/repository/org/glassfish/hk2/guice-bridge/2.5.0/guice-bridge-2.5.0.jar:/home/runner/.m2/repository/org/glassfish/jersey/core/jersey-server/2.34/jersey-server-2.34.jar:/home/runner/.m2/repository/org/glassfish/jersey/core/jersey-client/2.34/jersey-client-2.34.jar:/home/runner/.m2/repository/jakarta/annotation/jakarta.annotation-api/1.3.5/jakarta.annotation-api-1.3.5.jar:/home/runner/.m2/repository/jakarta/validation/jakarta.validation-api/2.0.2/jakarta.validation-api-2.0.2.jar:/home/runner/.m2/repository/org/glassfish/jersey/media/jersey-media-json-jackson/2.34/jersey-media-json-jackson-2.34.jar:/home/runner/.m2/repository/org/glassfish/jersey/ext/jersey-entity-filtering/2.34/jersey-entity-filtering-2.34.jar:/home/runner/.m2/repository/org/jooq/jooq/3.11.10/jooq-3.11.10.jar:/home/runner/.m2/repository/org/jooq/jooq-meta/3.11.10/jooq-meta-3.11.10.jar:/home/runner/.m2/repository/org/jooq/jooq-codegen/3.11.10/jooq-codegen-3.11.10.jar:/home/runner/.m2/repository/com/jolbox/bonecp/0.8.0.RELEASE/bonecp-0.8.0.RELEASE.jar:/home/runner/.m2/repository/org/apache/derby/derby/10.14.2.0/derby-10.14.2.0.jar:/home/runner/.m2/repository/org/xerial/sqlite-jdbc/3.41.2.2/sqlite-jdbc-3.41.2.2.jar:/home/runner/.m2/repository/org/springframework/spring-jdbc/5.3.27/spring-jdbc-5.3.27.jar:/home/runner/.m2/repository/org/springframework/spring-beans/5.3.27/spring-beans-5.3.27.jar:/home/runner/.m2/repository/org/springframework/spring-core/5.3.27/spring-core-5.3.27.jar:/home/runner/.m2/repository/org/springframework/spring-tx/5.3.27/spring-tx-5.3.27.jar:/home/runner/.m2/repository/org/apache/ozone/ozone-client/1.4.0-SNAPSHOT/ozone-client-1.4.0-SNAPSHOT.jar:/home/runner/.m2/repository/org/apache/ozone/hdds-erasurecode/1.4.0-SNAPSHOT/hdds-erasurecode-1.4.0-SNAPSHOT.jar:/home/runner/.m2/repository/org/apache/ozone/ozone-filesystem/1.4.0-SNAPSHOT/ozone-filesystem-1.4.0-SNAPSHOT.jar:/home/runner/.m2/repository/org/apache/ozone/ozone-filesystem-common/1.4.0-SNAPSHOT/ozone-filesystem-common-1.4.0-SNAPSHOT.jar:/home/runner/.m2/repository/org/apache/ozone/ozone-tools/1.4.0-SNAPSHOT/ozone-tools-1.4.0-SNAPSHOT.jar:/home/runner/.m2/repository/com/amazonaws/aws-java-sdk-core/1.12.261/aws-java-sdk-core-1.12.261.jar:/home/runner/.m2/repository/org/apache/httpcomponents/httpclient/4.5.13/httpclient-4.5.13.jar:/home/runner/.m2/repository/org/apache/httpcomponents/httpcore/4.4.13/httpcore-4.4.13.jar:/home/runner/.m2/repository/software/amazon/ion/ion-java/1.0.2/ion-java-1.0.2.jar:/home/runner/.m2/repository/com/fasterxml/jackson/dataformat/jackson-dataformat-cbor/2.13.4/jackson-dataformat-cbor-2.13.4.jar:/home/runner/.m2/repository/joda-time/joda-time/2.10.6/joda-time-2.10.6.jar:/home/runner/.m2/repository/com/amazonaws/aws-java-sdk-s3/1.12.261/aws-java-sdk-s3-1.12.261.jar:/home/runner/.m2/repository/com/amazonaws/aws-java-sdk-kms/1.12.261/aws-java-sdk-kms-1.12.261.jar:/home/runner/.m2/repository/com/amazonaws/jmespath-java/1.12.261/jmespath-java-1.12.261.jar:/home/runner/.m2/repository/org/kohsuke/metainf-services/metainf-services/1.8/metainf-services-1.8.jar:/home/runner/.m2/repository/org/apache/ozone/hdds-tools/1.4.0-SNAPSHOT/hdds-tools-1.4.0-SNAPSHOT.jar:/home/runner/.m2/repository/org/apache/ratis/ratis-tools/2.5.1/ratis-tools-2.5.1.jar:/home/runner/.m2/repository/commons-cli/commons-cli/1.2/commons-cli-1.2.jar:/home/runner/.m2/repository/org/apache/commons/commons-lang3/3.7/commons-lang3-3.7.jar:/home/runner/.m2/repository/org/apache/ozone/ozone-manager/1.4.0-SNAPSHOT/ozone-manager-1.4.0-SNAPSHOT-tests.jar:/home/runner/.m2/repository/org/apache/ozone/hdds-common/1.4.0-SNAPSHOT/hdds-common-1.4.0-SNAPSHOT-tests.jar:/home/runner/.m2/repository/org/apache/ozone/hdds-hadoop-dependency-client/1.4.0-SNAPSHOT/hdds-hadoop-dependency-client-1.4.0-SNAPSHOT.jar:/home/runner/.m2/repository/info/picocli/picocli/4.6.1/picocli-4.6.1.jar:/home/runner/.m2/repository/com/fasterxml/jackson/core/jackson-annotations/2.13.4/jackson-annotations-2.13.4.jar:/home/runner/.m2/repository/org/apache/ozone/hdds-annotation-processing/1.4.0-SNAPSHOT/hdds-annotation-processing-1.4.0-SNAPSHOT.jar:/home/runner/.m2/repository/javax/annotation/javax.annotation-api/1.2/javax.annotation-api-1.2.jar:/home/runner/.m2/repository/org/apache/ratis/ratis-netty/2.5.1/ratis-netty-2.5.1.jar:/home/runner/.m2/repository/org/apache/ratis/ratis-grpc/2.5.1/ratis-grpc-2.5.1.jar:/home/runner/.m2/repository/org/apache/commons/commons-pool2/2.6.0/commons-pool2-2.6.0.jar:/home/runner/.m2/repository/org/bouncycastle/bcpkix-jdk15on/1.67/bcpkix-jdk15on-1.67.jar:/home/runner/.m2/repository/commons-validator/commons-validator/1.6/commons-validator-1.6.jar:/home/runner/.m2/repository/commons-beanutils/commons-beanutils/1.9.4/commons-beanutils-1.9.4.jar:/home/runner/.m2/repository/commons-digester/commons-digester/1.8.1/commons-digester-1.8.1.jar:/home/runner/.m2/repository/commons-collections/commons-collections/3.2.2/commons-collections-3.2.2.jar:/home/runner/.m2/repository/io/jaegertracing/jaeger-client/1.6.0/jaeger-client-1.6.0.jar:/home/runner/.m2/repository/io/jaegertracing/jaeger-thrift/1.6.0/jaeger-thrift-1.6.0.jar:/home/runner/.m2/repository/org/apache/thrift/libthrift/0.14.1/libthrift-0.14.1.jar:/home/runner/.m2/repository/io/jaegertracing/jaeger-core/1.6.0/jaeger-core-1.6.0.jar:/home/runner/.m2/repository/io/jaegertracing/jaeger-tracerresolver/1.6.0/jaeger-tracerresolver-1.6.0.jar:/home/runner/.m2/repository/io/opentracing/contrib/opentracing-tracerresolver/0.1.8/opentracing-tracerresolver-0.1.8.jar:/home/runner/.m2/repository/org/jetbrains/kotlin/kotlin-stdlib/1.6.21/kotlin-stdlib-1.6.21.jar:/home/runner/.m2/repository/org/jetbrains/annotations/13.0/annotations-13.0.jar:/home/runner/.m2/repository/io/opentracing/opentracing-util/0.33.0/opentracing-util-0.33.0.jar:/home/runner/.m2/repository/io/opentracing/opentracing-api/0.33.0/opentracing-api-0.33.0.jar:/home/runner/.m2/repository/io/opentracing/opentracing-noop/0.33.0/opentracing-noop-0.33.0.jar:/home/runner/.m2/repository/org/yaml/snakeyaml/2.0/snakeyaml-2.0.jar:/home/runner/.m2/repository/io/grpc/grpc-api/1.51.1/grpc-api-1.51.1.jar:/home/runner/.m2/repository/io/grpc/grpc-context/1.51.1/grpc-context-1.51.1.jar:/home/runner/.m2/repository/junit/junit/4.13.1/junit-4.13.1.jar:/home/runner/.m2/repository/org/hamcrest/hamcrest-core/1.3/hamcrest-core-1.3.jar:/home/runner/.m2/repository/org/junit/jupiter/junit-jupiter-api/5.8.2/junit-jupiter-api-5.8.2.jar:/home/runner/.m2/repository/org/opentest4j/opentest4j/1.2.0/opentest4j-1.2.0.jar:/home/runner/.m2/repository/org/junit/platform/junit-platform-commons/1.8.2/junit-platform-commons-1.8.2.jar:/home/runner/.m2/repository/org/apiguardian/apiguardian-api/1.1.2/apiguardian-api-1.1.2.jar:/home/runner/.m2/repository/org/junit/jupiter/junit-jupiter-params/5.8.2/junit-jupiter-params-5.8.2.jar:/home/runner/.m2/repository/org/junit/jupiter/junit-jupiter-migrationsupport/5.8.2/junit-jupiter-migrationsupport-5.8.2.jar:/home/runner/.m2/repository/org/junit/jupiter/junit-jupiter-engine/5.8.2/junit-jupiter-engine-5.8.2.jar:/home/runner/.m2/repository/org/junit/platform/junit-platform-engine/1.8.2/junit-platform-engine-1.8.2.jar:/home/runner/.m2/repository/org/junit/vintage/junit-vintage-engine/5.8.2/junit-vintage-engine-5.8.2.jar:/home/runner/.m2/repository/org/junit/platform/junit-platform-launcher/1.8.2/junit-platform-launcher-1.8.2.jar:/home/runner/.m2/repository/org/mockito/mockito-core/3.5.9/mockito-core-3.5.9.jar:/home/runner/.m2/repository/net/bytebuddy/byte-buddy/1.10.13/byte-buddy-1.10.13.jar:/home/runner/.m2/repository/net/bytebuddy/byte-buddy-agent/1.10.13/byte-buddy-agent-1.10.13.jar:/home/runner/.m2/repository/org/objenesis/objenesis/1.0/objenesis-1.0.jar:/home/runner/.m2/repository/org/apache/hadoop/hadoop-kms/3.3.6/hadoop-kms-3.3.6.jar:/home/runner/.m2/repository/org/apache/hadoop/hadoop-auth/3.3.6/hadoop-auth-3.3.6.jar:/home/runner/.m2/repository/com/nimbusds/nimbus-jose-jwt/9.8.1/nimbus-jose-jwt-9.8.1.jar:/home/runner/.m2/repository/com/github/stephenc/jcip/jcip-annotations/1.0-1/jcip-annotations-1.0-1.jar:/home/runner/.m2/repository/org/apache/zookeeper/zookeeper/3.5.6/zookeeper-3.5.6.jar:/home/runner/.m2/repository/org/apache/zookeeper/zookeeper-jute/3.5.6/zookeeper-jute-3.5.6.jar:/home/runner/.m2/repository/org/apache/yetus/audience-annotations/0.5.0/audience-annotations-0.5.0.jar:/home/runner/.m2/repository/org/apache/curator/curator-framework/4.2.0/curator-framework-4.2.0.jar:/home/runner/.m2/repository/org/apache/hadoop/thirdparty/hadoop-shaded-guava/1.1.1/hadoop-shaded-guava-1.1.1.jar:/home/runner/.m2/repository/com/sun/jersey/jersey-core/1.19/jersey-core-1.19.jar:/home/runner/.m2/repository/javax/ws/rs/jsr311-api/1.1.1/jsr311-api-1.1.1.jar:/home/runner/.m2/repository/com/sun/jersey/jersey-server/1.19/jersey-server-1.19.jar:/home/runner/.m2/repository/javax/servlet/javax.servlet-api/3.1.0/javax.servlet-api-3.1.0.jar:/home/runner/.m2/repository/org/apache/hadoop/hadoop-common/3.3.6/hadoop-common-3.3.6.jar:/home/runner/.m2/repository/org/apache/commons/commons-math3/3.1.1/commons-math3-3.1.1.jar:/home/runner/.m2/repository/commons-net/commons-net/3.9.0/commons-net-3.9.0.jar:/home/runner/.m2/repository/com/sun/jersey/jersey-servlet/1.19/jersey-servlet-1.19.jar:/home/runner/.m2/repository/com/github/pjfanning/jersey-json/1.20/jersey-json-1.20.jar:/home/runner/.m2/repository/org/codehaus/jettison/jettison/1.1/jettison-1.1.jar:/home/runner/.m2/repository/com/sun/xml/bind/jaxb-impl/2.2.3-1/jaxb-impl-2.2.3-1.jar:/home/runner/.m2/repository/com/google/re2j/re2j/1.1/re2j-1.1.jar:/home/runner/.m2/repository/com/jcraft/jsch/0.1.54/jsch-0.1.54.jar:/home/runner/.m2/repository/org/apache/curator/curator-client/4.2.0/curator-client-4.2.0.jar:/home/runner/.m2/repository/org/apache/curator/curator-recipes/5.2.0/curator-recipes-5.2.0.jar:/home/runner/.m2/repository/org/apache/kerby/kerb-core/1.0.1/kerb-core-1.0.1.jar:/home/runner/.m2/repository/org/apache/kerby/kerby-pkix/1.0.1/kerby-pkix-1.0.1.jar:/home/runner/.m2/repository/org/apache/kerby/kerby-asn1/1.0.1/kerby-asn1-1.0.1.jar:/home/runner/.m2/repository/org/apache/kerby/kerby-util/1.0.1/kerby-util-1.0.1.jar:/home/runner/.m2/repository/dnsjava/dnsjava/2.1.7/dnsjava-2.1.7.jar:/home/runner/.m2/repository/org/xerial/snappy/snappy-java/1.1.8.2/snappy-java-1.1.8.2.jar:/home/runner/.m2/repository/com/fasterxml/jackson/core/jackson-databind/2.13.4.2/jackson-databind-2.13.4.2.jar:/home/runner/.m2/repository/org/apache/hadoop/hadoop-kms/3.3.6/hadoop-kms-3.3.6-tests.jar:/home/runner/.m2/repository/org/apache/ozone/hdds-server-scm/1.4.0-SNAPSHOT/hdds-server-scm-1.4.0-SNAPSHOT-tests.jar:/home/runner/.m2/repository/org/apache/ozone/hdds-container-service/1.4.0-SNAPSHOT/hdds-container-service-1.4.0-SNAPSHOT-tests.jar:/home/runner/.m2/repository/com/github/luben/zstd-jni/1.5.2-5/zstd-jni-1.5.2-5.jar:/home/runner/.m2/repository/commons-codec/commons-codec/1.15/commons-codec-1.15.jar:/home/runner/.m2/repository/io/netty/netty-codec/4.1.94.Final/netty-codec-4.1.94.Final.jar:/home/runner/.m2/repository/io/netty/netty-handler/4.1.94.Final/netty-handler-4.1.94.Final.jar:/home/runner/.m2/repository/org/apache/ozone/hdds-hadoop-dependency-test/1.4.0-SNAPSHOT/hdds-hadoop-dependency-test-1.4.0-SNAPSHOT.jar:/home/runner/.m2/repository/org/apache/hadoop/hadoop-common/3.3.6/hadoop-common-3.3.6-tests.jar:/home/runner/.m2/repository/org/apache/hadoop/hadoop-hdfs/3.3.6/hadoop-hdfs-3.3.6-tests.jar:/home/runner/.m2/repository/org/assertj/assertj-core/3.12.2/assertj-core-3.12.2.jar:/home/runner/.m2/repository/org/apache/hadoop/hadoop-distcp/3.3.6/hadoop-distcp-3.3.6.jar:/home/runner/.m2/repository/org/apache/hadoop/hadoop-mapreduce-client-jobclient/3.3.6/hadoop-mapreduce-client-jobclient-3.3.6.jar:/home/runner/.m2/repository/org/apache/hadoop/hadoop-mapreduce-client-common/3.3.6/hadoop-mapreduce-client-common-3.3.6.jar:/home/runner/.m2/repository/org/apache/hadoop/hadoop-yarn-common/3.3.6/hadoop-yarn-common-3.3.6.jar:/home/runner/.m2/repository/org/apache/hadoop/hadoop-yarn-api/3.3.6/hadoop-yarn-api-3.3.6.jar:/home/runner/.m2/repository/com/sun/jersey/contribs/jersey-guice/1.19/jersey-guice-1.19.jar:/home/runner/.m2/repository/com/fasterxml/jackson/jaxrs/jackson-jaxrs-json-provider/2.13.4/jackson-jaxrs-json-provider-2.13.4.jar:/home/runner/.m2/repository/com/fasterxml/jackson/jaxrs/jackson-jaxrs-base/2.13.4/jackson-jaxrs-base-2.13.4.jar:/home/runner/.m2/repository/org/apache/hadoop/hadoop-yarn-client/3.3.6/hadoop-yarn-client-3.3.6.jar:/home/runner/.m2/repository/org/eclipse/jetty/websocket/websocket-client/9.4.51.v20230217/websocket-client-9.4.51.v20230217.jar:/home/runner/.m2/repository/org/eclipse/jetty/websocket/websocket-common/9.4.51.v20230217/websocket-common-9.4.51.v20230217.jar:/home/runner/.m2/repository/org/eclipse/jetty/websocket/websocket-api/9.4.51.v20230217/websocket-api-9.4.51.v20230217.jar:/home/runner/.m2/repository/org/jline/jline/3.9.0/jline-3.9.0.jar:/home/runner/.m2/repository/org/apache/hadoop/hadoop-mapreduce-client-core/3.3.6/hadoop-mapreduce-client-core-3.3.6.jar:/home/runner/.m2/repository/org/apache/avro/avro/1.7.7/avro-1.7.7.jar:/home/runner/.m2/repository/com/thoughtworks/paranamer/paranamer/2.3/paranamer-2.3.jar:/home/runner/.m2/repository/org/apache/hadoop/hadoop-annotations/3.3.6/hadoop-annotations-3.3.6.jar:/usr/lib/jvm/temurin-8-jdk-amd64/jre/../lib/tools.jar:/home/runner/.m2/repository/io/netty/netty/3.10.6.Final/netty-3.10.6.Final.jar:/home/runner/.m2/repository/org/apache/hadoop/hadoop-distcp/3.3.6/hadoop-distcp-3.3.6-tests.jar:/home/runner/.m2/repository/org/slf4j/jul-to-slf4j/1.7.36/jul-to-slf4j-1.7.36.jar:"/>
    <property name="java.vm.vendor" value="Temurin"/>
    <property name="sun.arch.data.model" value="64"/>
    <property name="test.build.dir" value="/home/runner/work/ozone/ozone/hadoop-ozone/integration-test/target/test-dir"/>
    <property name="test.cache.data" value=""/>
    <property name="java.vendor.url" value="https://adoptium.net/"/>
    <property name="user.timezone" value="Etc/UTC"/>
    <property name="java.vm.specification.version" value="1.8"/>
    <property name="os.name" value="Linux"/>
    <property name="test.build.data" value="/home/runner/work/ozone/ozone/hadoop-ozone/integration-test/target/test-dir"/>
    <property name="sun.java.launcher" value="SUN_STANDARD"/>
    <property name="sun.boot.library.path" value="/usr/lib/jvm/temurin-8-jdk-amd64/jre/lib/amd64"/>
    <property name="sun.java.command" value="/home/runner/work/ozone/ozone/hadoop-ozone/integration-test/target/surefire/surefirebooter8172633850295523776.jar /home/runner/work/ozone/ozone/hadoop-ozone/integration-test/target/surefire 2023-08-25T08-27-27_646-jvmRun1 surefire593143602196687105tmp surefire_265542233366420591515tmp"/>
    <property name="native.lib.tmp.dir" value="/tmp"/>
    <property name="surefire.test.class.path" value="/home/runner/work/ozone/ozone/hadoop-ozone/integration-test/target/test-classes:/home/runner/work/ozone/ozone/hadoop-ozone/integration-test/target/classes:/home/runner/.m2/repository/org/apache/ozone/ozone-common/1.4.0-SNAPSHOT/ozone-common-1.4.0-SNAPSHOT.jar:/home/runner/.m2/repository/io/grpc/grpc-netty/1.51.1/grpc-netty-1.51.1.jar:/home/runner/.m2/repository/io/grpc/grpc-core/1.51.1/grpc-core-1.51.1.jar:/home/runner/.m2/repository/com/google/android/annotations/4.1.1.4/annotations-4.1.1.4.jar:/home/runner/.m2/repository/org/codehaus/mojo/animal-sniffer-annotations/1.21/animal-sniffer-annotations-1.21.jar:/home/runner/.m2/repository/com/google/errorprone/error_prone_annotations/2.2.0/error_prone_annotations-2.2.0.jar:/home/runner/.m2/repository/io/perfmark/perfmark-api/0.25.0/perfmark-api-0.25.0.jar:/home/runner/.m2/repository/io/netty/netty-codec-http2/4.1.94.Final/netty-codec-http2-4.1.94.Final.jar:/home/runner/.m2/repository/io/netty/netty-common/4.1.94.Final/netty-common-4.1.94.Final.jar:/home/runner/.m2/repository/io/netty/netty-buffer/4.1.94.Final/netty-buffer-4.1.94.Final.jar:/home/runner/.m2/repository/io/netty/netty-codec-http/4.1.94.Final/netty-codec-http-4.1.94.Final.jar:/home/runner/.m2/repository/io/netty/netty-handler-proxy/4.1.94.Final/netty-handler-proxy-4.1.94.Final.jar:/home/runner/.m2/repository/io/netty/netty-codec-socks/4.1.94.Final/netty-codec-socks-4.1.94.Final.jar:/home/runner/.m2/repository/io/netty/netty-tcnative-boringssl-static/2.0.61.Final/netty-tcnative-boringssl-static-2.0.61.Final.jar:/home/runner/.m2/repository/io/netty/netty-tcnative-classes/2.0.61.Final/netty-tcnative-classes-2.0.61.Final.jar:/home/runner/.m2/repository/io/netty/netty-tcnative-boringssl-static/2.0.61.Final/netty-tcnative-boringssl-static-2.0.61.Final-linux-x86_64.jar:/home/runner/.m2/repository/io/netty/netty-tcnative-boringssl-static/2.0.61.Final/netty-tcnative-boringssl-static-2.0.61.Final-linux-aarch_64.jar:/home/runner/.m2/repository/io/netty/netty-tcnative-boringssl-static/2.0.61.Final/netty-tcnative-boringssl-static-2.0.61.Final-osx-x86_64.jar:/home/runner/.m2/repository/io/netty/netty-tcnative-boringssl-static/2.0.61.Final/netty-tcnative-boringssl-static-2.0.61.Final-osx-aarch_64.jar:/home/runner/.m2/repository/io/netty/netty-tcnative-boringssl-static/2.0.61.Final/netty-tcnative-boringssl-static-2.0.61.Final-windows-x86_64.jar:/home/runner/.m2/repository/org/apache/commons/commons-compress/1.21/commons-compress-1.21.jar:/home/runner/.m2/repository/org/apache/ozone/hdds-common/1.4.0-SNAPSHOT/hdds-common-1.4.0-SNAPSHOT.jar:/home/runner/.m2/repository/org/apache/ozone/hdds-client/1.4.0-SNAPSHOT/hdds-client-1.4.0-SNAPSHOT.jar:/home/runner/.m2/repository/org/apache/ozone/ozone-interface-client/1.4.0-SNAPSHOT/ozone-interface-client-1.4.0-SNAPSHOT.jar:/home/runner/.m2/repository/org/apache/hadoop/hadoop-hdfs-client/3.3.6/hadoop-hdfs-client-3.3.6.jar:/home/runner/.m2/repository/com/squareup/okhttp3/okhttp/4.9.3/okhttp-4.9.3.jar:/home/runner/.m2/repository/com/squareup/okio/okio/3.4.0/okio-3.4.0.jar:/home/runner/.m2/repository/com/squareup/okio/okio-jvm/3.4.0/okio-jvm-3.4.0.jar:/home/runner/.m2/repository/org/jetbrains/kotlin/kotlin-stdlib-jdk8/1.8.0/kotlin-stdlib-jdk8-1.8.0.jar:/home/runner/.m2/repository/org/jetbrains/kotlin/kotlin-stdlib-jdk7/1.8.0/kotlin-stdlib-jdk7-1.8.0.jar:/home/runner/.m2/repository/org/jetbrains/kotlin/kotlin-stdlib-common/1.6.21/kotlin-stdlib-common-1.6.21.jar:/home/runner/.m2/repository/org/apache/ozone/hdds-test-utils/1.4.0-SNAPSHOT/hdds-test-utils-1.4.0-SNAPSHOT.jar:/home/runner/.m2/repository/com/google/guava/guava/32.0.0-jre/guava-32.0.0-jre.jar:/home/runner/.m2/repository/com/google/guava/failureaccess/1.0.1/failureaccess-1.0.1.jar:/home/runner/.m2/repository/com/google/guava/listenablefuture/9999.0-empty-to-avoid-conflict-with-guava/listenablefuture-9999.0-empty-to-avoid-conflict-with-guava.jar:/home/runner/.m2/repository/com/google/code/findbugs/jsr305/3.0.0/jsr305-3.0.0.jar:/home/runner/.m2/repository/org/checkerframework/checker-qual/3.33.0/checker-qual-3.33.0.jar:/home/runner/.m2/repository/com/google/j2objc/j2objc-annotations/2.8/j2objc-annotations-2.8.jar:/home/runner/.m2/repository/commons-io/commons-io/2.11.0/commons-io-2.11.0.jar:/home/runner/.m2/repository/commons-logging/commons-logging/1.2/commons-logging-1.2.jar:/home/runner/.m2/repository/ch/qos/reload4j/reload4j/1.2.22/reload4j-1.2.22.jar:/home/runner/.m2/repository/org/slf4j/slf4j-api/1.7.36/slf4j-api-1.7.36.jar:/home/runner/.m2/repository/org/apache/logging/log4j/log4j-api/2.17.1/log4j-api-2.17.1.jar:/home/runner/.m2/repository/org/apache/ozone/hdds-server-scm/1.4.0-SNAPSHOT/hdds-server-scm-1.4.0-SNAPSHOT.jar:/home/runner/.m2/repository/org/apache/ozone/hdds-container-service/1.4.0-SNAPSHOT/hdds-container-service-1.4.0-SNAPSHOT.jar:/home/runner/.m2/repository/org/apache/ozone/hdds-hadoop-dependency-server/1.4.0-SNAPSHOT/hdds-hadoop-dependency-server-1.4.0-SNAPSHOT.jar:/home/runner/.m2/repository/org/apache/hadoop/hadoop-hdfs/3.3.6/hadoop-hdfs-3.3.6.jar:/home/runner/.m2/repository/commons-daemon/commons-daemon/1.0.13/commons-daemon-1.0.13.jar:/home/runner/.m2/repository/org/apache/ozone/hdds-server-framework/1.4.0-SNAPSHOT/hdds-server-framework-1.4.0-SNAPSHOT.jar:/home/runner/.m2/repository/io/dropwizard/metrics/metrics-core/3.2.4/metrics-core-3.2.4.jar:/home/runner/.m2/repository/org/apache/commons/commons-text/1.10.0/commons-text-1.10.0.jar:/home/runner/.m2/repository/org/bouncycastle/bcprov-jdk15on/1.67/bcprov-jdk15on-1.67.jar:/home/runner/.m2/repository/com/google/protobuf/protobuf-java/2.5.0/protobuf-java-2.5.0.jar:/home/runner/.m2/repository/org/apache/ozone/hdds-server-framework/1.4.0-SNAPSHOT/hdds-server-framework-1.4.0-SNAPSHOT-tests.jar:/home/runner/.m2/repository/org/apache/ozone/hdds-interface-server/1.4.0-SNAPSHOT/hdds-interface-server-1.4.0-SNAPSHOT.jar:/home/runner/.m2/repository/org/apache/ozone/hdds-interface-admin/1.4.0-SNAPSHOT/hdds-interface-admin-1.4.0-SNAPSHOT.jar:/home/runner/.m2/repository/org/apache/ozone/hdds-managed-rocksdb/1.4.0-SNAPSHOT/hdds-managed-rocksdb-1.4.0-SNAPSHOT.jar:/home/runner/.m2/repository/org/rocksdb/rocksdbjni/7.7.3/rocksdbjni-7.7.3.jar:/home/runner/.m2/repository/org/slf4j/slf4j-reload4j/1.7.36/slf4j-reload4j-1.7.36.jar:/home/runner/.m2/repository/org/apache/commons/commons-configuration2/2.1.1/commons-configuration2-2.1.1.jar:/home/runner/.m2/repository/commons-fileupload/commons-fileupload/1.5/commons-fileupload-1.5.jar:/home/runner/.m2/repository/org/apache/logging/log4j/log4j-core/2.17.1/log4j-core-2.17.1.jar:/home/runner/.m2/repository/com/lmax/disruptor/3.4.2/disruptor-3.4.2.jar:/home/runner/.m2/repository/org/eclipse/jetty/jetty-util/9.4.51.v20230217/jetty-util-9.4.51.v20230217.jar:/home/runner/.m2/repository/org/eclipse/jetty/jetty-server/9.4.51.v20230217/jetty-server-9.4.51.v20230217.jar:/home/runner/.m2/repository/org/eclipse/jetty/jetty-http/9.4.51.v20230217/jetty-http-9.4.51.v20230217.jar:/home/runner/.m2/repository/org/eclipse/jetty/jetty-io/9.4.51.v20230217/jetty-io-9.4.51.v20230217.jar:/home/runner/.m2/repository/org/eclipse/jetty/jetty-servlet/9.4.51.v20230217/jetty-servlet-9.4.51.v20230217.jar:/home/runner/.m2/repository/org/eclipse/jetty/jetty-security/9.4.51.v20230217/jetty-security-9.4.51.v20230217.jar:/home/runner/.m2/repository/org/eclipse/jetty/jetty-util-ajax/9.4.51.v20230217/jetty-util-ajax-9.4.51.v20230217.jar:/home/runner/.m2/repository/org/eclipse/jetty/jetty-webapp/9.4.51.v20230217/jetty-webapp-9.4.51.v20230217.jar:/home/runner/.m2/repository/org/eclipse/jetty/jetty-xml/9.4.51.v20230217/jetty-xml-9.4.51.v20230217.jar:/home/runner/.m2/repository/org/apache/ratis/ratis-server/2.5.1/ratis-server-2.5.1.jar:/home/runner/.m2/repository/org/apache/ratis/ratis-thirdparty-misc/1.0.4/ratis-thirdparty-misc-1.0.4.jar:/home/runner/.m2/repository/org/apache/ratis/ratis-proto/2.5.1/ratis-proto-2.5.1.jar:/home/runner/.m2/repository/org/apache/ratis/ratis-common/2.5.1/ratis-common-2.5.1.jar:/home/runner/.m2/repository/org/apache/ratis/ratis-client/2.5.1/ratis-client-2.5.1.jar:/home/runner/.m2/repository/org/apache/ratis/ratis-server-api/2.5.1/ratis-server-api-2.5.1.jar:/home/runner/.m2/repository/org/apache/ratis/ratis-metrics/2.5.1/ratis-metrics-2.5.1.jar:/home/runner/.m2/repository/io/prometheus/simpleclient_dropwizard/0.7.0/simpleclient_dropwizard-0.7.0.jar:/home/runner/.m2/repository/io/prometheus/simpleclient/0.7.0/simpleclient-0.7.0.jar:/home/runner/.m2/repository/io/prometheus/simpleclient_common/0.7.0/simpleclient_common-0.7.0.jar:/home/runner/.m2/repository/com/fasterxml/jackson/datatype/jackson-datatype-jsr310/2.13.4/jackson-datatype-jsr310-2.13.4.jar:/home/runner/.m2/repository/com/fasterxml/jackson/core/jackson-core/2.13.4/jackson-core-2.13.4.jar:/home/runner/.m2/repository/com/github/spotbugs/spotbugs-annotations/3.1.12/spotbugs-annotations-3.1.12.jar:/home/runner/.m2/repository/org/apache/ozone/rocksdb-checkpoint-differ/1.4.0-SNAPSHOT/rocksdb-checkpoint-differ-1.4.0-SNAPSHOT.jar:/home/runner/.m2/repository/org/jgrapht/jgrapht-core/1.0.1/jgrapht-core-1.0.1.jar:/home/runner/.m2/repository/org/jgrapht/jgrapht-ext/1.0.1/jgrapht-ext-1.0.1.jar:/home/runner/.m2/repository/org/tinyjee/jgraphx/jgraphx/2.0.0.1/jgraphx-2.0.0.1.jar:/home/runner/.m2/repository/jgraph/jgraph/5.13.0.0/jgraph-5.13.0.0.jar:/home/runner/.m2/repository/org/antlr/antlr4-runtime/4.5.3/antlr4-runtime-4.5.3.jar:/home/runner/.m2/repository/org/awaitility/awaitility/4.2.0/awaitility-4.2.0.jar:/home/runner/.m2/repository/org/hamcrest/hamcrest/2.1/hamcrest-2.1.jar:/home/runner/.m2/repository/org/apache/ozone/ozone-manager/1.4.0-SNAPSHOT/ozone-manager-1.4.0-SNAPSHOT.jar:/home/runner/.m2/repository/org/aspectj/aspectjrt/1.9.7/aspectjrt-1.9.7.jar:/home/runner/.m2/repository/org/aspectj/aspectjweaver/1.9.7/aspectjweaver-1.9.7.jar:/home/runner/.m2/repository/org/apache/ozone/hdds-interface-client/1.4.0-SNAPSHOT/hdds-interface-client-1.4.0-SNAPSHOT.jar:/home/runner/.m2/repository/org/apache/hadoop/thirdparty/hadoop-shaded-protobuf_3_7/1.1.1/hadoop-shaded-protobuf_3_7-1.1.1.jar:/home/runner/.m2/repository/org/apache/ozone/ozone-interface-storage/1.4.0-SNAPSHOT/ozone-interface-storage-1.4.0-SNAPSHOT.jar:/home/runner/.m2/repository/org/reflections/reflections/0.9.11/reflections-0.9.11.jar:/home/runner/.m2/repository/com/sun/jersey/jersey-client/1.19/jersey-client-1.19.jar:/home/runner/.m2/repository/org/codehaus/jackson/jackson-core-asl/1.9.13/jackson-core-asl-1.9.13.jar:/home/runner/.m2/repository/org/codehaus/jackson/jackson-mapper-asl/1.9.13/jackson-mapper-asl-1.9.13.jar:/home/runner/.m2/repository/org/codehaus/jackson/jackson-jaxrs/1.9.13/jackson-jaxrs-1.9.13.jar:/home/runner/.m2/repository/org/apache/ranger/ranger-intg/2.3.0/ranger-intg-2.3.0.jar:/home/runner/.m2/repository/org/apache/ranger/ranger-plugins-common/2.3.0/ranger-plugins-common-2.3.0.jar:/home/runner/.m2/repository/commons-lang/commons-lang/2.6/commons-lang-2.6.jar:/home/runner/.m2/repository/org/apache/ranger/ranger-plugins-cred/2.3.0/ranger-plugins-cred-2.3.0.jar:/home/runner/.m2/repository/org/apache/ranger/ranger-plugins-audit/2.3.0/ranger-plugins-audit-2.3.0.jar:/home/runner/.m2/repository/org/eclipse/jetty/jetty-client/9.4.51.v20230217/jetty-client-9.4.51.v20230217.jar:/home/runner/.m2/repository/org/apache/httpcomponents/httpmime/4.5.6/httpmime-4.5.6.jar:/home/runner/.m2/repository/org/apache/httpcomponents/httpcore-nio/4.4.13/httpcore-nio-4.4.13.jar:/home/runner/.m2/repository/org/apache/httpcomponents/httpasyncclient/4.1.3/httpasyncclient-4.1.3.jar:/home/runner/.m2/repository/com/carrotsearch/hppc/0.8.0/hppc-0.8.0.jar:/home/runner/.m2/repository/org/apache/orc/orc-core/1.5.8/orc-core-1.5.8.jar:/home/runner/.m2/repository/net/java/dev/jna/jna/5.2.0/jna-5.2.0.jar:/home/runner/.m2/repository/net/java/dev/jna/jna-platform/5.2.0/jna-platform-5.2.0.jar:/home/runner/.m2/repository/com/kstruct/gethostname4j/0.0.2/gethostname4j-0.0.2.jar:/home/runner/.m2/repository/org/apache/ranger/ranger-plugin-classloader/2.3.0/ranger-plugin-classloader-2.3.0.jar:/home/runner/.m2/repository/org/apache/ozone/hdds-rocks-native/1.4.0-SNAPSHOT/hdds-rocks-native-1.4.0-SNAPSHOT.jar:/home/runner/.m2/repository/org/apache/hadoop/hadoop-minikdc/3.3.6/hadoop-minikdc-3.3.6.jar:/home/runner/.m2/repository/org/apache/kerby/kerb-simplekdc/1.0.1/kerb-simplekdc-1.0.1.jar:/home/runner/.m2/repository/org/apache/kerby/kerb-client/1.0.1/kerb-client-1.0.1.jar:/home/runner/.m2/repository/org/apache/kerby/kerby-config/1.0.1/kerby-config-1.0.1.jar:/home/runner/.m2/repository/org/apache/kerby/kerb-common/1.0.1/kerb-common-1.0.1.jar:/home/runner/.m2/repository/org/apache/kerby/kerb-crypto/1.0.1/kerb-crypto-1.0.1.jar:/home/runner/.m2/repository/org/apache/kerby/kerb-util/1.0.1/kerb-util-1.0.1.jar:/home/runner/.m2/repository/org/apache/kerby/token-provider/1.0.1/token-provider-1.0.1.jar:/home/runner/.m2/repository/org/apache/kerby/kerb-admin/1.0.1/kerb-admin-1.0.1.jar:/home/runner/.m2/repository/org/apache/kerby/kerb-server/1.0.1/kerb-server-1.0.1.jar:/home/runner/.m2/repository/org/apache/kerby/kerb-identity/1.0.1/kerb-identity-1.0.1.jar:/home/runner/.m2/repository/org/apache/kerby/kerby-xdr/1.0.1/kerby-xdr-1.0.1.jar:/home/runner/.m2/repository/org/apache/ozone/ozone-s3gateway/1.4.0-SNAPSHOT/ozone-s3gateway-1.4.0-SNAPSHOT.jar:/home/runner/.m2/repository/org/javassist/javassist/3.21.0-GA/javassist-3.21.0-GA.jar:/home/runner/.m2/repository/org/jboss/weld/servlet/weld-servlet-shaded/3.1.9.Final/weld-servlet-shaded-3.1.9.Final.jar:/home/runner/.m2/repository/org/glassfish/jersey/containers/jersey-container-servlet-core/2.34/jersey-container-servlet-core-2.34.jar:/home/runner/.m2/repository/org/glassfish/hk2/external/jakarta.inject/2.6.1/jakarta.inject-2.6.1.jar:/home/runner/.m2/repository/org/glassfish/jersey/core/jersey-common/2.34/jersey-common-2.34.jar:/home/runner/.m2/repository/jakarta/ws/rs/jakarta.ws.rs-api/2.1.6/jakarta.ws.rs-api-2.1.6.jar:/home/runner/.m2/repository/org/glassfish/jersey/ext/cdi/jersey-cdi1x/2.34/jersey-cdi1x-2.34.jar:/home/runner/.m2/repository/org/glassfish/jersey/inject/jersey-hk2/2.34/jersey-hk2-2.34.jar:/home/runner/.m2/repository/org/glassfish/hk2/hk2-locator/2.6.1/hk2-locator-2.6.1.jar:/home/runner/.m2/repository/org/glassfish/jersey/media/jersey-media-jaxb/2.34/jersey-media-jaxb-2.34.jar:/home/runner/.m2/repository/org/glassfish/hk2/osgi-resource-locator/1.0.3/osgi-resource-locator-1.0.3.jar:/home/runner/.m2/repository/org/glassfish/hk2/hk2-api/2.5.0/hk2-api-2.5.0.jar:/home/runner/.m2/repository/org/glassfish/hk2/hk2-utils/2.5.0/hk2-utils-2.5.0.jar:/home/runner/.m2/repository/org/glassfish/hk2/external/aopalliance-repackaged/2.5.0/aopalliance-repackaged-2.5.0.jar:/home/runner/.m2/repository/com/fasterxml/jackson/dataformat/jackson-dataformat-xml/2.13.4/jackson-dataformat-xml-2.13.4.jar:/home/runner/.m2/repository/org/codehaus/woodstox/stax2-api/4.2.1/stax2-api-4.2.1.jar:/home/runner/.m2/repository/com/fasterxml/woodstox/woodstox-core/5.4.0/woodstox-core-5.4.0.jar:/home/runner/.m2/repository/com/fasterxml/jackson/module/jackson-module-jaxb-annotations/2.13.4/jackson-module-jaxb-annotations-2.13.4.jar:/home/runner/.m2/repository/jakarta/xml/bind/jakarta.xml.bind-api/2.3.3/jakarta.xml.bind-api-2.3.3.jar:/home/runner/.m2/repository/jakarta/activation/jakarta.activation-api/1.2.2/jakarta.activation-api-1.2.2.jar:/home/runner/.m2/repository/javax/enterprise/cdi-api/2.0/cdi-api-2.0.jar:/home/runner/.m2/repository/javax/el/javax.el-api/3.0.0/javax.el-api-3.0.0.jar:/home/runner/.m2/repository/javax/interceptor/javax.interceptor-api/1.2/javax.interceptor-api-1.2.jar:/home/runner/.m2/repository/javax/inject/javax.inject/1/javax.inject-1.jar:/home/runner/.m2/repository/javax/xml/bind/jaxb-api/2.3.0/jaxb-api-2.3.0.jar:/home/runner/.m2/repository/org/glassfish/jaxb/jaxb-runtime/2.3.0.1/jaxb-runtime-2.3.0.1.jar:/home/runner/.m2/repository/org/glassfish/jaxb/jaxb-core/2.3.0.1/jaxb-core-2.3.0.1.jar:/home/runner/.m2/repository/org/glassfish/jaxb/txw2/2.3.0.1/txw2-2.3.0.1.jar:/home/runner/.m2/repository/com/sun/istack/istack-commons-runtime/3.0.5/istack-commons-runtime-3.0.5.jar:/home/runner/.m2/repository/org/jvnet/staxex/stax-ex/1.7.8/stax-ex-1.7.8.jar:/home/runner/.m2/repository/com/sun/xml/fastinfoset/FastInfoset/1.2.13/FastInfoset-1.2.13.jar:/home/runner/.m2/repository/javax/activation/activation/1.1.1/activation-1.1.1.jar:/home/runner/.m2/repository/io/grpc/grpc-protobuf/1.51.1/grpc-protobuf-1.51.1.jar:/home/runner/.m2/repository/com/google/api/grpc/proto-google-common-protos/2.9.0/proto-google-common-protos-2.9.0.jar:/home/runner/.m2/repository/io/grpc/grpc-protobuf-lite/1.51.1/grpc-protobuf-lite-1.51.1.jar:/home/runner/.m2/repository/io/grpc/grpc-stub/1.51.1/grpc-stub-1.51.1.jar:/home/runner/.m2/repository/io/netty/netty-transport/4.1.94.Final/netty-transport-4.1.94.Final.jar:/home/runner/.m2/repository/io/netty/netty-resolver/4.1.94.Final/netty-resolver-4.1.94.Final.jar:/home/runner/.m2/repository/org/apache/ozone/ozone-csi/1.4.0-SNAPSHOT/ozone-csi-1.4.0-SNAPSHOT.jar:/home/runner/.m2/repository/com/google/protobuf/protobuf-java-util/3.19.6/protobuf-java-util-3.19.6.jar:/home/runner/.m2/repository/com/google/code/gson/gson/2.9.0/gson-2.9.0.jar:/home/runner/.m2/repository/org/apache/ozone/hdds-config/1.4.0-SNAPSHOT/hdds-config-1.4.0-SNAPSHOT.jar:/home/runner/.m2/repository/io/netty/netty-transport-native-epoll/4.1.94.Final/netty-transport-native-epoll-4.1.94.Final-linux-x86_64.jar:/home/runner/.m2/repository/io/netty/netty-transport-classes-epoll/4.1.94.Final/netty-transport-classes-epoll-4.1.94.Final.jar:/home/runner/.m2/repository/io/netty/netty-transport-native-unix-common/4.1.94.Final/netty-transport-native-unix-common-4.1.94.Final.jar:/home/runner/.m2/repository/org/apache/ozone/ozone-recon/1.4.0-SNAPSHOT/ozone-recon-1.4.0-SNAPSHOT.jar:/home/runner/.m2/repository/org/apache/ozone/ozone-reconcodegen/1.4.0-SNAPSHOT/ozone-reconcodegen-1.4.0-SNAPSHOT.jar:/home/runner/.m2/repository/com/google/inject/guice/5.1.0/guice-5.1.0.jar:/home/runner/.m2/repository/aopalliance/aopalliance/1.0/aopalliance-1.0.jar:/home/runner/.m2/repository/com/google/inject/extensions/guice-assistedinject/5.1.0/guice-assistedinject-5.1.0.jar:/home/runner/.m2/repository/com/google/inject/extensions/guice-servlet/5.1.0/guice-servlet-5.1.0.jar:/home/runner/.m2/repository/org/glassfish/jersey/containers/jersey-container-servlet/2.34/jersey-container-servlet-2.34.jar:/home/runner/.m2/repository/org/glassfish/hk2/guice-bridge/2.5.0/guice-bridge-2.5.0.jar:/home/runner/.m2/repository/org/glassfish/jersey/core/jersey-server/2.34/jersey-server-2.34.jar:/home/runner/.m2/repository/org/glassfish/jersey/core/jersey-client/2.34/jersey-client-2.34.jar:/home/runner/.m2/repository/jakarta/annotation/jakarta.annotation-api/1.3.5/jakarta.annotation-api-1.3.5.jar:/home/runner/.m2/repository/jakarta/validation/jakarta.validation-api/2.0.2/jakarta.validation-api-2.0.2.jar:/home/runner/.m2/repository/org/glassfish/jersey/media/jersey-media-json-jackson/2.34/jersey-media-json-jackson-2.34.jar:/home/runner/.m2/repository/org/glassfish/jersey/ext/jersey-entity-filtering/2.34/jersey-entity-filtering-2.34.jar:/home/runner/.m2/repository/org/jooq/jooq/3.11.10/jooq-3.11.10.jar:/home/runner/.m2/repository/org/jooq/jooq-meta/3.11.10/jooq-meta-3.11.10.jar:/home/runner/.m2/repository/org/jooq/jooq-codegen/3.11.10/jooq-codegen-3.11.10.jar:/home/runner/.m2/repository/com/jolbox/bonecp/0.8.0.RELEASE/bonecp-0.8.0.RELEASE.jar:/home/runner/.m2/repository/org/apache/derby/derby/10.14.2.0/derby-10.14.2.0.jar:/home/runner/.m2/repository/org/xerial/sqlite-jdbc/3.41.2.2/sqlite-jdbc-3.41.2.2.jar:/home/runner/.m2/repository/org/springframework/spring-jdbc/5.3.27/spring-jdbc-5.3.27.jar:/home/runner/.m2/repository/org/springframework/spring-beans/5.3.27/spring-beans-5.3.27.jar:/home/runner/.m2/repository/org/springframework/spring-core/5.3.27/spring-core-5.3.27.jar:/home/runner/.m2/repository/org/springframework/spring-tx/5.3.27/spring-tx-5.3.27.jar:/home/runner/.m2/repository/org/apache/ozone/ozone-client/1.4.0-SNAPSHOT/ozone-client-1.4.0-SNAPSHOT.jar:/home/runner/.m2/repository/org/apache/ozone/hdds-erasurecode/1.4.0-SNAPSHOT/hdds-erasurecode-1.4.0-SNAPSHOT.jar:/home/runner/.m2/repository/org/apache/ozone/ozone-filesystem/1.4.0-SNAPSHOT/ozone-filesystem-1.4.0-SNAPSHOT.jar:/home/runner/.m2/repository/org/apache/ozone/ozone-filesystem-common/1.4.0-SNAPSHOT/ozone-filesystem-common-1.4.0-SNAPSHOT.jar:/home/runner/.m2/repository/org/apache/ozone/ozone-tools/1.4.0-SNAPSHOT/ozone-tools-1.4.0-SNAPSHOT.jar:/home/runner/.m2/repository/com/amazonaws/aws-java-sdk-core/1.12.261/aws-java-sdk-core-1.12.261.jar:/home/runner/.m2/repository/org/apache/httpcomponents/httpclient/4.5.13/httpclient-4.5.13.jar:/home/runner/.m2/repository/org/apache/httpcomponents/httpcore/4.4.13/httpcore-4.4.13.jar:/home/runner/.m2/repository/software/amazon/ion/ion-java/1.0.2/ion-java-1.0.2.jar:/home/runner/.m2/repository/com/fasterxml/jackson/dataformat/jackson-dataformat-cbor/2.13.4/jackson-dataformat-cbor-2.13.4.jar:/home/runner/.m2/repository/joda-time/joda-time/2.10.6/joda-time-2.10.6.jar:/home/runner/.m2/repository/com/amazonaws/aws-java-sdk-s3/1.12.261/aws-java-sdk-s3-1.12.261.jar:/home/runner/.m2/repository/com/amazonaws/aws-java-sdk-kms/1.12.261/aws-java-sdk-kms-1.12.261.jar:/home/runner/.m2/repository/com/amazonaws/jmespath-java/1.12.261/jmespath-java-1.12.261.jar:/home/runner/.m2/repository/org/kohsuke/metainf-services/metainf-services/1.8/metainf-services-1.8.jar:/home/runner/.m2/repository/org/apache/ozone/hdds-tools/1.4.0-SNAPSHOT/hdds-tools-1.4.0-SNAPSHOT.jar:/home/runner/.m2/repository/org/apache/ratis/ratis-tools/2.5.1/ratis-tools-2.5.1.jar:/home/runner/.m2/repository/commons-cli/commons-cli/1.2/commons-cli-1.2.jar:/home/runner/.m2/repository/org/apache/commons/commons-lang3/3.7/commons-lang3-3.7.jar:/home/runner/.m2/repository/org/apache/ozone/ozone-manager/1.4.0-SNAPSHOT/ozone-manager-1.4.0-SNAPSHOT-tests.jar:/home/runner/.m2/repository/org/apache/ozone/hdds-common/1.4.0-SNAPSHOT/hdds-common-1.4.0-SNAPSHOT-tests.jar:/home/runner/.m2/repository/org/apache/ozone/hdds-hadoop-dependency-client/1.4.0-SNAPSHOT/hdds-hadoop-dependency-client-1.4.0-SNAPSHOT.jar:/home/runner/.m2/repository/info/picocli/picocli/4.6.1/picocli-4.6.1.jar:/home/runner/.m2/repository/com/fasterxml/jackson/core/jackson-annotations/2.13.4/jackson-annotations-2.13.4.jar:/home/runner/.m2/repository/org/apache/ozone/hdds-annotation-processing/1.4.0-SNAPSHOT/hdds-annotation-processing-1.4.0-SNAPSHOT.jar:/home/runner/.m2/repository/javax/annotation/javax.annotation-api/1.2/javax.annotation-api-1.2.jar:/home/runner/.m2/repository/org/apache/ratis/ratis-netty/2.5.1/ratis-netty-2.5.1.jar:/home/runner/.m2/repository/org/apache/ratis/ratis-grpc/2.5.1/ratis-grpc-2.5.1.jar:/home/runner/.m2/repository/org/apache/commons/commons-pool2/2.6.0/commons-pool2-2.6.0.jar:/home/runner/.m2/repository/org/bouncycastle/bcpkix-jdk15on/1.67/bcpkix-jdk15on-1.67.jar:/home/runner/.m2/repository/commons-validator/commons-validator/1.6/commons-validator-1.6.jar:/home/runner/.m2/repository/commons-beanutils/commons-beanutils/1.9.4/commons-beanutils-1.9.4.jar:/home/runner/.m2/repository/commons-digester/commons-digester/1.8.1/commons-digester-1.8.1.jar:/home/runner/.m2/repository/commons-collections/commons-collections/3.2.2/commons-collections-3.2.2.jar:/home/runner/.m2/repository/io/jaegertracing/jaeger-client/1.6.0/jaeger-client-1.6.0.jar:/home/runner/.m2/repository/io/jaegertracing/jaeger-thrift/1.6.0/jaeger-thrift-1.6.0.jar:/home/runner/.m2/repository/org/apache/thrift/libthrift/0.14.1/libthrift-0.14.1.jar:/home/runner/.m2/repository/io/jaegertracing/jaeger-core/1.6.0/jaeger-core-1.6.0.jar:/home/runner/.m2/repository/io/jaegertracing/jaeger-tracerresolver/1.6.0/jaeger-tracerresolver-1.6.0.jar:/home/runner/.m2/repository/io/opentracing/contrib/opentracing-tracerresolver/0.1.8/opentracing-tracerresolver-0.1.8.jar:/home/runner/.m2/repository/org/jetbrains/kotlin/kotlin-stdlib/1.6.21/kotlin-stdlib-1.6.21.jar:/home/runner/.m2/repository/org/jetbrains/annotations/13.0/annotations-13.0.jar:/home/runner/.m2/repository/io/opentracing/opentracing-util/0.33.0/opentracing-util-0.33.0.jar:/home/runner/.m2/repository/io/opentracing/opentracing-api/0.33.0/opentracing-api-0.33.0.jar:/home/runner/.m2/repository/io/opentracing/opentracing-noop/0.33.0/opentracing-noop-0.33.0.jar:/home/runner/.m2/repository/org/yaml/snakeyaml/2.0/snakeyaml-2.0.jar:/home/runner/.m2/repository/io/grpc/grpc-api/1.51.1/grpc-api-1.51.1.jar:/home/runner/.m2/repository/io/grpc/grpc-context/1.51.1/grpc-context-1.51.1.jar:/home/runner/.m2/repository/junit/junit/4.13.1/junit-4.13.1.jar:/home/runner/.m2/repository/org/hamcrest/hamcrest-core/1.3/hamcrest-core-1.3.jar:/home/runner/.m2/repository/org/junit/jupiter/junit-jupiter-api/5.8.2/junit-jupiter-api-5.8.2.jar:/home/runner/.m2/repository/org/opentest4j/opentest4j/1.2.0/opentest4j-1.2.0.jar:/home/runner/.m2/repository/org/junit/platform/junit-platform-commons/1.8.2/junit-platform-commons-1.8.2.jar:/home/runner/.m2/repository/org/apiguardian/apiguardian-api/1.1.2/apiguardian-api-1.1.2.jar:/home/runner/.m2/repository/org/junit/jupiter/junit-jupiter-params/5.8.2/junit-jupiter-params-5.8.2.jar:/home/runner/.m2/repository/org/junit/jupiter/junit-jupiter-migrationsupport/5.8.2/junit-jupiter-migrationsupport-5.8.2.jar:/home/runner/.m2/repository/org/junit/jupiter/junit-jupiter-engine/5.8.2/junit-jupiter-engine-5.8.2.jar:/home/runner/.m2/repository/org/junit/platform/junit-platform-engine/1.8.2/junit-platform-engine-1.8.2.jar:/home/runner/.m2/repository/org/junit/vintage/junit-vintage-engine/5.8.2/junit-vintage-engine-5.8.2.jar:/home/runner/.m2/repository/org/junit/platform/junit-platform-launcher/1.8.2/junit-platform-launcher-1.8.2.jar:/home/runner/.m2/repository/org/mockito/mockito-core/3.5.9/mockito-core-3.5.9.jar:/home/runner/.m2/repository/net/bytebuddy/byte-buddy/1.10.13/byte-buddy-1.10.13.jar:/home/runner/.m2/repository/net/bytebuddy/byte-buddy-agent/1.10.13/byte-buddy-agent-1.10.13.jar:/home/runner/.m2/repository/org/objenesis/objenesis/1.0/objenesis-1.0.jar:/home/runner/.m2/repository/org/apache/hadoop/hadoop-kms/3.3.6/hadoop-kms-3.3.6.jar:/home/runner/.m2/repository/org/apache/hadoop/hadoop-auth/3.3.6/hadoop-auth-3.3.6.jar:/home/runner/.m2/repository/com/nimbusds/nimbus-jose-jwt/9.8.1/nimbus-jose-jwt-9.8.1.jar:/home/runner/.m2/repository/com/github/stephenc/jcip/jcip-annotations/1.0-1/jcip-annotations-1.0-1.jar:/home/runner/.m2/repository/org/apache/zookeeper/zookeeper/3.5.6/zookeeper-3.5.6.jar:/home/runner/.m2/repository/org/apache/zookeeper/zookeeper-jute/3.5.6/zookeeper-jute-3.5.6.jar:/home/runner/.m2/repository/org/apache/yetus/audience-annotations/0.5.0/audience-annotations-0.5.0.jar:/home/runner/.m2/repository/org/apache/curator/curator-framework/4.2.0/curator-framework-4.2.0.jar:/home/runner/.m2/repository/org/apache/hadoop/thirdparty/hadoop-shaded-guava/1.1.1/hadoop-shaded-guava-1.1.1.jar:/home/runner/.m2/repository/com/sun/jersey/jersey-core/1.19/jersey-core-1.19.jar:/home/runner/.m2/repository/javax/ws/rs/jsr311-api/1.1.1/jsr311-api-1.1.1.jar:/home/runner/.m2/repository/com/sun/jersey/jersey-server/1.19/jersey-server-1.19.jar:/home/runner/.m2/repository/javax/servlet/javax.servlet-api/3.1.0/javax.servlet-api-3.1.0.jar:/home/runner/.m2/repository/org/apache/hadoop/hadoop-common/3.3.6/hadoop-common-3.3.6.jar:/home/runner/.m2/repository/org/apache/commons/commons-math3/3.1.1/commons-math3-3.1.1.jar:/home/runner/.m2/repository/commons-net/commons-net/3.9.0/commons-net-3.9.0.jar:/home/runner/.m2/repository/com/sun/jersey/jersey-servlet/1.19/jersey-servlet-1.19.jar:/home/runner/.m2/repository/com/github/pjfanning/jersey-json/1.20/jersey-json-1.20.jar:/home/runner/.m2/repository/org/codehaus/jettison/jettison/1.1/jettison-1.1.jar:/home/runner/.m2/repository/com/sun/xml/bind/jaxb-impl/2.2.3-1/jaxb-impl-2.2.3-1.jar:/home/runner/.m2/repository/com/google/re2j/re2j/1.1/re2j-1.1.jar:/home/runner/.m2/repository/com/jcraft/jsch/0.1.54/jsch-0.1.54.jar:/home/runner/.m2/repository/org/apache/curator/curator-client/4.2.0/curator-client-4.2.0.jar:/home/runner/.m2/repository/org/apache/curator/curator-recipes/5.2.0/curator-recipes-5.2.0.jar:/home/runner/.m2/repository/org/apache/kerby/kerb-core/1.0.1/kerb-core-1.0.1.jar:/home/runner/.m2/repository/org/apache/kerby/kerby-pkix/1.0.1/kerby-pkix-1.0.1.jar:/home/runner/.m2/repository/org/apache/kerby/kerby-asn1/1.0.1/kerby-asn1-1.0.1.jar:/home/runner/.m2/repository/org/apache/kerby/kerby-util/1.0.1/kerby-util-1.0.1.jar:/home/runner/.m2/repository/dnsjava/dnsjava/2.1.7/dnsjava-2.1.7.jar:/home/runner/.m2/repository/org/xerial/snappy/snappy-java/1.1.8.2/snappy-java-1.1.8.2.jar:/home/runner/.m2/repository/com/fasterxml/jackson/core/jackson-databind/2.13.4.2/jackson-databind-2.13.4.2.jar:/home/runner/.m2/repository/org/apache/hadoop/hadoop-kms/3.3.6/hadoop-kms-3.3.6-tests.jar:/home/runner/.m2/repository/org/apache/ozone/hdds-server-scm/1.4.0-SNAPSHOT/hdds-server-scm-1.4.0-SNAPSHOT-tests.jar:/home/runner/.m2/repository/org/apache/ozone/hdds-container-service/1.4.0-SNAPSHOT/hdds-container-service-1.4.0-SNAPSHOT-tests.jar:/home/runner/.m2/repository/com/github/luben/zstd-jni/1.5.2-5/zstd-jni-1.5.2-5.jar:/home/runner/.m2/repository/commons-codec/commons-codec/1.15/commons-codec-1.15.jar:/home/runner/.m2/repository/io/netty/netty-codec/4.1.94.Final/netty-codec-4.1.94.Final.jar:/home/runner/.m2/repository/io/netty/netty-handler/4.1.94.Final/netty-handler-4.1.94.Final.jar:/home/runner/.m2/repository/org/apache/ozone/hdds-hadoop-dependency-test/1.4.0-SNAPSHOT/hdds-hadoop-dependency-test-1.4.0-SNAPSHOT.jar:/home/runner/.m2/repository/org/apache/hadoop/hadoop-common/3.3.6/hadoop-common-3.3.6-tests.jar:/home/runner/.m2/repository/org/apache/hadoop/hadoop-hdfs/3.3.6/hadoop-hdfs-3.3.6-tests.jar:/home/runner/.m2/repository/org/assertj/assertj-core/3.12.2/assertj-core-3.12.2.jar:/home/runner/.m2/repository/org/apache/hadoop/hadoop-distcp/3.3.6/hadoop-distcp-3.3.6.jar:/home/runner/.m2/repository/org/apache/hadoop/hadoop-mapreduce-client-jobclient/3.3.6/hadoop-mapreduce-client-jobclient-3.3.6.jar:/home/runner/.m2/repository/org/apache/hadoop/hadoop-mapreduce-client-common/3.3.6/hadoop-mapreduce-client-common-3.3.6.jar:/home/runner/.m2/repository/org/apache/hadoop/hadoop-yarn-common/3.3.6/hadoop-yarn-common-3.3.6.jar:/home/runner/.m2/repository/org/apache/hadoop/hadoop-yarn-api/3.3.6/hadoop-yarn-api-3.3.6.jar:/home/runner/.m2/repository/com/sun/jersey/contribs/jersey-guice/1.19/jersey-guice-1.19.jar:/home/runner/.m2/repository/com/fasterxml/jackson/jaxrs/jackson-jaxrs-json-provider/2.13.4/jackson-jaxrs-json-provider-2.13.4.jar:/home/runner/.m2/repository/com/fasterxml/jackson/jaxrs/jackson-jaxrs-base/2.13.4/jackson-jaxrs-base-2.13.4.jar:/home/runner/.m2/repository/org/apache/hadoop/hadoop-yarn-client/3.3.6/hadoop-yarn-client-3.3.6.jar:/home/runner/.m2/repository/org/eclipse/jetty/websocket/websocket-client/9.4.51.v20230217/websocket-client-9.4.51.v20230217.jar:/home/runner/.m2/repository/org/eclipse/jetty/websocket/websocket-common/9.4.51.v20230217/websocket-common-9.4.51.v20230217.jar:/home/runner/.m2/repository/org/eclipse/jetty/websocket/websocket-api/9.4.51.v20230217/websocket-api-9.4.51.v20230217.jar:/home/runner/.m2/repository/org/jline/jline/3.9.0/jline-3.9.0.jar:/home/runner/.m2/repository/org/apache/hadoop/hadoop-mapreduce-client-core/3.3.6/hadoop-mapreduce-client-core-3.3.6.jar:/home/runner/.m2/repository/org/apache/avro/avro/1.7.7/avro-1.7.7.jar:/home/runner/.m2/repository/com/thoughtworks/paranamer/paranamer/2.3/paranamer-2.3.jar:/home/runner/.m2/repository/org/apache/hadoop/hadoop-annotations/3.3.6/hadoop-annotations-3.3.6.jar:/usr/lib/jvm/temurin-8-jdk-amd64/jre/../lib/tools.jar:/home/runner/.m2/repository/io/netty/netty/3.10.6.Final/netty-3.10.6.Final.jar:/home/runner/.m2/repository/org/apache/hadoop/hadoop-distcp/3.3.6/hadoop-distcp-3.3.6-tests.jar:/home/runner/.m2/repository/org/slf4j/jul-to-slf4j/1.7.36/jul-to-slf4j-1.7.36.jar:"/>
    <property name="sun.cpu.endian" value="little"/>
    <property name="user.home" value="/home/runner"/>
    <property name="user.language" value="en"/>
    <property name="java.specification.vendor" value="Oracle Corporation"/>
    <property name="java.home" value="/usr/lib/jvm/temurin-8-jdk-amd64/jre"/>
    <property name="java.security.krb5.conf" value="/home/runner/work/ozone/ozone/hadoop-ozone/integration-test/target/test-classes/krb5.conf"/>
    <property name="basedir" value="/home/runner/work/ozone/ozone/hadoop-ozone/integration-test"/>
    <property name="file.separator" value="/"/>
    <property name="line.separator" value="&#10;"/>
    <property name="java.vm.specification.vendor" value="Oracle Corporation"/>
    <property name="java.specification.name" value="Java Platform API Specification"/>
    <property name="java.awt.graphicsenv" value="sun.awt.X11GraphicsEnvironment"/>
    <property name="skip.installnpx" value="true"/>
    <property name="surefire.real.class.path" value="/home/runner/work/ozone/ozone/hadoop-ozone/integration-test/target/surefire/surefirebooter8172633850295523776.jar:/home/runner/.m2/repository/org/jacoco/org.jacoco.agent/0.8.5/org.jacoco.agent-0.8.5-runtime.jar"/>
    <property name="hadoop.log.dir" value="/home/runner/work/ozone/ozone/hadoop-ozone/integration-test/target/log"/>
    <property name="sun.boot.class.path" value="/usr/lib/jvm/temurin-8-jdk-amd64/jre/lib/resources.jar:/usr/lib/jvm/temurin-8-jdk-amd64/jre/lib/rt.jar:/usr/lib/jvm/temurin-8-jdk-amd64/jre/lib/sunrsasign.jar:/usr/lib/jvm/temurin-8-jdk-amd64/jre/lib/jsse.jar:/usr/lib/jvm/temurin-8-jdk-amd64/jre/lib/jce.jar:/usr/lib/jvm/temurin-8-jdk-amd64/jre/lib/charsets.jar:/usr/lib/jvm/temurin-8-jdk-amd64/jre/lib/jfr.jar:/usr/lib/jvm/temurin-8-jdk-amd64/jre/classes"/>
    <property name="sun.management.compiler" value="HotSpot 64-Bit Tiered Compilers"/>
    <property name="skip.npx" value="true"/>
    <property name="java.runtime.version" value="1.8.0_382-b05"/>
    <property name="java.net.preferIPv4Stack" value="true"/>
    <property name="user.name" value="runner"/>
    <property name="path.separator" value=":"/>
    <property name="java.security.egd" value="file:///dev/urandom"/>
    <property name="os.version" value="5.15.0-1042-azure"/>
    <property name="java.endorsed.dirs" value="/usr/lib/jvm/temurin-8-jdk-amd64/jre/lib/endorsed"/>
    <property name="java.runtime.name" value="OpenJDK Runtime Environment"/>
    <property name="file.encoding" value="UTF-8"/>
    <property name="java.vm.name" value="OpenJDK 64-Bit Server VM"/>
    <property name="test.build.webapps" value=""/>
    <property name="localRepository" value="/home/runner/.m2/repository"/>
    <property name="jetty.git.hash" value="b45c405e4544384de066f814ed42ae3dceacdd49"/>
    <property name="java.vendor.url.bug" value="https://github.com/adoptium/adoptium-support/issues"/>
    <property name="java.io.tmpdir" value="/tmp"/>
    <property name="require.test.libhadoop" value=""/>
    <property name="java.version" value="1.8.0_382"/>
    <property name="user.dir" value="/home/runner/work/ozone/ozone/hadoop-ozone/integration-test"/>
    <property name="os.arch" value="amd64"/>
    <property name="java.vm.specification.name" value="Java Virtual Machine Specification"/>
    <property name="test.build.classes" value="/home/runner/work/ozone/ozone/hadoop-ozone/integration-test/target/test-classes"/>
    <property name="java.awt.printerjob" value="sun.print.PSPrinterJob"/>
    <property name="sun.os.patch.level" value="unknown"/>
    <property name="org.apache.ratis.thirdparty.io.netty.allocator.useCacheForAllThreads" value="false"/>
    <property name="hadoop.tmp.dir" value="/home/runner/work/ozone/ozone/hadoop-ozone/integration-test/target/tmp"/>
    <property name="java.library.path" value="/usr/java/packages/lib/amd64:/usr/lib64:/lib64:/lib:/usr/lib"/>
    <property name="java.vm.info" value="mixed mode"/>
    <property name="java.vendor" value="Temurin"/>
    <property name="java.vm.version" value="25.382-b05"/>
    <property name="java.specification.maintenance.version" value="5"/>
    <property name="java.ext.dirs" value="/usr/lib/jvm/temurin-8-jdk-amd64/jre/lib/ext:/usr/java/packages/lib/ext"/>
    <property name="sun.io.unicode.encoding" value="UnicodeLittle"/>
    <property name="java.class.version" value="52.0"/>
  </properties>
  <testcase name="testContainerReplicationWithLegacyReplicationManagerDisabled" classname="TestContainerReplication" time="39.787">
    <system-out><![CDATA[2023-08-25 08:50:40,462 [Time-limited test] WARN  server.ServerUtils (ServerUtils.java:getScmDbDir(155)) - ozone.scm.db.dirs is not configured. We recommend adding this setting. Falling back to ozone.metadata.dirs instead.
2023-08-25 08:50:40,737 [Time-limited test] INFO  reflections.Reflections (Reflections.java:scan(232)) - Reflections took 211 ms to scan 7 urls, producing 161 keys and 379 values 
2023-08-25 08:50:40,918 [Time-limited test] WARN  server.ServerUtils (ServerUtils.java:getScmDbDir(155)) - ozone.scm.db.dirs is not configured. We recommend adding this setting. Falling back to ozone.metadata.dirs instead.
2023-08-25 08:50:40,921 [Time-limited test] INFO  ha.SCMHANodeDetails (SCMHANodeDetails.java:loadSCMHAConfig(210)) - ServiceID for StorageContainerManager is null
2023-08-25 08:50:40,929 [Time-limited test] WARN  ha.SCMHANodeDetails (SCMHANodeDetails.java:validateSCMHAConfig(183)) - Invalid config ozone.scm.ratis.enable. The config was not specified, but the default value true conflicts with the expected config value false. Falling back to the expected value. Current State of SCM: SCM is running in Non-HA without Ratis Ratis SCM -> Non Ratis SCM or Non HA SCM -> HA SCM is not supported
2023-08-25 08:50:40,929 [Time-limited test] INFO  ha.SCMHANodeDetails (SCMHANodeDetails.java:loadSCMHAConfig(215)) - ozone.scm.default.service.id is not defined, falling back to ozone.scm.service.ids to find serviceID for StorageContainerManager if it is HA enabled cluster
2023-08-25 08:50:41,684 [Time-limited test] WARN  utils.HAUtils (HAUtils.java:getMetaDir(339)) - ozone.scm.db.dirs is not configured. We recommend adding this setting. Falling back to ozone.metadata.dirs instead.
2023-08-25 08:50:41,853 [Time-limited test] WARN  db.DBStoreBuilder (DBStoreBuilder.java:applyDBDefinition(166)) - ozone.scm.db.dirs is not configured. We recommend adding this setting. Falling back to ozone.metadata.dirs instead.
2023-08-25 08:50:42,140 [Time-limited test] INFO  net.NodeSchemaLoader (NodeSchemaLoader.java:loadSchemaFromFile(129)) - Loading schema from [jar:file:/home/runner/.m2/repository/org/apache/ozone/hdds-common/1.4.0-SNAPSHOT/hdds-common-1.4.0-SNAPSHOT.jar!/network-topology-default.xml]
2023-08-25 08:50:42,142 [Time-limited test] INFO  net.NodeSchemaLoader (NodeSchemaLoader.java:loadSchema(176)) - Loading network topology layer schema file
2023-08-25 08:50:42,201 [Time-limited test] INFO  metrics.MetricRegistries (MetricRegistriesLoader.java:load(64)) - Loaded MetricRegistries class org.apache.ratis.metrics.impl.MetricRegistriesImpl
2023-08-25 08:50:42,222 [Time-limited test] INFO  upgrade.AbstractLayoutVersionManager (AbstractLayoutVersionManager.java:init(83)) - Initializing Layout version manager with metadata layout = HADOOP_PRC_PORTS_IN_DATANODEDETAILS (version = 7), software layout = HADOOP_PRC_PORTS_IN_DATANODEDETAILS (version = 7)
2023-08-25 08:50:42,475 [Time-limited test] INFO  ha.SequenceIdGenerator (SequenceIdGenerator.java:upgradeToSequenceId(365)) - upgrade localId to 111677748019200000
2023-08-25 08:50:42,477 [Time-limited test] INFO  ha.SequenceIdGenerator (SequenceIdGenerator.java:upgradeToSequenceId(375)) - upgrade delTxnId to 0
2023-08-25 08:50:42,484 [Time-limited test] INFO  ha.SequenceIdGenerator (SequenceIdGenerator.java:upgradeToSequenceId(392)) - upgrade containerId to 0
2023-08-25 08:50:42,487 [Time-limited test] INFO  ha.SequenceIdGenerator (SequenceIdGenerator.java:upgradeToSequenceId(428)) - upgrade rootCertificateId to 1
2023-08-25 08:50:42,490 [Time-limited test] INFO  ha.SequenceIdGenerator (SequenceIdGenerator.java:<init>(236)) - Init the HA SequenceIdGenerator.
2023-08-25 08:50:42,551 [Time-limited test] INFO  node.SCMNodeManager (SCMNodeManager.java:<init>(157)) - Entering startup safe mode.
2023-08-25 08:50:42,566 [Time-limited test] INFO  algorithms.ContainerPlacementPolicyFactory (ContainerPlacementPolicyFactory.java:getPolicyInternal(86)) - Create container placement policy of type org.apache.hadoop.hdds.scm.container.placement.algorithms.SCMContainerPlacementRackAware
2023-08-25 08:50:42,570 [Time-limited test] INFO  algorithms.ContainerPlacementPolicyFactory (ContainerPlacementPolicyFactory.java:getPolicyInternal(86)) - Create container placement policy of type org.apache.hadoop.hdds.scm.container.placement.algorithms.SCMContainerPlacementRackScatter
2023-08-25 08:50:42,582 [Time-limited test] INFO  pipeline.PipelineStateManagerImpl (PipelineStateManagerImpl.java:initialize(78)) - No pipeline exists in current db
2023-08-25 08:50:42,601 [Time-limited test] INFO  algorithms.LeaderChoosePolicyFactory (LeaderChoosePolicyFactory.java:getPolicy(57)) - Create leader choose policy of type org.apache.hadoop.hdds.scm.pipeline.leader.choose.algorithms.MinLeaderCountChoosePolicy
2023-08-25 08:50:42,601 [Time-limited test] INFO  algorithms.ContainerPlacementPolicyFactory (ContainerPlacementPolicyFactory.java:getPolicyInternal(86)) - Create container placement policy of type org.apache.hadoop.hdds.scm.container.placement.algorithms.SCMContainerPlacementRackScatter
2023-08-25 08:50:42,609 [Time-limited test] INFO  ha.SCMServiceManager (SCMServiceManager.java:register(42)) - Registering service BackgroundPipelineCreator.
2023-08-25 08:50:42,609 [Time-limited test] INFO  pipeline.BackgroundPipelineCreator (BackgroundPipelineCreator.java:start(124)) - Starting RatisPipelineUtilsThread.
2023-08-25 08:50:42,612 [Time-limited test] INFO  BackgroundPipelineScrubber (BackgroundSCMService.java:start(68)) - Starting BackgroundPipelineScrubber Service.
2023-08-25 08:50:42,614 [Time-limited test] INFO  ha.SCMServiceManager (SCMServiceManager.java:register(42)) - Registering service BackgroundPipelineScrubber.
2023-08-25 08:50:42,621 [Time-limited test] INFO  ExpiredContainerReplicaOpScrubber (BackgroundSCMService.java:start(68)) - Starting ExpiredContainerReplicaOpScrubber Service.
2023-08-25 08:50:42,622 [Time-limited test] INFO  ha.SCMServiceManager (SCMServiceManager.java:register(42)) - Registering service ExpiredContainerReplicaOpScrubber.
2023-08-25 08:50:42,654 [Time-limited test] INFO  algorithms.PipelineChoosePolicyFactory (PipelineChoosePolicyFactory.java:createPipelineChoosePolicyFromClass(78)) - Create pipeline choose policy of type org.apache.hadoop.hdds.scm.pipeline.choose.algorithms.RandomPipelineChoosePolicy
2023-08-25 08:50:42,654 [Time-limited test] INFO  algorithms.PipelineChoosePolicyFactory (PipelineChoosePolicyFactory.java:createPipelineChoosePolicyFromClass(78)) - Create pipeline choose policy of type org.apache.hadoop.hdds.scm.pipeline.choose.algorithms.RandomPipelineChoosePolicy
2023-08-25 08:50:42,680 [Time-limited test] INFO  ha.SCMServiceManager (SCMServiceManager.java:register(42)) - Registering service SCMBlockDeletingService.
2023-08-25 08:50:42,764 [Time-limited test] INFO  replication.ReplicationManager (ReplicationManager.java:start(287)) - Starting Replication Monitor Thread.
2023-08-25 08:50:42,778 [Time-limited test] INFO  ha.SCMServiceManager (SCMServiceManager.java:register(42)) - Registering service ReplicationManager.
2023-08-25 08:50:42,778 [ReplicationMonitor] INFO  replication.ReplicationManager (ReplicationManager.java:processAll(361)) - Replication Manager is not ready to run until 3000ms after safemode exit
2023-08-25 08:50:42,795 [Time-limited test] INFO  safemode.ContainerSafeModeRule (ContainerSafeModeRule.java:<init>(90)) - containers with one replica threshold count 0
2023-08-25 08:50:42,798 [Time-limited test] INFO  safemode.HealthyPipelineSafeModeRule (HealthyPipelineSafeModeRule.java:initializeRule(169)) - Total pipeline count is 0, healthy pipeline threshold count is 1
2023-08-25 08:50:42,801 [Time-limited test] INFO  safemode.OneReplicaPipelineSafeModeRule (OneReplicaPipelineSafeModeRule.java:initializeRule(180)) - Total pipeline count is 0, pipeline's with at least one datanode reported threshold count is 0
2023-08-25 08:50:42,857 [Time-limited test] INFO  server.StorageContainerManager (StorageContainerManager.java:<init>(425)) - SCM start with adminUsers: [runner]
2023-08-25 08:50:43,252 [Time-limited test] INFO  audit.AuditLogger (AuditLogger.java:refreshDebugCmdSet(126)) - Refresh DebugCmdSet for SCMAudit to [].
2023-08-25 08:50:43,289 [Time-limited test] INFO  ipc.CallQueueManager (CallQueueManager.java:<init>(90)) - Using callQueue: class java.util.concurrent.LinkedBlockingQueue, queueCapacity: 2000, scheduler: class org.apache.hadoop.ipc.DefaultRpcScheduler, ipcBackoff: false.
2023-08-25 08:50:43,327 [Time-limited test] INFO  ipc.Server (Server.java:<init>(1287)) - Listener at 0.0.0.0:15002
2023-08-25 08:50:43,331 [Socket Reader #1 for port 15002] INFO  ipc.Server (Server.java:run(1323)) - Starting Socket Reader #1 for port 15002
2023-08-25 08:50:43,404 [Time-limited test] INFO  audit.AuditLogger (AuditLogger.java:refreshDebugCmdSet(126)) - Refresh DebugCmdSet for SCMAudit to [].
2023-08-25 08:50:43,410 [Time-limited test] INFO  ipc.CallQueueManager (CallQueueManager.java:<init>(90)) - Using callQueue: class java.util.concurrent.LinkedBlockingQueue, queueCapacity: 2000, scheduler: class org.apache.hadoop.ipc.DefaultRpcScheduler, ipcBackoff: false.
2023-08-25 08:50:43,411 [Time-limited test] INFO  ipc.Server (Server.java:<init>(1287)) - Listener at 0.0.0.0:15001
2023-08-25 08:50:43,411 [Socket Reader #1 for port 15001] INFO  ipc.Server (Server.java:run(1323)) - Starting Socket Reader #1 for port 15001
2023-08-25 08:50:43,458 [Time-limited test] INFO  audit.AuditLogger (AuditLogger.java:refreshDebugCmdSet(126)) - Refresh DebugCmdSet for SCMAudit to [].
2023-08-25 08:50:43,471 [Time-limited test] INFO  ipc.CallQueueManager (CallQueueManager.java:<init>(90)) - Using callQueue: class java.util.concurrent.LinkedBlockingQueue, queueCapacity: 2000, scheduler: class org.apache.hadoop.ipc.DefaultRpcScheduler, ipcBackoff: false.
2023-08-25 08:50:43,471 [Time-limited test] INFO  ipc.Server (Server.java:<init>(1287)) - Listener at 0.0.0.0:15000
2023-08-25 08:50:43,472 [Socket Reader #1 for port 15000] INFO  ipc.Server (Server.java:run(1323)) - Starting Socket Reader #1 for port 15000
2023-08-25 08:50:43,542 [Time-limited test] INFO  ha.SCMServiceManager (SCMServiceManager.java:register(42)) - Registering service ContainerBalancer.
2023-08-25 08:50:43,543 [Time-limited test] INFO  server.StorageContainerManager (StorageContainerManager.java:<init>(438)) - 
Container Balancer status:
Key                            Value
Running                        false
Container Balancer Configuration values:
Key                                                Value
Threshold                                          10
Max Datanodes to Involve per Iteration(percent)    20
Max Size to Move per Iteration                     500GB
Max Size Entering Target per Iteration             26GB
Max Size Leaving Source per Iteration              26GB

2023-08-25 08:50:43,544 [Time-limited test] INFO  ha.SCMContext (SCMContext.java:updateSafeModeStatus(228)) - Update SafeModeStatus from SafeModeStatus{safeModeStatus=true, preCheckPassed=false} to SafeModeStatus{safeModeStatus=true, preCheckPassed=false}.
2023-08-25 08:50:43,553 [Time-limited test] INFO  server.StorageContainerManager (StorageContainerManager.java:start(1483)) - StorageContainerLocationProtocol RPC server is listening at /0.0.0.0:15000
2023-08-25 08:50:43,630 [Time-limited test] WARN  impl.MetricsConfig (MetricsConfig.java:loadFirst(136)) - Cannot locate configuration: tried hadoop-metrics2-storagecontainermanager.properties,hadoop-metrics2.properties
2023-08-25 08:50:43,649 [Time-limited test] INFO  impl.MetricsSystemImpl (MetricsSystemImpl.java:startTimer(378)) - Scheduled Metric snapshot period at 10 second(s).
2023-08-25 08:50:43,649 [Time-limited test] INFO  impl.MetricsSystemImpl (MetricsSystemImpl.java:start(191)) - StorageContainerManager metrics system started
2023-08-25 08:50:43,779 [ReplicationMonitor] INFO  replication.ReplicationManager (ReplicationManager.java:processAll(361)) - Replication Manager is not ready to run until 3000ms after safemode exit
2023-08-25 08:50:43,961 [Time-limited test] INFO  server.SCMClientProtocolServer (SCMClientProtocolServer.java:start(201)) - RPC server for Client  is listening at /0.0.0.0:15000
2023-08-25 08:50:43,962 [IPC Server Responder] INFO  ipc.Server (Server.java:run(1562)) - IPC Server Responder: starting
2023-08-25 08:50:43,979 [Time-limited test] INFO  server.StorageContainerManager (StorageContainerManager.java:start(1496)) - ScmBlockLocationProtocol RPC server is listening at /0.0.0.0:15001
2023-08-25 08:50:43,980 [Time-limited test] INFO  server.SCMBlockProtocolServer (SCMBlockProtocolServer.java:start(152)) - RPC server for Block Protocol is listening at /0.0.0.0:15001
2023-08-25 08:50:43,981 [IPC Server Responder] INFO  ipc.Server (Server.java:run(1562)) - IPC Server Responder: starting
2023-08-25 08:50:43,982 [IPC Server listener on 15001] INFO  ipc.Server (Server.java:run(1402)) - IPC Server listener on 15001: starting
2023-08-25 08:50:44,004 [Time-limited test] INFO  server.SCMDatanodeProtocolServer (SCMDatanodeProtocolServer.java:start(193)) - ScmDatanodeProtocol RPC server for DataNodes is listening at /0.0.0.0:15002
2023-08-25 08:50:44,005 [IPC Server listener on 15000] INFO  ipc.Server (Server.java:run(1402)) - IPC Server listener on 15000: starting
2023-08-25 08:50:44,006 [IPC Server Responder] INFO  ipc.Server (Server.java:run(1562)) - IPC Server Responder: starting
2023-08-25 08:50:44,006 [IPC Server listener on 15002] INFO  ipc.Server (Server.java:run(1402)) - IPC Server listener on 15002: starting
2023-08-25 08:50:44,032 [JvmPauseMonitor0] INFO  util.JvmPauseMonitor (JvmPauseMonitor.java:run(103)) - JvmPauseMonitor-29c9df6f-f280-4a11-a33f-bcb4d151066d: Started
2023-08-25 08:50:44,036 [Time-limited test] INFO  http.BaseHttpServer (BaseHttpServer.java:newHttpServer2BuilderForOzone(224)) - Starting Web-server for scm at: http://0.0.0.0:15003
2023-08-25 08:50:44,039 [Time-limited test] INFO  http.BaseHttpServer (BaseHttpServer.java:<init>(111)) - Hadoop Security Enabled: false Ozone Security Enabled: false Ozone HTTP Security Enabled: false 
2023-08-25 08:50:44,070 [Time-limited test] INFO  util.log (Log.java:initialized(170)) - Logging initialized @5297ms to org.eclipse.jetty.util.log.Slf4jLog
2023-08-25 08:50:44,173 [Time-limited test] WARN  server.AuthenticationFilter (AuthenticationFilter.java:constructSecretProvider(240)) - Unable to initialize FileSignerSecretProvider, falling back to use random secrets. Reason: Could not read signature secret file: /home/runner/hadoop-http-auth-signature-secret
2023-08-25 08:50:44,183 [Time-limited test] INFO  http.HttpRequestLog (HttpRequestLog.java:getRequestLog(86)) - Http request log for http.requests.scm is not defined
2023-08-25 08:50:44,190 [Time-limited test] INFO  http.HttpServer2 (HttpServer2.java:addGlobalFilter(1031)) - Added global filter 'safety' (class=org.apache.hadoop.hdds.server.http.HttpServer2$QuotingInputFilter)
2023-08-25 08:50:44,192 [Time-limited test] INFO  http.HttpServer2 (HttpServer2.java:addFilter(1007)) - Added filter static_user_filter (class=org.apache.hadoop.http.lib.StaticUserWebFilter$StaticUserFilter) to context scm
2023-08-25 08:50:44,192 [Time-limited test] INFO  http.HttpServer2 (HttpServer2.java:addFilter(1015)) - Added filter static_user_filter (class=org.apache.hadoop.http.lib.StaticUserWebFilter$StaticUserFilter) to context logs
2023-08-25 08:50:44,192 [Time-limited test] INFO  http.HttpServer2 (HttpServer2.java:addFilter(1015)) - Added filter static_user_filter (class=org.apache.hadoop.http.lib.StaticUserWebFilter$StaticUserFilter) to context static
2023-08-25 08:50:44,234 [Time-limited test] INFO  http.BaseHttpServer (BaseHttpServer.java:<init>(190)) - HTTP server of scm uses base directory /home/runner/work/ozone/ozone/hadoop-ozone/integration-test/target/test-dir/MiniOzoneClusterImpl-289e54f1-59ef-4028-876b-aa1b67627a4d/ozone-meta/webserver
2023-08-25 08:50:44,235 [Time-limited test] INFO  http.HttpServer2 (HttpServer2.java:bindListener(1250)) - Jetty bound to port 15003
2023-08-25 08:50:44,236 [Time-limited test] INFO  server.Server (Server.java:doStart(375)) - jetty-9.4.51.v20230217; built: 2023-02-17T08:19:37.309Z; git: b45c405e4544384de066f814ed42ae3dceacdd49; jvm 1.8.0_382-b05
2023-08-25 08:50:44,270 [Time-limited test] INFO  server.session (DefaultSessionIdManager.java:doStart(334)) - DefaultSessionIdManager workerName=node0
2023-08-25 08:50:44,270 [Time-limited test] INFO  server.session (DefaultSessionIdManager.java:doStart(339)) - No SessionScavenger set, using defaults
2023-08-25 08:50:44,272 [Time-limited test] INFO  server.session (HouseKeeper.java:startScavenging(132)) - node0 Scavenging every 600000ms
2023-08-25 08:50:44,286 [Time-limited test] INFO  handler.ContextHandler (ContextHandler.java:doStart(921)) - Started o.e.j.s.ServletContextHandler@1fbb169d{logs,/logs,file:///home/runner/work/ozone/ozone/hadoop-ozone/integration-test/target/log,AVAILABLE}
2023-08-25 08:50:44,288 [Time-limited test] INFO  handler.ContextHandler (ContextHandler.java:doStart(921)) - Started o.e.j.s.ServletContextHandler@d82cf74{static,/static,file:///home/runner/work/ozone/ozone/hadoop-ozone/integration-test/target/test-classes/webapps/static,AVAILABLE}
2023-08-25 08:50:44,344 [Time-limited test] INFO  handler.ContextHandler (ContextHandler.java:doStart(921)) - Started o.e.j.w.WebAppContext@c813f90{scm,/,file:///home/runner/work/ozone/ozone/hadoop-ozone/integration-test/target/test-classes/webapps/scm/,AVAILABLE}{file:/home/runner/work/ozone/ozone/hadoop-ozone/integration-test/target/test-classes/webapps/scm}
2023-08-25 08:50:44,355 [Time-limited test] INFO  server.AbstractConnector (AbstractConnector.java:doStart(333)) - Started ServerConnector@52cc103{HTTP/1.1, (http/1.1)}{0.0.0.0:15003}
2023-08-25 08:50:44,355 [Time-limited test] INFO  server.Server (Server.java:doStart(415)) - Started @5582ms
2023-08-25 08:50:44,358 [Time-limited test] INFO  impl.MetricsSinkAdapter (MetricsSinkAdapter.java:start(204)) - Sink prometheus started
2023-08-25 08:50:44,358 [Time-limited test] INFO  impl.MetricsSystemImpl (MetricsSystemImpl.java:registerSink(305)) - Registered sink prometheus
2023-08-25 08:50:44,360 [Time-limited test] INFO  http.BaseHttpServer (BaseHttpServer.java:updateConnectorAddress(344)) - HTTP server of scm listening at http://0.0.0.0:15003
2023-08-25 08:50:44,364 [Time-limited test] WARN  server.ServerUtils (ServerUtils.java:getDBPath(311)) - ozone.om.db.dirs is not configured. We recommend adding this setting. Falling back to ozone.metadata.dirs instead.
2023-08-25 08:50:44,446 [Time-limited test] INFO  audit.AuditLogger (AuditLogger.java:refreshDebugCmdSet(126)) - Refresh DebugCmdSet for OMAudit to [].
2023-08-25 08:50:44,535 [Time-limited test] INFO  ha.OMHANodeDetails (OMHANodeDetails.java:loadOMHAConfig(115)) - ozone.om.internal.service.id is not defined, falling back to ozone.om.service.ids to find serviceID for OzoneManager if it is HA enabled cluster
2023-08-25 08:50:44,540 [Time-limited test] INFO  ha.OMHANodeDetails (OMHANodeDetails.java:loadOMHAConfig(226)) - Configuration does not have ozone.om.address set. Falling back to the default OM address /127.0.0.1:15004
2023-08-25 08:50:44,540 [Time-limited test] INFO  ha.OMHANodeDetails (OMHANodeDetails.java:getOMNodeDetailsForNonHA(254)) - OM Service ID is not set. Setting it to the default ID: omServiceIdDefault
2023-08-25 08:50:44,540 [Time-limited test] INFO  ha.OMHANodeDetails (OMHANodeDetails.java:getOMNodeDetailsForNonHA(261)) - OM Node ID is not set. Setting it to the default ID: om1
2023-08-25 08:50:44,544 [Time-limited test] WARN  server.ServerUtils (ServerUtils.java:getDBPath(311)) - ozone.om.db.dirs is not configured. We recommend adding this setting. Falling back to ozone.metadata.dirs instead.
2023-08-25 08:50:44,549 [Time-limited test] INFO  upgrade.AbstractLayoutVersionManager (AbstractLayoutVersionManager.java:init(83)) - Initializing Layout version manager with metadata layout = QUOTA (version = 6), software layout = QUOTA (version = 6)
2023-08-25 08:50:44,655 [Time-limited test] INFO  reflections.Reflections (Reflections.java:scan(232)) - Reflections took 102 ms to scan 2 urls, producing 188 keys and 512 values [using 2 cores]
2023-08-25 08:50:44,664 [Time-limited test] INFO  upgrade.OMLayoutVersionManager (OMLayoutVersionManager.java:lambda$0(115)) - Skipping Upgrade Action QuotaRepairUpgradeAction since it has been finalized.
2023-08-25 08:50:44,669 [Time-limited test] INFO  upgrade.OMLayoutVersionManager (OMLayoutVersionManager.java:lambda$0(115)) - Skipping Upgrade Action MockOmUpgradeAction since it has been finalized.
2023-08-25 08:50:44,671 [Time-limited test] WARN  server.ServerUtils (ServerUtils.java:getDBPath(311)) - ozone.om.db.dirs is not configured. We recommend adding this setting. Falling back to ozone.metadata.dirs instead.
2023-08-25 08:50:44,780 [ReplicationMonitor] INFO  replication.ReplicationManager (ReplicationManager.java:processAll(361)) - Replication Manager is not ready to run until 3000ms after safemode exit
2023-08-25 08:50:44,872 [Time-limited test] INFO  proxy.SCMBlockLocationFailoverProxyProvider (SCMBlockLocationFailoverProxyProvider.java:<init>(114)) - Created block location fail-over proxy with 1 nodes: [nodeId=scmNodeId,nodeAddress=/0.0.0.0:15001]
2023-08-25 08:50:44,913 [Time-limited test] INFO  proxy.SCMBlockLocationFailoverProxyProvider (SCMBlockLocationFailoverProxyProvider.java:<init>(114)) - Created block location fail-over proxy with 1 nodes: [nodeId=scmNodeId,nodeAddress=/0.0.0.0:15001]
2023-08-25 08:50:45,170 [Time-limited test] INFO  om.OzoneManager (OzoneManager.java:<init>(662)) - OM start with adminUsers: [runner]
2023-08-25 08:50:45,197 [Time-limited test] WARN  server.ServerUtils (ServerUtils.java:getDBPath(311)) - ozone.om.db.dirs is not configured. We recommend adding this setting. Falling back to ozone.metadata.dirs instead.
2023-08-25 08:50:45,226 [Time-limited test] INFO  helpers.OmKeyInfo (OmKeyInfo.java:getCodec(71)) - OmKeyInfo.getCodec ignorePipeline = true
2023-08-25 08:50:45,559 [Time-limited test] INFO  om.OzoneManager (OzoneManager.java:instantiateServices(791)) - S3 Multi-Tenancy is disabled
2023-08-25 08:50:45,595 [Time-limited test] INFO  om.OmSnapshotManager (OmSnapshotManager.java:<init>(175)) - Ozone filesystem snapshot feature is enabled.
2023-08-25 08:50:45,605 [Time-limited test] WARN  server.ServerUtils (ServerUtils.java:getDBPath(311)) - ozone.om.snapshot.diff.db.dir is not configured. We recommend adding this setting. Falling back to ozone.metadata.dirs instead.
2023-08-25 08:50:45,659 [Time-limited test] INFO  utils.NativeLibraryLoader (NativeLibraryLoader.java:loadLibrary(105)) - Loading Library: ozone_rocksdb_tools
2023-08-25 08:50:45,660 [Time-limited test] INFO  snapshot.SnapshotDiffManager (SnapshotDiffManager.java:closeExecutorService(1720)) - Shutting down executorService: 'SstDumpToolExecutor'
2023-08-25 08:50:45,734 [Time-limited test] INFO  om.OzoneManager (OzoneManager.java:addS3GVolumeToDB(4284)) - Created Volume s3v With Owner runner required for S3Gateway operations.
2023-08-25 08:50:45,780 [ReplicationMonitor] INFO  replication.ReplicationManager (ReplicationManager.java:processAll(361)) - Replication Manager is not ready to run until 3000ms after safemode exit
2023-08-25 08:50:45,804 [Time-limited test] WARN  server.ServerUtils (ServerUtils.java:getDefaultRatisDirectory(323)) - Storage directory for Ratis is not configured. It is a good idea to map this to an SSD disk. Falling back to ozone.metadata.dirs
2023-08-25 08:50:45,805 [Time-limited test] WARN  utils.OzoneManagerRatisUtils (OzoneManagerRatisUtils.java:getOMRatisSnapshotDirectory(461)) - ozone.om.ratis.snapshot.dir is not configured. Falling back to ozone.metadata.dirs config
2023-08-25 08:50:45,820 [Time-limited test] WARN  server.ServerUtils (ServerUtils.java:getDefaultRatisDirectory(323)) - Storage directory for Ratis is not configured. It is a good idea to map this to an SSD disk. Falling back to ozone.metadata.dirs
2023-08-25 08:50:45,846 [Time-limited test] INFO  ratis.OzoneManagerRatisServer (OzoneManagerRatisServer.java:<init>(163)) - Instantiating OM Ratis server with groupID: omServiceIdDefault and peers: localhost:15007
2023-08-25 08:50:45,856 [Time-limited test] INFO  ratis.OzoneManagerStateMachine (OzoneManagerStateMachine.java:loadSnapshotInfoFromDB(687)) - LastAppliedIndex is set from TransactionInfo from OM DB as (t:0, i:~)
2023-08-25 08:50:45,923 [Time-limited test] INFO  server.RaftServer (ConfUtils.java:logGet(46)) - raft.rpc.type = GRPC (default)
2023-08-25 08:50:45,933 [Time-limited test] INFO  grpc.GrpcConfigKeys (ConfUtils.java:logFallback(53)) - raft.grpc.admin.host = null (fallback to raft.grpc.server.host)
2023-08-25 08:50:45,935 [Time-limited test] INFO  grpc.GrpcConfigKeys (ConfUtils.java:logFallback(53)) - raft.grpc.admin.port = 15007 (fallback to raft.grpc.server.port)
2023-08-25 08:50:45,936 [Time-limited test] INFO  grpc.GrpcConfigKeys (ConfUtils.java:logFallback(53)) - raft.grpc.client.host = null (fallback to raft.grpc.server.host)
2023-08-25 08:50:45,936 [Time-limited test] INFO  grpc.GrpcConfigKeys (ConfUtils.java:logFallback(53)) - raft.grpc.client.port = 15007 (fallback to raft.grpc.server.port)
2023-08-25 08:50:45,936 [Time-limited test] INFO  grpc.GrpcConfigKeys (ConfUtils.java:logGet(46)) - raft.grpc.server.host = null (default)
2023-08-25 08:50:45,937 [Time-limited test] INFO  grpc.GrpcConfigKeys (ConfUtils.java:logGet(46)) - raft.grpc.server.port = 15007 (custom)
2023-08-25 08:50:45,937 [Time-limited test] INFO  server.GrpcService (ConfUtils.java:logGet(46)) - raft.grpc.message.size.max = 33554432 (custom)
2023-08-25 08:50:45,939 [Time-limited test] INFO  server.RaftServerConfigKeys (ConfUtils.java:logGet(46)) - raft.server.log.appender.buffer.byte-limit = 33554432 (custom)
2023-08-25 08:50:45,939 [Time-limited test] INFO  server.GrpcService (ConfUtils.java:logGet(46)) - raft.grpc.flow.control.window = 1MB (=1048576) (default)
2023-08-25 08:50:45,940 [Time-limited test] INFO  server.RaftServerConfigKeys (ConfUtils.java:logGet(46)) - raft.server.rpc.request.timeout = 3000ms (default)
2023-08-25 08:50:45,954 [Time-limited test] INFO  grpc.GrpcConfigKeys (ConfUtils.java:logGet(46)) - raft.grpc.server.heartbeat.channel = true (default)
2023-08-25 08:50:45,958 [Time-limited test] INFO  grpc.GrpcConfigKeys (ConfUtils.java:logGet(46)) - raft.grpc.server.async.request.thread.pool.cached = true (default)
2023-08-25 08:50:45,958 [Time-limited test] INFO  grpc.GrpcConfigKeys (ConfUtils.java:logGet(46)) - raft.grpc.server.async.request.thread.pool.size = 32 (default)
2023-08-25 08:50:46,216 [Time-limited test] INFO  impl.DataStreamServerImpl (ConfUtils.java:logGet(46)) - raft.datastream.type = DISABLED (default)
2023-08-25 08:50:46,219 [Time-limited test] INFO  server.RaftServerConfigKeys (ConfUtils.java:logGet(46)) - raft.server.threadpool.proxy.cached = true (default)
2023-08-25 08:50:46,220 [Time-limited test] INFO  server.RaftServerConfigKeys (ConfUtils.java:logGet(46)) - raft.server.threadpool.proxy.size = 0 (default)
2023-08-25 08:50:46,220 [Time-limited test] INFO  server.RaftServerConfigKeys (ConfUtils.java:logGet(46)) - raft.server.rpc.slowness.timeout = 120s (custom)
2023-08-25 08:50:46,220 [Time-limited test] INFO  server.RaftServerConfigKeys (ConfUtils.java:logGet(46)) - raft.server.leaderelection.leader.step-down.wait-time = 10s (default)
2023-08-25 08:50:46,222 [Time-limited test] INFO  server.RaftServerConfigKeys (ConfUtils.java:logGet(46)) - raft.server.storage.dir = [/home/runner/work/ozone/ozone/hadoop-ozone/integration-test/target/test-dir/MiniOzoneClusterImpl-289e54f1-59ef-4028-876b-aa1b67627a4d/ozone-meta/ratis] (custom)
2023-08-25 08:50:46,232 [Time-limited test] INFO  server.RaftServer (RaftServerProxy.java:addNew(98)) - om1: addNew group-C5BA1605619E:[om1|rpc:localhost:15007|priority:0|startupRole:FOLLOWER] returns group-C5BA1605619E:java.util.concurrent.CompletableFuture@7e1ade17[Not completed]
2023-08-25 08:50:46,232 [Time-limited test] INFO  om.OzoneManager (OzoneManager.java:initializeRatisServer(2128)) - OzoneManager Ratis server initialized at port 15007
2023-08-25 08:50:46,236 [Time-limited test] INFO  om.OzoneManager (OzoneManager.java:getRpcServer(1193)) - Creating RPC Server
2023-08-25 08:50:46,250 [om1-groupManagement] INFO  server.RaftServer$Division (RaftServerImpl.java:<init>(198)) - om1: new RaftServerImpl for group-C5BA1605619E:[om1|rpc:localhost:15007|priority:0|startupRole:FOLLOWER] with OzoneManagerStateMachine:uninitialized
2023-08-25 08:50:46,253 [om1-groupManagement] INFO  server.RaftServerConfigKeys (ConfUtils.java:logGet(46)) - raft.server.rpc.timeout.min = 1s (custom)
2023-08-25 08:50:46,253 [om1-groupManagement] INFO  server.RaftServerConfigKeys (ConfUtils.java:logGet(46)) - raft.server.rpc.timeout.max = 1200ms (custom)
2023-08-25 08:50:46,254 [om1-groupManagement] INFO  server.RaftServerConfigKeys (ConfUtils.java:logGet(46)) - raft.server.rpc.sleep.time = 25ms (default)
2023-08-25 08:50:46,254 [om1-groupManagement] INFO  server.RaftServerConfigKeys (ConfUtils.java:logGet(46)) - raft.server.rpc.slowness.timeout = 120s (custom)
2023-08-25 08:50:46,254 [om1-groupManagement] INFO  server.RaftServerConfigKeys (ConfUtils.java:logGet(46)) - raft.server.leaderelection.leader.step-down.wait-time = 10s (default)
2023-08-25 08:50:46,254 [om1-groupManagement] INFO  server.RaftServerConfigKeys (ConfUtils.java:logGet(46)) - raft.server.sleep.deviation.threshold = 300ms (default)
2023-08-25 08:50:46,271 [om1-groupManagement] INFO  server.RaftServer$Division (ServerState.java:<init>(120)) - om1@group-C5BA1605619E: ConfigurationManager, init=-1: peers:[om1|rpc:localhost:15007|priority:0|startupRole:FOLLOWER]|listeners:[], old=null, confs=<EMPTY_MAP>
2023-08-25 08:50:46,271 [om1-groupManagement] INFO  server.RaftServerConfigKeys (ConfUtils.java:logGet(46)) - raft.server.storage.dir = [/home/runner/work/ozone/ozone/hadoop-ozone/integration-test/target/test-dir/MiniOzoneClusterImpl-289e54f1-59ef-4028-876b-aa1b67627a4d/ozone-meta/ratis] (custom)
2023-08-25 08:50:46,421 [om1-groupManagement] INFO  server.RaftServerConfigKeys (ConfUtils.java:logGet(46)) - raft.server.log.corruption.policy = EXCEPTION (default)
2023-08-25 08:50:46,421 [om1-groupManagement] INFO  server.RaftServerConfigKeys (ConfUtils.java:logGet(46)) - raft.server.storage.free-space.min = 0MB (=0) (default)
2023-08-25 08:50:46,430 [om1-groupManagement] INFO  server.RaftServerConfigKeys (ConfUtils.java:logGet(46)) - raft.server.notification.no-leader.timeout = 120s (custom)
2023-08-25 08:50:46,434 [om1-groupManagement] INFO  server.RaftServerConfigKeys (ConfUtils.java:logGet(46)) - raft.server.read.timeout = 10s (default)
2023-08-25 08:50:46,438 [om1-groupManagement] INFO  server.RaftServerConfigKeys (ConfUtils.java:logGet(46)) - raft.server.retrycache.expirytime = 300s (custom)
2023-08-25 08:50:46,438 [om1-groupManagement] INFO  server.RaftServerConfigKeys (ConfUtils.java:logGet(46)) - raft.server.retrycache.statistics.expirytime = 100μs (default)
2023-08-25 08:50:46,480 [om1-groupManagement] INFO  server.RaftServerConfigKeys (ConfUtils.java:logGet(46)) - raft.server.read.option = DEFAULT (default)
2023-08-25 08:50:46,553 [om1-groupManagement] INFO  server.RaftServerConfigKeys (ConfUtils.java:logGet(46)) - raft.server.rpc.request.timeout = 3000ms (default)
2023-08-25 08:50:46,560 [om1-groupManagement] INFO  server.RaftServerConfigKeys (ConfUtils.java:logGet(46)) - raft.server.log.appender.install.snapshot.enabled = false (custom)
2023-08-25 08:50:46,561 [om1-groupManagement] INFO  server.RaftServerConfigKeys (ConfUtils.java:logGet(46)) - raft.server.threadpool.server.cached = true (default)
2023-08-25 08:50:46,561 [om1-groupManagement] INFO  server.RaftServerConfigKeys (ConfUtils.java:logGet(46)) - raft.server.threadpool.server.size = 0 (default)
2023-08-25 08:50:46,563 [om1-groupManagement] INFO  server.RaftServerConfigKeys (ConfUtils.java:logGet(46)) - raft.server.threadpool.client.cached = true (default)
2023-08-25 08:50:46,565 [om1-groupManagement] INFO  server.RaftServerConfigKeys (ConfUtils.java:logGet(46)) - raft.server.threadpool.client.size = 0 (default)
2023-08-25 08:50:46,780 [ReplicationMonitor] INFO  replication.ReplicationManager (ReplicationManager.java:processAll(361)) - Replication Manager is not ready to run until 3000ms after safemode exit
2023-08-25 08:50:47,240 [Time-limited test] INFO  reflections.Reflections (Reflections.java:scan(232)) - Reflections took 770 ms to scan 19 urls, producing 70 keys and 5655 values [using 2 cores]
2023-08-25 08:50:47,468 [Time-limited test] INFO  ipc.CallQueueManager (CallQueueManager.java:<init>(90)) - Using callQueue: class java.util.concurrent.LinkedBlockingQueue, queueCapacity: 2000, scheduler: class org.apache.hadoop.ipc.DefaultRpcScheduler, ipcBackoff: false.
2023-08-25 08:50:47,469 [Time-limited test] INFO  ipc.Server (Server.java:<init>(1287)) - Listener at 127.0.0.1:15004
2023-08-25 08:50:47,472 [Socket Reader #1 for port 15004] INFO  ipc.Server (Server.java:run(1323)) - Starting Socket Reader #1 for port 15004
2023-08-25 08:50:47,509 [Time-limited test] INFO  impl.MetricsSystemImpl (MetricsSystemImpl.java:init(158)) - OzoneManager metrics system started (again)
2023-08-25 08:50:47,526 [Time-limited test] INFO  om.OzoneManager (OzoneManager.java:start(1613)) - OzoneManager RPC server is listening at localhost/127.0.0.1:15004
2023-08-25 08:50:47,527 [Time-limited test] INFO  ratis.OzoneManagerRatisServer (OzoneManagerRatisServer.java:start(558)) - Starting OzoneManagerRatisServer om1 at port 15007
2023-08-25 08:50:47,530 [om1-impl-thread1] INFO  storage.RaftStorageDirectory (RaftStorageDirectoryImpl.java:analyzeStorage(137)) - The storage directory /home/runner/work/ozone/ozone/hadoop-ozone/integration-test/target/test-dir/MiniOzoneClusterImpl-289e54f1-59ef-4028-876b-aa1b67627a4d/ozone-meta/ratis/bf265839-605b-3f16-9796-c5ba1605619e does not exist. Creating ...
2023-08-25 08:50:47,535 [om1-impl-thread1] INFO  storage.RaftStorageDirectory (RaftStorageDirectoryImpl.java:tryLock(231)) - Lock on /home/runner/work/ozone/ozone/hadoop-ozone/integration-test/target/test-dir/MiniOzoneClusterImpl-289e54f1-59ef-4028-876b-aa1b67627a4d/ozone-meta/ratis/bf265839-605b-3f16-9796-c5ba1605619e/in_use.lock acquired by nodename 30217@fv-az584-689
2023-08-25 08:50:47,542 [om1-impl-thread1] INFO  storage.RaftStorage (RaftStorageImpl.java:format(96)) - Storage directory /home/runner/work/ozone/ozone/hadoop-ozone/integration-test/target/test-dir/MiniOzoneClusterImpl-289e54f1-59ef-4028-876b-aa1b67627a4d/ozone-meta/ratis/bf265839-605b-3f16-9796-c5ba1605619e has been successfully formatted.
2023-08-25 08:50:47,547 [om1-impl-thread1] INFO  server.RaftServerConfigKeys (ConfUtils.java:logGet(46)) - raft.server.log.use.memory = false (default)
2023-08-25 08:50:47,555 [om1-impl-thread1] INFO  server.RaftServerConfigKeys (ConfUtils.java:logGet(46)) - raft.server.log.purge.gap = 1000000 (custom)
2023-08-25 08:50:47,556 [om1-impl-thread1] INFO  server.RaftServerConfigKeys (ConfUtils.java:logGet(46)) - raft.server.log.appender.buffer.byte-limit = 33554432 (custom)
2023-08-25 08:50:47,557 [om1-impl-thread1] INFO  server.RaftServerConfigKeys (ConfUtils.java:logGet(46)) - raft.server.log.statemachine.data.read.timeout = 1000ms (default)
2023-08-25 08:50:47,558 [om1-impl-thread1] INFO  server.RaftServerConfigKeys (ConfUtils.java:logGet(46)) - raft.server.log.purge.preservation.log.num = 0 (default)
2023-08-25 08:50:47,563 [om1-impl-thread1] INFO  server.RaftServerConfigKeys (ConfUtils.java:logGet(46)) - raft.server.log.segment.size.max = 4194304 (custom)
2023-08-25 08:50:47,569 [om1-impl-thread1] INFO  server.RaftServerConfigKeys (ConfUtils.java:logGet(46)) - raft.server.log.segment.cache.num.max = 2 (custom)
2023-08-25 08:50:47,570 [om1-impl-thread1] INFO  server.RaftServerConfigKeys (ConfUtils.java:logGet(46)) - raft.server.log.segment.cache.size.max = 200MB (=209715200) (default)
2023-08-25 08:50:47,570 [om1-impl-thread1] INFO  server.RaftServerConfigKeys (ConfUtils.java:logGet(46)) - raft.server.log.appender.buffer.byte-limit = 33554432 (custom)
2023-08-25 08:50:47,576 [om1-impl-thread1] INFO  segmented.SegmentedRaftLogWorker (SegmentedRaftLogWorker.java:<init>(188)) - new om1@group-C5BA1605619E-SegmentedRaftLogWorker for RaftStorageImpl:Storage Directory /home/runner/work/ozone/ozone/hadoop-ozone/integration-test/target/test-dir/MiniOzoneClusterImpl-289e54f1-59ef-4028-876b-aa1b67627a4d/ozone-meta/ratis/bf265839-605b-3f16-9796-c5ba1605619e
2023-08-25 08:50:47,576 [om1-impl-thread1] INFO  server.RaftServerConfigKeys (ConfUtils.java:logGet(46)) - raft.server.log.queue.byte-limit = 64MB (=67108864) (default)
2023-08-25 08:50:47,577 [om1-impl-thread1] INFO  server.RaftServerConfigKeys (ConfUtils.java:logGet(46)) - raft.server.log.queue.element-limit = 4096 (default)
2023-08-25 08:50:47,578 [om1-impl-thread1] INFO  server.RaftServerConfigKeys (ConfUtils.java:logGet(46)) - raft.server.log.segment.size.max = 4194304 (custom)
2023-08-25 08:50:47,579 [om1-impl-thread1] INFO  server.RaftServerConfigKeys (ConfUtils.java:logGet(46)) - raft.server.log.preallocated.size = 4194304 (custom)
2023-08-25 08:50:47,579 [om1-impl-thread1] INFO  server.RaftServerConfigKeys (ConfUtils.java:logGet(46)) - raft.server.log.force.sync.num = 128 (default)
2023-08-25 08:50:47,580 [om1-impl-thread1] INFO  server.RaftServerConfigKeys (ConfUtils.java:logGet(46)) - raft.server.log.statemachine.data.sync = true (default)
2023-08-25 08:50:47,581 [om1-impl-thread1] INFO  server.RaftServerConfigKeys (ConfUtils.java:logGet(46)) - raft.server.log.statemachine.data.sync.timeout = 10s (default)
2023-08-25 08:50:47,581 [om1-impl-thread1] INFO  server.RaftServerConfigKeys (ConfUtils.java:logGet(46)) - raft.server.log.statemachine.data.sync.timeout.retry = -1 (default)
2023-08-25 08:50:47,591 [om1-impl-thread1] INFO  server.RaftServerConfigKeys (ConfUtils.java:logGet(46)) - raft.server.log.write.buffer.size = 64KB (=65536) (default)
2023-08-25 08:50:47,591 [om1-impl-thread1] INFO  server.RaftServerConfigKeys (ConfUtils.java:logGet(46)) - raft.server.log.appender.buffer.byte-limit = 33554432 (custom)
2023-08-25 08:50:47,597 [om1-impl-thread1] INFO  server.RaftServerConfigKeys (ConfUtils.java:logGet(46)) - raft.server.log.unsafe-flush.enabled = false (default)
2023-08-25 08:50:47,598 [om1-impl-thread1] INFO  server.RaftServerConfigKeys (ConfUtils.java:logGet(46)) - raft.server.log.async-flush.enabled = false (default)
2023-08-25 08:50:47,599 [om1-impl-thread1] INFO  server.RaftServerConfigKeys (ConfUtils.java:logGet(46)) - raft.server.log.statemachine.data.caching.enabled = false (default)
2023-08-25 08:50:47,605 [om1-impl-thread1] INFO  segmented.SegmentedRaftLogWorker (SegmentedRaftLogWorker.java:lambda$new$0(135)) - om1@group-C5BA1605619E-SegmentedRaftLogWorker: flushIndex: setUnconditionally 0 -> -1
2023-08-25 08:50:47,605 [om1-impl-thread1] INFO  segmented.SegmentedRaftLogWorker (SegmentedRaftLogWorker.java:lambda$new$0(135)) - om1@group-C5BA1605619E-SegmentedRaftLogWorker: safeCacheEvictIndex: setUnconditionally 0 -> -1
2023-08-25 08:50:47,607 [om1-impl-thread1] INFO  server.RaftServer$Division (RaftServerImpl.java:start(342)) - om1@group-C5BA1605619E: start as a follower, conf=-1: peers:[om1|rpc:localhost:15007|priority:0|startupRole:FOLLOWER]|listeners:[], old=null
2023-08-25 08:50:47,608 [om1-impl-thread1] INFO  server.RaftServer$Division (RaftServerImpl.java:setRole(329)) - om1@group-C5BA1605619E: changes role from      null to FOLLOWER at term 0 for startAsFollower
2023-08-25 08:50:47,609 [om1-impl-thread1] INFO  impl.RoleInfo (RoleInfo.java:updateAndGet(139)) - om1: start om1@group-C5BA1605619E-FollowerState
2023-08-25 08:50:47,611 [om1-impl-thread1] INFO  util.JmxRegister (JmxRegister.java:tryRegister(44)) - Successfully registered JMX Bean with object name Ratis:service=RaftServer,group=group-C5BA1605619E,id=om1
2023-08-25 08:50:47,613 [om1-impl-thread1] INFO  server.RaftServerConfigKeys (ConfUtils.java:logGet(46)) - raft.server.snapshot.auto.trigger.enabled = true (custom)
2023-08-25 08:50:47,616 [om1-impl-thread1] INFO  server.RaftServerConfigKeys (ConfUtils.java:logGet(46)) - raft.server.snapshot.auto.trigger.threshold = 400000 (default)
2023-08-25 08:50:47,616 [om1-impl-thread1] INFO  server.RaftServerConfigKeys (ConfUtils.java:logGet(46)) - raft.server.snapshot.retention.file.num = -1 (default)
2023-08-25 08:50:47,617 [om1-impl-thread1] INFO  server.RaftServerConfigKeys (ConfUtils.java:logGet(46)) - raft.server.log.purge.upto.snapshot.index = true (custom)
2023-08-25 08:50:47,618 [om1@group-C5BA1605619E-FollowerState] INFO  server.RaftServerConfigKeys (ConfUtils.java:logFallback(53)) - raft.server.rpc.first-election.timeout.min = 1s (fallback to raft.server.rpc.timeout.min)
2023-08-25 08:50:47,619 [om1@group-C5BA1605619E-FollowerState] INFO  server.RaftServerConfigKeys (ConfUtils.java:logFallback(53)) - raft.server.rpc.first-election.timeout.max = 1200ms (fallback to raft.server.rpc.timeout.max)
2023-08-25 08:50:47,621 [Time-limited test] INFO  server.RaftServer (RaftServerProxy.java:startImpl(400)) - om1: start RPC server
2023-08-25 08:50:47,674 [Time-limited test] INFO  server.GrpcService (GrpcService.java:startImpl(302)) - om1: GrpcService started, listening on 15007
2023-08-25 08:50:47,677 [Time-limited test] INFO  om.OzoneManager (OzoneManager.java:start(1629)) - Version File has different layout version (6) than OM DB (null). That is expected if this OM has never been finalized to a newer layout version.
2023-08-25 08:50:47,683 [JvmPauseMonitor1] INFO  util.JvmPauseMonitor (JvmPauseMonitor.java:run(103)) - JvmPauseMonitor-om1: Started
2023-08-25 08:50:47,709 [Time-limited test] INFO  http.BaseHttpServer (BaseHttpServer.java:newHttpServer2BuilderForOzone(224)) - Starting Web-server for ozoneManager at: http://0.0.0.0:15005
2023-08-25 08:50:47,710 [Time-limited test] INFO  http.BaseHttpServer (BaseHttpServer.java:<init>(111)) - Hadoop Security Enabled: false Ozone Security Enabled: false Ozone HTTP Security Enabled: false 
2023-08-25 08:50:47,711 [Time-limited test] WARN  server.AuthenticationFilter (AuthenticationFilter.java:constructSecretProvider(240)) - Unable to initialize FileSignerSecretProvider, falling back to use random secrets. Reason: Could not read signature secret file: /home/runner/hadoop-http-auth-signature-secret
2023-08-25 08:50:47,715 [Time-limited test] INFO  http.HttpRequestLog (HttpRequestLog.java:getRequestLog(86)) - Http request log for http.requests.ozoneManager is not defined
2023-08-25 08:50:47,720 [Time-limited test] INFO  http.HttpServer2 (HttpServer2.java:addGlobalFilter(1031)) - Added global filter 'safety' (class=org.apache.hadoop.hdds.server.http.HttpServer2$QuotingInputFilter)
2023-08-25 08:50:47,721 [Time-limited test] INFO  http.HttpServer2 (HttpServer2.java:addFilter(1007)) - Added filter static_user_filter (class=org.apache.hadoop.http.lib.StaticUserWebFilter$StaticUserFilter) to context ozoneManager
2023-08-25 08:50:47,721 [Time-limited test] INFO  http.HttpServer2 (HttpServer2.java:addFilter(1015)) - Added filter static_user_filter (class=org.apache.hadoop.http.lib.StaticUserWebFilter$StaticUserFilter) to context logs
2023-08-25 08:50:47,721 [Time-limited test] INFO  http.HttpServer2 (HttpServer2.java:addFilter(1015)) - Added filter static_user_filter (class=org.apache.hadoop.http.lib.StaticUserWebFilter$StaticUserFilter) to context static
2023-08-25 08:50:47,723 [Time-limited test] INFO  http.BaseHttpServer (BaseHttpServer.java:<init>(190)) - HTTP server of ozoneManager uses base directory /home/runner/work/ozone/ozone/hadoop-ozone/integration-test/target/test-dir/MiniOzoneClusterImpl-289e54f1-59ef-4028-876b-aa1b67627a4d/ozone-meta/webserver
2023-08-25 08:50:47,727 [Time-limited test] INFO  http.HttpServer2 (HttpServer2.java:bindListener(1250)) - Jetty bound to port 15005
2023-08-25 08:50:47,727 [Time-limited test] INFO  server.Server (Server.java:doStart(375)) - jetty-9.4.51.v20230217; built: 2023-02-17T08:19:37.309Z; git: b45c405e4544384de066f814ed42ae3dceacdd49; jvm 1.8.0_382-b05
2023-08-25 08:50:47,737 [Time-limited test] INFO  server.session (DefaultSessionIdManager.java:doStart(334)) - DefaultSessionIdManager workerName=node0
2023-08-25 08:50:47,737 [Time-limited test] INFO  server.session (DefaultSessionIdManager.java:doStart(339)) - No SessionScavenger set, using defaults
2023-08-25 08:50:47,737 [Time-limited test] INFO  server.session (HouseKeeper.java:startScavenging(132)) - node0 Scavenging every 600000ms
2023-08-25 08:50:47,738 [Time-limited test] INFO  handler.ContextHandler (ContextHandler.java:doStart(921)) - Started o.e.j.s.ServletContextHandler@29fdd17d{logs,/logs,file:///home/runner/work/ozone/ozone/hadoop-ozone/integration-test/target/log,AVAILABLE}
2023-08-25 08:50:47,738 [Time-limited test] INFO  handler.ContextHandler (ContextHandler.java:doStart(921)) - Started o.e.j.s.ServletContextHandler@46b7f51f{static,/static,file:///home/runner/work/ozone/ozone/hadoop-ozone/integration-test/target/test-classes/webapps/static,AVAILABLE}
2023-08-25 08:50:47,743 [Time-limited test] INFO  handler.ContextHandler (ContextHandler.java:doStart(921)) - Started o.e.j.w.WebAppContext@7608e55f{ozoneManager,/,file:///home/runner/work/ozone/ozone/hadoop-ozone/integration-test/target/test-classes/webapps/ozoneManager/,AVAILABLE}{file:/home/runner/work/ozone/ozone/hadoop-ozone/integration-test/target/test-classes/webapps/ozoneManager}
2023-08-25 08:50:47,749 [Time-limited test] INFO  server.AbstractConnector (AbstractConnector.java:doStart(333)) - Started ServerConnector@23255e00{HTTP/1.1, (http/1.1)}{0.0.0.0:15005}
2023-08-25 08:50:47,749 [Time-limited test] INFO  server.Server (Server.java:doStart(415)) - Started @8976ms
2023-08-25 08:50:47,750 [Time-limited test] WARN  impl.MetricsSystemImpl (MetricsSystemImpl.java:register(279)) - Sink prometheus already exists!
2023-08-25 08:50:47,751 [Time-limited test] INFO  http.BaseHttpServer (BaseHttpServer.java:updateConnectorAddress(344)) - HTTP server of ozoneManager listening at http://0.0.0.0:15005
2023-08-25 08:50:47,751 [IPC Server Responder] INFO  ipc.Server (Server.java:run(1562)) - IPC Server Responder: starting
2023-08-25 08:50:47,752 [IPC Server listener on 15004] INFO  ipc.Server (Server.java:run(1402)) - IPC Server listener on 15004: starting
2023-08-25 08:50:47,755 [Time-limited test] INFO  om.OzoneManager (OzoneManager.java:startTrashEmptier(2081)) - Trash Interval set to 0. Files deleted won't move to trash
2023-08-25 08:50:47,780 [ReplicationMonitor] INFO  replication.ReplicationManager (ReplicationManager.java:processAll(361)) - Replication Manager is not ready to run until 3000ms after safemode exit
2023-08-25 08:50:47,938 [Time-limited test] WARN  impl.MetricRegistriesImpl (MetricRegistriesImpl.java:addReporterRegistration(111)) - New reporters are added after registries were created. Some metrics will be missing from the reporter. Please add reporter before adding any new registry.
2023-08-25 08:50:47,938 [Time-limited test] WARN  impl.MetricRegistriesImpl (MetricRegistriesImpl.java:addReporterRegistration(111)) - New reporters are added after registries were created. Some metrics will be missing from the reporter. Please add reporter before adding any new registry.
2023-08-25 08:50:47,939 [Time-limited test] INFO  impl.MetricsSystemImpl (MetricsSystemImpl.java:init(158)) - HddsDatanode metrics system started (again)
2023-08-25 08:50:47,963 [Time-limited test] INFO  ozone.HddsDatanodeService (HddsDatanodeService.java:start(237)) - HddsDatanodeService host:fv-az584-689.msjcyvhqqs1uvpg4fm53wptgqc.jx.internal.cloudapp.net ip:10.1.0.19
2023-08-25 08:50:48,009 [Time-limited test] INFO  upgrade.AbstractLayoutVersionManager (AbstractLayoutVersionManager.java:init(83)) - Initializing Layout version manager with metadata layout = HADOOP_PRC_PORTS_IN_DATANODEDETAILS (version = 7), software layout = HADOOP_PRC_PORTS_IN_DATANODEDETAILS (version = 7)
2023-08-25 08:50:48,014 [Time-limited test] INFO  statemachine.DatanodeStateMachine (DatanodeStateMachine.java:getEndPointTaskThreadPoolSize(282)) - Datanode State Machine Task Thread Pool size 2
2023-08-25 08:50:48,102 [Time-limited test] INFO  volume.HddsVolume (HddsVolume.java:<init>(126)) - Creating HddsVolume: /home/runner/work/ozone/ozone/hadoop-ozone/integration-test/target/test-dir/MiniOzoneClusterImpl-289e54f1-59ef-4028-876b-aa1b67627a4d/datanode-0/data-0/containers/hdds of storage type : DISK capacity : 9223372036854775807
2023-08-25 08:50:48,106 [Time-limited test] INFO  volume.MutableVolumeSet (MutableVolumeSet.java:initializeVolumeSet(173)) - Added Volume : /home/runner/work/ozone/ozone/hadoop-ozone/integration-test/target/test-dir/MiniOzoneClusterImpl-289e54f1-59ef-4028-876b-aa1b67627a4d/datanode-0/data-0/containers/hdds to VolumeSet
2023-08-25 08:50:48,122 [Time-limited test] INFO  volume.MutableVolumeSet (MutableVolumeSet.java:initializeVolumeSet(173)) - Added Volume : /home/runner/work/ozone/ozone/hadoop-ozone/integration-test/target/test-dir/MiniOzoneClusterImpl-289e54f1-59ef-4028-876b-aa1b67627a4d/datanode-0/data/ratis to VolumeSet
2023-08-25 08:50:48,142 [Thread-140] INFO  ozoneimpl.ContainerReader (ContainerReader.java:readVolume(177)) - Finish verifying containers on volume /home/runner/work/ozone/ozone/hadoop-ozone/integration-test/target/test-dir/MiniOzoneClusterImpl-289e54f1-59ef-4028-876b-aa1b67627a4d/datanode-0/data-0/containers/hdds
2023-08-25 08:50:48,142 [Time-limited test] INFO  ozoneimpl.OzoneContainer (OzoneContainer.java:buildContainerSet(314)) - Build ContainerSet costs 0s
2023-08-25 08:50:48,212 [Time-limited test] INFO  audit.AuditLogger (AuditLogger.java:refreshDebugCmdSet(126)) - Refresh DebugCmdSet for DNAudit to [].
2023-08-25 08:50:48,295 [Time-limited test] INFO  server.RaftServer (ConfUtils.java:logGet(46)) - raft.rpc.type = GRPC (default)
2023-08-25 08:50:48,300 [Time-limited test] INFO  grpc.GrpcConfigKeys (ConfUtils.java:logFallback(53)) - raft.grpc.admin.host = null (fallback to raft.grpc.server.host)
2023-08-25 08:50:48,301 [Time-limited test] INFO  grpc.GrpcConfigKeys (ConfUtils.java:logGet(46)) - raft.grpc.admin.port = 15013 (custom)
2023-08-25 08:50:48,301 [Time-limited test] INFO  grpc.GrpcConfigKeys (ConfUtils.java:logFallback(53)) - raft.grpc.client.host = null (fallback to raft.grpc.server.host)
2023-08-25 08:50:48,301 [Time-limited test] INFO  grpc.GrpcConfigKeys (ConfUtils.java:logGet(46)) - raft.grpc.client.port = 15012 (custom)
2023-08-25 08:50:48,301 [Time-limited test] INFO  grpc.GrpcConfigKeys (ConfUtils.java:logGet(46)) - raft.grpc.server.host = null (default)
2023-08-25 08:50:48,302 [Time-limited test] INFO  grpc.GrpcConfigKeys (ConfUtils.java:logGet(46)) - raft.grpc.server.port = 15014 (custom)
2023-08-25 08:50:48,302 [Time-limited test] INFO  server.GrpcService (ConfUtils.java:logGet(46)) - raft.grpc.message.size.max = 32MB (=33554432) (custom)
2023-08-25 08:50:48,302 [Time-limited test] INFO  server.RaftServerConfigKeys (ConfUtils.java:logGet(46)) - raft.server.log.appender.buffer.byte-limit = 33554432 (custom)
2023-08-25 08:50:48,302 [Time-limited test] INFO  server.GrpcService (ConfUtils.java:logGet(46)) - raft.grpc.flow.control.window = 5MB (=5242880) (custom)
2023-08-25 08:50:48,302 [Time-limited test] INFO  server.RaftServerConfigKeys (ConfUtils.java:logGet(46)) - raft.server.rpc.request.timeout = 60s (custom)
2023-08-25 08:50:48,302 [Time-limited test] INFO  grpc.GrpcConfigKeys (ConfUtils.java:logGet(46)) - raft.grpc.server.heartbeat.channel = true (default)
2023-08-25 08:50:48,302 [Time-limited test] INFO  grpc.GrpcConfigKeys (ConfUtils.java:logGet(46)) - raft.grpc.server.async.request.thread.pool.cached = true (default)
2023-08-25 08:50:48,303 [Time-limited test] INFO  grpc.GrpcConfigKeys (ConfUtils.java:logGet(46)) - raft.grpc.server.async.request.thread.pool.size = 32 (default)
2023-08-25 08:50:48,306 [Time-limited test] INFO  impl.DataStreamServerImpl (ConfUtils.java:logGet(46)) - raft.datastream.type = NETTY (custom)
2023-08-25 08:50:48,316 [Time-limited test] INFO  server.RaftServerConfigKeys (ConfUtils.java:logGet(46)) - raft.server.data-stream.async.request.thread.pool.cached = false (default)
2023-08-25 08:50:48,317 [Time-limited test] INFO  server.RaftServerConfigKeys (ConfUtils.java:logGet(46)) - raft.server.data-stream.async.request.thread.pool.size = 20 (custom)
2023-08-25 08:50:48,317 [Time-limited test] INFO  server.RaftServerConfigKeys (ConfUtils.java:logGet(46)) - raft.server.data-stream.async.write.thread.pool.size = 16 (default)
2023-08-25 08:50:48,319 [Time-limited test] INFO  server.RaftServerConfigKeys (ConfUtils.java:logGet(46)) - raft.server.data-stream.client.pool.size = 10 (default)
2023-08-25 08:50:48,322 [Time-limited test] INFO  netty.NettyConfigKeys$DataStream (ConfUtils.java:logGet(46)) - raft.netty.dataStream.server.use-epoll = false (default)
2023-08-25 08:50:48,322 [Time-limited test] INFO  netty.NettyConfigKeys$DataStream (ConfUtils.java:logGet(46)) - raft.netty.dataStream.server.boss-group.size = 0 (default)
2023-08-25 08:50:48,329 [Time-limited test] INFO  netty.NettyConfigKeys$DataStream (ConfUtils.java:logGet(46)) - raft.netty.dataStream.server.worker-group.size = 0 (default)
2023-08-25 08:50:48,346 [Time-limited test] INFO  netty.NettyConfigKeys$DataStream (ConfUtils.java:logGet(46)) - raft.netty.dataStream.server.tls.conf = null (default)
2023-08-25 08:50:48,347 [Time-limited test] INFO  netty.NettyConfigKeys$DataStream (ConfUtils.java:logGet(46)) - raft.netty.dataStream.host = null (default)
2023-08-25 08:50:48,348 [Time-limited test] INFO  netty.NettyConfigKeys$DataStream (ConfUtils.java:logGet(46)) - raft.netty.dataStream.port = 15015 (custom)
2023-08-25 08:50:48,358 [Time-limited test] INFO  server.RaftServerConfigKeys (ConfUtils.java:logGet(46)) - raft.server.threadpool.proxy.cached = true (default)
2023-08-25 08:50:48,359 [Time-limited test] INFO  server.RaftServerConfigKeys (ConfUtils.java:logGet(46)) - raft.server.threadpool.proxy.size = 0 (default)
2023-08-25 08:50:48,359 [Time-limited test] INFO  server.RaftServerConfigKeys (ConfUtils.java:logGet(46)) - raft.server.rpc.slowness.timeout = 300s (custom)
2023-08-25 08:50:48,359 [Time-limited test] INFO  server.RaftServerConfigKeys (ConfUtils.java:logGet(46)) - raft.server.leaderelection.leader.step-down.wait-time = 10s (default)
2023-08-25 08:50:48,359 [Time-limited test] INFO  server.RaftServerConfigKeys (ConfUtils.java:logGet(46)) - raft.server.storage.dir = [/home/runner/work/ozone/ozone/hadoop-ozone/integration-test/target/test-dir/MiniOzoneClusterImpl-289e54f1-59ef-4028-876b-aa1b67627a4d/datanode-0/data/ratis] (custom)
2023-08-25 08:50:48,362 [6f59ded9-1d69-4648-a4a5-1116b15843fb-impl-thread1] INFO  server.RaftServer (RaftServerProxy.java:initGroupDir(258)) - 6f59ded9-1d69-4648-a4a5-1116b15843fb: found a subdirectory /home/runner/work/ozone/ozone/hadoop-ozone/integration-test/target/test-dir/MiniOzoneClusterImpl-289e54f1-59ef-4028-876b-aa1b67627a4d/datanode-0/data/ratis/tmp
2023-08-25 08:50:48,366 [6f59ded9-1d69-4648-a4a5-1116b15843fb-impl-thread1] INFO  server.RaftServer (RaftServerProxy.java:initGroupDir(263)) - 6f59ded9-1d69-4648-a4a5-1116b15843fb: The directory /home/runner/work/ozone/ozone/hadoop-ozone/integration-test/target/test-dir/MiniOzoneClusterImpl-289e54f1-59ef-4028-876b-aa1b67627a4d/datanode-0/data/ratis/tmp is not a group directory; ignoring it. 
2023-08-25 08:50:48,369 [Time-limited test] INFO  replication.ReplicationServer (ReplicationServer.java:<init>(81)) - Initializing replication server with thread count = 10
2023-08-25 08:50:48,392 [6f59ded9-1d69-4648-a4a5-1116b15843fb-NettyServerStreamRpc-bossGroup--thread1] INFO  logging.LoggingHandler (AbstractInternalLogger.java:log(148)) - [id: 0x710ce745] REGISTERED
2023-08-25 08:50:48,392 [6f59ded9-1d69-4648-a4a5-1116b15843fb-NettyServerStreamRpc-bossGroup--thread1] INFO  logging.LoggingHandler (AbstractInternalLogger.java:log(148)) - [id: 0x710ce745] BIND: 0.0.0.0/0.0.0.0:15015
2023-08-25 08:50:48,394 [6f59ded9-1d69-4648-a4a5-1116b15843fb-NettyServerStreamRpc-bossGroup--thread1] INFO  logging.LoggingHandler (AbstractInternalLogger.java:log(148)) - [id: 0x710ce745, L:/0:0:0:0:0:0:0:0:15015] ACTIVE
2023-08-25 08:50:48,404 [Time-limited test] INFO  server.XceiverServerGrpc (XceiverServerGrpc.java:<init>(132)) - GrpcServer channel type EpollServerSocketChannel
2023-08-25 08:50:48,453 [Time-limited test] INFO  replication.ReplicationSupervisor (ReplicationSupervisor.java:build(155)) - Initializing replication supervisor with thread count = 10
2023-08-25 08:50:48,455 [Time-limited test] INFO  replication.ReplicationSupervisor (ReplicationSupervisor.java:nodeStateUpdated(307)) - Node state updated to IN_SERVICE, scaling executor pool size to 10
2023-08-25 08:50:48,517 [Time-limited test] INFO  http.BaseHttpServer (BaseHttpServer.java:newHttpServer2BuilderForOzone(224)) - Starting Web-server for hddsDatanode at: http://0.0.0.0:15009
2023-08-25 08:50:48,517 [Time-limited test] INFO  http.BaseHttpServer (BaseHttpServer.java:<init>(111)) - Hadoop Security Enabled: false Ozone Security Enabled: false Ozone HTTP Security Enabled: false 
2023-08-25 08:50:48,519 [Time-limited test] WARN  server.AuthenticationFilter (AuthenticationFilter.java:constructSecretProvider(240)) - Unable to initialize FileSignerSecretProvider, falling back to use random secrets. Reason: Could not read signature secret file: /home/runner/hadoop-http-auth-signature-secret
2023-08-25 08:50:48,519 [Time-limited test] INFO  http.HttpRequestLog (HttpRequestLog.java:getRequestLog(86)) - Http request log for http.requests.hddsDatanode is not defined
2023-08-25 08:50:48,521 [Time-limited test] INFO  http.HttpServer2 (HttpServer2.java:addGlobalFilter(1031)) - Added global filter 'safety' (class=org.apache.hadoop.hdds.server.http.HttpServer2$QuotingInputFilter)
2023-08-25 08:50:48,522 [Time-limited test] INFO  http.HttpServer2 (HttpServer2.java:addFilter(1007)) - Added filter static_user_filter (class=org.apache.hadoop.http.lib.StaticUserWebFilter$StaticUserFilter) to context hddsDatanode
2023-08-25 08:50:48,522 [Time-limited test] INFO  http.HttpServer2 (HttpServer2.java:addFilter(1015)) - Added filter static_user_filter (class=org.apache.hadoop.http.lib.StaticUserWebFilter$StaticUserFilter) to context static
2023-08-25 08:50:48,522 [Time-limited test] INFO  http.HttpServer2 (HttpServer2.java:addFilter(1015)) - Added filter static_user_filter (class=org.apache.hadoop.http.lib.StaticUserWebFilter$StaticUserFilter) to context logs
2023-08-25 08:50:48,523 [Time-limited test] INFO  http.BaseHttpServer (BaseHttpServer.java:<init>(190)) - HTTP server of hddsDatanode uses base directory /home/runner/work/ozone/ozone/hadoop-ozone/integration-test/target/test-dir/MiniOzoneClusterImpl-289e54f1-59ef-4028-876b-aa1b67627a4d/datanode-0/meta/webserver
2023-08-25 08:50:48,523 [Time-limited test] INFO  http.HttpServer2 (HttpServer2.java:bindListener(1250)) - Jetty bound to port 15009
2023-08-25 08:50:48,523 [Time-limited test] INFO  server.Server (Server.java:doStart(375)) - jetty-9.4.51.v20230217; built: 2023-02-17T08:19:37.309Z; git: b45c405e4544384de066f814ed42ae3dceacdd49; jvm 1.8.0_382-b05
2023-08-25 08:50:48,527 [Time-limited test] INFO  server.session (DefaultSessionIdManager.java:doStart(334)) - DefaultSessionIdManager workerName=node0
2023-08-25 08:50:48,528 [Time-limited test] INFO  server.session (DefaultSessionIdManager.java:doStart(339)) - No SessionScavenger set, using defaults
2023-08-25 08:50:48,528 [Time-limited test] INFO  server.session (HouseKeeper.java:startScavenging(132)) - node0 Scavenging every 660000ms
2023-08-25 08:50:48,529 [Time-limited test] INFO  handler.ContextHandler (ContextHandler.java:doStart(921)) - Started o.e.j.s.ServletContextHandler@2fed0993{logs,/logs,file:///home/runner/work/ozone/ozone/hadoop-ozone/integration-test/target/log,AVAILABLE}
2023-08-25 08:50:48,529 [Time-limited test] INFO  handler.ContextHandler (ContextHandler.java:doStart(921)) - Started o.e.j.s.ServletContextHandler@343ca451{static,/static,jar:file:/home/runner/.m2/repository/org/apache/ozone/hdds-container-service/1.4.0-SNAPSHOT/hdds-container-service-1.4.0-SNAPSHOT.jar!/webapps/static,AVAILABLE}
2023-08-25 08:50:48,700 [om1@group-C5BA1605619E-FollowerState] INFO  impl.FollowerState (FollowerState.java:run(143)) - om1@group-C5BA1605619E-FollowerState: change to CANDIDATE, lastRpcElapsedTime:1090657792ns, electionTimeout:1080ms
2023-08-25 08:50:48,701 [om1@group-C5BA1605619E-FollowerState] INFO  impl.RoleInfo (RoleInfo.java:shutdownFollowerState(110)) - om1: shutdown om1@group-C5BA1605619E-FollowerState
2023-08-25 08:50:48,702 [om1@group-C5BA1605619E-FollowerState] INFO  server.RaftServer$Division (RaftServerImpl.java:setRole(329)) - om1@group-C5BA1605619E: changes role from  FOLLOWER to CANDIDATE at term 0 for changeToCandidate
2023-08-25 08:50:48,705 [om1@group-C5BA1605619E-FollowerState] INFO  server.RaftServerConfigKeys (ConfUtils.java:logGet(46)) - raft.server.leaderelection.pre-vote = true (default)
2023-08-25 08:50:48,705 [om1@group-C5BA1605619E-FollowerState] INFO  impl.RoleInfo (RoleInfo.java:updateAndGet(139)) - om1: start om1@group-C5BA1605619E-LeaderElection1
2023-08-25 08:50:48,714 [om1@group-C5BA1605619E-LeaderElection1] INFO  impl.LeaderElection (LeaderElection.java:askForVotes(321)) - om1@group-C5BA1605619E-LeaderElection1 PRE_VOTE round 0: submit vote requests at term 0 for -1: peers:[om1|rpc:localhost:15007|priority:0|startupRole:FOLLOWER]|listeners:[], old=null
2023-08-25 08:50:48,714 [om1@group-C5BA1605619E-LeaderElection1] INFO  impl.LeaderElection (LeaderElection.java:askForVotes(323)) - om1@group-C5BA1605619E-LeaderElection1 PRE_VOTE round 0: result PASSED (term=0)
2023-08-25 08:50:48,726 [om1@group-C5BA1605619E-LeaderElection1] INFO  impl.LeaderElection (LeaderElection.java:askForVotes(321)) - om1@group-C5BA1605619E-LeaderElection1 ELECTION round 0: submit vote requests at term 1 for -1: peers:[om1|rpc:localhost:15007|priority:0|startupRole:FOLLOWER]|listeners:[], old=null
2023-08-25 08:50:48,726 [om1@group-C5BA1605619E-LeaderElection1] INFO  impl.LeaderElection (LeaderElection.java:askForVotes(323)) - om1@group-C5BA1605619E-LeaderElection1 ELECTION round 0: result PASSED (term=1)
2023-08-25 08:50:48,726 [om1@group-C5BA1605619E-LeaderElection1] INFO  impl.RoleInfo (RoleInfo.java:shutdownLeaderElection(130)) - om1: shutdown om1@group-C5BA1605619E-LeaderElection1
2023-08-25 08:50:48,727 [om1@group-C5BA1605619E-LeaderElection1] INFO  server.RaftServer$Division (RaftServerImpl.java:setRole(329)) - om1@group-C5BA1605619E: changes role from CANDIDATE to LEADER at term 1 for changeToLeader
2023-08-25 08:50:48,729 [om1@group-C5BA1605619E-LeaderElection1] INFO  server.RaftServer$Division (ServerState.java:setLeader(317)) - om1@group-C5BA1605619E: change Leader from null to om1 at term 1 for becomeLeader, leader elected after 2297ms
2023-08-25 08:50:48,741 [om1@group-C5BA1605619E-LeaderElection1] INFO  server.RaftServerConfigKeys (ConfUtils.java:logGet(46)) - raft.server.staging.catchup.gap = 1000 (default)
2023-08-25 08:50:48,747 [om1@group-C5BA1605619E-LeaderElection1] INFO  server.RaftServerConfigKeys (ConfUtils.java:logGet(46)) - raft.server.write.element-limit = 4096 (default)
2023-08-25 08:50:48,748 [om1@group-C5BA1605619E-LeaderElection1] INFO  server.RaftServerConfigKeys (ConfUtils.java:logGet(46)) - raft.server.write.byte-limit = 64MB (=67108864) (default)
2023-08-25 08:50:48,753 [om1@group-C5BA1605619E-LeaderElection1] INFO  server.RaftServerConfigKeys (ConfUtils.java:logGet(46)) - raft.server.watch.timeout = 10s (default)
2023-08-25 08:50:48,753 [om1@group-C5BA1605619E-LeaderElection1] INFO  server.RaftServerConfigKeys (ConfUtils.java:logGet(46)) - raft.server.watch.timeout.denomination = 1s (default)
2023-08-25 08:50:48,754 [om1@group-C5BA1605619E-LeaderElection1] INFO  server.RaftServerConfigKeys (ConfUtils.java:logGet(46)) - raft.server.watch.element-limit = 65536 (default)
2023-08-25 08:50:48,760 [om1@group-C5BA1605619E-LeaderElection1] INFO  server.RaftServerConfigKeys (ConfUtils.java:logGet(46)) - raft.server.write.element-limit = 4096 (default)
2023-08-25 08:50:48,763 [om1@group-C5BA1605619E-LeaderElection1] INFO  server.RaftServerConfigKeys (ConfUtils.java:logGet(46)) - raft.server.write.follower.gap.ratio.max = -1.0 (default)
2023-08-25 08:50:48,769 [om1@group-C5BA1605619E-LeaderElection1] INFO  impl.RoleInfo (RoleInfo.java:updateAndGet(139)) - om1: start om1@group-C5BA1605619E-LeaderStateImpl
2023-08-25 08:50:48,781 [ReplicationMonitor] INFO  replication.ReplicationManager (ReplicationManager.java:processAll(361)) - Replication Manager is not ready to run until 3000ms after safemode exit
2023-08-25 08:50:48,795 [om1@group-C5BA1605619E-LeaderElection1] INFO  segmented.SegmentedRaftLogWorker (SegmentedRaftLogWorker.java:startLogSegment(447)) - om1@group-C5BA1605619E-SegmentedRaftLogWorker: Starting segment from index:0
2023-08-25 08:50:48,872 [Time-limited test] INFO  handler.ContextHandler (ContextHandler.java:doStart(921)) - Started o.e.j.w.WebAppContext@72efc779{hddsDatanode,/,file:///home/runner/work/ozone/ozone/hadoop-ozone/integration-test/target/test-dir/MiniOzoneClusterImpl-289e54f1-59ef-4028-876b-aa1b67627a4d/datanode-0/meta/webserver/jetty-0_0_0_0-15009-hdds-container-service-1_4_0-SNAPSHOT_jar-_-any-1265550538869652083/webapp/,AVAILABLE}{jar:file:/home/runner/.m2/repository/org/apache/ozone/hdds-container-service/1.4.0-SNAPSHOT/hdds-container-service-1.4.0-SNAPSHOT.jar!/webapps/hddsDatanode}
2023-08-25 08:50:48,877 [om1@group-C5BA1605619E-LeaderElection1] INFO  server.RaftServer$Division (ServerState.java:setRaftConf(434)) - om1@group-C5BA1605619E: set configuration 0: peers:[om1|rpc:localhost:15007|admin:|client:|dataStream:|priority:0|startupRole:FOLLOWER]|listeners:[], old=null
2023-08-25 08:50:48,880 [Time-limited test] INFO  server.AbstractConnector (AbstractConnector.java:doStart(333)) - Started ServerConnector@44a64ff{HTTP/1.1, (http/1.1)}{0.0.0.0:15009}
2023-08-25 08:50:48,882 [Time-limited test] INFO  server.Server (Server.java:doStart(415)) - Started @10108ms
2023-08-25 08:50:48,882 [Time-limited test] WARN  impl.MetricsSystemImpl (MetricsSystemImpl.java:register(279)) - Sink prometheus already exists!
2023-08-25 08:50:48,882 [Time-limited test] INFO  http.BaseHttpServer (BaseHttpServer.java:updateConnectorAddress(344)) - HTTP server of hddsDatanode listening at http://0.0.0.0:15009
2023-08-25 08:50:48,886 [Time-limited test] INFO  ipc.CallQueueManager (CallQueueManager.java:<init>(90)) - Using callQueue: class java.util.concurrent.LinkedBlockingQueue, queueCapacity: 100, scheduler: class org.apache.hadoop.ipc.DefaultRpcScheduler, ipcBackoff: false.
2023-08-25 08:50:48,886 [Time-limited test] INFO  ipc.Server (Server.java:<init>(1287)) - Listener at 0.0.0.0:15010
2023-08-25 08:50:48,891 [Socket Reader #1 for port 15010] INFO  ipc.Server (Server.java:run(1323)) - Starting Socket Reader #1 for port 15010
2023-08-25 08:50:48,899 [Time-limited test] INFO  ozone.HddsDatanodeService (HddsDatanodeService.java:start(315)) - Datanode start with admins: [runner]
2023-08-25 08:50:48,899 [Time-limited test] INFO  ozone.HddsDatanodeClientProtocolServer (HddsDatanodeClientProtocolServer.java:start(72)) - RPC server for Client /0.0.0.0:15010
2023-08-25 08:50:48,900 [IPC Server Responder] INFO  ipc.Server (Server.java:run(1562)) - IPC Server Responder: starting
2023-08-25 08:50:48,900 [IPC Server listener on 15010] INFO  ipc.Server (Server.java:run(1402)) - IPC Server listener on 15010: starting
2023-08-25 08:50:48,901 [Time-limited test] WARN  impl.MetricRegistriesImpl (MetricRegistriesImpl.java:addReporterRegistration(111)) - New reporters are added after registries were created. Some metrics will be missing from the reporter. Please add reporter before adding any new registry.
2023-08-25 08:50:48,901 [Time-limited test] WARN  impl.MetricRegistriesImpl (MetricRegistriesImpl.java:addReporterRegistration(111)) - New reporters are added after registries were created. Some metrics will be missing from the reporter. Please add reporter before adding any new registry.
2023-08-25 08:50:48,901 [Time-limited test] INFO  impl.MetricsSystemImpl (MetricsSystemImpl.java:init(158)) - HddsDatanode metrics system started (again)
2023-08-25 08:50:48,909 [Datanode State Machine Daemon Thread] INFO  statemachine.DatanodeStateMachine (DatanodeStateMachine.java:lambda$startDaemon$0(538)) - Ozone container server started.
2023-08-25 08:50:48,928 [Time-limited test] INFO  ozone.HddsDatanodeService (HddsDatanodeService.java:start(237)) - HddsDatanodeService host:fv-az584-689.msjcyvhqqs1uvpg4fm53wptgqc.jx.internal.cloudapp.net ip:10.1.0.19
2023-08-25 08:50:48,966 [Time-limited test] INFO  upgrade.AbstractLayoutVersionManager (AbstractLayoutVersionManager.java:init(83)) - Initializing Layout version manager with metadata layout = HADOOP_PRC_PORTS_IN_DATANODEDETAILS (version = 7), software layout = HADOOP_PRC_PORTS_IN_DATANODEDETAILS (version = 7)
2023-08-25 08:50:48,970 [Time-limited test] INFO  statemachine.DatanodeStateMachine (DatanodeStateMachine.java:getEndPointTaskThreadPoolSize(282)) - Datanode State Machine Task Thread Pool size 2
2023-08-25 08:50:48,982 [Time-limited test] INFO  volume.HddsVolume (HddsVolume.java:<init>(126)) - Creating HddsVolume: /home/runner/work/ozone/ozone/hadoop-ozone/integration-test/target/test-dir/MiniOzoneClusterImpl-289e54f1-59ef-4028-876b-aa1b67627a4d/datanode-1/data-0/containers/hdds of storage type : DISK capacity : 9223372036854775807
2023-08-25 08:50:48,983 [Time-limited test] INFO  volume.MutableVolumeSet (MutableVolumeSet.java:initializeVolumeSet(173)) - Added Volume : /home/runner/work/ozone/ozone/hadoop-ozone/integration-test/target/test-dir/MiniOzoneClusterImpl-289e54f1-59ef-4028-876b-aa1b67627a4d/datanode-1/data-0/containers/hdds to VolumeSet
2023-08-25 08:50:48,986 [Time-limited test] INFO  volume.MutableVolumeSet (MutableVolumeSet.java:initializeVolumeSet(173)) - Added Volume : /home/runner/work/ozone/ozone/hadoop-ozone/integration-test/target/test-dir/MiniOzoneClusterImpl-289e54f1-59ef-4028-876b-aa1b67627a4d/datanode-1/data/ratis to VolumeSet
2023-08-25 08:50:48,996 [Thread-159] INFO  ozoneimpl.ContainerReader (ContainerReader.java:readVolume(177)) - Finish verifying containers on volume /home/runner/work/ozone/ozone/hadoop-ozone/integration-test/target/test-dir/MiniOzoneClusterImpl-289e54f1-59ef-4028-876b-aa1b67627a4d/datanode-1/data-0/containers/hdds
2023-08-25 08:50:48,998 [Time-limited test] INFO  ozoneimpl.OzoneContainer (OzoneContainer.java:buildContainerSet(314)) - Build ContainerSet costs 0s
2023-08-25 08:50:49,011 [Time-limited test] INFO  server.RaftServer (ConfUtils.java:logGet(46)) - raft.rpc.type = GRPC (default)
2023-08-25 08:50:49,011 [Time-limited test] INFO  grpc.GrpcConfigKeys (ConfUtils.java:logFallback(53)) - raft.grpc.admin.host = null (fallback to raft.grpc.server.host)
2023-08-25 08:50:49,012 [Time-limited test] INFO  grpc.GrpcConfigKeys (ConfUtils.java:logGet(46)) - raft.grpc.admin.port = 15022 (custom)
2023-08-25 08:50:49,012 [Time-limited test] INFO  grpc.GrpcConfigKeys (ConfUtils.java:logFallback(53)) - raft.grpc.client.host = null (fallback to raft.grpc.server.host)
2023-08-25 08:50:49,012 [Time-limited test] INFO  grpc.GrpcConfigKeys (ConfUtils.java:logGet(46)) - raft.grpc.client.port = 15021 (custom)
2023-08-25 08:50:49,012 [Time-limited test] INFO  grpc.GrpcConfigKeys (ConfUtils.java:logGet(46)) - raft.grpc.server.host = null (default)
2023-08-25 08:50:49,012 [Time-limited test] INFO  grpc.GrpcConfigKeys (ConfUtils.java:logGet(46)) - raft.grpc.server.port = 15023 (custom)
2023-08-25 08:50:49,012 [Time-limited test] INFO  server.GrpcService (ConfUtils.java:logGet(46)) - raft.grpc.message.size.max = 32MB (=33554432) (custom)
2023-08-25 08:50:49,014 [Time-limited test] INFO  server.RaftServerConfigKeys (ConfUtils.java:logGet(46)) - raft.server.log.appender.buffer.byte-limit = 33554432 (custom)
2023-08-25 08:50:49,014 [Time-limited test] INFO  server.GrpcService (ConfUtils.java:logGet(46)) - raft.grpc.flow.control.window = 5MB (=5242880) (custom)
2023-08-25 08:50:49,014 [Time-limited test] INFO  server.RaftServerConfigKeys (ConfUtils.java:logGet(46)) - raft.server.rpc.request.timeout = 60s (custom)
2023-08-25 08:50:49,014 [Time-limited test] INFO  grpc.GrpcConfigKeys (ConfUtils.java:logGet(46)) - raft.grpc.server.heartbeat.channel = true (default)
2023-08-25 08:50:49,014 [Time-limited test] INFO  grpc.GrpcConfigKeys (ConfUtils.java:logGet(46)) - raft.grpc.server.async.request.thread.pool.cached = true (default)
2023-08-25 08:50:49,014 [Time-limited test] INFO  grpc.GrpcConfigKeys (ConfUtils.java:logGet(46)) - raft.grpc.server.async.request.thread.pool.size = 32 (default)
2023-08-25 08:50:49,016 [om1@group-C5BA1605619E-SegmentedRaftLogWorker] INFO  segmented.SegmentedRaftLogWorker (SegmentedRaftLogWorker.java:execute(651)) - om1@group-C5BA1605619E-SegmentedRaftLogWorker: created new log segment /home/runner/work/ozone/ozone/hadoop-ozone/integration-test/target/test-dir/MiniOzoneClusterImpl-289e54f1-59ef-4028-876b-aa1b67627a4d/ozone-meta/ratis/bf265839-605b-3f16-9796-c5ba1605619e/current/log_inprogress_0
2023-08-25 08:50:49,020 [Time-limited test] INFO  impl.DataStreamServerImpl (ConfUtils.java:logGet(46)) - raft.datastream.type = NETTY (custom)
2023-08-25 08:50:49,021 [Time-limited test] INFO  server.RaftServerConfigKeys (ConfUtils.java:logGet(46)) - raft.server.data-stream.async.request.thread.pool.cached = false (default)
2023-08-25 08:50:49,022 [Time-limited test] INFO  server.RaftServerConfigKeys (ConfUtils.java:logGet(46)) - raft.server.data-stream.async.request.thread.pool.size = 20 (custom)
2023-08-25 08:50:49,022 [Time-limited test] INFO  server.RaftServerConfigKeys (ConfUtils.java:logGet(46)) - raft.server.data-stream.async.write.thread.pool.size = 16 (default)
2023-08-25 08:50:49,022 [Time-limited test] INFO  server.RaftServerConfigKeys (ConfUtils.java:logGet(46)) - raft.server.data-stream.client.pool.size = 10 (default)
2023-08-25 08:50:49,023 [Time-limited test] INFO  netty.NettyConfigKeys$DataStream (ConfUtils.java:logGet(46)) - raft.netty.dataStream.server.use-epoll = false (default)
2023-08-25 08:50:49,023 [Time-limited test] INFO  netty.NettyConfigKeys$DataStream (ConfUtils.java:logGet(46)) - raft.netty.dataStream.server.boss-group.size = 0 (default)
2023-08-25 08:50:49,023 [Time-limited test] INFO  netty.NettyConfigKeys$DataStream (ConfUtils.java:logGet(46)) - raft.netty.dataStream.server.worker-group.size = 0 (default)
2023-08-25 08:50:49,026 [Time-limited test] INFO  netty.NettyConfigKeys$DataStream (ConfUtils.java:logGet(46)) - raft.netty.dataStream.server.tls.conf = null (default)
2023-08-25 08:50:49,026 [Time-limited test] INFO  netty.NettyConfigKeys$DataStream (ConfUtils.java:logGet(46)) - raft.netty.dataStream.host = null (default)
2023-08-25 08:50:49,026 [Time-limited test] INFO  netty.NettyConfigKeys$DataStream (ConfUtils.java:logGet(46)) - raft.netty.dataStream.port = 15024 (custom)
2023-08-25 08:50:49,046 [Time-limited test] INFO  server.RaftServerConfigKeys (ConfUtils.java:logGet(46)) - raft.server.threadpool.proxy.cached = true (default)
2023-08-25 08:50:49,047 [5e5d2cfb-a693-459c-b621-520c42fdac66-NettyServerStreamRpc-bossGroup--thread1] INFO  logging.LoggingHandler (AbstractInternalLogger.java:log(148)) - [id: 0x8311b15c] REGISTERED
2023-08-25 08:50:49,048 [5e5d2cfb-a693-459c-b621-520c42fdac66-NettyServerStreamRpc-bossGroup--thread1] INFO  logging.LoggingHandler (AbstractInternalLogger.java:log(148)) - [id: 0x8311b15c] BIND: 0.0.0.0/0.0.0.0:15024
2023-08-25 08:50:49,048 [5e5d2cfb-a693-459c-b621-520c42fdac66-NettyServerStreamRpc-bossGroup--thread1] INFO  logging.LoggingHandler (AbstractInternalLogger.java:log(148)) - [id: 0x8311b15c, L:/0:0:0:0:0:0:0:0:15024] ACTIVE
2023-08-25 08:50:49,048 [Time-limited test] INFO  server.RaftServerConfigKeys (ConfUtils.java:logGet(46)) - raft.server.threadpool.proxy.size = 0 (default)
2023-08-25 08:50:49,049 [Time-limited test] INFO  server.RaftServerConfigKeys (ConfUtils.java:logGet(46)) - raft.server.rpc.slowness.timeout = 300s (custom)
2023-08-25 08:50:49,049 [Time-limited test] INFO  server.RaftServerConfigKeys (ConfUtils.java:logGet(46)) - raft.server.leaderelection.leader.step-down.wait-time = 10s (default)
2023-08-25 08:50:49,049 [Time-limited test] INFO  server.RaftServerConfigKeys (ConfUtils.java:logGet(46)) - raft.server.storage.dir = [/home/runner/work/ozone/ozone/hadoop-ozone/integration-test/target/test-dir/MiniOzoneClusterImpl-289e54f1-59ef-4028-876b-aa1b67627a4d/datanode-1/data/ratis] (custom)
2023-08-25 08:50:49,050 [5e5d2cfb-a693-459c-b621-520c42fdac66-impl-thread1] INFO  server.RaftServer (RaftServerProxy.java:initGroupDir(258)) - 5e5d2cfb-a693-459c-b621-520c42fdac66: found a subdirectory /home/runner/work/ozone/ozone/hadoop-ozone/integration-test/target/test-dir/MiniOzoneClusterImpl-289e54f1-59ef-4028-876b-aa1b67627a4d/datanode-1/data/ratis/tmp
2023-08-25 08:50:49,051 [5e5d2cfb-a693-459c-b621-520c42fdac66-impl-thread1] INFO  server.RaftServer (RaftServerProxy.java:initGroupDir(263)) - 5e5d2cfb-a693-459c-b621-520c42fdac66: The directory /home/runner/work/ozone/ozone/hadoop-ozone/integration-test/target/test-dir/MiniOzoneClusterImpl-289e54f1-59ef-4028-876b-aa1b67627a4d/datanode-1/data/ratis/tmp is not a group directory; ignoring it. 
2023-08-25 08:50:49,051 [Time-limited test] INFO  replication.ReplicationServer (ReplicationServer.java:<init>(81)) - Initializing replication server with thread count = 10
2023-08-25 08:50:49,053 [Time-limited test] INFO  server.XceiverServerGrpc (XceiverServerGrpc.java:<init>(132)) - GrpcServer channel type EpollServerSocketChannel
2023-08-25 08:50:49,055 [Time-limited test] INFO  replication.ReplicationSupervisor (ReplicationSupervisor.java:build(155)) - Initializing replication supervisor with thread count = 10
2023-08-25 08:50:49,056 [Time-limited test] INFO  replication.ReplicationSupervisor (ReplicationSupervisor.java:nodeStateUpdated(307)) - Node state updated to IN_SERVICE, scaling executor pool size to 10
2023-08-25 08:50:49,059 [Time-limited test] INFO  http.BaseHttpServer (BaseHttpServer.java:newHttpServer2BuilderForOzone(224)) - Starting Web-server for hddsDatanode at: http://0.0.0.0:15018
2023-08-25 08:50:49,059 [Time-limited test] INFO  http.BaseHttpServer (BaseHttpServer.java:<init>(111)) - Hadoop Security Enabled: false Ozone Security Enabled: false Ozone HTTP Security Enabled: false 
2023-08-25 08:50:49,060 [Time-limited test] WARN  server.AuthenticationFilter (AuthenticationFilter.java:constructSecretProvider(240)) - Unable to initialize FileSignerSecretProvider, falling back to use random secrets. Reason: Could not read signature secret file: /home/runner/hadoop-http-auth-signature-secret
2023-08-25 08:50:49,061 [Time-limited test] INFO  http.HttpRequestLog (HttpRequestLog.java:getRequestLog(86)) - Http request log for http.requests.hddsDatanode is not defined
2023-08-25 08:50:49,062 [Time-limited test] INFO  http.HttpServer2 (HttpServer2.java:addGlobalFilter(1031)) - Added global filter 'safety' (class=org.apache.hadoop.hdds.server.http.HttpServer2$QuotingInputFilter)
2023-08-25 08:50:49,063 [Time-limited test] INFO  http.HttpServer2 (HttpServer2.java:addFilter(1007)) - Added filter static_user_filter (class=org.apache.hadoop.http.lib.StaticUserWebFilter$StaticUserFilter) to context hddsDatanode
2023-08-25 08:50:49,063 [Time-limited test] INFO  http.HttpServer2 (HttpServer2.java:addFilter(1015)) - Added filter static_user_filter (class=org.apache.hadoop.http.lib.StaticUserWebFilter$StaticUserFilter) to context logs
2023-08-25 08:50:49,063 [Time-limited test] INFO  http.HttpServer2 (HttpServer2.java:addFilter(1015)) - Added filter static_user_filter (class=org.apache.hadoop.http.lib.StaticUserWebFilter$StaticUserFilter) to context static
2023-08-25 08:50:49,064 [Time-limited test] INFO  http.BaseHttpServer (BaseHttpServer.java:<init>(190)) - HTTP server of hddsDatanode uses base directory /home/runner/work/ozone/ozone/hadoop-ozone/integration-test/target/test-dir/MiniOzoneClusterImpl-289e54f1-59ef-4028-876b-aa1b67627a4d/datanode-1/meta/webserver
2023-08-25 08:50:49,065 [Time-limited test] INFO  http.HttpServer2 (HttpServer2.java:bindListener(1250)) - Jetty bound to port 15018
2023-08-25 08:50:49,067 [Time-limited test] INFO  server.Server (Server.java:doStart(375)) - jetty-9.4.51.v20230217; built: 2023-02-17T08:19:37.309Z; git: b45c405e4544384de066f814ed42ae3dceacdd49; jvm 1.8.0_382-b05
2023-08-25 08:50:49,078 [Time-limited test] INFO  server.session (DefaultSessionIdManager.java:doStart(334)) - DefaultSessionIdManager workerName=node0
2023-08-25 08:50:49,078 [Time-limited test] INFO  server.session (DefaultSessionIdManager.java:doStart(339)) - No SessionScavenger set, using defaults
2023-08-25 08:50:49,078 [Time-limited test] INFO  server.session (HouseKeeper.java:startScavenging(132)) - node0 Scavenging every 660000ms
2023-08-25 08:50:49,079 [Time-limited test] INFO  handler.ContextHandler (ContextHandler.java:doStart(921)) - Started o.e.j.s.ServletContextHandler@96bd80f{logs,/logs,file:///home/runner/work/ozone/ozone/hadoop-ozone/integration-test/target/log,AVAILABLE}
2023-08-25 08:50:49,080 [Time-limited test] INFO  handler.ContextHandler (ContextHandler.java:doStart(921)) - Started o.e.j.s.ServletContextHandler@1b498954{static,/static,jar:file:/home/runner/.m2/repository/org/apache/ozone/hdds-container-service/1.4.0-SNAPSHOT/hdds-container-service-1.4.0-SNAPSHOT.jar!/webapps/static,AVAILABLE}
2023-08-25 08:50:49,232 [Datanode State Machine Task Thread - 0] INFO  datanode.InitDatanodeState (InitDatanodeState.java:persistContainerDatanodeDetails(138)) - DatanodeDetails is persisted to /home/runner/work/ozone/ozone/hadoop-ozone/integration-test/target/test-dir/MiniOzoneClusterImpl-289e54f1-59ef-4028-876b-aa1b67627a4d/datanode-0/meta/datanode.id
2023-08-25 08:50:49,259 [om1@group-C5BA1605619E-StateMachineUpdater] INFO  ratis.OzoneManagerStateMachine (OzoneManagerStateMachine.java:notifyConfigurationChanged(202)) - Received Configuration change notification from Ratis. New Peer list:
[id: "om1"
address: "localhost:15007"
startupRole: FOLLOWER
]
2023-08-25 08:50:49,414 [Time-limited test] INFO  handler.ContextHandler (ContextHandler.java:doStart(921)) - Started o.e.j.w.WebAppContext@23a8e5ce{hddsDatanode,/,file:///home/runner/work/ozone/ozone/hadoop-ozone/integration-test/target/test-dir/MiniOzoneClusterImpl-289e54f1-59ef-4028-876b-aa1b67627a4d/datanode-1/meta/webserver/jetty-0_0_0_0-15018-hdds-container-service-1_4_0-SNAPSHOT_jar-_-any-2085590891112676899/webapp/,AVAILABLE}{jar:file:/home/runner/.m2/repository/org/apache/ozone/hdds-container-service/1.4.0-SNAPSHOT/hdds-container-service-1.4.0-SNAPSHOT.jar!/webapps/hddsDatanode}
2023-08-25 08:50:49,416 [Time-limited test] INFO  server.AbstractConnector (AbstractConnector.java:doStart(333)) - Started ServerConnector@5576e4dc{HTTP/1.1, (http/1.1)}{0.0.0.0:15018}
2023-08-25 08:50:49,416 [Time-limited test] INFO  server.Server (Server.java:doStart(415)) - Started @10643ms
2023-08-25 08:50:49,416 [Time-limited test] WARN  impl.MetricsSystemImpl (MetricsSystemImpl.java:register(279)) - Sink prometheus already exists!
2023-08-25 08:50:49,417 [Time-limited test] INFO  http.BaseHttpServer (BaseHttpServer.java:updateConnectorAddress(344)) - HTTP server of hddsDatanode listening at http://0.0.0.0:15018
2023-08-25 08:50:49,417 [Time-limited test] INFO  ipc.CallQueueManager (CallQueueManager.java:<init>(90)) - Using callQueue: class java.util.concurrent.LinkedBlockingQueue, queueCapacity: 100, scheduler: class org.apache.hadoop.ipc.DefaultRpcScheduler, ipcBackoff: false.
2023-08-25 08:50:49,417 [Time-limited test] INFO  ipc.Server (Server.java:<init>(1287)) - Listener at 0.0.0.0:15019
2023-08-25 08:50:49,421 [Socket Reader #1 for port 15019] INFO  ipc.Server (Server.java:run(1323)) - Starting Socket Reader #1 for port 15019
2023-08-25 08:50:49,425 [Time-limited test] INFO  ozone.HddsDatanodeService (HddsDatanodeService.java:start(315)) - Datanode start with admins: [runner]
2023-08-25 08:50:49,425 [Time-limited test] INFO  ozone.HddsDatanodeClientProtocolServer (HddsDatanodeClientProtocolServer.java:start(72)) - RPC server for Client /0.0.0.0:15019
2023-08-25 08:50:49,425 [IPC Server Responder] INFO  ipc.Server (Server.java:run(1562)) - IPC Server Responder: starting
2023-08-25 08:50:49,426 [IPC Server listener on 15019] INFO  ipc.Server (Server.java:run(1402)) - IPC Server listener on 15019: starting
2023-08-25 08:50:49,426 [Time-limited test] WARN  impl.MetricRegistriesImpl (MetricRegistriesImpl.java:addReporterRegistration(111)) - New reporters are added after registries were created. Some metrics will be missing from the reporter. Please add reporter before adding any new registry.
2023-08-25 08:50:49,427 [Time-limited test] WARN  impl.MetricRegistriesImpl (MetricRegistriesImpl.java:addReporterRegistration(111)) - New reporters are added after registries were created. Some metrics will be missing from the reporter. Please add reporter before adding any new registry.
2023-08-25 08:50:49,427 [Time-limited test] INFO  impl.MetricsSystemImpl (MetricsSystemImpl.java:init(158)) - HddsDatanode metrics system started (again)
2023-08-25 08:50:49,433 [Datanode State Machine Daemon Thread] INFO  statemachine.DatanodeStateMachine (DatanodeStateMachine.java:lambda$startDaemon$0(538)) - Ozone container server started.
2023-08-25 08:50:49,446 [Time-limited test] INFO  ozone.HddsDatanodeService (HddsDatanodeService.java:start(237)) - HddsDatanodeService host:fv-az584-689.msjcyvhqqs1uvpg4fm53wptgqc.jx.internal.cloudapp.net ip:10.1.0.19
2023-08-25 08:50:49,475 [Datanode State Machine Task Thread - 0] INFO  datanode.InitDatanodeState (InitDatanodeState.java:persistContainerDatanodeDetails(138)) - DatanodeDetails is persisted to /home/runner/work/ozone/ozone/hadoop-ozone/integration-test/target/test-dir/MiniOzoneClusterImpl-289e54f1-59ef-4028-876b-aa1b67627a4d/datanode-1/meta/datanode.id
2023-08-25 08:50:49,479 [Time-limited test] INFO  upgrade.AbstractLayoutVersionManager (AbstractLayoutVersionManager.java:init(83)) - Initializing Layout version manager with metadata layout = HADOOP_PRC_PORTS_IN_DATANODEDETAILS (version = 7), software layout = HADOOP_PRC_PORTS_IN_DATANODEDETAILS (version = 7)
2023-08-25 08:50:49,481 [Time-limited test] INFO  statemachine.DatanodeStateMachine (DatanodeStateMachine.java:getEndPointTaskThreadPoolSize(282)) - Datanode State Machine Task Thread Pool size 2
2023-08-25 08:50:49,485 [Time-limited test] INFO  volume.HddsVolume (HddsVolume.java:<init>(126)) - Creating HddsVolume: /home/runner/work/ozone/ozone/hadoop-ozone/integration-test/target/test-dir/MiniOzoneClusterImpl-289e54f1-59ef-4028-876b-aa1b67627a4d/datanode-2/data-0/containers/hdds of storage type : DISK capacity : 9223372036854775807
2023-08-25 08:50:49,486 [Time-limited test] INFO  volume.MutableVolumeSet (MutableVolumeSet.java:initializeVolumeSet(173)) - Added Volume : /home/runner/work/ozone/ozone/hadoop-ozone/integration-test/target/test-dir/MiniOzoneClusterImpl-289e54f1-59ef-4028-876b-aa1b67627a4d/datanode-2/data-0/containers/hdds to VolumeSet
2023-08-25 08:50:49,489 [Time-limited test] INFO  volume.MutableVolumeSet (MutableVolumeSet.java:initializeVolumeSet(173)) - Added Volume : /home/runner/work/ozone/ozone/hadoop-ozone/integration-test/target/test-dir/MiniOzoneClusterImpl-289e54f1-59ef-4028-876b-aa1b67627a4d/datanode-2/data/ratis to VolumeSet
2023-08-25 08:50:49,491 [Thread-176] INFO  ozoneimpl.ContainerReader (ContainerReader.java:readVolume(177)) - Finish verifying containers on volume /home/runner/work/ozone/ozone/hadoop-ozone/integration-test/target/test-dir/MiniOzoneClusterImpl-289e54f1-59ef-4028-876b-aa1b67627a4d/datanode-2/data-0/containers/hdds
2023-08-25 08:50:49,492 [Time-limited test] INFO  ozoneimpl.OzoneContainer (OzoneContainer.java:buildContainerSet(314)) - Build ContainerSet costs 0s
2023-08-25 08:50:49,497 [Time-limited test] INFO  server.RaftServer (ConfUtils.java:logGet(46)) - raft.rpc.type = GRPC (default)
2023-08-25 08:50:49,497 [Time-limited test] INFO  grpc.GrpcConfigKeys (ConfUtils.java:logFallback(53)) - raft.grpc.admin.host = null (fallback to raft.grpc.server.host)
2023-08-25 08:50:49,498 [Time-limited test] INFO  grpc.GrpcConfigKeys (ConfUtils.java:logGet(46)) - raft.grpc.admin.port = 15031 (custom)
2023-08-25 08:50:49,498 [Time-limited test] INFO  grpc.GrpcConfigKeys (ConfUtils.java:logFallback(53)) - raft.grpc.client.host = null (fallback to raft.grpc.server.host)
2023-08-25 08:50:49,498 [Time-limited test] INFO  grpc.GrpcConfigKeys (ConfUtils.java:logGet(46)) - raft.grpc.client.port = 15030 (custom)
2023-08-25 08:50:49,498 [Time-limited test] INFO  grpc.GrpcConfigKeys (ConfUtils.java:logGet(46)) - raft.grpc.server.host = null (default)
2023-08-25 08:50:49,500 [Time-limited test] INFO  grpc.GrpcConfigKeys (ConfUtils.java:logGet(46)) - raft.grpc.server.port = 15032 (custom)
2023-08-25 08:50:49,500 [Time-limited test] INFO  server.GrpcService (ConfUtils.java:logGet(46)) - raft.grpc.message.size.max = 32MB (=33554432) (custom)
2023-08-25 08:50:49,500 [Time-limited test] INFO  server.RaftServerConfigKeys (ConfUtils.java:logGet(46)) - raft.server.log.appender.buffer.byte-limit = 33554432 (custom)
2023-08-25 08:50:49,500 [Time-limited test] INFO  server.GrpcService (ConfUtils.java:logGet(46)) - raft.grpc.flow.control.window = 5MB (=5242880) (custom)
2023-08-25 08:50:49,500 [Time-limited test] INFO  server.RaftServerConfigKeys (ConfUtils.java:logGet(46)) - raft.server.rpc.request.timeout = 60s (custom)
2023-08-25 08:50:49,500 [Time-limited test] INFO  grpc.GrpcConfigKeys (ConfUtils.java:logGet(46)) - raft.grpc.server.heartbeat.channel = true (default)
2023-08-25 08:50:49,500 [Time-limited test] INFO  grpc.GrpcConfigKeys (ConfUtils.java:logGet(46)) - raft.grpc.server.async.request.thread.pool.cached = true (default)
2023-08-25 08:50:49,501 [Time-limited test] INFO  grpc.GrpcConfigKeys (ConfUtils.java:logGet(46)) - raft.grpc.server.async.request.thread.pool.size = 32 (default)
2023-08-25 08:50:49,503 [Time-limited test] INFO  impl.DataStreamServerImpl (ConfUtils.java:logGet(46)) - raft.datastream.type = NETTY (custom)
2023-08-25 08:50:49,504 [Time-limited test] INFO  server.RaftServerConfigKeys (ConfUtils.java:logGet(46)) - raft.server.data-stream.async.request.thread.pool.cached = false (default)
2023-08-25 08:50:49,504 [Time-limited test] INFO  server.RaftServerConfigKeys (ConfUtils.java:logGet(46)) - raft.server.data-stream.async.request.thread.pool.size = 20 (custom)
2023-08-25 08:50:49,504 [Time-limited test] INFO  server.RaftServerConfigKeys (ConfUtils.java:logGet(46)) - raft.server.data-stream.async.write.thread.pool.size = 16 (default)
2023-08-25 08:50:49,504 [Time-limited test] INFO  server.RaftServerConfigKeys (ConfUtils.java:logGet(46)) - raft.server.data-stream.client.pool.size = 10 (default)
2023-08-25 08:50:49,504 [Time-limited test] INFO  netty.NettyConfigKeys$DataStream (ConfUtils.java:logGet(46)) - raft.netty.dataStream.server.use-epoll = false (default)
2023-08-25 08:50:49,504 [Time-limited test] INFO  netty.NettyConfigKeys$DataStream (ConfUtils.java:logGet(46)) - raft.netty.dataStream.server.boss-group.size = 0 (default)
2023-08-25 08:50:49,505 [Time-limited test] INFO  netty.NettyConfigKeys$DataStream (ConfUtils.java:logGet(46)) - raft.netty.dataStream.server.worker-group.size = 0 (default)
2023-08-25 08:50:49,505 [Time-limited test] INFO  netty.NettyConfigKeys$DataStream (ConfUtils.java:logGet(46)) - raft.netty.dataStream.server.tls.conf = null (default)
2023-08-25 08:50:49,505 [Time-limited test] INFO  netty.NettyConfigKeys$DataStream (ConfUtils.java:logGet(46)) - raft.netty.dataStream.host = null (default)
2023-08-25 08:50:49,505 [Time-limited test] INFO  netty.NettyConfigKeys$DataStream (ConfUtils.java:logGet(46)) - raft.netty.dataStream.port = 15033 (custom)
2023-08-25 08:50:49,506 [Time-limited test] INFO  server.RaftServerConfigKeys (ConfUtils.java:logGet(46)) - raft.server.threadpool.proxy.cached = true (default)
2023-08-25 08:50:49,506 [Time-limited test] INFO  server.RaftServerConfigKeys (ConfUtils.java:logGet(46)) - raft.server.threadpool.proxy.size = 0 (default)
2023-08-25 08:50:49,506 [Time-limited test] INFO  server.RaftServerConfigKeys (ConfUtils.java:logGet(46)) - raft.server.rpc.slowness.timeout = 300s (custom)
2023-08-25 08:50:49,506 [Time-limited test] INFO  server.RaftServerConfigKeys (ConfUtils.java:logGet(46)) - raft.server.leaderelection.leader.step-down.wait-time = 10s (default)
2023-08-25 08:50:49,506 [Time-limited test] INFO  server.RaftServerConfigKeys (ConfUtils.java:logGet(46)) - raft.server.storage.dir = [/home/runner/work/ozone/ozone/hadoop-ozone/integration-test/target/test-dir/MiniOzoneClusterImpl-289e54f1-59ef-4028-876b-aa1b67627a4d/datanode-2/data/ratis] (custom)
2023-08-25 08:50:49,508 [722a3cfd-0cb3-45bd-9dad-85df9dd4c55e-NettyServerStreamRpc-bossGroup--thread1] INFO  logging.LoggingHandler (AbstractInternalLogger.java:log(148)) - [id: 0x72558ae3] REGISTERED
2023-08-25 08:50:49,508 [722a3cfd-0cb3-45bd-9dad-85df9dd4c55e-NettyServerStreamRpc-bossGroup--thread1] INFO  logging.LoggingHandler (AbstractInternalLogger.java:log(148)) - [id: 0x72558ae3] BIND: 0.0.0.0/0.0.0.0:15033
2023-08-25 08:50:49,508 [722a3cfd-0cb3-45bd-9dad-85df9dd4c55e-NettyServerStreamRpc-bossGroup--thread1] INFO  logging.LoggingHandler (AbstractInternalLogger.java:log(148)) - [id: 0x72558ae3, L:/0:0:0:0:0:0:0:0:15033] ACTIVE
2023-08-25 08:50:49,509 [722a3cfd-0cb3-45bd-9dad-85df9dd4c55e-impl-thread1] INFO  server.RaftServer (RaftServerProxy.java:initGroupDir(258)) - 722a3cfd-0cb3-45bd-9dad-85df9dd4c55e: found a subdirectory /home/runner/work/ozone/ozone/hadoop-ozone/integration-test/target/test-dir/MiniOzoneClusterImpl-289e54f1-59ef-4028-876b-aa1b67627a4d/datanode-2/data/ratis/tmp
2023-08-25 08:50:49,509 [722a3cfd-0cb3-45bd-9dad-85df9dd4c55e-impl-thread1] INFO  server.RaftServer (RaftServerProxy.java:initGroupDir(263)) - 722a3cfd-0cb3-45bd-9dad-85df9dd4c55e: The directory /home/runner/work/ozone/ozone/hadoop-ozone/integration-test/target/test-dir/MiniOzoneClusterImpl-289e54f1-59ef-4028-876b-aa1b67627a4d/datanode-2/data/ratis/tmp is not a group directory; ignoring it. 
2023-08-25 08:50:49,509 [Time-limited test] INFO  replication.ReplicationServer (ReplicationServer.java:<init>(81)) - Initializing replication server with thread count = 10
2023-08-25 08:50:49,510 [Time-limited test] INFO  server.XceiverServerGrpc (XceiverServerGrpc.java:<init>(132)) - GrpcServer channel type EpollServerSocketChannel
2023-08-25 08:50:49,513 [Time-limited test] INFO  replication.ReplicationSupervisor (ReplicationSupervisor.java:build(155)) - Initializing replication supervisor with thread count = 10
2023-08-25 08:50:49,513 [Time-limited test] INFO  replication.ReplicationSupervisor (ReplicationSupervisor.java:nodeStateUpdated(307)) - Node state updated to IN_SERVICE, scaling executor pool size to 10
2023-08-25 08:50:49,516 [Time-limited test] INFO  http.BaseHttpServer (BaseHttpServer.java:newHttpServer2BuilderForOzone(224)) - Starting Web-server for hddsDatanode at: http://0.0.0.0:15027
2023-08-25 08:50:49,516 [Time-limited test] INFO  http.BaseHttpServer (BaseHttpServer.java:<init>(111)) - Hadoop Security Enabled: false Ozone Security Enabled: false Ozone HTTP Security Enabled: false 
2023-08-25 08:50:49,518 [Time-limited test] WARN  server.AuthenticationFilter (AuthenticationFilter.java:constructSecretProvider(240)) - Unable to initialize FileSignerSecretProvider, falling back to use random secrets. Reason: Could not read signature secret file: /home/runner/hadoop-http-auth-signature-secret
2023-08-25 08:50:49,518 [Time-limited test] INFO  http.HttpRequestLog (HttpRequestLog.java:getRequestLog(86)) - Http request log for http.requests.hddsDatanode is not defined
2023-08-25 08:50:49,520 [Time-limited test] INFO  http.HttpServer2 (HttpServer2.java:addGlobalFilter(1031)) - Added global filter 'safety' (class=org.apache.hadoop.hdds.server.http.HttpServer2$QuotingInputFilter)
2023-08-25 08:50:49,520 [Time-limited test] INFO  http.HttpServer2 (HttpServer2.java:addFilter(1007)) - Added filter static_user_filter (class=org.apache.hadoop.http.lib.StaticUserWebFilter$StaticUserFilter) to context hddsDatanode
2023-08-25 08:50:49,520 [Time-limited test] INFO  http.HttpServer2 (HttpServer2.java:addFilter(1015)) - Added filter static_user_filter (class=org.apache.hadoop.http.lib.StaticUserWebFilter$StaticUserFilter) to context static
2023-08-25 08:50:49,521 [Time-limited test] INFO  http.HttpServer2 (HttpServer2.java:addFilter(1015)) - Added filter static_user_filter (class=org.apache.hadoop.http.lib.StaticUserWebFilter$StaticUserFilter) to context logs
2023-08-25 08:50:49,521 [Time-limited test] INFO  http.BaseHttpServer (BaseHttpServer.java:<init>(190)) - HTTP server of hddsDatanode uses base directory /home/runner/work/ozone/ozone/hadoop-ozone/integration-test/target/test-dir/MiniOzoneClusterImpl-289e54f1-59ef-4028-876b-aa1b67627a4d/datanode-2/meta/webserver
2023-08-25 08:50:49,522 [Time-limited test] INFO  http.HttpServer2 (HttpServer2.java:bindListener(1250)) - Jetty bound to port 15027
2023-08-25 08:50:49,522 [Time-limited test] INFO  server.Server (Server.java:doStart(375)) - jetty-9.4.51.v20230217; built: 2023-02-17T08:19:37.309Z; git: b45c405e4544384de066f814ed42ae3dceacdd49; jvm 1.8.0_382-b05
2023-08-25 08:50:49,528 [Time-limited test] INFO  server.session (DefaultSessionIdManager.java:doStart(334)) - DefaultSessionIdManager workerName=node0
2023-08-25 08:50:49,528 [Time-limited test] INFO  server.session (DefaultSessionIdManager.java:doStart(339)) - No SessionScavenger set, using defaults
2023-08-25 08:50:49,529 [Time-limited test] INFO  server.session (HouseKeeper.java:startScavenging(132)) - node0 Scavenging every 660000ms
2023-08-25 08:50:49,529 [Time-limited test] INFO  handler.ContextHandler (ContextHandler.java:doStart(921)) - Started o.e.j.s.ServletContextHandler@372d3695{logs,/logs,file:///home/runner/work/ozone/ozone/hadoop-ozone/integration-test/target/log,AVAILABLE}
2023-08-25 08:50:49,530 [Time-limited test] INFO  handler.ContextHandler (ContextHandler.java:doStart(921)) - Started o.e.j.s.ServletContextHandler@78f609e4{static,/static,jar:file:/home/runner/.m2/repository/org/apache/ozone/hdds-container-service/1.4.0-SNAPSHOT/hdds-container-service-1.4.0-SNAPSHOT.jar!/webapps/static,AVAILABLE}
2023-08-25 08:50:49,753 [Time-limited test] INFO  handler.ContextHandler (ContextHandler.java:doStart(921)) - Started o.e.j.w.WebAppContext@2fad0fbe{hddsDatanode,/,file:///home/runner/work/ozone/ozone/hadoop-ozone/integration-test/target/test-dir/MiniOzoneClusterImpl-289e54f1-59ef-4028-876b-aa1b67627a4d/datanode-2/meta/webserver/jetty-0_0_0_0-15027-hdds-container-service-1_4_0-SNAPSHOT_jar-_-any-5106981793040420813/webapp/,AVAILABLE}{jar:file:/home/runner/.m2/repository/org/apache/ozone/hdds-container-service/1.4.0-SNAPSHOT/hdds-container-service-1.4.0-SNAPSHOT.jar!/webapps/hddsDatanode}
2023-08-25 08:50:49,754 [Time-limited test] INFO  server.AbstractConnector (AbstractConnector.java:doStart(333)) - Started ServerConnector@30893df7{HTTP/1.1, (http/1.1)}{0.0.0.0:15027}
2023-08-25 08:50:49,755 [Time-limited test] INFO  server.Server (Server.java:doStart(415)) - Started @10981ms
2023-08-25 08:50:49,755 [Time-limited test] WARN  impl.MetricsSystemImpl (MetricsSystemImpl.java:register(279)) - Sink prometheus already exists!
2023-08-25 08:50:49,755 [Time-limited test] INFO  http.BaseHttpServer (BaseHttpServer.java:updateConnectorAddress(344)) - HTTP server of hddsDatanode listening at http://0.0.0.0:15027
2023-08-25 08:50:49,756 [Time-limited test] INFO  ipc.CallQueueManager (CallQueueManager.java:<init>(90)) - Using callQueue: class java.util.concurrent.LinkedBlockingQueue, queueCapacity: 100, scheduler: class org.apache.hadoop.ipc.DefaultRpcScheduler, ipcBackoff: false.
2023-08-25 08:50:49,758 [Time-limited test] INFO  ipc.Server (Server.java:<init>(1287)) - Listener at 0.0.0.0:15028
2023-08-25 08:50:49,758 [Socket Reader #1 for port 15028] INFO  ipc.Server (Server.java:run(1323)) - Starting Socket Reader #1 for port 15028
2023-08-25 08:50:49,761 [Time-limited test] INFO  ozone.HddsDatanodeService (HddsDatanodeService.java:start(315)) - Datanode start with admins: [runner]
2023-08-25 08:50:49,767 [Time-limited test] INFO  ozone.HddsDatanodeClientProtocolServer (HddsDatanodeClientProtocolServer.java:start(72)) - RPC server for Client /0.0.0.0:15028
2023-08-25 08:50:49,767 [IPC Server listener on 15028] INFO  ipc.Server (Server.java:run(1402)) - IPC Server listener on 15028: starting
2023-08-25 08:50:49,768 [IPC Server Responder] INFO  ipc.Server (Server.java:run(1562)) - IPC Server Responder: starting
2023-08-25 08:50:49,768 [Time-limited test] WARN  impl.MetricRegistriesImpl (MetricRegistriesImpl.java:addReporterRegistration(111)) - New reporters are added after registries were created. Some metrics will be missing from the reporter. Please add reporter before adding any new registry.
2023-08-25 08:50:49,770 [Time-limited test] WARN  impl.MetricRegistriesImpl (MetricRegistriesImpl.java:addReporterRegistration(111)) - New reporters are added after registries were created. Some metrics will be missing from the reporter. Please add reporter before adding any new registry.
2023-08-25 08:50:49,770 [Time-limited test] INFO  impl.MetricsSystemImpl (MetricsSystemImpl.java:init(158)) - HddsDatanode metrics system started (again)
2023-08-25 08:50:49,768 [Datanode State Machine Daemon Thread] INFO  statemachine.DatanodeStateMachine (DatanodeStateMachine.java:lambda$startDaemon$0(538)) - Ozone container server started.
2023-08-25 08:50:49,781 [ReplicationMonitor] INFO  replication.ReplicationManager (ReplicationManager.java:processAll(361)) - Replication Manager is not ready to run until 3000ms after safemode exit
2023-08-25 08:50:49,791 [Time-limited test] INFO  ozone.HddsDatanodeService (HddsDatanodeService.java:start(237)) - HddsDatanodeService host:fv-az584-689.msjcyvhqqs1uvpg4fm53wptgqc.jx.internal.cloudapp.net ip:10.1.0.19
2023-08-25 08:50:49,801 [Datanode State Machine Task Thread - 0] INFO  datanode.InitDatanodeState (InitDatanodeState.java:persistContainerDatanodeDetails(138)) - DatanodeDetails is persisted to /home/runner/work/ozone/ozone/hadoop-ozone/integration-test/target/test-dir/MiniOzoneClusterImpl-289e54f1-59ef-4028-876b-aa1b67627a4d/datanode-2/meta/datanode.id
2023-08-25 08:50:49,825 [Time-limited test] INFO  upgrade.AbstractLayoutVersionManager (AbstractLayoutVersionManager.java:init(83)) - Initializing Layout version manager with metadata layout = HADOOP_PRC_PORTS_IN_DATANODEDETAILS (version = 7), software layout = HADOOP_PRC_PORTS_IN_DATANODEDETAILS (version = 7)
2023-08-25 08:50:49,830 [Time-limited test] INFO  statemachine.DatanodeStateMachine (DatanodeStateMachine.java:getEndPointTaskThreadPoolSize(282)) - Datanode State Machine Task Thread Pool size 2
2023-08-25 08:50:49,837 [Time-limited test] INFO  volume.HddsVolume (HddsVolume.java:<init>(126)) - Creating HddsVolume: /home/runner/work/ozone/ozone/hadoop-ozone/integration-test/target/test-dir/MiniOzoneClusterImpl-289e54f1-59ef-4028-876b-aa1b67627a4d/datanode-3/data-0/containers/hdds of storage type : DISK capacity : 9223372036854775807
2023-08-25 08:50:49,839 [Time-limited test] INFO  volume.MutableVolumeSet (MutableVolumeSet.java:initializeVolumeSet(173)) - Added Volume : /home/runner/work/ozone/ozone/hadoop-ozone/integration-test/target/test-dir/MiniOzoneClusterImpl-289e54f1-59ef-4028-876b-aa1b67627a4d/datanode-3/data-0/containers/hdds to VolumeSet
2023-08-25 08:50:49,841 [Time-limited test] INFO  volume.MutableVolumeSet (MutableVolumeSet.java:initializeVolumeSet(173)) - Added Volume : /home/runner/work/ozone/ozone/hadoop-ozone/integration-test/target/test-dir/MiniOzoneClusterImpl-289e54f1-59ef-4028-876b-aa1b67627a4d/datanode-3/data/ratis to VolumeSet
2023-08-25 08:50:49,843 [Thread-193] INFO  ozoneimpl.ContainerReader (ContainerReader.java:readVolume(177)) - Finish verifying containers on volume /home/runner/work/ozone/ozone/hadoop-ozone/integration-test/target/test-dir/MiniOzoneClusterImpl-289e54f1-59ef-4028-876b-aa1b67627a4d/datanode-3/data-0/containers/hdds
2023-08-25 08:50:49,843 [Time-limited test] INFO  ozoneimpl.OzoneContainer (OzoneContainer.java:buildContainerSet(314)) - Build ContainerSet costs 0s
2023-08-25 08:50:49,850 [Time-limited test] INFO  server.RaftServer (ConfUtils.java:logGet(46)) - raft.rpc.type = GRPC (default)
2023-08-25 08:50:49,851 [Time-limited test] INFO  grpc.GrpcConfigKeys (ConfUtils.java:logFallback(53)) - raft.grpc.admin.host = null (fallback to raft.grpc.server.host)
2023-08-25 08:50:49,851 [Time-limited test] INFO  grpc.GrpcConfigKeys (ConfUtils.java:logGet(46)) - raft.grpc.admin.port = 15040 (custom)
2023-08-25 08:50:49,851 [Time-limited test] INFO  grpc.GrpcConfigKeys (ConfUtils.java:logFallback(53)) - raft.grpc.client.host = null (fallback to raft.grpc.server.host)
2023-08-25 08:50:49,851 [Time-limited test] INFO  grpc.GrpcConfigKeys (ConfUtils.java:logGet(46)) - raft.grpc.client.port = 15039 (custom)
2023-08-25 08:50:49,851 [Time-limited test] INFO  grpc.GrpcConfigKeys (ConfUtils.java:logGet(46)) - raft.grpc.server.host = null (default)
2023-08-25 08:50:49,851 [Time-limited test] INFO  grpc.GrpcConfigKeys (ConfUtils.java:logGet(46)) - raft.grpc.server.port = 15041 (custom)
2023-08-25 08:50:49,851 [Time-limited test] INFO  server.GrpcService (ConfUtils.java:logGet(46)) - raft.grpc.message.size.max = 32MB (=33554432) (custom)
2023-08-25 08:50:49,852 [Time-limited test] INFO  server.RaftServerConfigKeys (ConfUtils.java:logGet(46)) - raft.server.log.appender.buffer.byte-limit = 33554432 (custom)
2023-08-25 08:50:49,853 [Time-limited test] INFO  server.GrpcService (ConfUtils.java:logGet(46)) - raft.grpc.flow.control.window = 5MB (=5242880) (custom)
2023-08-25 08:50:49,853 [Time-limited test] INFO  server.RaftServerConfigKeys (ConfUtils.java:logGet(46)) - raft.server.rpc.request.timeout = 60s (custom)
2023-08-25 08:50:49,853 [Time-limited test] INFO  grpc.GrpcConfigKeys (ConfUtils.java:logGet(46)) - raft.grpc.server.heartbeat.channel = true (default)
2023-08-25 08:50:49,853 [Time-limited test] INFO  grpc.GrpcConfigKeys (ConfUtils.java:logGet(46)) - raft.grpc.server.async.request.thread.pool.cached = true (default)
2023-08-25 08:50:49,853 [Time-limited test] INFO  grpc.GrpcConfigKeys (ConfUtils.java:logGet(46)) - raft.grpc.server.async.request.thread.pool.size = 32 (default)
2023-08-25 08:50:49,856 [Time-limited test] INFO  impl.DataStreamServerImpl (ConfUtils.java:logGet(46)) - raft.datastream.type = NETTY (custom)
2023-08-25 08:50:49,856 [Time-limited test] INFO  server.RaftServerConfigKeys (ConfUtils.java:logGet(46)) - raft.server.data-stream.async.request.thread.pool.cached = false (default)
2023-08-25 08:50:49,857 [Time-limited test] INFO  server.RaftServerConfigKeys (ConfUtils.java:logGet(46)) - raft.server.data-stream.async.request.thread.pool.size = 20 (custom)
2023-08-25 08:50:49,857 [Time-limited test] INFO  server.RaftServerConfigKeys (ConfUtils.java:logGet(46)) - raft.server.data-stream.async.write.thread.pool.size = 16 (default)
2023-08-25 08:50:49,857 [Time-limited test] INFO  server.RaftServerConfigKeys (ConfUtils.java:logGet(46)) - raft.server.data-stream.client.pool.size = 10 (default)
2023-08-25 08:50:49,857 [Time-limited test] INFO  netty.NettyConfigKeys$DataStream (ConfUtils.java:logGet(46)) - raft.netty.dataStream.server.use-epoll = false (default)
2023-08-25 08:50:49,857 [Time-limited test] INFO  netty.NettyConfigKeys$DataStream (ConfUtils.java:logGet(46)) - raft.netty.dataStream.server.boss-group.size = 0 (default)
2023-08-25 08:50:49,857 [Time-limited test] INFO  netty.NettyConfigKeys$DataStream (ConfUtils.java:logGet(46)) - raft.netty.dataStream.server.worker-group.size = 0 (default)
2023-08-25 08:50:49,858 [Time-limited test] INFO  netty.NettyConfigKeys$DataStream (ConfUtils.java:logGet(46)) - raft.netty.dataStream.server.tls.conf = null (default)
2023-08-25 08:50:49,858 [Time-limited test] INFO  netty.NettyConfigKeys$DataStream (ConfUtils.java:logGet(46)) - raft.netty.dataStream.host = null (default)
2023-08-25 08:50:49,858 [Time-limited test] INFO  netty.NettyConfigKeys$DataStream (ConfUtils.java:logGet(46)) - raft.netty.dataStream.port = 15042 (custom)
2023-08-25 08:50:49,858 [Time-limited test] INFO  server.RaftServerConfigKeys (ConfUtils.java:logGet(46)) - raft.server.threadpool.proxy.cached = true (default)
2023-08-25 08:50:49,858 [Time-limited test] INFO  server.RaftServerConfigKeys (ConfUtils.java:logGet(46)) - raft.server.threadpool.proxy.size = 0 (default)
2023-08-25 08:50:49,859 [Time-limited test] INFO  server.RaftServerConfigKeys (ConfUtils.java:logGet(46)) - raft.server.rpc.slowness.timeout = 300s (custom)
2023-08-25 08:50:49,859 [Time-limited test] INFO  server.RaftServerConfigKeys (ConfUtils.java:logGet(46)) - raft.server.leaderelection.leader.step-down.wait-time = 10s (default)
2023-08-25 08:50:49,859 [Time-limited test] INFO  server.RaftServerConfigKeys (ConfUtils.java:logGet(46)) - raft.server.storage.dir = [/home/runner/work/ozone/ozone/hadoop-ozone/integration-test/target/test-dir/MiniOzoneClusterImpl-289e54f1-59ef-4028-876b-aa1b67627a4d/datanode-3/data/ratis] (custom)
2023-08-25 08:50:49,861 [c4b8bd3c-8a0e-4cc6-b7e6-0374b0604ac7-NettyServerStreamRpc-bossGroup--thread1] INFO  logging.LoggingHandler (AbstractInternalLogger.java:log(148)) - [id: 0x14763a7c] REGISTERED
2023-08-25 08:50:49,861 [c4b8bd3c-8a0e-4cc6-b7e6-0374b0604ac7-NettyServerStreamRpc-bossGroup--thread1] INFO  logging.LoggingHandler (AbstractInternalLogger.java:log(148)) - [id: 0x14763a7c] BIND: 0.0.0.0/0.0.0.0:15042
2023-08-25 08:50:49,861 [c4b8bd3c-8a0e-4cc6-b7e6-0374b0604ac7-NettyServerStreamRpc-bossGroup--thread1] INFO  logging.LoggingHandler (AbstractInternalLogger.java:log(148)) - [id: 0x14763a7c, L:/0:0:0:0:0:0:0:0:15042] ACTIVE
2023-08-25 08:50:49,861 [c4b8bd3c-8a0e-4cc6-b7e6-0374b0604ac7-impl-thread1] INFO  server.RaftServer (RaftServerProxy.java:initGroupDir(258)) - c4b8bd3c-8a0e-4cc6-b7e6-0374b0604ac7: found a subdirectory /home/runner/work/ozone/ozone/hadoop-ozone/integration-test/target/test-dir/MiniOzoneClusterImpl-289e54f1-59ef-4028-876b-aa1b67627a4d/datanode-3/data/ratis/tmp
2023-08-25 08:50:49,862 [c4b8bd3c-8a0e-4cc6-b7e6-0374b0604ac7-impl-thread1] INFO  server.RaftServer (RaftServerProxy.java:initGroupDir(263)) - c4b8bd3c-8a0e-4cc6-b7e6-0374b0604ac7: The directory /home/runner/work/ozone/ozone/hadoop-ozone/integration-test/target/test-dir/MiniOzoneClusterImpl-289e54f1-59ef-4028-876b-aa1b67627a4d/datanode-3/data/ratis/tmp is not a group directory; ignoring it. 
2023-08-25 08:50:49,862 [Time-limited test] INFO  replication.ReplicationServer (ReplicationServer.java:<init>(81)) - Initializing replication server with thread count = 10
2023-08-25 08:50:49,863 [Time-limited test] INFO  server.XceiverServerGrpc (XceiverServerGrpc.java:<init>(132)) - GrpcServer channel type EpollServerSocketChannel
2023-08-25 08:50:49,865 [Time-limited test] INFO  replication.ReplicationSupervisor (ReplicationSupervisor.java:build(155)) - Initializing replication supervisor with thread count = 10
2023-08-25 08:50:49,865 [Time-limited test] INFO  replication.ReplicationSupervisor (ReplicationSupervisor.java:nodeStateUpdated(307)) - Node state updated to IN_SERVICE, scaling executor pool size to 10
2023-08-25 08:50:49,870 [Time-limited test] INFO  http.BaseHttpServer (BaseHttpServer.java:newHttpServer2BuilderForOzone(224)) - Starting Web-server for hddsDatanode at: http://0.0.0.0:15036
2023-08-25 08:50:49,871 [Time-limited test] INFO  http.BaseHttpServer (BaseHttpServer.java:<init>(111)) - Hadoop Security Enabled: false Ozone Security Enabled: false Ozone HTTP Security Enabled: false 
2023-08-25 08:50:49,873 [Time-limited test] WARN  server.AuthenticationFilter (AuthenticationFilter.java:constructSecretProvider(240)) - Unable to initialize FileSignerSecretProvider, falling back to use random secrets. Reason: Could not read signature secret file: /home/runner/hadoop-http-auth-signature-secret
2023-08-25 08:50:49,878 [Time-limited test] INFO  http.HttpRequestLog (HttpRequestLog.java:getRequestLog(86)) - Http request log for http.requests.hddsDatanode is not defined
2023-08-25 08:50:49,880 [Time-limited test] INFO  http.HttpServer2 (HttpServer2.java:addGlobalFilter(1031)) - Added global filter 'safety' (class=org.apache.hadoop.hdds.server.http.HttpServer2$QuotingInputFilter)
2023-08-25 08:50:49,881 [Time-limited test] INFO  http.HttpServer2 (HttpServer2.java:addFilter(1007)) - Added filter static_user_filter (class=org.apache.hadoop.http.lib.StaticUserWebFilter$StaticUserFilter) to context hddsDatanode
2023-08-25 08:50:49,882 [Time-limited test] INFO  http.HttpServer2 (HttpServer2.java:addFilter(1015)) - Added filter static_user_filter (class=org.apache.hadoop.http.lib.StaticUserWebFilter$StaticUserFilter) to context static
2023-08-25 08:50:49,882 [Time-limited test] INFO  http.HttpServer2 (HttpServer2.java:addFilter(1015)) - Added filter static_user_filter (class=org.apache.hadoop.http.lib.StaticUserWebFilter$StaticUserFilter) to context logs
2023-08-25 08:50:49,884 [Time-limited test] INFO  http.BaseHttpServer (BaseHttpServer.java:<init>(190)) - HTTP server of hddsDatanode uses base directory /home/runner/work/ozone/ozone/hadoop-ozone/integration-test/target/test-dir/MiniOzoneClusterImpl-289e54f1-59ef-4028-876b-aa1b67627a4d/datanode-3/meta/webserver
2023-08-25 08:50:49,884 [Time-limited test] INFO  http.HttpServer2 (HttpServer2.java:bindListener(1250)) - Jetty bound to port 15036
2023-08-25 08:50:49,884 [Time-limited test] INFO  server.Server (Server.java:doStart(375)) - jetty-9.4.51.v20230217; built: 2023-02-17T08:19:37.309Z; git: b45c405e4544384de066f814ed42ae3dceacdd49; jvm 1.8.0_382-b05
2023-08-25 08:50:49,889 [Time-limited test] INFO  server.session (DefaultSessionIdManager.java:doStart(334)) - DefaultSessionIdManager workerName=node0
2023-08-25 08:50:49,889 [Time-limited test] INFO  server.session (DefaultSessionIdManager.java:doStart(339)) - No SessionScavenger set, using defaults
2023-08-25 08:50:49,889 [Time-limited test] INFO  server.session (HouseKeeper.java:startScavenging(132)) - node0 Scavenging every 600000ms
2023-08-25 08:50:49,891 [Time-limited test] INFO  handler.ContextHandler (ContextHandler.java:doStart(921)) - Started o.e.j.s.ServletContextHandler@7ded2441{logs,/logs,file:///home/runner/work/ozone/ozone/hadoop-ozone/integration-test/target/log,AVAILABLE}
2023-08-25 08:50:49,891 [Time-limited test] INFO  handler.ContextHandler (ContextHandler.java:doStart(921)) - Started o.e.j.s.ServletContextHandler@54e8f6ac{static,/static,jar:file:/home/runner/.m2/repository/org/apache/ozone/hdds-container-service/1.4.0-SNAPSHOT/hdds-container-service-1.4.0-SNAPSHOT.jar!/webapps/static,AVAILABLE}
2023-08-25 08:50:50,122 [Time-limited test] INFO  handler.ContextHandler (ContextHandler.java:doStart(921)) - Started o.e.j.w.WebAppContext@5329a511{hddsDatanode,/,file:///home/runner/work/ozone/ozone/hadoop-ozone/integration-test/target/test-dir/MiniOzoneClusterImpl-289e54f1-59ef-4028-876b-aa1b67627a4d/datanode-3/meta/webserver/jetty-0_0_0_0-15036-hdds-container-service-1_4_0-SNAPSHOT_jar-_-any-535550590792475873/webapp/,AVAILABLE}{jar:file:/home/runner/.m2/repository/org/apache/ozone/hdds-container-service/1.4.0-SNAPSHOT/hdds-container-service-1.4.0-SNAPSHOT.jar!/webapps/hddsDatanode}
2023-08-25 08:50:50,123 [Time-limited test] INFO  server.AbstractConnector (AbstractConnector.java:doStart(333)) - Started ServerConnector@402ea691{HTTP/1.1, (http/1.1)}{0.0.0.0:15036}
2023-08-25 08:50:50,123 [Time-limited test] INFO  server.Server (Server.java:doStart(415)) - Started @11350ms
2023-08-25 08:50:50,124 [Time-limited test] WARN  impl.MetricsSystemImpl (MetricsSystemImpl.java:register(279)) - Sink prometheus already exists!
2023-08-25 08:50:50,124 [Time-limited test] INFO  http.BaseHttpServer (BaseHttpServer.java:updateConnectorAddress(344)) - HTTP server of hddsDatanode listening at http://0.0.0.0:15036
2023-08-25 08:50:50,125 [Time-limited test] INFO  ipc.CallQueueManager (CallQueueManager.java:<init>(90)) - Using callQueue: class java.util.concurrent.LinkedBlockingQueue, queueCapacity: 100, scheduler: class org.apache.hadoop.ipc.DefaultRpcScheduler, ipcBackoff: false.
2023-08-25 08:50:50,125 [Time-limited test] INFO  ipc.Server (Server.java:<init>(1287)) - Listener at 0.0.0.0:15037
2023-08-25 08:50:50,125 [Socket Reader #1 for port 15037] INFO  ipc.Server (Server.java:run(1323)) - Starting Socket Reader #1 for port 15037
2023-08-25 08:50:50,136 [Time-limited test] INFO  ozone.HddsDatanodeService (HddsDatanodeService.java:start(315)) - Datanode start with admins: [runner]
2023-08-25 08:50:50,137 [Time-limited test] INFO  ozone.HddsDatanodeClientProtocolServer (HddsDatanodeClientProtocolServer.java:start(72)) - RPC server for Client /0.0.0.0:15037
2023-08-25 08:50:50,140 [IPC Server Responder] INFO  ipc.Server (Server.java:run(1562)) - IPC Server Responder: starting
2023-08-25 08:50:50,144 [IPC Server listener on 15037] INFO  ipc.Server (Server.java:run(1402)) - IPC Server listener on 15037: starting
2023-08-25 08:50:50,144 [Datanode State Machine Daemon Thread] INFO  statemachine.DatanodeStateMachine (DatanodeStateMachine.java:lambda$startDaemon$0(538)) - Ozone container server started.
2023-08-25 08:50:50,144 [Time-limited test] WARN  impl.MetricRegistriesImpl (MetricRegistriesImpl.java:addReporterRegistration(111)) - New reporters are added after registries were created. Some metrics will be missing from the reporter. Please add reporter before adding any new registry.
2023-08-25 08:50:50,144 [Time-limited test] WARN  impl.MetricRegistriesImpl (MetricRegistriesImpl.java:addReporterRegistration(111)) - New reporters are added after registries were created. Some metrics will be missing from the reporter. Please add reporter before adding any new registry.
2023-08-25 08:50:50,144 [Time-limited test] INFO  impl.MetricsSystemImpl (MetricsSystemImpl.java:init(158)) - HddsDatanode metrics system started (again)
2023-08-25 08:50:50,168 [Datanode State Machine Task Thread - 0] INFO  datanode.InitDatanodeState (InitDatanodeState.java:persistContainerDatanodeDetails(138)) - DatanodeDetails is persisted to /home/runner/work/ozone/ozone/hadoop-ozone/integration-test/target/test-dir/MiniOzoneClusterImpl-289e54f1-59ef-4028-876b-aa1b67627a4d/datanode-3/meta/datanode.id
2023-08-25 08:50:50,171 [Time-limited test] INFO  ozone.HddsDatanodeService (HddsDatanodeService.java:start(237)) - HddsDatanodeService host:fv-az584-689.msjcyvhqqs1uvpg4fm53wptgqc.jx.internal.cloudapp.net ip:10.1.0.19
2023-08-25 08:50:50,200 [Time-limited test] INFO  upgrade.AbstractLayoutVersionManager (AbstractLayoutVersionManager.java:init(83)) - Initializing Layout version manager with metadata layout = HADOOP_PRC_PORTS_IN_DATANODEDETAILS (version = 7), software layout = HADOOP_PRC_PORTS_IN_DATANODEDETAILS (version = 7)
2023-08-25 08:50:50,201 [Time-limited test] INFO  statemachine.DatanodeStateMachine (DatanodeStateMachine.java:getEndPointTaskThreadPoolSize(282)) - Datanode State Machine Task Thread Pool size 2
2023-08-25 08:50:50,209 [Time-limited test] INFO  volume.HddsVolume (HddsVolume.java:<init>(126)) - Creating HddsVolume: /home/runner/work/ozone/ozone/hadoop-ozone/integration-test/target/test-dir/MiniOzoneClusterImpl-289e54f1-59ef-4028-876b-aa1b67627a4d/datanode-4/data-0/containers/hdds of storage type : DISK capacity : 9223372036854775807
2023-08-25 08:50:50,209 [Time-limited test] INFO  volume.MutableVolumeSet (MutableVolumeSet.java:initializeVolumeSet(173)) - Added Volume : /home/runner/work/ozone/ozone/hadoop-ozone/integration-test/target/test-dir/MiniOzoneClusterImpl-289e54f1-59ef-4028-876b-aa1b67627a4d/datanode-4/data-0/containers/hdds to VolumeSet
2023-08-25 08:50:50,211 [Time-limited test] INFO  volume.MutableVolumeSet (MutableVolumeSet.java:initializeVolumeSet(173)) - Added Volume : /home/runner/work/ozone/ozone/hadoop-ozone/integration-test/target/test-dir/MiniOzoneClusterImpl-289e54f1-59ef-4028-876b-aa1b67627a4d/datanode-4/data/ratis to VolumeSet
2023-08-25 08:50:50,213 [Thread-210] INFO  ozoneimpl.ContainerReader (ContainerReader.java:readVolume(177)) - Finish verifying containers on volume /home/runner/work/ozone/ozone/hadoop-ozone/integration-test/target/test-dir/MiniOzoneClusterImpl-289e54f1-59ef-4028-876b-aa1b67627a4d/datanode-4/data-0/containers/hdds
2023-08-25 08:50:50,213 [Time-limited test] INFO  ozoneimpl.OzoneContainer (OzoneContainer.java:buildContainerSet(314)) - Build ContainerSet costs 0s
2023-08-25 08:50:50,216 [Time-limited test] INFO  server.RaftServer (ConfUtils.java:logGet(46)) - raft.rpc.type = GRPC (default)
2023-08-25 08:50:50,220 [Time-limited test] INFO  grpc.GrpcConfigKeys (ConfUtils.java:logFallback(53)) - raft.grpc.admin.host = null (fallback to raft.grpc.server.host)
2023-08-25 08:50:50,221 [Time-limited test] INFO  grpc.GrpcConfigKeys (ConfUtils.java:logGet(46)) - raft.grpc.admin.port = 15049 (custom)
2023-08-25 08:50:50,221 [Time-limited test] INFO  grpc.GrpcConfigKeys (ConfUtils.java:logFallback(53)) - raft.grpc.client.host = null (fallback to raft.grpc.server.host)
2023-08-25 08:50:50,221 [Time-limited test] INFO  grpc.GrpcConfigKeys (ConfUtils.java:logGet(46)) - raft.grpc.client.port = 15048 (custom)
2023-08-25 08:50:50,221 [Time-limited test] INFO  grpc.GrpcConfigKeys (ConfUtils.java:logGet(46)) - raft.grpc.server.host = null (default)
2023-08-25 08:50:50,221 [Time-limited test] INFO  grpc.GrpcConfigKeys (ConfUtils.java:logGet(46)) - raft.grpc.server.port = 15050 (custom)
2023-08-25 08:50:50,221 [Time-limited test] INFO  server.GrpcService (ConfUtils.java:logGet(46)) - raft.grpc.message.size.max = 32MB (=33554432) (custom)
2023-08-25 08:50:50,221 [Time-limited test] INFO  server.RaftServerConfigKeys (ConfUtils.java:logGet(46)) - raft.server.log.appender.buffer.byte-limit = 33554432 (custom)
2023-08-25 08:50:50,221 [Time-limited test] INFO  server.GrpcService (ConfUtils.java:logGet(46)) - raft.grpc.flow.control.window = 5MB (=5242880) (custom)
2023-08-25 08:50:50,222 [Time-limited test] INFO  server.RaftServerConfigKeys (ConfUtils.java:logGet(46)) - raft.server.rpc.request.timeout = 60s (custom)
2023-08-25 08:50:50,222 [Time-limited test] INFO  grpc.GrpcConfigKeys (ConfUtils.java:logGet(46)) - raft.grpc.server.heartbeat.channel = true (default)
2023-08-25 08:50:50,222 [Time-limited test] INFO  grpc.GrpcConfigKeys (ConfUtils.java:logGet(46)) - raft.grpc.server.async.request.thread.pool.cached = true (default)
2023-08-25 08:50:50,222 [Time-limited test] INFO  grpc.GrpcConfigKeys (ConfUtils.java:logGet(46)) - raft.grpc.server.async.request.thread.pool.size = 32 (default)
2023-08-25 08:50:50,225 [Time-limited test] INFO  impl.DataStreamServerImpl (ConfUtils.java:logGet(46)) - raft.datastream.type = NETTY (custom)
2023-08-25 08:50:50,225 [Time-limited test] INFO  server.RaftServerConfigKeys (ConfUtils.java:logGet(46)) - raft.server.data-stream.async.request.thread.pool.cached = false (default)
2023-08-25 08:50:50,225 [Time-limited test] INFO  server.RaftServerConfigKeys (ConfUtils.java:logGet(46)) - raft.server.data-stream.async.request.thread.pool.size = 20 (custom)
2023-08-25 08:50:50,226 [Time-limited test] INFO  server.RaftServerConfigKeys (ConfUtils.java:logGet(46)) - raft.server.data-stream.async.write.thread.pool.size = 16 (default)
2023-08-25 08:50:50,226 [Time-limited test] INFO  server.RaftServerConfigKeys (ConfUtils.java:logGet(46)) - raft.server.data-stream.client.pool.size = 10 (default)
2023-08-25 08:50:50,226 [Time-limited test] INFO  netty.NettyConfigKeys$DataStream (ConfUtils.java:logGet(46)) - raft.netty.dataStream.server.use-epoll = false (default)
2023-08-25 08:50:50,226 [Time-limited test] INFO  netty.NettyConfigKeys$DataStream (ConfUtils.java:logGet(46)) - raft.netty.dataStream.server.boss-group.size = 0 (default)
2023-08-25 08:50:50,226 [Time-limited test] INFO  netty.NettyConfigKeys$DataStream (ConfUtils.java:logGet(46)) - raft.netty.dataStream.server.worker-group.size = 0 (default)
2023-08-25 08:50:50,227 [Time-limited test] INFO  netty.NettyConfigKeys$DataStream (ConfUtils.java:logGet(46)) - raft.netty.dataStream.server.tls.conf = null (default)
2023-08-25 08:50:50,228 [Time-limited test] INFO  netty.NettyConfigKeys$DataStream (ConfUtils.java:logGet(46)) - raft.netty.dataStream.host = null (default)
2023-08-25 08:50:50,228 [Time-limited test] INFO  netty.NettyConfigKeys$DataStream (ConfUtils.java:logGet(46)) - raft.netty.dataStream.port = 15051 (custom)
2023-08-25 08:50:50,228 [Time-limited test] INFO  server.RaftServerConfigKeys (ConfUtils.java:logGet(46)) - raft.server.threadpool.proxy.cached = true (default)
2023-08-25 08:50:50,228 [Time-limited test] INFO  server.RaftServerConfigKeys (ConfUtils.java:logGet(46)) - raft.server.threadpool.proxy.size = 0 (default)
2023-08-25 08:50:50,229 [Time-limited test] INFO  server.RaftServerConfigKeys (ConfUtils.java:logGet(46)) - raft.server.rpc.slowness.timeout = 300s (custom)
2023-08-25 08:50:50,230 [Time-limited test] INFO  server.RaftServerConfigKeys (ConfUtils.java:logGet(46)) - raft.server.leaderelection.leader.step-down.wait-time = 10s (default)
2023-08-25 08:50:50,230 [Time-limited test] INFO  server.RaftServerConfigKeys (ConfUtils.java:logGet(46)) - raft.server.storage.dir = [/home/runner/work/ozone/ozone/hadoop-ozone/integration-test/target/test-dir/MiniOzoneClusterImpl-289e54f1-59ef-4028-876b-aa1b67627a4d/datanode-4/data/ratis] (custom)
2023-08-25 08:50:50,230 [6a4c8060-cde6-48cd-aea7-c757cfe8808e-NettyServerStreamRpc-bossGroup--thread1] INFO  logging.LoggingHandler (AbstractInternalLogger.java:log(148)) - [id: 0x0a3f768a] REGISTERED
2023-08-25 08:50:50,230 [6a4c8060-cde6-48cd-aea7-c757cfe8808e-NettyServerStreamRpc-bossGroup--thread1] INFO  logging.LoggingHandler (AbstractInternalLogger.java:log(148)) - [id: 0x0a3f768a] BIND: 0.0.0.0/0.0.0.0:15051
2023-08-25 08:50:50,230 [6a4c8060-cde6-48cd-aea7-c757cfe8808e-impl-thread1] INFO  server.RaftServer (RaftServerProxy.java:initGroupDir(258)) - 6a4c8060-cde6-48cd-aea7-c757cfe8808e: found a subdirectory /home/runner/work/ozone/ozone/hadoop-ozone/integration-test/target/test-dir/MiniOzoneClusterImpl-289e54f1-59ef-4028-876b-aa1b67627a4d/datanode-4/data/ratis/tmp
2023-08-25 08:50:50,231 [6a4c8060-cde6-48cd-aea7-c757cfe8808e-NettyServerStreamRpc-bossGroup--thread1] INFO  logging.LoggingHandler (AbstractInternalLogger.java:log(148)) - [id: 0x0a3f768a, L:/0:0:0:0:0:0:0:0:15051] ACTIVE
2023-08-25 08:50:50,231 [6a4c8060-cde6-48cd-aea7-c757cfe8808e-impl-thread1] INFO  server.RaftServer (RaftServerProxy.java:initGroupDir(263)) - 6a4c8060-cde6-48cd-aea7-c757cfe8808e: The directory /home/runner/work/ozone/ozone/hadoop-ozone/integration-test/target/test-dir/MiniOzoneClusterImpl-289e54f1-59ef-4028-876b-aa1b67627a4d/datanode-4/data/ratis/tmp is not a group directory; ignoring it. 
2023-08-25 08:50:50,231 [Time-limited test] INFO  replication.ReplicationServer (ReplicationServer.java:<init>(81)) - Initializing replication server with thread count = 10
2023-08-25 08:50:50,232 [Time-limited test] INFO  server.XceiverServerGrpc (XceiverServerGrpc.java:<init>(132)) - GrpcServer channel type EpollServerSocketChannel
2023-08-25 08:50:50,234 [Time-limited test] INFO  replication.ReplicationSupervisor (ReplicationSupervisor.java:build(155)) - Initializing replication supervisor with thread count = 10
2023-08-25 08:50:50,234 [Time-limited test] INFO  replication.ReplicationSupervisor (ReplicationSupervisor.java:nodeStateUpdated(307)) - Node state updated to IN_SERVICE, scaling executor pool size to 10
2023-08-25 08:50:50,237 [Time-limited test] INFO  http.BaseHttpServer (BaseHttpServer.java:newHttpServer2BuilderForOzone(224)) - Starting Web-server for hddsDatanode at: http://0.0.0.0:15045
2023-08-25 08:50:50,237 [Time-limited test] INFO  http.BaseHttpServer (BaseHttpServer.java:<init>(111)) - Hadoop Security Enabled: false Ozone Security Enabled: false Ozone HTTP Security Enabled: false 
2023-08-25 08:50:50,239 [Time-limited test] WARN  server.AuthenticationFilter (AuthenticationFilter.java:constructSecretProvider(240)) - Unable to initialize FileSignerSecretProvider, falling back to use random secrets. Reason: Could not read signature secret file: /home/runner/hadoop-http-auth-signature-secret
2023-08-25 08:50:50,239 [Time-limited test] INFO  http.HttpRequestLog (HttpRequestLog.java:getRequestLog(86)) - Http request log for http.requests.hddsDatanode is not defined
2023-08-25 08:50:50,241 [Time-limited test] INFO  http.HttpServer2 (HttpServer2.java:addGlobalFilter(1031)) - Added global filter 'safety' (class=org.apache.hadoop.hdds.server.http.HttpServer2$QuotingInputFilter)
2023-08-25 08:50:50,242 [Time-limited test] INFO  http.HttpServer2 (HttpServer2.java:addFilter(1007)) - Added filter static_user_filter (class=org.apache.hadoop.http.lib.StaticUserWebFilter$StaticUserFilter) to context hddsDatanode
2023-08-25 08:50:50,242 [Time-limited test] INFO  http.HttpServer2 (HttpServer2.java:addFilter(1015)) - Added filter static_user_filter (class=org.apache.hadoop.http.lib.StaticUserWebFilter$StaticUserFilter) to context logs
2023-08-25 08:50:50,242 [Time-limited test] INFO  http.HttpServer2 (HttpServer2.java:addFilter(1015)) - Added filter static_user_filter (class=org.apache.hadoop.http.lib.StaticUserWebFilter$StaticUserFilter) to context static
2023-08-25 08:50:50,242 [Time-limited test] INFO  http.BaseHttpServer (BaseHttpServer.java:<init>(190)) - HTTP server of hddsDatanode uses base directory /home/runner/work/ozone/ozone/hadoop-ozone/integration-test/target/test-dir/MiniOzoneClusterImpl-289e54f1-59ef-4028-876b-aa1b67627a4d/datanode-4/meta/webserver
2023-08-25 08:50:50,243 [Time-limited test] INFO  http.HttpServer2 (HttpServer2.java:bindListener(1250)) - Jetty bound to port 15045
2023-08-25 08:50:50,243 [Time-limited test] INFO  server.Server (Server.java:doStart(375)) - jetty-9.4.51.v20230217; built: 2023-02-17T08:19:37.309Z; git: b45c405e4544384de066f814ed42ae3dceacdd49; jvm 1.8.0_382-b05
2023-08-25 08:50:50,244 [Time-limited test] INFO  server.session (DefaultSessionIdManager.java:doStart(334)) - DefaultSessionIdManager workerName=node0
2023-08-25 08:50:50,244 [Time-limited test] INFO  server.session (DefaultSessionIdManager.java:doStart(339)) - No SessionScavenger set, using defaults
2023-08-25 08:50:50,244 [Time-limited test] INFO  server.session (HouseKeeper.java:startScavenging(132)) - node0 Scavenging every 660000ms
2023-08-25 08:50:50,245 [Time-limited test] INFO  handler.ContextHandler (ContextHandler.java:doStart(921)) - Started o.e.j.s.ServletContextHandler@22da1b32{logs,/logs,file:///home/runner/work/ozone/ozone/hadoop-ozone/integration-test/target/log,AVAILABLE}
2023-08-25 08:50:50,245 [Time-limited test] INFO  handler.ContextHandler (ContextHandler.java:doStart(921)) - Started o.e.j.s.ServletContextHandler@60d4ba3c{static,/static,jar:file:/home/runner/.m2/repository/org/apache/ozone/hdds-container-service/1.4.0-SNAPSHOT/hdds-container-service-1.4.0-SNAPSHOT.jar!/webapps/static,AVAILABLE}
2023-08-25 08:50:50,484 [Time-limited test] INFO  handler.ContextHandler (ContextHandler.java:doStart(921)) - Started o.e.j.w.WebAppContext@2e994b94{hddsDatanode,/,file:///home/runner/work/ozone/ozone/hadoop-ozone/integration-test/target/test-dir/MiniOzoneClusterImpl-289e54f1-59ef-4028-876b-aa1b67627a4d/datanode-4/meta/webserver/jetty-0_0_0_0-15045-hdds-container-service-1_4_0-SNAPSHOT_jar-_-any-8097216920553986335/webapp/,AVAILABLE}{jar:file:/home/runner/.m2/repository/org/apache/ozone/hdds-container-service/1.4.0-SNAPSHOT/hdds-container-service-1.4.0-SNAPSHOT.jar!/webapps/hddsDatanode}
2023-08-25 08:50:50,486 [Time-limited test] INFO  server.AbstractConnector (AbstractConnector.java:doStart(333)) - Started ServerConnector@6afda91a{HTTP/1.1, (http/1.1)}{0.0.0.0:15045}
2023-08-25 08:50:50,486 [Time-limited test] INFO  server.Server (Server.java:doStart(415)) - Started @11713ms
2023-08-25 08:50:50,486 [Time-limited test] WARN  impl.MetricsSystemImpl (MetricsSystemImpl.java:register(279)) - Sink prometheus already exists!
2023-08-25 08:50:50,486 [Time-limited test] INFO  http.BaseHttpServer (BaseHttpServer.java:updateConnectorAddress(344)) - HTTP server of hddsDatanode listening at http://0.0.0.0:15045
2023-08-25 08:50:50,487 [Time-limited test] INFO  ipc.CallQueueManager (CallQueueManager.java:<init>(90)) - Using callQueue: class java.util.concurrent.LinkedBlockingQueue, queueCapacity: 100, scheduler: class org.apache.hadoop.ipc.DefaultRpcScheduler, ipcBackoff: false.
2023-08-25 08:50:50,487 [Time-limited test] INFO  ipc.Server (Server.java:<init>(1287)) - Listener at 0.0.0.0:15046
2023-08-25 08:50:50,488 [Socket Reader #1 for port 15046] INFO  ipc.Server (Server.java:run(1323)) - Starting Socket Reader #1 for port 15046
2023-08-25 08:50:50,491 [Time-limited test] INFO  ozone.HddsDatanodeService (HddsDatanodeService.java:start(315)) - Datanode start with admins: [runner]
2023-08-25 08:50:50,491 [Time-limited test] INFO  ozone.HddsDatanodeClientProtocolServer (HddsDatanodeClientProtocolServer.java:start(72)) - RPC server for Client /0.0.0.0:15046
2023-08-25 08:50:50,493 [IPC Server Responder] INFO  ipc.Server (Server.java:run(1562)) - IPC Server Responder: starting
2023-08-25 08:50:50,493 [IPC Server listener on 15046] INFO  ipc.Server (Server.java:run(1402)) - IPC Server listener on 15046: starting
2023-08-25 08:50:50,494 [Datanode State Machine Daemon Thread] INFO  statemachine.DatanodeStateMachine (DatanodeStateMachine.java:lambda$startDaemon$0(538)) - Ozone container server started.
2023-08-25 08:50:50,495 [Time-limited test] INFO  ozone.MiniOzoneClusterImpl (MiniOzoneClusterImpl.java:lambda$waitForClusterToBeReady$0(224)) - Waiting for nodes to be ready. Got 0 of 5 DN Heartbeats.
2023-08-25 08:50:50,495 [Time-limited test] INFO  ozone.MiniOzoneClusterImpl (MiniOzoneClusterImpl.java:lambda$waitForClusterToBeReady$0(227)) - Waiting for cluster to exit safe mode
2023-08-25 08:50:50,495 [Time-limited test] INFO  ozone.MiniOzoneClusterImpl (MiniOzoneClusterImpl.java:lambda$waitForClusterToBeReady$0(229)) - SCM became leader
2023-08-25 08:50:50,500 [Datanode State Machine Task Thread - 0] INFO  datanode.InitDatanodeState (InitDatanodeState.java:persistContainerDatanodeDetails(138)) - DatanodeDetails is persisted to /home/runner/work/ozone/ozone/hadoop-ozone/integration-test/target/test-dir/MiniOzoneClusterImpl-289e54f1-59ef-4028-876b-aa1b67627a4d/datanode-4/meta/datanode.id
2023-08-25 08:50:50,781 [ReplicationMonitor] INFO  replication.ReplicationManager (ReplicationManager.java:processAll(361)) - Replication Manager is not ready to run until 3000ms after safemode exit
2023-08-25 08:50:51,073 [EndpointStateMachine task thread for /0.0.0.0:15002 - 0 ] INFO  utils.DatanodeStoreCache (DatanodeStoreCache.java:addDB(66)) - Added db /home/runner/work/ozone/ozone/hadoop-ozone/integration-test/target/test-dir/MiniOzoneClusterImpl-289e54f1-59ef-4028-876b-aa1b67627a4d/datanode-0/data-0/containers/hdds/289e54f1-59ef-4028-876b-aa1b67627a4d/DS-bb532f84-c379-4837-969d-7a27e9f8a215/container.db to cache
2023-08-25 08:50:51,073 [EndpointStateMachine task thread for /0.0.0.0:15002 - 0 ] INFO  volume.HddsVolume (HddsVolume.java:createDbStore(422)) - SchemaV3 db is created and loaded at /home/runner/work/ozone/ozone/hadoop-ozone/integration-test/target/test-dir/MiniOzoneClusterImpl-289e54f1-59ef-4028-876b-aa1b67627a4d/datanode-0/data-0/containers/hdds/289e54f1-59ef-4028-876b-aa1b67627a4d/DS-bb532f84-c379-4837-969d-7a27e9f8a215/container.db for volume DS-bb532f84-c379-4837-969d-7a27e9f8a215
2023-08-25 08:50:51,075 [EndpointStateMachine task thread for /0.0.0.0:15002 - 0 ] INFO  volume.ThrottledAsyncChecker (ThrottledAsyncChecker.java:schedule(141)) - Scheduling a check for /home/runner/work/ozone/ozone/hadoop-ozone/integration-test/target/test-dir/MiniOzoneClusterImpl-289e54f1-59ef-4028-876b-aa1b67627a4d/datanode-0/data-0/containers/hdds
2023-08-25 08:50:51,098 [EndpointStateMachine task thread for /0.0.0.0:15002 - 0 ] INFO  volume.StorageVolumeChecker (StorageVolumeChecker.java:checkAllVolumes(213)) - Scheduled health check for volume /home/runner/work/ozone/ozone/hadoop-ozone/integration-test/target/test-dir/MiniOzoneClusterImpl-289e54f1-59ef-4028-876b-aa1b67627a4d/datanode-0/data-0/containers/hdds
2023-08-25 08:50:51,101 [EndpointStateMachine task thread for /0.0.0.0:15002 - 0 ] INFO  volume.ThrottledAsyncChecker (ThrottledAsyncChecker.java:schedule(141)) - Scheduling a check for /home/runner/work/ozone/ozone/hadoop-ozone/integration-test/target/test-dir/MiniOzoneClusterImpl-289e54f1-59ef-4028-876b-aa1b67627a4d/datanode-0/data/ratis
2023-08-25 08:50:51,102 [EndpointStateMachine task thread for /0.0.0.0:15002 - 0 ] INFO  volume.StorageVolumeChecker (StorageVolumeChecker.java:checkAllVolumes(213)) - Scheduled health check for volume /home/runner/work/ozone/ozone/hadoop-ozone/integration-test/target/test-dir/MiniOzoneClusterImpl-289e54f1-59ef-4028-876b-aa1b67627a4d/datanode-0/data/ratis
2023-08-25 08:50:51,103 [EndpointStateMachine task thread for /0.0.0.0:15002 - 0 ] INFO  ozoneimpl.OzoneContainer (OzoneContainer.java:start(429)) - Attempting to start container services.
2023-08-25 08:50:51,106 [EndpointStateMachine task thread for /0.0.0.0:15002 - 0 ] INFO  ozoneimpl.OzoneContainer (OzoneContainer.java:startContainerScrub(325)) - Scheduled background container scanners and the on-demand container scanner have been disabled.
2023-08-25 08:50:51,108 [EndpointStateMachine task thread for /0.0.0.0:15002 - 0 ] INFO  replication.ReplicationServer (ReplicationServer.java:start(130)) - ReplicationServer is started using port 15016
2023-08-25 08:50:51,108 [EndpointStateMachine task thread for /0.0.0.0:15002 - 0 ] INFO  ratis.XceiverServerRatis (XceiverServerRatis.java:start(517)) - Starting XceiverServerRatis 6f59ded9-1d69-4648-a4a5-1116b15843fb
2023-08-25 08:50:51,115 [EndpointStateMachine task thread for /0.0.0.0:15002 - 0 ] INFO  server.RaftServer (RaftServerProxy.java:startImpl(400)) - 6f59ded9-1d69-4648-a4a5-1116b15843fb: start RPC server
2023-08-25 08:50:51,117 [EndpointStateMachine task thread for /0.0.0.0:15002 - 0 ] INFO  server.GrpcService (GrpcService.java:startImpl(302)) - 6f59ded9-1d69-4648-a4a5-1116b15843fb: GrpcService started, listening on 15012
2023-08-25 08:50:51,119 [EndpointStateMachine task thread for /0.0.0.0:15002 - 0 ] INFO  server.GrpcService (GrpcService.java:startImpl(302)) - 6f59ded9-1d69-4648-a4a5-1116b15843fb: GrpcService started, listening on 15014
2023-08-25 08:50:51,121 [EndpointStateMachine task thread for /0.0.0.0:15002 - 0 ] INFO  server.GrpcService (GrpcService.java:startImpl(302)) - 6f59ded9-1d69-4648-a4a5-1116b15843fb: GrpcService started, listening on 15013
2023-08-25 08:50:51,124 [EndpointStateMachine task thread for /0.0.0.0:15002 - 0 ] INFO  ratis.XceiverServerRatis (XceiverServerRatis.java:getRealPort(543)) - XceiverServerRatis 6f59ded9-1d69-4648-a4a5-1116b15843fb is started using port 15012 for RATIS
2023-08-25 08:50:51,125 [EndpointStateMachine task thread for /0.0.0.0:15002 - 0 ] INFO  ratis.XceiverServerRatis (XceiverServerRatis.java:getRealPort(543)) - XceiverServerRatis 6f59ded9-1d69-4648-a4a5-1116b15843fb is started using port 15013 for RATIS_ADMIN
2023-08-25 08:50:51,125 [EndpointStateMachine task thread for /0.0.0.0:15002 - 0 ] INFO  ratis.XceiverServerRatis (XceiverServerRatis.java:getRealPort(543)) - XceiverServerRatis 6f59ded9-1d69-4648-a4a5-1116b15843fb is started using port 15014 for RATIS_SERVER
2023-08-25 08:50:51,125 [EndpointStateMachine task thread for /0.0.0.0:15002 - 0 ] INFO  ratis.XceiverServerRatis (XceiverServerRatis.java:getRealPort(543)) - XceiverServerRatis 6f59ded9-1d69-4648-a4a5-1116b15843fb is started using port 15015 for RATIS_DATASTREAM
2023-08-25 08:50:51,125 [JvmPauseMonitor2] INFO  util.JvmPauseMonitor (JvmPauseMonitor.java:run(103)) - JvmPauseMonitor-6f59ded9-1d69-4648-a4a5-1116b15843fb: Started
2023-08-25 08:50:51,140 [BlockDeletingService#0] INFO  interfaces.ContainerDeletionChoosingPolicyTemplate (ContainerDeletionChoosingPolicyTemplate.java:chooseContainerForBlockDeletion(85)) - Chosen 0/5000 blocks from 0 candidate containers.
2023-08-25 08:50:51,495 [Time-limited test] INFO  ozone.MiniOzoneClusterImpl (MiniOzoneClusterImpl.java:lambda$waitForClusterToBeReady$0(224)) - Waiting for nodes to be ready. Got 0 of 5 DN Heartbeats.
2023-08-25 08:50:51,495 [Time-limited test] INFO  ozone.MiniOzoneClusterImpl (MiniOzoneClusterImpl.java:lambda$waitForClusterToBeReady$0(227)) - Waiting for cluster to exit safe mode
2023-08-25 08:50:51,495 [Time-limited test] INFO  ozone.MiniOzoneClusterImpl (MiniOzoneClusterImpl.java:lambda$waitForClusterToBeReady$0(229)) - SCM became leader
2023-08-25 08:50:51,501 [EndpointStateMachine task thread for /0.0.0.0:15002 - 0 ] INFO  utils.DatanodeStoreCache (DatanodeStoreCache.java:addDB(66)) - Added db /home/runner/work/ozone/ozone/hadoop-ozone/integration-test/target/test-dir/MiniOzoneClusterImpl-289e54f1-59ef-4028-876b-aa1b67627a4d/datanode-1/data-0/containers/hdds/289e54f1-59ef-4028-876b-aa1b67627a4d/DS-cfe52408-c953-4121-a1b9-0d9b44ab17fc/container.db to cache
2023-08-25 08:50:51,501 [EndpointStateMachine task thread for /0.0.0.0:15002 - 0 ] INFO  volume.HddsVolume (HddsVolume.java:createDbStore(422)) - SchemaV3 db is created and loaded at /home/runner/work/ozone/ozone/hadoop-ozone/integration-test/target/test-dir/MiniOzoneClusterImpl-289e54f1-59ef-4028-876b-aa1b67627a4d/datanode-1/data-0/containers/hdds/289e54f1-59ef-4028-876b-aa1b67627a4d/DS-cfe52408-c953-4121-a1b9-0d9b44ab17fc/container.db for volume DS-cfe52408-c953-4121-a1b9-0d9b44ab17fc
2023-08-25 08:50:51,504 [EndpointStateMachine task thread for /0.0.0.0:15002 - 0 ] INFO  volume.ThrottledAsyncChecker (ThrottledAsyncChecker.java:schedule(141)) - Scheduling a check for /home/runner/work/ozone/ozone/hadoop-ozone/integration-test/target/test-dir/MiniOzoneClusterImpl-289e54f1-59ef-4028-876b-aa1b67627a4d/datanode-1/data-0/containers/hdds
2023-08-25 08:50:51,510 [EndpointStateMachine task thread for /0.0.0.0:15002 - 0 ] INFO  volume.StorageVolumeChecker (StorageVolumeChecker.java:checkAllVolumes(213)) - Scheduled health check for volume /home/runner/work/ozone/ozone/hadoop-ozone/integration-test/target/test-dir/MiniOzoneClusterImpl-289e54f1-59ef-4028-876b-aa1b67627a4d/datanode-1/data-0/containers/hdds
2023-08-25 08:50:51,516 [EndpointStateMachine task thread for /0.0.0.0:15002 - 0 ] INFO  volume.ThrottledAsyncChecker (ThrottledAsyncChecker.java:schedule(141)) - Scheduling a check for /home/runner/work/ozone/ozone/hadoop-ozone/integration-test/target/test-dir/MiniOzoneClusterImpl-289e54f1-59ef-4028-876b-aa1b67627a4d/datanode-1/data/ratis
2023-08-25 08:50:51,516 [EndpointStateMachine task thread for /0.0.0.0:15002 - 0 ] INFO  volume.StorageVolumeChecker (StorageVolumeChecker.java:checkAllVolumes(213)) - Scheduled health check for volume /home/runner/work/ozone/ozone/hadoop-ozone/integration-test/target/test-dir/MiniOzoneClusterImpl-289e54f1-59ef-4028-876b-aa1b67627a4d/datanode-1/data/ratis
2023-08-25 08:50:51,518 [EndpointStateMachine task thread for /0.0.0.0:15002 - 0 ] INFO  ozoneimpl.OzoneContainer (OzoneContainer.java:start(429)) - Attempting to start container services.
2023-08-25 08:50:51,518 [EndpointStateMachine task thread for /0.0.0.0:15002 - 0 ] INFO  ozoneimpl.OzoneContainer (OzoneContainer.java:startContainerScrub(325)) - Scheduled background container scanners and the on-demand container scanner have been disabled.
2023-08-25 08:50:51,520 [EndpointStateMachine task thread for /0.0.0.0:15002 - 0 ] INFO  replication.ReplicationServer (ReplicationServer.java:start(130)) - ReplicationServer is started using port 15025
2023-08-25 08:50:51,520 [EndpointStateMachine task thread for /0.0.0.0:15002 - 0 ] INFO  ratis.XceiverServerRatis (XceiverServerRatis.java:start(517)) - Starting XceiverServerRatis 5e5d2cfb-a693-459c-b621-520c42fdac66
2023-08-25 08:50:51,522 [EndpointStateMachine task thread for /0.0.0.0:15002 - 0 ] INFO  server.RaftServer (RaftServerProxy.java:startImpl(400)) - 5e5d2cfb-a693-459c-b621-520c42fdac66: start RPC server
2023-08-25 08:50:51,523 [EndpointStateMachine task thread for /0.0.0.0:15002 - 0 ] INFO  server.GrpcService (GrpcService.java:startImpl(302)) - 5e5d2cfb-a693-459c-b621-520c42fdac66: GrpcService started, listening on 15021
2023-08-25 08:50:51,525 [EndpointStateMachine task thread for /0.0.0.0:15002 - 0 ] INFO  server.GrpcService (GrpcService.java:startImpl(302)) - 5e5d2cfb-a693-459c-b621-520c42fdac66: GrpcService started, listening on 15023
2023-08-25 08:50:51,527 [EndpointStateMachine task thread for /0.0.0.0:15002 - 0 ] INFO  server.GrpcService (GrpcService.java:startImpl(302)) - 5e5d2cfb-a693-459c-b621-520c42fdac66: GrpcService started, listening on 15022
2023-08-25 08:50:51,527 [EndpointStateMachine task thread for /0.0.0.0:15002 - 0 ] INFO  ratis.XceiverServerRatis (XceiverServerRatis.java:getRealPort(543)) - XceiverServerRatis 5e5d2cfb-a693-459c-b621-520c42fdac66 is started using port 15021 for RATIS
2023-08-25 08:50:51,527 [EndpointStateMachine task thread for /0.0.0.0:15002 - 0 ] INFO  ratis.XceiverServerRatis (XceiverServerRatis.java:getRealPort(543)) - XceiverServerRatis 5e5d2cfb-a693-459c-b621-520c42fdac66 is started using port 15022 for RATIS_ADMIN
2023-08-25 08:50:51,527 [JvmPauseMonitor3] INFO  util.JvmPauseMonitor (JvmPauseMonitor.java:run(103)) - JvmPauseMonitor-5e5d2cfb-a693-459c-b621-520c42fdac66: Started
2023-08-25 08:50:51,527 [EndpointStateMachine task thread for /0.0.0.0:15002 - 0 ] INFO  ratis.XceiverServerRatis (XceiverServerRatis.java:getRealPort(543)) - XceiverServerRatis 5e5d2cfb-a693-459c-b621-520c42fdac66 is started using port 15023 for RATIS_SERVER
2023-08-25 08:50:51,528 [EndpointStateMachine task thread for /0.0.0.0:15002 - 0 ] INFO  ratis.XceiverServerRatis (XceiverServerRatis.java:getRealPort(543)) - XceiverServerRatis 5e5d2cfb-a693-459c-b621-520c42fdac66 is started using port 15024 for RATIS_DATASTREAM
2023-08-25 08:50:51,537 [BlockDeletingService#0] INFO  interfaces.ContainerDeletionChoosingPolicyTemplate (ContainerDeletionChoosingPolicyTemplate.java:chooseContainerForBlockDeletion(85)) - Chosen 0/5000 blocks from 0 candidate containers.
2023-08-25 08:50:51,782 [ReplicationMonitor] INFO  replication.ReplicationManager (ReplicationManager.java:processAll(361)) - Replication Manager is not ready to run until 3000ms after safemode exit
2023-08-25 08:50:51,850 [EndpointStateMachine task thread for /0.0.0.0:15002 - 0 ] INFO  utils.DatanodeStoreCache (DatanodeStoreCache.java:addDB(66)) - Added db /home/runner/work/ozone/ozone/hadoop-ozone/integration-test/target/test-dir/MiniOzoneClusterImpl-289e54f1-59ef-4028-876b-aa1b67627a4d/datanode-2/data-0/containers/hdds/289e54f1-59ef-4028-876b-aa1b67627a4d/DS-4666c3c7-025e-4ed5-a35e-657aaaf2ab89/container.db to cache
2023-08-25 08:50:51,850 [EndpointStateMachine task thread for /0.0.0.0:15002 - 0 ] INFO  volume.HddsVolume (HddsVolume.java:createDbStore(422)) - SchemaV3 db is created and loaded at /home/runner/work/ozone/ozone/hadoop-ozone/integration-test/target/test-dir/MiniOzoneClusterImpl-289e54f1-59ef-4028-876b-aa1b67627a4d/datanode-2/data-0/containers/hdds/289e54f1-59ef-4028-876b-aa1b67627a4d/DS-4666c3c7-025e-4ed5-a35e-657aaaf2ab89/container.db for volume DS-4666c3c7-025e-4ed5-a35e-657aaaf2ab89
2023-08-25 08:50:51,851 [EndpointStateMachine task thread for /0.0.0.0:15002 - 0 ] INFO  volume.ThrottledAsyncChecker (ThrottledAsyncChecker.java:schedule(141)) - Scheduling a check for /home/runner/work/ozone/ozone/hadoop-ozone/integration-test/target/test-dir/MiniOzoneClusterImpl-289e54f1-59ef-4028-876b-aa1b67627a4d/datanode-2/data-0/containers/hdds
2023-08-25 08:50:51,852 [EndpointStateMachine task thread for /0.0.0.0:15002 - 0 ] INFO  volume.StorageVolumeChecker (StorageVolumeChecker.java:checkAllVolumes(213)) - Scheduled health check for volume /home/runner/work/ozone/ozone/hadoop-ozone/integration-test/target/test-dir/MiniOzoneClusterImpl-289e54f1-59ef-4028-876b-aa1b67627a4d/datanode-2/data-0/containers/hdds
2023-08-25 08:50:51,854 [EndpointStateMachine task thread for /0.0.0.0:15002 - 0 ] INFO  volume.ThrottledAsyncChecker (ThrottledAsyncChecker.java:schedule(141)) - Scheduling a check for /home/runner/work/ozone/ozone/hadoop-ozone/integration-test/target/test-dir/MiniOzoneClusterImpl-289e54f1-59ef-4028-876b-aa1b67627a4d/datanode-2/data/ratis
2023-08-25 08:50:51,854 [EndpointStateMachine task thread for /0.0.0.0:15002 - 0 ] INFO  volume.StorageVolumeChecker (StorageVolumeChecker.java:checkAllVolumes(213)) - Scheduled health check for volume /home/runner/work/ozone/ozone/hadoop-ozone/integration-test/target/test-dir/MiniOzoneClusterImpl-289e54f1-59ef-4028-876b-aa1b67627a4d/datanode-2/data/ratis
2023-08-25 08:50:51,856 [EndpointStateMachine task thread for /0.0.0.0:15002 - 0 ] INFO  ozoneimpl.OzoneContainer (OzoneContainer.java:start(429)) - Attempting to start container services.
2023-08-25 08:50:51,856 [EndpointStateMachine task thread for /0.0.0.0:15002 - 0 ] INFO  ozoneimpl.OzoneContainer (OzoneContainer.java:startContainerScrub(325)) - Scheduled background container scanners and the on-demand container scanner have been disabled.
2023-08-25 08:50:51,858 [EndpointStateMachine task thread for /0.0.0.0:15002 - 0 ] INFO  replication.ReplicationServer (ReplicationServer.java:start(130)) - ReplicationServer is started using port 15034
2023-08-25 08:50:51,858 [EndpointStateMachine task thread for /0.0.0.0:15002 - 0 ] INFO  ratis.XceiverServerRatis (XceiverServerRatis.java:start(517)) - Starting XceiverServerRatis 722a3cfd-0cb3-45bd-9dad-85df9dd4c55e
2023-08-25 08:50:51,859 [EndpointStateMachine task thread for /0.0.0.0:15002 - 0 ] INFO  server.RaftServer (RaftServerProxy.java:startImpl(400)) - 722a3cfd-0cb3-45bd-9dad-85df9dd4c55e: start RPC server
2023-08-25 08:50:51,862 [EndpointStateMachine task thread for /0.0.0.0:15002 - 0 ] INFO  server.GrpcService (GrpcService.java:startImpl(302)) - 722a3cfd-0cb3-45bd-9dad-85df9dd4c55e: GrpcService started, listening on 15030
2023-08-25 08:50:51,864 [EndpointStateMachine task thread for /0.0.0.0:15002 - 0 ] INFO  server.GrpcService (GrpcService.java:startImpl(302)) - 722a3cfd-0cb3-45bd-9dad-85df9dd4c55e: GrpcService started, listening on 15032
2023-08-25 08:50:51,867 [EndpointStateMachine task thread for /0.0.0.0:15002 - 0 ] INFO  server.GrpcService (GrpcService.java:startImpl(302)) - 722a3cfd-0cb3-45bd-9dad-85df9dd4c55e: GrpcService started, listening on 15031
2023-08-25 08:50:51,867 [EndpointStateMachine task thread for /0.0.0.0:15002 - 0 ] INFO  ratis.XceiverServerRatis (XceiverServerRatis.java:getRealPort(543)) - XceiverServerRatis 722a3cfd-0cb3-45bd-9dad-85df9dd4c55e is started using port 15030 for RATIS
2023-08-25 08:50:51,867 [EndpointStateMachine task thread for /0.0.0.0:15002 - 0 ] INFO  ratis.XceiverServerRatis (XceiverServerRatis.java:getRealPort(543)) - XceiverServerRatis 722a3cfd-0cb3-45bd-9dad-85df9dd4c55e is started using port 15031 for RATIS_ADMIN
2023-08-25 08:50:51,867 [EndpointStateMachine task thread for /0.0.0.0:15002 - 0 ] INFO  ratis.XceiverServerRatis (XceiverServerRatis.java:getRealPort(543)) - XceiverServerRatis 722a3cfd-0cb3-45bd-9dad-85df9dd4c55e is started using port 15032 for RATIS_SERVER
2023-08-25 08:50:51,867 [EndpointStateMachine task thread for /0.0.0.0:15002 - 0 ] INFO  ratis.XceiverServerRatis (XceiverServerRatis.java:getRealPort(543)) - XceiverServerRatis 722a3cfd-0cb3-45bd-9dad-85df9dd4c55e is started using port 15033 for RATIS_DATASTREAM
2023-08-25 08:50:51,871 [JvmPauseMonitor4] INFO  util.JvmPauseMonitor (JvmPauseMonitor.java:run(103)) - JvmPauseMonitor-722a3cfd-0cb3-45bd-9dad-85df9dd4c55e: Started
2023-08-25 08:50:51,879 [BlockDeletingService#0] INFO  interfaces.ContainerDeletionChoosingPolicyTemplate (ContainerDeletionChoosingPolicyTemplate.java:chooseContainerForBlockDeletion(85)) - Chosen 0/5000 blocks from 0 candidate containers.
2023-08-25 08:50:52,213 [EndpointStateMachine task thread for /0.0.0.0:15002 - 0 ] INFO  utils.DatanodeStoreCache (DatanodeStoreCache.java:addDB(66)) - Added db /home/runner/work/ozone/ozone/hadoop-ozone/integration-test/target/test-dir/MiniOzoneClusterImpl-289e54f1-59ef-4028-876b-aa1b67627a4d/datanode-3/data-0/containers/hdds/289e54f1-59ef-4028-876b-aa1b67627a4d/DS-7ea9d121-e75f-4fa3-88b8-71d6feb17960/container.db to cache
2023-08-25 08:50:52,213 [EndpointStateMachine task thread for /0.0.0.0:15002 - 0 ] INFO  volume.HddsVolume (HddsVolume.java:createDbStore(422)) - SchemaV3 db is created and loaded at /home/runner/work/ozone/ozone/hadoop-ozone/integration-test/target/test-dir/MiniOzoneClusterImpl-289e54f1-59ef-4028-876b-aa1b67627a4d/datanode-3/data-0/containers/hdds/289e54f1-59ef-4028-876b-aa1b67627a4d/DS-7ea9d121-e75f-4fa3-88b8-71d6feb17960/container.db for volume DS-7ea9d121-e75f-4fa3-88b8-71d6feb17960
2023-08-25 08:50:52,215 [EndpointStateMachine task thread for /0.0.0.0:15002 - 0 ] INFO  volume.ThrottledAsyncChecker (ThrottledAsyncChecker.java:schedule(141)) - Scheduling a check for /home/runner/work/ozone/ozone/hadoop-ozone/integration-test/target/test-dir/MiniOzoneClusterImpl-289e54f1-59ef-4028-876b-aa1b67627a4d/datanode-3/data-0/containers/hdds
2023-08-25 08:50:52,218 [EndpointStateMachine task thread for /0.0.0.0:15002 - 0 ] INFO  volume.StorageVolumeChecker (StorageVolumeChecker.java:checkAllVolumes(213)) - Scheduled health check for volume /home/runner/work/ozone/ozone/hadoop-ozone/integration-test/target/test-dir/MiniOzoneClusterImpl-289e54f1-59ef-4028-876b-aa1b67627a4d/datanode-3/data-0/containers/hdds
2023-08-25 08:50:52,220 [EndpointStateMachine task thread for /0.0.0.0:15002 - 0 ] INFO  volume.ThrottledAsyncChecker (ThrottledAsyncChecker.java:schedule(141)) - Scheduling a check for /home/runner/work/ozone/ozone/hadoop-ozone/integration-test/target/test-dir/MiniOzoneClusterImpl-289e54f1-59ef-4028-876b-aa1b67627a4d/datanode-3/data/ratis
2023-08-25 08:50:52,220 [EndpointStateMachine task thread for /0.0.0.0:15002 - 0 ] INFO  volume.StorageVolumeChecker (StorageVolumeChecker.java:checkAllVolumes(213)) - Scheduled health check for volume /home/runner/work/ozone/ozone/hadoop-ozone/integration-test/target/test-dir/MiniOzoneClusterImpl-289e54f1-59ef-4028-876b-aa1b67627a4d/datanode-3/data/ratis
2023-08-25 08:50:52,221 [EndpointStateMachine task thread for /0.0.0.0:15002 - 0 ] INFO  ozoneimpl.OzoneContainer (OzoneContainer.java:start(429)) - Attempting to start container services.
2023-08-25 08:50:52,221 [EndpointStateMachine task thread for /0.0.0.0:15002 - 0 ] INFO  ozoneimpl.OzoneContainer (OzoneContainer.java:startContainerScrub(325)) - Scheduled background container scanners and the on-demand container scanner have been disabled.
2023-08-25 08:50:52,223 [EndpointStateMachine task thread for /0.0.0.0:15002 - 0 ] INFO  replication.ReplicationServer (ReplicationServer.java:start(130)) - ReplicationServer is started using port 15043
2023-08-25 08:50:52,223 [EndpointStateMachine task thread for /0.0.0.0:15002 - 0 ] INFO  ratis.XceiverServerRatis (XceiverServerRatis.java:start(517)) - Starting XceiverServerRatis c4b8bd3c-8a0e-4cc6-b7e6-0374b0604ac7
2023-08-25 08:50:52,224 [EndpointStateMachine task thread for /0.0.0.0:15002 - 0 ] INFO  server.RaftServer (RaftServerProxy.java:startImpl(400)) - c4b8bd3c-8a0e-4cc6-b7e6-0374b0604ac7: start RPC server
2023-08-25 08:50:52,231 [EndpointStateMachine task thread for /0.0.0.0:15002 - 0 ] INFO  server.GrpcService (GrpcService.java:startImpl(302)) - c4b8bd3c-8a0e-4cc6-b7e6-0374b0604ac7: GrpcService started, listening on 15039
2023-08-25 08:50:52,232 [EndpointStateMachine task thread for /0.0.0.0:15002 - 0 ] INFO  server.GrpcService (GrpcService.java:startImpl(302)) - c4b8bd3c-8a0e-4cc6-b7e6-0374b0604ac7: GrpcService started, listening on 15041
2023-08-25 08:50:52,237 [EndpointStateMachine task thread for /0.0.0.0:15002 - 0 ] INFO  server.GrpcService (GrpcService.java:startImpl(302)) - c4b8bd3c-8a0e-4cc6-b7e6-0374b0604ac7: GrpcService started, listening on 15040
2023-08-25 08:50:52,237 [EndpointStateMachine task thread for /0.0.0.0:15002 - 0 ] INFO  ratis.XceiverServerRatis (XceiverServerRatis.java:getRealPort(543)) - XceiverServerRatis c4b8bd3c-8a0e-4cc6-b7e6-0374b0604ac7 is started using port 15039 for RATIS
2023-08-25 08:50:52,237 [EndpointStateMachine task thread for /0.0.0.0:15002 - 0 ] INFO  ratis.XceiverServerRatis (XceiverServerRatis.java:getRealPort(543)) - XceiverServerRatis c4b8bd3c-8a0e-4cc6-b7e6-0374b0604ac7 is started using port 15040 for RATIS_ADMIN
2023-08-25 08:50:52,237 [EndpointStateMachine task thread for /0.0.0.0:15002 - 0 ] INFO  ratis.XceiverServerRatis (XceiverServerRatis.java:getRealPort(543)) - XceiverServerRatis c4b8bd3c-8a0e-4cc6-b7e6-0374b0604ac7 is started using port 15041 for RATIS_SERVER
2023-08-25 08:50:52,237 [EndpointStateMachine task thread for /0.0.0.0:15002 - 0 ] INFO  ratis.XceiverServerRatis (XceiverServerRatis.java:getRealPort(543)) - XceiverServerRatis c4b8bd3c-8a0e-4cc6-b7e6-0374b0604ac7 is started using port 15042 for RATIS_DATASTREAM
2023-08-25 08:50:52,238 [JvmPauseMonitor5] INFO  util.JvmPauseMonitor (JvmPauseMonitor.java:run(103)) - JvmPauseMonitor-c4b8bd3c-8a0e-4cc6-b7e6-0374b0604ac7: Started
2023-08-25 08:50:52,255 [BlockDeletingService#0] INFO  interfaces.ContainerDeletionChoosingPolicyTemplate (ContainerDeletionChoosingPolicyTemplate.java:chooseContainerForBlockDeletion(85)) - Chosen 0/5000 blocks from 0 candidate containers.
2023-08-25 08:50:52,495 [Time-limited test] INFO  ozone.MiniOzoneClusterImpl (MiniOzoneClusterImpl.java:lambda$waitForClusterToBeReady$0(224)) - Waiting for nodes to be ready. Got 0 of 5 DN Heartbeats.
2023-08-25 08:50:52,495 [Time-limited test] INFO  ozone.MiniOzoneClusterImpl (MiniOzoneClusterImpl.java:lambda$waitForClusterToBeReady$0(227)) - Waiting for cluster to exit safe mode
2023-08-25 08:50:52,496 [Time-limited test] INFO  ozone.MiniOzoneClusterImpl (MiniOzoneClusterImpl.java:lambda$waitForClusterToBeReady$0(229)) - SCM became leader
2023-08-25 08:50:52,546 [EndpointStateMachine task thread for /0.0.0.0:15002 - 0 ] INFO  utils.DatanodeStoreCache (DatanodeStoreCache.java:addDB(66)) - Added db /home/runner/work/ozone/ozone/hadoop-ozone/integration-test/target/test-dir/MiniOzoneClusterImpl-289e54f1-59ef-4028-876b-aa1b67627a4d/datanode-4/data-0/containers/hdds/289e54f1-59ef-4028-876b-aa1b67627a4d/DS-70abdcb8-c8f9-4eb7-9211-6227f6529dc0/container.db to cache
2023-08-25 08:50:52,546 [EndpointStateMachine task thread for /0.0.0.0:15002 - 0 ] INFO  volume.HddsVolume (HddsVolume.java:createDbStore(422)) - SchemaV3 db is created and loaded at /home/runner/work/ozone/ozone/hadoop-ozone/integration-test/target/test-dir/MiniOzoneClusterImpl-289e54f1-59ef-4028-876b-aa1b67627a4d/datanode-4/data-0/containers/hdds/289e54f1-59ef-4028-876b-aa1b67627a4d/DS-70abdcb8-c8f9-4eb7-9211-6227f6529dc0/container.db for volume DS-70abdcb8-c8f9-4eb7-9211-6227f6529dc0
2023-08-25 08:50:52,548 [EndpointStateMachine task thread for /0.0.0.0:15002 - 0 ] INFO  volume.ThrottledAsyncChecker (ThrottledAsyncChecker.java:schedule(141)) - Scheduling a check for /home/runner/work/ozone/ozone/hadoop-ozone/integration-test/target/test-dir/MiniOzoneClusterImpl-289e54f1-59ef-4028-876b-aa1b67627a4d/datanode-4/data-0/containers/hdds
2023-08-25 08:50:52,549 [EndpointStateMachine task thread for /0.0.0.0:15002 - 0 ] INFO  volume.StorageVolumeChecker (StorageVolumeChecker.java:checkAllVolumes(213)) - Scheduled health check for volume /home/runner/work/ozone/ozone/hadoop-ozone/integration-test/target/test-dir/MiniOzoneClusterImpl-289e54f1-59ef-4028-876b-aa1b67627a4d/datanode-4/data-0/containers/hdds
2023-08-25 08:50:52,552 [EndpointStateMachine task thread for /0.0.0.0:15002 - 0 ] INFO  volume.ThrottledAsyncChecker (ThrottledAsyncChecker.java:schedule(141)) - Scheduling a check for /home/runner/work/ozone/ozone/hadoop-ozone/integration-test/target/test-dir/MiniOzoneClusterImpl-289e54f1-59ef-4028-876b-aa1b67627a4d/datanode-4/data/ratis
2023-08-25 08:50:52,552 [EndpointStateMachine task thread for /0.0.0.0:15002 - 0 ] INFO  volume.StorageVolumeChecker (StorageVolumeChecker.java:checkAllVolumes(213)) - Scheduled health check for volume /home/runner/work/ozone/ozone/hadoop-ozone/integration-test/target/test-dir/MiniOzoneClusterImpl-289e54f1-59ef-4028-876b-aa1b67627a4d/datanode-4/data/ratis
2023-08-25 08:50:52,554 [EndpointStateMachine task thread for /0.0.0.0:15002 - 0 ] INFO  ozoneimpl.OzoneContainer (OzoneContainer.java:start(429)) - Attempting to start container services.
2023-08-25 08:50:52,554 [EndpointStateMachine task thread for /0.0.0.0:15002 - 0 ] INFO  ozoneimpl.OzoneContainer (OzoneContainer.java:startContainerScrub(325)) - Scheduled background container scanners and the on-demand container scanner have been disabled.
2023-08-25 08:50:52,555 [EndpointStateMachine task thread for /0.0.0.0:15002 - 0 ] INFO  replication.ReplicationServer (ReplicationServer.java:start(130)) - ReplicationServer is started using port 15052
2023-08-25 08:50:52,555 [EndpointStateMachine task thread for /0.0.0.0:15002 - 0 ] INFO  ratis.XceiverServerRatis (XceiverServerRatis.java:start(517)) - Starting XceiverServerRatis 6a4c8060-cde6-48cd-aea7-c757cfe8808e
2023-08-25 08:50:52,556 [EndpointStateMachine task thread for /0.0.0.0:15002 - 0 ] INFO  server.RaftServer (RaftServerProxy.java:startImpl(400)) - 6a4c8060-cde6-48cd-aea7-c757cfe8808e: start RPC server
2023-08-25 08:50:52,558 [EndpointStateMachine task thread for /0.0.0.0:15002 - 0 ] INFO  server.GrpcService (GrpcService.java:startImpl(302)) - 6a4c8060-cde6-48cd-aea7-c757cfe8808e: GrpcService started, listening on 15048
2023-08-25 08:50:52,559 [EndpointStateMachine task thread for /0.0.0.0:15002 - 0 ] INFO  server.GrpcService (GrpcService.java:startImpl(302)) - 6a4c8060-cde6-48cd-aea7-c757cfe8808e: GrpcService started, listening on 15050
2023-08-25 08:50:52,560 [EndpointStateMachine task thread for /0.0.0.0:15002 - 0 ] INFO  server.GrpcService (GrpcService.java:startImpl(302)) - 6a4c8060-cde6-48cd-aea7-c757cfe8808e: GrpcService started, listening on 15049
2023-08-25 08:50:52,560 [EndpointStateMachine task thread for /0.0.0.0:15002 - 0 ] INFO  ratis.XceiverServerRatis (XceiverServerRatis.java:getRealPort(543)) - XceiverServerRatis 6a4c8060-cde6-48cd-aea7-c757cfe8808e is started using port 15048 for RATIS
2023-08-25 08:50:52,560 [EndpointStateMachine task thread for /0.0.0.0:15002 - 0 ] INFO  ratis.XceiverServerRatis (XceiverServerRatis.java:getRealPort(543)) - XceiverServerRatis 6a4c8060-cde6-48cd-aea7-c757cfe8808e is started using port 15049 for RATIS_ADMIN
2023-08-25 08:50:52,560 [EndpointStateMachine task thread for /0.0.0.0:15002 - 0 ] INFO  ratis.XceiverServerRatis (XceiverServerRatis.java:getRealPort(543)) - XceiverServerRatis 6a4c8060-cde6-48cd-aea7-c757cfe8808e is started using port 15050 for RATIS_SERVER
2023-08-25 08:50:52,560 [EndpointStateMachine task thread for /0.0.0.0:15002 - 0 ] INFO  ratis.XceiverServerRatis (XceiverServerRatis.java:getRealPort(543)) - XceiverServerRatis 6a4c8060-cde6-48cd-aea7-c757cfe8808e is started using port 15051 for RATIS_DATASTREAM
2023-08-25 08:50:52,560 [JvmPauseMonitor6] INFO  util.JvmPauseMonitor (JvmPauseMonitor.java:run(103)) - JvmPauseMonitor-6a4c8060-cde6-48cd-aea7-c757cfe8808e: Started
2023-08-25 08:50:52,565 [BlockDeletingService#0] INFO  interfaces.ContainerDeletionChoosingPolicyTemplate (ContainerDeletionChoosingPolicyTemplate.java:chooseContainerForBlockDeletion(85)) - Chosen 0/5000 blocks from 0 candidate containers.
2023-08-25 08:50:52,782 [ReplicationMonitor] INFO  replication.ReplicationManager (ReplicationManager.java:processAll(361)) - Replication Manager is not ready to run until 3000ms after safemode exit
2023-08-25 08:50:52,967 [IPC Server handler 2 on default port 15002] INFO  net.NetworkTopologyImpl (NetworkTopologyImpl.java:add(112)) - Added a new node: /default-rack/6f59ded9-1d69-4648-a4a5-1116b15843fb
2023-08-25 08:50:52,970 [IPC Server handler 2 on default port 15002] INFO  node.SCMNodeManager (SCMNodeManager.java:register(405)) - Registered Data node : 6f59ded9-1d69-4648-a4a5-1116b15843fb{ip: 10.1.0.19, host: fv-az584-689.msjcyvhqqs1uvpg4fm53wptgqc.jx.internal.cloudapp.net, ports: [HTTP=15009, CLIENT_RPC=15010, REPLICATION=15016, RATIS=15012, RATIS_ADMIN=15013, RATIS_SERVER=15014, RATIS_DATASTREAM=15015, STANDALONE=15011], networkLocation: /default-rack, certSerialId: null, persistedOpState: null, persistedOpStateExpiryEpochSec: 0}
2023-08-25 08:50:52,984 [EventQueue-NewNodeForNewNodeHandler] INFO  pipeline.BackgroundPipelineCreator (BackgroundPipelineCreator.java:notifyEventTriggered(277)) - trigger a one-shot run on RatisPipelineUtilsThread.
2023-08-25 08:50:52,997 [EventQueue-NodeRegistrationContainerReportForContainerSafeModeRule] INFO  safemode.SCMSafeModeManager (SCMSafeModeManager.java:validateSafeModeExitRules(200)) - ContainerSafeModeRule rule is successfully validated
2023-08-25 08:50:52,997 [EventQueue-NodeRegistrationContainerReportForDataNodeSafeModeRule] INFO  safemode.SCMSafeModeManager (DataNodeSafeModeRule.java:process(71)) - SCM in safe mode. 1 DataNodes registered, 3 required.
2023-08-25 08:50:53,011 [EventQueue-PipelineReportForOneReplicaPipelineSafeModeRule] INFO  safemode.SCMSafeModeManager (SCMSafeModeManager.java:validateSafeModeExitRules(200)) - AtleastOneDatanodeReportedRule rule is successfully validated
2023-08-25 08:50:53,013 [RatisPipelineUtilsThread - 0] INFO  pipeline.RatisPipelineProvider (RatisPipelineProvider.java:lambda$create$0(206)) - Sending CreatePipelineCommand for pipeline:PipelineID=761ab50f-7aa3-4294-82e9-32b8677feacd to datanode:6f59ded9-1d69-4648-a4a5-1116b15843fb
2023-08-25 08:50:53,026 [RatisPipelineUtilsThread - 0] INFO  pipeline.BackgroundPipelineCreator (BackgroundPipelineCreator.java:createPipelines(233)) - Created new pipeline Pipeline[ Id: 761ab50f-7aa3-4294-82e9-32b8677feacd, Nodes: 6f59ded9-1d69-4648-a4a5-1116b15843fb(fv-az584-689.msjcyvhqqs1uvpg4fm53wptgqc.jx.internal.cloudapp.net/10.1.0.19), ReplicationConfig: RATIS/ONE, State:ALLOCATED, leaderId:, CreationTimestamp2023-08-25T08:50:53.011Z[Etc/UTC]]
2023-08-25 08:50:53,459 [IPC Server handler 4 on default port 15002] INFO  net.NetworkTopologyImpl (NetworkTopologyImpl.java:add(112)) - Added a new node: /default-rack/5e5d2cfb-a693-459c-b621-520c42fdac66
2023-08-25 08:50:53,459 [IPC Server handler 4 on default port 15002] INFO  node.SCMNodeManager (SCMNodeManager.java:register(405)) - Registered Data node : 5e5d2cfb-a693-459c-b621-520c42fdac66{ip: 10.1.0.19, host: fv-az584-689.msjcyvhqqs1uvpg4fm53wptgqc.jx.internal.cloudapp.net, ports: [HTTP=15018, CLIENT_RPC=15019, REPLICATION=15025, RATIS=15021, RATIS_ADMIN=15022, RATIS_SERVER=15023, RATIS_DATASTREAM=15024, STANDALONE=15020], networkLocation: /default-rack, certSerialId: null, persistedOpState: null, persistedOpStateExpiryEpochSec: 0}
2023-08-25 08:50:53,460 [EventQueue-NewNodeForNewNodeHandler] INFO  pipeline.BackgroundPipelineCreator (BackgroundPipelineCreator.java:notifyEventTriggered(277)) - trigger a one-shot run on RatisPipelineUtilsThread.
2023-08-25 08:50:53,462 [RatisPipelineUtilsThread - 0] INFO  pipeline.RatisPipelineProvider (RatisPipelineProvider.java:lambda$create$0(206)) - Sending CreatePipelineCommand for pipeline:PipelineID=c11dfaf6-60c9-4270-9942-cf9ce7564730 to datanode:5e5d2cfb-a693-459c-b621-520c42fdac66
2023-08-25 08:50:53,473 [RatisPipelineUtilsThread - 0] INFO  pipeline.BackgroundPipelineCreator (BackgroundPipelineCreator.java:createPipelines(233)) - Created new pipeline Pipeline[ Id: c11dfaf6-60c9-4270-9942-cf9ce7564730, Nodes: 5e5d2cfb-a693-459c-b621-520c42fdac66(fv-az584-689.msjcyvhqqs1uvpg4fm53wptgqc.jx.internal.cloudapp.net/10.1.0.19), ReplicationConfig: RATIS/ONE, State:ALLOCATED, leaderId:, CreationTimestamp2023-08-25T08:50:53.462Z[Etc/UTC]]
2023-08-25 08:50:53,474 [EventQueue-NodeRegistrationContainerReportForDataNodeSafeModeRule] INFO  safemode.SCMSafeModeManager (DataNodeSafeModeRule.java:process(71)) - SCM in safe mode. 2 DataNodes registered, 3 required.
2023-08-25 08:50:53,496 [Time-limited test] INFO  ozone.MiniOzoneClusterImpl (MiniOzoneClusterImpl.java:lambda$waitForClusterToBeReady$0(224)) - Waiting for nodes to be ready. Got 2 of 5 DN Heartbeats.
2023-08-25 08:50:53,496 [Time-limited test] INFO  ozone.MiniOzoneClusterImpl (MiniOzoneClusterImpl.java:lambda$waitForClusterToBeReady$0(227)) - Waiting for cluster to exit safe mode
2023-08-25 08:50:53,496 [Time-limited test] INFO  ozone.MiniOzoneClusterImpl (MiniOzoneClusterImpl.java:lambda$waitForClusterToBeReady$0(229)) - SCM became leader
2023-08-25 08:50:53,782 [ReplicationMonitor] INFO  replication.ReplicationManager (ReplicationManager.java:processAll(361)) - Replication Manager is not ready to run until 3000ms after safemode exit
2023-08-25 08:50:53,795 [IPC Server handler 1 on default port 15002] INFO  net.NetworkTopologyImpl (NetworkTopologyImpl.java:add(112)) - Added a new node: /default-rack/722a3cfd-0cb3-45bd-9dad-85df9dd4c55e
2023-08-25 08:50:53,795 [IPC Server handler 1 on default port 15002] INFO  node.SCMNodeManager (SCMNodeManager.java:register(405)) - Registered Data node : 722a3cfd-0cb3-45bd-9dad-85df9dd4c55e{ip: 10.1.0.19, host: fv-az584-689.msjcyvhqqs1uvpg4fm53wptgqc.jx.internal.cloudapp.net, ports: [HTTP=15027, CLIENT_RPC=15028, REPLICATION=15034, RATIS=15030, RATIS_ADMIN=15031, RATIS_SERVER=15032, RATIS_DATASTREAM=15033, STANDALONE=15029], networkLocation: /default-rack, certSerialId: null, persistedOpState: null, persistedOpStateExpiryEpochSec: 0}
2023-08-25 08:50:53,796 [EventQueue-NewNodeForNewNodeHandler] INFO  pipeline.BackgroundPipelineCreator (BackgroundPipelineCreator.java:notifyEventTriggered(277)) - trigger a one-shot run on RatisPipelineUtilsThread.
2023-08-25 08:50:53,796 [RatisPipelineUtilsThread - 0] INFO  pipeline.RatisPipelineProvider (RatisPipelineProvider.java:lambda$create$0(206)) - Sending CreatePipelineCommand for pipeline:PipelineID=b9824601-f4e3-45ac-b4d8-a430a8a13409 to datanode:722a3cfd-0cb3-45bd-9dad-85df9dd4c55e
2023-08-25 08:50:53,799 [RatisPipelineUtilsThread - 0] INFO  pipeline.BackgroundPipelineCreator (BackgroundPipelineCreator.java:createPipelines(233)) - Created new pipeline Pipeline[ Id: b9824601-f4e3-45ac-b4d8-a430a8a13409, Nodes: 722a3cfd-0cb3-45bd-9dad-85df9dd4c55e(fv-az584-689.msjcyvhqqs1uvpg4fm53wptgqc.jx.internal.cloudapp.net/10.1.0.19), ReplicationConfig: RATIS/ONE, State:ALLOCATED, leaderId:, CreationTimestamp2023-08-25T08:50:53.796Z[Etc/UTC]]
2023-08-25 08:50:53,797 [EventQueue-NodeRegistrationContainerReportForDataNodeSafeModeRule] INFO  safemode.SCMSafeModeManager (DataNodeSafeModeRule.java:process(71)) - SCM in safe mode. 3 DataNodes registered, 3 required.
2023-08-25 08:50:53,799 [EventQueue-NodeRegistrationContainerReportForDataNodeSafeModeRule] INFO  safemode.SCMSafeModeManager (SCMSafeModeManager.java:validateSafeModeExitRules(200)) - DataNodeSafeModeRule rule is successfully validated
2023-08-25 08:50:53,799 [EventQueue-NodeRegistrationContainerReportForDataNodeSafeModeRule] INFO  safemode.SCMSafeModeManager (SCMSafeModeManager.java:completePreCheck(229)) - All SCM safe mode pre check rules have passed
2023-08-25 08:50:53,799 [EventQueue-NodeRegistrationContainerReportForDataNodeSafeModeRule] INFO  ha.SCMContext (SCMContext.java:updateSafeModeStatus(228)) - Update SafeModeStatus from SafeModeStatus{safeModeStatus=true, preCheckPassed=false} to SafeModeStatus{safeModeStatus=true, preCheckPassed=true}.
2023-08-25 08:50:53,799 [EventQueue-NodeRegistrationContainerReportForDataNodeSafeModeRule] INFO  pipeline.BackgroundPipelineCreator (BackgroundPipelineCreator.java:notifyEventTriggered(277)) - trigger a one-shot run on RatisPipelineUtilsThread.
2023-08-25 08:50:53,804 [RatisPipelineUtilsThread - 0] INFO  pipeline.RatisPipelineProvider (RatisPipelineProvider.java:lambda$create$0(206)) - Sending CreatePipelineCommand for pipeline:PipelineID=809e3c79-4f70-494e-a9e8-2a842429a16a to datanode:722a3cfd-0cb3-45bd-9dad-85df9dd4c55e
2023-08-25 08:50:53,805 [RatisPipelineUtilsThread - 0] INFO  pipeline.RatisPipelineProvider (RatisPipelineProvider.java:lambda$create$0(206)) - Sending CreatePipelineCommand for pipeline:PipelineID=809e3c79-4f70-494e-a9e8-2a842429a16a to datanode:6f59ded9-1d69-4648-a4a5-1116b15843fb
2023-08-25 08:50:53,805 [RatisPipelineUtilsThread - 0] INFO  pipeline.RatisPipelineProvider (RatisPipelineProvider.java:lambda$create$0(206)) - Sending CreatePipelineCommand for pipeline:PipelineID=809e3c79-4f70-494e-a9e8-2a842429a16a to datanode:5e5d2cfb-a693-459c-b621-520c42fdac66
2023-08-25 08:50:53,808 [RatisPipelineUtilsThread - 0] INFO  pipeline.BackgroundPipelineCreator (BackgroundPipelineCreator.java:createPipelines(233)) - Created new pipeline Pipeline[ Id: 809e3c79-4f70-494e-a9e8-2a842429a16a, Nodes: 722a3cfd-0cb3-45bd-9dad-85df9dd4c55e(fv-az584-689.msjcyvhqqs1uvpg4fm53wptgqc.jx.internal.cloudapp.net/10.1.0.19)6f59ded9-1d69-4648-a4a5-1116b15843fb(fv-az584-689.msjcyvhqqs1uvpg4fm53wptgqc.jx.internal.cloudapp.net/10.1.0.19)5e5d2cfb-a693-459c-b621-520c42fdac66(fv-az584-689.msjcyvhqqs1uvpg4fm53wptgqc.jx.internal.cloudapp.net/10.1.0.19), ReplicationConfig: RATIS/THREE, State:ALLOCATED, leaderId:, CreationTimestamp2023-08-25T08:50:53.804Z[Etc/UTC]]
2023-08-25 08:50:53,811 [RatisPipelineUtilsThread - 0] INFO  pipeline.RatisPipelineProvider (RatisPipelineProvider.java:lambda$create$0(206)) - Sending CreatePipelineCommand for pipeline:PipelineID=e6baba83-e974-44b0-98a4-72f7012c4762 to datanode:6f59ded9-1d69-4648-a4a5-1116b15843fb
2023-08-25 08:50:53,812 [RatisPipelineUtilsThread - 0] INFO  pipeline.RatisPipelineProvider (RatisPipelineProvider.java:lambda$create$0(206)) - Sending CreatePipelineCommand for pipeline:PipelineID=e6baba83-e974-44b0-98a4-72f7012c4762 to datanode:722a3cfd-0cb3-45bd-9dad-85df9dd4c55e
2023-08-25 08:50:53,812 [RatisPipelineUtilsThread - 0] INFO  pipeline.RatisPipelineProvider (RatisPipelineProvider.java:lambda$create$0(206)) - Sending CreatePipelineCommand for pipeline:PipelineID=e6baba83-e974-44b0-98a4-72f7012c4762 to datanode:5e5d2cfb-a693-459c-b621-520c42fdac66
2023-08-25 08:50:53,814 [RatisPipelineUtilsThread - 0] INFO  pipeline.PipelineManagerImpl (PipelineManagerImpl.java:recordMetricsForPipeline(914)) - Pipeline: PipelineID=e6baba83-e974-44b0-98a4-72f7012c4762 contains same datanodes as previous pipelines: PipelineID=809e3c79-4f70-494e-a9e8-2a842429a16a nodeIds: 6f59ded9-1d69-4648-a4a5-1116b15843fb, 722a3cfd-0cb3-45bd-9dad-85df9dd4c55e, 5e5d2cfb-a693-459c-b621-520c42fdac66
2023-08-25 08:50:53,814 [RatisPipelineUtilsThread - 0] INFO  pipeline.BackgroundPipelineCreator (BackgroundPipelineCreator.java:createPipelines(233)) - Created new pipeline Pipeline[ Id: e6baba83-e974-44b0-98a4-72f7012c4762, Nodes: 6f59ded9-1d69-4648-a4a5-1116b15843fb(fv-az584-689.msjcyvhqqs1uvpg4fm53wptgqc.jx.internal.cloudapp.net/10.1.0.19)722a3cfd-0cb3-45bd-9dad-85df9dd4c55e(fv-az584-689.msjcyvhqqs1uvpg4fm53wptgqc.jx.internal.cloudapp.net/10.1.0.19)5e5d2cfb-a693-459c-b621-520c42fdac66(fv-az584-689.msjcyvhqqs1uvpg4fm53wptgqc.jx.internal.cloudapp.net/10.1.0.19), ReplicationConfig: RATIS/THREE, State:ALLOCATED, leaderId:, CreationTimestamp2023-08-25T08:50:53.811Z[Etc/UTC]]
2023-08-25 08:50:53,816 [RatisPipelineUtilsThread - 0] WARN  pipeline.PipelinePlacementPolicy (PipelinePlacementPolicy.java:filterViableNodes(166)) - Pipeline creation failed due to no sufficient healthy datanodes. Required 3. Found 0. Excluded 3.
2023-08-25 08:50:54,295 [JvmPauseMonitor1] WARN  util.JvmPauseMonitor (JvmPauseMonitor.java:detectPause(124)) - JvmPauseMonitor-om1: Detected pause in JVM or host machine approximately 0.108s with 0.172s GC time.
GC pool 'PS MarkSweep' had collection(s): count=1 time=139ms
GC pool 'PS Scavenge' had collection(s): count=1 time=33ms
2023-08-25 08:50:54,295 [JvmPauseMonitor2] WARN  util.JvmPauseMonitor (JvmPauseMonitor.java:detectPause(124)) - JvmPauseMonitor-6f59ded9-1d69-4648-a4a5-1116b15843fb: Detected pause in JVM or host machine approximately 0.169s with 0.172s GC time.
GC pool 'PS MarkSweep' had collection(s): count=1 time=139ms
GC pool 'PS Scavenge' had collection(s): count=1 time=33ms
2023-08-25 08:50:54,304 [IPC Server handler 4 on default port 15002] INFO  net.NetworkTopologyImpl (NetworkTopologyImpl.java:add(112)) - Added a new node: /default-rack/c4b8bd3c-8a0e-4cc6-b7e6-0374b0604ac7
2023-08-25 08:50:54,305 [IPC Server handler 4 on default port 15002] INFO  node.SCMNodeManager (SCMNodeManager.java:register(405)) - Registered Data node : c4b8bd3c-8a0e-4cc6-b7e6-0374b0604ac7{ip: 10.1.0.19, host: fv-az584-689.msjcyvhqqs1uvpg4fm53wptgqc.jx.internal.cloudapp.net, ports: [HTTP=15036, CLIENT_RPC=15037, REPLICATION=15043, RATIS=15039, RATIS_ADMIN=15040, RATIS_SERVER=15041, RATIS_DATASTREAM=15042, STANDALONE=15038], networkLocation: /default-rack, certSerialId: null, persistedOpState: null, persistedOpStateExpiryEpochSec: 0}
2023-08-25 08:50:54,305 [EventQueue-NewNodeForNewNodeHandler] INFO  pipeline.BackgroundPipelineCreator (BackgroundPipelineCreator.java:notifyEventTriggered(277)) - trigger a one-shot run on RatisPipelineUtilsThread.
2023-08-25 08:50:54,306 [RatisPipelineUtilsThread - 0] INFO  pipeline.RatisPipelineProvider (RatisPipelineProvider.java:lambda$create$0(206)) - Sending CreatePipelineCommand for pipeline:PipelineID=67f21b19-25d2-4ed2-bba9-48e4b572e38a to datanode:c4b8bd3c-8a0e-4cc6-b7e6-0374b0604ac7
2023-08-25 08:50:54,311 [RatisPipelineUtilsThread - 0] INFO  pipeline.BackgroundPipelineCreator (BackgroundPipelineCreator.java:createPipelines(233)) - Created new pipeline Pipeline[ Id: 67f21b19-25d2-4ed2-bba9-48e4b572e38a, Nodes: c4b8bd3c-8a0e-4cc6-b7e6-0374b0604ac7(fv-az584-689.msjcyvhqqs1uvpg4fm53wptgqc.jx.internal.cloudapp.net/10.1.0.19), ReplicationConfig: RATIS/ONE, State:ALLOCATED, leaderId:, CreationTimestamp2023-08-25T08:50:54.306Z[Etc/UTC]]
2023-08-25 08:50:54,311 [RatisPipelineUtilsThread - 0] WARN  pipeline.PipelinePlacementPolicy (PipelinePlacementPolicy.java:filterViableNodes(166)) - Pipeline creation failed due to no sufficient healthy datanodes. Required 3. Found 1. Excluded 3.
2023-08-25 08:50:54,496 [Time-limited test] INFO  ozone.MiniOzoneClusterImpl (MiniOzoneClusterImpl.java:lambda$waitForClusterToBeReady$0(224)) - Waiting for nodes to be ready. Got 4 of 5 DN Heartbeats.
2023-08-25 08:50:54,496 [Time-limited test] INFO  ozone.MiniOzoneClusterImpl (MiniOzoneClusterImpl.java:lambda$waitForClusterToBeReady$0(227)) - Waiting for cluster to exit safe mode
2023-08-25 08:50:54,497 [Time-limited test] INFO  ozone.MiniOzoneClusterImpl (MiniOzoneClusterImpl.java:lambda$waitForClusterToBeReady$0(229)) - SCM became leader
2023-08-25 08:50:54,500 [IPC Server handler 1 on default port 15002] INFO  net.NetworkTopologyImpl (NetworkTopologyImpl.java:add(112)) - Added a new node: /default-rack/6a4c8060-cde6-48cd-aea7-c757cfe8808e
2023-08-25 08:50:54,500 [IPC Server handler 1 on default port 15002] INFO  node.SCMNodeManager (SCMNodeManager.java:register(405)) - Registered Data node : 6a4c8060-cde6-48cd-aea7-c757cfe8808e{ip: 10.1.0.19, host: fv-az584-689.msjcyvhqqs1uvpg4fm53wptgqc.jx.internal.cloudapp.net, ports: [HTTP=15045, CLIENT_RPC=15046, REPLICATION=15052, RATIS=15048, RATIS_ADMIN=15049, RATIS_SERVER=15050, RATIS_DATASTREAM=15051, STANDALONE=15047], networkLocation: /default-rack, certSerialId: null, persistedOpState: null, persistedOpStateExpiryEpochSec: 0}
2023-08-25 08:50:54,502 [EventQueue-NewNodeForNewNodeHandler] INFO  pipeline.BackgroundPipelineCreator (BackgroundPipelineCreator.java:notifyEventTriggered(277)) - trigger a one-shot run on RatisPipelineUtilsThread.
2023-08-25 08:50:54,502 [RatisPipelineUtilsThread - 0] INFO  pipeline.RatisPipelineProvider (RatisPipelineProvider.java:lambda$create$0(206)) - Sending CreatePipelineCommand for pipeline:PipelineID=0745cb0a-31a2-4b69-b7e9-ad3574c5acd4 to datanode:6a4c8060-cde6-48cd-aea7-c757cfe8808e
2023-08-25 08:50:54,505 [RatisPipelineUtilsThread - 0] INFO  pipeline.BackgroundPipelineCreator (BackgroundPipelineCreator.java:createPipelines(233)) - Created new pipeline Pipeline[ Id: 0745cb0a-31a2-4b69-b7e9-ad3574c5acd4, Nodes: 6a4c8060-cde6-48cd-aea7-c757cfe8808e(fv-az584-689.msjcyvhqqs1uvpg4fm53wptgqc.jx.internal.cloudapp.net/10.1.0.19), ReplicationConfig: RATIS/ONE, State:ALLOCATED, leaderId:, CreationTimestamp2023-08-25T08:50:54.502Z[Etc/UTC]]
2023-08-25 08:50:54,506 [RatisPipelineUtilsThread - 0] WARN  pipeline.PipelinePlacementPolicy (PipelinePlacementPolicy.java:filterViableNodes(166)) - Pipeline creation failed due to no sufficient healthy datanodes. Required 3. Found 2. Excluded 3.
2023-08-25 08:50:54,782 [ReplicationMonitor] INFO  replication.ReplicationManager (ReplicationManager.java:processAll(361)) - Replication Manager is not ready to run until 3000ms after safemode exit
2023-08-25 08:50:55,497 [Time-limited test] INFO  ozone.MiniOzoneClusterImpl (MiniOzoneClusterImpl.java:lambda$waitForClusterToBeReady$0(224)) - Nodes are ready. Got 5 of 5 DN Heartbeats.
2023-08-25 08:50:55,497 [Time-limited test] INFO  ozone.MiniOzoneClusterImpl (MiniOzoneClusterImpl.java:lambda$waitForClusterToBeReady$0(227)) - Waiting for cluster to exit safe mode
2023-08-25 08:50:55,497 [Time-limited test] INFO  ozone.MiniOzoneClusterImpl (MiniOzoneClusterImpl.java:lambda$waitForClusterToBeReady$0(229)) - SCM became leader
2023-08-25 08:50:55,783 [ReplicationMonitor] INFO  replication.ReplicationManager (ReplicationManager.java:processAll(361)) - Replication Manager is not ready to run until 3000ms after safemode exit
2023-08-25 08:50:55,976 [PipelineCommandHandlerThread-0] INFO  server.RaftServer (RaftServerProxy.java:addNew(98)) - 6f59ded9-1d69-4648-a4a5-1116b15843fb: addNew group-32B8677FEACD:[6f59ded9-1d69-4648-a4a5-1116b15843fb|rpc:10.1.0.19:15014|admin:10.1.0.19:15013|client:10.1.0.19:15012|dataStream:10.1.0.19:15015|priority:1|startupRole:FOLLOWER] returns group-32B8677FEACD:java.util.concurrent.CompletableFuture@16183e8f[Not completed]
2023-08-25 08:50:55,993 [6f59ded9-1d69-4648-a4a5-1116b15843fb-groupManagement] INFO  server.RaftServer$Division (RaftServerImpl.java:<init>(198)) - 6f59ded9-1d69-4648-a4a5-1116b15843fb: new RaftServerImpl for group-32B8677FEACD:[6f59ded9-1d69-4648-a4a5-1116b15843fb|rpc:10.1.0.19:15014|admin:10.1.0.19:15013|client:10.1.0.19:15012|dataStream:10.1.0.19:15015|priority:1|startupRole:FOLLOWER] with ContainerStateMachine:uninitialized
2023-08-25 08:50:55,993 [6f59ded9-1d69-4648-a4a5-1116b15843fb-groupManagement] INFO  server.RaftServerConfigKeys (ConfUtils.java:logGet(46)) - raft.server.rpc.timeout.min = 5s (custom)
2023-08-25 08:50:55,993 [6f59ded9-1d69-4648-a4a5-1116b15843fb-groupManagement] INFO  server.RaftServerConfigKeys (ConfUtils.java:logGet(46)) - raft.server.rpc.timeout.max = 5200ms (custom)
2023-08-25 08:50:55,994 [6f59ded9-1d69-4648-a4a5-1116b15843fb-groupManagement] INFO  server.RaftServerConfigKeys (ConfUtils.java:logGet(46)) - raft.server.rpc.sleep.time = 25ms (default)
2023-08-25 08:50:55,994 [6f59ded9-1d69-4648-a4a5-1116b15843fb-groupManagement] INFO  server.RaftServerConfigKeys (ConfUtils.java:logGet(46)) - raft.server.rpc.slowness.timeout = 300s (custom)
2023-08-25 08:50:55,994 [6f59ded9-1d69-4648-a4a5-1116b15843fb-groupManagement] INFO  server.RaftServerConfigKeys (ConfUtils.java:logGet(46)) - raft.server.leaderelection.leader.step-down.wait-time = 10s (default)
2023-08-25 08:50:55,994 [6f59ded9-1d69-4648-a4a5-1116b15843fb-groupManagement] INFO  server.RaftServerConfigKeys (ConfUtils.java:logGet(46)) - raft.server.sleep.deviation.threshold = 300ms (default)
2023-08-25 08:50:55,994 [6f59ded9-1d69-4648-a4a5-1116b15843fb-groupManagement] INFO  server.RaftServer$Division (ServerState.java:<init>(120)) - 6f59ded9-1d69-4648-a4a5-1116b15843fb@group-32B8677FEACD: ConfigurationManager, init=-1: peers:[6f59ded9-1d69-4648-a4a5-1116b15843fb|rpc:10.1.0.19:15014|admin:10.1.0.19:15013|client:10.1.0.19:15012|dataStream:10.1.0.19:15015|priority:1|startupRole:FOLLOWER]|listeners:[], old=null, confs=<EMPTY_MAP>
2023-08-25 08:50:55,995 [6f59ded9-1d69-4648-a4a5-1116b15843fb-groupManagement] INFO  server.RaftServerConfigKeys (ConfUtils.java:logGet(46)) - raft.server.storage.dir = [/home/runner/work/ozone/ozone/hadoop-ozone/integration-test/target/test-dir/MiniOzoneClusterImpl-289e54f1-59ef-4028-876b-aa1b67627a4d/datanode-0/data/ratis] (custom)
2023-08-25 08:50:55,998 [6f59ded9-1d69-4648-a4a5-1116b15843fb-groupManagement] INFO  server.RaftServerConfigKeys (ConfUtils.java:logGet(46)) - raft.server.log.corruption.policy = EXCEPTION (default)
2023-08-25 08:50:55,998 [6f59ded9-1d69-4648-a4a5-1116b15843fb-groupManagement] INFO  server.RaftServerConfigKeys (ConfUtils.java:logGet(46)) - raft.server.storage.free-space.min = 0MB (=0) (default)
2023-08-25 08:50:55,998 [6f59ded9-1d69-4648-a4a5-1116b15843fb-groupManagement] INFO  server.RaftServerConfigKeys (ConfUtils.java:logGet(46)) - raft.server.notification.no-leader.timeout = 300s (custom)
2023-08-25 08:50:55,998 [6f59ded9-1d69-4648-a4a5-1116b15843fb-groupManagement] INFO  server.RaftServerConfigKeys (ConfUtils.java:logGet(46)) - raft.server.read.timeout = 10s (default)
2023-08-25 08:50:55,998 [6f59ded9-1d69-4648-a4a5-1116b15843fb-groupManagement] INFO  server.RaftServerConfigKeys (ConfUtils.java:logGet(46)) - raft.server.retrycache.expirytime = 600000ms (custom)
2023-08-25 08:50:55,998 [6f59ded9-1d69-4648-a4a5-1116b15843fb-groupManagement] INFO  server.RaftServerConfigKeys (ConfUtils.java:logGet(46)) - raft.server.retrycache.statistics.expirytime = 100μs (default)
2023-08-25 08:50:55,998 [6f59ded9-1d69-4648-a4a5-1116b15843fb-groupManagement] INFO  server.RaftServerConfigKeys (ConfUtils.java:logGet(46)) - raft.server.read.option = DEFAULT (default)
2023-08-25 08:50:56,005 [6f59ded9-1d69-4648-a4a5-1116b15843fb-groupManagement] INFO  server.RaftServerConfigKeys (ConfUtils.java:logGet(46)) - raft.server.rpc.request.timeout = 60s (custom)
2023-08-25 08:50:56,005 [6f59ded9-1d69-4648-a4a5-1116b15843fb-groupManagement] INFO  server.RaftServerConfigKeys (ConfUtils.java:logGet(46)) - raft.server.log.appender.install.snapshot.enabled = false (custom)
2023-08-25 08:50:56,005 [6f59ded9-1d69-4648-a4a5-1116b15843fb-groupManagement] INFO  server.RaftServerConfigKeys (ConfUtils.java:logGet(46)) - raft.server.threadpool.server.cached = true (default)
2023-08-25 08:50:56,005 [6f59ded9-1d69-4648-a4a5-1116b15843fb-groupManagement] INFO  server.RaftServerConfigKeys (ConfUtils.java:logGet(46)) - raft.server.threadpool.server.size = 0 (default)
2023-08-25 08:50:56,005 [6f59ded9-1d69-4648-a4a5-1116b15843fb-groupManagement] INFO  server.RaftServerConfigKeys (ConfUtils.java:logGet(46)) - raft.server.threadpool.client.cached = true (default)
2023-08-25 08:50:56,005 [6f59ded9-1d69-4648-a4a5-1116b15843fb-groupManagement] INFO  server.RaftServerConfigKeys (ConfUtils.java:logGet(46)) - raft.server.threadpool.client.size = 0 (default)
2023-08-25 08:50:56,006 [6f59ded9-1d69-4648-a4a5-1116b15843fb-groupManagement] INFO  storage.RaftStorageDirectory (RaftStorageDirectoryImpl.java:analyzeStorage(137)) - The storage directory /home/runner/work/ozone/ozone/hadoop-ozone/integration-test/target/test-dir/MiniOzoneClusterImpl-289e54f1-59ef-4028-876b-aa1b67627a4d/datanode-0/data/ratis/761ab50f-7aa3-4294-82e9-32b8677feacd does not exist. Creating ...
2023-08-25 08:50:56,010 [6f59ded9-1d69-4648-a4a5-1116b15843fb-groupManagement] INFO  storage.RaftStorageDirectory (RaftStorageDirectoryImpl.java:tryLock(231)) - Lock on /home/runner/work/ozone/ozone/hadoop-ozone/integration-test/target/test-dir/MiniOzoneClusterImpl-289e54f1-59ef-4028-876b-aa1b67627a4d/datanode-0/data/ratis/761ab50f-7aa3-4294-82e9-32b8677feacd/in_use.lock acquired by nodename 30217@fv-az584-689
2023-08-25 08:50:56,012 [6f59ded9-1d69-4648-a4a5-1116b15843fb-groupManagement] INFO  storage.RaftStorage (RaftStorageImpl.java:format(96)) - Storage directory /home/runner/work/ozone/ozone/hadoop-ozone/integration-test/target/test-dir/MiniOzoneClusterImpl-289e54f1-59ef-4028-876b-aa1b67627a4d/datanode-0/data/ratis/761ab50f-7aa3-4294-82e9-32b8677feacd has been successfully formatted.
2023-08-25 08:50:56,017 [6f59ded9-1d69-4648-a4a5-1116b15843fb-groupManagement] INFO  ratis.ContainerStateMachine (ContainerStateMachine.java:loadSnapshot(262)) - group-32B8677FEACD: The snapshot info is null. Setting the last applied indexto:(t:0, i:~)
2023-08-25 08:50:56,017 [6f59ded9-1d69-4648-a4a5-1116b15843fb-groupManagement] INFO  server.RaftServerConfigKeys (ConfUtils.java:logGet(46)) - raft.server.log.use.memory = false (default)
2023-08-25 08:50:56,018 [6f59ded9-1d69-4648-a4a5-1116b15843fb-groupManagement] INFO  server.RaftServerConfigKeys (ConfUtils.java:logGet(46)) - raft.server.log.purge.gap = 1000000 (custom)
2023-08-25 08:50:56,018 [6f59ded9-1d69-4648-a4a5-1116b15843fb-groupManagement] INFO  server.RaftServerConfigKeys (ConfUtils.java:logGet(46)) - raft.server.log.appender.buffer.byte-limit = 33554432 (custom)
2023-08-25 08:50:56,018 [6f59ded9-1d69-4648-a4a5-1116b15843fb-groupManagement] INFO  server.RaftServerConfigKeys (ConfUtils.java:logGet(46)) - raft.server.log.statemachine.data.read.timeout = 1000ms (default)
2023-08-25 08:50:56,018 [6f59ded9-1d69-4648-a4a5-1116b15843fb-groupManagement] INFO  server.RaftServerConfigKeys (ConfUtils.java:logGet(46)) - raft.server.log.purge.preservation.log.num = 0 (default)
2023-08-25 08:50:56,020 [6f59ded9-1d69-4648-a4a5-1116b15843fb-groupManagement] INFO  server.RaftServerConfigKeys (ConfUtils.java:logGet(46)) - raft.server.log.segment.size.max = 1048576 (custom)
2023-08-25 08:50:56,021 [6f59ded9-1d69-4648-a4a5-1116b15843fb-groupManagement] INFO  server.RaftServerConfigKeys (ConfUtils.java:logGet(46)) - raft.server.log.segment.cache.num.max = 2 (custom)
2023-08-25 08:50:56,021 [6f59ded9-1d69-4648-a4a5-1116b15843fb-groupManagement] INFO  server.RaftServerConfigKeys (ConfUtils.java:logGet(46)) - raft.server.log.segment.cache.size.max = 200MB (=209715200) (default)
2023-08-25 08:50:56,021 [6f59ded9-1d69-4648-a4a5-1116b15843fb-groupManagement] INFO  server.RaftServerConfigKeys (ConfUtils.java:logGet(46)) - raft.server.log.appender.buffer.byte-limit = 33554432 (custom)
2023-08-25 08:50:56,021 [6f59ded9-1d69-4648-a4a5-1116b15843fb-groupManagement] INFO  segmented.SegmentedRaftLogWorker (SegmentedRaftLogWorker.java:<init>(188)) - new 6f59ded9-1d69-4648-a4a5-1116b15843fb@group-32B8677FEACD-SegmentedRaftLogWorker for RaftStorageImpl:Storage Directory /home/runner/work/ozone/ozone/hadoop-ozone/integration-test/target/test-dir/MiniOzoneClusterImpl-289e54f1-59ef-4028-876b-aa1b67627a4d/datanode-0/data/ratis/761ab50f-7aa3-4294-82e9-32b8677feacd
2023-08-25 08:50:56,022 [6f59ded9-1d69-4648-a4a5-1116b15843fb-groupManagement] INFO  server.RaftServerConfigKeys (ConfUtils.java:logGet(46)) - raft.server.log.queue.byte-limit = 4294967296 (custom)
2023-08-25 08:50:56,022 [6f59ded9-1d69-4648-a4a5-1116b15843fb-groupManagement] INFO  server.RaftServerConfigKeys (ConfUtils.java:logGet(46)) - raft.server.log.queue.element-limit = 1024 (custom)
2023-08-25 08:50:56,022 [6f59ded9-1d69-4648-a4a5-1116b15843fb-groupManagement] INFO  server.RaftServerConfigKeys (ConfUtils.java:logGet(46)) - raft.server.log.segment.size.max = 1048576 (custom)
2023-08-25 08:50:56,022 [6f59ded9-1d69-4648-a4a5-1116b15843fb-groupManagement] INFO  server.RaftServerConfigKeys (ConfUtils.java:logGet(46)) - raft.server.log.preallocated.size = 16384 (custom)
2023-08-25 08:50:56,022 [6f59ded9-1d69-4648-a4a5-1116b15843fb-groupManagement] INFO  server.RaftServerConfigKeys (ConfUtils.java:logGet(46)) - raft.server.log.force.sync.num = 128 (default)
2023-08-25 08:50:56,022 [6f59ded9-1d69-4648-a4a5-1116b15843fb-groupManagement] INFO  server.RaftServerConfigKeys (ConfUtils.java:logGet(46)) - raft.server.log.statemachine.data.sync = true (default)
2023-08-25 08:50:56,022 [6f59ded9-1d69-4648-a4a5-1116b15843fb-groupManagement] INFO  server.RaftServerConfigKeys (ConfUtils.java:logGet(46)) - raft.server.log.statemachine.data.sync.timeout = 10s (default)
2023-08-25 08:50:56,022 [6f59ded9-1d69-4648-a4a5-1116b15843fb-groupManagement] INFO  server.RaftServerConfigKeys (ConfUtils.java:logGet(46)) - raft.server.log.statemachine.data.sync.timeout.retry = -1 (default)
2023-08-25 08:50:56,024 [6f59ded9-1d69-4648-a4a5-1116b15843fb-groupManagement] INFO  server.RaftServerConfigKeys (ConfUtils.java:logGet(46)) - raft.server.log.write.buffer.size = 1048576 (custom)
2023-08-25 08:50:56,037 [EventQueue-PipelineReportForPipelineReportHandler] INFO  pipeline.PipelineReportHandler (PipelineReportHandler.java:processPipelineReport(136)) - Opened pipeline PipelineID=761ab50f-7aa3-4294-82e9-32b8677feacd
2023-08-25 08:50:56,039 [6f59ded9-1d69-4648-a4a5-1116b15843fb-groupManagement] INFO  server.RaftServerConfigKeys (ConfUtils.java:logGet(46)) - raft.server.log.appender.buffer.byte-limit = 33554432 (custom)
2023-08-25 08:50:56,039 [EventQueue-OpenPipelineForHealthyPipelineSafeModeRule] INFO  safemode.SCMSafeModeManager (HealthyPipelineSafeModeRule.java:process(137)) - SCM in safe mode. Healthy pipelines reported count is 0, required healthy pipeline reported count is 1
2023-08-25 08:50:56,045 [6f59ded9-1d69-4648-a4a5-1116b15843fb-groupManagement] INFO  server.RaftServerConfigKeys (ConfUtils.java:logGet(46)) - raft.server.log.unsafe-flush.enabled = false (default)
2023-08-25 08:50:56,045 [6f59ded9-1d69-4648-a4a5-1116b15843fb-groupManagement] INFO  server.RaftServerConfigKeys (ConfUtils.java:logGet(46)) - raft.server.log.async-flush.enabled = false (default)
2023-08-25 08:50:56,046 [6f59ded9-1d69-4648-a4a5-1116b15843fb-groupManagement] INFO  server.RaftServerConfigKeys (ConfUtils.java:logGet(46)) - raft.server.log.statemachine.data.caching.enabled = true (custom)
2023-08-25 08:50:56,046 [6f59ded9-1d69-4648-a4a5-1116b15843fb-groupManagement] INFO  segmented.SegmentedRaftLogWorker (SegmentedRaftLogWorker.java:lambda$new$0(135)) - 6f59ded9-1d69-4648-a4a5-1116b15843fb@group-32B8677FEACD-SegmentedRaftLogWorker: flushIndex: setUnconditionally 0 -> -1
2023-08-25 08:50:56,046 [6f59ded9-1d69-4648-a4a5-1116b15843fb-groupManagement] INFO  segmented.SegmentedRaftLogWorker (SegmentedRaftLogWorker.java:lambda$new$0(135)) - 6f59ded9-1d69-4648-a4a5-1116b15843fb@group-32B8677FEACD-SegmentedRaftLogWorker: safeCacheEvictIndex: setUnconditionally 0 -> -1
2023-08-25 08:50:56,046 [6f59ded9-1d69-4648-a4a5-1116b15843fb-groupManagement] INFO  server.RaftServer$Division (RaftServerImpl.java:start(342)) - 6f59ded9-1d69-4648-a4a5-1116b15843fb@group-32B8677FEACD: start as a follower, conf=-1: peers:[6f59ded9-1d69-4648-a4a5-1116b15843fb|rpc:10.1.0.19:15014|admin:10.1.0.19:15013|client:10.1.0.19:15012|dataStream:10.1.0.19:15015|priority:1|startupRole:FOLLOWER]|listeners:[], old=null
2023-08-25 08:50:56,047 [6f59ded9-1d69-4648-a4a5-1116b15843fb-groupManagement] INFO  server.RaftServer$Division (RaftServerImpl.java:setRole(329)) - 6f59ded9-1d69-4648-a4a5-1116b15843fb@group-32B8677FEACD: changes role from      null to FOLLOWER at term 0 for startAsFollower
2023-08-25 08:50:56,047 [6f59ded9-1d69-4648-a4a5-1116b15843fb-groupManagement] INFO  impl.RoleInfo (RoleInfo.java:updateAndGet(139)) - 6f59ded9-1d69-4648-a4a5-1116b15843fb: start 6f59ded9-1d69-4648-a4a5-1116b15843fb@group-32B8677FEACD-FollowerState
2023-08-25 08:50:56,047 [6f59ded9-1d69-4648-a4a5-1116b15843fb@group-32B8677FEACD-FollowerState] INFO  server.RaftServerConfigKeys (ConfUtils.java:logFallback(53)) - raft.server.rpc.first-election.timeout.min = 5s (fallback to raft.server.rpc.timeout.min)
2023-08-25 08:50:56,047 [6f59ded9-1d69-4648-a4a5-1116b15843fb@group-32B8677FEACD-FollowerState] INFO  server.RaftServerConfigKeys (ConfUtils.java:logFallback(53)) - raft.server.rpc.first-election.timeout.max = 5200ms (fallback to raft.server.rpc.timeout.max)
2023-08-25 08:50:56,050 [6f59ded9-1d69-4648-a4a5-1116b15843fb-groupManagement] INFO  util.JmxRegister (JmxRegister.java:tryRegister(44)) - Successfully registered JMX Bean with object name Ratis:service=RaftServer,group=group-32B8677FEACD,id=6f59ded9-1d69-4648-a4a5-1116b15843fb
2023-08-25 08:50:56,050 [6f59ded9-1d69-4648-a4a5-1116b15843fb-groupManagement] INFO  server.RaftServerConfigKeys (ConfUtils.java:logGet(46)) - raft.server.snapshot.auto.trigger.enabled = true (custom)
2023-08-25 08:50:56,050 [6f59ded9-1d69-4648-a4a5-1116b15843fb-groupManagement] INFO  server.RaftServerConfigKeys (ConfUtils.java:logGet(46)) - raft.server.snapshot.auto.trigger.threshold = 10000 (custom)
2023-08-25 08:50:56,051 [6f59ded9-1d69-4648-a4a5-1116b15843fb-groupManagement] INFO  server.RaftServerConfigKeys (ConfUtils.java:logGet(46)) - raft.server.snapshot.retention.file.num = 5 (custom)
2023-08-25 08:50:56,051 [6f59ded9-1d69-4648-a4a5-1116b15843fb-groupManagement] INFO  server.RaftServerConfigKeys (ConfUtils.java:logGet(46)) - raft.server.log.purge.upto.snapshot.index = false (default)
2023-08-25 08:50:56,059 [PipelineCommandHandlerThread-0] INFO  ratis.XceiverServerRatis (XceiverServerRatis.java:addGroup(804)) - Created group PipelineID=761ab50f-7aa3-4294-82e9-32b8677feacd
2023-08-25 08:50:56,059 [PipelineCommandHandlerThread-0] INFO  commandhandler.CreatePipelineCommandHandler (CreatePipelineCommandHandler.java:lambda$handle$2(124)) - Created Pipeline RATIS ONE PipelineID=761ab50f-7aa3-4294-82e9-32b8677feacd.
2023-08-25 08:50:56,060 [PipelineCommandHandlerThread-0] INFO  server.RaftServer (RaftServerProxy.java:addNew(98)) - 6f59ded9-1d69-4648-a4a5-1116b15843fb: addNew group-2A842429A16A:[722a3cfd-0cb3-45bd-9dad-85df9dd4c55e|rpc:10.1.0.19:15032|admin:10.1.0.19:15031|client:10.1.0.19:15030|dataStream:10.1.0.19:15033|priority:1|startupRole:FOLLOWER, 6f59ded9-1d69-4648-a4a5-1116b15843fb|rpc:10.1.0.19:15014|admin:10.1.0.19:15013|client:10.1.0.19:15012|dataStream:10.1.0.19:15015|priority:0|startupRole:FOLLOWER, 5e5d2cfb-a693-459c-b621-520c42fdac66|rpc:10.1.0.19:15023|admin:10.1.0.19:15022|client:10.1.0.19:15021|dataStream:10.1.0.19:15024|priority:0|startupRole:FOLLOWER] returns group-2A842429A16A:java.util.concurrent.CompletableFuture@4acfae97[Not completed]
2023-08-25 08:50:56,061 [6f59ded9-1d69-4648-a4a5-1116b15843fb-groupManagement] INFO  server.RaftServer$Division (RaftServerImpl.java:<init>(198)) - 6f59ded9-1d69-4648-a4a5-1116b15843fb: new RaftServerImpl for group-2A842429A16A:[722a3cfd-0cb3-45bd-9dad-85df9dd4c55e|rpc:10.1.0.19:15032|admin:10.1.0.19:15031|client:10.1.0.19:15030|dataStream:10.1.0.19:15033|priority:1|startupRole:FOLLOWER, 6f59ded9-1d69-4648-a4a5-1116b15843fb|rpc:10.1.0.19:15014|admin:10.1.0.19:15013|client:10.1.0.19:15012|dataStream:10.1.0.19:15015|priority:0|startupRole:FOLLOWER, 5e5d2cfb-a693-459c-b621-520c42fdac66|rpc:10.1.0.19:15023|admin:10.1.0.19:15022|client:10.1.0.19:15021|dataStream:10.1.0.19:15024|priority:0|startupRole:FOLLOWER] with ContainerStateMachine:uninitialized
2023-08-25 08:50:56,061 [6f59ded9-1d69-4648-a4a5-1116b15843fb-groupManagement] INFO  server.RaftServerConfigKeys (ConfUtils.java:logGet(46)) - raft.server.rpc.timeout.min = 5s (custom)
2023-08-25 08:50:56,061 [6f59ded9-1d69-4648-a4a5-1116b15843fb-groupManagement] INFO  server.RaftServerConfigKeys (ConfUtils.java:logGet(46)) - raft.server.rpc.timeout.max = 5200ms (custom)
2023-08-25 08:50:56,061 [6f59ded9-1d69-4648-a4a5-1116b15843fb-groupManagement] INFO  server.RaftServerConfigKeys (ConfUtils.java:logGet(46)) - raft.server.rpc.sleep.time = 25ms (default)
2023-08-25 08:50:56,061 [6f59ded9-1d69-4648-a4a5-1116b15843fb-groupManagement] INFO  server.RaftServerConfigKeys (ConfUtils.java:logGet(46)) - raft.server.rpc.slowness.timeout = 300s (custom)
2023-08-25 08:50:56,061 [6f59ded9-1d69-4648-a4a5-1116b15843fb-groupManagement] INFO  server.RaftServerConfigKeys (ConfUtils.java:logGet(46)) - raft.server.leaderelection.leader.step-down.wait-time = 10s (default)
2023-08-25 08:50:56,062 [6f59ded9-1d69-4648-a4a5-1116b15843fb-groupManagement] INFO  server.RaftServerConfigKeys (ConfUtils.java:logGet(46)) - raft.server.sleep.deviation.threshold = 300ms (default)
2023-08-25 08:50:56,062 [6f59ded9-1d69-4648-a4a5-1116b15843fb-groupManagement] INFO  server.RaftServer$Division (ServerState.java:<init>(120)) - 6f59ded9-1d69-4648-a4a5-1116b15843fb@group-2A842429A16A: ConfigurationManager, init=-1: peers:[722a3cfd-0cb3-45bd-9dad-85df9dd4c55e|rpc:10.1.0.19:15032|admin:10.1.0.19:15031|client:10.1.0.19:15030|dataStream:10.1.0.19:15033|priority:1|startupRole:FOLLOWER, 6f59ded9-1d69-4648-a4a5-1116b15843fb|rpc:10.1.0.19:15014|admin:10.1.0.19:15013|client:10.1.0.19:15012|dataStream:10.1.0.19:15015|priority:0|startupRole:FOLLOWER, 5e5d2cfb-a693-459c-b621-520c42fdac66|rpc:10.1.0.19:15023|admin:10.1.0.19:15022|client:10.1.0.19:15021|dataStream:10.1.0.19:15024|priority:0|startupRole:FOLLOWER]|listeners:[], old=null, confs=<EMPTY_MAP>
2023-08-25 08:50:56,062 [6f59ded9-1d69-4648-a4a5-1116b15843fb-groupManagement] INFO  server.RaftServerConfigKeys (ConfUtils.java:logGet(46)) - raft.server.storage.dir = [/home/runner/work/ozone/ozone/hadoop-ozone/integration-test/target/test-dir/MiniOzoneClusterImpl-289e54f1-59ef-4028-876b-aa1b67627a4d/datanode-0/data/ratis] (custom)
2023-08-25 08:50:56,062 [6f59ded9-1d69-4648-a4a5-1116b15843fb-groupManagement] INFO  server.RaftServerConfigKeys (ConfUtils.java:logGet(46)) - raft.server.log.corruption.policy = EXCEPTION (default)
2023-08-25 08:50:56,062 [6f59ded9-1d69-4648-a4a5-1116b15843fb-groupManagement] INFO  server.RaftServerConfigKeys (ConfUtils.java:logGet(46)) - raft.server.storage.free-space.min = 0MB (=0) (default)
2023-08-25 08:50:56,062 [6f59ded9-1d69-4648-a4a5-1116b15843fb-groupManagement] INFO  server.RaftServerConfigKeys (ConfUtils.java:logGet(46)) - raft.server.notification.no-leader.timeout = 300s (custom)
2023-08-25 08:50:56,062 [6f59ded9-1d69-4648-a4a5-1116b15843fb-groupManagement] INFO  server.RaftServerConfigKeys (ConfUtils.java:logGet(46)) - raft.server.read.timeout = 10s (default)
2023-08-25 08:50:56,062 [6f59ded9-1d69-4648-a4a5-1116b15843fb-groupManagement] INFO  server.RaftServerConfigKeys (ConfUtils.java:logGet(46)) - raft.server.retrycache.expirytime = 600000ms (custom)
2023-08-25 08:50:56,062 [6f59ded9-1d69-4648-a4a5-1116b15843fb-groupManagement] INFO  server.RaftServerConfigKeys (ConfUtils.java:logGet(46)) - raft.server.retrycache.statistics.expirytime = 100μs (default)
2023-08-25 08:50:56,063 [6f59ded9-1d69-4648-a4a5-1116b15843fb-groupManagement] INFO  server.RaftServerConfigKeys (ConfUtils.java:logGet(46)) - raft.server.read.option = DEFAULT (default)
2023-08-25 08:50:56,065 [6f59ded9-1d69-4648-a4a5-1116b15843fb-groupManagement] INFO  server.RaftServerConfigKeys (ConfUtils.java:logGet(46)) - raft.server.rpc.request.timeout = 60s (custom)
2023-08-25 08:50:56,065 [6f59ded9-1d69-4648-a4a5-1116b15843fb-groupManagement] INFO  server.RaftServerConfigKeys (ConfUtils.java:logGet(46)) - raft.server.log.appender.install.snapshot.enabled = false (custom)
2023-08-25 08:50:56,065 [6f59ded9-1d69-4648-a4a5-1116b15843fb-groupManagement] INFO  server.RaftServerConfigKeys (ConfUtils.java:logGet(46)) - raft.server.threadpool.server.cached = true (default)
2023-08-25 08:50:56,065 [6f59ded9-1d69-4648-a4a5-1116b15843fb-groupManagement] INFO  server.RaftServerConfigKeys (ConfUtils.java:logGet(46)) - raft.server.threadpool.server.size = 0 (default)
2023-08-25 08:50:56,065 [6f59ded9-1d69-4648-a4a5-1116b15843fb-groupManagement] INFO  server.RaftServerConfigKeys (ConfUtils.java:logGet(46)) - raft.server.threadpool.client.cached = true (default)
2023-08-25 08:50:56,065 [6f59ded9-1d69-4648-a4a5-1116b15843fb-groupManagement] INFO  server.RaftServerConfigKeys (ConfUtils.java:logGet(46)) - raft.server.threadpool.client.size = 0 (default)
2023-08-25 08:50:56,065 [6f59ded9-1d69-4648-a4a5-1116b15843fb-groupManagement] INFO  storage.RaftStorageDirectory (RaftStorageDirectoryImpl.java:analyzeStorage(137)) - The storage directory /home/runner/work/ozone/ozone/hadoop-ozone/integration-test/target/test-dir/MiniOzoneClusterImpl-289e54f1-59ef-4028-876b-aa1b67627a4d/datanode-0/data/ratis/809e3c79-4f70-494e-a9e8-2a842429a16a does not exist. Creating ...
2023-08-25 08:50:56,066 [6f59ded9-1d69-4648-a4a5-1116b15843fb-groupManagement] INFO  storage.RaftStorageDirectory (RaftStorageDirectoryImpl.java:tryLock(231)) - Lock on /home/runner/work/ozone/ozone/hadoop-ozone/integration-test/target/test-dir/MiniOzoneClusterImpl-289e54f1-59ef-4028-876b-aa1b67627a4d/datanode-0/data/ratis/809e3c79-4f70-494e-a9e8-2a842429a16a/in_use.lock acquired by nodename 30217@fv-az584-689
2023-08-25 08:50:56,070 [6f59ded9-1d69-4648-a4a5-1116b15843fb-groupManagement] INFO  storage.RaftStorage (RaftStorageImpl.java:format(96)) - Storage directory /home/runner/work/ozone/ozone/hadoop-ozone/integration-test/target/test-dir/MiniOzoneClusterImpl-289e54f1-59ef-4028-876b-aa1b67627a4d/datanode-0/data/ratis/809e3c79-4f70-494e-a9e8-2a842429a16a has been successfully formatted.
2023-08-25 08:50:56,070 [6f59ded9-1d69-4648-a4a5-1116b15843fb-groupManagement] INFO  ratis.ContainerStateMachine (ContainerStateMachine.java:loadSnapshot(262)) - group-2A842429A16A: The snapshot info is null. Setting the last applied indexto:(t:0, i:~)
2023-08-25 08:50:56,071 [6f59ded9-1d69-4648-a4a5-1116b15843fb-groupManagement] INFO  server.RaftServerConfigKeys (ConfUtils.java:logGet(46)) - raft.server.log.use.memory = false (default)
2023-08-25 08:50:56,071 [6f59ded9-1d69-4648-a4a5-1116b15843fb-groupManagement] INFO  server.RaftServerConfigKeys (ConfUtils.java:logGet(46)) - raft.server.log.purge.gap = 1000000 (custom)
2023-08-25 08:50:56,071 [6f59ded9-1d69-4648-a4a5-1116b15843fb-groupManagement] INFO  server.RaftServerConfigKeys (ConfUtils.java:logGet(46)) - raft.server.log.appender.buffer.byte-limit = 33554432 (custom)
2023-08-25 08:50:56,071 [6f59ded9-1d69-4648-a4a5-1116b15843fb-groupManagement] INFO  server.RaftServerConfigKeys (ConfUtils.java:logGet(46)) - raft.server.log.statemachine.data.read.timeout = 1000ms (default)
2023-08-25 08:50:56,072 [6f59ded9-1d69-4648-a4a5-1116b15843fb-groupManagement] INFO  server.RaftServerConfigKeys (ConfUtils.java:logGet(46)) - raft.server.log.purge.preservation.log.num = 0 (default)
2023-08-25 08:50:56,073 [6f59ded9-1d69-4648-a4a5-1116b15843fb-groupManagement] INFO  server.RaftServerConfigKeys (ConfUtils.java:logGet(46)) - raft.server.log.segment.size.max = 1048576 (custom)
2023-08-25 08:50:56,073 [6f59ded9-1d69-4648-a4a5-1116b15843fb-groupManagement] INFO  server.RaftServerConfigKeys (ConfUtils.java:logGet(46)) - raft.server.log.segment.cache.num.max = 2 (custom)
2023-08-25 08:50:56,074 [6f59ded9-1d69-4648-a4a5-1116b15843fb-groupManagement] INFO  server.RaftServerConfigKeys (ConfUtils.java:logGet(46)) - raft.server.log.segment.cache.size.max = 200MB (=209715200) (default)
2023-08-25 08:50:56,074 [6f59ded9-1d69-4648-a4a5-1116b15843fb-groupManagement] INFO  server.RaftServerConfigKeys (ConfUtils.java:logGet(46)) - raft.server.log.appender.buffer.byte-limit = 33554432 (custom)
2023-08-25 08:50:56,074 [6f59ded9-1d69-4648-a4a5-1116b15843fb-groupManagement] INFO  segmented.SegmentedRaftLogWorker (SegmentedRaftLogWorker.java:<init>(188)) - new 6f59ded9-1d69-4648-a4a5-1116b15843fb@group-2A842429A16A-SegmentedRaftLogWorker for RaftStorageImpl:Storage Directory /home/runner/work/ozone/ozone/hadoop-ozone/integration-test/target/test-dir/MiniOzoneClusterImpl-289e54f1-59ef-4028-876b-aa1b67627a4d/datanode-0/data/ratis/809e3c79-4f70-494e-a9e8-2a842429a16a
2023-08-25 08:50:56,074 [6f59ded9-1d69-4648-a4a5-1116b15843fb-groupManagement] INFO  server.RaftServerConfigKeys (ConfUtils.java:logGet(46)) - raft.server.log.queue.byte-limit = 4294967296 (custom)
2023-08-25 08:50:56,074 [6f59ded9-1d69-4648-a4a5-1116b15843fb-groupManagement] INFO  server.RaftServerConfigKeys (ConfUtils.java:logGet(46)) - raft.server.log.queue.element-limit = 1024 (custom)
2023-08-25 08:50:56,074 [6f59ded9-1d69-4648-a4a5-1116b15843fb-groupManagement] INFO  server.RaftServerConfigKeys (ConfUtils.java:logGet(46)) - raft.server.log.segment.size.max = 1048576 (custom)
2023-08-25 08:50:56,074 [6f59ded9-1d69-4648-a4a5-1116b15843fb-groupManagement] INFO  server.RaftServerConfigKeys (ConfUtils.java:logGet(46)) - raft.server.log.preallocated.size = 16384 (custom)
2023-08-25 08:50:56,074 [6f59ded9-1d69-4648-a4a5-1116b15843fb-groupManagement] INFO  server.RaftServerConfigKeys (ConfUtils.java:logGet(46)) - raft.server.log.force.sync.num = 128 (default)
2023-08-25 08:50:56,074 [6f59ded9-1d69-4648-a4a5-1116b15843fb-groupManagement] INFO  server.RaftServerConfigKeys (ConfUtils.java:logGet(46)) - raft.server.log.statemachine.data.sync = true (default)
2023-08-25 08:50:56,074 [6f59ded9-1d69-4648-a4a5-1116b15843fb-groupManagement] INFO  server.RaftServerConfigKeys (ConfUtils.java:logGet(46)) - raft.server.log.statemachine.data.sync.timeout = 10s (default)
2023-08-25 08:50:56,074 [6f59ded9-1d69-4648-a4a5-1116b15843fb-groupManagement] INFO  server.RaftServerConfigKeys (ConfUtils.java:logGet(46)) - raft.server.log.statemachine.data.sync.timeout.retry = -1 (default)
2023-08-25 08:50:56,074 [EventQueue-OpenPipelineForHealthyPipelineSafeModeRule] INFO  safemode.SCMSafeModeManager (HealthyPipelineSafeModeRule.java:process(137)) - SCM in safe mode. Healthy pipelines reported count is 0, required healthy pipeline reported count is 1
2023-08-25 08:50:56,077 [6f59ded9-1d69-4648-a4a5-1116b15843fb-groupManagement] INFO  server.RaftServerConfigKeys (ConfUtils.java:logGet(46)) - raft.server.log.write.buffer.size = 1048576 (custom)
2023-08-25 08:50:56,078 [6f59ded9-1d69-4648-a4a5-1116b15843fb-groupManagement] INFO  server.RaftServerConfigKeys (ConfUtils.java:logGet(46)) - raft.server.log.appender.buffer.byte-limit = 33554432 (custom)
2023-08-25 08:50:56,083 [6f59ded9-1d69-4648-a4a5-1116b15843fb-groupManagement] INFO  server.RaftServerConfigKeys (ConfUtils.java:logGet(46)) - raft.server.log.unsafe-flush.enabled = false (default)
2023-08-25 08:50:56,083 [6f59ded9-1d69-4648-a4a5-1116b15843fb-groupManagement] INFO  server.RaftServerConfigKeys (ConfUtils.java:logGet(46)) - raft.server.log.async-flush.enabled = false (default)
2023-08-25 08:50:56,083 [6f59ded9-1d69-4648-a4a5-1116b15843fb-groupManagement] INFO  server.RaftServerConfigKeys (ConfUtils.java:logGet(46)) - raft.server.log.statemachine.data.caching.enabled = true (custom)
2023-08-25 08:50:56,084 [6f59ded9-1d69-4648-a4a5-1116b15843fb-groupManagement] INFO  segmented.SegmentedRaftLogWorker (SegmentedRaftLogWorker.java:lambda$new$0(135)) - 6f59ded9-1d69-4648-a4a5-1116b15843fb@group-2A842429A16A-SegmentedRaftLogWorker: flushIndex: setUnconditionally 0 -> -1
2023-08-25 08:50:56,084 [6f59ded9-1d69-4648-a4a5-1116b15843fb-groupManagement] INFO  segmented.SegmentedRaftLogWorker (SegmentedRaftLogWorker.java:lambda$new$0(135)) - 6f59ded9-1d69-4648-a4a5-1116b15843fb@group-2A842429A16A-SegmentedRaftLogWorker: safeCacheEvictIndex: setUnconditionally 0 -> -1
2023-08-25 08:50:56,084 [6f59ded9-1d69-4648-a4a5-1116b15843fb-groupManagement] INFO  server.RaftServer$Division (RaftServerImpl.java:start(342)) - 6f59ded9-1d69-4648-a4a5-1116b15843fb@group-2A842429A16A: start as a follower, conf=-1: peers:[722a3cfd-0cb3-45bd-9dad-85df9dd4c55e|rpc:10.1.0.19:15032|admin:10.1.0.19:15031|client:10.1.0.19:15030|dataStream:10.1.0.19:15033|priority:1|startupRole:FOLLOWER, 6f59ded9-1d69-4648-a4a5-1116b15843fb|rpc:10.1.0.19:15014|admin:10.1.0.19:15013|client:10.1.0.19:15012|dataStream:10.1.0.19:15015|priority:0|startupRole:FOLLOWER, 5e5d2cfb-a693-459c-b621-520c42fdac66|rpc:10.1.0.19:15023|admin:10.1.0.19:15022|client:10.1.0.19:15021|dataStream:10.1.0.19:15024|priority:0|startupRole:FOLLOWER]|listeners:[], old=null
2023-08-25 08:50:56,084 [6f59ded9-1d69-4648-a4a5-1116b15843fb-groupManagement] INFO  server.RaftServer$Division (RaftServerImpl.java:setRole(329)) - 6f59ded9-1d69-4648-a4a5-1116b15843fb@group-2A842429A16A: changes role from      null to FOLLOWER at term 0 for startAsFollower
2023-08-25 08:50:56,084 [6f59ded9-1d69-4648-a4a5-1116b15843fb-groupManagement] INFO  impl.RoleInfo (RoleInfo.java:updateAndGet(139)) - 6f59ded9-1d69-4648-a4a5-1116b15843fb: start 6f59ded9-1d69-4648-a4a5-1116b15843fb@group-2A842429A16A-FollowerState
2023-08-25 08:50:56,089 [6f59ded9-1d69-4648-a4a5-1116b15843fb-groupManagement] INFO  util.JmxRegister (JmxRegister.java:tryRegister(44)) - Successfully registered JMX Bean with object name Ratis:service=RaftServer,group=group-2A842429A16A,id=6f59ded9-1d69-4648-a4a5-1116b15843fb
2023-08-25 08:50:56,089 [6f59ded9-1d69-4648-a4a5-1116b15843fb@group-2A842429A16A-FollowerState] INFO  server.RaftServerConfigKeys (ConfUtils.java:logFallback(53)) - raft.server.rpc.first-election.timeout.min = 5s (fallback to raft.server.rpc.timeout.min)
2023-08-25 08:50:56,090 [6f59ded9-1d69-4648-a4a5-1116b15843fb-groupManagement] INFO  server.RaftServerConfigKeys (ConfUtils.java:logGet(46)) - raft.server.snapshot.auto.trigger.enabled = true (custom)
2023-08-25 08:50:56,091 [6f59ded9-1d69-4648-a4a5-1116b15843fb@group-2A842429A16A-FollowerState] INFO  server.RaftServerConfigKeys (ConfUtils.java:logFallback(53)) - raft.server.rpc.first-election.timeout.max = 5200ms (fallback to raft.server.rpc.timeout.max)
2023-08-25 08:50:56,091 [6f59ded9-1d69-4648-a4a5-1116b15843fb-groupManagement] INFO  server.RaftServerConfigKeys (ConfUtils.java:logGet(46)) - raft.server.snapshot.auto.trigger.threshold = 10000 (custom)
2023-08-25 08:50:56,091 [6f59ded9-1d69-4648-a4a5-1116b15843fb-groupManagement] INFO  server.RaftServerConfigKeys (ConfUtils.java:logGet(46)) - raft.server.snapshot.retention.file.num = 5 (custom)
2023-08-25 08:50:56,091 [6f59ded9-1d69-4648-a4a5-1116b15843fb-groupManagement] INFO  server.RaftServerConfigKeys (ConfUtils.java:logGet(46)) - raft.server.log.purge.upto.snapshot.index = false (default)
2023-08-25 08:50:56,093 [PipelineCommandHandlerThread-0] INFO  ratis.XceiverServerRatis (XceiverServerRatis.java:addGroup(804)) - Created group PipelineID=809e3c79-4f70-494e-a9e8-2a842429a16a
2023-08-25 08:50:56,476 [PipelineCommandHandlerThread-0] INFO  server.RaftServer (RaftServerProxy.java:addNew(98)) - 5e5d2cfb-a693-459c-b621-520c42fdac66: addNew group-CF9CE7564730:[5e5d2cfb-a693-459c-b621-520c42fdac66|rpc:10.1.0.19:15023|admin:10.1.0.19:15022|client:10.1.0.19:15021|dataStream:10.1.0.19:15024|priority:1|startupRole:FOLLOWER] returns group-CF9CE7564730:java.util.concurrent.CompletableFuture@1dbc778b[Not completed]
2023-08-25 08:50:56,482 [5e5d2cfb-a693-459c-b621-520c42fdac66-groupManagement] INFO  server.RaftServer$Division (RaftServerImpl.java:<init>(198)) - 5e5d2cfb-a693-459c-b621-520c42fdac66: new RaftServerImpl for group-CF9CE7564730:[5e5d2cfb-a693-459c-b621-520c42fdac66|rpc:10.1.0.19:15023|admin:10.1.0.19:15022|client:10.1.0.19:15021|dataStream:10.1.0.19:15024|priority:1|startupRole:FOLLOWER] with ContainerStateMachine:uninitialized
2023-08-25 08:50:56,482 [5e5d2cfb-a693-459c-b621-520c42fdac66-groupManagement] INFO  server.RaftServerConfigKeys (ConfUtils.java:logGet(46)) - raft.server.rpc.timeout.min = 5s (custom)
2023-08-25 08:50:56,482 [5e5d2cfb-a693-459c-b621-520c42fdac66-groupManagement] INFO  server.RaftServerConfigKeys (ConfUtils.java:logGet(46)) - raft.server.rpc.timeout.max = 5200ms (custom)
2023-08-25 08:50:56,482 [5e5d2cfb-a693-459c-b621-520c42fdac66-groupManagement] INFO  server.RaftServerConfigKeys (ConfUtils.java:logGet(46)) - raft.server.rpc.sleep.time = 25ms (default)
2023-08-25 08:50:56,482 [5e5d2cfb-a693-459c-b621-520c42fdac66-groupManagement] INFO  server.RaftServerConfigKeys (ConfUtils.java:logGet(46)) - raft.server.rpc.slowness.timeout = 300s (custom)
2023-08-25 08:50:56,482 [5e5d2cfb-a693-459c-b621-520c42fdac66-groupManagement] INFO  server.RaftServerConfigKeys (ConfUtils.java:logGet(46)) - raft.server.leaderelection.leader.step-down.wait-time = 10s (default)
2023-08-25 08:50:56,482 [5e5d2cfb-a693-459c-b621-520c42fdac66-groupManagement] INFO  server.RaftServerConfigKeys (ConfUtils.java:logGet(46)) - raft.server.sleep.deviation.threshold = 300ms (default)
2023-08-25 08:50:56,482 [5e5d2cfb-a693-459c-b621-520c42fdac66-groupManagement] INFO  server.RaftServer$Division (ServerState.java:<init>(120)) - 5e5d2cfb-a693-459c-b621-520c42fdac66@group-CF9CE7564730: ConfigurationManager, init=-1: peers:[5e5d2cfb-a693-459c-b621-520c42fdac66|rpc:10.1.0.19:15023|admin:10.1.0.19:15022|client:10.1.0.19:15021|dataStream:10.1.0.19:15024|priority:1|startupRole:FOLLOWER]|listeners:[], old=null, confs=<EMPTY_MAP>
2023-08-25 08:50:56,482 [5e5d2cfb-a693-459c-b621-520c42fdac66-groupManagement] INFO  server.RaftServerConfigKeys (ConfUtils.java:logGet(46)) - raft.server.storage.dir = [/home/runner/work/ozone/ozone/hadoop-ozone/integration-test/target/test-dir/MiniOzoneClusterImpl-289e54f1-59ef-4028-876b-aa1b67627a4d/datanode-1/data/ratis] (custom)
2023-08-25 08:50:56,483 [5e5d2cfb-a693-459c-b621-520c42fdac66-groupManagement] INFO  server.RaftServerConfigKeys (ConfUtils.java:logGet(46)) - raft.server.log.corruption.policy = EXCEPTION (default)
2023-08-25 08:50:56,483 [5e5d2cfb-a693-459c-b621-520c42fdac66-groupManagement] INFO  server.RaftServerConfigKeys (ConfUtils.java:logGet(46)) - raft.server.storage.free-space.min = 0MB (=0) (default)
2023-08-25 08:50:56,483 [5e5d2cfb-a693-459c-b621-520c42fdac66-groupManagement] INFO  server.RaftServerConfigKeys (ConfUtils.java:logGet(46)) - raft.server.notification.no-leader.timeout = 300s (custom)
2023-08-25 08:50:56,483 [5e5d2cfb-a693-459c-b621-520c42fdac66-groupManagement] INFO  server.RaftServerConfigKeys (ConfUtils.java:logGet(46)) - raft.server.read.timeout = 10s (default)
2023-08-25 08:50:56,483 [5e5d2cfb-a693-459c-b621-520c42fdac66-groupManagement] INFO  server.RaftServerConfigKeys (ConfUtils.java:logGet(46)) - raft.server.retrycache.expirytime = 600000ms (custom)
2023-08-25 08:50:56,483 [5e5d2cfb-a693-459c-b621-520c42fdac66-groupManagement] INFO  server.RaftServerConfigKeys (ConfUtils.java:logGet(46)) - raft.server.retrycache.statistics.expirytime = 100μs (default)
2023-08-25 08:50:56,483 [5e5d2cfb-a693-459c-b621-520c42fdac66-groupManagement] INFO  server.RaftServerConfigKeys (ConfUtils.java:logGet(46)) - raft.server.read.option = DEFAULT (default)
2023-08-25 08:50:56,491 [5e5d2cfb-a693-459c-b621-520c42fdac66-groupManagement] INFO  server.RaftServerConfigKeys (ConfUtils.java:logGet(46)) - raft.server.rpc.request.timeout = 60s (custom)
2023-08-25 08:50:56,491 [5e5d2cfb-a693-459c-b621-520c42fdac66-groupManagement] INFO  server.RaftServerConfigKeys (ConfUtils.java:logGet(46)) - raft.server.log.appender.install.snapshot.enabled = false (custom)
2023-08-25 08:50:56,491 [5e5d2cfb-a693-459c-b621-520c42fdac66-groupManagement] INFO  server.RaftServerConfigKeys (ConfUtils.java:logGet(46)) - raft.server.threadpool.server.cached = true (default)
2023-08-25 08:50:56,491 [5e5d2cfb-a693-459c-b621-520c42fdac66-groupManagement] INFO  server.RaftServerConfigKeys (ConfUtils.java:logGet(46)) - raft.server.threadpool.server.size = 0 (default)
2023-08-25 08:50:56,491 [5e5d2cfb-a693-459c-b621-520c42fdac66-groupManagement] INFO  server.RaftServerConfigKeys (ConfUtils.java:logGet(46)) - raft.server.threadpool.client.cached = true (default)
2023-08-25 08:50:56,491 [5e5d2cfb-a693-459c-b621-520c42fdac66-groupManagement] INFO  server.RaftServerConfigKeys (ConfUtils.java:logGet(46)) - raft.server.threadpool.client.size = 0 (default)
2023-08-25 08:50:56,491 [5e5d2cfb-a693-459c-b621-520c42fdac66-groupManagement] INFO  storage.RaftStorageDirectory (RaftStorageDirectoryImpl.java:analyzeStorage(137)) - The storage directory /home/runner/work/ozone/ozone/hadoop-ozone/integration-test/target/test-dir/MiniOzoneClusterImpl-289e54f1-59ef-4028-876b-aa1b67627a4d/datanode-1/data/ratis/c11dfaf6-60c9-4270-9942-cf9ce7564730 does not exist. Creating ...
2023-08-25 08:50:56,494 [5e5d2cfb-a693-459c-b621-520c42fdac66-groupManagement] INFO  storage.RaftStorageDirectory (RaftStorageDirectoryImpl.java:tryLock(231)) - Lock on /home/runner/work/ozone/ozone/hadoop-ozone/integration-test/target/test-dir/MiniOzoneClusterImpl-289e54f1-59ef-4028-876b-aa1b67627a4d/datanode-1/data/ratis/c11dfaf6-60c9-4270-9942-cf9ce7564730/in_use.lock acquired by nodename 30217@fv-az584-689
2023-08-25 08:50:56,497 [Time-limited test] INFO  ozone.MiniOzoneClusterImpl (MiniOzoneClusterImpl.java:lambda$waitForClusterToBeReady$0(224)) - Nodes are ready. Got 5 of 5 DN Heartbeats.
2023-08-25 08:50:56,497 [Time-limited test] INFO  ozone.MiniOzoneClusterImpl (MiniOzoneClusterImpl.java:lambda$waitForClusterToBeReady$0(227)) - Waiting for cluster to exit safe mode
2023-08-25 08:50:56,497 [Time-limited test] INFO  ozone.MiniOzoneClusterImpl (MiniOzoneClusterImpl.java:lambda$waitForClusterToBeReady$0(229)) - SCM became leader
2023-08-25 08:50:56,515 [5e5d2cfb-a693-459c-b621-520c42fdac66-groupManagement] INFO  storage.RaftStorage (RaftStorageImpl.java:format(96)) - Storage directory /home/runner/work/ozone/ozone/hadoop-ozone/integration-test/target/test-dir/MiniOzoneClusterImpl-289e54f1-59ef-4028-876b-aa1b67627a4d/datanode-1/data/ratis/c11dfaf6-60c9-4270-9942-cf9ce7564730 has been successfully formatted.
2023-08-25 08:50:56,524 [5e5d2cfb-a693-459c-b621-520c42fdac66-groupManagement] INFO  ratis.ContainerStateMachine (ContainerStateMachine.java:loadSnapshot(262)) - group-CF9CE7564730: The snapshot info is null. Setting the last applied indexto:(t:0, i:~)
2023-08-25 08:50:56,525 [5e5d2cfb-a693-459c-b621-520c42fdac66-groupManagement] INFO  server.RaftServerConfigKeys (ConfUtils.java:logGet(46)) - raft.server.log.use.memory = false (default)
2023-08-25 08:50:56,525 [5e5d2cfb-a693-459c-b621-520c42fdac66-groupManagement] INFO  server.RaftServerConfigKeys (ConfUtils.java:logGet(46)) - raft.server.log.purge.gap = 1000000 (custom)
2023-08-25 08:50:56,525 [5e5d2cfb-a693-459c-b621-520c42fdac66-groupManagement] INFO  server.RaftServerConfigKeys (ConfUtils.java:logGet(46)) - raft.server.log.appender.buffer.byte-limit = 33554432 (custom)
2023-08-25 08:50:56,525 [5e5d2cfb-a693-459c-b621-520c42fdac66-groupManagement] INFO  server.RaftServerConfigKeys (ConfUtils.java:logGet(46)) - raft.server.log.statemachine.data.read.timeout = 1000ms (default)
2023-08-25 08:50:56,527 [5e5d2cfb-a693-459c-b621-520c42fdac66-groupManagement] INFO  server.RaftServerConfigKeys (ConfUtils.java:logGet(46)) - raft.server.log.purge.preservation.log.num = 0 (default)
2023-08-25 08:50:56,527 [5e5d2cfb-a693-459c-b621-520c42fdac66-groupManagement] INFO  server.RaftServerConfigKeys (ConfUtils.java:logGet(46)) - raft.server.log.segment.size.max = 1048576 (custom)
2023-08-25 08:50:56,528 [5e5d2cfb-a693-459c-b621-520c42fdac66-groupManagement] INFO  server.RaftServerConfigKeys (ConfUtils.java:logGet(46)) - raft.server.log.segment.cache.num.max = 2 (custom)
2023-08-25 08:50:56,528 [5e5d2cfb-a693-459c-b621-520c42fdac66-groupManagement] INFO  server.RaftServerConfigKeys (ConfUtils.java:logGet(46)) - raft.server.log.segment.cache.size.max = 200MB (=209715200) (default)
2023-08-25 08:50:56,528 [5e5d2cfb-a693-459c-b621-520c42fdac66-groupManagement] INFO  server.RaftServerConfigKeys (ConfUtils.java:logGet(46)) - raft.server.log.appender.buffer.byte-limit = 33554432 (custom)
2023-08-25 08:50:56,528 [5e5d2cfb-a693-459c-b621-520c42fdac66-groupManagement] INFO  segmented.SegmentedRaftLogWorker (SegmentedRaftLogWorker.java:<init>(188)) - new 5e5d2cfb-a693-459c-b621-520c42fdac66@group-CF9CE7564730-SegmentedRaftLogWorker for RaftStorageImpl:Storage Directory /home/runner/work/ozone/ozone/hadoop-ozone/integration-test/target/test-dir/MiniOzoneClusterImpl-289e54f1-59ef-4028-876b-aa1b67627a4d/datanode-1/data/ratis/c11dfaf6-60c9-4270-9942-cf9ce7564730
2023-08-25 08:50:56,528 [5e5d2cfb-a693-459c-b621-520c42fdac66-groupManagement] INFO  server.RaftServerConfigKeys (ConfUtils.java:logGet(46)) - raft.server.log.queue.byte-limit = 4294967296 (custom)
2023-08-25 08:50:56,528 [5e5d2cfb-a693-459c-b621-520c42fdac66-groupManagement] INFO  server.RaftServerConfigKeys (ConfUtils.java:logGet(46)) - raft.server.log.queue.element-limit = 1024 (custom)
2023-08-25 08:50:56,528 [5e5d2cfb-a693-459c-b621-520c42fdac66-groupManagement] INFO  server.RaftServerConfigKeys (ConfUtils.java:logGet(46)) - raft.server.log.segment.size.max = 1048576 (custom)
2023-08-25 08:50:56,528 [5e5d2cfb-a693-459c-b621-520c42fdac66-groupManagement] INFO  server.RaftServerConfigKeys (ConfUtils.java:logGet(46)) - raft.server.log.preallocated.size = 16384 (custom)
2023-08-25 08:50:56,528 [5e5d2cfb-a693-459c-b621-520c42fdac66-groupManagement] INFO  server.RaftServerConfigKeys (ConfUtils.java:logGet(46)) - raft.server.log.force.sync.num = 128 (default)
2023-08-25 08:50:56,528 [5e5d2cfb-a693-459c-b621-520c42fdac66-groupManagement] INFO  server.RaftServerConfigKeys (ConfUtils.java:logGet(46)) - raft.server.log.statemachine.data.sync = true (default)
2023-08-25 08:50:56,530 [5e5d2cfb-a693-459c-b621-520c42fdac66-groupManagement] INFO  server.RaftServerConfigKeys (ConfUtils.java:logGet(46)) - raft.server.log.statemachine.data.sync.timeout = 10s (default)
2023-08-25 08:50:56,530 [5e5d2cfb-a693-459c-b621-520c42fdac66-groupManagement] INFO  server.RaftServerConfigKeys (ConfUtils.java:logGet(46)) - raft.server.log.statemachine.data.sync.timeout.retry = -1 (default)
2023-08-25 08:50:56,531 [5e5d2cfb-a693-459c-b621-520c42fdac66-groupManagement] INFO  server.RaftServerConfigKeys (ConfUtils.java:logGet(46)) - raft.server.log.write.buffer.size = 1048576 (custom)
2023-08-25 08:50:56,532 [5e5d2cfb-a693-459c-b621-520c42fdac66-groupManagement] INFO  server.RaftServerConfigKeys (ConfUtils.java:logGet(46)) - raft.server.log.appender.buffer.byte-limit = 33554432 (custom)
2023-08-25 08:50:56,529 [EventQueue-PipelineReportForPipelineReportHandler] INFO  pipeline.PipelineReportHandler (PipelineReportHandler.java:processPipelineReport(136)) - Opened pipeline PipelineID=c11dfaf6-60c9-4270-9942-cf9ce7564730
2023-08-25 08:50:56,533 [EventQueue-OpenPipelineForHealthyPipelineSafeModeRule] INFO  safemode.SCMSafeModeManager (HealthyPipelineSafeModeRule.java:process(137)) - SCM in safe mode. Healthy pipelines reported count is 0, required healthy pipeline reported count is 1
2023-08-25 08:50:56,539 [5e5d2cfb-a693-459c-b621-520c42fdac66-groupManagement] INFO  server.RaftServerConfigKeys (ConfUtils.java:logGet(46)) - raft.server.log.unsafe-flush.enabled = false (default)
2023-08-25 08:50:56,539 [5e5d2cfb-a693-459c-b621-520c42fdac66-groupManagement] INFO  server.RaftServerConfigKeys (ConfUtils.java:logGet(46)) - raft.server.log.async-flush.enabled = false (default)
2023-08-25 08:50:56,540 [5e5d2cfb-a693-459c-b621-520c42fdac66-groupManagement] INFO  server.RaftServerConfigKeys (ConfUtils.java:logGet(46)) - raft.server.log.statemachine.data.caching.enabled = true (custom)
2023-08-25 08:50:56,540 [5e5d2cfb-a693-459c-b621-520c42fdac66-groupManagement] INFO  segmented.SegmentedRaftLogWorker (SegmentedRaftLogWorker.java:lambda$new$0(135)) - 5e5d2cfb-a693-459c-b621-520c42fdac66@group-CF9CE7564730-SegmentedRaftLogWorker: flushIndex: setUnconditionally 0 -> -1
2023-08-25 08:50:56,540 [5e5d2cfb-a693-459c-b621-520c42fdac66-groupManagement] INFO  segmented.SegmentedRaftLogWorker (SegmentedRaftLogWorker.java:lambda$new$0(135)) - 5e5d2cfb-a693-459c-b621-520c42fdac66@group-CF9CE7564730-SegmentedRaftLogWorker: safeCacheEvictIndex: setUnconditionally 0 -> -1
2023-08-25 08:50:56,547 [5e5d2cfb-a693-459c-b621-520c42fdac66-groupManagement] INFO  server.RaftServer$Division (RaftServerImpl.java:start(342)) - 5e5d2cfb-a693-459c-b621-520c42fdac66@group-CF9CE7564730: start as a follower, conf=-1: peers:[5e5d2cfb-a693-459c-b621-520c42fdac66|rpc:10.1.0.19:15023|admin:10.1.0.19:15022|client:10.1.0.19:15021|dataStream:10.1.0.19:15024|priority:1|startupRole:FOLLOWER]|listeners:[], old=null
2023-08-25 08:50:56,547 [5e5d2cfb-a693-459c-b621-520c42fdac66-groupManagement] INFO  server.RaftServer$Division (RaftServerImpl.java:setRole(329)) - 5e5d2cfb-a693-459c-b621-520c42fdac66@group-CF9CE7564730: changes role from      null to FOLLOWER at term 0 for startAsFollower
2023-08-25 08:50:56,548 [5e5d2cfb-a693-459c-b621-520c42fdac66-groupManagement] INFO  impl.RoleInfo (RoleInfo.java:updateAndGet(139)) - 5e5d2cfb-a693-459c-b621-520c42fdac66: start 5e5d2cfb-a693-459c-b621-520c42fdac66@group-CF9CE7564730-FollowerState
2023-08-25 08:50:56,549 [5e5d2cfb-a693-459c-b621-520c42fdac66-groupManagement] INFO  util.JmxRegister (JmxRegister.java:tryRegister(44)) - Successfully registered JMX Bean with object name Ratis:service=RaftServer,group=group-CF9CE7564730,id=5e5d2cfb-a693-459c-b621-520c42fdac66
2023-08-25 08:50:56,550 [5e5d2cfb-a693-459c-b621-520c42fdac66-groupManagement] INFO  server.RaftServerConfigKeys (ConfUtils.java:logGet(46)) - raft.server.snapshot.auto.trigger.enabled = true (custom)
2023-08-25 08:50:56,550 [5e5d2cfb-a693-459c-b621-520c42fdac66-groupManagement] INFO  server.RaftServerConfigKeys (ConfUtils.java:logGet(46)) - raft.server.snapshot.auto.trigger.threshold = 10000 (custom)
2023-08-25 08:50:56,551 [5e5d2cfb-a693-459c-b621-520c42fdac66-groupManagement] INFO  server.RaftServerConfigKeys (ConfUtils.java:logGet(46)) - raft.server.snapshot.retention.file.num = 5 (custom)
2023-08-25 08:50:56,551 [5e5d2cfb-a693-459c-b621-520c42fdac66-groupManagement] INFO  server.RaftServerConfigKeys (ConfUtils.java:logGet(46)) - raft.server.log.purge.upto.snapshot.index = false (default)
2023-08-25 08:50:56,553 [PipelineCommandHandlerThread-0] INFO  ratis.XceiverServerRatis (XceiverServerRatis.java:addGroup(804)) - Created group PipelineID=c11dfaf6-60c9-4270-9942-cf9ce7564730
2023-08-25 08:50:56,553 [PipelineCommandHandlerThread-0] INFO  commandhandler.CreatePipelineCommandHandler (CreatePipelineCommandHandler.java:lambda$handle$2(124)) - Created Pipeline RATIS ONE PipelineID=c11dfaf6-60c9-4270-9942-cf9ce7564730.
2023-08-25 08:50:56,554 [PipelineCommandHandlerThread-0] INFO  server.RaftServer (RaftServerProxy.java:addNew(98)) - 5e5d2cfb-a693-459c-b621-520c42fdac66: addNew group-2A842429A16A:[722a3cfd-0cb3-45bd-9dad-85df9dd4c55e|rpc:10.1.0.19:15032|admin:10.1.0.19:15031|client:10.1.0.19:15030|dataStream:10.1.0.19:15033|priority:1|startupRole:FOLLOWER, 6f59ded9-1d69-4648-a4a5-1116b15843fb|rpc:10.1.0.19:15014|admin:10.1.0.19:15013|client:10.1.0.19:15012|dataStream:10.1.0.19:15015|priority:0|startupRole:FOLLOWER, 5e5d2cfb-a693-459c-b621-520c42fdac66|rpc:10.1.0.19:15023|admin:10.1.0.19:15022|client:10.1.0.19:15021|dataStream:10.1.0.19:15024|priority:0|startupRole:FOLLOWER] returns group-2A842429A16A:java.util.concurrent.CompletableFuture@1983e0e4[Not completed]
2023-08-25 08:50:56,556 [5e5d2cfb-a693-459c-b621-520c42fdac66-groupManagement] INFO  server.RaftServer$Division (RaftServerImpl.java:<init>(198)) - 5e5d2cfb-a693-459c-b621-520c42fdac66: new RaftServerImpl for group-2A842429A16A:[722a3cfd-0cb3-45bd-9dad-85df9dd4c55e|rpc:10.1.0.19:15032|admin:10.1.0.19:15031|client:10.1.0.19:15030|dataStream:10.1.0.19:15033|priority:1|startupRole:FOLLOWER, 6f59ded9-1d69-4648-a4a5-1116b15843fb|rpc:10.1.0.19:15014|admin:10.1.0.19:15013|client:10.1.0.19:15012|dataStream:10.1.0.19:15015|priority:0|startupRole:FOLLOWER, 5e5d2cfb-a693-459c-b621-520c42fdac66|rpc:10.1.0.19:15023|admin:10.1.0.19:15022|client:10.1.0.19:15021|dataStream:10.1.0.19:15024|priority:0|startupRole:FOLLOWER] with ContainerStateMachine:uninitialized
2023-08-25 08:50:56,558 [5e5d2cfb-a693-459c-b621-520c42fdac66-groupManagement] INFO  server.RaftServerConfigKeys (ConfUtils.java:logGet(46)) - raft.server.rpc.timeout.min = 5s (custom)
2023-08-25 08:50:56,558 [5e5d2cfb-a693-459c-b621-520c42fdac66-groupManagement] INFO  server.RaftServerConfigKeys (ConfUtils.java:logGet(46)) - raft.server.rpc.timeout.max = 5200ms (custom)
2023-08-25 08:50:56,559 [5e5d2cfb-a693-459c-b621-520c42fdac66-groupManagement] INFO  server.RaftServerConfigKeys (ConfUtils.java:logGet(46)) - raft.server.rpc.sleep.time = 25ms (default)
2023-08-25 08:50:56,559 [5e5d2cfb-a693-459c-b621-520c42fdac66-groupManagement] INFO  server.RaftServerConfigKeys (ConfUtils.java:logGet(46)) - raft.server.rpc.slowness.timeout = 300s (custom)
2023-08-25 08:50:56,559 [5e5d2cfb-a693-459c-b621-520c42fdac66-groupManagement] INFO  server.RaftServerConfigKeys (ConfUtils.java:logGet(46)) - raft.server.leaderelection.leader.step-down.wait-time = 10s (default)
2023-08-25 08:50:56,559 [5e5d2cfb-a693-459c-b621-520c42fdac66-groupManagement] INFO  server.RaftServerConfigKeys (ConfUtils.java:logGet(46)) - raft.server.sleep.deviation.threshold = 300ms (default)
2023-08-25 08:50:56,559 [5e5d2cfb-a693-459c-b621-520c42fdac66-groupManagement] INFO  server.RaftServer$Division (ServerState.java:<init>(120)) - 5e5d2cfb-a693-459c-b621-520c42fdac66@group-2A842429A16A: ConfigurationManager, init=-1: peers:[722a3cfd-0cb3-45bd-9dad-85df9dd4c55e|rpc:10.1.0.19:15032|admin:10.1.0.19:15031|client:10.1.0.19:15030|dataStream:10.1.0.19:15033|priority:1|startupRole:FOLLOWER, 6f59ded9-1d69-4648-a4a5-1116b15843fb|rpc:10.1.0.19:15014|admin:10.1.0.19:15013|client:10.1.0.19:15012|dataStream:10.1.0.19:15015|priority:0|startupRole:FOLLOWER, 5e5d2cfb-a693-459c-b621-520c42fdac66|rpc:10.1.0.19:15023|admin:10.1.0.19:15022|client:10.1.0.19:15021|dataStream:10.1.0.19:15024|priority:0|startupRole:FOLLOWER]|listeners:[], old=null, confs=<EMPTY_MAP>
2023-08-25 08:50:56,559 [5e5d2cfb-a693-459c-b621-520c42fdac66-groupManagement] INFO  server.RaftServerConfigKeys (ConfUtils.java:logGet(46)) - raft.server.storage.dir = [/home/runner/work/ozone/ozone/hadoop-ozone/integration-test/target/test-dir/MiniOzoneClusterImpl-289e54f1-59ef-4028-876b-aa1b67627a4d/datanode-1/data/ratis] (custom)
2023-08-25 08:50:56,559 [5e5d2cfb-a693-459c-b621-520c42fdac66-groupManagement] INFO  server.RaftServerConfigKeys (ConfUtils.java:logGet(46)) - raft.server.log.corruption.policy = EXCEPTION (default)
2023-08-25 08:50:56,559 [5e5d2cfb-a693-459c-b621-520c42fdac66-groupManagement] INFO  server.RaftServerConfigKeys (ConfUtils.java:logGet(46)) - raft.server.storage.free-space.min = 0MB (=0) (default)
2023-08-25 08:50:56,559 [5e5d2cfb-a693-459c-b621-520c42fdac66-groupManagement] INFO  server.RaftServerConfigKeys (ConfUtils.java:logGet(46)) - raft.server.notification.no-leader.timeout = 300s (custom)
2023-08-25 08:50:56,560 [5e5d2cfb-a693-459c-b621-520c42fdac66-groupManagement] INFO  server.RaftServerConfigKeys (ConfUtils.java:logGet(46)) - raft.server.read.timeout = 10s (default)
2023-08-25 08:50:56,560 [5e5d2cfb-a693-459c-b621-520c42fdac66-groupManagement] INFO  server.RaftServerConfigKeys (ConfUtils.java:logGet(46)) - raft.server.retrycache.expirytime = 600000ms (custom)
2023-08-25 08:50:56,560 [5e5d2cfb-a693-459c-b621-520c42fdac66-groupManagement] INFO  server.RaftServerConfigKeys (ConfUtils.java:logGet(46)) - raft.server.retrycache.statistics.expirytime = 100μs (default)
2023-08-25 08:50:56,563 [5e5d2cfb-a693-459c-b621-520c42fdac66-groupManagement] INFO  server.RaftServerConfigKeys (ConfUtils.java:logGet(46)) - raft.server.read.option = DEFAULT (default)
2023-08-25 08:50:56,563 [grpc-default-executor-0] INFO  server.RaftServer (RaftServerProxy.java:addNew(98)) - 722a3cfd-0cb3-45bd-9dad-85df9dd4c55e: addNew group-2A842429A16A:[722a3cfd-0cb3-45bd-9dad-85df9dd4c55e|rpc:10.1.0.19:15032|admin:10.1.0.19:15031|client:10.1.0.19:15030|dataStream:10.1.0.19:15033|priority:1|startupRole:FOLLOWER, 6f59ded9-1d69-4648-a4a5-1116b15843fb|rpc:10.1.0.19:15014|admin:10.1.0.19:15013|client:10.1.0.19:15012|dataStream:10.1.0.19:15015|priority:0|startupRole:FOLLOWER, 5e5d2cfb-a693-459c-b621-520c42fdac66|rpc:10.1.0.19:15023|admin:10.1.0.19:15022|client:10.1.0.19:15021|dataStream:10.1.0.19:15024|priority:0|startupRole:FOLLOWER] returns group-2A842429A16A:java.util.concurrent.CompletableFuture@1b5409ee[Not completed]
2023-08-25 08:50:56,562 [5e5d2cfb-a693-459c-b621-520c42fdac66@group-CF9CE7564730-FollowerState] INFO  server.RaftServerConfigKeys (ConfUtils.java:logFallback(53)) - raft.server.rpc.first-election.timeout.min = 5s (fallback to raft.server.rpc.timeout.min)
2023-08-25 08:50:56,566 [5e5d2cfb-a693-459c-b621-520c42fdac66@group-CF9CE7564730-FollowerState] INFO  server.RaftServerConfigKeys (ConfUtils.java:logFallback(53)) - raft.server.rpc.first-election.timeout.max = 5200ms (fallback to raft.server.rpc.timeout.max)
2023-08-25 08:50:56,572 [5e5d2cfb-a693-459c-b621-520c42fdac66-groupManagement] INFO  server.RaftServerConfigKeys (ConfUtils.java:logGet(46)) - raft.server.rpc.request.timeout = 60s (custom)
2023-08-25 08:50:56,573 [5e5d2cfb-a693-459c-b621-520c42fdac66-groupManagement] INFO  server.RaftServerConfigKeys (ConfUtils.java:logGet(46)) - raft.server.log.appender.install.snapshot.enabled = false (custom)
2023-08-25 08:50:56,573 [5e5d2cfb-a693-459c-b621-520c42fdac66-groupManagement] INFO  server.RaftServerConfigKeys (ConfUtils.java:logGet(46)) - raft.server.threadpool.server.cached = true (default)
2023-08-25 08:50:56,573 [5e5d2cfb-a693-459c-b621-520c42fdac66-groupManagement] INFO  server.RaftServerConfigKeys (ConfUtils.java:logGet(46)) - raft.server.threadpool.server.size = 0 (default)
2023-08-25 08:50:56,573 [5e5d2cfb-a693-459c-b621-520c42fdac66-groupManagement] INFO  server.RaftServerConfigKeys (ConfUtils.java:logGet(46)) - raft.server.threadpool.client.cached = true (default)
2023-08-25 08:50:56,573 [5e5d2cfb-a693-459c-b621-520c42fdac66-groupManagement] INFO  server.RaftServerConfigKeys (ConfUtils.java:logGet(46)) - raft.server.threadpool.client.size = 0 (default)
2023-08-25 08:50:56,573 [5e5d2cfb-a693-459c-b621-520c42fdac66-groupManagement] INFO  storage.RaftStorageDirectory (RaftStorageDirectoryImpl.java:analyzeStorage(137)) - The storage directory /home/runner/work/ozone/ozone/hadoop-ozone/integration-test/target/test-dir/MiniOzoneClusterImpl-289e54f1-59ef-4028-876b-aa1b67627a4d/datanode-1/data/ratis/809e3c79-4f70-494e-a9e8-2a842429a16a does not exist. Creating ...
2023-08-25 08:50:56,575 [722a3cfd-0cb3-45bd-9dad-85df9dd4c55e-groupManagement] INFO  server.RaftServer$Division (RaftServerImpl.java:<init>(198)) - 722a3cfd-0cb3-45bd-9dad-85df9dd4c55e: new RaftServerImpl for group-2A842429A16A:[722a3cfd-0cb3-45bd-9dad-85df9dd4c55e|rpc:10.1.0.19:15032|admin:10.1.0.19:15031|client:10.1.0.19:15030|dataStream:10.1.0.19:15033|priority:1|startupRole:FOLLOWER, 6f59ded9-1d69-4648-a4a5-1116b15843fb|rpc:10.1.0.19:15014|admin:10.1.0.19:15013|client:10.1.0.19:15012|dataStream:10.1.0.19:15015|priority:0|startupRole:FOLLOWER, 5e5d2cfb-a693-459c-b621-520c42fdac66|rpc:10.1.0.19:15023|admin:10.1.0.19:15022|client:10.1.0.19:15021|dataStream:10.1.0.19:15024|priority:0|startupRole:FOLLOWER] with ContainerStateMachine:uninitialized
2023-08-25 08:50:56,575 [722a3cfd-0cb3-45bd-9dad-85df9dd4c55e-groupManagement] INFO  server.RaftServerConfigKeys (ConfUtils.java:logGet(46)) - raft.server.rpc.timeout.min = 5s (custom)
2023-08-25 08:50:56,575 [722a3cfd-0cb3-45bd-9dad-85df9dd4c55e-groupManagement] INFO  server.RaftServerConfigKeys (ConfUtils.java:logGet(46)) - raft.server.rpc.timeout.max = 5200ms (custom)
2023-08-25 08:50:56,575 [722a3cfd-0cb3-45bd-9dad-85df9dd4c55e-groupManagement] INFO  server.RaftServerConfigKeys (ConfUtils.java:logGet(46)) - raft.server.rpc.sleep.time = 25ms (default)
2023-08-25 08:50:56,575 [722a3cfd-0cb3-45bd-9dad-85df9dd4c55e-groupManagement] INFO  server.RaftServerConfigKeys (ConfUtils.java:logGet(46)) - raft.server.rpc.slowness.timeout = 300s (custom)
2023-08-25 08:50:56,575 [722a3cfd-0cb3-45bd-9dad-85df9dd4c55e-groupManagement] INFO  server.RaftServerConfigKeys (ConfUtils.java:logGet(46)) - raft.server.leaderelection.leader.step-down.wait-time = 10s (default)
2023-08-25 08:50:56,575 [722a3cfd-0cb3-45bd-9dad-85df9dd4c55e-groupManagement] INFO  server.RaftServerConfigKeys (ConfUtils.java:logGet(46)) - raft.server.sleep.deviation.threshold = 300ms (default)
2023-08-25 08:50:56,576 [722a3cfd-0cb3-45bd-9dad-85df9dd4c55e-groupManagement] INFO  server.RaftServer$Division (ServerState.java:<init>(120)) - 722a3cfd-0cb3-45bd-9dad-85df9dd4c55e@group-2A842429A16A: ConfigurationManager, init=-1: peers:[722a3cfd-0cb3-45bd-9dad-85df9dd4c55e|rpc:10.1.0.19:15032|admin:10.1.0.19:15031|client:10.1.0.19:15030|dataStream:10.1.0.19:15033|priority:1|startupRole:FOLLOWER, 6f59ded9-1d69-4648-a4a5-1116b15843fb|rpc:10.1.0.19:15014|admin:10.1.0.19:15013|client:10.1.0.19:15012|dataStream:10.1.0.19:15015|priority:0|startupRole:FOLLOWER, 5e5d2cfb-a693-459c-b621-520c42fdac66|rpc:10.1.0.19:15023|admin:10.1.0.19:15022|client:10.1.0.19:15021|dataStream:10.1.0.19:15024|priority:0|startupRole:FOLLOWER]|listeners:[], old=null, confs=<EMPTY_MAP>
2023-08-25 08:50:56,576 [722a3cfd-0cb3-45bd-9dad-85df9dd4c55e-groupManagement] INFO  server.RaftServerConfigKeys (ConfUtils.java:logGet(46)) - raft.server.storage.dir = [/home/runner/work/ozone/ozone/hadoop-ozone/integration-test/target/test-dir/MiniOzoneClusterImpl-289e54f1-59ef-4028-876b-aa1b67627a4d/datanode-2/data/ratis] (custom)
2023-08-25 08:50:56,576 [722a3cfd-0cb3-45bd-9dad-85df9dd4c55e-groupManagement] INFO  server.RaftServerConfigKeys (ConfUtils.java:logGet(46)) - raft.server.log.corruption.policy = EXCEPTION (default)
2023-08-25 08:50:56,576 [722a3cfd-0cb3-45bd-9dad-85df9dd4c55e-groupManagement] INFO  server.RaftServerConfigKeys (ConfUtils.java:logGet(46)) - raft.server.storage.free-space.min = 0MB (=0) (default)
2023-08-25 08:50:56,576 [722a3cfd-0cb3-45bd-9dad-85df9dd4c55e-groupManagement] INFO  server.RaftServerConfigKeys (ConfUtils.java:logGet(46)) - raft.server.notification.no-leader.timeout = 300s (custom)
2023-08-25 08:50:56,576 [722a3cfd-0cb3-45bd-9dad-85df9dd4c55e-groupManagement] INFO  server.RaftServerConfigKeys (ConfUtils.java:logGet(46)) - raft.server.read.timeout = 10s (default)
2023-08-25 08:50:56,576 [722a3cfd-0cb3-45bd-9dad-85df9dd4c55e-groupManagement] INFO  server.RaftServerConfigKeys (ConfUtils.java:logGet(46)) - raft.server.retrycache.expirytime = 600000ms (custom)
2023-08-25 08:50:56,576 [722a3cfd-0cb3-45bd-9dad-85df9dd4c55e-groupManagement] INFO  server.RaftServerConfigKeys (ConfUtils.java:logGet(46)) - raft.server.retrycache.statistics.expirytime = 100μs (default)
2023-08-25 08:50:56,576 [722a3cfd-0cb3-45bd-9dad-85df9dd4c55e-groupManagement] INFO  server.RaftServerConfigKeys (ConfUtils.java:logGet(46)) - raft.server.read.option = DEFAULT (default)
2023-08-25 08:50:56,577 [5e5d2cfb-a693-459c-b621-520c42fdac66-groupManagement] INFO  storage.RaftStorageDirectory (RaftStorageDirectoryImpl.java:tryLock(231)) - Lock on /home/runner/work/ozone/ozone/hadoop-ozone/integration-test/target/test-dir/MiniOzoneClusterImpl-289e54f1-59ef-4028-876b-aa1b67627a4d/datanode-1/data/ratis/809e3c79-4f70-494e-a9e8-2a842429a16a/in_use.lock acquired by nodename 30217@fv-az584-689
2023-08-25 08:50:56,582 [722a3cfd-0cb3-45bd-9dad-85df9dd4c55e-groupManagement] INFO  server.RaftServerConfigKeys (ConfUtils.java:logGet(46)) - raft.server.rpc.request.timeout = 60s (custom)
2023-08-25 08:50:56,582 [722a3cfd-0cb3-45bd-9dad-85df9dd4c55e-groupManagement] INFO  server.RaftServerConfigKeys (ConfUtils.java:logGet(46)) - raft.server.log.appender.install.snapshot.enabled = false (custom)
2023-08-25 08:50:56,582 [722a3cfd-0cb3-45bd-9dad-85df9dd4c55e-groupManagement] INFO  server.RaftServerConfigKeys (ConfUtils.java:logGet(46)) - raft.server.threadpool.server.cached = true (default)
2023-08-25 08:50:56,582 [722a3cfd-0cb3-45bd-9dad-85df9dd4c55e-groupManagement] INFO  server.RaftServerConfigKeys (ConfUtils.java:logGet(46)) - raft.server.threadpool.server.size = 0 (default)
2023-08-25 08:50:56,583 [722a3cfd-0cb3-45bd-9dad-85df9dd4c55e-groupManagement] INFO  server.RaftServerConfigKeys (ConfUtils.java:logGet(46)) - raft.server.threadpool.client.cached = true (default)
2023-08-25 08:50:56,583 [722a3cfd-0cb3-45bd-9dad-85df9dd4c55e-groupManagement] INFO  server.RaftServerConfigKeys (ConfUtils.java:logGet(46)) - raft.server.threadpool.client.size = 0 (default)
2023-08-25 08:50:56,583 [722a3cfd-0cb3-45bd-9dad-85df9dd4c55e-groupManagement] INFO  storage.RaftStorageDirectory (RaftStorageDirectoryImpl.java:analyzeStorage(137)) - The storage directory /home/runner/work/ozone/ozone/hadoop-ozone/integration-test/target/test-dir/MiniOzoneClusterImpl-289e54f1-59ef-4028-876b-aa1b67627a4d/datanode-2/data/ratis/809e3c79-4f70-494e-a9e8-2a842429a16a does not exist. Creating ...
2023-08-25 08:50:56,583 [5e5d2cfb-a693-459c-b621-520c42fdac66-groupManagement] INFO  storage.RaftStorage (RaftStorageImpl.java:format(96)) - Storage directory /home/runner/work/ozone/ozone/hadoop-ozone/integration-test/target/test-dir/MiniOzoneClusterImpl-289e54f1-59ef-4028-876b-aa1b67627a4d/datanode-1/data/ratis/809e3c79-4f70-494e-a9e8-2a842429a16a has been successfully formatted.
2023-08-25 08:50:56,584 [5e5d2cfb-a693-459c-b621-520c42fdac66-groupManagement] INFO  ratis.ContainerStateMachine (ContainerStateMachine.java:loadSnapshot(262)) - group-2A842429A16A: The snapshot info is null. Setting the last applied indexto:(t:0, i:~)
2023-08-25 08:50:56,584 [5e5d2cfb-a693-459c-b621-520c42fdac66-groupManagement] INFO  server.RaftServerConfigKeys (ConfUtils.java:logGet(46)) - raft.server.log.use.memory = false (default)
2023-08-25 08:50:56,585 [5e5d2cfb-a693-459c-b621-520c42fdac66-groupManagement] INFO  server.RaftServerConfigKeys (ConfUtils.java:logGet(46)) - raft.server.log.purge.gap = 1000000 (custom)
2023-08-25 08:50:56,585 [5e5d2cfb-a693-459c-b621-520c42fdac66-groupManagement] INFO  server.RaftServerConfigKeys (ConfUtils.java:logGet(46)) - raft.server.log.appender.buffer.byte-limit = 33554432 (custom)
2023-08-25 08:50:56,585 [5e5d2cfb-a693-459c-b621-520c42fdac66-groupManagement] INFO  server.RaftServerConfigKeys (ConfUtils.java:logGet(46)) - raft.server.log.statemachine.data.read.timeout = 1000ms (default)
2023-08-25 08:50:56,585 [5e5d2cfb-a693-459c-b621-520c42fdac66-groupManagement] INFO  server.RaftServerConfigKeys (ConfUtils.java:logGet(46)) - raft.server.log.purge.preservation.log.num = 0 (default)
2023-08-25 08:50:56,585 [5e5d2cfb-a693-459c-b621-520c42fdac66-groupManagement] INFO  server.RaftServerConfigKeys (ConfUtils.java:logGet(46)) - raft.server.log.segment.size.max = 1048576 (custom)
2023-08-25 08:50:56,586 [5e5d2cfb-a693-459c-b621-520c42fdac66-groupManagement] INFO  server.RaftServerConfigKeys (ConfUtils.java:logGet(46)) - raft.server.log.segment.cache.num.max = 2 (custom)
2023-08-25 08:50:56,586 [5e5d2cfb-a693-459c-b621-520c42fdac66-groupManagement] INFO  server.RaftServerConfigKeys (ConfUtils.java:logGet(46)) - raft.server.log.segment.cache.size.max = 200MB (=209715200) (default)
2023-08-25 08:50:56,586 [5e5d2cfb-a693-459c-b621-520c42fdac66-groupManagement] INFO  server.RaftServerConfigKeys (ConfUtils.java:logGet(46)) - raft.server.log.appender.buffer.byte-limit = 33554432 (custom)
2023-08-25 08:50:56,586 [5e5d2cfb-a693-459c-b621-520c42fdac66-groupManagement] INFO  segmented.SegmentedRaftLogWorker (SegmentedRaftLogWorker.java:<init>(188)) - new 5e5d2cfb-a693-459c-b621-520c42fdac66@group-2A842429A16A-SegmentedRaftLogWorker for RaftStorageImpl:Storage Directory /home/runner/work/ozone/ozone/hadoop-ozone/integration-test/target/test-dir/MiniOzoneClusterImpl-289e54f1-59ef-4028-876b-aa1b67627a4d/datanode-1/data/ratis/809e3c79-4f70-494e-a9e8-2a842429a16a
2023-08-25 08:50:56,586 [5e5d2cfb-a693-459c-b621-520c42fdac66-groupManagement] INFO  server.RaftServerConfigKeys (ConfUtils.java:logGet(46)) - raft.server.log.queue.byte-limit = 4294967296 (custom)
2023-08-25 08:50:56,586 [5e5d2cfb-a693-459c-b621-520c42fdac66-groupManagement] INFO  server.RaftServerConfigKeys (ConfUtils.java:logGet(46)) - raft.server.log.queue.element-limit = 1024 (custom)
2023-08-25 08:50:56,586 [5e5d2cfb-a693-459c-b621-520c42fdac66-groupManagement] INFO  server.RaftServerConfigKeys (ConfUtils.java:logGet(46)) - raft.server.log.segment.size.max = 1048576 (custom)
2023-08-25 08:50:56,586 [5e5d2cfb-a693-459c-b621-520c42fdac66-groupManagement] INFO  server.RaftServerConfigKeys (ConfUtils.java:logGet(46)) - raft.server.log.preallocated.size = 16384 (custom)
2023-08-25 08:50:56,586 [5e5d2cfb-a693-459c-b621-520c42fdac66-groupManagement] INFO  server.RaftServerConfigKeys (ConfUtils.java:logGet(46)) - raft.server.log.force.sync.num = 128 (default)
2023-08-25 08:50:56,586 [5e5d2cfb-a693-459c-b621-520c42fdac66-groupManagement] INFO  server.RaftServerConfigKeys (ConfUtils.java:logGet(46)) - raft.server.log.statemachine.data.sync = true (default)
2023-08-25 08:50:56,587 [5e5d2cfb-a693-459c-b621-520c42fdac66-groupManagement] INFO  server.RaftServerConfigKeys (ConfUtils.java:logGet(46)) - raft.server.log.statemachine.data.sync.timeout = 10s (default)
2023-08-25 08:50:56,587 [5e5d2cfb-a693-459c-b621-520c42fdac66-groupManagement] INFO  server.RaftServerConfigKeys (ConfUtils.java:logGet(46)) - raft.server.log.statemachine.data.sync.timeout.retry = -1 (default)
2023-08-25 08:50:56,588 [5e5d2cfb-a693-459c-b621-520c42fdac66-groupManagement] INFO  server.RaftServerConfigKeys (ConfUtils.java:logGet(46)) - raft.server.log.write.buffer.size = 1048576 (custom)
2023-08-25 08:50:56,590 [722a3cfd-0cb3-45bd-9dad-85df9dd4c55e-groupManagement] INFO  storage.RaftStorageDirectory (RaftStorageDirectoryImpl.java:tryLock(231)) - Lock on /home/runner/work/ozone/ozone/hadoop-ozone/integration-test/target/test-dir/MiniOzoneClusterImpl-289e54f1-59ef-4028-876b-aa1b67627a4d/datanode-2/data/ratis/809e3c79-4f70-494e-a9e8-2a842429a16a/in_use.lock acquired by nodename 30217@fv-az584-689
2023-08-25 08:50:56,590 [EventQueue-OpenPipelineForHealthyPipelineSafeModeRule] INFO  safemode.SCMSafeModeManager (HealthyPipelineSafeModeRule.java:process(137)) - SCM in safe mode. Healthy pipelines reported count is 0, required healthy pipeline reported count is 1
2023-08-25 08:50:56,591 [5e5d2cfb-a693-459c-b621-520c42fdac66-groupManagement] INFO  server.RaftServerConfigKeys (ConfUtils.java:logGet(46)) - raft.server.log.appender.buffer.byte-limit = 33554432 (custom)
2023-08-25 08:50:56,594 [722a3cfd-0cb3-45bd-9dad-85df9dd4c55e-groupManagement] INFO  storage.RaftStorage (RaftStorageImpl.java:format(96)) - Storage directory /home/runner/work/ozone/ozone/hadoop-ozone/integration-test/target/test-dir/MiniOzoneClusterImpl-289e54f1-59ef-4028-876b-aa1b67627a4d/datanode-2/data/ratis/809e3c79-4f70-494e-a9e8-2a842429a16a has been successfully formatted.
2023-08-25 08:50:56,598 [5e5d2cfb-a693-459c-b621-520c42fdac66-groupManagement] INFO  server.RaftServerConfigKeys (ConfUtils.java:logGet(46)) - raft.server.log.unsafe-flush.enabled = false (default)
2023-08-25 08:50:56,598 [722a3cfd-0cb3-45bd-9dad-85df9dd4c55e-groupManagement] INFO  ratis.ContainerStateMachine (ContainerStateMachine.java:loadSnapshot(262)) - group-2A842429A16A: The snapshot info is null. Setting the last applied indexto:(t:0, i:~)
2023-08-25 08:50:56,598 [722a3cfd-0cb3-45bd-9dad-85df9dd4c55e-groupManagement] INFO  server.RaftServerConfigKeys (ConfUtils.java:logGet(46)) - raft.server.log.use.memory = false (default)
2023-08-25 08:50:56,598 [722a3cfd-0cb3-45bd-9dad-85df9dd4c55e-groupManagement] INFO  server.RaftServerConfigKeys (ConfUtils.java:logGet(46)) - raft.server.log.purge.gap = 1000000 (custom)
2023-08-25 08:50:56,598 [722a3cfd-0cb3-45bd-9dad-85df9dd4c55e-groupManagement] INFO  server.RaftServerConfigKeys (ConfUtils.java:logGet(46)) - raft.server.log.appender.buffer.byte-limit = 33554432 (custom)
2023-08-25 08:50:56,598 [722a3cfd-0cb3-45bd-9dad-85df9dd4c55e-groupManagement] INFO  server.RaftServerConfigKeys (ConfUtils.java:logGet(46)) - raft.server.log.statemachine.data.read.timeout = 1000ms (default)
2023-08-25 08:50:56,598 [722a3cfd-0cb3-45bd-9dad-85df9dd4c55e-groupManagement] INFO  server.RaftServerConfigKeys (ConfUtils.java:logGet(46)) - raft.server.log.purge.preservation.log.num = 0 (default)
2023-08-25 08:50:56,599 [722a3cfd-0cb3-45bd-9dad-85df9dd4c55e-groupManagement] INFO  server.RaftServerConfigKeys (ConfUtils.java:logGet(46)) - raft.server.log.segment.size.max = 1048576 (custom)
2023-08-25 08:50:56,599 [722a3cfd-0cb3-45bd-9dad-85df9dd4c55e-groupManagement] INFO  server.RaftServerConfigKeys (ConfUtils.java:logGet(46)) - raft.server.log.segment.cache.num.max = 2 (custom)
2023-08-25 08:50:56,599 [722a3cfd-0cb3-45bd-9dad-85df9dd4c55e-groupManagement] INFO  server.RaftServerConfigKeys (ConfUtils.java:logGet(46)) - raft.server.log.segment.cache.size.max = 200MB (=209715200) (default)
2023-08-25 08:50:56,599 [722a3cfd-0cb3-45bd-9dad-85df9dd4c55e-groupManagement] INFO  server.RaftServerConfigKeys (ConfUtils.java:logGet(46)) - raft.server.log.appender.buffer.byte-limit = 33554432 (custom)
2023-08-25 08:50:56,599 [722a3cfd-0cb3-45bd-9dad-85df9dd4c55e-groupManagement] INFO  segmented.SegmentedRaftLogWorker (SegmentedRaftLogWorker.java:<init>(188)) - new 722a3cfd-0cb3-45bd-9dad-85df9dd4c55e@group-2A842429A16A-SegmentedRaftLogWorker for RaftStorageImpl:Storage Directory /home/runner/work/ozone/ozone/hadoop-ozone/integration-test/target/test-dir/MiniOzoneClusterImpl-289e54f1-59ef-4028-876b-aa1b67627a4d/datanode-2/data/ratis/809e3c79-4f70-494e-a9e8-2a842429a16a
2023-08-25 08:50:56,599 [722a3cfd-0cb3-45bd-9dad-85df9dd4c55e-groupManagement] INFO  server.RaftServerConfigKeys (ConfUtils.java:logGet(46)) - raft.server.log.queue.byte-limit = 4294967296 (custom)
2023-08-25 08:50:56,600 [722a3cfd-0cb3-45bd-9dad-85df9dd4c55e-groupManagement] INFO  server.RaftServerConfigKeys (ConfUtils.java:logGet(46)) - raft.server.log.queue.element-limit = 1024 (custom)
2023-08-25 08:50:56,600 [722a3cfd-0cb3-45bd-9dad-85df9dd4c55e-groupManagement] INFO  server.RaftServerConfigKeys (ConfUtils.java:logGet(46)) - raft.server.log.segment.size.max = 1048576 (custom)
2023-08-25 08:50:56,600 [722a3cfd-0cb3-45bd-9dad-85df9dd4c55e-groupManagement] INFO  server.RaftServerConfigKeys (ConfUtils.java:logGet(46)) - raft.server.log.preallocated.size = 16384 (custom)
2023-08-25 08:50:56,600 [722a3cfd-0cb3-45bd-9dad-85df9dd4c55e-groupManagement] INFO  server.RaftServerConfigKeys (ConfUtils.java:logGet(46)) - raft.server.log.force.sync.num = 128 (default)
2023-08-25 08:50:56,600 [722a3cfd-0cb3-45bd-9dad-85df9dd4c55e-groupManagement] INFO  server.RaftServerConfigKeys (ConfUtils.java:logGet(46)) - raft.server.log.statemachine.data.sync = true (default)
2023-08-25 08:50:56,600 [722a3cfd-0cb3-45bd-9dad-85df9dd4c55e-groupManagement] INFO  server.RaftServerConfigKeys (ConfUtils.java:logGet(46)) - raft.server.log.statemachine.data.sync.timeout = 10s (default)
2023-08-25 08:50:56,600 [722a3cfd-0cb3-45bd-9dad-85df9dd4c55e-groupManagement] INFO  server.RaftServerConfigKeys (ConfUtils.java:logGet(46)) - raft.server.log.statemachine.data.sync.timeout.retry = -1 (default)
2023-08-25 08:50:56,609 [5e5d2cfb-a693-459c-b621-520c42fdac66-groupManagement] INFO  server.RaftServerConfigKeys (ConfUtils.java:logGet(46)) - raft.server.log.async-flush.enabled = false (default)
2023-08-25 08:50:56,609 [5e5d2cfb-a693-459c-b621-520c42fdac66-groupManagement] INFO  server.RaftServerConfigKeys (ConfUtils.java:logGet(46)) - raft.server.log.statemachine.data.caching.enabled = true (custom)
2023-08-25 08:50:56,609 [5e5d2cfb-a693-459c-b621-520c42fdac66-groupManagement] INFO  segmented.SegmentedRaftLogWorker (SegmentedRaftLogWorker.java:lambda$new$0(135)) - 5e5d2cfb-a693-459c-b621-520c42fdac66@group-2A842429A16A-SegmentedRaftLogWorker: flushIndex: setUnconditionally 0 -> -1
2023-08-25 08:50:56,610 [5e5d2cfb-a693-459c-b621-520c42fdac66-groupManagement] INFO  segmented.SegmentedRaftLogWorker (SegmentedRaftLogWorker.java:lambda$new$0(135)) - 5e5d2cfb-a693-459c-b621-520c42fdac66@group-2A842429A16A-SegmentedRaftLogWorker: safeCacheEvictIndex: setUnconditionally 0 -> -1
2023-08-25 08:50:56,610 [722a3cfd-0cb3-45bd-9dad-85df9dd4c55e-groupManagement] INFO  server.RaftServerConfigKeys (ConfUtils.java:logGet(46)) - raft.server.log.write.buffer.size = 1048576 (custom)
2023-08-25 08:50:56,610 [5e5d2cfb-a693-459c-b621-520c42fdac66-groupManagement] INFO  server.RaftServer$Division (RaftServerImpl.java:start(342)) - 5e5d2cfb-a693-459c-b621-520c42fdac66@group-2A842429A16A: start as a follower, conf=-1: peers:[722a3cfd-0cb3-45bd-9dad-85df9dd4c55e|rpc:10.1.0.19:15032|admin:10.1.0.19:15031|client:10.1.0.19:15030|dataStream:10.1.0.19:15033|priority:1|startupRole:FOLLOWER, 6f59ded9-1d69-4648-a4a5-1116b15843fb|rpc:10.1.0.19:15014|admin:10.1.0.19:15013|client:10.1.0.19:15012|dataStream:10.1.0.19:15015|priority:0|startupRole:FOLLOWER, 5e5d2cfb-a693-459c-b621-520c42fdac66|rpc:10.1.0.19:15023|admin:10.1.0.19:15022|client:10.1.0.19:15021|dataStream:10.1.0.19:15024|priority:0|startupRole:FOLLOWER]|listeners:[], old=null
2023-08-25 08:50:56,610 [5e5d2cfb-a693-459c-b621-520c42fdac66-groupManagement] INFO  server.RaftServer$Division (RaftServerImpl.java:setRole(329)) - 5e5d2cfb-a693-459c-b621-520c42fdac66@group-2A842429A16A: changes role from      null to FOLLOWER at term 0 for startAsFollower
2023-08-25 08:50:56,610 [5e5d2cfb-a693-459c-b621-520c42fdac66-groupManagement] INFO  impl.RoleInfo (RoleInfo.java:updateAndGet(139)) - 5e5d2cfb-a693-459c-b621-520c42fdac66: start 5e5d2cfb-a693-459c-b621-520c42fdac66@group-2A842429A16A-FollowerState
2023-08-25 08:50:56,610 [5e5d2cfb-a693-459c-b621-520c42fdac66-groupManagement] INFO  util.JmxRegister (JmxRegister.java:tryRegister(44)) - Successfully registered JMX Bean with object name Ratis:service=RaftServer,group=group-2A842429A16A,id=5e5d2cfb-a693-459c-b621-520c42fdac66
2023-08-25 08:50:56,610 [5e5d2cfb-a693-459c-b621-520c42fdac66-groupManagement] INFO  server.RaftServerConfigKeys (ConfUtils.java:logGet(46)) - raft.server.snapshot.auto.trigger.enabled = true (custom)
2023-08-25 08:50:56,611 [5e5d2cfb-a693-459c-b621-520c42fdac66-groupManagement] INFO  server.RaftServerConfigKeys (ConfUtils.java:logGet(46)) - raft.server.snapshot.auto.trigger.threshold = 10000 (custom)
2023-08-25 08:50:56,611 [5e5d2cfb-a693-459c-b621-520c42fdac66-groupManagement] INFO  server.RaftServerConfigKeys (ConfUtils.java:logGet(46)) - raft.server.snapshot.retention.file.num = 5 (custom)
2023-08-25 08:50:56,611 [5e5d2cfb-a693-459c-b621-520c42fdac66-groupManagement] INFO  server.RaftServerConfigKeys (ConfUtils.java:logGet(46)) - raft.server.log.purge.upto.snapshot.index = false (default)
2023-08-25 08:50:56,611 [722a3cfd-0cb3-45bd-9dad-85df9dd4c55e-groupManagement] INFO  server.RaftServerConfigKeys (ConfUtils.java:logGet(46)) - raft.server.log.appender.buffer.byte-limit = 33554432 (custom)
2023-08-25 08:50:56,617 [722a3cfd-0cb3-45bd-9dad-85df9dd4c55e-groupManagement] INFO  server.RaftServerConfigKeys (ConfUtils.java:logGet(46)) - raft.server.log.unsafe-flush.enabled = false (default)
2023-08-25 08:50:56,617 [722a3cfd-0cb3-45bd-9dad-85df9dd4c55e-groupManagement] INFO  server.RaftServerConfigKeys (ConfUtils.java:logGet(46)) - raft.server.log.async-flush.enabled = false (default)
2023-08-25 08:50:56,617 [722a3cfd-0cb3-45bd-9dad-85df9dd4c55e-groupManagement] INFO  server.RaftServerConfigKeys (ConfUtils.java:logGet(46)) - raft.server.log.statemachine.data.caching.enabled = true (custom)
2023-08-25 08:50:56,617 [722a3cfd-0cb3-45bd-9dad-85df9dd4c55e-groupManagement] INFO  segmented.SegmentedRaftLogWorker (SegmentedRaftLogWorker.java:lambda$new$0(135)) - 722a3cfd-0cb3-45bd-9dad-85df9dd4c55e@group-2A842429A16A-SegmentedRaftLogWorker: flushIndex: setUnconditionally 0 -> -1
2023-08-25 08:50:56,617 [722a3cfd-0cb3-45bd-9dad-85df9dd4c55e-groupManagement] INFO  segmented.SegmentedRaftLogWorker (SegmentedRaftLogWorker.java:lambda$new$0(135)) - 722a3cfd-0cb3-45bd-9dad-85df9dd4c55e@group-2A842429A16A-SegmentedRaftLogWorker: safeCacheEvictIndex: setUnconditionally 0 -> -1
2023-08-25 08:50:56,618 [722a3cfd-0cb3-45bd-9dad-85df9dd4c55e-groupManagement] INFO  server.RaftServer$Division (RaftServerImpl.java:start(342)) - 722a3cfd-0cb3-45bd-9dad-85df9dd4c55e@group-2A842429A16A: start as a follower, conf=-1: peers:[722a3cfd-0cb3-45bd-9dad-85df9dd4c55e|rpc:10.1.0.19:15032|admin:10.1.0.19:15031|client:10.1.0.19:15030|dataStream:10.1.0.19:15033|priority:1|startupRole:FOLLOWER, 6f59ded9-1d69-4648-a4a5-1116b15843fb|rpc:10.1.0.19:15014|admin:10.1.0.19:15013|client:10.1.0.19:15012|dataStream:10.1.0.19:15015|priority:0|startupRole:FOLLOWER, 5e5d2cfb-a693-459c-b621-520c42fdac66|rpc:10.1.0.19:15023|admin:10.1.0.19:15022|client:10.1.0.19:15021|dataStream:10.1.0.19:15024|priority:0|startupRole:FOLLOWER]|listeners:[], old=null
2023-08-25 08:50:56,618 [722a3cfd-0cb3-45bd-9dad-85df9dd4c55e-groupManagement] INFO  server.RaftServer$Division (RaftServerImpl.java:setRole(329)) - 722a3cfd-0cb3-45bd-9dad-85df9dd4c55e@group-2A842429A16A: changes role from      null to FOLLOWER at term 0 for startAsFollower
2023-08-25 08:50:56,618 [722a3cfd-0cb3-45bd-9dad-85df9dd4c55e-groupManagement] INFO  impl.RoleInfo (RoleInfo.java:updateAndGet(139)) - 722a3cfd-0cb3-45bd-9dad-85df9dd4c55e: start 722a3cfd-0cb3-45bd-9dad-85df9dd4c55e@group-2A842429A16A-FollowerState
2023-08-25 08:50:56,618 [722a3cfd-0cb3-45bd-9dad-85df9dd4c55e-groupManagement] INFO  util.JmxRegister (JmxRegister.java:tryRegister(44)) - Successfully registered JMX Bean with object name Ratis:service=RaftServer,group=group-2A842429A16A,id=722a3cfd-0cb3-45bd-9dad-85df9dd4c55e
2023-08-25 08:50:56,618 [722a3cfd-0cb3-45bd-9dad-85df9dd4c55e-groupManagement] INFO  server.RaftServerConfigKeys (ConfUtils.java:logGet(46)) - raft.server.snapshot.auto.trigger.enabled = true (custom)
2023-08-25 08:50:56,618 [722a3cfd-0cb3-45bd-9dad-85df9dd4c55e-groupManagement] INFO  server.RaftServerConfigKeys (ConfUtils.java:logGet(46)) - raft.server.snapshot.auto.trigger.threshold = 10000 (custom)
2023-08-25 08:50:56,618 [722a3cfd-0cb3-45bd-9dad-85df9dd4c55e-groupManagement] INFO  server.RaftServerConfigKeys (ConfUtils.java:logGet(46)) - raft.server.snapshot.retention.file.num = 5 (custom)
2023-08-25 08:50:56,618 [722a3cfd-0cb3-45bd-9dad-85df9dd4c55e-groupManagement] INFO  server.RaftServerConfigKeys (ConfUtils.java:logGet(46)) - raft.server.log.purge.upto.snapshot.index = false (default)
2023-08-25 08:50:56,619 [722a3cfd-0cb3-45bd-9dad-85df9dd4c55e@group-2A842429A16A-FollowerState] INFO  server.RaftServerConfigKeys (ConfUtils.java:logFallback(53)) - raft.server.rpc.first-election.timeout.min = 5s (fallback to raft.server.rpc.timeout.min)
2023-08-25 08:50:56,620 [722a3cfd-0cb3-45bd-9dad-85df9dd4c55e@group-2A842429A16A-FollowerState] INFO  server.RaftServerConfigKeys (ConfUtils.java:logFallback(53)) - raft.server.rpc.first-election.timeout.max = 5200ms (fallback to raft.server.rpc.timeout.max)
2023-08-25 08:50:56,625 [PipelineCommandHandlerThread-0] INFO  ratis.XceiverServerRatis (XceiverServerRatis.java:addGroup(804)) - Created group PipelineID=809e3c79-4f70-494e-a9e8-2a842429a16a
2023-08-25 08:50:56,638 [5e5d2cfb-a693-459c-b621-520c42fdac66@group-2A842429A16A-FollowerState] INFO  server.RaftServerConfigKeys (ConfUtils.java:logFallback(53)) - raft.server.rpc.first-election.timeout.min = 5s (fallback to raft.server.rpc.timeout.min)
2023-08-25 08:50:56,638 [5e5d2cfb-a693-459c-b621-520c42fdac66@group-2A842429A16A-FollowerState] INFO  server.RaftServerConfigKeys (ConfUtils.java:logFallback(53)) - raft.server.rpc.first-election.timeout.max = 5200ms (fallback to raft.server.rpc.timeout.max)
2023-08-25 08:50:56,784 [ReplicationMonitor] INFO  replication.ReplicationManager (ReplicationManager.java:processAll(361)) - Replication Manager is not ready to run until 3000ms after safemode exit
2023-08-25 08:50:56,785 [PipelineCommandHandlerThread-0] INFO  commandhandler.CreatePipelineCommandHandler (CreatePipelineCommandHandler.java:lambda$handle$2(124)) - Created Pipeline RATIS THREE PipelineID=809e3c79-4f70-494e-a9e8-2a842429a16a.
2023-08-25 08:50:56,786 [PipelineCommandHandlerThread-0] INFO  server.RaftServer (RaftServerProxy.java:addNew(98)) - 6f59ded9-1d69-4648-a4a5-1116b15843fb: addNew group-72F7012C4762:[722a3cfd-0cb3-45bd-9dad-85df9dd4c55e|rpc:10.1.0.19:15032|admin:10.1.0.19:15031|client:10.1.0.19:15030|dataStream:10.1.0.19:15033|priority:0|startupRole:FOLLOWER, 6f59ded9-1d69-4648-a4a5-1116b15843fb|rpc:10.1.0.19:15014|admin:10.1.0.19:15013|client:10.1.0.19:15012|dataStream:10.1.0.19:15015|priority:1|startupRole:FOLLOWER, 5e5d2cfb-a693-459c-b621-520c42fdac66|rpc:10.1.0.19:15023|admin:10.1.0.19:15022|client:10.1.0.19:15021|dataStream:10.1.0.19:15024|priority:0|startupRole:FOLLOWER] returns group-72F7012C4762:java.util.concurrent.CompletableFuture@213bfb05[Not completed]
2023-08-25 08:50:56,788 [6f59ded9-1d69-4648-a4a5-1116b15843fb-groupManagement] INFO  server.RaftServer$Division (RaftServerImpl.java:<init>(198)) - 6f59ded9-1d69-4648-a4a5-1116b15843fb: new RaftServerImpl for group-72F7012C4762:[722a3cfd-0cb3-45bd-9dad-85df9dd4c55e|rpc:10.1.0.19:15032|admin:10.1.0.19:15031|client:10.1.0.19:15030|dataStream:10.1.0.19:15033|priority:0|startupRole:FOLLOWER, 6f59ded9-1d69-4648-a4a5-1116b15843fb|rpc:10.1.0.19:15014|admin:10.1.0.19:15013|client:10.1.0.19:15012|dataStream:10.1.0.19:15015|priority:1|startupRole:FOLLOWER, 5e5d2cfb-a693-459c-b621-520c42fdac66|rpc:10.1.0.19:15023|admin:10.1.0.19:15022|client:10.1.0.19:15021|dataStream:10.1.0.19:15024|priority:0|startupRole:FOLLOWER] with ContainerStateMachine:uninitialized
2023-08-25 08:50:56,788 [6f59ded9-1d69-4648-a4a5-1116b15843fb-groupManagement] INFO  server.RaftServerConfigKeys (ConfUtils.java:logGet(46)) - raft.server.rpc.timeout.min = 5s (custom)
2023-08-25 08:50:56,788 [6f59ded9-1d69-4648-a4a5-1116b15843fb-groupManagement] INFO  server.RaftServerConfigKeys (ConfUtils.java:logGet(46)) - raft.server.rpc.timeout.max = 5200ms (custom)
2023-08-25 08:50:56,788 [6f59ded9-1d69-4648-a4a5-1116b15843fb-groupManagement] INFO  server.RaftServerConfigKeys (ConfUtils.java:logGet(46)) - raft.server.rpc.sleep.time = 25ms (default)
2023-08-25 08:50:56,788 [6f59ded9-1d69-4648-a4a5-1116b15843fb-groupManagement] INFO  server.RaftServerConfigKeys (ConfUtils.java:logGet(46)) - raft.server.rpc.slowness.timeout = 300s (custom)
2023-08-25 08:50:56,788 [6f59ded9-1d69-4648-a4a5-1116b15843fb-groupManagement] INFO  server.RaftServerConfigKeys (ConfUtils.java:logGet(46)) - raft.server.leaderelection.leader.step-down.wait-time = 10s (default)
2023-08-25 08:50:56,788 [6f59ded9-1d69-4648-a4a5-1116b15843fb-groupManagement] INFO  server.RaftServerConfigKeys (ConfUtils.java:logGet(46)) - raft.server.sleep.deviation.threshold = 300ms (default)
2023-08-25 08:50:56,788 [6f59ded9-1d69-4648-a4a5-1116b15843fb-groupManagement] INFO  server.RaftServer$Division (ServerState.java:<init>(120)) - 6f59ded9-1d69-4648-a4a5-1116b15843fb@group-72F7012C4762: ConfigurationManager, init=-1: peers:[722a3cfd-0cb3-45bd-9dad-85df9dd4c55e|rpc:10.1.0.19:15032|admin:10.1.0.19:15031|client:10.1.0.19:15030|dataStream:10.1.0.19:15033|priority:0|startupRole:FOLLOWER, 6f59ded9-1d69-4648-a4a5-1116b15843fb|rpc:10.1.0.19:15014|admin:10.1.0.19:15013|client:10.1.0.19:15012|dataStream:10.1.0.19:15015|priority:1|startupRole:FOLLOWER, 5e5d2cfb-a693-459c-b621-520c42fdac66|rpc:10.1.0.19:15023|admin:10.1.0.19:15022|client:10.1.0.19:15021|dataStream:10.1.0.19:15024|priority:0|startupRole:FOLLOWER]|listeners:[], old=null, confs=<EMPTY_MAP>
2023-08-25 08:50:56,788 [6f59ded9-1d69-4648-a4a5-1116b15843fb-groupManagement] INFO  server.RaftServerConfigKeys (ConfUtils.java:logGet(46)) - raft.server.storage.dir = [/home/runner/work/ozone/ozone/hadoop-ozone/integration-test/target/test-dir/MiniOzoneClusterImpl-289e54f1-59ef-4028-876b-aa1b67627a4d/datanode-0/data/ratis] (custom)
2023-08-25 08:50:56,788 [6f59ded9-1d69-4648-a4a5-1116b15843fb-groupManagement] INFO  server.RaftServerConfigKeys (ConfUtils.java:logGet(46)) - raft.server.log.corruption.policy = EXCEPTION (default)
2023-08-25 08:50:56,788 [6f59ded9-1d69-4648-a4a5-1116b15843fb-groupManagement] INFO  server.RaftServerConfigKeys (ConfUtils.java:logGet(46)) - raft.server.storage.free-space.min = 0MB (=0) (default)
2023-08-25 08:50:56,789 [6f59ded9-1d69-4648-a4a5-1116b15843fb-groupManagement] INFO  server.RaftServerConfigKeys (ConfUtils.java:logGet(46)) - raft.server.notification.no-leader.timeout = 300s (custom)
2023-08-25 08:50:56,789 [6f59ded9-1d69-4648-a4a5-1116b15843fb-groupManagement] INFO  server.RaftServerConfigKeys (ConfUtils.java:logGet(46)) - raft.server.read.timeout = 10s (default)
2023-08-25 08:50:56,789 [6f59ded9-1d69-4648-a4a5-1116b15843fb-groupManagement] INFO  server.RaftServerConfigKeys (ConfUtils.java:logGet(46)) - raft.server.retrycache.expirytime = 600000ms (custom)
2023-08-25 08:50:56,789 [6f59ded9-1d69-4648-a4a5-1116b15843fb-groupManagement] INFO  server.RaftServerConfigKeys (ConfUtils.java:logGet(46)) - raft.server.retrycache.statistics.expirytime = 100μs (default)
2023-08-25 08:50:56,789 [6f59ded9-1d69-4648-a4a5-1116b15843fb-groupManagement] INFO  server.RaftServerConfigKeys (ConfUtils.java:logGet(46)) - raft.server.read.option = DEFAULT (default)
2023-08-25 08:50:56,790 [6f59ded9-1d69-4648-a4a5-1116b15843fb-groupManagement] INFO  server.RaftServerConfigKeys (ConfUtils.java:logGet(46)) - raft.server.rpc.request.timeout = 60s (custom)
2023-08-25 08:50:56,790 [6f59ded9-1d69-4648-a4a5-1116b15843fb-groupManagement] INFO  server.RaftServerConfigKeys (ConfUtils.java:logGet(46)) - raft.server.log.appender.install.snapshot.enabled = false (custom)
2023-08-25 08:50:56,790 [6f59ded9-1d69-4648-a4a5-1116b15843fb-groupManagement] INFO  server.RaftServerConfigKeys (ConfUtils.java:logGet(46)) - raft.server.threadpool.server.cached = true (default)
2023-08-25 08:50:56,790 [6f59ded9-1d69-4648-a4a5-1116b15843fb-groupManagement] INFO  server.RaftServerConfigKeys (ConfUtils.java:logGet(46)) - raft.server.threadpool.server.size = 0 (default)
2023-08-25 08:50:56,790 [6f59ded9-1d69-4648-a4a5-1116b15843fb-groupManagement] INFO  server.RaftServerConfigKeys (ConfUtils.java:logGet(46)) - raft.server.threadpool.client.cached = true (default)
2023-08-25 08:50:56,790 [6f59ded9-1d69-4648-a4a5-1116b15843fb-groupManagement] INFO  server.RaftServerConfigKeys (ConfUtils.java:logGet(46)) - raft.server.threadpool.client.size = 0 (default)
2023-08-25 08:50:56,791 [6f59ded9-1d69-4648-a4a5-1116b15843fb-groupManagement] INFO  storage.RaftStorageDirectory (RaftStorageDirectoryImpl.java:analyzeStorage(137)) - The storage directory /home/runner/work/ozone/ozone/hadoop-ozone/integration-test/target/test-dir/MiniOzoneClusterImpl-289e54f1-59ef-4028-876b-aa1b67627a4d/datanode-0/data/ratis/e6baba83-e974-44b0-98a4-72f7012c4762 does not exist. Creating ...
2023-08-25 08:50:56,792 [6f59ded9-1d69-4648-a4a5-1116b15843fb-groupManagement] INFO  storage.RaftStorageDirectory (RaftStorageDirectoryImpl.java:tryLock(231)) - Lock on /home/runner/work/ozone/ozone/hadoop-ozone/integration-test/target/test-dir/MiniOzoneClusterImpl-289e54f1-59ef-4028-876b-aa1b67627a4d/datanode-0/data/ratis/e6baba83-e974-44b0-98a4-72f7012c4762/in_use.lock acquired by nodename 30217@fv-az584-689
2023-08-25 08:50:56,794 [6f59ded9-1d69-4648-a4a5-1116b15843fb-groupManagement] INFO  storage.RaftStorage (RaftStorageImpl.java:format(96)) - Storage directory /home/runner/work/ozone/ozone/hadoop-ozone/integration-test/target/test-dir/MiniOzoneClusterImpl-289e54f1-59ef-4028-876b-aa1b67627a4d/datanode-0/data/ratis/e6baba83-e974-44b0-98a4-72f7012c4762 has been successfully formatted.
2023-08-25 08:50:56,795 [6f59ded9-1d69-4648-a4a5-1116b15843fb-groupManagement] INFO  ratis.ContainerStateMachine (ContainerStateMachine.java:loadSnapshot(262)) - group-72F7012C4762: The snapshot info is null. Setting the last applied indexto:(t:0, i:~)
2023-08-25 08:50:56,795 [PipelineCommandHandlerThread-0] INFO  server.RaftServer (RaftServerProxy.java:addNew(98)) - 722a3cfd-0cb3-45bd-9dad-85df9dd4c55e: addNew group-A430A8A13409:[722a3cfd-0cb3-45bd-9dad-85df9dd4c55e|rpc:10.1.0.19:15032|admin:10.1.0.19:15031|client:10.1.0.19:15030|dataStream:10.1.0.19:15033|priority:1|startupRole:FOLLOWER] returns group-A430A8A13409:java.util.concurrent.CompletableFuture@14fb507c[Not completed]
2023-08-25 08:50:56,797 [722a3cfd-0cb3-45bd-9dad-85df9dd4c55e-groupManagement] INFO  server.RaftServer$Division (RaftServerImpl.java:<init>(198)) - 722a3cfd-0cb3-45bd-9dad-85df9dd4c55e: new RaftServerImpl for group-A430A8A13409:[722a3cfd-0cb3-45bd-9dad-85df9dd4c55e|rpc:10.1.0.19:15032|admin:10.1.0.19:15031|client:10.1.0.19:15030|dataStream:10.1.0.19:15033|priority:1|startupRole:FOLLOWER] with ContainerStateMachine:uninitialized
2023-08-25 08:50:56,811 [722a3cfd-0cb3-45bd-9dad-85df9dd4c55e-groupManagement] INFO  server.RaftServerConfigKeys (ConfUtils.java:logGet(46)) - raft.server.rpc.timeout.min = 5s (custom)
2023-08-25 08:50:56,811 [722a3cfd-0cb3-45bd-9dad-85df9dd4c55e-groupManagement] INFO  server.RaftServerConfigKeys (ConfUtils.java:logGet(46)) - raft.server.rpc.timeout.max = 5200ms (custom)
2023-08-25 08:50:56,811 [722a3cfd-0cb3-45bd-9dad-85df9dd4c55e-groupManagement] INFO  server.RaftServerConfigKeys (ConfUtils.java:logGet(46)) - raft.server.rpc.sleep.time = 25ms (default)
2023-08-25 08:50:56,811 [722a3cfd-0cb3-45bd-9dad-85df9dd4c55e-groupManagement] INFO  server.RaftServerConfigKeys (ConfUtils.java:logGet(46)) - raft.server.rpc.slowness.timeout = 300s (custom)
2023-08-25 08:50:56,811 [722a3cfd-0cb3-45bd-9dad-85df9dd4c55e-groupManagement] INFO  server.RaftServerConfigKeys (ConfUtils.java:logGet(46)) - raft.server.leaderelection.leader.step-down.wait-time = 10s (default)
2023-08-25 08:50:56,811 [722a3cfd-0cb3-45bd-9dad-85df9dd4c55e-groupManagement] INFO  server.RaftServerConfigKeys (ConfUtils.java:logGet(46)) - raft.server.sleep.deviation.threshold = 300ms (default)
2023-08-25 08:50:56,811 [722a3cfd-0cb3-45bd-9dad-85df9dd4c55e-groupManagement] INFO  server.RaftServer$Division (ServerState.java:<init>(120)) - 722a3cfd-0cb3-45bd-9dad-85df9dd4c55e@group-A430A8A13409: ConfigurationManager, init=-1: peers:[722a3cfd-0cb3-45bd-9dad-85df9dd4c55e|rpc:10.1.0.19:15032|admin:10.1.0.19:15031|client:10.1.0.19:15030|dataStream:10.1.0.19:15033|priority:1|startupRole:FOLLOWER]|listeners:[], old=null, confs=<EMPTY_MAP>
2023-08-25 08:50:56,811 [722a3cfd-0cb3-45bd-9dad-85df9dd4c55e-groupManagement] INFO  server.RaftServerConfigKeys (ConfUtils.java:logGet(46)) - raft.server.storage.dir = [/home/runner/work/ozone/ozone/hadoop-ozone/integration-test/target/test-dir/MiniOzoneClusterImpl-289e54f1-59ef-4028-876b-aa1b67627a4d/datanode-2/data/ratis] (custom)
2023-08-25 08:50:56,812 [722a3cfd-0cb3-45bd-9dad-85df9dd4c55e-groupManagement] INFO  server.RaftServerConfigKeys (ConfUtils.java:logGet(46)) - raft.server.log.corruption.policy = EXCEPTION (default)
2023-08-25 08:50:56,812 [722a3cfd-0cb3-45bd-9dad-85df9dd4c55e-groupManagement] INFO  server.RaftServerConfigKeys (ConfUtils.java:logGet(46)) - raft.server.storage.free-space.min = 0MB (=0) (default)
2023-08-25 08:50:56,812 [722a3cfd-0cb3-45bd-9dad-85df9dd4c55e-groupManagement] INFO  server.RaftServerConfigKeys (ConfUtils.java:logGet(46)) - raft.server.notification.no-leader.timeout = 300s (custom)
2023-08-25 08:50:56,812 [722a3cfd-0cb3-45bd-9dad-85df9dd4c55e-groupManagement] INFO  server.RaftServerConfigKeys (ConfUtils.java:logGet(46)) - raft.server.read.timeout = 10s (default)
2023-08-25 08:50:56,812 [722a3cfd-0cb3-45bd-9dad-85df9dd4c55e-groupManagement] INFO  server.RaftServerConfigKeys (ConfUtils.java:logGet(46)) - raft.server.retrycache.expirytime = 600000ms (custom)
2023-08-25 08:50:56,812 [722a3cfd-0cb3-45bd-9dad-85df9dd4c55e-groupManagement] INFO  server.RaftServerConfigKeys (ConfUtils.java:logGet(46)) - raft.server.retrycache.statistics.expirytime = 100μs (default)
2023-08-25 08:50:56,812 [722a3cfd-0cb3-45bd-9dad-85df9dd4c55e-groupManagement] INFO  server.RaftServerConfigKeys (ConfUtils.java:logGet(46)) - raft.server.read.option = DEFAULT (default)
2023-08-25 08:50:56,807 [6f59ded9-1d69-4648-a4a5-1116b15843fb-groupManagement] INFO  server.RaftServerConfigKeys (ConfUtils.java:logGet(46)) - raft.server.log.use.memory = false (default)
2023-08-25 08:50:56,807 [EventQueue-OpenPipelineForHealthyPipelineSafeModeRule] INFO  safemode.SCMSafeModeManager (HealthyPipelineSafeModeRule.java:process(137)) - SCM in safe mode. Healthy pipelines reported count is 0, required healthy pipeline reported count is 1
2023-08-25 08:50:56,813 [6f59ded9-1d69-4648-a4a5-1116b15843fb-groupManagement] INFO  server.RaftServerConfigKeys (ConfUtils.java:logGet(46)) - raft.server.log.purge.gap = 1000000 (custom)
2023-08-25 08:50:56,813 [6f59ded9-1d69-4648-a4a5-1116b15843fb-groupManagement] INFO  server.RaftServerConfigKeys (ConfUtils.java:logGet(46)) - raft.server.log.appender.buffer.byte-limit = 33554432 (custom)
2023-08-25 08:50:56,813 [6f59ded9-1d69-4648-a4a5-1116b15843fb-groupManagement] INFO  server.RaftServerConfigKeys (ConfUtils.java:logGet(46)) - raft.server.log.statemachine.data.read.timeout = 1000ms (default)
2023-08-25 08:50:56,813 [6f59ded9-1d69-4648-a4a5-1116b15843fb-groupManagement] INFO  server.RaftServerConfigKeys (ConfUtils.java:logGet(46)) - raft.server.log.purge.preservation.log.num = 0 (default)
2023-08-25 08:50:56,814 [6f59ded9-1d69-4648-a4a5-1116b15843fb-groupManagement] INFO  server.RaftServerConfigKeys (ConfUtils.java:logGet(46)) - raft.server.log.segment.size.max = 1048576 (custom)
2023-08-25 08:50:56,814 [6f59ded9-1d69-4648-a4a5-1116b15843fb-groupManagement] INFO  server.RaftServerConfigKeys (ConfUtils.java:logGet(46)) - raft.server.log.segment.cache.num.max = 2 (custom)
2023-08-25 08:50:56,814 [6f59ded9-1d69-4648-a4a5-1116b15843fb-groupManagement] INFO  server.RaftServerConfigKeys (ConfUtils.java:logGet(46)) - raft.server.log.segment.cache.size.max = 200MB (=209715200) (default)
2023-08-25 08:50:56,814 [6f59ded9-1d69-4648-a4a5-1116b15843fb-groupManagement] INFO  server.RaftServerConfigKeys (ConfUtils.java:logGet(46)) - raft.server.log.appender.buffer.byte-limit = 33554432 (custom)
2023-08-25 08:50:56,814 [6f59ded9-1d69-4648-a4a5-1116b15843fb-groupManagement] INFO  segmented.SegmentedRaftLogWorker (SegmentedRaftLogWorker.java:<init>(188)) - new 6f59ded9-1d69-4648-a4a5-1116b15843fb@group-72F7012C4762-SegmentedRaftLogWorker for RaftStorageImpl:Storage Directory /home/runner/work/ozone/ozone/hadoop-ozone/integration-test/target/test-dir/MiniOzoneClusterImpl-289e54f1-59ef-4028-876b-aa1b67627a4d/datanode-0/data/ratis/e6baba83-e974-44b0-98a4-72f7012c4762
2023-08-25 08:50:56,814 [6f59ded9-1d69-4648-a4a5-1116b15843fb-groupManagement] INFO  server.RaftServerConfigKeys (ConfUtils.java:logGet(46)) - raft.server.log.queue.byte-limit = 4294967296 (custom)
2023-08-25 08:50:56,814 [6f59ded9-1d69-4648-a4a5-1116b15843fb-groupManagement] INFO  server.RaftServerConfigKeys (ConfUtils.java:logGet(46)) - raft.server.log.queue.element-limit = 1024 (custom)
2023-08-25 08:50:56,815 [6f59ded9-1d69-4648-a4a5-1116b15843fb-groupManagement] INFO  server.RaftServerConfigKeys (ConfUtils.java:logGet(46)) - raft.server.log.segment.size.max = 1048576 (custom)
2023-08-25 08:50:56,815 [6f59ded9-1d69-4648-a4a5-1116b15843fb-groupManagement] INFO  server.RaftServerConfigKeys (ConfUtils.java:logGet(46)) - raft.server.log.preallocated.size = 16384 (custom)
2023-08-25 08:50:56,815 [6f59ded9-1d69-4648-a4a5-1116b15843fb-groupManagement] INFO  server.RaftServerConfigKeys (ConfUtils.java:logGet(46)) - raft.server.log.force.sync.num = 128 (default)
2023-08-25 08:50:56,815 [6f59ded9-1d69-4648-a4a5-1116b15843fb-groupManagement] INFO  server.RaftServerConfigKeys (ConfUtils.java:logGet(46)) - raft.server.log.statemachine.data.sync = true (default)
2023-08-25 08:50:56,813 [722a3cfd-0cb3-45bd-9dad-85df9dd4c55e-groupManagement] INFO  server.RaftServerConfigKeys (ConfUtils.java:logGet(46)) - raft.server.rpc.request.timeout = 60s (custom)
2023-08-25 08:50:56,815 [722a3cfd-0cb3-45bd-9dad-85df9dd4c55e-groupManagement] INFO  server.RaftServerConfigKeys (ConfUtils.java:logGet(46)) - raft.server.log.appender.install.snapshot.enabled = false (custom)
2023-08-25 08:50:56,815 [722a3cfd-0cb3-45bd-9dad-85df9dd4c55e-groupManagement] INFO  server.RaftServerConfigKeys (ConfUtils.java:logGet(46)) - raft.server.threadpool.server.cached = true (default)
2023-08-25 08:50:56,815 [722a3cfd-0cb3-45bd-9dad-85df9dd4c55e-groupManagement] INFO  server.RaftServerConfigKeys (ConfUtils.java:logGet(46)) - raft.server.threadpool.server.size = 0 (default)
2023-08-25 08:50:56,815 [722a3cfd-0cb3-45bd-9dad-85df9dd4c55e-groupManagement] INFO  server.RaftServerConfigKeys (ConfUtils.java:logGet(46)) - raft.server.threadpool.client.cached = true (default)
2023-08-25 08:50:56,815 [722a3cfd-0cb3-45bd-9dad-85df9dd4c55e-groupManagement] INFO  server.RaftServerConfigKeys (ConfUtils.java:logGet(46)) - raft.server.threadpool.client.size = 0 (default)
2023-08-25 08:50:56,815 [722a3cfd-0cb3-45bd-9dad-85df9dd4c55e-groupManagement] INFO  storage.RaftStorageDirectory (RaftStorageDirectoryImpl.java:analyzeStorage(137)) - The storage directory /home/runner/work/ozone/ozone/hadoop-ozone/integration-test/target/test-dir/MiniOzoneClusterImpl-289e54f1-59ef-4028-876b-aa1b67627a4d/datanode-2/data/ratis/b9824601-f4e3-45ac-b4d8-a430a8a13409 does not exist. Creating ...
2023-08-25 08:50:56,815 [6f59ded9-1d69-4648-a4a5-1116b15843fb-groupManagement] INFO  server.RaftServerConfigKeys (ConfUtils.java:logGet(46)) - raft.server.log.statemachine.data.sync.timeout = 10s (default)
2023-08-25 08:50:56,816 [6f59ded9-1d69-4648-a4a5-1116b15843fb-groupManagement] INFO  server.RaftServerConfigKeys (ConfUtils.java:logGet(46)) - raft.server.log.statemachine.data.sync.timeout.retry = -1 (default)
2023-08-25 08:50:56,816 [6f59ded9-1d69-4648-a4a5-1116b15843fb-groupManagement] INFO  server.RaftServerConfigKeys (ConfUtils.java:logGet(46)) - raft.server.log.write.buffer.size = 1048576 (custom)
2023-08-25 08:50:56,817 [722a3cfd-0cb3-45bd-9dad-85df9dd4c55e-groupManagement] INFO  storage.RaftStorageDirectory (RaftStorageDirectoryImpl.java:tryLock(231)) - Lock on /home/runner/work/ozone/ozone/hadoop-ozone/integration-test/target/test-dir/MiniOzoneClusterImpl-289e54f1-59ef-4028-876b-aa1b67627a4d/datanode-2/data/ratis/b9824601-f4e3-45ac-b4d8-a430a8a13409/in_use.lock acquired by nodename 30217@fv-az584-689
2023-08-25 08:50:56,818 [6f59ded9-1d69-4648-a4a5-1116b15843fb-groupManagement] INFO  server.RaftServerConfigKeys (ConfUtils.java:logGet(46)) - raft.server.log.appender.buffer.byte-limit = 33554432 (custom)
2023-08-25 08:50:56,818 [722a3cfd-0cb3-45bd-9dad-85df9dd4c55e-groupManagement] INFO  storage.RaftStorage (RaftStorageImpl.java:format(96)) - Storage directory /home/runner/work/ozone/ozone/hadoop-ozone/integration-test/target/test-dir/MiniOzoneClusterImpl-289e54f1-59ef-4028-876b-aa1b67627a4d/datanode-2/data/ratis/b9824601-f4e3-45ac-b4d8-a430a8a13409 has been successfully formatted.
2023-08-25 08:50:56,824 [6f59ded9-1d69-4648-a4a5-1116b15843fb-groupManagement] INFO  server.RaftServerConfigKeys (ConfUtils.java:logGet(46)) - raft.server.log.unsafe-flush.enabled = false (default)
2023-08-25 08:50:56,824 [6f59ded9-1d69-4648-a4a5-1116b15843fb-groupManagement] INFO  server.RaftServerConfigKeys (ConfUtils.java:logGet(46)) - raft.server.log.async-flush.enabled = false (default)
2023-08-25 08:50:56,824 [6f59ded9-1d69-4648-a4a5-1116b15843fb-groupManagement] INFO  server.RaftServerConfigKeys (ConfUtils.java:logGet(46)) - raft.server.log.statemachine.data.caching.enabled = true (custom)
2023-08-25 08:50:56,824 [6f59ded9-1d69-4648-a4a5-1116b15843fb-groupManagement] INFO  segmented.SegmentedRaftLogWorker (SegmentedRaftLogWorker.java:lambda$new$0(135)) - 6f59ded9-1d69-4648-a4a5-1116b15843fb@group-72F7012C4762-SegmentedRaftLogWorker: flushIndex: setUnconditionally 0 -> -1
2023-08-25 08:50:56,824 [6f59ded9-1d69-4648-a4a5-1116b15843fb-groupManagement] INFO  segmented.SegmentedRaftLogWorker (SegmentedRaftLogWorker.java:lambda$new$0(135)) - 6f59ded9-1d69-4648-a4a5-1116b15843fb@group-72F7012C4762-SegmentedRaftLogWorker: safeCacheEvictIndex: setUnconditionally 0 -> -1
2023-08-25 08:50:56,825 [722a3cfd-0cb3-45bd-9dad-85df9dd4c55e-groupManagement] INFO  ratis.ContainerStateMachine (ContainerStateMachine.java:loadSnapshot(262)) - group-A430A8A13409: The snapshot info is null. Setting the last applied indexto:(t:0, i:~)
2023-08-25 08:50:56,825 [722a3cfd-0cb3-45bd-9dad-85df9dd4c55e-groupManagement] INFO  server.RaftServerConfigKeys (ConfUtils.java:logGet(46)) - raft.server.log.use.memory = false (default)
2023-08-25 08:50:56,825 [722a3cfd-0cb3-45bd-9dad-85df9dd4c55e-groupManagement] INFO  server.RaftServerConfigKeys (ConfUtils.java:logGet(46)) - raft.server.log.purge.gap = 1000000 (custom)
2023-08-25 08:50:56,825 [722a3cfd-0cb3-45bd-9dad-85df9dd4c55e-groupManagement] INFO  server.RaftServerConfigKeys (ConfUtils.java:logGet(46)) - raft.server.log.appender.buffer.byte-limit = 33554432 (custom)
2023-08-25 08:50:56,825 [722a3cfd-0cb3-45bd-9dad-85df9dd4c55e-groupManagement] INFO  server.RaftServerConfigKeys (ConfUtils.java:logGet(46)) - raft.server.log.statemachine.data.read.timeout = 1000ms (default)
2023-08-25 08:50:56,825 [722a3cfd-0cb3-45bd-9dad-85df9dd4c55e-groupManagement] INFO  server.RaftServerConfigKeys (ConfUtils.java:logGet(46)) - raft.server.log.purge.preservation.log.num = 0 (default)
2023-08-25 08:50:56,825 [722a3cfd-0cb3-45bd-9dad-85df9dd4c55e-groupManagement] INFO  server.RaftServerConfigKeys (ConfUtils.java:logGet(46)) - raft.server.log.segment.size.max = 1048576 (custom)
2023-08-25 08:50:56,826 [722a3cfd-0cb3-45bd-9dad-85df9dd4c55e-groupManagement] INFO  server.RaftServerConfigKeys (ConfUtils.java:logGet(46)) - raft.server.log.segment.cache.num.max = 2 (custom)
2023-08-25 08:50:56,826 [722a3cfd-0cb3-45bd-9dad-85df9dd4c55e-groupManagement] INFO  server.RaftServerConfigKeys (ConfUtils.java:logGet(46)) - raft.server.log.segment.cache.size.max = 200MB (=209715200) (default)
2023-08-25 08:50:56,826 [722a3cfd-0cb3-45bd-9dad-85df9dd4c55e-groupManagement] INFO  server.RaftServerConfigKeys (ConfUtils.java:logGet(46)) - raft.server.log.appender.buffer.byte-limit = 33554432 (custom)
2023-08-25 08:50:56,826 [722a3cfd-0cb3-45bd-9dad-85df9dd4c55e-groupManagement] INFO  segmented.SegmentedRaftLogWorker (SegmentedRaftLogWorker.java:<init>(188)) - new 722a3cfd-0cb3-45bd-9dad-85df9dd4c55e@group-A430A8A13409-SegmentedRaftLogWorker for RaftStorageImpl:Storage Directory /home/runner/work/ozone/ozone/hadoop-ozone/integration-test/target/test-dir/MiniOzoneClusterImpl-289e54f1-59ef-4028-876b-aa1b67627a4d/datanode-2/data/ratis/b9824601-f4e3-45ac-b4d8-a430a8a13409
2023-08-25 08:50:56,826 [722a3cfd-0cb3-45bd-9dad-85df9dd4c55e-groupManagement] INFO  server.RaftServerConfigKeys (ConfUtils.java:logGet(46)) - raft.server.log.queue.byte-limit = 4294967296 (custom)
2023-08-25 08:50:56,826 [722a3cfd-0cb3-45bd-9dad-85df9dd4c55e-groupManagement] INFO  server.RaftServerConfigKeys (ConfUtils.java:logGet(46)) - raft.server.log.queue.element-limit = 1024 (custom)
2023-08-25 08:50:56,826 [722a3cfd-0cb3-45bd-9dad-85df9dd4c55e-groupManagement] INFO  server.RaftServerConfigKeys (ConfUtils.java:logGet(46)) - raft.server.log.segment.size.max = 1048576 (custom)
2023-08-25 08:50:56,826 [722a3cfd-0cb3-45bd-9dad-85df9dd4c55e-groupManagement] INFO  server.RaftServerConfigKeys (ConfUtils.java:logGet(46)) - raft.server.log.preallocated.size = 16384 (custom)
2023-08-25 08:50:56,826 [722a3cfd-0cb3-45bd-9dad-85df9dd4c55e-groupManagement] INFO  server.RaftServerConfigKeys (ConfUtils.java:logGet(46)) - raft.server.log.force.sync.num = 128 (default)
2023-08-25 08:50:56,826 [722a3cfd-0cb3-45bd-9dad-85df9dd4c55e-groupManagement] INFO  server.RaftServerConfigKeys (ConfUtils.java:logGet(46)) - raft.server.log.statemachine.data.sync = true (default)
2023-08-25 08:50:56,826 [722a3cfd-0cb3-45bd-9dad-85df9dd4c55e-groupManagement] INFO  server.RaftServerConfigKeys (ConfUtils.java:logGet(46)) - raft.server.log.statemachine.data.sync.timeout = 10s (default)
2023-08-25 08:50:56,826 [722a3cfd-0cb3-45bd-9dad-85df9dd4c55e-groupManagement] INFO  server.RaftServerConfigKeys (ConfUtils.java:logGet(46)) - raft.server.log.statemachine.data.sync.timeout.retry = -1 (default)
2023-08-25 08:50:56,827 [722a3cfd-0cb3-45bd-9dad-85df9dd4c55e-groupManagement] INFO  server.RaftServerConfigKeys (ConfUtils.java:logGet(46)) - raft.server.log.write.buffer.size = 1048576 (custom)
2023-08-25 08:50:56,828 [722a3cfd-0cb3-45bd-9dad-85df9dd4c55e-groupManagement] INFO  server.RaftServerConfigKeys (ConfUtils.java:logGet(46)) - raft.server.log.appender.buffer.byte-limit = 33554432 (custom)
2023-08-25 08:50:56,831 [6f59ded9-1d69-4648-a4a5-1116b15843fb-groupManagement] INFO  server.RaftServer$Division (RaftServerImpl.java:start(342)) - 6f59ded9-1d69-4648-a4a5-1116b15843fb@group-72F7012C4762: start as a follower, conf=-1: peers:[722a3cfd-0cb3-45bd-9dad-85df9dd4c55e|rpc:10.1.0.19:15032|admin:10.1.0.19:15031|client:10.1.0.19:15030|dataStream:10.1.0.19:15033|priority:0|startupRole:FOLLOWER, 6f59ded9-1d69-4648-a4a5-1116b15843fb|rpc:10.1.0.19:15014|admin:10.1.0.19:15013|client:10.1.0.19:15012|dataStream:10.1.0.19:15015|priority:1|startupRole:FOLLOWER, 5e5d2cfb-a693-459c-b621-520c42fdac66|rpc:10.1.0.19:15023|admin:10.1.0.19:15022|client:10.1.0.19:15021|dataStream:10.1.0.19:15024|priority:0|startupRole:FOLLOWER]|listeners:[], old=null
2023-08-25 08:50:56,839 [PipelineCommandHandlerThread-0] INFO  commandhandler.CreatePipelineCommandHandler (CreatePipelineCommandHandler.java:lambda$handle$2(124)) - Created Pipeline RATIS THREE PipelineID=809e3c79-4f70-494e-a9e8-2a842429a16a.
2023-08-25 08:50:56,840 [PipelineCommandHandlerThread-0] INFO  server.RaftServer (RaftServerProxy.java:addNew(98)) - 5e5d2cfb-a693-459c-b621-520c42fdac66: addNew group-72F7012C4762:[722a3cfd-0cb3-45bd-9dad-85df9dd4c55e|rpc:10.1.0.19:15032|admin:10.1.0.19:15031|client:10.1.0.19:15030|dataStream:10.1.0.19:15033|priority:0|startupRole:FOLLOWER, 6f59ded9-1d69-4648-a4a5-1116b15843fb|rpc:10.1.0.19:15014|admin:10.1.0.19:15013|client:10.1.0.19:15012|dataStream:10.1.0.19:15015|priority:1|startupRole:FOLLOWER, 5e5d2cfb-a693-459c-b621-520c42fdac66|rpc:10.1.0.19:15023|admin:10.1.0.19:15022|client:10.1.0.19:15021|dataStream:10.1.0.19:15024|priority:0|startupRole:FOLLOWER] returns group-72F7012C4762:java.util.concurrent.CompletableFuture@1f310b96[Not completed]
2023-08-25 08:50:56,838 [722a3cfd-0cb3-45bd-9dad-85df9dd4c55e-groupManagement] INFO  server.RaftServerConfigKeys (ConfUtils.java:logGet(46)) - raft.server.log.unsafe-flush.enabled = false (default)
2023-08-25 08:50:56,842 [EventQueue-PipelineReportForPipelineReportHandler] INFO  pipeline.PipelineReportHandler (PipelineReportHandler.java:processPipelineReport(136)) - Opened pipeline PipelineID=b9824601-f4e3-45ac-b4d8-a430a8a13409
2023-08-25 08:50:56,840 [6f59ded9-1d69-4648-a4a5-1116b15843fb-groupManagement] INFO  server.RaftServer$Division (RaftServerImpl.java:setRole(329)) - 6f59ded9-1d69-4648-a4a5-1116b15843fb@group-72F7012C4762: changes role from      null to FOLLOWER at term 0 for startAsFollower
2023-08-25 08:50:56,849 [EventQueue-OpenPipelineForHealthyPipelineSafeModeRule] INFO  safemode.SCMSafeModeManager (HealthyPipelineSafeModeRule.java:process(137)) - SCM in safe mode. Healthy pipelines reported count is 0, required healthy pipeline reported count is 1
2023-08-25 08:50:56,849 [6f59ded9-1d69-4648-a4a5-1116b15843fb-groupManagement] INFO  impl.RoleInfo (RoleInfo.java:updateAndGet(139)) - 6f59ded9-1d69-4648-a4a5-1116b15843fb: start 6f59ded9-1d69-4648-a4a5-1116b15843fb@group-72F7012C4762-FollowerState
2023-08-25 08:50:56,849 [722a3cfd-0cb3-45bd-9dad-85df9dd4c55e-groupManagement] INFO  server.RaftServerConfigKeys (ConfUtils.java:logGet(46)) - raft.server.log.async-flush.enabled = false (default)
2023-08-25 08:50:56,845 [5e5d2cfb-a693-459c-b621-520c42fdac66-groupManagement] INFO  server.RaftServer$Division (RaftServerImpl.java:<init>(198)) - 5e5d2cfb-a693-459c-b621-520c42fdac66: new RaftServerImpl for group-72F7012C4762:[722a3cfd-0cb3-45bd-9dad-85df9dd4c55e|rpc:10.1.0.19:15032|admin:10.1.0.19:15031|client:10.1.0.19:15030|dataStream:10.1.0.19:15033|priority:0|startupRole:FOLLOWER, 6f59ded9-1d69-4648-a4a5-1116b15843fb|rpc:10.1.0.19:15014|admin:10.1.0.19:15013|client:10.1.0.19:15012|dataStream:10.1.0.19:15015|priority:1|startupRole:FOLLOWER, 5e5d2cfb-a693-459c-b621-520c42fdac66|rpc:10.1.0.19:15023|admin:10.1.0.19:15022|client:10.1.0.19:15021|dataStream:10.1.0.19:15024|priority:0|startupRole:FOLLOWER] with ContainerStateMachine:uninitialized
2023-08-25 08:50:56,850 [6f59ded9-1d69-4648-a4a5-1116b15843fb-groupManagement] INFO  util.JmxRegister (JmxRegister.java:tryRegister(44)) - Successfully registered JMX Bean with object name Ratis:service=RaftServer,group=group-72F7012C4762,id=6f59ded9-1d69-4648-a4a5-1116b15843fb
2023-08-25 08:50:56,850 [6f59ded9-1d69-4648-a4a5-1116b15843fb-groupManagement] INFO  server.RaftServerConfigKeys (ConfUtils.java:logGet(46)) - raft.server.snapshot.auto.trigger.enabled = true (custom)
2023-08-25 08:50:56,850 [6f59ded9-1d69-4648-a4a5-1116b15843fb-groupManagement] INFO  server.RaftServerConfigKeys (ConfUtils.java:logGet(46)) - raft.server.snapshot.auto.trigger.threshold = 10000 (custom)
2023-08-25 08:50:56,850 [6f59ded9-1d69-4648-a4a5-1116b15843fb-groupManagement] INFO  server.RaftServerConfigKeys (ConfUtils.java:logGet(46)) - raft.server.snapshot.retention.file.num = 5 (custom)
2023-08-25 08:50:56,850 [6f59ded9-1d69-4648-a4a5-1116b15843fb-groupManagement] INFO  server.RaftServerConfigKeys (ConfUtils.java:logGet(46)) - raft.server.log.purge.upto.snapshot.index = false (default)
2023-08-25 08:50:56,851 [6f59ded9-1d69-4648-a4a5-1116b15843fb@group-72F7012C4762-FollowerState] INFO  server.RaftServerConfigKeys (ConfUtils.java:logFallback(53)) - raft.server.rpc.first-election.timeout.min = 5s (fallback to raft.server.rpc.timeout.min)
2023-08-25 08:50:56,850 [722a3cfd-0cb3-45bd-9dad-85df9dd4c55e-groupManagement] INFO  server.RaftServerConfigKeys (ConfUtils.java:logGet(46)) - raft.server.log.statemachine.data.caching.enabled = true (custom)
2023-08-25 08:50:56,850 [5e5d2cfb-a693-459c-b621-520c42fdac66-groupManagement] INFO  server.RaftServerConfigKeys (ConfUtils.java:logGet(46)) - raft.server.rpc.timeout.min = 5s (custom)
2023-08-25 08:50:56,853 [5e5d2cfb-a693-459c-b621-520c42fdac66-groupManagement] INFO  server.RaftServerConfigKeys (ConfUtils.java:logGet(46)) - raft.server.rpc.timeout.max = 5200ms (custom)
2023-08-25 08:50:56,853 [5e5d2cfb-a693-459c-b621-520c42fdac66-groupManagement] INFO  server.RaftServerConfigKeys (ConfUtils.java:logGet(46)) - raft.server.rpc.sleep.time = 25ms (default)
2023-08-25 08:50:56,853 [5e5d2cfb-a693-459c-b621-520c42fdac66-groupManagement] INFO  server.RaftServerConfigKeys (ConfUtils.java:logGet(46)) - raft.server.rpc.slowness.timeout = 300s (custom)
2023-08-25 08:50:56,853 [5e5d2cfb-a693-459c-b621-520c42fdac66-groupManagement] INFO  server.RaftServerConfigKeys (ConfUtils.java:logGet(46)) - raft.server.leaderelection.leader.step-down.wait-time = 10s (default)
2023-08-25 08:50:56,854 [5e5d2cfb-a693-459c-b621-520c42fdac66-groupManagement] INFO  server.RaftServerConfigKeys (ConfUtils.java:logGet(46)) - raft.server.sleep.deviation.threshold = 300ms (default)
2023-08-25 08:50:56,854 [5e5d2cfb-a693-459c-b621-520c42fdac66-groupManagement] INFO  server.RaftServer$Division (ServerState.java:<init>(120)) - 5e5d2cfb-a693-459c-b621-520c42fdac66@group-72F7012C4762: ConfigurationManager, init=-1: peers:[722a3cfd-0cb3-45bd-9dad-85df9dd4c55e|rpc:10.1.0.19:15032|admin:10.1.0.19:15031|client:10.1.0.19:15030|dataStream:10.1.0.19:15033|priority:0|startupRole:FOLLOWER, 6f59ded9-1d69-4648-a4a5-1116b15843fb|rpc:10.1.0.19:15014|admin:10.1.0.19:15013|client:10.1.0.19:15012|dataStream:10.1.0.19:15015|priority:1|startupRole:FOLLOWER, 5e5d2cfb-a693-459c-b621-520c42fdac66|rpc:10.1.0.19:15023|admin:10.1.0.19:15022|client:10.1.0.19:15021|dataStream:10.1.0.19:15024|priority:0|startupRole:FOLLOWER]|listeners:[], old=null, confs=<EMPTY_MAP>
2023-08-25 08:50:56,854 [5e5d2cfb-a693-459c-b621-520c42fdac66-groupManagement] INFO  server.RaftServerConfigKeys (ConfUtils.java:logGet(46)) - raft.server.storage.dir = [/home/runner/work/ozone/ozone/hadoop-ozone/integration-test/target/test-dir/MiniOzoneClusterImpl-289e54f1-59ef-4028-876b-aa1b67627a4d/datanode-1/data/ratis] (custom)
2023-08-25 08:50:56,854 [5e5d2cfb-a693-459c-b621-520c42fdac66-groupManagement] INFO  server.RaftServerConfigKeys (ConfUtils.java:logGet(46)) - raft.server.log.corruption.policy = EXCEPTION (default)
2023-08-25 08:50:56,854 [5e5d2cfb-a693-459c-b621-520c42fdac66-groupManagement] INFO  server.RaftServerConfigKeys (ConfUtils.java:logGet(46)) - raft.server.storage.free-space.min = 0MB (=0) (default)
2023-08-25 08:50:56,855 [5e5d2cfb-a693-459c-b621-520c42fdac66-groupManagement] INFO  server.RaftServerConfigKeys (ConfUtils.java:logGet(46)) - raft.server.notification.no-leader.timeout = 300s (custom)
2023-08-25 08:50:56,855 [5e5d2cfb-a693-459c-b621-520c42fdac66-groupManagement] INFO  server.RaftServerConfigKeys (ConfUtils.java:logGet(46)) - raft.server.read.timeout = 10s (default)
2023-08-25 08:50:56,855 [5e5d2cfb-a693-459c-b621-520c42fdac66-groupManagement] INFO  server.RaftServerConfigKeys (ConfUtils.java:logGet(46)) - raft.server.retrycache.expirytime = 600000ms (custom)
2023-08-25 08:50:56,855 [5e5d2cfb-a693-459c-b621-520c42fdac66-groupManagement] INFO  server.RaftServerConfigKeys (ConfUtils.java:logGet(46)) - raft.server.retrycache.statistics.expirytime = 100μs (default)
2023-08-25 08:50:56,855 [5e5d2cfb-a693-459c-b621-520c42fdac66-groupManagement] INFO  server.RaftServerConfigKeys (ConfUtils.java:logGet(46)) - raft.server.read.option = DEFAULT (default)
2023-08-25 08:50:56,856 [5e5d2cfb-a693-459c-b621-520c42fdac66-groupManagement] INFO  server.RaftServerConfigKeys (ConfUtils.java:logGet(46)) - raft.server.rpc.request.timeout = 60s (custom)
2023-08-25 08:50:56,856 [5e5d2cfb-a693-459c-b621-520c42fdac66-groupManagement] INFO  server.RaftServerConfigKeys (ConfUtils.java:logGet(46)) - raft.server.log.appender.install.snapshot.enabled = false (custom)
2023-08-25 08:50:56,856 [5e5d2cfb-a693-459c-b621-520c42fdac66-groupManagement] INFO  server.RaftServerConfigKeys (ConfUtils.java:logGet(46)) - raft.server.threadpool.server.cached = true (default)
2023-08-25 08:50:56,856 [5e5d2cfb-a693-459c-b621-520c42fdac66-groupManagement] INFO  server.RaftServerConfigKeys (ConfUtils.java:logGet(46)) - raft.server.threadpool.server.size = 0 (default)
2023-08-25 08:50:56,856 [5e5d2cfb-a693-459c-b621-520c42fdac66-groupManagement] INFO  server.RaftServerConfigKeys (ConfUtils.java:logGet(46)) - raft.server.threadpool.client.cached = true (default)
2023-08-25 08:50:56,856 [5e5d2cfb-a693-459c-b621-520c42fdac66-groupManagement] INFO  server.RaftServerConfigKeys (ConfUtils.java:logGet(46)) - raft.server.threadpool.client.size = 0 (default)
2023-08-25 08:50:56,852 [PipelineCommandHandlerThread-0] INFO  ratis.XceiverServerRatis (XceiverServerRatis.java:addGroup(804)) - Created group PipelineID=e6baba83-e974-44b0-98a4-72f7012c4762
2023-08-25 08:50:56,859 [5e5d2cfb-a693-459c-b621-520c42fdac66-groupManagement] INFO  storage.RaftStorageDirectory (RaftStorageDirectoryImpl.java:analyzeStorage(137)) - The storage directory /home/runner/work/ozone/ozone/hadoop-ozone/integration-test/target/test-dir/MiniOzoneClusterImpl-289e54f1-59ef-4028-876b-aa1b67627a4d/datanode-1/data/ratis/e6baba83-e974-44b0-98a4-72f7012c4762 does not exist. Creating ...
2023-08-25 08:50:56,862 [5e5d2cfb-a693-459c-b621-520c42fdac66-groupManagement] INFO  storage.RaftStorageDirectory (RaftStorageDirectoryImpl.java:tryLock(231)) - Lock on /home/runner/work/ozone/ozone/hadoop-ozone/integration-test/target/test-dir/MiniOzoneClusterImpl-289e54f1-59ef-4028-876b-aa1b67627a4d/datanode-1/data/ratis/e6baba83-e974-44b0-98a4-72f7012c4762/in_use.lock acquired by nodename 30217@fv-az584-689
2023-08-25 08:50:56,859 [722a3cfd-0cb3-45bd-9dad-85df9dd4c55e-groupManagement] INFO  segmented.SegmentedRaftLogWorker (SegmentedRaftLogWorker.java:lambda$new$0(135)) - 722a3cfd-0cb3-45bd-9dad-85df9dd4c55e@group-A430A8A13409-SegmentedRaftLogWorker: flushIndex: setUnconditionally 0 -> -1
2023-08-25 08:50:56,862 [722a3cfd-0cb3-45bd-9dad-85df9dd4c55e-groupManagement] INFO  segmented.SegmentedRaftLogWorker (SegmentedRaftLogWorker.java:lambda$new$0(135)) - 722a3cfd-0cb3-45bd-9dad-85df9dd4c55e@group-A430A8A13409-SegmentedRaftLogWorker: safeCacheEvictIndex: setUnconditionally 0 -> -1
2023-08-25 08:50:56,868 [722a3cfd-0cb3-45bd-9dad-85df9dd4c55e-groupManagement] INFO  server.RaftServer$Division (RaftServerImpl.java:start(342)) - 722a3cfd-0cb3-45bd-9dad-85df9dd4c55e@group-A430A8A13409: start as a follower, conf=-1: peers:[722a3cfd-0cb3-45bd-9dad-85df9dd4c55e|rpc:10.1.0.19:15032|admin:10.1.0.19:15031|client:10.1.0.19:15030|dataStream:10.1.0.19:15033|priority:1|startupRole:FOLLOWER]|listeners:[], old=null
2023-08-25 08:50:56,868 [722a3cfd-0cb3-45bd-9dad-85df9dd4c55e-groupManagement] INFO  server.RaftServer$Division (RaftServerImpl.java:setRole(329)) - 722a3cfd-0cb3-45bd-9dad-85df9dd4c55e@group-A430A8A13409: changes role from      null to FOLLOWER at term 0 for startAsFollower
2023-08-25 08:50:56,868 [722a3cfd-0cb3-45bd-9dad-85df9dd4c55e-groupManagement] INFO  impl.RoleInfo (RoleInfo.java:updateAndGet(139)) - 722a3cfd-0cb3-45bd-9dad-85df9dd4c55e: start 722a3cfd-0cb3-45bd-9dad-85df9dd4c55e@group-A430A8A13409-FollowerState
2023-08-25 08:50:56,869 [5e5d2cfb-a693-459c-b621-520c42fdac66-groupManagement] INFO  storage.RaftStorage (RaftStorageImpl.java:format(96)) - Storage directory /home/runner/work/ozone/ozone/hadoop-ozone/integration-test/target/test-dir/MiniOzoneClusterImpl-289e54f1-59ef-4028-876b-aa1b67627a4d/datanode-1/data/ratis/e6baba83-e974-44b0-98a4-72f7012c4762 has been successfully formatted.
2023-08-25 08:50:56,872 [722a3cfd-0cb3-45bd-9dad-85df9dd4c55e-groupManagement] INFO  util.JmxRegister (JmxRegister.java:tryRegister(44)) - Successfully registered JMX Bean with object name Ratis:service=RaftServer,group=group-A430A8A13409,id=722a3cfd-0cb3-45bd-9dad-85df9dd4c55e
2023-08-25 08:50:56,872 [722a3cfd-0cb3-45bd-9dad-85df9dd4c55e-groupManagement] INFO  server.RaftServerConfigKeys (ConfUtils.java:logGet(46)) - raft.server.snapshot.auto.trigger.enabled = true (custom)
2023-08-25 08:50:56,872 [722a3cfd-0cb3-45bd-9dad-85df9dd4c55e-groupManagement] INFO  server.RaftServerConfigKeys (ConfUtils.java:logGet(46)) - raft.server.snapshot.auto.trigger.threshold = 10000 (custom)
2023-08-25 08:50:56,872 [722a3cfd-0cb3-45bd-9dad-85df9dd4c55e-groupManagement] INFO  server.RaftServerConfigKeys (ConfUtils.java:logGet(46)) - raft.server.snapshot.retention.file.num = 5 (custom)
2023-08-25 08:50:56,872 [722a3cfd-0cb3-45bd-9dad-85df9dd4c55e-groupManagement] INFO  server.RaftServerConfigKeys (ConfUtils.java:logGet(46)) - raft.server.log.purge.upto.snapshot.index = false (default)
2023-08-25 08:50:56,873 [722a3cfd-0cb3-45bd-9dad-85df9dd4c55e@group-A430A8A13409-FollowerState] INFO  server.RaftServerConfigKeys (ConfUtils.java:logFallback(53)) - raft.server.rpc.first-election.timeout.min = 5s (fallback to raft.server.rpc.timeout.min)
2023-08-25 08:50:56,873 [722a3cfd-0cb3-45bd-9dad-85df9dd4c55e@group-A430A8A13409-FollowerState] INFO  server.RaftServerConfigKeys (ConfUtils.java:logFallback(53)) - raft.server.rpc.first-election.timeout.max = 5200ms (fallback to raft.server.rpc.timeout.max)
2023-08-25 08:50:56,873 [6f59ded9-1d69-4648-a4a5-1116b15843fb@group-72F7012C4762-FollowerState] INFO  server.RaftServerConfigKeys (ConfUtils.java:logFallback(53)) - raft.server.rpc.first-election.timeout.max = 5200ms (fallback to raft.server.rpc.timeout.max)
2023-08-25 08:50:56,885 [PipelineCommandHandlerThread-0] INFO  ratis.XceiverServerRatis (XceiverServerRatis.java:addGroup(804)) - Created group PipelineID=b9824601-f4e3-45ac-b4d8-a430a8a13409
2023-08-25 08:50:56,885 [PipelineCommandHandlerThread-0] INFO  commandhandler.CreatePipelineCommandHandler (CreatePipelineCommandHandler.java:lambda$handle$2(124)) - Created Pipeline RATIS ONE PipelineID=b9824601-f4e3-45ac-b4d8-a430a8a13409.
2023-08-25 08:50:56,886 [PipelineCommandHandlerThread-0] INFO  server.RaftServer (RaftServerProxy.java:addNew(98)) - 722a3cfd-0cb3-45bd-9dad-85df9dd4c55e: addNew group-72F7012C4762:[722a3cfd-0cb3-45bd-9dad-85df9dd4c55e|rpc:10.1.0.19:15032|admin:10.1.0.19:15031|client:10.1.0.19:15030|dataStream:10.1.0.19:15033|priority:0|startupRole:FOLLOWER, 6f59ded9-1d69-4648-a4a5-1116b15843fb|rpc:10.1.0.19:15014|admin:10.1.0.19:15013|client:10.1.0.19:15012|dataStream:10.1.0.19:15015|priority:1|startupRole:FOLLOWER, 5e5d2cfb-a693-459c-b621-520c42fdac66|rpc:10.1.0.19:15023|admin:10.1.0.19:15022|client:10.1.0.19:15021|dataStream:10.1.0.19:15024|priority:0|startupRole:FOLLOWER] returns group-72F7012C4762:java.util.concurrent.CompletableFuture@1a3cac93[Not completed]
2023-08-25 08:50:56,886 [5e5d2cfb-a693-459c-b621-520c42fdac66-groupManagement] INFO  ratis.ContainerStateMachine (ContainerStateMachine.java:loadSnapshot(262)) - group-72F7012C4762: The snapshot info is null. Setting the last applied indexto:(t:0, i:~)
2023-08-25 08:50:56,886 [5e5d2cfb-a693-459c-b621-520c42fdac66-groupManagement] INFO  server.RaftServerConfigKeys (ConfUtils.java:logGet(46)) - raft.server.log.use.memory = false (default)
2023-08-25 08:50:56,886 [5e5d2cfb-a693-459c-b621-520c42fdac66-groupManagement] INFO  server.RaftServerConfigKeys (ConfUtils.java:logGet(46)) - raft.server.log.purge.gap = 1000000 (custom)
2023-08-25 08:50:56,886 [5e5d2cfb-a693-459c-b621-520c42fdac66-groupManagement] INFO  server.RaftServerConfigKeys (ConfUtils.java:logGet(46)) - raft.server.log.appender.buffer.byte-limit = 33554432 (custom)
2023-08-25 08:50:56,886 [5e5d2cfb-a693-459c-b621-520c42fdac66-groupManagement] INFO  server.RaftServerConfigKeys (ConfUtils.java:logGet(46)) - raft.server.log.statemachine.data.read.timeout = 1000ms (default)
2023-08-25 08:50:56,886 [5e5d2cfb-a693-459c-b621-520c42fdac66-groupManagement] INFO  server.RaftServerConfigKeys (ConfUtils.java:logGet(46)) - raft.server.log.purge.preservation.log.num = 0 (default)
2023-08-25 08:50:56,887 [5e5d2cfb-a693-459c-b621-520c42fdac66-groupManagement] INFO  server.RaftServerConfigKeys (ConfUtils.java:logGet(46)) - raft.server.log.segment.size.max = 1048576 (custom)
2023-08-25 08:50:56,887 [722a3cfd-0cb3-45bd-9dad-85df9dd4c55e-groupManagement] INFO  server.RaftServer$Division (RaftServerImpl.java:<init>(198)) - 722a3cfd-0cb3-45bd-9dad-85df9dd4c55e: new RaftServerImpl for group-72F7012C4762:[722a3cfd-0cb3-45bd-9dad-85df9dd4c55e|rpc:10.1.0.19:15032|admin:10.1.0.19:15031|client:10.1.0.19:15030|dataStream:10.1.0.19:15033|priority:0|startupRole:FOLLOWER, 6f59ded9-1d69-4648-a4a5-1116b15843fb|rpc:10.1.0.19:15014|admin:10.1.0.19:15013|client:10.1.0.19:15012|dataStream:10.1.0.19:15015|priority:1|startupRole:FOLLOWER, 5e5d2cfb-a693-459c-b621-520c42fdac66|rpc:10.1.0.19:15023|admin:10.1.0.19:15022|client:10.1.0.19:15021|dataStream:10.1.0.19:15024|priority:0|startupRole:FOLLOWER] with ContainerStateMachine:uninitialized
2023-08-25 08:50:56,887 [5e5d2cfb-a693-459c-b621-520c42fdac66-groupManagement] INFO  server.RaftServerConfigKeys (ConfUtils.java:logGet(46)) - raft.server.log.segment.cache.num.max = 2 (custom)
2023-08-25 08:50:56,889 [5e5d2cfb-a693-459c-b621-520c42fdac66-groupManagement] INFO  server.RaftServerConfigKeys (ConfUtils.java:logGet(46)) - raft.server.log.segment.cache.size.max = 200MB (=209715200) (default)
2023-08-25 08:50:56,889 [5e5d2cfb-a693-459c-b621-520c42fdac66-groupManagement] INFO  server.RaftServerConfigKeys (ConfUtils.java:logGet(46)) - raft.server.log.appender.buffer.byte-limit = 33554432 (custom)
2023-08-25 08:50:56,889 [5e5d2cfb-a693-459c-b621-520c42fdac66-groupManagement] INFO  segmented.SegmentedRaftLogWorker (SegmentedRaftLogWorker.java:<init>(188)) - new 5e5d2cfb-a693-459c-b621-520c42fdac66@group-72F7012C4762-SegmentedRaftLogWorker for RaftStorageImpl:Storage Directory /home/runner/work/ozone/ozone/hadoop-ozone/integration-test/target/test-dir/MiniOzoneClusterImpl-289e54f1-59ef-4028-876b-aa1b67627a4d/datanode-1/data/ratis/e6baba83-e974-44b0-98a4-72f7012c4762
2023-08-25 08:50:56,889 [5e5d2cfb-a693-459c-b621-520c42fdac66-groupManagement] INFO  server.RaftServerConfigKeys (ConfUtils.java:logGet(46)) - raft.server.log.queue.byte-limit = 4294967296 (custom)
2023-08-25 08:50:56,889 [5e5d2cfb-a693-459c-b621-520c42fdac66-groupManagement] INFO  server.RaftServerConfigKeys (ConfUtils.java:logGet(46)) - raft.server.log.queue.element-limit = 1024 (custom)
2023-08-25 08:50:56,890 [5e5d2cfb-a693-459c-b621-520c42fdac66-groupManagement] INFO  server.RaftServerConfigKeys (ConfUtils.java:logGet(46)) - raft.server.log.segment.size.max = 1048576 (custom)
2023-08-25 08:50:56,890 [5e5d2cfb-a693-459c-b621-520c42fdac66-groupManagement] INFO  server.RaftServerConfigKeys (ConfUtils.java:logGet(46)) - raft.server.log.preallocated.size = 16384 (custom)
2023-08-25 08:50:56,890 [5e5d2cfb-a693-459c-b621-520c42fdac66-groupManagement] INFO  server.RaftServerConfigKeys (ConfUtils.java:logGet(46)) - raft.server.log.force.sync.num = 128 (default)
2023-08-25 08:50:56,890 [5e5d2cfb-a693-459c-b621-520c42fdac66-groupManagement] INFO  server.RaftServerConfigKeys (ConfUtils.java:logGet(46)) - raft.server.log.statemachine.data.sync = true (default)
2023-08-25 08:50:56,890 [5e5d2cfb-a693-459c-b621-520c42fdac66-groupManagement] INFO  server.RaftServerConfigKeys (ConfUtils.java:logGet(46)) - raft.server.log.statemachine.data.sync.timeout = 10s (default)
2023-08-25 08:50:56,890 [5e5d2cfb-a693-459c-b621-520c42fdac66-groupManagement] INFO  server.RaftServerConfigKeys (ConfUtils.java:logGet(46)) - raft.server.log.statemachine.data.sync.timeout.retry = -1 (default)
2023-08-25 08:50:56,891 [5e5d2cfb-a693-459c-b621-520c42fdac66-groupManagement] INFO  server.RaftServerConfigKeys (ConfUtils.java:logGet(46)) - raft.server.log.write.buffer.size = 1048576 (custom)
2023-08-25 08:50:56,891 [5e5d2cfb-a693-459c-b621-520c42fdac66-groupManagement] INFO  server.RaftServerConfigKeys (ConfUtils.java:logGet(46)) - raft.server.log.appender.buffer.byte-limit = 33554432 (custom)
2023-08-25 08:50:56,893 [722a3cfd-0cb3-45bd-9dad-85df9dd4c55e-groupManagement] INFO  server.RaftServerConfigKeys (ConfUtils.java:logGet(46)) - raft.server.rpc.timeout.min = 5s (custom)
2023-08-25 08:50:56,907 [722a3cfd-0cb3-45bd-9dad-85df9dd4c55e-groupManagement] INFO  server.RaftServerConfigKeys (ConfUtils.java:logGet(46)) - raft.server.rpc.timeout.max = 5200ms (custom)
2023-08-25 08:50:56,907 [722a3cfd-0cb3-45bd-9dad-85df9dd4c55e-groupManagement] INFO  server.RaftServerConfigKeys (ConfUtils.java:logGet(46)) - raft.server.rpc.sleep.time = 25ms (default)
2023-08-25 08:50:56,907 [722a3cfd-0cb3-45bd-9dad-85df9dd4c55e-groupManagement] INFO  server.RaftServerConfigKeys (ConfUtils.java:logGet(46)) - raft.server.rpc.slowness.timeout = 300s (custom)
2023-08-25 08:50:56,907 [722a3cfd-0cb3-45bd-9dad-85df9dd4c55e-groupManagement] INFO  server.RaftServerConfigKeys (ConfUtils.java:logGet(46)) - raft.server.leaderelection.leader.step-down.wait-time = 10s (default)
2023-08-25 08:50:56,907 [722a3cfd-0cb3-45bd-9dad-85df9dd4c55e-groupManagement] INFO  server.RaftServerConfigKeys (ConfUtils.java:logGet(46)) - raft.server.sleep.deviation.threshold = 300ms (default)
2023-08-25 08:50:56,907 [722a3cfd-0cb3-45bd-9dad-85df9dd4c55e-groupManagement] INFO  server.RaftServer$Division (ServerState.java:<init>(120)) - 722a3cfd-0cb3-45bd-9dad-85df9dd4c55e@group-72F7012C4762: ConfigurationManager, init=-1: peers:[722a3cfd-0cb3-45bd-9dad-85df9dd4c55e|rpc:10.1.0.19:15032|admin:10.1.0.19:15031|client:10.1.0.19:15030|dataStream:10.1.0.19:15033|priority:0|startupRole:FOLLOWER, 6f59ded9-1d69-4648-a4a5-1116b15843fb|rpc:10.1.0.19:15014|admin:10.1.0.19:15013|client:10.1.0.19:15012|dataStream:10.1.0.19:15015|priority:1|startupRole:FOLLOWER, 5e5d2cfb-a693-459c-b621-520c42fdac66|rpc:10.1.0.19:15023|admin:10.1.0.19:15022|client:10.1.0.19:15021|dataStream:10.1.0.19:15024|priority:0|startupRole:FOLLOWER]|listeners:[], old=null, confs=<EMPTY_MAP>
2023-08-25 08:50:56,907 [722a3cfd-0cb3-45bd-9dad-85df9dd4c55e-groupManagement] INFO  server.RaftServerConfigKeys (ConfUtils.java:logGet(46)) - raft.server.storage.dir = [/home/runner/work/ozone/ozone/hadoop-ozone/integration-test/target/test-dir/MiniOzoneClusterImpl-289e54f1-59ef-4028-876b-aa1b67627a4d/datanode-2/data/ratis] (custom)
2023-08-25 08:50:56,908 [722a3cfd-0cb3-45bd-9dad-85df9dd4c55e-groupManagement] INFO  server.RaftServerConfigKeys (ConfUtils.java:logGet(46)) - raft.server.log.corruption.policy = EXCEPTION (default)
2023-08-25 08:50:56,908 [722a3cfd-0cb3-45bd-9dad-85df9dd4c55e-groupManagement] INFO  server.RaftServerConfigKeys (ConfUtils.java:logGet(46)) - raft.server.storage.free-space.min = 0MB (=0) (default)
2023-08-25 08:50:56,908 [722a3cfd-0cb3-45bd-9dad-85df9dd4c55e-groupManagement] INFO  server.RaftServerConfigKeys (ConfUtils.java:logGet(46)) - raft.server.notification.no-leader.timeout = 300s (custom)
2023-08-25 08:50:56,908 [722a3cfd-0cb3-45bd-9dad-85df9dd4c55e-groupManagement] INFO  server.RaftServerConfigKeys (ConfUtils.java:logGet(46)) - raft.server.read.timeout = 10s (default)
2023-08-25 08:50:56,908 [722a3cfd-0cb3-45bd-9dad-85df9dd4c55e-groupManagement] INFO  server.RaftServerConfigKeys (ConfUtils.java:logGet(46)) - raft.server.retrycache.expirytime = 600000ms (custom)
2023-08-25 08:50:56,908 [722a3cfd-0cb3-45bd-9dad-85df9dd4c55e-groupManagement] INFO  server.RaftServerConfigKeys (ConfUtils.java:logGet(46)) - raft.server.retrycache.statistics.expirytime = 100μs (default)
2023-08-25 08:50:56,908 [722a3cfd-0cb3-45bd-9dad-85df9dd4c55e-groupManagement] INFO  server.RaftServerConfigKeys (ConfUtils.java:logGet(46)) - raft.server.read.option = DEFAULT (default)
2023-08-25 08:50:56,909 [722a3cfd-0cb3-45bd-9dad-85df9dd4c55e-groupManagement] INFO  server.RaftServerConfigKeys (ConfUtils.java:logGet(46)) - raft.server.rpc.request.timeout = 60s (custom)
2023-08-25 08:50:56,910 [EventQueue-OpenPipelineForHealthyPipelineSafeModeRule] INFO  safemode.SCMSafeModeManager (HealthyPipelineSafeModeRule.java:process(137)) - SCM in safe mode. Healthy pipelines reported count is 0, required healthy pipeline reported count is 1
2023-08-25 08:50:56,911 [722a3cfd-0cb3-45bd-9dad-85df9dd4c55e-groupManagement] INFO  server.RaftServerConfigKeys (ConfUtils.java:logGet(46)) - raft.server.log.appender.install.snapshot.enabled = false (custom)
2023-08-25 08:50:56,913 [722a3cfd-0cb3-45bd-9dad-85df9dd4c55e-groupManagement] INFO  server.RaftServerConfigKeys (ConfUtils.java:logGet(46)) - raft.server.threadpool.server.cached = true (default)
2023-08-25 08:50:56,913 [722a3cfd-0cb3-45bd-9dad-85df9dd4c55e-groupManagement] INFO  server.RaftServerConfigKeys (ConfUtils.java:logGet(46)) - raft.server.threadpool.server.size = 0 (default)
2023-08-25 08:50:56,913 [722a3cfd-0cb3-45bd-9dad-85df9dd4c55e-groupManagement] INFO  server.RaftServerConfigKeys (ConfUtils.java:logGet(46)) - raft.server.threadpool.client.cached = true (default)
2023-08-25 08:50:56,913 [722a3cfd-0cb3-45bd-9dad-85df9dd4c55e-groupManagement] INFO  server.RaftServerConfigKeys (ConfUtils.java:logGet(46)) - raft.server.threadpool.client.size = 0 (default)
2023-08-25 08:50:56,913 [722a3cfd-0cb3-45bd-9dad-85df9dd4c55e-groupManagement] INFO  storage.RaftStorageDirectory (RaftStorageDirectoryImpl.java:analyzeStorage(137)) - The storage directory /home/runner/work/ozone/ozone/hadoop-ozone/integration-test/target/test-dir/MiniOzoneClusterImpl-289e54f1-59ef-4028-876b-aa1b67627a4d/datanode-2/data/ratis/e6baba83-e974-44b0-98a4-72f7012c4762 does not exist. Creating ...
2023-08-25 08:50:56,915 [722a3cfd-0cb3-45bd-9dad-85df9dd4c55e-groupManagement] INFO  storage.RaftStorageDirectory (RaftStorageDirectoryImpl.java:tryLock(231)) - Lock on /home/runner/work/ozone/ozone/hadoop-ozone/integration-test/target/test-dir/MiniOzoneClusterImpl-289e54f1-59ef-4028-876b-aa1b67627a4d/datanode-2/data/ratis/e6baba83-e974-44b0-98a4-72f7012c4762/in_use.lock acquired by nodename 30217@fv-az584-689
2023-08-25 08:50:56,921 [722a3cfd-0cb3-45bd-9dad-85df9dd4c55e-groupManagement] INFO  storage.RaftStorage (RaftStorageImpl.java:format(96)) - Storage directory /home/runner/work/ozone/ozone/hadoop-ozone/integration-test/target/test-dir/MiniOzoneClusterImpl-289e54f1-59ef-4028-876b-aa1b67627a4d/datanode-2/data/ratis/e6baba83-e974-44b0-98a4-72f7012c4762 has been successfully formatted.
2023-08-25 08:50:56,922 [722a3cfd-0cb3-45bd-9dad-85df9dd4c55e-groupManagement] INFO  ratis.ContainerStateMachine (ContainerStateMachine.java:loadSnapshot(262)) - group-72F7012C4762: The snapshot info is null. Setting the last applied indexto:(t:0, i:~)
2023-08-25 08:50:56,922 [722a3cfd-0cb3-45bd-9dad-85df9dd4c55e-groupManagement] INFO  server.RaftServerConfigKeys (ConfUtils.java:logGet(46)) - raft.server.log.use.memory = false (default)
2023-08-25 08:50:56,922 [722a3cfd-0cb3-45bd-9dad-85df9dd4c55e-groupManagement] INFO  server.RaftServerConfigKeys (ConfUtils.java:logGet(46)) - raft.server.log.purge.gap = 1000000 (custom)
2023-08-25 08:50:56,922 [722a3cfd-0cb3-45bd-9dad-85df9dd4c55e-groupManagement] INFO  server.RaftServerConfigKeys (ConfUtils.java:logGet(46)) - raft.server.log.appender.buffer.byte-limit = 33554432 (custom)
2023-08-25 08:50:56,922 [722a3cfd-0cb3-45bd-9dad-85df9dd4c55e-groupManagement] INFO  server.RaftServerConfigKeys (ConfUtils.java:logGet(46)) - raft.server.log.statemachine.data.read.timeout = 1000ms (default)
2023-08-25 08:50:56,922 [722a3cfd-0cb3-45bd-9dad-85df9dd4c55e-groupManagement] INFO  server.RaftServerConfigKeys (ConfUtils.java:logGet(46)) - raft.server.log.purge.preservation.log.num = 0 (default)
2023-08-25 08:50:56,922 [722a3cfd-0cb3-45bd-9dad-85df9dd4c55e-groupManagement] INFO  server.RaftServerConfigKeys (ConfUtils.java:logGet(46)) - raft.server.log.segment.size.max = 1048576 (custom)
2023-08-25 08:50:56,923 [722a3cfd-0cb3-45bd-9dad-85df9dd4c55e-groupManagement] INFO  server.RaftServerConfigKeys (ConfUtils.java:logGet(46)) - raft.server.log.segment.cache.num.max = 2 (custom)
2023-08-25 08:50:56,923 [722a3cfd-0cb3-45bd-9dad-85df9dd4c55e-groupManagement] INFO  server.RaftServerConfigKeys (ConfUtils.java:logGet(46)) - raft.server.log.segment.cache.size.max = 200MB (=209715200) (default)
2023-08-25 08:50:56,923 [722a3cfd-0cb3-45bd-9dad-85df9dd4c55e-groupManagement] INFO  server.RaftServerConfigKeys (ConfUtils.java:logGet(46)) - raft.server.log.appender.buffer.byte-limit = 33554432 (custom)
2023-08-25 08:50:56,923 [722a3cfd-0cb3-45bd-9dad-85df9dd4c55e-groupManagement] INFO  segmented.SegmentedRaftLogWorker (SegmentedRaftLogWorker.java:<init>(188)) - new 722a3cfd-0cb3-45bd-9dad-85df9dd4c55e@group-72F7012C4762-SegmentedRaftLogWorker for RaftStorageImpl:Storage Directory /home/runner/work/ozone/ozone/hadoop-ozone/integration-test/target/test-dir/MiniOzoneClusterImpl-289e54f1-59ef-4028-876b-aa1b67627a4d/datanode-2/data/ratis/e6baba83-e974-44b0-98a4-72f7012c4762
2023-08-25 08:50:56,923 [722a3cfd-0cb3-45bd-9dad-85df9dd4c55e-groupManagement] INFO  server.RaftServerConfigKeys (ConfUtils.java:logGet(46)) - raft.server.log.queue.byte-limit = 4294967296 (custom)
2023-08-25 08:50:56,923 [722a3cfd-0cb3-45bd-9dad-85df9dd4c55e-groupManagement] INFO  server.RaftServerConfigKeys (ConfUtils.java:logGet(46)) - raft.server.log.queue.element-limit = 1024 (custom)
2023-08-25 08:50:56,923 [722a3cfd-0cb3-45bd-9dad-85df9dd4c55e-groupManagement] INFO  server.RaftServerConfigKeys (ConfUtils.java:logGet(46)) - raft.server.log.segment.size.max = 1048576 (custom)
2023-08-25 08:50:56,923 [722a3cfd-0cb3-45bd-9dad-85df9dd4c55e-groupManagement] INFO  server.RaftServerConfigKeys (ConfUtils.java:logGet(46)) - raft.server.log.preallocated.size = 16384 (custom)
2023-08-25 08:50:56,924 [722a3cfd-0cb3-45bd-9dad-85df9dd4c55e-groupManagement] INFO  server.RaftServerConfigKeys (ConfUtils.java:logGet(46)) - raft.server.log.force.sync.num = 128 (default)
2023-08-25 08:50:56,924 [722a3cfd-0cb3-45bd-9dad-85df9dd4c55e-groupManagement] INFO  server.RaftServerConfigKeys (ConfUtils.java:logGet(46)) - raft.server.log.statemachine.data.sync = true (default)
2023-08-25 08:50:56,924 [722a3cfd-0cb3-45bd-9dad-85df9dd4c55e-groupManagement] INFO  server.RaftServerConfigKeys (ConfUtils.java:logGet(46)) - raft.server.log.statemachine.data.sync.timeout = 10s (default)
2023-08-25 08:50:56,924 [722a3cfd-0cb3-45bd-9dad-85df9dd4c55e-groupManagement] INFO  server.RaftServerConfigKeys (ConfUtils.java:logGet(46)) - raft.server.log.statemachine.data.sync.timeout.retry = -1 (default)
2023-08-25 08:50:56,925 [722a3cfd-0cb3-45bd-9dad-85df9dd4c55e-groupManagement] INFO  server.RaftServerConfigKeys (ConfUtils.java:logGet(46)) - raft.server.log.write.buffer.size = 1048576 (custom)
2023-08-25 08:50:56,925 [5e5d2cfb-a693-459c-b621-520c42fdac66-groupManagement] INFO  server.RaftServerConfigKeys (ConfUtils.java:logGet(46)) - raft.server.log.unsafe-flush.enabled = false (default)
2023-08-25 08:50:56,928 [5e5d2cfb-a693-459c-b621-520c42fdac66-groupManagement] INFO  server.RaftServerConfigKeys (ConfUtils.java:logGet(46)) - raft.server.log.async-flush.enabled = false (default)
2023-08-25 08:50:56,928 [5e5d2cfb-a693-459c-b621-520c42fdac66-groupManagement] INFO  server.RaftServerConfigKeys (ConfUtils.java:logGet(46)) - raft.server.log.statemachine.data.caching.enabled = true (custom)
2023-08-25 08:50:56,926 [722a3cfd-0cb3-45bd-9dad-85df9dd4c55e-groupManagement] INFO  server.RaftServerConfigKeys (ConfUtils.java:logGet(46)) - raft.server.log.appender.buffer.byte-limit = 33554432 (custom)
2023-08-25 08:50:56,930 [5e5d2cfb-a693-459c-b621-520c42fdac66-groupManagement] INFO  segmented.SegmentedRaftLogWorker (SegmentedRaftLogWorker.java:lambda$new$0(135)) - 5e5d2cfb-a693-459c-b621-520c42fdac66@group-72F7012C4762-SegmentedRaftLogWorker: flushIndex: setUnconditionally 0 -> -1
2023-08-25 08:50:56,931 [5e5d2cfb-a693-459c-b621-520c42fdac66-groupManagement] INFO  segmented.SegmentedRaftLogWorker (SegmentedRaftLogWorker.java:lambda$new$0(135)) - 5e5d2cfb-a693-459c-b621-520c42fdac66@group-72F7012C4762-SegmentedRaftLogWorker: safeCacheEvictIndex: setUnconditionally 0 -> -1
2023-08-25 08:50:57,288 [JvmPauseMonitor6] WARN  util.JvmPauseMonitor (JvmPauseMonitor.java:detectPause(124)) - JvmPauseMonitor-6a4c8060-cde6-48cd-aea7-c757cfe8808e: Detected pause in JVM or host machine approximately 0.223s with 0.354s GC time.
GC pool 'PS MarkSweep' had collection(s): count=1 time=271ms
GC pool 'PS Scavenge' had collection(s): count=1 time=83ms
2023-08-25 08:50:57,290 [JvmPauseMonitor3] WARN  util.JvmPauseMonitor (JvmPauseMonitor.java:detectPause(124)) - JvmPauseMonitor-5e5d2cfb-a693-459c-b621-520c42fdac66: Detected pause in JVM or host machine approximately 0.258s with 0.354s GC time.
GC pool 'PS MarkSweep' had collection(s): count=1 time=271ms
GC pool 'PS Scavenge' had collection(s): count=1 time=83ms
2023-08-25 08:50:57,288 [JvmPauseMonitor0] WARN  util.JvmPauseMonitor (JvmPauseMonitor.java:detectPause(124)) - JvmPauseMonitor-29c9df6f-f280-4a11-a33f-bcb4d151066d: Detected pause in JVM or host machine approximately 0.243s with 0.354s GC time.
GC pool 'PS MarkSweep' had collection(s): count=1 time=271ms
GC pool 'PS Scavenge' had collection(s): count=1 time=83ms
2023-08-25 08:50:57,297 [EventQueue-OpenPipelineForHealthyPipelineSafeModeRule] INFO  safemode.SCMSafeModeManager (HealthyPipelineSafeModeRule.java:process(137)) - SCM in safe mode. Healthy pipelines reported count is 0, required healthy pipeline reported count is 1
2023-08-25 08:50:57,302 [5e5d2cfb-a693-459c-b621-520c42fdac66-groupManagement] INFO  server.RaftServer$Division (RaftServerImpl.java:start(342)) - 5e5d2cfb-a693-459c-b621-520c42fdac66@group-72F7012C4762: start as a follower, conf=-1: peers:[722a3cfd-0cb3-45bd-9dad-85df9dd4c55e|rpc:10.1.0.19:15032|admin:10.1.0.19:15031|client:10.1.0.19:15030|dataStream:10.1.0.19:15033|priority:0|startupRole:FOLLOWER, 6f59ded9-1d69-4648-a4a5-1116b15843fb|rpc:10.1.0.19:15014|admin:10.1.0.19:15013|client:10.1.0.19:15012|dataStream:10.1.0.19:15015|priority:1|startupRole:FOLLOWER, 5e5d2cfb-a693-459c-b621-520c42fdac66|rpc:10.1.0.19:15023|admin:10.1.0.19:15022|client:10.1.0.19:15021|dataStream:10.1.0.19:15024|priority:0|startupRole:FOLLOWER]|listeners:[], old=null
2023-08-25 08:50:57,302 [5e5d2cfb-a693-459c-b621-520c42fdac66-groupManagement] INFO  server.RaftServer$Division (RaftServerImpl.java:setRole(329)) - 5e5d2cfb-a693-459c-b621-520c42fdac66@group-72F7012C4762: changes role from      null to FOLLOWER at term 0 for startAsFollower
2023-08-25 08:50:57,302 [5e5d2cfb-a693-459c-b621-520c42fdac66-groupManagement] INFO  impl.RoleInfo (RoleInfo.java:updateAndGet(139)) - 5e5d2cfb-a693-459c-b621-520c42fdac66: start 5e5d2cfb-a693-459c-b621-520c42fdac66@group-72F7012C4762-FollowerState
2023-08-25 08:50:57,302 [5e5d2cfb-a693-459c-b621-520c42fdac66-groupManagement] INFO  util.JmxRegister (JmxRegister.java:tryRegister(44)) - Successfully registered JMX Bean with object name Ratis:service=RaftServer,group=group-72F7012C4762,id=5e5d2cfb-a693-459c-b621-520c42fdac66
2023-08-25 08:50:57,303 [5e5d2cfb-a693-459c-b621-520c42fdac66-groupManagement] INFO  server.RaftServerConfigKeys (ConfUtils.java:logGet(46)) - raft.server.snapshot.auto.trigger.enabled = true (custom)
2023-08-25 08:50:57,303 [5e5d2cfb-a693-459c-b621-520c42fdac66-groupManagement] INFO  server.RaftServerConfigKeys (ConfUtils.java:logGet(46)) - raft.server.snapshot.auto.trigger.threshold = 10000 (custom)
2023-08-25 08:50:57,303 [5e5d2cfb-a693-459c-b621-520c42fdac66-groupManagement] INFO  server.RaftServerConfigKeys (ConfUtils.java:logGet(46)) - raft.server.snapshot.retention.file.num = 5 (custom)
2023-08-25 08:50:57,303 [5e5d2cfb-a693-459c-b621-520c42fdac66-groupManagement] INFO  server.RaftServerConfigKeys (ConfUtils.java:logGet(46)) - raft.server.log.purge.upto.snapshot.index = false (default)
2023-08-25 08:50:57,304 [5e5d2cfb-a693-459c-b621-520c42fdac66@group-72F7012C4762-FollowerState] INFO  server.RaftServerConfigKeys (ConfUtils.java:logFallback(53)) - raft.server.rpc.first-election.timeout.min = 5s (fallback to raft.server.rpc.timeout.min)
2023-08-25 08:50:57,313 [5e5d2cfb-a693-459c-b621-520c42fdac66@group-72F7012C4762-FollowerState] INFO  server.RaftServerConfigKeys (ConfUtils.java:logFallback(53)) - raft.server.rpc.first-election.timeout.max = 5200ms (fallback to raft.server.rpc.timeout.max)
2023-08-25 08:50:57,304 [PipelineCommandHandlerThread-0] INFO  ratis.XceiverServerRatis (XceiverServerRatis.java:addGroup(804)) - Created group PipelineID=e6baba83-e974-44b0-98a4-72f7012c4762
2023-08-25 08:50:57,315 [722a3cfd-0cb3-45bd-9dad-85df9dd4c55e-groupManagement] INFO  server.RaftServerConfigKeys (ConfUtils.java:logGet(46)) - raft.server.log.unsafe-flush.enabled = false (default)
2023-08-25 08:50:57,315 [722a3cfd-0cb3-45bd-9dad-85df9dd4c55e-groupManagement] INFO  server.RaftServerConfigKeys (ConfUtils.java:logGet(46)) - raft.server.log.async-flush.enabled = false (default)
2023-08-25 08:50:57,315 [722a3cfd-0cb3-45bd-9dad-85df9dd4c55e-groupManagement] INFO  server.RaftServerConfigKeys (ConfUtils.java:logGet(46)) - raft.server.log.statemachine.data.caching.enabled = true (custom)
2023-08-25 08:50:57,315 [722a3cfd-0cb3-45bd-9dad-85df9dd4c55e-groupManagement] INFO  segmented.SegmentedRaftLogWorker (SegmentedRaftLogWorker.java:lambda$new$0(135)) - 722a3cfd-0cb3-45bd-9dad-85df9dd4c55e@group-72F7012C4762-SegmentedRaftLogWorker: flushIndex: setUnconditionally 0 -> -1
2023-08-25 08:50:57,315 [722a3cfd-0cb3-45bd-9dad-85df9dd4c55e-groupManagement] INFO  segmented.SegmentedRaftLogWorker (SegmentedRaftLogWorker.java:lambda$new$0(135)) - 722a3cfd-0cb3-45bd-9dad-85df9dd4c55e@group-72F7012C4762-SegmentedRaftLogWorker: safeCacheEvictIndex: setUnconditionally 0 -> -1
2023-08-25 08:50:57,320 [722a3cfd-0cb3-45bd-9dad-85df9dd4c55e-groupManagement] INFO  server.RaftServer$Division (RaftServerImpl.java:start(342)) - 722a3cfd-0cb3-45bd-9dad-85df9dd4c55e@group-72F7012C4762: start as a follower, conf=-1: peers:[722a3cfd-0cb3-45bd-9dad-85df9dd4c55e|rpc:10.1.0.19:15032|admin:10.1.0.19:15031|client:10.1.0.19:15030|dataStream:10.1.0.19:15033|priority:0|startupRole:FOLLOWER, 6f59ded9-1d69-4648-a4a5-1116b15843fb|rpc:10.1.0.19:15014|admin:10.1.0.19:15013|client:10.1.0.19:15012|dataStream:10.1.0.19:15015|priority:1|startupRole:FOLLOWER, 5e5d2cfb-a693-459c-b621-520c42fdac66|rpc:10.1.0.19:15023|admin:10.1.0.19:15022|client:10.1.0.19:15021|dataStream:10.1.0.19:15024|priority:0|startupRole:FOLLOWER]|listeners:[], old=null
2023-08-25 08:50:57,322 [PipelineCommandHandlerThread-0] INFO  server.RaftServer (RaftServerProxy.java:addNew(98)) - c4b8bd3c-8a0e-4cc6-b7e6-0374b0604ac7: addNew group-48E4B572E38A:[c4b8bd3c-8a0e-4cc6-b7e6-0374b0604ac7|rpc:10.1.0.19:15041|admin:10.1.0.19:15040|client:10.1.0.19:15039|dataStream:10.1.0.19:15042|priority:1|startupRole:FOLLOWER] returns group-48E4B572E38A:java.util.concurrent.CompletableFuture@39490ad1[Not completed]
2023-08-25 08:50:57,328 [722a3cfd-0cb3-45bd-9dad-85df9dd4c55e-groupManagement] INFO  server.RaftServer$Division (RaftServerImpl.java:setRole(329)) - 722a3cfd-0cb3-45bd-9dad-85df9dd4c55e@group-72F7012C4762: changes role from      null to FOLLOWER at term 0 for startAsFollower
2023-08-25 08:50:57,333 [c4b8bd3c-8a0e-4cc6-b7e6-0374b0604ac7-groupManagement] INFO  server.RaftServer$Division (RaftServerImpl.java:<init>(198)) - c4b8bd3c-8a0e-4cc6-b7e6-0374b0604ac7: new RaftServerImpl for group-48E4B572E38A:[c4b8bd3c-8a0e-4cc6-b7e6-0374b0604ac7|rpc:10.1.0.19:15041|admin:10.1.0.19:15040|client:10.1.0.19:15039|dataStream:10.1.0.19:15042|priority:1|startupRole:FOLLOWER] with ContainerStateMachine:uninitialized
2023-08-25 08:50:57,345 [722a3cfd-0cb3-45bd-9dad-85df9dd4c55e-groupManagement] INFO  impl.RoleInfo (RoleInfo.java:updateAndGet(139)) - 722a3cfd-0cb3-45bd-9dad-85df9dd4c55e: start 722a3cfd-0cb3-45bd-9dad-85df9dd4c55e@group-72F7012C4762-FollowerState
2023-08-25 08:50:57,345 [c4b8bd3c-8a0e-4cc6-b7e6-0374b0604ac7-groupManagement] INFO  server.RaftServerConfigKeys (ConfUtils.java:logGet(46)) - raft.server.rpc.timeout.min = 5s (custom)
2023-08-25 08:50:57,345 [c4b8bd3c-8a0e-4cc6-b7e6-0374b0604ac7-groupManagement] INFO  server.RaftServerConfigKeys (ConfUtils.java:logGet(46)) - raft.server.rpc.timeout.max = 5200ms (custom)
2023-08-25 08:50:57,346 [c4b8bd3c-8a0e-4cc6-b7e6-0374b0604ac7-groupManagement] INFO  server.RaftServerConfigKeys (ConfUtils.java:logGet(46)) - raft.server.rpc.sleep.time = 25ms (default)
2023-08-25 08:50:57,346 [c4b8bd3c-8a0e-4cc6-b7e6-0374b0604ac7-groupManagement] INFO  server.RaftServerConfigKeys (ConfUtils.java:logGet(46)) - raft.server.rpc.slowness.timeout = 300s (custom)
2023-08-25 08:50:57,346 [c4b8bd3c-8a0e-4cc6-b7e6-0374b0604ac7-groupManagement] INFO  server.RaftServerConfigKeys (ConfUtils.java:logGet(46)) - raft.server.leaderelection.leader.step-down.wait-time = 10s (default)
2023-08-25 08:50:57,346 [c4b8bd3c-8a0e-4cc6-b7e6-0374b0604ac7-groupManagement] INFO  server.RaftServerConfigKeys (ConfUtils.java:logGet(46)) - raft.server.sleep.deviation.threshold = 300ms (default)
2023-08-25 08:50:57,346 [c4b8bd3c-8a0e-4cc6-b7e6-0374b0604ac7-groupManagement] INFO  server.RaftServer$Division (ServerState.java:<init>(120)) - c4b8bd3c-8a0e-4cc6-b7e6-0374b0604ac7@group-48E4B572E38A: ConfigurationManager, init=-1: peers:[c4b8bd3c-8a0e-4cc6-b7e6-0374b0604ac7|rpc:10.1.0.19:15041|admin:10.1.0.19:15040|client:10.1.0.19:15039|dataStream:10.1.0.19:15042|priority:1|startupRole:FOLLOWER]|listeners:[], old=null, confs=<EMPTY_MAP>
2023-08-25 08:50:57,346 [c4b8bd3c-8a0e-4cc6-b7e6-0374b0604ac7-groupManagement] INFO  server.RaftServerConfigKeys (ConfUtils.java:logGet(46)) - raft.server.storage.dir = [/home/runner/work/ozone/ozone/hadoop-ozone/integration-test/target/test-dir/MiniOzoneClusterImpl-289e54f1-59ef-4028-876b-aa1b67627a4d/datanode-3/data/ratis] (custom)
2023-08-25 08:50:57,346 [c4b8bd3c-8a0e-4cc6-b7e6-0374b0604ac7-groupManagement] INFO  server.RaftServerConfigKeys (ConfUtils.java:logGet(46)) - raft.server.log.corruption.policy = EXCEPTION (default)
2023-08-25 08:50:57,346 [c4b8bd3c-8a0e-4cc6-b7e6-0374b0604ac7-groupManagement] INFO  server.RaftServerConfigKeys (ConfUtils.java:logGet(46)) - raft.server.storage.free-space.min = 0MB (=0) (default)
2023-08-25 08:50:57,346 [c4b8bd3c-8a0e-4cc6-b7e6-0374b0604ac7-groupManagement] INFO  server.RaftServerConfigKeys (ConfUtils.java:logGet(46)) - raft.server.notification.no-leader.timeout = 300s (custom)
2023-08-25 08:50:57,346 [c4b8bd3c-8a0e-4cc6-b7e6-0374b0604ac7-groupManagement] INFO  server.RaftServerConfigKeys (ConfUtils.java:logGet(46)) - raft.server.read.timeout = 10s (default)
2023-08-25 08:50:57,346 [c4b8bd3c-8a0e-4cc6-b7e6-0374b0604ac7-groupManagement] INFO  server.RaftServerConfigKeys (ConfUtils.java:logGet(46)) - raft.server.retrycache.expirytime = 600000ms (custom)
2023-08-25 08:50:57,347 [c4b8bd3c-8a0e-4cc6-b7e6-0374b0604ac7-groupManagement] INFO  server.RaftServerConfigKeys (ConfUtils.java:logGet(46)) - raft.server.retrycache.statistics.expirytime = 100μs (default)
2023-08-25 08:50:57,347 [c4b8bd3c-8a0e-4cc6-b7e6-0374b0604ac7-groupManagement] INFO  server.RaftServerConfigKeys (ConfUtils.java:logGet(46)) - raft.server.read.option = DEFAULT (default)
2023-08-25 08:50:57,350 [722a3cfd-0cb3-45bd-9dad-85df9dd4c55e-groupManagement] INFO  util.JmxRegister (JmxRegister.java:tryRegister(44)) - Successfully registered JMX Bean with object name Ratis:service=RaftServer,group=group-72F7012C4762,id=722a3cfd-0cb3-45bd-9dad-85df9dd4c55e
2023-08-25 08:50:57,350 [722a3cfd-0cb3-45bd-9dad-85df9dd4c55e@group-72F7012C4762-FollowerState] INFO  server.RaftServerConfigKeys (ConfUtils.java:logFallback(53)) - raft.server.rpc.first-election.timeout.min = 5s (fallback to raft.server.rpc.timeout.min)
2023-08-25 08:50:57,350 [722a3cfd-0cb3-45bd-9dad-85df9dd4c55e-groupManagement] INFO  server.RaftServerConfigKeys (ConfUtils.java:logGet(46)) - raft.server.snapshot.auto.trigger.enabled = true (custom)
2023-08-25 08:50:57,350 [722a3cfd-0cb3-45bd-9dad-85df9dd4c55e@group-72F7012C4762-FollowerState] INFO  server.RaftServerConfigKeys (ConfUtils.java:logFallback(53)) - raft.server.rpc.first-election.timeout.max = 5200ms (fallback to raft.server.rpc.timeout.max)
2023-08-25 08:50:57,350 [722a3cfd-0cb3-45bd-9dad-85df9dd4c55e-groupManagement] INFO  server.RaftServerConfigKeys (ConfUtils.java:logGet(46)) - raft.server.snapshot.auto.trigger.threshold = 10000 (custom)
2023-08-25 08:50:57,355 [722a3cfd-0cb3-45bd-9dad-85df9dd4c55e-groupManagement] INFO  server.RaftServerConfigKeys (ConfUtils.java:logGet(46)) - raft.server.snapshot.retention.file.num = 5 (custom)
2023-08-25 08:50:57,355 [722a3cfd-0cb3-45bd-9dad-85df9dd4c55e-groupManagement] INFO  server.RaftServerConfigKeys (ConfUtils.java:logGet(46)) - raft.server.log.purge.upto.snapshot.index = false (default)
2023-08-25 08:50:57,351 [c4b8bd3c-8a0e-4cc6-b7e6-0374b0604ac7-groupManagement] INFO  server.RaftServerConfigKeys (ConfUtils.java:logGet(46)) - raft.server.rpc.request.timeout = 60s (custom)
2023-08-25 08:50:57,355 [c4b8bd3c-8a0e-4cc6-b7e6-0374b0604ac7-groupManagement] INFO  server.RaftServerConfigKeys (ConfUtils.java:logGet(46)) - raft.server.log.appender.install.snapshot.enabled = false (custom)
2023-08-25 08:50:57,355 [c4b8bd3c-8a0e-4cc6-b7e6-0374b0604ac7-groupManagement] INFO  server.RaftServerConfigKeys (ConfUtils.java:logGet(46)) - raft.server.threadpool.server.cached = true (default)
2023-08-25 08:50:57,355 [c4b8bd3c-8a0e-4cc6-b7e6-0374b0604ac7-groupManagement] INFO  server.RaftServerConfigKeys (ConfUtils.java:logGet(46)) - raft.server.threadpool.server.size = 0 (default)
2023-08-25 08:50:57,355 [c4b8bd3c-8a0e-4cc6-b7e6-0374b0604ac7-groupManagement] INFO  server.RaftServerConfigKeys (ConfUtils.java:logGet(46)) - raft.server.threadpool.client.cached = true (default)
2023-08-25 08:50:57,356 [c4b8bd3c-8a0e-4cc6-b7e6-0374b0604ac7-groupManagement] INFO  server.RaftServerConfigKeys (ConfUtils.java:logGet(46)) - raft.server.threadpool.client.size = 0 (default)
2023-08-25 08:50:57,356 [c4b8bd3c-8a0e-4cc6-b7e6-0374b0604ac7-groupManagement] INFO  storage.RaftStorageDirectory (RaftStorageDirectoryImpl.java:analyzeStorage(137)) - The storage directory /home/runner/work/ozone/ozone/hadoop-ozone/integration-test/target/test-dir/MiniOzoneClusterImpl-289e54f1-59ef-4028-876b-aa1b67627a4d/datanode-3/data/ratis/67f21b19-25d2-4ed2-bba9-48e4b572e38a does not exist. Creating ...
2023-08-25 08:50:57,358 [c4b8bd3c-8a0e-4cc6-b7e6-0374b0604ac7-groupManagement] INFO  storage.RaftStorageDirectory (RaftStorageDirectoryImpl.java:tryLock(231)) - Lock on /home/runner/work/ozone/ozone/hadoop-ozone/integration-test/target/test-dir/MiniOzoneClusterImpl-289e54f1-59ef-4028-876b-aa1b67627a4d/datanode-3/data/ratis/67f21b19-25d2-4ed2-bba9-48e4b572e38a/in_use.lock acquired by nodename 30217@fv-az584-689
2023-08-25 08:50:57,370 [c4b8bd3c-8a0e-4cc6-b7e6-0374b0604ac7-groupManagement] INFO  storage.RaftStorage (RaftStorageImpl.java:format(96)) - Storage directory /home/runner/work/ozone/ozone/hadoop-ozone/integration-test/target/test-dir/MiniOzoneClusterImpl-289e54f1-59ef-4028-876b-aa1b67627a4d/datanode-3/data/ratis/67f21b19-25d2-4ed2-bba9-48e4b572e38a has been successfully formatted.
2023-08-25 08:50:57,374 [c4b8bd3c-8a0e-4cc6-b7e6-0374b0604ac7-groupManagement] INFO  ratis.ContainerStateMachine (ContainerStateMachine.java:loadSnapshot(262)) - group-48E4B572E38A: The snapshot info is null. Setting the last applied indexto:(t:0, i:~)
2023-08-25 08:50:57,374 [c4b8bd3c-8a0e-4cc6-b7e6-0374b0604ac7-groupManagement] INFO  server.RaftServerConfigKeys (ConfUtils.java:logGet(46)) - raft.server.log.use.memory = false (default)
2023-08-25 08:50:57,374 [c4b8bd3c-8a0e-4cc6-b7e6-0374b0604ac7-groupManagement] INFO  server.RaftServerConfigKeys (ConfUtils.java:logGet(46)) - raft.server.log.purge.gap = 1000000 (custom)
2023-08-25 08:50:57,374 [c4b8bd3c-8a0e-4cc6-b7e6-0374b0604ac7-groupManagement] INFO  server.RaftServerConfigKeys (ConfUtils.java:logGet(46)) - raft.server.log.appender.buffer.byte-limit = 33554432 (custom)
2023-08-25 08:50:57,374 [c4b8bd3c-8a0e-4cc6-b7e6-0374b0604ac7-groupManagement] INFO  server.RaftServerConfigKeys (ConfUtils.java:logGet(46)) - raft.server.log.statemachine.data.read.timeout = 1000ms (default)
2023-08-25 08:50:57,374 [c4b8bd3c-8a0e-4cc6-b7e6-0374b0604ac7-groupManagement] INFO  server.RaftServerConfigKeys (ConfUtils.java:logGet(46)) - raft.server.log.purge.preservation.log.num = 0 (default)
2023-08-25 08:50:57,377 [PipelineCommandHandlerThread-0] INFO  commandhandler.CreatePipelineCommandHandler (CreatePipelineCommandHandler.java:lambda$handle$2(124)) - Created Pipeline RATIS THREE PipelineID=e6baba83-e974-44b0-98a4-72f7012c4762.
2023-08-25 08:50:57,376 [EventQueue-PipelineReportForPipelineReportHandler] INFO  pipeline.PipelineReportHandler (PipelineReportHandler.java:processPipelineReport(136)) - Opened pipeline PipelineID=67f21b19-25d2-4ed2-bba9-48e4b572e38a
2023-08-25 08:50:57,377 [EventQueue-OpenPipelineForHealthyPipelineSafeModeRule] INFO  safemode.SCMSafeModeManager (HealthyPipelineSafeModeRule.java:process(137)) - SCM in safe mode. Healthy pipelines reported count is 0, required healthy pipeline reported count is 1
2023-08-25 08:50:57,376 [PipelineCommandHandlerThread-0] INFO  ratis.XceiverServerRatis (XceiverServerRatis.java:addGroup(804)) - Created group PipelineID=e6baba83-e974-44b0-98a4-72f7012c4762
2023-08-25 08:50:57,378 [c4b8bd3c-8a0e-4cc6-b7e6-0374b0604ac7-groupManagement] INFO  server.RaftServerConfigKeys (ConfUtils.java:logGet(46)) - raft.server.log.segment.size.max = 1048576 (custom)
2023-08-25 08:50:57,383 [c4b8bd3c-8a0e-4cc6-b7e6-0374b0604ac7-groupManagement] INFO  server.RaftServerConfigKeys (ConfUtils.java:logGet(46)) - raft.server.log.segment.cache.num.max = 2 (custom)
2023-08-25 08:50:57,383 [c4b8bd3c-8a0e-4cc6-b7e6-0374b0604ac7-groupManagement] INFO  server.RaftServerConfigKeys (ConfUtils.java:logGet(46)) - raft.server.log.segment.cache.size.max = 200MB (=209715200) (default)
2023-08-25 08:50:57,383 [c4b8bd3c-8a0e-4cc6-b7e6-0374b0604ac7-groupManagement] INFO  server.RaftServerConfigKeys (ConfUtils.java:logGet(46)) - raft.server.log.appender.buffer.byte-limit = 33554432 (custom)
2023-08-25 08:50:57,383 [c4b8bd3c-8a0e-4cc6-b7e6-0374b0604ac7-groupManagement] INFO  segmented.SegmentedRaftLogWorker (SegmentedRaftLogWorker.java:<init>(188)) - new c4b8bd3c-8a0e-4cc6-b7e6-0374b0604ac7@group-48E4B572E38A-SegmentedRaftLogWorker for RaftStorageImpl:Storage Directory /home/runner/work/ozone/ozone/hadoop-ozone/integration-test/target/test-dir/MiniOzoneClusterImpl-289e54f1-59ef-4028-876b-aa1b67627a4d/datanode-3/data/ratis/67f21b19-25d2-4ed2-bba9-48e4b572e38a
2023-08-25 08:50:57,383 [c4b8bd3c-8a0e-4cc6-b7e6-0374b0604ac7-groupManagement] INFO  server.RaftServerConfigKeys (ConfUtils.java:logGet(46)) - raft.server.log.queue.byte-limit = 4294967296 (custom)
2023-08-25 08:50:57,383 [c4b8bd3c-8a0e-4cc6-b7e6-0374b0604ac7-groupManagement] INFO  server.RaftServerConfigKeys (ConfUtils.java:logGet(46)) - raft.server.log.queue.element-limit = 1024 (custom)
2023-08-25 08:50:57,383 [c4b8bd3c-8a0e-4cc6-b7e6-0374b0604ac7-groupManagement] INFO  server.RaftServerConfigKeys (ConfUtils.java:logGet(46)) - raft.server.log.segment.size.max = 1048576 (custom)
2023-08-25 08:50:57,383 [c4b8bd3c-8a0e-4cc6-b7e6-0374b0604ac7-groupManagement] INFO  server.RaftServerConfigKeys (ConfUtils.java:logGet(46)) - raft.server.log.preallocated.size = 16384 (custom)
2023-08-25 08:50:57,383 [c4b8bd3c-8a0e-4cc6-b7e6-0374b0604ac7-groupManagement] INFO  server.RaftServerConfigKeys (ConfUtils.java:logGet(46)) - raft.server.log.force.sync.num = 128 (default)
2023-08-25 08:50:57,383 [c4b8bd3c-8a0e-4cc6-b7e6-0374b0604ac7-groupManagement] INFO  server.RaftServerConfigKeys (ConfUtils.java:logGet(46)) - raft.server.log.statemachine.data.sync = true (default)
2023-08-25 08:50:57,383 [c4b8bd3c-8a0e-4cc6-b7e6-0374b0604ac7-groupManagement] INFO  server.RaftServerConfigKeys (ConfUtils.java:logGet(46)) - raft.server.log.statemachine.data.sync.timeout = 10s (default)
2023-08-25 08:50:57,383 [c4b8bd3c-8a0e-4cc6-b7e6-0374b0604ac7-groupManagement] INFO  server.RaftServerConfigKeys (ConfUtils.java:logGet(46)) - raft.server.log.statemachine.data.sync.timeout.retry = -1 (default)
2023-08-25 08:50:57,384 [c4b8bd3c-8a0e-4cc6-b7e6-0374b0604ac7-groupManagement] INFO  server.RaftServerConfigKeys (ConfUtils.java:logGet(46)) - raft.server.log.write.buffer.size = 1048576 (custom)
2023-08-25 08:50:57,384 [c4b8bd3c-8a0e-4cc6-b7e6-0374b0604ac7-groupManagement] INFO  server.RaftServerConfigKeys (ConfUtils.java:logGet(46)) - raft.server.log.appender.buffer.byte-limit = 33554432 (custom)
2023-08-25 08:50:57,392 [c4b8bd3c-8a0e-4cc6-b7e6-0374b0604ac7-groupManagement] INFO  server.RaftServerConfigKeys (ConfUtils.java:logGet(46)) - raft.server.log.unsafe-flush.enabled = false (default)
2023-08-25 08:50:57,393 [c4b8bd3c-8a0e-4cc6-b7e6-0374b0604ac7-groupManagement] INFO  server.RaftServerConfigKeys (ConfUtils.java:logGet(46)) - raft.server.log.async-flush.enabled = false (default)
2023-08-25 08:50:57,393 [c4b8bd3c-8a0e-4cc6-b7e6-0374b0604ac7-groupManagement] INFO  server.RaftServerConfigKeys (ConfUtils.java:logGet(46)) - raft.server.log.statemachine.data.caching.enabled = true (custom)
2023-08-25 08:50:57,394 [c4b8bd3c-8a0e-4cc6-b7e6-0374b0604ac7-groupManagement] INFO  segmented.SegmentedRaftLogWorker (SegmentedRaftLogWorker.java:lambda$new$0(135)) - c4b8bd3c-8a0e-4cc6-b7e6-0374b0604ac7@group-48E4B572E38A-SegmentedRaftLogWorker: flushIndex: setUnconditionally 0 -> -1
2023-08-25 08:50:57,394 [c4b8bd3c-8a0e-4cc6-b7e6-0374b0604ac7-groupManagement] INFO  segmented.SegmentedRaftLogWorker (SegmentedRaftLogWorker.java:lambda$new$0(135)) - c4b8bd3c-8a0e-4cc6-b7e6-0374b0604ac7@group-48E4B572E38A-SegmentedRaftLogWorker: safeCacheEvictIndex: setUnconditionally 0 -> -1
2023-08-25 08:50:57,407 [c4b8bd3c-8a0e-4cc6-b7e6-0374b0604ac7-groupManagement] INFO  server.RaftServer$Division (RaftServerImpl.java:start(342)) - c4b8bd3c-8a0e-4cc6-b7e6-0374b0604ac7@group-48E4B572E38A: start as a follower, conf=-1: peers:[c4b8bd3c-8a0e-4cc6-b7e6-0374b0604ac7|rpc:10.1.0.19:15041|admin:10.1.0.19:15040|client:10.1.0.19:15039|dataStream:10.1.0.19:15042|priority:1|startupRole:FOLLOWER]|listeners:[], old=null
2023-08-25 08:50:57,407 [c4b8bd3c-8a0e-4cc6-b7e6-0374b0604ac7-groupManagement] INFO  server.RaftServer$Division (RaftServerImpl.java:setRole(329)) - c4b8bd3c-8a0e-4cc6-b7e6-0374b0604ac7@group-48E4B572E38A: changes role from      null to FOLLOWER at term 0 for startAsFollower
2023-08-25 08:50:57,407 [c4b8bd3c-8a0e-4cc6-b7e6-0374b0604ac7-groupManagement] INFO  impl.RoleInfo (RoleInfo.java:updateAndGet(139)) - c4b8bd3c-8a0e-4cc6-b7e6-0374b0604ac7: start c4b8bd3c-8a0e-4cc6-b7e6-0374b0604ac7@group-48E4B572E38A-FollowerState
2023-08-25 08:50:57,408 [c4b8bd3c-8a0e-4cc6-b7e6-0374b0604ac7-groupManagement] INFO  util.JmxRegister (JmxRegister.java:tryRegister(44)) - Successfully registered JMX Bean with object name Ratis:service=RaftServer,group=group-48E4B572E38A,id=c4b8bd3c-8a0e-4cc6-b7e6-0374b0604ac7
2023-08-25 08:50:57,408 [c4b8bd3c-8a0e-4cc6-b7e6-0374b0604ac7-groupManagement] INFO  server.RaftServerConfigKeys (ConfUtils.java:logGet(46)) - raft.server.snapshot.auto.trigger.enabled = true (custom)
2023-08-25 08:50:57,408 [c4b8bd3c-8a0e-4cc6-b7e6-0374b0604ac7-groupManagement] INFO  server.RaftServerConfigKeys (ConfUtils.java:logGet(46)) - raft.server.snapshot.auto.trigger.threshold = 10000 (custom)
2023-08-25 08:50:57,408 [c4b8bd3c-8a0e-4cc6-b7e6-0374b0604ac7-groupManagement] INFO  server.RaftServerConfigKeys (ConfUtils.java:logGet(46)) - raft.server.snapshot.retention.file.num = 5 (custom)
2023-08-25 08:50:57,408 [c4b8bd3c-8a0e-4cc6-b7e6-0374b0604ac7-groupManagement] INFO  server.RaftServerConfigKeys (ConfUtils.java:logGet(46)) - raft.server.log.purge.upto.snapshot.index = false (default)
2023-08-25 08:50:57,417 [c4b8bd3c-8a0e-4cc6-b7e6-0374b0604ac7@group-48E4B572E38A-FollowerState] INFO  server.RaftServerConfigKeys (ConfUtils.java:logFallback(53)) - raft.server.rpc.first-election.timeout.min = 5s (fallback to raft.server.rpc.timeout.min)
2023-08-25 08:50:57,417 [c4b8bd3c-8a0e-4cc6-b7e6-0374b0604ac7@group-48E4B572E38A-FollowerState] INFO  server.RaftServerConfigKeys (ConfUtils.java:logFallback(53)) - raft.server.rpc.first-election.timeout.max = 5200ms (fallback to raft.server.rpc.timeout.max)
2023-08-25 08:50:57,418 [PipelineCommandHandlerThread-0] INFO  ratis.XceiverServerRatis (XceiverServerRatis.java:addGroup(804)) - Created group PipelineID=67f21b19-25d2-4ed2-bba9-48e4b572e38a
2023-08-25 08:50:57,418 [PipelineCommandHandlerThread-0] INFO  commandhandler.CreatePipelineCommandHandler (CreatePipelineCommandHandler.java:lambda$handle$2(124)) - Created Pipeline RATIS ONE PipelineID=67f21b19-25d2-4ed2-bba9-48e4b572e38a.
2023-08-25 08:50:57,481 [PipelineCommandHandlerThread-0] INFO  commandhandler.CreatePipelineCommandHandler (CreatePipelineCommandHandler.java:lambda$handle$2(124)) - Created Pipeline RATIS THREE PipelineID=e6baba83-e974-44b0-98a4-72f7012c4762.
2023-08-25 08:50:57,498 [Time-limited test] INFO  ozone.MiniOzoneClusterImpl (MiniOzoneClusterImpl.java:lambda$waitForClusterToBeReady$0(224)) - Nodes are ready. Got 5 of 5 DN Heartbeats.
2023-08-25 08:50:57,498 [Time-limited test] INFO  ozone.MiniOzoneClusterImpl (MiniOzoneClusterImpl.java:lambda$waitForClusterToBeReady$0(227)) - Waiting for cluster to exit safe mode
2023-08-25 08:50:57,498 [Time-limited test] INFO  ozone.MiniOzoneClusterImpl (MiniOzoneClusterImpl.java:lambda$waitForClusterToBeReady$0(229)) - SCM became leader
2023-08-25 08:50:57,509 [PipelineCommandHandlerThread-0] INFO  server.RaftServer (RaftServerProxy.java:addNew(98)) - 6a4c8060-cde6-48cd-aea7-c757cfe8808e: addNew group-AD3574C5ACD4:[6a4c8060-cde6-48cd-aea7-c757cfe8808e|rpc:10.1.0.19:15050|admin:10.1.0.19:15049|client:10.1.0.19:15048|dataStream:10.1.0.19:15051|priority:1|startupRole:FOLLOWER] returns group-AD3574C5ACD4:java.util.concurrent.CompletableFuture@6f6f3506[Not completed]
2023-08-25 08:50:57,511 [6a4c8060-cde6-48cd-aea7-c757cfe8808e-groupManagement] INFO  server.RaftServer$Division (RaftServerImpl.java:<init>(198)) - 6a4c8060-cde6-48cd-aea7-c757cfe8808e: new RaftServerImpl for group-AD3574C5ACD4:[6a4c8060-cde6-48cd-aea7-c757cfe8808e|rpc:10.1.0.19:15050|admin:10.1.0.19:15049|client:10.1.0.19:15048|dataStream:10.1.0.19:15051|priority:1|startupRole:FOLLOWER] with ContainerStateMachine:uninitialized
2023-08-25 08:50:57,511 [6a4c8060-cde6-48cd-aea7-c757cfe8808e-groupManagement] INFO  server.RaftServerConfigKeys (ConfUtils.java:logGet(46)) - raft.server.rpc.timeout.min = 5s (custom)
2023-08-25 08:50:57,511 [6a4c8060-cde6-48cd-aea7-c757cfe8808e-groupManagement] INFO  server.RaftServerConfigKeys (ConfUtils.java:logGet(46)) - raft.server.rpc.timeout.max = 5200ms (custom)
2023-08-25 08:50:57,511 [6a4c8060-cde6-48cd-aea7-c757cfe8808e-groupManagement] INFO  server.RaftServerConfigKeys (ConfUtils.java:logGet(46)) - raft.server.rpc.sleep.time = 25ms (default)
2023-08-25 08:50:57,511 [6a4c8060-cde6-48cd-aea7-c757cfe8808e-groupManagement] INFO  server.RaftServerConfigKeys (ConfUtils.java:logGet(46)) - raft.server.rpc.slowness.timeout = 300s (custom)
2023-08-25 08:50:57,511 [6a4c8060-cde6-48cd-aea7-c757cfe8808e-groupManagement] INFO  server.RaftServerConfigKeys (ConfUtils.java:logGet(46)) - raft.server.leaderelection.leader.step-down.wait-time = 10s (default)
2023-08-25 08:50:57,511 [6a4c8060-cde6-48cd-aea7-c757cfe8808e-groupManagement] INFO  server.RaftServerConfigKeys (ConfUtils.java:logGet(46)) - raft.server.sleep.deviation.threshold = 300ms (default)
2023-08-25 08:50:57,511 [6a4c8060-cde6-48cd-aea7-c757cfe8808e-groupManagement] INFO  server.RaftServer$Division (ServerState.java:<init>(120)) - 6a4c8060-cde6-48cd-aea7-c757cfe8808e@group-AD3574C5ACD4: ConfigurationManager, init=-1: peers:[6a4c8060-cde6-48cd-aea7-c757cfe8808e|rpc:10.1.0.19:15050|admin:10.1.0.19:15049|client:10.1.0.19:15048|dataStream:10.1.0.19:15051|priority:1|startupRole:FOLLOWER]|listeners:[], old=null, confs=<EMPTY_MAP>
2023-08-25 08:50:57,511 [6a4c8060-cde6-48cd-aea7-c757cfe8808e-groupManagement] INFO  server.RaftServerConfigKeys (ConfUtils.java:logGet(46)) - raft.server.storage.dir = [/home/runner/work/ozone/ozone/hadoop-ozone/integration-test/target/test-dir/MiniOzoneClusterImpl-289e54f1-59ef-4028-876b-aa1b67627a4d/datanode-4/data/ratis] (custom)
2023-08-25 08:50:57,512 [6a4c8060-cde6-48cd-aea7-c757cfe8808e-groupManagement] INFO  server.RaftServerConfigKeys (ConfUtils.java:logGet(46)) - raft.server.log.corruption.policy = EXCEPTION (default)
2023-08-25 08:50:57,512 [6a4c8060-cde6-48cd-aea7-c757cfe8808e-groupManagement] INFO  server.RaftServerConfigKeys (ConfUtils.java:logGet(46)) - raft.server.storage.free-space.min = 0MB (=0) (default)
2023-08-25 08:50:57,512 [6a4c8060-cde6-48cd-aea7-c757cfe8808e-groupManagement] INFO  server.RaftServerConfigKeys (ConfUtils.java:logGet(46)) - raft.server.notification.no-leader.timeout = 300s (custom)
2023-08-25 08:50:57,513 [6a4c8060-cde6-48cd-aea7-c757cfe8808e-groupManagement] INFO  server.RaftServerConfigKeys (ConfUtils.java:logGet(46)) - raft.server.read.timeout = 10s (default)
2023-08-25 08:50:57,513 [6a4c8060-cde6-48cd-aea7-c757cfe8808e-groupManagement] INFO  server.RaftServerConfigKeys (ConfUtils.java:logGet(46)) - raft.server.retrycache.expirytime = 600000ms (custom)
2023-08-25 08:50:57,513 [6a4c8060-cde6-48cd-aea7-c757cfe8808e-groupManagement] INFO  server.RaftServerConfigKeys (ConfUtils.java:logGet(46)) - raft.server.retrycache.statistics.expirytime = 100μs (default)
2023-08-25 08:50:57,513 [6a4c8060-cde6-48cd-aea7-c757cfe8808e-groupManagement] INFO  server.RaftServerConfigKeys (ConfUtils.java:logGet(46)) - raft.server.read.option = DEFAULT (default)
2023-08-25 08:50:57,526 [6a4c8060-cde6-48cd-aea7-c757cfe8808e-groupManagement] INFO  server.RaftServerConfigKeys (ConfUtils.java:logGet(46)) - raft.server.rpc.request.timeout = 60s (custom)
2023-08-25 08:50:57,527 [6a4c8060-cde6-48cd-aea7-c757cfe8808e-groupManagement] INFO  server.RaftServerConfigKeys (ConfUtils.java:logGet(46)) - raft.server.log.appender.install.snapshot.enabled = false (custom)
2023-08-25 08:50:57,527 [6a4c8060-cde6-48cd-aea7-c757cfe8808e-groupManagement] INFO  server.RaftServerConfigKeys (ConfUtils.java:logGet(46)) - raft.server.threadpool.server.cached = true (default)
2023-08-25 08:50:57,527 [6a4c8060-cde6-48cd-aea7-c757cfe8808e-groupManagement] INFO  server.RaftServerConfigKeys (ConfUtils.java:logGet(46)) - raft.server.threadpool.server.size = 0 (default)
2023-08-25 08:50:57,527 [6a4c8060-cde6-48cd-aea7-c757cfe8808e-groupManagement] INFO  server.RaftServerConfigKeys (ConfUtils.java:logGet(46)) - raft.server.threadpool.client.cached = true (default)
2023-08-25 08:50:57,527 [6a4c8060-cde6-48cd-aea7-c757cfe8808e-groupManagement] INFO  server.RaftServerConfigKeys (ConfUtils.java:logGet(46)) - raft.server.threadpool.client.size = 0 (default)
2023-08-25 08:50:57,527 [6a4c8060-cde6-48cd-aea7-c757cfe8808e-groupManagement] INFO  storage.RaftStorageDirectory (RaftStorageDirectoryImpl.java:analyzeStorage(137)) - The storage directory /home/runner/work/ozone/ozone/hadoop-ozone/integration-test/target/test-dir/MiniOzoneClusterImpl-289e54f1-59ef-4028-876b-aa1b67627a4d/datanode-4/data/ratis/0745cb0a-31a2-4b69-b7e9-ad3574c5acd4 does not exist. Creating ...
2023-08-25 08:50:57,529 [6a4c8060-cde6-48cd-aea7-c757cfe8808e-groupManagement] INFO  storage.RaftStorageDirectory (RaftStorageDirectoryImpl.java:tryLock(231)) - Lock on /home/runner/work/ozone/ozone/hadoop-ozone/integration-test/target/test-dir/MiniOzoneClusterImpl-289e54f1-59ef-4028-876b-aa1b67627a4d/datanode-4/data/ratis/0745cb0a-31a2-4b69-b7e9-ad3574c5acd4/in_use.lock acquired by nodename 30217@fv-az584-689
2023-08-25 08:50:57,530 [PipelineCommandHandlerThread-0] INFO  commandhandler.CreatePipelineCommandHandler (CreatePipelineCommandHandler.java:lambda$handle$2(124)) - Created Pipeline RATIS THREE PipelineID=e6baba83-e974-44b0-98a4-72f7012c4762.
2023-08-25 08:50:57,532 [6a4c8060-cde6-48cd-aea7-c757cfe8808e-groupManagement] INFO  storage.RaftStorage (RaftStorageImpl.java:format(96)) - Storage directory /home/runner/work/ozone/ozone/hadoop-ozone/integration-test/target/test-dir/MiniOzoneClusterImpl-289e54f1-59ef-4028-876b-aa1b67627a4d/datanode-4/data/ratis/0745cb0a-31a2-4b69-b7e9-ad3574c5acd4 has been successfully formatted.
2023-08-25 08:50:57,534 [6a4c8060-cde6-48cd-aea7-c757cfe8808e-groupManagement] INFO  ratis.ContainerStateMachine (ContainerStateMachine.java:loadSnapshot(262)) - group-AD3574C5ACD4: The snapshot info is null. Setting the last applied indexto:(t:0, i:~)
2023-08-25 08:50:57,534 [6a4c8060-cde6-48cd-aea7-c757cfe8808e-groupManagement] INFO  server.RaftServerConfigKeys (ConfUtils.java:logGet(46)) - raft.server.log.use.memory = false (default)
2023-08-25 08:50:57,535 [6a4c8060-cde6-48cd-aea7-c757cfe8808e-groupManagement] INFO  server.RaftServerConfigKeys (ConfUtils.java:logGet(46)) - raft.server.log.purge.gap = 1000000 (custom)
2023-08-25 08:50:57,535 [6a4c8060-cde6-48cd-aea7-c757cfe8808e-groupManagement] INFO  server.RaftServerConfigKeys (ConfUtils.java:logGet(46)) - raft.server.log.appender.buffer.byte-limit = 33554432 (custom)
2023-08-25 08:50:57,535 [6a4c8060-cde6-48cd-aea7-c757cfe8808e-groupManagement] INFO  server.RaftServerConfigKeys (ConfUtils.java:logGet(46)) - raft.server.log.statemachine.data.read.timeout = 1000ms (default)
2023-08-25 08:50:57,535 [6a4c8060-cde6-48cd-aea7-c757cfe8808e-groupManagement] INFO  server.RaftServerConfigKeys (ConfUtils.java:logGet(46)) - raft.server.log.purge.preservation.log.num = 0 (default)
2023-08-25 08:50:57,536 [EventQueue-PipelineReportForPipelineReportHandler] INFO  pipeline.PipelineReportHandler (PipelineReportHandler.java:processPipelineReport(136)) - Opened pipeline PipelineID=0745cb0a-31a2-4b69-b7e9-ad3574c5acd4
2023-08-25 08:50:57,537 [EventQueue-OpenPipelineForHealthyPipelineSafeModeRule] INFO  safemode.SCMSafeModeManager (HealthyPipelineSafeModeRule.java:process(137)) - SCM in safe mode. Healthy pipelines reported count is 0, required healthy pipeline reported count is 1
2023-08-25 08:50:57,537 [6a4c8060-cde6-48cd-aea7-c757cfe8808e-groupManagement] INFO  server.RaftServerConfigKeys (ConfUtils.java:logGet(46)) - raft.server.log.segment.size.max = 1048576 (custom)
2023-08-25 08:50:57,537 [6a4c8060-cde6-48cd-aea7-c757cfe8808e-groupManagement] INFO  server.RaftServerConfigKeys (ConfUtils.java:logGet(46)) - raft.server.log.segment.cache.num.max = 2 (custom)
2023-08-25 08:50:57,538 [6a4c8060-cde6-48cd-aea7-c757cfe8808e-groupManagement] INFO  server.RaftServerConfigKeys (ConfUtils.java:logGet(46)) - raft.server.log.segment.cache.size.max = 200MB (=209715200) (default)
2023-08-25 08:50:57,538 [6a4c8060-cde6-48cd-aea7-c757cfe8808e-groupManagement] INFO  server.RaftServerConfigKeys (ConfUtils.java:logGet(46)) - raft.server.log.appender.buffer.byte-limit = 33554432 (custom)
2023-08-25 08:50:57,538 [6a4c8060-cde6-48cd-aea7-c757cfe8808e-groupManagement] INFO  segmented.SegmentedRaftLogWorker (SegmentedRaftLogWorker.java:<init>(188)) - new 6a4c8060-cde6-48cd-aea7-c757cfe8808e@group-AD3574C5ACD4-SegmentedRaftLogWorker for RaftStorageImpl:Storage Directory /home/runner/work/ozone/ozone/hadoop-ozone/integration-test/target/test-dir/MiniOzoneClusterImpl-289e54f1-59ef-4028-876b-aa1b67627a4d/datanode-4/data/ratis/0745cb0a-31a2-4b69-b7e9-ad3574c5acd4
2023-08-25 08:50:57,538 [6a4c8060-cde6-48cd-aea7-c757cfe8808e-groupManagement] INFO  server.RaftServerConfigKeys (ConfUtils.java:logGet(46)) - raft.server.log.queue.byte-limit = 4294967296 (custom)
2023-08-25 08:50:57,538 [6a4c8060-cde6-48cd-aea7-c757cfe8808e-groupManagement] INFO  server.RaftServerConfigKeys (ConfUtils.java:logGet(46)) - raft.server.log.queue.element-limit = 1024 (custom)
2023-08-25 08:50:57,538 [6a4c8060-cde6-48cd-aea7-c757cfe8808e-groupManagement] INFO  server.RaftServerConfigKeys (ConfUtils.java:logGet(46)) - raft.server.log.segment.size.max = 1048576 (custom)
2023-08-25 08:50:57,538 [6a4c8060-cde6-48cd-aea7-c757cfe8808e-groupManagement] INFO  server.RaftServerConfigKeys (ConfUtils.java:logGet(46)) - raft.server.log.preallocated.size = 16384 (custom)
2023-08-25 08:50:57,538 [6a4c8060-cde6-48cd-aea7-c757cfe8808e-groupManagement] INFO  server.RaftServerConfigKeys (ConfUtils.java:logGet(46)) - raft.server.log.force.sync.num = 128 (default)
2023-08-25 08:50:57,538 [6a4c8060-cde6-48cd-aea7-c757cfe8808e-groupManagement] INFO  server.RaftServerConfigKeys (ConfUtils.java:logGet(46)) - raft.server.log.statemachine.data.sync = true (default)
2023-08-25 08:50:57,538 [6a4c8060-cde6-48cd-aea7-c757cfe8808e-groupManagement] INFO  server.RaftServerConfigKeys (ConfUtils.java:logGet(46)) - raft.server.log.statemachine.data.sync.timeout = 10s (default)
2023-08-25 08:50:57,538 [6a4c8060-cde6-48cd-aea7-c757cfe8808e-groupManagement] INFO  server.RaftServerConfigKeys (ConfUtils.java:logGet(46)) - raft.server.log.statemachine.data.sync.timeout.retry = -1 (default)
2023-08-25 08:50:57,539 [6a4c8060-cde6-48cd-aea7-c757cfe8808e-groupManagement] INFO  server.RaftServerConfigKeys (ConfUtils.java:logGet(46)) - raft.server.log.write.buffer.size = 1048576 (custom)
2023-08-25 08:50:57,540 [6a4c8060-cde6-48cd-aea7-c757cfe8808e-groupManagement] INFO  server.RaftServerConfigKeys (ConfUtils.java:logGet(46)) - raft.server.log.appender.buffer.byte-limit = 33554432 (custom)
2023-08-25 08:50:57,546 [6a4c8060-cde6-48cd-aea7-c757cfe8808e-groupManagement] INFO  server.RaftServerConfigKeys (ConfUtils.java:logGet(46)) - raft.server.log.unsafe-flush.enabled = false (default)
2023-08-25 08:50:57,546 [6a4c8060-cde6-48cd-aea7-c757cfe8808e-groupManagement] INFO  server.RaftServerConfigKeys (ConfUtils.java:logGet(46)) - raft.server.log.async-flush.enabled = false (default)
2023-08-25 08:50:57,546 [6a4c8060-cde6-48cd-aea7-c757cfe8808e-groupManagement] INFO  server.RaftServerConfigKeys (ConfUtils.java:logGet(46)) - raft.server.log.statemachine.data.caching.enabled = true (custom)
2023-08-25 08:50:57,547 [6a4c8060-cde6-48cd-aea7-c757cfe8808e-groupManagement] INFO  segmented.SegmentedRaftLogWorker (SegmentedRaftLogWorker.java:lambda$new$0(135)) - 6a4c8060-cde6-48cd-aea7-c757cfe8808e@group-AD3574C5ACD4-SegmentedRaftLogWorker: flushIndex: setUnconditionally 0 -> -1
2023-08-25 08:50:57,547 [6a4c8060-cde6-48cd-aea7-c757cfe8808e-groupManagement] INFO  segmented.SegmentedRaftLogWorker (SegmentedRaftLogWorker.java:lambda$new$0(135)) - 6a4c8060-cde6-48cd-aea7-c757cfe8808e@group-AD3574C5ACD4-SegmentedRaftLogWorker: safeCacheEvictIndex: setUnconditionally 0 -> -1
2023-08-25 08:50:57,549 [6a4c8060-cde6-48cd-aea7-c757cfe8808e-groupManagement] INFO  server.RaftServer$Division (RaftServerImpl.java:start(342)) - 6a4c8060-cde6-48cd-aea7-c757cfe8808e@group-AD3574C5ACD4: start as a follower, conf=-1: peers:[6a4c8060-cde6-48cd-aea7-c757cfe8808e|rpc:10.1.0.19:15050|admin:10.1.0.19:15049|client:10.1.0.19:15048|dataStream:10.1.0.19:15051|priority:1|startupRole:FOLLOWER]|listeners:[], old=null
2023-08-25 08:50:57,549 [6a4c8060-cde6-48cd-aea7-c757cfe8808e-groupManagement] INFO  server.RaftServer$Division (RaftServerImpl.java:setRole(329)) - 6a4c8060-cde6-48cd-aea7-c757cfe8808e@group-AD3574C5ACD4: changes role from      null to FOLLOWER at term 0 for startAsFollower
2023-08-25 08:50:57,549 [6a4c8060-cde6-48cd-aea7-c757cfe8808e-groupManagement] INFO  impl.RoleInfo (RoleInfo.java:updateAndGet(139)) - 6a4c8060-cde6-48cd-aea7-c757cfe8808e: start 6a4c8060-cde6-48cd-aea7-c757cfe8808e@group-AD3574C5ACD4-FollowerState
2023-08-25 08:50:57,552 [6a4c8060-cde6-48cd-aea7-c757cfe8808e-groupManagement] INFO  util.JmxRegister (JmxRegister.java:tryRegister(44)) - Successfully registered JMX Bean with object name Ratis:service=RaftServer,group=group-AD3574C5ACD4,id=6a4c8060-cde6-48cd-aea7-c757cfe8808e
2023-08-25 08:50:57,552 [6a4c8060-cde6-48cd-aea7-c757cfe8808e-groupManagement] INFO  server.RaftServerConfigKeys (ConfUtils.java:logGet(46)) - raft.server.snapshot.auto.trigger.enabled = true (custom)
2023-08-25 08:50:57,552 [6a4c8060-cde6-48cd-aea7-c757cfe8808e-groupManagement] INFO  server.RaftServerConfigKeys (ConfUtils.java:logGet(46)) - raft.server.snapshot.auto.trigger.threshold = 10000 (custom)
2023-08-25 08:50:57,552 [6a4c8060-cde6-48cd-aea7-c757cfe8808e-groupManagement] INFO  server.RaftServerConfigKeys (ConfUtils.java:logGet(46)) - raft.server.snapshot.retention.file.num = 5 (custom)
2023-08-25 08:50:57,552 [6a4c8060-cde6-48cd-aea7-c757cfe8808e-groupManagement] INFO  server.RaftServerConfigKeys (ConfUtils.java:logGet(46)) - raft.server.log.purge.upto.snapshot.index = false (default)
2023-08-25 08:50:57,553 [6a4c8060-cde6-48cd-aea7-c757cfe8808e@group-AD3574C5ACD4-FollowerState] INFO  server.RaftServerConfigKeys (ConfUtils.java:logFallback(53)) - raft.server.rpc.first-election.timeout.min = 5s (fallback to raft.server.rpc.timeout.min)
2023-08-25 08:50:57,553 [6a4c8060-cde6-48cd-aea7-c757cfe8808e@group-AD3574C5ACD4-FollowerState] INFO  server.RaftServerConfigKeys (ConfUtils.java:logFallback(53)) - raft.server.rpc.first-election.timeout.max = 5200ms (fallback to raft.server.rpc.timeout.max)
2023-08-25 08:50:57,554 [PipelineCommandHandlerThread-0] INFO  ratis.XceiverServerRatis (XceiverServerRatis.java:addGroup(804)) - Created group PipelineID=0745cb0a-31a2-4b69-b7e9-ad3574c5acd4
2023-08-25 08:50:57,554 [PipelineCommandHandlerThread-0] INFO  commandhandler.CreatePipelineCommandHandler (CreatePipelineCommandHandler.java:lambda$handle$2(124)) - Created Pipeline RATIS ONE PipelineID=0745cb0a-31a2-4b69-b7e9-ad3574c5acd4.
2023-08-25 08:50:57,784 [ReplicationMonitor] INFO  replication.ReplicationManager (ReplicationManager.java:processAll(361)) - Replication Manager is not ready to run until 3000ms after safemode exit
2023-08-25 08:50:58,498 [Time-limited test] INFO  ozone.MiniOzoneClusterImpl (MiniOzoneClusterImpl.java:lambda$waitForClusterToBeReady$0(224)) - Nodes are ready. Got 5 of 5 DN Heartbeats.
2023-08-25 08:50:58,498 [Time-limited test] INFO  ozone.MiniOzoneClusterImpl (MiniOzoneClusterImpl.java:lambda$waitForClusterToBeReady$0(227)) - Waiting for cluster to exit safe mode
2023-08-25 08:50:58,498 [Time-limited test] INFO  ozone.MiniOzoneClusterImpl (MiniOzoneClusterImpl.java:lambda$waitForClusterToBeReady$0(229)) - SCM became leader
2023-08-25 08:50:58,784 [ReplicationMonitor] INFO  replication.ReplicationManager (ReplicationManager.java:processAll(361)) - Replication Manager is not ready to run until 3000ms after safemode exit
2023-08-25 08:50:59,499 [Time-limited test] INFO  ozone.MiniOzoneClusterImpl (MiniOzoneClusterImpl.java:lambda$waitForClusterToBeReady$0(224)) - Nodes are ready. Got 5 of 5 DN Heartbeats.
2023-08-25 08:50:59,499 [Time-limited test] INFO  ozone.MiniOzoneClusterImpl (MiniOzoneClusterImpl.java:lambda$waitForClusterToBeReady$0(227)) - Waiting for cluster to exit safe mode
2023-08-25 08:50:59,499 [Time-limited test] INFO  ozone.MiniOzoneClusterImpl (MiniOzoneClusterImpl.java:lambda$waitForClusterToBeReady$0(229)) - SCM became leader
2023-08-25 08:50:59,784 [ReplicationMonitor] INFO  replication.ReplicationManager (ReplicationManager.java:processAll(361)) - Replication Manager is not ready to run until 3000ms after safemode exit
2023-08-25 08:51:00,499 [Time-limited test] INFO  ozone.MiniOzoneClusterImpl (MiniOzoneClusterImpl.java:lambda$waitForClusterToBeReady$0(224)) - Nodes are ready. Got 5 of 5 DN Heartbeats.
2023-08-25 08:51:00,499 [Time-limited test] INFO  ozone.MiniOzoneClusterImpl (MiniOzoneClusterImpl.java:lambda$waitForClusterToBeReady$0(227)) - Waiting for cluster to exit safe mode
2023-08-25 08:51:00,499 [Time-limited test] INFO  ozone.MiniOzoneClusterImpl (MiniOzoneClusterImpl.java:lambda$waitForClusterToBeReady$0(229)) - SCM became leader
2023-08-25 08:51:00,784 [ReplicationMonitor] INFO  replication.ReplicationManager (ReplicationManager.java:processAll(361)) - Replication Manager is not ready to run until 3000ms after safemode exit
2023-08-25 08:51:01,090 [6f59ded9-1d69-4648-a4a5-1116b15843fb@group-32B8677FEACD-FollowerState] INFO  impl.FollowerState (FollowerState.java:run(143)) - 6f59ded9-1d69-4648-a4a5-1116b15843fb@group-32B8677FEACD-FollowerState: change to CANDIDATE, lastRpcElapsedTime:5043717486ns, electionTimeout:5043ms
2023-08-25 08:51:01,091 [6f59ded9-1d69-4648-a4a5-1116b15843fb@group-32B8677FEACD-FollowerState] INFO  impl.RoleInfo (RoleInfo.java:shutdownFollowerState(110)) - 6f59ded9-1d69-4648-a4a5-1116b15843fb: shutdown 6f59ded9-1d69-4648-a4a5-1116b15843fb@group-32B8677FEACD-FollowerState
2023-08-25 08:51:01,091 [6f59ded9-1d69-4648-a4a5-1116b15843fb@group-32B8677FEACD-FollowerState] INFO  server.RaftServer$Division (RaftServerImpl.java:setRole(329)) - 6f59ded9-1d69-4648-a4a5-1116b15843fb@group-32B8677FEACD: changes role from  FOLLOWER to CANDIDATE at term 0 for changeToCandidate
2023-08-25 08:51:01,092 [6f59ded9-1d69-4648-a4a5-1116b15843fb@group-32B8677FEACD-FollowerState] INFO  server.RaftServerConfigKeys (ConfUtils.java:logGet(46)) - raft.server.leaderelection.pre-vote = true (default)
2023-08-25 08:51:01,092 [6f59ded9-1d69-4648-a4a5-1116b15843fb@group-32B8677FEACD-FollowerState] INFO  impl.RoleInfo (RoleInfo.java:updateAndGet(139)) - 6f59ded9-1d69-4648-a4a5-1116b15843fb: start 6f59ded9-1d69-4648-a4a5-1116b15843fb@group-32B8677FEACD-LeaderElection2
2023-08-25 08:51:01,098 [6f59ded9-1d69-4648-a4a5-1116b15843fb@group-32B8677FEACD-LeaderElection2] INFO  impl.LeaderElection (LeaderElection.java:askForVotes(321)) - 6f59ded9-1d69-4648-a4a5-1116b15843fb@group-32B8677FEACD-LeaderElection2 PRE_VOTE round 0: submit vote requests at term 0 for -1: peers:[6f59ded9-1d69-4648-a4a5-1116b15843fb|rpc:10.1.0.19:15014|admin:10.1.0.19:15013|client:10.1.0.19:15012|dataStream:10.1.0.19:15015|priority:1|startupRole:FOLLOWER]|listeners:[], old=null
2023-08-25 08:51:01,098 [6f59ded9-1d69-4648-a4a5-1116b15843fb@group-32B8677FEACD-LeaderElection2] INFO  impl.LeaderElection (LeaderElection.java:askForVotes(323)) - 6f59ded9-1d69-4648-a4a5-1116b15843fb@group-32B8677FEACD-LeaderElection2 PRE_VOTE round 0: result PASSED (term=0)
2023-08-25 08:51:01,101 [6f59ded9-1d69-4648-a4a5-1116b15843fb@group-32B8677FEACD-LeaderElection2] INFO  impl.LeaderElection (LeaderElection.java:askForVotes(321)) - 6f59ded9-1d69-4648-a4a5-1116b15843fb@group-32B8677FEACD-LeaderElection2 ELECTION round 0: submit vote requests at term 1 for -1: peers:[6f59ded9-1d69-4648-a4a5-1116b15843fb|rpc:10.1.0.19:15014|admin:10.1.0.19:15013|client:10.1.0.19:15012|dataStream:10.1.0.19:15015|priority:1|startupRole:FOLLOWER]|listeners:[], old=null
2023-08-25 08:51:01,101 [6f59ded9-1d69-4648-a4a5-1116b15843fb@group-32B8677FEACD-LeaderElection2] INFO  impl.LeaderElection (LeaderElection.java:askForVotes(323)) - 6f59ded9-1d69-4648-a4a5-1116b15843fb@group-32B8677FEACD-LeaderElection2 ELECTION round 0: result PASSED (term=1)
2023-08-25 08:51:01,101 [6f59ded9-1d69-4648-a4a5-1116b15843fb@group-32B8677FEACD-LeaderElection2] INFO  impl.RoleInfo (RoleInfo.java:shutdownLeaderElection(130)) - 6f59ded9-1d69-4648-a4a5-1116b15843fb: shutdown 6f59ded9-1d69-4648-a4a5-1116b15843fb@group-32B8677FEACD-LeaderElection2
2023-08-25 08:51:01,101 [6f59ded9-1d69-4648-a4a5-1116b15843fb@group-32B8677FEACD-LeaderElection2] INFO  server.RaftServer$Division (RaftServerImpl.java:setRole(329)) - 6f59ded9-1d69-4648-a4a5-1116b15843fb@group-32B8677FEACD: changes role from CANDIDATE to LEADER at term 1 for changeToLeader
2023-08-25 08:51:01,101 [6f59ded9-1d69-4648-a4a5-1116b15843fb@group-32B8677FEACD-LeaderElection2] INFO  ratis.XceiverServerRatis (XceiverServerRatis.java:handleLeaderChangedNotification(902)) - Leader change notification received for group: group-32B8677FEACD with new leaderId: 6f59ded9-1d69-4648-a4a5-1116b15843fb
2023-08-25 08:51:01,101 [6f59ded9-1d69-4648-a4a5-1116b15843fb@group-32B8677FEACD-LeaderElection2] INFO  server.RaftServer$Division (ServerState.java:setLeader(317)) - 6f59ded9-1d69-4648-a4a5-1116b15843fb@group-32B8677FEACD: change Leader from null to 6f59ded9-1d69-4648-a4a5-1116b15843fb at term 1 for becomeLeader, leader elected after 5103ms
2023-08-25 08:51:01,101 [6f59ded9-1d69-4648-a4a5-1116b15843fb@group-32B8677FEACD-LeaderElection2] INFO  server.RaftServerConfigKeys (ConfUtils.java:logGet(46)) - raft.server.staging.catchup.gap = 1000 (default)
2023-08-25 08:51:01,103 [EventQueue-OpenPipelineForHealthyPipelineSafeModeRule] INFO  safemode.SCMSafeModeManager (HealthyPipelineSafeModeRule.java:process(137)) - SCM in safe mode. Healthy pipelines reported count is 0, required healthy pipeline reported count is 1
2023-08-25 08:51:01,103 [6f59ded9-1d69-4648-a4a5-1116b15843fb@group-32B8677FEACD-LeaderElection2] INFO  server.RaftServerConfigKeys (ConfUtils.java:logGet(46)) - raft.server.write.element-limit = 1024 (custom)
2023-08-25 08:51:01,103 [6f59ded9-1d69-4648-a4a5-1116b15843fb@group-32B8677FEACD-LeaderElection2] INFO  server.RaftServerConfigKeys (ConfUtils.java:logGet(46)) - raft.server.write.byte-limit = 1024 M (=1073741824) (custom)
2023-08-25 08:51:01,104 [6f59ded9-1d69-4648-a4a5-1116b15843fb@group-32B8677FEACD-LeaderElection2] INFO  server.RaftServerConfigKeys (ConfUtils.java:logGet(46)) - raft.server.watch.timeout = 180s (custom)
2023-08-25 08:51:01,104 [6f59ded9-1d69-4648-a4a5-1116b15843fb@group-32B8677FEACD-LeaderElection2] INFO  server.RaftServerConfigKeys (ConfUtils.java:logGet(46)) - raft.server.watch.timeout.denomination = 1s (default)
2023-08-25 08:51:01,104 [6f59ded9-1d69-4648-a4a5-1116b15843fb@group-32B8677FEACD-LeaderElection2] INFO  server.RaftServerConfigKeys (ConfUtils.java:logGet(46)) - raft.server.watch.element-limit = 65536 (default)
2023-08-25 08:51:01,104 [6f59ded9-1d69-4648-a4a5-1116b15843fb@group-32B8677FEACD-LeaderElection2] INFO  server.RaftServerConfigKeys (ConfUtils.java:logGet(46)) - raft.server.write.element-limit = 1024 (custom)
2023-08-25 08:51:01,104 [6f59ded9-1d69-4648-a4a5-1116b15843fb@group-32B8677FEACD-LeaderElection2] INFO  server.RaftServerConfigKeys (ConfUtils.java:logGet(46)) - raft.server.write.follower.gap.ratio.max = -1.0 (default)
2023-08-25 08:51:01,106 [6f59ded9-1d69-4648-a4a5-1116b15843fb@group-32B8677FEACD-LeaderElection2] INFO  impl.RoleInfo (RoleInfo.java:updateAndGet(139)) - 6f59ded9-1d69-4648-a4a5-1116b15843fb: start 6f59ded9-1d69-4648-a4a5-1116b15843fb@group-32B8677FEACD-LeaderStateImpl
2023-08-25 08:51:01,106 [6f59ded9-1d69-4648-a4a5-1116b15843fb@group-32B8677FEACD-LeaderElection2] INFO  segmented.SegmentedRaftLogWorker (SegmentedRaftLogWorker.java:startLogSegment(447)) - 6f59ded9-1d69-4648-a4a5-1116b15843fb@group-32B8677FEACD-SegmentedRaftLogWorker: Starting segment from index:0
2023-08-25 08:51:01,109 [6f59ded9-1d69-4648-a4a5-1116b15843fb@group-32B8677FEACD-SegmentedRaftLogWorker] INFO  segmented.SegmentedRaftLogWorker (SegmentedRaftLogWorker.java:execute(651)) - 6f59ded9-1d69-4648-a4a5-1116b15843fb@group-32B8677FEACD-SegmentedRaftLogWorker: created new log segment /home/runner/work/ozone/ozone/hadoop-ozone/integration-test/target/test-dir/MiniOzoneClusterImpl-289e54f1-59ef-4028-876b-aa1b67627a4d/datanode-0/data/ratis/761ab50f-7aa3-4294-82e9-32b8677feacd/current/log_inprogress_0
2023-08-25 08:51:01,115 [6f59ded9-1d69-4648-a4a5-1116b15843fb@group-32B8677FEACD-LeaderElection2] INFO  server.RaftServer$Division (ServerState.java:setRaftConf(434)) - 6f59ded9-1d69-4648-a4a5-1116b15843fb@group-32B8677FEACD: set configuration 0: peers:[6f59ded9-1d69-4648-a4a5-1116b15843fb|rpc:10.1.0.19:15014|admin:10.1.0.19:15013|client:10.1.0.19:15012|dataStream:10.1.0.19:15015|priority:1|startupRole:FOLLOWER]|listeners:[], old=null
2023-08-25 08:51:01,248 [6f59ded9-1d69-4648-a4a5-1116b15843fb@group-2A842429A16A-FollowerState] INFO  impl.FollowerState (FollowerState.java:run(143)) - 6f59ded9-1d69-4648-a4a5-1116b15843fb@group-2A842429A16A-FollowerState: change to CANDIDATE, lastRpcElapsedTime:5163624192ns, electionTimeout:5157ms
2023-08-25 08:51:01,249 [6f59ded9-1d69-4648-a4a5-1116b15843fb@group-2A842429A16A-FollowerState] INFO  impl.RoleInfo (RoleInfo.java:shutdownFollowerState(110)) - 6f59ded9-1d69-4648-a4a5-1116b15843fb: shutdown 6f59ded9-1d69-4648-a4a5-1116b15843fb@group-2A842429A16A-FollowerState
2023-08-25 08:51:01,249 [6f59ded9-1d69-4648-a4a5-1116b15843fb@group-2A842429A16A-FollowerState] INFO  server.RaftServer$Division (RaftServerImpl.java:setRole(329)) - 6f59ded9-1d69-4648-a4a5-1116b15843fb@group-2A842429A16A: changes role from  FOLLOWER to CANDIDATE at term 0 for changeToCandidate
2023-08-25 08:51:01,250 [6f59ded9-1d69-4648-a4a5-1116b15843fb@group-2A842429A16A-FollowerState] INFO  server.RaftServerConfigKeys (ConfUtils.java:logGet(46)) - raft.server.leaderelection.pre-vote = true (default)
2023-08-25 08:51:01,250 [6f59ded9-1d69-4648-a4a5-1116b15843fb@group-2A842429A16A-FollowerState] INFO  impl.RoleInfo (RoleInfo.java:updateAndGet(139)) - 6f59ded9-1d69-4648-a4a5-1116b15843fb: start 6f59ded9-1d69-4648-a4a5-1116b15843fb@group-2A842429A16A-LeaderElection3
2023-08-25 08:51:01,252 [6f59ded9-1d69-4648-a4a5-1116b15843fb@group-2A842429A16A-LeaderElection3] INFO  impl.LeaderElection (LeaderElection.java:askForVotes(321)) - 6f59ded9-1d69-4648-a4a5-1116b15843fb@group-2A842429A16A-LeaderElection3 PRE_VOTE round 0: submit vote requests at term 0 for -1: peers:[722a3cfd-0cb3-45bd-9dad-85df9dd4c55e|rpc:10.1.0.19:15032|admin:10.1.0.19:15031|client:10.1.0.19:15030|dataStream:10.1.0.19:15033|priority:1|startupRole:FOLLOWER, 6f59ded9-1d69-4648-a4a5-1116b15843fb|rpc:10.1.0.19:15014|admin:10.1.0.19:15013|client:10.1.0.19:15012|dataStream:10.1.0.19:15015|priority:0|startupRole:FOLLOWER, 5e5d2cfb-a693-459c-b621-520c42fdac66|rpc:10.1.0.19:15023|admin:10.1.0.19:15022|client:10.1.0.19:15021|dataStream:10.1.0.19:15024|priority:0|startupRole:FOLLOWER]|listeners:[], old=null
2023-08-25 08:51:01,259 [6f59ded9-1d69-4648-a4a5-1116b15843fb@group-2A842429A16A-LeaderElection3] INFO  server.RaftServerConfigKeys (ConfUtils.java:logFallback(53)) - raft.server.rpc.first-election.timeout.min = 5s (fallback to raft.server.rpc.timeout.min)
2023-08-25 08:51:01,259 [6f59ded9-1d69-4648-a4a5-1116b15843fb@group-2A842429A16A-LeaderElection3] INFO  server.RaftServerConfigKeys (ConfUtils.java:logFallback(53)) - raft.server.rpc.first-election.timeout.max = 5200ms (fallback to raft.server.rpc.timeout.max)
2023-08-25 08:51:01,264 [6f59ded9-1d69-4648-a4a5-1116b15843fb@group-2A842429A16A-LeaderElection3-1] INFO  server.GrpcServerProtocolClient (GrpcServerProtocolClient.java:<init>(65)) - Build channel for 722a3cfd-0cb3-45bd-9dad-85df9dd4c55e
2023-08-25 08:51:01,267 [6f59ded9-1d69-4648-a4a5-1116b15843fb@group-2A842429A16A-LeaderElection3-2] INFO  server.GrpcServerProtocolClient (GrpcServerProtocolClient.java:<init>(65)) - Build channel for 5e5d2cfb-a693-459c-b621-520c42fdac66
2023-08-25 08:51:01,290 [grpc-default-executor-1] INFO  server.RaftServer$Division (RaftServerImpl.java:requestVote(1302)) - 5e5d2cfb-a693-459c-b621-520c42fdac66@group-2A842429A16A: receive requestVote(PRE_VOTE, 6f59ded9-1d69-4648-a4a5-1116b15843fb, group-2A842429A16A, 0, (t:0, i:0))
2023-08-25 08:51:01,292 [grpc-default-executor-1] INFO  impl.VoteContext (VoteContext.java:log(49)) - 5e5d2cfb-a693-459c-b621-520c42fdac66@group-2A842429A16A-FOLLOWER: accept PRE_VOTE from 6f59ded9-1d69-4648-a4a5-1116b15843fb: our priority 0 <= candidate's priority 0
2023-08-25 08:51:01,293 [grpc-default-executor-0] INFO  server.RaftServer$Division (RaftServerImpl.java:requestVote(1302)) - 722a3cfd-0cb3-45bd-9dad-85df9dd4c55e@group-2A842429A16A: receive requestVote(PRE_VOTE, 6f59ded9-1d69-4648-a4a5-1116b15843fb, group-2A842429A16A, 0, (t:0, i:0))
2023-08-25 08:51:01,293 [grpc-default-executor-0] INFO  impl.VoteContext (VoteContext.java:log(49)) - 722a3cfd-0cb3-45bd-9dad-85df9dd4c55e@group-2A842429A16A-FOLLOWER: reject PRE_VOTE from 6f59ded9-1d69-4648-a4a5-1116b15843fb: our priority 1 > candidate's priority 0
2023-08-25 08:51:01,297 [grpc-default-executor-0] INFO  server.RaftServer$Division (RaftServerImpl.java:requestVote(1335)) - 722a3cfd-0cb3-45bd-9dad-85df9dd4c55e@group-2A842429A16A replies to PRE_VOTE vote request: 6f59ded9-1d69-4648-a4a5-1116b15843fb<-722a3cfd-0cb3-45bd-9dad-85df9dd4c55e#0:FAIL-t0. Peer's state: 722a3cfd-0cb3-45bd-9dad-85df9dd4c55e@group-2A842429A16A:t0, leader=null, voted=, raftlog=Memoized:722a3cfd-0cb3-45bd-9dad-85df9dd4c55e@group-2A842429A16A-SegmentedRaftLog:OPENED:c-1, conf=-1: peers:[722a3cfd-0cb3-45bd-9dad-85df9dd4c55e|rpc:10.1.0.19:15032|admin:10.1.0.19:15031|client:10.1.0.19:15030|dataStream:10.1.0.19:15033|priority:1|startupRole:FOLLOWER, 6f59ded9-1d69-4648-a4a5-1116b15843fb|rpc:10.1.0.19:15014|admin:10.1.0.19:15013|client:10.1.0.19:15012|dataStream:10.1.0.19:15015|priority:0|startupRole:FOLLOWER, 5e5d2cfb-a693-459c-b621-520c42fdac66|rpc:10.1.0.19:15023|admin:10.1.0.19:15022|client:10.1.0.19:15021|dataStream:10.1.0.19:15024|priority:0|startupRole:FOLLOWER]|listeners:[], old=null
2023-08-25 08:51:01,300 [6f59ded9-1d69-4648-a4a5-1116b15843fb@group-2A842429A16A-LeaderElection3] INFO  impl.LeaderElection (LeaderElection.java:logAndReturn(90)) - 6f59ded9-1d69-4648-a4a5-1116b15843fb@group-2A842429A16A-LeaderElection3: PRE_VOTE REJECTED received 1 response(s) and 0 exception(s):
2023-08-25 08:51:01,300 [grpc-default-executor-1] INFO  server.RaftServer$Division (RaftServerImpl.java:requestVote(1335)) - 5e5d2cfb-a693-459c-b621-520c42fdac66@group-2A842429A16A replies to PRE_VOTE vote request: 6f59ded9-1d69-4648-a4a5-1116b15843fb<-5e5d2cfb-a693-459c-b621-520c42fdac66#0:OK-t0. Peer's state: 5e5d2cfb-a693-459c-b621-520c42fdac66@group-2A842429A16A:t0, leader=null, voted=, raftlog=Memoized:5e5d2cfb-a693-459c-b621-520c42fdac66@group-2A842429A16A-SegmentedRaftLog:OPENED:c-1, conf=-1: peers:[722a3cfd-0cb3-45bd-9dad-85df9dd4c55e|rpc:10.1.0.19:15032|admin:10.1.0.19:15031|client:10.1.0.19:15030|dataStream:10.1.0.19:15033|priority:1|startupRole:FOLLOWER, 6f59ded9-1d69-4648-a4a5-1116b15843fb|rpc:10.1.0.19:15014|admin:10.1.0.19:15013|client:10.1.0.19:15012|dataStream:10.1.0.19:15015|priority:0|startupRole:FOLLOWER, 5e5d2cfb-a693-459c-b621-520c42fdac66|rpc:10.1.0.19:15023|admin:10.1.0.19:15022|client:10.1.0.19:15021|dataStream:10.1.0.19:15024|priority:0|startupRole:FOLLOWER]|listeners:[], old=null
2023-08-25 08:51:01,300 [6f59ded9-1d69-4648-a4a5-1116b15843fb@group-2A842429A16A-LeaderElection3] INFO  impl.LeaderElection (LeaderElection.java:logAndReturn(94)) -   Response 0: 6f59ded9-1d69-4648-a4a5-1116b15843fb<-722a3cfd-0cb3-45bd-9dad-85df9dd4c55e#0:FAIL-t0
2023-08-25 08:51:01,301 [6f59ded9-1d69-4648-a4a5-1116b15843fb@group-2A842429A16A-LeaderElection3] INFO  impl.LeaderElection (LeaderElection.java:askForVotes(323)) - 6f59ded9-1d69-4648-a4a5-1116b15843fb@group-2A842429A16A-LeaderElection3 PRE_VOTE round 0: result REJECTED
2023-08-25 08:51:01,302 [6f59ded9-1d69-4648-a4a5-1116b15843fb@group-2A842429A16A-LeaderElection3] INFO  server.RaftServer$Division (RaftServerImpl.java:setRole(329)) - 6f59ded9-1d69-4648-a4a5-1116b15843fb@group-2A842429A16A: changes role from CANDIDATE to FOLLOWER at term 0 for REJECTED
2023-08-25 08:51:01,302 [6f59ded9-1d69-4648-a4a5-1116b15843fb@group-2A842429A16A-LeaderElection3] INFO  impl.RoleInfo (RoleInfo.java:shutdownLeaderElection(130)) - 6f59ded9-1d69-4648-a4a5-1116b15843fb: shutdown 6f59ded9-1d69-4648-a4a5-1116b15843fb@group-2A842429A16A-LeaderElection3
2023-08-25 08:51:01,302 [6f59ded9-1d69-4648-a4a5-1116b15843fb@group-2A842429A16A-LeaderElection3] INFO  impl.RoleInfo (RoleInfo.java:updateAndGet(139)) - 6f59ded9-1d69-4648-a4a5-1116b15843fb: start 6f59ded9-1d69-4648-a4a5-1116b15843fb@group-2A842429A16A-FollowerState
2023-08-25 08:51:01,499 [Time-limited test] INFO  ozone.MiniOzoneClusterImpl (MiniOzoneClusterImpl.java:lambda$waitForClusterToBeReady$0(224)) - Nodes are ready. Got 5 of 5 DN Heartbeats.
2023-08-25 08:51:01,501 [Time-limited test] INFO  ozone.MiniOzoneClusterImpl (MiniOzoneClusterImpl.java:lambda$waitForClusterToBeReady$0(227)) - Waiting for cluster to exit safe mode
2023-08-25 08:51:01,501 [Time-limited test] INFO  ozone.MiniOzoneClusterImpl (MiniOzoneClusterImpl.java:lambda$waitForClusterToBeReady$0(229)) - SCM became leader
2023-08-25 08:51:01,681 [5e5d2cfb-a693-459c-b621-520c42fdac66@group-2A842429A16A-FollowerState] INFO  server.RaftServerConfigKeys (ConfUtils.java:logFallback(53)) - raft.server.rpc.first-election.timeout.min = 5s (fallback to raft.server.rpc.timeout.min)
2023-08-25 08:51:01,682 [5e5d2cfb-a693-459c-b621-520c42fdac66@group-2A842429A16A-FollowerState] INFO  server.RaftServerConfigKeys (ConfUtils.java:logFallback(53)) - raft.server.rpc.first-election.timeout.max = 5200ms (fallback to raft.server.rpc.timeout.max)
2023-08-25 08:51:01,698 [5e5d2cfb-a693-459c-b621-520c42fdac66@group-CF9CE7564730-FollowerState] INFO  impl.FollowerState (FollowerState.java:run(143)) - 5e5d2cfb-a693-459c-b621-520c42fdac66@group-CF9CE7564730-FollowerState: change to CANDIDATE, lastRpcElapsedTime:5150206207ns, electionTimeout:5131ms
2023-08-25 08:51:01,698 [5e5d2cfb-a693-459c-b621-520c42fdac66@group-CF9CE7564730-FollowerState] INFO  impl.RoleInfo (RoleInfo.java:shutdownFollowerState(110)) - 5e5d2cfb-a693-459c-b621-520c42fdac66: shutdown 5e5d2cfb-a693-459c-b621-520c42fdac66@group-CF9CE7564730-FollowerState
2023-08-25 08:51:01,698 [5e5d2cfb-a693-459c-b621-520c42fdac66@group-CF9CE7564730-FollowerState] INFO  server.RaftServer$Division (RaftServerImpl.java:setRole(329)) - 5e5d2cfb-a693-459c-b621-520c42fdac66@group-CF9CE7564730: changes role from  FOLLOWER to CANDIDATE at term 0 for changeToCandidate
2023-08-25 08:51:01,699 [5e5d2cfb-a693-459c-b621-520c42fdac66@group-CF9CE7564730-FollowerState] INFO  server.RaftServerConfigKeys (ConfUtils.java:logGet(46)) - raft.server.leaderelection.pre-vote = true (default)
2023-08-25 08:51:01,699 [5e5d2cfb-a693-459c-b621-520c42fdac66@group-CF9CE7564730-FollowerState] INFO  impl.RoleInfo (RoleInfo.java:updateAndGet(139)) - 5e5d2cfb-a693-459c-b621-520c42fdac66: start 5e5d2cfb-a693-459c-b621-520c42fdac66@group-CF9CE7564730-LeaderElection4
2023-08-25 08:51:01,702 [5e5d2cfb-a693-459c-b621-520c42fdac66@group-CF9CE7564730-LeaderElection4] INFO  impl.LeaderElection (LeaderElection.java:askForVotes(321)) - 5e5d2cfb-a693-459c-b621-520c42fdac66@group-CF9CE7564730-LeaderElection4 PRE_VOTE round 0: submit vote requests at term 0 for -1: peers:[5e5d2cfb-a693-459c-b621-520c42fdac66|rpc:10.1.0.19:15023|admin:10.1.0.19:15022|client:10.1.0.19:15021|dataStream:10.1.0.19:15024|priority:1|startupRole:FOLLOWER]|listeners:[], old=null
2023-08-25 08:51:01,702 [5e5d2cfb-a693-459c-b621-520c42fdac66@group-CF9CE7564730-LeaderElection4] INFO  impl.LeaderElection (LeaderElection.java:askForVotes(323)) - 5e5d2cfb-a693-459c-b621-520c42fdac66@group-CF9CE7564730-LeaderElection4 PRE_VOTE round 0: result PASSED (term=0)
2023-08-25 08:51:01,704 [5e5d2cfb-a693-459c-b621-520c42fdac66@group-CF9CE7564730-LeaderElection4] INFO  impl.LeaderElection (LeaderElection.java:askForVotes(321)) - 5e5d2cfb-a693-459c-b621-520c42fdac66@group-CF9CE7564730-LeaderElection4 ELECTION round 0: submit vote requests at term 1 for -1: peers:[5e5d2cfb-a693-459c-b621-520c42fdac66|rpc:10.1.0.19:15023|admin:10.1.0.19:15022|client:10.1.0.19:15021|dataStream:10.1.0.19:15024|priority:1|startupRole:FOLLOWER]|listeners:[], old=null
2023-08-25 08:51:01,704 [5e5d2cfb-a693-459c-b621-520c42fdac66@group-CF9CE7564730-LeaderElection4] INFO  impl.LeaderElection (LeaderElection.java:askForVotes(323)) - 5e5d2cfb-a693-459c-b621-520c42fdac66@group-CF9CE7564730-LeaderElection4 ELECTION round 0: result PASSED (term=1)
2023-08-25 08:51:01,704 [5e5d2cfb-a693-459c-b621-520c42fdac66@group-CF9CE7564730-LeaderElection4] INFO  impl.RoleInfo (RoleInfo.java:shutdownLeaderElection(130)) - 5e5d2cfb-a693-459c-b621-520c42fdac66: shutdown 5e5d2cfb-a693-459c-b621-520c42fdac66@group-CF9CE7564730-LeaderElection4
2023-08-25 08:51:01,704 [5e5d2cfb-a693-459c-b621-520c42fdac66@group-CF9CE7564730-LeaderElection4] INFO  server.RaftServer$Division (RaftServerImpl.java:setRole(329)) - 5e5d2cfb-a693-459c-b621-520c42fdac66@group-CF9CE7564730: changes role from CANDIDATE to LEADER at term 1 for changeToLeader
2023-08-25 08:51:01,704 [5e5d2cfb-a693-459c-b621-520c42fdac66@group-CF9CE7564730-LeaderElection4] INFO  ratis.XceiverServerRatis (XceiverServerRatis.java:handleLeaderChangedNotification(902)) - Leader change notification received for group: group-CF9CE7564730 with new leaderId: 5e5d2cfb-a693-459c-b621-520c42fdac66
2023-08-25 08:51:01,704 [5e5d2cfb-a693-459c-b621-520c42fdac66@group-CF9CE7564730-LeaderElection4] INFO  server.RaftServer$Division (ServerState.java:setLeader(317)) - 5e5d2cfb-a693-459c-b621-520c42fdac66@group-CF9CE7564730: change Leader from null to 5e5d2cfb-a693-459c-b621-520c42fdac66 at term 1 for becomeLeader, leader elected after 5221ms
2023-08-25 08:51:01,704 [5e5d2cfb-a693-459c-b621-520c42fdac66@group-CF9CE7564730-LeaderElection4] INFO  server.RaftServerConfigKeys (ConfUtils.java:logGet(46)) - raft.server.staging.catchup.gap = 1000 (default)
2023-08-25 08:51:01,705 [5e5d2cfb-a693-459c-b621-520c42fdac66@group-CF9CE7564730-LeaderElection4] INFO  server.RaftServerConfigKeys (ConfUtils.java:logGet(46)) - raft.server.write.element-limit = 1024 (custom)
2023-08-25 08:51:01,705 [5e5d2cfb-a693-459c-b621-520c42fdac66@group-CF9CE7564730-LeaderElection4] INFO  server.RaftServerConfigKeys (ConfUtils.java:logGet(46)) - raft.server.write.byte-limit = 1024 M (=1073741824) (custom)
2023-08-25 08:51:01,707 [EventQueue-OpenPipelineForHealthyPipelineSafeModeRule] INFO  safemode.SCMSafeModeManager (HealthyPipelineSafeModeRule.java:process(137)) - SCM in safe mode. Healthy pipelines reported count is 0, required healthy pipeline reported count is 1
2023-08-25 08:51:01,707 [5e5d2cfb-a693-459c-b621-520c42fdac66@group-CF9CE7564730-LeaderElection4] INFO  server.RaftServerConfigKeys (ConfUtils.java:logGet(46)) - raft.server.watch.timeout = 180s (custom)
2023-08-25 08:51:01,707 [5e5d2cfb-a693-459c-b621-520c42fdac66@group-CF9CE7564730-LeaderElection4] INFO  server.RaftServerConfigKeys (ConfUtils.java:logGet(46)) - raft.server.watch.timeout.denomination = 1s (default)
2023-08-25 08:51:01,707 [5e5d2cfb-a693-459c-b621-520c42fdac66@group-CF9CE7564730-LeaderElection4] INFO  server.RaftServerConfigKeys (ConfUtils.java:logGet(46)) - raft.server.watch.element-limit = 65536 (default)
2023-08-25 08:51:01,707 [5e5d2cfb-a693-459c-b621-520c42fdac66@group-CF9CE7564730-LeaderElection4] INFO  server.RaftServerConfigKeys (ConfUtils.java:logGet(46)) - raft.server.write.element-limit = 1024 (custom)
2023-08-25 08:51:01,707 [5e5d2cfb-a693-459c-b621-520c42fdac66@group-CF9CE7564730-LeaderElection4] INFO  server.RaftServerConfigKeys (ConfUtils.java:logGet(46)) - raft.server.write.follower.gap.ratio.max = -1.0 (default)
2023-08-25 08:51:01,707 [5e5d2cfb-a693-459c-b621-520c42fdac66@group-CF9CE7564730-LeaderElection4] INFO  impl.RoleInfo (RoleInfo.java:updateAndGet(139)) - 5e5d2cfb-a693-459c-b621-520c42fdac66: start 5e5d2cfb-a693-459c-b621-520c42fdac66@group-CF9CE7564730-LeaderStateImpl
2023-08-25 08:51:01,707 [5e5d2cfb-a693-459c-b621-520c42fdac66@group-CF9CE7564730-LeaderElection4] INFO  segmented.SegmentedRaftLogWorker (SegmentedRaftLogWorker.java:startLogSegment(447)) - 5e5d2cfb-a693-459c-b621-520c42fdac66@group-CF9CE7564730-SegmentedRaftLogWorker: Starting segment from index:0
2023-08-25 08:51:01,709 [5e5d2cfb-a693-459c-b621-520c42fdac66@group-CF9CE7564730-LeaderElection4] INFO  server.RaftServer$Division (ServerState.java:setRaftConf(434)) - 5e5d2cfb-a693-459c-b621-520c42fdac66@group-CF9CE7564730: set configuration 0: peers:[5e5d2cfb-a693-459c-b621-520c42fdac66|rpc:10.1.0.19:15023|admin:10.1.0.19:15022|client:10.1.0.19:15021|dataStream:10.1.0.19:15024|priority:1|startupRole:FOLLOWER]|listeners:[], old=null
2023-08-25 08:51:01,710 [5e5d2cfb-a693-459c-b621-520c42fdac66@group-CF9CE7564730-SegmentedRaftLogWorker] INFO  segmented.SegmentedRaftLogWorker (SegmentedRaftLogWorker.java:execute(651)) - 5e5d2cfb-a693-459c-b621-520c42fdac66@group-CF9CE7564730-SegmentedRaftLogWorker: created new log segment /home/runner/work/ozone/ozone/hadoop-ozone/integration-test/target/test-dir/MiniOzoneClusterImpl-289e54f1-59ef-4028-876b-aa1b67627a4d/datanode-1/data/ratis/c11dfaf6-60c9-4270-9942-cf9ce7564730/current/log_inprogress_0
2023-08-25 08:51:01,785 [ReplicationMonitor] INFO  replication.ReplicationManager (ReplicationManager.java:processAll(361)) - Replication Manager is not ready to run until 3000ms after safemode exit
2023-08-25 08:51:01,816 [722a3cfd-0cb3-45bd-9dad-85df9dd4c55e@group-2A842429A16A-FollowerState] INFO  impl.FollowerState (FollowerState.java:run(143)) - 722a3cfd-0cb3-45bd-9dad-85df9dd4c55e@group-2A842429A16A-FollowerState: change to CANDIDATE, lastRpcElapsedTime:5198125607ns, electionTimeout:5195ms
2023-08-25 08:51:01,816 [722a3cfd-0cb3-45bd-9dad-85df9dd4c55e@group-2A842429A16A-FollowerState] INFO  impl.RoleInfo (RoleInfo.java:shutdownFollowerState(110)) - 722a3cfd-0cb3-45bd-9dad-85df9dd4c55e: shutdown 722a3cfd-0cb3-45bd-9dad-85df9dd4c55e@group-2A842429A16A-FollowerState
2023-08-25 08:51:01,816 [722a3cfd-0cb3-45bd-9dad-85df9dd4c55e@group-2A842429A16A-FollowerState] INFO  server.RaftServer$Division (RaftServerImpl.java:setRole(329)) - 722a3cfd-0cb3-45bd-9dad-85df9dd4c55e@group-2A842429A16A: changes role from  FOLLOWER to CANDIDATE at term 0 for changeToCandidate
2023-08-25 08:51:01,817 [722a3cfd-0cb3-45bd-9dad-85df9dd4c55e@group-2A842429A16A-FollowerState] INFO  server.RaftServerConfigKeys (ConfUtils.java:logGet(46)) - raft.server.leaderelection.pre-vote = true (default)
2023-08-25 08:51:01,818 [722a3cfd-0cb3-45bd-9dad-85df9dd4c55e@group-2A842429A16A-FollowerState] INFO  impl.RoleInfo (RoleInfo.java:updateAndGet(139)) - 722a3cfd-0cb3-45bd-9dad-85df9dd4c55e: start 722a3cfd-0cb3-45bd-9dad-85df9dd4c55e@group-2A842429A16A-LeaderElection5
2023-08-25 08:51:01,820 [722a3cfd-0cb3-45bd-9dad-85df9dd4c55e@group-2A842429A16A-LeaderElection5] INFO  impl.LeaderElection (LeaderElection.java:askForVotes(321)) - 722a3cfd-0cb3-45bd-9dad-85df9dd4c55e@group-2A842429A16A-LeaderElection5 PRE_VOTE round 0: submit vote requests at term 0 for -1: peers:[722a3cfd-0cb3-45bd-9dad-85df9dd4c55e|rpc:10.1.0.19:15032|admin:10.1.0.19:15031|client:10.1.0.19:15030|dataStream:10.1.0.19:15033|priority:1|startupRole:FOLLOWER, 6f59ded9-1d69-4648-a4a5-1116b15843fb|rpc:10.1.0.19:15014|admin:10.1.0.19:15013|client:10.1.0.19:15012|dataStream:10.1.0.19:15015|priority:0|startupRole:FOLLOWER, 5e5d2cfb-a693-459c-b621-520c42fdac66|rpc:10.1.0.19:15023|admin:10.1.0.19:15022|client:10.1.0.19:15021|dataStream:10.1.0.19:15024|priority:0|startupRole:FOLLOWER]|listeners:[], old=null
2023-08-25 08:51:01,820 [722a3cfd-0cb3-45bd-9dad-85df9dd4c55e@group-2A842429A16A-LeaderElection5-1] INFO  server.GrpcServerProtocolClient (GrpcServerProtocolClient.java:<init>(65)) - Build channel for 6f59ded9-1d69-4648-a4a5-1116b15843fb
2023-08-25 08:51:01,825 [722a3cfd-0cb3-45bd-9dad-85df9dd4c55e@group-2A842429A16A-LeaderElection5] INFO  server.RaftServerConfigKeys (ConfUtils.java:logFallback(53)) - raft.server.rpc.first-election.timeout.min = 5s (fallback to raft.server.rpc.timeout.min)
2023-08-25 08:51:01,825 [722a3cfd-0cb3-45bd-9dad-85df9dd4c55e@group-2A842429A16A-LeaderElection5] INFO  server.RaftServerConfigKeys (ConfUtils.java:logFallback(53)) - raft.server.rpc.first-election.timeout.max = 5200ms (fallback to raft.server.rpc.timeout.max)
2023-08-25 08:51:01,826 [722a3cfd-0cb3-45bd-9dad-85df9dd4c55e@group-2A842429A16A-LeaderElection5-2] INFO  server.GrpcServerProtocolClient (GrpcServerProtocolClient.java:<init>(65)) - Build channel for 5e5d2cfb-a693-459c-b621-520c42fdac66
2023-08-25 08:51:01,834 [grpc-default-executor-1] INFO  server.RaftServer$Division (RaftServerImpl.java:requestVote(1302)) - 6f59ded9-1d69-4648-a4a5-1116b15843fb@group-2A842429A16A: receive requestVote(PRE_VOTE, 722a3cfd-0cb3-45bd-9dad-85df9dd4c55e, group-2A842429A16A, 0, (t:0, i:0))
2023-08-25 08:51:01,834 [grpc-default-executor-1] INFO  impl.VoteContext (VoteContext.java:log(49)) - 6f59ded9-1d69-4648-a4a5-1116b15843fb@group-2A842429A16A-FOLLOWER: accept PRE_VOTE from 722a3cfd-0cb3-45bd-9dad-85df9dd4c55e: our priority 0 <= candidate's priority 1
2023-08-25 08:51:01,834 [grpc-default-executor-1] INFO  server.RaftServer$Division (RaftServerImpl.java:requestVote(1335)) - 6f59ded9-1d69-4648-a4a5-1116b15843fb@group-2A842429A16A replies to PRE_VOTE vote request: 722a3cfd-0cb3-45bd-9dad-85df9dd4c55e<-6f59ded9-1d69-4648-a4a5-1116b15843fb#0:OK-t0. Peer's state: 6f59ded9-1d69-4648-a4a5-1116b15843fb@group-2A842429A16A:t0, leader=null, voted=, raftlog=Memoized:6f59ded9-1d69-4648-a4a5-1116b15843fb@group-2A842429A16A-SegmentedRaftLog:OPENED:c-1, conf=-1: peers:[722a3cfd-0cb3-45bd-9dad-85df9dd4c55e|rpc:10.1.0.19:15032|admin:10.1.0.19:15031|client:10.1.0.19:15030|dataStream:10.1.0.19:15033|priority:1|startupRole:FOLLOWER, 6f59ded9-1d69-4648-a4a5-1116b15843fb|rpc:10.1.0.19:15014|admin:10.1.0.19:15013|client:10.1.0.19:15012|dataStream:10.1.0.19:15015|priority:0|startupRole:FOLLOWER, 5e5d2cfb-a693-459c-b621-520c42fdac66|rpc:10.1.0.19:15023|admin:10.1.0.19:15022|client:10.1.0.19:15021|dataStream:10.1.0.19:15024|priority:0|startupRole:FOLLOWER]|listeners:[], old=null
2023-08-25 08:51:01,837 [722a3cfd-0cb3-45bd-9dad-85df9dd4c55e@group-2A842429A16A-LeaderElection5] INFO  impl.LeaderElection (LeaderElection.java:logAndReturn(90)) - 722a3cfd-0cb3-45bd-9dad-85df9dd4c55e@group-2A842429A16A-LeaderElection5: PRE_VOTE PASSED received 1 response(s) and 0 exception(s):
2023-08-25 08:51:01,837 [722a3cfd-0cb3-45bd-9dad-85df9dd4c55e@group-2A842429A16A-LeaderElection5] INFO  impl.LeaderElection (LeaderElection.java:logAndReturn(94)) -   Response 0: 722a3cfd-0cb3-45bd-9dad-85df9dd4c55e<-6f59ded9-1d69-4648-a4a5-1116b15843fb#0:OK-t0
2023-08-25 08:51:01,837 [722a3cfd-0cb3-45bd-9dad-85df9dd4c55e@group-2A842429A16A-LeaderElection5] INFO  impl.LeaderElection (LeaderElection.java:askForVotes(323)) - 722a3cfd-0cb3-45bd-9dad-85df9dd4c55e@group-2A842429A16A-LeaderElection5 PRE_VOTE round 0: result PASSED
2023-08-25 08:51:01,838 [722a3cfd-0cb3-45bd-9dad-85df9dd4c55e@group-2A842429A16A-LeaderElection5] INFO  impl.LeaderElection (LeaderElection.java:askForVotes(321)) - 722a3cfd-0cb3-45bd-9dad-85df9dd4c55e@group-2A842429A16A-LeaderElection5 ELECTION round 0: submit vote requests at term 1 for -1: peers:[722a3cfd-0cb3-45bd-9dad-85df9dd4c55e|rpc:10.1.0.19:15032|admin:10.1.0.19:15031|client:10.1.0.19:15030|dataStream:10.1.0.19:15033|priority:1|startupRole:FOLLOWER, 6f59ded9-1d69-4648-a4a5-1116b15843fb|rpc:10.1.0.19:15014|admin:10.1.0.19:15013|client:10.1.0.19:15012|dataStream:10.1.0.19:15015|priority:0|startupRole:FOLLOWER, 5e5d2cfb-a693-459c-b621-520c42fdac66|rpc:10.1.0.19:15023|admin:10.1.0.19:15022|client:10.1.0.19:15021|dataStream:10.1.0.19:15024|priority:0|startupRole:FOLLOWER]|listeners:[], old=null
2023-08-25 08:51:01,846 [722a3cfd-0cb3-45bd-9dad-85df9dd4c55e@group-2A842429A16A-LeaderElection5] INFO  server.RaftServerConfigKeys (ConfUtils.java:logFallback(53)) - raft.server.rpc.first-election.timeout.min = 5s (fallback to raft.server.rpc.timeout.min)
2023-08-25 08:51:01,846 [722a3cfd-0cb3-45bd-9dad-85df9dd4c55e@group-2A842429A16A-LeaderElection5] INFO  server.RaftServerConfigKeys (ConfUtils.java:logFallback(53)) - raft.server.rpc.first-election.timeout.max = 5200ms (fallback to raft.server.rpc.timeout.max)
2023-08-25 08:51:01,847 [grpc-default-executor-1] INFO  server.RaftServer$Division (RaftServerImpl.java:requestVote(1302)) - 6f59ded9-1d69-4648-a4a5-1116b15843fb@group-2A842429A16A: receive requestVote(ELECTION, 722a3cfd-0cb3-45bd-9dad-85df9dd4c55e, group-2A842429A16A, 1, (t:0, i:0))
2023-08-25 08:51:01,848 [grpc-default-executor-1] INFO  impl.VoteContext (VoteContext.java:log(49)) - 6f59ded9-1d69-4648-a4a5-1116b15843fb@group-2A842429A16A-FOLLOWER: accept ELECTION from 722a3cfd-0cb3-45bd-9dad-85df9dd4c55e: our priority 0 <= candidate's priority 1
2023-08-25 08:51:01,848 [grpc-default-executor-1] INFO  server.RaftServer$Division (RaftServerImpl.java:setRole(329)) - 6f59ded9-1d69-4648-a4a5-1116b15843fb@group-2A842429A16A: changes role from  FOLLOWER to FOLLOWER at term 1 for candidate:722a3cfd-0cb3-45bd-9dad-85df9dd4c55e
2023-08-25 08:51:01,848 [grpc-default-executor-1] INFO  impl.RoleInfo (RoleInfo.java:shutdownFollowerState(110)) - 6f59ded9-1d69-4648-a4a5-1116b15843fb: shutdown 6f59ded9-1d69-4648-a4a5-1116b15843fb@group-2A842429A16A-FollowerState
2023-08-25 08:51:01,848 [grpc-default-executor-1] INFO  impl.RoleInfo (RoleInfo.java:updateAndGet(139)) - 6f59ded9-1d69-4648-a4a5-1116b15843fb: start 6f59ded9-1d69-4648-a4a5-1116b15843fb@group-2A842429A16A-FollowerState
2023-08-25 08:51:01,848 [6f59ded9-1d69-4648-a4a5-1116b15843fb@group-2A842429A16A-FollowerState] INFO  impl.FollowerState (FollowerState.java:run(152)) - 6f59ded9-1d69-4648-a4a5-1116b15843fb@group-2A842429A16A-FollowerState was interrupted
2023-08-25 08:51:01,851 [grpc-default-executor-1] INFO  server.RaftServer$Division (RaftServerImpl.java:requestVote(1335)) - 6f59ded9-1d69-4648-a4a5-1116b15843fb@group-2A842429A16A replies to ELECTION vote request: 722a3cfd-0cb3-45bd-9dad-85df9dd4c55e<-6f59ded9-1d69-4648-a4a5-1116b15843fb#0:OK-t1. Peer's state: 6f59ded9-1d69-4648-a4a5-1116b15843fb@group-2A842429A16A:t1, leader=null, voted=722a3cfd-0cb3-45bd-9dad-85df9dd4c55e, raftlog=Memoized:6f59ded9-1d69-4648-a4a5-1116b15843fb@group-2A842429A16A-SegmentedRaftLog:OPENED:c-1, conf=-1: peers:[722a3cfd-0cb3-45bd-9dad-85df9dd4c55e|rpc:10.1.0.19:15032|admin:10.1.0.19:15031|client:10.1.0.19:15030|dataStream:10.1.0.19:15033|priority:1|startupRole:FOLLOWER, 6f59ded9-1d69-4648-a4a5-1116b15843fb|rpc:10.1.0.19:15014|admin:10.1.0.19:15013|client:10.1.0.19:15012|dataStream:10.1.0.19:15015|priority:0|startupRole:FOLLOWER, 5e5d2cfb-a693-459c-b621-520c42fdac66|rpc:10.1.0.19:15023|admin:10.1.0.19:15022|client:10.1.0.19:15021|dataStream:10.1.0.19:15024|priority:0|startupRole:FOLLOWER]|listeners:[], old=null
2023-08-25 08:51:01,857 [grpc-default-executor-0] INFO  server.RaftServer$Division (RaftServerImpl.java:requestVote(1302)) - 5e5d2cfb-a693-459c-b621-520c42fdac66@group-2A842429A16A: receive requestVote(ELECTION, 722a3cfd-0cb3-45bd-9dad-85df9dd4c55e, group-2A842429A16A, 1, (t:0, i:0))
2023-08-25 08:51:01,857 [grpc-default-executor-0] INFO  impl.VoteContext (VoteContext.java:log(49)) - 5e5d2cfb-a693-459c-b621-520c42fdac66@group-2A842429A16A-FOLLOWER: accept ELECTION from 722a3cfd-0cb3-45bd-9dad-85df9dd4c55e: our priority 0 <= candidate's priority 1
2023-08-25 08:51:01,857 [grpc-default-executor-0] INFO  server.RaftServer$Division (RaftServerImpl.java:setRole(329)) - 5e5d2cfb-a693-459c-b621-520c42fdac66@group-2A842429A16A: changes role from  FOLLOWER to FOLLOWER at term 1 for candidate:722a3cfd-0cb3-45bd-9dad-85df9dd4c55e
2023-08-25 08:51:01,857 [grpc-default-executor-0] INFO  impl.RoleInfo (RoleInfo.java:shutdownFollowerState(110)) - 5e5d2cfb-a693-459c-b621-520c42fdac66: shutdown 5e5d2cfb-a693-459c-b621-520c42fdac66@group-2A842429A16A-FollowerState
2023-08-25 08:51:01,858 [5e5d2cfb-a693-459c-b621-520c42fdac66@group-2A842429A16A-FollowerState] INFO  impl.FollowerState (FollowerState.java:run(152)) - 5e5d2cfb-a693-459c-b621-520c42fdac66@group-2A842429A16A-FollowerState was interrupted
2023-08-25 08:51:01,859 [grpc-default-executor-0] INFO  impl.RoleInfo (RoleInfo.java:updateAndGet(139)) - 5e5d2cfb-a693-459c-b621-520c42fdac66: start 5e5d2cfb-a693-459c-b621-520c42fdac66@group-2A842429A16A-FollowerState
2023-08-25 08:51:01,859 [grpc-default-executor-1] INFO  server.RaftServer$Division (RaftServerImpl.java:requestVote(1302)) - 5e5d2cfb-a693-459c-b621-520c42fdac66@group-2A842429A16A: receive requestVote(PRE_VOTE, 722a3cfd-0cb3-45bd-9dad-85df9dd4c55e, group-2A842429A16A, 0, (t:0, i:0))
2023-08-25 08:51:01,858 [722a3cfd-0cb3-45bd-9dad-85df9dd4c55e@group-2A842429A16A-LeaderElection5] INFO  impl.LeaderElection (LeaderElection.java:logAndReturn(90)) - 722a3cfd-0cb3-45bd-9dad-85df9dd4c55e@group-2A842429A16A-LeaderElection5: ELECTION PASSED received 1 response(s) and 0 exception(s):
2023-08-25 08:51:01,860 [722a3cfd-0cb3-45bd-9dad-85df9dd4c55e@group-2A842429A16A-LeaderElection5] INFO  impl.LeaderElection (LeaderElection.java:logAndReturn(94)) -   Response 0: 722a3cfd-0cb3-45bd-9dad-85df9dd4c55e<-6f59ded9-1d69-4648-a4a5-1116b15843fb#0:OK-t1
2023-08-25 08:51:01,860 [722a3cfd-0cb3-45bd-9dad-85df9dd4c55e@group-2A842429A16A-LeaderElection5] INFO  impl.LeaderElection (LeaderElection.java:askForVotes(323)) - 722a3cfd-0cb3-45bd-9dad-85df9dd4c55e@group-2A842429A16A-LeaderElection5 ELECTION round 0: result PASSED
2023-08-25 08:51:01,860 [722a3cfd-0cb3-45bd-9dad-85df9dd4c55e@group-2A842429A16A-LeaderElection5] INFO  impl.RoleInfo (RoleInfo.java:shutdownLeaderElection(130)) - 722a3cfd-0cb3-45bd-9dad-85df9dd4c55e: shutdown 722a3cfd-0cb3-45bd-9dad-85df9dd4c55e@group-2A842429A16A-LeaderElection5
2023-08-25 08:51:01,860 [722a3cfd-0cb3-45bd-9dad-85df9dd4c55e@group-2A842429A16A-LeaderElection5] INFO  server.RaftServer$Division (RaftServerImpl.java:setRole(329)) - 722a3cfd-0cb3-45bd-9dad-85df9dd4c55e@group-2A842429A16A: changes role from CANDIDATE to LEADER at term 1 for changeToLeader
2023-08-25 08:51:01,860 [722a3cfd-0cb3-45bd-9dad-85df9dd4c55e@group-2A842429A16A-LeaderElection5] INFO  ratis.XceiverServerRatis (XceiverServerRatis.java:handleLeaderChangedNotification(902)) - Leader change notification received for group: group-2A842429A16A with new leaderId: 722a3cfd-0cb3-45bd-9dad-85df9dd4c55e
2023-08-25 08:51:01,860 [722a3cfd-0cb3-45bd-9dad-85df9dd4c55e@group-2A842429A16A-LeaderElection5] INFO  server.RaftServer$Division (ServerState.java:setLeader(317)) - 722a3cfd-0cb3-45bd-9dad-85df9dd4c55e@group-2A842429A16A: change Leader from null to 722a3cfd-0cb3-45bd-9dad-85df9dd4c55e at term 1 for becomeLeader, leader elected after 5284ms
2023-08-25 08:51:01,860 [722a3cfd-0cb3-45bd-9dad-85df9dd4c55e@group-2A842429A16A-LeaderElection5] INFO  server.RaftServerConfigKeys (ConfUtils.java:logGet(46)) - raft.server.staging.catchup.gap = 1000 (default)
2023-08-25 08:51:01,861 [722a3cfd-0cb3-45bd-9dad-85df9dd4c55e@group-2A842429A16A-LeaderElection5] INFO  server.RaftServerConfigKeys (ConfUtils.java:logGet(46)) - raft.server.write.element-limit = 1024 (custom)
2023-08-25 08:51:01,861 [722a3cfd-0cb3-45bd-9dad-85df9dd4c55e@group-2A842429A16A-LeaderElection5] INFO  server.RaftServerConfigKeys (ConfUtils.java:logGet(46)) - raft.server.write.byte-limit = 1024 M (=1073741824) (custom)
2023-08-25 08:51:01,861 [722a3cfd-0cb3-45bd-9dad-85df9dd4c55e@group-2A842429A16A-LeaderElection5] INFO  server.RaftServerConfigKeys (ConfUtils.java:logGet(46)) - raft.server.watch.timeout = 180s (custom)
2023-08-25 08:51:01,861 [722a3cfd-0cb3-45bd-9dad-85df9dd4c55e@group-2A842429A16A-LeaderElection5] INFO  server.RaftServerConfigKeys (ConfUtils.java:logGet(46)) - raft.server.watch.timeout.denomination = 1s (default)
2023-08-25 08:51:01,861 [722a3cfd-0cb3-45bd-9dad-85df9dd4c55e@group-2A842429A16A-LeaderElection5] INFO  server.RaftServerConfigKeys (ConfUtils.java:logGet(46)) - raft.server.watch.element-limit = 65536 (default)
2023-08-25 08:51:01,861 [722a3cfd-0cb3-45bd-9dad-85df9dd4c55e@group-2A842429A16A-LeaderElection5] INFO  server.RaftServerConfigKeys (ConfUtils.java:logGet(46)) - raft.server.write.element-limit = 1024 (custom)
2023-08-25 08:51:01,861 [722a3cfd-0cb3-45bd-9dad-85df9dd4c55e@group-2A842429A16A-LeaderElection5] INFO  server.RaftServerConfigKeys (ConfUtils.java:logGet(46)) - raft.server.write.follower.gap.ratio.max = -1.0 (default)
2023-08-25 08:51:01,862 [grpc-default-executor-0] INFO  server.RaftServer$Division (RaftServerImpl.java:requestVote(1335)) - 5e5d2cfb-a693-459c-b621-520c42fdac66@group-2A842429A16A replies to ELECTION vote request: 722a3cfd-0cb3-45bd-9dad-85df9dd4c55e<-5e5d2cfb-a693-459c-b621-520c42fdac66#0:OK-t1. Peer's state: 5e5d2cfb-a693-459c-b621-520c42fdac66@group-2A842429A16A:t1, leader=null, voted=722a3cfd-0cb3-45bd-9dad-85df9dd4c55e, raftlog=Memoized:5e5d2cfb-a693-459c-b621-520c42fdac66@group-2A842429A16A-SegmentedRaftLog:OPENED:c-1, conf=-1: peers:[722a3cfd-0cb3-45bd-9dad-85df9dd4c55e|rpc:10.1.0.19:15032|admin:10.1.0.19:15031|client:10.1.0.19:15030|dataStream:10.1.0.19:15033|priority:1|startupRole:FOLLOWER, 6f59ded9-1d69-4648-a4a5-1116b15843fb|rpc:10.1.0.19:15014|admin:10.1.0.19:15013|client:10.1.0.19:15012|dataStream:10.1.0.19:15015|priority:0|startupRole:FOLLOWER, 5e5d2cfb-a693-459c-b621-520c42fdac66|rpc:10.1.0.19:15023|admin:10.1.0.19:15022|client:10.1.0.19:15021|dataStream:10.1.0.19:15024|priority:0|startupRole:FOLLOWER]|listeners:[], old=null
2023-08-25 08:51:01,862 [grpc-default-executor-1] INFO  impl.VoteContext (VoteContext.java:log(49)) - 5e5d2cfb-a693-459c-b621-520c42fdac66@group-2A842429A16A-FOLLOWER: accept PRE_VOTE from 722a3cfd-0cb3-45bd-9dad-85df9dd4c55e: our priority 0 <= candidate's priority 1
2023-08-25 08:51:01,862 [grpc-default-executor-1] INFO  server.RaftServer$Division (RaftServerImpl.java:requestVote(1335)) - 5e5d2cfb-a693-459c-b621-520c42fdac66@group-2A842429A16A replies to PRE_VOTE vote request: 722a3cfd-0cb3-45bd-9dad-85df9dd4c55e<-5e5d2cfb-a693-459c-b621-520c42fdac66#0:OK-t1. Peer's state: 5e5d2cfb-a693-459c-b621-520c42fdac66@group-2A842429A16A:t1, leader=null, voted=722a3cfd-0cb3-45bd-9dad-85df9dd4c55e, raftlog=Memoized:5e5d2cfb-a693-459c-b621-520c42fdac66@group-2A842429A16A-SegmentedRaftLog:OPENED:c-1, conf=-1: peers:[722a3cfd-0cb3-45bd-9dad-85df9dd4c55e|rpc:10.1.0.19:15032|admin:10.1.0.19:15031|client:10.1.0.19:15030|dataStream:10.1.0.19:15033|priority:1|startupRole:FOLLOWER, 6f59ded9-1d69-4648-a4a5-1116b15843fb|rpc:10.1.0.19:15014|admin:10.1.0.19:15013|client:10.1.0.19:15012|dataStream:10.1.0.19:15015|priority:0|startupRole:FOLLOWER, 5e5d2cfb-a693-459c-b621-520c42fdac66|rpc:10.1.0.19:15023|admin:10.1.0.19:15022|client:10.1.0.19:15021|dataStream:10.1.0.19:15024|priority:0|startupRole:FOLLOWER]|listeners:[], old=null
2023-08-25 08:51:01,873 [EventQueue-PipelineReportForPipelineReportHandler] INFO  pipeline.PipelineReportHandler (PipelineReportHandler.java:processPipelineReport(136)) - Opened pipeline PipelineID=809e3c79-4f70-494e-a9e8-2a842429a16a
2023-08-25 08:51:01,874 [EventQueue-OpenPipelineForHealthyPipelineSafeModeRule] INFO  safemode.SCMSafeModeManager (HealthyPipelineSafeModeRule.java:process(137)) - SCM in safe mode. Healthy pipelines reported count is 1, required healthy pipeline reported count is 1
2023-08-25 08:51:01,876 [EventQueue-OpenPipelineForHealthyPipelineSafeModeRule] INFO  safemode.SCMSafeModeManager (SCMSafeModeManager.java:validateSafeModeExitRules(200)) - HealthyPipelineSafeModeRule rule is successfully validated
2023-08-25 08:51:01,877 [EventQueue-OpenPipelineForHealthyPipelineSafeModeRule] INFO  safemode.SCMSafeModeManager (SCMSafeModeManager.java:validateSafeModeExitRules(215)) - ScmSafeModeManager, all rules are successfully validated
2023-08-25 08:51:01,877 [EventQueue-OpenPipelineForHealthyPipelineSafeModeRule] INFO  safemode.SCMSafeModeManager (SCMSafeModeManager.java:exitSafeMode(244)) - SCM exiting safe mode.
2023-08-25 08:51:01,877 [EventQueue-OpenPipelineForHealthyPipelineSafeModeRule] INFO  ha.SCMContext (SCMContext.java:updateSafeModeStatus(228)) - Update SafeModeStatus from SafeModeStatus{safeModeStatus=true, preCheckPassed=true} to SafeModeStatus{safeModeStatus=false, preCheckPassed=true}.
2023-08-25 08:51:01,877 [EventQueue-OpenPipelineForHealthyPipelineSafeModeRule] INFO  pipeline.BackgroundPipelineCreator (BackgroundPipelineCreator.java:notifyStatusChanged(255)) - Service BackgroundPipelineCreator transitions to RUNNING.
2023-08-25 08:51:01,877 [EventQueue-OpenPipelineForHealthyPipelineSafeModeRule] INFO  BackgroundPipelineScrubber (BackgroundSCMService.java:notifyStatusChanged(82)) - Service BackgroundPipelineScrubber transitions to RUNNING.
2023-08-25 08:51:01,877 [EventQueue-OpenPipelineForHealthyPipelineSafeModeRule] INFO  ExpiredContainerReplicaOpScrubber (BackgroundSCMService.java:notifyStatusChanged(82)) - Service ExpiredContainerReplicaOpScrubber transitions to RUNNING.
2023-08-25 08:51:01,877 [EventQueue-OpenPipelineForHealthyPipelineSafeModeRule] INFO  replication.ReplicationManager (ReplicationManager.java:notifyStatusChanged(1366)) - Service ReplicationManager transitions to RUNNING.
2023-08-25 08:51:01,884 [722a3cfd-0cb3-45bd-9dad-85df9dd4c55e@group-2A842429A16A-LeaderElection5] INFO  server.RaftServerConfigKeys (ConfUtils.java:logGet(46)) - raft.server.log.appender.snapshot.chunk.size.max = 16MB (=16777216) (default)
2023-08-25 08:51:01,885 [722a3cfd-0cb3-45bd-9dad-85df9dd4c55e@group-2A842429A16A-LeaderElection5] INFO  server.RaftServerConfigKeys (ConfUtils.java:logGet(46)) - raft.server.log.appender.buffer.byte-limit = 33554432 (custom)
2023-08-25 08:51:01,885 [722a3cfd-0cb3-45bd-9dad-85df9dd4c55e@group-2A842429A16A-LeaderElection5] INFO  server.RaftServerConfigKeys (ConfUtils.java:logGet(46)) - raft.server.log.appender.buffer.element-limit = 1 (custom)
2023-08-25 08:51:01,885 [EventQueue-OpenPipelineForHealthyPipelineSafeModeRule] WARN  balancer.ContainerBalancer (ContainerBalancer.java:shouldRun(134)) - Could not find persisted configuration for ContainerBalancer when checking if ContainerBalancer should run. ContainerBalancer should not run now.
2023-08-25 08:51:01,887 [722a3cfd-0cb3-45bd-9dad-85df9dd4c55e@group-2A842429A16A-LeaderElection5] INFO  server.RaftServerConfigKeys (ConfUtils.java:logGet(46)) - raft.server.log.appender.wait-time.min = 10ms (default)
2023-08-25 08:51:01,888 [722a3cfd-0cb3-45bd-9dad-85df9dd4c55e@group-2A842429A16A-LeaderElection5] INFO  grpc.GrpcConfigKeys (ConfUtils.java:logGet(46)) - raft.grpc.server.leader.outstanding.appends.max = 128 (default)
2023-08-25 08:51:01,888 [722a3cfd-0cb3-45bd-9dad-85df9dd4c55e@group-2A842429A16A-LeaderElection5] INFO  server.RaftServerConfigKeys (ConfUtils.java:logGet(46)) - raft.server.rpc.request.timeout = 60s (custom)
2023-08-25 08:51:01,888 [722a3cfd-0cb3-45bd-9dad-85df9dd4c55e@group-2A842429A16A-LeaderElection5] INFO  grpc.GrpcConfigKeys (ConfUtils.java:logGet(46)) - raft.grpc.server.install_snapshot.request.element-limit = 8 (default)
2023-08-25 08:51:01,888 [722a3cfd-0cb3-45bd-9dad-85df9dd4c55e@group-2A842429A16A-LeaderElection5] INFO  grpc.GrpcConfigKeys (ConfUtils.java:logGet(46)) - raft.grpc.server.install_snapshot.request.timeout = 3000ms (default)
2023-08-25 08:51:01,888 [722a3cfd-0cb3-45bd-9dad-85df9dd4c55e@group-2A842429A16A-LeaderElection5] INFO  server.RaftServerConfigKeys (ConfUtils.java:logGet(46)) - raft.server.log.appender.install.snapshot.enabled = false (custom)
2023-08-25 08:51:01,889 [722a3cfd-0cb3-45bd-9dad-85df9dd4c55e@group-2A842429A16A-LeaderElection5] INFO  grpc.GrpcConfigKeys (ConfUtils.java:logGet(46)) - raft.grpc.server.heartbeat.channel = true (default)
2023-08-25 08:51:01,891 [722a3cfd-0cb3-45bd-9dad-85df9dd4c55e@group-2A842429A16A-LeaderElection5] INFO  server.RaftServerConfigKeys (ConfUtils.java:logGet(46)) - raft.server.log.appender.snapshot.chunk.size.max = 16MB (=16777216) (default)
2023-08-25 08:51:01,891 [722a3cfd-0cb3-45bd-9dad-85df9dd4c55e@group-2A842429A16A-LeaderElection5] INFO  server.RaftServerConfigKeys (ConfUtils.java:logGet(46)) - raft.server.log.appender.buffer.byte-limit = 33554432 (custom)
2023-08-25 08:51:01,891 [722a3cfd-0cb3-45bd-9dad-85df9dd4c55e@group-2A842429A16A-LeaderElection5] INFO  server.RaftServerConfigKeys (ConfUtils.java:logGet(46)) - raft.server.log.appender.buffer.element-limit = 1 (custom)
2023-08-25 08:51:01,891 [722a3cfd-0cb3-45bd-9dad-85df9dd4c55e@group-2A842429A16A-LeaderElection5] INFO  server.RaftServerConfigKeys (ConfUtils.java:logGet(46)) - raft.server.log.appender.wait-time.min = 10ms (default)
2023-08-25 08:51:01,891 [722a3cfd-0cb3-45bd-9dad-85df9dd4c55e@group-2A842429A16A-LeaderElection5] INFO  grpc.GrpcConfigKeys (ConfUtils.java:logGet(46)) - raft.grpc.server.leader.outstanding.appends.max = 128 (default)
2023-08-25 08:51:01,891 [722a3cfd-0cb3-45bd-9dad-85df9dd4c55e@group-2A842429A16A-LeaderElection5] INFO  server.RaftServerConfigKeys (ConfUtils.java:logGet(46)) - raft.server.rpc.request.timeout = 60s (custom)
2023-08-25 08:51:01,891 [722a3cfd-0cb3-45bd-9dad-85df9dd4c55e@group-2A842429A16A-LeaderElection5] INFO  grpc.GrpcConfigKeys (ConfUtils.java:logGet(46)) - raft.grpc.server.install_snapshot.request.element-limit = 8 (default)
2023-08-25 08:51:01,891 [722a3cfd-0cb3-45bd-9dad-85df9dd4c55e@group-2A842429A16A-LeaderElection5] INFO  grpc.GrpcConfigKeys (ConfUtils.java:logGet(46)) - raft.grpc.server.install_snapshot.request.timeout = 3000ms (default)
2023-08-25 08:51:01,891 [722a3cfd-0cb3-45bd-9dad-85df9dd4c55e@group-2A842429A16A-LeaderElection5] INFO  server.RaftServerConfigKeys (ConfUtils.java:logGet(46)) - raft.server.log.appender.install.snapshot.enabled = false (custom)
2023-08-25 08:51:01,891 [722a3cfd-0cb3-45bd-9dad-85df9dd4c55e@group-2A842429A16A-LeaderElection5] INFO  grpc.GrpcConfigKeys (ConfUtils.java:logGet(46)) - raft.grpc.server.heartbeat.channel = true (default)
2023-08-25 08:51:01,893 [722a3cfd-0cb3-45bd-9dad-85df9dd4c55e@group-2A842429A16A-LeaderElection5] INFO  impl.RoleInfo (RoleInfo.java:updateAndGet(139)) - 722a3cfd-0cb3-45bd-9dad-85df9dd4c55e: start 722a3cfd-0cb3-45bd-9dad-85df9dd4c55e@group-2A842429A16A-LeaderStateImpl
2023-08-25 08:51:01,894 [722a3cfd-0cb3-45bd-9dad-85df9dd4c55e@group-2A842429A16A-LeaderElection5] INFO  segmented.SegmentedRaftLogWorker (SegmentedRaftLogWorker.java:startLogSegment(447)) - 722a3cfd-0cb3-45bd-9dad-85df9dd4c55e@group-2A842429A16A-SegmentedRaftLogWorker: Starting segment from index:0
2023-08-25 08:51:01,897 [722a3cfd-0cb3-45bd-9dad-85df9dd4c55e@group-2A842429A16A-LeaderElection5] INFO  server.RaftServer$Division (ServerState.java:setRaftConf(434)) - 722a3cfd-0cb3-45bd-9dad-85df9dd4c55e@group-2A842429A16A: set configuration 0: peers:[722a3cfd-0cb3-45bd-9dad-85df9dd4c55e|rpc:10.1.0.19:15032|admin:10.1.0.19:15031|client:10.1.0.19:15030|dataStream:10.1.0.19:15033|priority:1|startupRole:FOLLOWER, 6f59ded9-1d69-4648-a4a5-1116b15843fb|rpc:10.1.0.19:15014|admin:10.1.0.19:15013|client:10.1.0.19:15012|dataStream:10.1.0.19:15015|priority:0|startupRole:FOLLOWER, 5e5d2cfb-a693-459c-b621-520c42fdac66|rpc:10.1.0.19:15023|admin:10.1.0.19:15022|client:10.1.0.19:15021|dataStream:10.1.0.19:15024|priority:0|startupRole:FOLLOWER]|listeners:[], old=null
2023-08-25 08:51:01,898 [722a3cfd-0cb3-45bd-9dad-85df9dd4c55e@group-2A842429A16A-SegmentedRaftLogWorker] INFO  segmented.SegmentedRaftLogWorker (SegmentedRaftLogWorker.java:execute(651)) - 722a3cfd-0cb3-45bd-9dad-85df9dd4c55e@group-2A842429A16A-SegmentedRaftLogWorker: created new log segment /home/runner/work/ozone/ozone/hadoop-ozone/integration-test/target/test-dir/MiniOzoneClusterImpl-289e54f1-59ef-4028-876b-aa1b67627a4d/datanode-2/data/ratis/809e3c79-4f70-494e-a9e8-2a842429a16a/current/log_inprogress_0
2023-08-25 08:51:01,905 [6f59ded9-1d69-4648-a4a5-1116b15843fb@group-72F7012C4762-FollowerState] INFO  impl.FollowerState (FollowerState.java:run(143)) - 6f59ded9-1d69-4648-a4a5-1116b15843fb@group-72F7012C4762-FollowerState: change to CANDIDATE, lastRpcElapsedTime:5055365166ns, electionTimeout:5031ms
2023-08-25 08:51:01,909 [6f59ded9-1d69-4648-a4a5-1116b15843fb@group-72F7012C4762-FollowerState] INFO  impl.RoleInfo (RoleInfo.java:shutdownFollowerState(110)) - 6f59ded9-1d69-4648-a4a5-1116b15843fb: shutdown 6f59ded9-1d69-4648-a4a5-1116b15843fb@group-72F7012C4762-FollowerState
2023-08-25 08:51:01,909 [6f59ded9-1d69-4648-a4a5-1116b15843fb@group-72F7012C4762-FollowerState] INFO  server.RaftServer$Division (RaftServerImpl.java:setRole(329)) - 6f59ded9-1d69-4648-a4a5-1116b15843fb@group-72F7012C4762: changes role from  FOLLOWER to CANDIDATE at term 0 for changeToCandidate
2023-08-25 08:51:01,910 [6f59ded9-1d69-4648-a4a5-1116b15843fb@group-72F7012C4762-FollowerState] INFO  server.RaftServerConfigKeys (ConfUtils.java:logGet(46)) - raft.server.leaderelection.pre-vote = true (default)
2023-08-25 08:51:01,910 [6f59ded9-1d69-4648-a4a5-1116b15843fb@group-72F7012C4762-FollowerState] INFO  impl.RoleInfo (RoleInfo.java:updateAndGet(139)) - 6f59ded9-1d69-4648-a4a5-1116b15843fb: start 6f59ded9-1d69-4648-a4a5-1116b15843fb@group-72F7012C4762-LeaderElection6
2023-08-25 08:51:01,918 [6f59ded9-1d69-4648-a4a5-1116b15843fb@group-72F7012C4762-LeaderElection6] INFO  impl.LeaderElection (LeaderElection.java:askForVotes(321)) - 6f59ded9-1d69-4648-a4a5-1116b15843fb@group-72F7012C4762-LeaderElection6 PRE_VOTE round 0: submit vote requests at term 0 for -1: peers:[722a3cfd-0cb3-45bd-9dad-85df9dd4c55e|rpc:10.1.0.19:15032|admin:10.1.0.19:15031|client:10.1.0.19:15030|dataStream:10.1.0.19:15033|priority:0|startupRole:FOLLOWER, 6f59ded9-1d69-4648-a4a5-1116b15843fb|rpc:10.1.0.19:15014|admin:10.1.0.19:15013|client:10.1.0.19:15012|dataStream:10.1.0.19:15015|priority:1|startupRole:FOLLOWER, 5e5d2cfb-a693-459c-b621-520c42fdac66|rpc:10.1.0.19:15023|admin:10.1.0.19:15022|client:10.1.0.19:15021|dataStream:10.1.0.19:15024|priority:0|startupRole:FOLLOWER]|listeners:[], old=null
2023-08-25 08:51:01,926 [6f59ded9-1d69-4648-a4a5-1116b15843fb@group-72F7012C4762-LeaderElection6] INFO  server.RaftServerConfigKeys (ConfUtils.java:logFallback(53)) - raft.server.rpc.first-election.timeout.min = 5s (fallback to raft.server.rpc.timeout.min)
2023-08-25 08:51:01,926 [6f59ded9-1d69-4648-a4a5-1116b15843fb@group-72F7012C4762-LeaderElection6] INFO  server.RaftServerConfigKeys (ConfUtils.java:logFallback(53)) - raft.server.rpc.first-election.timeout.max = 5200ms (fallback to raft.server.rpc.timeout.max)
2023-08-25 08:51:01,927 [grpc-default-executor-1] INFO  server.RaftServer$Division (RaftServerImpl.java:requestVote(1302)) - 722a3cfd-0cb3-45bd-9dad-85df9dd4c55e@group-72F7012C4762: receive requestVote(PRE_VOTE, 6f59ded9-1d69-4648-a4a5-1116b15843fb, group-72F7012C4762, 0, (t:0, i:0))
2023-08-25 08:51:01,934 [grpc-default-executor-1] INFO  impl.VoteContext (VoteContext.java:log(49)) - 722a3cfd-0cb3-45bd-9dad-85df9dd4c55e@group-72F7012C4762-FOLLOWER: accept PRE_VOTE from 6f59ded9-1d69-4648-a4a5-1116b15843fb: our priority 0 <= candidate's priority 1
2023-08-25 08:51:01,934 [grpc-default-executor-1] INFO  server.RaftServer$Division (RaftServerImpl.java:requestVote(1335)) - 722a3cfd-0cb3-45bd-9dad-85df9dd4c55e@group-72F7012C4762 replies to PRE_VOTE vote request: 6f59ded9-1d69-4648-a4a5-1116b15843fb<-722a3cfd-0cb3-45bd-9dad-85df9dd4c55e#0:OK-t0. Peer's state: 722a3cfd-0cb3-45bd-9dad-85df9dd4c55e@group-72F7012C4762:t0, leader=null, voted=, raftlog=Memoized:722a3cfd-0cb3-45bd-9dad-85df9dd4c55e@group-72F7012C4762-SegmentedRaftLog:OPENED:c-1, conf=-1: peers:[722a3cfd-0cb3-45bd-9dad-85df9dd4c55e|rpc:10.1.0.19:15032|admin:10.1.0.19:15031|client:10.1.0.19:15030|dataStream:10.1.0.19:15033|priority:0|startupRole:FOLLOWER, 6f59ded9-1d69-4648-a4a5-1116b15843fb|rpc:10.1.0.19:15014|admin:10.1.0.19:15013|client:10.1.0.19:15012|dataStream:10.1.0.19:15015|priority:1|startupRole:FOLLOWER, 5e5d2cfb-a693-459c-b621-520c42fdac66|rpc:10.1.0.19:15023|admin:10.1.0.19:15022|client:10.1.0.19:15021|dataStream:10.1.0.19:15024|priority:0|startupRole:FOLLOWER]|listeners:[], old=null
2023-08-25 08:51:01,948 [6f59ded9-1d69-4648-a4a5-1116b15843fb@group-72F7012C4762-LeaderElection6] INFO  impl.LeaderElection (LeaderElection.java:logAndReturn(90)) - 6f59ded9-1d69-4648-a4a5-1116b15843fb@group-72F7012C4762-LeaderElection6: PRE_VOTE PASSED received 1 response(s) and 0 exception(s):
2023-08-25 08:51:01,948 [6f59ded9-1d69-4648-a4a5-1116b15843fb@group-72F7012C4762-LeaderElection6] INFO  impl.LeaderElection (LeaderElection.java:logAndReturn(94)) -   Response 0: 6f59ded9-1d69-4648-a4a5-1116b15843fb<-722a3cfd-0cb3-45bd-9dad-85df9dd4c55e#0:OK-t0
2023-08-25 08:51:01,948 [6f59ded9-1d69-4648-a4a5-1116b15843fb@group-72F7012C4762-LeaderElection6] INFO  impl.LeaderElection (LeaderElection.java:askForVotes(323)) - 6f59ded9-1d69-4648-a4a5-1116b15843fb@group-72F7012C4762-LeaderElection6 PRE_VOTE round 0: result PASSED
2023-08-25 08:51:01,951 [6f59ded9-1d69-4648-a4a5-1116b15843fb@group-72F7012C4762-LeaderElection6] INFO  impl.LeaderElection (LeaderElection.java:askForVotes(321)) - 6f59ded9-1d69-4648-a4a5-1116b15843fb@group-72F7012C4762-LeaderElection6 ELECTION round 0: submit vote requests at term 1 for -1: peers:[722a3cfd-0cb3-45bd-9dad-85df9dd4c55e|rpc:10.1.0.19:15032|admin:10.1.0.19:15031|client:10.1.0.19:15030|dataStream:10.1.0.19:15033|priority:0|startupRole:FOLLOWER, 6f59ded9-1d69-4648-a4a5-1116b15843fb|rpc:10.1.0.19:15014|admin:10.1.0.19:15013|client:10.1.0.19:15012|dataStream:10.1.0.19:15015|priority:1|startupRole:FOLLOWER, 5e5d2cfb-a693-459c-b621-520c42fdac66|rpc:10.1.0.19:15023|admin:10.1.0.19:15022|client:10.1.0.19:15021|dataStream:10.1.0.19:15024|priority:0|startupRole:FOLLOWER]|listeners:[], old=null
2023-08-25 08:51:01,958 [6f59ded9-1d69-4648-a4a5-1116b15843fb@group-72F7012C4762-LeaderElection6] INFO  server.RaftServerConfigKeys (ConfUtils.java:logFallback(53)) - raft.server.rpc.first-election.timeout.min = 5s (fallback to raft.server.rpc.timeout.min)
2023-08-25 08:51:01,958 [6f59ded9-1d69-4648-a4a5-1116b15843fb@group-72F7012C4762-LeaderElection6] INFO  server.RaftServerConfigKeys (ConfUtils.java:logFallback(53)) - raft.server.rpc.first-election.timeout.max = 5200ms (fallback to raft.server.rpc.timeout.max)
2023-08-25 08:51:01,964 [grpc-default-executor-3] INFO  server.RaftServer$Division (RaftServerImpl.java:requestVote(1302)) - 722a3cfd-0cb3-45bd-9dad-85df9dd4c55e@group-72F7012C4762: receive requestVote(ELECTION, 6f59ded9-1d69-4648-a4a5-1116b15843fb, group-72F7012C4762, 1, (t:0, i:0))
2023-08-25 08:51:01,964 [grpc-default-executor-3] INFO  impl.VoteContext (VoteContext.java:log(49)) - 722a3cfd-0cb3-45bd-9dad-85df9dd4c55e@group-72F7012C4762-FOLLOWER: accept ELECTION from 6f59ded9-1d69-4648-a4a5-1116b15843fb: our priority 0 <= candidate's priority 1
2023-08-25 08:51:01,965 [grpc-default-executor-3] INFO  server.RaftServer$Division (RaftServerImpl.java:setRole(329)) - 722a3cfd-0cb3-45bd-9dad-85df9dd4c55e@group-72F7012C4762: changes role from  FOLLOWER to FOLLOWER at term 1 for candidate:6f59ded9-1d69-4648-a4a5-1116b15843fb
2023-08-25 08:51:01,965 [grpc-default-executor-3] INFO  impl.RoleInfo (RoleInfo.java:shutdownFollowerState(110)) - 722a3cfd-0cb3-45bd-9dad-85df9dd4c55e: shutdown 722a3cfd-0cb3-45bd-9dad-85df9dd4c55e@group-72F7012C4762-FollowerState
2023-08-25 08:51:01,965 [722a3cfd-0cb3-45bd-9dad-85df9dd4c55e@group-72F7012C4762-FollowerState] INFO  impl.FollowerState (FollowerState.java:run(152)) - 722a3cfd-0cb3-45bd-9dad-85df9dd4c55e@group-72F7012C4762-FollowerState was interrupted
2023-08-25 08:51:01,969 [grpc-default-executor-3] INFO  impl.RoleInfo (RoleInfo.java:updateAndGet(139)) - 722a3cfd-0cb3-45bd-9dad-85df9dd4c55e: start 722a3cfd-0cb3-45bd-9dad-85df9dd4c55e@group-72F7012C4762-FollowerState
2023-08-25 08:51:01,975 [grpc-default-executor-3] INFO  server.RaftServer$Division (RaftServerImpl.java:requestVote(1335)) - 722a3cfd-0cb3-45bd-9dad-85df9dd4c55e@group-72F7012C4762 replies to ELECTION vote request: 6f59ded9-1d69-4648-a4a5-1116b15843fb<-722a3cfd-0cb3-45bd-9dad-85df9dd4c55e#0:OK-t1. Peer's state: 722a3cfd-0cb3-45bd-9dad-85df9dd4c55e@group-72F7012C4762:t1, leader=null, voted=6f59ded9-1d69-4648-a4a5-1116b15843fb, raftlog=Memoized:722a3cfd-0cb3-45bd-9dad-85df9dd4c55e@group-72F7012C4762-SegmentedRaftLog:OPENED:c-1, conf=-1: peers:[722a3cfd-0cb3-45bd-9dad-85df9dd4c55e|rpc:10.1.0.19:15032|admin:10.1.0.19:15031|client:10.1.0.19:15030|dataStream:10.1.0.19:15033|priority:0|startupRole:FOLLOWER, 6f59ded9-1d69-4648-a4a5-1116b15843fb|rpc:10.1.0.19:15014|admin:10.1.0.19:15013|client:10.1.0.19:15012|dataStream:10.1.0.19:15015|priority:1|startupRole:FOLLOWER, 5e5d2cfb-a693-459c-b621-520c42fdac66|rpc:10.1.0.19:15023|admin:10.1.0.19:15022|client:10.1.0.19:15021|dataStream:10.1.0.19:15024|priority:0|startupRole:FOLLOWER]|listeners:[], old=null
2023-08-25 08:51:01,978 [6f59ded9-1d69-4648-a4a5-1116b15843fb@group-72F7012C4762-LeaderElection6] INFO  impl.LeaderElection (LeaderElection.java:logAndReturn(90)) - 6f59ded9-1d69-4648-a4a5-1116b15843fb@group-72F7012C4762-LeaderElection6: ELECTION PASSED received 1 response(s) and 0 exception(s):
2023-08-25 08:51:01,978 [6f59ded9-1d69-4648-a4a5-1116b15843fb@group-72F7012C4762-LeaderElection6] INFO  impl.LeaderElection (LeaderElection.java:logAndReturn(94)) -   Response 0: 6f59ded9-1d69-4648-a4a5-1116b15843fb<-722a3cfd-0cb3-45bd-9dad-85df9dd4c55e#0:OK-t1
2023-08-25 08:51:01,978 [6f59ded9-1d69-4648-a4a5-1116b15843fb@group-72F7012C4762-LeaderElection6] INFO  impl.LeaderElection (LeaderElection.java:askForVotes(323)) - 6f59ded9-1d69-4648-a4a5-1116b15843fb@group-72F7012C4762-LeaderElection6 ELECTION round 0: result PASSED
2023-08-25 08:51:01,978 [6f59ded9-1d69-4648-a4a5-1116b15843fb@group-72F7012C4762-LeaderElection6] INFO  impl.RoleInfo (RoleInfo.java:shutdownLeaderElection(130)) - 6f59ded9-1d69-4648-a4a5-1116b15843fb: shutdown 6f59ded9-1d69-4648-a4a5-1116b15843fb@group-72F7012C4762-LeaderElection6
2023-08-25 08:51:01,978 [6f59ded9-1d69-4648-a4a5-1116b15843fb@group-72F7012C4762-LeaderElection6] INFO  server.RaftServer$Division (RaftServerImpl.java:setRole(329)) - 6f59ded9-1d69-4648-a4a5-1116b15843fb@group-72F7012C4762: changes role from CANDIDATE to LEADER at term 1 for changeToLeader
2023-08-25 08:51:01,978 [6f59ded9-1d69-4648-a4a5-1116b15843fb@group-72F7012C4762-LeaderElection6] INFO  ratis.XceiverServerRatis (XceiverServerRatis.java:handleLeaderChangedNotification(902)) - Leader change notification received for group: group-72F7012C4762 with new leaderId: 6f59ded9-1d69-4648-a4a5-1116b15843fb
2023-08-25 08:51:01,978 [6f59ded9-1d69-4648-a4a5-1116b15843fb@group-72F7012C4762-LeaderElection6] INFO  server.RaftServer$Division (ServerState.java:setLeader(317)) - 6f59ded9-1d69-4648-a4a5-1116b15843fb@group-72F7012C4762: change Leader from null to 6f59ded9-1d69-4648-a4a5-1116b15843fb at term 1 for becomeLeader, leader elected after 5189ms
2023-08-25 08:51:01,979 [6f59ded9-1d69-4648-a4a5-1116b15843fb@group-72F7012C4762-LeaderElection6] INFO  server.RaftServerConfigKeys (ConfUtils.java:logGet(46)) - raft.server.staging.catchup.gap = 1000 (default)
2023-08-25 08:51:01,979 [6f59ded9-1d69-4648-a4a5-1116b15843fb@group-72F7012C4762-LeaderElection6] INFO  server.RaftServerConfigKeys (ConfUtils.java:logGet(46)) - raft.server.write.element-limit = 1024 (custom)
2023-08-25 08:51:01,979 [6f59ded9-1d69-4648-a4a5-1116b15843fb@group-72F7012C4762-LeaderElection6] INFO  server.RaftServerConfigKeys (ConfUtils.java:logGet(46)) - raft.server.write.byte-limit = 1024 M (=1073741824) (custom)
2023-08-25 08:51:01,979 [6f59ded9-1d69-4648-a4a5-1116b15843fb@group-72F7012C4762-LeaderElection6] INFO  server.RaftServerConfigKeys (ConfUtils.java:logGet(46)) - raft.server.watch.timeout = 180s (custom)
2023-08-25 08:51:01,979 [6f59ded9-1d69-4648-a4a5-1116b15843fb@group-72F7012C4762-LeaderElection6] INFO  server.RaftServerConfigKeys (ConfUtils.java:logGet(46)) - raft.server.watch.timeout.denomination = 1s (default)
2023-08-25 08:51:01,979 [6f59ded9-1d69-4648-a4a5-1116b15843fb@group-72F7012C4762-LeaderElection6] INFO  server.RaftServerConfigKeys (ConfUtils.java:logGet(46)) - raft.server.watch.element-limit = 65536 (default)
2023-08-25 08:51:01,979 [6f59ded9-1d69-4648-a4a5-1116b15843fb@group-72F7012C4762-LeaderElection6] INFO  server.RaftServerConfigKeys (ConfUtils.java:logGet(46)) - raft.server.write.element-limit = 1024 (custom)
2023-08-25 08:51:01,979 [6f59ded9-1d69-4648-a4a5-1116b15843fb@group-72F7012C4762-LeaderElection6] INFO  server.RaftServerConfigKeys (ConfUtils.java:logGet(46)) - raft.server.write.follower.gap.ratio.max = -1.0 (default)
2023-08-25 08:51:01,980 [6f59ded9-1d69-4648-a4a5-1116b15843fb@group-72F7012C4762-LeaderElection6] INFO  server.RaftServerConfigKeys (ConfUtils.java:logGet(46)) - raft.server.log.appender.snapshot.chunk.size.max = 16MB (=16777216) (default)
2023-08-25 08:51:01,980 [6f59ded9-1d69-4648-a4a5-1116b15843fb@group-72F7012C4762-LeaderElection6] INFO  server.RaftServerConfigKeys (ConfUtils.java:logGet(46)) - raft.server.log.appender.buffer.byte-limit = 33554432 (custom)
2023-08-25 08:51:01,980 [6f59ded9-1d69-4648-a4a5-1116b15843fb@group-72F7012C4762-LeaderElection6] INFO  server.RaftServerConfigKeys (ConfUtils.java:logGet(46)) - raft.server.log.appender.buffer.element-limit = 1 (custom)
2023-08-25 08:51:01,982 [EventQueue-PipelineReportForPipelineReportHandler] INFO  pipeline.PipelineReportHandler (PipelineReportHandler.java:processPipelineReport(136)) - Opened pipeline PipelineID=e6baba83-e974-44b0-98a4-72f7012c4762
2023-08-25 08:51:01,990 [grpc-default-executor-3] INFO  server.RaftServer$Division (RaftServerImpl.java:requestVote(1302)) - 5e5d2cfb-a693-459c-b621-520c42fdac66@group-72F7012C4762: receive requestVote(PRE_VOTE, 6f59ded9-1d69-4648-a4a5-1116b15843fb, group-72F7012C4762, 0, (t:0, i:0))
2023-08-25 08:51:01,991 [grpc-default-executor-3] INFO  impl.VoteContext (VoteContext.java:log(49)) - 5e5d2cfb-a693-459c-b621-520c42fdac66@group-72F7012C4762-FOLLOWER: accept PRE_VOTE from 6f59ded9-1d69-4648-a4a5-1116b15843fb: our priority 0 <= candidate's priority 1
2023-08-25 08:51:01,991 [grpc-default-executor-3] INFO  server.RaftServer$Division (RaftServerImpl.java:requestVote(1335)) - 5e5d2cfb-a693-459c-b621-520c42fdac66@group-72F7012C4762 replies to PRE_VOTE vote request: 6f59ded9-1d69-4648-a4a5-1116b15843fb<-5e5d2cfb-a693-459c-b621-520c42fdac66#0:OK-t0. Peer's state: 5e5d2cfb-a693-459c-b621-520c42fdac66@group-72F7012C4762:t0, leader=null, voted=, raftlog=Memoized:5e5d2cfb-a693-459c-b621-520c42fdac66@group-72F7012C4762-SegmentedRaftLog:OPENED:c-1, conf=-1: peers:[722a3cfd-0cb3-45bd-9dad-85df9dd4c55e|rpc:10.1.0.19:15032|admin:10.1.0.19:15031|client:10.1.0.19:15030|dataStream:10.1.0.19:15033|priority:0|startupRole:FOLLOWER, 6f59ded9-1d69-4648-a4a5-1116b15843fb|rpc:10.1.0.19:15014|admin:10.1.0.19:15013|client:10.1.0.19:15012|dataStream:10.1.0.19:15015|priority:1|startupRole:FOLLOWER, 5e5d2cfb-a693-459c-b621-520c42fdac66|rpc:10.1.0.19:15023|admin:10.1.0.19:15022|client:10.1.0.19:15021|dataStream:10.1.0.19:15024|priority:0|startupRole:FOLLOWER]|listeners:[], old=null
2023-08-25 08:51:01,992 [6f59ded9-1d69-4648-a4a5-1116b15843fb-server-thread1] INFO  ratis.XceiverServerRatis (XceiverServerRatis.java:handleLeaderChangedNotification(902)) - Leader change notification received for group: group-2A842429A16A with new leaderId: 722a3cfd-0cb3-45bd-9dad-85df9dd4c55e
2023-08-25 08:51:01,992 [6f59ded9-1d69-4648-a4a5-1116b15843fb-server-thread1] INFO  server.RaftServer$Division (ServerState.java:setLeader(317)) - 6f59ded9-1d69-4648-a4a5-1116b15843fb@group-2A842429A16A: change Leader from null to 722a3cfd-0cb3-45bd-9dad-85df9dd4c55e at term 1 for appendEntries, leader elected after 5929ms
2023-08-25 08:51:01,993 [5e5d2cfb-a693-459c-b621-520c42fdac66-server-thread1] INFO  ratis.XceiverServerRatis (XceiverServerRatis.java:handleLeaderChangedNotification(902)) - Leader change notification received for group: group-2A842429A16A with new leaderId: 722a3cfd-0cb3-45bd-9dad-85df9dd4c55e
2023-08-25 08:51:01,993 [5e5d2cfb-a693-459c-b621-520c42fdac66-server-thread1] INFO  server.RaftServer$Division (ServerState.java:setLeader(317)) - 5e5d2cfb-a693-459c-b621-520c42fdac66@group-2A842429A16A: change Leader from null to 722a3cfd-0cb3-45bd-9dad-85df9dd4c55e at term 1 for appendEntries, leader elected after 5433ms
2023-08-25 08:51:01,994 [722a3cfd-0cb3-45bd-9dad-85df9dd4c55e@group-A430A8A13409-FollowerState] INFO  impl.FollowerState (FollowerState.java:run(143)) - 722a3cfd-0cb3-45bd-9dad-85df9dd4c55e@group-A430A8A13409-FollowerState: change to CANDIDATE, lastRpcElapsedTime:5125860989ns, electionTimeout:5121ms
2023-08-25 08:51:01,994 [722a3cfd-0cb3-45bd-9dad-85df9dd4c55e@group-A430A8A13409-FollowerState] INFO  impl.RoleInfo (RoleInfo.java:shutdownFollowerState(110)) - 722a3cfd-0cb3-45bd-9dad-85df9dd4c55e: shutdown 722a3cfd-0cb3-45bd-9dad-85df9dd4c55e@group-A430A8A13409-FollowerState
2023-08-25 08:51:01,995 [722a3cfd-0cb3-45bd-9dad-85df9dd4c55e@group-A430A8A13409-FollowerState] INFO  server.RaftServer$Division (RaftServerImpl.java:setRole(329)) - 722a3cfd-0cb3-45bd-9dad-85df9dd4c55e@group-A430A8A13409: changes role from  FOLLOWER to CANDIDATE at term 0 for changeToCandidate
2023-08-25 08:51:01,996 [6f59ded9-1d69-4648-a4a5-1116b15843fb@group-72F7012C4762-LeaderElection6] INFO  server.RaftServerConfigKeys (ConfUtils.java:logGet(46)) - raft.server.log.appender.wait-time.min = 10ms (default)
2023-08-25 08:51:02,011 [grpc-default-executor-4] INFO  server.RaftServer$Division (RaftServerImpl.java:requestVote(1302)) - 5e5d2cfb-a693-459c-b621-520c42fdac66@group-72F7012C4762: receive requestVote(ELECTION, 6f59ded9-1d69-4648-a4a5-1116b15843fb, group-72F7012C4762, 1, (t:0, i:0))
2023-08-25 08:51:02,011 [722a3cfd-0cb3-45bd-9dad-85df9dd4c55e@group-A430A8A13409-FollowerState] INFO  server.RaftServerConfigKeys (ConfUtils.java:logGet(46)) - raft.server.leaderelection.pre-vote = true (default)
2023-08-25 08:51:02,011 [722a3cfd-0cb3-45bd-9dad-85df9dd4c55e@group-A430A8A13409-FollowerState] INFO  impl.RoleInfo (RoleInfo.java:updateAndGet(139)) - 722a3cfd-0cb3-45bd-9dad-85df9dd4c55e: start 722a3cfd-0cb3-45bd-9dad-85df9dd4c55e@group-A430A8A13409-LeaderElection7
2023-08-25 08:51:01,997 [6f59ded9-1d69-4648-a4a5-1116b15843fb@group-72F7012C4762-LeaderElection6] INFO  grpc.GrpcConfigKeys (ConfUtils.java:logGet(46)) - raft.grpc.server.leader.outstanding.appends.max = 128 (default)
2023-08-25 08:51:02,011 [6f59ded9-1d69-4648-a4a5-1116b15843fb@group-72F7012C4762-LeaderElection6] INFO  server.RaftServerConfigKeys (ConfUtils.java:logGet(46)) - raft.server.rpc.request.timeout = 60s (custom)
2023-08-25 08:51:02,011 [6f59ded9-1d69-4648-a4a5-1116b15843fb@group-72F7012C4762-LeaderElection6] INFO  grpc.GrpcConfigKeys (ConfUtils.java:logGet(46)) - raft.grpc.server.install_snapshot.request.element-limit = 8 (default)
2023-08-25 08:51:02,012 [6f59ded9-1d69-4648-a4a5-1116b15843fb@group-72F7012C4762-LeaderElection6] INFO  grpc.GrpcConfigKeys (ConfUtils.java:logGet(46)) - raft.grpc.server.install_snapshot.request.timeout = 3000ms (default)
2023-08-25 08:51:02,012 [6f59ded9-1d69-4648-a4a5-1116b15843fb@group-72F7012C4762-LeaderElection6] INFO  server.RaftServerConfigKeys (ConfUtils.java:logGet(46)) - raft.server.log.appender.install.snapshot.enabled = false (custom)
2023-08-25 08:51:02,012 [6f59ded9-1d69-4648-a4a5-1116b15843fb@group-72F7012C4762-LeaderElection6] INFO  grpc.GrpcConfigKeys (ConfUtils.java:logGet(46)) - raft.grpc.server.heartbeat.channel = true (default)
2023-08-25 08:51:02,012 [6f59ded9-1d69-4648-a4a5-1116b15843fb@group-72F7012C4762-LeaderElection6] INFO  server.RaftServerConfigKeys (ConfUtils.java:logGet(46)) - raft.server.log.appender.snapshot.chunk.size.max = 16MB (=16777216) (default)
2023-08-25 08:51:02,013 [6f59ded9-1d69-4648-a4a5-1116b15843fb-server-thread1] INFO  server.RaftServer$Division (ServerState.java:setRaftConf(434)) - 6f59ded9-1d69-4648-a4a5-1116b15843fb@group-2A842429A16A: set configuration 0: peers:[722a3cfd-0cb3-45bd-9dad-85df9dd4c55e|rpc:10.1.0.19:15032|admin:10.1.0.19:15031|client:10.1.0.19:15030|dataStream:10.1.0.19:15033|priority:1|startupRole:FOLLOWER, 6f59ded9-1d69-4648-a4a5-1116b15843fb|rpc:10.1.0.19:15014|admin:10.1.0.19:15013|client:10.1.0.19:15012|dataStream:10.1.0.19:15015|priority:0|startupRole:FOLLOWER, 5e5d2cfb-a693-459c-b621-520c42fdac66|rpc:10.1.0.19:15023|admin:10.1.0.19:15022|client:10.1.0.19:15021|dataStream:10.1.0.19:15024|priority:0|startupRole:FOLLOWER]|listeners:[], old=null
2023-08-25 08:51:02,013 [5e5d2cfb-a693-459c-b621-520c42fdac66-server-thread2] INFO  server.RaftServer$Division (ServerState.java:setRaftConf(434)) - 5e5d2cfb-a693-459c-b621-520c42fdac66@group-2A842429A16A: set configuration 0: peers:[722a3cfd-0cb3-45bd-9dad-85df9dd4c55e|rpc:10.1.0.19:15032|admin:10.1.0.19:15031|client:10.1.0.19:15030|dataStream:10.1.0.19:15033|priority:1|startupRole:FOLLOWER, 6f59ded9-1d69-4648-a4a5-1116b15843fb|rpc:10.1.0.19:15014|admin:10.1.0.19:15013|client:10.1.0.19:15012|dataStream:10.1.0.19:15015|priority:0|startupRole:FOLLOWER, 5e5d2cfb-a693-459c-b621-520c42fdac66|rpc:10.1.0.19:15023|admin:10.1.0.19:15022|client:10.1.0.19:15021|dataStream:10.1.0.19:15024|priority:0|startupRole:FOLLOWER]|listeners:[], old=null
2023-08-25 08:51:02,013 [6f59ded9-1d69-4648-a4a5-1116b15843fb-server-thread1] INFO  segmented.SegmentedRaftLogWorker (SegmentedRaftLogWorker.java:startLogSegment(447)) - 6f59ded9-1d69-4648-a4a5-1116b15843fb@group-2A842429A16A-SegmentedRaftLogWorker: Starting segment from index:0
2023-08-25 08:51:02,013 [5e5d2cfb-a693-459c-b621-520c42fdac66-server-thread2] INFO  segmented.SegmentedRaftLogWorker (SegmentedRaftLogWorker.java:startLogSegment(447)) - 5e5d2cfb-a693-459c-b621-520c42fdac66@group-2A842429A16A-SegmentedRaftLogWorker: Starting segment from index:0
2023-08-25 08:51:02,013 [6f59ded9-1d69-4648-a4a5-1116b15843fb@group-72F7012C4762-LeaderElection6] INFO  server.RaftServerConfigKeys (ConfUtils.java:logGet(46)) - raft.server.log.appender.buffer.byte-limit = 33554432 (custom)
2023-08-25 08:51:02,013 [6f59ded9-1d69-4648-a4a5-1116b15843fb@group-72F7012C4762-LeaderElection6] INFO  server.RaftServerConfigKeys (ConfUtils.java:logGet(46)) - raft.server.log.appender.buffer.element-limit = 1 (custom)
2023-08-25 08:51:02,017 [6f59ded9-1d69-4648-a4a5-1116b15843fb@group-72F7012C4762-LeaderElection6] INFO  server.RaftServerConfigKeys (ConfUtils.java:logGet(46)) - raft.server.log.appender.wait-time.min = 10ms (default)
2023-08-25 08:51:02,017 [6f59ded9-1d69-4648-a4a5-1116b15843fb@group-72F7012C4762-LeaderElection6] INFO  grpc.GrpcConfigKeys (ConfUtils.java:logGet(46)) - raft.grpc.server.leader.outstanding.appends.max = 128 (default)
2023-08-25 08:51:02,017 [6f59ded9-1d69-4648-a4a5-1116b15843fb@group-72F7012C4762-LeaderElection6] INFO  server.RaftServerConfigKeys (ConfUtils.java:logGet(46)) - raft.server.rpc.request.timeout = 60s (custom)
2023-08-25 08:51:02,017 [6f59ded9-1d69-4648-a4a5-1116b15843fb@group-72F7012C4762-LeaderElection6] INFO  grpc.GrpcConfigKeys (ConfUtils.java:logGet(46)) - raft.grpc.server.install_snapshot.request.element-limit = 8 (default)
2023-08-25 08:51:02,017 [6f59ded9-1d69-4648-a4a5-1116b15843fb@group-72F7012C4762-LeaderElection6] INFO  grpc.GrpcConfigKeys (ConfUtils.java:logGet(46)) - raft.grpc.server.install_snapshot.request.timeout = 3000ms (default)
2023-08-25 08:51:02,017 [6f59ded9-1d69-4648-a4a5-1116b15843fb@group-72F7012C4762-LeaderElection6] INFO  server.RaftServerConfigKeys (ConfUtils.java:logGet(46)) - raft.server.log.appender.install.snapshot.enabled = false (custom)
2023-08-25 08:51:02,017 [6f59ded9-1d69-4648-a4a5-1116b15843fb@group-72F7012C4762-LeaderElection6] INFO  grpc.GrpcConfigKeys (ConfUtils.java:logGet(46)) - raft.grpc.server.heartbeat.channel = true (default)
2023-08-25 08:51:02,018 [6f59ded9-1d69-4648-a4a5-1116b15843fb@group-72F7012C4762-LeaderElection6] INFO  impl.RoleInfo (RoleInfo.java:updateAndGet(139)) - 6f59ded9-1d69-4648-a4a5-1116b15843fb: start 6f59ded9-1d69-4648-a4a5-1116b15843fb@group-72F7012C4762-LeaderStateImpl
2023-08-25 08:51:02,018 [6f59ded9-1d69-4648-a4a5-1116b15843fb@group-72F7012C4762-LeaderElection6] INFO  segmented.SegmentedRaftLogWorker (SegmentedRaftLogWorker.java:startLogSegment(447)) - 6f59ded9-1d69-4648-a4a5-1116b15843fb@group-72F7012C4762-SegmentedRaftLogWorker: Starting segment from index:0
2023-08-25 08:51:02,021 [6f59ded9-1d69-4648-a4a5-1116b15843fb@group-72F7012C4762-SegmentedRaftLogWorker] INFO  segmented.SegmentedRaftLogWorker (SegmentedRaftLogWorker.java:execute(651)) - 6f59ded9-1d69-4648-a4a5-1116b15843fb@group-72F7012C4762-SegmentedRaftLogWorker: created new log segment /home/runner/work/ozone/ozone/hadoop-ozone/integration-test/target/test-dir/MiniOzoneClusterImpl-289e54f1-59ef-4028-876b-aa1b67627a4d/datanode-0/data/ratis/e6baba83-e974-44b0-98a4-72f7012c4762/current/log_inprogress_0
2023-08-25 08:51:02,024 [722a3cfd-0cb3-45bd-9dad-85df9dd4c55e@group-A430A8A13409-LeaderElection7] INFO  impl.LeaderElection (LeaderElection.java:askForVotes(321)) - 722a3cfd-0cb3-45bd-9dad-85df9dd4c55e@group-A430A8A13409-LeaderElection7 PRE_VOTE round 0: submit vote requests at term 0 for -1: peers:[722a3cfd-0cb3-45bd-9dad-85df9dd4c55e|rpc:10.1.0.19:15032|admin:10.1.0.19:15031|client:10.1.0.19:15030|dataStream:10.1.0.19:15033|priority:1|startupRole:FOLLOWER]|listeners:[], old=null
2023-08-25 08:51:02,024 [grpc-default-executor-4] INFO  impl.VoteContext (VoteContext.java:log(49)) - 5e5d2cfb-a693-459c-b621-520c42fdac66@group-72F7012C4762-FOLLOWER: accept ELECTION from 6f59ded9-1d69-4648-a4a5-1116b15843fb: our priority 0 <= candidate's priority 1
2023-08-25 08:51:02,025 [grpc-default-executor-4] INFO  server.RaftServer$Division (RaftServerImpl.java:setRole(329)) - 5e5d2cfb-a693-459c-b621-520c42fdac66@group-72F7012C4762: changes role from  FOLLOWER to FOLLOWER at term 1 for candidate:6f59ded9-1d69-4648-a4a5-1116b15843fb
2023-08-25 08:51:02,025 [grpc-default-executor-4] INFO  impl.RoleInfo (RoleInfo.java:shutdownFollowerState(110)) - 5e5d2cfb-a693-459c-b621-520c42fdac66: shutdown 5e5d2cfb-a693-459c-b621-520c42fdac66@group-72F7012C4762-FollowerState
2023-08-25 08:51:02,024 [722a3cfd-0cb3-45bd-9dad-85df9dd4c55e@group-A430A8A13409-LeaderElection7] INFO  impl.LeaderElection (LeaderElection.java:askForVotes(323)) - 722a3cfd-0cb3-45bd-9dad-85df9dd4c55e@group-A430A8A13409-LeaderElection7 PRE_VOTE round 0: result PASSED (term=0)
2023-08-25 08:51:02,031 [6f59ded9-1d69-4648-a4a5-1116b15843fb@group-2A842429A16A-SegmentedRaftLogWorker] INFO  segmented.SegmentedRaftLogWorker (SegmentedRaftLogWorker.java:execute(651)) - 6f59ded9-1d69-4648-a4a5-1116b15843fb@group-2A842429A16A-SegmentedRaftLogWorker: created new log segment /home/runner/work/ozone/ozone/hadoop-ozone/integration-test/target/test-dir/MiniOzoneClusterImpl-289e54f1-59ef-4028-876b-aa1b67627a4d/datanode-0/data/ratis/809e3c79-4f70-494e-a9e8-2a842429a16a/current/log_inprogress_0
2023-08-25 08:51:02,029 [grpc-default-executor-4] INFO  impl.RoleInfo (RoleInfo.java:updateAndGet(139)) - 5e5d2cfb-a693-459c-b621-520c42fdac66: start 5e5d2cfb-a693-459c-b621-520c42fdac66@group-72F7012C4762-FollowerState
2023-08-25 08:51:02,025 [5e5d2cfb-a693-459c-b621-520c42fdac66@group-72F7012C4762-FollowerState] INFO  impl.FollowerState (FollowerState.java:run(152)) - 5e5d2cfb-a693-459c-b621-520c42fdac66@group-72F7012C4762-FollowerState was interrupted
2023-08-25 08:51:02,036 [722a3cfd-0cb3-45bd-9dad-85df9dd4c55e@group-A430A8A13409-LeaderElection7] INFO  impl.LeaderElection (LeaderElection.java:askForVotes(321)) - 722a3cfd-0cb3-45bd-9dad-85df9dd4c55e@group-A430A8A13409-LeaderElection7 ELECTION round 0: submit vote requests at term 1 for -1: peers:[722a3cfd-0cb3-45bd-9dad-85df9dd4c55e|rpc:10.1.0.19:15032|admin:10.1.0.19:15031|client:10.1.0.19:15030|dataStream:10.1.0.19:15033|priority:1|startupRole:FOLLOWER]|listeners:[], old=null
2023-08-25 08:51:02,036 [722a3cfd-0cb3-45bd-9dad-85df9dd4c55e@group-A430A8A13409-LeaderElection7] INFO  impl.LeaderElection (LeaderElection.java:askForVotes(323)) - 722a3cfd-0cb3-45bd-9dad-85df9dd4c55e@group-A430A8A13409-LeaderElection7 ELECTION round 0: result PASSED (term=1)
2023-08-25 08:51:02,036 [722a3cfd-0cb3-45bd-9dad-85df9dd4c55e@group-A430A8A13409-LeaderElection7] INFO  impl.RoleInfo (RoleInfo.java:shutdownLeaderElection(130)) - 722a3cfd-0cb3-45bd-9dad-85df9dd4c55e: shutdown 722a3cfd-0cb3-45bd-9dad-85df9dd4c55e@group-A430A8A13409-LeaderElection7
2023-08-25 08:51:02,036 [722a3cfd-0cb3-45bd-9dad-85df9dd4c55e@group-A430A8A13409-LeaderElection7] INFO  server.RaftServer$Division (RaftServerImpl.java:setRole(329)) - 722a3cfd-0cb3-45bd-9dad-85df9dd4c55e@group-A430A8A13409: changes role from CANDIDATE to LEADER at term 1 for changeToLeader
2023-08-25 08:51:02,036 [722a3cfd-0cb3-45bd-9dad-85df9dd4c55e@group-A430A8A13409-LeaderElection7] INFO  ratis.XceiverServerRatis (XceiverServerRatis.java:handleLeaderChangedNotification(902)) - Leader change notification received for group: group-A430A8A13409 with new leaderId: 722a3cfd-0cb3-45bd-9dad-85df9dd4c55e
2023-08-25 08:51:02,036 [grpc-default-executor-4] INFO  server.RaftServer$Division (RaftServerImpl.java:requestVote(1335)) - 5e5d2cfb-a693-459c-b621-520c42fdac66@group-72F7012C4762 replies to ELECTION vote request: 6f59ded9-1d69-4648-a4a5-1116b15843fb<-5e5d2cfb-a693-459c-b621-520c42fdac66#0:OK-t1. Peer's state: 5e5d2cfb-a693-459c-b621-520c42fdac66@group-72F7012C4762:t1, leader=null, voted=6f59ded9-1d69-4648-a4a5-1116b15843fb, raftlog=Memoized:5e5d2cfb-a693-459c-b621-520c42fdac66@group-72F7012C4762-SegmentedRaftLog:OPENED:c-1, conf=-1: peers:[722a3cfd-0cb3-45bd-9dad-85df9dd4c55e|rpc:10.1.0.19:15032|admin:10.1.0.19:15031|client:10.1.0.19:15030|dataStream:10.1.0.19:15033|priority:0|startupRole:FOLLOWER, 6f59ded9-1d69-4648-a4a5-1116b15843fb|rpc:10.1.0.19:15014|admin:10.1.0.19:15013|client:10.1.0.19:15012|dataStream:10.1.0.19:15015|priority:1|startupRole:FOLLOWER, 5e5d2cfb-a693-459c-b621-520c42fdac66|rpc:10.1.0.19:15023|admin:10.1.0.19:15022|client:10.1.0.19:15021|dataStream:10.1.0.19:15024|priority:0|startupRole:FOLLOWER]|listeners:[], old=null
2023-08-25 08:51:02,044 [722a3cfd-0cb3-45bd-9dad-85df9dd4c55e@group-A430A8A13409-LeaderElection7] INFO  server.RaftServer$Division (ServerState.java:setLeader(317)) - 722a3cfd-0cb3-45bd-9dad-85df9dd4c55e@group-A430A8A13409: change Leader from null to 722a3cfd-0cb3-45bd-9dad-85df9dd4c55e at term 1 for becomeLeader, leader elected after 5224ms
2023-08-25 08:51:02,044 [722a3cfd-0cb3-45bd-9dad-85df9dd4c55e@group-A430A8A13409-LeaderElection7] INFO  server.RaftServerConfigKeys (ConfUtils.java:logGet(46)) - raft.server.staging.catchup.gap = 1000 (default)
2023-08-25 08:51:02,044 [6f59ded9-1d69-4648-a4a5-1116b15843fb@group-72F7012C4762-LeaderElection6] INFO  server.RaftServer$Division (ServerState.java:setRaftConf(434)) - 6f59ded9-1d69-4648-a4a5-1116b15843fb@group-72F7012C4762: set configuration 0: peers:[722a3cfd-0cb3-45bd-9dad-85df9dd4c55e|rpc:10.1.0.19:15032|admin:10.1.0.19:15031|client:10.1.0.19:15030|dataStream:10.1.0.19:15033|priority:0|startupRole:FOLLOWER, 6f59ded9-1d69-4648-a4a5-1116b15843fb|rpc:10.1.0.19:15014|admin:10.1.0.19:15013|client:10.1.0.19:15012|dataStream:10.1.0.19:15015|priority:1|startupRole:FOLLOWER, 5e5d2cfb-a693-459c-b621-520c42fdac66|rpc:10.1.0.19:15023|admin:10.1.0.19:15022|client:10.1.0.19:15021|dataStream:10.1.0.19:15024|priority:0|startupRole:FOLLOWER]|listeners:[], old=null
2023-08-25 08:51:02,044 [722a3cfd-0cb3-45bd-9dad-85df9dd4c55e@group-A430A8A13409-LeaderElection7] INFO  server.RaftServerConfigKeys (ConfUtils.java:logGet(46)) - raft.server.write.element-limit = 1024 (custom)
2023-08-25 08:51:02,044 [722a3cfd-0cb3-45bd-9dad-85df9dd4c55e@group-A430A8A13409-LeaderElection7] INFO  server.RaftServerConfigKeys (ConfUtils.java:logGet(46)) - raft.server.write.byte-limit = 1024 M (=1073741824) (custom)
2023-08-25 08:51:02,045 [722a3cfd-0cb3-45bd-9dad-85df9dd4c55e@group-A430A8A13409-LeaderElection7] INFO  server.RaftServerConfigKeys (ConfUtils.java:logGet(46)) - raft.server.watch.timeout = 180s (custom)
2023-08-25 08:51:02,045 [722a3cfd-0cb3-45bd-9dad-85df9dd4c55e@group-A430A8A13409-LeaderElection7] INFO  server.RaftServerConfigKeys (ConfUtils.java:logGet(46)) - raft.server.watch.timeout.denomination = 1s (default)
2023-08-25 08:51:02,045 [722a3cfd-0cb3-45bd-9dad-85df9dd4c55e@group-A430A8A13409-LeaderElection7] INFO  server.RaftServerConfigKeys (ConfUtils.java:logGet(46)) - raft.server.watch.element-limit = 65536 (default)
2023-08-25 08:51:02,045 [722a3cfd-0cb3-45bd-9dad-85df9dd4c55e@group-A430A8A13409-LeaderElection7] INFO  server.RaftServerConfigKeys (ConfUtils.java:logGet(46)) - raft.server.write.element-limit = 1024 (custom)
2023-08-25 08:51:02,045 [722a3cfd-0cb3-45bd-9dad-85df9dd4c55e@group-A430A8A13409-LeaderElection7] INFO  server.RaftServerConfigKeys (ConfUtils.java:logGet(46)) - raft.server.write.follower.gap.ratio.max = -1.0 (default)
2023-08-25 08:51:02,045 [5e5d2cfb-a693-459c-b621-520c42fdac66@group-2A842429A16A-SegmentedRaftLogWorker] INFO  segmented.SegmentedRaftLogWorker (SegmentedRaftLogWorker.java:execute(651)) - 5e5d2cfb-a693-459c-b621-520c42fdac66@group-2A842429A16A-SegmentedRaftLogWorker: created new log segment /home/runner/work/ozone/ozone/hadoop-ozone/integration-test/target/test-dir/MiniOzoneClusterImpl-289e54f1-59ef-4028-876b-aa1b67627a4d/datanode-1/data/ratis/809e3c79-4f70-494e-a9e8-2a842429a16a/current/log_inprogress_0
2023-08-25 08:51:02,045 [722a3cfd-0cb3-45bd-9dad-85df9dd4c55e@group-A430A8A13409-LeaderElection7] INFO  impl.RoleInfo (RoleInfo.java:updateAndGet(139)) - 722a3cfd-0cb3-45bd-9dad-85df9dd4c55e: start 722a3cfd-0cb3-45bd-9dad-85df9dd4c55e@group-A430A8A13409-LeaderStateImpl
2023-08-25 08:51:02,047 [722a3cfd-0cb3-45bd-9dad-85df9dd4c55e@group-A430A8A13409-LeaderElection7] INFO  segmented.SegmentedRaftLogWorker (SegmentedRaftLogWorker.java:startLogSegment(447)) - 722a3cfd-0cb3-45bd-9dad-85df9dd4c55e@group-A430A8A13409-SegmentedRaftLogWorker: Starting segment from index:0
2023-08-25 08:51:02,059 [722a3cfd-0cb3-45bd-9dad-85df9dd4c55e@group-A430A8A13409-LeaderElection7] INFO  server.RaftServer$Division (ServerState.java:setRaftConf(434)) - 722a3cfd-0cb3-45bd-9dad-85df9dd4c55e@group-A430A8A13409: set configuration 0: peers:[722a3cfd-0cb3-45bd-9dad-85df9dd4c55e|rpc:10.1.0.19:15032|admin:10.1.0.19:15031|client:10.1.0.19:15030|dataStream:10.1.0.19:15033|priority:1|startupRole:FOLLOWER]|listeners:[], old=null
2023-08-25 08:51:02,071 [722a3cfd-0cb3-45bd-9dad-85df9dd4c55e-server-thread1] INFO  ratis.XceiverServerRatis (XceiverServerRatis.java:handleLeaderChangedNotification(902)) - Leader change notification received for group: group-72F7012C4762 with new leaderId: 6f59ded9-1d69-4648-a4a5-1116b15843fb
2023-08-25 08:51:02,071 [722a3cfd-0cb3-45bd-9dad-85df9dd4c55e-server-thread1] INFO  server.RaftServer$Division (ServerState.java:setLeader(317)) - 722a3cfd-0cb3-45bd-9dad-85df9dd4c55e@group-72F7012C4762: change Leader from null to 6f59ded9-1d69-4648-a4a5-1116b15843fb at term 1 for appendEntries, leader elected after 5162ms
2023-08-25 08:51:02,071 [5e5d2cfb-a693-459c-b621-520c42fdac66-server-thread1] INFO  ratis.XceiverServerRatis (XceiverServerRatis.java:handleLeaderChangedNotification(902)) - Leader change notification received for group: group-72F7012C4762 with new leaderId: 6f59ded9-1d69-4648-a4a5-1116b15843fb
2023-08-25 08:51:02,071 [722a3cfd-0cb3-45bd-9dad-85df9dd4c55e@group-A430A8A13409-SegmentedRaftLogWorker] INFO  segmented.SegmentedRaftLogWorker (SegmentedRaftLogWorker.java:execute(651)) - 722a3cfd-0cb3-45bd-9dad-85df9dd4c55e@group-A430A8A13409-SegmentedRaftLogWorker: created new log segment /home/runner/work/ozone/ozone/hadoop-ozone/integration-test/target/test-dir/MiniOzoneClusterImpl-289e54f1-59ef-4028-876b-aa1b67627a4d/datanode-2/data/ratis/b9824601-f4e3-45ac-b4d8-a430a8a13409/current/log_inprogress_0
2023-08-25 08:51:02,072 [5e5d2cfb-a693-459c-b621-520c42fdac66-server-thread1] INFO  server.RaftServer$Division (ServerState.java:setLeader(317)) - 5e5d2cfb-a693-459c-b621-520c42fdac66@group-72F7012C4762: change Leader from null to 6f59ded9-1d69-4648-a4a5-1116b15843fb at term 1 for appendEntries, leader elected after 5216ms
2023-08-25 08:51:02,077 [722a3cfd-0cb3-45bd-9dad-85df9dd4c55e-server-thread1] INFO  server.RaftServer$Division (ServerState.java:setRaftConf(434)) - 722a3cfd-0cb3-45bd-9dad-85df9dd4c55e@group-72F7012C4762: set configuration 0: peers:[722a3cfd-0cb3-45bd-9dad-85df9dd4c55e|rpc:10.1.0.19:15032|admin:10.1.0.19:15031|client:10.1.0.19:15030|dataStream:10.1.0.19:15033|priority:0|startupRole:FOLLOWER, 6f59ded9-1d69-4648-a4a5-1116b15843fb|rpc:10.1.0.19:15014|admin:10.1.0.19:15013|client:10.1.0.19:15012|dataStream:10.1.0.19:15015|priority:1|startupRole:FOLLOWER, 5e5d2cfb-a693-459c-b621-520c42fdac66|rpc:10.1.0.19:15023|admin:10.1.0.19:15022|client:10.1.0.19:15021|dataStream:10.1.0.19:15024|priority:0|startupRole:FOLLOWER]|listeners:[], old=null
2023-08-25 08:51:02,078 [722a3cfd-0cb3-45bd-9dad-85df9dd4c55e-server-thread1] INFO  segmented.SegmentedRaftLogWorker (SegmentedRaftLogWorker.java:startLogSegment(447)) - 722a3cfd-0cb3-45bd-9dad-85df9dd4c55e@group-72F7012C4762-SegmentedRaftLogWorker: Starting segment from index:0
2023-08-25 08:51:02,080 [722a3cfd-0cb3-45bd-9dad-85df9dd4c55e@group-72F7012C4762-SegmentedRaftLogWorker] INFO  segmented.SegmentedRaftLogWorker (SegmentedRaftLogWorker.java:execute(651)) - 722a3cfd-0cb3-45bd-9dad-85df9dd4c55e@group-72F7012C4762-SegmentedRaftLogWorker: created new log segment /home/runner/work/ozone/ozone/hadoop-ozone/integration-test/target/test-dir/MiniOzoneClusterImpl-289e54f1-59ef-4028-876b-aa1b67627a4d/datanode-2/data/ratis/e6baba83-e974-44b0-98a4-72f7012c4762/current/log_inprogress_0
2023-08-25 08:51:02,080 [5e5d2cfb-a693-459c-b621-520c42fdac66-server-thread1] INFO  server.RaftServer$Division (ServerState.java:setRaftConf(434)) - 5e5d2cfb-a693-459c-b621-520c42fdac66@group-72F7012C4762: set configuration 0: peers:[722a3cfd-0cb3-45bd-9dad-85df9dd4c55e|rpc:10.1.0.19:15032|admin:10.1.0.19:15031|client:10.1.0.19:15030|dataStream:10.1.0.19:15033|priority:0|startupRole:FOLLOWER, 6f59ded9-1d69-4648-a4a5-1116b15843fb|rpc:10.1.0.19:15014|admin:10.1.0.19:15013|client:10.1.0.19:15012|dataStream:10.1.0.19:15015|priority:1|startupRole:FOLLOWER, 5e5d2cfb-a693-459c-b621-520c42fdac66|rpc:10.1.0.19:15023|admin:10.1.0.19:15022|client:10.1.0.19:15021|dataStream:10.1.0.19:15024|priority:0|startupRole:FOLLOWER]|listeners:[], old=null
2023-08-25 08:51:02,080 [5e5d2cfb-a693-459c-b621-520c42fdac66-server-thread1] INFO  segmented.SegmentedRaftLogWorker (SegmentedRaftLogWorker.java:startLogSegment(447)) - 5e5d2cfb-a693-459c-b621-520c42fdac66@group-72F7012C4762-SegmentedRaftLogWorker: Starting segment from index:0
2023-08-25 08:51:02,088 [5e5d2cfb-a693-459c-b621-520c42fdac66@group-72F7012C4762-SegmentedRaftLogWorker] INFO  segmented.SegmentedRaftLogWorker (SegmentedRaftLogWorker.java:execute(651)) - 5e5d2cfb-a693-459c-b621-520c42fdac66@group-72F7012C4762-SegmentedRaftLogWorker: created new log segment /home/runner/work/ozone/ozone/hadoop-ozone/integration-test/target/test-dir/MiniOzoneClusterImpl-289e54f1-59ef-4028-876b-aa1b67627a4d/datanode-1/data/ratis/e6baba83-e974-44b0-98a4-72f7012c4762/current/log_inprogress_0
2023-08-25 08:51:02,434 [c4b8bd3c-8a0e-4cc6-b7e6-0374b0604ac7@group-48E4B572E38A-FollowerState] INFO  impl.FollowerState (FollowerState.java:run(143)) - c4b8bd3c-8a0e-4cc6-b7e6-0374b0604ac7@group-48E4B572E38A-FollowerState: change to CANDIDATE, lastRpcElapsedTime:5026768324ns, electionTimeout:5017ms
2023-08-25 08:51:02,435 [c4b8bd3c-8a0e-4cc6-b7e6-0374b0604ac7@group-48E4B572E38A-FollowerState] INFO  impl.RoleInfo (RoleInfo.java:shutdownFollowerState(110)) - c4b8bd3c-8a0e-4cc6-b7e6-0374b0604ac7: shutdown c4b8bd3c-8a0e-4cc6-b7e6-0374b0604ac7@group-48E4B572E38A-FollowerState
2023-08-25 08:51:02,435 [c4b8bd3c-8a0e-4cc6-b7e6-0374b0604ac7@group-48E4B572E38A-FollowerState] INFO  server.RaftServer$Division (RaftServerImpl.java:setRole(329)) - c4b8bd3c-8a0e-4cc6-b7e6-0374b0604ac7@group-48E4B572E38A: changes role from  FOLLOWER to CANDIDATE at term 0 for changeToCandidate
2023-08-25 08:51:02,436 [c4b8bd3c-8a0e-4cc6-b7e6-0374b0604ac7@group-48E4B572E38A-FollowerState] INFO  server.RaftServerConfigKeys (ConfUtils.java:logGet(46)) - raft.server.leaderelection.pre-vote = true (default)
2023-08-25 08:51:02,436 [c4b8bd3c-8a0e-4cc6-b7e6-0374b0604ac7@group-48E4B572E38A-FollowerState] INFO  impl.RoleInfo (RoleInfo.java:updateAndGet(139)) - c4b8bd3c-8a0e-4cc6-b7e6-0374b0604ac7: start c4b8bd3c-8a0e-4cc6-b7e6-0374b0604ac7@group-48E4B572E38A-LeaderElection8
2023-08-25 08:51:02,438 [c4b8bd3c-8a0e-4cc6-b7e6-0374b0604ac7@group-48E4B572E38A-LeaderElection8] INFO  impl.LeaderElection (LeaderElection.java:askForVotes(321)) - c4b8bd3c-8a0e-4cc6-b7e6-0374b0604ac7@group-48E4B572E38A-LeaderElection8 PRE_VOTE round 0: submit vote requests at term 0 for -1: peers:[c4b8bd3c-8a0e-4cc6-b7e6-0374b0604ac7|rpc:10.1.0.19:15041|admin:10.1.0.19:15040|client:10.1.0.19:15039|dataStream:10.1.0.19:15042|priority:1|startupRole:FOLLOWER]|listeners:[], old=null
2023-08-25 08:51:02,438 [c4b8bd3c-8a0e-4cc6-b7e6-0374b0604ac7@group-48E4B572E38A-LeaderElection8] INFO  impl.LeaderElection (LeaderElection.java:askForVotes(323)) - c4b8bd3c-8a0e-4cc6-b7e6-0374b0604ac7@group-48E4B572E38A-LeaderElection8 PRE_VOTE round 0: result PASSED (term=0)
2023-08-25 08:51:02,439 [c4b8bd3c-8a0e-4cc6-b7e6-0374b0604ac7@group-48E4B572E38A-LeaderElection8] INFO  impl.LeaderElection (LeaderElection.java:askForVotes(321)) - c4b8bd3c-8a0e-4cc6-b7e6-0374b0604ac7@group-48E4B572E38A-LeaderElection8 ELECTION round 0: submit vote requests at term 1 for -1: peers:[c4b8bd3c-8a0e-4cc6-b7e6-0374b0604ac7|rpc:10.1.0.19:15041|admin:10.1.0.19:15040|client:10.1.0.19:15039|dataStream:10.1.0.19:15042|priority:1|startupRole:FOLLOWER]|listeners:[], old=null
2023-08-25 08:51:02,439 [c4b8bd3c-8a0e-4cc6-b7e6-0374b0604ac7@group-48E4B572E38A-LeaderElection8] INFO  impl.LeaderElection (LeaderElection.java:askForVotes(323)) - c4b8bd3c-8a0e-4cc6-b7e6-0374b0604ac7@group-48E4B572E38A-LeaderElection8 ELECTION round 0: result PASSED (term=1)
2023-08-25 08:51:02,440 [c4b8bd3c-8a0e-4cc6-b7e6-0374b0604ac7@group-48E4B572E38A-LeaderElection8] INFO  impl.RoleInfo (RoleInfo.java:shutdownLeaderElection(130)) - c4b8bd3c-8a0e-4cc6-b7e6-0374b0604ac7: shutdown c4b8bd3c-8a0e-4cc6-b7e6-0374b0604ac7@group-48E4B572E38A-LeaderElection8
2023-08-25 08:51:02,440 [c4b8bd3c-8a0e-4cc6-b7e6-0374b0604ac7@group-48E4B572E38A-LeaderElection8] INFO  server.RaftServer$Division (RaftServerImpl.java:setRole(329)) - c4b8bd3c-8a0e-4cc6-b7e6-0374b0604ac7@group-48E4B572E38A: changes role from CANDIDATE to LEADER at term 1 for changeToLeader
2023-08-25 08:51:02,441 [c4b8bd3c-8a0e-4cc6-b7e6-0374b0604ac7@group-48E4B572E38A-LeaderElection8] INFO  ratis.XceiverServerRatis (XceiverServerRatis.java:handleLeaderChangedNotification(902)) - Leader change notification received for group: group-48E4B572E38A with new leaderId: c4b8bd3c-8a0e-4cc6-b7e6-0374b0604ac7
2023-08-25 08:51:02,441 [c4b8bd3c-8a0e-4cc6-b7e6-0374b0604ac7@group-48E4B572E38A-LeaderElection8] INFO  server.RaftServer$Division (ServerState.java:setLeader(317)) - c4b8bd3c-8a0e-4cc6-b7e6-0374b0604ac7@group-48E4B572E38A: change Leader from null to c4b8bd3c-8a0e-4cc6-b7e6-0374b0604ac7 at term 1 for becomeLeader, leader elected after 5093ms
2023-08-25 08:51:02,441 [c4b8bd3c-8a0e-4cc6-b7e6-0374b0604ac7@group-48E4B572E38A-LeaderElection8] INFO  server.RaftServerConfigKeys (ConfUtils.java:logGet(46)) - raft.server.staging.catchup.gap = 1000 (default)
2023-08-25 08:51:02,441 [c4b8bd3c-8a0e-4cc6-b7e6-0374b0604ac7@group-48E4B572E38A-LeaderElection8] INFO  server.RaftServerConfigKeys (ConfUtils.java:logGet(46)) - raft.server.write.element-limit = 1024 (custom)
2023-08-25 08:51:02,441 [c4b8bd3c-8a0e-4cc6-b7e6-0374b0604ac7@group-48E4B572E38A-LeaderElection8] INFO  server.RaftServerConfigKeys (ConfUtils.java:logGet(46)) - raft.server.write.byte-limit = 1024 M (=1073741824) (custom)
2023-08-25 08:51:02,442 [c4b8bd3c-8a0e-4cc6-b7e6-0374b0604ac7@group-48E4B572E38A-LeaderElection8] INFO  server.RaftServerConfigKeys (ConfUtils.java:logGet(46)) - raft.server.watch.timeout = 180s (custom)
2023-08-25 08:51:02,442 [c4b8bd3c-8a0e-4cc6-b7e6-0374b0604ac7@group-48E4B572E38A-LeaderElection8] INFO  server.RaftServerConfigKeys (ConfUtils.java:logGet(46)) - raft.server.watch.timeout.denomination = 1s (default)
2023-08-25 08:51:02,442 [c4b8bd3c-8a0e-4cc6-b7e6-0374b0604ac7@group-48E4B572E38A-LeaderElection8] INFO  server.RaftServerConfigKeys (ConfUtils.java:logGet(46)) - raft.server.watch.element-limit = 65536 (default)
2023-08-25 08:51:02,443 [c4b8bd3c-8a0e-4cc6-b7e6-0374b0604ac7@group-48E4B572E38A-LeaderElection8] INFO  server.RaftServerConfigKeys (ConfUtils.java:logGet(46)) - raft.server.write.element-limit = 1024 (custom)
2023-08-25 08:51:02,443 [c4b8bd3c-8a0e-4cc6-b7e6-0374b0604ac7@group-48E4B572E38A-LeaderElection8] INFO  server.RaftServerConfigKeys (ConfUtils.java:logGet(46)) - raft.server.write.follower.gap.ratio.max = -1.0 (default)
2023-08-25 08:51:02,443 [c4b8bd3c-8a0e-4cc6-b7e6-0374b0604ac7@group-48E4B572E38A-LeaderElection8] INFO  impl.RoleInfo (RoleInfo.java:updateAndGet(139)) - c4b8bd3c-8a0e-4cc6-b7e6-0374b0604ac7: start c4b8bd3c-8a0e-4cc6-b7e6-0374b0604ac7@group-48E4B572E38A-LeaderStateImpl
2023-08-25 08:51:02,443 [c4b8bd3c-8a0e-4cc6-b7e6-0374b0604ac7@group-48E4B572E38A-LeaderElection8] INFO  segmented.SegmentedRaftLogWorker (SegmentedRaftLogWorker.java:startLogSegment(447)) - c4b8bd3c-8a0e-4cc6-b7e6-0374b0604ac7@group-48E4B572E38A-SegmentedRaftLogWorker: Starting segment from index:0
2023-08-25 08:51:02,445 [c4b8bd3c-8a0e-4cc6-b7e6-0374b0604ac7@group-48E4B572E38A-LeaderElection8] INFO  server.RaftServer$Division (ServerState.java:setRaftConf(434)) - c4b8bd3c-8a0e-4cc6-b7e6-0374b0604ac7@group-48E4B572E38A: set configuration 0: peers:[c4b8bd3c-8a0e-4cc6-b7e6-0374b0604ac7|rpc:10.1.0.19:15041|admin:10.1.0.19:15040|client:10.1.0.19:15039|dataStream:10.1.0.19:15042|priority:1|startupRole:FOLLOWER]|listeners:[], old=null
2023-08-25 08:51:02,445 [c4b8bd3c-8a0e-4cc6-b7e6-0374b0604ac7@group-48E4B572E38A-SegmentedRaftLogWorker] INFO  segmented.SegmentedRaftLogWorker (SegmentedRaftLogWorker.java:execute(651)) - c4b8bd3c-8a0e-4cc6-b7e6-0374b0604ac7@group-48E4B572E38A-SegmentedRaftLogWorker: created new log segment /home/runner/work/ozone/ozone/hadoop-ozone/integration-test/target/test-dir/MiniOzoneClusterImpl-289e54f1-59ef-4028-876b-aa1b67627a4d/datanode-3/data/ratis/67f21b19-25d2-4ed2-bba9-48e4b572e38a/current/log_inprogress_0
2023-08-25 08:51:02,501 [Time-limited test] INFO  ozone.MiniOzoneClusterImpl (MiniOzoneClusterImpl.java:lambda$waitForClusterToBeReady$0(224)) - Nodes are ready. Got 5 of 5 DN Heartbeats.
2023-08-25 08:51:02,501 [Time-limited test] INFO  ozone.MiniOzoneClusterImpl (MiniOzoneClusterImpl.java:lambda$waitForClusterToBeReady$0(227)) - Cluster exits safe mode
2023-08-25 08:51:02,501 [Time-limited test] INFO  ozone.MiniOzoneClusterImpl (MiniOzoneClusterImpl.java:lambda$waitForClusterToBeReady$0(229)) - SCM became leader
2023-08-25 08:51:02,597 [6a4c8060-cde6-48cd-aea7-c757cfe8808e@group-AD3574C5ACD4-FollowerState] INFO  impl.FollowerState (FollowerState.java:run(143)) - 6a4c8060-cde6-48cd-aea7-c757cfe8808e@group-AD3574C5ACD4-FollowerState: change to CANDIDATE, lastRpcElapsedTime:5048275431ns, electionTimeout:5044ms
2023-08-25 08:51:02,597 [6a4c8060-cde6-48cd-aea7-c757cfe8808e@group-AD3574C5ACD4-FollowerState] INFO  impl.RoleInfo (RoleInfo.java:shutdownFollowerState(110)) - 6a4c8060-cde6-48cd-aea7-c757cfe8808e: shutdown 6a4c8060-cde6-48cd-aea7-c757cfe8808e@group-AD3574C5ACD4-FollowerState
2023-08-25 08:51:02,597 [6a4c8060-cde6-48cd-aea7-c757cfe8808e@group-AD3574C5ACD4-FollowerState] INFO  server.RaftServer$Division (RaftServerImpl.java:setRole(329)) - 6a4c8060-cde6-48cd-aea7-c757cfe8808e@group-AD3574C5ACD4: changes role from  FOLLOWER to CANDIDATE at term 0 for changeToCandidate
2023-08-25 08:51:02,600 [6a4c8060-cde6-48cd-aea7-c757cfe8808e@group-AD3574C5ACD4-FollowerState] INFO  server.RaftServerConfigKeys (ConfUtils.java:logGet(46)) - raft.server.leaderelection.pre-vote = true (default)
2023-08-25 08:51:02,600 [6a4c8060-cde6-48cd-aea7-c757cfe8808e@group-AD3574C5ACD4-FollowerState] INFO  impl.RoleInfo (RoleInfo.java:updateAndGet(139)) - 6a4c8060-cde6-48cd-aea7-c757cfe8808e: start 6a4c8060-cde6-48cd-aea7-c757cfe8808e@group-AD3574C5ACD4-LeaderElection9
2023-08-25 08:51:02,606 [6a4c8060-cde6-48cd-aea7-c757cfe8808e@group-AD3574C5ACD4-LeaderElection9] INFO  impl.LeaderElection (LeaderElection.java:askForVotes(321)) - 6a4c8060-cde6-48cd-aea7-c757cfe8808e@group-AD3574C5ACD4-LeaderElection9 PRE_VOTE round 0: submit vote requests at term 0 for -1: peers:[6a4c8060-cde6-48cd-aea7-c757cfe8808e|rpc:10.1.0.19:15050|admin:10.1.0.19:15049|client:10.1.0.19:15048|dataStream:10.1.0.19:15051|priority:1|startupRole:FOLLOWER]|listeners:[], old=null
2023-08-25 08:51:02,606 [6a4c8060-cde6-48cd-aea7-c757cfe8808e@group-AD3574C5ACD4-LeaderElection9] INFO  impl.LeaderElection (LeaderElection.java:askForVotes(323)) - 6a4c8060-cde6-48cd-aea7-c757cfe8808e@group-AD3574C5ACD4-LeaderElection9 PRE_VOTE round 0: result PASSED (term=0)
2023-08-25 08:51:02,608 [6a4c8060-cde6-48cd-aea7-c757cfe8808e@group-AD3574C5ACD4-LeaderElection9] INFO  impl.LeaderElection (LeaderElection.java:askForVotes(321)) - 6a4c8060-cde6-48cd-aea7-c757cfe8808e@group-AD3574C5ACD4-LeaderElection9 ELECTION round 0: submit vote requests at term 1 for -1: peers:[6a4c8060-cde6-48cd-aea7-c757cfe8808e|rpc:10.1.0.19:15050|admin:10.1.0.19:15049|client:10.1.0.19:15048|dataStream:10.1.0.19:15051|priority:1|startupRole:FOLLOWER]|listeners:[], old=null
2023-08-25 08:51:02,608 [6a4c8060-cde6-48cd-aea7-c757cfe8808e@group-AD3574C5ACD4-LeaderElection9] INFO  impl.LeaderElection (LeaderElection.java:askForVotes(323)) - 6a4c8060-cde6-48cd-aea7-c757cfe8808e@group-AD3574C5ACD4-LeaderElection9 ELECTION round 0: result PASSED (term=1)
2023-08-25 08:51:02,608 [6a4c8060-cde6-48cd-aea7-c757cfe8808e@group-AD3574C5ACD4-LeaderElection9] INFO  impl.RoleInfo (RoleInfo.java:shutdownLeaderElection(130)) - 6a4c8060-cde6-48cd-aea7-c757cfe8808e: shutdown 6a4c8060-cde6-48cd-aea7-c757cfe8808e@group-AD3574C5ACD4-LeaderElection9
2023-08-25 08:51:02,608 [6a4c8060-cde6-48cd-aea7-c757cfe8808e@group-AD3574C5ACD4-LeaderElection9] INFO  server.RaftServer$Division (RaftServerImpl.java:setRole(329)) - 6a4c8060-cde6-48cd-aea7-c757cfe8808e@group-AD3574C5ACD4: changes role from CANDIDATE to LEADER at term 1 for changeToLeader
2023-08-25 08:51:02,608 [6a4c8060-cde6-48cd-aea7-c757cfe8808e@group-AD3574C5ACD4-LeaderElection9] INFO  ratis.XceiverServerRatis (XceiverServerRatis.java:handleLeaderChangedNotification(902)) - Leader change notification received for group: group-AD3574C5ACD4 with new leaderId: 6a4c8060-cde6-48cd-aea7-c757cfe8808e
2023-08-25 08:51:02,609 [6a4c8060-cde6-48cd-aea7-c757cfe8808e@group-AD3574C5ACD4-LeaderElection9] INFO  server.RaftServer$Division (ServerState.java:setLeader(317)) - 6a4c8060-cde6-48cd-aea7-c757cfe8808e@group-AD3574C5ACD4: change Leader from null to 6a4c8060-cde6-48cd-aea7-c757cfe8808e at term 1 for becomeLeader, leader elected after 5095ms
2023-08-25 08:51:02,609 [6a4c8060-cde6-48cd-aea7-c757cfe8808e@group-AD3574C5ACD4-LeaderElection9] INFO  server.RaftServerConfigKeys (ConfUtils.java:logGet(46)) - raft.server.staging.catchup.gap = 1000 (default)
2023-08-25 08:51:02,609 [6a4c8060-cde6-48cd-aea7-c757cfe8808e@group-AD3574C5ACD4-LeaderElection9] INFO  server.RaftServerConfigKeys (ConfUtils.java:logGet(46)) - raft.server.write.element-limit = 1024 (custom)
2023-08-25 08:51:02,609 [6a4c8060-cde6-48cd-aea7-c757cfe8808e@group-AD3574C5ACD4-LeaderElection9] INFO  server.RaftServerConfigKeys (ConfUtils.java:logGet(46)) - raft.server.write.byte-limit = 1024 M (=1073741824) (custom)
2023-08-25 08:51:02,610 [6a4c8060-cde6-48cd-aea7-c757cfe8808e@group-AD3574C5ACD4-LeaderElection9] INFO  server.RaftServerConfigKeys (ConfUtils.java:logGet(46)) - raft.server.watch.timeout = 180s (custom)
2023-08-25 08:51:02,610 [6a4c8060-cde6-48cd-aea7-c757cfe8808e@group-AD3574C5ACD4-LeaderElection9] INFO  server.RaftServerConfigKeys (ConfUtils.java:logGet(46)) - raft.server.watch.timeout.denomination = 1s (default)
2023-08-25 08:51:02,610 [6a4c8060-cde6-48cd-aea7-c757cfe8808e@group-AD3574C5ACD4-LeaderElection9] INFO  server.RaftServerConfigKeys (ConfUtils.java:logGet(46)) - raft.server.watch.element-limit = 65536 (default)
2023-08-25 08:51:02,610 [6a4c8060-cde6-48cd-aea7-c757cfe8808e@group-AD3574C5ACD4-LeaderElection9] INFO  server.RaftServerConfigKeys (ConfUtils.java:logGet(46)) - raft.server.write.element-limit = 1024 (custom)
2023-08-25 08:51:02,610 [6a4c8060-cde6-48cd-aea7-c757cfe8808e@group-AD3574C5ACD4-LeaderElection9] INFO  server.RaftServerConfigKeys (ConfUtils.java:logGet(46)) - raft.server.write.follower.gap.ratio.max = -1.0 (default)
2023-08-25 08:51:02,610 [6a4c8060-cde6-48cd-aea7-c757cfe8808e@group-AD3574C5ACD4-LeaderElection9] INFO  impl.RoleInfo (RoleInfo.java:updateAndGet(139)) - 6a4c8060-cde6-48cd-aea7-c757cfe8808e: start 6a4c8060-cde6-48cd-aea7-c757cfe8808e@group-AD3574C5ACD4-LeaderStateImpl
2023-08-25 08:51:02,611 [6a4c8060-cde6-48cd-aea7-c757cfe8808e@group-AD3574C5ACD4-LeaderElection9] INFO  segmented.SegmentedRaftLogWorker (SegmentedRaftLogWorker.java:startLogSegment(447)) - 6a4c8060-cde6-48cd-aea7-c757cfe8808e@group-AD3574C5ACD4-SegmentedRaftLogWorker: Starting segment from index:0
2023-08-25 08:51:02,614 [6a4c8060-cde6-48cd-aea7-c757cfe8808e@group-AD3574C5ACD4-LeaderElection9] INFO  server.RaftServer$Division (ServerState.java:setRaftConf(434)) - 6a4c8060-cde6-48cd-aea7-c757cfe8808e@group-AD3574C5ACD4: set configuration 0: peers:[6a4c8060-cde6-48cd-aea7-c757cfe8808e|rpc:10.1.0.19:15050|admin:10.1.0.19:15049|client:10.1.0.19:15048|dataStream:10.1.0.19:15051|priority:1|startupRole:FOLLOWER]|listeners:[], old=null
2023-08-25 08:51:02,616 [6a4c8060-cde6-48cd-aea7-c757cfe8808e@group-AD3574C5ACD4-SegmentedRaftLogWorker] INFO  segmented.SegmentedRaftLogWorker (SegmentedRaftLogWorker.java:execute(651)) - 6a4c8060-cde6-48cd-aea7-c757cfe8808e@group-AD3574C5ACD4-SegmentedRaftLogWorker: created new log segment /home/runner/work/ozone/ozone/hadoop-ozone/integration-test/target/test-dir/MiniOzoneClusterImpl-289e54f1-59ef-4028-876b-aa1b67627a4d/datanode-4/data/ratis/0745cb0a-31a2-4b69-b7e9-ad3574c5acd4/current/log_inprogress_0
2023-08-25 08:51:02,785 [ReplicationMonitor] INFO  replication.ReplicationManager (ReplicationManager.java:processAll(361)) - Replication Manager is not ready to run until 3000ms after safemode exit
2023-08-25 08:51:03,082 [Time-limited test] INFO  rpc.RpcClient (RpcClient.java:createVolume(461)) - Creating Volume: vol1, with runner as owner and space quota set to -1 bytes, counts quota set to -1
2023-08-25 08:51:03,142 [OM StateMachine ApplyTransaction Thread - 0] INFO  volume.OMVolumeCreateRequest (OMVolumeCreateRequest.java:validateAndUpdateCache(196)) - created volume:vol1 for user:runner
2023-08-25 08:51:03,171 [Time-limited test] INFO  rpc.RpcClient (RpcClient.java:createBucket(688)) - Creating Bucket: vol1/bucket1, with server-side default bucket layout, runner as owner, Versioning false, Storage Type set to DISK and Encryption set to false, Replication Type set to server-side default replication type, Namespace Quota set to -1, Space Quota set to -1 
2023-08-25 08:51:03,189 [OM StateMachine ApplyTransaction Thread - 0] INFO  bucket.OMBucketCreateRequest (OMBucketCreateRequest.java:validateAndUpdateCache(270)) - created bucket: bucket1 of layout FILE_SYSTEM_OPTIMIZED in volume: vol1
2023-08-25 08:51:03,267 [IPC Server handler 4 on default port 15001] INFO  ha.SequenceIdGenerator (SequenceIdGenerator.java:getNextId(140)) - Allocate a batch for containerId, change lastId from 0 to 1000.
2023-08-25 08:51:03,277 [IPC Server handler 4 on default port 15001] WARN  ha.SequenceIdGenerator (SequenceIdGenerator.java:allocateBatch(253)) - Failed to allocate a batch for localId, expected lastId is 0, actual lastId is 111677748019200000.
2023-08-25 08:51:03,278 [IPC Server handler 4 on default port 15001] INFO  ha.SequenceIdGenerator (SequenceIdGenerator.java:getNextId(140)) - Allocate a batch for localId, change lastId from 111677748019200000 to 111677748019201000.
2023-08-25 08:51:03,380 [Time-limited test] INFO  impl.MetricsSystemImpl (MetricsSystemImpl.java:init(158)) - XceiverClientMetrics metrics system started (again)
2023-08-25 08:51:03,381 [Time-limited test] INFO  lib.Interns (Interns.java:removeEldestEntry(50)) - Metrics intern cache overflow at 2011 for MetricsSystem={MetricsSystem=MetricsInfoImpl{name=MetricsSystem, description=MetricsSystem}, MetricsSystem record=MetricsInfoImpl{name=MetricsSystem, description=MetricsSystem record}}
2023-08-25 08:51:03,786 [ReplicationMonitor] INFO  replication.ReplicationManager (ReplicationManager.java:processAll(361)) - Replication Manager is not ready to run until 3000ms after safemode exit
2023-08-25 08:51:04,263 [EventQueue-CloseContainerForCloseContainerEventHandler] INFO  container.CloseContainerEventHandler (CloseContainerEventHandler.java:onMessage(88)) - Close container Event triggered for container : #1, current state: OPEN
2023-08-25 08:51:04,269 [EventQueue-CloseContainerForCloseContainerEventHandler] INFO  container.CloseContainerEventHandler (CloseContainerEventHandler.java:onMessage(88)) - Close container Event triggered for container : #1, current state: CLOSING
2023-08-25 08:51:04,270 [EventQueue-CloseContainerForCloseContainerEventHandler] INFO  container.CloseContainerEventHandler (CloseContainerEventHandler.java:onMessage(88)) - Close container Event triggered for container : #1, current state: CLOSING
2023-08-25 08:51:04,786 [ReplicationMonitor] INFO  replication.ReplicationManager (ReplicationManager.java:processAll(361)) - Replication Manager is not ready to run until 3000ms after safemode exit
2023-08-25 08:51:05,789 [ReplicationMonitor] INFO  replication.ReplicationManager (ReplicationManager.java:sendDatanodeCommand(669)) - Sending command [closeContainerCommand: containerID: 1, pipelineID: PipelineID=e6baba83-e974-44b0-98a4-72f7012c4762, force: false] for container ContainerInfo{id=#1, state=CLOSING, stateEnterTime=2023-08-25T08:51:04.265Z, pipelineID=PipelineID=e6baba83-e974-44b0-98a4-72f7012c4762, owner=om1} to 5e5d2cfb-a693-459c-b621-520c42fdac66(fv-az584-689.msjcyvhqqs1uvpg4fm53wptgqc.jx.internal.cloudapp.net/10.1.0.19) with datanode deadline 1692954035788 and scm deadline 1692954065788
2023-08-25 08:51:05,789 [ReplicationMonitor] INFO  replication.ReplicationManager (ReplicationManager.java:sendDatanodeCommand(669)) - Sending command [closeContainerCommand: containerID: 1, pipelineID: PipelineID=e6baba83-e974-44b0-98a4-72f7012c4762, force: false] for container ContainerInfo{id=#1, state=CLOSING, stateEnterTime=2023-08-25T08:51:04.265Z, pipelineID=PipelineID=e6baba83-e974-44b0-98a4-72f7012c4762, owner=om1} to 6f59ded9-1d69-4648-a4a5-1116b15843fb(fv-az584-689.msjcyvhqqs1uvpg4fm53wptgqc.jx.internal.cloudapp.net/10.1.0.19) with datanode deadline 1692954035789 and scm deadline 1692954065789
2023-08-25 08:51:05,789 [ReplicationMonitor] INFO  replication.ReplicationManager (ReplicationManager.java:sendDatanodeCommand(669)) - Sending command [closeContainerCommand: containerID: 1, pipelineID: PipelineID=e6baba83-e974-44b0-98a4-72f7012c4762, force: false] for container ContainerInfo{id=#1, state=CLOSING, stateEnterTime=2023-08-25T08:51:04.265Z, pipelineID=PipelineID=e6baba83-e974-44b0-98a4-72f7012c4762, owner=om1} to 722a3cfd-0cb3-45bd-9dad-85df9dd4c55e(fv-az584-689.msjcyvhqqs1uvpg4fm53wptgqc.jx.internal.cloudapp.net/10.1.0.19) with datanode deadline 1692954035789 and scm deadline 1692954065789
2023-08-25 08:51:05,789 [ReplicationMonitor] INFO  replication.ReplicationManager (ReplicationManager.java:processAll(389)) - Replication Monitor Thread took 3 milliseconds for processing 1 containers.
2023-08-25 08:51:06,646 [ContainerOp-e6baba83-e974-44b0-98a4-72f7012c4762-2] INFO  keyvalue.KeyValueContainer (KeyValueContainer.java:flushAndSyncDB(484)) - Container 1 is synced with bcsId 2.
2023-08-25 08:51:06,646 [ContainerOp-e6baba83-e974-44b0-98a4-72f7012c4762-2] INFO  keyvalue.KeyValueContainer (KeyValueContainer.java:flushAndSyncDB(484)) - Container 1 is synced with bcsId 2.
2023-08-25 08:51:06,651 [ContainerOp-e6baba83-e974-44b0-98a4-72f7012c4762-2] INFO  keyvalue.KeyValueContainer (KeyValueContainer.java:close(399)) - Container 1 is closed with bcsId 2.
2023-08-25 08:51:06,656 [FixedThreadPoolWithAffinityExecutor-8-0] INFO  container.IncrementalContainerReportHandler (AbstractContainerReportHandler.java:updateContainerState(312)) - Moving container #1 to CLOSED state, datanode 6f59ded9-1d69-4648-a4a5-1116b15843fb(fv-az584-689.msjcyvhqqs1uvpg4fm53wptgqc.jx.internal.cloudapp.net/10.1.0.19) reported CLOSED replica with index 0.
2023-08-25 08:51:06,660 [ContainerOp-e6baba83-e974-44b0-98a4-72f7012c4762-2] INFO  keyvalue.KeyValueContainer (KeyValueContainer.java:flushAndSyncDB(484)) - Container 1 is synced with bcsId 2.
2023-08-25 08:51:06,662 [ContainerOp-e6baba83-e974-44b0-98a4-72f7012c4762-2] INFO  keyvalue.KeyValueContainer (KeyValueContainer.java:flushAndSyncDB(484)) - Container 1 is synced with bcsId 2.
2023-08-25 08:51:06,669 [ContainerOp-e6baba83-e974-44b0-98a4-72f7012c4762-2] INFO  keyvalue.KeyValueContainer (KeyValueContainer.java:flushAndSyncDB(484)) - Container 1 is synced with bcsId 2.
2023-08-25 08:51:06,669 [ContainerOp-e6baba83-e974-44b0-98a4-72f7012c4762-2] INFO  keyvalue.KeyValueContainer (KeyValueContainer.java:flushAndSyncDB(484)) - Container 1 is synced with bcsId 2.
2023-08-25 08:51:06,671 [ContainerOp-e6baba83-e974-44b0-98a4-72f7012c4762-2] INFO  keyvalue.KeyValueContainer (KeyValueContainer.java:close(399)) - Container 1 is closed with bcsId 2.
2023-08-25 08:51:06,680 [ContainerOp-e6baba83-e974-44b0-98a4-72f7012c4762-2] INFO  keyvalue.KeyValueContainer (KeyValueContainer.java:close(399)) - Container 1 is closed with bcsId 2.
2023-08-25 08:51:06,767 [Time-limited test] INFO  ozoneimpl.OzoneContainer (OzoneContainer.java:stop(451)) - Attempting to stop container services.
2023-08-25 08:51:06,774 [Time-limited test] INFO  server.RaftServer (RaftServerProxy.java:lambda$close$6(416)) - 6f59ded9-1d69-4648-a4a5-1116b15843fb: close
2023-08-25 08:51:06,775 [6f59ded9-1d69-4648-a4a5-1116b15843fb-impl-thread1] INFO  server.RaftServer$Division (RaftServerImpl.java:lambda$close$4(466)) - 6f59ded9-1d69-4648-a4a5-1116b15843fb@group-72F7012C4762: shutdown
2023-08-25 08:51:06,775 [6f59ded9-1d69-4648-a4a5-1116b15843fb-impl-thread1] INFO  util.JmxRegister (JmxRegister.java:unregister(73)) - Successfully un-registered JMX Bean with object name Ratis:service=RaftServer,group=group-72F7012C4762,id=6f59ded9-1d69-4648-a4a5-1116b15843fb
2023-08-25 08:51:06,775 [6f59ded9-1d69-4648-a4a5-1116b15843fb-impl-thread1] INFO  impl.RoleInfo (RoleInfo.java:shutdownLeaderState(93)) - 6f59ded9-1d69-4648-a4a5-1116b15843fb: shutdown 6f59ded9-1d69-4648-a4a5-1116b15843fb@group-72F7012C4762-LeaderStateImpl
2023-08-25 08:51:06,776 [6f59ded9-1d69-4648-a4a5-1116b15843fb@group-72F7012C4762->722a3cfd-0cb3-45bd-9dad-85df9dd4c55e-GrpcLogAppender-LogAppenderDaemon] WARN  server.GrpcLogAppender (GrpcLogAppender.java:mayWait(199)) - 6f59ded9-1d69-4648-a4a5-1116b15843fb@group-72F7012C4762->722a3cfd-0cb3-45bd-9dad-85df9dd4c55e-GrpcLogAppender: Wait interrupted by java.lang.InterruptedException
2023-08-25 08:51:06,776 [6f59ded9-1d69-4648-a4a5-1116b15843fb-impl-thread1] INFO  impl.PendingRequests (PendingRequests.java:sendNotLeaderResponses(289)) - 6f59ded9-1d69-4648-a4a5-1116b15843fb@group-72F7012C4762-PendingRequests: sendNotLeaderResponses
2023-08-25 08:51:06,776 [6f59ded9-1d69-4648-a4a5-1116b15843fb@group-72F7012C4762->5e5d2cfb-a693-459c-b621-520c42fdac66-GrpcLogAppender-LogAppenderDaemon] WARN  server.GrpcLogAppender (GrpcLogAppender.java:mayWait(199)) - 6f59ded9-1d69-4648-a4a5-1116b15843fb@group-72F7012C4762->5e5d2cfb-a693-459c-b621-520c42fdac66-GrpcLogAppender: Wait interrupted by java.lang.InterruptedException
2023-08-25 08:51:06,779 [grpc-default-executor-5] INFO  server.GrpcServerProtocolService (GrpcServerProtocolService.java:onCompleted(155)) - 5e5d2cfb-a693-459c-b621-520c42fdac66: Completed APPEND_ENTRIES, lastRequest: null
2023-08-25 08:51:06,779 [grpc-default-executor-3] INFO  server.GrpcServerProtocolService (GrpcServerProtocolService.java:onCompleted(155)) - 722a3cfd-0cb3-45bd-9dad-85df9dd4c55e: Completed APPEND_ENTRIES, lastRequest: null
2023-08-25 08:51:06,779 [grpc-default-executor-4] INFO  server.GrpcServerProtocolService (GrpcServerProtocolService.java:onCompleted(155)) - 5e5d2cfb-a693-459c-b621-520c42fdac66: Completed APPEND_ENTRIES, lastRequest: 6f59ded9-1d69-4648-a4a5-1116b15843fb->5e5d2cfb-a693-459c-b621-520c42fdac66#14-t1,previous=(t:1, i:5),leaderCommit=5,initializing? true,entries: size=1, first=(t:1, i:6), METADATAENTRY(c:5)
2023-08-25 08:51:06,784 [grpc-default-executor-4] INFO  server.GrpcServerProtocolService (GrpcServerProtocolService.java:lambda$onCompleted$5(157)) - 5e5d2cfb-a693-459c-b621-520c42fdac66: Completed APPEND_ENTRIES, lastReply: null
2023-08-25 08:51:06,785 [grpc-default-executor-5] INFO  server.GrpcServerProtocolService (GrpcServerProtocolService.java:lambda$onCompleted$5(157)) - 5e5d2cfb-a693-459c-b621-520c42fdac66: Completed APPEND_ENTRIES, lastReply: serverReply {
  requestorId: "6f59ded9-1d69-4648-a4a5-1116b15843fb"
  replyId: "5e5d2cfb-a693-459c-b621-520c42fdac66"
  raftGroupId {
    id: "\346\272\272\203\351tD\260\230\244r\367\001,Gb"
  }
  callId: 12
  success: true
}
term: 1
nextIndex: 5
followerCommit: 4
matchIndex: 18446744073709551615
isHearbeat: true

2023-08-25 08:51:06,789 [grpc-default-executor-4] INFO  server.GrpcLogAppender (GrpcLogAppender.java:onCompleted(428)) - 6f59ded9-1d69-4648-a4a5-1116b15843fb@group-72F7012C4762->5e5d2cfb-a693-459c-b621-520c42fdac66-AppendLogResponseHandler: follower responses appendEntries COMPLETED
2023-08-25 08:51:06,792 [grpc-default-executor-4] INFO  leader.FollowerInfo (FollowerInfoImpl.java:lambda$new$0(52)) - 6f59ded9-1d69-4648-a4a5-1116b15843fb@group-72F7012C4762->5e5d2cfb-a693-459c-b621-520c42fdac66: decreaseNextIndex nextIndex: updateUnconditionally 7 -> 6
2023-08-25 08:51:06,794 [ReplicationMonitor] INFO  replication.ReplicationManager (ReplicationManager.java:processAll(389)) - Replication Monitor Thread took 4 milliseconds for processing 1 containers.
2023-08-25 08:51:06,781 [grpc-default-executor-7] INFO  server.GrpcServerProtocolService (GrpcServerProtocolService.java:onCompleted(155)) - 722a3cfd-0cb3-45bd-9dad-85df9dd4c55e: Completed APPEND_ENTRIES, lastRequest: 6f59ded9-1d69-4648-a4a5-1116b15843fb->722a3cfd-0cb3-45bd-9dad-85df9dd4c55e#15-t1,previous=(t:1, i:5),leaderCommit=5,initializing? true,entries: size=1, first=(t:1, i:6), METADATAENTRY(c:5)
2023-08-25 08:51:06,798 [grpc-default-executor-7] INFO  server.GrpcServerProtocolService (GrpcServerProtocolService.java:lambda$onCompleted$5(157)) - 722a3cfd-0cb3-45bd-9dad-85df9dd4c55e: Completed APPEND_ENTRIES, lastReply: null
2023-08-25 08:51:06,798 [6f59ded9-1d69-4648-a4a5-1116b15843fb-impl-thread2] INFO  server.RaftServer$Division (RaftServerImpl.java:lambda$close$4(466)) - 6f59ded9-1d69-4648-a4a5-1116b15843fb@group-32B8677FEACD: shutdown
2023-08-25 08:51:06,798 [6f59ded9-1d69-4648-a4a5-1116b15843fb-impl-thread2] INFO  util.JmxRegister (JmxRegister.java:unregister(73)) - Successfully un-registered JMX Bean with object name Ratis:service=RaftServer,group=group-32B8677FEACD,id=6f59ded9-1d69-4648-a4a5-1116b15843fb
2023-08-25 08:51:06,799 [grpc-default-executor-3] INFO  server.GrpcServerProtocolService (GrpcServerProtocolService.java:lambda$onCompleted$5(157)) - 722a3cfd-0cb3-45bd-9dad-85df9dd4c55e: Completed APPEND_ENTRIES, lastReply: serverReply {
  requestorId: "6f59ded9-1d69-4648-a4a5-1116b15843fb"
  replyId: "722a3cfd-0cb3-45bd-9dad-85df9dd4c55e"
  raftGroupId {
    id: "\346\272\272\203\351tD\260\230\244r\367\001,Gb"
  }
  callId: 13
  success: true
}
term: 1
nextIndex: 5
followerCommit: 4
matchIndex: 18446744073709551615
isHearbeat: true

2023-08-25 08:51:06,799 [grpc-default-executor-4] INFO  server.GrpcLogAppender (GrpcLogAppender.java:onCompleted(428)) - 6f59ded9-1d69-4648-a4a5-1116b15843fb@group-72F7012C4762->722a3cfd-0cb3-45bd-9dad-85df9dd4c55e-AppendLogResponseHandler: follower responses appendEntries COMPLETED
2023-08-25 08:51:06,800 [grpc-default-executor-4] INFO  leader.FollowerInfo (FollowerInfoImpl.java:lambda$new$0(52)) - 6f59ded9-1d69-4648-a4a5-1116b15843fb@group-72F7012C4762->722a3cfd-0cb3-45bd-9dad-85df9dd4c55e: decreaseNextIndex nextIndex: updateUnconditionally 7 -> 6
2023-08-25 08:51:06,800 [6f59ded9-1d69-4648-a4a5-1116b15843fb-impl-thread2] INFO  impl.RoleInfo (RoleInfo.java:shutdownLeaderState(93)) - 6f59ded9-1d69-4648-a4a5-1116b15843fb: shutdown 6f59ded9-1d69-4648-a4a5-1116b15843fb@group-32B8677FEACD-LeaderStateImpl
2023-08-25 08:51:06,812 [6f59ded9-1d69-4648-a4a5-1116b15843fb-impl-thread1] INFO  impl.StateMachineUpdater (StateMachineUpdater.java:stopAndJoin(155)) - 6f59ded9-1d69-4648-a4a5-1116b15843fb@group-72F7012C4762-StateMachineUpdater: set stopIndex = 6
2023-08-25 08:51:06,812 [6f59ded9-1d69-4648-a4a5-1116b15843fb@group-72F7012C4762-StateMachineUpdater] INFO  ratis.ContainerStateMachine (ContainerStateMachine.java:takeSnapshot(330)) - group-72F7012C4762: Taking a snapshot at:(t:1, i:6) file /home/runner/work/ozone/ozone/hadoop-ozone/integration-test/target/test-dir/MiniOzoneClusterImpl-289e54f1-59ef-4028-876b-aa1b67627a4d/datanode-0/data/ratis/e6baba83-e974-44b0-98a4-72f7012c4762/sm/snapshot.1_6
2023-08-25 08:51:06,800 [grpc-default-executor-3] INFO  server.GrpcLogAppender (GrpcLogAppender.java:onCompleted(428)) - 6f59ded9-1d69-4648-a4a5-1116b15843fb@group-72F7012C4762->722a3cfd-0cb3-45bd-9dad-85df9dd4c55e-AppendLogResponseHandler: follower responses appendEntries COMPLETED
2023-08-25 08:51:06,813 [grpc-default-executor-0] INFO  server.GrpcLogAppender (GrpcLogAppender.java:onCompleted(428)) - 6f59ded9-1d69-4648-a4a5-1116b15843fb@group-72F7012C4762->5e5d2cfb-a693-459c-b621-520c42fdac66-AppendLogResponseHandler: follower responses appendEntries COMPLETED
2023-08-25 08:51:06,814 [Time-limited test] INFO  server.GrpcService (GrpcService.java:closeImpl(311)) - 6f59ded9-1d69-4648-a4a5-1116b15843fb: shutdown server org.apache.ratis.grpc.server.GrpcClientProtocolService now
2023-08-25 08:51:06,815 [6f59ded9-1d69-4648-a4a5-1116b15843fb-impl-thread3] INFO  server.RaftServer$Division (RaftServerImpl.java:lambda$close$4(466)) - 6f59ded9-1d69-4648-a4a5-1116b15843fb@group-2A842429A16A: shutdown
2023-08-25 08:51:06,819 [6f59ded9-1d69-4648-a4a5-1116b15843fb-impl-thread3] INFO  util.JmxRegister (JmxRegister.java:unregister(73)) - Successfully un-registered JMX Bean with object name Ratis:service=RaftServer,group=group-2A842429A16A,id=6f59ded9-1d69-4648-a4a5-1116b15843fb
2023-08-25 08:51:06,819 [6f59ded9-1d69-4648-a4a5-1116b15843fb-impl-thread3] INFO  impl.RoleInfo (RoleInfo.java:shutdownFollowerState(110)) - 6f59ded9-1d69-4648-a4a5-1116b15843fb: shutdown 6f59ded9-1d69-4648-a4a5-1116b15843fb@group-2A842429A16A-FollowerState
2023-08-25 08:51:06,812 [6f59ded9-1d69-4648-a4a5-1116b15843fb-impl-thread2] INFO  impl.PendingRequests (PendingRequests.java:sendNotLeaderResponses(289)) - 6f59ded9-1d69-4648-a4a5-1116b15843fb@group-32B8677FEACD-PendingRequests: sendNotLeaderResponses
2023-08-25 08:51:06,813 [grpc-default-executor-0] INFO  leader.FollowerInfo (FollowerInfoImpl.java:lambda$new$0(52)) - 6f59ded9-1d69-4648-a4a5-1116b15843fb@group-72F7012C4762->5e5d2cfb-a693-459c-b621-520c42fdac66: decreaseNextIndex nextIndex: updateUnconditionally 6 -> 5
2023-08-25 08:51:06,813 [grpc-default-executor-3] INFO  leader.FollowerInfo (FollowerInfoImpl.java:lambda$new$0(52)) - 6f59ded9-1d69-4648-a4a5-1116b15843fb@group-72F7012C4762->722a3cfd-0cb3-45bd-9dad-85df9dd4c55e: decreaseNextIndex nextIndex: updateUnconditionally 6 -> 5
2023-08-25 08:51:06,820 [6f59ded9-1d69-4648-a4a5-1116b15843fb@group-32B8677FEACD-StateMachineUpdater] INFO  ratis.ContainerStateMachine (ContainerStateMachine.java:takeSnapshot(330)) - group-32B8677FEACD: Taking a snapshot at:(t:1, i:0) file /home/runner/work/ozone/ozone/hadoop-ozone/integration-test/target/test-dir/MiniOzoneClusterImpl-289e54f1-59ef-4028-876b-aa1b67627a4d/datanode-0/data/ratis/761ab50f-7aa3-4294-82e9-32b8677feacd/sm/snapshot.1_0
2023-08-25 08:51:06,822 [6f59ded9-1d69-4648-a4a5-1116b15843fb@group-2A842429A16A-FollowerState] INFO  impl.FollowerState (FollowerState.java:run(152)) - 6f59ded9-1d69-4648-a4a5-1116b15843fb@group-2A842429A16A-FollowerState was interrupted
2023-08-25 08:51:06,833 [Thread-402] INFO  server.GrpcServerProtocolClient (GrpcServerProtocolClient.java:close(103)) - 722a3cfd-0cb3-45bd-9dad-85df9dd4c55e Close channels
2023-08-25 08:51:06,822 [6f59ded9-1d69-4648-a4a5-1116b15843fb-impl-thread3] INFO  impl.StateMachineUpdater (StateMachineUpdater.java:stopAndJoin(155)) - 6f59ded9-1d69-4648-a4a5-1116b15843fb@group-2A842429A16A-StateMachineUpdater: set stopIndex = 0
2023-08-25 08:51:06,820 [6f59ded9-1d69-4648-a4a5-1116b15843fb-impl-thread2] INFO  impl.StateMachineUpdater (StateMachineUpdater.java:stopAndJoin(155)) - 6f59ded9-1d69-4648-a4a5-1116b15843fb@group-32B8677FEACD-StateMachineUpdater: set stopIndex = 0
2023-08-25 08:51:06,834 [6f59ded9-1d69-4648-a4a5-1116b15843fb@group-2A842429A16A-StateMachineUpdater] INFO  ratis.ContainerStateMachine (ContainerStateMachine.java:takeSnapshot(330)) - group-2A842429A16A: Taking a snapshot at:(t:1, i:0) file /home/runner/work/ozone/ozone/hadoop-ozone/integration-test/target/test-dir/MiniOzoneClusterImpl-289e54f1-59ef-4028-876b-aa1b67627a4d/datanode-0/data/ratis/809e3c79-4f70-494e-a9e8-2a842429a16a/sm/snapshot.1_0
2023-08-25 08:51:06,838 [Thread-404] INFO  server.GrpcServerProtocolClient (GrpcServerProtocolClient.java:close(103)) - 5e5d2cfb-a693-459c-b621-520c42fdac66 Close channels
2023-08-25 08:51:06,845 [Time-limited test] INFO  server.GrpcService (GrpcService.java:closeImpl(320)) - 6f59ded9-1d69-4648-a4a5-1116b15843fb: shutdown server org.apache.ratis.grpc.server.GrpcClientProtocolService successfully
2023-08-25 08:51:06,845 [Time-limited test] INFO  server.GrpcService (GrpcService.java:closeImpl(311)) - 6f59ded9-1d69-4648-a4a5-1116b15843fb: shutdown server GrpcServerProtocolService now
2023-08-25 08:51:06,852 [grpc-default-executor-0] WARN  server.GrpcServerProtocolService (LogUtils.java:warn(122)) - 6f59ded9-1d69-4648-a4a5-1116b15843fb: APPEND_ENTRIES onError, lastRequest: null: org.apache.ratis.thirdparty.io.grpc.StatusRuntimeException: CANCELLED: client cancelled
2023-08-25 08:51:06,853 [grpc-default-executor-4] WARN  server.GrpcLogAppender (LogUtils.java:warn(122)) - 722a3cfd-0cb3-45bd-9dad-85df9dd4c55e@group-2A842429A16A->6f59ded9-1d69-4648-a4a5-1116b15843fb-AppendLogResponseHandler: Failed appendEntries: org.apache.ratis.thirdparty.io.grpc.StatusRuntimeException: CANCELLED: RST_STREAM closed stream. HTTP/2 error code: CANCEL
2023-08-25 08:51:06,853 [grpc-default-executor-6] WARN  server.GrpcServerProtocolService (LogUtils.java:warn(122)) - 6f59ded9-1d69-4648-a4a5-1116b15843fb: APPEND_ENTRIES onError, lastRequest: 722a3cfd-0cb3-45bd-9dad-85df9dd4c55e->6f59ded9-1d69-4648-a4a5-1116b15843fb#1-t1,previous=(t:0, i:0),leaderCommit=-1,initializing? true,entries: size=1, first=(t:1, i:0), CONFIGURATIONENTRY(current:id: "722a3cfd-0cb3-45bd-9dad-85df9dd4c55e"
address: "10.1.0.19:15032"
priority: 1
dataStreamAddress: "10.1.0.19:15033"
clientAddress: "10.1.0.19:15030"
adminAddress: "10.1.0.19:15031"
startupRole: FOLLOWER
,id: "6f59ded9-1d69-4648-a4a5-1116b15843fb"
address: "10.1.0.19:15014"
dataStreamAddress: "10.1.0.19:15015"
clientAddress: "10.1.0.19:15012"
adminAddress: "10.1.0.19:15013"
startupRole: FOLLOWER
,id: "5e5d2cfb-a693-459c-b621-520c42fdac66"
address: "10.1.0.19:15023"
dataStreamAddress: "10.1.0.19:15024"
clientAddress: "10.1.0.19:15021"
adminAddress: "10.1.0.19:15022"
startupRole: FOLLOWER
, old:): org.apache.ratis.thirdparty.io.grpc.StatusRuntimeException: CANCELLED: client cancelled
2023-08-25 08:51:06,853 [grpc-default-executor-4] WARN  server.GrpcLogAppender (GrpcLogAppender.java:resetClient(128)) - 722a3cfd-0cb3-45bd-9dad-85df9dd4c55e@group-2A842429A16A->6f59ded9-1d69-4648-a4a5-1116b15843fb-GrpcLogAppender: Follower failed when matchIndex == 0,  keep nextIndex (1) unchanged and retry.
2023-08-25 08:51:06,862 [grpc-default-executor-2] WARN  server.GrpcLogAppender (LogUtils.java:warn(122)) - 722a3cfd-0cb3-45bd-9dad-85df9dd4c55e@group-2A842429A16A->6f59ded9-1d69-4648-a4a5-1116b15843fb-AppendLogResponseHandler: Failed appendEntries: org.apache.ratis.thirdparty.io.grpc.StatusRuntimeException: CANCELLED: RST_STREAM closed stream. HTTP/2 error code: CANCEL
2023-08-25 08:51:06,862 [grpc-default-executor-2] WARN  server.GrpcLogAppender (GrpcLogAppender.java:resetClient(128)) - 722a3cfd-0cb3-45bd-9dad-85df9dd4c55e@group-2A842429A16A->6f59ded9-1d69-4648-a4a5-1116b15843fb-GrpcLogAppender: Follower failed when matchIndex == 0,  keep nextIndex (1) unchanged and retry.
2023-08-25 08:51:06,862 [Time-limited test] INFO  server.GrpcService (GrpcService.java:closeImpl(320)) - 6f59ded9-1d69-4648-a4a5-1116b15843fb: shutdown server GrpcServerProtocolService successfully
2023-08-25 08:51:06,862 [Time-limited test] INFO  server.GrpcService (GrpcService.java:closeImpl(311)) - 6f59ded9-1d69-4648-a4a5-1116b15843fb: shutdown server org.apache.ratis.grpc.server.GrpcAdminProtocolService now
2023-08-25 08:51:06,869 [Time-limited test] INFO  server.GrpcService (GrpcService.java:closeImpl(320)) - 6f59ded9-1d69-4648-a4a5-1116b15843fb: shutdown server org.apache.ratis.grpc.server.GrpcAdminProtocolService successfully
2023-08-25 08:51:06,875 [6f59ded9-1d69-4648-a4a5-1116b15843fb-NettyServerStreamRpc-bossGroup--thread1] INFO  logging.LoggingHandler (AbstractInternalLogger.java:log(148)) - [id: 0x710ce745, L:/0:0:0:0:0:0:0:0:15015] CLOSE
2023-08-25 08:51:06,875 [6f59ded9-1d69-4648-a4a5-1116b15843fb-NettyServerStreamRpc-bossGroup--thread1] INFO  logging.LoggingHandler (AbstractInternalLogger.java:log(148)) - [id: 0x710ce745, L:/0:0:0:0:0:0:0:0:15015] INACTIVE
2023-08-25 08:51:06,875 [6f59ded9-1d69-4648-a4a5-1116b15843fb-NettyServerStreamRpc-bossGroup--thread1] INFO  logging.LoggingHandler (AbstractInternalLogger.java:log(148)) - [id: 0x710ce745, L:/0:0:0:0:0:0:0:0:15015] UNREGISTERED
2023-08-25 08:51:06,877 [6f59ded9-1d69-4648-a4a5-1116b15843fb@group-2A842429A16A-StateMachineUpdater] INFO  ratis.ContainerStateMachine (ContainerStateMachine.java:takeSnapshot(341)) - group-2A842429A16A: Finished taking a snapshot at:(t:1, i:0) file:/home/runner/work/ozone/ozone/hadoop-ozone/integration-test/target/test-dir/MiniOzoneClusterImpl-289e54f1-59ef-4028-876b-aa1b67627a4d/datanode-0/data/ratis/809e3c79-4f70-494e-a9e8-2a842429a16a/sm/snapshot.1_0 took: 42 ms
2023-08-25 08:51:06,879 [6f59ded9-1d69-4648-a4a5-1116b15843fb@group-2A842429A16A-StateMachineUpdater] INFO  impl.StateMachineUpdater (StateMachineUpdater.java:takeSnapshot(291)) - 6f59ded9-1d69-4648-a4a5-1116b15843fb@group-2A842429A16A-StateMachineUpdater: Took a snapshot at index 0
2023-08-25 08:51:06,879 [6f59ded9-1d69-4648-a4a5-1116b15843fb@group-2A842429A16A-StateMachineUpdater] INFO  impl.StateMachineUpdater (StateMachineUpdater.java:lambda$new$0(97)) - 6f59ded9-1d69-4648-a4a5-1116b15843fb@group-2A842429A16A-StateMachineUpdater: snapshotIndex: updateIncreasingly -1 -> 0
2023-08-25 08:51:06,880 [6f59ded9-1d69-4648-a4a5-1116b15843fb@group-32B8677FEACD-StateMachineUpdater] INFO  ratis.ContainerStateMachine (ContainerStateMachine.java:takeSnapshot(341)) - group-32B8677FEACD: Finished taking a snapshot at:(t:1, i:0) file:/home/runner/work/ozone/ozone/hadoop-ozone/integration-test/target/test-dir/MiniOzoneClusterImpl-289e54f1-59ef-4028-876b-aa1b67627a4d/datanode-0/data/ratis/761ab50f-7aa3-4294-82e9-32b8677feacd/sm/snapshot.1_0 took: 60 ms
2023-08-25 08:51:06,880 [6f59ded9-1d69-4648-a4a5-1116b15843fb@group-32B8677FEACD-StateMachineUpdater] INFO  impl.StateMachineUpdater (StateMachineUpdater.java:takeSnapshot(291)) - 6f59ded9-1d69-4648-a4a5-1116b15843fb@group-32B8677FEACD-StateMachineUpdater: Took a snapshot at index 0
2023-08-25 08:51:06,880 [6f59ded9-1d69-4648-a4a5-1116b15843fb@group-32B8677FEACD-StateMachineUpdater] INFO  impl.StateMachineUpdater (StateMachineUpdater.java:lambda$new$0(97)) - 6f59ded9-1d69-4648-a4a5-1116b15843fb@group-32B8677FEACD-StateMachineUpdater: snapshotIndex: updateIncreasingly -1 -> 0
2023-08-25 08:51:06,884 [6f59ded9-1d69-4648-a4a5-1116b15843fb@group-72F7012C4762-StateMachineUpdater] INFO  ratis.ContainerStateMachine (ContainerStateMachine.java:takeSnapshot(341)) - group-72F7012C4762: Finished taking a snapshot at:(t:1, i:6) file:/home/runner/work/ozone/ozone/hadoop-ozone/integration-test/target/test-dir/MiniOzoneClusterImpl-289e54f1-59ef-4028-876b-aa1b67627a4d/datanode-0/data/ratis/e6baba83-e974-44b0-98a4-72f7012c4762/sm/snapshot.1_6 took: 72 ms
2023-08-25 08:51:06,886 [6f59ded9-1d69-4648-a4a5-1116b15843fb@group-72F7012C4762-StateMachineUpdater] INFO  impl.StateMachineUpdater (StateMachineUpdater.java:takeSnapshot(291)) - 6f59ded9-1d69-4648-a4a5-1116b15843fb@group-72F7012C4762-StateMachineUpdater: Took a snapshot at index 6
2023-08-25 08:51:06,886 [6f59ded9-1d69-4648-a4a5-1116b15843fb@group-72F7012C4762-StateMachineUpdater] INFO  impl.StateMachineUpdater (StateMachineUpdater.java:lambda$new$0(97)) - 6f59ded9-1d69-4648-a4a5-1116b15843fb@group-72F7012C4762-StateMachineUpdater: snapshotIndex: updateIncreasingly -1 -> 6
2023-08-25 08:51:06,887 [6f59ded9-1d69-4648-a4a5-1116b15843fb-impl-thread2] INFO  server.RaftServer$Division (ServerState.java:close(472)) - 6f59ded9-1d69-4648-a4a5-1116b15843fb@group-32B8677FEACD: closes. applyIndex: 0
2023-08-25 08:51:06,887 [6f59ded9-1d69-4648-a4a5-1116b15843fb-impl-thread1] INFO  server.RaftServer$Division (ServerState.java:close(472)) - 6f59ded9-1d69-4648-a4a5-1116b15843fb@group-72F7012C4762: closes. applyIndex: 6
2023-08-25 08:51:06,888 [6f59ded9-1d69-4648-a4a5-1116b15843fb-impl-thread3] INFO  server.RaftServer$Division (ServerState.java:close(472)) - 6f59ded9-1d69-4648-a4a5-1116b15843fb@group-2A842429A16A: closes. applyIndex: 0
2023-08-25 08:51:07,086 [grpc-default-executor-6] WARN  server.GrpcLogAppender (LogUtils.java:warn(122)) - 722a3cfd-0cb3-45bd-9dad-85df9dd4c55e@group-2A842429A16A->6f59ded9-1d69-4648-a4a5-1116b15843fb-AppendLogResponseHandler: Failed appendEntries: org.apache.ratis.thirdparty.io.grpc.StatusRuntimeException: UNAVAILABLE: io exception
2023-08-25 08:51:07,087 [grpc-default-executor-6] WARN  server.GrpcLogAppender (GrpcLogAppender.java:resetClient(128)) - 722a3cfd-0cb3-45bd-9dad-85df9dd4c55e@group-2A842429A16A->6f59ded9-1d69-4648-a4a5-1116b15843fb-GrpcLogAppender: Follower failed when matchIndex == 0,  keep nextIndex (1) unchanged and retry.
2023-08-25 08:51:07,088 [grpc-default-executor-6] WARN  server.GrpcLogAppender (LogUtils.java:warn(122)) - 722a3cfd-0cb3-45bd-9dad-85df9dd4c55e@group-2A842429A16A->6f59ded9-1d69-4648-a4a5-1116b15843fb-AppendLogResponseHandler: Failed appendEntries: org.apache.ratis.thirdparty.io.grpc.StatusRuntimeException: UNAVAILABLE: io exception
2023-08-25 08:51:07,088 [grpc-default-executor-6] WARN  server.GrpcLogAppender (GrpcLogAppender.java:resetClient(128)) - 722a3cfd-0cb3-45bd-9dad-85df9dd4c55e@group-2A842429A16A->6f59ded9-1d69-4648-a4a5-1116b15843fb-GrpcLogAppender: Follower failed when matchIndex == 0,  keep nextIndex (1) unchanged and retry.
2023-08-25 08:51:07,112 [6f59ded9-1d69-4648-a4a5-1116b15843fb-impl-thread3] INFO  segmented.SegmentedRaftLogWorker (SegmentedRaftLogWorker.java:close(252)) - 6f59ded9-1d69-4648-a4a5-1116b15843fb@group-2A842429A16A-SegmentedRaftLogWorker close()
2023-08-25 08:51:07,116 [6f59ded9-1d69-4648-a4a5-1116b15843fb-impl-thread2] INFO  segmented.SegmentedRaftLogWorker (SegmentedRaftLogWorker.java:close(252)) - 6f59ded9-1d69-4648-a4a5-1116b15843fb@group-32B8677FEACD-SegmentedRaftLogWorker close()
2023-08-25 08:51:07,632 [6f59ded9-1d69-4648-a4a5-1116b15843fb-impl-thread1] INFO  segmented.SegmentedRaftLogWorker (SegmentedRaftLogWorker.java:close(252)) - 6f59ded9-1d69-4648-a4a5-1116b15843fb@group-72F7012C4762-SegmentedRaftLogWorker close()
2023-08-25 08:51:07,635 [JvmPauseMonitor2] INFO  util.JvmPauseMonitor (JvmPauseMonitor.java:run(109)) - JvmPauseMonitor-6f59ded9-1d69-4648-a4a5-1116b15843fb: Stopped
2023-08-25 08:51:07,795 [ReplicationMonitor] INFO  replication.ReplicationManager (ReplicationManager.java:processAll(389)) - Replication Monitor Thread took 1 milliseconds for processing 1 containers.
2023-08-25 08:51:08,326 [grpc-default-executor-6] WARN  server.GrpcLogAppender (LogUtils.java:warn(122)) - 722a3cfd-0cb3-45bd-9dad-85df9dd4c55e@group-2A842429A16A->6f59ded9-1d69-4648-a4a5-1116b15843fb-AppendLogResponseHandler: Failed appendEntries: org.apache.ratis.thirdparty.io.grpc.StatusRuntimeException: UNAVAILABLE: io exception
2023-08-25 08:51:08,326 [grpc-default-executor-2] WARN  server.GrpcLogAppender (LogUtils.java:warn(122)) - 722a3cfd-0cb3-45bd-9dad-85df9dd4c55e@group-2A842429A16A->6f59ded9-1d69-4648-a4a5-1116b15843fb-AppendLogResponseHandler: Failed appendEntries: org.apache.ratis.thirdparty.io.grpc.StatusRuntimeException: UNAVAILABLE: io exception
2023-08-25 08:51:08,327 [grpc-default-executor-6] WARN  server.GrpcLogAppender (GrpcLogAppender.java:resetClient(128)) - 722a3cfd-0cb3-45bd-9dad-85df9dd4c55e@group-2A842429A16A->6f59ded9-1d69-4648-a4a5-1116b15843fb-GrpcLogAppender: Follower failed when matchIndex == 0,  keep nextIndex (1) unchanged and retry.
2023-08-25 08:51:08,329 [grpc-default-executor-2] WARN  server.GrpcLogAppender (GrpcLogAppender.java:resetClient(128)) - 722a3cfd-0cb3-45bd-9dad-85df9dd4c55e@group-2A842429A16A->6f59ded9-1d69-4648-a4a5-1116b15843fb-GrpcLogAppender: Follower failed when matchIndex == 0,  keep nextIndex (1) unchanged and retry.
2023-08-25 08:51:08,796 [ReplicationMonitor] INFO  replication.ReplicationManager (ReplicationManager.java:processAll(389)) - Replication Monitor Thread took 1 milliseconds for processing 1 containers.
2023-08-25 08:51:09,576 [grpc-default-executor-2] WARN  server.GrpcLogAppender (LogUtils.java:warn(122)) - 722a3cfd-0cb3-45bd-9dad-85df9dd4c55e@group-2A842429A16A->6f59ded9-1d69-4648-a4a5-1116b15843fb-AppendLogResponseHandler: Failed appendEntries: org.apache.ratis.thirdparty.io.grpc.StatusRuntimeException: UNAVAILABLE: io exception
2023-08-25 08:51:09,578 [grpc-default-executor-2] WARN  server.GrpcLogAppender (GrpcLogAppender.java:resetClient(128)) - 722a3cfd-0cb3-45bd-9dad-85df9dd4c55e@group-2A842429A16A->6f59ded9-1d69-4648-a4a5-1116b15843fb-GrpcLogAppender: Follower failed when matchIndex == 0,  keep nextIndex (1) unchanged and retry.
2023-08-25 08:51:09,578 [grpc-default-executor-6] WARN  server.GrpcLogAppender (LogUtils.java:warn(122)) - 722a3cfd-0cb3-45bd-9dad-85df9dd4c55e@group-2A842429A16A->6f59ded9-1d69-4648-a4a5-1116b15843fb-AppendLogResponseHandler: Failed appendEntries: org.apache.ratis.thirdparty.io.grpc.StatusRuntimeException: UNAVAILABLE: io exception
2023-08-25 08:51:09,578 [grpc-default-executor-6] WARN  server.GrpcLogAppender (GrpcLogAppender.java:resetClient(128)) - 722a3cfd-0cb3-45bd-9dad-85df9dd4c55e@group-2A842429A16A->6f59ded9-1d69-4648-a4a5-1116b15843fb-GrpcLogAppender: Follower failed when matchIndex == 0,  keep nextIndex (1) unchanged and retry.
2023-08-25 08:51:09,661 [Time-limited test] INFO  utils.DatanodeStoreCache (DatanodeStoreCache.java:shutdownCache(110)) - Skip clearing cache in mini cluster mode. Entries left: [/home/runner/work/ozone/ozone/hadoop-ozone/integration-test/target/test-dir/MiniOzoneClusterImpl-289e54f1-59ef-4028-876b-aa1b67627a4d/datanode-0/data-0/containers/hdds/289e54f1-59ef-4028-876b-aa1b67627a4d/DS-bb532f84-c379-4837-969d-7a27e9f8a215/container.db, /home/runner/work/ozone/ozone/hadoop-ozone/integration-test/target/test-dir/MiniOzoneClusterImpl-289e54f1-59ef-4028-876b-aa1b67627a4d/datanode-1/data-0/containers/hdds/289e54f1-59ef-4028-876b-aa1b67627a4d/DS-cfe52408-c953-4121-a1b9-0d9b44ab17fc/container.db, /home/runner/work/ozone/ozone/hadoop-ozone/integration-test/target/test-dir/MiniOzoneClusterImpl-289e54f1-59ef-4028-876b-aa1b67627a4d/datanode-2/data-0/containers/hdds/289e54f1-59ef-4028-876b-aa1b67627a4d/DS-4666c3c7-025e-4ed5-a35e-657aaaf2ab89/container.db, /home/runner/work/ozone/ozone/hadoop-ozone/integration-test/target/test-dir/MiniOzoneClusterImpl-289e54f1-59ef-4028-876b-aa1b67627a4d/datanode-3/data-0/containers/hdds/289e54f1-59ef-4028-876b-aa1b67627a4d/DS-7ea9d121-e75f-4fa3-88b8-71d6feb17960/container.db, /home/runner/work/ozone/ozone/hadoop-ozone/integration-test/target/test-dir/MiniOzoneClusterImpl-289e54f1-59ef-4028-876b-aa1b67627a4d/datanode-4/data-0/containers/hdds/289e54f1-59ef-4028-876b-aa1b67627a4d/DS-70abdcb8-c8f9-4eb7-9211-6227f6529dc0/container.db]
2023-08-25 08:51:09,667 [Time-limited test] INFO  utils.DatanodeStoreCache (DatanodeStoreCache.java:removeDB(104)) - Removed db /home/runner/work/ozone/ozone/hadoop-ozone/integration-test/target/test-dir/MiniOzoneClusterImpl-289e54f1-59ef-4028-876b-aa1b67627a4d/datanode-0/data-0/containers/hdds/289e54f1-59ef-4028-876b-aa1b67627a4d/DS-bb532f84-c379-4837-969d-7a27e9f8a215/container.db from cache
2023-08-25 08:51:09,667 [Time-limited test] INFO  volume.HddsVolume (HddsVolume.java:closeDbStore(453)) - SchemaV3 db is stopped at /home/runner/work/ozone/ozone/hadoop-ozone/integration-test/target/test-dir/MiniOzoneClusterImpl-289e54f1-59ef-4028-876b-aa1b67627a4d/datanode-0/data-0/containers/hdds/289e54f1-59ef-4028-876b-aa1b67627a4d/DS-bb532f84-c379-4837-969d-7a27e9f8a215/container.db for volume DS-bb532f84-c379-4837-969d-7a27e9f8a215
2023-08-25 08:51:09,668 [Time-limited test] INFO  utils.BackgroundService (BackgroundService.java:shutdown(141)) - Shutting down service BlockDeletingService
2023-08-25 08:51:09,669 [Time-limited test] INFO  utils.BackgroundService (BackgroundService.java:shutdown(141)) - Shutting down service StaleRecoveringContainerScrubbingService
2023-08-25 08:51:09,670 [Time-limited test] INFO  statemachine.DatanodeStateMachine (DatanodeStateMachine.java:stopDaemon(620)) - Ozone container server stopped.
2023-08-25 08:51:09,683 [Time-limited test] INFO  handler.ContextHandler (ContextHandler.java:doStop(1159)) - Stopped o.e.j.w.WebAppContext@72efc779{hddsDatanode,/,null,STOPPED}{jar:file:/home/runner/.m2/repository/org/apache/ozone/hdds-container-service/1.4.0-SNAPSHOT/hdds-container-service-1.4.0-SNAPSHOT.jar!/webapps/hddsDatanode}
2023-08-25 08:51:09,688 [Time-limited test] INFO  server.AbstractConnector (AbstractConnector.java:doStop(383)) - Stopped ServerConnector@44a64ff{HTTP/1.1, (http/1.1)}{0.0.0.0:15009}
2023-08-25 08:51:09,688 [Time-limited test] INFO  server.session (HouseKeeper.java:stopScavenging(149)) - node0 Stopped scavenging
2023-08-25 08:51:09,688 [Time-limited test] INFO  handler.ContextHandler (ContextHandler.java:doStop(1159)) - Stopped o.e.j.s.ServletContextHandler@343ca451{static,/static,jar:file:/home/runner/.m2/repository/org/apache/ozone/hdds-container-service/1.4.0-SNAPSHOT/hdds-container-service-1.4.0-SNAPSHOT.jar!/webapps/static,STOPPED}
2023-08-25 08:51:09,689 [Time-limited test] INFO  handler.ContextHandler (ContextHandler.java:doStop(1159)) - Stopped o.e.j.s.ServletContextHandler@2fed0993{logs,/logs,file:///home/runner/work/ozone/ozone/hadoop-ozone/integration-test/target/log,STOPPED}
2023-08-25 08:51:09,691 [Time-limited test] INFO  ozone.HddsDatanodeClientProtocolServer (HddsDatanodeClientProtocolServer.java:stop(78)) - Stopping the RPC server for Client Protocol
2023-08-25 08:51:09,692 [Time-limited test] INFO  ipc.Server (Server.java:stop(3523)) - Stopping server on 15010
2023-08-25 08:51:09,694 [IPC Server listener on 15010] INFO  ipc.Server (Server.java:run(1434)) - Stopping IPC Server listener on 15010
2023-08-25 08:51:09,695 [IPC Server Responder] INFO  ipc.Server (Server.java:run(1567)) - Stopping IPC Server Responder
2023-08-25 08:51:09,698 [Time-limited test] INFO  container.TestHelper (TestHelper.java:countReplicas(423)) - Container 1 has 3 replicas on [5e5d2cfb-a693-459c-b621-520c42fdac66, 6f59ded9-1d69-4648-a4a5-1116b15843fb, 722a3cfd-0cb3-45bd-9dad-85df9dd4c55e]
2023-08-25 08:51:09,724 [EventQueue-StaleNodeForStaleNodeHandler] INFO  node.StaleNodeHandler (StaleNodeHandler.java:onMessage(58)) - Datanode 6f59ded9-1d69-4648-a4a5-1116b15843fb(fv-az584-689.msjcyvhqqs1uvpg4fm53wptgqc.jx.internal.cloudapp.net/10.1.0.19) moved to stale state. Finalizing its pipelines [PipelineID=e6baba83-e974-44b0-98a4-72f7012c4762, PipelineID=761ab50f-7aa3-4294-82e9-32b8677feacd, PipelineID=809e3c79-4f70-494e-a9e8-2a842429a16a]
2023-08-25 08:51:09,726 [EventQueue-StaleNodeForStaleNodeHandler] INFO  pipeline.PipelineManagerImpl (PipelineManagerImpl.java:closePipeline(529)) - Pipeline Pipeline[ Id: e6baba83-e974-44b0-98a4-72f7012c4762, Nodes: 6f59ded9-1d69-4648-a4a5-1116b15843fb(fv-az584-689.msjcyvhqqs1uvpg4fm53wptgqc.jx.internal.cloudapp.net/10.1.0.19)722a3cfd-0cb3-45bd-9dad-85df9dd4c55e(fv-az584-689.msjcyvhqqs1uvpg4fm53wptgqc.jx.internal.cloudapp.net/10.1.0.19)5e5d2cfb-a693-459c-b621-520c42fdac66(fv-az584-689.msjcyvhqqs1uvpg4fm53wptgqc.jx.internal.cloudapp.net/10.1.0.19), ReplicationConfig: RATIS/THREE, State:OPEN, leaderId:6f59ded9-1d69-4648-a4a5-1116b15843fb, CreationTimestamp2023-08-25T08:50:53.811Z[Etc/UTC]] moved to CLOSED state
2023-08-25 08:51:09,727 [EventQueue-StaleNodeForStaleNodeHandler] INFO  pipeline.PipelineManagerImpl (PipelineManagerImpl.java:closePipeline(529)) - Pipeline Pipeline[ Id: 761ab50f-7aa3-4294-82e9-32b8677feacd, Nodes: 6f59ded9-1d69-4648-a4a5-1116b15843fb(fv-az584-689.msjcyvhqqs1uvpg4fm53wptgqc.jx.internal.cloudapp.net/10.1.0.19), ReplicationConfig: RATIS/ONE, State:OPEN, leaderId:6f59ded9-1d69-4648-a4a5-1116b15843fb, CreationTimestamp2023-08-25T08:50:53.011Z[Etc/UTC]] moved to CLOSED state
2023-08-25 08:51:09,728 [EventQueue-StaleNodeForStaleNodeHandler] INFO  pipeline.PipelineManagerImpl (PipelineManagerImpl.java:closePipeline(529)) - Pipeline Pipeline[ Id: 809e3c79-4f70-494e-a9e8-2a842429a16a, Nodes: 722a3cfd-0cb3-45bd-9dad-85df9dd4c55e(fv-az584-689.msjcyvhqqs1uvpg4fm53wptgqc.jx.internal.cloudapp.net/10.1.0.19)6f59ded9-1d69-4648-a4a5-1116b15843fb(fv-az584-689.msjcyvhqqs1uvpg4fm53wptgqc.jx.internal.cloudapp.net/10.1.0.19)5e5d2cfb-a693-459c-b621-520c42fdac66(fv-az584-689.msjcyvhqqs1uvpg4fm53wptgqc.jx.internal.cloudapp.net/10.1.0.19), ReplicationConfig: RATIS/THREE, State:OPEN, leaderId:722a3cfd-0cb3-45bd-9dad-85df9dd4c55e, CreationTimestamp2023-08-25T08:50:53.804Z[Etc/UTC]] moved to CLOSED state
2023-08-25 08:51:09,796 [ReplicationMonitor] INFO  replication.ReplicationManager (ReplicationManager.java:processAll(389)) - Replication Monitor Thread took 0 milliseconds for processing 1 containers.
2023-08-25 08:51:10,699 [Time-limited test] INFO  container.TestHelper (TestHelper.java:countReplicas(423)) - Container 1 has 3 replicas on [5e5d2cfb-a693-459c-b621-520c42fdac66, 6f59ded9-1d69-4648-a4a5-1116b15843fb, 722a3cfd-0cb3-45bd-9dad-85df9dd4c55e]
2023-08-25 08:51:10,797 [ReplicationMonitor] INFO  replication.ReplicationManager (ReplicationManager.java:processAll(389)) - Replication Monitor Thread took 0 milliseconds for processing 1 containers.
2023-08-25 08:51:10,827 [grpc-default-executor-6] WARN  server.GrpcLogAppender (LogUtils.java:warn(122)) - 722a3cfd-0cb3-45bd-9dad-85df9dd4c55e@group-2A842429A16A->6f59ded9-1d69-4648-a4a5-1116b15843fb-AppendLogResponseHandler: Failed appendEntries: org.apache.ratis.thirdparty.io.grpc.StatusRuntimeException: UNAVAILABLE: io exception
2023-08-25 08:51:10,828 [grpc-default-executor-6] WARN  server.GrpcLogAppender (GrpcLogAppender.java:resetClient(128)) - 722a3cfd-0cb3-45bd-9dad-85df9dd4c55e@group-2A842429A16A->6f59ded9-1d69-4648-a4a5-1116b15843fb-GrpcLogAppender: Follower failed when matchIndex == 0,  keep nextIndex (1) unchanged and retry.
2023-08-25 08:51:10,829 [grpc-default-executor-2] WARN  server.GrpcLogAppender (LogUtils.java:warn(122)) - 722a3cfd-0cb3-45bd-9dad-85df9dd4c55e@group-2A842429A16A->6f59ded9-1d69-4648-a4a5-1116b15843fb-AppendLogResponseHandler: Failed appendEntries: org.apache.ratis.thirdparty.io.grpc.StatusRuntimeException: UNAVAILABLE: io exception
2023-08-25 08:51:10,829 [grpc-default-executor-2] WARN  server.GrpcLogAppender (GrpcLogAppender.java:resetClient(128)) - 722a3cfd-0cb3-45bd-9dad-85df9dd4c55e@group-2A842429A16A->6f59ded9-1d69-4648-a4a5-1116b15843fb-GrpcLogAppender: Follower failed when matchIndex == 0,  keep nextIndex (1) unchanged and retry.
2023-08-25 08:51:11,699 [Time-limited test] INFO  container.TestHelper (TestHelper.java:countReplicas(423)) - Container 1 has 3 replicas on [5e5d2cfb-a693-459c-b621-520c42fdac66, 6f59ded9-1d69-4648-a4a5-1116b15843fb, 722a3cfd-0cb3-45bd-9dad-85df9dd4c55e]
2023-08-25 08:51:11,798 [ReplicationMonitor] INFO  replication.ReplicationManager (ReplicationManager.java:processAll(389)) - Replication Monitor Thread took 0 milliseconds for processing 1 containers.
2023-08-25 08:51:12,078 [grpc-default-executor-2] WARN  server.GrpcLogAppender (LogUtils.java:warn(122)) - 722a3cfd-0cb3-45bd-9dad-85df9dd4c55e@group-2A842429A16A->6f59ded9-1d69-4648-a4a5-1116b15843fb-AppendLogResponseHandler: Failed appendEntries: org.apache.ratis.thirdparty.io.grpc.StatusRuntimeException: UNAVAILABLE: io exception
2023-08-25 08:51:12,079 [grpc-default-executor-2] WARN  server.GrpcLogAppender (GrpcLogAppender.java:resetClient(128)) - 722a3cfd-0cb3-45bd-9dad-85df9dd4c55e@group-2A842429A16A->6f59ded9-1d69-4648-a4a5-1116b15843fb-GrpcLogAppender: Follower failed when matchIndex == 0,  keep nextIndex (1) unchanged and retry.
2023-08-25 08:51:12,079 [grpc-default-executor-6] WARN  server.GrpcLogAppender (LogUtils.java:warn(122)) - 722a3cfd-0cb3-45bd-9dad-85df9dd4c55e@group-2A842429A16A->6f59ded9-1d69-4648-a4a5-1116b15843fb-AppendLogResponseHandler: Failed appendEntries: org.apache.ratis.thirdparty.io.grpc.StatusRuntimeException: UNAVAILABLE: io exception
2023-08-25 08:51:12,080 [grpc-default-executor-6] WARN  server.GrpcLogAppender (GrpcLogAppender.java:resetClient(128)) - 722a3cfd-0cb3-45bd-9dad-85df9dd4c55e@group-2A842429A16A->6f59ded9-1d69-4648-a4a5-1116b15843fb-GrpcLogAppender: Follower failed when matchIndex == 0,  keep nextIndex (1) unchanged and retry.
2023-08-25 08:51:12,103 [722a3cfd-0cb3-45bd-9dad-85df9dd4c55e@group-72F7012C4762-FollowerState] INFO  impl.FollowerState (FollowerState.java:run(143)) - 722a3cfd-0cb3-45bd-9dad-85df9dd4c55e@group-72F7012C4762-FollowerState: change to CANDIDATE, lastRpcElapsedTime:5458487138ns, electionTimeout:5048ms
2023-08-25 08:51:12,103 [722a3cfd-0cb3-45bd-9dad-85df9dd4c55e@group-72F7012C4762-FollowerState] INFO  impl.RoleInfo (RoleInfo.java:shutdownFollowerState(110)) - 722a3cfd-0cb3-45bd-9dad-85df9dd4c55e: shutdown 722a3cfd-0cb3-45bd-9dad-85df9dd4c55e@group-72F7012C4762-FollowerState
2023-08-25 08:51:12,103 [722a3cfd-0cb3-45bd-9dad-85df9dd4c55e@group-72F7012C4762-FollowerState] INFO  server.RaftServer$Division (RaftServerImpl.java:setRole(329)) - 722a3cfd-0cb3-45bd-9dad-85df9dd4c55e@group-72F7012C4762: changes role from  FOLLOWER to CANDIDATE at term 1 for changeToCandidate
2023-08-25 08:51:12,103 [722a3cfd-0cb3-45bd-9dad-85df9dd4c55e@group-72F7012C4762-FollowerState] INFO  server.RaftServerConfigKeys (ConfUtils.java:logGet(46)) - raft.server.leaderelection.pre-vote = true (default)
2023-08-25 08:51:12,103 [722a3cfd-0cb3-45bd-9dad-85df9dd4c55e@group-72F7012C4762-FollowerState] INFO  impl.RoleInfo (RoleInfo.java:updateAndGet(139)) - 722a3cfd-0cb3-45bd-9dad-85df9dd4c55e: start 722a3cfd-0cb3-45bd-9dad-85df9dd4c55e@group-72F7012C4762-LeaderElection10
2023-08-25 08:51:12,110 [722a3cfd-0cb3-45bd-9dad-85df9dd4c55e@group-72F7012C4762-LeaderElection10] INFO  server.RaftServer$Division (ServerState.java:setLeader(317)) - 722a3cfd-0cb3-45bd-9dad-85df9dd4c55e@group-72F7012C4762: change Leader from 6f59ded9-1d69-4648-a4a5-1116b15843fb to null at term 1 for PRE_VOTE
2023-08-25 08:51:12,110 [722a3cfd-0cb3-45bd-9dad-85df9dd4c55e@group-72F7012C4762-LeaderElection10] INFO  impl.LeaderElection (LeaderElection.java:askForVotes(321)) - 722a3cfd-0cb3-45bd-9dad-85df9dd4c55e@group-72F7012C4762-LeaderElection10 PRE_VOTE round 0: submit vote requests at term 1 for 0: peers:[722a3cfd-0cb3-45bd-9dad-85df9dd4c55e|rpc:10.1.0.19:15032|admin:10.1.0.19:15031|client:10.1.0.19:15030|dataStream:10.1.0.19:15033|priority:0|startupRole:FOLLOWER, 6f59ded9-1d69-4648-a4a5-1116b15843fb|rpc:10.1.0.19:15014|admin:10.1.0.19:15013|client:10.1.0.19:15012|dataStream:10.1.0.19:15015|priority:1|startupRole:FOLLOWER, 5e5d2cfb-a693-459c-b621-520c42fdac66|rpc:10.1.0.19:15023|admin:10.1.0.19:15022|client:10.1.0.19:15021|dataStream:10.1.0.19:15024|priority:0|startupRole:FOLLOWER]|listeners:[], old=null
2023-08-25 08:51:12,111 [722a3cfd-0cb3-45bd-9dad-85df9dd4c55e@group-72F7012C4762-LeaderElection10] INFO  impl.LeaderElection (LogUtils.java:infoOrTrace(137)) - 722a3cfd-0cb3-45bd-9dad-85df9dd4c55e@group-72F7012C4762-LeaderElection10 got exception when requesting votes: java.util.concurrent.ExecutionException: org.apache.ratis.thirdparty.io.grpc.StatusRuntimeException: UNAVAILABLE: io exception
2023-08-25 08:51:12,114 [grpc-default-executor-6] INFO  server.RaftServer$Division (RaftServerImpl.java:requestVote(1302)) - 5e5d2cfb-a693-459c-b621-520c42fdac66@group-72F7012C4762: receive requestVote(PRE_VOTE, 722a3cfd-0cb3-45bd-9dad-85df9dd4c55e, group-72F7012C4762, 1, (t:1, i:6))
2023-08-25 08:51:12,115 [grpc-default-executor-6] INFO  impl.VoteContext (VoteContext.java:log(49)) - 5e5d2cfb-a693-459c-b621-520c42fdac66@group-72F7012C4762-FOLLOWER: accept PRE_VOTE from 722a3cfd-0cb3-45bd-9dad-85df9dd4c55e: our priority 0 <= candidate's priority 0
2023-08-25 08:51:12,115 [grpc-default-executor-6] INFO  server.RaftServer$Division (RaftServerImpl.java:requestVote(1335)) - 5e5d2cfb-a693-459c-b621-520c42fdac66@group-72F7012C4762 replies to PRE_VOTE vote request: 722a3cfd-0cb3-45bd-9dad-85df9dd4c55e<-5e5d2cfb-a693-459c-b621-520c42fdac66#0:OK-t1. Peer's state: 5e5d2cfb-a693-459c-b621-520c42fdac66@group-72F7012C4762:t1, leader=6f59ded9-1d69-4648-a4a5-1116b15843fb, voted=6f59ded9-1d69-4648-a4a5-1116b15843fb, raftlog=Memoized:5e5d2cfb-a693-459c-b621-520c42fdac66@group-72F7012C4762-SegmentedRaftLog:OPENED:c5, conf=0: peers:[722a3cfd-0cb3-45bd-9dad-85df9dd4c55e|rpc:10.1.0.19:15032|admin:10.1.0.19:15031|client:10.1.0.19:15030|dataStream:10.1.0.19:15033|priority:0|startupRole:FOLLOWER, 6f59ded9-1d69-4648-a4a5-1116b15843fb|rpc:10.1.0.19:15014|admin:10.1.0.19:15013|client:10.1.0.19:15012|dataStream:10.1.0.19:15015|priority:1|startupRole:FOLLOWER, 5e5d2cfb-a693-459c-b621-520c42fdac66|rpc:10.1.0.19:15023|admin:10.1.0.19:15022|client:10.1.0.19:15021|dataStream:10.1.0.19:15024|priority:0|startupRole:FOLLOWER]|listeners:[], old=null
2023-08-25 08:51:12,117 [722a3cfd-0cb3-45bd-9dad-85df9dd4c55e@group-72F7012C4762-LeaderElection10] INFO  impl.LeaderElection (LeaderElection.java:logAndReturn(90)) - 722a3cfd-0cb3-45bd-9dad-85df9dd4c55e@group-72F7012C4762-LeaderElection10: PRE_VOTE PASSED received 1 response(s) and 1 exception(s):
2023-08-25 08:51:12,118 [722a3cfd-0cb3-45bd-9dad-85df9dd4c55e@group-72F7012C4762-LeaderElection10] INFO  impl.LeaderElection (LeaderElection.java:logAndReturn(94)) -   Response 0: 722a3cfd-0cb3-45bd-9dad-85df9dd4c55e<-5e5d2cfb-a693-459c-b621-520c42fdac66#0:OK-t1
2023-08-25 08:51:12,118 [722a3cfd-0cb3-45bd-9dad-85df9dd4c55e@group-72F7012C4762-LeaderElection10] INFO  impl.LeaderElection (LogUtils.java:infoOrTrace(137)) -   Exception 1: java.util.concurrent.ExecutionException: org.apache.ratis.thirdparty.io.grpc.StatusRuntimeException: UNAVAILABLE: io exception
2023-08-25 08:51:12,118 [722a3cfd-0cb3-45bd-9dad-85df9dd4c55e@group-72F7012C4762-LeaderElection10] INFO  impl.LeaderElection (LeaderElection.java:askForVotes(323)) - 722a3cfd-0cb3-45bd-9dad-85df9dd4c55e@group-72F7012C4762-LeaderElection10 PRE_VOTE round 0: result PASSED
2023-08-25 08:51:12,121 [722a3cfd-0cb3-45bd-9dad-85df9dd4c55e@group-72F7012C4762-LeaderElection10] INFO  impl.LeaderElection (LeaderElection.java:askForVotes(321)) - 722a3cfd-0cb3-45bd-9dad-85df9dd4c55e@group-72F7012C4762-LeaderElection10 ELECTION round 0: submit vote requests at term 2 for 0: peers:[722a3cfd-0cb3-45bd-9dad-85df9dd4c55e|rpc:10.1.0.19:15032|admin:10.1.0.19:15031|client:10.1.0.19:15030|dataStream:10.1.0.19:15033|priority:0|startupRole:FOLLOWER, 6f59ded9-1d69-4648-a4a5-1116b15843fb|rpc:10.1.0.19:15014|admin:10.1.0.19:15013|client:10.1.0.19:15012|dataStream:10.1.0.19:15015|priority:1|startupRole:FOLLOWER, 5e5d2cfb-a693-459c-b621-520c42fdac66|rpc:10.1.0.19:15023|admin:10.1.0.19:15022|client:10.1.0.19:15021|dataStream:10.1.0.19:15024|priority:0|startupRole:FOLLOWER]|listeners:[], old=null
2023-08-25 08:51:12,122 [722a3cfd-0cb3-45bd-9dad-85df9dd4c55e@group-72F7012C4762-LeaderElection10] INFO  impl.LeaderElection (LogUtils.java:infoOrTrace(137)) - 722a3cfd-0cb3-45bd-9dad-85df9dd4c55e@group-72F7012C4762-LeaderElection10 got exception when requesting votes: java.util.concurrent.ExecutionException: org.apache.ratis.thirdparty.io.grpc.StatusRuntimeException: UNAVAILABLE: io exception
2023-08-25 08:51:12,124 [grpc-default-executor-6] INFO  server.RaftServer$Division (RaftServerImpl.java:requestVote(1302)) - 5e5d2cfb-a693-459c-b621-520c42fdac66@group-72F7012C4762: receive requestVote(ELECTION, 722a3cfd-0cb3-45bd-9dad-85df9dd4c55e, group-72F7012C4762, 2, (t:1, i:6))
2023-08-25 08:51:12,124 [grpc-default-executor-6] INFO  impl.VoteContext (VoteContext.java:log(49)) - 5e5d2cfb-a693-459c-b621-520c42fdac66@group-72F7012C4762-FOLLOWER: accept ELECTION from 722a3cfd-0cb3-45bd-9dad-85df9dd4c55e: our priority 0 <= candidate's priority 0
2023-08-25 08:51:12,124 [grpc-default-executor-6] INFO  server.RaftServer$Division (ServerState.java:setLeader(317)) - 5e5d2cfb-a693-459c-b621-520c42fdac66@group-72F7012C4762: change Leader from 6f59ded9-1d69-4648-a4a5-1116b15843fb to null at term 2 for updateCurrentTerm
2023-08-25 08:51:12,124 [grpc-default-executor-6] INFO  server.RaftServer$Division (RaftServerImpl.java:setRole(329)) - 5e5d2cfb-a693-459c-b621-520c42fdac66@group-72F7012C4762: changes role from  FOLLOWER to FOLLOWER at term 2 for candidate:722a3cfd-0cb3-45bd-9dad-85df9dd4c55e
2023-08-25 08:51:12,124 [grpc-default-executor-6] INFO  impl.RoleInfo (RoleInfo.java:shutdownFollowerState(110)) - 5e5d2cfb-a693-459c-b621-520c42fdac66: shutdown 5e5d2cfb-a693-459c-b621-520c42fdac66@group-72F7012C4762-FollowerState
2023-08-25 08:51:12,124 [grpc-default-executor-6] INFO  impl.RoleInfo (RoleInfo.java:updateAndGet(139)) - 5e5d2cfb-a693-459c-b621-520c42fdac66: start 5e5d2cfb-a693-459c-b621-520c42fdac66@group-72F7012C4762-FollowerState
2023-08-25 08:51:12,124 [5e5d2cfb-a693-459c-b621-520c42fdac66@group-72F7012C4762-FollowerState] INFO  impl.FollowerState (FollowerState.java:run(152)) - 5e5d2cfb-a693-459c-b621-520c42fdac66@group-72F7012C4762-FollowerState was interrupted
2023-08-25 08:51:12,129 [grpc-default-executor-6] INFO  server.RaftServer$Division (RaftServerImpl.java:requestVote(1335)) - 5e5d2cfb-a693-459c-b621-520c42fdac66@group-72F7012C4762 replies to ELECTION vote request: 722a3cfd-0cb3-45bd-9dad-85df9dd4c55e<-5e5d2cfb-a693-459c-b621-520c42fdac66#0:OK-t2. Peer's state: 5e5d2cfb-a693-459c-b621-520c42fdac66@group-72F7012C4762:t2, leader=null, voted=722a3cfd-0cb3-45bd-9dad-85df9dd4c55e, raftlog=Memoized:5e5d2cfb-a693-459c-b621-520c42fdac66@group-72F7012C4762-SegmentedRaftLog:OPENED:c5, conf=0: peers:[722a3cfd-0cb3-45bd-9dad-85df9dd4c55e|rpc:10.1.0.19:15032|admin:10.1.0.19:15031|client:10.1.0.19:15030|dataStream:10.1.0.19:15033|priority:0|startupRole:FOLLOWER, 6f59ded9-1d69-4648-a4a5-1116b15843fb|rpc:10.1.0.19:15014|admin:10.1.0.19:15013|client:10.1.0.19:15012|dataStream:10.1.0.19:15015|priority:1|startupRole:FOLLOWER, 5e5d2cfb-a693-459c-b621-520c42fdac66|rpc:10.1.0.19:15023|admin:10.1.0.19:15022|client:10.1.0.19:15021|dataStream:10.1.0.19:15024|priority:0|startupRole:FOLLOWER]|listeners:[], old=null
2023-08-25 08:51:12,131 [722a3cfd-0cb3-45bd-9dad-85df9dd4c55e@group-72F7012C4762-LeaderElection10] INFO  impl.LeaderElection (LeaderElection.java:logAndReturn(90)) - 722a3cfd-0cb3-45bd-9dad-85df9dd4c55e@group-72F7012C4762-LeaderElection10: ELECTION PASSED received 1 response(s) and 1 exception(s):
2023-08-25 08:51:12,131 [722a3cfd-0cb3-45bd-9dad-85df9dd4c55e@group-72F7012C4762-LeaderElection10] INFO  impl.LeaderElection (LeaderElection.java:logAndReturn(94)) -   Response 0: 722a3cfd-0cb3-45bd-9dad-85df9dd4c55e<-5e5d2cfb-a693-459c-b621-520c42fdac66#0:OK-t2
2023-08-25 08:51:12,131 [722a3cfd-0cb3-45bd-9dad-85df9dd4c55e@group-72F7012C4762-LeaderElection10] INFO  impl.LeaderElection (LogUtils.java:infoOrTrace(137)) -   Exception 1: java.util.concurrent.ExecutionException: org.apache.ratis.thirdparty.io.grpc.StatusRuntimeException: UNAVAILABLE: io exception
2023-08-25 08:51:12,131 [722a3cfd-0cb3-45bd-9dad-85df9dd4c55e@group-72F7012C4762-LeaderElection10] INFO  impl.LeaderElection (LeaderElection.java:askForVotes(323)) - 722a3cfd-0cb3-45bd-9dad-85df9dd4c55e@group-72F7012C4762-LeaderElection10 ELECTION round 0: result PASSED
2023-08-25 08:51:12,131 [722a3cfd-0cb3-45bd-9dad-85df9dd4c55e@group-72F7012C4762-LeaderElection10] INFO  impl.RoleInfo (RoleInfo.java:shutdownLeaderElection(130)) - 722a3cfd-0cb3-45bd-9dad-85df9dd4c55e: shutdown 722a3cfd-0cb3-45bd-9dad-85df9dd4c55e@group-72F7012C4762-LeaderElection10
2023-08-25 08:51:12,131 [722a3cfd-0cb3-45bd-9dad-85df9dd4c55e@group-72F7012C4762-LeaderElection10] INFO  server.RaftServer$Division (RaftServerImpl.java:setRole(329)) - 722a3cfd-0cb3-45bd-9dad-85df9dd4c55e@group-72F7012C4762: changes role from CANDIDATE to LEADER at term 2 for changeToLeader
2023-08-25 08:51:12,131 [722a3cfd-0cb3-45bd-9dad-85df9dd4c55e@group-72F7012C4762-LeaderElection10] INFO  ratis.XceiverServerRatis (XceiverServerRatis.java:handleLeaderChangedNotification(902)) - Leader change notification received for group: group-72F7012C4762 with new leaderId: 722a3cfd-0cb3-45bd-9dad-85df9dd4c55e
2023-08-25 08:51:12,131 [722a3cfd-0cb3-45bd-9dad-85df9dd4c55e@group-72F7012C4762-LeaderElection10] INFO  server.RaftServer$Division (ServerState.java:setLeader(317)) - 722a3cfd-0cb3-45bd-9dad-85df9dd4c55e@group-72F7012C4762: change Leader from null to 722a3cfd-0cb3-45bd-9dad-85df9dd4c55e at term 2 for becomeLeader, leader elected after 21ms
2023-08-25 08:51:12,131 [722a3cfd-0cb3-45bd-9dad-85df9dd4c55e@group-72F7012C4762-LeaderElection10] INFO  server.RaftServerConfigKeys (ConfUtils.java:logGet(46)) - raft.server.staging.catchup.gap = 1000 (default)
2023-08-25 08:51:12,132 [722a3cfd-0cb3-45bd-9dad-85df9dd4c55e@group-72F7012C4762-LeaderElection10] INFO  server.RaftServerConfigKeys (ConfUtils.java:logGet(46)) - raft.server.write.element-limit = 1024 (custom)
2023-08-25 08:51:12,132 [722a3cfd-0cb3-45bd-9dad-85df9dd4c55e@group-72F7012C4762-LeaderElection10] INFO  server.RaftServerConfigKeys (ConfUtils.java:logGet(46)) - raft.server.write.byte-limit = 1024 M (=1073741824) (custom)
2023-08-25 08:51:12,132 [722a3cfd-0cb3-45bd-9dad-85df9dd4c55e@group-72F7012C4762-LeaderElection10] INFO  server.RaftServerConfigKeys (ConfUtils.java:logGet(46)) - raft.server.watch.timeout = 180s (custom)
2023-08-25 08:51:12,132 [722a3cfd-0cb3-45bd-9dad-85df9dd4c55e@group-72F7012C4762-LeaderElection10] INFO  server.RaftServerConfigKeys (ConfUtils.java:logGet(46)) - raft.server.watch.timeout.denomination = 1s (default)
2023-08-25 08:51:12,132 [722a3cfd-0cb3-45bd-9dad-85df9dd4c55e@group-72F7012C4762-LeaderElection10] INFO  server.RaftServerConfigKeys (ConfUtils.java:logGet(46)) - raft.server.watch.element-limit = 65536 (default)
2023-08-25 08:51:12,132 [722a3cfd-0cb3-45bd-9dad-85df9dd4c55e@group-72F7012C4762-LeaderElection10] INFO  server.RaftServerConfigKeys (ConfUtils.java:logGet(46)) - raft.server.write.element-limit = 1024 (custom)
2023-08-25 08:51:12,132 [722a3cfd-0cb3-45bd-9dad-85df9dd4c55e@group-72F7012C4762-LeaderElection10] INFO  server.RaftServerConfigKeys (ConfUtils.java:logGet(46)) - raft.server.write.follower.gap.ratio.max = -1.0 (default)
2023-08-25 08:51:12,133 [722a3cfd-0cb3-45bd-9dad-85df9dd4c55e@group-72F7012C4762-LeaderElection10] INFO  server.RaftServerConfigKeys (ConfUtils.java:logGet(46)) - raft.server.log.appender.snapshot.chunk.size.max = 16MB (=16777216) (default)
2023-08-25 08:51:12,133 [722a3cfd-0cb3-45bd-9dad-85df9dd4c55e@group-72F7012C4762-LeaderElection10] INFO  server.RaftServerConfigKeys (ConfUtils.java:logGet(46)) - raft.server.log.appender.buffer.byte-limit = 33554432 (custom)
2023-08-25 08:51:12,133 [722a3cfd-0cb3-45bd-9dad-85df9dd4c55e@group-72F7012C4762-LeaderElection10] INFO  server.RaftServerConfigKeys (ConfUtils.java:logGet(46)) - raft.server.log.appender.buffer.element-limit = 1 (custom)
2023-08-25 08:51:12,133 [722a3cfd-0cb3-45bd-9dad-85df9dd4c55e@group-72F7012C4762-LeaderElection10] INFO  server.RaftServerConfigKeys (ConfUtils.java:logGet(46)) - raft.server.log.appender.wait-time.min = 10ms (default)
2023-08-25 08:51:12,133 [722a3cfd-0cb3-45bd-9dad-85df9dd4c55e@group-72F7012C4762-LeaderElection10] INFO  grpc.GrpcConfigKeys (ConfUtils.java:logGet(46)) - raft.grpc.server.leader.outstanding.appends.max = 128 (default)
2023-08-25 08:51:12,133 [722a3cfd-0cb3-45bd-9dad-85df9dd4c55e@group-72F7012C4762-LeaderElection10] INFO  server.RaftServerConfigKeys (ConfUtils.java:logGet(46)) - raft.server.rpc.request.timeout = 60s (custom)
2023-08-25 08:51:12,133 [722a3cfd-0cb3-45bd-9dad-85df9dd4c55e@group-72F7012C4762-LeaderElection10] INFO  grpc.GrpcConfigKeys (ConfUtils.java:logGet(46)) - raft.grpc.server.install_snapshot.request.element-limit = 8 (default)
2023-08-25 08:51:12,133 [722a3cfd-0cb3-45bd-9dad-85df9dd4c55e@group-72F7012C4762-LeaderElection10] INFO  grpc.GrpcConfigKeys (ConfUtils.java:logGet(46)) - raft.grpc.server.install_snapshot.request.timeout = 3000ms (default)
2023-08-25 08:51:12,133 [722a3cfd-0cb3-45bd-9dad-85df9dd4c55e@group-72F7012C4762-LeaderElection10] INFO  server.RaftServerConfigKeys (ConfUtils.java:logGet(46)) - raft.server.log.appender.install.snapshot.enabled = false (custom)
2023-08-25 08:51:12,134 [722a3cfd-0cb3-45bd-9dad-85df9dd4c55e@group-72F7012C4762-LeaderElection10] INFO  grpc.GrpcConfigKeys (ConfUtils.java:logGet(46)) - raft.grpc.server.heartbeat.channel = true (default)
2023-08-25 08:51:12,135 [722a3cfd-0cb3-45bd-9dad-85df9dd4c55e@group-72F7012C4762-LeaderElection10] INFO  server.RaftServerConfigKeys (ConfUtils.java:logGet(46)) - raft.server.log.appender.snapshot.chunk.size.max = 16MB (=16777216) (default)
2023-08-25 08:51:12,135 [722a3cfd-0cb3-45bd-9dad-85df9dd4c55e@group-72F7012C4762-LeaderElection10] INFO  server.RaftServerConfigKeys (ConfUtils.java:logGet(46)) - raft.server.log.appender.buffer.byte-limit = 33554432 (custom)
2023-08-25 08:51:12,136 [722a3cfd-0cb3-45bd-9dad-85df9dd4c55e@group-72F7012C4762-LeaderElection10] INFO  server.RaftServerConfigKeys (ConfUtils.java:logGet(46)) - raft.server.log.appender.buffer.element-limit = 1 (custom)
2023-08-25 08:51:12,136 [722a3cfd-0cb3-45bd-9dad-85df9dd4c55e@group-72F7012C4762-LeaderElection10] INFO  server.RaftServerConfigKeys (ConfUtils.java:logGet(46)) - raft.server.log.appender.wait-time.min = 10ms (default)
2023-08-25 08:51:12,136 [722a3cfd-0cb3-45bd-9dad-85df9dd4c55e@group-72F7012C4762-LeaderElection10] INFO  grpc.GrpcConfigKeys (ConfUtils.java:logGet(46)) - raft.grpc.server.leader.outstanding.appends.max = 128 (default)
2023-08-25 08:51:12,136 [722a3cfd-0cb3-45bd-9dad-85df9dd4c55e@group-72F7012C4762-LeaderElection10] INFO  server.RaftServerConfigKeys (ConfUtils.java:logGet(46)) - raft.server.rpc.request.timeout = 60s (custom)
2023-08-25 08:51:12,136 [722a3cfd-0cb3-45bd-9dad-85df9dd4c55e@group-72F7012C4762-LeaderElection10] INFO  grpc.GrpcConfigKeys (ConfUtils.java:logGet(46)) - raft.grpc.server.install_snapshot.request.element-limit = 8 (default)
2023-08-25 08:51:12,136 [722a3cfd-0cb3-45bd-9dad-85df9dd4c55e@group-72F7012C4762-LeaderElection10] INFO  grpc.GrpcConfigKeys (ConfUtils.java:logGet(46)) - raft.grpc.server.install_snapshot.request.timeout = 3000ms (default)
2023-08-25 08:51:12,136 [722a3cfd-0cb3-45bd-9dad-85df9dd4c55e@group-72F7012C4762-LeaderElection10] INFO  server.RaftServerConfigKeys (ConfUtils.java:logGet(46)) - raft.server.log.appender.install.snapshot.enabled = false (custom)
2023-08-25 08:51:12,136 [722a3cfd-0cb3-45bd-9dad-85df9dd4c55e@group-72F7012C4762-LeaderElection10] INFO  grpc.GrpcConfigKeys (ConfUtils.java:logGet(46)) - raft.grpc.server.heartbeat.channel = true (default)
2023-08-25 08:51:12,136 [722a3cfd-0cb3-45bd-9dad-85df9dd4c55e@group-72F7012C4762-LeaderElection10] INFO  impl.RoleInfo (RoleInfo.java:updateAndGet(139)) - 722a3cfd-0cb3-45bd-9dad-85df9dd4c55e: start 722a3cfd-0cb3-45bd-9dad-85df9dd4c55e@group-72F7012C4762-LeaderStateImpl
2023-08-25 08:51:12,137 [722a3cfd-0cb3-45bd-9dad-85df9dd4c55e@group-72F7012C4762-LeaderElection10] INFO  segmented.SegmentedRaftLogWorker (SegmentedRaftLogWorker.java:rollLogSegment(452)) - 722a3cfd-0cb3-45bd-9dad-85df9dd4c55e@group-72F7012C4762-SegmentedRaftLogWorker: Rolling segment log-0_6 to index:6
2023-08-25 08:51:12,139 [722a3cfd-0cb3-45bd-9dad-85df9dd4c55e@group-72F7012C4762-SegmentedRaftLogWorker] INFO  segmented.SegmentedRaftLogWorker (SegmentedRaftLogWorker.java:execute(608)) - 722a3cfd-0cb3-45bd-9dad-85df9dd4c55e@group-72F7012C4762-SegmentedRaftLogWorker: Rolled log segment from /home/runner/work/ozone/ozone/hadoop-ozone/integration-test/target/test-dir/MiniOzoneClusterImpl-289e54f1-59ef-4028-876b-aa1b67627a4d/datanode-2/data/ratis/e6baba83-e974-44b0-98a4-72f7012c4762/current/log_inprogress_0 to /home/runner/work/ozone/ozone/hadoop-ozone/integration-test/target/test-dir/MiniOzoneClusterImpl-289e54f1-59ef-4028-876b-aa1b67627a4d/datanode-2/data/ratis/e6baba83-e974-44b0-98a4-72f7012c4762/current/log_0-6
2023-08-25 08:51:12,140 [722a3cfd-0cb3-45bd-9dad-85df9dd4c55e@group-72F7012C4762-SegmentedRaftLogWorker] INFO  segmented.SegmentedRaftLogWorker (SegmentedRaftLogWorker.java:execute(651)) - 722a3cfd-0cb3-45bd-9dad-85df9dd4c55e@group-72F7012C4762-SegmentedRaftLogWorker: created new log segment /home/runner/work/ozone/ozone/hadoop-ozone/integration-test/target/test-dir/MiniOzoneClusterImpl-289e54f1-59ef-4028-876b-aa1b67627a4d/datanode-2/data/ratis/e6baba83-e974-44b0-98a4-72f7012c4762/current/log_inprogress_7
2023-08-25 08:51:12,146 [722a3cfd-0cb3-45bd-9dad-85df9dd4c55e@group-72F7012C4762-LeaderElection10] INFO  server.RaftServer$Division (ServerState.java:setRaftConf(434)) - 722a3cfd-0cb3-45bd-9dad-85df9dd4c55e@group-72F7012C4762: set configuration 7: peers:[722a3cfd-0cb3-45bd-9dad-85df9dd4c55e|rpc:10.1.0.19:15032|admin:10.1.0.19:15031|client:10.1.0.19:15030|dataStream:10.1.0.19:15033|priority:0|startupRole:FOLLOWER, 6f59ded9-1d69-4648-a4a5-1116b15843fb|rpc:10.1.0.19:15014|admin:10.1.0.19:15013|client:10.1.0.19:15012|dataStream:10.1.0.19:15015|priority:1|startupRole:FOLLOWER, 5e5d2cfb-a693-459c-b621-520c42fdac66|rpc:10.1.0.19:15023|admin:10.1.0.19:15022|client:10.1.0.19:15021|dataStream:10.1.0.19:15024|priority:0|startupRole:FOLLOWER]|listeners:[], old=null
2023-08-25 08:51:12,149 [grpc-default-executor-6] WARN  server.GrpcLogAppender (LogUtils.java:warn(122)) - 722a3cfd-0cb3-45bd-9dad-85df9dd4c55e@group-72F7012C4762->6f59ded9-1d69-4648-a4a5-1116b15843fb-AppendLogResponseHandler: Failed appendEntries: org.apache.ratis.thirdparty.io.grpc.StatusRuntimeException: UNAVAILABLE: io exception
2023-08-25 08:51:12,149 [grpc-default-executor-0] WARN  server.GrpcLogAppender (LogUtils.java:warn(122)) - 722a3cfd-0cb3-45bd-9dad-85df9dd4c55e@group-72F7012C4762->6f59ded9-1d69-4648-a4a5-1116b15843fb-AppendLogResponseHandler: Failed appendEntries: org.apache.ratis.thirdparty.io.grpc.StatusRuntimeException: UNAVAILABLE: io exception
2023-08-25 08:51:12,150 [grpc-default-executor-6] INFO  leader.FollowerInfo (FollowerInfoImpl.java:lambda$new$0(52)) - 722a3cfd-0cb3-45bd-9dad-85df9dd4c55e@group-72F7012C4762->6f59ded9-1d69-4648-a4a5-1116b15843fb: decreaseNextIndex nextIndex: updateUnconditionally 7 -> 0
2023-08-25 08:51:12,152 [5e5d2cfb-a693-459c-b621-520c42fdac66-server-thread1] INFO  ratis.XceiverServerRatis (XceiverServerRatis.java:handleLeaderChangedNotification(902)) - Leader change notification received for group: group-72F7012C4762 with new leaderId: 722a3cfd-0cb3-45bd-9dad-85df9dd4c55e
2023-08-25 08:51:12,152 [5e5d2cfb-a693-459c-b621-520c42fdac66-server-thread1] INFO  server.RaftServer$Division (ServerState.java:setLeader(317)) - 5e5d2cfb-a693-459c-b621-520c42fdac66@group-72F7012C4762: change Leader from null to 722a3cfd-0cb3-45bd-9dad-85df9dd4c55e at term 2 for appendEntries, leader elected after 27ms
2023-08-25 08:51:12,164 [grpc-default-executor-6] WARN  server.GrpcLogAppender (LogUtils.java:warn(122)) - 722a3cfd-0cb3-45bd-9dad-85df9dd4c55e@group-72F7012C4762->6f59ded9-1d69-4648-a4a5-1116b15843fb-AppendLogResponseHandler: Failed appendEntries: org.apache.ratis.thirdparty.io.grpc.StatusRuntimeException: UNAVAILABLE: io exception
2023-08-25 08:51:12,164 [grpc-default-executor-0] WARN  server.GrpcLogAppender (LogUtils.java:warn(122)) - 722a3cfd-0cb3-45bd-9dad-85df9dd4c55e@group-72F7012C4762->6f59ded9-1d69-4648-a4a5-1116b15843fb-AppendLogResponseHandler: Failed appendEntries: org.apache.ratis.thirdparty.io.grpc.StatusRuntimeException: UNAVAILABLE: io exception
2023-08-25 08:51:12,165 [5e5d2cfb-a693-459c-b621-520c42fdac66-server-thread3] INFO  server.RaftServer$Division (ServerState.java:setRaftConf(434)) - 5e5d2cfb-a693-459c-b621-520c42fdac66@group-72F7012C4762: set configuration 7: peers:[722a3cfd-0cb3-45bd-9dad-85df9dd4c55e|rpc:10.1.0.19:15032|admin:10.1.0.19:15031|client:10.1.0.19:15030|dataStream:10.1.0.19:15033|priority:0|startupRole:FOLLOWER, 6f59ded9-1d69-4648-a4a5-1116b15843fb|rpc:10.1.0.19:15014|admin:10.1.0.19:15013|client:10.1.0.19:15012|dataStream:10.1.0.19:15015|priority:1|startupRole:FOLLOWER, 5e5d2cfb-a693-459c-b621-520c42fdac66|rpc:10.1.0.19:15023|admin:10.1.0.19:15022|client:10.1.0.19:15021|dataStream:10.1.0.19:15024|priority:0|startupRole:FOLLOWER]|listeners:[], old=null
2023-08-25 08:51:12,166 [5e5d2cfb-a693-459c-b621-520c42fdac66-server-thread3] INFO  segmented.SegmentedRaftLogWorker (SegmentedRaftLogWorker.java:rollLogSegment(452)) - 5e5d2cfb-a693-459c-b621-520c42fdac66@group-72F7012C4762-SegmentedRaftLogWorker: Rolling segment log-0_6 to index:6
2023-08-25 08:51:12,166 [5e5d2cfb-a693-459c-b621-520c42fdac66@group-72F7012C4762-SegmentedRaftLogWorker] INFO  segmented.SegmentedRaftLogWorker (SegmentedRaftLogWorker.java:execute(608)) - 5e5d2cfb-a693-459c-b621-520c42fdac66@group-72F7012C4762-SegmentedRaftLogWorker: Rolled log segment from /home/runner/work/ozone/ozone/hadoop-ozone/integration-test/target/test-dir/MiniOzoneClusterImpl-289e54f1-59ef-4028-876b-aa1b67627a4d/datanode-1/data/ratis/e6baba83-e974-44b0-98a4-72f7012c4762/current/log_inprogress_0 to /home/runner/work/ozone/ozone/hadoop-ozone/integration-test/target/test-dir/MiniOzoneClusterImpl-289e54f1-59ef-4028-876b-aa1b67627a4d/datanode-1/data/ratis/e6baba83-e974-44b0-98a4-72f7012c4762/current/log_0-6
2023-08-25 08:51:12,168 [grpc-default-executor-6] INFO  leader.FollowerInfo (FollowerInfoImpl.java:lambda$new$0(52)) - 722a3cfd-0cb3-45bd-9dad-85df9dd4c55e@group-72F7012C4762->6f59ded9-1d69-4648-a4a5-1116b15843fb: decreaseNextIndex nextIndex: updateUnconditionally 1 -> 0
2023-08-25 08:51:12,169 [5e5d2cfb-a693-459c-b621-520c42fdac66@group-72F7012C4762-SegmentedRaftLogWorker] INFO  segmented.SegmentedRaftLogWorker (SegmentedRaftLogWorker.java:execute(651)) - 5e5d2cfb-a693-459c-b621-520c42fdac66@group-72F7012C4762-SegmentedRaftLogWorker: created new log segment /home/runner/work/ozone/ozone/hadoop-ozone/integration-test/target/test-dir/MiniOzoneClusterImpl-289e54f1-59ef-4028-876b-aa1b67627a4d/datanode-1/data/ratis/e6baba83-e974-44b0-98a4-72f7012c4762/current/log_inprogress_7
2023-08-25 08:51:12,175 [grpc-default-executor-0] WARN  server.GrpcLogAppender (LogUtils.java:warn(122)) - 722a3cfd-0cb3-45bd-9dad-85df9dd4c55e@group-72F7012C4762->6f59ded9-1d69-4648-a4a5-1116b15843fb-AppendLogResponseHandler: Failed appendEntries: org.apache.ratis.thirdparty.io.grpc.StatusRuntimeException: UNAVAILABLE: io exception
2023-08-25 08:51:12,176 [grpc-default-executor-0] INFO  leader.FollowerInfo (FollowerInfoImpl.java:lambda$new$0(52)) - 722a3cfd-0cb3-45bd-9dad-85df9dd4c55e@group-72F7012C4762->6f59ded9-1d69-4648-a4a5-1116b15843fb: decreaseNextIndex nextIndex: updateUnconditionally 1 -> 0
2023-08-25 08:51:12,183 [grpc-default-executor-6] WARN  server.GrpcLogAppender (LogUtils.java:warn(122)) - 722a3cfd-0cb3-45bd-9dad-85df9dd4c55e@group-72F7012C4762->6f59ded9-1d69-4648-a4a5-1116b15843fb-AppendLogResponseHandler: Failed appendEntries: org.apache.ratis.thirdparty.io.grpc.StatusRuntimeException: UNAVAILABLE: io exception
2023-08-25 08:51:12,183 [grpc-default-executor-2] WARN  server.GrpcLogAppender (LogUtils.java:warn(122)) - 722a3cfd-0cb3-45bd-9dad-85df9dd4c55e@group-72F7012C4762->6f59ded9-1d69-4648-a4a5-1116b15843fb-AppendLogResponseHandler: Failed appendEntries: org.apache.ratis.thirdparty.io.grpc.StatusRuntimeException: UNAVAILABLE: io exception
2023-08-25 08:51:12,183 [grpc-default-executor-0] WARN  server.GrpcLogAppender (LogUtils.java:warn(122)) - 722a3cfd-0cb3-45bd-9dad-85df9dd4c55e@group-72F7012C4762->6f59ded9-1d69-4648-a4a5-1116b15843fb-AppendLogResponseHandler: Failed appendEntries: org.apache.ratis.thirdparty.io.grpc.StatusRuntimeException: UNAVAILABLE: io exception
2023-08-25 08:51:12,183 [grpc-default-executor-6] INFO  leader.FollowerInfo (FollowerInfoImpl.java:lambda$new$0(52)) - 722a3cfd-0cb3-45bd-9dad-85df9dd4c55e@group-72F7012C4762->6f59ded9-1d69-4648-a4a5-1116b15843fb: decreaseNextIndex nextIndex: updateUnconditionally 1 -> 0
2023-08-25 08:51:12,186 [grpc-default-executor-6] WARN  server.GrpcLogAppender (LogUtils.java:warn(122)) - 722a3cfd-0cb3-45bd-9dad-85df9dd4c55e@group-72F7012C4762->6f59ded9-1d69-4648-a4a5-1116b15843fb-AppendLogResponseHandler: Failed appendEntries: org.apache.ratis.thirdparty.io.grpc.StatusRuntimeException: UNAVAILABLE: io exception
2023-08-25 08:51:12,186 [grpc-default-executor-0] WARN  server.GrpcLogAppender (LogUtils.java:warn(122)) - 722a3cfd-0cb3-45bd-9dad-85df9dd4c55e@group-72F7012C4762->6f59ded9-1d69-4648-a4a5-1116b15843fb-AppendLogResponseHandler: Failed appendEntries: org.apache.ratis.thirdparty.io.grpc.StatusRuntimeException: UNAVAILABLE: io exception
2023-08-25 08:51:12,187 [grpc-default-executor-0] INFO  leader.FollowerInfo (FollowerInfoImpl.java:lambda$new$0(52)) - 722a3cfd-0cb3-45bd-9dad-85df9dd4c55e@group-72F7012C4762->6f59ded9-1d69-4648-a4a5-1116b15843fb: decreaseNextIndex nextIndex: updateUnconditionally 1 -> 0
2023-08-25 08:51:12,700 [Time-limited test] INFO  container.TestHelper (TestHelper.java:countReplicas(423)) - Container 1 has 3 replicas on [5e5d2cfb-a693-459c-b621-520c42fdac66, 6f59ded9-1d69-4648-a4a5-1116b15843fb, 722a3cfd-0cb3-45bd-9dad-85df9dd4c55e]
2023-08-25 08:51:12,732 [EventQueue-DeadNodeForDeadNodeHandler] INFO  node.DeadNodeHandler (DeadNodeHandler.java:onMessage(82)) - A dead datanode is detected. 6f59ded9-1d69-4648-a4a5-1116b15843fb(fv-az584-689.msjcyvhqqs1uvpg4fm53wptgqc.jx.internal.cloudapp.net/10.1.0.19)
2023-08-25 08:51:12,733 [EventQueue-DeadNodeForDeadNodeHandler] INFO  pipeline.RatisPipelineProvider (RatisPipelineProvider.java:lambda$close$4(272)) - Send pipeline:PipelineID=e6baba83-e974-44b0-98a4-72f7012c4762 close command to datanode 6f59ded9-1d69-4648-a4a5-1116b15843fb
2023-08-25 08:51:12,734 [EventQueue-DeadNodeForDeadNodeHandler] INFO  pipeline.RatisPipelineProvider (RatisPipelineProvider.java:lambda$close$4(272)) - Send pipeline:PipelineID=e6baba83-e974-44b0-98a4-72f7012c4762 close command to datanode 722a3cfd-0cb3-45bd-9dad-85df9dd4c55e
2023-08-25 08:51:12,734 [EventQueue-DeadNodeForDeadNodeHandler] INFO  pipeline.RatisPipelineProvider (RatisPipelineProvider.java:lambda$close$4(272)) - Send pipeline:PipelineID=e6baba83-e974-44b0-98a4-72f7012c4762 close command to datanode 5e5d2cfb-a693-459c-b621-520c42fdac66
2023-08-25 08:51:12,735 [EventQueue-DeadNodeForDeadNodeHandler] INFO  pipeline.PipelineManagerImpl (PipelineManagerImpl.java:removePipeline(478)) - Pipeline Pipeline[ Id: e6baba83-e974-44b0-98a4-72f7012c4762, Nodes: 6f59ded9-1d69-4648-a4a5-1116b15843fb(fv-az584-689.msjcyvhqqs1uvpg4fm53wptgqc.jx.internal.cloudapp.net/10.1.0.19)722a3cfd-0cb3-45bd-9dad-85df9dd4c55e(fv-az584-689.msjcyvhqqs1uvpg4fm53wptgqc.jx.internal.cloudapp.net/10.1.0.19)5e5d2cfb-a693-459c-b621-520c42fdac66(fv-az584-689.msjcyvhqqs1uvpg4fm53wptgqc.jx.internal.cloudapp.net/10.1.0.19), ReplicationConfig: RATIS/THREE, State:CLOSED, leaderId:722a3cfd-0cb3-45bd-9dad-85df9dd4c55e, CreationTimestamp2023-08-25T08:50:53.811Z[Etc/UTC]] removed.
2023-08-25 08:51:12,735 [EventQueue-DeadNodeForDeadNodeHandler] INFO  pipeline.RatisPipelineProvider (RatisPipelineProvider.java:lambda$close$4(272)) - Send pipeline:PipelineID=761ab50f-7aa3-4294-82e9-32b8677feacd close command to datanode 6f59ded9-1d69-4648-a4a5-1116b15843fb
2023-08-25 08:51:12,735 [EventQueue-DeadNodeForDeadNodeHandler] INFO  pipeline.PipelineManagerImpl (PipelineManagerImpl.java:removePipeline(478)) - Pipeline Pipeline[ Id: 761ab50f-7aa3-4294-82e9-32b8677feacd, Nodes: 6f59ded9-1d69-4648-a4a5-1116b15843fb(fv-az584-689.msjcyvhqqs1uvpg4fm53wptgqc.jx.internal.cloudapp.net/10.1.0.19), ReplicationConfig: RATIS/ONE, State:CLOSED, leaderId:6f59ded9-1d69-4648-a4a5-1116b15843fb, CreationTimestamp2023-08-25T08:50:53.011Z[Etc/UTC]] removed.
2023-08-25 08:51:12,735 [EventQueue-DeadNodeForDeadNodeHandler] INFO  pipeline.RatisPipelineProvider (RatisPipelineProvider.java:lambda$close$4(272)) - Send pipeline:PipelineID=809e3c79-4f70-494e-a9e8-2a842429a16a close command to datanode 722a3cfd-0cb3-45bd-9dad-85df9dd4c55e
2023-08-25 08:51:12,735 [EventQueue-DeadNodeForDeadNodeHandler] INFO  pipeline.RatisPipelineProvider (RatisPipelineProvider.java:lambda$close$4(272)) - Send pipeline:PipelineID=809e3c79-4f70-494e-a9e8-2a842429a16a close command to datanode 6f59ded9-1d69-4648-a4a5-1116b15843fb
2023-08-25 08:51:12,735 [EventQueue-DeadNodeForDeadNodeHandler] INFO  pipeline.RatisPipelineProvider (RatisPipelineProvider.java:lambda$close$4(272)) - Send pipeline:PipelineID=809e3c79-4f70-494e-a9e8-2a842429a16a close command to datanode 5e5d2cfb-a693-459c-b621-520c42fdac66
2023-08-25 08:51:12,736 [EventQueue-DeadNodeForDeadNodeHandler] INFO  pipeline.PipelineManagerImpl (PipelineManagerImpl.java:removePipeline(478)) - Pipeline Pipeline[ Id: 809e3c79-4f70-494e-a9e8-2a842429a16a, Nodes: 722a3cfd-0cb3-45bd-9dad-85df9dd4c55e(fv-az584-689.msjcyvhqqs1uvpg4fm53wptgqc.jx.internal.cloudapp.net/10.1.0.19)6f59ded9-1d69-4648-a4a5-1116b15843fb(fv-az584-689.msjcyvhqqs1uvpg4fm53wptgqc.jx.internal.cloudapp.net/10.1.0.19)5e5d2cfb-a693-459c-b621-520c42fdac66(fv-az584-689.msjcyvhqqs1uvpg4fm53wptgqc.jx.internal.cloudapp.net/10.1.0.19), ReplicationConfig: RATIS/THREE, State:CLOSED, leaderId:722a3cfd-0cb3-45bd-9dad-85df9dd4c55e, CreationTimestamp2023-08-25T08:50:53.804Z[Etc/UTC]] removed.
2023-08-25 08:51:12,737 [EventQueue-DeadNodeForDeadNodeHandler] INFO  node.DeadNodeHandler (DeadNodeHandler.java:onMessage(95)) - Clearing command queue of size 3 for DN 6f59ded9-1d69-4648-a4a5-1116b15843fb(fv-az584-689.msjcyvhqqs1uvpg4fm53wptgqc.jx.internal.cloudapp.net/10.1.0.19)
2023-08-25 08:51:12,738 [EventQueue-DeadNodeForDeadNodeHandler] INFO  net.NetworkTopologyImpl (NetworkTopologyImpl.java:remove(190)) - Removed a node: /default-rack/6f59ded9-1d69-4648-a4a5-1116b15843fb
2023-08-25 08:51:12,799 [ReplicationMonitor] INFO  replication.ReplicationManager (ReplicationManager.java:processAll(389)) - Replication Monitor Thread took 1 milliseconds for processing 1 containers.
2023-08-25 08:51:13,329 [grpc-default-executor-6] WARN  server.GrpcLogAppender (LogUtils.java:warn(122)) - 722a3cfd-0cb3-45bd-9dad-85df9dd4c55e@group-2A842429A16A->6f59ded9-1d69-4648-a4a5-1116b15843fb-AppendLogResponseHandler: Failed appendEntries: org.apache.ratis.thirdparty.io.grpc.StatusRuntimeException: UNAVAILABLE: io exception
2023-08-25 08:51:13,330 [grpc-default-executor-6] WARN  server.GrpcLogAppender (GrpcLogAppender.java:resetClient(128)) - 722a3cfd-0cb3-45bd-9dad-85df9dd4c55e@group-2A842429A16A->6f59ded9-1d69-4648-a4a5-1116b15843fb-GrpcLogAppender: Follower failed when matchIndex == 0,  keep nextIndex (1) unchanged and retry.
2023-08-25 08:51:13,330 [grpc-default-executor-0] WARN  server.GrpcLogAppender (LogUtils.java:warn(122)) - 722a3cfd-0cb3-45bd-9dad-85df9dd4c55e@group-2A842429A16A->6f59ded9-1d69-4648-a4a5-1116b15843fb-AppendLogResponseHandler: Failed appendEntries: org.apache.ratis.thirdparty.io.grpc.StatusRuntimeException: UNAVAILABLE: io exception
2023-08-25 08:51:13,330 [grpc-default-executor-0] WARN  server.GrpcLogAppender (GrpcLogAppender.java:resetClient(128)) - 722a3cfd-0cb3-45bd-9dad-85df9dd4c55e@group-2A842429A16A->6f59ded9-1d69-4648-a4a5-1116b15843fb-GrpcLogAppender: Follower failed when matchIndex == 0,  keep nextIndex (1) unchanged and retry.
2023-08-25 08:51:13,401 [grpc-default-executor-0] WARN  server.GrpcLogAppender (LogUtils.java:warn(122)) - 722a3cfd-0cb3-45bd-9dad-85df9dd4c55e@group-72F7012C4762->6f59ded9-1d69-4648-a4a5-1116b15843fb-AppendLogResponseHandler: Failed appendEntries: org.apache.ratis.thirdparty.io.grpc.StatusRuntimeException: UNAVAILABLE: io exception
2023-08-25 08:51:13,402 [grpc-default-executor-6] WARN  server.GrpcLogAppender (LogUtils.java:warn(122)) - 722a3cfd-0cb3-45bd-9dad-85df9dd4c55e@group-72F7012C4762->6f59ded9-1d69-4648-a4a5-1116b15843fb-AppendLogResponseHandler: Failed appendEntries: org.apache.ratis.thirdparty.io.grpc.StatusRuntimeException: UNAVAILABLE: io exception
2023-08-25 08:51:13,412 [grpc-default-executor-0] WARN  server.GrpcLogAppender (LogUtils.java:warn(122)) - 722a3cfd-0cb3-45bd-9dad-85df9dd4c55e@group-72F7012C4762->6f59ded9-1d69-4648-a4a5-1116b15843fb-AppendLogResponseHandler: Failed appendEntries: org.apache.ratis.thirdparty.io.grpc.StatusRuntimeException: UNAVAILABLE: io exception
2023-08-25 08:51:13,413 [grpc-default-executor-0] INFO  leader.FollowerInfo (FollowerInfoImpl.java:lambda$new$0(52)) - 722a3cfd-0cb3-45bd-9dad-85df9dd4c55e@group-72F7012C4762->6f59ded9-1d69-4648-a4a5-1116b15843fb: decreaseNextIndex nextIndex: updateUnconditionally 1 -> 0
2023-08-25 08:51:13,413 [grpc-default-executor-6] WARN  server.GrpcLogAppender (LogUtils.java:warn(122)) - 722a3cfd-0cb3-45bd-9dad-85df9dd4c55e@group-72F7012C4762->6f59ded9-1d69-4648-a4a5-1116b15843fb-AppendLogResponseHandler: Failed appendEntries: org.apache.ratis.thirdparty.io.grpc.StatusRuntimeException: UNAVAILABLE: io exception
2023-08-25 08:51:13,700 [Time-limited test] INFO  container.TestHelper (TestHelper.java:countReplicas(423)) - Container 1 has 2 replicas on [5e5d2cfb-a693-459c-b621-520c42fdac66, 722a3cfd-0cb3-45bd-9dad-85df9dd4c55e]
2023-08-25 08:51:13,701 [Time-limited test] INFO  container.TestHelper (TestHelper.java:countReplicas(423)) - Container 1 has 2 replicas on [5e5d2cfb-a693-459c-b621-520c42fdac66, 722a3cfd-0cb3-45bd-9dad-85df9dd4c55e]
2023-08-25 08:51:13,796 [Under Replicated Processor] WARN  net.NetworkTopologyImpl (NetworkTopologyImpl.java:chooseNodeInternal(651)) - No available node in (scope="/" excludedScope="[/default-rack/5e5d2cfb-a693-459c-b621-520c42fdac66, /default-rack/722a3cfd-0cb3-45bd-9dad-85df9dd4c55e]" excludedNodes="[5e5d2cfb-a693-459c-b621-520c42fdac66(fv-az584-689.msjcyvhqqs1uvpg4fm53wptgqc.jx.internal.cloudapp.net/10.1.0.19), 722a3cfd-0cb3-45bd-9dad-85df9dd4c55e(fv-az584-689.msjcyvhqqs1uvpg4fm53wptgqc.jx.internal.cloudapp.net/10.1.0.19)]"  ancestorGen="1").
2023-08-25 08:51:13,796 [Under Replicated Processor] WARN  algorithms.SCMContainerPlacementRackAware (SCMContainerPlacementRackAware.java:chooseNode(485)) - Failed to find the datanode for container. excludedNodes:[5e5d2cfb-a693-459c-b621-520c42fdac66(fv-az584-689.msjcyvhqqs1uvpg4fm53wptgqc.jx.internal.cloudapp.net/10.1.0.19), 722a3cfd-0cb3-45bd-9dad-85df9dd4c55e(fv-az584-689.msjcyvhqqs1uvpg4fm53wptgqc.jx.internal.cloudapp.net/10.1.0.19)], affinityNode:
2023-08-25 08:51:13,799 [Under Replicated Processor] INFO  replication.ReplicationManager (ReplicationManager.java:sendDatanodeCommand(669)) - Sending command [replicateContainerCommand: containerId=1, replicaIndex=0, targetNode=c4b8bd3c-8a0e-4cc6-b7e6-0374b0604ac7(fv-az584-689.msjcyvhqqs1uvpg4fm53wptgqc.jx.internal.cloudapp.net/10.1.0.19), priority=NORMAL] for container ContainerInfo{id=#1, state=CLOSED, stateEnterTime=2023-08-25T08:51:06.657Z, pipelineID=PipelineID=e6baba83-e974-44b0-98a4-72f7012c4762, owner=om1} to 5e5d2cfb-a693-459c-b621-520c42fdac66(fv-az584-689.msjcyvhqqs1uvpg4fm53wptgqc.jx.internal.cloudapp.net/10.1.0.19) with datanode deadline 1692954043798 and scm deadline 1692954073798
2023-08-25 08:51:13,800 [ReplicationMonitor] INFO  replication.ReplicationManager (ReplicationManager.java:processAll(389)) - Replication Monitor Thread took 0 milliseconds for processing 1 containers.
2023-08-25 08:51:13,801 [Under Replicated Processor] INFO  replication.UnhealthyReplicationProcessor (UnhealthyReplicationProcessor.java:processAll(138)) - Processed 1 containers with health state counts {UNDER_REPLICATED=1}, failed processing 0, deferred due to load 0
2023-08-25 08:51:14,133 [PipelineCommandHandlerThread-0] INFO  server.RaftServer (RaftServerProxy.java:remove(109)) - 722a3cfd-0cb3-45bd-9dad-85df9dd4c55e: remove    LEADER 722a3cfd-0cb3-45bd-9dad-85df9dd4c55e@group-72F7012C4762:t2, leader=722a3cfd-0cb3-45bd-9dad-85df9dd4c55e, voted=722a3cfd-0cb3-45bd-9dad-85df9dd4c55e, raftlog=Memoized:722a3cfd-0cb3-45bd-9dad-85df9dd4c55e@group-72F7012C4762-SegmentedRaftLog:OPENED:c8, conf=7: peers:[722a3cfd-0cb3-45bd-9dad-85df9dd4c55e|rpc:10.1.0.19:15032|admin:10.1.0.19:15031|client:10.1.0.19:15030|dataStream:10.1.0.19:15033|priority:0|startupRole:FOLLOWER, 6f59ded9-1d69-4648-a4a5-1116b15843fb|rpc:10.1.0.19:15014|admin:10.1.0.19:15013|client:10.1.0.19:15012|dataStream:10.1.0.19:15015|priority:1|startupRole:FOLLOWER, 5e5d2cfb-a693-459c-b621-520c42fdac66|rpc:10.1.0.19:15023|admin:10.1.0.19:15022|client:10.1.0.19:15021|dataStream:10.1.0.19:15024|priority:0|startupRole:FOLLOWER]|listeners:[], old=null RUNNING
2023-08-25 08:51:14,134 [PipelineCommandHandlerThread-0] INFO  server.RaftServer$Division (RaftServerImpl.java:lambda$close$4(466)) - 722a3cfd-0cb3-45bd-9dad-85df9dd4c55e@group-72F7012C4762: shutdown
2023-08-25 08:51:14,135 [PipelineCommandHandlerThread-0] INFO  util.JmxRegister (JmxRegister.java:unregister(73)) - Successfully un-registered JMX Bean with object name Ratis:service=RaftServer,group=group-72F7012C4762,id=722a3cfd-0cb3-45bd-9dad-85df9dd4c55e
2023-08-25 08:51:14,135 [PipelineCommandHandlerThread-0] INFO  impl.RoleInfo (RoleInfo.java:shutdownLeaderState(93)) - 722a3cfd-0cb3-45bd-9dad-85df9dd4c55e: shutdown 722a3cfd-0cb3-45bd-9dad-85df9dd4c55e@group-72F7012C4762-LeaderStateImpl
2023-08-25 08:51:14,135 [PipelineCommandHandlerThread-0] INFO  impl.PendingRequests (PendingRequests.java:sendNotLeaderResponses(289)) - 722a3cfd-0cb3-45bd-9dad-85df9dd4c55e@group-72F7012C4762-PendingRequests: sendNotLeaderResponses
2023-08-25 08:51:14,135 [722a3cfd-0cb3-45bd-9dad-85df9dd4c55e@group-72F7012C4762->6f59ded9-1d69-4648-a4a5-1116b15843fb-GrpcLogAppender-LogAppenderDaemon] WARN  server.GrpcLogAppender (GrpcLogAppender.java:mayWait(199)) - 722a3cfd-0cb3-45bd-9dad-85df9dd4c55e@group-72F7012C4762->6f59ded9-1d69-4648-a4a5-1116b15843fb-GrpcLogAppender: Wait interrupted by java.lang.InterruptedException
2023-08-25 08:51:14,135 [722a3cfd-0cb3-45bd-9dad-85df9dd4c55e@group-72F7012C4762->5e5d2cfb-a693-459c-b621-520c42fdac66-GrpcLogAppender-LogAppenderDaemon] WARN  server.GrpcLogAppender (GrpcLogAppender.java:mayWait(199)) - 722a3cfd-0cb3-45bd-9dad-85df9dd4c55e@group-72F7012C4762->5e5d2cfb-a693-459c-b621-520c42fdac66-GrpcLogAppender: Wait interrupted by java.lang.InterruptedException
2023-08-25 08:51:14,138 [722a3cfd-0cb3-45bd-9dad-85df9dd4c55e@group-72F7012C4762-StateMachineUpdater] INFO  ratis.ContainerStateMachine (ContainerStateMachine.java:takeSnapshot(330)) - group-72F7012C4762: Taking a snapshot at:(t:2, i:8) file /home/runner/work/ozone/ozone/hadoop-ozone/integration-test/target/test-dir/MiniOzoneClusterImpl-289e54f1-59ef-4028-876b-aa1b67627a4d/datanode-2/data/ratis/e6baba83-e974-44b0-98a4-72f7012c4762/sm/snapshot.2_8
2023-08-25 08:51:14,138 [PipelineCommandHandlerThread-0] INFO  impl.StateMachineUpdater (StateMachineUpdater.java:stopAndJoin(155)) - 722a3cfd-0cb3-45bd-9dad-85df9dd4c55e@group-72F7012C4762-StateMachineUpdater: set stopIndex = 8
2023-08-25 08:51:14,141 [722a3cfd-0cb3-45bd-9dad-85df9dd4c55e@group-72F7012C4762-StateMachineUpdater] INFO  ratis.ContainerStateMachine (ContainerStateMachine.java:takeSnapshot(341)) - group-72F7012C4762: Finished taking a snapshot at:(t:2, i:8) file:/home/runner/work/ozone/ozone/hadoop-ozone/integration-test/target/test-dir/MiniOzoneClusterImpl-289e54f1-59ef-4028-876b-aa1b67627a4d/datanode-2/data/ratis/e6baba83-e974-44b0-98a4-72f7012c4762/sm/snapshot.2_8 took: 3 ms
2023-08-25 08:51:14,141 [grpc-default-executor-0] INFO  server.GrpcServerProtocolService (GrpcServerProtocolService.java:onCompleted(155)) - 5e5d2cfb-a693-459c-b621-520c42fdac66: Completed APPEND_ENTRIES, lastRequest: null
2023-08-25 08:51:14,142 [722a3cfd-0cb3-45bd-9dad-85df9dd4c55e@group-72F7012C4762-StateMachineUpdater] INFO  impl.StateMachineUpdater (StateMachineUpdater.java:takeSnapshot(291)) - 722a3cfd-0cb3-45bd-9dad-85df9dd4c55e@group-72F7012C4762-StateMachineUpdater: Took a snapshot at index 8
2023-08-25 08:51:14,142 [722a3cfd-0cb3-45bd-9dad-85df9dd4c55e@group-72F7012C4762-StateMachineUpdater] INFO  impl.StateMachineUpdater (StateMachineUpdater.java:lambda$new$0(97)) - 722a3cfd-0cb3-45bd-9dad-85df9dd4c55e@group-72F7012C4762-StateMachineUpdater: snapshotIndex: updateIncreasingly -1 -> 8
2023-08-25 08:51:14,142 [grpc-default-executor-0] INFO  server.GrpcServerProtocolService (GrpcServerProtocolService.java:lambda$onCompleted$5(157)) - 5e5d2cfb-a693-459c-b621-520c42fdac66: Completed APPEND_ENTRIES, lastReply: serverReply {
  requestorId: "722a3cfd-0cb3-45bd-9dad-85df9dd4c55e"
  replyId: "5e5d2cfb-a693-459c-b621-520c42fdac66"
  raftGroupId {
    id: "\346\272\272\203\351tD\260\230\244r\367\001,Gb"
  }
  success: true
}
term: 2
nextIndex: 7
followerCommit: 5
matchIndex: 18446744073709551615
isHearbeat: true

2023-08-25 08:51:14,142 [PipelineCommandHandlerThread-0] INFO  server.RaftServer$Division (ServerState.java:close(472)) - 722a3cfd-0cb3-45bd-9dad-85df9dd4c55e@group-72F7012C4762: closes. applyIndex: 8
2023-08-25 08:51:14,141 [grpc-default-executor-6] INFO  server.GrpcServerProtocolService (GrpcServerProtocolService.java:onCompleted(155)) - 5e5d2cfb-a693-459c-b621-520c42fdac66: Completed APPEND_ENTRIES, lastRequest: 722a3cfd-0cb3-45bd-9dad-85df9dd4c55e->5e5d2cfb-a693-459c-b621-520c42fdac66#2-t2,previous=(t:2, i:7),leaderCommit=7,initializing? true,entries: size=1, first=(t:2, i:8), METADATAENTRY(c:7)
2023-08-25 08:51:14,143 [grpc-default-executor-6] INFO  server.GrpcServerProtocolService (GrpcServerProtocolService.java:lambda$onCompleted$5(157)) - 5e5d2cfb-a693-459c-b621-520c42fdac66: Completed APPEND_ENTRIES, lastReply: null
2023-08-25 08:51:14,144 [grpc-default-executor-0] INFO  server.GrpcLogAppender (GrpcLogAppender.java:onCompleted(428)) - 722a3cfd-0cb3-45bd-9dad-85df9dd4c55e@group-72F7012C4762->5e5d2cfb-a693-459c-b621-520c42fdac66-AppendLogResponseHandler: follower responses appendEntries COMPLETED
2023-08-25 08:51:14,144 [grpc-default-executor-0] INFO  leader.FollowerInfo (FollowerInfoImpl.java:lambda$new$0(52)) - 722a3cfd-0cb3-45bd-9dad-85df9dd4c55e@group-72F7012C4762->5e5d2cfb-a693-459c-b621-520c42fdac66: decreaseNextIndex nextIndex: updateUnconditionally 9 -> 8
2023-08-25 08:51:14,144 [grpc-default-executor-0] INFO  server.GrpcLogAppender (GrpcLogAppender.java:onCompleted(428)) - 722a3cfd-0cb3-45bd-9dad-85df9dd4c55e@group-72F7012C4762->5e5d2cfb-a693-459c-b621-520c42fdac66-AppendLogResponseHandler: follower responses appendEntries COMPLETED
2023-08-25 08:51:14,144 [grpc-default-executor-0] INFO  leader.FollowerInfo (FollowerInfoImpl.java:lambda$new$0(52)) - 722a3cfd-0cb3-45bd-9dad-85df9dd4c55e@group-72F7012C4762->5e5d2cfb-a693-459c-b621-520c42fdac66: decreaseNextIndex nextIndex: updateUnconditionally 8 -> 7
2023-08-25 08:51:14,177 [PipelineCommandHandlerThread-0] INFO  segmented.SegmentedRaftLogWorker (SegmentedRaftLogWorker.java:close(252)) - 722a3cfd-0cb3-45bd-9dad-85df9dd4c55e@group-72F7012C4762-SegmentedRaftLogWorker close()
2023-08-25 08:51:14,183 [PipelineCommandHandlerThread-0] INFO  server.RaftServer$Division (RaftServerImpl.java:groupRemove(436)) - 722a3cfd-0cb3-45bd-9dad-85df9dd4c55e@group-72F7012C4762: Succeed to remove RaftStorageDirectory Storage Directory /home/runner/work/ozone/ozone/hadoop-ozone/integration-test/target/test-dir/MiniOzoneClusterImpl-289e54f1-59ef-4028-876b-aa1b67627a4d/datanode-2/data/ratis/e6baba83-e974-44b0-98a4-72f7012c4762
2023-08-25 08:51:14,184 [PipelineCommandHandlerThread-0] INFO  commandhandler.ClosePipelineCommandHandler (ClosePipelineCommandHandler.java:lambda$handle$0(87)) - Close Pipeline PipelineID=e6baba83-e974-44b0-98a4-72f7012c4762 command on datanode 722a3cfd-0cb3-45bd-9dad-85df9dd4c55e.
2023-08-25 08:51:14,184 [PipelineCommandHandlerThread-0] INFO  server.RaftServer (RaftServerProxy.java:remove(109)) - 722a3cfd-0cb3-45bd-9dad-85df9dd4c55e: remove    LEADER 722a3cfd-0cb3-45bd-9dad-85df9dd4c55e@group-2A842429A16A:t1, leader=722a3cfd-0cb3-45bd-9dad-85df9dd4c55e, voted=722a3cfd-0cb3-45bd-9dad-85df9dd4c55e, raftlog=Memoized:722a3cfd-0cb3-45bd-9dad-85df9dd4c55e@group-2A842429A16A-SegmentedRaftLog:OPENED:c0, conf=0: peers:[722a3cfd-0cb3-45bd-9dad-85df9dd4c55e|rpc:10.1.0.19:15032|admin:10.1.0.19:15031|client:10.1.0.19:15030|dataStream:10.1.0.19:15033|priority:1|startupRole:FOLLOWER, 6f59ded9-1d69-4648-a4a5-1116b15843fb|rpc:10.1.0.19:15014|admin:10.1.0.19:15013|client:10.1.0.19:15012|dataStream:10.1.0.19:15015|priority:0|startupRole:FOLLOWER, 5e5d2cfb-a693-459c-b621-520c42fdac66|rpc:10.1.0.19:15023|admin:10.1.0.19:15022|client:10.1.0.19:15021|dataStream:10.1.0.19:15024|priority:0|startupRole:FOLLOWER]|listeners:[], old=null RUNNING
2023-08-25 08:51:14,184 [PipelineCommandHandlerThread-0] INFO  server.RaftServer$Division (RaftServerImpl.java:lambda$close$4(466)) - 722a3cfd-0cb3-45bd-9dad-85df9dd4c55e@group-2A842429A16A: shutdown
2023-08-25 08:51:14,184 [PipelineCommandHandlerThread-0] INFO  util.JmxRegister (JmxRegister.java:unregister(73)) - Successfully un-registered JMX Bean with object name Ratis:service=RaftServer,group=group-2A842429A16A,id=722a3cfd-0cb3-45bd-9dad-85df9dd4c55e
2023-08-25 08:51:14,184 [PipelineCommandHandlerThread-0] INFO  impl.RoleInfo (RoleInfo.java:shutdownLeaderState(93)) - 722a3cfd-0cb3-45bd-9dad-85df9dd4c55e: shutdown 722a3cfd-0cb3-45bd-9dad-85df9dd4c55e@group-2A842429A16A-LeaderStateImpl
2023-08-25 08:51:14,184 [722a3cfd-0cb3-45bd-9dad-85df9dd4c55e@group-2A842429A16A->6f59ded9-1d69-4648-a4a5-1116b15843fb-GrpcLogAppender-LogAppenderDaemon] WARN  server.GrpcLogAppender (GrpcLogAppender.java:mayWait(199)) - 722a3cfd-0cb3-45bd-9dad-85df9dd4c55e@group-2A842429A16A->6f59ded9-1d69-4648-a4a5-1116b15843fb-GrpcLogAppender: Wait interrupted by java.lang.InterruptedException
2023-08-25 08:51:14,185 [722a3cfd-0cb3-45bd-9dad-85df9dd4c55e@group-2A842429A16A->5e5d2cfb-a693-459c-b621-520c42fdac66-GrpcLogAppender-LogAppenderDaemon] WARN  server.GrpcLogAppender (GrpcLogAppender.java:mayWait(199)) - 722a3cfd-0cb3-45bd-9dad-85df9dd4c55e@group-2A842429A16A->5e5d2cfb-a693-459c-b621-520c42fdac66-GrpcLogAppender: Wait interrupted by java.lang.InterruptedException
2023-08-25 08:51:14,187 [grpc-default-executor-6] INFO  server.GrpcServerProtocolService (GrpcServerProtocolService.java:onCompleted(155)) - 5e5d2cfb-a693-459c-b621-520c42fdac66: Completed APPEND_ENTRIES, lastRequest: 722a3cfd-0cb3-45bd-9dad-85df9dd4c55e->5e5d2cfb-a693-459c-b621-520c42fdac66#1-t1,previous=(t:0, i:0),leaderCommit=-1,initializing? true,entries: size=1, first=(t:1, i:0), CONFIGURATIONENTRY(current:id: "722a3cfd-0cb3-45bd-9dad-85df9dd4c55e"
address: "10.1.0.19:15032"
priority: 1
dataStreamAddress: "10.1.0.19:15033"
clientAddress: "10.1.0.19:15030"
adminAddress: "10.1.0.19:15031"
startupRole: FOLLOWER
,id: "6f59ded9-1d69-4648-a4a5-1116b15843fb"
address: "10.1.0.19:15014"
dataStreamAddress: "10.1.0.19:15015"
clientAddress: "10.1.0.19:15012"
adminAddress: "10.1.0.19:15013"
startupRole: FOLLOWER
,id: "5e5d2cfb-a693-459c-b621-520c42fdac66"
address: "10.1.0.19:15023"
dataStreamAddress: "10.1.0.19:15024"
clientAddress: "10.1.0.19:15021"
adminAddress: "10.1.0.19:15022"
startupRole: FOLLOWER
, old:)
2023-08-25 08:51:14,187 [grpc-default-executor-6] INFO  server.GrpcServerProtocolService (GrpcServerProtocolService.java:lambda$onCompleted$5(157)) - 5e5d2cfb-a693-459c-b621-520c42fdac66: Completed APPEND_ENTRIES, lastReply: null
2023-08-25 08:51:14,187 [grpc-default-executor-0] INFO  server.GrpcServerProtocolService (GrpcServerProtocolService.java:onCompleted(155)) - 5e5d2cfb-a693-459c-b621-520c42fdac66: Completed APPEND_ENTRIES, lastRequest: null
2023-08-25 08:51:14,187 [grpc-default-executor-0] INFO  server.GrpcServerProtocolService (GrpcServerProtocolService.java:lambda$onCompleted$5(157)) - 5e5d2cfb-a693-459c-b621-520c42fdac66: Completed APPEND_ENTRIES, lastReply: serverReply {
  requestorId: "722a3cfd-0cb3-45bd-9dad-85df9dd4c55e"
  replyId: "5e5d2cfb-a693-459c-b621-520c42fdac66"
  raftGroupId {
    id: "\200\236<yOpIN\251\350*\204$)\241j"
  }
  callId: 7
  success: true
}
term: 1
nextIndex: 1
matchIndex: 18446744073709551615
isHearbeat: true

2023-08-25 08:51:14,187 [grpc-default-executor-0] INFO  server.GrpcLogAppender (GrpcLogAppender.java:onCompleted(428)) - 722a3cfd-0cb3-45bd-9dad-85df9dd4c55e@group-2A842429A16A->5e5d2cfb-a693-459c-b621-520c42fdac66-AppendLogResponseHandler: follower responses appendEntries COMPLETED
2023-08-25 08:51:14,188 [grpc-default-executor-0] INFO  leader.FollowerInfo (FollowerInfoImpl.java:lambda$new$0(52)) - 722a3cfd-0cb3-45bd-9dad-85df9dd4c55e@group-2A842429A16A->5e5d2cfb-a693-459c-b621-520c42fdac66: decreaseNextIndex nextIndex: updateUnconditionally 1 -> 0
2023-08-25 08:51:14,188 [grpc-default-executor-0] INFO  server.GrpcLogAppender (GrpcLogAppender.java:onCompleted(428)) - 722a3cfd-0cb3-45bd-9dad-85df9dd4c55e@group-2A842429A16A->5e5d2cfb-a693-459c-b621-520c42fdac66-AppendLogResponseHandler: follower responses appendEntries COMPLETED
2023-08-25 08:51:14,193 [PipelineCommandHandlerThread-0] INFO  impl.PendingRequests (PendingRequests.java:sendNotLeaderResponses(289)) - 722a3cfd-0cb3-45bd-9dad-85df9dd4c55e@group-2A842429A16A-PendingRequests: sendNotLeaderResponses
2023-08-25 08:51:14,193 [PipelineCommandHandlerThread-0] INFO  impl.StateMachineUpdater (StateMachineUpdater.java:stopAndJoin(155)) - 722a3cfd-0cb3-45bd-9dad-85df9dd4c55e@group-2A842429A16A-StateMachineUpdater: set stopIndex = 0
2023-08-25 08:51:14,193 [722a3cfd-0cb3-45bd-9dad-85df9dd4c55e@group-2A842429A16A-StateMachineUpdater] INFO  ratis.ContainerStateMachine (ContainerStateMachine.java:takeSnapshot(330)) - group-2A842429A16A: Taking a snapshot at:(t:1, i:0) file /home/runner/work/ozone/ozone/hadoop-ozone/integration-test/target/test-dir/MiniOzoneClusterImpl-289e54f1-59ef-4028-876b-aa1b67627a4d/datanode-2/data/ratis/809e3c79-4f70-494e-a9e8-2a842429a16a/sm/snapshot.1_0
2023-08-25 08:51:14,195 [722a3cfd-0cb3-45bd-9dad-85df9dd4c55e@group-2A842429A16A-StateMachineUpdater] INFO  ratis.ContainerStateMachine (ContainerStateMachine.java:takeSnapshot(341)) - group-2A842429A16A: Finished taking a snapshot at:(t:1, i:0) file:/home/runner/work/ozone/ozone/hadoop-ozone/integration-test/target/test-dir/MiniOzoneClusterImpl-289e54f1-59ef-4028-876b-aa1b67627a4d/datanode-2/data/ratis/809e3c79-4f70-494e-a9e8-2a842429a16a/sm/snapshot.1_0 took: 1 ms
2023-08-25 08:51:14,195 [722a3cfd-0cb3-45bd-9dad-85df9dd4c55e@group-2A842429A16A-StateMachineUpdater] INFO  impl.StateMachineUpdater (StateMachineUpdater.java:takeSnapshot(291)) - 722a3cfd-0cb3-45bd-9dad-85df9dd4c55e@group-2A842429A16A-StateMachineUpdater: Took a snapshot at index 0
2023-08-25 08:51:14,195 [722a3cfd-0cb3-45bd-9dad-85df9dd4c55e@group-2A842429A16A-StateMachineUpdater] INFO  impl.StateMachineUpdater (StateMachineUpdater.java:lambda$new$0(97)) - 722a3cfd-0cb3-45bd-9dad-85df9dd4c55e@group-2A842429A16A-StateMachineUpdater: snapshotIndex: updateIncreasingly -1 -> 0
2023-08-25 08:51:14,196 [PipelineCommandHandlerThread-0] INFO  server.RaftServer$Division (ServerState.java:close(472)) - 722a3cfd-0cb3-45bd-9dad-85df9dd4c55e@group-2A842429A16A: closes. applyIndex: 0
2023-08-25 08:51:14,701 [Time-limited test] INFO  container.TestHelper (TestHelper.java:countReplicas(423)) - Container 1 has 2 replicas on [5e5d2cfb-a693-459c-b621-520c42fdac66, 722a3cfd-0cb3-45bd-9dad-85df9dd4c55e]
2023-08-25 08:51:14,801 [ReplicationMonitor] INFO  replication.ReplicationManager (ReplicationManager.java:processAll(389)) - Replication Monitor Thread took 1 milliseconds for processing 1 containers.
2023-08-25 08:51:14,902 [PipelineCommandHandlerThread-0] INFO  segmented.SegmentedRaftLogWorker (SegmentedRaftLogWorker.java:close(252)) - 722a3cfd-0cb3-45bd-9dad-85df9dd4c55e@group-2A842429A16A-SegmentedRaftLogWorker close()
2023-08-25 08:51:14,905 [PipelineCommandHandlerThread-0] INFO  server.RaftServer$Division (RaftServerImpl.java:groupRemove(436)) - 722a3cfd-0cb3-45bd-9dad-85df9dd4c55e@group-2A842429A16A: Succeed to remove RaftStorageDirectory Storage Directory /home/runner/work/ozone/ozone/hadoop-ozone/integration-test/target/test-dir/MiniOzoneClusterImpl-289e54f1-59ef-4028-876b-aa1b67627a4d/datanode-2/data/ratis/809e3c79-4f70-494e-a9e8-2a842429a16a
2023-08-25 08:51:14,905 [PipelineCommandHandlerThread-0] INFO  commandhandler.ClosePipelineCommandHandler (ClosePipelineCommandHandler.java:lambda$handle$0(87)) - Close Pipeline PipelineID=809e3c79-4f70-494e-a9e8-2a842429a16a command on datanode 722a3cfd-0cb3-45bd-9dad-85df9dd4c55e.
2023-08-25 08:51:15,673 [PipelineCommandHandlerThread-0] INFO  server.RaftServer (RaftServerProxy.java:remove(109)) - 5e5d2cfb-a693-459c-b621-520c42fdac66: remove  FOLLOWER 5e5d2cfb-a693-459c-b621-520c42fdac66@group-72F7012C4762:t2, leader=722a3cfd-0cb3-45bd-9dad-85df9dd4c55e, voted=722a3cfd-0cb3-45bd-9dad-85df9dd4c55e, raftlog=Memoized:5e5d2cfb-a693-459c-b621-520c42fdac66@group-72F7012C4762-SegmentedRaftLog:OPENED:c7, conf=7: peers:[722a3cfd-0cb3-45bd-9dad-85df9dd4c55e|rpc:10.1.0.19:15032|admin:10.1.0.19:15031|client:10.1.0.19:15030|dataStream:10.1.0.19:15033|priority:0|startupRole:FOLLOWER, 6f59ded9-1d69-4648-a4a5-1116b15843fb|rpc:10.1.0.19:15014|admin:10.1.0.19:15013|client:10.1.0.19:15012|dataStream:10.1.0.19:15015|priority:1|startupRole:FOLLOWER, 5e5d2cfb-a693-459c-b621-520c42fdac66|rpc:10.1.0.19:15023|admin:10.1.0.19:15022|client:10.1.0.19:15021|dataStream:10.1.0.19:15024|priority:0|startupRole:FOLLOWER]|listeners:[], old=null RUNNING
2023-08-25 08:51:15,673 [PipelineCommandHandlerThread-0] INFO  server.RaftServer$Division (RaftServerImpl.java:lambda$close$4(466)) - 5e5d2cfb-a693-459c-b621-520c42fdac66@group-72F7012C4762: shutdown
2023-08-25 08:51:15,673 [PipelineCommandHandlerThread-0] INFO  util.JmxRegister (JmxRegister.java:unregister(73)) - Successfully un-registered JMX Bean with object name Ratis:service=RaftServer,group=group-72F7012C4762,id=5e5d2cfb-a693-459c-b621-520c42fdac66
2023-08-25 08:51:15,673 [PipelineCommandHandlerThread-0] INFO  impl.RoleInfo (RoleInfo.java:shutdownFollowerState(110)) - 5e5d2cfb-a693-459c-b621-520c42fdac66: shutdown 5e5d2cfb-a693-459c-b621-520c42fdac66@group-72F7012C4762-FollowerState
2023-08-25 08:51:15,673 [PipelineCommandHandlerThread-0] INFO  impl.StateMachineUpdater (StateMachineUpdater.java:stopAndJoin(155)) - 5e5d2cfb-a693-459c-b621-520c42fdac66@group-72F7012C4762-StateMachineUpdater: set stopIndex = 7
2023-08-25 08:51:15,673 [5e5d2cfb-a693-459c-b621-520c42fdac66@group-72F7012C4762-FollowerState] INFO  impl.FollowerState (FollowerState.java:run(152)) - 5e5d2cfb-a693-459c-b621-520c42fdac66@group-72F7012C4762-FollowerState was interrupted
2023-08-25 08:51:15,679 [5e5d2cfb-a693-459c-b621-520c42fdac66@group-72F7012C4762-StateMachineUpdater] INFO  ratis.ContainerStateMachine (ContainerStateMachine.java:takeSnapshot(330)) - group-72F7012C4762: Taking a snapshot at:(t:2, i:7) file /home/runner/work/ozone/ozone/hadoop-ozone/integration-test/target/test-dir/MiniOzoneClusterImpl-289e54f1-59ef-4028-876b-aa1b67627a4d/datanode-1/data/ratis/e6baba83-e974-44b0-98a4-72f7012c4762/sm/snapshot.2_7
2023-08-25 08:51:15,681 [5e5d2cfb-a693-459c-b621-520c42fdac66@group-72F7012C4762-StateMachineUpdater] INFO  ratis.ContainerStateMachine (ContainerStateMachine.java:takeSnapshot(341)) - group-72F7012C4762: Finished taking a snapshot at:(t:2, i:7) file:/home/runner/work/ozone/ozone/hadoop-ozone/integration-test/target/test-dir/MiniOzoneClusterImpl-289e54f1-59ef-4028-876b-aa1b67627a4d/datanode-1/data/ratis/e6baba83-e974-44b0-98a4-72f7012c4762/sm/snapshot.2_7 took: 2 ms
2023-08-25 08:51:15,681 [5e5d2cfb-a693-459c-b621-520c42fdac66@group-72F7012C4762-StateMachineUpdater] INFO  impl.StateMachineUpdater (StateMachineUpdater.java:takeSnapshot(291)) - 5e5d2cfb-a693-459c-b621-520c42fdac66@group-72F7012C4762-StateMachineUpdater: Took a snapshot at index 7
2023-08-25 08:51:15,682 [5e5d2cfb-a693-459c-b621-520c42fdac66@group-72F7012C4762-StateMachineUpdater] INFO  impl.StateMachineUpdater (StateMachineUpdater.java:lambda$new$0(97)) - 5e5d2cfb-a693-459c-b621-520c42fdac66@group-72F7012C4762-StateMachineUpdater: snapshotIndex: updateIncreasingly -1 -> 7
2023-08-25 08:51:15,682 [PipelineCommandHandlerThread-0] INFO  server.RaftServer$Division (ServerState.java:close(472)) - 5e5d2cfb-a693-459c-b621-520c42fdac66@group-72F7012C4762: closes. applyIndex: 7
2023-08-25 08:51:15,687 [ContainerReplicationThread-0] INFO  replication.PushReplicator (PushReplicator.java:replicate(58)) - Starting replication of container 1 to c4b8bd3c-8a0e-4cc6-b7e6-0374b0604ac7(fv-az584-689.msjcyvhqqs1uvpg4fm53wptgqc.jx.internal.cloudapp.net/10.1.0.19) using NO_COMPRESSION
2023-08-25 08:51:15,701 [Time-limited test] INFO  container.TestHelper (TestHelper.java:countReplicas(423)) - Container 1 has 2 replicas on [5e5d2cfb-a693-459c-b621-520c42fdac66, 722a3cfd-0cb3-45bd-9dad-85df9dd4c55e]
2023-08-25 08:51:15,733 [ContainerReplicationThread-0] INFO  replication.GrpcOutputStream (GrpcOutputStream.java:close(116)) - Sent 9728 bytes for container 1
2023-08-25 08:51:15,738 [ReplicationContainerReader-1] INFO  replication.SendContainerRequestHandler (SendContainerRequestHandler.java:onNext(80)) - Accepting container 1
2023-08-25 08:51:15,738 [ReplicationContainerReader-1] INFO  replication.SendContainerRequestHandler (SendContainerRequestHandler.java:onCompleted(108)) - Container 1 is downloaded with size 9728, starting to import.
2023-08-25 08:51:15,801 [ReplicationMonitor] INFO  replication.ReplicationManager (ReplicationManager.java:processAll(389)) - Replication Monitor Thread took 0 milliseconds for processing 1 containers.
2023-08-25 08:51:15,802 [ReplicationContainerReader-1] INFO  replication.SendContainerRequestHandler (SendContainerRequestHandler.java:onCompleted(114)) - Container 1 is replicated successfully
2023-08-25 08:51:15,808 [grpc-default-executor-0] INFO  replication.GrpcContainerUploader (GrpcContainerUploader.java:onCompleted(132)) - Finished uploading container 1 to c4b8bd3c-8a0e-4cc6-b7e6-0374b0604ac7(fv-az584-689.msjcyvhqqs1uvpg4fm53wptgqc.jx.internal.cloudapp.net/10.1.0.19)
2023-08-25 08:51:15,809 [ContainerReplicationThread-0] INFO  replication.ReplicationSupervisor (ReplicationSupervisor.java:run(364)) - Successful DONE replicateContainerCommand: containerId=1, replicaIndex=0, targetNode=c4b8bd3c-8a0e-4cc6-b7e6-0374b0604ac7(fv-az584-689.msjcyvhqqs1uvpg4fm53wptgqc.jx.internal.cloudapp.net/10.1.0.19), priority=NORMAL, transferred 9728 bytes
2023-08-25 08:51:16,181 [PipelineCommandHandlerThread-0] INFO  segmented.SegmentedRaftLogWorker (SegmentedRaftLogWorker.java:close(252)) - 5e5d2cfb-a693-459c-b621-520c42fdac66@group-72F7012C4762-SegmentedRaftLogWorker close()
2023-08-25 08:51:16,183 [PipelineCommandHandlerThread-0] INFO  server.RaftServer$Division (RaftServerImpl.java:groupRemove(436)) - 5e5d2cfb-a693-459c-b621-520c42fdac66@group-72F7012C4762: Succeed to remove RaftStorageDirectory Storage Directory /home/runner/work/ozone/ozone/hadoop-ozone/integration-test/target/test-dir/MiniOzoneClusterImpl-289e54f1-59ef-4028-876b-aa1b67627a4d/datanode-1/data/ratis/e6baba83-e974-44b0-98a4-72f7012c4762
2023-08-25 08:51:16,183 [PipelineCommandHandlerThread-0] INFO  commandhandler.ClosePipelineCommandHandler (ClosePipelineCommandHandler.java:lambda$handle$0(87)) - Close Pipeline PipelineID=e6baba83-e974-44b0-98a4-72f7012c4762 command on datanode 5e5d2cfb-a693-459c-b621-520c42fdac66.
2023-08-25 08:51:16,184 [PipelineCommandHandlerThread-0] INFO  server.RaftServer (RaftServerProxy.java:remove(109)) - 5e5d2cfb-a693-459c-b621-520c42fdac66: remove  FOLLOWER 5e5d2cfb-a693-459c-b621-520c42fdac66@group-2A842429A16A:t1, leader=722a3cfd-0cb3-45bd-9dad-85df9dd4c55e, voted=722a3cfd-0cb3-45bd-9dad-85df9dd4c55e, raftlog=Memoized:5e5d2cfb-a693-459c-b621-520c42fdac66@group-2A842429A16A-SegmentedRaftLog:OPENED:c0, conf=0: peers:[722a3cfd-0cb3-45bd-9dad-85df9dd4c55e|rpc:10.1.0.19:15032|admin:10.1.0.19:15031|client:10.1.0.19:15030|dataStream:10.1.0.19:15033|priority:1|startupRole:FOLLOWER, 6f59ded9-1d69-4648-a4a5-1116b15843fb|rpc:10.1.0.19:15014|admin:10.1.0.19:15013|client:10.1.0.19:15012|dataStream:10.1.0.19:15015|priority:0|startupRole:FOLLOWER, 5e5d2cfb-a693-459c-b621-520c42fdac66|rpc:10.1.0.19:15023|admin:10.1.0.19:15022|client:10.1.0.19:15021|dataStream:10.1.0.19:15024|priority:0|startupRole:FOLLOWER]|listeners:[], old=null RUNNING
2023-08-25 08:51:16,184 [PipelineCommandHandlerThread-0] INFO  server.RaftServer$Division (RaftServerImpl.java:lambda$close$4(466)) - 5e5d2cfb-a693-459c-b621-520c42fdac66@group-2A842429A16A: shutdown
2023-08-25 08:51:16,184 [PipelineCommandHandlerThread-0] INFO  util.JmxRegister (JmxRegister.java:unregister(73)) - Successfully un-registered JMX Bean with object name Ratis:service=RaftServer,group=group-2A842429A16A,id=5e5d2cfb-a693-459c-b621-520c42fdac66
2023-08-25 08:51:16,184 [PipelineCommandHandlerThread-0] INFO  impl.RoleInfo (RoleInfo.java:shutdownFollowerState(110)) - 5e5d2cfb-a693-459c-b621-520c42fdac66: shutdown 5e5d2cfb-a693-459c-b621-520c42fdac66@group-2A842429A16A-FollowerState
2023-08-25 08:51:16,184 [5e5d2cfb-a693-459c-b621-520c42fdac66@group-2A842429A16A-FollowerState] INFO  impl.FollowerState (FollowerState.java:run(152)) - 5e5d2cfb-a693-459c-b621-520c42fdac66@group-2A842429A16A-FollowerState was interrupted
2023-08-25 08:51:16,185 [5e5d2cfb-a693-459c-b621-520c42fdac66@group-2A842429A16A-StateMachineUpdater] INFO  ratis.ContainerStateMachine (ContainerStateMachine.java:takeSnapshot(330)) - group-2A842429A16A: Taking a snapshot at:(t:1, i:0) file /home/runner/work/ozone/ozone/hadoop-ozone/integration-test/target/test-dir/MiniOzoneClusterImpl-289e54f1-59ef-4028-876b-aa1b67627a4d/datanode-1/data/ratis/809e3c79-4f70-494e-a9e8-2a842429a16a/sm/snapshot.1_0
2023-08-25 08:51:16,185 [PipelineCommandHandlerThread-0] INFO  impl.StateMachineUpdater (StateMachineUpdater.java:stopAndJoin(155)) - 5e5d2cfb-a693-459c-b621-520c42fdac66@group-2A842429A16A-StateMachineUpdater: set stopIndex = 0
2023-08-25 08:51:16,186 [5e5d2cfb-a693-459c-b621-520c42fdac66@group-2A842429A16A-StateMachineUpdater] INFO  ratis.ContainerStateMachine (ContainerStateMachine.java:takeSnapshot(341)) - group-2A842429A16A: Finished taking a snapshot at:(t:1, i:0) file:/home/runner/work/ozone/ozone/hadoop-ozone/integration-test/target/test-dir/MiniOzoneClusterImpl-289e54f1-59ef-4028-876b-aa1b67627a4d/datanode-1/data/ratis/809e3c79-4f70-494e-a9e8-2a842429a16a/sm/snapshot.1_0 took: 1 ms
2023-08-25 08:51:16,187 [5e5d2cfb-a693-459c-b621-520c42fdac66@group-2A842429A16A-StateMachineUpdater] INFO  impl.StateMachineUpdater (StateMachineUpdater.java:takeSnapshot(291)) - 5e5d2cfb-a693-459c-b621-520c42fdac66@group-2A842429A16A-StateMachineUpdater: Took a snapshot at index 0
2023-08-25 08:51:16,187 [5e5d2cfb-a693-459c-b621-520c42fdac66@group-2A842429A16A-StateMachineUpdater] INFO  impl.StateMachineUpdater (StateMachineUpdater.java:lambda$new$0(97)) - 5e5d2cfb-a693-459c-b621-520c42fdac66@group-2A842429A16A-StateMachineUpdater: snapshotIndex: updateIncreasingly -1 -> 0
2023-08-25 08:51:16,187 [PipelineCommandHandlerThread-0] INFO  server.RaftServer$Division (ServerState.java:close(472)) - 5e5d2cfb-a693-459c-b621-520c42fdac66@group-2A842429A16A: closes. applyIndex: 0
2023-08-25 08:51:16,702 [Time-limited test] INFO  container.TestHelper (TestHelper.java:countReplicas(423)) - Container 1 has 3 replicas on [5e5d2cfb-a693-459c-b621-520c42fdac66, 722a3cfd-0cb3-45bd-9dad-85df9dd4c55e, c4b8bd3c-8a0e-4cc6-b7e6-0374b0604ac7]
2023-08-25 08:51:16,706 [Time-limited test] INFO  ozone.MiniOzoneClusterImpl (MiniOzoneClusterImpl.java:shutdown(443)) - Shutting down the Mini Ozone Cluster
2023-08-25 08:51:16,707 [Time-limited test] INFO  ozone.MiniOzoneClusterImpl (MiniOzoneClusterImpl.java:stop(460)) - Stopping the Mini Ozone Cluster
2023-08-25 08:51:16,707 [Time-limited test] INFO  ozone.MiniOzoneClusterImpl (MiniOzoneClusterImpl.java:stopOM(551)) - Stopping the OzoneManager
2023-08-25 08:51:16,707 [Time-limited test] INFO  om.OzoneManager (OzoneManager.java:stop(2187)) - om1[localhost:15004]: Stopping Ozone Manager
2023-08-25 08:51:16,707 [Time-limited test] INFO  ipc.Server (Server.java:stop(3523)) - Stopping server on 15004
2023-08-25 08:51:16,712 [IPC Server Responder] INFO  ipc.Server (Server.java:run(1567)) - Stopping IPC Server Responder
2023-08-25 08:51:16,712 [IPC Server listener on 15004] INFO  ipc.Server (Server.java:run(1434)) - Stopping IPC Server listener on 15004
2023-08-25 08:51:16,714 [Time-limited test] INFO  server.RaftServer (RaftServerProxy.java:lambda$close$6(416)) - om1: close
2023-08-25 08:51:16,715 [Time-limited test] INFO  server.GrpcService (GrpcService.java:closeImpl(311)) - om1: shutdown server GrpcServerProtocolService now
2023-08-25 08:51:16,715 [om1-impl-thread1] INFO  server.RaftServer$Division (RaftServerImpl.java:lambda$close$4(466)) - om1@group-C5BA1605619E: shutdown
2023-08-25 08:51:16,715 [om1-impl-thread1] INFO  util.JmxRegister (JmxRegister.java:unregister(73)) - Successfully un-registered JMX Bean with object name Ratis:service=RaftServer,group=group-C5BA1605619E,id=om1
2023-08-25 08:51:16,715 [om1-impl-thread1] INFO  impl.RoleInfo (RoleInfo.java:shutdownLeaderState(93)) - om1: shutdown om1@group-C5BA1605619E-LeaderStateImpl
2023-08-25 08:51:16,715 [om1-impl-thread1] INFO  impl.PendingRequests (PendingRequests.java:sendNotLeaderResponses(289)) - om1@group-C5BA1605619E-PendingRequests: sendNotLeaderResponses
2023-08-25 08:51:16,715 [Time-limited test] INFO  server.GrpcService (GrpcService.java:closeImpl(320)) - om1: shutdown server GrpcServerProtocolService successfully
2023-08-25 08:51:16,720 [om1-impl-thread1] INFO  impl.StateMachineUpdater (StateMachineUpdater.java:stopAndJoin(155)) - om1@group-C5BA1605619E-StateMachineUpdater: set stopIndex = 8
2023-08-25 08:51:16,720 [om1@group-C5BA1605619E-StateMachineUpdater] INFO  ratis.OzoneManagerStateMachine (OzoneManagerStateMachine.java:takeSnapshot(480)) - Current Snapshot Index (t:1, i:8)
2023-08-25 08:51:16,748 [om1@group-C5BA1605619E-StateMachineUpdater] INFO  impl.StateMachineUpdater (StateMachineUpdater.java:takeSnapshot(291)) - om1@group-C5BA1605619E-StateMachineUpdater: Took a snapshot at index 8
2023-08-25 08:51:16,748 [om1@group-C5BA1605619E-StateMachineUpdater] INFO  impl.StateMachineUpdater (StateMachineUpdater.java:lambda$new$0(97)) - om1@group-C5BA1605619E-StateMachineUpdater: snapshotIndex: updateIncreasingly -1 -> 8
2023-08-25 08:51:16,749 [om1@group-C5BA1605619E-StateMachineUpdater] INFO  ratis.OzoneManagerStateMachine (OzoneManagerStateMachine.java:close(534)) - StateMachine has shutdown. Shutdown OzoneManager if not already shutdown.
2023-08-25 08:51:16,749 [om1@group-C5BA1605619E-StateMachineUpdater] INFO  ratis.OzoneManagerDoubleBuffer (OzoneManagerDoubleBuffer.java:stopDaemon(551)) - Stopping OMDoubleBuffer flush thread
2023-08-25 08:51:16,750 [OMDoubleBufferFlushThread] INFO  ratis.OzoneManagerDoubleBuffer (OzoneManagerDoubleBuffer.java:canFlush(638)) - OMDoubleBuffer flush thread OMDoubleBufferFlushThread is interrupted and will exit.
2023-08-25 08:51:16,751 [om1-impl-thread1] INFO  server.RaftServer$Division (ServerState.java:close(472)) - om1@group-C5BA1605619E: closes. applyIndex: 8
2023-08-25 08:51:16,803 [ReplicationMonitor] INFO  replication.ReplicationManager (ReplicationManager.java:processAll(389)) - Replication Monitor Thread took 1 milliseconds for processing 1 containers.
2023-08-25 08:51:16,854 [om1-impl-thread1] INFO  segmented.SegmentedRaftLogWorker (SegmentedRaftLogWorker.java:close(252)) - om1@group-C5BA1605619E-SegmentedRaftLogWorker close()
2023-08-25 08:51:16,855 [JvmPauseMonitor1] INFO  util.JvmPauseMonitor (JvmPauseMonitor.java:run(109)) - JvmPauseMonitor-om1: Stopped
2023-08-25 08:51:16,855 [Time-limited test] INFO  ratis.OzoneManagerStateMachine (OzoneManagerStateMachine.java:close(534)) - StateMachine has shutdown. Shutdown OzoneManager if not already shutdown.
2023-08-25 08:51:16,855 [Time-limited test] INFO  ratis.OzoneManagerDoubleBuffer (OzoneManagerDoubleBuffer.java:stopDaemon(560)) - OMDoubleBuffer flush thread is not running.
2023-08-25 08:51:16,856 [Time-limited test] INFO  utils.BackgroundService (BackgroundService.java:shutdown(141)) - Shutting down service KeyDeletingService
2023-08-25 08:51:16,857 [Time-limited test] INFO  utils.BackgroundService (BackgroundService.java:shutdown(141)) - Shutting down service KeyDeletingService
2023-08-25 08:51:16,858 [Time-limited test] INFO  utils.BackgroundService (BackgroundService.java:shutdown(141)) - Shutting down service OpenKeyCleanupService
2023-08-25 08:51:16,858 [Time-limited test] INFO  utils.BackgroundService (BackgroundService.java:shutdown(141)) - Shutting down service SstFilteringService
2023-08-25 08:51:16,859 [Time-limited test] INFO  utils.BackgroundService (BackgroundService.java:shutdown(141)) - Shutting down service SnapshotDeletingService
2023-08-25 08:51:16,859 [Time-limited test] INFO  handler.ContextHandler (ContextHandler.java:doStop(1159)) - Stopped o.e.j.w.WebAppContext@7608e55f{ozoneManager,/,null,STOPPED}{file:/home/runner/work/ozone/ozone/hadoop-ozone/integration-test/target/test-classes/webapps/ozoneManager}
2023-08-25 08:51:16,860 [Time-limited test] INFO  server.AbstractConnector (AbstractConnector.java:doStop(383)) - Stopped ServerConnector@23255e00{HTTP/1.1, (http/1.1)}{0.0.0.0:15005}
2023-08-25 08:51:16,860 [Time-limited test] INFO  server.session (HouseKeeper.java:stopScavenging(149)) - node0 Stopped scavenging
2023-08-25 08:51:16,860 [Time-limited test] INFO  handler.ContextHandler (ContextHandler.java:doStop(1159)) - Stopped o.e.j.s.ServletContextHandler@46b7f51f{static,/static,file:///home/runner/work/ozone/ozone/hadoop-ozone/integration-test/target/test-classes/webapps/static,STOPPED}
2023-08-25 08:51:16,861 [Time-limited test] INFO  handler.ContextHandler (ContextHandler.java:doStop(1159)) - Stopped o.e.j.s.ServletContextHandler@29fdd17d{logs,/logs,file:///home/runner/work/ozone/ozone/hadoop-ozone/integration-test/target/log,STOPPED}
2023-08-25 08:51:16,863 [Time-limited test] INFO  rocksdiff.RocksDBCheckpointDiffer (RocksDBCheckpointDiffer.java:close(340)) - Shutting down CompactionDagPruningService.
2023-08-25 08:51:16,866 [Time-limited test] INFO  snapshot.SnapshotDiffManager (SnapshotDiffManager.java:closeExecutorService(1720)) - Shutting down executorService: 'SnapDiffExecutor'
2023-08-25 08:51:16,866 [Time-limited test] INFO  snapshot.SnapshotDiffManager (SnapshotDiffManager.java:closeExecutorService(1720)) - Shutting down executorService: 'SstDumpToolExecutor'
2023-08-25 08:51:16,866 [Time-limited test] INFO  utils.BackgroundService (BackgroundService.java:shutdown(141)) - Shutting down service SnapshotDiffCleanupService
2023-08-25 08:51:16,868 [Time-limited test] INFO  ozone.MiniOzoneClusterImpl (MiniOzoneClusterImpl.java:stopDatanodes(528)) - Stopping the HddsDatanodes
2023-08-25 08:51:16,870 [Time-limited test] INFO  ozoneimpl.OzoneContainer (OzoneContainer.java:stop(451)) - Attempting to stop container services.
2023-08-25 08:51:16,871 [Time-limited test] INFO  server.RaftServer (RaftServerProxy.java:lambda$close$6(416)) - 722a3cfd-0cb3-45bd-9dad-85df9dd4c55e: close
2023-08-25 08:51:16,871 [Time-limited test] INFO  server.GrpcService (GrpcService.java:closeImpl(311)) - 722a3cfd-0cb3-45bd-9dad-85df9dd4c55e: shutdown server org.apache.ratis.grpc.server.GrpcClientProtocolService now
2023-08-25 08:51:16,871 [722a3cfd-0cb3-45bd-9dad-85df9dd4c55e-impl-thread1] INFO  server.RaftServer$Division (RaftServerImpl.java:lambda$close$4(466)) - 722a3cfd-0cb3-45bd-9dad-85df9dd4c55e@group-A430A8A13409: shutdown
2023-08-25 08:51:16,871 [722a3cfd-0cb3-45bd-9dad-85df9dd4c55e-impl-thread1] INFO  util.JmxRegister (JmxRegister.java:unregister(73)) - Successfully un-registered JMX Bean with object name Ratis:service=RaftServer,group=group-A430A8A13409,id=722a3cfd-0cb3-45bd-9dad-85df9dd4c55e
2023-08-25 08:51:16,871 [722a3cfd-0cb3-45bd-9dad-85df9dd4c55e-impl-thread1] INFO  impl.RoleInfo (RoleInfo.java:shutdownLeaderState(93)) - 722a3cfd-0cb3-45bd-9dad-85df9dd4c55e: shutdown 722a3cfd-0cb3-45bd-9dad-85df9dd4c55e@group-A430A8A13409-LeaderStateImpl
2023-08-25 08:51:16,871 [722a3cfd-0cb3-45bd-9dad-85df9dd4c55e-impl-thread1] INFO  impl.PendingRequests (PendingRequests.java:sendNotLeaderResponses(289)) - 722a3cfd-0cb3-45bd-9dad-85df9dd4c55e@group-A430A8A13409-PendingRequests: sendNotLeaderResponses
2023-08-25 08:51:16,872 [722a3cfd-0cb3-45bd-9dad-85df9dd4c55e-impl-thread1] INFO  impl.StateMachineUpdater (StateMachineUpdater.java:stopAndJoin(155)) - 722a3cfd-0cb3-45bd-9dad-85df9dd4c55e@group-A430A8A13409-StateMachineUpdater: set stopIndex = 0
2023-08-25 08:51:16,872 [722a3cfd-0cb3-45bd-9dad-85df9dd4c55e@group-A430A8A13409-StateMachineUpdater] INFO  ratis.ContainerStateMachine (ContainerStateMachine.java:takeSnapshot(330)) - group-A430A8A13409: Taking a snapshot at:(t:1, i:0) file /home/runner/work/ozone/ozone/hadoop-ozone/integration-test/target/test-dir/MiniOzoneClusterImpl-289e54f1-59ef-4028-876b-aa1b67627a4d/datanode-2/data/ratis/b9824601-f4e3-45ac-b4d8-a430a8a13409/sm/snapshot.1_0
2023-08-25 08:51:16,874 [Thread-526] INFO  server.GrpcServerProtocolClient (GrpcServerProtocolClient.java:close(103)) - 6f59ded9-1d69-4648-a4a5-1116b15843fb Close channels
2023-08-25 08:51:16,875 [Thread-527] INFO  server.GrpcServerProtocolClient (GrpcServerProtocolClient.java:close(103)) - 5e5d2cfb-a693-459c-b621-520c42fdac66 Close channels
2023-08-25 08:51:16,877 [722a3cfd-0cb3-45bd-9dad-85df9dd4c55e@group-A430A8A13409-StateMachineUpdater] INFO  ratis.ContainerStateMachine (ContainerStateMachine.java:takeSnapshot(341)) - group-A430A8A13409: Finished taking a snapshot at:(t:1, i:0) file:/home/runner/work/ozone/ozone/hadoop-ozone/integration-test/target/test-dir/MiniOzoneClusterImpl-289e54f1-59ef-4028-876b-aa1b67627a4d/datanode-2/data/ratis/b9824601-f4e3-45ac-b4d8-a430a8a13409/sm/snapshot.1_0 took: 5 ms
2023-08-25 08:51:16,878 [722a3cfd-0cb3-45bd-9dad-85df9dd4c55e@group-A430A8A13409-StateMachineUpdater] INFO  impl.StateMachineUpdater (StateMachineUpdater.java:takeSnapshot(291)) - 722a3cfd-0cb3-45bd-9dad-85df9dd4c55e@group-A430A8A13409-StateMachineUpdater: Took a snapshot at index 0
2023-08-25 08:51:16,878 [722a3cfd-0cb3-45bd-9dad-85df9dd4c55e@group-A430A8A13409-StateMachineUpdater] INFO  impl.StateMachineUpdater (StateMachineUpdater.java:lambda$new$0(97)) - 722a3cfd-0cb3-45bd-9dad-85df9dd4c55e@group-A430A8A13409-StateMachineUpdater: snapshotIndex: updateIncreasingly -1 -> 0
2023-08-25 08:51:16,878 [722a3cfd-0cb3-45bd-9dad-85df9dd4c55e-impl-thread1] INFO  server.RaftServer$Division (ServerState.java:close(472)) - 722a3cfd-0cb3-45bd-9dad-85df9dd4c55e@group-A430A8A13409: closes. applyIndex: 0
2023-08-25 08:51:16,882 [Time-limited test] INFO  server.GrpcService (GrpcService.java:closeImpl(320)) - 722a3cfd-0cb3-45bd-9dad-85df9dd4c55e: shutdown server org.apache.ratis.grpc.server.GrpcClientProtocolService successfully
2023-08-25 08:51:16,882 [Time-limited test] INFO  server.GrpcService (GrpcService.java:closeImpl(311)) - 722a3cfd-0cb3-45bd-9dad-85df9dd4c55e: shutdown server GrpcServerProtocolService now
2023-08-25 08:51:16,889 [Time-limited test] INFO  server.GrpcService (GrpcService.java:closeImpl(320)) - 722a3cfd-0cb3-45bd-9dad-85df9dd4c55e: shutdown server GrpcServerProtocolService successfully
2023-08-25 08:51:16,889 [Time-limited test] INFO  server.GrpcService (GrpcService.java:closeImpl(311)) - 722a3cfd-0cb3-45bd-9dad-85df9dd4c55e: shutdown server org.apache.ratis.grpc.server.GrpcAdminProtocolService now
2023-08-25 08:51:16,891 [Time-limited test] INFO  server.GrpcService (GrpcService.java:closeImpl(320)) - 722a3cfd-0cb3-45bd-9dad-85df9dd4c55e: shutdown server org.apache.ratis.grpc.server.GrpcAdminProtocolService successfully
2023-08-25 08:51:16,891 [722a3cfd-0cb3-45bd-9dad-85df9dd4c55e-NettyServerStreamRpc-bossGroup--thread1] INFO  logging.LoggingHandler (AbstractInternalLogger.java:log(148)) - [id: 0x72558ae3, L:/0:0:0:0:0:0:0:0:15033] CLOSE
2023-08-25 08:51:16,892 [722a3cfd-0cb3-45bd-9dad-85df9dd4c55e-NettyServerStreamRpc-bossGroup--thread1] INFO  logging.LoggingHandler (AbstractInternalLogger.java:log(148)) - [id: 0x72558ae3, L:/0:0:0:0:0:0:0:0:15033] INACTIVE
2023-08-25 08:51:16,892 [722a3cfd-0cb3-45bd-9dad-85df9dd4c55e-NettyServerStreamRpc-bossGroup--thread1] INFO  logging.LoggingHandler (AbstractInternalLogger.java:log(148)) - [id: 0x72558ae3, L:/0:0:0:0:0:0:0:0:15033] UNREGISTERED
2023-08-25 08:51:17,103 [722a3cfd-0cb3-45bd-9dad-85df9dd4c55e-impl-thread1] INFO  segmented.SegmentedRaftLogWorker (SegmentedRaftLogWorker.java:close(252)) - 722a3cfd-0cb3-45bd-9dad-85df9dd4c55e@group-A430A8A13409-SegmentedRaftLogWorker close()
2023-08-25 08:51:17,106 [JvmPauseMonitor4] INFO  util.JvmPauseMonitor (JvmPauseMonitor.java:run(109)) - JvmPauseMonitor-722a3cfd-0cb3-45bd-9dad-85df9dd4c55e: Stopped
2023-08-25 08:51:17,115 [PipelineCommandHandlerThread-0] INFO  segmented.SegmentedRaftLogWorker (SegmentedRaftLogWorker.java:close(252)) - 5e5d2cfb-a693-459c-b621-520c42fdac66@group-2A842429A16A-SegmentedRaftLogWorker close()
2023-08-25 08:51:17,118 [PipelineCommandHandlerThread-0] INFO  server.RaftServer$Division (RaftServerImpl.java:groupRemove(436)) - 5e5d2cfb-a693-459c-b621-520c42fdac66@group-2A842429A16A: Succeed to remove RaftStorageDirectory Storage Directory /home/runner/work/ozone/ozone/hadoop-ozone/integration-test/target/test-dir/MiniOzoneClusterImpl-289e54f1-59ef-4028-876b-aa1b67627a4d/datanode-1/data/ratis/809e3c79-4f70-494e-a9e8-2a842429a16a
2023-08-25 08:51:17,118 [PipelineCommandHandlerThread-0] INFO  commandhandler.ClosePipelineCommandHandler (ClosePipelineCommandHandler.java:lambda$handle$0(87)) - Close Pipeline PipelineID=809e3c79-4f70-494e-a9e8-2a842429a16a command on datanode 5e5d2cfb-a693-459c-b621-520c42fdac66.
2023-08-25 08:51:17,118 [ForkJoinPool.commonPool-worker-1] INFO  ozoneimpl.OzoneContainer (OzoneContainer.java:stop(451)) - Attempting to stop container services.
2023-08-25 08:51:17,119 [ForkJoinPool.commonPool-worker-1] INFO  server.RaftServer (RaftServerProxy.java:lambda$close$6(416)) - 5e5d2cfb-a693-459c-b621-520c42fdac66: close
2023-08-25 08:51:17,119 [ForkJoinPool.commonPool-worker-1] INFO  server.GrpcService (GrpcService.java:closeImpl(311)) - 5e5d2cfb-a693-459c-b621-520c42fdac66: shutdown server org.apache.ratis.grpc.server.GrpcClientProtocolService now
2023-08-25 08:51:17,119 [5e5d2cfb-a693-459c-b621-520c42fdac66-impl-thread1] INFO  server.RaftServer$Division (RaftServerImpl.java:lambda$close$4(466)) - 5e5d2cfb-a693-459c-b621-520c42fdac66@group-CF9CE7564730: shutdown
2023-08-25 08:51:17,120 [5e5d2cfb-a693-459c-b621-520c42fdac66-impl-thread1] INFO  util.JmxRegister (JmxRegister.java:unregister(73)) - Successfully un-registered JMX Bean with object name Ratis:service=RaftServer,group=group-CF9CE7564730,id=5e5d2cfb-a693-459c-b621-520c42fdac66
2023-08-25 08:51:17,120 [5e5d2cfb-a693-459c-b621-520c42fdac66-impl-thread1] INFO  impl.RoleInfo (RoleInfo.java:shutdownLeaderState(93)) - 5e5d2cfb-a693-459c-b621-520c42fdac66: shutdown 5e5d2cfb-a693-459c-b621-520c42fdac66@group-CF9CE7564730-LeaderStateImpl
2023-08-25 08:51:17,120 [5e5d2cfb-a693-459c-b621-520c42fdac66-impl-thread1] INFO  impl.PendingRequests (PendingRequests.java:sendNotLeaderResponses(289)) - 5e5d2cfb-a693-459c-b621-520c42fdac66@group-CF9CE7564730-PendingRequests: sendNotLeaderResponses
2023-08-25 08:51:17,120 [5e5d2cfb-a693-459c-b621-520c42fdac66-impl-thread1] INFO  impl.StateMachineUpdater (StateMachineUpdater.java:stopAndJoin(155)) - 5e5d2cfb-a693-459c-b621-520c42fdac66@group-CF9CE7564730-StateMachineUpdater: set stopIndex = 0
2023-08-25 08:51:17,120 [5e5d2cfb-a693-459c-b621-520c42fdac66@group-CF9CE7564730-StateMachineUpdater] INFO  ratis.ContainerStateMachine (ContainerStateMachine.java:takeSnapshot(330)) - group-CF9CE7564730: Taking a snapshot at:(t:1, i:0) file /home/runner/work/ozone/ozone/hadoop-ozone/integration-test/target/test-dir/MiniOzoneClusterImpl-289e54f1-59ef-4028-876b-aa1b67627a4d/datanode-1/data/ratis/c11dfaf6-60c9-4270-9942-cf9ce7564730/sm/snapshot.1_0
2023-08-25 08:51:17,121 [ForkJoinPool.commonPool-worker-1] INFO  server.GrpcService (GrpcService.java:closeImpl(320)) - 5e5d2cfb-a693-459c-b621-520c42fdac66: shutdown server org.apache.ratis.grpc.server.GrpcClientProtocolService successfully
2023-08-25 08:51:17,121 [ForkJoinPool.commonPool-worker-1] INFO  server.GrpcService (GrpcService.java:closeImpl(311)) - 5e5d2cfb-a693-459c-b621-520c42fdac66: shutdown server GrpcServerProtocolService now
2023-08-25 08:51:17,121 [5e5d2cfb-a693-459c-b621-520c42fdac66@group-CF9CE7564730-StateMachineUpdater] INFO  ratis.ContainerStateMachine (ContainerStateMachine.java:takeSnapshot(341)) - group-CF9CE7564730: Finished taking a snapshot at:(t:1, i:0) file:/home/runner/work/ozone/ozone/hadoop-ozone/integration-test/target/test-dir/MiniOzoneClusterImpl-289e54f1-59ef-4028-876b-aa1b67627a4d/datanode-1/data/ratis/c11dfaf6-60c9-4270-9942-cf9ce7564730/sm/snapshot.1_0 took: 1 ms
2023-08-25 08:51:17,122 [5e5d2cfb-a693-459c-b621-520c42fdac66@group-CF9CE7564730-StateMachineUpdater] INFO  impl.StateMachineUpdater (StateMachineUpdater.java:takeSnapshot(291)) - 5e5d2cfb-a693-459c-b621-520c42fdac66@group-CF9CE7564730-StateMachineUpdater: Took a snapshot at index 0
2023-08-25 08:51:17,122 [5e5d2cfb-a693-459c-b621-520c42fdac66@group-CF9CE7564730-StateMachineUpdater] INFO  impl.StateMachineUpdater (StateMachineUpdater.java:lambda$new$0(97)) - 5e5d2cfb-a693-459c-b621-520c42fdac66@group-CF9CE7564730-StateMachineUpdater: snapshotIndex: updateIncreasingly -1 -> 0
2023-08-25 08:51:17,122 [5e5d2cfb-a693-459c-b621-520c42fdac66-impl-thread1] INFO  server.RaftServer$Division (ServerState.java:close(472)) - 5e5d2cfb-a693-459c-b621-520c42fdac66@group-CF9CE7564730: closes. applyIndex: 0
2023-08-25 08:51:17,126 [ForkJoinPool.commonPool-worker-1] INFO  server.GrpcService (GrpcService.java:closeImpl(320)) - 5e5d2cfb-a693-459c-b621-520c42fdac66: shutdown server GrpcServerProtocolService successfully
2023-08-25 08:51:17,126 [ForkJoinPool.commonPool-worker-1] INFO  server.GrpcService (GrpcService.java:closeImpl(311)) - 5e5d2cfb-a693-459c-b621-520c42fdac66: shutdown server org.apache.ratis.grpc.server.GrpcAdminProtocolService now
2023-08-25 08:51:17,130 [ForkJoinPool.commonPool-worker-1] INFO  server.GrpcService (GrpcService.java:closeImpl(320)) - 5e5d2cfb-a693-459c-b621-520c42fdac66: shutdown server org.apache.ratis.grpc.server.GrpcAdminProtocolService successfully
2023-08-25 08:51:17,130 [5e5d2cfb-a693-459c-b621-520c42fdac66-NettyServerStreamRpc-bossGroup--thread1] INFO  logging.LoggingHandler (AbstractInternalLogger.java:log(148)) - [id: 0x8311b15c, L:/0:0:0:0:0:0:0:0:15024] CLOSE
2023-08-25 08:51:17,130 [5e5d2cfb-a693-459c-b621-520c42fdac66-NettyServerStreamRpc-bossGroup--thread1] INFO  logging.LoggingHandler (AbstractInternalLogger.java:log(148)) - [id: 0x8311b15c, L:/0:0:0:0:0:0:0:0:15024] INACTIVE
2023-08-25 08:51:17,130 [5e5d2cfb-a693-459c-b621-520c42fdac66-NettyServerStreamRpc-bossGroup--thread1] INFO  logging.LoggingHandler (AbstractInternalLogger.java:log(148)) - [id: 0x8311b15c, L:/0:0:0:0:0:0:0:0:15024] UNREGISTERED
2023-08-25 08:51:17,139 [ForkJoinPool.commonPool-worker-0] INFO  ozoneimpl.OzoneContainer (OzoneContainer.java:stop(451)) - Attempting to stop container services.
2023-08-25 08:51:17,140 [ForkJoinPool.commonPool-worker-0] INFO  server.RaftServer (RaftServerProxy.java:lambda$close$6(416)) - 6a4c8060-cde6-48cd-aea7-c757cfe8808e: close
2023-08-25 08:51:17,140 [ForkJoinPool.commonPool-worker-0] INFO  server.GrpcService (GrpcService.java:closeImpl(311)) - 6a4c8060-cde6-48cd-aea7-c757cfe8808e: shutdown server org.apache.ratis.grpc.server.GrpcClientProtocolService now
2023-08-25 08:51:17,141 [6a4c8060-cde6-48cd-aea7-c757cfe8808e-impl-thread1] INFO  server.RaftServer$Division (RaftServerImpl.java:lambda$close$4(466)) - 6a4c8060-cde6-48cd-aea7-c757cfe8808e@group-AD3574C5ACD4: shutdown
2023-08-25 08:51:17,141 [6a4c8060-cde6-48cd-aea7-c757cfe8808e-impl-thread1] INFO  util.JmxRegister (JmxRegister.java:unregister(73)) - Successfully un-registered JMX Bean with object name Ratis:service=RaftServer,group=group-AD3574C5ACD4,id=6a4c8060-cde6-48cd-aea7-c757cfe8808e
2023-08-25 08:51:17,141 [6a4c8060-cde6-48cd-aea7-c757cfe8808e-impl-thread1] INFO  impl.RoleInfo (RoleInfo.java:shutdownLeaderState(93)) - 6a4c8060-cde6-48cd-aea7-c757cfe8808e: shutdown 6a4c8060-cde6-48cd-aea7-c757cfe8808e@group-AD3574C5ACD4-LeaderStateImpl
2023-08-25 08:51:17,141 [6a4c8060-cde6-48cd-aea7-c757cfe8808e-impl-thread1] INFO  impl.PendingRequests (PendingRequests.java:sendNotLeaderResponses(289)) - 6a4c8060-cde6-48cd-aea7-c757cfe8808e@group-AD3574C5ACD4-PendingRequests: sendNotLeaderResponses
2023-08-25 08:51:17,142 [6a4c8060-cde6-48cd-aea7-c757cfe8808e-impl-thread1] INFO  impl.StateMachineUpdater (StateMachineUpdater.java:stopAndJoin(155)) - 6a4c8060-cde6-48cd-aea7-c757cfe8808e@group-AD3574C5ACD4-StateMachineUpdater: set stopIndex = 0
2023-08-25 08:51:17,148 [6a4c8060-cde6-48cd-aea7-c757cfe8808e@group-AD3574C5ACD4-StateMachineUpdater] INFO  ratis.ContainerStateMachine (ContainerStateMachine.java:takeSnapshot(330)) - group-AD3574C5ACD4: Taking a snapshot at:(t:1, i:0) file /home/runner/work/ozone/ozone/hadoop-ozone/integration-test/target/test-dir/MiniOzoneClusterImpl-289e54f1-59ef-4028-876b-aa1b67627a4d/datanode-4/data/ratis/0745cb0a-31a2-4b69-b7e9-ad3574c5acd4/sm/snapshot.1_0
2023-08-25 08:51:17,154 [ForkJoinPool.commonPool-worker-2] INFO  ozoneimpl.OzoneContainer (OzoneContainer.java:stop(451)) - Attempting to stop container services.
2023-08-25 08:51:17,154 [6a4c8060-cde6-48cd-aea7-c757cfe8808e@group-AD3574C5ACD4-StateMachineUpdater] INFO  ratis.ContainerStateMachine (ContainerStateMachine.java:takeSnapshot(341)) - group-AD3574C5ACD4: Finished taking a snapshot at:(t:1, i:0) file:/home/runner/work/ozone/ozone/hadoop-ozone/integration-test/target/test-dir/MiniOzoneClusterImpl-289e54f1-59ef-4028-876b-aa1b67627a4d/datanode-4/data/ratis/0745cb0a-31a2-4b69-b7e9-ad3574c5acd4/sm/snapshot.1_0 took: 7 ms
2023-08-25 08:51:17,154 [6a4c8060-cde6-48cd-aea7-c757cfe8808e@group-AD3574C5ACD4-StateMachineUpdater] INFO  impl.StateMachineUpdater (StateMachineUpdater.java:takeSnapshot(291)) - 6a4c8060-cde6-48cd-aea7-c757cfe8808e@group-AD3574C5ACD4-StateMachineUpdater: Took a snapshot at index 0
2023-08-25 08:51:17,154 [6a4c8060-cde6-48cd-aea7-c757cfe8808e@group-AD3574C5ACD4-StateMachineUpdater] INFO  impl.StateMachineUpdater (StateMachineUpdater.java:lambda$new$0(97)) - 6a4c8060-cde6-48cd-aea7-c757cfe8808e@group-AD3574C5ACD4-StateMachineUpdater: snapshotIndex: updateIncreasingly -1 -> 0
2023-08-25 08:51:17,155 [6a4c8060-cde6-48cd-aea7-c757cfe8808e-impl-thread1] INFO  server.RaftServer$Division (ServerState.java:close(472)) - 6a4c8060-cde6-48cd-aea7-c757cfe8808e@group-AD3574C5ACD4: closes. applyIndex: 0
2023-08-25 08:51:17,156 [ForkJoinPool.commonPool-worker-0] INFO  server.GrpcService (GrpcService.java:closeImpl(320)) - 6a4c8060-cde6-48cd-aea7-c757cfe8808e: shutdown server org.apache.ratis.grpc.server.GrpcClientProtocolService successfully
2023-08-25 08:51:17,156 [ForkJoinPool.commonPool-worker-0] INFO  server.GrpcService (GrpcService.java:closeImpl(311)) - 6a4c8060-cde6-48cd-aea7-c757cfe8808e: shutdown server GrpcServerProtocolService now
2023-08-25 08:51:17,158 [ForkJoinPool.commonPool-worker-2] INFO  server.RaftServer (RaftServerProxy.java:lambda$close$6(416)) - c4b8bd3c-8a0e-4cc6-b7e6-0374b0604ac7: close
2023-08-25 08:51:17,159 [ForkJoinPool.commonPool-worker-2] INFO  server.GrpcService (GrpcService.java:closeImpl(311)) - c4b8bd3c-8a0e-4cc6-b7e6-0374b0604ac7: shutdown server org.apache.ratis.grpc.server.GrpcClientProtocolService now
2023-08-25 08:51:17,161 [c4b8bd3c-8a0e-4cc6-b7e6-0374b0604ac7-impl-thread1] INFO  server.RaftServer$Division (RaftServerImpl.java:lambda$close$4(466)) - c4b8bd3c-8a0e-4cc6-b7e6-0374b0604ac7@group-48E4B572E38A: shutdown
2023-08-25 08:51:17,163 [c4b8bd3c-8a0e-4cc6-b7e6-0374b0604ac7-impl-thread1] INFO  util.JmxRegister (JmxRegister.java:unregister(73)) - Successfully un-registered JMX Bean with object name Ratis:service=RaftServer,group=group-48E4B572E38A,id=c4b8bd3c-8a0e-4cc6-b7e6-0374b0604ac7
2023-08-25 08:51:17,163 [c4b8bd3c-8a0e-4cc6-b7e6-0374b0604ac7-impl-thread1] INFO  impl.RoleInfo (RoleInfo.java:shutdownLeaderState(93)) - c4b8bd3c-8a0e-4cc6-b7e6-0374b0604ac7: shutdown c4b8bd3c-8a0e-4cc6-b7e6-0374b0604ac7@group-48E4B572E38A-LeaderStateImpl
2023-08-25 08:51:17,163 [c4b8bd3c-8a0e-4cc6-b7e6-0374b0604ac7-impl-thread1] INFO  impl.PendingRequests (PendingRequests.java:sendNotLeaderResponses(289)) - c4b8bd3c-8a0e-4cc6-b7e6-0374b0604ac7@group-48E4B572E38A-PendingRequests: sendNotLeaderResponses
2023-08-25 08:51:17,163 [c4b8bd3c-8a0e-4cc6-b7e6-0374b0604ac7-impl-thread1] INFO  impl.StateMachineUpdater (StateMachineUpdater.java:stopAndJoin(155)) - c4b8bd3c-8a0e-4cc6-b7e6-0374b0604ac7@group-48E4B572E38A-StateMachineUpdater: set stopIndex = 0
2023-08-25 08:51:17,163 [c4b8bd3c-8a0e-4cc6-b7e6-0374b0604ac7@group-48E4B572E38A-StateMachineUpdater] INFO  ratis.ContainerStateMachine (ContainerStateMachine.java:takeSnapshot(330)) - group-48E4B572E38A: Taking a snapshot at:(t:1, i:0) file /home/runner/work/ozone/ozone/hadoop-ozone/integration-test/target/test-dir/MiniOzoneClusterImpl-289e54f1-59ef-4028-876b-aa1b67627a4d/datanode-3/data/ratis/67f21b19-25d2-4ed2-bba9-48e4b572e38a/sm/snapshot.1_0
2023-08-25 08:51:17,161 [ForkJoinPool.commonPool-worker-0] INFO  server.GrpcService (GrpcService.java:closeImpl(320)) - 6a4c8060-cde6-48cd-aea7-c757cfe8808e: shutdown server GrpcServerProtocolService successfully
2023-08-25 08:51:17,164 [ForkJoinPool.commonPool-worker-0] INFO  server.GrpcService (GrpcService.java:closeImpl(311)) - 6a4c8060-cde6-48cd-aea7-c757cfe8808e: shutdown server org.apache.ratis.grpc.server.GrpcAdminProtocolService now
2023-08-25 08:51:17,164 [c4b8bd3c-8a0e-4cc6-b7e6-0374b0604ac7@group-48E4B572E38A-StateMachineUpdater] INFO  ratis.ContainerStateMachine (ContainerStateMachine.java:takeSnapshot(341)) - group-48E4B572E38A: Finished taking a snapshot at:(t:1, i:0) file:/home/runner/work/ozone/ozone/hadoop-ozone/integration-test/target/test-dir/MiniOzoneClusterImpl-289e54f1-59ef-4028-876b-aa1b67627a4d/datanode-3/data/ratis/67f21b19-25d2-4ed2-bba9-48e4b572e38a/sm/snapshot.1_0 took: 1 ms
2023-08-25 08:51:17,164 [ForkJoinPool.commonPool-worker-2] INFO  server.GrpcService (GrpcService.java:closeImpl(320)) - c4b8bd3c-8a0e-4cc6-b7e6-0374b0604ac7: shutdown server org.apache.ratis.grpc.server.GrpcClientProtocolService successfully
2023-08-25 08:51:17,165 [ForkJoinPool.commonPool-worker-2] INFO  server.GrpcService (GrpcService.java:closeImpl(311)) - c4b8bd3c-8a0e-4cc6-b7e6-0374b0604ac7: shutdown server GrpcServerProtocolService now
2023-08-25 08:51:17,167 [c4b8bd3c-8a0e-4cc6-b7e6-0374b0604ac7@group-48E4B572E38A-StateMachineUpdater] INFO  impl.StateMachineUpdater (StateMachineUpdater.java:takeSnapshot(291)) - c4b8bd3c-8a0e-4cc6-b7e6-0374b0604ac7@group-48E4B572E38A-StateMachineUpdater: Took a snapshot at index 0
2023-08-25 08:51:17,167 [c4b8bd3c-8a0e-4cc6-b7e6-0374b0604ac7@group-48E4B572E38A-StateMachineUpdater] INFO  impl.StateMachineUpdater (StateMachineUpdater.java:lambda$new$0(97)) - c4b8bd3c-8a0e-4cc6-b7e6-0374b0604ac7@group-48E4B572E38A-StateMachineUpdater: snapshotIndex: updateIncreasingly -1 -> 0
2023-08-25 08:51:17,167 [c4b8bd3c-8a0e-4cc6-b7e6-0374b0604ac7-impl-thread1] INFO  server.RaftServer$Division (ServerState.java:close(472)) - c4b8bd3c-8a0e-4cc6-b7e6-0374b0604ac7@group-48E4B572E38A: closes. applyIndex: 0
2023-08-25 08:51:17,169 [ForkJoinPool.commonPool-worker-2] INFO  server.GrpcService (GrpcService.java:closeImpl(320)) - c4b8bd3c-8a0e-4cc6-b7e6-0374b0604ac7: shutdown server GrpcServerProtocolService successfully
2023-08-25 08:51:17,169 [ForkJoinPool.commonPool-worker-2] INFO  server.GrpcService (GrpcService.java:closeImpl(311)) - c4b8bd3c-8a0e-4cc6-b7e6-0374b0604ac7: shutdown server org.apache.ratis.grpc.server.GrpcAdminProtocolService now
2023-08-25 08:51:17,170 [ForkJoinPool.commonPool-worker-0] INFO  server.GrpcService (GrpcService.java:closeImpl(320)) - 6a4c8060-cde6-48cd-aea7-c757cfe8808e: shutdown server org.apache.ratis.grpc.server.GrpcAdminProtocolService successfully
2023-08-25 08:51:17,172 [6a4c8060-cde6-48cd-aea7-c757cfe8808e-NettyServerStreamRpc-bossGroup--thread1] INFO  logging.LoggingHandler (AbstractInternalLogger.java:log(148)) - [id: 0x0a3f768a, L:/0:0:0:0:0:0:0:0:15051] CLOSE
2023-08-25 08:51:17,172 [6a4c8060-cde6-48cd-aea7-c757cfe8808e-NettyServerStreamRpc-bossGroup--thread1] INFO  logging.LoggingHandler (AbstractInternalLogger.java:log(148)) - [id: 0x0a3f768a, L:/0:0:0:0:0:0:0:0:15051] INACTIVE
2023-08-25 08:51:17,172 [6a4c8060-cde6-48cd-aea7-c757cfe8808e-NettyServerStreamRpc-bossGroup--thread1] INFO  logging.LoggingHandler (AbstractInternalLogger.java:log(148)) - [id: 0x0a3f768a, L:/0:0:0:0:0:0:0:0:15051] UNREGISTERED
2023-08-25 08:51:17,172 [ForkJoinPool.commonPool-worker-2] INFO  server.GrpcService (GrpcService.java:closeImpl(320)) - c4b8bd3c-8a0e-4cc6-b7e6-0374b0604ac7: shutdown server org.apache.ratis.grpc.server.GrpcAdminProtocolService successfully
2023-08-25 08:51:17,172 [c4b8bd3c-8a0e-4cc6-b7e6-0374b0604ac7-NettyServerStreamRpc-bossGroup--thread1] INFO  logging.LoggingHandler (AbstractInternalLogger.java:log(148)) - [id: 0x14763a7c, L:/0:0:0:0:0:0:0:0:15042] CLOSE
2023-08-25 08:51:17,173 [c4b8bd3c-8a0e-4cc6-b7e6-0374b0604ac7-NettyServerStreamRpc-bossGroup--thread1] INFO  logging.LoggingHandler (AbstractInternalLogger.java:log(148)) - [id: 0x14763a7c, L:/0:0:0:0:0:0:0:0:15042] INACTIVE
2023-08-25 08:51:17,173 [c4b8bd3c-8a0e-4cc6-b7e6-0374b0604ac7-NettyServerStreamRpc-bossGroup--thread1] INFO  logging.LoggingHandler (AbstractInternalLogger.java:log(148)) - [id: 0x14763a7c, L:/0:0:0:0:0:0:0:0:15042] UNREGISTERED
2023-08-25 08:51:17,448 [c4b8bd3c-8a0e-4cc6-b7e6-0374b0604ac7-impl-thread1] INFO  segmented.SegmentedRaftLogWorker (SegmentedRaftLogWorker.java:close(252)) - c4b8bd3c-8a0e-4cc6-b7e6-0374b0604ac7@group-48E4B572E38A-SegmentedRaftLogWorker close()
2023-08-25 08:51:17,450 [JvmPauseMonitor5] INFO  util.JvmPauseMonitor (JvmPauseMonitor.java:run(109)) - JvmPauseMonitor-c4b8bd3c-8a0e-4cc6-b7e6-0374b0604ac7: Stopped
2023-08-25 08:51:17,621 [6a4c8060-cde6-48cd-aea7-c757cfe8808e-impl-thread1] INFO  segmented.SegmentedRaftLogWorker (SegmentedRaftLogWorker.java:close(252)) - 6a4c8060-cde6-48cd-aea7-c757cfe8808e@group-AD3574C5ACD4-SegmentedRaftLogWorker close()
2023-08-25 08:51:17,622 [JvmPauseMonitor6] INFO  util.JvmPauseMonitor (JvmPauseMonitor.java:run(109)) - JvmPauseMonitor-6a4c8060-cde6-48cd-aea7-c757cfe8808e: Stopped
2023-08-25 08:51:17,712 [5e5d2cfb-a693-459c-b621-520c42fdac66-impl-thread1] INFO  segmented.SegmentedRaftLogWorker (SegmentedRaftLogWorker.java:close(252)) - 5e5d2cfb-a693-459c-b621-520c42fdac66@group-CF9CE7564730-SegmentedRaftLogWorker close()
2023-08-25 08:51:17,714 [JvmPauseMonitor3] INFO  util.JvmPauseMonitor (JvmPauseMonitor.java:run(109)) - JvmPauseMonitor-5e5d2cfb-a693-459c-b621-520c42fdac66: Stopped
2023-08-25 08:51:17,804 [ReplicationMonitor] INFO  replication.ReplicationManager (ReplicationManager.java:processAll(389)) - Replication Monitor Thread took 0 milliseconds for processing 1 containers.
2023-08-25 08:51:18,805 [ReplicationMonitor] INFO  replication.ReplicationManager (ReplicationManager.java:processAll(389)) - Replication Monitor Thread took 1 milliseconds for processing 1 containers.
2023-08-25 08:51:19,112 [Time-limited test] INFO  utils.DatanodeStoreCache (DatanodeStoreCache.java:shutdownCache(110)) - Skip clearing cache in mini cluster mode. Entries left: [/home/runner/work/ozone/ozone/hadoop-ozone/integration-test/target/test-dir/MiniOzoneClusterImpl-289e54f1-59ef-4028-876b-aa1b67627a4d/datanode-1/data-0/containers/hdds/289e54f1-59ef-4028-876b-aa1b67627a4d/DS-cfe52408-c953-4121-a1b9-0d9b44ab17fc/container.db, /home/runner/work/ozone/ozone/hadoop-ozone/integration-test/target/test-dir/MiniOzoneClusterImpl-289e54f1-59ef-4028-876b-aa1b67627a4d/datanode-2/data-0/containers/hdds/289e54f1-59ef-4028-876b-aa1b67627a4d/DS-4666c3c7-025e-4ed5-a35e-657aaaf2ab89/container.db, /home/runner/work/ozone/ozone/hadoop-ozone/integration-test/target/test-dir/MiniOzoneClusterImpl-289e54f1-59ef-4028-876b-aa1b67627a4d/datanode-3/data-0/containers/hdds/289e54f1-59ef-4028-876b-aa1b67627a4d/DS-7ea9d121-e75f-4fa3-88b8-71d6feb17960/container.db, /home/runner/work/ozone/ozone/hadoop-ozone/integration-test/target/test-dir/MiniOzoneClusterImpl-289e54f1-59ef-4028-876b-aa1b67627a4d/datanode-4/data-0/containers/hdds/289e54f1-59ef-4028-876b-aa1b67627a4d/DS-70abdcb8-c8f9-4eb7-9211-6227f6529dc0/container.db]
2023-08-25 08:51:19,115 [Time-limited test] INFO  utils.DatanodeStoreCache (DatanodeStoreCache.java:removeDB(104)) - Removed db /home/runner/work/ozone/ozone/hadoop-ozone/integration-test/target/test-dir/MiniOzoneClusterImpl-289e54f1-59ef-4028-876b-aa1b67627a4d/datanode-2/data-0/containers/hdds/289e54f1-59ef-4028-876b-aa1b67627a4d/DS-4666c3c7-025e-4ed5-a35e-657aaaf2ab89/container.db from cache
2023-08-25 08:51:19,115 [Time-limited test] INFO  volume.HddsVolume (HddsVolume.java:closeDbStore(453)) - SchemaV3 db is stopped at /home/runner/work/ozone/ozone/hadoop-ozone/integration-test/target/test-dir/MiniOzoneClusterImpl-289e54f1-59ef-4028-876b-aa1b67627a4d/datanode-2/data-0/containers/hdds/289e54f1-59ef-4028-876b-aa1b67627a4d/DS-4666c3c7-025e-4ed5-a35e-657aaaf2ab89/container.db for volume DS-4666c3c7-025e-4ed5-a35e-657aaaf2ab89
2023-08-25 08:51:19,115 [Time-limited test] INFO  utils.BackgroundService (BackgroundService.java:shutdown(141)) - Shutting down service BlockDeletingService
2023-08-25 08:51:19,116 [Time-limited test] INFO  utils.BackgroundService (BackgroundService.java:shutdown(141)) - Shutting down service StaleRecoveringContainerScrubbingService
2023-08-25 08:51:19,116 [Time-limited test] INFO  statemachine.DatanodeStateMachine (DatanodeStateMachine.java:stopDaemon(620)) - Ozone container server stopped.
2023-08-25 08:51:19,127 [Time-limited test] INFO  handler.ContextHandler (ContextHandler.java:doStop(1159)) - Stopped o.e.j.w.WebAppContext@2fad0fbe{hddsDatanode,/,null,STOPPED}{jar:file:/home/runner/.m2/repository/org/apache/ozone/hdds-container-service/1.4.0-SNAPSHOT/hdds-container-service-1.4.0-SNAPSHOT.jar!/webapps/hddsDatanode}
2023-08-25 08:51:19,128 [Time-limited test] INFO  server.AbstractConnector (AbstractConnector.java:doStop(383)) - Stopped ServerConnector@30893df7{HTTP/1.1, (http/1.1)}{0.0.0.0:15027}
2023-08-25 08:51:19,128 [Time-limited test] INFO  server.session (HouseKeeper.java:stopScavenging(149)) - node0 Stopped scavenging
2023-08-25 08:51:19,128 [Time-limited test] INFO  handler.ContextHandler (ContextHandler.java:doStop(1159)) - Stopped o.e.j.s.ServletContextHandler@78f609e4{static,/static,jar:file:/home/runner/.m2/repository/org/apache/ozone/hdds-container-service/1.4.0-SNAPSHOT/hdds-container-service-1.4.0-SNAPSHOT.jar!/webapps/static,STOPPED}
2023-08-25 08:51:19,128 [Time-limited test] INFO  handler.ContextHandler (ContextHandler.java:doStop(1159)) - Stopped o.e.j.s.ServletContextHandler@372d3695{logs,/logs,file:///home/runner/work/ozone/ozone/hadoop-ozone/integration-test/target/log,STOPPED}
2023-08-25 08:51:19,131 [Time-limited test] INFO  ozone.HddsDatanodeClientProtocolServer (HddsDatanodeClientProtocolServer.java:stop(78)) - Stopping the RPC server for Client Protocol
2023-08-25 08:51:19,131 [Time-limited test] INFO  ipc.Server (Server.java:stop(3523)) - Stopping server on 15028
2023-08-25 08:51:19,133 [IPC Server listener on 15028] INFO  ipc.Server (Server.java:run(1434)) - Stopping IPC Server listener on 15028
2023-08-25 08:51:19,134 [IPC Server Responder] INFO  ipc.Server (Server.java:run(1567)) - Stopping IPC Server Responder
2023-08-25 08:51:19,153 [EventQueue-StaleNodeForStaleNodeHandler] INFO  node.StaleNodeHandler (StaleNodeHandler.java:onMessage(58)) - Datanode 722a3cfd-0cb3-45bd-9dad-85df9dd4c55e(fv-az584-689.msjcyvhqqs1uvpg4fm53wptgqc.jx.internal.cloudapp.net/10.1.0.19) moved to stale state. Finalizing its pipelines [PipelineID=b9824601-f4e3-45ac-b4d8-a430a8a13409]
2023-08-25 08:51:19,153 [EventQueue-StaleNodeForStaleNodeHandler] INFO  pipeline.PipelineManagerImpl (PipelineManagerImpl.java:closePipeline(529)) - Pipeline Pipeline[ Id: b9824601-f4e3-45ac-b4d8-a430a8a13409, Nodes: 722a3cfd-0cb3-45bd-9dad-85df9dd4c55e(fv-az584-689.msjcyvhqqs1uvpg4fm53wptgqc.jx.internal.cloudapp.net/10.1.0.19), ReplicationConfig: RATIS/ONE, State:OPEN, leaderId:722a3cfd-0cb3-45bd-9dad-85df9dd4c55e, CreationTimestamp2023-08-25T08:50:53.796Z[Etc/UTC]] moved to CLOSED state
2023-08-25 08:51:19,454 [ForkJoinPool.commonPool-worker-2] INFO  utils.DatanodeStoreCache (DatanodeStoreCache.java:shutdownCache(110)) - Skip clearing cache in mini cluster mode. Entries left: [/home/runner/work/ozone/ozone/hadoop-ozone/integration-test/target/test-dir/MiniOzoneClusterImpl-289e54f1-59ef-4028-876b-aa1b67627a4d/datanode-1/data-0/containers/hdds/289e54f1-59ef-4028-876b-aa1b67627a4d/DS-cfe52408-c953-4121-a1b9-0d9b44ab17fc/container.db, /home/runner/work/ozone/ozone/hadoop-ozone/integration-test/target/test-dir/MiniOzoneClusterImpl-289e54f1-59ef-4028-876b-aa1b67627a4d/datanode-3/data-0/containers/hdds/289e54f1-59ef-4028-876b-aa1b67627a4d/DS-7ea9d121-e75f-4fa3-88b8-71d6feb17960/container.db, /home/runner/work/ozone/ozone/hadoop-ozone/integration-test/target/test-dir/MiniOzoneClusterImpl-289e54f1-59ef-4028-876b-aa1b67627a4d/datanode-4/data-0/containers/hdds/289e54f1-59ef-4028-876b-aa1b67627a4d/DS-70abdcb8-c8f9-4eb7-9211-6227f6529dc0/container.db]
2023-08-25 08:51:19,457 [ForkJoinPool.commonPool-worker-2] INFO  utils.DatanodeStoreCache (DatanodeStoreCache.java:removeDB(104)) - Removed db /home/runner/work/ozone/ozone/hadoop-ozone/integration-test/target/test-dir/MiniOzoneClusterImpl-289e54f1-59ef-4028-876b-aa1b67627a4d/datanode-3/data-0/containers/hdds/289e54f1-59ef-4028-876b-aa1b67627a4d/DS-7ea9d121-e75f-4fa3-88b8-71d6feb17960/container.db from cache
2023-08-25 08:51:19,457 [ForkJoinPool.commonPool-worker-2] INFO  volume.HddsVolume (HddsVolume.java:closeDbStore(453)) - SchemaV3 db is stopped at /home/runner/work/ozone/ozone/hadoop-ozone/integration-test/target/test-dir/MiniOzoneClusterImpl-289e54f1-59ef-4028-876b-aa1b67627a4d/datanode-3/data-0/containers/hdds/289e54f1-59ef-4028-876b-aa1b67627a4d/DS-7ea9d121-e75f-4fa3-88b8-71d6feb17960/container.db for volume DS-7ea9d121-e75f-4fa3-88b8-71d6feb17960
2023-08-25 08:51:19,458 [ForkJoinPool.commonPool-worker-2] INFO  utils.BackgroundService (BackgroundService.java:shutdown(141)) - Shutting down service BlockDeletingService
2023-08-25 08:51:19,458 [ForkJoinPool.commonPool-worker-2] INFO  utils.BackgroundService (BackgroundService.java:shutdown(141)) - Shutting down service StaleRecoveringContainerScrubbingService
2023-08-25 08:51:19,460 [ForkJoinPool.commonPool-worker-2] INFO  statemachine.DatanodeStateMachine (DatanodeStateMachine.java:stopDaemon(620)) - Ozone container server stopped.
2023-08-25 08:51:19,471 [ForkJoinPool.commonPool-worker-2] INFO  handler.ContextHandler (ContextHandler.java:doStop(1159)) - Stopped o.e.j.w.WebAppContext@5329a511{hddsDatanode,/,null,STOPPED}{jar:file:/home/runner/.m2/repository/org/apache/ozone/hdds-container-service/1.4.0-SNAPSHOT/hdds-container-service-1.4.0-SNAPSHOT.jar!/webapps/hddsDatanode}
2023-08-25 08:51:19,472 [ForkJoinPool.commonPool-worker-2] INFO  server.AbstractConnector (AbstractConnector.java:doStop(383)) - Stopped ServerConnector@402ea691{HTTP/1.1, (http/1.1)}{0.0.0.0:15036}
2023-08-25 08:51:19,472 [ForkJoinPool.commonPool-worker-2] INFO  server.session (HouseKeeper.java:stopScavenging(149)) - node0 Stopped scavenging
2023-08-25 08:51:19,473 [ForkJoinPool.commonPool-worker-2] INFO  handler.ContextHandler (ContextHandler.java:doStop(1159)) - Stopped o.e.j.s.ServletContextHandler@54e8f6ac{static,/static,jar:file:/home/runner/.m2/repository/org/apache/ozone/hdds-container-service/1.4.0-SNAPSHOT/hdds-container-service-1.4.0-SNAPSHOT.jar!/webapps/static,STOPPED}
2023-08-25 08:51:19,477 [ForkJoinPool.commonPool-worker-2] INFO  handler.ContextHandler (ContextHandler.java:doStop(1159)) - Stopped o.e.j.s.ServletContextHandler@7ded2441{logs,/logs,file:///home/runner/work/ozone/ozone/hadoop-ozone/integration-test/target/log,STOPPED}
2023-08-25 08:51:19,478 [ForkJoinPool.commonPool-worker-2] INFO  ozone.HddsDatanodeClientProtocolServer (HddsDatanodeClientProtocolServer.java:stop(78)) - Stopping the RPC server for Client Protocol
2023-08-25 08:51:19,481 [ForkJoinPool.commonPool-worker-2] INFO  ipc.Server (Server.java:stop(3523)) - Stopping server on 15037
2023-08-25 08:51:19,481 [IPC Server listener on 15037] INFO  ipc.Server (Server.java:run(1434)) - Stopping IPC Server listener on 15037
2023-08-25 08:51:19,482 [IPC Server Responder] INFO  ipc.Server (Server.java:run(1567)) - Stopping IPC Server Responder
2023-08-25 08:51:19,627 [ForkJoinPool.commonPool-worker-0] INFO  utils.DatanodeStoreCache (DatanodeStoreCache.java:shutdownCache(110)) - Skip clearing cache in mini cluster mode. Entries left: [/home/runner/work/ozone/ozone/hadoop-ozone/integration-test/target/test-dir/MiniOzoneClusterImpl-289e54f1-59ef-4028-876b-aa1b67627a4d/datanode-1/data-0/containers/hdds/289e54f1-59ef-4028-876b-aa1b67627a4d/DS-cfe52408-c953-4121-a1b9-0d9b44ab17fc/container.db, /home/runner/work/ozone/ozone/hadoop-ozone/integration-test/target/test-dir/MiniOzoneClusterImpl-289e54f1-59ef-4028-876b-aa1b67627a4d/datanode-4/data-0/containers/hdds/289e54f1-59ef-4028-876b-aa1b67627a4d/DS-70abdcb8-c8f9-4eb7-9211-6227f6529dc0/container.db]
2023-08-25 08:51:19,630 [ForkJoinPool.commonPool-worker-0] INFO  utils.DatanodeStoreCache (DatanodeStoreCache.java:removeDB(104)) - Removed db /home/runner/work/ozone/ozone/hadoop-ozone/integration-test/target/test-dir/MiniOzoneClusterImpl-289e54f1-59ef-4028-876b-aa1b67627a4d/datanode-4/data-0/containers/hdds/289e54f1-59ef-4028-876b-aa1b67627a4d/DS-70abdcb8-c8f9-4eb7-9211-6227f6529dc0/container.db from cache
2023-08-25 08:51:19,630 [ForkJoinPool.commonPool-worker-0] INFO  volume.HddsVolume (HddsVolume.java:closeDbStore(453)) - SchemaV3 db is stopped at /home/runner/work/ozone/ozone/hadoop-ozone/integration-test/target/test-dir/MiniOzoneClusterImpl-289e54f1-59ef-4028-876b-aa1b67627a4d/datanode-4/data-0/containers/hdds/289e54f1-59ef-4028-876b-aa1b67627a4d/DS-70abdcb8-c8f9-4eb7-9211-6227f6529dc0/container.db for volume DS-70abdcb8-c8f9-4eb7-9211-6227f6529dc0
2023-08-25 08:51:19,631 [ForkJoinPool.commonPool-worker-0] INFO  utils.BackgroundService (BackgroundService.java:shutdown(141)) - Shutting down service BlockDeletingService
2023-08-25 08:51:19,631 [ForkJoinPool.commonPool-worker-0] INFO  utils.BackgroundService (BackgroundService.java:shutdown(141)) - Shutting down service StaleRecoveringContainerScrubbingService
2023-08-25 08:51:19,632 [ForkJoinPool.commonPool-worker-0] INFO  statemachine.DatanodeStateMachine (DatanodeStateMachine.java:stopDaemon(620)) - Ozone container server stopped.
2023-08-25 08:51:19,644 [ForkJoinPool.commonPool-worker-0] INFO  handler.ContextHandler (ContextHandler.java:doStop(1159)) - Stopped o.e.j.w.WebAppContext@2e994b94{hddsDatanode,/,null,STOPPED}{jar:file:/home/runner/.m2/repository/org/apache/ozone/hdds-container-service/1.4.0-SNAPSHOT/hdds-container-service-1.4.0-SNAPSHOT.jar!/webapps/hddsDatanode}
2023-08-25 08:51:19,645 [ForkJoinPool.commonPool-worker-0] INFO  server.AbstractConnector (AbstractConnector.java:doStop(383)) - Stopped ServerConnector@6afda91a{HTTP/1.1, (http/1.1)}{0.0.0.0:15045}
2023-08-25 08:51:19,645 [ForkJoinPool.commonPool-worker-0] INFO  server.session (HouseKeeper.java:stopScavenging(149)) - node0 Stopped scavenging
2023-08-25 08:51:19,646 [ForkJoinPool.commonPool-worker-0] INFO  handler.ContextHandler (ContextHandler.java:doStop(1159)) - Stopped o.e.j.s.ServletContextHandler@60d4ba3c{static,/static,jar:file:/home/runner/.m2/repository/org/apache/ozone/hdds-container-service/1.4.0-SNAPSHOT/hdds-container-service-1.4.0-SNAPSHOT.jar!/webapps/static,STOPPED}
2023-08-25 08:51:19,646 [ForkJoinPool.commonPool-worker-0] INFO  handler.ContextHandler (ContextHandler.java:doStop(1159)) - Stopped o.e.j.s.ServletContextHandler@22da1b32{logs,/logs,file:///home/runner/work/ozone/ozone/hadoop-ozone/integration-test/target/log,STOPPED}
2023-08-25 08:51:19,647 [ForkJoinPool.commonPool-worker-0] INFO  ozone.HddsDatanodeClientProtocolServer (HddsDatanodeClientProtocolServer.java:stop(78)) - Stopping the RPC server for Client Protocol
2023-08-25 08:51:19,647 [ForkJoinPool.commonPool-worker-0] INFO  ipc.Server (Server.java:stop(3523)) - Stopping server on 15046
2023-08-25 08:51:19,648 [IPC Server listener on 15046] INFO  ipc.Server (Server.java:run(1434)) - Stopping IPC Server listener on 15046
2023-08-25 08:51:19,649 [IPC Server Responder] INFO  ipc.Server (Server.java:run(1567)) - Stopping IPC Server Responder
2023-08-25 08:51:19,653 [EventQueue-StaleNodeForStaleNodeHandler] INFO  node.StaleNodeHandler (StaleNodeHandler.java:onMessage(58)) - Datanode 6a4c8060-cde6-48cd-aea7-c757cfe8808e(fv-az584-689.msjcyvhqqs1uvpg4fm53wptgqc.jx.internal.cloudapp.net/10.1.0.19) moved to stale state. Finalizing its pipelines [PipelineID=0745cb0a-31a2-4b69-b7e9-ad3574c5acd4]
2023-08-25 08:51:19,654 [EventQueue-StaleNodeForStaleNodeHandler] INFO  pipeline.PipelineManagerImpl (PipelineManagerImpl.java:closePipeline(529)) - Pipeline Pipeline[ Id: 0745cb0a-31a2-4b69-b7e9-ad3574c5acd4, Nodes: 6a4c8060-cde6-48cd-aea7-c757cfe8808e(fv-az584-689.msjcyvhqqs1uvpg4fm53wptgqc.jx.internal.cloudapp.net/10.1.0.19), ReplicationConfig: RATIS/ONE, State:OPEN, leaderId:6a4c8060-cde6-48cd-aea7-c757cfe8808e, CreationTimestamp2023-08-25T08:50:54.502Z[Etc/UTC]] moved to CLOSED state
2023-08-25 08:51:19,718 [ForkJoinPool.commonPool-worker-1] INFO  utils.DatanodeStoreCache (DatanodeStoreCache.java:shutdownCache(110)) - Skip clearing cache in mini cluster mode. Entries left: [/home/runner/work/ozone/ozone/hadoop-ozone/integration-test/target/test-dir/MiniOzoneClusterImpl-289e54f1-59ef-4028-876b-aa1b67627a4d/datanode-1/data-0/containers/hdds/289e54f1-59ef-4028-876b-aa1b67627a4d/DS-cfe52408-c953-4121-a1b9-0d9b44ab17fc/container.db]
2023-08-25 08:51:19,724 [ForkJoinPool.commonPool-worker-1] INFO  utils.DatanodeStoreCache (DatanodeStoreCache.java:removeDB(104)) - Removed db /home/runner/work/ozone/ozone/hadoop-ozone/integration-test/target/test-dir/MiniOzoneClusterImpl-289e54f1-59ef-4028-876b-aa1b67627a4d/datanode-1/data-0/containers/hdds/289e54f1-59ef-4028-876b-aa1b67627a4d/DS-cfe52408-c953-4121-a1b9-0d9b44ab17fc/container.db from cache
2023-08-25 08:51:19,724 [ForkJoinPool.commonPool-worker-1] INFO  volume.HddsVolume (HddsVolume.java:closeDbStore(453)) - SchemaV3 db is stopped at /home/runner/work/ozone/ozone/hadoop-ozone/integration-test/target/test-dir/MiniOzoneClusterImpl-289e54f1-59ef-4028-876b-aa1b67627a4d/datanode-1/data-0/containers/hdds/289e54f1-59ef-4028-876b-aa1b67627a4d/DS-cfe52408-c953-4121-a1b9-0d9b44ab17fc/container.db for volume DS-cfe52408-c953-4121-a1b9-0d9b44ab17fc
2023-08-25 08:51:19,725 [ForkJoinPool.commonPool-worker-1] INFO  utils.BackgroundService (BackgroundService.java:shutdown(141)) - Shutting down service BlockDeletingService
2023-08-25 08:51:19,725 [ForkJoinPool.commonPool-worker-1] INFO  utils.BackgroundService (BackgroundService.java:shutdown(141)) - Shutting down service StaleRecoveringContainerScrubbingService
2023-08-25 08:51:19,727 [ForkJoinPool.commonPool-worker-1] INFO  statemachine.DatanodeStateMachine (DatanodeStateMachine.java:stopDaemon(620)) - Ozone container server stopped.
2023-08-25 08:51:19,741 [ForkJoinPool.commonPool-worker-1] INFO  handler.ContextHandler (ContextHandler.java:doStop(1159)) - Stopped o.e.j.w.WebAppContext@23a8e5ce{hddsDatanode,/,null,STOPPED}{jar:file:/home/runner/.m2/repository/org/apache/ozone/hdds-container-service/1.4.0-SNAPSHOT/hdds-container-service-1.4.0-SNAPSHOT.jar!/webapps/hddsDatanode}
2023-08-25 08:51:19,741 [ForkJoinPool.commonPool-worker-1] INFO  server.AbstractConnector (AbstractConnector.java:doStop(383)) - Stopped ServerConnector@5576e4dc{HTTP/1.1, (http/1.1)}{0.0.0.0:15018}
2023-08-25 08:51:19,742 [ForkJoinPool.commonPool-worker-1] INFO  server.session (HouseKeeper.java:stopScavenging(149)) - node0 Stopped scavenging
2023-08-25 08:51:19,742 [ForkJoinPool.commonPool-worker-1] INFO  handler.ContextHandler (ContextHandler.java:doStop(1159)) - Stopped o.e.j.s.ServletContextHandler@1b498954{static,/static,jar:file:/home/runner/.m2/repository/org/apache/ozone/hdds-container-service/1.4.0-SNAPSHOT/hdds-container-service-1.4.0-SNAPSHOT.jar!/webapps/static,STOPPED}
2023-08-25 08:51:19,743 [ForkJoinPool.commonPool-worker-1] INFO  handler.ContextHandler (ContextHandler.java:doStop(1159)) - Stopped o.e.j.s.ServletContextHandler@96bd80f{logs,/logs,file:///home/runner/work/ozone/ozone/hadoop-ozone/integration-test/target/log,STOPPED}
2023-08-25 08:51:19,743 [ForkJoinPool.commonPool-worker-1] INFO  ozone.HddsDatanodeClientProtocolServer (HddsDatanodeClientProtocolServer.java:stop(78)) - Stopping the RPC server for Client Protocol
2023-08-25 08:51:19,744 [ForkJoinPool.commonPool-worker-1] INFO  ipc.Server (Server.java:stop(3523)) - Stopping server on 15019
2023-08-25 08:51:19,744 [IPC Server listener on 15019] INFO  ipc.Server (Server.java:run(1434)) - Stopping IPC Server listener on 15019
2023-08-25 08:51:19,746 [IPC Server Responder] INFO  ipc.Server (Server.java:run(1567)) - Stopping IPC Server Responder
2023-08-25 08:51:19,747 [Time-limited test] INFO  ozone.MiniOzoneClusterImpl (MiniOzoneClusterImpl.java:stopSCM(543)) - Stopping the StorageContainerManager
2023-08-25 08:51:19,747 [Time-limited test] INFO  server.StorageContainerManager (StorageContainerManager.java:stop(1591)) - Container Balancer is not running.
2023-08-25 08:51:19,747 [Time-limited test] INFO  server.StorageContainerManager (StorageContainerManager.java:stopReplicationManager(1724)) - Stopping Replication Manager Service.
2023-08-25 08:51:19,747 [Time-limited test] INFO  replication.ReplicationManager (ReplicationManager.java:stop(319)) - Stopping Replication Monitor Thread.
2023-08-25 08:51:19,747 [Time-limited test] INFO  server.StorageContainerManager (StorageContainerManager.java:stop(1600)) - Stopping the Datanode Admin Monitor.
2023-08-25 08:51:19,747 [Under Replicated Processor] WARN  replication.UnhealthyReplicationProcessor (UnhealthyReplicationProcessor.java:run(180)) - Under Replicated Processor interrupted. Exiting...
2023-08-25 08:51:19,747 [Time-limited test] INFO  server.StorageContainerManager (StorageContainerManager.java:stop(1607)) - Stopping datanode service RPC server
2023-08-25 08:51:19,747 [Time-limited test] INFO  server.SCMDatanodeProtocolServer (SCMDatanodeProtocolServer.java:stop(424)) - Stopping the RPC server for DataNodes
2023-08-25 08:51:19,747 [Time-limited test] INFO  ipc.Server (Server.java:stop(3523)) - Stopping server on 15002
2023-08-25 08:51:19,747 [ReplicationMonitor] INFO  replication.ReplicationManager (ReplicationManager.java:run(917)) - Replication Monitor Thread is stopped
2023-08-25 08:51:19,748 [IPC Server listener on 15002] INFO  ipc.Server (Server.java:run(1434)) - Stopping IPC Server listener on 15002
2023-08-25 08:51:19,749 [Over Replicated Processor] WARN  replication.UnhealthyReplicationProcessor (UnhealthyReplicationProcessor.java:run(180)) - Over Replicated Processor interrupted. Exiting...
2023-08-25 08:51:19,749 [IPC Server Responder] INFO  ipc.Server (Server.java:run(1567)) - Stopping IPC Server Responder
2023-08-25 08:51:19,753 [SCM Heartbeat Processing Thread - 0] WARN  node.NodeStateManager (NodeStateManager.java:scheduleNextHealthCheck(874)) - Current Thread is interrupted, shutting down HB processing thread for Node Manager.
2023-08-25 08:51:19,754 [Time-limited test] INFO  server.StorageContainerManager (StorageContainerManager.java:stop(1615)) - Stopping block service RPC server
2023-08-25 08:51:19,754 [EventQueue-StaleNodeForStaleNodeHandler] INFO  node.StaleNodeHandler (StaleNodeHandler.java:onMessage(58)) - Datanode 5e5d2cfb-a693-459c-b621-520c42fdac66(fv-az584-689.msjcyvhqqs1uvpg4fm53wptgqc.jx.internal.cloudapp.net/10.1.0.19) moved to stale state. Finalizing its pipelines [PipelineID=c11dfaf6-60c9-4270-9942-cf9ce7564730]
2023-08-25 08:51:19,754 [Time-limited test] INFO  server.SCMBlockProtocolServer (SCMBlockProtocolServer.java:stop(161)) - Stopping the RPC server for Block Protocol
2023-08-25 08:51:19,754 [Time-limited test] INFO  ipc.Server (Server.java:stop(3523)) - Stopping server on 15001
2023-08-25 08:51:19,755 [EventQueue-StaleNodeForStaleNodeHandler] INFO  pipeline.PipelineManagerImpl (PipelineManagerImpl.java:closePipeline(529)) - Pipeline Pipeline[ Id: c11dfaf6-60c9-4270-9942-cf9ce7564730, Nodes: 5e5d2cfb-a693-459c-b621-520c42fdac66(fv-az584-689.msjcyvhqqs1uvpg4fm53wptgqc.jx.internal.cloudapp.net/10.1.0.19), ReplicationConfig: RATIS/ONE, State:OPEN, leaderId:5e5d2cfb-a693-459c-b621-520c42fdac66, CreationTimestamp2023-08-25T08:50:53.462Z[Etc/UTC]] moved to CLOSED state
2023-08-25 08:51:19,756 [Time-limited test] INFO  server.StorageContainerManager (StorageContainerManager.java:stop(1622)) - Stopping the StorageContainerLocationProtocol RPC server
2023-08-25 08:51:19,756 [Time-limited test] INFO  server.SCMClientProtocolServer (SCMClientProtocolServer.java:stop(210)) - Stopping the RPC server for Client Protocol
2023-08-25 08:51:19,756 [Time-limited test] INFO  ipc.Server (Server.java:stop(3523)) - Stopping server on 15000
2023-08-25 08:51:19,756 [IPC Server listener on 15001] INFO  ipc.Server (Server.java:run(1434)) - Stopping IPC Server listener on 15001
2023-08-25 08:51:19,757 [IPC Server Responder] INFO  ipc.Server (Server.java:run(1567)) - Stopping IPC Server Responder
2023-08-25 08:51:19,759 [IPC Server listener on 15000] INFO  ipc.Server (Server.java:run(1434)) - Stopping IPC Server listener on 15000
2023-08-25 08:51:19,760 [IPC Server Responder] INFO  ipc.Server (Server.java:run(1567)) - Stopping IPC Server Responder
2023-08-25 08:51:19,760 [Time-limited test] INFO  server.StorageContainerManager (StorageContainerManager.java:stop(1629)) - Stopping Storage Container Manager HTTP server.
2023-08-25 08:51:19,762 [Time-limited test] INFO  handler.ContextHandler (ContextHandler.java:doStop(1159)) - Stopped o.e.j.w.WebAppContext@c813f90{scm,/,null,STOPPED}{file:/home/runner/work/ozone/ozone/hadoop-ozone/integration-test/target/test-classes/webapps/scm}
2023-08-25 08:51:19,764 [Time-limited test] INFO  server.AbstractConnector (AbstractConnector.java:doStop(383)) - Stopped ServerConnector@52cc103{HTTP/1.1, (http/1.1)}{0.0.0.0:15003}
2023-08-25 08:51:19,764 [Time-limited test] INFO  server.session (HouseKeeper.java:stopScavenging(149)) - node0 Stopped scavenging
2023-08-25 08:51:19,764 [Time-limited test] INFO  handler.ContextHandler (ContextHandler.java:doStop(1159)) - Stopped o.e.j.s.ServletContextHandler@d82cf74{static,/static,file:///home/runner/work/ozone/ozone/hadoop-ozone/integration-test/target/test-classes/webapps/static,STOPPED}
2023-08-25 08:51:19,764 [Time-limited test] INFO  handler.ContextHandler (ContextHandler.java:doStop(1159)) - Stopped o.e.j.s.ServletContextHandler@1fbb169d{logs,/logs,file:///home/runner/work/ozone/ozone/hadoop-ozone/integration-test/target/log,STOPPED}
2023-08-25 08:51:19,765 [Time-limited test] INFO  server.StorageContainerManager (StorageContainerManager.java:stop(1637)) - Stopping SCM LayoutVersionManager Service.
2023-08-25 08:51:19,765 [Time-limited test] INFO  server.StorageContainerManager (StorageContainerManager.java:stop(1649)) - Stopping Block Manager Service.
2023-08-25 08:51:19,765 [Time-limited test] INFO  utils.BackgroundService (BackgroundService.java:shutdown(141)) - Shutting down service SCMBlockDeletingService
2023-08-25 08:51:19,765 [Time-limited test] INFO  utils.BackgroundService (BackgroundService.java:shutdown(141)) - Shutting down service SCMBlockDeletingService
2023-08-25 08:51:19,766 [Time-limited test] INFO  server.StorageContainerManager (StorageContainerManager.java:stop(1669)) - Stopping SCM Event Queue.
2023-08-25 08:51:19,767 [JvmPauseMonitor0] INFO  util.JvmPauseMonitor (JvmPauseMonitor.java:run(109)) - JvmPauseMonitor-29c9df6f-f280-4a11-a33f-bcb4d151066d: Stopped
2023-08-25 08:51:19,768 [Time-limited test] INFO  server.StorageContainerManager (StorageContainerManager.java:stop(1680)) - Stopping SCM HA services.
2023-08-25 08:51:19,768 [Time-limited test] INFO  pipeline.BackgroundPipelineCreator (BackgroundPipelineCreator.java:stop(149)) - Stopping RatisPipelineUtilsThread.
2023-08-25 08:51:19,768 [RatisPipelineUtilsThread - 0] WARN  pipeline.BackgroundPipelineCreator (BackgroundPipelineCreator.java:run(180)) - RatisPipelineUtilsThread is interrupted.
2023-08-25 08:51:19,768 [Time-limited test] INFO  BackgroundPipelineScrubber (BackgroundSCMService.java:stop(131)) - Stopping BackgroundPipelineScrubber Service.
2023-08-25 08:51:19,768 [BackgroundPipelineScrubberThread] WARN  BackgroundPipelineScrubber (BackgroundSCMService.java:run(115)) - BackgroundPipelineScrubber is interrupted, exit
2023-08-25 08:51:19,769 [Time-limited test] INFO  impl.MetricsSystemImpl (MetricsSystemImpl.java:stop(210)) - Stopping XceiverClientMetrics metrics system...
2023-08-25 08:51:19,771 [prometheus] INFO  impl.MetricsSinkAdapter (MetricsSinkAdapter.java:publishMetricsFromQueue(141)) - prometheus thread interrupted.
2023-08-25 08:51:19,771 [Time-limited test] INFO  impl.MetricsSystemImpl (MetricsSystemImpl.java:stop(216)) - XceiverClientMetrics metrics system stopped.
2023-08-25 08:51:19,772 [Time-limited test] WARN  pipeline.BackgroundPipelineCreator (BackgroundPipelineCreator.java:stop(145)) - RatisPipelineUtilsThread is not running, just ignore.
2023-08-25 08:51:19,772 [Time-limited test] INFO  BackgroundPipelineScrubber (BackgroundSCMService.java:stop(126)) - BackgroundPipelineScrubber Service is not running, skip stop.
2023-08-25 08:51:19,772 [ExpiredContainerReplicaOpScrubberThread] WARN  ExpiredContainerReplicaOpScrubber (BackgroundSCMService.java:run(115)) - ExpiredContainerReplicaOpScrubber is interrupted, exit
2023-08-25 08:51:19,772 [Time-limited test] INFO  ExpiredContainerReplicaOpScrubber (BackgroundSCMService.java:stop(131)) - Stopping ExpiredContainerReplicaOpScrubber Service.
2023-08-25 08:51:19,772 [Time-limited test] INFO  utils.BackgroundService (BackgroundService.java:shutdown(141)) - Shutting down service SCMBlockDeletingService
2023-08-25 08:51:19,772 [Time-limited test] INFO  replication.ReplicationManager (ReplicationManager.java:stop(329)) - Replication Monitor Thread is not running.
2023-08-25 08:51:19,772 [Time-limited test] WARN  balancer.ContainerBalancer (ContainerBalancer.java:stop(326)) - Cannot stop Container Balancer because it's not running or stopping
2023-08-25 08:51:19,772 [Time-limited test] INFO  server.StorageContainerManager (StorageContainerManager.java:stop(1715)) - Stopping SCM MetadataStore.
]]></system-out>
  </testcase>
  <testcase name="testContainerReplicationWithLegacyReplicationManagerDisabled" classname="TestContainerReplication" time="31.429">
    <system-out><![CDATA[2023-08-25 08:51:57,444 [Time-limited test] WARN  server.ServerUtils (ServerUtils.java:getScmDbDir(155)) - ozone.scm.db.dirs is not configured. We recommend adding this setting. Falling back to ozone.metadata.dirs instead.
2023-08-25 08:51:57,448 [Time-limited test] WARN  server.ServerUtils (ServerUtils.java:getScmDbDir(155)) - ozone.scm.db.dirs is not configured. We recommend adding this setting. Falling back to ozone.metadata.dirs instead.
2023-08-25 08:51:57,449 [Time-limited test] INFO  ha.SCMHANodeDetails (SCMHANodeDetails.java:loadSCMHAConfig(210)) - ServiceID for StorageContainerManager is null
2023-08-25 08:51:57,449 [Time-limited test] INFO  ha.SCMHANodeDetails (SCMHANodeDetails.java:loadSCMHAConfig(215)) - ozone.scm.default.service.id is not defined, falling back to ozone.scm.service.ids to find serviceID for StorageContainerManager if it is HA enabled cluster
2023-08-25 08:51:57,450 [Time-limited test] WARN  utils.HAUtils (HAUtils.java:getMetaDir(339)) - ozone.scm.db.dirs is not configured. We recommend adding this setting. Falling back to ozone.metadata.dirs instead.
2023-08-25 08:51:57,450 [Time-limited test] WARN  db.DBStoreBuilder (DBStoreBuilder.java:applyDBDefinition(166)) - ozone.scm.db.dirs is not configured. We recommend adding this setting. Falling back to ozone.metadata.dirs instead.
2023-08-25 08:51:57,594 [Time-limited test] INFO  net.NodeSchemaLoader (NodeSchemaLoader.java:loadSchemaFromFile(129)) - Loading schema from [jar:file:/home/runner/.m2/repository/org/apache/ozone/hdds-common/1.4.0-SNAPSHOT/hdds-common-1.4.0-SNAPSHOT.jar!/network-topology-default.xml]
2023-08-25 08:51:57,594 [Time-limited test] INFO  net.NodeSchemaLoader (NodeSchemaLoader.java:loadSchema(176)) - Loading network topology layer schema file
2023-08-25 08:51:57,597 [Time-limited test] INFO  upgrade.AbstractLayoutVersionManager (AbstractLayoutVersionManager.java:init(83)) - Initializing Layout version manager with metadata layout = HADOOP_PRC_PORTS_IN_DATANODEDETAILS (version = 7), software layout = HADOOP_PRC_PORTS_IN_DATANODEDETAILS (version = 7)
2023-08-25 08:51:57,598 [Time-limited test] INFO  ha.SequenceIdGenerator (SequenceIdGenerator.java:upgradeToSequenceId(365)) - upgrade localId to 111677748019200000
2023-08-25 08:51:57,599 [Time-limited test] INFO  ha.SequenceIdGenerator (SequenceIdGenerator.java:upgradeToSequenceId(375)) - upgrade delTxnId to 0
2023-08-25 08:51:57,599 [Time-limited test] INFO  ha.SequenceIdGenerator (SequenceIdGenerator.java:upgradeToSequenceId(392)) - upgrade containerId to 0
2023-08-25 08:51:57,600 [Time-limited test] INFO  ha.SequenceIdGenerator (SequenceIdGenerator.java:upgradeToSequenceId(428)) - upgrade rootCertificateId to 1
2023-08-25 08:51:57,600 [Time-limited test] INFO  ha.SequenceIdGenerator (SequenceIdGenerator.java:<init>(236)) - Init the HA SequenceIdGenerator.
2023-08-25 08:51:57,601 [Time-limited test] INFO  node.SCMNodeManager (SCMNodeManager.java:<init>(157)) - Entering startup safe mode.
2023-08-25 08:51:57,601 [Time-limited test] INFO  algorithms.ContainerPlacementPolicyFactory (ContainerPlacementPolicyFactory.java:getPolicyInternal(86)) - Create container placement policy of type org.apache.hadoop.hdds.scm.container.placement.algorithms.SCMContainerPlacementCapacity
2023-08-25 08:51:57,601 [Time-limited test] INFO  algorithms.ContainerPlacementPolicyFactory (ContainerPlacementPolicyFactory.java:getPolicyInternal(86)) - Create container placement policy of type org.apache.hadoop.hdds.scm.container.placement.algorithms.SCMContainerPlacementRackScatter
2023-08-25 08:51:57,601 [Time-limited test] INFO  pipeline.PipelineStateManagerImpl (PipelineStateManagerImpl.java:initialize(78)) - No pipeline exists in current db
2023-08-25 08:51:57,602 [Time-limited test] INFO  algorithms.LeaderChoosePolicyFactory (LeaderChoosePolicyFactory.java:getPolicy(57)) - Create leader choose policy of type org.apache.hadoop.hdds.scm.pipeline.leader.choose.algorithms.MinLeaderCountChoosePolicy
2023-08-25 08:51:57,602 [Time-limited test] INFO  algorithms.ContainerPlacementPolicyFactory (ContainerPlacementPolicyFactory.java:getPolicyInternal(86)) - Create container placement policy of type org.apache.hadoop.hdds.scm.container.placement.algorithms.SCMContainerPlacementRackScatter
2023-08-25 08:51:57,602 [Time-limited test] INFO  ha.SCMServiceManager (SCMServiceManager.java:register(42)) - Registering service BackgroundPipelineCreator.
2023-08-25 08:51:57,602 [Time-limited test] INFO  pipeline.BackgroundPipelineCreator (BackgroundPipelineCreator.java:start(124)) - Starting RatisPipelineUtilsThread.
2023-08-25 08:51:57,602 [Time-limited test] INFO  BackgroundPipelineScrubber (BackgroundSCMService.java:start(68)) - Starting BackgroundPipelineScrubber Service.
2023-08-25 08:51:57,602 [Time-limited test] INFO  ha.SCMServiceManager (SCMServiceManager.java:register(42)) - Registering service BackgroundPipelineScrubber.
2023-08-25 08:51:57,603 [Time-limited test] INFO  ExpiredContainerReplicaOpScrubber (BackgroundSCMService.java:start(68)) - Starting ExpiredContainerReplicaOpScrubber Service.
2023-08-25 08:51:57,603 [Time-limited test] INFO  ha.SCMServiceManager (SCMServiceManager.java:register(42)) - Registering service ExpiredContainerReplicaOpScrubber.
2023-08-25 08:51:57,604 [Time-limited test] INFO  algorithms.PipelineChoosePolicyFactory (PipelineChoosePolicyFactory.java:createPipelineChoosePolicyFromClass(78)) - Create pipeline choose policy of type org.apache.hadoop.hdds.scm.pipeline.choose.algorithms.RandomPipelineChoosePolicy
2023-08-25 08:51:57,604 [Time-limited test] INFO  algorithms.PipelineChoosePolicyFactory (PipelineChoosePolicyFactory.java:createPipelineChoosePolicyFromClass(78)) - Create pipeline choose policy of type org.apache.hadoop.hdds.scm.pipeline.choose.algorithms.RandomPipelineChoosePolicy
2023-08-25 08:51:57,604 [Time-limited test] INFO  ha.SCMServiceManager (SCMServiceManager.java:register(42)) - Registering service SCMBlockDeletingService.
2023-08-25 08:51:57,605 [Time-limited test] INFO  replication.ReplicationManager (ReplicationManager.java:start(287)) - Starting Replication Monitor Thread.
2023-08-25 08:51:57,609 [Time-limited test] INFO  ha.SCMServiceManager (SCMServiceManager.java:register(42)) - Registering service ReplicationManager.
2023-08-25 08:51:57,609 [ReplicationMonitor] INFO  replication.ReplicationManager (ReplicationManager.java:processAll(361)) - Replication Manager is not ready to run until 3000ms after safemode exit
2023-08-25 08:51:57,609 [Time-limited test] INFO  safemode.ContainerSafeModeRule (ContainerSafeModeRule.java:<init>(90)) - containers with one replica threshold count 0
2023-08-25 08:51:57,610 [Time-limited test] INFO  safemode.HealthyPipelineSafeModeRule (HealthyPipelineSafeModeRule.java:initializeRule(169)) - Total pipeline count is 0, healthy pipeline threshold count is 1
2023-08-25 08:51:57,610 [Time-limited test] INFO  safemode.OneReplicaPipelineSafeModeRule (OneReplicaPipelineSafeModeRule.java:initializeRule(180)) - Total pipeline count is 0, pipeline's with at least one datanode reported threshold count is 0
2023-08-25 08:51:57,610 [Time-limited test] INFO  server.StorageContainerManager (StorageContainerManager.java:<init>(425)) - SCM start with adminUsers: [runner]
2023-08-25 08:51:57,611 [Time-limited test] INFO  ipc.CallQueueManager (CallQueueManager.java:<init>(90)) - Using callQueue: class java.util.concurrent.LinkedBlockingQueue, queueCapacity: 2000, scheduler: class org.apache.hadoop.ipc.DefaultRpcScheduler, ipcBackoff: false.
2023-08-25 08:51:57,611 [Time-limited test] INFO  ipc.Server (Server.java:<init>(1287)) - Listener at 0.0.0.0:15108
2023-08-25 08:51:57,612 [Socket Reader #1 for port 15108] INFO  ipc.Server (Server.java:run(1323)) - Starting Socket Reader #1 for port 15108
2023-08-25 08:51:57,614 [Time-limited test] INFO  ipc.CallQueueManager (CallQueueManager.java:<init>(90)) - Using callQueue: class java.util.concurrent.LinkedBlockingQueue, queueCapacity: 2000, scheduler: class org.apache.hadoop.ipc.DefaultRpcScheduler, ipcBackoff: false.
2023-08-25 08:51:57,614 [Time-limited test] INFO  ipc.Server (Server.java:<init>(1287)) - Listener at 0.0.0.0:15107
2023-08-25 08:51:57,614 [Socket Reader #1 for port 15107] INFO  ipc.Server (Server.java:run(1323)) - Starting Socket Reader #1 for port 15107
2023-08-25 08:51:57,616 [Time-limited test] INFO  ipc.CallQueueManager (CallQueueManager.java:<init>(90)) - Using callQueue: class java.util.concurrent.LinkedBlockingQueue, queueCapacity: 2000, scheduler: class org.apache.hadoop.ipc.DefaultRpcScheduler, ipcBackoff: false.
2023-08-25 08:51:57,616 [Time-limited test] INFO  ipc.Server (Server.java:<init>(1287)) - Listener at 0.0.0.0:15106
2023-08-25 08:51:57,617 [Socket Reader #1 for port 15106] INFO  ipc.Server (Server.java:run(1323)) - Starting Socket Reader #1 for port 15106
2023-08-25 08:51:57,624 [Time-limited test] INFO  ha.SCMServiceManager (SCMServiceManager.java:register(42)) - Registering service ContainerBalancer.
2023-08-25 08:51:57,624 [Time-limited test] INFO  server.StorageContainerManager (StorageContainerManager.java:<init>(438)) - 
Container Balancer status:
Key                            Value
Running                        false
Container Balancer Configuration values:
Key                                                Value
Threshold                                          10
Max Datanodes to Involve per Iteration(percent)    20
Max Size to Move per Iteration                     500GB
Max Size Entering Target per Iteration             26GB
Max Size Leaving Source per Iteration              26GB

2023-08-25 08:51:57,624 [Time-limited test] INFO  ha.SCMContext (SCMContext.java:updateSafeModeStatus(228)) - Update SafeModeStatus from SafeModeStatus{safeModeStatus=true, preCheckPassed=false} to SafeModeStatus{safeModeStatus=true, preCheckPassed=false}.
2023-08-25 08:51:57,624 [Time-limited test] INFO  server.StorageContainerManager (StorageContainerManager.java:start(1483)) - StorageContainerLocationProtocol RPC server is listening at /0.0.0.0:15106
2023-08-25 08:51:57,626 [Time-limited test] WARN  impl.MetricsConfig (MetricsConfig.java:loadFirst(136)) - Cannot locate configuration: tried hadoop-metrics2-storagecontainermanager.properties,hadoop-metrics2.properties
2023-08-25 08:51:57,636 [Time-limited test] INFO  impl.MetricsSystemImpl (MetricsSystemImpl.java:startTimer(378)) - Scheduled Metric snapshot period at 10 second(s).
2023-08-25 08:51:57,636 [Time-limited test] INFO  impl.MetricsSystemImpl (MetricsSystemImpl.java:start(191)) - StorageContainerManager metrics system started
2023-08-25 08:51:57,646 [Time-limited test] INFO  impl.MetricsSinkAdapter (MetricsSinkAdapter.java:start(204)) - Sink prometheus started
2023-08-25 08:51:57,646 [Time-limited test] INFO  impl.MetricsSystemImpl (MetricsSystemImpl.java:registerSink(305)) - Registered sink prometheus
2023-08-25 08:51:57,688 [Time-limited test] INFO  server.SCMClientProtocolServer (SCMClientProtocolServer.java:start(201)) - RPC server for Client  is listening at /0.0.0.0:15106
2023-08-25 08:51:57,688 [IPC Server Responder] INFO  ipc.Server (Server.java:run(1562)) - IPC Server Responder: starting
2023-08-25 08:51:57,689 [IPC Server listener on 15106] INFO  ipc.Server (Server.java:run(1402)) - IPC Server listener on 15106: starting
2023-08-25 08:51:57,694 [Time-limited test] INFO  server.StorageContainerManager (StorageContainerManager.java:start(1496)) - ScmBlockLocationProtocol RPC server is listening at /0.0.0.0:15107
2023-08-25 08:51:57,694 [Time-limited test] INFO  server.SCMBlockProtocolServer (SCMBlockProtocolServer.java:start(152)) - RPC server for Block Protocol is listening at /0.0.0.0:15107
2023-08-25 08:51:57,694 [IPC Server Responder] INFO  ipc.Server (Server.java:run(1562)) - IPC Server Responder: starting
2023-08-25 08:51:57,698 [IPC Server listener on 15107] INFO  ipc.Server (Server.java:run(1402)) - IPC Server listener on 15107: starting
2023-08-25 08:51:57,700 [Time-limited test] INFO  server.SCMDatanodeProtocolServer (SCMDatanodeProtocolServer.java:start(193)) - ScmDatanodeProtocol RPC server for DataNodes is listening at /0.0.0.0:15108
2023-08-25 08:51:57,700 [IPC Server Responder] INFO  ipc.Server (Server.java:run(1562)) - IPC Server Responder: starting
2023-08-25 08:51:57,701 [IPC Server listener on 15108] INFO  ipc.Server (Server.java:run(1402)) - IPC Server listener on 15108: starting
2023-08-25 08:51:57,707 [JvmPauseMonitor14] INFO  util.JvmPauseMonitor (JvmPauseMonitor.java:run(103)) - JvmPauseMonitor-ad0e5ecd-4033-4268-af0a-537d622631d5: Started
2023-08-25 08:51:57,707 [Time-limited test] INFO  http.BaseHttpServer (BaseHttpServer.java:newHttpServer2BuilderForOzone(224)) - Starting Web-server for scm at: http://0.0.0.0:15109
2023-08-25 08:51:57,707 [Time-limited test] INFO  http.BaseHttpServer (BaseHttpServer.java:<init>(111)) - Hadoop Security Enabled: false Ozone Security Enabled: false Ozone HTTP Security Enabled: false 
2023-08-25 08:51:57,709 [Time-limited test] WARN  server.AuthenticationFilter (AuthenticationFilter.java:constructSecretProvider(240)) - Unable to initialize FileSignerSecretProvider, falling back to use random secrets. Reason: Could not read signature secret file: /home/runner/hadoop-http-auth-signature-secret
2023-08-25 08:51:57,709 [Time-limited test] INFO  http.HttpRequestLog (HttpRequestLog.java:getRequestLog(86)) - Http request log for http.requests.scm is not defined
2023-08-25 08:51:57,711 [Time-limited test] INFO  http.HttpServer2 (HttpServer2.java:addGlobalFilter(1031)) - Added global filter 'safety' (class=org.apache.hadoop.hdds.server.http.HttpServer2$QuotingInputFilter)
2023-08-25 08:51:57,711 [Time-limited test] INFO  http.HttpServer2 (HttpServer2.java:addFilter(1007)) - Added filter static_user_filter (class=org.apache.hadoop.http.lib.StaticUserWebFilter$StaticUserFilter) to context scm
2023-08-25 08:51:57,711 [Time-limited test] INFO  http.HttpServer2 (HttpServer2.java:addFilter(1015)) - Added filter static_user_filter (class=org.apache.hadoop.http.lib.StaticUserWebFilter$StaticUserFilter) to context logs
2023-08-25 08:51:57,712 [Time-limited test] INFO  http.HttpServer2 (HttpServer2.java:addFilter(1015)) - Added filter static_user_filter (class=org.apache.hadoop.http.lib.StaticUserWebFilter$StaticUserFilter) to context static
2023-08-25 08:51:57,712 [Time-limited test] INFO  http.BaseHttpServer (BaseHttpServer.java:<init>(190)) - HTTP server of scm uses base directory /home/runner/work/ozone/ozone/hadoop-ozone/integration-test/target/test-dir/MiniOzoneClusterImpl-0e3afe45-f4df-41ce-9d76-18b1c152426f/ozone-meta/webserver
2023-08-25 08:51:57,712 [Time-limited test] INFO  http.HttpServer2 (HttpServer2.java:bindListener(1250)) - Jetty bound to port 15109
2023-08-25 08:51:57,712 [Time-limited test] INFO  server.Server (Server.java:doStart(375)) - jetty-9.4.51.v20230217; built: 2023-02-17T08:19:37.309Z; git: b45c405e4544384de066f814ed42ae3dceacdd49; jvm 1.8.0_382-b05
2023-08-25 08:51:57,714 [Time-limited test] INFO  server.session (DefaultSessionIdManager.java:doStart(334)) - DefaultSessionIdManager workerName=node0
2023-08-25 08:51:57,714 [Time-limited test] INFO  server.session (DefaultSessionIdManager.java:doStart(339)) - No SessionScavenger set, using defaults
2023-08-25 08:51:57,714 [Time-limited test] INFO  server.session (HouseKeeper.java:startScavenging(132)) - node0 Scavenging every 660000ms
2023-08-25 08:51:57,715 [Time-limited test] INFO  handler.ContextHandler (ContextHandler.java:doStart(921)) - Started o.e.j.s.ServletContextHandler@2e6edcdb{logs,/logs,file:///home/runner/work/ozone/ozone/hadoop-ozone/integration-test/target/log,AVAILABLE}
2023-08-25 08:51:57,715 [Time-limited test] INFO  handler.ContextHandler (ContextHandler.java:doStart(921)) - Started o.e.j.s.ServletContextHandler@39957b7d{static,/static,file:///home/runner/work/ozone/ozone/hadoop-ozone/integration-test/target/test-classes/webapps/static,AVAILABLE}
2023-08-25 08:51:57,720 [Time-limited test] INFO  handler.ContextHandler (ContextHandler.java:doStart(921)) - Started o.e.j.w.WebAppContext@6f086371{scm,/,file:///home/runner/work/ozone/ozone/hadoop-ozone/integration-test/target/test-classes/webapps/scm/,AVAILABLE}{file:/home/runner/work/ozone/ozone/hadoop-ozone/integration-test/target/test-classes/webapps/scm}
2023-08-25 08:51:57,726 [Time-limited test] INFO  server.AbstractConnector (AbstractConnector.java:doStart(333)) - Started ServerConnector@188849cc{HTTP/1.1, (http/1.1)}{0.0.0.0:15109}
2023-08-25 08:51:57,726 [Time-limited test] INFO  server.Server (Server.java:doStart(415)) - Started @78953ms
2023-08-25 08:51:57,726 [Time-limited test] WARN  impl.MetricsSystemImpl (MetricsSystemImpl.java:register(279)) - Sink prometheus already exists!
2023-08-25 08:51:57,727 [Time-limited test] INFO  http.BaseHttpServer (BaseHttpServer.java:updateConnectorAddress(344)) - HTTP server of scm listening at http://0.0.0.0:15109
2023-08-25 08:51:57,727 [Time-limited test] WARN  server.ServerUtils (ServerUtils.java:getDBPath(311)) - ozone.om.db.dirs is not configured. We recommend adding this setting. Falling back to ozone.metadata.dirs instead.
2023-08-25 08:51:57,729 [Time-limited test] INFO  ha.OMHANodeDetails (OMHANodeDetails.java:loadOMHAConfig(115)) - ozone.om.internal.service.id is not defined, falling back to ozone.om.service.ids to find serviceID for OzoneManager if it is HA enabled cluster
2023-08-25 08:51:57,729 [Time-limited test] INFO  ha.OMHANodeDetails (OMHANodeDetails.java:loadOMHAConfig(226)) - Configuration does not have ozone.om.address set. Falling back to the default OM address /127.0.0.1:15110
2023-08-25 08:51:57,729 [Time-limited test] INFO  ha.OMHANodeDetails (OMHANodeDetails.java:getOMNodeDetailsForNonHA(254)) - OM Service ID is not set. Setting it to the default ID: omServiceIdDefault
2023-08-25 08:51:57,730 [Time-limited test] INFO  ha.OMHANodeDetails (OMHANodeDetails.java:getOMNodeDetailsForNonHA(261)) - OM Node ID is not set. Setting it to the default ID: om1
2023-08-25 08:51:57,730 [Time-limited test] WARN  server.ServerUtils (ServerUtils.java:getDBPath(311)) - ozone.om.db.dirs is not configured. We recommend adding this setting. Falling back to ozone.metadata.dirs instead.
2023-08-25 08:51:57,731 [Time-limited test] INFO  upgrade.AbstractLayoutVersionManager (AbstractLayoutVersionManager.java:init(83)) - Initializing Layout version manager with metadata layout = QUOTA (version = 6), software layout = QUOTA (version = 6)
2023-08-25 08:51:57,823 [Time-limited test] INFO  reflections.Reflections (Reflections.java:scan(232)) - Reflections took 90 ms to scan 2 urls, producing 188 keys and 512 values [using 2 cores]
2023-08-25 08:51:57,823 [Time-limited test] INFO  upgrade.OMLayoutVersionManager (OMLayoutVersionManager.java:lambda$0(115)) - Skipping Upgrade Action QuotaRepairUpgradeAction since it has been finalized.
2023-08-25 08:51:57,823 [Time-limited test] INFO  upgrade.OMLayoutVersionManager (OMLayoutVersionManager.java:lambda$0(115)) - Skipping Upgrade Action MockOmUpgradeAction since it has been finalized.
2023-08-25 08:51:57,823 [Time-limited test] WARN  server.ServerUtils (ServerUtils.java:getDBPath(311)) - ozone.om.db.dirs is not configured. We recommend adding this setting. Falling back to ozone.metadata.dirs instead.
2023-08-25 08:51:57,825 [Time-limited test] INFO  proxy.SCMBlockLocationFailoverProxyProvider (SCMBlockLocationFailoverProxyProvider.java:<init>(114)) - Created block location fail-over proxy with 1 nodes: [nodeId=scmNodeId,nodeAddress=/0.0.0.0:15107]
2023-08-25 08:51:57,826 [Time-limited test] INFO  proxy.SCMBlockLocationFailoverProxyProvider (SCMBlockLocationFailoverProxyProvider.java:<init>(114)) - Created block location fail-over proxy with 1 nodes: [nodeId=scmNodeId,nodeAddress=/0.0.0.0:15107]
2023-08-25 08:51:57,836 [Time-limited test] INFO  om.OzoneManager (OzoneManager.java:<init>(662)) - OM start with adminUsers: [runner]
2023-08-25 08:51:57,837 [Time-limited test] WARN  server.ServerUtils (ServerUtils.java:getDBPath(311)) - ozone.om.db.dirs is not configured. We recommend adding this setting. Falling back to ozone.metadata.dirs instead.
2023-08-25 08:51:57,838 [Time-limited test] INFO  helpers.OmKeyInfo (OmKeyInfo.java:getCodec(71)) - OmKeyInfo.getCodec ignorePipeline = true
2023-08-25 08:51:58,075 [Time-limited test] INFO  om.OzoneManager (OzoneManager.java:instantiateServices(791)) - S3 Multi-Tenancy is disabled
2023-08-25 08:51:58,075 [Time-limited test] INFO  om.OmSnapshotManager (OmSnapshotManager.java:<init>(175)) - Ozone filesystem snapshot feature is enabled.
2023-08-25 08:51:58,075 [Time-limited test] WARN  server.ServerUtils (ServerUtils.java:getDBPath(311)) - ozone.om.snapshot.diff.db.dir is not configured. We recommend adding this setting. Falling back to ozone.metadata.dirs instead.
2023-08-25 08:51:58,101 [Time-limited test] INFO  snapshot.SnapshotDiffManager (SnapshotDiffManager.java:closeExecutorService(1720)) - Shutting down executorService: 'SstDumpToolExecutor'
2023-08-25 08:51:58,104 [Time-limited test] INFO  om.OzoneManager (OzoneManager.java:addS3GVolumeToDB(4284)) - Created Volume s3v With Owner runner required for S3Gateway operations.
2023-08-25 08:51:58,105 [Time-limited test] WARN  server.ServerUtils (ServerUtils.java:getDefaultRatisDirectory(323)) - Storage directory for Ratis is not configured. It is a good idea to map this to an SSD disk. Falling back to ozone.metadata.dirs
2023-08-25 08:51:58,105 [Time-limited test] WARN  utils.OzoneManagerRatisUtils (OzoneManagerRatisUtils.java:getOMRatisSnapshotDirectory(461)) - ozone.om.ratis.snapshot.dir is not configured. Falling back to ozone.metadata.dirs config
2023-08-25 08:51:58,105 [Time-limited test] WARN  server.ServerUtils (ServerUtils.java:getDefaultRatisDirectory(323)) - Storage directory for Ratis is not configured. It is a good idea to map this to an SSD disk. Falling back to ozone.metadata.dirs
2023-08-25 08:51:58,107 [Time-limited test] INFO  ratis.OzoneManagerRatisServer (OzoneManagerRatisServer.java:<init>(163)) - Instantiating OM Ratis server with groupID: omServiceIdDefault and peers: localhost:15113
2023-08-25 08:51:58,107 [Time-limited test] INFO  ratis.OzoneManagerStateMachine (OzoneManagerStateMachine.java:loadSnapshotInfoFromDB(687)) - LastAppliedIndex is set from TransactionInfo from OM DB as (t:0, i:~)
2023-08-25 08:51:58,107 [Time-limited test] INFO  server.RaftServer (ConfUtils.java:logGet(46)) - raft.rpc.type = GRPC (default)
2023-08-25 08:51:58,107 [Time-limited test] INFO  grpc.GrpcConfigKeys (ConfUtils.java:logFallback(53)) - raft.grpc.admin.host = null (fallback to raft.grpc.server.host)
2023-08-25 08:51:58,107 [Time-limited test] INFO  grpc.GrpcConfigKeys (ConfUtils.java:logFallback(53)) - raft.grpc.admin.port = 15113 (fallback to raft.grpc.server.port)
2023-08-25 08:51:58,108 [Time-limited test] INFO  grpc.GrpcConfigKeys (ConfUtils.java:logFallback(53)) - raft.grpc.client.host = null (fallback to raft.grpc.server.host)
2023-08-25 08:51:58,108 [Time-limited test] INFO  grpc.GrpcConfigKeys (ConfUtils.java:logFallback(53)) - raft.grpc.client.port = 15113 (fallback to raft.grpc.server.port)
2023-08-25 08:51:58,108 [Time-limited test] INFO  grpc.GrpcConfigKeys (ConfUtils.java:logGet(46)) - raft.grpc.server.host = null (default)
2023-08-25 08:51:58,108 [Time-limited test] INFO  grpc.GrpcConfigKeys (ConfUtils.java:logGet(46)) - raft.grpc.server.port = 15113 (custom)
2023-08-25 08:51:58,108 [Time-limited test] INFO  server.GrpcService (ConfUtils.java:logGet(46)) - raft.grpc.message.size.max = 33554432 (custom)
2023-08-25 08:51:58,108 [Time-limited test] INFO  server.RaftServerConfigKeys (ConfUtils.java:logGet(46)) - raft.server.log.appender.buffer.byte-limit = 33554432 (custom)
2023-08-25 08:51:58,108 [Time-limited test] INFO  server.GrpcService (ConfUtils.java:logGet(46)) - raft.grpc.flow.control.window = 1MB (=1048576) (default)
2023-08-25 08:51:58,108 [Time-limited test] INFO  server.RaftServerConfigKeys (ConfUtils.java:logGet(46)) - raft.server.rpc.request.timeout = 3000ms (default)
2023-08-25 08:51:58,108 [Time-limited test] INFO  grpc.GrpcConfigKeys (ConfUtils.java:logGet(46)) - raft.grpc.server.heartbeat.channel = true (default)
2023-08-25 08:51:58,108 [Time-limited test] INFO  grpc.GrpcConfigKeys (ConfUtils.java:logGet(46)) - raft.grpc.server.async.request.thread.pool.cached = true (default)
2023-08-25 08:51:58,108 [Time-limited test] INFO  grpc.GrpcConfigKeys (ConfUtils.java:logGet(46)) - raft.grpc.server.async.request.thread.pool.size = 32 (default)
2023-08-25 08:51:58,110 [Time-limited test] INFO  impl.DataStreamServerImpl (ConfUtils.java:logGet(46)) - raft.datastream.type = DISABLED (default)
2023-08-25 08:51:58,110 [Time-limited test] INFO  server.RaftServerConfigKeys (ConfUtils.java:logGet(46)) - raft.server.threadpool.proxy.cached = true (default)
2023-08-25 08:51:58,110 [Time-limited test] INFO  server.RaftServerConfigKeys (ConfUtils.java:logGet(46)) - raft.server.threadpool.proxy.size = 0 (default)
2023-08-25 08:51:58,110 [Time-limited test] INFO  server.RaftServerConfigKeys (ConfUtils.java:logGet(46)) - raft.server.rpc.slowness.timeout = 120s (custom)
2023-08-25 08:51:58,110 [Time-limited test] INFO  server.RaftServerConfigKeys (ConfUtils.java:logGet(46)) - raft.server.leaderelection.leader.step-down.wait-time = 10s (default)
2023-08-25 08:51:58,110 [Time-limited test] INFO  server.RaftServerConfigKeys (ConfUtils.java:logGet(46)) - raft.server.storage.dir = [/home/runner/work/ozone/ozone/hadoop-ozone/integration-test/target/test-dir/MiniOzoneClusterImpl-0e3afe45-f4df-41ce-9d76-18b1c152426f/ozone-meta/ratis] (custom)
2023-08-25 08:51:58,112 [Time-limited test] INFO  server.RaftServer (RaftServerProxy.java:addNew(98)) - om1: addNew group-C5BA1605619E:[om1|rpc:localhost:15113|priority:0|startupRole:FOLLOWER] returns group-C5BA1605619E:java.util.concurrent.CompletableFuture@32ca8ba9[Not completed]
2023-08-25 08:51:58,112 [Time-limited test] INFO  om.OzoneManager (OzoneManager.java:initializeRatisServer(2128)) - OzoneManager Ratis server initialized at port 15113
2023-08-25 08:51:58,112 [om1-groupManagement] INFO  server.RaftServer$Division (RaftServerImpl.java:<init>(198)) - om1: new RaftServerImpl for group-C5BA1605619E:[om1|rpc:localhost:15113|priority:0|startupRole:FOLLOWER] with OzoneManagerStateMachine:uninitialized
2023-08-25 08:51:58,112 [Time-limited test] INFO  om.OzoneManager (OzoneManager.java:getRpcServer(1193)) - Creating RPC Server
2023-08-25 08:51:58,112 [om1-groupManagement] INFO  server.RaftServerConfigKeys (ConfUtils.java:logGet(46)) - raft.server.rpc.timeout.min = 1s (custom)
2023-08-25 08:51:58,112 [om1-groupManagement] INFO  server.RaftServerConfigKeys (ConfUtils.java:logGet(46)) - raft.server.rpc.timeout.max = 1200ms (custom)
2023-08-25 08:51:58,112 [om1-groupManagement] INFO  server.RaftServerConfigKeys (ConfUtils.java:logGet(46)) - raft.server.rpc.sleep.time = 25ms (default)
2023-08-25 08:51:58,112 [om1-groupManagement] INFO  server.RaftServerConfigKeys (ConfUtils.java:logGet(46)) - raft.server.rpc.slowness.timeout = 120s (custom)
2023-08-25 08:51:58,112 [om1-groupManagement] INFO  server.RaftServerConfigKeys (ConfUtils.java:logGet(46)) - raft.server.leaderelection.leader.step-down.wait-time = 10s (default)
2023-08-25 08:51:58,112 [om1-groupManagement] INFO  server.RaftServerConfigKeys (ConfUtils.java:logGet(46)) - raft.server.sleep.deviation.threshold = 300ms (default)
2023-08-25 08:51:58,112 [om1-groupManagement] INFO  server.RaftServer$Division (ServerState.java:<init>(120)) - om1@group-C5BA1605619E: ConfigurationManager, init=-1: peers:[om1|rpc:localhost:15113|priority:0|startupRole:FOLLOWER]|listeners:[], old=null, confs=<EMPTY_MAP>
2023-08-25 08:51:58,112 [om1-groupManagement] INFO  server.RaftServerConfigKeys (ConfUtils.java:logGet(46)) - raft.server.storage.dir = [/home/runner/work/ozone/ozone/hadoop-ozone/integration-test/target/test-dir/MiniOzoneClusterImpl-0e3afe45-f4df-41ce-9d76-18b1c152426f/ozone-meta/ratis] (custom)
2023-08-25 08:51:58,113 [om1-groupManagement] INFO  server.RaftServerConfigKeys (ConfUtils.java:logGet(46)) - raft.server.log.corruption.policy = EXCEPTION (default)
2023-08-25 08:51:58,113 [om1-groupManagement] INFO  server.RaftServerConfigKeys (ConfUtils.java:logGet(46)) - raft.server.storage.free-space.min = 0MB (=0) (default)
2023-08-25 08:51:58,113 [om1-groupManagement] INFO  server.RaftServerConfigKeys (ConfUtils.java:logGet(46)) - raft.server.notification.no-leader.timeout = 120s (custom)
2023-08-25 08:51:58,113 [om1-groupManagement] INFO  server.RaftServerConfigKeys (ConfUtils.java:logGet(46)) - raft.server.read.timeout = 10s (default)
2023-08-25 08:51:58,113 [om1-groupManagement] INFO  server.RaftServerConfigKeys (ConfUtils.java:logGet(46)) - raft.server.retrycache.expirytime = 300s (custom)
2023-08-25 08:51:58,113 [om1-groupManagement] INFO  server.RaftServerConfigKeys (ConfUtils.java:logGet(46)) - raft.server.retrycache.statistics.expirytime = 100μs (default)
2023-08-25 08:51:58,113 [om1-groupManagement] INFO  server.RaftServerConfigKeys (ConfUtils.java:logGet(46)) - raft.server.read.option = DEFAULT (default)
2023-08-25 08:51:58,117 [om1-groupManagement] INFO  server.RaftServerConfigKeys (ConfUtils.java:logGet(46)) - raft.server.rpc.request.timeout = 3000ms (default)
2023-08-25 08:51:58,117 [om1-groupManagement] INFO  server.RaftServerConfigKeys (ConfUtils.java:logGet(46)) - raft.server.log.appender.install.snapshot.enabled = false (custom)
2023-08-25 08:51:58,117 [om1-groupManagement] INFO  server.RaftServerConfigKeys (ConfUtils.java:logGet(46)) - raft.server.threadpool.server.cached = true (default)
2023-08-25 08:51:58,117 [om1-groupManagement] INFO  server.RaftServerConfigKeys (ConfUtils.java:logGet(46)) - raft.server.threadpool.server.size = 0 (default)
2023-08-25 08:51:58,118 [om1-groupManagement] INFO  server.RaftServerConfigKeys (ConfUtils.java:logGet(46)) - raft.server.threadpool.client.cached = true (default)
2023-08-25 08:51:58,118 [om1-groupManagement] INFO  server.RaftServerConfigKeys (ConfUtils.java:logGet(46)) - raft.server.threadpool.client.size = 0 (default)
2023-08-25 08:51:58,609 [ReplicationMonitor] INFO  replication.ReplicationManager (ReplicationManager.java:processAll(361)) - Replication Manager is not ready to run until 3000ms after safemode exit
2023-08-25 08:51:58,616 [Time-limited test] INFO  reflections.Reflections (Reflections.java:scan(232)) - Reflections took 502 ms to scan 19 urls, producing 70 keys and 5655 values [using 2 cores]
2023-08-25 08:51:58,618 [Time-limited test] INFO  ipc.CallQueueManager (CallQueueManager.java:<init>(90)) - Using callQueue: class java.util.concurrent.LinkedBlockingQueue, queueCapacity: 2000, scheduler: class org.apache.hadoop.ipc.DefaultRpcScheduler, ipcBackoff: false.
2023-08-25 08:51:58,618 [Time-limited test] INFO  ipc.Server (Server.java:<init>(1287)) - Listener at 127.0.0.1:15110
2023-08-25 08:51:58,620 [Socket Reader #1 for port 15110] INFO  ipc.Server (Server.java:run(1323)) - Starting Socket Reader #1 for port 15110
2023-08-25 08:51:58,650 [Time-limited test] INFO  impl.MetricsSystemImpl (MetricsSystemImpl.java:init(158)) - OzoneManager metrics system started (again)
2023-08-25 08:51:58,666 [Time-limited test] INFO  om.OzoneManager (OzoneManager.java:start(1613)) - OzoneManager RPC server is listening at localhost/127.0.0.1:15110
2023-08-25 08:51:58,666 [Time-limited test] INFO  ratis.OzoneManagerRatisServer (OzoneManagerRatisServer.java:start(558)) - Starting OzoneManagerRatisServer om1 at port 15113
2023-08-25 08:51:58,667 [om1-impl-thread1] INFO  storage.RaftStorageDirectory (RaftStorageDirectoryImpl.java:analyzeStorage(137)) - The storage directory /home/runner/work/ozone/ozone/hadoop-ozone/integration-test/target/test-dir/MiniOzoneClusterImpl-0e3afe45-f4df-41ce-9d76-18b1c152426f/ozone-meta/ratis/bf265839-605b-3f16-9796-c5ba1605619e does not exist. Creating ...
2023-08-25 08:51:58,669 [om1-impl-thread1] INFO  storage.RaftStorageDirectory (RaftStorageDirectoryImpl.java:tryLock(231)) - Lock on /home/runner/work/ozone/ozone/hadoop-ozone/integration-test/target/test-dir/MiniOzoneClusterImpl-0e3afe45-f4df-41ce-9d76-18b1c152426f/ozone-meta/ratis/bf265839-605b-3f16-9796-c5ba1605619e/in_use.lock acquired by nodename 30217@fv-az584-689
2023-08-25 08:51:58,671 [om1-impl-thread1] INFO  storage.RaftStorage (RaftStorageImpl.java:format(96)) - Storage directory /home/runner/work/ozone/ozone/hadoop-ozone/integration-test/target/test-dir/MiniOzoneClusterImpl-0e3afe45-f4df-41ce-9d76-18b1c152426f/ozone-meta/ratis/bf265839-605b-3f16-9796-c5ba1605619e has been successfully formatted.
2023-08-25 08:51:58,672 [om1-impl-thread1] INFO  server.RaftServerConfigKeys (ConfUtils.java:logGet(46)) - raft.server.log.use.memory = false (default)
2023-08-25 08:51:58,672 [om1-impl-thread1] INFO  server.RaftServerConfigKeys (ConfUtils.java:logGet(46)) - raft.server.log.purge.gap = 1000000 (custom)
2023-08-25 08:51:58,672 [om1-impl-thread1] INFO  server.RaftServerConfigKeys (ConfUtils.java:logGet(46)) - raft.server.log.appender.buffer.byte-limit = 33554432 (custom)
2023-08-25 08:51:58,672 [om1-impl-thread1] INFO  server.RaftServerConfigKeys (ConfUtils.java:logGet(46)) - raft.server.log.statemachine.data.read.timeout = 1000ms (default)
2023-08-25 08:51:58,672 [om1-impl-thread1] INFO  server.RaftServerConfigKeys (ConfUtils.java:logGet(46)) - raft.server.log.purge.preservation.log.num = 0 (default)
2023-08-25 08:51:58,672 [om1-impl-thread1] INFO  server.RaftServerConfigKeys (ConfUtils.java:logGet(46)) - raft.server.log.segment.size.max = 4194304 (custom)
2023-08-25 08:51:58,673 [om1-impl-thread1] INFO  server.RaftServerConfigKeys (ConfUtils.java:logGet(46)) - raft.server.log.segment.cache.num.max = 2 (custom)
2023-08-25 08:51:58,673 [om1-impl-thread1] INFO  server.RaftServerConfigKeys (ConfUtils.java:logGet(46)) - raft.server.log.segment.cache.size.max = 200MB (=209715200) (default)
2023-08-25 08:51:58,673 [om1-impl-thread1] INFO  server.RaftServerConfigKeys (ConfUtils.java:logGet(46)) - raft.server.log.appender.buffer.byte-limit = 33554432 (custom)
2023-08-25 08:51:58,673 [om1-impl-thread1] INFO  segmented.SegmentedRaftLogWorker (SegmentedRaftLogWorker.java:<init>(188)) - new om1@group-C5BA1605619E-SegmentedRaftLogWorker for RaftStorageImpl:Storage Directory /home/runner/work/ozone/ozone/hadoop-ozone/integration-test/target/test-dir/MiniOzoneClusterImpl-0e3afe45-f4df-41ce-9d76-18b1c152426f/ozone-meta/ratis/bf265839-605b-3f16-9796-c5ba1605619e
2023-08-25 08:51:58,673 [om1-impl-thread1] INFO  server.RaftServerConfigKeys (ConfUtils.java:logGet(46)) - raft.server.log.queue.byte-limit = 64MB (=67108864) (default)
2023-08-25 08:51:58,673 [om1-impl-thread1] INFO  server.RaftServerConfigKeys (ConfUtils.java:logGet(46)) - raft.server.log.queue.element-limit = 4096 (default)
2023-08-25 08:51:58,673 [om1-impl-thread1] INFO  server.RaftServerConfigKeys (ConfUtils.java:logGet(46)) - raft.server.log.segment.size.max = 4194304 (custom)
2023-08-25 08:51:58,673 [om1-impl-thread1] INFO  server.RaftServerConfigKeys (ConfUtils.java:logGet(46)) - raft.server.log.preallocated.size = 4194304 (custom)
2023-08-25 08:51:58,673 [om1-impl-thread1] INFO  server.RaftServerConfigKeys (ConfUtils.java:logGet(46)) - raft.server.log.force.sync.num = 128 (default)
2023-08-25 08:51:58,673 [om1-impl-thread1] INFO  server.RaftServerConfigKeys (ConfUtils.java:logGet(46)) - raft.server.log.statemachine.data.sync = true (default)
2023-08-25 08:51:58,673 [om1-impl-thread1] INFO  server.RaftServerConfigKeys (ConfUtils.java:logGet(46)) - raft.server.log.statemachine.data.sync.timeout = 10s (default)
2023-08-25 08:51:58,673 [om1-impl-thread1] INFO  server.RaftServerConfigKeys (ConfUtils.java:logGet(46)) - raft.server.log.statemachine.data.sync.timeout.retry = -1 (default)
2023-08-25 08:51:58,674 [om1-impl-thread1] INFO  server.RaftServerConfigKeys (ConfUtils.java:logGet(46)) - raft.server.log.write.buffer.size = 64KB (=65536) (default)
2023-08-25 08:51:58,674 [om1-impl-thread1] INFO  server.RaftServerConfigKeys (ConfUtils.java:logGet(46)) - raft.server.log.appender.buffer.byte-limit = 33554432 (custom)
2023-08-25 08:51:58,682 [om1-impl-thread1] INFO  server.RaftServerConfigKeys (ConfUtils.java:logGet(46)) - raft.server.log.unsafe-flush.enabled = false (default)
2023-08-25 08:51:58,682 [om1-impl-thread1] INFO  server.RaftServerConfigKeys (ConfUtils.java:logGet(46)) - raft.server.log.async-flush.enabled = false (default)
2023-08-25 08:51:58,682 [om1-impl-thread1] INFO  server.RaftServerConfigKeys (ConfUtils.java:logGet(46)) - raft.server.log.statemachine.data.caching.enabled = false (default)
2023-08-25 08:51:58,682 [om1-impl-thread1] INFO  segmented.SegmentedRaftLogWorker (SegmentedRaftLogWorker.java:lambda$new$0(135)) - om1@group-C5BA1605619E-SegmentedRaftLogWorker: flushIndex: setUnconditionally 0 -> -1
2023-08-25 08:51:58,682 [om1-impl-thread1] INFO  segmented.SegmentedRaftLogWorker (SegmentedRaftLogWorker.java:lambda$new$0(135)) - om1@group-C5BA1605619E-SegmentedRaftLogWorker: safeCacheEvictIndex: setUnconditionally 0 -> -1
2023-08-25 08:51:58,683 [om1-impl-thread1] INFO  server.RaftServer$Division (RaftServerImpl.java:start(342)) - om1@group-C5BA1605619E: start as a follower, conf=-1: peers:[om1|rpc:localhost:15113|priority:0|startupRole:FOLLOWER]|listeners:[], old=null
2023-08-25 08:51:58,683 [om1-impl-thread1] INFO  server.RaftServer$Division (RaftServerImpl.java:setRole(329)) - om1@group-C5BA1605619E: changes role from      null to FOLLOWER at term 0 for startAsFollower
2023-08-25 08:51:58,683 [om1-impl-thread1] INFO  impl.RoleInfo (RoleInfo.java:updateAndGet(139)) - om1: start om1@group-C5BA1605619E-FollowerState
2023-08-25 08:51:58,684 [om1-impl-thread1] INFO  util.JmxRegister (JmxRegister.java:tryRegister(44)) - Successfully registered JMX Bean with object name Ratis:service=RaftServer,group=group-C5BA1605619E,id=om1
2023-08-25 08:51:58,684 [om1-impl-thread1] INFO  server.RaftServerConfigKeys (ConfUtils.java:logGet(46)) - raft.server.snapshot.auto.trigger.enabled = true (custom)
2023-08-25 08:51:58,684 [om1-impl-thread1] INFO  server.RaftServerConfigKeys (ConfUtils.java:logGet(46)) - raft.server.snapshot.auto.trigger.threshold = 400000 (default)
2023-08-25 08:51:58,684 [om1-impl-thread1] INFO  server.RaftServerConfigKeys (ConfUtils.java:logGet(46)) - raft.server.snapshot.retention.file.num = -1 (default)
2023-08-25 08:51:58,684 [om1-impl-thread1] INFO  server.RaftServerConfigKeys (ConfUtils.java:logGet(46)) - raft.server.log.purge.upto.snapshot.index = true (custom)
2023-08-25 08:51:58,685 [om1@group-C5BA1605619E-FollowerState] INFO  server.RaftServerConfigKeys (ConfUtils.java:logFallback(53)) - raft.server.rpc.first-election.timeout.min = 1s (fallback to raft.server.rpc.timeout.min)
2023-08-25 08:51:58,685 [om1@group-C5BA1605619E-FollowerState] INFO  server.RaftServerConfigKeys (ConfUtils.java:logFallback(53)) - raft.server.rpc.first-election.timeout.max = 1200ms (fallback to raft.server.rpc.timeout.max)
2023-08-25 08:51:58,687 [Time-limited test] INFO  server.RaftServer (RaftServerProxy.java:startImpl(400)) - om1: start RPC server
2023-08-25 08:51:58,690 [Time-limited test] INFO  server.GrpcService (GrpcService.java:startImpl(302)) - om1: GrpcService started, listening on 15113
2023-08-25 08:51:58,690 [JvmPauseMonitor15] INFO  util.JvmPauseMonitor (JvmPauseMonitor.java:run(103)) - JvmPauseMonitor-om1: Started
2023-08-25 08:51:58,690 [Time-limited test] INFO  om.OzoneManager (OzoneManager.java:start(1629)) - Version File has different layout version (6) than OM DB (null). That is expected if this OM has never been finalized to a newer layout version.
2023-08-25 08:51:58,697 [Time-limited test] INFO  http.BaseHttpServer (BaseHttpServer.java:newHttpServer2BuilderForOzone(224)) - Starting Web-server for ozoneManager at: http://0.0.0.0:15111
2023-08-25 08:51:58,697 [Time-limited test] INFO  http.BaseHttpServer (BaseHttpServer.java:<init>(111)) - Hadoop Security Enabled: false Ozone Security Enabled: false Ozone HTTP Security Enabled: false 
2023-08-25 08:51:58,706 [Time-limited test] WARN  server.AuthenticationFilter (AuthenticationFilter.java:constructSecretProvider(240)) - Unable to initialize FileSignerSecretProvider, falling back to use random secrets. Reason: Could not read signature secret file: /home/runner/hadoop-http-auth-signature-secret
2023-08-25 08:51:58,707 [Time-limited test] INFO  http.HttpRequestLog (HttpRequestLog.java:getRequestLog(86)) - Http request log for http.requests.ozoneManager is not defined
2023-08-25 08:51:58,709 [Time-limited test] INFO  http.HttpServer2 (HttpServer2.java:addGlobalFilter(1031)) - Added global filter 'safety' (class=org.apache.hadoop.hdds.server.http.HttpServer2$QuotingInputFilter)
2023-08-25 08:51:58,710 [Time-limited test] INFO  http.HttpServer2 (HttpServer2.java:addFilter(1007)) - Added filter static_user_filter (class=org.apache.hadoop.http.lib.StaticUserWebFilter$StaticUserFilter) to context ozoneManager
2023-08-25 08:51:58,710 [Time-limited test] INFO  http.HttpServer2 (HttpServer2.java:addFilter(1015)) - Added filter static_user_filter (class=org.apache.hadoop.http.lib.StaticUserWebFilter$StaticUserFilter) to context static
2023-08-25 08:51:58,711 [Time-limited test] INFO  http.HttpServer2 (HttpServer2.java:addFilter(1015)) - Added filter static_user_filter (class=org.apache.hadoop.http.lib.StaticUserWebFilter$StaticUserFilter) to context logs
2023-08-25 08:51:58,713 [Time-limited test] INFO  http.BaseHttpServer (BaseHttpServer.java:<init>(190)) - HTTP server of ozoneManager uses base directory /home/runner/work/ozone/ozone/hadoop-ozone/integration-test/target/test-dir/MiniOzoneClusterImpl-0e3afe45-f4df-41ce-9d76-18b1c152426f/ozone-meta/webserver
2023-08-25 08:51:58,713 [Time-limited test] INFO  http.HttpServer2 (HttpServer2.java:bindListener(1250)) - Jetty bound to port 15111
2023-08-25 08:51:58,714 [Time-limited test] INFO  server.Server (Server.java:doStart(375)) - jetty-9.4.51.v20230217; built: 2023-02-17T08:19:37.309Z; git: b45c405e4544384de066f814ed42ae3dceacdd49; jvm 1.8.0_382-b05
2023-08-25 08:51:58,720 [Time-limited test] INFO  server.session (DefaultSessionIdManager.java:doStart(334)) - DefaultSessionIdManager workerName=node0
2023-08-25 08:51:58,720 [Time-limited test] INFO  server.session (DefaultSessionIdManager.java:doStart(339)) - No SessionScavenger set, using defaults
2023-08-25 08:51:58,720 [Time-limited test] INFO  server.session (HouseKeeper.java:startScavenging(132)) - node0 Scavenging every 660000ms
2023-08-25 08:51:58,722 [Time-limited test] INFO  handler.ContextHandler (ContextHandler.java:doStart(921)) - Started o.e.j.s.ServletContextHandler@34cae5c5{logs,/logs,file:///home/runner/work/ozone/ozone/hadoop-ozone/integration-test/target/log,AVAILABLE}
2023-08-25 08:51:58,723 [Time-limited test] INFO  handler.ContextHandler (ContextHandler.java:doStart(921)) - Started o.e.j.s.ServletContextHandler@70440b80{static,/static,file:///home/runner/work/ozone/ozone/hadoop-ozone/integration-test/target/test-classes/webapps/static,AVAILABLE}
2023-08-25 08:51:58,732 [Time-limited test] INFO  handler.ContextHandler (ContextHandler.java:doStart(921)) - Started o.e.j.w.WebAppContext@156ea0a7{ozoneManager,/,file:///home/runner/work/ozone/ozone/hadoop-ozone/integration-test/target/test-classes/webapps/ozoneManager/,AVAILABLE}{file:/home/runner/work/ozone/ozone/hadoop-ozone/integration-test/target/test-classes/webapps/ozoneManager}
2023-08-25 08:51:58,737 [Time-limited test] INFO  server.AbstractConnector (AbstractConnector.java:doStart(333)) - Started ServerConnector@416e1c51{HTTP/1.1, (http/1.1)}{0.0.0.0:15111}
2023-08-25 08:51:58,737 [Time-limited test] INFO  server.Server (Server.java:doStart(415)) - Started @79964ms
2023-08-25 08:51:58,737 [Time-limited test] WARN  impl.MetricsSystemImpl (MetricsSystemImpl.java:register(279)) - Sink prometheus already exists!
2023-08-25 08:51:58,738 [Time-limited test] INFO  http.BaseHttpServer (BaseHttpServer.java:updateConnectorAddress(344)) - HTTP server of ozoneManager listening at http://0.0.0.0:15111
2023-08-25 08:51:58,740 [IPC Server Responder] INFO  ipc.Server (Server.java:run(1562)) - IPC Server Responder: starting
2023-08-25 08:51:58,741 [IPC Server listener on 15110] INFO  ipc.Server (Server.java:run(1402)) - IPC Server listener on 15110: starting
2023-08-25 08:51:58,748 [Time-limited test] INFO  om.OzoneManager (OzoneManager.java:startTrashEmptier(2081)) - Trash Interval set to 0. Files deleted won't move to trash
2023-08-25 08:51:58,764 [Time-limited test] WARN  impl.MetricRegistriesImpl (MetricRegistriesImpl.java:addReporterRegistration(111)) - New reporters are added after registries were created. Some metrics will be missing from the reporter. Please add reporter before adding any new registry.
2023-08-25 08:51:58,764 [Time-limited test] WARN  impl.MetricRegistriesImpl (MetricRegistriesImpl.java:addReporterRegistration(111)) - New reporters are added after registries were created. Some metrics will be missing from the reporter. Please add reporter before adding any new registry.
2023-08-25 08:51:58,764 [Time-limited test] INFO  impl.MetricsSystemImpl (MetricsSystemImpl.java:init(158)) - HddsDatanode metrics system started (again)
2023-08-25 08:51:58,779 [Time-limited test] INFO  ozone.HddsDatanodeService (HddsDatanodeService.java:start(237)) - HddsDatanodeService host:fv-az584-689.msjcyvhqqs1uvpg4fm53wptgqc.jx.internal.cloudapp.net ip:10.1.0.19
2023-08-25 08:51:58,808 [Time-limited test] INFO  upgrade.AbstractLayoutVersionManager (AbstractLayoutVersionManager.java:init(83)) - Initializing Layout version manager with metadata layout = HADOOP_PRC_PORTS_IN_DATANODEDETAILS (version = 7), software layout = HADOOP_PRC_PORTS_IN_DATANODEDETAILS (version = 7)
2023-08-25 08:51:58,809 [Time-limited test] INFO  statemachine.DatanodeStateMachine (DatanodeStateMachine.java:getEndPointTaskThreadPoolSize(282)) - Datanode State Machine Task Thread Pool size 2
2023-08-25 08:51:58,815 [Time-limited test] INFO  volume.HddsVolume (HddsVolume.java:<init>(126)) - Creating HddsVolume: /home/runner/work/ozone/ozone/hadoop-ozone/integration-test/target/test-dir/MiniOzoneClusterImpl-0e3afe45-f4df-41ce-9d76-18b1c152426f/datanode-0/data-0/containers/hdds of storage type : DISK capacity : 9223372036854775807
2023-08-25 08:51:58,815 [Time-limited test] INFO  volume.MutableVolumeSet (MutableVolumeSet.java:initializeVolumeSet(173)) - Added Volume : /home/runner/work/ozone/ozone/hadoop-ozone/integration-test/target/test-dir/MiniOzoneClusterImpl-0e3afe45-f4df-41ce-9d76-18b1c152426f/datanode-0/data-0/containers/hdds to VolumeSet
2023-08-25 08:51:58,817 [Time-limited test] INFO  volume.MutableVolumeSet (MutableVolumeSet.java:initializeVolumeSet(173)) - Added Volume : /home/runner/work/ozone/ozone/hadoop-ozone/integration-test/target/test-dir/MiniOzoneClusterImpl-0e3afe45-f4df-41ce-9d76-18b1c152426f/datanode-0/data/ratis to VolumeSet
2023-08-25 08:51:58,818 [Thread-1322] INFO  ozoneimpl.ContainerReader (ContainerReader.java:readVolume(177)) - Finish verifying containers on volume /home/runner/work/ozone/ozone/hadoop-ozone/integration-test/target/test-dir/MiniOzoneClusterImpl-0e3afe45-f4df-41ce-9d76-18b1c152426f/datanode-0/data-0/containers/hdds
2023-08-25 08:51:58,818 [Time-limited test] INFO  ozoneimpl.OzoneContainer (OzoneContainer.java:buildContainerSet(314)) - Build ContainerSet costs 0s
2023-08-25 08:51:58,820 [Time-limited test] INFO  server.RaftServer (ConfUtils.java:logGet(46)) - raft.rpc.type = GRPC (default)
2023-08-25 08:51:58,820 [Time-limited test] INFO  grpc.GrpcConfigKeys (ConfUtils.java:logFallback(53)) - raft.grpc.admin.host = null (fallback to raft.grpc.server.host)
2023-08-25 08:51:58,820 [Time-limited test] INFO  grpc.GrpcConfigKeys (ConfUtils.java:logGet(46)) - raft.grpc.admin.port = 15119 (custom)
2023-08-25 08:51:58,820 [Time-limited test] INFO  grpc.GrpcConfigKeys (ConfUtils.java:logFallback(53)) - raft.grpc.client.host = null (fallback to raft.grpc.server.host)
2023-08-25 08:51:58,820 [Time-limited test] INFO  grpc.GrpcConfigKeys (ConfUtils.java:logGet(46)) - raft.grpc.client.port = 15118 (custom)
2023-08-25 08:51:58,820 [Time-limited test] INFO  grpc.GrpcConfigKeys (ConfUtils.java:logGet(46)) - raft.grpc.server.host = null (default)
2023-08-25 08:51:58,820 [Time-limited test] INFO  grpc.GrpcConfigKeys (ConfUtils.java:logGet(46)) - raft.grpc.server.port = 15120 (custom)
2023-08-25 08:51:58,821 [Time-limited test] INFO  server.GrpcService (ConfUtils.java:logGet(46)) - raft.grpc.message.size.max = 32MB (=33554432) (custom)
2023-08-25 08:51:58,821 [Time-limited test] INFO  server.RaftServerConfigKeys (ConfUtils.java:logGet(46)) - raft.server.log.appender.buffer.byte-limit = 33554432 (custom)
2023-08-25 08:51:58,821 [Time-limited test] INFO  server.GrpcService (ConfUtils.java:logGet(46)) - raft.grpc.flow.control.window = 5MB (=5242880) (custom)
2023-08-25 08:51:58,821 [Time-limited test] INFO  server.RaftServerConfigKeys (ConfUtils.java:logGet(46)) - raft.server.rpc.request.timeout = 60s (custom)
2023-08-25 08:51:58,821 [Time-limited test] INFO  grpc.GrpcConfigKeys (ConfUtils.java:logGet(46)) - raft.grpc.server.heartbeat.channel = true (default)
2023-08-25 08:51:58,821 [Time-limited test] INFO  grpc.GrpcConfigKeys (ConfUtils.java:logGet(46)) - raft.grpc.server.async.request.thread.pool.cached = true (default)
2023-08-25 08:51:58,822 [Time-limited test] INFO  grpc.GrpcConfigKeys (ConfUtils.java:logGet(46)) - raft.grpc.server.async.request.thread.pool.size = 32 (default)
2023-08-25 08:51:58,825 [Time-limited test] INFO  impl.DataStreamServerImpl (ConfUtils.java:logGet(46)) - raft.datastream.type = NETTY (custom)
2023-08-25 08:51:58,825 [Time-limited test] INFO  server.RaftServerConfigKeys (ConfUtils.java:logGet(46)) - raft.server.data-stream.async.request.thread.pool.cached = false (default)
2023-08-25 08:51:58,825 [Time-limited test] INFO  server.RaftServerConfigKeys (ConfUtils.java:logGet(46)) - raft.server.data-stream.async.request.thread.pool.size = 20 (custom)
2023-08-25 08:51:58,825 [Time-limited test] INFO  server.RaftServerConfigKeys (ConfUtils.java:logGet(46)) - raft.server.data-stream.async.write.thread.pool.size = 16 (default)
2023-08-25 08:51:58,825 [Time-limited test] INFO  server.RaftServerConfigKeys (ConfUtils.java:logGet(46)) - raft.server.data-stream.client.pool.size = 10 (default)
2023-08-25 08:51:58,825 [Time-limited test] INFO  netty.NettyConfigKeys$DataStream (ConfUtils.java:logGet(46)) - raft.netty.dataStream.server.use-epoll = false (default)
2023-08-25 08:51:58,825 [Time-limited test] INFO  netty.NettyConfigKeys$DataStream (ConfUtils.java:logGet(46)) - raft.netty.dataStream.server.boss-group.size = 0 (default)
2023-08-25 08:51:58,826 [Time-limited test] INFO  netty.NettyConfigKeys$DataStream (ConfUtils.java:logGet(46)) - raft.netty.dataStream.server.worker-group.size = 0 (default)
2023-08-25 08:51:58,826 [Time-limited test] INFO  netty.NettyConfigKeys$DataStream (ConfUtils.java:logGet(46)) - raft.netty.dataStream.server.tls.conf = null (default)
2023-08-25 08:51:58,827 [Time-limited test] INFO  netty.NettyConfigKeys$DataStream (ConfUtils.java:logGet(46)) - raft.netty.dataStream.host = null (default)
2023-08-25 08:51:58,827 [Time-limited test] INFO  netty.NettyConfigKeys$DataStream (ConfUtils.java:logGet(46)) - raft.netty.dataStream.port = 15121 (custom)
2023-08-25 08:51:58,827 [Time-limited test] INFO  server.RaftServerConfigKeys (ConfUtils.java:logGet(46)) - raft.server.threadpool.proxy.cached = true (default)
2023-08-25 08:51:58,827 [Time-limited test] INFO  server.RaftServerConfigKeys (ConfUtils.java:logGet(46)) - raft.server.threadpool.proxy.size = 0 (default)
2023-08-25 08:51:58,827 [Time-limited test] INFO  server.RaftServerConfigKeys (ConfUtils.java:logGet(46)) - raft.server.rpc.slowness.timeout = 300s (custom)
2023-08-25 08:51:58,828 [Time-limited test] INFO  server.RaftServerConfigKeys (ConfUtils.java:logGet(46)) - raft.server.leaderelection.leader.step-down.wait-time = 10s (default)
2023-08-25 08:51:58,828 [Time-limited test] INFO  server.RaftServerConfigKeys (ConfUtils.java:logGet(46)) - raft.server.storage.dir = [/home/runner/work/ozone/ozone/hadoop-ozone/integration-test/target/test-dir/MiniOzoneClusterImpl-0e3afe45-f4df-41ce-9d76-18b1c152426f/datanode-0/data/ratis] (custom)
2023-08-25 08:51:58,828 [13a37e5a-b376-4d6f-b694-58d1355ff7ca-NettyServerStreamRpc-bossGroup--thread1] INFO  logging.LoggingHandler (AbstractInternalLogger.java:log(148)) - [id: 0xef8dbc50] REGISTERED
2023-08-25 08:51:58,828 [13a37e5a-b376-4d6f-b694-58d1355ff7ca-NettyServerStreamRpc-bossGroup--thread1] INFO  logging.LoggingHandler (AbstractInternalLogger.java:log(148)) - [id: 0xef8dbc50] BIND: 0.0.0.0/0.0.0.0:15121
2023-08-25 08:51:58,829 [13a37e5a-b376-4d6f-b694-58d1355ff7ca-NettyServerStreamRpc-bossGroup--thread1] INFO  logging.LoggingHandler (AbstractInternalLogger.java:log(148)) - [id: 0xef8dbc50, L:/0:0:0:0:0:0:0:0:15121] ACTIVE
2023-08-25 08:51:58,833 [13a37e5a-b376-4d6f-b694-58d1355ff7ca-impl-thread1] INFO  server.RaftServer (RaftServerProxy.java:initGroupDir(258)) - 13a37e5a-b376-4d6f-b694-58d1355ff7ca: found a subdirectory /home/runner/work/ozone/ozone/hadoop-ozone/integration-test/target/test-dir/MiniOzoneClusterImpl-0e3afe45-f4df-41ce-9d76-18b1c152426f/datanode-0/data/ratis/tmp
2023-08-25 08:51:58,833 [13a37e5a-b376-4d6f-b694-58d1355ff7ca-impl-thread1] INFO  server.RaftServer (RaftServerProxy.java:initGroupDir(263)) - 13a37e5a-b376-4d6f-b694-58d1355ff7ca: The directory /home/runner/work/ozone/ozone/hadoop-ozone/integration-test/target/test-dir/MiniOzoneClusterImpl-0e3afe45-f4df-41ce-9d76-18b1c152426f/datanode-0/data/ratis/tmp is not a group directory; ignoring it. 
2023-08-25 08:51:58,833 [Time-limited test] INFO  replication.ReplicationServer (ReplicationServer.java:<init>(81)) - Initializing replication server with thread count = 10
2023-08-25 08:51:58,835 [Time-limited test] INFO  server.XceiverServerGrpc (XceiverServerGrpc.java:<init>(132)) - GrpcServer channel type EpollServerSocketChannel
2023-08-25 08:51:58,836 [Time-limited test] INFO  replication.ReplicationSupervisor (ReplicationSupervisor.java:build(155)) - Initializing replication supervisor with thread count = 10
2023-08-25 08:51:58,836 [Time-limited test] INFO  replication.ReplicationSupervisor (ReplicationSupervisor.java:nodeStateUpdated(307)) - Node state updated to IN_SERVICE, scaling executor pool size to 10
2023-08-25 08:51:58,842 [Time-limited test] INFO  http.BaseHttpServer (BaseHttpServer.java:newHttpServer2BuilderForOzone(224)) - Starting Web-server for hddsDatanode at: http://0.0.0.0:15115
2023-08-25 08:51:58,842 [Time-limited test] INFO  http.BaseHttpServer (BaseHttpServer.java:<init>(111)) - Hadoop Security Enabled: false Ozone Security Enabled: false Ozone HTTP Security Enabled: false 
2023-08-25 08:51:58,844 [Time-limited test] WARN  server.AuthenticationFilter (AuthenticationFilter.java:constructSecretProvider(240)) - Unable to initialize FileSignerSecretProvider, falling back to use random secrets. Reason: Could not read signature secret file: /home/runner/hadoop-http-auth-signature-secret
2023-08-25 08:51:58,844 [Time-limited test] INFO  http.HttpRequestLog (HttpRequestLog.java:getRequestLog(86)) - Http request log for http.requests.hddsDatanode is not defined
2023-08-25 08:51:58,845 [Time-limited test] INFO  http.HttpServer2 (HttpServer2.java:addGlobalFilter(1031)) - Added global filter 'safety' (class=org.apache.hadoop.hdds.server.http.HttpServer2$QuotingInputFilter)
2023-08-25 08:51:58,846 [Time-limited test] INFO  http.HttpServer2 (HttpServer2.java:addFilter(1007)) - Added filter static_user_filter (class=org.apache.hadoop.http.lib.StaticUserWebFilter$StaticUserFilter) to context hddsDatanode
2023-08-25 08:51:58,846 [Time-limited test] INFO  http.HttpServer2 (HttpServer2.java:addFilter(1015)) - Added filter static_user_filter (class=org.apache.hadoop.http.lib.StaticUserWebFilter$StaticUserFilter) to context logs
2023-08-25 08:51:58,846 [Time-limited test] INFO  http.HttpServer2 (HttpServer2.java:addFilter(1015)) - Added filter static_user_filter (class=org.apache.hadoop.http.lib.StaticUserWebFilter$StaticUserFilter) to context static
2023-08-25 08:51:58,847 [Time-limited test] INFO  http.BaseHttpServer (BaseHttpServer.java:<init>(190)) - HTTP server of hddsDatanode uses base directory /home/runner/work/ozone/ozone/hadoop-ozone/integration-test/target/test-dir/MiniOzoneClusterImpl-0e3afe45-f4df-41ce-9d76-18b1c152426f/datanode-0/meta/webserver
2023-08-25 08:51:58,847 [Time-limited test] INFO  http.HttpServer2 (HttpServer2.java:bindListener(1250)) - Jetty bound to port 15115
2023-08-25 08:51:58,847 [Time-limited test] INFO  server.Server (Server.java:doStart(375)) - jetty-9.4.51.v20230217; built: 2023-02-17T08:19:37.309Z; git: b45c405e4544384de066f814ed42ae3dceacdd49; jvm 1.8.0_382-b05
2023-08-25 08:51:58,853 [Time-limited test] INFO  server.session (DefaultSessionIdManager.java:doStart(334)) - DefaultSessionIdManager workerName=node0
2023-08-25 08:51:58,853 [Time-limited test] INFO  server.session (DefaultSessionIdManager.java:doStart(339)) - No SessionScavenger set, using defaults
2023-08-25 08:51:58,853 [Time-limited test] INFO  server.session (HouseKeeper.java:startScavenging(132)) - node0 Scavenging every 600000ms
2023-08-25 08:51:58,854 [Time-limited test] INFO  handler.ContextHandler (ContextHandler.java:doStart(921)) - Started o.e.j.s.ServletContextHandler@73a50b8{logs,/logs,file:///home/runner/work/ozone/ozone/hadoop-ozone/integration-test/target/log,AVAILABLE}
2023-08-25 08:51:58,855 [Time-limited test] INFO  handler.ContextHandler (ContextHandler.java:doStart(921)) - Started o.e.j.s.ServletContextHandler@593f2c41{static,/static,jar:file:/home/runner/.m2/repository/org/apache/ozone/hdds-container-service/1.4.0-SNAPSHOT/hdds-container-service-1.4.0-SNAPSHOT.jar!/webapps/static,AVAILABLE}
2023-08-25 08:51:59,095 [Time-limited test] INFO  handler.ContextHandler (ContextHandler.java:doStart(921)) - Started o.e.j.w.WebAppContext@5ab405ce{hddsDatanode,/,file:///home/runner/work/ozone/ozone/hadoop-ozone/integration-test/target/test-dir/MiniOzoneClusterImpl-0e3afe45-f4df-41ce-9d76-18b1c152426f/datanode-0/meta/webserver/jetty-0_0_0_0-15115-hdds-container-service-1_4_0-SNAPSHOT_jar-_-any-9131306120183174623/webapp/,AVAILABLE}{jar:file:/home/runner/.m2/repository/org/apache/ozone/hdds-container-service/1.4.0-SNAPSHOT/hdds-container-service-1.4.0-SNAPSHOT.jar!/webapps/hddsDatanode}
2023-08-25 08:51:59,096 [Time-limited test] INFO  server.AbstractConnector (AbstractConnector.java:doStart(333)) - Started ServerConnector@11519f66{HTTP/1.1, (http/1.1)}{0.0.0.0:15115}
2023-08-25 08:51:59,097 [Time-limited test] INFO  server.Server (Server.java:doStart(415)) - Started @80323ms
2023-08-25 08:51:59,097 [Time-limited test] WARN  impl.MetricsSystemImpl (MetricsSystemImpl.java:register(279)) - Sink prometheus already exists!
2023-08-25 08:51:59,097 [Time-limited test] INFO  http.BaseHttpServer (BaseHttpServer.java:updateConnectorAddress(344)) - HTTP server of hddsDatanode listening at http://0.0.0.0:15115
2023-08-25 08:51:59,098 [Time-limited test] INFO  ipc.CallQueueManager (CallQueueManager.java:<init>(90)) - Using callQueue: class java.util.concurrent.LinkedBlockingQueue, queueCapacity: 100, scheduler: class org.apache.hadoop.ipc.DefaultRpcScheduler, ipcBackoff: false.
2023-08-25 08:51:59,098 [Time-limited test] INFO  ipc.Server (Server.java:<init>(1287)) - Listener at 0.0.0.0:15116
2023-08-25 08:51:59,098 [Socket Reader #1 for port 15116] INFO  ipc.Server (Server.java:run(1323)) - Starting Socket Reader #1 for port 15116
2023-08-25 08:51:59,102 [Time-limited test] INFO  ozone.HddsDatanodeService (HddsDatanodeService.java:start(315)) - Datanode start with admins: [runner]
2023-08-25 08:51:59,102 [Time-limited test] INFO  ozone.HddsDatanodeClientProtocolServer (HddsDatanodeClientProtocolServer.java:start(72)) - RPC server for Client /0.0.0.0:15116
2023-08-25 08:51:59,103 [IPC Server Responder] INFO  ipc.Server (Server.java:run(1562)) - IPC Server Responder: starting
2023-08-25 08:51:59,103 [IPC Server listener on 15116] INFO  ipc.Server (Server.java:run(1402)) - IPC Server listener on 15116: starting
2023-08-25 08:51:59,103 [Datanode State Machine Daemon Thread] INFO  statemachine.DatanodeStateMachine (DatanodeStateMachine.java:lambda$startDaemon$0(538)) - Ozone container server started.
2023-08-25 08:51:59,103 [Time-limited test] WARN  impl.MetricRegistriesImpl (MetricRegistriesImpl.java:addReporterRegistration(111)) - New reporters are added after registries were created. Some metrics will be missing from the reporter. Please add reporter before adding any new registry.
2023-08-25 08:51:59,103 [Time-limited test] WARN  impl.MetricRegistriesImpl (MetricRegistriesImpl.java:addReporterRegistration(111)) - New reporters are added after registries were created. Some metrics will be missing from the reporter. Please add reporter before adding any new registry.
2023-08-25 08:51:59,103 [Time-limited test] INFO  impl.MetricsSystemImpl (MetricsSystemImpl.java:init(158)) - HddsDatanode metrics system started (again)
2023-08-25 08:51:59,119 [Time-limited test] INFO  ozone.HddsDatanodeService (HddsDatanodeService.java:start(237)) - HddsDatanodeService host:fv-az584-689.msjcyvhqqs1uvpg4fm53wptgqc.jx.internal.cloudapp.net ip:10.1.0.19
2023-08-25 08:51:59,125 [Datanode State Machine Task Thread - 0] INFO  datanode.InitDatanodeState (InitDatanodeState.java:persistContainerDatanodeDetails(138)) - DatanodeDetails is persisted to /home/runner/work/ozone/ozone/hadoop-ozone/integration-test/target/test-dir/MiniOzoneClusterImpl-0e3afe45-f4df-41ce-9d76-18b1c152426f/datanode-0/meta/datanode.id
2023-08-25 08:51:59,147 [Time-limited test] INFO  upgrade.AbstractLayoutVersionManager (AbstractLayoutVersionManager.java:init(83)) - Initializing Layout version manager with metadata layout = HADOOP_PRC_PORTS_IN_DATANODEDETAILS (version = 7), software layout = HADOOP_PRC_PORTS_IN_DATANODEDETAILS (version = 7)
2023-08-25 08:51:59,148 [Time-limited test] INFO  statemachine.DatanodeStateMachine (DatanodeStateMachine.java:getEndPointTaskThreadPoolSize(282)) - Datanode State Machine Task Thread Pool size 2
2023-08-25 08:51:59,149 [Time-limited test] INFO  volume.HddsVolume (HddsVolume.java:<init>(126)) - Creating HddsVolume: /home/runner/work/ozone/ozone/hadoop-ozone/integration-test/target/test-dir/MiniOzoneClusterImpl-0e3afe45-f4df-41ce-9d76-18b1c152426f/datanode-1/data-0/containers/hdds of storage type : DISK capacity : 9223372036854775807
2023-08-25 08:51:59,150 [Time-limited test] INFO  volume.MutableVolumeSet (MutableVolumeSet.java:initializeVolumeSet(173)) - Added Volume : /home/runner/work/ozone/ozone/hadoop-ozone/integration-test/target/test-dir/MiniOzoneClusterImpl-0e3afe45-f4df-41ce-9d76-18b1c152426f/datanode-1/data-0/containers/hdds to VolumeSet
2023-08-25 08:51:59,150 [Time-limited test] INFO  volume.MutableVolumeSet (MutableVolumeSet.java:initializeVolumeSet(173)) - Added Volume : /home/runner/work/ozone/ozone/hadoop-ozone/integration-test/target/test-dir/MiniOzoneClusterImpl-0e3afe45-f4df-41ce-9d76-18b1c152426f/datanode-1/data/ratis to VolumeSet
2023-08-25 08:51:59,157 [Thread-1339] INFO  ozoneimpl.ContainerReader (ContainerReader.java:readVolume(177)) - Finish verifying containers on volume /home/runner/work/ozone/ozone/hadoop-ozone/integration-test/target/test-dir/MiniOzoneClusterImpl-0e3afe45-f4df-41ce-9d76-18b1c152426f/datanode-1/data-0/containers/hdds
2023-08-25 08:51:59,157 [Time-limited test] INFO  ozoneimpl.OzoneContainer (OzoneContainer.java:buildContainerSet(314)) - Build ContainerSet costs 0s
2023-08-25 08:51:59,159 [Time-limited test] INFO  server.RaftServer (ConfUtils.java:logGet(46)) - raft.rpc.type = GRPC (default)
2023-08-25 08:51:59,159 [Time-limited test] INFO  grpc.GrpcConfigKeys (ConfUtils.java:logFallback(53)) - raft.grpc.admin.host = null (fallback to raft.grpc.server.host)
2023-08-25 08:51:59,160 [Time-limited test] INFO  grpc.GrpcConfigKeys (ConfUtils.java:logGet(46)) - raft.grpc.admin.port = 15128 (custom)
2023-08-25 08:51:59,160 [Time-limited test] INFO  grpc.GrpcConfigKeys (ConfUtils.java:logFallback(53)) - raft.grpc.client.host = null (fallback to raft.grpc.server.host)
2023-08-25 08:51:59,160 [Time-limited test] INFO  grpc.GrpcConfigKeys (ConfUtils.java:logGet(46)) - raft.grpc.client.port = 15127 (custom)
2023-08-25 08:51:59,160 [Time-limited test] INFO  grpc.GrpcConfigKeys (ConfUtils.java:logGet(46)) - raft.grpc.server.host = null (default)
2023-08-25 08:51:59,160 [Time-limited test] INFO  grpc.GrpcConfigKeys (ConfUtils.java:logGet(46)) - raft.grpc.server.port = 15129 (custom)
2023-08-25 08:51:59,160 [Time-limited test] INFO  server.GrpcService (ConfUtils.java:logGet(46)) - raft.grpc.message.size.max = 32MB (=33554432) (custom)
2023-08-25 08:51:59,160 [Time-limited test] INFO  server.RaftServerConfigKeys (ConfUtils.java:logGet(46)) - raft.server.log.appender.buffer.byte-limit = 33554432 (custom)
2023-08-25 08:51:59,160 [Time-limited test] INFO  server.GrpcService (ConfUtils.java:logGet(46)) - raft.grpc.flow.control.window = 5MB (=5242880) (custom)
2023-08-25 08:51:59,160 [Time-limited test] INFO  server.RaftServerConfigKeys (ConfUtils.java:logGet(46)) - raft.server.rpc.request.timeout = 60s (custom)
2023-08-25 08:51:59,160 [Time-limited test] INFO  grpc.GrpcConfigKeys (ConfUtils.java:logGet(46)) - raft.grpc.server.heartbeat.channel = true (default)
2023-08-25 08:51:59,160 [Time-limited test] INFO  grpc.GrpcConfigKeys (ConfUtils.java:logGet(46)) - raft.grpc.server.async.request.thread.pool.cached = true (default)
2023-08-25 08:51:59,160 [Time-limited test] INFO  grpc.GrpcConfigKeys (ConfUtils.java:logGet(46)) - raft.grpc.server.async.request.thread.pool.size = 32 (default)
2023-08-25 08:51:59,167 [Time-limited test] INFO  impl.DataStreamServerImpl (ConfUtils.java:logGet(46)) - raft.datastream.type = NETTY (custom)
2023-08-25 08:51:59,167 [Time-limited test] INFO  server.RaftServerConfigKeys (ConfUtils.java:logGet(46)) - raft.server.data-stream.async.request.thread.pool.cached = false (default)
2023-08-25 08:51:59,167 [Time-limited test] INFO  server.RaftServerConfigKeys (ConfUtils.java:logGet(46)) - raft.server.data-stream.async.request.thread.pool.size = 20 (custom)
2023-08-25 08:51:59,167 [Time-limited test] INFO  server.RaftServerConfigKeys (ConfUtils.java:logGet(46)) - raft.server.data-stream.async.write.thread.pool.size = 16 (default)
2023-08-25 08:51:59,167 [Time-limited test] INFO  server.RaftServerConfigKeys (ConfUtils.java:logGet(46)) - raft.server.data-stream.client.pool.size = 10 (default)
2023-08-25 08:51:59,167 [Time-limited test] INFO  netty.NettyConfigKeys$DataStream (ConfUtils.java:logGet(46)) - raft.netty.dataStream.server.use-epoll = false (default)
2023-08-25 08:51:59,168 [Time-limited test] INFO  netty.NettyConfigKeys$DataStream (ConfUtils.java:logGet(46)) - raft.netty.dataStream.server.boss-group.size = 0 (default)
2023-08-25 08:51:59,168 [Time-limited test] INFO  netty.NettyConfigKeys$DataStream (ConfUtils.java:logGet(46)) - raft.netty.dataStream.server.worker-group.size = 0 (default)
2023-08-25 08:51:59,168 [Time-limited test] INFO  netty.NettyConfigKeys$DataStream (ConfUtils.java:logGet(46)) - raft.netty.dataStream.server.tls.conf = null (default)
2023-08-25 08:51:59,168 [Time-limited test] INFO  netty.NettyConfigKeys$DataStream (ConfUtils.java:logGet(46)) - raft.netty.dataStream.host = null (default)
2023-08-25 08:51:59,168 [Time-limited test] INFO  netty.NettyConfigKeys$DataStream (ConfUtils.java:logGet(46)) - raft.netty.dataStream.port = 15130 (custom)
2023-08-25 08:51:59,169 [Time-limited test] INFO  server.RaftServerConfigKeys (ConfUtils.java:logGet(46)) - raft.server.threadpool.proxy.cached = true (default)
2023-08-25 08:51:59,169 [Time-limited test] INFO  server.RaftServerConfigKeys (ConfUtils.java:logGet(46)) - raft.server.threadpool.proxy.size = 0 (default)
2023-08-25 08:51:59,169 [Time-limited test] INFO  server.RaftServerConfigKeys (ConfUtils.java:logGet(46)) - raft.server.rpc.slowness.timeout = 300s (custom)
2023-08-25 08:51:59,169 [5d860d7d-438a-4901-b268-bb236ca34e1d-NettyServerStreamRpc-bossGroup--thread1] INFO  logging.LoggingHandler (AbstractInternalLogger.java:log(148)) - [id: 0x55919d4a] REGISTERED
2023-08-25 08:51:59,169 [Time-limited test] INFO  server.RaftServerConfigKeys (ConfUtils.java:logGet(46)) - raft.server.leaderelection.leader.step-down.wait-time = 10s (default)
2023-08-25 08:51:59,170 [5d860d7d-438a-4901-b268-bb236ca34e1d-NettyServerStreamRpc-bossGroup--thread1] INFO  logging.LoggingHandler (AbstractInternalLogger.java:log(148)) - [id: 0x55919d4a] BIND: 0.0.0.0/0.0.0.0:15130
2023-08-25 08:51:59,170 [Time-limited test] INFO  server.RaftServerConfigKeys (ConfUtils.java:logGet(46)) - raft.server.storage.dir = [/home/runner/work/ozone/ozone/hadoop-ozone/integration-test/target/test-dir/MiniOzoneClusterImpl-0e3afe45-f4df-41ce-9d76-18b1c152426f/datanode-1/data/ratis] (custom)
2023-08-25 08:51:59,170 [5d860d7d-438a-4901-b268-bb236ca34e1d-NettyServerStreamRpc-bossGroup--thread1] INFO  logging.LoggingHandler (AbstractInternalLogger.java:log(148)) - [id: 0x55919d4a, L:/0:0:0:0:0:0:0:0:15130] ACTIVE
2023-08-25 08:51:59,170 [5d860d7d-438a-4901-b268-bb236ca34e1d-impl-thread1] INFO  server.RaftServer (RaftServerProxy.java:initGroupDir(258)) - 5d860d7d-438a-4901-b268-bb236ca34e1d: found a subdirectory /home/runner/work/ozone/ozone/hadoop-ozone/integration-test/target/test-dir/MiniOzoneClusterImpl-0e3afe45-f4df-41ce-9d76-18b1c152426f/datanode-1/data/ratis/tmp
2023-08-25 08:51:59,170 [5d860d7d-438a-4901-b268-bb236ca34e1d-impl-thread1] INFO  server.RaftServer (RaftServerProxy.java:initGroupDir(263)) - 5d860d7d-438a-4901-b268-bb236ca34e1d: The directory /home/runner/work/ozone/ozone/hadoop-ozone/integration-test/target/test-dir/MiniOzoneClusterImpl-0e3afe45-f4df-41ce-9d76-18b1c152426f/datanode-1/data/ratis/tmp is not a group directory; ignoring it. 
2023-08-25 08:51:59,171 [Time-limited test] INFO  replication.ReplicationServer (ReplicationServer.java:<init>(81)) - Initializing replication server with thread count = 10
2023-08-25 08:51:59,173 [Time-limited test] INFO  server.XceiverServerGrpc (XceiverServerGrpc.java:<init>(132)) - GrpcServer channel type EpollServerSocketChannel
2023-08-25 08:51:59,175 [Time-limited test] INFO  replication.ReplicationSupervisor (ReplicationSupervisor.java:build(155)) - Initializing replication supervisor with thread count = 10
2023-08-25 08:51:59,175 [Time-limited test] INFO  replication.ReplicationSupervisor (ReplicationSupervisor.java:nodeStateUpdated(307)) - Node state updated to IN_SERVICE, scaling executor pool size to 10
2023-08-25 08:51:59,186 [Time-limited test] INFO  http.BaseHttpServer (BaseHttpServer.java:newHttpServer2BuilderForOzone(224)) - Starting Web-server for hddsDatanode at: http://0.0.0.0:15124
2023-08-25 08:51:59,186 [Time-limited test] INFO  http.BaseHttpServer (BaseHttpServer.java:<init>(111)) - Hadoop Security Enabled: false Ozone Security Enabled: false Ozone HTTP Security Enabled: false 
2023-08-25 08:51:59,189 [Time-limited test] WARN  server.AuthenticationFilter (AuthenticationFilter.java:constructSecretProvider(240)) - Unable to initialize FileSignerSecretProvider, falling back to use random secrets. Reason: Could not read signature secret file: /home/runner/hadoop-http-auth-signature-secret
2023-08-25 08:51:59,192 [Time-limited test] INFO  http.HttpRequestLog (HttpRequestLog.java:getRequestLog(86)) - Http request log for http.requests.hddsDatanode is not defined
2023-08-25 08:51:59,194 [Time-limited test] INFO  http.HttpServer2 (HttpServer2.java:addGlobalFilter(1031)) - Added global filter 'safety' (class=org.apache.hadoop.hdds.server.http.HttpServer2$QuotingInputFilter)
2023-08-25 08:51:59,195 [Time-limited test] INFO  http.HttpServer2 (HttpServer2.java:addFilter(1007)) - Added filter static_user_filter (class=org.apache.hadoop.http.lib.StaticUserWebFilter$StaticUserFilter) to context hddsDatanode
2023-08-25 08:51:59,195 [Time-limited test] INFO  http.HttpServer2 (HttpServer2.java:addFilter(1015)) - Added filter static_user_filter (class=org.apache.hadoop.http.lib.StaticUserWebFilter$StaticUserFilter) to context logs
2023-08-25 08:51:59,195 [Time-limited test] INFO  http.HttpServer2 (HttpServer2.java:addFilter(1015)) - Added filter static_user_filter (class=org.apache.hadoop.http.lib.StaticUserWebFilter$StaticUserFilter) to context static
2023-08-25 08:51:59,195 [Time-limited test] INFO  http.BaseHttpServer (BaseHttpServer.java:<init>(190)) - HTTP server of hddsDatanode uses base directory /home/runner/work/ozone/ozone/hadoop-ozone/integration-test/target/test-dir/MiniOzoneClusterImpl-0e3afe45-f4df-41ce-9d76-18b1c152426f/datanode-1/meta/webserver
2023-08-25 08:51:59,198 [Time-limited test] INFO  http.HttpServer2 (HttpServer2.java:bindListener(1250)) - Jetty bound to port 15124
2023-08-25 08:51:59,199 [Time-limited test] INFO  server.Server (Server.java:doStart(375)) - jetty-9.4.51.v20230217; built: 2023-02-17T08:19:37.309Z; git: b45c405e4544384de066f814ed42ae3dceacdd49; jvm 1.8.0_382-b05
2023-08-25 08:51:59,201 [Time-limited test] INFO  server.session (DefaultSessionIdManager.java:doStart(334)) - DefaultSessionIdManager workerName=node0
2023-08-25 08:51:59,201 [Time-limited test] INFO  server.session (DefaultSessionIdManager.java:doStart(339)) - No SessionScavenger set, using defaults
2023-08-25 08:51:59,201 [Time-limited test] INFO  server.session (HouseKeeper.java:startScavenging(132)) - node0 Scavenging every 600000ms
2023-08-25 08:51:59,202 [Time-limited test] INFO  handler.ContextHandler (ContextHandler.java:doStart(921)) - Started o.e.j.s.ServletContextHandler@1652a5e9{logs,/logs,file:///home/runner/work/ozone/ozone/hadoop-ozone/integration-test/target/log,AVAILABLE}
2023-08-25 08:51:59,202 [Time-limited test] INFO  handler.ContextHandler (ContextHandler.java:doStart(921)) - Started o.e.j.s.ServletContextHandler@32b593db{static,/static,jar:file:/home/runner/.m2/repository/org/apache/ozone/hdds-container-service/1.4.0-SNAPSHOT/hdds-container-service-1.4.0-SNAPSHOT.jar!/webapps/static,AVAILABLE}
2023-08-25 08:51:59,431 [Time-limited test] INFO  handler.ContextHandler (ContextHandler.java:doStart(921)) - Started o.e.j.w.WebAppContext@220915d8{hddsDatanode,/,file:///home/runner/work/ozone/ozone/hadoop-ozone/integration-test/target/test-dir/MiniOzoneClusterImpl-0e3afe45-f4df-41ce-9d76-18b1c152426f/datanode-1/meta/webserver/jetty-0_0_0_0-15124-hdds-container-service-1_4_0-SNAPSHOT_jar-_-any-8340097603071985827/webapp/,AVAILABLE}{jar:file:/home/runner/.m2/repository/org/apache/ozone/hdds-container-service/1.4.0-SNAPSHOT/hdds-container-service-1.4.0-SNAPSHOT.jar!/webapps/hddsDatanode}
2023-08-25 08:51:59,433 [Time-limited test] INFO  server.AbstractConnector (AbstractConnector.java:doStart(333)) - Started ServerConnector@31bf6995{HTTP/1.1, (http/1.1)}{0.0.0.0:15124}
2023-08-25 08:51:59,433 [Time-limited test] INFO  server.Server (Server.java:doStart(415)) - Started @80660ms
2023-08-25 08:51:59,433 [Time-limited test] WARN  impl.MetricsSystemImpl (MetricsSystemImpl.java:register(279)) - Sink prometheus already exists!
2023-08-25 08:51:59,434 [Time-limited test] INFO  http.BaseHttpServer (BaseHttpServer.java:updateConnectorAddress(344)) - HTTP server of hddsDatanode listening at http://0.0.0.0:15124
2023-08-25 08:51:59,434 [Time-limited test] INFO  ipc.CallQueueManager (CallQueueManager.java:<init>(90)) - Using callQueue: class java.util.concurrent.LinkedBlockingQueue, queueCapacity: 100, scheduler: class org.apache.hadoop.ipc.DefaultRpcScheduler, ipcBackoff: false.
2023-08-25 08:51:59,434 [Time-limited test] INFO  ipc.Server (Server.java:<init>(1287)) - Listener at 0.0.0.0:15125
2023-08-25 08:51:59,435 [Socket Reader #1 for port 15125] INFO  ipc.Server (Server.java:run(1323)) - Starting Socket Reader #1 for port 15125
2023-08-25 08:51:59,436 [Time-limited test] INFO  ozone.HddsDatanodeService (HddsDatanodeService.java:start(315)) - Datanode start with admins: [runner]
2023-08-25 08:51:59,436 [Time-limited test] INFO  ozone.HddsDatanodeClientProtocolServer (HddsDatanodeClientProtocolServer.java:start(72)) - RPC server for Client /0.0.0.0:15125
2023-08-25 08:51:59,436 [IPC Server Responder] INFO  ipc.Server (Server.java:run(1562)) - IPC Server Responder: starting
2023-08-25 08:51:59,441 [IPC Server listener on 15125] INFO  ipc.Server (Server.java:run(1402)) - IPC Server listener on 15125: starting
2023-08-25 08:51:59,442 [Time-limited test] WARN  impl.MetricRegistriesImpl (MetricRegistriesImpl.java:addReporterRegistration(111)) - New reporters are added after registries were created. Some metrics will be missing from the reporter. Please add reporter before adding any new registry.
2023-08-25 08:51:59,445 [Datanode State Machine Daemon Thread] INFO  statemachine.DatanodeStateMachine (DatanodeStateMachine.java:lambda$startDaemon$0(538)) - Ozone container server started.
2023-08-25 08:51:59,446 [Time-limited test] WARN  impl.MetricRegistriesImpl (MetricRegistriesImpl.java:addReporterRegistration(111)) - New reporters are added after registries were created. Some metrics will be missing from the reporter. Please add reporter before adding any new registry.
2023-08-25 08:51:59,446 [Time-limited test] INFO  impl.MetricsSystemImpl (MetricsSystemImpl.java:init(158)) - HddsDatanode metrics system started (again)
2023-08-25 08:51:59,462 [Time-limited test] INFO  ozone.HddsDatanodeService (HddsDatanodeService.java:start(237)) - HddsDatanodeService host:fv-az584-689.msjcyvhqqs1uvpg4fm53wptgqc.jx.internal.cloudapp.net ip:10.1.0.19
2023-08-25 08:51:59,470 [Datanode State Machine Task Thread - 0] INFO  datanode.InitDatanodeState (InitDatanodeState.java:persistContainerDatanodeDetails(138)) - DatanodeDetails is persisted to /home/runner/work/ozone/ozone/hadoop-ozone/integration-test/target/test-dir/MiniOzoneClusterImpl-0e3afe45-f4df-41ce-9d76-18b1c152426f/datanode-1/meta/datanode.id
2023-08-25 08:51:59,490 [Time-limited test] INFO  upgrade.AbstractLayoutVersionManager (AbstractLayoutVersionManager.java:init(83)) - Initializing Layout version manager with metadata layout = HADOOP_PRC_PORTS_IN_DATANODEDETAILS (version = 7), software layout = HADOOP_PRC_PORTS_IN_DATANODEDETAILS (version = 7)
2023-08-25 08:51:59,492 [Time-limited test] INFO  statemachine.DatanodeStateMachine (DatanodeStateMachine.java:getEndPointTaskThreadPoolSize(282)) - Datanode State Machine Task Thread Pool size 2
2023-08-25 08:51:59,495 [Time-limited test] INFO  volume.HddsVolume (HddsVolume.java:<init>(126)) - Creating HddsVolume: /home/runner/work/ozone/ozone/hadoop-ozone/integration-test/target/test-dir/MiniOzoneClusterImpl-0e3afe45-f4df-41ce-9d76-18b1c152426f/datanode-2/data-0/containers/hdds of storage type : DISK capacity : 9223372036854775807
2023-08-25 08:51:59,495 [Time-limited test] INFO  volume.MutableVolumeSet (MutableVolumeSet.java:initializeVolumeSet(173)) - Added Volume : /home/runner/work/ozone/ozone/hadoop-ozone/integration-test/target/test-dir/MiniOzoneClusterImpl-0e3afe45-f4df-41ce-9d76-18b1c152426f/datanode-2/data-0/containers/hdds to VolumeSet
2023-08-25 08:51:59,497 [Time-limited test] INFO  volume.MutableVolumeSet (MutableVolumeSet.java:initializeVolumeSet(173)) - Added Volume : /home/runner/work/ozone/ozone/hadoop-ozone/integration-test/target/test-dir/MiniOzoneClusterImpl-0e3afe45-f4df-41ce-9d76-18b1c152426f/datanode-2/data/ratis to VolumeSet
2023-08-25 08:51:59,497 [Thread-1356] INFO  ozoneimpl.ContainerReader (ContainerReader.java:readVolume(177)) - Finish verifying containers on volume /home/runner/work/ozone/ozone/hadoop-ozone/integration-test/target/test-dir/MiniOzoneClusterImpl-0e3afe45-f4df-41ce-9d76-18b1c152426f/datanode-2/data-0/containers/hdds
2023-08-25 08:51:59,498 [Time-limited test] INFO  ozoneimpl.OzoneContainer (OzoneContainer.java:buildContainerSet(314)) - Build ContainerSet costs 0s
2023-08-25 08:51:59,503 [Time-limited test] INFO  server.RaftServer (ConfUtils.java:logGet(46)) - raft.rpc.type = GRPC (default)
2023-08-25 08:51:59,503 [Time-limited test] INFO  grpc.GrpcConfigKeys (ConfUtils.java:logFallback(53)) - raft.grpc.admin.host = null (fallback to raft.grpc.server.host)
2023-08-25 08:51:59,503 [Time-limited test] INFO  grpc.GrpcConfigKeys (ConfUtils.java:logGet(46)) - raft.grpc.admin.port = 15137 (custom)
2023-08-25 08:51:59,503 [Time-limited test] INFO  grpc.GrpcConfigKeys (ConfUtils.java:logFallback(53)) - raft.grpc.client.host = null (fallback to raft.grpc.server.host)
2023-08-25 08:51:59,505 [Time-limited test] INFO  grpc.GrpcConfigKeys (ConfUtils.java:logGet(46)) - raft.grpc.client.port = 15136 (custom)
2023-08-25 08:51:59,506 [Time-limited test] INFO  grpc.GrpcConfigKeys (ConfUtils.java:logGet(46)) - raft.grpc.server.host = null (default)
2023-08-25 08:51:59,514 [Time-limited test] INFO  grpc.GrpcConfigKeys (ConfUtils.java:logGet(46)) - raft.grpc.server.port = 15138 (custom)
2023-08-25 08:51:59,514 [Time-limited test] INFO  server.GrpcService (ConfUtils.java:logGet(46)) - raft.grpc.message.size.max = 32MB (=33554432) (custom)
2023-08-25 08:51:59,514 [Time-limited test] INFO  server.RaftServerConfigKeys (ConfUtils.java:logGet(46)) - raft.server.log.appender.buffer.byte-limit = 33554432 (custom)
2023-08-25 08:51:59,514 [Time-limited test] INFO  server.GrpcService (ConfUtils.java:logGet(46)) - raft.grpc.flow.control.window = 5MB (=5242880) (custom)
2023-08-25 08:51:59,514 [Time-limited test] INFO  server.RaftServerConfigKeys (ConfUtils.java:logGet(46)) - raft.server.rpc.request.timeout = 60s (custom)
2023-08-25 08:51:59,514 [Time-limited test] INFO  grpc.GrpcConfigKeys (ConfUtils.java:logGet(46)) - raft.grpc.server.heartbeat.channel = true (default)
2023-08-25 08:51:59,514 [Time-limited test] INFO  grpc.GrpcConfigKeys (ConfUtils.java:logGet(46)) - raft.grpc.server.async.request.thread.pool.cached = true (default)
2023-08-25 08:51:59,514 [Time-limited test] INFO  grpc.GrpcConfigKeys (ConfUtils.java:logGet(46)) - raft.grpc.server.async.request.thread.pool.size = 32 (default)
2023-08-25 08:51:59,521 [Time-limited test] INFO  impl.DataStreamServerImpl (ConfUtils.java:logGet(46)) - raft.datastream.type = NETTY (custom)
2023-08-25 08:51:59,522 [Time-limited test] INFO  server.RaftServerConfigKeys (ConfUtils.java:logGet(46)) - raft.server.data-stream.async.request.thread.pool.cached = false (default)
2023-08-25 08:51:59,522 [Time-limited test] INFO  server.RaftServerConfigKeys (ConfUtils.java:logGet(46)) - raft.server.data-stream.async.request.thread.pool.size = 20 (custom)
2023-08-25 08:51:59,522 [Time-limited test] INFO  server.RaftServerConfigKeys (ConfUtils.java:logGet(46)) - raft.server.data-stream.async.write.thread.pool.size = 16 (default)
2023-08-25 08:51:59,522 [Time-limited test] INFO  server.RaftServerConfigKeys (ConfUtils.java:logGet(46)) - raft.server.data-stream.client.pool.size = 10 (default)
2023-08-25 08:51:59,522 [Time-limited test] INFO  netty.NettyConfigKeys$DataStream (ConfUtils.java:logGet(46)) - raft.netty.dataStream.server.use-epoll = false (default)
2023-08-25 08:51:59,522 [Time-limited test] INFO  netty.NettyConfigKeys$DataStream (ConfUtils.java:logGet(46)) - raft.netty.dataStream.server.boss-group.size = 0 (default)
2023-08-25 08:51:59,523 [Time-limited test] INFO  netty.NettyConfigKeys$DataStream (ConfUtils.java:logGet(46)) - raft.netty.dataStream.server.worker-group.size = 0 (default)
2023-08-25 08:51:59,523 [Time-limited test] INFO  netty.NettyConfigKeys$DataStream (ConfUtils.java:logGet(46)) - raft.netty.dataStream.server.tls.conf = null (default)
2023-08-25 08:51:59,523 [Time-limited test] INFO  netty.NettyConfigKeys$DataStream (ConfUtils.java:logGet(46)) - raft.netty.dataStream.host = null (default)
2023-08-25 08:51:59,523 [Time-limited test] INFO  netty.NettyConfigKeys$DataStream (ConfUtils.java:logGet(46)) - raft.netty.dataStream.port = 15139 (custom)
2023-08-25 08:51:59,523 [Time-limited test] INFO  server.RaftServerConfigKeys (ConfUtils.java:logGet(46)) - raft.server.threadpool.proxy.cached = true (default)
2023-08-25 08:51:59,524 [Time-limited test] INFO  server.RaftServerConfigKeys (ConfUtils.java:logGet(46)) - raft.server.threadpool.proxy.size = 0 (default)
2023-08-25 08:51:59,524 [Time-limited test] INFO  server.RaftServerConfigKeys (ConfUtils.java:logGet(46)) - raft.server.rpc.slowness.timeout = 300s (custom)
2023-08-25 08:51:59,524 [Time-limited test] INFO  server.RaftServerConfigKeys (ConfUtils.java:logGet(46)) - raft.server.leaderelection.leader.step-down.wait-time = 10s (default)
2023-08-25 08:51:59,524 [Time-limited test] INFO  server.RaftServerConfigKeys (ConfUtils.java:logGet(46)) - raft.server.storage.dir = [/home/runner/work/ozone/ozone/hadoop-ozone/integration-test/target/test-dir/MiniOzoneClusterImpl-0e3afe45-f4df-41ce-9d76-18b1c152426f/datanode-2/data/ratis] (custom)
2023-08-25 08:51:59,524 [0b97acf7-1047-49ae-a506-e2d05ab0320a-NettyServerStreamRpc-bossGroup--thread1] INFO  logging.LoggingHandler (AbstractInternalLogger.java:log(148)) - [id: 0xec6e3e8d] REGISTERED
2023-08-25 08:51:59,525 [0b97acf7-1047-49ae-a506-e2d05ab0320a-NettyServerStreamRpc-bossGroup--thread1] INFO  logging.LoggingHandler (AbstractInternalLogger.java:log(148)) - [id: 0xec6e3e8d] BIND: 0.0.0.0/0.0.0.0:15139
2023-08-25 08:51:59,525 [0b97acf7-1047-49ae-a506-e2d05ab0320a-NettyServerStreamRpc-bossGroup--thread1] INFO  logging.LoggingHandler (AbstractInternalLogger.java:log(148)) - [id: 0xec6e3e8d, L:/0:0:0:0:0:0:0:0:15139] ACTIVE
2023-08-25 08:51:59,525 [0b97acf7-1047-49ae-a506-e2d05ab0320a-impl-thread1] INFO  server.RaftServer (RaftServerProxy.java:initGroupDir(258)) - 0b97acf7-1047-49ae-a506-e2d05ab0320a: found a subdirectory /home/runner/work/ozone/ozone/hadoop-ozone/integration-test/target/test-dir/MiniOzoneClusterImpl-0e3afe45-f4df-41ce-9d76-18b1c152426f/datanode-2/data/ratis/tmp
2023-08-25 08:51:59,526 [0b97acf7-1047-49ae-a506-e2d05ab0320a-impl-thread1] INFO  server.RaftServer (RaftServerProxy.java:initGroupDir(263)) - 0b97acf7-1047-49ae-a506-e2d05ab0320a: The directory /home/runner/work/ozone/ozone/hadoop-ozone/integration-test/target/test-dir/MiniOzoneClusterImpl-0e3afe45-f4df-41ce-9d76-18b1c152426f/datanode-2/data/ratis/tmp is not a group directory; ignoring it. 
2023-08-25 08:51:59,526 [Time-limited test] INFO  replication.ReplicationServer (ReplicationServer.java:<init>(81)) - Initializing replication server with thread count = 10
2023-08-25 08:51:59,528 [Time-limited test] INFO  server.XceiverServerGrpc (XceiverServerGrpc.java:<init>(132)) - GrpcServer channel type EpollServerSocketChannel
2023-08-25 08:51:59,529 [Time-limited test] INFO  replication.ReplicationSupervisor (ReplicationSupervisor.java:build(155)) - Initializing replication supervisor with thread count = 10
2023-08-25 08:51:59,529 [Time-limited test] INFO  replication.ReplicationSupervisor (ReplicationSupervisor.java:nodeStateUpdated(307)) - Node state updated to IN_SERVICE, scaling executor pool size to 10
2023-08-25 08:51:59,531 [Time-limited test] INFO  http.BaseHttpServer (BaseHttpServer.java:newHttpServer2BuilderForOzone(224)) - Starting Web-server for hddsDatanode at: http://0.0.0.0:15133
2023-08-25 08:51:59,531 [Time-limited test] INFO  http.BaseHttpServer (BaseHttpServer.java:<init>(111)) - Hadoop Security Enabled: false Ozone Security Enabled: false Ozone HTTP Security Enabled: false 
2023-08-25 08:51:59,532 [Time-limited test] WARN  server.AuthenticationFilter (AuthenticationFilter.java:constructSecretProvider(240)) - Unable to initialize FileSignerSecretProvider, falling back to use random secrets. Reason: Could not read signature secret file: /home/runner/hadoop-http-auth-signature-secret
2023-08-25 08:51:59,532 [Time-limited test] INFO  http.HttpRequestLog (HttpRequestLog.java:getRequestLog(86)) - Http request log for http.requests.hddsDatanode is not defined
2023-08-25 08:51:59,534 [Time-limited test] INFO  http.HttpServer2 (HttpServer2.java:addGlobalFilter(1031)) - Added global filter 'safety' (class=org.apache.hadoop.hdds.server.http.HttpServer2$QuotingInputFilter)
2023-08-25 08:51:59,534 [Time-limited test] INFO  http.HttpServer2 (HttpServer2.java:addFilter(1007)) - Added filter static_user_filter (class=org.apache.hadoop.http.lib.StaticUserWebFilter$StaticUserFilter) to context hddsDatanode
2023-08-25 08:51:59,534 [Time-limited test] INFO  http.HttpServer2 (HttpServer2.java:addFilter(1015)) - Added filter static_user_filter (class=org.apache.hadoop.http.lib.StaticUserWebFilter$StaticUserFilter) to context static
2023-08-25 08:51:59,534 [Time-limited test] INFO  http.HttpServer2 (HttpServer2.java:addFilter(1015)) - Added filter static_user_filter (class=org.apache.hadoop.http.lib.StaticUserWebFilter$StaticUserFilter) to context logs
2023-08-25 08:51:59,535 [Time-limited test] INFO  http.BaseHttpServer (BaseHttpServer.java:<init>(190)) - HTTP server of hddsDatanode uses base directory /home/runner/work/ozone/ozone/hadoop-ozone/integration-test/target/test-dir/MiniOzoneClusterImpl-0e3afe45-f4df-41ce-9d76-18b1c152426f/datanode-2/meta/webserver
2023-08-25 08:51:59,535 [Time-limited test] INFO  http.HttpServer2 (HttpServer2.java:bindListener(1250)) - Jetty bound to port 15133
2023-08-25 08:51:59,535 [Time-limited test] INFO  server.Server (Server.java:doStart(375)) - jetty-9.4.51.v20230217; built: 2023-02-17T08:19:37.309Z; git: b45c405e4544384de066f814ed42ae3dceacdd49; jvm 1.8.0_382-b05
2023-08-25 08:51:59,536 [Time-limited test] INFO  server.session (DefaultSessionIdManager.java:doStart(334)) - DefaultSessionIdManager workerName=node0
2023-08-25 08:51:59,536 [Time-limited test] INFO  server.session (DefaultSessionIdManager.java:doStart(339)) - No SessionScavenger set, using defaults
2023-08-25 08:51:59,537 [Time-limited test] INFO  server.session (HouseKeeper.java:startScavenging(132)) - node0 Scavenging every 660000ms
2023-08-25 08:51:59,537 [Time-limited test] INFO  handler.ContextHandler (ContextHandler.java:doStart(921)) - Started o.e.j.s.ServletContextHandler@5431116{logs,/logs,file:///home/runner/work/ozone/ozone/hadoop-ozone/integration-test/target/log,AVAILABLE}
2023-08-25 08:51:59,538 [Time-limited test] INFO  handler.ContextHandler (ContextHandler.java:doStart(921)) - Started o.e.j.s.ServletContextHandler@32a95718{static,/static,jar:file:/home/runner/.m2/repository/org/apache/ozone/hdds-container-service/1.4.0-SNAPSHOT/hdds-container-service-1.4.0-SNAPSHOT.jar!/webapps/static,AVAILABLE}
2023-08-25 08:51:59,609 [ReplicationMonitor] INFO  replication.ReplicationManager (ReplicationManager.java:processAll(361)) - Replication Manager is not ready to run until 3000ms after safemode exit
2023-08-25 08:51:59,702 [om1@group-C5BA1605619E-FollowerState] INFO  impl.FollowerState (FollowerState.java:run(143)) - om1@group-C5BA1605619E-FollowerState: change to CANDIDATE, lastRpcElapsedTime:1018985866ns, electionTimeout:1017ms
2023-08-25 08:51:59,702 [om1@group-C5BA1605619E-FollowerState] INFO  impl.RoleInfo (RoleInfo.java:shutdownFollowerState(110)) - om1: shutdown om1@group-C5BA1605619E-FollowerState
2023-08-25 08:51:59,702 [om1@group-C5BA1605619E-FollowerState] INFO  server.RaftServer$Division (RaftServerImpl.java:setRole(329)) - om1@group-C5BA1605619E: changes role from  FOLLOWER to CANDIDATE at term 0 for changeToCandidate
2023-08-25 08:51:59,702 [om1@group-C5BA1605619E-FollowerState] INFO  server.RaftServerConfigKeys (ConfUtils.java:logGet(46)) - raft.server.leaderelection.pre-vote = true (default)
2023-08-25 08:51:59,702 [om1@group-C5BA1605619E-FollowerState] INFO  impl.RoleInfo (RoleInfo.java:updateAndGet(139)) - om1: start om1@group-C5BA1605619E-LeaderElection20
2023-08-25 08:51:59,706 [om1@group-C5BA1605619E-LeaderElection20] INFO  impl.LeaderElection (LeaderElection.java:askForVotes(321)) - om1@group-C5BA1605619E-LeaderElection20 PRE_VOTE round 0: submit vote requests at term 0 for -1: peers:[om1|rpc:localhost:15113|priority:0|startupRole:FOLLOWER]|listeners:[], old=null
2023-08-25 08:51:59,707 [om1@group-C5BA1605619E-LeaderElection20] INFO  impl.LeaderElection (LeaderElection.java:askForVotes(323)) - om1@group-C5BA1605619E-LeaderElection20 PRE_VOTE round 0: result PASSED (term=0)
2023-08-25 08:51:59,709 [om1@group-C5BA1605619E-LeaderElection20] INFO  impl.LeaderElection (LeaderElection.java:askForVotes(321)) - om1@group-C5BA1605619E-LeaderElection20 ELECTION round 0: submit vote requests at term 1 for -1: peers:[om1|rpc:localhost:15113|priority:0|startupRole:FOLLOWER]|listeners:[], old=null
2023-08-25 08:51:59,709 [om1@group-C5BA1605619E-LeaderElection20] INFO  impl.LeaderElection (LeaderElection.java:askForVotes(323)) - om1@group-C5BA1605619E-LeaderElection20 ELECTION round 0: result PASSED (term=1)
2023-08-25 08:51:59,709 [om1@group-C5BA1605619E-LeaderElection20] INFO  impl.RoleInfo (RoleInfo.java:shutdownLeaderElection(130)) - om1: shutdown om1@group-C5BA1605619E-LeaderElection20
2023-08-25 08:51:59,709 [om1@group-C5BA1605619E-LeaderElection20] INFO  server.RaftServer$Division (RaftServerImpl.java:setRole(329)) - om1@group-C5BA1605619E: changes role from CANDIDATE to LEADER at term 1 for changeToLeader
2023-08-25 08:51:59,709 [om1@group-C5BA1605619E-LeaderElection20] INFO  server.RaftServer$Division (ServerState.java:setLeader(317)) - om1@group-C5BA1605619E: change Leader from null to om1 at term 1 for becomeLeader, leader elected after 1596ms
2023-08-25 08:51:59,710 [om1@group-C5BA1605619E-LeaderElection20] INFO  server.RaftServerConfigKeys (ConfUtils.java:logGet(46)) - raft.server.staging.catchup.gap = 1000 (default)
2023-08-25 08:51:59,710 [om1@group-C5BA1605619E-LeaderElection20] INFO  server.RaftServerConfigKeys (ConfUtils.java:logGet(46)) - raft.server.write.element-limit = 4096 (default)
2023-08-25 08:51:59,711 [om1@group-C5BA1605619E-LeaderElection20] INFO  server.RaftServerConfigKeys (ConfUtils.java:logGet(46)) - raft.server.write.byte-limit = 64MB (=67108864) (default)
2023-08-25 08:51:59,712 [om1@group-C5BA1605619E-LeaderElection20] INFO  server.RaftServerConfigKeys (ConfUtils.java:logGet(46)) - raft.server.watch.timeout = 10s (default)
2023-08-25 08:51:59,712 [om1@group-C5BA1605619E-LeaderElection20] INFO  server.RaftServerConfigKeys (ConfUtils.java:logGet(46)) - raft.server.watch.timeout.denomination = 1s (default)
2023-08-25 08:51:59,712 [om1@group-C5BA1605619E-LeaderElection20] INFO  server.RaftServerConfigKeys (ConfUtils.java:logGet(46)) - raft.server.watch.element-limit = 65536 (default)
2023-08-25 08:51:59,712 [om1@group-C5BA1605619E-LeaderElection20] INFO  server.RaftServerConfigKeys (ConfUtils.java:logGet(46)) - raft.server.write.element-limit = 4096 (default)
2023-08-25 08:51:59,712 [om1@group-C5BA1605619E-LeaderElection20] INFO  server.RaftServerConfigKeys (ConfUtils.java:logGet(46)) - raft.server.write.follower.gap.ratio.max = -1.0 (default)
2023-08-25 08:51:59,712 [om1@group-C5BA1605619E-LeaderElection20] INFO  impl.RoleInfo (RoleInfo.java:updateAndGet(139)) - om1: start om1@group-C5BA1605619E-LeaderStateImpl
2023-08-25 08:51:59,713 [om1@group-C5BA1605619E-LeaderElection20] INFO  segmented.SegmentedRaftLogWorker (SegmentedRaftLogWorker.java:startLogSegment(447)) - om1@group-C5BA1605619E-SegmentedRaftLogWorker: Starting segment from index:0
2023-08-25 08:51:59,721 [om1@group-C5BA1605619E-LeaderElection20] INFO  server.RaftServer$Division (ServerState.java:setRaftConf(434)) - om1@group-C5BA1605619E: set configuration 0: peers:[om1|rpc:localhost:15113|admin:|client:|dataStream:|priority:0|startupRole:FOLLOWER]|listeners:[], old=null
2023-08-25 08:51:59,726 [om1@group-C5BA1605619E-SegmentedRaftLogWorker] INFO  segmented.SegmentedRaftLogWorker (SegmentedRaftLogWorker.java:execute(651)) - om1@group-C5BA1605619E-SegmentedRaftLogWorker: created new log segment /home/runner/work/ozone/ozone/hadoop-ozone/integration-test/target/test-dir/MiniOzoneClusterImpl-0e3afe45-f4df-41ce-9d76-18b1c152426f/ozone-meta/ratis/bf265839-605b-3f16-9796-c5ba1605619e/current/log_inprogress_0
2023-08-25 08:51:59,729 [om1@group-C5BA1605619E-StateMachineUpdater] INFO  ratis.OzoneManagerStateMachine (OzoneManagerStateMachine.java:notifyConfigurationChanged(202)) - Received Configuration change notification from Ratis. New Peer list:
[id: "om1"
address: "localhost:15113"
startupRole: FOLLOWER
]
2023-08-25 08:51:59,774 [Time-limited test] INFO  handler.ContextHandler (ContextHandler.java:doStart(921)) - Started o.e.j.w.WebAppContext@661705f2{hddsDatanode,/,file:///home/runner/work/ozone/ozone/hadoop-ozone/integration-test/target/test-dir/MiniOzoneClusterImpl-0e3afe45-f4df-41ce-9d76-18b1c152426f/datanode-2/meta/webserver/jetty-0_0_0_0-15133-hdds-container-service-1_4_0-SNAPSHOT_jar-_-any-271191169020768829/webapp/,AVAILABLE}{jar:file:/home/runner/.m2/repository/org/apache/ozone/hdds-container-service/1.4.0-SNAPSHOT/hdds-container-service-1.4.0-SNAPSHOT.jar!/webapps/hddsDatanode}
2023-08-25 08:51:59,775 [Time-limited test] INFO  server.AbstractConnector (AbstractConnector.java:doStart(333)) - Started ServerConnector@4e2bb9d6{HTTP/1.1, (http/1.1)}{0.0.0.0:15133}
2023-08-25 08:51:59,775 [Time-limited test] INFO  server.Server (Server.java:doStart(415)) - Started @81002ms
2023-08-25 08:51:59,775 [Time-limited test] WARN  impl.MetricsSystemImpl (MetricsSystemImpl.java:register(279)) - Sink prometheus already exists!
2023-08-25 08:51:59,776 [Time-limited test] INFO  http.BaseHttpServer (BaseHttpServer.java:updateConnectorAddress(344)) - HTTP server of hddsDatanode listening at http://0.0.0.0:15133
2023-08-25 08:51:59,776 [Time-limited test] INFO  ipc.CallQueueManager (CallQueueManager.java:<init>(90)) - Using callQueue: class java.util.concurrent.LinkedBlockingQueue, queueCapacity: 100, scheduler: class org.apache.hadoop.ipc.DefaultRpcScheduler, ipcBackoff: false.
2023-08-25 08:51:59,776 [Time-limited test] INFO  ipc.Server (Server.java:<init>(1287)) - Listener at 0.0.0.0:15134
2023-08-25 08:51:59,777 [Socket Reader #1 for port 15134] INFO  ipc.Server (Server.java:run(1323)) - Starting Socket Reader #1 for port 15134
2023-08-25 08:51:59,779 [Time-limited test] INFO  ozone.HddsDatanodeService (HddsDatanodeService.java:start(315)) - Datanode start with admins: [runner]
2023-08-25 08:51:59,779 [Time-limited test] INFO  ozone.HddsDatanodeClientProtocolServer (HddsDatanodeClientProtocolServer.java:start(72)) - RPC server for Client /0.0.0.0:15134
2023-08-25 08:51:59,779 [IPC Server Responder] INFO  ipc.Server (Server.java:run(1562)) - IPC Server Responder: starting
2023-08-25 08:51:59,780 [IPC Server listener on 15134] INFO  ipc.Server (Server.java:run(1402)) - IPC Server listener on 15134: starting
2023-08-25 08:51:59,780 [Time-limited test] WARN  impl.MetricRegistriesImpl (MetricRegistriesImpl.java:addReporterRegistration(111)) - New reporters are added after registries were created. Some metrics will be missing from the reporter. Please add reporter before adding any new registry.
2023-08-25 08:51:59,780 [Time-limited test] WARN  impl.MetricRegistriesImpl (MetricRegistriesImpl.java:addReporterRegistration(111)) - New reporters are added after registries were created. Some metrics will be missing from the reporter. Please add reporter before adding any new registry.
2023-08-25 08:51:59,780 [Time-limited test] INFO  impl.MetricsSystemImpl (MetricsSystemImpl.java:init(158)) - HddsDatanode metrics system started (again)
2023-08-25 08:51:59,785 [Datanode State Machine Daemon Thread] INFO  statemachine.DatanodeStateMachine (DatanodeStateMachine.java:lambda$startDaemon$0(538)) - Ozone container server started.
2023-08-25 08:51:59,796 [Time-limited test] INFO  ozone.HddsDatanodeService (HddsDatanodeService.java:start(237)) - HddsDatanodeService host:fv-az584-689.msjcyvhqqs1uvpg4fm53wptgqc.jx.internal.cloudapp.net ip:10.1.0.19
2023-08-25 08:51:59,803 [Datanode State Machine Task Thread - 0] INFO  datanode.InitDatanodeState (InitDatanodeState.java:persistContainerDatanodeDetails(138)) - DatanodeDetails is persisted to /home/runner/work/ozone/ozone/hadoop-ozone/integration-test/target/test-dir/MiniOzoneClusterImpl-0e3afe45-f4df-41ce-9d76-18b1c152426f/datanode-2/meta/datanode.id
2023-08-25 08:51:59,830 [Time-limited test] INFO  upgrade.AbstractLayoutVersionManager (AbstractLayoutVersionManager.java:init(83)) - Initializing Layout version manager with metadata layout = HADOOP_PRC_PORTS_IN_DATANODEDETAILS (version = 7), software layout = HADOOP_PRC_PORTS_IN_DATANODEDETAILS (version = 7)
2023-08-25 08:51:59,830 [Time-limited test] INFO  statemachine.DatanodeStateMachine (DatanodeStateMachine.java:getEndPointTaskThreadPoolSize(282)) - Datanode State Machine Task Thread Pool size 2
2023-08-25 08:51:59,832 [Time-limited test] INFO  volume.HddsVolume (HddsVolume.java:<init>(126)) - Creating HddsVolume: /home/runner/work/ozone/ozone/hadoop-ozone/integration-test/target/test-dir/MiniOzoneClusterImpl-0e3afe45-f4df-41ce-9d76-18b1c152426f/datanode-3/data-0/containers/hdds of storage type : DISK capacity : 9223372036854775807
2023-08-25 08:51:59,832 [Time-limited test] INFO  volume.MutableVolumeSet (MutableVolumeSet.java:initializeVolumeSet(173)) - Added Volume : /home/runner/work/ozone/ozone/hadoop-ozone/integration-test/target/test-dir/MiniOzoneClusterImpl-0e3afe45-f4df-41ce-9d76-18b1c152426f/datanode-3/data-0/containers/hdds to VolumeSet
2023-08-25 08:51:59,833 [Time-limited test] INFO  volume.MutableVolumeSet (MutableVolumeSet.java:initializeVolumeSet(173)) - Added Volume : /home/runner/work/ozone/ozone/hadoop-ozone/integration-test/target/test-dir/MiniOzoneClusterImpl-0e3afe45-f4df-41ce-9d76-18b1c152426f/datanode-3/data/ratis to VolumeSet
2023-08-25 08:51:59,833 [Thread-1375] INFO  ozoneimpl.ContainerReader (ContainerReader.java:readVolume(177)) - Finish verifying containers on volume /home/runner/work/ozone/ozone/hadoop-ozone/integration-test/target/test-dir/MiniOzoneClusterImpl-0e3afe45-f4df-41ce-9d76-18b1c152426f/datanode-3/data-0/containers/hdds
2023-08-25 08:51:59,833 [Time-limited test] INFO  ozoneimpl.OzoneContainer (OzoneContainer.java:buildContainerSet(314)) - Build ContainerSet costs 0s
2023-08-25 08:51:59,835 [Time-limited test] INFO  server.RaftServer (ConfUtils.java:logGet(46)) - raft.rpc.type = GRPC (default)
2023-08-25 08:51:59,835 [Time-limited test] INFO  grpc.GrpcConfigKeys (ConfUtils.java:logFallback(53)) - raft.grpc.admin.host = null (fallback to raft.grpc.server.host)
2023-08-25 08:51:59,836 [Time-limited test] INFO  grpc.GrpcConfigKeys (ConfUtils.java:logGet(46)) - raft.grpc.admin.port = 15146 (custom)
2023-08-25 08:51:59,836 [Time-limited test] INFO  grpc.GrpcConfigKeys (ConfUtils.java:logFallback(53)) - raft.grpc.client.host = null (fallback to raft.grpc.server.host)
2023-08-25 08:51:59,836 [Time-limited test] INFO  grpc.GrpcConfigKeys (ConfUtils.java:logGet(46)) - raft.grpc.client.port = 15145 (custom)
2023-08-25 08:51:59,836 [Time-limited test] INFO  grpc.GrpcConfigKeys (ConfUtils.java:logGet(46)) - raft.grpc.server.host = null (default)
2023-08-25 08:51:59,836 [Time-limited test] INFO  grpc.GrpcConfigKeys (ConfUtils.java:logGet(46)) - raft.grpc.server.port = 15147 (custom)
2023-08-25 08:51:59,836 [Time-limited test] INFO  server.GrpcService (ConfUtils.java:logGet(46)) - raft.grpc.message.size.max = 32MB (=33554432) (custom)
2023-08-25 08:51:59,836 [Time-limited test] INFO  server.RaftServerConfigKeys (ConfUtils.java:logGet(46)) - raft.server.log.appender.buffer.byte-limit = 33554432 (custom)
2023-08-25 08:51:59,836 [Time-limited test] INFO  server.GrpcService (ConfUtils.java:logGet(46)) - raft.grpc.flow.control.window = 5MB (=5242880) (custom)
2023-08-25 08:51:59,836 [Time-limited test] INFO  server.RaftServerConfigKeys (ConfUtils.java:logGet(46)) - raft.server.rpc.request.timeout = 60s (custom)
2023-08-25 08:51:59,836 [Time-limited test] INFO  grpc.GrpcConfigKeys (ConfUtils.java:logGet(46)) - raft.grpc.server.heartbeat.channel = true (default)
2023-08-25 08:51:59,837 [Time-limited test] INFO  grpc.GrpcConfigKeys (ConfUtils.java:logGet(46)) - raft.grpc.server.async.request.thread.pool.cached = true (default)
2023-08-25 08:51:59,837 [Time-limited test] INFO  grpc.GrpcConfigKeys (ConfUtils.java:logGet(46)) - raft.grpc.server.async.request.thread.pool.size = 32 (default)
2023-08-25 08:51:59,839 [Time-limited test] INFO  impl.DataStreamServerImpl (ConfUtils.java:logGet(46)) - raft.datastream.type = NETTY (custom)
2023-08-25 08:51:59,840 [Time-limited test] INFO  server.RaftServerConfigKeys (ConfUtils.java:logGet(46)) - raft.server.data-stream.async.request.thread.pool.cached = false (default)
2023-08-25 08:51:59,840 [Time-limited test] INFO  server.RaftServerConfigKeys (ConfUtils.java:logGet(46)) - raft.server.data-stream.async.request.thread.pool.size = 20 (custom)
2023-08-25 08:51:59,840 [Time-limited test] INFO  server.RaftServerConfigKeys (ConfUtils.java:logGet(46)) - raft.server.data-stream.async.write.thread.pool.size = 16 (default)
2023-08-25 08:51:59,840 [Time-limited test] INFO  server.RaftServerConfigKeys (ConfUtils.java:logGet(46)) - raft.server.data-stream.client.pool.size = 10 (default)
2023-08-25 08:51:59,840 [Time-limited test] INFO  netty.NettyConfigKeys$DataStream (ConfUtils.java:logGet(46)) - raft.netty.dataStream.server.use-epoll = false (default)
2023-08-25 08:51:59,840 [Time-limited test] INFO  netty.NettyConfigKeys$DataStream (ConfUtils.java:logGet(46)) - raft.netty.dataStream.server.boss-group.size = 0 (default)
2023-08-25 08:51:59,841 [Time-limited test] INFO  netty.NettyConfigKeys$DataStream (ConfUtils.java:logGet(46)) - raft.netty.dataStream.server.worker-group.size = 0 (default)
2023-08-25 08:51:59,841 [Time-limited test] INFO  netty.NettyConfigKeys$DataStream (ConfUtils.java:logGet(46)) - raft.netty.dataStream.server.tls.conf = null (default)
2023-08-25 08:51:59,841 [Time-limited test] INFO  netty.NettyConfigKeys$DataStream (ConfUtils.java:logGet(46)) - raft.netty.dataStream.host = null (default)
2023-08-25 08:51:59,841 [Time-limited test] INFO  netty.NettyConfigKeys$DataStream (ConfUtils.java:logGet(46)) - raft.netty.dataStream.port = 15148 (custom)
2023-08-25 08:51:59,842 [Time-limited test] INFO  server.RaftServerConfigKeys (ConfUtils.java:logGet(46)) - raft.server.threadpool.proxy.cached = true (default)
2023-08-25 08:51:59,842 [Time-limited test] INFO  server.RaftServerConfigKeys (ConfUtils.java:logGet(46)) - raft.server.threadpool.proxy.size = 0 (default)
2023-08-25 08:51:59,842 [Time-limited test] INFO  server.RaftServerConfigKeys (ConfUtils.java:logGet(46)) - raft.server.rpc.slowness.timeout = 300s (custom)
2023-08-25 08:51:59,842 [Time-limited test] INFO  server.RaftServerConfigKeys (ConfUtils.java:logGet(46)) - raft.server.leaderelection.leader.step-down.wait-time = 10s (default)
2023-08-25 08:51:59,842 [Time-limited test] INFO  server.RaftServerConfigKeys (ConfUtils.java:logGet(46)) - raft.server.storage.dir = [/home/runner/work/ozone/ozone/hadoop-ozone/integration-test/target/test-dir/MiniOzoneClusterImpl-0e3afe45-f4df-41ce-9d76-18b1c152426f/datanode-3/data/ratis] (custom)
2023-08-25 08:51:59,843 [c5b52100-b3af-4f34-8186-445655f547f5-NettyServerStreamRpc-bossGroup--thread1] INFO  logging.LoggingHandler (AbstractInternalLogger.java:log(148)) - [id: 0x572e08e7] REGISTERED
2023-08-25 08:51:59,843 [c5b52100-b3af-4f34-8186-445655f547f5-NettyServerStreamRpc-bossGroup--thread1] INFO  logging.LoggingHandler (AbstractInternalLogger.java:log(148)) - [id: 0x572e08e7] BIND: 0.0.0.0/0.0.0.0:15148
2023-08-25 08:51:59,843 [c5b52100-b3af-4f34-8186-445655f547f5-NettyServerStreamRpc-bossGroup--thread1] INFO  logging.LoggingHandler (AbstractInternalLogger.java:log(148)) - [id: 0x572e08e7, L:/0:0:0:0:0:0:0:0:15148] ACTIVE
2023-08-25 08:51:59,845 [c5b52100-b3af-4f34-8186-445655f547f5-impl-thread1] INFO  server.RaftServer (RaftServerProxy.java:initGroupDir(258)) - c5b52100-b3af-4f34-8186-445655f547f5: found a subdirectory /home/runner/work/ozone/ozone/hadoop-ozone/integration-test/target/test-dir/MiniOzoneClusterImpl-0e3afe45-f4df-41ce-9d76-18b1c152426f/datanode-3/data/ratis/tmp
2023-08-25 08:51:59,845 [c5b52100-b3af-4f34-8186-445655f547f5-impl-thread1] INFO  server.RaftServer (RaftServerProxy.java:initGroupDir(263)) - c5b52100-b3af-4f34-8186-445655f547f5: The directory /home/runner/work/ozone/ozone/hadoop-ozone/integration-test/target/test-dir/MiniOzoneClusterImpl-0e3afe45-f4df-41ce-9d76-18b1c152426f/datanode-3/data/ratis/tmp is not a group directory; ignoring it. 
2023-08-25 08:51:59,845 [Time-limited test] INFO  replication.ReplicationServer (ReplicationServer.java:<init>(81)) - Initializing replication server with thread count = 10
2023-08-25 08:51:59,846 [Time-limited test] INFO  server.XceiverServerGrpc (XceiverServerGrpc.java:<init>(132)) - GrpcServer channel type EpollServerSocketChannel
2023-08-25 08:51:59,847 [Time-limited test] INFO  replication.ReplicationSupervisor (ReplicationSupervisor.java:build(155)) - Initializing replication supervisor with thread count = 10
2023-08-25 08:51:59,848 [Time-limited test] INFO  replication.ReplicationSupervisor (ReplicationSupervisor.java:nodeStateUpdated(307)) - Node state updated to IN_SERVICE, scaling executor pool size to 10
2023-08-25 08:51:59,850 [Time-limited test] INFO  http.BaseHttpServer (BaseHttpServer.java:newHttpServer2BuilderForOzone(224)) - Starting Web-server for hddsDatanode at: http://0.0.0.0:15142
2023-08-25 08:51:59,850 [Time-limited test] INFO  http.BaseHttpServer (BaseHttpServer.java:<init>(111)) - Hadoop Security Enabled: false Ozone Security Enabled: false Ozone HTTP Security Enabled: false 
2023-08-25 08:51:59,859 [Time-limited test] WARN  server.AuthenticationFilter (AuthenticationFilter.java:constructSecretProvider(240)) - Unable to initialize FileSignerSecretProvider, falling back to use random secrets. Reason: Could not read signature secret file: /home/runner/hadoop-http-auth-signature-secret
2023-08-25 08:51:59,859 [Time-limited test] INFO  http.HttpRequestLog (HttpRequestLog.java:getRequestLog(86)) - Http request log for http.requests.hddsDatanode is not defined
2023-08-25 08:51:59,860 [Time-limited test] INFO  http.HttpServer2 (HttpServer2.java:addGlobalFilter(1031)) - Added global filter 'safety' (class=org.apache.hadoop.hdds.server.http.HttpServer2$QuotingInputFilter)
2023-08-25 08:51:59,861 [Time-limited test] INFO  http.HttpServer2 (HttpServer2.java:addFilter(1007)) - Added filter static_user_filter (class=org.apache.hadoop.http.lib.StaticUserWebFilter$StaticUserFilter) to context hddsDatanode
2023-08-25 08:51:59,861 [Time-limited test] INFO  http.HttpServer2 (HttpServer2.java:addFilter(1015)) - Added filter static_user_filter (class=org.apache.hadoop.http.lib.StaticUserWebFilter$StaticUserFilter) to context static
2023-08-25 08:51:59,861 [Time-limited test] INFO  http.HttpServer2 (HttpServer2.java:addFilter(1015)) - Added filter static_user_filter (class=org.apache.hadoop.http.lib.StaticUserWebFilter$StaticUserFilter) to context logs
2023-08-25 08:51:59,862 [Time-limited test] INFO  http.BaseHttpServer (BaseHttpServer.java:<init>(190)) - HTTP server of hddsDatanode uses base directory /home/runner/work/ozone/ozone/hadoop-ozone/integration-test/target/test-dir/MiniOzoneClusterImpl-0e3afe45-f4df-41ce-9d76-18b1c152426f/datanode-3/meta/webserver
2023-08-25 08:51:59,862 [Time-limited test] INFO  http.HttpServer2 (HttpServer2.java:bindListener(1250)) - Jetty bound to port 15142
2023-08-25 08:51:59,862 [Time-limited test] INFO  server.Server (Server.java:doStart(375)) - jetty-9.4.51.v20230217; built: 2023-02-17T08:19:37.309Z; git: b45c405e4544384de066f814ed42ae3dceacdd49; jvm 1.8.0_382-b05
2023-08-25 08:51:59,863 [Time-limited test] INFO  server.session (DefaultSessionIdManager.java:doStart(334)) - DefaultSessionIdManager workerName=node0
2023-08-25 08:51:59,864 [Time-limited test] INFO  server.session (DefaultSessionIdManager.java:doStart(339)) - No SessionScavenger set, using defaults
2023-08-25 08:51:59,869 [Time-limited test] INFO  server.session (HouseKeeper.java:startScavenging(132)) - node0 Scavenging every 660000ms
2023-08-25 08:51:59,869 [Time-limited test] INFO  handler.ContextHandler (ContextHandler.java:doStart(921)) - Started o.e.j.s.ServletContextHandler@58976d59{logs,/logs,file:///home/runner/work/ozone/ozone/hadoop-ozone/integration-test/target/log,AVAILABLE}
2023-08-25 08:51:59,870 [Time-limited test] INFO  handler.ContextHandler (ContextHandler.java:doStart(921)) - Started o.e.j.s.ServletContextHandler@5ece2b58{static,/static,jar:file:/home/runner/.m2/repository/org/apache/ozone/hdds-container-service/1.4.0-SNAPSHOT/hdds-container-service-1.4.0-SNAPSHOT.jar!/webapps/static,AVAILABLE}
2023-08-25 08:52:00,115 [Time-limited test] INFO  handler.ContextHandler (ContextHandler.java:doStart(921)) - Started o.e.j.w.WebAppContext@6cda96a6{hddsDatanode,/,file:///home/runner/work/ozone/ozone/hadoop-ozone/integration-test/target/test-dir/MiniOzoneClusterImpl-0e3afe45-f4df-41ce-9d76-18b1c152426f/datanode-3/meta/webserver/jetty-0_0_0_0-15142-hdds-container-service-1_4_0-SNAPSHOT_jar-_-any-4465583222899508505/webapp/,AVAILABLE}{jar:file:/home/runner/.m2/repository/org/apache/ozone/hdds-container-service/1.4.0-SNAPSHOT/hdds-container-service-1.4.0-SNAPSHOT.jar!/webapps/hddsDatanode}
2023-08-25 08:52:00,118 [Time-limited test] INFO  server.AbstractConnector (AbstractConnector.java:doStart(333)) - Started ServerConnector@acf10b3{HTTP/1.1, (http/1.1)}{0.0.0.0:15142}
2023-08-25 08:52:00,118 [Time-limited test] INFO  server.Server (Server.java:doStart(415)) - Started @81345ms
2023-08-25 08:52:00,118 [Time-limited test] WARN  impl.MetricsSystemImpl (MetricsSystemImpl.java:register(279)) - Sink prometheus already exists!
2023-08-25 08:52:00,119 [Time-limited test] INFO  http.BaseHttpServer (BaseHttpServer.java:updateConnectorAddress(344)) - HTTP server of hddsDatanode listening at http://0.0.0.0:15142
2023-08-25 08:52:00,119 [Time-limited test] INFO  ipc.CallQueueManager (CallQueueManager.java:<init>(90)) - Using callQueue: class java.util.concurrent.LinkedBlockingQueue, queueCapacity: 100, scheduler: class org.apache.hadoop.ipc.DefaultRpcScheduler, ipcBackoff: false.
2023-08-25 08:52:00,119 [Time-limited test] INFO  ipc.Server (Server.java:<init>(1287)) - Listener at 0.0.0.0:15143
2023-08-25 08:52:00,120 [Socket Reader #1 for port 15143] INFO  ipc.Server (Server.java:run(1323)) - Starting Socket Reader #1 for port 15143
2023-08-25 08:52:00,123 [Time-limited test] INFO  ozone.HddsDatanodeService (HddsDatanodeService.java:start(315)) - Datanode start with admins: [runner]
2023-08-25 08:52:00,123 [Time-limited test] INFO  ozone.HddsDatanodeClientProtocolServer (HddsDatanodeClientProtocolServer.java:start(72)) - RPC server for Client /0.0.0.0:15143
2023-08-25 08:52:00,123 [IPC Server Responder] INFO  ipc.Server (Server.java:run(1562)) - IPC Server Responder: starting
2023-08-25 08:52:00,123 [IPC Server listener on 15143] INFO  ipc.Server (Server.java:run(1402)) - IPC Server listener on 15143: starting
2023-08-25 08:52:00,126 [Time-limited test] WARN  impl.MetricRegistriesImpl (MetricRegistriesImpl.java:addReporterRegistration(111)) - New reporters are added after registries were created. Some metrics will be missing from the reporter. Please add reporter before adding any new registry.
2023-08-25 08:52:00,126 [Time-limited test] WARN  impl.MetricRegistriesImpl (MetricRegistriesImpl.java:addReporterRegistration(111)) - New reporters are added after registries were created. Some metrics will be missing from the reporter. Please add reporter before adding any new registry.
2023-08-25 08:52:00,126 [Time-limited test] INFO  impl.MetricsSystemImpl (MetricsSystemImpl.java:init(158)) - HddsDatanode metrics system started (again)
2023-08-25 08:52:00,136 [Datanode State Machine Daemon Thread] INFO  statemachine.DatanodeStateMachine (DatanodeStateMachine.java:lambda$startDaemon$0(538)) - Ozone container server started.
2023-08-25 08:52:00,141 [Datanode State Machine Task Thread - 0] INFO  datanode.InitDatanodeState (InitDatanodeState.java:persistContainerDatanodeDetails(138)) - DatanodeDetails is persisted to /home/runner/work/ozone/ozone/hadoop-ozone/integration-test/target/test-dir/MiniOzoneClusterImpl-0e3afe45-f4df-41ce-9d76-18b1c152426f/datanode-3/meta/datanode.id
2023-08-25 08:52:00,149 [Time-limited test] INFO  ozone.HddsDatanodeService (HddsDatanodeService.java:start(237)) - HddsDatanodeService host:fv-az584-689.msjcyvhqqs1uvpg4fm53wptgqc.jx.internal.cloudapp.net ip:10.1.0.19
2023-08-25 08:52:00,192 [Time-limited test] INFO  upgrade.AbstractLayoutVersionManager (AbstractLayoutVersionManager.java:init(83)) - Initializing Layout version manager with metadata layout = HADOOP_PRC_PORTS_IN_DATANODEDETAILS (version = 7), software layout = HADOOP_PRC_PORTS_IN_DATANODEDETAILS (version = 7)
2023-08-25 08:52:00,195 [Time-limited test] INFO  statemachine.DatanodeStateMachine (DatanodeStateMachine.java:getEndPointTaskThreadPoolSize(282)) - Datanode State Machine Task Thread Pool size 2
2023-08-25 08:52:00,200 [Time-limited test] INFO  volume.HddsVolume (HddsVolume.java:<init>(126)) - Creating HddsVolume: /home/runner/work/ozone/ozone/hadoop-ozone/integration-test/target/test-dir/MiniOzoneClusterImpl-0e3afe45-f4df-41ce-9d76-18b1c152426f/datanode-4/data-0/containers/hdds of storage type : DISK capacity : 9223372036854775807
2023-08-25 08:52:00,200 [Time-limited test] INFO  volume.MutableVolumeSet (MutableVolumeSet.java:initializeVolumeSet(173)) - Added Volume : /home/runner/work/ozone/ozone/hadoop-ozone/integration-test/target/test-dir/MiniOzoneClusterImpl-0e3afe45-f4df-41ce-9d76-18b1c152426f/datanode-4/data-0/containers/hdds to VolumeSet
2023-08-25 08:52:00,201 [Time-limited test] INFO  volume.MutableVolumeSet (MutableVolumeSet.java:initializeVolumeSet(173)) - Added Volume : /home/runner/work/ozone/ozone/hadoop-ozone/integration-test/target/test-dir/MiniOzoneClusterImpl-0e3afe45-f4df-41ce-9d76-18b1c152426f/datanode-4/data/ratis to VolumeSet
2023-08-25 08:52:00,202 [Thread-1392] INFO  ozoneimpl.ContainerReader (ContainerReader.java:readVolume(177)) - Finish verifying containers on volume /home/runner/work/ozone/ozone/hadoop-ozone/integration-test/target/test-dir/MiniOzoneClusterImpl-0e3afe45-f4df-41ce-9d76-18b1c152426f/datanode-4/data-0/containers/hdds
2023-08-25 08:52:00,202 [Time-limited test] INFO  ozoneimpl.OzoneContainer (OzoneContainer.java:buildContainerSet(314)) - Build ContainerSet costs 0s
2023-08-25 08:52:00,204 [Time-limited test] INFO  server.RaftServer (ConfUtils.java:logGet(46)) - raft.rpc.type = GRPC (default)
2023-08-25 08:52:00,204 [Time-limited test] INFO  grpc.GrpcConfigKeys (ConfUtils.java:logFallback(53)) - raft.grpc.admin.host = null (fallback to raft.grpc.server.host)
2023-08-25 08:52:00,204 [Time-limited test] INFO  grpc.GrpcConfigKeys (ConfUtils.java:logGet(46)) - raft.grpc.admin.port = 15155 (custom)
2023-08-25 08:52:00,204 [Time-limited test] INFO  grpc.GrpcConfigKeys (ConfUtils.java:logFallback(53)) - raft.grpc.client.host = null (fallback to raft.grpc.server.host)
2023-08-25 08:52:00,204 [Time-limited test] INFO  grpc.GrpcConfigKeys (ConfUtils.java:logGet(46)) - raft.grpc.client.port = 15154 (custom)
2023-08-25 08:52:00,204 [Time-limited test] INFO  grpc.GrpcConfigKeys (ConfUtils.java:logGet(46)) - raft.grpc.server.host = null (default)
2023-08-25 08:52:00,204 [Time-limited test] INFO  grpc.GrpcConfigKeys (ConfUtils.java:logGet(46)) - raft.grpc.server.port = 15156 (custom)
2023-08-25 08:52:00,204 [Time-limited test] INFO  server.GrpcService (ConfUtils.java:logGet(46)) - raft.grpc.message.size.max = 32MB (=33554432) (custom)
2023-08-25 08:52:00,204 [Time-limited test] INFO  server.RaftServerConfigKeys (ConfUtils.java:logGet(46)) - raft.server.log.appender.buffer.byte-limit = 33554432 (custom)
2023-08-25 08:52:00,204 [Time-limited test] INFO  server.GrpcService (ConfUtils.java:logGet(46)) - raft.grpc.flow.control.window = 5MB (=5242880) (custom)
2023-08-25 08:52:00,204 [Time-limited test] INFO  server.RaftServerConfigKeys (ConfUtils.java:logGet(46)) - raft.server.rpc.request.timeout = 60s (custom)
2023-08-25 08:52:00,205 [Time-limited test] INFO  grpc.GrpcConfigKeys (ConfUtils.java:logGet(46)) - raft.grpc.server.heartbeat.channel = true (default)
2023-08-25 08:52:00,205 [Time-limited test] INFO  grpc.GrpcConfigKeys (ConfUtils.java:logGet(46)) - raft.grpc.server.async.request.thread.pool.cached = true (default)
2023-08-25 08:52:00,205 [Time-limited test] INFO  grpc.GrpcConfigKeys (ConfUtils.java:logGet(46)) - raft.grpc.server.async.request.thread.pool.size = 32 (default)
2023-08-25 08:52:00,208 [Time-limited test] INFO  impl.DataStreamServerImpl (ConfUtils.java:logGet(46)) - raft.datastream.type = NETTY (custom)
2023-08-25 08:52:00,208 [Time-limited test] INFO  server.RaftServerConfigKeys (ConfUtils.java:logGet(46)) - raft.server.data-stream.async.request.thread.pool.cached = false (default)
2023-08-25 08:52:00,208 [Time-limited test] INFO  server.RaftServerConfigKeys (ConfUtils.java:logGet(46)) - raft.server.data-stream.async.request.thread.pool.size = 20 (custom)
2023-08-25 08:52:00,209 [Time-limited test] INFO  server.RaftServerConfigKeys (ConfUtils.java:logGet(46)) - raft.server.data-stream.async.write.thread.pool.size = 16 (default)
2023-08-25 08:52:00,209 [Time-limited test] INFO  server.RaftServerConfigKeys (ConfUtils.java:logGet(46)) - raft.server.data-stream.client.pool.size = 10 (default)
2023-08-25 08:52:00,210 [Time-limited test] INFO  netty.NettyConfigKeys$DataStream (ConfUtils.java:logGet(46)) - raft.netty.dataStream.server.use-epoll = false (default)
2023-08-25 08:52:00,210 [Time-limited test] INFO  netty.NettyConfigKeys$DataStream (ConfUtils.java:logGet(46)) - raft.netty.dataStream.server.boss-group.size = 0 (default)
2023-08-25 08:52:00,212 [Time-limited test] INFO  netty.NettyConfigKeys$DataStream (ConfUtils.java:logGet(46)) - raft.netty.dataStream.server.worker-group.size = 0 (default)
2023-08-25 08:52:00,213 [Time-limited test] INFO  netty.NettyConfigKeys$DataStream (ConfUtils.java:logGet(46)) - raft.netty.dataStream.server.tls.conf = null (default)
2023-08-25 08:52:00,213 [Time-limited test] INFO  netty.NettyConfigKeys$DataStream (ConfUtils.java:logGet(46)) - raft.netty.dataStream.host = null (default)
2023-08-25 08:52:00,213 [Time-limited test] INFO  netty.NettyConfigKeys$DataStream (ConfUtils.java:logGet(46)) - raft.netty.dataStream.port = 15157 (custom)
2023-08-25 08:52:00,213 [Time-limited test] INFO  server.RaftServerConfigKeys (ConfUtils.java:logGet(46)) - raft.server.threadpool.proxy.cached = true (default)
2023-08-25 08:52:00,214 [Time-limited test] INFO  server.RaftServerConfigKeys (ConfUtils.java:logGet(46)) - raft.server.threadpool.proxy.size = 0 (default)
2023-08-25 08:52:00,214 [Time-limited test] INFO  server.RaftServerConfigKeys (ConfUtils.java:logGet(46)) - raft.server.rpc.slowness.timeout = 300s (custom)
2023-08-25 08:52:00,214 [Time-limited test] INFO  server.RaftServerConfigKeys (ConfUtils.java:logGet(46)) - raft.server.leaderelection.leader.step-down.wait-time = 10s (default)
2023-08-25 08:52:00,214 [Time-limited test] INFO  server.RaftServerConfigKeys (ConfUtils.java:logGet(46)) - raft.server.storage.dir = [/home/runner/work/ozone/ozone/hadoop-ozone/integration-test/target/test-dir/MiniOzoneClusterImpl-0e3afe45-f4df-41ce-9d76-18b1c152426f/datanode-4/data/ratis] (custom)
2023-08-25 08:52:00,214 [c349e6d8-44a6-453c-8914-c421dd83a8f7-impl-thread1] INFO  server.RaftServer (RaftServerProxy.java:initGroupDir(258)) - c349e6d8-44a6-453c-8914-c421dd83a8f7: found a subdirectory /home/runner/work/ozone/ozone/hadoop-ozone/integration-test/target/test-dir/MiniOzoneClusterImpl-0e3afe45-f4df-41ce-9d76-18b1c152426f/datanode-4/data/ratis/tmp
2023-08-25 08:52:00,214 [c349e6d8-44a6-453c-8914-c421dd83a8f7-NettyServerStreamRpc-bossGroup--thread1] INFO  logging.LoggingHandler (AbstractInternalLogger.java:log(148)) - [id: 0x2dc0fe29] REGISTERED
2023-08-25 08:52:00,215 [c349e6d8-44a6-453c-8914-c421dd83a8f7-NettyServerStreamRpc-bossGroup--thread1] INFO  logging.LoggingHandler (AbstractInternalLogger.java:log(148)) - [id: 0x2dc0fe29] BIND: 0.0.0.0/0.0.0.0:15157
2023-08-25 08:52:00,215 [c349e6d8-44a6-453c-8914-c421dd83a8f7-NettyServerStreamRpc-bossGroup--thread1] INFO  logging.LoggingHandler (AbstractInternalLogger.java:log(148)) - [id: 0x2dc0fe29, L:/0:0:0:0:0:0:0:0:15157] ACTIVE
2023-08-25 08:52:00,216 [c349e6d8-44a6-453c-8914-c421dd83a8f7-impl-thread1] INFO  server.RaftServer (RaftServerProxy.java:initGroupDir(263)) - c349e6d8-44a6-453c-8914-c421dd83a8f7: The directory /home/runner/work/ozone/ozone/hadoop-ozone/integration-test/target/test-dir/MiniOzoneClusterImpl-0e3afe45-f4df-41ce-9d76-18b1c152426f/datanode-4/data/ratis/tmp is not a group directory; ignoring it. 
2023-08-25 08:52:00,216 [Time-limited test] INFO  replication.ReplicationServer (ReplicationServer.java:<init>(81)) - Initializing replication server with thread count = 10
2023-08-25 08:52:00,218 [Time-limited test] INFO  server.XceiverServerGrpc (XceiverServerGrpc.java:<init>(132)) - GrpcServer channel type EpollServerSocketChannel
2023-08-25 08:52:00,220 [Time-limited test] INFO  replication.ReplicationSupervisor (ReplicationSupervisor.java:build(155)) - Initializing replication supervisor with thread count = 10
2023-08-25 08:52:00,220 [Time-limited test] INFO  replication.ReplicationSupervisor (ReplicationSupervisor.java:nodeStateUpdated(307)) - Node state updated to IN_SERVICE, scaling executor pool size to 10
2023-08-25 08:52:00,223 [Time-limited test] INFO  http.BaseHttpServer (BaseHttpServer.java:newHttpServer2BuilderForOzone(224)) - Starting Web-server for hddsDatanode at: http://0.0.0.0:15151
2023-08-25 08:52:00,223 [Time-limited test] INFO  http.BaseHttpServer (BaseHttpServer.java:<init>(111)) - Hadoop Security Enabled: false Ozone Security Enabled: false Ozone HTTP Security Enabled: false 
2023-08-25 08:52:00,224 [Time-limited test] WARN  server.AuthenticationFilter (AuthenticationFilter.java:constructSecretProvider(240)) - Unable to initialize FileSignerSecretProvider, falling back to use random secrets. Reason: Could not read signature secret file: /home/runner/hadoop-http-auth-signature-secret
2023-08-25 08:52:00,224 [Time-limited test] INFO  http.HttpRequestLog (HttpRequestLog.java:getRequestLog(86)) - Http request log for http.requests.hddsDatanode is not defined
2023-08-25 08:52:00,226 [Time-limited test] INFO  http.HttpServer2 (HttpServer2.java:addGlobalFilter(1031)) - Added global filter 'safety' (class=org.apache.hadoop.hdds.server.http.HttpServer2$QuotingInputFilter)
2023-08-25 08:52:00,226 [Time-limited test] INFO  http.HttpServer2 (HttpServer2.java:addFilter(1007)) - Added filter static_user_filter (class=org.apache.hadoop.http.lib.StaticUserWebFilter$StaticUserFilter) to context hddsDatanode
2023-08-25 08:52:00,226 [Time-limited test] INFO  http.HttpServer2 (HttpServer2.java:addFilter(1015)) - Added filter static_user_filter (class=org.apache.hadoop.http.lib.StaticUserWebFilter$StaticUserFilter) to context static
2023-08-25 08:52:00,226 [Time-limited test] INFO  http.HttpServer2 (HttpServer2.java:addFilter(1015)) - Added filter static_user_filter (class=org.apache.hadoop.http.lib.StaticUserWebFilter$StaticUserFilter) to context logs
2023-08-25 08:52:00,227 [Time-limited test] INFO  http.BaseHttpServer (BaseHttpServer.java:<init>(190)) - HTTP server of hddsDatanode uses base directory /home/runner/work/ozone/ozone/hadoop-ozone/integration-test/target/test-dir/MiniOzoneClusterImpl-0e3afe45-f4df-41ce-9d76-18b1c152426f/datanode-4/meta/webserver
2023-08-25 08:52:00,227 [Time-limited test] INFO  http.HttpServer2 (HttpServer2.java:bindListener(1250)) - Jetty bound to port 15151
2023-08-25 08:52:00,227 [Time-limited test] INFO  server.Server (Server.java:doStart(375)) - jetty-9.4.51.v20230217; built: 2023-02-17T08:19:37.309Z; git: b45c405e4544384de066f814ed42ae3dceacdd49; jvm 1.8.0_382-b05
2023-08-25 08:52:00,228 [Time-limited test] INFO  server.session (DefaultSessionIdManager.java:doStart(334)) - DefaultSessionIdManager workerName=node0
2023-08-25 08:52:00,228 [Time-limited test] INFO  server.session (DefaultSessionIdManager.java:doStart(339)) - No SessionScavenger set, using defaults
2023-08-25 08:52:00,228 [Time-limited test] INFO  server.session (HouseKeeper.java:startScavenging(132)) - node0 Scavenging every 660000ms
2023-08-25 08:52:00,229 [Time-limited test] INFO  handler.ContextHandler (ContextHandler.java:doStart(921)) - Started o.e.j.s.ServletContextHandler@528b2703{logs,/logs,file:///home/runner/work/ozone/ozone/hadoop-ozone/integration-test/target/log,AVAILABLE}
2023-08-25 08:52:00,230 [Time-limited test] INFO  handler.ContextHandler (ContextHandler.java:doStart(921)) - Started o.e.j.s.ServletContextHandler@41354806{static,/static,jar:file:/home/runner/.m2/repository/org/apache/ozone/hdds-container-service/1.4.0-SNAPSHOT/hdds-container-service-1.4.0-SNAPSHOT.jar!/webapps/static,AVAILABLE}
2023-08-25 08:52:00,451 [Time-limited test] INFO  handler.ContextHandler (ContextHandler.java:doStart(921)) - Started o.e.j.w.WebAppContext@69053af8{hddsDatanode,/,file:///home/runner/work/ozone/ozone/hadoop-ozone/integration-test/target/test-dir/MiniOzoneClusterImpl-0e3afe45-f4df-41ce-9d76-18b1c152426f/datanode-4/meta/webserver/jetty-0_0_0_0-15151-hdds-container-service-1_4_0-SNAPSHOT_jar-_-any-3101994463566060354/webapp/,AVAILABLE}{jar:file:/home/runner/.m2/repository/org/apache/ozone/hdds-container-service/1.4.0-SNAPSHOT/hdds-container-service-1.4.0-SNAPSHOT.jar!/webapps/hddsDatanode}
2023-08-25 08:52:00,453 [Time-limited test] INFO  server.AbstractConnector (AbstractConnector.java:doStart(333)) - Started ServerConnector@527204f1{HTTP/1.1, (http/1.1)}{0.0.0.0:15151}
2023-08-25 08:52:00,453 [Time-limited test] INFO  server.Server (Server.java:doStart(415)) - Started @81680ms
2023-08-25 08:52:00,453 [Time-limited test] WARN  impl.MetricsSystemImpl (MetricsSystemImpl.java:register(279)) - Sink prometheus already exists!
2023-08-25 08:52:00,454 [Time-limited test] INFO  http.BaseHttpServer (BaseHttpServer.java:updateConnectorAddress(344)) - HTTP server of hddsDatanode listening at http://0.0.0.0:15151
2023-08-25 08:52:00,454 [Time-limited test] INFO  ipc.CallQueueManager (CallQueueManager.java:<init>(90)) - Using callQueue: class java.util.concurrent.LinkedBlockingQueue, queueCapacity: 100, scheduler: class org.apache.hadoop.ipc.DefaultRpcScheduler, ipcBackoff: false.
2023-08-25 08:52:00,454 [Time-limited test] INFO  ipc.Server (Server.java:<init>(1287)) - Listener at 0.0.0.0:15152
2023-08-25 08:52:00,457 [Socket Reader #1 for port 15152] INFO  ipc.Server (Server.java:run(1323)) - Starting Socket Reader #1 for port 15152
2023-08-25 08:52:00,466 [Time-limited test] INFO  ozone.HddsDatanodeService (HddsDatanodeService.java:start(315)) - Datanode start with admins: [runner]
2023-08-25 08:52:00,466 [Time-limited test] INFO  ozone.HddsDatanodeClientProtocolServer (HddsDatanodeClientProtocolServer.java:start(72)) - RPC server for Client /0.0.0.0:15152
2023-08-25 08:52:00,467 [IPC Server Responder] INFO  ipc.Server (Server.java:run(1562)) - IPC Server Responder: starting
2023-08-25 08:52:00,467 [IPC Server listener on 15152] INFO  ipc.Server (Server.java:run(1402)) - IPC Server listener on 15152: starting
2023-08-25 08:52:00,469 [Datanode State Machine Daemon Thread] INFO  statemachine.DatanodeStateMachine (DatanodeStateMachine.java:lambda$startDaemon$0(538)) - Ozone container server started.
2023-08-25 08:52:00,470 [Time-limited test] INFO  ozone.MiniOzoneClusterImpl (MiniOzoneClusterImpl.java:lambda$waitForClusterToBeReady$0(224)) - Waiting for nodes to be ready. Got 0 of 5 DN Heartbeats.
2023-08-25 08:52:00,471 [Time-limited test] INFO  ozone.MiniOzoneClusterImpl (MiniOzoneClusterImpl.java:lambda$waitForClusterToBeReady$0(227)) - Waiting for cluster to exit safe mode
2023-08-25 08:52:00,471 [Time-limited test] INFO  ozone.MiniOzoneClusterImpl (MiniOzoneClusterImpl.java:lambda$waitForClusterToBeReady$0(229)) - SCM became leader
2023-08-25 08:52:00,475 [Datanode State Machine Task Thread - 0] INFO  datanode.InitDatanodeState (InitDatanodeState.java:persistContainerDatanodeDetails(138)) - DatanodeDetails is persisted to /home/runner/work/ozone/ozone/hadoop-ozone/integration-test/target/test-dir/MiniOzoneClusterImpl-0e3afe45-f4df-41ce-9d76-18b1c152426f/datanode-4/meta/datanode.id
2023-08-25 08:52:00,610 [ReplicationMonitor] INFO  replication.ReplicationManager (ReplicationManager.java:processAll(361)) - Replication Manager is not ready to run until 3000ms after safemode exit
2023-08-25 08:52:01,174 [EndpointStateMachine task thread for /0.0.0.0:15108 - 0 ] INFO  utils.DatanodeStoreCache (DatanodeStoreCache.java:addDB(66)) - Added db /home/runner/work/ozone/ozone/hadoop-ozone/integration-test/target/test-dir/MiniOzoneClusterImpl-0e3afe45-f4df-41ce-9d76-18b1c152426f/datanode-0/data-0/containers/hdds/0e3afe45-f4df-41ce-9d76-18b1c152426f/DS-e1fbb54a-879c-4bb8-baa8-99e8eeab03ca/container.db to cache
2023-08-25 08:52:01,175 [EndpointStateMachine task thread for /0.0.0.0:15108 - 0 ] INFO  volume.HddsVolume (HddsVolume.java:createDbStore(422)) - SchemaV3 db is created and loaded at /home/runner/work/ozone/ozone/hadoop-ozone/integration-test/target/test-dir/MiniOzoneClusterImpl-0e3afe45-f4df-41ce-9d76-18b1c152426f/datanode-0/data-0/containers/hdds/0e3afe45-f4df-41ce-9d76-18b1c152426f/DS-e1fbb54a-879c-4bb8-baa8-99e8eeab03ca/container.db for volume DS-e1fbb54a-879c-4bb8-baa8-99e8eeab03ca
2023-08-25 08:52:01,176 [EndpointStateMachine task thread for /0.0.0.0:15108 - 0 ] INFO  volume.ThrottledAsyncChecker (ThrottledAsyncChecker.java:schedule(141)) - Scheduling a check for /home/runner/work/ozone/ozone/hadoop-ozone/integration-test/target/test-dir/MiniOzoneClusterImpl-0e3afe45-f4df-41ce-9d76-18b1c152426f/datanode-0/data-0/containers/hdds
2023-08-25 08:52:01,176 [EndpointStateMachine task thread for /0.0.0.0:15108 - 0 ] INFO  volume.StorageVolumeChecker (StorageVolumeChecker.java:checkAllVolumes(213)) - Scheduled health check for volume /home/runner/work/ozone/ozone/hadoop-ozone/integration-test/target/test-dir/MiniOzoneClusterImpl-0e3afe45-f4df-41ce-9d76-18b1c152426f/datanode-0/data-0/containers/hdds
2023-08-25 08:52:01,180 [EndpointStateMachine task thread for /0.0.0.0:15108 - 0 ] INFO  volume.ThrottledAsyncChecker (ThrottledAsyncChecker.java:schedule(141)) - Scheduling a check for /home/runner/work/ozone/ozone/hadoop-ozone/integration-test/target/test-dir/MiniOzoneClusterImpl-0e3afe45-f4df-41ce-9d76-18b1c152426f/datanode-0/data/ratis
2023-08-25 08:52:01,180 [EndpointStateMachine task thread for /0.0.0.0:15108 - 0 ] INFO  volume.StorageVolumeChecker (StorageVolumeChecker.java:checkAllVolumes(213)) - Scheduled health check for volume /home/runner/work/ozone/ozone/hadoop-ozone/integration-test/target/test-dir/MiniOzoneClusterImpl-0e3afe45-f4df-41ce-9d76-18b1c152426f/datanode-0/data/ratis
2023-08-25 08:52:01,182 [EndpointStateMachine task thread for /0.0.0.0:15108 - 0 ] INFO  ozoneimpl.OzoneContainer (OzoneContainer.java:start(429)) - Attempting to start container services.
2023-08-25 08:52:01,182 [EndpointStateMachine task thread for /0.0.0.0:15108 - 0 ] INFO  ozoneimpl.OzoneContainer (OzoneContainer.java:startContainerScrub(325)) - Scheduled background container scanners and the on-demand container scanner have been disabled.
2023-08-25 08:52:01,183 [EndpointStateMachine task thread for /0.0.0.0:15108 - 0 ] INFO  replication.ReplicationServer (ReplicationServer.java:start(130)) - ReplicationServer is started using port 15122
2023-08-25 08:52:01,183 [EndpointStateMachine task thread for /0.0.0.0:15108 - 0 ] INFO  ratis.XceiverServerRatis (XceiverServerRatis.java:start(517)) - Starting XceiverServerRatis 13a37e5a-b376-4d6f-b694-58d1355ff7ca
2023-08-25 08:52:01,184 [EndpointStateMachine task thread for /0.0.0.0:15108 - 0 ] INFO  server.RaftServer (RaftServerProxy.java:startImpl(400)) - 13a37e5a-b376-4d6f-b694-58d1355ff7ca: start RPC server
2023-08-25 08:52:01,189 [EndpointStateMachine task thread for /0.0.0.0:15108 - 0 ] INFO  server.GrpcService (GrpcService.java:startImpl(302)) - 13a37e5a-b376-4d6f-b694-58d1355ff7ca: GrpcService started, listening on 15118
2023-08-25 08:52:01,189 [EndpointStateMachine task thread for /0.0.0.0:15108 - 0 ] INFO  server.GrpcService (GrpcService.java:startImpl(302)) - 13a37e5a-b376-4d6f-b694-58d1355ff7ca: GrpcService started, listening on 15120
2023-08-25 08:52:01,190 [EndpointStateMachine task thread for /0.0.0.0:15108 - 0 ] INFO  server.GrpcService (GrpcService.java:startImpl(302)) - 13a37e5a-b376-4d6f-b694-58d1355ff7ca: GrpcService started, listening on 15119
2023-08-25 08:52:01,191 [EndpointStateMachine task thread for /0.0.0.0:15108 - 0 ] INFO  ratis.XceiverServerRatis (XceiverServerRatis.java:getRealPort(543)) - XceiverServerRatis 13a37e5a-b376-4d6f-b694-58d1355ff7ca is started using port 15118 for RATIS
2023-08-25 08:52:01,191 [EndpointStateMachine task thread for /0.0.0.0:15108 - 0 ] INFO  ratis.XceiverServerRatis (XceiverServerRatis.java:getRealPort(543)) - XceiverServerRatis 13a37e5a-b376-4d6f-b694-58d1355ff7ca is started using port 15119 for RATIS_ADMIN
2023-08-25 08:52:01,191 [EndpointStateMachine task thread for /0.0.0.0:15108 - 0 ] INFO  ratis.XceiverServerRatis (XceiverServerRatis.java:getRealPort(543)) - XceiverServerRatis 13a37e5a-b376-4d6f-b694-58d1355ff7ca is started using port 15120 for RATIS_SERVER
2023-08-25 08:52:01,191 [EndpointStateMachine task thread for /0.0.0.0:15108 - 0 ] INFO  ratis.XceiverServerRatis (XceiverServerRatis.java:getRealPort(543)) - XceiverServerRatis 13a37e5a-b376-4d6f-b694-58d1355ff7ca is started using port 15121 for RATIS_DATASTREAM
2023-08-25 08:52:01,191 [JvmPauseMonitor16] INFO  util.JvmPauseMonitor (JvmPauseMonitor.java:run(103)) - JvmPauseMonitor-13a37e5a-b376-4d6f-b694-58d1355ff7ca: Started
2023-08-25 08:52:01,194 [BlockDeletingService#0] INFO  interfaces.ContainerDeletionChoosingPolicyTemplate (ContainerDeletionChoosingPolicyTemplate.java:chooseContainerForBlockDeletion(85)) - Chosen 0/5000 blocks from 0 candidate containers.
2023-08-25 08:52:01,471 [Time-limited test] INFO  ozone.MiniOzoneClusterImpl (MiniOzoneClusterImpl.java:lambda$waitForClusterToBeReady$0(224)) - Waiting for nodes to be ready. Got 0 of 5 DN Heartbeats.
2023-08-25 08:52:01,471 [Time-limited test] INFO  ozone.MiniOzoneClusterImpl (MiniOzoneClusterImpl.java:lambda$waitForClusterToBeReady$0(227)) - Waiting for cluster to exit safe mode
2023-08-25 08:52:01,472 [Time-limited test] INFO  ozone.MiniOzoneClusterImpl (MiniOzoneClusterImpl.java:lambda$waitForClusterToBeReady$0(229)) - SCM became leader
2023-08-25 08:52:01,509 [EndpointStateMachine task thread for /0.0.0.0:15108 - 0 ] INFO  utils.DatanodeStoreCache (DatanodeStoreCache.java:addDB(66)) - Added db /home/runner/work/ozone/ozone/hadoop-ozone/integration-test/target/test-dir/MiniOzoneClusterImpl-0e3afe45-f4df-41ce-9d76-18b1c152426f/datanode-1/data-0/containers/hdds/0e3afe45-f4df-41ce-9d76-18b1c152426f/DS-f6fa05d3-820d-4f0d-9c3c-a390892c694e/container.db to cache
2023-08-25 08:52:01,509 [EndpointStateMachine task thread for /0.0.0.0:15108 - 0 ] INFO  volume.HddsVolume (HddsVolume.java:createDbStore(422)) - SchemaV3 db is created and loaded at /home/runner/work/ozone/ozone/hadoop-ozone/integration-test/target/test-dir/MiniOzoneClusterImpl-0e3afe45-f4df-41ce-9d76-18b1c152426f/datanode-1/data-0/containers/hdds/0e3afe45-f4df-41ce-9d76-18b1c152426f/DS-f6fa05d3-820d-4f0d-9c3c-a390892c694e/container.db for volume DS-f6fa05d3-820d-4f0d-9c3c-a390892c694e
2023-08-25 08:52:01,510 [EndpointStateMachine task thread for /0.0.0.0:15108 - 0 ] INFO  volume.ThrottledAsyncChecker (ThrottledAsyncChecker.java:schedule(141)) - Scheduling a check for /home/runner/work/ozone/ozone/hadoop-ozone/integration-test/target/test-dir/MiniOzoneClusterImpl-0e3afe45-f4df-41ce-9d76-18b1c152426f/datanode-1/data-0/containers/hdds
2023-08-25 08:52:01,511 [EndpointStateMachine task thread for /0.0.0.0:15108 - 0 ] INFO  volume.StorageVolumeChecker (StorageVolumeChecker.java:checkAllVolumes(213)) - Scheduled health check for volume /home/runner/work/ozone/ozone/hadoop-ozone/integration-test/target/test-dir/MiniOzoneClusterImpl-0e3afe45-f4df-41ce-9d76-18b1c152426f/datanode-1/data-0/containers/hdds
2023-08-25 08:52:01,514 [EndpointStateMachine task thread for /0.0.0.0:15108 - 0 ] INFO  volume.ThrottledAsyncChecker (ThrottledAsyncChecker.java:schedule(141)) - Scheduling a check for /home/runner/work/ozone/ozone/hadoop-ozone/integration-test/target/test-dir/MiniOzoneClusterImpl-0e3afe45-f4df-41ce-9d76-18b1c152426f/datanode-1/data/ratis
2023-08-25 08:52:01,514 [EndpointStateMachine task thread for /0.0.0.0:15108 - 0 ] INFO  volume.StorageVolumeChecker (StorageVolumeChecker.java:checkAllVolumes(213)) - Scheduled health check for volume /home/runner/work/ozone/ozone/hadoop-ozone/integration-test/target/test-dir/MiniOzoneClusterImpl-0e3afe45-f4df-41ce-9d76-18b1c152426f/datanode-1/data/ratis
2023-08-25 08:52:01,515 [EndpointStateMachine task thread for /0.0.0.0:15108 - 0 ] INFO  ozoneimpl.OzoneContainer (OzoneContainer.java:start(429)) - Attempting to start container services.
2023-08-25 08:52:01,515 [EndpointStateMachine task thread for /0.0.0.0:15108 - 0 ] INFO  ozoneimpl.OzoneContainer (OzoneContainer.java:startContainerScrub(325)) - Scheduled background container scanners and the on-demand container scanner have been disabled.
2023-08-25 08:52:01,516 [EndpointStateMachine task thread for /0.0.0.0:15108 - 0 ] INFO  replication.ReplicationServer (ReplicationServer.java:start(130)) - ReplicationServer is started using port 15131
2023-08-25 08:52:01,516 [EndpointStateMachine task thread for /0.0.0.0:15108 - 0 ] INFO  ratis.XceiverServerRatis (XceiverServerRatis.java:start(517)) - Starting XceiverServerRatis 5d860d7d-438a-4901-b268-bb236ca34e1d
2023-08-25 08:52:01,518 [EndpointStateMachine task thread for /0.0.0.0:15108 - 0 ] INFO  server.RaftServer (RaftServerProxy.java:startImpl(400)) - 5d860d7d-438a-4901-b268-bb236ca34e1d: start RPC server
2023-08-25 08:52:01,519 [EndpointStateMachine task thread for /0.0.0.0:15108 - 0 ] INFO  server.GrpcService (GrpcService.java:startImpl(302)) - 5d860d7d-438a-4901-b268-bb236ca34e1d: GrpcService started, listening on 15127
2023-08-25 08:52:01,521 [EndpointStateMachine task thread for /0.0.0.0:15108 - 0 ] INFO  server.GrpcService (GrpcService.java:startImpl(302)) - 5d860d7d-438a-4901-b268-bb236ca34e1d: GrpcService started, listening on 15129
2023-08-25 08:52:01,522 [EndpointStateMachine task thread for /0.0.0.0:15108 - 0 ] INFO  server.GrpcService (GrpcService.java:startImpl(302)) - 5d860d7d-438a-4901-b268-bb236ca34e1d: GrpcService started, listening on 15128
2023-08-25 08:52:01,522 [EndpointStateMachine task thread for /0.0.0.0:15108 - 0 ] INFO  ratis.XceiverServerRatis (XceiverServerRatis.java:getRealPort(543)) - XceiverServerRatis 5d860d7d-438a-4901-b268-bb236ca34e1d is started using port 15127 for RATIS
2023-08-25 08:52:01,522 [EndpointStateMachine task thread for /0.0.0.0:15108 - 0 ] INFO  ratis.XceiverServerRatis (XceiverServerRatis.java:getRealPort(543)) - XceiverServerRatis 5d860d7d-438a-4901-b268-bb236ca34e1d is started using port 15128 for RATIS_ADMIN
2023-08-25 08:52:01,522 [EndpointStateMachine task thread for /0.0.0.0:15108 - 0 ] INFO  ratis.XceiverServerRatis (XceiverServerRatis.java:getRealPort(543)) - XceiverServerRatis 5d860d7d-438a-4901-b268-bb236ca34e1d is started using port 15129 for RATIS_SERVER
2023-08-25 08:52:01,522 [EndpointStateMachine task thread for /0.0.0.0:15108 - 0 ] INFO  ratis.XceiverServerRatis (XceiverServerRatis.java:getRealPort(543)) - XceiverServerRatis 5d860d7d-438a-4901-b268-bb236ca34e1d is started using port 15130 for RATIS_DATASTREAM
2023-08-25 08:52:01,522 [JvmPauseMonitor17] INFO  util.JvmPauseMonitor (JvmPauseMonitor.java:run(103)) - JvmPauseMonitor-5d860d7d-438a-4901-b268-bb236ca34e1d: Started
2023-08-25 08:52:01,525 [BlockDeletingService#0] INFO  interfaces.ContainerDeletionChoosingPolicyTemplate (ContainerDeletionChoosingPolicyTemplate.java:chooseContainerForBlockDeletion(85)) - Chosen 0/5000 blocks from 0 candidate containers.
2023-08-25 08:52:01,610 [ReplicationMonitor] INFO  replication.ReplicationManager (ReplicationManager.java:processAll(361)) - Replication Manager is not ready to run until 3000ms after safemode exit
2023-08-25 08:52:01,832 [EndpointStateMachine task thread for /0.0.0.0:15108 - 0 ] INFO  utils.DatanodeStoreCache (DatanodeStoreCache.java:addDB(66)) - Added db /home/runner/work/ozone/ozone/hadoop-ozone/integration-test/target/test-dir/MiniOzoneClusterImpl-0e3afe45-f4df-41ce-9d76-18b1c152426f/datanode-2/data-0/containers/hdds/0e3afe45-f4df-41ce-9d76-18b1c152426f/DS-1a0d3725-bb27-482b-b05d-4dd6b8fb8ac4/container.db to cache
2023-08-25 08:52:01,832 [EndpointStateMachine task thread for /0.0.0.0:15108 - 0 ] INFO  volume.HddsVolume (HddsVolume.java:createDbStore(422)) - SchemaV3 db is created and loaded at /home/runner/work/ozone/ozone/hadoop-ozone/integration-test/target/test-dir/MiniOzoneClusterImpl-0e3afe45-f4df-41ce-9d76-18b1c152426f/datanode-2/data-0/containers/hdds/0e3afe45-f4df-41ce-9d76-18b1c152426f/DS-1a0d3725-bb27-482b-b05d-4dd6b8fb8ac4/container.db for volume DS-1a0d3725-bb27-482b-b05d-4dd6b8fb8ac4
2023-08-25 08:52:01,833 [EndpointStateMachine task thread for /0.0.0.0:15108 - 0 ] INFO  volume.ThrottledAsyncChecker (ThrottledAsyncChecker.java:schedule(141)) - Scheduling a check for /home/runner/work/ozone/ozone/hadoop-ozone/integration-test/target/test-dir/MiniOzoneClusterImpl-0e3afe45-f4df-41ce-9d76-18b1c152426f/datanode-2/data-0/containers/hdds
2023-08-25 08:52:01,834 [EndpointStateMachine task thread for /0.0.0.0:15108 - 0 ] INFO  volume.StorageVolumeChecker (StorageVolumeChecker.java:checkAllVolumes(213)) - Scheduled health check for volume /home/runner/work/ozone/ozone/hadoop-ozone/integration-test/target/test-dir/MiniOzoneClusterImpl-0e3afe45-f4df-41ce-9d76-18b1c152426f/datanode-2/data-0/containers/hdds
2023-08-25 08:52:01,836 [EndpointStateMachine task thread for /0.0.0.0:15108 - 0 ] INFO  volume.ThrottledAsyncChecker (ThrottledAsyncChecker.java:schedule(141)) - Scheduling a check for /home/runner/work/ozone/ozone/hadoop-ozone/integration-test/target/test-dir/MiniOzoneClusterImpl-0e3afe45-f4df-41ce-9d76-18b1c152426f/datanode-2/data/ratis
2023-08-25 08:52:01,836 [EndpointStateMachine task thread for /0.0.0.0:15108 - 0 ] INFO  volume.StorageVolumeChecker (StorageVolumeChecker.java:checkAllVolumes(213)) - Scheduled health check for volume /home/runner/work/ozone/ozone/hadoop-ozone/integration-test/target/test-dir/MiniOzoneClusterImpl-0e3afe45-f4df-41ce-9d76-18b1c152426f/datanode-2/data/ratis
2023-08-25 08:52:01,838 [EndpointStateMachine task thread for /0.0.0.0:15108 - 0 ] INFO  ozoneimpl.OzoneContainer (OzoneContainer.java:start(429)) - Attempting to start container services.
2023-08-25 08:52:01,838 [EndpointStateMachine task thread for /0.0.0.0:15108 - 0 ] INFO  ozoneimpl.OzoneContainer (OzoneContainer.java:startContainerScrub(325)) - Scheduled background container scanners and the on-demand container scanner have been disabled.
2023-08-25 08:52:01,839 [EndpointStateMachine task thread for /0.0.0.0:15108 - 0 ] INFO  replication.ReplicationServer (ReplicationServer.java:start(130)) - ReplicationServer is started using port 15140
2023-08-25 08:52:01,839 [EndpointStateMachine task thread for /0.0.0.0:15108 - 0 ] INFO  ratis.XceiverServerRatis (XceiverServerRatis.java:start(517)) - Starting XceiverServerRatis 0b97acf7-1047-49ae-a506-e2d05ab0320a
2023-08-25 08:52:01,840 [EndpointStateMachine task thread for /0.0.0.0:15108 - 0 ] INFO  server.RaftServer (RaftServerProxy.java:startImpl(400)) - 0b97acf7-1047-49ae-a506-e2d05ab0320a: start RPC server
2023-08-25 08:52:01,841 [EndpointStateMachine task thread for /0.0.0.0:15108 - 0 ] INFO  server.GrpcService (GrpcService.java:startImpl(302)) - 0b97acf7-1047-49ae-a506-e2d05ab0320a: GrpcService started, listening on 15136
2023-08-25 08:52:01,844 [EndpointStateMachine task thread for /0.0.0.0:15108 - 0 ] INFO  server.GrpcService (GrpcService.java:startImpl(302)) - 0b97acf7-1047-49ae-a506-e2d05ab0320a: GrpcService started, listening on 15138
2023-08-25 08:52:01,845 [EndpointStateMachine task thread for /0.0.0.0:15108 - 0 ] INFO  server.GrpcService (GrpcService.java:startImpl(302)) - 0b97acf7-1047-49ae-a506-e2d05ab0320a: GrpcService started, listening on 15137
2023-08-25 08:52:01,845 [EndpointStateMachine task thread for /0.0.0.0:15108 - 0 ] INFO  ratis.XceiverServerRatis (XceiverServerRatis.java:getRealPort(543)) - XceiverServerRatis 0b97acf7-1047-49ae-a506-e2d05ab0320a is started using port 15136 for RATIS
2023-08-25 08:52:01,845 [EndpointStateMachine task thread for /0.0.0.0:15108 - 0 ] INFO  ratis.XceiverServerRatis (XceiverServerRatis.java:getRealPort(543)) - XceiverServerRatis 0b97acf7-1047-49ae-a506-e2d05ab0320a is started using port 15137 for RATIS_ADMIN
2023-08-25 08:52:01,845 [JvmPauseMonitor18] INFO  util.JvmPauseMonitor (JvmPauseMonitor.java:run(103)) - JvmPauseMonitor-0b97acf7-1047-49ae-a506-e2d05ab0320a: Started
2023-08-25 08:52:01,845 [EndpointStateMachine task thread for /0.0.0.0:15108 - 0 ] INFO  ratis.XceiverServerRatis (XceiverServerRatis.java:getRealPort(543)) - XceiverServerRatis 0b97acf7-1047-49ae-a506-e2d05ab0320a is started using port 15138 for RATIS_SERVER
2023-08-25 08:52:01,846 [EndpointStateMachine task thread for /0.0.0.0:15108 - 0 ] INFO  ratis.XceiverServerRatis (XceiverServerRatis.java:getRealPort(543)) - XceiverServerRatis 0b97acf7-1047-49ae-a506-e2d05ab0320a is started using port 15139 for RATIS_DATASTREAM
2023-08-25 08:52:01,849 [BlockDeletingService#0] INFO  interfaces.ContainerDeletionChoosingPolicyTemplate (ContainerDeletionChoosingPolicyTemplate.java:chooseContainerForBlockDeletion(85)) - Chosen 0/5000 blocks from 0 candidate containers.
2023-08-25 08:52:02,190 [EndpointStateMachine task thread for /0.0.0.0:15108 - 0 ] INFO  utils.DatanodeStoreCache (DatanodeStoreCache.java:addDB(66)) - Added db /home/runner/work/ozone/ozone/hadoop-ozone/integration-test/target/test-dir/MiniOzoneClusterImpl-0e3afe45-f4df-41ce-9d76-18b1c152426f/datanode-3/data-0/containers/hdds/0e3afe45-f4df-41ce-9d76-18b1c152426f/DS-709b145c-aeb4-4a7e-9f38-a94944b3e46e/container.db to cache
2023-08-25 08:52:02,190 [EndpointStateMachine task thread for /0.0.0.0:15108 - 0 ] INFO  volume.HddsVolume (HddsVolume.java:createDbStore(422)) - SchemaV3 db is created and loaded at /home/runner/work/ozone/ozone/hadoop-ozone/integration-test/target/test-dir/MiniOzoneClusterImpl-0e3afe45-f4df-41ce-9d76-18b1c152426f/datanode-3/data-0/containers/hdds/0e3afe45-f4df-41ce-9d76-18b1c152426f/DS-709b145c-aeb4-4a7e-9f38-a94944b3e46e/container.db for volume DS-709b145c-aeb4-4a7e-9f38-a94944b3e46e
2023-08-25 08:52:02,191 [EndpointStateMachine task thread for /0.0.0.0:15108 - 0 ] INFO  volume.ThrottledAsyncChecker (ThrottledAsyncChecker.java:schedule(141)) - Scheduling a check for /home/runner/work/ozone/ozone/hadoop-ozone/integration-test/target/test-dir/MiniOzoneClusterImpl-0e3afe45-f4df-41ce-9d76-18b1c152426f/datanode-3/data-0/containers/hdds
2023-08-25 08:52:02,191 [EndpointStateMachine task thread for /0.0.0.0:15108 - 0 ] INFO  volume.StorageVolumeChecker (StorageVolumeChecker.java:checkAllVolumes(213)) - Scheduled health check for volume /home/runner/work/ozone/ozone/hadoop-ozone/integration-test/target/test-dir/MiniOzoneClusterImpl-0e3afe45-f4df-41ce-9d76-18b1c152426f/datanode-3/data-0/containers/hdds
2023-08-25 08:52:02,194 [EndpointStateMachine task thread for /0.0.0.0:15108 - 0 ] INFO  volume.ThrottledAsyncChecker (ThrottledAsyncChecker.java:schedule(141)) - Scheduling a check for /home/runner/work/ozone/ozone/hadoop-ozone/integration-test/target/test-dir/MiniOzoneClusterImpl-0e3afe45-f4df-41ce-9d76-18b1c152426f/datanode-3/data/ratis
2023-08-25 08:52:02,194 [EndpointStateMachine task thread for /0.0.0.0:15108 - 0 ] INFO  volume.StorageVolumeChecker (StorageVolumeChecker.java:checkAllVolumes(213)) - Scheduled health check for volume /home/runner/work/ozone/ozone/hadoop-ozone/integration-test/target/test-dir/MiniOzoneClusterImpl-0e3afe45-f4df-41ce-9d76-18b1c152426f/datanode-3/data/ratis
2023-08-25 08:52:02,195 [EndpointStateMachine task thread for /0.0.0.0:15108 - 0 ] INFO  ozoneimpl.OzoneContainer (OzoneContainer.java:start(429)) - Attempting to start container services.
2023-08-25 08:52:02,195 [EndpointStateMachine task thread for /0.0.0.0:15108 - 0 ] INFO  ozoneimpl.OzoneContainer (OzoneContainer.java:startContainerScrub(325)) - Scheduled background container scanners and the on-demand container scanner have been disabled.
2023-08-25 08:52:02,196 [EndpointStateMachine task thread for /0.0.0.0:15108 - 0 ] INFO  replication.ReplicationServer (ReplicationServer.java:start(130)) - ReplicationServer is started using port 15149
2023-08-25 08:52:02,196 [EndpointStateMachine task thread for /0.0.0.0:15108 - 0 ] INFO  ratis.XceiverServerRatis (XceiverServerRatis.java:start(517)) - Starting XceiverServerRatis c5b52100-b3af-4f34-8186-445655f547f5
2023-08-25 08:52:02,197 [EndpointStateMachine task thread for /0.0.0.0:15108 - 0 ] INFO  server.RaftServer (RaftServerProxy.java:startImpl(400)) - c5b52100-b3af-4f34-8186-445655f547f5: start RPC server
2023-08-25 08:52:02,198 [EndpointStateMachine task thread for /0.0.0.0:15108 - 0 ] INFO  server.GrpcService (GrpcService.java:startImpl(302)) - c5b52100-b3af-4f34-8186-445655f547f5: GrpcService started, listening on 15145
2023-08-25 08:52:02,202 [EndpointStateMachine task thread for /0.0.0.0:15108 - 0 ] INFO  server.GrpcService (GrpcService.java:startImpl(302)) - c5b52100-b3af-4f34-8186-445655f547f5: GrpcService started, listening on 15147
2023-08-25 08:52:02,202 [EndpointStateMachine task thread for /0.0.0.0:15108 - 0 ] INFO  server.GrpcService (GrpcService.java:startImpl(302)) - c5b52100-b3af-4f34-8186-445655f547f5: GrpcService started, listening on 15146
2023-08-25 08:52:02,203 [EndpointStateMachine task thread for /0.0.0.0:15108 - 0 ] INFO  ratis.XceiverServerRatis (XceiverServerRatis.java:getRealPort(543)) - XceiverServerRatis c5b52100-b3af-4f34-8186-445655f547f5 is started using port 15145 for RATIS
2023-08-25 08:52:02,203 [EndpointStateMachine task thread for /0.0.0.0:15108 - 0 ] INFO  ratis.XceiverServerRatis (XceiverServerRatis.java:getRealPort(543)) - XceiverServerRatis c5b52100-b3af-4f34-8186-445655f547f5 is started using port 15146 for RATIS_ADMIN
2023-08-25 08:52:02,203 [JvmPauseMonitor19] INFO  util.JvmPauseMonitor (JvmPauseMonitor.java:run(103)) - JvmPauseMonitor-c5b52100-b3af-4f34-8186-445655f547f5: Started
2023-08-25 08:52:02,203 [EndpointStateMachine task thread for /0.0.0.0:15108 - 0 ] INFO  ratis.XceiverServerRatis (XceiverServerRatis.java:getRealPort(543)) - XceiverServerRatis c5b52100-b3af-4f34-8186-445655f547f5 is started using port 15147 for RATIS_SERVER
2023-08-25 08:52:02,203 [EndpointStateMachine task thread for /0.0.0.0:15108 - 0 ] INFO  ratis.XceiverServerRatis (XceiverServerRatis.java:getRealPort(543)) - XceiverServerRatis c5b52100-b3af-4f34-8186-445655f547f5 is started using port 15148 for RATIS_DATASTREAM
2023-08-25 08:52:02,205 [BlockDeletingService#0] INFO  interfaces.ContainerDeletionChoosingPolicyTemplate (ContainerDeletionChoosingPolicyTemplate.java:chooseContainerForBlockDeletion(85)) - Chosen 0/5000 blocks from 0 candidate containers.
2023-08-25 08:52:02,472 [Time-limited test] INFO  ozone.MiniOzoneClusterImpl (MiniOzoneClusterImpl.java:lambda$waitForClusterToBeReady$0(224)) - Waiting for nodes to be ready. Got 0 of 5 DN Heartbeats.
2023-08-25 08:52:02,472 [Time-limited test] INFO  ozone.MiniOzoneClusterImpl (MiniOzoneClusterImpl.java:lambda$waitForClusterToBeReady$0(227)) - Waiting for cluster to exit safe mode
2023-08-25 08:52:02,472 [Time-limited test] INFO  ozone.MiniOzoneClusterImpl (MiniOzoneClusterImpl.java:lambda$waitForClusterToBeReady$0(229)) - SCM became leader
2023-08-25 08:52:02,523 [EndpointStateMachine task thread for /0.0.0.0:15108 - 0 ] INFO  utils.DatanodeStoreCache (DatanodeStoreCache.java:addDB(66)) - Added db /home/runner/work/ozone/ozone/hadoop-ozone/integration-test/target/test-dir/MiniOzoneClusterImpl-0e3afe45-f4df-41ce-9d76-18b1c152426f/datanode-4/data-0/containers/hdds/0e3afe45-f4df-41ce-9d76-18b1c152426f/DS-aa3a4776-c89c-4ea0-b10e-7db98befcf83/container.db to cache
2023-08-25 08:52:02,523 [EndpointStateMachine task thread for /0.0.0.0:15108 - 0 ] INFO  volume.HddsVolume (HddsVolume.java:createDbStore(422)) - SchemaV3 db is created and loaded at /home/runner/work/ozone/ozone/hadoop-ozone/integration-test/target/test-dir/MiniOzoneClusterImpl-0e3afe45-f4df-41ce-9d76-18b1c152426f/datanode-4/data-0/containers/hdds/0e3afe45-f4df-41ce-9d76-18b1c152426f/DS-aa3a4776-c89c-4ea0-b10e-7db98befcf83/container.db for volume DS-aa3a4776-c89c-4ea0-b10e-7db98befcf83
2023-08-25 08:52:02,524 [EndpointStateMachine task thread for /0.0.0.0:15108 - 0 ] INFO  volume.ThrottledAsyncChecker (ThrottledAsyncChecker.java:schedule(141)) - Scheduling a check for /home/runner/work/ozone/ozone/hadoop-ozone/integration-test/target/test-dir/MiniOzoneClusterImpl-0e3afe45-f4df-41ce-9d76-18b1c152426f/datanode-4/data-0/containers/hdds
2023-08-25 08:52:02,527 [EndpointStateMachine task thread for /0.0.0.0:15108 - 0 ] INFO  volume.StorageVolumeChecker (StorageVolumeChecker.java:checkAllVolumes(213)) - Scheduled health check for volume /home/runner/work/ozone/ozone/hadoop-ozone/integration-test/target/test-dir/MiniOzoneClusterImpl-0e3afe45-f4df-41ce-9d76-18b1c152426f/datanode-4/data-0/containers/hdds
2023-08-25 08:52:02,530 [EndpointStateMachine task thread for /0.0.0.0:15108 - 0 ] INFO  volume.ThrottledAsyncChecker (ThrottledAsyncChecker.java:schedule(141)) - Scheduling a check for /home/runner/work/ozone/ozone/hadoop-ozone/integration-test/target/test-dir/MiniOzoneClusterImpl-0e3afe45-f4df-41ce-9d76-18b1c152426f/datanode-4/data/ratis
2023-08-25 08:52:02,530 [EndpointStateMachine task thread for /0.0.0.0:15108 - 0 ] INFO  volume.StorageVolumeChecker (StorageVolumeChecker.java:checkAllVolumes(213)) - Scheduled health check for volume /home/runner/work/ozone/ozone/hadoop-ozone/integration-test/target/test-dir/MiniOzoneClusterImpl-0e3afe45-f4df-41ce-9d76-18b1c152426f/datanode-4/data/ratis
2023-08-25 08:52:02,531 [EndpointStateMachine task thread for /0.0.0.0:15108 - 0 ] INFO  ozoneimpl.OzoneContainer (OzoneContainer.java:start(429)) - Attempting to start container services.
2023-08-25 08:52:02,532 [EndpointStateMachine task thread for /0.0.0.0:15108 - 0 ] INFO  ozoneimpl.OzoneContainer (OzoneContainer.java:startContainerScrub(325)) - Scheduled background container scanners and the on-demand container scanner have been disabled.
2023-08-25 08:52:02,534 [EndpointStateMachine task thread for /0.0.0.0:15108 - 0 ] INFO  replication.ReplicationServer (ReplicationServer.java:start(130)) - ReplicationServer is started using port 15158
2023-08-25 08:52:02,535 [EndpointStateMachine task thread for /0.0.0.0:15108 - 0 ] INFO  ratis.XceiverServerRatis (XceiverServerRatis.java:start(517)) - Starting XceiverServerRatis c349e6d8-44a6-453c-8914-c421dd83a8f7
2023-08-25 08:52:02,535 [EndpointStateMachine task thread for /0.0.0.0:15108 - 0 ] INFO  server.RaftServer (RaftServerProxy.java:startImpl(400)) - c349e6d8-44a6-453c-8914-c421dd83a8f7: start RPC server
2023-08-25 08:52:02,536 [EndpointStateMachine task thread for /0.0.0.0:15108 - 0 ] INFO  server.GrpcService (GrpcService.java:startImpl(302)) - c349e6d8-44a6-453c-8914-c421dd83a8f7: GrpcService started, listening on 15154
2023-08-25 08:52:02,539 [EndpointStateMachine task thread for /0.0.0.0:15108 - 0 ] INFO  server.GrpcService (GrpcService.java:startImpl(302)) - c349e6d8-44a6-453c-8914-c421dd83a8f7: GrpcService started, listening on 15156
2023-08-25 08:52:02,540 [EndpointStateMachine task thread for /0.0.0.0:15108 - 0 ] INFO  server.GrpcService (GrpcService.java:startImpl(302)) - c349e6d8-44a6-453c-8914-c421dd83a8f7: GrpcService started, listening on 15155
2023-08-25 08:52:02,540 [EndpointStateMachine task thread for /0.0.0.0:15108 - 0 ] INFO  ratis.XceiverServerRatis (XceiverServerRatis.java:getRealPort(543)) - XceiverServerRatis c349e6d8-44a6-453c-8914-c421dd83a8f7 is started using port 15154 for RATIS
2023-08-25 08:52:02,540 [EndpointStateMachine task thread for /0.0.0.0:15108 - 0 ] INFO  ratis.XceiverServerRatis (XceiverServerRatis.java:getRealPort(543)) - XceiverServerRatis c349e6d8-44a6-453c-8914-c421dd83a8f7 is started using port 15155 for RATIS_ADMIN
2023-08-25 08:52:02,540 [EndpointStateMachine task thread for /0.0.0.0:15108 - 0 ] INFO  ratis.XceiverServerRatis (XceiverServerRatis.java:getRealPort(543)) - XceiverServerRatis c349e6d8-44a6-453c-8914-c421dd83a8f7 is started using port 15156 for RATIS_SERVER
2023-08-25 08:52:02,540 [JvmPauseMonitor20] INFO  util.JvmPauseMonitor (JvmPauseMonitor.java:run(103)) - JvmPauseMonitor-c349e6d8-44a6-453c-8914-c421dd83a8f7: Started
2023-08-25 08:52:02,540 [EndpointStateMachine task thread for /0.0.0.0:15108 - 0 ] INFO  ratis.XceiverServerRatis (XceiverServerRatis.java:getRealPort(543)) - XceiverServerRatis c349e6d8-44a6-453c-8914-c421dd83a8f7 is started using port 15157 for RATIS_DATASTREAM
2023-08-25 08:52:02,542 [BlockDeletingService#0] INFO  interfaces.ContainerDeletionChoosingPolicyTemplate (ContainerDeletionChoosingPolicyTemplate.java:chooseContainerForBlockDeletion(85)) - Chosen 0/5000 blocks from 0 candidate containers.
2023-08-25 08:52:02,610 [ReplicationMonitor] INFO  replication.ReplicationManager (ReplicationManager.java:processAll(361)) - Replication Manager is not ready to run until 3000ms after safemode exit
2023-08-25 08:52:03,115 [IPC Server handler 1 on default port 15108] INFO  net.NetworkTopologyImpl (NetworkTopologyImpl.java:add(112)) - Added a new node: /default-rack/13a37e5a-b376-4d6f-b694-58d1355ff7ca
2023-08-25 08:52:03,115 [IPC Server handler 1 on default port 15108] INFO  node.SCMNodeManager (SCMNodeManager.java:register(405)) - Registered Data node : 13a37e5a-b376-4d6f-b694-58d1355ff7ca{ip: 10.1.0.19, host: fv-az584-689.msjcyvhqqs1uvpg4fm53wptgqc.jx.internal.cloudapp.net, ports: [HTTP=15115, CLIENT_RPC=15116, REPLICATION=15122, RATIS=15118, RATIS_ADMIN=15119, RATIS_SERVER=15120, RATIS_DATASTREAM=15121, STANDALONE=15117], networkLocation: /default-rack, certSerialId: null, persistedOpState: null, persistedOpStateExpiryEpochSec: 0}
2023-08-25 08:52:03,122 [EventQueue-NodeRegistrationContainerReportForContainerSafeModeRule] INFO  safemode.SCMSafeModeManager (SCMSafeModeManager.java:validateSafeModeExitRules(200)) - ContainerSafeModeRule rule is successfully validated
2023-08-25 08:52:03,122 [EventQueue-NodeRegistrationContainerReportForDataNodeSafeModeRule] INFO  safemode.SCMSafeModeManager (DataNodeSafeModeRule.java:process(71)) - SCM in safe mode. 1 DataNodes registered, 3 required.
2023-08-25 08:52:03,127 [EventQueue-NewNodeForNewNodeHandler] INFO  pipeline.BackgroundPipelineCreator (BackgroundPipelineCreator.java:notifyEventTriggered(277)) - trigger a one-shot run on RatisPipelineUtilsThread.
2023-08-25 08:52:03,127 [RatisPipelineUtilsThread - 0] INFO  pipeline.RatisPipelineProvider (RatisPipelineProvider.java:lambda$create$0(206)) - Sending CreatePipelineCommand for pipeline:PipelineID=7113289b-f6ac-49fd-a9bc-4088ece94106 to datanode:13a37e5a-b376-4d6f-b694-58d1355ff7ca
2023-08-25 08:52:03,128 [EventQueue-PipelineReportForOneReplicaPipelineSafeModeRule] INFO  safemode.SCMSafeModeManager (SCMSafeModeManager.java:validateSafeModeExitRules(200)) - AtleastOneDatanodeReportedRule rule is successfully validated
2023-08-25 08:52:03,128 [RatisPipelineUtilsThread - 0] INFO  pipeline.BackgroundPipelineCreator (BackgroundPipelineCreator.java:createPipelines(233)) - Created new pipeline Pipeline[ Id: 7113289b-f6ac-49fd-a9bc-4088ece94106, Nodes: 13a37e5a-b376-4d6f-b694-58d1355ff7ca(fv-az584-689.msjcyvhqqs1uvpg4fm53wptgqc.jx.internal.cloudapp.net/10.1.0.19), ReplicationConfig: RATIS/ONE, State:ALLOCATED, leaderId:, CreationTimestamp2023-08-25T08:52:03.127Z[Etc/UTC]]
2023-08-25 08:52:03,464 [IPC Server handler 2 on default port 15108] INFO  net.NetworkTopologyImpl (NetworkTopologyImpl.java:add(112)) - Added a new node: /default-rack/5d860d7d-438a-4901-b268-bb236ca34e1d
2023-08-25 08:52:03,465 [IPC Server handler 2 on default port 15108] INFO  node.SCMNodeManager (SCMNodeManager.java:register(405)) - Registered Data node : 5d860d7d-438a-4901-b268-bb236ca34e1d{ip: 10.1.0.19, host: fv-az584-689.msjcyvhqqs1uvpg4fm53wptgqc.jx.internal.cloudapp.net, ports: [HTTP=15124, CLIENT_RPC=15125, REPLICATION=15131, RATIS=15127, RATIS_ADMIN=15128, RATIS_SERVER=15129, RATIS_DATASTREAM=15130, STANDALONE=15126], networkLocation: /default-rack, certSerialId: null, persistedOpState: null, persistedOpStateExpiryEpochSec: 0}
2023-08-25 08:52:03,465 [EventQueue-NewNodeForNewNodeHandler] INFO  pipeline.BackgroundPipelineCreator (BackgroundPipelineCreator.java:notifyEventTriggered(277)) - trigger a one-shot run on RatisPipelineUtilsThread.
2023-08-25 08:52:03,467 [EventQueue-NodeRegistrationContainerReportForDataNodeSafeModeRule] INFO  safemode.SCMSafeModeManager (DataNodeSafeModeRule.java:process(71)) - SCM in safe mode. 2 DataNodes registered, 3 required.
2023-08-25 08:52:03,467 [RatisPipelineUtilsThread - 0] INFO  pipeline.RatisPipelineProvider (RatisPipelineProvider.java:lambda$create$0(206)) - Sending CreatePipelineCommand for pipeline:PipelineID=e430227b-40c3-48dc-990d-a413331606f7 to datanode:5d860d7d-438a-4901-b268-bb236ca34e1d
2023-08-25 08:52:03,468 [RatisPipelineUtilsThread - 0] INFO  pipeline.BackgroundPipelineCreator (BackgroundPipelineCreator.java:createPipelines(233)) - Created new pipeline Pipeline[ Id: e430227b-40c3-48dc-990d-a413331606f7, Nodes: 5d860d7d-438a-4901-b268-bb236ca34e1d(fv-az584-689.msjcyvhqqs1uvpg4fm53wptgqc.jx.internal.cloudapp.net/10.1.0.19), ReplicationConfig: RATIS/ONE, State:ALLOCATED, leaderId:, CreationTimestamp2023-08-25T08:52:03.467Z[Etc/UTC]]
2023-08-25 08:52:03,472 [Time-limited test] INFO  ozone.MiniOzoneClusterImpl (MiniOzoneClusterImpl.java:lambda$waitForClusterToBeReady$0(224)) - Waiting for nodes to be ready. Got 2 of 5 DN Heartbeats.
2023-08-25 08:52:03,472 [Time-limited test] INFO  ozone.MiniOzoneClusterImpl (MiniOzoneClusterImpl.java:lambda$waitForClusterToBeReady$0(227)) - Waiting for cluster to exit safe mode
2023-08-25 08:52:03,472 [Time-limited test] INFO  ozone.MiniOzoneClusterImpl (MiniOzoneClusterImpl.java:lambda$waitForClusterToBeReady$0(229)) - SCM became leader
2023-08-25 08:52:03,610 [ReplicationMonitor] INFO  replication.ReplicationManager (ReplicationManager.java:processAll(361)) - Replication Manager is not ready to run until 3000ms after safemode exit
2023-08-25 08:52:03,794 [IPC Server handler 0 on default port 15108] INFO  net.NetworkTopologyImpl (NetworkTopologyImpl.java:add(112)) - Added a new node: /default-rack/0b97acf7-1047-49ae-a506-e2d05ab0320a
2023-08-25 08:52:03,794 [IPC Server handler 0 on default port 15108] INFO  node.SCMNodeManager (SCMNodeManager.java:register(405)) - Registered Data node : 0b97acf7-1047-49ae-a506-e2d05ab0320a{ip: 10.1.0.19, host: fv-az584-689.msjcyvhqqs1uvpg4fm53wptgqc.jx.internal.cloudapp.net, ports: [HTTP=15133, CLIENT_RPC=15134, REPLICATION=15140, RATIS=15136, RATIS_ADMIN=15137, RATIS_SERVER=15138, RATIS_DATASTREAM=15139, STANDALONE=15135], networkLocation: /default-rack, certSerialId: null, persistedOpState: null, persistedOpStateExpiryEpochSec: 0}
2023-08-25 08:52:03,794 [EventQueue-NewNodeForNewNodeHandler] INFO  pipeline.BackgroundPipelineCreator (BackgroundPipelineCreator.java:notifyEventTriggered(277)) - trigger a one-shot run on RatisPipelineUtilsThread.
2023-08-25 08:52:03,797 [RatisPipelineUtilsThread - 0] INFO  pipeline.RatisPipelineProvider (RatisPipelineProvider.java:lambda$create$0(206)) - Sending CreatePipelineCommand for pipeline:PipelineID=44a5078d-5687-431a-b629-e19715b45b51 to datanode:0b97acf7-1047-49ae-a506-e2d05ab0320a
2023-08-25 08:52:03,798 [EventQueue-NodeRegistrationContainerReportForDataNodeSafeModeRule] INFO  safemode.SCMSafeModeManager (DataNodeSafeModeRule.java:process(71)) - SCM in safe mode. 3 DataNodes registered, 3 required.
2023-08-25 08:52:03,798 [EventQueue-NodeRegistrationContainerReportForDataNodeSafeModeRule] INFO  safemode.SCMSafeModeManager (SCMSafeModeManager.java:validateSafeModeExitRules(200)) - DataNodeSafeModeRule rule is successfully validated
2023-08-25 08:52:03,798 [EventQueue-NodeRegistrationContainerReportForDataNodeSafeModeRule] INFO  safemode.SCMSafeModeManager (SCMSafeModeManager.java:completePreCheck(229)) - All SCM safe mode pre check rules have passed
2023-08-25 08:52:03,798 [EventQueue-NodeRegistrationContainerReportForDataNodeSafeModeRule] INFO  ha.SCMContext (SCMContext.java:updateSafeModeStatus(228)) - Update SafeModeStatus from SafeModeStatus{safeModeStatus=true, preCheckPassed=false} to SafeModeStatus{safeModeStatus=true, preCheckPassed=true}.
2023-08-25 08:52:03,798 [EventQueue-NodeRegistrationContainerReportForDataNodeSafeModeRule] INFO  pipeline.BackgroundPipelineCreator (BackgroundPipelineCreator.java:notifyEventTriggered(277)) - trigger a one-shot run on RatisPipelineUtilsThread.
2023-08-25 08:52:03,800 [RatisPipelineUtilsThread - 0] INFO  pipeline.BackgroundPipelineCreator (BackgroundPipelineCreator.java:createPipelines(233)) - Created new pipeline Pipeline[ Id: 44a5078d-5687-431a-b629-e19715b45b51, Nodes: 0b97acf7-1047-49ae-a506-e2d05ab0320a(fv-az584-689.msjcyvhqqs1uvpg4fm53wptgqc.jx.internal.cloudapp.net/10.1.0.19), ReplicationConfig: RATIS/ONE, State:ALLOCATED, leaderId:, CreationTimestamp2023-08-25T08:52:03.797Z[Etc/UTC]]
2023-08-25 08:52:03,800 [RatisPipelineUtilsThread - 0] INFO  pipeline.RatisPipelineProvider (RatisPipelineProvider.java:lambda$create$0(206)) - Sending CreatePipelineCommand for pipeline:PipelineID=2f6f0524-8981-4b8b-998d-b69d6eec9027 to datanode:5d860d7d-438a-4901-b268-bb236ca34e1d
2023-08-25 08:52:03,800 [RatisPipelineUtilsThread - 0] INFO  pipeline.RatisPipelineProvider (RatisPipelineProvider.java:lambda$create$0(206)) - Sending CreatePipelineCommand for pipeline:PipelineID=2f6f0524-8981-4b8b-998d-b69d6eec9027 to datanode:0b97acf7-1047-49ae-a506-e2d05ab0320a
2023-08-25 08:52:03,800 [RatisPipelineUtilsThread - 0] INFO  pipeline.RatisPipelineProvider (RatisPipelineProvider.java:lambda$create$0(206)) - Sending CreatePipelineCommand for pipeline:PipelineID=2f6f0524-8981-4b8b-998d-b69d6eec9027 to datanode:13a37e5a-b376-4d6f-b694-58d1355ff7ca
2023-08-25 08:52:03,801 [RatisPipelineUtilsThread - 0] INFO  pipeline.BackgroundPipelineCreator (BackgroundPipelineCreator.java:createPipelines(233)) - Created new pipeline Pipeline[ Id: 2f6f0524-8981-4b8b-998d-b69d6eec9027, Nodes: 5d860d7d-438a-4901-b268-bb236ca34e1d(fv-az584-689.msjcyvhqqs1uvpg4fm53wptgqc.jx.internal.cloudapp.net/10.1.0.19)0b97acf7-1047-49ae-a506-e2d05ab0320a(fv-az584-689.msjcyvhqqs1uvpg4fm53wptgqc.jx.internal.cloudapp.net/10.1.0.19)13a37e5a-b376-4d6f-b694-58d1355ff7ca(fv-az584-689.msjcyvhqqs1uvpg4fm53wptgqc.jx.internal.cloudapp.net/10.1.0.19), ReplicationConfig: RATIS/THREE, State:ALLOCATED, leaderId:, CreationTimestamp2023-08-25T08:52:03.800Z[Etc/UTC]]
2023-08-25 08:52:03,801 [RatisPipelineUtilsThread - 0] INFO  pipeline.RatisPipelineProvider (RatisPipelineProvider.java:lambda$create$0(206)) - Sending CreatePipelineCommand for pipeline:PipelineID=02f5b8e0-5f0c-480d-9b87-861fc6d9773e to datanode:13a37e5a-b376-4d6f-b694-58d1355ff7ca
2023-08-25 08:52:03,801 [RatisPipelineUtilsThread - 0] INFO  pipeline.RatisPipelineProvider (RatisPipelineProvider.java:lambda$create$0(206)) - Sending CreatePipelineCommand for pipeline:PipelineID=02f5b8e0-5f0c-480d-9b87-861fc6d9773e to datanode:0b97acf7-1047-49ae-a506-e2d05ab0320a
2023-08-25 08:52:03,801 [RatisPipelineUtilsThread - 0] INFO  pipeline.RatisPipelineProvider (RatisPipelineProvider.java:lambda$create$0(206)) - Sending CreatePipelineCommand for pipeline:PipelineID=02f5b8e0-5f0c-480d-9b87-861fc6d9773e to datanode:5d860d7d-438a-4901-b268-bb236ca34e1d
2023-08-25 08:52:03,802 [RatisPipelineUtilsThread - 0] INFO  pipeline.PipelineManagerImpl (PipelineManagerImpl.java:recordMetricsForPipeline(914)) - Pipeline: PipelineID=02f5b8e0-5f0c-480d-9b87-861fc6d9773e contains same datanodes as previous pipelines: PipelineID=2f6f0524-8981-4b8b-998d-b69d6eec9027 nodeIds: 13a37e5a-b376-4d6f-b694-58d1355ff7ca, 0b97acf7-1047-49ae-a506-e2d05ab0320a, 5d860d7d-438a-4901-b268-bb236ca34e1d
2023-08-25 08:52:03,802 [RatisPipelineUtilsThread - 0] INFO  pipeline.BackgroundPipelineCreator (BackgroundPipelineCreator.java:createPipelines(233)) - Created new pipeline Pipeline[ Id: 02f5b8e0-5f0c-480d-9b87-861fc6d9773e, Nodes: 13a37e5a-b376-4d6f-b694-58d1355ff7ca(fv-az584-689.msjcyvhqqs1uvpg4fm53wptgqc.jx.internal.cloudapp.net/10.1.0.19)0b97acf7-1047-49ae-a506-e2d05ab0320a(fv-az584-689.msjcyvhqqs1uvpg4fm53wptgqc.jx.internal.cloudapp.net/10.1.0.19)5d860d7d-438a-4901-b268-bb236ca34e1d(fv-az584-689.msjcyvhqqs1uvpg4fm53wptgqc.jx.internal.cloudapp.net/10.1.0.19), ReplicationConfig: RATIS/THREE, State:ALLOCATED, leaderId:, CreationTimestamp2023-08-25T08:52:03.801Z[Etc/UTC]]
2023-08-25 08:52:03,802 [RatisPipelineUtilsThread - 0] WARN  pipeline.PipelinePlacementPolicy (PipelinePlacementPolicy.java:filterViableNodes(166)) - Pipeline creation failed due to no sufficient healthy datanodes. Required 3. Found 0. Excluded 3.
2023-08-25 08:52:03,803 [RatisPipelineUtilsThread - 0] WARN  pipeline.PipelinePlacementPolicy (PipelinePlacementPolicy.java:filterViableNodes(166)) - Pipeline creation failed due to no sufficient healthy datanodes. Required 3. Found 0. Excluded 3.
2023-08-25 08:52:04,141 [IPC Server handler 2 on default port 15108] INFO  net.NetworkTopologyImpl (NetworkTopologyImpl.java:add(112)) - Added a new node: /default-rack/c5b52100-b3af-4f34-8186-445655f547f5
2023-08-25 08:52:04,142 [IPC Server handler 2 on default port 15108] INFO  node.SCMNodeManager (SCMNodeManager.java:register(405)) - Registered Data node : c5b52100-b3af-4f34-8186-445655f547f5{ip: 10.1.0.19, host: fv-az584-689.msjcyvhqqs1uvpg4fm53wptgqc.jx.internal.cloudapp.net, ports: [HTTP=15142, CLIENT_RPC=15143, REPLICATION=15149, RATIS=15145, RATIS_ADMIN=15146, RATIS_SERVER=15147, RATIS_DATASTREAM=15148, STANDALONE=15144], networkLocation: /default-rack, certSerialId: null, persistedOpState: null, persistedOpStateExpiryEpochSec: 0}
2023-08-25 08:52:04,142 [EventQueue-NewNodeForNewNodeHandler] INFO  pipeline.BackgroundPipelineCreator (BackgroundPipelineCreator.java:notifyEventTriggered(277)) - trigger a one-shot run on RatisPipelineUtilsThread.
2023-08-25 08:52:04,143 [RatisPipelineUtilsThread - 0] INFO  pipeline.RatisPipelineProvider (RatisPipelineProvider.java:lambda$create$0(206)) - Sending CreatePipelineCommand for pipeline:PipelineID=31d00607-52f3-4976-8b4d-ab203c3eb5dd to datanode:c5b52100-b3af-4f34-8186-445655f547f5
2023-08-25 08:52:04,144 [RatisPipelineUtilsThread - 0] INFO  pipeline.BackgroundPipelineCreator (BackgroundPipelineCreator.java:createPipelines(233)) - Created new pipeline Pipeline[ Id: 31d00607-52f3-4976-8b4d-ab203c3eb5dd, Nodes: c5b52100-b3af-4f34-8186-445655f547f5(fv-az584-689.msjcyvhqqs1uvpg4fm53wptgqc.jx.internal.cloudapp.net/10.1.0.19), ReplicationConfig: RATIS/ONE, State:ALLOCATED, leaderId:, CreationTimestamp2023-08-25T08:52:04.143Z[Etc/UTC]]
2023-08-25 08:52:04,239 [RatisPipelineUtilsThread - 0] WARN  pipeline.PipelinePlacementPolicy (PipelinePlacementPolicy.java:filterViableNodes(166)) - Pipeline creation failed due to no sufficient healthy datanodes. Required 3. Found 1. Excluded 3.
2023-08-25 08:52:04,472 [Time-limited test] INFO  ozone.MiniOzoneClusterImpl (MiniOzoneClusterImpl.java:lambda$waitForClusterToBeReady$0(224)) - Waiting for nodes to be ready. Got 4 of 5 DN Heartbeats.
2023-08-25 08:52:04,473 [Time-limited test] INFO  ozone.MiniOzoneClusterImpl (MiniOzoneClusterImpl.java:lambda$waitForClusterToBeReady$0(227)) - Waiting for cluster to exit safe mode
2023-08-25 08:52:04,473 [Time-limited test] INFO  ozone.MiniOzoneClusterImpl (MiniOzoneClusterImpl.java:lambda$waitForClusterToBeReady$0(229)) - SCM became leader
2023-08-25 08:52:04,475 [IPC Server handler 4 on default port 15108] INFO  net.NetworkTopologyImpl (NetworkTopologyImpl.java:add(112)) - Added a new node: /default-rack/c349e6d8-44a6-453c-8914-c421dd83a8f7
2023-08-25 08:52:04,476 [IPC Server handler 4 on default port 15108] INFO  node.SCMNodeManager (SCMNodeManager.java:register(405)) - Registered Data node : c349e6d8-44a6-453c-8914-c421dd83a8f7{ip: 10.1.0.19, host: fv-az584-689.msjcyvhqqs1uvpg4fm53wptgqc.jx.internal.cloudapp.net, ports: [HTTP=15151, CLIENT_RPC=15152, REPLICATION=15158, RATIS=15154, RATIS_ADMIN=15155, RATIS_SERVER=15156, RATIS_DATASTREAM=15157, STANDALONE=15153], networkLocation: /default-rack, certSerialId: null, persistedOpState: null, persistedOpStateExpiryEpochSec: 0}
2023-08-25 08:52:04,476 [EventQueue-NewNodeForNewNodeHandler] INFO  pipeline.BackgroundPipelineCreator (BackgroundPipelineCreator.java:notifyEventTriggered(277)) - trigger a one-shot run on RatisPipelineUtilsThread.
2023-08-25 08:52:04,476 [RatisPipelineUtilsThread - 0] INFO  pipeline.RatisPipelineProvider (RatisPipelineProvider.java:lambda$create$0(206)) - Sending CreatePipelineCommand for pipeline:PipelineID=b8c75c80-7fc6-4646-87d0-55b547732d1a to datanode:c349e6d8-44a6-453c-8914-c421dd83a8f7
2023-08-25 08:52:04,477 [RatisPipelineUtilsThread - 0] INFO  pipeline.BackgroundPipelineCreator (BackgroundPipelineCreator.java:createPipelines(233)) - Created new pipeline Pipeline[ Id: b8c75c80-7fc6-4646-87d0-55b547732d1a, Nodes: c349e6d8-44a6-453c-8914-c421dd83a8f7(fv-az584-689.msjcyvhqqs1uvpg4fm53wptgqc.jx.internal.cloudapp.net/10.1.0.19), ReplicationConfig: RATIS/ONE, State:ALLOCATED, leaderId:, CreationTimestamp2023-08-25T08:52:04.476Z[Etc/UTC]]
2023-08-25 08:52:04,478 [RatisPipelineUtilsThread - 0] WARN  pipeline.PipelinePlacementPolicy (PipelinePlacementPolicy.java:filterViableNodes(166)) - Pipeline creation failed due to no sufficient healthy datanodes. Required 3. Found 2. Excluded 3.
2023-08-25 08:52:04,611 [ReplicationMonitor] INFO  replication.ReplicationManager (ReplicationManager.java:processAll(361)) - Replication Manager is not ready to run until 3000ms after safemode exit
2023-08-25 08:52:05,473 [Time-limited test] INFO  ozone.MiniOzoneClusterImpl (MiniOzoneClusterImpl.java:lambda$waitForClusterToBeReady$0(224)) - Nodes are ready. Got 5 of 5 DN Heartbeats.
2023-08-25 08:52:05,473 [Time-limited test] INFO  ozone.MiniOzoneClusterImpl (MiniOzoneClusterImpl.java:lambda$waitForClusterToBeReady$0(227)) - Waiting for cluster to exit safe mode
2023-08-25 08:52:05,473 [Time-limited test] INFO  ozone.MiniOzoneClusterImpl (MiniOzoneClusterImpl.java:lambda$waitForClusterToBeReady$0(229)) - SCM became leader
2023-08-25 08:52:05,611 [ReplicationMonitor] INFO  replication.ReplicationManager (ReplicationManager.java:processAll(361)) - Replication Manager is not ready to run until 3000ms after safemode exit
2023-08-25 08:52:06,116 [PipelineCommandHandlerThread-0] INFO  server.RaftServer (RaftServerProxy.java:addNew(98)) - 13a37e5a-b376-4d6f-b694-58d1355ff7ca: addNew group-4088ECE94106:[13a37e5a-b376-4d6f-b694-58d1355ff7ca|rpc:10.1.0.19:15120|admin:10.1.0.19:15119|client:10.1.0.19:15118|dataStream:10.1.0.19:15121|priority:1|startupRole:FOLLOWER] returns group-4088ECE94106:java.util.concurrent.CompletableFuture@7162f93c[Not completed]
2023-08-25 08:52:06,117 [13a37e5a-b376-4d6f-b694-58d1355ff7ca-groupManagement] INFO  server.RaftServer$Division (RaftServerImpl.java:<init>(198)) - 13a37e5a-b376-4d6f-b694-58d1355ff7ca: new RaftServerImpl for group-4088ECE94106:[13a37e5a-b376-4d6f-b694-58d1355ff7ca|rpc:10.1.0.19:15120|admin:10.1.0.19:15119|client:10.1.0.19:15118|dataStream:10.1.0.19:15121|priority:1|startupRole:FOLLOWER] with ContainerStateMachine:uninitialized
2023-08-25 08:52:06,118 [13a37e5a-b376-4d6f-b694-58d1355ff7ca-groupManagement] INFO  server.RaftServerConfigKeys (ConfUtils.java:logGet(46)) - raft.server.rpc.timeout.min = 5s (custom)
2023-08-25 08:52:06,118 [13a37e5a-b376-4d6f-b694-58d1355ff7ca-groupManagement] INFO  server.RaftServerConfigKeys (ConfUtils.java:logGet(46)) - raft.server.rpc.timeout.max = 5200ms (custom)
2023-08-25 08:52:06,118 [13a37e5a-b376-4d6f-b694-58d1355ff7ca-groupManagement] INFO  server.RaftServerConfigKeys (ConfUtils.java:logGet(46)) - raft.server.rpc.sleep.time = 25ms (default)
2023-08-25 08:52:06,118 [13a37e5a-b376-4d6f-b694-58d1355ff7ca-groupManagement] INFO  server.RaftServerConfigKeys (ConfUtils.java:logGet(46)) - raft.server.rpc.slowness.timeout = 300s (custom)
2023-08-25 08:52:06,118 [13a37e5a-b376-4d6f-b694-58d1355ff7ca-groupManagement] INFO  server.RaftServerConfigKeys (ConfUtils.java:logGet(46)) - raft.server.leaderelection.leader.step-down.wait-time = 10s (default)
2023-08-25 08:52:06,118 [13a37e5a-b376-4d6f-b694-58d1355ff7ca-groupManagement] INFO  server.RaftServerConfigKeys (ConfUtils.java:logGet(46)) - raft.server.sleep.deviation.threshold = 300ms (default)
2023-08-25 08:52:06,118 [13a37e5a-b376-4d6f-b694-58d1355ff7ca-groupManagement] INFO  server.RaftServer$Division (ServerState.java:<init>(120)) - 13a37e5a-b376-4d6f-b694-58d1355ff7ca@group-4088ECE94106: ConfigurationManager, init=-1: peers:[13a37e5a-b376-4d6f-b694-58d1355ff7ca|rpc:10.1.0.19:15120|admin:10.1.0.19:15119|client:10.1.0.19:15118|dataStream:10.1.0.19:15121|priority:1|startupRole:FOLLOWER]|listeners:[], old=null, confs=<EMPTY_MAP>
2023-08-25 08:52:06,118 [13a37e5a-b376-4d6f-b694-58d1355ff7ca-groupManagement] INFO  server.RaftServerConfigKeys (ConfUtils.java:logGet(46)) - raft.server.storage.dir = [/home/runner/work/ozone/ozone/hadoop-ozone/integration-test/target/test-dir/MiniOzoneClusterImpl-0e3afe45-f4df-41ce-9d76-18b1c152426f/datanode-0/data/ratis] (custom)
2023-08-25 08:52:06,118 [13a37e5a-b376-4d6f-b694-58d1355ff7ca-groupManagement] INFO  server.RaftServerConfigKeys (ConfUtils.java:logGet(46)) - raft.server.log.corruption.policy = EXCEPTION (default)
2023-08-25 08:52:06,118 [13a37e5a-b376-4d6f-b694-58d1355ff7ca-groupManagement] INFO  server.RaftServerConfigKeys (ConfUtils.java:logGet(46)) - raft.server.storage.free-space.min = 0MB (=0) (default)
2023-08-25 08:52:06,118 [13a37e5a-b376-4d6f-b694-58d1355ff7ca-groupManagement] INFO  server.RaftServerConfigKeys (ConfUtils.java:logGet(46)) - raft.server.notification.no-leader.timeout = 300s (custom)
2023-08-25 08:52:06,118 [13a37e5a-b376-4d6f-b694-58d1355ff7ca-groupManagement] INFO  server.RaftServerConfigKeys (ConfUtils.java:logGet(46)) - raft.server.read.timeout = 10s (default)
2023-08-25 08:52:06,118 [13a37e5a-b376-4d6f-b694-58d1355ff7ca-groupManagement] INFO  server.RaftServerConfigKeys (ConfUtils.java:logGet(46)) - raft.server.retrycache.expirytime = 600000ms (custom)
2023-08-25 08:52:06,118 [13a37e5a-b376-4d6f-b694-58d1355ff7ca-groupManagement] INFO  server.RaftServerConfigKeys (ConfUtils.java:logGet(46)) - raft.server.retrycache.statistics.expirytime = 100μs (default)
2023-08-25 08:52:06,119 [13a37e5a-b376-4d6f-b694-58d1355ff7ca-groupManagement] INFO  server.RaftServerConfigKeys (ConfUtils.java:logGet(46)) - raft.server.read.option = DEFAULT (default)
2023-08-25 08:52:06,119 [13a37e5a-b376-4d6f-b694-58d1355ff7ca-groupManagement] INFO  server.RaftServerConfigKeys (ConfUtils.java:logGet(46)) - raft.server.rpc.request.timeout = 60s (custom)
2023-08-25 08:52:06,119 [13a37e5a-b376-4d6f-b694-58d1355ff7ca-groupManagement] INFO  server.RaftServerConfigKeys (ConfUtils.java:logGet(46)) - raft.server.log.appender.install.snapshot.enabled = false (custom)
2023-08-25 08:52:06,120 [13a37e5a-b376-4d6f-b694-58d1355ff7ca-groupManagement] INFO  server.RaftServerConfigKeys (ConfUtils.java:logGet(46)) - raft.server.threadpool.server.cached = true (default)
2023-08-25 08:52:06,120 [13a37e5a-b376-4d6f-b694-58d1355ff7ca-groupManagement] INFO  server.RaftServerConfigKeys (ConfUtils.java:logGet(46)) - raft.server.threadpool.server.size = 0 (default)
2023-08-25 08:52:06,120 [13a37e5a-b376-4d6f-b694-58d1355ff7ca-groupManagement] INFO  server.RaftServerConfigKeys (ConfUtils.java:logGet(46)) - raft.server.threadpool.client.cached = true (default)
2023-08-25 08:52:06,120 [13a37e5a-b376-4d6f-b694-58d1355ff7ca-groupManagement] INFO  server.RaftServerConfigKeys (ConfUtils.java:logGet(46)) - raft.server.threadpool.client.size = 0 (default)
2023-08-25 08:52:06,120 [13a37e5a-b376-4d6f-b694-58d1355ff7ca-groupManagement] INFO  storage.RaftStorageDirectory (RaftStorageDirectoryImpl.java:analyzeStorage(137)) - The storage directory /home/runner/work/ozone/ozone/hadoop-ozone/integration-test/target/test-dir/MiniOzoneClusterImpl-0e3afe45-f4df-41ce-9d76-18b1c152426f/datanode-0/data/ratis/7113289b-f6ac-49fd-a9bc-4088ece94106 does not exist. Creating ...
2023-08-25 08:52:06,121 [13a37e5a-b376-4d6f-b694-58d1355ff7ca-groupManagement] INFO  storage.RaftStorageDirectory (RaftStorageDirectoryImpl.java:tryLock(231)) - Lock on /home/runner/work/ozone/ozone/hadoop-ozone/integration-test/target/test-dir/MiniOzoneClusterImpl-0e3afe45-f4df-41ce-9d76-18b1c152426f/datanode-0/data/ratis/7113289b-f6ac-49fd-a9bc-4088ece94106/in_use.lock acquired by nodename 30217@fv-az584-689
2023-08-25 08:52:06,123 [13a37e5a-b376-4d6f-b694-58d1355ff7ca-groupManagement] INFO  storage.RaftStorage (RaftStorageImpl.java:format(96)) - Storage directory /home/runner/work/ozone/ozone/hadoop-ozone/integration-test/target/test-dir/MiniOzoneClusterImpl-0e3afe45-f4df-41ce-9d76-18b1c152426f/datanode-0/data/ratis/7113289b-f6ac-49fd-a9bc-4088ece94106 has been successfully formatted.
2023-08-25 08:52:06,124 [13a37e5a-b376-4d6f-b694-58d1355ff7ca-groupManagement] INFO  ratis.ContainerStateMachine (ContainerStateMachine.java:loadSnapshot(262)) - group-4088ECE94106: The snapshot info is null. Setting the last applied indexto:(t:0, i:~)
2023-08-25 08:52:06,125 [13a37e5a-b376-4d6f-b694-58d1355ff7ca-groupManagement] INFO  server.RaftServerConfigKeys (ConfUtils.java:logGet(46)) - raft.server.log.use.memory = false (default)
2023-08-25 08:52:06,125 [13a37e5a-b376-4d6f-b694-58d1355ff7ca-groupManagement] INFO  server.RaftServerConfigKeys (ConfUtils.java:logGet(46)) - raft.server.log.purge.gap = 1000000 (custom)
2023-08-25 08:52:06,125 [13a37e5a-b376-4d6f-b694-58d1355ff7ca-groupManagement] INFO  server.RaftServerConfigKeys (ConfUtils.java:logGet(46)) - raft.server.log.appender.buffer.byte-limit = 33554432 (custom)
2023-08-25 08:52:06,126 [13a37e5a-b376-4d6f-b694-58d1355ff7ca-groupManagement] INFO  server.RaftServerConfigKeys (ConfUtils.java:logGet(46)) - raft.server.log.statemachine.data.read.timeout = 1000ms (default)
2023-08-25 08:52:06,126 [13a37e5a-b376-4d6f-b694-58d1355ff7ca-groupManagement] INFO  server.RaftServerConfigKeys (ConfUtils.java:logGet(46)) - raft.server.log.purge.preservation.log.num = 0 (default)
2023-08-25 08:52:06,127 [13a37e5a-b376-4d6f-b694-58d1355ff7ca-groupManagement] INFO  server.RaftServerConfigKeys (ConfUtils.java:logGet(46)) - raft.server.log.segment.size.max = 1048576 (custom)
2023-08-25 08:52:06,127 [13a37e5a-b376-4d6f-b694-58d1355ff7ca-groupManagement] INFO  server.RaftServerConfigKeys (ConfUtils.java:logGet(46)) - raft.server.log.segment.cache.num.max = 2 (custom)
2023-08-25 08:52:06,127 [13a37e5a-b376-4d6f-b694-58d1355ff7ca-groupManagement] INFO  server.RaftServerConfigKeys (ConfUtils.java:logGet(46)) - raft.server.log.segment.cache.size.max = 200MB (=209715200) (default)
2023-08-25 08:52:06,127 [13a37e5a-b376-4d6f-b694-58d1355ff7ca-groupManagement] INFO  server.RaftServerConfigKeys (ConfUtils.java:logGet(46)) - raft.server.log.appender.buffer.byte-limit = 33554432 (custom)
2023-08-25 08:52:06,127 [13a37e5a-b376-4d6f-b694-58d1355ff7ca-groupManagement] INFO  segmented.SegmentedRaftLogWorker (SegmentedRaftLogWorker.java:<init>(188)) - new 13a37e5a-b376-4d6f-b694-58d1355ff7ca@group-4088ECE94106-SegmentedRaftLogWorker for RaftStorageImpl:Storage Directory /home/runner/work/ozone/ozone/hadoop-ozone/integration-test/target/test-dir/MiniOzoneClusterImpl-0e3afe45-f4df-41ce-9d76-18b1c152426f/datanode-0/data/ratis/7113289b-f6ac-49fd-a9bc-4088ece94106
2023-08-25 08:52:06,127 [13a37e5a-b376-4d6f-b694-58d1355ff7ca-groupManagement] INFO  server.RaftServerConfigKeys (ConfUtils.java:logGet(46)) - raft.server.log.queue.byte-limit = 4294967296 (custom)
2023-08-25 08:52:06,127 [13a37e5a-b376-4d6f-b694-58d1355ff7ca-groupManagement] INFO  server.RaftServerConfigKeys (ConfUtils.java:logGet(46)) - raft.server.log.queue.element-limit = 1024 (custom)
2023-08-25 08:52:06,127 [13a37e5a-b376-4d6f-b694-58d1355ff7ca-groupManagement] INFO  server.RaftServerConfigKeys (ConfUtils.java:logGet(46)) - raft.server.log.segment.size.max = 1048576 (custom)
2023-08-25 08:52:06,127 [13a37e5a-b376-4d6f-b694-58d1355ff7ca-groupManagement] INFO  server.RaftServerConfigKeys (ConfUtils.java:logGet(46)) - raft.server.log.preallocated.size = 16384 (custom)
2023-08-25 08:52:06,128 [13a37e5a-b376-4d6f-b694-58d1355ff7ca-groupManagement] INFO  server.RaftServerConfigKeys (ConfUtils.java:logGet(46)) - raft.server.log.force.sync.num = 128 (default)
2023-08-25 08:52:06,128 [EventQueue-PipelineReportForPipelineReportHandler] INFO  pipeline.PipelineReportHandler (PipelineReportHandler.java:processPipelineReport(136)) - Opened pipeline PipelineID=7113289b-f6ac-49fd-a9bc-4088ece94106
2023-08-25 08:52:06,128 [13a37e5a-b376-4d6f-b694-58d1355ff7ca-groupManagement] INFO  server.RaftServerConfigKeys (ConfUtils.java:logGet(46)) - raft.server.log.statemachine.data.sync = true (default)
2023-08-25 08:52:06,128 [13a37e5a-b376-4d6f-b694-58d1355ff7ca-groupManagement] INFO  server.RaftServerConfigKeys (ConfUtils.java:logGet(46)) - raft.server.log.statemachine.data.sync.timeout = 10s (default)
2023-08-25 08:52:06,128 [13a37e5a-b376-4d6f-b694-58d1355ff7ca-groupManagement] INFO  server.RaftServerConfigKeys (ConfUtils.java:logGet(46)) - raft.server.log.statemachine.data.sync.timeout.retry = -1 (default)
2023-08-25 08:52:06,130 [EventQueue-OpenPipelineForHealthyPipelineSafeModeRule] INFO  safemode.SCMSafeModeManager (HealthyPipelineSafeModeRule.java:process(137)) - SCM in safe mode. Healthy pipelines reported count is 0, required healthy pipeline reported count is 1
2023-08-25 08:52:06,133 [13a37e5a-b376-4d6f-b694-58d1355ff7ca-groupManagement] INFO  server.RaftServerConfigKeys (ConfUtils.java:logGet(46)) - raft.server.log.write.buffer.size = 1048576 (custom)
2023-08-25 08:52:06,133 [13a37e5a-b376-4d6f-b694-58d1355ff7ca-groupManagement] INFO  server.RaftServerConfigKeys (ConfUtils.java:logGet(46)) - raft.server.log.appender.buffer.byte-limit = 33554432 (custom)
2023-08-25 08:52:06,141 [13a37e5a-b376-4d6f-b694-58d1355ff7ca-groupManagement] INFO  server.RaftServerConfigKeys (ConfUtils.java:logGet(46)) - raft.server.log.unsafe-flush.enabled = false (default)
2023-08-25 08:52:06,141 [13a37e5a-b376-4d6f-b694-58d1355ff7ca-groupManagement] INFO  server.RaftServerConfigKeys (ConfUtils.java:logGet(46)) - raft.server.log.async-flush.enabled = false (default)
2023-08-25 08:52:06,141 [13a37e5a-b376-4d6f-b694-58d1355ff7ca-groupManagement] INFO  server.RaftServerConfigKeys (ConfUtils.java:logGet(46)) - raft.server.log.statemachine.data.caching.enabled = true (custom)
2023-08-25 08:52:06,142 [13a37e5a-b376-4d6f-b694-58d1355ff7ca-groupManagement] INFO  segmented.SegmentedRaftLogWorker (SegmentedRaftLogWorker.java:lambda$new$0(135)) - 13a37e5a-b376-4d6f-b694-58d1355ff7ca@group-4088ECE94106-SegmentedRaftLogWorker: flushIndex: setUnconditionally 0 -> -1
2023-08-25 08:52:06,142 [13a37e5a-b376-4d6f-b694-58d1355ff7ca-groupManagement] INFO  segmented.SegmentedRaftLogWorker (SegmentedRaftLogWorker.java:lambda$new$0(135)) - 13a37e5a-b376-4d6f-b694-58d1355ff7ca@group-4088ECE94106-SegmentedRaftLogWorker: safeCacheEvictIndex: setUnconditionally 0 -> -1
2023-08-25 08:52:06,142 [13a37e5a-b376-4d6f-b694-58d1355ff7ca-groupManagement] INFO  server.RaftServer$Division (RaftServerImpl.java:start(342)) - 13a37e5a-b376-4d6f-b694-58d1355ff7ca@group-4088ECE94106: start as a follower, conf=-1: peers:[13a37e5a-b376-4d6f-b694-58d1355ff7ca|rpc:10.1.0.19:15120|admin:10.1.0.19:15119|client:10.1.0.19:15118|dataStream:10.1.0.19:15121|priority:1|startupRole:FOLLOWER]|listeners:[], old=null
2023-08-25 08:52:06,142 [13a37e5a-b376-4d6f-b694-58d1355ff7ca-groupManagement] INFO  server.RaftServer$Division (RaftServerImpl.java:setRole(329)) - 13a37e5a-b376-4d6f-b694-58d1355ff7ca@group-4088ECE94106: changes role from      null to FOLLOWER at term 0 for startAsFollower
2023-08-25 08:52:06,142 [13a37e5a-b376-4d6f-b694-58d1355ff7ca-groupManagement] INFO  impl.RoleInfo (RoleInfo.java:updateAndGet(139)) - 13a37e5a-b376-4d6f-b694-58d1355ff7ca: start 13a37e5a-b376-4d6f-b694-58d1355ff7ca@group-4088ECE94106-FollowerState
2023-08-25 08:52:06,142 [13a37e5a-b376-4d6f-b694-58d1355ff7ca@group-4088ECE94106-FollowerState] INFO  server.RaftServerConfigKeys (ConfUtils.java:logFallback(53)) - raft.server.rpc.first-election.timeout.min = 5s (fallback to raft.server.rpc.timeout.min)
2023-08-25 08:52:06,143 [13a37e5a-b376-4d6f-b694-58d1355ff7ca-groupManagement] INFO  util.JmxRegister (JmxRegister.java:tryRegister(44)) - Successfully registered JMX Bean with object name Ratis:service=RaftServer,group=group-4088ECE94106,id=13a37e5a-b376-4d6f-b694-58d1355ff7ca
2023-08-25 08:52:06,143 [13a37e5a-b376-4d6f-b694-58d1355ff7ca@group-4088ECE94106-FollowerState] INFO  server.RaftServerConfigKeys (ConfUtils.java:logFallback(53)) - raft.server.rpc.first-election.timeout.max = 5200ms (fallback to raft.server.rpc.timeout.max)
2023-08-25 08:52:06,143 [13a37e5a-b376-4d6f-b694-58d1355ff7ca-groupManagement] INFO  server.RaftServerConfigKeys (ConfUtils.java:logGet(46)) - raft.server.snapshot.auto.trigger.enabled = true (custom)
2023-08-25 08:52:06,143 [13a37e5a-b376-4d6f-b694-58d1355ff7ca-groupManagement] INFO  server.RaftServerConfigKeys (ConfUtils.java:logGet(46)) - raft.server.snapshot.auto.trigger.threshold = 10000 (custom)
2023-08-25 08:52:06,143 [13a37e5a-b376-4d6f-b694-58d1355ff7ca-groupManagement] INFO  server.RaftServerConfigKeys (ConfUtils.java:logGet(46)) - raft.server.snapshot.retention.file.num = 5 (custom)
2023-08-25 08:52:06,143 [13a37e5a-b376-4d6f-b694-58d1355ff7ca-groupManagement] INFO  server.RaftServerConfigKeys (ConfUtils.java:logGet(46)) - raft.server.log.purge.upto.snapshot.index = false (default)
2023-08-25 08:52:06,144 [PipelineCommandHandlerThread-0] INFO  ratis.XceiverServerRatis (XceiverServerRatis.java:addGroup(804)) - Created group PipelineID=7113289b-f6ac-49fd-a9bc-4088ece94106
2023-08-25 08:52:06,144 [PipelineCommandHandlerThread-0] INFO  commandhandler.CreatePipelineCommandHandler (CreatePipelineCommandHandler.java:lambda$handle$2(124)) - Created Pipeline RATIS ONE PipelineID=7113289b-f6ac-49fd-a9bc-4088ece94106.
2023-08-25 08:52:06,144 [PipelineCommandHandlerThread-0] INFO  server.RaftServer (RaftServerProxy.java:addNew(98)) - 13a37e5a-b376-4d6f-b694-58d1355ff7ca: addNew group-B69D6EEC9027:[13a37e5a-b376-4d6f-b694-58d1355ff7ca|rpc:10.1.0.19:15120|admin:10.1.0.19:15119|client:10.1.0.19:15118|dataStream:10.1.0.19:15121|priority:1|startupRole:FOLLOWER, 5d860d7d-438a-4901-b268-bb236ca34e1d|rpc:10.1.0.19:15129|admin:10.1.0.19:15128|client:10.1.0.19:15127|dataStream:10.1.0.19:15130|priority:0|startupRole:FOLLOWER, 0b97acf7-1047-49ae-a506-e2d05ab0320a|rpc:10.1.0.19:15138|admin:10.1.0.19:15137|client:10.1.0.19:15136|dataStream:10.1.0.19:15139|priority:0|startupRole:FOLLOWER] returns group-B69D6EEC9027:java.util.concurrent.CompletableFuture@755d73c8[Not completed]
2023-08-25 08:52:06,145 [13a37e5a-b376-4d6f-b694-58d1355ff7ca-groupManagement] INFO  server.RaftServer$Division (RaftServerImpl.java:<init>(198)) - 13a37e5a-b376-4d6f-b694-58d1355ff7ca: new RaftServerImpl for group-B69D6EEC9027:[13a37e5a-b376-4d6f-b694-58d1355ff7ca|rpc:10.1.0.19:15120|admin:10.1.0.19:15119|client:10.1.0.19:15118|dataStream:10.1.0.19:15121|priority:1|startupRole:FOLLOWER, 5d860d7d-438a-4901-b268-bb236ca34e1d|rpc:10.1.0.19:15129|admin:10.1.0.19:15128|client:10.1.0.19:15127|dataStream:10.1.0.19:15130|priority:0|startupRole:FOLLOWER, 0b97acf7-1047-49ae-a506-e2d05ab0320a|rpc:10.1.0.19:15138|admin:10.1.0.19:15137|client:10.1.0.19:15136|dataStream:10.1.0.19:15139|priority:0|startupRole:FOLLOWER] with ContainerStateMachine:uninitialized
2023-08-25 08:52:06,145 [13a37e5a-b376-4d6f-b694-58d1355ff7ca-groupManagement] INFO  server.RaftServerConfigKeys (ConfUtils.java:logGet(46)) - raft.server.rpc.timeout.min = 5s (custom)
2023-08-25 08:52:06,145 [13a37e5a-b376-4d6f-b694-58d1355ff7ca-groupManagement] INFO  server.RaftServerConfigKeys (ConfUtils.java:logGet(46)) - raft.server.rpc.timeout.max = 5200ms (custom)
2023-08-25 08:52:06,145 [13a37e5a-b376-4d6f-b694-58d1355ff7ca-groupManagement] INFO  server.RaftServerConfigKeys (ConfUtils.java:logGet(46)) - raft.server.rpc.sleep.time = 25ms (default)
2023-08-25 08:52:06,145 [13a37e5a-b376-4d6f-b694-58d1355ff7ca-groupManagement] INFO  server.RaftServerConfigKeys (ConfUtils.java:logGet(46)) - raft.server.rpc.slowness.timeout = 300s (custom)
2023-08-25 08:52:06,145 [13a37e5a-b376-4d6f-b694-58d1355ff7ca-groupManagement] INFO  server.RaftServerConfigKeys (ConfUtils.java:logGet(46)) - raft.server.leaderelection.leader.step-down.wait-time = 10s (default)
2023-08-25 08:52:06,145 [13a37e5a-b376-4d6f-b694-58d1355ff7ca-groupManagement] INFO  server.RaftServerConfigKeys (ConfUtils.java:logGet(46)) - raft.server.sleep.deviation.threshold = 300ms (default)
2023-08-25 08:52:06,146 [13a37e5a-b376-4d6f-b694-58d1355ff7ca-groupManagement] INFO  server.RaftServer$Division (ServerState.java:<init>(120)) - 13a37e5a-b376-4d6f-b694-58d1355ff7ca@group-B69D6EEC9027: ConfigurationManager, init=-1: peers:[13a37e5a-b376-4d6f-b694-58d1355ff7ca|rpc:10.1.0.19:15120|admin:10.1.0.19:15119|client:10.1.0.19:15118|dataStream:10.1.0.19:15121|priority:1|startupRole:FOLLOWER, 5d860d7d-438a-4901-b268-bb236ca34e1d|rpc:10.1.0.19:15129|admin:10.1.0.19:15128|client:10.1.0.19:15127|dataStream:10.1.0.19:15130|priority:0|startupRole:FOLLOWER, 0b97acf7-1047-49ae-a506-e2d05ab0320a|rpc:10.1.0.19:15138|admin:10.1.0.19:15137|client:10.1.0.19:15136|dataStream:10.1.0.19:15139|priority:0|startupRole:FOLLOWER]|listeners:[], old=null, confs=<EMPTY_MAP>
2023-08-25 08:52:06,146 [13a37e5a-b376-4d6f-b694-58d1355ff7ca-groupManagement] INFO  server.RaftServerConfigKeys (ConfUtils.java:logGet(46)) - raft.server.storage.dir = [/home/runner/work/ozone/ozone/hadoop-ozone/integration-test/target/test-dir/MiniOzoneClusterImpl-0e3afe45-f4df-41ce-9d76-18b1c152426f/datanode-0/data/ratis] (custom)
2023-08-25 08:52:06,146 [13a37e5a-b376-4d6f-b694-58d1355ff7ca-groupManagement] INFO  server.RaftServerConfigKeys (ConfUtils.java:logGet(46)) - raft.server.log.corruption.policy = EXCEPTION (default)
2023-08-25 08:52:06,146 [13a37e5a-b376-4d6f-b694-58d1355ff7ca-groupManagement] INFO  server.RaftServerConfigKeys (ConfUtils.java:logGet(46)) - raft.server.storage.free-space.min = 0MB (=0) (default)
2023-08-25 08:52:06,146 [13a37e5a-b376-4d6f-b694-58d1355ff7ca-groupManagement] INFO  server.RaftServerConfigKeys (ConfUtils.java:logGet(46)) - raft.server.notification.no-leader.timeout = 300s (custom)
2023-08-25 08:52:06,146 [13a37e5a-b376-4d6f-b694-58d1355ff7ca-groupManagement] INFO  server.RaftServerConfigKeys (ConfUtils.java:logGet(46)) - raft.server.read.timeout = 10s (default)
2023-08-25 08:52:06,146 [13a37e5a-b376-4d6f-b694-58d1355ff7ca-groupManagement] INFO  server.RaftServerConfigKeys (ConfUtils.java:logGet(46)) - raft.server.retrycache.expirytime = 600000ms (custom)
2023-08-25 08:52:06,146 [13a37e5a-b376-4d6f-b694-58d1355ff7ca-groupManagement] INFO  server.RaftServerConfigKeys (ConfUtils.java:logGet(46)) - raft.server.retrycache.statistics.expirytime = 100μs (default)
2023-08-25 08:52:06,146 [13a37e5a-b376-4d6f-b694-58d1355ff7ca-groupManagement] INFO  server.RaftServerConfigKeys (ConfUtils.java:logGet(46)) - raft.server.read.option = DEFAULT (default)
2023-08-25 08:52:06,147 [13a37e5a-b376-4d6f-b694-58d1355ff7ca-groupManagement] INFO  server.RaftServerConfigKeys (ConfUtils.java:logGet(46)) - raft.server.rpc.request.timeout = 60s (custom)
2023-08-25 08:52:06,147 [13a37e5a-b376-4d6f-b694-58d1355ff7ca-groupManagement] INFO  server.RaftServerConfigKeys (ConfUtils.java:logGet(46)) - raft.server.log.appender.install.snapshot.enabled = false (custom)
2023-08-25 08:52:06,147 [13a37e5a-b376-4d6f-b694-58d1355ff7ca-groupManagement] INFO  server.RaftServerConfigKeys (ConfUtils.java:logGet(46)) - raft.server.threadpool.server.cached = true (default)
2023-08-25 08:52:06,147 [13a37e5a-b376-4d6f-b694-58d1355ff7ca-groupManagement] INFO  server.RaftServerConfigKeys (ConfUtils.java:logGet(46)) - raft.server.threadpool.server.size = 0 (default)
2023-08-25 08:52:06,147 [13a37e5a-b376-4d6f-b694-58d1355ff7ca-groupManagement] INFO  server.RaftServerConfigKeys (ConfUtils.java:logGet(46)) - raft.server.threadpool.client.cached = true (default)
2023-08-25 08:52:06,147 [13a37e5a-b376-4d6f-b694-58d1355ff7ca-groupManagement] INFO  server.RaftServerConfigKeys (ConfUtils.java:logGet(46)) - raft.server.threadpool.client.size = 0 (default)
2023-08-25 08:52:06,147 [13a37e5a-b376-4d6f-b694-58d1355ff7ca-groupManagement] INFO  storage.RaftStorageDirectory (RaftStorageDirectoryImpl.java:analyzeStorage(137)) - The storage directory /home/runner/work/ozone/ozone/hadoop-ozone/integration-test/target/test-dir/MiniOzoneClusterImpl-0e3afe45-f4df-41ce-9d76-18b1c152426f/datanode-0/data/ratis/2f6f0524-8981-4b8b-998d-b69d6eec9027 does not exist. Creating ...
2023-08-25 08:52:06,149 [13a37e5a-b376-4d6f-b694-58d1355ff7ca-groupManagement] INFO  storage.RaftStorageDirectory (RaftStorageDirectoryImpl.java:tryLock(231)) - Lock on /home/runner/work/ozone/ozone/hadoop-ozone/integration-test/target/test-dir/MiniOzoneClusterImpl-0e3afe45-f4df-41ce-9d76-18b1c152426f/datanode-0/data/ratis/2f6f0524-8981-4b8b-998d-b69d6eec9027/in_use.lock acquired by nodename 30217@fv-az584-689
2023-08-25 08:52:06,150 [13a37e5a-b376-4d6f-b694-58d1355ff7ca-groupManagement] INFO  storage.RaftStorage (RaftStorageImpl.java:format(96)) - Storage directory /home/runner/work/ozone/ozone/hadoop-ozone/integration-test/target/test-dir/MiniOzoneClusterImpl-0e3afe45-f4df-41ce-9d76-18b1c152426f/datanode-0/data/ratis/2f6f0524-8981-4b8b-998d-b69d6eec9027 has been successfully formatted.
2023-08-25 08:52:06,151 [13a37e5a-b376-4d6f-b694-58d1355ff7ca-groupManagement] INFO  ratis.ContainerStateMachine (ContainerStateMachine.java:loadSnapshot(262)) - group-B69D6EEC9027: The snapshot info is null. Setting the last applied indexto:(t:0, i:~)
2023-08-25 08:52:06,151 [13a37e5a-b376-4d6f-b694-58d1355ff7ca-groupManagement] INFO  server.RaftServerConfigKeys (ConfUtils.java:logGet(46)) - raft.server.log.use.memory = false (default)
2023-08-25 08:52:06,152 [13a37e5a-b376-4d6f-b694-58d1355ff7ca-groupManagement] INFO  server.RaftServerConfigKeys (ConfUtils.java:logGet(46)) - raft.server.log.purge.gap = 1000000 (custom)
2023-08-25 08:52:06,152 [13a37e5a-b376-4d6f-b694-58d1355ff7ca-groupManagement] INFO  server.RaftServerConfigKeys (ConfUtils.java:logGet(46)) - raft.server.log.appender.buffer.byte-limit = 33554432 (custom)
2023-08-25 08:52:06,152 [EventQueue-OpenPipelineForHealthyPipelineSafeModeRule] INFO  safemode.SCMSafeModeManager (HealthyPipelineSafeModeRule.java:process(137)) - SCM in safe mode. Healthy pipelines reported count is 0, required healthy pipeline reported count is 1
2023-08-25 08:52:06,152 [13a37e5a-b376-4d6f-b694-58d1355ff7ca-groupManagement] INFO  server.RaftServerConfigKeys (ConfUtils.java:logGet(46)) - raft.server.log.statemachine.data.read.timeout = 1000ms (default)
2023-08-25 08:52:06,152 [13a37e5a-b376-4d6f-b694-58d1355ff7ca-groupManagement] INFO  server.RaftServerConfigKeys (ConfUtils.java:logGet(46)) - raft.server.log.purge.preservation.log.num = 0 (default)
2023-08-25 08:52:06,152 [13a37e5a-b376-4d6f-b694-58d1355ff7ca-groupManagement] INFO  server.RaftServerConfigKeys (ConfUtils.java:logGet(46)) - raft.server.log.segment.size.max = 1048576 (custom)
2023-08-25 08:52:06,153 [13a37e5a-b376-4d6f-b694-58d1355ff7ca-groupManagement] INFO  server.RaftServerConfigKeys (ConfUtils.java:logGet(46)) - raft.server.log.segment.cache.num.max = 2 (custom)
2023-08-25 08:52:06,153 [13a37e5a-b376-4d6f-b694-58d1355ff7ca-groupManagement] INFO  server.RaftServerConfigKeys (ConfUtils.java:logGet(46)) - raft.server.log.segment.cache.size.max = 200MB (=209715200) (default)
2023-08-25 08:52:06,153 [13a37e5a-b376-4d6f-b694-58d1355ff7ca-groupManagement] INFO  server.RaftServerConfigKeys (ConfUtils.java:logGet(46)) - raft.server.log.appender.buffer.byte-limit = 33554432 (custom)
2023-08-25 08:52:06,153 [13a37e5a-b376-4d6f-b694-58d1355ff7ca-groupManagement] INFO  segmented.SegmentedRaftLogWorker (SegmentedRaftLogWorker.java:<init>(188)) - new 13a37e5a-b376-4d6f-b694-58d1355ff7ca@group-B69D6EEC9027-SegmentedRaftLogWorker for RaftStorageImpl:Storage Directory /home/runner/work/ozone/ozone/hadoop-ozone/integration-test/target/test-dir/MiniOzoneClusterImpl-0e3afe45-f4df-41ce-9d76-18b1c152426f/datanode-0/data/ratis/2f6f0524-8981-4b8b-998d-b69d6eec9027
2023-08-25 08:52:06,155 [13a37e5a-b376-4d6f-b694-58d1355ff7ca-groupManagement] INFO  server.RaftServerConfigKeys (ConfUtils.java:logGet(46)) - raft.server.log.queue.byte-limit = 4294967296 (custom)
2023-08-25 08:52:06,155 [13a37e5a-b376-4d6f-b694-58d1355ff7ca-groupManagement] INFO  server.RaftServerConfigKeys (ConfUtils.java:logGet(46)) - raft.server.log.queue.element-limit = 1024 (custom)
2023-08-25 08:52:06,155 [13a37e5a-b376-4d6f-b694-58d1355ff7ca-groupManagement] INFO  server.RaftServerConfigKeys (ConfUtils.java:logGet(46)) - raft.server.log.segment.size.max = 1048576 (custom)
2023-08-25 08:52:06,155 [13a37e5a-b376-4d6f-b694-58d1355ff7ca-groupManagement] INFO  server.RaftServerConfigKeys (ConfUtils.java:logGet(46)) - raft.server.log.preallocated.size = 16384 (custom)
2023-08-25 08:52:06,155 [13a37e5a-b376-4d6f-b694-58d1355ff7ca-groupManagement] INFO  server.RaftServerConfigKeys (ConfUtils.java:logGet(46)) - raft.server.log.force.sync.num = 128 (default)
2023-08-25 08:52:06,155 [13a37e5a-b376-4d6f-b694-58d1355ff7ca-groupManagement] INFO  server.RaftServerConfigKeys (ConfUtils.java:logGet(46)) - raft.server.log.statemachine.data.sync = true (default)
2023-08-25 08:52:06,155 [13a37e5a-b376-4d6f-b694-58d1355ff7ca-groupManagement] INFO  server.RaftServerConfigKeys (ConfUtils.java:logGet(46)) - raft.server.log.statemachine.data.sync.timeout = 10s (default)
2023-08-25 08:52:06,155 [13a37e5a-b376-4d6f-b694-58d1355ff7ca-groupManagement] INFO  server.RaftServerConfigKeys (ConfUtils.java:logGet(46)) - raft.server.log.statemachine.data.sync.timeout.retry = -1 (default)
2023-08-25 08:52:06,156 [13a37e5a-b376-4d6f-b694-58d1355ff7ca-groupManagement] INFO  server.RaftServerConfigKeys (ConfUtils.java:logGet(46)) - raft.server.log.write.buffer.size = 1048576 (custom)
2023-08-25 08:52:06,159 [13a37e5a-b376-4d6f-b694-58d1355ff7ca-groupManagement] INFO  server.RaftServerConfigKeys (ConfUtils.java:logGet(46)) - raft.server.log.appender.buffer.byte-limit = 33554432 (custom)
2023-08-25 08:52:06,164 [13a37e5a-b376-4d6f-b694-58d1355ff7ca-groupManagement] INFO  server.RaftServerConfigKeys (ConfUtils.java:logGet(46)) - raft.server.log.unsafe-flush.enabled = false (default)
2023-08-25 08:52:06,164 [13a37e5a-b376-4d6f-b694-58d1355ff7ca-groupManagement] INFO  server.RaftServerConfigKeys (ConfUtils.java:logGet(46)) - raft.server.log.async-flush.enabled = false (default)
2023-08-25 08:52:06,164 [13a37e5a-b376-4d6f-b694-58d1355ff7ca-groupManagement] INFO  server.RaftServerConfigKeys (ConfUtils.java:logGet(46)) - raft.server.log.statemachine.data.caching.enabled = true (custom)
2023-08-25 08:52:06,165 [13a37e5a-b376-4d6f-b694-58d1355ff7ca-groupManagement] INFO  segmented.SegmentedRaftLogWorker (SegmentedRaftLogWorker.java:lambda$new$0(135)) - 13a37e5a-b376-4d6f-b694-58d1355ff7ca@group-B69D6EEC9027-SegmentedRaftLogWorker: flushIndex: setUnconditionally 0 -> -1
2023-08-25 08:52:06,165 [13a37e5a-b376-4d6f-b694-58d1355ff7ca-groupManagement] INFO  segmented.SegmentedRaftLogWorker (SegmentedRaftLogWorker.java:lambda$new$0(135)) - 13a37e5a-b376-4d6f-b694-58d1355ff7ca@group-B69D6EEC9027-SegmentedRaftLogWorker: safeCacheEvictIndex: setUnconditionally 0 -> -1
2023-08-25 08:52:06,165 [13a37e5a-b376-4d6f-b694-58d1355ff7ca-groupManagement] INFO  server.RaftServer$Division (RaftServerImpl.java:start(342)) - 13a37e5a-b376-4d6f-b694-58d1355ff7ca@group-B69D6EEC9027: start as a follower, conf=-1: peers:[13a37e5a-b376-4d6f-b694-58d1355ff7ca|rpc:10.1.0.19:15120|admin:10.1.0.19:15119|client:10.1.0.19:15118|dataStream:10.1.0.19:15121|priority:1|startupRole:FOLLOWER, 5d860d7d-438a-4901-b268-bb236ca34e1d|rpc:10.1.0.19:15129|admin:10.1.0.19:15128|client:10.1.0.19:15127|dataStream:10.1.0.19:15130|priority:0|startupRole:FOLLOWER, 0b97acf7-1047-49ae-a506-e2d05ab0320a|rpc:10.1.0.19:15138|admin:10.1.0.19:15137|client:10.1.0.19:15136|dataStream:10.1.0.19:15139|priority:0|startupRole:FOLLOWER]|listeners:[], old=null
2023-08-25 08:52:06,165 [13a37e5a-b376-4d6f-b694-58d1355ff7ca-groupManagement] INFO  server.RaftServer$Division (RaftServerImpl.java:setRole(329)) - 13a37e5a-b376-4d6f-b694-58d1355ff7ca@group-B69D6EEC9027: changes role from      null to FOLLOWER at term 0 for startAsFollower
2023-08-25 08:52:06,165 [13a37e5a-b376-4d6f-b694-58d1355ff7ca-groupManagement] INFO  impl.RoleInfo (RoleInfo.java:updateAndGet(139)) - 13a37e5a-b376-4d6f-b694-58d1355ff7ca: start 13a37e5a-b376-4d6f-b694-58d1355ff7ca@group-B69D6EEC9027-FollowerState
2023-08-25 08:52:06,169 [13a37e5a-b376-4d6f-b694-58d1355ff7ca-groupManagement] INFO  util.JmxRegister (JmxRegister.java:tryRegister(44)) - Successfully registered JMX Bean with object name Ratis:service=RaftServer,group=group-B69D6EEC9027,id=13a37e5a-b376-4d6f-b694-58d1355ff7ca
2023-08-25 08:52:06,169 [13a37e5a-b376-4d6f-b694-58d1355ff7ca-groupManagement] INFO  server.RaftServerConfigKeys (ConfUtils.java:logGet(46)) - raft.server.snapshot.auto.trigger.enabled = true (custom)
2023-08-25 08:52:06,169 [13a37e5a-b376-4d6f-b694-58d1355ff7ca-groupManagement] INFO  server.RaftServerConfigKeys (ConfUtils.java:logGet(46)) - raft.server.snapshot.auto.trigger.threshold = 10000 (custom)
2023-08-25 08:52:06,169 [13a37e5a-b376-4d6f-b694-58d1355ff7ca-groupManagement] INFO  server.RaftServerConfigKeys (ConfUtils.java:logGet(46)) - raft.server.snapshot.retention.file.num = 5 (custom)
2023-08-25 08:52:06,169 [13a37e5a-b376-4d6f-b694-58d1355ff7ca-groupManagement] INFO  server.RaftServerConfigKeys (ConfUtils.java:logGet(46)) - raft.server.log.purge.upto.snapshot.index = false (default)
2023-08-25 08:52:06,170 [13a37e5a-b376-4d6f-b694-58d1355ff7ca@group-B69D6EEC9027-FollowerState] INFO  server.RaftServerConfigKeys (ConfUtils.java:logFallback(53)) - raft.server.rpc.first-election.timeout.min = 5s (fallback to raft.server.rpc.timeout.min)
2023-08-25 08:52:06,170 [13a37e5a-b376-4d6f-b694-58d1355ff7ca@group-B69D6EEC9027-FollowerState] INFO  server.RaftServerConfigKeys (ConfUtils.java:logFallback(53)) - raft.server.rpc.first-election.timeout.max = 5200ms (fallback to raft.server.rpc.timeout.max)
2023-08-25 08:52:06,172 [PipelineCommandHandlerThread-0] INFO  ratis.XceiverServerRatis (XceiverServerRatis.java:addGroup(804)) - Created group PipelineID=2f6f0524-8981-4b8b-998d-b69d6eec9027
2023-08-25 08:52:06,197 [grpc-default-executor-0] INFO  server.RaftServer (RaftServerProxy.java:addNew(98)) - 5d860d7d-438a-4901-b268-bb236ca34e1d: addNew group-B69D6EEC9027:[13a37e5a-b376-4d6f-b694-58d1355ff7ca|rpc:10.1.0.19:15120|admin:10.1.0.19:15119|client:10.1.0.19:15118|dataStream:10.1.0.19:15121|priority:1|startupRole:FOLLOWER, 5d860d7d-438a-4901-b268-bb236ca34e1d|rpc:10.1.0.19:15129|admin:10.1.0.19:15128|client:10.1.0.19:15127|dataStream:10.1.0.19:15130|priority:0|startupRole:FOLLOWER, 0b97acf7-1047-49ae-a506-e2d05ab0320a|rpc:10.1.0.19:15138|admin:10.1.0.19:15137|client:10.1.0.19:15136|dataStream:10.1.0.19:15139|priority:0|startupRole:FOLLOWER] returns group-B69D6EEC9027:java.util.concurrent.CompletableFuture@bfc80bc[Not completed]
2023-08-25 08:52:06,202 [5d860d7d-438a-4901-b268-bb236ca34e1d-groupManagement] INFO  server.RaftServer$Division (RaftServerImpl.java:<init>(198)) - 5d860d7d-438a-4901-b268-bb236ca34e1d: new RaftServerImpl for group-B69D6EEC9027:[13a37e5a-b376-4d6f-b694-58d1355ff7ca|rpc:10.1.0.19:15120|admin:10.1.0.19:15119|client:10.1.0.19:15118|dataStream:10.1.0.19:15121|priority:1|startupRole:FOLLOWER, 5d860d7d-438a-4901-b268-bb236ca34e1d|rpc:10.1.0.19:15129|admin:10.1.0.19:15128|client:10.1.0.19:15127|dataStream:10.1.0.19:15130|priority:0|startupRole:FOLLOWER, 0b97acf7-1047-49ae-a506-e2d05ab0320a|rpc:10.1.0.19:15138|admin:10.1.0.19:15137|client:10.1.0.19:15136|dataStream:10.1.0.19:15139|priority:0|startupRole:FOLLOWER] with ContainerStateMachine:uninitialized
2023-08-25 08:52:06,202 [5d860d7d-438a-4901-b268-bb236ca34e1d-groupManagement] INFO  server.RaftServerConfigKeys (ConfUtils.java:logGet(46)) - raft.server.rpc.timeout.min = 5s (custom)
2023-08-25 08:52:06,202 [5d860d7d-438a-4901-b268-bb236ca34e1d-groupManagement] INFO  server.RaftServerConfigKeys (ConfUtils.java:logGet(46)) - raft.server.rpc.timeout.max = 5200ms (custom)
2023-08-25 08:52:06,202 [5d860d7d-438a-4901-b268-bb236ca34e1d-groupManagement] INFO  server.RaftServerConfigKeys (ConfUtils.java:logGet(46)) - raft.server.rpc.sleep.time = 25ms (default)
2023-08-25 08:52:06,202 [5d860d7d-438a-4901-b268-bb236ca34e1d-groupManagement] INFO  server.RaftServerConfigKeys (ConfUtils.java:logGet(46)) - raft.server.rpc.slowness.timeout = 300s (custom)
2023-08-25 08:52:06,202 [5d860d7d-438a-4901-b268-bb236ca34e1d-groupManagement] INFO  server.RaftServerConfigKeys (ConfUtils.java:logGet(46)) - raft.server.leaderelection.leader.step-down.wait-time = 10s (default)
2023-08-25 08:52:06,203 [5d860d7d-438a-4901-b268-bb236ca34e1d-groupManagement] INFO  server.RaftServerConfigKeys (ConfUtils.java:logGet(46)) - raft.server.sleep.deviation.threshold = 300ms (default)
2023-08-25 08:52:06,203 [5d860d7d-438a-4901-b268-bb236ca34e1d-groupManagement] INFO  server.RaftServer$Division (ServerState.java:<init>(120)) - 5d860d7d-438a-4901-b268-bb236ca34e1d@group-B69D6EEC9027: ConfigurationManager, init=-1: peers:[13a37e5a-b376-4d6f-b694-58d1355ff7ca|rpc:10.1.0.19:15120|admin:10.1.0.19:15119|client:10.1.0.19:15118|dataStream:10.1.0.19:15121|priority:1|startupRole:FOLLOWER, 5d860d7d-438a-4901-b268-bb236ca34e1d|rpc:10.1.0.19:15129|admin:10.1.0.19:15128|client:10.1.0.19:15127|dataStream:10.1.0.19:15130|priority:0|startupRole:FOLLOWER, 0b97acf7-1047-49ae-a506-e2d05ab0320a|rpc:10.1.0.19:15138|admin:10.1.0.19:15137|client:10.1.0.19:15136|dataStream:10.1.0.19:15139|priority:0|startupRole:FOLLOWER]|listeners:[], old=null, confs=<EMPTY_MAP>
2023-08-25 08:52:06,203 [5d860d7d-438a-4901-b268-bb236ca34e1d-groupManagement] INFO  server.RaftServerConfigKeys (ConfUtils.java:logGet(46)) - raft.server.storage.dir = [/home/runner/work/ozone/ozone/hadoop-ozone/integration-test/target/test-dir/MiniOzoneClusterImpl-0e3afe45-f4df-41ce-9d76-18b1c152426f/datanode-1/data/ratis] (custom)
2023-08-25 08:52:06,203 [5d860d7d-438a-4901-b268-bb236ca34e1d-groupManagement] INFO  server.RaftServerConfigKeys (ConfUtils.java:logGet(46)) - raft.server.log.corruption.policy = EXCEPTION (default)
2023-08-25 08:52:06,203 [5d860d7d-438a-4901-b268-bb236ca34e1d-groupManagement] INFO  server.RaftServerConfigKeys (ConfUtils.java:logGet(46)) - raft.server.storage.free-space.min = 0MB (=0) (default)
2023-08-25 08:52:06,203 [5d860d7d-438a-4901-b268-bb236ca34e1d-groupManagement] INFO  server.RaftServerConfigKeys (ConfUtils.java:logGet(46)) - raft.server.notification.no-leader.timeout = 300s (custom)
2023-08-25 08:52:06,203 [5d860d7d-438a-4901-b268-bb236ca34e1d-groupManagement] INFO  server.RaftServerConfigKeys (ConfUtils.java:logGet(46)) - raft.server.read.timeout = 10s (default)
2023-08-25 08:52:06,203 [5d860d7d-438a-4901-b268-bb236ca34e1d-groupManagement] INFO  server.RaftServerConfigKeys (ConfUtils.java:logGet(46)) - raft.server.retrycache.expirytime = 600000ms (custom)
2023-08-25 08:52:06,203 [5d860d7d-438a-4901-b268-bb236ca34e1d-groupManagement] INFO  server.RaftServerConfigKeys (ConfUtils.java:logGet(46)) - raft.server.retrycache.statistics.expirytime = 100μs (default)
2023-08-25 08:52:06,203 [5d860d7d-438a-4901-b268-bb236ca34e1d-groupManagement] INFO  server.RaftServerConfigKeys (ConfUtils.java:logGet(46)) - raft.server.read.option = DEFAULT (default)
2023-08-25 08:52:06,205 [5d860d7d-438a-4901-b268-bb236ca34e1d-groupManagement] INFO  server.RaftServerConfigKeys (ConfUtils.java:logGet(46)) - raft.server.rpc.request.timeout = 60s (custom)
2023-08-25 08:52:06,206 [5d860d7d-438a-4901-b268-bb236ca34e1d-groupManagement] INFO  server.RaftServerConfigKeys (ConfUtils.java:logGet(46)) - raft.server.log.appender.install.snapshot.enabled = false (custom)
2023-08-25 08:52:06,206 [5d860d7d-438a-4901-b268-bb236ca34e1d-groupManagement] INFO  server.RaftServerConfigKeys (ConfUtils.java:logGet(46)) - raft.server.threadpool.server.cached = true (default)
2023-08-25 08:52:06,206 [5d860d7d-438a-4901-b268-bb236ca34e1d-groupManagement] INFO  server.RaftServerConfigKeys (ConfUtils.java:logGet(46)) - raft.server.threadpool.server.size = 0 (default)
2023-08-25 08:52:06,206 [5d860d7d-438a-4901-b268-bb236ca34e1d-groupManagement] INFO  server.RaftServerConfigKeys (ConfUtils.java:logGet(46)) - raft.server.threadpool.client.cached = true (default)
2023-08-25 08:52:06,206 [5d860d7d-438a-4901-b268-bb236ca34e1d-groupManagement] INFO  server.RaftServerConfigKeys (ConfUtils.java:logGet(46)) - raft.server.threadpool.client.size = 0 (default)
2023-08-25 08:52:06,206 [5d860d7d-438a-4901-b268-bb236ca34e1d-groupManagement] INFO  storage.RaftStorageDirectory (RaftStorageDirectoryImpl.java:analyzeStorage(137)) - The storage directory /home/runner/work/ozone/ozone/hadoop-ozone/integration-test/target/test-dir/MiniOzoneClusterImpl-0e3afe45-f4df-41ce-9d76-18b1c152426f/datanode-1/data/ratis/2f6f0524-8981-4b8b-998d-b69d6eec9027 does not exist. Creating ...
2023-08-25 08:52:06,208 [5d860d7d-438a-4901-b268-bb236ca34e1d-groupManagement] INFO  storage.RaftStorageDirectory (RaftStorageDirectoryImpl.java:tryLock(231)) - Lock on /home/runner/work/ozone/ozone/hadoop-ozone/integration-test/target/test-dir/MiniOzoneClusterImpl-0e3afe45-f4df-41ce-9d76-18b1c152426f/datanode-1/data/ratis/2f6f0524-8981-4b8b-998d-b69d6eec9027/in_use.lock acquired by nodename 30217@fv-az584-689
2023-08-25 08:52:06,211 [5d860d7d-438a-4901-b268-bb236ca34e1d-groupManagement] INFO  storage.RaftStorage (RaftStorageImpl.java:format(96)) - Storage directory /home/runner/work/ozone/ozone/hadoop-ozone/integration-test/target/test-dir/MiniOzoneClusterImpl-0e3afe45-f4df-41ce-9d76-18b1c152426f/datanode-1/data/ratis/2f6f0524-8981-4b8b-998d-b69d6eec9027 has been successfully formatted.
2023-08-25 08:52:06,214 [5d860d7d-438a-4901-b268-bb236ca34e1d-groupManagement] INFO  ratis.ContainerStateMachine (ContainerStateMachine.java:loadSnapshot(262)) - group-B69D6EEC9027: The snapshot info is null. Setting the last applied indexto:(t:0, i:~)
2023-08-25 08:52:06,215 [5d860d7d-438a-4901-b268-bb236ca34e1d-groupManagement] INFO  server.RaftServerConfigKeys (ConfUtils.java:logGet(46)) - raft.server.log.use.memory = false (default)
2023-08-25 08:52:06,215 [5d860d7d-438a-4901-b268-bb236ca34e1d-groupManagement] INFO  server.RaftServerConfigKeys (ConfUtils.java:logGet(46)) - raft.server.log.purge.gap = 1000000 (custom)
2023-08-25 08:52:06,215 [5d860d7d-438a-4901-b268-bb236ca34e1d-groupManagement] INFO  server.RaftServerConfigKeys (ConfUtils.java:logGet(46)) - raft.server.log.appender.buffer.byte-limit = 33554432 (custom)
2023-08-25 08:52:06,215 [5d860d7d-438a-4901-b268-bb236ca34e1d-groupManagement] INFO  server.RaftServerConfigKeys (ConfUtils.java:logGet(46)) - raft.server.log.statemachine.data.read.timeout = 1000ms (default)
2023-08-25 08:52:06,215 [5d860d7d-438a-4901-b268-bb236ca34e1d-groupManagement] INFO  server.RaftServerConfigKeys (ConfUtils.java:logGet(46)) - raft.server.log.purge.preservation.log.num = 0 (default)
2023-08-25 08:52:06,216 [5d860d7d-438a-4901-b268-bb236ca34e1d-groupManagement] INFO  server.RaftServerConfigKeys (ConfUtils.java:logGet(46)) - raft.server.log.segment.size.max = 1048576 (custom)
2023-08-25 08:52:06,216 [5d860d7d-438a-4901-b268-bb236ca34e1d-groupManagement] INFO  server.RaftServerConfigKeys (ConfUtils.java:logGet(46)) - raft.server.log.segment.cache.num.max = 2 (custom)
2023-08-25 08:52:06,216 [5d860d7d-438a-4901-b268-bb236ca34e1d-groupManagement] INFO  server.RaftServerConfigKeys (ConfUtils.java:logGet(46)) - raft.server.log.segment.cache.size.max = 200MB (=209715200) (default)
2023-08-25 08:52:06,216 [5d860d7d-438a-4901-b268-bb236ca34e1d-groupManagement] INFO  server.RaftServerConfigKeys (ConfUtils.java:logGet(46)) - raft.server.log.appender.buffer.byte-limit = 33554432 (custom)
2023-08-25 08:52:06,217 [5d860d7d-438a-4901-b268-bb236ca34e1d-groupManagement] INFO  segmented.SegmentedRaftLogWorker (SegmentedRaftLogWorker.java:<init>(188)) - new 5d860d7d-438a-4901-b268-bb236ca34e1d@group-B69D6EEC9027-SegmentedRaftLogWorker for RaftStorageImpl:Storage Directory /home/runner/work/ozone/ozone/hadoop-ozone/integration-test/target/test-dir/MiniOzoneClusterImpl-0e3afe45-f4df-41ce-9d76-18b1c152426f/datanode-1/data/ratis/2f6f0524-8981-4b8b-998d-b69d6eec9027
2023-08-25 08:52:06,217 [5d860d7d-438a-4901-b268-bb236ca34e1d-groupManagement] INFO  server.RaftServerConfigKeys (ConfUtils.java:logGet(46)) - raft.server.log.queue.byte-limit = 4294967296 (custom)
2023-08-25 08:52:06,217 [5d860d7d-438a-4901-b268-bb236ca34e1d-groupManagement] INFO  server.RaftServerConfigKeys (ConfUtils.java:logGet(46)) - raft.server.log.queue.element-limit = 1024 (custom)
2023-08-25 08:52:06,217 [5d860d7d-438a-4901-b268-bb236ca34e1d-groupManagement] INFO  server.RaftServerConfigKeys (ConfUtils.java:logGet(46)) - raft.server.log.segment.size.max = 1048576 (custom)
2023-08-25 08:52:06,217 [5d860d7d-438a-4901-b268-bb236ca34e1d-groupManagement] INFO  server.RaftServerConfigKeys (ConfUtils.java:logGet(46)) - raft.server.log.preallocated.size = 16384 (custom)
2023-08-25 08:52:06,217 [5d860d7d-438a-4901-b268-bb236ca34e1d-groupManagement] INFO  server.RaftServerConfigKeys (ConfUtils.java:logGet(46)) - raft.server.log.force.sync.num = 128 (default)
2023-08-25 08:52:06,217 [5d860d7d-438a-4901-b268-bb236ca34e1d-groupManagement] INFO  server.RaftServerConfigKeys (ConfUtils.java:logGet(46)) - raft.server.log.statemachine.data.sync = true (default)
2023-08-25 08:52:06,217 [5d860d7d-438a-4901-b268-bb236ca34e1d-groupManagement] INFO  server.RaftServerConfigKeys (ConfUtils.java:logGet(46)) - raft.server.log.statemachine.data.sync.timeout = 10s (default)
2023-08-25 08:52:06,217 [5d860d7d-438a-4901-b268-bb236ca34e1d-groupManagement] INFO  server.RaftServerConfigKeys (ConfUtils.java:logGet(46)) - raft.server.log.statemachine.data.sync.timeout.retry = -1 (default)
2023-08-25 08:52:06,218 [5d860d7d-438a-4901-b268-bb236ca34e1d-groupManagement] INFO  server.RaftServerConfigKeys (ConfUtils.java:logGet(46)) - raft.server.log.write.buffer.size = 1048576 (custom)
2023-08-25 08:52:06,218 [5d860d7d-438a-4901-b268-bb236ca34e1d-groupManagement] INFO  server.RaftServerConfigKeys (ConfUtils.java:logGet(46)) - raft.server.log.appender.buffer.byte-limit = 33554432 (custom)
2023-08-25 08:52:06,224 [5d860d7d-438a-4901-b268-bb236ca34e1d-groupManagement] INFO  server.RaftServerConfigKeys (ConfUtils.java:logGet(46)) - raft.server.log.unsafe-flush.enabled = false (default)
2023-08-25 08:52:06,224 [5d860d7d-438a-4901-b268-bb236ca34e1d-groupManagement] INFO  server.RaftServerConfigKeys (ConfUtils.java:logGet(46)) - raft.server.log.async-flush.enabled = false (default)
2023-08-25 08:52:06,224 [5d860d7d-438a-4901-b268-bb236ca34e1d-groupManagement] INFO  server.RaftServerConfigKeys (ConfUtils.java:logGet(46)) - raft.server.log.statemachine.data.caching.enabled = true (custom)
2023-08-25 08:52:06,224 [5d860d7d-438a-4901-b268-bb236ca34e1d-groupManagement] INFO  segmented.SegmentedRaftLogWorker (SegmentedRaftLogWorker.java:lambda$new$0(135)) - 5d860d7d-438a-4901-b268-bb236ca34e1d@group-B69D6EEC9027-SegmentedRaftLogWorker: flushIndex: setUnconditionally 0 -> -1
2023-08-25 08:52:06,224 [5d860d7d-438a-4901-b268-bb236ca34e1d-groupManagement] INFO  segmented.SegmentedRaftLogWorker (SegmentedRaftLogWorker.java:lambda$new$0(135)) - 5d860d7d-438a-4901-b268-bb236ca34e1d@group-B69D6EEC9027-SegmentedRaftLogWorker: safeCacheEvictIndex: setUnconditionally 0 -> -1
2023-08-25 08:52:06,224 [5d860d7d-438a-4901-b268-bb236ca34e1d-groupManagement] INFO  server.RaftServer$Division (RaftServerImpl.java:start(342)) - 5d860d7d-438a-4901-b268-bb236ca34e1d@group-B69D6EEC9027: start as a follower, conf=-1: peers:[13a37e5a-b376-4d6f-b694-58d1355ff7ca|rpc:10.1.0.19:15120|admin:10.1.0.19:15119|client:10.1.0.19:15118|dataStream:10.1.0.19:15121|priority:1|startupRole:FOLLOWER, 5d860d7d-438a-4901-b268-bb236ca34e1d|rpc:10.1.0.19:15129|admin:10.1.0.19:15128|client:10.1.0.19:15127|dataStream:10.1.0.19:15130|priority:0|startupRole:FOLLOWER, 0b97acf7-1047-49ae-a506-e2d05ab0320a|rpc:10.1.0.19:15138|admin:10.1.0.19:15137|client:10.1.0.19:15136|dataStream:10.1.0.19:15139|priority:0|startupRole:FOLLOWER]|listeners:[], old=null
2023-08-25 08:52:06,224 [5d860d7d-438a-4901-b268-bb236ca34e1d-groupManagement] INFO  server.RaftServer$Division (RaftServerImpl.java:setRole(329)) - 5d860d7d-438a-4901-b268-bb236ca34e1d@group-B69D6EEC9027: changes role from      null to FOLLOWER at term 0 for startAsFollower
2023-08-25 08:52:06,224 [5d860d7d-438a-4901-b268-bb236ca34e1d-groupManagement] INFO  impl.RoleInfo (RoleInfo.java:updateAndGet(139)) - 5d860d7d-438a-4901-b268-bb236ca34e1d: start 5d860d7d-438a-4901-b268-bb236ca34e1d@group-B69D6EEC9027-FollowerState
2023-08-25 08:52:06,227 [5d860d7d-438a-4901-b268-bb236ca34e1d-groupManagement] INFO  util.JmxRegister (JmxRegister.java:tryRegister(44)) - Successfully registered JMX Bean with object name Ratis:service=RaftServer,group=group-B69D6EEC9027,id=5d860d7d-438a-4901-b268-bb236ca34e1d
2023-08-25 08:52:06,227 [5d860d7d-438a-4901-b268-bb236ca34e1d-groupManagement] INFO  server.RaftServerConfigKeys (ConfUtils.java:logGet(46)) - raft.server.snapshot.auto.trigger.enabled = true (custom)
2023-08-25 08:52:06,227 [5d860d7d-438a-4901-b268-bb236ca34e1d-groupManagement] INFO  server.RaftServerConfigKeys (ConfUtils.java:logGet(46)) - raft.server.snapshot.auto.trigger.threshold = 10000 (custom)
2023-08-25 08:52:06,227 [5d860d7d-438a-4901-b268-bb236ca34e1d-groupManagement] INFO  server.RaftServerConfigKeys (ConfUtils.java:logGet(46)) - raft.server.snapshot.retention.file.num = 5 (custom)
2023-08-25 08:52:06,227 [5d860d7d-438a-4901-b268-bb236ca34e1d-groupManagement] INFO  server.RaftServerConfigKeys (ConfUtils.java:logGet(46)) - raft.server.log.purge.upto.snapshot.index = false (default)
2023-08-25 08:52:06,228 [5d860d7d-438a-4901-b268-bb236ca34e1d@group-B69D6EEC9027-FollowerState] INFO  server.RaftServerConfigKeys (ConfUtils.java:logFallback(53)) - raft.server.rpc.first-election.timeout.min = 5s (fallback to raft.server.rpc.timeout.min)
2023-08-25 08:52:06,228 [5d860d7d-438a-4901-b268-bb236ca34e1d@group-B69D6EEC9027-FollowerState] INFO  server.RaftServerConfigKeys (ConfUtils.java:logFallback(53)) - raft.server.rpc.first-election.timeout.max = 5200ms (fallback to raft.server.rpc.timeout.max)
2023-08-25 08:52:06,267 [grpc-default-executor-0] INFO  server.RaftServer (RaftServerProxy.java:addNew(98)) - 0b97acf7-1047-49ae-a506-e2d05ab0320a: addNew group-B69D6EEC9027:[13a37e5a-b376-4d6f-b694-58d1355ff7ca|rpc:10.1.0.19:15120|admin:10.1.0.19:15119|client:10.1.0.19:15118|dataStream:10.1.0.19:15121|priority:1|startupRole:FOLLOWER, 5d860d7d-438a-4901-b268-bb236ca34e1d|rpc:10.1.0.19:15129|admin:10.1.0.19:15128|client:10.1.0.19:15127|dataStream:10.1.0.19:15130|priority:0|startupRole:FOLLOWER, 0b97acf7-1047-49ae-a506-e2d05ab0320a|rpc:10.1.0.19:15138|admin:10.1.0.19:15137|client:10.1.0.19:15136|dataStream:10.1.0.19:15139|priority:0|startupRole:FOLLOWER] returns group-B69D6EEC9027:java.util.concurrent.CompletableFuture@2592e021[Not completed]
2023-08-25 08:52:06,269 [0b97acf7-1047-49ae-a506-e2d05ab0320a-groupManagement] INFO  server.RaftServer$Division (RaftServerImpl.java:<init>(198)) - 0b97acf7-1047-49ae-a506-e2d05ab0320a: new RaftServerImpl for group-B69D6EEC9027:[13a37e5a-b376-4d6f-b694-58d1355ff7ca|rpc:10.1.0.19:15120|admin:10.1.0.19:15119|client:10.1.0.19:15118|dataStream:10.1.0.19:15121|priority:1|startupRole:FOLLOWER, 5d860d7d-438a-4901-b268-bb236ca34e1d|rpc:10.1.0.19:15129|admin:10.1.0.19:15128|client:10.1.0.19:15127|dataStream:10.1.0.19:15130|priority:0|startupRole:FOLLOWER, 0b97acf7-1047-49ae-a506-e2d05ab0320a|rpc:10.1.0.19:15138|admin:10.1.0.19:15137|client:10.1.0.19:15136|dataStream:10.1.0.19:15139|priority:0|startupRole:FOLLOWER] with ContainerStateMachine:uninitialized
2023-08-25 08:52:06,269 [0b97acf7-1047-49ae-a506-e2d05ab0320a-groupManagement] INFO  server.RaftServerConfigKeys (ConfUtils.java:logGet(46)) - raft.server.rpc.timeout.min = 5s (custom)
2023-08-25 08:52:06,269 [0b97acf7-1047-49ae-a506-e2d05ab0320a-groupManagement] INFO  server.RaftServerConfigKeys (ConfUtils.java:logGet(46)) - raft.server.rpc.timeout.max = 5200ms (custom)
2023-08-25 08:52:06,269 [0b97acf7-1047-49ae-a506-e2d05ab0320a-groupManagement] INFO  server.RaftServerConfigKeys (ConfUtils.java:logGet(46)) - raft.server.rpc.sleep.time = 25ms (default)
2023-08-25 08:52:06,269 [0b97acf7-1047-49ae-a506-e2d05ab0320a-groupManagement] INFO  server.RaftServerConfigKeys (ConfUtils.java:logGet(46)) - raft.server.rpc.slowness.timeout = 300s (custom)
2023-08-25 08:52:06,269 [0b97acf7-1047-49ae-a506-e2d05ab0320a-groupManagement] INFO  server.RaftServerConfigKeys (ConfUtils.java:logGet(46)) - raft.server.leaderelection.leader.step-down.wait-time = 10s (default)
2023-08-25 08:52:06,269 [0b97acf7-1047-49ae-a506-e2d05ab0320a-groupManagement] INFO  server.RaftServerConfigKeys (ConfUtils.java:logGet(46)) - raft.server.sleep.deviation.threshold = 300ms (default)
2023-08-25 08:52:06,269 [0b97acf7-1047-49ae-a506-e2d05ab0320a-groupManagement] INFO  server.RaftServer$Division (ServerState.java:<init>(120)) - 0b97acf7-1047-49ae-a506-e2d05ab0320a@group-B69D6EEC9027: ConfigurationManager, init=-1: peers:[13a37e5a-b376-4d6f-b694-58d1355ff7ca|rpc:10.1.0.19:15120|admin:10.1.0.19:15119|client:10.1.0.19:15118|dataStream:10.1.0.19:15121|priority:1|startupRole:FOLLOWER, 5d860d7d-438a-4901-b268-bb236ca34e1d|rpc:10.1.0.19:15129|admin:10.1.0.19:15128|client:10.1.0.19:15127|dataStream:10.1.0.19:15130|priority:0|startupRole:FOLLOWER, 0b97acf7-1047-49ae-a506-e2d05ab0320a|rpc:10.1.0.19:15138|admin:10.1.0.19:15137|client:10.1.0.19:15136|dataStream:10.1.0.19:15139|priority:0|startupRole:FOLLOWER]|listeners:[], old=null, confs=<EMPTY_MAP>
2023-08-25 08:52:06,269 [0b97acf7-1047-49ae-a506-e2d05ab0320a-groupManagement] INFO  server.RaftServerConfigKeys (ConfUtils.java:logGet(46)) - raft.server.storage.dir = [/home/runner/work/ozone/ozone/hadoop-ozone/integration-test/target/test-dir/MiniOzoneClusterImpl-0e3afe45-f4df-41ce-9d76-18b1c152426f/datanode-2/data/ratis] (custom)
2023-08-25 08:52:06,269 [0b97acf7-1047-49ae-a506-e2d05ab0320a-groupManagement] INFO  server.RaftServerConfigKeys (ConfUtils.java:logGet(46)) - raft.server.log.corruption.policy = EXCEPTION (default)
2023-08-25 08:52:06,269 [0b97acf7-1047-49ae-a506-e2d05ab0320a-groupManagement] INFO  server.RaftServerConfigKeys (ConfUtils.java:logGet(46)) - raft.server.storage.free-space.min = 0MB (=0) (default)
2023-08-25 08:52:06,269 [0b97acf7-1047-49ae-a506-e2d05ab0320a-groupManagement] INFO  server.RaftServerConfigKeys (ConfUtils.java:logGet(46)) - raft.server.notification.no-leader.timeout = 300s (custom)
2023-08-25 08:52:06,270 [0b97acf7-1047-49ae-a506-e2d05ab0320a-groupManagement] INFO  server.RaftServerConfigKeys (ConfUtils.java:logGet(46)) - raft.server.read.timeout = 10s (default)
2023-08-25 08:52:06,270 [0b97acf7-1047-49ae-a506-e2d05ab0320a-groupManagement] INFO  server.RaftServerConfigKeys (ConfUtils.java:logGet(46)) - raft.server.retrycache.expirytime = 600000ms (custom)
2023-08-25 08:52:06,270 [0b97acf7-1047-49ae-a506-e2d05ab0320a-groupManagement] INFO  server.RaftServerConfigKeys (ConfUtils.java:logGet(46)) - raft.server.retrycache.statistics.expirytime = 100μs (default)
2023-08-25 08:52:06,270 [0b97acf7-1047-49ae-a506-e2d05ab0320a-groupManagement] INFO  server.RaftServerConfigKeys (ConfUtils.java:logGet(46)) - raft.server.read.option = DEFAULT (default)
2023-08-25 08:52:06,270 [0b97acf7-1047-49ae-a506-e2d05ab0320a-groupManagement] INFO  server.RaftServerConfigKeys (ConfUtils.java:logGet(46)) - raft.server.rpc.request.timeout = 60s (custom)
2023-08-25 08:52:06,270 [0b97acf7-1047-49ae-a506-e2d05ab0320a-groupManagement] INFO  server.RaftServerConfigKeys (ConfUtils.java:logGet(46)) - raft.server.log.appender.install.snapshot.enabled = false (custom)
2023-08-25 08:52:06,270 [0b97acf7-1047-49ae-a506-e2d05ab0320a-groupManagement] INFO  server.RaftServerConfigKeys (ConfUtils.java:logGet(46)) - raft.server.threadpool.server.cached = true (default)
2023-08-25 08:52:06,270 [0b97acf7-1047-49ae-a506-e2d05ab0320a-groupManagement] INFO  server.RaftServerConfigKeys (ConfUtils.java:logGet(46)) - raft.server.threadpool.server.size = 0 (default)
2023-08-25 08:52:06,271 [0b97acf7-1047-49ae-a506-e2d05ab0320a-groupManagement] INFO  server.RaftServerConfigKeys (ConfUtils.java:logGet(46)) - raft.server.threadpool.client.cached = true (default)
2023-08-25 08:52:06,271 [0b97acf7-1047-49ae-a506-e2d05ab0320a-groupManagement] INFO  server.RaftServerConfigKeys (ConfUtils.java:logGet(46)) - raft.server.threadpool.client.size = 0 (default)
2023-08-25 08:52:06,271 [0b97acf7-1047-49ae-a506-e2d05ab0320a-groupManagement] INFO  storage.RaftStorageDirectory (RaftStorageDirectoryImpl.java:analyzeStorage(137)) - The storage directory /home/runner/work/ozone/ozone/hadoop-ozone/integration-test/target/test-dir/MiniOzoneClusterImpl-0e3afe45-f4df-41ce-9d76-18b1c152426f/datanode-2/data/ratis/2f6f0524-8981-4b8b-998d-b69d6eec9027 does not exist. Creating ...
2023-08-25 08:52:06,272 [0b97acf7-1047-49ae-a506-e2d05ab0320a-groupManagement] INFO  storage.RaftStorageDirectory (RaftStorageDirectoryImpl.java:tryLock(231)) - Lock on /home/runner/work/ozone/ozone/hadoop-ozone/integration-test/target/test-dir/MiniOzoneClusterImpl-0e3afe45-f4df-41ce-9d76-18b1c152426f/datanode-2/data/ratis/2f6f0524-8981-4b8b-998d-b69d6eec9027/in_use.lock acquired by nodename 30217@fv-az584-689
2023-08-25 08:52:06,274 [0b97acf7-1047-49ae-a506-e2d05ab0320a-groupManagement] INFO  storage.RaftStorage (RaftStorageImpl.java:format(96)) - Storage directory /home/runner/work/ozone/ozone/hadoop-ozone/integration-test/target/test-dir/MiniOzoneClusterImpl-0e3afe45-f4df-41ce-9d76-18b1c152426f/datanode-2/data/ratis/2f6f0524-8981-4b8b-998d-b69d6eec9027 has been successfully formatted.
2023-08-25 08:52:06,276 [0b97acf7-1047-49ae-a506-e2d05ab0320a-groupManagement] INFO  ratis.ContainerStateMachine (ContainerStateMachine.java:loadSnapshot(262)) - group-B69D6EEC9027: The snapshot info is null. Setting the last applied indexto:(t:0, i:~)
2023-08-25 08:52:06,276 [0b97acf7-1047-49ae-a506-e2d05ab0320a-groupManagement] INFO  server.RaftServerConfigKeys (ConfUtils.java:logGet(46)) - raft.server.log.use.memory = false (default)
2023-08-25 08:52:06,277 [0b97acf7-1047-49ae-a506-e2d05ab0320a-groupManagement] INFO  server.RaftServerConfigKeys (ConfUtils.java:logGet(46)) - raft.server.log.purge.gap = 1000000 (custom)
2023-08-25 08:52:06,277 [0b97acf7-1047-49ae-a506-e2d05ab0320a-groupManagement] INFO  server.RaftServerConfigKeys (ConfUtils.java:logGet(46)) - raft.server.log.appender.buffer.byte-limit = 33554432 (custom)
2023-08-25 08:52:06,277 [0b97acf7-1047-49ae-a506-e2d05ab0320a-groupManagement] INFO  server.RaftServerConfigKeys (ConfUtils.java:logGet(46)) - raft.server.log.statemachine.data.read.timeout = 1000ms (default)
2023-08-25 08:52:06,277 [0b97acf7-1047-49ae-a506-e2d05ab0320a-groupManagement] INFO  server.RaftServerConfigKeys (ConfUtils.java:logGet(46)) - raft.server.log.purge.preservation.log.num = 0 (default)
2023-08-25 08:52:06,280 [0b97acf7-1047-49ae-a506-e2d05ab0320a-groupManagement] INFO  server.RaftServerConfigKeys (ConfUtils.java:logGet(46)) - raft.server.log.segment.size.max = 1048576 (custom)
2023-08-25 08:52:06,281 [0b97acf7-1047-49ae-a506-e2d05ab0320a-groupManagement] INFO  server.RaftServerConfigKeys (ConfUtils.java:logGet(46)) - raft.server.log.segment.cache.num.max = 2 (custom)
2023-08-25 08:52:06,281 [0b97acf7-1047-49ae-a506-e2d05ab0320a-groupManagement] INFO  server.RaftServerConfigKeys (ConfUtils.java:logGet(46)) - raft.server.log.segment.cache.size.max = 200MB (=209715200) (default)
2023-08-25 08:52:06,281 [0b97acf7-1047-49ae-a506-e2d05ab0320a-groupManagement] INFO  server.RaftServerConfigKeys (ConfUtils.java:logGet(46)) - raft.server.log.appender.buffer.byte-limit = 33554432 (custom)
2023-08-25 08:52:06,281 [0b97acf7-1047-49ae-a506-e2d05ab0320a-groupManagement] INFO  segmented.SegmentedRaftLogWorker (SegmentedRaftLogWorker.java:<init>(188)) - new 0b97acf7-1047-49ae-a506-e2d05ab0320a@group-B69D6EEC9027-SegmentedRaftLogWorker for RaftStorageImpl:Storage Directory /home/runner/work/ozone/ozone/hadoop-ozone/integration-test/target/test-dir/MiniOzoneClusterImpl-0e3afe45-f4df-41ce-9d76-18b1c152426f/datanode-2/data/ratis/2f6f0524-8981-4b8b-998d-b69d6eec9027
2023-08-25 08:52:06,281 [0b97acf7-1047-49ae-a506-e2d05ab0320a-groupManagement] INFO  server.RaftServerConfigKeys (ConfUtils.java:logGet(46)) - raft.server.log.queue.byte-limit = 4294967296 (custom)
2023-08-25 08:52:06,281 [0b97acf7-1047-49ae-a506-e2d05ab0320a-groupManagement] INFO  server.RaftServerConfigKeys (ConfUtils.java:logGet(46)) - raft.server.log.queue.element-limit = 1024 (custom)
2023-08-25 08:52:06,281 [0b97acf7-1047-49ae-a506-e2d05ab0320a-groupManagement] INFO  server.RaftServerConfigKeys (ConfUtils.java:logGet(46)) - raft.server.log.segment.size.max = 1048576 (custom)
2023-08-25 08:52:06,281 [0b97acf7-1047-49ae-a506-e2d05ab0320a-groupManagement] INFO  server.RaftServerConfigKeys (ConfUtils.java:logGet(46)) - raft.server.log.preallocated.size = 16384 (custom)
2023-08-25 08:52:06,281 [0b97acf7-1047-49ae-a506-e2d05ab0320a-groupManagement] INFO  server.RaftServerConfigKeys (ConfUtils.java:logGet(46)) - raft.server.log.force.sync.num = 128 (default)
2023-08-25 08:52:06,281 [0b97acf7-1047-49ae-a506-e2d05ab0320a-groupManagement] INFO  server.RaftServerConfigKeys (ConfUtils.java:logGet(46)) - raft.server.log.statemachine.data.sync = true (default)
2023-08-25 08:52:06,281 [0b97acf7-1047-49ae-a506-e2d05ab0320a-groupManagement] INFO  server.RaftServerConfigKeys (ConfUtils.java:logGet(46)) - raft.server.log.statemachine.data.sync.timeout = 10s (default)
2023-08-25 08:52:06,281 [0b97acf7-1047-49ae-a506-e2d05ab0320a-groupManagement] INFO  server.RaftServerConfigKeys (ConfUtils.java:logGet(46)) - raft.server.log.statemachine.data.sync.timeout.retry = -1 (default)
2023-08-25 08:52:06,282 [0b97acf7-1047-49ae-a506-e2d05ab0320a-groupManagement] INFO  server.RaftServerConfigKeys (ConfUtils.java:logGet(46)) - raft.server.log.write.buffer.size = 1048576 (custom)
2023-08-25 08:52:06,282 [0b97acf7-1047-49ae-a506-e2d05ab0320a-groupManagement] INFO  server.RaftServerConfigKeys (ConfUtils.java:logGet(46)) - raft.server.log.appender.buffer.byte-limit = 33554432 (custom)
2023-08-25 08:52:06,287 [0b97acf7-1047-49ae-a506-e2d05ab0320a-groupManagement] INFO  server.RaftServerConfigKeys (ConfUtils.java:logGet(46)) - raft.server.log.unsafe-flush.enabled = false (default)
2023-08-25 08:52:06,288 [0b97acf7-1047-49ae-a506-e2d05ab0320a-groupManagement] INFO  server.RaftServerConfigKeys (ConfUtils.java:logGet(46)) - raft.server.log.async-flush.enabled = false (default)
2023-08-25 08:52:06,288 [0b97acf7-1047-49ae-a506-e2d05ab0320a-groupManagement] INFO  server.RaftServerConfigKeys (ConfUtils.java:logGet(46)) - raft.server.log.statemachine.data.caching.enabled = true (custom)
2023-08-25 08:52:06,288 [0b97acf7-1047-49ae-a506-e2d05ab0320a-groupManagement] INFO  segmented.SegmentedRaftLogWorker (SegmentedRaftLogWorker.java:lambda$new$0(135)) - 0b97acf7-1047-49ae-a506-e2d05ab0320a@group-B69D6EEC9027-SegmentedRaftLogWorker: flushIndex: setUnconditionally 0 -> -1
2023-08-25 08:52:06,288 [0b97acf7-1047-49ae-a506-e2d05ab0320a-groupManagement] INFO  segmented.SegmentedRaftLogWorker (SegmentedRaftLogWorker.java:lambda$new$0(135)) - 0b97acf7-1047-49ae-a506-e2d05ab0320a@group-B69D6EEC9027-SegmentedRaftLogWorker: safeCacheEvictIndex: setUnconditionally 0 -> -1
2023-08-25 08:52:06,288 [0b97acf7-1047-49ae-a506-e2d05ab0320a-groupManagement] INFO  server.RaftServer$Division (RaftServerImpl.java:start(342)) - 0b97acf7-1047-49ae-a506-e2d05ab0320a@group-B69D6EEC9027: start as a follower, conf=-1: peers:[13a37e5a-b376-4d6f-b694-58d1355ff7ca|rpc:10.1.0.19:15120|admin:10.1.0.19:15119|client:10.1.0.19:15118|dataStream:10.1.0.19:15121|priority:1|startupRole:FOLLOWER, 5d860d7d-438a-4901-b268-bb236ca34e1d|rpc:10.1.0.19:15129|admin:10.1.0.19:15128|client:10.1.0.19:15127|dataStream:10.1.0.19:15130|priority:0|startupRole:FOLLOWER, 0b97acf7-1047-49ae-a506-e2d05ab0320a|rpc:10.1.0.19:15138|admin:10.1.0.19:15137|client:10.1.0.19:15136|dataStream:10.1.0.19:15139|priority:0|startupRole:FOLLOWER]|listeners:[], old=null
2023-08-25 08:52:06,288 [0b97acf7-1047-49ae-a506-e2d05ab0320a-groupManagement] INFO  server.RaftServer$Division (RaftServerImpl.java:setRole(329)) - 0b97acf7-1047-49ae-a506-e2d05ab0320a@group-B69D6EEC9027: changes role from      null to FOLLOWER at term 0 for startAsFollower
2023-08-25 08:52:06,288 [0b97acf7-1047-49ae-a506-e2d05ab0320a-groupManagement] INFO  impl.RoleInfo (RoleInfo.java:updateAndGet(139)) - 0b97acf7-1047-49ae-a506-e2d05ab0320a: start 0b97acf7-1047-49ae-a506-e2d05ab0320a@group-B69D6EEC9027-FollowerState
2023-08-25 08:52:06,289 [0b97acf7-1047-49ae-a506-e2d05ab0320a-groupManagement] INFO  util.JmxRegister (JmxRegister.java:tryRegister(44)) - Successfully registered JMX Bean with object name Ratis:service=RaftServer,group=group-B69D6EEC9027,id=0b97acf7-1047-49ae-a506-e2d05ab0320a
2023-08-25 08:52:06,289 [0b97acf7-1047-49ae-a506-e2d05ab0320a-groupManagement] INFO  server.RaftServerConfigKeys (ConfUtils.java:logGet(46)) - raft.server.snapshot.auto.trigger.enabled = true (custom)
2023-08-25 08:52:06,289 [0b97acf7-1047-49ae-a506-e2d05ab0320a-groupManagement] INFO  server.RaftServerConfigKeys (ConfUtils.java:logGet(46)) - raft.server.snapshot.auto.trigger.threshold = 10000 (custom)
2023-08-25 08:52:06,290 [0b97acf7-1047-49ae-a506-e2d05ab0320a-groupManagement] INFO  server.RaftServerConfigKeys (ConfUtils.java:logGet(46)) - raft.server.snapshot.retention.file.num = 5 (custom)
2023-08-25 08:52:06,290 [0b97acf7-1047-49ae-a506-e2d05ab0320a-groupManagement] INFO  server.RaftServerConfigKeys (ConfUtils.java:logGet(46)) - raft.server.log.purge.upto.snapshot.index = false (default)
2023-08-25 08:52:06,290 [0b97acf7-1047-49ae-a506-e2d05ab0320a@group-B69D6EEC9027-FollowerState] INFO  server.RaftServerConfigKeys (ConfUtils.java:logFallback(53)) - raft.server.rpc.first-election.timeout.min = 5s (fallback to raft.server.rpc.timeout.min)
2023-08-25 08:52:06,290 [0b97acf7-1047-49ae-a506-e2d05ab0320a@group-B69D6EEC9027-FollowerState] INFO  server.RaftServerConfigKeys (ConfUtils.java:logFallback(53)) - raft.server.rpc.first-election.timeout.max = 5200ms (fallback to raft.server.rpc.timeout.max)
2023-08-25 08:52:06,301 [PipelineCommandHandlerThread-0] INFO  commandhandler.CreatePipelineCommandHandler (CreatePipelineCommandHandler.java:lambda$handle$2(124)) - Created Pipeline RATIS THREE PipelineID=2f6f0524-8981-4b8b-998d-b69d6eec9027.
2023-08-25 08:52:06,301 [PipelineCommandHandlerThread-0] INFO  server.RaftServer (RaftServerProxy.java:addNew(98)) - 13a37e5a-b376-4d6f-b694-58d1355ff7ca: addNew group-861FC6D9773E:[13a37e5a-b376-4d6f-b694-58d1355ff7ca|rpc:10.1.0.19:15120|admin:10.1.0.19:15119|client:10.1.0.19:15118|dataStream:10.1.0.19:15121|priority:0|startupRole:FOLLOWER, 5d860d7d-438a-4901-b268-bb236ca34e1d|rpc:10.1.0.19:15129|admin:10.1.0.19:15128|client:10.1.0.19:15127|dataStream:10.1.0.19:15130|priority:0|startupRole:FOLLOWER, 0b97acf7-1047-49ae-a506-e2d05ab0320a|rpc:10.1.0.19:15138|admin:10.1.0.19:15137|client:10.1.0.19:15136|dataStream:10.1.0.19:15139|priority:1|startupRole:FOLLOWER] returns group-861FC6D9773E:java.util.concurrent.CompletableFuture@1a3909c3[Not completed]
2023-08-25 08:52:06,302 [13a37e5a-b376-4d6f-b694-58d1355ff7ca-groupManagement] INFO  server.RaftServer$Division (RaftServerImpl.java:<init>(198)) - 13a37e5a-b376-4d6f-b694-58d1355ff7ca: new RaftServerImpl for group-861FC6D9773E:[13a37e5a-b376-4d6f-b694-58d1355ff7ca|rpc:10.1.0.19:15120|admin:10.1.0.19:15119|client:10.1.0.19:15118|dataStream:10.1.0.19:15121|priority:0|startupRole:FOLLOWER, 5d860d7d-438a-4901-b268-bb236ca34e1d|rpc:10.1.0.19:15129|admin:10.1.0.19:15128|client:10.1.0.19:15127|dataStream:10.1.0.19:15130|priority:0|startupRole:FOLLOWER, 0b97acf7-1047-49ae-a506-e2d05ab0320a|rpc:10.1.0.19:15138|admin:10.1.0.19:15137|client:10.1.0.19:15136|dataStream:10.1.0.19:15139|priority:1|startupRole:FOLLOWER] with ContainerStateMachine:uninitialized
2023-08-25 08:52:06,302 [13a37e5a-b376-4d6f-b694-58d1355ff7ca-groupManagement] INFO  server.RaftServerConfigKeys (ConfUtils.java:logGet(46)) - raft.server.rpc.timeout.min = 5s (custom)
2023-08-25 08:52:06,302 [13a37e5a-b376-4d6f-b694-58d1355ff7ca-groupManagement] INFO  server.RaftServerConfigKeys (ConfUtils.java:logGet(46)) - raft.server.rpc.timeout.max = 5200ms (custom)
2023-08-25 08:52:06,302 [13a37e5a-b376-4d6f-b694-58d1355ff7ca-groupManagement] INFO  server.RaftServerConfigKeys (ConfUtils.java:logGet(46)) - raft.server.rpc.sleep.time = 25ms (default)
2023-08-25 08:52:06,302 [13a37e5a-b376-4d6f-b694-58d1355ff7ca-groupManagement] INFO  server.RaftServerConfigKeys (ConfUtils.java:logGet(46)) - raft.server.rpc.slowness.timeout = 300s (custom)
2023-08-25 08:52:06,302 [13a37e5a-b376-4d6f-b694-58d1355ff7ca-groupManagement] INFO  server.RaftServerConfigKeys (ConfUtils.java:logGet(46)) - raft.server.leaderelection.leader.step-down.wait-time = 10s (default)
2023-08-25 08:52:06,302 [13a37e5a-b376-4d6f-b694-58d1355ff7ca-groupManagement] INFO  server.RaftServerConfigKeys (ConfUtils.java:logGet(46)) - raft.server.sleep.deviation.threshold = 300ms (default)
2023-08-25 08:52:06,302 [13a37e5a-b376-4d6f-b694-58d1355ff7ca-groupManagement] INFO  server.RaftServer$Division (ServerState.java:<init>(120)) - 13a37e5a-b376-4d6f-b694-58d1355ff7ca@group-861FC6D9773E: ConfigurationManager, init=-1: peers:[13a37e5a-b376-4d6f-b694-58d1355ff7ca|rpc:10.1.0.19:15120|admin:10.1.0.19:15119|client:10.1.0.19:15118|dataStream:10.1.0.19:15121|priority:0|startupRole:FOLLOWER, 5d860d7d-438a-4901-b268-bb236ca34e1d|rpc:10.1.0.19:15129|admin:10.1.0.19:15128|client:10.1.0.19:15127|dataStream:10.1.0.19:15130|priority:0|startupRole:FOLLOWER, 0b97acf7-1047-49ae-a506-e2d05ab0320a|rpc:10.1.0.19:15138|admin:10.1.0.19:15137|client:10.1.0.19:15136|dataStream:10.1.0.19:15139|priority:1|startupRole:FOLLOWER]|listeners:[], old=null, confs=<EMPTY_MAP>
2023-08-25 08:52:06,303 [13a37e5a-b376-4d6f-b694-58d1355ff7ca-groupManagement] INFO  server.RaftServerConfigKeys (ConfUtils.java:logGet(46)) - raft.server.storage.dir = [/home/runner/work/ozone/ozone/hadoop-ozone/integration-test/target/test-dir/MiniOzoneClusterImpl-0e3afe45-f4df-41ce-9d76-18b1c152426f/datanode-0/data/ratis] (custom)
2023-08-25 08:52:06,303 [13a37e5a-b376-4d6f-b694-58d1355ff7ca-groupManagement] INFO  server.RaftServerConfigKeys (ConfUtils.java:logGet(46)) - raft.server.log.corruption.policy = EXCEPTION (default)
2023-08-25 08:52:06,303 [13a37e5a-b376-4d6f-b694-58d1355ff7ca-groupManagement] INFO  server.RaftServerConfigKeys (ConfUtils.java:logGet(46)) - raft.server.storage.free-space.min = 0MB (=0) (default)
2023-08-25 08:52:06,303 [13a37e5a-b376-4d6f-b694-58d1355ff7ca-groupManagement] INFO  server.RaftServerConfigKeys (ConfUtils.java:logGet(46)) - raft.server.notification.no-leader.timeout = 300s (custom)
2023-08-25 08:52:06,303 [13a37e5a-b376-4d6f-b694-58d1355ff7ca-groupManagement] INFO  server.RaftServerConfigKeys (ConfUtils.java:logGet(46)) - raft.server.read.timeout = 10s (default)
2023-08-25 08:52:06,303 [13a37e5a-b376-4d6f-b694-58d1355ff7ca-groupManagement] INFO  server.RaftServerConfigKeys (ConfUtils.java:logGet(46)) - raft.server.retrycache.expirytime = 600000ms (custom)
2023-08-25 08:52:06,303 [13a37e5a-b376-4d6f-b694-58d1355ff7ca-groupManagement] INFO  server.RaftServerConfigKeys (ConfUtils.java:logGet(46)) - raft.server.retrycache.statistics.expirytime = 100μs (default)
2023-08-25 08:52:06,303 [13a37e5a-b376-4d6f-b694-58d1355ff7ca-groupManagement] INFO  server.RaftServerConfigKeys (ConfUtils.java:logGet(46)) - raft.server.read.option = DEFAULT (default)
2023-08-25 08:52:06,304 [13a37e5a-b376-4d6f-b694-58d1355ff7ca-groupManagement] INFO  server.RaftServerConfigKeys (ConfUtils.java:logGet(46)) - raft.server.rpc.request.timeout = 60s (custom)
2023-08-25 08:52:06,304 [13a37e5a-b376-4d6f-b694-58d1355ff7ca-groupManagement] INFO  server.RaftServerConfigKeys (ConfUtils.java:logGet(46)) - raft.server.log.appender.install.snapshot.enabled = false (custom)
2023-08-25 08:52:06,304 [13a37e5a-b376-4d6f-b694-58d1355ff7ca-groupManagement] INFO  server.RaftServerConfigKeys (ConfUtils.java:logGet(46)) - raft.server.threadpool.server.cached = true (default)
2023-08-25 08:52:06,304 [13a37e5a-b376-4d6f-b694-58d1355ff7ca-groupManagement] INFO  server.RaftServerConfigKeys (ConfUtils.java:logGet(46)) - raft.server.threadpool.server.size = 0 (default)
2023-08-25 08:52:06,304 [13a37e5a-b376-4d6f-b694-58d1355ff7ca-groupManagement] INFO  server.RaftServerConfigKeys (ConfUtils.java:logGet(46)) - raft.server.threadpool.client.cached = true (default)
2023-08-25 08:52:06,304 [13a37e5a-b376-4d6f-b694-58d1355ff7ca-groupManagement] INFO  server.RaftServerConfigKeys (ConfUtils.java:logGet(46)) - raft.server.threadpool.client.size = 0 (default)
2023-08-25 08:52:06,304 [13a37e5a-b376-4d6f-b694-58d1355ff7ca-groupManagement] INFO  storage.RaftStorageDirectory (RaftStorageDirectoryImpl.java:analyzeStorage(137)) - The storage directory /home/runner/work/ozone/ozone/hadoop-ozone/integration-test/target/test-dir/MiniOzoneClusterImpl-0e3afe45-f4df-41ce-9d76-18b1c152426f/datanode-0/data/ratis/02f5b8e0-5f0c-480d-9b87-861fc6d9773e does not exist. Creating ...
2023-08-25 08:52:06,307 [13a37e5a-b376-4d6f-b694-58d1355ff7ca-groupManagement] INFO  storage.RaftStorageDirectory (RaftStorageDirectoryImpl.java:tryLock(231)) - Lock on /home/runner/work/ozone/ozone/hadoop-ozone/integration-test/target/test-dir/MiniOzoneClusterImpl-0e3afe45-f4df-41ce-9d76-18b1c152426f/datanode-0/data/ratis/02f5b8e0-5f0c-480d-9b87-861fc6d9773e/in_use.lock acquired by nodename 30217@fv-az584-689
2023-08-25 08:52:06,309 [13a37e5a-b376-4d6f-b694-58d1355ff7ca-groupManagement] INFO  storage.RaftStorage (RaftStorageImpl.java:format(96)) - Storage directory /home/runner/work/ozone/ozone/hadoop-ozone/integration-test/target/test-dir/MiniOzoneClusterImpl-0e3afe45-f4df-41ce-9d76-18b1c152426f/datanode-0/data/ratis/02f5b8e0-5f0c-480d-9b87-861fc6d9773e has been successfully formatted.
2023-08-25 08:52:06,310 [13a37e5a-b376-4d6f-b694-58d1355ff7ca-groupManagement] INFO  ratis.ContainerStateMachine (ContainerStateMachine.java:loadSnapshot(262)) - group-861FC6D9773E: The snapshot info is null. Setting the last applied indexto:(t:0, i:~)
2023-08-25 08:52:06,310 [13a37e5a-b376-4d6f-b694-58d1355ff7ca-groupManagement] INFO  server.RaftServerConfigKeys (ConfUtils.java:logGet(46)) - raft.server.log.use.memory = false (default)
2023-08-25 08:52:06,310 [13a37e5a-b376-4d6f-b694-58d1355ff7ca-groupManagement] INFO  server.RaftServerConfigKeys (ConfUtils.java:logGet(46)) - raft.server.log.purge.gap = 1000000 (custom)
2023-08-25 08:52:06,310 [13a37e5a-b376-4d6f-b694-58d1355ff7ca-groupManagement] INFO  server.RaftServerConfigKeys (ConfUtils.java:logGet(46)) - raft.server.log.appender.buffer.byte-limit = 33554432 (custom)
2023-08-25 08:52:06,310 [EventQueue-OpenPipelineForHealthyPipelineSafeModeRule] INFO  safemode.SCMSafeModeManager (HealthyPipelineSafeModeRule.java:process(137)) - SCM in safe mode. Healthy pipelines reported count is 0, required healthy pipeline reported count is 1
2023-08-25 08:52:06,310 [13a37e5a-b376-4d6f-b694-58d1355ff7ca-groupManagement] INFO  server.RaftServerConfigKeys (ConfUtils.java:logGet(46)) - raft.server.log.statemachine.data.read.timeout = 1000ms (default)
2023-08-25 08:52:06,311 [13a37e5a-b376-4d6f-b694-58d1355ff7ca-groupManagement] INFO  server.RaftServerConfigKeys (ConfUtils.java:logGet(46)) - raft.server.log.purge.preservation.log.num = 0 (default)
2023-08-25 08:52:06,311 [13a37e5a-b376-4d6f-b694-58d1355ff7ca-groupManagement] INFO  server.RaftServerConfigKeys (ConfUtils.java:logGet(46)) - raft.server.log.segment.size.max = 1048576 (custom)
2023-08-25 08:52:06,311 [13a37e5a-b376-4d6f-b694-58d1355ff7ca-groupManagement] INFO  server.RaftServerConfigKeys (ConfUtils.java:logGet(46)) - raft.server.log.segment.cache.num.max = 2 (custom)
2023-08-25 08:52:06,311 [13a37e5a-b376-4d6f-b694-58d1355ff7ca-groupManagement] INFO  server.RaftServerConfigKeys (ConfUtils.java:logGet(46)) - raft.server.log.segment.cache.size.max = 200MB (=209715200) (default)
2023-08-25 08:52:06,311 [13a37e5a-b376-4d6f-b694-58d1355ff7ca-groupManagement] INFO  server.RaftServerConfigKeys (ConfUtils.java:logGet(46)) - raft.server.log.appender.buffer.byte-limit = 33554432 (custom)
2023-08-25 08:52:06,311 [13a37e5a-b376-4d6f-b694-58d1355ff7ca-groupManagement] INFO  segmented.SegmentedRaftLogWorker (SegmentedRaftLogWorker.java:<init>(188)) - new 13a37e5a-b376-4d6f-b694-58d1355ff7ca@group-861FC6D9773E-SegmentedRaftLogWorker for RaftStorageImpl:Storage Directory /home/runner/work/ozone/ozone/hadoop-ozone/integration-test/target/test-dir/MiniOzoneClusterImpl-0e3afe45-f4df-41ce-9d76-18b1c152426f/datanode-0/data/ratis/02f5b8e0-5f0c-480d-9b87-861fc6d9773e
2023-08-25 08:52:06,311 [13a37e5a-b376-4d6f-b694-58d1355ff7ca-groupManagement] INFO  server.RaftServerConfigKeys (ConfUtils.java:logGet(46)) - raft.server.log.queue.byte-limit = 4294967296 (custom)
2023-08-25 08:52:06,311 [13a37e5a-b376-4d6f-b694-58d1355ff7ca-groupManagement] INFO  server.RaftServerConfigKeys (ConfUtils.java:logGet(46)) - raft.server.log.queue.element-limit = 1024 (custom)
2023-08-25 08:52:06,311 [13a37e5a-b376-4d6f-b694-58d1355ff7ca-groupManagement] INFO  server.RaftServerConfigKeys (ConfUtils.java:logGet(46)) - raft.server.log.segment.size.max = 1048576 (custom)
2023-08-25 08:52:06,312 [13a37e5a-b376-4d6f-b694-58d1355ff7ca-groupManagement] INFO  server.RaftServerConfigKeys (ConfUtils.java:logGet(46)) - raft.server.log.preallocated.size = 16384 (custom)
2023-08-25 08:52:06,312 [13a37e5a-b376-4d6f-b694-58d1355ff7ca-groupManagement] INFO  server.RaftServerConfigKeys (ConfUtils.java:logGet(46)) - raft.server.log.force.sync.num = 128 (default)
2023-08-25 08:52:06,312 [13a37e5a-b376-4d6f-b694-58d1355ff7ca-groupManagement] INFO  server.RaftServerConfigKeys (ConfUtils.java:logGet(46)) - raft.server.log.statemachine.data.sync = true (default)
2023-08-25 08:52:06,312 [13a37e5a-b376-4d6f-b694-58d1355ff7ca-groupManagement] INFO  server.RaftServerConfigKeys (ConfUtils.java:logGet(46)) - raft.server.log.statemachine.data.sync.timeout = 10s (default)
2023-08-25 08:52:06,312 [13a37e5a-b376-4d6f-b694-58d1355ff7ca-groupManagement] INFO  server.RaftServerConfigKeys (ConfUtils.java:logGet(46)) - raft.server.log.statemachine.data.sync.timeout.retry = -1 (default)
2023-08-25 08:52:06,312 [13a37e5a-b376-4d6f-b694-58d1355ff7ca-groupManagement] INFO  server.RaftServerConfigKeys (ConfUtils.java:logGet(46)) - raft.server.log.write.buffer.size = 1048576 (custom)
2023-08-25 08:52:06,313 [13a37e5a-b376-4d6f-b694-58d1355ff7ca-groupManagement] INFO  server.RaftServerConfigKeys (ConfUtils.java:logGet(46)) - raft.server.log.appender.buffer.byte-limit = 33554432 (custom)
2023-08-25 08:52:06,318 [13a37e5a-b376-4d6f-b694-58d1355ff7ca-groupManagement] INFO  server.RaftServerConfigKeys (ConfUtils.java:logGet(46)) - raft.server.log.unsafe-flush.enabled = false (default)
2023-08-25 08:52:06,319 [13a37e5a-b376-4d6f-b694-58d1355ff7ca-groupManagement] INFO  server.RaftServerConfigKeys (ConfUtils.java:logGet(46)) - raft.server.log.async-flush.enabled = false (default)
2023-08-25 08:52:06,319 [13a37e5a-b376-4d6f-b694-58d1355ff7ca-groupManagement] INFO  server.RaftServerConfigKeys (ConfUtils.java:logGet(46)) - raft.server.log.statemachine.data.caching.enabled = true (custom)
2023-08-25 08:52:06,319 [13a37e5a-b376-4d6f-b694-58d1355ff7ca-groupManagement] INFO  segmented.SegmentedRaftLogWorker (SegmentedRaftLogWorker.java:lambda$new$0(135)) - 13a37e5a-b376-4d6f-b694-58d1355ff7ca@group-861FC6D9773E-SegmentedRaftLogWorker: flushIndex: setUnconditionally 0 -> -1
2023-08-25 08:52:06,319 [13a37e5a-b376-4d6f-b694-58d1355ff7ca-groupManagement] INFO  segmented.SegmentedRaftLogWorker (SegmentedRaftLogWorker.java:lambda$new$0(135)) - 13a37e5a-b376-4d6f-b694-58d1355ff7ca@group-861FC6D9773E-SegmentedRaftLogWorker: safeCacheEvictIndex: setUnconditionally 0 -> -1
2023-08-25 08:52:06,319 [13a37e5a-b376-4d6f-b694-58d1355ff7ca-groupManagement] INFO  server.RaftServer$Division (RaftServerImpl.java:start(342)) - 13a37e5a-b376-4d6f-b694-58d1355ff7ca@group-861FC6D9773E: start as a follower, conf=-1: peers:[13a37e5a-b376-4d6f-b694-58d1355ff7ca|rpc:10.1.0.19:15120|admin:10.1.0.19:15119|client:10.1.0.19:15118|dataStream:10.1.0.19:15121|priority:0|startupRole:FOLLOWER, 5d860d7d-438a-4901-b268-bb236ca34e1d|rpc:10.1.0.19:15129|admin:10.1.0.19:15128|client:10.1.0.19:15127|dataStream:10.1.0.19:15130|priority:0|startupRole:FOLLOWER, 0b97acf7-1047-49ae-a506-e2d05ab0320a|rpc:10.1.0.19:15138|admin:10.1.0.19:15137|client:10.1.0.19:15136|dataStream:10.1.0.19:15139|priority:1|startupRole:FOLLOWER]|listeners:[], old=null
2023-08-25 08:52:06,319 [13a37e5a-b376-4d6f-b694-58d1355ff7ca-groupManagement] INFO  server.RaftServer$Division (RaftServerImpl.java:setRole(329)) - 13a37e5a-b376-4d6f-b694-58d1355ff7ca@group-861FC6D9773E: changes role from      null to FOLLOWER at term 0 for startAsFollower
2023-08-25 08:52:06,319 [13a37e5a-b376-4d6f-b694-58d1355ff7ca-groupManagement] INFO  impl.RoleInfo (RoleInfo.java:updateAndGet(139)) - 13a37e5a-b376-4d6f-b694-58d1355ff7ca: start 13a37e5a-b376-4d6f-b694-58d1355ff7ca@group-861FC6D9773E-FollowerState
2023-08-25 08:52:06,323 [13a37e5a-b376-4d6f-b694-58d1355ff7ca-groupManagement] INFO  util.JmxRegister (JmxRegister.java:tryRegister(44)) - Successfully registered JMX Bean with object name Ratis:service=RaftServer,group=group-861FC6D9773E,id=13a37e5a-b376-4d6f-b694-58d1355ff7ca
2023-08-25 08:52:06,323 [13a37e5a-b376-4d6f-b694-58d1355ff7ca-groupManagement] INFO  server.RaftServerConfigKeys (ConfUtils.java:logGet(46)) - raft.server.snapshot.auto.trigger.enabled = true (custom)
2023-08-25 08:52:06,323 [13a37e5a-b376-4d6f-b694-58d1355ff7ca-groupManagement] INFO  server.RaftServerConfigKeys (ConfUtils.java:logGet(46)) - raft.server.snapshot.auto.trigger.threshold = 10000 (custom)
2023-08-25 08:52:06,323 [13a37e5a-b376-4d6f-b694-58d1355ff7ca-groupManagement] INFO  server.RaftServerConfigKeys (ConfUtils.java:logGet(46)) - raft.server.snapshot.retention.file.num = 5 (custom)
2023-08-25 08:52:06,323 [13a37e5a-b376-4d6f-b694-58d1355ff7ca-groupManagement] INFO  server.RaftServerConfigKeys (ConfUtils.java:logGet(46)) - raft.server.log.purge.upto.snapshot.index = false (default)
2023-08-25 08:52:06,324 [13a37e5a-b376-4d6f-b694-58d1355ff7ca@group-861FC6D9773E-FollowerState] INFO  server.RaftServerConfigKeys (ConfUtils.java:logFallback(53)) - raft.server.rpc.first-election.timeout.min = 5s (fallback to raft.server.rpc.timeout.min)
2023-08-25 08:52:06,324 [13a37e5a-b376-4d6f-b694-58d1355ff7ca@group-861FC6D9773E-FollowerState] INFO  server.RaftServerConfigKeys (ConfUtils.java:logFallback(53)) - raft.server.rpc.first-election.timeout.max = 5200ms (fallback to raft.server.rpc.timeout.max)
2023-08-25 08:52:06,324 [PipelineCommandHandlerThread-0] INFO  ratis.XceiverServerRatis (XceiverServerRatis.java:addGroup(804)) - Created group PipelineID=02f5b8e0-5f0c-480d-9b87-861fc6d9773e
2023-08-25 08:52:06,334 [grpc-default-executor-0] INFO  server.RaftServer (RaftServerProxy.java:addNew(98)) - 0b97acf7-1047-49ae-a506-e2d05ab0320a: addNew group-861FC6D9773E:[13a37e5a-b376-4d6f-b694-58d1355ff7ca|rpc:10.1.0.19:15120|admin:10.1.0.19:15119|client:10.1.0.19:15118|dataStream:10.1.0.19:15121|priority:0|startupRole:FOLLOWER, 5d860d7d-438a-4901-b268-bb236ca34e1d|rpc:10.1.0.19:15129|admin:10.1.0.19:15128|client:10.1.0.19:15127|dataStream:10.1.0.19:15130|priority:0|startupRole:FOLLOWER, 0b97acf7-1047-49ae-a506-e2d05ab0320a|rpc:10.1.0.19:15138|admin:10.1.0.19:15137|client:10.1.0.19:15136|dataStream:10.1.0.19:15139|priority:1|startupRole:FOLLOWER] returns group-861FC6D9773E:java.util.concurrent.CompletableFuture@6a53ac02[Not completed]
2023-08-25 08:52:06,335 [0b97acf7-1047-49ae-a506-e2d05ab0320a-groupManagement] INFO  server.RaftServer$Division (RaftServerImpl.java:<init>(198)) - 0b97acf7-1047-49ae-a506-e2d05ab0320a: new RaftServerImpl for group-861FC6D9773E:[13a37e5a-b376-4d6f-b694-58d1355ff7ca|rpc:10.1.0.19:15120|admin:10.1.0.19:15119|client:10.1.0.19:15118|dataStream:10.1.0.19:15121|priority:0|startupRole:FOLLOWER, 5d860d7d-438a-4901-b268-bb236ca34e1d|rpc:10.1.0.19:15129|admin:10.1.0.19:15128|client:10.1.0.19:15127|dataStream:10.1.0.19:15130|priority:0|startupRole:FOLLOWER, 0b97acf7-1047-49ae-a506-e2d05ab0320a|rpc:10.1.0.19:15138|admin:10.1.0.19:15137|client:10.1.0.19:15136|dataStream:10.1.0.19:15139|priority:1|startupRole:FOLLOWER] with ContainerStateMachine:uninitialized
2023-08-25 08:52:06,335 [0b97acf7-1047-49ae-a506-e2d05ab0320a-groupManagement] INFO  server.RaftServerConfigKeys (ConfUtils.java:logGet(46)) - raft.server.rpc.timeout.min = 5s (custom)
2023-08-25 08:52:06,336 [0b97acf7-1047-49ae-a506-e2d05ab0320a-groupManagement] INFO  server.RaftServerConfigKeys (ConfUtils.java:logGet(46)) - raft.server.rpc.timeout.max = 5200ms (custom)
2023-08-25 08:52:06,336 [0b97acf7-1047-49ae-a506-e2d05ab0320a-groupManagement] INFO  server.RaftServerConfigKeys (ConfUtils.java:logGet(46)) - raft.server.rpc.sleep.time = 25ms (default)
2023-08-25 08:52:06,336 [0b97acf7-1047-49ae-a506-e2d05ab0320a-groupManagement] INFO  server.RaftServerConfigKeys (ConfUtils.java:logGet(46)) - raft.server.rpc.slowness.timeout = 300s (custom)
2023-08-25 08:52:06,336 [0b97acf7-1047-49ae-a506-e2d05ab0320a-groupManagement] INFO  server.RaftServerConfigKeys (ConfUtils.java:logGet(46)) - raft.server.leaderelection.leader.step-down.wait-time = 10s (default)
2023-08-25 08:52:06,336 [0b97acf7-1047-49ae-a506-e2d05ab0320a-groupManagement] INFO  server.RaftServerConfigKeys (ConfUtils.java:logGet(46)) - raft.server.sleep.deviation.threshold = 300ms (default)
2023-08-25 08:52:06,336 [0b97acf7-1047-49ae-a506-e2d05ab0320a-groupManagement] INFO  server.RaftServer$Division (ServerState.java:<init>(120)) - 0b97acf7-1047-49ae-a506-e2d05ab0320a@group-861FC6D9773E: ConfigurationManager, init=-1: peers:[13a37e5a-b376-4d6f-b694-58d1355ff7ca|rpc:10.1.0.19:15120|admin:10.1.0.19:15119|client:10.1.0.19:15118|dataStream:10.1.0.19:15121|priority:0|startupRole:FOLLOWER, 5d860d7d-438a-4901-b268-bb236ca34e1d|rpc:10.1.0.19:15129|admin:10.1.0.19:15128|client:10.1.0.19:15127|dataStream:10.1.0.19:15130|priority:0|startupRole:FOLLOWER, 0b97acf7-1047-49ae-a506-e2d05ab0320a|rpc:10.1.0.19:15138|admin:10.1.0.19:15137|client:10.1.0.19:15136|dataStream:10.1.0.19:15139|priority:1|startupRole:FOLLOWER]|listeners:[], old=null, confs=<EMPTY_MAP>
2023-08-25 08:52:06,336 [0b97acf7-1047-49ae-a506-e2d05ab0320a-groupManagement] INFO  server.RaftServerConfigKeys (ConfUtils.java:logGet(46)) - raft.server.storage.dir = [/home/runner/work/ozone/ozone/hadoop-ozone/integration-test/target/test-dir/MiniOzoneClusterImpl-0e3afe45-f4df-41ce-9d76-18b1c152426f/datanode-2/data/ratis] (custom)
2023-08-25 08:52:06,336 [0b97acf7-1047-49ae-a506-e2d05ab0320a-groupManagement] INFO  server.RaftServerConfigKeys (ConfUtils.java:logGet(46)) - raft.server.log.corruption.policy = EXCEPTION (default)
2023-08-25 08:52:06,336 [0b97acf7-1047-49ae-a506-e2d05ab0320a-groupManagement] INFO  server.RaftServerConfigKeys (ConfUtils.java:logGet(46)) - raft.server.storage.free-space.min = 0MB (=0) (default)
2023-08-25 08:52:06,336 [0b97acf7-1047-49ae-a506-e2d05ab0320a-groupManagement] INFO  server.RaftServerConfigKeys (ConfUtils.java:logGet(46)) - raft.server.notification.no-leader.timeout = 300s (custom)
2023-08-25 08:52:06,336 [0b97acf7-1047-49ae-a506-e2d05ab0320a-groupManagement] INFO  server.RaftServerConfigKeys (ConfUtils.java:logGet(46)) - raft.server.read.timeout = 10s (default)
2023-08-25 08:52:06,336 [0b97acf7-1047-49ae-a506-e2d05ab0320a-groupManagement] INFO  server.RaftServerConfigKeys (ConfUtils.java:logGet(46)) - raft.server.retrycache.expirytime = 600000ms (custom)
2023-08-25 08:52:06,336 [0b97acf7-1047-49ae-a506-e2d05ab0320a-groupManagement] INFO  server.RaftServerConfigKeys (ConfUtils.java:logGet(46)) - raft.server.retrycache.statistics.expirytime = 100μs (default)
2023-08-25 08:52:06,336 [0b97acf7-1047-49ae-a506-e2d05ab0320a-groupManagement] INFO  server.RaftServerConfigKeys (ConfUtils.java:logGet(46)) - raft.server.read.option = DEFAULT (default)
2023-08-25 08:52:06,337 [0b97acf7-1047-49ae-a506-e2d05ab0320a-groupManagement] INFO  server.RaftServerConfigKeys (ConfUtils.java:logGet(46)) - raft.server.rpc.request.timeout = 60s (custom)
2023-08-25 08:52:06,337 [0b97acf7-1047-49ae-a506-e2d05ab0320a-groupManagement] INFO  server.RaftServerConfigKeys (ConfUtils.java:logGet(46)) - raft.server.log.appender.install.snapshot.enabled = false (custom)
2023-08-25 08:52:06,337 [0b97acf7-1047-49ae-a506-e2d05ab0320a-groupManagement] INFO  server.RaftServerConfigKeys (ConfUtils.java:logGet(46)) - raft.server.threadpool.server.cached = true (default)
2023-08-25 08:52:06,337 [0b97acf7-1047-49ae-a506-e2d05ab0320a-groupManagement] INFO  server.RaftServerConfigKeys (ConfUtils.java:logGet(46)) - raft.server.threadpool.server.size = 0 (default)
2023-08-25 08:52:06,337 [0b97acf7-1047-49ae-a506-e2d05ab0320a-groupManagement] INFO  server.RaftServerConfigKeys (ConfUtils.java:logGet(46)) - raft.server.threadpool.client.cached = true (default)
2023-08-25 08:52:06,337 [0b97acf7-1047-49ae-a506-e2d05ab0320a-groupManagement] INFO  server.RaftServerConfigKeys (ConfUtils.java:logGet(46)) - raft.server.threadpool.client.size = 0 (default)
2023-08-25 08:52:06,337 [0b97acf7-1047-49ae-a506-e2d05ab0320a-groupManagement] INFO  storage.RaftStorageDirectory (RaftStorageDirectoryImpl.java:analyzeStorage(137)) - The storage directory /home/runner/work/ozone/ozone/hadoop-ozone/integration-test/target/test-dir/MiniOzoneClusterImpl-0e3afe45-f4df-41ce-9d76-18b1c152426f/datanode-2/data/ratis/02f5b8e0-5f0c-480d-9b87-861fc6d9773e does not exist. Creating ...
2023-08-25 08:52:06,339 [0b97acf7-1047-49ae-a506-e2d05ab0320a-groupManagement] INFO  storage.RaftStorageDirectory (RaftStorageDirectoryImpl.java:tryLock(231)) - Lock on /home/runner/work/ozone/ozone/hadoop-ozone/integration-test/target/test-dir/MiniOzoneClusterImpl-0e3afe45-f4df-41ce-9d76-18b1c152426f/datanode-2/data/ratis/02f5b8e0-5f0c-480d-9b87-861fc6d9773e/in_use.lock acquired by nodename 30217@fv-az584-689
2023-08-25 08:52:06,340 [0b97acf7-1047-49ae-a506-e2d05ab0320a-groupManagement] INFO  storage.RaftStorage (RaftStorageImpl.java:format(96)) - Storage directory /home/runner/work/ozone/ozone/hadoop-ozone/integration-test/target/test-dir/MiniOzoneClusterImpl-0e3afe45-f4df-41ce-9d76-18b1c152426f/datanode-2/data/ratis/02f5b8e0-5f0c-480d-9b87-861fc6d9773e has been successfully formatted.
2023-08-25 08:52:06,341 [0b97acf7-1047-49ae-a506-e2d05ab0320a-groupManagement] INFO  ratis.ContainerStateMachine (ContainerStateMachine.java:loadSnapshot(262)) - group-861FC6D9773E: The snapshot info is null. Setting the last applied indexto:(t:0, i:~)
2023-08-25 08:52:06,342 [0b97acf7-1047-49ae-a506-e2d05ab0320a-groupManagement] INFO  server.RaftServerConfigKeys (ConfUtils.java:logGet(46)) - raft.server.log.use.memory = false (default)
2023-08-25 08:52:06,342 [0b97acf7-1047-49ae-a506-e2d05ab0320a-groupManagement] INFO  server.RaftServerConfigKeys (ConfUtils.java:logGet(46)) - raft.server.log.purge.gap = 1000000 (custom)
2023-08-25 08:52:06,343 [0b97acf7-1047-49ae-a506-e2d05ab0320a-groupManagement] INFO  server.RaftServerConfigKeys (ConfUtils.java:logGet(46)) - raft.server.log.appender.buffer.byte-limit = 33554432 (custom)
2023-08-25 08:52:06,343 [0b97acf7-1047-49ae-a506-e2d05ab0320a-groupManagement] INFO  server.RaftServerConfigKeys (ConfUtils.java:logGet(46)) - raft.server.log.statemachine.data.read.timeout = 1000ms (default)
2023-08-25 08:52:06,343 [0b97acf7-1047-49ae-a506-e2d05ab0320a-groupManagement] INFO  server.RaftServerConfigKeys (ConfUtils.java:logGet(46)) - raft.server.log.purge.preservation.log.num = 0 (default)
2023-08-25 08:52:06,343 [0b97acf7-1047-49ae-a506-e2d05ab0320a-groupManagement] INFO  server.RaftServerConfigKeys (ConfUtils.java:logGet(46)) - raft.server.log.segment.size.max = 1048576 (custom)
2023-08-25 08:52:06,343 [0b97acf7-1047-49ae-a506-e2d05ab0320a-groupManagement] INFO  server.RaftServerConfigKeys (ConfUtils.java:logGet(46)) - raft.server.log.segment.cache.num.max = 2 (custom)
2023-08-25 08:52:06,343 [0b97acf7-1047-49ae-a506-e2d05ab0320a-groupManagement] INFO  server.RaftServerConfigKeys (ConfUtils.java:logGet(46)) - raft.server.log.segment.cache.size.max = 200MB (=209715200) (default)
2023-08-25 08:52:06,343 [0b97acf7-1047-49ae-a506-e2d05ab0320a-groupManagement] INFO  server.RaftServerConfigKeys (ConfUtils.java:logGet(46)) - raft.server.log.appender.buffer.byte-limit = 33554432 (custom)
2023-08-25 08:52:06,343 [0b97acf7-1047-49ae-a506-e2d05ab0320a-groupManagement] INFO  segmented.SegmentedRaftLogWorker (SegmentedRaftLogWorker.java:<init>(188)) - new 0b97acf7-1047-49ae-a506-e2d05ab0320a@group-861FC6D9773E-SegmentedRaftLogWorker for RaftStorageImpl:Storage Directory /home/runner/work/ozone/ozone/hadoop-ozone/integration-test/target/test-dir/MiniOzoneClusterImpl-0e3afe45-f4df-41ce-9d76-18b1c152426f/datanode-2/data/ratis/02f5b8e0-5f0c-480d-9b87-861fc6d9773e
2023-08-25 08:52:06,343 [0b97acf7-1047-49ae-a506-e2d05ab0320a-groupManagement] INFO  server.RaftServerConfigKeys (ConfUtils.java:logGet(46)) - raft.server.log.queue.byte-limit = 4294967296 (custom)
2023-08-25 08:52:06,343 [0b97acf7-1047-49ae-a506-e2d05ab0320a-groupManagement] INFO  server.RaftServerConfigKeys (ConfUtils.java:logGet(46)) - raft.server.log.queue.element-limit = 1024 (custom)
2023-08-25 08:52:06,343 [0b97acf7-1047-49ae-a506-e2d05ab0320a-groupManagement] INFO  server.RaftServerConfigKeys (ConfUtils.java:logGet(46)) - raft.server.log.segment.size.max = 1048576 (custom)
2023-08-25 08:52:06,343 [0b97acf7-1047-49ae-a506-e2d05ab0320a-groupManagement] INFO  server.RaftServerConfigKeys (ConfUtils.java:logGet(46)) - raft.server.log.preallocated.size = 16384 (custom)
2023-08-25 08:52:06,343 [0b97acf7-1047-49ae-a506-e2d05ab0320a-groupManagement] INFO  server.RaftServerConfigKeys (ConfUtils.java:logGet(46)) - raft.server.log.force.sync.num = 128 (default)
2023-08-25 08:52:06,343 [0b97acf7-1047-49ae-a506-e2d05ab0320a-groupManagement] INFO  server.RaftServerConfigKeys (ConfUtils.java:logGet(46)) - raft.server.log.statemachine.data.sync = true (default)
2023-08-25 08:52:06,344 [0b97acf7-1047-49ae-a506-e2d05ab0320a-groupManagement] INFO  server.RaftServerConfigKeys (ConfUtils.java:logGet(46)) - raft.server.log.statemachine.data.sync.timeout = 10s (default)
2023-08-25 08:52:06,344 [0b97acf7-1047-49ae-a506-e2d05ab0320a-groupManagement] INFO  server.RaftServerConfigKeys (ConfUtils.java:logGet(46)) - raft.server.log.statemachine.data.sync.timeout.retry = -1 (default)
2023-08-25 08:52:06,344 [0b97acf7-1047-49ae-a506-e2d05ab0320a-groupManagement] INFO  server.RaftServerConfigKeys (ConfUtils.java:logGet(46)) - raft.server.log.write.buffer.size = 1048576 (custom)
2023-08-25 08:52:06,345 [0b97acf7-1047-49ae-a506-e2d05ab0320a-groupManagement] INFO  server.RaftServerConfigKeys (ConfUtils.java:logGet(46)) - raft.server.log.appender.buffer.byte-limit = 33554432 (custom)
2023-08-25 08:52:06,350 [0b97acf7-1047-49ae-a506-e2d05ab0320a-groupManagement] INFO  server.RaftServerConfigKeys (ConfUtils.java:logGet(46)) - raft.server.log.unsafe-flush.enabled = false (default)
2023-08-25 08:52:06,350 [0b97acf7-1047-49ae-a506-e2d05ab0320a-groupManagement] INFO  server.RaftServerConfigKeys (ConfUtils.java:logGet(46)) - raft.server.log.async-flush.enabled = false (default)
2023-08-25 08:52:06,350 [0b97acf7-1047-49ae-a506-e2d05ab0320a-groupManagement] INFO  server.RaftServerConfigKeys (ConfUtils.java:logGet(46)) - raft.server.log.statemachine.data.caching.enabled = true (custom)
2023-08-25 08:52:06,350 [0b97acf7-1047-49ae-a506-e2d05ab0320a-groupManagement] INFO  segmented.SegmentedRaftLogWorker (SegmentedRaftLogWorker.java:lambda$new$0(135)) - 0b97acf7-1047-49ae-a506-e2d05ab0320a@group-861FC6D9773E-SegmentedRaftLogWorker: flushIndex: setUnconditionally 0 -> -1
2023-08-25 08:52:06,350 [0b97acf7-1047-49ae-a506-e2d05ab0320a-groupManagement] INFO  segmented.SegmentedRaftLogWorker (SegmentedRaftLogWorker.java:lambda$new$0(135)) - 0b97acf7-1047-49ae-a506-e2d05ab0320a@group-861FC6D9773E-SegmentedRaftLogWorker: safeCacheEvictIndex: setUnconditionally 0 -> -1
2023-08-25 08:52:06,351 [0b97acf7-1047-49ae-a506-e2d05ab0320a-groupManagement] INFO  server.RaftServer$Division (RaftServerImpl.java:start(342)) - 0b97acf7-1047-49ae-a506-e2d05ab0320a@group-861FC6D9773E: start as a follower, conf=-1: peers:[13a37e5a-b376-4d6f-b694-58d1355ff7ca|rpc:10.1.0.19:15120|admin:10.1.0.19:15119|client:10.1.0.19:15118|dataStream:10.1.0.19:15121|priority:0|startupRole:FOLLOWER, 5d860d7d-438a-4901-b268-bb236ca34e1d|rpc:10.1.0.19:15129|admin:10.1.0.19:15128|client:10.1.0.19:15127|dataStream:10.1.0.19:15130|priority:0|startupRole:FOLLOWER, 0b97acf7-1047-49ae-a506-e2d05ab0320a|rpc:10.1.0.19:15138|admin:10.1.0.19:15137|client:10.1.0.19:15136|dataStream:10.1.0.19:15139|priority:1|startupRole:FOLLOWER]|listeners:[], old=null
2023-08-25 08:52:06,351 [0b97acf7-1047-49ae-a506-e2d05ab0320a-groupManagement] INFO  server.RaftServer$Division (RaftServerImpl.java:setRole(329)) - 0b97acf7-1047-49ae-a506-e2d05ab0320a@group-861FC6D9773E: changes role from      null to FOLLOWER at term 0 for startAsFollower
2023-08-25 08:52:06,351 [0b97acf7-1047-49ae-a506-e2d05ab0320a-groupManagement] INFO  impl.RoleInfo (RoleInfo.java:updateAndGet(139)) - 0b97acf7-1047-49ae-a506-e2d05ab0320a: start 0b97acf7-1047-49ae-a506-e2d05ab0320a@group-861FC6D9773E-FollowerState
2023-08-25 08:52:06,351 [0b97acf7-1047-49ae-a506-e2d05ab0320a-groupManagement] INFO  util.JmxRegister (JmxRegister.java:tryRegister(44)) - Successfully registered JMX Bean with object name Ratis:service=RaftServer,group=group-861FC6D9773E,id=0b97acf7-1047-49ae-a506-e2d05ab0320a
2023-08-25 08:52:06,351 [0b97acf7-1047-49ae-a506-e2d05ab0320a@group-861FC6D9773E-FollowerState] INFO  server.RaftServerConfigKeys (ConfUtils.java:logFallback(53)) - raft.server.rpc.first-election.timeout.min = 5s (fallback to raft.server.rpc.timeout.min)
2023-08-25 08:52:06,351 [0b97acf7-1047-49ae-a506-e2d05ab0320a-groupManagement] INFO  server.RaftServerConfigKeys (ConfUtils.java:logGet(46)) - raft.server.snapshot.auto.trigger.enabled = true (custom)
2023-08-25 08:52:06,351 [0b97acf7-1047-49ae-a506-e2d05ab0320a@group-861FC6D9773E-FollowerState] INFO  server.RaftServerConfigKeys (ConfUtils.java:logFallback(53)) - raft.server.rpc.first-election.timeout.max = 5200ms (fallback to raft.server.rpc.timeout.max)
2023-08-25 08:52:06,351 [0b97acf7-1047-49ae-a506-e2d05ab0320a-groupManagement] INFO  server.RaftServerConfigKeys (ConfUtils.java:logGet(46)) - raft.server.snapshot.auto.trigger.threshold = 10000 (custom)
2023-08-25 08:52:06,351 [0b97acf7-1047-49ae-a506-e2d05ab0320a-groupManagement] INFO  server.RaftServerConfigKeys (ConfUtils.java:logGet(46)) - raft.server.snapshot.retention.file.num = 5 (custom)
2023-08-25 08:52:06,351 [0b97acf7-1047-49ae-a506-e2d05ab0320a-groupManagement] INFO  server.RaftServerConfigKeys (ConfUtils.java:logGet(46)) - raft.server.log.purge.upto.snapshot.index = false (default)
2023-08-25 08:52:06,369 [grpc-default-executor-0] INFO  server.RaftServer (RaftServerProxy.java:addNew(98)) - 5d860d7d-438a-4901-b268-bb236ca34e1d: addNew group-861FC6D9773E:[13a37e5a-b376-4d6f-b694-58d1355ff7ca|rpc:10.1.0.19:15120|admin:10.1.0.19:15119|client:10.1.0.19:15118|dataStream:10.1.0.19:15121|priority:0|startupRole:FOLLOWER, 5d860d7d-438a-4901-b268-bb236ca34e1d|rpc:10.1.0.19:15129|admin:10.1.0.19:15128|client:10.1.0.19:15127|dataStream:10.1.0.19:15130|priority:0|startupRole:FOLLOWER, 0b97acf7-1047-49ae-a506-e2d05ab0320a|rpc:10.1.0.19:15138|admin:10.1.0.19:15137|client:10.1.0.19:15136|dataStream:10.1.0.19:15139|priority:1|startupRole:FOLLOWER] returns group-861FC6D9773E:java.util.concurrent.CompletableFuture@260063ba[Not completed]
2023-08-25 08:52:06,370 [5d860d7d-438a-4901-b268-bb236ca34e1d-groupManagement] INFO  server.RaftServer$Division (RaftServerImpl.java:<init>(198)) - 5d860d7d-438a-4901-b268-bb236ca34e1d: new RaftServerImpl for group-861FC6D9773E:[13a37e5a-b376-4d6f-b694-58d1355ff7ca|rpc:10.1.0.19:15120|admin:10.1.0.19:15119|client:10.1.0.19:15118|dataStream:10.1.0.19:15121|priority:0|startupRole:FOLLOWER, 5d860d7d-438a-4901-b268-bb236ca34e1d|rpc:10.1.0.19:15129|admin:10.1.0.19:15128|client:10.1.0.19:15127|dataStream:10.1.0.19:15130|priority:0|startupRole:FOLLOWER, 0b97acf7-1047-49ae-a506-e2d05ab0320a|rpc:10.1.0.19:15138|admin:10.1.0.19:15137|client:10.1.0.19:15136|dataStream:10.1.0.19:15139|priority:1|startupRole:FOLLOWER] with ContainerStateMachine:uninitialized
2023-08-25 08:52:06,370 [5d860d7d-438a-4901-b268-bb236ca34e1d-groupManagement] INFO  server.RaftServerConfigKeys (ConfUtils.java:logGet(46)) - raft.server.rpc.timeout.min = 5s (custom)
2023-08-25 08:52:06,370 [5d860d7d-438a-4901-b268-bb236ca34e1d-groupManagement] INFO  server.RaftServerConfigKeys (ConfUtils.java:logGet(46)) - raft.server.rpc.timeout.max = 5200ms (custom)
2023-08-25 08:52:06,370 [5d860d7d-438a-4901-b268-bb236ca34e1d-groupManagement] INFO  server.RaftServerConfigKeys (ConfUtils.java:logGet(46)) - raft.server.rpc.sleep.time = 25ms (default)
2023-08-25 08:52:06,370 [5d860d7d-438a-4901-b268-bb236ca34e1d-groupManagement] INFO  server.RaftServerConfigKeys (ConfUtils.java:logGet(46)) - raft.server.rpc.slowness.timeout = 300s (custom)
2023-08-25 08:52:06,370 [5d860d7d-438a-4901-b268-bb236ca34e1d-groupManagement] INFO  server.RaftServerConfigKeys (ConfUtils.java:logGet(46)) - raft.server.leaderelection.leader.step-down.wait-time = 10s (default)
2023-08-25 08:52:06,370 [5d860d7d-438a-4901-b268-bb236ca34e1d-groupManagement] INFO  server.RaftServerConfigKeys (ConfUtils.java:logGet(46)) - raft.server.sleep.deviation.threshold = 300ms (default)
2023-08-25 08:52:06,371 [5d860d7d-438a-4901-b268-bb236ca34e1d-groupManagement] INFO  server.RaftServer$Division (ServerState.java:<init>(120)) - 5d860d7d-438a-4901-b268-bb236ca34e1d@group-861FC6D9773E: ConfigurationManager, init=-1: peers:[13a37e5a-b376-4d6f-b694-58d1355ff7ca|rpc:10.1.0.19:15120|admin:10.1.0.19:15119|client:10.1.0.19:15118|dataStream:10.1.0.19:15121|priority:0|startupRole:FOLLOWER, 5d860d7d-438a-4901-b268-bb236ca34e1d|rpc:10.1.0.19:15129|admin:10.1.0.19:15128|client:10.1.0.19:15127|dataStream:10.1.0.19:15130|priority:0|startupRole:FOLLOWER, 0b97acf7-1047-49ae-a506-e2d05ab0320a|rpc:10.1.0.19:15138|admin:10.1.0.19:15137|client:10.1.0.19:15136|dataStream:10.1.0.19:15139|priority:1|startupRole:FOLLOWER]|listeners:[], old=null, confs=<EMPTY_MAP>
2023-08-25 08:52:06,371 [5d860d7d-438a-4901-b268-bb236ca34e1d-groupManagement] INFO  server.RaftServerConfigKeys (ConfUtils.java:logGet(46)) - raft.server.storage.dir = [/home/runner/work/ozone/ozone/hadoop-ozone/integration-test/target/test-dir/MiniOzoneClusterImpl-0e3afe45-f4df-41ce-9d76-18b1c152426f/datanode-1/data/ratis] (custom)
2023-08-25 08:52:06,371 [5d860d7d-438a-4901-b268-bb236ca34e1d-groupManagement] INFO  server.RaftServerConfigKeys (ConfUtils.java:logGet(46)) - raft.server.log.corruption.policy = EXCEPTION (default)
2023-08-25 08:52:06,371 [5d860d7d-438a-4901-b268-bb236ca34e1d-groupManagement] INFO  server.RaftServerConfigKeys (ConfUtils.java:logGet(46)) - raft.server.storage.free-space.min = 0MB (=0) (default)
2023-08-25 08:52:06,371 [5d860d7d-438a-4901-b268-bb236ca34e1d-groupManagement] INFO  server.RaftServerConfigKeys (ConfUtils.java:logGet(46)) - raft.server.notification.no-leader.timeout = 300s (custom)
2023-08-25 08:52:06,371 [5d860d7d-438a-4901-b268-bb236ca34e1d-groupManagement] INFO  server.RaftServerConfigKeys (ConfUtils.java:logGet(46)) - raft.server.read.timeout = 10s (default)
2023-08-25 08:52:06,371 [5d860d7d-438a-4901-b268-bb236ca34e1d-groupManagement] INFO  server.RaftServerConfigKeys (ConfUtils.java:logGet(46)) - raft.server.retrycache.expirytime = 600000ms (custom)
2023-08-25 08:52:06,371 [5d860d7d-438a-4901-b268-bb236ca34e1d-groupManagement] INFO  server.RaftServerConfigKeys (ConfUtils.java:logGet(46)) - raft.server.retrycache.statistics.expirytime = 100μs (default)
2023-08-25 08:52:06,371 [5d860d7d-438a-4901-b268-bb236ca34e1d-groupManagement] INFO  server.RaftServerConfigKeys (ConfUtils.java:logGet(46)) - raft.server.read.option = DEFAULT (default)
2023-08-25 08:52:06,372 [5d860d7d-438a-4901-b268-bb236ca34e1d-groupManagement] INFO  server.RaftServerConfigKeys (ConfUtils.java:logGet(46)) - raft.server.rpc.request.timeout = 60s (custom)
2023-08-25 08:52:06,372 [5d860d7d-438a-4901-b268-bb236ca34e1d-groupManagement] INFO  server.RaftServerConfigKeys (ConfUtils.java:logGet(46)) - raft.server.log.appender.install.snapshot.enabled = false (custom)
2023-08-25 08:52:06,372 [5d860d7d-438a-4901-b268-bb236ca34e1d-groupManagement] INFO  server.RaftServerConfigKeys (ConfUtils.java:logGet(46)) - raft.server.threadpool.server.cached = true (default)
2023-08-25 08:52:06,372 [5d860d7d-438a-4901-b268-bb236ca34e1d-groupManagement] INFO  server.RaftServerConfigKeys (ConfUtils.java:logGet(46)) - raft.server.threadpool.server.size = 0 (default)
2023-08-25 08:52:06,372 [5d860d7d-438a-4901-b268-bb236ca34e1d-groupManagement] INFO  server.RaftServerConfigKeys (ConfUtils.java:logGet(46)) - raft.server.threadpool.client.cached = true (default)
2023-08-25 08:52:06,372 [5d860d7d-438a-4901-b268-bb236ca34e1d-groupManagement] INFO  server.RaftServerConfigKeys (ConfUtils.java:logGet(46)) - raft.server.threadpool.client.size = 0 (default)
2023-08-25 08:52:06,372 [5d860d7d-438a-4901-b268-bb236ca34e1d-groupManagement] INFO  storage.RaftStorageDirectory (RaftStorageDirectoryImpl.java:analyzeStorage(137)) - The storage directory /home/runner/work/ozone/ozone/hadoop-ozone/integration-test/target/test-dir/MiniOzoneClusterImpl-0e3afe45-f4df-41ce-9d76-18b1c152426f/datanode-1/data/ratis/02f5b8e0-5f0c-480d-9b87-861fc6d9773e does not exist. Creating ...
2023-08-25 08:52:06,373 [5d860d7d-438a-4901-b268-bb236ca34e1d-groupManagement] INFO  storage.RaftStorageDirectory (RaftStorageDirectoryImpl.java:tryLock(231)) - Lock on /home/runner/work/ozone/ozone/hadoop-ozone/integration-test/target/test-dir/MiniOzoneClusterImpl-0e3afe45-f4df-41ce-9d76-18b1c152426f/datanode-1/data/ratis/02f5b8e0-5f0c-480d-9b87-861fc6d9773e/in_use.lock acquired by nodename 30217@fv-az584-689
2023-08-25 08:52:06,375 [5d860d7d-438a-4901-b268-bb236ca34e1d-groupManagement] INFO  storage.RaftStorage (RaftStorageImpl.java:format(96)) - Storage directory /home/runner/work/ozone/ozone/hadoop-ozone/integration-test/target/test-dir/MiniOzoneClusterImpl-0e3afe45-f4df-41ce-9d76-18b1c152426f/datanode-1/data/ratis/02f5b8e0-5f0c-480d-9b87-861fc6d9773e has been successfully formatted.
2023-08-25 08:52:06,375 [5d860d7d-438a-4901-b268-bb236ca34e1d-groupManagement] INFO  ratis.ContainerStateMachine (ContainerStateMachine.java:loadSnapshot(262)) - group-861FC6D9773E: The snapshot info is null. Setting the last applied indexto:(t:0, i:~)
2023-08-25 08:52:06,375 [5d860d7d-438a-4901-b268-bb236ca34e1d-groupManagement] INFO  server.RaftServerConfigKeys (ConfUtils.java:logGet(46)) - raft.server.log.use.memory = false (default)
2023-08-25 08:52:06,376 [5d860d7d-438a-4901-b268-bb236ca34e1d-groupManagement] INFO  server.RaftServerConfigKeys (ConfUtils.java:logGet(46)) - raft.server.log.purge.gap = 1000000 (custom)
2023-08-25 08:52:06,376 [5d860d7d-438a-4901-b268-bb236ca34e1d-groupManagement] INFO  server.RaftServerConfigKeys (ConfUtils.java:logGet(46)) - raft.server.log.appender.buffer.byte-limit = 33554432 (custom)
2023-08-25 08:52:06,376 [5d860d7d-438a-4901-b268-bb236ca34e1d-groupManagement] INFO  server.RaftServerConfigKeys (ConfUtils.java:logGet(46)) - raft.server.log.statemachine.data.read.timeout = 1000ms (default)
2023-08-25 08:52:06,376 [5d860d7d-438a-4901-b268-bb236ca34e1d-groupManagement] INFO  server.RaftServerConfigKeys (ConfUtils.java:logGet(46)) - raft.server.log.purge.preservation.log.num = 0 (default)
2023-08-25 08:52:06,377 [5d860d7d-438a-4901-b268-bb236ca34e1d-groupManagement] INFO  server.RaftServerConfigKeys (ConfUtils.java:logGet(46)) - raft.server.log.segment.size.max = 1048576 (custom)
2023-08-25 08:52:06,377 [5d860d7d-438a-4901-b268-bb236ca34e1d-groupManagement] INFO  server.RaftServerConfigKeys (ConfUtils.java:logGet(46)) - raft.server.log.segment.cache.num.max = 2 (custom)
2023-08-25 08:52:06,377 [5d860d7d-438a-4901-b268-bb236ca34e1d-groupManagement] INFO  server.RaftServerConfigKeys (ConfUtils.java:logGet(46)) - raft.server.log.segment.cache.size.max = 200MB (=209715200) (default)
2023-08-25 08:52:06,377 [5d860d7d-438a-4901-b268-bb236ca34e1d-groupManagement] INFO  server.RaftServerConfigKeys (ConfUtils.java:logGet(46)) - raft.server.log.appender.buffer.byte-limit = 33554432 (custom)
2023-08-25 08:52:06,377 [5d860d7d-438a-4901-b268-bb236ca34e1d-groupManagement] INFO  segmented.SegmentedRaftLogWorker (SegmentedRaftLogWorker.java:<init>(188)) - new 5d860d7d-438a-4901-b268-bb236ca34e1d@group-861FC6D9773E-SegmentedRaftLogWorker for RaftStorageImpl:Storage Directory /home/runner/work/ozone/ozone/hadoop-ozone/integration-test/target/test-dir/MiniOzoneClusterImpl-0e3afe45-f4df-41ce-9d76-18b1c152426f/datanode-1/data/ratis/02f5b8e0-5f0c-480d-9b87-861fc6d9773e
2023-08-25 08:52:06,378 [5d860d7d-438a-4901-b268-bb236ca34e1d-groupManagement] INFO  server.RaftServerConfigKeys (ConfUtils.java:logGet(46)) - raft.server.log.queue.byte-limit = 4294967296 (custom)
2023-08-25 08:52:06,378 [5d860d7d-438a-4901-b268-bb236ca34e1d-groupManagement] INFO  server.RaftServerConfigKeys (ConfUtils.java:logGet(46)) - raft.server.log.queue.element-limit = 1024 (custom)
2023-08-25 08:52:06,378 [5d860d7d-438a-4901-b268-bb236ca34e1d-groupManagement] INFO  server.RaftServerConfigKeys (ConfUtils.java:logGet(46)) - raft.server.log.segment.size.max = 1048576 (custom)
2023-08-25 08:52:06,378 [5d860d7d-438a-4901-b268-bb236ca34e1d-groupManagement] INFO  server.RaftServerConfigKeys (ConfUtils.java:logGet(46)) - raft.server.log.preallocated.size = 16384 (custom)
2023-08-25 08:52:06,378 [5d860d7d-438a-4901-b268-bb236ca34e1d-groupManagement] INFO  server.RaftServerConfigKeys (ConfUtils.java:logGet(46)) - raft.server.log.force.sync.num = 128 (default)
2023-08-25 08:52:06,378 [5d860d7d-438a-4901-b268-bb236ca34e1d-groupManagement] INFO  server.RaftServerConfigKeys (ConfUtils.java:logGet(46)) - raft.server.log.statemachine.data.sync = true (default)
2023-08-25 08:52:06,378 [5d860d7d-438a-4901-b268-bb236ca34e1d-groupManagement] INFO  server.RaftServerConfigKeys (ConfUtils.java:logGet(46)) - raft.server.log.statemachine.data.sync.timeout = 10s (default)
2023-08-25 08:52:06,378 [5d860d7d-438a-4901-b268-bb236ca34e1d-groupManagement] INFO  server.RaftServerConfigKeys (ConfUtils.java:logGet(46)) - raft.server.log.statemachine.data.sync.timeout.retry = -1 (default)
2023-08-25 08:52:06,378 [5d860d7d-438a-4901-b268-bb236ca34e1d-groupManagement] INFO  server.RaftServerConfigKeys (ConfUtils.java:logGet(46)) - raft.server.log.write.buffer.size = 1048576 (custom)
2023-08-25 08:52:06,379 [5d860d7d-438a-4901-b268-bb236ca34e1d-groupManagement] INFO  server.RaftServerConfigKeys (ConfUtils.java:logGet(46)) - raft.server.log.appender.buffer.byte-limit = 33554432 (custom)
2023-08-25 08:52:06,384 [5d860d7d-438a-4901-b268-bb236ca34e1d-groupManagement] INFO  server.RaftServerConfigKeys (ConfUtils.java:logGet(46)) - raft.server.log.unsafe-flush.enabled = false (default)
2023-08-25 08:52:06,385 [5d860d7d-438a-4901-b268-bb236ca34e1d-groupManagement] INFO  server.RaftServerConfigKeys (ConfUtils.java:logGet(46)) - raft.server.log.async-flush.enabled = false (default)
2023-08-25 08:52:06,385 [5d860d7d-438a-4901-b268-bb236ca34e1d-groupManagement] INFO  server.RaftServerConfigKeys (ConfUtils.java:logGet(46)) - raft.server.log.statemachine.data.caching.enabled = true (custom)
2023-08-25 08:52:06,385 [5d860d7d-438a-4901-b268-bb236ca34e1d-groupManagement] INFO  segmented.SegmentedRaftLogWorker (SegmentedRaftLogWorker.java:lambda$new$0(135)) - 5d860d7d-438a-4901-b268-bb236ca34e1d@group-861FC6D9773E-SegmentedRaftLogWorker: flushIndex: setUnconditionally 0 -> -1
2023-08-25 08:52:06,385 [5d860d7d-438a-4901-b268-bb236ca34e1d-groupManagement] INFO  segmented.SegmentedRaftLogWorker (SegmentedRaftLogWorker.java:lambda$new$0(135)) - 5d860d7d-438a-4901-b268-bb236ca34e1d@group-861FC6D9773E-SegmentedRaftLogWorker: safeCacheEvictIndex: setUnconditionally 0 -> -1
2023-08-25 08:52:06,385 [5d860d7d-438a-4901-b268-bb236ca34e1d-groupManagement] INFO  server.RaftServer$Division (RaftServerImpl.java:start(342)) - 5d860d7d-438a-4901-b268-bb236ca34e1d@group-861FC6D9773E: start as a follower, conf=-1: peers:[13a37e5a-b376-4d6f-b694-58d1355ff7ca|rpc:10.1.0.19:15120|admin:10.1.0.19:15119|client:10.1.0.19:15118|dataStream:10.1.0.19:15121|priority:0|startupRole:FOLLOWER, 5d860d7d-438a-4901-b268-bb236ca34e1d|rpc:10.1.0.19:15129|admin:10.1.0.19:15128|client:10.1.0.19:15127|dataStream:10.1.0.19:15130|priority:0|startupRole:FOLLOWER, 0b97acf7-1047-49ae-a506-e2d05ab0320a|rpc:10.1.0.19:15138|admin:10.1.0.19:15137|client:10.1.0.19:15136|dataStream:10.1.0.19:15139|priority:1|startupRole:FOLLOWER]|listeners:[], old=null
2023-08-25 08:52:06,385 [5d860d7d-438a-4901-b268-bb236ca34e1d-groupManagement] INFO  server.RaftServer$Division (RaftServerImpl.java:setRole(329)) - 5d860d7d-438a-4901-b268-bb236ca34e1d@group-861FC6D9773E: changes role from      null to FOLLOWER at term 0 for startAsFollower
2023-08-25 08:52:06,385 [5d860d7d-438a-4901-b268-bb236ca34e1d-groupManagement] INFO  impl.RoleInfo (RoleInfo.java:updateAndGet(139)) - 5d860d7d-438a-4901-b268-bb236ca34e1d: start 5d860d7d-438a-4901-b268-bb236ca34e1d@group-861FC6D9773E-FollowerState
2023-08-25 08:52:06,386 [5d860d7d-438a-4901-b268-bb236ca34e1d-groupManagement] INFO  util.JmxRegister (JmxRegister.java:tryRegister(44)) - Successfully registered JMX Bean with object name Ratis:service=RaftServer,group=group-861FC6D9773E,id=5d860d7d-438a-4901-b268-bb236ca34e1d
2023-08-25 08:52:06,386 [5d860d7d-438a-4901-b268-bb236ca34e1d@group-861FC6D9773E-FollowerState] INFO  server.RaftServerConfigKeys (ConfUtils.java:logFallback(53)) - raft.server.rpc.first-election.timeout.min = 5s (fallback to raft.server.rpc.timeout.min)
2023-08-25 08:52:06,386 [5d860d7d-438a-4901-b268-bb236ca34e1d-groupManagement] INFO  server.RaftServerConfigKeys (ConfUtils.java:logGet(46)) - raft.server.snapshot.auto.trigger.enabled = true (custom)
2023-08-25 08:52:06,387 [5d860d7d-438a-4901-b268-bb236ca34e1d@group-861FC6D9773E-FollowerState] INFO  server.RaftServerConfigKeys (ConfUtils.java:logFallback(53)) - raft.server.rpc.first-election.timeout.max = 5200ms (fallback to raft.server.rpc.timeout.max)
2023-08-25 08:52:06,387 [5d860d7d-438a-4901-b268-bb236ca34e1d-groupManagement] INFO  server.RaftServerConfigKeys (ConfUtils.java:logGet(46)) - raft.server.snapshot.auto.trigger.threshold = 10000 (custom)
2023-08-25 08:52:06,387 [5d860d7d-438a-4901-b268-bb236ca34e1d-groupManagement] INFO  server.RaftServerConfigKeys (ConfUtils.java:logGet(46)) - raft.server.snapshot.retention.file.num = 5 (custom)
2023-08-25 08:52:06,387 [5d860d7d-438a-4901-b268-bb236ca34e1d-groupManagement] INFO  server.RaftServerConfigKeys (ConfUtils.java:logGet(46)) - raft.server.log.purge.upto.snapshot.index = false (default)
2023-08-25 08:52:06,393 [PipelineCommandHandlerThread-0] INFO  commandhandler.CreatePipelineCommandHandler (CreatePipelineCommandHandler.java:lambda$handle$2(124)) - Created Pipeline RATIS THREE PipelineID=02f5b8e0-5f0c-480d-9b87-861fc6d9773e.
2023-08-25 08:52:06,465 [PipelineCommandHandlerThread-0] INFO  server.RaftServer (RaftServerProxy.java:addNew(98)) - 5d860d7d-438a-4901-b268-bb236ca34e1d: addNew group-A413331606F7:[5d860d7d-438a-4901-b268-bb236ca34e1d|rpc:10.1.0.19:15129|admin:10.1.0.19:15128|client:10.1.0.19:15127|dataStream:10.1.0.19:15130|priority:1|startupRole:FOLLOWER] returns group-A413331606F7:java.util.concurrent.CompletableFuture@22bcc3b8[Not completed]
2023-08-25 08:52:06,465 [5d860d7d-438a-4901-b268-bb236ca34e1d-groupManagement] INFO  server.RaftServer$Division (RaftServerImpl.java:<init>(198)) - 5d860d7d-438a-4901-b268-bb236ca34e1d: new RaftServerImpl for group-A413331606F7:[5d860d7d-438a-4901-b268-bb236ca34e1d|rpc:10.1.0.19:15129|admin:10.1.0.19:15128|client:10.1.0.19:15127|dataStream:10.1.0.19:15130|priority:1|startupRole:FOLLOWER] with ContainerStateMachine:uninitialized
2023-08-25 08:52:06,466 [5d860d7d-438a-4901-b268-bb236ca34e1d-groupManagement] INFO  server.RaftServerConfigKeys (ConfUtils.java:logGet(46)) - raft.server.rpc.timeout.min = 5s (custom)
2023-08-25 08:52:06,466 [5d860d7d-438a-4901-b268-bb236ca34e1d-groupManagement] INFO  server.RaftServerConfigKeys (ConfUtils.java:logGet(46)) - raft.server.rpc.timeout.max = 5200ms (custom)
2023-08-25 08:52:06,466 [5d860d7d-438a-4901-b268-bb236ca34e1d-groupManagement] INFO  server.RaftServerConfigKeys (ConfUtils.java:logGet(46)) - raft.server.rpc.sleep.time = 25ms (default)
2023-08-25 08:52:06,466 [5d860d7d-438a-4901-b268-bb236ca34e1d-groupManagement] INFO  server.RaftServerConfigKeys (ConfUtils.java:logGet(46)) - raft.server.rpc.slowness.timeout = 300s (custom)
2023-08-25 08:52:06,466 [5d860d7d-438a-4901-b268-bb236ca34e1d-groupManagement] INFO  server.RaftServerConfigKeys (ConfUtils.java:logGet(46)) - raft.server.leaderelection.leader.step-down.wait-time = 10s (default)
2023-08-25 08:52:06,466 [5d860d7d-438a-4901-b268-bb236ca34e1d-groupManagement] INFO  server.RaftServerConfigKeys (ConfUtils.java:logGet(46)) - raft.server.sleep.deviation.threshold = 300ms (default)
2023-08-25 08:52:06,466 [5d860d7d-438a-4901-b268-bb236ca34e1d-groupManagement] INFO  server.RaftServer$Division (ServerState.java:<init>(120)) - 5d860d7d-438a-4901-b268-bb236ca34e1d@group-A413331606F7: ConfigurationManager, init=-1: peers:[5d860d7d-438a-4901-b268-bb236ca34e1d|rpc:10.1.0.19:15129|admin:10.1.0.19:15128|client:10.1.0.19:15127|dataStream:10.1.0.19:15130|priority:1|startupRole:FOLLOWER]|listeners:[], old=null, confs=<EMPTY_MAP>
2023-08-25 08:52:06,466 [5d860d7d-438a-4901-b268-bb236ca34e1d-groupManagement] INFO  server.RaftServerConfigKeys (ConfUtils.java:logGet(46)) - raft.server.storage.dir = [/home/runner/work/ozone/ozone/hadoop-ozone/integration-test/target/test-dir/MiniOzoneClusterImpl-0e3afe45-f4df-41ce-9d76-18b1c152426f/datanode-1/data/ratis] (custom)
2023-08-25 08:52:06,466 [5d860d7d-438a-4901-b268-bb236ca34e1d-groupManagement] INFO  server.RaftServerConfigKeys (ConfUtils.java:logGet(46)) - raft.server.log.corruption.policy = EXCEPTION (default)
2023-08-25 08:52:06,466 [5d860d7d-438a-4901-b268-bb236ca34e1d-groupManagement] INFO  server.RaftServerConfigKeys (ConfUtils.java:logGet(46)) - raft.server.storage.free-space.min = 0MB (=0) (default)
2023-08-25 08:52:06,466 [5d860d7d-438a-4901-b268-bb236ca34e1d-groupManagement] INFO  server.RaftServerConfigKeys (ConfUtils.java:logGet(46)) - raft.server.notification.no-leader.timeout = 300s (custom)
2023-08-25 08:52:06,466 [5d860d7d-438a-4901-b268-bb236ca34e1d-groupManagement] INFO  server.RaftServerConfigKeys (ConfUtils.java:logGet(46)) - raft.server.read.timeout = 10s (default)
2023-08-25 08:52:06,466 [5d860d7d-438a-4901-b268-bb236ca34e1d-groupManagement] INFO  server.RaftServerConfigKeys (ConfUtils.java:logGet(46)) - raft.server.retrycache.expirytime = 600000ms (custom)
2023-08-25 08:52:06,466 [5d860d7d-438a-4901-b268-bb236ca34e1d-groupManagement] INFO  server.RaftServerConfigKeys (ConfUtils.java:logGet(46)) - raft.server.retrycache.statistics.expirytime = 100μs (default)
2023-08-25 08:52:06,467 [5d860d7d-438a-4901-b268-bb236ca34e1d-groupManagement] INFO  server.RaftServerConfigKeys (ConfUtils.java:logGet(46)) - raft.server.read.option = DEFAULT (default)
2023-08-25 08:52:06,467 [5d860d7d-438a-4901-b268-bb236ca34e1d-groupManagement] INFO  server.RaftServerConfigKeys (ConfUtils.java:logGet(46)) - raft.server.rpc.request.timeout = 60s (custom)
2023-08-25 08:52:06,467 [5d860d7d-438a-4901-b268-bb236ca34e1d-groupManagement] INFO  server.RaftServerConfigKeys (ConfUtils.java:logGet(46)) - raft.server.log.appender.install.snapshot.enabled = false (custom)
2023-08-25 08:52:06,467 [5d860d7d-438a-4901-b268-bb236ca34e1d-groupManagement] INFO  server.RaftServerConfigKeys (ConfUtils.java:logGet(46)) - raft.server.threadpool.server.cached = true (default)
2023-08-25 08:52:06,467 [5d860d7d-438a-4901-b268-bb236ca34e1d-groupManagement] INFO  server.RaftServerConfigKeys (ConfUtils.java:logGet(46)) - raft.server.threadpool.server.size = 0 (default)
2023-08-25 08:52:06,467 [5d860d7d-438a-4901-b268-bb236ca34e1d-groupManagement] INFO  server.RaftServerConfigKeys (ConfUtils.java:logGet(46)) - raft.server.threadpool.client.cached = true (default)
2023-08-25 08:52:06,467 [5d860d7d-438a-4901-b268-bb236ca34e1d-groupManagement] INFO  server.RaftServerConfigKeys (ConfUtils.java:logGet(46)) - raft.server.threadpool.client.size = 0 (default)
2023-08-25 08:52:06,468 [5d860d7d-438a-4901-b268-bb236ca34e1d-groupManagement] INFO  storage.RaftStorageDirectory (RaftStorageDirectoryImpl.java:analyzeStorage(137)) - The storage directory /home/runner/work/ozone/ozone/hadoop-ozone/integration-test/target/test-dir/MiniOzoneClusterImpl-0e3afe45-f4df-41ce-9d76-18b1c152426f/datanode-1/data/ratis/e430227b-40c3-48dc-990d-a413331606f7 does not exist. Creating ...
2023-08-25 08:52:06,469 [5d860d7d-438a-4901-b268-bb236ca34e1d-groupManagement] INFO  storage.RaftStorageDirectory (RaftStorageDirectoryImpl.java:tryLock(231)) - Lock on /home/runner/work/ozone/ozone/hadoop-ozone/integration-test/target/test-dir/MiniOzoneClusterImpl-0e3afe45-f4df-41ce-9d76-18b1c152426f/datanode-1/data/ratis/e430227b-40c3-48dc-990d-a413331606f7/in_use.lock acquired by nodename 30217@fv-az584-689
2023-08-25 08:52:06,470 [5d860d7d-438a-4901-b268-bb236ca34e1d-groupManagement] INFO  storage.RaftStorage (RaftStorageImpl.java:format(96)) - Storage directory /home/runner/work/ozone/ozone/hadoop-ozone/integration-test/target/test-dir/MiniOzoneClusterImpl-0e3afe45-f4df-41ce-9d76-18b1c152426f/datanode-1/data/ratis/e430227b-40c3-48dc-990d-a413331606f7 has been successfully formatted.
2023-08-25 08:52:06,471 [5d860d7d-438a-4901-b268-bb236ca34e1d-groupManagement] INFO  ratis.ContainerStateMachine (ContainerStateMachine.java:loadSnapshot(262)) - group-A413331606F7: The snapshot info is null. Setting the last applied indexto:(t:0, i:~)
2023-08-25 08:52:06,471 [5d860d7d-438a-4901-b268-bb236ca34e1d-groupManagement] INFO  server.RaftServerConfigKeys (ConfUtils.java:logGet(46)) - raft.server.log.use.memory = false (default)
2023-08-25 08:52:06,472 [5d860d7d-438a-4901-b268-bb236ca34e1d-groupManagement] INFO  server.RaftServerConfigKeys (ConfUtils.java:logGet(46)) - raft.server.log.purge.gap = 1000000 (custom)
2023-08-25 08:52:06,472 [5d860d7d-438a-4901-b268-bb236ca34e1d-groupManagement] INFO  server.RaftServerConfigKeys (ConfUtils.java:logGet(46)) - raft.server.log.appender.buffer.byte-limit = 33554432 (custom)
2023-08-25 08:52:06,472 [5d860d7d-438a-4901-b268-bb236ca34e1d-groupManagement] INFO  server.RaftServerConfigKeys (ConfUtils.java:logGet(46)) - raft.server.log.statemachine.data.read.timeout = 1000ms (default)
2023-08-25 08:52:06,472 [5d860d7d-438a-4901-b268-bb236ca34e1d-groupManagement] INFO  server.RaftServerConfigKeys (ConfUtils.java:logGet(46)) - raft.server.log.purge.preservation.log.num = 0 (default)
2023-08-25 08:52:06,472 [5d860d7d-438a-4901-b268-bb236ca34e1d-groupManagement] INFO  server.RaftServerConfigKeys (ConfUtils.java:logGet(46)) - raft.server.log.segment.size.max = 1048576 (custom)
2023-08-25 08:52:06,472 [5d860d7d-438a-4901-b268-bb236ca34e1d-groupManagement] INFO  server.RaftServerConfigKeys (ConfUtils.java:logGet(46)) - raft.server.log.segment.cache.num.max = 2 (custom)
2023-08-25 08:52:06,472 [5d860d7d-438a-4901-b268-bb236ca34e1d-groupManagement] INFO  server.RaftServerConfigKeys (ConfUtils.java:logGet(46)) - raft.server.log.segment.cache.size.max = 200MB (=209715200) (default)
2023-08-25 08:52:06,473 [5d860d7d-438a-4901-b268-bb236ca34e1d-groupManagement] INFO  server.RaftServerConfigKeys (ConfUtils.java:logGet(46)) - raft.server.log.appender.buffer.byte-limit = 33554432 (custom)
2023-08-25 08:52:06,473 [5d860d7d-438a-4901-b268-bb236ca34e1d-groupManagement] INFO  segmented.SegmentedRaftLogWorker (SegmentedRaftLogWorker.java:<init>(188)) - new 5d860d7d-438a-4901-b268-bb236ca34e1d@group-A413331606F7-SegmentedRaftLogWorker for RaftStorageImpl:Storage Directory /home/runner/work/ozone/ozone/hadoop-ozone/integration-test/target/test-dir/MiniOzoneClusterImpl-0e3afe45-f4df-41ce-9d76-18b1c152426f/datanode-1/data/ratis/e430227b-40c3-48dc-990d-a413331606f7
2023-08-25 08:52:06,473 [5d860d7d-438a-4901-b268-bb236ca34e1d-groupManagement] INFO  server.RaftServerConfigKeys (ConfUtils.java:logGet(46)) - raft.server.log.queue.byte-limit = 4294967296 (custom)
2023-08-25 08:52:06,473 [5d860d7d-438a-4901-b268-bb236ca34e1d-groupManagement] INFO  server.RaftServerConfigKeys (ConfUtils.java:logGet(46)) - raft.server.log.queue.element-limit = 1024 (custom)
2023-08-25 08:52:06,473 [EventQueue-PipelineReportForPipelineReportHandler] INFO  pipeline.PipelineReportHandler (PipelineReportHandler.java:processPipelineReport(136)) - Opened pipeline PipelineID=e430227b-40c3-48dc-990d-a413331606f7
2023-08-25 08:52:06,473 [5d860d7d-438a-4901-b268-bb236ca34e1d-groupManagement] INFO  server.RaftServerConfigKeys (ConfUtils.java:logGet(46)) - raft.server.log.segment.size.max = 1048576 (custom)
2023-08-25 08:52:06,473 [EventQueue-OpenPipelineForHealthyPipelineSafeModeRule] INFO  safemode.SCMSafeModeManager (HealthyPipelineSafeModeRule.java:process(137)) - SCM in safe mode. Healthy pipelines reported count is 0, required healthy pipeline reported count is 1
2023-08-25 08:52:06,473 [5d860d7d-438a-4901-b268-bb236ca34e1d-groupManagement] INFO  server.RaftServerConfigKeys (ConfUtils.java:logGet(46)) - raft.server.log.preallocated.size = 16384 (custom)
2023-08-25 08:52:06,473 [Time-limited test] INFO  ozone.MiniOzoneClusterImpl (MiniOzoneClusterImpl.java:lambda$waitForClusterToBeReady$0(224)) - Nodes are ready. Got 5 of 5 DN Heartbeats.
2023-08-25 08:52:06,473 [Time-limited test] INFO  ozone.MiniOzoneClusterImpl (MiniOzoneClusterImpl.java:lambda$waitForClusterToBeReady$0(227)) - Waiting for cluster to exit safe mode
2023-08-25 08:52:06,473 [Time-limited test] INFO  ozone.MiniOzoneClusterImpl (MiniOzoneClusterImpl.java:lambda$waitForClusterToBeReady$0(229)) - SCM became leader
2023-08-25 08:52:06,474 [5d860d7d-438a-4901-b268-bb236ca34e1d-groupManagement] INFO  server.RaftServerConfigKeys (ConfUtils.java:logGet(46)) - raft.server.log.force.sync.num = 128 (default)
2023-08-25 08:52:06,474 [5d860d7d-438a-4901-b268-bb236ca34e1d-groupManagement] INFO  server.RaftServerConfigKeys (ConfUtils.java:logGet(46)) - raft.server.log.statemachine.data.sync = true (default)
2023-08-25 08:52:06,474 [5d860d7d-438a-4901-b268-bb236ca34e1d-groupManagement] INFO  server.RaftServerConfigKeys (ConfUtils.java:logGet(46)) - raft.server.log.statemachine.data.sync.timeout = 10s (default)
2023-08-25 08:52:06,476 [5d860d7d-438a-4901-b268-bb236ca34e1d-groupManagement] INFO  server.RaftServerConfigKeys (ConfUtils.java:logGet(46)) - raft.server.log.statemachine.data.sync.timeout.retry = -1 (default)
2023-08-25 08:52:06,477 [5d860d7d-438a-4901-b268-bb236ca34e1d-groupManagement] INFO  server.RaftServerConfigKeys (ConfUtils.java:logGet(46)) - raft.server.log.write.buffer.size = 1048576 (custom)
2023-08-25 08:52:06,478 [5d860d7d-438a-4901-b268-bb236ca34e1d-groupManagement] INFO  server.RaftServerConfigKeys (ConfUtils.java:logGet(46)) - raft.server.log.appender.buffer.byte-limit = 33554432 (custom)
2023-08-25 08:52:06,484 [5d860d7d-438a-4901-b268-bb236ca34e1d-groupManagement] INFO  server.RaftServerConfigKeys (ConfUtils.java:logGet(46)) - raft.server.log.unsafe-flush.enabled = false (default)
2023-08-25 08:52:06,484 [5d860d7d-438a-4901-b268-bb236ca34e1d-groupManagement] INFO  server.RaftServerConfigKeys (ConfUtils.java:logGet(46)) - raft.server.log.async-flush.enabled = false (default)
2023-08-25 08:52:06,485 [5d860d7d-438a-4901-b268-bb236ca34e1d-groupManagement] INFO  server.RaftServerConfigKeys (ConfUtils.java:logGet(46)) - raft.server.log.statemachine.data.caching.enabled = true (custom)
2023-08-25 08:52:06,485 [5d860d7d-438a-4901-b268-bb236ca34e1d-groupManagement] INFO  segmented.SegmentedRaftLogWorker (SegmentedRaftLogWorker.java:lambda$new$0(135)) - 5d860d7d-438a-4901-b268-bb236ca34e1d@group-A413331606F7-SegmentedRaftLogWorker: flushIndex: setUnconditionally 0 -> -1
2023-08-25 08:52:06,485 [5d860d7d-438a-4901-b268-bb236ca34e1d-groupManagement] INFO  segmented.SegmentedRaftLogWorker (SegmentedRaftLogWorker.java:lambda$new$0(135)) - 5d860d7d-438a-4901-b268-bb236ca34e1d@group-A413331606F7-SegmentedRaftLogWorker: safeCacheEvictIndex: setUnconditionally 0 -> -1
2023-08-25 08:52:06,485 [5d860d7d-438a-4901-b268-bb236ca34e1d-groupManagement] INFO  server.RaftServer$Division (RaftServerImpl.java:start(342)) - 5d860d7d-438a-4901-b268-bb236ca34e1d@group-A413331606F7: start as a follower, conf=-1: peers:[5d860d7d-438a-4901-b268-bb236ca34e1d|rpc:10.1.0.19:15129|admin:10.1.0.19:15128|client:10.1.0.19:15127|dataStream:10.1.0.19:15130|priority:1|startupRole:FOLLOWER]|listeners:[], old=null
2023-08-25 08:52:06,485 [5d860d7d-438a-4901-b268-bb236ca34e1d-groupManagement] INFO  server.RaftServer$Division (RaftServerImpl.java:setRole(329)) - 5d860d7d-438a-4901-b268-bb236ca34e1d@group-A413331606F7: changes role from      null to FOLLOWER at term 0 for startAsFollower
2023-08-25 08:52:06,485 [5d860d7d-438a-4901-b268-bb236ca34e1d-groupManagement] INFO  impl.RoleInfo (RoleInfo.java:updateAndGet(139)) - 5d860d7d-438a-4901-b268-bb236ca34e1d: start 5d860d7d-438a-4901-b268-bb236ca34e1d@group-A413331606F7-FollowerState
2023-08-25 08:52:06,491 [5d860d7d-438a-4901-b268-bb236ca34e1d-groupManagement] INFO  util.JmxRegister (JmxRegister.java:tryRegister(44)) - Successfully registered JMX Bean with object name Ratis:service=RaftServer,group=group-A413331606F7,id=5d860d7d-438a-4901-b268-bb236ca34e1d
2023-08-25 08:52:06,491 [5d860d7d-438a-4901-b268-bb236ca34e1d-groupManagement] INFO  server.RaftServerConfigKeys (ConfUtils.java:logGet(46)) - raft.server.snapshot.auto.trigger.enabled = true (custom)
2023-08-25 08:52:06,491 [5d860d7d-438a-4901-b268-bb236ca34e1d-groupManagement] INFO  server.RaftServerConfigKeys (ConfUtils.java:logGet(46)) - raft.server.snapshot.auto.trigger.threshold = 10000 (custom)
2023-08-25 08:52:06,491 [5d860d7d-438a-4901-b268-bb236ca34e1d-groupManagement] INFO  server.RaftServerConfigKeys (ConfUtils.java:logGet(46)) - raft.server.snapshot.retention.file.num = 5 (custom)
2023-08-25 08:52:06,491 [5d860d7d-438a-4901-b268-bb236ca34e1d-groupManagement] INFO  server.RaftServerConfigKeys (ConfUtils.java:logGet(46)) - raft.server.log.purge.upto.snapshot.index = false (default)
2023-08-25 08:52:06,491 [5d860d7d-438a-4901-b268-bb236ca34e1d@group-A413331606F7-FollowerState] INFO  server.RaftServerConfigKeys (ConfUtils.java:logFallback(53)) - raft.server.rpc.first-election.timeout.min = 5s (fallback to raft.server.rpc.timeout.min)
2023-08-25 08:52:06,492 [5d860d7d-438a-4901-b268-bb236ca34e1d@group-A413331606F7-FollowerState] INFO  server.RaftServerConfigKeys (ConfUtils.java:logFallback(53)) - raft.server.rpc.first-election.timeout.max = 5200ms (fallback to raft.server.rpc.timeout.max)
2023-08-25 08:52:06,492 [PipelineCommandHandlerThread-0] INFO  ratis.XceiverServerRatis (XceiverServerRatis.java:addGroup(804)) - Created group PipelineID=e430227b-40c3-48dc-990d-a413331606f7
2023-08-25 08:52:06,492 [PipelineCommandHandlerThread-0] INFO  commandhandler.CreatePipelineCommandHandler (CreatePipelineCommandHandler.java:lambda$handle$2(124)) - Created Pipeline RATIS ONE PipelineID=e430227b-40c3-48dc-990d-a413331606f7.
2023-08-25 08:52:06,611 [ReplicationMonitor] INFO  replication.ReplicationManager (ReplicationManager.java:processAll(361)) - Replication Manager is not ready to run until 3000ms after safemode exit
2023-08-25 08:52:06,792 [PipelineCommandHandlerThread-0] INFO  server.RaftServer (RaftServerProxy.java:addNew(98)) - 0b97acf7-1047-49ae-a506-e2d05ab0320a: addNew group-E19715B45B51:[0b97acf7-1047-49ae-a506-e2d05ab0320a|rpc:10.1.0.19:15138|admin:10.1.0.19:15137|client:10.1.0.19:15136|dataStream:10.1.0.19:15139|priority:1|startupRole:FOLLOWER] returns group-E19715B45B51:java.util.concurrent.CompletableFuture@562aea15[Not completed]
2023-08-25 08:52:06,793 [0b97acf7-1047-49ae-a506-e2d05ab0320a-groupManagement] INFO  server.RaftServer$Division (RaftServerImpl.java:<init>(198)) - 0b97acf7-1047-49ae-a506-e2d05ab0320a: new RaftServerImpl for group-E19715B45B51:[0b97acf7-1047-49ae-a506-e2d05ab0320a|rpc:10.1.0.19:15138|admin:10.1.0.19:15137|client:10.1.0.19:15136|dataStream:10.1.0.19:15139|priority:1|startupRole:FOLLOWER] with ContainerStateMachine:uninitialized
2023-08-25 08:52:06,793 [0b97acf7-1047-49ae-a506-e2d05ab0320a-groupManagement] INFO  server.RaftServerConfigKeys (ConfUtils.java:logGet(46)) - raft.server.rpc.timeout.min = 5s (custom)
2023-08-25 08:52:06,793 [0b97acf7-1047-49ae-a506-e2d05ab0320a-groupManagement] INFO  server.RaftServerConfigKeys (ConfUtils.java:logGet(46)) - raft.server.rpc.timeout.max = 5200ms (custom)
2023-08-25 08:52:06,793 [0b97acf7-1047-49ae-a506-e2d05ab0320a-groupManagement] INFO  server.RaftServerConfigKeys (ConfUtils.java:logGet(46)) - raft.server.rpc.sleep.time = 25ms (default)
2023-08-25 08:52:06,793 [0b97acf7-1047-49ae-a506-e2d05ab0320a-groupManagement] INFO  server.RaftServerConfigKeys (ConfUtils.java:logGet(46)) - raft.server.rpc.slowness.timeout = 300s (custom)
2023-08-25 08:52:06,793 [0b97acf7-1047-49ae-a506-e2d05ab0320a-groupManagement] INFO  server.RaftServerConfigKeys (ConfUtils.java:logGet(46)) - raft.server.leaderelection.leader.step-down.wait-time = 10s (default)
2023-08-25 08:52:06,793 [0b97acf7-1047-49ae-a506-e2d05ab0320a-groupManagement] INFO  server.RaftServerConfigKeys (ConfUtils.java:logGet(46)) - raft.server.sleep.deviation.threshold = 300ms (default)
2023-08-25 08:52:06,793 [0b97acf7-1047-49ae-a506-e2d05ab0320a-groupManagement] INFO  server.RaftServer$Division (ServerState.java:<init>(120)) - 0b97acf7-1047-49ae-a506-e2d05ab0320a@group-E19715B45B51: ConfigurationManager, init=-1: peers:[0b97acf7-1047-49ae-a506-e2d05ab0320a|rpc:10.1.0.19:15138|admin:10.1.0.19:15137|client:10.1.0.19:15136|dataStream:10.1.0.19:15139|priority:1|startupRole:FOLLOWER]|listeners:[], old=null, confs=<EMPTY_MAP>
2023-08-25 08:52:06,794 [0b97acf7-1047-49ae-a506-e2d05ab0320a-groupManagement] INFO  server.RaftServerConfigKeys (ConfUtils.java:logGet(46)) - raft.server.storage.dir = [/home/runner/work/ozone/ozone/hadoop-ozone/integration-test/target/test-dir/MiniOzoneClusterImpl-0e3afe45-f4df-41ce-9d76-18b1c152426f/datanode-2/data/ratis] (custom)
2023-08-25 08:52:06,794 [0b97acf7-1047-49ae-a506-e2d05ab0320a-groupManagement] INFO  server.RaftServerConfigKeys (ConfUtils.java:logGet(46)) - raft.server.log.corruption.policy = EXCEPTION (default)
2023-08-25 08:52:06,794 [0b97acf7-1047-49ae-a506-e2d05ab0320a-groupManagement] INFO  server.RaftServerConfigKeys (ConfUtils.java:logGet(46)) - raft.server.storage.free-space.min = 0MB (=0) (default)
2023-08-25 08:52:06,794 [0b97acf7-1047-49ae-a506-e2d05ab0320a-groupManagement] INFO  server.RaftServerConfigKeys (ConfUtils.java:logGet(46)) - raft.server.notification.no-leader.timeout = 300s (custom)
2023-08-25 08:52:06,794 [0b97acf7-1047-49ae-a506-e2d05ab0320a-groupManagement] INFO  server.RaftServerConfigKeys (ConfUtils.java:logGet(46)) - raft.server.read.timeout = 10s (default)
2023-08-25 08:52:06,794 [0b97acf7-1047-49ae-a506-e2d05ab0320a-groupManagement] INFO  server.RaftServerConfigKeys (ConfUtils.java:logGet(46)) - raft.server.retrycache.expirytime = 600000ms (custom)
2023-08-25 08:52:06,794 [0b97acf7-1047-49ae-a506-e2d05ab0320a-groupManagement] INFO  server.RaftServerConfigKeys (ConfUtils.java:logGet(46)) - raft.server.retrycache.statistics.expirytime = 100μs (default)
2023-08-25 08:52:06,794 [0b97acf7-1047-49ae-a506-e2d05ab0320a-groupManagement] INFO  server.RaftServerConfigKeys (ConfUtils.java:logGet(46)) - raft.server.read.option = DEFAULT (default)
2023-08-25 08:52:06,795 [0b97acf7-1047-49ae-a506-e2d05ab0320a-groupManagement] INFO  server.RaftServerConfigKeys (ConfUtils.java:logGet(46)) - raft.server.rpc.request.timeout = 60s (custom)
2023-08-25 08:52:06,795 [0b97acf7-1047-49ae-a506-e2d05ab0320a-groupManagement] INFO  server.RaftServerConfigKeys (ConfUtils.java:logGet(46)) - raft.server.log.appender.install.snapshot.enabled = false (custom)
2023-08-25 08:52:06,795 [0b97acf7-1047-49ae-a506-e2d05ab0320a-groupManagement] INFO  server.RaftServerConfigKeys (ConfUtils.java:logGet(46)) - raft.server.threadpool.server.cached = true (default)
2023-08-25 08:52:06,795 [0b97acf7-1047-49ae-a506-e2d05ab0320a-groupManagement] INFO  server.RaftServerConfigKeys (ConfUtils.java:logGet(46)) - raft.server.threadpool.server.size = 0 (default)
2023-08-25 08:52:06,795 [0b97acf7-1047-49ae-a506-e2d05ab0320a-groupManagement] INFO  server.RaftServerConfigKeys (ConfUtils.java:logGet(46)) - raft.server.threadpool.client.cached = true (default)
2023-08-25 08:52:06,795 [0b97acf7-1047-49ae-a506-e2d05ab0320a-groupManagement] INFO  server.RaftServerConfigKeys (ConfUtils.java:logGet(46)) - raft.server.threadpool.client.size = 0 (default)
2023-08-25 08:52:06,795 [0b97acf7-1047-49ae-a506-e2d05ab0320a-groupManagement] INFO  storage.RaftStorageDirectory (RaftStorageDirectoryImpl.java:analyzeStorage(137)) - The storage directory /home/runner/work/ozone/ozone/hadoop-ozone/integration-test/target/test-dir/MiniOzoneClusterImpl-0e3afe45-f4df-41ce-9d76-18b1c152426f/datanode-2/data/ratis/44a5078d-5687-431a-b629-e19715b45b51 does not exist. Creating ...
2023-08-25 08:52:06,799 [0b97acf7-1047-49ae-a506-e2d05ab0320a-groupManagement] INFO  storage.RaftStorageDirectory (RaftStorageDirectoryImpl.java:tryLock(231)) - Lock on /home/runner/work/ozone/ozone/hadoop-ozone/integration-test/target/test-dir/MiniOzoneClusterImpl-0e3afe45-f4df-41ce-9d76-18b1c152426f/datanode-2/data/ratis/44a5078d-5687-431a-b629-e19715b45b51/in_use.lock acquired by nodename 30217@fv-az584-689
2023-08-25 08:52:06,801 [0b97acf7-1047-49ae-a506-e2d05ab0320a-groupManagement] INFO  storage.RaftStorage (RaftStorageImpl.java:format(96)) - Storage directory /home/runner/work/ozone/ozone/hadoop-ozone/integration-test/target/test-dir/MiniOzoneClusterImpl-0e3afe45-f4df-41ce-9d76-18b1c152426f/datanode-2/data/ratis/44a5078d-5687-431a-b629-e19715b45b51 has been successfully formatted.
2023-08-25 08:52:06,801 [0b97acf7-1047-49ae-a506-e2d05ab0320a-groupManagement] INFO  ratis.ContainerStateMachine (ContainerStateMachine.java:loadSnapshot(262)) - group-E19715B45B51: The snapshot info is null. Setting the last applied indexto:(t:0, i:~)
2023-08-25 08:52:06,801 [0b97acf7-1047-49ae-a506-e2d05ab0320a-groupManagement] INFO  server.RaftServerConfigKeys (ConfUtils.java:logGet(46)) - raft.server.log.use.memory = false (default)
2023-08-25 08:52:06,801 [0b97acf7-1047-49ae-a506-e2d05ab0320a-groupManagement] INFO  server.RaftServerConfigKeys (ConfUtils.java:logGet(46)) - raft.server.log.purge.gap = 1000000 (custom)
2023-08-25 08:52:06,801 [0b97acf7-1047-49ae-a506-e2d05ab0320a-groupManagement] INFO  server.RaftServerConfigKeys (ConfUtils.java:logGet(46)) - raft.server.log.appender.buffer.byte-limit = 33554432 (custom)
2023-08-25 08:52:06,801 [0b97acf7-1047-49ae-a506-e2d05ab0320a-groupManagement] INFO  server.RaftServerConfigKeys (ConfUtils.java:logGet(46)) - raft.server.log.statemachine.data.read.timeout = 1000ms (default)
2023-08-25 08:52:06,801 [0b97acf7-1047-49ae-a506-e2d05ab0320a-groupManagement] INFO  server.RaftServerConfigKeys (ConfUtils.java:logGet(46)) - raft.server.log.purge.preservation.log.num = 0 (default)
2023-08-25 08:52:06,802 [0b97acf7-1047-49ae-a506-e2d05ab0320a-groupManagement] INFO  server.RaftServerConfigKeys (ConfUtils.java:logGet(46)) - raft.server.log.segment.size.max = 1048576 (custom)
2023-08-25 08:52:06,802 [0b97acf7-1047-49ae-a506-e2d05ab0320a-groupManagement] INFO  server.RaftServerConfigKeys (ConfUtils.java:logGet(46)) - raft.server.log.segment.cache.num.max = 2 (custom)
2023-08-25 08:52:06,803 [0b97acf7-1047-49ae-a506-e2d05ab0320a-groupManagement] INFO  server.RaftServerConfigKeys (ConfUtils.java:logGet(46)) - raft.server.log.segment.cache.size.max = 200MB (=209715200) (default)
2023-08-25 08:52:06,803 [0b97acf7-1047-49ae-a506-e2d05ab0320a-groupManagement] INFO  server.RaftServerConfigKeys (ConfUtils.java:logGet(46)) - raft.server.log.appender.buffer.byte-limit = 33554432 (custom)
2023-08-25 08:52:06,803 [EventQueue-PipelineReportForPipelineReportHandler] INFO  pipeline.PipelineReportHandler (PipelineReportHandler.java:processPipelineReport(136)) - Opened pipeline PipelineID=44a5078d-5687-431a-b629-e19715b45b51
2023-08-25 08:52:06,804 [EventQueue-OpenPipelineForHealthyPipelineSafeModeRule] INFO  safemode.SCMSafeModeManager (HealthyPipelineSafeModeRule.java:process(137)) - SCM in safe mode. Healthy pipelines reported count is 0, required healthy pipeline reported count is 1
2023-08-25 08:52:06,804 [0b97acf7-1047-49ae-a506-e2d05ab0320a-groupManagement] INFO  segmented.SegmentedRaftLogWorker (SegmentedRaftLogWorker.java:<init>(188)) - new 0b97acf7-1047-49ae-a506-e2d05ab0320a@group-E19715B45B51-SegmentedRaftLogWorker for RaftStorageImpl:Storage Directory /home/runner/work/ozone/ozone/hadoop-ozone/integration-test/target/test-dir/MiniOzoneClusterImpl-0e3afe45-f4df-41ce-9d76-18b1c152426f/datanode-2/data/ratis/44a5078d-5687-431a-b629-e19715b45b51
2023-08-25 08:52:06,804 [0b97acf7-1047-49ae-a506-e2d05ab0320a-groupManagement] INFO  server.RaftServerConfigKeys (ConfUtils.java:logGet(46)) - raft.server.log.queue.byte-limit = 4294967296 (custom)
2023-08-25 08:52:06,804 [0b97acf7-1047-49ae-a506-e2d05ab0320a-groupManagement] INFO  server.RaftServerConfigKeys (ConfUtils.java:logGet(46)) - raft.server.log.queue.element-limit = 1024 (custom)
2023-08-25 08:52:06,804 [0b97acf7-1047-49ae-a506-e2d05ab0320a-groupManagement] INFO  server.RaftServerConfigKeys (ConfUtils.java:logGet(46)) - raft.server.log.segment.size.max = 1048576 (custom)
2023-08-25 08:52:06,804 [0b97acf7-1047-49ae-a506-e2d05ab0320a-groupManagement] INFO  server.RaftServerConfigKeys (ConfUtils.java:logGet(46)) - raft.server.log.preallocated.size = 16384 (custom)
2023-08-25 08:52:06,804 [0b97acf7-1047-49ae-a506-e2d05ab0320a-groupManagement] INFO  server.RaftServerConfigKeys (ConfUtils.java:logGet(46)) - raft.server.log.force.sync.num = 128 (default)
2023-08-25 08:52:06,804 [0b97acf7-1047-49ae-a506-e2d05ab0320a-groupManagement] INFO  server.RaftServerConfigKeys (ConfUtils.java:logGet(46)) - raft.server.log.statemachine.data.sync = true (default)
2023-08-25 08:52:06,804 [0b97acf7-1047-49ae-a506-e2d05ab0320a-groupManagement] INFO  server.RaftServerConfigKeys (ConfUtils.java:logGet(46)) - raft.server.log.statemachine.data.sync.timeout = 10s (default)
2023-08-25 08:52:06,804 [0b97acf7-1047-49ae-a506-e2d05ab0320a-groupManagement] INFO  server.RaftServerConfigKeys (ConfUtils.java:logGet(46)) - raft.server.log.statemachine.data.sync.timeout.retry = -1 (default)
2023-08-25 08:52:06,807 [0b97acf7-1047-49ae-a506-e2d05ab0320a-groupManagement] INFO  server.RaftServerConfigKeys (ConfUtils.java:logGet(46)) - raft.server.log.write.buffer.size = 1048576 (custom)
2023-08-25 08:52:06,808 [0b97acf7-1047-49ae-a506-e2d05ab0320a-groupManagement] INFO  server.RaftServerConfigKeys (ConfUtils.java:logGet(46)) - raft.server.log.appender.buffer.byte-limit = 33554432 (custom)
2023-08-25 08:52:06,813 [0b97acf7-1047-49ae-a506-e2d05ab0320a-groupManagement] INFO  server.RaftServerConfigKeys (ConfUtils.java:logGet(46)) - raft.server.log.unsafe-flush.enabled = false (default)
2023-08-25 08:52:06,814 [0b97acf7-1047-49ae-a506-e2d05ab0320a-groupManagement] INFO  server.RaftServerConfigKeys (ConfUtils.java:logGet(46)) - raft.server.log.async-flush.enabled = false (default)
2023-08-25 08:52:06,814 [0b97acf7-1047-49ae-a506-e2d05ab0320a-groupManagement] INFO  server.RaftServerConfigKeys (ConfUtils.java:logGet(46)) - raft.server.log.statemachine.data.caching.enabled = true (custom)
2023-08-25 08:52:06,814 [0b97acf7-1047-49ae-a506-e2d05ab0320a-groupManagement] INFO  segmented.SegmentedRaftLogWorker (SegmentedRaftLogWorker.java:lambda$new$0(135)) - 0b97acf7-1047-49ae-a506-e2d05ab0320a@group-E19715B45B51-SegmentedRaftLogWorker: flushIndex: setUnconditionally 0 -> -1
2023-08-25 08:52:06,814 [0b97acf7-1047-49ae-a506-e2d05ab0320a-groupManagement] INFO  segmented.SegmentedRaftLogWorker (SegmentedRaftLogWorker.java:lambda$new$0(135)) - 0b97acf7-1047-49ae-a506-e2d05ab0320a@group-E19715B45B51-SegmentedRaftLogWorker: safeCacheEvictIndex: setUnconditionally 0 -> -1
2023-08-25 08:52:06,814 [0b97acf7-1047-49ae-a506-e2d05ab0320a-groupManagement] INFO  server.RaftServer$Division (RaftServerImpl.java:start(342)) - 0b97acf7-1047-49ae-a506-e2d05ab0320a@group-E19715B45B51: start as a follower, conf=-1: peers:[0b97acf7-1047-49ae-a506-e2d05ab0320a|rpc:10.1.0.19:15138|admin:10.1.0.19:15137|client:10.1.0.19:15136|dataStream:10.1.0.19:15139|priority:1|startupRole:FOLLOWER]|listeners:[], old=null
2023-08-25 08:52:06,814 [0b97acf7-1047-49ae-a506-e2d05ab0320a-groupManagement] INFO  server.RaftServer$Division (RaftServerImpl.java:setRole(329)) - 0b97acf7-1047-49ae-a506-e2d05ab0320a@group-E19715B45B51: changes role from      null to FOLLOWER at term 0 for startAsFollower
2023-08-25 08:52:06,815 [0b97acf7-1047-49ae-a506-e2d05ab0320a-groupManagement] INFO  impl.RoleInfo (RoleInfo.java:updateAndGet(139)) - 0b97acf7-1047-49ae-a506-e2d05ab0320a: start 0b97acf7-1047-49ae-a506-e2d05ab0320a@group-E19715B45B51-FollowerState
2023-08-25 08:52:06,815 [0b97acf7-1047-49ae-a506-e2d05ab0320a-groupManagement] INFO  util.JmxRegister (JmxRegister.java:tryRegister(44)) - Successfully registered JMX Bean with object name Ratis:service=RaftServer,group=group-E19715B45B51,id=0b97acf7-1047-49ae-a506-e2d05ab0320a
2023-08-25 08:52:06,815 [0b97acf7-1047-49ae-a506-e2d05ab0320a-groupManagement] INFO  server.RaftServerConfigKeys (ConfUtils.java:logGet(46)) - raft.server.snapshot.auto.trigger.enabled = true (custom)
2023-08-25 08:52:06,815 [0b97acf7-1047-49ae-a506-e2d05ab0320a-groupManagement] INFO  server.RaftServerConfigKeys (ConfUtils.java:logGet(46)) - raft.server.snapshot.auto.trigger.threshold = 10000 (custom)
2023-08-25 08:52:06,815 [0b97acf7-1047-49ae-a506-e2d05ab0320a-groupManagement] INFO  server.RaftServerConfigKeys (ConfUtils.java:logGet(46)) - raft.server.snapshot.retention.file.num = 5 (custom)
2023-08-25 08:52:06,815 [0b97acf7-1047-49ae-a506-e2d05ab0320a-groupManagement] INFO  server.RaftServerConfigKeys (ConfUtils.java:logGet(46)) - raft.server.log.purge.upto.snapshot.index = false (default)
2023-08-25 08:52:06,816 [0b97acf7-1047-49ae-a506-e2d05ab0320a@group-E19715B45B51-FollowerState] INFO  server.RaftServerConfigKeys (ConfUtils.java:logFallback(53)) - raft.server.rpc.first-election.timeout.min = 5s (fallback to raft.server.rpc.timeout.min)
2023-08-25 08:52:06,816 [0b97acf7-1047-49ae-a506-e2d05ab0320a@group-E19715B45B51-FollowerState] INFO  server.RaftServerConfigKeys (ConfUtils.java:logFallback(53)) - raft.server.rpc.first-election.timeout.max = 5200ms (fallback to raft.server.rpc.timeout.max)
2023-08-25 08:52:06,817 [PipelineCommandHandlerThread-0] INFO  ratis.XceiverServerRatis (XceiverServerRatis.java:addGroup(804)) - Created group PipelineID=44a5078d-5687-431a-b629-e19715b45b51
2023-08-25 08:52:06,817 [PipelineCommandHandlerThread-0] INFO  commandhandler.CreatePipelineCommandHandler (CreatePipelineCommandHandler.java:lambda$handle$2(124)) - Created Pipeline RATIS ONE PipelineID=44a5078d-5687-431a-b629-e19715b45b51.
2023-08-25 08:52:07,141 [PipelineCommandHandlerThread-0] INFO  server.RaftServer (RaftServerProxy.java:addNew(98)) - c5b52100-b3af-4f34-8186-445655f547f5: addNew group-AB203C3EB5DD:[c5b52100-b3af-4f34-8186-445655f547f5|rpc:10.1.0.19:15147|admin:10.1.0.19:15146|client:10.1.0.19:15145|dataStream:10.1.0.19:15148|priority:1|startupRole:FOLLOWER] returns group-AB203C3EB5DD:java.util.concurrent.CompletableFuture@73f4f06c[Not completed]
2023-08-25 08:52:07,142 [c5b52100-b3af-4f34-8186-445655f547f5-groupManagement] INFO  server.RaftServer$Division (RaftServerImpl.java:<init>(198)) - c5b52100-b3af-4f34-8186-445655f547f5: new RaftServerImpl for group-AB203C3EB5DD:[c5b52100-b3af-4f34-8186-445655f547f5|rpc:10.1.0.19:15147|admin:10.1.0.19:15146|client:10.1.0.19:15145|dataStream:10.1.0.19:15148|priority:1|startupRole:FOLLOWER] with ContainerStateMachine:uninitialized
2023-08-25 08:52:07,143 [c5b52100-b3af-4f34-8186-445655f547f5-groupManagement] INFO  server.RaftServerConfigKeys (ConfUtils.java:logGet(46)) - raft.server.rpc.timeout.min = 5s (custom)
2023-08-25 08:52:07,143 [c5b52100-b3af-4f34-8186-445655f547f5-groupManagement] INFO  server.RaftServerConfigKeys (ConfUtils.java:logGet(46)) - raft.server.rpc.timeout.max = 5200ms (custom)
2023-08-25 08:52:07,143 [c5b52100-b3af-4f34-8186-445655f547f5-groupManagement] INFO  server.RaftServerConfigKeys (ConfUtils.java:logGet(46)) - raft.server.rpc.sleep.time = 25ms (default)
2023-08-25 08:52:07,143 [c5b52100-b3af-4f34-8186-445655f547f5-groupManagement] INFO  server.RaftServerConfigKeys (ConfUtils.java:logGet(46)) - raft.server.rpc.slowness.timeout = 300s (custom)
2023-08-25 08:52:07,143 [c5b52100-b3af-4f34-8186-445655f547f5-groupManagement] INFO  server.RaftServerConfigKeys (ConfUtils.java:logGet(46)) - raft.server.leaderelection.leader.step-down.wait-time = 10s (default)
2023-08-25 08:52:07,143 [c5b52100-b3af-4f34-8186-445655f547f5-groupManagement] INFO  server.RaftServerConfigKeys (ConfUtils.java:logGet(46)) - raft.server.sleep.deviation.threshold = 300ms (default)
2023-08-25 08:52:07,143 [c5b52100-b3af-4f34-8186-445655f547f5-groupManagement] INFO  server.RaftServer$Division (ServerState.java:<init>(120)) - c5b52100-b3af-4f34-8186-445655f547f5@group-AB203C3EB5DD: ConfigurationManager, init=-1: peers:[c5b52100-b3af-4f34-8186-445655f547f5|rpc:10.1.0.19:15147|admin:10.1.0.19:15146|client:10.1.0.19:15145|dataStream:10.1.0.19:15148|priority:1|startupRole:FOLLOWER]|listeners:[], old=null, confs=<EMPTY_MAP>
2023-08-25 08:52:07,143 [c5b52100-b3af-4f34-8186-445655f547f5-groupManagement] INFO  server.RaftServerConfigKeys (ConfUtils.java:logGet(46)) - raft.server.storage.dir = [/home/runner/work/ozone/ozone/hadoop-ozone/integration-test/target/test-dir/MiniOzoneClusterImpl-0e3afe45-f4df-41ce-9d76-18b1c152426f/datanode-3/data/ratis] (custom)
2023-08-25 08:52:07,143 [c5b52100-b3af-4f34-8186-445655f547f5-groupManagement] INFO  server.RaftServerConfigKeys (ConfUtils.java:logGet(46)) - raft.server.log.corruption.policy = EXCEPTION (default)
2023-08-25 08:52:07,143 [c5b52100-b3af-4f34-8186-445655f547f5-groupManagement] INFO  server.RaftServerConfigKeys (ConfUtils.java:logGet(46)) - raft.server.storage.free-space.min = 0MB (=0) (default)
2023-08-25 08:52:07,143 [c5b52100-b3af-4f34-8186-445655f547f5-groupManagement] INFO  server.RaftServerConfigKeys (ConfUtils.java:logGet(46)) - raft.server.notification.no-leader.timeout = 300s (custom)
2023-08-25 08:52:07,143 [c5b52100-b3af-4f34-8186-445655f547f5-groupManagement] INFO  server.RaftServerConfigKeys (ConfUtils.java:logGet(46)) - raft.server.read.timeout = 10s (default)
2023-08-25 08:52:07,143 [c5b52100-b3af-4f34-8186-445655f547f5-groupManagement] INFO  server.RaftServerConfigKeys (ConfUtils.java:logGet(46)) - raft.server.retrycache.expirytime = 600000ms (custom)
2023-08-25 08:52:07,144 [c5b52100-b3af-4f34-8186-445655f547f5-groupManagement] INFO  server.RaftServerConfigKeys (ConfUtils.java:logGet(46)) - raft.server.retrycache.statistics.expirytime = 100μs (default)
2023-08-25 08:52:07,144 [c5b52100-b3af-4f34-8186-445655f547f5-groupManagement] INFO  server.RaftServerConfigKeys (ConfUtils.java:logGet(46)) - raft.server.read.option = DEFAULT (default)
2023-08-25 08:52:07,144 [c5b52100-b3af-4f34-8186-445655f547f5-groupManagement] INFO  server.RaftServerConfigKeys (ConfUtils.java:logGet(46)) - raft.server.rpc.request.timeout = 60s (custom)
2023-08-25 08:52:07,144 [c5b52100-b3af-4f34-8186-445655f547f5-groupManagement] INFO  server.RaftServerConfigKeys (ConfUtils.java:logGet(46)) - raft.server.log.appender.install.snapshot.enabled = false (custom)
2023-08-25 08:52:07,144 [c5b52100-b3af-4f34-8186-445655f547f5-groupManagement] INFO  server.RaftServerConfigKeys (ConfUtils.java:logGet(46)) - raft.server.threadpool.server.cached = true (default)
2023-08-25 08:52:07,144 [c5b52100-b3af-4f34-8186-445655f547f5-groupManagement] INFO  server.RaftServerConfigKeys (ConfUtils.java:logGet(46)) - raft.server.threadpool.server.size = 0 (default)
2023-08-25 08:52:07,145 [c5b52100-b3af-4f34-8186-445655f547f5-groupManagement] INFO  server.RaftServerConfigKeys (ConfUtils.java:logGet(46)) - raft.server.threadpool.client.cached = true (default)
2023-08-25 08:52:07,145 [c5b52100-b3af-4f34-8186-445655f547f5-groupManagement] INFO  server.RaftServerConfigKeys (ConfUtils.java:logGet(46)) - raft.server.threadpool.client.size = 0 (default)
2023-08-25 08:52:07,145 [c5b52100-b3af-4f34-8186-445655f547f5-groupManagement] INFO  storage.RaftStorageDirectory (RaftStorageDirectoryImpl.java:analyzeStorage(137)) - The storage directory /home/runner/work/ozone/ozone/hadoop-ozone/integration-test/target/test-dir/MiniOzoneClusterImpl-0e3afe45-f4df-41ce-9d76-18b1c152426f/datanode-3/data/ratis/31d00607-52f3-4976-8b4d-ab203c3eb5dd does not exist. Creating ...
2023-08-25 08:52:07,146 [c5b52100-b3af-4f34-8186-445655f547f5-groupManagement] INFO  storage.RaftStorageDirectory (RaftStorageDirectoryImpl.java:tryLock(231)) - Lock on /home/runner/work/ozone/ozone/hadoop-ozone/integration-test/target/test-dir/MiniOzoneClusterImpl-0e3afe45-f4df-41ce-9d76-18b1c152426f/datanode-3/data/ratis/31d00607-52f3-4976-8b4d-ab203c3eb5dd/in_use.lock acquired by nodename 30217@fv-az584-689
2023-08-25 08:52:07,148 [c5b52100-b3af-4f34-8186-445655f547f5-groupManagement] INFO  storage.RaftStorage (RaftStorageImpl.java:format(96)) - Storage directory /home/runner/work/ozone/ozone/hadoop-ozone/integration-test/target/test-dir/MiniOzoneClusterImpl-0e3afe45-f4df-41ce-9d76-18b1c152426f/datanode-3/data/ratis/31d00607-52f3-4976-8b4d-ab203c3eb5dd has been successfully formatted.
2023-08-25 08:52:07,149 [c5b52100-b3af-4f34-8186-445655f547f5-groupManagement] INFO  ratis.ContainerStateMachine (ContainerStateMachine.java:loadSnapshot(262)) - group-AB203C3EB5DD: The snapshot info is null. Setting the last applied indexto:(t:0, i:~)
2023-08-25 08:52:07,150 [c5b52100-b3af-4f34-8186-445655f547f5-groupManagement] INFO  server.RaftServerConfigKeys (ConfUtils.java:logGet(46)) - raft.server.log.use.memory = false (default)
2023-08-25 08:52:07,150 [c5b52100-b3af-4f34-8186-445655f547f5-groupManagement] INFO  server.RaftServerConfigKeys (ConfUtils.java:logGet(46)) - raft.server.log.purge.gap = 1000000 (custom)
2023-08-25 08:52:07,150 [c5b52100-b3af-4f34-8186-445655f547f5-groupManagement] INFO  server.RaftServerConfigKeys (ConfUtils.java:logGet(46)) - raft.server.log.appender.buffer.byte-limit = 33554432 (custom)
2023-08-25 08:52:07,152 [EventQueue-PipelineReportForPipelineReportHandler] INFO  pipeline.PipelineReportHandler (PipelineReportHandler.java:processPipelineReport(136)) - Opened pipeline PipelineID=31d00607-52f3-4976-8b4d-ab203c3eb5dd
2023-08-25 08:52:07,152 [EventQueue-OpenPipelineForHealthyPipelineSafeModeRule] INFO  safemode.SCMSafeModeManager (HealthyPipelineSafeModeRule.java:process(137)) - SCM in safe mode. Healthy pipelines reported count is 0, required healthy pipeline reported count is 1
2023-08-25 08:52:07,152 [c5b52100-b3af-4f34-8186-445655f547f5-groupManagement] INFO  server.RaftServerConfigKeys (ConfUtils.java:logGet(46)) - raft.server.log.statemachine.data.read.timeout = 1000ms (default)
2023-08-25 08:52:07,152 [c5b52100-b3af-4f34-8186-445655f547f5-groupManagement] INFO  server.RaftServerConfigKeys (ConfUtils.java:logGet(46)) - raft.server.log.purge.preservation.log.num = 0 (default)
2023-08-25 08:52:07,152 [c5b52100-b3af-4f34-8186-445655f547f5-groupManagement] INFO  server.RaftServerConfigKeys (ConfUtils.java:logGet(46)) - raft.server.log.segment.size.max = 1048576 (custom)
2023-08-25 08:52:07,152 [c5b52100-b3af-4f34-8186-445655f547f5-groupManagement] INFO  server.RaftServerConfigKeys (ConfUtils.java:logGet(46)) - raft.server.log.segment.cache.num.max = 2 (custom)
2023-08-25 08:52:07,152 [c5b52100-b3af-4f34-8186-445655f547f5-groupManagement] INFO  server.RaftServerConfigKeys (ConfUtils.java:logGet(46)) - raft.server.log.segment.cache.size.max = 200MB (=209715200) (default)
2023-08-25 08:52:07,153 [c5b52100-b3af-4f34-8186-445655f547f5-groupManagement] INFO  server.RaftServerConfigKeys (ConfUtils.java:logGet(46)) - raft.server.log.appender.buffer.byte-limit = 33554432 (custom)
2023-08-25 08:52:07,153 [c5b52100-b3af-4f34-8186-445655f547f5-groupManagement] INFO  segmented.SegmentedRaftLogWorker (SegmentedRaftLogWorker.java:<init>(188)) - new c5b52100-b3af-4f34-8186-445655f547f5@group-AB203C3EB5DD-SegmentedRaftLogWorker for RaftStorageImpl:Storage Directory /home/runner/work/ozone/ozone/hadoop-ozone/integration-test/target/test-dir/MiniOzoneClusterImpl-0e3afe45-f4df-41ce-9d76-18b1c152426f/datanode-3/data/ratis/31d00607-52f3-4976-8b4d-ab203c3eb5dd
2023-08-25 08:52:07,153 [c5b52100-b3af-4f34-8186-445655f547f5-groupManagement] INFO  server.RaftServerConfigKeys (ConfUtils.java:logGet(46)) - raft.server.log.queue.byte-limit = 4294967296 (custom)
2023-08-25 08:52:07,153 [c5b52100-b3af-4f34-8186-445655f547f5-groupManagement] INFO  server.RaftServerConfigKeys (ConfUtils.java:logGet(46)) - raft.server.log.queue.element-limit = 1024 (custom)
2023-08-25 08:52:07,153 [c5b52100-b3af-4f34-8186-445655f547f5-groupManagement] INFO  server.RaftServerConfigKeys (ConfUtils.java:logGet(46)) - raft.server.log.segment.size.max = 1048576 (custom)
2023-08-25 08:52:07,153 [c5b52100-b3af-4f34-8186-445655f547f5-groupManagement] INFO  server.RaftServerConfigKeys (ConfUtils.java:logGet(46)) - raft.server.log.preallocated.size = 16384 (custom)
2023-08-25 08:52:07,153 [c5b52100-b3af-4f34-8186-445655f547f5-groupManagement] INFO  server.RaftServerConfigKeys (ConfUtils.java:logGet(46)) - raft.server.log.force.sync.num = 128 (default)
2023-08-25 08:52:07,153 [c5b52100-b3af-4f34-8186-445655f547f5-groupManagement] INFO  server.RaftServerConfigKeys (ConfUtils.java:logGet(46)) - raft.server.log.statemachine.data.sync = true (default)
2023-08-25 08:52:07,153 [c5b52100-b3af-4f34-8186-445655f547f5-groupManagement] INFO  server.RaftServerConfigKeys (ConfUtils.java:logGet(46)) - raft.server.log.statemachine.data.sync.timeout = 10s (default)
2023-08-25 08:52:07,153 [c5b52100-b3af-4f34-8186-445655f547f5-groupManagement] INFO  server.RaftServerConfigKeys (ConfUtils.java:logGet(46)) - raft.server.log.statemachine.data.sync.timeout.retry = -1 (default)
2023-08-25 08:52:07,154 [c5b52100-b3af-4f34-8186-445655f547f5-groupManagement] INFO  server.RaftServerConfigKeys (ConfUtils.java:logGet(46)) - raft.server.log.write.buffer.size = 1048576 (custom)
2023-08-25 08:52:07,154 [c5b52100-b3af-4f34-8186-445655f547f5-groupManagement] INFO  server.RaftServerConfigKeys (ConfUtils.java:logGet(46)) - raft.server.log.appender.buffer.byte-limit = 33554432 (custom)
2023-08-25 08:52:07,160 [c5b52100-b3af-4f34-8186-445655f547f5-groupManagement] INFO  server.RaftServerConfigKeys (ConfUtils.java:logGet(46)) - raft.server.log.unsafe-flush.enabled = false (default)
2023-08-25 08:52:07,160 [c5b52100-b3af-4f34-8186-445655f547f5-groupManagement] INFO  server.RaftServerConfigKeys (ConfUtils.java:logGet(46)) - raft.server.log.async-flush.enabled = false (default)
2023-08-25 08:52:07,160 [c5b52100-b3af-4f34-8186-445655f547f5-groupManagement] INFO  server.RaftServerConfigKeys (ConfUtils.java:logGet(46)) - raft.server.log.statemachine.data.caching.enabled = true (custom)
2023-08-25 08:52:07,160 [c5b52100-b3af-4f34-8186-445655f547f5-groupManagement] INFO  segmented.SegmentedRaftLogWorker (SegmentedRaftLogWorker.java:lambda$new$0(135)) - c5b52100-b3af-4f34-8186-445655f547f5@group-AB203C3EB5DD-SegmentedRaftLogWorker: flushIndex: setUnconditionally 0 -> -1
2023-08-25 08:52:07,160 [c5b52100-b3af-4f34-8186-445655f547f5-groupManagement] INFO  segmented.SegmentedRaftLogWorker (SegmentedRaftLogWorker.java:lambda$new$0(135)) - c5b52100-b3af-4f34-8186-445655f547f5@group-AB203C3EB5DD-SegmentedRaftLogWorker: safeCacheEvictIndex: setUnconditionally 0 -> -1
2023-08-25 08:52:07,161 [c5b52100-b3af-4f34-8186-445655f547f5-groupManagement] INFO  server.RaftServer$Division (RaftServerImpl.java:start(342)) - c5b52100-b3af-4f34-8186-445655f547f5@group-AB203C3EB5DD: start as a follower, conf=-1: peers:[c5b52100-b3af-4f34-8186-445655f547f5|rpc:10.1.0.19:15147|admin:10.1.0.19:15146|client:10.1.0.19:15145|dataStream:10.1.0.19:15148|priority:1|startupRole:FOLLOWER]|listeners:[], old=null
2023-08-25 08:52:07,161 [c5b52100-b3af-4f34-8186-445655f547f5-groupManagement] INFO  server.RaftServer$Division (RaftServerImpl.java:setRole(329)) - c5b52100-b3af-4f34-8186-445655f547f5@group-AB203C3EB5DD: changes role from      null to FOLLOWER at term 0 for startAsFollower
2023-08-25 08:52:07,161 [c5b52100-b3af-4f34-8186-445655f547f5-groupManagement] INFO  impl.RoleInfo (RoleInfo.java:updateAndGet(139)) - c5b52100-b3af-4f34-8186-445655f547f5: start c5b52100-b3af-4f34-8186-445655f547f5@group-AB203C3EB5DD-FollowerState
2023-08-25 08:52:07,161 [c5b52100-b3af-4f34-8186-445655f547f5-groupManagement] INFO  util.JmxRegister (JmxRegister.java:tryRegister(44)) - Successfully registered JMX Bean with object name Ratis:service=RaftServer,group=group-AB203C3EB5DD,id=c5b52100-b3af-4f34-8186-445655f547f5
2023-08-25 08:52:07,161 [c5b52100-b3af-4f34-8186-445655f547f5-groupManagement] INFO  server.RaftServerConfigKeys (ConfUtils.java:logGet(46)) - raft.server.snapshot.auto.trigger.enabled = true (custom)
2023-08-25 08:52:07,161 [c5b52100-b3af-4f34-8186-445655f547f5-groupManagement] INFO  server.RaftServerConfigKeys (ConfUtils.java:logGet(46)) - raft.server.snapshot.auto.trigger.threshold = 10000 (custom)
2023-08-25 08:52:07,161 [c5b52100-b3af-4f34-8186-445655f547f5-groupManagement] INFO  server.RaftServerConfigKeys (ConfUtils.java:logGet(46)) - raft.server.snapshot.retention.file.num = 5 (custom)
2023-08-25 08:52:07,161 [c5b52100-b3af-4f34-8186-445655f547f5-groupManagement] INFO  server.RaftServerConfigKeys (ConfUtils.java:logGet(46)) - raft.server.log.purge.upto.snapshot.index = false (default)
2023-08-25 08:52:07,162 [PipelineCommandHandlerThread-0] INFO  ratis.XceiverServerRatis (XceiverServerRatis.java:addGroup(804)) - Created group PipelineID=31d00607-52f3-4976-8b4d-ab203c3eb5dd
2023-08-25 08:52:07,162 [c5b52100-b3af-4f34-8186-445655f547f5@group-AB203C3EB5DD-FollowerState] INFO  server.RaftServerConfigKeys (ConfUtils.java:logFallback(53)) - raft.server.rpc.first-election.timeout.min = 5s (fallback to raft.server.rpc.timeout.min)
2023-08-25 08:52:07,162 [PipelineCommandHandlerThread-0] INFO  commandhandler.CreatePipelineCommandHandler (CreatePipelineCommandHandler.java:lambda$handle$2(124)) - Created Pipeline RATIS ONE PipelineID=31d00607-52f3-4976-8b4d-ab203c3eb5dd.
2023-08-25 08:52:07,164 [c5b52100-b3af-4f34-8186-445655f547f5@group-AB203C3EB5DD-FollowerState] INFO  server.RaftServerConfigKeys (ConfUtils.java:logFallback(53)) - raft.server.rpc.first-election.timeout.max = 5200ms (fallback to raft.server.rpc.timeout.max)
2023-08-25 08:52:07,474 [Time-limited test] INFO  ozone.MiniOzoneClusterImpl (MiniOzoneClusterImpl.java:lambda$waitForClusterToBeReady$0(224)) - Nodes are ready. Got 5 of 5 DN Heartbeats.
2023-08-25 08:52:07,474 [Time-limited test] INFO  ozone.MiniOzoneClusterImpl (MiniOzoneClusterImpl.java:lambda$waitForClusterToBeReady$0(227)) - Waiting for cluster to exit safe mode
2023-08-25 08:52:07,474 [Time-limited test] INFO  ozone.MiniOzoneClusterImpl (MiniOzoneClusterImpl.java:lambda$waitForClusterToBeReady$0(229)) - SCM became leader
2023-08-25 08:52:07,476 [PipelineCommandHandlerThread-0] INFO  server.RaftServer (RaftServerProxy.java:addNew(98)) - c349e6d8-44a6-453c-8914-c421dd83a8f7: addNew group-55B547732D1A:[c349e6d8-44a6-453c-8914-c421dd83a8f7|rpc:10.1.0.19:15156|admin:10.1.0.19:15155|client:10.1.0.19:15154|dataStream:10.1.0.19:15157|priority:1|startupRole:FOLLOWER] returns group-55B547732D1A:java.util.concurrent.CompletableFuture@2020070f[Not completed]
2023-08-25 08:52:07,481 [c349e6d8-44a6-453c-8914-c421dd83a8f7-groupManagement] INFO  server.RaftServer$Division (RaftServerImpl.java:<init>(198)) - c349e6d8-44a6-453c-8914-c421dd83a8f7: new RaftServerImpl for group-55B547732D1A:[c349e6d8-44a6-453c-8914-c421dd83a8f7|rpc:10.1.0.19:15156|admin:10.1.0.19:15155|client:10.1.0.19:15154|dataStream:10.1.0.19:15157|priority:1|startupRole:FOLLOWER] with ContainerStateMachine:uninitialized
2023-08-25 08:52:07,481 [c349e6d8-44a6-453c-8914-c421dd83a8f7-groupManagement] INFO  server.RaftServerConfigKeys (ConfUtils.java:logGet(46)) - raft.server.rpc.timeout.min = 5s (custom)
2023-08-25 08:52:07,481 [c349e6d8-44a6-453c-8914-c421dd83a8f7-groupManagement] INFO  server.RaftServerConfigKeys (ConfUtils.java:logGet(46)) - raft.server.rpc.timeout.max = 5200ms (custom)
2023-08-25 08:52:07,481 [c349e6d8-44a6-453c-8914-c421dd83a8f7-groupManagement] INFO  server.RaftServerConfigKeys (ConfUtils.java:logGet(46)) - raft.server.rpc.sleep.time = 25ms (default)
2023-08-25 08:52:07,481 [c349e6d8-44a6-453c-8914-c421dd83a8f7-groupManagement] INFO  server.RaftServerConfigKeys (ConfUtils.java:logGet(46)) - raft.server.rpc.slowness.timeout = 300s (custom)
2023-08-25 08:52:07,481 [c349e6d8-44a6-453c-8914-c421dd83a8f7-groupManagement] INFO  server.RaftServerConfigKeys (ConfUtils.java:logGet(46)) - raft.server.leaderelection.leader.step-down.wait-time = 10s (default)
2023-08-25 08:52:07,481 [c349e6d8-44a6-453c-8914-c421dd83a8f7-groupManagement] INFO  server.RaftServerConfigKeys (ConfUtils.java:logGet(46)) - raft.server.sleep.deviation.threshold = 300ms (default)
2023-08-25 08:52:07,481 [c349e6d8-44a6-453c-8914-c421dd83a8f7-groupManagement] INFO  server.RaftServer$Division (ServerState.java:<init>(120)) - c349e6d8-44a6-453c-8914-c421dd83a8f7@group-55B547732D1A: ConfigurationManager, init=-1: peers:[c349e6d8-44a6-453c-8914-c421dd83a8f7|rpc:10.1.0.19:15156|admin:10.1.0.19:15155|client:10.1.0.19:15154|dataStream:10.1.0.19:15157|priority:1|startupRole:FOLLOWER]|listeners:[], old=null, confs=<EMPTY_MAP>
2023-08-25 08:52:07,481 [c349e6d8-44a6-453c-8914-c421dd83a8f7-groupManagement] INFO  server.RaftServerConfigKeys (ConfUtils.java:logGet(46)) - raft.server.storage.dir = [/home/runner/work/ozone/ozone/hadoop-ozone/integration-test/target/test-dir/MiniOzoneClusterImpl-0e3afe45-f4df-41ce-9d76-18b1c152426f/datanode-4/data/ratis] (custom)
2023-08-25 08:52:07,481 [c349e6d8-44a6-453c-8914-c421dd83a8f7-groupManagement] INFO  server.RaftServerConfigKeys (ConfUtils.java:logGet(46)) - raft.server.log.corruption.policy = EXCEPTION (default)
2023-08-25 08:52:07,481 [c349e6d8-44a6-453c-8914-c421dd83a8f7-groupManagement] INFO  server.RaftServerConfigKeys (ConfUtils.java:logGet(46)) - raft.server.storage.free-space.min = 0MB (=0) (default)
2023-08-25 08:52:07,482 [c349e6d8-44a6-453c-8914-c421dd83a8f7-groupManagement] INFO  server.RaftServerConfigKeys (ConfUtils.java:logGet(46)) - raft.server.notification.no-leader.timeout = 300s (custom)
2023-08-25 08:52:07,482 [c349e6d8-44a6-453c-8914-c421dd83a8f7-groupManagement] INFO  server.RaftServerConfigKeys (ConfUtils.java:logGet(46)) - raft.server.read.timeout = 10s (default)
2023-08-25 08:52:07,482 [c349e6d8-44a6-453c-8914-c421dd83a8f7-groupManagement] INFO  server.RaftServerConfigKeys (ConfUtils.java:logGet(46)) - raft.server.retrycache.expirytime = 600000ms (custom)
2023-08-25 08:52:07,482 [c349e6d8-44a6-453c-8914-c421dd83a8f7-groupManagement] INFO  server.RaftServerConfigKeys (ConfUtils.java:logGet(46)) - raft.server.retrycache.statistics.expirytime = 100μs (default)
2023-08-25 08:52:07,482 [c349e6d8-44a6-453c-8914-c421dd83a8f7-groupManagement] INFO  server.RaftServerConfigKeys (ConfUtils.java:logGet(46)) - raft.server.read.option = DEFAULT (default)
2023-08-25 08:52:07,482 [c349e6d8-44a6-453c-8914-c421dd83a8f7-groupManagement] INFO  server.RaftServerConfigKeys (ConfUtils.java:logGet(46)) - raft.server.rpc.request.timeout = 60s (custom)
2023-08-25 08:52:07,482 [c349e6d8-44a6-453c-8914-c421dd83a8f7-groupManagement] INFO  server.RaftServerConfigKeys (ConfUtils.java:logGet(46)) - raft.server.log.appender.install.snapshot.enabled = false (custom)
2023-08-25 08:52:07,482 [c349e6d8-44a6-453c-8914-c421dd83a8f7-groupManagement] INFO  server.RaftServerConfigKeys (ConfUtils.java:logGet(46)) - raft.server.threadpool.server.cached = true (default)
2023-08-25 08:52:07,483 [c349e6d8-44a6-453c-8914-c421dd83a8f7-groupManagement] INFO  server.RaftServerConfigKeys (ConfUtils.java:logGet(46)) - raft.server.threadpool.server.size = 0 (default)
2023-08-25 08:52:07,483 [c349e6d8-44a6-453c-8914-c421dd83a8f7-groupManagement] INFO  server.RaftServerConfigKeys (ConfUtils.java:logGet(46)) - raft.server.threadpool.client.cached = true (default)
2023-08-25 08:52:07,483 [c349e6d8-44a6-453c-8914-c421dd83a8f7-groupManagement] INFO  server.RaftServerConfigKeys (ConfUtils.java:logGet(46)) - raft.server.threadpool.client.size = 0 (default)
2023-08-25 08:52:07,483 [c349e6d8-44a6-453c-8914-c421dd83a8f7-groupManagement] INFO  storage.RaftStorageDirectory (RaftStorageDirectoryImpl.java:analyzeStorage(137)) - The storage directory /home/runner/work/ozone/ozone/hadoop-ozone/integration-test/target/test-dir/MiniOzoneClusterImpl-0e3afe45-f4df-41ce-9d76-18b1c152426f/datanode-4/data/ratis/b8c75c80-7fc6-4646-87d0-55b547732d1a does not exist. Creating ...
2023-08-25 08:52:07,484 [c349e6d8-44a6-453c-8914-c421dd83a8f7-groupManagement] INFO  storage.RaftStorageDirectory (RaftStorageDirectoryImpl.java:tryLock(231)) - Lock on /home/runner/work/ozone/ozone/hadoop-ozone/integration-test/target/test-dir/MiniOzoneClusterImpl-0e3afe45-f4df-41ce-9d76-18b1c152426f/datanode-4/data/ratis/b8c75c80-7fc6-4646-87d0-55b547732d1a/in_use.lock acquired by nodename 30217@fv-az584-689
2023-08-25 08:52:07,486 [c349e6d8-44a6-453c-8914-c421dd83a8f7-groupManagement] INFO  storage.RaftStorage (RaftStorageImpl.java:format(96)) - Storage directory /home/runner/work/ozone/ozone/hadoop-ozone/integration-test/target/test-dir/MiniOzoneClusterImpl-0e3afe45-f4df-41ce-9d76-18b1c152426f/datanode-4/data/ratis/b8c75c80-7fc6-4646-87d0-55b547732d1a has been successfully formatted.
2023-08-25 08:52:07,488 [c349e6d8-44a6-453c-8914-c421dd83a8f7-groupManagement] INFO  ratis.ContainerStateMachine (ContainerStateMachine.java:loadSnapshot(262)) - group-55B547732D1A: The snapshot info is null. Setting the last applied indexto:(t:0, i:~)
2023-08-25 08:52:07,488 [c349e6d8-44a6-453c-8914-c421dd83a8f7-groupManagement] INFO  server.RaftServerConfigKeys (ConfUtils.java:logGet(46)) - raft.server.log.use.memory = false (default)
2023-08-25 08:52:07,488 [c349e6d8-44a6-453c-8914-c421dd83a8f7-groupManagement] INFO  server.RaftServerConfigKeys (ConfUtils.java:logGet(46)) - raft.server.log.purge.gap = 1000000 (custom)
2023-08-25 08:52:07,488 [c349e6d8-44a6-453c-8914-c421dd83a8f7-groupManagement] INFO  server.RaftServerConfigKeys (ConfUtils.java:logGet(46)) - raft.server.log.appender.buffer.byte-limit = 33554432 (custom)
2023-08-25 08:52:07,489 [EventQueue-PipelineReportForPipelineReportHandler] INFO  pipeline.PipelineReportHandler (PipelineReportHandler.java:processPipelineReport(136)) - Opened pipeline PipelineID=b8c75c80-7fc6-4646-87d0-55b547732d1a
2023-08-25 08:52:07,489 [EventQueue-OpenPipelineForHealthyPipelineSafeModeRule] INFO  safemode.SCMSafeModeManager (HealthyPipelineSafeModeRule.java:process(137)) - SCM in safe mode. Healthy pipelines reported count is 0, required healthy pipeline reported count is 1
2023-08-25 08:52:07,489 [c349e6d8-44a6-453c-8914-c421dd83a8f7-groupManagement] INFO  server.RaftServerConfigKeys (ConfUtils.java:logGet(46)) - raft.server.log.statemachine.data.read.timeout = 1000ms (default)
2023-08-25 08:52:07,489 [c349e6d8-44a6-453c-8914-c421dd83a8f7-groupManagement] INFO  server.RaftServerConfigKeys (ConfUtils.java:logGet(46)) - raft.server.log.purge.preservation.log.num = 0 (default)
2023-08-25 08:52:07,490 [c349e6d8-44a6-453c-8914-c421dd83a8f7-groupManagement] INFO  server.RaftServerConfigKeys (ConfUtils.java:logGet(46)) - raft.server.log.segment.size.max = 1048576 (custom)
2023-08-25 08:52:07,490 [c349e6d8-44a6-453c-8914-c421dd83a8f7-groupManagement] INFO  server.RaftServerConfigKeys (ConfUtils.java:logGet(46)) - raft.server.log.segment.cache.num.max = 2 (custom)
2023-08-25 08:52:07,490 [c349e6d8-44a6-453c-8914-c421dd83a8f7-groupManagement] INFO  server.RaftServerConfigKeys (ConfUtils.java:logGet(46)) - raft.server.log.segment.cache.size.max = 200MB (=209715200) (default)
2023-08-25 08:52:07,490 [c349e6d8-44a6-453c-8914-c421dd83a8f7-groupManagement] INFO  server.RaftServerConfigKeys (ConfUtils.java:logGet(46)) - raft.server.log.appender.buffer.byte-limit = 33554432 (custom)
2023-08-25 08:52:07,490 [c349e6d8-44a6-453c-8914-c421dd83a8f7-groupManagement] INFO  segmented.SegmentedRaftLogWorker (SegmentedRaftLogWorker.java:<init>(188)) - new c349e6d8-44a6-453c-8914-c421dd83a8f7@group-55B547732D1A-SegmentedRaftLogWorker for RaftStorageImpl:Storage Directory /home/runner/work/ozone/ozone/hadoop-ozone/integration-test/target/test-dir/MiniOzoneClusterImpl-0e3afe45-f4df-41ce-9d76-18b1c152426f/datanode-4/data/ratis/b8c75c80-7fc6-4646-87d0-55b547732d1a
2023-08-25 08:52:07,490 [c349e6d8-44a6-453c-8914-c421dd83a8f7-groupManagement] INFO  server.RaftServerConfigKeys (ConfUtils.java:logGet(46)) - raft.server.log.queue.byte-limit = 4294967296 (custom)
2023-08-25 08:52:07,490 [c349e6d8-44a6-453c-8914-c421dd83a8f7-groupManagement] INFO  server.RaftServerConfigKeys (ConfUtils.java:logGet(46)) - raft.server.log.queue.element-limit = 1024 (custom)
2023-08-25 08:52:07,490 [c349e6d8-44a6-453c-8914-c421dd83a8f7-groupManagement] INFO  server.RaftServerConfigKeys (ConfUtils.java:logGet(46)) - raft.server.log.segment.size.max = 1048576 (custom)
2023-08-25 08:52:07,490 [c349e6d8-44a6-453c-8914-c421dd83a8f7-groupManagement] INFO  server.RaftServerConfigKeys (ConfUtils.java:logGet(46)) - raft.server.log.preallocated.size = 16384 (custom)
2023-08-25 08:52:07,490 [c349e6d8-44a6-453c-8914-c421dd83a8f7-groupManagement] INFO  server.RaftServerConfigKeys (ConfUtils.java:logGet(46)) - raft.server.log.force.sync.num = 128 (default)
2023-08-25 08:52:07,490 [c349e6d8-44a6-453c-8914-c421dd83a8f7-groupManagement] INFO  server.RaftServerConfigKeys (ConfUtils.java:logGet(46)) - raft.server.log.statemachine.data.sync = true (default)
2023-08-25 08:52:07,490 [c349e6d8-44a6-453c-8914-c421dd83a8f7-groupManagement] INFO  server.RaftServerConfigKeys (ConfUtils.java:logGet(46)) - raft.server.log.statemachine.data.sync.timeout = 10s (default)
2023-08-25 08:52:07,490 [c349e6d8-44a6-453c-8914-c421dd83a8f7-groupManagement] INFO  server.RaftServerConfigKeys (ConfUtils.java:logGet(46)) - raft.server.log.statemachine.data.sync.timeout.retry = -1 (default)
2023-08-25 08:52:07,491 [c349e6d8-44a6-453c-8914-c421dd83a8f7-groupManagement] INFO  server.RaftServerConfigKeys (ConfUtils.java:logGet(46)) - raft.server.log.write.buffer.size = 1048576 (custom)
2023-08-25 08:52:07,491 [c349e6d8-44a6-453c-8914-c421dd83a8f7-groupManagement] INFO  server.RaftServerConfigKeys (ConfUtils.java:logGet(46)) - raft.server.log.appender.buffer.byte-limit = 33554432 (custom)
2023-08-25 08:52:07,497 [c349e6d8-44a6-453c-8914-c421dd83a8f7-groupManagement] INFO  server.RaftServerConfigKeys (ConfUtils.java:logGet(46)) - raft.server.log.unsafe-flush.enabled = false (default)
2023-08-25 08:52:07,497 [c349e6d8-44a6-453c-8914-c421dd83a8f7-groupManagement] INFO  server.RaftServerConfigKeys (ConfUtils.java:logGet(46)) - raft.server.log.async-flush.enabled = false (default)
2023-08-25 08:52:07,497 [c349e6d8-44a6-453c-8914-c421dd83a8f7-groupManagement] INFO  server.RaftServerConfigKeys (ConfUtils.java:logGet(46)) - raft.server.log.statemachine.data.caching.enabled = true (custom)
2023-08-25 08:52:07,497 [c349e6d8-44a6-453c-8914-c421dd83a8f7-groupManagement] INFO  segmented.SegmentedRaftLogWorker (SegmentedRaftLogWorker.java:lambda$new$0(135)) - c349e6d8-44a6-453c-8914-c421dd83a8f7@group-55B547732D1A-SegmentedRaftLogWorker: flushIndex: setUnconditionally 0 -> -1
2023-08-25 08:52:07,497 [c349e6d8-44a6-453c-8914-c421dd83a8f7-groupManagement] INFO  segmented.SegmentedRaftLogWorker (SegmentedRaftLogWorker.java:lambda$new$0(135)) - c349e6d8-44a6-453c-8914-c421dd83a8f7@group-55B547732D1A-SegmentedRaftLogWorker: safeCacheEvictIndex: setUnconditionally 0 -> -1
2023-08-25 08:52:07,497 [c349e6d8-44a6-453c-8914-c421dd83a8f7-groupManagement] INFO  server.RaftServer$Division (RaftServerImpl.java:start(342)) - c349e6d8-44a6-453c-8914-c421dd83a8f7@group-55B547732D1A: start as a follower, conf=-1: peers:[c349e6d8-44a6-453c-8914-c421dd83a8f7|rpc:10.1.0.19:15156|admin:10.1.0.19:15155|client:10.1.0.19:15154|dataStream:10.1.0.19:15157|priority:1|startupRole:FOLLOWER]|listeners:[], old=null
2023-08-25 08:52:07,497 [c349e6d8-44a6-453c-8914-c421dd83a8f7-groupManagement] INFO  server.RaftServer$Division (RaftServerImpl.java:setRole(329)) - c349e6d8-44a6-453c-8914-c421dd83a8f7@group-55B547732D1A: changes role from      null to FOLLOWER at term 0 for startAsFollower
2023-08-25 08:52:07,497 [c349e6d8-44a6-453c-8914-c421dd83a8f7-groupManagement] INFO  impl.RoleInfo (RoleInfo.java:updateAndGet(139)) - c349e6d8-44a6-453c-8914-c421dd83a8f7: start c349e6d8-44a6-453c-8914-c421dd83a8f7@group-55B547732D1A-FollowerState
2023-08-25 08:52:07,498 [c349e6d8-44a6-453c-8914-c421dd83a8f7-groupManagement] INFO  util.JmxRegister (JmxRegister.java:tryRegister(44)) - Successfully registered JMX Bean with object name Ratis:service=RaftServer,group=group-55B547732D1A,id=c349e6d8-44a6-453c-8914-c421dd83a8f7
2023-08-25 08:52:07,498 [c349e6d8-44a6-453c-8914-c421dd83a8f7@group-55B547732D1A-FollowerState] INFO  server.RaftServerConfigKeys (ConfUtils.java:logFallback(53)) - raft.server.rpc.first-election.timeout.min = 5s (fallback to raft.server.rpc.timeout.min)
2023-08-25 08:52:07,498 [c349e6d8-44a6-453c-8914-c421dd83a8f7-groupManagement] INFO  server.RaftServerConfigKeys (ConfUtils.java:logGet(46)) - raft.server.snapshot.auto.trigger.enabled = true (custom)
2023-08-25 08:52:07,498 [c349e6d8-44a6-453c-8914-c421dd83a8f7@group-55B547732D1A-FollowerState] INFO  server.RaftServerConfigKeys (ConfUtils.java:logFallback(53)) - raft.server.rpc.first-election.timeout.max = 5200ms (fallback to raft.server.rpc.timeout.max)
2023-08-25 08:52:07,498 [c349e6d8-44a6-453c-8914-c421dd83a8f7-groupManagement] INFO  server.RaftServerConfigKeys (ConfUtils.java:logGet(46)) - raft.server.snapshot.auto.trigger.threshold = 10000 (custom)
2023-08-25 08:52:07,498 [c349e6d8-44a6-453c-8914-c421dd83a8f7-groupManagement] INFO  server.RaftServerConfigKeys (ConfUtils.java:logGet(46)) - raft.server.snapshot.retention.file.num = 5 (custom)
2023-08-25 08:52:07,498 [c349e6d8-44a6-453c-8914-c421dd83a8f7-groupManagement] INFO  server.RaftServerConfigKeys (ConfUtils.java:logGet(46)) - raft.server.log.purge.upto.snapshot.index = false (default)
2023-08-25 08:52:07,499 [PipelineCommandHandlerThread-0] INFO  ratis.XceiverServerRatis (XceiverServerRatis.java:addGroup(804)) - Created group PipelineID=b8c75c80-7fc6-4646-87d0-55b547732d1a
2023-08-25 08:52:07,499 [PipelineCommandHandlerThread-0] INFO  commandhandler.CreatePipelineCommandHandler (CreatePipelineCommandHandler.java:lambda$handle$2(124)) - Created Pipeline RATIS ONE PipelineID=b8c75c80-7fc6-4646-87d0-55b547732d1a.
2023-08-25 08:52:07,611 [ReplicationMonitor] INFO  replication.ReplicationManager (ReplicationManager.java:processAll(361)) - Replication Manager is not ready to run until 3000ms after safemode exit
2023-08-25 08:52:08,474 [Time-limited test] INFO  ozone.MiniOzoneClusterImpl (MiniOzoneClusterImpl.java:lambda$waitForClusterToBeReady$0(224)) - Nodes are ready. Got 5 of 5 DN Heartbeats.
2023-08-25 08:52:08,474 [Time-limited test] INFO  ozone.MiniOzoneClusterImpl (MiniOzoneClusterImpl.java:lambda$waitForClusterToBeReady$0(227)) - Waiting for cluster to exit safe mode
2023-08-25 08:52:08,474 [Time-limited test] INFO  ozone.MiniOzoneClusterImpl (MiniOzoneClusterImpl.java:lambda$waitForClusterToBeReady$0(229)) - SCM became leader
2023-08-25 08:52:08,612 [ReplicationMonitor] INFO  replication.ReplicationManager (ReplicationManager.java:processAll(361)) - Replication Manager is not ready to run until 3000ms after safemode exit
2023-08-25 08:52:09,474 [Time-limited test] INFO  ozone.MiniOzoneClusterImpl (MiniOzoneClusterImpl.java:lambda$waitForClusterToBeReady$0(224)) - Nodes are ready. Got 5 of 5 DN Heartbeats.
2023-08-25 08:52:09,475 [Time-limited test] INFO  ozone.MiniOzoneClusterImpl (MiniOzoneClusterImpl.java:lambda$waitForClusterToBeReady$0(227)) - Waiting for cluster to exit safe mode
2023-08-25 08:52:09,475 [Time-limited test] INFO  ozone.MiniOzoneClusterImpl (MiniOzoneClusterImpl.java:lambda$waitForClusterToBeReady$0(229)) - SCM became leader
2023-08-25 08:52:09,612 [ReplicationMonitor] INFO  replication.ReplicationManager (ReplicationManager.java:processAll(361)) - Replication Manager is not ready to run until 3000ms after safemode exit
2023-08-25 08:52:10,475 [Time-limited test] INFO  ozone.MiniOzoneClusterImpl (MiniOzoneClusterImpl.java:lambda$waitForClusterToBeReady$0(224)) - Nodes are ready. Got 5 of 5 DN Heartbeats.
2023-08-25 08:52:10,475 [Time-limited test] INFO  ozone.MiniOzoneClusterImpl (MiniOzoneClusterImpl.java:lambda$waitForClusterToBeReady$0(227)) - Waiting for cluster to exit safe mode
2023-08-25 08:52:10,475 [Time-limited test] INFO  ozone.MiniOzoneClusterImpl (MiniOzoneClusterImpl.java:lambda$waitForClusterToBeReady$0(229)) - SCM became leader
2023-08-25 08:52:10,612 [ReplicationMonitor] INFO  replication.ReplicationManager (ReplicationManager.java:processAll(361)) - Replication Manager is not ready to run until 3000ms after safemode exit
2023-08-25 08:52:11,210 [13a37e5a-b376-4d6f-b694-58d1355ff7ca@group-4088ECE94106-FollowerState] INFO  impl.FollowerState (FollowerState.java:run(143)) - 13a37e5a-b376-4d6f-b694-58d1355ff7ca@group-4088ECE94106-FollowerState: change to CANDIDATE, lastRpcElapsedTime:5067588679ns, electionTimeout:5067ms
2023-08-25 08:52:11,210 [13a37e5a-b376-4d6f-b694-58d1355ff7ca@group-4088ECE94106-FollowerState] INFO  impl.RoleInfo (RoleInfo.java:shutdownFollowerState(110)) - 13a37e5a-b376-4d6f-b694-58d1355ff7ca: shutdown 13a37e5a-b376-4d6f-b694-58d1355ff7ca@group-4088ECE94106-FollowerState
2023-08-25 08:52:11,210 [13a37e5a-b376-4d6f-b694-58d1355ff7ca@group-4088ECE94106-FollowerState] INFO  server.RaftServer$Division (RaftServerImpl.java:setRole(329)) - 13a37e5a-b376-4d6f-b694-58d1355ff7ca@group-4088ECE94106: changes role from  FOLLOWER to CANDIDATE at term 0 for changeToCandidate
2023-08-25 08:52:11,210 [13a37e5a-b376-4d6f-b694-58d1355ff7ca@group-4088ECE94106-FollowerState] INFO  server.RaftServerConfigKeys (ConfUtils.java:logGet(46)) - raft.server.leaderelection.pre-vote = true (default)
2023-08-25 08:52:11,210 [13a37e5a-b376-4d6f-b694-58d1355ff7ca@group-4088ECE94106-FollowerState] INFO  impl.RoleInfo (RoleInfo.java:updateAndGet(139)) - 13a37e5a-b376-4d6f-b694-58d1355ff7ca: start 13a37e5a-b376-4d6f-b694-58d1355ff7ca@group-4088ECE94106-LeaderElection21
2023-08-25 08:52:11,212 [13a37e5a-b376-4d6f-b694-58d1355ff7ca@group-4088ECE94106-LeaderElection21] INFO  impl.LeaderElection (LeaderElection.java:askForVotes(321)) - 13a37e5a-b376-4d6f-b694-58d1355ff7ca@group-4088ECE94106-LeaderElection21 PRE_VOTE round 0: submit vote requests at term 0 for -1: peers:[13a37e5a-b376-4d6f-b694-58d1355ff7ca|rpc:10.1.0.19:15120|admin:10.1.0.19:15119|client:10.1.0.19:15118|dataStream:10.1.0.19:15121|priority:1|startupRole:FOLLOWER]|listeners:[], old=null
2023-08-25 08:52:11,213 [13a37e5a-b376-4d6f-b694-58d1355ff7ca@group-4088ECE94106-LeaderElection21] INFO  impl.LeaderElection (LeaderElection.java:askForVotes(323)) - 13a37e5a-b376-4d6f-b694-58d1355ff7ca@group-4088ECE94106-LeaderElection21 PRE_VOTE round 0: result PASSED (term=0)
2023-08-25 08:52:11,215 [13a37e5a-b376-4d6f-b694-58d1355ff7ca@group-4088ECE94106-LeaderElection21] INFO  impl.LeaderElection (LeaderElection.java:askForVotes(321)) - 13a37e5a-b376-4d6f-b694-58d1355ff7ca@group-4088ECE94106-LeaderElection21 ELECTION round 0: submit vote requests at term 1 for -1: peers:[13a37e5a-b376-4d6f-b694-58d1355ff7ca|rpc:10.1.0.19:15120|admin:10.1.0.19:15119|client:10.1.0.19:15118|dataStream:10.1.0.19:15121|priority:1|startupRole:FOLLOWER]|listeners:[], old=null
2023-08-25 08:52:11,215 [13a37e5a-b376-4d6f-b694-58d1355ff7ca@group-4088ECE94106-LeaderElection21] INFO  impl.LeaderElection (LeaderElection.java:askForVotes(323)) - 13a37e5a-b376-4d6f-b694-58d1355ff7ca@group-4088ECE94106-LeaderElection21 ELECTION round 0: result PASSED (term=1)
2023-08-25 08:52:11,215 [13a37e5a-b376-4d6f-b694-58d1355ff7ca@group-4088ECE94106-LeaderElection21] INFO  impl.RoleInfo (RoleInfo.java:shutdownLeaderElection(130)) - 13a37e5a-b376-4d6f-b694-58d1355ff7ca: shutdown 13a37e5a-b376-4d6f-b694-58d1355ff7ca@group-4088ECE94106-LeaderElection21
2023-08-25 08:52:11,215 [13a37e5a-b376-4d6f-b694-58d1355ff7ca@group-4088ECE94106-LeaderElection21] INFO  server.RaftServer$Division (RaftServerImpl.java:setRole(329)) - 13a37e5a-b376-4d6f-b694-58d1355ff7ca@group-4088ECE94106: changes role from CANDIDATE to LEADER at term 1 for changeToLeader
2023-08-25 08:52:11,215 [13a37e5a-b376-4d6f-b694-58d1355ff7ca@group-4088ECE94106-LeaderElection21] INFO  ratis.XceiverServerRatis (XceiverServerRatis.java:handleLeaderChangedNotification(902)) - Leader change notification received for group: group-4088ECE94106 with new leaderId: 13a37e5a-b376-4d6f-b694-58d1355ff7ca
2023-08-25 08:52:11,215 [13a37e5a-b376-4d6f-b694-58d1355ff7ca@group-4088ECE94106-LeaderElection21] INFO  server.RaftServer$Division (ServerState.java:setLeader(317)) - 13a37e5a-b376-4d6f-b694-58d1355ff7ca@group-4088ECE94106: change Leader from null to 13a37e5a-b376-4d6f-b694-58d1355ff7ca at term 1 for becomeLeader, leader elected after 5096ms
2023-08-25 08:52:11,215 [13a37e5a-b376-4d6f-b694-58d1355ff7ca@group-4088ECE94106-LeaderElection21] INFO  server.RaftServerConfigKeys (ConfUtils.java:logGet(46)) - raft.server.staging.catchup.gap = 1000 (default)
2023-08-25 08:52:11,216 [13a37e5a-b376-4d6f-b694-58d1355ff7ca@group-4088ECE94106-LeaderElection21] INFO  server.RaftServerConfigKeys (ConfUtils.java:logGet(46)) - raft.server.write.element-limit = 1024 (custom)
2023-08-25 08:52:11,216 [13a37e5a-b376-4d6f-b694-58d1355ff7ca@group-4088ECE94106-LeaderElection21] INFO  server.RaftServerConfigKeys (ConfUtils.java:logGet(46)) - raft.server.write.byte-limit = 1024 M (=1073741824) (custom)
2023-08-25 08:52:11,216 [13a37e5a-b376-4d6f-b694-58d1355ff7ca@group-4088ECE94106-LeaderElection21] INFO  server.RaftServerConfigKeys (ConfUtils.java:logGet(46)) - raft.server.watch.timeout = 180s (custom)
2023-08-25 08:52:11,216 [13a37e5a-b376-4d6f-b694-58d1355ff7ca@group-4088ECE94106-LeaderElection21] INFO  server.RaftServerConfigKeys (ConfUtils.java:logGet(46)) - raft.server.watch.timeout.denomination = 1s (default)
2023-08-25 08:52:11,216 [13a37e5a-b376-4d6f-b694-58d1355ff7ca@group-4088ECE94106-LeaderElection21] INFO  server.RaftServerConfigKeys (ConfUtils.java:logGet(46)) - raft.server.watch.element-limit = 65536 (default)
2023-08-25 08:52:11,216 [13a37e5a-b376-4d6f-b694-58d1355ff7ca@group-4088ECE94106-LeaderElection21] INFO  server.RaftServerConfigKeys (ConfUtils.java:logGet(46)) - raft.server.write.element-limit = 1024 (custom)
2023-08-25 08:52:11,216 [13a37e5a-b376-4d6f-b694-58d1355ff7ca@group-4088ECE94106-LeaderElection21] INFO  server.RaftServerConfigKeys (ConfUtils.java:logGet(46)) - raft.server.write.follower.gap.ratio.max = -1.0 (default)
2023-08-25 08:52:11,216 [13a37e5a-b376-4d6f-b694-58d1355ff7ca@group-4088ECE94106-LeaderElection21] INFO  impl.RoleInfo (RoleInfo.java:updateAndGet(139)) - 13a37e5a-b376-4d6f-b694-58d1355ff7ca: start 13a37e5a-b376-4d6f-b694-58d1355ff7ca@group-4088ECE94106-LeaderStateImpl
2023-08-25 08:52:11,217 [13a37e5a-b376-4d6f-b694-58d1355ff7ca@group-4088ECE94106-LeaderElection21] INFO  segmented.SegmentedRaftLogWorker (SegmentedRaftLogWorker.java:startLogSegment(447)) - 13a37e5a-b376-4d6f-b694-58d1355ff7ca@group-4088ECE94106-SegmentedRaftLogWorker: Starting segment from index:0
2023-08-25 08:52:11,217 [EventQueue-OpenPipelineForHealthyPipelineSafeModeRule] INFO  safemode.SCMSafeModeManager (HealthyPipelineSafeModeRule.java:process(137)) - SCM in safe mode. Healthy pipelines reported count is 0, required healthy pipeline reported count is 1
2023-08-25 08:52:11,222 [13a37e5a-b376-4d6f-b694-58d1355ff7ca@group-4088ECE94106-LeaderElection21] INFO  server.RaftServer$Division (ServerState.java:setRaftConf(434)) - 13a37e5a-b376-4d6f-b694-58d1355ff7ca@group-4088ECE94106: set configuration 0: peers:[13a37e5a-b376-4d6f-b694-58d1355ff7ca|rpc:10.1.0.19:15120|admin:10.1.0.19:15119|client:10.1.0.19:15118|dataStream:10.1.0.19:15121|priority:1|startupRole:FOLLOWER]|listeners:[], old=null
2023-08-25 08:52:11,223 [13a37e5a-b376-4d6f-b694-58d1355ff7ca@group-4088ECE94106-SegmentedRaftLogWorker] INFO  segmented.SegmentedRaftLogWorker (SegmentedRaftLogWorker.java:execute(651)) - 13a37e5a-b376-4d6f-b694-58d1355ff7ca@group-4088ECE94106-SegmentedRaftLogWorker: created new log segment /home/runner/work/ozone/ozone/hadoop-ozone/integration-test/target/test-dir/MiniOzoneClusterImpl-0e3afe45-f4df-41ce-9d76-18b1c152426f/datanode-0/data/ratis/7113289b-f6ac-49fd-a9bc-4088ece94106/current/log_inprogress_0
2023-08-25 08:52:11,285 [5d860d7d-438a-4901-b268-bb236ca34e1d@group-B69D6EEC9027-FollowerState] INFO  impl.FollowerState (FollowerState.java:run(143)) - 5d860d7d-438a-4901-b268-bb236ca34e1d@group-B69D6EEC9027-FollowerState: change to CANDIDATE, lastRpcElapsedTime:5060345772ns, electionTimeout:5057ms
2023-08-25 08:52:11,285 [5d860d7d-438a-4901-b268-bb236ca34e1d@group-B69D6EEC9027-FollowerState] INFO  impl.RoleInfo (RoleInfo.java:shutdownFollowerState(110)) - 5d860d7d-438a-4901-b268-bb236ca34e1d: shutdown 5d860d7d-438a-4901-b268-bb236ca34e1d@group-B69D6EEC9027-FollowerState
2023-08-25 08:52:11,285 [5d860d7d-438a-4901-b268-bb236ca34e1d@group-B69D6EEC9027-FollowerState] INFO  server.RaftServer$Division (RaftServerImpl.java:setRole(329)) - 5d860d7d-438a-4901-b268-bb236ca34e1d@group-B69D6EEC9027: changes role from  FOLLOWER to CANDIDATE at term 0 for changeToCandidate
2023-08-25 08:52:11,285 [5d860d7d-438a-4901-b268-bb236ca34e1d@group-B69D6EEC9027-FollowerState] INFO  server.RaftServerConfigKeys (ConfUtils.java:logGet(46)) - raft.server.leaderelection.pre-vote = true (default)
2023-08-25 08:52:11,285 [5d860d7d-438a-4901-b268-bb236ca34e1d@group-B69D6EEC9027-FollowerState] INFO  impl.RoleInfo (RoleInfo.java:updateAndGet(139)) - 5d860d7d-438a-4901-b268-bb236ca34e1d: start 5d860d7d-438a-4901-b268-bb236ca34e1d@group-B69D6EEC9027-LeaderElection22
2023-08-25 08:52:11,288 [5d860d7d-438a-4901-b268-bb236ca34e1d@group-B69D6EEC9027-LeaderElection22] INFO  impl.LeaderElection (LeaderElection.java:askForVotes(321)) - 5d860d7d-438a-4901-b268-bb236ca34e1d@group-B69D6EEC9027-LeaderElection22 PRE_VOTE round 0: submit vote requests at term 0 for -1: peers:[13a37e5a-b376-4d6f-b694-58d1355ff7ca|rpc:10.1.0.19:15120|admin:10.1.0.19:15119|client:10.1.0.19:15118|dataStream:10.1.0.19:15121|priority:1|startupRole:FOLLOWER, 5d860d7d-438a-4901-b268-bb236ca34e1d|rpc:10.1.0.19:15129|admin:10.1.0.19:15128|client:10.1.0.19:15127|dataStream:10.1.0.19:15130|priority:0|startupRole:FOLLOWER, 0b97acf7-1047-49ae-a506-e2d05ab0320a|rpc:10.1.0.19:15138|admin:10.1.0.19:15137|client:10.1.0.19:15136|dataStream:10.1.0.19:15139|priority:0|startupRole:FOLLOWER]|listeners:[], old=null
2023-08-25 08:52:11,290 [5d860d7d-438a-4901-b268-bb236ca34e1d@group-B69D6EEC9027-LeaderElection22-1] INFO  server.GrpcServerProtocolClient (GrpcServerProtocolClient.java:<init>(65)) - Build channel for 13a37e5a-b376-4d6f-b694-58d1355ff7ca
2023-08-25 08:52:11,296 [5d860d7d-438a-4901-b268-bb236ca34e1d@group-B69D6EEC9027-LeaderElection22] INFO  server.RaftServerConfigKeys (ConfUtils.java:logFallback(53)) - raft.server.rpc.first-election.timeout.min = 5s (fallback to raft.server.rpc.timeout.min)
2023-08-25 08:52:11,296 [5d860d7d-438a-4901-b268-bb236ca34e1d@group-B69D6EEC9027-LeaderElection22] INFO  server.RaftServerConfigKeys (ConfUtils.java:logFallback(53)) - raft.server.rpc.first-election.timeout.max = 5200ms (fallback to raft.server.rpc.timeout.max)
2023-08-25 08:52:11,296 [5d860d7d-438a-4901-b268-bb236ca34e1d@group-B69D6EEC9027-LeaderElection22-2] INFO  server.GrpcServerProtocolClient (GrpcServerProtocolClient.java:<init>(65)) - Build channel for 0b97acf7-1047-49ae-a506-e2d05ab0320a
2023-08-25 08:52:11,303 [grpc-default-executor-0] INFO  server.RaftServer$Division (RaftServerImpl.java:requestVote(1302)) - 13a37e5a-b376-4d6f-b694-58d1355ff7ca@group-B69D6EEC9027: receive requestVote(PRE_VOTE, 5d860d7d-438a-4901-b268-bb236ca34e1d, group-B69D6EEC9027, 0, (t:0, i:0))
2023-08-25 08:52:11,304 [grpc-default-executor-0] INFO  impl.VoteContext (VoteContext.java:log(49)) - 13a37e5a-b376-4d6f-b694-58d1355ff7ca@group-B69D6EEC9027-FOLLOWER: reject PRE_VOTE from 5d860d7d-438a-4901-b268-bb236ca34e1d: our priority 1 > candidate's priority 0
2023-08-25 08:52:11,304 [grpc-default-executor-0] INFO  server.RaftServer$Division (RaftServerImpl.java:requestVote(1335)) - 13a37e5a-b376-4d6f-b694-58d1355ff7ca@group-B69D6EEC9027 replies to PRE_VOTE vote request: 5d860d7d-438a-4901-b268-bb236ca34e1d<-13a37e5a-b376-4d6f-b694-58d1355ff7ca#0:FAIL-t0. Peer's state: 13a37e5a-b376-4d6f-b694-58d1355ff7ca@group-B69D6EEC9027:t0, leader=null, voted=, raftlog=Memoized:13a37e5a-b376-4d6f-b694-58d1355ff7ca@group-B69D6EEC9027-SegmentedRaftLog:OPENED:c-1, conf=-1: peers:[13a37e5a-b376-4d6f-b694-58d1355ff7ca|rpc:10.1.0.19:15120|admin:10.1.0.19:15119|client:10.1.0.19:15118|dataStream:10.1.0.19:15121|priority:1|startupRole:FOLLOWER, 5d860d7d-438a-4901-b268-bb236ca34e1d|rpc:10.1.0.19:15129|admin:10.1.0.19:15128|client:10.1.0.19:15127|dataStream:10.1.0.19:15130|priority:0|startupRole:FOLLOWER, 0b97acf7-1047-49ae-a506-e2d05ab0320a|rpc:10.1.0.19:15138|admin:10.1.0.19:15137|client:10.1.0.19:15136|dataStream:10.1.0.19:15139|priority:0|startupRole:FOLLOWER]|listeners:[], old=null
2023-08-25 08:52:11,312 [5d860d7d-438a-4901-b268-bb236ca34e1d@group-B69D6EEC9027-LeaderElection22] INFO  impl.LeaderElection (LeaderElection.java:logAndReturn(90)) - 5d860d7d-438a-4901-b268-bb236ca34e1d@group-B69D6EEC9027-LeaderElection22: PRE_VOTE REJECTED received 1 response(s) and 0 exception(s):
2023-08-25 08:52:11,312 [5d860d7d-438a-4901-b268-bb236ca34e1d@group-B69D6EEC9027-LeaderElection22] INFO  impl.LeaderElection (LeaderElection.java:logAndReturn(94)) -   Response 0: 5d860d7d-438a-4901-b268-bb236ca34e1d<-13a37e5a-b376-4d6f-b694-58d1355ff7ca#0:FAIL-t0
2023-08-25 08:52:11,312 [5d860d7d-438a-4901-b268-bb236ca34e1d@group-B69D6EEC9027-LeaderElection22] INFO  impl.LeaderElection (LeaderElection.java:askForVotes(323)) - 5d860d7d-438a-4901-b268-bb236ca34e1d@group-B69D6EEC9027-LeaderElection22 PRE_VOTE round 0: result REJECTED
2023-08-25 08:52:11,312 [5d860d7d-438a-4901-b268-bb236ca34e1d@group-B69D6EEC9027-LeaderElection22] INFO  server.RaftServer$Division (RaftServerImpl.java:setRole(329)) - 5d860d7d-438a-4901-b268-bb236ca34e1d@group-B69D6EEC9027: changes role from CANDIDATE to FOLLOWER at term 0 for REJECTED
2023-08-25 08:52:11,312 [5d860d7d-438a-4901-b268-bb236ca34e1d@group-B69D6EEC9027-LeaderElection22] INFO  impl.RoleInfo (RoleInfo.java:shutdownLeaderElection(130)) - 5d860d7d-438a-4901-b268-bb236ca34e1d: shutdown 5d860d7d-438a-4901-b268-bb236ca34e1d@group-B69D6EEC9027-LeaderElection22
2023-08-25 08:52:11,312 [5d860d7d-438a-4901-b268-bb236ca34e1d@group-B69D6EEC9027-LeaderElection22] INFO  impl.RoleInfo (RoleInfo.java:updateAndGet(139)) - 5d860d7d-438a-4901-b268-bb236ca34e1d: start 5d860d7d-438a-4901-b268-bb236ca34e1d@group-B69D6EEC9027-FollowerState
2023-08-25 08:52:11,315 [grpc-default-executor-0] INFO  server.RaftServer$Division (RaftServerImpl.java:requestVote(1302)) - 0b97acf7-1047-49ae-a506-e2d05ab0320a@group-B69D6EEC9027: receive requestVote(PRE_VOTE, 5d860d7d-438a-4901-b268-bb236ca34e1d, group-B69D6EEC9027, 0, (t:0, i:0))
2023-08-25 08:52:11,316 [grpc-default-executor-0] INFO  impl.VoteContext (VoteContext.java:log(49)) - 0b97acf7-1047-49ae-a506-e2d05ab0320a@group-B69D6EEC9027-FOLLOWER: accept PRE_VOTE from 5d860d7d-438a-4901-b268-bb236ca34e1d: our priority 0 <= candidate's priority 0
2023-08-25 08:52:11,316 [grpc-default-executor-0] INFO  server.RaftServer$Division (RaftServerImpl.java:requestVote(1335)) - 0b97acf7-1047-49ae-a506-e2d05ab0320a@group-B69D6EEC9027 replies to PRE_VOTE vote request: 5d860d7d-438a-4901-b268-bb236ca34e1d<-0b97acf7-1047-49ae-a506-e2d05ab0320a#0:OK-t0. Peer's state: 0b97acf7-1047-49ae-a506-e2d05ab0320a@group-B69D6EEC9027:t0, leader=null, voted=, raftlog=Memoized:0b97acf7-1047-49ae-a506-e2d05ab0320a@group-B69D6EEC9027-SegmentedRaftLog:OPENED:c-1, conf=-1: peers:[13a37e5a-b376-4d6f-b694-58d1355ff7ca|rpc:10.1.0.19:15120|admin:10.1.0.19:15119|client:10.1.0.19:15118|dataStream:10.1.0.19:15121|priority:1|startupRole:FOLLOWER, 5d860d7d-438a-4901-b268-bb236ca34e1d|rpc:10.1.0.19:15129|admin:10.1.0.19:15128|client:10.1.0.19:15127|dataStream:10.1.0.19:15130|priority:0|startupRole:FOLLOWER, 0b97acf7-1047-49ae-a506-e2d05ab0320a|rpc:10.1.0.19:15138|admin:10.1.0.19:15137|client:10.1.0.19:15136|dataStream:10.1.0.19:15139|priority:0|startupRole:FOLLOWER]|listeners:[], old=null
2023-08-25 08:52:11,334 [0b97acf7-1047-49ae-a506-e2d05ab0320a@group-B69D6EEC9027-FollowerState] INFO  server.RaftServerConfigKeys (ConfUtils.java:logFallback(53)) - raft.server.rpc.first-election.timeout.min = 5s (fallback to raft.server.rpc.timeout.min)
2023-08-25 08:52:11,334 [0b97acf7-1047-49ae-a506-e2d05ab0320a@group-B69D6EEC9027-FollowerState] INFO  server.RaftServerConfigKeys (ConfUtils.java:logFallback(53)) - raft.server.rpc.first-election.timeout.max = 5200ms (fallback to raft.server.rpc.timeout.max)
2023-08-25 08:52:11,353 [0b97acf7-1047-49ae-a506-e2d05ab0320a@group-861FC6D9773E-FollowerState] INFO  impl.FollowerState (FollowerState.java:run(143)) - 0b97acf7-1047-49ae-a506-e2d05ab0320a@group-861FC6D9773E-FollowerState: change to CANDIDATE, lastRpcElapsedTime:5002640320ns, electionTimeout:5002ms
2023-08-25 08:52:11,354 [0b97acf7-1047-49ae-a506-e2d05ab0320a@group-861FC6D9773E-FollowerState] INFO  impl.RoleInfo (RoleInfo.java:shutdownFollowerState(110)) - 0b97acf7-1047-49ae-a506-e2d05ab0320a: shutdown 0b97acf7-1047-49ae-a506-e2d05ab0320a@group-861FC6D9773E-FollowerState
2023-08-25 08:52:11,354 [0b97acf7-1047-49ae-a506-e2d05ab0320a@group-861FC6D9773E-FollowerState] INFO  server.RaftServer$Division (RaftServerImpl.java:setRole(329)) - 0b97acf7-1047-49ae-a506-e2d05ab0320a@group-861FC6D9773E: changes role from  FOLLOWER to CANDIDATE at term 0 for changeToCandidate
2023-08-25 08:52:11,354 [0b97acf7-1047-49ae-a506-e2d05ab0320a@group-861FC6D9773E-FollowerState] INFO  server.RaftServerConfigKeys (ConfUtils.java:logGet(46)) - raft.server.leaderelection.pre-vote = true (default)
2023-08-25 08:52:11,354 [0b97acf7-1047-49ae-a506-e2d05ab0320a@group-861FC6D9773E-FollowerState] INFO  impl.RoleInfo (RoleInfo.java:updateAndGet(139)) - 0b97acf7-1047-49ae-a506-e2d05ab0320a: start 0b97acf7-1047-49ae-a506-e2d05ab0320a@group-861FC6D9773E-LeaderElection23
2023-08-25 08:52:11,358 [0b97acf7-1047-49ae-a506-e2d05ab0320a@group-861FC6D9773E-LeaderElection23] INFO  impl.LeaderElection (LeaderElection.java:askForVotes(321)) - 0b97acf7-1047-49ae-a506-e2d05ab0320a@group-861FC6D9773E-LeaderElection23 PRE_VOTE round 0: submit vote requests at term 0 for -1: peers:[13a37e5a-b376-4d6f-b694-58d1355ff7ca|rpc:10.1.0.19:15120|admin:10.1.0.19:15119|client:10.1.0.19:15118|dataStream:10.1.0.19:15121|priority:0|startupRole:FOLLOWER, 5d860d7d-438a-4901-b268-bb236ca34e1d|rpc:10.1.0.19:15129|admin:10.1.0.19:15128|client:10.1.0.19:15127|dataStream:10.1.0.19:15130|priority:0|startupRole:FOLLOWER, 0b97acf7-1047-49ae-a506-e2d05ab0320a|rpc:10.1.0.19:15138|admin:10.1.0.19:15137|client:10.1.0.19:15136|dataStream:10.1.0.19:15139|priority:1|startupRole:FOLLOWER]|listeners:[], old=null
2023-08-25 08:52:11,359 [0b97acf7-1047-49ae-a506-e2d05ab0320a@group-861FC6D9773E-LeaderElection23-1] INFO  server.GrpcServerProtocolClient (GrpcServerProtocolClient.java:<init>(65)) - Build channel for 13a37e5a-b376-4d6f-b694-58d1355ff7ca
2023-08-25 08:52:11,369 [0b97acf7-1047-49ae-a506-e2d05ab0320a@group-861FC6D9773E-LeaderElection23] INFO  server.RaftServerConfigKeys (ConfUtils.java:logFallback(53)) - raft.server.rpc.first-election.timeout.min = 5s (fallback to raft.server.rpc.timeout.min)
2023-08-25 08:52:11,369 [0b97acf7-1047-49ae-a506-e2d05ab0320a@group-861FC6D9773E-LeaderElection23-2] INFO  server.GrpcServerProtocolClient (GrpcServerProtocolClient.java:<init>(65)) - Build channel for 5d860d7d-438a-4901-b268-bb236ca34e1d
2023-08-25 08:52:11,372 [13a37e5a-b376-4d6f-b694-58d1355ff7ca@group-B69D6EEC9027-FollowerState] INFO  impl.FollowerState (FollowerState.java:run(143)) - 13a37e5a-b376-4d6f-b694-58d1355ff7ca@group-B69D6EEC9027-FollowerState: change to CANDIDATE, lastRpcElapsedTime:5206217492ns, electionTimeout:5199ms
2023-08-25 08:52:11,372 [13a37e5a-b376-4d6f-b694-58d1355ff7ca@group-B69D6EEC9027-FollowerState] INFO  impl.RoleInfo (RoleInfo.java:shutdownFollowerState(110)) - 13a37e5a-b376-4d6f-b694-58d1355ff7ca: shutdown 13a37e5a-b376-4d6f-b694-58d1355ff7ca@group-B69D6EEC9027-FollowerState
2023-08-25 08:52:11,372 [13a37e5a-b376-4d6f-b694-58d1355ff7ca@group-B69D6EEC9027-FollowerState] INFO  server.RaftServer$Division (RaftServerImpl.java:setRole(329)) - 13a37e5a-b376-4d6f-b694-58d1355ff7ca@group-B69D6EEC9027: changes role from  FOLLOWER to CANDIDATE at term 0 for changeToCandidate
2023-08-25 08:52:11,372 [13a37e5a-b376-4d6f-b694-58d1355ff7ca@group-B69D6EEC9027-FollowerState] INFO  server.RaftServerConfigKeys (ConfUtils.java:logGet(46)) - raft.server.leaderelection.pre-vote = true (default)
2023-08-25 08:52:11,372 [13a37e5a-b376-4d6f-b694-58d1355ff7ca@group-B69D6EEC9027-FollowerState] INFO  impl.RoleInfo (RoleInfo.java:updateAndGet(139)) - 13a37e5a-b376-4d6f-b694-58d1355ff7ca: start 13a37e5a-b376-4d6f-b694-58d1355ff7ca@group-B69D6EEC9027-LeaderElection24
2023-08-25 08:52:11,369 [0b97acf7-1047-49ae-a506-e2d05ab0320a@group-861FC6D9773E-LeaderElection23] INFO  server.RaftServerConfigKeys (ConfUtils.java:logFallback(53)) - raft.server.rpc.first-election.timeout.max = 5200ms (fallback to raft.server.rpc.timeout.max)
2023-08-25 08:52:11,381 [13a37e5a-b376-4d6f-b694-58d1355ff7ca@group-B69D6EEC9027-LeaderElection24] INFO  impl.LeaderElection (LeaderElection.java:askForVotes(321)) - 13a37e5a-b376-4d6f-b694-58d1355ff7ca@group-B69D6EEC9027-LeaderElection24 PRE_VOTE round 0: submit vote requests at term 0 for -1: peers:[13a37e5a-b376-4d6f-b694-58d1355ff7ca|rpc:10.1.0.19:15120|admin:10.1.0.19:15119|client:10.1.0.19:15118|dataStream:10.1.0.19:15121|priority:1|startupRole:FOLLOWER, 5d860d7d-438a-4901-b268-bb236ca34e1d|rpc:10.1.0.19:15129|admin:10.1.0.19:15128|client:10.1.0.19:15127|dataStream:10.1.0.19:15130|priority:0|startupRole:FOLLOWER, 0b97acf7-1047-49ae-a506-e2d05ab0320a|rpc:10.1.0.19:15138|admin:10.1.0.19:15137|client:10.1.0.19:15136|dataStream:10.1.0.19:15139|priority:0|startupRole:FOLLOWER]|listeners:[], old=null
2023-08-25 08:52:11,385 [13a37e5a-b376-4d6f-b694-58d1355ff7ca@group-B69D6EEC9027-LeaderElection24-1] INFO  server.GrpcServerProtocolClient (GrpcServerProtocolClient.java:<init>(65)) - Build channel for 5d860d7d-438a-4901-b268-bb236ca34e1d
2023-08-25 08:52:11,388 [13a37e5a-b376-4d6f-b694-58d1355ff7ca@group-B69D6EEC9027-LeaderElection24-2] INFO  server.GrpcServerProtocolClient (GrpcServerProtocolClient.java:<init>(65)) - Build channel for 0b97acf7-1047-49ae-a506-e2d05ab0320a
2023-08-25 08:52:11,389 [grpc-default-executor-0] INFO  server.RaftServer$Division (RaftServerImpl.java:requestVote(1302)) - 5d860d7d-438a-4901-b268-bb236ca34e1d@group-861FC6D9773E: receive requestVote(PRE_VOTE, 0b97acf7-1047-49ae-a506-e2d05ab0320a, group-861FC6D9773E, 0, (t:0, i:0))
2023-08-25 08:52:11,389 [grpc-default-executor-0] INFO  impl.VoteContext (VoteContext.java:log(49)) - 5d860d7d-438a-4901-b268-bb236ca34e1d@group-861FC6D9773E-FOLLOWER: accept PRE_VOTE from 0b97acf7-1047-49ae-a506-e2d05ab0320a: our priority 0 <= candidate's priority 1
2023-08-25 08:52:11,389 [grpc-default-executor-0] INFO  server.RaftServer$Division (RaftServerImpl.java:requestVote(1335)) - 5d860d7d-438a-4901-b268-bb236ca34e1d@group-861FC6D9773E replies to PRE_VOTE vote request: 0b97acf7-1047-49ae-a506-e2d05ab0320a<-5d860d7d-438a-4901-b268-bb236ca34e1d#0:OK-t0. Peer's state: 5d860d7d-438a-4901-b268-bb236ca34e1d@group-861FC6D9773E:t0, leader=null, voted=, raftlog=Memoized:5d860d7d-438a-4901-b268-bb236ca34e1d@group-861FC6D9773E-SegmentedRaftLog:OPENED:c-1, conf=-1: peers:[13a37e5a-b376-4d6f-b694-58d1355ff7ca|rpc:10.1.0.19:15120|admin:10.1.0.19:15119|client:10.1.0.19:15118|dataStream:10.1.0.19:15121|priority:0|startupRole:FOLLOWER, 5d860d7d-438a-4901-b268-bb236ca34e1d|rpc:10.1.0.19:15129|admin:10.1.0.19:15128|client:10.1.0.19:15127|dataStream:10.1.0.19:15130|priority:0|startupRole:FOLLOWER, 0b97acf7-1047-49ae-a506-e2d05ab0320a|rpc:10.1.0.19:15138|admin:10.1.0.19:15137|client:10.1.0.19:15136|dataStream:10.1.0.19:15139|priority:1|startupRole:FOLLOWER]|listeners:[], old=null
2023-08-25 08:52:11,389 [13a37e5a-b376-4d6f-b694-58d1355ff7ca@group-B69D6EEC9027-LeaderElection24] INFO  server.RaftServerConfigKeys (ConfUtils.java:logFallback(53)) - raft.server.rpc.first-election.timeout.min = 5s (fallback to raft.server.rpc.timeout.min)
2023-08-25 08:52:11,390 [13a37e5a-b376-4d6f-b694-58d1355ff7ca@group-B69D6EEC9027-LeaderElection24] INFO  server.RaftServerConfigKeys (ConfUtils.java:logFallback(53)) - raft.server.rpc.first-election.timeout.max = 5200ms (fallback to raft.server.rpc.timeout.max)
2023-08-25 08:52:11,393 [grpc-default-executor-0] INFO  server.RaftServer$Division (RaftServerImpl.java:requestVote(1302)) - 13a37e5a-b376-4d6f-b694-58d1355ff7ca@group-861FC6D9773E: receive requestVote(PRE_VOTE, 0b97acf7-1047-49ae-a506-e2d05ab0320a, group-861FC6D9773E, 0, (t:0, i:0))
2023-08-25 08:52:11,393 [grpc-default-executor-0] INFO  impl.VoteContext (VoteContext.java:log(49)) - 13a37e5a-b376-4d6f-b694-58d1355ff7ca@group-861FC6D9773E-FOLLOWER: accept PRE_VOTE from 0b97acf7-1047-49ae-a506-e2d05ab0320a: our priority 0 <= candidate's priority 1
2023-08-25 08:52:11,393 [grpc-default-executor-0] INFO  server.RaftServer$Division (RaftServerImpl.java:requestVote(1335)) - 13a37e5a-b376-4d6f-b694-58d1355ff7ca@group-861FC6D9773E replies to PRE_VOTE vote request: 0b97acf7-1047-49ae-a506-e2d05ab0320a<-13a37e5a-b376-4d6f-b694-58d1355ff7ca#0:OK-t0. Peer's state: 13a37e5a-b376-4d6f-b694-58d1355ff7ca@group-861FC6D9773E:t0, leader=null, voted=, raftlog=Memoized:13a37e5a-b376-4d6f-b694-58d1355ff7ca@group-861FC6D9773E-SegmentedRaftLog:OPENED:c-1, conf=-1: peers:[13a37e5a-b376-4d6f-b694-58d1355ff7ca|rpc:10.1.0.19:15120|admin:10.1.0.19:15119|client:10.1.0.19:15118|dataStream:10.1.0.19:15121|priority:0|startupRole:FOLLOWER, 5d860d7d-438a-4901-b268-bb236ca34e1d|rpc:10.1.0.19:15129|admin:10.1.0.19:15128|client:10.1.0.19:15127|dataStream:10.1.0.19:15130|priority:0|startupRole:FOLLOWER, 0b97acf7-1047-49ae-a506-e2d05ab0320a|rpc:10.1.0.19:15138|admin:10.1.0.19:15137|client:10.1.0.19:15136|dataStream:10.1.0.19:15139|priority:1|startupRole:FOLLOWER]|listeners:[], old=null
2023-08-25 08:52:11,398 [0b97acf7-1047-49ae-a506-e2d05ab0320a@group-861FC6D9773E-LeaderElection23] INFO  impl.LeaderElection (LeaderElection.java:logAndReturn(90)) - 0b97acf7-1047-49ae-a506-e2d05ab0320a@group-861FC6D9773E-LeaderElection23: PRE_VOTE PASSED received 1 response(s) and 0 exception(s):
2023-08-25 08:52:11,398 [0b97acf7-1047-49ae-a506-e2d05ab0320a@group-861FC6D9773E-LeaderElection23] INFO  impl.LeaderElection (LeaderElection.java:logAndReturn(94)) -   Response 0: 0b97acf7-1047-49ae-a506-e2d05ab0320a<-5d860d7d-438a-4901-b268-bb236ca34e1d#0:OK-t0
2023-08-25 08:52:11,398 [0b97acf7-1047-49ae-a506-e2d05ab0320a@group-861FC6D9773E-LeaderElection23] INFO  impl.LeaderElection (LeaderElection.java:askForVotes(323)) - 0b97acf7-1047-49ae-a506-e2d05ab0320a@group-861FC6D9773E-LeaderElection23 PRE_VOTE round 0: result PASSED
2023-08-25 08:52:11,400 [0b97acf7-1047-49ae-a506-e2d05ab0320a@group-861FC6D9773E-LeaderElection23] INFO  impl.LeaderElection (LeaderElection.java:askForVotes(321)) - 0b97acf7-1047-49ae-a506-e2d05ab0320a@group-861FC6D9773E-LeaderElection23 ELECTION round 0: submit vote requests at term 1 for -1: peers:[13a37e5a-b376-4d6f-b694-58d1355ff7ca|rpc:10.1.0.19:15120|admin:10.1.0.19:15119|client:10.1.0.19:15118|dataStream:10.1.0.19:15121|priority:0|startupRole:FOLLOWER, 5d860d7d-438a-4901-b268-bb236ca34e1d|rpc:10.1.0.19:15129|admin:10.1.0.19:15128|client:10.1.0.19:15127|dataStream:10.1.0.19:15130|priority:0|startupRole:FOLLOWER, 0b97acf7-1047-49ae-a506-e2d05ab0320a|rpc:10.1.0.19:15138|admin:10.1.0.19:15137|client:10.1.0.19:15136|dataStream:10.1.0.19:15139|priority:1|startupRole:FOLLOWER]|listeners:[], old=null
2023-08-25 08:52:11,403 [0b97acf7-1047-49ae-a506-e2d05ab0320a@group-861FC6D9773E-LeaderElection23] INFO  server.RaftServerConfigKeys (ConfUtils.java:logFallback(53)) - raft.server.rpc.first-election.timeout.min = 5s (fallback to raft.server.rpc.timeout.min)
2023-08-25 08:52:11,403 [0b97acf7-1047-49ae-a506-e2d05ab0320a@group-861FC6D9773E-LeaderElection23] INFO  server.RaftServerConfigKeys (ConfUtils.java:logFallback(53)) - raft.server.rpc.first-election.timeout.max = 5200ms (fallback to raft.server.rpc.timeout.max)
2023-08-25 08:52:11,410 [grpc-default-executor-1] INFO  server.RaftServer$Division (RaftServerImpl.java:requestVote(1302)) - 13a37e5a-b376-4d6f-b694-58d1355ff7ca@group-861FC6D9773E: receive requestVote(ELECTION, 0b97acf7-1047-49ae-a506-e2d05ab0320a, group-861FC6D9773E, 1, (t:0, i:0))
2023-08-25 08:52:11,411 [grpc-default-executor-1] INFO  impl.VoteContext (VoteContext.java:log(49)) - 13a37e5a-b376-4d6f-b694-58d1355ff7ca@group-861FC6D9773E-FOLLOWER: accept ELECTION from 0b97acf7-1047-49ae-a506-e2d05ab0320a: our priority 0 <= candidate's priority 1
2023-08-25 08:52:11,411 [grpc-default-executor-0] INFO  server.RaftServer$Division (RaftServerImpl.java:requestVote(1302)) - 0b97acf7-1047-49ae-a506-e2d05ab0320a@group-B69D6EEC9027: receive requestVote(PRE_VOTE, 13a37e5a-b376-4d6f-b694-58d1355ff7ca, group-B69D6EEC9027, 0, (t:0, i:0))
2023-08-25 08:52:11,411 [grpc-default-executor-1] INFO  server.RaftServer$Division (RaftServerImpl.java:setRole(329)) - 13a37e5a-b376-4d6f-b694-58d1355ff7ca@group-861FC6D9773E: changes role from  FOLLOWER to FOLLOWER at term 1 for candidate:0b97acf7-1047-49ae-a506-e2d05ab0320a
2023-08-25 08:52:11,411 [grpc-default-executor-1] INFO  impl.RoleInfo (RoleInfo.java:shutdownFollowerState(110)) - 13a37e5a-b376-4d6f-b694-58d1355ff7ca: shutdown 13a37e5a-b376-4d6f-b694-58d1355ff7ca@group-861FC6D9773E-FollowerState
2023-08-25 08:52:11,411 [grpc-default-executor-1] INFO  impl.RoleInfo (RoleInfo.java:updateAndGet(139)) - 13a37e5a-b376-4d6f-b694-58d1355ff7ca: start 13a37e5a-b376-4d6f-b694-58d1355ff7ca@group-861FC6D9773E-FollowerState
2023-08-25 08:52:11,411 [grpc-default-executor-0] INFO  impl.VoteContext (VoteContext.java:log(49)) - 0b97acf7-1047-49ae-a506-e2d05ab0320a@group-B69D6EEC9027-FOLLOWER: accept PRE_VOTE from 13a37e5a-b376-4d6f-b694-58d1355ff7ca: our priority 0 <= candidate's priority 1
2023-08-25 08:52:11,411 [grpc-default-executor-0] INFO  server.RaftServer$Division (RaftServerImpl.java:requestVote(1335)) - 0b97acf7-1047-49ae-a506-e2d05ab0320a@group-B69D6EEC9027 replies to PRE_VOTE vote request: 13a37e5a-b376-4d6f-b694-58d1355ff7ca<-0b97acf7-1047-49ae-a506-e2d05ab0320a#0:OK-t0. Peer's state: 0b97acf7-1047-49ae-a506-e2d05ab0320a@group-B69D6EEC9027:t0, leader=null, voted=, raftlog=Memoized:0b97acf7-1047-49ae-a506-e2d05ab0320a@group-B69D6EEC9027-SegmentedRaftLog:OPENED:c-1, conf=-1: peers:[13a37e5a-b376-4d6f-b694-58d1355ff7ca|rpc:10.1.0.19:15120|admin:10.1.0.19:15119|client:10.1.0.19:15118|dataStream:10.1.0.19:15121|priority:1|startupRole:FOLLOWER, 5d860d7d-438a-4901-b268-bb236ca34e1d|rpc:10.1.0.19:15129|admin:10.1.0.19:15128|client:10.1.0.19:15127|dataStream:10.1.0.19:15130|priority:0|startupRole:FOLLOWER, 0b97acf7-1047-49ae-a506-e2d05ab0320a|rpc:10.1.0.19:15138|admin:10.1.0.19:15137|client:10.1.0.19:15136|dataStream:10.1.0.19:15139|priority:0|startupRole:FOLLOWER]|listeners:[], old=null
2023-08-25 08:52:11,411 [13a37e5a-b376-4d6f-b694-58d1355ff7ca@group-861FC6D9773E-FollowerState] INFO  impl.FollowerState (FollowerState.java:run(152)) - 13a37e5a-b376-4d6f-b694-58d1355ff7ca@group-861FC6D9773E-FollowerState was interrupted
2023-08-25 08:52:11,421 [grpc-default-executor-1] INFO  server.RaftServer$Division (RaftServerImpl.java:requestVote(1335)) - 13a37e5a-b376-4d6f-b694-58d1355ff7ca@group-861FC6D9773E replies to ELECTION vote request: 0b97acf7-1047-49ae-a506-e2d05ab0320a<-13a37e5a-b376-4d6f-b694-58d1355ff7ca#0:OK-t1. Peer's state: 13a37e5a-b376-4d6f-b694-58d1355ff7ca@group-861FC6D9773E:t1, leader=null, voted=0b97acf7-1047-49ae-a506-e2d05ab0320a, raftlog=Memoized:13a37e5a-b376-4d6f-b694-58d1355ff7ca@group-861FC6D9773E-SegmentedRaftLog:OPENED:c-1, conf=-1: peers:[13a37e5a-b376-4d6f-b694-58d1355ff7ca|rpc:10.1.0.19:15120|admin:10.1.0.19:15119|client:10.1.0.19:15118|dataStream:10.1.0.19:15121|priority:0|startupRole:FOLLOWER, 5d860d7d-438a-4901-b268-bb236ca34e1d|rpc:10.1.0.19:15129|admin:10.1.0.19:15128|client:10.1.0.19:15127|dataStream:10.1.0.19:15130|priority:0|startupRole:FOLLOWER, 0b97acf7-1047-49ae-a506-e2d05ab0320a|rpc:10.1.0.19:15138|admin:10.1.0.19:15137|client:10.1.0.19:15136|dataStream:10.1.0.19:15139|priority:1|startupRole:FOLLOWER]|listeners:[], old=null
2023-08-25 08:52:11,425 [grpc-default-executor-2] INFO  server.RaftServer$Division (RaftServerImpl.java:requestVote(1302)) - 5d860d7d-438a-4901-b268-bb236ca34e1d@group-B69D6EEC9027: receive requestVote(PRE_VOTE, 13a37e5a-b376-4d6f-b694-58d1355ff7ca, group-B69D6EEC9027, 0, (t:0, i:0))
2023-08-25 08:52:11,425 [grpc-default-executor-2] INFO  impl.VoteContext (VoteContext.java:log(49)) - 5d860d7d-438a-4901-b268-bb236ca34e1d@group-B69D6EEC9027-FOLLOWER: accept PRE_VOTE from 13a37e5a-b376-4d6f-b694-58d1355ff7ca: our priority 0 <= candidate's priority 1
2023-08-25 08:52:11,425 [grpc-default-executor-2] INFO  server.RaftServer$Division (RaftServerImpl.java:requestVote(1335)) - 5d860d7d-438a-4901-b268-bb236ca34e1d@group-B69D6EEC9027 replies to PRE_VOTE vote request: 13a37e5a-b376-4d6f-b694-58d1355ff7ca<-5d860d7d-438a-4901-b268-bb236ca34e1d#0:OK-t0. Peer's state: 5d860d7d-438a-4901-b268-bb236ca34e1d@group-B69D6EEC9027:t0, leader=null, voted=, raftlog=Memoized:5d860d7d-438a-4901-b268-bb236ca34e1d@group-B69D6EEC9027-SegmentedRaftLog:OPENED:c-1, conf=-1: peers:[13a37e5a-b376-4d6f-b694-58d1355ff7ca|rpc:10.1.0.19:15120|admin:10.1.0.19:15119|client:10.1.0.19:15118|dataStream:10.1.0.19:15121|priority:1|startupRole:FOLLOWER, 5d860d7d-438a-4901-b268-bb236ca34e1d|rpc:10.1.0.19:15129|admin:10.1.0.19:15128|client:10.1.0.19:15127|dataStream:10.1.0.19:15130|priority:0|startupRole:FOLLOWER, 0b97acf7-1047-49ae-a506-e2d05ab0320a|rpc:10.1.0.19:15138|admin:10.1.0.19:15137|client:10.1.0.19:15136|dataStream:10.1.0.19:15139|priority:0|startupRole:FOLLOWER]|listeners:[], old=null
2023-08-25 08:52:11,426 [grpc-default-executor-0] INFO  server.RaftServer$Division (RaftServerImpl.java:requestVote(1302)) - 5d860d7d-438a-4901-b268-bb236ca34e1d@group-861FC6D9773E: receive requestVote(ELECTION, 0b97acf7-1047-49ae-a506-e2d05ab0320a, group-861FC6D9773E, 1, (t:0, i:0))
2023-08-25 08:52:11,426 [grpc-default-executor-0] INFO  impl.VoteContext (VoteContext.java:log(49)) - 5d860d7d-438a-4901-b268-bb236ca34e1d@group-861FC6D9773E-FOLLOWER: accept ELECTION from 0b97acf7-1047-49ae-a506-e2d05ab0320a: our priority 0 <= candidate's priority 1
2023-08-25 08:52:11,426 [grpc-default-executor-0] INFO  server.RaftServer$Division (RaftServerImpl.java:setRole(329)) - 5d860d7d-438a-4901-b268-bb236ca34e1d@group-861FC6D9773E: changes role from  FOLLOWER to FOLLOWER at term 1 for candidate:0b97acf7-1047-49ae-a506-e2d05ab0320a
2023-08-25 08:52:11,426 [grpc-default-executor-0] INFO  impl.RoleInfo (RoleInfo.java:shutdownFollowerState(110)) - 5d860d7d-438a-4901-b268-bb236ca34e1d: shutdown 5d860d7d-438a-4901-b268-bb236ca34e1d@group-861FC6D9773E-FollowerState
2023-08-25 08:52:11,426 [grpc-default-executor-0] INFO  impl.RoleInfo (RoleInfo.java:updateAndGet(139)) - 5d860d7d-438a-4901-b268-bb236ca34e1d: start 5d860d7d-438a-4901-b268-bb236ca34e1d@group-861FC6D9773E-FollowerState
2023-08-25 08:52:11,427 [5d860d7d-438a-4901-b268-bb236ca34e1d@group-861FC6D9773E-FollowerState] INFO  impl.FollowerState (FollowerState.java:run(152)) - 5d860d7d-438a-4901-b268-bb236ca34e1d@group-861FC6D9773E-FollowerState was interrupted
2023-08-25 08:52:11,443 [grpc-default-executor-0] INFO  server.RaftServer$Division (RaftServerImpl.java:requestVote(1335)) - 5d860d7d-438a-4901-b268-bb236ca34e1d@group-861FC6D9773E replies to ELECTION vote request: 0b97acf7-1047-49ae-a506-e2d05ab0320a<-5d860d7d-438a-4901-b268-bb236ca34e1d#0:OK-t1. Peer's state: 5d860d7d-438a-4901-b268-bb236ca34e1d@group-861FC6D9773E:t1, leader=null, voted=0b97acf7-1047-49ae-a506-e2d05ab0320a, raftlog=Memoized:5d860d7d-438a-4901-b268-bb236ca34e1d@group-861FC6D9773E-SegmentedRaftLog:OPENED:c-1, conf=-1: peers:[13a37e5a-b376-4d6f-b694-58d1355ff7ca|rpc:10.1.0.19:15120|admin:10.1.0.19:15119|client:10.1.0.19:15118|dataStream:10.1.0.19:15121|priority:0|startupRole:FOLLOWER, 5d860d7d-438a-4901-b268-bb236ca34e1d|rpc:10.1.0.19:15129|admin:10.1.0.19:15128|client:10.1.0.19:15127|dataStream:10.1.0.19:15130|priority:0|startupRole:FOLLOWER, 0b97acf7-1047-49ae-a506-e2d05ab0320a|rpc:10.1.0.19:15138|admin:10.1.0.19:15137|client:10.1.0.19:15136|dataStream:10.1.0.19:15139|priority:1|startupRole:FOLLOWER]|listeners:[], old=null
2023-08-25 08:52:11,444 [0b97acf7-1047-49ae-a506-e2d05ab0320a@group-861FC6D9773E-LeaderElection23] INFO  impl.LeaderElection (LeaderElection.java:logAndReturn(90)) - 0b97acf7-1047-49ae-a506-e2d05ab0320a@group-861FC6D9773E-LeaderElection23: ELECTION PASSED received 1 response(s) and 0 exception(s):
2023-08-25 08:52:11,444 [0b97acf7-1047-49ae-a506-e2d05ab0320a@group-861FC6D9773E-LeaderElection23] INFO  impl.LeaderElection (LeaderElection.java:logAndReturn(94)) -   Response 0: 0b97acf7-1047-49ae-a506-e2d05ab0320a<-13a37e5a-b376-4d6f-b694-58d1355ff7ca#0:OK-t1
2023-08-25 08:52:11,444 [0b97acf7-1047-49ae-a506-e2d05ab0320a@group-861FC6D9773E-LeaderElection23] INFO  impl.LeaderElection (LeaderElection.java:askForVotes(323)) - 0b97acf7-1047-49ae-a506-e2d05ab0320a@group-861FC6D9773E-LeaderElection23 ELECTION round 0: result PASSED
2023-08-25 08:52:11,444 [0b97acf7-1047-49ae-a506-e2d05ab0320a@group-861FC6D9773E-LeaderElection23] INFO  impl.RoleInfo (RoleInfo.java:shutdownLeaderElection(130)) - 0b97acf7-1047-49ae-a506-e2d05ab0320a: shutdown 0b97acf7-1047-49ae-a506-e2d05ab0320a@group-861FC6D9773E-LeaderElection23
2023-08-25 08:52:11,444 [0b97acf7-1047-49ae-a506-e2d05ab0320a@group-861FC6D9773E-LeaderElection23] INFO  server.RaftServer$Division (RaftServerImpl.java:setRole(329)) - 0b97acf7-1047-49ae-a506-e2d05ab0320a@group-861FC6D9773E: changes role from CANDIDATE to LEADER at term 1 for changeToLeader
2023-08-25 08:52:11,444 [0b97acf7-1047-49ae-a506-e2d05ab0320a@group-861FC6D9773E-LeaderElection23] INFO  ratis.XceiverServerRatis (XceiverServerRatis.java:handleLeaderChangedNotification(902)) - Leader change notification received for group: group-861FC6D9773E with new leaderId: 0b97acf7-1047-49ae-a506-e2d05ab0320a
2023-08-25 08:52:11,445 [0b97acf7-1047-49ae-a506-e2d05ab0320a@group-861FC6D9773E-LeaderElection23] INFO  server.RaftServer$Division (ServerState.java:setLeader(317)) - 0b97acf7-1047-49ae-a506-e2d05ab0320a@group-861FC6D9773E: change Leader from null to 0b97acf7-1047-49ae-a506-e2d05ab0320a at term 1 for becomeLeader, leader elected after 5108ms
2023-08-25 08:52:11,445 [0b97acf7-1047-49ae-a506-e2d05ab0320a@group-861FC6D9773E-LeaderElection23] INFO  server.RaftServerConfigKeys (ConfUtils.java:logGet(46)) - raft.server.staging.catchup.gap = 1000 (default)
2023-08-25 08:52:11,445 [0b97acf7-1047-49ae-a506-e2d05ab0320a@group-861FC6D9773E-LeaderElection23] INFO  server.RaftServerConfigKeys (ConfUtils.java:logGet(46)) - raft.server.write.element-limit = 1024 (custom)
2023-08-25 08:52:11,445 [0b97acf7-1047-49ae-a506-e2d05ab0320a@group-861FC6D9773E-LeaderElection23] INFO  server.RaftServerConfigKeys (ConfUtils.java:logGet(46)) - raft.server.write.byte-limit = 1024 M (=1073741824) (custom)
2023-08-25 08:52:11,445 [0b97acf7-1047-49ae-a506-e2d05ab0320a@group-861FC6D9773E-LeaderElection23] INFO  server.RaftServerConfigKeys (ConfUtils.java:logGet(46)) - raft.server.watch.timeout = 180s (custom)
2023-08-25 08:52:11,445 [0b97acf7-1047-49ae-a506-e2d05ab0320a@group-861FC6D9773E-LeaderElection23] INFO  server.RaftServerConfigKeys (ConfUtils.java:logGet(46)) - raft.server.watch.timeout.denomination = 1s (default)
2023-08-25 08:52:11,445 [0b97acf7-1047-49ae-a506-e2d05ab0320a@group-861FC6D9773E-LeaderElection23] INFO  server.RaftServerConfigKeys (ConfUtils.java:logGet(46)) - raft.server.watch.element-limit = 65536 (default)
2023-08-25 08:52:11,445 [0b97acf7-1047-49ae-a506-e2d05ab0320a@group-861FC6D9773E-LeaderElection23] INFO  server.RaftServerConfigKeys (ConfUtils.java:logGet(46)) - raft.server.write.element-limit = 1024 (custom)
2023-08-25 08:52:11,445 [0b97acf7-1047-49ae-a506-e2d05ab0320a@group-861FC6D9773E-LeaderElection23] INFO  server.RaftServerConfigKeys (ConfUtils.java:logGet(46)) - raft.server.write.follower.gap.ratio.max = -1.0 (default)
2023-08-25 08:52:11,446 [0b97acf7-1047-49ae-a506-e2d05ab0320a@group-861FC6D9773E-LeaderElection23] INFO  server.RaftServerConfigKeys (ConfUtils.java:logGet(46)) - raft.server.log.appender.snapshot.chunk.size.max = 16MB (=16777216) (default)
2023-08-25 08:52:11,446 [0b97acf7-1047-49ae-a506-e2d05ab0320a@group-861FC6D9773E-LeaderElection23] INFO  server.RaftServerConfigKeys (ConfUtils.java:logGet(46)) - raft.server.log.appender.buffer.byte-limit = 33554432 (custom)
2023-08-25 08:52:11,446 [0b97acf7-1047-49ae-a506-e2d05ab0320a@group-861FC6D9773E-LeaderElection23] INFO  server.RaftServerConfigKeys (ConfUtils.java:logGet(46)) - raft.server.log.appender.buffer.element-limit = 1 (custom)
2023-08-25 08:52:11,446 [0b97acf7-1047-49ae-a506-e2d05ab0320a@group-861FC6D9773E-LeaderElection23] INFO  server.RaftServerConfigKeys (ConfUtils.java:logGet(46)) - raft.server.log.appender.wait-time.min = 10ms (default)
2023-08-25 08:52:11,446 [0b97acf7-1047-49ae-a506-e2d05ab0320a@group-861FC6D9773E-LeaderElection23] INFO  grpc.GrpcConfigKeys (ConfUtils.java:logGet(46)) - raft.grpc.server.leader.outstanding.appends.max = 128 (default)
2023-08-25 08:52:11,446 [0b97acf7-1047-49ae-a506-e2d05ab0320a@group-861FC6D9773E-LeaderElection23] INFO  server.RaftServerConfigKeys (ConfUtils.java:logGet(46)) - raft.server.rpc.request.timeout = 60s (custom)
2023-08-25 08:52:11,446 [0b97acf7-1047-49ae-a506-e2d05ab0320a@group-861FC6D9773E-LeaderElection23] INFO  grpc.GrpcConfigKeys (ConfUtils.java:logGet(46)) - raft.grpc.server.install_snapshot.request.element-limit = 8 (default)
2023-08-25 08:52:11,446 [0b97acf7-1047-49ae-a506-e2d05ab0320a@group-861FC6D9773E-LeaderElection23] INFO  grpc.GrpcConfigKeys (ConfUtils.java:logGet(46)) - raft.grpc.server.install_snapshot.request.timeout = 3000ms (default)
2023-08-25 08:52:11,446 [0b97acf7-1047-49ae-a506-e2d05ab0320a@group-861FC6D9773E-LeaderElection23] INFO  server.RaftServerConfigKeys (ConfUtils.java:logGet(46)) - raft.server.log.appender.install.snapshot.enabled = false (custom)
2023-08-25 08:52:11,446 [0b97acf7-1047-49ae-a506-e2d05ab0320a@group-861FC6D9773E-LeaderElection23] INFO  grpc.GrpcConfigKeys (ConfUtils.java:logGet(46)) - raft.grpc.server.heartbeat.channel = true (default)
2023-08-25 08:52:11,447 [0b97acf7-1047-49ae-a506-e2d05ab0320a@group-861FC6D9773E-LeaderElection23] INFO  server.RaftServerConfigKeys (ConfUtils.java:logGet(46)) - raft.server.log.appender.snapshot.chunk.size.max = 16MB (=16777216) (default)
2023-08-25 08:52:11,447 [13a37e5a-b376-4d6f-b694-58d1355ff7ca@group-B69D6EEC9027-LeaderElection24] INFO  impl.LeaderElection (LeaderElection.java:logAndReturn(90)) - 13a37e5a-b376-4d6f-b694-58d1355ff7ca@group-B69D6EEC9027-LeaderElection24: PRE_VOTE PASSED received 1 response(s) and 0 exception(s):
2023-08-25 08:52:11,447 [13a37e5a-b376-4d6f-b694-58d1355ff7ca@group-B69D6EEC9027-LeaderElection24] INFO  impl.LeaderElection (LeaderElection.java:logAndReturn(94)) -   Response 0: 13a37e5a-b376-4d6f-b694-58d1355ff7ca<-0b97acf7-1047-49ae-a506-e2d05ab0320a#0:OK-t0
2023-08-25 08:52:11,447 [13a37e5a-b376-4d6f-b694-58d1355ff7ca@group-B69D6EEC9027-LeaderElection24] INFO  impl.LeaderElection (LeaderElection.java:askForVotes(323)) - 13a37e5a-b376-4d6f-b694-58d1355ff7ca@group-B69D6EEC9027-LeaderElection24 PRE_VOTE round 0: result PASSED
2023-08-25 08:52:11,448 [0b97acf7-1047-49ae-a506-e2d05ab0320a@group-861FC6D9773E-LeaderElection23] INFO  server.RaftServerConfigKeys (ConfUtils.java:logGet(46)) - raft.server.log.appender.buffer.byte-limit = 33554432 (custom)
2023-08-25 08:52:11,448 [0b97acf7-1047-49ae-a506-e2d05ab0320a@group-861FC6D9773E-LeaderElection23] INFO  server.RaftServerConfigKeys (ConfUtils.java:logGet(46)) - raft.server.log.appender.buffer.element-limit = 1 (custom)
2023-08-25 08:52:11,448 [0b97acf7-1047-49ae-a506-e2d05ab0320a@group-861FC6D9773E-LeaderElection23] INFO  server.RaftServerConfigKeys (ConfUtils.java:logGet(46)) - raft.server.log.appender.wait-time.min = 10ms (default)
2023-08-25 08:52:11,448 [0b97acf7-1047-49ae-a506-e2d05ab0320a@group-861FC6D9773E-LeaderElection23] INFO  grpc.GrpcConfigKeys (ConfUtils.java:logGet(46)) - raft.grpc.server.leader.outstanding.appends.max = 128 (default)
2023-08-25 08:52:11,448 [0b97acf7-1047-49ae-a506-e2d05ab0320a@group-861FC6D9773E-LeaderElection23] INFO  server.RaftServerConfigKeys (ConfUtils.java:logGet(46)) - raft.server.rpc.request.timeout = 60s (custom)
2023-08-25 08:52:11,448 [0b97acf7-1047-49ae-a506-e2d05ab0320a@group-861FC6D9773E-LeaderElection23] INFO  grpc.GrpcConfigKeys (ConfUtils.java:logGet(46)) - raft.grpc.server.install_snapshot.request.element-limit = 8 (default)
2023-08-25 08:52:11,448 [0b97acf7-1047-49ae-a506-e2d05ab0320a@group-861FC6D9773E-LeaderElection23] INFO  grpc.GrpcConfigKeys (ConfUtils.java:logGet(46)) - raft.grpc.server.install_snapshot.request.timeout = 3000ms (default)
2023-08-25 08:52:11,448 [0b97acf7-1047-49ae-a506-e2d05ab0320a@group-861FC6D9773E-LeaderElection23] INFO  server.RaftServerConfigKeys (ConfUtils.java:logGet(46)) - raft.server.log.appender.install.snapshot.enabled = false (custom)
2023-08-25 08:52:11,449 [0b97acf7-1047-49ae-a506-e2d05ab0320a@group-861FC6D9773E-LeaderElection23] INFO  grpc.GrpcConfigKeys (ConfUtils.java:logGet(46)) - raft.grpc.server.heartbeat.channel = true (default)
2023-08-25 08:52:11,449 [0b97acf7-1047-49ae-a506-e2d05ab0320a@group-861FC6D9773E-LeaderElection23] INFO  impl.RoleInfo (RoleInfo.java:updateAndGet(139)) - 0b97acf7-1047-49ae-a506-e2d05ab0320a: start 0b97acf7-1047-49ae-a506-e2d05ab0320a@group-861FC6D9773E-LeaderStateImpl
2023-08-25 08:52:11,449 [0b97acf7-1047-49ae-a506-e2d05ab0320a@group-861FC6D9773E-LeaderElection23] INFO  segmented.SegmentedRaftLogWorker (SegmentedRaftLogWorker.java:startLogSegment(447)) - 0b97acf7-1047-49ae-a506-e2d05ab0320a@group-861FC6D9773E-SegmentedRaftLogWorker: Starting segment from index:0
2023-08-25 08:52:11,450 [EventQueue-PipelineReportForPipelineReportHandler] INFO  pipeline.PipelineReportHandler (PipelineReportHandler.java:processPipelineReport(136)) - Opened pipeline PipelineID=02f5b8e0-5f0c-480d-9b87-861fc6d9773e
2023-08-25 08:52:11,450 [13a37e5a-b376-4d6f-b694-58d1355ff7ca@group-B69D6EEC9027-LeaderElection24] INFO  impl.LeaderElection (LeaderElection.java:askForVotes(321)) - 13a37e5a-b376-4d6f-b694-58d1355ff7ca@group-B69D6EEC9027-LeaderElection24 ELECTION round 0: submit vote requests at term 1 for -1: peers:[13a37e5a-b376-4d6f-b694-58d1355ff7ca|rpc:10.1.0.19:15120|admin:10.1.0.19:15119|client:10.1.0.19:15118|dataStream:10.1.0.19:15121|priority:1|startupRole:FOLLOWER, 5d860d7d-438a-4901-b268-bb236ca34e1d|rpc:10.1.0.19:15129|admin:10.1.0.19:15128|client:10.1.0.19:15127|dataStream:10.1.0.19:15130|priority:0|startupRole:FOLLOWER, 0b97acf7-1047-49ae-a506-e2d05ab0320a|rpc:10.1.0.19:15138|admin:10.1.0.19:15137|client:10.1.0.19:15136|dataStream:10.1.0.19:15139|priority:0|startupRole:FOLLOWER]|listeners:[], old=null
2023-08-25 08:52:11,450 [EventQueue-OpenPipelineForHealthyPipelineSafeModeRule] INFO  safemode.SCMSafeModeManager (HealthyPipelineSafeModeRule.java:process(137)) - SCM in safe mode. Healthy pipelines reported count is 1, required healthy pipeline reported count is 1
2023-08-25 08:52:11,450 [EventQueue-OpenPipelineForHealthyPipelineSafeModeRule] INFO  safemode.SCMSafeModeManager (SCMSafeModeManager.java:validateSafeModeExitRules(200)) - HealthyPipelineSafeModeRule rule is successfully validated
2023-08-25 08:52:11,450 [EventQueue-OpenPipelineForHealthyPipelineSafeModeRule] INFO  safemode.SCMSafeModeManager (SCMSafeModeManager.java:validateSafeModeExitRules(215)) - ScmSafeModeManager, all rules are successfully validated
2023-08-25 08:52:11,450 [EventQueue-OpenPipelineForHealthyPipelineSafeModeRule] INFO  safemode.SCMSafeModeManager (SCMSafeModeManager.java:exitSafeMode(244)) - SCM exiting safe mode.
2023-08-25 08:52:11,450 [EventQueue-OpenPipelineForHealthyPipelineSafeModeRule] INFO  ha.SCMContext (SCMContext.java:updateSafeModeStatus(228)) - Update SafeModeStatus from SafeModeStatus{safeModeStatus=true, preCheckPassed=true} to SafeModeStatus{safeModeStatus=false, preCheckPassed=true}.
2023-08-25 08:52:11,450 [0b97acf7-1047-49ae-a506-e2d05ab0320a@group-861FC6D9773E-SegmentedRaftLogWorker] INFO  segmented.SegmentedRaftLogWorker (SegmentedRaftLogWorker.java:execute(651)) - 0b97acf7-1047-49ae-a506-e2d05ab0320a@group-861FC6D9773E-SegmentedRaftLogWorker: created new log segment /home/runner/work/ozone/ozone/hadoop-ozone/integration-test/target/test-dir/MiniOzoneClusterImpl-0e3afe45-f4df-41ce-9d76-18b1c152426f/datanode-2/data/ratis/02f5b8e0-5f0c-480d-9b87-861fc6d9773e/current/log_inprogress_0
2023-08-25 08:52:11,450 [EventQueue-OpenPipelineForHealthyPipelineSafeModeRule] INFO  pipeline.BackgroundPipelineCreator (BackgroundPipelineCreator.java:notifyStatusChanged(255)) - Service BackgroundPipelineCreator transitions to RUNNING.
2023-08-25 08:52:11,454 [EventQueue-OpenPipelineForHealthyPipelineSafeModeRule] INFO  BackgroundPipelineScrubber (BackgroundSCMService.java:notifyStatusChanged(82)) - Service BackgroundPipelineScrubber transitions to RUNNING.
2023-08-25 08:52:11,454 [EventQueue-OpenPipelineForHealthyPipelineSafeModeRule] INFO  ExpiredContainerReplicaOpScrubber (BackgroundSCMService.java:notifyStatusChanged(82)) - Service ExpiredContainerReplicaOpScrubber transitions to RUNNING.
2023-08-25 08:52:11,454 [EventQueue-OpenPipelineForHealthyPipelineSafeModeRule] INFO  replication.ReplicationManager (ReplicationManager.java:notifyStatusChanged(1366)) - Service ReplicationManager transitions to RUNNING.
2023-08-25 08:52:11,454 [EventQueue-OpenPipelineForHealthyPipelineSafeModeRule] WARN  balancer.ContainerBalancer (ContainerBalancer.java:shouldRun(134)) - Could not find persisted configuration for ContainerBalancer when checking if ContainerBalancer should run. ContainerBalancer should not run now.
2023-08-25 08:52:11,457 [13a37e5a-b376-4d6f-b694-58d1355ff7ca@group-B69D6EEC9027-LeaderElection24] INFO  server.RaftServerConfigKeys (ConfUtils.java:logFallback(53)) - raft.server.rpc.first-election.timeout.min = 5s (fallback to raft.server.rpc.timeout.min)
2023-08-25 08:52:11,458 [13a37e5a-b376-4d6f-b694-58d1355ff7ca@group-B69D6EEC9027-LeaderElection24] INFO  server.RaftServerConfigKeys (ConfUtils.java:logFallback(53)) - raft.server.rpc.first-election.timeout.max = 5200ms (fallback to raft.server.rpc.timeout.max)
2023-08-25 08:52:11,459 [grpc-default-executor-2] INFO  server.RaftServer$Division (RaftServerImpl.java:requestVote(1302)) - 5d860d7d-438a-4901-b268-bb236ca34e1d@group-B69D6EEC9027: receive requestVote(ELECTION, 13a37e5a-b376-4d6f-b694-58d1355ff7ca, group-B69D6EEC9027, 1, (t:0, i:0))
2023-08-25 08:52:11,459 [grpc-default-executor-2] INFO  impl.VoteContext (VoteContext.java:log(49)) - 5d860d7d-438a-4901-b268-bb236ca34e1d@group-B69D6EEC9027-FOLLOWER: accept ELECTION from 13a37e5a-b376-4d6f-b694-58d1355ff7ca: our priority 0 <= candidate's priority 1
2023-08-25 08:52:11,459 [grpc-default-executor-2] INFO  server.RaftServer$Division (RaftServerImpl.java:setRole(329)) - 5d860d7d-438a-4901-b268-bb236ca34e1d@group-B69D6EEC9027: changes role from  FOLLOWER to FOLLOWER at term 1 for candidate:13a37e5a-b376-4d6f-b694-58d1355ff7ca
2023-08-25 08:52:11,459 [grpc-default-executor-2] INFO  impl.RoleInfo (RoleInfo.java:shutdownFollowerState(110)) - 5d860d7d-438a-4901-b268-bb236ca34e1d: shutdown 5d860d7d-438a-4901-b268-bb236ca34e1d@group-B69D6EEC9027-FollowerState
2023-08-25 08:52:11,459 [0b97acf7-1047-49ae-a506-e2d05ab0320a@group-861FC6D9773E-LeaderElection23] INFO  server.RaftServer$Division (ServerState.java:setRaftConf(434)) - 0b97acf7-1047-49ae-a506-e2d05ab0320a@group-861FC6D9773E: set configuration 0: peers:[13a37e5a-b376-4d6f-b694-58d1355ff7ca|rpc:10.1.0.19:15120|admin:10.1.0.19:15119|client:10.1.0.19:15118|dataStream:10.1.0.19:15121|priority:0|startupRole:FOLLOWER, 5d860d7d-438a-4901-b268-bb236ca34e1d|rpc:10.1.0.19:15129|admin:10.1.0.19:15128|client:10.1.0.19:15127|dataStream:10.1.0.19:15130|priority:0|startupRole:FOLLOWER, 0b97acf7-1047-49ae-a506-e2d05ab0320a|rpc:10.1.0.19:15138|admin:10.1.0.19:15137|client:10.1.0.19:15136|dataStream:10.1.0.19:15139|priority:1|startupRole:FOLLOWER]|listeners:[], old=null
2023-08-25 08:52:11,461 [13a37e5a-b376-4d6f-b694-58d1355ff7ca-server-thread1] INFO  ratis.XceiverServerRatis (XceiverServerRatis.java:handleLeaderChangedNotification(902)) - Leader change notification received for group: group-861FC6D9773E with new leaderId: 0b97acf7-1047-49ae-a506-e2d05ab0320a
2023-08-25 08:52:11,461 [13a37e5a-b376-4d6f-b694-58d1355ff7ca-server-thread1] INFO  server.RaftServer$Division (ServerState.java:setLeader(317)) - 13a37e5a-b376-4d6f-b694-58d1355ff7ca@group-861FC6D9773E: change Leader from null to 0b97acf7-1047-49ae-a506-e2d05ab0320a at term 1 for appendEntries, leader elected after 5157ms
2023-08-25 08:52:11,463 [grpc-default-executor-2] INFO  impl.RoleInfo (RoleInfo.java:updateAndGet(139)) - 5d860d7d-438a-4901-b268-bb236ca34e1d: start 5d860d7d-438a-4901-b268-bb236ca34e1d@group-B69D6EEC9027-FollowerState
2023-08-25 08:52:11,463 [5d860d7d-438a-4901-b268-bb236ca34e1d@group-B69D6EEC9027-FollowerState] INFO  impl.FollowerState (FollowerState.java:run(152)) - 5d860d7d-438a-4901-b268-bb236ca34e1d@group-B69D6EEC9027-FollowerState was interrupted
2023-08-25 08:52:11,468 [grpc-default-executor-6] INFO  server.RaftServer$Division (RaftServerImpl.java:requestVote(1302)) - 0b97acf7-1047-49ae-a506-e2d05ab0320a@group-B69D6EEC9027: receive requestVote(ELECTION, 13a37e5a-b376-4d6f-b694-58d1355ff7ca, group-B69D6EEC9027, 1, (t:0, i:0))
2023-08-25 08:52:11,468 [grpc-default-executor-6] INFO  impl.VoteContext (VoteContext.java:log(49)) - 0b97acf7-1047-49ae-a506-e2d05ab0320a@group-B69D6EEC9027-FOLLOWER: accept ELECTION from 13a37e5a-b376-4d6f-b694-58d1355ff7ca: our priority 0 <= candidate's priority 1
2023-08-25 08:52:11,468 [grpc-default-executor-6] INFO  server.RaftServer$Division (RaftServerImpl.java:setRole(329)) - 0b97acf7-1047-49ae-a506-e2d05ab0320a@group-B69D6EEC9027: changes role from  FOLLOWER to FOLLOWER at term 1 for candidate:13a37e5a-b376-4d6f-b694-58d1355ff7ca
2023-08-25 08:52:11,468 [grpc-default-executor-6] INFO  impl.RoleInfo (RoleInfo.java:shutdownFollowerState(110)) - 0b97acf7-1047-49ae-a506-e2d05ab0320a: shutdown 0b97acf7-1047-49ae-a506-e2d05ab0320a@group-B69D6EEC9027-FollowerState
2023-08-25 08:52:11,468 [0b97acf7-1047-49ae-a506-e2d05ab0320a@group-B69D6EEC9027-FollowerState] INFO  impl.FollowerState (FollowerState.java:run(152)) - 0b97acf7-1047-49ae-a506-e2d05ab0320a@group-B69D6EEC9027-FollowerState was interrupted
2023-08-25 08:52:11,469 [grpc-default-executor-6] INFO  impl.RoleInfo (RoleInfo.java:updateAndGet(139)) - 0b97acf7-1047-49ae-a506-e2d05ab0320a: start 0b97acf7-1047-49ae-a506-e2d05ab0320a@group-B69D6EEC9027-FollowerState
2023-08-25 08:52:11,471 [grpc-default-executor-6] INFO  server.RaftServer$Division (RaftServerImpl.java:requestVote(1335)) - 0b97acf7-1047-49ae-a506-e2d05ab0320a@group-B69D6EEC9027 replies to ELECTION vote request: 13a37e5a-b376-4d6f-b694-58d1355ff7ca<-0b97acf7-1047-49ae-a506-e2d05ab0320a#0:OK-t1. Peer's state: 0b97acf7-1047-49ae-a506-e2d05ab0320a@group-B69D6EEC9027:t1, leader=null, voted=13a37e5a-b376-4d6f-b694-58d1355ff7ca, raftlog=Memoized:0b97acf7-1047-49ae-a506-e2d05ab0320a@group-B69D6EEC9027-SegmentedRaftLog:OPENED:c-1, conf=-1: peers:[13a37e5a-b376-4d6f-b694-58d1355ff7ca|rpc:10.1.0.19:15120|admin:10.1.0.19:15119|client:10.1.0.19:15118|dataStream:10.1.0.19:15121|priority:1|startupRole:FOLLOWER, 5d860d7d-438a-4901-b268-bb236ca34e1d|rpc:10.1.0.19:15129|admin:10.1.0.19:15128|client:10.1.0.19:15127|dataStream:10.1.0.19:15130|priority:0|startupRole:FOLLOWER, 0b97acf7-1047-49ae-a506-e2d05ab0320a|rpc:10.1.0.19:15138|admin:10.1.0.19:15137|client:10.1.0.19:15136|dataStream:10.1.0.19:15139|priority:0|startupRole:FOLLOWER]|listeners:[], old=null
2023-08-25 08:52:11,476 [Time-limited test] INFO  ozone.MiniOzoneClusterImpl (MiniOzoneClusterImpl.java:lambda$waitForClusterToBeReady$0(224)) - Nodes are ready. Got 5 of 5 DN Heartbeats.
2023-08-25 08:52:11,476 [Time-limited test] INFO  ozone.MiniOzoneClusterImpl (MiniOzoneClusterImpl.java:lambda$waitForClusterToBeReady$0(227)) - Cluster exits safe mode
2023-08-25 08:52:11,476 [Time-limited test] INFO  ozone.MiniOzoneClusterImpl (MiniOzoneClusterImpl.java:lambda$waitForClusterToBeReady$0(229)) - SCM became leader
2023-08-25 08:52:11,477 [grpc-default-executor-2] INFO  server.RaftServer$Division (RaftServerImpl.java:requestVote(1335)) - 5d860d7d-438a-4901-b268-bb236ca34e1d@group-B69D6EEC9027 replies to ELECTION vote request: 13a37e5a-b376-4d6f-b694-58d1355ff7ca<-5d860d7d-438a-4901-b268-bb236ca34e1d#0:OK-t1. Peer's state: 5d860d7d-438a-4901-b268-bb236ca34e1d@group-B69D6EEC9027:t1, leader=null, voted=13a37e5a-b376-4d6f-b694-58d1355ff7ca, raftlog=Memoized:5d860d7d-438a-4901-b268-bb236ca34e1d@group-B69D6EEC9027-SegmentedRaftLog:OPENED:c-1, conf=-1: peers:[13a37e5a-b376-4d6f-b694-58d1355ff7ca|rpc:10.1.0.19:15120|admin:10.1.0.19:15119|client:10.1.0.19:15118|dataStream:10.1.0.19:15121|priority:1|startupRole:FOLLOWER, 5d860d7d-438a-4901-b268-bb236ca34e1d|rpc:10.1.0.19:15129|admin:10.1.0.19:15128|client:10.1.0.19:15127|dataStream:10.1.0.19:15130|priority:0|startupRole:FOLLOWER, 0b97acf7-1047-49ae-a506-e2d05ab0320a|rpc:10.1.0.19:15138|admin:10.1.0.19:15137|client:10.1.0.19:15136|dataStream:10.1.0.19:15139|priority:0|startupRole:FOLLOWER]|listeners:[], old=null
2023-08-25 08:52:11,491 [13a37e5a-b376-4d6f-b694-58d1355ff7ca@group-B69D6EEC9027-LeaderElection24] INFO  impl.LeaderElection (LeaderElection.java:logAndReturn(90)) - 13a37e5a-b376-4d6f-b694-58d1355ff7ca@group-B69D6EEC9027-LeaderElection24: ELECTION PASSED received 1 response(s) and 0 exception(s):
2023-08-25 08:52:11,491 [13a37e5a-b376-4d6f-b694-58d1355ff7ca@group-B69D6EEC9027-LeaderElection24] INFO  impl.LeaderElection (LeaderElection.java:logAndReturn(94)) -   Response 0: 13a37e5a-b376-4d6f-b694-58d1355ff7ca<-5d860d7d-438a-4901-b268-bb236ca34e1d#0:OK-t1
2023-08-25 08:52:11,491 [13a37e5a-b376-4d6f-b694-58d1355ff7ca@group-B69D6EEC9027-LeaderElection24] INFO  impl.LeaderElection (LeaderElection.java:askForVotes(323)) - 13a37e5a-b376-4d6f-b694-58d1355ff7ca@group-B69D6EEC9027-LeaderElection24 ELECTION round 0: result PASSED
2023-08-25 08:52:11,491 [13a37e5a-b376-4d6f-b694-58d1355ff7ca@group-B69D6EEC9027-LeaderElection24] INFO  impl.RoleInfo (RoleInfo.java:shutdownLeaderElection(130)) - 13a37e5a-b376-4d6f-b694-58d1355ff7ca: shutdown 13a37e5a-b376-4d6f-b694-58d1355ff7ca@group-B69D6EEC9027-LeaderElection24
2023-08-25 08:52:11,491 [13a37e5a-b376-4d6f-b694-58d1355ff7ca@group-B69D6EEC9027-LeaderElection24] INFO  server.RaftServer$Division (RaftServerImpl.java:setRole(329)) - 13a37e5a-b376-4d6f-b694-58d1355ff7ca@group-B69D6EEC9027: changes role from CANDIDATE to LEADER at term 1 for changeToLeader
2023-08-25 08:52:11,491 [13a37e5a-b376-4d6f-b694-58d1355ff7ca@group-B69D6EEC9027-LeaderElection24] INFO  ratis.XceiverServerRatis (XceiverServerRatis.java:handleLeaderChangedNotification(902)) - Leader change notification received for group: group-B69D6EEC9027 with new leaderId: 13a37e5a-b376-4d6f-b694-58d1355ff7ca
2023-08-25 08:52:11,491 [13a37e5a-b376-4d6f-b694-58d1355ff7ca@group-B69D6EEC9027-LeaderElection24] INFO  server.RaftServer$Division (ServerState.java:setLeader(317)) - 13a37e5a-b376-4d6f-b694-58d1355ff7ca@group-B69D6EEC9027: change Leader from null to 13a37e5a-b376-4d6f-b694-58d1355ff7ca at term 1 for becomeLeader, leader elected after 5345ms
2023-08-25 08:52:11,492 [13a37e5a-b376-4d6f-b694-58d1355ff7ca@group-B69D6EEC9027-LeaderElection24] INFO  server.RaftServerConfigKeys (ConfUtils.java:logGet(46)) - raft.server.staging.catchup.gap = 1000 (default)
2023-08-25 08:52:11,492 [13a37e5a-b376-4d6f-b694-58d1355ff7ca@group-B69D6EEC9027-LeaderElection24] INFO  server.RaftServerConfigKeys (ConfUtils.java:logGet(46)) - raft.server.write.element-limit = 1024 (custom)
2023-08-25 08:52:11,492 [13a37e5a-b376-4d6f-b694-58d1355ff7ca@group-B69D6EEC9027-LeaderElection24] INFO  server.RaftServerConfigKeys (ConfUtils.java:logGet(46)) - raft.server.write.byte-limit = 1024 M (=1073741824) (custom)
2023-08-25 08:52:11,492 [13a37e5a-b376-4d6f-b694-58d1355ff7ca@group-B69D6EEC9027-LeaderElection24] INFO  server.RaftServerConfigKeys (ConfUtils.java:logGet(46)) - raft.server.watch.timeout = 180s (custom)
2023-08-25 08:52:11,492 [13a37e5a-b376-4d6f-b694-58d1355ff7ca@group-B69D6EEC9027-LeaderElection24] INFO  server.RaftServerConfigKeys (ConfUtils.java:logGet(46)) - raft.server.watch.timeout.denomination = 1s (default)
2023-08-25 08:52:11,492 [13a37e5a-b376-4d6f-b694-58d1355ff7ca@group-B69D6EEC9027-LeaderElection24] INFO  server.RaftServerConfigKeys (ConfUtils.java:logGet(46)) - raft.server.watch.element-limit = 65536 (default)
2023-08-25 08:52:11,492 [13a37e5a-b376-4d6f-b694-58d1355ff7ca@group-B69D6EEC9027-LeaderElection24] INFO  server.RaftServerConfigKeys (ConfUtils.java:logGet(46)) - raft.server.write.element-limit = 1024 (custom)
2023-08-25 08:52:11,492 [13a37e5a-b376-4d6f-b694-58d1355ff7ca@group-B69D6EEC9027-LeaderElection24] INFO  server.RaftServerConfigKeys (ConfUtils.java:logGet(46)) - raft.server.write.follower.gap.ratio.max = -1.0 (default)
2023-08-25 08:52:11,497 [13a37e5a-b376-4d6f-b694-58d1355ff7ca@group-B69D6EEC9027-LeaderElection24] INFO  server.RaftServerConfigKeys (ConfUtils.java:logGet(46)) - raft.server.log.appender.snapshot.chunk.size.max = 16MB (=16777216) (default)
2023-08-25 08:52:11,497 [13a37e5a-b376-4d6f-b694-58d1355ff7ca@group-B69D6EEC9027-LeaderElection24] INFO  server.RaftServerConfigKeys (ConfUtils.java:logGet(46)) - raft.server.log.appender.buffer.byte-limit = 33554432 (custom)
2023-08-25 08:52:11,497 [13a37e5a-b376-4d6f-b694-58d1355ff7ca@group-B69D6EEC9027-LeaderElection24] INFO  server.RaftServerConfigKeys (ConfUtils.java:logGet(46)) - raft.server.log.appender.buffer.element-limit = 1 (custom)
2023-08-25 08:52:11,497 [13a37e5a-b376-4d6f-b694-58d1355ff7ca@group-B69D6EEC9027-LeaderElection24] INFO  server.RaftServerConfigKeys (ConfUtils.java:logGet(46)) - raft.server.log.appender.wait-time.min = 10ms (default)
2023-08-25 08:52:11,497 [13a37e5a-b376-4d6f-b694-58d1355ff7ca@group-B69D6EEC9027-LeaderElection24] INFO  grpc.GrpcConfigKeys (ConfUtils.java:logGet(46)) - raft.grpc.server.leader.outstanding.appends.max = 128 (default)
2023-08-25 08:52:11,497 [13a37e5a-b376-4d6f-b694-58d1355ff7ca@group-B69D6EEC9027-LeaderElection24] INFO  server.RaftServerConfigKeys (ConfUtils.java:logGet(46)) - raft.server.rpc.request.timeout = 60s (custom)
2023-08-25 08:52:11,497 [13a37e5a-b376-4d6f-b694-58d1355ff7ca@group-B69D6EEC9027-LeaderElection24] INFO  grpc.GrpcConfigKeys (ConfUtils.java:logGet(46)) - raft.grpc.server.install_snapshot.request.element-limit = 8 (default)
2023-08-25 08:52:11,497 [13a37e5a-b376-4d6f-b694-58d1355ff7ca@group-B69D6EEC9027-LeaderElection24] INFO  grpc.GrpcConfigKeys (ConfUtils.java:logGet(46)) - raft.grpc.server.install_snapshot.request.timeout = 3000ms (default)
2023-08-25 08:52:11,497 [13a37e5a-b376-4d6f-b694-58d1355ff7ca@group-B69D6EEC9027-LeaderElection24] INFO  server.RaftServerConfigKeys (ConfUtils.java:logGet(46)) - raft.server.log.appender.install.snapshot.enabled = false (custom)
2023-08-25 08:52:11,497 [13a37e5a-b376-4d6f-b694-58d1355ff7ca@group-B69D6EEC9027-LeaderElection24] INFO  grpc.GrpcConfigKeys (ConfUtils.java:logGet(46)) - raft.grpc.server.heartbeat.channel = true (default)
2023-08-25 08:52:11,499 [EventQueue-PipelineReportForPipelineReportHandler] INFO  pipeline.PipelineReportHandler (PipelineReportHandler.java:processPipelineReport(136)) - Opened pipeline PipelineID=2f6f0524-8981-4b8b-998d-b69d6eec9027
2023-08-25 08:52:11,500 [13a37e5a-b376-4d6f-b694-58d1355ff7ca@group-B69D6EEC9027-LeaderElection24] INFO  server.RaftServerConfigKeys (ConfUtils.java:logGet(46)) - raft.server.log.appender.snapshot.chunk.size.max = 16MB (=16777216) (default)
2023-08-25 08:52:11,500 [13a37e5a-b376-4d6f-b694-58d1355ff7ca@group-B69D6EEC9027-LeaderElection24] INFO  server.RaftServerConfigKeys (ConfUtils.java:logGet(46)) - raft.server.log.appender.buffer.byte-limit = 33554432 (custom)
2023-08-25 08:52:11,500 [13a37e5a-b376-4d6f-b694-58d1355ff7ca@group-B69D6EEC9027-LeaderElection24] INFO  server.RaftServerConfigKeys (ConfUtils.java:logGet(46)) - raft.server.log.appender.buffer.element-limit = 1 (custom)
2023-08-25 08:52:11,500 [13a37e5a-b376-4d6f-b694-58d1355ff7ca@group-B69D6EEC9027-LeaderElection24] INFO  server.RaftServerConfigKeys (ConfUtils.java:logGet(46)) - raft.server.log.appender.wait-time.min = 10ms (default)
2023-08-25 08:52:11,501 [13a37e5a-b376-4d6f-b694-58d1355ff7ca@group-B69D6EEC9027-LeaderElection24] INFO  grpc.GrpcConfigKeys (ConfUtils.java:logGet(46)) - raft.grpc.server.leader.outstanding.appends.max = 128 (default)
2023-08-25 08:52:11,501 [13a37e5a-b376-4d6f-b694-58d1355ff7ca@group-B69D6EEC9027-LeaderElection24] INFO  server.RaftServerConfigKeys (ConfUtils.java:logGet(46)) - raft.server.rpc.request.timeout = 60s (custom)
2023-08-25 08:52:11,501 [13a37e5a-b376-4d6f-b694-58d1355ff7ca@group-B69D6EEC9027-LeaderElection24] INFO  grpc.GrpcConfigKeys (ConfUtils.java:logGet(46)) - raft.grpc.server.install_snapshot.request.element-limit = 8 (default)
2023-08-25 08:52:11,501 [13a37e5a-b376-4d6f-b694-58d1355ff7ca@group-B69D6EEC9027-LeaderElection24] INFO  grpc.GrpcConfigKeys (ConfUtils.java:logGet(46)) - raft.grpc.server.install_snapshot.request.timeout = 3000ms (default)
2023-08-25 08:52:11,501 [13a37e5a-b376-4d6f-b694-58d1355ff7ca@group-B69D6EEC9027-LeaderElection24] INFO  server.RaftServerConfigKeys (ConfUtils.java:logGet(46)) - raft.server.log.appender.install.snapshot.enabled = false (custom)
2023-08-25 08:52:11,501 [13a37e5a-b376-4d6f-b694-58d1355ff7ca@group-B69D6EEC9027-LeaderElection24] INFO  grpc.GrpcConfigKeys (ConfUtils.java:logGet(46)) - raft.grpc.server.heartbeat.channel = true (default)
2023-08-25 08:52:11,502 [13a37e5a-b376-4d6f-b694-58d1355ff7ca@group-B69D6EEC9027-LeaderElection24] INFO  impl.RoleInfo (RoleInfo.java:updateAndGet(139)) - 13a37e5a-b376-4d6f-b694-58d1355ff7ca: start 13a37e5a-b376-4d6f-b694-58d1355ff7ca@group-B69D6EEC9027-LeaderStateImpl
2023-08-25 08:52:11,503 [13a37e5a-b376-4d6f-b694-58d1355ff7ca@group-B69D6EEC9027-LeaderElection24] INFO  segmented.SegmentedRaftLogWorker (SegmentedRaftLogWorker.java:startLogSegment(447)) - 13a37e5a-b376-4d6f-b694-58d1355ff7ca@group-B69D6EEC9027-SegmentedRaftLogWorker: Starting segment from index:0
2023-08-25 08:52:11,508 [5d860d7d-438a-4901-b268-bb236ca34e1d@group-A413331606F7-FollowerState] INFO  impl.FollowerState (FollowerState.java:run(143)) - 5d860d7d-438a-4901-b268-bb236ca34e1d@group-A413331606F7-FollowerState: change to CANDIDATE, lastRpcElapsedTime:5022710151ns, electionTimeout:5015ms
2023-08-25 08:52:11,508 [5d860d7d-438a-4901-b268-bb236ca34e1d@group-A413331606F7-FollowerState] INFO  impl.RoleInfo (RoleInfo.java:shutdownFollowerState(110)) - 5d860d7d-438a-4901-b268-bb236ca34e1d: shutdown 5d860d7d-438a-4901-b268-bb236ca34e1d@group-A413331606F7-FollowerState
2023-08-25 08:52:11,508 [5d860d7d-438a-4901-b268-bb236ca34e1d@group-A413331606F7-FollowerState] INFO  server.RaftServer$Division (RaftServerImpl.java:setRole(329)) - 5d860d7d-438a-4901-b268-bb236ca34e1d@group-A413331606F7: changes role from  FOLLOWER to CANDIDATE at term 0 for changeToCandidate
2023-08-25 08:52:11,509 [5d860d7d-438a-4901-b268-bb236ca34e1d@group-A413331606F7-FollowerState] INFO  server.RaftServerConfigKeys (ConfUtils.java:logGet(46)) - raft.server.leaderelection.pre-vote = true (default)
2023-08-25 08:52:11,509 [5d860d7d-438a-4901-b268-bb236ca34e1d@group-A413331606F7-FollowerState] INFO  impl.RoleInfo (RoleInfo.java:updateAndGet(139)) - 5d860d7d-438a-4901-b268-bb236ca34e1d: start 5d860d7d-438a-4901-b268-bb236ca34e1d@group-A413331606F7-LeaderElection25
2023-08-25 08:52:11,510 [13a37e5a-b376-4d6f-b694-58d1355ff7ca-server-thread1] INFO  server.RaftServer$Division (ServerState.java:setRaftConf(434)) - 13a37e5a-b376-4d6f-b694-58d1355ff7ca@group-861FC6D9773E: set configuration 0: peers:[13a37e5a-b376-4d6f-b694-58d1355ff7ca|rpc:10.1.0.19:15120|admin:10.1.0.19:15119|client:10.1.0.19:15118|dataStream:10.1.0.19:15121|priority:0|startupRole:FOLLOWER, 5d860d7d-438a-4901-b268-bb236ca34e1d|rpc:10.1.0.19:15129|admin:10.1.0.19:15128|client:10.1.0.19:15127|dataStream:10.1.0.19:15130|priority:0|startupRole:FOLLOWER, 0b97acf7-1047-49ae-a506-e2d05ab0320a|rpc:10.1.0.19:15138|admin:10.1.0.19:15137|client:10.1.0.19:15136|dataStream:10.1.0.19:15139|priority:1|startupRole:FOLLOWER]|listeners:[], old=null
2023-08-25 08:52:11,510 [13a37e5a-b376-4d6f-b694-58d1355ff7ca-server-thread1] INFO  segmented.SegmentedRaftLogWorker (SegmentedRaftLogWorker.java:startLogSegment(447)) - 13a37e5a-b376-4d6f-b694-58d1355ff7ca@group-861FC6D9773E-SegmentedRaftLogWorker: Starting segment from index:0
2023-08-25 08:52:11,510 [5d860d7d-438a-4901-b268-bb236ca34e1d-server-thread1] INFO  ratis.XceiverServerRatis (XceiverServerRatis.java:handleLeaderChangedNotification(902)) - Leader change notification received for group: group-861FC6D9773E with new leaderId: 0b97acf7-1047-49ae-a506-e2d05ab0320a
2023-08-25 08:52:11,510 [5d860d7d-438a-4901-b268-bb236ca34e1d-server-thread1] INFO  server.RaftServer$Division (ServerState.java:setLeader(317)) - 5d860d7d-438a-4901-b268-bb236ca34e1d@group-861FC6D9773E: change Leader from null to 0b97acf7-1047-49ae-a506-e2d05ab0320a at term 1 for appendEntries, leader elected after 5139ms
2023-08-25 08:52:11,511 [13a37e5a-b376-4d6f-b694-58d1355ff7ca@group-B69D6EEC9027-SegmentedRaftLogWorker] INFO  segmented.SegmentedRaftLogWorker (SegmentedRaftLogWorker.java:execute(651)) - 13a37e5a-b376-4d6f-b694-58d1355ff7ca@group-B69D6EEC9027-SegmentedRaftLogWorker: created new log segment /home/runner/work/ozone/ozone/hadoop-ozone/integration-test/target/test-dir/MiniOzoneClusterImpl-0e3afe45-f4df-41ce-9d76-18b1c152426f/datanode-0/data/ratis/2f6f0524-8981-4b8b-998d-b69d6eec9027/current/log_inprogress_0
2023-08-25 08:52:11,513 [13a37e5a-b376-4d6f-b694-58d1355ff7ca@group-861FC6D9773E-SegmentedRaftLogWorker] INFO  segmented.SegmentedRaftLogWorker (SegmentedRaftLogWorker.java:execute(651)) - 13a37e5a-b376-4d6f-b694-58d1355ff7ca@group-861FC6D9773E-SegmentedRaftLogWorker: created new log segment /home/runner/work/ozone/ozone/hadoop-ozone/integration-test/target/test-dir/MiniOzoneClusterImpl-0e3afe45-f4df-41ce-9d76-18b1c152426f/datanode-0/data/ratis/02f5b8e0-5f0c-480d-9b87-861fc6d9773e/current/log_inprogress_0
2023-08-25 08:52:11,530 [5d860d7d-438a-4901-b268-bb236ca34e1d-server-thread1] INFO  server.RaftServer$Division (ServerState.java:setRaftConf(434)) - 5d860d7d-438a-4901-b268-bb236ca34e1d@group-861FC6D9773E: set configuration 0: peers:[13a37e5a-b376-4d6f-b694-58d1355ff7ca|rpc:10.1.0.19:15120|admin:10.1.0.19:15119|client:10.1.0.19:15118|dataStream:10.1.0.19:15121|priority:0|startupRole:FOLLOWER, 5d860d7d-438a-4901-b268-bb236ca34e1d|rpc:10.1.0.19:15129|admin:10.1.0.19:15128|client:10.1.0.19:15127|dataStream:10.1.0.19:15130|priority:0|startupRole:FOLLOWER, 0b97acf7-1047-49ae-a506-e2d05ab0320a|rpc:10.1.0.19:15138|admin:10.1.0.19:15137|client:10.1.0.19:15136|dataStream:10.1.0.19:15139|priority:1|startupRole:FOLLOWER]|listeners:[], old=null
2023-08-25 08:52:11,530 [5d860d7d-438a-4901-b268-bb236ca34e1d-server-thread1] INFO  segmented.SegmentedRaftLogWorker (SegmentedRaftLogWorker.java:startLogSegment(447)) - 5d860d7d-438a-4901-b268-bb236ca34e1d@group-861FC6D9773E-SegmentedRaftLogWorker: Starting segment from index:0
2023-08-25 08:52:11,530 [5d860d7d-438a-4901-b268-bb236ca34e1d@group-A413331606F7-LeaderElection25] INFO  impl.LeaderElection (LeaderElection.java:askForVotes(321)) - 5d860d7d-438a-4901-b268-bb236ca34e1d@group-A413331606F7-LeaderElection25 PRE_VOTE round 0: submit vote requests at term 0 for -1: peers:[5d860d7d-438a-4901-b268-bb236ca34e1d|rpc:10.1.0.19:15129|admin:10.1.0.19:15128|client:10.1.0.19:15127|dataStream:10.1.0.19:15130|priority:1|startupRole:FOLLOWER]|listeners:[], old=null
2023-08-25 08:52:11,530 [5d860d7d-438a-4901-b268-bb236ca34e1d@group-A413331606F7-LeaderElection25] INFO  impl.LeaderElection (LeaderElection.java:askForVotes(323)) - 5d860d7d-438a-4901-b268-bb236ca34e1d@group-A413331606F7-LeaderElection25 PRE_VOTE round 0: result PASSED (term=0)
2023-08-25 08:52:11,531 [13a37e5a-b376-4d6f-b694-58d1355ff7ca@group-B69D6EEC9027-LeaderElection24] INFO  server.RaftServer$Division (ServerState.java:setRaftConf(434)) - 13a37e5a-b376-4d6f-b694-58d1355ff7ca@group-B69D6EEC9027: set configuration 0: peers:[13a37e5a-b376-4d6f-b694-58d1355ff7ca|rpc:10.1.0.19:15120|admin:10.1.0.19:15119|client:10.1.0.19:15118|dataStream:10.1.0.19:15121|priority:1|startupRole:FOLLOWER, 5d860d7d-438a-4901-b268-bb236ca34e1d|rpc:10.1.0.19:15129|admin:10.1.0.19:15128|client:10.1.0.19:15127|dataStream:10.1.0.19:15130|priority:0|startupRole:FOLLOWER, 0b97acf7-1047-49ae-a506-e2d05ab0320a|rpc:10.1.0.19:15138|admin:10.1.0.19:15137|client:10.1.0.19:15136|dataStream:10.1.0.19:15139|priority:0|startupRole:FOLLOWER]|listeners:[], old=null
2023-08-25 08:52:11,532 [5d860d7d-438a-4901-b268-bb236ca34e1d@group-A413331606F7-LeaderElection25] INFO  impl.LeaderElection (LeaderElection.java:askForVotes(321)) - 5d860d7d-438a-4901-b268-bb236ca34e1d@group-A413331606F7-LeaderElection25 ELECTION round 0: submit vote requests at term 1 for -1: peers:[5d860d7d-438a-4901-b268-bb236ca34e1d|rpc:10.1.0.19:15129|admin:10.1.0.19:15128|client:10.1.0.19:15127|dataStream:10.1.0.19:15130|priority:1|startupRole:FOLLOWER]|listeners:[], old=null
2023-08-25 08:52:11,532 [5d860d7d-438a-4901-b268-bb236ca34e1d@group-A413331606F7-LeaderElection25] INFO  impl.LeaderElection (LeaderElection.java:askForVotes(323)) - 5d860d7d-438a-4901-b268-bb236ca34e1d@group-A413331606F7-LeaderElection25 ELECTION round 0: result PASSED (term=1)
2023-08-25 08:52:11,532 [5d860d7d-438a-4901-b268-bb236ca34e1d@group-A413331606F7-LeaderElection25] INFO  impl.RoleInfo (RoleInfo.java:shutdownLeaderElection(130)) - 5d860d7d-438a-4901-b268-bb236ca34e1d: shutdown 5d860d7d-438a-4901-b268-bb236ca34e1d@group-A413331606F7-LeaderElection25
2023-08-25 08:52:11,532 [5d860d7d-438a-4901-b268-bb236ca34e1d@group-A413331606F7-LeaderElection25] INFO  server.RaftServer$Division (RaftServerImpl.java:setRole(329)) - 5d860d7d-438a-4901-b268-bb236ca34e1d@group-A413331606F7: changes role from CANDIDATE to LEADER at term 1 for changeToLeader
2023-08-25 08:52:11,532 [5d860d7d-438a-4901-b268-bb236ca34e1d@group-A413331606F7-LeaderElection25] INFO  ratis.XceiverServerRatis (XceiverServerRatis.java:handleLeaderChangedNotification(902)) - Leader change notification received for group: group-A413331606F7 with new leaderId: 5d860d7d-438a-4901-b268-bb236ca34e1d
2023-08-25 08:52:11,533 [5d860d7d-438a-4901-b268-bb236ca34e1d-server-thread1] INFO  ratis.XceiverServerRatis (XceiverServerRatis.java:handleLeaderChangedNotification(902)) - Leader change notification received for group: group-B69D6EEC9027 with new leaderId: 13a37e5a-b376-4d6f-b694-58d1355ff7ca
2023-08-25 08:52:11,533 [5d860d7d-438a-4901-b268-bb236ca34e1d-server-thread1] INFO  server.RaftServer$Division (ServerState.java:setLeader(317)) - 5d860d7d-438a-4901-b268-bb236ca34e1d@group-B69D6EEC9027: change Leader from null to 13a37e5a-b376-4d6f-b694-58d1355ff7ca at term 1 for appendEntries, leader elected after 5329ms
2023-08-25 08:52:11,536 [5d860d7d-438a-4901-b268-bb236ca34e1d-server-thread1] INFO  server.RaftServer$Division (ServerState.java:setRaftConf(434)) - 5d860d7d-438a-4901-b268-bb236ca34e1d@group-B69D6EEC9027: set configuration 0: peers:[13a37e5a-b376-4d6f-b694-58d1355ff7ca|rpc:10.1.0.19:15120|admin:10.1.0.19:15119|client:10.1.0.19:15118|dataStream:10.1.0.19:15121|priority:1|startupRole:FOLLOWER, 5d860d7d-438a-4901-b268-bb236ca34e1d|rpc:10.1.0.19:15129|admin:10.1.0.19:15128|client:10.1.0.19:15127|dataStream:10.1.0.19:15130|priority:0|startupRole:FOLLOWER, 0b97acf7-1047-49ae-a506-e2d05ab0320a|rpc:10.1.0.19:15138|admin:10.1.0.19:15137|client:10.1.0.19:15136|dataStream:10.1.0.19:15139|priority:0|startupRole:FOLLOWER]|listeners:[], old=null
2023-08-25 08:52:11,537 [5d860d7d-438a-4901-b268-bb236ca34e1d-server-thread1] INFO  segmented.SegmentedRaftLogWorker (SegmentedRaftLogWorker.java:startLogSegment(447)) - 5d860d7d-438a-4901-b268-bb236ca34e1d@group-B69D6EEC9027-SegmentedRaftLogWorker: Starting segment from index:0
2023-08-25 08:52:11,538 [5d860d7d-438a-4901-b268-bb236ca34e1d@group-861FC6D9773E-SegmentedRaftLogWorker] INFO  segmented.SegmentedRaftLogWorker (SegmentedRaftLogWorker.java:execute(651)) - 5d860d7d-438a-4901-b268-bb236ca34e1d@group-861FC6D9773E-SegmentedRaftLogWorker: created new log segment /home/runner/work/ozone/ozone/hadoop-ozone/integration-test/target/test-dir/MiniOzoneClusterImpl-0e3afe45-f4df-41ce-9d76-18b1c152426f/datanode-1/data/ratis/02f5b8e0-5f0c-480d-9b87-861fc6d9773e/current/log_inprogress_0
2023-08-25 08:52:11,538 [5d860d7d-438a-4901-b268-bb236ca34e1d@group-B69D6EEC9027-SegmentedRaftLogWorker] INFO  segmented.SegmentedRaftLogWorker (SegmentedRaftLogWorker.java:execute(651)) - 5d860d7d-438a-4901-b268-bb236ca34e1d@group-B69D6EEC9027-SegmentedRaftLogWorker: created new log segment /home/runner/work/ozone/ozone/hadoop-ozone/integration-test/target/test-dir/MiniOzoneClusterImpl-0e3afe45-f4df-41ce-9d76-18b1c152426f/datanode-1/data/ratis/2f6f0524-8981-4b8b-998d-b69d6eec9027/current/log_inprogress_0
2023-08-25 08:52:11,544 [Time-limited test] INFO  rpc.RpcClient (RpcClient.java:createVolume(461)) - Creating Volume: vol1, with runner as owner and space quota set to -1 bytes, counts quota set to -1
2023-08-25 08:52:11,548 [5d860d7d-438a-4901-b268-bb236ca34e1d@group-A413331606F7-LeaderElection25] INFO  server.RaftServer$Division (ServerState.java:setLeader(317)) - 5d860d7d-438a-4901-b268-bb236ca34e1d@group-A413331606F7: change Leader from null to 5d860d7d-438a-4901-b268-bb236ca34e1d at term 1 for becomeLeader, leader elected after 5066ms
2023-08-25 08:52:11,548 [5d860d7d-438a-4901-b268-bb236ca34e1d@group-A413331606F7-LeaderElection25] INFO  server.RaftServerConfigKeys (ConfUtils.java:logGet(46)) - raft.server.staging.catchup.gap = 1000 (default)
2023-08-25 08:52:11,548 [5d860d7d-438a-4901-b268-bb236ca34e1d@group-A413331606F7-LeaderElection25] INFO  server.RaftServerConfigKeys (ConfUtils.java:logGet(46)) - raft.server.write.element-limit = 1024 (custom)
2023-08-25 08:52:11,548 [5d860d7d-438a-4901-b268-bb236ca34e1d@group-A413331606F7-LeaderElection25] INFO  server.RaftServerConfigKeys (ConfUtils.java:logGet(46)) - raft.server.write.byte-limit = 1024 M (=1073741824) (custom)
2023-08-25 08:52:11,548 [5d860d7d-438a-4901-b268-bb236ca34e1d@group-A413331606F7-LeaderElection25] INFO  server.RaftServerConfigKeys (ConfUtils.java:logGet(46)) - raft.server.watch.timeout = 180s (custom)
2023-08-25 08:52:11,548 [5d860d7d-438a-4901-b268-bb236ca34e1d@group-A413331606F7-LeaderElection25] INFO  server.RaftServerConfigKeys (ConfUtils.java:logGet(46)) - raft.server.watch.timeout.denomination = 1s (default)
2023-08-25 08:52:11,548 [5d860d7d-438a-4901-b268-bb236ca34e1d@group-A413331606F7-LeaderElection25] INFO  server.RaftServerConfigKeys (ConfUtils.java:logGet(46)) - raft.server.watch.element-limit = 65536 (default)
2023-08-25 08:52:11,548 [5d860d7d-438a-4901-b268-bb236ca34e1d@group-A413331606F7-LeaderElection25] INFO  server.RaftServerConfigKeys (ConfUtils.java:logGet(46)) - raft.server.write.element-limit = 1024 (custom)
2023-08-25 08:52:11,548 [5d860d7d-438a-4901-b268-bb236ca34e1d@group-A413331606F7-LeaderElection25] INFO  server.RaftServerConfigKeys (ConfUtils.java:logGet(46)) - raft.server.write.follower.gap.ratio.max = -1.0 (default)
2023-08-25 08:52:11,548 [5d860d7d-438a-4901-b268-bb236ca34e1d@group-A413331606F7-LeaderElection25] INFO  impl.RoleInfo (RoleInfo.java:updateAndGet(139)) - 5d860d7d-438a-4901-b268-bb236ca34e1d: start 5d860d7d-438a-4901-b268-bb236ca34e1d@group-A413331606F7-LeaderStateImpl
2023-08-25 08:52:11,549 [5d860d7d-438a-4901-b268-bb236ca34e1d@group-A413331606F7-LeaderElection25] INFO  segmented.SegmentedRaftLogWorker (SegmentedRaftLogWorker.java:startLogSegment(447)) - 5d860d7d-438a-4901-b268-bb236ca34e1d@group-A413331606F7-SegmentedRaftLogWorker: Starting segment from index:0
2023-08-25 08:52:11,552 [5d860d7d-438a-4901-b268-bb236ca34e1d@group-A413331606F7-SegmentedRaftLogWorker] INFO  segmented.SegmentedRaftLogWorker (SegmentedRaftLogWorker.java:execute(651)) - 5d860d7d-438a-4901-b268-bb236ca34e1d@group-A413331606F7-SegmentedRaftLogWorker: created new log segment /home/runner/work/ozone/ozone/hadoop-ozone/integration-test/target/test-dir/MiniOzoneClusterImpl-0e3afe45-f4df-41ce-9d76-18b1c152426f/datanode-1/data/ratis/e430227b-40c3-48dc-990d-a413331606f7/current/log_inprogress_0
2023-08-25 08:52:11,560 [5d860d7d-438a-4901-b268-bb236ca34e1d@group-A413331606F7-LeaderElection25] INFO  server.RaftServer$Division (ServerState.java:setRaftConf(434)) - 5d860d7d-438a-4901-b268-bb236ca34e1d@group-A413331606F7: set configuration 0: peers:[5d860d7d-438a-4901-b268-bb236ca34e1d|rpc:10.1.0.19:15129|admin:10.1.0.19:15128|client:10.1.0.19:15127|dataStream:10.1.0.19:15130|priority:1|startupRole:FOLLOWER]|listeners:[], old=null
2023-08-25 08:52:11,574 [OM StateMachine ApplyTransaction Thread - 0] INFO  volume.OMVolumeCreateRequest (OMVolumeCreateRequest.java:validateAndUpdateCache(196)) - created volume:vol1 for user:runner
2023-08-25 08:52:11,579 [0b97acf7-1047-49ae-a506-e2d05ab0320a-server-thread1] INFO  ratis.XceiverServerRatis (XceiverServerRatis.java:handleLeaderChangedNotification(902)) - Leader change notification received for group: group-B69D6EEC9027 with new leaderId: 13a37e5a-b376-4d6f-b694-58d1355ff7ca
2023-08-25 08:52:11,579 [0b97acf7-1047-49ae-a506-e2d05ab0320a-server-thread1] INFO  server.RaftServer$Division (ServerState.java:setLeader(317)) - 0b97acf7-1047-49ae-a506-e2d05ab0320a@group-B69D6EEC9027: change Leader from null to 13a37e5a-b376-4d6f-b694-58d1355ff7ca at term 1 for appendEntries, leader elected after 5309ms
2023-08-25 08:52:11,589 [Time-limited test] INFO  rpc.RpcClient (RpcClient.java:createBucket(688)) - Creating Bucket: vol1/bucket1, with server-side default bucket layout, runner as owner, Versioning false, Storage Type set to DISK and Encryption set to false, Replication Type set to server-side default replication type, Namespace Quota set to -1, Space Quota set to -1 
2023-08-25 08:52:11,593 [0b97acf7-1047-49ae-a506-e2d05ab0320a-server-thread1] INFO  server.RaftServer$Division (ServerState.java:setRaftConf(434)) - 0b97acf7-1047-49ae-a506-e2d05ab0320a@group-B69D6EEC9027: set configuration 0: peers:[13a37e5a-b376-4d6f-b694-58d1355ff7ca|rpc:10.1.0.19:15120|admin:10.1.0.19:15119|client:10.1.0.19:15118|dataStream:10.1.0.19:15121|priority:1|startupRole:FOLLOWER, 5d860d7d-438a-4901-b268-bb236ca34e1d|rpc:10.1.0.19:15129|admin:10.1.0.19:15128|client:10.1.0.19:15127|dataStream:10.1.0.19:15130|priority:0|startupRole:FOLLOWER, 0b97acf7-1047-49ae-a506-e2d05ab0320a|rpc:10.1.0.19:15138|admin:10.1.0.19:15137|client:10.1.0.19:15136|dataStream:10.1.0.19:15139|priority:0|startupRole:FOLLOWER]|listeners:[], old=null
2023-08-25 08:52:11,594 [0b97acf7-1047-49ae-a506-e2d05ab0320a-server-thread1] INFO  segmented.SegmentedRaftLogWorker (SegmentedRaftLogWorker.java:startLogSegment(447)) - 0b97acf7-1047-49ae-a506-e2d05ab0320a@group-B69D6EEC9027-SegmentedRaftLogWorker: Starting segment from index:0
2023-08-25 08:52:11,596 [OM StateMachine ApplyTransaction Thread - 0] INFO  bucket.OMBucketCreateRequest (OMBucketCreateRequest.java:validateAndUpdateCache(270)) - created bucket: bucket1 of layout FILE_SYSTEM_OPTIMIZED in volume: vol1
2023-08-25 08:52:11,598 [0b97acf7-1047-49ae-a506-e2d05ab0320a@group-B69D6EEC9027-SegmentedRaftLogWorker] INFO  segmented.SegmentedRaftLogWorker (SegmentedRaftLogWorker.java:execute(651)) - 0b97acf7-1047-49ae-a506-e2d05ab0320a@group-B69D6EEC9027-SegmentedRaftLogWorker: created new log segment /home/runner/work/ozone/ozone/hadoop-ozone/integration-test/target/test-dir/MiniOzoneClusterImpl-0e3afe45-f4df-41ce-9d76-18b1c152426f/datanode-2/data/ratis/2f6f0524-8981-4b8b-998d-b69d6eec9027/current/log_inprogress_0
2023-08-25 08:52:11,617 [ReplicationMonitor] INFO  replication.ReplicationManager (ReplicationManager.java:processAll(361)) - Replication Manager is not ready to run until 3000ms after safemode exit
2023-08-25 08:52:11,621 [IPC Server handler 0 on default port 15107] INFO  ha.SequenceIdGenerator (SequenceIdGenerator.java:getNextId(140)) - Allocate a batch for containerId, change lastId from 0 to 1000.
2023-08-25 08:52:11,622 [IPC Server handler 0 on default port 15107] WARN  ha.SequenceIdGenerator (SequenceIdGenerator.java:allocateBatch(253)) - Failed to allocate a batch for localId, expected lastId is 0, actual lastId is 111677748019200000.
2023-08-25 08:52:11,623 [IPC Server handler 0 on default port 15107] INFO  ha.SequenceIdGenerator (SequenceIdGenerator.java:getNextId(140)) - Allocate a batch for localId, change lastId from 111677748019200000 to 111677748019201000.
2023-08-25 08:52:11,758 [EventQueue-CloseContainerForCloseContainerEventHandler] INFO  container.CloseContainerEventHandler (CloseContainerEventHandler.java:onMessage(88)) - Close container Event triggered for container : #1, current state: OPEN
2023-08-25 08:52:11,759 [EventQueue-CloseContainerForCloseContainerEventHandler] INFO  container.CloseContainerEventHandler (CloseContainerEventHandler.java:onMessage(88)) - Close container Event triggered for container : #1, current state: CLOSING
2023-08-25 08:52:11,759 [EventQueue-CloseContainerForCloseContainerEventHandler] INFO  container.CloseContainerEventHandler (CloseContainerEventHandler.java:onMessage(88)) - Close container Event triggered for container : #1, current state: CLOSING
2023-08-25 08:52:12,004 [0b97acf7-1047-49ae-a506-e2d05ab0320a@group-E19715B45B51-FollowerState] INFO  impl.FollowerState (FollowerState.java:run(143)) - 0b97acf7-1047-49ae-a506-e2d05ab0320a@group-E19715B45B51-FollowerState: change to CANDIDATE, lastRpcElapsedTime:5189280038ns, electionTimeout:5188ms
2023-08-25 08:52:12,004 [0b97acf7-1047-49ae-a506-e2d05ab0320a@group-E19715B45B51-FollowerState] INFO  impl.RoleInfo (RoleInfo.java:shutdownFollowerState(110)) - 0b97acf7-1047-49ae-a506-e2d05ab0320a: shutdown 0b97acf7-1047-49ae-a506-e2d05ab0320a@group-E19715B45B51-FollowerState
2023-08-25 08:52:12,004 [0b97acf7-1047-49ae-a506-e2d05ab0320a@group-E19715B45B51-FollowerState] INFO  server.RaftServer$Division (RaftServerImpl.java:setRole(329)) - 0b97acf7-1047-49ae-a506-e2d05ab0320a@group-E19715B45B51: changes role from  FOLLOWER to CANDIDATE at term 0 for changeToCandidate
2023-08-25 08:52:12,004 [0b97acf7-1047-49ae-a506-e2d05ab0320a@group-E19715B45B51-FollowerState] INFO  server.RaftServerConfigKeys (ConfUtils.java:logGet(46)) - raft.server.leaderelection.pre-vote = true (default)
2023-08-25 08:52:12,004 [0b97acf7-1047-49ae-a506-e2d05ab0320a@group-E19715B45B51-FollowerState] INFO  impl.RoleInfo (RoleInfo.java:updateAndGet(139)) - 0b97acf7-1047-49ae-a506-e2d05ab0320a: start 0b97acf7-1047-49ae-a506-e2d05ab0320a@group-E19715B45B51-LeaderElection26
2023-08-25 08:52:12,010 [0b97acf7-1047-49ae-a506-e2d05ab0320a@group-E19715B45B51-LeaderElection26] INFO  impl.LeaderElection (LeaderElection.java:askForVotes(321)) - 0b97acf7-1047-49ae-a506-e2d05ab0320a@group-E19715B45B51-LeaderElection26 PRE_VOTE round 0: submit vote requests at term 0 for -1: peers:[0b97acf7-1047-49ae-a506-e2d05ab0320a|rpc:10.1.0.19:15138|admin:10.1.0.19:15137|client:10.1.0.19:15136|dataStream:10.1.0.19:15139|priority:1|startupRole:FOLLOWER]|listeners:[], old=null
2023-08-25 08:52:12,010 [0b97acf7-1047-49ae-a506-e2d05ab0320a@group-E19715B45B51-LeaderElection26] INFO  impl.LeaderElection (LeaderElection.java:askForVotes(323)) - 0b97acf7-1047-49ae-a506-e2d05ab0320a@group-E19715B45B51-LeaderElection26 PRE_VOTE round 0: result PASSED (term=0)
2023-08-25 08:52:12,015 [0b97acf7-1047-49ae-a506-e2d05ab0320a@group-E19715B45B51-LeaderElection26] INFO  impl.LeaderElection (LeaderElection.java:askForVotes(321)) - 0b97acf7-1047-49ae-a506-e2d05ab0320a@group-E19715B45B51-LeaderElection26 ELECTION round 0: submit vote requests at term 1 for -1: peers:[0b97acf7-1047-49ae-a506-e2d05ab0320a|rpc:10.1.0.19:15138|admin:10.1.0.19:15137|client:10.1.0.19:15136|dataStream:10.1.0.19:15139|priority:1|startupRole:FOLLOWER]|listeners:[], old=null
2023-08-25 08:52:12,015 [0b97acf7-1047-49ae-a506-e2d05ab0320a@group-E19715B45B51-LeaderElection26] INFO  impl.LeaderElection (LeaderElection.java:askForVotes(323)) - 0b97acf7-1047-49ae-a506-e2d05ab0320a@group-E19715B45B51-LeaderElection26 ELECTION round 0: result PASSED (term=1)
2023-08-25 08:52:12,015 [0b97acf7-1047-49ae-a506-e2d05ab0320a@group-E19715B45B51-LeaderElection26] INFO  impl.RoleInfo (RoleInfo.java:shutdownLeaderElection(130)) - 0b97acf7-1047-49ae-a506-e2d05ab0320a: shutdown 0b97acf7-1047-49ae-a506-e2d05ab0320a@group-E19715B45B51-LeaderElection26
2023-08-25 08:52:12,015 [0b97acf7-1047-49ae-a506-e2d05ab0320a@group-E19715B45B51-LeaderElection26] INFO  server.RaftServer$Division (RaftServerImpl.java:setRole(329)) - 0b97acf7-1047-49ae-a506-e2d05ab0320a@group-E19715B45B51: changes role from CANDIDATE to LEADER at term 1 for changeToLeader
2023-08-25 08:52:12,015 [0b97acf7-1047-49ae-a506-e2d05ab0320a@group-E19715B45B51-LeaderElection26] INFO  ratis.XceiverServerRatis (XceiverServerRatis.java:handleLeaderChangedNotification(902)) - Leader change notification received for group: group-E19715B45B51 with new leaderId: 0b97acf7-1047-49ae-a506-e2d05ab0320a
2023-08-25 08:52:12,016 [0b97acf7-1047-49ae-a506-e2d05ab0320a@group-E19715B45B51-LeaderElection26] INFO  server.RaftServer$Division (ServerState.java:setLeader(317)) - 0b97acf7-1047-49ae-a506-e2d05ab0320a@group-E19715B45B51: change Leader from null to 0b97acf7-1047-49ae-a506-e2d05ab0320a at term 1 for becomeLeader, leader elected after 5221ms
2023-08-25 08:52:12,016 [0b97acf7-1047-49ae-a506-e2d05ab0320a@group-E19715B45B51-LeaderElection26] INFO  server.RaftServerConfigKeys (ConfUtils.java:logGet(46)) - raft.server.staging.catchup.gap = 1000 (default)
2023-08-25 08:52:12,021 [0b97acf7-1047-49ae-a506-e2d05ab0320a@group-E19715B45B51-LeaderElection26] INFO  server.RaftServerConfigKeys (ConfUtils.java:logGet(46)) - raft.server.write.element-limit = 1024 (custom)
2023-08-25 08:52:12,021 [0b97acf7-1047-49ae-a506-e2d05ab0320a@group-E19715B45B51-LeaderElection26] INFO  server.RaftServerConfigKeys (ConfUtils.java:logGet(46)) - raft.server.write.byte-limit = 1024 M (=1073741824) (custom)
2023-08-25 08:52:12,021 [0b97acf7-1047-49ae-a506-e2d05ab0320a@group-E19715B45B51-LeaderElection26] INFO  server.RaftServerConfigKeys (ConfUtils.java:logGet(46)) - raft.server.watch.timeout = 180s (custom)
2023-08-25 08:52:12,021 [0b97acf7-1047-49ae-a506-e2d05ab0320a@group-E19715B45B51-LeaderElection26] INFO  server.RaftServerConfigKeys (ConfUtils.java:logGet(46)) - raft.server.watch.timeout.denomination = 1s (default)
2023-08-25 08:52:12,021 [0b97acf7-1047-49ae-a506-e2d05ab0320a@group-E19715B45B51-LeaderElection26] INFO  server.RaftServerConfigKeys (ConfUtils.java:logGet(46)) - raft.server.watch.element-limit = 65536 (default)
2023-08-25 08:52:12,022 [0b97acf7-1047-49ae-a506-e2d05ab0320a@group-E19715B45B51-LeaderElection26] INFO  server.RaftServerConfigKeys (ConfUtils.java:logGet(46)) - raft.server.write.element-limit = 1024 (custom)
2023-08-25 08:52:12,022 [0b97acf7-1047-49ae-a506-e2d05ab0320a@group-E19715B45B51-LeaderElection26] INFO  server.RaftServerConfigKeys (ConfUtils.java:logGet(46)) - raft.server.write.follower.gap.ratio.max = -1.0 (default)
2023-08-25 08:52:12,022 [0b97acf7-1047-49ae-a506-e2d05ab0320a@group-E19715B45B51-LeaderElection26] INFO  impl.RoleInfo (RoleInfo.java:updateAndGet(139)) - 0b97acf7-1047-49ae-a506-e2d05ab0320a: start 0b97acf7-1047-49ae-a506-e2d05ab0320a@group-E19715B45B51-LeaderStateImpl
2023-08-25 08:52:12,022 [0b97acf7-1047-49ae-a506-e2d05ab0320a@group-E19715B45B51-LeaderElection26] INFO  segmented.SegmentedRaftLogWorker (SegmentedRaftLogWorker.java:startLogSegment(447)) - 0b97acf7-1047-49ae-a506-e2d05ab0320a@group-E19715B45B51-SegmentedRaftLogWorker: Starting segment from index:0
2023-08-25 08:52:12,026 [0b97acf7-1047-49ae-a506-e2d05ab0320a@group-E19715B45B51-SegmentedRaftLogWorker] INFO  segmented.SegmentedRaftLogWorker (SegmentedRaftLogWorker.java:execute(651)) - 0b97acf7-1047-49ae-a506-e2d05ab0320a@group-E19715B45B51-SegmentedRaftLogWorker: created new log segment /home/runner/work/ozone/ozone/hadoop-ozone/integration-test/target/test-dir/MiniOzoneClusterImpl-0e3afe45-f4df-41ce-9d76-18b1c152426f/datanode-2/data/ratis/44a5078d-5687-431a-b629-e19715b45b51/current/log_inprogress_0
2023-08-25 08:52:12,026 [0b97acf7-1047-49ae-a506-e2d05ab0320a@group-E19715B45B51-LeaderElection26] INFO  server.RaftServer$Division (ServerState.java:setRaftConf(434)) - 0b97acf7-1047-49ae-a506-e2d05ab0320a@group-E19715B45B51: set configuration 0: peers:[0b97acf7-1047-49ae-a506-e2d05ab0320a|rpc:10.1.0.19:15138|admin:10.1.0.19:15137|client:10.1.0.19:15136|dataStream:10.1.0.19:15139|priority:1|startupRole:FOLLOWER]|listeners:[], old=null
2023-08-25 08:52:12,358 [c5b52100-b3af-4f34-8186-445655f547f5@group-AB203C3EB5DD-FollowerState] INFO  impl.FollowerState (FollowerState.java:run(143)) - c5b52100-b3af-4f34-8186-445655f547f5@group-AB203C3EB5DD-FollowerState: change to CANDIDATE, lastRpcElapsedTime:5197212084ns, electionTimeout:5194ms
2023-08-25 08:52:12,358 [c5b52100-b3af-4f34-8186-445655f547f5@group-AB203C3EB5DD-FollowerState] INFO  impl.RoleInfo (RoleInfo.java:shutdownFollowerState(110)) - c5b52100-b3af-4f34-8186-445655f547f5: shutdown c5b52100-b3af-4f34-8186-445655f547f5@group-AB203C3EB5DD-FollowerState
2023-08-25 08:52:12,358 [c5b52100-b3af-4f34-8186-445655f547f5@group-AB203C3EB5DD-FollowerState] INFO  server.RaftServer$Division (RaftServerImpl.java:setRole(329)) - c5b52100-b3af-4f34-8186-445655f547f5@group-AB203C3EB5DD: changes role from  FOLLOWER to CANDIDATE at term 0 for changeToCandidate
2023-08-25 08:52:12,358 [c5b52100-b3af-4f34-8186-445655f547f5@group-AB203C3EB5DD-FollowerState] INFO  server.RaftServerConfigKeys (ConfUtils.java:logGet(46)) - raft.server.leaderelection.pre-vote = true (default)
2023-08-25 08:52:12,358 [c5b52100-b3af-4f34-8186-445655f547f5@group-AB203C3EB5DD-FollowerState] INFO  impl.RoleInfo (RoleInfo.java:updateAndGet(139)) - c5b52100-b3af-4f34-8186-445655f547f5: start c5b52100-b3af-4f34-8186-445655f547f5@group-AB203C3EB5DD-LeaderElection27
2023-08-25 08:52:12,361 [c5b52100-b3af-4f34-8186-445655f547f5@group-AB203C3EB5DD-LeaderElection27] INFO  impl.LeaderElection (LeaderElection.java:askForVotes(321)) - c5b52100-b3af-4f34-8186-445655f547f5@group-AB203C3EB5DD-LeaderElection27 PRE_VOTE round 0: submit vote requests at term 0 for -1: peers:[c5b52100-b3af-4f34-8186-445655f547f5|rpc:10.1.0.19:15147|admin:10.1.0.19:15146|client:10.1.0.19:15145|dataStream:10.1.0.19:15148|priority:1|startupRole:FOLLOWER]|listeners:[], old=null
2023-08-25 08:52:12,361 [c5b52100-b3af-4f34-8186-445655f547f5@group-AB203C3EB5DD-LeaderElection27] INFO  impl.LeaderElection (LeaderElection.java:askForVotes(323)) - c5b52100-b3af-4f34-8186-445655f547f5@group-AB203C3EB5DD-LeaderElection27 PRE_VOTE round 0: result PASSED (term=0)
2023-08-25 08:52:12,365 [c5b52100-b3af-4f34-8186-445655f547f5@group-AB203C3EB5DD-LeaderElection27] INFO  impl.LeaderElection (LeaderElection.java:askForVotes(321)) - c5b52100-b3af-4f34-8186-445655f547f5@group-AB203C3EB5DD-LeaderElection27 ELECTION round 0: submit vote requests at term 1 for -1: peers:[c5b52100-b3af-4f34-8186-445655f547f5|rpc:10.1.0.19:15147|admin:10.1.0.19:15146|client:10.1.0.19:15145|dataStream:10.1.0.19:15148|priority:1|startupRole:FOLLOWER]|listeners:[], old=null
2023-08-25 08:52:12,365 [c5b52100-b3af-4f34-8186-445655f547f5@group-AB203C3EB5DD-LeaderElection27] INFO  impl.LeaderElection (LeaderElection.java:askForVotes(323)) - c5b52100-b3af-4f34-8186-445655f547f5@group-AB203C3EB5DD-LeaderElection27 ELECTION round 0: result PASSED (term=1)
2023-08-25 08:52:12,365 [c5b52100-b3af-4f34-8186-445655f547f5@group-AB203C3EB5DD-LeaderElection27] INFO  impl.RoleInfo (RoleInfo.java:shutdownLeaderElection(130)) - c5b52100-b3af-4f34-8186-445655f547f5: shutdown c5b52100-b3af-4f34-8186-445655f547f5@group-AB203C3EB5DD-LeaderElection27
2023-08-25 08:52:12,365 [c5b52100-b3af-4f34-8186-445655f547f5@group-AB203C3EB5DD-LeaderElection27] INFO  server.RaftServer$Division (RaftServerImpl.java:setRole(329)) - c5b52100-b3af-4f34-8186-445655f547f5@group-AB203C3EB5DD: changes role from CANDIDATE to LEADER at term 1 for changeToLeader
2023-08-25 08:52:12,365 [c5b52100-b3af-4f34-8186-445655f547f5@group-AB203C3EB5DD-LeaderElection27] INFO  ratis.XceiverServerRatis (XceiverServerRatis.java:handleLeaderChangedNotification(902)) - Leader change notification received for group: group-AB203C3EB5DD with new leaderId: c5b52100-b3af-4f34-8186-445655f547f5
2023-08-25 08:52:12,366 [c5b52100-b3af-4f34-8186-445655f547f5@group-AB203C3EB5DD-LeaderElection27] INFO  server.RaftServer$Division (ServerState.java:setLeader(317)) - c5b52100-b3af-4f34-8186-445655f547f5@group-AB203C3EB5DD: change Leader from null to c5b52100-b3af-4f34-8186-445655f547f5 at term 1 for becomeLeader, leader elected after 5221ms
2023-08-25 08:52:12,366 [c5b52100-b3af-4f34-8186-445655f547f5@group-AB203C3EB5DD-LeaderElection27] INFO  server.RaftServerConfigKeys (ConfUtils.java:logGet(46)) - raft.server.staging.catchup.gap = 1000 (default)
2023-08-25 08:52:12,366 [c5b52100-b3af-4f34-8186-445655f547f5@group-AB203C3EB5DD-LeaderElection27] INFO  server.RaftServerConfigKeys (ConfUtils.java:logGet(46)) - raft.server.write.element-limit = 1024 (custom)
2023-08-25 08:52:12,366 [c5b52100-b3af-4f34-8186-445655f547f5@group-AB203C3EB5DD-LeaderElection27] INFO  server.RaftServerConfigKeys (ConfUtils.java:logGet(46)) - raft.server.write.byte-limit = 1024 M (=1073741824) (custom)
2023-08-25 08:52:12,366 [c5b52100-b3af-4f34-8186-445655f547f5@group-AB203C3EB5DD-LeaderElection27] INFO  server.RaftServerConfigKeys (ConfUtils.java:logGet(46)) - raft.server.watch.timeout = 180s (custom)
2023-08-25 08:52:12,366 [c5b52100-b3af-4f34-8186-445655f547f5@group-AB203C3EB5DD-LeaderElection27] INFO  server.RaftServerConfigKeys (ConfUtils.java:logGet(46)) - raft.server.watch.timeout.denomination = 1s (default)
2023-08-25 08:52:12,366 [c5b52100-b3af-4f34-8186-445655f547f5@group-AB203C3EB5DD-LeaderElection27] INFO  server.RaftServerConfigKeys (ConfUtils.java:logGet(46)) - raft.server.watch.element-limit = 65536 (default)
2023-08-25 08:52:12,366 [c5b52100-b3af-4f34-8186-445655f547f5@group-AB203C3EB5DD-LeaderElection27] INFO  server.RaftServerConfigKeys (ConfUtils.java:logGet(46)) - raft.server.write.element-limit = 1024 (custom)
2023-08-25 08:52:12,367 [c5b52100-b3af-4f34-8186-445655f547f5@group-AB203C3EB5DD-LeaderElection27] INFO  server.RaftServerConfigKeys (ConfUtils.java:logGet(46)) - raft.server.write.follower.gap.ratio.max = -1.0 (default)
2023-08-25 08:52:12,367 [c5b52100-b3af-4f34-8186-445655f547f5@group-AB203C3EB5DD-LeaderElection27] INFO  impl.RoleInfo (RoleInfo.java:updateAndGet(139)) - c5b52100-b3af-4f34-8186-445655f547f5: start c5b52100-b3af-4f34-8186-445655f547f5@group-AB203C3EB5DD-LeaderStateImpl
2023-08-25 08:52:12,367 [c5b52100-b3af-4f34-8186-445655f547f5@group-AB203C3EB5DD-LeaderElection27] INFO  segmented.SegmentedRaftLogWorker (SegmentedRaftLogWorker.java:startLogSegment(447)) - c5b52100-b3af-4f34-8186-445655f547f5@group-AB203C3EB5DD-SegmentedRaftLogWorker: Starting segment from index:0
2023-08-25 08:52:12,373 [c5b52100-b3af-4f34-8186-445655f547f5@group-AB203C3EB5DD-SegmentedRaftLogWorker] INFO  segmented.SegmentedRaftLogWorker (SegmentedRaftLogWorker.java:execute(651)) - c5b52100-b3af-4f34-8186-445655f547f5@group-AB203C3EB5DD-SegmentedRaftLogWorker: created new log segment /home/runner/work/ozone/ozone/hadoop-ozone/integration-test/target/test-dir/MiniOzoneClusterImpl-0e3afe45-f4df-41ce-9d76-18b1c152426f/datanode-3/data/ratis/31d00607-52f3-4976-8b4d-ab203c3eb5dd/current/log_inprogress_0
2023-08-25 08:52:12,377 [c5b52100-b3af-4f34-8186-445655f547f5@group-AB203C3EB5DD-LeaderElection27] INFO  server.RaftServer$Division (ServerState.java:setRaftConf(434)) - c5b52100-b3af-4f34-8186-445655f547f5@group-AB203C3EB5DD: set configuration 0: peers:[c5b52100-b3af-4f34-8186-445655f547f5|rpc:10.1.0.19:15147|admin:10.1.0.19:15146|client:10.1.0.19:15145|dataStream:10.1.0.19:15148|priority:1|startupRole:FOLLOWER]|listeners:[], old=null
2023-08-25 08:52:12,620 [ReplicationMonitor] INFO  replication.ReplicationManager (ReplicationManager.java:processAll(361)) - Replication Manager is not ready to run until 3000ms after safemode exit
2023-08-25 08:52:12,650 [c349e6d8-44a6-453c-8914-c421dd83a8f7@group-55B547732D1A-FollowerState] INFO  impl.FollowerState (FollowerState.java:run(143)) - c349e6d8-44a6-453c-8914-c421dd83a8f7@group-55B547732D1A-FollowerState: change to CANDIDATE, lastRpcElapsedTime:5152594970ns, electionTimeout:5152ms
2023-08-25 08:52:12,650 [c349e6d8-44a6-453c-8914-c421dd83a8f7@group-55B547732D1A-FollowerState] INFO  impl.RoleInfo (RoleInfo.java:shutdownFollowerState(110)) - c349e6d8-44a6-453c-8914-c421dd83a8f7: shutdown c349e6d8-44a6-453c-8914-c421dd83a8f7@group-55B547732D1A-FollowerState
2023-08-25 08:52:12,650 [c349e6d8-44a6-453c-8914-c421dd83a8f7@group-55B547732D1A-FollowerState] INFO  server.RaftServer$Division (RaftServerImpl.java:setRole(329)) - c349e6d8-44a6-453c-8914-c421dd83a8f7@group-55B547732D1A: changes role from  FOLLOWER to CANDIDATE at term 0 for changeToCandidate
2023-08-25 08:52:12,650 [c349e6d8-44a6-453c-8914-c421dd83a8f7@group-55B547732D1A-FollowerState] INFO  server.RaftServerConfigKeys (ConfUtils.java:logGet(46)) - raft.server.leaderelection.pre-vote = true (default)
2023-08-25 08:52:12,650 [c349e6d8-44a6-453c-8914-c421dd83a8f7@group-55B547732D1A-FollowerState] INFO  impl.RoleInfo (RoleInfo.java:updateAndGet(139)) - c349e6d8-44a6-453c-8914-c421dd83a8f7: start c349e6d8-44a6-453c-8914-c421dd83a8f7@group-55B547732D1A-LeaderElection28
2023-08-25 08:52:12,653 [c349e6d8-44a6-453c-8914-c421dd83a8f7@group-55B547732D1A-LeaderElection28] INFO  impl.LeaderElection (LeaderElection.java:askForVotes(321)) - c349e6d8-44a6-453c-8914-c421dd83a8f7@group-55B547732D1A-LeaderElection28 PRE_VOTE round 0: submit vote requests at term 0 for -1: peers:[c349e6d8-44a6-453c-8914-c421dd83a8f7|rpc:10.1.0.19:15156|admin:10.1.0.19:15155|client:10.1.0.19:15154|dataStream:10.1.0.19:15157|priority:1|startupRole:FOLLOWER]|listeners:[], old=null
2023-08-25 08:52:12,653 [c349e6d8-44a6-453c-8914-c421dd83a8f7@group-55B547732D1A-LeaderElection28] INFO  impl.LeaderElection (LeaderElection.java:askForVotes(323)) - c349e6d8-44a6-453c-8914-c421dd83a8f7@group-55B547732D1A-LeaderElection28 PRE_VOTE round 0: result PASSED (term=0)
2023-08-25 08:52:12,655 [c349e6d8-44a6-453c-8914-c421dd83a8f7@group-55B547732D1A-LeaderElection28] INFO  impl.LeaderElection (LeaderElection.java:askForVotes(321)) - c349e6d8-44a6-453c-8914-c421dd83a8f7@group-55B547732D1A-LeaderElection28 ELECTION round 0: submit vote requests at term 1 for -1: peers:[c349e6d8-44a6-453c-8914-c421dd83a8f7|rpc:10.1.0.19:15156|admin:10.1.0.19:15155|client:10.1.0.19:15154|dataStream:10.1.0.19:15157|priority:1|startupRole:FOLLOWER]|listeners:[], old=null
2023-08-25 08:52:12,655 [c349e6d8-44a6-453c-8914-c421dd83a8f7@group-55B547732D1A-LeaderElection28] INFO  impl.LeaderElection (LeaderElection.java:askForVotes(323)) - c349e6d8-44a6-453c-8914-c421dd83a8f7@group-55B547732D1A-LeaderElection28 ELECTION round 0: result PASSED (term=1)
2023-08-25 08:52:12,655 [c349e6d8-44a6-453c-8914-c421dd83a8f7@group-55B547732D1A-LeaderElection28] INFO  impl.RoleInfo (RoleInfo.java:shutdownLeaderElection(130)) - c349e6d8-44a6-453c-8914-c421dd83a8f7: shutdown c349e6d8-44a6-453c-8914-c421dd83a8f7@group-55B547732D1A-LeaderElection28
2023-08-25 08:52:12,655 [c349e6d8-44a6-453c-8914-c421dd83a8f7@group-55B547732D1A-LeaderElection28] INFO  server.RaftServer$Division (RaftServerImpl.java:setRole(329)) - c349e6d8-44a6-453c-8914-c421dd83a8f7@group-55B547732D1A: changes role from CANDIDATE to LEADER at term 1 for changeToLeader
2023-08-25 08:52:12,655 [c349e6d8-44a6-453c-8914-c421dd83a8f7@group-55B547732D1A-LeaderElection28] INFO  ratis.XceiverServerRatis (XceiverServerRatis.java:handleLeaderChangedNotification(902)) - Leader change notification received for group: group-55B547732D1A with new leaderId: c349e6d8-44a6-453c-8914-c421dd83a8f7
2023-08-25 08:52:12,655 [c349e6d8-44a6-453c-8914-c421dd83a8f7@group-55B547732D1A-LeaderElection28] INFO  server.RaftServer$Division (ServerState.java:setLeader(317)) - c349e6d8-44a6-453c-8914-c421dd83a8f7@group-55B547732D1A: change Leader from null to c349e6d8-44a6-453c-8914-c421dd83a8f7 at term 1 for becomeLeader, leader elected after 5173ms
2023-08-25 08:52:12,656 [c349e6d8-44a6-453c-8914-c421dd83a8f7@group-55B547732D1A-LeaderElection28] INFO  server.RaftServerConfigKeys (ConfUtils.java:logGet(46)) - raft.server.staging.catchup.gap = 1000 (default)
2023-08-25 08:52:12,656 [c349e6d8-44a6-453c-8914-c421dd83a8f7@group-55B547732D1A-LeaderElection28] INFO  server.RaftServerConfigKeys (ConfUtils.java:logGet(46)) - raft.server.write.element-limit = 1024 (custom)
2023-08-25 08:52:12,656 [c349e6d8-44a6-453c-8914-c421dd83a8f7@group-55B547732D1A-LeaderElection28] INFO  server.RaftServerConfigKeys (ConfUtils.java:logGet(46)) - raft.server.write.byte-limit = 1024 M (=1073741824) (custom)
2023-08-25 08:52:12,657 [c349e6d8-44a6-453c-8914-c421dd83a8f7@group-55B547732D1A-LeaderElection28] INFO  server.RaftServerConfigKeys (ConfUtils.java:logGet(46)) - raft.server.watch.timeout = 180s (custom)
2023-08-25 08:52:12,657 [c349e6d8-44a6-453c-8914-c421dd83a8f7@group-55B547732D1A-LeaderElection28] INFO  server.RaftServerConfigKeys (ConfUtils.java:logGet(46)) - raft.server.watch.timeout.denomination = 1s (default)
2023-08-25 08:52:12,658 [c349e6d8-44a6-453c-8914-c421dd83a8f7@group-55B547732D1A-LeaderElection28] INFO  server.RaftServerConfigKeys (ConfUtils.java:logGet(46)) - raft.server.watch.element-limit = 65536 (default)
2023-08-25 08:52:12,658 [c349e6d8-44a6-453c-8914-c421dd83a8f7@group-55B547732D1A-LeaderElection28] INFO  server.RaftServerConfigKeys (ConfUtils.java:logGet(46)) - raft.server.write.element-limit = 1024 (custom)
2023-08-25 08:52:12,658 [c349e6d8-44a6-453c-8914-c421dd83a8f7@group-55B547732D1A-LeaderElection28] INFO  server.RaftServerConfigKeys (ConfUtils.java:logGet(46)) - raft.server.write.follower.gap.ratio.max = -1.0 (default)
2023-08-25 08:52:12,658 [c349e6d8-44a6-453c-8914-c421dd83a8f7@group-55B547732D1A-LeaderElection28] INFO  impl.RoleInfo (RoleInfo.java:updateAndGet(139)) - c349e6d8-44a6-453c-8914-c421dd83a8f7: start c349e6d8-44a6-453c-8914-c421dd83a8f7@group-55B547732D1A-LeaderStateImpl
2023-08-25 08:52:12,658 [c349e6d8-44a6-453c-8914-c421dd83a8f7@group-55B547732D1A-LeaderElection28] INFO  segmented.SegmentedRaftLogWorker (SegmentedRaftLogWorker.java:startLogSegment(447)) - c349e6d8-44a6-453c-8914-c421dd83a8f7@group-55B547732D1A-SegmentedRaftLogWorker: Starting segment from index:0
2023-08-25 08:52:12,661 [c349e6d8-44a6-453c-8914-c421dd83a8f7@group-55B547732D1A-LeaderElection28] INFO  server.RaftServer$Division (ServerState.java:setRaftConf(434)) - c349e6d8-44a6-453c-8914-c421dd83a8f7@group-55B547732D1A: set configuration 0: peers:[c349e6d8-44a6-453c-8914-c421dd83a8f7|rpc:10.1.0.19:15156|admin:10.1.0.19:15155|client:10.1.0.19:15154|dataStream:10.1.0.19:15157|priority:1|startupRole:FOLLOWER]|listeners:[], old=null
2023-08-25 08:52:12,665 [c349e6d8-44a6-453c-8914-c421dd83a8f7@group-55B547732D1A-SegmentedRaftLogWorker] INFO  segmented.SegmentedRaftLogWorker (SegmentedRaftLogWorker.java:execute(651)) - c349e6d8-44a6-453c-8914-c421dd83a8f7@group-55B547732D1A-SegmentedRaftLogWorker: created new log segment /home/runner/work/ozone/ozone/hadoop-ozone/integration-test/target/test-dir/MiniOzoneClusterImpl-0e3afe45-f4df-41ce-9d76-18b1c152426f/datanode-4/data/ratis/b8c75c80-7fc6-4646-87d0-55b547732d1a/current/log_inprogress_0
2023-08-25 08:52:13,620 [ReplicationMonitor] INFO  replication.ReplicationManager (ReplicationManager.java:processAll(361)) - Replication Manager is not ready to run until 3000ms after safemode exit
2023-08-25 08:52:14,620 [ReplicationMonitor] INFO  replication.ReplicationManager (ReplicationManager.java:sendDatanodeCommand(669)) - Sending command [closeContainerCommand: containerID: 1, pipelineID: PipelineID=2f6f0524-8981-4b8b-998d-b69d6eec9027, force: false] for container ContainerInfo{id=#1, state=CLOSING, stateEnterTime=2023-08-25T08:52:11.758Z, pipelineID=PipelineID=2f6f0524-8981-4b8b-998d-b69d6eec9027, owner=om1} to 5d860d7d-438a-4901-b268-bb236ca34e1d(fv-az584-689.msjcyvhqqs1uvpg4fm53wptgqc.jx.internal.cloudapp.net/10.1.0.19) with datanode deadline 1692954104620 and scm deadline 1692954134620
2023-08-25 08:52:14,621 [ReplicationMonitor] INFO  replication.ReplicationManager (ReplicationManager.java:sendDatanodeCommand(669)) - Sending command [closeContainerCommand: containerID: 1, pipelineID: PipelineID=2f6f0524-8981-4b8b-998d-b69d6eec9027, force: false] for container ContainerInfo{id=#1, state=CLOSING, stateEnterTime=2023-08-25T08:52:11.758Z, pipelineID=PipelineID=2f6f0524-8981-4b8b-998d-b69d6eec9027, owner=om1} to 13a37e5a-b376-4d6f-b694-58d1355ff7ca(fv-az584-689.msjcyvhqqs1uvpg4fm53wptgqc.jx.internal.cloudapp.net/10.1.0.19) with datanode deadline 1692954104621 and scm deadline 1692954134621
2023-08-25 08:52:14,621 [ReplicationMonitor] INFO  replication.ReplicationManager (ReplicationManager.java:sendDatanodeCommand(669)) - Sending command [closeContainerCommand: containerID: 1, pipelineID: PipelineID=2f6f0524-8981-4b8b-998d-b69d6eec9027, force: false] for container ContainerInfo{id=#1, state=CLOSING, stateEnterTime=2023-08-25T08:52:11.758Z, pipelineID=PipelineID=2f6f0524-8981-4b8b-998d-b69d6eec9027, owner=om1} to 0b97acf7-1047-49ae-a506-e2d05ab0320a(fv-az584-689.msjcyvhqqs1uvpg4fm53wptgqc.jx.internal.cloudapp.net/10.1.0.19) with datanode deadline 1692954104621 and scm deadline 1692954134621
2023-08-25 08:52:14,621 [ReplicationMonitor] INFO  replication.ReplicationManager (ReplicationManager.java:processAll(389)) - Replication Monitor Thread took 1 milliseconds for processing 1 containers.
2023-08-25 08:52:14,680 [ContainerOp-2f6f0524-8981-4b8b-998d-b69d6eec9027-2] INFO  keyvalue.KeyValueContainer (KeyValueContainer.java:flushAndSyncDB(484)) - Container 1 is synced with bcsId 2.
2023-08-25 08:52:14,680 [ContainerOp-2f6f0524-8981-4b8b-998d-b69d6eec9027-2] INFO  keyvalue.KeyValueContainer (KeyValueContainer.java:flushAndSyncDB(484)) - Container 1 is synced with bcsId 2.
2023-08-25 08:52:14,684 [ContainerOp-2f6f0524-8981-4b8b-998d-b69d6eec9027-2] INFO  keyvalue.KeyValueContainer (KeyValueContainer.java:close(399)) - Container 1 is closed with bcsId 2.
2023-08-25 08:52:14,685 [ContainerOp-2f6f0524-8981-4b8b-998d-b69d6eec9027-2] INFO  keyvalue.KeyValueContainer (KeyValueContainer.java:flushAndSyncDB(484)) - Container 1 is synced with bcsId 2.
2023-08-25 08:52:14,685 [ContainerOp-2f6f0524-8981-4b8b-998d-b69d6eec9027-2] INFO  keyvalue.KeyValueContainer (KeyValueContainer.java:flushAndSyncDB(484)) - Container 1 is synced with bcsId 2.
2023-08-25 08:52:14,687 [ContainerOp-2f6f0524-8981-4b8b-998d-b69d6eec9027-2] INFO  keyvalue.KeyValueContainer (KeyValueContainer.java:close(399)) - Container 1 is closed with bcsId 2.
2023-08-25 08:52:14,691 [FixedThreadPoolWithAffinityExecutor-8-0] INFO  container.IncrementalContainerReportHandler (AbstractContainerReportHandler.java:updateContainerState(312)) - Moving container #1 to CLOSED state, datanode 13a37e5a-b376-4d6f-b694-58d1355ff7ca(fv-az584-689.msjcyvhqqs1uvpg4fm53wptgqc.jx.internal.cloudapp.net/10.1.0.19) reported CLOSED replica with index 0.
2023-08-25 08:52:14,695 [ContainerOp-2f6f0524-8981-4b8b-998d-b69d6eec9027-2] INFO  keyvalue.KeyValueContainer (KeyValueContainer.java:flushAndSyncDB(484)) - Container 1 is synced with bcsId 2.
2023-08-25 08:52:14,695 [ContainerOp-2f6f0524-8981-4b8b-998d-b69d6eec9027-2] INFO  keyvalue.KeyValueContainer (KeyValueContainer.java:flushAndSyncDB(484)) - Container 1 is synced with bcsId 2.
2023-08-25 08:52:14,697 [ContainerOp-2f6f0524-8981-4b8b-998d-b69d6eec9027-2] INFO  keyvalue.KeyValueContainer (KeyValueContainer.java:close(399)) - Container 1 is closed with bcsId 2.
2023-08-25 08:52:14,760 [Time-limited test] INFO  ozoneimpl.OzoneContainer (OzoneContainer.java:stop(451)) - Attempting to stop container services.
2023-08-25 08:52:14,761 [Time-limited test] INFO  server.RaftServer (RaftServerProxy.java:lambda$close$6(416)) - 5d860d7d-438a-4901-b268-bb236ca34e1d: close
2023-08-25 08:52:14,761 [5d860d7d-438a-4901-b268-bb236ca34e1d-impl-thread1] INFO  server.RaftServer$Division (RaftServerImpl.java:lambda$close$4(466)) - 5d860d7d-438a-4901-b268-bb236ca34e1d@group-B69D6EEC9027: shutdown
2023-08-25 08:52:14,761 [5d860d7d-438a-4901-b268-bb236ca34e1d-impl-thread1] INFO  util.JmxRegister (JmxRegister.java:unregister(73)) - Successfully un-registered JMX Bean with object name Ratis:service=RaftServer,group=group-B69D6EEC9027,id=5d860d7d-438a-4901-b268-bb236ca34e1d
2023-08-25 08:52:14,761 [5d860d7d-438a-4901-b268-bb236ca34e1d-impl-thread1] INFO  impl.RoleInfo (RoleInfo.java:shutdownFollowerState(110)) - 5d860d7d-438a-4901-b268-bb236ca34e1d: shutdown 5d860d7d-438a-4901-b268-bb236ca34e1d@group-B69D6EEC9027-FollowerState
2023-08-25 08:52:14,761 [5d860d7d-438a-4901-b268-bb236ca34e1d-impl-thread2] INFO  server.RaftServer$Division (RaftServerImpl.java:lambda$close$4(466)) - 5d860d7d-438a-4901-b268-bb236ca34e1d@group-861FC6D9773E: shutdown
2023-08-25 08:52:14,761 [5d860d7d-438a-4901-b268-bb236ca34e1d-impl-thread2] INFO  util.JmxRegister (JmxRegister.java:unregister(73)) - Successfully un-registered JMX Bean with object name Ratis:service=RaftServer,group=group-861FC6D9773E,id=5d860d7d-438a-4901-b268-bb236ca34e1d
2023-08-25 08:52:14,761 [5d860d7d-438a-4901-b268-bb236ca34e1d-impl-thread2] INFO  impl.RoleInfo (RoleInfo.java:shutdownFollowerState(110)) - 5d860d7d-438a-4901-b268-bb236ca34e1d: shutdown 5d860d7d-438a-4901-b268-bb236ca34e1d@group-861FC6D9773E-FollowerState
2023-08-25 08:52:14,762 [Time-limited test] INFO  server.GrpcService (GrpcService.java:closeImpl(311)) - 5d860d7d-438a-4901-b268-bb236ca34e1d: shutdown server org.apache.ratis.grpc.server.GrpcClientProtocolService now
2023-08-25 08:52:14,762 [5d860d7d-438a-4901-b268-bb236ca34e1d-impl-thread3] INFO  server.RaftServer$Division (RaftServerImpl.java:lambda$close$4(466)) - 5d860d7d-438a-4901-b268-bb236ca34e1d@group-A413331606F7: shutdown
2023-08-25 08:52:14,763 [5d860d7d-438a-4901-b268-bb236ca34e1d-impl-thread3] INFO  util.JmxRegister (JmxRegister.java:unregister(73)) - Successfully un-registered JMX Bean with object name Ratis:service=RaftServer,group=group-A413331606F7,id=5d860d7d-438a-4901-b268-bb236ca34e1d
2023-08-25 08:52:14,763 [5d860d7d-438a-4901-b268-bb236ca34e1d@group-861FC6D9773E-StateMachineUpdater] INFO  ratis.ContainerStateMachine (ContainerStateMachine.java:takeSnapshot(330)) - group-861FC6D9773E: Taking a snapshot at:(t:1, i:0) file /home/runner/work/ozone/ozone/hadoop-ozone/integration-test/target/test-dir/MiniOzoneClusterImpl-0e3afe45-f4df-41ce-9d76-18b1c152426f/datanode-1/data/ratis/02f5b8e0-5f0c-480d-9b87-861fc6d9773e/sm/snapshot.1_0
2023-08-25 08:52:14,762 [5d860d7d-438a-4901-b268-bb236ca34e1d-impl-thread2] INFO  impl.StateMachineUpdater (StateMachineUpdater.java:stopAndJoin(155)) - 5d860d7d-438a-4901-b268-bb236ca34e1d@group-861FC6D9773E-StateMachineUpdater: set stopIndex = 0
2023-08-25 08:52:14,762 [5d860d7d-438a-4901-b268-bb236ca34e1d@group-B69D6EEC9027-StateMachineUpdater] INFO  ratis.ContainerStateMachine (ContainerStateMachine.java:takeSnapshot(330)) - group-B69D6EEC9027: Taking a snapshot at:(t:1, i:5) file /home/runner/work/ozone/ozone/hadoop-ozone/integration-test/target/test-dir/MiniOzoneClusterImpl-0e3afe45-f4df-41ce-9d76-18b1c152426f/datanode-1/data/ratis/2f6f0524-8981-4b8b-998d-b69d6eec9027/sm/snapshot.1_5
2023-08-25 08:52:14,762 [5d860d7d-438a-4901-b268-bb236ca34e1d@group-B69D6EEC9027-FollowerState] INFO  impl.FollowerState (FollowerState.java:run(152)) - 5d860d7d-438a-4901-b268-bb236ca34e1d@group-B69D6EEC9027-FollowerState was interrupted
2023-08-25 08:52:14,762 [5d860d7d-438a-4901-b268-bb236ca34e1d-impl-thread1] INFO  impl.StateMachineUpdater (StateMachineUpdater.java:stopAndJoin(155)) - 5d860d7d-438a-4901-b268-bb236ca34e1d@group-B69D6EEC9027-StateMachineUpdater: set stopIndex = 5
2023-08-25 08:52:14,762 [5d860d7d-438a-4901-b268-bb236ca34e1d@group-861FC6D9773E-FollowerState] INFO  impl.FollowerState (FollowerState.java:run(152)) - 5d860d7d-438a-4901-b268-bb236ca34e1d@group-861FC6D9773E-FollowerState was interrupted
2023-08-25 08:52:14,763 [5d860d7d-438a-4901-b268-bb236ca34e1d-impl-thread3] INFO  impl.RoleInfo (RoleInfo.java:shutdownLeaderState(93)) - 5d860d7d-438a-4901-b268-bb236ca34e1d: shutdown 5d860d7d-438a-4901-b268-bb236ca34e1d@group-A413331606F7-LeaderStateImpl
2023-08-25 08:52:14,763 [5d860d7d-438a-4901-b268-bb236ca34e1d-impl-thread3] INFO  impl.PendingRequests (PendingRequests.java:sendNotLeaderResponses(289)) - 5d860d7d-438a-4901-b268-bb236ca34e1d@group-A413331606F7-PendingRequests: sendNotLeaderResponses
2023-08-25 08:52:14,764 [5d860d7d-438a-4901-b268-bb236ca34e1d-impl-thread3] INFO  impl.StateMachineUpdater (StateMachineUpdater.java:stopAndJoin(155)) - 5d860d7d-438a-4901-b268-bb236ca34e1d@group-A413331606F7-StateMachineUpdater: set stopIndex = 0
2023-08-25 08:52:14,764 [5d860d7d-438a-4901-b268-bb236ca34e1d@group-A413331606F7-StateMachineUpdater] INFO  ratis.ContainerStateMachine (ContainerStateMachine.java:takeSnapshot(330)) - group-A413331606F7: Taking a snapshot at:(t:1, i:0) file /home/runner/work/ozone/ozone/hadoop-ozone/integration-test/target/test-dir/MiniOzoneClusterImpl-0e3afe45-f4df-41ce-9d76-18b1c152426f/datanode-1/data/ratis/e430227b-40c3-48dc-990d-a413331606f7/sm/snapshot.1_0
2023-08-25 08:52:14,765 [5d860d7d-438a-4901-b268-bb236ca34e1d@group-861FC6D9773E-StateMachineUpdater] INFO  ratis.ContainerStateMachine (ContainerStateMachine.java:takeSnapshot(341)) - group-861FC6D9773E: Finished taking a snapshot at:(t:1, i:0) file:/home/runner/work/ozone/ozone/hadoop-ozone/integration-test/target/test-dir/MiniOzoneClusterImpl-0e3afe45-f4df-41ce-9d76-18b1c152426f/datanode-1/data/ratis/02f5b8e0-5f0c-480d-9b87-861fc6d9773e/sm/snapshot.1_0 took: 3 ms
2023-08-25 08:52:14,766 [5d860d7d-438a-4901-b268-bb236ca34e1d@group-861FC6D9773E-StateMachineUpdater] INFO  impl.StateMachineUpdater (StateMachineUpdater.java:takeSnapshot(291)) - 5d860d7d-438a-4901-b268-bb236ca34e1d@group-861FC6D9773E-StateMachineUpdater: Took a snapshot at index 0
2023-08-25 08:52:14,766 [5d860d7d-438a-4901-b268-bb236ca34e1d@group-861FC6D9773E-StateMachineUpdater] INFO  impl.StateMachineUpdater (StateMachineUpdater.java:lambda$new$0(97)) - 5d860d7d-438a-4901-b268-bb236ca34e1d@group-861FC6D9773E-StateMachineUpdater: snapshotIndex: updateIncreasingly -1 -> 0
2023-08-25 08:52:14,766 [Thread-1554] INFO  server.GrpcServerProtocolClient (GrpcServerProtocolClient.java:close(103)) - 13a37e5a-b376-4d6f-b694-58d1355ff7ca Close channels
2023-08-25 08:52:14,767 [5d860d7d-438a-4901-b268-bb236ca34e1d-impl-thread2] INFO  server.RaftServer$Division (ServerState.java:close(472)) - 5d860d7d-438a-4901-b268-bb236ca34e1d@group-861FC6D9773E: closes. applyIndex: 0
2023-08-25 08:52:14,768 [5d860d7d-438a-4901-b268-bb236ca34e1d@group-A413331606F7-StateMachineUpdater] INFO  ratis.ContainerStateMachine (ContainerStateMachine.java:takeSnapshot(341)) - group-A413331606F7: Finished taking a snapshot at:(t:1, i:0) file:/home/runner/work/ozone/ozone/hadoop-ozone/integration-test/target/test-dir/MiniOzoneClusterImpl-0e3afe45-f4df-41ce-9d76-18b1c152426f/datanode-1/data/ratis/e430227b-40c3-48dc-990d-a413331606f7/sm/snapshot.1_0 took: 4 ms
2023-08-25 08:52:14,768 [5d860d7d-438a-4901-b268-bb236ca34e1d@group-A413331606F7-StateMachineUpdater] INFO  impl.StateMachineUpdater (StateMachineUpdater.java:takeSnapshot(291)) - 5d860d7d-438a-4901-b268-bb236ca34e1d@group-A413331606F7-StateMachineUpdater: Took a snapshot at index 0
2023-08-25 08:52:14,768 [5d860d7d-438a-4901-b268-bb236ca34e1d@group-A413331606F7-StateMachineUpdater] INFO  impl.StateMachineUpdater (StateMachineUpdater.java:lambda$new$0(97)) - 5d860d7d-438a-4901-b268-bb236ca34e1d@group-A413331606F7-StateMachineUpdater: snapshotIndex: updateIncreasingly -1 -> 0
2023-08-25 08:52:14,769 [5d860d7d-438a-4901-b268-bb236ca34e1d@group-B69D6EEC9027-StateMachineUpdater] INFO  ratis.ContainerStateMachine (ContainerStateMachine.java:takeSnapshot(341)) - group-B69D6EEC9027: Finished taking a snapshot at:(t:1, i:5) file:/home/runner/work/ozone/ozone/hadoop-ozone/integration-test/target/test-dir/MiniOzoneClusterImpl-0e3afe45-f4df-41ce-9d76-18b1c152426f/datanode-1/data/ratis/2f6f0524-8981-4b8b-998d-b69d6eec9027/sm/snapshot.1_5 took: 6 ms
2023-08-25 08:52:14,769 [5d860d7d-438a-4901-b268-bb236ca34e1d@group-B69D6EEC9027-StateMachineUpdater] INFO  impl.StateMachineUpdater (StateMachineUpdater.java:takeSnapshot(291)) - 5d860d7d-438a-4901-b268-bb236ca34e1d@group-B69D6EEC9027-StateMachineUpdater: Took a snapshot at index 5
2023-08-25 08:52:14,769 [5d860d7d-438a-4901-b268-bb236ca34e1d@group-B69D6EEC9027-StateMachineUpdater] INFO  impl.StateMachineUpdater (StateMachineUpdater.java:lambda$new$0(97)) - 5d860d7d-438a-4901-b268-bb236ca34e1d@group-B69D6EEC9027-StateMachineUpdater: snapshotIndex: updateIncreasingly -1 -> 5
2023-08-25 08:52:14,773 [5d860d7d-438a-4901-b268-bb236ca34e1d-impl-thread1] INFO  server.RaftServer$Division (ServerState.java:close(472)) - 5d860d7d-438a-4901-b268-bb236ca34e1d@group-B69D6EEC9027: closes. applyIndex: 5
2023-08-25 08:52:14,774 [5d860d7d-438a-4901-b268-bb236ca34e1d-impl-thread3] INFO  server.RaftServer$Division (ServerState.java:close(472)) - 5d860d7d-438a-4901-b268-bb236ca34e1d@group-A413331606F7: closes. applyIndex: 0
2023-08-25 08:52:14,775 [Thread-1556] INFO  server.GrpcServerProtocolClient (GrpcServerProtocolClient.java:close(103)) - 0b97acf7-1047-49ae-a506-e2d05ab0320a Close channels
2023-08-25 08:52:14,776 [Time-limited test] INFO  server.GrpcService (GrpcService.java:closeImpl(320)) - 5d860d7d-438a-4901-b268-bb236ca34e1d: shutdown server org.apache.ratis.grpc.server.GrpcClientProtocolService successfully
2023-08-25 08:52:14,776 [Time-limited test] INFO  server.GrpcService (GrpcService.java:closeImpl(311)) - 5d860d7d-438a-4901-b268-bb236ca34e1d: shutdown server GrpcServerProtocolService now
2023-08-25 08:52:14,777 [grpc-default-executor-6] WARN  server.GrpcServerProtocolService (LogUtils.java:warn(122)) - 5d860d7d-438a-4901-b268-bb236ca34e1d: APPEND_ENTRIES onError, lastRequest: null: org.apache.ratis.thirdparty.io.grpc.StatusRuntimeException: CANCELLED: client cancelled
2023-08-25 08:52:14,778 [grpc-default-executor-0] WARN  server.GrpcServerProtocolService (LogUtils.java:warn(122)) - 5d860d7d-438a-4901-b268-bb236ca34e1d: APPEND_ENTRIES onError, lastRequest: 13a37e5a-b376-4d6f-b694-58d1355ff7ca->5d860d7d-438a-4901-b268-bb236ca34e1d#13-t1,previous=(t:1, i:5),leaderCommit=5,initializing? true,entries: size=1, first=(t:1, i:6), METADATAENTRY(c:5): org.apache.ratis.thirdparty.io.grpc.StatusRuntimeException: CANCELLED: client cancelled
2023-08-25 08:52:14,778 [grpc-default-executor-4] WARN  server.GrpcLogAppender (LogUtils.java:warn(122)) - 13a37e5a-b376-4d6f-b694-58d1355ff7ca@group-B69D6EEC9027->5d860d7d-438a-4901-b268-bb236ca34e1d-AppendLogResponseHandler: Failed appendEntries: org.apache.ratis.thirdparty.io.grpc.StatusRuntimeException: CANCELLED: RST_STREAM closed stream. HTTP/2 error code: CANCEL
2023-08-25 08:52:14,779 [grpc-default-executor-4] INFO  leader.FollowerInfo (FollowerInfoImpl.java:lambda$new$0(52)) - 13a37e5a-b376-4d6f-b694-58d1355ff7ca@group-B69D6EEC9027->5d860d7d-438a-4901-b268-bb236ca34e1d: decreaseNextIndex nextIndex: updateUnconditionally 7 -> 6
2023-08-25 08:52:14,779 [grpc-default-executor-4] WARN  server.GrpcServerProtocolService (LogUtils.java:warn(122)) - 5d860d7d-438a-4901-b268-bb236ca34e1d: APPEND_ENTRIES onError, lastRequest: null: org.apache.ratis.thirdparty.io.grpc.StatusRuntimeException: CANCELLED: client cancelled
2023-08-25 08:52:14,780 [Time-limited test] INFO  server.GrpcService (GrpcService.java:closeImpl(320)) - 5d860d7d-438a-4901-b268-bb236ca34e1d: shutdown server GrpcServerProtocolService successfully
2023-08-25 08:52:14,786 [Time-limited test] INFO  server.GrpcService (GrpcService.java:closeImpl(311)) - 5d860d7d-438a-4901-b268-bb236ca34e1d: shutdown server org.apache.ratis.grpc.server.GrpcAdminProtocolService now
2023-08-25 08:52:14,786 [grpc-default-executor-5] WARN  server.GrpcLogAppender (LogUtils.java:warn(122)) - 13a37e5a-b376-4d6f-b694-58d1355ff7ca@group-B69D6EEC9027->5d860d7d-438a-4901-b268-bb236ca34e1d-AppendLogResponseHandler: Failed appendEntries: org.apache.ratis.thirdparty.io.grpc.StatusRuntimeException: CANCELLED: RST_STREAM closed stream. HTTP/2 error code: CANCEL
2023-08-25 08:52:14,788 [grpc-default-executor-5] INFO  leader.FollowerInfo (FollowerInfoImpl.java:lambda$new$0(52)) - 13a37e5a-b376-4d6f-b694-58d1355ff7ca@group-B69D6EEC9027->5d860d7d-438a-4901-b268-bb236ca34e1d: decreaseNextIndex nextIndex: updateUnconditionally 6 -> 5
2023-08-25 08:52:14,786 [grpc-default-executor-10] WARN  server.GrpcLogAppender (LogUtils.java:warn(122)) - 0b97acf7-1047-49ae-a506-e2d05ab0320a@group-861FC6D9773E->5d860d7d-438a-4901-b268-bb236ca34e1d-AppendLogResponseHandler: Failed appendEntries: org.apache.ratis.thirdparty.io.grpc.StatusRuntimeException: CANCELLED: RST_STREAM closed stream. HTTP/2 error code: CANCEL
2023-08-25 08:52:14,789 [grpc-default-executor-10] WARN  server.GrpcLogAppender (GrpcLogAppender.java:resetClient(128)) - 0b97acf7-1047-49ae-a506-e2d05ab0320a@group-861FC6D9773E->5d860d7d-438a-4901-b268-bb236ca34e1d-GrpcLogAppender: Follower failed when matchIndex == 0,  keep nextIndex (1) unchanged and retry.
2023-08-25 08:52:14,790 [grpc-default-executor-8] WARN  server.GrpcServerProtocolService (LogUtils.java:warn(122)) - 5d860d7d-438a-4901-b268-bb236ca34e1d: APPEND_ENTRIES onError, lastRequest: 0b97acf7-1047-49ae-a506-e2d05ab0320a->5d860d7d-438a-4901-b268-bb236ca34e1d#1-t1,previous=(t:0, i:0),leaderCommit=-1,initializing? true,entries: size=1, first=(t:1, i:0), CONFIGURATIONENTRY(current:id: "13a37e5a-b376-4d6f-b694-58d1355ff7ca"
address: "10.1.0.19:15120"
dataStreamAddress: "10.1.0.19:15121"
clientAddress: "10.1.0.19:15118"
adminAddress: "10.1.0.19:15119"
startupRole: FOLLOWER
,id: "5d860d7d-438a-4901-b268-bb236ca34e1d"
address: "10.1.0.19:15129"
dataStreamAddress: "10.1.0.19:15130"
clientAddress: "10.1.0.19:15127"
adminAddress: "10.1.0.19:15128"
startupRole: FOLLOWER
,id: "0b97acf7-1047-49ae-a506-e2d05ab0320a"
address: "10.1.0.19:15138"
priority: 1
dataStreamAddress: "10.1.0.19:15139"
clientAddress: "10.1.0.19:15136"
adminAddress: "10.1.0.19:15137"
startupRole: FOLLOWER
, old:): org.apache.ratis.thirdparty.io.grpc.StatusRuntimeException: CANCELLED: client cancelled
2023-08-25 08:52:14,794 [grpc-default-executor-9] WARN  server.GrpcLogAppender (LogUtils.java:warn(122)) - 0b97acf7-1047-49ae-a506-e2d05ab0320a@group-861FC6D9773E->5d860d7d-438a-4901-b268-bb236ca34e1d-AppendLogResponseHandler: Failed appendEntries: org.apache.ratis.thirdparty.io.grpc.StatusRuntimeException: CANCELLED: RST_STREAM closed stream. HTTP/2 error code: CANCEL
2023-08-25 08:52:14,794 [grpc-default-executor-9] WARN  server.GrpcLogAppender (GrpcLogAppender.java:resetClient(128)) - 0b97acf7-1047-49ae-a506-e2d05ab0320a@group-861FC6D9773E->5d860d7d-438a-4901-b268-bb236ca34e1d-GrpcLogAppender: Follower failed when matchIndex == 0,  keep nextIndex (1) unchanged and retry.
2023-08-25 08:52:14,794 [Time-limited test] INFO  server.GrpcService (GrpcService.java:closeImpl(320)) - 5d860d7d-438a-4901-b268-bb236ca34e1d: shutdown server org.apache.ratis.grpc.server.GrpcAdminProtocolService successfully
2023-08-25 08:52:14,794 [5d860d7d-438a-4901-b268-bb236ca34e1d-NettyServerStreamRpc-bossGroup--thread1] INFO  logging.LoggingHandler (AbstractInternalLogger.java:log(148)) - [id: 0x55919d4a, L:/0:0:0:0:0:0:0:0:15130] CLOSE
2023-08-25 08:52:14,794 [5d860d7d-438a-4901-b268-bb236ca34e1d-NettyServerStreamRpc-bossGroup--thread1] INFO  logging.LoggingHandler (AbstractInternalLogger.java:log(148)) - [id: 0x55919d4a, L:/0:0:0:0:0:0:0:0:15130] INACTIVE
2023-08-25 08:52:14,795 [5d860d7d-438a-4901-b268-bb236ca34e1d-NettyServerStreamRpc-bossGroup--thread1] INFO  logging.LoggingHandler (AbstractInternalLogger.java:log(148)) - [id: 0x55919d4a, L:/0:0:0:0:0:0:0:0:15130] UNREGISTERED
2023-08-25 08:52:15,555 [5d860d7d-438a-4901-b268-bb236ca34e1d-impl-thread3] INFO  segmented.SegmentedRaftLogWorker (SegmentedRaftLogWorker.java:close(252)) - 5d860d7d-438a-4901-b268-bb236ca34e1d@group-A413331606F7-SegmentedRaftLogWorker close()
2023-08-25 08:52:15,558 [5d860d7d-438a-4901-b268-bb236ca34e1d-impl-thread2] INFO  segmented.SegmentedRaftLogWorker (SegmentedRaftLogWorker.java:close(252)) - 5d860d7d-438a-4901-b268-bb236ca34e1d@group-861FC6D9773E-SegmentedRaftLogWorker close()
2023-08-25 08:52:15,621 [ReplicationMonitor] INFO  replication.ReplicationManager (ReplicationManager.java:processAll(389)) - Replication Monitor Thread took 0 milliseconds for processing 1 containers.
2023-08-25 08:52:15,681 [5d860d7d-438a-4901-b268-bb236ca34e1d-impl-thread1] INFO  segmented.SegmentedRaftLogWorker (SegmentedRaftLogWorker.java:close(252)) - 5d860d7d-438a-4901-b268-bb236ca34e1d@group-B69D6EEC9027-SegmentedRaftLogWorker close()
2023-08-25 08:52:15,683 [JvmPauseMonitor17] INFO  util.JvmPauseMonitor (JvmPauseMonitor.java:run(109)) - JvmPauseMonitor-5d860d7d-438a-4901-b268-bb236ca34e1d: Stopped
2023-08-25 08:52:16,586 [grpc-default-executor-8] WARN  server.GrpcLogAppender (LogUtils.java:warn(122)) - 0b97acf7-1047-49ae-a506-e2d05ab0320a@group-861FC6D9773E->5d860d7d-438a-4901-b268-bb236ca34e1d-AppendLogResponseHandler: Failed appendEntries: org.apache.ratis.thirdparty.io.grpc.StatusRuntimeException: UNAVAILABLE: io exception
2023-08-25 08:52:16,587 [grpc-default-executor-8] WARN  server.GrpcLogAppender (GrpcLogAppender.java:resetClient(128)) - 0b97acf7-1047-49ae-a506-e2d05ab0320a@group-861FC6D9773E->5d860d7d-438a-4901-b268-bb236ca34e1d-GrpcLogAppender: Follower failed when matchIndex == 0,  keep nextIndex (1) unchanged and retry.
2023-08-25 08:52:16,589 [grpc-default-executor-8] WARN  server.GrpcLogAppender (LogUtils.java:warn(122)) - 0b97acf7-1047-49ae-a506-e2d05ab0320a@group-861FC6D9773E->5d860d7d-438a-4901-b268-bb236ca34e1d-AppendLogResponseHandler: Failed appendEntries: org.apache.ratis.thirdparty.io.grpc.StatusRuntimeException: UNAVAILABLE: io exception
2023-08-25 08:52:16,590 [grpc-default-executor-8] WARN  server.GrpcLogAppender (GrpcLogAppender.java:resetClient(128)) - 0b97acf7-1047-49ae-a506-e2d05ab0320a@group-861FC6D9773E->5d860d7d-438a-4901-b268-bb236ca34e1d-GrpcLogAppender: Follower failed when matchIndex == 0,  keep nextIndex (1) unchanged and retry.
2023-08-25 08:52:16,622 [ReplicationMonitor] INFO  replication.ReplicationManager (ReplicationManager.java:processAll(389)) - Replication Monitor Thread took 0 milliseconds for processing 1 containers.
2023-08-25 08:52:17,185 [grpc-default-executor-10] WARN  server.GrpcLogAppender (LogUtils.java:warn(122)) - 13a37e5a-b376-4d6f-b694-58d1355ff7ca@group-B69D6EEC9027->5d860d7d-438a-4901-b268-bb236ca34e1d-AppendLogResponseHandler: Failed appendEntries: org.apache.ratis.thirdparty.io.grpc.StatusRuntimeException: UNAVAILABLE: io exception
2023-08-25 08:52:17,185 [grpc-default-executor-10] INFO  leader.FollowerInfo (FollowerInfoImpl.java:lambda$new$0(52)) - 13a37e5a-b376-4d6f-b694-58d1355ff7ca@group-B69D6EEC9027->5d860d7d-438a-4901-b268-bb236ca34e1d: decreaseNextIndex nextIndex: updateUnconditionally 5 -> 4
2023-08-25 08:52:17,185 [grpc-default-executor-8] WARN  server.GrpcLogAppender (LogUtils.java:warn(122)) - 13a37e5a-b376-4d6f-b694-58d1355ff7ca@group-B69D6EEC9027->5d860d7d-438a-4901-b268-bb236ca34e1d-AppendLogResponseHandler: Failed appendEntries: org.apache.ratis.thirdparty.io.grpc.StatusRuntimeException: UNAVAILABLE: io exception
2023-08-25 08:52:17,186 [grpc-default-executor-8] INFO  leader.FollowerInfo (FollowerInfoImpl.java:lambda$new$0(52)) - 13a37e5a-b376-4d6f-b694-58d1355ff7ca@group-B69D6EEC9027->5d860d7d-438a-4901-b268-bb236ca34e1d: decreaseNextIndex nextIndex: updateUnconditionally 4 -> 3
2023-08-25 08:52:17,192 [grpc-default-executor-8] WARN  server.GrpcLogAppender (LogUtils.java:warn(122)) - 13a37e5a-b376-4d6f-b694-58d1355ff7ca@group-B69D6EEC9027->5d860d7d-438a-4901-b268-bb236ca34e1d-AppendLogResponseHandler: Failed appendEntries: org.apache.ratis.thirdparty.io.grpc.StatusRuntimeException: UNAVAILABLE: io exception
2023-08-25 08:52:17,192 [grpc-default-executor-10] WARN  server.GrpcLogAppender (LogUtils.java:warn(122)) - 13a37e5a-b376-4d6f-b694-58d1355ff7ca@group-B69D6EEC9027->5d860d7d-438a-4901-b268-bb236ca34e1d-AppendLogResponseHandler: Failed appendEntries: org.apache.ratis.thirdparty.io.grpc.StatusRuntimeException: UNAVAILABLE: io exception
2023-08-25 08:52:17,192 [grpc-default-executor-8] INFO  leader.FollowerInfo (FollowerInfoImpl.java:lambda$new$0(52)) - 13a37e5a-b376-4d6f-b694-58d1355ff7ca@group-B69D6EEC9027->5d860d7d-438a-4901-b268-bb236ca34e1d: decreaseNextIndex nextIndex: updateUnconditionally 4 -> 3
2023-08-25 08:52:17,193 [grpc-default-executor-10] INFO  leader.FollowerInfo (FollowerInfoImpl.java:lambda$new$0(52)) - 13a37e5a-b376-4d6f-b694-58d1355ff7ca@group-B69D6EEC9027->5d860d7d-438a-4901-b268-bb236ca34e1d: decreaseNextIndex nextIndex: updateUnconditionally 3 -> 2
2023-08-25 08:52:17,194 [grpc-default-executor-10] WARN  server.GrpcLogAppender (LogUtils.java:warn(122)) - 13a37e5a-b376-4d6f-b694-58d1355ff7ca@group-B69D6EEC9027->5d860d7d-438a-4901-b268-bb236ca34e1d-AppendLogResponseHandler: Failed appendEntries: org.apache.ratis.thirdparty.io.grpc.StatusRuntimeException: UNAVAILABLE: io exception
2023-08-25 08:52:17,195 [grpc-default-executor-10] INFO  leader.FollowerInfo (FollowerInfoImpl.java:lambda$new$0(52)) - 13a37e5a-b376-4d6f-b694-58d1355ff7ca@group-B69D6EEC9027->5d860d7d-438a-4901-b268-bb236ca34e1d: decreaseNextIndex nextIndex: updateUnconditionally 3 -> 2
2023-08-25 08:52:17,195 [grpc-default-executor-9] WARN  server.GrpcLogAppender (LogUtils.java:warn(122)) - 13a37e5a-b376-4d6f-b694-58d1355ff7ca@group-B69D6EEC9027->5d860d7d-438a-4901-b268-bb236ca34e1d-AppendLogResponseHandler: Failed appendEntries: org.apache.ratis.thirdparty.io.grpc.StatusRuntimeException: UNAVAILABLE: io exception
2023-08-25 08:52:17,196 [grpc-default-executor-9] INFO  leader.FollowerInfo (FollowerInfoImpl.java:lambda$new$0(52)) - 13a37e5a-b376-4d6f-b694-58d1355ff7ca@group-B69D6EEC9027->5d860d7d-438a-4901-b268-bb236ca34e1d: decreaseNextIndex nextIndex: updateUnconditionally 2 -> 1
2023-08-25 08:52:17,623 [ReplicationMonitor] INFO  replication.ReplicationManager (ReplicationManager.java:processAll(389)) - Replication Monitor Thread took 1 milliseconds for processing 1 containers.
2023-08-25 08:52:17,698 [Time-limited test] INFO  utils.DatanodeStoreCache (DatanodeStoreCache.java:shutdownCache(110)) - Skip clearing cache in mini cluster mode. Entries left: [/home/runner/work/ozone/ozone/hadoop-ozone/integration-test/target/test-dir/MiniOzoneClusterImpl-0e3afe45-f4df-41ce-9d76-18b1c152426f/datanode-0/data-0/containers/hdds/0e3afe45-f4df-41ce-9d76-18b1c152426f/DS-e1fbb54a-879c-4bb8-baa8-99e8eeab03ca/container.db, /home/runner/work/ozone/ozone/hadoop-ozone/integration-test/target/test-dir/MiniOzoneClusterImpl-0e3afe45-f4df-41ce-9d76-18b1c152426f/datanode-1/data-0/containers/hdds/0e3afe45-f4df-41ce-9d76-18b1c152426f/DS-f6fa05d3-820d-4f0d-9c3c-a390892c694e/container.db, /home/runner/work/ozone/ozone/hadoop-ozone/integration-test/target/test-dir/MiniOzoneClusterImpl-0e3afe45-f4df-41ce-9d76-18b1c152426f/datanode-2/data-0/containers/hdds/0e3afe45-f4df-41ce-9d76-18b1c152426f/DS-1a0d3725-bb27-482b-b05d-4dd6b8fb8ac4/container.db, /home/runner/work/ozone/ozone/hadoop-ozone/integration-test/target/test-dir/MiniOzoneClusterImpl-0e3afe45-f4df-41ce-9d76-18b1c152426f/datanode-3/data-0/containers/hdds/0e3afe45-f4df-41ce-9d76-18b1c152426f/DS-709b145c-aeb4-4a7e-9f38-a94944b3e46e/container.db, /home/runner/work/ozone/ozone/hadoop-ozone/integration-test/target/test-dir/MiniOzoneClusterImpl-0e3afe45-f4df-41ce-9d76-18b1c152426f/datanode-4/data-0/containers/hdds/0e3afe45-f4df-41ce-9d76-18b1c152426f/DS-aa3a4776-c89c-4ea0-b10e-7db98befcf83/container.db]
2023-08-25 08:52:17,707 [Time-limited test] INFO  utils.DatanodeStoreCache (DatanodeStoreCache.java:removeDB(104)) - Removed db /home/runner/work/ozone/ozone/hadoop-ozone/integration-test/target/test-dir/MiniOzoneClusterImpl-0e3afe45-f4df-41ce-9d76-18b1c152426f/datanode-1/data-0/containers/hdds/0e3afe45-f4df-41ce-9d76-18b1c152426f/DS-f6fa05d3-820d-4f0d-9c3c-a390892c694e/container.db from cache
2023-08-25 08:52:17,707 [Time-limited test] INFO  volume.HddsVolume (HddsVolume.java:closeDbStore(453)) - SchemaV3 db is stopped at /home/runner/work/ozone/ozone/hadoop-ozone/integration-test/target/test-dir/MiniOzoneClusterImpl-0e3afe45-f4df-41ce-9d76-18b1c152426f/datanode-1/data-0/containers/hdds/0e3afe45-f4df-41ce-9d76-18b1c152426f/DS-f6fa05d3-820d-4f0d-9c3c-a390892c694e/container.db for volume DS-f6fa05d3-820d-4f0d-9c3c-a390892c694e
2023-08-25 08:52:17,708 [Time-limited test] INFO  utils.BackgroundService (BackgroundService.java:shutdown(141)) - Shutting down service BlockDeletingService
2023-08-25 08:52:17,708 [Time-limited test] INFO  utils.BackgroundService (BackgroundService.java:shutdown(141)) - Shutting down service StaleRecoveringContainerScrubbingService
2023-08-25 08:52:17,708 [Time-limited test] INFO  statemachine.DatanodeStateMachine (DatanodeStateMachine.java:stopDaemon(620)) - Ozone container server stopped.
2023-08-25 08:52:17,720 [Time-limited test] INFO  handler.ContextHandler (ContextHandler.java:doStop(1159)) - Stopped o.e.j.w.WebAppContext@220915d8{hddsDatanode,/,null,STOPPED}{jar:file:/home/runner/.m2/repository/org/apache/ozone/hdds-container-service/1.4.0-SNAPSHOT/hdds-container-service-1.4.0-SNAPSHOT.jar!/webapps/hddsDatanode}
2023-08-25 08:52:17,721 [Time-limited test] INFO  server.AbstractConnector (AbstractConnector.java:doStop(383)) - Stopped ServerConnector@31bf6995{HTTP/1.1, (http/1.1)}{0.0.0.0:15124}
2023-08-25 08:52:17,721 [Time-limited test] INFO  server.session (HouseKeeper.java:stopScavenging(149)) - node0 Stopped scavenging
2023-08-25 08:52:17,721 [Time-limited test] INFO  handler.ContextHandler (ContextHandler.java:doStop(1159)) - Stopped o.e.j.s.ServletContextHandler@32b593db{static,/static,jar:file:/home/runner/.m2/repository/org/apache/ozone/hdds-container-service/1.4.0-SNAPSHOT/hdds-container-service-1.4.0-SNAPSHOT.jar!/webapps/static,STOPPED}
2023-08-25 08:52:17,721 [Time-limited test] INFO  handler.ContextHandler (ContextHandler.java:doStop(1159)) - Stopped o.e.j.s.ServletContextHandler@1652a5e9{logs,/logs,file:///home/runner/work/ozone/ozone/hadoop-ozone/integration-test/target/log,STOPPED}
2023-08-25 08:52:17,722 [Time-limited test] INFO  ozone.HddsDatanodeClientProtocolServer (HddsDatanodeClientProtocolServer.java:stop(78)) - Stopping the RPC server for Client Protocol
2023-08-25 08:52:17,722 [Time-limited test] INFO  ipc.Server (Server.java:stop(3523)) - Stopping server on 15125
2023-08-25 08:52:17,726 [IPC Server listener on 15125] INFO  ipc.Server (Server.java:run(1434)) - Stopping IPC Server listener on 15125
2023-08-25 08:52:17,727 [IPC Server Responder] INFO  ipc.Server (Server.java:run(1567)) - Stopping IPC Server Responder
2023-08-25 08:52:17,728 [Time-limited test] INFO  container.TestHelper (TestHelper.java:countReplicas(423)) - Container 1 has 3 replicas on [0b97acf7-1047-49ae-a506-e2d05ab0320a, 13a37e5a-b376-4d6f-b694-58d1355ff7ca, 5d860d7d-438a-4901-b268-bb236ca34e1d]
2023-08-25 08:52:17,777 [EventQueue-StaleNodeForStaleNodeHandler] INFO  node.StaleNodeHandler (StaleNodeHandler.java:onMessage(58)) - Datanode 5d860d7d-438a-4901-b268-bb236ca34e1d(fv-az584-689.msjcyvhqqs1uvpg4fm53wptgqc.jx.internal.cloudapp.net/10.1.0.19) moved to stale state. Finalizing its pipelines [PipelineID=2f6f0524-8981-4b8b-998d-b69d6eec9027, PipelineID=e430227b-40c3-48dc-990d-a413331606f7, PipelineID=02f5b8e0-5f0c-480d-9b87-861fc6d9773e]
2023-08-25 08:52:17,778 [EventQueue-StaleNodeForStaleNodeHandler] INFO  pipeline.PipelineManagerImpl (PipelineManagerImpl.java:closePipeline(529)) - Pipeline Pipeline[ Id: 2f6f0524-8981-4b8b-998d-b69d6eec9027, Nodes: 5d860d7d-438a-4901-b268-bb236ca34e1d(fv-az584-689.msjcyvhqqs1uvpg4fm53wptgqc.jx.internal.cloudapp.net/10.1.0.19)0b97acf7-1047-49ae-a506-e2d05ab0320a(fv-az584-689.msjcyvhqqs1uvpg4fm53wptgqc.jx.internal.cloudapp.net/10.1.0.19)13a37e5a-b376-4d6f-b694-58d1355ff7ca(fv-az584-689.msjcyvhqqs1uvpg4fm53wptgqc.jx.internal.cloudapp.net/10.1.0.19), ReplicationConfig: RATIS/THREE, State:OPEN, leaderId:13a37e5a-b376-4d6f-b694-58d1355ff7ca, CreationTimestamp2023-08-25T08:52:03.800Z[Etc/UTC]] moved to CLOSED state
2023-08-25 08:52:17,780 [EventQueue-StaleNodeForStaleNodeHandler] INFO  pipeline.PipelineManagerImpl (PipelineManagerImpl.java:closePipeline(529)) - Pipeline Pipeline[ Id: e430227b-40c3-48dc-990d-a413331606f7, Nodes: 5d860d7d-438a-4901-b268-bb236ca34e1d(fv-az584-689.msjcyvhqqs1uvpg4fm53wptgqc.jx.internal.cloudapp.net/10.1.0.19), ReplicationConfig: RATIS/ONE, State:OPEN, leaderId:5d860d7d-438a-4901-b268-bb236ca34e1d, CreationTimestamp2023-08-25T08:52:03.467Z[Etc/UTC]] moved to CLOSED state
2023-08-25 08:52:17,781 [EventQueue-StaleNodeForStaleNodeHandler] INFO  pipeline.PipelineManagerImpl (PipelineManagerImpl.java:closePipeline(529)) - Pipeline Pipeline[ Id: 02f5b8e0-5f0c-480d-9b87-861fc6d9773e, Nodes: 13a37e5a-b376-4d6f-b694-58d1355ff7ca(fv-az584-689.msjcyvhqqs1uvpg4fm53wptgqc.jx.internal.cloudapp.net/10.1.0.19)0b97acf7-1047-49ae-a506-e2d05ab0320a(fv-az584-689.msjcyvhqqs1uvpg4fm53wptgqc.jx.internal.cloudapp.net/10.1.0.19)5d860d7d-438a-4901-b268-bb236ca34e1d(fv-az584-689.msjcyvhqqs1uvpg4fm53wptgqc.jx.internal.cloudapp.net/10.1.0.19), ReplicationConfig: RATIS/THREE, State:OPEN, leaderId:0b97acf7-1047-49ae-a506-e2d05ab0320a, CreationTimestamp2023-08-25T08:52:03.801Z[Etc/UTC]] moved to CLOSED state
2023-08-25 08:52:17,834 [grpc-default-executor-9] WARN  server.GrpcLogAppender (LogUtils.java:warn(122)) - 0b97acf7-1047-49ae-a506-e2d05ab0320a@group-861FC6D9773E->5d860d7d-438a-4901-b268-bb236ca34e1d-AppendLogResponseHandler: Failed appendEntries: org.apache.ratis.thirdparty.io.grpc.StatusRuntimeException: UNAVAILABLE: io exception
2023-08-25 08:52:17,835 [grpc-default-executor-9] WARN  server.GrpcLogAppender (GrpcLogAppender.java:resetClient(128)) - 0b97acf7-1047-49ae-a506-e2d05ab0320a@group-861FC6D9773E->5d860d7d-438a-4901-b268-bb236ca34e1d-GrpcLogAppender: Follower failed when matchIndex == 0,  keep nextIndex (1) unchanged and retry.
2023-08-25 08:52:17,835 [grpc-default-executor-10] WARN  server.GrpcLogAppender (LogUtils.java:warn(122)) - 0b97acf7-1047-49ae-a506-e2d05ab0320a@group-861FC6D9773E->5d860d7d-438a-4901-b268-bb236ca34e1d-AppendLogResponseHandler: Failed appendEntries: org.apache.ratis.thirdparty.io.grpc.StatusRuntimeException: UNAVAILABLE: io exception
2023-08-25 08:52:17,835 [grpc-default-executor-10] WARN  server.GrpcLogAppender (GrpcLogAppender.java:resetClient(128)) - 0b97acf7-1047-49ae-a506-e2d05ab0320a@group-861FC6D9773E->5d860d7d-438a-4901-b268-bb236ca34e1d-GrpcLogAppender: Follower failed when matchIndex == 0,  keep nextIndex (1) unchanged and retry.
2023-08-25 08:52:18,437 [grpc-default-executor-9] WARN  server.GrpcLogAppender (LogUtils.java:warn(122)) - 13a37e5a-b376-4d6f-b694-58d1355ff7ca@group-B69D6EEC9027->5d860d7d-438a-4901-b268-bb236ca34e1d-AppendLogResponseHandler: Failed appendEntries: org.apache.ratis.thirdparty.io.grpc.StatusRuntimeException: UNAVAILABLE: io exception
2023-08-25 08:52:18,437 [grpc-default-executor-10] WARN  server.GrpcLogAppender (LogUtils.java:warn(122)) - 13a37e5a-b376-4d6f-b694-58d1355ff7ca@group-B69D6EEC9027->5d860d7d-438a-4901-b268-bb236ca34e1d-AppendLogResponseHandler: Failed appendEntries: org.apache.ratis.thirdparty.io.grpc.StatusRuntimeException: UNAVAILABLE: io exception
2023-08-25 08:52:18,438 [grpc-default-executor-9] INFO  leader.FollowerInfo (FollowerInfoImpl.java:lambda$new$0(52)) - 13a37e5a-b376-4d6f-b694-58d1355ff7ca@group-B69D6EEC9027->5d860d7d-438a-4901-b268-bb236ca34e1d: decreaseNextIndex nextIndex: updateUnconditionally 1 -> 0
2023-08-25 08:52:18,444 [grpc-default-executor-10] WARN  server.GrpcLogAppender (LogUtils.java:warn(122)) - 13a37e5a-b376-4d6f-b694-58d1355ff7ca@group-B69D6EEC9027->5d860d7d-438a-4901-b268-bb236ca34e1d-AppendLogResponseHandler: Failed appendEntries: org.apache.ratis.thirdparty.io.grpc.StatusRuntimeException: UNAVAILABLE: io exception
2023-08-25 08:52:18,444 [grpc-default-executor-9] WARN  server.GrpcLogAppender (LogUtils.java:warn(122)) - 13a37e5a-b376-4d6f-b694-58d1355ff7ca@group-B69D6EEC9027->5d860d7d-438a-4901-b268-bb236ca34e1d-AppendLogResponseHandler: Failed appendEntries: org.apache.ratis.thirdparty.io.grpc.StatusRuntimeException: UNAVAILABLE: io exception
2023-08-25 08:52:18,445 [grpc-default-executor-10] INFO  leader.FollowerInfo (FollowerInfoImpl.java:lambda$new$0(52)) - 13a37e5a-b376-4d6f-b694-58d1355ff7ca@group-B69D6EEC9027->5d860d7d-438a-4901-b268-bb236ca34e1d: decreaseNextIndex nextIndex: updateUnconditionally 1 -> 0
2023-08-25 08:52:18,623 [ReplicationMonitor] INFO  replication.ReplicationManager (ReplicationManager.java:processAll(389)) - Replication Monitor Thread took 0 milliseconds for processing 1 containers.
2023-08-25 08:52:18,728 [Time-limited test] INFO  container.TestHelper (TestHelper.java:countReplicas(423)) - Container 1 has 3 replicas on [0b97acf7-1047-49ae-a506-e2d05ab0320a, 13a37e5a-b376-4d6f-b694-58d1355ff7ca, 5d860d7d-438a-4901-b268-bb236ca34e1d]
2023-08-25 08:52:19,085 [grpc-default-executor-10] WARN  server.GrpcLogAppender (LogUtils.java:warn(122)) - 0b97acf7-1047-49ae-a506-e2d05ab0320a@group-861FC6D9773E->5d860d7d-438a-4901-b268-bb236ca34e1d-AppendLogResponseHandler: Failed appendEntries: org.apache.ratis.thirdparty.io.grpc.StatusRuntimeException: UNAVAILABLE: io exception
2023-08-25 08:52:19,086 [grpc-default-executor-10] WARN  server.GrpcLogAppender (GrpcLogAppender.java:resetClient(128)) - 0b97acf7-1047-49ae-a506-e2d05ab0320a@group-861FC6D9773E->5d860d7d-438a-4901-b268-bb236ca34e1d-GrpcLogAppender: Follower failed when matchIndex == 0,  keep nextIndex (1) unchanged and retry.
2023-08-25 08:52:19,086 [grpc-default-executor-9] WARN  server.GrpcLogAppender (LogUtils.java:warn(122)) - 0b97acf7-1047-49ae-a506-e2d05ab0320a@group-861FC6D9773E->5d860d7d-438a-4901-b268-bb236ca34e1d-AppendLogResponseHandler: Failed appendEntries: org.apache.ratis.thirdparty.io.grpc.StatusRuntimeException: UNAVAILABLE: io exception
2023-08-25 08:52:19,086 [grpc-default-executor-9] WARN  server.GrpcLogAppender (GrpcLogAppender.java:resetClient(128)) - 0b97acf7-1047-49ae-a506-e2d05ab0320a@group-861FC6D9773E->5d860d7d-438a-4901-b268-bb236ca34e1d-GrpcLogAppender: Follower failed when matchIndex == 0,  keep nextIndex (1) unchanged and retry.
2023-08-25 08:52:19,624 [ReplicationMonitor] INFO  replication.ReplicationManager (ReplicationManager.java:processAll(389)) - Replication Monitor Thread took 0 milliseconds for processing 1 containers.
2023-08-25 08:52:19,685 [grpc-default-executor-9] WARN  server.GrpcLogAppender (LogUtils.java:warn(122)) - 13a37e5a-b376-4d6f-b694-58d1355ff7ca@group-B69D6EEC9027->5d860d7d-438a-4901-b268-bb236ca34e1d-AppendLogResponseHandler: Failed appendEntries: org.apache.ratis.thirdparty.io.grpc.StatusRuntimeException: UNAVAILABLE: io exception
2023-08-25 08:52:19,686 [grpc-default-executor-10] WARN  server.GrpcLogAppender (LogUtils.java:warn(122)) - 13a37e5a-b376-4d6f-b694-58d1355ff7ca@group-B69D6EEC9027->5d860d7d-438a-4901-b268-bb236ca34e1d-AppendLogResponseHandler: Failed appendEntries: org.apache.ratis.thirdparty.io.grpc.StatusRuntimeException: UNAVAILABLE: io exception
2023-08-25 08:52:19,695 [grpc-default-executor-10] WARN  server.GrpcLogAppender (LogUtils.java:warn(122)) - 13a37e5a-b376-4d6f-b694-58d1355ff7ca@group-B69D6EEC9027->5d860d7d-438a-4901-b268-bb236ca34e1d-AppendLogResponseHandler: Failed appendEntries: org.apache.ratis.thirdparty.io.grpc.StatusRuntimeException: UNAVAILABLE: io exception
2023-08-25 08:52:19,696 [grpc-default-executor-10] INFO  leader.FollowerInfo (FollowerInfoImpl.java:lambda$new$0(52)) - 13a37e5a-b376-4d6f-b694-58d1355ff7ca@group-B69D6EEC9027->5d860d7d-438a-4901-b268-bb236ca34e1d: decreaseNextIndex nextIndex: updateUnconditionally 1 -> 0
2023-08-25 08:52:19,696 [grpc-default-executor-9] WARN  server.GrpcLogAppender (LogUtils.java:warn(122)) - 13a37e5a-b376-4d6f-b694-58d1355ff7ca@group-B69D6EEC9027->5d860d7d-438a-4901-b268-bb236ca34e1d-AppendLogResponseHandler: Failed appendEntries: org.apache.ratis.thirdparty.io.grpc.StatusRuntimeException: UNAVAILABLE: io exception
2023-08-25 08:52:19,730 [Time-limited test] INFO  container.TestHelper (TestHelper.java:countReplicas(423)) - Container 1 has 3 replicas on [0b97acf7-1047-49ae-a506-e2d05ab0320a, 13a37e5a-b376-4d6f-b694-58d1355ff7ca, 5d860d7d-438a-4901-b268-bb236ca34e1d]
2023-08-25 08:52:20,335 [grpc-default-executor-9] WARN  server.GrpcLogAppender (LogUtils.java:warn(122)) - 0b97acf7-1047-49ae-a506-e2d05ab0320a@group-861FC6D9773E->5d860d7d-438a-4901-b268-bb236ca34e1d-AppendLogResponseHandler: Failed appendEntries: org.apache.ratis.thirdparty.io.grpc.StatusRuntimeException: UNAVAILABLE: io exception
2023-08-25 08:52:20,336 [grpc-default-executor-10] WARN  server.GrpcLogAppender (LogUtils.java:warn(122)) - 0b97acf7-1047-49ae-a506-e2d05ab0320a@group-861FC6D9773E->5d860d7d-438a-4901-b268-bb236ca34e1d-AppendLogResponseHandler: Failed appendEntries: org.apache.ratis.thirdparty.io.grpc.StatusRuntimeException: UNAVAILABLE: io exception
2023-08-25 08:52:20,336 [grpc-default-executor-9] WARN  server.GrpcLogAppender (GrpcLogAppender.java:resetClient(128)) - 0b97acf7-1047-49ae-a506-e2d05ab0320a@group-861FC6D9773E->5d860d7d-438a-4901-b268-bb236ca34e1d-GrpcLogAppender: Follower failed when matchIndex == 0,  keep nextIndex (1) unchanged and retry.
2023-08-25 08:52:20,337 [grpc-default-executor-10] WARN  server.GrpcLogAppender (GrpcLogAppender.java:resetClient(128)) - 0b97acf7-1047-49ae-a506-e2d05ab0320a@group-861FC6D9773E->5d860d7d-438a-4901-b268-bb236ca34e1d-GrpcLogAppender: Follower failed when matchIndex == 0,  keep nextIndex (1) unchanged and retry.
2023-08-25 08:52:20,625 [ReplicationMonitor] INFO  replication.ReplicationManager (ReplicationManager.java:processAll(389)) - Replication Monitor Thread took 1 milliseconds for processing 1 containers.
2023-08-25 08:52:20,731 [Time-limited test] INFO  container.TestHelper (TestHelper.java:countReplicas(423)) - Container 1 has 3 replicas on [0b97acf7-1047-49ae-a506-e2d05ab0320a, 13a37e5a-b376-4d6f-b694-58d1355ff7ca, 5d860d7d-438a-4901-b268-bb236ca34e1d]
2023-08-25 08:52:20,782 [EventQueue-DeadNodeForDeadNodeHandler] INFO  node.DeadNodeHandler (DeadNodeHandler.java:onMessage(82)) - A dead datanode is detected. 5d860d7d-438a-4901-b268-bb236ca34e1d(fv-az584-689.msjcyvhqqs1uvpg4fm53wptgqc.jx.internal.cloudapp.net/10.1.0.19)
2023-08-25 08:52:20,782 [EventQueue-DeadNodeForDeadNodeHandler] INFO  pipeline.RatisPipelineProvider (RatisPipelineProvider.java:lambda$close$4(272)) - Send pipeline:PipelineID=2f6f0524-8981-4b8b-998d-b69d6eec9027 close command to datanode 5d860d7d-438a-4901-b268-bb236ca34e1d
2023-08-25 08:52:20,782 [EventQueue-DeadNodeForDeadNodeHandler] INFO  pipeline.RatisPipelineProvider (RatisPipelineProvider.java:lambda$close$4(272)) - Send pipeline:PipelineID=2f6f0524-8981-4b8b-998d-b69d6eec9027 close command to datanode 0b97acf7-1047-49ae-a506-e2d05ab0320a
2023-08-25 08:52:20,782 [EventQueue-DeadNodeForDeadNodeHandler] INFO  pipeline.RatisPipelineProvider (RatisPipelineProvider.java:lambda$close$4(272)) - Send pipeline:PipelineID=2f6f0524-8981-4b8b-998d-b69d6eec9027 close command to datanode 13a37e5a-b376-4d6f-b694-58d1355ff7ca
2023-08-25 08:52:20,785 [EventQueue-DeadNodeForDeadNodeHandler] INFO  pipeline.PipelineManagerImpl (PipelineManagerImpl.java:removePipeline(478)) - Pipeline Pipeline[ Id: 2f6f0524-8981-4b8b-998d-b69d6eec9027, Nodes: 5d860d7d-438a-4901-b268-bb236ca34e1d(fv-az584-689.msjcyvhqqs1uvpg4fm53wptgqc.jx.internal.cloudapp.net/10.1.0.19)0b97acf7-1047-49ae-a506-e2d05ab0320a(fv-az584-689.msjcyvhqqs1uvpg4fm53wptgqc.jx.internal.cloudapp.net/10.1.0.19)13a37e5a-b376-4d6f-b694-58d1355ff7ca(fv-az584-689.msjcyvhqqs1uvpg4fm53wptgqc.jx.internal.cloudapp.net/10.1.0.19), ReplicationConfig: RATIS/THREE, State:CLOSED, leaderId:13a37e5a-b376-4d6f-b694-58d1355ff7ca, CreationTimestamp2023-08-25T08:52:03.800Z[Etc/UTC]] removed.
2023-08-25 08:52:20,785 [EventQueue-DeadNodeForDeadNodeHandler] INFO  pipeline.RatisPipelineProvider (RatisPipelineProvider.java:lambda$close$4(272)) - Send pipeline:PipelineID=e430227b-40c3-48dc-990d-a413331606f7 close command to datanode 5d860d7d-438a-4901-b268-bb236ca34e1d
2023-08-25 08:52:20,786 [EventQueue-DeadNodeForDeadNodeHandler] INFO  pipeline.PipelineManagerImpl (PipelineManagerImpl.java:removePipeline(478)) - Pipeline Pipeline[ Id: e430227b-40c3-48dc-990d-a413331606f7, Nodes: 5d860d7d-438a-4901-b268-bb236ca34e1d(fv-az584-689.msjcyvhqqs1uvpg4fm53wptgqc.jx.internal.cloudapp.net/10.1.0.19), ReplicationConfig: RATIS/ONE, State:CLOSED, leaderId:5d860d7d-438a-4901-b268-bb236ca34e1d, CreationTimestamp2023-08-25T08:52:03.467Z[Etc/UTC]] removed.
2023-08-25 08:52:20,786 [EventQueue-DeadNodeForDeadNodeHandler] INFO  pipeline.RatisPipelineProvider (RatisPipelineProvider.java:lambda$close$4(272)) - Send pipeline:PipelineID=02f5b8e0-5f0c-480d-9b87-861fc6d9773e close command to datanode 13a37e5a-b376-4d6f-b694-58d1355ff7ca
2023-08-25 08:52:20,786 [EventQueue-DeadNodeForDeadNodeHandler] INFO  pipeline.RatisPipelineProvider (RatisPipelineProvider.java:lambda$close$4(272)) - Send pipeline:PipelineID=02f5b8e0-5f0c-480d-9b87-861fc6d9773e close command to datanode 0b97acf7-1047-49ae-a506-e2d05ab0320a
2023-08-25 08:52:20,786 [EventQueue-DeadNodeForDeadNodeHandler] INFO  pipeline.RatisPipelineProvider (RatisPipelineProvider.java:lambda$close$4(272)) - Send pipeline:PipelineID=02f5b8e0-5f0c-480d-9b87-861fc6d9773e close command to datanode 5d860d7d-438a-4901-b268-bb236ca34e1d
2023-08-25 08:52:20,786 [EventQueue-DeadNodeForDeadNodeHandler] INFO  pipeline.PipelineManagerImpl (PipelineManagerImpl.java:removePipeline(478)) - Pipeline Pipeline[ Id: 02f5b8e0-5f0c-480d-9b87-861fc6d9773e, Nodes: 13a37e5a-b376-4d6f-b694-58d1355ff7ca(fv-az584-689.msjcyvhqqs1uvpg4fm53wptgqc.jx.internal.cloudapp.net/10.1.0.19)0b97acf7-1047-49ae-a506-e2d05ab0320a(fv-az584-689.msjcyvhqqs1uvpg4fm53wptgqc.jx.internal.cloudapp.net/10.1.0.19)5d860d7d-438a-4901-b268-bb236ca34e1d(fv-az584-689.msjcyvhqqs1uvpg4fm53wptgqc.jx.internal.cloudapp.net/10.1.0.19), ReplicationConfig: RATIS/THREE, State:CLOSED, leaderId:0b97acf7-1047-49ae-a506-e2d05ab0320a, CreationTimestamp2023-08-25T08:52:03.801Z[Etc/UTC]] removed.
2023-08-25 08:52:20,787 [EventQueue-DeadNodeForDeadNodeHandler] INFO  node.DeadNodeHandler (DeadNodeHandler.java:onMessage(95)) - Clearing command queue of size 3 for DN 5d860d7d-438a-4901-b268-bb236ca34e1d(fv-az584-689.msjcyvhqqs1uvpg4fm53wptgqc.jx.internal.cloudapp.net/10.1.0.19)
2023-08-25 08:52:20,787 [EventQueue-DeadNodeForDeadNodeHandler] INFO  net.NetworkTopologyImpl (NetworkTopologyImpl.java:remove(190)) - Removed a node: /default-rack/5d860d7d-438a-4901-b268-bb236ca34e1d
2023-08-25 08:52:20,936 [grpc-default-executor-10] WARN  server.GrpcLogAppender (LogUtils.java:warn(122)) - 13a37e5a-b376-4d6f-b694-58d1355ff7ca@group-B69D6EEC9027->5d860d7d-438a-4901-b268-bb236ca34e1d-AppendLogResponseHandler: Failed appendEntries: org.apache.ratis.thirdparty.io.grpc.StatusRuntimeException: UNAVAILABLE: io exception
2023-08-25 08:52:20,936 [grpc-default-executor-9] WARN  server.GrpcLogAppender (LogUtils.java:warn(122)) - 13a37e5a-b376-4d6f-b694-58d1355ff7ca@group-B69D6EEC9027->5d860d7d-438a-4901-b268-bb236ca34e1d-AppendLogResponseHandler: Failed appendEntries: org.apache.ratis.thirdparty.io.grpc.StatusRuntimeException: UNAVAILABLE: io exception
2023-08-25 08:52:20,947 [grpc-default-executor-9] WARN  server.GrpcLogAppender (LogUtils.java:warn(122)) - 13a37e5a-b376-4d6f-b694-58d1355ff7ca@group-B69D6EEC9027->5d860d7d-438a-4901-b268-bb236ca34e1d-AppendLogResponseHandler: Failed appendEntries: org.apache.ratis.thirdparty.io.grpc.StatusRuntimeException: UNAVAILABLE: io exception
2023-08-25 08:52:20,948 [grpc-default-executor-9] INFO  leader.FollowerInfo (FollowerInfoImpl.java:lambda$new$0(52)) - 13a37e5a-b376-4d6f-b694-58d1355ff7ca@group-B69D6EEC9027->5d860d7d-438a-4901-b268-bb236ca34e1d: decreaseNextIndex nextIndex: updateUnconditionally 1 -> 0
2023-08-25 08:52:20,948 [grpc-default-executor-10] WARN  server.GrpcLogAppender (LogUtils.java:warn(122)) - 13a37e5a-b376-4d6f-b694-58d1355ff7ca@group-B69D6EEC9027->5d860d7d-438a-4901-b268-bb236ca34e1d-AppendLogResponseHandler: Failed appendEntries: org.apache.ratis.thirdparty.io.grpc.StatusRuntimeException: UNAVAILABLE: io exception
2023-08-25 08:52:21,586 [grpc-default-executor-10] WARN  server.GrpcLogAppender (LogUtils.java:warn(122)) - 0b97acf7-1047-49ae-a506-e2d05ab0320a@group-861FC6D9773E->5d860d7d-438a-4901-b268-bb236ca34e1d-AppendLogResponseHandler: Failed appendEntries: org.apache.ratis.thirdparty.io.grpc.StatusRuntimeException: UNAVAILABLE: io exception
2023-08-25 08:52:21,586 [grpc-default-executor-9] WARN  server.GrpcLogAppender (LogUtils.java:warn(122)) - 0b97acf7-1047-49ae-a506-e2d05ab0320a@group-861FC6D9773E->5d860d7d-438a-4901-b268-bb236ca34e1d-AppendLogResponseHandler: Failed appendEntries: org.apache.ratis.thirdparty.io.grpc.StatusRuntimeException: UNAVAILABLE: io exception
2023-08-25 08:52:21,587 [grpc-default-executor-10] WARN  server.GrpcLogAppender (GrpcLogAppender.java:resetClient(128)) - 0b97acf7-1047-49ae-a506-e2d05ab0320a@group-861FC6D9773E->5d860d7d-438a-4901-b268-bb236ca34e1d-GrpcLogAppender: Follower failed when matchIndex == 0,  keep nextIndex (1) unchanged and retry.
2023-08-25 08:52:21,587 [grpc-default-executor-9] WARN  server.GrpcLogAppender (GrpcLogAppender.java:resetClient(128)) - 0b97acf7-1047-49ae-a506-e2d05ab0320a@group-861FC6D9773E->5d860d7d-438a-4901-b268-bb236ca34e1d-GrpcLogAppender: Follower failed when matchIndex == 0,  keep nextIndex (1) unchanged and retry.
2023-08-25 08:52:21,626 [ReplicationMonitor] INFO  replication.ReplicationManager (ReplicationManager.java:processAll(389)) - Replication Monitor Thread took 0 milliseconds for processing 1 containers.
2023-08-25 08:52:21,731 [Time-limited test] INFO  container.TestHelper (TestHelper.java:countReplicas(423)) - Container 1 has 2 replicas on [0b97acf7-1047-49ae-a506-e2d05ab0320a, 13a37e5a-b376-4d6f-b694-58d1355ff7ca]
2023-08-25 08:52:21,731 [Time-limited test] INFO  container.TestHelper (TestHelper.java:countReplicas(423)) - Container 1 has 2 replicas on [0b97acf7-1047-49ae-a506-e2d05ab0320a, 13a37e5a-b376-4d6f-b694-58d1355ff7ca]
2023-08-25 08:52:22,187 [grpc-default-executor-10] WARN  server.GrpcLogAppender (LogUtils.java:warn(122)) - 13a37e5a-b376-4d6f-b694-58d1355ff7ca@group-B69D6EEC9027->5d860d7d-438a-4901-b268-bb236ca34e1d-AppendLogResponseHandler: Failed appendEntries: org.apache.ratis.thirdparty.io.grpc.StatusRuntimeException: UNAVAILABLE: io exception
2023-08-25 08:52:22,187 [grpc-default-executor-9] WARN  server.GrpcLogAppender (LogUtils.java:warn(122)) - 13a37e5a-b376-4d6f-b694-58d1355ff7ca@group-B69D6EEC9027->5d860d7d-438a-4901-b268-bb236ca34e1d-AppendLogResponseHandler: Failed appendEntries: org.apache.ratis.thirdparty.io.grpc.StatusRuntimeException: UNAVAILABLE: io exception
2023-08-25 08:52:22,198 [grpc-default-executor-9] WARN  server.GrpcLogAppender (LogUtils.java:warn(122)) - 13a37e5a-b376-4d6f-b694-58d1355ff7ca@group-B69D6EEC9027->5d860d7d-438a-4901-b268-bb236ca34e1d-AppendLogResponseHandler: Failed appendEntries: org.apache.ratis.thirdparty.io.grpc.StatusRuntimeException: UNAVAILABLE: io exception
2023-08-25 08:52:22,198 [grpc-default-executor-9] INFO  leader.FollowerInfo (FollowerInfoImpl.java:lambda$new$0(52)) - 13a37e5a-b376-4d6f-b694-58d1355ff7ca@group-B69D6EEC9027->5d860d7d-438a-4901-b268-bb236ca34e1d: decreaseNextIndex nextIndex: updateUnconditionally 1 -> 0
2023-08-25 08:52:22,198 [grpc-default-executor-10] WARN  server.GrpcLogAppender (LogUtils.java:warn(122)) - 13a37e5a-b376-4d6f-b694-58d1355ff7ca@group-B69D6EEC9027->5d860d7d-438a-4901-b268-bb236ca34e1d-AppendLogResponseHandler: Failed appendEntries: org.apache.ratis.thirdparty.io.grpc.StatusRuntimeException: UNAVAILABLE: io exception
2023-08-25 08:52:22,627 [ReplicationMonitor] INFO  replication.ReplicationManager (ReplicationManager.java:processAll(389)) - Replication Monitor Thread took 1 milliseconds for processing 1 containers.
2023-08-25 08:52:22,641 [Under Replicated Processor] INFO  replication.ReplicationManager (ReplicationManager.java:sendDatanodeCommand(669)) - Sending command [replicateContainerCommand: containerId=1, replicaIndex=0, targetNode=c349e6d8-44a6-453c-8914-c421dd83a8f7(fv-az584-689.msjcyvhqqs1uvpg4fm53wptgqc.jx.internal.cloudapp.net/10.1.0.19), priority=NORMAL] for container ContainerInfo{id=#1, state=CLOSED, stateEnterTime=2023-08-25T08:52:14.691Z, pipelineID=PipelineID=2f6f0524-8981-4b8b-998d-b69d6eec9027, owner=om1} to 0b97acf7-1047-49ae-a506-e2d05ab0320a(fv-az584-689.msjcyvhqqs1uvpg4fm53wptgqc.jx.internal.cloudapp.net/10.1.0.19) with datanode deadline 1692954112640 and scm deadline 1692954142640
2023-08-25 08:52:22,641 [Under Replicated Processor] INFO  replication.UnhealthyReplicationProcessor (UnhealthyReplicationProcessor.java:processAll(138)) - Processed 1 containers with health state counts {UNDER_REPLICATED=1}, failed processing 0, deferred due to load 0
2023-08-25 08:52:22,691 [PipelineCommandHandlerThread-0] INFO  server.RaftServer (RaftServerProxy.java:remove(109)) - 13a37e5a-b376-4d6f-b694-58d1355ff7ca: remove    LEADER 13a37e5a-b376-4d6f-b694-58d1355ff7ca@group-B69D6EEC9027:t1, leader=13a37e5a-b376-4d6f-b694-58d1355ff7ca, voted=13a37e5a-b376-4d6f-b694-58d1355ff7ca, raftlog=Memoized:13a37e5a-b376-4d6f-b694-58d1355ff7ca@group-B69D6EEC9027-SegmentedRaftLog:OPENED:c6, conf=0: peers:[13a37e5a-b376-4d6f-b694-58d1355ff7ca|rpc:10.1.0.19:15120|admin:10.1.0.19:15119|client:10.1.0.19:15118|dataStream:10.1.0.19:15121|priority:1|startupRole:FOLLOWER, 5d860d7d-438a-4901-b268-bb236ca34e1d|rpc:10.1.0.19:15129|admin:10.1.0.19:15128|client:10.1.0.19:15127|dataStream:10.1.0.19:15130|priority:0|startupRole:FOLLOWER, 0b97acf7-1047-49ae-a506-e2d05ab0320a|rpc:10.1.0.19:15138|admin:10.1.0.19:15137|client:10.1.0.19:15136|dataStream:10.1.0.19:15139|priority:0|startupRole:FOLLOWER]|listeners:[], old=null RUNNING
2023-08-25 08:52:22,691 [PipelineCommandHandlerThread-0] INFO  server.RaftServer$Division (RaftServerImpl.java:lambda$close$4(466)) - 13a37e5a-b376-4d6f-b694-58d1355ff7ca@group-B69D6EEC9027: shutdown
2023-08-25 08:52:22,691 [PipelineCommandHandlerThread-0] INFO  util.JmxRegister (JmxRegister.java:unregister(73)) - Successfully un-registered JMX Bean with object name Ratis:service=RaftServer,group=group-B69D6EEC9027,id=13a37e5a-b376-4d6f-b694-58d1355ff7ca
2023-08-25 08:52:22,691 [PipelineCommandHandlerThread-0] INFO  impl.RoleInfo (RoleInfo.java:shutdownLeaderState(93)) - 13a37e5a-b376-4d6f-b694-58d1355ff7ca: shutdown 13a37e5a-b376-4d6f-b694-58d1355ff7ca@group-B69D6EEC9027-LeaderStateImpl
2023-08-25 08:52:22,691 [PipelineCommandHandlerThread-0] INFO  impl.PendingRequests (PendingRequests.java:sendNotLeaderResponses(289)) - 13a37e5a-b376-4d6f-b694-58d1355ff7ca@group-B69D6EEC9027-PendingRequests: sendNotLeaderResponses
2023-08-25 08:52:22,692 [13a37e5a-b376-4d6f-b694-58d1355ff7ca@group-B69D6EEC9027->5d860d7d-438a-4901-b268-bb236ca34e1d-GrpcLogAppender-LogAppenderDaemon] WARN  server.GrpcLogAppender (GrpcLogAppender.java:mayWait(199)) - 13a37e5a-b376-4d6f-b694-58d1355ff7ca@group-B69D6EEC9027->5d860d7d-438a-4901-b268-bb236ca34e1d-GrpcLogAppender: Wait interrupted by java.lang.InterruptedException
2023-08-25 08:52:22,692 [13a37e5a-b376-4d6f-b694-58d1355ff7ca@group-B69D6EEC9027->0b97acf7-1047-49ae-a506-e2d05ab0320a-GrpcLogAppender-LogAppenderDaemon] WARN  server.GrpcLogAppender (GrpcLogAppender.java:mayWait(199)) - 13a37e5a-b376-4d6f-b694-58d1355ff7ca@group-B69D6EEC9027->0b97acf7-1047-49ae-a506-e2d05ab0320a-GrpcLogAppender: Wait interrupted by java.lang.InterruptedException
2023-08-25 08:52:22,696 [PipelineCommandHandlerThread-0] INFO  impl.StateMachineUpdater (StateMachineUpdater.java:stopAndJoin(155)) - 13a37e5a-b376-4d6f-b694-58d1355ff7ca@group-B69D6EEC9027-StateMachineUpdater: set stopIndex = 6
2023-08-25 08:52:22,697 [13a37e5a-b376-4d6f-b694-58d1355ff7ca@group-B69D6EEC9027-StateMachineUpdater] INFO  ratis.ContainerStateMachine (ContainerStateMachine.java:takeSnapshot(330)) - group-B69D6EEC9027: Taking a snapshot at:(t:1, i:6) file /home/runner/work/ozone/ozone/hadoop-ozone/integration-test/target/test-dir/MiniOzoneClusterImpl-0e3afe45-f4df-41ce-9d76-18b1c152426f/datanode-0/data/ratis/2f6f0524-8981-4b8b-998d-b69d6eec9027/sm/snapshot.1_6
2023-08-25 08:52:22,699 [grpc-default-executor-8] INFO  server.GrpcServerProtocolService (GrpcServerProtocolService.java:onCompleted(155)) - 0b97acf7-1047-49ae-a506-e2d05ab0320a: Completed APPEND_ENTRIES, lastRequest: 13a37e5a-b376-4d6f-b694-58d1355ff7ca->0b97acf7-1047-49ae-a506-e2d05ab0320a#12-t1,previous=(t:1, i:5),leaderCommit=5,initializing? true,entries: size=1, first=(t:1, i:6), METADATAENTRY(c:5)
2023-08-25 08:52:22,699 [grpc-default-executor-10] INFO  server.GrpcServerProtocolService (GrpcServerProtocolService.java:onCompleted(155)) - 0b97acf7-1047-49ae-a506-e2d05ab0320a: Completed APPEND_ENTRIES, lastRequest: null
2023-08-25 08:52:22,699 [grpc-default-executor-8] INFO  server.GrpcServerProtocolService (GrpcServerProtocolService.java:lambda$onCompleted$5(157)) - 0b97acf7-1047-49ae-a506-e2d05ab0320a: Completed APPEND_ENTRIES, lastReply: null
2023-08-25 08:52:22,700 [grpc-default-executor-10] INFO  server.GrpcServerProtocolService (GrpcServerProtocolService.java:lambda$onCompleted$5(157)) - 0b97acf7-1047-49ae-a506-e2d05ab0320a: Completed APPEND_ENTRIES, lastReply: serverReply {
  requestorId: "13a37e5a-b376-4d6f-b694-58d1355ff7ca"
  replyId: "0b97acf7-1047-49ae-a506-e2d05ab0320a"
  raftGroupId {
    id: "/o\005$\211\201K\213\231\215\266\235n\354\220\'"
  }
  callId: 17
  success: true
}
term: 1
nextIndex: 7
followerCommit: 6
matchIndex: 18446744073709551615
isHearbeat: true

2023-08-25 08:52:22,702 [13a37e5a-b376-4d6f-b694-58d1355ff7ca@group-B69D6EEC9027-StateMachineUpdater] INFO  ratis.ContainerStateMachine (ContainerStateMachine.java:takeSnapshot(341)) - group-B69D6EEC9027: Finished taking a snapshot at:(t:1, i:6) file:/home/runner/work/ozone/ozone/hadoop-ozone/integration-test/target/test-dir/MiniOzoneClusterImpl-0e3afe45-f4df-41ce-9d76-18b1c152426f/datanode-0/data/ratis/2f6f0524-8981-4b8b-998d-b69d6eec9027/sm/snapshot.1_6 took: 5 ms
2023-08-25 08:52:22,703 [13a37e5a-b376-4d6f-b694-58d1355ff7ca@group-B69D6EEC9027-StateMachineUpdater] INFO  impl.StateMachineUpdater (StateMachineUpdater.java:takeSnapshot(291)) - 13a37e5a-b376-4d6f-b694-58d1355ff7ca@group-B69D6EEC9027-StateMachineUpdater: Took a snapshot at index 6
2023-08-25 08:52:22,703 [13a37e5a-b376-4d6f-b694-58d1355ff7ca@group-B69D6EEC9027-StateMachineUpdater] INFO  impl.StateMachineUpdater (StateMachineUpdater.java:lambda$new$0(97)) - 13a37e5a-b376-4d6f-b694-58d1355ff7ca@group-B69D6EEC9027-StateMachineUpdater: snapshotIndex: updateIncreasingly -1 -> 6
2023-08-25 08:52:22,703 [grpc-default-executor-5] INFO  server.GrpcLogAppender (GrpcLogAppender.java:onCompleted(428)) - 13a37e5a-b376-4d6f-b694-58d1355ff7ca@group-B69D6EEC9027->0b97acf7-1047-49ae-a506-e2d05ab0320a-AppendLogResponseHandler: follower responses appendEntries COMPLETED
2023-08-25 08:52:22,703 [grpc-default-executor-5] INFO  leader.FollowerInfo (FollowerInfoImpl.java:lambda$new$0(52)) - 13a37e5a-b376-4d6f-b694-58d1355ff7ca@group-B69D6EEC9027->0b97acf7-1047-49ae-a506-e2d05ab0320a: decreaseNextIndex nextIndex: updateUnconditionally 7 -> 6
2023-08-25 08:52:22,703 [PipelineCommandHandlerThread-0] INFO  server.RaftServer$Division (ServerState.java:close(472)) - 13a37e5a-b376-4d6f-b694-58d1355ff7ca@group-B69D6EEC9027: closes. applyIndex: 6
2023-08-25 08:52:22,707 [grpc-default-executor-5] INFO  server.GrpcLogAppender (GrpcLogAppender.java:onCompleted(428)) - 13a37e5a-b376-4d6f-b694-58d1355ff7ca@group-B69D6EEC9027->0b97acf7-1047-49ae-a506-e2d05ab0320a-AppendLogResponseHandler: follower responses appendEntries COMPLETED
2023-08-25 08:52:22,707 [grpc-default-executor-5] INFO  leader.FollowerInfo (FollowerInfoImpl.java:lambda$new$0(52)) - 13a37e5a-b376-4d6f-b694-58d1355ff7ca@group-B69D6EEC9027->0b97acf7-1047-49ae-a506-e2d05ab0320a: decreaseNextIndex nextIndex: updateUnconditionally 6 -> 5
2023-08-25 08:52:22,732 [Time-limited test] INFO  container.TestHelper (TestHelper.java:countReplicas(423)) - Container 1 has 2 replicas on [0b97acf7-1047-49ae-a506-e2d05ab0320a, 13a37e5a-b376-4d6f-b694-58d1355ff7ca]
2023-08-25 08:52:22,836 [grpc-default-executor-5] WARN  server.GrpcLogAppender (LogUtils.java:warn(122)) - 0b97acf7-1047-49ae-a506-e2d05ab0320a@group-861FC6D9773E->5d860d7d-438a-4901-b268-bb236ca34e1d-AppendLogResponseHandler: Failed appendEntries: org.apache.ratis.thirdparty.io.grpc.StatusRuntimeException: UNAVAILABLE: io exception
2023-08-25 08:52:22,837 [grpc-default-executor-8] WARN  server.GrpcLogAppender (LogUtils.java:warn(122)) - 0b97acf7-1047-49ae-a506-e2d05ab0320a@group-861FC6D9773E->5d860d7d-438a-4901-b268-bb236ca34e1d-AppendLogResponseHandler: Failed appendEntries: org.apache.ratis.thirdparty.io.grpc.StatusRuntimeException: UNAVAILABLE: io exception
2023-08-25 08:52:22,838 [grpc-default-executor-5] WARN  server.GrpcLogAppender (GrpcLogAppender.java:resetClient(128)) - 0b97acf7-1047-49ae-a506-e2d05ab0320a@group-861FC6D9773E->5d860d7d-438a-4901-b268-bb236ca34e1d-GrpcLogAppender: Follower failed when matchIndex == 0,  keep nextIndex (1) unchanged and retry.
2023-08-25 08:52:22,839 [grpc-default-executor-8] WARN  server.GrpcLogAppender (GrpcLogAppender.java:resetClient(128)) - 0b97acf7-1047-49ae-a506-e2d05ab0320a@group-861FC6D9773E->5d860d7d-438a-4901-b268-bb236ca34e1d-GrpcLogAppender: Follower failed when matchIndex == 0,  keep nextIndex (1) unchanged and retry.
2023-08-25 08:52:23,627 [ReplicationMonitor] INFO  replication.ReplicationManager (ReplicationManager.java:processAll(389)) - Replication Monitor Thread took 0 milliseconds for processing 1 containers.
2023-08-25 08:52:23,678 [PipelineCommandHandlerThread-0] INFO  segmented.SegmentedRaftLogWorker (SegmentedRaftLogWorker.java:close(252)) - 13a37e5a-b376-4d6f-b694-58d1355ff7ca@group-B69D6EEC9027-SegmentedRaftLogWorker close()
2023-08-25 08:52:23,680 [PipelineCommandHandlerThread-0] INFO  server.RaftServer$Division (RaftServerImpl.java:groupRemove(436)) - 13a37e5a-b376-4d6f-b694-58d1355ff7ca@group-B69D6EEC9027: Succeed to remove RaftStorageDirectory Storage Directory /home/runner/work/ozone/ozone/hadoop-ozone/integration-test/target/test-dir/MiniOzoneClusterImpl-0e3afe45-f4df-41ce-9d76-18b1c152426f/datanode-0/data/ratis/2f6f0524-8981-4b8b-998d-b69d6eec9027
2023-08-25 08:52:23,680 [PipelineCommandHandlerThread-0] INFO  commandhandler.ClosePipelineCommandHandler (ClosePipelineCommandHandler.java:lambda$handle$0(87)) - Close Pipeline PipelineID=2f6f0524-8981-4b8b-998d-b69d6eec9027 command on datanode 13a37e5a-b376-4d6f-b694-58d1355ff7ca.
2023-08-25 08:52:23,680 [PipelineCommandHandlerThread-0] INFO  server.RaftServer (RaftServerProxy.java:remove(109)) - 13a37e5a-b376-4d6f-b694-58d1355ff7ca: remove  FOLLOWER 13a37e5a-b376-4d6f-b694-58d1355ff7ca@group-861FC6D9773E:t1, leader=0b97acf7-1047-49ae-a506-e2d05ab0320a, voted=0b97acf7-1047-49ae-a506-e2d05ab0320a, raftlog=Memoized:13a37e5a-b376-4d6f-b694-58d1355ff7ca@group-861FC6D9773E-SegmentedRaftLog:OPENED:c0, conf=0: peers:[13a37e5a-b376-4d6f-b694-58d1355ff7ca|rpc:10.1.0.19:15120|admin:10.1.0.19:15119|client:10.1.0.19:15118|dataStream:10.1.0.19:15121|priority:0|startupRole:FOLLOWER, 5d860d7d-438a-4901-b268-bb236ca34e1d|rpc:10.1.0.19:15129|admin:10.1.0.19:15128|client:10.1.0.19:15127|dataStream:10.1.0.19:15130|priority:0|startupRole:FOLLOWER, 0b97acf7-1047-49ae-a506-e2d05ab0320a|rpc:10.1.0.19:15138|admin:10.1.0.19:15137|client:10.1.0.19:15136|dataStream:10.1.0.19:15139|priority:1|startupRole:FOLLOWER]|listeners:[], old=null RUNNING
2023-08-25 08:52:23,680 [PipelineCommandHandlerThread-0] INFO  server.RaftServer$Division (RaftServerImpl.java:lambda$close$4(466)) - 13a37e5a-b376-4d6f-b694-58d1355ff7ca@group-861FC6D9773E: shutdown
2023-08-25 08:52:23,681 [PipelineCommandHandlerThread-0] INFO  util.JmxRegister (JmxRegister.java:unregister(73)) - Successfully un-registered JMX Bean with object name Ratis:service=RaftServer,group=group-861FC6D9773E,id=13a37e5a-b376-4d6f-b694-58d1355ff7ca
2023-08-25 08:52:23,681 [PipelineCommandHandlerThread-0] INFO  impl.RoleInfo (RoleInfo.java:shutdownFollowerState(110)) - 13a37e5a-b376-4d6f-b694-58d1355ff7ca: shutdown 13a37e5a-b376-4d6f-b694-58d1355ff7ca@group-861FC6D9773E-FollowerState
2023-08-25 08:52:23,681 [PipelineCommandHandlerThread-0] INFO  impl.StateMachineUpdater (StateMachineUpdater.java:stopAndJoin(155)) - 13a37e5a-b376-4d6f-b694-58d1355ff7ca@group-861FC6D9773E-StateMachineUpdater: set stopIndex = 0
2023-08-25 08:52:23,681 [13a37e5a-b376-4d6f-b694-58d1355ff7ca@group-861FC6D9773E-FollowerState] INFO  impl.FollowerState (FollowerState.java:run(152)) - 13a37e5a-b376-4d6f-b694-58d1355ff7ca@group-861FC6D9773E-FollowerState was interrupted
2023-08-25 08:52:23,682 [13a37e5a-b376-4d6f-b694-58d1355ff7ca@group-861FC6D9773E-StateMachineUpdater] INFO  ratis.ContainerStateMachine (ContainerStateMachine.java:takeSnapshot(330)) - group-861FC6D9773E: Taking a snapshot at:(t:1, i:0) file /home/runner/work/ozone/ozone/hadoop-ozone/integration-test/target/test-dir/MiniOzoneClusterImpl-0e3afe45-f4df-41ce-9d76-18b1c152426f/datanode-0/data/ratis/02f5b8e0-5f0c-480d-9b87-861fc6d9773e/sm/snapshot.1_0
2023-08-25 08:52:23,684 [13a37e5a-b376-4d6f-b694-58d1355ff7ca@group-861FC6D9773E-StateMachineUpdater] INFO  ratis.ContainerStateMachine (ContainerStateMachine.java:takeSnapshot(341)) - group-861FC6D9773E: Finished taking a snapshot at:(t:1, i:0) file:/home/runner/work/ozone/ozone/hadoop-ozone/integration-test/target/test-dir/MiniOzoneClusterImpl-0e3afe45-f4df-41ce-9d76-18b1c152426f/datanode-0/data/ratis/02f5b8e0-5f0c-480d-9b87-861fc6d9773e/sm/snapshot.1_0 took: 2 ms
2023-08-25 08:52:23,684 [13a37e5a-b376-4d6f-b694-58d1355ff7ca@group-861FC6D9773E-StateMachineUpdater] INFO  impl.StateMachineUpdater (StateMachineUpdater.java:takeSnapshot(291)) - 13a37e5a-b376-4d6f-b694-58d1355ff7ca@group-861FC6D9773E-StateMachineUpdater: Took a snapshot at index 0
2023-08-25 08:52:23,685 [13a37e5a-b376-4d6f-b694-58d1355ff7ca@group-861FC6D9773E-StateMachineUpdater] INFO  impl.StateMachineUpdater (StateMachineUpdater.java:lambda$new$0(97)) - 13a37e5a-b376-4d6f-b694-58d1355ff7ca@group-861FC6D9773E-StateMachineUpdater: snapshotIndex: updateIncreasingly -1 -> 0
2023-08-25 08:52:23,685 [PipelineCommandHandlerThread-0] INFO  server.RaftServer$Division (ServerState.java:close(472)) - 13a37e5a-b376-4d6f-b694-58d1355ff7ca@group-861FC6D9773E: closes. applyIndex: 0
2023-08-25 08:52:23,699 [PipelineCommandHandlerThread-0] INFO  server.RaftServer (RaftServerProxy.java:remove(109)) - 0b97acf7-1047-49ae-a506-e2d05ab0320a: remove  FOLLOWER 0b97acf7-1047-49ae-a506-e2d05ab0320a@group-B69D6EEC9027:t1, leader=13a37e5a-b376-4d6f-b694-58d1355ff7ca, voted=13a37e5a-b376-4d6f-b694-58d1355ff7ca, raftlog=Memoized:0b97acf7-1047-49ae-a506-e2d05ab0320a@group-B69D6EEC9027-SegmentedRaftLog:OPENED:c6, conf=0: peers:[13a37e5a-b376-4d6f-b694-58d1355ff7ca|rpc:10.1.0.19:15120|admin:10.1.0.19:15119|client:10.1.0.19:15118|dataStream:10.1.0.19:15121|priority:1|startupRole:FOLLOWER, 5d860d7d-438a-4901-b268-bb236ca34e1d|rpc:10.1.0.19:15129|admin:10.1.0.19:15128|client:10.1.0.19:15127|dataStream:10.1.0.19:15130|priority:0|startupRole:FOLLOWER, 0b97acf7-1047-49ae-a506-e2d05ab0320a|rpc:10.1.0.19:15138|admin:10.1.0.19:15137|client:10.1.0.19:15136|dataStream:10.1.0.19:15139|priority:0|startupRole:FOLLOWER]|listeners:[], old=null RUNNING
2023-08-25 08:52:23,699 [PipelineCommandHandlerThread-0] INFO  server.RaftServer$Division (RaftServerImpl.java:lambda$close$4(466)) - 0b97acf7-1047-49ae-a506-e2d05ab0320a@group-B69D6EEC9027: shutdown
2023-08-25 08:52:23,699 [PipelineCommandHandlerThread-0] INFO  util.JmxRegister (JmxRegister.java:unregister(73)) - Successfully un-registered JMX Bean with object name Ratis:service=RaftServer,group=group-B69D6EEC9027,id=0b97acf7-1047-49ae-a506-e2d05ab0320a
2023-08-25 08:52:23,699 [PipelineCommandHandlerThread-0] INFO  impl.RoleInfo (RoleInfo.java:shutdownFollowerState(110)) - 0b97acf7-1047-49ae-a506-e2d05ab0320a: shutdown 0b97acf7-1047-49ae-a506-e2d05ab0320a@group-B69D6EEC9027-FollowerState
2023-08-25 08:52:23,700 [PipelineCommandHandlerThread-0] INFO  impl.StateMachineUpdater (StateMachineUpdater.java:stopAndJoin(155)) - 0b97acf7-1047-49ae-a506-e2d05ab0320a@group-B69D6EEC9027-StateMachineUpdater: set stopIndex = 6
2023-08-25 08:52:23,701 [0b97acf7-1047-49ae-a506-e2d05ab0320a@group-B69D6EEC9027-StateMachineUpdater] INFO  ratis.ContainerStateMachine (ContainerStateMachine.java:takeSnapshot(330)) - group-B69D6EEC9027: Taking a snapshot at:(t:1, i:6) file /home/runner/work/ozone/ozone/hadoop-ozone/integration-test/target/test-dir/MiniOzoneClusterImpl-0e3afe45-f4df-41ce-9d76-18b1c152426f/datanode-2/data/ratis/2f6f0524-8981-4b8b-998d-b69d6eec9027/sm/snapshot.1_6
2023-08-25 08:52:23,701 [ContainerReplicationThread-0] INFO  replication.PushReplicator (PushReplicator.java:replicate(58)) - Starting replication of container 1 to c349e6d8-44a6-453c-8914-c421dd83a8f7(fv-az584-689.msjcyvhqqs1uvpg4fm53wptgqc.jx.internal.cloudapp.net/10.1.0.19) using NO_COMPRESSION
2023-08-25 08:52:23,700 [0b97acf7-1047-49ae-a506-e2d05ab0320a@group-B69D6EEC9027-FollowerState] INFO  impl.FollowerState (FollowerState.java:run(152)) - 0b97acf7-1047-49ae-a506-e2d05ab0320a@group-B69D6EEC9027-FollowerState was interrupted
2023-08-25 08:52:23,702 [0b97acf7-1047-49ae-a506-e2d05ab0320a@group-B69D6EEC9027-StateMachineUpdater] INFO  ratis.ContainerStateMachine (ContainerStateMachine.java:takeSnapshot(341)) - group-B69D6EEC9027: Finished taking a snapshot at:(t:1, i:6) file:/home/runner/work/ozone/ozone/hadoop-ozone/integration-test/target/test-dir/MiniOzoneClusterImpl-0e3afe45-f4df-41ce-9d76-18b1c152426f/datanode-2/data/ratis/2f6f0524-8981-4b8b-998d-b69d6eec9027/sm/snapshot.1_6 took: 2 ms
2023-08-25 08:52:23,702 [0b97acf7-1047-49ae-a506-e2d05ab0320a@group-B69D6EEC9027-StateMachineUpdater] INFO  impl.StateMachineUpdater (StateMachineUpdater.java:takeSnapshot(291)) - 0b97acf7-1047-49ae-a506-e2d05ab0320a@group-B69D6EEC9027-StateMachineUpdater: Took a snapshot at index 6
2023-08-25 08:52:23,702 [0b97acf7-1047-49ae-a506-e2d05ab0320a@group-B69D6EEC9027-StateMachineUpdater] INFO  impl.StateMachineUpdater (StateMachineUpdater.java:lambda$new$0(97)) - 0b97acf7-1047-49ae-a506-e2d05ab0320a@group-B69D6EEC9027-StateMachineUpdater: snapshotIndex: updateIncreasingly -1 -> 6
2023-08-25 08:52:23,703 [PipelineCommandHandlerThread-0] INFO  server.RaftServer$Division (ServerState.java:close(472)) - 0b97acf7-1047-49ae-a506-e2d05ab0320a@group-B69D6EEC9027: closes. applyIndex: 6
2023-08-25 08:52:23,712 [ContainerReplicationThread-0] INFO  replication.GrpcOutputStream (GrpcOutputStream.java:close(116)) - Sent 9728 bytes for container 1
2023-08-25 08:52:23,714 [ReplicationContainerReader-1] INFO  replication.SendContainerRequestHandler (SendContainerRequestHandler.java:onNext(80)) - Accepting container 1
2023-08-25 08:52:23,714 [ReplicationContainerReader-1] INFO  replication.SendContainerRequestHandler (SendContainerRequestHandler.java:onCompleted(108)) - Container 1 is downloaded with size 9728, starting to import.
2023-08-25 08:52:23,731 [ReplicationContainerReader-1] INFO  replication.SendContainerRequestHandler (SendContainerRequestHandler.java:onCompleted(114)) - Container 1 is replicated successfully
2023-08-25 08:52:23,732 [Time-limited test] INFO  container.TestHelper (TestHelper.java:countReplicas(423)) - Container 1 has 2 replicas on [0b97acf7-1047-49ae-a506-e2d05ab0320a, 13a37e5a-b376-4d6f-b694-58d1355ff7ca]
2023-08-25 08:52:23,738 [grpc-default-executor-10] INFO  replication.GrpcContainerUploader (GrpcContainerUploader.java:onCompleted(132)) - Finished uploading container 1 to c349e6d8-44a6-453c-8914-c421dd83a8f7(fv-az584-689.msjcyvhqqs1uvpg4fm53wptgqc.jx.internal.cloudapp.net/10.1.0.19)
2023-08-25 08:52:23,740 [ContainerReplicationThread-0] INFO  replication.ReplicationSupervisor (ReplicationSupervisor.java:run(364)) - Successful DONE replicateContainerCommand: containerId=1, replicaIndex=0, targetNode=c349e6d8-44a6-453c-8914-c421dd83a8f7(fv-az584-689.msjcyvhqqs1uvpg4fm53wptgqc.jx.internal.cloudapp.net/10.1.0.19), priority=NORMAL, transferred 9728 bytes
2023-08-25 08:52:24,087 [grpc-default-executor-10] WARN  server.GrpcLogAppender (LogUtils.java:warn(122)) - 0b97acf7-1047-49ae-a506-e2d05ab0320a@group-861FC6D9773E->5d860d7d-438a-4901-b268-bb236ca34e1d-AppendLogResponseHandler: Failed appendEntries: org.apache.ratis.thirdparty.io.grpc.StatusRuntimeException: UNAVAILABLE: io exception
2023-08-25 08:52:24,088 [grpc-default-executor-10] WARN  server.GrpcLogAppender (GrpcLogAppender.java:resetClient(128)) - 0b97acf7-1047-49ae-a506-e2d05ab0320a@group-861FC6D9773E->5d860d7d-438a-4901-b268-bb236ca34e1d-GrpcLogAppender: Follower failed when matchIndex == 0,  keep nextIndex (1) unchanged and retry.
2023-08-25 08:52:24,088 [grpc-default-executor-8] WARN  server.GrpcLogAppender (LogUtils.java:warn(122)) - 0b97acf7-1047-49ae-a506-e2d05ab0320a@group-861FC6D9773E->5d860d7d-438a-4901-b268-bb236ca34e1d-AppendLogResponseHandler: Failed appendEntries: org.apache.ratis.thirdparty.io.grpc.StatusRuntimeException: UNAVAILABLE: io exception
2023-08-25 08:52:24,088 [grpc-default-executor-8] WARN  server.GrpcLogAppender (GrpcLogAppender.java:resetClient(128)) - 0b97acf7-1047-49ae-a506-e2d05ab0320a@group-861FC6D9773E->5d860d7d-438a-4901-b268-bb236ca34e1d-GrpcLogAppender: Follower failed when matchIndex == 0,  keep nextIndex (1) unchanged and retry.
2023-08-25 08:52:24,516 [PipelineCommandHandlerThread-0] INFO  segmented.SegmentedRaftLogWorker (SegmentedRaftLogWorker.java:close(252)) - 13a37e5a-b376-4d6f-b694-58d1355ff7ca@group-861FC6D9773E-SegmentedRaftLogWorker close()
2023-08-25 08:52:24,518 [PipelineCommandHandlerThread-0] INFO  server.RaftServer$Division (RaftServerImpl.java:groupRemove(436)) - 13a37e5a-b376-4d6f-b694-58d1355ff7ca@group-861FC6D9773E: Succeed to remove RaftStorageDirectory Storage Directory /home/runner/work/ozone/ozone/hadoop-ozone/integration-test/target/test-dir/MiniOzoneClusterImpl-0e3afe45-f4df-41ce-9d76-18b1c152426f/datanode-0/data/ratis/02f5b8e0-5f0c-480d-9b87-861fc6d9773e
2023-08-25 08:52:24,518 [PipelineCommandHandlerThread-0] INFO  commandhandler.ClosePipelineCommandHandler (ClosePipelineCommandHandler.java:lambda$handle$0(87)) - Close Pipeline PipelineID=02f5b8e0-5f0c-480d-9b87-861fc6d9773e command on datanode 13a37e5a-b376-4d6f-b694-58d1355ff7ca.
2023-08-25 08:52:24,628 [ReplicationMonitor] INFO  replication.ReplicationManager (ReplicationManager.java:processAll(389)) - Replication Monitor Thread took 1 milliseconds for processing 1 containers.
2023-08-25 08:52:24,683 [PipelineCommandHandlerThread-0] INFO  segmented.SegmentedRaftLogWorker (SegmentedRaftLogWorker.java:close(252)) - 0b97acf7-1047-49ae-a506-e2d05ab0320a@group-B69D6EEC9027-SegmentedRaftLogWorker close()
2023-08-25 08:52:24,687 [PipelineCommandHandlerThread-0] INFO  server.RaftServer$Division (RaftServerImpl.java:groupRemove(436)) - 0b97acf7-1047-49ae-a506-e2d05ab0320a@group-B69D6EEC9027: Succeed to remove RaftStorageDirectory Storage Directory /home/runner/work/ozone/ozone/hadoop-ozone/integration-test/target/test-dir/MiniOzoneClusterImpl-0e3afe45-f4df-41ce-9d76-18b1c152426f/datanode-2/data/ratis/2f6f0524-8981-4b8b-998d-b69d6eec9027
2023-08-25 08:52:24,687 [PipelineCommandHandlerThread-0] INFO  commandhandler.ClosePipelineCommandHandler (ClosePipelineCommandHandler.java:lambda$handle$0(87)) - Close Pipeline PipelineID=2f6f0524-8981-4b8b-998d-b69d6eec9027 command on datanode 0b97acf7-1047-49ae-a506-e2d05ab0320a.
2023-08-25 08:52:24,687 [PipelineCommandHandlerThread-0] INFO  server.RaftServer (RaftServerProxy.java:remove(109)) - 0b97acf7-1047-49ae-a506-e2d05ab0320a: remove    LEADER 0b97acf7-1047-49ae-a506-e2d05ab0320a@group-861FC6D9773E:t1, leader=0b97acf7-1047-49ae-a506-e2d05ab0320a, voted=0b97acf7-1047-49ae-a506-e2d05ab0320a, raftlog=Memoized:0b97acf7-1047-49ae-a506-e2d05ab0320a@group-861FC6D9773E-SegmentedRaftLog:OPENED:c0, conf=0: peers:[13a37e5a-b376-4d6f-b694-58d1355ff7ca|rpc:10.1.0.19:15120|admin:10.1.0.19:15119|client:10.1.0.19:15118|dataStream:10.1.0.19:15121|priority:0|startupRole:FOLLOWER, 5d860d7d-438a-4901-b268-bb236ca34e1d|rpc:10.1.0.19:15129|admin:10.1.0.19:15128|client:10.1.0.19:15127|dataStream:10.1.0.19:15130|priority:0|startupRole:FOLLOWER, 0b97acf7-1047-49ae-a506-e2d05ab0320a|rpc:10.1.0.19:15138|admin:10.1.0.19:15137|client:10.1.0.19:15136|dataStream:10.1.0.19:15139|priority:1|startupRole:FOLLOWER]|listeners:[], old=null RUNNING
2023-08-25 08:52:24,688 [PipelineCommandHandlerThread-0] INFO  server.RaftServer$Division (RaftServerImpl.java:lambda$close$4(466)) - 0b97acf7-1047-49ae-a506-e2d05ab0320a@group-861FC6D9773E: shutdown
2023-08-25 08:52:24,688 [PipelineCommandHandlerThread-0] INFO  util.JmxRegister (JmxRegister.java:unregister(73)) - Successfully un-registered JMX Bean with object name Ratis:service=RaftServer,group=group-861FC6D9773E,id=0b97acf7-1047-49ae-a506-e2d05ab0320a
2023-08-25 08:52:24,688 [PipelineCommandHandlerThread-0] INFO  impl.RoleInfo (RoleInfo.java:shutdownLeaderState(93)) - 0b97acf7-1047-49ae-a506-e2d05ab0320a: shutdown 0b97acf7-1047-49ae-a506-e2d05ab0320a@group-861FC6D9773E-LeaderStateImpl
2023-08-25 08:52:24,688 [0b97acf7-1047-49ae-a506-e2d05ab0320a@group-861FC6D9773E->13a37e5a-b376-4d6f-b694-58d1355ff7ca-GrpcLogAppender-LogAppenderDaemon] WARN  server.GrpcLogAppender (GrpcLogAppender.java:mayWait(199)) - 0b97acf7-1047-49ae-a506-e2d05ab0320a@group-861FC6D9773E->13a37e5a-b376-4d6f-b694-58d1355ff7ca-GrpcLogAppender: Wait interrupted by java.lang.InterruptedException
2023-08-25 08:52:24,688 [PipelineCommandHandlerThread-0] INFO  impl.PendingRequests (PendingRequests.java:sendNotLeaderResponses(289)) - 0b97acf7-1047-49ae-a506-e2d05ab0320a@group-861FC6D9773E-PendingRequests: sendNotLeaderResponses
2023-08-25 08:52:24,688 [PipelineCommandHandlerThread-0] INFO  impl.StateMachineUpdater (StateMachineUpdater.java:stopAndJoin(155)) - 0b97acf7-1047-49ae-a506-e2d05ab0320a@group-861FC6D9773E-StateMachineUpdater: set stopIndex = 0
2023-08-25 08:52:24,688 [0b97acf7-1047-49ae-a506-e2d05ab0320a@group-861FC6D9773E-StateMachineUpdater] INFO  ratis.ContainerStateMachine (ContainerStateMachine.java:takeSnapshot(330)) - group-861FC6D9773E: Taking a snapshot at:(t:1, i:0) file /home/runner/work/ozone/ozone/hadoop-ozone/integration-test/target/test-dir/MiniOzoneClusterImpl-0e3afe45-f4df-41ce-9d76-18b1c152426f/datanode-2/data/ratis/02f5b8e0-5f0c-480d-9b87-861fc6d9773e/sm/snapshot.1_0
2023-08-25 08:52:24,689 [0b97acf7-1047-49ae-a506-e2d05ab0320a@group-861FC6D9773E->5d860d7d-438a-4901-b268-bb236ca34e1d-GrpcLogAppender-LogAppenderDaemon] WARN  server.GrpcLogAppender (GrpcLogAppender.java:mayWait(199)) - 0b97acf7-1047-49ae-a506-e2d05ab0320a@group-861FC6D9773E->5d860d7d-438a-4901-b268-bb236ca34e1d-GrpcLogAppender: Wait interrupted by java.lang.InterruptedException
2023-08-25 08:52:24,690 [0b97acf7-1047-49ae-a506-e2d05ab0320a@group-861FC6D9773E-StateMachineUpdater] INFO  ratis.ContainerStateMachine (ContainerStateMachine.java:takeSnapshot(341)) - group-861FC6D9773E: Finished taking a snapshot at:(t:1, i:0) file:/home/runner/work/ozone/ozone/hadoop-ozone/integration-test/target/test-dir/MiniOzoneClusterImpl-0e3afe45-f4df-41ce-9d76-18b1c152426f/datanode-2/data/ratis/02f5b8e0-5f0c-480d-9b87-861fc6d9773e/sm/snapshot.1_0 took: 1 ms
2023-08-25 08:52:24,690 [grpc-default-executor-8] INFO  server.GrpcServerProtocolService (GrpcServerProtocolService.java:onCompleted(155)) - 13a37e5a-b376-4d6f-b694-58d1355ff7ca: Completed APPEND_ENTRIES, lastRequest: 0b97acf7-1047-49ae-a506-e2d05ab0320a->13a37e5a-b376-4d6f-b694-58d1355ff7ca#1-t1,previous=(t:0, i:0),leaderCommit=-1,initializing? true,entries: size=1, first=(t:1, i:0), CONFIGURATIONENTRY(current:id: "13a37e5a-b376-4d6f-b694-58d1355ff7ca"
address: "10.1.0.19:15120"
dataStreamAddress: "10.1.0.19:15121"
clientAddress: "10.1.0.19:15118"
adminAddress: "10.1.0.19:15119"
startupRole: FOLLOWER
,id: "5d860d7d-438a-4901-b268-bb236ca34e1d"
address: "10.1.0.19:15129"
dataStreamAddress: "10.1.0.19:15130"
clientAddress: "10.1.0.19:15127"
adminAddress: "10.1.0.19:15128"
startupRole: FOLLOWER
,id: "0b97acf7-1047-49ae-a506-e2d05ab0320a"
address: "10.1.0.19:15138"
priority: 1
dataStreamAddress: "10.1.0.19:15139"
clientAddress: "10.1.0.19:15136"
adminAddress: "10.1.0.19:15137"
startupRole: FOLLOWER
, old:)
2023-08-25 08:52:24,690 [0b97acf7-1047-49ae-a506-e2d05ab0320a@group-861FC6D9773E-StateMachineUpdater] INFO  impl.StateMachineUpdater (StateMachineUpdater.java:takeSnapshot(291)) - 0b97acf7-1047-49ae-a506-e2d05ab0320a@group-861FC6D9773E-StateMachineUpdater: Took a snapshot at index 0
2023-08-25 08:52:24,690 [grpc-default-executor-10] INFO  server.GrpcServerProtocolService (GrpcServerProtocolService.java:onCompleted(155)) - 13a37e5a-b376-4d6f-b694-58d1355ff7ca: Completed APPEND_ENTRIES, lastRequest: null
2023-08-25 08:52:24,690 [grpc-default-executor-8] INFO  server.GrpcServerProtocolService (GrpcServerProtocolService.java:lambda$onCompleted$5(157)) - 13a37e5a-b376-4d6f-b694-58d1355ff7ca: Completed APPEND_ENTRIES, lastReply: null
2023-08-25 08:52:24,691 [grpc-default-executor-8] INFO  server.GrpcLogAppender (GrpcLogAppender.java:onCompleted(428)) - 0b97acf7-1047-49ae-a506-e2d05ab0320a@group-861FC6D9773E->13a37e5a-b376-4d6f-b694-58d1355ff7ca-AppendLogResponseHandler: follower responses appendEntries COMPLETED
2023-08-25 08:52:24,691 [grpc-default-executor-8] INFO  leader.FollowerInfo (FollowerInfoImpl.java:lambda$new$0(52)) - 0b97acf7-1047-49ae-a506-e2d05ab0320a@group-861FC6D9773E->13a37e5a-b376-4d6f-b694-58d1355ff7ca: decreaseNextIndex nextIndex: updateUnconditionally 1 -> 0
2023-08-25 08:52:24,693 [0b97acf7-1047-49ae-a506-e2d05ab0320a@group-861FC6D9773E-StateMachineUpdater] INFO  impl.StateMachineUpdater (StateMachineUpdater.java:lambda$new$0(97)) - 0b97acf7-1047-49ae-a506-e2d05ab0320a@group-861FC6D9773E-StateMachineUpdater: snapshotIndex: updateIncreasingly -1 -> 0
2023-08-25 08:52:24,693 [PipelineCommandHandlerThread-0] INFO  server.RaftServer$Division (ServerState.java:close(472)) - 0b97acf7-1047-49ae-a506-e2d05ab0320a@group-861FC6D9773E: closes. applyIndex: 0
2023-08-25 08:52:24,732 [Time-limited test] INFO  container.TestHelper (TestHelper.java:countReplicas(423)) - Container 1 has 3 replicas on [0b97acf7-1047-49ae-a506-e2d05ab0320a, 13a37e5a-b376-4d6f-b694-58d1355ff7ca, c349e6d8-44a6-453c-8914-c421dd83a8f7]
2023-08-25 08:52:24,742 [Time-limited test] INFO  ozone.MiniOzoneClusterImpl (MiniOzoneClusterImpl.java:shutdown(443)) - Shutting down the Mini Ozone Cluster
2023-08-25 08:52:24,742 [Time-limited test] INFO  ozone.MiniOzoneClusterImpl (MiniOzoneClusterImpl.java:stop(460)) - Stopping the Mini Ozone Cluster
2023-08-25 08:52:24,742 [Time-limited test] INFO  ozone.MiniOzoneClusterImpl (MiniOzoneClusterImpl.java:stopOM(551)) - Stopping the OzoneManager
2023-08-25 08:52:24,742 [Time-limited test] INFO  om.OzoneManager (OzoneManager.java:stop(2187)) - om1[localhost:15110]: Stopping Ozone Manager
2023-08-25 08:52:24,742 [Time-limited test] INFO  ipc.Server (Server.java:stop(3523)) - Stopping server on 15110
2023-08-25 08:52:24,746 [IPC Server listener on 15110] INFO  ipc.Server (Server.java:run(1434)) - Stopping IPC Server listener on 15110
2023-08-25 08:52:24,747 [IPC Server Responder] INFO  ipc.Server (Server.java:run(1567)) - Stopping IPC Server Responder
2023-08-25 08:52:24,750 [Time-limited test] INFO  server.RaftServer (RaftServerProxy.java:lambda$close$6(416)) - om1: close
2023-08-25 08:52:24,761 [Time-limited test] INFO  server.GrpcService (GrpcService.java:closeImpl(311)) - om1: shutdown server GrpcServerProtocolService now
2023-08-25 08:52:24,761 [om1-impl-thread1] INFO  server.RaftServer$Division (RaftServerImpl.java:lambda$close$4(466)) - om1@group-C5BA1605619E: shutdown
2023-08-25 08:52:24,761 [om1-impl-thread1] INFO  util.JmxRegister (JmxRegister.java:unregister(73)) - Successfully un-registered JMX Bean with object name Ratis:service=RaftServer,group=group-C5BA1605619E,id=om1
2023-08-25 08:52:24,761 [om1-impl-thread1] INFO  impl.RoleInfo (RoleInfo.java:shutdownLeaderState(93)) - om1: shutdown om1@group-C5BA1605619E-LeaderStateImpl
2023-08-25 08:52:24,761 [om1-impl-thread1] INFO  impl.PendingRequests (PendingRequests.java:sendNotLeaderResponses(289)) - om1@group-C5BA1605619E-PendingRequests: sendNotLeaderResponses
2023-08-25 08:52:24,767 [Time-limited test] INFO  server.GrpcService (GrpcService.java:closeImpl(320)) - om1: shutdown server GrpcServerProtocolService successfully
2023-08-25 08:52:24,767 [om1-impl-thread1] INFO  impl.StateMachineUpdater (StateMachineUpdater.java:stopAndJoin(155)) - om1@group-C5BA1605619E-StateMachineUpdater: set stopIndex = 8
2023-08-25 08:52:24,767 [om1@group-C5BA1605619E-StateMachineUpdater] INFO  ratis.OzoneManagerStateMachine (OzoneManagerStateMachine.java:takeSnapshot(480)) - Current Snapshot Index (t:1, i:8)
2023-08-25 08:52:24,792 [om1@group-C5BA1605619E-StateMachineUpdater] INFO  impl.StateMachineUpdater (StateMachineUpdater.java:takeSnapshot(291)) - om1@group-C5BA1605619E-StateMachineUpdater: Took a snapshot at index 8
2023-08-25 08:52:24,792 [om1@group-C5BA1605619E-StateMachineUpdater] INFO  impl.StateMachineUpdater (StateMachineUpdater.java:lambda$new$0(97)) - om1@group-C5BA1605619E-StateMachineUpdater: snapshotIndex: updateIncreasingly -1 -> 8
2023-08-25 08:52:24,792 [om1@group-C5BA1605619E-StateMachineUpdater] INFO  ratis.OzoneManagerStateMachine (OzoneManagerStateMachine.java:close(534)) - StateMachine has shutdown. Shutdown OzoneManager if not already shutdown.
2023-08-25 08:52:24,792 [om1@group-C5BA1605619E-StateMachineUpdater] INFO  ratis.OzoneManagerDoubleBuffer (OzoneManagerDoubleBuffer.java:stopDaemon(551)) - Stopping OMDoubleBuffer flush thread
2023-08-25 08:52:24,792 [OMDoubleBufferFlushThread] INFO  ratis.OzoneManagerDoubleBuffer (OzoneManagerDoubleBuffer.java:canFlush(638)) - OMDoubleBuffer flush thread OMDoubleBufferFlushThread is interrupted and will exit.
2023-08-25 08:52:24,795 [om1-impl-thread1] INFO  server.RaftServer$Division (ServerState.java:close(472)) - om1@group-C5BA1605619E: closes. applyIndex: 8
2023-08-25 08:52:25,454 [PipelineCommandHandlerThread-0] INFO  segmented.SegmentedRaftLogWorker (SegmentedRaftLogWorker.java:close(252)) - 0b97acf7-1047-49ae-a506-e2d05ab0320a@group-861FC6D9773E-SegmentedRaftLogWorker close()
2023-08-25 08:52:25,456 [PipelineCommandHandlerThread-0] INFO  server.RaftServer$Division (RaftServerImpl.java:groupRemove(436)) - 0b97acf7-1047-49ae-a506-e2d05ab0320a@group-861FC6D9773E: Succeed to remove RaftStorageDirectory Storage Directory /home/runner/work/ozone/ozone/hadoop-ozone/integration-test/target/test-dir/MiniOzoneClusterImpl-0e3afe45-f4df-41ce-9d76-18b1c152426f/datanode-2/data/ratis/02f5b8e0-5f0c-480d-9b87-861fc6d9773e
2023-08-25 08:52:25,456 [PipelineCommandHandlerThread-0] INFO  commandhandler.ClosePipelineCommandHandler (ClosePipelineCommandHandler.java:lambda$handle$0(87)) - Close Pipeline PipelineID=02f5b8e0-5f0c-480d-9b87-861fc6d9773e command on datanode 0b97acf7-1047-49ae-a506-e2d05ab0320a.
2023-08-25 08:52:25,628 [ReplicationMonitor] INFO  replication.ReplicationManager (ReplicationManager.java:processAll(389)) - Replication Monitor Thread took 0 milliseconds for processing 1 containers.
2023-08-25 08:52:25,747 [om1-impl-thread1] INFO  segmented.SegmentedRaftLogWorker (SegmentedRaftLogWorker.java:close(252)) - om1@group-C5BA1605619E-SegmentedRaftLogWorker close()
2023-08-25 08:52:25,748 [JvmPauseMonitor15] INFO  util.JvmPauseMonitor (JvmPauseMonitor.java:run(109)) - JvmPauseMonitor-om1: Stopped
2023-08-25 08:52:25,748 [Time-limited test] INFO  ratis.OzoneManagerStateMachine (OzoneManagerStateMachine.java:close(534)) - StateMachine has shutdown. Shutdown OzoneManager if not already shutdown.
2023-08-25 08:52:25,748 [Time-limited test] INFO  ratis.OzoneManagerDoubleBuffer (OzoneManagerDoubleBuffer.java:stopDaemon(560)) - OMDoubleBuffer flush thread is not running.
2023-08-25 08:52:25,749 [Time-limited test] INFO  utils.BackgroundService (BackgroundService.java:shutdown(141)) - Shutting down service KeyDeletingService
2023-08-25 08:52:25,749 [Time-limited test] INFO  utils.BackgroundService (BackgroundService.java:shutdown(141)) - Shutting down service KeyDeletingService
2023-08-25 08:52:25,749 [Time-limited test] INFO  utils.BackgroundService (BackgroundService.java:shutdown(141)) - Shutting down service OpenKeyCleanupService
2023-08-25 08:52:25,749 [Time-limited test] INFO  utils.BackgroundService (BackgroundService.java:shutdown(141)) - Shutting down service SstFilteringService
2023-08-25 08:52:25,749 [Time-limited test] INFO  utils.BackgroundService (BackgroundService.java:shutdown(141)) - Shutting down service SnapshotDeletingService
2023-08-25 08:52:25,750 [Time-limited test] INFO  handler.ContextHandler (ContextHandler.java:doStop(1159)) - Stopped o.e.j.w.WebAppContext@156ea0a7{ozoneManager,/,null,STOPPED}{file:/home/runner/work/ozone/ozone/hadoop-ozone/integration-test/target/test-classes/webapps/ozoneManager}
2023-08-25 08:52:25,751 [Time-limited test] INFO  server.AbstractConnector (AbstractConnector.java:doStop(383)) - Stopped ServerConnector@416e1c51{HTTP/1.1, (http/1.1)}{0.0.0.0:15111}
2023-08-25 08:52:25,751 [Time-limited test] INFO  server.session (HouseKeeper.java:stopScavenging(149)) - node0 Stopped scavenging
2023-08-25 08:52:25,751 [Time-limited test] INFO  handler.ContextHandler (ContextHandler.java:doStop(1159)) - Stopped o.e.j.s.ServletContextHandler@70440b80{static,/static,file:///home/runner/work/ozone/ozone/hadoop-ozone/integration-test/target/test-classes/webapps/static,STOPPED}
2023-08-25 08:52:25,751 [Time-limited test] INFO  handler.ContextHandler (ContextHandler.java:doStop(1159)) - Stopped o.e.j.s.ServletContextHandler@34cae5c5{logs,/logs,file:///home/runner/work/ozone/ozone/hadoop-ozone/integration-test/target/log,STOPPED}
2023-08-25 08:52:25,752 [Time-limited test] INFO  rocksdiff.RocksDBCheckpointDiffer (RocksDBCheckpointDiffer.java:close(340)) - Shutting down CompactionDagPruningService.
2023-08-25 08:52:25,754 [Time-limited test] INFO  snapshot.SnapshotDiffManager (SnapshotDiffManager.java:closeExecutorService(1720)) - Shutting down executorService: 'SnapDiffExecutor'
2023-08-25 08:52:25,754 [Time-limited test] INFO  snapshot.SnapshotDiffManager (SnapshotDiffManager.java:closeExecutorService(1720)) - Shutting down executorService: 'SstDumpToolExecutor'
2023-08-25 08:52:25,754 [Time-limited test] INFO  utils.BackgroundService (BackgroundService.java:shutdown(141)) - Shutting down service SnapshotDiffCleanupService
2023-08-25 08:52:25,755 [Time-limited test] INFO  ozone.MiniOzoneClusterImpl (MiniOzoneClusterImpl.java:stopDatanodes(528)) - Stopping the HddsDatanodes
2023-08-25 08:52:25,759 [Time-limited test] INFO  ozoneimpl.OzoneContainer (OzoneContainer.java:stop(451)) - Attempting to stop container services.
2023-08-25 08:52:25,759 [Time-limited test] INFO  server.RaftServer (RaftServerProxy.java:lambda$close$6(416)) - 0b97acf7-1047-49ae-a506-e2d05ab0320a: close
2023-08-25 08:52:25,760 [Time-limited test] INFO  server.GrpcService (GrpcService.java:closeImpl(311)) - 0b97acf7-1047-49ae-a506-e2d05ab0320a: shutdown server org.apache.ratis.grpc.server.GrpcClientProtocolService now
2023-08-25 08:52:25,760 [0b97acf7-1047-49ae-a506-e2d05ab0320a-impl-thread1] INFO  server.RaftServer$Division (RaftServerImpl.java:lambda$close$4(466)) - 0b97acf7-1047-49ae-a506-e2d05ab0320a@group-E19715B45B51: shutdown
2023-08-25 08:52:25,767 [0b97acf7-1047-49ae-a506-e2d05ab0320a-impl-thread1] INFO  util.JmxRegister (JmxRegister.java:unregister(73)) - Successfully un-registered JMX Bean with object name Ratis:service=RaftServer,group=group-E19715B45B51,id=0b97acf7-1047-49ae-a506-e2d05ab0320a
2023-08-25 08:52:25,767 [0b97acf7-1047-49ae-a506-e2d05ab0320a-impl-thread1] INFO  impl.RoleInfo (RoleInfo.java:shutdownLeaderState(93)) - 0b97acf7-1047-49ae-a506-e2d05ab0320a: shutdown 0b97acf7-1047-49ae-a506-e2d05ab0320a@group-E19715B45B51-LeaderStateImpl
2023-08-25 08:52:25,769 [0b97acf7-1047-49ae-a506-e2d05ab0320a-impl-thread1] INFO  impl.PendingRequests (PendingRequests.java:sendNotLeaderResponses(289)) - 0b97acf7-1047-49ae-a506-e2d05ab0320a@group-E19715B45B51-PendingRequests: sendNotLeaderResponses
2023-08-25 08:52:25,769 [0b97acf7-1047-49ae-a506-e2d05ab0320a-impl-thread1] INFO  impl.StateMachineUpdater (StateMachineUpdater.java:stopAndJoin(155)) - 0b97acf7-1047-49ae-a506-e2d05ab0320a@group-E19715B45B51-StateMachineUpdater: set stopIndex = 0
2023-08-25 08:52:25,770 [0b97acf7-1047-49ae-a506-e2d05ab0320a@group-E19715B45B51-StateMachineUpdater] INFO  ratis.ContainerStateMachine (ContainerStateMachine.java:takeSnapshot(330)) - group-E19715B45B51: Taking a snapshot at:(t:1, i:0) file /home/runner/work/ozone/ozone/hadoop-ozone/integration-test/target/test-dir/MiniOzoneClusterImpl-0e3afe45-f4df-41ce-9d76-18b1c152426f/datanode-2/data/ratis/44a5078d-5687-431a-b629-e19715b45b51/sm/snapshot.1_0
2023-08-25 08:52:25,770 [Thread-1668] INFO  server.GrpcServerProtocolClient (GrpcServerProtocolClient.java:close(103)) - 13a37e5a-b376-4d6f-b694-58d1355ff7ca Close channels
2023-08-25 08:52:25,771 [ForkJoinPool.commonPool-worker-2] INFO  ozoneimpl.OzoneContainer (OzoneContainer.java:stop(451)) - Attempting to stop container services.
2023-08-25 08:52:25,771 [0b97acf7-1047-49ae-a506-e2d05ab0320a@group-E19715B45B51-StateMachineUpdater] INFO  ratis.ContainerStateMachine (ContainerStateMachine.java:takeSnapshot(341)) - group-E19715B45B51: Finished taking a snapshot at:(t:1, i:0) file:/home/runner/work/ozone/ozone/hadoop-ozone/integration-test/target/test-dir/MiniOzoneClusterImpl-0e3afe45-f4df-41ce-9d76-18b1c152426f/datanode-2/data/ratis/44a5078d-5687-431a-b629-e19715b45b51/sm/snapshot.1_0 took: 1 ms
2023-08-25 08:52:25,772 [0b97acf7-1047-49ae-a506-e2d05ab0320a@group-E19715B45B51-StateMachineUpdater] INFO  impl.StateMachineUpdater (StateMachineUpdater.java:takeSnapshot(291)) - 0b97acf7-1047-49ae-a506-e2d05ab0320a@group-E19715B45B51-StateMachineUpdater: Took a snapshot at index 0
2023-08-25 08:52:25,772 [0b97acf7-1047-49ae-a506-e2d05ab0320a@group-E19715B45B51-StateMachineUpdater] INFO  impl.StateMachineUpdater (StateMachineUpdater.java:lambda$new$0(97)) - 0b97acf7-1047-49ae-a506-e2d05ab0320a@group-E19715B45B51-StateMachineUpdater: snapshotIndex: updateIncreasingly -1 -> 0
2023-08-25 08:52:25,772 [0b97acf7-1047-49ae-a506-e2d05ab0320a-impl-thread1] INFO  server.RaftServer$Division (ServerState.java:close(472)) - 0b97acf7-1047-49ae-a506-e2d05ab0320a@group-E19715B45B51: closes. applyIndex: 0
2023-08-25 08:52:25,776 [Thread-1669] INFO  server.GrpcServerProtocolClient (GrpcServerProtocolClient.java:close(103)) - 5d860d7d-438a-4901-b268-bb236ca34e1d Close channels
2023-08-25 08:52:25,779 [ForkJoinPool.commonPool-worker-2] INFO  server.RaftServer (RaftServerProxy.java:lambda$close$6(416)) - 13a37e5a-b376-4d6f-b694-58d1355ff7ca: close
2023-08-25 08:52:25,779 [ForkJoinPool.commonPool-worker-2] INFO  server.GrpcService (GrpcService.java:closeImpl(311)) - 13a37e5a-b376-4d6f-b694-58d1355ff7ca: shutdown server org.apache.ratis.grpc.server.GrpcClientProtocolService now
2023-08-25 08:52:25,779 [13a37e5a-b376-4d6f-b694-58d1355ff7ca-impl-thread1] INFO  server.RaftServer$Division (RaftServerImpl.java:lambda$close$4(466)) - 13a37e5a-b376-4d6f-b694-58d1355ff7ca@group-4088ECE94106: shutdown
2023-08-25 08:52:25,780 [13a37e5a-b376-4d6f-b694-58d1355ff7ca-impl-thread1] INFO  util.JmxRegister (JmxRegister.java:unregister(73)) - Successfully un-registered JMX Bean with object name Ratis:service=RaftServer,group=group-4088ECE94106,id=13a37e5a-b376-4d6f-b694-58d1355ff7ca
2023-08-25 08:52:25,780 [13a37e5a-b376-4d6f-b694-58d1355ff7ca-impl-thread1] INFO  impl.RoleInfo (RoleInfo.java:shutdownLeaderState(93)) - 13a37e5a-b376-4d6f-b694-58d1355ff7ca: shutdown 13a37e5a-b376-4d6f-b694-58d1355ff7ca@group-4088ECE94106-LeaderStateImpl
2023-08-25 08:52:25,780 [13a37e5a-b376-4d6f-b694-58d1355ff7ca-impl-thread1] INFO  impl.PendingRequests (PendingRequests.java:sendNotLeaderResponses(289)) - 13a37e5a-b376-4d6f-b694-58d1355ff7ca@group-4088ECE94106-PendingRequests: sendNotLeaderResponses
2023-08-25 08:52:25,780 [13a37e5a-b376-4d6f-b694-58d1355ff7ca-impl-thread1] INFO  impl.StateMachineUpdater (StateMachineUpdater.java:stopAndJoin(155)) - 13a37e5a-b376-4d6f-b694-58d1355ff7ca@group-4088ECE94106-StateMachineUpdater: set stopIndex = 0
2023-08-25 08:52:25,780 [13a37e5a-b376-4d6f-b694-58d1355ff7ca@group-4088ECE94106-StateMachineUpdater] INFO  ratis.ContainerStateMachine (ContainerStateMachine.java:takeSnapshot(330)) - group-4088ECE94106: Taking a snapshot at:(t:1, i:0) file /home/runner/work/ozone/ozone/hadoop-ozone/integration-test/target/test-dir/MiniOzoneClusterImpl-0e3afe45-f4df-41ce-9d76-18b1c152426f/datanode-0/data/ratis/7113289b-f6ac-49fd-a9bc-4088ece94106/sm/snapshot.1_0
2023-08-25 08:52:25,782 [13a37e5a-b376-4d6f-b694-58d1355ff7ca@group-4088ECE94106-StateMachineUpdater] INFO  ratis.ContainerStateMachine (ContainerStateMachine.java:takeSnapshot(341)) - group-4088ECE94106: Finished taking a snapshot at:(t:1, i:0) file:/home/runner/work/ozone/ozone/hadoop-ozone/integration-test/target/test-dir/MiniOzoneClusterImpl-0e3afe45-f4df-41ce-9d76-18b1c152426f/datanode-0/data/ratis/7113289b-f6ac-49fd-a9bc-4088ece94106/sm/snapshot.1_0 took: 2 ms
2023-08-25 08:52:25,782 [13a37e5a-b376-4d6f-b694-58d1355ff7ca@group-4088ECE94106-StateMachineUpdater] INFO  impl.StateMachineUpdater (StateMachineUpdater.java:takeSnapshot(291)) - 13a37e5a-b376-4d6f-b694-58d1355ff7ca@group-4088ECE94106-StateMachineUpdater: Took a snapshot at index 0
2023-08-25 08:52:25,782 [13a37e5a-b376-4d6f-b694-58d1355ff7ca@group-4088ECE94106-StateMachineUpdater] INFO  impl.StateMachineUpdater (StateMachineUpdater.java:lambda$new$0(97)) - 13a37e5a-b376-4d6f-b694-58d1355ff7ca@group-4088ECE94106-StateMachineUpdater: snapshotIndex: updateIncreasingly -1 -> 0
2023-08-25 08:52:25,782 [13a37e5a-b376-4d6f-b694-58d1355ff7ca-impl-thread1] INFO  server.RaftServer$Division (ServerState.java:close(472)) - 13a37e5a-b376-4d6f-b694-58d1355ff7ca@group-4088ECE94106: closes. applyIndex: 0
2023-08-25 08:52:25,796 [Thread-1672] INFO  server.GrpcServerProtocolClient (GrpcServerProtocolClient.java:close(103)) - 5d860d7d-438a-4901-b268-bb236ca34e1d Close channels
2023-08-25 08:52:25,796 [Thread-1673] INFO  server.GrpcServerProtocolClient (GrpcServerProtocolClient.java:close(103)) - 0b97acf7-1047-49ae-a506-e2d05ab0320a Close channels
2023-08-25 08:52:25,799 [ForkJoinPool.commonPool-worker-3] INFO  ozoneimpl.OzoneContainer (OzoneContainer.java:stop(451)) - Attempting to stop container services.
2023-08-25 08:52:25,799 [ForkJoinPool.commonPool-worker-2] INFO  server.GrpcService (GrpcService.java:closeImpl(320)) - 13a37e5a-b376-4d6f-b694-58d1355ff7ca: shutdown server org.apache.ratis.grpc.server.GrpcClientProtocolService successfully
2023-08-25 08:52:25,799 [ForkJoinPool.commonPool-worker-2] INFO  server.GrpcService (GrpcService.java:closeImpl(311)) - 13a37e5a-b376-4d6f-b694-58d1355ff7ca: shutdown server GrpcServerProtocolService now
2023-08-25 08:52:25,800 [ForkJoinPool.commonPool-worker-2] INFO  server.GrpcService (GrpcService.java:closeImpl(320)) - 13a37e5a-b376-4d6f-b694-58d1355ff7ca: shutdown server GrpcServerProtocolService successfully
2023-08-25 08:52:25,800 [ForkJoinPool.commonPool-worker-2] INFO  server.GrpcService (GrpcService.java:closeImpl(311)) - 13a37e5a-b376-4d6f-b694-58d1355ff7ca: shutdown server org.apache.ratis.grpc.server.GrpcAdminProtocolService now
2023-08-25 08:52:25,800 [grpc-default-executor-8] INFO  server.GrpcLogAppender (GrpcLogAppender.java:onError(417)) - 0b97acf7-1047-49ae-a506-e2d05ab0320a@group-861FC6D9773E->13a37e5a-b376-4d6f-b694-58d1355ff7ca-GrpcLogAppender is already stopped
2023-08-25 08:52:25,801 [Time-limited test] INFO  server.GrpcService (GrpcService.java:closeImpl(320)) - 0b97acf7-1047-49ae-a506-e2d05ab0320a: shutdown server org.apache.ratis.grpc.server.GrpcClientProtocolService successfully
2023-08-25 08:52:25,801 [Time-limited test] INFO  server.GrpcService (GrpcService.java:closeImpl(311)) - 0b97acf7-1047-49ae-a506-e2d05ab0320a: shutdown server GrpcServerProtocolService now
2023-08-25 08:52:25,806 [ForkJoinPool.commonPool-worker-2] INFO  server.GrpcService (GrpcService.java:closeImpl(320)) - 13a37e5a-b376-4d6f-b694-58d1355ff7ca: shutdown server org.apache.ratis.grpc.server.GrpcAdminProtocolService successfully
2023-08-25 08:52:25,813 [Time-limited test] INFO  server.GrpcService (GrpcService.java:closeImpl(320)) - 0b97acf7-1047-49ae-a506-e2d05ab0320a: shutdown server GrpcServerProtocolService successfully
2023-08-25 08:52:25,813 [Time-limited test] INFO  server.GrpcService (GrpcService.java:closeImpl(311)) - 0b97acf7-1047-49ae-a506-e2d05ab0320a: shutdown server org.apache.ratis.grpc.server.GrpcAdminProtocolService now
2023-08-25 08:52:25,814 [13a37e5a-b376-4d6f-b694-58d1355ff7ca-NettyServerStreamRpc-bossGroup--thread1] INFO  logging.LoggingHandler (AbstractInternalLogger.java:log(148)) - [id: 0xef8dbc50, L:/0:0:0:0:0:0:0:0:15121] CLOSE
2023-08-25 08:52:25,814 [13a37e5a-b376-4d6f-b694-58d1355ff7ca-NettyServerStreamRpc-bossGroup--thread1] INFO  logging.LoggingHandler (AbstractInternalLogger.java:log(148)) - [id: 0xef8dbc50, L:/0:0:0:0:0:0:0:0:15121] INACTIVE
2023-08-25 08:52:25,814 [13a37e5a-b376-4d6f-b694-58d1355ff7ca-NettyServerStreamRpc-bossGroup--thread1] INFO  logging.LoggingHandler (AbstractInternalLogger.java:log(148)) - [id: 0xef8dbc50, L:/0:0:0:0:0:0:0:0:15121] UNREGISTERED
2023-08-25 08:52:25,817 [ForkJoinPool.commonPool-worker-3] INFO  server.RaftServer (RaftServerProxy.java:lambda$close$6(416)) - c349e6d8-44a6-453c-8914-c421dd83a8f7: close
2023-08-25 08:52:25,817 [ForkJoinPool.commonPool-worker-3] INFO  server.GrpcService (GrpcService.java:closeImpl(311)) - c349e6d8-44a6-453c-8914-c421dd83a8f7: shutdown server org.apache.ratis.grpc.server.GrpcClientProtocolService now
2023-08-25 08:52:25,817 [c349e6d8-44a6-453c-8914-c421dd83a8f7-impl-thread1] INFO  server.RaftServer$Division (RaftServerImpl.java:lambda$close$4(466)) - c349e6d8-44a6-453c-8914-c421dd83a8f7@group-55B547732D1A: shutdown
2023-08-25 08:52:25,817 [c349e6d8-44a6-453c-8914-c421dd83a8f7-impl-thread1] INFO  util.JmxRegister (JmxRegister.java:unregister(73)) - Successfully un-registered JMX Bean with object name Ratis:service=RaftServer,group=group-55B547732D1A,id=c349e6d8-44a6-453c-8914-c421dd83a8f7
2023-08-25 08:52:25,818 [Time-limited test] INFO  server.GrpcService (GrpcService.java:closeImpl(320)) - 0b97acf7-1047-49ae-a506-e2d05ab0320a: shutdown server org.apache.ratis.grpc.server.GrpcAdminProtocolService successfully
2023-08-25 08:52:25,818 [0b97acf7-1047-49ae-a506-e2d05ab0320a-NettyServerStreamRpc-bossGroup--thread1] INFO  logging.LoggingHandler (AbstractInternalLogger.java:log(148)) - [id: 0xec6e3e8d, L:/0:0:0:0:0:0:0:0:15139] CLOSE
2023-08-25 08:52:25,818 [0b97acf7-1047-49ae-a506-e2d05ab0320a-NettyServerStreamRpc-bossGroup--thread1] INFO  logging.LoggingHandler (AbstractInternalLogger.java:log(148)) - [id: 0xec6e3e8d, L:/0:0:0:0:0:0:0:0:15139] INACTIVE
2023-08-25 08:52:25,818 [0b97acf7-1047-49ae-a506-e2d05ab0320a-NettyServerStreamRpc-bossGroup--thread1] INFO  logging.LoggingHandler (AbstractInternalLogger.java:log(148)) - [id: 0xec6e3e8d, L:/0:0:0:0:0:0:0:0:15139] UNREGISTERED
2023-08-25 08:52:25,821 [c349e6d8-44a6-453c-8914-c421dd83a8f7-impl-thread1] INFO  impl.RoleInfo (RoleInfo.java:shutdownLeaderState(93)) - c349e6d8-44a6-453c-8914-c421dd83a8f7: shutdown c349e6d8-44a6-453c-8914-c421dd83a8f7@group-55B547732D1A-LeaderStateImpl
2023-08-25 08:52:25,821 [c349e6d8-44a6-453c-8914-c421dd83a8f7-impl-thread1] INFO  impl.PendingRequests (PendingRequests.java:sendNotLeaderResponses(289)) - c349e6d8-44a6-453c-8914-c421dd83a8f7@group-55B547732D1A-PendingRequests: sendNotLeaderResponses
2023-08-25 08:52:25,825 [c349e6d8-44a6-453c-8914-c421dd83a8f7@group-55B547732D1A-StateMachineUpdater] INFO  ratis.ContainerStateMachine (ContainerStateMachine.java:takeSnapshot(330)) - group-55B547732D1A: Taking a snapshot at:(t:1, i:0) file /home/runner/work/ozone/ozone/hadoop-ozone/integration-test/target/test-dir/MiniOzoneClusterImpl-0e3afe45-f4df-41ce-9d76-18b1c152426f/datanode-4/data/ratis/b8c75c80-7fc6-4646-87d0-55b547732d1a/sm/snapshot.1_0
2023-08-25 08:52:25,825 [ForkJoinPool.commonPool-worker-3] INFO  server.GrpcService (GrpcService.java:closeImpl(320)) - c349e6d8-44a6-453c-8914-c421dd83a8f7: shutdown server org.apache.ratis.grpc.server.GrpcClientProtocolService successfully
2023-08-25 08:52:25,825 [ForkJoinPool.commonPool-worker-3] INFO  server.GrpcService (GrpcService.java:closeImpl(311)) - c349e6d8-44a6-453c-8914-c421dd83a8f7: shutdown server GrpcServerProtocolService now
2023-08-25 08:52:25,825 [c349e6d8-44a6-453c-8914-c421dd83a8f7-impl-thread1] INFO  impl.StateMachineUpdater (StateMachineUpdater.java:stopAndJoin(155)) - c349e6d8-44a6-453c-8914-c421dd83a8f7@group-55B547732D1A-StateMachineUpdater: set stopIndex = 0
2023-08-25 08:52:25,826 [c349e6d8-44a6-453c-8914-c421dd83a8f7@group-55B547732D1A-StateMachineUpdater] INFO  ratis.ContainerStateMachine (ContainerStateMachine.java:takeSnapshot(341)) - group-55B547732D1A: Finished taking a snapshot at:(t:1, i:0) file:/home/runner/work/ozone/ozone/hadoop-ozone/integration-test/target/test-dir/MiniOzoneClusterImpl-0e3afe45-f4df-41ce-9d76-18b1c152426f/datanode-4/data/ratis/b8c75c80-7fc6-4646-87d0-55b547732d1a/sm/snapshot.1_0 took: 1 ms
2023-08-25 08:52:25,826 [c349e6d8-44a6-453c-8914-c421dd83a8f7@group-55B547732D1A-StateMachineUpdater] INFO  impl.StateMachineUpdater (StateMachineUpdater.java:takeSnapshot(291)) - c349e6d8-44a6-453c-8914-c421dd83a8f7@group-55B547732D1A-StateMachineUpdater: Took a snapshot at index 0
2023-08-25 08:52:25,826 [c349e6d8-44a6-453c-8914-c421dd83a8f7@group-55B547732D1A-StateMachineUpdater] INFO  impl.StateMachineUpdater (StateMachineUpdater.java:lambda$new$0(97)) - c349e6d8-44a6-453c-8914-c421dd83a8f7@group-55B547732D1A-StateMachineUpdater: snapshotIndex: updateIncreasingly -1 -> 0
2023-08-25 08:52:25,826 [c349e6d8-44a6-453c-8914-c421dd83a8f7-impl-thread1] INFO  server.RaftServer$Division (ServerState.java:close(472)) - c349e6d8-44a6-453c-8914-c421dd83a8f7@group-55B547732D1A: closes. applyIndex: 0
2023-08-25 08:52:25,835 [ForkJoinPool.commonPool-worker-3] INFO  server.GrpcService (GrpcService.java:closeImpl(320)) - c349e6d8-44a6-453c-8914-c421dd83a8f7: shutdown server GrpcServerProtocolService successfully
2023-08-25 08:52:25,835 [ForkJoinPool.commonPool-worker-3] INFO  server.GrpcService (GrpcService.java:closeImpl(311)) - c349e6d8-44a6-453c-8914-c421dd83a8f7: shutdown server org.apache.ratis.grpc.server.GrpcAdminProtocolService now
2023-08-25 08:52:25,838 [ForkJoinPool.commonPool-worker-3] INFO  server.GrpcService (GrpcService.java:closeImpl(320)) - c349e6d8-44a6-453c-8914-c421dd83a8f7: shutdown server org.apache.ratis.grpc.server.GrpcAdminProtocolService successfully
2023-08-25 08:52:25,838 [c349e6d8-44a6-453c-8914-c421dd83a8f7-NettyServerStreamRpc-bossGroup--thread1] INFO  logging.LoggingHandler (AbstractInternalLogger.java:log(148)) - [id: 0x2dc0fe29, L:/0:0:0:0:0:0:0:0:15157] CLOSE
2023-08-25 08:52:25,838 [c349e6d8-44a6-453c-8914-c421dd83a8f7-NettyServerStreamRpc-bossGroup--thread1] INFO  logging.LoggingHandler (AbstractInternalLogger.java:log(148)) - [id: 0x2dc0fe29, L:/0:0:0:0:0:0:0:0:15157] INACTIVE
2023-08-25 08:52:25,839 [c349e6d8-44a6-453c-8914-c421dd83a8f7-NettyServerStreamRpc-bossGroup--thread1] INFO  logging.LoggingHandler (AbstractInternalLogger.java:log(148)) - [id: 0x2dc0fe29, L:/0:0:0:0:0:0:0:0:15157] UNREGISTERED
2023-08-25 08:52:25,842 [ForkJoinPool.commonPool-worker-0] INFO  ozoneimpl.OzoneContainer (OzoneContainer.java:stop(451)) - Attempting to stop container services.
2023-08-25 08:52:25,843 [ForkJoinPool.commonPool-worker-0] INFO  server.RaftServer (RaftServerProxy.java:lambda$close$6(416)) - c5b52100-b3af-4f34-8186-445655f547f5: close
2023-08-25 08:52:25,846 [ForkJoinPool.commonPool-worker-0] INFO  server.GrpcService (GrpcService.java:closeImpl(311)) - c5b52100-b3af-4f34-8186-445655f547f5: shutdown server org.apache.ratis.grpc.server.GrpcClientProtocolService now
2023-08-25 08:52:25,846 [c5b52100-b3af-4f34-8186-445655f547f5-impl-thread1] INFO  server.RaftServer$Division (RaftServerImpl.java:lambda$close$4(466)) - c5b52100-b3af-4f34-8186-445655f547f5@group-AB203C3EB5DD: shutdown
2023-08-25 08:52:25,846 [c5b52100-b3af-4f34-8186-445655f547f5-impl-thread1] INFO  util.JmxRegister (JmxRegister.java:unregister(73)) - Successfully un-registered JMX Bean with object name Ratis:service=RaftServer,group=group-AB203C3EB5DD,id=c5b52100-b3af-4f34-8186-445655f547f5
2023-08-25 08:52:25,846 [c5b52100-b3af-4f34-8186-445655f547f5-impl-thread1] INFO  impl.RoleInfo (RoleInfo.java:shutdownLeaderState(93)) - c5b52100-b3af-4f34-8186-445655f547f5: shutdown c5b52100-b3af-4f34-8186-445655f547f5@group-AB203C3EB5DD-LeaderStateImpl
2023-08-25 08:52:25,846 [c5b52100-b3af-4f34-8186-445655f547f5-impl-thread1] INFO  impl.PendingRequests (PendingRequests.java:sendNotLeaderResponses(289)) - c5b52100-b3af-4f34-8186-445655f547f5@group-AB203C3EB5DD-PendingRequests: sendNotLeaderResponses
2023-08-25 08:52:25,846 [c5b52100-b3af-4f34-8186-445655f547f5-impl-thread1] INFO  impl.StateMachineUpdater (StateMachineUpdater.java:stopAndJoin(155)) - c5b52100-b3af-4f34-8186-445655f547f5@group-AB203C3EB5DD-StateMachineUpdater: set stopIndex = 0
2023-08-25 08:52:25,847 [c5b52100-b3af-4f34-8186-445655f547f5@group-AB203C3EB5DD-StateMachineUpdater] INFO  ratis.ContainerStateMachine (ContainerStateMachine.java:takeSnapshot(330)) - group-AB203C3EB5DD: Taking a snapshot at:(t:1, i:0) file /home/runner/work/ozone/ozone/hadoop-ozone/integration-test/target/test-dir/MiniOzoneClusterImpl-0e3afe45-f4df-41ce-9d76-18b1c152426f/datanode-3/data/ratis/31d00607-52f3-4976-8b4d-ab203c3eb5dd/sm/snapshot.1_0
2023-08-25 08:52:25,848 [c5b52100-b3af-4f34-8186-445655f547f5@group-AB203C3EB5DD-StateMachineUpdater] INFO  ratis.ContainerStateMachine (ContainerStateMachine.java:takeSnapshot(341)) - group-AB203C3EB5DD: Finished taking a snapshot at:(t:1, i:0) file:/home/runner/work/ozone/ozone/hadoop-ozone/integration-test/target/test-dir/MiniOzoneClusterImpl-0e3afe45-f4df-41ce-9d76-18b1c152426f/datanode-3/data/ratis/31d00607-52f3-4976-8b4d-ab203c3eb5dd/sm/snapshot.1_0 took: 1 ms
2023-08-25 08:52:25,848 [ForkJoinPool.commonPool-worker-0] INFO  server.GrpcService (GrpcService.java:closeImpl(320)) - c5b52100-b3af-4f34-8186-445655f547f5: shutdown server org.apache.ratis.grpc.server.GrpcClientProtocolService successfully
2023-08-25 08:52:25,848 [ForkJoinPool.commonPool-worker-0] INFO  server.GrpcService (GrpcService.java:closeImpl(311)) - c5b52100-b3af-4f34-8186-445655f547f5: shutdown server GrpcServerProtocolService now
2023-08-25 08:52:25,848 [c5b52100-b3af-4f34-8186-445655f547f5@group-AB203C3EB5DD-StateMachineUpdater] INFO  impl.StateMachineUpdater (StateMachineUpdater.java:takeSnapshot(291)) - c5b52100-b3af-4f34-8186-445655f547f5@group-AB203C3EB5DD-StateMachineUpdater: Took a snapshot at index 0
2023-08-25 08:52:25,849 [c5b52100-b3af-4f34-8186-445655f547f5@group-AB203C3EB5DD-StateMachineUpdater] INFO  impl.StateMachineUpdater (StateMachineUpdater.java:lambda$new$0(97)) - c5b52100-b3af-4f34-8186-445655f547f5@group-AB203C3EB5DD-StateMachineUpdater: snapshotIndex: updateIncreasingly -1 -> 0
2023-08-25 08:52:25,853 [c5b52100-b3af-4f34-8186-445655f547f5-impl-thread1] INFO  server.RaftServer$Division (ServerState.java:close(472)) - c5b52100-b3af-4f34-8186-445655f547f5@group-AB203C3EB5DD: closes. applyIndex: 0
2023-08-25 08:52:25,853 [ForkJoinPool.commonPool-worker-0] INFO  server.GrpcService (GrpcService.java:closeImpl(320)) - c5b52100-b3af-4f34-8186-445655f547f5: shutdown server GrpcServerProtocolService successfully
2023-08-25 08:52:25,853 [ForkJoinPool.commonPool-worker-0] INFO  server.GrpcService (GrpcService.java:closeImpl(311)) - c5b52100-b3af-4f34-8186-445655f547f5: shutdown server org.apache.ratis.grpc.server.GrpcAdminProtocolService now
2023-08-25 08:52:25,854 [ForkJoinPool.commonPool-worker-0] INFO  server.GrpcService (GrpcService.java:closeImpl(320)) - c5b52100-b3af-4f34-8186-445655f547f5: shutdown server org.apache.ratis.grpc.server.GrpcAdminProtocolService successfully
2023-08-25 08:52:25,855 [c5b52100-b3af-4f34-8186-445655f547f5-NettyServerStreamRpc-bossGroup--thread1] INFO  logging.LoggingHandler (AbstractInternalLogger.java:log(148)) - [id: 0x572e08e7, L:/0:0:0:0:0:0:0:0:15148] CLOSE
2023-08-25 08:52:25,855 [c5b52100-b3af-4f34-8186-445655f547f5-NettyServerStreamRpc-bossGroup--thread1] INFO  logging.LoggingHandler (AbstractInternalLogger.java:log(148)) - [id: 0x572e08e7, L:/0:0:0:0:0:0:0:0:15148] INACTIVE
2023-08-25 08:52:25,855 [c5b52100-b3af-4f34-8186-445655f547f5-NettyServerStreamRpc-bossGroup--thread1] INFO  logging.LoggingHandler (AbstractInternalLogger.java:log(148)) - [id: 0x572e08e7, L:/0:0:0:0:0:0:0:0:15148] UNREGISTERED
2023-08-25 08:52:26,031 [0b97acf7-1047-49ae-a506-e2d05ab0320a-impl-thread1] INFO  segmented.SegmentedRaftLogWorker (SegmentedRaftLogWorker.java:close(252)) - 0b97acf7-1047-49ae-a506-e2d05ab0320a@group-E19715B45B51-SegmentedRaftLogWorker close()
2023-08-25 08:52:26,032 [JvmPauseMonitor18] INFO  util.JvmPauseMonitor (JvmPauseMonitor.java:run(109)) - JvmPauseMonitor-0b97acf7-1047-49ae-a506-e2d05ab0320a: Stopped
2023-08-25 08:52:26,226 [13a37e5a-b376-4d6f-b694-58d1355ff7ca-impl-thread1] INFO  segmented.SegmentedRaftLogWorker (SegmentedRaftLogWorker.java:close(252)) - 13a37e5a-b376-4d6f-b694-58d1355ff7ca@group-4088ECE94106-SegmentedRaftLogWorker close()
2023-08-25 08:52:26,227 [JvmPauseMonitor16] INFO  util.JvmPauseMonitor (JvmPauseMonitor.java:run(109)) - JvmPauseMonitor-13a37e5a-b376-4d6f-b694-58d1355ff7ca: Stopped
2023-08-25 08:52:26,376 [c5b52100-b3af-4f34-8186-445655f547f5-impl-thread1] INFO  segmented.SegmentedRaftLogWorker (SegmentedRaftLogWorker.java:close(252)) - c5b52100-b3af-4f34-8186-445655f547f5@group-AB203C3EB5DD-SegmentedRaftLogWorker close()
2023-08-25 08:52:26,378 [JvmPauseMonitor19] INFO  util.JvmPauseMonitor (JvmPauseMonitor.java:run(109)) - JvmPauseMonitor-c5b52100-b3af-4f34-8186-445655f547f5: Stopped
2023-08-25 08:52:26,629 [ReplicationMonitor] INFO  replication.ReplicationManager (ReplicationManager.java:processAll(389)) - Replication Monitor Thread took 0 milliseconds for processing 1 containers.
2023-08-25 08:52:26,669 [c349e6d8-44a6-453c-8914-c421dd83a8f7-impl-thread1] INFO  segmented.SegmentedRaftLogWorker (SegmentedRaftLogWorker.java:close(252)) - c349e6d8-44a6-453c-8914-c421dd83a8f7@group-55B547732D1A-SegmentedRaftLogWorker close()
2023-08-25 08:52:26,670 [JvmPauseMonitor20] INFO  util.JvmPauseMonitor (JvmPauseMonitor.java:run(109)) - JvmPauseMonitor-c349e6d8-44a6-453c-8914-c421dd83a8f7: Stopped
2023-08-25 08:52:27,630 [ReplicationMonitor] INFO  replication.ReplicationManager (ReplicationManager.java:processAll(389)) - Replication Monitor Thread took 1 milliseconds for processing 1 containers.
2023-08-25 08:52:28,037 [Time-limited test] INFO  utils.DatanodeStoreCache (DatanodeStoreCache.java:shutdownCache(110)) - Skip clearing cache in mini cluster mode. Entries left: [/home/runner/work/ozone/ozone/hadoop-ozone/integration-test/target/test-dir/MiniOzoneClusterImpl-0e3afe45-f4df-41ce-9d76-18b1c152426f/datanode-0/data-0/containers/hdds/0e3afe45-f4df-41ce-9d76-18b1c152426f/DS-e1fbb54a-879c-4bb8-baa8-99e8eeab03ca/container.db, /home/runner/work/ozone/ozone/hadoop-ozone/integration-test/target/test-dir/MiniOzoneClusterImpl-0e3afe45-f4df-41ce-9d76-18b1c152426f/datanode-2/data-0/containers/hdds/0e3afe45-f4df-41ce-9d76-18b1c152426f/DS-1a0d3725-bb27-482b-b05d-4dd6b8fb8ac4/container.db, /home/runner/work/ozone/ozone/hadoop-ozone/integration-test/target/test-dir/MiniOzoneClusterImpl-0e3afe45-f4df-41ce-9d76-18b1c152426f/datanode-3/data-0/containers/hdds/0e3afe45-f4df-41ce-9d76-18b1c152426f/DS-709b145c-aeb4-4a7e-9f38-a94944b3e46e/container.db, /home/runner/work/ozone/ozone/hadoop-ozone/integration-test/target/test-dir/MiniOzoneClusterImpl-0e3afe45-f4df-41ce-9d76-18b1c152426f/datanode-4/data-0/containers/hdds/0e3afe45-f4df-41ce-9d76-18b1c152426f/DS-aa3a4776-c89c-4ea0-b10e-7db98befcf83/container.db]
2023-08-25 08:52:28,041 [Time-limited test] INFO  utils.DatanodeStoreCache (DatanodeStoreCache.java:removeDB(104)) - Removed db /home/runner/work/ozone/ozone/hadoop-ozone/integration-test/target/test-dir/MiniOzoneClusterImpl-0e3afe45-f4df-41ce-9d76-18b1c152426f/datanode-2/data-0/containers/hdds/0e3afe45-f4df-41ce-9d76-18b1c152426f/DS-1a0d3725-bb27-482b-b05d-4dd6b8fb8ac4/container.db from cache
2023-08-25 08:52:28,041 [Time-limited test] INFO  volume.HddsVolume (HddsVolume.java:closeDbStore(453)) - SchemaV3 db is stopped at /home/runner/work/ozone/ozone/hadoop-ozone/integration-test/target/test-dir/MiniOzoneClusterImpl-0e3afe45-f4df-41ce-9d76-18b1c152426f/datanode-2/data-0/containers/hdds/0e3afe45-f4df-41ce-9d76-18b1c152426f/DS-1a0d3725-bb27-482b-b05d-4dd6b8fb8ac4/container.db for volume DS-1a0d3725-bb27-482b-b05d-4dd6b8fb8ac4
2023-08-25 08:52:28,041 [Time-limited test] INFO  utils.BackgroundService (BackgroundService.java:shutdown(141)) - Shutting down service BlockDeletingService
2023-08-25 08:52:28,044 [Time-limited test] INFO  utils.BackgroundService (BackgroundService.java:shutdown(141)) - Shutting down service StaleRecoveringContainerScrubbingService
2023-08-25 08:52:28,044 [Time-limited test] INFO  statemachine.DatanodeStateMachine (DatanodeStateMachine.java:stopDaemon(620)) - Ozone container server stopped.
2023-08-25 08:52:28,054 [Time-limited test] INFO  handler.ContextHandler (ContextHandler.java:doStop(1159)) - Stopped o.e.j.w.WebAppContext@661705f2{hddsDatanode,/,null,STOPPED}{jar:file:/home/runner/.m2/repository/org/apache/ozone/hdds-container-service/1.4.0-SNAPSHOT/hdds-container-service-1.4.0-SNAPSHOT.jar!/webapps/hddsDatanode}
2023-08-25 08:52:28,055 [Time-limited test] INFO  server.AbstractConnector (AbstractConnector.java:doStop(383)) - Stopped ServerConnector@4e2bb9d6{HTTP/1.1, (http/1.1)}{0.0.0.0:15133}
2023-08-25 08:52:28,055 [Time-limited test] INFO  server.session (HouseKeeper.java:stopScavenging(149)) - node0 Stopped scavenging
2023-08-25 08:52:28,055 [Time-limited test] INFO  handler.ContextHandler (ContextHandler.java:doStop(1159)) - Stopped o.e.j.s.ServletContextHandler@32a95718{static,/static,jar:file:/home/runner/.m2/repository/org/apache/ozone/hdds-container-service/1.4.0-SNAPSHOT/hdds-container-service-1.4.0-SNAPSHOT.jar!/webapps/static,STOPPED}
2023-08-25 08:52:28,055 [Time-limited test] INFO  handler.ContextHandler (ContextHandler.java:doStop(1159)) - Stopped o.e.j.s.ServletContextHandler@5431116{logs,/logs,file:///home/runner/work/ozone/ozone/hadoop-ozone/integration-test/target/log,STOPPED}
2023-08-25 08:52:28,056 [Time-limited test] INFO  ozone.HddsDatanodeClientProtocolServer (HddsDatanodeClientProtocolServer.java:stop(78)) - Stopping the RPC server for Client Protocol
2023-08-25 08:52:28,056 [Time-limited test] INFO  ipc.Server (Server.java:stop(3523)) - Stopping server on 15134
2023-08-25 08:52:28,057 [IPC Server Responder] INFO  ipc.Server (Server.java:run(1567)) - Stopping IPC Server Responder
2023-08-25 08:52:28,058 [IPC Server listener on 15134] INFO  ipc.Server (Server.java:run(1434)) - Stopping IPC Server listener on 15134
2023-08-25 08:52:28,233 [ForkJoinPool.commonPool-worker-2] INFO  utils.DatanodeStoreCache (DatanodeStoreCache.java:shutdownCache(110)) - Skip clearing cache in mini cluster mode. Entries left: [/home/runner/work/ozone/ozone/hadoop-ozone/integration-test/target/test-dir/MiniOzoneClusterImpl-0e3afe45-f4df-41ce-9d76-18b1c152426f/datanode-0/data-0/containers/hdds/0e3afe45-f4df-41ce-9d76-18b1c152426f/DS-e1fbb54a-879c-4bb8-baa8-99e8eeab03ca/container.db, /home/runner/work/ozone/ozone/hadoop-ozone/integration-test/target/test-dir/MiniOzoneClusterImpl-0e3afe45-f4df-41ce-9d76-18b1c152426f/datanode-3/data-0/containers/hdds/0e3afe45-f4df-41ce-9d76-18b1c152426f/DS-709b145c-aeb4-4a7e-9f38-a94944b3e46e/container.db, /home/runner/work/ozone/ozone/hadoop-ozone/integration-test/target/test-dir/MiniOzoneClusterImpl-0e3afe45-f4df-41ce-9d76-18b1c152426f/datanode-4/data-0/containers/hdds/0e3afe45-f4df-41ce-9d76-18b1c152426f/DS-aa3a4776-c89c-4ea0-b10e-7db98befcf83/container.db]
2023-08-25 08:52:28,240 [ForkJoinPool.commonPool-worker-2] INFO  utils.DatanodeStoreCache (DatanodeStoreCache.java:removeDB(104)) - Removed db /home/runner/work/ozone/ozone/hadoop-ozone/integration-test/target/test-dir/MiniOzoneClusterImpl-0e3afe45-f4df-41ce-9d76-18b1c152426f/datanode-0/data-0/containers/hdds/0e3afe45-f4df-41ce-9d76-18b1c152426f/DS-e1fbb54a-879c-4bb8-baa8-99e8eeab03ca/container.db from cache
2023-08-25 08:52:28,240 [ForkJoinPool.commonPool-worker-2] INFO  volume.HddsVolume (HddsVolume.java:closeDbStore(453)) - SchemaV3 db is stopped at /home/runner/work/ozone/ozone/hadoop-ozone/integration-test/target/test-dir/MiniOzoneClusterImpl-0e3afe45-f4df-41ce-9d76-18b1c152426f/datanode-0/data-0/containers/hdds/0e3afe45-f4df-41ce-9d76-18b1c152426f/DS-e1fbb54a-879c-4bb8-baa8-99e8eeab03ca/container.db for volume DS-e1fbb54a-879c-4bb8-baa8-99e8eeab03ca
2023-08-25 08:52:28,240 [ForkJoinPool.commonPool-worker-2] INFO  utils.BackgroundService (BackgroundService.java:shutdown(141)) - Shutting down service BlockDeletingService
2023-08-25 08:52:28,240 [ForkJoinPool.commonPool-worker-2] INFO  utils.BackgroundService (BackgroundService.java:shutdown(141)) - Shutting down service StaleRecoveringContainerScrubbingService
2023-08-25 08:52:28,245 [ForkJoinPool.commonPool-worker-2] INFO  statemachine.DatanodeStateMachine (DatanodeStateMachine.java:stopDaemon(620)) - Ozone container server stopped.
2023-08-25 08:52:28,260 [ForkJoinPool.commonPool-worker-2] INFO  handler.ContextHandler (ContextHandler.java:doStop(1159)) - Stopped o.e.j.w.WebAppContext@5ab405ce{hddsDatanode,/,null,STOPPED}{jar:file:/home/runner/.m2/repository/org/apache/ozone/hdds-container-service/1.4.0-SNAPSHOT/hdds-container-service-1.4.0-SNAPSHOT.jar!/webapps/hddsDatanode}
2023-08-25 08:52:28,261 [ForkJoinPool.commonPool-worker-2] INFO  server.AbstractConnector (AbstractConnector.java:doStop(383)) - Stopped ServerConnector@11519f66{HTTP/1.1, (http/1.1)}{0.0.0.0:15115}
2023-08-25 08:52:28,261 [ForkJoinPool.commonPool-worker-2] INFO  server.session (HouseKeeper.java:stopScavenging(149)) - node0 Stopped scavenging
2023-08-25 08:52:28,263 [ForkJoinPool.commonPool-worker-2] INFO  handler.ContextHandler (ContextHandler.java:doStop(1159)) - Stopped o.e.j.s.ServletContextHandler@593f2c41{static,/static,jar:file:/home/runner/.m2/repository/org/apache/ozone/hdds-container-service/1.4.0-SNAPSHOT/hdds-container-service-1.4.0-SNAPSHOT.jar!/webapps/static,STOPPED}
2023-08-25 08:52:28,263 [ForkJoinPool.commonPool-worker-2] INFO  handler.ContextHandler (ContextHandler.java:doStop(1159)) - Stopped o.e.j.s.ServletContextHandler@73a50b8{logs,/logs,file:///home/runner/work/ozone/ozone/hadoop-ozone/integration-test/target/log,STOPPED}
2023-08-25 08:52:28,263 [ForkJoinPool.commonPool-worker-2] INFO  ozone.HddsDatanodeClientProtocolServer (HddsDatanodeClientProtocolServer.java:stop(78)) - Stopping the RPC server for Client Protocol
2023-08-25 08:52:28,263 [ForkJoinPool.commonPool-worker-2] INFO  ipc.Server (Server.java:stop(3523)) - Stopping server on 15116
2023-08-25 08:52:28,264 [IPC Server listener on 15116] INFO  ipc.Server (Server.java:run(1434)) - Stopping IPC Server listener on 15116
2023-08-25 08:52:28,265 [IPC Server Responder] INFO  ipc.Server (Server.java:run(1567)) - Stopping IPC Server Responder
2023-08-25 08:52:28,387 [ForkJoinPool.commonPool-worker-0] INFO  utils.DatanodeStoreCache (DatanodeStoreCache.java:shutdownCache(110)) - Skip clearing cache in mini cluster mode. Entries left: [/home/runner/work/ozone/ozone/hadoop-ozone/integration-test/target/test-dir/MiniOzoneClusterImpl-0e3afe45-f4df-41ce-9d76-18b1c152426f/datanode-3/data-0/containers/hdds/0e3afe45-f4df-41ce-9d76-18b1c152426f/DS-709b145c-aeb4-4a7e-9f38-a94944b3e46e/container.db, /home/runner/work/ozone/ozone/hadoop-ozone/integration-test/target/test-dir/MiniOzoneClusterImpl-0e3afe45-f4df-41ce-9d76-18b1c152426f/datanode-4/data-0/containers/hdds/0e3afe45-f4df-41ce-9d76-18b1c152426f/DS-aa3a4776-c89c-4ea0-b10e-7db98befcf83/container.db]
2023-08-25 08:52:28,390 [ForkJoinPool.commonPool-worker-0] INFO  utils.DatanodeStoreCache (DatanodeStoreCache.java:removeDB(104)) - Removed db /home/runner/work/ozone/ozone/hadoop-ozone/integration-test/target/test-dir/MiniOzoneClusterImpl-0e3afe45-f4df-41ce-9d76-18b1c152426f/datanode-3/data-0/containers/hdds/0e3afe45-f4df-41ce-9d76-18b1c152426f/DS-709b145c-aeb4-4a7e-9f38-a94944b3e46e/container.db from cache
2023-08-25 08:52:28,390 [ForkJoinPool.commonPool-worker-0] INFO  volume.HddsVolume (HddsVolume.java:closeDbStore(453)) - SchemaV3 db is stopped at /home/runner/work/ozone/ozone/hadoop-ozone/integration-test/target/test-dir/MiniOzoneClusterImpl-0e3afe45-f4df-41ce-9d76-18b1c152426f/datanode-3/data-0/containers/hdds/0e3afe45-f4df-41ce-9d76-18b1c152426f/DS-709b145c-aeb4-4a7e-9f38-a94944b3e46e/container.db for volume DS-709b145c-aeb4-4a7e-9f38-a94944b3e46e
2023-08-25 08:52:28,390 [ForkJoinPool.commonPool-worker-0] INFO  utils.BackgroundService (BackgroundService.java:shutdown(141)) - Shutting down service BlockDeletingService
2023-08-25 08:52:28,391 [ForkJoinPool.commonPool-worker-0] INFO  utils.BackgroundService (BackgroundService.java:shutdown(141)) - Shutting down service StaleRecoveringContainerScrubbingService
2023-08-25 08:52:28,391 [ForkJoinPool.commonPool-worker-0] INFO  statemachine.DatanodeStateMachine (DatanodeStateMachine.java:stopDaemon(620)) - Ozone container server stopped.
2023-08-25 08:52:28,399 [EventQueue-StaleNodeForStaleNodeHandler] INFO  node.StaleNodeHandler (StaleNodeHandler.java:onMessage(58)) - Datanode c5b52100-b3af-4f34-8186-445655f547f5(fv-az584-689.msjcyvhqqs1uvpg4fm53wptgqc.jx.internal.cloudapp.net/10.1.0.19) moved to stale state. Finalizing its pipelines [PipelineID=31d00607-52f3-4976-8b4d-ab203c3eb5dd]
2023-08-25 08:52:28,400 [EventQueue-StaleNodeForStaleNodeHandler] INFO  pipeline.PipelineManagerImpl (PipelineManagerImpl.java:closePipeline(529)) - Pipeline Pipeline[ Id: 31d00607-52f3-4976-8b4d-ab203c3eb5dd, Nodes: c5b52100-b3af-4f34-8186-445655f547f5(fv-az584-689.msjcyvhqqs1uvpg4fm53wptgqc.jx.internal.cloudapp.net/10.1.0.19), ReplicationConfig: RATIS/ONE, State:OPEN, leaderId:c5b52100-b3af-4f34-8186-445655f547f5, CreationTimestamp2023-08-25T08:52:04.143Z[Etc/UTC]] moved to CLOSED state
2023-08-25 08:52:28,404 [ForkJoinPool.commonPool-worker-0] INFO  handler.ContextHandler (ContextHandler.java:doStop(1159)) - Stopped o.e.j.w.WebAppContext@6cda96a6{hddsDatanode,/,null,STOPPED}{jar:file:/home/runner/.m2/repository/org/apache/ozone/hdds-container-service/1.4.0-SNAPSHOT/hdds-container-service-1.4.0-SNAPSHOT.jar!/webapps/hddsDatanode}
2023-08-25 08:52:28,405 [ForkJoinPool.commonPool-worker-0] INFO  server.AbstractConnector (AbstractConnector.java:doStop(383)) - Stopped ServerConnector@acf10b3{HTTP/1.1, (http/1.1)}{0.0.0.0:15142}
2023-08-25 08:52:28,405 [ForkJoinPool.commonPool-worker-0] INFO  server.session (HouseKeeper.java:stopScavenging(149)) - node0 Stopped scavenging
2023-08-25 08:52:28,405 [ForkJoinPool.commonPool-worker-0] INFO  handler.ContextHandler (ContextHandler.java:doStop(1159)) - Stopped o.e.j.s.ServletContextHandler@5ece2b58{static,/static,jar:file:/home/runner/.m2/repository/org/apache/ozone/hdds-container-service/1.4.0-SNAPSHOT/hdds-container-service-1.4.0-SNAPSHOT.jar!/webapps/static,STOPPED}
2023-08-25 08:52:28,405 [ForkJoinPool.commonPool-worker-0] INFO  handler.ContextHandler (ContextHandler.java:doStop(1159)) - Stopped o.e.j.s.ServletContextHandler@58976d59{logs,/logs,file:///home/runner/work/ozone/ozone/hadoop-ozone/integration-test/target/log,STOPPED}
2023-08-25 08:52:28,406 [ForkJoinPool.commonPool-worker-0] INFO  ozone.HddsDatanodeClientProtocolServer (HddsDatanodeClientProtocolServer.java:stop(78)) - Stopping the RPC server for Client Protocol
2023-08-25 08:52:28,406 [ForkJoinPool.commonPool-worker-0] INFO  ipc.Server (Server.java:stop(3523)) - Stopping server on 15143
2023-08-25 08:52:28,406 [IPC Server listener on 15143] INFO  ipc.Server (Server.java:run(1434)) - Stopping IPC Server listener on 15143
2023-08-25 08:52:28,407 [IPC Server Responder] INFO  ipc.Server (Server.java:run(1567)) - Stopping IPC Server Responder
2023-08-25 08:52:28,630 [ReplicationMonitor] INFO  replication.ReplicationManager (ReplicationManager.java:processAll(389)) - Replication Monitor Thread took 0 milliseconds for processing 1 containers.
2023-08-25 08:52:28,682 [ForkJoinPool.commonPool-worker-3] INFO  utils.DatanodeStoreCache (DatanodeStoreCache.java:shutdownCache(110)) - Skip clearing cache in mini cluster mode. Entries left: [/home/runner/work/ozone/ozone/hadoop-ozone/integration-test/target/test-dir/MiniOzoneClusterImpl-0e3afe45-f4df-41ce-9d76-18b1c152426f/datanode-4/data-0/containers/hdds/0e3afe45-f4df-41ce-9d76-18b1c152426f/DS-aa3a4776-c89c-4ea0-b10e-7db98befcf83/container.db]
2023-08-25 08:52:28,685 [ForkJoinPool.commonPool-worker-3] INFO  utils.DatanodeStoreCache (DatanodeStoreCache.java:removeDB(104)) - Removed db /home/runner/work/ozone/ozone/hadoop-ozone/integration-test/target/test-dir/MiniOzoneClusterImpl-0e3afe45-f4df-41ce-9d76-18b1c152426f/datanode-4/data-0/containers/hdds/0e3afe45-f4df-41ce-9d76-18b1c152426f/DS-aa3a4776-c89c-4ea0-b10e-7db98befcf83/container.db from cache
2023-08-25 08:52:28,685 [ForkJoinPool.commonPool-worker-3] INFO  volume.HddsVolume (HddsVolume.java:closeDbStore(453)) - SchemaV3 db is stopped at /home/runner/work/ozone/ozone/hadoop-ozone/integration-test/target/test-dir/MiniOzoneClusterImpl-0e3afe45-f4df-41ce-9d76-18b1c152426f/datanode-4/data-0/containers/hdds/0e3afe45-f4df-41ce-9d76-18b1c152426f/DS-aa3a4776-c89c-4ea0-b10e-7db98befcf83/container.db for volume DS-aa3a4776-c89c-4ea0-b10e-7db98befcf83
2023-08-25 08:52:28,685 [ForkJoinPool.commonPool-worker-3] INFO  utils.BackgroundService (BackgroundService.java:shutdown(141)) - Shutting down service BlockDeletingService
2023-08-25 08:52:28,686 [ForkJoinPool.commonPool-worker-3] INFO  utils.BackgroundService (BackgroundService.java:shutdown(141)) - Shutting down service StaleRecoveringContainerScrubbingService
2023-08-25 08:52:28,686 [ForkJoinPool.commonPool-worker-3] INFO  statemachine.DatanodeStateMachine (DatanodeStateMachine.java:stopDaemon(620)) - Ozone container server stopped.
2023-08-25 08:52:28,697 [ForkJoinPool.commonPool-worker-3] INFO  handler.ContextHandler (ContextHandler.java:doStop(1159)) - Stopped o.e.j.w.WebAppContext@69053af8{hddsDatanode,/,null,STOPPED}{jar:file:/home/runner/.m2/repository/org/apache/ozone/hdds-container-service/1.4.0-SNAPSHOT/hdds-container-service-1.4.0-SNAPSHOT.jar!/webapps/hddsDatanode}
2023-08-25 08:52:28,697 [ForkJoinPool.commonPool-worker-3] INFO  server.AbstractConnector (AbstractConnector.java:doStop(383)) - Stopped ServerConnector@527204f1{HTTP/1.1, (http/1.1)}{0.0.0.0:15151}
2023-08-25 08:52:28,697 [ForkJoinPool.commonPool-worker-3] INFO  server.session (HouseKeeper.java:stopScavenging(149)) - node0 Stopped scavenging
2023-08-25 08:52:28,697 [ForkJoinPool.commonPool-worker-3] INFO  handler.ContextHandler (ContextHandler.java:doStop(1159)) - Stopped o.e.j.s.ServletContextHandler@41354806{static,/static,jar:file:/home/runner/.m2/repository/org/apache/ozone/hdds-container-service/1.4.0-SNAPSHOT/hdds-container-service-1.4.0-SNAPSHOT.jar!/webapps/static,STOPPED}
2023-08-25 08:52:28,698 [ForkJoinPool.commonPool-worker-3] INFO  handler.ContextHandler (ContextHandler.java:doStop(1159)) - Stopped o.e.j.s.ServletContextHandler@528b2703{logs,/logs,file:///home/runner/work/ozone/ozone/hadoop-ozone/integration-test/target/log,STOPPED}
2023-08-25 08:52:28,699 [ForkJoinPool.commonPool-worker-3] INFO  ozone.HddsDatanodeClientProtocolServer (HddsDatanodeClientProtocolServer.java:stop(78)) - Stopping the RPC server for Client Protocol
2023-08-25 08:52:28,699 [ForkJoinPool.commonPool-worker-3] INFO  ipc.Server (Server.java:stop(3523)) - Stopping server on 15152
2023-08-25 08:52:28,699 [IPC Server listener on 15152] INFO  ipc.Server (Server.java:run(1434)) - Stopping IPC Server listener on 15152
2023-08-25 08:52:28,700 [IPC Server Responder] INFO  ipc.Server (Server.java:run(1567)) - Stopping IPC Server Responder
2023-08-25 08:52:28,702 [Time-limited test] INFO  ozone.MiniOzoneClusterImpl (MiniOzoneClusterImpl.java:stopSCM(543)) - Stopping the StorageContainerManager
2023-08-25 08:52:28,703 [Time-limited test] INFO  server.StorageContainerManager (StorageContainerManager.java:stop(1591)) - Container Balancer is not running.
2023-08-25 08:52:28,703 [Time-limited test] INFO  server.StorageContainerManager (StorageContainerManager.java:stopReplicationManager(1724)) - Stopping Replication Manager Service.
2023-08-25 08:52:28,703 [Time-limited test] INFO  replication.ReplicationManager (ReplicationManager.java:stop(319)) - Stopping Replication Monitor Thread.
2023-08-25 08:52:28,703 [Time-limited test] INFO  server.StorageContainerManager (StorageContainerManager.java:stop(1600)) - Stopping the Datanode Admin Monitor.
2023-08-25 08:52:28,703 [Under Replicated Processor] WARN  replication.UnhealthyReplicationProcessor (UnhealthyReplicationProcessor.java:run(180)) - Under Replicated Processor interrupted. Exiting...
2023-08-25 08:52:28,703 [Over Replicated Processor] WARN  replication.UnhealthyReplicationProcessor (UnhealthyReplicationProcessor.java:run(180)) - Over Replicated Processor interrupted. Exiting...
2023-08-25 08:52:28,703 [Time-limited test] INFO  server.StorageContainerManager (StorageContainerManager.java:stop(1607)) - Stopping datanode service RPC server
2023-08-25 08:52:28,703 [ReplicationMonitor] INFO  replication.ReplicationManager (ReplicationManager.java:run(917)) - Replication Monitor Thread is stopped
2023-08-25 08:52:28,703 [Time-limited test] INFO  server.SCMDatanodeProtocolServer (SCMDatanodeProtocolServer.java:stop(424)) - Stopping the RPC server for DataNodes
2023-08-25 08:52:28,703 [Time-limited test] INFO  ipc.Server (Server.java:stop(3523)) - Stopping server on 15108
2023-08-25 08:52:28,705 [EventQueue-StaleNodeForStaleNodeHandler] INFO  node.StaleNodeHandler (StaleNodeHandler.java:onMessage(58)) - Datanode 13a37e5a-b376-4d6f-b694-58d1355ff7ca(fv-az584-689.msjcyvhqqs1uvpg4fm53wptgqc.jx.internal.cloudapp.net/10.1.0.19) moved to stale state. Finalizing its pipelines [PipelineID=7113289b-f6ac-49fd-a9bc-4088ece94106]
2023-08-25 08:52:28,706 [EventQueue-StaleNodeForStaleNodeHandler] INFO  pipeline.PipelineManagerImpl (PipelineManagerImpl.java:closePipeline(529)) - Pipeline Pipeline[ Id: 7113289b-f6ac-49fd-a9bc-4088ece94106, Nodes: 13a37e5a-b376-4d6f-b694-58d1355ff7ca(fv-az584-689.msjcyvhqqs1uvpg4fm53wptgqc.jx.internal.cloudapp.net/10.1.0.19), ReplicationConfig: RATIS/ONE, State:OPEN, leaderId:13a37e5a-b376-4d6f-b694-58d1355ff7ca, CreationTimestamp2023-08-25T08:52:03.127Z[Etc/UTC]] moved to CLOSED state
2023-08-25 08:52:28,706 [EventQueue-StaleNodeForStaleNodeHandler] INFO  node.StaleNodeHandler (StaleNodeHandler.java:onMessage(58)) - Datanode 0b97acf7-1047-49ae-a506-e2d05ab0320a(fv-az584-689.msjcyvhqqs1uvpg4fm53wptgqc.jx.internal.cloudapp.net/10.1.0.19) moved to stale state. Finalizing its pipelines [PipelineID=44a5078d-5687-431a-b629-e19715b45b51]
2023-08-25 08:52:28,706 [EventQueue-StaleNodeForStaleNodeHandler] INFO  pipeline.PipelineManagerImpl (PipelineManagerImpl.java:closePipeline(529)) - Pipeline Pipeline[ Id: 44a5078d-5687-431a-b629-e19715b45b51, Nodes: 0b97acf7-1047-49ae-a506-e2d05ab0320a(fv-az584-689.msjcyvhqqs1uvpg4fm53wptgqc.jx.internal.cloudapp.net/10.1.0.19), ReplicationConfig: RATIS/ONE, State:OPEN, leaderId:0b97acf7-1047-49ae-a506-e2d05ab0320a, CreationTimestamp2023-08-25T08:52:03.797Z[Etc/UTC]] moved to CLOSED state
2023-08-25 08:52:28,709 [IPC Server Responder] INFO  ipc.Server (Server.java:run(1567)) - Stopping IPC Server Responder
2023-08-25 08:52:28,710 [IPC Server listener on 15108] INFO  ipc.Server (Server.java:run(1434)) - Stopping IPC Server listener on 15108
2023-08-25 08:52:28,805 [SCM Heartbeat Processing Thread - 0] WARN  node.NodeStateManager (NodeStateManager.java:scheduleNextHealthCheck(874)) - Current Thread is interrupted, shutting down HB processing thread for Node Manager.
2023-08-25 08:52:28,805 [EventQueue-StaleNodeForStaleNodeHandler] INFO  node.StaleNodeHandler (StaleNodeHandler.java:onMessage(58)) - Datanode c349e6d8-44a6-453c-8914-c421dd83a8f7(fv-az584-689.msjcyvhqqs1uvpg4fm53wptgqc.jx.internal.cloudapp.net/10.1.0.19) moved to stale state. Finalizing its pipelines [PipelineID=b8c75c80-7fc6-4646-87d0-55b547732d1a]
2023-08-25 08:52:28,806 [EventQueue-StaleNodeForStaleNodeHandler] INFO  pipeline.PipelineManagerImpl (PipelineManagerImpl.java:closePipeline(529)) - Pipeline Pipeline[ Id: b8c75c80-7fc6-4646-87d0-55b547732d1a, Nodes: c349e6d8-44a6-453c-8914-c421dd83a8f7(fv-az584-689.msjcyvhqqs1uvpg4fm53wptgqc.jx.internal.cloudapp.net/10.1.0.19), ReplicationConfig: RATIS/ONE, State:OPEN, leaderId:c349e6d8-44a6-453c-8914-c421dd83a8f7, CreationTimestamp2023-08-25T08:52:04.476Z[Etc/UTC]] moved to CLOSED state
2023-08-25 08:52:28,806 [Time-limited test] INFO  server.StorageContainerManager (StorageContainerManager.java:stop(1615)) - Stopping block service RPC server
2023-08-25 08:52:28,806 [Time-limited test] INFO  server.SCMBlockProtocolServer (SCMBlockProtocolServer.java:stop(161)) - Stopping the RPC server for Block Protocol
2023-08-25 08:52:28,806 [Time-limited test] INFO  ipc.Server (Server.java:stop(3523)) - Stopping server on 15107
2023-08-25 08:52:28,808 [IPC Server listener on 15107] INFO  ipc.Server (Server.java:run(1434)) - Stopping IPC Server listener on 15107
2023-08-25 08:52:28,809 [IPC Server Responder] INFO  ipc.Server (Server.java:run(1567)) - Stopping IPC Server Responder
2023-08-25 08:52:28,810 [Time-limited test] INFO  server.StorageContainerManager (StorageContainerManager.java:stop(1622)) - Stopping the StorageContainerLocationProtocol RPC server
2023-08-25 08:52:28,810 [Time-limited test] INFO  server.SCMClientProtocolServer (SCMClientProtocolServer.java:stop(210)) - Stopping the RPC server for Client Protocol
2023-08-25 08:52:28,810 [Time-limited test] INFO  ipc.Server (Server.java:stop(3523)) - Stopping server on 15106
2023-08-25 08:52:28,812 [IPC Server listener on 15106] INFO  ipc.Server (Server.java:run(1434)) - Stopping IPC Server listener on 15106
2023-08-25 08:52:28,812 [IPC Server Responder] INFO  ipc.Server (Server.java:run(1567)) - Stopping IPC Server Responder
2023-08-25 08:52:28,812 [Time-limited test] INFO  server.StorageContainerManager (StorageContainerManager.java:stop(1629)) - Stopping Storage Container Manager HTTP server.
2023-08-25 08:52:28,813 [Time-limited test] INFO  handler.ContextHandler (ContextHandler.java:doStop(1159)) - Stopped o.e.j.w.WebAppContext@6f086371{scm,/,null,STOPPED}{file:/home/runner/work/ozone/ozone/hadoop-ozone/integration-test/target/test-classes/webapps/scm}
2023-08-25 08:52:28,814 [Time-limited test] INFO  server.AbstractConnector (AbstractConnector.java:doStop(383)) - Stopped ServerConnector@188849cc{HTTP/1.1, (http/1.1)}{0.0.0.0:15109}
2023-08-25 08:52:28,814 [Time-limited test] INFO  server.session (HouseKeeper.java:stopScavenging(149)) - node0 Stopped scavenging
2023-08-25 08:52:28,814 [Time-limited test] INFO  handler.ContextHandler (ContextHandler.java:doStop(1159)) - Stopped o.e.j.s.ServletContextHandler@39957b7d{static,/static,file:///home/runner/work/ozone/ozone/hadoop-ozone/integration-test/target/test-classes/webapps/static,STOPPED}
2023-08-25 08:52:28,814 [Time-limited test] INFO  handler.ContextHandler (ContextHandler.java:doStop(1159)) - Stopped o.e.j.s.ServletContextHandler@2e6edcdb{logs,/logs,file:///home/runner/work/ozone/ozone/hadoop-ozone/integration-test/target/log,STOPPED}
2023-08-25 08:52:28,815 [Time-limited test] INFO  server.StorageContainerManager (StorageContainerManager.java:stop(1637)) - Stopping SCM LayoutVersionManager Service.
2023-08-25 08:52:28,815 [Time-limited test] INFO  server.StorageContainerManager (StorageContainerManager.java:stop(1649)) - Stopping Block Manager Service.
2023-08-25 08:52:28,815 [Time-limited test] INFO  utils.BackgroundService (BackgroundService.java:shutdown(141)) - Shutting down service SCMBlockDeletingService
2023-08-25 08:52:28,816 [Time-limited test] INFO  utils.BackgroundService (BackgroundService.java:shutdown(141)) - Shutting down service SCMBlockDeletingService
2023-08-25 08:52:28,816 [Time-limited test] INFO  server.StorageContainerManager (StorageContainerManager.java:stop(1669)) - Stopping SCM Event Queue.
2023-08-25 08:52:28,817 [JvmPauseMonitor14] INFO  util.JvmPauseMonitor (JvmPauseMonitor.java:run(109)) - JvmPauseMonitor-ad0e5ecd-4033-4268-af0a-537d622631d5: Stopped
2023-08-25 08:52:28,817 [Time-limited test] INFO  server.StorageContainerManager (StorageContainerManager.java:stop(1680)) - Stopping SCM HA services.
2023-08-25 08:52:28,817 [Time-limited test] INFO  pipeline.BackgroundPipelineCreator (BackgroundPipelineCreator.java:stop(149)) - Stopping RatisPipelineUtilsThread.
2023-08-25 08:52:28,817 [RatisPipelineUtilsThread - 0] WARN  pipeline.BackgroundPipelineCreator (BackgroundPipelineCreator.java:run(180)) - RatisPipelineUtilsThread is interrupted.
2023-08-25 08:52:28,818 [Time-limited test] INFO  BackgroundPipelineScrubber (BackgroundSCMService.java:stop(131)) - Stopping BackgroundPipelineScrubber Service.
2023-08-25 08:52:28,818 [BackgroundPipelineScrubberThread] WARN  BackgroundPipelineScrubber (BackgroundSCMService.java:run(115)) - BackgroundPipelineScrubber is interrupted, exit
2023-08-25 08:52:28,818 [Time-limited test] INFO  impl.MetricsSystemImpl (MetricsSystemImpl.java:stop(210)) - Stopping HddsDatanode metrics system...
2023-08-25 08:52:28,819 [prometheus] INFO  impl.MetricsSinkAdapter (MetricsSinkAdapter.java:publishMetricsFromQueue(141)) - prometheus thread interrupted.
2023-08-25 08:52:28,819 [Time-limited test] INFO  impl.MetricsSystemImpl (MetricsSystemImpl.java:stop(216)) - HddsDatanode metrics system stopped.
2023-08-25 08:52:28,820 [Time-limited test] WARN  pipeline.BackgroundPipelineCreator (BackgroundPipelineCreator.java:stop(145)) - RatisPipelineUtilsThread is not running, just ignore.
2023-08-25 08:52:28,820 [Time-limited test] INFO  BackgroundPipelineScrubber (BackgroundSCMService.java:stop(126)) - BackgroundPipelineScrubber Service is not running, skip stop.
2023-08-25 08:52:28,820 [ExpiredContainerReplicaOpScrubberThread] WARN  ExpiredContainerReplicaOpScrubber (BackgroundSCMService.java:run(115)) - ExpiredContainerReplicaOpScrubber is interrupted, exit
2023-08-25 08:52:28,820 [Time-limited test] INFO  ExpiredContainerReplicaOpScrubber (BackgroundSCMService.java:stop(131)) - Stopping ExpiredContainerReplicaOpScrubber Service.
2023-08-25 08:52:28,820 [Time-limited test] INFO  utils.BackgroundService (BackgroundService.java:shutdown(141)) - Shutting down service SCMBlockDeletingService
2023-08-25 08:52:28,820 [Time-limited test] INFO  replication.ReplicationManager (ReplicationManager.java:stop(329)) - Replication Monitor Thread is not running.
2023-08-25 08:52:28,820 [Time-limited test] WARN  balancer.ContainerBalancer (ContainerBalancer.java:stop(326)) - Cannot stop Container Balancer because it's not running or stopping
2023-08-25 08:52:28,820 [Time-limited test] INFO  server.StorageContainerManager (StorageContainerManager.java:stop(1715)) - Stopping SCM MetadataStore.
]]></system-out>
  </testcase>
  <testcase name="testContainerReplicationWithLegacyReplicationManagerDisabled" classname="TestContainerReplication" time="32.415">
    <system-out><![CDATA[2023-08-25 08:53:34,440 [Time-limited test] WARN  server.ServerUtils (ServerUtils.java:getScmDbDir(155)) - ozone.scm.db.dirs is not configured. We recommend adding this setting. Falling back to ozone.metadata.dirs instead.
2023-08-25 08:53:34,444 [Time-limited test] WARN  server.ServerUtils (ServerUtils.java:getScmDbDir(155)) - ozone.scm.db.dirs is not configured. We recommend adding this setting. Falling back to ozone.metadata.dirs instead.
2023-08-25 08:53:34,445 [Time-limited test] INFO  ha.SCMHANodeDetails (SCMHANodeDetails.java:loadSCMHAConfig(210)) - ServiceID for StorageContainerManager is null
2023-08-25 08:53:34,445 [Time-limited test] INFO  ha.SCMHANodeDetails (SCMHANodeDetails.java:loadSCMHAConfig(215)) - ozone.scm.default.service.id is not defined, falling back to ozone.scm.service.ids to find serviceID for StorageContainerManager if it is HA enabled cluster
2023-08-25 08:53:34,445 [Time-limited test] WARN  utils.HAUtils (HAUtils.java:getMetaDir(339)) - ozone.scm.db.dirs is not configured. We recommend adding this setting. Falling back to ozone.metadata.dirs instead.
2023-08-25 08:53:34,446 [Time-limited test] WARN  db.DBStoreBuilder (DBStoreBuilder.java:applyDBDefinition(166)) - ozone.scm.db.dirs is not configured. We recommend adding this setting. Falling back to ozone.metadata.dirs instead.
2023-08-25 08:53:34,578 [Time-limited test] INFO  net.NodeSchemaLoader (NodeSchemaLoader.java:loadSchemaFromFile(129)) - Loading schema from [jar:file:/home/runner/.m2/repository/org/apache/ozone/hdds-common/1.4.0-SNAPSHOT/hdds-common-1.4.0-SNAPSHOT.jar!/network-topology-default.xml]
2023-08-25 08:53:34,578 [Time-limited test] INFO  net.NodeSchemaLoader (NodeSchemaLoader.java:loadSchema(176)) - Loading network topology layer schema file
2023-08-25 08:53:34,581 [Time-limited test] INFO  upgrade.AbstractLayoutVersionManager (AbstractLayoutVersionManager.java:init(83)) - Initializing Layout version manager with metadata layout = HADOOP_PRC_PORTS_IN_DATANODEDETAILS (version = 7), software layout = HADOOP_PRC_PORTS_IN_DATANODEDETAILS (version = 7)
2023-08-25 08:53:34,582 [Time-limited test] INFO  ha.SequenceIdGenerator (SequenceIdGenerator.java:upgradeToSequenceId(365)) - upgrade localId to 111677748019200000
2023-08-25 08:53:34,584 [Time-limited test] INFO  ha.SequenceIdGenerator (SequenceIdGenerator.java:upgradeToSequenceId(375)) - upgrade delTxnId to 0
2023-08-25 08:53:34,584 [Time-limited test] INFO  ha.SequenceIdGenerator (SequenceIdGenerator.java:upgradeToSequenceId(392)) - upgrade containerId to 0
2023-08-25 08:53:34,585 [Time-limited test] INFO  ha.SequenceIdGenerator (SequenceIdGenerator.java:upgradeToSequenceId(428)) - upgrade rootCertificateId to 1
2023-08-25 08:53:34,585 [Time-limited test] INFO  ha.SequenceIdGenerator (SequenceIdGenerator.java:<init>(236)) - Init the HA SequenceIdGenerator.
2023-08-25 08:53:34,585 [Time-limited test] INFO  node.SCMNodeManager (SCMNodeManager.java:<init>(157)) - Entering startup safe mode.
2023-08-25 08:53:34,586 [Time-limited test] INFO  algorithms.ContainerPlacementPolicyFactory (ContainerPlacementPolicyFactory.java:getPolicyInternal(86)) - Create container placement policy of type org.apache.hadoop.hdds.scm.container.placement.algorithms.SCMContainerPlacementRandom
2023-08-25 08:53:34,586 [Time-limited test] INFO  algorithms.ContainerPlacementPolicyFactory (ContainerPlacementPolicyFactory.java:getPolicyInternal(86)) - Create container placement policy of type org.apache.hadoop.hdds.scm.container.placement.algorithms.SCMContainerPlacementRackScatter
2023-08-25 08:53:34,586 [Time-limited test] INFO  pipeline.PipelineStateManagerImpl (PipelineStateManagerImpl.java:initialize(78)) - No pipeline exists in current db
2023-08-25 08:53:34,586 [Time-limited test] INFO  algorithms.LeaderChoosePolicyFactory (LeaderChoosePolicyFactory.java:getPolicy(57)) - Create leader choose policy of type org.apache.hadoop.hdds.scm.pipeline.leader.choose.algorithms.MinLeaderCountChoosePolicy
2023-08-25 08:53:34,586 [Time-limited test] INFO  algorithms.ContainerPlacementPolicyFactory (ContainerPlacementPolicyFactory.java:getPolicyInternal(86)) - Create container placement policy of type org.apache.hadoop.hdds.scm.container.placement.algorithms.SCMContainerPlacementRackScatter
2023-08-25 08:53:34,586 [Time-limited test] INFO  ha.SCMServiceManager (SCMServiceManager.java:register(42)) - Registering service BackgroundPipelineCreator.
2023-08-25 08:53:34,586 [Time-limited test] INFO  pipeline.BackgroundPipelineCreator (BackgroundPipelineCreator.java:start(124)) - Starting RatisPipelineUtilsThread.
2023-08-25 08:53:34,587 [Time-limited test] INFO  BackgroundPipelineScrubber (BackgroundSCMService.java:start(68)) - Starting BackgroundPipelineScrubber Service.
2023-08-25 08:53:34,588 [Time-limited test] INFO  ha.SCMServiceManager (SCMServiceManager.java:register(42)) - Registering service BackgroundPipelineScrubber.
2023-08-25 08:53:34,588 [Time-limited test] INFO  ExpiredContainerReplicaOpScrubber (BackgroundSCMService.java:start(68)) - Starting ExpiredContainerReplicaOpScrubber Service.
2023-08-25 08:53:34,588 [Time-limited test] INFO  ha.SCMServiceManager (SCMServiceManager.java:register(42)) - Registering service ExpiredContainerReplicaOpScrubber.
2023-08-25 08:53:34,589 [Time-limited test] INFO  algorithms.PipelineChoosePolicyFactory (PipelineChoosePolicyFactory.java:createPipelineChoosePolicyFromClass(78)) - Create pipeline choose policy of type org.apache.hadoop.hdds.scm.pipeline.choose.algorithms.RandomPipelineChoosePolicy
2023-08-25 08:53:34,589 [Time-limited test] INFO  algorithms.PipelineChoosePolicyFactory (PipelineChoosePolicyFactory.java:createPipelineChoosePolicyFromClass(78)) - Create pipeline choose policy of type org.apache.hadoop.hdds.scm.pipeline.choose.algorithms.RandomPipelineChoosePolicy
2023-08-25 08:53:34,589 [Time-limited test] INFO  ha.SCMServiceManager (SCMServiceManager.java:register(42)) - Registering service SCMBlockDeletingService.
2023-08-25 08:53:34,590 [Time-limited test] INFO  replication.ReplicationManager (ReplicationManager.java:start(287)) - Starting Replication Monitor Thread.
2023-08-25 08:53:34,593 [ReplicationMonitor] INFO  replication.ReplicationManager (ReplicationManager.java:processAll(361)) - Replication Manager is not ready to run until 3000ms after safemode exit
2023-08-25 08:53:34,593 [Time-limited test] INFO  ha.SCMServiceManager (SCMServiceManager.java:register(42)) - Registering service ReplicationManager.
2023-08-25 08:53:34,593 [Time-limited test] INFO  safemode.ContainerSafeModeRule (ContainerSafeModeRule.java:<init>(90)) - containers with one replica threshold count 0
2023-08-25 08:53:34,593 [Time-limited test] INFO  safemode.HealthyPipelineSafeModeRule (HealthyPipelineSafeModeRule.java:initializeRule(169)) - Total pipeline count is 0, healthy pipeline threshold count is 1
2023-08-25 08:53:34,594 [Time-limited test] INFO  safemode.OneReplicaPipelineSafeModeRule (OneReplicaPipelineSafeModeRule.java:initializeRule(180)) - Total pipeline count is 0, pipeline's with at least one datanode reported threshold count is 0
2023-08-25 08:53:34,594 [Time-limited test] INFO  server.StorageContainerManager (StorageContainerManager.java:<init>(425)) - SCM start with adminUsers: [runner]
2023-08-25 08:53:34,594 [Time-limited test] INFO  ipc.CallQueueManager (CallQueueManager.java:<init>(90)) - Using callQueue: class java.util.concurrent.LinkedBlockingQueue, queueCapacity: 2000, scheduler: class org.apache.hadoop.ipc.DefaultRpcScheduler, ipcBackoff: false.
2023-08-25 08:53:34,594 [Time-limited test] INFO  ipc.Server (Server.java:<init>(1287)) - Listener at 0.0.0.0:15214
2023-08-25 08:53:34,595 [Socket Reader #1 for port 15214] INFO  ipc.Server (Server.java:run(1323)) - Starting Socket Reader #1 for port 15214
2023-08-25 08:53:34,595 [Time-limited test] INFO  ipc.CallQueueManager (CallQueueManager.java:<init>(90)) - Using callQueue: class java.util.concurrent.LinkedBlockingQueue, queueCapacity: 2000, scheduler: class org.apache.hadoop.ipc.DefaultRpcScheduler, ipcBackoff: false.
2023-08-25 08:53:34,596 [Time-limited test] INFO  ipc.Server (Server.java:<init>(1287)) - Listener at 0.0.0.0:15213
2023-08-25 08:53:34,598 [Time-limited test] INFO  ipc.CallQueueManager (CallQueueManager.java:<init>(90)) - Using callQueue: class java.util.concurrent.LinkedBlockingQueue, queueCapacity: 2000, scheduler: class org.apache.hadoop.ipc.DefaultRpcScheduler, ipcBackoff: false.
2023-08-25 08:53:34,598 [Time-limited test] INFO  ipc.Server (Server.java:<init>(1287)) - Listener at 0.0.0.0:15212
2023-08-25 08:53:34,598 [Socket Reader #1 for port 15212] INFO  ipc.Server (Server.java:run(1323)) - Starting Socket Reader #1 for port 15212
2023-08-25 08:53:34,600 [Socket Reader #1 for port 15213] INFO  ipc.Server (Server.java:run(1323)) - Starting Socket Reader #1 for port 15213
2023-08-25 08:53:34,601 [Time-limited test] INFO  ha.SCMServiceManager (SCMServiceManager.java:register(42)) - Registering service ContainerBalancer.
2023-08-25 08:53:34,601 [Time-limited test] INFO  server.StorageContainerManager (StorageContainerManager.java:<init>(438)) - 
Container Balancer status:
Key                            Value
Running                        false
Container Balancer Configuration values:
Key                                                Value
Threshold                                          10
Max Datanodes to Involve per Iteration(percent)    20
Max Size to Move per Iteration                     500GB
Max Size Entering Target per Iteration             26GB
Max Size Leaving Source per Iteration              26GB

2023-08-25 08:53:34,601 [Time-limited test] INFO  ha.SCMContext (SCMContext.java:updateSafeModeStatus(228)) - Update SafeModeStatus from SafeModeStatus{safeModeStatus=true, preCheckPassed=false} to SafeModeStatus{safeModeStatus=true, preCheckPassed=false}.
2023-08-25 08:53:34,602 [Time-limited test] INFO  server.StorageContainerManager (StorageContainerManager.java:start(1483)) - StorageContainerLocationProtocol RPC server is listening at /0.0.0.0:15212
2023-08-25 08:53:34,603 [Time-limited test] WARN  impl.MetricsConfig (MetricsConfig.java:loadFirst(136)) - Cannot locate configuration: tried hadoop-metrics2-storagecontainermanager.properties,hadoop-metrics2.properties
2023-08-25 08:53:34,608 [Time-limited test] INFO  impl.MetricsSystemImpl (MetricsSystemImpl.java:startTimer(378)) - Scheduled Metric snapshot period at 10 second(s).
2023-08-25 08:53:34,608 [Time-limited test] INFO  impl.MetricsSystemImpl (MetricsSystemImpl.java:start(191)) - StorageContainerManager metrics system started
2023-08-25 08:53:34,613 [Time-limited test] INFO  impl.MetricsSinkAdapter (MetricsSinkAdapter.java:start(204)) - Sink prometheus started
2023-08-25 08:53:34,613 [Time-limited test] INFO  impl.MetricsSystemImpl (MetricsSystemImpl.java:registerSink(305)) - Registered sink prometheus
2023-08-25 08:53:34,631 [Time-limited test] INFO  server.SCMClientProtocolServer (SCMClientProtocolServer.java:start(201)) - RPC server for Client  is listening at /0.0.0.0:15212
2023-08-25 08:53:34,631 [IPC Server Responder] INFO  ipc.Server (Server.java:run(1562)) - IPC Server Responder: starting
2023-08-25 08:53:34,633 [IPC Server listener on 15212] INFO  ipc.Server (Server.java:run(1402)) - IPC Server listener on 15212: starting
2023-08-25 08:53:34,637 [Time-limited test] INFO  server.StorageContainerManager (StorageContainerManager.java:start(1496)) - ScmBlockLocationProtocol RPC server is listening at /0.0.0.0:15213
2023-08-25 08:53:34,638 [Time-limited test] INFO  server.SCMBlockProtocolServer (SCMBlockProtocolServer.java:start(152)) - RPC server for Block Protocol is listening at /0.0.0.0:15213
2023-08-25 08:53:34,638 [IPC Server Responder] INFO  ipc.Server (Server.java:run(1562)) - IPC Server Responder: starting
2023-08-25 08:53:34,638 [IPC Server listener on 15213] INFO  ipc.Server (Server.java:run(1402)) - IPC Server listener on 15213: starting
2023-08-25 08:53:34,640 [Time-limited test] INFO  server.SCMDatanodeProtocolServer (SCMDatanodeProtocolServer.java:start(193)) - ScmDatanodeProtocol RPC server for DataNodes is listening at /0.0.0.0:15214
2023-08-25 08:53:34,640 [IPC Server Responder] INFO  ipc.Server (Server.java:run(1562)) - IPC Server Responder: starting
2023-08-25 08:53:34,640 [IPC Server listener on 15214] INFO  ipc.Server (Server.java:run(1402)) - IPC Server listener on 15214: starting
2023-08-25 08:53:34,648 [Time-limited test] INFO  http.BaseHttpServer (BaseHttpServer.java:newHttpServer2BuilderForOzone(224)) - Starting Web-server for scm at: http://0.0.0.0:15215
2023-08-25 08:53:34,648 [Time-limited test] INFO  http.BaseHttpServer (BaseHttpServer.java:<init>(111)) - Hadoop Security Enabled: false Ozone Security Enabled: false Ozone HTTP Security Enabled: false 
2023-08-25 08:53:34,649 [Time-limited test] WARN  server.AuthenticationFilter (AuthenticationFilter.java:constructSecretProvider(240)) - Unable to initialize FileSignerSecretProvider, falling back to use random secrets. Reason: Could not read signature secret file: /home/runner/hadoop-http-auth-signature-secret
2023-08-25 08:53:34,649 [JvmPauseMonitor28] INFO  util.JvmPauseMonitor (JvmPauseMonitor.java:run(103)) - JvmPauseMonitor-80a9a777-b8aa-485c-b84b-66366d435cc8: Started
2023-08-25 08:53:34,650 [Time-limited test] INFO  http.HttpRequestLog (HttpRequestLog.java:getRequestLog(86)) - Http request log for http.requests.scm is not defined
2023-08-25 08:53:34,651 [Time-limited test] INFO  http.HttpServer2 (HttpServer2.java:addGlobalFilter(1031)) - Added global filter 'safety' (class=org.apache.hadoop.hdds.server.http.HttpServer2$QuotingInputFilter)
2023-08-25 08:53:34,651 [Time-limited test] INFO  http.HttpServer2 (HttpServer2.java:addFilter(1007)) - Added filter static_user_filter (class=org.apache.hadoop.http.lib.StaticUserWebFilter$StaticUserFilter) to context scm
2023-08-25 08:53:34,652 [Time-limited test] INFO  http.HttpServer2 (HttpServer2.java:addFilter(1015)) - Added filter static_user_filter (class=org.apache.hadoop.http.lib.StaticUserWebFilter$StaticUserFilter) to context logs
2023-08-25 08:53:34,652 [Time-limited test] INFO  http.HttpServer2 (HttpServer2.java:addFilter(1015)) - Added filter static_user_filter (class=org.apache.hadoop.http.lib.StaticUserWebFilter$StaticUserFilter) to context static
2023-08-25 08:53:34,652 [Time-limited test] INFO  http.BaseHttpServer (BaseHttpServer.java:<init>(190)) - HTTP server of scm uses base directory /home/runner/work/ozone/ozone/hadoop-ozone/integration-test/target/test-dir/MiniOzoneClusterImpl-e692d0c4-4f9e-424f-81a0-065ebcedd1d3/ozone-meta/webserver
2023-08-25 08:53:34,652 [Time-limited test] INFO  http.HttpServer2 (HttpServer2.java:bindListener(1250)) - Jetty bound to port 15215
2023-08-25 08:53:34,652 [Time-limited test] INFO  server.Server (Server.java:doStart(375)) - jetty-9.4.51.v20230217; built: 2023-02-17T08:19:37.309Z; git: b45c405e4544384de066f814ed42ae3dceacdd49; jvm 1.8.0_382-b05
2023-08-25 08:53:34,661 [Time-limited test] INFO  server.session (DefaultSessionIdManager.java:doStart(334)) - DefaultSessionIdManager workerName=node0
2023-08-25 08:53:34,661 [Time-limited test] INFO  server.session (DefaultSessionIdManager.java:doStart(339)) - No SessionScavenger set, using defaults
2023-08-25 08:53:34,661 [Time-limited test] INFO  server.session (HouseKeeper.java:startScavenging(132)) - node0 Scavenging every 600000ms
2023-08-25 08:53:34,662 [Time-limited test] INFO  handler.ContextHandler (ContextHandler.java:doStart(921)) - Started o.e.j.s.ServletContextHandler@36a1a2d2{logs,/logs,file:///home/runner/work/ozone/ozone/hadoop-ozone/integration-test/target/log,AVAILABLE}
2023-08-25 08:53:34,662 [Time-limited test] INFO  handler.ContextHandler (ContextHandler.java:doStart(921)) - Started o.e.j.s.ServletContextHandler@2e769429{static,/static,file:///home/runner/work/ozone/ozone/hadoop-ozone/integration-test/target/test-classes/webapps/static,AVAILABLE}
2023-08-25 08:53:34,664 [Time-limited test] INFO  handler.ContextHandler (ContextHandler.java:doStart(921)) - Started o.e.j.w.WebAppContext@816160b{scm,/,file:///home/runner/work/ozone/ozone/hadoop-ozone/integration-test/target/test-classes/webapps/scm/,AVAILABLE}{file:/home/runner/work/ozone/ozone/hadoop-ozone/integration-test/target/test-classes/webapps/scm}
2023-08-25 08:53:34,669 [Time-limited test] INFO  server.AbstractConnector (AbstractConnector.java:doStart(333)) - Started ServerConnector@4c651a4a{HTTP/1.1, (http/1.1)}{0.0.0.0:15215}
2023-08-25 08:53:34,669 [Time-limited test] INFO  server.Server (Server.java:doStart(415)) - Started @175896ms
2023-08-25 08:53:34,669 [Time-limited test] WARN  impl.MetricsSystemImpl (MetricsSystemImpl.java:register(279)) - Sink prometheus already exists!
2023-08-25 08:53:34,670 [Time-limited test] INFO  http.BaseHttpServer (BaseHttpServer.java:updateConnectorAddress(344)) - HTTP server of scm listening at http://0.0.0.0:15215
2023-08-25 08:53:34,670 [Time-limited test] WARN  server.ServerUtils (ServerUtils.java:getDBPath(311)) - ozone.om.db.dirs is not configured. We recommend adding this setting. Falling back to ozone.metadata.dirs instead.
2023-08-25 08:53:34,672 [Time-limited test] INFO  ha.OMHANodeDetails (OMHANodeDetails.java:loadOMHAConfig(115)) - ozone.om.internal.service.id is not defined, falling back to ozone.om.service.ids to find serviceID for OzoneManager if it is HA enabled cluster
2023-08-25 08:53:34,672 [Time-limited test] INFO  ha.OMHANodeDetails (OMHANodeDetails.java:loadOMHAConfig(226)) - Configuration does not have ozone.om.address set. Falling back to the default OM address /127.0.0.1:15216
2023-08-25 08:53:34,672 [Time-limited test] INFO  ha.OMHANodeDetails (OMHANodeDetails.java:getOMNodeDetailsForNonHA(254)) - OM Service ID is not set. Setting it to the default ID: omServiceIdDefault
2023-08-25 08:53:34,672 [Time-limited test] INFO  ha.OMHANodeDetails (OMHANodeDetails.java:getOMNodeDetailsForNonHA(261)) - OM Node ID is not set. Setting it to the default ID: om1
2023-08-25 08:53:34,673 [Time-limited test] WARN  server.ServerUtils (ServerUtils.java:getDBPath(311)) - ozone.om.db.dirs is not configured. We recommend adding this setting. Falling back to ozone.metadata.dirs instead.
2023-08-25 08:53:34,674 [Time-limited test] INFO  upgrade.AbstractLayoutVersionManager (AbstractLayoutVersionManager.java:init(83)) - Initializing Layout version manager with metadata layout = QUOTA (version = 6), software layout = QUOTA (version = 6)
2023-08-25 08:53:34,752 [Time-limited test] INFO  reflections.Reflections (Reflections.java:scan(232)) - Reflections took 77 ms to scan 2 urls, producing 188 keys and 512 values [using 2 cores]
2023-08-25 08:53:34,752 [Time-limited test] INFO  upgrade.OMLayoutVersionManager (OMLayoutVersionManager.java:lambda$0(115)) - Skipping Upgrade Action QuotaRepairUpgradeAction since it has been finalized.
2023-08-25 08:53:34,753 [Time-limited test] INFO  upgrade.OMLayoutVersionManager (OMLayoutVersionManager.java:lambda$0(115)) - Skipping Upgrade Action MockOmUpgradeAction since it has been finalized.
2023-08-25 08:53:34,753 [Time-limited test] WARN  server.ServerUtils (ServerUtils.java:getDBPath(311)) - ozone.om.db.dirs is not configured. We recommend adding this setting. Falling back to ozone.metadata.dirs instead.
2023-08-25 08:53:34,754 [Time-limited test] INFO  proxy.SCMBlockLocationFailoverProxyProvider (SCMBlockLocationFailoverProxyProvider.java:<init>(114)) - Created block location fail-over proxy with 1 nodes: [nodeId=scmNodeId,nodeAddress=/0.0.0.0:15213]
2023-08-25 08:53:34,755 [Time-limited test] INFO  proxy.SCMBlockLocationFailoverProxyProvider (SCMBlockLocationFailoverProxyProvider.java:<init>(114)) - Created block location fail-over proxy with 1 nodes: [nodeId=scmNodeId,nodeAddress=/0.0.0.0:15213]
2023-08-25 08:53:34,761 [Time-limited test] INFO  om.OzoneManager (OzoneManager.java:<init>(662)) - OM start with adminUsers: [runner]
2023-08-25 08:53:34,762 [Time-limited test] WARN  server.ServerUtils (ServerUtils.java:getDBPath(311)) - ozone.om.db.dirs is not configured. We recommend adding this setting. Falling back to ozone.metadata.dirs instead.
2023-08-25 08:53:34,762 [Time-limited test] INFO  helpers.OmKeyInfo (OmKeyInfo.java:getCodec(71)) - OmKeyInfo.getCodec ignorePipeline = true
2023-08-25 08:53:34,992 [Time-limited test] INFO  om.OzoneManager (OzoneManager.java:instantiateServices(791)) - S3 Multi-Tenancy is disabled
2023-08-25 08:53:34,992 [Time-limited test] INFO  om.OmSnapshotManager (OmSnapshotManager.java:<init>(175)) - Ozone filesystem snapshot feature is enabled.
2023-08-25 08:53:34,992 [Time-limited test] WARN  server.ServerUtils (ServerUtils.java:getDBPath(311)) - ozone.om.snapshot.diff.db.dir is not configured. We recommend adding this setting. Falling back to ozone.metadata.dirs instead.
2023-08-25 08:53:35,026 [Time-limited test] INFO  snapshot.SnapshotDiffManager (SnapshotDiffManager.java:closeExecutorService(1720)) - Shutting down executorService: 'SstDumpToolExecutor'
2023-08-25 08:53:35,028 [Time-limited test] INFO  om.OzoneManager (OzoneManager.java:addS3GVolumeToDB(4284)) - Created Volume s3v With Owner runner required for S3Gateway operations.
2023-08-25 08:53:35,028 [Time-limited test] WARN  server.ServerUtils (ServerUtils.java:getDefaultRatisDirectory(323)) - Storage directory for Ratis is not configured. It is a good idea to map this to an SSD disk. Falling back to ozone.metadata.dirs
2023-08-25 08:53:35,028 [Time-limited test] WARN  utils.OzoneManagerRatisUtils (OzoneManagerRatisUtils.java:getOMRatisSnapshotDirectory(461)) - ozone.om.ratis.snapshot.dir is not configured. Falling back to ozone.metadata.dirs config
2023-08-25 08:53:35,029 [Time-limited test] WARN  server.ServerUtils (ServerUtils.java:getDefaultRatisDirectory(323)) - Storage directory for Ratis is not configured. It is a good idea to map this to an SSD disk. Falling back to ozone.metadata.dirs
2023-08-25 08:53:35,030 [Time-limited test] INFO  ratis.OzoneManagerRatisServer (OzoneManagerRatisServer.java:<init>(163)) - Instantiating OM Ratis server with groupID: omServiceIdDefault and peers: localhost:15219
2023-08-25 08:53:35,030 [Time-limited test] INFO  ratis.OzoneManagerStateMachine (OzoneManagerStateMachine.java:loadSnapshotInfoFromDB(687)) - LastAppliedIndex is set from TransactionInfo from OM DB as (t:0, i:~)
2023-08-25 08:53:35,030 [Time-limited test] INFO  server.RaftServer (ConfUtils.java:logGet(46)) - raft.rpc.type = GRPC (default)
2023-08-25 08:53:35,030 [Time-limited test] INFO  grpc.GrpcConfigKeys (ConfUtils.java:logFallback(53)) - raft.grpc.admin.host = null (fallback to raft.grpc.server.host)
2023-08-25 08:53:35,031 [Time-limited test] INFO  grpc.GrpcConfigKeys (ConfUtils.java:logFallback(53)) - raft.grpc.admin.port = 15219 (fallback to raft.grpc.server.port)
2023-08-25 08:53:35,031 [Time-limited test] INFO  grpc.GrpcConfigKeys (ConfUtils.java:logFallback(53)) - raft.grpc.client.host = null (fallback to raft.grpc.server.host)
2023-08-25 08:53:35,031 [Time-limited test] INFO  grpc.GrpcConfigKeys (ConfUtils.java:logFallback(53)) - raft.grpc.client.port = 15219 (fallback to raft.grpc.server.port)
2023-08-25 08:53:35,031 [Time-limited test] INFO  grpc.GrpcConfigKeys (ConfUtils.java:logGet(46)) - raft.grpc.server.host = null (default)
2023-08-25 08:53:35,031 [Time-limited test] INFO  grpc.GrpcConfigKeys (ConfUtils.java:logGet(46)) - raft.grpc.server.port = 15219 (custom)
2023-08-25 08:53:35,031 [Time-limited test] INFO  server.GrpcService (ConfUtils.java:logGet(46)) - raft.grpc.message.size.max = 33554432 (custom)
2023-08-25 08:53:35,031 [Time-limited test] INFO  server.RaftServerConfigKeys (ConfUtils.java:logGet(46)) - raft.server.log.appender.buffer.byte-limit = 33554432 (custom)
2023-08-25 08:53:35,031 [Time-limited test] INFO  server.GrpcService (ConfUtils.java:logGet(46)) - raft.grpc.flow.control.window = 1MB (=1048576) (default)
2023-08-25 08:53:35,031 [Time-limited test] INFO  server.RaftServerConfigKeys (ConfUtils.java:logGet(46)) - raft.server.rpc.request.timeout = 3000ms (default)
2023-08-25 08:53:35,031 [Time-limited test] INFO  grpc.GrpcConfigKeys (ConfUtils.java:logGet(46)) - raft.grpc.server.heartbeat.channel = true (default)
2023-08-25 08:53:35,031 [Time-limited test] INFO  grpc.GrpcConfigKeys (ConfUtils.java:logGet(46)) - raft.grpc.server.async.request.thread.pool.cached = true (default)
2023-08-25 08:53:35,032 [Time-limited test] INFO  grpc.GrpcConfigKeys (ConfUtils.java:logGet(46)) - raft.grpc.server.async.request.thread.pool.size = 32 (default)
2023-08-25 08:53:35,033 [Time-limited test] INFO  impl.DataStreamServerImpl (ConfUtils.java:logGet(46)) - raft.datastream.type = DISABLED (default)
2023-08-25 08:53:35,033 [Time-limited test] INFO  server.RaftServerConfigKeys (ConfUtils.java:logGet(46)) - raft.server.threadpool.proxy.cached = true (default)
2023-08-25 08:53:35,033 [Time-limited test] INFO  server.RaftServerConfigKeys (ConfUtils.java:logGet(46)) - raft.server.threadpool.proxy.size = 0 (default)
2023-08-25 08:53:35,033 [Time-limited test] INFO  server.RaftServerConfigKeys (ConfUtils.java:logGet(46)) - raft.server.rpc.slowness.timeout = 120s (custom)
2023-08-25 08:53:35,033 [Time-limited test] INFO  server.RaftServerConfigKeys (ConfUtils.java:logGet(46)) - raft.server.leaderelection.leader.step-down.wait-time = 10s (default)
2023-08-25 08:53:35,034 [Time-limited test] INFO  server.RaftServerConfigKeys (ConfUtils.java:logGet(46)) - raft.server.storage.dir = [/home/runner/work/ozone/ozone/hadoop-ozone/integration-test/target/test-dir/MiniOzoneClusterImpl-e692d0c4-4f9e-424f-81a0-065ebcedd1d3/ozone-meta/ratis] (custom)
2023-08-25 08:53:35,034 [Time-limited test] INFO  server.RaftServer (RaftServerProxy.java:addNew(98)) - om1: addNew group-C5BA1605619E:[om1|rpc:localhost:15219|priority:0|startupRole:FOLLOWER] returns group-C5BA1605619E:java.util.concurrent.CompletableFuture@6ef9b829[Not completed]
2023-08-25 08:53:35,034 [Time-limited test] INFO  om.OzoneManager (OzoneManager.java:initializeRatisServer(2128)) - OzoneManager Ratis server initialized at port 15219
2023-08-25 08:53:35,034 [om1-groupManagement] INFO  server.RaftServer$Division (RaftServerImpl.java:<init>(198)) - om1: new RaftServerImpl for group-C5BA1605619E:[om1|rpc:localhost:15219|priority:0|startupRole:FOLLOWER] with OzoneManagerStateMachine:uninitialized
2023-08-25 08:53:35,034 [Time-limited test] INFO  om.OzoneManager (OzoneManager.java:getRpcServer(1193)) - Creating RPC Server
2023-08-25 08:53:35,034 [om1-groupManagement] INFO  server.RaftServerConfigKeys (ConfUtils.java:logGet(46)) - raft.server.rpc.timeout.min = 1s (custom)
2023-08-25 08:53:35,034 [om1-groupManagement] INFO  server.RaftServerConfigKeys (ConfUtils.java:logGet(46)) - raft.server.rpc.timeout.max = 1200ms (custom)
2023-08-25 08:53:35,035 [om1-groupManagement] INFO  server.RaftServerConfigKeys (ConfUtils.java:logGet(46)) - raft.server.rpc.sleep.time = 25ms (default)
2023-08-25 08:53:35,035 [om1-groupManagement] INFO  server.RaftServerConfigKeys (ConfUtils.java:logGet(46)) - raft.server.rpc.slowness.timeout = 120s (custom)
2023-08-25 08:53:35,035 [om1-groupManagement] INFO  server.RaftServerConfigKeys (ConfUtils.java:logGet(46)) - raft.server.leaderelection.leader.step-down.wait-time = 10s (default)
2023-08-25 08:53:35,035 [om1-groupManagement] INFO  server.RaftServerConfigKeys (ConfUtils.java:logGet(46)) - raft.server.sleep.deviation.threshold = 300ms (default)
2023-08-25 08:53:35,035 [om1-groupManagement] INFO  server.RaftServer$Division (ServerState.java:<init>(120)) - om1@group-C5BA1605619E: ConfigurationManager, init=-1: peers:[om1|rpc:localhost:15219|priority:0|startupRole:FOLLOWER]|listeners:[], old=null, confs=<EMPTY_MAP>
2023-08-25 08:53:35,035 [om1-groupManagement] INFO  server.RaftServerConfigKeys (ConfUtils.java:logGet(46)) - raft.server.storage.dir = [/home/runner/work/ozone/ozone/hadoop-ozone/integration-test/target/test-dir/MiniOzoneClusterImpl-e692d0c4-4f9e-424f-81a0-065ebcedd1d3/ozone-meta/ratis] (custom)
2023-08-25 08:53:35,035 [om1-groupManagement] INFO  server.RaftServerConfigKeys (ConfUtils.java:logGet(46)) - raft.server.log.corruption.policy = EXCEPTION (default)
2023-08-25 08:53:35,035 [om1-groupManagement] INFO  server.RaftServerConfigKeys (ConfUtils.java:logGet(46)) - raft.server.storage.free-space.min = 0MB (=0) (default)
2023-08-25 08:53:35,035 [om1-groupManagement] INFO  server.RaftServerConfigKeys (ConfUtils.java:logGet(46)) - raft.server.notification.no-leader.timeout = 120s (custom)
2023-08-25 08:53:35,035 [om1-groupManagement] INFO  server.RaftServerConfigKeys (ConfUtils.java:logGet(46)) - raft.server.read.timeout = 10s (default)
2023-08-25 08:53:35,035 [om1-groupManagement] INFO  server.RaftServerConfigKeys (ConfUtils.java:logGet(46)) - raft.server.retrycache.expirytime = 300s (custom)
2023-08-25 08:53:35,035 [om1-groupManagement] INFO  server.RaftServerConfigKeys (ConfUtils.java:logGet(46)) - raft.server.retrycache.statistics.expirytime = 100μs (default)
2023-08-25 08:53:35,035 [om1-groupManagement] INFO  server.RaftServerConfigKeys (ConfUtils.java:logGet(46)) - raft.server.read.option = DEFAULT (default)
2023-08-25 08:53:35,036 [om1-groupManagement] INFO  server.RaftServerConfigKeys (ConfUtils.java:logGet(46)) - raft.server.rpc.request.timeout = 3000ms (default)
2023-08-25 08:53:35,036 [om1-groupManagement] INFO  server.RaftServerConfigKeys (ConfUtils.java:logGet(46)) - raft.server.log.appender.install.snapshot.enabled = false (custom)
2023-08-25 08:53:35,036 [om1-groupManagement] INFO  server.RaftServerConfigKeys (ConfUtils.java:logGet(46)) - raft.server.threadpool.server.cached = true (default)
2023-08-25 08:53:35,036 [om1-groupManagement] INFO  server.RaftServerConfigKeys (ConfUtils.java:logGet(46)) - raft.server.threadpool.server.size = 0 (default)
2023-08-25 08:53:35,036 [om1-groupManagement] INFO  server.RaftServerConfigKeys (ConfUtils.java:logGet(46)) - raft.server.threadpool.client.cached = true (default)
2023-08-25 08:53:35,036 [om1-groupManagement] INFO  server.RaftServerConfigKeys (ConfUtils.java:logGet(46)) - raft.server.threadpool.client.size = 0 (default)
2023-08-25 08:53:35,466 [Time-limited test] INFO  reflections.Reflections (Reflections.java:scan(232)) - Reflections took 431 ms to scan 19 urls, producing 70 keys and 5655 values [using 2 cores]
2023-08-25 08:53:35,467 [Time-limited test] INFO  ipc.CallQueueManager (CallQueueManager.java:<init>(90)) - Using callQueue: class java.util.concurrent.LinkedBlockingQueue, queueCapacity: 2000, scheduler: class org.apache.hadoop.ipc.DefaultRpcScheduler, ipcBackoff: false.
2023-08-25 08:53:35,467 [Time-limited test] INFO  ipc.Server (Server.java:<init>(1287)) - Listener at 127.0.0.1:15216
2023-08-25 08:53:35,468 [Socket Reader #1 for port 15216] INFO  ipc.Server (Server.java:run(1323)) - Starting Socket Reader #1 for port 15216
2023-08-25 08:53:35,489 [Time-limited test] INFO  impl.MetricsSystemImpl (MetricsSystemImpl.java:init(158)) - OzoneManager metrics system started (again)
2023-08-25 08:53:35,501 [Time-limited test] INFO  om.OzoneManager (OzoneManager.java:start(1613)) - OzoneManager RPC server is listening at localhost/127.0.0.1:15216
2023-08-25 08:53:35,502 [Time-limited test] INFO  ratis.OzoneManagerRatisServer (OzoneManagerRatisServer.java:start(558)) - Starting OzoneManagerRatisServer om1 at port 15219
2023-08-25 08:53:35,502 [om1-impl-thread1] INFO  storage.RaftStorageDirectory (RaftStorageDirectoryImpl.java:analyzeStorage(137)) - The storage directory /home/runner/work/ozone/ozone/hadoop-ozone/integration-test/target/test-dir/MiniOzoneClusterImpl-e692d0c4-4f9e-424f-81a0-065ebcedd1d3/ozone-meta/ratis/bf265839-605b-3f16-9796-c5ba1605619e does not exist. Creating ...
2023-08-25 08:53:35,503 [om1-impl-thread1] INFO  storage.RaftStorageDirectory (RaftStorageDirectoryImpl.java:tryLock(231)) - Lock on /home/runner/work/ozone/ozone/hadoop-ozone/integration-test/target/test-dir/MiniOzoneClusterImpl-e692d0c4-4f9e-424f-81a0-065ebcedd1d3/ozone-meta/ratis/bf265839-605b-3f16-9796-c5ba1605619e/in_use.lock acquired by nodename 30217@fv-az584-689
2023-08-25 08:53:35,505 [om1-impl-thread1] INFO  storage.RaftStorage (RaftStorageImpl.java:format(96)) - Storage directory /home/runner/work/ozone/ozone/hadoop-ozone/integration-test/target/test-dir/MiniOzoneClusterImpl-e692d0c4-4f9e-424f-81a0-065ebcedd1d3/ozone-meta/ratis/bf265839-605b-3f16-9796-c5ba1605619e has been successfully formatted.
2023-08-25 08:53:35,505 [om1-impl-thread1] INFO  server.RaftServerConfigKeys (ConfUtils.java:logGet(46)) - raft.server.log.use.memory = false (default)
2023-08-25 08:53:35,506 [om1-impl-thread1] INFO  server.RaftServerConfigKeys (ConfUtils.java:logGet(46)) - raft.server.log.purge.gap = 1000000 (custom)
2023-08-25 08:53:35,506 [om1-impl-thread1] INFO  server.RaftServerConfigKeys (ConfUtils.java:logGet(46)) - raft.server.log.appender.buffer.byte-limit = 33554432 (custom)
2023-08-25 08:53:35,506 [om1-impl-thread1] INFO  server.RaftServerConfigKeys (ConfUtils.java:logGet(46)) - raft.server.log.statemachine.data.read.timeout = 1000ms (default)
2023-08-25 08:53:35,506 [om1-impl-thread1] INFO  server.RaftServerConfigKeys (ConfUtils.java:logGet(46)) - raft.server.log.purge.preservation.log.num = 0 (default)
2023-08-25 08:53:35,506 [om1-impl-thread1] INFO  server.RaftServerConfigKeys (ConfUtils.java:logGet(46)) - raft.server.log.segment.size.max = 4194304 (custom)
2023-08-25 08:53:35,506 [om1-impl-thread1] INFO  server.RaftServerConfigKeys (ConfUtils.java:logGet(46)) - raft.server.log.segment.cache.num.max = 2 (custom)
2023-08-25 08:53:35,506 [om1-impl-thread1] INFO  server.RaftServerConfigKeys (ConfUtils.java:logGet(46)) - raft.server.log.segment.cache.size.max = 200MB (=209715200) (default)
2023-08-25 08:53:35,506 [om1-impl-thread1] INFO  server.RaftServerConfigKeys (ConfUtils.java:logGet(46)) - raft.server.log.appender.buffer.byte-limit = 33554432 (custom)
2023-08-25 08:53:35,506 [om1-impl-thread1] INFO  segmented.SegmentedRaftLogWorker (SegmentedRaftLogWorker.java:<init>(188)) - new om1@group-C5BA1605619E-SegmentedRaftLogWorker for RaftStorageImpl:Storage Directory /home/runner/work/ozone/ozone/hadoop-ozone/integration-test/target/test-dir/MiniOzoneClusterImpl-e692d0c4-4f9e-424f-81a0-065ebcedd1d3/ozone-meta/ratis/bf265839-605b-3f16-9796-c5ba1605619e
2023-08-25 08:53:35,506 [om1-impl-thread1] INFO  server.RaftServerConfigKeys (ConfUtils.java:logGet(46)) - raft.server.log.queue.byte-limit = 64MB (=67108864) (default)
2023-08-25 08:53:35,506 [om1-impl-thread1] INFO  server.RaftServerConfigKeys (ConfUtils.java:logGet(46)) - raft.server.log.queue.element-limit = 4096 (default)
2023-08-25 08:53:35,506 [om1-impl-thread1] INFO  server.RaftServerConfigKeys (ConfUtils.java:logGet(46)) - raft.server.log.segment.size.max = 4194304 (custom)
2023-08-25 08:53:35,506 [om1-impl-thread1] INFO  server.RaftServerConfigKeys (ConfUtils.java:logGet(46)) - raft.server.log.preallocated.size = 4194304 (custom)
2023-08-25 08:53:35,506 [om1-impl-thread1] INFO  server.RaftServerConfigKeys (ConfUtils.java:logGet(46)) - raft.server.log.force.sync.num = 128 (default)
2023-08-25 08:53:35,506 [om1-impl-thread1] INFO  server.RaftServerConfigKeys (ConfUtils.java:logGet(46)) - raft.server.log.statemachine.data.sync = true (default)
2023-08-25 08:53:35,506 [om1-impl-thread1] INFO  server.RaftServerConfigKeys (ConfUtils.java:logGet(46)) - raft.server.log.statemachine.data.sync.timeout = 10s (default)
2023-08-25 08:53:35,506 [om1-impl-thread1] INFO  server.RaftServerConfigKeys (ConfUtils.java:logGet(46)) - raft.server.log.statemachine.data.sync.timeout.retry = -1 (default)
2023-08-25 08:53:35,507 [om1-impl-thread1] INFO  server.RaftServerConfigKeys (ConfUtils.java:logGet(46)) - raft.server.log.write.buffer.size = 64KB (=65536) (default)
2023-08-25 08:53:35,507 [om1-impl-thread1] INFO  server.RaftServerConfigKeys (ConfUtils.java:logGet(46)) - raft.server.log.appender.buffer.byte-limit = 33554432 (custom)
2023-08-25 08:53:35,512 [om1-impl-thread1] INFO  server.RaftServerConfigKeys (ConfUtils.java:logGet(46)) - raft.server.log.unsafe-flush.enabled = false (default)
2023-08-25 08:53:35,512 [om1-impl-thread1] INFO  server.RaftServerConfigKeys (ConfUtils.java:logGet(46)) - raft.server.log.async-flush.enabled = false (default)
2023-08-25 08:53:35,512 [om1-impl-thread1] INFO  server.RaftServerConfigKeys (ConfUtils.java:logGet(46)) - raft.server.log.statemachine.data.caching.enabled = false (default)
2023-08-25 08:53:35,512 [om1-impl-thread1] INFO  segmented.SegmentedRaftLogWorker (SegmentedRaftLogWorker.java:lambda$new$0(135)) - om1@group-C5BA1605619E-SegmentedRaftLogWorker: flushIndex: setUnconditionally 0 -> -1
2023-08-25 08:53:35,512 [om1-impl-thread1] INFO  segmented.SegmentedRaftLogWorker (SegmentedRaftLogWorker.java:lambda$new$0(135)) - om1@group-C5BA1605619E-SegmentedRaftLogWorker: safeCacheEvictIndex: setUnconditionally 0 -> -1
2023-08-25 08:53:35,513 [om1-impl-thread1] INFO  server.RaftServer$Division (RaftServerImpl.java:start(342)) - om1@group-C5BA1605619E: start as a follower, conf=-1: peers:[om1|rpc:localhost:15219|priority:0|startupRole:FOLLOWER]|listeners:[], old=null
2023-08-25 08:53:35,513 [om1-impl-thread1] INFO  server.RaftServer$Division (RaftServerImpl.java:setRole(329)) - om1@group-C5BA1605619E: changes role from      null to FOLLOWER at term 0 for startAsFollower
2023-08-25 08:53:35,513 [om1-impl-thread1] INFO  impl.RoleInfo (RoleInfo.java:updateAndGet(139)) - om1: start om1@group-C5BA1605619E-FollowerState
2023-08-25 08:53:35,515 [om1-impl-thread1] INFO  util.JmxRegister (JmxRegister.java:tryRegister(44)) - Successfully registered JMX Bean with object name Ratis:service=RaftServer,group=group-C5BA1605619E,id=om1
2023-08-25 08:53:35,515 [om1-impl-thread1] INFO  server.RaftServerConfigKeys (ConfUtils.java:logGet(46)) - raft.server.snapshot.auto.trigger.enabled = true (custom)
2023-08-25 08:53:35,515 [om1-impl-thread1] INFO  server.RaftServerConfigKeys (ConfUtils.java:logGet(46)) - raft.server.snapshot.auto.trigger.threshold = 400000 (default)
2023-08-25 08:53:35,515 [om1-impl-thread1] INFO  server.RaftServerConfigKeys (ConfUtils.java:logGet(46)) - raft.server.snapshot.retention.file.num = -1 (default)
2023-08-25 08:53:35,516 [om1-impl-thread1] INFO  server.RaftServerConfigKeys (ConfUtils.java:logGet(46)) - raft.server.log.purge.upto.snapshot.index = true (custom)
2023-08-25 08:53:35,516 [Time-limited test] INFO  server.RaftServer (RaftServerProxy.java:startImpl(400)) - om1: start RPC server
2023-08-25 08:53:35,517 [om1@group-C5BA1605619E-FollowerState] INFO  server.RaftServerConfigKeys (ConfUtils.java:logFallback(53)) - raft.server.rpc.first-election.timeout.min = 1s (fallback to raft.server.rpc.timeout.min)
2023-08-25 08:53:35,517 [om1@group-C5BA1605619E-FollowerState] INFO  server.RaftServerConfigKeys (ConfUtils.java:logFallback(53)) - raft.server.rpc.first-election.timeout.max = 1200ms (fallback to raft.server.rpc.timeout.max)
2023-08-25 08:53:35,518 [Time-limited test] INFO  server.GrpcService (GrpcService.java:startImpl(302)) - om1: GrpcService started, listening on 15219
2023-08-25 08:53:35,521 [Time-limited test] INFO  om.OzoneManager (OzoneManager.java:start(1629)) - Version File has different layout version (6) than OM DB (null). That is expected if this OM has never been finalized to a newer layout version.
2023-08-25 08:53:35,521 [JvmPauseMonitor29] INFO  util.JvmPauseMonitor (JvmPauseMonitor.java:run(103)) - JvmPauseMonitor-om1: Started
2023-08-25 08:53:35,524 [Time-limited test] INFO  http.BaseHttpServer (BaseHttpServer.java:newHttpServer2BuilderForOzone(224)) - Starting Web-server for ozoneManager at: http://0.0.0.0:15217
2023-08-25 08:53:35,524 [Time-limited test] INFO  http.BaseHttpServer (BaseHttpServer.java:<init>(111)) - Hadoop Security Enabled: false Ozone Security Enabled: false Ozone HTTP Security Enabled: false 
2023-08-25 08:53:35,525 [Time-limited test] WARN  server.AuthenticationFilter (AuthenticationFilter.java:constructSecretProvider(240)) - Unable to initialize FileSignerSecretProvider, falling back to use random secrets. Reason: Could not read signature secret file: /home/runner/hadoop-http-auth-signature-secret
2023-08-25 08:53:35,530 [Time-limited test] INFO  http.HttpRequestLog (HttpRequestLog.java:getRequestLog(86)) - Http request log for http.requests.ozoneManager is not defined
2023-08-25 08:53:35,531 [Time-limited test] INFO  http.HttpServer2 (HttpServer2.java:addGlobalFilter(1031)) - Added global filter 'safety' (class=org.apache.hadoop.hdds.server.http.HttpServer2$QuotingInputFilter)
2023-08-25 08:53:35,531 [Time-limited test] INFO  http.HttpServer2 (HttpServer2.java:addFilter(1007)) - Added filter static_user_filter (class=org.apache.hadoop.http.lib.StaticUserWebFilter$StaticUserFilter) to context ozoneManager
2023-08-25 08:53:35,531 [Time-limited test] INFO  http.HttpServer2 (HttpServer2.java:addFilter(1015)) - Added filter static_user_filter (class=org.apache.hadoop.http.lib.StaticUserWebFilter$StaticUserFilter) to context static
2023-08-25 08:53:35,532 [Time-limited test] INFO  http.HttpServer2 (HttpServer2.java:addFilter(1015)) - Added filter static_user_filter (class=org.apache.hadoop.http.lib.StaticUserWebFilter$StaticUserFilter) to context logs
2023-08-25 08:53:35,532 [Time-limited test] INFO  http.BaseHttpServer (BaseHttpServer.java:<init>(190)) - HTTP server of ozoneManager uses base directory /home/runner/work/ozone/ozone/hadoop-ozone/integration-test/target/test-dir/MiniOzoneClusterImpl-e692d0c4-4f9e-424f-81a0-065ebcedd1d3/ozone-meta/webserver
2023-08-25 08:53:35,533 [Time-limited test] INFO  http.HttpServer2 (HttpServer2.java:bindListener(1250)) - Jetty bound to port 15217
2023-08-25 08:53:35,533 [Time-limited test] INFO  server.Server (Server.java:doStart(375)) - jetty-9.4.51.v20230217; built: 2023-02-17T08:19:37.309Z; git: b45c405e4544384de066f814ed42ae3dceacdd49; jvm 1.8.0_382-b05
2023-08-25 08:53:35,536 [Time-limited test] INFO  server.session (DefaultSessionIdManager.java:doStart(334)) - DefaultSessionIdManager workerName=node0
2023-08-25 08:53:35,536 [Time-limited test] INFO  server.session (DefaultSessionIdManager.java:doStart(339)) - No SessionScavenger set, using defaults
2023-08-25 08:53:35,536 [Time-limited test] INFO  server.session (HouseKeeper.java:startScavenging(132)) - node0 Scavenging every 660000ms
2023-08-25 08:53:35,538 [Time-limited test] INFO  handler.ContextHandler (ContextHandler.java:doStart(921)) - Started o.e.j.s.ServletContextHandler@7801575f{logs,/logs,file:///home/runner/work/ozone/ozone/hadoop-ozone/integration-test/target/log,AVAILABLE}
2023-08-25 08:53:35,538 [Time-limited test] INFO  handler.ContextHandler (ContextHandler.java:doStart(921)) - Started o.e.j.s.ServletContextHandler@52265c65{static,/static,file:///home/runner/work/ozone/ozone/hadoop-ozone/integration-test/target/test-classes/webapps/static,AVAILABLE}
2023-08-25 08:53:35,543 [Time-limited test] INFO  handler.ContextHandler (ContextHandler.java:doStart(921)) - Started o.e.j.w.WebAppContext@2a44c9c8{ozoneManager,/,file:///home/runner/work/ozone/ozone/hadoop-ozone/integration-test/target/test-classes/webapps/ozoneManager/,AVAILABLE}{file:/home/runner/work/ozone/ozone/hadoop-ozone/integration-test/target/test-classes/webapps/ozoneManager}
2023-08-25 08:53:35,545 [Time-limited test] INFO  server.AbstractConnector (AbstractConnector.java:doStart(333)) - Started ServerConnector@3679d145{HTTP/1.1, (http/1.1)}{0.0.0.0:15217}
2023-08-25 08:53:35,545 [Time-limited test] INFO  server.Server (Server.java:doStart(415)) - Started @176772ms
2023-08-25 08:53:35,545 [Time-limited test] WARN  impl.MetricsSystemImpl (MetricsSystemImpl.java:register(279)) - Sink prometheus already exists!
2023-08-25 08:53:35,546 [Time-limited test] INFO  http.BaseHttpServer (BaseHttpServer.java:updateConnectorAddress(344)) - HTTP server of ozoneManager listening at http://0.0.0.0:15217
2023-08-25 08:53:35,546 [IPC Server Responder] INFO  ipc.Server (Server.java:run(1562)) - IPC Server Responder: starting
2023-08-25 08:53:35,546 [IPC Server listener on 15216] INFO  ipc.Server (Server.java:run(1402)) - IPC Server listener on 15216: starting
2023-08-25 08:53:35,549 [Time-limited test] INFO  om.OzoneManager (OzoneManager.java:startTrashEmptier(2081)) - Trash Interval set to 0. Files deleted won't move to trash
2023-08-25 08:53:35,563 [Time-limited test] WARN  impl.MetricRegistriesImpl (MetricRegistriesImpl.java:addReporterRegistration(111)) - New reporters are added after registries were created. Some metrics will be missing from the reporter. Please add reporter before adding any new registry.
2023-08-25 08:53:35,563 [Time-limited test] WARN  impl.MetricRegistriesImpl (MetricRegistriesImpl.java:addReporterRegistration(111)) - New reporters are added after registries were created. Some metrics will be missing from the reporter. Please add reporter before adding any new registry.
2023-08-25 08:53:35,563 [Time-limited test] INFO  impl.MetricsSystemImpl (MetricsSystemImpl.java:init(158)) - HddsDatanode metrics system started (again)
2023-08-25 08:53:35,576 [Time-limited test] INFO  ozone.HddsDatanodeService (HddsDatanodeService.java:start(237)) - HddsDatanodeService host:fv-az584-689.msjcyvhqqs1uvpg4fm53wptgqc.jx.internal.cloudapp.net ip:10.1.0.19
2023-08-25 08:53:35,593 [ReplicationMonitor] INFO  replication.ReplicationManager (ReplicationManager.java:processAll(361)) - Replication Manager is not ready to run until 3000ms after safemode exit
2023-08-25 08:53:35,608 [Time-limited test] INFO  upgrade.AbstractLayoutVersionManager (AbstractLayoutVersionManager.java:init(83)) - Initializing Layout version manager with metadata layout = HADOOP_PRC_PORTS_IN_DATANODEDETAILS (version = 7), software layout = HADOOP_PRC_PORTS_IN_DATANODEDETAILS (version = 7)
2023-08-25 08:53:35,609 [Time-limited test] INFO  statemachine.DatanodeStateMachine (DatanodeStateMachine.java:getEndPointTaskThreadPoolSize(282)) - Datanode State Machine Task Thread Pool size 2
2023-08-25 08:53:35,610 [Time-limited test] INFO  volume.HddsVolume (HddsVolume.java:<init>(126)) - Creating HddsVolume: /home/runner/work/ozone/ozone/hadoop-ozone/integration-test/target/test-dir/MiniOzoneClusterImpl-e692d0c4-4f9e-424f-81a0-065ebcedd1d3/datanode-0/data-0/containers/hdds of storage type : DISK capacity : 9223372036854775807
2023-08-25 08:53:35,610 [Time-limited test] INFO  volume.MutableVolumeSet (MutableVolumeSet.java:initializeVolumeSet(173)) - Added Volume : /home/runner/work/ozone/ozone/hadoop-ozone/integration-test/target/test-dir/MiniOzoneClusterImpl-e692d0c4-4f9e-424f-81a0-065ebcedd1d3/datanode-0/data-0/containers/hdds to VolumeSet
2023-08-25 08:53:35,611 [Time-limited test] INFO  volume.MutableVolumeSet (MutableVolumeSet.java:initializeVolumeSet(173)) - Added Volume : /home/runner/work/ozone/ozone/hadoop-ozone/integration-test/target/test-dir/MiniOzoneClusterImpl-e692d0c4-4f9e-424f-81a0-065ebcedd1d3/datanode-0/data/ratis to VolumeSet
2023-08-25 08:53:35,611 [Thread-2497] INFO  ozoneimpl.ContainerReader (ContainerReader.java:readVolume(177)) - Finish verifying containers on volume /home/runner/work/ozone/ozone/hadoop-ozone/integration-test/target/test-dir/MiniOzoneClusterImpl-e692d0c4-4f9e-424f-81a0-065ebcedd1d3/datanode-0/data-0/containers/hdds
2023-08-25 08:53:35,611 [Time-limited test] INFO  ozoneimpl.OzoneContainer (OzoneContainer.java:buildContainerSet(314)) - Build ContainerSet costs 0s
2023-08-25 08:53:35,613 [Time-limited test] INFO  server.RaftServer (ConfUtils.java:logGet(46)) - raft.rpc.type = GRPC (default)
2023-08-25 08:53:35,613 [Time-limited test] INFO  grpc.GrpcConfigKeys (ConfUtils.java:logFallback(53)) - raft.grpc.admin.host = null (fallback to raft.grpc.server.host)
2023-08-25 08:53:35,613 [Time-limited test] INFO  grpc.GrpcConfigKeys (ConfUtils.java:logGet(46)) - raft.grpc.admin.port = 15225 (custom)
2023-08-25 08:53:35,613 [Time-limited test] INFO  grpc.GrpcConfigKeys (ConfUtils.java:logFallback(53)) - raft.grpc.client.host = null (fallback to raft.grpc.server.host)
2023-08-25 08:53:35,614 [Time-limited test] INFO  grpc.GrpcConfigKeys (ConfUtils.java:logGet(46)) - raft.grpc.client.port = 15224 (custom)
2023-08-25 08:53:35,614 [Time-limited test] INFO  grpc.GrpcConfigKeys (ConfUtils.java:logGet(46)) - raft.grpc.server.host = null (default)
2023-08-25 08:53:35,614 [Time-limited test] INFO  grpc.GrpcConfigKeys (ConfUtils.java:logGet(46)) - raft.grpc.server.port = 15226 (custom)
2023-08-25 08:53:35,614 [Time-limited test] INFO  server.GrpcService (ConfUtils.java:logGet(46)) - raft.grpc.message.size.max = 32MB (=33554432) (custom)
2023-08-25 08:53:35,614 [Time-limited test] INFO  server.RaftServerConfigKeys (ConfUtils.java:logGet(46)) - raft.server.log.appender.buffer.byte-limit = 33554432 (custom)
2023-08-25 08:53:35,614 [Time-limited test] INFO  server.GrpcService (ConfUtils.java:logGet(46)) - raft.grpc.flow.control.window = 5MB (=5242880) (custom)
2023-08-25 08:53:35,614 [Time-limited test] INFO  server.RaftServerConfigKeys (ConfUtils.java:logGet(46)) - raft.server.rpc.request.timeout = 60s (custom)
2023-08-25 08:53:35,614 [Time-limited test] INFO  grpc.GrpcConfigKeys (ConfUtils.java:logGet(46)) - raft.grpc.server.heartbeat.channel = true (default)
2023-08-25 08:53:35,614 [Time-limited test] INFO  grpc.GrpcConfigKeys (ConfUtils.java:logGet(46)) - raft.grpc.server.async.request.thread.pool.cached = true (default)
2023-08-25 08:53:35,614 [Time-limited test] INFO  grpc.GrpcConfigKeys (ConfUtils.java:logGet(46)) - raft.grpc.server.async.request.thread.pool.size = 32 (default)
2023-08-25 08:53:35,617 [Time-limited test] INFO  impl.DataStreamServerImpl (ConfUtils.java:logGet(46)) - raft.datastream.type = NETTY (custom)
2023-08-25 08:53:35,617 [Time-limited test] INFO  server.RaftServerConfigKeys (ConfUtils.java:logGet(46)) - raft.server.data-stream.async.request.thread.pool.cached = false (default)
2023-08-25 08:53:35,617 [Time-limited test] INFO  server.RaftServerConfigKeys (ConfUtils.java:logGet(46)) - raft.server.data-stream.async.request.thread.pool.size = 20 (custom)
2023-08-25 08:53:35,617 [Time-limited test] INFO  server.RaftServerConfigKeys (ConfUtils.java:logGet(46)) - raft.server.data-stream.async.write.thread.pool.size = 16 (default)
2023-08-25 08:53:35,617 [Time-limited test] INFO  server.RaftServerConfigKeys (ConfUtils.java:logGet(46)) - raft.server.data-stream.client.pool.size = 10 (default)
2023-08-25 08:53:35,617 [Time-limited test] INFO  netty.NettyConfigKeys$DataStream (ConfUtils.java:logGet(46)) - raft.netty.dataStream.server.use-epoll = false (default)
2023-08-25 08:53:35,617 [Time-limited test] INFO  netty.NettyConfigKeys$DataStream (ConfUtils.java:logGet(46)) - raft.netty.dataStream.server.boss-group.size = 0 (default)
2023-08-25 08:53:35,618 [Time-limited test] INFO  netty.NettyConfigKeys$DataStream (ConfUtils.java:logGet(46)) - raft.netty.dataStream.server.worker-group.size = 0 (default)
2023-08-25 08:53:35,618 [Time-limited test] INFO  netty.NettyConfigKeys$DataStream (ConfUtils.java:logGet(46)) - raft.netty.dataStream.server.tls.conf = null (default)
2023-08-25 08:53:35,618 [Time-limited test] INFO  netty.NettyConfigKeys$DataStream (ConfUtils.java:logGet(46)) - raft.netty.dataStream.host = null (default)
2023-08-25 08:53:35,618 [Time-limited test] INFO  netty.NettyConfigKeys$DataStream (ConfUtils.java:logGet(46)) - raft.netty.dataStream.port = 15227 (custom)
2023-08-25 08:53:35,619 [Time-limited test] INFO  server.RaftServerConfigKeys (ConfUtils.java:logGet(46)) - raft.server.threadpool.proxy.cached = true (default)
2023-08-25 08:53:35,619 [Time-limited test] INFO  server.RaftServerConfigKeys (ConfUtils.java:logGet(46)) - raft.server.threadpool.proxy.size = 0 (default)
2023-08-25 08:53:35,619 [Time-limited test] INFO  server.RaftServerConfigKeys (ConfUtils.java:logGet(46)) - raft.server.rpc.slowness.timeout = 300s (custom)
2023-08-25 08:53:35,619 [Time-limited test] INFO  server.RaftServerConfigKeys (ConfUtils.java:logGet(46)) - raft.server.leaderelection.leader.step-down.wait-time = 10s (default)
2023-08-25 08:53:35,619 [Time-limited test] INFO  server.RaftServerConfigKeys (ConfUtils.java:logGet(46)) - raft.server.storage.dir = [/home/runner/work/ozone/ozone/hadoop-ozone/integration-test/target/test-dir/MiniOzoneClusterImpl-e692d0c4-4f9e-424f-81a0-065ebcedd1d3/datanode-0/data/ratis] (custom)
2023-08-25 08:53:35,620 [8a274684-c774-4cfd-af69-c1a0c827c28c-NettyServerStreamRpc-bossGroup--thread1] INFO  logging.LoggingHandler (AbstractInternalLogger.java:log(148)) - [id: 0x91e76f1f] REGISTERED
2023-08-25 08:53:35,620 [8a274684-c774-4cfd-af69-c1a0c827c28c-NettyServerStreamRpc-bossGroup--thread1] INFO  logging.LoggingHandler (AbstractInternalLogger.java:log(148)) - [id: 0x91e76f1f] BIND: 0.0.0.0/0.0.0.0:15227
2023-08-25 08:53:35,620 [8a274684-c774-4cfd-af69-c1a0c827c28c-NettyServerStreamRpc-bossGroup--thread1] INFO  logging.LoggingHandler (AbstractInternalLogger.java:log(148)) - [id: 0x91e76f1f, L:/0:0:0:0:0:0:0:0:15227] ACTIVE
2023-08-25 08:53:35,620 [8a274684-c774-4cfd-af69-c1a0c827c28c-impl-thread1] INFO  server.RaftServer (RaftServerProxy.java:initGroupDir(258)) - 8a274684-c774-4cfd-af69-c1a0c827c28c: found a subdirectory /home/runner/work/ozone/ozone/hadoop-ozone/integration-test/target/test-dir/MiniOzoneClusterImpl-e692d0c4-4f9e-424f-81a0-065ebcedd1d3/datanode-0/data/ratis/tmp
2023-08-25 08:53:35,620 [8a274684-c774-4cfd-af69-c1a0c827c28c-impl-thread1] INFO  server.RaftServer (RaftServerProxy.java:initGroupDir(263)) - 8a274684-c774-4cfd-af69-c1a0c827c28c: The directory /home/runner/work/ozone/ozone/hadoop-ozone/integration-test/target/test-dir/MiniOzoneClusterImpl-e692d0c4-4f9e-424f-81a0-065ebcedd1d3/datanode-0/data/ratis/tmp is not a group directory; ignoring it. 
2023-08-25 08:53:35,620 [Time-limited test] INFO  replication.ReplicationServer (ReplicationServer.java:<init>(81)) - Initializing replication server with thread count = 10
2023-08-25 08:53:35,621 [Time-limited test] INFO  server.XceiverServerGrpc (XceiverServerGrpc.java:<init>(132)) - GrpcServer channel type EpollServerSocketChannel
2023-08-25 08:53:35,623 [Time-limited test] INFO  replication.ReplicationSupervisor (ReplicationSupervisor.java:build(155)) - Initializing replication supervisor with thread count = 10
2023-08-25 08:53:35,623 [Time-limited test] INFO  replication.ReplicationSupervisor (ReplicationSupervisor.java:nodeStateUpdated(307)) - Node state updated to IN_SERVICE, scaling executor pool size to 10
2023-08-25 08:53:35,626 [Time-limited test] INFO  http.BaseHttpServer (BaseHttpServer.java:newHttpServer2BuilderForOzone(224)) - Starting Web-server for hddsDatanode at: http://0.0.0.0:15221
2023-08-25 08:53:35,626 [Time-limited test] INFO  http.BaseHttpServer (BaseHttpServer.java:<init>(111)) - Hadoop Security Enabled: false Ozone Security Enabled: false Ozone HTTP Security Enabled: false 
2023-08-25 08:53:35,627 [Time-limited test] WARN  server.AuthenticationFilter (AuthenticationFilter.java:constructSecretProvider(240)) - Unable to initialize FileSignerSecretProvider, falling back to use random secrets. Reason: Could not read signature secret file: /home/runner/hadoop-http-auth-signature-secret
2023-08-25 08:53:35,628 [Time-limited test] INFO  http.HttpRequestLog (HttpRequestLog.java:getRequestLog(86)) - Http request log for http.requests.hddsDatanode is not defined
2023-08-25 08:53:35,629 [Time-limited test] INFO  http.HttpServer2 (HttpServer2.java:addGlobalFilter(1031)) - Added global filter 'safety' (class=org.apache.hadoop.hdds.server.http.HttpServer2$QuotingInputFilter)
2023-08-25 08:53:35,629 [Time-limited test] INFO  http.HttpServer2 (HttpServer2.java:addFilter(1007)) - Added filter static_user_filter (class=org.apache.hadoop.http.lib.StaticUserWebFilter$StaticUserFilter) to context hddsDatanode
2023-08-25 08:53:35,629 [Time-limited test] INFO  http.HttpServer2 (HttpServer2.java:addFilter(1015)) - Added filter static_user_filter (class=org.apache.hadoop.http.lib.StaticUserWebFilter$StaticUserFilter) to context static
2023-08-25 08:53:35,630 [Time-limited test] INFO  http.HttpServer2 (HttpServer2.java:addFilter(1015)) - Added filter static_user_filter (class=org.apache.hadoop.http.lib.StaticUserWebFilter$StaticUserFilter) to context logs
2023-08-25 08:53:35,630 [Time-limited test] INFO  http.BaseHttpServer (BaseHttpServer.java:<init>(190)) - HTTP server of hddsDatanode uses base directory /home/runner/work/ozone/ozone/hadoop-ozone/integration-test/target/test-dir/MiniOzoneClusterImpl-e692d0c4-4f9e-424f-81a0-065ebcedd1d3/datanode-0/meta/webserver
2023-08-25 08:53:35,630 [Time-limited test] INFO  http.HttpServer2 (HttpServer2.java:bindListener(1250)) - Jetty bound to port 15221
2023-08-25 08:53:35,630 [Time-limited test] INFO  server.Server (Server.java:doStart(375)) - jetty-9.4.51.v20230217; built: 2023-02-17T08:19:37.309Z; git: b45c405e4544384de066f814ed42ae3dceacdd49; jvm 1.8.0_382-b05
2023-08-25 08:53:35,636 [Time-limited test] INFO  server.session (DefaultSessionIdManager.java:doStart(334)) - DefaultSessionIdManager workerName=node0
2023-08-25 08:53:35,636 [Time-limited test] INFO  server.session (DefaultSessionIdManager.java:doStart(339)) - No SessionScavenger set, using defaults
2023-08-25 08:53:35,636 [Time-limited test] INFO  server.session (HouseKeeper.java:startScavenging(132)) - node0 Scavenging every 660000ms
2023-08-25 08:53:35,637 [Time-limited test] INFO  handler.ContextHandler (ContextHandler.java:doStart(921)) - Started o.e.j.s.ServletContextHandler@487c4216{logs,/logs,file:///home/runner/work/ozone/ozone/hadoop-ozone/integration-test/target/log,AVAILABLE}
2023-08-25 08:53:35,637 [Time-limited test] INFO  handler.ContextHandler (ContextHandler.java:doStart(921)) - Started o.e.j.s.ServletContextHandler@4b714ec0{static,/static,jar:file:/home/runner/.m2/repository/org/apache/ozone/hdds-container-service/1.4.0-SNAPSHOT/hdds-container-service-1.4.0-SNAPSHOT.jar!/webapps/static,AVAILABLE}
2023-08-25 08:53:35,866 [Time-limited test] INFO  handler.ContextHandler (ContextHandler.java:doStart(921)) - Started o.e.j.w.WebAppContext@57281a7{hddsDatanode,/,file:///home/runner/work/ozone/ozone/hadoop-ozone/integration-test/target/test-dir/MiniOzoneClusterImpl-e692d0c4-4f9e-424f-81a0-065ebcedd1d3/datanode-0/meta/webserver/jetty-0_0_0_0-15221-hdds-container-service-1_4_0-SNAPSHOT_jar-_-any-4646103137134592657/webapp/,AVAILABLE}{jar:file:/home/runner/.m2/repository/org/apache/ozone/hdds-container-service/1.4.0-SNAPSHOT/hdds-container-service-1.4.0-SNAPSHOT.jar!/webapps/hddsDatanode}
2023-08-25 08:53:35,869 [Time-limited test] INFO  server.AbstractConnector (AbstractConnector.java:doStart(333)) - Started ServerConnector@5956bbaa{HTTP/1.1, (http/1.1)}{0.0.0.0:15221}
2023-08-25 08:53:35,869 [Time-limited test] INFO  server.Server (Server.java:doStart(415)) - Started @177096ms
2023-08-25 08:53:35,869 [Time-limited test] WARN  impl.MetricsSystemImpl (MetricsSystemImpl.java:register(279)) - Sink prometheus already exists!
2023-08-25 08:53:35,870 [Time-limited test] INFO  http.BaseHttpServer (BaseHttpServer.java:updateConnectorAddress(344)) - HTTP server of hddsDatanode listening at http://0.0.0.0:15221
2023-08-25 08:53:35,870 [Time-limited test] INFO  ipc.CallQueueManager (CallQueueManager.java:<init>(90)) - Using callQueue: class java.util.concurrent.LinkedBlockingQueue, queueCapacity: 100, scheduler: class org.apache.hadoop.ipc.DefaultRpcScheduler, ipcBackoff: false.
2023-08-25 08:53:35,870 [Time-limited test] INFO  ipc.Server (Server.java:<init>(1287)) - Listener at 0.0.0.0:15222
2023-08-25 08:53:35,871 [Socket Reader #1 for port 15222] INFO  ipc.Server (Server.java:run(1323)) - Starting Socket Reader #1 for port 15222
2023-08-25 08:53:35,874 [Time-limited test] INFO  ozone.HddsDatanodeService (HddsDatanodeService.java:start(315)) - Datanode start with admins: [runner]
2023-08-25 08:53:35,874 [Time-limited test] INFO  ozone.HddsDatanodeClientProtocolServer (HddsDatanodeClientProtocolServer.java:start(72)) - RPC server for Client /0.0.0.0:15222
2023-08-25 08:53:35,874 [IPC Server Responder] INFO  ipc.Server (Server.java:run(1562)) - IPC Server Responder: starting
2023-08-25 08:53:35,875 [IPC Server listener on 15222] INFO  ipc.Server (Server.java:run(1402)) - IPC Server listener on 15222: starting
2023-08-25 08:53:35,875 [Datanode State Machine Daemon Thread] INFO  statemachine.DatanodeStateMachine (DatanodeStateMachine.java:lambda$startDaemon$0(538)) - Ozone container server started.
2023-08-25 08:53:35,875 [Time-limited test] WARN  impl.MetricRegistriesImpl (MetricRegistriesImpl.java:addReporterRegistration(111)) - New reporters are added after registries were created. Some metrics will be missing from the reporter. Please add reporter before adding any new registry.
2023-08-25 08:53:35,875 [Time-limited test] WARN  impl.MetricRegistriesImpl (MetricRegistriesImpl.java:addReporterRegistration(111)) - New reporters are added after registries were created. Some metrics will be missing from the reporter. Please add reporter before adding any new registry.
2023-08-25 08:53:35,875 [Time-limited test] INFO  impl.MetricsSystemImpl (MetricsSystemImpl.java:init(158)) - HddsDatanode metrics system started (again)
2023-08-25 08:53:35,895 [Time-limited test] INFO  ozone.HddsDatanodeService (HddsDatanodeService.java:start(237)) - HddsDatanodeService host:fv-az584-689.msjcyvhqqs1uvpg4fm53wptgqc.jx.internal.cloudapp.net ip:10.1.0.19
2023-08-25 08:53:35,899 [Datanode State Machine Task Thread - 0] INFO  datanode.InitDatanodeState (InitDatanodeState.java:persistContainerDatanodeDetails(138)) - DatanodeDetails is persisted to /home/runner/work/ozone/ozone/hadoop-ozone/integration-test/target/test-dir/MiniOzoneClusterImpl-e692d0c4-4f9e-424f-81a0-065ebcedd1d3/datanode-0/meta/datanode.id
2023-08-25 08:53:35,926 [Time-limited test] INFO  upgrade.AbstractLayoutVersionManager (AbstractLayoutVersionManager.java:init(83)) - Initializing Layout version manager with metadata layout = HADOOP_PRC_PORTS_IN_DATANODEDETAILS (version = 7), software layout = HADOOP_PRC_PORTS_IN_DATANODEDETAILS (version = 7)
2023-08-25 08:53:35,926 [Time-limited test] INFO  statemachine.DatanodeStateMachine (DatanodeStateMachine.java:getEndPointTaskThreadPoolSize(282)) - Datanode State Machine Task Thread Pool size 2
2023-08-25 08:53:35,928 [Time-limited test] INFO  volume.HddsVolume (HddsVolume.java:<init>(126)) - Creating HddsVolume: /home/runner/work/ozone/ozone/hadoop-ozone/integration-test/target/test-dir/MiniOzoneClusterImpl-e692d0c4-4f9e-424f-81a0-065ebcedd1d3/datanode-1/data-0/containers/hdds of storage type : DISK capacity : 9223372036854775807
2023-08-25 08:53:35,928 [Time-limited test] INFO  volume.MutableVolumeSet (MutableVolumeSet.java:initializeVolumeSet(173)) - Added Volume : /home/runner/work/ozone/ozone/hadoop-ozone/integration-test/target/test-dir/MiniOzoneClusterImpl-e692d0c4-4f9e-424f-81a0-065ebcedd1d3/datanode-1/data-0/containers/hdds to VolumeSet
2023-08-25 08:53:35,929 [Time-limited test] INFO  volume.MutableVolumeSet (MutableVolumeSet.java:initializeVolumeSet(173)) - Added Volume : /home/runner/work/ozone/ozone/hadoop-ozone/integration-test/target/test-dir/MiniOzoneClusterImpl-e692d0c4-4f9e-424f-81a0-065ebcedd1d3/datanode-1/data/ratis to VolumeSet
2023-08-25 08:53:35,929 [Thread-2514] INFO  ozoneimpl.ContainerReader (ContainerReader.java:readVolume(177)) - Finish verifying containers on volume /home/runner/work/ozone/ozone/hadoop-ozone/integration-test/target/test-dir/MiniOzoneClusterImpl-e692d0c4-4f9e-424f-81a0-065ebcedd1d3/datanode-1/data-0/containers/hdds
2023-08-25 08:53:35,929 [Time-limited test] INFO  ozoneimpl.OzoneContainer (OzoneContainer.java:buildContainerSet(314)) - Build ContainerSet costs 0s
2023-08-25 08:53:35,931 [Time-limited test] INFO  server.RaftServer (ConfUtils.java:logGet(46)) - raft.rpc.type = GRPC (default)
2023-08-25 08:53:35,931 [Time-limited test] INFO  grpc.GrpcConfigKeys (ConfUtils.java:logFallback(53)) - raft.grpc.admin.host = null (fallback to raft.grpc.server.host)
2023-08-25 08:53:35,931 [Time-limited test] INFO  grpc.GrpcConfigKeys (ConfUtils.java:logGet(46)) - raft.grpc.admin.port = 15234 (custom)
2023-08-25 08:53:35,931 [Time-limited test] INFO  grpc.GrpcConfigKeys (ConfUtils.java:logFallback(53)) - raft.grpc.client.host = null (fallback to raft.grpc.server.host)
2023-08-25 08:53:35,931 [Time-limited test] INFO  grpc.GrpcConfigKeys (ConfUtils.java:logGet(46)) - raft.grpc.client.port = 15233 (custom)
2023-08-25 08:53:35,932 [Time-limited test] INFO  grpc.GrpcConfigKeys (ConfUtils.java:logGet(46)) - raft.grpc.server.host = null (default)
2023-08-25 08:53:35,932 [Time-limited test] INFO  grpc.GrpcConfigKeys (ConfUtils.java:logGet(46)) - raft.grpc.server.port = 15235 (custom)
2023-08-25 08:53:35,932 [Time-limited test] INFO  server.GrpcService (ConfUtils.java:logGet(46)) - raft.grpc.message.size.max = 32MB (=33554432) (custom)
2023-08-25 08:53:35,932 [Time-limited test] INFO  server.RaftServerConfigKeys (ConfUtils.java:logGet(46)) - raft.server.log.appender.buffer.byte-limit = 33554432 (custom)
2023-08-25 08:53:35,932 [Time-limited test] INFO  server.GrpcService (ConfUtils.java:logGet(46)) - raft.grpc.flow.control.window = 5MB (=5242880) (custom)
2023-08-25 08:53:35,932 [Time-limited test] INFO  server.RaftServerConfigKeys (ConfUtils.java:logGet(46)) - raft.server.rpc.request.timeout = 60s (custom)
2023-08-25 08:53:35,932 [Time-limited test] INFO  grpc.GrpcConfigKeys (ConfUtils.java:logGet(46)) - raft.grpc.server.heartbeat.channel = true (default)
2023-08-25 08:53:35,932 [Time-limited test] INFO  grpc.GrpcConfigKeys (ConfUtils.java:logGet(46)) - raft.grpc.server.async.request.thread.pool.cached = true (default)
2023-08-25 08:53:35,932 [Time-limited test] INFO  grpc.GrpcConfigKeys (ConfUtils.java:logGet(46)) - raft.grpc.server.async.request.thread.pool.size = 32 (default)
2023-08-25 08:53:35,935 [Time-limited test] INFO  impl.DataStreamServerImpl (ConfUtils.java:logGet(46)) - raft.datastream.type = NETTY (custom)
2023-08-25 08:53:35,935 [Time-limited test] INFO  server.RaftServerConfigKeys (ConfUtils.java:logGet(46)) - raft.server.data-stream.async.request.thread.pool.cached = false (default)
2023-08-25 08:53:35,935 [Time-limited test] INFO  server.RaftServerConfigKeys (ConfUtils.java:logGet(46)) - raft.server.data-stream.async.request.thread.pool.size = 20 (custom)
2023-08-25 08:53:35,935 [Time-limited test] INFO  server.RaftServerConfigKeys (ConfUtils.java:logGet(46)) - raft.server.data-stream.async.write.thread.pool.size = 16 (default)
2023-08-25 08:53:35,935 [Time-limited test] INFO  server.RaftServerConfigKeys (ConfUtils.java:logGet(46)) - raft.server.data-stream.client.pool.size = 10 (default)
2023-08-25 08:53:35,935 [Time-limited test] INFO  netty.NettyConfigKeys$DataStream (ConfUtils.java:logGet(46)) - raft.netty.dataStream.server.use-epoll = false (default)
2023-08-25 08:53:35,935 [Time-limited test] INFO  netty.NettyConfigKeys$DataStream (ConfUtils.java:logGet(46)) - raft.netty.dataStream.server.boss-group.size = 0 (default)
2023-08-25 08:53:35,936 [Time-limited test] INFO  netty.NettyConfigKeys$DataStream (ConfUtils.java:logGet(46)) - raft.netty.dataStream.server.worker-group.size = 0 (default)
2023-08-25 08:53:35,936 [Time-limited test] INFO  netty.NettyConfigKeys$DataStream (ConfUtils.java:logGet(46)) - raft.netty.dataStream.server.tls.conf = null (default)
2023-08-25 08:53:35,936 [Time-limited test] INFO  netty.NettyConfigKeys$DataStream (ConfUtils.java:logGet(46)) - raft.netty.dataStream.host = null (default)
2023-08-25 08:53:35,936 [Time-limited test] INFO  netty.NettyConfigKeys$DataStream (ConfUtils.java:logGet(46)) - raft.netty.dataStream.port = 15236 (custom)
2023-08-25 08:53:35,937 [Time-limited test] INFO  server.RaftServerConfigKeys (ConfUtils.java:logGet(46)) - raft.server.threadpool.proxy.cached = true (default)
2023-08-25 08:53:35,937 [Time-limited test] INFO  server.RaftServerConfigKeys (ConfUtils.java:logGet(46)) - raft.server.threadpool.proxy.size = 0 (default)
2023-08-25 08:53:35,937 [Time-limited test] INFO  server.RaftServerConfigKeys (ConfUtils.java:logGet(46)) - raft.server.rpc.slowness.timeout = 300s (custom)
2023-08-25 08:53:35,937 [Time-limited test] INFO  server.RaftServerConfigKeys (ConfUtils.java:logGet(46)) - raft.server.leaderelection.leader.step-down.wait-time = 10s (default)
2023-08-25 08:53:35,937 [74226a13-8718-4542-a815-a533182346c1-NettyServerStreamRpc-bossGroup--thread1] INFO  logging.LoggingHandler (AbstractInternalLogger.java:log(148)) - [id: 0x8b2fc725] REGISTERED
2023-08-25 08:53:35,937 [Time-limited test] INFO  server.RaftServerConfigKeys (ConfUtils.java:logGet(46)) - raft.server.storage.dir = [/home/runner/work/ozone/ozone/hadoop-ozone/integration-test/target/test-dir/MiniOzoneClusterImpl-e692d0c4-4f9e-424f-81a0-065ebcedd1d3/datanode-1/data/ratis] (custom)
2023-08-25 08:53:35,937 [74226a13-8718-4542-a815-a533182346c1-NettyServerStreamRpc-bossGroup--thread1] INFO  logging.LoggingHandler (AbstractInternalLogger.java:log(148)) - [id: 0x8b2fc725] BIND: 0.0.0.0/0.0.0.0:15236
2023-08-25 08:53:35,937 [74226a13-8718-4542-a815-a533182346c1-NettyServerStreamRpc-bossGroup--thread1] INFO  logging.LoggingHandler (AbstractInternalLogger.java:log(148)) - [id: 0x8b2fc725, L:/0:0:0:0:0:0:0:0:15236] ACTIVE
2023-08-25 08:53:35,938 [74226a13-8718-4542-a815-a533182346c1-impl-thread1] INFO  server.RaftServer (RaftServerProxy.java:initGroupDir(258)) - 74226a13-8718-4542-a815-a533182346c1: found a subdirectory /home/runner/work/ozone/ozone/hadoop-ozone/integration-test/target/test-dir/MiniOzoneClusterImpl-e692d0c4-4f9e-424f-81a0-065ebcedd1d3/datanode-1/data/ratis/tmp
2023-08-25 08:53:35,938 [74226a13-8718-4542-a815-a533182346c1-impl-thread1] INFO  server.RaftServer (RaftServerProxy.java:initGroupDir(263)) - 74226a13-8718-4542-a815-a533182346c1: The directory /home/runner/work/ozone/ozone/hadoop-ozone/integration-test/target/test-dir/MiniOzoneClusterImpl-e692d0c4-4f9e-424f-81a0-065ebcedd1d3/datanode-1/data/ratis/tmp is not a group directory; ignoring it. 
2023-08-25 08:53:35,938 [Time-limited test] INFO  replication.ReplicationServer (ReplicationServer.java:<init>(81)) - Initializing replication server with thread count = 10
2023-08-25 08:53:35,939 [Time-limited test] INFO  server.XceiverServerGrpc (XceiverServerGrpc.java:<init>(132)) - GrpcServer channel type EpollServerSocketChannel
2023-08-25 08:53:35,940 [Time-limited test] INFO  replication.ReplicationSupervisor (ReplicationSupervisor.java:build(155)) - Initializing replication supervisor with thread count = 10
2023-08-25 08:53:35,940 [Time-limited test] INFO  replication.ReplicationSupervisor (ReplicationSupervisor.java:nodeStateUpdated(307)) - Node state updated to IN_SERVICE, scaling executor pool size to 10
2023-08-25 08:53:35,942 [Time-limited test] INFO  http.BaseHttpServer (BaseHttpServer.java:newHttpServer2BuilderForOzone(224)) - Starting Web-server for hddsDatanode at: http://0.0.0.0:15230
2023-08-25 08:53:35,942 [Time-limited test] INFO  http.BaseHttpServer (BaseHttpServer.java:<init>(111)) - Hadoop Security Enabled: false Ozone Security Enabled: false Ozone HTTP Security Enabled: false 
2023-08-25 08:53:35,943 [Time-limited test] WARN  server.AuthenticationFilter (AuthenticationFilter.java:constructSecretProvider(240)) - Unable to initialize FileSignerSecretProvider, falling back to use random secrets. Reason: Could not read signature secret file: /home/runner/hadoop-http-auth-signature-secret
2023-08-25 08:53:35,944 [Time-limited test] INFO  http.HttpRequestLog (HttpRequestLog.java:getRequestLog(86)) - Http request log for http.requests.hddsDatanode is not defined
2023-08-25 08:53:35,945 [Time-limited test] INFO  http.HttpServer2 (HttpServer2.java:addGlobalFilter(1031)) - Added global filter 'safety' (class=org.apache.hadoop.hdds.server.http.HttpServer2$QuotingInputFilter)
2023-08-25 08:53:35,945 [Time-limited test] INFO  http.HttpServer2 (HttpServer2.java:addFilter(1007)) - Added filter static_user_filter (class=org.apache.hadoop.http.lib.StaticUserWebFilter$StaticUserFilter) to context hddsDatanode
2023-08-25 08:53:35,945 [Time-limited test] INFO  http.HttpServer2 (HttpServer2.java:addFilter(1015)) - Added filter static_user_filter (class=org.apache.hadoop.http.lib.StaticUserWebFilter$StaticUserFilter) to context static
2023-08-25 08:53:35,946 [Time-limited test] INFO  http.HttpServer2 (HttpServer2.java:addFilter(1015)) - Added filter static_user_filter (class=org.apache.hadoop.http.lib.StaticUserWebFilter$StaticUserFilter) to context logs
2023-08-25 08:53:35,949 [Time-limited test] INFO  http.BaseHttpServer (BaseHttpServer.java:<init>(190)) - HTTP server of hddsDatanode uses base directory /home/runner/work/ozone/ozone/hadoop-ozone/integration-test/target/test-dir/MiniOzoneClusterImpl-e692d0c4-4f9e-424f-81a0-065ebcedd1d3/datanode-1/meta/webserver
2023-08-25 08:53:35,949 [Time-limited test] INFO  http.HttpServer2 (HttpServer2.java:bindListener(1250)) - Jetty bound to port 15230
2023-08-25 08:53:35,949 [Time-limited test] INFO  server.Server (Server.java:doStart(375)) - jetty-9.4.51.v20230217; built: 2023-02-17T08:19:37.309Z; git: b45c405e4544384de066f814ed42ae3dceacdd49; jvm 1.8.0_382-b05
2023-08-25 08:53:35,953 [Time-limited test] INFO  server.session (DefaultSessionIdManager.java:doStart(334)) - DefaultSessionIdManager workerName=node0
2023-08-25 08:53:35,953 [Time-limited test] INFO  server.session (DefaultSessionIdManager.java:doStart(339)) - No SessionScavenger set, using defaults
2023-08-25 08:53:35,953 [Time-limited test] INFO  server.session (HouseKeeper.java:startScavenging(132)) - node0 Scavenging every 600000ms
2023-08-25 08:53:35,956 [Time-limited test] INFO  handler.ContextHandler (ContextHandler.java:doStart(921)) - Started o.e.j.s.ServletContextHandler@4238d236{logs,/logs,file:///home/runner/work/ozone/ozone/hadoop-ozone/integration-test/target/log,AVAILABLE}
2023-08-25 08:53:35,956 [Time-limited test] INFO  handler.ContextHandler (ContextHandler.java:doStart(921)) - Started o.e.j.s.ServletContextHandler@75cb065{static,/static,jar:file:/home/runner/.m2/repository/org/apache/ozone/hdds-container-service/1.4.0-SNAPSHOT/hdds-container-service-1.4.0-SNAPSHOT.jar!/webapps/static,AVAILABLE}
2023-08-25 08:53:36,179 [Time-limited test] INFO  handler.ContextHandler (ContextHandler.java:doStart(921)) - Started o.e.j.w.WebAppContext@335f9374{hddsDatanode,/,file:///home/runner/work/ozone/ozone/hadoop-ozone/integration-test/target/test-dir/MiniOzoneClusterImpl-e692d0c4-4f9e-424f-81a0-065ebcedd1d3/datanode-1/meta/webserver/jetty-0_0_0_0-15230-hdds-container-service-1_4_0-SNAPSHOT_jar-_-any-4067145199918166085/webapp/,AVAILABLE}{jar:file:/home/runner/.m2/repository/org/apache/ozone/hdds-container-service/1.4.0-SNAPSHOT/hdds-container-service-1.4.0-SNAPSHOT.jar!/webapps/hddsDatanode}
2023-08-25 08:53:36,181 [Time-limited test] INFO  server.AbstractConnector (AbstractConnector.java:doStart(333)) - Started ServerConnector@712794fb{HTTP/1.1, (http/1.1)}{0.0.0.0:15230}
2023-08-25 08:53:36,181 [Time-limited test] INFO  server.Server (Server.java:doStart(415)) - Started @177408ms
2023-08-25 08:53:36,181 [Time-limited test] WARN  impl.MetricsSystemImpl (MetricsSystemImpl.java:register(279)) - Sink prometheus already exists!
2023-08-25 08:53:36,182 [Time-limited test] INFO  http.BaseHttpServer (BaseHttpServer.java:updateConnectorAddress(344)) - HTTP server of hddsDatanode listening at http://0.0.0.0:15230
2023-08-25 08:53:36,182 [Time-limited test] INFO  ipc.CallQueueManager (CallQueueManager.java:<init>(90)) - Using callQueue: class java.util.concurrent.LinkedBlockingQueue, queueCapacity: 100, scheduler: class org.apache.hadoop.ipc.DefaultRpcScheduler, ipcBackoff: false.
2023-08-25 08:53:36,182 [Time-limited test] INFO  ipc.Server (Server.java:<init>(1287)) - Listener at 0.0.0.0:15231
2023-08-25 08:53:36,183 [Socket Reader #1 for port 15231] INFO  ipc.Server (Server.java:run(1323)) - Starting Socket Reader #1 for port 15231
2023-08-25 08:53:36,184 [Time-limited test] INFO  ozone.HddsDatanodeService (HddsDatanodeService.java:start(315)) - Datanode start with admins: [runner]
2023-08-25 08:53:36,184 [Time-limited test] INFO  ozone.HddsDatanodeClientProtocolServer (HddsDatanodeClientProtocolServer.java:start(72)) - RPC server for Client /0.0.0.0:15231
2023-08-25 08:53:36,185 [IPC Server listener on 15231] INFO  ipc.Server (Server.java:run(1402)) - IPC Server listener on 15231: starting
2023-08-25 08:53:36,185 [IPC Server Responder] INFO  ipc.Server (Server.java:run(1562)) - IPC Server Responder: starting
2023-08-25 08:53:36,189 [Time-limited test] WARN  impl.MetricRegistriesImpl (MetricRegistriesImpl.java:addReporterRegistration(111)) - New reporters are added after registries were created. Some metrics will be missing from the reporter. Please add reporter before adding any new registry.
2023-08-25 08:53:36,189 [Time-limited test] WARN  impl.MetricRegistriesImpl (MetricRegistriesImpl.java:addReporterRegistration(111)) - New reporters are added after registries were created. Some metrics will be missing from the reporter. Please add reporter before adding any new registry.
2023-08-25 08:53:36,189 [Time-limited test] INFO  impl.MetricsSystemImpl (MetricsSystemImpl.java:init(158)) - HddsDatanode metrics system started (again)
2023-08-25 08:53:36,200 [Datanode State Machine Daemon Thread] INFO  statemachine.DatanodeStateMachine (DatanodeStateMachine.java:lambda$startDaemon$0(538)) - Ozone container server started.
2023-08-25 08:53:36,207 [Time-limited test] INFO  ozone.HddsDatanodeService (HddsDatanodeService.java:start(237)) - HddsDatanodeService host:fv-az584-689.msjcyvhqqs1uvpg4fm53wptgqc.jx.internal.cloudapp.net ip:10.1.0.19
2023-08-25 08:53:36,221 [Datanode State Machine Task Thread - 0] INFO  datanode.InitDatanodeState (InitDatanodeState.java:persistContainerDatanodeDetails(138)) - DatanodeDetails is persisted to /home/runner/work/ozone/ozone/hadoop-ozone/integration-test/target/test-dir/MiniOzoneClusterImpl-e692d0c4-4f9e-424f-81a0-065ebcedd1d3/datanode-1/meta/datanode.id
2023-08-25 08:53:36,238 [Time-limited test] INFO  upgrade.AbstractLayoutVersionManager (AbstractLayoutVersionManager.java:init(83)) - Initializing Layout version manager with metadata layout = HADOOP_PRC_PORTS_IN_DATANODEDETAILS (version = 7), software layout = HADOOP_PRC_PORTS_IN_DATANODEDETAILS (version = 7)
2023-08-25 08:53:36,240 [Time-limited test] INFO  statemachine.DatanodeStateMachine (DatanodeStateMachine.java:getEndPointTaskThreadPoolSize(282)) - Datanode State Machine Task Thread Pool size 2
2023-08-25 08:53:36,241 [Time-limited test] INFO  volume.HddsVolume (HddsVolume.java:<init>(126)) - Creating HddsVolume: /home/runner/work/ozone/ozone/hadoop-ozone/integration-test/target/test-dir/MiniOzoneClusterImpl-e692d0c4-4f9e-424f-81a0-065ebcedd1d3/datanode-2/data-0/containers/hdds of storage type : DISK capacity : 9223372036854775807
2023-08-25 08:53:36,241 [Time-limited test] INFO  volume.MutableVolumeSet (MutableVolumeSet.java:initializeVolumeSet(173)) - Added Volume : /home/runner/work/ozone/ozone/hadoop-ozone/integration-test/target/test-dir/MiniOzoneClusterImpl-e692d0c4-4f9e-424f-81a0-065ebcedd1d3/datanode-2/data-0/containers/hdds to VolumeSet
2023-08-25 08:53:36,242 [Time-limited test] INFO  volume.MutableVolumeSet (MutableVolumeSet.java:initializeVolumeSet(173)) - Added Volume : /home/runner/work/ozone/ozone/hadoop-ozone/integration-test/target/test-dir/MiniOzoneClusterImpl-e692d0c4-4f9e-424f-81a0-065ebcedd1d3/datanode-2/data/ratis to VolumeSet
2023-08-25 08:53:36,243 [Thread-2531] INFO  ozoneimpl.ContainerReader (ContainerReader.java:readVolume(177)) - Finish verifying containers on volume /home/runner/work/ozone/ozone/hadoop-ozone/integration-test/target/test-dir/MiniOzoneClusterImpl-e692d0c4-4f9e-424f-81a0-065ebcedd1d3/datanode-2/data-0/containers/hdds
2023-08-25 08:53:36,243 [Time-limited test] INFO  ozoneimpl.OzoneContainer (OzoneContainer.java:buildContainerSet(314)) - Build ContainerSet costs 0s
2023-08-25 08:53:36,246 [Time-limited test] INFO  server.RaftServer (ConfUtils.java:logGet(46)) - raft.rpc.type = GRPC (default)
2023-08-25 08:53:36,246 [Time-limited test] INFO  grpc.GrpcConfigKeys (ConfUtils.java:logFallback(53)) - raft.grpc.admin.host = null (fallback to raft.grpc.server.host)
2023-08-25 08:53:36,247 [Time-limited test] INFO  grpc.GrpcConfigKeys (ConfUtils.java:logGet(46)) - raft.grpc.admin.port = 15243 (custom)
2023-08-25 08:53:36,247 [Time-limited test] INFO  grpc.GrpcConfigKeys (ConfUtils.java:logFallback(53)) - raft.grpc.client.host = null (fallback to raft.grpc.server.host)
2023-08-25 08:53:36,247 [Time-limited test] INFO  grpc.GrpcConfigKeys (ConfUtils.java:logGet(46)) - raft.grpc.client.port = 15242 (custom)
2023-08-25 08:53:36,247 [Time-limited test] INFO  grpc.GrpcConfigKeys (ConfUtils.java:logGet(46)) - raft.grpc.server.host = null (default)
2023-08-25 08:53:36,247 [Time-limited test] INFO  grpc.GrpcConfigKeys (ConfUtils.java:logGet(46)) - raft.grpc.server.port = 15244 (custom)
2023-08-25 08:53:36,248 [Time-limited test] INFO  server.GrpcService (ConfUtils.java:logGet(46)) - raft.grpc.message.size.max = 32MB (=33554432) (custom)
2023-08-25 08:53:36,248 [Time-limited test] INFO  server.RaftServerConfigKeys (ConfUtils.java:logGet(46)) - raft.server.log.appender.buffer.byte-limit = 33554432 (custom)
2023-08-25 08:53:36,249 [Time-limited test] INFO  server.GrpcService (ConfUtils.java:logGet(46)) - raft.grpc.flow.control.window = 5MB (=5242880) (custom)
2023-08-25 08:53:36,249 [Time-limited test] INFO  server.RaftServerConfigKeys (ConfUtils.java:logGet(46)) - raft.server.rpc.request.timeout = 60s (custom)
2023-08-25 08:53:36,249 [Time-limited test] INFO  grpc.GrpcConfigKeys (ConfUtils.java:logGet(46)) - raft.grpc.server.heartbeat.channel = true (default)
2023-08-25 08:53:36,249 [Time-limited test] INFO  grpc.GrpcConfigKeys (ConfUtils.java:logGet(46)) - raft.grpc.server.async.request.thread.pool.cached = true (default)
2023-08-25 08:53:36,249 [Time-limited test] INFO  grpc.GrpcConfigKeys (ConfUtils.java:logGet(46)) - raft.grpc.server.async.request.thread.pool.size = 32 (default)
2023-08-25 08:53:36,253 [Time-limited test] INFO  impl.DataStreamServerImpl (ConfUtils.java:logGet(46)) - raft.datastream.type = NETTY (custom)
2023-08-25 08:53:36,254 [Time-limited test] INFO  server.RaftServerConfigKeys (ConfUtils.java:logGet(46)) - raft.server.data-stream.async.request.thread.pool.cached = false (default)
2023-08-25 08:53:36,254 [Time-limited test] INFO  server.RaftServerConfigKeys (ConfUtils.java:logGet(46)) - raft.server.data-stream.async.request.thread.pool.size = 20 (custom)
2023-08-25 08:53:36,254 [Time-limited test] INFO  server.RaftServerConfigKeys (ConfUtils.java:logGet(46)) - raft.server.data-stream.async.write.thread.pool.size = 16 (default)
2023-08-25 08:53:36,254 [Time-limited test] INFO  server.RaftServerConfigKeys (ConfUtils.java:logGet(46)) - raft.server.data-stream.client.pool.size = 10 (default)
2023-08-25 08:53:36,254 [Time-limited test] INFO  netty.NettyConfigKeys$DataStream (ConfUtils.java:logGet(46)) - raft.netty.dataStream.server.use-epoll = false (default)
2023-08-25 08:53:36,254 [Time-limited test] INFO  netty.NettyConfigKeys$DataStream (ConfUtils.java:logGet(46)) - raft.netty.dataStream.server.boss-group.size = 0 (default)
2023-08-25 08:53:36,255 [Time-limited test] INFO  netty.NettyConfigKeys$DataStream (ConfUtils.java:logGet(46)) - raft.netty.dataStream.server.worker-group.size = 0 (default)
2023-08-25 08:53:36,255 [Time-limited test] INFO  netty.NettyConfigKeys$DataStream (ConfUtils.java:logGet(46)) - raft.netty.dataStream.server.tls.conf = null (default)
2023-08-25 08:53:36,255 [Time-limited test] INFO  netty.NettyConfigKeys$DataStream (ConfUtils.java:logGet(46)) - raft.netty.dataStream.host = null (default)
2023-08-25 08:53:36,255 [Time-limited test] INFO  netty.NettyConfigKeys$DataStream (ConfUtils.java:logGet(46)) - raft.netty.dataStream.port = 15245 (custom)
2023-08-25 08:53:36,255 [Time-limited test] INFO  server.RaftServerConfigKeys (ConfUtils.java:logGet(46)) - raft.server.threadpool.proxy.cached = true (default)
2023-08-25 08:53:36,256 [Time-limited test] INFO  server.RaftServerConfigKeys (ConfUtils.java:logGet(46)) - raft.server.threadpool.proxy.size = 0 (default)
2023-08-25 08:53:36,256 [Time-limited test] INFO  server.RaftServerConfigKeys (ConfUtils.java:logGet(46)) - raft.server.rpc.slowness.timeout = 300s (custom)
2023-08-25 08:53:36,256 [Time-limited test] INFO  server.RaftServerConfigKeys (ConfUtils.java:logGet(46)) - raft.server.leaderelection.leader.step-down.wait-time = 10s (default)
2023-08-25 08:53:36,256 [Time-limited test] INFO  server.RaftServerConfigKeys (ConfUtils.java:logGet(46)) - raft.server.storage.dir = [/home/runner/work/ozone/ozone/hadoop-ozone/integration-test/target/test-dir/MiniOzoneClusterImpl-e692d0c4-4f9e-424f-81a0-065ebcedd1d3/datanode-2/data/ratis] (custom)
2023-08-25 08:53:36,256 [df7ffc6f-4fb9-49c9-8407-31fb6ff06550-impl-thread1] INFO  server.RaftServer (RaftServerProxy.java:initGroupDir(258)) - df7ffc6f-4fb9-49c9-8407-31fb6ff06550: found a subdirectory /home/runner/work/ozone/ozone/hadoop-ozone/integration-test/target/test-dir/MiniOzoneClusterImpl-e692d0c4-4f9e-424f-81a0-065ebcedd1d3/datanode-2/data/ratis/tmp
2023-08-25 08:53:36,256 [df7ffc6f-4fb9-49c9-8407-31fb6ff06550-NettyServerStreamRpc-bossGroup--thread1] INFO  logging.LoggingHandler (AbstractInternalLogger.java:log(148)) - [id: 0xb3882432] REGISTERED
2023-08-25 08:53:36,257 [df7ffc6f-4fb9-49c9-8407-31fb6ff06550-impl-thread1] INFO  server.RaftServer (RaftServerProxy.java:initGroupDir(263)) - df7ffc6f-4fb9-49c9-8407-31fb6ff06550: The directory /home/runner/work/ozone/ozone/hadoop-ozone/integration-test/target/test-dir/MiniOzoneClusterImpl-e692d0c4-4f9e-424f-81a0-065ebcedd1d3/datanode-2/data/ratis/tmp is not a group directory; ignoring it. 
2023-08-25 08:53:36,257 [Time-limited test] INFO  replication.ReplicationServer (ReplicationServer.java:<init>(81)) - Initializing replication server with thread count = 10
2023-08-25 08:53:36,257 [df7ffc6f-4fb9-49c9-8407-31fb6ff06550-NettyServerStreamRpc-bossGroup--thread1] INFO  logging.LoggingHandler (AbstractInternalLogger.java:log(148)) - [id: 0xb3882432] BIND: 0.0.0.0/0.0.0.0:15245
2023-08-25 08:53:36,257 [df7ffc6f-4fb9-49c9-8407-31fb6ff06550-NettyServerStreamRpc-bossGroup--thread1] INFO  logging.LoggingHandler (AbstractInternalLogger.java:log(148)) - [id: 0xb3882432, L:/0:0:0:0:0:0:0:0:15245] ACTIVE
2023-08-25 08:53:36,258 [Time-limited test] INFO  server.XceiverServerGrpc (XceiverServerGrpc.java:<init>(132)) - GrpcServer channel type EpollServerSocketChannel
2023-08-25 08:53:36,259 [Time-limited test] INFO  replication.ReplicationSupervisor (ReplicationSupervisor.java:build(155)) - Initializing replication supervisor with thread count = 10
2023-08-25 08:53:36,259 [Time-limited test] INFO  replication.ReplicationSupervisor (ReplicationSupervisor.java:nodeStateUpdated(307)) - Node state updated to IN_SERVICE, scaling executor pool size to 10
2023-08-25 08:53:36,261 [Time-limited test] INFO  http.BaseHttpServer (BaseHttpServer.java:newHttpServer2BuilderForOzone(224)) - Starting Web-server for hddsDatanode at: http://0.0.0.0:15239
2023-08-25 08:53:36,261 [Time-limited test] INFO  http.BaseHttpServer (BaseHttpServer.java:<init>(111)) - Hadoop Security Enabled: false Ozone Security Enabled: false Ozone HTTP Security Enabled: false 
2023-08-25 08:53:36,262 [Time-limited test] WARN  server.AuthenticationFilter (AuthenticationFilter.java:constructSecretProvider(240)) - Unable to initialize FileSignerSecretProvider, falling back to use random secrets. Reason: Could not read signature secret file: /home/runner/hadoop-http-auth-signature-secret
2023-08-25 08:53:36,262 [Time-limited test] INFO  http.HttpRequestLog (HttpRequestLog.java:getRequestLog(86)) - Http request log for http.requests.hddsDatanode is not defined
2023-08-25 08:53:36,263 [Time-limited test] INFO  http.HttpServer2 (HttpServer2.java:addGlobalFilter(1031)) - Added global filter 'safety' (class=org.apache.hadoop.hdds.server.http.HttpServer2$QuotingInputFilter)
2023-08-25 08:53:36,264 [Time-limited test] INFO  http.HttpServer2 (HttpServer2.java:addFilter(1007)) - Added filter static_user_filter (class=org.apache.hadoop.http.lib.StaticUserWebFilter$StaticUserFilter) to context hddsDatanode
2023-08-25 08:53:36,264 [Time-limited test] INFO  http.HttpServer2 (HttpServer2.java:addFilter(1015)) - Added filter static_user_filter (class=org.apache.hadoop.http.lib.StaticUserWebFilter$StaticUserFilter) to context static
2023-08-25 08:53:36,264 [Time-limited test] INFO  http.HttpServer2 (HttpServer2.java:addFilter(1015)) - Added filter static_user_filter (class=org.apache.hadoop.http.lib.StaticUserWebFilter$StaticUserFilter) to context logs
2023-08-25 08:53:36,264 [Time-limited test] INFO  http.BaseHttpServer (BaseHttpServer.java:<init>(190)) - HTTP server of hddsDatanode uses base directory /home/runner/work/ozone/ozone/hadoop-ozone/integration-test/target/test-dir/MiniOzoneClusterImpl-e692d0c4-4f9e-424f-81a0-065ebcedd1d3/datanode-2/meta/webserver
2023-08-25 08:53:36,265 [Time-limited test] INFO  http.HttpServer2 (HttpServer2.java:bindListener(1250)) - Jetty bound to port 15239
2023-08-25 08:53:36,265 [Time-limited test] INFO  server.Server (Server.java:doStart(375)) - jetty-9.4.51.v20230217; built: 2023-02-17T08:19:37.309Z; git: b45c405e4544384de066f814ed42ae3dceacdd49; jvm 1.8.0_382-b05
2023-08-25 08:53:36,268 [Time-limited test] INFO  server.session (DefaultSessionIdManager.java:doStart(334)) - DefaultSessionIdManager workerName=node0
2023-08-25 08:53:36,268 [Time-limited test] INFO  server.session (DefaultSessionIdManager.java:doStart(339)) - No SessionScavenger set, using defaults
2023-08-25 08:53:36,268 [Time-limited test] INFO  server.session (HouseKeeper.java:startScavenging(132)) - node0 Scavenging every 660000ms
2023-08-25 08:53:36,269 [Time-limited test] INFO  handler.ContextHandler (ContextHandler.java:doStart(921)) - Started o.e.j.s.ServletContextHandler@15e92842{logs,/logs,file:///home/runner/work/ozone/ozone/hadoop-ozone/integration-test/target/log,AVAILABLE}
2023-08-25 08:53:36,269 [Time-limited test] INFO  handler.ContextHandler (ContextHandler.java:doStart(921)) - Started o.e.j.s.ServletContextHandler@581e8567{static,/static,jar:file:/home/runner/.m2/repository/org/apache/ozone/hdds-container-service/1.4.0-SNAPSHOT/hdds-container-service-1.4.0-SNAPSHOT.jar!/webapps/static,AVAILABLE}
2023-08-25 08:53:36,488 [Time-limited test] INFO  handler.ContextHandler (ContextHandler.java:doStart(921)) - Started o.e.j.w.WebAppContext@7ea71bc5{hddsDatanode,/,file:///home/runner/work/ozone/ozone/hadoop-ozone/integration-test/target/test-dir/MiniOzoneClusterImpl-e692d0c4-4f9e-424f-81a0-065ebcedd1d3/datanode-2/meta/webserver/jetty-0_0_0_0-15239-hdds-container-service-1_4_0-SNAPSHOT_jar-_-any-2408339189681126770/webapp/,AVAILABLE}{jar:file:/home/runner/.m2/repository/org/apache/ozone/hdds-container-service/1.4.0-SNAPSHOT/hdds-container-service-1.4.0-SNAPSHOT.jar!/webapps/hddsDatanode}
2023-08-25 08:53:36,490 [Time-limited test] INFO  server.AbstractConnector (AbstractConnector.java:doStart(333)) - Started ServerConnector@3457f1b1{HTTP/1.1, (http/1.1)}{0.0.0.0:15239}
2023-08-25 08:53:36,490 [Time-limited test] INFO  server.Server (Server.java:doStart(415)) - Started @177717ms
2023-08-25 08:53:36,490 [Time-limited test] WARN  impl.MetricsSystemImpl (MetricsSystemImpl.java:register(279)) - Sink prometheus already exists!
2023-08-25 08:53:36,491 [Time-limited test] INFO  http.BaseHttpServer (BaseHttpServer.java:updateConnectorAddress(344)) - HTTP server of hddsDatanode listening at http://0.0.0.0:15239
2023-08-25 08:53:36,491 [Time-limited test] INFO  ipc.CallQueueManager (CallQueueManager.java:<init>(90)) - Using callQueue: class java.util.concurrent.LinkedBlockingQueue, queueCapacity: 100, scheduler: class org.apache.hadoop.ipc.DefaultRpcScheduler, ipcBackoff: false.
2023-08-25 08:53:36,491 [Time-limited test] INFO  ipc.Server (Server.java:<init>(1287)) - Listener at 0.0.0.0:15240
2023-08-25 08:53:36,493 [Socket Reader #1 for port 15240] INFO  ipc.Server (Server.java:run(1323)) - Starting Socket Reader #1 for port 15240
2023-08-25 08:53:36,499 [Time-limited test] INFO  ozone.HddsDatanodeService (HddsDatanodeService.java:start(315)) - Datanode start with admins: [runner]
2023-08-25 08:53:36,499 [Time-limited test] INFO  ozone.HddsDatanodeClientProtocolServer (HddsDatanodeClientProtocolServer.java:start(72)) - RPC server for Client /0.0.0.0:15240
2023-08-25 08:53:36,501 [Datanode State Machine Daemon Thread] INFO  statemachine.DatanodeStateMachine (DatanodeStateMachine.java:lambda$startDaemon$0(538)) - Ozone container server started.
2023-08-25 08:53:36,502 [Time-limited test] WARN  impl.MetricRegistriesImpl (MetricRegistriesImpl.java:addReporterRegistration(111)) - New reporters are added after registries were created. Some metrics will be missing from the reporter. Please add reporter before adding any new registry.
2023-08-25 08:53:36,502 [Time-limited test] WARN  impl.MetricRegistriesImpl (MetricRegistriesImpl.java:addReporterRegistration(111)) - New reporters are added after registries were created. Some metrics will be missing from the reporter. Please add reporter before adding any new registry.
2023-08-25 08:53:36,502 [IPC Server Responder] INFO  ipc.Server (Server.java:run(1562)) - IPC Server Responder: starting
2023-08-25 08:53:36,502 [IPC Server listener on 15240] INFO  ipc.Server (Server.java:run(1402)) - IPC Server listener on 15240: starting
2023-08-25 08:53:36,502 [Time-limited test] INFO  impl.MetricsSystemImpl (MetricsSystemImpl.java:init(158)) - HddsDatanode metrics system started (again)
2023-08-25 08:53:36,520 [Time-limited test] INFO  ozone.HddsDatanodeService (HddsDatanodeService.java:start(237)) - HddsDatanodeService host:fv-az584-689.msjcyvhqqs1uvpg4fm53wptgqc.jx.internal.cloudapp.net ip:10.1.0.19
2023-08-25 08:53:36,532 [Datanode State Machine Task Thread - 0] INFO  datanode.InitDatanodeState (InitDatanodeState.java:persistContainerDatanodeDetails(138)) - DatanodeDetails is persisted to /home/runner/work/ozone/ozone/hadoop-ozone/integration-test/target/test-dir/MiniOzoneClusterImpl-e692d0c4-4f9e-424f-81a0-065ebcedd1d3/datanode-2/meta/datanode.id
2023-08-25 08:53:36,547 [Time-limited test] INFO  upgrade.AbstractLayoutVersionManager (AbstractLayoutVersionManager.java:init(83)) - Initializing Layout version manager with metadata layout = HADOOP_PRC_PORTS_IN_DATANODEDETAILS (version = 7), software layout = HADOOP_PRC_PORTS_IN_DATANODEDETAILS (version = 7)
2023-08-25 08:53:36,548 [Time-limited test] INFO  statemachine.DatanodeStateMachine (DatanodeStateMachine.java:getEndPointTaskThreadPoolSize(282)) - Datanode State Machine Task Thread Pool size 2
2023-08-25 08:53:36,549 [Time-limited test] INFO  volume.HddsVolume (HddsVolume.java:<init>(126)) - Creating HddsVolume: /home/runner/work/ozone/ozone/hadoop-ozone/integration-test/target/test-dir/MiniOzoneClusterImpl-e692d0c4-4f9e-424f-81a0-065ebcedd1d3/datanode-3/data-0/containers/hdds of storage type : DISK capacity : 9223372036854775807
2023-08-25 08:53:36,550 [Time-limited test] INFO  volume.MutableVolumeSet (MutableVolumeSet.java:initializeVolumeSet(173)) - Added Volume : /home/runner/work/ozone/ozone/hadoop-ozone/integration-test/target/test-dir/MiniOzoneClusterImpl-e692d0c4-4f9e-424f-81a0-065ebcedd1d3/datanode-3/data-0/containers/hdds to VolumeSet
2023-08-25 08:53:36,550 [Time-limited test] INFO  volume.MutableVolumeSet (MutableVolumeSet.java:initializeVolumeSet(173)) - Added Volume : /home/runner/work/ozone/ozone/hadoop-ozone/integration-test/target/test-dir/MiniOzoneClusterImpl-e692d0c4-4f9e-424f-81a0-065ebcedd1d3/datanode-3/data/ratis to VolumeSet
2023-08-25 08:53:36,551 [Thread-2548] INFO  ozoneimpl.ContainerReader (ContainerReader.java:readVolume(177)) - Finish verifying containers on volume /home/runner/work/ozone/ozone/hadoop-ozone/integration-test/target/test-dir/MiniOzoneClusterImpl-e692d0c4-4f9e-424f-81a0-065ebcedd1d3/datanode-3/data-0/containers/hdds
2023-08-25 08:53:36,551 [Time-limited test] INFO  ozoneimpl.OzoneContainer (OzoneContainer.java:buildContainerSet(314)) - Build ContainerSet costs 0s
2023-08-25 08:53:36,553 [Time-limited test] INFO  server.RaftServer (ConfUtils.java:logGet(46)) - raft.rpc.type = GRPC (default)
2023-08-25 08:53:36,553 [Time-limited test] INFO  grpc.GrpcConfigKeys (ConfUtils.java:logFallback(53)) - raft.grpc.admin.host = null (fallback to raft.grpc.server.host)
2023-08-25 08:53:36,553 [Time-limited test] INFO  grpc.GrpcConfigKeys (ConfUtils.java:logGet(46)) - raft.grpc.admin.port = 15252 (custom)
2023-08-25 08:53:36,553 [Time-limited test] INFO  grpc.GrpcConfigKeys (ConfUtils.java:logFallback(53)) - raft.grpc.client.host = null (fallback to raft.grpc.server.host)
2023-08-25 08:53:36,553 [Time-limited test] INFO  grpc.GrpcConfigKeys (ConfUtils.java:logGet(46)) - raft.grpc.client.port = 15251 (custom)
2023-08-25 08:53:36,553 [Time-limited test] INFO  grpc.GrpcConfigKeys (ConfUtils.java:logGet(46)) - raft.grpc.server.host = null (default)
2023-08-25 08:53:36,553 [Time-limited test] INFO  grpc.GrpcConfigKeys (ConfUtils.java:logGet(46)) - raft.grpc.server.port = 15253 (custom)
2023-08-25 08:53:36,553 [Time-limited test] INFO  server.GrpcService (ConfUtils.java:logGet(46)) - raft.grpc.message.size.max = 32MB (=33554432) (custom)
2023-08-25 08:53:36,553 [Time-limited test] INFO  server.RaftServerConfigKeys (ConfUtils.java:logGet(46)) - raft.server.log.appender.buffer.byte-limit = 33554432 (custom)
2023-08-25 08:53:36,553 [Time-limited test] INFO  server.GrpcService (ConfUtils.java:logGet(46)) - raft.grpc.flow.control.window = 5MB (=5242880) (custom)
2023-08-25 08:53:36,553 [Time-limited test] INFO  server.RaftServerConfigKeys (ConfUtils.java:logGet(46)) - raft.server.rpc.request.timeout = 60s (custom)
2023-08-25 08:53:36,554 [Time-limited test] INFO  grpc.GrpcConfigKeys (ConfUtils.java:logGet(46)) - raft.grpc.server.heartbeat.channel = true (default)
2023-08-25 08:53:36,554 [Time-limited test] INFO  grpc.GrpcConfigKeys (ConfUtils.java:logGet(46)) - raft.grpc.server.async.request.thread.pool.cached = true (default)
2023-08-25 08:53:36,554 [Time-limited test] INFO  grpc.GrpcConfigKeys (ConfUtils.java:logGet(46)) - raft.grpc.server.async.request.thread.pool.size = 32 (default)
2023-08-25 08:53:36,556 [Time-limited test] INFO  impl.DataStreamServerImpl (ConfUtils.java:logGet(46)) - raft.datastream.type = NETTY (custom)
2023-08-25 08:53:36,556 [Time-limited test] INFO  server.RaftServerConfigKeys (ConfUtils.java:logGet(46)) - raft.server.data-stream.async.request.thread.pool.cached = false (default)
2023-08-25 08:53:36,556 [Time-limited test] INFO  server.RaftServerConfigKeys (ConfUtils.java:logGet(46)) - raft.server.data-stream.async.request.thread.pool.size = 20 (custom)
2023-08-25 08:53:36,556 [Time-limited test] INFO  server.RaftServerConfigKeys (ConfUtils.java:logGet(46)) - raft.server.data-stream.async.write.thread.pool.size = 16 (default)
2023-08-25 08:53:36,557 [Time-limited test] INFO  server.RaftServerConfigKeys (ConfUtils.java:logGet(46)) - raft.server.data-stream.client.pool.size = 10 (default)
2023-08-25 08:53:36,557 [Time-limited test] INFO  netty.NettyConfigKeys$DataStream (ConfUtils.java:logGet(46)) - raft.netty.dataStream.server.use-epoll = false (default)
2023-08-25 08:53:36,557 [Time-limited test] INFO  netty.NettyConfigKeys$DataStream (ConfUtils.java:logGet(46)) - raft.netty.dataStream.server.boss-group.size = 0 (default)
2023-08-25 08:53:36,557 [Time-limited test] INFO  netty.NettyConfigKeys$DataStream (ConfUtils.java:logGet(46)) - raft.netty.dataStream.server.worker-group.size = 0 (default)
2023-08-25 08:53:36,557 [Time-limited test] INFO  netty.NettyConfigKeys$DataStream (ConfUtils.java:logGet(46)) - raft.netty.dataStream.server.tls.conf = null (default)
2023-08-25 08:53:36,557 [Time-limited test] INFO  netty.NettyConfigKeys$DataStream (ConfUtils.java:logGet(46)) - raft.netty.dataStream.host = null (default)
2023-08-25 08:53:36,558 [Time-limited test] INFO  netty.NettyConfigKeys$DataStream (ConfUtils.java:logGet(46)) - raft.netty.dataStream.port = 15254 (custom)
2023-08-25 08:53:36,558 [Time-limited test] INFO  server.RaftServerConfigKeys (ConfUtils.java:logGet(46)) - raft.server.threadpool.proxy.cached = true (default)
2023-08-25 08:53:36,558 [Time-limited test] INFO  server.RaftServerConfigKeys (ConfUtils.java:logGet(46)) - raft.server.threadpool.proxy.size = 0 (default)
2023-08-25 08:53:36,558 [Time-limited test] INFO  server.RaftServerConfigKeys (ConfUtils.java:logGet(46)) - raft.server.rpc.slowness.timeout = 300s (custom)
2023-08-25 08:53:36,558 [Time-limited test] INFO  server.RaftServerConfigKeys (ConfUtils.java:logGet(46)) - raft.server.leaderelection.leader.step-down.wait-time = 10s (default)
2023-08-25 08:53:36,558 [Time-limited test] INFO  server.RaftServerConfigKeys (ConfUtils.java:logGet(46)) - raft.server.storage.dir = [/home/runner/work/ozone/ozone/hadoop-ozone/integration-test/target/test-dir/MiniOzoneClusterImpl-e692d0c4-4f9e-424f-81a0-065ebcedd1d3/datanode-3/data/ratis] (custom)
2023-08-25 08:53:36,559 [569111f9-f690-469e-b38a-962cff482c01-NettyServerStreamRpc-bossGroup--thread1] INFO  logging.LoggingHandler (AbstractInternalLogger.java:log(148)) - [id: 0xeee24a25] REGISTERED
2023-08-25 08:53:36,559 [569111f9-f690-469e-b38a-962cff482c01-NettyServerStreamRpc-bossGroup--thread1] INFO  logging.LoggingHandler (AbstractInternalLogger.java:log(148)) - [id: 0xeee24a25] BIND: 0.0.0.0/0.0.0.0:15254
2023-08-25 08:53:36,559 [569111f9-f690-469e-b38a-962cff482c01-NettyServerStreamRpc-bossGroup--thread1] INFO  logging.LoggingHandler (AbstractInternalLogger.java:log(148)) - [id: 0xeee24a25, L:/0:0:0:0:0:0:0:0:15254] ACTIVE
2023-08-25 08:53:36,561 [569111f9-f690-469e-b38a-962cff482c01-impl-thread1] INFO  server.RaftServer (RaftServerProxy.java:initGroupDir(258)) - 569111f9-f690-469e-b38a-962cff482c01: found a subdirectory /home/runner/work/ozone/ozone/hadoop-ozone/integration-test/target/test-dir/MiniOzoneClusterImpl-e692d0c4-4f9e-424f-81a0-065ebcedd1d3/datanode-3/data/ratis/tmp
2023-08-25 08:53:36,561 [569111f9-f690-469e-b38a-962cff482c01-impl-thread1] INFO  server.RaftServer (RaftServerProxy.java:initGroupDir(263)) - 569111f9-f690-469e-b38a-962cff482c01: The directory /home/runner/work/ozone/ozone/hadoop-ozone/integration-test/target/test-dir/MiniOzoneClusterImpl-e692d0c4-4f9e-424f-81a0-065ebcedd1d3/datanode-3/data/ratis/tmp is not a group directory; ignoring it. 
2023-08-25 08:53:36,561 [Time-limited test] INFO  replication.ReplicationServer (ReplicationServer.java:<init>(81)) - Initializing replication server with thread count = 10
2023-08-25 08:53:36,562 [Time-limited test] INFO  server.XceiverServerGrpc (XceiverServerGrpc.java:<init>(132)) - GrpcServer channel type EpollServerSocketChannel
2023-08-25 08:53:36,563 [Time-limited test] INFO  replication.ReplicationSupervisor (ReplicationSupervisor.java:build(155)) - Initializing replication supervisor with thread count = 10
2023-08-25 08:53:36,563 [Time-limited test] INFO  replication.ReplicationSupervisor (ReplicationSupervisor.java:nodeStateUpdated(307)) - Node state updated to IN_SERVICE, scaling executor pool size to 10
2023-08-25 08:53:36,567 [Time-limited test] INFO  http.BaseHttpServer (BaseHttpServer.java:newHttpServer2BuilderForOzone(224)) - Starting Web-server for hddsDatanode at: http://0.0.0.0:15248
2023-08-25 08:53:36,567 [Time-limited test] INFO  http.BaseHttpServer (BaseHttpServer.java:<init>(111)) - Hadoop Security Enabled: false Ozone Security Enabled: false Ozone HTTP Security Enabled: false 
2023-08-25 08:53:36,568 [Time-limited test] WARN  server.AuthenticationFilter (AuthenticationFilter.java:constructSecretProvider(240)) - Unable to initialize FileSignerSecretProvider, falling back to use random secrets. Reason: Could not read signature secret file: /home/runner/hadoop-http-auth-signature-secret
2023-08-25 08:53:36,568 [Time-limited test] INFO  http.HttpRequestLog (HttpRequestLog.java:getRequestLog(86)) - Http request log for http.requests.hddsDatanode is not defined
2023-08-25 08:53:36,569 [Time-limited test] INFO  http.HttpServer2 (HttpServer2.java:addGlobalFilter(1031)) - Added global filter 'safety' (class=org.apache.hadoop.hdds.server.http.HttpServer2$QuotingInputFilter)
2023-08-25 08:53:36,570 [Time-limited test] INFO  http.HttpServer2 (HttpServer2.java:addFilter(1007)) - Added filter static_user_filter (class=org.apache.hadoop.http.lib.StaticUserWebFilter$StaticUserFilter) to context hddsDatanode
2023-08-25 08:53:36,570 [Time-limited test] INFO  http.HttpServer2 (HttpServer2.java:addFilter(1015)) - Added filter static_user_filter (class=org.apache.hadoop.http.lib.StaticUserWebFilter$StaticUserFilter) to context logs
2023-08-25 08:53:36,570 [Time-limited test] INFO  http.HttpServer2 (HttpServer2.java:addFilter(1015)) - Added filter static_user_filter (class=org.apache.hadoop.http.lib.StaticUserWebFilter$StaticUserFilter) to context static
2023-08-25 08:53:36,570 [Time-limited test] INFO  http.BaseHttpServer (BaseHttpServer.java:<init>(190)) - HTTP server of hddsDatanode uses base directory /home/runner/work/ozone/ozone/hadoop-ozone/integration-test/target/test-dir/MiniOzoneClusterImpl-e692d0c4-4f9e-424f-81a0-065ebcedd1d3/datanode-3/meta/webserver
2023-08-25 08:53:36,570 [Time-limited test] INFO  http.HttpServer2 (HttpServer2.java:bindListener(1250)) - Jetty bound to port 15248
2023-08-25 08:53:36,570 [Time-limited test] INFO  server.Server (Server.java:doStart(375)) - jetty-9.4.51.v20230217; built: 2023-02-17T08:19:37.309Z; git: b45c405e4544384de066f814ed42ae3dceacdd49; jvm 1.8.0_382-b05
2023-08-25 08:53:36,574 [Time-limited test] INFO  server.session (DefaultSessionIdManager.java:doStart(334)) - DefaultSessionIdManager workerName=node0
2023-08-25 08:53:36,574 [Time-limited test] INFO  server.session (DefaultSessionIdManager.java:doStart(339)) - No SessionScavenger set, using defaults
2023-08-25 08:53:36,574 [Time-limited test] INFO  server.session (HouseKeeper.java:startScavenging(132)) - node0 Scavenging every 660000ms
2023-08-25 08:53:36,575 [Time-limited test] INFO  handler.ContextHandler (ContextHandler.java:doStart(921)) - Started o.e.j.s.ServletContextHandler@6cdec79c{logs,/logs,file:///home/runner/work/ozone/ozone/hadoop-ozone/integration-test/target/log,AVAILABLE}
2023-08-25 08:53:36,575 [Time-limited test] INFO  handler.ContextHandler (ContextHandler.java:doStart(921)) - Started o.e.j.s.ServletContextHandler@1345cfb3{static,/static,jar:file:/home/runner/.m2/repository/org/apache/ozone/hdds-container-service/1.4.0-SNAPSHOT/hdds-container-service-1.4.0-SNAPSHOT.jar!/webapps/static,AVAILABLE}
2023-08-25 08:53:36,593 [ReplicationMonitor] INFO  replication.ReplicationManager (ReplicationManager.java:processAll(361)) - Replication Manager is not ready to run until 3000ms after safemode exit
2023-08-25 08:53:36,687 [om1@group-C5BA1605619E-FollowerState] INFO  impl.FollowerState (FollowerState.java:run(143)) - om1@group-C5BA1605619E-FollowerState: change to CANDIDATE, lastRpcElapsedTime:1174555951ns, electionTimeout:1170ms
2023-08-25 08:53:36,687 [om1@group-C5BA1605619E-FollowerState] INFO  impl.RoleInfo (RoleInfo.java:shutdownFollowerState(110)) - om1: shutdown om1@group-C5BA1605619E-FollowerState
2023-08-25 08:53:36,688 [om1@group-C5BA1605619E-FollowerState] INFO  server.RaftServer$Division (RaftServerImpl.java:setRole(329)) - om1@group-C5BA1605619E: changes role from  FOLLOWER to CANDIDATE at term 0 for changeToCandidate
2023-08-25 08:53:36,688 [om1@group-C5BA1605619E-FollowerState] INFO  server.RaftServerConfigKeys (ConfUtils.java:logGet(46)) - raft.server.leaderelection.pre-vote = true (default)
2023-08-25 08:53:36,688 [om1@group-C5BA1605619E-FollowerState] INFO  impl.RoleInfo (RoleInfo.java:updateAndGet(139)) - om1: start om1@group-C5BA1605619E-LeaderElection41
2023-08-25 08:53:36,693 [om1@group-C5BA1605619E-LeaderElection41] INFO  impl.LeaderElection (LeaderElection.java:askForVotes(321)) - om1@group-C5BA1605619E-LeaderElection41 PRE_VOTE round 0: submit vote requests at term 0 for -1: peers:[om1|rpc:localhost:15219|priority:0|startupRole:FOLLOWER]|listeners:[], old=null
2023-08-25 08:53:36,693 [om1@group-C5BA1605619E-LeaderElection41] INFO  impl.LeaderElection (LeaderElection.java:askForVotes(323)) - om1@group-C5BA1605619E-LeaderElection41 PRE_VOTE round 0: result PASSED (term=0)
2023-08-25 08:53:36,696 [om1@group-C5BA1605619E-LeaderElection41] INFO  impl.LeaderElection (LeaderElection.java:askForVotes(321)) - om1@group-C5BA1605619E-LeaderElection41 ELECTION round 0: submit vote requests at term 1 for -1: peers:[om1|rpc:localhost:15219|priority:0|startupRole:FOLLOWER]|listeners:[], old=null
2023-08-25 08:53:36,696 [om1@group-C5BA1605619E-LeaderElection41] INFO  impl.LeaderElection (LeaderElection.java:askForVotes(323)) - om1@group-C5BA1605619E-LeaderElection41 ELECTION round 0: result PASSED (term=1)
2023-08-25 08:53:36,696 [om1@group-C5BA1605619E-LeaderElection41] INFO  impl.RoleInfo (RoleInfo.java:shutdownLeaderElection(130)) - om1: shutdown om1@group-C5BA1605619E-LeaderElection41
2023-08-25 08:53:36,696 [om1@group-C5BA1605619E-LeaderElection41] INFO  server.RaftServer$Division (RaftServerImpl.java:setRole(329)) - om1@group-C5BA1605619E: changes role from CANDIDATE to LEADER at term 1 for changeToLeader
2023-08-25 08:53:36,697 [om1@group-C5BA1605619E-LeaderElection41] INFO  server.RaftServer$Division (ServerState.java:setLeader(317)) - om1@group-C5BA1605619E: change Leader from null to om1 at term 1 for becomeLeader, leader elected after 1661ms
2023-08-25 08:53:36,697 [om1@group-C5BA1605619E-LeaderElection41] INFO  server.RaftServerConfigKeys (ConfUtils.java:logGet(46)) - raft.server.staging.catchup.gap = 1000 (default)
2023-08-25 08:53:36,697 [om1@group-C5BA1605619E-LeaderElection41] INFO  server.RaftServerConfigKeys (ConfUtils.java:logGet(46)) - raft.server.write.element-limit = 4096 (default)
2023-08-25 08:53:36,697 [om1@group-C5BA1605619E-LeaderElection41] INFO  server.RaftServerConfigKeys (ConfUtils.java:logGet(46)) - raft.server.write.byte-limit = 64MB (=67108864) (default)
2023-08-25 08:53:36,697 [om1@group-C5BA1605619E-LeaderElection41] INFO  server.RaftServerConfigKeys (ConfUtils.java:logGet(46)) - raft.server.watch.timeout = 10s (default)
2023-08-25 08:53:36,698 [om1@group-C5BA1605619E-LeaderElection41] INFO  server.RaftServerConfigKeys (ConfUtils.java:logGet(46)) - raft.server.watch.timeout.denomination = 1s (default)
2023-08-25 08:53:36,698 [om1@group-C5BA1605619E-LeaderElection41] INFO  server.RaftServerConfigKeys (ConfUtils.java:logGet(46)) - raft.server.watch.element-limit = 65536 (default)
2023-08-25 08:53:36,698 [om1@group-C5BA1605619E-LeaderElection41] INFO  server.RaftServerConfigKeys (ConfUtils.java:logGet(46)) - raft.server.write.element-limit = 4096 (default)
2023-08-25 08:53:36,699 [om1@group-C5BA1605619E-LeaderElection41] INFO  server.RaftServerConfigKeys (ConfUtils.java:logGet(46)) - raft.server.write.follower.gap.ratio.max = -1.0 (default)
2023-08-25 08:53:36,699 [om1@group-C5BA1605619E-LeaderElection41] INFO  impl.RoleInfo (RoleInfo.java:updateAndGet(139)) - om1: start om1@group-C5BA1605619E-LeaderStateImpl
2023-08-25 08:53:36,699 [om1@group-C5BA1605619E-LeaderElection41] INFO  segmented.SegmentedRaftLogWorker (SegmentedRaftLogWorker.java:startLogSegment(447)) - om1@group-C5BA1605619E-SegmentedRaftLogWorker: Starting segment from index:0
2023-08-25 08:53:36,711 [om1@group-C5BA1605619E-LeaderElection41] INFO  server.RaftServer$Division (ServerState.java:setRaftConf(434)) - om1@group-C5BA1605619E: set configuration 0: peers:[om1|rpc:localhost:15219|admin:|client:|dataStream:|priority:0|startupRole:FOLLOWER]|listeners:[], old=null
2023-08-25 08:53:36,713 [om1@group-C5BA1605619E-SegmentedRaftLogWorker] INFO  segmented.SegmentedRaftLogWorker (SegmentedRaftLogWorker.java:execute(651)) - om1@group-C5BA1605619E-SegmentedRaftLogWorker: created new log segment /home/runner/work/ozone/ozone/hadoop-ozone/integration-test/target/test-dir/MiniOzoneClusterImpl-e692d0c4-4f9e-424f-81a0-065ebcedd1d3/ozone-meta/ratis/bf265839-605b-3f16-9796-c5ba1605619e/current/log_inprogress_0
2023-08-25 08:53:36,714 [om1@group-C5BA1605619E-StateMachineUpdater] INFO  ratis.OzoneManagerStateMachine (OzoneManagerStateMachine.java:notifyConfigurationChanged(202)) - Received Configuration change notification from Ratis. New Peer list:
[id: "om1"
address: "localhost:15219"
startupRole: FOLLOWER
]
2023-08-25 08:53:36,822 [Time-limited test] INFO  handler.ContextHandler (ContextHandler.java:doStart(921)) - Started o.e.j.w.WebAppContext@6798ca5c{hddsDatanode,/,file:///home/runner/work/ozone/ozone/hadoop-ozone/integration-test/target/test-dir/MiniOzoneClusterImpl-e692d0c4-4f9e-424f-81a0-065ebcedd1d3/datanode-3/meta/webserver/jetty-0_0_0_0-15248-hdds-container-service-1_4_0-SNAPSHOT_jar-_-any-3216684566200021904/webapp/,AVAILABLE}{jar:file:/home/runner/.m2/repository/org/apache/ozone/hdds-container-service/1.4.0-SNAPSHOT/hdds-container-service-1.4.0-SNAPSHOT.jar!/webapps/hddsDatanode}
2023-08-25 08:53:36,824 [Time-limited test] INFO  server.AbstractConnector (AbstractConnector.java:doStart(333)) - Started ServerConnector@383c8884{HTTP/1.1, (http/1.1)}{0.0.0.0:15248}
2023-08-25 08:53:36,824 [Time-limited test] INFO  server.Server (Server.java:doStart(415)) - Started @178051ms
2023-08-25 08:53:36,824 [Time-limited test] WARN  impl.MetricsSystemImpl (MetricsSystemImpl.java:register(279)) - Sink prometheus already exists!
2023-08-25 08:53:36,825 [Time-limited test] INFO  http.BaseHttpServer (BaseHttpServer.java:updateConnectorAddress(344)) - HTTP server of hddsDatanode listening at http://0.0.0.0:15248
2023-08-25 08:53:36,825 [Time-limited test] INFO  ipc.CallQueueManager (CallQueueManager.java:<init>(90)) - Using callQueue: class java.util.concurrent.LinkedBlockingQueue, queueCapacity: 100, scheduler: class org.apache.hadoop.ipc.DefaultRpcScheduler, ipcBackoff: false.
2023-08-25 08:53:36,825 [Time-limited test] INFO  ipc.Server (Server.java:<init>(1287)) - Listener at 0.0.0.0:15249
2023-08-25 08:53:36,826 [Socket Reader #1 for port 15249] INFO  ipc.Server (Server.java:run(1323)) - Starting Socket Reader #1 for port 15249
2023-08-25 08:53:36,828 [Time-limited test] INFO  ozone.HddsDatanodeService (HddsDatanodeService.java:start(315)) - Datanode start with admins: [runner]
2023-08-25 08:53:36,829 [Time-limited test] INFO  ozone.HddsDatanodeClientProtocolServer (HddsDatanodeClientProtocolServer.java:start(72)) - RPC server for Client /0.0.0.0:15249
2023-08-25 08:53:36,829 [IPC Server Responder] INFO  ipc.Server (Server.java:run(1562)) - IPC Server Responder: starting
2023-08-25 08:53:36,829 [Datanode State Machine Daemon Thread] INFO  statemachine.DatanodeStateMachine (DatanodeStateMachine.java:lambda$startDaemon$0(538)) - Ozone container server started.
2023-08-25 08:53:36,829 [Time-limited test] WARN  impl.MetricRegistriesImpl (MetricRegistriesImpl.java:addReporterRegistration(111)) - New reporters are added after registries were created. Some metrics will be missing from the reporter. Please add reporter before adding any new registry.
2023-08-25 08:53:36,829 [Time-limited test] WARN  impl.MetricRegistriesImpl (MetricRegistriesImpl.java:addReporterRegistration(111)) - New reporters are added after registries were created. Some metrics will be missing from the reporter. Please add reporter before adding any new registry.
2023-08-25 08:53:36,829 [Time-limited test] INFO  impl.MetricsSystemImpl (MetricsSystemImpl.java:init(158)) - HddsDatanode metrics system started (again)
2023-08-25 08:53:36,844 [IPC Server listener on 15249] INFO  ipc.Server (Server.java:run(1402)) - IPC Server listener on 15249: starting
2023-08-25 08:53:36,862 [Datanode State Machine Task Thread - 0] INFO  datanode.InitDatanodeState (InitDatanodeState.java:persistContainerDatanodeDetails(138)) - DatanodeDetails is persisted to /home/runner/work/ozone/ozone/hadoop-ozone/integration-test/target/test-dir/MiniOzoneClusterImpl-e692d0c4-4f9e-424f-81a0-065ebcedd1d3/datanode-3/meta/datanode.id
2023-08-25 08:53:36,862 [Time-limited test] INFO  ozone.HddsDatanodeService (HddsDatanodeService.java:start(237)) - HddsDatanodeService host:fv-az584-689.msjcyvhqqs1uvpg4fm53wptgqc.jx.internal.cloudapp.net ip:10.1.0.19
2023-08-25 08:53:36,889 [Time-limited test] INFO  upgrade.AbstractLayoutVersionManager (AbstractLayoutVersionManager.java:init(83)) - Initializing Layout version manager with metadata layout = HADOOP_PRC_PORTS_IN_DATANODEDETAILS (version = 7), software layout = HADOOP_PRC_PORTS_IN_DATANODEDETAILS (version = 7)
2023-08-25 08:53:36,890 [Time-limited test] INFO  statemachine.DatanodeStateMachine (DatanodeStateMachine.java:getEndPointTaskThreadPoolSize(282)) - Datanode State Machine Task Thread Pool size 2
2023-08-25 08:53:36,891 [Time-limited test] INFO  volume.HddsVolume (HddsVolume.java:<init>(126)) - Creating HddsVolume: /home/runner/work/ozone/ozone/hadoop-ozone/integration-test/target/test-dir/MiniOzoneClusterImpl-e692d0c4-4f9e-424f-81a0-065ebcedd1d3/datanode-4/data-0/containers/hdds of storage type : DISK capacity : 9223372036854775807
2023-08-25 08:53:36,891 [Time-limited test] INFO  volume.MutableVolumeSet (MutableVolumeSet.java:initializeVolumeSet(173)) - Added Volume : /home/runner/work/ozone/ozone/hadoop-ozone/integration-test/target/test-dir/MiniOzoneClusterImpl-e692d0c4-4f9e-424f-81a0-065ebcedd1d3/datanode-4/data-0/containers/hdds to VolumeSet
2023-08-25 08:53:36,892 [Time-limited test] INFO  volume.MutableVolumeSet (MutableVolumeSet.java:initializeVolumeSet(173)) - Added Volume : /home/runner/work/ozone/ozone/hadoop-ozone/integration-test/target/test-dir/MiniOzoneClusterImpl-e692d0c4-4f9e-424f-81a0-065ebcedd1d3/datanode-4/data/ratis to VolumeSet
2023-08-25 08:53:36,893 [Thread-2567] INFO  ozoneimpl.ContainerReader (ContainerReader.java:readVolume(177)) - Finish verifying containers on volume /home/runner/work/ozone/ozone/hadoop-ozone/integration-test/target/test-dir/MiniOzoneClusterImpl-e692d0c4-4f9e-424f-81a0-065ebcedd1d3/datanode-4/data-0/containers/hdds
2023-08-25 08:53:36,893 [Time-limited test] INFO  ozoneimpl.OzoneContainer (OzoneContainer.java:buildContainerSet(314)) - Build ContainerSet costs 0s
2023-08-25 08:53:36,895 [Time-limited test] INFO  server.RaftServer (ConfUtils.java:logGet(46)) - raft.rpc.type = GRPC (default)
2023-08-25 08:53:36,895 [Time-limited test] INFO  grpc.GrpcConfigKeys (ConfUtils.java:logFallback(53)) - raft.grpc.admin.host = null (fallback to raft.grpc.server.host)
2023-08-25 08:53:36,895 [Time-limited test] INFO  grpc.GrpcConfigKeys (ConfUtils.java:logGet(46)) - raft.grpc.admin.port = 15261 (custom)
2023-08-25 08:53:36,895 [Time-limited test] INFO  grpc.GrpcConfigKeys (ConfUtils.java:logFallback(53)) - raft.grpc.client.host = null (fallback to raft.grpc.server.host)
2023-08-25 08:53:36,895 [Time-limited test] INFO  grpc.GrpcConfigKeys (ConfUtils.java:logGet(46)) - raft.grpc.client.port = 15260 (custom)
2023-08-25 08:53:36,895 [Time-limited test] INFO  grpc.GrpcConfigKeys (ConfUtils.java:logGet(46)) - raft.grpc.server.host = null (default)
2023-08-25 08:53:36,895 [Time-limited test] INFO  grpc.GrpcConfigKeys (ConfUtils.java:logGet(46)) - raft.grpc.server.port = 15262 (custom)
2023-08-25 08:53:36,895 [Time-limited test] INFO  server.GrpcService (ConfUtils.java:logGet(46)) - raft.grpc.message.size.max = 32MB (=33554432) (custom)
2023-08-25 08:53:36,895 [Time-limited test] INFO  server.RaftServerConfigKeys (ConfUtils.java:logGet(46)) - raft.server.log.appender.buffer.byte-limit = 33554432 (custom)
2023-08-25 08:53:36,895 [Time-limited test] INFO  server.GrpcService (ConfUtils.java:logGet(46)) - raft.grpc.flow.control.window = 5MB (=5242880) (custom)
2023-08-25 08:53:36,896 [Time-limited test] INFO  server.RaftServerConfigKeys (ConfUtils.java:logGet(46)) - raft.server.rpc.request.timeout = 60s (custom)
2023-08-25 08:53:36,896 [Time-limited test] INFO  grpc.GrpcConfigKeys (ConfUtils.java:logGet(46)) - raft.grpc.server.heartbeat.channel = true (default)
2023-08-25 08:53:36,896 [Time-limited test] INFO  grpc.GrpcConfigKeys (ConfUtils.java:logGet(46)) - raft.grpc.server.async.request.thread.pool.cached = true (default)
2023-08-25 08:53:36,896 [Time-limited test] INFO  grpc.GrpcConfigKeys (ConfUtils.java:logGet(46)) - raft.grpc.server.async.request.thread.pool.size = 32 (default)
2023-08-25 08:53:36,898 [Time-limited test] INFO  impl.DataStreamServerImpl (ConfUtils.java:logGet(46)) - raft.datastream.type = NETTY (custom)
2023-08-25 08:53:36,899 [Time-limited test] INFO  server.RaftServerConfigKeys (ConfUtils.java:logGet(46)) - raft.server.data-stream.async.request.thread.pool.cached = false (default)
2023-08-25 08:53:36,899 [Time-limited test] INFO  server.RaftServerConfigKeys (ConfUtils.java:logGet(46)) - raft.server.data-stream.async.request.thread.pool.size = 20 (custom)
2023-08-25 08:53:36,899 [Time-limited test] INFO  server.RaftServerConfigKeys (ConfUtils.java:logGet(46)) - raft.server.data-stream.async.write.thread.pool.size = 16 (default)
2023-08-25 08:53:36,899 [Time-limited test] INFO  server.RaftServerConfigKeys (ConfUtils.java:logGet(46)) - raft.server.data-stream.client.pool.size = 10 (default)
2023-08-25 08:53:36,899 [Time-limited test] INFO  netty.NettyConfigKeys$DataStream (ConfUtils.java:logGet(46)) - raft.netty.dataStream.server.use-epoll = false (default)
2023-08-25 08:53:36,899 [Time-limited test] INFO  netty.NettyConfigKeys$DataStream (ConfUtils.java:logGet(46)) - raft.netty.dataStream.server.boss-group.size = 0 (default)
2023-08-25 08:53:36,899 [Time-limited test] INFO  netty.NettyConfigKeys$DataStream (ConfUtils.java:logGet(46)) - raft.netty.dataStream.server.worker-group.size = 0 (default)
2023-08-25 08:53:36,900 [Time-limited test] INFO  netty.NettyConfigKeys$DataStream (ConfUtils.java:logGet(46)) - raft.netty.dataStream.server.tls.conf = null (default)
2023-08-25 08:53:36,900 [Time-limited test] INFO  netty.NettyConfigKeys$DataStream (ConfUtils.java:logGet(46)) - raft.netty.dataStream.host = null (default)
2023-08-25 08:53:36,900 [Time-limited test] INFO  netty.NettyConfigKeys$DataStream (ConfUtils.java:logGet(46)) - raft.netty.dataStream.port = 15263 (custom)
2023-08-25 08:53:36,900 [Time-limited test] INFO  server.RaftServerConfigKeys (ConfUtils.java:logGet(46)) - raft.server.threadpool.proxy.cached = true (default)
2023-08-25 08:53:36,900 [Time-limited test] INFO  server.RaftServerConfigKeys (ConfUtils.java:logGet(46)) - raft.server.threadpool.proxy.size = 0 (default)
2023-08-25 08:53:36,901 [Time-limited test] INFO  server.RaftServerConfigKeys (ConfUtils.java:logGet(46)) - raft.server.rpc.slowness.timeout = 300s (custom)
2023-08-25 08:53:36,901 [Time-limited test] INFO  server.RaftServerConfigKeys (ConfUtils.java:logGet(46)) - raft.server.leaderelection.leader.step-down.wait-time = 10s (default)
2023-08-25 08:53:36,901 [Time-limited test] INFO  server.RaftServerConfigKeys (ConfUtils.java:logGet(46)) - raft.server.storage.dir = [/home/runner/work/ozone/ozone/hadoop-ozone/integration-test/target/test-dir/MiniOzoneClusterImpl-e692d0c4-4f9e-424f-81a0-065ebcedd1d3/datanode-4/data/ratis] (custom)
2023-08-25 08:53:36,902 [fe50a787-6632-4d4b-966e-2aa891a7aebb-NettyServerStreamRpc-bossGroup--thread1] INFO  logging.LoggingHandler (AbstractInternalLogger.java:log(148)) - [id: 0x578029da] REGISTERED
2023-08-25 08:53:36,903 [fe50a787-6632-4d4b-966e-2aa891a7aebb-NettyServerStreamRpc-bossGroup--thread1] INFO  logging.LoggingHandler (AbstractInternalLogger.java:log(148)) - [id: 0x578029da] BIND: 0.0.0.0/0.0.0.0:15263
2023-08-25 08:53:36,903 [fe50a787-6632-4d4b-966e-2aa891a7aebb-NettyServerStreamRpc-bossGroup--thread1] INFO  logging.LoggingHandler (AbstractInternalLogger.java:log(148)) - [id: 0x578029da, L:/0:0:0:0:0:0:0:0:15263] ACTIVE
2023-08-25 08:53:36,903 [fe50a787-6632-4d4b-966e-2aa891a7aebb-impl-thread1] INFO  server.RaftServer (RaftServerProxy.java:initGroupDir(258)) - fe50a787-6632-4d4b-966e-2aa891a7aebb: found a subdirectory /home/runner/work/ozone/ozone/hadoop-ozone/integration-test/target/test-dir/MiniOzoneClusterImpl-e692d0c4-4f9e-424f-81a0-065ebcedd1d3/datanode-4/data/ratis/tmp
2023-08-25 08:53:36,903 [fe50a787-6632-4d4b-966e-2aa891a7aebb-impl-thread1] INFO  server.RaftServer (RaftServerProxy.java:initGroupDir(263)) - fe50a787-6632-4d4b-966e-2aa891a7aebb: The directory /home/runner/work/ozone/ozone/hadoop-ozone/integration-test/target/test-dir/MiniOzoneClusterImpl-e692d0c4-4f9e-424f-81a0-065ebcedd1d3/datanode-4/data/ratis/tmp is not a group directory; ignoring it. 
2023-08-25 08:53:36,903 [Time-limited test] INFO  replication.ReplicationServer (ReplicationServer.java:<init>(81)) - Initializing replication server with thread count = 10
2023-08-25 08:53:36,904 [Time-limited test] INFO  server.XceiverServerGrpc (XceiverServerGrpc.java:<init>(132)) - GrpcServer channel type EpollServerSocketChannel
2023-08-25 08:53:36,906 [Time-limited test] INFO  replication.ReplicationSupervisor (ReplicationSupervisor.java:build(155)) - Initializing replication supervisor with thread count = 10
2023-08-25 08:53:36,906 [Time-limited test] INFO  replication.ReplicationSupervisor (ReplicationSupervisor.java:nodeStateUpdated(307)) - Node state updated to IN_SERVICE, scaling executor pool size to 10
2023-08-25 08:53:36,908 [Time-limited test] INFO  http.BaseHttpServer (BaseHttpServer.java:newHttpServer2BuilderForOzone(224)) - Starting Web-server for hddsDatanode at: http://0.0.0.0:15257
2023-08-25 08:53:36,908 [Time-limited test] INFO  http.BaseHttpServer (BaseHttpServer.java:<init>(111)) - Hadoop Security Enabled: false Ozone Security Enabled: false Ozone HTTP Security Enabled: false 
2023-08-25 08:53:36,909 [Time-limited test] WARN  server.AuthenticationFilter (AuthenticationFilter.java:constructSecretProvider(240)) - Unable to initialize FileSignerSecretProvider, falling back to use random secrets. Reason: Could not read signature secret file: /home/runner/hadoop-http-auth-signature-secret
2023-08-25 08:53:36,909 [Time-limited test] INFO  http.HttpRequestLog (HttpRequestLog.java:getRequestLog(86)) - Http request log for http.requests.hddsDatanode is not defined
2023-08-25 08:53:36,910 [Time-limited test] INFO  http.HttpServer2 (HttpServer2.java:addGlobalFilter(1031)) - Added global filter 'safety' (class=org.apache.hadoop.hdds.server.http.HttpServer2$QuotingInputFilter)
2023-08-25 08:53:36,910 [Time-limited test] INFO  http.HttpServer2 (HttpServer2.java:addFilter(1007)) - Added filter static_user_filter (class=org.apache.hadoop.http.lib.StaticUserWebFilter$StaticUserFilter) to context hddsDatanode
2023-08-25 08:53:36,911 [Time-limited test] INFO  http.HttpServer2 (HttpServer2.java:addFilter(1015)) - Added filter static_user_filter (class=org.apache.hadoop.http.lib.StaticUserWebFilter$StaticUserFilter) to context logs
2023-08-25 08:53:36,911 [Time-limited test] INFO  http.HttpServer2 (HttpServer2.java:addFilter(1015)) - Added filter static_user_filter (class=org.apache.hadoop.http.lib.StaticUserWebFilter$StaticUserFilter) to context static
2023-08-25 08:53:36,911 [Time-limited test] INFO  http.BaseHttpServer (BaseHttpServer.java:<init>(190)) - HTTP server of hddsDatanode uses base directory /home/runner/work/ozone/ozone/hadoop-ozone/integration-test/target/test-dir/MiniOzoneClusterImpl-e692d0c4-4f9e-424f-81a0-065ebcedd1d3/datanode-4/meta/webserver
2023-08-25 08:53:36,911 [Time-limited test] INFO  http.HttpServer2 (HttpServer2.java:bindListener(1250)) - Jetty bound to port 15257
2023-08-25 08:53:36,911 [Time-limited test] INFO  server.Server (Server.java:doStart(375)) - jetty-9.4.51.v20230217; built: 2023-02-17T08:19:37.309Z; git: b45c405e4544384de066f814ed42ae3dceacdd49; jvm 1.8.0_382-b05
2023-08-25 08:53:36,921 [Time-limited test] INFO  server.session (DefaultSessionIdManager.java:doStart(334)) - DefaultSessionIdManager workerName=node0
2023-08-25 08:53:36,921 [Time-limited test] INFO  server.session (DefaultSessionIdManager.java:doStart(339)) - No SessionScavenger set, using defaults
2023-08-25 08:53:36,921 [Time-limited test] INFO  server.session (HouseKeeper.java:startScavenging(132)) - node0 Scavenging every 600000ms
2023-08-25 08:53:36,922 [Time-limited test] INFO  handler.ContextHandler (ContextHandler.java:doStart(921)) - Started o.e.j.s.ServletContextHandler@1ee65744{logs,/logs,file:///home/runner/work/ozone/ozone/hadoop-ozone/integration-test/target/log,AVAILABLE}
2023-08-25 08:53:36,922 [Time-limited test] INFO  handler.ContextHandler (ContextHandler.java:doStart(921)) - Started o.e.j.s.ServletContextHandler@161ea464{static,/static,jar:file:/home/runner/.m2/repository/org/apache/ozone/hdds-container-service/1.4.0-SNAPSHOT/hdds-container-service-1.4.0-SNAPSHOT.jar!/webapps/static,AVAILABLE}
2023-08-25 08:53:37,146 [Time-limited test] INFO  handler.ContextHandler (ContextHandler.java:doStart(921)) - Started o.e.j.w.WebAppContext@266180c6{hddsDatanode,/,file:///home/runner/work/ozone/ozone/hadoop-ozone/integration-test/target/test-dir/MiniOzoneClusterImpl-e692d0c4-4f9e-424f-81a0-065ebcedd1d3/datanode-4/meta/webserver/jetty-0_0_0_0-15257-hdds-container-service-1_4_0-SNAPSHOT_jar-_-any-6976785426411817669/webapp/,AVAILABLE}{jar:file:/home/runner/.m2/repository/org/apache/ozone/hdds-container-service/1.4.0-SNAPSHOT/hdds-container-service-1.4.0-SNAPSHOT.jar!/webapps/hddsDatanode}
2023-08-25 08:53:37,148 [Time-limited test] INFO  server.AbstractConnector (AbstractConnector.java:doStart(333)) - Started ServerConnector@493c6bc2{HTTP/1.1, (http/1.1)}{0.0.0.0:15257}
2023-08-25 08:53:37,148 [Time-limited test] INFO  server.Server (Server.java:doStart(415)) - Started @178375ms
2023-08-25 08:53:37,148 [Time-limited test] WARN  impl.MetricsSystemImpl (MetricsSystemImpl.java:register(279)) - Sink prometheus already exists!
2023-08-25 08:53:37,149 [Time-limited test] INFO  http.BaseHttpServer (BaseHttpServer.java:updateConnectorAddress(344)) - HTTP server of hddsDatanode listening at http://0.0.0.0:15257
2023-08-25 08:53:37,149 [Time-limited test] INFO  ipc.CallQueueManager (CallQueueManager.java:<init>(90)) - Using callQueue: class java.util.concurrent.LinkedBlockingQueue, queueCapacity: 100, scheduler: class org.apache.hadoop.ipc.DefaultRpcScheduler, ipcBackoff: false.
2023-08-25 08:53:37,149 [Time-limited test] INFO  ipc.Server (Server.java:<init>(1287)) - Listener at 0.0.0.0:15258
2023-08-25 08:53:37,150 [Socket Reader #1 for port 15258] INFO  ipc.Server (Server.java:run(1323)) - Starting Socket Reader #1 for port 15258
2023-08-25 08:53:37,156 [Time-limited test] INFO  ozone.HddsDatanodeService (HddsDatanodeService.java:start(315)) - Datanode start with admins: [runner]
2023-08-25 08:53:37,156 [Time-limited test] INFO  ozone.HddsDatanodeClientProtocolServer (HddsDatanodeClientProtocolServer.java:start(72)) - RPC server for Client /0.0.0.0:15258
2023-08-25 08:53:37,156 [IPC Server Responder] INFO  ipc.Server (Server.java:run(1562)) - IPC Server Responder: starting
2023-08-25 08:53:37,161 [IPC Server listener on 15258] INFO  ipc.Server (Server.java:run(1402)) - IPC Server listener on 15258: starting
2023-08-25 08:53:37,161 [Time-limited test] INFO  ozone.MiniOzoneClusterImpl (MiniOzoneClusterImpl.java:lambda$waitForClusterToBeReady$0(224)) - Waiting for nodes to be ready. Got 0 of 5 DN Heartbeats.
2023-08-25 08:53:37,162 [Time-limited test] INFO  ozone.MiniOzoneClusterImpl (MiniOzoneClusterImpl.java:lambda$waitForClusterToBeReady$0(227)) - Waiting for cluster to exit safe mode
2023-08-25 08:53:37,162 [Time-limited test] INFO  ozone.MiniOzoneClusterImpl (MiniOzoneClusterImpl.java:lambda$waitForClusterToBeReady$0(229)) - SCM became leader
2023-08-25 08:53:37,167 [Datanode State Machine Daemon Thread] INFO  statemachine.DatanodeStateMachine (DatanodeStateMachine.java:lambda$startDaemon$0(538)) - Ozone container server started.
2023-08-25 08:53:37,171 [Datanode State Machine Task Thread - 0] INFO  datanode.InitDatanodeState (InitDatanodeState.java:persistContainerDatanodeDetails(138)) - DatanodeDetails is persisted to /home/runner/work/ozone/ozone/hadoop-ozone/integration-test/target/test-dir/MiniOzoneClusterImpl-e692d0c4-4f9e-424f-81a0-065ebcedd1d3/datanode-4/meta/datanode.id
2023-08-25 08:53:37,593 [ReplicationMonitor] INFO  replication.ReplicationManager (ReplicationManager.java:processAll(361)) - Replication Manager is not ready to run until 3000ms after safemode exit
2023-08-25 08:53:37,935 [EndpointStateMachine task thread for /0.0.0.0:15214 - 0 ] INFO  utils.DatanodeStoreCache (DatanodeStoreCache.java:addDB(66)) - Added db /home/runner/work/ozone/ozone/hadoop-ozone/integration-test/target/test-dir/MiniOzoneClusterImpl-e692d0c4-4f9e-424f-81a0-065ebcedd1d3/datanode-0/data-0/containers/hdds/e692d0c4-4f9e-424f-81a0-065ebcedd1d3/DS-be2fa097-5062-4918-a5fd-eedf0ac8449b/container.db to cache
2023-08-25 08:53:37,935 [EndpointStateMachine task thread for /0.0.0.0:15214 - 0 ] INFO  volume.HddsVolume (HddsVolume.java:createDbStore(422)) - SchemaV3 db is created and loaded at /home/runner/work/ozone/ozone/hadoop-ozone/integration-test/target/test-dir/MiniOzoneClusterImpl-e692d0c4-4f9e-424f-81a0-065ebcedd1d3/datanode-0/data-0/containers/hdds/e692d0c4-4f9e-424f-81a0-065ebcedd1d3/DS-be2fa097-5062-4918-a5fd-eedf0ac8449b/container.db for volume DS-be2fa097-5062-4918-a5fd-eedf0ac8449b
2023-08-25 08:53:37,936 [EndpointStateMachine task thread for /0.0.0.0:15214 - 0 ] INFO  volume.ThrottledAsyncChecker (ThrottledAsyncChecker.java:schedule(141)) - Scheduling a check for /home/runner/work/ozone/ozone/hadoop-ozone/integration-test/target/test-dir/MiniOzoneClusterImpl-e692d0c4-4f9e-424f-81a0-065ebcedd1d3/datanode-0/data-0/containers/hdds
2023-08-25 08:53:37,936 [EndpointStateMachine task thread for /0.0.0.0:15214 - 0 ] INFO  volume.StorageVolumeChecker (StorageVolumeChecker.java:checkAllVolumes(213)) - Scheduled health check for volume /home/runner/work/ozone/ozone/hadoop-ozone/integration-test/target/test-dir/MiniOzoneClusterImpl-e692d0c4-4f9e-424f-81a0-065ebcedd1d3/datanode-0/data-0/containers/hdds
2023-08-25 08:53:37,939 [EndpointStateMachine task thread for /0.0.0.0:15214 - 0 ] INFO  volume.ThrottledAsyncChecker (ThrottledAsyncChecker.java:schedule(141)) - Scheduling a check for /home/runner/work/ozone/ozone/hadoop-ozone/integration-test/target/test-dir/MiniOzoneClusterImpl-e692d0c4-4f9e-424f-81a0-065ebcedd1d3/datanode-0/data/ratis
2023-08-25 08:53:37,939 [EndpointStateMachine task thread for /0.0.0.0:15214 - 0 ] INFO  volume.StorageVolumeChecker (StorageVolumeChecker.java:checkAllVolumes(213)) - Scheduled health check for volume /home/runner/work/ozone/ozone/hadoop-ozone/integration-test/target/test-dir/MiniOzoneClusterImpl-e692d0c4-4f9e-424f-81a0-065ebcedd1d3/datanode-0/data/ratis
2023-08-25 08:53:37,941 [EndpointStateMachine task thread for /0.0.0.0:15214 - 0 ] INFO  ozoneimpl.OzoneContainer (OzoneContainer.java:start(429)) - Attempting to start container services.
2023-08-25 08:53:37,941 [EndpointStateMachine task thread for /0.0.0.0:15214 - 0 ] INFO  ozoneimpl.OzoneContainer (OzoneContainer.java:startContainerScrub(325)) - Scheduled background container scanners and the on-demand container scanner have been disabled.
2023-08-25 08:53:37,942 [EndpointStateMachine task thread for /0.0.0.0:15214 - 0 ] INFO  replication.ReplicationServer (ReplicationServer.java:start(130)) - ReplicationServer is started using port 15228
2023-08-25 08:53:37,942 [EndpointStateMachine task thread for /0.0.0.0:15214 - 0 ] INFO  ratis.XceiverServerRatis (XceiverServerRatis.java:start(517)) - Starting XceiverServerRatis 8a274684-c774-4cfd-af69-c1a0c827c28c
2023-08-25 08:53:37,943 [EndpointStateMachine task thread for /0.0.0.0:15214 - 0 ] INFO  server.RaftServer (RaftServerProxy.java:startImpl(400)) - 8a274684-c774-4cfd-af69-c1a0c827c28c: start RPC server
2023-08-25 08:53:37,944 [EndpointStateMachine task thread for /0.0.0.0:15214 - 0 ] INFO  server.GrpcService (GrpcService.java:startImpl(302)) - 8a274684-c774-4cfd-af69-c1a0c827c28c: GrpcService started, listening on 15224
2023-08-25 08:53:37,946 [EndpointStateMachine task thread for /0.0.0.0:15214 - 0 ] INFO  server.GrpcService (GrpcService.java:startImpl(302)) - 8a274684-c774-4cfd-af69-c1a0c827c28c: GrpcService started, listening on 15226
2023-08-25 08:53:37,947 [EndpointStateMachine task thread for /0.0.0.0:15214 - 0 ] INFO  server.GrpcService (GrpcService.java:startImpl(302)) - 8a274684-c774-4cfd-af69-c1a0c827c28c: GrpcService started, listening on 15225
2023-08-25 08:53:37,947 [EndpointStateMachine task thread for /0.0.0.0:15214 - 0 ] INFO  ratis.XceiverServerRatis (XceiverServerRatis.java:getRealPort(543)) - XceiverServerRatis 8a274684-c774-4cfd-af69-c1a0c827c28c is started using port 15224 for RATIS
2023-08-25 08:53:37,947 [EndpointStateMachine task thread for /0.0.0.0:15214 - 0 ] INFO  ratis.XceiverServerRatis (XceiverServerRatis.java:getRealPort(543)) - XceiverServerRatis 8a274684-c774-4cfd-af69-c1a0c827c28c is started using port 15225 for RATIS_ADMIN
2023-08-25 08:53:37,947 [JvmPauseMonitor30] INFO  util.JvmPauseMonitor (JvmPauseMonitor.java:run(103)) - JvmPauseMonitor-8a274684-c774-4cfd-af69-c1a0c827c28c: Started
2023-08-25 08:53:37,948 [EndpointStateMachine task thread for /0.0.0.0:15214 - 0 ] INFO  ratis.XceiverServerRatis (XceiverServerRatis.java:getRealPort(543)) - XceiverServerRatis 8a274684-c774-4cfd-af69-c1a0c827c28c is started using port 15226 for RATIS_SERVER
2023-08-25 08:53:37,948 [EndpointStateMachine task thread for /0.0.0.0:15214 - 0 ] INFO  ratis.XceiverServerRatis (XceiverServerRatis.java:getRealPort(543)) - XceiverServerRatis 8a274684-c774-4cfd-af69-c1a0c827c28c is started using port 15227 for RATIS_DATASTREAM
2023-08-25 08:53:37,950 [BlockDeletingService#0] INFO  interfaces.ContainerDeletionChoosingPolicyTemplate (ContainerDeletionChoosingPolicyTemplate.java:chooseContainerForBlockDeletion(85)) - Chosen 0/5000 blocks from 0 candidate containers.
2023-08-25 08:53:38,162 [Time-limited test] INFO  ozone.MiniOzoneClusterImpl (MiniOzoneClusterImpl.java:lambda$waitForClusterToBeReady$0(224)) - Waiting for nodes to be ready. Got 0 of 5 DN Heartbeats.
2023-08-25 08:53:38,162 [Time-limited test] INFO  ozone.MiniOzoneClusterImpl (MiniOzoneClusterImpl.java:lambda$waitForClusterToBeReady$0(227)) - Waiting for cluster to exit safe mode
2023-08-25 08:53:38,162 [Time-limited test] INFO  ozone.MiniOzoneClusterImpl (MiniOzoneClusterImpl.java:lambda$waitForClusterToBeReady$0(229)) - SCM became leader
2023-08-25 08:53:38,247 [EndpointStateMachine task thread for /0.0.0.0:15214 - 0 ] INFO  utils.DatanodeStoreCache (DatanodeStoreCache.java:addDB(66)) - Added db /home/runner/work/ozone/ozone/hadoop-ozone/integration-test/target/test-dir/MiniOzoneClusterImpl-e692d0c4-4f9e-424f-81a0-065ebcedd1d3/datanode-1/data-0/containers/hdds/e692d0c4-4f9e-424f-81a0-065ebcedd1d3/DS-8b3e1cff-4b5f-4379-823d-75855715789b/container.db to cache
2023-08-25 08:53:38,247 [EndpointStateMachine task thread for /0.0.0.0:15214 - 0 ] INFO  volume.HddsVolume (HddsVolume.java:createDbStore(422)) - SchemaV3 db is created and loaded at /home/runner/work/ozone/ozone/hadoop-ozone/integration-test/target/test-dir/MiniOzoneClusterImpl-e692d0c4-4f9e-424f-81a0-065ebcedd1d3/datanode-1/data-0/containers/hdds/e692d0c4-4f9e-424f-81a0-065ebcedd1d3/DS-8b3e1cff-4b5f-4379-823d-75855715789b/container.db for volume DS-8b3e1cff-4b5f-4379-823d-75855715789b
2023-08-25 08:53:38,248 [EndpointStateMachine task thread for /0.0.0.0:15214 - 0 ] INFO  volume.ThrottledAsyncChecker (ThrottledAsyncChecker.java:schedule(141)) - Scheduling a check for /home/runner/work/ozone/ozone/hadoop-ozone/integration-test/target/test-dir/MiniOzoneClusterImpl-e692d0c4-4f9e-424f-81a0-065ebcedd1d3/datanode-1/data-0/containers/hdds
2023-08-25 08:53:38,248 [EndpointStateMachine task thread for /0.0.0.0:15214 - 0 ] INFO  volume.StorageVolumeChecker (StorageVolumeChecker.java:checkAllVolumes(213)) - Scheduled health check for volume /home/runner/work/ozone/ozone/hadoop-ozone/integration-test/target/test-dir/MiniOzoneClusterImpl-e692d0c4-4f9e-424f-81a0-065ebcedd1d3/datanode-1/data-0/containers/hdds
2023-08-25 08:53:38,254 [EndpointStateMachine task thread for /0.0.0.0:15214 - 0 ] INFO  volume.ThrottledAsyncChecker (ThrottledAsyncChecker.java:schedule(141)) - Scheduling a check for /home/runner/work/ozone/ozone/hadoop-ozone/integration-test/target/test-dir/MiniOzoneClusterImpl-e692d0c4-4f9e-424f-81a0-065ebcedd1d3/datanode-1/data/ratis
2023-08-25 08:53:38,255 [EndpointStateMachine task thread for /0.0.0.0:15214 - 0 ] INFO  volume.StorageVolumeChecker (StorageVolumeChecker.java:checkAllVolumes(213)) - Scheduled health check for volume /home/runner/work/ozone/ozone/hadoop-ozone/integration-test/target/test-dir/MiniOzoneClusterImpl-e692d0c4-4f9e-424f-81a0-065ebcedd1d3/datanode-1/data/ratis
2023-08-25 08:53:38,259 [EndpointStateMachine task thread for /0.0.0.0:15214 - 0 ] INFO  ozoneimpl.OzoneContainer (OzoneContainer.java:start(429)) - Attempting to start container services.
2023-08-25 08:53:38,259 [EndpointStateMachine task thread for /0.0.0.0:15214 - 0 ] INFO  ozoneimpl.OzoneContainer (OzoneContainer.java:startContainerScrub(325)) - Scheduled background container scanners and the on-demand container scanner have been disabled.
2023-08-25 08:53:38,260 [EndpointStateMachine task thread for /0.0.0.0:15214 - 0 ] INFO  replication.ReplicationServer (ReplicationServer.java:start(130)) - ReplicationServer is started using port 15237
2023-08-25 08:53:38,262 [EndpointStateMachine task thread for /0.0.0.0:15214 - 0 ] INFO  ratis.XceiverServerRatis (XceiverServerRatis.java:start(517)) - Starting XceiverServerRatis 74226a13-8718-4542-a815-a533182346c1
2023-08-25 08:53:38,267 [EndpointStateMachine task thread for /0.0.0.0:15214 - 0 ] INFO  server.RaftServer (RaftServerProxy.java:startImpl(400)) - 74226a13-8718-4542-a815-a533182346c1: start RPC server
2023-08-25 08:53:38,269 [EndpointStateMachine task thread for /0.0.0.0:15214 - 0 ] INFO  server.GrpcService (GrpcService.java:startImpl(302)) - 74226a13-8718-4542-a815-a533182346c1: GrpcService started, listening on 15233
2023-08-25 08:53:38,270 [EndpointStateMachine task thread for /0.0.0.0:15214 - 0 ] INFO  server.GrpcService (GrpcService.java:startImpl(302)) - 74226a13-8718-4542-a815-a533182346c1: GrpcService started, listening on 15235
2023-08-25 08:53:38,271 [EndpointStateMachine task thread for /0.0.0.0:15214 - 0 ] INFO  server.GrpcService (GrpcService.java:startImpl(302)) - 74226a13-8718-4542-a815-a533182346c1: GrpcService started, listening on 15234
2023-08-25 08:53:38,272 [EndpointStateMachine task thread for /0.0.0.0:15214 - 0 ] INFO  ratis.XceiverServerRatis (XceiverServerRatis.java:getRealPort(543)) - XceiverServerRatis 74226a13-8718-4542-a815-a533182346c1 is started using port 15233 for RATIS
2023-08-25 08:53:38,272 [EndpointStateMachine task thread for /0.0.0.0:15214 - 0 ] INFO  ratis.XceiverServerRatis (XceiverServerRatis.java:getRealPort(543)) - XceiverServerRatis 74226a13-8718-4542-a815-a533182346c1 is started using port 15234 for RATIS_ADMIN
2023-08-25 08:53:38,272 [JvmPauseMonitor31] INFO  util.JvmPauseMonitor (JvmPauseMonitor.java:run(103)) - JvmPauseMonitor-74226a13-8718-4542-a815-a533182346c1: Started
2023-08-25 08:53:38,272 [EndpointStateMachine task thread for /0.0.0.0:15214 - 0 ] INFO  ratis.XceiverServerRatis (XceiverServerRatis.java:getRealPort(543)) - XceiverServerRatis 74226a13-8718-4542-a815-a533182346c1 is started using port 15235 for RATIS_SERVER
2023-08-25 08:53:38,272 [EndpointStateMachine task thread for /0.0.0.0:15214 - 0 ] INFO  ratis.XceiverServerRatis (XceiverServerRatis.java:getRealPort(543)) - XceiverServerRatis 74226a13-8718-4542-a815-a533182346c1 is started using port 15236 for RATIS_DATASTREAM
2023-08-25 08:53:38,274 [BlockDeletingService#0] INFO  interfaces.ContainerDeletionChoosingPolicyTemplate (ContainerDeletionChoosingPolicyTemplate.java:chooseContainerForBlockDeletion(85)) - Chosen 0/5000 blocks from 0 candidate containers.
2023-08-25 08:53:38,579 [EndpointStateMachine task thread for /0.0.0.0:15214 - 0 ] INFO  utils.DatanodeStoreCache (DatanodeStoreCache.java:addDB(66)) - Added db /home/runner/work/ozone/ozone/hadoop-ozone/integration-test/target/test-dir/MiniOzoneClusterImpl-e692d0c4-4f9e-424f-81a0-065ebcedd1d3/datanode-2/data-0/containers/hdds/e692d0c4-4f9e-424f-81a0-065ebcedd1d3/DS-66290d07-67a3-48df-8e25-ebcae03fef9e/container.db to cache
2023-08-25 08:53:38,579 [EndpointStateMachine task thread for /0.0.0.0:15214 - 0 ] INFO  volume.HddsVolume (HddsVolume.java:createDbStore(422)) - SchemaV3 db is created and loaded at /home/runner/work/ozone/ozone/hadoop-ozone/integration-test/target/test-dir/MiniOzoneClusterImpl-e692d0c4-4f9e-424f-81a0-065ebcedd1d3/datanode-2/data-0/containers/hdds/e692d0c4-4f9e-424f-81a0-065ebcedd1d3/DS-66290d07-67a3-48df-8e25-ebcae03fef9e/container.db for volume DS-66290d07-67a3-48df-8e25-ebcae03fef9e
2023-08-25 08:53:38,581 [EndpointStateMachine task thread for /0.0.0.0:15214 - 0 ] INFO  volume.ThrottledAsyncChecker (ThrottledAsyncChecker.java:schedule(141)) - Scheduling a check for /home/runner/work/ozone/ozone/hadoop-ozone/integration-test/target/test-dir/MiniOzoneClusterImpl-e692d0c4-4f9e-424f-81a0-065ebcedd1d3/datanode-2/data-0/containers/hdds
2023-08-25 08:53:38,581 [EndpointStateMachine task thread for /0.0.0.0:15214 - 0 ] INFO  volume.StorageVolumeChecker (StorageVolumeChecker.java:checkAllVolumes(213)) - Scheduled health check for volume /home/runner/work/ozone/ozone/hadoop-ozone/integration-test/target/test-dir/MiniOzoneClusterImpl-e692d0c4-4f9e-424f-81a0-065ebcedd1d3/datanode-2/data-0/containers/hdds
2023-08-25 08:53:38,584 [EndpointStateMachine task thread for /0.0.0.0:15214 - 0 ] INFO  volume.ThrottledAsyncChecker (ThrottledAsyncChecker.java:schedule(141)) - Scheduling a check for /home/runner/work/ozone/ozone/hadoop-ozone/integration-test/target/test-dir/MiniOzoneClusterImpl-e692d0c4-4f9e-424f-81a0-065ebcedd1d3/datanode-2/data/ratis
2023-08-25 08:53:38,584 [EndpointStateMachine task thread for /0.0.0.0:15214 - 0 ] INFO  volume.StorageVolumeChecker (StorageVolumeChecker.java:checkAllVolumes(213)) - Scheduled health check for volume /home/runner/work/ozone/ozone/hadoop-ozone/integration-test/target/test-dir/MiniOzoneClusterImpl-e692d0c4-4f9e-424f-81a0-065ebcedd1d3/datanode-2/data/ratis
2023-08-25 08:53:38,585 [EndpointStateMachine task thread for /0.0.0.0:15214 - 0 ] INFO  ozoneimpl.OzoneContainer (OzoneContainer.java:start(429)) - Attempting to start container services.
2023-08-25 08:53:38,585 [EndpointStateMachine task thread for /0.0.0.0:15214 - 0 ] INFO  ozoneimpl.OzoneContainer (OzoneContainer.java:startContainerScrub(325)) - Scheduled background container scanners and the on-demand container scanner have been disabled.
2023-08-25 08:53:38,586 [EndpointStateMachine task thread for /0.0.0.0:15214 - 0 ] INFO  replication.ReplicationServer (ReplicationServer.java:start(130)) - ReplicationServer is started using port 15246
2023-08-25 08:53:38,586 [EndpointStateMachine task thread for /0.0.0.0:15214 - 0 ] INFO  ratis.XceiverServerRatis (XceiverServerRatis.java:start(517)) - Starting XceiverServerRatis df7ffc6f-4fb9-49c9-8407-31fb6ff06550
2023-08-25 08:53:38,587 [EndpointStateMachine task thread for /0.0.0.0:15214 - 0 ] INFO  server.RaftServer (RaftServerProxy.java:startImpl(400)) - df7ffc6f-4fb9-49c9-8407-31fb6ff06550: start RPC server
2023-08-25 08:53:38,590 [EndpointStateMachine task thread for /0.0.0.0:15214 - 0 ] INFO  server.GrpcService (GrpcService.java:startImpl(302)) - df7ffc6f-4fb9-49c9-8407-31fb6ff06550: GrpcService started, listening on 15242
2023-08-25 08:53:38,591 [EndpointStateMachine task thread for /0.0.0.0:15214 - 0 ] INFO  server.GrpcService (GrpcService.java:startImpl(302)) - df7ffc6f-4fb9-49c9-8407-31fb6ff06550: GrpcService started, listening on 15244
2023-08-25 08:53:38,593 [EndpointStateMachine task thread for /0.0.0.0:15214 - 0 ] INFO  server.GrpcService (GrpcService.java:startImpl(302)) - df7ffc6f-4fb9-49c9-8407-31fb6ff06550: GrpcService started, listening on 15243
2023-08-25 08:53:38,594 [EndpointStateMachine task thread for /0.0.0.0:15214 - 0 ] INFO  ratis.XceiverServerRatis (XceiverServerRatis.java:getRealPort(543)) - XceiverServerRatis df7ffc6f-4fb9-49c9-8407-31fb6ff06550 is started using port 15242 for RATIS
2023-08-25 08:53:38,594 [EndpointStateMachine task thread for /0.0.0.0:15214 - 0 ] INFO  ratis.XceiverServerRatis (XceiverServerRatis.java:getRealPort(543)) - XceiverServerRatis df7ffc6f-4fb9-49c9-8407-31fb6ff06550 is started using port 15243 for RATIS_ADMIN
2023-08-25 08:53:38,594 [EndpointStateMachine task thread for /0.0.0.0:15214 - 0 ] INFO  ratis.XceiverServerRatis (XceiverServerRatis.java:getRealPort(543)) - XceiverServerRatis df7ffc6f-4fb9-49c9-8407-31fb6ff06550 is started using port 15244 for RATIS_SERVER
2023-08-25 08:53:38,594 [JvmPauseMonitor32] INFO  util.JvmPauseMonitor (JvmPauseMonitor.java:run(103)) - JvmPauseMonitor-df7ffc6f-4fb9-49c9-8407-31fb6ff06550: Started
2023-08-25 08:53:38,594 [ReplicationMonitor] INFO  replication.ReplicationManager (ReplicationManager.java:processAll(361)) - Replication Manager is not ready to run until 3000ms after safemode exit
2023-08-25 08:53:38,594 [EndpointStateMachine task thread for /0.0.0.0:15214 - 0 ] INFO  ratis.XceiverServerRatis (XceiverServerRatis.java:getRealPort(543)) - XceiverServerRatis df7ffc6f-4fb9-49c9-8407-31fb6ff06550 is started using port 15245 for RATIS_DATASTREAM
2023-08-25 08:53:38,601 [BlockDeletingService#0] INFO  interfaces.ContainerDeletionChoosingPolicyTemplate (ContainerDeletionChoosingPolicyTemplate.java:chooseContainerForBlockDeletion(85)) - Chosen 0/5000 blocks from 0 candidate containers.
2023-08-25 08:53:38,895 [EndpointStateMachine task thread for /0.0.0.0:15214 - 0 ] INFO  utils.DatanodeStoreCache (DatanodeStoreCache.java:addDB(66)) - Added db /home/runner/work/ozone/ozone/hadoop-ozone/integration-test/target/test-dir/MiniOzoneClusterImpl-e692d0c4-4f9e-424f-81a0-065ebcedd1d3/datanode-3/data-0/containers/hdds/e692d0c4-4f9e-424f-81a0-065ebcedd1d3/DS-dd063d4e-8cce-4b53-94a1-a63079a3a8eb/container.db to cache
2023-08-25 08:53:38,895 [EndpointStateMachine task thread for /0.0.0.0:15214 - 0 ] INFO  volume.HddsVolume (HddsVolume.java:createDbStore(422)) - SchemaV3 db is created and loaded at /home/runner/work/ozone/ozone/hadoop-ozone/integration-test/target/test-dir/MiniOzoneClusterImpl-e692d0c4-4f9e-424f-81a0-065ebcedd1d3/datanode-3/data-0/containers/hdds/e692d0c4-4f9e-424f-81a0-065ebcedd1d3/DS-dd063d4e-8cce-4b53-94a1-a63079a3a8eb/container.db for volume DS-dd063d4e-8cce-4b53-94a1-a63079a3a8eb
2023-08-25 08:53:38,896 [EndpointStateMachine task thread for /0.0.0.0:15214 - 0 ] INFO  volume.ThrottledAsyncChecker (ThrottledAsyncChecker.java:schedule(141)) - Scheduling a check for /home/runner/work/ozone/ozone/hadoop-ozone/integration-test/target/test-dir/MiniOzoneClusterImpl-e692d0c4-4f9e-424f-81a0-065ebcedd1d3/datanode-3/data-0/containers/hdds
2023-08-25 08:53:38,896 [EndpointStateMachine task thread for /0.0.0.0:15214 - 0 ] INFO  volume.StorageVolumeChecker (StorageVolumeChecker.java:checkAllVolumes(213)) - Scheduled health check for volume /home/runner/work/ozone/ozone/hadoop-ozone/integration-test/target/test-dir/MiniOzoneClusterImpl-e692d0c4-4f9e-424f-81a0-065ebcedd1d3/datanode-3/data-0/containers/hdds
2023-08-25 08:53:38,899 [EndpointStateMachine task thread for /0.0.0.0:15214 - 0 ] INFO  volume.ThrottledAsyncChecker (ThrottledAsyncChecker.java:schedule(141)) - Scheduling a check for /home/runner/work/ozone/ozone/hadoop-ozone/integration-test/target/test-dir/MiniOzoneClusterImpl-e692d0c4-4f9e-424f-81a0-065ebcedd1d3/datanode-3/data/ratis
2023-08-25 08:53:38,899 [EndpointStateMachine task thread for /0.0.0.0:15214 - 0 ] INFO  volume.StorageVolumeChecker (StorageVolumeChecker.java:checkAllVolumes(213)) - Scheduled health check for volume /home/runner/work/ozone/ozone/hadoop-ozone/integration-test/target/test-dir/MiniOzoneClusterImpl-e692d0c4-4f9e-424f-81a0-065ebcedd1d3/datanode-3/data/ratis
2023-08-25 08:53:38,900 [EndpointStateMachine task thread for /0.0.0.0:15214 - 0 ] INFO  ozoneimpl.OzoneContainer (OzoneContainer.java:start(429)) - Attempting to start container services.
2023-08-25 08:53:38,901 [EndpointStateMachine task thread for /0.0.0.0:15214 - 0 ] INFO  ozoneimpl.OzoneContainer (OzoneContainer.java:startContainerScrub(325)) - Scheduled background container scanners and the on-demand container scanner have been disabled.
2023-08-25 08:53:38,902 [EndpointStateMachine task thread for /0.0.0.0:15214 - 0 ] INFO  replication.ReplicationServer (ReplicationServer.java:start(130)) - ReplicationServer is started using port 15255
2023-08-25 08:53:38,902 [EndpointStateMachine task thread for /0.0.0.0:15214 - 0 ] INFO  ratis.XceiverServerRatis (XceiverServerRatis.java:start(517)) - Starting XceiverServerRatis 569111f9-f690-469e-b38a-962cff482c01
2023-08-25 08:53:38,903 [EndpointStateMachine task thread for /0.0.0.0:15214 - 0 ] INFO  server.RaftServer (RaftServerProxy.java:startImpl(400)) - 569111f9-f690-469e-b38a-962cff482c01: start RPC server
2023-08-25 08:53:38,904 [EndpointStateMachine task thread for /0.0.0.0:15214 - 0 ] INFO  server.GrpcService (GrpcService.java:startImpl(302)) - 569111f9-f690-469e-b38a-962cff482c01: GrpcService started, listening on 15251
2023-08-25 08:53:38,906 [EndpointStateMachine task thread for /0.0.0.0:15214 - 0 ] INFO  server.GrpcService (GrpcService.java:startImpl(302)) - 569111f9-f690-469e-b38a-962cff482c01: GrpcService started, listening on 15253
2023-08-25 08:53:38,907 [EndpointStateMachine task thread for /0.0.0.0:15214 - 0 ] INFO  server.GrpcService (GrpcService.java:startImpl(302)) - 569111f9-f690-469e-b38a-962cff482c01: GrpcService started, listening on 15252
2023-08-25 08:53:38,907 [EndpointStateMachine task thread for /0.0.0.0:15214 - 0 ] INFO  ratis.XceiverServerRatis (XceiverServerRatis.java:getRealPort(543)) - XceiverServerRatis 569111f9-f690-469e-b38a-962cff482c01 is started using port 15251 for RATIS
2023-08-25 08:53:38,908 [EndpointStateMachine task thread for /0.0.0.0:15214 - 0 ] INFO  ratis.XceiverServerRatis (XceiverServerRatis.java:getRealPort(543)) - XceiverServerRatis 569111f9-f690-469e-b38a-962cff482c01 is started using port 15252 for RATIS_ADMIN
2023-08-25 08:53:38,908 [JvmPauseMonitor33] INFO  util.JvmPauseMonitor (JvmPauseMonitor.java:run(103)) - JvmPauseMonitor-569111f9-f690-469e-b38a-962cff482c01: Started
2023-08-25 08:53:38,908 [EndpointStateMachine task thread for /0.0.0.0:15214 - 0 ] INFO  ratis.XceiverServerRatis (XceiverServerRatis.java:getRealPort(543)) - XceiverServerRatis 569111f9-f690-469e-b38a-962cff482c01 is started using port 15253 for RATIS_SERVER
2023-08-25 08:53:38,908 [EndpointStateMachine task thread for /0.0.0.0:15214 - 0 ] INFO  ratis.XceiverServerRatis (XceiverServerRatis.java:getRealPort(543)) - XceiverServerRatis 569111f9-f690-469e-b38a-962cff482c01 is started using port 15254 for RATIS_DATASTREAM
2023-08-25 08:53:38,910 [BlockDeletingService#0] INFO  interfaces.ContainerDeletionChoosingPolicyTemplate (ContainerDeletionChoosingPolicyTemplate.java:chooseContainerForBlockDeletion(85)) - Chosen 0/5000 blocks from 0 candidate containers.
2023-08-25 08:53:39,162 [Time-limited test] INFO  ozone.MiniOzoneClusterImpl (MiniOzoneClusterImpl.java:lambda$waitForClusterToBeReady$0(224)) - Waiting for nodes to be ready. Got 0 of 5 DN Heartbeats.
2023-08-25 08:53:39,162 [Time-limited test] INFO  ozone.MiniOzoneClusterImpl (MiniOzoneClusterImpl.java:lambda$waitForClusterToBeReady$0(227)) - Waiting for cluster to exit safe mode
2023-08-25 08:53:39,162 [Time-limited test] INFO  ozone.MiniOzoneClusterImpl (MiniOzoneClusterImpl.java:lambda$waitForClusterToBeReady$0(229)) - SCM became leader
2023-08-25 08:53:39,214 [EndpointStateMachine task thread for /0.0.0.0:15214 - 0 ] INFO  utils.DatanodeStoreCache (DatanodeStoreCache.java:addDB(66)) - Added db /home/runner/work/ozone/ozone/hadoop-ozone/integration-test/target/test-dir/MiniOzoneClusterImpl-e692d0c4-4f9e-424f-81a0-065ebcedd1d3/datanode-4/data-0/containers/hdds/e692d0c4-4f9e-424f-81a0-065ebcedd1d3/DS-743ea665-d9b8-4d49-82c9-aa5674f013f1/container.db to cache
2023-08-25 08:53:39,214 [EndpointStateMachine task thread for /0.0.0.0:15214 - 0 ] INFO  volume.HddsVolume (HddsVolume.java:createDbStore(422)) - SchemaV3 db is created and loaded at /home/runner/work/ozone/ozone/hadoop-ozone/integration-test/target/test-dir/MiniOzoneClusterImpl-e692d0c4-4f9e-424f-81a0-065ebcedd1d3/datanode-4/data-0/containers/hdds/e692d0c4-4f9e-424f-81a0-065ebcedd1d3/DS-743ea665-d9b8-4d49-82c9-aa5674f013f1/container.db for volume DS-743ea665-d9b8-4d49-82c9-aa5674f013f1
2023-08-25 08:53:39,215 [EndpointStateMachine task thread for /0.0.0.0:15214 - 0 ] INFO  volume.ThrottledAsyncChecker (ThrottledAsyncChecker.java:schedule(141)) - Scheduling a check for /home/runner/work/ozone/ozone/hadoop-ozone/integration-test/target/test-dir/MiniOzoneClusterImpl-e692d0c4-4f9e-424f-81a0-065ebcedd1d3/datanode-4/data-0/containers/hdds
2023-08-25 08:53:39,215 [EndpointStateMachine task thread for /0.0.0.0:15214 - 0 ] INFO  volume.StorageVolumeChecker (StorageVolumeChecker.java:checkAllVolumes(213)) - Scheduled health check for volume /home/runner/work/ozone/ozone/hadoop-ozone/integration-test/target/test-dir/MiniOzoneClusterImpl-e692d0c4-4f9e-424f-81a0-065ebcedd1d3/datanode-4/data-0/containers/hdds
2023-08-25 08:53:39,218 [EndpointStateMachine task thread for /0.0.0.0:15214 - 0 ] INFO  volume.ThrottledAsyncChecker (ThrottledAsyncChecker.java:schedule(141)) - Scheduling a check for /home/runner/work/ozone/ozone/hadoop-ozone/integration-test/target/test-dir/MiniOzoneClusterImpl-e692d0c4-4f9e-424f-81a0-065ebcedd1d3/datanode-4/data/ratis
2023-08-25 08:53:39,218 [EndpointStateMachine task thread for /0.0.0.0:15214 - 0 ] INFO  volume.StorageVolumeChecker (StorageVolumeChecker.java:checkAllVolumes(213)) - Scheduled health check for volume /home/runner/work/ozone/ozone/hadoop-ozone/integration-test/target/test-dir/MiniOzoneClusterImpl-e692d0c4-4f9e-424f-81a0-065ebcedd1d3/datanode-4/data/ratis
2023-08-25 08:53:39,221 [EndpointStateMachine task thread for /0.0.0.0:15214 - 0 ] INFO  ozoneimpl.OzoneContainer (OzoneContainer.java:start(429)) - Attempting to start container services.
2023-08-25 08:53:39,221 [EndpointStateMachine task thread for /0.0.0.0:15214 - 0 ] INFO  ozoneimpl.OzoneContainer (OzoneContainer.java:startContainerScrub(325)) - Scheduled background container scanners and the on-demand container scanner have been disabled.
2023-08-25 08:53:39,222 [EndpointStateMachine task thread for /0.0.0.0:15214 - 0 ] INFO  replication.ReplicationServer (ReplicationServer.java:start(130)) - ReplicationServer is started using port 15264
2023-08-25 08:53:39,222 [EndpointStateMachine task thread for /0.0.0.0:15214 - 0 ] INFO  ratis.XceiverServerRatis (XceiverServerRatis.java:start(517)) - Starting XceiverServerRatis fe50a787-6632-4d4b-966e-2aa891a7aebb
2023-08-25 08:53:39,224 [EndpointStateMachine task thread for /0.0.0.0:15214 - 0 ] INFO  server.RaftServer (RaftServerProxy.java:startImpl(400)) - fe50a787-6632-4d4b-966e-2aa891a7aebb: start RPC server
2023-08-25 08:53:39,230 [EndpointStateMachine task thread for /0.0.0.0:15214 - 0 ] INFO  server.GrpcService (GrpcService.java:startImpl(302)) - fe50a787-6632-4d4b-966e-2aa891a7aebb: GrpcService started, listening on 15260
2023-08-25 08:53:39,231 [EndpointStateMachine task thread for /0.0.0.0:15214 - 0 ] INFO  server.GrpcService (GrpcService.java:startImpl(302)) - fe50a787-6632-4d4b-966e-2aa891a7aebb: GrpcService started, listening on 15262
2023-08-25 08:53:39,233 [EndpointStateMachine task thread for /0.0.0.0:15214 - 0 ] INFO  server.GrpcService (GrpcService.java:startImpl(302)) - fe50a787-6632-4d4b-966e-2aa891a7aebb: GrpcService started, listening on 15261
2023-08-25 08:53:39,233 [EndpointStateMachine task thread for /0.0.0.0:15214 - 0 ] INFO  ratis.XceiverServerRatis (XceiverServerRatis.java:getRealPort(543)) - XceiverServerRatis fe50a787-6632-4d4b-966e-2aa891a7aebb is started using port 15260 for RATIS
2023-08-25 08:53:39,233 [EndpointStateMachine task thread for /0.0.0.0:15214 - 0 ] INFO  ratis.XceiverServerRatis (XceiverServerRatis.java:getRealPort(543)) - XceiverServerRatis fe50a787-6632-4d4b-966e-2aa891a7aebb is started using port 15261 for RATIS_ADMIN
2023-08-25 08:53:39,233 [EndpointStateMachine task thread for /0.0.0.0:15214 - 0 ] INFO  ratis.XceiverServerRatis (XceiverServerRatis.java:getRealPort(543)) - XceiverServerRatis fe50a787-6632-4d4b-966e-2aa891a7aebb is started using port 15262 for RATIS_SERVER
2023-08-25 08:53:39,233 [EndpointStateMachine task thread for /0.0.0.0:15214 - 0 ] INFO  ratis.XceiverServerRatis (XceiverServerRatis.java:getRealPort(543)) - XceiverServerRatis fe50a787-6632-4d4b-966e-2aa891a7aebb is started using port 15263 for RATIS_DATASTREAM
2023-08-25 08:53:39,233 [JvmPauseMonitor34] INFO  util.JvmPauseMonitor (JvmPauseMonitor.java:run(103)) - JvmPauseMonitor-fe50a787-6632-4d4b-966e-2aa891a7aebb: Started
2023-08-25 08:53:39,235 [BlockDeletingService#0] INFO  interfaces.ContainerDeletionChoosingPolicyTemplate (ContainerDeletionChoosingPolicyTemplate.java:chooseContainerForBlockDeletion(85)) - Chosen 0/5000 blocks from 0 candidate containers.
2023-08-25 08:53:39,594 [ReplicationMonitor] INFO  replication.ReplicationManager (ReplicationManager.java:processAll(361)) - Replication Manager is not ready to run until 3000ms after safemode exit
2023-08-25 08:53:39,885 [IPC Server handler 1 on default port 15214] INFO  net.NetworkTopologyImpl (NetworkTopologyImpl.java:add(112)) - Added a new node: /default-rack/8a274684-c774-4cfd-af69-c1a0c827c28c
2023-08-25 08:53:39,885 [IPC Server handler 1 on default port 15214] INFO  node.SCMNodeManager (SCMNodeManager.java:register(405)) - Registered Data node : 8a274684-c774-4cfd-af69-c1a0c827c28c{ip: 10.1.0.19, host: fv-az584-689.msjcyvhqqs1uvpg4fm53wptgqc.jx.internal.cloudapp.net, ports: [HTTP=15221, CLIENT_RPC=15222, REPLICATION=15228, RATIS=15224, RATIS_ADMIN=15225, RATIS_SERVER=15226, RATIS_DATASTREAM=15227, STANDALONE=15223], networkLocation: /default-rack, certSerialId: null, persistedOpState: null, persistedOpStateExpiryEpochSec: 0}
2023-08-25 08:53:39,888 [EventQueue-NodeRegistrationContainerReportForContainerSafeModeRule] INFO  safemode.SCMSafeModeManager (SCMSafeModeManager.java:validateSafeModeExitRules(200)) - ContainerSafeModeRule rule is successfully validated
2023-08-25 08:53:39,888 [EventQueue-NodeRegistrationContainerReportForDataNodeSafeModeRule] INFO  safemode.SCMSafeModeManager (DataNodeSafeModeRule.java:process(71)) - SCM in safe mode. 1 DataNodes registered, 3 required.
2023-08-25 08:53:39,890 [EventQueue-PipelineReportForOneReplicaPipelineSafeModeRule] INFO  safemode.SCMSafeModeManager (SCMSafeModeManager.java:validateSafeModeExitRules(200)) - AtleastOneDatanodeReportedRule rule is successfully validated
2023-08-25 08:53:39,889 [EventQueue-NewNodeForNewNodeHandler] INFO  pipeline.BackgroundPipelineCreator (BackgroundPipelineCreator.java:notifyEventTriggered(277)) - trigger a one-shot run on RatisPipelineUtilsThread.
2023-08-25 08:53:39,893 [RatisPipelineUtilsThread - 0] INFO  pipeline.RatisPipelineProvider (RatisPipelineProvider.java:lambda$create$0(206)) - Sending CreatePipelineCommand for pipeline:PipelineID=96d085e2-cd34-44b0-bb30-620d11577367 to datanode:8a274684-c774-4cfd-af69-c1a0c827c28c
2023-08-25 08:53:39,894 [RatisPipelineUtilsThread - 0] INFO  pipeline.BackgroundPipelineCreator (BackgroundPipelineCreator.java:createPipelines(233)) - Created new pipeline Pipeline[ Id: 96d085e2-cd34-44b0-bb30-620d11577367, Nodes: 8a274684-c774-4cfd-af69-c1a0c827c28c(fv-az584-689.msjcyvhqqs1uvpg4fm53wptgqc.jx.internal.cloudapp.net/10.1.0.19), ReplicationConfig: RATIS/ONE, State:ALLOCATED, leaderId:, CreationTimestamp2023-08-25T08:53:39.893Z[Etc/UTC]]
2023-08-25 08:53:40,163 [Time-limited test] INFO  ozone.MiniOzoneClusterImpl (MiniOzoneClusterImpl.java:lambda$waitForClusterToBeReady$0(224)) - Waiting for nodes to be ready. Got 1 of 5 DN Heartbeats.
2023-08-25 08:53:40,163 [Time-limited test] INFO  ozone.MiniOzoneClusterImpl (MiniOzoneClusterImpl.java:lambda$waitForClusterToBeReady$0(227)) - Waiting for cluster to exit safe mode
2023-08-25 08:53:40,163 [Time-limited test] INFO  ozone.MiniOzoneClusterImpl (MiniOzoneClusterImpl.java:lambda$waitForClusterToBeReady$0(229)) - SCM became leader
2023-08-25 08:53:40,207 [IPC Server handler 2 on default port 15214] INFO  net.NetworkTopologyImpl (NetworkTopologyImpl.java:add(112)) - Added a new node: /default-rack/74226a13-8718-4542-a815-a533182346c1
2023-08-25 08:53:40,207 [IPC Server handler 2 on default port 15214] INFO  node.SCMNodeManager (SCMNodeManager.java:register(405)) - Registered Data node : 74226a13-8718-4542-a815-a533182346c1{ip: 10.1.0.19, host: fv-az584-689.msjcyvhqqs1uvpg4fm53wptgqc.jx.internal.cloudapp.net, ports: [HTTP=15230, CLIENT_RPC=15231, REPLICATION=15237, RATIS=15233, RATIS_ADMIN=15234, RATIS_SERVER=15235, RATIS_DATASTREAM=15236, STANDALONE=15232], networkLocation: /default-rack, certSerialId: null, persistedOpState: null, persistedOpStateExpiryEpochSec: 0}
2023-08-25 08:53:40,207 [EventQueue-NewNodeForNewNodeHandler] INFO  pipeline.BackgroundPipelineCreator (BackgroundPipelineCreator.java:notifyEventTriggered(277)) - trigger a one-shot run on RatisPipelineUtilsThread.
2023-08-25 08:53:40,208 [EventQueue-NodeRegistrationContainerReportForDataNodeSafeModeRule] INFO  safemode.SCMSafeModeManager (DataNodeSafeModeRule.java:process(71)) - SCM in safe mode. 2 DataNodes registered, 3 required.
2023-08-25 08:53:40,208 [RatisPipelineUtilsThread - 0] INFO  pipeline.RatisPipelineProvider (RatisPipelineProvider.java:lambda$create$0(206)) - Sending CreatePipelineCommand for pipeline:PipelineID=d1e76142-2a64-475a-ad66-2a73ccfc9cd6 to datanode:74226a13-8718-4542-a815-a533182346c1
2023-08-25 08:53:40,209 [RatisPipelineUtilsThread - 0] INFO  pipeline.BackgroundPipelineCreator (BackgroundPipelineCreator.java:createPipelines(233)) - Created new pipeline Pipeline[ Id: d1e76142-2a64-475a-ad66-2a73ccfc9cd6, Nodes: 74226a13-8718-4542-a815-a533182346c1(fv-az584-689.msjcyvhqqs1uvpg4fm53wptgqc.jx.internal.cloudapp.net/10.1.0.19), ReplicationConfig: RATIS/ONE, State:ALLOCATED, leaderId:, CreationTimestamp2023-08-25T08:53:40.208Z[Etc/UTC]]
2023-08-25 08:53:40,533 [IPC Server handler 3 on default port 15214] INFO  net.NetworkTopologyImpl (NetworkTopologyImpl.java:add(112)) - Added a new node: /default-rack/df7ffc6f-4fb9-49c9-8407-31fb6ff06550
2023-08-25 08:53:40,533 [IPC Server handler 3 on default port 15214] INFO  node.SCMNodeManager (SCMNodeManager.java:register(405)) - Registered Data node : df7ffc6f-4fb9-49c9-8407-31fb6ff06550{ip: 10.1.0.19, host: fv-az584-689.msjcyvhqqs1uvpg4fm53wptgqc.jx.internal.cloudapp.net, ports: [HTTP=15239, CLIENT_RPC=15240, REPLICATION=15246, RATIS=15242, RATIS_ADMIN=15243, RATIS_SERVER=15244, RATIS_DATASTREAM=15245, STANDALONE=15241], networkLocation: /default-rack, certSerialId: null, persistedOpState: null, persistedOpStateExpiryEpochSec: 0}
2023-08-25 08:53:40,533 [EventQueue-NewNodeForNewNodeHandler] INFO  pipeline.BackgroundPipelineCreator (BackgroundPipelineCreator.java:notifyEventTriggered(277)) - trigger a one-shot run on RatisPipelineUtilsThread.
2023-08-25 08:53:40,535 [RatisPipelineUtilsThread - 0] INFO  pipeline.RatisPipelineProvider (RatisPipelineProvider.java:lambda$create$0(206)) - Sending CreatePipelineCommand for pipeline:PipelineID=d0f0bb9b-95a1-4130-9d56-06080c8f0fe5 to datanode:df7ffc6f-4fb9-49c9-8407-31fb6ff06550
2023-08-25 08:53:40,535 [EventQueue-NodeRegistrationContainerReportForDataNodeSafeModeRule] INFO  safemode.SCMSafeModeManager (DataNodeSafeModeRule.java:process(71)) - SCM in safe mode. 3 DataNodes registered, 3 required.
2023-08-25 08:53:40,535 [EventQueue-NodeRegistrationContainerReportForDataNodeSafeModeRule] INFO  safemode.SCMSafeModeManager (SCMSafeModeManager.java:validateSafeModeExitRules(200)) - DataNodeSafeModeRule rule is successfully validated
2023-08-25 08:53:40,535 [EventQueue-NodeRegistrationContainerReportForDataNodeSafeModeRule] INFO  safemode.SCMSafeModeManager (SCMSafeModeManager.java:completePreCheck(229)) - All SCM safe mode pre check rules have passed
2023-08-25 08:53:40,535 [EventQueue-NodeRegistrationContainerReportForDataNodeSafeModeRule] INFO  ha.SCMContext (SCMContext.java:updateSafeModeStatus(228)) - Update SafeModeStatus from SafeModeStatus{safeModeStatus=true, preCheckPassed=false} to SafeModeStatus{safeModeStatus=true, preCheckPassed=true}.
2023-08-25 08:53:40,535 [EventQueue-NodeRegistrationContainerReportForDataNodeSafeModeRule] INFO  pipeline.BackgroundPipelineCreator (BackgroundPipelineCreator.java:notifyEventTriggered(277)) - trigger a one-shot run on RatisPipelineUtilsThread.
2023-08-25 08:53:40,536 [RatisPipelineUtilsThread - 0] INFO  pipeline.BackgroundPipelineCreator (BackgroundPipelineCreator.java:createPipelines(233)) - Created new pipeline Pipeline[ Id: d0f0bb9b-95a1-4130-9d56-06080c8f0fe5, Nodes: df7ffc6f-4fb9-49c9-8407-31fb6ff06550(fv-az584-689.msjcyvhqqs1uvpg4fm53wptgqc.jx.internal.cloudapp.net/10.1.0.19), ReplicationConfig: RATIS/ONE, State:ALLOCATED, leaderId:, CreationTimestamp2023-08-25T08:53:40.535Z[Etc/UTC]]
2023-08-25 08:53:40,536 [RatisPipelineUtilsThread - 0] INFO  pipeline.RatisPipelineProvider (RatisPipelineProvider.java:lambda$create$0(206)) - Sending CreatePipelineCommand for pipeline:PipelineID=bfea3e49-4f7a-4011-b168-37d1433de2f4 to datanode:8a274684-c774-4cfd-af69-c1a0c827c28c
2023-08-25 08:53:40,536 [RatisPipelineUtilsThread - 0] INFO  pipeline.RatisPipelineProvider (RatisPipelineProvider.java:lambda$create$0(206)) - Sending CreatePipelineCommand for pipeline:PipelineID=bfea3e49-4f7a-4011-b168-37d1433de2f4 to datanode:74226a13-8718-4542-a815-a533182346c1
2023-08-25 08:53:40,536 [RatisPipelineUtilsThread - 0] INFO  pipeline.RatisPipelineProvider (RatisPipelineProvider.java:lambda$create$0(206)) - Sending CreatePipelineCommand for pipeline:PipelineID=bfea3e49-4f7a-4011-b168-37d1433de2f4 to datanode:df7ffc6f-4fb9-49c9-8407-31fb6ff06550
2023-08-25 08:53:40,536 [RatisPipelineUtilsThread - 0] INFO  pipeline.BackgroundPipelineCreator (BackgroundPipelineCreator.java:createPipelines(233)) - Created new pipeline Pipeline[ Id: bfea3e49-4f7a-4011-b168-37d1433de2f4, Nodes: 8a274684-c774-4cfd-af69-c1a0c827c28c(fv-az584-689.msjcyvhqqs1uvpg4fm53wptgqc.jx.internal.cloudapp.net/10.1.0.19)74226a13-8718-4542-a815-a533182346c1(fv-az584-689.msjcyvhqqs1uvpg4fm53wptgqc.jx.internal.cloudapp.net/10.1.0.19)df7ffc6f-4fb9-49c9-8407-31fb6ff06550(fv-az584-689.msjcyvhqqs1uvpg4fm53wptgqc.jx.internal.cloudapp.net/10.1.0.19), ReplicationConfig: RATIS/THREE, State:ALLOCATED, leaderId:, CreationTimestamp2023-08-25T08:53:40.536Z[Etc/UTC]]
2023-08-25 08:53:40,537 [RatisPipelineUtilsThread - 0] INFO  pipeline.RatisPipelineProvider (RatisPipelineProvider.java:lambda$create$0(206)) - Sending CreatePipelineCommand for pipeline:PipelineID=3be12123-4a25-4ac6-9ba2-82cceddb1ba2 to datanode:df7ffc6f-4fb9-49c9-8407-31fb6ff06550
2023-08-25 08:53:40,537 [RatisPipelineUtilsThread - 0] INFO  pipeline.RatisPipelineProvider (RatisPipelineProvider.java:lambda$create$0(206)) - Sending CreatePipelineCommand for pipeline:PipelineID=3be12123-4a25-4ac6-9ba2-82cceddb1ba2 to datanode:74226a13-8718-4542-a815-a533182346c1
2023-08-25 08:53:40,537 [RatisPipelineUtilsThread - 0] INFO  pipeline.RatisPipelineProvider (RatisPipelineProvider.java:lambda$create$0(206)) - Sending CreatePipelineCommand for pipeline:PipelineID=3be12123-4a25-4ac6-9ba2-82cceddb1ba2 to datanode:8a274684-c774-4cfd-af69-c1a0c827c28c
2023-08-25 08:53:40,538 [RatisPipelineUtilsThread - 0] INFO  pipeline.PipelineManagerImpl (PipelineManagerImpl.java:recordMetricsForPipeline(914)) - Pipeline: PipelineID=3be12123-4a25-4ac6-9ba2-82cceddb1ba2 contains same datanodes as previous pipelines: PipelineID=bfea3e49-4f7a-4011-b168-37d1433de2f4 nodeIds: df7ffc6f-4fb9-49c9-8407-31fb6ff06550, 74226a13-8718-4542-a815-a533182346c1, 8a274684-c774-4cfd-af69-c1a0c827c28c
2023-08-25 08:53:40,538 [RatisPipelineUtilsThread - 0] INFO  pipeline.BackgroundPipelineCreator (BackgroundPipelineCreator.java:createPipelines(233)) - Created new pipeline Pipeline[ Id: 3be12123-4a25-4ac6-9ba2-82cceddb1ba2, Nodes: df7ffc6f-4fb9-49c9-8407-31fb6ff06550(fv-az584-689.msjcyvhqqs1uvpg4fm53wptgqc.jx.internal.cloudapp.net/10.1.0.19)74226a13-8718-4542-a815-a533182346c1(fv-az584-689.msjcyvhqqs1uvpg4fm53wptgqc.jx.internal.cloudapp.net/10.1.0.19)8a274684-c774-4cfd-af69-c1a0c827c28c(fv-az584-689.msjcyvhqqs1uvpg4fm53wptgqc.jx.internal.cloudapp.net/10.1.0.19), ReplicationConfig: RATIS/THREE, State:ALLOCATED, leaderId:, CreationTimestamp2023-08-25T08:53:40.537Z[Etc/UTC]]
2023-08-25 08:53:40,538 [RatisPipelineUtilsThread - 0] WARN  pipeline.PipelinePlacementPolicy (PipelinePlacementPolicy.java:filterViableNodes(166)) - Pipeline creation failed due to no sufficient healthy datanodes. Required 3. Found 0. Excluded 3.
2023-08-25 08:53:40,538 [RatisPipelineUtilsThread - 0] WARN  pipeline.PipelinePlacementPolicy (PipelinePlacementPolicy.java:filterViableNodes(166)) - Pipeline creation failed due to no sufficient healthy datanodes. Required 3. Found 0. Excluded 3.
2023-08-25 08:53:40,594 [ReplicationMonitor] INFO  replication.ReplicationManager (ReplicationManager.java:processAll(361)) - Replication Manager is not ready to run until 3000ms after safemode exit
2023-08-25 08:53:40,847 [IPC Server handler 0 on default port 15214] INFO  net.NetworkTopologyImpl (NetworkTopologyImpl.java:add(112)) - Added a new node: /default-rack/569111f9-f690-469e-b38a-962cff482c01
2023-08-25 08:53:40,847 [IPC Server handler 0 on default port 15214] INFO  node.SCMNodeManager (SCMNodeManager.java:register(405)) - Registered Data node : 569111f9-f690-469e-b38a-962cff482c01{ip: 10.1.0.19, host: fv-az584-689.msjcyvhqqs1uvpg4fm53wptgqc.jx.internal.cloudapp.net, ports: [HTTP=15248, CLIENT_RPC=15249, REPLICATION=15255, RATIS=15251, RATIS_ADMIN=15252, RATIS_SERVER=15253, RATIS_DATASTREAM=15254, STANDALONE=15250], networkLocation: /default-rack, certSerialId: null, persistedOpState: null, persistedOpStateExpiryEpochSec: 0}
2023-08-25 08:53:40,847 [EventQueue-NewNodeForNewNodeHandler] INFO  pipeline.BackgroundPipelineCreator (BackgroundPipelineCreator.java:notifyEventTriggered(277)) - trigger a one-shot run on RatisPipelineUtilsThread.
2023-08-25 08:53:40,850 [RatisPipelineUtilsThread - 0] INFO  pipeline.RatisPipelineProvider (RatisPipelineProvider.java:lambda$create$0(206)) - Sending CreatePipelineCommand for pipeline:PipelineID=cf46c635-3e5a-41f6-a493-be534c1cc4e8 to datanode:569111f9-f690-469e-b38a-962cff482c01
2023-08-25 08:53:40,850 [RatisPipelineUtilsThread - 0] INFO  pipeline.BackgroundPipelineCreator (BackgroundPipelineCreator.java:createPipelines(233)) - Created new pipeline Pipeline[ Id: cf46c635-3e5a-41f6-a493-be534c1cc4e8, Nodes: 569111f9-f690-469e-b38a-962cff482c01(fv-az584-689.msjcyvhqqs1uvpg4fm53wptgqc.jx.internal.cloudapp.net/10.1.0.19), ReplicationConfig: RATIS/ONE, State:ALLOCATED, leaderId:, CreationTimestamp2023-08-25T08:53:40.850Z[Etc/UTC]]
2023-08-25 08:53:40,851 [RatisPipelineUtilsThread - 0] WARN  pipeline.PipelinePlacementPolicy (PipelinePlacementPolicy.java:filterViableNodes(166)) - Pipeline creation failed due to no sufficient healthy datanodes. Required 3. Found 1. Excluded 3.
2023-08-25 08:53:41,163 [Time-limited test] INFO  ozone.MiniOzoneClusterImpl (MiniOzoneClusterImpl.java:lambda$waitForClusterToBeReady$0(224)) - Waiting for nodes to be ready. Got 4 of 5 DN Heartbeats.
2023-08-25 08:53:41,163 [Time-limited test] INFO  ozone.MiniOzoneClusterImpl (MiniOzoneClusterImpl.java:lambda$waitForClusterToBeReady$0(227)) - Waiting for cluster to exit safe mode
2023-08-25 08:53:41,163 [Time-limited test] INFO  ozone.MiniOzoneClusterImpl (MiniOzoneClusterImpl.java:lambda$waitForClusterToBeReady$0(229)) - SCM became leader
2023-08-25 08:53:41,170 [IPC Server handler 2 on default port 15214] INFO  net.NetworkTopologyImpl (NetworkTopologyImpl.java:add(112)) - Added a new node: /default-rack/fe50a787-6632-4d4b-966e-2aa891a7aebb
2023-08-25 08:53:41,170 [IPC Server handler 2 on default port 15214] INFO  node.SCMNodeManager (SCMNodeManager.java:register(405)) - Registered Data node : fe50a787-6632-4d4b-966e-2aa891a7aebb{ip: 10.1.0.19, host: fv-az584-689.msjcyvhqqs1uvpg4fm53wptgqc.jx.internal.cloudapp.net, ports: [HTTP=15257, CLIENT_RPC=15258, REPLICATION=15264, RATIS=15260, RATIS_ADMIN=15261, RATIS_SERVER=15262, RATIS_DATASTREAM=15263, STANDALONE=15259], networkLocation: /default-rack, certSerialId: null, persistedOpState: null, persistedOpStateExpiryEpochSec: 0}
2023-08-25 08:53:41,171 [EventQueue-NewNodeForNewNodeHandler] INFO  pipeline.BackgroundPipelineCreator (BackgroundPipelineCreator.java:notifyEventTriggered(277)) - trigger a one-shot run on RatisPipelineUtilsThread.
2023-08-25 08:53:41,171 [RatisPipelineUtilsThread - 0] INFO  pipeline.RatisPipelineProvider (RatisPipelineProvider.java:lambda$create$0(206)) - Sending CreatePipelineCommand for pipeline:PipelineID=36f03046-9953-4743-950a-cfb85f524d5a to datanode:fe50a787-6632-4d4b-966e-2aa891a7aebb
2023-08-25 08:53:41,172 [RatisPipelineUtilsThread - 0] INFO  pipeline.BackgroundPipelineCreator (BackgroundPipelineCreator.java:createPipelines(233)) - Created new pipeline Pipeline[ Id: 36f03046-9953-4743-950a-cfb85f524d5a, Nodes: fe50a787-6632-4d4b-966e-2aa891a7aebb(fv-az584-689.msjcyvhqqs1uvpg4fm53wptgqc.jx.internal.cloudapp.net/10.1.0.19), ReplicationConfig: RATIS/ONE, State:ALLOCATED, leaderId:, CreationTimestamp2023-08-25T08:53:41.171Z[Etc/UTC]]
2023-08-25 08:53:41,172 [RatisPipelineUtilsThread - 0] WARN  pipeline.PipelinePlacementPolicy (PipelinePlacementPolicy.java:filterViableNodes(166)) - Pipeline creation failed due to no sufficient healthy datanodes. Required 3. Found 2. Excluded 3.
2023-08-25 08:53:41,594 [ReplicationMonitor] INFO  replication.ReplicationManager (ReplicationManager.java:processAll(361)) - Replication Manager is not ready to run until 3000ms after safemode exit
2023-08-25 08:53:42,164 [Time-limited test] INFO  ozone.MiniOzoneClusterImpl (MiniOzoneClusterImpl.java:lambda$waitForClusterToBeReady$0(224)) - Nodes are ready. Got 5 of 5 DN Heartbeats.
2023-08-25 08:53:42,164 [Time-limited test] INFO  ozone.MiniOzoneClusterImpl (MiniOzoneClusterImpl.java:lambda$waitForClusterToBeReady$0(227)) - Waiting for cluster to exit safe mode
2023-08-25 08:53:42,164 [Time-limited test] INFO  ozone.MiniOzoneClusterImpl (MiniOzoneClusterImpl.java:lambda$waitForClusterToBeReady$0(229)) - SCM became leader
2023-08-25 08:53:42,595 [ReplicationMonitor] INFO  replication.ReplicationManager (ReplicationManager.java:processAll(361)) - Replication Manager is not ready to run until 3000ms after safemode exit
2023-08-25 08:53:42,887 [PipelineCommandHandlerThread-0] INFO  server.RaftServer (RaftServerProxy.java:addNew(98)) - 8a274684-c774-4cfd-af69-c1a0c827c28c: addNew group-620D11577367:[8a274684-c774-4cfd-af69-c1a0c827c28c|rpc:10.1.0.19:15226|admin:10.1.0.19:15225|client:10.1.0.19:15224|dataStream:10.1.0.19:15227|priority:1|startupRole:FOLLOWER] returns group-620D11577367:java.util.concurrent.CompletableFuture@31bd9b2a[Not completed]
2023-08-25 08:53:42,888 [8a274684-c774-4cfd-af69-c1a0c827c28c-groupManagement] INFO  server.RaftServer$Division (RaftServerImpl.java:<init>(198)) - 8a274684-c774-4cfd-af69-c1a0c827c28c: new RaftServerImpl for group-620D11577367:[8a274684-c774-4cfd-af69-c1a0c827c28c|rpc:10.1.0.19:15226|admin:10.1.0.19:15225|client:10.1.0.19:15224|dataStream:10.1.0.19:15227|priority:1|startupRole:FOLLOWER] with ContainerStateMachine:uninitialized
2023-08-25 08:53:42,888 [8a274684-c774-4cfd-af69-c1a0c827c28c-groupManagement] INFO  server.RaftServerConfigKeys (ConfUtils.java:logGet(46)) - raft.server.rpc.timeout.min = 5s (custom)
2023-08-25 08:53:42,888 [8a274684-c774-4cfd-af69-c1a0c827c28c-groupManagement] INFO  server.RaftServerConfigKeys (ConfUtils.java:logGet(46)) - raft.server.rpc.timeout.max = 5200ms (custom)
2023-08-25 08:53:42,888 [8a274684-c774-4cfd-af69-c1a0c827c28c-groupManagement] INFO  server.RaftServerConfigKeys (ConfUtils.java:logGet(46)) - raft.server.rpc.sleep.time = 25ms (default)
2023-08-25 08:53:42,889 [8a274684-c774-4cfd-af69-c1a0c827c28c-groupManagement] INFO  server.RaftServerConfigKeys (ConfUtils.java:logGet(46)) - raft.server.rpc.slowness.timeout = 300s (custom)
2023-08-25 08:53:42,889 [8a274684-c774-4cfd-af69-c1a0c827c28c-groupManagement] INFO  server.RaftServerConfigKeys (ConfUtils.java:logGet(46)) - raft.server.leaderelection.leader.step-down.wait-time = 10s (default)
2023-08-25 08:53:42,889 [8a274684-c774-4cfd-af69-c1a0c827c28c-groupManagement] INFO  server.RaftServerConfigKeys (ConfUtils.java:logGet(46)) - raft.server.sleep.deviation.threshold = 300ms (default)
2023-08-25 08:53:42,889 [8a274684-c774-4cfd-af69-c1a0c827c28c-groupManagement] INFO  server.RaftServer$Division (ServerState.java:<init>(120)) - 8a274684-c774-4cfd-af69-c1a0c827c28c@group-620D11577367: ConfigurationManager, init=-1: peers:[8a274684-c774-4cfd-af69-c1a0c827c28c|rpc:10.1.0.19:15226|admin:10.1.0.19:15225|client:10.1.0.19:15224|dataStream:10.1.0.19:15227|priority:1|startupRole:FOLLOWER]|listeners:[], old=null, confs=<EMPTY_MAP>
2023-08-25 08:53:42,889 [8a274684-c774-4cfd-af69-c1a0c827c28c-groupManagement] INFO  server.RaftServerConfigKeys (ConfUtils.java:logGet(46)) - raft.server.storage.dir = [/home/runner/work/ozone/ozone/hadoop-ozone/integration-test/target/test-dir/MiniOzoneClusterImpl-e692d0c4-4f9e-424f-81a0-065ebcedd1d3/datanode-0/data/ratis] (custom)
2023-08-25 08:53:42,889 [8a274684-c774-4cfd-af69-c1a0c827c28c-groupManagement] INFO  server.RaftServerConfigKeys (ConfUtils.java:logGet(46)) - raft.server.log.corruption.policy = EXCEPTION (default)
2023-08-25 08:53:42,889 [8a274684-c774-4cfd-af69-c1a0c827c28c-groupManagement] INFO  server.RaftServerConfigKeys (ConfUtils.java:logGet(46)) - raft.server.storage.free-space.min = 0MB (=0) (default)
2023-08-25 08:53:42,889 [8a274684-c774-4cfd-af69-c1a0c827c28c-groupManagement] INFO  server.RaftServerConfigKeys (ConfUtils.java:logGet(46)) - raft.server.notification.no-leader.timeout = 300s (custom)
2023-08-25 08:53:42,889 [8a274684-c774-4cfd-af69-c1a0c827c28c-groupManagement] INFO  server.RaftServerConfigKeys (ConfUtils.java:logGet(46)) - raft.server.read.timeout = 10s (default)
2023-08-25 08:53:42,889 [8a274684-c774-4cfd-af69-c1a0c827c28c-groupManagement] INFO  server.RaftServerConfigKeys (ConfUtils.java:logGet(46)) - raft.server.retrycache.expirytime = 600000ms (custom)
2023-08-25 08:53:42,889 [8a274684-c774-4cfd-af69-c1a0c827c28c-groupManagement] INFO  server.RaftServerConfigKeys (ConfUtils.java:logGet(46)) - raft.server.retrycache.statistics.expirytime = 100μs (default)
2023-08-25 08:53:42,889 [8a274684-c774-4cfd-af69-c1a0c827c28c-groupManagement] INFO  server.RaftServerConfigKeys (ConfUtils.java:logGet(46)) - raft.server.read.option = DEFAULT (default)
2023-08-25 08:53:42,890 [8a274684-c774-4cfd-af69-c1a0c827c28c-groupManagement] INFO  server.RaftServerConfigKeys (ConfUtils.java:logGet(46)) - raft.server.rpc.request.timeout = 60s (custom)
2023-08-25 08:53:42,890 [8a274684-c774-4cfd-af69-c1a0c827c28c-groupManagement] INFO  server.RaftServerConfigKeys (ConfUtils.java:logGet(46)) - raft.server.log.appender.install.snapshot.enabled = false (custom)
2023-08-25 08:53:42,890 [8a274684-c774-4cfd-af69-c1a0c827c28c-groupManagement] INFO  server.RaftServerConfigKeys (ConfUtils.java:logGet(46)) - raft.server.threadpool.server.cached = true (default)
2023-08-25 08:53:42,890 [8a274684-c774-4cfd-af69-c1a0c827c28c-groupManagement] INFO  server.RaftServerConfigKeys (ConfUtils.java:logGet(46)) - raft.server.threadpool.server.size = 0 (default)
2023-08-25 08:53:42,890 [8a274684-c774-4cfd-af69-c1a0c827c28c-groupManagement] INFO  server.RaftServerConfigKeys (ConfUtils.java:logGet(46)) - raft.server.threadpool.client.cached = true (default)
2023-08-25 08:53:42,890 [8a274684-c774-4cfd-af69-c1a0c827c28c-groupManagement] INFO  server.RaftServerConfigKeys (ConfUtils.java:logGet(46)) - raft.server.threadpool.client.size = 0 (default)
2023-08-25 08:53:42,890 [8a274684-c774-4cfd-af69-c1a0c827c28c-groupManagement] INFO  storage.RaftStorageDirectory (RaftStorageDirectoryImpl.java:analyzeStorage(137)) - The storage directory /home/runner/work/ozone/ozone/hadoop-ozone/integration-test/target/test-dir/MiniOzoneClusterImpl-e692d0c4-4f9e-424f-81a0-065ebcedd1d3/datanode-0/data/ratis/96d085e2-cd34-44b0-bb30-620d11577367 does not exist. Creating ...
2023-08-25 08:53:42,892 [8a274684-c774-4cfd-af69-c1a0c827c28c-groupManagement] INFO  storage.RaftStorageDirectory (RaftStorageDirectoryImpl.java:tryLock(231)) - Lock on /home/runner/work/ozone/ozone/hadoop-ozone/integration-test/target/test-dir/MiniOzoneClusterImpl-e692d0c4-4f9e-424f-81a0-065ebcedd1d3/datanode-0/data/ratis/96d085e2-cd34-44b0-bb30-620d11577367/in_use.lock acquired by nodename 30217@fv-az584-689
2023-08-25 08:53:42,894 [8a274684-c774-4cfd-af69-c1a0c827c28c-groupManagement] INFO  storage.RaftStorage (RaftStorageImpl.java:format(96)) - Storage directory /home/runner/work/ozone/ozone/hadoop-ozone/integration-test/target/test-dir/MiniOzoneClusterImpl-e692d0c4-4f9e-424f-81a0-065ebcedd1d3/datanode-0/data/ratis/96d085e2-cd34-44b0-bb30-620d11577367 has been successfully formatted.
2023-08-25 08:53:42,895 [8a274684-c774-4cfd-af69-c1a0c827c28c-groupManagement] INFO  ratis.ContainerStateMachine (ContainerStateMachine.java:loadSnapshot(262)) - group-620D11577367: The snapshot info is null. Setting the last applied indexto:(t:0, i:~)
2023-08-25 08:53:42,896 [8a274684-c774-4cfd-af69-c1a0c827c28c-groupManagement] INFO  server.RaftServerConfigKeys (ConfUtils.java:logGet(46)) - raft.server.log.use.memory = false (default)
2023-08-25 08:53:42,896 [8a274684-c774-4cfd-af69-c1a0c827c28c-groupManagement] INFO  server.RaftServerConfigKeys (ConfUtils.java:logGet(46)) - raft.server.log.purge.gap = 1000000 (custom)
2023-08-25 08:53:42,896 [8a274684-c774-4cfd-af69-c1a0c827c28c-groupManagement] INFO  server.RaftServerConfigKeys (ConfUtils.java:logGet(46)) - raft.server.log.appender.buffer.byte-limit = 33554432 (custom)
2023-08-25 08:53:42,896 [8a274684-c774-4cfd-af69-c1a0c827c28c-groupManagement] INFO  server.RaftServerConfigKeys (ConfUtils.java:logGet(46)) - raft.server.log.statemachine.data.read.timeout = 1000ms (default)
2023-08-25 08:53:42,896 [8a274684-c774-4cfd-af69-c1a0c827c28c-groupManagement] INFO  server.RaftServerConfigKeys (ConfUtils.java:logGet(46)) - raft.server.log.purge.preservation.log.num = 0 (default)
2023-08-25 08:53:42,896 [8a274684-c774-4cfd-af69-c1a0c827c28c-groupManagement] INFO  server.RaftServerConfigKeys (ConfUtils.java:logGet(46)) - raft.server.log.segment.size.max = 1048576 (custom)
2023-08-25 08:53:42,897 [8a274684-c774-4cfd-af69-c1a0c827c28c-groupManagement] INFO  server.RaftServerConfigKeys (ConfUtils.java:logGet(46)) - raft.server.log.segment.cache.num.max = 2 (custom)
2023-08-25 08:53:42,897 [8a274684-c774-4cfd-af69-c1a0c827c28c-groupManagement] INFO  server.RaftServerConfigKeys (ConfUtils.java:logGet(46)) - raft.server.log.segment.cache.size.max = 200MB (=209715200) (default)
2023-08-25 08:53:42,897 [8a274684-c774-4cfd-af69-c1a0c827c28c-groupManagement] INFO  server.RaftServerConfigKeys (ConfUtils.java:logGet(46)) - raft.server.log.appender.buffer.byte-limit = 33554432 (custom)
2023-08-25 08:53:42,897 [8a274684-c774-4cfd-af69-c1a0c827c28c-groupManagement] INFO  segmented.SegmentedRaftLogWorker (SegmentedRaftLogWorker.java:<init>(188)) - new 8a274684-c774-4cfd-af69-c1a0c827c28c@group-620D11577367-SegmentedRaftLogWorker for RaftStorageImpl:Storage Directory /home/runner/work/ozone/ozone/hadoop-ozone/integration-test/target/test-dir/MiniOzoneClusterImpl-e692d0c4-4f9e-424f-81a0-065ebcedd1d3/datanode-0/data/ratis/96d085e2-cd34-44b0-bb30-620d11577367
2023-08-25 08:53:42,897 [8a274684-c774-4cfd-af69-c1a0c827c28c-groupManagement] INFO  server.RaftServerConfigKeys (ConfUtils.java:logGet(46)) - raft.server.log.queue.byte-limit = 4294967296 (custom)
2023-08-25 08:53:42,897 [8a274684-c774-4cfd-af69-c1a0c827c28c-groupManagement] INFO  server.RaftServerConfigKeys (ConfUtils.java:logGet(46)) - raft.server.log.queue.element-limit = 1024 (custom)
2023-08-25 08:53:42,897 [8a274684-c774-4cfd-af69-c1a0c827c28c-groupManagement] INFO  server.RaftServerConfigKeys (ConfUtils.java:logGet(46)) - raft.server.log.segment.size.max = 1048576 (custom)
2023-08-25 08:53:42,897 [8a274684-c774-4cfd-af69-c1a0c827c28c-groupManagement] INFO  server.RaftServerConfigKeys (ConfUtils.java:logGet(46)) - raft.server.log.preallocated.size = 16384 (custom)
2023-08-25 08:53:42,897 [8a274684-c774-4cfd-af69-c1a0c827c28c-groupManagement] INFO  server.RaftServerConfigKeys (ConfUtils.java:logGet(46)) - raft.server.log.force.sync.num = 128 (default)
2023-08-25 08:53:42,897 [8a274684-c774-4cfd-af69-c1a0c827c28c-groupManagement] INFO  server.RaftServerConfigKeys (ConfUtils.java:logGet(46)) - raft.server.log.statemachine.data.sync = true (default)
2023-08-25 08:53:42,897 [EventQueue-PipelineReportForPipelineReportHandler] INFO  pipeline.PipelineReportHandler (PipelineReportHandler.java:processPipelineReport(136)) - Opened pipeline PipelineID=96d085e2-cd34-44b0-bb30-620d11577367
2023-08-25 08:53:42,897 [8a274684-c774-4cfd-af69-c1a0c827c28c-groupManagement] INFO  server.RaftServerConfigKeys (ConfUtils.java:logGet(46)) - raft.server.log.statemachine.data.sync.timeout = 10s (default)
2023-08-25 08:53:42,897 [8a274684-c774-4cfd-af69-c1a0c827c28c-groupManagement] INFO  server.RaftServerConfigKeys (ConfUtils.java:logGet(46)) - raft.server.log.statemachine.data.sync.timeout.retry = -1 (default)
2023-08-25 08:53:42,898 [8a274684-c774-4cfd-af69-c1a0c827c28c-groupManagement] INFO  server.RaftServerConfigKeys (ConfUtils.java:logGet(46)) - raft.server.log.write.buffer.size = 1048576 (custom)
2023-08-25 08:53:42,899 [8a274684-c774-4cfd-af69-c1a0c827c28c-groupManagement] INFO  server.RaftServerConfigKeys (ConfUtils.java:logGet(46)) - raft.server.log.appender.buffer.byte-limit = 33554432 (custom)
2023-08-25 08:53:42,905 [8a274684-c774-4cfd-af69-c1a0c827c28c-groupManagement] INFO  server.RaftServerConfigKeys (ConfUtils.java:logGet(46)) - raft.server.log.unsafe-flush.enabled = false (default)
2023-08-25 08:53:42,905 [8a274684-c774-4cfd-af69-c1a0c827c28c-groupManagement] INFO  server.RaftServerConfigKeys (ConfUtils.java:logGet(46)) - raft.server.log.async-flush.enabled = false (default)
2023-08-25 08:53:42,905 [8a274684-c774-4cfd-af69-c1a0c827c28c-groupManagement] INFO  server.RaftServerConfigKeys (ConfUtils.java:logGet(46)) - raft.server.log.statemachine.data.caching.enabled = true (custom)
2023-08-25 08:53:42,905 [8a274684-c774-4cfd-af69-c1a0c827c28c-groupManagement] INFO  segmented.SegmentedRaftLogWorker (SegmentedRaftLogWorker.java:lambda$new$0(135)) - 8a274684-c774-4cfd-af69-c1a0c827c28c@group-620D11577367-SegmentedRaftLogWorker: flushIndex: setUnconditionally 0 -> -1
2023-08-25 08:53:42,906 [8a274684-c774-4cfd-af69-c1a0c827c28c-groupManagement] INFO  segmented.SegmentedRaftLogWorker (SegmentedRaftLogWorker.java:lambda$new$0(135)) - 8a274684-c774-4cfd-af69-c1a0c827c28c@group-620D11577367-SegmentedRaftLogWorker: safeCacheEvictIndex: setUnconditionally 0 -> -1
2023-08-25 08:53:42,911 [8a274684-c774-4cfd-af69-c1a0c827c28c-groupManagement] INFO  server.RaftServer$Division (RaftServerImpl.java:start(342)) - 8a274684-c774-4cfd-af69-c1a0c827c28c@group-620D11577367: start as a follower, conf=-1: peers:[8a274684-c774-4cfd-af69-c1a0c827c28c|rpc:10.1.0.19:15226|admin:10.1.0.19:15225|client:10.1.0.19:15224|dataStream:10.1.0.19:15227|priority:1|startupRole:FOLLOWER]|listeners:[], old=null
2023-08-25 08:53:42,912 [8a274684-c774-4cfd-af69-c1a0c827c28c-groupManagement] INFO  server.RaftServer$Division (RaftServerImpl.java:setRole(329)) - 8a274684-c774-4cfd-af69-c1a0c827c28c@group-620D11577367: changes role from      null to FOLLOWER at term 0 for startAsFollower
2023-08-25 08:53:42,912 [8a274684-c774-4cfd-af69-c1a0c827c28c-groupManagement] INFO  impl.RoleInfo (RoleInfo.java:updateAndGet(139)) - 8a274684-c774-4cfd-af69-c1a0c827c28c: start 8a274684-c774-4cfd-af69-c1a0c827c28c@group-620D11577367-FollowerState
2023-08-25 08:53:42,912 [8a274684-c774-4cfd-af69-c1a0c827c28c-groupManagement] INFO  util.JmxRegister (JmxRegister.java:tryRegister(44)) - Successfully registered JMX Bean with object name Ratis:service=RaftServer,group=group-620D11577367,id=8a274684-c774-4cfd-af69-c1a0c827c28c
2023-08-25 08:53:42,912 [8a274684-c774-4cfd-af69-c1a0c827c28c@group-620D11577367-FollowerState] INFO  server.RaftServerConfigKeys (ConfUtils.java:logFallback(53)) - raft.server.rpc.first-election.timeout.min = 5s (fallback to raft.server.rpc.timeout.min)
2023-08-25 08:53:42,912 [8a274684-c774-4cfd-af69-c1a0c827c28c@group-620D11577367-FollowerState] INFO  server.RaftServerConfigKeys (ConfUtils.java:logFallback(53)) - raft.server.rpc.first-election.timeout.max = 5200ms (fallback to raft.server.rpc.timeout.max)
2023-08-25 08:53:42,912 [8a274684-c774-4cfd-af69-c1a0c827c28c-groupManagement] INFO  server.RaftServerConfigKeys (ConfUtils.java:logGet(46)) - raft.server.snapshot.auto.trigger.enabled = true (custom)
2023-08-25 08:53:42,913 [8a274684-c774-4cfd-af69-c1a0c827c28c-groupManagement] INFO  server.RaftServerConfigKeys (ConfUtils.java:logGet(46)) - raft.server.snapshot.auto.trigger.threshold = 10000 (custom)
2023-08-25 08:53:42,913 [8a274684-c774-4cfd-af69-c1a0c827c28c-groupManagement] INFO  server.RaftServerConfigKeys (ConfUtils.java:logGet(46)) - raft.server.snapshot.retention.file.num = 5 (custom)
2023-08-25 08:53:42,913 [8a274684-c774-4cfd-af69-c1a0c827c28c-groupManagement] INFO  server.RaftServerConfigKeys (ConfUtils.java:logGet(46)) - raft.server.log.purge.upto.snapshot.index = false (default)
2023-08-25 08:53:42,913 [EventQueue-OpenPipelineForHealthyPipelineSafeModeRule] INFO  safemode.SCMSafeModeManager (HealthyPipelineSafeModeRule.java:process(137)) - SCM in safe mode. Healthy pipelines reported count is 0, required healthy pipeline reported count is 1
2023-08-25 08:53:42,914 [PipelineCommandHandlerThread-0] INFO  ratis.XceiverServerRatis (XceiverServerRatis.java:addGroup(804)) - Created group PipelineID=96d085e2-cd34-44b0-bb30-620d11577367
2023-08-25 08:53:42,914 [PipelineCommandHandlerThread-0] INFO  commandhandler.CreatePipelineCommandHandler (CreatePipelineCommandHandler.java:lambda$handle$2(124)) - Created Pipeline RATIS ONE PipelineID=96d085e2-cd34-44b0-bb30-620d11577367.
2023-08-25 08:53:42,914 [PipelineCommandHandlerThread-0] INFO  server.RaftServer (RaftServerProxy.java:addNew(98)) - 8a274684-c774-4cfd-af69-c1a0c827c28c: addNew group-37D1433DE2F4:[8a274684-c774-4cfd-af69-c1a0c827c28c|rpc:10.1.0.19:15226|admin:10.1.0.19:15225|client:10.1.0.19:15224|dataStream:10.1.0.19:15227|priority:1|startupRole:FOLLOWER, 74226a13-8718-4542-a815-a533182346c1|rpc:10.1.0.19:15235|admin:10.1.0.19:15234|client:10.1.0.19:15233|dataStream:10.1.0.19:15236|priority:0|startupRole:FOLLOWER, df7ffc6f-4fb9-49c9-8407-31fb6ff06550|rpc:10.1.0.19:15244|admin:10.1.0.19:15243|client:10.1.0.19:15242|dataStream:10.1.0.19:15245|priority:0|startupRole:FOLLOWER] returns group-37D1433DE2F4:java.util.concurrent.CompletableFuture@358209c5[Not completed]
2023-08-25 08:53:42,915 [8a274684-c774-4cfd-af69-c1a0c827c28c-groupManagement] INFO  server.RaftServer$Division (RaftServerImpl.java:<init>(198)) - 8a274684-c774-4cfd-af69-c1a0c827c28c: new RaftServerImpl for group-37D1433DE2F4:[8a274684-c774-4cfd-af69-c1a0c827c28c|rpc:10.1.0.19:15226|admin:10.1.0.19:15225|client:10.1.0.19:15224|dataStream:10.1.0.19:15227|priority:1|startupRole:FOLLOWER, 74226a13-8718-4542-a815-a533182346c1|rpc:10.1.0.19:15235|admin:10.1.0.19:15234|client:10.1.0.19:15233|dataStream:10.1.0.19:15236|priority:0|startupRole:FOLLOWER, df7ffc6f-4fb9-49c9-8407-31fb6ff06550|rpc:10.1.0.19:15244|admin:10.1.0.19:15243|client:10.1.0.19:15242|dataStream:10.1.0.19:15245|priority:0|startupRole:FOLLOWER] with ContainerStateMachine:uninitialized
2023-08-25 08:53:42,915 [8a274684-c774-4cfd-af69-c1a0c827c28c-groupManagement] INFO  server.RaftServerConfigKeys (ConfUtils.java:logGet(46)) - raft.server.rpc.timeout.min = 5s (custom)
2023-08-25 08:53:42,915 [8a274684-c774-4cfd-af69-c1a0c827c28c-groupManagement] INFO  server.RaftServerConfigKeys (ConfUtils.java:logGet(46)) - raft.server.rpc.timeout.max = 5200ms (custom)
2023-08-25 08:53:42,915 [8a274684-c774-4cfd-af69-c1a0c827c28c-groupManagement] INFO  server.RaftServerConfigKeys (ConfUtils.java:logGet(46)) - raft.server.rpc.sleep.time = 25ms (default)
2023-08-25 08:53:42,915 [8a274684-c774-4cfd-af69-c1a0c827c28c-groupManagement] INFO  server.RaftServerConfigKeys (ConfUtils.java:logGet(46)) - raft.server.rpc.slowness.timeout = 300s (custom)
2023-08-25 08:53:42,915 [8a274684-c774-4cfd-af69-c1a0c827c28c-groupManagement] INFO  server.RaftServerConfigKeys (ConfUtils.java:logGet(46)) - raft.server.leaderelection.leader.step-down.wait-time = 10s (default)
2023-08-25 08:53:42,915 [8a274684-c774-4cfd-af69-c1a0c827c28c-groupManagement] INFO  server.RaftServerConfigKeys (ConfUtils.java:logGet(46)) - raft.server.sleep.deviation.threshold = 300ms (default)
2023-08-25 08:53:42,915 [8a274684-c774-4cfd-af69-c1a0c827c28c-groupManagement] INFO  server.RaftServer$Division (ServerState.java:<init>(120)) - 8a274684-c774-4cfd-af69-c1a0c827c28c@group-37D1433DE2F4: ConfigurationManager, init=-1: peers:[8a274684-c774-4cfd-af69-c1a0c827c28c|rpc:10.1.0.19:15226|admin:10.1.0.19:15225|client:10.1.0.19:15224|dataStream:10.1.0.19:15227|priority:1|startupRole:FOLLOWER, 74226a13-8718-4542-a815-a533182346c1|rpc:10.1.0.19:15235|admin:10.1.0.19:15234|client:10.1.0.19:15233|dataStream:10.1.0.19:15236|priority:0|startupRole:FOLLOWER, df7ffc6f-4fb9-49c9-8407-31fb6ff06550|rpc:10.1.0.19:15244|admin:10.1.0.19:15243|client:10.1.0.19:15242|dataStream:10.1.0.19:15245|priority:0|startupRole:FOLLOWER]|listeners:[], old=null, confs=<EMPTY_MAP>
2023-08-25 08:53:42,915 [8a274684-c774-4cfd-af69-c1a0c827c28c-groupManagement] INFO  server.RaftServerConfigKeys (ConfUtils.java:logGet(46)) - raft.server.storage.dir = [/home/runner/work/ozone/ozone/hadoop-ozone/integration-test/target/test-dir/MiniOzoneClusterImpl-e692d0c4-4f9e-424f-81a0-065ebcedd1d3/datanode-0/data/ratis] (custom)
2023-08-25 08:53:42,915 [8a274684-c774-4cfd-af69-c1a0c827c28c-groupManagement] INFO  server.RaftServerConfigKeys (ConfUtils.java:logGet(46)) - raft.server.log.corruption.policy = EXCEPTION (default)
2023-08-25 08:53:42,915 [8a274684-c774-4cfd-af69-c1a0c827c28c-groupManagement] INFO  server.RaftServerConfigKeys (ConfUtils.java:logGet(46)) - raft.server.storage.free-space.min = 0MB (=0) (default)
2023-08-25 08:53:42,916 [8a274684-c774-4cfd-af69-c1a0c827c28c-groupManagement] INFO  server.RaftServerConfigKeys (ConfUtils.java:logGet(46)) - raft.server.notification.no-leader.timeout = 300s (custom)
2023-08-25 08:53:42,916 [8a274684-c774-4cfd-af69-c1a0c827c28c-groupManagement] INFO  server.RaftServerConfigKeys (ConfUtils.java:logGet(46)) - raft.server.read.timeout = 10s (default)
2023-08-25 08:53:42,916 [8a274684-c774-4cfd-af69-c1a0c827c28c-groupManagement] INFO  server.RaftServerConfigKeys (ConfUtils.java:logGet(46)) - raft.server.retrycache.expirytime = 600000ms (custom)
2023-08-25 08:53:42,916 [8a274684-c774-4cfd-af69-c1a0c827c28c-groupManagement] INFO  server.RaftServerConfigKeys (ConfUtils.java:logGet(46)) - raft.server.retrycache.statistics.expirytime = 100μs (default)
2023-08-25 08:53:42,916 [8a274684-c774-4cfd-af69-c1a0c827c28c-groupManagement] INFO  server.RaftServerConfigKeys (ConfUtils.java:logGet(46)) - raft.server.read.option = DEFAULT (default)
2023-08-25 08:53:42,916 [8a274684-c774-4cfd-af69-c1a0c827c28c-groupManagement] INFO  server.RaftServerConfigKeys (ConfUtils.java:logGet(46)) - raft.server.rpc.request.timeout = 60s (custom)
2023-08-25 08:53:42,916 [8a274684-c774-4cfd-af69-c1a0c827c28c-groupManagement] INFO  server.RaftServerConfigKeys (ConfUtils.java:logGet(46)) - raft.server.log.appender.install.snapshot.enabled = false (custom)
2023-08-25 08:53:42,916 [8a274684-c774-4cfd-af69-c1a0c827c28c-groupManagement] INFO  server.RaftServerConfigKeys (ConfUtils.java:logGet(46)) - raft.server.threadpool.server.cached = true (default)
2023-08-25 08:53:42,917 [8a274684-c774-4cfd-af69-c1a0c827c28c-groupManagement] INFO  server.RaftServerConfigKeys (ConfUtils.java:logGet(46)) - raft.server.threadpool.server.size = 0 (default)
2023-08-25 08:53:42,917 [8a274684-c774-4cfd-af69-c1a0c827c28c-groupManagement] INFO  server.RaftServerConfigKeys (ConfUtils.java:logGet(46)) - raft.server.threadpool.client.cached = true (default)
2023-08-25 08:53:42,917 [8a274684-c774-4cfd-af69-c1a0c827c28c-groupManagement] INFO  server.RaftServerConfigKeys (ConfUtils.java:logGet(46)) - raft.server.threadpool.client.size = 0 (default)
2023-08-25 08:53:42,917 [8a274684-c774-4cfd-af69-c1a0c827c28c-groupManagement] INFO  storage.RaftStorageDirectory (RaftStorageDirectoryImpl.java:analyzeStorage(137)) - The storage directory /home/runner/work/ozone/ozone/hadoop-ozone/integration-test/target/test-dir/MiniOzoneClusterImpl-e692d0c4-4f9e-424f-81a0-065ebcedd1d3/datanode-0/data/ratis/bfea3e49-4f7a-4011-b168-37d1433de2f4 does not exist. Creating ...
2023-08-25 08:53:42,919 [8a274684-c774-4cfd-af69-c1a0c827c28c-groupManagement] INFO  storage.RaftStorageDirectory (RaftStorageDirectoryImpl.java:tryLock(231)) - Lock on /home/runner/work/ozone/ozone/hadoop-ozone/integration-test/target/test-dir/MiniOzoneClusterImpl-e692d0c4-4f9e-424f-81a0-065ebcedd1d3/datanode-0/data/ratis/bfea3e49-4f7a-4011-b168-37d1433de2f4/in_use.lock acquired by nodename 30217@fv-az584-689
2023-08-25 08:53:42,921 [8a274684-c774-4cfd-af69-c1a0c827c28c-groupManagement] INFO  storage.RaftStorage (RaftStorageImpl.java:format(96)) - Storage directory /home/runner/work/ozone/ozone/hadoop-ozone/integration-test/target/test-dir/MiniOzoneClusterImpl-e692d0c4-4f9e-424f-81a0-065ebcedd1d3/datanode-0/data/ratis/bfea3e49-4f7a-4011-b168-37d1433de2f4 has been successfully formatted.
2023-08-25 08:53:42,921 [8a274684-c774-4cfd-af69-c1a0c827c28c-groupManagement] INFO  ratis.ContainerStateMachine (ContainerStateMachine.java:loadSnapshot(262)) - group-37D1433DE2F4: The snapshot info is null. Setting the last applied indexto:(t:0, i:~)
2023-08-25 08:53:42,921 [8a274684-c774-4cfd-af69-c1a0c827c28c-groupManagement] INFO  server.RaftServerConfigKeys (ConfUtils.java:logGet(46)) - raft.server.log.use.memory = false (default)
2023-08-25 08:53:42,921 [8a274684-c774-4cfd-af69-c1a0c827c28c-groupManagement] INFO  server.RaftServerConfigKeys (ConfUtils.java:logGet(46)) - raft.server.log.purge.gap = 1000000 (custom)
2023-08-25 08:53:42,921 [8a274684-c774-4cfd-af69-c1a0c827c28c-groupManagement] INFO  server.RaftServerConfigKeys (ConfUtils.java:logGet(46)) - raft.server.log.appender.buffer.byte-limit = 33554432 (custom)
2023-08-25 08:53:42,921 [8a274684-c774-4cfd-af69-c1a0c827c28c-groupManagement] INFO  server.RaftServerConfigKeys (ConfUtils.java:logGet(46)) - raft.server.log.statemachine.data.read.timeout = 1000ms (default)
2023-08-25 08:53:42,921 [8a274684-c774-4cfd-af69-c1a0c827c28c-groupManagement] INFO  server.RaftServerConfigKeys (ConfUtils.java:logGet(46)) - raft.server.log.purge.preservation.log.num = 0 (default)
2023-08-25 08:53:42,922 [8a274684-c774-4cfd-af69-c1a0c827c28c-groupManagement] INFO  server.RaftServerConfigKeys (ConfUtils.java:logGet(46)) - raft.server.log.segment.size.max = 1048576 (custom)
2023-08-25 08:53:42,922 [EventQueue-OpenPipelineForHealthyPipelineSafeModeRule] INFO  safemode.SCMSafeModeManager (HealthyPipelineSafeModeRule.java:process(137)) - SCM in safe mode. Healthy pipelines reported count is 0, required healthy pipeline reported count is 1
2023-08-25 08:53:42,922 [8a274684-c774-4cfd-af69-c1a0c827c28c-groupManagement] INFO  server.RaftServerConfigKeys (ConfUtils.java:logGet(46)) - raft.server.log.segment.cache.num.max = 2 (custom)
2023-08-25 08:53:42,922 [8a274684-c774-4cfd-af69-c1a0c827c28c-groupManagement] INFO  server.RaftServerConfigKeys (ConfUtils.java:logGet(46)) - raft.server.log.segment.cache.size.max = 200MB (=209715200) (default)
2023-08-25 08:53:42,922 [8a274684-c774-4cfd-af69-c1a0c827c28c-groupManagement] INFO  server.RaftServerConfigKeys (ConfUtils.java:logGet(46)) - raft.server.log.appender.buffer.byte-limit = 33554432 (custom)
2023-08-25 08:53:42,922 [8a274684-c774-4cfd-af69-c1a0c827c28c-groupManagement] INFO  segmented.SegmentedRaftLogWorker (SegmentedRaftLogWorker.java:<init>(188)) - new 8a274684-c774-4cfd-af69-c1a0c827c28c@group-37D1433DE2F4-SegmentedRaftLogWorker for RaftStorageImpl:Storage Directory /home/runner/work/ozone/ozone/hadoop-ozone/integration-test/target/test-dir/MiniOzoneClusterImpl-e692d0c4-4f9e-424f-81a0-065ebcedd1d3/datanode-0/data/ratis/bfea3e49-4f7a-4011-b168-37d1433de2f4
2023-08-25 08:53:42,922 [8a274684-c774-4cfd-af69-c1a0c827c28c-groupManagement] INFO  server.RaftServerConfigKeys (ConfUtils.java:logGet(46)) - raft.server.log.queue.byte-limit = 4294967296 (custom)
2023-08-25 08:53:42,922 [8a274684-c774-4cfd-af69-c1a0c827c28c-groupManagement] INFO  server.RaftServerConfigKeys (ConfUtils.java:logGet(46)) - raft.server.log.queue.element-limit = 1024 (custom)
2023-08-25 08:53:42,922 [8a274684-c774-4cfd-af69-c1a0c827c28c-groupManagement] INFO  server.RaftServerConfigKeys (ConfUtils.java:logGet(46)) - raft.server.log.segment.size.max = 1048576 (custom)
2023-08-25 08:53:42,923 [8a274684-c774-4cfd-af69-c1a0c827c28c-groupManagement] INFO  server.RaftServerConfigKeys (ConfUtils.java:logGet(46)) - raft.server.log.preallocated.size = 16384 (custom)
2023-08-25 08:53:42,923 [8a274684-c774-4cfd-af69-c1a0c827c28c-groupManagement] INFO  server.RaftServerConfigKeys (ConfUtils.java:logGet(46)) - raft.server.log.force.sync.num = 128 (default)
2023-08-25 08:53:42,923 [8a274684-c774-4cfd-af69-c1a0c827c28c-groupManagement] INFO  server.RaftServerConfigKeys (ConfUtils.java:logGet(46)) - raft.server.log.statemachine.data.sync = true (default)
2023-08-25 08:53:42,923 [8a274684-c774-4cfd-af69-c1a0c827c28c-groupManagement] INFO  server.RaftServerConfigKeys (ConfUtils.java:logGet(46)) - raft.server.log.statemachine.data.sync.timeout = 10s (default)
2023-08-25 08:53:42,923 [8a274684-c774-4cfd-af69-c1a0c827c28c-groupManagement] INFO  server.RaftServerConfigKeys (ConfUtils.java:logGet(46)) - raft.server.log.statemachine.data.sync.timeout.retry = -1 (default)
2023-08-25 08:53:42,923 [8a274684-c774-4cfd-af69-c1a0c827c28c-groupManagement] INFO  server.RaftServerConfigKeys (ConfUtils.java:logGet(46)) - raft.server.log.write.buffer.size = 1048576 (custom)
2023-08-25 08:53:42,924 [8a274684-c774-4cfd-af69-c1a0c827c28c-groupManagement] INFO  server.RaftServerConfigKeys (ConfUtils.java:logGet(46)) - raft.server.log.appender.buffer.byte-limit = 33554432 (custom)
2023-08-25 08:53:42,929 [8a274684-c774-4cfd-af69-c1a0c827c28c-groupManagement] INFO  server.RaftServerConfigKeys (ConfUtils.java:logGet(46)) - raft.server.log.unsafe-flush.enabled = false (default)
2023-08-25 08:53:42,929 [8a274684-c774-4cfd-af69-c1a0c827c28c-groupManagement] INFO  server.RaftServerConfigKeys (ConfUtils.java:logGet(46)) - raft.server.log.async-flush.enabled = false (default)
2023-08-25 08:53:42,929 [8a274684-c774-4cfd-af69-c1a0c827c28c-groupManagement] INFO  server.RaftServerConfigKeys (ConfUtils.java:logGet(46)) - raft.server.log.statemachine.data.caching.enabled = true (custom)
2023-08-25 08:53:42,929 [8a274684-c774-4cfd-af69-c1a0c827c28c-groupManagement] INFO  segmented.SegmentedRaftLogWorker (SegmentedRaftLogWorker.java:lambda$new$0(135)) - 8a274684-c774-4cfd-af69-c1a0c827c28c@group-37D1433DE2F4-SegmentedRaftLogWorker: flushIndex: setUnconditionally 0 -> -1
2023-08-25 08:53:42,930 [8a274684-c774-4cfd-af69-c1a0c827c28c-groupManagement] INFO  segmented.SegmentedRaftLogWorker (SegmentedRaftLogWorker.java:lambda$new$0(135)) - 8a274684-c774-4cfd-af69-c1a0c827c28c@group-37D1433DE2F4-SegmentedRaftLogWorker: safeCacheEvictIndex: setUnconditionally 0 -> -1
2023-08-25 08:53:42,930 [8a274684-c774-4cfd-af69-c1a0c827c28c-groupManagement] INFO  server.RaftServer$Division (RaftServerImpl.java:start(342)) - 8a274684-c774-4cfd-af69-c1a0c827c28c@group-37D1433DE2F4: start as a follower, conf=-1: peers:[8a274684-c774-4cfd-af69-c1a0c827c28c|rpc:10.1.0.19:15226|admin:10.1.0.19:15225|client:10.1.0.19:15224|dataStream:10.1.0.19:15227|priority:1|startupRole:FOLLOWER, 74226a13-8718-4542-a815-a533182346c1|rpc:10.1.0.19:15235|admin:10.1.0.19:15234|client:10.1.0.19:15233|dataStream:10.1.0.19:15236|priority:0|startupRole:FOLLOWER, df7ffc6f-4fb9-49c9-8407-31fb6ff06550|rpc:10.1.0.19:15244|admin:10.1.0.19:15243|client:10.1.0.19:15242|dataStream:10.1.0.19:15245|priority:0|startupRole:FOLLOWER]|listeners:[], old=null
2023-08-25 08:53:42,930 [8a274684-c774-4cfd-af69-c1a0c827c28c-groupManagement] INFO  server.RaftServer$Division (RaftServerImpl.java:setRole(329)) - 8a274684-c774-4cfd-af69-c1a0c827c28c@group-37D1433DE2F4: changes role from      null to FOLLOWER at term 0 for startAsFollower
2023-08-25 08:53:42,930 [8a274684-c774-4cfd-af69-c1a0c827c28c-groupManagement] INFO  impl.RoleInfo (RoleInfo.java:updateAndGet(139)) - 8a274684-c774-4cfd-af69-c1a0c827c28c: start 8a274684-c774-4cfd-af69-c1a0c827c28c@group-37D1433DE2F4-FollowerState
2023-08-25 08:53:42,930 [8a274684-c774-4cfd-af69-c1a0c827c28c-groupManagement] INFO  util.JmxRegister (JmxRegister.java:tryRegister(44)) - Successfully registered JMX Bean with object name Ratis:service=RaftServer,group=group-37D1433DE2F4,id=8a274684-c774-4cfd-af69-c1a0c827c28c
2023-08-25 08:53:42,930 [8a274684-c774-4cfd-af69-c1a0c827c28c@group-37D1433DE2F4-FollowerState] INFO  server.RaftServerConfigKeys (ConfUtils.java:logFallback(53)) - raft.server.rpc.first-election.timeout.min = 5s (fallback to raft.server.rpc.timeout.min)
2023-08-25 08:53:42,930 [8a274684-c774-4cfd-af69-c1a0c827c28c-groupManagement] INFO  server.RaftServerConfigKeys (ConfUtils.java:logGet(46)) - raft.server.snapshot.auto.trigger.enabled = true (custom)
2023-08-25 08:53:42,931 [8a274684-c774-4cfd-af69-c1a0c827c28c-groupManagement] INFO  server.RaftServerConfigKeys (ConfUtils.java:logGet(46)) - raft.server.snapshot.auto.trigger.threshold = 10000 (custom)
2023-08-25 08:53:42,930 [8a274684-c774-4cfd-af69-c1a0c827c28c@group-37D1433DE2F4-FollowerState] INFO  server.RaftServerConfigKeys (ConfUtils.java:logFallback(53)) - raft.server.rpc.first-election.timeout.max = 5200ms (fallback to raft.server.rpc.timeout.max)
2023-08-25 08:53:42,931 [8a274684-c774-4cfd-af69-c1a0c827c28c-groupManagement] INFO  server.RaftServerConfigKeys (ConfUtils.java:logGet(46)) - raft.server.snapshot.retention.file.num = 5 (custom)
2023-08-25 08:53:42,931 [8a274684-c774-4cfd-af69-c1a0c827c28c-groupManagement] INFO  server.RaftServerConfigKeys (ConfUtils.java:logGet(46)) - raft.server.log.purge.upto.snapshot.index = false (default)
2023-08-25 08:53:42,931 [PipelineCommandHandlerThread-0] INFO  ratis.XceiverServerRatis (XceiverServerRatis.java:addGroup(804)) - Created group PipelineID=bfea3e49-4f7a-4011-b168-37d1433de2f4
2023-08-25 08:53:42,945 [grpc-default-executor-0] INFO  server.RaftServer (RaftServerProxy.java:addNew(98)) - 74226a13-8718-4542-a815-a533182346c1: addNew group-37D1433DE2F4:[8a274684-c774-4cfd-af69-c1a0c827c28c|rpc:10.1.0.19:15226|admin:10.1.0.19:15225|client:10.1.0.19:15224|dataStream:10.1.0.19:15227|priority:1|startupRole:FOLLOWER, 74226a13-8718-4542-a815-a533182346c1|rpc:10.1.0.19:15235|admin:10.1.0.19:15234|client:10.1.0.19:15233|dataStream:10.1.0.19:15236|priority:0|startupRole:FOLLOWER, df7ffc6f-4fb9-49c9-8407-31fb6ff06550|rpc:10.1.0.19:15244|admin:10.1.0.19:15243|client:10.1.0.19:15242|dataStream:10.1.0.19:15245|priority:0|startupRole:FOLLOWER] returns group-37D1433DE2F4:java.util.concurrent.CompletableFuture@47b05b11[Not completed]
2023-08-25 08:53:42,946 [74226a13-8718-4542-a815-a533182346c1-groupManagement] INFO  server.RaftServer$Division (RaftServerImpl.java:<init>(198)) - 74226a13-8718-4542-a815-a533182346c1: new RaftServerImpl for group-37D1433DE2F4:[8a274684-c774-4cfd-af69-c1a0c827c28c|rpc:10.1.0.19:15226|admin:10.1.0.19:15225|client:10.1.0.19:15224|dataStream:10.1.0.19:15227|priority:1|startupRole:FOLLOWER, 74226a13-8718-4542-a815-a533182346c1|rpc:10.1.0.19:15235|admin:10.1.0.19:15234|client:10.1.0.19:15233|dataStream:10.1.0.19:15236|priority:0|startupRole:FOLLOWER, df7ffc6f-4fb9-49c9-8407-31fb6ff06550|rpc:10.1.0.19:15244|admin:10.1.0.19:15243|client:10.1.0.19:15242|dataStream:10.1.0.19:15245|priority:0|startupRole:FOLLOWER] with ContainerStateMachine:uninitialized
2023-08-25 08:53:42,946 [74226a13-8718-4542-a815-a533182346c1-groupManagement] INFO  server.RaftServerConfigKeys (ConfUtils.java:logGet(46)) - raft.server.rpc.timeout.min = 5s (custom)
2023-08-25 08:53:42,946 [74226a13-8718-4542-a815-a533182346c1-groupManagement] INFO  server.RaftServerConfigKeys (ConfUtils.java:logGet(46)) - raft.server.rpc.timeout.max = 5200ms (custom)
2023-08-25 08:53:42,946 [74226a13-8718-4542-a815-a533182346c1-groupManagement] INFO  server.RaftServerConfigKeys (ConfUtils.java:logGet(46)) - raft.server.rpc.sleep.time = 25ms (default)
2023-08-25 08:53:42,946 [74226a13-8718-4542-a815-a533182346c1-groupManagement] INFO  server.RaftServerConfigKeys (ConfUtils.java:logGet(46)) - raft.server.rpc.slowness.timeout = 300s (custom)
2023-08-25 08:53:42,946 [74226a13-8718-4542-a815-a533182346c1-groupManagement] INFO  server.RaftServerConfigKeys (ConfUtils.java:logGet(46)) - raft.server.leaderelection.leader.step-down.wait-time = 10s (default)
2023-08-25 08:53:42,946 [74226a13-8718-4542-a815-a533182346c1-groupManagement] INFO  server.RaftServerConfigKeys (ConfUtils.java:logGet(46)) - raft.server.sleep.deviation.threshold = 300ms (default)
2023-08-25 08:53:42,946 [74226a13-8718-4542-a815-a533182346c1-groupManagement] INFO  server.RaftServer$Division (ServerState.java:<init>(120)) - 74226a13-8718-4542-a815-a533182346c1@group-37D1433DE2F4: ConfigurationManager, init=-1: peers:[8a274684-c774-4cfd-af69-c1a0c827c28c|rpc:10.1.0.19:15226|admin:10.1.0.19:15225|client:10.1.0.19:15224|dataStream:10.1.0.19:15227|priority:1|startupRole:FOLLOWER, 74226a13-8718-4542-a815-a533182346c1|rpc:10.1.0.19:15235|admin:10.1.0.19:15234|client:10.1.0.19:15233|dataStream:10.1.0.19:15236|priority:0|startupRole:FOLLOWER, df7ffc6f-4fb9-49c9-8407-31fb6ff06550|rpc:10.1.0.19:15244|admin:10.1.0.19:15243|client:10.1.0.19:15242|dataStream:10.1.0.19:15245|priority:0|startupRole:FOLLOWER]|listeners:[], old=null, confs=<EMPTY_MAP>
2023-08-25 08:53:42,946 [74226a13-8718-4542-a815-a533182346c1-groupManagement] INFO  server.RaftServerConfigKeys (ConfUtils.java:logGet(46)) - raft.server.storage.dir = [/home/runner/work/ozone/ozone/hadoop-ozone/integration-test/target/test-dir/MiniOzoneClusterImpl-e692d0c4-4f9e-424f-81a0-065ebcedd1d3/datanode-1/data/ratis] (custom)
2023-08-25 08:53:42,946 [74226a13-8718-4542-a815-a533182346c1-groupManagement] INFO  server.RaftServerConfigKeys (ConfUtils.java:logGet(46)) - raft.server.log.corruption.policy = EXCEPTION (default)
2023-08-25 08:53:42,947 [74226a13-8718-4542-a815-a533182346c1-groupManagement] INFO  server.RaftServerConfigKeys (ConfUtils.java:logGet(46)) - raft.server.storage.free-space.min = 0MB (=0) (default)
2023-08-25 08:53:42,947 [74226a13-8718-4542-a815-a533182346c1-groupManagement] INFO  server.RaftServerConfigKeys (ConfUtils.java:logGet(46)) - raft.server.notification.no-leader.timeout = 300s (custom)
2023-08-25 08:53:42,947 [74226a13-8718-4542-a815-a533182346c1-groupManagement] INFO  server.RaftServerConfigKeys (ConfUtils.java:logGet(46)) - raft.server.read.timeout = 10s (default)
2023-08-25 08:53:42,947 [74226a13-8718-4542-a815-a533182346c1-groupManagement] INFO  server.RaftServerConfigKeys (ConfUtils.java:logGet(46)) - raft.server.retrycache.expirytime = 600000ms (custom)
2023-08-25 08:53:42,947 [74226a13-8718-4542-a815-a533182346c1-groupManagement] INFO  server.RaftServerConfigKeys (ConfUtils.java:logGet(46)) - raft.server.retrycache.statistics.expirytime = 100μs (default)
2023-08-25 08:53:42,947 [74226a13-8718-4542-a815-a533182346c1-groupManagement] INFO  server.RaftServerConfigKeys (ConfUtils.java:logGet(46)) - raft.server.read.option = DEFAULT (default)
2023-08-25 08:53:42,947 [74226a13-8718-4542-a815-a533182346c1-groupManagement] INFO  server.RaftServerConfigKeys (ConfUtils.java:logGet(46)) - raft.server.rpc.request.timeout = 60s (custom)
2023-08-25 08:53:42,947 [74226a13-8718-4542-a815-a533182346c1-groupManagement] INFO  server.RaftServerConfigKeys (ConfUtils.java:logGet(46)) - raft.server.log.appender.install.snapshot.enabled = false (custom)
2023-08-25 08:53:42,948 [74226a13-8718-4542-a815-a533182346c1-groupManagement] INFO  server.RaftServerConfigKeys (ConfUtils.java:logGet(46)) - raft.server.threadpool.server.cached = true (default)
2023-08-25 08:53:42,948 [74226a13-8718-4542-a815-a533182346c1-groupManagement] INFO  server.RaftServerConfigKeys (ConfUtils.java:logGet(46)) - raft.server.threadpool.server.size = 0 (default)
2023-08-25 08:53:42,948 [74226a13-8718-4542-a815-a533182346c1-groupManagement] INFO  server.RaftServerConfigKeys (ConfUtils.java:logGet(46)) - raft.server.threadpool.client.cached = true (default)
2023-08-25 08:53:42,948 [74226a13-8718-4542-a815-a533182346c1-groupManagement] INFO  server.RaftServerConfigKeys (ConfUtils.java:logGet(46)) - raft.server.threadpool.client.size = 0 (default)
2023-08-25 08:53:42,948 [74226a13-8718-4542-a815-a533182346c1-groupManagement] INFO  storage.RaftStorageDirectory (RaftStorageDirectoryImpl.java:analyzeStorage(137)) - The storage directory /home/runner/work/ozone/ozone/hadoop-ozone/integration-test/target/test-dir/MiniOzoneClusterImpl-e692d0c4-4f9e-424f-81a0-065ebcedd1d3/datanode-1/data/ratis/bfea3e49-4f7a-4011-b168-37d1433de2f4 does not exist. Creating ...
2023-08-25 08:53:42,949 [74226a13-8718-4542-a815-a533182346c1-groupManagement] INFO  storage.RaftStorageDirectory (RaftStorageDirectoryImpl.java:tryLock(231)) - Lock on /home/runner/work/ozone/ozone/hadoop-ozone/integration-test/target/test-dir/MiniOzoneClusterImpl-e692d0c4-4f9e-424f-81a0-065ebcedd1d3/datanode-1/data/ratis/bfea3e49-4f7a-4011-b168-37d1433de2f4/in_use.lock acquired by nodename 30217@fv-az584-689
2023-08-25 08:53:42,951 [74226a13-8718-4542-a815-a533182346c1-groupManagement] INFO  storage.RaftStorage (RaftStorageImpl.java:format(96)) - Storage directory /home/runner/work/ozone/ozone/hadoop-ozone/integration-test/target/test-dir/MiniOzoneClusterImpl-e692d0c4-4f9e-424f-81a0-065ebcedd1d3/datanode-1/data/ratis/bfea3e49-4f7a-4011-b168-37d1433de2f4 has been successfully formatted.
2023-08-25 08:53:42,953 [74226a13-8718-4542-a815-a533182346c1-groupManagement] INFO  ratis.ContainerStateMachine (ContainerStateMachine.java:loadSnapshot(262)) - group-37D1433DE2F4: The snapshot info is null. Setting the last applied indexto:(t:0, i:~)
2023-08-25 08:53:42,953 [74226a13-8718-4542-a815-a533182346c1-groupManagement] INFO  server.RaftServerConfigKeys (ConfUtils.java:logGet(46)) - raft.server.log.use.memory = false (default)
2023-08-25 08:53:42,953 [74226a13-8718-4542-a815-a533182346c1-groupManagement] INFO  server.RaftServerConfigKeys (ConfUtils.java:logGet(46)) - raft.server.log.purge.gap = 1000000 (custom)
2023-08-25 08:53:42,953 [74226a13-8718-4542-a815-a533182346c1-groupManagement] INFO  server.RaftServerConfigKeys (ConfUtils.java:logGet(46)) - raft.server.log.appender.buffer.byte-limit = 33554432 (custom)
2023-08-25 08:53:42,953 [74226a13-8718-4542-a815-a533182346c1-groupManagement] INFO  server.RaftServerConfigKeys (ConfUtils.java:logGet(46)) - raft.server.log.statemachine.data.read.timeout = 1000ms (default)
2023-08-25 08:53:42,953 [74226a13-8718-4542-a815-a533182346c1-groupManagement] INFO  server.RaftServerConfigKeys (ConfUtils.java:logGet(46)) - raft.server.log.purge.preservation.log.num = 0 (default)
2023-08-25 08:53:42,954 [74226a13-8718-4542-a815-a533182346c1-groupManagement] INFO  server.RaftServerConfigKeys (ConfUtils.java:logGet(46)) - raft.server.log.segment.size.max = 1048576 (custom)
2023-08-25 08:53:42,954 [74226a13-8718-4542-a815-a533182346c1-groupManagement] INFO  server.RaftServerConfigKeys (ConfUtils.java:logGet(46)) - raft.server.log.segment.cache.num.max = 2 (custom)
2023-08-25 08:53:42,954 [74226a13-8718-4542-a815-a533182346c1-groupManagement] INFO  server.RaftServerConfigKeys (ConfUtils.java:logGet(46)) - raft.server.log.segment.cache.size.max = 200MB (=209715200) (default)
2023-08-25 08:53:42,954 [74226a13-8718-4542-a815-a533182346c1-groupManagement] INFO  server.RaftServerConfigKeys (ConfUtils.java:logGet(46)) - raft.server.log.appender.buffer.byte-limit = 33554432 (custom)
2023-08-25 08:53:42,954 [74226a13-8718-4542-a815-a533182346c1-groupManagement] INFO  segmented.SegmentedRaftLogWorker (SegmentedRaftLogWorker.java:<init>(188)) - new 74226a13-8718-4542-a815-a533182346c1@group-37D1433DE2F4-SegmentedRaftLogWorker for RaftStorageImpl:Storage Directory /home/runner/work/ozone/ozone/hadoop-ozone/integration-test/target/test-dir/MiniOzoneClusterImpl-e692d0c4-4f9e-424f-81a0-065ebcedd1d3/datanode-1/data/ratis/bfea3e49-4f7a-4011-b168-37d1433de2f4
2023-08-25 08:53:42,954 [74226a13-8718-4542-a815-a533182346c1-groupManagement] INFO  server.RaftServerConfigKeys (ConfUtils.java:logGet(46)) - raft.server.log.queue.byte-limit = 4294967296 (custom)
2023-08-25 08:53:42,954 [74226a13-8718-4542-a815-a533182346c1-groupManagement] INFO  server.RaftServerConfigKeys (ConfUtils.java:logGet(46)) - raft.server.log.queue.element-limit = 1024 (custom)
2023-08-25 08:53:42,954 [74226a13-8718-4542-a815-a533182346c1-groupManagement] INFO  server.RaftServerConfigKeys (ConfUtils.java:logGet(46)) - raft.server.log.segment.size.max = 1048576 (custom)
2023-08-25 08:53:42,954 [74226a13-8718-4542-a815-a533182346c1-groupManagement] INFO  server.RaftServerConfigKeys (ConfUtils.java:logGet(46)) - raft.server.log.preallocated.size = 16384 (custom)
2023-08-25 08:53:42,954 [74226a13-8718-4542-a815-a533182346c1-groupManagement] INFO  server.RaftServerConfigKeys (ConfUtils.java:logGet(46)) - raft.server.log.force.sync.num = 128 (default)
2023-08-25 08:53:42,954 [74226a13-8718-4542-a815-a533182346c1-groupManagement] INFO  server.RaftServerConfigKeys (ConfUtils.java:logGet(46)) - raft.server.log.statemachine.data.sync = true (default)
2023-08-25 08:53:42,954 [74226a13-8718-4542-a815-a533182346c1-groupManagement] INFO  server.RaftServerConfigKeys (ConfUtils.java:logGet(46)) - raft.server.log.statemachine.data.sync.timeout = 10s (default)
2023-08-25 08:53:42,954 [74226a13-8718-4542-a815-a533182346c1-groupManagement] INFO  server.RaftServerConfigKeys (ConfUtils.java:logGet(46)) - raft.server.log.statemachine.data.sync.timeout.retry = -1 (default)
2023-08-25 08:53:42,955 [74226a13-8718-4542-a815-a533182346c1-groupManagement] INFO  server.RaftServerConfigKeys (ConfUtils.java:logGet(46)) - raft.server.log.write.buffer.size = 1048576 (custom)
2023-08-25 08:53:42,956 [74226a13-8718-4542-a815-a533182346c1-groupManagement] INFO  server.RaftServerConfigKeys (ConfUtils.java:logGet(46)) - raft.server.log.appender.buffer.byte-limit = 33554432 (custom)
2023-08-25 08:53:42,961 [74226a13-8718-4542-a815-a533182346c1-groupManagement] INFO  server.RaftServerConfigKeys (ConfUtils.java:logGet(46)) - raft.server.log.unsafe-flush.enabled = false (default)
2023-08-25 08:53:42,961 [74226a13-8718-4542-a815-a533182346c1-groupManagement] INFO  server.RaftServerConfigKeys (ConfUtils.java:logGet(46)) - raft.server.log.async-flush.enabled = false (default)
2023-08-25 08:53:42,961 [74226a13-8718-4542-a815-a533182346c1-groupManagement] INFO  server.RaftServerConfigKeys (ConfUtils.java:logGet(46)) - raft.server.log.statemachine.data.caching.enabled = true (custom)
2023-08-25 08:53:42,962 [74226a13-8718-4542-a815-a533182346c1-groupManagement] INFO  segmented.SegmentedRaftLogWorker (SegmentedRaftLogWorker.java:lambda$new$0(135)) - 74226a13-8718-4542-a815-a533182346c1@group-37D1433DE2F4-SegmentedRaftLogWorker: flushIndex: setUnconditionally 0 -> -1
2023-08-25 08:53:42,962 [74226a13-8718-4542-a815-a533182346c1-groupManagement] INFO  segmented.SegmentedRaftLogWorker (SegmentedRaftLogWorker.java:lambda$new$0(135)) - 74226a13-8718-4542-a815-a533182346c1@group-37D1433DE2F4-SegmentedRaftLogWorker: safeCacheEvictIndex: setUnconditionally 0 -> -1
2023-08-25 08:53:42,962 [74226a13-8718-4542-a815-a533182346c1-groupManagement] INFO  server.RaftServer$Division (RaftServerImpl.java:start(342)) - 74226a13-8718-4542-a815-a533182346c1@group-37D1433DE2F4: start as a follower, conf=-1: peers:[8a274684-c774-4cfd-af69-c1a0c827c28c|rpc:10.1.0.19:15226|admin:10.1.0.19:15225|client:10.1.0.19:15224|dataStream:10.1.0.19:15227|priority:1|startupRole:FOLLOWER, 74226a13-8718-4542-a815-a533182346c1|rpc:10.1.0.19:15235|admin:10.1.0.19:15234|client:10.1.0.19:15233|dataStream:10.1.0.19:15236|priority:0|startupRole:FOLLOWER, df7ffc6f-4fb9-49c9-8407-31fb6ff06550|rpc:10.1.0.19:15244|admin:10.1.0.19:15243|client:10.1.0.19:15242|dataStream:10.1.0.19:15245|priority:0|startupRole:FOLLOWER]|listeners:[], old=null
2023-08-25 08:53:42,962 [74226a13-8718-4542-a815-a533182346c1-groupManagement] INFO  server.RaftServer$Division (RaftServerImpl.java:setRole(329)) - 74226a13-8718-4542-a815-a533182346c1@group-37D1433DE2F4: changes role from      null to FOLLOWER at term 0 for startAsFollower
2023-08-25 08:53:42,962 [74226a13-8718-4542-a815-a533182346c1-groupManagement] INFO  impl.RoleInfo (RoleInfo.java:updateAndGet(139)) - 74226a13-8718-4542-a815-a533182346c1: start 74226a13-8718-4542-a815-a533182346c1@group-37D1433DE2F4-FollowerState
2023-08-25 08:53:42,962 [74226a13-8718-4542-a815-a533182346c1-groupManagement] INFO  util.JmxRegister (JmxRegister.java:tryRegister(44)) - Successfully registered JMX Bean with object name Ratis:service=RaftServer,group=group-37D1433DE2F4,id=74226a13-8718-4542-a815-a533182346c1
2023-08-25 08:53:42,963 [74226a13-8718-4542-a815-a533182346c1@group-37D1433DE2F4-FollowerState] INFO  server.RaftServerConfigKeys (ConfUtils.java:logFallback(53)) - raft.server.rpc.first-election.timeout.min = 5s (fallback to raft.server.rpc.timeout.min)
2023-08-25 08:53:42,963 [74226a13-8718-4542-a815-a533182346c1-groupManagement] INFO  server.RaftServerConfigKeys (ConfUtils.java:logGet(46)) - raft.server.snapshot.auto.trigger.enabled = true (custom)
2023-08-25 08:53:42,963 [74226a13-8718-4542-a815-a533182346c1@group-37D1433DE2F4-FollowerState] INFO  server.RaftServerConfigKeys (ConfUtils.java:logFallback(53)) - raft.server.rpc.first-election.timeout.max = 5200ms (fallback to raft.server.rpc.timeout.max)
2023-08-25 08:53:42,963 [74226a13-8718-4542-a815-a533182346c1-groupManagement] INFO  server.RaftServerConfigKeys (ConfUtils.java:logGet(46)) - raft.server.snapshot.auto.trigger.threshold = 10000 (custom)
2023-08-25 08:53:42,963 [74226a13-8718-4542-a815-a533182346c1-groupManagement] INFO  server.RaftServerConfigKeys (ConfUtils.java:logGet(46)) - raft.server.snapshot.retention.file.num = 5 (custom)
2023-08-25 08:53:42,963 [74226a13-8718-4542-a815-a533182346c1-groupManagement] INFO  server.RaftServerConfigKeys (ConfUtils.java:logGet(46)) - raft.server.log.purge.upto.snapshot.index = false (default)
2023-08-25 08:53:42,984 [grpc-default-executor-0] INFO  server.RaftServer (RaftServerProxy.java:addNew(98)) - df7ffc6f-4fb9-49c9-8407-31fb6ff06550: addNew group-37D1433DE2F4:[8a274684-c774-4cfd-af69-c1a0c827c28c|rpc:10.1.0.19:15226|admin:10.1.0.19:15225|client:10.1.0.19:15224|dataStream:10.1.0.19:15227|priority:1|startupRole:FOLLOWER, 74226a13-8718-4542-a815-a533182346c1|rpc:10.1.0.19:15235|admin:10.1.0.19:15234|client:10.1.0.19:15233|dataStream:10.1.0.19:15236|priority:0|startupRole:FOLLOWER, df7ffc6f-4fb9-49c9-8407-31fb6ff06550|rpc:10.1.0.19:15244|admin:10.1.0.19:15243|client:10.1.0.19:15242|dataStream:10.1.0.19:15245|priority:0|startupRole:FOLLOWER] returns group-37D1433DE2F4:java.util.concurrent.CompletableFuture@2476882c[Not completed]
2023-08-25 08:53:42,985 [df7ffc6f-4fb9-49c9-8407-31fb6ff06550-groupManagement] INFO  server.RaftServer$Division (RaftServerImpl.java:<init>(198)) - df7ffc6f-4fb9-49c9-8407-31fb6ff06550: new RaftServerImpl for group-37D1433DE2F4:[8a274684-c774-4cfd-af69-c1a0c827c28c|rpc:10.1.0.19:15226|admin:10.1.0.19:15225|client:10.1.0.19:15224|dataStream:10.1.0.19:15227|priority:1|startupRole:FOLLOWER, 74226a13-8718-4542-a815-a533182346c1|rpc:10.1.0.19:15235|admin:10.1.0.19:15234|client:10.1.0.19:15233|dataStream:10.1.0.19:15236|priority:0|startupRole:FOLLOWER, df7ffc6f-4fb9-49c9-8407-31fb6ff06550|rpc:10.1.0.19:15244|admin:10.1.0.19:15243|client:10.1.0.19:15242|dataStream:10.1.0.19:15245|priority:0|startupRole:FOLLOWER] with ContainerStateMachine:uninitialized
2023-08-25 08:53:42,985 [df7ffc6f-4fb9-49c9-8407-31fb6ff06550-groupManagement] INFO  server.RaftServerConfigKeys (ConfUtils.java:logGet(46)) - raft.server.rpc.timeout.min = 5s (custom)
2023-08-25 08:53:42,986 [df7ffc6f-4fb9-49c9-8407-31fb6ff06550-groupManagement] INFO  server.RaftServerConfigKeys (ConfUtils.java:logGet(46)) - raft.server.rpc.timeout.max = 5200ms (custom)
2023-08-25 08:53:42,986 [df7ffc6f-4fb9-49c9-8407-31fb6ff06550-groupManagement] INFO  server.RaftServerConfigKeys (ConfUtils.java:logGet(46)) - raft.server.rpc.sleep.time = 25ms (default)
2023-08-25 08:53:42,986 [df7ffc6f-4fb9-49c9-8407-31fb6ff06550-groupManagement] INFO  server.RaftServerConfigKeys (ConfUtils.java:logGet(46)) - raft.server.rpc.slowness.timeout = 300s (custom)
2023-08-25 08:53:42,986 [df7ffc6f-4fb9-49c9-8407-31fb6ff06550-groupManagement] INFO  server.RaftServerConfigKeys (ConfUtils.java:logGet(46)) - raft.server.leaderelection.leader.step-down.wait-time = 10s (default)
2023-08-25 08:53:42,986 [df7ffc6f-4fb9-49c9-8407-31fb6ff06550-groupManagement] INFO  server.RaftServerConfigKeys (ConfUtils.java:logGet(46)) - raft.server.sleep.deviation.threshold = 300ms (default)
2023-08-25 08:53:42,986 [df7ffc6f-4fb9-49c9-8407-31fb6ff06550-groupManagement] INFO  server.RaftServer$Division (ServerState.java:<init>(120)) - df7ffc6f-4fb9-49c9-8407-31fb6ff06550@group-37D1433DE2F4: ConfigurationManager, init=-1: peers:[8a274684-c774-4cfd-af69-c1a0c827c28c|rpc:10.1.0.19:15226|admin:10.1.0.19:15225|client:10.1.0.19:15224|dataStream:10.1.0.19:15227|priority:1|startupRole:FOLLOWER, 74226a13-8718-4542-a815-a533182346c1|rpc:10.1.0.19:15235|admin:10.1.0.19:15234|client:10.1.0.19:15233|dataStream:10.1.0.19:15236|priority:0|startupRole:FOLLOWER, df7ffc6f-4fb9-49c9-8407-31fb6ff06550|rpc:10.1.0.19:15244|admin:10.1.0.19:15243|client:10.1.0.19:15242|dataStream:10.1.0.19:15245|priority:0|startupRole:FOLLOWER]|listeners:[], old=null, confs=<EMPTY_MAP>
2023-08-25 08:53:42,986 [df7ffc6f-4fb9-49c9-8407-31fb6ff06550-groupManagement] INFO  server.RaftServerConfigKeys (ConfUtils.java:logGet(46)) - raft.server.storage.dir = [/home/runner/work/ozone/ozone/hadoop-ozone/integration-test/target/test-dir/MiniOzoneClusterImpl-e692d0c4-4f9e-424f-81a0-065ebcedd1d3/datanode-2/data/ratis] (custom)
2023-08-25 08:53:42,986 [df7ffc6f-4fb9-49c9-8407-31fb6ff06550-groupManagement] INFO  server.RaftServerConfigKeys (ConfUtils.java:logGet(46)) - raft.server.log.corruption.policy = EXCEPTION (default)
2023-08-25 08:53:42,986 [df7ffc6f-4fb9-49c9-8407-31fb6ff06550-groupManagement] INFO  server.RaftServerConfigKeys (ConfUtils.java:logGet(46)) - raft.server.storage.free-space.min = 0MB (=0) (default)
2023-08-25 08:53:42,986 [df7ffc6f-4fb9-49c9-8407-31fb6ff06550-groupManagement] INFO  server.RaftServerConfigKeys (ConfUtils.java:logGet(46)) - raft.server.notification.no-leader.timeout = 300s (custom)
2023-08-25 08:53:42,986 [df7ffc6f-4fb9-49c9-8407-31fb6ff06550-groupManagement] INFO  server.RaftServerConfigKeys (ConfUtils.java:logGet(46)) - raft.server.read.timeout = 10s (default)
2023-08-25 08:53:42,986 [df7ffc6f-4fb9-49c9-8407-31fb6ff06550-groupManagement] INFO  server.RaftServerConfigKeys (ConfUtils.java:logGet(46)) - raft.server.retrycache.expirytime = 600000ms (custom)
2023-08-25 08:53:42,986 [df7ffc6f-4fb9-49c9-8407-31fb6ff06550-groupManagement] INFO  server.RaftServerConfigKeys (ConfUtils.java:logGet(46)) - raft.server.retrycache.statistics.expirytime = 100μs (default)
2023-08-25 08:53:42,986 [df7ffc6f-4fb9-49c9-8407-31fb6ff06550-groupManagement] INFO  server.RaftServerConfigKeys (ConfUtils.java:logGet(46)) - raft.server.read.option = DEFAULT (default)
2023-08-25 08:53:42,987 [df7ffc6f-4fb9-49c9-8407-31fb6ff06550-groupManagement] INFO  server.RaftServerConfigKeys (ConfUtils.java:logGet(46)) - raft.server.rpc.request.timeout = 60s (custom)
2023-08-25 08:53:42,987 [df7ffc6f-4fb9-49c9-8407-31fb6ff06550-groupManagement] INFO  server.RaftServerConfigKeys (ConfUtils.java:logGet(46)) - raft.server.log.appender.install.snapshot.enabled = false (custom)
2023-08-25 08:53:42,987 [df7ffc6f-4fb9-49c9-8407-31fb6ff06550-groupManagement] INFO  server.RaftServerConfigKeys (ConfUtils.java:logGet(46)) - raft.server.threadpool.server.cached = true (default)
2023-08-25 08:53:42,987 [df7ffc6f-4fb9-49c9-8407-31fb6ff06550-groupManagement] INFO  server.RaftServerConfigKeys (ConfUtils.java:logGet(46)) - raft.server.threadpool.server.size = 0 (default)
2023-08-25 08:53:42,987 [df7ffc6f-4fb9-49c9-8407-31fb6ff06550-groupManagement] INFO  server.RaftServerConfigKeys (ConfUtils.java:logGet(46)) - raft.server.threadpool.client.cached = true (default)
2023-08-25 08:53:42,987 [df7ffc6f-4fb9-49c9-8407-31fb6ff06550-groupManagement] INFO  server.RaftServerConfigKeys (ConfUtils.java:logGet(46)) - raft.server.threadpool.client.size = 0 (default)
2023-08-25 08:53:42,987 [df7ffc6f-4fb9-49c9-8407-31fb6ff06550-groupManagement] INFO  storage.RaftStorageDirectory (RaftStorageDirectoryImpl.java:analyzeStorage(137)) - The storage directory /home/runner/work/ozone/ozone/hadoop-ozone/integration-test/target/test-dir/MiniOzoneClusterImpl-e692d0c4-4f9e-424f-81a0-065ebcedd1d3/datanode-2/data/ratis/bfea3e49-4f7a-4011-b168-37d1433de2f4 does not exist. Creating ...
2023-08-25 08:53:42,990 [df7ffc6f-4fb9-49c9-8407-31fb6ff06550-groupManagement] INFO  storage.RaftStorageDirectory (RaftStorageDirectoryImpl.java:tryLock(231)) - Lock on /home/runner/work/ozone/ozone/hadoop-ozone/integration-test/target/test-dir/MiniOzoneClusterImpl-e692d0c4-4f9e-424f-81a0-065ebcedd1d3/datanode-2/data/ratis/bfea3e49-4f7a-4011-b168-37d1433de2f4/in_use.lock acquired by nodename 30217@fv-az584-689
2023-08-25 08:53:42,991 [df7ffc6f-4fb9-49c9-8407-31fb6ff06550-groupManagement] INFO  storage.RaftStorage (RaftStorageImpl.java:format(96)) - Storage directory /home/runner/work/ozone/ozone/hadoop-ozone/integration-test/target/test-dir/MiniOzoneClusterImpl-e692d0c4-4f9e-424f-81a0-065ebcedd1d3/datanode-2/data/ratis/bfea3e49-4f7a-4011-b168-37d1433de2f4 has been successfully formatted.
2023-08-25 08:53:42,992 [df7ffc6f-4fb9-49c9-8407-31fb6ff06550-groupManagement] INFO  ratis.ContainerStateMachine (ContainerStateMachine.java:loadSnapshot(262)) - group-37D1433DE2F4: The snapshot info is null. Setting the last applied indexto:(t:0, i:~)
2023-08-25 08:53:42,993 [df7ffc6f-4fb9-49c9-8407-31fb6ff06550-groupManagement] INFO  server.RaftServerConfigKeys (ConfUtils.java:logGet(46)) - raft.server.log.use.memory = false (default)
2023-08-25 08:53:42,993 [df7ffc6f-4fb9-49c9-8407-31fb6ff06550-groupManagement] INFO  server.RaftServerConfigKeys (ConfUtils.java:logGet(46)) - raft.server.log.purge.gap = 1000000 (custom)
2023-08-25 08:53:42,993 [df7ffc6f-4fb9-49c9-8407-31fb6ff06550-groupManagement] INFO  server.RaftServerConfigKeys (ConfUtils.java:logGet(46)) - raft.server.log.appender.buffer.byte-limit = 33554432 (custom)
2023-08-25 08:53:42,993 [df7ffc6f-4fb9-49c9-8407-31fb6ff06550-groupManagement] INFO  server.RaftServerConfigKeys (ConfUtils.java:logGet(46)) - raft.server.log.statemachine.data.read.timeout = 1000ms (default)
2023-08-25 08:53:42,993 [df7ffc6f-4fb9-49c9-8407-31fb6ff06550-groupManagement] INFO  server.RaftServerConfigKeys (ConfUtils.java:logGet(46)) - raft.server.log.purge.preservation.log.num = 0 (default)
2023-08-25 08:53:42,993 [df7ffc6f-4fb9-49c9-8407-31fb6ff06550-groupManagement] INFO  server.RaftServerConfigKeys (ConfUtils.java:logGet(46)) - raft.server.log.segment.size.max = 1048576 (custom)
2023-08-25 08:53:42,993 [df7ffc6f-4fb9-49c9-8407-31fb6ff06550-groupManagement] INFO  server.RaftServerConfigKeys (ConfUtils.java:logGet(46)) - raft.server.log.segment.cache.num.max = 2 (custom)
2023-08-25 08:53:42,993 [df7ffc6f-4fb9-49c9-8407-31fb6ff06550-groupManagement] INFO  server.RaftServerConfigKeys (ConfUtils.java:logGet(46)) - raft.server.log.segment.cache.size.max = 200MB (=209715200) (default)
2023-08-25 08:53:42,994 [df7ffc6f-4fb9-49c9-8407-31fb6ff06550-groupManagement] INFO  server.RaftServerConfigKeys (ConfUtils.java:logGet(46)) - raft.server.log.appender.buffer.byte-limit = 33554432 (custom)
2023-08-25 08:53:42,994 [df7ffc6f-4fb9-49c9-8407-31fb6ff06550-groupManagement] INFO  segmented.SegmentedRaftLogWorker (SegmentedRaftLogWorker.java:<init>(188)) - new df7ffc6f-4fb9-49c9-8407-31fb6ff06550@group-37D1433DE2F4-SegmentedRaftLogWorker for RaftStorageImpl:Storage Directory /home/runner/work/ozone/ozone/hadoop-ozone/integration-test/target/test-dir/MiniOzoneClusterImpl-e692d0c4-4f9e-424f-81a0-065ebcedd1d3/datanode-2/data/ratis/bfea3e49-4f7a-4011-b168-37d1433de2f4
2023-08-25 08:53:42,994 [df7ffc6f-4fb9-49c9-8407-31fb6ff06550-groupManagement] INFO  server.RaftServerConfigKeys (ConfUtils.java:logGet(46)) - raft.server.log.queue.byte-limit = 4294967296 (custom)
2023-08-25 08:53:42,994 [df7ffc6f-4fb9-49c9-8407-31fb6ff06550-groupManagement] INFO  server.RaftServerConfigKeys (ConfUtils.java:logGet(46)) - raft.server.log.queue.element-limit = 1024 (custom)
2023-08-25 08:53:42,994 [df7ffc6f-4fb9-49c9-8407-31fb6ff06550-groupManagement] INFO  server.RaftServerConfigKeys (ConfUtils.java:logGet(46)) - raft.server.log.segment.size.max = 1048576 (custom)
2023-08-25 08:53:42,994 [df7ffc6f-4fb9-49c9-8407-31fb6ff06550-groupManagement] INFO  server.RaftServerConfigKeys (ConfUtils.java:logGet(46)) - raft.server.log.preallocated.size = 16384 (custom)
2023-08-25 08:53:42,994 [df7ffc6f-4fb9-49c9-8407-31fb6ff06550-groupManagement] INFO  server.RaftServerConfigKeys (ConfUtils.java:logGet(46)) - raft.server.log.force.sync.num = 128 (default)
2023-08-25 08:53:42,994 [df7ffc6f-4fb9-49c9-8407-31fb6ff06550-groupManagement] INFO  server.RaftServerConfigKeys (ConfUtils.java:logGet(46)) - raft.server.log.statemachine.data.sync = true (default)
2023-08-25 08:53:42,994 [df7ffc6f-4fb9-49c9-8407-31fb6ff06550-groupManagement] INFO  server.RaftServerConfigKeys (ConfUtils.java:logGet(46)) - raft.server.log.statemachine.data.sync.timeout = 10s (default)
2023-08-25 08:53:42,994 [df7ffc6f-4fb9-49c9-8407-31fb6ff06550-groupManagement] INFO  server.RaftServerConfigKeys (ConfUtils.java:logGet(46)) - raft.server.log.statemachine.data.sync.timeout.retry = -1 (default)
2023-08-25 08:53:42,994 [df7ffc6f-4fb9-49c9-8407-31fb6ff06550-groupManagement] INFO  server.RaftServerConfigKeys (ConfUtils.java:logGet(46)) - raft.server.log.write.buffer.size = 1048576 (custom)
2023-08-25 08:53:42,995 [df7ffc6f-4fb9-49c9-8407-31fb6ff06550-groupManagement] INFO  server.RaftServerConfigKeys (ConfUtils.java:logGet(46)) - raft.server.log.appender.buffer.byte-limit = 33554432 (custom)
2023-08-25 08:53:43,001 [df7ffc6f-4fb9-49c9-8407-31fb6ff06550-groupManagement] INFO  server.RaftServerConfigKeys (ConfUtils.java:logGet(46)) - raft.server.log.unsafe-flush.enabled = false (default)
2023-08-25 08:53:43,001 [df7ffc6f-4fb9-49c9-8407-31fb6ff06550-groupManagement] INFO  server.RaftServerConfigKeys (ConfUtils.java:logGet(46)) - raft.server.log.async-flush.enabled = false (default)
2023-08-25 08:53:43,001 [df7ffc6f-4fb9-49c9-8407-31fb6ff06550-groupManagement] INFO  server.RaftServerConfigKeys (ConfUtils.java:logGet(46)) - raft.server.log.statemachine.data.caching.enabled = true (custom)
2023-08-25 08:53:43,001 [df7ffc6f-4fb9-49c9-8407-31fb6ff06550-groupManagement] INFO  segmented.SegmentedRaftLogWorker (SegmentedRaftLogWorker.java:lambda$new$0(135)) - df7ffc6f-4fb9-49c9-8407-31fb6ff06550@group-37D1433DE2F4-SegmentedRaftLogWorker: flushIndex: setUnconditionally 0 -> -1
2023-08-25 08:53:43,001 [df7ffc6f-4fb9-49c9-8407-31fb6ff06550-groupManagement] INFO  segmented.SegmentedRaftLogWorker (SegmentedRaftLogWorker.java:lambda$new$0(135)) - df7ffc6f-4fb9-49c9-8407-31fb6ff06550@group-37D1433DE2F4-SegmentedRaftLogWorker: safeCacheEvictIndex: setUnconditionally 0 -> -1
2023-08-25 08:53:43,002 [df7ffc6f-4fb9-49c9-8407-31fb6ff06550-groupManagement] INFO  server.RaftServer$Division (RaftServerImpl.java:start(342)) - df7ffc6f-4fb9-49c9-8407-31fb6ff06550@group-37D1433DE2F4: start as a follower, conf=-1: peers:[8a274684-c774-4cfd-af69-c1a0c827c28c|rpc:10.1.0.19:15226|admin:10.1.0.19:15225|client:10.1.0.19:15224|dataStream:10.1.0.19:15227|priority:1|startupRole:FOLLOWER, 74226a13-8718-4542-a815-a533182346c1|rpc:10.1.0.19:15235|admin:10.1.0.19:15234|client:10.1.0.19:15233|dataStream:10.1.0.19:15236|priority:0|startupRole:FOLLOWER, df7ffc6f-4fb9-49c9-8407-31fb6ff06550|rpc:10.1.0.19:15244|admin:10.1.0.19:15243|client:10.1.0.19:15242|dataStream:10.1.0.19:15245|priority:0|startupRole:FOLLOWER]|listeners:[], old=null
2023-08-25 08:53:43,002 [df7ffc6f-4fb9-49c9-8407-31fb6ff06550-groupManagement] INFO  server.RaftServer$Division (RaftServerImpl.java:setRole(329)) - df7ffc6f-4fb9-49c9-8407-31fb6ff06550@group-37D1433DE2F4: changes role from      null to FOLLOWER at term 0 for startAsFollower
2023-08-25 08:53:43,002 [df7ffc6f-4fb9-49c9-8407-31fb6ff06550-groupManagement] INFO  impl.RoleInfo (RoleInfo.java:updateAndGet(139)) - df7ffc6f-4fb9-49c9-8407-31fb6ff06550: start df7ffc6f-4fb9-49c9-8407-31fb6ff06550@group-37D1433DE2F4-FollowerState
2023-08-25 08:53:43,002 [df7ffc6f-4fb9-49c9-8407-31fb6ff06550-groupManagement] INFO  util.JmxRegister (JmxRegister.java:tryRegister(44)) - Successfully registered JMX Bean with object name Ratis:service=RaftServer,group=group-37D1433DE2F4,id=df7ffc6f-4fb9-49c9-8407-31fb6ff06550
2023-08-25 08:53:43,002 [df7ffc6f-4fb9-49c9-8407-31fb6ff06550@group-37D1433DE2F4-FollowerState] INFO  server.RaftServerConfigKeys (ConfUtils.java:logFallback(53)) - raft.server.rpc.first-election.timeout.min = 5s (fallback to raft.server.rpc.timeout.min)
2023-08-25 08:53:43,002 [df7ffc6f-4fb9-49c9-8407-31fb6ff06550-groupManagement] INFO  server.RaftServerConfigKeys (ConfUtils.java:logGet(46)) - raft.server.snapshot.auto.trigger.enabled = true (custom)
2023-08-25 08:53:43,002 [df7ffc6f-4fb9-49c9-8407-31fb6ff06550@group-37D1433DE2F4-FollowerState] INFO  server.RaftServerConfigKeys (ConfUtils.java:logFallback(53)) - raft.server.rpc.first-election.timeout.max = 5200ms (fallback to raft.server.rpc.timeout.max)
2023-08-25 08:53:43,002 [df7ffc6f-4fb9-49c9-8407-31fb6ff06550-groupManagement] INFO  server.RaftServerConfigKeys (ConfUtils.java:logGet(46)) - raft.server.snapshot.auto.trigger.threshold = 10000 (custom)
2023-08-25 08:53:43,002 [df7ffc6f-4fb9-49c9-8407-31fb6ff06550-groupManagement] INFO  server.RaftServerConfigKeys (ConfUtils.java:logGet(46)) - raft.server.snapshot.retention.file.num = 5 (custom)
2023-08-25 08:53:43,002 [df7ffc6f-4fb9-49c9-8407-31fb6ff06550-groupManagement] INFO  server.RaftServerConfigKeys (ConfUtils.java:logGet(46)) - raft.server.log.purge.upto.snapshot.index = false (default)
2023-08-25 08:53:43,009 [PipelineCommandHandlerThread-0] INFO  commandhandler.CreatePipelineCommandHandler (CreatePipelineCommandHandler.java:lambda$handle$2(124)) - Created Pipeline RATIS THREE PipelineID=bfea3e49-4f7a-4011-b168-37d1433de2f4.
2023-08-25 08:53:43,010 [PipelineCommandHandlerThread-0] INFO  server.RaftServer (RaftServerProxy.java:addNew(98)) - 8a274684-c774-4cfd-af69-c1a0c827c28c: addNew group-82CCEDDB1BA2:[8a274684-c774-4cfd-af69-c1a0c827c28c|rpc:10.1.0.19:15226|admin:10.1.0.19:15225|client:10.1.0.19:15224|dataStream:10.1.0.19:15227|priority:0|startupRole:FOLLOWER, df7ffc6f-4fb9-49c9-8407-31fb6ff06550|rpc:10.1.0.19:15244|admin:10.1.0.19:15243|client:10.1.0.19:15242|dataStream:10.1.0.19:15245|priority:1|startupRole:FOLLOWER, 74226a13-8718-4542-a815-a533182346c1|rpc:10.1.0.19:15235|admin:10.1.0.19:15234|client:10.1.0.19:15233|dataStream:10.1.0.19:15236|priority:0|startupRole:FOLLOWER] returns group-82CCEDDB1BA2:java.util.concurrent.CompletableFuture@59ee60fb[Not completed]
2023-08-25 08:53:43,010 [8a274684-c774-4cfd-af69-c1a0c827c28c-groupManagement] INFO  server.RaftServer$Division (RaftServerImpl.java:<init>(198)) - 8a274684-c774-4cfd-af69-c1a0c827c28c: new RaftServerImpl for group-82CCEDDB1BA2:[8a274684-c774-4cfd-af69-c1a0c827c28c|rpc:10.1.0.19:15226|admin:10.1.0.19:15225|client:10.1.0.19:15224|dataStream:10.1.0.19:15227|priority:0|startupRole:FOLLOWER, df7ffc6f-4fb9-49c9-8407-31fb6ff06550|rpc:10.1.0.19:15244|admin:10.1.0.19:15243|client:10.1.0.19:15242|dataStream:10.1.0.19:15245|priority:1|startupRole:FOLLOWER, 74226a13-8718-4542-a815-a533182346c1|rpc:10.1.0.19:15235|admin:10.1.0.19:15234|client:10.1.0.19:15233|dataStream:10.1.0.19:15236|priority:0|startupRole:FOLLOWER] with ContainerStateMachine:uninitialized
2023-08-25 08:53:43,011 [8a274684-c774-4cfd-af69-c1a0c827c28c-groupManagement] INFO  server.RaftServerConfigKeys (ConfUtils.java:logGet(46)) - raft.server.rpc.timeout.min = 5s (custom)
2023-08-25 08:53:43,011 [8a274684-c774-4cfd-af69-c1a0c827c28c-groupManagement] INFO  server.RaftServerConfigKeys (ConfUtils.java:logGet(46)) - raft.server.rpc.timeout.max = 5200ms (custom)
2023-08-25 08:53:43,011 [8a274684-c774-4cfd-af69-c1a0c827c28c-groupManagement] INFO  server.RaftServerConfigKeys (ConfUtils.java:logGet(46)) - raft.server.rpc.sleep.time = 25ms (default)
2023-08-25 08:53:43,011 [8a274684-c774-4cfd-af69-c1a0c827c28c-groupManagement] INFO  server.RaftServerConfigKeys (ConfUtils.java:logGet(46)) - raft.server.rpc.slowness.timeout = 300s (custom)
2023-08-25 08:53:43,011 [8a274684-c774-4cfd-af69-c1a0c827c28c-groupManagement] INFO  server.RaftServerConfigKeys (ConfUtils.java:logGet(46)) - raft.server.leaderelection.leader.step-down.wait-time = 10s (default)
2023-08-25 08:53:43,011 [8a274684-c774-4cfd-af69-c1a0c827c28c-groupManagement] INFO  server.RaftServerConfigKeys (ConfUtils.java:logGet(46)) - raft.server.sleep.deviation.threshold = 300ms (default)
2023-08-25 08:53:43,011 [8a274684-c774-4cfd-af69-c1a0c827c28c-groupManagement] INFO  server.RaftServer$Division (ServerState.java:<init>(120)) - 8a274684-c774-4cfd-af69-c1a0c827c28c@group-82CCEDDB1BA2: ConfigurationManager, init=-1: peers:[8a274684-c774-4cfd-af69-c1a0c827c28c|rpc:10.1.0.19:15226|admin:10.1.0.19:15225|client:10.1.0.19:15224|dataStream:10.1.0.19:15227|priority:0|startupRole:FOLLOWER, df7ffc6f-4fb9-49c9-8407-31fb6ff06550|rpc:10.1.0.19:15244|admin:10.1.0.19:15243|client:10.1.0.19:15242|dataStream:10.1.0.19:15245|priority:1|startupRole:FOLLOWER, 74226a13-8718-4542-a815-a533182346c1|rpc:10.1.0.19:15235|admin:10.1.0.19:15234|client:10.1.0.19:15233|dataStream:10.1.0.19:15236|priority:0|startupRole:FOLLOWER]|listeners:[], old=null, confs=<EMPTY_MAP>
2023-08-25 08:53:43,011 [8a274684-c774-4cfd-af69-c1a0c827c28c-groupManagement] INFO  server.RaftServerConfigKeys (ConfUtils.java:logGet(46)) - raft.server.storage.dir = [/home/runner/work/ozone/ozone/hadoop-ozone/integration-test/target/test-dir/MiniOzoneClusterImpl-e692d0c4-4f9e-424f-81a0-065ebcedd1d3/datanode-0/data/ratis] (custom)
2023-08-25 08:53:43,011 [8a274684-c774-4cfd-af69-c1a0c827c28c-groupManagement] INFO  server.RaftServerConfigKeys (ConfUtils.java:logGet(46)) - raft.server.log.corruption.policy = EXCEPTION (default)
2023-08-25 08:53:43,011 [8a274684-c774-4cfd-af69-c1a0c827c28c-groupManagement] INFO  server.RaftServerConfigKeys (ConfUtils.java:logGet(46)) - raft.server.storage.free-space.min = 0MB (=0) (default)
2023-08-25 08:53:43,011 [8a274684-c774-4cfd-af69-c1a0c827c28c-groupManagement] INFO  server.RaftServerConfigKeys (ConfUtils.java:logGet(46)) - raft.server.notification.no-leader.timeout = 300s (custom)
2023-08-25 08:53:43,011 [8a274684-c774-4cfd-af69-c1a0c827c28c-groupManagement] INFO  server.RaftServerConfigKeys (ConfUtils.java:logGet(46)) - raft.server.read.timeout = 10s (default)
2023-08-25 08:53:43,011 [8a274684-c774-4cfd-af69-c1a0c827c28c-groupManagement] INFO  server.RaftServerConfigKeys (ConfUtils.java:logGet(46)) - raft.server.retrycache.expirytime = 600000ms (custom)
2023-08-25 08:53:43,011 [8a274684-c774-4cfd-af69-c1a0c827c28c-groupManagement] INFO  server.RaftServerConfigKeys (ConfUtils.java:logGet(46)) - raft.server.retrycache.statistics.expirytime = 100μs (default)
2023-08-25 08:53:43,012 [8a274684-c774-4cfd-af69-c1a0c827c28c-groupManagement] INFO  server.RaftServerConfigKeys (ConfUtils.java:logGet(46)) - raft.server.read.option = DEFAULT (default)
2023-08-25 08:53:43,012 [8a274684-c774-4cfd-af69-c1a0c827c28c-groupManagement] INFO  server.RaftServerConfigKeys (ConfUtils.java:logGet(46)) - raft.server.rpc.request.timeout = 60s (custom)
2023-08-25 08:53:43,012 [8a274684-c774-4cfd-af69-c1a0c827c28c-groupManagement] INFO  server.RaftServerConfigKeys (ConfUtils.java:logGet(46)) - raft.server.log.appender.install.snapshot.enabled = false (custom)
2023-08-25 08:53:43,012 [8a274684-c774-4cfd-af69-c1a0c827c28c-groupManagement] INFO  server.RaftServerConfigKeys (ConfUtils.java:logGet(46)) - raft.server.threadpool.server.cached = true (default)
2023-08-25 08:53:43,012 [8a274684-c774-4cfd-af69-c1a0c827c28c-groupManagement] INFO  server.RaftServerConfigKeys (ConfUtils.java:logGet(46)) - raft.server.threadpool.server.size = 0 (default)
2023-08-25 08:53:43,012 [8a274684-c774-4cfd-af69-c1a0c827c28c-groupManagement] INFO  server.RaftServerConfigKeys (ConfUtils.java:logGet(46)) - raft.server.threadpool.client.cached = true (default)
2023-08-25 08:53:43,012 [8a274684-c774-4cfd-af69-c1a0c827c28c-groupManagement] INFO  server.RaftServerConfigKeys (ConfUtils.java:logGet(46)) - raft.server.threadpool.client.size = 0 (default)
2023-08-25 08:53:43,012 [8a274684-c774-4cfd-af69-c1a0c827c28c-groupManagement] INFO  storage.RaftStorageDirectory (RaftStorageDirectoryImpl.java:analyzeStorage(137)) - The storage directory /home/runner/work/ozone/ozone/hadoop-ozone/integration-test/target/test-dir/MiniOzoneClusterImpl-e692d0c4-4f9e-424f-81a0-065ebcedd1d3/datanode-0/data/ratis/3be12123-4a25-4ac6-9ba2-82cceddb1ba2 does not exist. Creating ...
2023-08-25 08:53:43,019 [8a274684-c774-4cfd-af69-c1a0c827c28c-groupManagement] INFO  storage.RaftStorageDirectory (RaftStorageDirectoryImpl.java:tryLock(231)) - Lock on /home/runner/work/ozone/ozone/hadoop-ozone/integration-test/target/test-dir/MiniOzoneClusterImpl-e692d0c4-4f9e-424f-81a0-065ebcedd1d3/datanode-0/data/ratis/3be12123-4a25-4ac6-9ba2-82cceddb1ba2/in_use.lock acquired by nodename 30217@fv-az584-689
2023-08-25 08:53:43,021 [8a274684-c774-4cfd-af69-c1a0c827c28c-groupManagement] INFO  storage.RaftStorage (RaftStorageImpl.java:format(96)) - Storage directory /home/runner/work/ozone/ozone/hadoop-ozone/integration-test/target/test-dir/MiniOzoneClusterImpl-e692d0c4-4f9e-424f-81a0-065ebcedd1d3/datanode-0/data/ratis/3be12123-4a25-4ac6-9ba2-82cceddb1ba2 has been successfully formatted.
2023-08-25 08:53:43,021 [8a274684-c774-4cfd-af69-c1a0c827c28c-groupManagement] INFO  ratis.ContainerStateMachine (ContainerStateMachine.java:loadSnapshot(262)) - group-82CCEDDB1BA2: The snapshot info is null. Setting the last applied indexto:(t:0, i:~)
2023-08-25 08:53:43,021 [8a274684-c774-4cfd-af69-c1a0c827c28c-groupManagement] INFO  server.RaftServerConfigKeys (ConfUtils.java:logGet(46)) - raft.server.log.use.memory = false (default)
2023-08-25 08:53:43,021 [8a274684-c774-4cfd-af69-c1a0c827c28c-groupManagement] INFO  server.RaftServerConfigKeys (ConfUtils.java:logGet(46)) - raft.server.log.purge.gap = 1000000 (custom)
2023-08-25 08:53:43,021 [8a274684-c774-4cfd-af69-c1a0c827c28c-groupManagement] INFO  server.RaftServerConfigKeys (ConfUtils.java:logGet(46)) - raft.server.log.appender.buffer.byte-limit = 33554432 (custom)
2023-08-25 08:53:43,022 [8a274684-c774-4cfd-af69-c1a0c827c28c-groupManagement] INFO  server.RaftServerConfigKeys (ConfUtils.java:logGet(46)) - raft.server.log.statemachine.data.read.timeout = 1000ms (default)
2023-08-25 08:53:43,023 [8a274684-c774-4cfd-af69-c1a0c827c28c-groupManagement] INFO  server.RaftServerConfigKeys (ConfUtils.java:logGet(46)) - raft.server.log.purge.preservation.log.num = 0 (default)
2023-08-25 08:53:43,023 [8a274684-c774-4cfd-af69-c1a0c827c28c-groupManagement] INFO  server.RaftServerConfigKeys (ConfUtils.java:logGet(46)) - raft.server.log.segment.size.max = 1048576 (custom)
2023-08-25 08:53:43,023 [8a274684-c774-4cfd-af69-c1a0c827c28c-groupManagement] INFO  server.RaftServerConfigKeys (ConfUtils.java:logGet(46)) - raft.server.log.segment.cache.num.max = 2 (custom)
2023-08-25 08:53:43,023 [8a274684-c774-4cfd-af69-c1a0c827c28c-groupManagement] INFO  server.RaftServerConfigKeys (ConfUtils.java:logGet(46)) - raft.server.log.segment.cache.size.max = 200MB (=209715200) (default)
2023-08-25 08:53:43,023 [8a274684-c774-4cfd-af69-c1a0c827c28c-groupManagement] INFO  server.RaftServerConfigKeys (ConfUtils.java:logGet(46)) - raft.server.log.appender.buffer.byte-limit = 33554432 (custom)
2023-08-25 08:53:43,023 [8a274684-c774-4cfd-af69-c1a0c827c28c-groupManagement] INFO  segmented.SegmentedRaftLogWorker (SegmentedRaftLogWorker.java:<init>(188)) - new 8a274684-c774-4cfd-af69-c1a0c827c28c@group-82CCEDDB1BA2-SegmentedRaftLogWorker for RaftStorageImpl:Storage Directory /home/runner/work/ozone/ozone/hadoop-ozone/integration-test/target/test-dir/MiniOzoneClusterImpl-e692d0c4-4f9e-424f-81a0-065ebcedd1d3/datanode-0/data/ratis/3be12123-4a25-4ac6-9ba2-82cceddb1ba2
2023-08-25 08:53:43,023 [8a274684-c774-4cfd-af69-c1a0c827c28c-groupManagement] INFO  server.RaftServerConfigKeys (ConfUtils.java:logGet(46)) - raft.server.log.queue.byte-limit = 4294967296 (custom)
2023-08-25 08:53:43,023 [8a274684-c774-4cfd-af69-c1a0c827c28c-groupManagement] INFO  server.RaftServerConfigKeys (ConfUtils.java:logGet(46)) - raft.server.log.queue.element-limit = 1024 (custom)
2023-08-25 08:53:43,023 [8a274684-c774-4cfd-af69-c1a0c827c28c-groupManagement] INFO  server.RaftServerConfigKeys (ConfUtils.java:logGet(46)) - raft.server.log.segment.size.max = 1048576 (custom)
2023-08-25 08:53:43,023 [8a274684-c774-4cfd-af69-c1a0c827c28c-groupManagement] INFO  server.RaftServerConfigKeys (ConfUtils.java:logGet(46)) - raft.server.log.preallocated.size = 16384 (custom)
2023-08-25 08:53:43,023 [8a274684-c774-4cfd-af69-c1a0c827c28c-groupManagement] INFO  server.RaftServerConfigKeys (ConfUtils.java:logGet(46)) - raft.server.log.force.sync.num = 128 (default)
2023-08-25 08:53:43,023 [8a274684-c774-4cfd-af69-c1a0c827c28c-groupManagement] INFO  server.RaftServerConfigKeys (ConfUtils.java:logGet(46)) - raft.server.log.statemachine.data.sync = true (default)
2023-08-25 08:53:43,024 [8a274684-c774-4cfd-af69-c1a0c827c28c-groupManagement] INFO  server.RaftServerConfigKeys (ConfUtils.java:logGet(46)) - raft.server.log.statemachine.data.sync.timeout = 10s (default)
2023-08-25 08:53:43,024 [8a274684-c774-4cfd-af69-c1a0c827c28c-groupManagement] INFO  server.RaftServerConfigKeys (ConfUtils.java:logGet(46)) - raft.server.log.statemachine.data.sync.timeout.retry = -1 (default)
2023-08-25 08:53:43,024 [8a274684-c774-4cfd-af69-c1a0c827c28c-groupManagement] INFO  server.RaftServerConfigKeys (ConfUtils.java:logGet(46)) - raft.server.log.write.buffer.size = 1048576 (custom)
2023-08-25 08:53:43,022 [EventQueue-OpenPipelineForHealthyPipelineSafeModeRule] INFO  safemode.SCMSafeModeManager (HealthyPipelineSafeModeRule.java:process(137)) - SCM in safe mode. Healthy pipelines reported count is 0, required healthy pipeline reported count is 1
2023-08-25 08:53:43,025 [8a274684-c774-4cfd-af69-c1a0c827c28c-groupManagement] INFO  server.RaftServerConfigKeys (ConfUtils.java:logGet(46)) - raft.server.log.appender.buffer.byte-limit = 33554432 (custom)
2023-08-25 08:53:43,030 [8a274684-c774-4cfd-af69-c1a0c827c28c-groupManagement] INFO  server.RaftServerConfigKeys (ConfUtils.java:logGet(46)) - raft.server.log.unsafe-flush.enabled = false (default)
2023-08-25 08:53:43,030 [8a274684-c774-4cfd-af69-c1a0c827c28c-groupManagement] INFO  server.RaftServerConfigKeys (ConfUtils.java:logGet(46)) - raft.server.log.async-flush.enabled = false (default)
2023-08-25 08:53:43,030 [8a274684-c774-4cfd-af69-c1a0c827c28c-groupManagement] INFO  server.RaftServerConfigKeys (ConfUtils.java:logGet(46)) - raft.server.log.statemachine.data.caching.enabled = true (custom)
2023-08-25 08:53:43,031 [8a274684-c774-4cfd-af69-c1a0c827c28c-groupManagement] INFO  segmented.SegmentedRaftLogWorker (SegmentedRaftLogWorker.java:lambda$new$0(135)) - 8a274684-c774-4cfd-af69-c1a0c827c28c@group-82CCEDDB1BA2-SegmentedRaftLogWorker: flushIndex: setUnconditionally 0 -> -1
2023-08-25 08:53:43,031 [8a274684-c774-4cfd-af69-c1a0c827c28c-groupManagement] INFO  segmented.SegmentedRaftLogWorker (SegmentedRaftLogWorker.java:lambda$new$0(135)) - 8a274684-c774-4cfd-af69-c1a0c827c28c@group-82CCEDDB1BA2-SegmentedRaftLogWorker: safeCacheEvictIndex: setUnconditionally 0 -> -1
2023-08-25 08:53:43,031 [8a274684-c774-4cfd-af69-c1a0c827c28c-groupManagement] INFO  server.RaftServer$Division (RaftServerImpl.java:start(342)) - 8a274684-c774-4cfd-af69-c1a0c827c28c@group-82CCEDDB1BA2: start as a follower, conf=-1: peers:[8a274684-c774-4cfd-af69-c1a0c827c28c|rpc:10.1.0.19:15226|admin:10.1.0.19:15225|client:10.1.0.19:15224|dataStream:10.1.0.19:15227|priority:0|startupRole:FOLLOWER, df7ffc6f-4fb9-49c9-8407-31fb6ff06550|rpc:10.1.0.19:15244|admin:10.1.0.19:15243|client:10.1.0.19:15242|dataStream:10.1.0.19:15245|priority:1|startupRole:FOLLOWER, 74226a13-8718-4542-a815-a533182346c1|rpc:10.1.0.19:15235|admin:10.1.0.19:15234|client:10.1.0.19:15233|dataStream:10.1.0.19:15236|priority:0|startupRole:FOLLOWER]|listeners:[], old=null
2023-08-25 08:53:43,031 [8a274684-c774-4cfd-af69-c1a0c827c28c-groupManagement] INFO  server.RaftServer$Division (RaftServerImpl.java:setRole(329)) - 8a274684-c774-4cfd-af69-c1a0c827c28c@group-82CCEDDB1BA2: changes role from      null to FOLLOWER at term 0 for startAsFollower
2023-08-25 08:53:43,031 [8a274684-c774-4cfd-af69-c1a0c827c28c-groupManagement] INFO  impl.RoleInfo (RoleInfo.java:updateAndGet(139)) - 8a274684-c774-4cfd-af69-c1a0c827c28c: start 8a274684-c774-4cfd-af69-c1a0c827c28c@group-82CCEDDB1BA2-FollowerState
2023-08-25 08:53:43,031 [8a274684-c774-4cfd-af69-c1a0c827c28c-groupManagement] INFO  util.JmxRegister (JmxRegister.java:tryRegister(44)) - Successfully registered JMX Bean with object name Ratis:service=RaftServer,group=group-82CCEDDB1BA2,id=8a274684-c774-4cfd-af69-c1a0c827c28c
2023-08-25 08:53:43,031 [8a274684-c774-4cfd-af69-c1a0c827c28c@group-82CCEDDB1BA2-FollowerState] INFO  server.RaftServerConfigKeys (ConfUtils.java:logFallback(53)) - raft.server.rpc.first-election.timeout.min = 5s (fallback to raft.server.rpc.timeout.min)
2023-08-25 08:53:43,031 [8a274684-c774-4cfd-af69-c1a0c827c28c-groupManagement] INFO  server.RaftServerConfigKeys (ConfUtils.java:logGet(46)) - raft.server.snapshot.auto.trigger.enabled = true (custom)
2023-08-25 08:53:43,032 [8a274684-c774-4cfd-af69-c1a0c827c28c@group-82CCEDDB1BA2-FollowerState] INFO  server.RaftServerConfigKeys (ConfUtils.java:logFallback(53)) - raft.server.rpc.first-election.timeout.max = 5200ms (fallback to raft.server.rpc.timeout.max)
2023-08-25 08:53:43,032 [8a274684-c774-4cfd-af69-c1a0c827c28c-groupManagement] INFO  server.RaftServerConfigKeys (ConfUtils.java:logGet(46)) - raft.server.snapshot.auto.trigger.threshold = 10000 (custom)
2023-08-25 08:53:43,032 [8a274684-c774-4cfd-af69-c1a0c827c28c-groupManagement] INFO  server.RaftServerConfigKeys (ConfUtils.java:logGet(46)) - raft.server.snapshot.retention.file.num = 5 (custom)
2023-08-25 08:53:43,032 [8a274684-c774-4cfd-af69-c1a0c827c28c-groupManagement] INFO  server.RaftServerConfigKeys (ConfUtils.java:logGet(46)) - raft.server.log.purge.upto.snapshot.index = false (default)
2023-08-25 08:53:43,032 [PipelineCommandHandlerThread-0] INFO  ratis.XceiverServerRatis (XceiverServerRatis.java:addGroup(804)) - Created group PipelineID=3be12123-4a25-4ac6-9ba2-82cceddb1ba2
2023-08-25 08:53:43,042 [grpc-default-executor-0] INFO  server.RaftServer (RaftServerProxy.java:addNew(98)) - df7ffc6f-4fb9-49c9-8407-31fb6ff06550: addNew group-82CCEDDB1BA2:[8a274684-c774-4cfd-af69-c1a0c827c28c|rpc:10.1.0.19:15226|admin:10.1.0.19:15225|client:10.1.0.19:15224|dataStream:10.1.0.19:15227|priority:0|startupRole:FOLLOWER, df7ffc6f-4fb9-49c9-8407-31fb6ff06550|rpc:10.1.0.19:15244|admin:10.1.0.19:15243|client:10.1.0.19:15242|dataStream:10.1.0.19:15245|priority:1|startupRole:FOLLOWER, 74226a13-8718-4542-a815-a533182346c1|rpc:10.1.0.19:15235|admin:10.1.0.19:15234|client:10.1.0.19:15233|dataStream:10.1.0.19:15236|priority:0|startupRole:FOLLOWER] returns group-82CCEDDB1BA2:java.util.concurrent.CompletableFuture@25a5b925[Not completed]
2023-08-25 08:53:43,043 [df7ffc6f-4fb9-49c9-8407-31fb6ff06550-groupManagement] INFO  server.RaftServer$Division (RaftServerImpl.java:<init>(198)) - df7ffc6f-4fb9-49c9-8407-31fb6ff06550: new RaftServerImpl for group-82CCEDDB1BA2:[8a274684-c774-4cfd-af69-c1a0c827c28c|rpc:10.1.0.19:15226|admin:10.1.0.19:15225|client:10.1.0.19:15224|dataStream:10.1.0.19:15227|priority:0|startupRole:FOLLOWER, df7ffc6f-4fb9-49c9-8407-31fb6ff06550|rpc:10.1.0.19:15244|admin:10.1.0.19:15243|client:10.1.0.19:15242|dataStream:10.1.0.19:15245|priority:1|startupRole:FOLLOWER, 74226a13-8718-4542-a815-a533182346c1|rpc:10.1.0.19:15235|admin:10.1.0.19:15234|client:10.1.0.19:15233|dataStream:10.1.0.19:15236|priority:0|startupRole:FOLLOWER] with ContainerStateMachine:uninitialized
2023-08-25 08:53:43,043 [df7ffc6f-4fb9-49c9-8407-31fb6ff06550-groupManagement] INFO  server.RaftServerConfigKeys (ConfUtils.java:logGet(46)) - raft.server.rpc.timeout.min = 5s (custom)
2023-08-25 08:53:43,043 [df7ffc6f-4fb9-49c9-8407-31fb6ff06550-groupManagement] INFO  server.RaftServerConfigKeys (ConfUtils.java:logGet(46)) - raft.server.rpc.timeout.max = 5200ms (custom)
2023-08-25 08:53:43,043 [df7ffc6f-4fb9-49c9-8407-31fb6ff06550-groupManagement] INFO  server.RaftServerConfigKeys (ConfUtils.java:logGet(46)) - raft.server.rpc.sleep.time = 25ms (default)
2023-08-25 08:53:43,043 [df7ffc6f-4fb9-49c9-8407-31fb6ff06550-groupManagement] INFO  server.RaftServerConfigKeys (ConfUtils.java:logGet(46)) - raft.server.rpc.slowness.timeout = 300s (custom)
2023-08-25 08:53:43,043 [df7ffc6f-4fb9-49c9-8407-31fb6ff06550-groupManagement] INFO  server.RaftServerConfigKeys (ConfUtils.java:logGet(46)) - raft.server.leaderelection.leader.step-down.wait-time = 10s (default)
2023-08-25 08:53:43,043 [df7ffc6f-4fb9-49c9-8407-31fb6ff06550-groupManagement] INFO  server.RaftServerConfigKeys (ConfUtils.java:logGet(46)) - raft.server.sleep.deviation.threshold = 300ms (default)
2023-08-25 08:53:43,044 [df7ffc6f-4fb9-49c9-8407-31fb6ff06550-groupManagement] INFO  server.RaftServer$Division (ServerState.java:<init>(120)) - df7ffc6f-4fb9-49c9-8407-31fb6ff06550@group-82CCEDDB1BA2: ConfigurationManager, init=-1: peers:[8a274684-c774-4cfd-af69-c1a0c827c28c|rpc:10.1.0.19:15226|admin:10.1.0.19:15225|client:10.1.0.19:15224|dataStream:10.1.0.19:15227|priority:0|startupRole:FOLLOWER, df7ffc6f-4fb9-49c9-8407-31fb6ff06550|rpc:10.1.0.19:15244|admin:10.1.0.19:15243|client:10.1.0.19:15242|dataStream:10.1.0.19:15245|priority:1|startupRole:FOLLOWER, 74226a13-8718-4542-a815-a533182346c1|rpc:10.1.0.19:15235|admin:10.1.0.19:15234|client:10.1.0.19:15233|dataStream:10.1.0.19:15236|priority:0|startupRole:FOLLOWER]|listeners:[], old=null, confs=<EMPTY_MAP>
2023-08-25 08:53:43,044 [df7ffc6f-4fb9-49c9-8407-31fb6ff06550-groupManagement] INFO  server.RaftServerConfigKeys (ConfUtils.java:logGet(46)) - raft.server.storage.dir = [/home/runner/work/ozone/ozone/hadoop-ozone/integration-test/target/test-dir/MiniOzoneClusterImpl-e692d0c4-4f9e-424f-81a0-065ebcedd1d3/datanode-2/data/ratis] (custom)
2023-08-25 08:53:43,044 [df7ffc6f-4fb9-49c9-8407-31fb6ff06550-groupManagement] INFO  server.RaftServerConfigKeys (ConfUtils.java:logGet(46)) - raft.server.log.corruption.policy = EXCEPTION (default)
2023-08-25 08:53:43,044 [df7ffc6f-4fb9-49c9-8407-31fb6ff06550-groupManagement] INFO  server.RaftServerConfigKeys (ConfUtils.java:logGet(46)) - raft.server.storage.free-space.min = 0MB (=0) (default)
2023-08-25 08:53:43,044 [df7ffc6f-4fb9-49c9-8407-31fb6ff06550-groupManagement] INFO  server.RaftServerConfigKeys (ConfUtils.java:logGet(46)) - raft.server.notification.no-leader.timeout = 300s (custom)
2023-08-25 08:53:43,044 [df7ffc6f-4fb9-49c9-8407-31fb6ff06550-groupManagement] INFO  server.RaftServerConfigKeys (ConfUtils.java:logGet(46)) - raft.server.read.timeout = 10s (default)
2023-08-25 08:53:43,044 [df7ffc6f-4fb9-49c9-8407-31fb6ff06550-groupManagement] INFO  server.RaftServerConfigKeys (ConfUtils.java:logGet(46)) - raft.server.retrycache.expirytime = 600000ms (custom)
2023-08-25 08:53:43,044 [df7ffc6f-4fb9-49c9-8407-31fb6ff06550-groupManagement] INFO  server.RaftServerConfigKeys (ConfUtils.java:logGet(46)) - raft.server.retrycache.statistics.expirytime = 100μs (default)
2023-08-25 08:53:43,044 [df7ffc6f-4fb9-49c9-8407-31fb6ff06550-groupManagement] INFO  server.RaftServerConfigKeys (ConfUtils.java:logGet(46)) - raft.server.read.option = DEFAULT (default)
2023-08-25 08:53:43,045 [df7ffc6f-4fb9-49c9-8407-31fb6ff06550-groupManagement] INFO  server.RaftServerConfigKeys (ConfUtils.java:logGet(46)) - raft.server.rpc.request.timeout = 60s (custom)
2023-08-25 08:53:43,045 [df7ffc6f-4fb9-49c9-8407-31fb6ff06550-groupManagement] INFO  server.RaftServerConfigKeys (ConfUtils.java:logGet(46)) - raft.server.log.appender.install.snapshot.enabled = false (custom)
2023-08-25 08:53:43,045 [df7ffc6f-4fb9-49c9-8407-31fb6ff06550-groupManagement] INFO  server.RaftServerConfigKeys (ConfUtils.java:logGet(46)) - raft.server.threadpool.server.cached = true (default)
2023-08-25 08:53:43,045 [df7ffc6f-4fb9-49c9-8407-31fb6ff06550-groupManagement] INFO  server.RaftServerConfigKeys (ConfUtils.java:logGet(46)) - raft.server.threadpool.server.size = 0 (default)
2023-08-25 08:53:43,045 [df7ffc6f-4fb9-49c9-8407-31fb6ff06550-groupManagement] INFO  server.RaftServerConfigKeys (ConfUtils.java:logGet(46)) - raft.server.threadpool.client.cached = true (default)
2023-08-25 08:53:43,045 [df7ffc6f-4fb9-49c9-8407-31fb6ff06550-groupManagement] INFO  server.RaftServerConfigKeys (ConfUtils.java:logGet(46)) - raft.server.threadpool.client.size = 0 (default)
2023-08-25 08:53:43,045 [df7ffc6f-4fb9-49c9-8407-31fb6ff06550-groupManagement] INFO  storage.RaftStorageDirectory (RaftStorageDirectoryImpl.java:analyzeStorage(137)) - The storage directory /home/runner/work/ozone/ozone/hadoop-ozone/integration-test/target/test-dir/MiniOzoneClusterImpl-e692d0c4-4f9e-424f-81a0-065ebcedd1d3/datanode-2/data/ratis/3be12123-4a25-4ac6-9ba2-82cceddb1ba2 does not exist. Creating ...
2023-08-25 08:53:43,046 [df7ffc6f-4fb9-49c9-8407-31fb6ff06550-groupManagement] INFO  storage.RaftStorageDirectory (RaftStorageDirectoryImpl.java:tryLock(231)) - Lock on /home/runner/work/ozone/ozone/hadoop-ozone/integration-test/target/test-dir/MiniOzoneClusterImpl-e692d0c4-4f9e-424f-81a0-065ebcedd1d3/datanode-2/data/ratis/3be12123-4a25-4ac6-9ba2-82cceddb1ba2/in_use.lock acquired by nodename 30217@fv-az584-689
2023-08-25 08:53:43,048 [df7ffc6f-4fb9-49c9-8407-31fb6ff06550-groupManagement] INFO  storage.RaftStorage (RaftStorageImpl.java:format(96)) - Storage directory /home/runner/work/ozone/ozone/hadoop-ozone/integration-test/target/test-dir/MiniOzoneClusterImpl-e692d0c4-4f9e-424f-81a0-065ebcedd1d3/datanode-2/data/ratis/3be12123-4a25-4ac6-9ba2-82cceddb1ba2 has been successfully formatted.
2023-08-25 08:53:43,048 [df7ffc6f-4fb9-49c9-8407-31fb6ff06550-groupManagement] INFO  ratis.ContainerStateMachine (ContainerStateMachine.java:loadSnapshot(262)) - group-82CCEDDB1BA2: The snapshot info is null. Setting the last applied indexto:(t:0, i:~)
2023-08-25 08:53:43,048 [df7ffc6f-4fb9-49c9-8407-31fb6ff06550-groupManagement] INFO  server.RaftServerConfigKeys (ConfUtils.java:logGet(46)) - raft.server.log.use.memory = false (default)
2023-08-25 08:53:43,048 [df7ffc6f-4fb9-49c9-8407-31fb6ff06550-groupManagement] INFO  server.RaftServerConfigKeys (ConfUtils.java:logGet(46)) - raft.server.log.purge.gap = 1000000 (custom)
2023-08-25 08:53:43,049 [df7ffc6f-4fb9-49c9-8407-31fb6ff06550-groupManagement] INFO  server.RaftServerConfigKeys (ConfUtils.java:logGet(46)) - raft.server.log.appender.buffer.byte-limit = 33554432 (custom)
2023-08-25 08:53:43,049 [df7ffc6f-4fb9-49c9-8407-31fb6ff06550-groupManagement] INFO  server.RaftServerConfigKeys (ConfUtils.java:logGet(46)) - raft.server.log.statemachine.data.read.timeout = 1000ms (default)
2023-08-25 08:53:43,049 [df7ffc6f-4fb9-49c9-8407-31fb6ff06550-groupManagement] INFO  server.RaftServerConfigKeys (ConfUtils.java:logGet(46)) - raft.server.log.purge.preservation.log.num = 0 (default)
2023-08-25 08:53:43,050 [df7ffc6f-4fb9-49c9-8407-31fb6ff06550-groupManagement] INFO  server.RaftServerConfigKeys (ConfUtils.java:logGet(46)) - raft.server.log.segment.size.max = 1048576 (custom)
2023-08-25 08:53:43,051 [df7ffc6f-4fb9-49c9-8407-31fb6ff06550-groupManagement] INFO  server.RaftServerConfigKeys (ConfUtils.java:logGet(46)) - raft.server.log.segment.cache.num.max = 2 (custom)
2023-08-25 08:53:43,051 [df7ffc6f-4fb9-49c9-8407-31fb6ff06550-groupManagement] INFO  server.RaftServerConfigKeys (ConfUtils.java:logGet(46)) - raft.server.log.segment.cache.size.max = 200MB (=209715200) (default)
2023-08-25 08:53:43,051 [df7ffc6f-4fb9-49c9-8407-31fb6ff06550-groupManagement] INFO  server.RaftServerConfigKeys (ConfUtils.java:logGet(46)) - raft.server.log.appender.buffer.byte-limit = 33554432 (custom)
2023-08-25 08:53:43,051 [df7ffc6f-4fb9-49c9-8407-31fb6ff06550-groupManagement] INFO  segmented.SegmentedRaftLogWorker (SegmentedRaftLogWorker.java:<init>(188)) - new df7ffc6f-4fb9-49c9-8407-31fb6ff06550@group-82CCEDDB1BA2-SegmentedRaftLogWorker for RaftStorageImpl:Storage Directory /home/runner/work/ozone/ozone/hadoop-ozone/integration-test/target/test-dir/MiniOzoneClusterImpl-e692d0c4-4f9e-424f-81a0-065ebcedd1d3/datanode-2/data/ratis/3be12123-4a25-4ac6-9ba2-82cceddb1ba2
2023-08-25 08:53:43,051 [df7ffc6f-4fb9-49c9-8407-31fb6ff06550-groupManagement] INFO  server.RaftServerConfigKeys (ConfUtils.java:logGet(46)) - raft.server.log.queue.byte-limit = 4294967296 (custom)
2023-08-25 08:53:43,051 [df7ffc6f-4fb9-49c9-8407-31fb6ff06550-groupManagement] INFO  server.RaftServerConfigKeys (ConfUtils.java:logGet(46)) - raft.server.log.queue.element-limit = 1024 (custom)
2023-08-25 08:53:43,051 [df7ffc6f-4fb9-49c9-8407-31fb6ff06550-groupManagement] INFO  server.RaftServerConfigKeys (ConfUtils.java:logGet(46)) - raft.server.log.segment.size.max = 1048576 (custom)
2023-08-25 08:53:43,051 [df7ffc6f-4fb9-49c9-8407-31fb6ff06550-groupManagement] INFO  server.RaftServerConfigKeys (ConfUtils.java:logGet(46)) - raft.server.log.preallocated.size = 16384 (custom)
2023-08-25 08:53:43,051 [df7ffc6f-4fb9-49c9-8407-31fb6ff06550-groupManagement] INFO  server.RaftServerConfigKeys (ConfUtils.java:logGet(46)) - raft.server.log.force.sync.num = 128 (default)
2023-08-25 08:53:43,051 [df7ffc6f-4fb9-49c9-8407-31fb6ff06550-groupManagement] INFO  server.RaftServerConfigKeys (ConfUtils.java:logGet(46)) - raft.server.log.statemachine.data.sync = true (default)
2023-08-25 08:53:43,051 [df7ffc6f-4fb9-49c9-8407-31fb6ff06550-groupManagement] INFO  server.RaftServerConfigKeys (ConfUtils.java:logGet(46)) - raft.server.log.statemachine.data.sync.timeout = 10s (default)
2023-08-25 08:53:43,051 [df7ffc6f-4fb9-49c9-8407-31fb6ff06550-groupManagement] INFO  server.RaftServerConfigKeys (ConfUtils.java:logGet(46)) - raft.server.log.statemachine.data.sync.timeout.retry = -1 (default)
2023-08-25 08:53:43,053 [df7ffc6f-4fb9-49c9-8407-31fb6ff06550-groupManagement] INFO  server.RaftServerConfigKeys (ConfUtils.java:logGet(46)) - raft.server.log.write.buffer.size = 1048576 (custom)
2023-08-25 08:53:43,055 [df7ffc6f-4fb9-49c9-8407-31fb6ff06550-groupManagement] INFO  server.RaftServerConfigKeys (ConfUtils.java:logGet(46)) - raft.server.log.appender.buffer.byte-limit = 33554432 (custom)
2023-08-25 08:53:43,122 [df7ffc6f-4fb9-49c9-8407-31fb6ff06550-groupManagement] INFO  server.RaftServerConfigKeys (ConfUtils.java:logGet(46)) - raft.server.log.unsafe-flush.enabled = false (default)
2023-08-25 08:53:43,122 [df7ffc6f-4fb9-49c9-8407-31fb6ff06550-groupManagement] INFO  server.RaftServerConfigKeys (ConfUtils.java:logGet(46)) - raft.server.log.async-flush.enabled = false (default)
2023-08-25 08:53:43,122 [df7ffc6f-4fb9-49c9-8407-31fb6ff06550-groupManagement] INFO  server.RaftServerConfigKeys (ConfUtils.java:logGet(46)) - raft.server.log.statemachine.data.caching.enabled = true (custom)
2023-08-25 08:53:43,122 [df7ffc6f-4fb9-49c9-8407-31fb6ff06550-groupManagement] INFO  segmented.SegmentedRaftLogWorker (SegmentedRaftLogWorker.java:lambda$new$0(135)) - df7ffc6f-4fb9-49c9-8407-31fb6ff06550@group-82CCEDDB1BA2-SegmentedRaftLogWorker: flushIndex: setUnconditionally 0 -> -1
2023-08-25 08:53:43,122 [df7ffc6f-4fb9-49c9-8407-31fb6ff06550-groupManagement] INFO  segmented.SegmentedRaftLogWorker (SegmentedRaftLogWorker.java:lambda$new$0(135)) - df7ffc6f-4fb9-49c9-8407-31fb6ff06550@group-82CCEDDB1BA2-SegmentedRaftLogWorker: safeCacheEvictIndex: setUnconditionally 0 -> -1
2023-08-25 08:53:43,123 [df7ffc6f-4fb9-49c9-8407-31fb6ff06550-groupManagement] INFO  server.RaftServer$Division (RaftServerImpl.java:start(342)) - df7ffc6f-4fb9-49c9-8407-31fb6ff06550@group-82CCEDDB1BA2: start as a follower, conf=-1: peers:[8a274684-c774-4cfd-af69-c1a0c827c28c|rpc:10.1.0.19:15226|admin:10.1.0.19:15225|client:10.1.0.19:15224|dataStream:10.1.0.19:15227|priority:0|startupRole:FOLLOWER, df7ffc6f-4fb9-49c9-8407-31fb6ff06550|rpc:10.1.0.19:15244|admin:10.1.0.19:15243|client:10.1.0.19:15242|dataStream:10.1.0.19:15245|priority:1|startupRole:FOLLOWER, 74226a13-8718-4542-a815-a533182346c1|rpc:10.1.0.19:15235|admin:10.1.0.19:15234|client:10.1.0.19:15233|dataStream:10.1.0.19:15236|priority:0|startupRole:FOLLOWER]|listeners:[], old=null
2023-08-25 08:53:43,123 [df7ffc6f-4fb9-49c9-8407-31fb6ff06550-groupManagement] INFO  server.RaftServer$Division (RaftServerImpl.java:setRole(329)) - df7ffc6f-4fb9-49c9-8407-31fb6ff06550@group-82CCEDDB1BA2: changes role from      null to FOLLOWER at term 0 for startAsFollower
2023-08-25 08:53:43,123 [df7ffc6f-4fb9-49c9-8407-31fb6ff06550-groupManagement] INFO  impl.RoleInfo (RoleInfo.java:updateAndGet(139)) - df7ffc6f-4fb9-49c9-8407-31fb6ff06550: start df7ffc6f-4fb9-49c9-8407-31fb6ff06550@group-82CCEDDB1BA2-FollowerState
2023-08-25 08:53:43,123 [df7ffc6f-4fb9-49c9-8407-31fb6ff06550-groupManagement] INFO  util.JmxRegister (JmxRegister.java:tryRegister(44)) - Successfully registered JMX Bean with object name Ratis:service=RaftServer,group=group-82CCEDDB1BA2,id=df7ffc6f-4fb9-49c9-8407-31fb6ff06550
2023-08-25 08:53:43,123 [df7ffc6f-4fb9-49c9-8407-31fb6ff06550-groupManagement] INFO  server.RaftServerConfigKeys (ConfUtils.java:logGet(46)) - raft.server.snapshot.auto.trigger.enabled = true (custom)
2023-08-25 08:53:43,123 [df7ffc6f-4fb9-49c9-8407-31fb6ff06550-groupManagement] INFO  server.RaftServerConfigKeys (ConfUtils.java:logGet(46)) - raft.server.snapshot.auto.trigger.threshold = 10000 (custom)
2023-08-25 08:53:43,123 [df7ffc6f-4fb9-49c9-8407-31fb6ff06550-groupManagement] INFO  server.RaftServerConfigKeys (ConfUtils.java:logGet(46)) - raft.server.snapshot.retention.file.num = 5 (custom)
2023-08-25 08:53:43,123 [df7ffc6f-4fb9-49c9-8407-31fb6ff06550-groupManagement] INFO  server.RaftServerConfigKeys (ConfUtils.java:logGet(46)) - raft.server.log.purge.upto.snapshot.index = false (default)
2023-08-25 08:53:43,124 [df7ffc6f-4fb9-49c9-8407-31fb6ff06550@group-82CCEDDB1BA2-FollowerState] INFO  server.RaftServerConfigKeys (ConfUtils.java:logFallback(53)) - raft.server.rpc.first-election.timeout.min = 5s (fallback to raft.server.rpc.timeout.min)
2023-08-25 08:53:43,124 [df7ffc6f-4fb9-49c9-8407-31fb6ff06550@group-82CCEDDB1BA2-FollowerState] INFO  server.RaftServerConfigKeys (ConfUtils.java:logFallback(53)) - raft.server.rpc.first-election.timeout.max = 5200ms (fallback to raft.server.rpc.timeout.max)
2023-08-25 08:53:43,163 [grpc-default-executor-0] INFO  server.RaftServer (RaftServerProxy.java:addNew(98)) - 74226a13-8718-4542-a815-a533182346c1: addNew group-82CCEDDB1BA2:[8a274684-c774-4cfd-af69-c1a0c827c28c|rpc:10.1.0.19:15226|admin:10.1.0.19:15225|client:10.1.0.19:15224|dataStream:10.1.0.19:15227|priority:0|startupRole:FOLLOWER, df7ffc6f-4fb9-49c9-8407-31fb6ff06550|rpc:10.1.0.19:15244|admin:10.1.0.19:15243|client:10.1.0.19:15242|dataStream:10.1.0.19:15245|priority:1|startupRole:FOLLOWER, 74226a13-8718-4542-a815-a533182346c1|rpc:10.1.0.19:15235|admin:10.1.0.19:15234|client:10.1.0.19:15233|dataStream:10.1.0.19:15236|priority:0|startupRole:FOLLOWER] returns group-82CCEDDB1BA2:java.util.concurrent.CompletableFuture@3fb64fbe[Not completed]
2023-08-25 08:53:43,164 [74226a13-8718-4542-a815-a533182346c1-groupManagement] INFO  server.RaftServer$Division (RaftServerImpl.java:<init>(198)) - 74226a13-8718-4542-a815-a533182346c1: new RaftServerImpl for group-82CCEDDB1BA2:[8a274684-c774-4cfd-af69-c1a0c827c28c|rpc:10.1.0.19:15226|admin:10.1.0.19:15225|client:10.1.0.19:15224|dataStream:10.1.0.19:15227|priority:0|startupRole:FOLLOWER, df7ffc6f-4fb9-49c9-8407-31fb6ff06550|rpc:10.1.0.19:15244|admin:10.1.0.19:15243|client:10.1.0.19:15242|dataStream:10.1.0.19:15245|priority:1|startupRole:FOLLOWER, 74226a13-8718-4542-a815-a533182346c1|rpc:10.1.0.19:15235|admin:10.1.0.19:15234|client:10.1.0.19:15233|dataStream:10.1.0.19:15236|priority:0|startupRole:FOLLOWER] with ContainerStateMachine:uninitialized
2023-08-25 08:53:43,164 [74226a13-8718-4542-a815-a533182346c1-groupManagement] INFO  server.RaftServerConfigKeys (ConfUtils.java:logGet(46)) - raft.server.rpc.timeout.min = 5s (custom)
2023-08-25 08:53:43,164 [74226a13-8718-4542-a815-a533182346c1-groupManagement] INFO  server.RaftServerConfigKeys (ConfUtils.java:logGet(46)) - raft.server.rpc.timeout.max = 5200ms (custom)
2023-08-25 08:53:43,164 [74226a13-8718-4542-a815-a533182346c1-groupManagement] INFO  server.RaftServerConfigKeys (ConfUtils.java:logGet(46)) - raft.server.rpc.sleep.time = 25ms (default)
2023-08-25 08:53:43,164 [74226a13-8718-4542-a815-a533182346c1-groupManagement] INFO  server.RaftServerConfigKeys (ConfUtils.java:logGet(46)) - raft.server.rpc.slowness.timeout = 300s (custom)
2023-08-25 08:53:43,164 [74226a13-8718-4542-a815-a533182346c1-groupManagement] INFO  server.RaftServerConfigKeys (ConfUtils.java:logGet(46)) - raft.server.leaderelection.leader.step-down.wait-time = 10s (default)
2023-08-25 08:53:43,164 [74226a13-8718-4542-a815-a533182346c1-groupManagement] INFO  server.RaftServerConfigKeys (ConfUtils.java:logGet(46)) - raft.server.sleep.deviation.threshold = 300ms (default)
2023-08-25 08:53:43,165 [74226a13-8718-4542-a815-a533182346c1-groupManagement] INFO  server.RaftServer$Division (ServerState.java:<init>(120)) - 74226a13-8718-4542-a815-a533182346c1@group-82CCEDDB1BA2: ConfigurationManager, init=-1: peers:[8a274684-c774-4cfd-af69-c1a0c827c28c|rpc:10.1.0.19:15226|admin:10.1.0.19:15225|client:10.1.0.19:15224|dataStream:10.1.0.19:15227|priority:0|startupRole:FOLLOWER, df7ffc6f-4fb9-49c9-8407-31fb6ff06550|rpc:10.1.0.19:15244|admin:10.1.0.19:15243|client:10.1.0.19:15242|dataStream:10.1.0.19:15245|priority:1|startupRole:FOLLOWER, 74226a13-8718-4542-a815-a533182346c1|rpc:10.1.0.19:15235|admin:10.1.0.19:15234|client:10.1.0.19:15233|dataStream:10.1.0.19:15236|priority:0|startupRole:FOLLOWER]|listeners:[], old=null, confs=<EMPTY_MAP>
2023-08-25 08:53:43,165 [74226a13-8718-4542-a815-a533182346c1-groupManagement] INFO  server.RaftServerConfigKeys (ConfUtils.java:logGet(46)) - raft.server.storage.dir = [/home/runner/work/ozone/ozone/hadoop-ozone/integration-test/target/test-dir/MiniOzoneClusterImpl-e692d0c4-4f9e-424f-81a0-065ebcedd1d3/datanode-1/data/ratis] (custom)
2023-08-25 08:53:43,165 [74226a13-8718-4542-a815-a533182346c1-groupManagement] INFO  server.RaftServerConfigKeys (ConfUtils.java:logGet(46)) - raft.server.log.corruption.policy = EXCEPTION (default)
2023-08-25 08:53:43,165 [74226a13-8718-4542-a815-a533182346c1-groupManagement] INFO  server.RaftServerConfigKeys (ConfUtils.java:logGet(46)) - raft.server.storage.free-space.min = 0MB (=0) (default)
2023-08-25 08:53:43,165 [74226a13-8718-4542-a815-a533182346c1-groupManagement] INFO  server.RaftServerConfigKeys (ConfUtils.java:logGet(46)) - raft.server.notification.no-leader.timeout = 300s (custom)
2023-08-25 08:53:43,165 [74226a13-8718-4542-a815-a533182346c1-groupManagement] INFO  server.RaftServerConfigKeys (ConfUtils.java:logGet(46)) - raft.server.read.timeout = 10s (default)
2023-08-25 08:53:43,165 [74226a13-8718-4542-a815-a533182346c1-groupManagement] INFO  server.RaftServerConfigKeys (ConfUtils.java:logGet(46)) - raft.server.retrycache.expirytime = 600000ms (custom)
2023-08-25 08:53:43,165 [74226a13-8718-4542-a815-a533182346c1-groupManagement] INFO  server.RaftServerConfigKeys (ConfUtils.java:logGet(46)) - raft.server.retrycache.statistics.expirytime = 100μs (default)
2023-08-25 08:53:43,165 [74226a13-8718-4542-a815-a533182346c1-groupManagement] INFO  server.RaftServerConfigKeys (ConfUtils.java:logGet(46)) - raft.server.read.option = DEFAULT (default)
2023-08-25 08:53:43,166 [74226a13-8718-4542-a815-a533182346c1-groupManagement] INFO  server.RaftServerConfigKeys (ConfUtils.java:logGet(46)) - raft.server.rpc.request.timeout = 60s (custom)
2023-08-25 08:53:43,166 [74226a13-8718-4542-a815-a533182346c1-groupManagement] INFO  server.RaftServerConfigKeys (ConfUtils.java:logGet(46)) - raft.server.log.appender.install.snapshot.enabled = false (custom)
2023-08-25 08:53:43,166 [74226a13-8718-4542-a815-a533182346c1-groupManagement] INFO  server.RaftServerConfigKeys (ConfUtils.java:logGet(46)) - raft.server.threadpool.server.cached = true (default)
2023-08-25 08:53:43,166 [74226a13-8718-4542-a815-a533182346c1-groupManagement] INFO  server.RaftServerConfigKeys (ConfUtils.java:logGet(46)) - raft.server.threadpool.server.size = 0 (default)
2023-08-25 08:53:43,166 [74226a13-8718-4542-a815-a533182346c1-groupManagement] INFO  server.RaftServerConfigKeys (ConfUtils.java:logGet(46)) - raft.server.threadpool.client.cached = true (default)
2023-08-25 08:53:43,166 [74226a13-8718-4542-a815-a533182346c1-groupManagement] INFO  server.RaftServerConfigKeys (ConfUtils.java:logGet(46)) - raft.server.threadpool.client.size = 0 (default)
2023-08-25 08:53:43,166 [74226a13-8718-4542-a815-a533182346c1-groupManagement] INFO  storage.RaftStorageDirectory (RaftStorageDirectoryImpl.java:analyzeStorage(137)) - The storage directory /home/runner/work/ozone/ozone/hadoop-ozone/integration-test/target/test-dir/MiniOzoneClusterImpl-e692d0c4-4f9e-424f-81a0-065ebcedd1d3/datanode-1/data/ratis/3be12123-4a25-4ac6-9ba2-82cceddb1ba2 does not exist. Creating ...
2023-08-25 08:53:43,166 [Time-limited test] INFO  ozone.MiniOzoneClusterImpl (MiniOzoneClusterImpl.java:lambda$waitForClusterToBeReady$0(224)) - Nodes are ready. Got 5 of 5 DN Heartbeats.
2023-08-25 08:53:43,167 [Time-limited test] INFO  ozone.MiniOzoneClusterImpl (MiniOzoneClusterImpl.java:lambda$waitForClusterToBeReady$0(227)) - Waiting for cluster to exit safe mode
2023-08-25 08:53:43,167 [Time-limited test] INFO  ozone.MiniOzoneClusterImpl (MiniOzoneClusterImpl.java:lambda$waitForClusterToBeReady$0(229)) - SCM became leader
2023-08-25 08:53:43,167 [74226a13-8718-4542-a815-a533182346c1-groupManagement] INFO  storage.RaftStorageDirectory (RaftStorageDirectoryImpl.java:tryLock(231)) - Lock on /home/runner/work/ozone/ozone/hadoop-ozone/integration-test/target/test-dir/MiniOzoneClusterImpl-e692d0c4-4f9e-424f-81a0-065ebcedd1d3/datanode-1/data/ratis/3be12123-4a25-4ac6-9ba2-82cceddb1ba2/in_use.lock acquired by nodename 30217@fv-az584-689
2023-08-25 08:53:43,169 [74226a13-8718-4542-a815-a533182346c1-groupManagement] INFO  storage.RaftStorage (RaftStorageImpl.java:format(96)) - Storage directory /home/runner/work/ozone/ozone/hadoop-ozone/integration-test/target/test-dir/MiniOzoneClusterImpl-e692d0c4-4f9e-424f-81a0-065ebcedd1d3/datanode-1/data/ratis/3be12123-4a25-4ac6-9ba2-82cceddb1ba2 has been successfully formatted.
2023-08-25 08:53:43,170 [74226a13-8718-4542-a815-a533182346c1-groupManagement] INFO  ratis.ContainerStateMachine (ContainerStateMachine.java:loadSnapshot(262)) - group-82CCEDDB1BA2: The snapshot info is null. Setting the last applied indexto:(t:0, i:~)
2023-08-25 08:53:43,170 [74226a13-8718-4542-a815-a533182346c1-groupManagement] INFO  server.RaftServerConfigKeys (ConfUtils.java:logGet(46)) - raft.server.log.use.memory = false (default)
2023-08-25 08:53:43,171 [74226a13-8718-4542-a815-a533182346c1-groupManagement] INFO  server.RaftServerConfigKeys (ConfUtils.java:logGet(46)) - raft.server.log.purge.gap = 1000000 (custom)
2023-08-25 08:53:43,171 [74226a13-8718-4542-a815-a533182346c1-groupManagement] INFO  server.RaftServerConfigKeys (ConfUtils.java:logGet(46)) - raft.server.log.appender.buffer.byte-limit = 33554432 (custom)
2023-08-25 08:53:43,171 [74226a13-8718-4542-a815-a533182346c1-groupManagement] INFO  server.RaftServerConfigKeys (ConfUtils.java:logGet(46)) - raft.server.log.statemachine.data.read.timeout = 1000ms (default)
2023-08-25 08:53:43,171 [74226a13-8718-4542-a815-a533182346c1-groupManagement] INFO  server.RaftServerConfigKeys (ConfUtils.java:logGet(46)) - raft.server.log.purge.preservation.log.num = 0 (default)
2023-08-25 08:53:43,171 [74226a13-8718-4542-a815-a533182346c1-groupManagement] INFO  server.RaftServerConfigKeys (ConfUtils.java:logGet(46)) - raft.server.log.segment.size.max = 1048576 (custom)
2023-08-25 08:53:43,171 [74226a13-8718-4542-a815-a533182346c1-groupManagement] INFO  server.RaftServerConfigKeys (ConfUtils.java:logGet(46)) - raft.server.log.segment.cache.num.max = 2 (custom)
2023-08-25 08:53:43,171 [74226a13-8718-4542-a815-a533182346c1-groupManagement] INFO  server.RaftServerConfigKeys (ConfUtils.java:logGet(46)) - raft.server.log.segment.cache.size.max = 200MB (=209715200) (default)
2023-08-25 08:53:43,171 [74226a13-8718-4542-a815-a533182346c1-groupManagement] INFO  server.RaftServerConfigKeys (ConfUtils.java:logGet(46)) - raft.server.log.appender.buffer.byte-limit = 33554432 (custom)
2023-08-25 08:53:43,171 [74226a13-8718-4542-a815-a533182346c1-groupManagement] INFO  segmented.SegmentedRaftLogWorker (SegmentedRaftLogWorker.java:<init>(188)) - new 74226a13-8718-4542-a815-a533182346c1@group-82CCEDDB1BA2-SegmentedRaftLogWorker for RaftStorageImpl:Storage Directory /home/runner/work/ozone/ozone/hadoop-ozone/integration-test/target/test-dir/MiniOzoneClusterImpl-e692d0c4-4f9e-424f-81a0-065ebcedd1d3/datanode-1/data/ratis/3be12123-4a25-4ac6-9ba2-82cceddb1ba2
2023-08-25 08:53:43,171 [74226a13-8718-4542-a815-a533182346c1-groupManagement] INFO  server.RaftServerConfigKeys (ConfUtils.java:logGet(46)) - raft.server.log.queue.byte-limit = 4294967296 (custom)
2023-08-25 08:53:43,171 [74226a13-8718-4542-a815-a533182346c1-groupManagement] INFO  server.RaftServerConfigKeys (ConfUtils.java:logGet(46)) - raft.server.log.queue.element-limit = 1024 (custom)
2023-08-25 08:53:43,171 [74226a13-8718-4542-a815-a533182346c1-groupManagement] INFO  server.RaftServerConfigKeys (ConfUtils.java:logGet(46)) - raft.server.log.segment.size.max = 1048576 (custom)
2023-08-25 08:53:43,171 [74226a13-8718-4542-a815-a533182346c1-groupManagement] INFO  server.RaftServerConfigKeys (ConfUtils.java:logGet(46)) - raft.server.log.preallocated.size = 16384 (custom)
2023-08-25 08:53:43,171 [74226a13-8718-4542-a815-a533182346c1-groupManagement] INFO  server.RaftServerConfigKeys (ConfUtils.java:logGet(46)) - raft.server.log.force.sync.num = 128 (default)
2023-08-25 08:53:43,171 [74226a13-8718-4542-a815-a533182346c1-groupManagement] INFO  server.RaftServerConfigKeys (ConfUtils.java:logGet(46)) - raft.server.log.statemachine.data.sync = true (default)
2023-08-25 08:53:43,172 [74226a13-8718-4542-a815-a533182346c1-groupManagement] INFO  server.RaftServerConfigKeys (ConfUtils.java:logGet(46)) - raft.server.log.statemachine.data.sync.timeout = 10s (default)
2023-08-25 08:53:43,172 [74226a13-8718-4542-a815-a533182346c1-groupManagement] INFO  server.RaftServerConfigKeys (ConfUtils.java:logGet(46)) - raft.server.log.statemachine.data.sync.timeout.retry = -1 (default)
2023-08-25 08:53:43,175 [74226a13-8718-4542-a815-a533182346c1-groupManagement] INFO  server.RaftServerConfigKeys (ConfUtils.java:logGet(46)) - raft.server.log.write.buffer.size = 1048576 (custom)
2023-08-25 08:53:43,176 [74226a13-8718-4542-a815-a533182346c1-groupManagement] INFO  server.RaftServerConfigKeys (ConfUtils.java:logGet(46)) - raft.server.log.appender.buffer.byte-limit = 33554432 (custom)
2023-08-25 08:53:43,183 [74226a13-8718-4542-a815-a533182346c1-groupManagement] INFO  server.RaftServerConfigKeys (ConfUtils.java:logGet(46)) - raft.server.log.unsafe-flush.enabled = false (default)
2023-08-25 08:53:43,183 [74226a13-8718-4542-a815-a533182346c1-groupManagement] INFO  server.RaftServerConfigKeys (ConfUtils.java:logGet(46)) - raft.server.log.async-flush.enabled = false (default)
2023-08-25 08:53:43,183 [74226a13-8718-4542-a815-a533182346c1-groupManagement] INFO  server.RaftServerConfigKeys (ConfUtils.java:logGet(46)) - raft.server.log.statemachine.data.caching.enabled = true (custom)
2023-08-25 08:53:43,183 [74226a13-8718-4542-a815-a533182346c1-groupManagement] INFO  segmented.SegmentedRaftLogWorker (SegmentedRaftLogWorker.java:lambda$new$0(135)) - 74226a13-8718-4542-a815-a533182346c1@group-82CCEDDB1BA2-SegmentedRaftLogWorker: flushIndex: setUnconditionally 0 -> -1
2023-08-25 08:53:43,183 [74226a13-8718-4542-a815-a533182346c1-groupManagement] INFO  segmented.SegmentedRaftLogWorker (SegmentedRaftLogWorker.java:lambda$new$0(135)) - 74226a13-8718-4542-a815-a533182346c1@group-82CCEDDB1BA2-SegmentedRaftLogWorker: safeCacheEvictIndex: setUnconditionally 0 -> -1
2023-08-25 08:53:43,184 [74226a13-8718-4542-a815-a533182346c1-groupManagement] INFO  server.RaftServer$Division (RaftServerImpl.java:start(342)) - 74226a13-8718-4542-a815-a533182346c1@group-82CCEDDB1BA2: start as a follower, conf=-1: peers:[8a274684-c774-4cfd-af69-c1a0c827c28c|rpc:10.1.0.19:15226|admin:10.1.0.19:15225|client:10.1.0.19:15224|dataStream:10.1.0.19:15227|priority:0|startupRole:FOLLOWER, df7ffc6f-4fb9-49c9-8407-31fb6ff06550|rpc:10.1.0.19:15244|admin:10.1.0.19:15243|client:10.1.0.19:15242|dataStream:10.1.0.19:15245|priority:1|startupRole:FOLLOWER, 74226a13-8718-4542-a815-a533182346c1|rpc:10.1.0.19:15235|admin:10.1.0.19:15234|client:10.1.0.19:15233|dataStream:10.1.0.19:15236|priority:0|startupRole:FOLLOWER]|listeners:[], old=null
2023-08-25 08:53:43,184 [74226a13-8718-4542-a815-a533182346c1-groupManagement] INFO  server.RaftServer$Division (RaftServerImpl.java:setRole(329)) - 74226a13-8718-4542-a815-a533182346c1@group-82CCEDDB1BA2: changes role from      null to FOLLOWER at term 0 for startAsFollower
2023-08-25 08:53:43,184 [74226a13-8718-4542-a815-a533182346c1-groupManagement] INFO  impl.RoleInfo (RoleInfo.java:updateAndGet(139)) - 74226a13-8718-4542-a815-a533182346c1: start 74226a13-8718-4542-a815-a533182346c1@group-82CCEDDB1BA2-FollowerState
2023-08-25 08:53:43,184 [74226a13-8718-4542-a815-a533182346c1@group-82CCEDDB1BA2-FollowerState] INFO  server.RaftServerConfigKeys (ConfUtils.java:logFallback(53)) - raft.server.rpc.first-election.timeout.min = 5s (fallback to raft.server.rpc.timeout.min)
2023-08-25 08:53:43,184 [74226a13-8718-4542-a815-a533182346c1-groupManagement] INFO  util.JmxRegister (JmxRegister.java:tryRegister(44)) - Successfully registered JMX Bean with object name Ratis:service=RaftServer,group=group-82CCEDDB1BA2,id=74226a13-8718-4542-a815-a533182346c1
2023-08-25 08:53:43,184 [74226a13-8718-4542-a815-a533182346c1@group-82CCEDDB1BA2-FollowerState] INFO  server.RaftServerConfigKeys (ConfUtils.java:logFallback(53)) - raft.server.rpc.first-election.timeout.max = 5200ms (fallback to raft.server.rpc.timeout.max)
2023-08-25 08:53:43,184 [74226a13-8718-4542-a815-a533182346c1-groupManagement] INFO  server.RaftServerConfigKeys (ConfUtils.java:logGet(46)) - raft.server.snapshot.auto.trigger.enabled = true (custom)
2023-08-25 08:53:43,184 [74226a13-8718-4542-a815-a533182346c1-groupManagement] INFO  server.RaftServerConfigKeys (ConfUtils.java:logGet(46)) - raft.server.snapshot.auto.trigger.threshold = 10000 (custom)
2023-08-25 08:53:43,184 [74226a13-8718-4542-a815-a533182346c1-groupManagement] INFO  server.RaftServerConfigKeys (ConfUtils.java:logGet(46)) - raft.server.snapshot.retention.file.num = 5 (custom)
2023-08-25 08:53:43,184 [74226a13-8718-4542-a815-a533182346c1-groupManagement] INFO  server.RaftServerConfigKeys (ConfUtils.java:logGet(46)) - raft.server.log.purge.upto.snapshot.index = false (default)
2023-08-25 08:53:43,192 [PipelineCommandHandlerThread-0] INFO  commandhandler.CreatePipelineCommandHandler (CreatePipelineCommandHandler.java:lambda$handle$2(124)) - Created Pipeline RATIS THREE PipelineID=3be12123-4a25-4ac6-9ba2-82cceddb1ba2.
2023-08-25 08:53:43,207 [74226a13-8718-4542-a815-a533182346c1-groupManagement] INFO  server.RaftServer$Division (RaftServerImpl.java:<init>(198)) - 74226a13-8718-4542-a815-a533182346c1: new RaftServerImpl for group-2A73CCFC9CD6:[74226a13-8718-4542-a815-a533182346c1|rpc:10.1.0.19:15235|admin:10.1.0.19:15234|client:10.1.0.19:15233|dataStream:10.1.0.19:15236|priority:1|startupRole:FOLLOWER] with ContainerStateMachine:uninitialized
2023-08-25 08:53:43,207 [PipelineCommandHandlerThread-0] INFO  server.RaftServer (RaftServerProxy.java:addNew(98)) - 74226a13-8718-4542-a815-a533182346c1: addNew group-2A73CCFC9CD6:[74226a13-8718-4542-a815-a533182346c1|rpc:10.1.0.19:15235|admin:10.1.0.19:15234|client:10.1.0.19:15233|dataStream:10.1.0.19:15236|priority:1|startupRole:FOLLOWER] returns group-2A73CCFC9CD6:java.util.concurrent.CompletableFuture@551756b9[Not completed]
2023-08-25 08:53:43,207 [74226a13-8718-4542-a815-a533182346c1-groupManagement] INFO  server.RaftServerConfigKeys (ConfUtils.java:logGet(46)) - raft.server.rpc.timeout.min = 5s (custom)
2023-08-25 08:53:43,207 [74226a13-8718-4542-a815-a533182346c1-groupManagement] INFO  server.RaftServerConfigKeys (ConfUtils.java:logGet(46)) - raft.server.rpc.timeout.max = 5200ms (custom)
2023-08-25 08:53:43,208 [74226a13-8718-4542-a815-a533182346c1-groupManagement] INFO  server.RaftServerConfigKeys (ConfUtils.java:logGet(46)) - raft.server.rpc.sleep.time = 25ms (default)
2023-08-25 08:53:43,208 [74226a13-8718-4542-a815-a533182346c1-groupManagement] INFO  server.RaftServerConfigKeys (ConfUtils.java:logGet(46)) - raft.server.rpc.slowness.timeout = 300s (custom)
2023-08-25 08:53:43,208 [74226a13-8718-4542-a815-a533182346c1-groupManagement] INFO  server.RaftServerConfigKeys (ConfUtils.java:logGet(46)) - raft.server.leaderelection.leader.step-down.wait-time = 10s (default)
2023-08-25 08:53:43,208 [74226a13-8718-4542-a815-a533182346c1-groupManagement] INFO  server.RaftServerConfigKeys (ConfUtils.java:logGet(46)) - raft.server.sleep.deviation.threshold = 300ms (default)
2023-08-25 08:53:43,208 [74226a13-8718-4542-a815-a533182346c1-groupManagement] INFO  server.RaftServer$Division (ServerState.java:<init>(120)) - 74226a13-8718-4542-a815-a533182346c1@group-2A73CCFC9CD6: ConfigurationManager, init=-1: peers:[74226a13-8718-4542-a815-a533182346c1|rpc:10.1.0.19:15235|admin:10.1.0.19:15234|client:10.1.0.19:15233|dataStream:10.1.0.19:15236|priority:1|startupRole:FOLLOWER]|listeners:[], old=null, confs=<EMPTY_MAP>
2023-08-25 08:53:43,208 [74226a13-8718-4542-a815-a533182346c1-groupManagement] INFO  server.RaftServerConfigKeys (ConfUtils.java:logGet(46)) - raft.server.storage.dir = [/home/runner/work/ozone/ozone/hadoop-ozone/integration-test/target/test-dir/MiniOzoneClusterImpl-e692d0c4-4f9e-424f-81a0-065ebcedd1d3/datanode-1/data/ratis] (custom)
2023-08-25 08:53:43,208 [74226a13-8718-4542-a815-a533182346c1-groupManagement] INFO  server.RaftServerConfigKeys (ConfUtils.java:logGet(46)) - raft.server.log.corruption.policy = EXCEPTION (default)
2023-08-25 08:53:43,208 [74226a13-8718-4542-a815-a533182346c1-groupManagement] INFO  server.RaftServerConfigKeys (ConfUtils.java:logGet(46)) - raft.server.storage.free-space.min = 0MB (=0) (default)
2023-08-25 08:53:43,208 [74226a13-8718-4542-a815-a533182346c1-groupManagement] INFO  server.RaftServerConfigKeys (ConfUtils.java:logGet(46)) - raft.server.notification.no-leader.timeout = 300s (custom)
2023-08-25 08:53:43,208 [74226a13-8718-4542-a815-a533182346c1-groupManagement] INFO  server.RaftServerConfigKeys (ConfUtils.java:logGet(46)) - raft.server.read.timeout = 10s (default)
2023-08-25 08:53:43,208 [74226a13-8718-4542-a815-a533182346c1-groupManagement] INFO  server.RaftServerConfigKeys (ConfUtils.java:logGet(46)) - raft.server.retrycache.expirytime = 600000ms (custom)
2023-08-25 08:53:43,208 [74226a13-8718-4542-a815-a533182346c1-groupManagement] INFO  server.RaftServerConfigKeys (ConfUtils.java:logGet(46)) - raft.server.retrycache.statistics.expirytime = 100μs (default)
2023-08-25 08:53:43,208 [74226a13-8718-4542-a815-a533182346c1-groupManagement] INFO  server.RaftServerConfigKeys (ConfUtils.java:logGet(46)) - raft.server.read.option = DEFAULT (default)
2023-08-25 08:53:43,209 [74226a13-8718-4542-a815-a533182346c1-groupManagement] INFO  server.RaftServerConfigKeys (ConfUtils.java:logGet(46)) - raft.server.rpc.request.timeout = 60s (custom)
2023-08-25 08:53:43,209 [74226a13-8718-4542-a815-a533182346c1-groupManagement] INFO  server.RaftServerConfigKeys (ConfUtils.java:logGet(46)) - raft.server.log.appender.install.snapshot.enabled = false (custom)
2023-08-25 08:53:43,209 [74226a13-8718-4542-a815-a533182346c1-groupManagement] INFO  server.RaftServerConfigKeys (ConfUtils.java:logGet(46)) - raft.server.threadpool.server.cached = true (default)
2023-08-25 08:53:43,209 [74226a13-8718-4542-a815-a533182346c1-groupManagement] INFO  server.RaftServerConfigKeys (ConfUtils.java:logGet(46)) - raft.server.threadpool.server.size = 0 (default)
2023-08-25 08:53:43,209 [74226a13-8718-4542-a815-a533182346c1-groupManagement] INFO  server.RaftServerConfigKeys (ConfUtils.java:logGet(46)) - raft.server.threadpool.client.cached = true (default)
2023-08-25 08:53:43,209 [74226a13-8718-4542-a815-a533182346c1-groupManagement] INFO  server.RaftServerConfigKeys (ConfUtils.java:logGet(46)) - raft.server.threadpool.client.size = 0 (default)
2023-08-25 08:53:43,209 [74226a13-8718-4542-a815-a533182346c1-groupManagement] INFO  storage.RaftStorageDirectory (RaftStorageDirectoryImpl.java:analyzeStorage(137)) - The storage directory /home/runner/work/ozone/ozone/hadoop-ozone/integration-test/target/test-dir/MiniOzoneClusterImpl-e692d0c4-4f9e-424f-81a0-065ebcedd1d3/datanode-1/data/ratis/d1e76142-2a64-475a-ad66-2a73ccfc9cd6 does not exist. Creating ...
2023-08-25 08:53:43,211 [74226a13-8718-4542-a815-a533182346c1-groupManagement] INFO  storage.RaftStorageDirectory (RaftStorageDirectoryImpl.java:tryLock(231)) - Lock on /home/runner/work/ozone/ozone/hadoop-ozone/integration-test/target/test-dir/MiniOzoneClusterImpl-e692d0c4-4f9e-424f-81a0-065ebcedd1d3/datanode-1/data/ratis/d1e76142-2a64-475a-ad66-2a73ccfc9cd6/in_use.lock acquired by nodename 30217@fv-az584-689
2023-08-25 08:53:43,212 [74226a13-8718-4542-a815-a533182346c1-groupManagement] INFO  storage.RaftStorage (RaftStorageImpl.java:format(96)) - Storage directory /home/runner/work/ozone/ozone/hadoop-ozone/integration-test/target/test-dir/MiniOzoneClusterImpl-e692d0c4-4f9e-424f-81a0-065ebcedd1d3/datanode-1/data/ratis/d1e76142-2a64-475a-ad66-2a73ccfc9cd6 has been successfully formatted.
2023-08-25 08:53:43,213 [74226a13-8718-4542-a815-a533182346c1-groupManagement] INFO  ratis.ContainerStateMachine (ContainerStateMachine.java:loadSnapshot(262)) - group-2A73CCFC9CD6: The snapshot info is null. Setting the last applied indexto:(t:0, i:~)
2023-08-25 08:53:43,213 [74226a13-8718-4542-a815-a533182346c1-groupManagement] INFO  server.RaftServerConfigKeys (ConfUtils.java:logGet(46)) - raft.server.log.use.memory = false (default)
2023-08-25 08:53:43,213 [74226a13-8718-4542-a815-a533182346c1-groupManagement] INFO  server.RaftServerConfigKeys (ConfUtils.java:logGet(46)) - raft.server.log.purge.gap = 1000000 (custom)
2023-08-25 08:53:43,213 [74226a13-8718-4542-a815-a533182346c1-groupManagement] INFO  server.RaftServerConfigKeys (ConfUtils.java:logGet(46)) - raft.server.log.appender.buffer.byte-limit = 33554432 (custom)
2023-08-25 08:53:43,214 [74226a13-8718-4542-a815-a533182346c1-groupManagement] INFO  server.RaftServerConfigKeys (ConfUtils.java:logGet(46)) - raft.server.log.statemachine.data.read.timeout = 1000ms (default)
2023-08-25 08:53:43,214 [74226a13-8718-4542-a815-a533182346c1-groupManagement] INFO  server.RaftServerConfigKeys (ConfUtils.java:logGet(46)) - raft.server.log.purge.preservation.log.num = 0 (default)
2023-08-25 08:53:43,214 [EventQueue-PipelineReportForPipelineReportHandler] INFO  pipeline.PipelineReportHandler (PipelineReportHandler.java:processPipelineReport(136)) - Opened pipeline PipelineID=d1e76142-2a64-475a-ad66-2a73ccfc9cd6
2023-08-25 08:53:43,214 [74226a13-8718-4542-a815-a533182346c1-groupManagement] INFO  server.RaftServerConfigKeys (ConfUtils.java:logGet(46)) - raft.server.log.segment.size.max = 1048576 (custom)
2023-08-25 08:53:43,214 [EventQueue-OpenPipelineForHealthyPipelineSafeModeRule] INFO  safemode.SCMSafeModeManager (HealthyPipelineSafeModeRule.java:process(137)) - SCM in safe mode. Healthy pipelines reported count is 0, required healthy pipeline reported count is 1
2023-08-25 08:53:43,215 [74226a13-8718-4542-a815-a533182346c1-groupManagement] INFO  server.RaftServerConfigKeys (ConfUtils.java:logGet(46)) - raft.server.log.segment.cache.num.max = 2 (custom)
2023-08-25 08:53:43,215 [74226a13-8718-4542-a815-a533182346c1-groupManagement] INFO  server.RaftServerConfigKeys (ConfUtils.java:logGet(46)) - raft.server.log.segment.cache.size.max = 200MB (=209715200) (default)
2023-08-25 08:53:43,215 [74226a13-8718-4542-a815-a533182346c1-groupManagement] INFO  server.RaftServerConfigKeys (ConfUtils.java:logGet(46)) - raft.server.log.appender.buffer.byte-limit = 33554432 (custom)
2023-08-25 08:53:43,215 [74226a13-8718-4542-a815-a533182346c1-groupManagement] INFO  segmented.SegmentedRaftLogWorker (SegmentedRaftLogWorker.java:<init>(188)) - new 74226a13-8718-4542-a815-a533182346c1@group-2A73CCFC9CD6-SegmentedRaftLogWorker for RaftStorageImpl:Storage Directory /home/runner/work/ozone/ozone/hadoop-ozone/integration-test/target/test-dir/MiniOzoneClusterImpl-e692d0c4-4f9e-424f-81a0-065ebcedd1d3/datanode-1/data/ratis/d1e76142-2a64-475a-ad66-2a73ccfc9cd6
2023-08-25 08:53:43,215 [74226a13-8718-4542-a815-a533182346c1-groupManagement] INFO  server.RaftServerConfigKeys (ConfUtils.java:logGet(46)) - raft.server.log.queue.byte-limit = 4294967296 (custom)
2023-08-25 08:53:43,215 [74226a13-8718-4542-a815-a533182346c1-groupManagement] INFO  server.RaftServerConfigKeys (ConfUtils.java:logGet(46)) - raft.server.log.queue.element-limit = 1024 (custom)
2023-08-25 08:53:43,215 [74226a13-8718-4542-a815-a533182346c1-groupManagement] INFO  server.RaftServerConfigKeys (ConfUtils.java:logGet(46)) - raft.server.log.segment.size.max = 1048576 (custom)
2023-08-25 08:53:43,215 [74226a13-8718-4542-a815-a533182346c1-groupManagement] INFO  server.RaftServerConfigKeys (ConfUtils.java:logGet(46)) - raft.server.log.preallocated.size = 16384 (custom)
2023-08-25 08:53:43,215 [74226a13-8718-4542-a815-a533182346c1-groupManagement] INFO  server.RaftServerConfigKeys (ConfUtils.java:logGet(46)) - raft.server.log.force.sync.num = 128 (default)
2023-08-25 08:53:43,215 [74226a13-8718-4542-a815-a533182346c1-groupManagement] INFO  server.RaftServerConfigKeys (ConfUtils.java:logGet(46)) - raft.server.log.statemachine.data.sync = true (default)
2023-08-25 08:53:43,215 [74226a13-8718-4542-a815-a533182346c1-groupManagement] INFO  server.RaftServerConfigKeys (ConfUtils.java:logGet(46)) - raft.server.log.statemachine.data.sync.timeout = 10s (default)
2023-08-25 08:53:43,215 [74226a13-8718-4542-a815-a533182346c1-groupManagement] INFO  server.RaftServerConfigKeys (ConfUtils.java:logGet(46)) - raft.server.log.statemachine.data.sync.timeout.retry = -1 (default)
2023-08-25 08:53:43,216 [74226a13-8718-4542-a815-a533182346c1-groupManagement] INFO  server.RaftServerConfigKeys (ConfUtils.java:logGet(46)) - raft.server.log.write.buffer.size = 1048576 (custom)
2023-08-25 08:53:43,216 [74226a13-8718-4542-a815-a533182346c1-groupManagement] INFO  server.RaftServerConfigKeys (ConfUtils.java:logGet(46)) - raft.server.log.appender.buffer.byte-limit = 33554432 (custom)
2023-08-25 08:53:43,222 [74226a13-8718-4542-a815-a533182346c1-groupManagement] INFO  server.RaftServerConfigKeys (ConfUtils.java:logGet(46)) - raft.server.log.unsafe-flush.enabled = false (default)
2023-08-25 08:53:43,222 [74226a13-8718-4542-a815-a533182346c1-groupManagement] INFO  server.RaftServerConfigKeys (ConfUtils.java:logGet(46)) - raft.server.log.async-flush.enabled = false (default)
2023-08-25 08:53:43,222 [74226a13-8718-4542-a815-a533182346c1-groupManagement] INFO  server.RaftServerConfigKeys (ConfUtils.java:logGet(46)) - raft.server.log.statemachine.data.caching.enabled = true (custom)
2023-08-25 08:53:43,222 [74226a13-8718-4542-a815-a533182346c1-groupManagement] INFO  segmented.SegmentedRaftLogWorker (SegmentedRaftLogWorker.java:lambda$new$0(135)) - 74226a13-8718-4542-a815-a533182346c1@group-2A73CCFC9CD6-SegmentedRaftLogWorker: flushIndex: setUnconditionally 0 -> -1
2023-08-25 08:53:43,222 [74226a13-8718-4542-a815-a533182346c1-groupManagement] INFO  segmented.SegmentedRaftLogWorker (SegmentedRaftLogWorker.java:lambda$new$0(135)) - 74226a13-8718-4542-a815-a533182346c1@group-2A73CCFC9CD6-SegmentedRaftLogWorker: safeCacheEvictIndex: setUnconditionally 0 -> -1
2023-08-25 08:53:43,222 [74226a13-8718-4542-a815-a533182346c1-groupManagement] INFO  server.RaftServer$Division (RaftServerImpl.java:start(342)) - 74226a13-8718-4542-a815-a533182346c1@group-2A73CCFC9CD6: start as a follower, conf=-1: peers:[74226a13-8718-4542-a815-a533182346c1|rpc:10.1.0.19:15235|admin:10.1.0.19:15234|client:10.1.0.19:15233|dataStream:10.1.0.19:15236|priority:1|startupRole:FOLLOWER]|listeners:[], old=null
2023-08-25 08:53:43,222 [74226a13-8718-4542-a815-a533182346c1-groupManagement] INFO  server.RaftServer$Division (RaftServerImpl.java:setRole(329)) - 74226a13-8718-4542-a815-a533182346c1@group-2A73CCFC9CD6: changes role from      null to FOLLOWER at term 0 for startAsFollower
2023-08-25 08:53:43,222 [74226a13-8718-4542-a815-a533182346c1-groupManagement] INFO  impl.RoleInfo (RoleInfo.java:updateAndGet(139)) - 74226a13-8718-4542-a815-a533182346c1: start 74226a13-8718-4542-a815-a533182346c1@group-2A73CCFC9CD6-FollowerState
2023-08-25 08:53:43,223 [74226a13-8718-4542-a815-a533182346c1-groupManagement] INFO  util.JmxRegister (JmxRegister.java:tryRegister(44)) - Successfully registered JMX Bean with object name Ratis:service=RaftServer,group=group-2A73CCFC9CD6,id=74226a13-8718-4542-a815-a533182346c1
2023-08-25 08:53:43,223 [74226a13-8718-4542-a815-a533182346c1@group-2A73CCFC9CD6-FollowerState] INFO  server.RaftServerConfigKeys (ConfUtils.java:logFallback(53)) - raft.server.rpc.first-election.timeout.min = 5s (fallback to raft.server.rpc.timeout.min)
2023-08-25 08:53:43,223 [74226a13-8718-4542-a815-a533182346c1-groupManagement] INFO  server.RaftServerConfigKeys (ConfUtils.java:logGet(46)) - raft.server.snapshot.auto.trigger.enabled = true (custom)
2023-08-25 08:53:43,223 [74226a13-8718-4542-a815-a533182346c1@group-2A73CCFC9CD6-FollowerState] INFO  server.RaftServerConfigKeys (ConfUtils.java:logFallback(53)) - raft.server.rpc.first-election.timeout.max = 5200ms (fallback to raft.server.rpc.timeout.max)
2023-08-25 08:53:43,223 [74226a13-8718-4542-a815-a533182346c1-groupManagement] INFO  server.RaftServerConfigKeys (ConfUtils.java:logGet(46)) - raft.server.snapshot.auto.trigger.threshold = 10000 (custom)
2023-08-25 08:53:43,223 [74226a13-8718-4542-a815-a533182346c1-groupManagement] INFO  server.RaftServerConfigKeys (ConfUtils.java:logGet(46)) - raft.server.snapshot.retention.file.num = 5 (custom)
2023-08-25 08:53:43,223 [74226a13-8718-4542-a815-a533182346c1-groupManagement] INFO  server.RaftServerConfigKeys (ConfUtils.java:logGet(46)) - raft.server.log.purge.upto.snapshot.index = false (default)
2023-08-25 08:53:43,223 [PipelineCommandHandlerThread-0] INFO  ratis.XceiverServerRatis (XceiverServerRatis.java:addGroup(804)) - Created group PipelineID=d1e76142-2a64-475a-ad66-2a73ccfc9cd6
2023-08-25 08:53:43,224 [PipelineCommandHandlerThread-0] INFO  commandhandler.CreatePipelineCommandHandler (CreatePipelineCommandHandler.java:lambda$handle$2(124)) - Created Pipeline RATIS ONE PipelineID=d1e76142-2a64-475a-ad66-2a73ccfc9cd6.
2023-08-25 08:53:43,532 [PipelineCommandHandlerThread-0] INFO  server.RaftServer (RaftServerProxy.java:addNew(98)) - df7ffc6f-4fb9-49c9-8407-31fb6ff06550: addNew group-06080C8F0FE5:[df7ffc6f-4fb9-49c9-8407-31fb6ff06550|rpc:10.1.0.19:15244|admin:10.1.0.19:15243|client:10.1.0.19:15242|dataStream:10.1.0.19:15245|priority:1|startupRole:FOLLOWER] returns group-06080C8F0FE5:java.util.concurrent.CompletableFuture@3e658b04[Not completed]
2023-08-25 08:53:43,533 [df7ffc6f-4fb9-49c9-8407-31fb6ff06550-groupManagement] INFO  server.RaftServer$Division (RaftServerImpl.java:<init>(198)) - df7ffc6f-4fb9-49c9-8407-31fb6ff06550: new RaftServerImpl for group-06080C8F0FE5:[df7ffc6f-4fb9-49c9-8407-31fb6ff06550|rpc:10.1.0.19:15244|admin:10.1.0.19:15243|client:10.1.0.19:15242|dataStream:10.1.0.19:15245|priority:1|startupRole:FOLLOWER] with ContainerStateMachine:uninitialized
2023-08-25 08:53:43,533 [df7ffc6f-4fb9-49c9-8407-31fb6ff06550-groupManagement] INFO  server.RaftServerConfigKeys (ConfUtils.java:logGet(46)) - raft.server.rpc.timeout.min = 5s (custom)
2023-08-25 08:53:43,533 [df7ffc6f-4fb9-49c9-8407-31fb6ff06550-groupManagement] INFO  server.RaftServerConfigKeys (ConfUtils.java:logGet(46)) - raft.server.rpc.timeout.max = 5200ms (custom)
2023-08-25 08:53:43,533 [df7ffc6f-4fb9-49c9-8407-31fb6ff06550-groupManagement] INFO  server.RaftServerConfigKeys (ConfUtils.java:logGet(46)) - raft.server.rpc.sleep.time = 25ms (default)
2023-08-25 08:53:43,533 [df7ffc6f-4fb9-49c9-8407-31fb6ff06550-groupManagement] INFO  server.RaftServerConfigKeys (ConfUtils.java:logGet(46)) - raft.server.rpc.slowness.timeout = 300s (custom)
2023-08-25 08:53:43,533 [df7ffc6f-4fb9-49c9-8407-31fb6ff06550-groupManagement] INFO  server.RaftServerConfigKeys (ConfUtils.java:logGet(46)) - raft.server.leaderelection.leader.step-down.wait-time = 10s (default)
2023-08-25 08:53:43,533 [df7ffc6f-4fb9-49c9-8407-31fb6ff06550-groupManagement] INFO  server.RaftServerConfigKeys (ConfUtils.java:logGet(46)) - raft.server.sleep.deviation.threshold = 300ms (default)
2023-08-25 08:53:43,533 [df7ffc6f-4fb9-49c9-8407-31fb6ff06550-groupManagement] INFO  server.RaftServer$Division (ServerState.java:<init>(120)) - df7ffc6f-4fb9-49c9-8407-31fb6ff06550@group-06080C8F0FE5: ConfigurationManager, init=-1: peers:[df7ffc6f-4fb9-49c9-8407-31fb6ff06550|rpc:10.1.0.19:15244|admin:10.1.0.19:15243|client:10.1.0.19:15242|dataStream:10.1.0.19:15245|priority:1|startupRole:FOLLOWER]|listeners:[], old=null, confs=<EMPTY_MAP>
2023-08-25 08:53:43,533 [df7ffc6f-4fb9-49c9-8407-31fb6ff06550-groupManagement] INFO  server.RaftServerConfigKeys (ConfUtils.java:logGet(46)) - raft.server.storage.dir = [/home/runner/work/ozone/ozone/hadoop-ozone/integration-test/target/test-dir/MiniOzoneClusterImpl-e692d0c4-4f9e-424f-81a0-065ebcedd1d3/datanode-2/data/ratis] (custom)
2023-08-25 08:53:43,533 [df7ffc6f-4fb9-49c9-8407-31fb6ff06550-groupManagement] INFO  server.RaftServerConfigKeys (ConfUtils.java:logGet(46)) - raft.server.log.corruption.policy = EXCEPTION (default)
2023-08-25 08:53:43,533 [df7ffc6f-4fb9-49c9-8407-31fb6ff06550-groupManagement] INFO  server.RaftServerConfigKeys (ConfUtils.java:logGet(46)) - raft.server.storage.free-space.min = 0MB (=0) (default)
2023-08-25 08:53:43,534 [df7ffc6f-4fb9-49c9-8407-31fb6ff06550-groupManagement] INFO  server.RaftServerConfigKeys (ConfUtils.java:logGet(46)) - raft.server.notification.no-leader.timeout = 300s (custom)
2023-08-25 08:53:43,534 [df7ffc6f-4fb9-49c9-8407-31fb6ff06550-groupManagement] INFO  server.RaftServerConfigKeys (ConfUtils.java:logGet(46)) - raft.server.read.timeout = 10s (default)
2023-08-25 08:53:43,534 [df7ffc6f-4fb9-49c9-8407-31fb6ff06550-groupManagement] INFO  server.RaftServerConfigKeys (ConfUtils.java:logGet(46)) - raft.server.retrycache.expirytime = 600000ms (custom)
2023-08-25 08:53:43,534 [df7ffc6f-4fb9-49c9-8407-31fb6ff06550-groupManagement] INFO  server.RaftServerConfigKeys (ConfUtils.java:logGet(46)) - raft.server.retrycache.statistics.expirytime = 100μs (default)
2023-08-25 08:53:43,534 [df7ffc6f-4fb9-49c9-8407-31fb6ff06550-groupManagement] INFO  server.RaftServerConfigKeys (ConfUtils.java:logGet(46)) - raft.server.read.option = DEFAULT (default)
2023-08-25 08:53:43,534 [df7ffc6f-4fb9-49c9-8407-31fb6ff06550-groupManagement] INFO  server.RaftServerConfigKeys (ConfUtils.java:logGet(46)) - raft.server.rpc.request.timeout = 60s (custom)
2023-08-25 08:53:43,534 [df7ffc6f-4fb9-49c9-8407-31fb6ff06550-groupManagement] INFO  server.RaftServerConfigKeys (ConfUtils.java:logGet(46)) - raft.server.log.appender.install.snapshot.enabled = false (custom)
2023-08-25 08:53:43,534 [df7ffc6f-4fb9-49c9-8407-31fb6ff06550-groupManagement] INFO  server.RaftServerConfigKeys (ConfUtils.java:logGet(46)) - raft.server.threadpool.server.cached = true (default)
2023-08-25 08:53:43,534 [df7ffc6f-4fb9-49c9-8407-31fb6ff06550-groupManagement] INFO  server.RaftServerConfigKeys (ConfUtils.java:logGet(46)) - raft.server.threadpool.server.size = 0 (default)
2023-08-25 08:53:43,535 [df7ffc6f-4fb9-49c9-8407-31fb6ff06550-groupManagement] INFO  server.RaftServerConfigKeys (ConfUtils.java:logGet(46)) - raft.server.threadpool.client.cached = true (default)
2023-08-25 08:53:43,535 [df7ffc6f-4fb9-49c9-8407-31fb6ff06550-groupManagement] INFO  server.RaftServerConfigKeys (ConfUtils.java:logGet(46)) - raft.server.threadpool.client.size = 0 (default)
2023-08-25 08:53:43,535 [df7ffc6f-4fb9-49c9-8407-31fb6ff06550-groupManagement] INFO  storage.RaftStorageDirectory (RaftStorageDirectoryImpl.java:analyzeStorage(137)) - The storage directory /home/runner/work/ozone/ozone/hadoop-ozone/integration-test/target/test-dir/MiniOzoneClusterImpl-e692d0c4-4f9e-424f-81a0-065ebcedd1d3/datanode-2/data/ratis/d0f0bb9b-95a1-4130-9d56-06080c8f0fe5 does not exist. Creating ...
2023-08-25 08:53:43,536 [df7ffc6f-4fb9-49c9-8407-31fb6ff06550-groupManagement] INFO  storage.RaftStorageDirectory (RaftStorageDirectoryImpl.java:tryLock(231)) - Lock on /home/runner/work/ozone/ozone/hadoop-ozone/integration-test/target/test-dir/MiniOzoneClusterImpl-e692d0c4-4f9e-424f-81a0-065ebcedd1d3/datanode-2/data/ratis/d0f0bb9b-95a1-4130-9d56-06080c8f0fe5/in_use.lock acquired by nodename 30217@fv-az584-689
2023-08-25 08:53:43,538 [df7ffc6f-4fb9-49c9-8407-31fb6ff06550-groupManagement] INFO  storage.RaftStorage (RaftStorageImpl.java:format(96)) - Storage directory /home/runner/work/ozone/ozone/hadoop-ozone/integration-test/target/test-dir/MiniOzoneClusterImpl-e692d0c4-4f9e-424f-81a0-065ebcedd1d3/datanode-2/data/ratis/d0f0bb9b-95a1-4130-9d56-06080c8f0fe5 has been successfully formatted.
2023-08-25 08:53:43,539 [df7ffc6f-4fb9-49c9-8407-31fb6ff06550-groupManagement] INFO  ratis.ContainerStateMachine (ContainerStateMachine.java:loadSnapshot(262)) - group-06080C8F0FE5: The snapshot info is null. Setting the last applied indexto:(t:0, i:~)
2023-08-25 08:53:43,540 [df7ffc6f-4fb9-49c9-8407-31fb6ff06550-groupManagement] INFO  server.RaftServerConfigKeys (ConfUtils.java:logGet(46)) - raft.server.log.use.memory = false (default)
2023-08-25 08:53:43,540 [EventQueue-PipelineReportForPipelineReportHandler] INFO  pipeline.PipelineReportHandler (PipelineReportHandler.java:processPipelineReport(136)) - Opened pipeline PipelineID=d0f0bb9b-95a1-4130-9d56-06080c8f0fe5
2023-08-25 08:53:43,540 [df7ffc6f-4fb9-49c9-8407-31fb6ff06550-groupManagement] INFO  server.RaftServerConfigKeys (ConfUtils.java:logGet(46)) - raft.server.log.purge.gap = 1000000 (custom)
2023-08-25 08:53:43,540 [EventQueue-OpenPipelineForHealthyPipelineSafeModeRule] INFO  safemode.SCMSafeModeManager (HealthyPipelineSafeModeRule.java:process(137)) - SCM in safe mode. Healthy pipelines reported count is 0, required healthy pipeline reported count is 1
2023-08-25 08:53:43,540 [df7ffc6f-4fb9-49c9-8407-31fb6ff06550-groupManagement] INFO  server.RaftServerConfigKeys (ConfUtils.java:logGet(46)) - raft.server.log.appender.buffer.byte-limit = 33554432 (custom)
2023-08-25 08:53:43,540 [df7ffc6f-4fb9-49c9-8407-31fb6ff06550-groupManagement] INFO  server.RaftServerConfigKeys (ConfUtils.java:logGet(46)) - raft.server.log.statemachine.data.read.timeout = 1000ms (default)
2023-08-25 08:53:43,540 [df7ffc6f-4fb9-49c9-8407-31fb6ff06550-groupManagement] INFO  server.RaftServerConfigKeys (ConfUtils.java:logGet(46)) - raft.server.log.purge.preservation.log.num = 0 (default)
2023-08-25 08:53:43,540 [df7ffc6f-4fb9-49c9-8407-31fb6ff06550-groupManagement] INFO  server.RaftServerConfigKeys (ConfUtils.java:logGet(46)) - raft.server.log.segment.size.max = 1048576 (custom)
2023-08-25 08:53:43,541 [df7ffc6f-4fb9-49c9-8407-31fb6ff06550-groupManagement] INFO  server.RaftServerConfigKeys (ConfUtils.java:logGet(46)) - raft.server.log.segment.cache.num.max = 2 (custom)
2023-08-25 08:53:43,541 [df7ffc6f-4fb9-49c9-8407-31fb6ff06550-groupManagement] INFO  server.RaftServerConfigKeys (ConfUtils.java:logGet(46)) - raft.server.log.segment.cache.size.max = 200MB (=209715200) (default)
2023-08-25 08:53:43,541 [df7ffc6f-4fb9-49c9-8407-31fb6ff06550-groupManagement] INFO  server.RaftServerConfigKeys (ConfUtils.java:logGet(46)) - raft.server.log.appender.buffer.byte-limit = 33554432 (custom)
2023-08-25 08:53:43,541 [df7ffc6f-4fb9-49c9-8407-31fb6ff06550-groupManagement] INFO  segmented.SegmentedRaftLogWorker (SegmentedRaftLogWorker.java:<init>(188)) - new df7ffc6f-4fb9-49c9-8407-31fb6ff06550@group-06080C8F0FE5-SegmentedRaftLogWorker for RaftStorageImpl:Storage Directory /home/runner/work/ozone/ozone/hadoop-ozone/integration-test/target/test-dir/MiniOzoneClusterImpl-e692d0c4-4f9e-424f-81a0-065ebcedd1d3/datanode-2/data/ratis/d0f0bb9b-95a1-4130-9d56-06080c8f0fe5
2023-08-25 08:53:43,541 [df7ffc6f-4fb9-49c9-8407-31fb6ff06550-groupManagement] INFO  server.RaftServerConfigKeys (ConfUtils.java:logGet(46)) - raft.server.log.queue.byte-limit = 4294967296 (custom)
2023-08-25 08:53:43,541 [df7ffc6f-4fb9-49c9-8407-31fb6ff06550-groupManagement] INFO  server.RaftServerConfigKeys (ConfUtils.java:logGet(46)) - raft.server.log.queue.element-limit = 1024 (custom)
2023-08-25 08:53:43,541 [df7ffc6f-4fb9-49c9-8407-31fb6ff06550-groupManagement] INFO  server.RaftServerConfigKeys (ConfUtils.java:logGet(46)) - raft.server.log.segment.size.max = 1048576 (custom)
2023-08-25 08:53:43,541 [df7ffc6f-4fb9-49c9-8407-31fb6ff06550-groupManagement] INFO  server.RaftServerConfigKeys (ConfUtils.java:logGet(46)) - raft.server.log.preallocated.size = 16384 (custom)
2023-08-25 08:53:43,541 [df7ffc6f-4fb9-49c9-8407-31fb6ff06550-groupManagement] INFO  server.RaftServerConfigKeys (ConfUtils.java:logGet(46)) - raft.server.log.force.sync.num = 128 (default)
2023-08-25 08:53:43,541 [df7ffc6f-4fb9-49c9-8407-31fb6ff06550-groupManagement] INFO  server.RaftServerConfigKeys (ConfUtils.java:logGet(46)) - raft.server.log.statemachine.data.sync = true (default)
2023-08-25 08:53:43,541 [df7ffc6f-4fb9-49c9-8407-31fb6ff06550-groupManagement] INFO  server.RaftServerConfigKeys (ConfUtils.java:logGet(46)) - raft.server.log.statemachine.data.sync.timeout = 10s (default)
2023-08-25 08:53:43,541 [df7ffc6f-4fb9-49c9-8407-31fb6ff06550-groupManagement] INFO  server.RaftServerConfigKeys (ConfUtils.java:logGet(46)) - raft.server.log.statemachine.data.sync.timeout.retry = -1 (default)
2023-08-25 08:53:43,542 [df7ffc6f-4fb9-49c9-8407-31fb6ff06550-groupManagement] INFO  server.RaftServerConfigKeys (ConfUtils.java:logGet(46)) - raft.server.log.write.buffer.size = 1048576 (custom)
2023-08-25 08:53:43,542 [df7ffc6f-4fb9-49c9-8407-31fb6ff06550-groupManagement] INFO  server.RaftServerConfigKeys (ConfUtils.java:logGet(46)) - raft.server.log.appender.buffer.byte-limit = 33554432 (custom)
2023-08-25 08:53:43,548 [df7ffc6f-4fb9-49c9-8407-31fb6ff06550-groupManagement] INFO  server.RaftServerConfigKeys (ConfUtils.java:logGet(46)) - raft.server.log.unsafe-flush.enabled = false (default)
2023-08-25 08:53:43,548 [df7ffc6f-4fb9-49c9-8407-31fb6ff06550-groupManagement] INFO  server.RaftServerConfigKeys (ConfUtils.java:logGet(46)) - raft.server.log.async-flush.enabled = false (default)
2023-08-25 08:53:43,548 [df7ffc6f-4fb9-49c9-8407-31fb6ff06550-groupManagement] INFO  server.RaftServerConfigKeys (ConfUtils.java:logGet(46)) - raft.server.log.statemachine.data.caching.enabled = true (custom)
2023-08-25 08:53:43,548 [df7ffc6f-4fb9-49c9-8407-31fb6ff06550-groupManagement] INFO  segmented.SegmentedRaftLogWorker (SegmentedRaftLogWorker.java:lambda$new$0(135)) - df7ffc6f-4fb9-49c9-8407-31fb6ff06550@group-06080C8F0FE5-SegmentedRaftLogWorker: flushIndex: setUnconditionally 0 -> -1
2023-08-25 08:53:43,548 [df7ffc6f-4fb9-49c9-8407-31fb6ff06550-groupManagement] INFO  segmented.SegmentedRaftLogWorker (SegmentedRaftLogWorker.java:lambda$new$0(135)) - df7ffc6f-4fb9-49c9-8407-31fb6ff06550@group-06080C8F0FE5-SegmentedRaftLogWorker: safeCacheEvictIndex: setUnconditionally 0 -> -1
2023-08-25 08:53:43,549 [df7ffc6f-4fb9-49c9-8407-31fb6ff06550-groupManagement] INFO  server.RaftServer$Division (RaftServerImpl.java:start(342)) - df7ffc6f-4fb9-49c9-8407-31fb6ff06550@group-06080C8F0FE5: start as a follower, conf=-1: peers:[df7ffc6f-4fb9-49c9-8407-31fb6ff06550|rpc:10.1.0.19:15244|admin:10.1.0.19:15243|client:10.1.0.19:15242|dataStream:10.1.0.19:15245|priority:1|startupRole:FOLLOWER]|listeners:[], old=null
2023-08-25 08:53:43,549 [df7ffc6f-4fb9-49c9-8407-31fb6ff06550-groupManagement] INFO  server.RaftServer$Division (RaftServerImpl.java:setRole(329)) - df7ffc6f-4fb9-49c9-8407-31fb6ff06550@group-06080C8F0FE5: changes role from      null to FOLLOWER at term 0 for startAsFollower
2023-08-25 08:53:43,549 [df7ffc6f-4fb9-49c9-8407-31fb6ff06550-groupManagement] INFO  impl.RoleInfo (RoleInfo.java:updateAndGet(139)) - df7ffc6f-4fb9-49c9-8407-31fb6ff06550: start df7ffc6f-4fb9-49c9-8407-31fb6ff06550@group-06080C8F0FE5-FollowerState
2023-08-25 08:53:43,549 [df7ffc6f-4fb9-49c9-8407-31fb6ff06550-groupManagement] INFO  util.JmxRegister (JmxRegister.java:tryRegister(44)) - Successfully registered JMX Bean with object name Ratis:service=RaftServer,group=group-06080C8F0FE5,id=df7ffc6f-4fb9-49c9-8407-31fb6ff06550
2023-08-25 08:53:43,549 [df7ffc6f-4fb9-49c9-8407-31fb6ff06550@group-06080C8F0FE5-FollowerState] INFO  server.RaftServerConfigKeys (ConfUtils.java:logFallback(53)) - raft.server.rpc.first-election.timeout.min = 5s (fallback to raft.server.rpc.timeout.min)
2023-08-25 08:53:43,549 [df7ffc6f-4fb9-49c9-8407-31fb6ff06550-groupManagement] INFO  server.RaftServerConfigKeys (ConfUtils.java:logGet(46)) - raft.server.snapshot.auto.trigger.enabled = true (custom)
2023-08-25 08:53:43,549 [df7ffc6f-4fb9-49c9-8407-31fb6ff06550-groupManagement] INFO  server.RaftServerConfigKeys (ConfUtils.java:logGet(46)) - raft.server.snapshot.auto.trigger.threshold = 10000 (custom)
2023-08-25 08:53:43,549 [df7ffc6f-4fb9-49c9-8407-31fb6ff06550-groupManagement] INFO  server.RaftServerConfigKeys (ConfUtils.java:logGet(46)) - raft.server.snapshot.retention.file.num = 5 (custom)
2023-08-25 08:53:43,549 [df7ffc6f-4fb9-49c9-8407-31fb6ff06550-groupManagement] INFO  server.RaftServerConfigKeys (ConfUtils.java:logGet(46)) - raft.server.log.purge.upto.snapshot.index = false (default)
2023-08-25 08:53:43,549 [df7ffc6f-4fb9-49c9-8407-31fb6ff06550@group-06080C8F0FE5-FollowerState] INFO  server.RaftServerConfigKeys (ConfUtils.java:logFallback(53)) - raft.server.rpc.first-election.timeout.max = 5200ms (fallback to raft.server.rpc.timeout.max)
2023-08-25 08:53:43,550 [PipelineCommandHandlerThread-0] INFO  ratis.XceiverServerRatis (XceiverServerRatis.java:addGroup(804)) - Created group PipelineID=d0f0bb9b-95a1-4130-9d56-06080c8f0fe5
2023-08-25 08:53:43,550 [PipelineCommandHandlerThread-0] INFO  commandhandler.CreatePipelineCommandHandler (CreatePipelineCommandHandler.java:lambda$handle$2(124)) - Created Pipeline RATIS ONE PipelineID=d0f0bb9b-95a1-4130-9d56-06080c8f0fe5.
2023-08-25 08:53:43,595 [ReplicationMonitor] INFO  replication.ReplicationManager (ReplicationManager.java:processAll(361)) - Replication Manager is not ready to run until 3000ms after safemode exit
2023-08-25 08:53:43,850 [PipelineCommandHandlerThread-0] INFO  server.RaftServer (RaftServerProxy.java:addNew(98)) - 569111f9-f690-469e-b38a-962cff482c01: addNew group-BE534C1CC4E8:[569111f9-f690-469e-b38a-962cff482c01|rpc:10.1.0.19:15253|admin:10.1.0.19:15252|client:10.1.0.19:15251|dataStream:10.1.0.19:15254|priority:1|startupRole:FOLLOWER] returns group-BE534C1CC4E8:java.util.concurrent.CompletableFuture@63fc3433[Not completed]
2023-08-25 08:53:43,852 [569111f9-f690-469e-b38a-962cff482c01-groupManagement] INFO  server.RaftServer$Division (RaftServerImpl.java:<init>(198)) - 569111f9-f690-469e-b38a-962cff482c01: new RaftServerImpl for group-BE534C1CC4E8:[569111f9-f690-469e-b38a-962cff482c01|rpc:10.1.0.19:15253|admin:10.1.0.19:15252|client:10.1.0.19:15251|dataStream:10.1.0.19:15254|priority:1|startupRole:FOLLOWER] with ContainerStateMachine:uninitialized
2023-08-25 08:53:43,852 [569111f9-f690-469e-b38a-962cff482c01-groupManagement] INFO  server.RaftServerConfigKeys (ConfUtils.java:logGet(46)) - raft.server.rpc.timeout.min = 5s (custom)
2023-08-25 08:53:43,852 [569111f9-f690-469e-b38a-962cff482c01-groupManagement] INFO  server.RaftServerConfigKeys (ConfUtils.java:logGet(46)) - raft.server.rpc.timeout.max = 5200ms (custom)
2023-08-25 08:53:43,852 [569111f9-f690-469e-b38a-962cff482c01-groupManagement] INFO  server.RaftServerConfigKeys (ConfUtils.java:logGet(46)) - raft.server.rpc.sleep.time = 25ms (default)
2023-08-25 08:53:43,852 [569111f9-f690-469e-b38a-962cff482c01-groupManagement] INFO  server.RaftServerConfigKeys (ConfUtils.java:logGet(46)) - raft.server.rpc.slowness.timeout = 300s (custom)
2023-08-25 08:53:43,852 [569111f9-f690-469e-b38a-962cff482c01-groupManagement] INFO  server.RaftServerConfigKeys (ConfUtils.java:logGet(46)) - raft.server.leaderelection.leader.step-down.wait-time = 10s (default)
2023-08-25 08:53:43,852 [569111f9-f690-469e-b38a-962cff482c01-groupManagement] INFO  server.RaftServerConfigKeys (ConfUtils.java:logGet(46)) - raft.server.sleep.deviation.threshold = 300ms (default)
2023-08-25 08:53:43,852 [569111f9-f690-469e-b38a-962cff482c01-groupManagement] INFO  server.RaftServer$Division (ServerState.java:<init>(120)) - 569111f9-f690-469e-b38a-962cff482c01@group-BE534C1CC4E8: ConfigurationManager, init=-1: peers:[569111f9-f690-469e-b38a-962cff482c01|rpc:10.1.0.19:15253|admin:10.1.0.19:15252|client:10.1.0.19:15251|dataStream:10.1.0.19:15254|priority:1|startupRole:FOLLOWER]|listeners:[], old=null, confs=<EMPTY_MAP>
2023-08-25 08:53:43,852 [569111f9-f690-469e-b38a-962cff482c01-groupManagement] INFO  server.RaftServerConfigKeys (ConfUtils.java:logGet(46)) - raft.server.storage.dir = [/home/runner/work/ozone/ozone/hadoop-ozone/integration-test/target/test-dir/MiniOzoneClusterImpl-e692d0c4-4f9e-424f-81a0-065ebcedd1d3/datanode-3/data/ratis] (custom)
2023-08-25 08:53:43,852 [569111f9-f690-469e-b38a-962cff482c01-groupManagement] INFO  server.RaftServerConfigKeys (ConfUtils.java:logGet(46)) - raft.server.log.corruption.policy = EXCEPTION (default)
2023-08-25 08:53:43,852 [569111f9-f690-469e-b38a-962cff482c01-groupManagement] INFO  server.RaftServerConfigKeys (ConfUtils.java:logGet(46)) - raft.server.storage.free-space.min = 0MB (=0) (default)
2023-08-25 08:53:43,852 [569111f9-f690-469e-b38a-962cff482c01-groupManagement] INFO  server.RaftServerConfigKeys (ConfUtils.java:logGet(46)) - raft.server.notification.no-leader.timeout = 300s (custom)
2023-08-25 08:53:43,852 [569111f9-f690-469e-b38a-962cff482c01-groupManagement] INFO  server.RaftServerConfigKeys (ConfUtils.java:logGet(46)) - raft.server.read.timeout = 10s (default)
2023-08-25 08:53:43,853 [569111f9-f690-469e-b38a-962cff482c01-groupManagement] INFO  server.RaftServerConfigKeys (ConfUtils.java:logGet(46)) - raft.server.retrycache.expirytime = 600000ms (custom)
2023-08-25 08:53:43,853 [569111f9-f690-469e-b38a-962cff482c01-groupManagement] INFO  server.RaftServerConfigKeys (ConfUtils.java:logGet(46)) - raft.server.retrycache.statistics.expirytime = 100μs (default)
2023-08-25 08:53:43,853 [569111f9-f690-469e-b38a-962cff482c01-groupManagement] INFO  server.RaftServerConfigKeys (ConfUtils.java:logGet(46)) - raft.server.read.option = DEFAULT (default)
2023-08-25 08:53:43,853 [569111f9-f690-469e-b38a-962cff482c01-groupManagement] INFO  server.RaftServerConfigKeys (ConfUtils.java:logGet(46)) - raft.server.rpc.request.timeout = 60s (custom)
2023-08-25 08:53:43,853 [569111f9-f690-469e-b38a-962cff482c01-groupManagement] INFO  server.RaftServerConfigKeys (ConfUtils.java:logGet(46)) - raft.server.log.appender.install.snapshot.enabled = false (custom)
2023-08-25 08:53:43,853 [569111f9-f690-469e-b38a-962cff482c01-groupManagement] INFO  server.RaftServerConfigKeys (ConfUtils.java:logGet(46)) - raft.server.threadpool.server.cached = true (default)
2023-08-25 08:53:43,853 [569111f9-f690-469e-b38a-962cff482c01-groupManagement] INFO  server.RaftServerConfigKeys (ConfUtils.java:logGet(46)) - raft.server.threadpool.server.size = 0 (default)
2023-08-25 08:53:43,853 [569111f9-f690-469e-b38a-962cff482c01-groupManagement] INFO  server.RaftServerConfigKeys (ConfUtils.java:logGet(46)) - raft.server.threadpool.client.cached = true (default)
2023-08-25 08:53:43,854 [569111f9-f690-469e-b38a-962cff482c01-groupManagement] INFO  server.RaftServerConfigKeys (ConfUtils.java:logGet(46)) - raft.server.threadpool.client.size = 0 (default)
2023-08-25 08:53:43,854 [569111f9-f690-469e-b38a-962cff482c01-groupManagement] INFO  storage.RaftStorageDirectory (RaftStorageDirectoryImpl.java:analyzeStorage(137)) - The storage directory /home/runner/work/ozone/ozone/hadoop-ozone/integration-test/target/test-dir/MiniOzoneClusterImpl-e692d0c4-4f9e-424f-81a0-065ebcedd1d3/datanode-3/data/ratis/cf46c635-3e5a-41f6-a493-be534c1cc4e8 does not exist. Creating ...
2023-08-25 08:53:43,855 [569111f9-f690-469e-b38a-962cff482c01-groupManagement] INFO  storage.RaftStorageDirectory (RaftStorageDirectoryImpl.java:tryLock(231)) - Lock on /home/runner/work/ozone/ozone/hadoop-ozone/integration-test/target/test-dir/MiniOzoneClusterImpl-e692d0c4-4f9e-424f-81a0-065ebcedd1d3/datanode-3/data/ratis/cf46c635-3e5a-41f6-a493-be534c1cc4e8/in_use.lock acquired by nodename 30217@fv-az584-689
2023-08-25 08:53:43,857 [569111f9-f690-469e-b38a-962cff482c01-groupManagement] INFO  storage.RaftStorage (RaftStorageImpl.java:format(96)) - Storage directory /home/runner/work/ozone/ozone/hadoop-ozone/integration-test/target/test-dir/MiniOzoneClusterImpl-e692d0c4-4f9e-424f-81a0-065ebcedd1d3/datanode-3/data/ratis/cf46c635-3e5a-41f6-a493-be534c1cc4e8 has been successfully formatted.
2023-08-25 08:53:43,859 [569111f9-f690-469e-b38a-962cff482c01-groupManagement] INFO  ratis.ContainerStateMachine (ContainerStateMachine.java:loadSnapshot(262)) - group-BE534C1CC4E8: The snapshot info is null. Setting the last applied indexto:(t:0, i:~)
2023-08-25 08:53:43,859 [569111f9-f690-469e-b38a-962cff482c01-groupManagement] INFO  server.RaftServerConfigKeys (ConfUtils.java:logGet(46)) - raft.server.log.use.memory = false (default)
2023-08-25 08:53:43,859 [569111f9-f690-469e-b38a-962cff482c01-groupManagement] INFO  server.RaftServerConfigKeys (ConfUtils.java:logGet(46)) - raft.server.log.purge.gap = 1000000 (custom)
2023-08-25 08:53:43,859 [569111f9-f690-469e-b38a-962cff482c01-groupManagement] INFO  server.RaftServerConfigKeys (ConfUtils.java:logGet(46)) - raft.server.log.appender.buffer.byte-limit = 33554432 (custom)
2023-08-25 08:53:43,859 [569111f9-f690-469e-b38a-962cff482c01-groupManagement] INFO  server.RaftServerConfigKeys (ConfUtils.java:logGet(46)) - raft.server.log.statemachine.data.read.timeout = 1000ms (default)
2023-08-25 08:53:43,860 [569111f9-f690-469e-b38a-962cff482c01-groupManagement] INFO  server.RaftServerConfigKeys (ConfUtils.java:logGet(46)) - raft.server.log.purge.preservation.log.num = 0 (default)
2023-08-25 08:53:43,860 [569111f9-f690-469e-b38a-962cff482c01-groupManagement] INFO  server.RaftServerConfigKeys (ConfUtils.java:logGet(46)) - raft.server.log.segment.size.max = 1048576 (custom)
2023-08-25 08:53:43,860 [569111f9-f690-469e-b38a-962cff482c01-groupManagement] INFO  server.RaftServerConfigKeys (ConfUtils.java:logGet(46)) - raft.server.log.segment.cache.num.max = 2 (custom)
2023-08-25 08:53:43,860 [569111f9-f690-469e-b38a-962cff482c01-groupManagement] INFO  server.RaftServerConfigKeys (ConfUtils.java:logGet(46)) - raft.server.log.segment.cache.size.max = 200MB (=209715200) (default)
2023-08-25 08:53:43,860 [569111f9-f690-469e-b38a-962cff482c01-groupManagement] INFO  server.RaftServerConfigKeys (ConfUtils.java:logGet(46)) - raft.server.log.appender.buffer.byte-limit = 33554432 (custom)
2023-08-25 08:53:43,860 [569111f9-f690-469e-b38a-962cff482c01-groupManagement] INFO  segmented.SegmentedRaftLogWorker (SegmentedRaftLogWorker.java:<init>(188)) - new 569111f9-f690-469e-b38a-962cff482c01@group-BE534C1CC4E8-SegmentedRaftLogWorker for RaftStorageImpl:Storage Directory /home/runner/work/ozone/ozone/hadoop-ozone/integration-test/target/test-dir/MiniOzoneClusterImpl-e692d0c4-4f9e-424f-81a0-065ebcedd1d3/datanode-3/data/ratis/cf46c635-3e5a-41f6-a493-be534c1cc4e8
2023-08-25 08:53:43,860 [569111f9-f690-469e-b38a-962cff482c01-groupManagement] INFO  server.RaftServerConfigKeys (ConfUtils.java:logGet(46)) - raft.server.log.queue.byte-limit = 4294967296 (custom)
2023-08-25 08:53:43,860 [569111f9-f690-469e-b38a-962cff482c01-groupManagement] INFO  server.RaftServerConfigKeys (ConfUtils.java:logGet(46)) - raft.server.log.queue.element-limit = 1024 (custom)
2023-08-25 08:53:43,860 [569111f9-f690-469e-b38a-962cff482c01-groupManagement] INFO  server.RaftServerConfigKeys (ConfUtils.java:logGet(46)) - raft.server.log.segment.size.max = 1048576 (custom)
2023-08-25 08:53:43,860 [569111f9-f690-469e-b38a-962cff482c01-groupManagement] INFO  server.RaftServerConfigKeys (ConfUtils.java:logGet(46)) - raft.server.log.preallocated.size = 16384 (custom)
2023-08-25 08:53:43,860 [569111f9-f690-469e-b38a-962cff482c01-groupManagement] INFO  server.RaftServerConfigKeys (ConfUtils.java:logGet(46)) - raft.server.log.force.sync.num = 128 (default)
2023-08-25 08:53:43,860 [569111f9-f690-469e-b38a-962cff482c01-groupManagement] INFO  server.RaftServerConfigKeys (ConfUtils.java:logGet(46)) - raft.server.log.statemachine.data.sync = true (default)
2023-08-25 08:53:43,860 [569111f9-f690-469e-b38a-962cff482c01-groupManagement] INFO  server.RaftServerConfigKeys (ConfUtils.java:logGet(46)) - raft.server.log.statemachine.data.sync.timeout = 10s (default)
2023-08-25 08:53:43,860 [569111f9-f690-469e-b38a-962cff482c01-groupManagement] INFO  server.RaftServerConfigKeys (ConfUtils.java:logGet(46)) - raft.server.log.statemachine.data.sync.timeout.retry = -1 (default)
2023-08-25 08:53:43,861 [569111f9-f690-469e-b38a-962cff482c01-groupManagement] INFO  server.RaftServerConfigKeys (ConfUtils.java:logGet(46)) - raft.server.log.write.buffer.size = 1048576 (custom)
2023-08-25 08:53:43,861 [569111f9-f690-469e-b38a-962cff482c01-groupManagement] INFO  server.RaftServerConfigKeys (ConfUtils.java:logGet(46)) - raft.server.log.appender.buffer.byte-limit = 33554432 (custom)
2023-08-25 08:53:43,862 [EventQueue-PipelineReportForPipelineReportHandler] INFO  pipeline.PipelineReportHandler (PipelineReportHandler.java:processPipelineReport(136)) - Opened pipeline PipelineID=cf46c635-3e5a-41f6-a493-be534c1cc4e8
2023-08-25 08:53:43,863 [EventQueue-OpenPipelineForHealthyPipelineSafeModeRule] INFO  safemode.SCMSafeModeManager (HealthyPipelineSafeModeRule.java:process(137)) - SCM in safe mode. Healthy pipelines reported count is 0, required healthy pipeline reported count is 1
2023-08-25 08:53:43,867 [569111f9-f690-469e-b38a-962cff482c01-groupManagement] INFO  server.RaftServerConfigKeys (ConfUtils.java:logGet(46)) - raft.server.log.unsafe-flush.enabled = false (default)
2023-08-25 08:53:43,867 [569111f9-f690-469e-b38a-962cff482c01-groupManagement] INFO  server.RaftServerConfigKeys (ConfUtils.java:logGet(46)) - raft.server.log.async-flush.enabled = false (default)
2023-08-25 08:53:43,867 [569111f9-f690-469e-b38a-962cff482c01-groupManagement] INFO  server.RaftServerConfigKeys (ConfUtils.java:logGet(46)) - raft.server.log.statemachine.data.caching.enabled = true (custom)
2023-08-25 08:53:43,867 [569111f9-f690-469e-b38a-962cff482c01-groupManagement] INFO  segmented.SegmentedRaftLogWorker (SegmentedRaftLogWorker.java:lambda$new$0(135)) - 569111f9-f690-469e-b38a-962cff482c01@group-BE534C1CC4E8-SegmentedRaftLogWorker: flushIndex: setUnconditionally 0 -> -1
2023-08-25 08:53:43,867 [569111f9-f690-469e-b38a-962cff482c01-groupManagement] INFO  segmented.SegmentedRaftLogWorker (SegmentedRaftLogWorker.java:lambda$new$0(135)) - 569111f9-f690-469e-b38a-962cff482c01@group-BE534C1CC4E8-SegmentedRaftLogWorker: safeCacheEvictIndex: setUnconditionally 0 -> -1
2023-08-25 08:53:43,867 [569111f9-f690-469e-b38a-962cff482c01-groupManagement] INFO  server.RaftServer$Division (RaftServerImpl.java:start(342)) - 569111f9-f690-469e-b38a-962cff482c01@group-BE534C1CC4E8: start as a follower, conf=-1: peers:[569111f9-f690-469e-b38a-962cff482c01|rpc:10.1.0.19:15253|admin:10.1.0.19:15252|client:10.1.0.19:15251|dataStream:10.1.0.19:15254|priority:1|startupRole:FOLLOWER]|listeners:[], old=null
2023-08-25 08:53:43,867 [569111f9-f690-469e-b38a-962cff482c01-groupManagement] INFO  server.RaftServer$Division (RaftServerImpl.java:setRole(329)) - 569111f9-f690-469e-b38a-962cff482c01@group-BE534C1CC4E8: changes role from      null to FOLLOWER at term 0 for startAsFollower
2023-08-25 08:53:43,867 [569111f9-f690-469e-b38a-962cff482c01-groupManagement] INFO  impl.RoleInfo (RoleInfo.java:updateAndGet(139)) - 569111f9-f690-469e-b38a-962cff482c01: start 569111f9-f690-469e-b38a-962cff482c01@group-BE534C1CC4E8-FollowerState
2023-08-25 08:53:43,868 [569111f9-f690-469e-b38a-962cff482c01-groupManagement] INFO  util.JmxRegister (JmxRegister.java:tryRegister(44)) - Successfully registered JMX Bean with object name Ratis:service=RaftServer,group=group-BE534C1CC4E8,id=569111f9-f690-469e-b38a-962cff482c01
2023-08-25 08:53:43,868 [569111f9-f690-469e-b38a-962cff482c01@group-BE534C1CC4E8-FollowerState] INFO  server.RaftServerConfigKeys (ConfUtils.java:logFallback(53)) - raft.server.rpc.first-election.timeout.min = 5s (fallback to raft.server.rpc.timeout.min)
2023-08-25 08:53:43,868 [569111f9-f690-469e-b38a-962cff482c01-groupManagement] INFO  server.RaftServerConfigKeys (ConfUtils.java:logGet(46)) - raft.server.snapshot.auto.trigger.enabled = true (custom)
2023-08-25 08:53:43,868 [569111f9-f690-469e-b38a-962cff482c01@group-BE534C1CC4E8-FollowerState] INFO  server.RaftServerConfigKeys (ConfUtils.java:logFallback(53)) - raft.server.rpc.first-election.timeout.max = 5200ms (fallback to raft.server.rpc.timeout.max)
2023-08-25 08:53:43,868 [569111f9-f690-469e-b38a-962cff482c01-groupManagement] INFO  server.RaftServerConfigKeys (ConfUtils.java:logGet(46)) - raft.server.snapshot.auto.trigger.threshold = 10000 (custom)
2023-08-25 08:53:43,868 [569111f9-f690-469e-b38a-962cff482c01-groupManagement] INFO  server.RaftServerConfigKeys (ConfUtils.java:logGet(46)) - raft.server.snapshot.retention.file.num = 5 (custom)
2023-08-25 08:53:43,868 [569111f9-f690-469e-b38a-962cff482c01-groupManagement] INFO  server.RaftServerConfigKeys (ConfUtils.java:logGet(46)) - raft.server.log.purge.upto.snapshot.index = false (default)
2023-08-25 08:53:43,869 [PipelineCommandHandlerThread-0] INFO  ratis.XceiverServerRatis (XceiverServerRatis.java:addGroup(804)) - Created group PipelineID=cf46c635-3e5a-41f6-a493-be534c1cc4e8
2023-08-25 08:53:43,869 [PipelineCommandHandlerThread-0] INFO  commandhandler.CreatePipelineCommandHandler (CreatePipelineCommandHandler.java:lambda$handle$2(124)) - Created Pipeline RATIS ONE PipelineID=cf46c635-3e5a-41f6-a493-be534c1cc4e8.
2023-08-25 08:53:44,167 [Time-limited test] INFO  ozone.MiniOzoneClusterImpl (MiniOzoneClusterImpl.java:lambda$waitForClusterToBeReady$0(224)) - Nodes are ready. Got 5 of 5 DN Heartbeats.
2023-08-25 08:53:44,167 [Time-limited test] INFO  ozone.MiniOzoneClusterImpl (MiniOzoneClusterImpl.java:lambda$waitForClusterToBeReady$0(227)) - Waiting for cluster to exit safe mode
2023-08-25 08:53:44,167 [Time-limited test] INFO  ozone.MiniOzoneClusterImpl (MiniOzoneClusterImpl.java:lambda$waitForClusterToBeReady$0(229)) - SCM became leader
2023-08-25 08:53:44,172 [PipelineCommandHandlerThread-0] INFO  server.RaftServer (RaftServerProxy.java:addNew(98)) - fe50a787-6632-4d4b-966e-2aa891a7aebb: addNew group-CFB85F524D5A:[fe50a787-6632-4d4b-966e-2aa891a7aebb|rpc:10.1.0.19:15262|admin:10.1.0.19:15261|client:10.1.0.19:15260|dataStream:10.1.0.19:15263|priority:1|startupRole:FOLLOWER] returns group-CFB85F524D5A:java.util.concurrent.CompletableFuture@4f57abbc[Not completed]
2023-08-25 08:53:44,173 [fe50a787-6632-4d4b-966e-2aa891a7aebb-groupManagement] INFO  server.RaftServer$Division (RaftServerImpl.java:<init>(198)) - fe50a787-6632-4d4b-966e-2aa891a7aebb: new RaftServerImpl for group-CFB85F524D5A:[fe50a787-6632-4d4b-966e-2aa891a7aebb|rpc:10.1.0.19:15262|admin:10.1.0.19:15261|client:10.1.0.19:15260|dataStream:10.1.0.19:15263|priority:1|startupRole:FOLLOWER] with ContainerStateMachine:uninitialized
2023-08-25 08:53:44,173 [fe50a787-6632-4d4b-966e-2aa891a7aebb-groupManagement] INFO  server.RaftServerConfigKeys (ConfUtils.java:logGet(46)) - raft.server.rpc.timeout.min = 5s (custom)
2023-08-25 08:53:44,173 [fe50a787-6632-4d4b-966e-2aa891a7aebb-groupManagement] INFO  server.RaftServerConfigKeys (ConfUtils.java:logGet(46)) - raft.server.rpc.timeout.max = 5200ms (custom)
2023-08-25 08:53:44,173 [fe50a787-6632-4d4b-966e-2aa891a7aebb-groupManagement] INFO  server.RaftServerConfigKeys (ConfUtils.java:logGet(46)) - raft.server.rpc.sleep.time = 25ms (default)
2023-08-25 08:53:44,173 [fe50a787-6632-4d4b-966e-2aa891a7aebb-groupManagement] INFO  server.RaftServerConfigKeys (ConfUtils.java:logGet(46)) - raft.server.rpc.slowness.timeout = 300s (custom)
2023-08-25 08:53:44,173 [fe50a787-6632-4d4b-966e-2aa891a7aebb-groupManagement] INFO  server.RaftServerConfigKeys (ConfUtils.java:logGet(46)) - raft.server.leaderelection.leader.step-down.wait-time = 10s (default)
2023-08-25 08:53:44,173 [fe50a787-6632-4d4b-966e-2aa891a7aebb-groupManagement] INFO  server.RaftServerConfigKeys (ConfUtils.java:logGet(46)) - raft.server.sleep.deviation.threshold = 300ms (default)
2023-08-25 08:53:44,173 [fe50a787-6632-4d4b-966e-2aa891a7aebb-groupManagement] INFO  server.RaftServer$Division (ServerState.java:<init>(120)) - fe50a787-6632-4d4b-966e-2aa891a7aebb@group-CFB85F524D5A: ConfigurationManager, init=-1: peers:[fe50a787-6632-4d4b-966e-2aa891a7aebb|rpc:10.1.0.19:15262|admin:10.1.0.19:15261|client:10.1.0.19:15260|dataStream:10.1.0.19:15263|priority:1|startupRole:FOLLOWER]|listeners:[], old=null, confs=<EMPTY_MAP>
2023-08-25 08:53:44,173 [fe50a787-6632-4d4b-966e-2aa891a7aebb-groupManagement] INFO  server.RaftServerConfigKeys (ConfUtils.java:logGet(46)) - raft.server.storage.dir = [/home/runner/work/ozone/ozone/hadoop-ozone/integration-test/target/test-dir/MiniOzoneClusterImpl-e692d0c4-4f9e-424f-81a0-065ebcedd1d3/datanode-4/data/ratis] (custom)
2023-08-25 08:53:44,173 [fe50a787-6632-4d4b-966e-2aa891a7aebb-groupManagement] INFO  server.RaftServerConfigKeys (ConfUtils.java:logGet(46)) - raft.server.log.corruption.policy = EXCEPTION (default)
2023-08-25 08:53:44,173 [fe50a787-6632-4d4b-966e-2aa891a7aebb-groupManagement] INFO  server.RaftServerConfigKeys (ConfUtils.java:logGet(46)) - raft.server.storage.free-space.min = 0MB (=0) (default)
2023-08-25 08:53:44,174 [fe50a787-6632-4d4b-966e-2aa891a7aebb-groupManagement] INFO  server.RaftServerConfigKeys (ConfUtils.java:logGet(46)) - raft.server.notification.no-leader.timeout = 300s (custom)
2023-08-25 08:53:44,174 [fe50a787-6632-4d4b-966e-2aa891a7aebb-groupManagement] INFO  server.RaftServerConfigKeys (ConfUtils.java:logGet(46)) - raft.server.read.timeout = 10s (default)
2023-08-25 08:53:44,174 [fe50a787-6632-4d4b-966e-2aa891a7aebb-groupManagement] INFO  server.RaftServerConfigKeys (ConfUtils.java:logGet(46)) - raft.server.retrycache.expirytime = 600000ms (custom)
2023-08-25 08:53:44,174 [fe50a787-6632-4d4b-966e-2aa891a7aebb-groupManagement] INFO  server.RaftServerConfigKeys (ConfUtils.java:logGet(46)) - raft.server.retrycache.statistics.expirytime = 100μs (default)
2023-08-25 08:53:44,174 [fe50a787-6632-4d4b-966e-2aa891a7aebb-groupManagement] INFO  server.RaftServerConfigKeys (ConfUtils.java:logGet(46)) - raft.server.read.option = DEFAULT (default)
2023-08-25 08:53:44,174 [fe50a787-6632-4d4b-966e-2aa891a7aebb-groupManagement] INFO  server.RaftServerConfigKeys (ConfUtils.java:logGet(46)) - raft.server.rpc.request.timeout = 60s (custom)
2023-08-25 08:53:44,174 [fe50a787-6632-4d4b-966e-2aa891a7aebb-groupManagement] INFO  server.RaftServerConfigKeys (ConfUtils.java:logGet(46)) - raft.server.log.appender.install.snapshot.enabled = false (custom)
2023-08-25 08:53:44,175 [fe50a787-6632-4d4b-966e-2aa891a7aebb-groupManagement] INFO  server.RaftServerConfigKeys (ConfUtils.java:logGet(46)) - raft.server.threadpool.server.cached = true (default)
2023-08-25 08:53:44,175 [fe50a787-6632-4d4b-966e-2aa891a7aebb-groupManagement] INFO  server.RaftServerConfigKeys (ConfUtils.java:logGet(46)) - raft.server.threadpool.server.size = 0 (default)
2023-08-25 08:53:44,175 [fe50a787-6632-4d4b-966e-2aa891a7aebb-groupManagement] INFO  server.RaftServerConfigKeys (ConfUtils.java:logGet(46)) - raft.server.threadpool.client.cached = true (default)
2023-08-25 08:53:44,175 [fe50a787-6632-4d4b-966e-2aa891a7aebb-groupManagement] INFO  server.RaftServerConfigKeys (ConfUtils.java:logGet(46)) - raft.server.threadpool.client.size = 0 (default)
2023-08-25 08:53:44,175 [fe50a787-6632-4d4b-966e-2aa891a7aebb-groupManagement] INFO  storage.RaftStorageDirectory (RaftStorageDirectoryImpl.java:analyzeStorage(137)) - The storage directory /home/runner/work/ozone/ozone/hadoop-ozone/integration-test/target/test-dir/MiniOzoneClusterImpl-e692d0c4-4f9e-424f-81a0-065ebcedd1d3/datanode-4/data/ratis/36f03046-9953-4743-950a-cfb85f524d5a does not exist. Creating ...
2023-08-25 08:53:44,177 [fe50a787-6632-4d4b-966e-2aa891a7aebb-groupManagement] INFO  storage.RaftStorageDirectory (RaftStorageDirectoryImpl.java:tryLock(231)) - Lock on /home/runner/work/ozone/ozone/hadoop-ozone/integration-test/target/test-dir/MiniOzoneClusterImpl-e692d0c4-4f9e-424f-81a0-065ebcedd1d3/datanode-4/data/ratis/36f03046-9953-4743-950a-cfb85f524d5a/in_use.lock acquired by nodename 30217@fv-az584-689
2023-08-25 08:53:44,178 [fe50a787-6632-4d4b-966e-2aa891a7aebb-groupManagement] INFO  storage.RaftStorage (RaftStorageImpl.java:format(96)) - Storage directory /home/runner/work/ozone/ozone/hadoop-ozone/integration-test/target/test-dir/MiniOzoneClusterImpl-e692d0c4-4f9e-424f-81a0-065ebcedd1d3/datanode-4/data/ratis/36f03046-9953-4743-950a-cfb85f524d5a has been successfully formatted.
2023-08-25 08:53:44,179 [fe50a787-6632-4d4b-966e-2aa891a7aebb-groupManagement] INFO  ratis.ContainerStateMachine (ContainerStateMachine.java:loadSnapshot(262)) - group-CFB85F524D5A: The snapshot info is null. Setting the last applied indexto:(t:0, i:~)
2023-08-25 08:53:44,180 [fe50a787-6632-4d4b-966e-2aa891a7aebb-groupManagement] INFO  server.RaftServerConfigKeys (ConfUtils.java:logGet(46)) - raft.server.log.use.memory = false (default)
2023-08-25 08:53:44,180 [fe50a787-6632-4d4b-966e-2aa891a7aebb-groupManagement] INFO  server.RaftServerConfigKeys (ConfUtils.java:logGet(46)) - raft.server.log.purge.gap = 1000000 (custom)
2023-08-25 08:53:44,180 [fe50a787-6632-4d4b-966e-2aa891a7aebb-groupManagement] INFO  server.RaftServerConfigKeys (ConfUtils.java:logGet(46)) - raft.server.log.appender.buffer.byte-limit = 33554432 (custom)
2023-08-25 08:53:44,180 [fe50a787-6632-4d4b-966e-2aa891a7aebb-groupManagement] INFO  server.RaftServerConfigKeys (ConfUtils.java:logGet(46)) - raft.server.log.statemachine.data.read.timeout = 1000ms (default)
2023-08-25 08:53:44,180 [fe50a787-6632-4d4b-966e-2aa891a7aebb-groupManagement] INFO  server.RaftServerConfigKeys (ConfUtils.java:logGet(46)) - raft.server.log.purge.preservation.log.num = 0 (default)
2023-08-25 08:53:44,180 [fe50a787-6632-4d4b-966e-2aa891a7aebb-groupManagement] INFO  server.RaftServerConfigKeys (ConfUtils.java:logGet(46)) - raft.server.log.segment.size.max = 1048576 (custom)
2023-08-25 08:53:44,180 [fe50a787-6632-4d4b-966e-2aa891a7aebb-groupManagement] INFO  server.RaftServerConfigKeys (ConfUtils.java:logGet(46)) - raft.server.log.segment.cache.num.max = 2 (custom)
2023-08-25 08:53:44,181 [fe50a787-6632-4d4b-966e-2aa891a7aebb-groupManagement] INFO  server.RaftServerConfigKeys (ConfUtils.java:logGet(46)) - raft.server.log.segment.cache.size.max = 200MB (=209715200) (default)
2023-08-25 08:53:44,181 [fe50a787-6632-4d4b-966e-2aa891a7aebb-groupManagement] INFO  server.RaftServerConfigKeys (ConfUtils.java:logGet(46)) - raft.server.log.appender.buffer.byte-limit = 33554432 (custom)
2023-08-25 08:53:44,182 [EventQueue-PipelineReportForPipelineReportHandler] INFO  pipeline.PipelineReportHandler (PipelineReportHandler.java:processPipelineReport(136)) - Opened pipeline PipelineID=36f03046-9953-4743-950a-cfb85f524d5a
2023-08-25 08:53:44,182 [EventQueue-OpenPipelineForHealthyPipelineSafeModeRule] INFO  safemode.SCMSafeModeManager (HealthyPipelineSafeModeRule.java:process(137)) - SCM in safe mode. Healthy pipelines reported count is 0, required healthy pipeline reported count is 1
2023-08-25 08:53:44,182 [fe50a787-6632-4d4b-966e-2aa891a7aebb-groupManagement] INFO  segmented.SegmentedRaftLogWorker (SegmentedRaftLogWorker.java:<init>(188)) - new fe50a787-6632-4d4b-966e-2aa891a7aebb@group-CFB85F524D5A-SegmentedRaftLogWorker for RaftStorageImpl:Storage Directory /home/runner/work/ozone/ozone/hadoop-ozone/integration-test/target/test-dir/MiniOzoneClusterImpl-e692d0c4-4f9e-424f-81a0-065ebcedd1d3/datanode-4/data/ratis/36f03046-9953-4743-950a-cfb85f524d5a
2023-08-25 08:53:44,182 [fe50a787-6632-4d4b-966e-2aa891a7aebb-groupManagement] INFO  server.RaftServerConfigKeys (ConfUtils.java:logGet(46)) - raft.server.log.queue.byte-limit = 4294967296 (custom)
2023-08-25 08:53:44,182 [fe50a787-6632-4d4b-966e-2aa891a7aebb-groupManagement] INFO  server.RaftServerConfigKeys (ConfUtils.java:logGet(46)) - raft.server.log.queue.element-limit = 1024 (custom)
2023-08-25 08:53:44,182 [fe50a787-6632-4d4b-966e-2aa891a7aebb-groupManagement] INFO  server.RaftServerConfigKeys (ConfUtils.java:logGet(46)) - raft.server.log.segment.size.max = 1048576 (custom)
2023-08-25 08:53:44,182 [fe50a787-6632-4d4b-966e-2aa891a7aebb-groupManagement] INFO  server.RaftServerConfigKeys (ConfUtils.java:logGet(46)) - raft.server.log.preallocated.size = 16384 (custom)
2023-08-25 08:53:44,182 [fe50a787-6632-4d4b-966e-2aa891a7aebb-groupManagement] INFO  server.RaftServerConfigKeys (ConfUtils.java:logGet(46)) - raft.server.log.force.sync.num = 128 (default)
2023-08-25 08:53:44,182 [fe50a787-6632-4d4b-966e-2aa891a7aebb-groupManagement] INFO  server.RaftServerConfigKeys (ConfUtils.java:logGet(46)) - raft.server.log.statemachine.data.sync = true (default)
2023-08-25 08:53:44,182 [fe50a787-6632-4d4b-966e-2aa891a7aebb-groupManagement] INFO  server.RaftServerConfigKeys (ConfUtils.java:logGet(46)) - raft.server.log.statemachine.data.sync.timeout = 10s (default)
2023-08-25 08:53:44,182 [fe50a787-6632-4d4b-966e-2aa891a7aebb-groupManagement] INFO  server.RaftServerConfigKeys (ConfUtils.java:logGet(46)) - raft.server.log.statemachine.data.sync.timeout.retry = -1 (default)
2023-08-25 08:53:44,183 [fe50a787-6632-4d4b-966e-2aa891a7aebb-groupManagement] INFO  server.RaftServerConfigKeys (ConfUtils.java:logGet(46)) - raft.server.log.write.buffer.size = 1048576 (custom)
2023-08-25 08:53:44,183 [fe50a787-6632-4d4b-966e-2aa891a7aebb-groupManagement] INFO  server.RaftServerConfigKeys (ConfUtils.java:logGet(46)) - raft.server.log.appender.buffer.byte-limit = 33554432 (custom)
2023-08-25 08:53:44,188 [fe50a787-6632-4d4b-966e-2aa891a7aebb-groupManagement] INFO  server.RaftServerConfigKeys (ConfUtils.java:logGet(46)) - raft.server.log.unsafe-flush.enabled = false (default)
2023-08-25 08:53:44,188 [fe50a787-6632-4d4b-966e-2aa891a7aebb-groupManagement] INFO  server.RaftServerConfigKeys (ConfUtils.java:logGet(46)) - raft.server.log.async-flush.enabled = false (default)
2023-08-25 08:53:44,188 [fe50a787-6632-4d4b-966e-2aa891a7aebb-groupManagement] INFO  server.RaftServerConfigKeys (ConfUtils.java:logGet(46)) - raft.server.log.statemachine.data.caching.enabled = true (custom)
2023-08-25 08:53:44,188 [fe50a787-6632-4d4b-966e-2aa891a7aebb-groupManagement] INFO  segmented.SegmentedRaftLogWorker (SegmentedRaftLogWorker.java:lambda$new$0(135)) - fe50a787-6632-4d4b-966e-2aa891a7aebb@group-CFB85F524D5A-SegmentedRaftLogWorker: flushIndex: setUnconditionally 0 -> -1
2023-08-25 08:53:44,189 [fe50a787-6632-4d4b-966e-2aa891a7aebb-groupManagement] INFO  segmented.SegmentedRaftLogWorker (SegmentedRaftLogWorker.java:lambda$new$0(135)) - fe50a787-6632-4d4b-966e-2aa891a7aebb@group-CFB85F524D5A-SegmentedRaftLogWorker: safeCacheEvictIndex: setUnconditionally 0 -> -1
2023-08-25 08:53:44,189 [fe50a787-6632-4d4b-966e-2aa891a7aebb-groupManagement] INFO  server.RaftServer$Division (RaftServerImpl.java:start(342)) - fe50a787-6632-4d4b-966e-2aa891a7aebb@group-CFB85F524D5A: start as a follower, conf=-1: peers:[fe50a787-6632-4d4b-966e-2aa891a7aebb|rpc:10.1.0.19:15262|admin:10.1.0.19:15261|client:10.1.0.19:15260|dataStream:10.1.0.19:15263|priority:1|startupRole:FOLLOWER]|listeners:[], old=null
2023-08-25 08:53:44,189 [fe50a787-6632-4d4b-966e-2aa891a7aebb-groupManagement] INFO  server.RaftServer$Division (RaftServerImpl.java:setRole(329)) - fe50a787-6632-4d4b-966e-2aa891a7aebb@group-CFB85F524D5A: changes role from      null to FOLLOWER at term 0 for startAsFollower
2023-08-25 08:53:44,189 [fe50a787-6632-4d4b-966e-2aa891a7aebb-groupManagement] INFO  impl.RoleInfo (RoleInfo.java:updateAndGet(139)) - fe50a787-6632-4d4b-966e-2aa891a7aebb: start fe50a787-6632-4d4b-966e-2aa891a7aebb@group-CFB85F524D5A-FollowerState
2023-08-25 08:53:44,189 [fe50a787-6632-4d4b-966e-2aa891a7aebb-groupManagement] INFO  util.JmxRegister (JmxRegister.java:tryRegister(44)) - Successfully registered JMX Bean with object name Ratis:service=RaftServer,group=group-CFB85F524D5A,id=fe50a787-6632-4d4b-966e-2aa891a7aebb
2023-08-25 08:53:44,189 [fe50a787-6632-4d4b-966e-2aa891a7aebb@group-CFB85F524D5A-FollowerState] INFO  server.RaftServerConfigKeys (ConfUtils.java:logFallback(53)) - raft.server.rpc.first-election.timeout.min = 5s (fallback to raft.server.rpc.timeout.min)
2023-08-25 08:53:44,189 [fe50a787-6632-4d4b-966e-2aa891a7aebb@group-CFB85F524D5A-FollowerState] INFO  server.RaftServerConfigKeys (ConfUtils.java:logFallback(53)) - raft.server.rpc.first-election.timeout.max = 5200ms (fallback to raft.server.rpc.timeout.max)
2023-08-25 08:53:44,189 [fe50a787-6632-4d4b-966e-2aa891a7aebb-groupManagement] INFO  server.RaftServerConfigKeys (ConfUtils.java:logGet(46)) - raft.server.snapshot.auto.trigger.enabled = true (custom)
2023-08-25 08:53:44,190 [fe50a787-6632-4d4b-966e-2aa891a7aebb-groupManagement] INFO  server.RaftServerConfigKeys (ConfUtils.java:logGet(46)) - raft.server.snapshot.auto.trigger.threshold = 10000 (custom)
2023-08-25 08:53:44,190 [fe50a787-6632-4d4b-966e-2aa891a7aebb-groupManagement] INFO  server.RaftServerConfigKeys (ConfUtils.java:logGet(46)) - raft.server.snapshot.retention.file.num = 5 (custom)
2023-08-25 08:53:44,190 [fe50a787-6632-4d4b-966e-2aa891a7aebb-groupManagement] INFO  server.RaftServerConfigKeys (ConfUtils.java:logGet(46)) - raft.server.log.purge.upto.snapshot.index = false (default)
2023-08-25 08:53:44,190 [PipelineCommandHandlerThread-0] INFO  ratis.XceiverServerRatis (XceiverServerRatis.java:addGroup(804)) - Created group PipelineID=36f03046-9953-4743-950a-cfb85f524d5a
2023-08-25 08:53:44,190 [PipelineCommandHandlerThread-0] INFO  commandhandler.CreatePipelineCommandHandler (CreatePipelineCommandHandler.java:lambda$handle$2(124)) - Created Pipeline RATIS ONE PipelineID=36f03046-9953-4743-950a-cfb85f524d5a.
2023-08-25 08:53:44,595 [ReplicationMonitor] INFO  replication.ReplicationManager (ReplicationManager.java:processAll(361)) - Replication Manager is not ready to run until 3000ms after safemode exit
2023-08-25 08:53:45,167 [Time-limited test] INFO  ozone.MiniOzoneClusterImpl (MiniOzoneClusterImpl.java:lambda$waitForClusterToBeReady$0(224)) - Nodes are ready. Got 5 of 5 DN Heartbeats.
2023-08-25 08:53:45,167 [Time-limited test] INFO  ozone.MiniOzoneClusterImpl (MiniOzoneClusterImpl.java:lambda$waitForClusterToBeReady$0(227)) - Waiting for cluster to exit safe mode
2023-08-25 08:53:45,167 [Time-limited test] INFO  ozone.MiniOzoneClusterImpl (MiniOzoneClusterImpl.java:lambda$waitForClusterToBeReady$0(229)) - SCM became leader
2023-08-25 08:53:45,596 [ReplicationMonitor] INFO  replication.ReplicationManager (ReplicationManager.java:processAll(361)) - Replication Manager is not ready to run until 3000ms after safemode exit
2023-08-25 08:53:46,168 [Time-limited test] INFO  ozone.MiniOzoneClusterImpl (MiniOzoneClusterImpl.java:lambda$waitForClusterToBeReady$0(224)) - Nodes are ready. Got 5 of 5 DN Heartbeats.
2023-08-25 08:53:46,168 [Time-limited test] INFO  ozone.MiniOzoneClusterImpl (MiniOzoneClusterImpl.java:lambda$waitForClusterToBeReady$0(227)) - Waiting for cluster to exit safe mode
2023-08-25 08:53:46,168 [Time-limited test] INFO  ozone.MiniOzoneClusterImpl (MiniOzoneClusterImpl.java:lambda$waitForClusterToBeReady$0(229)) - SCM became leader
2023-08-25 08:53:46,596 [ReplicationMonitor] INFO  replication.ReplicationManager (ReplicationManager.java:processAll(361)) - Replication Manager is not ready to run until 3000ms after safemode exit
2023-08-25 08:53:47,168 [Time-limited test] INFO  ozone.MiniOzoneClusterImpl (MiniOzoneClusterImpl.java:lambda$waitForClusterToBeReady$0(224)) - Nodes are ready. Got 5 of 5 DN Heartbeats.
2023-08-25 08:53:47,168 [Time-limited test] INFO  ozone.MiniOzoneClusterImpl (MiniOzoneClusterImpl.java:lambda$waitForClusterToBeReady$0(227)) - Waiting for cluster to exit safe mode
2023-08-25 08:53:47,168 [Time-limited test] INFO  ozone.MiniOzoneClusterImpl (MiniOzoneClusterImpl.java:lambda$waitForClusterToBeReady$0(229)) - SCM became leader
2023-08-25 08:53:47,596 [ReplicationMonitor] INFO  replication.ReplicationManager (ReplicationManager.java:processAll(361)) - Replication Manager is not ready to run until 3000ms after safemode exit
2023-08-25 08:53:47,939 [8a274684-c774-4cfd-af69-c1a0c827c28c@group-620D11577367-FollowerState] INFO  impl.FollowerState (FollowerState.java:run(143)) - 8a274684-c774-4cfd-af69-c1a0c827c28c@group-620D11577367-FollowerState: change to CANDIDATE, lastRpcElapsedTime:5027589723ns, electionTimeout:5027ms
2023-08-25 08:53:47,939 [8a274684-c774-4cfd-af69-c1a0c827c28c@group-620D11577367-FollowerState] INFO  impl.RoleInfo (RoleInfo.java:shutdownFollowerState(110)) - 8a274684-c774-4cfd-af69-c1a0c827c28c: shutdown 8a274684-c774-4cfd-af69-c1a0c827c28c@group-620D11577367-FollowerState
2023-08-25 08:53:47,940 [8a274684-c774-4cfd-af69-c1a0c827c28c@group-620D11577367-FollowerState] INFO  server.RaftServer$Division (RaftServerImpl.java:setRole(329)) - 8a274684-c774-4cfd-af69-c1a0c827c28c@group-620D11577367: changes role from  FOLLOWER to CANDIDATE at term 0 for changeToCandidate
2023-08-25 08:53:47,940 [8a274684-c774-4cfd-af69-c1a0c827c28c@group-620D11577367-FollowerState] INFO  server.RaftServerConfigKeys (ConfUtils.java:logGet(46)) - raft.server.leaderelection.pre-vote = true (default)
2023-08-25 08:53:47,940 [8a274684-c774-4cfd-af69-c1a0c827c28c@group-620D11577367-FollowerState] INFO  impl.RoleInfo (RoleInfo.java:updateAndGet(139)) - 8a274684-c774-4cfd-af69-c1a0c827c28c: start 8a274684-c774-4cfd-af69-c1a0c827c28c@group-620D11577367-LeaderElection42
2023-08-25 08:53:47,943 [8a274684-c774-4cfd-af69-c1a0c827c28c@group-620D11577367-LeaderElection42] INFO  impl.LeaderElection (LeaderElection.java:askForVotes(321)) - 8a274684-c774-4cfd-af69-c1a0c827c28c@group-620D11577367-LeaderElection42 PRE_VOTE round 0: submit vote requests at term 0 for -1: peers:[8a274684-c774-4cfd-af69-c1a0c827c28c|rpc:10.1.0.19:15226|admin:10.1.0.19:15225|client:10.1.0.19:15224|dataStream:10.1.0.19:15227|priority:1|startupRole:FOLLOWER]|listeners:[], old=null
2023-08-25 08:53:47,943 [8a274684-c774-4cfd-af69-c1a0c827c28c@group-620D11577367-LeaderElection42] INFO  impl.LeaderElection (LeaderElection.java:askForVotes(323)) - 8a274684-c774-4cfd-af69-c1a0c827c28c@group-620D11577367-LeaderElection42 PRE_VOTE round 0: result PASSED (term=0)
2023-08-25 08:53:47,944 [8a274684-c774-4cfd-af69-c1a0c827c28c@group-620D11577367-LeaderElection42] INFO  impl.LeaderElection (LeaderElection.java:askForVotes(321)) - 8a274684-c774-4cfd-af69-c1a0c827c28c@group-620D11577367-LeaderElection42 ELECTION round 0: submit vote requests at term 1 for -1: peers:[8a274684-c774-4cfd-af69-c1a0c827c28c|rpc:10.1.0.19:15226|admin:10.1.0.19:15225|client:10.1.0.19:15224|dataStream:10.1.0.19:15227|priority:1|startupRole:FOLLOWER]|listeners:[], old=null
2023-08-25 08:53:47,944 [8a274684-c774-4cfd-af69-c1a0c827c28c@group-620D11577367-LeaderElection42] INFO  impl.LeaderElection (LeaderElection.java:askForVotes(323)) - 8a274684-c774-4cfd-af69-c1a0c827c28c@group-620D11577367-LeaderElection42 ELECTION round 0: result PASSED (term=1)
2023-08-25 08:53:47,945 [8a274684-c774-4cfd-af69-c1a0c827c28c@group-620D11577367-LeaderElection42] INFO  impl.RoleInfo (RoleInfo.java:shutdownLeaderElection(130)) - 8a274684-c774-4cfd-af69-c1a0c827c28c: shutdown 8a274684-c774-4cfd-af69-c1a0c827c28c@group-620D11577367-LeaderElection42
2023-08-25 08:53:47,945 [8a274684-c774-4cfd-af69-c1a0c827c28c@group-620D11577367-LeaderElection42] INFO  server.RaftServer$Division (RaftServerImpl.java:setRole(329)) - 8a274684-c774-4cfd-af69-c1a0c827c28c@group-620D11577367: changes role from CANDIDATE to LEADER at term 1 for changeToLeader
2023-08-25 08:53:47,945 [8a274684-c774-4cfd-af69-c1a0c827c28c@group-620D11577367-LeaderElection42] INFO  ratis.XceiverServerRatis (XceiverServerRatis.java:handleLeaderChangedNotification(902)) - Leader change notification received for group: group-620D11577367 with new leaderId: 8a274684-c774-4cfd-af69-c1a0c827c28c
2023-08-25 08:53:47,945 [8a274684-c774-4cfd-af69-c1a0c827c28c@group-620D11577367-LeaderElection42] INFO  server.RaftServer$Division (ServerState.java:setLeader(317)) - 8a274684-c774-4cfd-af69-c1a0c827c28c@group-620D11577367: change Leader from null to 8a274684-c774-4cfd-af69-c1a0c827c28c at term 1 for becomeLeader, leader elected after 5055ms
2023-08-25 08:53:47,945 [8a274684-c774-4cfd-af69-c1a0c827c28c@group-620D11577367-LeaderElection42] INFO  server.RaftServerConfigKeys (ConfUtils.java:logGet(46)) - raft.server.staging.catchup.gap = 1000 (default)
2023-08-25 08:53:47,945 [8a274684-c774-4cfd-af69-c1a0c827c28c@group-620D11577367-LeaderElection42] INFO  server.RaftServerConfigKeys (ConfUtils.java:logGet(46)) - raft.server.write.element-limit = 1024 (custom)
2023-08-25 08:53:47,945 [8a274684-c774-4cfd-af69-c1a0c827c28c@group-620D11577367-LeaderElection42] INFO  server.RaftServerConfigKeys (ConfUtils.java:logGet(46)) - raft.server.write.byte-limit = 1024 M (=1073741824) (custom)
2023-08-25 08:53:47,945 [8a274684-c774-4cfd-af69-c1a0c827c28c@group-620D11577367-LeaderElection42] INFO  server.RaftServerConfigKeys (ConfUtils.java:logGet(46)) - raft.server.watch.timeout = 180s (custom)
2023-08-25 08:53:47,945 [8a274684-c774-4cfd-af69-c1a0c827c28c@group-620D11577367-LeaderElection42] INFO  server.RaftServerConfigKeys (ConfUtils.java:logGet(46)) - raft.server.watch.timeout.denomination = 1s (default)
2023-08-25 08:53:47,945 [8a274684-c774-4cfd-af69-c1a0c827c28c@group-620D11577367-LeaderElection42] INFO  server.RaftServerConfigKeys (ConfUtils.java:logGet(46)) - raft.server.watch.element-limit = 65536 (default)
2023-08-25 08:53:47,946 [8a274684-c774-4cfd-af69-c1a0c827c28c@group-620D11577367-LeaderElection42] INFO  server.RaftServerConfigKeys (ConfUtils.java:logGet(46)) - raft.server.write.element-limit = 1024 (custom)
2023-08-25 08:53:47,946 [8a274684-c774-4cfd-af69-c1a0c827c28c@group-620D11577367-LeaderElection42] INFO  server.RaftServerConfigKeys (ConfUtils.java:logGet(46)) - raft.server.write.follower.gap.ratio.max = -1.0 (default)
2023-08-25 08:53:47,946 [8a274684-c774-4cfd-af69-c1a0c827c28c@group-620D11577367-LeaderElection42] INFO  impl.RoleInfo (RoleInfo.java:updateAndGet(139)) - 8a274684-c774-4cfd-af69-c1a0c827c28c: start 8a274684-c774-4cfd-af69-c1a0c827c28c@group-620D11577367-LeaderStateImpl
2023-08-25 08:53:47,946 [8a274684-c774-4cfd-af69-c1a0c827c28c@group-620D11577367-LeaderElection42] INFO  segmented.SegmentedRaftLogWorker (SegmentedRaftLogWorker.java:startLogSegment(447)) - 8a274684-c774-4cfd-af69-c1a0c827c28c@group-620D11577367-SegmentedRaftLogWorker: Starting segment from index:0
2023-08-25 08:53:47,946 [EventQueue-OpenPipelineForHealthyPipelineSafeModeRule] INFO  safemode.SCMSafeModeManager (HealthyPipelineSafeModeRule.java:process(137)) - SCM in safe mode. Healthy pipelines reported count is 0, required healthy pipeline reported count is 1
2023-08-25 08:53:47,948 [8a274684-c774-4cfd-af69-c1a0c827c28c@group-620D11577367-SegmentedRaftLogWorker] INFO  segmented.SegmentedRaftLogWorker (SegmentedRaftLogWorker.java:execute(651)) - 8a274684-c774-4cfd-af69-c1a0c827c28c@group-620D11577367-SegmentedRaftLogWorker: created new log segment /home/runner/work/ozone/ozone/hadoop-ozone/integration-test/target/test-dir/MiniOzoneClusterImpl-e692d0c4-4f9e-424f-81a0-065ebcedd1d3/datanode-0/data/ratis/96d085e2-cd34-44b0-bb30-620d11577367/current/log_inprogress_0
2023-08-25 08:53:47,948 [8a274684-c774-4cfd-af69-c1a0c827c28c@group-620D11577367-LeaderElection42] INFO  server.RaftServer$Division (ServerState.java:setRaftConf(434)) - 8a274684-c774-4cfd-af69-c1a0c827c28c@group-620D11577367: set configuration 0: peers:[8a274684-c774-4cfd-af69-c1a0c827c28c|rpc:10.1.0.19:15226|admin:10.1.0.19:15225|client:10.1.0.19:15224|dataStream:10.1.0.19:15227|priority:1|startupRole:FOLLOWER]|listeners:[], old=null
2023-08-25 08:53:47,989 [8a274684-c774-4cfd-af69-c1a0c827c28c@group-37D1433DE2F4-FollowerState] INFO  impl.FollowerState (FollowerState.java:run(143)) - 8a274684-c774-4cfd-af69-c1a0c827c28c@group-37D1433DE2F4-FollowerState: change to CANDIDATE, lastRpcElapsedTime:5058754365ns, electionTimeout:5058ms
2023-08-25 08:53:47,989 [8a274684-c774-4cfd-af69-c1a0c827c28c@group-37D1433DE2F4-FollowerState] INFO  impl.RoleInfo (RoleInfo.java:shutdownFollowerState(110)) - 8a274684-c774-4cfd-af69-c1a0c827c28c: shutdown 8a274684-c774-4cfd-af69-c1a0c827c28c@group-37D1433DE2F4-FollowerState
2023-08-25 08:53:47,989 [8a274684-c774-4cfd-af69-c1a0c827c28c@group-37D1433DE2F4-FollowerState] INFO  server.RaftServer$Division (RaftServerImpl.java:setRole(329)) - 8a274684-c774-4cfd-af69-c1a0c827c28c@group-37D1433DE2F4: changes role from  FOLLOWER to CANDIDATE at term 0 for changeToCandidate
2023-08-25 08:53:47,989 [8a274684-c774-4cfd-af69-c1a0c827c28c@group-37D1433DE2F4-FollowerState] INFO  server.RaftServerConfigKeys (ConfUtils.java:logGet(46)) - raft.server.leaderelection.pre-vote = true (default)
2023-08-25 08:53:47,989 [8a274684-c774-4cfd-af69-c1a0c827c28c@group-37D1433DE2F4-FollowerState] INFO  impl.RoleInfo (RoleInfo.java:updateAndGet(139)) - 8a274684-c774-4cfd-af69-c1a0c827c28c: start 8a274684-c774-4cfd-af69-c1a0c827c28c@group-37D1433DE2F4-LeaderElection43
2023-08-25 08:53:47,996 [8a274684-c774-4cfd-af69-c1a0c827c28c@group-37D1433DE2F4-LeaderElection43] INFO  impl.LeaderElection (LeaderElection.java:askForVotes(321)) - 8a274684-c774-4cfd-af69-c1a0c827c28c@group-37D1433DE2F4-LeaderElection43 PRE_VOTE round 0: submit vote requests at term 0 for -1: peers:[8a274684-c774-4cfd-af69-c1a0c827c28c|rpc:10.1.0.19:15226|admin:10.1.0.19:15225|client:10.1.0.19:15224|dataStream:10.1.0.19:15227|priority:1|startupRole:FOLLOWER, 74226a13-8718-4542-a815-a533182346c1|rpc:10.1.0.19:15235|admin:10.1.0.19:15234|client:10.1.0.19:15233|dataStream:10.1.0.19:15236|priority:0|startupRole:FOLLOWER, df7ffc6f-4fb9-49c9-8407-31fb6ff06550|rpc:10.1.0.19:15244|admin:10.1.0.19:15243|client:10.1.0.19:15242|dataStream:10.1.0.19:15245|priority:0|startupRole:FOLLOWER]|listeners:[], old=null
2023-08-25 08:53:47,996 [8a274684-c774-4cfd-af69-c1a0c827c28c@group-37D1433DE2F4-LeaderElection43] INFO  server.RaftServerConfigKeys (ConfUtils.java:logFallback(53)) - raft.server.rpc.first-election.timeout.min = 5s (fallback to raft.server.rpc.timeout.min)
2023-08-25 08:53:47,997 [8a274684-c774-4cfd-af69-c1a0c827c28c@group-37D1433DE2F4-LeaderElection43-1] INFO  server.GrpcServerProtocolClient (GrpcServerProtocolClient.java:<init>(65)) - Build channel for 74226a13-8718-4542-a815-a533182346c1
2023-08-25 08:53:47,997 [8a274684-c774-4cfd-af69-c1a0c827c28c@group-37D1433DE2F4-LeaderElection43] INFO  server.RaftServerConfigKeys (ConfUtils.java:logFallback(53)) - raft.server.rpc.first-election.timeout.max = 5200ms (fallback to raft.server.rpc.timeout.max)
2023-08-25 08:53:47,997 [8a274684-c774-4cfd-af69-c1a0c827c28c@group-37D1433DE2F4-LeaderElection43-2] INFO  server.GrpcServerProtocolClient (GrpcServerProtocolClient.java:<init>(65)) - Build channel for df7ffc6f-4fb9-49c9-8407-31fb6ff06550
2023-08-25 08:53:48,011 [grpc-default-executor-0] INFO  server.RaftServer$Division (RaftServerImpl.java:requestVote(1302)) - 74226a13-8718-4542-a815-a533182346c1@group-37D1433DE2F4: receive requestVote(PRE_VOTE, 8a274684-c774-4cfd-af69-c1a0c827c28c, group-37D1433DE2F4, 0, (t:0, i:0))
2023-08-25 08:53:48,011 [grpc-default-executor-0] INFO  impl.VoteContext (VoteContext.java:log(49)) - 74226a13-8718-4542-a815-a533182346c1@group-37D1433DE2F4-FOLLOWER: accept PRE_VOTE from 8a274684-c774-4cfd-af69-c1a0c827c28c: our priority 0 <= candidate's priority 1
2023-08-25 08:53:48,011 [grpc-default-executor-0] INFO  server.RaftServer$Division (RaftServerImpl.java:requestVote(1335)) - 74226a13-8718-4542-a815-a533182346c1@group-37D1433DE2F4 replies to PRE_VOTE vote request: 8a274684-c774-4cfd-af69-c1a0c827c28c<-74226a13-8718-4542-a815-a533182346c1#0:OK-t0. Peer's state: 74226a13-8718-4542-a815-a533182346c1@group-37D1433DE2F4:t0, leader=null, voted=, raftlog=Memoized:74226a13-8718-4542-a815-a533182346c1@group-37D1433DE2F4-SegmentedRaftLog:OPENED:c-1, conf=-1: peers:[8a274684-c774-4cfd-af69-c1a0c827c28c|rpc:10.1.0.19:15226|admin:10.1.0.19:15225|client:10.1.0.19:15224|dataStream:10.1.0.19:15227|priority:1|startupRole:FOLLOWER, 74226a13-8718-4542-a815-a533182346c1|rpc:10.1.0.19:15235|admin:10.1.0.19:15234|client:10.1.0.19:15233|dataStream:10.1.0.19:15236|priority:0|startupRole:FOLLOWER, df7ffc6f-4fb9-49c9-8407-31fb6ff06550|rpc:10.1.0.19:15244|admin:10.1.0.19:15243|client:10.1.0.19:15242|dataStream:10.1.0.19:15245|priority:0|startupRole:FOLLOWER]|listeners:[], old=null
2023-08-25 08:53:48,014 [8a274684-c774-4cfd-af69-c1a0c827c28c@group-37D1433DE2F4-LeaderElection43] INFO  impl.LeaderElection (LeaderElection.java:logAndReturn(90)) - 8a274684-c774-4cfd-af69-c1a0c827c28c@group-37D1433DE2F4-LeaderElection43: PRE_VOTE PASSED received 1 response(s) and 0 exception(s):
2023-08-25 08:53:48,014 [8a274684-c774-4cfd-af69-c1a0c827c28c@group-37D1433DE2F4-LeaderElection43] INFO  impl.LeaderElection (LeaderElection.java:logAndReturn(94)) -   Response 0: 8a274684-c774-4cfd-af69-c1a0c827c28c<-74226a13-8718-4542-a815-a533182346c1#0:OK-t0
2023-08-25 08:53:48,014 [8a274684-c774-4cfd-af69-c1a0c827c28c@group-37D1433DE2F4-LeaderElection43] INFO  impl.LeaderElection (LeaderElection.java:askForVotes(323)) - 8a274684-c774-4cfd-af69-c1a0c827c28c@group-37D1433DE2F4-LeaderElection43 PRE_VOTE round 0: result PASSED
2023-08-25 08:53:48,017 [grpc-default-executor-1] INFO  server.RaftServer$Division (RaftServerImpl.java:requestVote(1302)) - df7ffc6f-4fb9-49c9-8407-31fb6ff06550@group-37D1433DE2F4: receive requestVote(PRE_VOTE, 8a274684-c774-4cfd-af69-c1a0c827c28c, group-37D1433DE2F4, 0, (t:0, i:0))
2023-08-25 08:53:48,017 [grpc-default-executor-1] INFO  impl.VoteContext (VoteContext.java:log(49)) - df7ffc6f-4fb9-49c9-8407-31fb6ff06550@group-37D1433DE2F4-FOLLOWER: accept PRE_VOTE from 8a274684-c774-4cfd-af69-c1a0c827c28c: our priority 0 <= candidate's priority 1
2023-08-25 08:53:48,017 [grpc-default-executor-1] INFO  server.RaftServer$Division (RaftServerImpl.java:requestVote(1335)) - df7ffc6f-4fb9-49c9-8407-31fb6ff06550@group-37D1433DE2F4 replies to PRE_VOTE vote request: 8a274684-c774-4cfd-af69-c1a0c827c28c<-df7ffc6f-4fb9-49c9-8407-31fb6ff06550#0:OK-t0. Peer's state: df7ffc6f-4fb9-49c9-8407-31fb6ff06550@group-37D1433DE2F4:t0, leader=null, voted=, raftlog=Memoized:df7ffc6f-4fb9-49c9-8407-31fb6ff06550@group-37D1433DE2F4-SegmentedRaftLog:OPENED:c-1, conf=-1: peers:[8a274684-c774-4cfd-af69-c1a0c827c28c|rpc:10.1.0.19:15226|admin:10.1.0.19:15225|client:10.1.0.19:15224|dataStream:10.1.0.19:15227|priority:1|startupRole:FOLLOWER, 74226a13-8718-4542-a815-a533182346c1|rpc:10.1.0.19:15235|admin:10.1.0.19:15234|client:10.1.0.19:15233|dataStream:10.1.0.19:15236|priority:0|startupRole:FOLLOWER, df7ffc6f-4fb9-49c9-8407-31fb6ff06550|rpc:10.1.0.19:15244|admin:10.1.0.19:15243|client:10.1.0.19:15242|dataStream:10.1.0.19:15245|priority:0|startupRole:FOLLOWER]|listeners:[], old=null
2023-08-25 08:53:48,017 [8a274684-c774-4cfd-af69-c1a0c827c28c@group-37D1433DE2F4-LeaderElection43] INFO  impl.LeaderElection (LeaderElection.java:askForVotes(321)) - 8a274684-c774-4cfd-af69-c1a0c827c28c@group-37D1433DE2F4-LeaderElection43 ELECTION round 0: submit vote requests at term 1 for -1: peers:[8a274684-c774-4cfd-af69-c1a0c827c28c|rpc:10.1.0.19:15226|admin:10.1.0.19:15225|client:10.1.0.19:15224|dataStream:10.1.0.19:15227|priority:1|startupRole:FOLLOWER, 74226a13-8718-4542-a815-a533182346c1|rpc:10.1.0.19:15235|admin:10.1.0.19:15234|client:10.1.0.19:15233|dataStream:10.1.0.19:15236|priority:0|startupRole:FOLLOWER, df7ffc6f-4fb9-49c9-8407-31fb6ff06550|rpc:10.1.0.19:15244|admin:10.1.0.19:15243|client:10.1.0.19:15242|dataStream:10.1.0.19:15245|priority:0|startupRole:FOLLOWER]|listeners:[], old=null
2023-08-25 08:53:48,019 [8a274684-c774-4cfd-af69-c1a0c827c28c@group-37D1433DE2F4-LeaderElection43] INFO  server.RaftServerConfigKeys (ConfUtils.java:logFallback(53)) - raft.server.rpc.first-election.timeout.min = 5s (fallback to raft.server.rpc.timeout.min)
2023-08-25 08:53:48,019 [8a274684-c774-4cfd-af69-c1a0c827c28c@group-37D1433DE2F4-LeaderElection43] INFO  server.RaftServerConfigKeys (ConfUtils.java:logFallback(53)) - raft.server.rpc.first-election.timeout.max = 5200ms (fallback to raft.server.rpc.timeout.max)
2023-08-25 08:53:48,023 [grpc-default-executor-1] INFO  server.RaftServer$Division (RaftServerImpl.java:requestVote(1302)) - 74226a13-8718-4542-a815-a533182346c1@group-37D1433DE2F4: receive requestVote(ELECTION, 8a274684-c774-4cfd-af69-c1a0c827c28c, group-37D1433DE2F4, 1, (t:0, i:0))
2023-08-25 08:53:48,024 [grpc-default-executor-1] INFO  impl.VoteContext (VoteContext.java:log(49)) - 74226a13-8718-4542-a815-a533182346c1@group-37D1433DE2F4-FOLLOWER: accept ELECTION from 8a274684-c774-4cfd-af69-c1a0c827c28c: our priority 0 <= candidate's priority 1
2023-08-25 08:53:48,024 [grpc-default-executor-1] INFO  server.RaftServer$Division (RaftServerImpl.java:setRole(329)) - 74226a13-8718-4542-a815-a533182346c1@group-37D1433DE2F4: changes role from  FOLLOWER to FOLLOWER at term 1 for candidate:8a274684-c774-4cfd-af69-c1a0c827c28c
2023-08-25 08:53:48,024 [grpc-default-executor-1] INFO  impl.RoleInfo (RoleInfo.java:shutdownFollowerState(110)) - 74226a13-8718-4542-a815-a533182346c1: shutdown 74226a13-8718-4542-a815-a533182346c1@group-37D1433DE2F4-FollowerState
2023-08-25 08:53:48,025 [grpc-default-executor-1] INFO  impl.RoleInfo (RoleInfo.java:updateAndGet(139)) - 74226a13-8718-4542-a815-a533182346c1: start 74226a13-8718-4542-a815-a533182346c1@group-37D1433DE2F4-FollowerState
2023-08-25 08:53:48,025 [74226a13-8718-4542-a815-a533182346c1@group-37D1433DE2F4-FollowerState] INFO  impl.FollowerState (FollowerState.java:run(152)) - 74226a13-8718-4542-a815-a533182346c1@group-37D1433DE2F4-FollowerState was interrupted
2023-08-25 08:53:48,030 [grpc-default-executor-0] INFO  server.RaftServer$Division (RaftServerImpl.java:requestVote(1302)) - df7ffc6f-4fb9-49c9-8407-31fb6ff06550@group-37D1433DE2F4: receive requestVote(ELECTION, 8a274684-c774-4cfd-af69-c1a0c827c28c, group-37D1433DE2F4, 1, (t:0, i:0))
2023-08-25 08:53:48,030 [grpc-default-executor-1] INFO  server.RaftServer$Division (RaftServerImpl.java:requestVote(1335)) - 74226a13-8718-4542-a815-a533182346c1@group-37D1433DE2F4 replies to ELECTION vote request: 8a274684-c774-4cfd-af69-c1a0c827c28c<-74226a13-8718-4542-a815-a533182346c1#0:OK-t1. Peer's state: 74226a13-8718-4542-a815-a533182346c1@group-37D1433DE2F4:t1, leader=null, voted=8a274684-c774-4cfd-af69-c1a0c827c28c, raftlog=Memoized:74226a13-8718-4542-a815-a533182346c1@group-37D1433DE2F4-SegmentedRaftLog:OPENED:c-1, conf=-1: peers:[8a274684-c774-4cfd-af69-c1a0c827c28c|rpc:10.1.0.19:15226|admin:10.1.0.19:15225|client:10.1.0.19:15224|dataStream:10.1.0.19:15227|priority:1|startupRole:FOLLOWER, 74226a13-8718-4542-a815-a533182346c1|rpc:10.1.0.19:15235|admin:10.1.0.19:15234|client:10.1.0.19:15233|dataStream:10.1.0.19:15236|priority:0|startupRole:FOLLOWER, df7ffc6f-4fb9-49c9-8407-31fb6ff06550|rpc:10.1.0.19:15244|admin:10.1.0.19:15243|client:10.1.0.19:15242|dataStream:10.1.0.19:15245|priority:0|startupRole:FOLLOWER]|listeners:[], old=null
2023-08-25 08:53:48,031 [grpc-default-executor-0] INFO  impl.VoteContext (VoteContext.java:log(49)) - df7ffc6f-4fb9-49c9-8407-31fb6ff06550@group-37D1433DE2F4-FOLLOWER: accept ELECTION from 8a274684-c774-4cfd-af69-c1a0c827c28c: our priority 0 <= candidate's priority 1
2023-08-25 08:53:48,032 [grpc-default-executor-0] INFO  server.RaftServer$Division (RaftServerImpl.java:setRole(329)) - df7ffc6f-4fb9-49c9-8407-31fb6ff06550@group-37D1433DE2F4: changes role from  FOLLOWER to FOLLOWER at term 1 for candidate:8a274684-c774-4cfd-af69-c1a0c827c28c
2023-08-25 08:53:48,032 [grpc-default-executor-0] INFO  impl.RoleInfo (RoleInfo.java:shutdownFollowerState(110)) - df7ffc6f-4fb9-49c9-8407-31fb6ff06550: shutdown df7ffc6f-4fb9-49c9-8407-31fb6ff06550@group-37D1433DE2F4-FollowerState
2023-08-25 08:53:48,032 [grpc-default-executor-0] INFO  impl.RoleInfo (RoleInfo.java:updateAndGet(139)) - df7ffc6f-4fb9-49c9-8407-31fb6ff06550: start df7ffc6f-4fb9-49c9-8407-31fb6ff06550@group-37D1433DE2F4-FollowerState
2023-08-25 08:53:48,032 [df7ffc6f-4fb9-49c9-8407-31fb6ff06550@group-37D1433DE2F4-FollowerState] INFO  impl.FollowerState (FollowerState.java:run(152)) - df7ffc6f-4fb9-49c9-8407-31fb6ff06550@group-37D1433DE2F4-FollowerState was interrupted
2023-08-25 08:53:48,032 [8a274684-c774-4cfd-af69-c1a0c827c28c@group-37D1433DE2F4-LeaderElection43] INFO  impl.LeaderElection (LeaderElection.java:logAndReturn(90)) - 8a274684-c774-4cfd-af69-c1a0c827c28c@group-37D1433DE2F4-LeaderElection43: ELECTION PASSED received 1 response(s) and 0 exception(s):
2023-08-25 08:53:48,033 [8a274684-c774-4cfd-af69-c1a0c827c28c@group-37D1433DE2F4-LeaderElection43] INFO  impl.LeaderElection (LeaderElection.java:logAndReturn(94)) -   Response 0: 8a274684-c774-4cfd-af69-c1a0c827c28c<-74226a13-8718-4542-a815-a533182346c1#0:OK-t1
2023-08-25 08:53:48,033 [8a274684-c774-4cfd-af69-c1a0c827c28c@group-37D1433DE2F4-LeaderElection43] INFO  impl.LeaderElection (LeaderElection.java:askForVotes(323)) - 8a274684-c774-4cfd-af69-c1a0c827c28c@group-37D1433DE2F4-LeaderElection43 ELECTION round 0: result PASSED
2023-08-25 08:53:48,033 [8a274684-c774-4cfd-af69-c1a0c827c28c@group-37D1433DE2F4-LeaderElection43] INFO  impl.RoleInfo (RoleInfo.java:shutdownLeaderElection(130)) - 8a274684-c774-4cfd-af69-c1a0c827c28c: shutdown 8a274684-c774-4cfd-af69-c1a0c827c28c@group-37D1433DE2F4-LeaderElection43
2023-08-25 08:53:48,033 [8a274684-c774-4cfd-af69-c1a0c827c28c@group-37D1433DE2F4-LeaderElection43] INFO  server.RaftServer$Division (RaftServerImpl.java:setRole(329)) - 8a274684-c774-4cfd-af69-c1a0c827c28c@group-37D1433DE2F4: changes role from CANDIDATE to LEADER at term 1 for changeToLeader
2023-08-25 08:53:48,033 [8a274684-c774-4cfd-af69-c1a0c827c28c@group-37D1433DE2F4-LeaderElection43] INFO  ratis.XceiverServerRatis (XceiverServerRatis.java:handleLeaderChangedNotification(902)) - Leader change notification received for group: group-37D1433DE2F4 with new leaderId: 8a274684-c774-4cfd-af69-c1a0c827c28c
2023-08-25 08:53:48,033 [8a274684-c774-4cfd-af69-c1a0c827c28c@group-37D1433DE2F4-LeaderElection43] INFO  server.RaftServer$Division (ServerState.java:setLeader(317)) - 8a274684-c774-4cfd-af69-c1a0c827c28c@group-37D1433DE2F4: change Leader from null to 8a274684-c774-4cfd-af69-c1a0c827c28c at term 1 for becomeLeader, leader elected after 5117ms
2023-08-25 08:53:48,033 [8a274684-c774-4cfd-af69-c1a0c827c28c@group-37D1433DE2F4-LeaderElection43] INFO  server.RaftServerConfigKeys (ConfUtils.java:logGet(46)) - raft.server.staging.catchup.gap = 1000 (default)
2023-08-25 08:53:48,033 [8a274684-c774-4cfd-af69-c1a0c827c28c@group-37D1433DE2F4-LeaderElection43] INFO  server.RaftServerConfigKeys (ConfUtils.java:logGet(46)) - raft.server.write.element-limit = 1024 (custom)
2023-08-25 08:53:48,033 [8a274684-c774-4cfd-af69-c1a0c827c28c@group-37D1433DE2F4-LeaderElection43] INFO  server.RaftServerConfigKeys (ConfUtils.java:logGet(46)) - raft.server.write.byte-limit = 1024 M (=1073741824) (custom)
2023-08-25 08:53:48,034 [8a274684-c774-4cfd-af69-c1a0c827c28c@group-37D1433DE2F4-LeaderElection43] INFO  server.RaftServerConfigKeys (ConfUtils.java:logGet(46)) - raft.server.watch.timeout = 180s (custom)
2023-08-25 08:53:48,034 [8a274684-c774-4cfd-af69-c1a0c827c28c@group-37D1433DE2F4-LeaderElection43] INFO  server.RaftServerConfigKeys (ConfUtils.java:logGet(46)) - raft.server.watch.timeout.denomination = 1s (default)
2023-08-25 08:53:48,034 [8a274684-c774-4cfd-af69-c1a0c827c28c@group-37D1433DE2F4-LeaderElection43] INFO  server.RaftServerConfigKeys (ConfUtils.java:logGet(46)) - raft.server.watch.element-limit = 65536 (default)
2023-08-25 08:53:48,034 [8a274684-c774-4cfd-af69-c1a0c827c28c@group-37D1433DE2F4-LeaderElection43] INFO  server.RaftServerConfigKeys (ConfUtils.java:logGet(46)) - raft.server.write.element-limit = 1024 (custom)
2023-08-25 08:53:48,034 [8a274684-c774-4cfd-af69-c1a0c827c28c@group-37D1433DE2F4-LeaderElection43] INFO  server.RaftServerConfigKeys (ConfUtils.java:logGet(46)) - raft.server.write.follower.gap.ratio.max = -1.0 (default)
2023-08-25 08:53:48,034 [8a274684-c774-4cfd-af69-c1a0c827c28c@group-37D1433DE2F4-LeaderElection43] INFO  server.RaftServerConfigKeys (ConfUtils.java:logGet(46)) - raft.server.log.appender.snapshot.chunk.size.max = 16MB (=16777216) (default)
2023-08-25 08:53:48,034 [8a274684-c774-4cfd-af69-c1a0c827c28c@group-37D1433DE2F4-LeaderElection43] INFO  server.RaftServerConfigKeys (ConfUtils.java:logGet(46)) - raft.server.log.appender.buffer.byte-limit = 33554432 (custom)
2023-08-25 08:53:48,034 [8a274684-c774-4cfd-af69-c1a0c827c28c@group-37D1433DE2F4-LeaderElection43] INFO  server.RaftServerConfigKeys (ConfUtils.java:logGet(46)) - raft.server.log.appender.buffer.element-limit = 1 (custom)
2023-08-25 08:53:48,034 [8a274684-c774-4cfd-af69-c1a0c827c28c@group-37D1433DE2F4-LeaderElection43] INFO  server.RaftServerConfigKeys (ConfUtils.java:logGet(46)) - raft.server.log.appender.wait-time.min = 10ms (default)
2023-08-25 08:53:48,034 [8a274684-c774-4cfd-af69-c1a0c827c28c@group-37D1433DE2F4-LeaderElection43] INFO  grpc.GrpcConfigKeys (ConfUtils.java:logGet(46)) - raft.grpc.server.leader.outstanding.appends.max = 128 (default)
2023-08-25 08:53:48,035 [8a274684-c774-4cfd-af69-c1a0c827c28c@group-37D1433DE2F4-LeaderElection43] INFO  server.RaftServerConfigKeys (ConfUtils.java:logGet(46)) - raft.server.rpc.request.timeout = 60s (custom)
2023-08-25 08:53:48,035 [8a274684-c774-4cfd-af69-c1a0c827c28c@group-37D1433DE2F4-LeaderElection43] INFO  grpc.GrpcConfigKeys (ConfUtils.java:logGet(46)) - raft.grpc.server.install_snapshot.request.element-limit = 8 (default)
2023-08-25 08:53:48,035 [8a274684-c774-4cfd-af69-c1a0c827c28c@group-37D1433DE2F4-LeaderElection43] INFO  grpc.GrpcConfigKeys (ConfUtils.java:logGet(46)) - raft.grpc.server.install_snapshot.request.timeout = 3000ms (default)
2023-08-25 08:53:48,035 [8a274684-c774-4cfd-af69-c1a0c827c28c@group-37D1433DE2F4-LeaderElection43] INFO  server.RaftServerConfigKeys (ConfUtils.java:logGet(46)) - raft.server.log.appender.install.snapshot.enabled = false (custom)
2023-08-25 08:53:48,035 [8a274684-c774-4cfd-af69-c1a0c827c28c@group-37D1433DE2F4-LeaderElection43] INFO  grpc.GrpcConfigKeys (ConfUtils.java:logGet(46)) - raft.grpc.server.heartbeat.channel = true (default)
2023-08-25 08:53:48,035 [8a274684-c774-4cfd-af69-c1a0c827c28c@group-37D1433DE2F4-LeaderElection43] INFO  server.RaftServerConfigKeys (ConfUtils.java:logGet(46)) - raft.server.log.appender.snapshot.chunk.size.max = 16MB (=16777216) (default)
2023-08-25 08:53:48,035 [8a274684-c774-4cfd-af69-c1a0c827c28c@group-37D1433DE2F4-LeaderElection43] INFO  server.RaftServerConfigKeys (ConfUtils.java:logGet(46)) - raft.server.log.appender.buffer.byte-limit = 33554432 (custom)
2023-08-25 08:53:48,035 [8a274684-c774-4cfd-af69-c1a0c827c28c@group-37D1433DE2F4-LeaderElection43] INFO  server.RaftServerConfigKeys (ConfUtils.java:logGet(46)) - raft.server.log.appender.buffer.element-limit = 1 (custom)
2023-08-25 08:53:48,035 [8a274684-c774-4cfd-af69-c1a0c827c28c@group-37D1433DE2F4-LeaderElection43] INFO  server.RaftServerConfigKeys (ConfUtils.java:logGet(46)) - raft.server.log.appender.wait-time.min = 10ms (default)
2023-08-25 08:53:48,035 [8a274684-c774-4cfd-af69-c1a0c827c28c@group-37D1433DE2F4-LeaderElection43] INFO  grpc.GrpcConfigKeys (ConfUtils.java:logGet(46)) - raft.grpc.server.leader.outstanding.appends.max = 128 (default)
2023-08-25 08:53:48,036 [8a274684-c774-4cfd-af69-c1a0c827c28c@group-37D1433DE2F4-LeaderElection43] INFO  server.RaftServerConfigKeys (ConfUtils.java:logGet(46)) - raft.server.rpc.request.timeout = 60s (custom)
2023-08-25 08:53:48,036 [8a274684-c774-4cfd-af69-c1a0c827c28c@group-37D1433DE2F4-LeaderElection43] INFO  grpc.GrpcConfigKeys (ConfUtils.java:logGet(46)) - raft.grpc.server.install_snapshot.request.element-limit = 8 (default)
2023-08-25 08:53:48,036 [8a274684-c774-4cfd-af69-c1a0c827c28c@group-37D1433DE2F4-LeaderElection43] INFO  grpc.GrpcConfigKeys (ConfUtils.java:logGet(46)) - raft.grpc.server.install_snapshot.request.timeout = 3000ms (default)
2023-08-25 08:53:48,036 [8a274684-c774-4cfd-af69-c1a0c827c28c@group-37D1433DE2F4-LeaderElection43] INFO  server.RaftServerConfigKeys (ConfUtils.java:logGet(46)) - raft.server.log.appender.install.snapshot.enabled = false (custom)
2023-08-25 08:53:48,036 [8a274684-c774-4cfd-af69-c1a0c827c28c@group-37D1433DE2F4-LeaderElection43] INFO  grpc.GrpcConfigKeys (ConfUtils.java:logGet(46)) - raft.grpc.server.heartbeat.channel = true (default)
2023-08-25 08:53:48,036 [8a274684-c774-4cfd-af69-c1a0c827c28c@group-37D1433DE2F4-LeaderElection43] INFO  impl.RoleInfo (RoleInfo.java:updateAndGet(139)) - 8a274684-c774-4cfd-af69-c1a0c827c28c: start 8a274684-c774-4cfd-af69-c1a0c827c28c@group-37D1433DE2F4-LeaderStateImpl
2023-08-25 08:53:48,036 [8a274684-c774-4cfd-af69-c1a0c827c28c@group-37D1433DE2F4-LeaderElection43] INFO  segmented.SegmentedRaftLogWorker (SegmentedRaftLogWorker.java:startLogSegment(447)) - 8a274684-c774-4cfd-af69-c1a0c827c28c@group-37D1433DE2F4-SegmentedRaftLogWorker: Starting segment from index:0
2023-08-25 08:53:48,040 [8a274684-c774-4cfd-af69-c1a0c827c28c@group-82CCEDDB1BA2-FollowerState] INFO  impl.FollowerState (FollowerState.java:run(143)) - 8a274684-c774-4cfd-af69-c1a0c827c28c@group-82CCEDDB1BA2-FollowerState: change to CANDIDATE, lastRpcElapsedTime:5008592660ns, electionTimeout:5008ms
2023-08-25 08:53:48,040 [8a274684-c774-4cfd-af69-c1a0c827c28c@group-82CCEDDB1BA2-FollowerState] INFO  impl.RoleInfo (RoleInfo.java:shutdownFollowerState(110)) - 8a274684-c774-4cfd-af69-c1a0c827c28c: shutdown 8a274684-c774-4cfd-af69-c1a0c827c28c@group-82CCEDDB1BA2-FollowerState
2023-08-25 08:53:48,040 [8a274684-c774-4cfd-af69-c1a0c827c28c@group-82CCEDDB1BA2-FollowerState] INFO  server.RaftServer$Division (RaftServerImpl.java:setRole(329)) - 8a274684-c774-4cfd-af69-c1a0c827c28c@group-82CCEDDB1BA2: changes role from  FOLLOWER to CANDIDATE at term 0 for changeToCandidate
2023-08-25 08:53:48,040 [8a274684-c774-4cfd-af69-c1a0c827c28c@group-37D1433DE2F4-SegmentedRaftLogWorker] INFO  segmented.SegmentedRaftLogWorker (SegmentedRaftLogWorker.java:execute(651)) - 8a274684-c774-4cfd-af69-c1a0c827c28c@group-37D1433DE2F4-SegmentedRaftLogWorker: created new log segment /home/runner/work/ozone/ozone/hadoop-ozone/integration-test/target/test-dir/MiniOzoneClusterImpl-e692d0c4-4f9e-424f-81a0-065ebcedd1d3/datanode-0/data/ratis/bfea3e49-4f7a-4011-b168-37d1433de2f4/current/log_inprogress_0
2023-08-25 08:53:48,041 [EventQueue-PipelineReportForPipelineReportHandler] INFO  pipeline.PipelineReportHandler (PipelineReportHandler.java:processPipelineReport(136)) - Opened pipeline PipelineID=bfea3e49-4f7a-4011-b168-37d1433de2f4
2023-08-25 08:53:48,041 [EventQueue-OpenPipelineForHealthyPipelineSafeModeRule] INFO  safemode.SCMSafeModeManager (HealthyPipelineSafeModeRule.java:process(137)) - SCM in safe mode. Healthy pipelines reported count is 1, required healthy pipeline reported count is 1
2023-08-25 08:53:48,041 [EventQueue-OpenPipelineForHealthyPipelineSafeModeRule] INFO  safemode.SCMSafeModeManager (SCMSafeModeManager.java:validateSafeModeExitRules(200)) - HealthyPipelineSafeModeRule rule is successfully validated
2023-08-25 08:53:48,041 [EventQueue-OpenPipelineForHealthyPipelineSafeModeRule] INFO  safemode.SCMSafeModeManager (SCMSafeModeManager.java:validateSafeModeExitRules(215)) - ScmSafeModeManager, all rules are successfully validated
2023-08-25 08:53:48,041 [EventQueue-OpenPipelineForHealthyPipelineSafeModeRule] INFO  safemode.SCMSafeModeManager (SCMSafeModeManager.java:exitSafeMode(244)) - SCM exiting safe mode.
2023-08-25 08:53:48,041 [EventQueue-OpenPipelineForHealthyPipelineSafeModeRule] INFO  ha.SCMContext (SCMContext.java:updateSafeModeStatus(228)) - Update SafeModeStatus from SafeModeStatus{safeModeStatus=true, preCheckPassed=true} to SafeModeStatus{safeModeStatus=false, preCheckPassed=true}.
2023-08-25 08:53:48,041 [EventQueue-OpenPipelineForHealthyPipelineSafeModeRule] INFO  pipeline.BackgroundPipelineCreator (BackgroundPipelineCreator.java:notifyStatusChanged(255)) - Service BackgroundPipelineCreator transitions to RUNNING.
2023-08-25 08:53:48,041 [EventQueue-OpenPipelineForHealthyPipelineSafeModeRule] INFO  BackgroundPipelineScrubber (BackgroundSCMService.java:notifyStatusChanged(82)) - Service BackgroundPipelineScrubber transitions to RUNNING.
2023-08-25 08:53:48,041 [EventQueue-OpenPipelineForHealthyPipelineSafeModeRule] INFO  ExpiredContainerReplicaOpScrubber (BackgroundSCMService.java:notifyStatusChanged(82)) - Service ExpiredContainerReplicaOpScrubber transitions to RUNNING.
2023-08-25 08:53:48,041 [EventQueue-OpenPipelineForHealthyPipelineSafeModeRule] INFO  replication.ReplicationManager (ReplicationManager.java:notifyStatusChanged(1366)) - Service ReplicationManager transitions to RUNNING.
2023-08-25 08:53:48,042 [EventQueue-OpenPipelineForHealthyPipelineSafeModeRule] WARN  balancer.ContainerBalancer (ContainerBalancer.java:shouldRun(134)) - Could not find persisted configuration for ContainerBalancer when checking if ContainerBalancer should run. ContainerBalancer should not run now.
2023-08-25 08:53:48,042 [grpc-default-executor-0] INFO  server.RaftServer$Division (RaftServerImpl.java:requestVote(1335)) - df7ffc6f-4fb9-49c9-8407-31fb6ff06550@group-37D1433DE2F4 replies to ELECTION vote request: 8a274684-c774-4cfd-af69-c1a0c827c28c<-df7ffc6f-4fb9-49c9-8407-31fb6ff06550#0:OK-t1. Peer's state: df7ffc6f-4fb9-49c9-8407-31fb6ff06550@group-37D1433DE2F4:t1, leader=null, voted=8a274684-c774-4cfd-af69-c1a0c827c28c, raftlog=Memoized:df7ffc6f-4fb9-49c9-8407-31fb6ff06550@group-37D1433DE2F4-SegmentedRaftLog:OPENED:c-1, conf=-1: peers:[8a274684-c774-4cfd-af69-c1a0c827c28c|rpc:10.1.0.19:15226|admin:10.1.0.19:15225|client:10.1.0.19:15224|dataStream:10.1.0.19:15227|priority:1|startupRole:FOLLOWER, 74226a13-8718-4542-a815-a533182346c1|rpc:10.1.0.19:15235|admin:10.1.0.19:15234|client:10.1.0.19:15233|dataStream:10.1.0.19:15236|priority:0|startupRole:FOLLOWER, df7ffc6f-4fb9-49c9-8407-31fb6ff06550|rpc:10.1.0.19:15244|admin:10.1.0.19:15243|client:10.1.0.19:15242|dataStream:10.1.0.19:15245|priority:0|startupRole:FOLLOWER]|listeners:[], old=null
2023-08-25 08:53:48,045 [8a274684-c774-4cfd-af69-c1a0c827c28c@group-82CCEDDB1BA2-FollowerState] INFO  server.RaftServerConfigKeys (ConfUtils.java:logGet(46)) - raft.server.leaderelection.pre-vote = true (default)
2023-08-25 08:53:48,045 [8a274684-c774-4cfd-af69-c1a0c827c28c@group-82CCEDDB1BA2-FollowerState] INFO  impl.RoleInfo (RoleInfo.java:updateAndGet(139)) - 8a274684-c774-4cfd-af69-c1a0c827c28c: start 8a274684-c774-4cfd-af69-c1a0c827c28c@group-82CCEDDB1BA2-LeaderElection44
2023-08-25 08:53:48,050 [8a274684-c774-4cfd-af69-c1a0c827c28c@group-37D1433DE2F4-LeaderElection43] INFO  server.RaftServer$Division (ServerState.java:setRaftConf(434)) - 8a274684-c774-4cfd-af69-c1a0c827c28c@group-37D1433DE2F4: set configuration 0: peers:[8a274684-c774-4cfd-af69-c1a0c827c28c|rpc:10.1.0.19:15226|admin:10.1.0.19:15225|client:10.1.0.19:15224|dataStream:10.1.0.19:15227|priority:1|startupRole:FOLLOWER, 74226a13-8718-4542-a815-a533182346c1|rpc:10.1.0.19:15235|admin:10.1.0.19:15234|client:10.1.0.19:15233|dataStream:10.1.0.19:15236|priority:0|startupRole:FOLLOWER, df7ffc6f-4fb9-49c9-8407-31fb6ff06550|rpc:10.1.0.19:15244|admin:10.1.0.19:15243|client:10.1.0.19:15242|dataStream:10.1.0.19:15245|priority:0|startupRole:FOLLOWER]|listeners:[], old=null
2023-08-25 08:53:48,056 [74226a13-8718-4542-a815-a533182346c1-server-thread1] INFO  ratis.XceiverServerRatis (XceiverServerRatis.java:handleLeaderChangedNotification(902)) - Leader change notification received for group: group-37D1433DE2F4 with new leaderId: 8a274684-c774-4cfd-af69-c1a0c827c28c
2023-08-25 08:53:48,057 [74226a13-8718-4542-a815-a533182346c1-server-thread1] INFO  server.RaftServer$Division (ServerState.java:setLeader(317)) - 74226a13-8718-4542-a815-a533182346c1@group-37D1433DE2F4: change Leader from null to 8a274684-c774-4cfd-af69-c1a0c827c28c at term 1 for appendEntries, leader elected after 5109ms
2023-08-25 08:53:48,062 [8a274684-c774-4cfd-af69-c1a0c827c28c@group-82CCEDDB1BA2-LeaderElection44] INFO  impl.LeaderElection (LeaderElection.java:askForVotes(321)) - 8a274684-c774-4cfd-af69-c1a0c827c28c@group-82CCEDDB1BA2-LeaderElection44 PRE_VOTE round 0: submit vote requests at term 0 for -1: peers:[8a274684-c774-4cfd-af69-c1a0c827c28c|rpc:10.1.0.19:15226|admin:10.1.0.19:15225|client:10.1.0.19:15224|dataStream:10.1.0.19:15227|priority:0|startupRole:FOLLOWER, df7ffc6f-4fb9-49c9-8407-31fb6ff06550|rpc:10.1.0.19:15244|admin:10.1.0.19:15243|client:10.1.0.19:15242|dataStream:10.1.0.19:15245|priority:1|startupRole:FOLLOWER, 74226a13-8718-4542-a815-a533182346c1|rpc:10.1.0.19:15235|admin:10.1.0.19:15234|client:10.1.0.19:15233|dataStream:10.1.0.19:15236|priority:0|startupRole:FOLLOWER]|listeners:[], old=null
2023-08-25 08:53:48,064 [df7ffc6f-4fb9-49c9-8407-31fb6ff06550-server-thread1] INFO  ratis.XceiverServerRatis (XceiverServerRatis.java:handleLeaderChangedNotification(902)) - Leader change notification received for group: group-37D1433DE2F4 with new leaderId: 8a274684-c774-4cfd-af69-c1a0c827c28c
2023-08-25 08:53:48,064 [df7ffc6f-4fb9-49c9-8407-31fb6ff06550-server-thread1] INFO  server.RaftServer$Division (ServerState.java:setLeader(317)) - df7ffc6f-4fb9-49c9-8407-31fb6ff06550@group-37D1433DE2F4: change Leader from null to 8a274684-c774-4cfd-af69-c1a0c827c28c at term 1 for appendEntries, leader elected after 5077ms
2023-08-25 08:53:48,066 [df7ffc6f-4fb9-49c9-8407-31fb6ff06550-server-thread1] INFO  server.RaftServer$Division (ServerState.java:setRaftConf(434)) - df7ffc6f-4fb9-49c9-8407-31fb6ff06550@group-37D1433DE2F4: set configuration 0: peers:[8a274684-c774-4cfd-af69-c1a0c827c28c|rpc:10.1.0.19:15226|admin:10.1.0.19:15225|client:10.1.0.19:15224|dataStream:10.1.0.19:15227|priority:1|startupRole:FOLLOWER, 74226a13-8718-4542-a815-a533182346c1|rpc:10.1.0.19:15235|admin:10.1.0.19:15234|client:10.1.0.19:15233|dataStream:10.1.0.19:15236|priority:0|startupRole:FOLLOWER, df7ffc6f-4fb9-49c9-8407-31fb6ff06550|rpc:10.1.0.19:15244|admin:10.1.0.19:15243|client:10.1.0.19:15242|dataStream:10.1.0.19:15245|priority:0|startupRole:FOLLOWER]|listeners:[], old=null
2023-08-25 08:53:48,066 [74226a13-8718-4542-a815-a533182346c1-server-thread1] INFO  server.RaftServer$Division (ServerState.java:setRaftConf(434)) - 74226a13-8718-4542-a815-a533182346c1@group-37D1433DE2F4: set configuration 0: peers:[8a274684-c774-4cfd-af69-c1a0c827c28c|rpc:10.1.0.19:15226|admin:10.1.0.19:15225|client:10.1.0.19:15224|dataStream:10.1.0.19:15227|priority:1|startupRole:FOLLOWER, 74226a13-8718-4542-a815-a533182346c1|rpc:10.1.0.19:15235|admin:10.1.0.19:15234|client:10.1.0.19:15233|dataStream:10.1.0.19:15236|priority:0|startupRole:FOLLOWER, df7ffc6f-4fb9-49c9-8407-31fb6ff06550|rpc:10.1.0.19:15244|admin:10.1.0.19:15243|client:10.1.0.19:15242|dataStream:10.1.0.19:15245|priority:0|startupRole:FOLLOWER]|listeners:[], old=null
2023-08-25 08:53:48,066 [df7ffc6f-4fb9-49c9-8407-31fb6ff06550-server-thread1] INFO  segmented.SegmentedRaftLogWorker (SegmentedRaftLogWorker.java:startLogSegment(447)) - df7ffc6f-4fb9-49c9-8407-31fb6ff06550@group-37D1433DE2F4-SegmentedRaftLogWorker: Starting segment from index:0
2023-08-25 08:53:48,067 [8a274684-c774-4cfd-af69-c1a0c827c28c@group-82CCEDDB1BA2-LeaderElection44] INFO  server.RaftServerConfigKeys (ConfUtils.java:logFallback(53)) - raft.server.rpc.first-election.timeout.min = 5s (fallback to raft.server.rpc.timeout.min)
2023-08-25 08:53:48,067 [8a274684-c774-4cfd-af69-c1a0c827c28c@group-82CCEDDB1BA2-LeaderElection44] INFO  server.RaftServerConfigKeys (ConfUtils.java:logFallback(53)) - raft.server.rpc.first-election.timeout.max = 5200ms (fallback to raft.server.rpc.timeout.max)
2023-08-25 08:53:48,073 [df7ffc6f-4fb9-49c9-8407-31fb6ff06550@group-37D1433DE2F4-SegmentedRaftLogWorker] INFO  segmented.SegmentedRaftLogWorker (SegmentedRaftLogWorker.java:execute(651)) - df7ffc6f-4fb9-49c9-8407-31fb6ff06550@group-37D1433DE2F4-SegmentedRaftLogWorker: created new log segment /home/runner/work/ozone/ozone/hadoop-ozone/integration-test/target/test-dir/MiniOzoneClusterImpl-e692d0c4-4f9e-424f-81a0-065ebcedd1d3/datanode-2/data/ratis/bfea3e49-4f7a-4011-b168-37d1433de2f4/current/log_inprogress_0
2023-08-25 08:53:48,074 [74226a13-8718-4542-a815-a533182346c1-server-thread1] INFO  segmented.SegmentedRaftLogWorker (SegmentedRaftLogWorker.java:startLogSegment(447)) - 74226a13-8718-4542-a815-a533182346c1@group-37D1433DE2F4-SegmentedRaftLogWorker: Starting segment from index:0
2023-08-25 08:53:48,074 [grpc-default-executor-0] INFO  server.RaftServer$Division (RaftServerImpl.java:requestVote(1302)) - 74226a13-8718-4542-a815-a533182346c1@group-82CCEDDB1BA2: receive requestVote(PRE_VOTE, 8a274684-c774-4cfd-af69-c1a0c827c28c, group-82CCEDDB1BA2, 0, (t:0, i:0))
2023-08-25 08:53:48,074 [grpc-default-executor-0] INFO  impl.VoteContext (VoteContext.java:log(49)) - 74226a13-8718-4542-a815-a533182346c1@group-82CCEDDB1BA2-FOLLOWER: accept PRE_VOTE from 8a274684-c774-4cfd-af69-c1a0c827c28c: our priority 0 <= candidate's priority 0
2023-08-25 08:53:48,074 [grpc-default-executor-0] INFO  server.RaftServer$Division (RaftServerImpl.java:requestVote(1335)) - 74226a13-8718-4542-a815-a533182346c1@group-82CCEDDB1BA2 replies to PRE_VOTE vote request: 8a274684-c774-4cfd-af69-c1a0c827c28c<-74226a13-8718-4542-a815-a533182346c1#0:OK-t0. Peer's state: 74226a13-8718-4542-a815-a533182346c1@group-82CCEDDB1BA2:t0, leader=null, voted=, raftlog=Memoized:74226a13-8718-4542-a815-a533182346c1@group-82CCEDDB1BA2-SegmentedRaftLog:OPENED:c-1, conf=-1: peers:[8a274684-c774-4cfd-af69-c1a0c827c28c|rpc:10.1.0.19:15226|admin:10.1.0.19:15225|client:10.1.0.19:15224|dataStream:10.1.0.19:15227|priority:0|startupRole:FOLLOWER, df7ffc6f-4fb9-49c9-8407-31fb6ff06550|rpc:10.1.0.19:15244|admin:10.1.0.19:15243|client:10.1.0.19:15242|dataStream:10.1.0.19:15245|priority:1|startupRole:FOLLOWER, 74226a13-8718-4542-a815-a533182346c1|rpc:10.1.0.19:15235|admin:10.1.0.19:15234|client:10.1.0.19:15233|dataStream:10.1.0.19:15236|priority:0|startupRole:FOLLOWER]|listeners:[], old=null
2023-08-25 08:53:48,080 [74226a13-8718-4542-a815-a533182346c1@group-37D1433DE2F4-SegmentedRaftLogWorker] INFO  segmented.SegmentedRaftLogWorker (SegmentedRaftLogWorker.java:execute(651)) - 74226a13-8718-4542-a815-a533182346c1@group-37D1433DE2F4-SegmentedRaftLogWorker: created new log segment /home/runner/work/ozone/ozone/hadoop-ozone/integration-test/target/test-dir/MiniOzoneClusterImpl-e692d0c4-4f9e-424f-81a0-065ebcedd1d3/datanode-1/data/ratis/bfea3e49-4f7a-4011-b168-37d1433de2f4/current/log_inprogress_0
2023-08-25 08:53:48,089 [grpc-default-executor-3] INFO  server.RaftServer$Division (RaftServerImpl.java:requestVote(1302)) - df7ffc6f-4fb9-49c9-8407-31fb6ff06550@group-82CCEDDB1BA2: receive requestVote(PRE_VOTE, 8a274684-c774-4cfd-af69-c1a0c827c28c, group-82CCEDDB1BA2, 0, (t:0, i:0))
2023-08-25 08:53:48,090 [grpc-default-executor-3] INFO  impl.VoteContext (VoteContext.java:log(49)) - df7ffc6f-4fb9-49c9-8407-31fb6ff06550@group-82CCEDDB1BA2-FOLLOWER: reject PRE_VOTE from 8a274684-c774-4cfd-af69-c1a0c827c28c: our priority 1 > candidate's priority 0
2023-08-25 08:53:48,090 [grpc-default-executor-3] INFO  server.RaftServer$Division (RaftServerImpl.java:requestVote(1335)) - df7ffc6f-4fb9-49c9-8407-31fb6ff06550@group-82CCEDDB1BA2 replies to PRE_VOTE vote request: 8a274684-c774-4cfd-af69-c1a0c827c28c<-df7ffc6f-4fb9-49c9-8407-31fb6ff06550#0:FAIL-t0. Peer's state: df7ffc6f-4fb9-49c9-8407-31fb6ff06550@group-82CCEDDB1BA2:t0, leader=null, voted=, raftlog=Memoized:df7ffc6f-4fb9-49c9-8407-31fb6ff06550@group-82CCEDDB1BA2-SegmentedRaftLog:OPENED:c-1, conf=-1: peers:[8a274684-c774-4cfd-af69-c1a0c827c28c|rpc:10.1.0.19:15226|admin:10.1.0.19:15225|client:10.1.0.19:15224|dataStream:10.1.0.19:15227|priority:0|startupRole:FOLLOWER, df7ffc6f-4fb9-49c9-8407-31fb6ff06550|rpc:10.1.0.19:15244|admin:10.1.0.19:15243|client:10.1.0.19:15242|dataStream:10.1.0.19:15245|priority:1|startupRole:FOLLOWER, 74226a13-8718-4542-a815-a533182346c1|rpc:10.1.0.19:15235|admin:10.1.0.19:15234|client:10.1.0.19:15233|dataStream:10.1.0.19:15236|priority:0|startupRole:FOLLOWER]|listeners:[], old=null
2023-08-25 08:53:48,093 [8a274684-c774-4cfd-af69-c1a0c827c28c@group-82CCEDDB1BA2-LeaderElection44] INFO  impl.LeaderElection (LeaderElection.java:logAndReturn(90)) - 8a274684-c774-4cfd-af69-c1a0c827c28c@group-82CCEDDB1BA2-LeaderElection44: PRE_VOTE REJECTED received 2 response(s) and 0 exception(s):
2023-08-25 08:53:48,093 [8a274684-c774-4cfd-af69-c1a0c827c28c@group-82CCEDDB1BA2-LeaderElection44] INFO  impl.LeaderElection (LeaderElection.java:logAndReturn(94)) -   Response 0: 8a274684-c774-4cfd-af69-c1a0c827c28c<-74226a13-8718-4542-a815-a533182346c1#0:OK-t0
2023-08-25 08:53:48,093 [8a274684-c774-4cfd-af69-c1a0c827c28c@group-82CCEDDB1BA2-LeaderElection44] INFO  impl.LeaderElection (LeaderElection.java:logAndReturn(94)) -   Response 1: 8a274684-c774-4cfd-af69-c1a0c827c28c<-df7ffc6f-4fb9-49c9-8407-31fb6ff06550#0:FAIL-t0
2023-08-25 08:53:48,095 [8a274684-c774-4cfd-af69-c1a0c827c28c@group-82CCEDDB1BA2-LeaderElection44] INFO  impl.LeaderElection (LeaderElection.java:askForVotes(323)) - 8a274684-c774-4cfd-af69-c1a0c827c28c@group-82CCEDDB1BA2-LeaderElection44 PRE_VOTE round 0: result REJECTED
2023-08-25 08:53:48,095 [8a274684-c774-4cfd-af69-c1a0c827c28c@group-82CCEDDB1BA2-LeaderElection44] INFO  server.RaftServer$Division (RaftServerImpl.java:setRole(329)) - 8a274684-c774-4cfd-af69-c1a0c827c28c@group-82CCEDDB1BA2: changes role from CANDIDATE to FOLLOWER at term 0 for REJECTED
2023-08-25 08:53:48,095 [8a274684-c774-4cfd-af69-c1a0c827c28c@group-82CCEDDB1BA2-LeaderElection44] INFO  impl.RoleInfo (RoleInfo.java:shutdownLeaderElection(130)) - 8a274684-c774-4cfd-af69-c1a0c827c28c: shutdown 8a274684-c774-4cfd-af69-c1a0c827c28c@group-82CCEDDB1BA2-LeaderElection44
2023-08-25 08:53:48,095 [8a274684-c774-4cfd-af69-c1a0c827c28c@group-82CCEDDB1BA2-LeaderElection44] INFO  impl.RoleInfo (RoleInfo.java:updateAndGet(139)) - 8a274684-c774-4cfd-af69-c1a0c827c28c: start 8a274684-c774-4cfd-af69-c1a0c827c28c@group-82CCEDDB1BA2-FollowerState
2023-08-25 08:53:48,168 [Time-limited test] INFO  ozone.MiniOzoneClusterImpl (MiniOzoneClusterImpl.java:lambda$waitForClusterToBeReady$0(224)) - Nodes are ready. Got 5 of 5 DN Heartbeats.
2023-08-25 08:53:48,169 [Time-limited test] INFO  ozone.MiniOzoneClusterImpl (MiniOzoneClusterImpl.java:lambda$waitForClusterToBeReady$0(227)) - Cluster exits safe mode
2023-08-25 08:53:48,169 [Time-limited test] INFO  ozone.MiniOzoneClusterImpl (MiniOzoneClusterImpl.java:lambda$waitForClusterToBeReady$0(229)) - SCM became leader
2023-08-25 08:53:48,178 [Time-limited test] INFO  rpc.RpcClient (RpcClient.java:createVolume(461)) - Creating Volume: vol1, with runner as owner and space quota set to -1 bytes, counts quota set to -1
2023-08-25 08:53:48,191 [OM StateMachine ApplyTransaction Thread - 0] INFO  volume.OMVolumeCreateRequest (OMVolumeCreateRequest.java:validateAndUpdateCache(196)) - created volume:vol1 for user:runner
2023-08-25 08:53:48,198 [Time-limited test] INFO  rpc.RpcClient (RpcClient.java:createBucket(688)) - Creating Bucket: vol1/bucket1, with server-side default bucket layout, runner as owner, Versioning false, Storage Type set to DISK and Encryption set to false, Replication Type set to server-side default replication type, Namespace Quota set to -1, Space Quota set to -1 
2023-08-25 08:53:48,202 [OM StateMachine ApplyTransaction Thread - 0] INFO  bucket.OMBucketCreateRequest (OMBucketCreateRequest.java:validateAndUpdateCache(270)) - created bucket: bucket1 of layout FILE_SYSTEM_OPTIMIZED in volume: vol1
2023-08-25 08:53:48,213 [df7ffc6f-4fb9-49c9-8407-31fb6ff06550@group-82CCEDDB1BA2-FollowerState] INFO  impl.FollowerState (FollowerState.java:run(143)) - df7ffc6f-4fb9-49c9-8407-31fb6ff06550@group-82CCEDDB1BA2-FollowerState: change to CANDIDATE, lastRpcElapsedTime:5090363934ns, electionTimeout:5087ms
2023-08-25 08:53:48,213 [df7ffc6f-4fb9-49c9-8407-31fb6ff06550@group-82CCEDDB1BA2-FollowerState] INFO  impl.RoleInfo (RoleInfo.java:shutdownFollowerState(110)) - df7ffc6f-4fb9-49c9-8407-31fb6ff06550: shutdown df7ffc6f-4fb9-49c9-8407-31fb6ff06550@group-82CCEDDB1BA2-FollowerState
2023-08-25 08:53:48,213 [df7ffc6f-4fb9-49c9-8407-31fb6ff06550@group-82CCEDDB1BA2-FollowerState] INFO  server.RaftServer$Division (RaftServerImpl.java:setRole(329)) - df7ffc6f-4fb9-49c9-8407-31fb6ff06550@group-82CCEDDB1BA2: changes role from  FOLLOWER to CANDIDATE at term 0 for changeToCandidate
2023-08-25 08:53:48,213 [df7ffc6f-4fb9-49c9-8407-31fb6ff06550@group-82CCEDDB1BA2-FollowerState] INFO  server.RaftServerConfigKeys (ConfUtils.java:logGet(46)) - raft.server.leaderelection.pre-vote = true (default)
2023-08-25 08:53:48,213 [df7ffc6f-4fb9-49c9-8407-31fb6ff06550@group-82CCEDDB1BA2-FollowerState] INFO  impl.RoleInfo (RoleInfo.java:updateAndGet(139)) - df7ffc6f-4fb9-49c9-8407-31fb6ff06550: start df7ffc6f-4fb9-49c9-8407-31fb6ff06550@group-82CCEDDB1BA2-LeaderElection45
2023-08-25 08:53:48,222 [df7ffc6f-4fb9-49c9-8407-31fb6ff06550@group-82CCEDDB1BA2-LeaderElection45] INFO  impl.LeaderElection (LeaderElection.java:askForVotes(321)) - df7ffc6f-4fb9-49c9-8407-31fb6ff06550@group-82CCEDDB1BA2-LeaderElection45 PRE_VOTE round 0: submit vote requests at term 0 for -1: peers:[8a274684-c774-4cfd-af69-c1a0c827c28c|rpc:10.1.0.19:15226|admin:10.1.0.19:15225|client:10.1.0.19:15224|dataStream:10.1.0.19:15227|priority:0|startupRole:FOLLOWER, df7ffc6f-4fb9-49c9-8407-31fb6ff06550|rpc:10.1.0.19:15244|admin:10.1.0.19:15243|client:10.1.0.19:15242|dataStream:10.1.0.19:15245|priority:1|startupRole:FOLLOWER, 74226a13-8718-4542-a815-a533182346c1|rpc:10.1.0.19:15235|admin:10.1.0.19:15234|client:10.1.0.19:15233|dataStream:10.1.0.19:15236|priority:0|startupRole:FOLLOWER]|listeners:[], old=null
2023-08-25 08:53:48,230 [df7ffc6f-4fb9-49c9-8407-31fb6ff06550@group-82CCEDDB1BA2-LeaderElection45] INFO  server.RaftServerConfigKeys (ConfUtils.java:logFallback(53)) - raft.server.rpc.first-election.timeout.min = 5s (fallback to raft.server.rpc.timeout.min)
2023-08-25 08:53:48,230 [df7ffc6f-4fb9-49c9-8407-31fb6ff06550@group-82CCEDDB1BA2-LeaderElection45] INFO  server.RaftServerConfigKeys (ConfUtils.java:logFallback(53)) - raft.server.rpc.first-election.timeout.max = 5200ms (fallback to raft.server.rpc.timeout.max)
2023-08-25 08:53:48,238 [IPC Server handler 8 on default port 15213] INFO  ha.SequenceIdGenerator (SequenceIdGenerator.java:getNextId(140)) - Allocate a batch for containerId, change lastId from 0 to 1000.
2023-08-25 08:53:48,239 [IPC Server handler 8 on default port 15213] WARN  ha.SequenceIdGenerator (SequenceIdGenerator.java:allocateBatch(253)) - Failed to allocate a batch for localId, expected lastId is 0, actual lastId is 111677748019200000.
2023-08-25 08:53:48,239 [IPC Server handler 8 on default port 15213] INFO  ha.SequenceIdGenerator (SequenceIdGenerator.java:getNextId(140)) - Allocate a batch for localId, change lastId from 111677748019200000 to 111677748019201000.
2023-08-25 08:53:48,240 [df7ffc6f-4fb9-49c9-8407-31fb6ff06550@group-82CCEDDB1BA2-LeaderElection45-2] INFO  server.GrpcServerProtocolClient (GrpcServerProtocolClient.java:<init>(65)) - Build channel for 74226a13-8718-4542-a815-a533182346c1
2023-08-25 08:53:48,242 [df7ffc6f-4fb9-49c9-8407-31fb6ff06550@group-82CCEDDB1BA2-LeaderElection45-1] INFO  server.GrpcServerProtocolClient (GrpcServerProtocolClient.java:<init>(65)) - Build channel for 8a274684-c774-4cfd-af69-c1a0c827c28c
2023-08-25 08:53:48,262 [74226a13-8718-4542-a815-a533182346c1@group-82CCEDDB1BA2-FollowerState] INFO  server.RaftServerConfigKeys (ConfUtils.java:logFallback(53)) - raft.server.rpc.first-election.timeout.min = 5s (fallback to raft.server.rpc.timeout.min)
2023-08-25 08:53:48,262 [grpc-default-executor-0] INFO  server.RaftServer$Division (RaftServerImpl.java:requestVote(1302)) - 74226a13-8718-4542-a815-a533182346c1@group-82CCEDDB1BA2: receive requestVote(PRE_VOTE, df7ffc6f-4fb9-49c9-8407-31fb6ff06550, group-82CCEDDB1BA2, 0, (t:0, i:0))
2023-08-25 08:53:48,262 [74226a13-8718-4542-a815-a533182346c1@group-82CCEDDB1BA2-FollowerState] INFO  server.RaftServerConfigKeys (ConfUtils.java:logFallback(53)) - raft.server.rpc.first-election.timeout.max = 5200ms (fallback to raft.server.rpc.timeout.max)
2023-08-25 08:53:48,262 [grpc-default-executor-0] INFO  impl.VoteContext (VoteContext.java:log(49)) - 74226a13-8718-4542-a815-a533182346c1@group-82CCEDDB1BA2-FOLLOWER: accept PRE_VOTE from df7ffc6f-4fb9-49c9-8407-31fb6ff06550: our priority 0 <= candidate's priority 1
2023-08-25 08:53:48,263 [grpc-default-executor-0] INFO  server.RaftServer$Division (RaftServerImpl.java:requestVote(1335)) - 74226a13-8718-4542-a815-a533182346c1@group-82CCEDDB1BA2 replies to PRE_VOTE vote request: df7ffc6f-4fb9-49c9-8407-31fb6ff06550<-74226a13-8718-4542-a815-a533182346c1#0:OK-t0. Peer's state: 74226a13-8718-4542-a815-a533182346c1@group-82CCEDDB1BA2:t0, leader=null, voted=, raftlog=Memoized:74226a13-8718-4542-a815-a533182346c1@group-82CCEDDB1BA2-SegmentedRaftLog:OPENED:c-1, conf=-1: peers:[8a274684-c774-4cfd-af69-c1a0c827c28c|rpc:10.1.0.19:15226|admin:10.1.0.19:15225|client:10.1.0.19:15224|dataStream:10.1.0.19:15227|priority:0|startupRole:FOLLOWER, df7ffc6f-4fb9-49c9-8407-31fb6ff06550|rpc:10.1.0.19:15244|admin:10.1.0.19:15243|client:10.1.0.19:15242|dataStream:10.1.0.19:15245|priority:1|startupRole:FOLLOWER, 74226a13-8718-4542-a815-a533182346c1|rpc:10.1.0.19:15235|admin:10.1.0.19:15234|client:10.1.0.19:15233|dataStream:10.1.0.19:15236|priority:0|startupRole:FOLLOWER]|listeners:[], old=null
2023-08-25 08:53:48,264 [df7ffc6f-4fb9-49c9-8407-31fb6ff06550@group-82CCEDDB1BA2-LeaderElection45] INFO  impl.LeaderElection (LeaderElection.java:logAndReturn(90)) - df7ffc6f-4fb9-49c9-8407-31fb6ff06550@group-82CCEDDB1BA2-LeaderElection45: PRE_VOTE PASSED received 1 response(s) and 0 exception(s):
2023-08-25 08:53:48,264 [df7ffc6f-4fb9-49c9-8407-31fb6ff06550@group-82CCEDDB1BA2-LeaderElection45] INFO  impl.LeaderElection (LeaderElection.java:logAndReturn(94)) -   Response 0: df7ffc6f-4fb9-49c9-8407-31fb6ff06550<-74226a13-8718-4542-a815-a533182346c1#0:OK-t0
2023-08-25 08:53:48,264 [df7ffc6f-4fb9-49c9-8407-31fb6ff06550@group-82CCEDDB1BA2-LeaderElection45] INFO  impl.LeaderElection (LeaderElection.java:askForVotes(323)) - df7ffc6f-4fb9-49c9-8407-31fb6ff06550@group-82CCEDDB1BA2-LeaderElection45 PRE_VOTE round 0: result PASSED
2023-08-25 08:53:48,268 [df7ffc6f-4fb9-49c9-8407-31fb6ff06550@group-82CCEDDB1BA2-LeaderElection45] INFO  impl.LeaderElection (LeaderElection.java:askForVotes(321)) - df7ffc6f-4fb9-49c9-8407-31fb6ff06550@group-82CCEDDB1BA2-LeaderElection45 ELECTION round 0: submit vote requests at term 1 for -1: peers:[8a274684-c774-4cfd-af69-c1a0c827c28c|rpc:10.1.0.19:15226|admin:10.1.0.19:15225|client:10.1.0.19:15224|dataStream:10.1.0.19:15227|priority:0|startupRole:FOLLOWER, df7ffc6f-4fb9-49c9-8407-31fb6ff06550|rpc:10.1.0.19:15244|admin:10.1.0.19:15243|client:10.1.0.19:15242|dataStream:10.1.0.19:15245|priority:1|startupRole:FOLLOWER, 74226a13-8718-4542-a815-a533182346c1|rpc:10.1.0.19:15235|admin:10.1.0.19:15234|client:10.1.0.19:15233|dataStream:10.1.0.19:15236|priority:0|startupRole:FOLLOWER]|listeners:[], old=null
2023-08-25 08:53:48,268 [grpc-default-executor-0] INFO  server.RaftServer$Division (RaftServerImpl.java:requestVote(1302)) - 8a274684-c774-4cfd-af69-c1a0c827c28c@group-82CCEDDB1BA2: receive requestVote(PRE_VOTE, df7ffc6f-4fb9-49c9-8407-31fb6ff06550, group-82CCEDDB1BA2, 0, (t:0, i:0))
2023-08-25 08:53:48,268 [grpc-default-executor-0] INFO  impl.VoteContext (VoteContext.java:log(49)) - 8a274684-c774-4cfd-af69-c1a0c827c28c@group-82CCEDDB1BA2-FOLLOWER: accept PRE_VOTE from df7ffc6f-4fb9-49c9-8407-31fb6ff06550: our priority 0 <= candidate's priority 1
2023-08-25 08:53:48,269 [grpc-default-executor-0] INFO  server.RaftServer$Division (RaftServerImpl.java:requestVote(1335)) - 8a274684-c774-4cfd-af69-c1a0c827c28c@group-82CCEDDB1BA2 replies to PRE_VOTE vote request: df7ffc6f-4fb9-49c9-8407-31fb6ff06550<-8a274684-c774-4cfd-af69-c1a0c827c28c#0:OK-t0. Peer's state: 8a274684-c774-4cfd-af69-c1a0c827c28c@group-82CCEDDB1BA2:t0, leader=null, voted=, raftlog=Memoized:8a274684-c774-4cfd-af69-c1a0c827c28c@group-82CCEDDB1BA2-SegmentedRaftLog:OPENED:c-1, conf=-1: peers:[8a274684-c774-4cfd-af69-c1a0c827c28c|rpc:10.1.0.19:15226|admin:10.1.0.19:15225|client:10.1.0.19:15224|dataStream:10.1.0.19:15227|priority:0|startupRole:FOLLOWER, df7ffc6f-4fb9-49c9-8407-31fb6ff06550|rpc:10.1.0.19:15244|admin:10.1.0.19:15243|client:10.1.0.19:15242|dataStream:10.1.0.19:15245|priority:1|startupRole:FOLLOWER, 74226a13-8718-4542-a815-a533182346c1|rpc:10.1.0.19:15235|admin:10.1.0.19:15234|client:10.1.0.19:15233|dataStream:10.1.0.19:15236|priority:0|startupRole:FOLLOWER]|listeners:[], old=null
2023-08-25 08:53:48,269 [df7ffc6f-4fb9-49c9-8407-31fb6ff06550@group-82CCEDDB1BA2-LeaderElection45] INFO  server.RaftServerConfigKeys (ConfUtils.java:logFallback(53)) - raft.server.rpc.first-election.timeout.min = 5s (fallback to raft.server.rpc.timeout.min)
2023-08-25 08:53:48,269 [df7ffc6f-4fb9-49c9-8407-31fb6ff06550@group-82CCEDDB1BA2-LeaderElection45] INFO  server.RaftServerConfigKeys (ConfUtils.java:logFallback(53)) - raft.server.rpc.first-election.timeout.max = 5200ms (fallback to raft.server.rpc.timeout.max)
2023-08-25 08:53:48,278 [grpc-default-executor-0] INFO  server.RaftServer$Division (RaftServerImpl.java:requestVote(1302)) - 8a274684-c774-4cfd-af69-c1a0c827c28c@group-82CCEDDB1BA2: receive requestVote(ELECTION, df7ffc6f-4fb9-49c9-8407-31fb6ff06550, group-82CCEDDB1BA2, 1, (t:0, i:0))
2023-08-25 08:53:48,278 [grpc-default-executor-0] INFO  impl.VoteContext (VoteContext.java:log(49)) - 8a274684-c774-4cfd-af69-c1a0c827c28c@group-82CCEDDB1BA2-FOLLOWER: accept ELECTION from df7ffc6f-4fb9-49c9-8407-31fb6ff06550: our priority 0 <= candidate's priority 1
2023-08-25 08:53:48,278 [grpc-default-executor-0] INFO  server.RaftServer$Division (RaftServerImpl.java:setRole(329)) - 8a274684-c774-4cfd-af69-c1a0c827c28c@group-82CCEDDB1BA2: changes role from  FOLLOWER to FOLLOWER at term 1 for candidate:df7ffc6f-4fb9-49c9-8407-31fb6ff06550
2023-08-25 08:53:48,278 [grpc-default-executor-0] INFO  impl.RoleInfo (RoleInfo.java:shutdownFollowerState(110)) - 8a274684-c774-4cfd-af69-c1a0c827c28c: shutdown 8a274684-c774-4cfd-af69-c1a0c827c28c@group-82CCEDDB1BA2-FollowerState
2023-08-25 08:53:48,279 [grpc-default-executor-0] INFO  impl.RoleInfo (RoleInfo.java:updateAndGet(139)) - 8a274684-c774-4cfd-af69-c1a0c827c28c: start 8a274684-c774-4cfd-af69-c1a0c827c28c@group-82CCEDDB1BA2-FollowerState
2023-08-25 08:53:48,279 [8a274684-c774-4cfd-af69-c1a0c827c28c@group-82CCEDDB1BA2-FollowerState] INFO  impl.FollowerState (FollowerState.java:run(152)) - 8a274684-c774-4cfd-af69-c1a0c827c28c@group-82CCEDDB1BA2-FollowerState was interrupted
2023-08-25 08:53:48,279 [grpc-default-executor-2] INFO  server.RaftServer$Division (RaftServerImpl.java:requestVote(1302)) - 74226a13-8718-4542-a815-a533182346c1@group-82CCEDDB1BA2: receive requestVote(ELECTION, df7ffc6f-4fb9-49c9-8407-31fb6ff06550, group-82CCEDDB1BA2, 1, (t:0, i:0))
2023-08-25 08:53:48,279 [grpc-default-executor-2] INFO  impl.VoteContext (VoteContext.java:log(49)) - 74226a13-8718-4542-a815-a533182346c1@group-82CCEDDB1BA2-FOLLOWER: accept ELECTION from df7ffc6f-4fb9-49c9-8407-31fb6ff06550: our priority 0 <= candidate's priority 1
2023-08-25 08:53:48,279 [grpc-default-executor-2] INFO  server.RaftServer$Division (RaftServerImpl.java:setRole(329)) - 74226a13-8718-4542-a815-a533182346c1@group-82CCEDDB1BA2: changes role from  FOLLOWER to FOLLOWER at term 1 for candidate:df7ffc6f-4fb9-49c9-8407-31fb6ff06550
2023-08-25 08:53:48,279 [grpc-default-executor-2] INFO  impl.RoleInfo (RoleInfo.java:shutdownFollowerState(110)) - 74226a13-8718-4542-a815-a533182346c1: shutdown 74226a13-8718-4542-a815-a533182346c1@group-82CCEDDB1BA2-FollowerState
2023-08-25 08:53:48,286 [grpc-default-executor-2] INFO  impl.RoleInfo (RoleInfo.java:updateAndGet(139)) - 74226a13-8718-4542-a815-a533182346c1: start 74226a13-8718-4542-a815-a533182346c1@group-82CCEDDB1BA2-FollowerState
2023-08-25 08:53:48,286 [74226a13-8718-4542-a815-a533182346c1@group-82CCEDDB1BA2-FollowerState] INFO  impl.FollowerState (FollowerState.java:run(152)) - 74226a13-8718-4542-a815-a533182346c1@group-82CCEDDB1BA2-FollowerState was interrupted
2023-08-25 08:53:48,301 [grpc-default-executor-0] INFO  server.RaftServer$Division (RaftServerImpl.java:requestVote(1335)) - 8a274684-c774-4cfd-af69-c1a0c827c28c@group-82CCEDDB1BA2 replies to ELECTION vote request: df7ffc6f-4fb9-49c9-8407-31fb6ff06550<-8a274684-c774-4cfd-af69-c1a0c827c28c#0:OK-t1. Peer's state: 8a274684-c774-4cfd-af69-c1a0c827c28c@group-82CCEDDB1BA2:t1, leader=null, voted=df7ffc6f-4fb9-49c9-8407-31fb6ff06550, raftlog=Memoized:8a274684-c774-4cfd-af69-c1a0c827c28c@group-82CCEDDB1BA2-SegmentedRaftLog:OPENED:c-1, conf=-1: peers:[8a274684-c774-4cfd-af69-c1a0c827c28c|rpc:10.1.0.19:15226|admin:10.1.0.19:15225|client:10.1.0.19:15224|dataStream:10.1.0.19:15227|priority:0|startupRole:FOLLOWER, df7ffc6f-4fb9-49c9-8407-31fb6ff06550|rpc:10.1.0.19:15244|admin:10.1.0.19:15243|client:10.1.0.19:15242|dataStream:10.1.0.19:15245|priority:1|startupRole:FOLLOWER, 74226a13-8718-4542-a815-a533182346c1|rpc:10.1.0.19:15235|admin:10.1.0.19:15234|client:10.1.0.19:15233|dataStream:10.1.0.19:15236|priority:0|startupRole:FOLLOWER]|listeners:[], old=null
2023-08-25 08:53:48,307 [grpc-default-executor-2] INFO  server.RaftServer$Division (RaftServerImpl.java:requestVote(1335)) - 74226a13-8718-4542-a815-a533182346c1@group-82CCEDDB1BA2 replies to ELECTION vote request: df7ffc6f-4fb9-49c9-8407-31fb6ff06550<-74226a13-8718-4542-a815-a533182346c1#0:OK-t1. Peer's state: 74226a13-8718-4542-a815-a533182346c1@group-82CCEDDB1BA2:t1, leader=null, voted=df7ffc6f-4fb9-49c9-8407-31fb6ff06550, raftlog=Memoized:74226a13-8718-4542-a815-a533182346c1@group-82CCEDDB1BA2-SegmentedRaftLog:OPENED:c-1, conf=-1: peers:[8a274684-c774-4cfd-af69-c1a0c827c28c|rpc:10.1.0.19:15226|admin:10.1.0.19:15225|client:10.1.0.19:15224|dataStream:10.1.0.19:15227|priority:0|startupRole:FOLLOWER, df7ffc6f-4fb9-49c9-8407-31fb6ff06550|rpc:10.1.0.19:15244|admin:10.1.0.19:15243|client:10.1.0.19:15242|dataStream:10.1.0.19:15245|priority:1|startupRole:FOLLOWER, 74226a13-8718-4542-a815-a533182346c1|rpc:10.1.0.19:15235|admin:10.1.0.19:15234|client:10.1.0.19:15233|dataStream:10.1.0.19:15236|priority:0|startupRole:FOLLOWER]|listeners:[], old=null
2023-08-25 08:53:48,308 [df7ffc6f-4fb9-49c9-8407-31fb6ff06550@group-82CCEDDB1BA2-LeaderElection45] INFO  impl.LeaderElection (LeaderElection.java:logAndReturn(90)) - df7ffc6f-4fb9-49c9-8407-31fb6ff06550@group-82CCEDDB1BA2-LeaderElection45: ELECTION PASSED received 1 response(s) and 0 exception(s):
2023-08-25 08:53:48,308 [df7ffc6f-4fb9-49c9-8407-31fb6ff06550@group-82CCEDDB1BA2-LeaderElection45] INFO  impl.LeaderElection (LeaderElection.java:logAndReturn(94)) -   Response 0: df7ffc6f-4fb9-49c9-8407-31fb6ff06550<-8a274684-c774-4cfd-af69-c1a0c827c28c#0:OK-t1
2023-08-25 08:53:48,308 [df7ffc6f-4fb9-49c9-8407-31fb6ff06550@group-82CCEDDB1BA2-LeaderElection45] INFO  impl.LeaderElection (LeaderElection.java:askForVotes(323)) - df7ffc6f-4fb9-49c9-8407-31fb6ff06550@group-82CCEDDB1BA2-LeaderElection45 ELECTION round 0: result PASSED
2023-08-25 08:53:48,308 [df7ffc6f-4fb9-49c9-8407-31fb6ff06550@group-82CCEDDB1BA2-LeaderElection45] INFO  impl.RoleInfo (RoleInfo.java:shutdownLeaderElection(130)) - df7ffc6f-4fb9-49c9-8407-31fb6ff06550: shutdown df7ffc6f-4fb9-49c9-8407-31fb6ff06550@group-82CCEDDB1BA2-LeaderElection45
2023-08-25 08:53:48,308 [df7ffc6f-4fb9-49c9-8407-31fb6ff06550@group-82CCEDDB1BA2-LeaderElection45] INFO  server.RaftServer$Division (RaftServerImpl.java:setRole(329)) - df7ffc6f-4fb9-49c9-8407-31fb6ff06550@group-82CCEDDB1BA2: changes role from CANDIDATE to LEADER at term 1 for changeToLeader
2023-08-25 08:53:48,308 [df7ffc6f-4fb9-49c9-8407-31fb6ff06550@group-82CCEDDB1BA2-LeaderElection45] INFO  ratis.XceiverServerRatis (XceiverServerRatis.java:handleLeaderChangedNotification(902)) - Leader change notification received for group: group-82CCEDDB1BA2 with new leaderId: df7ffc6f-4fb9-49c9-8407-31fb6ff06550
2023-08-25 08:53:48,309 [df7ffc6f-4fb9-49c9-8407-31fb6ff06550@group-82CCEDDB1BA2-LeaderElection45] INFO  server.RaftServer$Division (ServerState.java:setLeader(317)) - df7ffc6f-4fb9-49c9-8407-31fb6ff06550@group-82CCEDDB1BA2: change Leader from null to df7ffc6f-4fb9-49c9-8407-31fb6ff06550 at term 1 for becomeLeader, leader elected after 5264ms
2023-08-25 08:53:48,309 [df7ffc6f-4fb9-49c9-8407-31fb6ff06550@group-82CCEDDB1BA2-LeaderElection45] INFO  server.RaftServerConfigKeys (ConfUtils.java:logGet(46)) - raft.server.staging.catchup.gap = 1000 (default)
2023-08-25 08:53:48,309 [df7ffc6f-4fb9-49c9-8407-31fb6ff06550@group-82CCEDDB1BA2-LeaderElection45] INFO  server.RaftServerConfigKeys (ConfUtils.java:logGet(46)) - raft.server.write.element-limit = 1024 (custom)
2023-08-25 08:53:48,309 [df7ffc6f-4fb9-49c9-8407-31fb6ff06550@group-82CCEDDB1BA2-LeaderElection45] INFO  server.RaftServerConfigKeys (ConfUtils.java:logGet(46)) - raft.server.write.byte-limit = 1024 M (=1073741824) (custom)
2023-08-25 08:53:48,309 [df7ffc6f-4fb9-49c9-8407-31fb6ff06550@group-82CCEDDB1BA2-LeaderElection45] INFO  server.RaftServerConfigKeys (ConfUtils.java:logGet(46)) - raft.server.watch.timeout = 180s (custom)
2023-08-25 08:53:48,309 [df7ffc6f-4fb9-49c9-8407-31fb6ff06550@group-82CCEDDB1BA2-LeaderElection45] INFO  server.RaftServerConfigKeys (ConfUtils.java:logGet(46)) - raft.server.watch.timeout.denomination = 1s (default)
2023-08-25 08:53:48,309 [df7ffc6f-4fb9-49c9-8407-31fb6ff06550@group-82CCEDDB1BA2-LeaderElection45] INFO  server.RaftServerConfigKeys (ConfUtils.java:logGet(46)) - raft.server.watch.element-limit = 65536 (default)
2023-08-25 08:53:48,309 [df7ffc6f-4fb9-49c9-8407-31fb6ff06550@group-82CCEDDB1BA2-LeaderElection45] INFO  server.RaftServerConfigKeys (ConfUtils.java:logGet(46)) - raft.server.write.element-limit = 1024 (custom)
2023-08-25 08:53:48,309 [df7ffc6f-4fb9-49c9-8407-31fb6ff06550@group-82CCEDDB1BA2-LeaderElection45] INFO  server.RaftServerConfigKeys (ConfUtils.java:logGet(46)) - raft.server.write.follower.gap.ratio.max = -1.0 (default)
2023-08-25 08:53:48,310 [df7ffc6f-4fb9-49c9-8407-31fb6ff06550@group-82CCEDDB1BA2-LeaderElection45] INFO  server.RaftServerConfigKeys (ConfUtils.java:logGet(46)) - raft.server.log.appender.snapshot.chunk.size.max = 16MB (=16777216) (default)
2023-08-25 08:53:48,310 [df7ffc6f-4fb9-49c9-8407-31fb6ff06550@group-82CCEDDB1BA2-LeaderElection45] INFO  server.RaftServerConfigKeys (ConfUtils.java:logGet(46)) - raft.server.log.appender.buffer.byte-limit = 33554432 (custom)
2023-08-25 08:53:48,310 [df7ffc6f-4fb9-49c9-8407-31fb6ff06550@group-82CCEDDB1BA2-LeaderElection45] INFO  server.RaftServerConfigKeys (ConfUtils.java:logGet(46)) - raft.server.log.appender.buffer.element-limit = 1 (custom)
2023-08-25 08:53:48,310 [df7ffc6f-4fb9-49c9-8407-31fb6ff06550@group-82CCEDDB1BA2-LeaderElection45] INFO  server.RaftServerConfigKeys (ConfUtils.java:logGet(46)) - raft.server.log.appender.wait-time.min = 10ms (default)
2023-08-25 08:53:48,310 [df7ffc6f-4fb9-49c9-8407-31fb6ff06550@group-82CCEDDB1BA2-LeaderElection45] INFO  grpc.GrpcConfigKeys (ConfUtils.java:logGet(46)) - raft.grpc.server.leader.outstanding.appends.max = 128 (default)
2023-08-25 08:53:48,310 [df7ffc6f-4fb9-49c9-8407-31fb6ff06550@group-82CCEDDB1BA2-LeaderElection45] INFO  server.RaftServerConfigKeys (ConfUtils.java:logGet(46)) - raft.server.rpc.request.timeout = 60s (custom)
2023-08-25 08:53:48,310 [df7ffc6f-4fb9-49c9-8407-31fb6ff06550@group-82CCEDDB1BA2-LeaderElection45] INFO  grpc.GrpcConfigKeys (ConfUtils.java:logGet(46)) - raft.grpc.server.install_snapshot.request.element-limit = 8 (default)
2023-08-25 08:53:48,310 [df7ffc6f-4fb9-49c9-8407-31fb6ff06550@group-82CCEDDB1BA2-LeaderElection45] INFO  grpc.GrpcConfigKeys (ConfUtils.java:logGet(46)) - raft.grpc.server.install_snapshot.request.timeout = 3000ms (default)
2023-08-25 08:53:48,310 [df7ffc6f-4fb9-49c9-8407-31fb6ff06550@group-82CCEDDB1BA2-LeaderElection45] INFO  server.RaftServerConfigKeys (ConfUtils.java:logGet(46)) - raft.server.log.appender.install.snapshot.enabled = false (custom)
2023-08-25 08:53:48,310 [df7ffc6f-4fb9-49c9-8407-31fb6ff06550@group-82CCEDDB1BA2-LeaderElection45] INFO  grpc.GrpcConfigKeys (ConfUtils.java:logGet(46)) - raft.grpc.server.heartbeat.channel = true (default)
2023-08-25 08:53:48,311 [df7ffc6f-4fb9-49c9-8407-31fb6ff06550@group-82CCEDDB1BA2-LeaderElection45] INFO  server.RaftServerConfigKeys (ConfUtils.java:logGet(46)) - raft.server.log.appender.snapshot.chunk.size.max = 16MB (=16777216) (default)
2023-08-25 08:53:48,311 [df7ffc6f-4fb9-49c9-8407-31fb6ff06550@group-82CCEDDB1BA2-LeaderElection45] INFO  server.RaftServerConfigKeys (ConfUtils.java:logGet(46)) - raft.server.log.appender.buffer.byte-limit = 33554432 (custom)
2023-08-25 08:53:48,311 [df7ffc6f-4fb9-49c9-8407-31fb6ff06550@group-82CCEDDB1BA2-LeaderElection45] INFO  server.RaftServerConfigKeys (ConfUtils.java:logGet(46)) - raft.server.log.appender.buffer.element-limit = 1 (custom)
2023-08-25 08:53:48,311 [df7ffc6f-4fb9-49c9-8407-31fb6ff06550@group-82CCEDDB1BA2-LeaderElection45] INFO  server.RaftServerConfigKeys (ConfUtils.java:logGet(46)) - raft.server.log.appender.wait-time.min = 10ms (default)
2023-08-25 08:53:48,311 [df7ffc6f-4fb9-49c9-8407-31fb6ff06550@group-82CCEDDB1BA2-LeaderElection45] INFO  grpc.GrpcConfigKeys (ConfUtils.java:logGet(46)) - raft.grpc.server.leader.outstanding.appends.max = 128 (default)
2023-08-25 08:53:48,311 [df7ffc6f-4fb9-49c9-8407-31fb6ff06550@group-82CCEDDB1BA2-LeaderElection45] INFO  server.RaftServerConfigKeys (ConfUtils.java:logGet(46)) - raft.server.rpc.request.timeout = 60s (custom)
2023-08-25 08:53:48,311 [df7ffc6f-4fb9-49c9-8407-31fb6ff06550@group-82CCEDDB1BA2-LeaderElection45] INFO  grpc.GrpcConfigKeys (ConfUtils.java:logGet(46)) - raft.grpc.server.install_snapshot.request.element-limit = 8 (default)
2023-08-25 08:53:48,311 [df7ffc6f-4fb9-49c9-8407-31fb6ff06550@group-82CCEDDB1BA2-LeaderElection45] INFO  grpc.GrpcConfigKeys (ConfUtils.java:logGet(46)) - raft.grpc.server.install_snapshot.request.timeout = 3000ms (default)
2023-08-25 08:53:48,311 [df7ffc6f-4fb9-49c9-8407-31fb6ff06550@group-82CCEDDB1BA2-LeaderElection45] INFO  server.RaftServerConfigKeys (ConfUtils.java:logGet(46)) - raft.server.log.appender.install.snapshot.enabled = false (custom)
2023-08-25 08:53:48,311 [df7ffc6f-4fb9-49c9-8407-31fb6ff06550@group-82CCEDDB1BA2-LeaderElection45] INFO  grpc.GrpcConfigKeys (ConfUtils.java:logGet(46)) - raft.grpc.server.heartbeat.channel = true (default)
2023-08-25 08:53:48,311 [df7ffc6f-4fb9-49c9-8407-31fb6ff06550@group-82CCEDDB1BA2-LeaderElection45] INFO  impl.RoleInfo (RoleInfo.java:updateAndGet(139)) - df7ffc6f-4fb9-49c9-8407-31fb6ff06550: start df7ffc6f-4fb9-49c9-8407-31fb6ff06550@group-82CCEDDB1BA2-LeaderStateImpl
2023-08-25 08:53:48,311 [df7ffc6f-4fb9-49c9-8407-31fb6ff06550@group-82CCEDDB1BA2-LeaderElection45] INFO  segmented.SegmentedRaftLogWorker (SegmentedRaftLogWorker.java:startLogSegment(447)) - df7ffc6f-4fb9-49c9-8407-31fb6ff06550@group-82CCEDDB1BA2-SegmentedRaftLogWorker: Starting segment from index:0
2023-08-25 08:53:48,312 [EventQueue-PipelineReportForPipelineReportHandler] INFO  pipeline.PipelineReportHandler (PipelineReportHandler.java:processPipelineReport(136)) - Opened pipeline PipelineID=3be12123-4a25-4ac6-9ba2-82cceddb1ba2
2023-08-25 08:53:48,318 [df7ffc6f-4fb9-49c9-8407-31fb6ff06550@group-82CCEDDB1BA2-SegmentedRaftLogWorker] INFO  segmented.SegmentedRaftLogWorker (SegmentedRaftLogWorker.java:execute(651)) - df7ffc6f-4fb9-49c9-8407-31fb6ff06550@group-82CCEDDB1BA2-SegmentedRaftLogWorker: created new log segment /home/runner/work/ozone/ozone/hadoop-ozone/integration-test/target/test-dir/MiniOzoneClusterImpl-e692d0c4-4f9e-424f-81a0-065ebcedd1d3/datanode-2/data/ratis/3be12123-4a25-4ac6-9ba2-82cceddb1ba2/current/log_inprogress_0
2023-08-25 08:53:48,348 [df7ffc6f-4fb9-49c9-8407-31fb6ff06550@group-82CCEDDB1BA2-LeaderElection45] INFO  server.RaftServer$Division (ServerState.java:setRaftConf(434)) - df7ffc6f-4fb9-49c9-8407-31fb6ff06550@group-82CCEDDB1BA2: set configuration 0: peers:[8a274684-c774-4cfd-af69-c1a0c827c28c|rpc:10.1.0.19:15226|admin:10.1.0.19:15225|client:10.1.0.19:15224|dataStream:10.1.0.19:15227|priority:0|startupRole:FOLLOWER, df7ffc6f-4fb9-49c9-8407-31fb6ff06550|rpc:10.1.0.19:15244|admin:10.1.0.19:15243|client:10.1.0.19:15242|dataStream:10.1.0.19:15245|priority:1|startupRole:FOLLOWER, 74226a13-8718-4542-a815-a533182346c1|rpc:10.1.0.19:15235|admin:10.1.0.19:15234|client:10.1.0.19:15233|dataStream:10.1.0.19:15236|priority:0|startupRole:FOLLOWER]|listeners:[], old=null
2023-08-25 08:53:48,349 [74226a13-8718-4542-a815-a533182346c1-server-thread1] INFO  ratis.XceiverServerRatis (XceiverServerRatis.java:handleLeaderChangedNotification(902)) - Leader change notification received for group: group-82CCEDDB1BA2 with new leaderId: df7ffc6f-4fb9-49c9-8407-31fb6ff06550
2023-08-25 08:53:48,349 [74226a13-8718-4542-a815-a533182346c1-server-thread1] INFO  server.RaftServer$Division (ServerState.java:setLeader(317)) - 74226a13-8718-4542-a815-a533182346c1@group-82CCEDDB1BA2: change Leader from null to df7ffc6f-4fb9-49c9-8407-31fb6ff06550 at term 1 for appendEntries, leader elected after 5184ms
2023-08-25 08:53:48,357 [74226a13-8718-4542-a815-a533182346c1@group-2A73CCFC9CD6-FollowerState] INFO  impl.FollowerState (FollowerState.java:run(143)) - 74226a13-8718-4542-a815-a533182346c1@group-2A73CCFC9CD6-FollowerState: change to CANDIDATE, lastRpcElapsedTime:5134618509ns, electionTimeout:5133ms
2023-08-25 08:53:48,357 [74226a13-8718-4542-a815-a533182346c1@group-2A73CCFC9CD6-FollowerState] INFO  impl.RoleInfo (RoleInfo.java:shutdownFollowerState(110)) - 74226a13-8718-4542-a815-a533182346c1: shutdown 74226a13-8718-4542-a815-a533182346c1@group-2A73CCFC9CD6-FollowerState
2023-08-25 08:53:48,357 [74226a13-8718-4542-a815-a533182346c1@group-2A73CCFC9CD6-FollowerState] INFO  server.RaftServer$Division (RaftServerImpl.java:setRole(329)) - 74226a13-8718-4542-a815-a533182346c1@group-2A73CCFC9CD6: changes role from  FOLLOWER to CANDIDATE at term 0 for changeToCandidate
2023-08-25 08:53:48,357 [74226a13-8718-4542-a815-a533182346c1@group-2A73CCFC9CD6-FollowerState] INFO  server.RaftServerConfigKeys (ConfUtils.java:logGet(46)) - raft.server.leaderelection.pre-vote = true (default)
2023-08-25 08:53:48,357 [74226a13-8718-4542-a815-a533182346c1@group-2A73CCFC9CD6-FollowerState] INFO  impl.RoleInfo (RoleInfo.java:updateAndGet(139)) - 74226a13-8718-4542-a815-a533182346c1: start 74226a13-8718-4542-a815-a533182346c1@group-2A73CCFC9CD6-LeaderElection46
2023-08-25 08:53:48,360 [8a274684-c774-4cfd-af69-c1a0c827c28c-server-thread1] INFO  ratis.XceiverServerRatis (XceiverServerRatis.java:handleLeaderChangedNotification(902)) - Leader change notification received for group: group-82CCEDDB1BA2 with new leaderId: df7ffc6f-4fb9-49c9-8407-31fb6ff06550
2023-08-25 08:53:48,360 [8a274684-c774-4cfd-af69-c1a0c827c28c-server-thread1] INFO  server.RaftServer$Division (ServerState.java:setLeader(317)) - 8a274684-c774-4cfd-af69-c1a0c827c28c@group-82CCEDDB1BA2: change Leader from null to df7ffc6f-4fb9-49c9-8407-31fb6ff06550 at term 1 for appendEntries, leader elected after 5348ms
2023-08-25 08:53:48,361 [74226a13-8718-4542-a815-a533182346c1@group-2A73CCFC9CD6-LeaderElection46] INFO  impl.LeaderElection (LeaderElection.java:askForVotes(321)) - 74226a13-8718-4542-a815-a533182346c1@group-2A73CCFC9CD6-LeaderElection46 PRE_VOTE round 0: submit vote requests at term 0 for -1: peers:[74226a13-8718-4542-a815-a533182346c1|rpc:10.1.0.19:15235|admin:10.1.0.19:15234|client:10.1.0.19:15233|dataStream:10.1.0.19:15236|priority:1|startupRole:FOLLOWER]|listeners:[], old=null
2023-08-25 08:53:48,361 [74226a13-8718-4542-a815-a533182346c1-server-thread2] INFO  server.RaftServer$Division (ServerState.java:setRaftConf(434)) - 74226a13-8718-4542-a815-a533182346c1@group-82CCEDDB1BA2: set configuration 0: peers:[8a274684-c774-4cfd-af69-c1a0c827c28c|rpc:10.1.0.19:15226|admin:10.1.0.19:15225|client:10.1.0.19:15224|dataStream:10.1.0.19:15227|priority:0|startupRole:FOLLOWER, df7ffc6f-4fb9-49c9-8407-31fb6ff06550|rpc:10.1.0.19:15244|admin:10.1.0.19:15243|client:10.1.0.19:15242|dataStream:10.1.0.19:15245|priority:1|startupRole:FOLLOWER, 74226a13-8718-4542-a815-a533182346c1|rpc:10.1.0.19:15235|admin:10.1.0.19:15234|client:10.1.0.19:15233|dataStream:10.1.0.19:15236|priority:0|startupRole:FOLLOWER]|listeners:[], old=null
2023-08-25 08:53:48,361 [74226a13-8718-4542-a815-a533182346c1@group-2A73CCFC9CD6-LeaderElection46] INFO  impl.LeaderElection (LeaderElection.java:askForVotes(323)) - 74226a13-8718-4542-a815-a533182346c1@group-2A73CCFC9CD6-LeaderElection46 PRE_VOTE round 0: result PASSED (term=0)
2023-08-25 08:53:48,361 [74226a13-8718-4542-a815-a533182346c1-server-thread2] INFO  segmented.SegmentedRaftLogWorker (SegmentedRaftLogWorker.java:startLogSegment(447)) - 74226a13-8718-4542-a815-a533182346c1@group-82CCEDDB1BA2-SegmentedRaftLogWorker: Starting segment from index:0
2023-08-25 08:53:48,364 [74226a13-8718-4542-a815-a533182346c1@group-82CCEDDB1BA2-SegmentedRaftLogWorker] INFO  segmented.SegmentedRaftLogWorker (SegmentedRaftLogWorker.java:execute(651)) - 74226a13-8718-4542-a815-a533182346c1@group-82CCEDDB1BA2-SegmentedRaftLogWorker: created new log segment /home/runner/work/ozone/ozone/hadoop-ozone/integration-test/target/test-dir/MiniOzoneClusterImpl-e692d0c4-4f9e-424f-81a0-065ebcedd1d3/datanode-1/data/ratis/3be12123-4a25-4ac6-9ba2-82cceddb1ba2/current/log_inprogress_0
2023-08-25 08:53:48,367 [8a274684-c774-4cfd-af69-c1a0c827c28c-server-thread1] INFO  server.RaftServer$Division (ServerState.java:setRaftConf(434)) - 8a274684-c774-4cfd-af69-c1a0c827c28c@group-82CCEDDB1BA2: set configuration 0: peers:[8a274684-c774-4cfd-af69-c1a0c827c28c|rpc:10.1.0.19:15226|admin:10.1.0.19:15225|client:10.1.0.19:15224|dataStream:10.1.0.19:15227|priority:0|startupRole:FOLLOWER, df7ffc6f-4fb9-49c9-8407-31fb6ff06550|rpc:10.1.0.19:15244|admin:10.1.0.19:15243|client:10.1.0.19:15242|dataStream:10.1.0.19:15245|priority:1|startupRole:FOLLOWER, 74226a13-8718-4542-a815-a533182346c1|rpc:10.1.0.19:15235|admin:10.1.0.19:15234|client:10.1.0.19:15233|dataStream:10.1.0.19:15236|priority:0|startupRole:FOLLOWER]|listeners:[], old=null
2023-08-25 08:53:48,367 [8a274684-c774-4cfd-af69-c1a0c827c28c-server-thread1] INFO  segmented.SegmentedRaftLogWorker (SegmentedRaftLogWorker.java:startLogSegment(447)) - 8a274684-c774-4cfd-af69-c1a0c827c28c@group-82CCEDDB1BA2-SegmentedRaftLogWorker: Starting segment from index:0
2023-08-25 08:53:48,370 [8a274684-c774-4cfd-af69-c1a0c827c28c@group-82CCEDDB1BA2-SegmentedRaftLogWorker] INFO  segmented.SegmentedRaftLogWorker (SegmentedRaftLogWorker.java:execute(651)) - 8a274684-c774-4cfd-af69-c1a0c827c28c@group-82CCEDDB1BA2-SegmentedRaftLogWorker: created new log segment /home/runner/work/ozone/ozone/hadoop-ozone/integration-test/target/test-dir/MiniOzoneClusterImpl-e692d0c4-4f9e-424f-81a0-065ebcedd1d3/datanode-0/data/ratis/3be12123-4a25-4ac6-9ba2-82cceddb1ba2/current/log_inprogress_0
2023-08-25 08:53:48,380 [74226a13-8718-4542-a815-a533182346c1@group-2A73CCFC9CD6-LeaderElection46] INFO  impl.LeaderElection (LeaderElection.java:askForVotes(321)) - 74226a13-8718-4542-a815-a533182346c1@group-2A73CCFC9CD6-LeaderElection46 ELECTION round 0: submit vote requests at term 1 for -1: peers:[74226a13-8718-4542-a815-a533182346c1|rpc:10.1.0.19:15235|admin:10.1.0.19:15234|client:10.1.0.19:15233|dataStream:10.1.0.19:15236|priority:1|startupRole:FOLLOWER]|listeners:[], old=null
2023-08-25 08:53:48,380 [74226a13-8718-4542-a815-a533182346c1@group-2A73CCFC9CD6-LeaderElection46] INFO  impl.LeaderElection (LeaderElection.java:askForVotes(323)) - 74226a13-8718-4542-a815-a533182346c1@group-2A73CCFC9CD6-LeaderElection46 ELECTION round 0: result PASSED (term=1)
2023-08-25 08:53:48,380 [74226a13-8718-4542-a815-a533182346c1@group-2A73CCFC9CD6-LeaderElection46] INFO  impl.RoleInfo (RoleInfo.java:shutdownLeaderElection(130)) - 74226a13-8718-4542-a815-a533182346c1: shutdown 74226a13-8718-4542-a815-a533182346c1@group-2A73CCFC9CD6-LeaderElection46
2023-08-25 08:53:48,380 [74226a13-8718-4542-a815-a533182346c1@group-2A73CCFC9CD6-LeaderElection46] INFO  server.RaftServer$Division (RaftServerImpl.java:setRole(329)) - 74226a13-8718-4542-a815-a533182346c1@group-2A73CCFC9CD6: changes role from CANDIDATE to LEADER at term 1 for changeToLeader
2023-08-25 08:53:48,380 [74226a13-8718-4542-a815-a533182346c1@group-2A73CCFC9CD6-LeaderElection46] INFO  ratis.XceiverServerRatis (XceiverServerRatis.java:handleLeaderChangedNotification(902)) - Leader change notification received for group: group-2A73CCFC9CD6 with new leaderId: 74226a13-8718-4542-a815-a533182346c1
2023-08-25 08:53:48,381 [74226a13-8718-4542-a815-a533182346c1@group-2A73CCFC9CD6-LeaderElection46] INFO  server.RaftServer$Division (ServerState.java:setLeader(317)) - 74226a13-8718-4542-a815-a533182346c1@group-2A73CCFC9CD6: change Leader from null to 74226a13-8718-4542-a815-a533182346c1 at term 1 for becomeLeader, leader elected after 5171ms
2023-08-25 08:53:48,381 [74226a13-8718-4542-a815-a533182346c1@group-2A73CCFC9CD6-LeaderElection46] INFO  server.RaftServerConfigKeys (ConfUtils.java:logGet(46)) - raft.server.staging.catchup.gap = 1000 (default)
2023-08-25 08:53:48,381 [74226a13-8718-4542-a815-a533182346c1@group-2A73CCFC9CD6-LeaderElection46] INFO  server.RaftServerConfigKeys (ConfUtils.java:logGet(46)) - raft.server.write.element-limit = 1024 (custom)
2023-08-25 08:53:48,383 [74226a13-8718-4542-a815-a533182346c1@group-2A73CCFC9CD6-LeaderElection46] INFO  server.RaftServerConfigKeys (ConfUtils.java:logGet(46)) - raft.server.write.byte-limit = 1024 M (=1073741824) (custom)
2023-08-25 08:53:48,383 [74226a13-8718-4542-a815-a533182346c1@group-2A73CCFC9CD6-LeaderElection46] INFO  server.RaftServerConfigKeys (ConfUtils.java:logGet(46)) - raft.server.watch.timeout = 180s (custom)
2023-08-25 08:53:48,383 [74226a13-8718-4542-a815-a533182346c1@group-2A73CCFC9CD6-LeaderElection46] INFO  server.RaftServerConfigKeys (ConfUtils.java:logGet(46)) - raft.server.watch.timeout.denomination = 1s (default)
2023-08-25 08:53:48,383 [74226a13-8718-4542-a815-a533182346c1@group-2A73CCFC9CD6-LeaderElection46] INFO  server.RaftServerConfigKeys (ConfUtils.java:logGet(46)) - raft.server.watch.element-limit = 65536 (default)
2023-08-25 08:53:48,383 [74226a13-8718-4542-a815-a533182346c1@group-2A73CCFC9CD6-LeaderElection46] INFO  server.RaftServerConfigKeys (ConfUtils.java:logGet(46)) - raft.server.write.element-limit = 1024 (custom)
2023-08-25 08:53:48,383 [74226a13-8718-4542-a815-a533182346c1@group-2A73CCFC9CD6-LeaderElection46] INFO  server.RaftServerConfigKeys (ConfUtils.java:logGet(46)) - raft.server.write.follower.gap.ratio.max = -1.0 (default)
2023-08-25 08:53:48,383 [74226a13-8718-4542-a815-a533182346c1@group-2A73CCFC9CD6-LeaderElection46] INFO  impl.RoleInfo (RoleInfo.java:updateAndGet(139)) - 74226a13-8718-4542-a815-a533182346c1: start 74226a13-8718-4542-a815-a533182346c1@group-2A73CCFC9CD6-LeaderStateImpl
2023-08-25 08:53:48,384 [74226a13-8718-4542-a815-a533182346c1@group-2A73CCFC9CD6-LeaderElection46] INFO  segmented.SegmentedRaftLogWorker (SegmentedRaftLogWorker.java:startLogSegment(447)) - 74226a13-8718-4542-a815-a533182346c1@group-2A73CCFC9CD6-SegmentedRaftLogWorker: Starting segment from index:0
2023-08-25 08:53:48,386 [74226a13-8718-4542-a815-a533182346c1@group-2A73CCFC9CD6-SegmentedRaftLogWorker] INFO  segmented.SegmentedRaftLogWorker (SegmentedRaftLogWorker.java:execute(651)) - 74226a13-8718-4542-a815-a533182346c1@group-2A73CCFC9CD6-SegmentedRaftLogWorker: created new log segment /home/runner/work/ozone/ozone/hadoop-ozone/integration-test/target/test-dir/MiniOzoneClusterImpl-e692d0c4-4f9e-424f-81a0-065ebcedd1d3/datanode-1/data/ratis/d1e76142-2a64-475a-ad66-2a73ccfc9cd6/current/log_inprogress_0
2023-08-25 08:53:48,386 [74226a13-8718-4542-a815-a533182346c1@group-2A73CCFC9CD6-LeaderElection46] INFO  server.RaftServer$Division (ServerState.java:setRaftConf(434)) - 74226a13-8718-4542-a815-a533182346c1@group-2A73CCFC9CD6: set configuration 0: peers:[74226a13-8718-4542-a815-a533182346c1|rpc:10.1.0.19:15235|admin:10.1.0.19:15234|client:10.1.0.19:15233|dataStream:10.1.0.19:15236|priority:1|startupRole:FOLLOWER]|listeners:[], old=null
2023-08-25 08:53:48,596 [ReplicationMonitor] INFO  replication.ReplicationManager (ReplicationManager.java:processAll(361)) - Replication Manager is not ready to run until 3000ms after safemode exit
2023-08-25 08:53:48,704 [df7ffc6f-4fb9-49c9-8407-31fb6ff06550@group-06080C8F0FE5-FollowerState] INFO  impl.FollowerState (FollowerState.java:run(143)) - df7ffc6f-4fb9-49c9-8407-31fb6ff06550@group-06080C8F0FE5-FollowerState: change to CANDIDATE, lastRpcElapsedTime:5155040351ns, electionTimeout:5154ms
2023-08-25 08:53:48,704 [df7ffc6f-4fb9-49c9-8407-31fb6ff06550@group-06080C8F0FE5-FollowerState] INFO  impl.RoleInfo (RoleInfo.java:shutdownFollowerState(110)) - df7ffc6f-4fb9-49c9-8407-31fb6ff06550: shutdown df7ffc6f-4fb9-49c9-8407-31fb6ff06550@group-06080C8F0FE5-FollowerState
2023-08-25 08:53:48,704 [df7ffc6f-4fb9-49c9-8407-31fb6ff06550@group-06080C8F0FE5-FollowerState] INFO  server.RaftServer$Division (RaftServerImpl.java:setRole(329)) - df7ffc6f-4fb9-49c9-8407-31fb6ff06550@group-06080C8F0FE5: changes role from  FOLLOWER to CANDIDATE at term 0 for changeToCandidate
2023-08-25 08:53:48,704 [df7ffc6f-4fb9-49c9-8407-31fb6ff06550@group-06080C8F0FE5-FollowerState] INFO  server.RaftServerConfigKeys (ConfUtils.java:logGet(46)) - raft.server.leaderelection.pre-vote = true (default)
2023-08-25 08:53:48,704 [df7ffc6f-4fb9-49c9-8407-31fb6ff06550@group-06080C8F0FE5-FollowerState] INFO  impl.RoleInfo (RoleInfo.java:updateAndGet(139)) - df7ffc6f-4fb9-49c9-8407-31fb6ff06550: start df7ffc6f-4fb9-49c9-8407-31fb6ff06550@group-06080C8F0FE5-LeaderElection47
2023-08-25 08:53:48,707 [df7ffc6f-4fb9-49c9-8407-31fb6ff06550@group-06080C8F0FE5-LeaderElection47] INFO  impl.LeaderElection (LeaderElection.java:askForVotes(321)) - df7ffc6f-4fb9-49c9-8407-31fb6ff06550@group-06080C8F0FE5-LeaderElection47 PRE_VOTE round 0: submit vote requests at term 0 for -1: peers:[df7ffc6f-4fb9-49c9-8407-31fb6ff06550|rpc:10.1.0.19:15244|admin:10.1.0.19:15243|client:10.1.0.19:15242|dataStream:10.1.0.19:15245|priority:1|startupRole:FOLLOWER]|listeners:[], old=null
2023-08-25 08:53:48,707 [df7ffc6f-4fb9-49c9-8407-31fb6ff06550@group-06080C8F0FE5-LeaderElection47] INFO  impl.LeaderElection (LeaderElection.java:askForVotes(323)) - df7ffc6f-4fb9-49c9-8407-31fb6ff06550@group-06080C8F0FE5-LeaderElection47 PRE_VOTE round 0: result PASSED (term=0)
2023-08-25 08:53:48,709 [df7ffc6f-4fb9-49c9-8407-31fb6ff06550@group-06080C8F0FE5-LeaderElection47] INFO  impl.LeaderElection (LeaderElection.java:askForVotes(321)) - df7ffc6f-4fb9-49c9-8407-31fb6ff06550@group-06080C8F0FE5-LeaderElection47 ELECTION round 0: submit vote requests at term 1 for -1: peers:[df7ffc6f-4fb9-49c9-8407-31fb6ff06550|rpc:10.1.0.19:15244|admin:10.1.0.19:15243|client:10.1.0.19:15242|dataStream:10.1.0.19:15245|priority:1|startupRole:FOLLOWER]|listeners:[], old=null
2023-08-25 08:53:48,709 [df7ffc6f-4fb9-49c9-8407-31fb6ff06550@group-06080C8F0FE5-LeaderElection47] INFO  impl.LeaderElection (LeaderElection.java:askForVotes(323)) - df7ffc6f-4fb9-49c9-8407-31fb6ff06550@group-06080C8F0FE5-LeaderElection47 ELECTION round 0: result PASSED (term=1)
2023-08-25 08:53:48,709 [df7ffc6f-4fb9-49c9-8407-31fb6ff06550@group-06080C8F0FE5-LeaderElection47] INFO  impl.RoleInfo (RoleInfo.java:shutdownLeaderElection(130)) - df7ffc6f-4fb9-49c9-8407-31fb6ff06550: shutdown df7ffc6f-4fb9-49c9-8407-31fb6ff06550@group-06080C8F0FE5-LeaderElection47
2023-08-25 08:53:48,709 [df7ffc6f-4fb9-49c9-8407-31fb6ff06550@group-06080C8F0FE5-LeaderElection47] INFO  server.RaftServer$Division (RaftServerImpl.java:setRole(329)) - df7ffc6f-4fb9-49c9-8407-31fb6ff06550@group-06080C8F0FE5: changes role from CANDIDATE to LEADER at term 1 for changeToLeader
2023-08-25 08:53:48,709 [df7ffc6f-4fb9-49c9-8407-31fb6ff06550@group-06080C8F0FE5-LeaderElection47] INFO  ratis.XceiverServerRatis (XceiverServerRatis.java:handleLeaderChangedNotification(902)) - Leader change notification received for group: group-06080C8F0FE5 with new leaderId: df7ffc6f-4fb9-49c9-8407-31fb6ff06550
2023-08-25 08:53:48,709 [df7ffc6f-4fb9-49c9-8407-31fb6ff06550@group-06080C8F0FE5-LeaderElection47] INFO  server.RaftServer$Division (ServerState.java:setLeader(317)) - df7ffc6f-4fb9-49c9-8407-31fb6ff06550@group-06080C8F0FE5: change Leader from null to df7ffc6f-4fb9-49c9-8407-31fb6ff06550 at term 1 for becomeLeader, leader elected after 5175ms
2023-08-25 08:53:48,709 [df7ffc6f-4fb9-49c9-8407-31fb6ff06550@group-06080C8F0FE5-LeaderElection47] INFO  server.RaftServerConfigKeys (ConfUtils.java:logGet(46)) - raft.server.staging.catchup.gap = 1000 (default)
2023-08-25 08:53:48,710 [df7ffc6f-4fb9-49c9-8407-31fb6ff06550@group-06080C8F0FE5-LeaderElection47] INFO  server.RaftServerConfigKeys (ConfUtils.java:logGet(46)) - raft.server.write.element-limit = 1024 (custom)
2023-08-25 08:53:48,711 [df7ffc6f-4fb9-49c9-8407-31fb6ff06550@group-06080C8F0FE5-LeaderElection47] INFO  server.RaftServerConfigKeys (ConfUtils.java:logGet(46)) - raft.server.write.byte-limit = 1024 M (=1073741824) (custom)
2023-08-25 08:53:48,711 [df7ffc6f-4fb9-49c9-8407-31fb6ff06550@group-06080C8F0FE5-LeaderElection47] INFO  server.RaftServerConfigKeys (ConfUtils.java:logGet(46)) - raft.server.watch.timeout = 180s (custom)
2023-08-25 08:53:48,711 [df7ffc6f-4fb9-49c9-8407-31fb6ff06550@group-06080C8F0FE5-LeaderElection47] INFO  server.RaftServerConfigKeys (ConfUtils.java:logGet(46)) - raft.server.watch.timeout.denomination = 1s (default)
2023-08-25 08:53:48,711 [df7ffc6f-4fb9-49c9-8407-31fb6ff06550@group-06080C8F0FE5-LeaderElection47] INFO  server.RaftServerConfigKeys (ConfUtils.java:logGet(46)) - raft.server.watch.element-limit = 65536 (default)
2023-08-25 08:53:48,712 [df7ffc6f-4fb9-49c9-8407-31fb6ff06550@group-06080C8F0FE5-LeaderElection47] INFO  server.RaftServerConfigKeys (ConfUtils.java:logGet(46)) - raft.server.write.element-limit = 1024 (custom)
2023-08-25 08:53:48,712 [df7ffc6f-4fb9-49c9-8407-31fb6ff06550@group-06080C8F0FE5-LeaderElection47] INFO  server.RaftServerConfigKeys (ConfUtils.java:logGet(46)) - raft.server.write.follower.gap.ratio.max = -1.0 (default)
2023-08-25 08:53:48,712 [df7ffc6f-4fb9-49c9-8407-31fb6ff06550@group-06080C8F0FE5-LeaderElection47] INFO  impl.RoleInfo (RoleInfo.java:updateAndGet(139)) - df7ffc6f-4fb9-49c9-8407-31fb6ff06550: start df7ffc6f-4fb9-49c9-8407-31fb6ff06550@group-06080C8F0FE5-LeaderStateImpl
2023-08-25 08:53:48,712 [df7ffc6f-4fb9-49c9-8407-31fb6ff06550@group-06080C8F0FE5-LeaderElection47] INFO  segmented.SegmentedRaftLogWorker (SegmentedRaftLogWorker.java:startLogSegment(447)) - df7ffc6f-4fb9-49c9-8407-31fb6ff06550@group-06080C8F0FE5-SegmentedRaftLogWorker: Starting segment from index:0
2023-08-25 08:53:48,714 [df7ffc6f-4fb9-49c9-8407-31fb6ff06550@group-06080C8F0FE5-LeaderElection47] INFO  server.RaftServer$Division (ServerState.java:setRaftConf(434)) - df7ffc6f-4fb9-49c9-8407-31fb6ff06550@group-06080C8F0FE5: set configuration 0: peers:[df7ffc6f-4fb9-49c9-8407-31fb6ff06550|rpc:10.1.0.19:15244|admin:10.1.0.19:15243|client:10.1.0.19:15242|dataStream:10.1.0.19:15245|priority:1|startupRole:FOLLOWER]|listeners:[], old=null
2023-08-25 08:53:48,714 [df7ffc6f-4fb9-49c9-8407-31fb6ff06550@group-06080C8F0FE5-SegmentedRaftLogWorker] INFO  segmented.SegmentedRaftLogWorker (SegmentedRaftLogWorker.java:execute(651)) - df7ffc6f-4fb9-49c9-8407-31fb6ff06550@group-06080C8F0FE5-SegmentedRaftLogWorker: created new log segment /home/runner/work/ozone/ozone/hadoop-ozone/integration-test/target/test-dir/MiniOzoneClusterImpl-e692d0c4-4f9e-424f-81a0-065ebcedd1d3/datanode-2/data/ratis/d0f0bb9b-95a1-4130-9d56-06080c8f0fe5/current/log_inprogress_0
2023-08-25 08:53:48,957 [569111f9-f690-469e-b38a-962cff482c01@group-BE534C1CC4E8-FollowerState] INFO  impl.FollowerState (FollowerState.java:run(143)) - 569111f9-f690-469e-b38a-962cff482c01@group-BE534C1CC4E8-FollowerState: change to CANDIDATE, lastRpcElapsedTime:5089598491ns, electionTimeout:5089ms
2023-08-25 08:53:48,957 [569111f9-f690-469e-b38a-962cff482c01@group-BE534C1CC4E8-FollowerState] INFO  impl.RoleInfo (RoleInfo.java:shutdownFollowerState(110)) - 569111f9-f690-469e-b38a-962cff482c01: shutdown 569111f9-f690-469e-b38a-962cff482c01@group-BE534C1CC4E8-FollowerState
2023-08-25 08:53:48,957 [569111f9-f690-469e-b38a-962cff482c01@group-BE534C1CC4E8-FollowerState] INFO  server.RaftServer$Division (RaftServerImpl.java:setRole(329)) - 569111f9-f690-469e-b38a-962cff482c01@group-BE534C1CC4E8: changes role from  FOLLOWER to CANDIDATE at term 0 for changeToCandidate
2023-08-25 08:53:48,957 [569111f9-f690-469e-b38a-962cff482c01@group-BE534C1CC4E8-FollowerState] INFO  server.RaftServerConfigKeys (ConfUtils.java:logGet(46)) - raft.server.leaderelection.pre-vote = true (default)
2023-08-25 08:53:48,958 [569111f9-f690-469e-b38a-962cff482c01@group-BE534C1CC4E8-FollowerState] INFO  impl.RoleInfo (RoleInfo.java:updateAndGet(139)) - 569111f9-f690-469e-b38a-962cff482c01: start 569111f9-f690-469e-b38a-962cff482c01@group-BE534C1CC4E8-LeaderElection48
2023-08-25 08:53:48,961 [569111f9-f690-469e-b38a-962cff482c01@group-BE534C1CC4E8-LeaderElection48] INFO  impl.LeaderElection (LeaderElection.java:askForVotes(321)) - 569111f9-f690-469e-b38a-962cff482c01@group-BE534C1CC4E8-LeaderElection48 PRE_VOTE round 0: submit vote requests at term 0 for -1: peers:[569111f9-f690-469e-b38a-962cff482c01|rpc:10.1.0.19:15253|admin:10.1.0.19:15252|client:10.1.0.19:15251|dataStream:10.1.0.19:15254|priority:1|startupRole:FOLLOWER]|listeners:[], old=null
2023-08-25 08:53:48,961 [569111f9-f690-469e-b38a-962cff482c01@group-BE534C1CC4E8-LeaderElection48] INFO  impl.LeaderElection (LeaderElection.java:askForVotes(323)) - 569111f9-f690-469e-b38a-962cff482c01@group-BE534C1CC4E8-LeaderElection48 PRE_VOTE round 0: result PASSED (term=0)
2023-08-25 08:53:48,963 [569111f9-f690-469e-b38a-962cff482c01@group-BE534C1CC4E8-LeaderElection48] INFO  impl.LeaderElection (LeaderElection.java:askForVotes(321)) - 569111f9-f690-469e-b38a-962cff482c01@group-BE534C1CC4E8-LeaderElection48 ELECTION round 0: submit vote requests at term 1 for -1: peers:[569111f9-f690-469e-b38a-962cff482c01|rpc:10.1.0.19:15253|admin:10.1.0.19:15252|client:10.1.0.19:15251|dataStream:10.1.0.19:15254|priority:1|startupRole:FOLLOWER]|listeners:[], old=null
2023-08-25 08:53:48,963 [569111f9-f690-469e-b38a-962cff482c01@group-BE534C1CC4E8-LeaderElection48] INFO  impl.LeaderElection (LeaderElection.java:askForVotes(323)) - 569111f9-f690-469e-b38a-962cff482c01@group-BE534C1CC4E8-LeaderElection48 ELECTION round 0: result PASSED (term=1)
2023-08-25 08:53:48,963 [569111f9-f690-469e-b38a-962cff482c01@group-BE534C1CC4E8-LeaderElection48] INFO  impl.RoleInfo (RoleInfo.java:shutdownLeaderElection(130)) - 569111f9-f690-469e-b38a-962cff482c01: shutdown 569111f9-f690-469e-b38a-962cff482c01@group-BE534C1CC4E8-LeaderElection48
2023-08-25 08:53:48,963 [569111f9-f690-469e-b38a-962cff482c01@group-BE534C1CC4E8-LeaderElection48] INFO  server.RaftServer$Division (RaftServerImpl.java:setRole(329)) - 569111f9-f690-469e-b38a-962cff482c01@group-BE534C1CC4E8: changes role from CANDIDATE to LEADER at term 1 for changeToLeader
2023-08-25 08:53:48,963 [569111f9-f690-469e-b38a-962cff482c01@group-BE534C1CC4E8-LeaderElection48] INFO  ratis.XceiverServerRatis (XceiverServerRatis.java:handleLeaderChangedNotification(902)) - Leader change notification received for group: group-BE534C1CC4E8 with new leaderId: 569111f9-f690-469e-b38a-962cff482c01
2023-08-25 08:53:48,964 [569111f9-f690-469e-b38a-962cff482c01@group-BE534C1CC4E8-LeaderElection48] INFO  server.RaftServer$Division (ServerState.java:setLeader(317)) - 569111f9-f690-469e-b38a-962cff482c01@group-BE534C1CC4E8: change Leader from null to 569111f9-f690-469e-b38a-962cff482c01 at term 1 for becomeLeader, leader elected after 5110ms
2023-08-25 08:53:48,964 [569111f9-f690-469e-b38a-962cff482c01@group-BE534C1CC4E8-LeaderElection48] INFO  server.RaftServerConfigKeys (ConfUtils.java:logGet(46)) - raft.server.staging.catchup.gap = 1000 (default)
2023-08-25 08:53:48,964 [569111f9-f690-469e-b38a-962cff482c01@group-BE534C1CC4E8-LeaderElection48] INFO  server.RaftServerConfigKeys (ConfUtils.java:logGet(46)) - raft.server.write.element-limit = 1024 (custom)
2023-08-25 08:53:48,964 [569111f9-f690-469e-b38a-962cff482c01@group-BE534C1CC4E8-LeaderElection48] INFO  server.RaftServerConfigKeys (ConfUtils.java:logGet(46)) - raft.server.write.byte-limit = 1024 M (=1073741824) (custom)
2023-08-25 08:53:48,964 [569111f9-f690-469e-b38a-962cff482c01@group-BE534C1CC4E8-LeaderElection48] INFO  server.RaftServerConfigKeys (ConfUtils.java:logGet(46)) - raft.server.watch.timeout = 180s (custom)
2023-08-25 08:53:48,964 [569111f9-f690-469e-b38a-962cff482c01@group-BE534C1CC4E8-LeaderElection48] INFO  server.RaftServerConfigKeys (ConfUtils.java:logGet(46)) - raft.server.watch.timeout.denomination = 1s (default)
2023-08-25 08:53:48,965 [569111f9-f690-469e-b38a-962cff482c01@group-BE534C1CC4E8-LeaderElection48] INFO  server.RaftServerConfigKeys (ConfUtils.java:logGet(46)) - raft.server.watch.element-limit = 65536 (default)
2023-08-25 08:53:48,965 [569111f9-f690-469e-b38a-962cff482c01@group-BE534C1CC4E8-LeaderElection48] INFO  server.RaftServerConfigKeys (ConfUtils.java:logGet(46)) - raft.server.write.element-limit = 1024 (custom)
2023-08-25 08:53:48,965 [569111f9-f690-469e-b38a-962cff482c01@group-BE534C1CC4E8-LeaderElection48] INFO  server.RaftServerConfigKeys (ConfUtils.java:logGet(46)) - raft.server.write.follower.gap.ratio.max = -1.0 (default)
2023-08-25 08:53:48,965 [569111f9-f690-469e-b38a-962cff482c01@group-BE534C1CC4E8-LeaderElection48] INFO  impl.RoleInfo (RoleInfo.java:updateAndGet(139)) - 569111f9-f690-469e-b38a-962cff482c01: start 569111f9-f690-469e-b38a-962cff482c01@group-BE534C1CC4E8-LeaderStateImpl
2023-08-25 08:53:48,965 [569111f9-f690-469e-b38a-962cff482c01@group-BE534C1CC4E8-LeaderElection48] INFO  segmented.SegmentedRaftLogWorker (SegmentedRaftLogWorker.java:startLogSegment(447)) - 569111f9-f690-469e-b38a-962cff482c01@group-BE534C1CC4E8-SegmentedRaftLogWorker: Starting segment from index:0
2023-08-25 08:53:48,969 [569111f9-f690-469e-b38a-962cff482c01@group-BE534C1CC4E8-SegmentedRaftLogWorker] INFO  segmented.SegmentedRaftLogWorker (SegmentedRaftLogWorker.java:execute(651)) - 569111f9-f690-469e-b38a-962cff482c01@group-BE534C1CC4E8-SegmentedRaftLogWorker: created new log segment /home/runner/work/ozone/ozone/hadoop-ozone/integration-test/target/test-dir/MiniOzoneClusterImpl-e692d0c4-4f9e-424f-81a0-065ebcedd1d3/datanode-3/data/ratis/cf46c635-3e5a-41f6-a493-be534c1cc4e8/current/log_inprogress_0
2023-08-25 08:53:48,970 [569111f9-f690-469e-b38a-962cff482c01@group-BE534C1CC4E8-LeaderElection48] INFO  server.RaftServer$Division (ServerState.java:setRaftConf(434)) - 569111f9-f690-469e-b38a-962cff482c01@group-BE534C1CC4E8: set configuration 0: peers:[569111f9-f690-469e-b38a-962cff482c01|rpc:10.1.0.19:15253|admin:10.1.0.19:15252|client:10.1.0.19:15251|dataStream:10.1.0.19:15254|priority:1|startupRole:FOLLOWER]|listeners:[], old=null
2023-08-25 08:53:49,382 [fe50a787-6632-4d4b-966e-2aa891a7aebb@group-CFB85F524D5A-FollowerState] INFO  impl.FollowerState (FollowerState.java:run(143)) - fe50a787-6632-4d4b-966e-2aa891a7aebb@group-CFB85F524D5A-FollowerState: change to CANDIDATE, lastRpcElapsedTime:5192626453ns, electionTimeout:5192ms
2023-08-25 08:53:49,382 [fe50a787-6632-4d4b-966e-2aa891a7aebb@group-CFB85F524D5A-FollowerState] INFO  impl.RoleInfo (RoleInfo.java:shutdownFollowerState(110)) - fe50a787-6632-4d4b-966e-2aa891a7aebb: shutdown fe50a787-6632-4d4b-966e-2aa891a7aebb@group-CFB85F524D5A-FollowerState
2023-08-25 08:53:49,382 [fe50a787-6632-4d4b-966e-2aa891a7aebb@group-CFB85F524D5A-FollowerState] INFO  server.RaftServer$Division (RaftServerImpl.java:setRole(329)) - fe50a787-6632-4d4b-966e-2aa891a7aebb@group-CFB85F524D5A: changes role from  FOLLOWER to CANDIDATE at term 0 for changeToCandidate
2023-08-25 08:53:49,382 [fe50a787-6632-4d4b-966e-2aa891a7aebb@group-CFB85F524D5A-FollowerState] INFO  server.RaftServerConfigKeys (ConfUtils.java:logGet(46)) - raft.server.leaderelection.pre-vote = true (default)
2023-08-25 08:53:49,382 [fe50a787-6632-4d4b-966e-2aa891a7aebb@group-CFB85F524D5A-FollowerState] INFO  impl.RoleInfo (RoleInfo.java:updateAndGet(139)) - fe50a787-6632-4d4b-966e-2aa891a7aebb: start fe50a787-6632-4d4b-966e-2aa891a7aebb@group-CFB85F524D5A-LeaderElection49
2023-08-25 08:53:49,386 [fe50a787-6632-4d4b-966e-2aa891a7aebb@group-CFB85F524D5A-LeaderElection49] INFO  impl.LeaderElection (LeaderElection.java:askForVotes(321)) - fe50a787-6632-4d4b-966e-2aa891a7aebb@group-CFB85F524D5A-LeaderElection49 PRE_VOTE round 0: submit vote requests at term 0 for -1: peers:[fe50a787-6632-4d4b-966e-2aa891a7aebb|rpc:10.1.0.19:15262|admin:10.1.0.19:15261|client:10.1.0.19:15260|dataStream:10.1.0.19:15263|priority:1|startupRole:FOLLOWER]|listeners:[], old=null
2023-08-25 08:53:49,386 [fe50a787-6632-4d4b-966e-2aa891a7aebb@group-CFB85F524D5A-LeaderElection49] INFO  impl.LeaderElection (LeaderElection.java:askForVotes(323)) - fe50a787-6632-4d4b-966e-2aa891a7aebb@group-CFB85F524D5A-LeaderElection49 PRE_VOTE round 0: result PASSED (term=0)
2023-08-25 08:53:49,387 [fe50a787-6632-4d4b-966e-2aa891a7aebb@group-CFB85F524D5A-LeaderElection49] INFO  impl.LeaderElection (LeaderElection.java:askForVotes(321)) - fe50a787-6632-4d4b-966e-2aa891a7aebb@group-CFB85F524D5A-LeaderElection49 ELECTION round 0: submit vote requests at term 1 for -1: peers:[fe50a787-6632-4d4b-966e-2aa891a7aebb|rpc:10.1.0.19:15262|admin:10.1.0.19:15261|client:10.1.0.19:15260|dataStream:10.1.0.19:15263|priority:1|startupRole:FOLLOWER]|listeners:[], old=null
2023-08-25 08:53:49,387 [fe50a787-6632-4d4b-966e-2aa891a7aebb@group-CFB85F524D5A-LeaderElection49] INFO  impl.LeaderElection (LeaderElection.java:askForVotes(323)) - fe50a787-6632-4d4b-966e-2aa891a7aebb@group-CFB85F524D5A-LeaderElection49 ELECTION round 0: result PASSED (term=1)
2023-08-25 08:53:49,387 [fe50a787-6632-4d4b-966e-2aa891a7aebb@group-CFB85F524D5A-LeaderElection49] INFO  impl.RoleInfo (RoleInfo.java:shutdownLeaderElection(130)) - fe50a787-6632-4d4b-966e-2aa891a7aebb: shutdown fe50a787-6632-4d4b-966e-2aa891a7aebb@group-CFB85F524D5A-LeaderElection49
2023-08-25 08:53:49,388 [fe50a787-6632-4d4b-966e-2aa891a7aebb@group-CFB85F524D5A-LeaderElection49] INFO  server.RaftServer$Division (RaftServerImpl.java:setRole(329)) - fe50a787-6632-4d4b-966e-2aa891a7aebb@group-CFB85F524D5A: changes role from CANDIDATE to LEADER at term 1 for changeToLeader
2023-08-25 08:53:49,388 [fe50a787-6632-4d4b-966e-2aa891a7aebb@group-CFB85F524D5A-LeaderElection49] INFO  ratis.XceiverServerRatis (XceiverServerRatis.java:handleLeaderChangedNotification(902)) - Leader change notification received for group: group-CFB85F524D5A with new leaderId: fe50a787-6632-4d4b-966e-2aa891a7aebb
2023-08-25 08:53:49,388 [fe50a787-6632-4d4b-966e-2aa891a7aebb@group-CFB85F524D5A-LeaderElection49] INFO  server.RaftServer$Division (ServerState.java:setLeader(317)) - fe50a787-6632-4d4b-966e-2aa891a7aebb@group-CFB85F524D5A: change Leader from null to fe50a787-6632-4d4b-966e-2aa891a7aebb at term 1 for becomeLeader, leader elected after 5214ms
2023-08-25 08:53:49,388 [fe50a787-6632-4d4b-966e-2aa891a7aebb@group-CFB85F524D5A-LeaderElection49] INFO  server.RaftServerConfigKeys (ConfUtils.java:logGet(46)) - raft.server.staging.catchup.gap = 1000 (default)
2023-08-25 08:53:49,388 [fe50a787-6632-4d4b-966e-2aa891a7aebb@group-CFB85F524D5A-LeaderElection49] INFO  server.RaftServerConfigKeys (ConfUtils.java:logGet(46)) - raft.server.write.element-limit = 1024 (custom)
2023-08-25 08:53:49,388 [fe50a787-6632-4d4b-966e-2aa891a7aebb@group-CFB85F524D5A-LeaderElection49] INFO  server.RaftServerConfigKeys (ConfUtils.java:logGet(46)) - raft.server.write.byte-limit = 1024 M (=1073741824) (custom)
2023-08-25 08:53:49,388 [fe50a787-6632-4d4b-966e-2aa891a7aebb@group-CFB85F524D5A-LeaderElection49] INFO  server.RaftServerConfigKeys (ConfUtils.java:logGet(46)) - raft.server.watch.timeout = 180s (custom)
2023-08-25 08:53:49,388 [fe50a787-6632-4d4b-966e-2aa891a7aebb@group-CFB85F524D5A-LeaderElection49] INFO  server.RaftServerConfigKeys (ConfUtils.java:logGet(46)) - raft.server.watch.timeout.denomination = 1s (default)
2023-08-25 08:53:49,389 [fe50a787-6632-4d4b-966e-2aa891a7aebb@group-CFB85F524D5A-LeaderElection49] INFO  server.RaftServerConfigKeys (ConfUtils.java:logGet(46)) - raft.server.watch.element-limit = 65536 (default)
2023-08-25 08:53:49,389 [fe50a787-6632-4d4b-966e-2aa891a7aebb@group-CFB85F524D5A-LeaderElection49] INFO  server.RaftServerConfigKeys (ConfUtils.java:logGet(46)) - raft.server.write.element-limit = 1024 (custom)
2023-08-25 08:53:49,389 [fe50a787-6632-4d4b-966e-2aa891a7aebb@group-CFB85F524D5A-LeaderElection49] INFO  server.RaftServerConfigKeys (ConfUtils.java:logGet(46)) - raft.server.write.follower.gap.ratio.max = -1.0 (default)
2023-08-25 08:53:49,389 [fe50a787-6632-4d4b-966e-2aa891a7aebb@group-CFB85F524D5A-LeaderElection49] INFO  impl.RoleInfo (RoleInfo.java:updateAndGet(139)) - fe50a787-6632-4d4b-966e-2aa891a7aebb: start fe50a787-6632-4d4b-966e-2aa891a7aebb@group-CFB85F524D5A-LeaderStateImpl
2023-08-25 08:53:49,390 [fe50a787-6632-4d4b-966e-2aa891a7aebb@group-CFB85F524D5A-LeaderElection49] INFO  segmented.SegmentedRaftLogWorker (SegmentedRaftLogWorker.java:startLogSegment(447)) - fe50a787-6632-4d4b-966e-2aa891a7aebb@group-CFB85F524D5A-SegmentedRaftLogWorker: Starting segment from index:0
2023-08-25 08:53:49,391 [fe50a787-6632-4d4b-966e-2aa891a7aebb@group-CFB85F524D5A-LeaderElection49] INFO  server.RaftServer$Division (ServerState.java:setRaftConf(434)) - fe50a787-6632-4d4b-966e-2aa891a7aebb@group-CFB85F524D5A: set configuration 0: peers:[fe50a787-6632-4d4b-966e-2aa891a7aebb|rpc:10.1.0.19:15262|admin:10.1.0.19:15261|client:10.1.0.19:15260|dataStream:10.1.0.19:15263|priority:1|startupRole:FOLLOWER]|listeners:[], old=null
2023-08-25 08:53:49,391 [fe50a787-6632-4d4b-966e-2aa891a7aebb@group-CFB85F524D5A-SegmentedRaftLogWorker] INFO  segmented.SegmentedRaftLogWorker (SegmentedRaftLogWorker.java:execute(651)) - fe50a787-6632-4d4b-966e-2aa891a7aebb@group-CFB85F524D5A-SegmentedRaftLogWorker: created new log segment /home/runner/work/ozone/ozone/hadoop-ozone/integration-test/target/test-dir/MiniOzoneClusterImpl-e692d0c4-4f9e-424f-81a0-065ebcedd1d3/datanode-4/data/ratis/36f03046-9953-4743-950a-cfb85f524d5a/current/log_inprogress_0
2023-08-25 08:53:49,597 [ReplicationMonitor] INFO  replication.ReplicationManager (ReplicationManager.java:processAll(361)) - Replication Manager is not ready to run until 3000ms after safemode exit
2023-08-25 08:53:50,597 [ReplicationMonitor] INFO  replication.ReplicationManager (ReplicationManager.java:processAll(361)) - Replication Manager is not ready to run until 3000ms after safemode exit
2023-08-25 08:53:50,878 [EventQueue-CloseContainerForCloseContainerEventHandler] INFO  container.CloseContainerEventHandler (CloseContainerEventHandler.java:onMessage(88)) - Close container Event triggered for container : #1, current state: OPEN
2023-08-25 08:53:50,879 [EventQueue-CloseContainerForCloseContainerEventHandler] INFO  container.CloseContainerEventHandler (CloseContainerEventHandler.java:onMessage(88)) - Close container Event triggered for container : #1, current state: CLOSING
2023-08-25 08:53:50,879 [EventQueue-CloseContainerForCloseContainerEventHandler] INFO  container.CloseContainerEventHandler (CloseContainerEventHandler.java:onMessage(88)) - Close container Event triggered for container : #1, current state: CLOSING
2023-08-25 08:53:51,597 [ReplicationMonitor] INFO  replication.ReplicationManager (ReplicationManager.java:sendDatanodeCommand(669)) - Sending command [closeContainerCommand: containerID: 1, pipelineID: PipelineID=bfea3e49-4f7a-4011-b168-37d1433de2f4, force: false] for container ContainerInfo{id=#1, state=CLOSING, stateEnterTime=2023-08-25T08:53:50.878Z, pipelineID=PipelineID=bfea3e49-4f7a-4011-b168-37d1433de2f4, owner=om1} to 8a274684-c774-4cfd-af69-c1a0c827c28c(fv-az584-689.msjcyvhqqs1uvpg4fm53wptgqc.jx.internal.cloudapp.net/10.1.0.19) with datanode deadline 1692954201597 and scm deadline 1692954231597
2023-08-25 08:53:51,598 [ReplicationMonitor] INFO  replication.ReplicationManager (ReplicationManager.java:sendDatanodeCommand(669)) - Sending command [closeContainerCommand: containerID: 1, pipelineID: PipelineID=bfea3e49-4f7a-4011-b168-37d1433de2f4, force: false] for container ContainerInfo{id=#1, state=CLOSING, stateEnterTime=2023-08-25T08:53:50.878Z, pipelineID=PipelineID=bfea3e49-4f7a-4011-b168-37d1433de2f4, owner=om1} to 74226a13-8718-4542-a815-a533182346c1(fv-az584-689.msjcyvhqqs1uvpg4fm53wptgqc.jx.internal.cloudapp.net/10.1.0.19) with datanode deadline 1692954201597 and scm deadline 1692954231597
2023-08-25 08:53:51,598 [ReplicationMonitor] INFO  replication.ReplicationManager (ReplicationManager.java:sendDatanodeCommand(669)) - Sending command [closeContainerCommand: containerID: 1, pipelineID: PipelineID=bfea3e49-4f7a-4011-b168-37d1433de2f4, force: false] for container ContainerInfo{id=#1, state=CLOSING, stateEnterTime=2023-08-25T08:53:50.878Z, pipelineID=PipelineID=bfea3e49-4f7a-4011-b168-37d1433de2f4, owner=om1} to df7ffc6f-4fb9-49c9-8407-31fb6ff06550(fv-az584-689.msjcyvhqqs1uvpg4fm53wptgqc.jx.internal.cloudapp.net/10.1.0.19) with datanode deadline 1692954201598 and scm deadline 1692954231598
2023-08-25 08:53:51,598 [ReplicationMonitor] INFO  replication.ReplicationManager (ReplicationManager.java:processAll(389)) - Replication Monitor Thread took 1 milliseconds for processing 1 containers.
2023-08-25 08:53:52,598 [ReplicationMonitor] INFO  replication.ReplicationManager (ReplicationManager.java:sendDatanodeCommand(669)) - Sending command [closeContainerCommand: containerID: 1, pipelineID: PipelineID=bfea3e49-4f7a-4011-b168-37d1433de2f4, force: false] for container ContainerInfo{id=#1, state=CLOSING, stateEnterTime=2023-08-25T08:53:50.878Z, pipelineID=PipelineID=bfea3e49-4f7a-4011-b168-37d1433de2f4, owner=om1} to 8a274684-c774-4cfd-af69-c1a0c827c28c(fv-az584-689.msjcyvhqqs1uvpg4fm53wptgqc.jx.internal.cloudapp.net/10.1.0.19) with datanode deadline 1692954202598 and scm deadline 1692954232598
2023-08-25 08:53:52,598 [ReplicationMonitor] INFO  replication.ReplicationManager (ReplicationManager.java:sendDatanodeCommand(669)) - Sending command [closeContainerCommand: containerID: 1, pipelineID: PipelineID=bfea3e49-4f7a-4011-b168-37d1433de2f4, force: false] for container ContainerInfo{id=#1, state=CLOSING, stateEnterTime=2023-08-25T08:53:50.878Z, pipelineID=PipelineID=bfea3e49-4f7a-4011-b168-37d1433de2f4, owner=om1} to 74226a13-8718-4542-a815-a533182346c1(fv-az584-689.msjcyvhqqs1uvpg4fm53wptgqc.jx.internal.cloudapp.net/10.1.0.19) with datanode deadline 1692954202598 and scm deadline 1692954232598
2023-08-25 08:53:52,598 [ReplicationMonitor] INFO  replication.ReplicationManager (ReplicationManager.java:sendDatanodeCommand(669)) - Sending command [closeContainerCommand: containerID: 1, pipelineID: PipelineID=bfea3e49-4f7a-4011-b168-37d1433de2f4, force: false] for container ContainerInfo{id=#1, state=CLOSING, stateEnterTime=2023-08-25T08:53:50.878Z, pipelineID=PipelineID=bfea3e49-4f7a-4011-b168-37d1433de2f4, owner=om1} to df7ffc6f-4fb9-49c9-8407-31fb6ff06550(fv-az584-689.msjcyvhqqs1uvpg4fm53wptgqc.jx.internal.cloudapp.net/10.1.0.19) with datanode deadline 1692954202598 and scm deadline 1692954232598
2023-08-25 08:53:52,598 [ReplicationMonitor] INFO  replication.ReplicationManager (ReplicationManager.java:processAll(389)) - Replication Monitor Thread took 0 milliseconds for processing 1 containers.
2023-08-25 08:53:53,316 [ContainerOp-bfea3e49-4f7a-4011-b168-37d1433de2f4-2] INFO  keyvalue.KeyValueContainer (KeyValueContainer.java:flushAndSyncDB(484)) - Container 1 is synced with bcsId 2.
2023-08-25 08:53:53,316 [ContainerOp-bfea3e49-4f7a-4011-b168-37d1433de2f4-2] INFO  keyvalue.KeyValueContainer (KeyValueContainer.java:flushAndSyncDB(484)) - Container 1 is synced with bcsId 2.
2023-08-25 08:53:53,318 [ContainerOp-bfea3e49-4f7a-4011-b168-37d1433de2f4-2] INFO  keyvalue.KeyValueContainer (KeyValueContainer.java:close(399)) - Container 1 is closed with bcsId 2.
2023-08-25 08:53:53,323 [FixedThreadPoolWithAffinityExecutor-1-0] INFO  container.IncrementalContainerReportHandler (AbstractContainerReportHandler.java:updateContainerState(312)) - Moving container #1 to CLOSED state, datanode 8a274684-c774-4cfd-af69-c1a0c827c28c(fv-az584-689.msjcyvhqqs1uvpg4fm53wptgqc.jx.internal.cloudapp.net/10.1.0.19) reported CLOSED replica with index 0.
2023-08-25 08:53:53,330 [ContainerOp-bfea3e49-4f7a-4011-b168-37d1433de2f4-2] INFO  keyvalue.KeyValueContainer (KeyValueContainer.java:flushAndSyncDB(484)) - Container 1 is synced with bcsId 2.
2023-08-25 08:53:53,330 [ContainerOp-bfea3e49-4f7a-4011-b168-37d1433de2f4-2] INFO  keyvalue.KeyValueContainer (KeyValueContainer.java:flushAndSyncDB(484)) - Container 1 is synced with bcsId 2.
2023-08-25 08:53:53,331 [ContainerOp-bfea3e49-4f7a-4011-b168-37d1433de2f4-2] INFO  keyvalue.KeyValueContainer (KeyValueContainer.java:flushAndSyncDB(484)) - Container 1 is synced with bcsId 2.
2023-08-25 08:53:53,331 [ContainerOp-bfea3e49-4f7a-4011-b168-37d1433de2f4-2] INFO  keyvalue.KeyValueContainer (KeyValueContainer.java:flushAndSyncDB(484)) - Container 1 is synced with bcsId 2.
2023-08-25 08:53:53,332 [ContainerOp-bfea3e49-4f7a-4011-b168-37d1433de2f4-2] INFO  keyvalue.KeyValueContainer (KeyValueContainer.java:close(399)) - Container 1 is closed with bcsId 2.
2023-08-25 08:53:53,336 [ContainerOp-bfea3e49-4f7a-4011-b168-37d1433de2f4-2] INFO  keyvalue.KeyValueContainer (KeyValueContainer.java:close(399)) - Container 1 is closed with bcsId 2.
2023-08-25 08:53:53,380 [Time-limited test] INFO  ozoneimpl.OzoneContainer (OzoneContainer.java:stop(451)) - Attempting to stop container services.
2023-08-25 08:53:53,381 [Time-limited test] INFO  server.RaftServer (RaftServerProxy.java:lambda$close$6(416)) - 8a274684-c774-4cfd-af69-c1a0c827c28c: close
2023-08-25 08:53:53,381 [8a274684-c774-4cfd-af69-c1a0c827c28c-impl-thread1] INFO  server.RaftServer$Division (RaftServerImpl.java:lambda$close$4(466)) - 8a274684-c774-4cfd-af69-c1a0c827c28c@group-82CCEDDB1BA2: shutdown
2023-08-25 08:53:53,381 [8a274684-c774-4cfd-af69-c1a0c827c28c-impl-thread1] INFO  util.JmxRegister (JmxRegister.java:unregister(73)) - Successfully un-registered JMX Bean with object name Ratis:service=RaftServer,group=group-82CCEDDB1BA2,id=8a274684-c774-4cfd-af69-c1a0c827c28c
2023-08-25 08:53:53,381 [8a274684-c774-4cfd-af69-c1a0c827c28c-impl-thread1] INFO  impl.RoleInfo (RoleInfo.java:shutdownFollowerState(110)) - 8a274684-c774-4cfd-af69-c1a0c827c28c: shutdown 8a274684-c774-4cfd-af69-c1a0c827c28c@group-82CCEDDB1BA2-FollowerState
2023-08-25 08:53:53,381 [8a274684-c774-4cfd-af69-c1a0c827c28c-impl-thread2] INFO  server.RaftServer$Division (RaftServerImpl.java:lambda$close$4(466)) - 8a274684-c774-4cfd-af69-c1a0c827c28c@group-37D1433DE2F4: shutdown
2023-08-25 08:53:53,381 [8a274684-c774-4cfd-af69-c1a0c827c28c-impl-thread2] INFO  util.JmxRegister (JmxRegister.java:unregister(73)) - Successfully un-registered JMX Bean with object name Ratis:service=RaftServer,group=group-37D1433DE2F4,id=8a274684-c774-4cfd-af69-c1a0c827c28c
2023-08-25 08:53:53,381 [8a274684-c774-4cfd-af69-c1a0c827c28c-impl-thread2] INFO  impl.RoleInfo (RoleInfo.java:shutdownLeaderState(93)) - 8a274684-c774-4cfd-af69-c1a0c827c28c: shutdown 8a274684-c774-4cfd-af69-c1a0c827c28c@group-37D1433DE2F4-LeaderStateImpl
2023-08-25 08:53:53,385 [Time-limited test] INFO  server.GrpcService (GrpcService.java:closeImpl(311)) - 8a274684-c774-4cfd-af69-c1a0c827c28c: shutdown server org.apache.ratis.grpc.server.GrpcClientProtocolService now
2023-08-25 08:53:53,386 [8a274684-c774-4cfd-af69-c1a0c827c28c-impl-thread3] INFO  server.RaftServer$Division (RaftServerImpl.java:lambda$close$4(466)) - 8a274684-c774-4cfd-af69-c1a0c827c28c@group-620D11577367: shutdown
2023-08-25 08:53:53,386 [8a274684-c774-4cfd-af69-c1a0c827c28c@group-37D1433DE2F4->74226a13-8718-4542-a815-a533182346c1-GrpcLogAppender-LogAppenderDaemon] WARN  server.GrpcLogAppender (GrpcLogAppender.java:mayWait(199)) - 8a274684-c774-4cfd-af69-c1a0c827c28c@group-37D1433DE2F4->74226a13-8718-4542-a815-a533182346c1-GrpcLogAppender: Wait interrupted by java.lang.InterruptedException
2023-08-25 08:53:53,386 [8a274684-c774-4cfd-af69-c1a0c827c28c-impl-thread3] INFO  util.JmxRegister (JmxRegister.java:unregister(73)) - Successfully un-registered JMX Bean with object name Ratis:service=RaftServer,group=group-620D11577367,id=8a274684-c774-4cfd-af69-c1a0c827c28c
2023-08-25 08:53:53,387 [grpc-default-executor-4] INFO  server.GrpcServerProtocolService (GrpcServerProtocolService.java:onCompleted(155)) - 74226a13-8718-4542-a815-a533182346c1: Completed APPEND_ENTRIES, lastRequest: null
2023-08-25 08:53:53,387 [grpc-default-executor-4] INFO  server.GrpcServerProtocolService (GrpcServerProtocolService.java:lambda$onCompleted$5(157)) - 74226a13-8718-4542-a815-a533182346c1: Completed APPEND_ENTRIES, lastReply: serverReply {
  requestorId: "8a274684-c774-4cfd-af69-c1a0c827c28c"
  replyId: "74226a13-8718-4542-a815-a533182346c1"
  raftGroupId {
    id: "\277\352>IOz@\021\261h7\321C=\342\364"
  }
  callId: 11
  success: true
}
term: 1
nextIndex: 4
followerCommit: 3
matchIndex: 18446744073709551615
isHearbeat: true

2023-08-25 08:53:53,387 [8a274684-c774-4cfd-af69-c1a0c827c28c-impl-thread3] INFO  impl.RoleInfo (RoleInfo.java:shutdownLeaderState(93)) - 8a274684-c774-4cfd-af69-c1a0c827c28c: shutdown 8a274684-c774-4cfd-af69-c1a0c827c28c@group-620D11577367-LeaderStateImpl
2023-08-25 08:53:53,388 [8a274684-c774-4cfd-af69-c1a0c827c28c-impl-thread3] INFO  impl.PendingRequests (PendingRequests.java:sendNotLeaderResponses(289)) - 8a274684-c774-4cfd-af69-c1a0c827c28c@group-620D11577367-PendingRequests: sendNotLeaderResponses
2023-08-25 08:53:53,392 [grpc-default-executor-0] WARN  server.GrpcClientProtocolService (LogUtils.java:warn(122)) - 0-OrderedRequestStreamObserver0: onError: org.apache.ratis.thirdparty.io.grpc.StatusRuntimeException: CANCELLED: client cancelled
2023-08-25 08:53:53,389 [8a274684-c774-4cfd-af69-c1a0c827c28c@group-82CCEDDB1BA2-StateMachineUpdater] INFO  ratis.ContainerStateMachine (ContainerStateMachine.java:takeSnapshot(330)) - group-82CCEDDB1BA2: Taking a snapshot at:(t:1, i:0) file /home/runner/work/ozone/ozone/hadoop-ozone/integration-test/target/test-dir/MiniOzoneClusterImpl-e692d0c4-4f9e-424f-81a0-065ebcedd1d3/datanode-0/data/ratis/3be12123-4a25-4ac6-9ba2-82cceddb1ba2/sm/snapshot.1_0
2023-08-25 08:53:53,389 [8a274684-c774-4cfd-af69-c1a0c827c28c-impl-thread2] INFO  impl.PendingRequests (PendingRequests.java:sendNotLeaderResponses(289)) - 8a274684-c774-4cfd-af69-c1a0c827c28c@group-37D1433DE2F4-PendingRequests: sendNotLeaderResponses
2023-08-25 08:53:53,389 [8a274684-c774-4cfd-af69-c1a0c827c28c@group-82CCEDDB1BA2-FollowerState] INFO  impl.FollowerState (FollowerState.java:run(152)) - 8a274684-c774-4cfd-af69-c1a0c827c28c@group-82CCEDDB1BA2-FollowerState was interrupted
2023-08-25 08:53:53,389 [8a274684-c774-4cfd-af69-c1a0c827c28c-impl-thread1] INFO  impl.StateMachineUpdater (StateMachineUpdater.java:stopAndJoin(155)) - 8a274684-c774-4cfd-af69-c1a0c827c28c@group-82CCEDDB1BA2-StateMachineUpdater: set stopIndex = 0
2023-08-25 08:53:53,389 [8a274684-c774-4cfd-af69-c1a0c827c28c@group-37D1433DE2F4->df7ffc6f-4fb9-49c9-8407-31fb6ff06550-GrpcLogAppender-LogAppenderDaemon] WARN  server.GrpcLogAppender (GrpcLogAppender.java:mayWait(199)) - 8a274684-c774-4cfd-af69-c1a0c827c28c@group-37D1433DE2F4->df7ffc6f-4fb9-49c9-8407-31fb6ff06550-GrpcLogAppender: Wait interrupted by java.lang.InterruptedException
2023-08-25 08:53:53,388 [grpc-default-executor-2] INFO  server.GrpcLogAppender (GrpcLogAppender.java:onCompleted(428)) - 8a274684-c774-4cfd-af69-c1a0c827c28c@group-37D1433DE2F4->74226a13-8718-4542-a815-a533182346c1-AppendLogResponseHandler: follower responses appendEntries COMPLETED
2023-08-25 08:53:53,393 [grpc-default-executor-2] INFO  leader.FollowerInfo (FollowerInfoImpl.java:lambda$new$0(52)) - 8a274684-c774-4cfd-af69-c1a0c827c28c@group-37D1433DE2F4->74226a13-8718-4542-a815-a533182346c1: decreaseNextIndex nextIndex: updateUnconditionally 6 -> 5
2023-08-25 08:53:53,388 [grpc-default-executor-4] INFO  server.GrpcServerProtocolService (GrpcServerProtocolService.java:onCompleted(155)) - 74226a13-8718-4542-a815-a533182346c1: Completed APPEND_ENTRIES, lastRequest: 8a274684-c774-4cfd-af69-c1a0c827c28c->74226a13-8718-4542-a815-a533182346c1#13-t1,previous=(t:1, i:4),leaderCommit=4,initializing? true,entries: size=1, first=(t:1, i:5), METADATAENTRY(c:4)
2023-08-25 08:53:53,393 [grpc-default-executor-4] INFO  server.GrpcServerProtocolService (GrpcServerProtocolService.java:lambda$onCompleted$5(157)) - 74226a13-8718-4542-a815-a533182346c1: Completed APPEND_ENTRIES, lastReply: null
2023-08-25 08:53:53,394 [8a274684-c774-4cfd-af69-c1a0c827c28c@group-620D11577367-StateMachineUpdater] INFO  ratis.ContainerStateMachine (ContainerStateMachine.java:takeSnapshot(330)) - group-620D11577367: Taking a snapshot at:(t:1, i:0) file /home/runner/work/ozone/ozone/hadoop-ozone/integration-test/target/test-dir/MiniOzoneClusterImpl-e692d0c4-4f9e-424f-81a0-065ebcedd1d3/datanode-0/data/ratis/96d085e2-cd34-44b0-bb30-620d11577367/sm/snapshot.1_0
2023-08-25 08:53:53,394 [8a274684-c774-4cfd-af69-c1a0c827c28c@group-82CCEDDB1BA2-StateMachineUpdater] INFO  ratis.ContainerStateMachine (ContainerStateMachine.java:takeSnapshot(341)) - group-82CCEDDB1BA2: Finished taking a snapshot at:(t:1, i:0) file:/home/runner/work/ozone/ozone/hadoop-ozone/integration-test/target/test-dir/MiniOzoneClusterImpl-e692d0c4-4f9e-424f-81a0-065ebcedd1d3/datanode-0/data/ratis/3be12123-4a25-4ac6-9ba2-82cceddb1ba2/sm/snapshot.1_0 took: 5 ms
2023-08-25 08:53:53,394 [8a274684-c774-4cfd-af69-c1a0c827c28c@group-82CCEDDB1BA2-StateMachineUpdater] INFO  impl.StateMachineUpdater (StateMachineUpdater.java:takeSnapshot(291)) - 8a274684-c774-4cfd-af69-c1a0c827c28c@group-82CCEDDB1BA2-StateMachineUpdater: Took a snapshot at index 0
2023-08-25 08:53:53,394 [8a274684-c774-4cfd-af69-c1a0c827c28c@group-82CCEDDB1BA2-StateMachineUpdater] INFO  impl.StateMachineUpdater (StateMachineUpdater.java:lambda$new$0(97)) - 8a274684-c774-4cfd-af69-c1a0c827c28c@group-82CCEDDB1BA2-StateMachineUpdater: snapshotIndex: updateIncreasingly -1 -> 0
2023-08-25 08:53:53,395 [8a274684-c774-4cfd-af69-c1a0c827c28c@group-620D11577367-StateMachineUpdater] INFO  ratis.ContainerStateMachine (ContainerStateMachine.java:takeSnapshot(341)) - group-620D11577367: Finished taking a snapshot at:(t:1, i:0) file:/home/runner/work/ozone/ozone/hadoop-ozone/integration-test/target/test-dir/MiniOzoneClusterImpl-e692d0c4-4f9e-424f-81a0-065ebcedd1d3/datanode-0/data/ratis/96d085e2-cd34-44b0-bb30-620d11577367/sm/snapshot.1_0 took: 1 ms
2023-08-25 08:53:53,395 [8a274684-c774-4cfd-af69-c1a0c827c28c@group-620D11577367-StateMachineUpdater] INFO  impl.StateMachineUpdater (StateMachineUpdater.java:takeSnapshot(291)) - 8a274684-c774-4cfd-af69-c1a0c827c28c@group-620D11577367-StateMachineUpdater: Took a snapshot at index 0
2023-08-25 08:53:53,395 [8a274684-c774-4cfd-af69-c1a0c827c28c@group-620D11577367-StateMachineUpdater] INFO  impl.StateMachineUpdater (StateMachineUpdater.java:lambda$new$0(97)) - 8a274684-c774-4cfd-af69-c1a0c827c28c@group-620D11577367-StateMachineUpdater: snapshotIndex: updateIncreasingly -1 -> 0
2023-08-25 08:53:53,395 [8a274684-c774-4cfd-af69-c1a0c827c28c-impl-thread1] INFO  server.RaftServer$Division (ServerState.java:close(472)) - 8a274684-c774-4cfd-af69-c1a0c827c28c@group-82CCEDDB1BA2: closes. applyIndex: 0
2023-08-25 08:53:53,395 [8a274684-c774-4cfd-af69-c1a0c827c28c-impl-thread3] INFO  impl.StateMachineUpdater (StateMachineUpdater.java:stopAndJoin(155)) - 8a274684-c774-4cfd-af69-c1a0c827c28c@group-620D11577367-StateMachineUpdater: set stopIndex = 0
2023-08-25 08:53:53,395 [8a274684-c774-4cfd-af69-c1a0c827c28c-impl-thread3] INFO  server.RaftServer$Division (ServerState.java:close(472)) - 8a274684-c774-4cfd-af69-c1a0c827c28c@group-620D11577367: closes. applyIndex: 0
2023-08-25 08:53:53,400 [Thread-2730] INFO  server.GrpcServerProtocolClient (GrpcServerProtocolClient.java:close(103)) - 74226a13-8718-4542-a815-a533182346c1 Close channels
2023-08-25 08:53:53,402 [grpc-default-executor-2] INFO  server.GrpcServerProtocolService (GrpcServerProtocolService.java:onCompleted(155)) - df7ffc6f-4fb9-49c9-8407-31fb6ff06550: Completed APPEND_ENTRIES, lastRequest: null
2023-08-25 08:53:53,403 [grpc-default-executor-2] INFO  server.GrpcServerProtocolService (GrpcServerProtocolService.java:lambda$onCompleted$5(157)) - df7ffc6f-4fb9-49c9-8407-31fb6ff06550: Completed APPEND_ENTRIES, lastReply: serverReply {
  requestorId: "8a274684-c774-4cfd-af69-c1a0c827c28c"
  replyId: "df7ffc6f-4fb9-49c9-8407-31fb6ff06550"
  raftGroupId {
    id: "\277\352>IOz@\021\261h7\321C=\342\364"
  }
  callId: 11
  success: true
}
term: 1
nextIndex: 4
followerCommit: 3
matchIndex: 18446744073709551615
isHearbeat: true

2023-08-25 08:53:53,404 [grpc-default-executor-4] INFO  server.GrpcLogAppender (GrpcLogAppender.java:onCompleted(428)) - 8a274684-c774-4cfd-af69-c1a0c827c28c@group-37D1433DE2F4->74226a13-8718-4542-a815-a533182346c1-AppendLogResponseHandler: follower responses appendEntries COMPLETED
2023-08-25 08:53:53,404 [grpc-default-executor-4] WARN  server.GrpcLogAppender (GrpcLogAppender.java:resetClient(137)) - 8a274684-c774-4cfd-af69-c1a0c827c28c@group-37D1433DE2F4->74226a13-8718-4542-a815-a533182346c1-GrpcLogAppender: Failed to getClient for 74226a13-8718-4542-a815-a533182346c1
org.apache.ratis.protocol.exceptions.AlreadyClosedException: 8a274684-c774-4cfd-af69-c1a0c827c28c is already CLOSED
	at org.apache.ratis.util.PeerProxyMap$PeerAndProxy.getProxy(PeerProxyMap.java:61)
	at org.apache.ratis.util.PeerProxyMap.getProxy(PeerProxyMap.java:115)
	at org.apache.ratis.grpc.server.GrpcLogAppender.getClient(GrpcLogAppender.java:112)
	at org.apache.ratis.grpc.server.GrpcLogAppender.resetClient(GrpcLogAppender.java:117)
	at org.apache.ratis.grpc.server.GrpcLogAppender.access$500(GrpcLogAppender.java:56)
	at org.apache.ratis.grpc.server.GrpcLogAppender$AppendLogResponseHandler.onCompleted(GrpcLogAppender.java:429)
	at org.apache.ratis.thirdparty.io.grpc.stub.ClientCalls$StreamObserverToCallListenerAdapter.onClose(ClientCalls.java:485)
	at org.apache.ratis.thirdparty.io.grpc.internal.ClientCallImpl.closeObserver(ClientCallImpl.java:563)
	at org.apache.ratis.thirdparty.io.grpc.internal.ClientCallImpl.access$300(ClientCallImpl.java:70)
	at org.apache.ratis.thirdparty.io.grpc.internal.ClientCallImpl$ClientStreamListenerImpl$1StreamClosed.runInternal(ClientCallImpl.java:744)
	at org.apache.ratis.thirdparty.io.grpc.internal.ClientCallImpl$ClientStreamListenerImpl$1StreamClosed.runInContext(ClientCallImpl.java:723)
	at org.apache.ratis.thirdparty.io.grpc.internal.ContextRunnable.run(ContextRunnable.java:37)
	at org.apache.ratis.thirdparty.io.grpc.internal.SerializingExecutor.run(SerializingExecutor.java:133)
	at java.util.concurrent.ThreadPoolExecutor.runWorker(ThreadPoolExecutor.java:1149)
	at java.util.concurrent.ThreadPoolExecutor$Worker.run(ThreadPoolExecutor.java:624)
	at java.lang.Thread.run(Thread.java:750)
2023-08-25 08:53:53,404 [grpc-default-executor-1] INFO  server.GrpcServerProtocolService (GrpcServerProtocolService.java:onCompleted(155)) - df7ffc6f-4fb9-49c9-8407-31fb6ff06550: Completed APPEND_ENTRIES, lastRequest: 8a274684-c774-4cfd-af69-c1a0c827c28c->df7ffc6f-4fb9-49c9-8407-31fb6ff06550#14-t1,previous=(t:1, i:4),leaderCommit=4,initializing? true,entries: size=1, first=(t:1, i:5), METADATAENTRY(c:4)
2023-08-25 08:53:53,405 [grpc-default-executor-1] INFO  server.GrpcServerProtocolService (GrpcServerProtocolService.java:lambda$onCompleted$5(157)) - df7ffc6f-4fb9-49c9-8407-31fb6ff06550: Completed APPEND_ENTRIES, lastReply: null
2023-08-25 08:53:53,407 [grpc-default-executor-5] WARN  server.GrpcClientProtocolService (LogUtils.java:warn(122)) - 1-UnorderedRequestStreamObserver1: onError: org.apache.ratis.thirdparty.io.grpc.StatusRuntimeException: CANCELLED: client cancelled
2023-08-25 08:53:53,408 [grpc-default-executor-1] INFO  server.GrpcLogAppender (GrpcLogAppender.java:onCompleted(428)) - 8a274684-c774-4cfd-af69-c1a0c827c28c@group-37D1433DE2F4->df7ffc6f-4fb9-49c9-8407-31fb6ff06550-AppendLogResponseHandler: follower responses appendEntries COMPLETED
2023-08-25 08:53:53,408 [grpc-default-executor-1] INFO  leader.FollowerInfo (FollowerInfoImpl.java:lambda$new$0(52)) - 8a274684-c774-4cfd-af69-c1a0c827c28c@group-37D1433DE2F4->df7ffc6f-4fb9-49c9-8407-31fb6ff06550: decreaseNextIndex nextIndex: updateUnconditionally 6 -> 5
2023-08-25 08:53:53,408 [grpc-default-executor-2] INFO  server.GrpcLogAppender (GrpcLogAppender.java:onCompleted(428)) - 8a274684-c774-4cfd-af69-c1a0c827c28c@group-37D1433DE2F4->df7ffc6f-4fb9-49c9-8407-31fb6ff06550-AppendLogResponseHandler: follower responses appendEntries COMPLETED
2023-08-25 08:53:53,408 [grpc-default-executor-2] INFO  leader.FollowerInfo (FollowerInfoImpl.java:lambda$new$0(52)) - 8a274684-c774-4cfd-af69-c1a0c827c28c@group-37D1433DE2F4->df7ffc6f-4fb9-49c9-8407-31fb6ff06550: decreaseNextIndex nextIndex: updateUnconditionally 5 -> 4
2023-08-25 08:53:53,408 [Thread-2731] INFO  server.GrpcServerProtocolClient (GrpcServerProtocolClient.java:close(103)) - df7ffc6f-4fb9-49c9-8407-31fb6ff06550 Close channels
2023-08-25 08:53:53,414 [8a274684-c774-4cfd-af69-c1a0c827c28c-impl-thread2] INFO  impl.StateMachineUpdater (StateMachineUpdater.java:stopAndJoin(155)) - 8a274684-c774-4cfd-af69-c1a0c827c28c@group-37D1433DE2F4-StateMachineUpdater: set stopIndex = 5
2023-08-25 08:53:53,415 [8a274684-c774-4cfd-af69-c1a0c827c28c@group-37D1433DE2F4-StateMachineUpdater] INFO  ratis.ContainerStateMachine (ContainerStateMachine.java:takeSnapshot(330)) - group-37D1433DE2F4: Taking a snapshot at:(t:1, i:5) file /home/runner/work/ozone/ozone/hadoop-ozone/integration-test/target/test-dir/MiniOzoneClusterImpl-e692d0c4-4f9e-424f-81a0-065ebcedd1d3/datanode-0/data/ratis/bfea3e49-4f7a-4011-b168-37d1433de2f4/sm/snapshot.1_5
2023-08-25 08:53:53,415 [Time-limited test] INFO  server.GrpcService (GrpcService.java:closeImpl(320)) - 8a274684-c774-4cfd-af69-c1a0c827c28c: shutdown server org.apache.ratis.grpc.server.GrpcClientProtocolService successfully
2023-08-25 08:53:53,415 [Time-limited test] INFO  server.GrpcService (GrpcService.java:closeImpl(311)) - 8a274684-c774-4cfd-af69-c1a0c827c28c: shutdown server GrpcServerProtocolService now
2023-08-25 08:53:53,419 [8a274684-c774-4cfd-af69-c1a0c827c28c@group-37D1433DE2F4-StateMachineUpdater] INFO  ratis.ContainerStateMachine (ContainerStateMachine.java:takeSnapshot(341)) - group-37D1433DE2F4: Finished taking a snapshot at:(t:1, i:5) file:/home/runner/work/ozone/ozone/hadoop-ozone/integration-test/target/test-dir/MiniOzoneClusterImpl-e692d0c4-4f9e-424f-81a0-065ebcedd1d3/datanode-0/data/ratis/bfea3e49-4f7a-4011-b168-37d1433de2f4/sm/snapshot.1_5 took: 5 ms
2023-08-25 08:53:53,420 [8a274684-c774-4cfd-af69-c1a0c827c28c@group-37D1433DE2F4-StateMachineUpdater] INFO  impl.StateMachineUpdater (StateMachineUpdater.java:takeSnapshot(291)) - 8a274684-c774-4cfd-af69-c1a0c827c28c@group-37D1433DE2F4-StateMachineUpdater: Took a snapshot at index 5
2023-08-25 08:53:53,420 [8a274684-c774-4cfd-af69-c1a0c827c28c@group-37D1433DE2F4-StateMachineUpdater] INFO  impl.StateMachineUpdater (StateMachineUpdater.java:lambda$new$0(97)) - 8a274684-c774-4cfd-af69-c1a0c827c28c@group-37D1433DE2F4-StateMachineUpdater: snapshotIndex: updateIncreasingly -1 -> 5
2023-08-25 08:53:53,422 [grpc-default-executor-0] WARN  server.GrpcServerProtocolService (LogUtils.java:warn(122)) - 8a274684-c774-4cfd-af69-c1a0c827c28c: APPEND_ENTRIES onError, lastRequest: df7ffc6f-4fb9-49c9-8407-31fb6ff06550->8a274684-c774-4cfd-af69-c1a0c827c28c#1-t1,previous=(t:0, i:0),leaderCommit=-1,initializing? true,entries: size=1, first=(t:1, i:0), CONFIGURATIONENTRY(current:id: "8a274684-c774-4cfd-af69-c1a0c827c28c"
address: "10.1.0.19:15226"
dataStreamAddress: "10.1.0.19:15227"
clientAddress: "10.1.0.19:15224"
adminAddress: "10.1.0.19:15225"
startupRole: FOLLOWER
,id: "df7ffc6f-4fb9-49c9-8407-31fb6ff06550"
address: "10.1.0.19:15244"
priority: 1
dataStreamAddress: "10.1.0.19:15245"
clientAddress: "10.1.0.19:15242"
adminAddress: "10.1.0.19:15243"
startupRole: FOLLOWER
,id: "74226a13-8718-4542-a815-a533182346c1"
address: "10.1.0.19:15235"
dataStreamAddress: "10.1.0.19:15236"
clientAddress: "10.1.0.19:15233"
adminAddress: "10.1.0.19:15234"
startupRole: FOLLOWER
, old:): org.apache.ratis.thirdparty.io.grpc.StatusRuntimeException: CANCELLED: client cancelled
2023-08-25 08:53:53,422 [grpc-default-executor-3] WARN  server.GrpcLogAppender (LogUtils.java:warn(122)) - df7ffc6f-4fb9-49c9-8407-31fb6ff06550@group-82CCEDDB1BA2->8a274684-c774-4cfd-af69-c1a0c827c28c-AppendLogResponseHandler: Failed appendEntries: org.apache.ratis.thirdparty.io.grpc.StatusRuntimeException: CANCELLED: RST_STREAM closed stream. HTTP/2 error code: CANCEL
2023-08-25 08:53:53,422 [grpc-default-executor-3] WARN  server.GrpcLogAppender (GrpcLogAppender.java:resetClient(128)) - df7ffc6f-4fb9-49c9-8407-31fb6ff06550@group-82CCEDDB1BA2->8a274684-c774-4cfd-af69-c1a0c827c28c-GrpcLogAppender: Follower failed when matchIndex == 0,  keep nextIndex (1) unchanged and retry.
2023-08-25 08:53:53,422 [grpc-default-executor-2] WARN  server.GrpcServerProtocolService (LogUtils.java:warn(122)) - 8a274684-c774-4cfd-af69-c1a0c827c28c: APPEND_ENTRIES onError, lastRequest: null: org.apache.ratis.thirdparty.io.grpc.StatusRuntimeException: CANCELLED: client cancelled
2023-08-25 08:53:53,422 [grpc-default-executor-1] WARN  server.GrpcLogAppender (LogUtils.java:warn(122)) - df7ffc6f-4fb9-49c9-8407-31fb6ff06550@group-82CCEDDB1BA2->8a274684-c774-4cfd-af69-c1a0c827c28c-AppendLogResponseHandler: Failed appendEntries: org.apache.ratis.thirdparty.io.grpc.StatusRuntimeException: CANCELLED: RST_STREAM closed stream. HTTP/2 error code: CANCEL
2023-08-25 08:53:53,423 [grpc-default-executor-1] WARN  server.GrpcLogAppender (GrpcLogAppender.java:resetClient(128)) - df7ffc6f-4fb9-49c9-8407-31fb6ff06550@group-82CCEDDB1BA2->8a274684-c774-4cfd-af69-c1a0c827c28c-GrpcLogAppender: Follower failed when matchIndex == 0,  keep nextIndex (1) unchanged and retry.
2023-08-25 08:53:53,423 [Time-limited test] INFO  server.GrpcService (GrpcService.java:closeImpl(320)) - 8a274684-c774-4cfd-af69-c1a0c827c28c: shutdown server GrpcServerProtocolService successfully
2023-08-25 08:53:53,423 [Time-limited test] INFO  server.GrpcService (GrpcService.java:closeImpl(311)) - 8a274684-c774-4cfd-af69-c1a0c827c28c: shutdown server org.apache.ratis.grpc.server.GrpcAdminProtocolService now
2023-08-25 08:53:53,423 [8a274684-c774-4cfd-af69-c1a0c827c28c-impl-thread2] INFO  server.RaftServer$Division (ServerState.java:close(472)) - 8a274684-c774-4cfd-af69-c1a0c827c28c@group-37D1433DE2F4: closes. applyIndex: 5
2023-08-25 08:53:53,431 [Time-limited test] INFO  server.GrpcService (GrpcService.java:closeImpl(320)) - 8a274684-c774-4cfd-af69-c1a0c827c28c: shutdown server org.apache.ratis.grpc.server.GrpcAdminProtocolService successfully
2023-08-25 08:53:53,431 [8a274684-c774-4cfd-af69-c1a0c827c28c-NettyServerStreamRpc-bossGroup--thread1] INFO  logging.LoggingHandler (AbstractInternalLogger.java:log(148)) - [id: 0x91e76f1f, L:/0:0:0:0:0:0:0:0:15227] CLOSE
2023-08-25 08:53:53,432 [8a274684-c774-4cfd-af69-c1a0c827c28c-NettyServerStreamRpc-bossGroup--thread1] INFO  logging.LoggingHandler (AbstractInternalLogger.java:log(148)) - [id: 0x91e76f1f, L:/0:0:0:0:0:0:0:0:15227] INACTIVE
2023-08-25 08:53:53,432 [8a274684-c774-4cfd-af69-c1a0c827c28c-NettyServerStreamRpc-bossGroup--thread1] INFO  logging.LoggingHandler (AbstractInternalLogger.java:log(148)) - [id: 0x91e76f1f, L:/0:0:0:0:0:0:0:0:15227] UNREGISTERED
2023-08-25 08:53:53,599 [ReplicationMonitor] INFO  replication.ReplicationManager (ReplicationManager.java:processAll(389)) - Replication Monitor Thread took 0 milliseconds for processing 1 containers.
2023-08-25 08:53:53,952 [8a274684-c774-4cfd-af69-c1a0c827c28c-impl-thread3] INFO  segmented.SegmentedRaftLogWorker (SegmentedRaftLogWorker.java:close(252)) - 8a274684-c774-4cfd-af69-c1a0c827c28c@group-620D11577367-SegmentedRaftLogWorker close()
2023-08-25 08:53:54,316 [8a274684-c774-4cfd-af69-c1a0c827c28c-impl-thread2] INFO  segmented.SegmentedRaftLogWorker (SegmentedRaftLogWorker.java:close(252)) - 8a274684-c774-4cfd-af69-c1a0c827c28c@group-37D1433DE2F4-SegmentedRaftLogWorker close()
2023-08-25 08:53:54,373 [8a274684-c774-4cfd-af69-c1a0c827c28c-impl-thread1] INFO  segmented.SegmentedRaftLogWorker (SegmentedRaftLogWorker.java:close(252)) - 8a274684-c774-4cfd-af69-c1a0c827c28c@group-82CCEDDB1BA2-SegmentedRaftLogWorker close()
2023-08-25 08:53:54,376 [JvmPauseMonitor30] INFO  util.JvmPauseMonitor (JvmPauseMonitor.java:run(109)) - JvmPauseMonitor-8a274684-c774-4cfd-af69-c1a0c827c28c: Stopped
2023-08-25 08:53:54,599 [ReplicationMonitor] INFO  replication.ReplicationManager (ReplicationManager.java:processAll(389)) - Replication Monitor Thread took 0 milliseconds for processing 1 containers.
2023-08-25 08:53:54,637 [grpc-default-executor-0] WARN  server.GrpcLogAppender (LogUtils.java:warn(122)) - df7ffc6f-4fb9-49c9-8407-31fb6ff06550@group-82CCEDDB1BA2->8a274684-c774-4cfd-af69-c1a0c827c28c-AppendLogResponseHandler: Failed appendEntries: org.apache.ratis.thirdparty.io.grpc.StatusRuntimeException: UNAVAILABLE: io exception
2023-08-25 08:53:54,637 [grpc-default-executor-0] WARN  server.GrpcLogAppender (GrpcLogAppender.java:resetClient(128)) - df7ffc6f-4fb9-49c9-8407-31fb6ff06550@group-82CCEDDB1BA2->8a274684-c774-4cfd-af69-c1a0c827c28c-GrpcLogAppender: Follower failed when matchIndex == 0,  keep nextIndex (1) unchanged and retry.
2023-08-25 08:53:54,638 [grpc-default-executor-2] WARN  server.GrpcLogAppender (LogUtils.java:warn(122)) - df7ffc6f-4fb9-49c9-8407-31fb6ff06550@group-82CCEDDB1BA2->8a274684-c774-4cfd-af69-c1a0c827c28c-AppendLogResponseHandler: Failed appendEntries: org.apache.ratis.thirdparty.io.grpc.StatusRuntimeException: UNAVAILABLE: io exception
2023-08-25 08:53:54,638 [grpc-default-executor-2] WARN  server.GrpcLogAppender (GrpcLogAppender.java:resetClient(128)) - df7ffc6f-4fb9-49c9-8407-31fb6ff06550@group-82CCEDDB1BA2->8a274684-c774-4cfd-af69-c1a0c827c28c-GrpcLogAppender: Follower failed when matchIndex == 0,  keep nextIndex (1) unchanged and retry.
2023-08-25 08:53:55,602 [ReplicationMonitor] INFO  replication.ReplicationManager (ReplicationManager.java:processAll(389)) - Replication Monitor Thread took 0 milliseconds for processing 1 containers.
2023-08-25 08:53:55,886 [grpc-default-executor-2] WARN  server.GrpcLogAppender (LogUtils.java:warn(122)) - df7ffc6f-4fb9-49c9-8407-31fb6ff06550@group-82CCEDDB1BA2->8a274684-c774-4cfd-af69-c1a0c827c28c-AppendLogResponseHandler: Failed appendEntries: org.apache.ratis.thirdparty.io.grpc.StatusRuntimeException: UNAVAILABLE: io exception
2023-08-25 08:53:55,886 [grpc-default-executor-0] WARN  server.GrpcLogAppender (LogUtils.java:warn(122)) - df7ffc6f-4fb9-49c9-8407-31fb6ff06550@group-82CCEDDB1BA2->8a274684-c774-4cfd-af69-c1a0c827c28c-AppendLogResponseHandler: Failed appendEntries: org.apache.ratis.thirdparty.io.grpc.StatusRuntimeException: UNAVAILABLE: io exception
2023-08-25 08:53:55,887 [grpc-default-executor-2] WARN  server.GrpcLogAppender (GrpcLogAppender.java:resetClient(128)) - df7ffc6f-4fb9-49c9-8407-31fb6ff06550@group-82CCEDDB1BA2->8a274684-c774-4cfd-af69-c1a0c827c28c-GrpcLogAppender: Follower failed when matchIndex == 0,  keep nextIndex (1) unchanged and retry.
2023-08-25 08:53:55,887 [grpc-default-executor-0] WARN  server.GrpcLogAppender (GrpcLogAppender.java:resetClient(128)) - df7ffc6f-4fb9-49c9-8407-31fb6ff06550@group-82CCEDDB1BA2->8a274684-c774-4cfd-af69-c1a0c827c28c-GrpcLogAppender: Follower failed when matchIndex == 0,  keep nextIndex (1) unchanged and retry.
2023-08-25 08:53:56,373 [EventQueue-StaleNodeForStaleNodeHandler] INFO  node.StaleNodeHandler (StaleNodeHandler.java:onMessage(58)) - Datanode 8a274684-c774-4cfd-af69-c1a0c827c28c(fv-az584-689.msjcyvhqqs1uvpg4fm53wptgqc.jx.internal.cloudapp.net/10.1.0.19) moved to stale state. Finalizing its pipelines [PipelineID=3be12123-4a25-4ac6-9ba2-82cceddb1ba2, PipelineID=bfea3e49-4f7a-4011-b168-37d1433de2f4, PipelineID=96d085e2-cd34-44b0-bb30-620d11577367]
2023-08-25 08:53:56,374 [EventQueue-StaleNodeForStaleNodeHandler] INFO  pipeline.PipelineManagerImpl (PipelineManagerImpl.java:closePipeline(529)) - Pipeline Pipeline[ Id: 3be12123-4a25-4ac6-9ba2-82cceddb1ba2, Nodes: df7ffc6f-4fb9-49c9-8407-31fb6ff06550(fv-az584-689.msjcyvhqqs1uvpg4fm53wptgqc.jx.internal.cloudapp.net/10.1.0.19)74226a13-8718-4542-a815-a533182346c1(fv-az584-689.msjcyvhqqs1uvpg4fm53wptgqc.jx.internal.cloudapp.net/10.1.0.19)8a274684-c774-4cfd-af69-c1a0c827c28c(fv-az584-689.msjcyvhqqs1uvpg4fm53wptgqc.jx.internal.cloudapp.net/10.1.0.19), ReplicationConfig: RATIS/THREE, State:OPEN, leaderId:df7ffc6f-4fb9-49c9-8407-31fb6ff06550, CreationTimestamp2023-08-25T08:53:40.537Z[Etc/UTC]] moved to CLOSED state
2023-08-25 08:53:56,375 [EventQueue-StaleNodeForStaleNodeHandler] INFO  pipeline.PipelineManagerImpl (PipelineManagerImpl.java:closePipeline(529)) - Pipeline Pipeline[ Id: bfea3e49-4f7a-4011-b168-37d1433de2f4, Nodes: 8a274684-c774-4cfd-af69-c1a0c827c28c(fv-az584-689.msjcyvhqqs1uvpg4fm53wptgqc.jx.internal.cloudapp.net/10.1.0.19)74226a13-8718-4542-a815-a533182346c1(fv-az584-689.msjcyvhqqs1uvpg4fm53wptgqc.jx.internal.cloudapp.net/10.1.0.19)df7ffc6f-4fb9-49c9-8407-31fb6ff06550(fv-az584-689.msjcyvhqqs1uvpg4fm53wptgqc.jx.internal.cloudapp.net/10.1.0.19), ReplicationConfig: RATIS/THREE, State:OPEN, leaderId:8a274684-c774-4cfd-af69-c1a0c827c28c, CreationTimestamp2023-08-25T08:53:40.536Z[Etc/UTC]] moved to CLOSED state
2023-08-25 08:53:56,375 [EventQueue-StaleNodeForStaleNodeHandler] INFO  pipeline.PipelineManagerImpl (PipelineManagerImpl.java:closePipeline(529)) - Pipeline Pipeline[ Id: 96d085e2-cd34-44b0-bb30-620d11577367, Nodes: 8a274684-c774-4cfd-af69-c1a0c827c28c(fv-az584-689.msjcyvhqqs1uvpg4fm53wptgqc.jx.internal.cloudapp.net/10.1.0.19), ReplicationConfig: RATIS/ONE, State:OPEN, leaderId:8a274684-c774-4cfd-af69-c1a0c827c28c, CreationTimestamp2023-08-25T08:53:39.893Z[Etc/UTC]] moved to CLOSED state
2023-08-25 08:53:56,382 [Time-limited test] INFO  utils.DatanodeStoreCache (DatanodeStoreCache.java:shutdownCache(110)) - Skip clearing cache in mini cluster mode. Entries left: [/home/runner/work/ozone/ozone/hadoop-ozone/integration-test/target/test-dir/MiniOzoneClusterImpl-e692d0c4-4f9e-424f-81a0-065ebcedd1d3/datanode-0/data-0/containers/hdds/e692d0c4-4f9e-424f-81a0-065ebcedd1d3/DS-be2fa097-5062-4918-a5fd-eedf0ac8449b/container.db, /home/runner/work/ozone/ozone/hadoop-ozone/integration-test/target/test-dir/MiniOzoneClusterImpl-e692d0c4-4f9e-424f-81a0-065ebcedd1d3/datanode-1/data-0/containers/hdds/e692d0c4-4f9e-424f-81a0-065ebcedd1d3/DS-8b3e1cff-4b5f-4379-823d-75855715789b/container.db, /home/runner/work/ozone/ozone/hadoop-ozone/integration-test/target/test-dir/MiniOzoneClusterImpl-e692d0c4-4f9e-424f-81a0-065ebcedd1d3/datanode-2/data-0/containers/hdds/e692d0c4-4f9e-424f-81a0-065ebcedd1d3/DS-66290d07-67a3-48df-8e25-ebcae03fef9e/container.db, /home/runner/work/ozone/ozone/hadoop-ozone/integration-test/target/test-dir/MiniOzoneClusterImpl-e692d0c4-4f9e-424f-81a0-065ebcedd1d3/datanode-3/data-0/containers/hdds/e692d0c4-4f9e-424f-81a0-065ebcedd1d3/DS-dd063d4e-8cce-4b53-94a1-a63079a3a8eb/container.db, /home/runner/work/ozone/ozone/hadoop-ozone/integration-test/target/test-dir/MiniOzoneClusterImpl-e692d0c4-4f9e-424f-81a0-065ebcedd1d3/datanode-4/data-0/containers/hdds/e692d0c4-4f9e-424f-81a0-065ebcedd1d3/DS-743ea665-d9b8-4d49-82c9-aa5674f013f1/container.db]
2023-08-25 08:53:56,385 [Time-limited test] INFO  utils.DatanodeStoreCache (DatanodeStoreCache.java:removeDB(104)) - Removed db /home/runner/work/ozone/ozone/hadoop-ozone/integration-test/target/test-dir/MiniOzoneClusterImpl-e692d0c4-4f9e-424f-81a0-065ebcedd1d3/datanode-0/data-0/containers/hdds/e692d0c4-4f9e-424f-81a0-065ebcedd1d3/DS-be2fa097-5062-4918-a5fd-eedf0ac8449b/container.db from cache
2023-08-25 08:53:56,386 [Time-limited test] INFO  volume.HddsVolume (HddsVolume.java:closeDbStore(453)) - SchemaV3 db is stopped at /home/runner/work/ozone/ozone/hadoop-ozone/integration-test/target/test-dir/MiniOzoneClusterImpl-e692d0c4-4f9e-424f-81a0-065ebcedd1d3/datanode-0/data-0/containers/hdds/e692d0c4-4f9e-424f-81a0-065ebcedd1d3/DS-be2fa097-5062-4918-a5fd-eedf0ac8449b/container.db for volume DS-be2fa097-5062-4918-a5fd-eedf0ac8449b
2023-08-25 08:53:56,386 [Time-limited test] INFO  utils.BackgroundService (BackgroundService.java:shutdown(141)) - Shutting down service BlockDeletingService
2023-08-25 08:53:56,386 [Time-limited test] INFO  utils.BackgroundService (BackgroundService.java:shutdown(141)) - Shutting down service StaleRecoveringContainerScrubbingService
2023-08-25 08:53:56,386 [Time-limited test] INFO  statemachine.DatanodeStateMachine (DatanodeStateMachine.java:stopDaemon(620)) - Ozone container server stopped.
2023-08-25 08:53:56,397 [Time-limited test] INFO  handler.ContextHandler (ContextHandler.java:doStop(1159)) - Stopped o.e.j.w.WebAppContext@57281a7{hddsDatanode,/,null,STOPPED}{jar:file:/home/runner/.m2/repository/org/apache/ozone/hdds-container-service/1.4.0-SNAPSHOT/hdds-container-service-1.4.0-SNAPSHOT.jar!/webapps/hddsDatanode}
2023-08-25 08:53:56,399 [Time-limited test] INFO  server.AbstractConnector (AbstractConnector.java:doStop(383)) - Stopped ServerConnector@5956bbaa{HTTP/1.1, (http/1.1)}{0.0.0.0:15221}
2023-08-25 08:53:56,399 [Time-limited test] INFO  server.session (HouseKeeper.java:stopScavenging(149)) - node0 Stopped scavenging
2023-08-25 08:53:56,399 [Time-limited test] INFO  handler.ContextHandler (ContextHandler.java:doStop(1159)) - Stopped o.e.j.s.ServletContextHandler@4b714ec0{static,/static,jar:file:/home/runner/.m2/repository/org/apache/ozone/hdds-container-service/1.4.0-SNAPSHOT/hdds-container-service-1.4.0-SNAPSHOT.jar!/webapps/static,STOPPED}
2023-08-25 08:53:56,400 [Time-limited test] INFO  handler.ContextHandler (ContextHandler.java:doStop(1159)) - Stopped o.e.j.s.ServletContextHandler@487c4216{logs,/logs,file:///home/runner/work/ozone/ozone/hadoop-ozone/integration-test/target/log,STOPPED}
2023-08-25 08:53:56,401 [Time-limited test] INFO  ozone.HddsDatanodeClientProtocolServer (HddsDatanodeClientProtocolServer.java:stop(78)) - Stopping the RPC server for Client Protocol
2023-08-25 08:53:56,401 [Time-limited test] INFO  ipc.Server (Server.java:stop(3523)) - Stopping server on 15222
2023-08-25 08:53:56,403 [IPC Server listener on 15222] INFO  ipc.Server (Server.java:run(1434)) - Stopping IPC Server listener on 15222
2023-08-25 08:53:56,406 [IPC Server Responder] INFO  ipc.Server (Server.java:run(1567)) - Stopping IPC Server Responder
2023-08-25 08:53:56,407 [Time-limited test] INFO  container.TestHelper (TestHelper.java:countReplicas(423)) - Container 1 has 3 replicas on [74226a13-8718-4542-a815-a533182346c1, 8a274684-c774-4cfd-af69-c1a0c827c28c, df7ffc6f-4fb9-49c9-8407-31fb6ff06550]
2023-08-25 08:53:56,603 [ReplicationMonitor] INFO  replication.ReplicationManager (ReplicationManager.java:processAll(389)) - Replication Monitor Thread took 1 milliseconds for processing 1 containers.
2023-08-25 08:53:57,136 [grpc-default-executor-0] WARN  server.GrpcLogAppender (LogUtils.java:warn(122)) - df7ffc6f-4fb9-49c9-8407-31fb6ff06550@group-82CCEDDB1BA2->8a274684-c774-4cfd-af69-c1a0c827c28c-AppendLogResponseHandler: Failed appendEntries: org.apache.ratis.thirdparty.io.grpc.StatusRuntimeException: UNAVAILABLE: io exception
2023-08-25 08:53:57,137 [grpc-default-executor-0] WARN  server.GrpcLogAppender (GrpcLogAppender.java:resetClient(128)) - df7ffc6f-4fb9-49c9-8407-31fb6ff06550@group-82CCEDDB1BA2->8a274684-c774-4cfd-af69-c1a0c827c28c-GrpcLogAppender: Follower failed when matchIndex == 0,  keep nextIndex (1) unchanged and retry.
2023-08-25 08:53:57,138 [grpc-default-executor-2] WARN  server.GrpcLogAppender (LogUtils.java:warn(122)) - df7ffc6f-4fb9-49c9-8407-31fb6ff06550@group-82CCEDDB1BA2->8a274684-c774-4cfd-af69-c1a0c827c28c-AppendLogResponseHandler: Failed appendEntries: org.apache.ratis.thirdparty.io.grpc.StatusRuntimeException: UNAVAILABLE: io exception
2023-08-25 08:53:57,138 [grpc-default-executor-2] WARN  server.GrpcLogAppender (GrpcLogAppender.java:resetClient(128)) - df7ffc6f-4fb9-49c9-8407-31fb6ff06550@group-82CCEDDB1BA2->8a274684-c774-4cfd-af69-c1a0c827c28c-GrpcLogAppender: Follower failed when matchIndex == 0,  keep nextIndex (1) unchanged and retry.
2023-08-25 08:53:57,407 [Time-limited test] INFO  container.TestHelper (TestHelper.java:countReplicas(423)) - Container 1 has 3 replicas on [74226a13-8718-4542-a815-a533182346c1, 8a274684-c774-4cfd-af69-c1a0c827c28c, df7ffc6f-4fb9-49c9-8407-31fb6ff06550]
2023-08-25 08:53:57,604 [ReplicationMonitor] INFO  replication.ReplicationManager (ReplicationManager.java:processAll(389)) - Replication Monitor Thread took 1 milliseconds for processing 1 containers.
2023-08-25 08:53:58,387 [grpc-default-executor-2] WARN  server.GrpcLogAppender (LogUtils.java:warn(122)) - df7ffc6f-4fb9-49c9-8407-31fb6ff06550@group-82CCEDDB1BA2->8a274684-c774-4cfd-af69-c1a0c827c28c-AppendLogResponseHandler: Failed appendEntries: org.apache.ratis.thirdparty.io.grpc.StatusRuntimeException: UNAVAILABLE: io exception
2023-08-25 08:53:58,388 [grpc-default-executor-2] WARN  server.GrpcLogAppender (GrpcLogAppender.java:resetClient(128)) - df7ffc6f-4fb9-49c9-8407-31fb6ff06550@group-82CCEDDB1BA2->8a274684-c774-4cfd-af69-c1a0c827c28c-GrpcLogAppender: Follower failed when matchIndex == 0,  keep nextIndex (1) unchanged and retry.
2023-08-25 08:53:58,388 [grpc-default-executor-0] WARN  server.GrpcLogAppender (LogUtils.java:warn(122)) - df7ffc6f-4fb9-49c9-8407-31fb6ff06550@group-82CCEDDB1BA2->8a274684-c774-4cfd-af69-c1a0c827c28c-AppendLogResponseHandler: Failed appendEntries: org.apache.ratis.thirdparty.io.grpc.StatusRuntimeException: UNAVAILABLE: io exception
2023-08-25 08:53:58,388 [grpc-default-executor-0] WARN  server.GrpcLogAppender (GrpcLogAppender.java:resetClient(128)) - df7ffc6f-4fb9-49c9-8407-31fb6ff06550@group-82CCEDDB1BA2->8a274684-c774-4cfd-af69-c1a0c827c28c-GrpcLogAppender: Follower failed when matchIndex == 0,  keep nextIndex (1) unchanged and retry.
2023-08-25 08:53:58,407 [Time-limited test] INFO  container.TestHelper (TestHelper.java:countReplicas(423)) - Container 1 has 3 replicas on [74226a13-8718-4542-a815-a533182346c1, 8a274684-c774-4cfd-af69-c1a0c827c28c, df7ffc6f-4fb9-49c9-8407-31fb6ff06550]
2023-08-25 08:53:58,604 [ReplicationMonitor] INFO  replication.ReplicationManager (ReplicationManager.java:processAll(389)) - Replication Monitor Thread took 0 milliseconds for processing 1 containers.
2023-08-25 08:53:59,381 [EventQueue-DeadNodeForDeadNodeHandler] INFO  node.DeadNodeHandler (DeadNodeHandler.java:onMessage(82)) - A dead datanode is detected. 8a274684-c774-4cfd-af69-c1a0c827c28c(fv-az584-689.msjcyvhqqs1uvpg4fm53wptgqc.jx.internal.cloudapp.net/10.1.0.19)
2023-08-25 08:53:59,381 [EventQueue-DeadNodeForDeadNodeHandler] INFO  pipeline.RatisPipelineProvider (RatisPipelineProvider.java:lambda$close$4(272)) - Send pipeline:PipelineID=3be12123-4a25-4ac6-9ba2-82cceddb1ba2 close command to datanode df7ffc6f-4fb9-49c9-8407-31fb6ff06550
2023-08-25 08:53:59,381 [EventQueue-DeadNodeForDeadNodeHandler] INFO  pipeline.RatisPipelineProvider (RatisPipelineProvider.java:lambda$close$4(272)) - Send pipeline:PipelineID=3be12123-4a25-4ac6-9ba2-82cceddb1ba2 close command to datanode 74226a13-8718-4542-a815-a533182346c1
2023-08-25 08:53:59,381 [EventQueue-DeadNodeForDeadNodeHandler] INFO  pipeline.RatisPipelineProvider (RatisPipelineProvider.java:lambda$close$4(272)) - Send pipeline:PipelineID=3be12123-4a25-4ac6-9ba2-82cceddb1ba2 close command to datanode 8a274684-c774-4cfd-af69-c1a0c827c28c
2023-08-25 08:53:59,383 [EventQueue-DeadNodeForDeadNodeHandler] INFO  pipeline.PipelineManagerImpl (PipelineManagerImpl.java:removePipeline(478)) - Pipeline Pipeline[ Id: 3be12123-4a25-4ac6-9ba2-82cceddb1ba2, Nodes: df7ffc6f-4fb9-49c9-8407-31fb6ff06550(fv-az584-689.msjcyvhqqs1uvpg4fm53wptgqc.jx.internal.cloudapp.net/10.1.0.19)74226a13-8718-4542-a815-a533182346c1(fv-az584-689.msjcyvhqqs1uvpg4fm53wptgqc.jx.internal.cloudapp.net/10.1.0.19)8a274684-c774-4cfd-af69-c1a0c827c28c(fv-az584-689.msjcyvhqqs1uvpg4fm53wptgqc.jx.internal.cloudapp.net/10.1.0.19), ReplicationConfig: RATIS/THREE, State:CLOSED, leaderId:df7ffc6f-4fb9-49c9-8407-31fb6ff06550, CreationTimestamp2023-08-25T08:53:40.537Z[Etc/UTC]] removed.
2023-08-25 08:53:59,383 [EventQueue-DeadNodeForDeadNodeHandler] INFO  pipeline.RatisPipelineProvider (RatisPipelineProvider.java:lambda$close$4(272)) - Send pipeline:PipelineID=bfea3e49-4f7a-4011-b168-37d1433de2f4 close command to datanode 8a274684-c774-4cfd-af69-c1a0c827c28c
2023-08-25 08:53:59,383 [EventQueue-DeadNodeForDeadNodeHandler] INFO  pipeline.RatisPipelineProvider (RatisPipelineProvider.java:lambda$close$4(272)) - Send pipeline:PipelineID=bfea3e49-4f7a-4011-b168-37d1433de2f4 close command to datanode 74226a13-8718-4542-a815-a533182346c1
2023-08-25 08:53:59,383 [EventQueue-DeadNodeForDeadNodeHandler] INFO  pipeline.RatisPipelineProvider (RatisPipelineProvider.java:lambda$close$4(272)) - Send pipeline:PipelineID=bfea3e49-4f7a-4011-b168-37d1433de2f4 close command to datanode df7ffc6f-4fb9-49c9-8407-31fb6ff06550
2023-08-25 08:53:59,384 [EventQueue-DeadNodeForDeadNodeHandler] INFO  pipeline.PipelineManagerImpl (PipelineManagerImpl.java:removePipeline(478)) - Pipeline Pipeline[ Id: bfea3e49-4f7a-4011-b168-37d1433de2f4, Nodes: 8a274684-c774-4cfd-af69-c1a0c827c28c(fv-az584-689.msjcyvhqqs1uvpg4fm53wptgqc.jx.internal.cloudapp.net/10.1.0.19)74226a13-8718-4542-a815-a533182346c1(fv-az584-689.msjcyvhqqs1uvpg4fm53wptgqc.jx.internal.cloudapp.net/10.1.0.19)df7ffc6f-4fb9-49c9-8407-31fb6ff06550(fv-az584-689.msjcyvhqqs1uvpg4fm53wptgqc.jx.internal.cloudapp.net/10.1.0.19), ReplicationConfig: RATIS/THREE, State:CLOSED, leaderId:8a274684-c774-4cfd-af69-c1a0c827c28c, CreationTimestamp2023-08-25T08:53:40.536Z[Etc/UTC]] removed.
2023-08-25 08:53:59,384 [EventQueue-DeadNodeForDeadNodeHandler] INFO  pipeline.RatisPipelineProvider (RatisPipelineProvider.java:lambda$close$4(272)) - Send pipeline:PipelineID=96d085e2-cd34-44b0-bb30-620d11577367 close command to datanode 8a274684-c774-4cfd-af69-c1a0c827c28c
2023-08-25 08:53:59,384 [EventQueue-DeadNodeForDeadNodeHandler] INFO  pipeline.PipelineManagerImpl (PipelineManagerImpl.java:removePipeline(478)) - Pipeline Pipeline[ Id: 96d085e2-cd34-44b0-bb30-620d11577367, Nodes: 8a274684-c774-4cfd-af69-c1a0c827c28c(fv-az584-689.msjcyvhqqs1uvpg4fm53wptgqc.jx.internal.cloudapp.net/10.1.0.19), ReplicationConfig: RATIS/ONE, State:CLOSED, leaderId:8a274684-c774-4cfd-af69-c1a0c827c28c, CreationTimestamp2023-08-25T08:53:39.893Z[Etc/UTC]] removed.
2023-08-25 08:53:59,384 [EventQueue-DeadNodeForDeadNodeHandler] INFO  node.DeadNodeHandler (DeadNodeHandler.java:onMessage(95)) - Clearing command queue of size 3 for DN 8a274684-c774-4cfd-af69-c1a0c827c28c(fv-az584-689.msjcyvhqqs1uvpg4fm53wptgqc.jx.internal.cloudapp.net/10.1.0.19)
2023-08-25 08:53:59,384 [EventQueue-DeadNodeForDeadNodeHandler] INFO  net.NetworkTopologyImpl (NetworkTopologyImpl.java:remove(190)) - Removed a node: /default-rack/8a274684-c774-4cfd-af69-c1a0c827c28c
2023-08-25 08:53:59,408 [Time-limited test] INFO  container.TestHelper (TestHelper.java:countReplicas(423)) - Container 1 has 2 replicas on [74226a13-8718-4542-a815-a533182346c1, df7ffc6f-4fb9-49c9-8407-31fb6ff06550]
2023-08-25 08:53:59,408 [Time-limited test] INFO  container.TestHelper (TestHelper.java:countReplicas(423)) - Container 1 has 2 replicas on [74226a13-8718-4542-a815-a533182346c1, df7ffc6f-4fb9-49c9-8407-31fb6ff06550]
2023-08-25 08:53:59,605 [ReplicationMonitor] INFO  replication.ReplicationManager (ReplicationManager.java:processAll(389)) - Replication Monitor Thread took 1 milliseconds for processing 1 containers.
2023-08-25 08:53:59,637 [grpc-default-executor-0] WARN  server.GrpcLogAppender (LogUtils.java:warn(122)) - df7ffc6f-4fb9-49c9-8407-31fb6ff06550@group-82CCEDDB1BA2->8a274684-c774-4cfd-af69-c1a0c827c28c-AppendLogResponseHandler: Failed appendEntries: org.apache.ratis.thirdparty.io.grpc.StatusRuntimeException: UNAVAILABLE: io exception
2023-08-25 08:53:59,638 [grpc-default-executor-0] WARN  server.GrpcLogAppender (GrpcLogAppender.java:resetClient(128)) - df7ffc6f-4fb9-49c9-8407-31fb6ff06550@group-82CCEDDB1BA2->8a274684-c774-4cfd-af69-c1a0c827c28c-GrpcLogAppender: Follower failed when matchIndex == 0,  keep nextIndex (1) unchanged and retry.
2023-08-25 08:53:59,638 [grpc-default-executor-2] WARN  server.GrpcLogAppender (LogUtils.java:warn(122)) - df7ffc6f-4fb9-49c9-8407-31fb6ff06550@group-82CCEDDB1BA2->8a274684-c774-4cfd-af69-c1a0c827c28c-AppendLogResponseHandler: Failed appendEntries: org.apache.ratis.thirdparty.io.grpc.StatusRuntimeException: UNAVAILABLE: io exception
2023-08-25 08:53:59,639 [grpc-default-executor-2] WARN  server.GrpcLogAppender (GrpcLogAppender.java:resetClient(128)) - df7ffc6f-4fb9-49c9-8407-31fb6ff06550@group-82CCEDDB1BA2->8a274684-c774-4cfd-af69-c1a0c827c28c-GrpcLogAppender: Follower failed when matchIndex == 0,  keep nextIndex (1) unchanged and retry.
2023-08-25 08:54:00,408 [Time-limited test] INFO  container.TestHelper (TestHelper.java:countReplicas(423)) - Container 1 has 2 replicas on [74226a13-8718-4542-a815-a533182346c1, df7ffc6f-4fb9-49c9-8407-31fb6ff06550]
2023-08-25 08:54:00,605 [Under Replicated Processor] INFO  replication.ReplicationManager (ReplicationManager.java:sendDatanodeCommand(669)) - Sending command [replicateContainerCommand: containerId=1, replicaIndex=0, targetNode=fe50a787-6632-4d4b-966e-2aa891a7aebb(fv-az584-689.msjcyvhqqs1uvpg4fm53wptgqc.jx.internal.cloudapp.net/10.1.0.19), priority=NORMAL] for container ContainerInfo{id=#1, state=CLOSED, stateEnterTime=2023-08-25T08:53:53.323Z, pipelineID=PipelineID=bfea3e49-4f7a-4011-b168-37d1433de2f4, owner=om1} to 74226a13-8718-4542-a815-a533182346c1(fv-az584-689.msjcyvhqqs1uvpg4fm53wptgqc.jx.internal.cloudapp.net/10.1.0.19) with datanode deadline 1692954210605 and scm deadline 1692954240605
2023-08-25 08:54:00,605 [Under Replicated Processor] INFO  replication.UnhealthyReplicationProcessor (UnhealthyReplicationProcessor.java:processAll(138)) - Processed 1 containers with health state counts {UNDER_REPLICATED=1}, failed processing 0, deferred due to load 0
2023-08-25 08:54:00,606 [ReplicationMonitor] INFO  replication.ReplicationManager (ReplicationManager.java:processAll(389)) - Replication Monitor Thread took 1 milliseconds for processing 1 containers.
2023-08-25 08:54:00,888 [grpc-default-executor-0] WARN  server.GrpcLogAppender (LogUtils.java:warn(122)) - df7ffc6f-4fb9-49c9-8407-31fb6ff06550@group-82CCEDDB1BA2->8a274684-c774-4cfd-af69-c1a0c827c28c-AppendLogResponseHandler: Failed appendEntries: org.apache.ratis.thirdparty.io.grpc.StatusRuntimeException: UNAVAILABLE: io exception
2023-08-25 08:54:00,888 [grpc-default-executor-2] WARN  server.GrpcLogAppender (LogUtils.java:warn(122)) - df7ffc6f-4fb9-49c9-8407-31fb6ff06550@group-82CCEDDB1BA2->8a274684-c774-4cfd-af69-c1a0c827c28c-AppendLogResponseHandler: Failed appendEntries: org.apache.ratis.thirdparty.io.grpc.StatusRuntimeException: UNAVAILABLE: io exception
2023-08-25 08:54:00,889 [grpc-default-executor-0] WARN  server.GrpcLogAppender (GrpcLogAppender.java:resetClient(128)) - df7ffc6f-4fb9-49c9-8407-31fb6ff06550@group-82CCEDDB1BA2->8a274684-c774-4cfd-af69-c1a0c827c28c-GrpcLogAppender: Follower failed when matchIndex == 0,  keep nextIndex (1) unchanged and retry.
2023-08-25 08:54:00,890 [grpc-default-executor-2] WARN  server.GrpcLogAppender (GrpcLogAppender.java:resetClient(128)) - df7ffc6f-4fb9-49c9-8407-31fb6ff06550@group-82CCEDDB1BA2->8a274684-c774-4cfd-af69-c1a0c827c28c-GrpcLogAppender: Follower failed when matchIndex == 0,  keep nextIndex (1) unchanged and retry.
2023-08-25 08:54:01,334 [PipelineCommandHandlerThread-0] INFO  server.RaftServer (RaftServerProxy.java:remove(109)) - 74226a13-8718-4542-a815-a533182346c1: remove  FOLLOWER 74226a13-8718-4542-a815-a533182346c1@group-82CCEDDB1BA2:t1, leader=df7ffc6f-4fb9-49c9-8407-31fb6ff06550, voted=df7ffc6f-4fb9-49c9-8407-31fb6ff06550, raftlog=Memoized:74226a13-8718-4542-a815-a533182346c1@group-82CCEDDB1BA2-SegmentedRaftLog:OPENED:c0, conf=0: peers:[8a274684-c774-4cfd-af69-c1a0c827c28c|rpc:10.1.0.19:15226|admin:10.1.0.19:15225|client:10.1.0.19:15224|dataStream:10.1.0.19:15227|priority:0|startupRole:FOLLOWER, df7ffc6f-4fb9-49c9-8407-31fb6ff06550|rpc:10.1.0.19:15244|admin:10.1.0.19:15243|client:10.1.0.19:15242|dataStream:10.1.0.19:15245|priority:1|startupRole:FOLLOWER, 74226a13-8718-4542-a815-a533182346c1|rpc:10.1.0.19:15235|admin:10.1.0.19:15234|client:10.1.0.19:15233|dataStream:10.1.0.19:15236|priority:0|startupRole:FOLLOWER]|listeners:[], old=null RUNNING
2023-08-25 08:54:01,334 [PipelineCommandHandlerThread-0] INFO  server.RaftServer$Division (RaftServerImpl.java:lambda$close$4(466)) - 74226a13-8718-4542-a815-a533182346c1@group-82CCEDDB1BA2: shutdown
2023-08-25 08:54:01,334 [PipelineCommandHandlerThread-0] INFO  util.JmxRegister (JmxRegister.java:unregister(73)) - Successfully un-registered JMX Bean with object name Ratis:service=RaftServer,group=group-82CCEDDB1BA2,id=74226a13-8718-4542-a815-a533182346c1
2023-08-25 08:54:01,334 [PipelineCommandHandlerThread-0] INFO  impl.RoleInfo (RoleInfo.java:shutdownFollowerState(110)) - 74226a13-8718-4542-a815-a533182346c1: shutdown 74226a13-8718-4542-a815-a533182346c1@group-82CCEDDB1BA2-FollowerState
2023-08-25 08:54:01,334 [PipelineCommandHandlerThread-0] INFO  impl.StateMachineUpdater (StateMachineUpdater.java:stopAndJoin(155)) - 74226a13-8718-4542-a815-a533182346c1@group-82CCEDDB1BA2-StateMachineUpdater: set stopIndex = 0
2023-08-25 08:54:01,335 [74226a13-8718-4542-a815-a533182346c1@group-82CCEDDB1BA2-FollowerState] INFO  impl.FollowerState (FollowerState.java:run(152)) - 74226a13-8718-4542-a815-a533182346c1@group-82CCEDDB1BA2-FollowerState was interrupted
2023-08-25 08:54:01,336 [74226a13-8718-4542-a815-a533182346c1@group-82CCEDDB1BA2-StateMachineUpdater] INFO  ratis.ContainerStateMachine (ContainerStateMachine.java:takeSnapshot(330)) - group-82CCEDDB1BA2: Taking a snapshot at:(t:1, i:0) file /home/runner/work/ozone/ozone/hadoop-ozone/integration-test/target/test-dir/MiniOzoneClusterImpl-e692d0c4-4f9e-424f-81a0-065ebcedd1d3/datanode-1/data/ratis/3be12123-4a25-4ac6-9ba2-82cceddb1ba2/sm/snapshot.1_0
2023-08-25 08:54:01,337 [74226a13-8718-4542-a815-a533182346c1@group-82CCEDDB1BA2-StateMachineUpdater] INFO  ratis.ContainerStateMachine (ContainerStateMachine.java:takeSnapshot(341)) - group-82CCEDDB1BA2: Finished taking a snapshot at:(t:1, i:0) file:/home/runner/work/ozone/ozone/hadoop-ozone/integration-test/target/test-dir/MiniOzoneClusterImpl-e692d0c4-4f9e-424f-81a0-065ebcedd1d3/datanode-1/data/ratis/3be12123-4a25-4ac6-9ba2-82cceddb1ba2/sm/snapshot.1_0 took: 1 ms
2023-08-25 08:54:01,338 [74226a13-8718-4542-a815-a533182346c1@group-82CCEDDB1BA2-StateMachineUpdater] INFO  impl.StateMachineUpdater (StateMachineUpdater.java:takeSnapshot(291)) - 74226a13-8718-4542-a815-a533182346c1@group-82CCEDDB1BA2-StateMachineUpdater: Took a snapshot at index 0
2023-08-25 08:54:01,338 [74226a13-8718-4542-a815-a533182346c1@group-82CCEDDB1BA2-StateMachineUpdater] INFO  impl.StateMachineUpdater (StateMachineUpdater.java:lambda$new$0(97)) - 74226a13-8718-4542-a815-a533182346c1@group-82CCEDDB1BA2-StateMachineUpdater: snapshotIndex: updateIncreasingly -1 -> 0
2023-08-25 08:54:01,338 [PipelineCommandHandlerThread-0] INFO  server.RaftServer$Division (ServerState.java:close(472)) - 74226a13-8718-4542-a815-a533182346c1@group-82CCEDDB1BA2: closes. applyIndex: 0
2023-08-25 08:54:01,368 [PipelineCommandHandlerThread-0] INFO  segmented.SegmentedRaftLogWorker (SegmentedRaftLogWorker.java:close(252)) - 74226a13-8718-4542-a815-a533182346c1@group-82CCEDDB1BA2-SegmentedRaftLogWorker close()
2023-08-25 08:54:01,371 [PipelineCommandHandlerThread-0] INFO  server.RaftServer$Division (RaftServerImpl.java:groupRemove(436)) - 74226a13-8718-4542-a815-a533182346c1@group-82CCEDDB1BA2: Succeed to remove RaftStorageDirectory Storage Directory /home/runner/work/ozone/ozone/hadoop-ozone/integration-test/target/test-dir/MiniOzoneClusterImpl-e692d0c4-4f9e-424f-81a0-065ebcedd1d3/datanode-1/data/ratis/3be12123-4a25-4ac6-9ba2-82cceddb1ba2
2023-08-25 08:54:01,371 [PipelineCommandHandlerThread-0] INFO  commandhandler.ClosePipelineCommandHandler (ClosePipelineCommandHandler.java:lambda$handle$0(87)) - Close Pipeline PipelineID=3be12123-4a25-4ac6-9ba2-82cceddb1ba2 command on datanode 74226a13-8718-4542-a815-a533182346c1.
2023-08-25 08:54:01,371 [PipelineCommandHandlerThread-0] INFO  server.RaftServer (RaftServerProxy.java:remove(109)) - 74226a13-8718-4542-a815-a533182346c1: remove  FOLLOWER 74226a13-8718-4542-a815-a533182346c1@group-37D1433DE2F4:t1, leader=8a274684-c774-4cfd-af69-c1a0c827c28c, voted=8a274684-c774-4cfd-af69-c1a0c827c28c, raftlog=Memoized:74226a13-8718-4542-a815-a533182346c1@group-37D1433DE2F4-SegmentedRaftLog:OPENED:c4, conf=0: peers:[8a274684-c774-4cfd-af69-c1a0c827c28c|rpc:10.1.0.19:15226|admin:10.1.0.19:15225|client:10.1.0.19:15224|dataStream:10.1.0.19:15227|priority:1|startupRole:FOLLOWER, 74226a13-8718-4542-a815-a533182346c1|rpc:10.1.0.19:15235|admin:10.1.0.19:15234|client:10.1.0.19:15233|dataStream:10.1.0.19:15236|priority:0|startupRole:FOLLOWER, df7ffc6f-4fb9-49c9-8407-31fb6ff06550|rpc:10.1.0.19:15244|admin:10.1.0.19:15243|client:10.1.0.19:15242|dataStream:10.1.0.19:15245|priority:0|startupRole:FOLLOWER]|listeners:[], old=null RUNNING
2023-08-25 08:54:01,371 [PipelineCommandHandlerThread-0] INFO  server.RaftServer$Division (RaftServerImpl.java:lambda$close$4(466)) - 74226a13-8718-4542-a815-a533182346c1@group-37D1433DE2F4: shutdown
2023-08-25 08:54:01,372 [PipelineCommandHandlerThread-0] INFO  util.JmxRegister (JmxRegister.java:unregister(73)) - Successfully un-registered JMX Bean with object name Ratis:service=RaftServer,group=group-37D1433DE2F4,id=74226a13-8718-4542-a815-a533182346c1
2023-08-25 08:54:01,372 [PipelineCommandHandlerThread-0] INFO  impl.RoleInfo (RoleInfo.java:shutdownFollowerState(110)) - 74226a13-8718-4542-a815-a533182346c1: shutdown 74226a13-8718-4542-a815-a533182346c1@group-37D1433DE2F4-FollowerState
2023-08-25 08:54:01,372 [74226a13-8718-4542-a815-a533182346c1@group-37D1433DE2F4-FollowerState] INFO  impl.FollowerState (FollowerState.java:run(152)) - 74226a13-8718-4542-a815-a533182346c1@group-37D1433DE2F4-FollowerState was interrupted
2023-08-25 08:54:01,373 [PipelineCommandHandlerThread-0] INFO  impl.StateMachineUpdater (StateMachineUpdater.java:stopAndJoin(155)) - 74226a13-8718-4542-a815-a533182346c1@group-37D1433DE2F4-StateMachineUpdater: set stopIndex = 4
2023-08-25 08:54:01,373 [74226a13-8718-4542-a815-a533182346c1@group-37D1433DE2F4-StateMachineUpdater] INFO  ratis.ContainerStateMachine (ContainerStateMachine.java:takeSnapshot(330)) - group-37D1433DE2F4: Taking a snapshot at:(t:1, i:4) file /home/runner/work/ozone/ozone/hadoop-ozone/integration-test/target/test-dir/MiniOzoneClusterImpl-e692d0c4-4f9e-424f-81a0-065ebcedd1d3/datanode-1/data/ratis/bfea3e49-4f7a-4011-b168-37d1433de2f4/sm/snapshot.1_4
2023-08-25 08:54:01,374 [74226a13-8718-4542-a815-a533182346c1@group-37D1433DE2F4-StateMachineUpdater] INFO  ratis.ContainerStateMachine (ContainerStateMachine.java:takeSnapshot(341)) - group-37D1433DE2F4: Finished taking a snapshot at:(t:1, i:4) file:/home/runner/work/ozone/ozone/hadoop-ozone/integration-test/target/test-dir/MiniOzoneClusterImpl-e692d0c4-4f9e-424f-81a0-065ebcedd1d3/datanode-1/data/ratis/bfea3e49-4f7a-4011-b168-37d1433de2f4/sm/snapshot.1_4 took: 1 ms
2023-08-25 08:54:01,374 [74226a13-8718-4542-a815-a533182346c1@group-37D1433DE2F4-StateMachineUpdater] INFO  impl.StateMachineUpdater (StateMachineUpdater.java:takeSnapshot(291)) - 74226a13-8718-4542-a815-a533182346c1@group-37D1433DE2F4-StateMachineUpdater: Took a snapshot at index 4
2023-08-25 08:54:01,374 [74226a13-8718-4542-a815-a533182346c1@group-37D1433DE2F4-StateMachineUpdater] INFO  impl.StateMachineUpdater (StateMachineUpdater.java:lambda$new$0(97)) - 74226a13-8718-4542-a815-a533182346c1@group-37D1433DE2F4-StateMachineUpdater: snapshotIndex: updateIncreasingly -1 -> 4
2023-08-25 08:54:01,375 [PipelineCommandHandlerThread-0] INFO  server.RaftServer$Division (ServerState.java:close(472)) - 74226a13-8718-4542-a815-a533182346c1@group-37D1433DE2F4: closes. applyIndex: 4
2023-08-25 08:54:01,408 [Time-limited test] INFO  container.TestHelper (TestHelper.java:countReplicas(423)) - Container 1 has 2 replicas on [74226a13-8718-4542-a815-a533182346c1, df7ffc6f-4fb9-49c9-8407-31fb6ff06550]
2023-08-25 08:54:01,606 [ReplicationMonitor] INFO  replication.ReplicationManager (ReplicationManager.java:processAll(389)) - Replication Monitor Thread took 0 milliseconds for processing 1 containers.
2023-08-25 08:54:02,138 [grpc-default-executor-2] WARN  server.GrpcLogAppender (LogUtils.java:warn(122)) - df7ffc6f-4fb9-49c9-8407-31fb6ff06550@group-82CCEDDB1BA2->8a274684-c774-4cfd-af69-c1a0c827c28c-AppendLogResponseHandler: Failed appendEntries: org.apache.ratis.thirdparty.io.grpc.StatusRuntimeException: UNAVAILABLE: io exception
2023-08-25 08:54:02,139 [grpc-default-executor-2] WARN  server.GrpcLogAppender (GrpcLogAppender.java:resetClient(128)) - df7ffc6f-4fb9-49c9-8407-31fb6ff06550@group-82CCEDDB1BA2->8a274684-c774-4cfd-af69-c1a0c827c28c-GrpcLogAppender: Follower failed when matchIndex == 0,  keep nextIndex (1) unchanged and retry.
2023-08-25 08:54:02,139 [grpc-default-executor-0] WARN  server.GrpcLogAppender (LogUtils.java:warn(122)) - df7ffc6f-4fb9-49c9-8407-31fb6ff06550@group-82CCEDDB1BA2->8a274684-c774-4cfd-af69-c1a0c827c28c-AppendLogResponseHandler: Failed appendEntries: org.apache.ratis.thirdparty.io.grpc.StatusRuntimeException: UNAVAILABLE: io exception
2023-08-25 08:54:02,140 [grpc-default-executor-0] WARN  server.GrpcLogAppender (GrpcLogAppender.java:resetClient(128)) - df7ffc6f-4fb9-49c9-8407-31fb6ff06550@group-82CCEDDB1BA2->8a274684-c774-4cfd-af69-c1a0c827c28c-GrpcLogAppender: Follower failed when matchIndex == 0,  keep nextIndex (1) unchanged and retry.
2023-08-25 08:54:02,326 [PipelineCommandHandlerThread-0] INFO  segmented.SegmentedRaftLogWorker (SegmentedRaftLogWorker.java:close(252)) - 74226a13-8718-4542-a815-a533182346c1@group-37D1433DE2F4-SegmentedRaftLogWorker close()
2023-08-25 08:54:02,329 [PipelineCommandHandlerThread-0] INFO  server.RaftServer$Division (RaftServerImpl.java:groupRemove(436)) - 74226a13-8718-4542-a815-a533182346c1@group-37D1433DE2F4: Succeed to remove RaftStorageDirectory Storage Directory /home/runner/work/ozone/ozone/hadoop-ozone/integration-test/target/test-dir/MiniOzoneClusterImpl-e692d0c4-4f9e-424f-81a0-065ebcedd1d3/datanode-1/data/ratis/bfea3e49-4f7a-4011-b168-37d1433de2f4
2023-08-25 08:54:02,329 [PipelineCommandHandlerThread-0] INFO  commandhandler.ClosePipelineCommandHandler (ClosePipelineCommandHandler.java:lambda$handle$0(87)) - Close Pipeline PipelineID=bfea3e49-4f7a-4011-b168-37d1433de2f4 command on datanode 74226a13-8718-4542-a815-a533182346c1.
2023-08-25 08:54:02,339 [PipelineCommandHandlerThread-0] INFO  server.RaftServer (RaftServerProxy.java:remove(109)) - df7ffc6f-4fb9-49c9-8407-31fb6ff06550: remove    LEADER df7ffc6f-4fb9-49c9-8407-31fb6ff06550@group-82CCEDDB1BA2:t1, leader=df7ffc6f-4fb9-49c9-8407-31fb6ff06550, voted=df7ffc6f-4fb9-49c9-8407-31fb6ff06550, raftlog=Memoized:df7ffc6f-4fb9-49c9-8407-31fb6ff06550@group-82CCEDDB1BA2-SegmentedRaftLog:OPENED:c0, conf=0: peers:[8a274684-c774-4cfd-af69-c1a0c827c28c|rpc:10.1.0.19:15226|admin:10.1.0.19:15225|client:10.1.0.19:15224|dataStream:10.1.0.19:15227|priority:0|startupRole:FOLLOWER, df7ffc6f-4fb9-49c9-8407-31fb6ff06550|rpc:10.1.0.19:15244|admin:10.1.0.19:15243|client:10.1.0.19:15242|dataStream:10.1.0.19:15245|priority:1|startupRole:FOLLOWER, 74226a13-8718-4542-a815-a533182346c1|rpc:10.1.0.19:15235|admin:10.1.0.19:15234|client:10.1.0.19:15233|dataStream:10.1.0.19:15236|priority:0|startupRole:FOLLOWER]|listeners:[], old=null RUNNING
2023-08-25 08:54:02,339 [PipelineCommandHandlerThread-0] INFO  server.RaftServer$Division (RaftServerImpl.java:lambda$close$4(466)) - df7ffc6f-4fb9-49c9-8407-31fb6ff06550@group-82CCEDDB1BA2: shutdown
2023-08-25 08:54:02,339 [PipelineCommandHandlerThread-0] INFO  util.JmxRegister (JmxRegister.java:unregister(73)) - Successfully un-registered JMX Bean with object name Ratis:service=RaftServer,group=group-82CCEDDB1BA2,id=df7ffc6f-4fb9-49c9-8407-31fb6ff06550
2023-08-25 08:54:02,339 [PipelineCommandHandlerThread-0] INFO  impl.RoleInfo (RoleInfo.java:shutdownLeaderState(93)) - df7ffc6f-4fb9-49c9-8407-31fb6ff06550: shutdown df7ffc6f-4fb9-49c9-8407-31fb6ff06550@group-82CCEDDB1BA2-LeaderStateImpl
2023-08-25 08:54:02,339 [PipelineCommandHandlerThread-0] INFO  impl.PendingRequests (PendingRequests.java:sendNotLeaderResponses(289)) - df7ffc6f-4fb9-49c9-8407-31fb6ff06550@group-82CCEDDB1BA2-PendingRequests: sendNotLeaderResponses
2023-08-25 08:54:02,339 [df7ffc6f-4fb9-49c9-8407-31fb6ff06550@group-82CCEDDB1BA2->74226a13-8718-4542-a815-a533182346c1-GrpcLogAppender-LogAppenderDaemon] WARN  server.GrpcLogAppender (GrpcLogAppender.java:mayWait(199)) - df7ffc6f-4fb9-49c9-8407-31fb6ff06550@group-82CCEDDB1BA2->74226a13-8718-4542-a815-a533182346c1-GrpcLogAppender: Wait interrupted by java.lang.InterruptedException
2023-08-25 08:54:02,340 [PipelineCommandHandlerThread-0] INFO  impl.StateMachineUpdater (StateMachineUpdater.java:stopAndJoin(155)) - df7ffc6f-4fb9-49c9-8407-31fb6ff06550@group-82CCEDDB1BA2-StateMachineUpdater: set stopIndex = 0
2023-08-25 08:54:02,340 [df7ffc6f-4fb9-49c9-8407-31fb6ff06550@group-82CCEDDB1BA2->8a274684-c774-4cfd-af69-c1a0c827c28c-GrpcLogAppender-LogAppenderDaemon] WARN  server.GrpcLogAppender (GrpcLogAppender.java:mayWait(199)) - df7ffc6f-4fb9-49c9-8407-31fb6ff06550@group-82CCEDDB1BA2->8a274684-c774-4cfd-af69-c1a0c827c28c-GrpcLogAppender: Wait interrupted by java.lang.InterruptedException
2023-08-25 08:54:02,340 [df7ffc6f-4fb9-49c9-8407-31fb6ff06550@group-82CCEDDB1BA2-StateMachineUpdater] INFO  ratis.ContainerStateMachine (ContainerStateMachine.java:takeSnapshot(330)) - group-82CCEDDB1BA2: Taking a snapshot at:(t:1, i:0) file /home/runner/work/ozone/ozone/hadoop-ozone/integration-test/target/test-dir/MiniOzoneClusterImpl-e692d0c4-4f9e-424f-81a0-065ebcedd1d3/datanode-2/data/ratis/3be12123-4a25-4ac6-9ba2-82cceddb1ba2/sm/snapshot.1_0
2023-08-25 08:54:02,341 [grpc-default-executor-0] INFO  server.GrpcServerProtocolService (GrpcServerProtocolService.java:onCompleted(155)) - 74226a13-8718-4542-a815-a533182346c1: Completed APPEND_ENTRIES, lastRequest: df7ffc6f-4fb9-49c9-8407-31fb6ff06550->74226a13-8718-4542-a815-a533182346c1#1-t1,previous=(t:0, i:0),leaderCommit=-1,initializing? true,entries: size=1, first=(t:1, i:0), CONFIGURATIONENTRY(current:id: "8a274684-c774-4cfd-af69-c1a0c827c28c"
address: "10.1.0.19:15226"
dataStreamAddress: "10.1.0.19:15227"
clientAddress: "10.1.0.19:15224"
adminAddress: "10.1.0.19:15225"
startupRole: FOLLOWER
,id: "df7ffc6f-4fb9-49c9-8407-31fb6ff06550"
address: "10.1.0.19:15244"
priority: 1
dataStreamAddress: "10.1.0.19:15245"
clientAddress: "10.1.0.19:15242"
adminAddress: "10.1.0.19:15243"
startupRole: FOLLOWER
,id: "74226a13-8718-4542-a815-a533182346c1"
address: "10.1.0.19:15235"
dataStreamAddress: "10.1.0.19:15236"
clientAddress: "10.1.0.19:15233"
adminAddress: "10.1.0.19:15234"
startupRole: FOLLOWER
, old:)
2023-08-25 08:54:02,341 [grpc-default-executor-0] INFO  server.GrpcServerProtocolService (GrpcServerProtocolService.java:lambda$onCompleted$5(157)) - 74226a13-8718-4542-a815-a533182346c1: Completed APPEND_ENTRIES, lastReply: null
2023-08-25 08:54:02,341 [grpc-default-executor-2] INFO  server.GrpcServerProtocolService (GrpcServerProtocolService.java:onCompleted(155)) - 74226a13-8718-4542-a815-a533182346c1: Completed APPEND_ENTRIES, lastRequest: null
2023-08-25 08:54:02,341 [df7ffc6f-4fb9-49c9-8407-31fb6ff06550@group-82CCEDDB1BA2-StateMachineUpdater] INFO  ratis.ContainerStateMachine (ContainerStateMachine.java:takeSnapshot(341)) - group-82CCEDDB1BA2: Finished taking a snapshot at:(t:1, i:0) file:/home/runner/work/ozone/ozone/hadoop-ozone/integration-test/target/test-dir/MiniOzoneClusterImpl-e692d0c4-4f9e-424f-81a0-065ebcedd1d3/datanode-2/data/ratis/3be12123-4a25-4ac6-9ba2-82cceddb1ba2/sm/snapshot.1_0 took: 1 ms
2023-08-25 08:54:02,342 [df7ffc6f-4fb9-49c9-8407-31fb6ff06550@group-82CCEDDB1BA2-StateMachineUpdater] INFO  impl.StateMachineUpdater (StateMachineUpdater.java:takeSnapshot(291)) - df7ffc6f-4fb9-49c9-8407-31fb6ff06550@group-82CCEDDB1BA2-StateMachineUpdater: Took a snapshot at index 0
2023-08-25 08:54:02,342 [df7ffc6f-4fb9-49c9-8407-31fb6ff06550@group-82CCEDDB1BA2-StateMachineUpdater] INFO  impl.StateMachineUpdater (StateMachineUpdater.java:lambda$new$0(97)) - df7ffc6f-4fb9-49c9-8407-31fb6ff06550@group-82CCEDDB1BA2-StateMachineUpdater: snapshotIndex: updateIncreasingly -1 -> 0
2023-08-25 08:54:02,343 [grpc-default-executor-1] INFO  server.GrpcLogAppender (GrpcLogAppender.java:onCompleted(428)) - df7ffc6f-4fb9-49c9-8407-31fb6ff06550@group-82CCEDDB1BA2->74226a13-8718-4542-a815-a533182346c1-AppendLogResponseHandler: follower responses appendEntries COMPLETED
2023-08-25 08:54:02,343 [PipelineCommandHandlerThread-0] INFO  server.RaftServer$Division (ServerState.java:close(472)) - df7ffc6f-4fb9-49c9-8407-31fb6ff06550@group-82CCEDDB1BA2: closes. applyIndex: 0
2023-08-25 08:54:02,343 [grpc-default-executor-1] INFO  leader.FollowerInfo (FollowerInfoImpl.java:lambda$new$0(52)) - df7ffc6f-4fb9-49c9-8407-31fb6ff06550@group-82CCEDDB1BA2->74226a13-8718-4542-a815-a533182346c1: decreaseNextIndex nextIndex: updateUnconditionally 1 -> 0
2023-08-25 08:54:02,343 [grpc-default-executor-2] INFO  server.GrpcServerProtocolService (GrpcServerProtocolService.java:lambda$onCompleted$5(157)) - 74226a13-8718-4542-a815-a533182346c1: Completed APPEND_ENTRIES, lastReply: serverReply {
  requestorId: "df7ffc6f-4fb9-49c9-8407-31fb6ff06550"
  replyId: "74226a13-8718-4542-a815-a533182346c1"
  raftGroupId {
    id: ";\341!#J%J\306\233\242\202\314\355\333\033\242"
  }
  callId: 7
  success: true
}
term: 1
nextIndex: 1
matchIndex: 18446744073709551615
isHearbeat: true

2023-08-25 08:54:02,344 [grpc-default-executor-2] INFO  server.GrpcLogAppender (GrpcLogAppender.java:onCompleted(428)) - df7ffc6f-4fb9-49c9-8407-31fb6ff06550@group-82CCEDDB1BA2->74226a13-8718-4542-a815-a533182346c1-AppendLogResponseHandler: follower responses appendEntries COMPLETED
2023-08-25 08:54:02,409 [Time-limited test] INFO  container.TestHelper (TestHelper.java:countReplicas(423)) - Container 1 has 2 replicas on [74226a13-8718-4542-a815-a533182346c1, df7ffc6f-4fb9-49c9-8407-31fb6ff06550]
2023-08-25 08:54:02,606 [ReplicationMonitor] INFO  replication.ReplicationManager (ReplicationManager.java:processAll(389)) - Replication Monitor Thread took 0 milliseconds for processing 1 containers.
2023-08-25 08:54:03,332 [PipelineCommandHandlerThread-0] INFO  segmented.SegmentedRaftLogWorker (SegmentedRaftLogWorker.java:close(252)) - df7ffc6f-4fb9-49c9-8407-31fb6ff06550@group-82CCEDDB1BA2-SegmentedRaftLogWorker close()
2023-08-25 08:54:03,334 [PipelineCommandHandlerThread-0] INFO  server.RaftServer$Division (RaftServerImpl.java:groupRemove(436)) - df7ffc6f-4fb9-49c9-8407-31fb6ff06550@group-82CCEDDB1BA2: Succeed to remove RaftStorageDirectory Storage Directory /home/runner/work/ozone/ozone/hadoop-ozone/integration-test/target/test-dir/MiniOzoneClusterImpl-e692d0c4-4f9e-424f-81a0-065ebcedd1d3/datanode-2/data/ratis/3be12123-4a25-4ac6-9ba2-82cceddb1ba2
2023-08-25 08:54:03,335 [PipelineCommandHandlerThread-0] INFO  commandhandler.ClosePipelineCommandHandler (ClosePipelineCommandHandler.java:lambda$handle$0(87)) - Close Pipeline PipelineID=3be12123-4a25-4ac6-9ba2-82cceddb1ba2 command on datanode df7ffc6f-4fb9-49c9-8407-31fb6ff06550.
2023-08-25 08:54:03,335 [PipelineCommandHandlerThread-0] INFO  server.RaftServer (RaftServerProxy.java:remove(109)) - df7ffc6f-4fb9-49c9-8407-31fb6ff06550: remove  FOLLOWER df7ffc6f-4fb9-49c9-8407-31fb6ff06550@group-37D1433DE2F4:t1, leader=8a274684-c774-4cfd-af69-c1a0c827c28c, voted=8a274684-c774-4cfd-af69-c1a0c827c28c, raftlog=Memoized:df7ffc6f-4fb9-49c9-8407-31fb6ff06550@group-37D1433DE2F4-SegmentedRaftLog:OPENED:c4, conf=0: peers:[8a274684-c774-4cfd-af69-c1a0c827c28c|rpc:10.1.0.19:15226|admin:10.1.0.19:15225|client:10.1.0.19:15224|dataStream:10.1.0.19:15227|priority:1|startupRole:FOLLOWER, 74226a13-8718-4542-a815-a533182346c1|rpc:10.1.0.19:15235|admin:10.1.0.19:15234|client:10.1.0.19:15233|dataStream:10.1.0.19:15236|priority:0|startupRole:FOLLOWER, df7ffc6f-4fb9-49c9-8407-31fb6ff06550|rpc:10.1.0.19:15244|admin:10.1.0.19:15243|client:10.1.0.19:15242|dataStream:10.1.0.19:15245|priority:0|startupRole:FOLLOWER]|listeners:[], old=null RUNNING
2023-08-25 08:54:03,335 [PipelineCommandHandlerThread-0] INFO  server.RaftServer$Division (RaftServerImpl.java:lambda$close$4(466)) - df7ffc6f-4fb9-49c9-8407-31fb6ff06550@group-37D1433DE2F4: shutdown
2023-08-25 08:54:03,335 [PipelineCommandHandlerThread-0] INFO  util.JmxRegister (JmxRegister.java:unregister(73)) - Successfully un-registered JMX Bean with object name Ratis:service=RaftServer,group=group-37D1433DE2F4,id=df7ffc6f-4fb9-49c9-8407-31fb6ff06550
2023-08-25 08:54:03,335 [PipelineCommandHandlerThread-0] INFO  impl.RoleInfo (RoleInfo.java:shutdownFollowerState(110)) - df7ffc6f-4fb9-49c9-8407-31fb6ff06550: shutdown df7ffc6f-4fb9-49c9-8407-31fb6ff06550@group-37D1433DE2F4-FollowerState
2023-08-25 08:54:03,335 [PipelineCommandHandlerThread-0] INFO  impl.StateMachineUpdater (StateMachineUpdater.java:stopAndJoin(155)) - df7ffc6f-4fb9-49c9-8407-31fb6ff06550@group-37D1433DE2F4-StateMachineUpdater: set stopIndex = 4
2023-08-25 08:54:03,335 [df7ffc6f-4fb9-49c9-8407-31fb6ff06550@group-37D1433DE2F4-FollowerState] INFO  impl.FollowerState (FollowerState.java:run(152)) - df7ffc6f-4fb9-49c9-8407-31fb6ff06550@group-37D1433DE2F4-FollowerState was interrupted
2023-08-25 08:54:03,335 [df7ffc6f-4fb9-49c9-8407-31fb6ff06550@group-37D1433DE2F4-StateMachineUpdater] INFO  ratis.ContainerStateMachine (ContainerStateMachine.java:takeSnapshot(330)) - group-37D1433DE2F4: Taking a snapshot at:(t:1, i:4) file /home/runner/work/ozone/ozone/hadoop-ozone/integration-test/target/test-dir/MiniOzoneClusterImpl-e692d0c4-4f9e-424f-81a0-065ebcedd1d3/datanode-2/data/ratis/bfea3e49-4f7a-4011-b168-37d1433de2f4/sm/snapshot.1_4
2023-08-25 08:54:03,337 [df7ffc6f-4fb9-49c9-8407-31fb6ff06550@group-37D1433DE2F4-StateMachineUpdater] INFO  ratis.ContainerStateMachine (ContainerStateMachine.java:takeSnapshot(341)) - group-37D1433DE2F4: Finished taking a snapshot at:(t:1, i:4) file:/home/runner/work/ozone/ozone/hadoop-ozone/integration-test/target/test-dir/MiniOzoneClusterImpl-e692d0c4-4f9e-424f-81a0-065ebcedd1d3/datanode-2/data/ratis/bfea3e49-4f7a-4011-b168-37d1433de2f4/sm/snapshot.1_4 took: 2 ms
2023-08-25 08:54:03,339 [df7ffc6f-4fb9-49c9-8407-31fb6ff06550@group-37D1433DE2F4-StateMachineUpdater] INFO  impl.StateMachineUpdater (StateMachineUpdater.java:takeSnapshot(291)) - df7ffc6f-4fb9-49c9-8407-31fb6ff06550@group-37D1433DE2F4-StateMachineUpdater: Took a snapshot at index 4
2023-08-25 08:54:03,339 [df7ffc6f-4fb9-49c9-8407-31fb6ff06550@group-37D1433DE2F4-StateMachineUpdater] INFO  impl.StateMachineUpdater (StateMachineUpdater.java:lambda$new$0(97)) - df7ffc6f-4fb9-49c9-8407-31fb6ff06550@group-37D1433DE2F4-StateMachineUpdater: snapshotIndex: updateIncreasingly -1 -> 4
2023-08-25 08:54:03,339 [PipelineCommandHandlerThread-0] INFO  server.RaftServer$Division (ServerState.java:close(472)) - df7ffc6f-4fb9-49c9-8407-31fb6ff06550@group-37D1433DE2F4: closes. applyIndex: 4
2023-08-25 08:54:03,339 [ContainerReplicationThread-0] INFO  replication.PushReplicator (PushReplicator.java:replicate(58)) - Starting replication of container 1 to fe50a787-6632-4d4b-966e-2aa891a7aebb(fv-az584-689.msjcyvhqqs1uvpg4fm53wptgqc.jx.internal.cloudapp.net/10.1.0.19) using NO_COMPRESSION
2023-08-25 08:54:03,351 [ContainerReplicationThread-0] INFO  replication.GrpcOutputStream (GrpcOutputStream.java:close(116)) - Sent 9728 bytes for container 1
2023-08-25 08:54:03,357 [ReplicationContainerReader-1] INFO  replication.SendContainerRequestHandler (SendContainerRequestHandler.java:onNext(80)) - Accepting container 1
2023-08-25 08:54:03,359 [ReplicationContainerReader-1] INFO  replication.SendContainerRequestHandler (SendContainerRequestHandler.java:onCompleted(108)) - Container 1 is downloaded with size 9728, starting to import.
2023-08-25 08:54:03,389 [ReplicationContainerReader-1] INFO  replication.SendContainerRequestHandler (SendContainerRequestHandler.java:onCompleted(114)) - Container 1 is replicated successfully
2023-08-25 08:54:03,391 [grpc-default-executor-0] INFO  replication.GrpcContainerUploader (GrpcContainerUploader.java:onCompleted(132)) - Finished uploading container 1 to fe50a787-6632-4d4b-966e-2aa891a7aebb(fv-az584-689.msjcyvhqqs1uvpg4fm53wptgqc.jx.internal.cloudapp.net/10.1.0.19)
2023-08-25 08:54:03,394 [ContainerReplicationThread-0] INFO  replication.ReplicationSupervisor (ReplicationSupervisor.java:run(364)) - Successful DONE replicateContainerCommand: containerId=1, replicaIndex=0, targetNode=fe50a787-6632-4d4b-966e-2aa891a7aebb(fv-az584-689.msjcyvhqqs1uvpg4fm53wptgqc.jx.internal.cloudapp.net/10.1.0.19), priority=NORMAL, transferred 9728 bytes
2023-08-25 08:54:03,409 [Time-limited test] INFO  container.TestHelper (TestHelper.java:countReplicas(423)) - Container 1 has 3 replicas on [74226a13-8718-4542-a815-a533182346c1, df7ffc6f-4fb9-49c9-8407-31fb6ff06550, fe50a787-6632-4d4b-966e-2aa891a7aebb]
2023-08-25 08:54:03,414 [Time-limited test] INFO  ozone.MiniOzoneClusterImpl (MiniOzoneClusterImpl.java:shutdown(443)) - Shutting down the Mini Ozone Cluster
2023-08-25 08:54:03,414 [Time-limited test] INFO  ozone.MiniOzoneClusterImpl (MiniOzoneClusterImpl.java:stop(460)) - Stopping the Mini Ozone Cluster
2023-08-25 08:54:03,414 [Time-limited test] INFO  ozone.MiniOzoneClusterImpl (MiniOzoneClusterImpl.java:stopOM(551)) - Stopping the OzoneManager
2023-08-25 08:54:03,414 [Time-limited test] INFO  om.OzoneManager (OzoneManager.java:stop(2187)) - om1[localhost:15216]: Stopping Ozone Manager
2023-08-25 08:54:03,414 [Time-limited test] INFO  ipc.Server (Server.java:stop(3523)) - Stopping server on 15216
2023-08-25 08:54:03,420 [IPC Server Responder] INFO  ipc.Server (Server.java:run(1567)) - Stopping IPC Server Responder
2023-08-25 08:54:03,420 [IPC Server listener on 15216] INFO  ipc.Server (Server.java:run(1434)) - Stopping IPC Server listener on 15216
2023-08-25 08:54:03,422 [Time-limited test] INFO  server.RaftServer (RaftServerProxy.java:lambda$close$6(416)) - om1: close
2023-08-25 08:54:03,422 [Time-limited test] INFO  server.GrpcService (GrpcService.java:closeImpl(311)) - om1: shutdown server GrpcServerProtocolService now
2023-08-25 08:54:03,422 [om1-impl-thread1] INFO  server.RaftServer$Division (RaftServerImpl.java:lambda$close$4(466)) - om1@group-C5BA1605619E: shutdown
2023-08-25 08:54:03,422 [om1-impl-thread1] INFO  util.JmxRegister (JmxRegister.java:unregister(73)) - Successfully un-registered JMX Bean with object name Ratis:service=RaftServer,group=group-C5BA1605619E,id=om1
2023-08-25 08:54:03,422 [om1-impl-thread1] INFO  impl.RoleInfo (RoleInfo.java:shutdownLeaderState(93)) - om1: shutdown om1@group-C5BA1605619E-LeaderStateImpl
2023-08-25 08:54:03,422 [om1-impl-thread1] INFO  impl.PendingRequests (PendingRequests.java:sendNotLeaderResponses(289)) - om1@group-C5BA1605619E-PendingRequests: sendNotLeaderResponses
2023-08-25 08:54:03,425 [Time-limited test] INFO  server.GrpcService (GrpcService.java:closeImpl(320)) - om1: shutdown server GrpcServerProtocolService successfully
2023-08-25 08:54:03,426 [om1-impl-thread1] INFO  impl.StateMachineUpdater (StateMachineUpdater.java:stopAndJoin(155)) - om1@group-C5BA1605619E-StateMachineUpdater: set stopIndex = 8
2023-08-25 08:54:03,426 [om1@group-C5BA1605619E-StateMachineUpdater] INFO  ratis.OzoneManagerStateMachine (OzoneManagerStateMachine.java:takeSnapshot(480)) - Current Snapshot Index (t:1, i:8)
2023-08-25 08:54:03,445 [om1@group-C5BA1605619E-StateMachineUpdater] INFO  impl.StateMachineUpdater (StateMachineUpdater.java:takeSnapshot(291)) - om1@group-C5BA1605619E-StateMachineUpdater: Took a snapshot at index 8
2023-08-25 08:54:03,445 [om1@group-C5BA1605619E-StateMachineUpdater] INFO  impl.StateMachineUpdater (StateMachineUpdater.java:lambda$new$0(97)) - om1@group-C5BA1605619E-StateMachineUpdater: snapshotIndex: updateIncreasingly -1 -> 8
2023-08-25 08:54:03,445 [om1@group-C5BA1605619E-StateMachineUpdater] INFO  ratis.OzoneManagerStateMachine (OzoneManagerStateMachine.java:close(534)) - StateMachine has shutdown. Shutdown OzoneManager if not already shutdown.
2023-08-25 08:54:03,445 [om1@group-C5BA1605619E-StateMachineUpdater] INFO  ratis.OzoneManagerDoubleBuffer (OzoneManagerDoubleBuffer.java:stopDaemon(551)) - Stopping OMDoubleBuffer flush thread
2023-08-25 08:54:03,446 [OMDoubleBufferFlushThread] INFO  ratis.OzoneManagerDoubleBuffer (OzoneManagerDoubleBuffer.java:canFlush(638)) - OMDoubleBuffer flush thread OMDoubleBufferFlushThread is interrupted and will exit.
2023-08-25 08:54:03,447 [om1-impl-thread1] INFO  server.RaftServer$Division (ServerState.java:close(472)) - om1@group-C5BA1605619E: closes. applyIndex: 8
2023-08-25 08:54:03,607 [ReplicationMonitor] INFO  replication.ReplicationManager (ReplicationManager.java:processAll(389)) - Replication Monitor Thread took 0 milliseconds for processing 1 containers.
2023-08-25 08:54:03,856 [om1-impl-thread1] INFO  segmented.SegmentedRaftLogWorker (SegmentedRaftLogWorker.java:close(252)) - om1@group-C5BA1605619E-SegmentedRaftLogWorker close()
2023-08-25 08:54:03,857 [JvmPauseMonitor29] INFO  util.JvmPauseMonitor (JvmPauseMonitor.java:run(109)) - JvmPauseMonitor-om1: Stopped
2023-08-25 08:54:03,857 [Time-limited test] INFO  ratis.OzoneManagerStateMachine (OzoneManagerStateMachine.java:close(534)) - StateMachine has shutdown. Shutdown OzoneManager if not already shutdown.
2023-08-25 08:54:03,857 [Time-limited test] INFO  ratis.OzoneManagerDoubleBuffer (OzoneManagerDoubleBuffer.java:stopDaemon(560)) - OMDoubleBuffer flush thread is not running.
2023-08-25 08:54:03,858 [Time-limited test] INFO  utils.BackgroundService (BackgroundService.java:shutdown(141)) - Shutting down service KeyDeletingService
2023-08-25 08:54:03,858 [Time-limited test] INFO  utils.BackgroundService (BackgroundService.java:shutdown(141)) - Shutting down service KeyDeletingService
2023-08-25 08:54:03,858 [Time-limited test] INFO  utils.BackgroundService (BackgroundService.java:shutdown(141)) - Shutting down service OpenKeyCleanupService
2023-08-25 08:54:03,858 [Time-limited test] INFO  utils.BackgroundService (BackgroundService.java:shutdown(141)) - Shutting down service SstFilteringService
2023-08-25 08:54:03,858 [Time-limited test] INFO  utils.BackgroundService (BackgroundService.java:shutdown(141)) - Shutting down service SnapshotDeletingService
2023-08-25 08:54:03,859 [Time-limited test] INFO  handler.ContextHandler (ContextHandler.java:doStop(1159)) - Stopped o.e.j.w.WebAppContext@2a44c9c8{ozoneManager,/,null,STOPPED}{file:/home/runner/work/ozone/ozone/hadoop-ozone/integration-test/target/test-classes/webapps/ozoneManager}
2023-08-25 08:54:03,859 [Time-limited test] INFO  server.AbstractConnector (AbstractConnector.java:doStop(383)) - Stopped ServerConnector@3679d145{HTTP/1.1, (http/1.1)}{0.0.0.0:15217}
2023-08-25 08:54:03,860 [Time-limited test] INFO  server.session (HouseKeeper.java:stopScavenging(149)) - node0 Stopped scavenging
2023-08-25 08:54:03,860 [Time-limited test] INFO  handler.ContextHandler (ContextHandler.java:doStop(1159)) - Stopped o.e.j.s.ServletContextHandler@52265c65{static,/static,file:///home/runner/work/ozone/ozone/hadoop-ozone/integration-test/target/test-classes/webapps/static,STOPPED}
2023-08-25 08:54:03,860 [Time-limited test] INFO  handler.ContextHandler (ContextHandler.java:doStop(1159)) - Stopped o.e.j.s.ServletContextHandler@7801575f{logs,/logs,file:///home/runner/work/ozone/ozone/hadoop-ozone/integration-test/target/log,STOPPED}
2023-08-25 08:54:03,862 [Time-limited test] INFO  rocksdiff.RocksDBCheckpointDiffer (RocksDBCheckpointDiffer.java:close(340)) - Shutting down CompactionDagPruningService.
2023-08-25 08:54:03,863 [Time-limited test] INFO  snapshot.SnapshotDiffManager (SnapshotDiffManager.java:closeExecutorService(1720)) - Shutting down executorService: 'SnapDiffExecutor'
2023-08-25 08:54:03,863 [Time-limited test] INFO  snapshot.SnapshotDiffManager (SnapshotDiffManager.java:closeExecutorService(1720)) - Shutting down executorService: 'SstDumpToolExecutor'
2023-08-25 08:54:03,863 [Time-limited test] INFO  utils.BackgroundService (BackgroundService.java:shutdown(141)) - Shutting down service SnapshotDiffCleanupService
2023-08-25 08:54:03,864 [Time-limited test] INFO  ozone.MiniOzoneClusterImpl (MiniOzoneClusterImpl.java:stopDatanodes(528)) - Stopping the HddsDatanodes
2023-08-25 08:54:03,868 [ForkJoinPool.commonPool-worker-0] INFO  ozoneimpl.OzoneContainer (OzoneContainer.java:stop(451)) - Attempting to stop container services.
2023-08-25 08:54:03,868 [ForkJoinPool.commonPool-worker-0] INFO  server.RaftServer (RaftServerProxy.java:lambda$close$6(416)) - 74226a13-8718-4542-a815-a533182346c1: close
2023-08-25 08:54:03,868 [74226a13-8718-4542-a815-a533182346c1-impl-thread1] INFO  server.RaftServer$Division (RaftServerImpl.java:lambda$close$4(466)) - 74226a13-8718-4542-a815-a533182346c1@group-2A73CCFC9CD6: shutdown
2023-08-25 08:54:03,868 [ForkJoinPool.commonPool-worker-0] INFO  server.GrpcService (GrpcService.java:closeImpl(311)) - 74226a13-8718-4542-a815-a533182346c1: shutdown server org.apache.ratis.grpc.server.GrpcClientProtocolService now
2023-08-25 08:54:03,868 [74226a13-8718-4542-a815-a533182346c1-impl-thread1] INFO  util.JmxRegister (JmxRegister.java:unregister(73)) - Successfully un-registered JMX Bean with object name Ratis:service=RaftServer,group=group-2A73CCFC9CD6,id=74226a13-8718-4542-a815-a533182346c1
2023-08-25 08:54:03,868 [74226a13-8718-4542-a815-a533182346c1-impl-thread1] INFO  impl.RoleInfo (RoleInfo.java:shutdownLeaderState(93)) - 74226a13-8718-4542-a815-a533182346c1: shutdown 74226a13-8718-4542-a815-a533182346c1@group-2A73CCFC9CD6-LeaderStateImpl
2023-08-25 08:54:03,868 [74226a13-8718-4542-a815-a533182346c1-impl-thread1] INFO  impl.PendingRequests (PendingRequests.java:sendNotLeaderResponses(289)) - 74226a13-8718-4542-a815-a533182346c1@group-2A73CCFC9CD6-PendingRequests: sendNotLeaderResponses
2023-08-25 08:54:03,869 [74226a13-8718-4542-a815-a533182346c1-impl-thread1] INFO  impl.StateMachineUpdater (StateMachineUpdater.java:stopAndJoin(155)) - 74226a13-8718-4542-a815-a533182346c1@group-2A73CCFC9CD6-StateMachineUpdater: set stopIndex = 0
2023-08-25 08:54:03,870 [74226a13-8718-4542-a815-a533182346c1@group-2A73CCFC9CD6-StateMachineUpdater] INFO  ratis.ContainerStateMachine (ContainerStateMachine.java:takeSnapshot(330)) - group-2A73CCFC9CD6: Taking a snapshot at:(t:1, i:0) file /home/runner/work/ozone/ozone/hadoop-ozone/integration-test/target/test-dir/MiniOzoneClusterImpl-e692d0c4-4f9e-424f-81a0-065ebcedd1d3/datanode-1/data/ratis/d1e76142-2a64-475a-ad66-2a73ccfc9cd6/sm/snapshot.1_0
2023-08-25 08:54:03,871 [ForkJoinPool.commonPool-worker-0] INFO  server.GrpcService (GrpcService.java:closeImpl(320)) - 74226a13-8718-4542-a815-a533182346c1: shutdown server org.apache.ratis.grpc.server.GrpcClientProtocolService successfully
2023-08-25 08:54:03,871 [ForkJoinPool.commonPool-worker-0] INFO  server.GrpcService (GrpcService.java:closeImpl(311)) - 74226a13-8718-4542-a815-a533182346c1: shutdown server GrpcServerProtocolService now
2023-08-25 08:54:03,871 [74226a13-8718-4542-a815-a533182346c1@group-2A73CCFC9CD6-StateMachineUpdater] INFO  ratis.ContainerStateMachine (ContainerStateMachine.java:takeSnapshot(341)) - group-2A73CCFC9CD6: Finished taking a snapshot at:(t:1, i:0) file:/home/runner/work/ozone/ozone/hadoop-ozone/integration-test/target/test-dir/MiniOzoneClusterImpl-e692d0c4-4f9e-424f-81a0-065ebcedd1d3/datanode-1/data/ratis/d1e76142-2a64-475a-ad66-2a73ccfc9cd6/sm/snapshot.1_0 took: 1 ms
2023-08-25 08:54:03,871 [74226a13-8718-4542-a815-a533182346c1@group-2A73CCFC9CD6-StateMachineUpdater] INFO  impl.StateMachineUpdater (StateMachineUpdater.java:takeSnapshot(291)) - 74226a13-8718-4542-a815-a533182346c1@group-2A73CCFC9CD6-StateMachineUpdater: Took a snapshot at index 0
2023-08-25 08:54:03,871 [74226a13-8718-4542-a815-a533182346c1@group-2A73CCFC9CD6-StateMachineUpdater] INFO  impl.StateMachineUpdater (StateMachineUpdater.java:lambda$new$0(97)) - 74226a13-8718-4542-a815-a533182346c1@group-2A73CCFC9CD6-StateMachineUpdater: snapshotIndex: updateIncreasingly -1 -> 0
2023-08-25 08:54:03,875 [74226a13-8718-4542-a815-a533182346c1-impl-thread1] INFO  server.RaftServer$Division (ServerState.java:close(472)) - 74226a13-8718-4542-a815-a533182346c1@group-2A73CCFC9CD6: closes. applyIndex: 0
2023-08-25 08:54:03,880 [ForkJoinPool.commonPool-worker-0] INFO  server.GrpcService (GrpcService.java:closeImpl(320)) - 74226a13-8718-4542-a815-a533182346c1: shutdown server GrpcServerProtocolService successfully
2023-08-25 08:54:03,880 [ForkJoinPool.commonPool-worker-0] INFO  server.GrpcService (GrpcService.java:closeImpl(311)) - 74226a13-8718-4542-a815-a533182346c1: shutdown server org.apache.ratis.grpc.server.GrpcAdminProtocolService now
2023-08-25 08:54:03,886 [ForkJoinPool.commonPool-worker-1] INFO  ozoneimpl.OzoneContainer (OzoneContainer.java:stop(451)) - Attempting to stop container services.
2023-08-25 08:54:03,886 [ForkJoinPool.commonPool-worker-0] INFO  server.GrpcService (GrpcService.java:closeImpl(320)) - 74226a13-8718-4542-a815-a533182346c1: shutdown server org.apache.ratis.grpc.server.GrpcAdminProtocolService successfully
2023-08-25 08:54:03,887 [74226a13-8718-4542-a815-a533182346c1-NettyServerStreamRpc-bossGroup--thread1] INFO  logging.LoggingHandler (AbstractInternalLogger.java:log(148)) - [id: 0x8b2fc725, L:/0:0:0:0:0:0:0:0:15236] CLOSE
2023-08-25 08:54:03,887 [74226a13-8718-4542-a815-a533182346c1-NettyServerStreamRpc-bossGroup--thread1] INFO  logging.LoggingHandler (AbstractInternalLogger.java:log(148)) - [id: 0x8b2fc725, L:/0:0:0:0:0:0:0:0:15236] INACTIVE
2023-08-25 08:54:03,887 [74226a13-8718-4542-a815-a533182346c1-NettyServerStreamRpc-bossGroup--thread1] INFO  logging.LoggingHandler (AbstractInternalLogger.java:log(148)) - [id: 0x8b2fc725, L:/0:0:0:0:0:0:0:0:15236] UNREGISTERED
2023-08-25 08:54:03,893 [ForkJoinPool.commonPool-worker-1] INFO  server.RaftServer (RaftServerProxy.java:lambda$close$6(416)) - fe50a787-6632-4d4b-966e-2aa891a7aebb: close
2023-08-25 08:54:03,894 [ForkJoinPool.commonPool-worker-1] INFO  server.GrpcService (GrpcService.java:closeImpl(311)) - fe50a787-6632-4d4b-966e-2aa891a7aebb: shutdown server org.apache.ratis.grpc.server.GrpcClientProtocolService now
2023-08-25 08:54:03,894 [fe50a787-6632-4d4b-966e-2aa891a7aebb-impl-thread1] INFO  server.RaftServer$Division (RaftServerImpl.java:lambda$close$4(466)) - fe50a787-6632-4d4b-966e-2aa891a7aebb@group-CFB85F524D5A: shutdown
2023-08-25 08:54:03,894 [fe50a787-6632-4d4b-966e-2aa891a7aebb-impl-thread1] INFO  util.JmxRegister (JmxRegister.java:unregister(73)) - Successfully un-registered JMX Bean with object name Ratis:service=RaftServer,group=group-CFB85F524D5A,id=fe50a787-6632-4d4b-966e-2aa891a7aebb
2023-08-25 08:54:03,894 [fe50a787-6632-4d4b-966e-2aa891a7aebb-impl-thread1] INFO  impl.RoleInfo (RoleInfo.java:shutdownLeaderState(93)) - fe50a787-6632-4d4b-966e-2aa891a7aebb: shutdown fe50a787-6632-4d4b-966e-2aa891a7aebb@group-CFB85F524D5A-LeaderStateImpl
2023-08-25 08:54:03,894 [fe50a787-6632-4d4b-966e-2aa891a7aebb-impl-thread1] INFO  impl.PendingRequests (PendingRequests.java:sendNotLeaderResponses(289)) - fe50a787-6632-4d4b-966e-2aa891a7aebb@group-CFB85F524D5A-PendingRequests: sendNotLeaderResponses
2023-08-25 08:54:03,894 [fe50a787-6632-4d4b-966e-2aa891a7aebb-impl-thread1] INFO  impl.StateMachineUpdater (StateMachineUpdater.java:stopAndJoin(155)) - fe50a787-6632-4d4b-966e-2aa891a7aebb@group-CFB85F524D5A-StateMachineUpdater: set stopIndex = 0
2023-08-25 08:54:03,894 [fe50a787-6632-4d4b-966e-2aa891a7aebb@group-CFB85F524D5A-StateMachineUpdater] INFO  ratis.ContainerStateMachine (ContainerStateMachine.java:takeSnapshot(330)) - group-CFB85F524D5A: Taking a snapshot at:(t:1, i:0) file /home/runner/work/ozone/ozone/hadoop-ozone/integration-test/target/test-dir/MiniOzoneClusterImpl-e692d0c4-4f9e-424f-81a0-065ebcedd1d3/datanode-4/data/ratis/36f03046-9953-4743-950a-cfb85f524d5a/sm/snapshot.1_0
2023-08-25 08:54:03,895 [ForkJoinPool.commonPool-worker-1] INFO  server.GrpcService (GrpcService.java:closeImpl(320)) - fe50a787-6632-4d4b-966e-2aa891a7aebb: shutdown server org.apache.ratis.grpc.server.GrpcClientProtocolService successfully
2023-08-25 08:54:03,895 [ForkJoinPool.commonPool-worker-1] INFO  server.GrpcService (GrpcService.java:closeImpl(311)) - fe50a787-6632-4d4b-966e-2aa891a7aebb: shutdown server GrpcServerProtocolService now
2023-08-25 08:54:03,895 [fe50a787-6632-4d4b-966e-2aa891a7aebb@group-CFB85F524D5A-StateMachineUpdater] INFO  ratis.ContainerStateMachine (ContainerStateMachine.java:takeSnapshot(341)) - group-CFB85F524D5A: Finished taking a snapshot at:(t:1, i:0) file:/home/runner/work/ozone/ozone/hadoop-ozone/integration-test/target/test-dir/MiniOzoneClusterImpl-e692d0c4-4f9e-424f-81a0-065ebcedd1d3/datanode-4/data/ratis/36f03046-9953-4743-950a-cfb85f524d5a/sm/snapshot.1_0 took: 1 ms
2023-08-25 08:54:03,895 [fe50a787-6632-4d4b-966e-2aa891a7aebb@group-CFB85F524D5A-StateMachineUpdater] INFO  impl.StateMachineUpdater (StateMachineUpdater.java:takeSnapshot(291)) - fe50a787-6632-4d4b-966e-2aa891a7aebb@group-CFB85F524D5A-StateMachineUpdater: Took a snapshot at index 0
2023-08-25 08:54:03,895 [fe50a787-6632-4d4b-966e-2aa891a7aebb@group-CFB85F524D5A-StateMachineUpdater] INFO  impl.StateMachineUpdater (StateMachineUpdater.java:lambda$new$0(97)) - fe50a787-6632-4d4b-966e-2aa891a7aebb@group-CFB85F524D5A-StateMachineUpdater: snapshotIndex: updateIncreasingly -1 -> 0
2023-08-25 08:54:03,895 [fe50a787-6632-4d4b-966e-2aa891a7aebb-impl-thread1] INFO  server.RaftServer$Division (ServerState.java:close(472)) - fe50a787-6632-4d4b-966e-2aa891a7aebb@group-CFB85F524D5A: closes. applyIndex: 0
2023-08-25 08:54:03,905 [ForkJoinPool.commonPool-worker-1] INFO  server.GrpcService (GrpcService.java:closeImpl(320)) - fe50a787-6632-4d4b-966e-2aa891a7aebb: shutdown server GrpcServerProtocolService successfully
2023-08-25 08:54:03,905 [ForkJoinPool.commonPool-worker-1] INFO  server.GrpcService (GrpcService.java:closeImpl(311)) - fe50a787-6632-4d4b-966e-2aa891a7aebb: shutdown server org.apache.ratis.grpc.server.GrpcAdminProtocolService now
2023-08-25 08:54:03,906 [ForkJoinPool.commonPool-worker-1] INFO  server.GrpcService (GrpcService.java:closeImpl(320)) - fe50a787-6632-4d4b-966e-2aa891a7aebb: shutdown server org.apache.ratis.grpc.server.GrpcAdminProtocolService successfully
2023-08-25 08:54:03,906 [fe50a787-6632-4d4b-966e-2aa891a7aebb-NettyServerStreamRpc-bossGroup--thread1] INFO  logging.LoggingHandler (AbstractInternalLogger.java:log(148)) - [id: 0x578029da, L:/0:0:0:0:0:0:0:0:15263] CLOSE
2023-08-25 08:54:03,906 [fe50a787-6632-4d4b-966e-2aa891a7aebb-NettyServerStreamRpc-bossGroup--thread1] INFO  logging.LoggingHandler (AbstractInternalLogger.java:log(148)) - [id: 0x578029da, L:/0:0:0:0:0:0:0:0:15263] INACTIVE
2023-08-25 08:54:03,906 [fe50a787-6632-4d4b-966e-2aa891a7aebb-NettyServerStreamRpc-bossGroup--thread1] INFO  logging.LoggingHandler (AbstractInternalLogger.java:log(148)) - [id: 0x578029da, L:/0:0:0:0:0:0:0:0:15263] UNREGISTERED
2023-08-25 08:54:03,907 [ForkJoinPool.commonPool-worker-2] INFO  ozoneimpl.OzoneContainer (OzoneContainer.java:stop(451)) - Attempting to stop container services.
2023-08-25 08:54:03,910 [ForkJoinPool.commonPool-worker-2] INFO  server.RaftServer (RaftServerProxy.java:lambda$close$6(416)) - 569111f9-f690-469e-b38a-962cff482c01: close
2023-08-25 08:54:03,910 [ForkJoinPool.commonPool-worker-2] INFO  server.GrpcService (GrpcService.java:closeImpl(311)) - 569111f9-f690-469e-b38a-962cff482c01: shutdown server org.apache.ratis.grpc.server.GrpcClientProtocolService now
2023-08-25 08:54:03,910 [569111f9-f690-469e-b38a-962cff482c01-impl-thread1] INFO  server.RaftServer$Division (RaftServerImpl.java:lambda$close$4(466)) - 569111f9-f690-469e-b38a-962cff482c01@group-BE534C1CC4E8: shutdown
2023-08-25 08:54:03,910 [569111f9-f690-469e-b38a-962cff482c01-impl-thread1] INFO  util.JmxRegister (JmxRegister.java:unregister(73)) - Successfully un-registered JMX Bean with object name Ratis:service=RaftServer,group=group-BE534C1CC4E8,id=569111f9-f690-469e-b38a-962cff482c01
2023-08-25 08:54:03,910 [569111f9-f690-469e-b38a-962cff482c01-impl-thread1] INFO  impl.RoleInfo (RoleInfo.java:shutdownLeaderState(93)) - 569111f9-f690-469e-b38a-962cff482c01: shutdown 569111f9-f690-469e-b38a-962cff482c01@group-BE534C1CC4E8-LeaderStateImpl
2023-08-25 08:54:03,910 [569111f9-f690-469e-b38a-962cff482c01-impl-thread1] INFO  impl.PendingRequests (PendingRequests.java:sendNotLeaderResponses(289)) - 569111f9-f690-469e-b38a-962cff482c01@group-BE534C1CC4E8-PendingRequests: sendNotLeaderResponses
2023-08-25 08:54:03,910 [569111f9-f690-469e-b38a-962cff482c01-impl-thread1] INFO  impl.StateMachineUpdater (StateMachineUpdater.java:stopAndJoin(155)) - 569111f9-f690-469e-b38a-962cff482c01@group-BE534C1CC4E8-StateMachineUpdater: set stopIndex = 0
2023-08-25 08:54:03,911 [569111f9-f690-469e-b38a-962cff482c01@group-BE534C1CC4E8-StateMachineUpdater] INFO  ratis.ContainerStateMachine (ContainerStateMachine.java:takeSnapshot(330)) - group-BE534C1CC4E8: Taking a snapshot at:(t:1, i:0) file /home/runner/work/ozone/ozone/hadoop-ozone/integration-test/target/test-dir/MiniOzoneClusterImpl-e692d0c4-4f9e-424f-81a0-065ebcedd1d3/datanode-3/data/ratis/cf46c635-3e5a-41f6-a493-be534c1cc4e8/sm/snapshot.1_0
2023-08-25 08:54:03,911 [569111f9-f690-469e-b38a-962cff482c01@group-BE534C1CC4E8-StateMachineUpdater] INFO  ratis.ContainerStateMachine (ContainerStateMachine.java:takeSnapshot(341)) - group-BE534C1CC4E8: Finished taking a snapshot at:(t:1, i:0) file:/home/runner/work/ozone/ozone/hadoop-ozone/integration-test/target/test-dir/MiniOzoneClusterImpl-e692d0c4-4f9e-424f-81a0-065ebcedd1d3/datanode-3/data/ratis/cf46c635-3e5a-41f6-a493-be534c1cc4e8/sm/snapshot.1_0 took: 1 ms
2023-08-25 08:54:03,912 [569111f9-f690-469e-b38a-962cff482c01@group-BE534C1CC4E8-StateMachineUpdater] INFO  impl.StateMachineUpdater (StateMachineUpdater.java:takeSnapshot(291)) - 569111f9-f690-469e-b38a-962cff482c01@group-BE534C1CC4E8-StateMachineUpdater: Took a snapshot at index 0
2023-08-25 08:54:03,912 [569111f9-f690-469e-b38a-962cff482c01@group-BE534C1CC4E8-StateMachineUpdater] INFO  impl.StateMachineUpdater (StateMachineUpdater.java:lambda$new$0(97)) - 569111f9-f690-469e-b38a-962cff482c01@group-BE534C1CC4E8-StateMachineUpdater: snapshotIndex: updateIncreasingly -1 -> 0
2023-08-25 08:54:03,912 [569111f9-f690-469e-b38a-962cff482c01-impl-thread1] INFO  server.RaftServer$Division (ServerState.java:close(472)) - 569111f9-f690-469e-b38a-962cff482c01@group-BE534C1CC4E8: closes. applyIndex: 0
2023-08-25 08:54:03,930 [ForkJoinPool.commonPool-worker-2] INFO  server.GrpcService (GrpcService.java:closeImpl(320)) - 569111f9-f690-469e-b38a-962cff482c01: shutdown server org.apache.ratis.grpc.server.GrpcClientProtocolService successfully
2023-08-25 08:54:03,930 [ForkJoinPool.commonPool-worker-2] INFO  server.GrpcService (GrpcService.java:closeImpl(311)) - 569111f9-f690-469e-b38a-962cff482c01: shutdown server GrpcServerProtocolService now
2023-08-25 08:54:03,936 [ForkJoinPool.commonPool-worker-2] INFO  server.GrpcService (GrpcService.java:closeImpl(320)) - 569111f9-f690-469e-b38a-962cff482c01: shutdown server GrpcServerProtocolService successfully
2023-08-25 08:54:03,936 [ForkJoinPool.commonPool-worker-2] INFO  server.GrpcService (GrpcService.java:closeImpl(311)) - 569111f9-f690-469e-b38a-962cff482c01: shutdown server org.apache.ratis.grpc.server.GrpcAdminProtocolService now
2023-08-25 08:54:03,937 [ForkJoinPool.commonPool-worker-2] INFO  server.GrpcService (GrpcService.java:closeImpl(320)) - 569111f9-f690-469e-b38a-962cff482c01: shutdown server org.apache.ratis.grpc.server.GrpcAdminProtocolService successfully
2023-08-25 08:54:03,937 [569111f9-f690-469e-b38a-962cff482c01-NettyServerStreamRpc-bossGroup--thread1] INFO  logging.LoggingHandler (AbstractInternalLogger.java:log(148)) - [id: 0xeee24a25, L:/0:0:0:0:0:0:0:0:15254] CLOSE
2023-08-25 08:54:03,937 [569111f9-f690-469e-b38a-962cff482c01-NettyServerStreamRpc-bossGroup--thread1] INFO  logging.LoggingHandler (AbstractInternalLogger.java:log(148)) - [id: 0xeee24a25, L:/0:0:0:0:0:0:0:0:15254] INACTIVE
2023-08-25 08:54:03,937 [569111f9-f690-469e-b38a-962cff482c01-NettyServerStreamRpc-bossGroup--thread1] INFO  logging.LoggingHandler (AbstractInternalLogger.java:log(148)) - [id: 0xeee24a25, L:/0:0:0:0:0:0:0:0:15254] UNREGISTERED
2023-08-25 08:54:03,974 [569111f9-f690-469e-b38a-962cff482c01-impl-thread1] INFO  segmented.SegmentedRaftLogWorker (SegmentedRaftLogWorker.java:close(252)) - 569111f9-f690-469e-b38a-962cff482c01@group-BE534C1CC4E8-SegmentedRaftLogWorker close()
2023-08-25 08:54:03,976 [JvmPauseMonitor33] INFO  util.JvmPauseMonitor (JvmPauseMonitor.java:run(109)) - JvmPauseMonitor-569111f9-f690-469e-b38a-962cff482c01: Stopped
2023-08-25 08:54:04,327 [PipelineCommandHandlerThread-0] INFO  segmented.SegmentedRaftLogWorker (SegmentedRaftLogWorker.java:close(252)) - df7ffc6f-4fb9-49c9-8407-31fb6ff06550@group-37D1433DE2F4-SegmentedRaftLogWorker close()
2023-08-25 08:54:04,330 [PipelineCommandHandlerThread-0] INFO  server.RaftServer$Division (RaftServerImpl.java:groupRemove(436)) - df7ffc6f-4fb9-49c9-8407-31fb6ff06550@group-37D1433DE2F4: Succeed to remove RaftStorageDirectory Storage Directory /home/runner/work/ozone/ozone/hadoop-ozone/integration-test/target/test-dir/MiniOzoneClusterImpl-e692d0c4-4f9e-424f-81a0-065ebcedd1d3/datanode-2/data/ratis/bfea3e49-4f7a-4011-b168-37d1433de2f4
2023-08-25 08:54:04,330 [PipelineCommandHandlerThread-0] INFO  commandhandler.ClosePipelineCommandHandler (ClosePipelineCommandHandler.java:lambda$handle$0(87)) - Close Pipeline PipelineID=bfea3e49-4f7a-4011-b168-37d1433de2f4 command on datanode df7ffc6f-4fb9-49c9-8407-31fb6ff06550.
2023-08-25 08:54:04,331 [Time-limited test] INFO  ozoneimpl.OzoneContainer (OzoneContainer.java:stop(451)) - Attempting to stop container services.
2023-08-25 08:54:04,331 [Time-limited test] INFO  server.RaftServer (RaftServerProxy.java:lambda$close$6(416)) - df7ffc6f-4fb9-49c9-8407-31fb6ff06550: close
2023-08-25 08:54:04,331 [Time-limited test] INFO  server.GrpcService (GrpcService.java:closeImpl(311)) - df7ffc6f-4fb9-49c9-8407-31fb6ff06550: shutdown server org.apache.ratis.grpc.server.GrpcClientProtocolService now
2023-08-25 08:54:04,331 [df7ffc6f-4fb9-49c9-8407-31fb6ff06550-impl-thread1] INFO  server.RaftServer$Division (RaftServerImpl.java:lambda$close$4(466)) - df7ffc6f-4fb9-49c9-8407-31fb6ff06550@group-06080C8F0FE5: shutdown
2023-08-25 08:54:04,331 [df7ffc6f-4fb9-49c9-8407-31fb6ff06550-impl-thread1] INFO  util.JmxRegister (JmxRegister.java:unregister(73)) - Successfully un-registered JMX Bean with object name Ratis:service=RaftServer,group=group-06080C8F0FE5,id=df7ffc6f-4fb9-49c9-8407-31fb6ff06550
2023-08-25 08:54:04,331 [df7ffc6f-4fb9-49c9-8407-31fb6ff06550-impl-thread1] INFO  impl.RoleInfo (RoleInfo.java:shutdownLeaderState(93)) - df7ffc6f-4fb9-49c9-8407-31fb6ff06550: shutdown df7ffc6f-4fb9-49c9-8407-31fb6ff06550@group-06080C8F0FE5-LeaderStateImpl
2023-08-25 08:54:04,332 [df7ffc6f-4fb9-49c9-8407-31fb6ff06550-impl-thread1] INFO  impl.PendingRequests (PendingRequests.java:sendNotLeaderResponses(289)) - df7ffc6f-4fb9-49c9-8407-31fb6ff06550@group-06080C8F0FE5-PendingRequests: sendNotLeaderResponses
2023-08-25 08:54:04,332 [df7ffc6f-4fb9-49c9-8407-31fb6ff06550-impl-thread1] INFO  impl.StateMachineUpdater (StateMachineUpdater.java:stopAndJoin(155)) - df7ffc6f-4fb9-49c9-8407-31fb6ff06550@group-06080C8F0FE5-StateMachineUpdater: set stopIndex = 0
2023-08-25 08:54:04,332 [df7ffc6f-4fb9-49c9-8407-31fb6ff06550@group-06080C8F0FE5-StateMachineUpdater] INFO  ratis.ContainerStateMachine (ContainerStateMachine.java:takeSnapshot(330)) - group-06080C8F0FE5: Taking a snapshot at:(t:1, i:0) file /home/runner/work/ozone/ozone/hadoop-ozone/integration-test/target/test-dir/MiniOzoneClusterImpl-e692d0c4-4f9e-424f-81a0-065ebcedd1d3/datanode-2/data/ratis/d0f0bb9b-95a1-4130-9d56-06080c8f0fe5/sm/snapshot.1_0
2023-08-25 08:54:04,340 [Thread-2899] INFO  server.GrpcServerProtocolClient (GrpcServerProtocolClient.java:close(103)) - 8a274684-c774-4cfd-af69-c1a0c827c28c Close channels
2023-08-25 08:54:04,340 [Thread-2900] INFO  server.GrpcServerProtocolClient (GrpcServerProtocolClient.java:close(103)) - 74226a13-8718-4542-a815-a533182346c1 Close channels
2023-08-25 08:54:04,340 [df7ffc6f-4fb9-49c9-8407-31fb6ff06550@group-06080C8F0FE5-StateMachineUpdater] INFO  ratis.ContainerStateMachine (ContainerStateMachine.java:takeSnapshot(341)) - group-06080C8F0FE5: Finished taking a snapshot at:(t:1, i:0) file:/home/runner/work/ozone/ozone/hadoop-ozone/integration-test/target/test-dir/MiniOzoneClusterImpl-e692d0c4-4f9e-424f-81a0-065ebcedd1d3/datanode-2/data/ratis/d0f0bb9b-95a1-4130-9d56-06080c8f0fe5/sm/snapshot.1_0 took: 8 ms
2023-08-25 08:54:04,340 [df7ffc6f-4fb9-49c9-8407-31fb6ff06550@group-06080C8F0FE5-StateMachineUpdater] INFO  impl.StateMachineUpdater (StateMachineUpdater.java:takeSnapshot(291)) - df7ffc6f-4fb9-49c9-8407-31fb6ff06550@group-06080C8F0FE5-StateMachineUpdater: Took a snapshot at index 0
2023-08-25 08:54:04,340 [df7ffc6f-4fb9-49c9-8407-31fb6ff06550@group-06080C8F0FE5-StateMachineUpdater] INFO  impl.StateMachineUpdater (StateMachineUpdater.java:lambda$new$0(97)) - df7ffc6f-4fb9-49c9-8407-31fb6ff06550@group-06080C8F0FE5-StateMachineUpdater: snapshotIndex: updateIncreasingly -1 -> 0
2023-08-25 08:54:04,340 [df7ffc6f-4fb9-49c9-8407-31fb6ff06550-impl-thread1] INFO  server.RaftServer$Division (ServerState.java:close(472)) - df7ffc6f-4fb9-49c9-8407-31fb6ff06550@group-06080C8F0FE5: closes. applyIndex: 0
2023-08-25 08:54:04,341 [Time-limited test] INFO  server.GrpcService (GrpcService.java:closeImpl(320)) - df7ffc6f-4fb9-49c9-8407-31fb6ff06550: shutdown server org.apache.ratis.grpc.server.GrpcClientProtocolService successfully
2023-08-25 08:54:04,341 [Time-limited test] INFO  server.GrpcService (GrpcService.java:closeImpl(311)) - df7ffc6f-4fb9-49c9-8407-31fb6ff06550: shutdown server GrpcServerProtocolService now
2023-08-25 08:54:04,343 [Time-limited test] INFO  server.GrpcService (GrpcService.java:closeImpl(320)) - df7ffc6f-4fb9-49c9-8407-31fb6ff06550: shutdown server GrpcServerProtocolService successfully
2023-08-25 08:54:04,343 [Time-limited test] INFO  server.GrpcService (GrpcService.java:closeImpl(311)) - df7ffc6f-4fb9-49c9-8407-31fb6ff06550: shutdown server org.apache.ratis.grpc.server.GrpcAdminProtocolService now
2023-08-25 08:54:04,345 [Time-limited test] INFO  server.GrpcService (GrpcService.java:closeImpl(320)) - df7ffc6f-4fb9-49c9-8407-31fb6ff06550: shutdown server org.apache.ratis.grpc.server.GrpcAdminProtocolService successfully
2023-08-25 08:54:04,345 [df7ffc6f-4fb9-49c9-8407-31fb6ff06550-NettyServerStreamRpc-bossGroup--thread1] INFO  logging.LoggingHandler (AbstractInternalLogger.java:log(148)) - [id: 0xb3882432, L:/0:0:0:0:0:0:0:0:15245] CLOSE
2023-08-25 08:54:04,346 [df7ffc6f-4fb9-49c9-8407-31fb6ff06550-NettyServerStreamRpc-bossGroup--thread1] INFO  logging.LoggingHandler (AbstractInternalLogger.java:log(148)) - [id: 0xb3882432, L:/0:0:0:0:0:0:0:0:15245] INACTIVE
2023-08-25 08:54:04,346 [df7ffc6f-4fb9-49c9-8407-31fb6ff06550-NettyServerStreamRpc-bossGroup--thread1] INFO  logging.LoggingHandler (AbstractInternalLogger.java:log(148)) - [id: 0xb3882432, L:/0:0:0:0:0:0:0:0:15245] UNREGISTERED
2023-08-25 08:54:04,390 [74226a13-8718-4542-a815-a533182346c1-impl-thread1] INFO  segmented.SegmentedRaftLogWorker (SegmentedRaftLogWorker.java:close(252)) - 74226a13-8718-4542-a815-a533182346c1@group-2A73CCFC9CD6-SegmentedRaftLogWorker close()
2023-08-25 08:54:04,392 [JvmPauseMonitor31] INFO  util.JvmPauseMonitor (JvmPauseMonitor.java:run(109)) - JvmPauseMonitor-74226a13-8718-4542-a815-a533182346c1: Stopped
2023-08-25 08:54:04,396 [fe50a787-6632-4d4b-966e-2aa891a7aebb-impl-thread1] INFO  segmented.SegmentedRaftLogWorker (SegmentedRaftLogWorker.java:close(252)) - fe50a787-6632-4d4b-966e-2aa891a7aebb@group-CFB85F524D5A-SegmentedRaftLogWorker close()
2023-08-25 08:54:04,398 [JvmPauseMonitor34] INFO  util.JvmPauseMonitor (JvmPauseMonitor.java:run(109)) - JvmPauseMonitor-fe50a787-6632-4d4b-966e-2aa891a7aebb: Stopped
2023-08-25 08:54:04,608 [ReplicationMonitor] INFO  replication.ReplicationManager (ReplicationManager.java:processAll(389)) - Replication Monitor Thread took 1 milliseconds for processing 1 containers.
2023-08-25 08:54:04,721 [df7ffc6f-4fb9-49c9-8407-31fb6ff06550-impl-thread1] INFO  segmented.SegmentedRaftLogWorker (SegmentedRaftLogWorker.java:close(252)) - df7ffc6f-4fb9-49c9-8407-31fb6ff06550@group-06080C8F0FE5-SegmentedRaftLogWorker close()
2023-08-25 08:54:04,722 [JvmPauseMonitor32] INFO  util.JvmPauseMonitor (JvmPauseMonitor.java:run(109)) - JvmPauseMonitor-df7ffc6f-4fb9-49c9-8407-31fb6ff06550: Stopped
2023-08-25 08:54:05,608 [ReplicationMonitor] INFO  replication.ReplicationManager (ReplicationManager.java:processAll(389)) - Replication Monitor Thread took 0 milliseconds for processing 1 containers.
2023-08-25 08:54:05,980 [ForkJoinPool.commonPool-worker-2] INFO  utils.DatanodeStoreCache (DatanodeStoreCache.java:shutdownCache(110)) - Skip clearing cache in mini cluster mode. Entries left: [/home/runner/work/ozone/ozone/hadoop-ozone/integration-test/target/test-dir/MiniOzoneClusterImpl-e692d0c4-4f9e-424f-81a0-065ebcedd1d3/datanode-1/data-0/containers/hdds/e692d0c4-4f9e-424f-81a0-065ebcedd1d3/DS-8b3e1cff-4b5f-4379-823d-75855715789b/container.db, /home/runner/work/ozone/ozone/hadoop-ozone/integration-test/target/test-dir/MiniOzoneClusterImpl-e692d0c4-4f9e-424f-81a0-065ebcedd1d3/datanode-2/data-0/containers/hdds/e692d0c4-4f9e-424f-81a0-065ebcedd1d3/DS-66290d07-67a3-48df-8e25-ebcae03fef9e/container.db, /home/runner/work/ozone/ozone/hadoop-ozone/integration-test/target/test-dir/MiniOzoneClusterImpl-e692d0c4-4f9e-424f-81a0-065ebcedd1d3/datanode-3/data-0/containers/hdds/e692d0c4-4f9e-424f-81a0-065ebcedd1d3/DS-dd063d4e-8cce-4b53-94a1-a63079a3a8eb/container.db, /home/runner/work/ozone/ozone/hadoop-ozone/integration-test/target/test-dir/MiniOzoneClusterImpl-e692d0c4-4f9e-424f-81a0-065ebcedd1d3/datanode-4/data-0/containers/hdds/e692d0c4-4f9e-424f-81a0-065ebcedd1d3/DS-743ea665-d9b8-4d49-82c9-aa5674f013f1/container.db]
2023-08-25 08:54:05,985 [ForkJoinPool.commonPool-worker-2] INFO  utils.DatanodeStoreCache (DatanodeStoreCache.java:removeDB(104)) - Removed db /home/runner/work/ozone/ozone/hadoop-ozone/integration-test/target/test-dir/MiniOzoneClusterImpl-e692d0c4-4f9e-424f-81a0-065ebcedd1d3/datanode-3/data-0/containers/hdds/e692d0c4-4f9e-424f-81a0-065ebcedd1d3/DS-dd063d4e-8cce-4b53-94a1-a63079a3a8eb/container.db from cache
2023-08-25 08:54:05,985 [ForkJoinPool.commonPool-worker-2] INFO  volume.HddsVolume (HddsVolume.java:closeDbStore(453)) - SchemaV3 db is stopped at /home/runner/work/ozone/ozone/hadoop-ozone/integration-test/target/test-dir/MiniOzoneClusterImpl-e692d0c4-4f9e-424f-81a0-065ebcedd1d3/datanode-3/data-0/containers/hdds/e692d0c4-4f9e-424f-81a0-065ebcedd1d3/DS-dd063d4e-8cce-4b53-94a1-a63079a3a8eb/container.db for volume DS-dd063d4e-8cce-4b53-94a1-a63079a3a8eb
2023-08-25 08:54:05,986 [ForkJoinPool.commonPool-worker-2] INFO  utils.BackgroundService (BackgroundService.java:shutdown(141)) - Shutting down service BlockDeletingService
2023-08-25 08:54:05,986 [ForkJoinPool.commonPool-worker-2] INFO  utils.BackgroundService (BackgroundService.java:shutdown(141)) - Shutting down service StaleRecoveringContainerScrubbingService
2023-08-25 08:54:05,987 [ForkJoinPool.commonPool-worker-2] INFO  statemachine.DatanodeStateMachine (DatanodeStateMachine.java:stopDaemon(620)) - Ozone container server stopped.
2023-08-25 08:54:05,989 [EventQueue-StaleNodeForStaleNodeHandler] INFO  node.StaleNodeHandler (StaleNodeHandler.java:onMessage(58)) - Datanode 569111f9-f690-469e-b38a-962cff482c01(fv-az584-689.msjcyvhqqs1uvpg4fm53wptgqc.jx.internal.cloudapp.net/10.1.0.19) moved to stale state. Finalizing its pipelines [PipelineID=cf46c635-3e5a-41f6-a493-be534c1cc4e8]
2023-08-25 08:54:05,989 [EventQueue-StaleNodeForStaleNodeHandler] INFO  pipeline.PipelineManagerImpl (PipelineManagerImpl.java:closePipeline(529)) - Pipeline Pipeline[ Id: cf46c635-3e5a-41f6-a493-be534c1cc4e8, Nodes: 569111f9-f690-469e-b38a-962cff482c01(fv-az584-689.msjcyvhqqs1uvpg4fm53wptgqc.jx.internal.cloudapp.net/10.1.0.19), ReplicationConfig: RATIS/ONE, State:OPEN, leaderId:569111f9-f690-469e-b38a-962cff482c01, CreationTimestamp2023-08-25T08:53:40.850Z[Etc/UTC]] moved to CLOSED state
2023-08-25 08:54:05,999 [ForkJoinPool.commonPool-worker-2] INFO  handler.ContextHandler (ContextHandler.java:doStop(1159)) - Stopped o.e.j.w.WebAppContext@6798ca5c{hddsDatanode,/,null,STOPPED}{jar:file:/home/runner/.m2/repository/org/apache/ozone/hdds-container-service/1.4.0-SNAPSHOT/hdds-container-service-1.4.0-SNAPSHOT.jar!/webapps/hddsDatanode}
2023-08-25 08:54:06,000 [ForkJoinPool.commonPool-worker-2] INFO  server.AbstractConnector (AbstractConnector.java:doStop(383)) - Stopped ServerConnector@383c8884{HTTP/1.1, (http/1.1)}{0.0.0.0:15248}
2023-08-25 08:54:06,000 [ForkJoinPool.commonPool-worker-2] INFO  server.session (HouseKeeper.java:stopScavenging(149)) - node0 Stopped scavenging
2023-08-25 08:54:06,000 [ForkJoinPool.commonPool-worker-2] INFO  handler.ContextHandler (ContextHandler.java:doStop(1159)) - Stopped o.e.j.s.ServletContextHandler@1345cfb3{static,/static,jar:file:/home/runner/.m2/repository/org/apache/ozone/hdds-container-service/1.4.0-SNAPSHOT/hdds-container-service-1.4.0-SNAPSHOT.jar!/webapps/static,STOPPED}
2023-08-25 08:54:06,001 [ForkJoinPool.commonPool-worker-2] INFO  handler.ContextHandler (ContextHandler.java:doStop(1159)) - Stopped o.e.j.s.ServletContextHandler@6cdec79c{logs,/logs,file:///home/runner/work/ozone/ozone/hadoop-ozone/integration-test/target/log,STOPPED}
2023-08-25 08:54:06,002 [ForkJoinPool.commonPool-worker-2] INFO  ozone.HddsDatanodeClientProtocolServer (HddsDatanodeClientProtocolServer.java:stop(78)) - Stopping the RPC server for Client Protocol
2023-08-25 08:54:06,002 [ForkJoinPool.commonPool-worker-2] INFO  ipc.Server (Server.java:stop(3523)) - Stopping server on 15249
2023-08-25 08:54:06,003 [IPC Server Responder] INFO  ipc.Server (Server.java:run(1567)) - Stopping IPC Server Responder
2023-08-25 08:54:06,003 [IPC Server listener on 15249] INFO  ipc.Server (Server.java:run(1434)) - Stopping IPC Server listener on 15249
2023-08-25 08:54:06,389 [EventQueue-StaleNodeForStaleNodeHandler] INFO  node.StaleNodeHandler (StaleNodeHandler.java:onMessage(58)) - Datanode df7ffc6f-4fb9-49c9-8407-31fb6ff06550(fv-az584-689.msjcyvhqqs1uvpg4fm53wptgqc.jx.internal.cloudapp.net/10.1.0.19) moved to stale state. Finalizing its pipelines [PipelineID=d0f0bb9b-95a1-4130-9d56-06080c8f0fe5]
2023-08-25 08:54:06,390 [EventQueue-StaleNodeForStaleNodeHandler] INFO  pipeline.PipelineManagerImpl (PipelineManagerImpl.java:closePipeline(529)) - Pipeline Pipeline[ Id: d0f0bb9b-95a1-4130-9d56-06080c8f0fe5, Nodes: df7ffc6f-4fb9-49c9-8407-31fb6ff06550(fv-az584-689.msjcyvhqqs1uvpg4fm53wptgqc.jx.internal.cloudapp.net/10.1.0.19), ReplicationConfig: RATIS/ONE, State:OPEN, leaderId:df7ffc6f-4fb9-49c9-8407-31fb6ff06550, CreationTimestamp2023-08-25T08:53:40.535Z[Etc/UTC]] moved to CLOSED state
2023-08-25 08:54:06,390 [EventQueue-StaleNodeForStaleNodeHandler] INFO  node.StaleNodeHandler (StaleNodeHandler.java:onMessage(58)) - Datanode 74226a13-8718-4542-a815-a533182346c1(fv-az584-689.msjcyvhqqs1uvpg4fm53wptgqc.jx.internal.cloudapp.net/10.1.0.19) moved to stale state. Finalizing its pipelines [PipelineID=d1e76142-2a64-475a-ad66-2a73ccfc9cd6]
2023-08-25 08:54:06,391 [EventQueue-StaleNodeForStaleNodeHandler] INFO  pipeline.PipelineManagerImpl (PipelineManagerImpl.java:closePipeline(529)) - Pipeline Pipeline[ Id: d1e76142-2a64-475a-ad66-2a73ccfc9cd6, Nodes: 74226a13-8718-4542-a815-a533182346c1(fv-az584-689.msjcyvhqqs1uvpg4fm53wptgqc.jx.internal.cloudapp.net/10.1.0.19), ReplicationConfig: RATIS/ONE, State:OPEN, leaderId:74226a13-8718-4542-a815-a533182346c1, CreationTimestamp2023-08-25T08:53:40.208Z[Etc/UTC]] moved to CLOSED state
2023-08-25 08:54:06,398 [ForkJoinPool.commonPool-worker-0] INFO  utils.DatanodeStoreCache (DatanodeStoreCache.java:shutdownCache(110)) - Skip clearing cache in mini cluster mode. Entries left: [/home/runner/work/ozone/ozone/hadoop-ozone/integration-test/target/test-dir/MiniOzoneClusterImpl-e692d0c4-4f9e-424f-81a0-065ebcedd1d3/datanode-1/data-0/containers/hdds/e692d0c4-4f9e-424f-81a0-065ebcedd1d3/DS-8b3e1cff-4b5f-4379-823d-75855715789b/container.db, /home/runner/work/ozone/ozone/hadoop-ozone/integration-test/target/test-dir/MiniOzoneClusterImpl-e692d0c4-4f9e-424f-81a0-065ebcedd1d3/datanode-2/data-0/containers/hdds/e692d0c4-4f9e-424f-81a0-065ebcedd1d3/DS-66290d07-67a3-48df-8e25-ebcae03fef9e/container.db, /home/runner/work/ozone/ozone/hadoop-ozone/integration-test/target/test-dir/MiniOzoneClusterImpl-e692d0c4-4f9e-424f-81a0-065ebcedd1d3/datanode-4/data-0/containers/hdds/e692d0c4-4f9e-424f-81a0-065ebcedd1d3/DS-743ea665-d9b8-4d49-82c9-aa5674f013f1/container.db]
2023-08-25 08:54:06,403 [ForkJoinPool.commonPool-worker-1] INFO  utils.DatanodeStoreCache (DatanodeStoreCache.java:shutdownCache(110)) - Skip clearing cache in mini cluster mode. Entries left: [/home/runner/work/ozone/ozone/hadoop-ozone/integration-test/target/test-dir/MiniOzoneClusterImpl-e692d0c4-4f9e-424f-81a0-065ebcedd1d3/datanode-2/data-0/containers/hdds/e692d0c4-4f9e-424f-81a0-065ebcedd1d3/DS-66290d07-67a3-48df-8e25-ebcae03fef9e/container.db, /home/runner/work/ozone/ozone/hadoop-ozone/integration-test/target/test-dir/MiniOzoneClusterImpl-e692d0c4-4f9e-424f-81a0-065ebcedd1d3/datanode-4/data-0/containers/hdds/e692d0c4-4f9e-424f-81a0-065ebcedd1d3/DS-743ea665-d9b8-4d49-82c9-aa5674f013f1/container.db]
2023-08-25 08:54:06,405 [ForkJoinPool.commonPool-worker-0] INFO  utils.DatanodeStoreCache (DatanodeStoreCache.java:removeDB(104)) - Removed db /home/runner/work/ozone/ozone/hadoop-ozone/integration-test/target/test-dir/MiniOzoneClusterImpl-e692d0c4-4f9e-424f-81a0-065ebcedd1d3/datanode-1/data-0/containers/hdds/e692d0c4-4f9e-424f-81a0-065ebcedd1d3/DS-8b3e1cff-4b5f-4379-823d-75855715789b/container.db from cache
2023-08-25 08:54:06,405 [ForkJoinPool.commonPool-worker-0] INFO  volume.HddsVolume (HddsVolume.java:closeDbStore(453)) - SchemaV3 db is stopped at /home/runner/work/ozone/ozone/hadoop-ozone/integration-test/target/test-dir/MiniOzoneClusterImpl-e692d0c4-4f9e-424f-81a0-065ebcedd1d3/datanode-1/data-0/containers/hdds/e692d0c4-4f9e-424f-81a0-065ebcedd1d3/DS-8b3e1cff-4b5f-4379-823d-75855715789b/container.db for volume DS-8b3e1cff-4b5f-4379-823d-75855715789b
2023-08-25 08:54:06,405 [ForkJoinPool.commonPool-worker-1] INFO  utils.DatanodeStoreCache (DatanodeStoreCache.java:removeDB(104)) - Removed db /home/runner/work/ozone/ozone/hadoop-ozone/integration-test/target/test-dir/MiniOzoneClusterImpl-e692d0c4-4f9e-424f-81a0-065ebcedd1d3/datanode-4/data-0/containers/hdds/e692d0c4-4f9e-424f-81a0-065ebcedd1d3/DS-743ea665-d9b8-4d49-82c9-aa5674f013f1/container.db from cache
2023-08-25 08:54:06,406 [ForkJoinPool.commonPool-worker-1] INFO  volume.HddsVolume (HddsVolume.java:closeDbStore(453)) - SchemaV3 db is stopped at /home/runner/work/ozone/ozone/hadoop-ozone/integration-test/target/test-dir/MiniOzoneClusterImpl-e692d0c4-4f9e-424f-81a0-065ebcedd1d3/datanode-4/data-0/containers/hdds/e692d0c4-4f9e-424f-81a0-065ebcedd1d3/DS-743ea665-d9b8-4d49-82c9-aa5674f013f1/container.db for volume DS-743ea665-d9b8-4d49-82c9-aa5674f013f1
2023-08-25 08:54:06,406 [ForkJoinPool.commonPool-worker-0] INFO  utils.BackgroundService (BackgroundService.java:shutdown(141)) - Shutting down service BlockDeletingService
2023-08-25 08:54:06,406 [ForkJoinPool.commonPool-worker-1] INFO  utils.BackgroundService (BackgroundService.java:shutdown(141)) - Shutting down service BlockDeletingService
2023-08-25 08:54:06,407 [ForkJoinPool.commonPool-worker-1] INFO  utils.BackgroundService (BackgroundService.java:shutdown(141)) - Shutting down service StaleRecoveringContainerScrubbingService
2023-08-25 08:54:06,407 [ForkJoinPool.commonPool-worker-0] INFO  utils.BackgroundService (BackgroundService.java:shutdown(141)) - Shutting down service StaleRecoveringContainerScrubbingService
2023-08-25 08:54:06,409 [ForkJoinPool.commonPool-worker-1] INFO  statemachine.DatanodeStateMachine (DatanodeStateMachine.java:stopDaemon(620)) - Ozone container server stopped.
2023-08-25 08:54:06,409 [ForkJoinPool.commonPool-worker-0] INFO  statemachine.DatanodeStateMachine (DatanodeStateMachine.java:stopDaemon(620)) - Ozone container server stopped.
2023-08-25 08:54:06,422 [ForkJoinPool.commonPool-worker-1] INFO  handler.ContextHandler (ContextHandler.java:doStop(1159)) - Stopped o.e.j.w.WebAppContext@266180c6{hddsDatanode,/,null,STOPPED}{jar:file:/home/runner/.m2/repository/org/apache/ozone/hdds-container-service/1.4.0-SNAPSHOT/hdds-container-service-1.4.0-SNAPSHOT.jar!/webapps/hddsDatanode}
2023-08-25 08:54:06,426 [ForkJoinPool.commonPool-worker-1] INFO  server.AbstractConnector (AbstractConnector.java:doStop(383)) - Stopped ServerConnector@493c6bc2{HTTP/1.1, (http/1.1)}{0.0.0.0:15257}
2023-08-25 08:54:06,426 [ForkJoinPool.commonPool-worker-1] INFO  server.session (HouseKeeper.java:stopScavenging(149)) - node0 Stopped scavenging
2023-08-25 08:54:06,427 [ForkJoinPool.commonPool-worker-1] INFO  handler.ContextHandler (ContextHandler.java:doStop(1159)) - Stopped o.e.j.s.ServletContextHandler@161ea464{static,/static,jar:file:/home/runner/.m2/repository/org/apache/ozone/hdds-container-service/1.4.0-SNAPSHOT/hdds-container-service-1.4.0-SNAPSHOT.jar!/webapps/static,STOPPED}
2023-08-25 08:54:06,428 [ForkJoinPool.commonPool-worker-1] INFO  handler.ContextHandler (ContextHandler.java:doStop(1159)) - Stopped o.e.j.s.ServletContextHandler@1ee65744{logs,/logs,file:///home/runner/work/ozone/ozone/hadoop-ozone/integration-test/target/log,STOPPED}
2023-08-25 08:54:06,429 [ForkJoinPool.commonPool-worker-0] INFO  handler.ContextHandler (ContextHandler.java:doStop(1159)) - Stopped o.e.j.w.WebAppContext@335f9374{hddsDatanode,/,null,STOPPED}{jar:file:/home/runner/.m2/repository/org/apache/ozone/hdds-container-service/1.4.0-SNAPSHOT/hdds-container-service-1.4.0-SNAPSHOT.jar!/webapps/hddsDatanode}
2023-08-25 08:54:06,429 [ForkJoinPool.commonPool-worker-0] INFO  server.AbstractConnector (AbstractConnector.java:doStop(383)) - Stopped ServerConnector@712794fb{HTTP/1.1, (http/1.1)}{0.0.0.0:15230}
2023-08-25 08:54:06,430 [ForkJoinPool.commonPool-worker-0] INFO  server.session (HouseKeeper.java:stopScavenging(149)) - node0 Stopped scavenging
2023-08-25 08:54:06,431 [ForkJoinPool.commonPool-worker-0] INFO  handler.ContextHandler (ContextHandler.java:doStop(1159)) - Stopped o.e.j.s.ServletContextHandler@75cb065{static,/static,jar:file:/home/runner/.m2/repository/org/apache/ozone/hdds-container-service/1.4.0-SNAPSHOT/hdds-container-service-1.4.0-SNAPSHOT.jar!/webapps/static,STOPPED}
2023-08-25 08:54:06,431 [ForkJoinPool.commonPool-worker-0] INFO  handler.ContextHandler (ContextHandler.java:doStop(1159)) - Stopped o.e.j.s.ServletContextHandler@4238d236{logs,/logs,file:///home/runner/work/ozone/ozone/hadoop-ozone/integration-test/target/log,STOPPED}
2023-08-25 08:54:06,431 [ForkJoinPool.commonPool-worker-1] INFO  ozone.HddsDatanodeClientProtocolServer (HddsDatanodeClientProtocolServer.java:stop(78)) - Stopping the RPC server for Client Protocol
2023-08-25 08:54:06,432 [ForkJoinPool.commonPool-worker-1] INFO  ipc.Server (Server.java:stop(3523)) - Stopping server on 15258
2023-08-25 08:54:06,433 [IPC Server listener on 15258] INFO  ipc.Server (Server.java:run(1434)) - Stopping IPC Server listener on 15258
2023-08-25 08:54:06,434 [IPC Server Responder] INFO  ipc.Server (Server.java:run(1567)) - Stopping IPC Server Responder
2023-08-25 08:54:06,437 [ForkJoinPool.commonPool-worker-0] INFO  ozone.HddsDatanodeClientProtocolServer (HddsDatanodeClientProtocolServer.java:stop(78)) - Stopping the RPC server for Client Protocol
2023-08-25 08:54:06,438 [ForkJoinPool.commonPool-worker-0] INFO  ipc.Server (Server.java:stop(3523)) - Stopping server on 15231
2023-08-25 08:54:06,438 [IPC Server Responder] INFO  ipc.Server (Server.java:run(1567)) - Stopping IPC Server Responder
2023-08-25 08:54:06,438 [IPC Server listener on 15231] INFO  ipc.Server (Server.java:run(1434)) - Stopping IPC Server listener on 15231
2023-08-25 08:54:06,489 [EventQueue-StaleNodeForStaleNodeHandler] INFO  node.StaleNodeHandler (StaleNodeHandler.java:onMessage(58)) - Datanode fe50a787-6632-4d4b-966e-2aa891a7aebb(fv-az584-689.msjcyvhqqs1uvpg4fm53wptgqc.jx.internal.cloudapp.net/10.1.0.19) moved to stale state. Finalizing its pipelines [PipelineID=36f03046-9953-4743-950a-cfb85f524d5a]
2023-08-25 08:54:06,490 [EventQueue-StaleNodeForStaleNodeHandler] INFO  pipeline.PipelineManagerImpl (PipelineManagerImpl.java:closePipeline(529)) - Pipeline Pipeline[ Id: 36f03046-9953-4743-950a-cfb85f524d5a, Nodes: fe50a787-6632-4d4b-966e-2aa891a7aebb(fv-az584-689.msjcyvhqqs1uvpg4fm53wptgqc.jx.internal.cloudapp.net/10.1.0.19), ReplicationConfig: RATIS/ONE, State:OPEN, leaderId:fe50a787-6632-4d4b-966e-2aa891a7aebb, CreationTimestamp2023-08-25T08:53:41.171Z[Etc/UTC]] moved to CLOSED state
2023-08-25 08:54:06,609 [ReplicationMonitor] INFO  replication.ReplicationManager (ReplicationManager.java:processAll(389)) - Replication Monitor Thread took 1 milliseconds for processing 1 containers.
2023-08-25 08:54:06,726 [Time-limited test] INFO  utils.DatanodeStoreCache (DatanodeStoreCache.java:shutdownCache(110)) - Skip clearing cache in mini cluster mode. Entries left: [/home/runner/work/ozone/ozone/hadoop-ozone/integration-test/target/test-dir/MiniOzoneClusterImpl-e692d0c4-4f9e-424f-81a0-065ebcedd1d3/datanode-2/data-0/containers/hdds/e692d0c4-4f9e-424f-81a0-065ebcedd1d3/DS-66290d07-67a3-48df-8e25-ebcae03fef9e/container.db]
2023-08-25 08:54:06,729 [Time-limited test] INFO  utils.DatanodeStoreCache (DatanodeStoreCache.java:removeDB(104)) - Removed db /home/runner/work/ozone/ozone/hadoop-ozone/integration-test/target/test-dir/MiniOzoneClusterImpl-e692d0c4-4f9e-424f-81a0-065ebcedd1d3/datanode-2/data-0/containers/hdds/e692d0c4-4f9e-424f-81a0-065ebcedd1d3/DS-66290d07-67a3-48df-8e25-ebcae03fef9e/container.db from cache
2023-08-25 08:54:06,729 [Time-limited test] INFO  volume.HddsVolume (HddsVolume.java:closeDbStore(453)) - SchemaV3 db is stopped at /home/runner/work/ozone/ozone/hadoop-ozone/integration-test/target/test-dir/MiniOzoneClusterImpl-e692d0c4-4f9e-424f-81a0-065ebcedd1d3/datanode-2/data-0/containers/hdds/e692d0c4-4f9e-424f-81a0-065ebcedd1d3/DS-66290d07-67a3-48df-8e25-ebcae03fef9e/container.db for volume DS-66290d07-67a3-48df-8e25-ebcae03fef9e
2023-08-25 08:54:06,729 [Time-limited test] INFO  utils.BackgroundService (BackgroundService.java:shutdown(141)) - Shutting down service BlockDeletingService
2023-08-25 08:54:06,730 [Time-limited test] INFO  utils.BackgroundService (BackgroundService.java:shutdown(141)) - Shutting down service StaleRecoveringContainerScrubbingService
2023-08-25 08:54:06,730 [Time-limited test] INFO  statemachine.DatanodeStateMachine (DatanodeStateMachine.java:stopDaemon(620)) - Ozone container server stopped.
2023-08-25 08:54:06,740 [Time-limited test] INFO  handler.ContextHandler (ContextHandler.java:doStop(1159)) - Stopped o.e.j.w.WebAppContext@7ea71bc5{hddsDatanode,/,null,STOPPED}{jar:file:/home/runner/.m2/repository/org/apache/ozone/hdds-container-service/1.4.0-SNAPSHOT/hdds-container-service-1.4.0-SNAPSHOT.jar!/webapps/hddsDatanode}
2023-08-25 08:54:06,743 [Time-limited test] INFO  server.AbstractConnector (AbstractConnector.java:doStop(383)) - Stopped ServerConnector@3457f1b1{HTTP/1.1, (http/1.1)}{0.0.0.0:15239}
2023-08-25 08:54:06,743 [Time-limited test] INFO  server.session (HouseKeeper.java:stopScavenging(149)) - node0 Stopped scavenging
2023-08-25 08:54:06,744 [Time-limited test] INFO  handler.ContextHandler (ContextHandler.java:doStop(1159)) - Stopped o.e.j.s.ServletContextHandler@581e8567{static,/static,jar:file:/home/runner/.m2/repository/org/apache/ozone/hdds-container-service/1.4.0-SNAPSHOT/hdds-container-service-1.4.0-SNAPSHOT.jar!/webapps/static,STOPPED}
2023-08-25 08:54:06,744 [Time-limited test] INFO  handler.ContextHandler (ContextHandler.java:doStop(1159)) - Stopped o.e.j.s.ServletContextHandler@15e92842{logs,/logs,file:///home/runner/work/ozone/ozone/hadoop-ozone/integration-test/target/log,STOPPED}
2023-08-25 08:54:06,744 [Time-limited test] INFO  ozone.HddsDatanodeClientProtocolServer (HddsDatanodeClientProtocolServer.java:stop(78)) - Stopping the RPC server for Client Protocol
2023-08-25 08:54:06,745 [Time-limited test] INFO  ipc.Server (Server.java:stop(3523)) - Stopping server on 15240
2023-08-25 08:54:06,751 [IPC Server listener on 15240] INFO  ipc.Server (Server.java:run(1434)) - Stopping IPC Server listener on 15240
2023-08-25 08:54:06,752 [IPC Server Responder] INFO  ipc.Server (Server.java:run(1567)) - Stopping IPC Server Responder
2023-08-25 08:54:06,755 [Time-limited test] INFO  ozone.MiniOzoneClusterImpl (MiniOzoneClusterImpl.java:stopSCM(543)) - Stopping the StorageContainerManager
2023-08-25 08:54:06,756 [Time-limited test] INFO  server.StorageContainerManager (StorageContainerManager.java:stop(1591)) - Container Balancer is not running.
2023-08-25 08:54:06,756 [Time-limited test] INFO  server.StorageContainerManager (StorageContainerManager.java:stopReplicationManager(1724)) - Stopping Replication Manager Service.
2023-08-25 08:54:06,756 [Time-limited test] INFO  replication.ReplicationManager (ReplicationManager.java:stop(319)) - Stopping Replication Monitor Thread.
2023-08-25 08:54:06,756 [Under Replicated Processor] WARN  replication.UnhealthyReplicationProcessor (UnhealthyReplicationProcessor.java:run(180)) - Under Replicated Processor interrupted. Exiting...
2023-08-25 08:54:06,756 [Time-limited test] INFO  server.StorageContainerManager (StorageContainerManager.java:stop(1600)) - Stopping the Datanode Admin Monitor.
2023-08-25 08:54:06,756 [Over Replicated Processor] WARN  replication.UnhealthyReplicationProcessor (UnhealthyReplicationProcessor.java:run(180)) - Over Replicated Processor interrupted. Exiting...
2023-08-25 08:54:06,756 [Time-limited test] INFO  server.StorageContainerManager (StorageContainerManager.java:stop(1607)) - Stopping datanode service RPC server
2023-08-25 08:54:06,756 [Time-limited test] INFO  server.SCMDatanodeProtocolServer (SCMDatanodeProtocolServer.java:stop(424)) - Stopping the RPC server for DataNodes
2023-08-25 08:54:06,756 [Time-limited test] INFO  ipc.Server (Server.java:stop(3523)) - Stopping server on 15214
2023-08-25 08:54:06,756 [ReplicationMonitor] INFO  replication.ReplicationManager (ReplicationManager.java:run(917)) - Replication Monitor Thread is stopped
2023-08-25 08:54:06,760 [IPC Server listener on 15214] INFO  ipc.Server (Server.java:run(1434)) - Stopping IPC Server listener on 15214
2023-08-25 08:54:06,760 [IPC Server Responder] INFO  ipc.Server (Server.java:run(1567)) - Stopping IPC Server Responder
2023-08-25 08:54:06,790 [SCM Heartbeat Processing Thread - 0] WARN  node.NodeStateManager (NodeStateManager.java:scheduleNextHealthCheck(874)) - Current Thread is interrupted, shutting down HB processing thread for Node Manager.
2023-08-25 08:54:06,790 [Time-limited test] INFO  server.StorageContainerManager (StorageContainerManager.java:stop(1615)) - Stopping block service RPC server
2023-08-25 08:54:06,790 [Time-limited test] INFO  server.SCMBlockProtocolServer (SCMBlockProtocolServer.java:stop(161)) - Stopping the RPC server for Block Protocol
2023-08-25 08:54:06,790 [Time-limited test] INFO  ipc.Server (Server.java:stop(3523)) - Stopping server on 15213
2023-08-25 08:54:06,792 [IPC Server Responder] INFO  ipc.Server (Server.java:run(1567)) - Stopping IPC Server Responder
2023-08-25 08:54:06,792 [IPC Server listener on 15213] INFO  ipc.Server (Server.java:run(1434)) - Stopping IPC Server listener on 15213
2023-08-25 08:54:06,792 [Time-limited test] INFO  server.StorageContainerManager (StorageContainerManager.java:stop(1622)) - Stopping the StorageContainerLocationProtocol RPC server
2023-08-25 08:54:06,793 [Time-limited test] INFO  server.SCMClientProtocolServer (SCMClientProtocolServer.java:stop(210)) - Stopping the RPC server for Client Protocol
2023-08-25 08:54:06,793 [Time-limited test] INFO  ipc.Server (Server.java:stop(3523)) - Stopping server on 15212
2023-08-25 08:54:06,794 [IPC Server listener on 15212] INFO  ipc.Server (Server.java:run(1434)) - Stopping IPC Server listener on 15212
2023-08-25 08:54:06,794 [IPC Server Responder] INFO  ipc.Server (Server.java:run(1567)) - Stopping IPC Server Responder
2023-08-25 08:54:06,794 [Time-limited test] INFO  server.StorageContainerManager (StorageContainerManager.java:stop(1629)) - Stopping Storage Container Manager HTTP server.
2023-08-25 08:54:06,797 [Time-limited test] INFO  handler.ContextHandler (ContextHandler.java:doStop(1159)) - Stopped o.e.j.w.WebAppContext@816160b{scm,/,null,STOPPED}{file:/home/runner/work/ozone/ozone/hadoop-ozone/integration-test/target/test-classes/webapps/scm}
2023-08-25 08:54:06,797 [Time-limited test] INFO  server.AbstractConnector (AbstractConnector.java:doStop(383)) - Stopped ServerConnector@4c651a4a{HTTP/1.1, (http/1.1)}{0.0.0.0:15215}
2023-08-25 08:54:06,797 [Time-limited test] INFO  server.session (HouseKeeper.java:stopScavenging(149)) - node0 Stopped scavenging
2023-08-25 08:54:06,797 [Time-limited test] INFO  handler.ContextHandler (ContextHandler.java:doStop(1159)) - Stopped o.e.j.s.ServletContextHandler@2e769429{static,/static,file:///home/runner/work/ozone/ozone/hadoop-ozone/integration-test/target/test-classes/webapps/static,STOPPED}
2023-08-25 08:54:06,798 [Time-limited test] INFO  handler.ContextHandler (ContextHandler.java:doStop(1159)) - Stopped o.e.j.s.ServletContextHandler@36a1a2d2{logs,/logs,file:///home/runner/work/ozone/ozone/hadoop-ozone/integration-test/target/log,STOPPED}
2023-08-25 08:54:06,798 [Time-limited test] INFO  server.StorageContainerManager (StorageContainerManager.java:stop(1637)) - Stopping SCM LayoutVersionManager Service.
2023-08-25 08:54:06,798 [Time-limited test] INFO  server.StorageContainerManager (StorageContainerManager.java:stop(1649)) - Stopping Block Manager Service.
2023-08-25 08:54:06,798 [Time-limited test] INFO  utils.BackgroundService (BackgroundService.java:shutdown(141)) - Shutting down service SCMBlockDeletingService
2023-08-25 08:54:06,798 [Time-limited test] INFO  utils.BackgroundService (BackgroundService.java:shutdown(141)) - Shutting down service SCMBlockDeletingService
2023-08-25 08:54:06,799 [Time-limited test] INFO  server.StorageContainerManager (StorageContainerManager.java:stop(1669)) - Stopping SCM Event Queue.
2023-08-25 08:54:06,800 [JvmPauseMonitor28] INFO  util.JvmPauseMonitor (JvmPauseMonitor.java:run(109)) - JvmPauseMonitor-80a9a777-b8aa-485c-b84b-66366d435cc8: Stopped
2023-08-25 08:54:06,800 [Time-limited test] INFO  server.StorageContainerManager (StorageContainerManager.java:stop(1680)) - Stopping SCM HA services.
2023-08-25 08:54:06,800 [Time-limited test] INFO  pipeline.BackgroundPipelineCreator (BackgroundPipelineCreator.java:stop(149)) - Stopping RatisPipelineUtilsThread.
2023-08-25 08:54:06,800 [RatisPipelineUtilsThread - 0] WARN  pipeline.BackgroundPipelineCreator (BackgroundPipelineCreator.java:run(180)) - RatisPipelineUtilsThread is interrupted.
2023-08-25 08:54:06,800 [Time-limited test] INFO  BackgroundPipelineScrubber (BackgroundSCMService.java:stop(131)) - Stopping BackgroundPipelineScrubber Service.
2023-08-25 08:54:06,800 [BackgroundPipelineScrubberThread] WARN  BackgroundPipelineScrubber (BackgroundSCMService.java:run(115)) - BackgroundPipelineScrubber is interrupted, exit
2023-08-25 08:54:06,800 [Time-limited test] INFO  impl.MetricsSystemImpl (MetricsSystemImpl.java:stop(210)) - Stopping HddsDatanode metrics system...
2023-08-25 08:54:06,802 [prometheus] INFO  impl.MetricsSinkAdapter (MetricsSinkAdapter.java:publishMetricsFromQueue(141)) - prometheus thread interrupted.
2023-08-25 08:54:06,802 [Time-limited test] INFO  impl.MetricsSystemImpl (MetricsSystemImpl.java:stop(216)) - HddsDatanode metrics system stopped.
2023-08-25 08:54:06,802 [Time-limited test] WARN  pipeline.BackgroundPipelineCreator (BackgroundPipelineCreator.java:stop(145)) - RatisPipelineUtilsThread is not running, just ignore.
2023-08-25 08:54:06,802 [Time-limited test] INFO  BackgroundPipelineScrubber (BackgroundSCMService.java:stop(126)) - BackgroundPipelineScrubber Service is not running, skip stop.
2023-08-25 08:54:06,803 [Time-limited test] INFO  ExpiredContainerReplicaOpScrubber (BackgroundSCMService.java:stop(131)) - Stopping ExpiredContainerReplicaOpScrubber Service.
2023-08-25 08:54:06,803 [ExpiredContainerReplicaOpScrubberThread] WARN  ExpiredContainerReplicaOpScrubber (BackgroundSCMService.java:run(115)) - ExpiredContainerReplicaOpScrubber is interrupted, exit
2023-08-25 08:54:06,803 [Time-limited test] INFO  utils.BackgroundService (BackgroundService.java:shutdown(141)) - Shutting down service SCMBlockDeletingService
2023-08-25 08:54:06,803 [Time-limited test] INFO  replication.ReplicationManager (ReplicationManager.java:stop(329)) - Replication Monitor Thread is not running.
2023-08-25 08:54:06,803 [Time-limited test] WARN  balancer.ContainerBalancer (ContainerBalancer.java:stop(326)) - Cannot stop Container Balancer because it's not running or stopping
2023-08-25 08:54:06,803 [Lease Manager-LeaseManager#LeaseMonitor] WARN  lease.LeaseManager (LeaseManager.java:run(272)) - Lease manager is interrupted. Shutting down...
java.lang.InterruptedException
	at java.util.concurrent.locks.AbstractQueuedSynchronizer.doAcquireSharedNanos(AbstractQueuedSynchronizer.java:1039)
	at java.util.concurrent.locks.AbstractQueuedSynchronizer.tryAcquireSharedNanos(AbstractQueuedSynchronizer.java:1328)
	at java.util.concurrent.Semaphore.tryAcquire(Semaphore.java:409)
	at org.apache.hadoop.ozone.lease.LeaseManager$LeaseMonitor.run(LeaseManager.java:270)
	at java.lang.Thread.run(Thread.java:750)
2023-08-25 08:54:06,803 [Time-limited test] INFO  server.StorageContainerManager (StorageContainerManager.java:stop(1715)) - Stopping SCM MetadataStore.
]]></system-out>
  </testcase>
  <testcase name="testContainerReplication" classname="TestContainerReplication" time="37.594">
    <system-out><![CDATA[2023-08-25 08:51:19,843 [Time-limited test] WARN  server.ServerUtils (ServerUtils.java:getScmDbDir(155)) - ozone.scm.db.dirs is not configured. We recommend adding this setting. Falling back to ozone.metadata.dirs instead.
2023-08-25 08:51:19,847 [Time-limited test] WARN  server.ServerUtils (ServerUtils.java:getScmDbDir(155)) - ozone.scm.db.dirs is not configured. We recommend adding this setting. Falling back to ozone.metadata.dirs instead.
2023-08-25 08:51:19,847 [Time-limited test] INFO  ha.SCMHANodeDetails (SCMHANodeDetails.java:loadSCMHAConfig(210)) - ServiceID for StorageContainerManager is null
2023-08-25 08:51:19,847 [Time-limited test] INFO  ha.SCMHANodeDetails (SCMHANodeDetails.java:loadSCMHAConfig(215)) - ozone.scm.default.service.id is not defined, falling back to ozone.scm.service.ids to find serviceID for StorageContainerManager if it is HA enabled cluster
2023-08-25 08:51:19,848 [Time-limited test] WARN  utils.HAUtils (HAUtils.java:getMetaDir(339)) - ozone.scm.db.dirs is not configured. We recommend adding this setting. Falling back to ozone.metadata.dirs instead.
2023-08-25 08:51:19,848 [Time-limited test] WARN  db.DBStoreBuilder (DBStoreBuilder.java:applyDBDefinition(166)) - ozone.scm.db.dirs is not configured. We recommend adding this setting. Falling back to ozone.metadata.dirs instead.
2023-08-25 08:51:19,993 [Time-limited test] INFO  net.NodeSchemaLoader (NodeSchemaLoader.java:loadSchemaFromFile(129)) - Loading schema from [jar:file:/home/runner/.m2/repository/org/apache/ozone/hdds-common/1.4.0-SNAPSHOT/hdds-common-1.4.0-SNAPSHOT.jar!/network-topology-default.xml]
2023-08-25 08:51:19,994 [Time-limited test] INFO  net.NodeSchemaLoader (NodeSchemaLoader.java:loadSchema(176)) - Loading network topology layer schema file
2023-08-25 08:51:19,998 [Time-limited test] INFO  upgrade.AbstractLayoutVersionManager (AbstractLayoutVersionManager.java:init(83)) - Initializing Layout version manager with metadata layout = HADOOP_PRC_PORTS_IN_DATANODEDETAILS (version = 7), software layout = HADOOP_PRC_PORTS_IN_DATANODEDETAILS (version = 7)
2023-08-25 08:51:20,001 [Time-limited test] INFO  ha.SequenceIdGenerator (SequenceIdGenerator.java:upgradeToSequenceId(365)) - upgrade localId to 111677748019200000
2023-08-25 08:51:20,002 [Time-limited test] INFO  ha.SequenceIdGenerator (SequenceIdGenerator.java:upgradeToSequenceId(375)) - upgrade delTxnId to 0
2023-08-25 08:51:20,003 [Time-limited test] INFO  ha.SequenceIdGenerator (SequenceIdGenerator.java:upgradeToSequenceId(392)) - upgrade containerId to 0
2023-08-25 08:51:20,004 [Time-limited test] INFO  ha.SequenceIdGenerator (SequenceIdGenerator.java:upgradeToSequenceId(428)) - upgrade rootCertificateId to 1
2023-08-25 08:51:20,004 [Time-limited test] INFO  ha.SequenceIdGenerator (SequenceIdGenerator.java:<init>(236)) - Init the HA SequenceIdGenerator.
2023-08-25 08:51:20,005 [Time-limited test] INFO  node.SCMNodeManager (SCMNodeManager.java:<init>(157)) - Entering startup safe mode.
2023-08-25 08:51:20,005 [Time-limited test] INFO  algorithms.ContainerPlacementPolicyFactory (ContainerPlacementPolicyFactory.java:getPolicyInternal(86)) - Create container placement policy of type org.apache.hadoop.hdds.scm.container.placement.algorithms.SCMContainerPlacementRackAware
2023-08-25 08:51:20,005 [Time-limited test] INFO  algorithms.ContainerPlacementPolicyFactory (ContainerPlacementPolicyFactory.java:getPolicyInternal(86)) - Create container placement policy of type org.apache.hadoop.hdds.scm.container.placement.algorithms.SCMContainerPlacementRackScatter
2023-08-25 08:51:20,006 [Time-limited test] INFO  pipeline.PipelineStateManagerImpl (PipelineStateManagerImpl.java:initialize(78)) - No pipeline exists in current db
2023-08-25 08:51:20,006 [Time-limited test] INFO  algorithms.LeaderChoosePolicyFactory (LeaderChoosePolicyFactory.java:getPolicy(57)) - Create leader choose policy of type org.apache.hadoop.hdds.scm.pipeline.leader.choose.algorithms.MinLeaderCountChoosePolicy
2023-08-25 08:51:20,006 [Time-limited test] INFO  algorithms.ContainerPlacementPolicyFactory (ContainerPlacementPolicyFactory.java:getPolicyInternal(86)) - Create container placement policy of type org.apache.hadoop.hdds.scm.container.placement.algorithms.SCMContainerPlacementRackScatter
2023-08-25 08:51:20,006 [Time-limited test] INFO  ha.SCMServiceManager (SCMServiceManager.java:register(42)) - Registering service BackgroundPipelineCreator.
2023-08-25 08:51:20,006 [Time-limited test] INFO  pipeline.BackgroundPipelineCreator (BackgroundPipelineCreator.java:start(124)) - Starting RatisPipelineUtilsThread.
2023-08-25 08:51:20,008 [Time-limited test] INFO  BackgroundPipelineScrubber (BackgroundSCMService.java:start(68)) - Starting BackgroundPipelineScrubber Service.
2023-08-25 08:51:20,008 [Time-limited test] INFO  ha.SCMServiceManager (SCMServiceManager.java:register(42)) - Registering service BackgroundPipelineScrubber.
2023-08-25 08:51:20,008 [Time-limited test] INFO  ExpiredContainerReplicaOpScrubber (BackgroundSCMService.java:start(68)) - Starting ExpiredContainerReplicaOpScrubber Service.
2023-08-25 08:51:20,008 [Time-limited test] INFO  ha.SCMServiceManager (SCMServiceManager.java:register(42)) - Registering service ExpiredContainerReplicaOpScrubber.
2023-08-25 08:51:20,009 [Time-limited test] INFO  algorithms.PipelineChoosePolicyFactory (PipelineChoosePolicyFactory.java:createPipelineChoosePolicyFromClass(78)) - Create pipeline choose policy of type org.apache.hadoop.hdds.scm.pipeline.choose.algorithms.RandomPipelineChoosePolicy
2023-08-25 08:51:20,009 [Time-limited test] INFO  algorithms.PipelineChoosePolicyFactory (PipelineChoosePolicyFactory.java:createPipelineChoosePolicyFromClass(78)) - Create pipeline choose policy of type org.apache.hadoop.hdds.scm.pipeline.choose.algorithms.RandomPipelineChoosePolicy
2023-08-25 08:51:20,010 [Time-limited test] INFO  ha.SCMServiceManager (SCMServiceManager.java:register(42)) - Registering service SCMBlockDeletingService.
2023-08-25 08:51:20,011 [Time-limited test] INFO  replication.ReplicationManager (ReplicationManager.java:start(287)) - Starting Replication Monitor Thread.
2023-08-25 08:51:20,013 [Time-limited test] INFO  ha.SCMServiceManager (SCMServiceManager.java:register(42)) - Registering service ReplicationManager.
2023-08-25 08:51:20,014 [Time-limited test] INFO  safemode.ContainerSafeModeRule (ContainerSafeModeRule.java:<init>(90)) - containers with one replica threshold count 0
2023-08-25 08:51:20,014 [Time-limited test] INFO  safemode.HealthyPipelineSafeModeRule (HealthyPipelineSafeModeRule.java:initializeRule(169)) - Total pipeline count is 0, healthy pipeline threshold count is 1
2023-08-25 08:51:20,014 [Time-limited test] INFO  safemode.OneReplicaPipelineSafeModeRule (OneReplicaPipelineSafeModeRule.java:initializeRule(180)) - Total pipeline count is 0, pipeline's with at least one datanode reported threshold count is 0
2023-08-25 08:51:20,015 [Time-limited test] INFO  server.StorageContainerManager (StorageContainerManager.java:<init>(425)) - SCM start with adminUsers: [runner]
2023-08-25 08:51:20,015 [Time-limited test] INFO  ipc.CallQueueManager (CallQueueManager.java:<init>(90)) - Using callQueue: class java.util.concurrent.LinkedBlockingQueue, queueCapacity: 2000, scheduler: class org.apache.hadoop.ipc.DefaultRpcScheduler, ipcBackoff: false.
2023-08-25 08:51:20,016 [Time-limited test] INFO  ipc.Server (Server.java:<init>(1287)) - Listener at 0.0.0.0:15055
2023-08-25 08:51:20,016 [Socket Reader #1 for port 15055] INFO  ipc.Server (Server.java:run(1323)) - Starting Socket Reader #1 for port 15055
2023-08-25 08:51:20,017 [Time-limited test] INFO  ipc.CallQueueManager (CallQueueManager.java:<init>(90)) - Using callQueue: class java.util.concurrent.LinkedBlockingQueue, queueCapacity: 2000, scheduler: class org.apache.hadoop.ipc.DefaultRpcScheduler, ipcBackoff: false.
2023-08-25 08:51:20,017 [Time-limited test] INFO  ipc.Server (Server.java:<init>(1287)) - Listener at 0.0.0.0:15054
2023-08-25 08:51:20,018 [Socket Reader #1 for port 15054] INFO  ipc.Server (Server.java:run(1323)) - Starting Socket Reader #1 for port 15054
2023-08-25 08:51:20,019 [Time-limited test] INFO  ipc.CallQueueManager (CallQueueManager.java:<init>(90)) - Using callQueue: class java.util.concurrent.LinkedBlockingQueue, queueCapacity: 2000, scheduler: class org.apache.hadoop.ipc.DefaultRpcScheduler, ipcBackoff: false.
2023-08-25 08:51:20,020 [Time-limited test] INFO  ipc.Server (Server.java:<init>(1287)) - Listener at 0.0.0.0:15053
2023-08-25 08:51:20,020 [Socket Reader #1 for port 15053] INFO  ipc.Server (Server.java:run(1323)) - Starting Socket Reader #1 for port 15053
2023-08-25 08:51:20,028 [Time-limited test] INFO  ha.SCMServiceManager (SCMServiceManager.java:register(42)) - Registering service ContainerBalancer.
2023-08-25 08:51:20,028 [Time-limited test] INFO  server.StorageContainerManager (StorageContainerManager.java:<init>(438)) - 
Container Balancer status:
Key                            Value
Running                        false
Container Balancer Configuration values:
Key                                                Value
Threshold                                          10
Max Datanodes to Involve per Iteration(percent)    20
Max Size to Move per Iteration                     500GB
Max Size Entering Target per Iteration             26GB
Max Size Leaving Source per Iteration              26GB

2023-08-25 08:51:20,028 [Time-limited test] INFO  ha.SCMContext (SCMContext.java:updateSafeModeStatus(228)) - Update SafeModeStatus from SafeModeStatus{safeModeStatus=true, preCheckPassed=false} to SafeModeStatus{safeModeStatus=true, preCheckPassed=false}.
2023-08-25 08:51:20,033 [Time-limited test] INFO  server.StorageContainerManager (StorageContainerManager.java:start(1483)) - StorageContainerLocationProtocol RPC server is listening at /0.0.0.0:15053
2023-08-25 08:51:20,034 [ReplicationMonitor] INFO  replication.ReplicationManager (ReplicationManager.java:processAll(361)) - Replication Manager is not ready to run until 3000ms after safemode exit
2023-08-25 08:51:20,037 [Time-limited test] WARN  impl.MetricsConfig (MetricsConfig.java:loadFirst(136)) - Cannot locate configuration: tried hadoop-metrics2-storagecontainermanager.properties,hadoop-metrics2.properties
2023-08-25 08:51:20,038 [Time-limited test] INFO  impl.MetricsSystemImpl (MetricsSystemImpl.java:startTimer(378)) - Scheduled Metric snapshot period at 10 second(s).
2023-08-25 08:51:20,038 [Time-limited test] INFO  impl.MetricsSystemImpl (MetricsSystemImpl.java:start(191)) - StorageContainerManager metrics system started
2023-08-25 08:51:20,067 [Time-limited test] INFO  impl.MetricsSinkAdapter (MetricsSinkAdapter.java:start(204)) - Sink prometheus started
2023-08-25 08:51:20,067 [Time-limited test] INFO  impl.MetricsSystemImpl (MetricsSystemImpl.java:registerSink(305)) - Registered sink prometheus
2023-08-25 08:51:20,082 [Time-limited test] INFO  server.SCMClientProtocolServer (SCMClientProtocolServer.java:start(201)) - RPC server for Client  is listening at /0.0.0.0:15053
2023-08-25 08:51:20,083 [IPC Server Responder] INFO  ipc.Server (Server.java:run(1562)) - IPC Server Responder: starting
2023-08-25 08:51:20,083 [IPC Server listener on 15053] INFO  ipc.Server (Server.java:run(1402)) - IPC Server listener on 15053: starting
2023-08-25 08:51:20,090 [Time-limited test] INFO  server.StorageContainerManager (StorageContainerManager.java:start(1496)) - ScmBlockLocationProtocol RPC server is listening at /0.0.0.0:15054
2023-08-25 08:51:20,090 [Time-limited test] INFO  server.SCMBlockProtocolServer (SCMBlockProtocolServer.java:start(152)) - RPC server for Block Protocol is listening at /0.0.0.0:15054
2023-08-25 08:51:20,091 [IPC Server Responder] INFO  ipc.Server (Server.java:run(1562)) - IPC Server Responder: starting
2023-08-25 08:51:20,091 [IPC Server listener on 15054] INFO  ipc.Server (Server.java:run(1402)) - IPC Server listener on 15054: starting
2023-08-25 08:51:20,094 [Time-limited test] INFO  server.SCMDatanodeProtocolServer (SCMDatanodeProtocolServer.java:start(193)) - ScmDatanodeProtocol RPC server for DataNodes is listening at /0.0.0.0:15055
2023-08-25 08:51:20,095 [IPC Server Responder] INFO  ipc.Server (Server.java:run(1562)) - IPC Server Responder: starting
2023-08-25 08:51:20,095 [IPC Server listener on 15055] INFO  ipc.Server (Server.java:run(1402)) - IPC Server listener on 15055: starting
2023-08-25 08:51:20,098 [JvmPauseMonitor7] INFO  util.JvmPauseMonitor (JvmPauseMonitor.java:run(103)) - JvmPauseMonitor-41043a62-a2d9-4802-afa4-17e4ccaa0602: Started
2023-08-25 08:51:20,099 [Time-limited test] INFO  http.BaseHttpServer (BaseHttpServer.java:newHttpServer2BuilderForOzone(224)) - Starting Web-server for scm at: http://0.0.0.0:15056
2023-08-25 08:51:20,099 [Time-limited test] INFO  http.BaseHttpServer (BaseHttpServer.java:<init>(111)) - Hadoop Security Enabled: false Ozone Security Enabled: false Ozone HTTP Security Enabled: false 
2023-08-25 08:51:20,102 [Time-limited test] WARN  server.AuthenticationFilter (AuthenticationFilter.java:constructSecretProvider(240)) - Unable to initialize FileSignerSecretProvider, falling back to use random secrets. Reason: Could not read signature secret file: /home/runner/hadoop-http-auth-signature-secret
2023-08-25 08:51:20,105 [Time-limited test] INFO  http.HttpRequestLog (HttpRequestLog.java:getRequestLog(86)) - Http request log for http.requests.scm is not defined
2023-08-25 08:51:20,108 [Time-limited test] INFO  http.HttpServer2 (HttpServer2.java:addGlobalFilter(1031)) - Added global filter 'safety' (class=org.apache.hadoop.hdds.server.http.HttpServer2$QuotingInputFilter)
2023-08-25 08:51:20,109 [Time-limited test] INFO  http.HttpServer2 (HttpServer2.java:addFilter(1007)) - Added filter static_user_filter (class=org.apache.hadoop.http.lib.StaticUserWebFilter$StaticUserFilter) to context scm
2023-08-25 08:51:20,109 [Time-limited test] INFO  http.HttpServer2 (HttpServer2.java:addFilter(1015)) - Added filter static_user_filter (class=org.apache.hadoop.http.lib.StaticUserWebFilter$StaticUserFilter) to context static
2023-08-25 08:51:20,109 [Time-limited test] INFO  http.HttpServer2 (HttpServer2.java:addFilter(1015)) - Added filter static_user_filter (class=org.apache.hadoop.http.lib.StaticUserWebFilter$StaticUserFilter) to context logs
2023-08-25 08:51:20,111 [Time-limited test] INFO  http.BaseHttpServer (BaseHttpServer.java:<init>(190)) - HTTP server of scm uses base directory /home/runner/work/ozone/ozone/hadoop-ozone/integration-test/target/test-dir/MiniOzoneClusterImpl-7264bf39-beec-4c8a-bbdc-a469073ec634/ozone-meta/webserver
2023-08-25 08:51:20,112 [Time-limited test] INFO  http.HttpServer2 (HttpServer2.java:bindListener(1250)) - Jetty bound to port 15056
2023-08-25 08:51:20,112 [Time-limited test] INFO  server.Server (Server.java:doStart(375)) - jetty-9.4.51.v20230217; built: 2023-02-17T08:19:37.309Z; git: b45c405e4544384de066f814ed42ae3dceacdd49; jvm 1.8.0_382-b05
2023-08-25 08:51:20,118 [Time-limited test] INFO  server.session (DefaultSessionIdManager.java:doStart(334)) - DefaultSessionIdManager workerName=node0
2023-08-25 08:51:20,118 [Time-limited test] INFO  server.session (DefaultSessionIdManager.java:doStart(339)) - No SessionScavenger set, using defaults
2023-08-25 08:51:20,119 [Time-limited test] INFO  server.session (HouseKeeper.java:startScavenging(132)) - node0 Scavenging every 600000ms
2023-08-25 08:51:20,119 [Time-limited test] INFO  handler.ContextHandler (ContextHandler.java:doStart(921)) - Started o.e.j.s.ServletContextHandler@1b35f1bf{logs,/logs,file:///home/runner/work/ozone/ozone/hadoop-ozone/integration-test/target/log,AVAILABLE}
2023-08-25 08:51:20,120 [Time-limited test] INFO  handler.ContextHandler (ContextHandler.java:doStart(921)) - Started o.e.j.s.ServletContextHandler@1891ab81{static,/static,file:///home/runner/work/ozone/ozone/hadoop-ozone/integration-test/target/test-classes/webapps/static,AVAILABLE}
2023-08-25 08:51:20,124 [Time-limited test] INFO  handler.ContextHandler (ContextHandler.java:doStart(921)) - Started o.e.j.w.WebAppContext@6d353825{scm,/,file:///home/runner/work/ozone/ozone/hadoop-ozone/integration-test/target/test-classes/webapps/scm/,AVAILABLE}{file:/home/runner/work/ozone/ozone/hadoop-ozone/integration-test/target/test-classes/webapps/scm}
2023-08-25 08:51:20,125 [Time-limited test] INFO  server.AbstractConnector (AbstractConnector.java:doStart(333)) - Started ServerConnector@1bf5f571{HTTP/1.1, (http/1.1)}{0.0.0.0:15056}
2023-08-25 08:51:20,125 [Time-limited test] INFO  server.Server (Server.java:doStart(415)) - Started @41352ms
2023-08-25 08:51:20,126 [Time-limited test] WARN  impl.MetricsSystemImpl (MetricsSystemImpl.java:register(279)) - Sink prometheus already exists!
2023-08-25 08:51:20,126 [Time-limited test] INFO  http.BaseHttpServer (BaseHttpServer.java:updateConnectorAddress(344)) - HTTP server of scm listening at http://0.0.0.0:15056
2023-08-25 08:51:20,127 [Time-limited test] WARN  server.ServerUtils (ServerUtils.java:getDBPath(311)) - ozone.om.db.dirs is not configured. We recommend adding this setting. Falling back to ozone.metadata.dirs instead.
2023-08-25 08:51:20,129 [Time-limited test] INFO  ha.OMHANodeDetails (OMHANodeDetails.java:loadOMHAConfig(115)) - ozone.om.internal.service.id is not defined, falling back to ozone.om.service.ids to find serviceID for OzoneManager if it is HA enabled cluster
2023-08-25 08:51:20,129 [Time-limited test] INFO  ha.OMHANodeDetails (OMHANodeDetails.java:loadOMHAConfig(226)) - Configuration does not have ozone.om.address set. Falling back to the default OM address /127.0.0.1:15057
2023-08-25 08:51:20,129 [Time-limited test] INFO  ha.OMHANodeDetails (OMHANodeDetails.java:getOMNodeDetailsForNonHA(254)) - OM Service ID is not set. Setting it to the default ID: omServiceIdDefault
2023-08-25 08:51:20,129 [Time-limited test] INFO  ha.OMHANodeDetails (OMHANodeDetails.java:getOMNodeDetailsForNonHA(261)) - OM Node ID is not set. Setting it to the default ID: om1
2023-08-25 08:51:20,129 [Time-limited test] WARN  server.ServerUtils (ServerUtils.java:getDBPath(311)) - ozone.om.db.dirs is not configured. We recommend adding this setting. Falling back to ozone.metadata.dirs instead.
2023-08-25 08:51:20,130 [Time-limited test] INFO  upgrade.AbstractLayoutVersionManager (AbstractLayoutVersionManager.java:init(83)) - Initializing Layout version manager with metadata layout = QUOTA (version = 6), software layout = QUOTA (version = 6)
2023-08-25 08:51:20,228 [Time-limited test] INFO  reflections.Reflections (Reflections.java:scan(232)) - Reflections took 97 ms to scan 2 urls, producing 188 keys and 512 values [using 2 cores]
2023-08-25 08:51:20,229 [Time-limited test] INFO  upgrade.OMLayoutVersionManager (OMLayoutVersionManager.java:lambda$0(115)) - Skipping Upgrade Action QuotaRepairUpgradeAction since it has been finalized.
2023-08-25 08:51:20,229 [Time-limited test] INFO  upgrade.OMLayoutVersionManager (OMLayoutVersionManager.java:lambda$0(115)) - Skipping Upgrade Action MockOmUpgradeAction since it has been finalized.
2023-08-25 08:51:20,229 [Time-limited test] WARN  server.ServerUtils (ServerUtils.java:getDBPath(311)) - ozone.om.db.dirs is not configured. We recommend adding this setting. Falling back to ozone.metadata.dirs instead.
2023-08-25 08:51:20,230 [Time-limited test] INFO  proxy.SCMBlockLocationFailoverProxyProvider (SCMBlockLocationFailoverProxyProvider.java:<init>(114)) - Created block location fail-over proxy with 1 nodes: [nodeId=scmNodeId,nodeAddress=/0.0.0.0:15054]
2023-08-25 08:51:20,231 [Time-limited test] INFO  proxy.SCMBlockLocationFailoverProxyProvider (SCMBlockLocationFailoverProxyProvider.java:<init>(114)) - Created block location fail-over proxy with 1 nodes: [nodeId=scmNodeId,nodeAddress=/0.0.0.0:15054]
2023-08-25 08:51:20,245 [Time-limited test] INFO  om.OzoneManager (OzoneManager.java:<init>(662)) - OM start with adminUsers: [runner]
2023-08-25 08:51:20,246 [Time-limited test] WARN  server.ServerUtils (ServerUtils.java:getDBPath(311)) - ozone.om.db.dirs is not configured. We recommend adding this setting. Falling back to ozone.metadata.dirs instead.
2023-08-25 08:51:20,247 [Time-limited test] INFO  helpers.OmKeyInfo (OmKeyInfo.java:getCodec(71)) - OmKeyInfo.getCodec ignorePipeline = true
2023-08-25 08:51:20,482 [Time-limited test] INFO  om.OzoneManager (OzoneManager.java:instantiateServices(791)) - S3 Multi-Tenancy is disabled
2023-08-25 08:51:20,483 [Time-limited test] INFO  om.OmSnapshotManager (OmSnapshotManager.java:<init>(175)) - Ozone filesystem snapshot feature is enabled.
2023-08-25 08:51:20,483 [Time-limited test] WARN  server.ServerUtils (ServerUtils.java:getDBPath(311)) - ozone.om.snapshot.diff.db.dir is not configured. We recommend adding this setting. Falling back to ozone.metadata.dirs instead.
2023-08-25 08:51:20,510 [Time-limited test] INFO  snapshot.SnapshotDiffManager (SnapshotDiffManager.java:closeExecutorService(1720)) - Shutting down executorService: 'SstDumpToolExecutor'
2023-08-25 08:51:20,512 [Time-limited test] INFO  om.OzoneManager (OzoneManager.java:addS3GVolumeToDB(4284)) - Created Volume s3v With Owner runner required for S3Gateway operations.
2023-08-25 08:51:20,512 [Time-limited test] WARN  server.ServerUtils (ServerUtils.java:getDefaultRatisDirectory(323)) - Storage directory for Ratis is not configured. It is a good idea to map this to an SSD disk. Falling back to ozone.metadata.dirs
2023-08-25 08:51:20,512 [Time-limited test] WARN  utils.OzoneManagerRatisUtils (OzoneManagerRatisUtils.java:getOMRatisSnapshotDirectory(461)) - ozone.om.ratis.snapshot.dir is not configured. Falling back to ozone.metadata.dirs config
2023-08-25 08:51:20,512 [Time-limited test] WARN  server.ServerUtils (ServerUtils.java:getDefaultRatisDirectory(323)) - Storage directory for Ratis is not configured. It is a good idea to map this to an SSD disk. Falling back to ozone.metadata.dirs
2023-08-25 08:51:20,514 [Time-limited test] INFO  ratis.OzoneManagerRatisServer (OzoneManagerRatisServer.java:<init>(163)) - Instantiating OM Ratis server with groupID: omServiceIdDefault and peers: localhost:15060
2023-08-25 08:51:20,514 [Time-limited test] INFO  ratis.OzoneManagerStateMachine (OzoneManagerStateMachine.java:loadSnapshotInfoFromDB(687)) - LastAppliedIndex is set from TransactionInfo from OM DB as (t:0, i:~)
2023-08-25 08:51:20,515 [Time-limited test] INFO  server.RaftServer (ConfUtils.java:logGet(46)) - raft.rpc.type = GRPC (default)
2023-08-25 08:51:20,516 [Time-limited test] INFO  grpc.GrpcConfigKeys (ConfUtils.java:logFallback(53)) - raft.grpc.admin.host = null (fallback to raft.grpc.server.host)
2023-08-25 08:51:20,516 [Time-limited test] INFO  grpc.GrpcConfigKeys (ConfUtils.java:logFallback(53)) - raft.grpc.admin.port = 15060 (fallback to raft.grpc.server.port)
2023-08-25 08:51:20,516 [Time-limited test] INFO  grpc.GrpcConfigKeys (ConfUtils.java:logFallback(53)) - raft.grpc.client.host = null (fallback to raft.grpc.server.host)
2023-08-25 08:51:20,516 [Time-limited test] INFO  grpc.GrpcConfigKeys (ConfUtils.java:logFallback(53)) - raft.grpc.client.port = 15060 (fallback to raft.grpc.server.port)
2023-08-25 08:51:20,516 [Time-limited test] INFO  grpc.GrpcConfigKeys (ConfUtils.java:logGet(46)) - raft.grpc.server.host = null (default)
2023-08-25 08:51:20,516 [Time-limited test] INFO  grpc.GrpcConfigKeys (ConfUtils.java:logGet(46)) - raft.grpc.server.port = 15060 (custom)
2023-08-25 08:51:20,516 [Time-limited test] INFO  server.GrpcService (ConfUtils.java:logGet(46)) - raft.grpc.message.size.max = 33554432 (custom)
2023-08-25 08:51:20,517 [Time-limited test] INFO  server.RaftServerConfigKeys (ConfUtils.java:logGet(46)) - raft.server.log.appender.buffer.byte-limit = 33554432 (custom)
2023-08-25 08:51:20,517 [Time-limited test] INFO  server.GrpcService (ConfUtils.java:logGet(46)) - raft.grpc.flow.control.window = 1MB (=1048576) (default)
2023-08-25 08:51:20,517 [Time-limited test] INFO  server.RaftServerConfigKeys (ConfUtils.java:logGet(46)) - raft.server.rpc.request.timeout = 3000ms (default)
2023-08-25 08:51:20,517 [Time-limited test] INFO  grpc.GrpcConfigKeys (ConfUtils.java:logGet(46)) - raft.grpc.server.heartbeat.channel = true (default)
2023-08-25 08:51:20,517 [Time-limited test] INFO  grpc.GrpcConfigKeys (ConfUtils.java:logGet(46)) - raft.grpc.server.async.request.thread.pool.cached = true (default)
2023-08-25 08:51:20,517 [Time-limited test] INFO  grpc.GrpcConfigKeys (ConfUtils.java:logGet(46)) - raft.grpc.server.async.request.thread.pool.size = 32 (default)
2023-08-25 08:51:20,519 [Time-limited test] INFO  impl.DataStreamServerImpl (ConfUtils.java:logGet(46)) - raft.datastream.type = DISABLED (default)
2023-08-25 08:51:20,519 [Time-limited test] INFO  server.RaftServerConfigKeys (ConfUtils.java:logGet(46)) - raft.server.threadpool.proxy.cached = true (default)
2023-08-25 08:51:20,519 [Time-limited test] INFO  server.RaftServerConfigKeys (ConfUtils.java:logGet(46)) - raft.server.threadpool.proxy.size = 0 (default)
2023-08-25 08:51:20,519 [Time-limited test] INFO  server.RaftServerConfigKeys (ConfUtils.java:logGet(46)) - raft.server.rpc.slowness.timeout = 120s (custom)
2023-08-25 08:51:20,519 [Time-limited test] INFO  server.RaftServerConfigKeys (ConfUtils.java:logGet(46)) - raft.server.leaderelection.leader.step-down.wait-time = 10s (default)
2023-08-25 08:51:20,519 [Time-limited test] INFO  server.RaftServerConfigKeys (ConfUtils.java:logGet(46)) - raft.server.storage.dir = [/home/runner/work/ozone/ozone/hadoop-ozone/integration-test/target/test-dir/MiniOzoneClusterImpl-7264bf39-beec-4c8a-bbdc-a469073ec634/ozone-meta/ratis] (custom)
2023-08-25 08:51:20,520 [Time-limited test] INFO  server.RaftServer (RaftServerProxy.java:addNew(98)) - om1: addNew group-C5BA1605619E:[om1|rpc:localhost:15060|priority:0|startupRole:FOLLOWER] returns group-C5BA1605619E:java.util.concurrent.CompletableFuture@5ea7a402[Not completed]
2023-08-25 08:51:20,520 [om1-groupManagement] INFO  server.RaftServer$Division (RaftServerImpl.java:<init>(198)) - om1: new RaftServerImpl for group-C5BA1605619E:[om1|rpc:localhost:15060|priority:0|startupRole:FOLLOWER] with OzoneManagerStateMachine:uninitialized
2023-08-25 08:51:20,520 [Time-limited test] INFO  om.OzoneManager (OzoneManager.java:initializeRatisServer(2128)) - OzoneManager Ratis server initialized at port 15060
2023-08-25 08:51:20,520 [om1-groupManagement] INFO  server.RaftServerConfigKeys (ConfUtils.java:logGet(46)) - raft.server.rpc.timeout.min = 1s (custom)
2023-08-25 08:51:20,520 [Time-limited test] INFO  om.OzoneManager (OzoneManager.java:getRpcServer(1193)) - Creating RPC Server
2023-08-25 08:51:20,520 [om1-groupManagement] INFO  server.RaftServerConfigKeys (ConfUtils.java:logGet(46)) - raft.server.rpc.timeout.max = 1200ms (custom)
2023-08-25 08:51:20,520 [om1-groupManagement] INFO  server.RaftServerConfigKeys (ConfUtils.java:logGet(46)) - raft.server.rpc.sleep.time = 25ms (default)
2023-08-25 08:51:20,520 [om1-groupManagement] INFO  server.RaftServerConfigKeys (ConfUtils.java:logGet(46)) - raft.server.rpc.slowness.timeout = 120s (custom)
2023-08-25 08:51:20,520 [om1-groupManagement] INFO  server.RaftServerConfigKeys (ConfUtils.java:logGet(46)) - raft.server.leaderelection.leader.step-down.wait-time = 10s (default)
2023-08-25 08:51:20,521 [om1-groupManagement] INFO  server.RaftServerConfigKeys (ConfUtils.java:logGet(46)) - raft.server.sleep.deviation.threshold = 300ms (default)
2023-08-25 08:51:20,521 [om1-groupManagement] INFO  server.RaftServer$Division (ServerState.java:<init>(120)) - om1@group-C5BA1605619E: ConfigurationManager, init=-1: peers:[om1|rpc:localhost:15060|priority:0|startupRole:FOLLOWER]|listeners:[], old=null, confs=<EMPTY_MAP>
2023-08-25 08:51:20,521 [om1-groupManagement] INFO  server.RaftServerConfigKeys (ConfUtils.java:logGet(46)) - raft.server.storage.dir = [/home/runner/work/ozone/ozone/hadoop-ozone/integration-test/target/test-dir/MiniOzoneClusterImpl-7264bf39-beec-4c8a-bbdc-a469073ec634/ozone-meta/ratis] (custom)
2023-08-25 08:51:20,521 [om1-groupManagement] INFO  server.RaftServerConfigKeys (ConfUtils.java:logGet(46)) - raft.server.log.corruption.policy = EXCEPTION (default)
2023-08-25 08:51:20,521 [om1-groupManagement] INFO  server.RaftServerConfigKeys (ConfUtils.java:logGet(46)) - raft.server.storage.free-space.min = 0MB (=0) (default)
2023-08-25 08:51:20,521 [om1-groupManagement] INFO  server.RaftServerConfigKeys (ConfUtils.java:logGet(46)) - raft.server.notification.no-leader.timeout = 120s (custom)
2023-08-25 08:51:20,522 [om1-groupManagement] INFO  server.RaftServerConfigKeys (ConfUtils.java:logGet(46)) - raft.server.read.timeout = 10s (default)
2023-08-25 08:51:20,522 [om1-groupManagement] INFO  server.RaftServerConfigKeys (ConfUtils.java:logGet(46)) - raft.server.retrycache.expirytime = 300s (custom)
2023-08-25 08:51:20,522 [om1-groupManagement] INFO  server.RaftServerConfigKeys (ConfUtils.java:logGet(46)) - raft.server.retrycache.statistics.expirytime = 100μs (default)
2023-08-25 08:51:20,522 [om1-groupManagement] INFO  server.RaftServerConfigKeys (ConfUtils.java:logGet(46)) - raft.server.read.option = DEFAULT (default)
2023-08-25 08:51:20,523 [om1-groupManagement] INFO  server.RaftServerConfigKeys (ConfUtils.java:logGet(46)) - raft.server.rpc.request.timeout = 3000ms (default)
2023-08-25 08:51:20,523 [om1-groupManagement] INFO  server.RaftServerConfigKeys (ConfUtils.java:logGet(46)) - raft.server.log.appender.install.snapshot.enabled = false (custom)
2023-08-25 08:51:20,523 [om1-groupManagement] INFO  server.RaftServerConfigKeys (ConfUtils.java:logGet(46)) - raft.server.threadpool.server.cached = true (default)
2023-08-25 08:51:20,524 [om1-groupManagement] INFO  server.RaftServerConfigKeys (ConfUtils.java:logGet(46)) - raft.server.threadpool.server.size = 0 (default)
2023-08-25 08:51:20,524 [om1-groupManagement] INFO  server.RaftServerConfigKeys (ConfUtils.java:logGet(46)) - raft.server.threadpool.client.cached = true (default)
2023-08-25 08:51:20,524 [om1-groupManagement] INFO  server.RaftServerConfigKeys (ConfUtils.java:logGet(46)) - raft.server.threadpool.client.size = 0 (default)
2023-08-25 08:51:21,142 [ReplicationMonitor] INFO  replication.ReplicationManager (ReplicationManager.java:processAll(361)) - Replication Manager is not ready to run until 3000ms after safemode exit
2023-08-25 08:51:21,313 [Time-limited test] INFO  reflections.Reflections (Reflections.java:scan(232)) - Reflections took 792 ms to scan 19 urls, producing 70 keys and 5655 values [using 2 cores]
2023-08-25 08:51:21,314 [Time-limited test] INFO  ipc.CallQueueManager (CallQueueManager.java:<init>(90)) - Using callQueue: class java.util.concurrent.LinkedBlockingQueue, queueCapacity: 2000, scheduler: class org.apache.hadoop.ipc.DefaultRpcScheduler, ipcBackoff: false.
2023-08-25 08:51:21,315 [Time-limited test] INFO  ipc.Server (Server.java:<init>(1287)) - Listener at 127.0.0.1:15057
2023-08-25 08:51:21,317 [Socket Reader #1 for port 15057] INFO  ipc.Server (Server.java:run(1323)) - Starting Socket Reader #1 for port 15057
2023-08-25 08:51:21,348 [Time-limited test] INFO  impl.MetricsSystemImpl (MetricsSystemImpl.java:init(158)) - OzoneManager metrics system started (again)
2023-08-25 08:51:21,363 [Time-limited test] INFO  om.OzoneManager (OzoneManager.java:start(1613)) - OzoneManager RPC server is listening at localhost/127.0.0.1:15057
2023-08-25 08:51:21,363 [Time-limited test] INFO  ratis.OzoneManagerRatisServer (OzoneManagerRatisServer.java:start(558)) - Starting OzoneManagerRatisServer om1 at port 15060
2023-08-25 08:51:21,364 [om1-impl-thread1] INFO  storage.RaftStorageDirectory (RaftStorageDirectoryImpl.java:analyzeStorage(137)) - The storage directory /home/runner/work/ozone/ozone/hadoop-ozone/integration-test/target/test-dir/MiniOzoneClusterImpl-7264bf39-beec-4c8a-bbdc-a469073ec634/ozone-meta/ratis/bf265839-605b-3f16-9796-c5ba1605619e does not exist. Creating ...
2023-08-25 08:51:21,366 [om1-impl-thread1] INFO  storage.RaftStorageDirectory (RaftStorageDirectoryImpl.java:tryLock(231)) - Lock on /home/runner/work/ozone/ozone/hadoop-ozone/integration-test/target/test-dir/MiniOzoneClusterImpl-7264bf39-beec-4c8a-bbdc-a469073ec634/ozone-meta/ratis/bf265839-605b-3f16-9796-c5ba1605619e/in_use.lock acquired by nodename 30217@fv-az584-689
2023-08-25 08:51:21,368 [om1-impl-thread1] INFO  storage.RaftStorage (RaftStorageImpl.java:format(96)) - Storage directory /home/runner/work/ozone/ozone/hadoop-ozone/integration-test/target/test-dir/MiniOzoneClusterImpl-7264bf39-beec-4c8a-bbdc-a469073ec634/ozone-meta/ratis/bf265839-605b-3f16-9796-c5ba1605619e has been successfully formatted.
2023-08-25 08:51:21,369 [om1-impl-thread1] INFO  server.RaftServerConfigKeys (ConfUtils.java:logGet(46)) - raft.server.log.use.memory = false (default)
2023-08-25 08:51:21,369 [om1-impl-thread1] INFO  server.RaftServerConfigKeys (ConfUtils.java:logGet(46)) - raft.server.log.purge.gap = 1000000 (custom)
2023-08-25 08:51:21,369 [om1-impl-thread1] INFO  server.RaftServerConfigKeys (ConfUtils.java:logGet(46)) - raft.server.log.appender.buffer.byte-limit = 33554432 (custom)
2023-08-25 08:51:21,369 [om1-impl-thread1] INFO  server.RaftServerConfigKeys (ConfUtils.java:logGet(46)) - raft.server.log.statemachine.data.read.timeout = 1000ms (default)
2023-08-25 08:51:21,369 [om1-impl-thread1] INFO  server.RaftServerConfigKeys (ConfUtils.java:logGet(46)) - raft.server.log.purge.preservation.log.num = 0 (default)
2023-08-25 08:51:21,369 [om1-impl-thread1] INFO  server.RaftServerConfigKeys (ConfUtils.java:logGet(46)) - raft.server.log.segment.size.max = 4194304 (custom)
2023-08-25 08:51:21,369 [om1-impl-thread1] INFO  server.RaftServerConfigKeys (ConfUtils.java:logGet(46)) - raft.server.log.segment.cache.num.max = 2 (custom)
2023-08-25 08:51:21,370 [om1-impl-thread1] INFO  server.RaftServerConfigKeys (ConfUtils.java:logGet(46)) - raft.server.log.segment.cache.size.max = 200MB (=209715200) (default)
2023-08-25 08:51:21,370 [om1-impl-thread1] INFO  server.RaftServerConfigKeys (ConfUtils.java:logGet(46)) - raft.server.log.appender.buffer.byte-limit = 33554432 (custom)
2023-08-25 08:51:21,370 [om1-impl-thread1] INFO  segmented.SegmentedRaftLogWorker (SegmentedRaftLogWorker.java:<init>(188)) - new om1@group-C5BA1605619E-SegmentedRaftLogWorker for RaftStorageImpl:Storage Directory /home/runner/work/ozone/ozone/hadoop-ozone/integration-test/target/test-dir/MiniOzoneClusterImpl-7264bf39-beec-4c8a-bbdc-a469073ec634/ozone-meta/ratis/bf265839-605b-3f16-9796-c5ba1605619e
2023-08-25 08:51:21,370 [om1-impl-thread1] INFO  server.RaftServerConfigKeys (ConfUtils.java:logGet(46)) - raft.server.log.queue.byte-limit = 64MB (=67108864) (default)
2023-08-25 08:51:21,370 [om1-impl-thread1] INFO  server.RaftServerConfigKeys (ConfUtils.java:logGet(46)) - raft.server.log.queue.element-limit = 4096 (default)
2023-08-25 08:51:21,370 [om1-impl-thread1] INFO  server.RaftServerConfigKeys (ConfUtils.java:logGet(46)) - raft.server.log.segment.size.max = 4194304 (custom)
2023-08-25 08:51:21,370 [om1-impl-thread1] INFO  server.RaftServerConfigKeys (ConfUtils.java:logGet(46)) - raft.server.log.preallocated.size = 4194304 (custom)
2023-08-25 08:51:21,370 [om1-impl-thread1] INFO  server.RaftServerConfigKeys (ConfUtils.java:logGet(46)) - raft.server.log.force.sync.num = 128 (default)
2023-08-25 08:51:21,370 [om1-impl-thread1] INFO  server.RaftServerConfigKeys (ConfUtils.java:logGet(46)) - raft.server.log.statemachine.data.sync = true (default)
2023-08-25 08:51:21,370 [om1-impl-thread1] INFO  server.RaftServerConfigKeys (ConfUtils.java:logGet(46)) - raft.server.log.statemachine.data.sync.timeout = 10s (default)
2023-08-25 08:51:21,370 [om1-impl-thread1] INFO  server.RaftServerConfigKeys (ConfUtils.java:logGet(46)) - raft.server.log.statemachine.data.sync.timeout.retry = -1 (default)
2023-08-25 08:51:21,371 [om1-impl-thread1] INFO  server.RaftServerConfigKeys (ConfUtils.java:logGet(46)) - raft.server.log.write.buffer.size = 64KB (=65536) (default)
2023-08-25 08:51:21,371 [om1-impl-thread1] INFO  server.RaftServerConfigKeys (ConfUtils.java:logGet(46)) - raft.server.log.appender.buffer.byte-limit = 33554432 (custom)
2023-08-25 08:51:21,377 [om1-impl-thread1] INFO  server.RaftServerConfigKeys (ConfUtils.java:logGet(46)) - raft.server.log.unsafe-flush.enabled = false (default)
2023-08-25 08:51:21,377 [om1-impl-thread1] INFO  server.RaftServerConfigKeys (ConfUtils.java:logGet(46)) - raft.server.log.async-flush.enabled = false (default)
2023-08-25 08:51:21,377 [om1-impl-thread1] INFO  server.RaftServerConfigKeys (ConfUtils.java:logGet(46)) - raft.server.log.statemachine.data.caching.enabled = false (default)
2023-08-25 08:51:21,378 [om1-impl-thread1] INFO  segmented.SegmentedRaftLogWorker (SegmentedRaftLogWorker.java:lambda$new$0(135)) - om1@group-C5BA1605619E-SegmentedRaftLogWorker: flushIndex: setUnconditionally 0 -> -1
2023-08-25 08:51:21,378 [om1-impl-thread1] INFO  segmented.SegmentedRaftLogWorker (SegmentedRaftLogWorker.java:lambda$new$0(135)) - om1@group-C5BA1605619E-SegmentedRaftLogWorker: safeCacheEvictIndex: setUnconditionally 0 -> -1
2023-08-25 08:51:21,378 [om1-impl-thread1] INFO  server.RaftServer$Division (RaftServerImpl.java:start(342)) - om1@group-C5BA1605619E: start as a follower, conf=-1: peers:[om1|rpc:localhost:15060|priority:0|startupRole:FOLLOWER]|listeners:[], old=null
2023-08-25 08:51:21,378 [om1-impl-thread1] INFO  server.RaftServer$Division (RaftServerImpl.java:setRole(329)) - om1@group-C5BA1605619E: changes role from      null to FOLLOWER at term 0 for startAsFollower
2023-08-25 08:51:21,379 [om1-impl-thread1] INFO  impl.RoleInfo (RoleInfo.java:updateAndGet(139)) - om1: start om1@group-C5BA1605619E-FollowerState
2023-08-25 08:51:21,380 [om1-impl-thread1] INFO  util.JmxRegister (JmxRegister.java:tryRegister(44)) - Successfully registered JMX Bean with object name Ratis:service=RaftServer,group=group-C5BA1605619E,id=om1
2023-08-25 08:51:21,380 [om1-impl-thread1] INFO  server.RaftServerConfigKeys (ConfUtils.java:logGet(46)) - raft.server.snapshot.auto.trigger.enabled = true (custom)
2023-08-25 08:51:21,380 [om1-impl-thread1] INFO  server.RaftServerConfigKeys (ConfUtils.java:logGet(46)) - raft.server.snapshot.auto.trigger.threshold = 400000 (default)
2023-08-25 08:51:21,380 [om1-impl-thread1] INFO  server.RaftServerConfigKeys (ConfUtils.java:logGet(46)) - raft.server.snapshot.retention.file.num = -1 (default)
2023-08-25 08:51:21,380 [om1-impl-thread1] INFO  server.RaftServerConfigKeys (ConfUtils.java:logGet(46)) - raft.server.log.purge.upto.snapshot.index = true (custom)
2023-08-25 08:51:21,381 [om1@group-C5BA1605619E-FollowerState] INFO  server.RaftServerConfigKeys (ConfUtils.java:logFallback(53)) - raft.server.rpc.first-election.timeout.min = 1s (fallback to raft.server.rpc.timeout.min)
2023-08-25 08:51:21,381 [om1@group-C5BA1605619E-FollowerState] INFO  server.RaftServerConfigKeys (ConfUtils.java:logFallback(53)) - raft.server.rpc.first-election.timeout.max = 1200ms (fallback to raft.server.rpc.timeout.max)
2023-08-25 08:51:21,385 [Time-limited test] INFO  server.RaftServer (RaftServerProxy.java:startImpl(400)) - om1: start RPC server
2023-08-25 08:51:21,390 [Time-limited test] INFO  server.GrpcService (GrpcService.java:startImpl(302)) - om1: GrpcService started, listening on 15060
2023-08-25 08:51:21,391 [Time-limited test] INFO  om.OzoneManager (OzoneManager.java:start(1629)) - Version File has different layout version (6) than OM DB (null). That is expected if this OM has never been finalized to a newer layout version.
2023-08-25 08:51:21,392 [JvmPauseMonitor8] INFO  util.JvmPauseMonitor (JvmPauseMonitor.java:run(103)) - JvmPauseMonitor-om1: Started
2023-08-25 08:51:21,402 [Time-limited test] INFO  http.BaseHttpServer (BaseHttpServer.java:newHttpServer2BuilderForOzone(224)) - Starting Web-server for ozoneManager at: http://0.0.0.0:15058
2023-08-25 08:51:21,402 [Time-limited test] INFO  http.BaseHttpServer (BaseHttpServer.java:<init>(111)) - Hadoop Security Enabled: false Ozone Security Enabled: false Ozone HTTP Security Enabled: false 
2023-08-25 08:51:21,404 [Time-limited test] WARN  server.AuthenticationFilter (AuthenticationFilter.java:constructSecretProvider(240)) - Unable to initialize FileSignerSecretProvider, falling back to use random secrets. Reason: Could not read signature secret file: /home/runner/hadoop-http-auth-signature-secret
2023-08-25 08:51:21,406 [Time-limited test] INFO  http.HttpRequestLog (HttpRequestLog.java:getRequestLog(86)) - Http request log for http.requests.ozoneManager is not defined
2023-08-25 08:51:21,407 [Time-limited test] INFO  http.HttpServer2 (HttpServer2.java:addGlobalFilter(1031)) - Added global filter 'safety' (class=org.apache.hadoop.hdds.server.http.HttpServer2$QuotingInputFilter)
2023-08-25 08:51:21,408 [Time-limited test] INFO  http.HttpServer2 (HttpServer2.java:addFilter(1007)) - Added filter static_user_filter (class=org.apache.hadoop.http.lib.StaticUserWebFilter$StaticUserFilter) to context ozoneManager
2023-08-25 08:51:21,408 [Time-limited test] INFO  http.HttpServer2 (HttpServer2.java:addFilter(1015)) - Added filter static_user_filter (class=org.apache.hadoop.http.lib.StaticUserWebFilter$StaticUserFilter) to context logs
2023-08-25 08:51:21,408 [Time-limited test] INFO  http.HttpServer2 (HttpServer2.java:addFilter(1015)) - Added filter static_user_filter (class=org.apache.hadoop.http.lib.StaticUserWebFilter$StaticUserFilter) to context static
2023-08-25 08:51:21,408 [Time-limited test] INFO  http.BaseHttpServer (BaseHttpServer.java:<init>(190)) - HTTP server of ozoneManager uses base directory /home/runner/work/ozone/ozone/hadoop-ozone/integration-test/target/test-dir/MiniOzoneClusterImpl-7264bf39-beec-4c8a-bbdc-a469073ec634/ozone-meta/webserver
2023-08-25 08:51:21,410 [Time-limited test] INFO  http.HttpServer2 (HttpServer2.java:bindListener(1250)) - Jetty bound to port 15058
2023-08-25 08:51:21,410 [Time-limited test] INFO  server.Server (Server.java:doStart(375)) - jetty-9.4.51.v20230217; built: 2023-02-17T08:19:37.309Z; git: b45c405e4544384de066f814ed42ae3dceacdd49; jvm 1.8.0_382-b05
2023-08-25 08:51:21,413 [Time-limited test] INFO  server.session (DefaultSessionIdManager.java:doStart(334)) - DefaultSessionIdManager workerName=node0
2023-08-25 08:51:21,413 [Time-limited test] INFO  server.session (DefaultSessionIdManager.java:doStart(339)) - No SessionScavenger set, using defaults
2023-08-25 08:51:21,413 [Time-limited test] INFO  server.session (HouseKeeper.java:startScavenging(132)) - node0 Scavenging every 600000ms
2023-08-25 08:51:21,414 [Time-limited test] INFO  handler.ContextHandler (ContextHandler.java:doStart(921)) - Started o.e.j.s.ServletContextHandler@81edb27{logs,/logs,file:///home/runner/work/ozone/ozone/hadoop-ozone/integration-test/target/log,AVAILABLE}
2023-08-25 08:51:21,415 [Time-limited test] INFO  handler.ContextHandler (ContextHandler.java:doStart(921)) - Started o.e.j.s.ServletContextHandler@68f96b57{static,/static,file:///home/runner/work/ozone/ozone/hadoop-ozone/integration-test/target/test-classes/webapps/static,AVAILABLE}
2023-08-25 08:51:21,420 [Time-limited test] INFO  handler.ContextHandler (ContextHandler.java:doStart(921)) - Started o.e.j.w.WebAppContext@685643b5{ozoneManager,/,file:///home/runner/work/ozone/ozone/hadoop-ozone/integration-test/target/test-classes/webapps/ozoneManager/,AVAILABLE}{file:/home/runner/work/ozone/ozone/hadoop-ozone/integration-test/target/test-classes/webapps/ozoneManager}
2023-08-25 08:51:21,422 [Time-limited test] INFO  server.AbstractConnector (AbstractConnector.java:doStart(333)) - Started ServerConnector@75d4ff1d{HTTP/1.1, (http/1.1)}{0.0.0.0:15058}
2023-08-25 08:51:21,422 [Time-limited test] INFO  server.Server (Server.java:doStart(415)) - Started @42648ms
2023-08-25 08:51:21,422 [Time-limited test] WARN  impl.MetricsSystemImpl (MetricsSystemImpl.java:register(279)) - Sink prometheus already exists!
2023-08-25 08:51:21,422 [Time-limited test] INFO  http.BaseHttpServer (BaseHttpServer.java:updateConnectorAddress(344)) - HTTP server of ozoneManager listening at http://0.0.0.0:15058
2023-08-25 08:51:21,425 [IPC Server Responder] INFO  ipc.Server (Server.java:run(1562)) - IPC Server Responder: starting
2023-08-25 08:51:21,425 [IPC Server listener on 15057] INFO  ipc.Server (Server.java:run(1402)) - IPC Server listener on 15057: starting
2023-08-25 08:51:21,437 [Time-limited test] INFO  om.OzoneManager (OzoneManager.java:startTrashEmptier(2081)) - Trash Interval set to 0. Files deleted won't move to trash
2023-08-25 08:51:21,480 [Time-limited test] WARN  impl.MetricRegistriesImpl (MetricRegistriesImpl.java:addReporterRegistration(111)) - New reporters are added after registries were created. Some metrics will be missing from the reporter. Please add reporter before adding any new registry.
2023-08-25 08:51:21,480 [Time-limited test] WARN  impl.MetricRegistriesImpl (MetricRegistriesImpl.java:addReporterRegistration(111)) - New reporters are added after registries were created. Some metrics will be missing from the reporter. Please add reporter before adding any new registry.
2023-08-25 08:51:21,480 [Time-limited test] INFO  impl.MetricsSystemImpl (MetricsSystemImpl.java:init(158)) - HddsDatanode metrics system started (again)
2023-08-25 08:51:21,497 [Time-limited test] INFO  ozone.HddsDatanodeService (HddsDatanodeService.java:start(237)) - HddsDatanodeService host:fv-az584-689.msjcyvhqqs1uvpg4fm53wptgqc.jx.internal.cloudapp.net ip:10.1.0.19
2023-08-25 08:51:21,549 [Time-limited test] INFO  upgrade.AbstractLayoutVersionManager (AbstractLayoutVersionManager.java:init(83)) - Initializing Layout version manager with metadata layout = HADOOP_PRC_PORTS_IN_DATANODEDETAILS (version = 7), software layout = HADOOP_PRC_PORTS_IN_DATANODEDETAILS (version = 7)
2023-08-25 08:51:21,552 [Time-limited test] INFO  statemachine.DatanodeStateMachine (DatanodeStateMachine.java:getEndPointTaskThreadPoolSize(282)) - Datanode State Machine Task Thread Pool size 2
2023-08-25 08:51:21,555 [Time-limited test] INFO  volume.HddsVolume (HddsVolume.java:<init>(126)) - Creating HddsVolume: /home/runner/work/ozone/ozone/hadoop-ozone/integration-test/target/test-dir/MiniOzoneClusterImpl-7264bf39-beec-4c8a-bbdc-a469073ec634/datanode-0/data-0/containers/hdds of storage type : DISK capacity : 9223372036854775807
2023-08-25 08:51:21,556 [Time-limited test] INFO  volume.MutableVolumeSet (MutableVolumeSet.java:initializeVolumeSet(173)) - Added Volume : /home/runner/work/ozone/ozone/hadoop-ozone/integration-test/target/test-dir/MiniOzoneClusterImpl-7264bf39-beec-4c8a-bbdc-a469073ec634/datanode-0/data-0/containers/hdds to VolumeSet
2023-08-25 08:51:21,557 [Time-limited test] INFO  volume.MutableVolumeSet (MutableVolumeSet.java:initializeVolumeSet(173)) - Added Volume : /home/runner/work/ozone/ozone/hadoop-ozone/integration-test/target/test-dir/MiniOzoneClusterImpl-7264bf39-beec-4c8a-bbdc-a469073ec634/datanode-0/data/ratis to VolumeSet
2023-08-25 08:51:21,561 [Thread-751] INFO  ozoneimpl.ContainerReader (ContainerReader.java:readVolume(177)) - Finish verifying containers on volume /home/runner/work/ozone/ozone/hadoop-ozone/integration-test/target/test-dir/MiniOzoneClusterImpl-7264bf39-beec-4c8a-bbdc-a469073ec634/datanode-0/data-0/containers/hdds
2023-08-25 08:51:21,561 [Time-limited test] INFO  ozoneimpl.OzoneContainer (OzoneContainer.java:buildContainerSet(314)) - Build ContainerSet costs 0s
2023-08-25 08:51:21,567 [Time-limited test] INFO  server.RaftServer (ConfUtils.java:logGet(46)) - raft.rpc.type = GRPC (default)
2023-08-25 08:51:21,567 [Time-limited test] INFO  grpc.GrpcConfigKeys (ConfUtils.java:logFallback(53)) - raft.grpc.admin.host = null (fallback to raft.grpc.server.host)
2023-08-25 08:51:21,567 [Time-limited test] INFO  grpc.GrpcConfigKeys (ConfUtils.java:logGet(46)) - raft.grpc.admin.port = 15066 (custom)
2023-08-25 08:51:21,568 [Time-limited test] INFO  grpc.GrpcConfigKeys (ConfUtils.java:logFallback(53)) - raft.grpc.client.host = null (fallback to raft.grpc.server.host)
2023-08-25 08:51:21,568 [Time-limited test] INFO  grpc.GrpcConfigKeys (ConfUtils.java:logGet(46)) - raft.grpc.client.port = 15065 (custom)
2023-08-25 08:51:21,568 [Time-limited test] INFO  grpc.GrpcConfigKeys (ConfUtils.java:logGet(46)) - raft.grpc.server.host = null (default)
2023-08-25 08:51:21,568 [Time-limited test] INFO  grpc.GrpcConfigKeys (ConfUtils.java:logGet(46)) - raft.grpc.server.port = 15067 (custom)
2023-08-25 08:51:21,568 [Time-limited test] INFO  server.GrpcService (ConfUtils.java:logGet(46)) - raft.grpc.message.size.max = 32MB (=33554432) (custom)
2023-08-25 08:51:21,568 [Time-limited test] INFO  server.RaftServerConfigKeys (ConfUtils.java:logGet(46)) - raft.server.log.appender.buffer.byte-limit = 33554432 (custom)
2023-08-25 08:51:21,568 [Time-limited test] INFO  server.GrpcService (ConfUtils.java:logGet(46)) - raft.grpc.flow.control.window = 5MB (=5242880) (custom)
2023-08-25 08:51:21,568 [Time-limited test] INFO  server.RaftServerConfigKeys (ConfUtils.java:logGet(46)) - raft.server.rpc.request.timeout = 60s (custom)
2023-08-25 08:51:21,568 [Time-limited test] INFO  grpc.GrpcConfigKeys (ConfUtils.java:logGet(46)) - raft.grpc.server.heartbeat.channel = true (default)
2023-08-25 08:51:21,568 [Time-limited test] INFO  grpc.GrpcConfigKeys (ConfUtils.java:logGet(46)) - raft.grpc.server.async.request.thread.pool.cached = true (default)
2023-08-25 08:51:21,568 [Time-limited test] INFO  grpc.GrpcConfigKeys (ConfUtils.java:logGet(46)) - raft.grpc.server.async.request.thread.pool.size = 32 (default)
2023-08-25 08:51:21,572 [Time-limited test] INFO  impl.DataStreamServerImpl (ConfUtils.java:logGet(46)) - raft.datastream.type = NETTY (custom)
2023-08-25 08:51:21,572 [Time-limited test] INFO  server.RaftServerConfigKeys (ConfUtils.java:logGet(46)) - raft.server.data-stream.async.request.thread.pool.cached = false (default)
2023-08-25 08:51:21,572 [Time-limited test] INFO  server.RaftServerConfigKeys (ConfUtils.java:logGet(46)) - raft.server.data-stream.async.request.thread.pool.size = 20 (custom)
2023-08-25 08:51:21,572 [Time-limited test] INFO  server.RaftServerConfigKeys (ConfUtils.java:logGet(46)) - raft.server.data-stream.async.write.thread.pool.size = 16 (default)
2023-08-25 08:51:21,572 [Time-limited test] INFO  server.RaftServerConfigKeys (ConfUtils.java:logGet(46)) - raft.server.data-stream.client.pool.size = 10 (default)
2023-08-25 08:51:21,573 [Time-limited test] INFO  netty.NettyConfigKeys$DataStream (ConfUtils.java:logGet(46)) - raft.netty.dataStream.server.use-epoll = false (default)
2023-08-25 08:51:21,573 [Time-limited test] INFO  netty.NettyConfigKeys$DataStream (ConfUtils.java:logGet(46)) - raft.netty.dataStream.server.boss-group.size = 0 (default)
2023-08-25 08:51:21,573 [Time-limited test] INFO  netty.NettyConfigKeys$DataStream (ConfUtils.java:logGet(46)) - raft.netty.dataStream.server.worker-group.size = 0 (default)
2023-08-25 08:51:21,573 [Time-limited test] INFO  netty.NettyConfigKeys$DataStream (ConfUtils.java:logGet(46)) - raft.netty.dataStream.server.tls.conf = null (default)
2023-08-25 08:51:21,573 [Time-limited test] INFO  netty.NettyConfigKeys$DataStream (ConfUtils.java:logGet(46)) - raft.netty.dataStream.host = null (default)
2023-08-25 08:51:21,574 [Time-limited test] INFO  netty.NettyConfigKeys$DataStream (ConfUtils.java:logGet(46)) - raft.netty.dataStream.port = 15068 (custom)
2023-08-25 08:51:21,574 [Time-limited test] INFO  server.RaftServerConfigKeys (ConfUtils.java:logGet(46)) - raft.server.threadpool.proxy.cached = true (default)
2023-08-25 08:51:21,574 [Time-limited test] INFO  server.RaftServerConfigKeys (ConfUtils.java:logGet(46)) - raft.server.threadpool.proxy.size = 0 (default)
2023-08-25 08:51:21,574 [Time-limited test] INFO  server.RaftServerConfigKeys (ConfUtils.java:logGet(46)) - raft.server.rpc.slowness.timeout = 300s (custom)
2023-08-25 08:51:21,575 [Time-limited test] INFO  server.RaftServerConfigKeys (ConfUtils.java:logGet(46)) - raft.server.leaderelection.leader.step-down.wait-time = 10s (default)
2023-08-25 08:51:21,575 [Time-limited test] INFO  server.RaftServerConfigKeys (ConfUtils.java:logGet(46)) - raft.server.storage.dir = [/home/runner/work/ozone/ozone/hadoop-ozone/integration-test/target/test-dir/MiniOzoneClusterImpl-7264bf39-beec-4c8a-bbdc-a469073ec634/datanode-0/data/ratis] (custom)
2023-08-25 08:51:21,575 [a3e84a91-4099-49fb-b86e-4b39e7f57019-NettyServerStreamRpc-bossGroup--thread1] INFO  logging.LoggingHandler (AbstractInternalLogger.java:log(148)) - [id: 0x004766e5] REGISTERED
2023-08-25 08:51:21,575 [a3e84a91-4099-49fb-b86e-4b39e7f57019-NettyServerStreamRpc-bossGroup--thread1] INFO  logging.LoggingHandler (AbstractInternalLogger.java:log(148)) - [id: 0x004766e5] BIND: 0.0.0.0/0.0.0.0:15068
2023-08-25 08:51:21,576 [a3e84a91-4099-49fb-b86e-4b39e7f57019-NettyServerStreamRpc-bossGroup--thread1] INFO  logging.LoggingHandler (AbstractInternalLogger.java:log(148)) - [id: 0x004766e5, L:/0:0:0:0:0:0:0:0:15068] ACTIVE
2023-08-25 08:51:21,576 [a3e84a91-4099-49fb-b86e-4b39e7f57019-impl-thread1] INFO  server.RaftServer (RaftServerProxy.java:initGroupDir(258)) - a3e84a91-4099-49fb-b86e-4b39e7f57019: found a subdirectory /home/runner/work/ozone/ozone/hadoop-ozone/integration-test/target/test-dir/MiniOzoneClusterImpl-7264bf39-beec-4c8a-bbdc-a469073ec634/datanode-0/data/ratis/tmp
2023-08-25 08:51:21,577 [a3e84a91-4099-49fb-b86e-4b39e7f57019-impl-thread1] INFO  server.RaftServer (RaftServerProxy.java:initGroupDir(263)) - a3e84a91-4099-49fb-b86e-4b39e7f57019: The directory /home/runner/work/ozone/ozone/hadoop-ozone/integration-test/target/test-dir/MiniOzoneClusterImpl-7264bf39-beec-4c8a-bbdc-a469073ec634/datanode-0/data/ratis/tmp is not a group directory; ignoring it. 
2023-08-25 08:51:21,577 [Time-limited test] INFO  replication.ReplicationServer (ReplicationServer.java:<init>(81)) - Initializing replication server with thread count = 10
2023-08-25 08:51:21,578 [Time-limited test] INFO  server.XceiverServerGrpc (XceiverServerGrpc.java:<init>(132)) - GrpcServer channel type EpollServerSocketChannel
2023-08-25 08:51:21,580 [Time-limited test] INFO  replication.ReplicationSupervisor (ReplicationSupervisor.java:build(155)) - Initializing replication supervisor with thread count = 10
2023-08-25 08:51:21,580 [Time-limited test] INFO  replication.ReplicationSupervisor (ReplicationSupervisor.java:nodeStateUpdated(307)) - Node state updated to IN_SERVICE, scaling executor pool size to 10
2023-08-25 08:51:21,582 [Time-limited test] INFO  http.BaseHttpServer (BaseHttpServer.java:newHttpServer2BuilderForOzone(224)) - Starting Web-server for hddsDatanode at: http://0.0.0.0:15062
2023-08-25 08:51:21,582 [Time-limited test] INFO  http.BaseHttpServer (BaseHttpServer.java:<init>(111)) - Hadoop Security Enabled: false Ozone Security Enabled: false Ozone HTTP Security Enabled: false 
2023-08-25 08:51:21,584 [Time-limited test] WARN  server.AuthenticationFilter (AuthenticationFilter.java:constructSecretProvider(240)) - Unable to initialize FileSignerSecretProvider, falling back to use random secrets. Reason: Could not read signature secret file: /home/runner/hadoop-http-auth-signature-secret
2023-08-25 08:51:21,584 [Time-limited test] INFO  http.HttpRequestLog (HttpRequestLog.java:getRequestLog(86)) - Http request log for http.requests.hddsDatanode is not defined
2023-08-25 08:51:21,586 [Time-limited test] INFO  http.HttpServer2 (HttpServer2.java:addGlobalFilter(1031)) - Added global filter 'safety' (class=org.apache.hadoop.hdds.server.http.HttpServer2$QuotingInputFilter)
2023-08-25 08:51:21,586 [Time-limited test] INFO  http.HttpServer2 (HttpServer2.java:addFilter(1007)) - Added filter static_user_filter (class=org.apache.hadoop.http.lib.StaticUserWebFilter$StaticUserFilter) to context hddsDatanode
2023-08-25 08:51:21,586 [Time-limited test] INFO  http.HttpServer2 (HttpServer2.java:addFilter(1015)) - Added filter static_user_filter (class=org.apache.hadoop.http.lib.StaticUserWebFilter$StaticUserFilter) to context static
2023-08-25 08:51:21,586 [Time-limited test] INFO  http.HttpServer2 (HttpServer2.java:addFilter(1015)) - Added filter static_user_filter (class=org.apache.hadoop.http.lib.StaticUserWebFilter$StaticUserFilter) to context logs
2023-08-25 08:51:21,587 [Time-limited test] INFO  http.BaseHttpServer (BaseHttpServer.java:<init>(190)) - HTTP server of hddsDatanode uses base directory /home/runner/work/ozone/ozone/hadoop-ozone/integration-test/target/test-dir/MiniOzoneClusterImpl-7264bf39-beec-4c8a-bbdc-a469073ec634/datanode-0/meta/webserver
2023-08-25 08:51:21,587 [Time-limited test] INFO  http.HttpServer2 (HttpServer2.java:bindListener(1250)) - Jetty bound to port 15062
2023-08-25 08:51:21,587 [Time-limited test] INFO  server.Server (Server.java:doStart(375)) - jetty-9.4.51.v20230217; built: 2023-02-17T08:19:37.309Z; git: b45c405e4544384de066f814ed42ae3dceacdd49; jvm 1.8.0_382-b05
2023-08-25 08:51:21,589 [Time-limited test] INFO  server.session (DefaultSessionIdManager.java:doStart(334)) - DefaultSessionIdManager workerName=node0
2023-08-25 08:51:21,589 [Time-limited test] INFO  server.session (DefaultSessionIdManager.java:doStart(339)) - No SessionScavenger set, using defaults
2023-08-25 08:51:21,589 [Time-limited test] INFO  server.session (HouseKeeper.java:startScavenging(132)) - node0 Scavenging every 600000ms
2023-08-25 08:51:21,590 [Time-limited test] INFO  handler.ContextHandler (ContextHandler.java:doStart(921)) - Started o.e.j.s.ServletContextHandler@6119933e{logs,/logs,file:///home/runner/work/ozone/ozone/hadoop-ozone/integration-test/target/log,AVAILABLE}
2023-08-25 08:51:21,590 [Time-limited test] INFO  handler.ContextHandler (ContextHandler.java:doStart(921)) - Started o.e.j.s.ServletContextHandler@4c3b7e6b{static,/static,jar:file:/home/runner/.m2/repository/org/apache/ozone/hdds-container-service/1.4.0-SNAPSHOT/hdds-container-service-1.4.0-SNAPSHOT.jar!/webapps/static,AVAILABLE}
2023-08-25 08:51:21,824 [Time-limited test] INFO  handler.ContextHandler (ContextHandler.java:doStart(921)) - Started o.e.j.w.WebAppContext@2a652dd9{hddsDatanode,/,file:///home/runner/work/ozone/ozone/hadoop-ozone/integration-test/target/test-dir/MiniOzoneClusterImpl-7264bf39-beec-4c8a-bbdc-a469073ec634/datanode-0/meta/webserver/jetty-0_0_0_0-15062-hdds-container-service-1_4_0-SNAPSHOT_jar-_-any-2441883824440393574/webapp/,AVAILABLE}{jar:file:/home/runner/.m2/repository/org/apache/ozone/hdds-container-service/1.4.0-SNAPSHOT/hdds-container-service-1.4.0-SNAPSHOT.jar!/webapps/hddsDatanode}
2023-08-25 08:51:21,825 [Time-limited test] INFO  server.AbstractConnector (AbstractConnector.java:doStart(333)) - Started ServerConnector@5e864815{HTTP/1.1, (http/1.1)}{0.0.0.0:15062}
2023-08-25 08:51:21,826 [Time-limited test] INFO  server.Server (Server.java:doStart(415)) - Started @43052ms
2023-08-25 08:51:21,826 [Time-limited test] WARN  impl.MetricsSystemImpl (MetricsSystemImpl.java:register(279)) - Sink prometheus already exists!
2023-08-25 08:51:21,826 [Time-limited test] INFO  http.BaseHttpServer (BaseHttpServer.java:updateConnectorAddress(344)) - HTTP server of hddsDatanode listening at http://0.0.0.0:15062
2023-08-25 08:51:21,827 [Time-limited test] INFO  ipc.CallQueueManager (CallQueueManager.java:<init>(90)) - Using callQueue: class java.util.concurrent.LinkedBlockingQueue, queueCapacity: 100, scheduler: class org.apache.hadoop.ipc.DefaultRpcScheduler, ipcBackoff: false.
2023-08-25 08:51:21,827 [Time-limited test] INFO  ipc.Server (Server.java:<init>(1287)) - Listener at 0.0.0.0:15063
2023-08-25 08:51:21,827 [Socket Reader #1 for port 15063] INFO  ipc.Server (Server.java:run(1323)) - Starting Socket Reader #1 for port 15063
2023-08-25 08:51:21,829 [Time-limited test] INFO  ozone.HddsDatanodeService (HddsDatanodeService.java:start(315)) - Datanode start with admins: [runner]
2023-08-25 08:51:21,829 [Time-limited test] INFO  ozone.HddsDatanodeClientProtocolServer (HddsDatanodeClientProtocolServer.java:start(72)) - RPC server for Client /0.0.0.0:15063
2023-08-25 08:51:21,830 [IPC Server Responder] INFO  ipc.Server (Server.java:run(1562)) - IPC Server Responder: starting
2023-08-25 08:51:21,830 [IPC Server listener on 15063] INFO  ipc.Server (Server.java:run(1402)) - IPC Server listener on 15063: starting
2023-08-25 08:51:21,831 [Time-limited test] WARN  impl.MetricRegistriesImpl (MetricRegistriesImpl.java:addReporterRegistration(111)) - New reporters are added after registries were created. Some metrics will be missing from the reporter. Please add reporter before adding any new registry.
2023-08-25 08:51:21,831 [Time-limited test] WARN  impl.MetricRegistriesImpl (MetricRegistriesImpl.java:addReporterRegistration(111)) - New reporters are added after registries were created. Some metrics will be missing from the reporter. Please add reporter before adding any new registry.
2023-08-25 08:51:21,831 [Time-limited test] INFO  impl.MetricsSystemImpl (MetricsSystemImpl.java:init(158)) - HddsDatanode metrics system started (again)
2023-08-25 08:51:21,837 [Datanode State Machine Daemon Thread] INFO  statemachine.DatanodeStateMachine (DatanodeStateMachine.java:lambda$startDaemon$0(538)) - Ozone container server started.
2023-08-25 08:51:21,851 [Time-limited test] INFO  ozone.HddsDatanodeService (HddsDatanodeService.java:start(237)) - HddsDatanodeService host:fv-az584-689.msjcyvhqqs1uvpg4fm53wptgqc.jx.internal.cloudapp.net ip:10.1.0.19
2023-08-25 08:51:21,887 [Time-limited test] INFO  upgrade.AbstractLayoutVersionManager (AbstractLayoutVersionManager.java:init(83)) - Initializing Layout version manager with metadata layout = HADOOP_PRC_PORTS_IN_DATANODEDETAILS (version = 7), software layout = HADOOP_PRC_PORTS_IN_DATANODEDETAILS (version = 7)
2023-08-25 08:51:21,888 [Time-limited test] INFO  statemachine.DatanodeStateMachine (DatanodeStateMachine.java:getEndPointTaskThreadPoolSize(282)) - Datanode State Machine Task Thread Pool size 2
2023-08-25 08:51:21,889 [Time-limited test] INFO  volume.HddsVolume (HddsVolume.java:<init>(126)) - Creating HddsVolume: /home/runner/work/ozone/ozone/hadoop-ozone/integration-test/target/test-dir/MiniOzoneClusterImpl-7264bf39-beec-4c8a-bbdc-a469073ec634/datanode-1/data-0/containers/hdds of storage type : DISK capacity : 9223372036854775807
2023-08-25 08:51:21,890 [Time-limited test] INFO  volume.MutableVolumeSet (MutableVolumeSet.java:initializeVolumeSet(173)) - Added Volume : /home/runner/work/ozone/ozone/hadoop-ozone/integration-test/target/test-dir/MiniOzoneClusterImpl-7264bf39-beec-4c8a-bbdc-a469073ec634/datanode-1/data-0/containers/hdds to VolumeSet
2023-08-25 08:51:21,891 [Time-limited test] INFO  volume.MutableVolumeSet (MutableVolumeSet.java:initializeVolumeSet(173)) - Added Volume : /home/runner/work/ozone/ozone/hadoop-ozone/integration-test/target/test-dir/MiniOzoneClusterImpl-7264bf39-beec-4c8a-bbdc-a469073ec634/datanode-1/data/ratis to VolumeSet
2023-08-25 08:51:21,891 [Thread-768] INFO  ozoneimpl.ContainerReader (ContainerReader.java:readVolume(177)) - Finish verifying containers on volume /home/runner/work/ozone/ozone/hadoop-ozone/integration-test/target/test-dir/MiniOzoneClusterImpl-7264bf39-beec-4c8a-bbdc-a469073ec634/datanode-1/data-0/containers/hdds
2023-08-25 08:51:21,891 [Time-limited test] INFO  ozoneimpl.OzoneContainer (OzoneContainer.java:buildContainerSet(314)) - Build ContainerSet costs 0s
2023-08-25 08:51:21,894 [Time-limited test] INFO  server.RaftServer (ConfUtils.java:logGet(46)) - raft.rpc.type = GRPC (default)
2023-08-25 08:51:21,894 [Time-limited test] INFO  grpc.GrpcConfigKeys (ConfUtils.java:logFallback(53)) - raft.grpc.admin.host = null (fallback to raft.grpc.server.host)
2023-08-25 08:51:21,894 [Time-limited test] INFO  grpc.GrpcConfigKeys (ConfUtils.java:logGet(46)) - raft.grpc.admin.port = 15075 (custom)
2023-08-25 08:51:21,894 [Time-limited test] INFO  grpc.GrpcConfigKeys (ConfUtils.java:logFallback(53)) - raft.grpc.client.host = null (fallback to raft.grpc.server.host)
2023-08-25 08:51:21,894 [Time-limited test] INFO  grpc.GrpcConfigKeys (ConfUtils.java:logGet(46)) - raft.grpc.client.port = 15074 (custom)
2023-08-25 08:51:21,895 [Time-limited test] INFO  grpc.GrpcConfigKeys (ConfUtils.java:logGet(46)) - raft.grpc.server.host = null (default)
2023-08-25 08:51:21,895 [Time-limited test] INFO  grpc.GrpcConfigKeys (ConfUtils.java:logGet(46)) - raft.grpc.server.port = 15076 (custom)
2023-08-25 08:51:21,895 [Time-limited test] INFO  server.GrpcService (ConfUtils.java:logGet(46)) - raft.grpc.message.size.max = 32MB (=33554432) (custom)
2023-08-25 08:51:21,895 [Time-limited test] INFO  server.RaftServerConfigKeys (ConfUtils.java:logGet(46)) - raft.server.log.appender.buffer.byte-limit = 33554432 (custom)
2023-08-25 08:51:21,895 [Time-limited test] INFO  server.GrpcService (ConfUtils.java:logGet(46)) - raft.grpc.flow.control.window = 5MB (=5242880) (custom)
2023-08-25 08:51:21,895 [Time-limited test] INFO  server.RaftServerConfigKeys (ConfUtils.java:logGet(46)) - raft.server.rpc.request.timeout = 60s (custom)
2023-08-25 08:51:21,895 [Time-limited test] INFO  grpc.GrpcConfigKeys (ConfUtils.java:logGet(46)) - raft.grpc.server.heartbeat.channel = true (default)
2023-08-25 08:51:21,895 [Time-limited test] INFO  grpc.GrpcConfigKeys (ConfUtils.java:logGet(46)) - raft.grpc.server.async.request.thread.pool.cached = true (default)
2023-08-25 08:51:21,895 [Time-limited test] INFO  grpc.GrpcConfigKeys (ConfUtils.java:logGet(46)) - raft.grpc.server.async.request.thread.pool.size = 32 (default)
2023-08-25 08:51:21,898 [Time-limited test] INFO  impl.DataStreamServerImpl (ConfUtils.java:logGet(46)) - raft.datastream.type = NETTY (custom)
2023-08-25 08:51:21,898 [Time-limited test] INFO  server.RaftServerConfigKeys (ConfUtils.java:logGet(46)) - raft.server.data-stream.async.request.thread.pool.cached = false (default)
2023-08-25 08:51:21,898 [Time-limited test] INFO  server.RaftServerConfigKeys (ConfUtils.java:logGet(46)) - raft.server.data-stream.async.request.thread.pool.size = 20 (custom)
2023-08-25 08:51:21,899 [Time-limited test] INFO  server.RaftServerConfigKeys (ConfUtils.java:logGet(46)) - raft.server.data-stream.async.write.thread.pool.size = 16 (default)
2023-08-25 08:51:21,899 [Time-limited test] INFO  server.RaftServerConfigKeys (ConfUtils.java:logGet(46)) - raft.server.data-stream.client.pool.size = 10 (default)
2023-08-25 08:51:21,899 [Time-limited test] INFO  netty.NettyConfigKeys$DataStream (ConfUtils.java:logGet(46)) - raft.netty.dataStream.server.use-epoll = false (default)
2023-08-25 08:51:21,899 [Time-limited test] INFO  netty.NettyConfigKeys$DataStream (ConfUtils.java:logGet(46)) - raft.netty.dataStream.server.boss-group.size = 0 (default)
2023-08-25 08:51:21,899 [Time-limited test] INFO  netty.NettyConfigKeys$DataStream (ConfUtils.java:logGet(46)) - raft.netty.dataStream.server.worker-group.size = 0 (default)
2023-08-25 08:51:21,900 [Time-limited test] INFO  netty.NettyConfigKeys$DataStream (ConfUtils.java:logGet(46)) - raft.netty.dataStream.server.tls.conf = null (default)
2023-08-25 08:51:21,900 [Time-limited test] INFO  netty.NettyConfigKeys$DataStream (ConfUtils.java:logGet(46)) - raft.netty.dataStream.host = null (default)
2023-08-25 08:51:21,900 [Time-limited test] INFO  netty.NettyConfigKeys$DataStream (ConfUtils.java:logGet(46)) - raft.netty.dataStream.port = 15077 (custom)
2023-08-25 08:51:21,900 [Datanode State Machine Task Thread - 0] INFO  datanode.InitDatanodeState (InitDatanodeState.java:persistContainerDatanodeDetails(138)) - DatanodeDetails is persisted to /home/runner/work/ozone/ozone/hadoop-ozone/integration-test/target/test-dir/MiniOzoneClusterImpl-7264bf39-beec-4c8a-bbdc-a469073ec634/datanode-0/meta/datanode.id
2023-08-25 08:51:21,900 [Time-limited test] INFO  server.RaftServerConfigKeys (ConfUtils.java:logGet(46)) - raft.server.threadpool.proxy.cached = true (default)
2023-08-25 08:51:21,900 [Time-limited test] INFO  server.RaftServerConfigKeys (ConfUtils.java:logGet(46)) - raft.server.threadpool.proxy.size = 0 (default)
2023-08-25 08:51:21,900 [Time-limited test] INFO  server.RaftServerConfigKeys (ConfUtils.java:logGet(46)) - raft.server.rpc.slowness.timeout = 300s (custom)
2023-08-25 08:51:21,901 [Time-limited test] INFO  server.RaftServerConfigKeys (ConfUtils.java:logGet(46)) - raft.server.leaderelection.leader.step-down.wait-time = 10s (default)
2023-08-25 08:51:21,901 [Time-limited test] INFO  server.RaftServerConfigKeys (ConfUtils.java:logGet(46)) - raft.server.storage.dir = [/home/runner/work/ozone/ozone/hadoop-ozone/integration-test/target/test-dir/MiniOzoneClusterImpl-7264bf39-beec-4c8a-bbdc-a469073ec634/datanode-1/data/ratis] (custom)
2023-08-25 08:51:21,901 [b786fb5c-5e67-4c82-ab21-01f7c3e13abe-NettyServerStreamRpc-bossGroup--thread1] INFO  logging.LoggingHandler (AbstractInternalLogger.java:log(148)) - [id: 0x0c452167] REGISTERED
2023-08-25 08:51:21,901 [b786fb5c-5e67-4c82-ab21-01f7c3e13abe-NettyServerStreamRpc-bossGroup--thread1] INFO  logging.LoggingHandler (AbstractInternalLogger.java:log(148)) - [id: 0x0c452167] BIND: 0.0.0.0/0.0.0.0:15077
2023-08-25 08:51:21,902 [b786fb5c-5e67-4c82-ab21-01f7c3e13abe-NettyServerStreamRpc-bossGroup--thread1] INFO  logging.LoggingHandler (AbstractInternalLogger.java:log(148)) - [id: 0x0c452167, L:/0:0:0:0:0:0:0:0:15077] ACTIVE
2023-08-25 08:51:21,902 [b786fb5c-5e67-4c82-ab21-01f7c3e13abe-impl-thread1] INFO  server.RaftServer (RaftServerProxy.java:initGroupDir(258)) - b786fb5c-5e67-4c82-ab21-01f7c3e13abe: found a subdirectory /home/runner/work/ozone/ozone/hadoop-ozone/integration-test/target/test-dir/MiniOzoneClusterImpl-7264bf39-beec-4c8a-bbdc-a469073ec634/datanode-1/data/ratis/tmp
2023-08-25 08:51:21,902 [b786fb5c-5e67-4c82-ab21-01f7c3e13abe-impl-thread1] INFO  server.RaftServer (RaftServerProxy.java:initGroupDir(263)) - b786fb5c-5e67-4c82-ab21-01f7c3e13abe: The directory /home/runner/work/ozone/ozone/hadoop-ozone/integration-test/target/test-dir/MiniOzoneClusterImpl-7264bf39-beec-4c8a-bbdc-a469073ec634/datanode-1/data/ratis/tmp is not a group directory; ignoring it. 
2023-08-25 08:51:21,902 [Time-limited test] INFO  replication.ReplicationServer (ReplicationServer.java:<init>(81)) - Initializing replication server with thread count = 10
2023-08-25 08:51:21,903 [Time-limited test] INFO  server.XceiverServerGrpc (XceiverServerGrpc.java:<init>(132)) - GrpcServer channel type EpollServerSocketChannel
2023-08-25 08:51:21,906 [Time-limited test] INFO  replication.ReplicationSupervisor (ReplicationSupervisor.java:build(155)) - Initializing replication supervisor with thread count = 10
2023-08-25 08:51:21,906 [Time-limited test] INFO  replication.ReplicationSupervisor (ReplicationSupervisor.java:nodeStateUpdated(307)) - Node state updated to IN_SERVICE, scaling executor pool size to 10
2023-08-25 08:51:21,908 [Time-limited test] INFO  http.BaseHttpServer (BaseHttpServer.java:newHttpServer2BuilderForOzone(224)) - Starting Web-server for hddsDatanode at: http://0.0.0.0:15071
2023-08-25 08:51:21,908 [Time-limited test] INFO  http.BaseHttpServer (BaseHttpServer.java:<init>(111)) - Hadoop Security Enabled: false Ozone Security Enabled: false Ozone HTTP Security Enabled: false 
2023-08-25 08:51:21,910 [Time-limited test] WARN  server.AuthenticationFilter (AuthenticationFilter.java:constructSecretProvider(240)) - Unable to initialize FileSignerSecretProvider, falling back to use random secrets. Reason: Could not read signature secret file: /home/runner/hadoop-http-auth-signature-secret
2023-08-25 08:51:21,910 [Time-limited test] INFO  http.HttpRequestLog (HttpRequestLog.java:getRequestLog(86)) - Http request log for http.requests.hddsDatanode is not defined
2023-08-25 08:51:21,912 [Time-limited test] INFO  http.HttpServer2 (HttpServer2.java:addGlobalFilter(1031)) - Added global filter 'safety' (class=org.apache.hadoop.hdds.server.http.HttpServer2$QuotingInputFilter)
2023-08-25 08:51:21,912 [Time-limited test] INFO  http.HttpServer2 (HttpServer2.java:addFilter(1007)) - Added filter static_user_filter (class=org.apache.hadoop.http.lib.StaticUserWebFilter$StaticUserFilter) to context hddsDatanode
2023-08-25 08:51:21,912 [Time-limited test] INFO  http.HttpServer2 (HttpServer2.java:addFilter(1015)) - Added filter static_user_filter (class=org.apache.hadoop.http.lib.StaticUserWebFilter$StaticUserFilter) to context static
2023-08-25 08:51:21,912 [Time-limited test] INFO  http.HttpServer2 (HttpServer2.java:addFilter(1015)) - Added filter static_user_filter (class=org.apache.hadoop.http.lib.StaticUserWebFilter$StaticUserFilter) to context logs
2023-08-25 08:51:21,913 [Time-limited test] INFO  http.BaseHttpServer (BaseHttpServer.java:<init>(190)) - HTTP server of hddsDatanode uses base directory /home/runner/work/ozone/ozone/hadoop-ozone/integration-test/target/test-dir/MiniOzoneClusterImpl-7264bf39-beec-4c8a-bbdc-a469073ec634/datanode-1/meta/webserver
2023-08-25 08:51:21,913 [Time-limited test] INFO  http.HttpServer2 (HttpServer2.java:bindListener(1250)) - Jetty bound to port 15071
2023-08-25 08:51:21,913 [Time-limited test] INFO  server.Server (Server.java:doStart(375)) - jetty-9.4.51.v20230217; built: 2023-02-17T08:19:37.309Z; git: b45c405e4544384de066f814ed42ae3dceacdd49; jvm 1.8.0_382-b05
2023-08-25 08:51:21,915 [Time-limited test] INFO  server.session (DefaultSessionIdManager.java:doStart(334)) - DefaultSessionIdManager workerName=node0
2023-08-25 08:51:21,915 [Time-limited test] INFO  server.session (DefaultSessionIdManager.java:doStart(339)) - No SessionScavenger set, using defaults
2023-08-25 08:51:21,915 [Time-limited test] INFO  server.session (HouseKeeper.java:startScavenging(132)) - node0 Scavenging every 600000ms
2023-08-25 08:51:21,916 [Time-limited test] INFO  handler.ContextHandler (ContextHandler.java:doStart(921)) - Started o.e.j.s.ServletContextHandler@15d134aa{logs,/logs,file:///home/runner/work/ozone/ozone/hadoop-ozone/integration-test/target/log,AVAILABLE}
2023-08-25 08:51:21,916 [Time-limited test] INFO  handler.ContextHandler (ContextHandler.java:doStart(921)) - Started o.e.j.s.ServletContextHandler@531e6dae{static,/static,jar:file:/home/runner/.m2/repository/org/apache/ozone/hdds-container-service/1.4.0-SNAPSHOT/hdds-container-service-1.4.0-SNAPSHOT.jar!/webapps/static,AVAILABLE}
2023-08-25 08:51:22,142 [ReplicationMonitor] INFO  replication.ReplicationManager (ReplicationManager.java:processAll(361)) - Replication Manager is not ready to run until 3000ms after safemode exit
2023-08-25 08:51:22,153 [Time-limited test] INFO  handler.ContextHandler (ContextHandler.java:doStart(921)) - Started o.e.j.w.WebAppContext@664643ad{hddsDatanode,/,file:///home/runner/work/ozone/ozone/hadoop-ozone/integration-test/target/test-dir/MiniOzoneClusterImpl-7264bf39-beec-4c8a-bbdc-a469073ec634/datanode-1/meta/webserver/jetty-0_0_0_0-15071-hdds-container-service-1_4_0-SNAPSHOT_jar-_-any-8942114177135211248/webapp/,AVAILABLE}{jar:file:/home/runner/.m2/repository/org/apache/ozone/hdds-container-service/1.4.0-SNAPSHOT/hdds-container-service-1.4.0-SNAPSHOT.jar!/webapps/hddsDatanode}
2023-08-25 08:51:22,155 [Time-limited test] INFO  server.AbstractConnector (AbstractConnector.java:doStart(333)) - Started ServerConnector@6538d28{HTTP/1.1, (http/1.1)}{0.0.0.0:15071}
2023-08-25 08:51:22,155 [Time-limited test] INFO  server.Server (Server.java:doStart(415)) - Started @43382ms
2023-08-25 08:51:22,155 [Time-limited test] WARN  impl.MetricsSystemImpl (MetricsSystemImpl.java:register(279)) - Sink prometheus already exists!
2023-08-25 08:51:22,156 [Time-limited test] INFO  http.BaseHttpServer (BaseHttpServer.java:updateConnectorAddress(344)) - HTTP server of hddsDatanode listening at http://0.0.0.0:15071
2023-08-25 08:51:22,156 [Time-limited test] INFO  ipc.CallQueueManager (CallQueueManager.java:<init>(90)) - Using callQueue: class java.util.concurrent.LinkedBlockingQueue, queueCapacity: 100, scheduler: class org.apache.hadoop.ipc.DefaultRpcScheduler, ipcBackoff: false.
2023-08-25 08:51:22,156 [Time-limited test] INFO  ipc.Server (Server.java:<init>(1287)) - Listener at 0.0.0.0:15072
2023-08-25 08:51:22,157 [Socket Reader #1 for port 15072] INFO  ipc.Server (Server.java:run(1323)) - Starting Socket Reader #1 for port 15072
2023-08-25 08:51:22,165 [Time-limited test] INFO  ozone.HddsDatanodeService (HddsDatanodeService.java:start(315)) - Datanode start with admins: [runner]
2023-08-25 08:51:22,166 [Time-limited test] INFO  ozone.HddsDatanodeClientProtocolServer (HddsDatanodeClientProtocolServer.java:start(72)) - RPC server for Client /0.0.0.0:15072
2023-08-25 08:51:22,166 [IPC Server Responder] INFO  ipc.Server (Server.java:run(1562)) - IPC Server Responder: starting
2023-08-25 08:51:22,166 [IPC Server listener on 15072] INFO  ipc.Server (Server.java:run(1402)) - IPC Server listener on 15072: starting
2023-08-25 08:51:22,168 [Time-limited test] WARN  impl.MetricRegistriesImpl (MetricRegistriesImpl.java:addReporterRegistration(111)) - New reporters are added after registries were created. Some metrics will be missing from the reporter. Please add reporter before adding any new registry.
2023-08-25 08:51:22,168 [Time-limited test] WARN  impl.MetricRegistriesImpl (MetricRegistriesImpl.java:addReporterRegistration(111)) - New reporters are added after registries were created. Some metrics will be missing from the reporter. Please add reporter before adding any new registry.
2023-08-25 08:51:22,168 [Time-limited test] INFO  impl.MetricsSystemImpl (MetricsSystemImpl.java:init(158)) - HddsDatanode metrics system started (again)
2023-08-25 08:51:22,181 [Datanode State Machine Daemon Thread] INFO  statemachine.DatanodeStateMachine (DatanodeStateMachine.java:lambda$startDaemon$0(538)) - Ozone container server started.
2023-08-25 08:51:22,196 [Time-limited test] INFO  ozone.HddsDatanodeService (HddsDatanodeService.java:start(237)) - HddsDatanodeService host:fv-az584-689.msjcyvhqqs1uvpg4fm53wptgqc.jx.internal.cloudapp.net ip:10.1.0.19
2023-08-25 08:51:22,204 [Datanode State Machine Task Thread - 0] INFO  datanode.InitDatanodeState (InitDatanodeState.java:persistContainerDatanodeDetails(138)) - DatanodeDetails is persisted to /home/runner/work/ozone/ozone/hadoop-ozone/integration-test/target/test-dir/MiniOzoneClusterImpl-7264bf39-beec-4c8a-bbdc-a469073ec634/datanode-1/meta/datanode.id
2023-08-25 08:51:22,240 [Time-limited test] INFO  upgrade.AbstractLayoutVersionManager (AbstractLayoutVersionManager.java:init(83)) - Initializing Layout version manager with metadata layout = HADOOP_PRC_PORTS_IN_DATANODEDETAILS (version = 7), software layout = HADOOP_PRC_PORTS_IN_DATANODEDETAILS (version = 7)
2023-08-25 08:51:22,241 [Time-limited test] INFO  statemachine.DatanodeStateMachine (DatanodeStateMachine.java:getEndPointTaskThreadPoolSize(282)) - Datanode State Machine Task Thread Pool size 2
2023-08-25 08:51:22,242 [Time-limited test] INFO  volume.HddsVolume (HddsVolume.java:<init>(126)) - Creating HddsVolume: /home/runner/work/ozone/ozone/hadoop-ozone/integration-test/target/test-dir/MiniOzoneClusterImpl-7264bf39-beec-4c8a-bbdc-a469073ec634/datanode-2/data-0/containers/hdds of storage type : DISK capacity : 9223372036854775807
2023-08-25 08:51:22,243 [Time-limited test] INFO  volume.MutableVolumeSet (MutableVolumeSet.java:initializeVolumeSet(173)) - Added Volume : /home/runner/work/ozone/ozone/hadoop-ozone/integration-test/target/test-dir/MiniOzoneClusterImpl-7264bf39-beec-4c8a-bbdc-a469073ec634/datanode-2/data-0/containers/hdds to VolumeSet
2023-08-25 08:51:22,244 [Time-limited test] INFO  volume.MutableVolumeSet (MutableVolumeSet.java:initializeVolumeSet(173)) - Added Volume : /home/runner/work/ozone/ozone/hadoop-ozone/integration-test/target/test-dir/MiniOzoneClusterImpl-7264bf39-beec-4c8a-bbdc-a469073ec634/datanode-2/data/ratis to VolumeSet
2023-08-25 08:51:22,245 [Thread-785] INFO  ozoneimpl.ContainerReader (ContainerReader.java:readVolume(177)) - Finish verifying containers on volume /home/runner/work/ozone/ozone/hadoop-ozone/integration-test/target/test-dir/MiniOzoneClusterImpl-7264bf39-beec-4c8a-bbdc-a469073ec634/datanode-2/data-0/containers/hdds
2023-08-25 08:51:22,245 [Time-limited test] INFO  ozoneimpl.OzoneContainer (OzoneContainer.java:buildContainerSet(314)) - Build ContainerSet costs 0s
2023-08-25 08:51:22,248 [Time-limited test] INFO  server.RaftServer (ConfUtils.java:logGet(46)) - raft.rpc.type = GRPC (default)
2023-08-25 08:51:22,249 [Time-limited test] INFO  grpc.GrpcConfigKeys (ConfUtils.java:logFallback(53)) - raft.grpc.admin.host = null (fallback to raft.grpc.server.host)
2023-08-25 08:51:22,251 [Time-limited test] INFO  grpc.GrpcConfigKeys (ConfUtils.java:logGet(46)) - raft.grpc.admin.port = 15084 (custom)
2023-08-25 08:51:22,251 [Time-limited test] INFO  grpc.GrpcConfigKeys (ConfUtils.java:logFallback(53)) - raft.grpc.client.host = null (fallback to raft.grpc.server.host)
2023-08-25 08:51:22,251 [Time-limited test] INFO  grpc.GrpcConfigKeys (ConfUtils.java:logGet(46)) - raft.grpc.client.port = 15083 (custom)
2023-08-25 08:51:22,251 [Time-limited test] INFO  grpc.GrpcConfigKeys (ConfUtils.java:logGet(46)) - raft.grpc.server.host = null (default)
2023-08-25 08:51:22,251 [Time-limited test] INFO  grpc.GrpcConfigKeys (ConfUtils.java:logGet(46)) - raft.grpc.server.port = 15085 (custom)
2023-08-25 08:51:22,251 [Time-limited test] INFO  server.GrpcService (ConfUtils.java:logGet(46)) - raft.grpc.message.size.max = 32MB (=33554432) (custom)
2023-08-25 08:51:22,251 [Time-limited test] INFO  server.RaftServerConfigKeys (ConfUtils.java:logGet(46)) - raft.server.log.appender.buffer.byte-limit = 33554432 (custom)
2023-08-25 08:51:22,251 [Time-limited test] INFO  server.GrpcService (ConfUtils.java:logGet(46)) - raft.grpc.flow.control.window = 5MB (=5242880) (custom)
2023-08-25 08:51:22,252 [Time-limited test] INFO  server.RaftServerConfigKeys (ConfUtils.java:logGet(46)) - raft.server.rpc.request.timeout = 60s (custom)
2023-08-25 08:51:22,252 [Time-limited test] INFO  grpc.GrpcConfigKeys (ConfUtils.java:logGet(46)) - raft.grpc.server.heartbeat.channel = true (default)
2023-08-25 08:51:22,252 [Time-limited test] INFO  grpc.GrpcConfigKeys (ConfUtils.java:logGet(46)) - raft.grpc.server.async.request.thread.pool.cached = true (default)
2023-08-25 08:51:22,252 [Time-limited test] INFO  grpc.GrpcConfigKeys (ConfUtils.java:logGet(46)) - raft.grpc.server.async.request.thread.pool.size = 32 (default)
2023-08-25 08:51:22,255 [Time-limited test] INFO  impl.DataStreamServerImpl (ConfUtils.java:logGet(46)) - raft.datastream.type = NETTY (custom)
2023-08-25 08:51:22,255 [Time-limited test] INFO  server.RaftServerConfigKeys (ConfUtils.java:logGet(46)) - raft.server.data-stream.async.request.thread.pool.cached = false (default)
2023-08-25 08:51:22,255 [Time-limited test] INFO  server.RaftServerConfigKeys (ConfUtils.java:logGet(46)) - raft.server.data-stream.async.request.thread.pool.size = 20 (custom)
2023-08-25 08:51:22,255 [Time-limited test] INFO  server.RaftServerConfigKeys (ConfUtils.java:logGet(46)) - raft.server.data-stream.async.write.thread.pool.size = 16 (default)
2023-08-25 08:51:22,255 [Time-limited test] INFO  server.RaftServerConfigKeys (ConfUtils.java:logGet(46)) - raft.server.data-stream.client.pool.size = 10 (default)
2023-08-25 08:51:22,255 [Time-limited test] INFO  netty.NettyConfigKeys$DataStream (ConfUtils.java:logGet(46)) - raft.netty.dataStream.server.use-epoll = false (default)
2023-08-25 08:51:22,255 [Time-limited test] INFO  netty.NettyConfigKeys$DataStream (ConfUtils.java:logGet(46)) - raft.netty.dataStream.server.boss-group.size = 0 (default)
2023-08-25 08:51:22,256 [Time-limited test] INFO  netty.NettyConfigKeys$DataStream (ConfUtils.java:logGet(46)) - raft.netty.dataStream.server.worker-group.size = 0 (default)
2023-08-25 08:51:22,256 [Time-limited test] INFO  netty.NettyConfigKeys$DataStream (ConfUtils.java:logGet(46)) - raft.netty.dataStream.server.tls.conf = null (default)
2023-08-25 08:51:22,256 [Time-limited test] INFO  netty.NettyConfigKeys$DataStream (ConfUtils.java:logGet(46)) - raft.netty.dataStream.host = null (default)
2023-08-25 08:51:22,256 [Time-limited test] INFO  netty.NettyConfigKeys$DataStream (ConfUtils.java:logGet(46)) - raft.netty.dataStream.port = 15086 (custom)
2023-08-25 08:51:22,257 [Time-limited test] INFO  server.RaftServerConfigKeys (ConfUtils.java:logGet(46)) - raft.server.threadpool.proxy.cached = true (default)
2023-08-25 08:51:22,257 [Time-limited test] INFO  server.RaftServerConfigKeys (ConfUtils.java:logGet(46)) - raft.server.threadpool.proxy.size = 0 (default)
2023-08-25 08:51:22,257 [Time-limited test] INFO  server.RaftServerConfigKeys (ConfUtils.java:logGet(46)) - raft.server.rpc.slowness.timeout = 300s (custom)
2023-08-25 08:51:22,257 [Time-limited test] INFO  server.RaftServerConfigKeys (ConfUtils.java:logGet(46)) - raft.server.leaderelection.leader.step-down.wait-time = 10s (default)
2023-08-25 08:51:22,257 [Time-limited test] INFO  server.RaftServerConfigKeys (ConfUtils.java:logGet(46)) - raft.server.storage.dir = [/home/runner/work/ozone/ozone/hadoop-ozone/integration-test/target/test-dir/MiniOzoneClusterImpl-7264bf39-beec-4c8a-bbdc-a469073ec634/datanode-2/data/ratis] (custom)
2023-08-25 08:51:22,258 [e3412ff5-1f34-4b2f-8351-e8decf81f5b3-impl-thread1] INFO  server.RaftServer (RaftServerProxy.java:initGroupDir(258)) - e3412ff5-1f34-4b2f-8351-e8decf81f5b3: found a subdirectory /home/runner/work/ozone/ozone/hadoop-ozone/integration-test/target/test-dir/MiniOzoneClusterImpl-7264bf39-beec-4c8a-bbdc-a469073ec634/datanode-2/data/ratis/tmp
2023-08-25 08:51:22,258 [e3412ff5-1f34-4b2f-8351-e8decf81f5b3-NettyServerStreamRpc-bossGroup--thread1] INFO  logging.LoggingHandler (AbstractInternalLogger.java:log(148)) - [id: 0xb9fb399b] REGISTERED
2023-08-25 08:51:22,258 [e3412ff5-1f34-4b2f-8351-e8decf81f5b3-impl-thread1] INFO  server.RaftServer (RaftServerProxy.java:initGroupDir(263)) - e3412ff5-1f34-4b2f-8351-e8decf81f5b3: The directory /home/runner/work/ozone/ozone/hadoop-ozone/integration-test/target/test-dir/MiniOzoneClusterImpl-7264bf39-beec-4c8a-bbdc-a469073ec634/datanode-2/data/ratis/tmp is not a group directory; ignoring it. 
2023-08-25 08:51:22,258 [e3412ff5-1f34-4b2f-8351-e8decf81f5b3-NettyServerStreamRpc-bossGroup--thread1] INFO  logging.LoggingHandler (AbstractInternalLogger.java:log(148)) - [id: 0xb9fb399b] BIND: 0.0.0.0/0.0.0.0:15086
2023-08-25 08:51:22,258 [Time-limited test] INFO  replication.ReplicationServer (ReplicationServer.java:<init>(81)) - Initializing replication server with thread count = 10
2023-08-25 08:51:22,259 [Time-limited test] INFO  server.XceiverServerGrpc (XceiverServerGrpc.java:<init>(132)) - GrpcServer channel type EpollServerSocketChannel
2023-08-25 08:51:22,261 [Time-limited test] INFO  replication.ReplicationSupervisor (ReplicationSupervisor.java:build(155)) - Initializing replication supervisor with thread count = 10
2023-08-25 08:51:22,261 [Time-limited test] INFO  replication.ReplicationSupervisor (ReplicationSupervisor.java:nodeStateUpdated(307)) - Node state updated to IN_SERVICE, scaling executor pool size to 10
2023-08-25 08:51:22,262 [e3412ff5-1f34-4b2f-8351-e8decf81f5b3-NettyServerStreamRpc-bossGroup--thread1] INFO  logging.LoggingHandler (AbstractInternalLogger.java:log(148)) - [id: 0xb9fb399b, L:/0:0:0:0:0:0:0:0:15086] ACTIVE
2023-08-25 08:51:22,264 [Time-limited test] INFO  http.BaseHttpServer (BaseHttpServer.java:newHttpServer2BuilderForOzone(224)) - Starting Web-server for hddsDatanode at: http://0.0.0.0:15080
2023-08-25 08:51:22,264 [Time-limited test] INFO  http.BaseHttpServer (BaseHttpServer.java:<init>(111)) - Hadoop Security Enabled: false Ozone Security Enabled: false Ozone HTTP Security Enabled: false 
2023-08-25 08:51:22,265 [Time-limited test] WARN  server.AuthenticationFilter (AuthenticationFilter.java:constructSecretProvider(240)) - Unable to initialize FileSignerSecretProvider, falling back to use random secrets. Reason: Could not read signature secret file: /home/runner/hadoop-http-auth-signature-secret
2023-08-25 08:51:22,266 [Time-limited test] INFO  http.HttpRequestLog (HttpRequestLog.java:getRequestLog(86)) - Http request log for http.requests.hddsDatanode is not defined
2023-08-25 08:51:22,267 [Time-limited test] INFO  http.HttpServer2 (HttpServer2.java:addGlobalFilter(1031)) - Added global filter 'safety' (class=org.apache.hadoop.hdds.server.http.HttpServer2$QuotingInputFilter)
2023-08-25 08:51:22,267 [Time-limited test] INFO  http.HttpServer2 (HttpServer2.java:addFilter(1007)) - Added filter static_user_filter (class=org.apache.hadoop.http.lib.StaticUserWebFilter$StaticUserFilter) to context hddsDatanode
2023-08-25 08:51:22,268 [Time-limited test] INFO  http.HttpServer2 (HttpServer2.java:addFilter(1015)) - Added filter static_user_filter (class=org.apache.hadoop.http.lib.StaticUserWebFilter$StaticUserFilter) to context static
2023-08-25 08:51:22,268 [Time-limited test] INFO  http.HttpServer2 (HttpServer2.java:addFilter(1015)) - Added filter static_user_filter (class=org.apache.hadoop.http.lib.StaticUserWebFilter$StaticUserFilter) to context logs
2023-08-25 08:51:22,268 [Time-limited test] INFO  http.BaseHttpServer (BaseHttpServer.java:<init>(190)) - HTTP server of hddsDatanode uses base directory /home/runner/work/ozone/ozone/hadoop-ozone/integration-test/target/test-dir/MiniOzoneClusterImpl-7264bf39-beec-4c8a-bbdc-a469073ec634/datanode-2/meta/webserver
2023-08-25 08:51:22,268 [Time-limited test] INFO  http.HttpServer2 (HttpServer2.java:bindListener(1250)) - Jetty bound to port 15080
2023-08-25 08:51:22,269 [Time-limited test] INFO  server.Server (Server.java:doStart(375)) - jetty-9.4.51.v20230217; built: 2023-02-17T08:19:37.309Z; git: b45c405e4544384de066f814ed42ae3dceacdd49; jvm 1.8.0_382-b05
2023-08-25 08:51:22,277 [Time-limited test] INFO  server.session (DefaultSessionIdManager.java:doStart(334)) - DefaultSessionIdManager workerName=node0
2023-08-25 08:51:22,277 [Time-limited test] INFO  server.session (DefaultSessionIdManager.java:doStart(339)) - No SessionScavenger set, using defaults
2023-08-25 08:51:22,277 [Time-limited test] INFO  server.session (HouseKeeper.java:startScavenging(132)) - node0 Scavenging every 600000ms
2023-08-25 08:51:22,278 [Time-limited test] INFO  handler.ContextHandler (ContextHandler.java:doStart(921)) - Started o.e.j.s.ServletContextHandler@2aceaa83{logs,/logs,file:///home/runner/work/ozone/ozone/hadoop-ozone/integration-test/target/log,AVAILABLE}
2023-08-25 08:51:22,278 [Time-limited test] INFO  handler.ContextHandler (ContextHandler.java:doStart(921)) - Started o.e.j.s.ServletContextHandler@6612e711{static,/static,jar:file:/home/runner/.m2/repository/org/apache/ozone/hdds-container-service/1.4.0-SNAPSHOT/hdds-container-service-1.4.0-SNAPSHOT.jar!/webapps/static,AVAILABLE}
2023-08-25 08:51:22,425 [om1@group-C5BA1605619E-FollowerState] INFO  impl.FollowerState (FollowerState.java:run(143)) - om1@group-C5BA1605619E-FollowerState: change to CANDIDATE, lastRpcElapsedTime:1046252661ns, electionTimeout:1044ms
2023-08-25 08:51:22,425 [om1@group-C5BA1605619E-FollowerState] INFO  impl.RoleInfo (RoleInfo.java:shutdownFollowerState(110)) - om1: shutdown om1@group-C5BA1605619E-FollowerState
2023-08-25 08:51:22,425 [om1@group-C5BA1605619E-FollowerState] INFO  server.RaftServer$Division (RaftServerImpl.java:setRole(329)) - om1@group-C5BA1605619E: changes role from  FOLLOWER to CANDIDATE at term 0 for changeToCandidate
2023-08-25 08:51:22,426 [om1@group-C5BA1605619E-FollowerState] INFO  server.RaftServerConfigKeys (ConfUtils.java:logGet(46)) - raft.server.leaderelection.pre-vote = true (default)
2023-08-25 08:51:22,426 [om1@group-C5BA1605619E-FollowerState] INFO  impl.RoleInfo (RoleInfo.java:updateAndGet(139)) - om1: start om1@group-C5BA1605619E-LeaderElection11
2023-08-25 08:51:22,440 [om1@group-C5BA1605619E-LeaderElection11] INFO  impl.LeaderElection (LeaderElection.java:askForVotes(321)) - om1@group-C5BA1605619E-LeaderElection11 PRE_VOTE round 0: submit vote requests at term 0 for -1: peers:[om1|rpc:localhost:15060|priority:0|startupRole:FOLLOWER]|listeners:[], old=null
2023-08-25 08:51:22,440 [om1@group-C5BA1605619E-LeaderElection11] INFO  impl.LeaderElection (LeaderElection.java:askForVotes(323)) - om1@group-C5BA1605619E-LeaderElection11 PRE_VOTE round 0: result PASSED (term=0)
2023-08-25 08:51:22,443 [om1@group-C5BA1605619E-LeaderElection11] INFO  impl.LeaderElection (LeaderElection.java:askForVotes(321)) - om1@group-C5BA1605619E-LeaderElection11 ELECTION round 0: submit vote requests at term 1 for -1: peers:[om1|rpc:localhost:15060|priority:0|startupRole:FOLLOWER]|listeners:[], old=null
2023-08-25 08:51:22,443 [om1@group-C5BA1605619E-LeaderElection11] INFO  impl.LeaderElection (LeaderElection.java:askForVotes(323)) - om1@group-C5BA1605619E-LeaderElection11 ELECTION round 0: result PASSED (term=1)
2023-08-25 08:51:22,443 [om1@group-C5BA1605619E-LeaderElection11] INFO  impl.RoleInfo (RoleInfo.java:shutdownLeaderElection(130)) - om1: shutdown om1@group-C5BA1605619E-LeaderElection11
2023-08-25 08:51:22,444 [om1@group-C5BA1605619E-LeaderElection11] INFO  server.RaftServer$Division (RaftServerImpl.java:setRole(329)) - om1@group-C5BA1605619E: changes role from CANDIDATE to LEADER at term 1 for changeToLeader
2023-08-25 08:51:22,444 [om1@group-C5BA1605619E-LeaderElection11] INFO  server.RaftServer$Division (ServerState.java:setLeader(317)) - om1@group-C5BA1605619E: change Leader from null to om1 at term 1 for becomeLeader, leader elected after 1922ms
2023-08-25 08:51:22,444 [om1@group-C5BA1605619E-LeaderElection11] INFO  server.RaftServerConfigKeys (ConfUtils.java:logGet(46)) - raft.server.staging.catchup.gap = 1000 (default)
2023-08-25 08:51:22,444 [om1@group-C5BA1605619E-LeaderElection11] INFO  server.RaftServerConfigKeys (ConfUtils.java:logGet(46)) - raft.server.write.element-limit = 4096 (default)
2023-08-25 08:51:22,444 [om1@group-C5BA1605619E-LeaderElection11] INFO  server.RaftServerConfigKeys (ConfUtils.java:logGet(46)) - raft.server.write.byte-limit = 64MB (=67108864) (default)
2023-08-25 08:51:22,445 [om1@group-C5BA1605619E-LeaderElection11] INFO  server.RaftServerConfigKeys (ConfUtils.java:logGet(46)) - raft.server.watch.timeout = 10s (default)
2023-08-25 08:51:22,445 [om1@group-C5BA1605619E-LeaderElection11] INFO  server.RaftServerConfigKeys (ConfUtils.java:logGet(46)) - raft.server.watch.timeout.denomination = 1s (default)
2023-08-25 08:51:22,445 [om1@group-C5BA1605619E-LeaderElection11] INFO  server.RaftServerConfigKeys (ConfUtils.java:logGet(46)) - raft.server.watch.element-limit = 65536 (default)
2023-08-25 08:51:22,445 [om1@group-C5BA1605619E-LeaderElection11] INFO  server.RaftServerConfigKeys (ConfUtils.java:logGet(46)) - raft.server.write.element-limit = 4096 (default)
2023-08-25 08:51:22,446 [om1@group-C5BA1605619E-LeaderElection11] INFO  server.RaftServerConfigKeys (ConfUtils.java:logGet(46)) - raft.server.write.follower.gap.ratio.max = -1.0 (default)
2023-08-25 08:51:22,446 [om1@group-C5BA1605619E-LeaderElection11] INFO  impl.RoleInfo (RoleInfo.java:updateAndGet(139)) - om1: start om1@group-C5BA1605619E-LeaderStateImpl
2023-08-25 08:51:22,446 [om1@group-C5BA1605619E-LeaderElection11] INFO  segmented.SegmentedRaftLogWorker (SegmentedRaftLogWorker.java:startLogSegment(447)) - om1@group-C5BA1605619E-SegmentedRaftLogWorker: Starting segment from index:0
2023-08-25 08:51:22,457 [om1@group-C5BA1605619E-LeaderElection11] INFO  server.RaftServer$Division (ServerState.java:setRaftConf(434)) - om1@group-C5BA1605619E: set configuration 0: peers:[om1|rpc:localhost:15060|admin:|client:|dataStream:|priority:0|startupRole:FOLLOWER]|listeners:[], old=null
2023-08-25 08:51:22,459 [om1@group-C5BA1605619E-SegmentedRaftLogWorker] INFO  segmented.SegmentedRaftLogWorker (SegmentedRaftLogWorker.java:execute(651)) - om1@group-C5BA1605619E-SegmentedRaftLogWorker: created new log segment /home/runner/work/ozone/ozone/hadoop-ozone/integration-test/target/test-dir/MiniOzoneClusterImpl-7264bf39-beec-4c8a-bbdc-a469073ec634/ozone-meta/ratis/bf265839-605b-3f16-9796-c5ba1605619e/current/log_inprogress_0
2023-08-25 08:51:22,462 [om1@group-C5BA1605619E-StateMachineUpdater] INFO  ratis.OzoneManagerStateMachine (OzoneManagerStateMachine.java:notifyConfigurationChanged(202)) - Received Configuration change notification from Ratis. New Peer list:
[id: "om1"
address: "localhost:15060"
startupRole: FOLLOWER
]
2023-08-25 08:51:22,536 [Time-limited test] INFO  handler.ContextHandler (ContextHandler.java:doStart(921)) - Started o.e.j.w.WebAppContext@7e19bd6f{hddsDatanode,/,file:///home/runner/work/ozone/ozone/hadoop-ozone/integration-test/target/test-dir/MiniOzoneClusterImpl-7264bf39-beec-4c8a-bbdc-a469073ec634/datanode-2/meta/webserver/jetty-0_0_0_0-15080-hdds-container-service-1_4_0-SNAPSHOT_jar-_-any-540421018966384212/webapp/,AVAILABLE}{jar:file:/home/runner/.m2/repository/org/apache/ozone/hdds-container-service/1.4.0-SNAPSHOT/hdds-container-service-1.4.0-SNAPSHOT.jar!/webapps/hddsDatanode}
2023-08-25 08:51:22,538 [Time-limited test] INFO  server.AbstractConnector (AbstractConnector.java:doStart(333)) - Started ServerConnector@30edad92{HTTP/1.1, (http/1.1)}{0.0.0.0:15080}
2023-08-25 08:51:22,538 [Time-limited test] INFO  server.Server (Server.java:doStart(415)) - Started @43765ms
2023-08-25 08:51:22,538 [Time-limited test] WARN  impl.MetricsSystemImpl (MetricsSystemImpl.java:register(279)) - Sink prometheus already exists!
2023-08-25 08:51:22,539 [Time-limited test] INFO  http.BaseHttpServer (BaseHttpServer.java:updateConnectorAddress(344)) - HTTP server of hddsDatanode listening at http://0.0.0.0:15080
2023-08-25 08:51:22,540 [Time-limited test] INFO  ipc.CallQueueManager (CallQueueManager.java:<init>(90)) - Using callQueue: class java.util.concurrent.LinkedBlockingQueue, queueCapacity: 100, scheduler: class org.apache.hadoop.ipc.DefaultRpcScheduler, ipcBackoff: false.
2023-08-25 08:51:22,540 [Time-limited test] INFO  ipc.Server (Server.java:<init>(1287)) - Listener at 0.0.0.0:15081
2023-08-25 08:51:22,541 [Socket Reader #1 for port 15081] INFO  ipc.Server (Server.java:run(1323)) - Starting Socket Reader #1 for port 15081
2023-08-25 08:51:22,549 [Time-limited test] INFO  ozone.HddsDatanodeService (HddsDatanodeService.java:start(315)) - Datanode start with admins: [runner]
2023-08-25 08:51:22,549 [Time-limited test] INFO  ozone.HddsDatanodeClientProtocolServer (HddsDatanodeClientProtocolServer.java:start(72)) - RPC server for Client /0.0.0.0:15081
2023-08-25 08:51:22,549 [IPC Server Responder] INFO  ipc.Server (Server.java:run(1562)) - IPC Server Responder: starting
2023-08-25 08:51:22,549 [IPC Server listener on 15081] INFO  ipc.Server (Server.java:run(1402)) - IPC Server listener on 15081: starting
2023-08-25 08:51:22,554 [Time-limited test] WARN  impl.MetricRegistriesImpl (MetricRegistriesImpl.java:addReporterRegistration(111)) - New reporters are added after registries were created. Some metrics will be missing from the reporter. Please add reporter before adding any new registry.
2023-08-25 08:51:22,554 [Time-limited test] WARN  impl.MetricRegistriesImpl (MetricRegistriesImpl.java:addReporterRegistration(111)) - New reporters are added after registries were created. Some metrics will be missing from the reporter. Please add reporter before adding any new registry.
2023-08-25 08:51:22,554 [Time-limited test] INFO  impl.MetricsSystemImpl (MetricsSystemImpl.java:init(158)) - HddsDatanode metrics system started (again)
2023-08-25 08:51:22,567 [Datanode State Machine Daemon Thread] INFO  statemachine.DatanodeStateMachine (DatanodeStateMachine.java:lambda$startDaemon$0(538)) - Ozone container server started.
2023-08-25 08:51:22,579 [Time-limited test] INFO  ozone.HddsDatanodeService (HddsDatanodeService.java:start(237)) - HddsDatanodeService host:fv-az584-689.msjcyvhqqs1uvpg4fm53wptgqc.jx.internal.cloudapp.net ip:10.1.0.19
2023-08-25 08:51:22,586 [Datanode State Machine Task Thread - 0] INFO  datanode.InitDatanodeState (InitDatanodeState.java:persistContainerDatanodeDetails(138)) - DatanodeDetails is persisted to /home/runner/work/ozone/ozone/hadoop-ozone/integration-test/target/test-dir/MiniOzoneClusterImpl-7264bf39-beec-4c8a-bbdc-a469073ec634/datanode-2/meta/datanode.id
2023-08-25 08:51:22,609 [Time-limited test] INFO  upgrade.AbstractLayoutVersionManager (AbstractLayoutVersionManager.java:init(83)) - Initializing Layout version manager with metadata layout = HADOOP_PRC_PORTS_IN_DATANODEDETAILS (version = 7), software layout = HADOOP_PRC_PORTS_IN_DATANODEDETAILS (version = 7)
2023-08-25 08:51:22,610 [Time-limited test] INFO  statemachine.DatanodeStateMachine (DatanodeStateMachine.java:getEndPointTaskThreadPoolSize(282)) - Datanode State Machine Task Thread Pool size 2
2023-08-25 08:51:22,611 [Time-limited test] INFO  volume.HddsVolume (HddsVolume.java:<init>(126)) - Creating HddsVolume: /home/runner/work/ozone/ozone/hadoop-ozone/integration-test/target/test-dir/MiniOzoneClusterImpl-7264bf39-beec-4c8a-bbdc-a469073ec634/datanode-3/data-0/containers/hdds of storage type : DISK capacity : 9223372036854775807
2023-08-25 08:51:22,612 [Time-limited test] INFO  volume.MutableVolumeSet (MutableVolumeSet.java:initializeVolumeSet(173)) - Added Volume : /home/runner/work/ozone/ozone/hadoop-ozone/integration-test/target/test-dir/MiniOzoneClusterImpl-7264bf39-beec-4c8a-bbdc-a469073ec634/datanode-3/data-0/containers/hdds to VolumeSet
2023-08-25 08:51:22,612 [Time-limited test] INFO  volume.MutableVolumeSet (MutableVolumeSet.java:initializeVolumeSet(173)) - Added Volume : /home/runner/work/ozone/ozone/hadoop-ozone/integration-test/target/test-dir/MiniOzoneClusterImpl-7264bf39-beec-4c8a-bbdc-a469073ec634/datanode-3/data/ratis to VolumeSet
2023-08-25 08:51:22,613 [Thread-804] INFO  ozoneimpl.ContainerReader (ContainerReader.java:readVolume(177)) - Finish verifying containers on volume /home/runner/work/ozone/ozone/hadoop-ozone/integration-test/target/test-dir/MiniOzoneClusterImpl-7264bf39-beec-4c8a-bbdc-a469073ec634/datanode-3/data-0/containers/hdds
2023-08-25 08:51:22,613 [Time-limited test] INFO  ozoneimpl.OzoneContainer (OzoneContainer.java:buildContainerSet(314)) - Build ContainerSet costs 0s
2023-08-25 08:51:22,616 [Time-limited test] INFO  server.RaftServer (ConfUtils.java:logGet(46)) - raft.rpc.type = GRPC (default)
2023-08-25 08:51:22,616 [Time-limited test] INFO  grpc.GrpcConfigKeys (ConfUtils.java:logFallback(53)) - raft.grpc.admin.host = null (fallback to raft.grpc.server.host)
2023-08-25 08:51:22,616 [Time-limited test] INFO  grpc.GrpcConfigKeys (ConfUtils.java:logGet(46)) - raft.grpc.admin.port = 15093 (custom)
2023-08-25 08:51:22,616 [Time-limited test] INFO  grpc.GrpcConfigKeys (ConfUtils.java:logFallback(53)) - raft.grpc.client.host = null (fallback to raft.grpc.server.host)
2023-08-25 08:51:22,616 [Time-limited test] INFO  grpc.GrpcConfigKeys (ConfUtils.java:logGet(46)) - raft.grpc.client.port = 15092 (custom)
2023-08-25 08:51:22,616 [Time-limited test] INFO  grpc.GrpcConfigKeys (ConfUtils.java:logGet(46)) - raft.grpc.server.host = null (default)
2023-08-25 08:51:22,616 [Time-limited test] INFO  grpc.GrpcConfigKeys (ConfUtils.java:logGet(46)) - raft.grpc.server.port = 15094 (custom)
2023-08-25 08:51:22,616 [Time-limited test] INFO  server.GrpcService (ConfUtils.java:logGet(46)) - raft.grpc.message.size.max = 32MB (=33554432) (custom)
2023-08-25 08:51:22,616 [Time-limited test] INFO  server.RaftServerConfigKeys (ConfUtils.java:logGet(46)) - raft.server.log.appender.buffer.byte-limit = 33554432 (custom)
2023-08-25 08:51:22,617 [Time-limited test] INFO  server.GrpcService (ConfUtils.java:logGet(46)) - raft.grpc.flow.control.window = 5MB (=5242880) (custom)
2023-08-25 08:51:22,617 [Time-limited test] INFO  server.RaftServerConfigKeys (ConfUtils.java:logGet(46)) - raft.server.rpc.request.timeout = 60s (custom)
2023-08-25 08:51:22,617 [Time-limited test] INFO  grpc.GrpcConfigKeys (ConfUtils.java:logGet(46)) - raft.grpc.server.heartbeat.channel = true (default)
2023-08-25 08:51:22,617 [Time-limited test] INFO  grpc.GrpcConfigKeys (ConfUtils.java:logGet(46)) - raft.grpc.server.async.request.thread.pool.cached = true (default)
2023-08-25 08:51:22,617 [Time-limited test] INFO  grpc.GrpcConfigKeys (ConfUtils.java:logGet(46)) - raft.grpc.server.async.request.thread.pool.size = 32 (default)
2023-08-25 08:51:22,620 [Time-limited test] INFO  impl.DataStreamServerImpl (ConfUtils.java:logGet(46)) - raft.datastream.type = NETTY (custom)
2023-08-25 08:51:22,620 [Time-limited test] INFO  server.RaftServerConfigKeys (ConfUtils.java:logGet(46)) - raft.server.data-stream.async.request.thread.pool.cached = false (default)
2023-08-25 08:51:22,620 [Time-limited test] INFO  server.RaftServerConfigKeys (ConfUtils.java:logGet(46)) - raft.server.data-stream.async.request.thread.pool.size = 20 (custom)
2023-08-25 08:51:22,620 [Time-limited test] INFO  server.RaftServerConfigKeys (ConfUtils.java:logGet(46)) - raft.server.data-stream.async.write.thread.pool.size = 16 (default)
2023-08-25 08:51:22,620 [Time-limited test] INFO  server.RaftServerConfigKeys (ConfUtils.java:logGet(46)) - raft.server.data-stream.client.pool.size = 10 (default)
2023-08-25 08:51:22,620 [Time-limited test] INFO  netty.NettyConfigKeys$DataStream (ConfUtils.java:logGet(46)) - raft.netty.dataStream.server.use-epoll = false (default)
2023-08-25 08:51:22,620 [Time-limited test] INFO  netty.NettyConfigKeys$DataStream (ConfUtils.java:logGet(46)) - raft.netty.dataStream.server.boss-group.size = 0 (default)
2023-08-25 08:51:22,621 [Time-limited test] INFO  netty.NettyConfigKeys$DataStream (ConfUtils.java:logGet(46)) - raft.netty.dataStream.server.worker-group.size = 0 (default)
2023-08-25 08:51:22,621 [Time-limited test] INFO  netty.NettyConfigKeys$DataStream (ConfUtils.java:logGet(46)) - raft.netty.dataStream.server.tls.conf = null (default)
2023-08-25 08:51:22,621 [Time-limited test] INFO  netty.NettyConfigKeys$DataStream (ConfUtils.java:logGet(46)) - raft.netty.dataStream.host = null (default)
2023-08-25 08:51:22,621 [Time-limited test] INFO  netty.NettyConfigKeys$DataStream (ConfUtils.java:logGet(46)) - raft.netty.dataStream.port = 15095 (custom)
2023-08-25 08:51:22,622 [Time-limited test] INFO  server.RaftServerConfigKeys (ConfUtils.java:logGet(46)) - raft.server.threadpool.proxy.cached = true (default)
2023-08-25 08:51:22,622 [Time-limited test] INFO  server.RaftServerConfigKeys (ConfUtils.java:logGet(46)) - raft.server.threadpool.proxy.size = 0 (default)
2023-08-25 08:51:22,622 [Time-limited test] INFO  server.RaftServerConfigKeys (ConfUtils.java:logGet(46)) - raft.server.rpc.slowness.timeout = 300s (custom)
2023-08-25 08:51:22,622 [Time-limited test] INFO  server.RaftServerConfigKeys (ConfUtils.java:logGet(46)) - raft.server.leaderelection.leader.step-down.wait-time = 10s (default)
2023-08-25 08:51:22,622 [Time-limited test] INFO  server.RaftServerConfigKeys (ConfUtils.java:logGet(46)) - raft.server.storage.dir = [/home/runner/work/ozone/ozone/hadoop-ozone/integration-test/target/test-dir/MiniOzoneClusterImpl-7264bf39-beec-4c8a-bbdc-a469073ec634/datanode-3/data/ratis] (custom)
2023-08-25 08:51:22,623 [2dba85f2-5c78-4a39-bcb4-575db37e64e5-NettyServerStreamRpc-bossGroup--thread1] INFO  logging.LoggingHandler (AbstractInternalLogger.java:log(148)) - [id: 0xe6b85197] REGISTERED
2023-08-25 08:51:22,623 [2dba85f2-5c78-4a39-bcb4-575db37e64e5-NettyServerStreamRpc-bossGroup--thread1] INFO  logging.LoggingHandler (AbstractInternalLogger.java:log(148)) - [id: 0xe6b85197] BIND: 0.0.0.0/0.0.0.0:15095
2023-08-25 08:51:22,623 [2dba85f2-5c78-4a39-bcb4-575db37e64e5-NettyServerStreamRpc-bossGroup--thread1] INFO  logging.LoggingHandler (AbstractInternalLogger.java:log(148)) - [id: 0xe6b85197, L:/0:0:0:0:0:0:0:0:15095] ACTIVE
2023-08-25 08:51:22,628 [2dba85f2-5c78-4a39-bcb4-575db37e64e5-impl-thread1] INFO  server.RaftServer (RaftServerProxy.java:initGroupDir(258)) - 2dba85f2-5c78-4a39-bcb4-575db37e64e5: found a subdirectory /home/runner/work/ozone/ozone/hadoop-ozone/integration-test/target/test-dir/MiniOzoneClusterImpl-7264bf39-beec-4c8a-bbdc-a469073ec634/datanode-3/data/ratis/tmp
2023-08-25 08:51:22,628 [2dba85f2-5c78-4a39-bcb4-575db37e64e5-impl-thread1] INFO  server.RaftServer (RaftServerProxy.java:initGroupDir(263)) - 2dba85f2-5c78-4a39-bcb4-575db37e64e5: The directory /home/runner/work/ozone/ozone/hadoop-ozone/integration-test/target/test-dir/MiniOzoneClusterImpl-7264bf39-beec-4c8a-bbdc-a469073ec634/datanode-3/data/ratis/tmp is not a group directory; ignoring it. 
2023-08-25 08:51:22,628 [Time-limited test] INFO  replication.ReplicationServer (ReplicationServer.java:<init>(81)) - Initializing replication server with thread count = 10
2023-08-25 08:51:22,629 [Time-limited test] INFO  server.XceiverServerGrpc (XceiverServerGrpc.java:<init>(132)) - GrpcServer channel type EpollServerSocketChannel
2023-08-25 08:51:22,631 [Time-limited test] INFO  replication.ReplicationSupervisor (ReplicationSupervisor.java:build(155)) - Initializing replication supervisor with thread count = 10
2023-08-25 08:51:22,631 [Time-limited test] INFO  replication.ReplicationSupervisor (ReplicationSupervisor.java:nodeStateUpdated(307)) - Node state updated to IN_SERVICE, scaling executor pool size to 10
2023-08-25 08:51:22,633 [Time-limited test] INFO  http.BaseHttpServer (BaseHttpServer.java:newHttpServer2BuilderForOzone(224)) - Starting Web-server for hddsDatanode at: http://0.0.0.0:15089
2023-08-25 08:51:22,633 [Time-limited test] INFO  http.BaseHttpServer (BaseHttpServer.java:<init>(111)) - Hadoop Security Enabled: false Ozone Security Enabled: false Ozone HTTP Security Enabled: false 
2023-08-25 08:51:22,634 [Time-limited test] WARN  server.AuthenticationFilter (AuthenticationFilter.java:constructSecretProvider(240)) - Unable to initialize FileSignerSecretProvider, falling back to use random secrets. Reason: Could not read signature secret file: /home/runner/hadoop-http-auth-signature-secret
2023-08-25 08:51:22,637 [Time-limited test] INFO  http.HttpRequestLog (HttpRequestLog.java:getRequestLog(86)) - Http request log for http.requests.hddsDatanode is not defined
2023-08-25 08:51:22,638 [Time-limited test] INFO  http.HttpServer2 (HttpServer2.java:addGlobalFilter(1031)) - Added global filter 'safety' (class=org.apache.hadoop.hdds.server.http.HttpServer2$QuotingInputFilter)
2023-08-25 08:51:22,638 [Time-limited test] INFO  http.HttpServer2 (HttpServer2.java:addFilter(1007)) - Added filter static_user_filter (class=org.apache.hadoop.http.lib.StaticUserWebFilter$StaticUserFilter) to context hddsDatanode
2023-08-25 08:51:22,639 [Time-limited test] INFO  http.HttpServer2 (HttpServer2.java:addFilter(1015)) - Added filter static_user_filter (class=org.apache.hadoop.http.lib.StaticUserWebFilter$StaticUserFilter) to context logs
2023-08-25 08:51:22,639 [Time-limited test] INFO  http.HttpServer2 (HttpServer2.java:addFilter(1015)) - Added filter static_user_filter (class=org.apache.hadoop.http.lib.StaticUserWebFilter$StaticUserFilter) to context static
2023-08-25 08:51:22,639 [Time-limited test] INFO  http.BaseHttpServer (BaseHttpServer.java:<init>(190)) - HTTP server of hddsDatanode uses base directory /home/runner/work/ozone/ozone/hadoop-ozone/integration-test/target/test-dir/MiniOzoneClusterImpl-7264bf39-beec-4c8a-bbdc-a469073ec634/datanode-3/meta/webserver
2023-08-25 08:51:22,639 [Time-limited test] INFO  http.HttpServer2 (HttpServer2.java:bindListener(1250)) - Jetty bound to port 15089
2023-08-25 08:51:22,639 [Time-limited test] INFO  server.Server (Server.java:doStart(375)) - jetty-9.4.51.v20230217; built: 2023-02-17T08:19:37.309Z; git: b45c405e4544384de066f814ed42ae3dceacdd49; jvm 1.8.0_382-b05
2023-08-25 08:51:22,641 [Time-limited test] INFO  server.session (DefaultSessionIdManager.java:doStart(334)) - DefaultSessionIdManager workerName=node0
2023-08-25 08:51:22,641 [Time-limited test] INFO  server.session (DefaultSessionIdManager.java:doStart(339)) - No SessionScavenger set, using defaults
2023-08-25 08:51:22,641 [Time-limited test] INFO  server.session (HouseKeeper.java:startScavenging(132)) - node0 Scavenging every 600000ms
2023-08-25 08:51:22,642 [Time-limited test] INFO  handler.ContextHandler (ContextHandler.java:doStart(921)) - Started o.e.j.s.ServletContextHandler@3d0f45b8{logs,/logs,file:///home/runner/work/ozone/ozone/hadoop-ozone/integration-test/target/log,AVAILABLE}
2023-08-25 08:51:22,642 [Time-limited test] INFO  handler.ContextHandler (ContextHandler.java:doStart(921)) - Started o.e.j.s.ServletContextHandler@6f5b03b0{static,/static,jar:file:/home/runner/.m2/repository/org/apache/ozone/hdds-container-service/1.4.0-SNAPSHOT/hdds-container-service-1.4.0-SNAPSHOT.jar!/webapps/static,AVAILABLE}
2023-08-25 08:51:22,861 [Time-limited test] INFO  handler.ContextHandler (ContextHandler.java:doStart(921)) - Started o.e.j.w.WebAppContext@7516fab9{hddsDatanode,/,file:///home/runner/work/ozone/ozone/hadoop-ozone/integration-test/target/test-dir/MiniOzoneClusterImpl-7264bf39-beec-4c8a-bbdc-a469073ec634/datanode-3/meta/webserver/jetty-0_0_0_0-15089-hdds-container-service-1_4_0-SNAPSHOT_jar-_-any-2967534725544596582/webapp/,AVAILABLE}{jar:file:/home/runner/.m2/repository/org/apache/ozone/hdds-container-service/1.4.0-SNAPSHOT/hdds-container-service-1.4.0-SNAPSHOT.jar!/webapps/hddsDatanode}
2023-08-25 08:51:22,863 [Time-limited test] INFO  server.AbstractConnector (AbstractConnector.java:doStart(333)) - Started ServerConnector@7d75e011{HTTP/1.1, (http/1.1)}{0.0.0.0:15089}
2023-08-25 08:51:22,863 [Time-limited test] INFO  server.Server (Server.java:doStart(415)) - Started @44090ms
2023-08-25 08:51:22,863 [Time-limited test] WARN  impl.MetricsSystemImpl (MetricsSystemImpl.java:register(279)) - Sink prometheus already exists!
2023-08-25 08:51:22,864 [Time-limited test] INFO  http.BaseHttpServer (BaseHttpServer.java:updateConnectorAddress(344)) - HTTP server of hddsDatanode listening at http://0.0.0.0:15089
2023-08-25 08:51:22,864 [Time-limited test] INFO  ipc.CallQueueManager (CallQueueManager.java:<init>(90)) - Using callQueue: class java.util.concurrent.LinkedBlockingQueue, queueCapacity: 100, scheduler: class org.apache.hadoop.ipc.DefaultRpcScheduler, ipcBackoff: false.
2023-08-25 08:51:22,864 [Time-limited test] INFO  ipc.Server (Server.java:<init>(1287)) - Listener at 0.0.0.0:15090
2023-08-25 08:51:22,865 [Socket Reader #1 for port 15090] INFO  ipc.Server (Server.java:run(1323)) - Starting Socket Reader #1 for port 15090
2023-08-25 08:51:22,867 [Time-limited test] INFO  ozone.HddsDatanodeService (HddsDatanodeService.java:start(315)) - Datanode start with admins: [runner]
2023-08-25 08:51:22,867 [Time-limited test] INFO  ozone.HddsDatanodeClientProtocolServer (HddsDatanodeClientProtocolServer.java:start(72)) - RPC server for Client /0.0.0.0:15090
2023-08-25 08:51:22,867 [IPC Server Responder] INFO  ipc.Server (Server.java:run(1562)) - IPC Server Responder: starting
2023-08-25 08:51:22,870 [IPC Server listener on 15090] INFO  ipc.Server (Server.java:run(1402)) - IPC Server listener on 15090: starting
2023-08-25 08:51:22,870 [Datanode State Machine Daemon Thread] INFO  statemachine.DatanodeStateMachine (DatanodeStateMachine.java:lambda$startDaemon$0(538)) - Ozone container server started.
2023-08-25 08:51:22,870 [Time-limited test] WARN  impl.MetricRegistriesImpl (MetricRegistriesImpl.java:addReporterRegistration(111)) - New reporters are added after registries were created. Some metrics will be missing from the reporter. Please add reporter before adding any new registry.
2023-08-25 08:51:22,870 [Time-limited test] WARN  impl.MetricRegistriesImpl (MetricRegistriesImpl.java:addReporterRegistration(111)) - New reporters are added after registries were created. Some metrics will be missing from the reporter. Please add reporter before adding any new registry.
2023-08-25 08:51:22,870 [Time-limited test] INFO  impl.MetricsSystemImpl (MetricsSystemImpl.java:init(158)) - HddsDatanode metrics system started (again)
2023-08-25 08:51:22,890 [Time-limited test] INFO  ozone.HddsDatanodeService (HddsDatanodeService.java:start(237)) - HddsDatanodeService host:fv-az584-689.msjcyvhqqs1uvpg4fm53wptgqc.jx.internal.cloudapp.net ip:10.1.0.19
2023-08-25 08:51:22,912 [Datanode State Machine Task Thread - 0] INFO  datanode.InitDatanodeState (InitDatanodeState.java:persistContainerDatanodeDetails(138)) - DatanodeDetails is persisted to /home/runner/work/ozone/ozone/hadoop-ozone/integration-test/target/test-dir/MiniOzoneClusterImpl-7264bf39-beec-4c8a-bbdc-a469073ec634/datanode-3/meta/datanode.id
2023-08-25 08:51:22,923 [Time-limited test] INFO  upgrade.AbstractLayoutVersionManager (AbstractLayoutVersionManager.java:init(83)) - Initializing Layout version manager with metadata layout = HADOOP_PRC_PORTS_IN_DATANODEDETAILS (version = 7), software layout = HADOOP_PRC_PORTS_IN_DATANODEDETAILS (version = 7)
2023-08-25 08:51:22,924 [Time-limited test] INFO  statemachine.DatanodeStateMachine (DatanodeStateMachine.java:getEndPointTaskThreadPoolSize(282)) - Datanode State Machine Task Thread Pool size 2
2023-08-25 08:51:22,930 [Time-limited test] INFO  volume.HddsVolume (HddsVolume.java:<init>(126)) - Creating HddsVolume: /home/runner/work/ozone/ozone/hadoop-ozone/integration-test/target/test-dir/MiniOzoneClusterImpl-7264bf39-beec-4c8a-bbdc-a469073ec634/datanode-4/data-0/containers/hdds of storage type : DISK capacity : 9223372036854775807
2023-08-25 08:51:22,930 [Time-limited test] INFO  volume.MutableVolumeSet (MutableVolumeSet.java:initializeVolumeSet(173)) - Added Volume : /home/runner/work/ozone/ozone/hadoop-ozone/integration-test/target/test-dir/MiniOzoneClusterImpl-7264bf39-beec-4c8a-bbdc-a469073ec634/datanode-4/data-0/containers/hdds to VolumeSet
2023-08-25 08:51:22,931 [Time-limited test] INFO  volume.MutableVolumeSet (MutableVolumeSet.java:initializeVolumeSet(173)) - Added Volume : /home/runner/work/ozone/ozone/hadoop-ozone/integration-test/target/test-dir/MiniOzoneClusterImpl-7264bf39-beec-4c8a-bbdc-a469073ec634/datanode-4/data/ratis to VolumeSet
2023-08-25 08:51:22,932 [Thread-821] INFO  ozoneimpl.ContainerReader (ContainerReader.java:readVolume(177)) - Finish verifying containers on volume /home/runner/work/ozone/ozone/hadoop-ozone/integration-test/target/test-dir/MiniOzoneClusterImpl-7264bf39-beec-4c8a-bbdc-a469073ec634/datanode-4/data-0/containers/hdds
2023-08-25 08:51:22,932 [Time-limited test] INFO  ozoneimpl.OzoneContainer (OzoneContainer.java:buildContainerSet(314)) - Build ContainerSet costs 0s
2023-08-25 08:51:22,934 [Time-limited test] INFO  server.RaftServer (ConfUtils.java:logGet(46)) - raft.rpc.type = GRPC (default)
2023-08-25 08:51:22,934 [Time-limited test] INFO  grpc.GrpcConfigKeys (ConfUtils.java:logFallback(53)) - raft.grpc.admin.host = null (fallback to raft.grpc.server.host)
2023-08-25 08:51:22,935 [Time-limited test] INFO  grpc.GrpcConfigKeys (ConfUtils.java:logGet(46)) - raft.grpc.admin.port = 15102 (custom)
2023-08-25 08:51:22,935 [Time-limited test] INFO  grpc.GrpcConfigKeys (ConfUtils.java:logFallback(53)) - raft.grpc.client.host = null (fallback to raft.grpc.server.host)
2023-08-25 08:51:22,935 [Time-limited test] INFO  grpc.GrpcConfigKeys (ConfUtils.java:logGet(46)) - raft.grpc.client.port = 15101 (custom)
2023-08-25 08:51:22,935 [Time-limited test] INFO  grpc.GrpcConfigKeys (ConfUtils.java:logGet(46)) - raft.grpc.server.host = null (default)
2023-08-25 08:51:22,935 [Time-limited test] INFO  grpc.GrpcConfigKeys (ConfUtils.java:logGet(46)) - raft.grpc.server.port = 15103 (custom)
2023-08-25 08:51:22,935 [Time-limited test] INFO  server.GrpcService (ConfUtils.java:logGet(46)) - raft.grpc.message.size.max = 32MB (=33554432) (custom)
2023-08-25 08:51:22,935 [Time-limited test] INFO  server.RaftServerConfigKeys (ConfUtils.java:logGet(46)) - raft.server.log.appender.buffer.byte-limit = 33554432 (custom)
2023-08-25 08:51:22,935 [Time-limited test] INFO  server.GrpcService (ConfUtils.java:logGet(46)) - raft.grpc.flow.control.window = 5MB (=5242880) (custom)
2023-08-25 08:51:22,935 [Time-limited test] INFO  server.RaftServerConfigKeys (ConfUtils.java:logGet(46)) - raft.server.rpc.request.timeout = 60s (custom)
2023-08-25 08:51:22,935 [Time-limited test] INFO  grpc.GrpcConfigKeys (ConfUtils.java:logGet(46)) - raft.grpc.server.heartbeat.channel = true (default)
2023-08-25 08:51:22,935 [Time-limited test] INFO  grpc.GrpcConfigKeys (ConfUtils.java:logGet(46)) - raft.grpc.server.async.request.thread.pool.cached = true (default)
2023-08-25 08:51:22,935 [Time-limited test] INFO  grpc.GrpcConfigKeys (ConfUtils.java:logGet(46)) - raft.grpc.server.async.request.thread.pool.size = 32 (default)
2023-08-25 08:51:22,939 [Time-limited test] INFO  impl.DataStreamServerImpl (ConfUtils.java:logGet(46)) - raft.datastream.type = NETTY (custom)
2023-08-25 08:51:22,940 [Time-limited test] INFO  server.RaftServerConfigKeys (ConfUtils.java:logGet(46)) - raft.server.data-stream.async.request.thread.pool.cached = false (default)
2023-08-25 08:51:22,942 [Time-limited test] INFO  server.RaftServerConfigKeys (ConfUtils.java:logGet(46)) - raft.server.data-stream.async.request.thread.pool.size = 20 (custom)
2023-08-25 08:51:22,942 [Time-limited test] INFO  server.RaftServerConfigKeys (ConfUtils.java:logGet(46)) - raft.server.data-stream.async.write.thread.pool.size = 16 (default)
2023-08-25 08:51:22,942 [Time-limited test] INFO  server.RaftServerConfigKeys (ConfUtils.java:logGet(46)) - raft.server.data-stream.client.pool.size = 10 (default)
2023-08-25 08:51:22,942 [Time-limited test] INFO  netty.NettyConfigKeys$DataStream (ConfUtils.java:logGet(46)) - raft.netty.dataStream.server.use-epoll = false (default)
2023-08-25 08:51:22,942 [Time-limited test] INFO  netty.NettyConfigKeys$DataStream (ConfUtils.java:logGet(46)) - raft.netty.dataStream.server.boss-group.size = 0 (default)
2023-08-25 08:51:22,943 [Time-limited test] INFO  netty.NettyConfigKeys$DataStream (ConfUtils.java:logGet(46)) - raft.netty.dataStream.server.worker-group.size = 0 (default)
2023-08-25 08:51:22,944 [Time-limited test] INFO  netty.NettyConfigKeys$DataStream (ConfUtils.java:logGet(46)) - raft.netty.dataStream.server.tls.conf = null (default)
2023-08-25 08:51:22,944 [Time-limited test] INFO  netty.NettyConfigKeys$DataStream (ConfUtils.java:logGet(46)) - raft.netty.dataStream.host = null (default)
2023-08-25 08:51:22,944 [Time-limited test] INFO  netty.NettyConfigKeys$DataStream (ConfUtils.java:logGet(46)) - raft.netty.dataStream.port = 15104 (custom)
2023-08-25 08:51:22,944 [Time-limited test] INFO  server.RaftServerConfigKeys (ConfUtils.java:logGet(46)) - raft.server.threadpool.proxy.cached = true (default)
2023-08-25 08:51:22,944 [Time-limited test] INFO  server.RaftServerConfigKeys (ConfUtils.java:logGet(46)) - raft.server.threadpool.proxy.size = 0 (default)
2023-08-25 08:51:22,945 [Time-limited test] INFO  server.RaftServerConfigKeys (ConfUtils.java:logGet(46)) - raft.server.rpc.slowness.timeout = 300s (custom)
2023-08-25 08:51:22,945 [Time-limited test] INFO  server.RaftServerConfigKeys (ConfUtils.java:logGet(46)) - raft.server.leaderelection.leader.step-down.wait-time = 10s (default)
2023-08-25 08:51:22,945 [Time-limited test] INFO  server.RaftServerConfigKeys (ConfUtils.java:logGet(46)) - raft.server.storage.dir = [/home/runner/work/ozone/ozone/hadoop-ozone/integration-test/target/test-dir/MiniOzoneClusterImpl-7264bf39-beec-4c8a-bbdc-a469073ec634/datanode-4/data/ratis] (custom)
2023-08-25 08:51:22,946 [0e5a7e70-4bad-4e07-bed3-bc8780d50e71-NettyServerStreamRpc-bossGroup--thread1] INFO  logging.LoggingHandler (AbstractInternalLogger.java:log(148)) - [id: 0xb626382d] REGISTERED
2023-08-25 08:51:22,947 [0e5a7e70-4bad-4e07-bed3-bc8780d50e71-NettyServerStreamRpc-bossGroup--thread1] INFO  logging.LoggingHandler (AbstractInternalLogger.java:log(148)) - [id: 0xb626382d] BIND: 0.0.0.0/0.0.0.0:15104
2023-08-25 08:51:22,948 [0e5a7e70-4bad-4e07-bed3-bc8780d50e71-NettyServerStreamRpc-bossGroup--thread1] INFO  logging.LoggingHandler (AbstractInternalLogger.java:log(148)) - [id: 0xb626382d, L:/0:0:0:0:0:0:0:0:15104] ACTIVE
2023-08-25 08:51:22,949 [0e5a7e70-4bad-4e07-bed3-bc8780d50e71-impl-thread1] INFO  server.RaftServer (RaftServerProxy.java:initGroupDir(258)) - 0e5a7e70-4bad-4e07-bed3-bc8780d50e71: found a subdirectory /home/runner/work/ozone/ozone/hadoop-ozone/integration-test/target/test-dir/MiniOzoneClusterImpl-7264bf39-beec-4c8a-bbdc-a469073ec634/datanode-4/data/ratis/tmp
2023-08-25 08:51:22,949 [0e5a7e70-4bad-4e07-bed3-bc8780d50e71-impl-thread1] INFO  server.RaftServer (RaftServerProxy.java:initGroupDir(263)) - 0e5a7e70-4bad-4e07-bed3-bc8780d50e71: The directory /home/runner/work/ozone/ozone/hadoop-ozone/integration-test/target/test-dir/MiniOzoneClusterImpl-7264bf39-beec-4c8a-bbdc-a469073ec634/datanode-4/data/ratis/tmp is not a group directory; ignoring it. 
2023-08-25 08:51:22,949 [Time-limited test] INFO  replication.ReplicationServer (ReplicationServer.java:<init>(81)) - Initializing replication server with thread count = 10
2023-08-25 08:51:22,951 [Time-limited test] INFO  server.XceiverServerGrpc (XceiverServerGrpc.java:<init>(132)) - GrpcServer channel type EpollServerSocketChannel
2023-08-25 08:51:22,954 [Time-limited test] INFO  replication.ReplicationSupervisor (ReplicationSupervisor.java:build(155)) - Initializing replication supervisor with thread count = 10
2023-08-25 08:51:22,954 [Time-limited test] INFO  replication.ReplicationSupervisor (ReplicationSupervisor.java:nodeStateUpdated(307)) - Node state updated to IN_SERVICE, scaling executor pool size to 10
2023-08-25 08:51:22,958 [Time-limited test] INFO  http.BaseHttpServer (BaseHttpServer.java:newHttpServer2BuilderForOzone(224)) - Starting Web-server for hddsDatanode at: http://0.0.0.0:15098
2023-08-25 08:51:22,958 [Time-limited test] INFO  http.BaseHttpServer (BaseHttpServer.java:<init>(111)) - Hadoop Security Enabled: false Ozone Security Enabled: false Ozone HTTP Security Enabled: false 
2023-08-25 08:51:22,959 [Time-limited test] WARN  server.AuthenticationFilter (AuthenticationFilter.java:constructSecretProvider(240)) - Unable to initialize FileSignerSecretProvider, falling back to use random secrets. Reason: Could not read signature secret file: /home/runner/hadoop-http-auth-signature-secret
2023-08-25 08:51:22,965 [Time-limited test] INFO  http.HttpRequestLog (HttpRequestLog.java:getRequestLog(86)) - Http request log for http.requests.hddsDatanode is not defined
2023-08-25 08:51:22,967 [Time-limited test] INFO  http.HttpServer2 (HttpServer2.java:addGlobalFilter(1031)) - Added global filter 'safety' (class=org.apache.hadoop.hdds.server.http.HttpServer2$QuotingInputFilter)
2023-08-25 08:51:22,967 [Time-limited test] INFO  http.HttpServer2 (HttpServer2.java:addFilter(1007)) - Added filter static_user_filter (class=org.apache.hadoop.http.lib.StaticUserWebFilter$StaticUserFilter) to context hddsDatanode
2023-08-25 08:51:22,968 [Time-limited test] INFO  http.HttpServer2 (HttpServer2.java:addFilter(1015)) - Added filter static_user_filter (class=org.apache.hadoop.http.lib.StaticUserWebFilter$StaticUserFilter) to context static
2023-08-25 08:51:22,968 [Time-limited test] INFO  http.HttpServer2 (HttpServer2.java:addFilter(1015)) - Added filter static_user_filter (class=org.apache.hadoop.http.lib.StaticUserWebFilter$StaticUserFilter) to context logs
2023-08-25 08:51:22,969 [Time-limited test] INFO  http.BaseHttpServer (BaseHttpServer.java:<init>(190)) - HTTP server of hddsDatanode uses base directory /home/runner/work/ozone/ozone/hadoop-ozone/integration-test/target/test-dir/MiniOzoneClusterImpl-7264bf39-beec-4c8a-bbdc-a469073ec634/datanode-4/meta/webserver
2023-08-25 08:51:22,969 [Time-limited test] INFO  http.HttpServer2 (HttpServer2.java:bindListener(1250)) - Jetty bound to port 15098
2023-08-25 08:51:22,969 [Time-limited test] INFO  server.Server (Server.java:doStart(375)) - jetty-9.4.51.v20230217; built: 2023-02-17T08:19:37.309Z; git: b45c405e4544384de066f814ed42ae3dceacdd49; jvm 1.8.0_382-b05
2023-08-25 08:51:22,971 [Time-limited test] INFO  server.session (DefaultSessionIdManager.java:doStart(334)) - DefaultSessionIdManager workerName=node0
2023-08-25 08:51:22,971 [Time-limited test] INFO  server.session (DefaultSessionIdManager.java:doStart(339)) - No SessionScavenger set, using defaults
2023-08-25 08:51:22,971 [Time-limited test] INFO  server.session (HouseKeeper.java:startScavenging(132)) - node0 Scavenging every 600000ms
2023-08-25 08:51:22,972 [Time-limited test] INFO  handler.ContextHandler (ContextHandler.java:doStart(921)) - Started o.e.j.s.ServletContextHandler@cbf9a86{logs,/logs,file:///home/runner/work/ozone/ozone/hadoop-ozone/integration-test/target/log,AVAILABLE}
2023-08-25 08:51:22,972 [Time-limited test] INFO  handler.ContextHandler (ContextHandler.java:doStart(921)) - Started o.e.j.s.ServletContextHandler@729ef396{static,/static,jar:file:/home/runner/.m2/repository/org/apache/ozone/hdds-container-service/1.4.0-SNAPSHOT/hdds-container-service-1.4.0-SNAPSHOT.jar!/webapps/static,AVAILABLE}
2023-08-25 08:51:23,143 [ReplicationMonitor] INFO  replication.ReplicationManager (ReplicationManager.java:processAll(361)) - Replication Manager is not ready to run until 3000ms after safemode exit
2023-08-25 08:51:23,196 [Time-limited test] INFO  handler.ContextHandler (ContextHandler.java:doStart(921)) - Started o.e.j.w.WebAppContext@5e65bac3{hddsDatanode,/,file:///home/runner/work/ozone/ozone/hadoop-ozone/integration-test/target/test-dir/MiniOzoneClusterImpl-7264bf39-beec-4c8a-bbdc-a469073ec634/datanode-4/meta/webserver/jetty-0_0_0_0-15098-hdds-container-service-1_4_0-SNAPSHOT_jar-_-any-3679669278162839386/webapp/,AVAILABLE}{jar:file:/home/runner/.m2/repository/org/apache/ozone/hdds-container-service/1.4.0-SNAPSHOT/hdds-container-service-1.4.0-SNAPSHOT.jar!/webapps/hddsDatanode}
2023-08-25 08:51:23,198 [Time-limited test] INFO  server.AbstractConnector (AbstractConnector.java:doStart(333)) - Started ServerConnector@71a6f532{HTTP/1.1, (http/1.1)}{0.0.0.0:15098}
2023-08-25 08:51:23,199 [Time-limited test] INFO  server.Server (Server.java:doStart(415)) - Started @44425ms
2023-08-25 08:51:23,199 [Time-limited test] WARN  impl.MetricsSystemImpl (MetricsSystemImpl.java:register(279)) - Sink prometheus already exists!
2023-08-25 08:51:23,199 [Time-limited test] INFO  http.BaseHttpServer (BaseHttpServer.java:updateConnectorAddress(344)) - HTTP server of hddsDatanode listening at http://0.0.0.0:15098
2023-08-25 08:51:23,200 [Time-limited test] INFO  ipc.CallQueueManager (CallQueueManager.java:<init>(90)) - Using callQueue: class java.util.concurrent.LinkedBlockingQueue, queueCapacity: 100, scheduler: class org.apache.hadoop.ipc.DefaultRpcScheduler, ipcBackoff: false.
2023-08-25 08:51:23,200 [Time-limited test] INFO  ipc.Server (Server.java:<init>(1287)) - Listener at 0.0.0.0:15099
2023-08-25 08:51:23,200 [Socket Reader #1 for port 15099] INFO  ipc.Server (Server.java:run(1323)) - Starting Socket Reader #1 for port 15099
2023-08-25 08:51:23,202 [Time-limited test] INFO  ozone.HddsDatanodeService (HddsDatanodeService.java:start(315)) - Datanode start with admins: [runner]
2023-08-25 08:51:23,202 [Time-limited test] INFO  ozone.HddsDatanodeClientProtocolServer (HddsDatanodeClientProtocolServer.java:start(72)) - RPC server for Client /0.0.0.0:15099
2023-08-25 08:51:23,203 [IPC Server Responder] INFO  ipc.Server (Server.java:run(1562)) - IPC Server Responder: starting
2023-08-25 08:51:23,203 [IPC Server listener on 15099] INFO  ipc.Server (Server.java:run(1402)) - IPC Server listener on 15099: starting
2023-08-25 08:51:23,204 [Time-limited test] INFO  ozone.MiniOzoneClusterImpl (MiniOzoneClusterImpl.java:lambda$waitForClusterToBeReady$0(224)) - Waiting for nodes to be ready. Got 0 of 5 DN Heartbeats.
2023-08-25 08:51:23,204 [Time-limited test] INFO  ozone.MiniOzoneClusterImpl (MiniOzoneClusterImpl.java:lambda$waitForClusterToBeReady$0(227)) - Waiting for cluster to exit safe mode
2023-08-25 08:51:23,204 [Time-limited test] INFO  ozone.MiniOzoneClusterImpl (MiniOzoneClusterImpl.java:lambda$waitForClusterToBeReady$0(229)) - SCM became leader
2023-08-25 08:51:23,207 [Datanode State Machine Daemon Thread] INFO  statemachine.DatanodeStateMachine (DatanodeStateMachine.java:lambda$startDaemon$0(538)) - Ozone container server started.
2023-08-25 08:51:23,213 [Datanode State Machine Task Thread - 0] INFO  datanode.InitDatanodeState (InitDatanodeState.java:persistContainerDatanodeDetails(138)) - DatanodeDetails is persisted to /home/runner/work/ozone/ozone/hadoop-ozone/integration-test/target/test-dir/MiniOzoneClusterImpl-7264bf39-beec-4c8a-bbdc-a469073ec634/datanode-4/meta/datanode.id
2023-08-25 08:51:23,924 [EndpointStateMachine task thread for /0.0.0.0:15055 - 0 ] INFO  utils.DatanodeStoreCache (DatanodeStoreCache.java:addDB(66)) - Added db /home/runner/work/ozone/ozone/hadoop-ozone/integration-test/target/test-dir/MiniOzoneClusterImpl-7264bf39-beec-4c8a-bbdc-a469073ec634/datanode-0/data-0/containers/hdds/7264bf39-beec-4c8a-bbdc-a469073ec634/DS-188ca578-fdde-486e-9b3f-dcf4a9e4297e/container.db to cache
2023-08-25 08:51:23,924 [EndpointStateMachine task thread for /0.0.0.0:15055 - 0 ] INFO  volume.HddsVolume (HddsVolume.java:createDbStore(422)) - SchemaV3 db is created and loaded at /home/runner/work/ozone/ozone/hadoop-ozone/integration-test/target/test-dir/MiniOzoneClusterImpl-7264bf39-beec-4c8a-bbdc-a469073ec634/datanode-0/data-0/containers/hdds/7264bf39-beec-4c8a-bbdc-a469073ec634/DS-188ca578-fdde-486e-9b3f-dcf4a9e4297e/container.db for volume DS-188ca578-fdde-486e-9b3f-dcf4a9e4297e
2023-08-25 08:51:23,925 [EndpointStateMachine task thread for /0.0.0.0:15055 - 0 ] INFO  volume.ThrottledAsyncChecker (ThrottledAsyncChecker.java:schedule(141)) - Scheduling a check for /home/runner/work/ozone/ozone/hadoop-ozone/integration-test/target/test-dir/MiniOzoneClusterImpl-7264bf39-beec-4c8a-bbdc-a469073ec634/datanode-0/data-0/containers/hdds
2023-08-25 08:51:23,930 [EndpointStateMachine task thread for /0.0.0.0:15055 - 0 ] INFO  volume.StorageVolumeChecker (StorageVolumeChecker.java:checkAllVolumes(213)) - Scheduled health check for volume /home/runner/work/ozone/ozone/hadoop-ozone/integration-test/target/test-dir/MiniOzoneClusterImpl-7264bf39-beec-4c8a-bbdc-a469073ec634/datanode-0/data-0/containers/hdds
2023-08-25 08:51:23,931 [EndpointStateMachine task thread for /0.0.0.0:15055 - 0 ] INFO  volume.ThrottledAsyncChecker (ThrottledAsyncChecker.java:schedule(141)) - Scheduling a check for /home/runner/work/ozone/ozone/hadoop-ozone/integration-test/target/test-dir/MiniOzoneClusterImpl-7264bf39-beec-4c8a-bbdc-a469073ec634/datanode-0/data/ratis
2023-08-25 08:51:23,932 [EndpointStateMachine task thread for /0.0.0.0:15055 - 0 ] INFO  volume.StorageVolumeChecker (StorageVolumeChecker.java:checkAllVolumes(213)) - Scheduled health check for volume /home/runner/work/ozone/ozone/hadoop-ozone/integration-test/target/test-dir/MiniOzoneClusterImpl-7264bf39-beec-4c8a-bbdc-a469073ec634/datanode-0/data/ratis
2023-08-25 08:51:23,935 [EndpointStateMachine task thread for /0.0.0.0:15055 - 0 ] INFO  ozoneimpl.OzoneContainer (OzoneContainer.java:start(429)) - Attempting to start container services.
2023-08-25 08:51:23,935 [EndpointStateMachine task thread for /0.0.0.0:15055 - 0 ] INFO  ozoneimpl.OzoneContainer (OzoneContainer.java:startContainerScrub(325)) - Scheduled background container scanners and the on-demand container scanner have been disabled.
2023-08-25 08:51:23,936 [EndpointStateMachine task thread for /0.0.0.0:15055 - 0 ] INFO  replication.ReplicationServer (ReplicationServer.java:start(130)) - ReplicationServer is started using port 15069
2023-08-25 08:51:23,936 [EndpointStateMachine task thread for /0.0.0.0:15055 - 0 ] INFO  ratis.XceiverServerRatis (XceiverServerRatis.java:start(517)) - Starting XceiverServerRatis a3e84a91-4099-49fb-b86e-4b39e7f57019
2023-08-25 08:51:23,941 [EndpointStateMachine task thread for /0.0.0.0:15055 - 0 ] INFO  server.RaftServer (RaftServerProxy.java:startImpl(400)) - a3e84a91-4099-49fb-b86e-4b39e7f57019: start RPC server
2023-08-25 08:51:23,945 [EndpointStateMachine task thread for /0.0.0.0:15055 - 0 ] INFO  server.GrpcService (GrpcService.java:startImpl(302)) - a3e84a91-4099-49fb-b86e-4b39e7f57019: GrpcService started, listening on 15065
2023-08-25 08:51:23,946 [EndpointStateMachine task thread for /0.0.0.0:15055 - 0 ] INFO  server.GrpcService (GrpcService.java:startImpl(302)) - a3e84a91-4099-49fb-b86e-4b39e7f57019: GrpcService started, listening on 15067
2023-08-25 08:51:23,947 [EndpointStateMachine task thread for /0.0.0.0:15055 - 0 ] INFO  server.GrpcService (GrpcService.java:startImpl(302)) - a3e84a91-4099-49fb-b86e-4b39e7f57019: GrpcService started, listening on 15066
2023-08-25 08:51:23,947 [JvmPauseMonitor9] INFO  util.JvmPauseMonitor (JvmPauseMonitor.java:run(103)) - JvmPauseMonitor-a3e84a91-4099-49fb-b86e-4b39e7f57019: Started
2023-08-25 08:51:23,947 [EndpointStateMachine task thread for /0.0.0.0:15055 - 0 ] INFO  ratis.XceiverServerRatis (XceiverServerRatis.java:getRealPort(543)) - XceiverServerRatis a3e84a91-4099-49fb-b86e-4b39e7f57019 is started using port 15065 for RATIS
2023-08-25 08:51:23,948 [EndpointStateMachine task thread for /0.0.0.0:15055 - 0 ] INFO  ratis.XceiverServerRatis (XceiverServerRatis.java:getRealPort(543)) - XceiverServerRatis a3e84a91-4099-49fb-b86e-4b39e7f57019 is started using port 15066 for RATIS_ADMIN
2023-08-25 08:51:23,948 [EndpointStateMachine task thread for /0.0.0.0:15055 - 0 ] INFO  ratis.XceiverServerRatis (XceiverServerRatis.java:getRealPort(543)) - XceiverServerRatis a3e84a91-4099-49fb-b86e-4b39e7f57019 is started using port 15067 for RATIS_SERVER
2023-08-25 08:51:23,948 [EndpointStateMachine task thread for /0.0.0.0:15055 - 0 ] INFO  ratis.XceiverServerRatis (XceiverServerRatis.java:getRealPort(543)) - XceiverServerRatis a3e84a91-4099-49fb-b86e-4b39e7f57019 is started using port 15068 for RATIS_DATASTREAM
2023-08-25 08:51:23,957 [BlockDeletingService#0] INFO  interfaces.ContainerDeletionChoosingPolicyTemplate (ContainerDeletionChoosingPolicyTemplate.java:chooseContainerForBlockDeletion(85)) - Chosen 0/5000 blocks from 0 candidate containers.
2023-08-25 08:51:24,143 [ReplicationMonitor] INFO  replication.ReplicationManager (ReplicationManager.java:processAll(361)) - Replication Manager is not ready to run until 3000ms after safemode exit
2023-08-25 08:51:24,204 [Time-limited test] INFO  ozone.MiniOzoneClusterImpl (MiniOzoneClusterImpl.java:lambda$waitForClusterToBeReady$0(224)) - Waiting for nodes to be ready. Got 0 of 5 DN Heartbeats.
2023-08-25 08:51:24,204 [Time-limited test] INFO  ozone.MiniOzoneClusterImpl (MiniOzoneClusterImpl.java:lambda$waitForClusterToBeReady$0(227)) - Waiting for cluster to exit safe mode
2023-08-25 08:51:24,204 [Time-limited test] INFO  ozone.MiniOzoneClusterImpl (MiniOzoneClusterImpl.java:lambda$waitForClusterToBeReady$0(229)) - SCM became leader
2023-08-25 08:51:24,250 [EndpointStateMachine task thread for /0.0.0.0:15055 - 0 ] INFO  utils.DatanodeStoreCache (DatanodeStoreCache.java:addDB(66)) - Added db /home/runner/work/ozone/ozone/hadoop-ozone/integration-test/target/test-dir/MiniOzoneClusterImpl-7264bf39-beec-4c8a-bbdc-a469073ec634/datanode-1/data-0/containers/hdds/7264bf39-beec-4c8a-bbdc-a469073ec634/DS-10ac4407-02e8-4f98-b0a6-4ff1e4c4f908/container.db to cache
2023-08-25 08:51:24,250 [EndpointStateMachine task thread for /0.0.0.0:15055 - 0 ] INFO  volume.HddsVolume (HddsVolume.java:createDbStore(422)) - SchemaV3 db is created and loaded at /home/runner/work/ozone/ozone/hadoop-ozone/integration-test/target/test-dir/MiniOzoneClusterImpl-7264bf39-beec-4c8a-bbdc-a469073ec634/datanode-1/data-0/containers/hdds/7264bf39-beec-4c8a-bbdc-a469073ec634/DS-10ac4407-02e8-4f98-b0a6-4ff1e4c4f908/container.db for volume DS-10ac4407-02e8-4f98-b0a6-4ff1e4c4f908
2023-08-25 08:51:24,251 [EndpointStateMachine task thread for /0.0.0.0:15055 - 0 ] INFO  volume.ThrottledAsyncChecker (ThrottledAsyncChecker.java:schedule(141)) - Scheduling a check for /home/runner/work/ozone/ozone/hadoop-ozone/integration-test/target/test-dir/MiniOzoneClusterImpl-7264bf39-beec-4c8a-bbdc-a469073ec634/datanode-1/data-0/containers/hdds
2023-08-25 08:51:24,253 [EndpointStateMachine task thread for /0.0.0.0:15055 - 0 ] INFO  volume.StorageVolumeChecker (StorageVolumeChecker.java:checkAllVolumes(213)) - Scheduled health check for volume /home/runner/work/ozone/ozone/hadoop-ozone/integration-test/target/test-dir/MiniOzoneClusterImpl-7264bf39-beec-4c8a-bbdc-a469073ec634/datanode-1/data-0/containers/hdds
2023-08-25 08:51:24,255 [EndpointStateMachine task thread for /0.0.0.0:15055 - 0 ] INFO  volume.ThrottledAsyncChecker (ThrottledAsyncChecker.java:schedule(141)) - Scheduling a check for /home/runner/work/ozone/ozone/hadoop-ozone/integration-test/target/test-dir/MiniOzoneClusterImpl-7264bf39-beec-4c8a-bbdc-a469073ec634/datanode-1/data/ratis
2023-08-25 08:51:24,256 [EndpointStateMachine task thread for /0.0.0.0:15055 - 0 ] INFO  volume.StorageVolumeChecker (StorageVolumeChecker.java:checkAllVolumes(213)) - Scheduled health check for volume /home/runner/work/ozone/ozone/hadoop-ozone/integration-test/target/test-dir/MiniOzoneClusterImpl-7264bf39-beec-4c8a-bbdc-a469073ec634/datanode-1/data/ratis
2023-08-25 08:51:24,258 [EndpointStateMachine task thread for /0.0.0.0:15055 - 0 ] INFO  ozoneimpl.OzoneContainer (OzoneContainer.java:start(429)) - Attempting to start container services.
2023-08-25 08:51:24,258 [EndpointStateMachine task thread for /0.0.0.0:15055 - 0 ] INFO  ozoneimpl.OzoneContainer (OzoneContainer.java:startContainerScrub(325)) - Scheduled background container scanners and the on-demand container scanner have been disabled.
2023-08-25 08:51:24,259 [EndpointStateMachine task thread for /0.0.0.0:15055 - 0 ] INFO  replication.ReplicationServer (ReplicationServer.java:start(130)) - ReplicationServer is started using port 15078
2023-08-25 08:51:24,260 [EndpointStateMachine task thread for /0.0.0.0:15055 - 0 ] INFO  ratis.XceiverServerRatis (XceiverServerRatis.java:start(517)) - Starting XceiverServerRatis b786fb5c-5e67-4c82-ab21-01f7c3e13abe
2023-08-25 08:51:24,263 [EndpointStateMachine task thread for /0.0.0.0:15055 - 0 ] INFO  server.RaftServer (RaftServerProxy.java:startImpl(400)) - b786fb5c-5e67-4c82-ab21-01f7c3e13abe: start RPC server
2023-08-25 08:51:24,269 [EndpointStateMachine task thread for /0.0.0.0:15055 - 0 ] INFO  server.GrpcService (GrpcService.java:startImpl(302)) - b786fb5c-5e67-4c82-ab21-01f7c3e13abe: GrpcService started, listening on 15074
2023-08-25 08:51:24,270 [EndpointStateMachine task thread for /0.0.0.0:15055 - 0 ] INFO  server.GrpcService (GrpcService.java:startImpl(302)) - b786fb5c-5e67-4c82-ab21-01f7c3e13abe: GrpcService started, listening on 15076
2023-08-25 08:51:24,270 [EndpointStateMachine task thread for /0.0.0.0:15055 - 0 ] INFO  server.GrpcService (GrpcService.java:startImpl(302)) - b786fb5c-5e67-4c82-ab21-01f7c3e13abe: GrpcService started, listening on 15075
2023-08-25 08:51:24,271 [EndpointStateMachine task thread for /0.0.0.0:15055 - 0 ] INFO  ratis.XceiverServerRatis (XceiverServerRatis.java:getRealPort(543)) - XceiverServerRatis b786fb5c-5e67-4c82-ab21-01f7c3e13abe is started using port 15074 for RATIS
2023-08-25 08:51:24,271 [JvmPauseMonitor10] INFO  util.JvmPauseMonitor (JvmPauseMonitor.java:run(103)) - JvmPauseMonitor-b786fb5c-5e67-4c82-ab21-01f7c3e13abe: Started
2023-08-25 08:51:24,271 [EndpointStateMachine task thread for /0.0.0.0:15055 - 0 ] INFO  ratis.XceiverServerRatis (XceiverServerRatis.java:getRealPort(543)) - XceiverServerRatis b786fb5c-5e67-4c82-ab21-01f7c3e13abe is started using port 15075 for RATIS_ADMIN
2023-08-25 08:51:24,272 [EndpointStateMachine task thread for /0.0.0.0:15055 - 0 ] INFO  ratis.XceiverServerRatis (XceiverServerRatis.java:getRealPort(543)) - XceiverServerRatis b786fb5c-5e67-4c82-ab21-01f7c3e13abe is started using port 15076 for RATIS_SERVER
2023-08-25 08:51:24,272 [EndpointStateMachine task thread for /0.0.0.0:15055 - 0 ] INFO  ratis.XceiverServerRatis (XceiverServerRatis.java:getRealPort(543)) - XceiverServerRatis b786fb5c-5e67-4c82-ab21-01f7c3e13abe is started using port 15077 for RATIS_DATASTREAM
2023-08-25 08:51:24,275 [BlockDeletingService#0] INFO  interfaces.ContainerDeletionChoosingPolicyTemplate (ContainerDeletionChoosingPolicyTemplate.java:chooseContainerForBlockDeletion(85)) - Chosen 0/5000 blocks from 0 candidate containers.
2023-08-25 08:51:24,619 [EndpointStateMachine task thread for /0.0.0.0:15055 - 0 ] INFO  utils.DatanodeStoreCache (DatanodeStoreCache.java:addDB(66)) - Added db /home/runner/work/ozone/ozone/hadoop-ozone/integration-test/target/test-dir/MiniOzoneClusterImpl-7264bf39-beec-4c8a-bbdc-a469073ec634/datanode-2/data-0/containers/hdds/7264bf39-beec-4c8a-bbdc-a469073ec634/DS-321227af-901b-40a3-af29-8d7d77801d6d/container.db to cache
2023-08-25 08:51:24,619 [EndpointStateMachine task thread for /0.0.0.0:15055 - 0 ] INFO  volume.HddsVolume (HddsVolume.java:createDbStore(422)) - SchemaV3 db is created and loaded at /home/runner/work/ozone/ozone/hadoop-ozone/integration-test/target/test-dir/MiniOzoneClusterImpl-7264bf39-beec-4c8a-bbdc-a469073ec634/datanode-2/data-0/containers/hdds/7264bf39-beec-4c8a-bbdc-a469073ec634/DS-321227af-901b-40a3-af29-8d7d77801d6d/container.db for volume DS-321227af-901b-40a3-af29-8d7d77801d6d
2023-08-25 08:51:24,621 [EndpointStateMachine task thread for /0.0.0.0:15055 - 0 ] INFO  volume.ThrottledAsyncChecker (ThrottledAsyncChecker.java:schedule(141)) - Scheduling a check for /home/runner/work/ozone/ozone/hadoop-ozone/integration-test/target/test-dir/MiniOzoneClusterImpl-7264bf39-beec-4c8a-bbdc-a469073ec634/datanode-2/data-0/containers/hdds
2023-08-25 08:51:24,622 [EndpointStateMachine task thread for /0.0.0.0:15055 - 0 ] INFO  volume.StorageVolumeChecker (StorageVolumeChecker.java:checkAllVolumes(213)) - Scheduled health check for volume /home/runner/work/ozone/ozone/hadoop-ozone/integration-test/target/test-dir/MiniOzoneClusterImpl-7264bf39-beec-4c8a-bbdc-a469073ec634/datanode-2/data-0/containers/hdds
2023-08-25 08:51:24,627 [EndpointStateMachine task thread for /0.0.0.0:15055 - 0 ] INFO  volume.ThrottledAsyncChecker (ThrottledAsyncChecker.java:schedule(141)) - Scheduling a check for /home/runner/work/ozone/ozone/hadoop-ozone/integration-test/target/test-dir/MiniOzoneClusterImpl-7264bf39-beec-4c8a-bbdc-a469073ec634/datanode-2/data/ratis
2023-08-25 08:51:24,628 [EndpointStateMachine task thread for /0.0.0.0:15055 - 0 ] INFO  volume.StorageVolumeChecker (StorageVolumeChecker.java:checkAllVolumes(213)) - Scheduled health check for volume /home/runner/work/ozone/ozone/hadoop-ozone/integration-test/target/test-dir/MiniOzoneClusterImpl-7264bf39-beec-4c8a-bbdc-a469073ec634/datanode-2/data/ratis
2023-08-25 08:51:24,630 [EndpointStateMachine task thread for /0.0.0.0:15055 - 0 ] INFO  ozoneimpl.OzoneContainer (OzoneContainer.java:start(429)) - Attempting to start container services.
2023-08-25 08:51:24,630 [EndpointStateMachine task thread for /0.0.0.0:15055 - 0 ] INFO  ozoneimpl.OzoneContainer (OzoneContainer.java:startContainerScrub(325)) - Scheduled background container scanners and the on-demand container scanner have been disabled.
2023-08-25 08:51:24,631 [EndpointStateMachine task thread for /0.0.0.0:15055 - 0 ] INFO  replication.ReplicationServer (ReplicationServer.java:start(130)) - ReplicationServer is started using port 15087
2023-08-25 08:51:24,631 [EndpointStateMachine task thread for /0.0.0.0:15055 - 0 ] INFO  ratis.XceiverServerRatis (XceiverServerRatis.java:start(517)) - Starting XceiverServerRatis e3412ff5-1f34-4b2f-8351-e8decf81f5b3
2023-08-25 08:51:24,633 [EndpointStateMachine task thread for /0.0.0.0:15055 - 0 ] INFO  server.RaftServer (RaftServerProxy.java:startImpl(400)) - e3412ff5-1f34-4b2f-8351-e8decf81f5b3: start RPC server
2023-08-25 08:51:24,637 [EndpointStateMachine task thread for /0.0.0.0:15055 - 0 ] INFO  server.GrpcService (GrpcService.java:startImpl(302)) - e3412ff5-1f34-4b2f-8351-e8decf81f5b3: GrpcService started, listening on 15083
2023-08-25 08:51:24,638 [EndpointStateMachine task thread for /0.0.0.0:15055 - 0 ] INFO  server.GrpcService (GrpcService.java:startImpl(302)) - e3412ff5-1f34-4b2f-8351-e8decf81f5b3: GrpcService started, listening on 15085
2023-08-25 08:51:24,639 [EndpointStateMachine task thread for /0.0.0.0:15055 - 0 ] INFO  server.GrpcService (GrpcService.java:startImpl(302)) - e3412ff5-1f34-4b2f-8351-e8decf81f5b3: GrpcService started, listening on 15084
2023-08-25 08:51:24,639 [EndpointStateMachine task thread for /0.0.0.0:15055 - 0 ] INFO  ratis.XceiverServerRatis (XceiverServerRatis.java:getRealPort(543)) - XceiverServerRatis e3412ff5-1f34-4b2f-8351-e8decf81f5b3 is started using port 15083 for RATIS
2023-08-25 08:51:24,639 [JvmPauseMonitor11] INFO  util.JvmPauseMonitor (JvmPauseMonitor.java:run(103)) - JvmPauseMonitor-e3412ff5-1f34-4b2f-8351-e8decf81f5b3: Started
2023-08-25 08:51:24,639 [EndpointStateMachine task thread for /0.0.0.0:15055 - 0 ] INFO  ratis.XceiverServerRatis (XceiverServerRatis.java:getRealPort(543)) - XceiverServerRatis e3412ff5-1f34-4b2f-8351-e8decf81f5b3 is started using port 15084 for RATIS_ADMIN
2023-08-25 08:51:24,641 [EndpointStateMachine task thread for /0.0.0.0:15055 - 0 ] INFO  ratis.XceiverServerRatis (XceiverServerRatis.java:getRealPort(543)) - XceiverServerRatis e3412ff5-1f34-4b2f-8351-e8decf81f5b3 is started using port 15085 for RATIS_SERVER
2023-08-25 08:51:24,641 [EndpointStateMachine task thread for /0.0.0.0:15055 - 0 ] INFO  ratis.XceiverServerRatis (XceiverServerRatis.java:getRealPort(543)) - XceiverServerRatis e3412ff5-1f34-4b2f-8351-e8decf81f5b3 is started using port 15086 for RATIS_DATASTREAM
2023-08-25 08:51:24,649 [BlockDeletingService#0] INFO  interfaces.ContainerDeletionChoosingPolicyTemplate (ContainerDeletionChoosingPolicyTemplate.java:chooseContainerForBlockDeletion(85)) - Chosen 0/5000 blocks from 0 candidate containers.
2023-08-25 08:51:24,958 [EndpointStateMachine task thread for /0.0.0.0:15055 - 0 ] INFO  utils.DatanodeStoreCache (DatanodeStoreCache.java:addDB(66)) - Added db /home/runner/work/ozone/ozone/hadoop-ozone/integration-test/target/test-dir/MiniOzoneClusterImpl-7264bf39-beec-4c8a-bbdc-a469073ec634/datanode-3/data-0/containers/hdds/7264bf39-beec-4c8a-bbdc-a469073ec634/DS-a03aadc7-52eb-4337-8b22-991764a6dda3/container.db to cache
2023-08-25 08:51:24,958 [EndpointStateMachine task thread for /0.0.0.0:15055 - 0 ] INFO  volume.HddsVolume (HddsVolume.java:createDbStore(422)) - SchemaV3 db is created and loaded at /home/runner/work/ozone/ozone/hadoop-ozone/integration-test/target/test-dir/MiniOzoneClusterImpl-7264bf39-beec-4c8a-bbdc-a469073ec634/datanode-3/data-0/containers/hdds/7264bf39-beec-4c8a-bbdc-a469073ec634/DS-a03aadc7-52eb-4337-8b22-991764a6dda3/container.db for volume DS-a03aadc7-52eb-4337-8b22-991764a6dda3
2023-08-25 08:51:24,959 [EndpointStateMachine task thread for /0.0.0.0:15055 - 0 ] INFO  volume.ThrottledAsyncChecker (ThrottledAsyncChecker.java:schedule(141)) - Scheduling a check for /home/runner/work/ozone/ozone/hadoop-ozone/integration-test/target/test-dir/MiniOzoneClusterImpl-7264bf39-beec-4c8a-bbdc-a469073ec634/datanode-3/data-0/containers/hdds
2023-08-25 08:51:24,962 [EndpointStateMachine task thread for /0.0.0.0:15055 - 0 ] INFO  volume.StorageVolumeChecker (StorageVolumeChecker.java:checkAllVolumes(213)) - Scheduled health check for volume /home/runner/work/ozone/ozone/hadoop-ozone/integration-test/target/test-dir/MiniOzoneClusterImpl-7264bf39-beec-4c8a-bbdc-a469073ec634/datanode-3/data-0/containers/hdds
2023-08-25 08:51:24,964 [EndpointStateMachine task thread for /0.0.0.0:15055 - 0 ] INFO  volume.ThrottledAsyncChecker (ThrottledAsyncChecker.java:schedule(141)) - Scheduling a check for /home/runner/work/ozone/ozone/hadoop-ozone/integration-test/target/test-dir/MiniOzoneClusterImpl-7264bf39-beec-4c8a-bbdc-a469073ec634/datanode-3/data/ratis
2023-08-25 08:51:24,964 [EndpointStateMachine task thread for /0.0.0.0:15055 - 0 ] INFO  volume.StorageVolumeChecker (StorageVolumeChecker.java:checkAllVolumes(213)) - Scheduled health check for volume /home/runner/work/ozone/ozone/hadoop-ozone/integration-test/target/test-dir/MiniOzoneClusterImpl-7264bf39-beec-4c8a-bbdc-a469073ec634/datanode-3/data/ratis
2023-08-25 08:51:24,965 [EndpointStateMachine task thread for /0.0.0.0:15055 - 0 ] INFO  ozoneimpl.OzoneContainer (OzoneContainer.java:start(429)) - Attempting to start container services.
2023-08-25 08:51:24,965 [EndpointStateMachine task thread for /0.0.0.0:15055 - 0 ] INFO  ozoneimpl.OzoneContainer (OzoneContainer.java:startContainerScrub(325)) - Scheduled background container scanners and the on-demand container scanner have been disabled.
2023-08-25 08:51:24,966 [EndpointStateMachine task thread for /0.0.0.0:15055 - 0 ] INFO  replication.ReplicationServer (ReplicationServer.java:start(130)) - ReplicationServer is started using port 15096
2023-08-25 08:51:24,966 [EndpointStateMachine task thread for /0.0.0.0:15055 - 0 ] INFO  ratis.XceiverServerRatis (XceiverServerRatis.java:start(517)) - Starting XceiverServerRatis 2dba85f2-5c78-4a39-bcb4-575db37e64e5
2023-08-25 08:51:24,967 [EndpointStateMachine task thread for /0.0.0.0:15055 - 0 ] INFO  server.RaftServer (RaftServerProxy.java:startImpl(400)) - 2dba85f2-5c78-4a39-bcb4-575db37e64e5: start RPC server
2023-08-25 08:51:24,971 [EndpointStateMachine task thread for /0.0.0.0:15055 - 0 ] INFO  server.GrpcService (GrpcService.java:startImpl(302)) - 2dba85f2-5c78-4a39-bcb4-575db37e64e5: GrpcService started, listening on 15092
2023-08-25 08:51:24,972 [EndpointStateMachine task thread for /0.0.0.0:15055 - 0 ] INFO  server.GrpcService (GrpcService.java:startImpl(302)) - 2dba85f2-5c78-4a39-bcb4-575db37e64e5: GrpcService started, listening on 15094
2023-08-25 08:51:24,977 [EndpointStateMachine task thread for /0.0.0.0:15055 - 0 ] INFO  server.GrpcService (GrpcService.java:startImpl(302)) - 2dba85f2-5c78-4a39-bcb4-575db37e64e5: GrpcService started, listening on 15093
2023-08-25 08:51:24,977 [EndpointStateMachine task thread for /0.0.0.0:15055 - 0 ] INFO  ratis.XceiverServerRatis (XceiverServerRatis.java:getRealPort(543)) - XceiverServerRatis 2dba85f2-5c78-4a39-bcb4-575db37e64e5 is started using port 15092 for RATIS
2023-08-25 08:51:24,977 [JvmPauseMonitor12] INFO  util.JvmPauseMonitor (JvmPauseMonitor.java:run(103)) - JvmPauseMonitor-2dba85f2-5c78-4a39-bcb4-575db37e64e5: Started
2023-08-25 08:51:24,977 [EndpointStateMachine task thread for /0.0.0.0:15055 - 0 ] INFO  ratis.XceiverServerRatis (XceiverServerRatis.java:getRealPort(543)) - XceiverServerRatis 2dba85f2-5c78-4a39-bcb4-575db37e64e5 is started using port 15093 for RATIS_ADMIN
2023-08-25 08:51:24,978 [EndpointStateMachine task thread for /0.0.0.0:15055 - 0 ] INFO  ratis.XceiverServerRatis (XceiverServerRatis.java:getRealPort(543)) - XceiverServerRatis 2dba85f2-5c78-4a39-bcb4-575db37e64e5 is started using port 15094 for RATIS_SERVER
2023-08-25 08:51:24,978 [EndpointStateMachine task thread for /0.0.0.0:15055 - 0 ] INFO  ratis.XceiverServerRatis (XceiverServerRatis.java:getRealPort(543)) - XceiverServerRatis 2dba85f2-5c78-4a39-bcb4-575db37e64e5 is started using port 15095 for RATIS_DATASTREAM
2023-08-25 08:51:24,985 [BlockDeletingService#0] INFO  interfaces.ContainerDeletionChoosingPolicyTemplate (ContainerDeletionChoosingPolicyTemplate.java:chooseContainerForBlockDeletion(85)) - Chosen 0/5000 blocks from 0 candidate containers.
2023-08-25 08:51:25,143 [ReplicationMonitor] INFO  replication.ReplicationManager (ReplicationManager.java:processAll(361)) - Replication Manager is not ready to run until 3000ms after safemode exit
2023-08-25 08:51:25,204 [Time-limited test] INFO  ozone.MiniOzoneClusterImpl (MiniOzoneClusterImpl.java:lambda$waitForClusterToBeReady$0(224)) - Waiting for nodes to be ready. Got 0 of 5 DN Heartbeats.
2023-08-25 08:51:25,204 [Time-limited test] INFO  ozone.MiniOzoneClusterImpl (MiniOzoneClusterImpl.java:lambda$waitForClusterToBeReady$0(227)) - Waiting for cluster to exit safe mode
2023-08-25 08:51:25,204 [Time-limited test] INFO  ozone.MiniOzoneClusterImpl (MiniOzoneClusterImpl.java:lambda$waitForClusterToBeReady$0(229)) - SCM became leader
2023-08-25 08:51:25,249 [EndpointStateMachine task thread for /0.0.0.0:15055 - 0 ] INFO  utils.DatanodeStoreCache (DatanodeStoreCache.java:addDB(66)) - Added db /home/runner/work/ozone/ozone/hadoop-ozone/integration-test/target/test-dir/MiniOzoneClusterImpl-7264bf39-beec-4c8a-bbdc-a469073ec634/datanode-4/data-0/containers/hdds/7264bf39-beec-4c8a-bbdc-a469073ec634/DS-89a343b9-4aeb-4786-8869-e49928653694/container.db to cache
2023-08-25 08:51:25,249 [EndpointStateMachine task thread for /0.0.0.0:15055 - 0 ] INFO  volume.HddsVolume (HddsVolume.java:createDbStore(422)) - SchemaV3 db is created and loaded at /home/runner/work/ozone/ozone/hadoop-ozone/integration-test/target/test-dir/MiniOzoneClusterImpl-7264bf39-beec-4c8a-bbdc-a469073ec634/datanode-4/data-0/containers/hdds/7264bf39-beec-4c8a-bbdc-a469073ec634/DS-89a343b9-4aeb-4786-8869-e49928653694/container.db for volume DS-89a343b9-4aeb-4786-8869-e49928653694
2023-08-25 08:51:25,250 [EndpointStateMachine task thread for /0.0.0.0:15055 - 0 ] INFO  volume.ThrottledAsyncChecker (ThrottledAsyncChecker.java:schedule(141)) - Scheduling a check for /home/runner/work/ozone/ozone/hadoop-ozone/integration-test/target/test-dir/MiniOzoneClusterImpl-7264bf39-beec-4c8a-bbdc-a469073ec634/datanode-4/data-0/containers/hdds
2023-08-25 08:51:25,251 [EndpointStateMachine task thread for /0.0.0.0:15055 - 0 ] INFO  volume.StorageVolumeChecker (StorageVolumeChecker.java:checkAllVolumes(213)) - Scheduled health check for volume /home/runner/work/ozone/ozone/hadoop-ozone/integration-test/target/test-dir/MiniOzoneClusterImpl-7264bf39-beec-4c8a-bbdc-a469073ec634/datanode-4/data-0/containers/hdds
2023-08-25 08:51:25,253 [EndpointStateMachine task thread for /0.0.0.0:15055 - 0 ] INFO  volume.ThrottledAsyncChecker (ThrottledAsyncChecker.java:schedule(141)) - Scheduling a check for /home/runner/work/ozone/ozone/hadoop-ozone/integration-test/target/test-dir/MiniOzoneClusterImpl-7264bf39-beec-4c8a-bbdc-a469073ec634/datanode-4/data/ratis
2023-08-25 08:51:25,254 [EndpointStateMachine task thread for /0.0.0.0:15055 - 0 ] INFO  volume.StorageVolumeChecker (StorageVolumeChecker.java:checkAllVolumes(213)) - Scheduled health check for volume /home/runner/work/ozone/ozone/hadoop-ozone/integration-test/target/test-dir/MiniOzoneClusterImpl-7264bf39-beec-4c8a-bbdc-a469073ec634/datanode-4/data/ratis
2023-08-25 08:51:25,255 [EndpointStateMachine task thread for /0.0.0.0:15055 - 0 ] INFO  ozoneimpl.OzoneContainer (OzoneContainer.java:start(429)) - Attempting to start container services.
2023-08-25 08:51:25,255 [EndpointStateMachine task thread for /0.0.0.0:15055 - 0 ] INFO  ozoneimpl.OzoneContainer (OzoneContainer.java:startContainerScrub(325)) - Scheduled background container scanners and the on-demand container scanner have been disabled.
2023-08-25 08:51:25,256 [EndpointStateMachine task thread for /0.0.0.0:15055 - 0 ] INFO  replication.ReplicationServer (ReplicationServer.java:start(130)) - ReplicationServer is started using port 15105
2023-08-25 08:51:25,256 [EndpointStateMachine task thread for /0.0.0.0:15055 - 0 ] INFO  ratis.XceiverServerRatis (XceiverServerRatis.java:start(517)) - Starting XceiverServerRatis 0e5a7e70-4bad-4e07-bed3-bc8780d50e71
2023-08-25 08:51:25,257 [EndpointStateMachine task thread for /0.0.0.0:15055 - 0 ] INFO  server.RaftServer (RaftServerProxy.java:startImpl(400)) - 0e5a7e70-4bad-4e07-bed3-bc8780d50e71: start RPC server
2023-08-25 08:51:25,258 [EndpointStateMachine task thread for /0.0.0.0:15055 - 0 ] INFO  server.GrpcService (GrpcService.java:startImpl(302)) - 0e5a7e70-4bad-4e07-bed3-bc8780d50e71: GrpcService started, listening on 15101
2023-08-25 08:51:25,261 [EndpointStateMachine task thread for /0.0.0.0:15055 - 0 ] INFO  server.GrpcService (GrpcService.java:startImpl(302)) - 0e5a7e70-4bad-4e07-bed3-bc8780d50e71: GrpcService started, listening on 15103
2023-08-25 08:51:25,262 [EndpointStateMachine task thread for /0.0.0.0:15055 - 0 ] INFO  server.GrpcService (GrpcService.java:startImpl(302)) - 0e5a7e70-4bad-4e07-bed3-bc8780d50e71: GrpcService started, listening on 15102
2023-08-25 08:51:25,262 [EndpointStateMachine task thread for /0.0.0.0:15055 - 0 ] INFO  ratis.XceiverServerRatis (XceiverServerRatis.java:getRealPort(543)) - XceiverServerRatis 0e5a7e70-4bad-4e07-bed3-bc8780d50e71 is started using port 15101 for RATIS
2023-08-25 08:51:25,263 [JvmPauseMonitor13] INFO  util.JvmPauseMonitor (JvmPauseMonitor.java:run(103)) - JvmPauseMonitor-0e5a7e70-4bad-4e07-bed3-bc8780d50e71: Started
2023-08-25 08:51:25,263 [EndpointStateMachine task thread for /0.0.0.0:15055 - 0 ] INFO  ratis.XceiverServerRatis (XceiverServerRatis.java:getRealPort(543)) - XceiverServerRatis 0e5a7e70-4bad-4e07-bed3-bc8780d50e71 is started using port 15102 for RATIS_ADMIN
2023-08-25 08:51:25,264 [EndpointStateMachine task thread for /0.0.0.0:15055 - 0 ] INFO  ratis.XceiverServerRatis (XceiverServerRatis.java:getRealPort(543)) - XceiverServerRatis 0e5a7e70-4bad-4e07-bed3-bc8780d50e71 is started using port 15103 for RATIS_SERVER
2023-08-25 08:51:25,264 [EndpointStateMachine task thread for /0.0.0.0:15055 - 0 ] INFO  ratis.XceiverServerRatis (XceiverServerRatis.java:getRealPort(543)) - XceiverServerRatis 0e5a7e70-4bad-4e07-bed3-bc8780d50e71 is started using port 15104 for RATIS_DATASTREAM
2023-08-25 08:51:25,266 [BlockDeletingService#0] INFO  interfaces.ContainerDeletionChoosingPolicyTemplate (ContainerDeletionChoosingPolicyTemplate.java:chooseContainerForBlockDeletion(85)) - Chosen 0/5000 blocks from 0 candidate containers.
2023-08-25 08:51:25,870 [IPC Server handler 17 on default port 15055] INFO  net.NetworkTopologyImpl (NetworkTopologyImpl.java:add(112)) - Added a new node: /default-rack/a3e84a91-4099-49fb-b86e-4b39e7f57019
2023-08-25 08:51:25,871 [IPC Server handler 17 on default port 15055] INFO  node.SCMNodeManager (SCMNodeManager.java:register(405)) - Registered Data node : a3e84a91-4099-49fb-b86e-4b39e7f57019{ip: 10.1.0.19, host: fv-az584-689.msjcyvhqqs1uvpg4fm53wptgqc.jx.internal.cloudapp.net, ports: [HTTP=15062, CLIENT_RPC=15063, REPLICATION=15069, RATIS=15065, RATIS_ADMIN=15066, RATIS_SERVER=15067, RATIS_DATASTREAM=15068, STANDALONE=15064], networkLocation: /default-rack, certSerialId: null, persistedOpState: null, persistedOpStateExpiryEpochSec: 0}
2023-08-25 08:51:25,874 [EventQueue-NodeRegistrationContainerReportForContainerSafeModeRule] INFO  safemode.SCMSafeModeManager (SCMSafeModeManager.java:validateSafeModeExitRules(200)) - ContainerSafeModeRule rule is successfully validated
2023-08-25 08:51:25,875 [EventQueue-NodeRegistrationContainerReportForDataNodeSafeModeRule] INFO  safemode.SCMSafeModeManager (DataNodeSafeModeRule.java:process(71)) - SCM in safe mode. 1 DataNodes registered, 3 required.
2023-08-25 08:51:25,876 [EventQueue-PipelineReportForOneReplicaPipelineSafeModeRule] INFO  safemode.SCMSafeModeManager (SCMSafeModeManager.java:validateSafeModeExitRules(200)) - AtleastOneDatanodeReportedRule rule is successfully validated
2023-08-25 08:51:25,879 [EventQueue-NewNodeForNewNodeHandler] INFO  pipeline.BackgroundPipelineCreator (BackgroundPipelineCreator.java:notifyEventTriggered(277)) - trigger a one-shot run on RatisPipelineUtilsThread.
2023-08-25 08:51:25,879 [RatisPipelineUtilsThread - 0] INFO  pipeline.RatisPipelineProvider (RatisPipelineProvider.java:lambda$create$0(206)) - Sending CreatePipelineCommand for pipeline:PipelineID=16aa9c39-cfd2-48af-bea2-72396b088558 to datanode:a3e84a91-4099-49fb-b86e-4b39e7f57019
2023-08-25 08:51:25,880 [RatisPipelineUtilsThread - 0] INFO  pipeline.BackgroundPipelineCreator (BackgroundPipelineCreator.java:createPipelines(233)) - Created new pipeline Pipeline[ Id: 16aa9c39-cfd2-48af-bea2-72396b088558, Nodes: a3e84a91-4099-49fb-b86e-4b39e7f57019(fv-az584-689.msjcyvhqqs1uvpg4fm53wptgqc.jx.internal.cloudapp.net/10.1.0.19), ReplicationConfig: RATIS/ONE, State:ALLOCATED, leaderId:, CreationTimestamp2023-08-25T08:51:25.879Z[Etc/UTC]]
2023-08-25 08:51:26,146 [ReplicationMonitor] INFO  replication.ReplicationManager (ReplicationManager.java:processAll(361)) - Replication Manager is not ready to run until 3000ms after safemode exit
2023-08-25 08:51:26,193 [IPC Server handler 16 on default port 15055] INFO  net.NetworkTopologyImpl (NetworkTopologyImpl.java:add(112)) - Added a new node: /default-rack/b786fb5c-5e67-4c82-ab21-01f7c3e13abe
2023-08-25 08:51:26,193 [IPC Server handler 16 on default port 15055] INFO  node.SCMNodeManager (SCMNodeManager.java:register(405)) - Registered Data node : b786fb5c-5e67-4c82-ab21-01f7c3e13abe{ip: 10.1.0.19, host: fv-az584-689.msjcyvhqqs1uvpg4fm53wptgqc.jx.internal.cloudapp.net, ports: [HTTP=15071, CLIENT_RPC=15072, REPLICATION=15078, RATIS=15074, RATIS_ADMIN=15075, RATIS_SERVER=15076, RATIS_DATASTREAM=15077, STANDALONE=15073], networkLocation: /default-rack, certSerialId: null, persistedOpState: null, persistedOpStateExpiryEpochSec: 0}
2023-08-25 08:51:26,193 [EventQueue-NewNodeForNewNodeHandler] INFO  pipeline.BackgroundPipelineCreator (BackgroundPipelineCreator.java:notifyEventTriggered(277)) - trigger a one-shot run on RatisPipelineUtilsThread.
2023-08-25 08:51:26,195 [EventQueue-NodeRegistrationContainerReportForDataNodeSafeModeRule] INFO  safemode.SCMSafeModeManager (DataNodeSafeModeRule.java:process(71)) - SCM in safe mode. 2 DataNodes registered, 3 required.
2023-08-25 08:51:26,196 [RatisPipelineUtilsThread - 0] INFO  pipeline.RatisPipelineProvider (RatisPipelineProvider.java:lambda$create$0(206)) - Sending CreatePipelineCommand for pipeline:PipelineID=2e32392c-10ef-4930-8a1d-17b64efc06d6 to datanode:b786fb5c-5e67-4c82-ab21-01f7c3e13abe
2023-08-25 08:51:26,197 [RatisPipelineUtilsThread - 0] INFO  pipeline.BackgroundPipelineCreator (BackgroundPipelineCreator.java:createPipelines(233)) - Created new pipeline Pipeline[ Id: 2e32392c-10ef-4930-8a1d-17b64efc06d6, Nodes: b786fb5c-5e67-4c82-ab21-01f7c3e13abe(fv-az584-689.msjcyvhqqs1uvpg4fm53wptgqc.jx.internal.cloudapp.net/10.1.0.19), ReplicationConfig: RATIS/ONE, State:ALLOCATED, leaderId:, CreationTimestamp2023-08-25T08:51:26.196Z[Etc/UTC]]
2023-08-25 08:51:26,205 [Time-limited test] INFO  ozone.MiniOzoneClusterImpl (MiniOzoneClusterImpl.java:lambda$waitForClusterToBeReady$0(224)) - Waiting for nodes to be ready. Got 2 of 5 DN Heartbeats.
2023-08-25 08:51:26,205 [Time-limited test] INFO  ozone.MiniOzoneClusterImpl (MiniOzoneClusterImpl.java:lambda$waitForClusterToBeReady$0(227)) - Waiting for cluster to exit safe mode
2023-08-25 08:51:26,205 [Time-limited test] INFO  ozone.MiniOzoneClusterImpl (MiniOzoneClusterImpl.java:lambda$waitForClusterToBeReady$0(229)) - SCM became leader
2023-08-25 08:51:26,577 [IPC Server handler 17 on default port 15055] INFO  net.NetworkTopologyImpl (NetworkTopologyImpl.java:add(112)) - Added a new node: /default-rack/e3412ff5-1f34-4b2f-8351-e8decf81f5b3
2023-08-25 08:51:26,577 [IPC Server handler 17 on default port 15055] INFO  node.SCMNodeManager (SCMNodeManager.java:register(405)) - Registered Data node : e3412ff5-1f34-4b2f-8351-e8decf81f5b3{ip: 10.1.0.19, host: fv-az584-689.msjcyvhqqs1uvpg4fm53wptgqc.jx.internal.cloudapp.net, ports: [HTTP=15080, CLIENT_RPC=15081, REPLICATION=15087, RATIS=15083, RATIS_ADMIN=15084, RATIS_SERVER=15085, RATIS_DATASTREAM=15086, STANDALONE=15082], networkLocation: /default-rack, certSerialId: null, persistedOpState: null, persistedOpStateExpiryEpochSec: 0}
2023-08-25 08:51:26,577 [EventQueue-NewNodeForNewNodeHandler] INFO  pipeline.BackgroundPipelineCreator (BackgroundPipelineCreator.java:notifyEventTriggered(277)) - trigger a one-shot run on RatisPipelineUtilsThread.
2023-08-25 08:51:26,577 [EventQueue-NodeRegistrationContainerReportForDataNodeSafeModeRule] INFO  safemode.SCMSafeModeManager (DataNodeSafeModeRule.java:process(71)) - SCM in safe mode. 3 DataNodes registered, 3 required.
2023-08-25 08:51:26,578 [EventQueue-NodeRegistrationContainerReportForDataNodeSafeModeRule] INFO  safemode.SCMSafeModeManager (SCMSafeModeManager.java:validateSafeModeExitRules(200)) - DataNodeSafeModeRule rule is successfully validated
2023-08-25 08:51:26,578 [EventQueue-NodeRegistrationContainerReportForDataNodeSafeModeRule] INFO  safemode.SCMSafeModeManager (SCMSafeModeManager.java:completePreCheck(229)) - All SCM safe mode pre check rules have passed
2023-08-25 08:51:26,578 [EventQueue-NodeRegistrationContainerReportForDataNodeSafeModeRule] INFO  ha.SCMContext (SCMContext.java:updateSafeModeStatus(228)) - Update SafeModeStatus from SafeModeStatus{safeModeStatus=true, preCheckPassed=false} to SafeModeStatus{safeModeStatus=true, preCheckPassed=true}.
2023-08-25 08:51:26,578 [EventQueue-NodeRegistrationContainerReportForDataNodeSafeModeRule] INFO  pipeline.BackgroundPipelineCreator (BackgroundPipelineCreator.java:notifyEventTriggered(277)) - trigger a one-shot run on RatisPipelineUtilsThread.
2023-08-25 08:51:26,578 [RatisPipelineUtilsThread - 0] INFO  pipeline.RatisPipelineProvider (RatisPipelineProvider.java:lambda$create$0(206)) - Sending CreatePipelineCommand for pipeline:PipelineID=2ec6f0b0-5bea-45c4-87d5-eaeba5388b5b to datanode:e3412ff5-1f34-4b2f-8351-e8decf81f5b3
2023-08-25 08:51:26,579 [RatisPipelineUtilsThread - 0] INFO  pipeline.BackgroundPipelineCreator (BackgroundPipelineCreator.java:createPipelines(233)) - Created new pipeline Pipeline[ Id: 2ec6f0b0-5bea-45c4-87d5-eaeba5388b5b, Nodes: e3412ff5-1f34-4b2f-8351-e8decf81f5b3(fv-az584-689.msjcyvhqqs1uvpg4fm53wptgqc.jx.internal.cloudapp.net/10.1.0.19), ReplicationConfig: RATIS/ONE, State:ALLOCATED, leaderId:, CreationTimestamp2023-08-25T08:51:26.578Z[Etc/UTC]]
2023-08-25 08:51:26,579 [RatisPipelineUtilsThread - 0] INFO  pipeline.RatisPipelineProvider (RatisPipelineProvider.java:lambda$create$0(206)) - Sending CreatePipelineCommand for pipeline:PipelineID=e255e297-f576-47c6-be75-8568cf4000d9 to datanode:b786fb5c-5e67-4c82-ab21-01f7c3e13abe
2023-08-25 08:51:26,579 [RatisPipelineUtilsThread - 0] INFO  pipeline.RatisPipelineProvider (RatisPipelineProvider.java:lambda$create$0(206)) - Sending CreatePipelineCommand for pipeline:PipelineID=e255e297-f576-47c6-be75-8568cf4000d9 to datanode:a3e84a91-4099-49fb-b86e-4b39e7f57019
2023-08-25 08:51:26,579 [RatisPipelineUtilsThread - 0] INFO  pipeline.RatisPipelineProvider (RatisPipelineProvider.java:lambda$create$0(206)) - Sending CreatePipelineCommand for pipeline:PipelineID=e255e297-f576-47c6-be75-8568cf4000d9 to datanode:e3412ff5-1f34-4b2f-8351-e8decf81f5b3
2023-08-25 08:51:26,580 [RatisPipelineUtilsThread - 0] INFO  pipeline.BackgroundPipelineCreator (BackgroundPipelineCreator.java:createPipelines(233)) - Created new pipeline Pipeline[ Id: e255e297-f576-47c6-be75-8568cf4000d9, Nodes: b786fb5c-5e67-4c82-ab21-01f7c3e13abe(fv-az584-689.msjcyvhqqs1uvpg4fm53wptgqc.jx.internal.cloudapp.net/10.1.0.19)a3e84a91-4099-49fb-b86e-4b39e7f57019(fv-az584-689.msjcyvhqqs1uvpg4fm53wptgqc.jx.internal.cloudapp.net/10.1.0.19)e3412ff5-1f34-4b2f-8351-e8decf81f5b3(fv-az584-689.msjcyvhqqs1uvpg4fm53wptgqc.jx.internal.cloudapp.net/10.1.0.19), ReplicationConfig: RATIS/THREE, State:ALLOCATED, leaderId:, CreationTimestamp2023-08-25T08:51:26.579Z[Etc/UTC]]
2023-08-25 08:51:26,581 [RatisPipelineUtilsThread - 0] INFO  pipeline.RatisPipelineProvider (RatisPipelineProvider.java:lambda$create$0(206)) - Sending CreatePipelineCommand for pipeline:PipelineID=107e6e47-b92c-4fc5-8804-fd0441190f8a to datanode:b786fb5c-5e67-4c82-ab21-01f7c3e13abe
2023-08-25 08:51:26,581 [RatisPipelineUtilsThread - 0] INFO  pipeline.RatisPipelineProvider (RatisPipelineProvider.java:lambda$create$0(206)) - Sending CreatePipelineCommand for pipeline:PipelineID=107e6e47-b92c-4fc5-8804-fd0441190f8a to datanode:a3e84a91-4099-49fb-b86e-4b39e7f57019
2023-08-25 08:51:26,581 [RatisPipelineUtilsThread - 0] INFO  pipeline.RatisPipelineProvider (RatisPipelineProvider.java:lambda$create$0(206)) - Sending CreatePipelineCommand for pipeline:PipelineID=107e6e47-b92c-4fc5-8804-fd0441190f8a to datanode:e3412ff5-1f34-4b2f-8351-e8decf81f5b3
2023-08-25 08:51:26,582 [RatisPipelineUtilsThread - 0] INFO  pipeline.PipelineManagerImpl (PipelineManagerImpl.java:recordMetricsForPipeline(914)) - Pipeline: PipelineID=107e6e47-b92c-4fc5-8804-fd0441190f8a contains same datanodes as previous pipelines: PipelineID=e255e297-f576-47c6-be75-8568cf4000d9 nodeIds: b786fb5c-5e67-4c82-ab21-01f7c3e13abe, a3e84a91-4099-49fb-b86e-4b39e7f57019, e3412ff5-1f34-4b2f-8351-e8decf81f5b3
2023-08-25 08:51:26,582 [RatisPipelineUtilsThread - 0] INFO  pipeline.BackgroundPipelineCreator (BackgroundPipelineCreator.java:createPipelines(233)) - Created new pipeline Pipeline[ Id: 107e6e47-b92c-4fc5-8804-fd0441190f8a, Nodes: b786fb5c-5e67-4c82-ab21-01f7c3e13abe(fv-az584-689.msjcyvhqqs1uvpg4fm53wptgqc.jx.internal.cloudapp.net/10.1.0.19)a3e84a91-4099-49fb-b86e-4b39e7f57019(fv-az584-689.msjcyvhqqs1uvpg4fm53wptgqc.jx.internal.cloudapp.net/10.1.0.19)e3412ff5-1f34-4b2f-8351-e8decf81f5b3(fv-az584-689.msjcyvhqqs1uvpg4fm53wptgqc.jx.internal.cloudapp.net/10.1.0.19), ReplicationConfig: RATIS/THREE, State:ALLOCATED, leaderId:, CreationTimestamp2023-08-25T08:51:26.581Z[Etc/UTC]]
2023-08-25 08:51:26,582 [RatisPipelineUtilsThread - 0] WARN  pipeline.PipelinePlacementPolicy (PipelinePlacementPolicy.java:filterViableNodes(166)) - Pipeline creation failed due to no sufficient healthy datanodes. Required 3. Found 0. Excluded 3.
2023-08-25 08:51:26,583 [RatisPipelineUtilsThread - 0] WARN  pipeline.PipelinePlacementPolicy (PipelinePlacementPolicy.java:filterViableNodes(166)) - Pipeline creation failed due to no sufficient healthy datanodes. Required 3. Found 0. Excluded 3.
2023-08-25 08:51:26,900 [IPC Server handler 18 on default port 15055] INFO  net.NetworkTopologyImpl (NetworkTopologyImpl.java:add(112)) - Added a new node: /default-rack/2dba85f2-5c78-4a39-bcb4-575db37e64e5
2023-08-25 08:51:26,900 [IPC Server handler 18 on default port 15055] INFO  node.SCMNodeManager (SCMNodeManager.java:register(405)) - Registered Data node : 2dba85f2-5c78-4a39-bcb4-575db37e64e5{ip: 10.1.0.19, host: fv-az584-689.msjcyvhqqs1uvpg4fm53wptgqc.jx.internal.cloudapp.net, ports: [HTTP=15089, CLIENT_RPC=15090, REPLICATION=15096, RATIS=15092, RATIS_ADMIN=15093, RATIS_SERVER=15094, RATIS_DATASTREAM=15095, STANDALONE=15091], networkLocation: /default-rack, certSerialId: null, persistedOpState: null, persistedOpStateExpiryEpochSec: 0}
2023-08-25 08:51:26,900 [EventQueue-NewNodeForNewNodeHandler] INFO  pipeline.BackgroundPipelineCreator (BackgroundPipelineCreator.java:notifyEventTriggered(277)) - trigger a one-shot run on RatisPipelineUtilsThread.
2023-08-25 08:51:26,901 [RatisPipelineUtilsThread - 0] INFO  pipeline.RatisPipelineProvider (RatisPipelineProvider.java:lambda$create$0(206)) - Sending CreatePipelineCommand for pipeline:PipelineID=d4e8f10c-aca5-4a4d-8ef2-e365909e19ad to datanode:2dba85f2-5c78-4a39-bcb4-575db37e64e5
2023-08-25 08:51:26,902 [RatisPipelineUtilsThread - 0] INFO  pipeline.BackgroundPipelineCreator (BackgroundPipelineCreator.java:createPipelines(233)) - Created new pipeline Pipeline[ Id: d4e8f10c-aca5-4a4d-8ef2-e365909e19ad, Nodes: 2dba85f2-5c78-4a39-bcb4-575db37e64e5(fv-az584-689.msjcyvhqqs1uvpg4fm53wptgqc.jx.internal.cloudapp.net/10.1.0.19), ReplicationConfig: RATIS/ONE, State:ALLOCATED, leaderId:, CreationTimestamp2023-08-25T08:51:26.901Z[Etc/UTC]]
2023-08-25 08:51:26,903 [RatisPipelineUtilsThread - 0] WARN  pipeline.PipelinePlacementPolicy (PipelinePlacementPolicy.java:filterViableNodes(166)) - Pipeline creation failed due to no sufficient healthy datanodes. Required 3. Found 1. Excluded 3.
2023-08-25 08:51:27,146 [ReplicationMonitor] INFO  replication.ReplicationManager (ReplicationManager.java:processAll(361)) - Replication Manager is not ready to run until 3000ms after safemode exit
2023-08-25 08:51:27,205 [Time-limited test] INFO  ozone.MiniOzoneClusterImpl (MiniOzoneClusterImpl.java:lambda$waitForClusterToBeReady$0(224)) - Waiting for nodes to be ready. Got 4 of 5 DN Heartbeats.
2023-08-25 08:51:27,205 [Time-limited test] INFO  ozone.MiniOzoneClusterImpl (MiniOzoneClusterImpl.java:lambda$waitForClusterToBeReady$0(227)) - Waiting for cluster to exit safe mode
2023-08-25 08:51:27,205 [Time-limited test] INFO  ozone.MiniOzoneClusterImpl (MiniOzoneClusterImpl.java:lambda$waitForClusterToBeReady$0(229)) - SCM became leader
2023-08-25 08:51:27,211 [IPC Server handler 19 on default port 15055] INFO  net.NetworkTopologyImpl (NetworkTopologyImpl.java:add(112)) - Added a new node: /default-rack/0e5a7e70-4bad-4e07-bed3-bc8780d50e71
2023-08-25 08:51:27,211 [IPC Server handler 19 on default port 15055] INFO  node.SCMNodeManager (SCMNodeManager.java:register(405)) - Registered Data node : 0e5a7e70-4bad-4e07-bed3-bc8780d50e71{ip: 10.1.0.19, host: fv-az584-689.msjcyvhqqs1uvpg4fm53wptgqc.jx.internal.cloudapp.net, ports: [HTTP=15098, CLIENT_RPC=15099, REPLICATION=15105, RATIS=15101, RATIS_ADMIN=15102, RATIS_SERVER=15103, RATIS_DATASTREAM=15104, STANDALONE=15100], networkLocation: /default-rack, certSerialId: null, persistedOpState: null, persistedOpStateExpiryEpochSec: 0}
2023-08-25 08:51:27,211 [EventQueue-NewNodeForNewNodeHandler] INFO  pipeline.BackgroundPipelineCreator (BackgroundPipelineCreator.java:notifyEventTriggered(277)) - trigger a one-shot run on RatisPipelineUtilsThread.
2023-08-25 08:51:27,215 [RatisPipelineUtilsThread - 0] INFO  pipeline.RatisPipelineProvider (RatisPipelineProvider.java:lambda$create$0(206)) - Sending CreatePipelineCommand for pipeline:PipelineID=85d65a51-6536-4c1e-991c-4f5c45291203 to datanode:0e5a7e70-4bad-4e07-bed3-bc8780d50e71
2023-08-25 08:51:27,216 [RatisPipelineUtilsThread - 0] INFO  pipeline.BackgroundPipelineCreator (BackgroundPipelineCreator.java:createPipelines(233)) - Created new pipeline Pipeline[ Id: 85d65a51-6536-4c1e-991c-4f5c45291203, Nodes: 0e5a7e70-4bad-4e07-bed3-bc8780d50e71(fv-az584-689.msjcyvhqqs1uvpg4fm53wptgqc.jx.internal.cloudapp.net/10.1.0.19), ReplicationConfig: RATIS/ONE, State:ALLOCATED, leaderId:, CreationTimestamp2023-08-25T08:51:27.215Z[Etc/UTC]]
2023-08-25 08:51:27,216 [RatisPipelineUtilsThread - 0] WARN  pipeline.PipelinePlacementPolicy (PipelinePlacementPolicy.java:filterViableNodes(166)) - Pipeline creation failed due to no sufficient healthy datanodes. Required 3. Found 2. Excluded 3.
2023-08-25 08:51:28,146 [ReplicationMonitor] INFO  replication.ReplicationManager (ReplicationManager.java:processAll(361)) - Replication Manager is not ready to run until 3000ms after safemode exit
2023-08-25 08:51:28,205 [Time-limited test] INFO  ozone.MiniOzoneClusterImpl (MiniOzoneClusterImpl.java:lambda$waitForClusterToBeReady$0(224)) - Nodes are ready. Got 5 of 5 DN Heartbeats.
2023-08-25 08:51:28,206 [Time-limited test] INFO  ozone.MiniOzoneClusterImpl (MiniOzoneClusterImpl.java:lambda$waitForClusterToBeReady$0(227)) - Waiting for cluster to exit safe mode
2023-08-25 08:51:28,206 [Time-limited test] INFO  ozone.MiniOzoneClusterImpl (MiniOzoneClusterImpl.java:lambda$waitForClusterToBeReady$0(229)) - SCM became leader
2023-08-25 08:51:28,871 [PipelineCommandHandlerThread-0] INFO  server.RaftServer (RaftServerProxy.java:addNew(98)) - a3e84a91-4099-49fb-b86e-4b39e7f57019: addNew group-72396B088558:[a3e84a91-4099-49fb-b86e-4b39e7f57019|rpc:10.1.0.19:15067|admin:10.1.0.19:15066|client:10.1.0.19:15065|dataStream:10.1.0.19:15068|priority:1|startupRole:FOLLOWER] returns group-72396B088558:java.util.concurrent.CompletableFuture@212ad346[Not completed]
2023-08-25 08:51:28,873 [a3e84a91-4099-49fb-b86e-4b39e7f57019-groupManagement] INFO  server.RaftServer$Division (RaftServerImpl.java:<init>(198)) - a3e84a91-4099-49fb-b86e-4b39e7f57019: new RaftServerImpl for group-72396B088558:[a3e84a91-4099-49fb-b86e-4b39e7f57019|rpc:10.1.0.19:15067|admin:10.1.0.19:15066|client:10.1.0.19:15065|dataStream:10.1.0.19:15068|priority:1|startupRole:FOLLOWER] with ContainerStateMachine:uninitialized
2023-08-25 08:51:28,873 [a3e84a91-4099-49fb-b86e-4b39e7f57019-groupManagement] INFO  server.RaftServerConfigKeys (ConfUtils.java:logGet(46)) - raft.server.rpc.timeout.min = 5s (custom)
2023-08-25 08:51:28,873 [a3e84a91-4099-49fb-b86e-4b39e7f57019-groupManagement] INFO  server.RaftServerConfigKeys (ConfUtils.java:logGet(46)) - raft.server.rpc.timeout.max = 5200ms (custom)
2023-08-25 08:51:28,873 [a3e84a91-4099-49fb-b86e-4b39e7f57019-groupManagement] INFO  server.RaftServerConfigKeys (ConfUtils.java:logGet(46)) - raft.server.rpc.sleep.time = 25ms (default)
2023-08-25 08:51:28,873 [a3e84a91-4099-49fb-b86e-4b39e7f57019-groupManagement] INFO  server.RaftServerConfigKeys (ConfUtils.java:logGet(46)) - raft.server.rpc.slowness.timeout = 300s (custom)
2023-08-25 08:51:28,873 [a3e84a91-4099-49fb-b86e-4b39e7f57019-groupManagement] INFO  server.RaftServerConfigKeys (ConfUtils.java:logGet(46)) - raft.server.leaderelection.leader.step-down.wait-time = 10s (default)
2023-08-25 08:51:28,873 [a3e84a91-4099-49fb-b86e-4b39e7f57019-groupManagement] INFO  server.RaftServerConfigKeys (ConfUtils.java:logGet(46)) - raft.server.sleep.deviation.threshold = 300ms (default)
2023-08-25 08:51:28,873 [a3e84a91-4099-49fb-b86e-4b39e7f57019-groupManagement] INFO  server.RaftServer$Division (ServerState.java:<init>(120)) - a3e84a91-4099-49fb-b86e-4b39e7f57019@group-72396B088558: ConfigurationManager, init=-1: peers:[a3e84a91-4099-49fb-b86e-4b39e7f57019|rpc:10.1.0.19:15067|admin:10.1.0.19:15066|client:10.1.0.19:15065|dataStream:10.1.0.19:15068|priority:1|startupRole:FOLLOWER]|listeners:[], old=null, confs=<EMPTY_MAP>
2023-08-25 08:51:28,873 [a3e84a91-4099-49fb-b86e-4b39e7f57019-groupManagement] INFO  server.RaftServerConfigKeys (ConfUtils.java:logGet(46)) - raft.server.storage.dir = [/home/runner/work/ozone/ozone/hadoop-ozone/integration-test/target/test-dir/MiniOzoneClusterImpl-7264bf39-beec-4c8a-bbdc-a469073ec634/datanode-0/data/ratis] (custom)
2023-08-25 08:51:28,873 [a3e84a91-4099-49fb-b86e-4b39e7f57019-groupManagement] INFO  server.RaftServerConfigKeys (ConfUtils.java:logGet(46)) - raft.server.log.corruption.policy = EXCEPTION (default)
2023-08-25 08:51:28,874 [a3e84a91-4099-49fb-b86e-4b39e7f57019-groupManagement] INFO  server.RaftServerConfigKeys (ConfUtils.java:logGet(46)) - raft.server.storage.free-space.min = 0MB (=0) (default)
2023-08-25 08:51:28,874 [a3e84a91-4099-49fb-b86e-4b39e7f57019-groupManagement] INFO  server.RaftServerConfigKeys (ConfUtils.java:logGet(46)) - raft.server.notification.no-leader.timeout = 300s (custom)
2023-08-25 08:51:28,874 [a3e84a91-4099-49fb-b86e-4b39e7f57019-groupManagement] INFO  server.RaftServerConfigKeys (ConfUtils.java:logGet(46)) - raft.server.read.timeout = 10s (default)
2023-08-25 08:51:28,874 [a3e84a91-4099-49fb-b86e-4b39e7f57019-groupManagement] INFO  server.RaftServerConfigKeys (ConfUtils.java:logGet(46)) - raft.server.retrycache.expirytime = 600000ms (custom)
2023-08-25 08:51:28,874 [a3e84a91-4099-49fb-b86e-4b39e7f57019-groupManagement] INFO  server.RaftServerConfigKeys (ConfUtils.java:logGet(46)) - raft.server.retrycache.statistics.expirytime = 100μs (default)
2023-08-25 08:51:28,874 [a3e84a91-4099-49fb-b86e-4b39e7f57019-groupManagement] INFO  server.RaftServerConfigKeys (ConfUtils.java:logGet(46)) - raft.server.read.option = DEFAULT (default)
2023-08-25 08:51:28,876 [a3e84a91-4099-49fb-b86e-4b39e7f57019-groupManagement] INFO  server.RaftServerConfigKeys (ConfUtils.java:logGet(46)) - raft.server.rpc.request.timeout = 60s (custom)
2023-08-25 08:51:28,876 [a3e84a91-4099-49fb-b86e-4b39e7f57019-groupManagement] INFO  server.RaftServerConfigKeys (ConfUtils.java:logGet(46)) - raft.server.log.appender.install.snapshot.enabled = false (custom)
2023-08-25 08:51:28,876 [a3e84a91-4099-49fb-b86e-4b39e7f57019-groupManagement] INFO  server.RaftServerConfigKeys (ConfUtils.java:logGet(46)) - raft.server.threadpool.server.cached = true (default)
2023-08-25 08:51:28,876 [a3e84a91-4099-49fb-b86e-4b39e7f57019-groupManagement] INFO  server.RaftServerConfigKeys (ConfUtils.java:logGet(46)) - raft.server.threadpool.server.size = 0 (default)
2023-08-25 08:51:28,876 [a3e84a91-4099-49fb-b86e-4b39e7f57019-groupManagement] INFO  server.RaftServerConfigKeys (ConfUtils.java:logGet(46)) - raft.server.threadpool.client.cached = true (default)
2023-08-25 08:51:28,876 [a3e84a91-4099-49fb-b86e-4b39e7f57019-groupManagement] INFO  server.RaftServerConfigKeys (ConfUtils.java:logGet(46)) - raft.server.threadpool.client.size = 0 (default)
2023-08-25 08:51:28,876 [a3e84a91-4099-49fb-b86e-4b39e7f57019-groupManagement] INFO  storage.RaftStorageDirectory (RaftStorageDirectoryImpl.java:analyzeStorage(137)) - The storage directory /home/runner/work/ozone/ozone/hadoop-ozone/integration-test/target/test-dir/MiniOzoneClusterImpl-7264bf39-beec-4c8a-bbdc-a469073ec634/datanode-0/data/ratis/16aa9c39-cfd2-48af-bea2-72396b088558 does not exist. Creating ...
2023-08-25 08:51:28,878 [a3e84a91-4099-49fb-b86e-4b39e7f57019-groupManagement] INFO  storage.RaftStorageDirectory (RaftStorageDirectoryImpl.java:tryLock(231)) - Lock on /home/runner/work/ozone/ozone/hadoop-ozone/integration-test/target/test-dir/MiniOzoneClusterImpl-7264bf39-beec-4c8a-bbdc-a469073ec634/datanode-0/data/ratis/16aa9c39-cfd2-48af-bea2-72396b088558/in_use.lock acquired by nodename 30217@fv-az584-689
2023-08-25 08:51:28,880 [a3e84a91-4099-49fb-b86e-4b39e7f57019-groupManagement] INFO  storage.RaftStorage (RaftStorageImpl.java:format(96)) - Storage directory /home/runner/work/ozone/ozone/hadoop-ozone/integration-test/target/test-dir/MiniOzoneClusterImpl-7264bf39-beec-4c8a-bbdc-a469073ec634/datanode-0/data/ratis/16aa9c39-cfd2-48af-bea2-72396b088558 has been successfully formatted.
2023-08-25 08:51:28,881 [a3e84a91-4099-49fb-b86e-4b39e7f57019-groupManagement] INFO  ratis.ContainerStateMachine (ContainerStateMachine.java:loadSnapshot(262)) - group-72396B088558: The snapshot info is null. Setting the last applied indexto:(t:0, i:~)
2023-08-25 08:51:28,881 [a3e84a91-4099-49fb-b86e-4b39e7f57019-groupManagement] INFO  server.RaftServerConfigKeys (ConfUtils.java:logGet(46)) - raft.server.log.use.memory = false (default)
2023-08-25 08:51:28,881 [a3e84a91-4099-49fb-b86e-4b39e7f57019-groupManagement] INFO  server.RaftServerConfigKeys (ConfUtils.java:logGet(46)) - raft.server.log.purge.gap = 1000000 (custom)
2023-08-25 08:51:28,881 [a3e84a91-4099-49fb-b86e-4b39e7f57019-groupManagement] INFO  server.RaftServerConfigKeys (ConfUtils.java:logGet(46)) - raft.server.log.appender.buffer.byte-limit = 33554432 (custom)
2023-08-25 08:51:28,882 [a3e84a91-4099-49fb-b86e-4b39e7f57019-groupManagement] INFO  server.RaftServerConfigKeys (ConfUtils.java:logGet(46)) - raft.server.log.statemachine.data.read.timeout = 1000ms (default)
2023-08-25 08:51:28,883 [a3e84a91-4099-49fb-b86e-4b39e7f57019-groupManagement] INFO  server.RaftServerConfigKeys (ConfUtils.java:logGet(46)) - raft.server.log.purge.preservation.log.num = 0 (default)
2023-08-25 08:51:28,883 [a3e84a91-4099-49fb-b86e-4b39e7f57019-groupManagement] INFO  server.RaftServerConfigKeys (ConfUtils.java:logGet(46)) - raft.server.log.segment.size.max = 1048576 (custom)
2023-08-25 08:51:28,883 [EventQueue-PipelineReportForPipelineReportHandler] INFO  pipeline.PipelineReportHandler (PipelineReportHandler.java:processPipelineReport(136)) - Opened pipeline PipelineID=16aa9c39-cfd2-48af-bea2-72396b088558
2023-08-25 08:51:28,885 [a3e84a91-4099-49fb-b86e-4b39e7f57019-groupManagement] INFO  server.RaftServerConfigKeys (ConfUtils.java:logGet(46)) - raft.server.log.segment.cache.num.max = 2 (custom)
2023-08-25 08:51:28,885 [a3e84a91-4099-49fb-b86e-4b39e7f57019-groupManagement] INFO  server.RaftServerConfigKeys (ConfUtils.java:logGet(46)) - raft.server.log.segment.cache.size.max = 200MB (=209715200) (default)
2023-08-25 08:51:28,885 [a3e84a91-4099-49fb-b86e-4b39e7f57019-groupManagement] INFO  server.RaftServerConfigKeys (ConfUtils.java:logGet(46)) - raft.server.log.appender.buffer.byte-limit = 33554432 (custom)
2023-08-25 08:51:28,885 [a3e84a91-4099-49fb-b86e-4b39e7f57019-groupManagement] INFO  segmented.SegmentedRaftLogWorker (SegmentedRaftLogWorker.java:<init>(188)) - new a3e84a91-4099-49fb-b86e-4b39e7f57019@group-72396B088558-SegmentedRaftLogWorker for RaftStorageImpl:Storage Directory /home/runner/work/ozone/ozone/hadoop-ozone/integration-test/target/test-dir/MiniOzoneClusterImpl-7264bf39-beec-4c8a-bbdc-a469073ec634/datanode-0/data/ratis/16aa9c39-cfd2-48af-bea2-72396b088558
2023-08-25 08:51:28,885 [a3e84a91-4099-49fb-b86e-4b39e7f57019-groupManagement] INFO  server.RaftServerConfigKeys (ConfUtils.java:logGet(46)) - raft.server.log.queue.byte-limit = 4294967296 (custom)
2023-08-25 08:51:28,885 [a3e84a91-4099-49fb-b86e-4b39e7f57019-groupManagement] INFO  server.RaftServerConfigKeys (ConfUtils.java:logGet(46)) - raft.server.log.queue.element-limit = 1024 (custom)
2023-08-25 08:51:28,885 [a3e84a91-4099-49fb-b86e-4b39e7f57019-groupManagement] INFO  server.RaftServerConfigKeys (ConfUtils.java:logGet(46)) - raft.server.log.segment.size.max = 1048576 (custom)
2023-08-25 08:51:28,885 [a3e84a91-4099-49fb-b86e-4b39e7f57019-groupManagement] INFO  server.RaftServerConfigKeys (ConfUtils.java:logGet(46)) - raft.server.log.preallocated.size = 16384 (custom)
2023-08-25 08:51:28,885 [a3e84a91-4099-49fb-b86e-4b39e7f57019-groupManagement] INFO  server.RaftServerConfigKeys (ConfUtils.java:logGet(46)) - raft.server.log.force.sync.num = 128 (default)
2023-08-25 08:51:28,886 [a3e84a91-4099-49fb-b86e-4b39e7f57019-groupManagement] INFO  server.RaftServerConfigKeys (ConfUtils.java:logGet(46)) - raft.server.log.statemachine.data.sync = true (default)
2023-08-25 08:51:28,886 [a3e84a91-4099-49fb-b86e-4b39e7f57019-groupManagement] INFO  server.RaftServerConfigKeys (ConfUtils.java:logGet(46)) - raft.server.log.statemachine.data.sync.timeout = 10s (default)
2023-08-25 08:51:28,886 [a3e84a91-4099-49fb-b86e-4b39e7f57019-groupManagement] INFO  server.RaftServerConfigKeys (ConfUtils.java:logGet(46)) - raft.server.log.statemachine.data.sync.timeout.retry = -1 (default)
2023-08-25 08:51:28,886 [a3e84a91-4099-49fb-b86e-4b39e7f57019-groupManagement] INFO  server.RaftServerConfigKeys (ConfUtils.java:logGet(46)) - raft.server.log.write.buffer.size = 1048576 (custom)
2023-08-25 08:51:28,887 [a3e84a91-4099-49fb-b86e-4b39e7f57019-groupManagement] INFO  server.RaftServerConfigKeys (ConfUtils.java:logGet(46)) - raft.server.log.appender.buffer.byte-limit = 33554432 (custom)
2023-08-25 08:51:28,894 [EventQueue-OpenPipelineForHealthyPipelineSafeModeRule] INFO  safemode.SCMSafeModeManager (HealthyPipelineSafeModeRule.java:process(137)) - SCM in safe mode. Healthy pipelines reported count is 0, required healthy pipeline reported count is 1
2023-08-25 08:51:28,894 [a3e84a91-4099-49fb-b86e-4b39e7f57019-groupManagement] INFO  server.RaftServerConfigKeys (ConfUtils.java:logGet(46)) - raft.server.log.unsafe-flush.enabled = false (default)
2023-08-25 08:51:28,894 [a3e84a91-4099-49fb-b86e-4b39e7f57019-groupManagement] INFO  server.RaftServerConfigKeys (ConfUtils.java:logGet(46)) - raft.server.log.async-flush.enabled = false (default)
2023-08-25 08:51:28,894 [a3e84a91-4099-49fb-b86e-4b39e7f57019-groupManagement] INFO  server.RaftServerConfigKeys (ConfUtils.java:logGet(46)) - raft.server.log.statemachine.data.caching.enabled = true (custom)
2023-08-25 08:51:28,894 [a3e84a91-4099-49fb-b86e-4b39e7f57019-groupManagement] INFO  segmented.SegmentedRaftLogWorker (SegmentedRaftLogWorker.java:lambda$new$0(135)) - a3e84a91-4099-49fb-b86e-4b39e7f57019@group-72396B088558-SegmentedRaftLogWorker: flushIndex: setUnconditionally 0 -> -1
2023-08-25 08:51:28,894 [a3e84a91-4099-49fb-b86e-4b39e7f57019-groupManagement] INFO  segmented.SegmentedRaftLogWorker (SegmentedRaftLogWorker.java:lambda$new$0(135)) - a3e84a91-4099-49fb-b86e-4b39e7f57019@group-72396B088558-SegmentedRaftLogWorker: safeCacheEvictIndex: setUnconditionally 0 -> -1
2023-08-25 08:51:28,895 [a3e84a91-4099-49fb-b86e-4b39e7f57019-groupManagement] INFO  server.RaftServer$Division (RaftServerImpl.java:start(342)) - a3e84a91-4099-49fb-b86e-4b39e7f57019@group-72396B088558: start as a follower, conf=-1: peers:[a3e84a91-4099-49fb-b86e-4b39e7f57019|rpc:10.1.0.19:15067|admin:10.1.0.19:15066|client:10.1.0.19:15065|dataStream:10.1.0.19:15068|priority:1|startupRole:FOLLOWER]|listeners:[], old=null
2023-08-25 08:51:28,895 [a3e84a91-4099-49fb-b86e-4b39e7f57019-groupManagement] INFO  server.RaftServer$Division (RaftServerImpl.java:setRole(329)) - a3e84a91-4099-49fb-b86e-4b39e7f57019@group-72396B088558: changes role from      null to FOLLOWER at term 0 for startAsFollower
2023-08-25 08:51:28,895 [a3e84a91-4099-49fb-b86e-4b39e7f57019-groupManagement] INFO  impl.RoleInfo (RoleInfo.java:updateAndGet(139)) - a3e84a91-4099-49fb-b86e-4b39e7f57019: start a3e84a91-4099-49fb-b86e-4b39e7f57019@group-72396B088558-FollowerState
2023-08-25 08:51:28,895 [a3e84a91-4099-49fb-b86e-4b39e7f57019-groupManagement] INFO  util.JmxRegister (JmxRegister.java:tryRegister(44)) - Successfully registered JMX Bean with object name Ratis:service=RaftServer,group=group-72396B088558,id=a3e84a91-4099-49fb-b86e-4b39e7f57019
2023-08-25 08:51:28,895 [a3e84a91-4099-49fb-b86e-4b39e7f57019-groupManagement] INFO  server.RaftServerConfigKeys (ConfUtils.java:logGet(46)) - raft.server.snapshot.auto.trigger.enabled = true (custom)
2023-08-25 08:51:28,895 [a3e84a91-4099-49fb-b86e-4b39e7f57019-groupManagement] INFO  server.RaftServerConfigKeys (ConfUtils.java:logGet(46)) - raft.server.snapshot.auto.trigger.threshold = 10000 (custom)
2023-08-25 08:51:28,895 [a3e84a91-4099-49fb-b86e-4b39e7f57019-groupManagement] INFO  server.RaftServerConfigKeys (ConfUtils.java:logGet(46)) - raft.server.snapshot.retention.file.num = 5 (custom)
2023-08-25 08:51:28,896 [a3e84a91-4099-49fb-b86e-4b39e7f57019-groupManagement] INFO  server.RaftServerConfigKeys (ConfUtils.java:logGet(46)) - raft.server.log.purge.upto.snapshot.index = false (default)
2023-08-25 08:51:28,896 [a3e84a91-4099-49fb-b86e-4b39e7f57019@group-72396B088558-FollowerState] INFO  server.RaftServerConfigKeys (ConfUtils.java:logFallback(53)) - raft.server.rpc.first-election.timeout.min = 5s (fallback to raft.server.rpc.timeout.min)
2023-08-25 08:51:28,896 [a3e84a91-4099-49fb-b86e-4b39e7f57019@group-72396B088558-FollowerState] INFO  server.RaftServerConfigKeys (ConfUtils.java:logFallback(53)) - raft.server.rpc.first-election.timeout.max = 5200ms (fallback to raft.server.rpc.timeout.max)
2023-08-25 08:51:28,898 [PipelineCommandHandlerThread-0] INFO  ratis.XceiverServerRatis (XceiverServerRatis.java:addGroup(804)) - Created group PipelineID=16aa9c39-cfd2-48af-bea2-72396b088558
2023-08-25 08:51:28,898 [PipelineCommandHandlerThread-0] INFO  commandhandler.CreatePipelineCommandHandler (CreatePipelineCommandHandler.java:lambda$handle$2(124)) - Created Pipeline RATIS ONE PipelineID=16aa9c39-cfd2-48af-bea2-72396b088558.
2023-08-25 08:51:28,898 [PipelineCommandHandlerThread-0] INFO  server.RaftServer (RaftServerProxy.java:addNew(98)) - a3e84a91-4099-49fb-b86e-4b39e7f57019: addNew group-8568CF4000D9:[b786fb5c-5e67-4c82-ab21-01f7c3e13abe|rpc:10.1.0.19:15076|admin:10.1.0.19:15075|client:10.1.0.19:15074|dataStream:10.1.0.19:15077|priority:0|startupRole:FOLLOWER, a3e84a91-4099-49fb-b86e-4b39e7f57019|rpc:10.1.0.19:15067|admin:10.1.0.19:15066|client:10.1.0.19:15065|dataStream:10.1.0.19:15068|priority:1|startupRole:FOLLOWER, e3412ff5-1f34-4b2f-8351-e8decf81f5b3|rpc:10.1.0.19:15085|admin:10.1.0.19:15084|client:10.1.0.19:15083|dataStream:10.1.0.19:15086|priority:0|startupRole:FOLLOWER] returns group-8568CF4000D9:java.util.concurrent.CompletableFuture@251543bb[Not completed]
2023-08-25 08:51:28,899 [a3e84a91-4099-49fb-b86e-4b39e7f57019-groupManagement] INFO  server.RaftServer$Division (RaftServerImpl.java:<init>(198)) - a3e84a91-4099-49fb-b86e-4b39e7f57019: new RaftServerImpl for group-8568CF4000D9:[b786fb5c-5e67-4c82-ab21-01f7c3e13abe|rpc:10.1.0.19:15076|admin:10.1.0.19:15075|client:10.1.0.19:15074|dataStream:10.1.0.19:15077|priority:0|startupRole:FOLLOWER, a3e84a91-4099-49fb-b86e-4b39e7f57019|rpc:10.1.0.19:15067|admin:10.1.0.19:15066|client:10.1.0.19:15065|dataStream:10.1.0.19:15068|priority:1|startupRole:FOLLOWER, e3412ff5-1f34-4b2f-8351-e8decf81f5b3|rpc:10.1.0.19:15085|admin:10.1.0.19:15084|client:10.1.0.19:15083|dataStream:10.1.0.19:15086|priority:0|startupRole:FOLLOWER] with ContainerStateMachine:uninitialized
2023-08-25 08:51:28,899 [a3e84a91-4099-49fb-b86e-4b39e7f57019-groupManagement] INFO  server.RaftServerConfigKeys (ConfUtils.java:logGet(46)) - raft.server.rpc.timeout.min = 5s (custom)
2023-08-25 08:51:28,899 [a3e84a91-4099-49fb-b86e-4b39e7f57019-groupManagement] INFO  server.RaftServerConfigKeys (ConfUtils.java:logGet(46)) - raft.server.rpc.timeout.max = 5200ms (custom)
2023-08-25 08:51:28,899 [a3e84a91-4099-49fb-b86e-4b39e7f57019-groupManagement] INFO  server.RaftServerConfigKeys (ConfUtils.java:logGet(46)) - raft.server.rpc.sleep.time = 25ms (default)
2023-08-25 08:51:28,899 [a3e84a91-4099-49fb-b86e-4b39e7f57019-groupManagement] INFO  server.RaftServerConfigKeys (ConfUtils.java:logGet(46)) - raft.server.rpc.slowness.timeout = 300s (custom)
2023-08-25 08:51:28,899 [a3e84a91-4099-49fb-b86e-4b39e7f57019-groupManagement] INFO  server.RaftServerConfigKeys (ConfUtils.java:logGet(46)) - raft.server.leaderelection.leader.step-down.wait-time = 10s (default)
2023-08-25 08:51:28,899 [a3e84a91-4099-49fb-b86e-4b39e7f57019-groupManagement] INFO  server.RaftServerConfigKeys (ConfUtils.java:logGet(46)) - raft.server.sleep.deviation.threshold = 300ms (default)
2023-08-25 08:51:28,900 [a3e84a91-4099-49fb-b86e-4b39e7f57019-groupManagement] INFO  server.RaftServer$Division (ServerState.java:<init>(120)) - a3e84a91-4099-49fb-b86e-4b39e7f57019@group-8568CF4000D9: ConfigurationManager, init=-1: peers:[b786fb5c-5e67-4c82-ab21-01f7c3e13abe|rpc:10.1.0.19:15076|admin:10.1.0.19:15075|client:10.1.0.19:15074|dataStream:10.1.0.19:15077|priority:0|startupRole:FOLLOWER, a3e84a91-4099-49fb-b86e-4b39e7f57019|rpc:10.1.0.19:15067|admin:10.1.0.19:15066|client:10.1.0.19:15065|dataStream:10.1.0.19:15068|priority:1|startupRole:FOLLOWER, e3412ff5-1f34-4b2f-8351-e8decf81f5b3|rpc:10.1.0.19:15085|admin:10.1.0.19:15084|client:10.1.0.19:15083|dataStream:10.1.0.19:15086|priority:0|startupRole:FOLLOWER]|listeners:[], old=null, confs=<EMPTY_MAP>
2023-08-25 08:51:28,900 [a3e84a91-4099-49fb-b86e-4b39e7f57019-groupManagement] INFO  server.RaftServerConfigKeys (ConfUtils.java:logGet(46)) - raft.server.storage.dir = [/home/runner/work/ozone/ozone/hadoop-ozone/integration-test/target/test-dir/MiniOzoneClusterImpl-7264bf39-beec-4c8a-bbdc-a469073ec634/datanode-0/data/ratis] (custom)
2023-08-25 08:51:28,900 [a3e84a91-4099-49fb-b86e-4b39e7f57019-groupManagement] INFO  server.RaftServerConfigKeys (ConfUtils.java:logGet(46)) - raft.server.log.corruption.policy = EXCEPTION (default)
2023-08-25 08:51:28,900 [a3e84a91-4099-49fb-b86e-4b39e7f57019-groupManagement] INFO  server.RaftServerConfigKeys (ConfUtils.java:logGet(46)) - raft.server.storage.free-space.min = 0MB (=0) (default)
2023-08-25 08:51:28,900 [a3e84a91-4099-49fb-b86e-4b39e7f57019-groupManagement] INFO  server.RaftServerConfigKeys (ConfUtils.java:logGet(46)) - raft.server.notification.no-leader.timeout = 300s (custom)
2023-08-25 08:51:28,900 [a3e84a91-4099-49fb-b86e-4b39e7f57019-groupManagement] INFO  server.RaftServerConfigKeys (ConfUtils.java:logGet(46)) - raft.server.read.timeout = 10s (default)
2023-08-25 08:51:28,900 [a3e84a91-4099-49fb-b86e-4b39e7f57019-groupManagement] INFO  server.RaftServerConfigKeys (ConfUtils.java:logGet(46)) - raft.server.retrycache.expirytime = 600000ms (custom)
2023-08-25 08:51:28,900 [a3e84a91-4099-49fb-b86e-4b39e7f57019-groupManagement] INFO  server.RaftServerConfigKeys (ConfUtils.java:logGet(46)) - raft.server.retrycache.statistics.expirytime = 100μs (default)
2023-08-25 08:51:28,900 [a3e84a91-4099-49fb-b86e-4b39e7f57019-groupManagement] INFO  server.RaftServerConfigKeys (ConfUtils.java:logGet(46)) - raft.server.read.option = DEFAULT (default)
2023-08-25 08:51:28,906 [a3e84a91-4099-49fb-b86e-4b39e7f57019-groupManagement] INFO  server.RaftServerConfigKeys (ConfUtils.java:logGet(46)) - raft.server.rpc.request.timeout = 60s (custom)
2023-08-25 08:51:28,906 [a3e84a91-4099-49fb-b86e-4b39e7f57019-groupManagement] INFO  server.RaftServerConfigKeys (ConfUtils.java:logGet(46)) - raft.server.log.appender.install.snapshot.enabled = false (custom)
2023-08-25 08:51:28,906 [a3e84a91-4099-49fb-b86e-4b39e7f57019-groupManagement] INFO  server.RaftServerConfigKeys (ConfUtils.java:logGet(46)) - raft.server.threadpool.server.cached = true (default)
2023-08-25 08:51:28,906 [a3e84a91-4099-49fb-b86e-4b39e7f57019-groupManagement] INFO  server.RaftServerConfigKeys (ConfUtils.java:logGet(46)) - raft.server.threadpool.server.size = 0 (default)
2023-08-25 08:51:28,907 [a3e84a91-4099-49fb-b86e-4b39e7f57019-groupManagement] INFO  server.RaftServerConfigKeys (ConfUtils.java:logGet(46)) - raft.server.threadpool.client.cached = true (default)
2023-08-25 08:51:28,907 [a3e84a91-4099-49fb-b86e-4b39e7f57019-groupManagement] INFO  server.RaftServerConfigKeys (ConfUtils.java:logGet(46)) - raft.server.threadpool.client.size = 0 (default)
2023-08-25 08:51:28,907 [a3e84a91-4099-49fb-b86e-4b39e7f57019-groupManagement] INFO  storage.RaftStorageDirectory (RaftStorageDirectoryImpl.java:analyzeStorage(137)) - The storage directory /home/runner/work/ozone/ozone/hadoop-ozone/integration-test/target/test-dir/MiniOzoneClusterImpl-7264bf39-beec-4c8a-bbdc-a469073ec634/datanode-0/data/ratis/e255e297-f576-47c6-be75-8568cf4000d9 does not exist. Creating ...
2023-08-25 08:51:28,908 [a3e84a91-4099-49fb-b86e-4b39e7f57019-groupManagement] INFO  storage.RaftStorageDirectory (RaftStorageDirectoryImpl.java:tryLock(231)) - Lock on /home/runner/work/ozone/ozone/hadoop-ozone/integration-test/target/test-dir/MiniOzoneClusterImpl-7264bf39-beec-4c8a-bbdc-a469073ec634/datanode-0/data/ratis/e255e297-f576-47c6-be75-8568cf4000d9/in_use.lock acquired by nodename 30217@fv-az584-689
2023-08-25 08:51:28,910 [a3e84a91-4099-49fb-b86e-4b39e7f57019-groupManagement] INFO  storage.RaftStorage (RaftStorageImpl.java:format(96)) - Storage directory /home/runner/work/ozone/ozone/hadoop-ozone/integration-test/target/test-dir/MiniOzoneClusterImpl-7264bf39-beec-4c8a-bbdc-a469073ec634/datanode-0/data/ratis/e255e297-f576-47c6-be75-8568cf4000d9 has been successfully formatted.
2023-08-25 08:51:28,911 [a3e84a91-4099-49fb-b86e-4b39e7f57019-groupManagement] INFO  ratis.ContainerStateMachine (ContainerStateMachine.java:loadSnapshot(262)) - group-8568CF4000D9: The snapshot info is null. Setting the last applied indexto:(t:0, i:~)
2023-08-25 08:51:28,912 [a3e84a91-4099-49fb-b86e-4b39e7f57019-groupManagement] INFO  server.RaftServerConfigKeys (ConfUtils.java:logGet(46)) - raft.server.log.use.memory = false (default)
2023-08-25 08:51:28,912 [a3e84a91-4099-49fb-b86e-4b39e7f57019-groupManagement] INFO  server.RaftServerConfigKeys (ConfUtils.java:logGet(46)) - raft.server.log.purge.gap = 1000000 (custom)
2023-08-25 08:51:28,912 [a3e84a91-4099-49fb-b86e-4b39e7f57019-groupManagement] INFO  server.RaftServerConfigKeys (ConfUtils.java:logGet(46)) - raft.server.log.appender.buffer.byte-limit = 33554432 (custom)
2023-08-25 08:51:28,912 [a3e84a91-4099-49fb-b86e-4b39e7f57019-groupManagement] INFO  server.RaftServerConfigKeys (ConfUtils.java:logGet(46)) - raft.server.log.statemachine.data.read.timeout = 1000ms (default)
2023-08-25 08:51:28,912 [a3e84a91-4099-49fb-b86e-4b39e7f57019-groupManagement] INFO  server.RaftServerConfigKeys (ConfUtils.java:logGet(46)) - raft.server.log.purge.preservation.log.num = 0 (default)
2023-08-25 08:51:28,912 [EventQueue-OpenPipelineForHealthyPipelineSafeModeRule] INFO  safemode.SCMSafeModeManager (HealthyPipelineSafeModeRule.java:process(137)) - SCM in safe mode. Healthy pipelines reported count is 0, required healthy pipeline reported count is 1
2023-08-25 08:51:28,912 [a3e84a91-4099-49fb-b86e-4b39e7f57019-groupManagement] INFO  server.RaftServerConfigKeys (ConfUtils.java:logGet(46)) - raft.server.log.segment.size.max = 1048576 (custom)
2023-08-25 08:51:28,913 [a3e84a91-4099-49fb-b86e-4b39e7f57019-groupManagement] INFO  server.RaftServerConfigKeys (ConfUtils.java:logGet(46)) - raft.server.log.segment.cache.num.max = 2 (custom)
2023-08-25 08:51:28,913 [a3e84a91-4099-49fb-b86e-4b39e7f57019-groupManagement] INFO  server.RaftServerConfigKeys (ConfUtils.java:logGet(46)) - raft.server.log.segment.cache.size.max = 200MB (=209715200) (default)
2023-08-25 08:51:28,913 [a3e84a91-4099-49fb-b86e-4b39e7f57019-groupManagement] INFO  server.RaftServerConfigKeys (ConfUtils.java:logGet(46)) - raft.server.log.appender.buffer.byte-limit = 33554432 (custom)
2023-08-25 08:51:28,913 [a3e84a91-4099-49fb-b86e-4b39e7f57019-groupManagement] INFO  segmented.SegmentedRaftLogWorker (SegmentedRaftLogWorker.java:<init>(188)) - new a3e84a91-4099-49fb-b86e-4b39e7f57019@group-8568CF4000D9-SegmentedRaftLogWorker for RaftStorageImpl:Storage Directory /home/runner/work/ozone/ozone/hadoop-ozone/integration-test/target/test-dir/MiniOzoneClusterImpl-7264bf39-beec-4c8a-bbdc-a469073ec634/datanode-0/data/ratis/e255e297-f576-47c6-be75-8568cf4000d9
2023-08-25 08:51:28,913 [a3e84a91-4099-49fb-b86e-4b39e7f57019-groupManagement] INFO  server.RaftServerConfigKeys (ConfUtils.java:logGet(46)) - raft.server.log.queue.byte-limit = 4294967296 (custom)
2023-08-25 08:51:28,913 [a3e84a91-4099-49fb-b86e-4b39e7f57019-groupManagement] INFO  server.RaftServerConfigKeys (ConfUtils.java:logGet(46)) - raft.server.log.queue.element-limit = 1024 (custom)
2023-08-25 08:51:28,913 [a3e84a91-4099-49fb-b86e-4b39e7f57019-groupManagement] INFO  server.RaftServerConfigKeys (ConfUtils.java:logGet(46)) - raft.server.log.segment.size.max = 1048576 (custom)
2023-08-25 08:51:28,913 [a3e84a91-4099-49fb-b86e-4b39e7f57019-groupManagement] INFO  server.RaftServerConfigKeys (ConfUtils.java:logGet(46)) - raft.server.log.preallocated.size = 16384 (custom)
2023-08-25 08:51:28,913 [a3e84a91-4099-49fb-b86e-4b39e7f57019-groupManagement] INFO  server.RaftServerConfigKeys (ConfUtils.java:logGet(46)) - raft.server.log.force.sync.num = 128 (default)
2023-08-25 08:51:28,914 [a3e84a91-4099-49fb-b86e-4b39e7f57019-groupManagement] INFO  server.RaftServerConfigKeys (ConfUtils.java:logGet(46)) - raft.server.log.statemachine.data.sync = true (default)
2023-08-25 08:51:28,914 [a3e84a91-4099-49fb-b86e-4b39e7f57019-groupManagement] INFO  server.RaftServerConfigKeys (ConfUtils.java:logGet(46)) - raft.server.log.statemachine.data.sync.timeout = 10s (default)
2023-08-25 08:51:28,914 [a3e84a91-4099-49fb-b86e-4b39e7f57019-groupManagement] INFO  server.RaftServerConfigKeys (ConfUtils.java:logGet(46)) - raft.server.log.statemachine.data.sync.timeout.retry = -1 (default)
2023-08-25 08:51:28,914 [a3e84a91-4099-49fb-b86e-4b39e7f57019-groupManagement] INFO  server.RaftServerConfigKeys (ConfUtils.java:logGet(46)) - raft.server.log.write.buffer.size = 1048576 (custom)
2023-08-25 08:51:28,914 [a3e84a91-4099-49fb-b86e-4b39e7f57019-groupManagement] INFO  server.RaftServerConfigKeys (ConfUtils.java:logGet(46)) - raft.server.log.appender.buffer.byte-limit = 33554432 (custom)
2023-08-25 08:51:28,920 [a3e84a91-4099-49fb-b86e-4b39e7f57019-groupManagement] INFO  server.RaftServerConfigKeys (ConfUtils.java:logGet(46)) - raft.server.log.unsafe-flush.enabled = false (default)
2023-08-25 08:51:28,920 [a3e84a91-4099-49fb-b86e-4b39e7f57019-groupManagement] INFO  server.RaftServerConfigKeys (ConfUtils.java:logGet(46)) - raft.server.log.async-flush.enabled = false (default)
2023-08-25 08:51:28,920 [a3e84a91-4099-49fb-b86e-4b39e7f57019-groupManagement] INFO  server.RaftServerConfigKeys (ConfUtils.java:logGet(46)) - raft.server.log.statemachine.data.caching.enabled = true (custom)
2023-08-25 08:51:28,921 [a3e84a91-4099-49fb-b86e-4b39e7f57019-groupManagement] INFO  segmented.SegmentedRaftLogWorker (SegmentedRaftLogWorker.java:lambda$new$0(135)) - a3e84a91-4099-49fb-b86e-4b39e7f57019@group-8568CF4000D9-SegmentedRaftLogWorker: flushIndex: setUnconditionally 0 -> -1
2023-08-25 08:51:28,921 [a3e84a91-4099-49fb-b86e-4b39e7f57019-groupManagement] INFO  segmented.SegmentedRaftLogWorker (SegmentedRaftLogWorker.java:lambda$new$0(135)) - a3e84a91-4099-49fb-b86e-4b39e7f57019@group-8568CF4000D9-SegmentedRaftLogWorker: safeCacheEvictIndex: setUnconditionally 0 -> -1
2023-08-25 08:51:28,928 [a3e84a91-4099-49fb-b86e-4b39e7f57019-groupManagement] INFO  server.RaftServer$Division (RaftServerImpl.java:start(342)) - a3e84a91-4099-49fb-b86e-4b39e7f57019@group-8568CF4000D9: start as a follower, conf=-1: peers:[b786fb5c-5e67-4c82-ab21-01f7c3e13abe|rpc:10.1.0.19:15076|admin:10.1.0.19:15075|client:10.1.0.19:15074|dataStream:10.1.0.19:15077|priority:0|startupRole:FOLLOWER, a3e84a91-4099-49fb-b86e-4b39e7f57019|rpc:10.1.0.19:15067|admin:10.1.0.19:15066|client:10.1.0.19:15065|dataStream:10.1.0.19:15068|priority:1|startupRole:FOLLOWER, e3412ff5-1f34-4b2f-8351-e8decf81f5b3|rpc:10.1.0.19:15085|admin:10.1.0.19:15084|client:10.1.0.19:15083|dataStream:10.1.0.19:15086|priority:0|startupRole:FOLLOWER]|listeners:[], old=null
2023-08-25 08:51:28,928 [a3e84a91-4099-49fb-b86e-4b39e7f57019-groupManagement] INFO  server.RaftServer$Division (RaftServerImpl.java:setRole(329)) - a3e84a91-4099-49fb-b86e-4b39e7f57019@group-8568CF4000D9: changes role from      null to FOLLOWER at term 0 for startAsFollower
2023-08-25 08:51:28,929 [a3e84a91-4099-49fb-b86e-4b39e7f57019-groupManagement] INFO  impl.RoleInfo (RoleInfo.java:updateAndGet(139)) - a3e84a91-4099-49fb-b86e-4b39e7f57019: start a3e84a91-4099-49fb-b86e-4b39e7f57019@group-8568CF4000D9-FollowerState
2023-08-25 08:51:28,929 [a3e84a91-4099-49fb-b86e-4b39e7f57019-groupManagement] INFO  util.JmxRegister (JmxRegister.java:tryRegister(44)) - Successfully registered JMX Bean with object name Ratis:service=RaftServer,group=group-8568CF4000D9,id=a3e84a91-4099-49fb-b86e-4b39e7f57019
2023-08-25 08:51:28,929 [a3e84a91-4099-49fb-b86e-4b39e7f57019@group-8568CF4000D9-FollowerState] INFO  server.RaftServerConfigKeys (ConfUtils.java:logFallback(53)) - raft.server.rpc.first-election.timeout.min = 5s (fallback to raft.server.rpc.timeout.min)
2023-08-25 08:51:28,929 [a3e84a91-4099-49fb-b86e-4b39e7f57019-groupManagement] INFO  server.RaftServerConfigKeys (ConfUtils.java:logGet(46)) - raft.server.snapshot.auto.trigger.enabled = true (custom)
2023-08-25 08:51:28,929 [a3e84a91-4099-49fb-b86e-4b39e7f57019@group-8568CF4000D9-FollowerState] INFO  server.RaftServerConfigKeys (ConfUtils.java:logFallback(53)) - raft.server.rpc.first-election.timeout.max = 5200ms (fallback to raft.server.rpc.timeout.max)
2023-08-25 08:51:28,929 [a3e84a91-4099-49fb-b86e-4b39e7f57019-groupManagement] INFO  server.RaftServerConfigKeys (ConfUtils.java:logGet(46)) - raft.server.snapshot.auto.trigger.threshold = 10000 (custom)
2023-08-25 08:51:28,929 [a3e84a91-4099-49fb-b86e-4b39e7f57019-groupManagement] INFO  server.RaftServerConfigKeys (ConfUtils.java:logGet(46)) - raft.server.snapshot.retention.file.num = 5 (custom)
2023-08-25 08:51:28,929 [a3e84a91-4099-49fb-b86e-4b39e7f57019-groupManagement] INFO  server.RaftServerConfigKeys (ConfUtils.java:logGet(46)) - raft.server.log.purge.upto.snapshot.index = false (default)
2023-08-25 08:51:28,930 [PipelineCommandHandlerThread-0] INFO  ratis.XceiverServerRatis (XceiverServerRatis.java:addGroup(804)) - Created group PipelineID=e255e297-f576-47c6-be75-8568cf4000d9
2023-08-25 08:51:28,947 [grpc-default-executor-0] INFO  server.RaftServer (RaftServerProxy.java:addNew(98)) - b786fb5c-5e67-4c82-ab21-01f7c3e13abe: addNew group-8568CF4000D9:[b786fb5c-5e67-4c82-ab21-01f7c3e13abe|rpc:10.1.0.19:15076|admin:10.1.0.19:15075|client:10.1.0.19:15074|dataStream:10.1.0.19:15077|priority:0|startupRole:FOLLOWER, a3e84a91-4099-49fb-b86e-4b39e7f57019|rpc:10.1.0.19:15067|admin:10.1.0.19:15066|client:10.1.0.19:15065|dataStream:10.1.0.19:15068|priority:1|startupRole:FOLLOWER, e3412ff5-1f34-4b2f-8351-e8decf81f5b3|rpc:10.1.0.19:15085|admin:10.1.0.19:15084|client:10.1.0.19:15083|dataStream:10.1.0.19:15086|priority:0|startupRole:FOLLOWER] returns group-8568CF4000D9:java.util.concurrent.CompletableFuture@49a83588[Not completed]
2023-08-25 08:51:28,953 [b786fb5c-5e67-4c82-ab21-01f7c3e13abe-groupManagement] INFO  server.RaftServer$Division (RaftServerImpl.java:<init>(198)) - b786fb5c-5e67-4c82-ab21-01f7c3e13abe: new RaftServerImpl for group-8568CF4000D9:[b786fb5c-5e67-4c82-ab21-01f7c3e13abe|rpc:10.1.0.19:15076|admin:10.1.0.19:15075|client:10.1.0.19:15074|dataStream:10.1.0.19:15077|priority:0|startupRole:FOLLOWER, a3e84a91-4099-49fb-b86e-4b39e7f57019|rpc:10.1.0.19:15067|admin:10.1.0.19:15066|client:10.1.0.19:15065|dataStream:10.1.0.19:15068|priority:1|startupRole:FOLLOWER, e3412ff5-1f34-4b2f-8351-e8decf81f5b3|rpc:10.1.0.19:15085|admin:10.1.0.19:15084|client:10.1.0.19:15083|dataStream:10.1.0.19:15086|priority:0|startupRole:FOLLOWER] with ContainerStateMachine:uninitialized
2023-08-25 08:51:28,953 [b786fb5c-5e67-4c82-ab21-01f7c3e13abe-groupManagement] INFO  server.RaftServerConfigKeys (ConfUtils.java:logGet(46)) - raft.server.rpc.timeout.min = 5s (custom)
2023-08-25 08:51:28,953 [b786fb5c-5e67-4c82-ab21-01f7c3e13abe-groupManagement] INFO  server.RaftServerConfigKeys (ConfUtils.java:logGet(46)) - raft.server.rpc.timeout.max = 5200ms (custom)
2023-08-25 08:51:28,953 [b786fb5c-5e67-4c82-ab21-01f7c3e13abe-groupManagement] INFO  server.RaftServerConfigKeys (ConfUtils.java:logGet(46)) - raft.server.rpc.sleep.time = 25ms (default)
2023-08-25 08:51:28,953 [b786fb5c-5e67-4c82-ab21-01f7c3e13abe-groupManagement] INFO  server.RaftServerConfigKeys (ConfUtils.java:logGet(46)) - raft.server.rpc.slowness.timeout = 300s (custom)
2023-08-25 08:51:28,953 [b786fb5c-5e67-4c82-ab21-01f7c3e13abe-groupManagement] INFO  server.RaftServerConfigKeys (ConfUtils.java:logGet(46)) - raft.server.leaderelection.leader.step-down.wait-time = 10s (default)
2023-08-25 08:51:28,953 [b786fb5c-5e67-4c82-ab21-01f7c3e13abe-groupManagement] INFO  server.RaftServerConfigKeys (ConfUtils.java:logGet(46)) - raft.server.sleep.deviation.threshold = 300ms (default)
2023-08-25 08:51:28,953 [b786fb5c-5e67-4c82-ab21-01f7c3e13abe-groupManagement] INFO  server.RaftServer$Division (ServerState.java:<init>(120)) - b786fb5c-5e67-4c82-ab21-01f7c3e13abe@group-8568CF4000D9: ConfigurationManager, init=-1: peers:[b786fb5c-5e67-4c82-ab21-01f7c3e13abe|rpc:10.1.0.19:15076|admin:10.1.0.19:15075|client:10.1.0.19:15074|dataStream:10.1.0.19:15077|priority:0|startupRole:FOLLOWER, a3e84a91-4099-49fb-b86e-4b39e7f57019|rpc:10.1.0.19:15067|admin:10.1.0.19:15066|client:10.1.0.19:15065|dataStream:10.1.0.19:15068|priority:1|startupRole:FOLLOWER, e3412ff5-1f34-4b2f-8351-e8decf81f5b3|rpc:10.1.0.19:15085|admin:10.1.0.19:15084|client:10.1.0.19:15083|dataStream:10.1.0.19:15086|priority:0|startupRole:FOLLOWER]|listeners:[], old=null, confs=<EMPTY_MAP>
2023-08-25 08:51:28,953 [b786fb5c-5e67-4c82-ab21-01f7c3e13abe-groupManagement] INFO  server.RaftServerConfigKeys (ConfUtils.java:logGet(46)) - raft.server.storage.dir = [/home/runner/work/ozone/ozone/hadoop-ozone/integration-test/target/test-dir/MiniOzoneClusterImpl-7264bf39-beec-4c8a-bbdc-a469073ec634/datanode-1/data/ratis] (custom)
2023-08-25 08:51:28,954 [b786fb5c-5e67-4c82-ab21-01f7c3e13abe-groupManagement] INFO  server.RaftServerConfigKeys (ConfUtils.java:logGet(46)) - raft.server.log.corruption.policy = EXCEPTION (default)
2023-08-25 08:51:28,954 [b786fb5c-5e67-4c82-ab21-01f7c3e13abe-groupManagement] INFO  server.RaftServerConfigKeys (ConfUtils.java:logGet(46)) - raft.server.storage.free-space.min = 0MB (=0) (default)
2023-08-25 08:51:28,954 [b786fb5c-5e67-4c82-ab21-01f7c3e13abe-groupManagement] INFO  server.RaftServerConfigKeys (ConfUtils.java:logGet(46)) - raft.server.notification.no-leader.timeout = 300s (custom)
2023-08-25 08:51:28,954 [b786fb5c-5e67-4c82-ab21-01f7c3e13abe-groupManagement] INFO  server.RaftServerConfigKeys (ConfUtils.java:logGet(46)) - raft.server.read.timeout = 10s (default)
2023-08-25 08:51:28,954 [b786fb5c-5e67-4c82-ab21-01f7c3e13abe-groupManagement] INFO  server.RaftServerConfigKeys (ConfUtils.java:logGet(46)) - raft.server.retrycache.expirytime = 600000ms (custom)
2023-08-25 08:51:28,954 [b786fb5c-5e67-4c82-ab21-01f7c3e13abe-groupManagement] INFO  server.RaftServerConfigKeys (ConfUtils.java:logGet(46)) - raft.server.retrycache.statistics.expirytime = 100μs (default)
2023-08-25 08:51:28,954 [b786fb5c-5e67-4c82-ab21-01f7c3e13abe-groupManagement] INFO  server.RaftServerConfigKeys (ConfUtils.java:logGet(46)) - raft.server.read.option = DEFAULT (default)
2023-08-25 08:51:28,956 [b786fb5c-5e67-4c82-ab21-01f7c3e13abe-groupManagement] INFO  server.RaftServerConfigKeys (ConfUtils.java:logGet(46)) - raft.server.rpc.request.timeout = 60s (custom)
2023-08-25 08:51:28,957 [b786fb5c-5e67-4c82-ab21-01f7c3e13abe-groupManagement] INFO  server.RaftServerConfigKeys (ConfUtils.java:logGet(46)) - raft.server.log.appender.install.snapshot.enabled = false (custom)
2023-08-25 08:51:28,957 [b786fb5c-5e67-4c82-ab21-01f7c3e13abe-groupManagement] INFO  server.RaftServerConfigKeys (ConfUtils.java:logGet(46)) - raft.server.threadpool.server.cached = true (default)
2023-08-25 08:51:28,957 [b786fb5c-5e67-4c82-ab21-01f7c3e13abe-groupManagement] INFO  server.RaftServerConfigKeys (ConfUtils.java:logGet(46)) - raft.server.threadpool.server.size = 0 (default)
2023-08-25 08:51:28,957 [b786fb5c-5e67-4c82-ab21-01f7c3e13abe-groupManagement] INFO  server.RaftServerConfigKeys (ConfUtils.java:logGet(46)) - raft.server.threadpool.client.cached = true (default)
2023-08-25 08:51:28,957 [b786fb5c-5e67-4c82-ab21-01f7c3e13abe-groupManagement] INFO  server.RaftServerConfigKeys (ConfUtils.java:logGet(46)) - raft.server.threadpool.client.size = 0 (default)
2023-08-25 08:51:28,957 [b786fb5c-5e67-4c82-ab21-01f7c3e13abe-groupManagement] INFO  storage.RaftStorageDirectory (RaftStorageDirectoryImpl.java:analyzeStorage(137)) - The storage directory /home/runner/work/ozone/ozone/hadoop-ozone/integration-test/target/test-dir/MiniOzoneClusterImpl-7264bf39-beec-4c8a-bbdc-a469073ec634/datanode-1/data/ratis/e255e297-f576-47c6-be75-8568cf4000d9 does not exist. Creating ...
2023-08-25 08:51:28,958 [b786fb5c-5e67-4c82-ab21-01f7c3e13abe-groupManagement] INFO  storage.RaftStorageDirectory (RaftStorageDirectoryImpl.java:tryLock(231)) - Lock on /home/runner/work/ozone/ozone/hadoop-ozone/integration-test/target/test-dir/MiniOzoneClusterImpl-7264bf39-beec-4c8a-bbdc-a469073ec634/datanode-1/data/ratis/e255e297-f576-47c6-be75-8568cf4000d9/in_use.lock acquired by nodename 30217@fv-az584-689
2023-08-25 08:51:28,961 [b786fb5c-5e67-4c82-ab21-01f7c3e13abe-groupManagement] INFO  storage.RaftStorage (RaftStorageImpl.java:format(96)) - Storage directory /home/runner/work/ozone/ozone/hadoop-ozone/integration-test/target/test-dir/MiniOzoneClusterImpl-7264bf39-beec-4c8a-bbdc-a469073ec634/datanode-1/data/ratis/e255e297-f576-47c6-be75-8568cf4000d9 has been successfully formatted.
2023-08-25 08:51:28,963 [b786fb5c-5e67-4c82-ab21-01f7c3e13abe-groupManagement] INFO  ratis.ContainerStateMachine (ContainerStateMachine.java:loadSnapshot(262)) - group-8568CF4000D9: The snapshot info is null. Setting the last applied indexto:(t:0, i:~)
2023-08-25 08:51:28,964 [b786fb5c-5e67-4c82-ab21-01f7c3e13abe-groupManagement] INFO  server.RaftServerConfigKeys (ConfUtils.java:logGet(46)) - raft.server.log.use.memory = false (default)
2023-08-25 08:51:28,964 [b786fb5c-5e67-4c82-ab21-01f7c3e13abe-groupManagement] INFO  server.RaftServerConfigKeys (ConfUtils.java:logGet(46)) - raft.server.log.purge.gap = 1000000 (custom)
2023-08-25 08:51:28,964 [b786fb5c-5e67-4c82-ab21-01f7c3e13abe-groupManagement] INFO  server.RaftServerConfigKeys (ConfUtils.java:logGet(46)) - raft.server.log.appender.buffer.byte-limit = 33554432 (custom)
2023-08-25 08:51:28,964 [b786fb5c-5e67-4c82-ab21-01f7c3e13abe-groupManagement] INFO  server.RaftServerConfigKeys (ConfUtils.java:logGet(46)) - raft.server.log.statemachine.data.read.timeout = 1000ms (default)
2023-08-25 08:51:28,964 [b786fb5c-5e67-4c82-ab21-01f7c3e13abe-groupManagement] INFO  server.RaftServerConfigKeys (ConfUtils.java:logGet(46)) - raft.server.log.purge.preservation.log.num = 0 (default)
2023-08-25 08:51:28,964 [b786fb5c-5e67-4c82-ab21-01f7c3e13abe-groupManagement] INFO  server.RaftServerConfigKeys (ConfUtils.java:logGet(46)) - raft.server.log.segment.size.max = 1048576 (custom)
2023-08-25 08:51:28,965 [b786fb5c-5e67-4c82-ab21-01f7c3e13abe-groupManagement] INFO  server.RaftServerConfigKeys (ConfUtils.java:logGet(46)) - raft.server.log.segment.cache.num.max = 2 (custom)
2023-08-25 08:51:28,965 [b786fb5c-5e67-4c82-ab21-01f7c3e13abe-groupManagement] INFO  server.RaftServerConfigKeys (ConfUtils.java:logGet(46)) - raft.server.log.segment.cache.size.max = 200MB (=209715200) (default)
2023-08-25 08:51:28,965 [b786fb5c-5e67-4c82-ab21-01f7c3e13abe-groupManagement] INFO  server.RaftServerConfigKeys (ConfUtils.java:logGet(46)) - raft.server.log.appender.buffer.byte-limit = 33554432 (custom)
2023-08-25 08:51:28,965 [b786fb5c-5e67-4c82-ab21-01f7c3e13abe-groupManagement] INFO  segmented.SegmentedRaftLogWorker (SegmentedRaftLogWorker.java:<init>(188)) - new b786fb5c-5e67-4c82-ab21-01f7c3e13abe@group-8568CF4000D9-SegmentedRaftLogWorker for RaftStorageImpl:Storage Directory /home/runner/work/ozone/ozone/hadoop-ozone/integration-test/target/test-dir/MiniOzoneClusterImpl-7264bf39-beec-4c8a-bbdc-a469073ec634/datanode-1/data/ratis/e255e297-f576-47c6-be75-8568cf4000d9
2023-08-25 08:51:28,965 [b786fb5c-5e67-4c82-ab21-01f7c3e13abe-groupManagement] INFO  server.RaftServerConfigKeys (ConfUtils.java:logGet(46)) - raft.server.log.queue.byte-limit = 4294967296 (custom)
2023-08-25 08:51:28,965 [b786fb5c-5e67-4c82-ab21-01f7c3e13abe-groupManagement] INFO  server.RaftServerConfigKeys (ConfUtils.java:logGet(46)) - raft.server.log.queue.element-limit = 1024 (custom)
2023-08-25 08:51:28,965 [b786fb5c-5e67-4c82-ab21-01f7c3e13abe-groupManagement] INFO  server.RaftServerConfigKeys (ConfUtils.java:logGet(46)) - raft.server.log.segment.size.max = 1048576 (custom)
2023-08-25 08:51:28,965 [b786fb5c-5e67-4c82-ab21-01f7c3e13abe-groupManagement] INFO  server.RaftServerConfigKeys (ConfUtils.java:logGet(46)) - raft.server.log.preallocated.size = 16384 (custom)
2023-08-25 08:51:28,965 [b786fb5c-5e67-4c82-ab21-01f7c3e13abe-groupManagement] INFO  server.RaftServerConfigKeys (ConfUtils.java:logGet(46)) - raft.server.log.force.sync.num = 128 (default)
2023-08-25 08:51:28,965 [b786fb5c-5e67-4c82-ab21-01f7c3e13abe-groupManagement] INFO  server.RaftServerConfigKeys (ConfUtils.java:logGet(46)) - raft.server.log.statemachine.data.sync = true (default)
2023-08-25 08:51:28,965 [b786fb5c-5e67-4c82-ab21-01f7c3e13abe-groupManagement] INFO  server.RaftServerConfigKeys (ConfUtils.java:logGet(46)) - raft.server.log.statemachine.data.sync.timeout = 10s (default)
2023-08-25 08:51:28,966 [b786fb5c-5e67-4c82-ab21-01f7c3e13abe-groupManagement] INFO  server.RaftServerConfigKeys (ConfUtils.java:logGet(46)) - raft.server.log.statemachine.data.sync.timeout.retry = -1 (default)
2023-08-25 08:51:28,966 [b786fb5c-5e67-4c82-ab21-01f7c3e13abe-groupManagement] INFO  server.RaftServerConfigKeys (ConfUtils.java:logGet(46)) - raft.server.log.write.buffer.size = 1048576 (custom)
2023-08-25 08:51:28,967 [b786fb5c-5e67-4c82-ab21-01f7c3e13abe-groupManagement] INFO  server.RaftServerConfigKeys (ConfUtils.java:logGet(46)) - raft.server.log.appender.buffer.byte-limit = 33554432 (custom)
2023-08-25 08:51:28,973 [b786fb5c-5e67-4c82-ab21-01f7c3e13abe-groupManagement] INFO  server.RaftServerConfigKeys (ConfUtils.java:logGet(46)) - raft.server.log.unsafe-flush.enabled = false (default)
2023-08-25 08:51:28,973 [b786fb5c-5e67-4c82-ab21-01f7c3e13abe-groupManagement] INFO  server.RaftServerConfigKeys (ConfUtils.java:logGet(46)) - raft.server.log.async-flush.enabled = false (default)
2023-08-25 08:51:28,973 [b786fb5c-5e67-4c82-ab21-01f7c3e13abe-groupManagement] INFO  server.RaftServerConfigKeys (ConfUtils.java:logGet(46)) - raft.server.log.statemachine.data.caching.enabled = true (custom)
2023-08-25 08:51:28,973 [b786fb5c-5e67-4c82-ab21-01f7c3e13abe-groupManagement] INFO  segmented.SegmentedRaftLogWorker (SegmentedRaftLogWorker.java:lambda$new$0(135)) - b786fb5c-5e67-4c82-ab21-01f7c3e13abe@group-8568CF4000D9-SegmentedRaftLogWorker: flushIndex: setUnconditionally 0 -> -1
2023-08-25 08:51:28,973 [b786fb5c-5e67-4c82-ab21-01f7c3e13abe-groupManagement] INFO  segmented.SegmentedRaftLogWorker (SegmentedRaftLogWorker.java:lambda$new$0(135)) - b786fb5c-5e67-4c82-ab21-01f7c3e13abe@group-8568CF4000D9-SegmentedRaftLogWorker: safeCacheEvictIndex: setUnconditionally 0 -> -1
2023-08-25 08:51:28,974 [b786fb5c-5e67-4c82-ab21-01f7c3e13abe-groupManagement] INFO  server.RaftServer$Division (RaftServerImpl.java:start(342)) - b786fb5c-5e67-4c82-ab21-01f7c3e13abe@group-8568CF4000D9: start as a follower, conf=-1: peers:[b786fb5c-5e67-4c82-ab21-01f7c3e13abe|rpc:10.1.0.19:15076|admin:10.1.0.19:15075|client:10.1.0.19:15074|dataStream:10.1.0.19:15077|priority:0|startupRole:FOLLOWER, a3e84a91-4099-49fb-b86e-4b39e7f57019|rpc:10.1.0.19:15067|admin:10.1.0.19:15066|client:10.1.0.19:15065|dataStream:10.1.0.19:15068|priority:1|startupRole:FOLLOWER, e3412ff5-1f34-4b2f-8351-e8decf81f5b3|rpc:10.1.0.19:15085|admin:10.1.0.19:15084|client:10.1.0.19:15083|dataStream:10.1.0.19:15086|priority:0|startupRole:FOLLOWER]|listeners:[], old=null
2023-08-25 08:51:28,974 [b786fb5c-5e67-4c82-ab21-01f7c3e13abe-groupManagement] INFO  server.RaftServer$Division (RaftServerImpl.java:setRole(329)) - b786fb5c-5e67-4c82-ab21-01f7c3e13abe@group-8568CF4000D9: changes role from      null to FOLLOWER at term 0 for startAsFollower
2023-08-25 08:51:28,974 [b786fb5c-5e67-4c82-ab21-01f7c3e13abe-groupManagement] INFO  impl.RoleInfo (RoleInfo.java:updateAndGet(139)) - b786fb5c-5e67-4c82-ab21-01f7c3e13abe: start b786fb5c-5e67-4c82-ab21-01f7c3e13abe@group-8568CF4000D9-FollowerState
2023-08-25 08:51:28,974 [b786fb5c-5e67-4c82-ab21-01f7c3e13abe@group-8568CF4000D9-FollowerState] INFO  server.RaftServerConfigKeys (ConfUtils.java:logFallback(53)) - raft.server.rpc.first-election.timeout.min = 5s (fallback to raft.server.rpc.timeout.min)
2023-08-25 08:51:28,974 [b786fb5c-5e67-4c82-ab21-01f7c3e13abe-groupManagement] INFO  util.JmxRegister (JmxRegister.java:tryRegister(44)) - Successfully registered JMX Bean with object name Ratis:service=RaftServer,group=group-8568CF4000D9,id=b786fb5c-5e67-4c82-ab21-01f7c3e13abe
2023-08-25 08:51:28,974 [b786fb5c-5e67-4c82-ab21-01f7c3e13abe@group-8568CF4000D9-FollowerState] INFO  server.RaftServerConfigKeys (ConfUtils.java:logFallback(53)) - raft.server.rpc.first-election.timeout.max = 5200ms (fallback to raft.server.rpc.timeout.max)
2023-08-25 08:51:28,975 [b786fb5c-5e67-4c82-ab21-01f7c3e13abe-groupManagement] INFO  server.RaftServerConfigKeys (ConfUtils.java:logGet(46)) - raft.server.snapshot.auto.trigger.enabled = true (custom)
2023-08-25 08:51:28,975 [b786fb5c-5e67-4c82-ab21-01f7c3e13abe-groupManagement] INFO  server.RaftServerConfigKeys (ConfUtils.java:logGet(46)) - raft.server.snapshot.auto.trigger.threshold = 10000 (custom)
2023-08-25 08:51:28,975 [b786fb5c-5e67-4c82-ab21-01f7c3e13abe-groupManagement] INFO  server.RaftServerConfigKeys (ConfUtils.java:logGet(46)) - raft.server.snapshot.retention.file.num = 5 (custom)
2023-08-25 08:51:28,975 [b786fb5c-5e67-4c82-ab21-01f7c3e13abe-groupManagement] INFO  server.RaftServerConfigKeys (ConfUtils.java:logGet(46)) - raft.server.log.purge.upto.snapshot.index = false (default)
2023-08-25 08:51:29,001 [grpc-default-executor-0] INFO  server.RaftServer (RaftServerProxy.java:addNew(98)) - e3412ff5-1f34-4b2f-8351-e8decf81f5b3: addNew group-8568CF4000D9:[b786fb5c-5e67-4c82-ab21-01f7c3e13abe|rpc:10.1.0.19:15076|admin:10.1.0.19:15075|client:10.1.0.19:15074|dataStream:10.1.0.19:15077|priority:0|startupRole:FOLLOWER, a3e84a91-4099-49fb-b86e-4b39e7f57019|rpc:10.1.0.19:15067|admin:10.1.0.19:15066|client:10.1.0.19:15065|dataStream:10.1.0.19:15068|priority:1|startupRole:FOLLOWER, e3412ff5-1f34-4b2f-8351-e8decf81f5b3|rpc:10.1.0.19:15085|admin:10.1.0.19:15084|client:10.1.0.19:15083|dataStream:10.1.0.19:15086|priority:0|startupRole:FOLLOWER] returns group-8568CF4000D9:java.util.concurrent.CompletableFuture@7150c550[Not completed]
2023-08-25 08:51:29,002 [e3412ff5-1f34-4b2f-8351-e8decf81f5b3-groupManagement] INFO  server.RaftServer$Division (RaftServerImpl.java:<init>(198)) - e3412ff5-1f34-4b2f-8351-e8decf81f5b3: new RaftServerImpl for group-8568CF4000D9:[b786fb5c-5e67-4c82-ab21-01f7c3e13abe|rpc:10.1.0.19:15076|admin:10.1.0.19:15075|client:10.1.0.19:15074|dataStream:10.1.0.19:15077|priority:0|startupRole:FOLLOWER, a3e84a91-4099-49fb-b86e-4b39e7f57019|rpc:10.1.0.19:15067|admin:10.1.0.19:15066|client:10.1.0.19:15065|dataStream:10.1.0.19:15068|priority:1|startupRole:FOLLOWER, e3412ff5-1f34-4b2f-8351-e8decf81f5b3|rpc:10.1.0.19:15085|admin:10.1.0.19:15084|client:10.1.0.19:15083|dataStream:10.1.0.19:15086|priority:0|startupRole:FOLLOWER] with ContainerStateMachine:uninitialized
2023-08-25 08:51:29,002 [e3412ff5-1f34-4b2f-8351-e8decf81f5b3-groupManagement] INFO  server.RaftServerConfigKeys (ConfUtils.java:logGet(46)) - raft.server.rpc.timeout.min = 5s (custom)
2023-08-25 08:51:29,002 [e3412ff5-1f34-4b2f-8351-e8decf81f5b3-groupManagement] INFO  server.RaftServerConfigKeys (ConfUtils.java:logGet(46)) - raft.server.rpc.timeout.max = 5200ms (custom)
2023-08-25 08:51:29,002 [e3412ff5-1f34-4b2f-8351-e8decf81f5b3-groupManagement] INFO  server.RaftServerConfigKeys (ConfUtils.java:logGet(46)) - raft.server.rpc.sleep.time = 25ms (default)
2023-08-25 08:51:29,002 [e3412ff5-1f34-4b2f-8351-e8decf81f5b3-groupManagement] INFO  server.RaftServerConfigKeys (ConfUtils.java:logGet(46)) - raft.server.rpc.slowness.timeout = 300s (custom)
2023-08-25 08:51:29,002 [e3412ff5-1f34-4b2f-8351-e8decf81f5b3-groupManagement] INFO  server.RaftServerConfigKeys (ConfUtils.java:logGet(46)) - raft.server.leaderelection.leader.step-down.wait-time = 10s (default)
2023-08-25 08:51:29,002 [e3412ff5-1f34-4b2f-8351-e8decf81f5b3-groupManagement] INFO  server.RaftServerConfigKeys (ConfUtils.java:logGet(46)) - raft.server.sleep.deviation.threshold = 300ms (default)
2023-08-25 08:51:29,003 [e3412ff5-1f34-4b2f-8351-e8decf81f5b3-groupManagement] INFO  server.RaftServer$Division (ServerState.java:<init>(120)) - e3412ff5-1f34-4b2f-8351-e8decf81f5b3@group-8568CF4000D9: ConfigurationManager, init=-1: peers:[b786fb5c-5e67-4c82-ab21-01f7c3e13abe|rpc:10.1.0.19:15076|admin:10.1.0.19:15075|client:10.1.0.19:15074|dataStream:10.1.0.19:15077|priority:0|startupRole:FOLLOWER, a3e84a91-4099-49fb-b86e-4b39e7f57019|rpc:10.1.0.19:15067|admin:10.1.0.19:15066|client:10.1.0.19:15065|dataStream:10.1.0.19:15068|priority:1|startupRole:FOLLOWER, e3412ff5-1f34-4b2f-8351-e8decf81f5b3|rpc:10.1.0.19:15085|admin:10.1.0.19:15084|client:10.1.0.19:15083|dataStream:10.1.0.19:15086|priority:0|startupRole:FOLLOWER]|listeners:[], old=null, confs=<EMPTY_MAP>
2023-08-25 08:51:29,003 [e3412ff5-1f34-4b2f-8351-e8decf81f5b3-groupManagement] INFO  server.RaftServerConfigKeys (ConfUtils.java:logGet(46)) - raft.server.storage.dir = [/home/runner/work/ozone/ozone/hadoop-ozone/integration-test/target/test-dir/MiniOzoneClusterImpl-7264bf39-beec-4c8a-bbdc-a469073ec634/datanode-2/data/ratis] (custom)
2023-08-25 08:51:29,003 [e3412ff5-1f34-4b2f-8351-e8decf81f5b3-groupManagement] INFO  server.RaftServerConfigKeys (ConfUtils.java:logGet(46)) - raft.server.log.corruption.policy = EXCEPTION (default)
2023-08-25 08:51:29,003 [e3412ff5-1f34-4b2f-8351-e8decf81f5b3-groupManagement] INFO  server.RaftServerConfigKeys (ConfUtils.java:logGet(46)) - raft.server.storage.free-space.min = 0MB (=0) (default)
2023-08-25 08:51:29,003 [e3412ff5-1f34-4b2f-8351-e8decf81f5b3-groupManagement] INFO  server.RaftServerConfigKeys (ConfUtils.java:logGet(46)) - raft.server.notification.no-leader.timeout = 300s (custom)
2023-08-25 08:51:29,003 [e3412ff5-1f34-4b2f-8351-e8decf81f5b3-groupManagement] INFO  server.RaftServerConfigKeys (ConfUtils.java:logGet(46)) - raft.server.read.timeout = 10s (default)
2023-08-25 08:51:29,003 [e3412ff5-1f34-4b2f-8351-e8decf81f5b3-groupManagement] INFO  server.RaftServerConfigKeys (ConfUtils.java:logGet(46)) - raft.server.retrycache.expirytime = 600000ms (custom)
2023-08-25 08:51:29,003 [e3412ff5-1f34-4b2f-8351-e8decf81f5b3-groupManagement] INFO  server.RaftServerConfigKeys (ConfUtils.java:logGet(46)) - raft.server.retrycache.statistics.expirytime = 100μs (default)
2023-08-25 08:51:29,003 [e3412ff5-1f34-4b2f-8351-e8decf81f5b3-groupManagement] INFO  server.RaftServerConfigKeys (ConfUtils.java:logGet(46)) - raft.server.read.option = DEFAULT (default)
2023-08-25 08:51:29,005 [e3412ff5-1f34-4b2f-8351-e8decf81f5b3-groupManagement] INFO  server.RaftServerConfigKeys (ConfUtils.java:logGet(46)) - raft.server.rpc.request.timeout = 60s (custom)
2023-08-25 08:51:29,005 [e3412ff5-1f34-4b2f-8351-e8decf81f5b3-groupManagement] INFO  server.RaftServerConfigKeys (ConfUtils.java:logGet(46)) - raft.server.log.appender.install.snapshot.enabled = false (custom)
2023-08-25 08:51:29,005 [e3412ff5-1f34-4b2f-8351-e8decf81f5b3-groupManagement] INFO  server.RaftServerConfigKeys (ConfUtils.java:logGet(46)) - raft.server.threadpool.server.cached = true (default)
2023-08-25 08:51:29,005 [e3412ff5-1f34-4b2f-8351-e8decf81f5b3-groupManagement] INFO  server.RaftServerConfigKeys (ConfUtils.java:logGet(46)) - raft.server.threadpool.server.size = 0 (default)
2023-08-25 08:51:29,005 [e3412ff5-1f34-4b2f-8351-e8decf81f5b3-groupManagement] INFO  server.RaftServerConfigKeys (ConfUtils.java:logGet(46)) - raft.server.threadpool.client.cached = true (default)
2023-08-25 08:51:29,005 [e3412ff5-1f34-4b2f-8351-e8decf81f5b3-groupManagement] INFO  server.RaftServerConfigKeys (ConfUtils.java:logGet(46)) - raft.server.threadpool.client.size = 0 (default)
2023-08-25 08:51:29,005 [e3412ff5-1f34-4b2f-8351-e8decf81f5b3-groupManagement] INFO  storage.RaftStorageDirectory (RaftStorageDirectoryImpl.java:analyzeStorage(137)) - The storage directory /home/runner/work/ozone/ozone/hadoop-ozone/integration-test/target/test-dir/MiniOzoneClusterImpl-7264bf39-beec-4c8a-bbdc-a469073ec634/datanode-2/data/ratis/e255e297-f576-47c6-be75-8568cf4000d9 does not exist. Creating ...
2023-08-25 08:51:29,007 [e3412ff5-1f34-4b2f-8351-e8decf81f5b3-groupManagement] INFO  storage.RaftStorageDirectory (RaftStorageDirectoryImpl.java:tryLock(231)) - Lock on /home/runner/work/ozone/ozone/hadoop-ozone/integration-test/target/test-dir/MiniOzoneClusterImpl-7264bf39-beec-4c8a-bbdc-a469073ec634/datanode-2/data/ratis/e255e297-f576-47c6-be75-8568cf4000d9/in_use.lock acquired by nodename 30217@fv-az584-689
2023-08-25 08:51:29,008 [e3412ff5-1f34-4b2f-8351-e8decf81f5b3-groupManagement] INFO  storage.RaftStorage (RaftStorageImpl.java:format(96)) - Storage directory /home/runner/work/ozone/ozone/hadoop-ozone/integration-test/target/test-dir/MiniOzoneClusterImpl-7264bf39-beec-4c8a-bbdc-a469073ec634/datanode-2/data/ratis/e255e297-f576-47c6-be75-8568cf4000d9 has been successfully formatted.
2023-08-25 08:51:29,010 [e3412ff5-1f34-4b2f-8351-e8decf81f5b3-groupManagement] INFO  ratis.ContainerStateMachine (ContainerStateMachine.java:loadSnapshot(262)) - group-8568CF4000D9: The snapshot info is null. Setting the last applied indexto:(t:0, i:~)
2023-08-25 08:51:29,010 [e3412ff5-1f34-4b2f-8351-e8decf81f5b3-groupManagement] INFO  server.RaftServerConfigKeys (ConfUtils.java:logGet(46)) - raft.server.log.use.memory = false (default)
2023-08-25 08:51:29,010 [e3412ff5-1f34-4b2f-8351-e8decf81f5b3-groupManagement] INFO  server.RaftServerConfigKeys (ConfUtils.java:logGet(46)) - raft.server.log.purge.gap = 1000000 (custom)
2023-08-25 08:51:29,010 [e3412ff5-1f34-4b2f-8351-e8decf81f5b3-groupManagement] INFO  server.RaftServerConfigKeys (ConfUtils.java:logGet(46)) - raft.server.log.appender.buffer.byte-limit = 33554432 (custom)
2023-08-25 08:51:29,010 [e3412ff5-1f34-4b2f-8351-e8decf81f5b3-groupManagement] INFO  server.RaftServerConfigKeys (ConfUtils.java:logGet(46)) - raft.server.log.statemachine.data.read.timeout = 1000ms (default)
2023-08-25 08:51:29,011 [e3412ff5-1f34-4b2f-8351-e8decf81f5b3-groupManagement] INFO  server.RaftServerConfigKeys (ConfUtils.java:logGet(46)) - raft.server.log.purge.preservation.log.num = 0 (default)
2023-08-25 08:51:29,011 [e3412ff5-1f34-4b2f-8351-e8decf81f5b3-groupManagement] INFO  server.RaftServerConfigKeys (ConfUtils.java:logGet(46)) - raft.server.log.segment.size.max = 1048576 (custom)
2023-08-25 08:51:29,011 [e3412ff5-1f34-4b2f-8351-e8decf81f5b3-groupManagement] INFO  server.RaftServerConfigKeys (ConfUtils.java:logGet(46)) - raft.server.log.segment.cache.num.max = 2 (custom)
2023-08-25 08:51:29,011 [e3412ff5-1f34-4b2f-8351-e8decf81f5b3-groupManagement] INFO  server.RaftServerConfigKeys (ConfUtils.java:logGet(46)) - raft.server.log.segment.cache.size.max = 200MB (=209715200) (default)
2023-08-25 08:51:29,011 [e3412ff5-1f34-4b2f-8351-e8decf81f5b3-groupManagement] INFO  server.RaftServerConfigKeys (ConfUtils.java:logGet(46)) - raft.server.log.appender.buffer.byte-limit = 33554432 (custom)
2023-08-25 08:51:29,011 [e3412ff5-1f34-4b2f-8351-e8decf81f5b3-groupManagement] INFO  segmented.SegmentedRaftLogWorker (SegmentedRaftLogWorker.java:<init>(188)) - new e3412ff5-1f34-4b2f-8351-e8decf81f5b3@group-8568CF4000D9-SegmentedRaftLogWorker for RaftStorageImpl:Storage Directory /home/runner/work/ozone/ozone/hadoop-ozone/integration-test/target/test-dir/MiniOzoneClusterImpl-7264bf39-beec-4c8a-bbdc-a469073ec634/datanode-2/data/ratis/e255e297-f576-47c6-be75-8568cf4000d9
2023-08-25 08:51:29,011 [e3412ff5-1f34-4b2f-8351-e8decf81f5b3-groupManagement] INFO  server.RaftServerConfigKeys (ConfUtils.java:logGet(46)) - raft.server.log.queue.byte-limit = 4294967296 (custom)
2023-08-25 08:51:29,011 [e3412ff5-1f34-4b2f-8351-e8decf81f5b3-groupManagement] INFO  server.RaftServerConfigKeys (ConfUtils.java:logGet(46)) - raft.server.log.queue.element-limit = 1024 (custom)
2023-08-25 08:51:29,011 [e3412ff5-1f34-4b2f-8351-e8decf81f5b3-groupManagement] INFO  server.RaftServerConfigKeys (ConfUtils.java:logGet(46)) - raft.server.log.segment.size.max = 1048576 (custom)
2023-08-25 08:51:29,011 [e3412ff5-1f34-4b2f-8351-e8decf81f5b3-groupManagement] INFO  server.RaftServerConfigKeys (ConfUtils.java:logGet(46)) - raft.server.log.preallocated.size = 16384 (custom)
2023-08-25 08:51:29,012 [e3412ff5-1f34-4b2f-8351-e8decf81f5b3-groupManagement] INFO  server.RaftServerConfigKeys (ConfUtils.java:logGet(46)) - raft.server.log.force.sync.num = 128 (default)
2023-08-25 08:51:29,012 [e3412ff5-1f34-4b2f-8351-e8decf81f5b3-groupManagement] INFO  server.RaftServerConfigKeys (ConfUtils.java:logGet(46)) - raft.server.log.statemachine.data.sync = true (default)
2023-08-25 08:51:29,012 [e3412ff5-1f34-4b2f-8351-e8decf81f5b3-groupManagement] INFO  server.RaftServerConfigKeys (ConfUtils.java:logGet(46)) - raft.server.log.statemachine.data.sync.timeout = 10s (default)
2023-08-25 08:51:29,012 [e3412ff5-1f34-4b2f-8351-e8decf81f5b3-groupManagement] INFO  server.RaftServerConfigKeys (ConfUtils.java:logGet(46)) - raft.server.log.statemachine.data.sync.timeout.retry = -1 (default)
2023-08-25 08:51:29,012 [e3412ff5-1f34-4b2f-8351-e8decf81f5b3-groupManagement] INFO  server.RaftServerConfigKeys (ConfUtils.java:logGet(46)) - raft.server.log.write.buffer.size = 1048576 (custom)
2023-08-25 08:51:29,013 [e3412ff5-1f34-4b2f-8351-e8decf81f5b3-groupManagement] INFO  server.RaftServerConfigKeys (ConfUtils.java:logGet(46)) - raft.server.log.appender.buffer.byte-limit = 33554432 (custom)
2023-08-25 08:51:29,019 [e3412ff5-1f34-4b2f-8351-e8decf81f5b3-groupManagement] INFO  server.RaftServerConfigKeys (ConfUtils.java:logGet(46)) - raft.server.log.unsafe-flush.enabled = false (default)
2023-08-25 08:51:29,019 [e3412ff5-1f34-4b2f-8351-e8decf81f5b3-groupManagement] INFO  server.RaftServerConfigKeys (ConfUtils.java:logGet(46)) - raft.server.log.async-flush.enabled = false (default)
2023-08-25 08:51:29,019 [e3412ff5-1f34-4b2f-8351-e8decf81f5b3-groupManagement] INFO  server.RaftServerConfigKeys (ConfUtils.java:logGet(46)) - raft.server.log.statemachine.data.caching.enabled = true (custom)
2023-08-25 08:51:29,019 [e3412ff5-1f34-4b2f-8351-e8decf81f5b3-groupManagement] INFO  segmented.SegmentedRaftLogWorker (SegmentedRaftLogWorker.java:lambda$new$0(135)) - e3412ff5-1f34-4b2f-8351-e8decf81f5b3@group-8568CF4000D9-SegmentedRaftLogWorker: flushIndex: setUnconditionally 0 -> -1
2023-08-25 08:51:29,019 [e3412ff5-1f34-4b2f-8351-e8decf81f5b3-groupManagement] INFO  segmented.SegmentedRaftLogWorker (SegmentedRaftLogWorker.java:lambda$new$0(135)) - e3412ff5-1f34-4b2f-8351-e8decf81f5b3@group-8568CF4000D9-SegmentedRaftLogWorker: safeCacheEvictIndex: setUnconditionally 0 -> -1
2023-08-25 08:51:29,020 [e3412ff5-1f34-4b2f-8351-e8decf81f5b3-groupManagement] INFO  server.RaftServer$Division (RaftServerImpl.java:start(342)) - e3412ff5-1f34-4b2f-8351-e8decf81f5b3@group-8568CF4000D9: start as a follower, conf=-1: peers:[b786fb5c-5e67-4c82-ab21-01f7c3e13abe|rpc:10.1.0.19:15076|admin:10.1.0.19:15075|client:10.1.0.19:15074|dataStream:10.1.0.19:15077|priority:0|startupRole:FOLLOWER, a3e84a91-4099-49fb-b86e-4b39e7f57019|rpc:10.1.0.19:15067|admin:10.1.0.19:15066|client:10.1.0.19:15065|dataStream:10.1.0.19:15068|priority:1|startupRole:FOLLOWER, e3412ff5-1f34-4b2f-8351-e8decf81f5b3|rpc:10.1.0.19:15085|admin:10.1.0.19:15084|client:10.1.0.19:15083|dataStream:10.1.0.19:15086|priority:0|startupRole:FOLLOWER]|listeners:[], old=null
2023-08-25 08:51:29,020 [e3412ff5-1f34-4b2f-8351-e8decf81f5b3-groupManagement] INFO  server.RaftServer$Division (RaftServerImpl.java:setRole(329)) - e3412ff5-1f34-4b2f-8351-e8decf81f5b3@group-8568CF4000D9: changes role from      null to FOLLOWER at term 0 for startAsFollower
2023-08-25 08:51:29,020 [e3412ff5-1f34-4b2f-8351-e8decf81f5b3-groupManagement] INFO  impl.RoleInfo (RoleInfo.java:updateAndGet(139)) - e3412ff5-1f34-4b2f-8351-e8decf81f5b3: start e3412ff5-1f34-4b2f-8351-e8decf81f5b3@group-8568CF4000D9-FollowerState
2023-08-25 08:51:29,024 [e3412ff5-1f34-4b2f-8351-e8decf81f5b3-groupManagement] INFO  util.JmxRegister (JmxRegister.java:tryRegister(44)) - Successfully registered JMX Bean with object name Ratis:service=RaftServer,group=group-8568CF4000D9,id=e3412ff5-1f34-4b2f-8351-e8decf81f5b3
2023-08-25 08:51:29,024 [e3412ff5-1f34-4b2f-8351-e8decf81f5b3-groupManagement] INFO  server.RaftServerConfigKeys (ConfUtils.java:logGet(46)) - raft.server.snapshot.auto.trigger.enabled = true (custom)
2023-08-25 08:51:29,024 [e3412ff5-1f34-4b2f-8351-e8decf81f5b3-groupManagement] INFO  server.RaftServerConfigKeys (ConfUtils.java:logGet(46)) - raft.server.snapshot.auto.trigger.threshold = 10000 (custom)
2023-08-25 08:51:29,024 [e3412ff5-1f34-4b2f-8351-e8decf81f5b3-groupManagement] INFO  server.RaftServerConfigKeys (ConfUtils.java:logGet(46)) - raft.server.snapshot.retention.file.num = 5 (custom)
2023-08-25 08:51:29,024 [e3412ff5-1f34-4b2f-8351-e8decf81f5b3-groupManagement] INFO  server.RaftServerConfigKeys (ConfUtils.java:logGet(46)) - raft.server.log.purge.upto.snapshot.index = false (default)
2023-08-25 08:51:29,025 [e3412ff5-1f34-4b2f-8351-e8decf81f5b3@group-8568CF4000D9-FollowerState] INFO  server.RaftServerConfigKeys (ConfUtils.java:logFallback(53)) - raft.server.rpc.first-election.timeout.min = 5s (fallback to raft.server.rpc.timeout.min)
2023-08-25 08:51:29,025 [e3412ff5-1f34-4b2f-8351-e8decf81f5b3@group-8568CF4000D9-FollowerState] INFO  server.RaftServerConfigKeys (ConfUtils.java:logFallback(53)) - raft.server.rpc.first-election.timeout.max = 5200ms (fallback to raft.server.rpc.timeout.max)
2023-08-25 08:51:29,034 [PipelineCommandHandlerThread-0] INFO  commandhandler.CreatePipelineCommandHandler (CreatePipelineCommandHandler.java:lambda$handle$2(124)) - Created Pipeline RATIS THREE PipelineID=e255e297-f576-47c6-be75-8568cf4000d9.
2023-08-25 08:51:29,035 [PipelineCommandHandlerThread-0] INFO  server.RaftServer (RaftServerProxy.java:addNew(98)) - a3e84a91-4099-49fb-b86e-4b39e7f57019: addNew group-FD0441190F8A:[b786fb5c-5e67-4c82-ab21-01f7c3e13abe|rpc:10.1.0.19:15076|admin:10.1.0.19:15075|client:10.1.0.19:15074|dataStream:10.1.0.19:15077|priority:0|startupRole:FOLLOWER, a3e84a91-4099-49fb-b86e-4b39e7f57019|rpc:10.1.0.19:15067|admin:10.1.0.19:15066|client:10.1.0.19:15065|dataStream:10.1.0.19:15068|priority:0|startupRole:FOLLOWER, e3412ff5-1f34-4b2f-8351-e8decf81f5b3|rpc:10.1.0.19:15085|admin:10.1.0.19:15084|client:10.1.0.19:15083|dataStream:10.1.0.19:15086|priority:1|startupRole:FOLLOWER] returns group-FD0441190F8A:java.util.concurrent.CompletableFuture@745e2976[Not completed]
2023-08-25 08:51:29,036 [a3e84a91-4099-49fb-b86e-4b39e7f57019-groupManagement] INFO  server.RaftServer$Division (RaftServerImpl.java:<init>(198)) - a3e84a91-4099-49fb-b86e-4b39e7f57019: new RaftServerImpl for group-FD0441190F8A:[b786fb5c-5e67-4c82-ab21-01f7c3e13abe|rpc:10.1.0.19:15076|admin:10.1.0.19:15075|client:10.1.0.19:15074|dataStream:10.1.0.19:15077|priority:0|startupRole:FOLLOWER, a3e84a91-4099-49fb-b86e-4b39e7f57019|rpc:10.1.0.19:15067|admin:10.1.0.19:15066|client:10.1.0.19:15065|dataStream:10.1.0.19:15068|priority:0|startupRole:FOLLOWER, e3412ff5-1f34-4b2f-8351-e8decf81f5b3|rpc:10.1.0.19:15085|admin:10.1.0.19:15084|client:10.1.0.19:15083|dataStream:10.1.0.19:15086|priority:1|startupRole:FOLLOWER] with ContainerStateMachine:uninitialized
2023-08-25 08:51:29,036 [a3e84a91-4099-49fb-b86e-4b39e7f57019-groupManagement] INFO  server.RaftServerConfigKeys (ConfUtils.java:logGet(46)) - raft.server.rpc.timeout.min = 5s (custom)
2023-08-25 08:51:29,036 [a3e84a91-4099-49fb-b86e-4b39e7f57019-groupManagement] INFO  server.RaftServerConfigKeys (ConfUtils.java:logGet(46)) - raft.server.rpc.timeout.max = 5200ms (custom)
2023-08-25 08:51:29,036 [a3e84a91-4099-49fb-b86e-4b39e7f57019-groupManagement] INFO  server.RaftServerConfigKeys (ConfUtils.java:logGet(46)) - raft.server.rpc.sleep.time = 25ms (default)
2023-08-25 08:51:29,036 [a3e84a91-4099-49fb-b86e-4b39e7f57019-groupManagement] INFO  server.RaftServerConfigKeys (ConfUtils.java:logGet(46)) - raft.server.rpc.slowness.timeout = 300s (custom)
2023-08-25 08:51:29,036 [a3e84a91-4099-49fb-b86e-4b39e7f57019-groupManagement] INFO  server.RaftServerConfigKeys (ConfUtils.java:logGet(46)) - raft.server.leaderelection.leader.step-down.wait-time = 10s (default)
2023-08-25 08:51:29,036 [a3e84a91-4099-49fb-b86e-4b39e7f57019-groupManagement] INFO  server.RaftServerConfigKeys (ConfUtils.java:logGet(46)) - raft.server.sleep.deviation.threshold = 300ms (default)
2023-08-25 08:51:29,036 [a3e84a91-4099-49fb-b86e-4b39e7f57019-groupManagement] INFO  server.RaftServer$Division (ServerState.java:<init>(120)) - a3e84a91-4099-49fb-b86e-4b39e7f57019@group-FD0441190F8A: ConfigurationManager, init=-1: peers:[b786fb5c-5e67-4c82-ab21-01f7c3e13abe|rpc:10.1.0.19:15076|admin:10.1.0.19:15075|client:10.1.0.19:15074|dataStream:10.1.0.19:15077|priority:0|startupRole:FOLLOWER, a3e84a91-4099-49fb-b86e-4b39e7f57019|rpc:10.1.0.19:15067|admin:10.1.0.19:15066|client:10.1.0.19:15065|dataStream:10.1.0.19:15068|priority:0|startupRole:FOLLOWER, e3412ff5-1f34-4b2f-8351-e8decf81f5b3|rpc:10.1.0.19:15085|admin:10.1.0.19:15084|client:10.1.0.19:15083|dataStream:10.1.0.19:15086|priority:1|startupRole:FOLLOWER]|listeners:[], old=null, confs=<EMPTY_MAP>
2023-08-25 08:51:29,036 [a3e84a91-4099-49fb-b86e-4b39e7f57019-groupManagement] INFO  server.RaftServerConfigKeys (ConfUtils.java:logGet(46)) - raft.server.storage.dir = [/home/runner/work/ozone/ozone/hadoop-ozone/integration-test/target/test-dir/MiniOzoneClusterImpl-7264bf39-beec-4c8a-bbdc-a469073ec634/datanode-0/data/ratis] (custom)
2023-08-25 08:51:29,036 [a3e84a91-4099-49fb-b86e-4b39e7f57019-groupManagement] INFO  server.RaftServerConfigKeys (ConfUtils.java:logGet(46)) - raft.server.log.corruption.policy = EXCEPTION (default)
2023-08-25 08:51:29,036 [a3e84a91-4099-49fb-b86e-4b39e7f57019-groupManagement] INFO  server.RaftServerConfigKeys (ConfUtils.java:logGet(46)) - raft.server.storage.free-space.min = 0MB (=0) (default)
2023-08-25 08:51:29,039 [a3e84a91-4099-49fb-b86e-4b39e7f57019-groupManagement] INFO  server.RaftServerConfigKeys (ConfUtils.java:logGet(46)) - raft.server.notification.no-leader.timeout = 300s (custom)
2023-08-25 08:51:29,039 [a3e84a91-4099-49fb-b86e-4b39e7f57019-groupManagement] INFO  server.RaftServerConfigKeys (ConfUtils.java:logGet(46)) - raft.server.read.timeout = 10s (default)
2023-08-25 08:51:29,039 [a3e84a91-4099-49fb-b86e-4b39e7f57019-groupManagement] INFO  server.RaftServerConfigKeys (ConfUtils.java:logGet(46)) - raft.server.retrycache.expirytime = 600000ms (custom)
2023-08-25 08:51:29,039 [a3e84a91-4099-49fb-b86e-4b39e7f57019-groupManagement] INFO  server.RaftServerConfigKeys (ConfUtils.java:logGet(46)) - raft.server.retrycache.statistics.expirytime = 100μs (default)
2023-08-25 08:51:29,039 [a3e84a91-4099-49fb-b86e-4b39e7f57019-groupManagement] INFO  server.RaftServerConfigKeys (ConfUtils.java:logGet(46)) - raft.server.read.option = DEFAULT (default)
2023-08-25 08:51:29,042 [a3e84a91-4099-49fb-b86e-4b39e7f57019-groupManagement] INFO  server.RaftServerConfigKeys (ConfUtils.java:logGet(46)) - raft.server.rpc.request.timeout = 60s (custom)
2023-08-25 08:51:29,042 [a3e84a91-4099-49fb-b86e-4b39e7f57019-groupManagement] INFO  server.RaftServerConfigKeys (ConfUtils.java:logGet(46)) - raft.server.log.appender.install.snapshot.enabled = false (custom)
2023-08-25 08:51:29,042 [a3e84a91-4099-49fb-b86e-4b39e7f57019-groupManagement] INFO  server.RaftServerConfigKeys (ConfUtils.java:logGet(46)) - raft.server.threadpool.server.cached = true (default)
2023-08-25 08:51:29,042 [a3e84a91-4099-49fb-b86e-4b39e7f57019-groupManagement] INFO  server.RaftServerConfigKeys (ConfUtils.java:logGet(46)) - raft.server.threadpool.server.size = 0 (default)
2023-08-25 08:51:29,042 [a3e84a91-4099-49fb-b86e-4b39e7f57019-groupManagement] INFO  server.RaftServerConfigKeys (ConfUtils.java:logGet(46)) - raft.server.threadpool.client.cached = true (default)
2023-08-25 08:51:29,042 [a3e84a91-4099-49fb-b86e-4b39e7f57019-groupManagement] INFO  server.RaftServerConfigKeys (ConfUtils.java:logGet(46)) - raft.server.threadpool.client.size = 0 (default)
2023-08-25 08:51:29,043 [a3e84a91-4099-49fb-b86e-4b39e7f57019-groupManagement] INFO  storage.RaftStorageDirectory (RaftStorageDirectoryImpl.java:analyzeStorage(137)) - The storage directory /home/runner/work/ozone/ozone/hadoop-ozone/integration-test/target/test-dir/MiniOzoneClusterImpl-7264bf39-beec-4c8a-bbdc-a469073ec634/datanode-0/data/ratis/107e6e47-b92c-4fc5-8804-fd0441190f8a does not exist. Creating ...
2023-08-25 08:51:29,045 [a3e84a91-4099-49fb-b86e-4b39e7f57019-groupManagement] INFO  storage.RaftStorageDirectory (RaftStorageDirectoryImpl.java:tryLock(231)) - Lock on /home/runner/work/ozone/ozone/hadoop-ozone/integration-test/target/test-dir/MiniOzoneClusterImpl-7264bf39-beec-4c8a-bbdc-a469073ec634/datanode-0/data/ratis/107e6e47-b92c-4fc5-8804-fd0441190f8a/in_use.lock acquired by nodename 30217@fv-az584-689
2023-08-25 08:51:29,047 [a3e84a91-4099-49fb-b86e-4b39e7f57019-groupManagement] INFO  storage.RaftStorage (RaftStorageImpl.java:format(96)) - Storage directory /home/runner/work/ozone/ozone/hadoop-ozone/integration-test/target/test-dir/MiniOzoneClusterImpl-7264bf39-beec-4c8a-bbdc-a469073ec634/datanode-0/data/ratis/107e6e47-b92c-4fc5-8804-fd0441190f8a has been successfully formatted.
2023-08-25 08:51:29,048 [a3e84a91-4099-49fb-b86e-4b39e7f57019-groupManagement] INFO  ratis.ContainerStateMachine (ContainerStateMachine.java:loadSnapshot(262)) - group-FD0441190F8A: The snapshot info is null. Setting the last applied indexto:(t:0, i:~)
2023-08-25 08:51:29,048 [a3e84a91-4099-49fb-b86e-4b39e7f57019-groupManagement] INFO  server.RaftServerConfigKeys (ConfUtils.java:logGet(46)) - raft.server.log.use.memory = false (default)
2023-08-25 08:51:29,049 [a3e84a91-4099-49fb-b86e-4b39e7f57019-groupManagement] INFO  server.RaftServerConfigKeys (ConfUtils.java:logGet(46)) - raft.server.log.purge.gap = 1000000 (custom)
2023-08-25 08:51:29,050 [EventQueue-OpenPipelineForHealthyPipelineSafeModeRule] INFO  safemode.SCMSafeModeManager (HealthyPipelineSafeModeRule.java:process(137)) - SCM in safe mode. Healthy pipelines reported count is 0, required healthy pipeline reported count is 1
2023-08-25 08:51:29,050 [a3e84a91-4099-49fb-b86e-4b39e7f57019-groupManagement] INFO  server.RaftServerConfigKeys (ConfUtils.java:logGet(46)) - raft.server.log.appender.buffer.byte-limit = 33554432 (custom)
2023-08-25 08:51:29,050 [a3e84a91-4099-49fb-b86e-4b39e7f57019-groupManagement] INFO  server.RaftServerConfigKeys (ConfUtils.java:logGet(46)) - raft.server.log.statemachine.data.read.timeout = 1000ms (default)
2023-08-25 08:51:29,051 [a3e84a91-4099-49fb-b86e-4b39e7f57019-groupManagement] INFO  server.RaftServerConfigKeys (ConfUtils.java:logGet(46)) - raft.server.log.purge.preservation.log.num = 0 (default)
2023-08-25 08:51:29,051 [a3e84a91-4099-49fb-b86e-4b39e7f57019-groupManagement] INFO  server.RaftServerConfigKeys (ConfUtils.java:logGet(46)) - raft.server.log.segment.size.max = 1048576 (custom)
2023-08-25 08:51:29,051 [a3e84a91-4099-49fb-b86e-4b39e7f57019-groupManagement] INFO  server.RaftServerConfigKeys (ConfUtils.java:logGet(46)) - raft.server.log.segment.cache.num.max = 2 (custom)
2023-08-25 08:51:29,051 [a3e84a91-4099-49fb-b86e-4b39e7f57019-groupManagement] INFO  server.RaftServerConfigKeys (ConfUtils.java:logGet(46)) - raft.server.log.segment.cache.size.max = 200MB (=209715200) (default)
2023-08-25 08:51:29,051 [a3e84a91-4099-49fb-b86e-4b39e7f57019-groupManagement] INFO  server.RaftServerConfigKeys (ConfUtils.java:logGet(46)) - raft.server.log.appender.buffer.byte-limit = 33554432 (custom)
2023-08-25 08:51:29,051 [a3e84a91-4099-49fb-b86e-4b39e7f57019-groupManagement] INFO  segmented.SegmentedRaftLogWorker (SegmentedRaftLogWorker.java:<init>(188)) - new a3e84a91-4099-49fb-b86e-4b39e7f57019@group-FD0441190F8A-SegmentedRaftLogWorker for RaftStorageImpl:Storage Directory /home/runner/work/ozone/ozone/hadoop-ozone/integration-test/target/test-dir/MiniOzoneClusterImpl-7264bf39-beec-4c8a-bbdc-a469073ec634/datanode-0/data/ratis/107e6e47-b92c-4fc5-8804-fd0441190f8a
2023-08-25 08:51:29,052 [a3e84a91-4099-49fb-b86e-4b39e7f57019-groupManagement] INFO  server.RaftServerConfigKeys (ConfUtils.java:logGet(46)) - raft.server.log.queue.byte-limit = 4294967296 (custom)
2023-08-25 08:51:29,052 [a3e84a91-4099-49fb-b86e-4b39e7f57019-groupManagement] INFO  server.RaftServerConfigKeys (ConfUtils.java:logGet(46)) - raft.server.log.queue.element-limit = 1024 (custom)
2023-08-25 08:51:29,052 [a3e84a91-4099-49fb-b86e-4b39e7f57019-groupManagement] INFO  server.RaftServerConfigKeys (ConfUtils.java:logGet(46)) - raft.server.log.segment.size.max = 1048576 (custom)
2023-08-25 08:51:29,052 [a3e84a91-4099-49fb-b86e-4b39e7f57019-groupManagement] INFO  server.RaftServerConfigKeys (ConfUtils.java:logGet(46)) - raft.server.log.preallocated.size = 16384 (custom)
2023-08-25 08:51:29,052 [a3e84a91-4099-49fb-b86e-4b39e7f57019-groupManagement] INFO  server.RaftServerConfigKeys (ConfUtils.java:logGet(46)) - raft.server.log.force.sync.num = 128 (default)
2023-08-25 08:51:29,052 [a3e84a91-4099-49fb-b86e-4b39e7f57019-groupManagement] INFO  server.RaftServerConfigKeys (ConfUtils.java:logGet(46)) - raft.server.log.statemachine.data.sync = true (default)
2023-08-25 08:51:29,052 [a3e84a91-4099-49fb-b86e-4b39e7f57019-groupManagement] INFO  server.RaftServerConfigKeys (ConfUtils.java:logGet(46)) - raft.server.log.statemachine.data.sync.timeout = 10s (default)
2023-08-25 08:51:29,052 [a3e84a91-4099-49fb-b86e-4b39e7f57019-groupManagement] INFO  server.RaftServerConfigKeys (ConfUtils.java:logGet(46)) - raft.server.log.statemachine.data.sync.timeout.retry = -1 (default)
2023-08-25 08:51:29,053 [a3e84a91-4099-49fb-b86e-4b39e7f57019-groupManagement] INFO  server.RaftServerConfigKeys (ConfUtils.java:logGet(46)) - raft.server.log.write.buffer.size = 1048576 (custom)
2023-08-25 08:51:29,053 [a3e84a91-4099-49fb-b86e-4b39e7f57019-groupManagement] INFO  server.RaftServerConfigKeys (ConfUtils.java:logGet(46)) - raft.server.log.appender.buffer.byte-limit = 33554432 (custom)
2023-08-25 08:51:29,059 [a3e84a91-4099-49fb-b86e-4b39e7f57019-groupManagement] INFO  server.RaftServerConfigKeys (ConfUtils.java:logGet(46)) - raft.server.log.unsafe-flush.enabled = false (default)
2023-08-25 08:51:29,059 [a3e84a91-4099-49fb-b86e-4b39e7f57019-groupManagement] INFO  server.RaftServerConfigKeys (ConfUtils.java:logGet(46)) - raft.server.log.async-flush.enabled = false (default)
2023-08-25 08:51:29,059 [a3e84a91-4099-49fb-b86e-4b39e7f57019-groupManagement] INFO  server.RaftServerConfigKeys (ConfUtils.java:logGet(46)) - raft.server.log.statemachine.data.caching.enabled = true (custom)
2023-08-25 08:51:29,059 [a3e84a91-4099-49fb-b86e-4b39e7f57019-groupManagement] INFO  segmented.SegmentedRaftLogWorker (SegmentedRaftLogWorker.java:lambda$new$0(135)) - a3e84a91-4099-49fb-b86e-4b39e7f57019@group-FD0441190F8A-SegmentedRaftLogWorker: flushIndex: setUnconditionally 0 -> -1
2023-08-25 08:51:29,059 [a3e84a91-4099-49fb-b86e-4b39e7f57019-groupManagement] INFO  segmented.SegmentedRaftLogWorker (SegmentedRaftLogWorker.java:lambda$new$0(135)) - a3e84a91-4099-49fb-b86e-4b39e7f57019@group-FD0441190F8A-SegmentedRaftLogWorker: safeCacheEvictIndex: setUnconditionally 0 -> -1
2023-08-25 08:51:29,059 [a3e84a91-4099-49fb-b86e-4b39e7f57019-groupManagement] INFO  server.RaftServer$Division (RaftServerImpl.java:start(342)) - a3e84a91-4099-49fb-b86e-4b39e7f57019@group-FD0441190F8A: start as a follower, conf=-1: peers:[b786fb5c-5e67-4c82-ab21-01f7c3e13abe|rpc:10.1.0.19:15076|admin:10.1.0.19:15075|client:10.1.0.19:15074|dataStream:10.1.0.19:15077|priority:0|startupRole:FOLLOWER, a3e84a91-4099-49fb-b86e-4b39e7f57019|rpc:10.1.0.19:15067|admin:10.1.0.19:15066|client:10.1.0.19:15065|dataStream:10.1.0.19:15068|priority:0|startupRole:FOLLOWER, e3412ff5-1f34-4b2f-8351-e8decf81f5b3|rpc:10.1.0.19:15085|admin:10.1.0.19:15084|client:10.1.0.19:15083|dataStream:10.1.0.19:15086|priority:1|startupRole:FOLLOWER]|listeners:[], old=null
2023-08-25 08:51:29,060 [a3e84a91-4099-49fb-b86e-4b39e7f57019-groupManagement] INFO  server.RaftServer$Division (RaftServerImpl.java:setRole(329)) - a3e84a91-4099-49fb-b86e-4b39e7f57019@group-FD0441190F8A: changes role from      null to FOLLOWER at term 0 for startAsFollower
2023-08-25 08:51:29,060 [a3e84a91-4099-49fb-b86e-4b39e7f57019-groupManagement] INFO  impl.RoleInfo (RoleInfo.java:updateAndGet(139)) - a3e84a91-4099-49fb-b86e-4b39e7f57019: start a3e84a91-4099-49fb-b86e-4b39e7f57019@group-FD0441190F8A-FollowerState
2023-08-25 08:51:29,061 [a3e84a91-4099-49fb-b86e-4b39e7f57019-groupManagement] INFO  util.JmxRegister (JmxRegister.java:tryRegister(44)) - Successfully registered JMX Bean with object name Ratis:service=RaftServer,group=group-FD0441190F8A,id=a3e84a91-4099-49fb-b86e-4b39e7f57019
2023-08-25 08:51:29,061 [a3e84a91-4099-49fb-b86e-4b39e7f57019-groupManagement] INFO  server.RaftServerConfigKeys (ConfUtils.java:logGet(46)) - raft.server.snapshot.auto.trigger.enabled = true (custom)
2023-08-25 08:51:29,061 [a3e84a91-4099-49fb-b86e-4b39e7f57019-groupManagement] INFO  server.RaftServerConfigKeys (ConfUtils.java:logGet(46)) - raft.server.snapshot.auto.trigger.threshold = 10000 (custom)
2023-08-25 08:51:29,061 [a3e84a91-4099-49fb-b86e-4b39e7f57019-groupManagement] INFO  server.RaftServerConfigKeys (ConfUtils.java:logGet(46)) - raft.server.snapshot.retention.file.num = 5 (custom)
2023-08-25 08:51:29,061 [a3e84a91-4099-49fb-b86e-4b39e7f57019-groupManagement] INFO  server.RaftServerConfigKeys (ConfUtils.java:logGet(46)) - raft.server.log.purge.upto.snapshot.index = false (default)
2023-08-25 08:51:29,062 [a3e84a91-4099-49fb-b86e-4b39e7f57019@group-FD0441190F8A-FollowerState] INFO  server.RaftServerConfigKeys (ConfUtils.java:logFallback(53)) - raft.server.rpc.first-election.timeout.min = 5s (fallback to raft.server.rpc.timeout.min)
2023-08-25 08:51:29,062 [a3e84a91-4099-49fb-b86e-4b39e7f57019@group-FD0441190F8A-FollowerState] INFO  server.RaftServerConfigKeys (ConfUtils.java:logFallback(53)) - raft.server.rpc.first-election.timeout.max = 5200ms (fallback to raft.server.rpc.timeout.max)
2023-08-25 08:51:29,064 [PipelineCommandHandlerThread-0] INFO  ratis.XceiverServerRatis (XceiverServerRatis.java:addGroup(804)) - Created group PipelineID=107e6e47-b92c-4fc5-8804-fd0441190f8a
2023-08-25 08:51:29,075 [grpc-default-executor-0] INFO  server.RaftServer (RaftServerProxy.java:addNew(98)) - b786fb5c-5e67-4c82-ab21-01f7c3e13abe: addNew group-FD0441190F8A:[b786fb5c-5e67-4c82-ab21-01f7c3e13abe|rpc:10.1.0.19:15076|admin:10.1.0.19:15075|client:10.1.0.19:15074|dataStream:10.1.0.19:15077|priority:0|startupRole:FOLLOWER, a3e84a91-4099-49fb-b86e-4b39e7f57019|rpc:10.1.0.19:15067|admin:10.1.0.19:15066|client:10.1.0.19:15065|dataStream:10.1.0.19:15068|priority:0|startupRole:FOLLOWER, e3412ff5-1f34-4b2f-8351-e8decf81f5b3|rpc:10.1.0.19:15085|admin:10.1.0.19:15084|client:10.1.0.19:15083|dataStream:10.1.0.19:15086|priority:1|startupRole:FOLLOWER] returns group-FD0441190F8A:java.util.concurrent.CompletableFuture@61895ca2[Not completed]
2023-08-25 08:51:29,076 [b786fb5c-5e67-4c82-ab21-01f7c3e13abe-groupManagement] INFO  server.RaftServer$Division (RaftServerImpl.java:<init>(198)) - b786fb5c-5e67-4c82-ab21-01f7c3e13abe: new RaftServerImpl for group-FD0441190F8A:[b786fb5c-5e67-4c82-ab21-01f7c3e13abe|rpc:10.1.0.19:15076|admin:10.1.0.19:15075|client:10.1.0.19:15074|dataStream:10.1.0.19:15077|priority:0|startupRole:FOLLOWER, a3e84a91-4099-49fb-b86e-4b39e7f57019|rpc:10.1.0.19:15067|admin:10.1.0.19:15066|client:10.1.0.19:15065|dataStream:10.1.0.19:15068|priority:0|startupRole:FOLLOWER, e3412ff5-1f34-4b2f-8351-e8decf81f5b3|rpc:10.1.0.19:15085|admin:10.1.0.19:15084|client:10.1.0.19:15083|dataStream:10.1.0.19:15086|priority:1|startupRole:FOLLOWER] with ContainerStateMachine:uninitialized
2023-08-25 08:51:29,076 [b786fb5c-5e67-4c82-ab21-01f7c3e13abe-groupManagement] INFO  server.RaftServerConfigKeys (ConfUtils.java:logGet(46)) - raft.server.rpc.timeout.min = 5s (custom)
2023-08-25 08:51:29,076 [b786fb5c-5e67-4c82-ab21-01f7c3e13abe-groupManagement] INFO  server.RaftServerConfigKeys (ConfUtils.java:logGet(46)) - raft.server.rpc.timeout.max = 5200ms (custom)
2023-08-25 08:51:29,077 [b786fb5c-5e67-4c82-ab21-01f7c3e13abe-groupManagement] INFO  server.RaftServerConfigKeys (ConfUtils.java:logGet(46)) - raft.server.rpc.sleep.time = 25ms (default)
2023-08-25 08:51:29,077 [b786fb5c-5e67-4c82-ab21-01f7c3e13abe-groupManagement] INFO  server.RaftServerConfigKeys (ConfUtils.java:logGet(46)) - raft.server.rpc.slowness.timeout = 300s (custom)
2023-08-25 08:51:29,077 [b786fb5c-5e67-4c82-ab21-01f7c3e13abe-groupManagement] INFO  server.RaftServerConfigKeys (ConfUtils.java:logGet(46)) - raft.server.leaderelection.leader.step-down.wait-time = 10s (default)
2023-08-25 08:51:29,077 [b786fb5c-5e67-4c82-ab21-01f7c3e13abe-groupManagement] INFO  server.RaftServerConfigKeys (ConfUtils.java:logGet(46)) - raft.server.sleep.deviation.threshold = 300ms (default)
2023-08-25 08:51:29,077 [b786fb5c-5e67-4c82-ab21-01f7c3e13abe-groupManagement] INFO  server.RaftServer$Division (ServerState.java:<init>(120)) - b786fb5c-5e67-4c82-ab21-01f7c3e13abe@group-FD0441190F8A: ConfigurationManager, init=-1: peers:[b786fb5c-5e67-4c82-ab21-01f7c3e13abe|rpc:10.1.0.19:15076|admin:10.1.0.19:15075|client:10.1.0.19:15074|dataStream:10.1.0.19:15077|priority:0|startupRole:FOLLOWER, a3e84a91-4099-49fb-b86e-4b39e7f57019|rpc:10.1.0.19:15067|admin:10.1.0.19:15066|client:10.1.0.19:15065|dataStream:10.1.0.19:15068|priority:0|startupRole:FOLLOWER, e3412ff5-1f34-4b2f-8351-e8decf81f5b3|rpc:10.1.0.19:15085|admin:10.1.0.19:15084|client:10.1.0.19:15083|dataStream:10.1.0.19:15086|priority:1|startupRole:FOLLOWER]|listeners:[], old=null, confs=<EMPTY_MAP>
2023-08-25 08:51:29,077 [b786fb5c-5e67-4c82-ab21-01f7c3e13abe-groupManagement] INFO  server.RaftServerConfigKeys (ConfUtils.java:logGet(46)) - raft.server.storage.dir = [/home/runner/work/ozone/ozone/hadoop-ozone/integration-test/target/test-dir/MiniOzoneClusterImpl-7264bf39-beec-4c8a-bbdc-a469073ec634/datanode-1/data/ratis] (custom)
2023-08-25 08:51:29,077 [b786fb5c-5e67-4c82-ab21-01f7c3e13abe-groupManagement] INFO  server.RaftServerConfigKeys (ConfUtils.java:logGet(46)) - raft.server.log.corruption.policy = EXCEPTION (default)
2023-08-25 08:51:29,078 [b786fb5c-5e67-4c82-ab21-01f7c3e13abe-groupManagement] INFO  server.RaftServerConfigKeys (ConfUtils.java:logGet(46)) - raft.server.storage.free-space.min = 0MB (=0) (default)
2023-08-25 08:51:29,078 [b786fb5c-5e67-4c82-ab21-01f7c3e13abe-groupManagement] INFO  server.RaftServerConfigKeys (ConfUtils.java:logGet(46)) - raft.server.notification.no-leader.timeout = 300s (custom)
2023-08-25 08:51:29,078 [b786fb5c-5e67-4c82-ab21-01f7c3e13abe-groupManagement] INFO  server.RaftServerConfigKeys (ConfUtils.java:logGet(46)) - raft.server.read.timeout = 10s (default)
2023-08-25 08:51:29,078 [b786fb5c-5e67-4c82-ab21-01f7c3e13abe-groupManagement] INFO  server.RaftServerConfigKeys (ConfUtils.java:logGet(46)) - raft.server.retrycache.expirytime = 600000ms (custom)
2023-08-25 08:51:29,078 [b786fb5c-5e67-4c82-ab21-01f7c3e13abe-groupManagement] INFO  server.RaftServerConfigKeys (ConfUtils.java:logGet(46)) - raft.server.retrycache.statistics.expirytime = 100μs (default)
2023-08-25 08:51:29,078 [b786fb5c-5e67-4c82-ab21-01f7c3e13abe-groupManagement] INFO  server.RaftServerConfigKeys (ConfUtils.java:logGet(46)) - raft.server.read.option = DEFAULT (default)
2023-08-25 08:51:29,079 [b786fb5c-5e67-4c82-ab21-01f7c3e13abe-groupManagement] INFO  server.RaftServerConfigKeys (ConfUtils.java:logGet(46)) - raft.server.rpc.request.timeout = 60s (custom)
2023-08-25 08:51:29,079 [b786fb5c-5e67-4c82-ab21-01f7c3e13abe-groupManagement] INFO  server.RaftServerConfigKeys (ConfUtils.java:logGet(46)) - raft.server.log.appender.install.snapshot.enabled = false (custom)
2023-08-25 08:51:29,079 [b786fb5c-5e67-4c82-ab21-01f7c3e13abe-groupManagement] INFO  server.RaftServerConfigKeys (ConfUtils.java:logGet(46)) - raft.server.threadpool.server.cached = true (default)
2023-08-25 08:51:29,079 [b786fb5c-5e67-4c82-ab21-01f7c3e13abe-groupManagement] INFO  server.RaftServerConfigKeys (ConfUtils.java:logGet(46)) - raft.server.threadpool.server.size = 0 (default)
2023-08-25 08:51:29,079 [b786fb5c-5e67-4c82-ab21-01f7c3e13abe-groupManagement] INFO  server.RaftServerConfigKeys (ConfUtils.java:logGet(46)) - raft.server.threadpool.client.cached = true (default)
2023-08-25 08:51:29,079 [b786fb5c-5e67-4c82-ab21-01f7c3e13abe-groupManagement] INFO  server.RaftServerConfigKeys (ConfUtils.java:logGet(46)) - raft.server.threadpool.client.size = 0 (default)
2023-08-25 08:51:29,079 [b786fb5c-5e67-4c82-ab21-01f7c3e13abe-groupManagement] INFO  storage.RaftStorageDirectory (RaftStorageDirectoryImpl.java:analyzeStorage(137)) - The storage directory /home/runner/work/ozone/ozone/hadoop-ozone/integration-test/target/test-dir/MiniOzoneClusterImpl-7264bf39-beec-4c8a-bbdc-a469073ec634/datanode-1/data/ratis/107e6e47-b92c-4fc5-8804-fd0441190f8a does not exist. Creating ...
2023-08-25 08:51:29,080 [b786fb5c-5e67-4c82-ab21-01f7c3e13abe-groupManagement] INFO  storage.RaftStorageDirectory (RaftStorageDirectoryImpl.java:tryLock(231)) - Lock on /home/runner/work/ozone/ozone/hadoop-ozone/integration-test/target/test-dir/MiniOzoneClusterImpl-7264bf39-beec-4c8a-bbdc-a469073ec634/datanode-1/data/ratis/107e6e47-b92c-4fc5-8804-fd0441190f8a/in_use.lock acquired by nodename 30217@fv-az584-689
2023-08-25 08:51:29,082 [b786fb5c-5e67-4c82-ab21-01f7c3e13abe-groupManagement] INFO  storage.RaftStorage (RaftStorageImpl.java:format(96)) - Storage directory /home/runner/work/ozone/ozone/hadoop-ozone/integration-test/target/test-dir/MiniOzoneClusterImpl-7264bf39-beec-4c8a-bbdc-a469073ec634/datanode-1/data/ratis/107e6e47-b92c-4fc5-8804-fd0441190f8a has been successfully formatted.
2023-08-25 08:51:29,082 [b786fb5c-5e67-4c82-ab21-01f7c3e13abe-groupManagement] INFO  ratis.ContainerStateMachine (ContainerStateMachine.java:loadSnapshot(262)) - group-FD0441190F8A: The snapshot info is null. Setting the last applied indexto:(t:0, i:~)
2023-08-25 08:51:29,082 [b786fb5c-5e67-4c82-ab21-01f7c3e13abe-groupManagement] INFO  server.RaftServerConfigKeys (ConfUtils.java:logGet(46)) - raft.server.log.use.memory = false (default)
2023-08-25 08:51:29,083 [b786fb5c-5e67-4c82-ab21-01f7c3e13abe-groupManagement] INFO  server.RaftServerConfigKeys (ConfUtils.java:logGet(46)) - raft.server.log.purge.gap = 1000000 (custom)
2023-08-25 08:51:29,083 [b786fb5c-5e67-4c82-ab21-01f7c3e13abe-groupManagement] INFO  server.RaftServerConfigKeys (ConfUtils.java:logGet(46)) - raft.server.log.appender.buffer.byte-limit = 33554432 (custom)
2023-08-25 08:51:29,083 [b786fb5c-5e67-4c82-ab21-01f7c3e13abe-groupManagement] INFO  server.RaftServerConfigKeys (ConfUtils.java:logGet(46)) - raft.server.log.statemachine.data.read.timeout = 1000ms (default)
2023-08-25 08:51:29,083 [b786fb5c-5e67-4c82-ab21-01f7c3e13abe-groupManagement] INFO  server.RaftServerConfigKeys (ConfUtils.java:logGet(46)) - raft.server.log.purge.preservation.log.num = 0 (default)
2023-08-25 08:51:29,083 [b786fb5c-5e67-4c82-ab21-01f7c3e13abe-groupManagement] INFO  server.RaftServerConfigKeys (ConfUtils.java:logGet(46)) - raft.server.log.segment.size.max = 1048576 (custom)
2023-08-25 08:51:29,083 [b786fb5c-5e67-4c82-ab21-01f7c3e13abe-groupManagement] INFO  server.RaftServerConfigKeys (ConfUtils.java:logGet(46)) - raft.server.log.segment.cache.num.max = 2 (custom)
2023-08-25 08:51:29,084 [b786fb5c-5e67-4c82-ab21-01f7c3e13abe-groupManagement] INFO  server.RaftServerConfigKeys (ConfUtils.java:logGet(46)) - raft.server.log.segment.cache.size.max = 200MB (=209715200) (default)
2023-08-25 08:51:29,084 [b786fb5c-5e67-4c82-ab21-01f7c3e13abe-groupManagement] INFO  server.RaftServerConfigKeys (ConfUtils.java:logGet(46)) - raft.server.log.appender.buffer.byte-limit = 33554432 (custom)
2023-08-25 08:51:29,084 [b786fb5c-5e67-4c82-ab21-01f7c3e13abe-groupManagement] INFO  segmented.SegmentedRaftLogWorker (SegmentedRaftLogWorker.java:<init>(188)) - new b786fb5c-5e67-4c82-ab21-01f7c3e13abe@group-FD0441190F8A-SegmentedRaftLogWorker for RaftStorageImpl:Storage Directory /home/runner/work/ozone/ozone/hadoop-ozone/integration-test/target/test-dir/MiniOzoneClusterImpl-7264bf39-beec-4c8a-bbdc-a469073ec634/datanode-1/data/ratis/107e6e47-b92c-4fc5-8804-fd0441190f8a
2023-08-25 08:51:29,084 [b786fb5c-5e67-4c82-ab21-01f7c3e13abe-groupManagement] INFO  server.RaftServerConfigKeys (ConfUtils.java:logGet(46)) - raft.server.log.queue.byte-limit = 4294967296 (custom)
2023-08-25 08:51:29,084 [b786fb5c-5e67-4c82-ab21-01f7c3e13abe-groupManagement] INFO  server.RaftServerConfigKeys (ConfUtils.java:logGet(46)) - raft.server.log.queue.element-limit = 1024 (custom)
2023-08-25 08:51:29,084 [b786fb5c-5e67-4c82-ab21-01f7c3e13abe-groupManagement] INFO  server.RaftServerConfigKeys (ConfUtils.java:logGet(46)) - raft.server.log.segment.size.max = 1048576 (custom)
2023-08-25 08:51:29,084 [b786fb5c-5e67-4c82-ab21-01f7c3e13abe-groupManagement] INFO  server.RaftServerConfigKeys (ConfUtils.java:logGet(46)) - raft.server.log.preallocated.size = 16384 (custom)
2023-08-25 08:51:29,084 [b786fb5c-5e67-4c82-ab21-01f7c3e13abe-groupManagement] INFO  server.RaftServerConfigKeys (ConfUtils.java:logGet(46)) - raft.server.log.force.sync.num = 128 (default)
2023-08-25 08:51:29,084 [b786fb5c-5e67-4c82-ab21-01f7c3e13abe-groupManagement] INFO  server.RaftServerConfigKeys (ConfUtils.java:logGet(46)) - raft.server.log.statemachine.data.sync = true (default)
2023-08-25 08:51:29,084 [b786fb5c-5e67-4c82-ab21-01f7c3e13abe-groupManagement] INFO  server.RaftServerConfigKeys (ConfUtils.java:logGet(46)) - raft.server.log.statemachine.data.sync.timeout = 10s (default)
2023-08-25 08:51:29,084 [b786fb5c-5e67-4c82-ab21-01f7c3e13abe-groupManagement] INFO  server.RaftServerConfigKeys (ConfUtils.java:logGet(46)) - raft.server.log.statemachine.data.sync.timeout.retry = -1 (default)
2023-08-25 08:51:29,085 [b786fb5c-5e67-4c82-ab21-01f7c3e13abe-groupManagement] INFO  server.RaftServerConfigKeys (ConfUtils.java:logGet(46)) - raft.server.log.write.buffer.size = 1048576 (custom)
2023-08-25 08:51:29,086 [b786fb5c-5e67-4c82-ab21-01f7c3e13abe-groupManagement] INFO  server.RaftServerConfigKeys (ConfUtils.java:logGet(46)) - raft.server.log.appender.buffer.byte-limit = 33554432 (custom)
2023-08-25 08:51:29,407 [JvmPauseMonitor10] WARN  util.JvmPauseMonitor (JvmPauseMonitor.java:detectPause(124)) - JvmPauseMonitor-b786fb5c-5e67-4c82-ab21-01f7c3e13abe: Detected pause in JVM or host machine approximately 0.134s with 0.319s GC time.
GC pool 'PS MarkSweep' had collection(s): count=1 time=248ms
GC pool 'PS Scavenge' had collection(s): count=1 time=71ms
2023-08-25 08:51:29,407 [JvmPauseMonitor13] WARN  util.JvmPauseMonitor (JvmPauseMonitor.java:detectPause(124)) - JvmPauseMonitor-0e5a7e70-4bad-4e07-bed3-bc8780d50e71: Detected pause in JVM or host machine approximately 0.142s with 0.319s GC time.
GC pool 'PS MarkSweep' had collection(s): count=1 time=248ms
GC pool 'PS Scavenge' had collection(s): count=1 time=71ms
2023-08-25 08:51:29,407 [Time-limited test] INFO  ozone.MiniOzoneClusterImpl (MiniOzoneClusterImpl.java:lambda$waitForClusterToBeReady$0(224)) - Nodes are ready. Got 5 of 5 DN Heartbeats.
2023-08-25 08:51:29,407 [Time-limited test] INFO  ozone.MiniOzoneClusterImpl (MiniOzoneClusterImpl.java:lambda$waitForClusterToBeReady$0(227)) - Waiting for cluster to exit safe mode
2023-08-25 08:51:29,408 [Time-limited test] INFO  ozone.MiniOzoneClusterImpl (MiniOzoneClusterImpl.java:lambda$waitForClusterToBeReady$0(229)) - SCM became leader
2023-08-25 08:51:29,408 [PipelineCommandHandlerThread-0] INFO  server.RaftServer (RaftServerProxy.java:addNew(98)) - b786fb5c-5e67-4c82-ab21-01f7c3e13abe: addNew group-17B64EFC06D6:[b786fb5c-5e67-4c82-ab21-01f7c3e13abe|rpc:10.1.0.19:15076|admin:10.1.0.19:15075|client:10.1.0.19:15074|dataStream:10.1.0.19:15077|priority:1|startupRole:FOLLOWER] returns group-17B64EFC06D6:java.util.concurrent.CompletableFuture@54055417[Not completed]
2023-08-25 08:51:29,409 [ReplicationMonitor] INFO  replication.ReplicationManager (ReplicationManager.java:processAll(361)) - Replication Manager is not ready to run until 3000ms after safemode exit
2023-08-25 08:51:29,409 [JvmPauseMonitor11] WARN  util.JvmPauseMonitor (JvmPauseMonitor.java:detectPause(124)) - JvmPauseMonitor-e3412ff5-1f34-4b2f-8351-e8decf81f5b3: Detected pause in JVM or host machine approximately 0.263s with 0.319s GC time.
GC pool 'PS MarkSweep' had collection(s): count=1 time=248ms
GC pool 'PS Scavenge' had collection(s): count=1 time=71ms
2023-08-25 08:51:29,410 [JvmPauseMonitor7] WARN  util.JvmPauseMonitor (JvmPauseMonitor.java:detectPause(124)) - JvmPauseMonitor-41043a62-a2d9-4802-afa4-17e4ccaa0602: Detected pause in JVM or host machine approximately 0.269s with 0.319s GC time.
GC pool 'PS MarkSweep' had collection(s): count=1 time=248ms
GC pool 'PS Scavenge' had collection(s): count=1 time=71ms
2023-08-25 08:51:29,421 [b786fb5c-5e67-4c82-ab21-01f7c3e13abe-groupManagement] INFO  server.RaftServerConfigKeys (ConfUtils.java:logGet(46)) - raft.server.log.unsafe-flush.enabled = false (default)
2023-08-25 08:51:29,423 [b786fb5c-5e67-4c82-ab21-01f7c3e13abe-groupManagement] INFO  server.RaftServerConfigKeys (ConfUtils.java:logGet(46)) - raft.server.log.async-flush.enabled = false (default)
2023-08-25 08:51:29,423 [b786fb5c-5e67-4c82-ab21-01f7c3e13abe-groupManagement] INFO  server.RaftServerConfigKeys (ConfUtils.java:logGet(46)) - raft.server.log.statemachine.data.caching.enabled = true (custom)
2023-08-25 08:51:29,423 [b786fb5c-5e67-4c82-ab21-01f7c3e13abe-groupManagement] INFO  segmented.SegmentedRaftLogWorker (SegmentedRaftLogWorker.java:lambda$new$0(135)) - b786fb5c-5e67-4c82-ab21-01f7c3e13abe@group-FD0441190F8A-SegmentedRaftLogWorker: flushIndex: setUnconditionally 0 -> -1
2023-08-25 08:51:29,423 [b786fb5c-5e67-4c82-ab21-01f7c3e13abe-groupManagement] INFO  segmented.SegmentedRaftLogWorker (SegmentedRaftLogWorker.java:lambda$new$0(135)) - b786fb5c-5e67-4c82-ab21-01f7c3e13abe@group-FD0441190F8A-SegmentedRaftLogWorker: safeCacheEvictIndex: setUnconditionally 0 -> -1
2023-08-25 08:51:29,427 [b786fb5c-5e67-4c82-ab21-01f7c3e13abe-groupManagement] INFO  server.RaftServer$Division (RaftServerImpl.java:start(342)) - b786fb5c-5e67-4c82-ab21-01f7c3e13abe@group-FD0441190F8A: start as a follower, conf=-1: peers:[b786fb5c-5e67-4c82-ab21-01f7c3e13abe|rpc:10.1.0.19:15076|admin:10.1.0.19:15075|client:10.1.0.19:15074|dataStream:10.1.0.19:15077|priority:0|startupRole:FOLLOWER, a3e84a91-4099-49fb-b86e-4b39e7f57019|rpc:10.1.0.19:15067|admin:10.1.0.19:15066|client:10.1.0.19:15065|dataStream:10.1.0.19:15068|priority:0|startupRole:FOLLOWER, e3412ff5-1f34-4b2f-8351-e8decf81f5b3|rpc:10.1.0.19:15085|admin:10.1.0.19:15084|client:10.1.0.19:15083|dataStream:10.1.0.19:15086|priority:1|startupRole:FOLLOWER]|listeners:[], old=null
2023-08-25 08:51:29,427 [b786fb5c-5e67-4c82-ab21-01f7c3e13abe-groupManagement] INFO  server.RaftServer$Division (RaftServerImpl.java:setRole(329)) - b786fb5c-5e67-4c82-ab21-01f7c3e13abe@group-FD0441190F8A: changes role from      null to FOLLOWER at term 0 for startAsFollower
2023-08-25 08:51:29,427 [b786fb5c-5e67-4c82-ab21-01f7c3e13abe-groupManagement] INFO  impl.RoleInfo (RoleInfo.java:updateAndGet(139)) - b786fb5c-5e67-4c82-ab21-01f7c3e13abe: start b786fb5c-5e67-4c82-ab21-01f7c3e13abe@group-FD0441190F8A-FollowerState
2023-08-25 08:51:29,427 [b786fb5c-5e67-4c82-ab21-01f7c3e13abe-groupManagement] INFO  util.JmxRegister (JmxRegister.java:tryRegister(44)) - Successfully registered JMX Bean with object name Ratis:service=RaftServer,group=group-FD0441190F8A,id=b786fb5c-5e67-4c82-ab21-01f7c3e13abe
2023-08-25 08:51:29,428 [b786fb5c-5e67-4c82-ab21-01f7c3e13abe-groupManagement] INFO  server.RaftServerConfigKeys (ConfUtils.java:logGet(46)) - raft.server.snapshot.auto.trigger.enabled = true (custom)
2023-08-25 08:51:29,428 [b786fb5c-5e67-4c82-ab21-01f7c3e13abe-groupManagement] INFO  server.RaftServerConfigKeys (ConfUtils.java:logGet(46)) - raft.server.snapshot.auto.trigger.threshold = 10000 (custom)
2023-08-25 08:51:29,428 [b786fb5c-5e67-4c82-ab21-01f7c3e13abe-groupManagement] INFO  server.RaftServerConfigKeys (ConfUtils.java:logGet(46)) - raft.server.snapshot.retention.file.num = 5 (custom)
2023-08-25 08:51:29,428 [b786fb5c-5e67-4c82-ab21-01f7c3e13abe-groupManagement] INFO  server.RaftServerConfigKeys (ConfUtils.java:logGet(46)) - raft.server.log.purge.upto.snapshot.index = false (default)
2023-08-25 08:51:29,428 [b786fb5c-5e67-4c82-ab21-01f7c3e13abe@group-FD0441190F8A-FollowerState] INFO  server.RaftServerConfigKeys (ConfUtils.java:logFallback(53)) - raft.server.rpc.first-election.timeout.min = 5s (fallback to raft.server.rpc.timeout.min)
2023-08-25 08:51:29,428 [b786fb5c-5e67-4c82-ab21-01f7c3e13abe@group-FD0441190F8A-FollowerState] INFO  server.RaftServerConfigKeys (ConfUtils.java:logFallback(53)) - raft.server.rpc.first-election.timeout.max = 5200ms (fallback to raft.server.rpc.timeout.max)
2023-08-25 08:51:29,430 [b786fb5c-5e67-4c82-ab21-01f7c3e13abe-groupManagement] INFO  server.RaftServer$Division (RaftServerImpl.java:<init>(198)) - b786fb5c-5e67-4c82-ab21-01f7c3e13abe: new RaftServerImpl for group-17B64EFC06D6:[b786fb5c-5e67-4c82-ab21-01f7c3e13abe|rpc:10.1.0.19:15076|admin:10.1.0.19:15075|client:10.1.0.19:15074|dataStream:10.1.0.19:15077|priority:1|startupRole:FOLLOWER] with ContainerStateMachine:uninitialized
2023-08-25 08:51:29,430 [b786fb5c-5e67-4c82-ab21-01f7c3e13abe-groupManagement] INFO  server.RaftServerConfigKeys (ConfUtils.java:logGet(46)) - raft.server.rpc.timeout.min = 5s (custom)
2023-08-25 08:51:29,430 [b786fb5c-5e67-4c82-ab21-01f7c3e13abe-groupManagement] INFO  server.RaftServerConfigKeys (ConfUtils.java:logGet(46)) - raft.server.rpc.timeout.max = 5200ms (custom)
2023-08-25 08:51:29,430 [b786fb5c-5e67-4c82-ab21-01f7c3e13abe-groupManagement] INFO  server.RaftServerConfigKeys (ConfUtils.java:logGet(46)) - raft.server.rpc.sleep.time = 25ms (default)
2023-08-25 08:51:29,430 [b786fb5c-5e67-4c82-ab21-01f7c3e13abe-groupManagement] INFO  server.RaftServerConfigKeys (ConfUtils.java:logGet(46)) - raft.server.rpc.slowness.timeout = 300s (custom)
2023-08-25 08:51:29,430 [b786fb5c-5e67-4c82-ab21-01f7c3e13abe-groupManagement] INFO  server.RaftServerConfigKeys (ConfUtils.java:logGet(46)) - raft.server.leaderelection.leader.step-down.wait-time = 10s (default)
2023-08-25 08:51:29,430 [b786fb5c-5e67-4c82-ab21-01f7c3e13abe-groupManagement] INFO  server.RaftServerConfigKeys (ConfUtils.java:logGet(46)) - raft.server.sleep.deviation.threshold = 300ms (default)
2023-08-25 08:51:29,430 [b786fb5c-5e67-4c82-ab21-01f7c3e13abe-groupManagement] INFO  server.RaftServer$Division (ServerState.java:<init>(120)) - b786fb5c-5e67-4c82-ab21-01f7c3e13abe@group-17B64EFC06D6: ConfigurationManager, init=-1: peers:[b786fb5c-5e67-4c82-ab21-01f7c3e13abe|rpc:10.1.0.19:15076|admin:10.1.0.19:15075|client:10.1.0.19:15074|dataStream:10.1.0.19:15077|priority:1|startupRole:FOLLOWER]|listeners:[], old=null, confs=<EMPTY_MAP>
2023-08-25 08:51:29,430 [b786fb5c-5e67-4c82-ab21-01f7c3e13abe-groupManagement] INFO  server.RaftServerConfigKeys (ConfUtils.java:logGet(46)) - raft.server.storage.dir = [/home/runner/work/ozone/ozone/hadoop-ozone/integration-test/target/test-dir/MiniOzoneClusterImpl-7264bf39-beec-4c8a-bbdc-a469073ec634/datanode-1/data/ratis] (custom)
2023-08-25 08:51:29,430 [b786fb5c-5e67-4c82-ab21-01f7c3e13abe-groupManagement] INFO  server.RaftServerConfigKeys (ConfUtils.java:logGet(46)) - raft.server.log.corruption.policy = EXCEPTION (default)
2023-08-25 08:51:29,430 [b786fb5c-5e67-4c82-ab21-01f7c3e13abe-groupManagement] INFO  server.RaftServerConfigKeys (ConfUtils.java:logGet(46)) - raft.server.storage.free-space.min = 0MB (=0) (default)
2023-08-25 08:51:29,431 [b786fb5c-5e67-4c82-ab21-01f7c3e13abe-groupManagement] INFO  server.RaftServerConfigKeys (ConfUtils.java:logGet(46)) - raft.server.notification.no-leader.timeout = 300s (custom)
2023-08-25 08:51:29,431 [b786fb5c-5e67-4c82-ab21-01f7c3e13abe-groupManagement] INFO  server.RaftServerConfigKeys (ConfUtils.java:logGet(46)) - raft.server.read.timeout = 10s (default)
2023-08-25 08:51:29,431 [b786fb5c-5e67-4c82-ab21-01f7c3e13abe-groupManagement] INFO  server.RaftServerConfigKeys (ConfUtils.java:logGet(46)) - raft.server.retrycache.expirytime = 600000ms (custom)
2023-08-25 08:51:29,431 [b786fb5c-5e67-4c82-ab21-01f7c3e13abe-groupManagement] INFO  server.RaftServerConfigKeys (ConfUtils.java:logGet(46)) - raft.server.retrycache.statistics.expirytime = 100μs (default)
2023-08-25 08:51:29,431 [b786fb5c-5e67-4c82-ab21-01f7c3e13abe-groupManagement] INFO  server.RaftServerConfigKeys (ConfUtils.java:logGet(46)) - raft.server.read.option = DEFAULT (default)
2023-08-25 08:51:29,432 [b786fb5c-5e67-4c82-ab21-01f7c3e13abe-groupManagement] INFO  server.RaftServerConfigKeys (ConfUtils.java:logGet(46)) - raft.server.rpc.request.timeout = 60s (custom)
2023-08-25 08:51:29,432 [b786fb5c-5e67-4c82-ab21-01f7c3e13abe-groupManagement] INFO  server.RaftServerConfigKeys (ConfUtils.java:logGet(46)) - raft.server.log.appender.install.snapshot.enabled = false (custom)
2023-08-25 08:51:29,432 [b786fb5c-5e67-4c82-ab21-01f7c3e13abe-groupManagement] INFO  server.RaftServerConfigKeys (ConfUtils.java:logGet(46)) - raft.server.threadpool.server.cached = true (default)
2023-08-25 08:51:29,432 [b786fb5c-5e67-4c82-ab21-01f7c3e13abe-groupManagement] INFO  server.RaftServerConfigKeys (ConfUtils.java:logGet(46)) - raft.server.threadpool.server.size = 0 (default)
2023-08-25 08:51:29,432 [b786fb5c-5e67-4c82-ab21-01f7c3e13abe-groupManagement] INFO  server.RaftServerConfigKeys (ConfUtils.java:logGet(46)) - raft.server.threadpool.client.cached = true (default)
2023-08-25 08:51:29,432 [b786fb5c-5e67-4c82-ab21-01f7c3e13abe-groupManagement] INFO  server.RaftServerConfigKeys (ConfUtils.java:logGet(46)) - raft.server.threadpool.client.size = 0 (default)
2023-08-25 08:51:29,432 [b786fb5c-5e67-4c82-ab21-01f7c3e13abe-groupManagement] INFO  storage.RaftStorageDirectory (RaftStorageDirectoryImpl.java:analyzeStorage(137)) - The storage directory /home/runner/work/ozone/ozone/hadoop-ozone/integration-test/target/test-dir/MiniOzoneClusterImpl-7264bf39-beec-4c8a-bbdc-a469073ec634/datanode-1/data/ratis/2e32392c-10ef-4930-8a1d-17b64efc06d6 does not exist. Creating ...
2023-08-25 08:51:29,437 [b786fb5c-5e67-4c82-ab21-01f7c3e13abe-groupManagement] INFO  storage.RaftStorageDirectory (RaftStorageDirectoryImpl.java:tryLock(231)) - Lock on /home/runner/work/ozone/ozone/hadoop-ozone/integration-test/target/test-dir/MiniOzoneClusterImpl-7264bf39-beec-4c8a-bbdc-a469073ec634/datanode-1/data/ratis/2e32392c-10ef-4930-8a1d-17b64efc06d6/in_use.lock acquired by nodename 30217@fv-az584-689
2023-08-25 08:51:29,443 [b786fb5c-5e67-4c82-ab21-01f7c3e13abe-groupManagement] INFO  storage.RaftStorage (RaftStorageImpl.java:format(96)) - Storage directory /home/runner/work/ozone/ozone/hadoop-ozone/integration-test/target/test-dir/MiniOzoneClusterImpl-7264bf39-beec-4c8a-bbdc-a469073ec634/datanode-1/data/ratis/2e32392c-10ef-4930-8a1d-17b64efc06d6 has been successfully formatted.
2023-08-25 08:51:29,444 [b786fb5c-5e67-4c82-ab21-01f7c3e13abe-groupManagement] INFO  ratis.ContainerStateMachine (ContainerStateMachine.java:loadSnapshot(262)) - group-17B64EFC06D6: The snapshot info is null. Setting the last applied indexto:(t:0, i:~)
2023-08-25 08:51:29,444 [b786fb5c-5e67-4c82-ab21-01f7c3e13abe-groupManagement] INFO  server.RaftServerConfigKeys (ConfUtils.java:logGet(46)) - raft.server.log.use.memory = false (default)
2023-08-25 08:51:29,444 [b786fb5c-5e67-4c82-ab21-01f7c3e13abe-groupManagement] INFO  server.RaftServerConfigKeys (ConfUtils.java:logGet(46)) - raft.server.log.purge.gap = 1000000 (custom)
2023-08-25 08:51:29,444 [b786fb5c-5e67-4c82-ab21-01f7c3e13abe-groupManagement] INFO  server.RaftServerConfigKeys (ConfUtils.java:logGet(46)) - raft.server.log.appender.buffer.byte-limit = 33554432 (custom)
2023-08-25 08:51:29,444 [b786fb5c-5e67-4c82-ab21-01f7c3e13abe-groupManagement] INFO  server.RaftServerConfigKeys (ConfUtils.java:logGet(46)) - raft.server.log.statemachine.data.read.timeout = 1000ms (default)
2023-08-25 08:51:29,446 [EventQueue-PipelineReportForPipelineReportHandler] INFO  pipeline.PipelineReportHandler (PipelineReportHandler.java:processPipelineReport(136)) - Opened pipeline PipelineID=2e32392c-10ef-4930-8a1d-17b64efc06d6
2023-08-25 08:51:29,446 [EventQueue-OpenPipelineForHealthyPipelineSafeModeRule] INFO  safemode.SCMSafeModeManager (HealthyPipelineSafeModeRule.java:process(137)) - SCM in safe mode. Healthy pipelines reported count is 0, required healthy pipeline reported count is 1
2023-08-25 08:51:29,446 [b786fb5c-5e67-4c82-ab21-01f7c3e13abe-groupManagement] INFO  server.RaftServerConfigKeys (ConfUtils.java:logGet(46)) - raft.server.log.purge.preservation.log.num = 0 (default)
2023-08-25 08:51:29,447 [b786fb5c-5e67-4c82-ab21-01f7c3e13abe-groupManagement] INFO  server.RaftServerConfigKeys (ConfUtils.java:logGet(46)) - raft.server.log.segment.size.max = 1048576 (custom)
2023-08-25 08:51:29,447 [b786fb5c-5e67-4c82-ab21-01f7c3e13abe-groupManagement] INFO  server.RaftServerConfigKeys (ConfUtils.java:logGet(46)) - raft.server.log.segment.cache.num.max = 2 (custom)
2023-08-25 08:51:29,447 [b786fb5c-5e67-4c82-ab21-01f7c3e13abe-groupManagement] INFO  server.RaftServerConfigKeys (ConfUtils.java:logGet(46)) - raft.server.log.segment.cache.size.max = 200MB (=209715200) (default)
2023-08-25 08:51:29,447 [b786fb5c-5e67-4c82-ab21-01f7c3e13abe-groupManagement] INFO  server.RaftServerConfigKeys (ConfUtils.java:logGet(46)) - raft.server.log.appender.buffer.byte-limit = 33554432 (custom)
2023-08-25 08:51:29,447 [b786fb5c-5e67-4c82-ab21-01f7c3e13abe-groupManagement] INFO  segmented.SegmentedRaftLogWorker (SegmentedRaftLogWorker.java:<init>(188)) - new b786fb5c-5e67-4c82-ab21-01f7c3e13abe@group-17B64EFC06D6-SegmentedRaftLogWorker for RaftStorageImpl:Storage Directory /home/runner/work/ozone/ozone/hadoop-ozone/integration-test/target/test-dir/MiniOzoneClusterImpl-7264bf39-beec-4c8a-bbdc-a469073ec634/datanode-1/data/ratis/2e32392c-10ef-4930-8a1d-17b64efc06d6
2023-08-25 08:51:29,447 [b786fb5c-5e67-4c82-ab21-01f7c3e13abe-groupManagement] INFO  server.RaftServerConfigKeys (ConfUtils.java:logGet(46)) - raft.server.log.queue.byte-limit = 4294967296 (custom)
2023-08-25 08:51:29,447 [b786fb5c-5e67-4c82-ab21-01f7c3e13abe-groupManagement] INFO  server.RaftServerConfigKeys (ConfUtils.java:logGet(46)) - raft.server.log.queue.element-limit = 1024 (custom)
2023-08-25 08:51:29,450 [b786fb5c-5e67-4c82-ab21-01f7c3e13abe-groupManagement] INFO  server.RaftServerConfigKeys (ConfUtils.java:logGet(46)) - raft.server.log.segment.size.max = 1048576 (custom)
2023-08-25 08:51:29,450 [b786fb5c-5e67-4c82-ab21-01f7c3e13abe-groupManagement] INFO  server.RaftServerConfigKeys (ConfUtils.java:logGet(46)) - raft.server.log.preallocated.size = 16384 (custom)
2023-08-25 08:51:29,450 [b786fb5c-5e67-4c82-ab21-01f7c3e13abe-groupManagement] INFO  server.RaftServerConfigKeys (ConfUtils.java:logGet(46)) - raft.server.log.force.sync.num = 128 (default)
2023-08-25 08:51:29,450 [b786fb5c-5e67-4c82-ab21-01f7c3e13abe-groupManagement] INFO  server.RaftServerConfigKeys (ConfUtils.java:logGet(46)) - raft.server.log.statemachine.data.sync = true (default)
2023-08-25 08:51:29,450 [b786fb5c-5e67-4c82-ab21-01f7c3e13abe-groupManagement] INFO  server.RaftServerConfigKeys (ConfUtils.java:logGet(46)) - raft.server.log.statemachine.data.sync.timeout = 10s (default)
2023-08-25 08:51:29,450 [b786fb5c-5e67-4c82-ab21-01f7c3e13abe-groupManagement] INFO  server.RaftServerConfigKeys (ConfUtils.java:logGet(46)) - raft.server.log.statemachine.data.sync.timeout.retry = -1 (default)
2023-08-25 08:51:29,453 [b786fb5c-5e67-4c82-ab21-01f7c3e13abe-groupManagement] INFO  server.RaftServerConfigKeys (ConfUtils.java:logGet(46)) - raft.server.log.write.buffer.size = 1048576 (custom)
2023-08-25 08:51:29,454 [b786fb5c-5e67-4c82-ab21-01f7c3e13abe-groupManagement] INFO  server.RaftServerConfigKeys (ConfUtils.java:logGet(46)) - raft.server.log.appender.buffer.byte-limit = 33554432 (custom)
2023-08-25 08:51:29,460 [b786fb5c-5e67-4c82-ab21-01f7c3e13abe-groupManagement] INFO  server.RaftServerConfigKeys (ConfUtils.java:logGet(46)) - raft.server.log.unsafe-flush.enabled = false (default)
2023-08-25 08:51:29,460 [b786fb5c-5e67-4c82-ab21-01f7c3e13abe-groupManagement] INFO  server.RaftServerConfigKeys (ConfUtils.java:logGet(46)) - raft.server.log.async-flush.enabled = false (default)
2023-08-25 08:51:29,460 [b786fb5c-5e67-4c82-ab21-01f7c3e13abe-groupManagement] INFO  server.RaftServerConfigKeys (ConfUtils.java:logGet(46)) - raft.server.log.statemachine.data.caching.enabled = true (custom)
2023-08-25 08:51:29,460 [b786fb5c-5e67-4c82-ab21-01f7c3e13abe-groupManagement] INFO  segmented.SegmentedRaftLogWorker (SegmentedRaftLogWorker.java:lambda$new$0(135)) - b786fb5c-5e67-4c82-ab21-01f7c3e13abe@group-17B64EFC06D6-SegmentedRaftLogWorker: flushIndex: setUnconditionally 0 -> -1
2023-08-25 08:51:29,461 [b786fb5c-5e67-4c82-ab21-01f7c3e13abe-groupManagement] INFO  segmented.SegmentedRaftLogWorker (SegmentedRaftLogWorker.java:lambda$new$0(135)) - b786fb5c-5e67-4c82-ab21-01f7c3e13abe@group-17B64EFC06D6-SegmentedRaftLogWorker: safeCacheEvictIndex: setUnconditionally 0 -> -1
2023-08-25 08:51:29,465 [b786fb5c-5e67-4c82-ab21-01f7c3e13abe-groupManagement] INFO  server.RaftServer$Division (RaftServerImpl.java:start(342)) - b786fb5c-5e67-4c82-ab21-01f7c3e13abe@group-17B64EFC06D6: start as a follower, conf=-1: peers:[b786fb5c-5e67-4c82-ab21-01f7c3e13abe|rpc:10.1.0.19:15076|admin:10.1.0.19:15075|client:10.1.0.19:15074|dataStream:10.1.0.19:15077|priority:1|startupRole:FOLLOWER]|listeners:[], old=null
2023-08-25 08:51:29,466 [b786fb5c-5e67-4c82-ab21-01f7c3e13abe-groupManagement] INFO  server.RaftServer$Division (RaftServerImpl.java:setRole(329)) - b786fb5c-5e67-4c82-ab21-01f7c3e13abe@group-17B64EFC06D6: changes role from      null to FOLLOWER at term 0 for startAsFollower
2023-08-25 08:51:29,466 [b786fb5c-5e67-4c82-ab21-01f7c3e13abe-groupManagement] INFO  impl.RoleInfo (RoleInfo.java:updateAndGet(139)) - b786fb5c-5e67-4c82-ab21-01f7c3e13abe: start b786fb5c-5e67-4c82-ab21-01f7c3e13abe@group-17B64EFC06D6-FollowerState
2023-08-25 08:51:29,473 [b786fb5c-5e67-4c82-ab21-01f7c3e13abe-groupManagement] INFO  util.JmxRegister (JmxRegister.java:tryRegister(44)) - Successfully registered JMX Bean with object name Ratis:service=RaftServer,group=group-17B64EFC06D6,id=b786fb5c-5e67-4c82-ab21-01f7c3e13abe
2023-08-25 08:51:29,473 [b786fb5c-5e67-4c82-ab21-01f7c3e13abe-groupManagement] INFO  server.RaftServerConfigKeys (ConfUtils.java:logGet(46)) - raft.server.snapshot.auto.trigger.enabled = true (custom)
2023-08-25 08:51:29,473 [b786fb5c-5e67-4c82-ab21-01f7c3e13abe-groupManagement] INFO  server.RaftServerConfigKeys (ConfUtils.java:logGet(46)) - raft.server.snapshot.auto.trigger.threshold = 10000 (custom)
2023-08-25 08:51:29,473 [b786fb5c-5e67-4c82-ab21-01f7c3e13abe-groupManagement] INFO  server.RaftServerConfigKeys (ConfUtils.java:logGet(46)) - raft.server.snapshot.retention.file.num = 5 (custom)
2023-08-25 08:51:29,473 [b786fb5c-5e67-4c82-ab21-01f7c3e13abe-groupManagement] INFO  server.RaftServerConfigKeys (ConfUtils.java:logGet(46)) - raft.server.log.purge.upto.snapshot.index = false (default)
2023-08-25 08:51:29,474 [PipelineCommandHandlerThread-0] INFO  ratis.XceiverServerRatis (XceiverServerRatis.java:addGroup(804)) - Created group PipelineID=2e32392c-10ef-4930-8a1d-17b64efc06d6
2023-08-25 08:51:29,474 [PipelineCommandHandlerThread-0] INFO  commandhandler.CreatePipelineCommandHandler (CreatePipelineCommandHandler.java:lambda$handle$2(124)) - Created Pipeline RATIS ONE PipelineID=2e32392c-10ef-4930-8a1d-17b64efc06d6.
2023-08-25 08:51:29,475 [b786fb5c-5e67-4c82-ab21-01f7c3e13abe@group-17B64EFC06D6-FollowerState] INFO  server.RaftServerConfigKeys (ConfUtils.java:logFallback(53)) - raft.server.rpc.first-election.timeout.min = 5s (fallback to raft.server.rpc.timeout.min)
2023-08-25 08:51:29,475 [b786fb5c-5e67-4c82-ab21-01f7c3e13abe@group-17B64EFC06D6-FollowerState] INFO  server.RaftServerConfigKeys (ConfUtils.java:logFallback(53)) - raft.server.rpc.first-election.timeout.max = 5200ms (fallback to raft.server.rpc.timeout.max)
2023-08-25 08:51:29,479 [grpc-default-executor-0] INFO  server.RaftServer (RaftServerProxy.java:addNew(98)) - e3412ff5-1f34-4b2f-8351-e8decf81f5b3: addNew group-FD0441190F8A:[b786fb5c-5e67-4c82-ab21-01f7c3e13abe|rpc:10.1.0.19:15076|admin:10.1.0.19:15075|client:10.1.0.19:15074|dataStream:10.1.0.19:15077|priority:0|startupRole:FOLLOWER, a3e84a91-4099-49fb-b86e-4b39e7f57019|rpc:10.1.0.19:15067|admin:10.1.0.19:15066|client:10.1.0.19:15065|dataStream:10.1.0.19:15068|priority:0|startupRole:FOLLOWER, e3412ff5-1f34-4b2f-8351-e8decf81f5b3|rpc:10.1.0.19:15085|admin:10.1.0.19:15084|client:10.1.0.19:15083|dataStream:10.1.0.19:15086|priority:1|startupRole:FOLLOWER] returns group-FD0441190F8A:java.util.concurrent.CompletableFuture@7b249446[Not completed]
2023-08-25 08:51:29,480 [e3412ff5-1f34-4b2f-8351-e8decf81f5b3-groupManagement] INFO  server.RaftServer$Division (RaftServerImpl.java:<init>(198)) - e3412ff5-1f34-4b2f-8351-e8decf81f5b3: new RaftServerImpl for group-FD0441190F8A:[b786fb5c-5e67-4c82-ab21-01f7c3e13abe|rpc:10.1.0.19:15076|admin:10.1.0.19:15075|client:10.1.0.19:15074|dataStream:10.1.0.19:15077|priority:0|startupRole:FOLLOWER, a3e84a91-4099-49fb-b86e-4b39e7f57019|rpc:10.1.0.19:15067|admin:10.1.0.19:15066|client:10.1.0.19:15065|dataStream:10.1.0.19:15068|priority:0|startupRole:FOLLOWER, e3412ff5-1f34-4b2f-8351-e8decf81f5b3|rpc:10.1.0.19:15085|admin:10.1.0.19:15084|client:10.1.0.19:15083|dataStream:10.1.0.19:15086|priority:1|startupRole:FOLLOWER] with ContainerStateMachine:uninitialized
2023-08-25 08:51:29,480 [e3412ff5-1f34-4b2f-8351-e8decf81f5b3-groupManagement] INFO  server.RaftServerConfigKeys (ConfUtils.java:logGet(46)) - raft.server.rpc.timeout.min = 5s (custom)
2023-08-25 08:51:29,480 [e3412ff5-1f34-4b2f-8351-e8decf81f5b3-groupManagement] INFO  server.RaftServerConfigKeys (ConfUtils.java:logGet(46)) - raft.server.rpc.timeout.max = 5200ms (custom)
2023-08-25 08:51:29,480 [e3412ff5-1f34-4b2f-8351-e8decf81f5b3-groupManagement] INFO  server.RaftServerConfigKeys (ConfUtils.java:logGet(46)) - raft.server.rpc.sleep.time = 25ms (default)
2023-08-25 08:51:29,480 [e3412ff5-1f34-4b2f-8351-e8decf81f5b3-groupManagement] INFO  server.RaftServerConfigKeys (ConfUtils.java:logGet(46)) - raft.server.rpc.slowness.timeout = 300s (custom)
2023-08-25 08:51:29,480 [e3412ff5-1f34-4b2f-8351-e8decf81f5b3-groupManagement] INFO  server.RaftServerConfigKeys (ConfUtils.java:logGet(46)) - raft.server.leaderelection.leader.step-down.wait-time = 10s (default)
2023-08-25 08:51:29,480 [e3412ff5-1f34-4b2f-8351-e8decf81f5b3-groupManagement] INFO  server.RaftServerConfigKeys (ConfUtils.java:logGet(46)) - raft.server.sleep.deviation.threshold = 300ms (default)
2023-08-25 08:51:29,480 [e3412ff5-1f34-4b2f-8351-e8decf81f5b3-groupManagement] INFO  server.RaftServer$Division (ServerState.java:<init>(120)) - e3412ff5-1f34-4b2f-8351-e8decf81f5b3@group-FD0441190F8A: ConfigurationManager, init=-1: peers:[b786fb5c-5e67-4c82-ab21-01f7c3e13abe|rpc:10.1.0.19:15076|admin:10.1.0.19:15075|client:10.1.0.19:15074|dataStream:10.1.0.19:15077|priority:0|startupRole:FOLLOWER, a3e84a91-4099-49fb-b86e-4b39e7f57019|rpc:10.1.0.19:15067|admin:10.1.0.19:15066|client:10.1.0.19:15065|dataStream:10.1.0.19:15068|priority:0|startupRole:FOLLOWER, e3412ff5-1f34-4b2f-8351-e8decf81f5b3|rpc:10.1.0.19:15085|admin:10.1.0.19:15084|client:10.1.0.19:15083|dataStream:10.1.0.19:15086|priority:1|startupRole:FOLLOWER]|listeners:[], old=null, confs=<EMPTY_MAP>
2023-08-25 08:51:29,480 [e3412ff5-1f34-4b2f-8351-e8decf81f5b3-groupManagement] INFO  server.RaftServerConfigKeys (ConfUtils.java:logGet(46)) - raft.server.storage.dir = [/home/runner/work/ozone/ozone/hadoop-ozone/integration-test/target/test-dir/MiniOzoneClusterImpl-7264bf39-beec-4c8a-bbdc-a469073ec634/datanode-2/data/ratis] (custom)
2023-08-25 08:51:29,480 [e3412ff5-1f34-4b2f-8351-e8decf81f5b3-groupManagement] INFO  server.RaftServerConfigKeys (ConfUtils.java:logGet(46)) - raft.server.log.corruption.policy = EXCEPTION (default)
2023-08-25 08:51:29,480 [e3412ff5-1f34-4b2f-8351-e8decf81f5b3-groupManagement] INFO  server.RaftServerConfigKeys (ConfUtils.java:logGet(46)) - raft.server.storage.free-space.min = 0MB (=0) (default)
2023-08-25 08:51:29,480 [e3412ff5-1f34-4b2f-8351-e8decf81f5b3-groupManagement] INFO  server.RaftServerConfigKeys (ConfUtils.java:logGet(46)) - raft.server.notification.no-leader.timeout = 300s (custom)
2023-08-25 08:51:29,480 [e3412ff5-1f34-4b2f-8351-e8decf81f5b3-groupManagement] INFO  server.RaftServerConfigKeys (ConfUtils.java:logGet(46)) - raft.server.read.timeout = 10s (default)
2023-08-25 08:51:29,481 [e3412ff5-1f34-4b2f-8351-e8decf81f5b3-groupManagement] INFO  server.RaftServerConfigKeys (ConfUtils.java:logGet(46)) - raft.server.retrycache.expirytime = 600000ms (custom)
2023-08-25 08:51:29,481 [e3412ff5-1f34-4b2f-8351-e8decf81f5b3-groupManagement] INFO  server.RaftServerConfigKeys (ConfUtils.java:logGet(46)) - raft.server.retrycache.statistics.expirytime = 100μs (default)
2023-08-25 08:51:29,481 [e3412ff5-1f34-4b2f-8351-e8decf81f5b3-groupManagement] INFO  server.RaftServerConfigKeys (ConfUtils.java:logGet(46)) - raft.server.read.option = DEFAULT (default)
2023-08-25 08:51:29,481 [e3412ff5-1f34-4b2f-8351-e8decf81f5b3-groupManagement] INFO  server.RaftServerConfigKeys (ConfUtils.java:logGet(46)) - raft.server.rpc.request.timeout = 60s (custom)
2023-08-25 08:51:29,481 [e3412ff5-1f34-4b2f-8351-e8decf81f5b3-groupManagement] INFO  server.RaftServerConfigKeys (ConfUtils.java:logGet(46)) - raft.server.log.appender.install.snapshot.enabled = false (custom)
2023-08-25 08:51:29,482 [e3412ff5-1f34-4b2f-8351-e8decf81f5b3-groupManagement] INFO  server.RaftServerConfigKeys (ConfUtils.java:logGet(46)) - raft.server.threadpool.server.cached = true (default)
2023-08-25 08:51:29,482 [e3412ff5-1f34-4b2f-8351-e8decf81f5b3-groupManagement] INFO  server.RaftServerConfigKeys (ConfUtils.java:logGet(46)) - raft.server.threadpool.server.size = 0 (default)
2023-08-25 08:51:29,482 [e3412ff5-1f34-4b2f-8351-e8decf81f5b3-groupManagement] INFO  server.RaftServerConfigKeys (ConfUtils.java:logGet(46)) - raft.server.threadpool.client.cached = true (default)
2023-08-25 08:51:29,482 [e3412ff5-1f34-4b2f-8351-e8decf81f5b3-groupManagement] INFO  server.RaftServerConfigKeys (ConfUtils.java:logGet(46)) - raft.server.threadpool.client.size = 0 (default)
2023-08-25 08:51:29,482 [e3412ff5-1f34-4b2f-8351-e8decf81f5b3-groupManagement] INFO  storage.RaftStorageDirectory (RaftStorageDirectoryImpl.java:analyzeStorage(137)) - The storage directory /home/runner/work/ozone/ozone/hadoop-ozone/integration-test/target/test-dir/MiniOzoneClusterImpl-7264bf39-beec-4c8a-bbdc-a469073ec634/datanode-2/data/ratis/107e6e47-b92c-4fc5-8804-fd0441190f8a does not exist. Creating ...
2023-08-25 08:51:29,483 [e3412ff5-1f34-4b2f-8351-e8decf81f5b3-groupManagement] INFO  storage.RaftStorageDirectory (RaftStorageDirectoryImpl.java:tryLock(231)) - Lock on /home/runner/work/ozone/ozone/hadoop-ozone/integration-test/target/test-dir/MiniOzoneClusterImpl-7264bf39-beec-4c8a-bbdc-a469073ec634/datanode-2/data/ratis/107e6e47-b92c-4fc5-8804-fd0441190f8a/in_use.lock acquired by nodename 30217@fv-az584-689
2023-08-25 08:51:29,485 [e3412ff5-1f34-4b2f-8351-e8decf81f5b3-groupManagement] INFO  storage.RaftStorage (RaftStorageImpl.java:format(96)) - Storage directory /home/runner/work/ozone/ozone/hadoop-ozone/integration-test/target/test-dir/MiniOzoneClusterImpl-7264bf39-beec-4c8a-bbdc-a469073ec634/datanode-2/data/ratis/107e6e47-b92c-4fc5-8804-fd0441190f8a has been successfully formatted.
2023-08-25 08:51:29,486 [e3412ff5-1f34-4b2f-8351-e8decf81f5b3-groupManagement] INFO  ratis.ContainerStateMachine (ContainerStateMachine.java:loadSnapshot(262)) - group-FD0441190F8A: The snapshot info is null. Setting the last applied indexto:(t:0, i:~)
2023-08-25 08:51:29,486 [e3412ff5-1f34-4b2f-8351-e8decf81f5b3-groupManagement] INFO  server.RaftServerConfigKeys (ConfUtils.java:logGet(46)) - raft.server.log.use.memory = false (default)
2023-08-25 08:51:29,488 [e3412ff5-1f34-4b2f-8351-e8decf81f5b3-groupManagement] INFO  server.RaftServerConfigKeys (ConfUtils.java:logGet(46)) - raft.server.log.purge.gap = 1000000 (custom)
2023-08-25 08:51:29,488 [e3412ff5-1f34-4b2f-8351-e8decf81f5b3-groupManagement] INFO  server.RaftServerConfigKeys (ConfUtils.java:logGet(46)) - raft.server.log.appender.buffer.byte-limit = 33554432 (custom)
2023-08-25 08:51:29,488 [e3412ff5-1f34-4b2f-8351-e8decf81f5b3-groupManagement] INFO  server.RaftServerConfigKeys (ConfUtils.java:logGet(46)) - raft.server.log.statemachine.data.read.timeout = 1000ms (default)
2023-08-25 08:51:29,488 [e3412ff5-1f34-4b2f-8351-e8decf81f5b3-groupManagement] INFO  server.RaftServerConfigKeys (ConfUtils.java:logGet(46)) - raft.server.log.purge.preservation.log.num = 0 (default)
2023-08-25 08:51:29,488 [e3412ff5-1f34-4b2f-8351-e8decf81f5b3-groupManagement] INFO  server.RaftServerConfigKeys (ConfUtils.java:logGet(46)) - raft.server.log.segment.size.max = 1048576 (custom)
2023-08-25 08:51:29,488 [e3412ff5-1f34-4b2f-8351-e8decf81f5b3-groupManagement] INFO  server.RaftServerConfigKeys (ConfUtils.java:logGet(46)) - raft.server.log.segment.cache.num.max = 2 (custom)
2023-08-25 08:51:29,488 [e3412ff5-1f34-4b2f-8351-e8decf81f5b3-groupManagement] INFO  server.RaftServerConfigKeys (ConfUtils.java:logGet(46)) - raft.server.log.segment.cache.size.max = 200MB (=209715200) (default)
2023-08-25 08:51:29,488 [e3412ff5-1f34-4b2f-8351-e8decf81f5b3-groupManagement] INFO  server.RaftServerConfigKeys (ConfUtils.java:logGet(46)) - raft.server.log.appender.buffer.byte-limit = 33554432 (custom)
2023-08-25 08:51:29,488 [e3412ff5-1f34-4b2f-8351-e8decf81f5b3-groupManagement] INFO  segmented.SegmentedRaftLogWorker (SegmentedRaftLogWorker.java:<init>(188)) - new e3412ff5-1f34-4b2f-8351-e8decf81f5b3@group-FD0441190F8A-SegmentedRaftLogWorker for RaftStorageImpl:Storage Directory /home/runner/work/ozone/ozone/hadoop-ozone/integration-test/target/test-dir/MiniOzoneClusterImpl-7264bf39-beec-4c8a-bbdc-a469073ec634/datanode-2/data/ratis/107e6e47-b92c-4fc5-8804-fd0441190f8a
2023-08-25 08:51:29,489 [e3412ff5-1f34-4b2f-8351-e8decf81f5b3-groupManagement] INFO  server.RaftServerConfigKeys (ConfUtils.java:logGet(46)) - raft.server.log.queue.byte-limit = 4294967296 (custom)
2023-08-25 08:51:29,489 [e3412ff5-1f34-4b2f-8351-e8decf81f5b3-groupManagement] INFO  server.RaftServerConfigKeys (ConfUtils.java:logGet(46)) - raft.server.log.queue.element-limit = 1024 (custom)
2023-08-25 08:51:29,489 [e3412ff5-1f34-4b2f-8351-e8decf81f5b3-groupManagement] INFO  server.RaftServerConfigKeys (ConfUtils.java:logGet(46)) - raft.server.log.segment.size.max = 1048576 (custom)
2023-08-25 08:51:29,489 [e3412ff5-1f34-4b2f-8351-e8decf81f5b3-groupManagement] INFO  server.RaftServerConfigKeys (ConfUtils.java:logGet(46)) - raft.server.log.preallocated.size = 16384 (custom)
2023-08-25 08:51:29,489 [e3412ff5-1f34-4b2f-8351-e8decf81f5b3-groupManagement] INFO  server.RaftServerConfigKeys (ConfUtils.java:logGet(46)) - raft.server.log.force.sync.num = 128 (default)
2023-08-25 08:51:29,489 [e3412ff5-1f34-4b2f-8351-e8decf81f5b3-groupManagement] INFO  server.RaftServerConfigKeys (ConfUtils.java:logGet(46)) - raft.server.log.statemachine.data.sync = true (default)
2023-08-25 08:51:29,489 [e3412ff5-1f34-4b2f-8351-e8decf81f5b3-groupManagement] INFO  server.RaftServerConfigKeys (ConfUtils.java:logGet(46)) - raft.server.log.statemachine.data.sync.timeout = 10s (default)
2023-08-25 08:51:29,489 [e3412ff5-1f34-4b2f-8351-e8decf81f5b3-groupManagement] INFO  server.RaftServerConfigKeys (ConfUtils.java:logGet(46)) - raft.server.log.statemachine.data.sync.timeout.retry = -1 (default)
2023-08-25 08:51:29,489 [e3412ff5-1f34-4b2f-8351-e8decf81f5b3-groupManagement] INFO  server.RaftServerConfigKeys (ConfUtils.java:logGet(46)) - raft.server.log.write.buffer.size = 1048576 (custom)
2023-08-25 08:51:29,490 [e3412ff5-1f34-4b2f-8351-e8decf81f5b3-groupManagement] INFO  server.RaftServerConfigKeys (ConfUtils.java:logGet(46)) - raft.server.log.appender.buffer.byte-limit = 33554432 (custom)
2023-08-25 08:51:29,497 [e3412ff5-1f34-4b2f-8351-e8decf81f5b3-groupManagement] INFO  server.RaftServerConfigKeys (ConfUtils.java:logGet(46)) - raft.server.log.unsafe-flush.enabled = false (default)
2023-08-25 08:51:29,497 [e3412ff5-1f34-4b2f-8351-e8decf81f5b3-groupManagement] INFO  server.RaftServerConfigKeys (ConfUtils.java:logGet(46)) - raft.server.log.async-flush.enabled = false (default)
2023-08-25 08:51:29,497 [e3412ff5-1f34-4b2f-8351-e8decf81f5b3-groupManagement] INFO  server.RaftServerConfigKeys (ConfUtils.java:logGet(46)) - raft.server.log.statemachine.data.caching.enabled = true (custom)
2023-08-25 08:51:29,497 [e3412ff5-1f34-4b2f-8351-e8decf81f5b3-groupManagement] INFO  segmented.SegmentedRaftLogWorker (SegmentedRaftLogWorker.java:lambda$new$0(135)) - e3412ff5-1f34-4b2f-8351-e8decf81f5b3@group-FD0441190F8A-SegmentedRaftLogWorker: flushIndex: setUnconditionally 0 -> -1
2023-08-25 08:51:29,497 [e3412ff5-1f34-4b2f-8351-e8decf81f5b3-groupManagement] INFO  segmented.SegmentedRaftLogWorker (SegmentedRaftLogWorker.java:lambda$new$0(135)) - e3412ff5-1f34-4b2f-8351-e8decf81f5b3@group-FD0441190F8A-SegmentedRaftLogWorker: safeCacheEvictIndex: setUnconditionally 0 -> -1
2023-08-25 08:51:29,497 [e3412ff5-1f34-4b2f-8351-e8decf81f5b3-groupManagement] INFO  server.RaftServer$Division (RaftServerImpl.java:start(342)) - e3412ff5-1f34-4b2f-8351-e8decf81f5b3@group-FD0441190F8A: start as a follower, conf=-1: peers:[b786fb5c-5e67-4c82-ab21-01f7c3e13abe|rpc:10.1.0.19:15076|admin:10.1.0.19:15075|client:10.1.0.19:15074|dataStream:10.1.0.19:15077|priority:0|startupRole:FOLLOWER, a3e84a91-4099-49fb-b86e-4b39e7f57019|rpc:10.1.0.19:15067|admin:10.1.0.19:15066|client:10.1.0.19:15065|dataStream:10.1.0.19:15068|priority:0|startupRole:FOLLOWER, e3412ff5-1f34-4b2f-8351-e8decf81f5b3|rpc:10.1.0.19:15085|admin:10.1.0.19:15084|client:10.1.0.19:15083|dataStream:10.1.0.19:15086|priority:1|startupRole:FOLLOWER]|listeners:[], old=null
2023-08-25 08:51:29,497 [e3412ff5-1f34-4b2f-8351-e8decf81f5b3-groupManagement] INFO  server.RaftServer$Division (RaftServerImpl.java:setRole(329)) - e3412ff5-1f34-4b2f-8351-e8decf81f5b3@group-FD0441190F8A: changes role from      null to FOLLOWER at term 0 for startAsFollower
2023-08-25 08:51:29,497 [e3412ff5-1f34-4b2f-8351-e8decf81f5b3-groupManagement] INFO  impl.RoleInfo (RoleInfo.java:updateAndGet(139)) - e3412ff5-1f34-4b2f-8351-e8decf81f5b3: start e3412ff5-1f34-4b2f-8351-e8decf81f5b3@group-FD0441190F8A-FollowerState
2023-08-25 08:51:29,498 [e3412ff5-1f34-4b2f-8351-e8decf81f5b3-groupManagement] INFO  util.JmxRegister (JmxRegister.java:tryRegister(44)) - Successfully registered JMX Bean with object name Ratis:service=RaftServer,group=group-FD0441190F8A,id=e3412ff5-1f34-4b2f-8351-e8decf81f5b3
2023-08-25 08:51:29,498 [e3412ff5-1f34-4b2f-8351-e8decf81f5b3@group-FD0441190F8A-FollowerState] INFO  server.RaftServerConfigKeys (ConfUtils.java:logFallback(53)) - raft.server.rpc.first-election.timeout.min = 5s (fallback to raft.server.rpc.timeout.min)
2023-08-25 08:51:29,498 [e3412ff5-1f34-4b2f-8351-e8decf81f5b3-groupManagement] INFO  server.RaftServerConfigKeys (ConfUtils.java:logGet(46)) - raft.server.snapshot.auto.trigger.enabled = true (custom)
2023-08-25 08:51:29,498 [e3412ff5-1f34-4b2f-8351-e8decf81f5b3@group-FD0441190F8A-FollowerState] INFO  server.RaftServerConfigKeys (ConfUtils.java:logFallback(53)) - raft.server.rpc.first-election.timeout.max = 5200ms (fallback to raft.server.rpc.timeout.max)
2023-08-25 08:51:29,498 [e3412ff5-1f34-4b2f-8351-e8decf81f5b3-groupManagement] INFO  server.RaftServerConfigKeys (ConfUtils.java:logGet(46)) - raft.server.snapshot.auto.trigger.threshold = 10000 (custom)
2023-08-25 08:51:29,498 [e3412ff5-1f34-4b2f-8351-e8decf81f5b3-groupManagement] INFO  server.RaftServerConfigKeys (ConfUtils.java:logGet(46)) - raft.server.snapshot.retention.file.num = 5 (custom)
2023-08-25 08:51:29,498 [e3412ff5-1f34-4b2f-8351-e8decf81f5b3-groupManagement] INFO  server.RaftServerConfigKeys (ConfUtils.java:logGet(46)) - raft.server.log.purge.upto.snapshot.index = false (default)
2023-08-25 08:51:29,506 [PipelineCommandHandlerThread-0] INFO  commandhandler.CreatePipelineCommandHandler (CreatePipelineCommandHandler.java:lambda$handle$2(124)) - Created Pipeline RATIS THREE PipelineID=107e6e47-b92c-4fc5-8804-fd0441190f8a.
2023-08-25 08:51:29,575 [PipelineCommandHandlerThread-0] INFO  server.RaftServer (RaftServerProxy.java:addNew(98)) - e3412ff5-1f34-4b2f-8351-e8decf81f5b3: addNew group-EAEBA5388B5B:[e3412ff5-1f34-4b2f-8351-e8decf81f5b3|rpc:10.1.0.19:15085|admin:10.1.0.19:15084|client:10.1.0.19:15083|dataStream:10.1.0.19:15086|priority:1|startupRole:FOLLOWER] returns group-EAEBA5388B5B:java.util.concurrent.CompletableFuture@24ddc0e0[Not completed]
2023-08-25 08:51:29,576 [e3412ff5-1f34-4b2f-8351-e8decf81f5b3-groupManagement] INFO  server.RaftServer$Division (RaftServerImpl.java:<init>(198)) - e3412ff5-1f34-4b2f-8351-e8decf81f5b3: new RaftServerImpl for group-EAEBA5388B5B:[e3412ff5-1f34-4b2f-8351-e8decf81f5b3|rpc:10.1.0.19:15085|admin:10.1.0.19:15084|client:10.1.0.19:15083|dataStream:10.1.0.19:15086|priority:1|startupRole:FOLLOWER] with ContainerStateMachine:uninitialized
2023-08-25 08:51:29,576 [e3412ff5-1f34-4b2f-8351-e8decf81f5b3-groupManagement] INFO  server.RaftServerConfigKeys (ConfUtils.java:logGet(46)) - raft.server.rpc.timeout.min = 5s (custom)
2023-08-25 08:51:29,576 [e3412ff5-1f34-4b2f-8351-e8decf81f5b3-groupManagement] INFO  server.RaftServerConfigKeys (ConfUtils.java:logGet(46)) - raft.server.rpc.timeout.max = 5200ms (custom)
2023-08-25 08:51:29,576 [e3412ff5-1f34-4b2f-8351-e8decf81f5b3-groupManagement] INFO  server.RaftServerConfigKeys (ConfUtils.java:logGet(46)) - raft.server.rpc.sleep.time = 25ms (default)
2023-08-25 08:51:29,576 [e3412ff5-1f34-4b2f-8351-e8decf81f5b3-groupManagement] INFO  server.RaftServerConfigKeys (ConfUtils.java:logGet(46)) - raft.server.rpc.slowness.timeout = 300s (custom)
2023-08-25 08:51:29,576 [e3412ff5-1f34-4b2f-8351-e8decf81f5b3-groupManagement] INFO  server.RaftServerConfigKeys (ConfUtils.java:logGet(46)) - raft.server.leaderelection.leader.step-down.wait-time = 10s (default)
2023-08-25 08:51:29,576 [e3412ff5-1f34-4b2f-8351-e8decf81f5b3-groupManagement] INFO  server.RaftServerConfigKeys (ConfUtils.java:logGet(46)) - raft.server.sleep.deviation.threshold = 300ms (default)
2023-08-25 08:51:29,576 [e3412ff5-1f34-4b2f-8351-e8decf81f5b3-groupManagement] INFO  server.RaftServer$Division (ServerState.java:<init>(120)) - e3412ff5-1f34-4b2f-8351-e8decf81f5b3@group-EAEBA5388B5B: ConfigurationManager, init=-1: peers:[e3412ff5-1f34-4b2f-8351-e8decf81f5b3|rpc:10.1.0.19:15085|admin:10.1.0.19:15084|client:10.1.0.19:15083|dataStream:10.1.0.19:15086|priority:1|startupRole:FOLLOWER]|listeners:[], old=null, confs=<EMPTY_MAP>
2023-08-25 08:51:29,576 [e3412ff5-1f34-4b2f-8351-e8decf81f5b3-groupManagement] INFO  server.RaftServerConfigKeys (ConfUtils.java:logGet(46)) - raft.server.storage.dir = [/home/runner/work/ozone/ozone/hadoop-ozone/integration-test/target/test-dir/MiniOzoneClusterImpl-7264bf39-beec-4c8a-bbdc-a469073ec634/datanode-2/data/ratis] (custom)
2023-08-25 08:51:29,576 [e3412ff5-1f34-4b2f-8351-e8decf81f5b3-groupManagement] INFO  server.RaftServerConfigKeys (ConfUtils.java:logGet(46)) - raft.server.log.corruption.policy = EXCEPTION (default)
2023-08-25 08:51:29,576 [e3412ff5-1f34-4b2f-8351-e8decf81f5b3-groupManagement] INFO  server.RaftServerConfigKeys (ConfUtils.java:logGet(46)) - raft.server.storage.free-space.min = 0MB (=0) (default)
2023-08-25 08:51:29,577 [e3412ff5-1f34-4b2f-8351-e8decf81f5b3-groupManagement] INFO  server.RaftServerConfigKeys (ConfUtils.java:logGet(46)) - raft.server.notification.no-leader.timeout = 300s (custom)
2023-08-25 08:51:29,577 [e3412ff5-1f34-4b2f-8351-e8decf81f5b3-groupManagement] INFO  server.RaftServerConfigKeys (ConfUtils.java:logGet(46)) - raft.server.read.timeout = 10s (default)
2023-08-25 08:51:29,577 [e3412ff5-1f34-4b2f-8351-e8decf81f5b3-groupManagement] INFO  server.RaftServerConfigKeys (ConfUtils.java:logGet(46)) - raft.server.retrycache.expirytime = 600000ms (custom)
2023-08-25 08:51:29,577 [e3412ff5-1f34-4b2f-8351-e8decf81f5b3-groupManagement] INFO  server.RaftServerConfigKeys (ConfUtils.java:logGet(46)) - raft.server.retrycache.statistics.expirytime = 100μs (default)
2023-08-25 08:51:29,577 [e3412ff5-1f34-4b2f-8351-e8decf81f5b3-groupManagement] INFO  server.RaftServerConfigKeys (ConfUtils.java:logGet(46)) - raft.server.read.option = DEFAULT (default)
2023-08-25 08:51:29,578 [e3412ff5-1f34-4b2f-8351-e8decf81f5b3-groupManagement] INFO  server.RaftServerConfigKeys (ConfUtils.java:logGet(46)) - raft.server.rpc.request.timeout = 60s (custom)
2023-08-25 08:51:29,578 [e3412ff5-1f34-4b2f-8351-e8decf81f5b3-groupManagement] INFO  server.RaftServerConfigKeys (ConfUtils.java:logGet(46)) - raft.server.log.appender.install.snapshot.enabled = false (custom)
2023-08-25 08:51:29,578 [e3412ff5-1f34-4b2f-8351-e8decf81f5b3-groupManagement] INFO  server.RaftServerConfigKeys (ConfUtils.java:logGet(46)) - raft.server.threadpool.server.cached = true (default)
2023-08-25 08:51:29,578 [e3412ff5-1f34-4b2f-8351-e8decf81f5b3-groupManagement] INFO  server.RaftServerConfigKeys (ConfUtils.java:logGet(46)) - raft.server.threadpool.server.size = 0 (default)
2023-08-25 08:51:29,578 [e3412ff5-1f34-4b2f-8351-e8decf81f5b3-groupManagement] INFO  server.RaftServerConfigKeys (ConfUtils.java:logGet(46)) - raft.server.threadpool.client.cached = true (default)
2023-08-25 08:51:29,578 [e3412ff5-1f34-4b2f-8351-e8decf81f5b3-groupManagement] INFO  server.RaftServerConfigKeys (ConfUtils.java:logGet(46)) - raft.server.threadpool.client.size = 0 (default)
2023-08-25 08:51:29,578 [e3412ff5-1f34-4b2f-8351-e8decf81f5b3-groupManagement] INFO  storage.RaftStorageDirectory (RaftStorageDirectoryImpl.java:analyzeStorage(137)) - The storage directory /home/runner/work/ozone/ozone/hadoop-ozone/integration-test/target/test-dir/MiniOzoneClusterImpl-7264bf39-beec-4c8a-bbdc-a469073ec634/datanode-2/data/ratis/2ec6f0b0-5bea-45c4-87d5-eaeba5388b5b does not exist. Creating ...
2023-08-25 08:51:29,580 [e3412ff5-1f34-4b2f-8351-e8decf81f5b3-groupManagement] INFO  storage.RaftStorageDirectory (RaftStorageDirectoryImpl.java:tryLock(231)) - Lock on /home/runner/work/ozone/ozone/hadoop-ozone/integration-test/target/test-dir/MiniOzoneClusterImpl-7264bf39-beec-4c8a-bbdc-a469073ec634/datanode-2/data/ratis/2ec6f0b0-5bea-45c4-87d5-eaeba5388b5b/in_use.lock acquired by nodename 30217@fv-az584-689
2023-08-25 08:51:29,582 [e3412ff5-1f34-4b2f-8351-e8decf81f5b3-groupManagement] INFO  storage.RaftStorage (RaftStorageImpl.java:format(96)) - Storage directory /home/runner/work/ozone/ozone/hadoop-ozone/integration-test/target/test-dir/MiniOzoneClusterImpl-7264bf39-beec-4c8a-bbdc-a469073ec634/datanode-2/data/ratis/2ec6f0b0-5bea-45c4-87d5-eaeba5388b5b has been successfully formatted.
2023-08-25 08:51:29,586 [EventQueue-PipelineReportForPipelineReportHandler] INFO  pipeline.PipelineReportHandler (PipelineReportHandler.java:processPipelineReport(136)) - Opened pipeline PipelineID=2ec6f0b0-5bea-45c4-87d5-eaeba5388b5b
2023-08-25 08:51:29,586 [EventQueue-OpenPipelineForHealthyPipelineSafeModeRule] INFO  safemode.SCMSafeModeManager (HealthyPipelineSafeModeRule.java:process(137)) - SCM in safe mode. Healthy pipelines reported count is 0, required healthy pipeline reported count is 1
2023-08-25 08:51:29,588 [e3412ff5-1f34-4b2f-8351-e8decf81f5b3-groupManagement] INFO  ratis.ContainerStateMachine (ContainerStateMachine.java:loadSnapshot(262)) - group-EAEBA5388B5B: The snapshot info is null. Setting the last applied indexto:(t:0, i:~)
2023-08-25 08:51:29,588 [e3412ff5-1f34-4b2f-8351-e8decf81f5b3-groupManagement] INFO  server.RaftServerConfigKeys (ConfUtils.java:logGet(46)) - raft.server.log.use.memory = false (default)
2023-08-25 08:51:29,588 [e3412ff5-1f34-4b2f-8351-e8decf81f5b3-groupManagement] INFO  server.RaftServerConfigKeys (ConfUtils.java:logGet(46)) - raft.server.log.purge.gap = 1000000 (custom)
2023-08-25 08:51:29,588 [e3412ff5-1f34-4b2f-8351-e8decf81f5b3-groupManagement] INFO  server.RaftServerConfigKeys (ConfUtils.java:logGet(46)) - raft.server.log.appender.buffer.byte-limit = 33554432 (custom)
2023-08-25 08:51:29,588 [e3412ff5-1f34-4b2f-8351-e8decf81f5b3-groupManagement] INFO  server.RaftServerConfigKeys (ConfUtils.java:logGet(46)) - raft.server.log.statemachine.data.read.timeout = 1000ms (default)
2023-08-25 08:51:29,588 [e3412ff5-1f34-4b2f-8351-e8decf81f5b3-groupManagement] INFO  server.RaftServerConfigKeys (ConfUtils.java:logGet(46)) - raft.server.log.purge.preservation.log.num = 0 (default)
2023-08-25 08:51:29,588 [e3412ff5-1f34-4b2f-8351-e8decf81f5b3-groupManagement] INFO  server.RaftServerConfigKeys (ConfUtils.java:logGet(46)) - raft.server.log.segment.size.max = 1048576 (custom)
2023-08-25 08:51:29,589 [e3412ff5-1f34-4b2f-8351-e8decf81f5b3-groupManagement] INFO  server.RaftServerConfigKeys (ConfUtils.java:logGet(46)) - raft.server.log.segment.cache.num.max = 2 (custom)
2023-08-25 08:51:29,589 [e3412ff5-1f34-4b2f-8351-e8decf81f5b3-groupManagement] INFO  server.RaftServerConfigKeys (ConfUtils.java:logGet(46)) - raft.server.log.segment.cache.size.max = 200MB (=209715200) (default)
2023-08-25 08:51:29,589 [e3412ff5-1f34-4b2f-8351-e8decf81f5b3-groupManagement] INFO  server.RaftServerConfigKeys (ConfUtils.java:logGet(46)) - raft.server.log.appender.buffer.byte-limit = 33554432 (custom)
2023-08-25 08:51:29,589 [e3412ff5-1f34-4b2f-8351-e8decf81f5b3-groupManagement] INFO  segmented.SegmentedRaftLogWorker (SegmentedRaftLogWorker.java:<init>(188)) - new e3412ff5-1f34-4b2f-8351-e8decf81f5b3@group-EAEBA5388B5B-SegmentedRaftLogWorker for RaftStorageImpl:Storage Directory /home/runner/work/ozone/ozone/hadoop-ozone/integration-test/target/test-dir/MiniOzoneClusterImpl-7264bf39-beec-4c8a-bbdc-a469073ec634/datanode-2/data/ratis/2ec6f0b0-5bea-45c4-87d5-eaeba5388b5b
2023-08-25 08:51:29,590 [e3412ff5-1f34-4b2f-8351-e8decf81f5b3-groupManagement] INFO  server.RaftServerConfigKeys (ConfUtils.java:logGet(46)) - raft.server.log.queue.byte-limit = 4294967296 (custom)
2023-08-25 08:51:29,590 [e3412ff5-1f34-4b2f-8351-e8decf81f5b3-groupManagement] INFO  server.RaftServerConfigKeys (ConfUtils.java:logGet(46)) - raft.server.log.queue.element-limit = 1024 (custom)
2023-08-25 08:51:29,590 [e3412ff5-1f34-4b2f-8351-e8decf81f5b3-groupManagement] INFO  server.RaftServerConfigKeys (ConfUtils.java:logGet(46)) - raft.server.log.segment.size.max = 1048576 (custom)
2023-08-25 08:51:29,590 [e3412ff5-1f34-4b2f-8351-e8decf81f5b3-groupManagement] INFO  server.RaftServerConfigKeys (ConfUtils.java:logGet(46)) - raft.server.log.preallocated.size = 16384 (custom)
2023-08-25 08:51:29,591 [e3412ff5-1f34-4b2f-8351-e8decf81f5b3-groupManagement] INFO  server.RaftServerConfigKeys (ConfUtils.java:logGet(46)) - raft.server.log.force.sync.num = 128 (default)
2023-08-25 08:51:29,591 [e3412ff5-1f34-4b2f-8351-e8decf81f5b3-groupManagement] INFO  server.RaftServerConfigKeys (ConfUtils.java:logGet(46)) - raft.server.log.statemachine.data.sync = true (default)
2023-08-25 08:51:29,591 [e3412ff5-1f34-4b2f-8351-e8decf81f5b3-groupManagement] INFO  server.RaftServerConfigKeys (ConfUtils.java:logGet(46)) - raft.server.log.statemachine.data.sync.timeout = 10s (default)
2023-08-25 08:51:29,591 [e3412ff5-1f34-4b2f-8351-e8decf81f5b3-groupManagement] INFO  server.RaftServerConfigKeys (ConfUtils.java:logGet(46)) - raft.server.log.statemachine.data.sync.timeout.retry = -1 (default)
2023-08-25 08:51:29,592 [e3412ff5-1f34-4b2f-8351-e8decf81f5b3-groupManagement] INFO  server.RaftServerConfigKeys (ConfUtils.java:logGet(46)) - raft.server.log.write.buffer.size = 1048576 (custom)
2023-08-25 08:51:29,593 [e3412ff5-1f34-4b2f-8351-e8decf81f5b3-groupManagement] INFO  server.RaftServerConfigKeys (ConfUtils.java:logGet(46)) - raft.server.log.appender.buffer.byte-limit = 33554432 (custom)
2023-08-25 08:51:29,598 [e3412ff5-1f34-4b2f-8351-e8decf81f5b3-groupManagement] INFO  server.RaftServerConfigKeys (ConfUtils.java:logGet(46)) - raft.server.log.unsafe-flush.enabled = false (default)
2023-08-25 08:51:29,599 [e3412ff5-1f34-4b2f-8351-e8decf81f5b3-groupManagement] INFO  server.RaftServerConfigKeys (ConfUtils.java:logGet(46)) - raft.server.log.async-flush.enabled = false (default)
2023-08-25 08:51:29,599 [e3412ff5-1f34-4b2f-8351-e8decf81f5b3-groupManagement] INFO  server.RaftServerConfigKeys (ConfUtils.java:logGet(46)) - raft.server.log.statemachine.data.caching.enabled = true (custom)
2023-08-25 08:51:29,599 [e3412ff5-1f34-4b2f-8351-e8decf81f5b3-groupManagement] INFO  segmented.SegmentedRaftLogWorker (SegmentedRaftLogWorker.java:lambda$new$0(135)) - e3412ff5-1f34-4b2f-8351-e8decf81f5b3@group-EAEBA5388B5B-SegmentedRaftLogWorker: flushIndex: setUnconditionally 0 -> -1
2023-08-25 08:51:29,599 [e3412ff5-1f34-4b2f-8351-e8decf81f5b3-groupManagement] INFO  segmented.SegmentedRaftLogWorker (SegmentedRaftLogWorker.java:lambda$new$0(135)) - e3412ff5-1f34-4b2f-8351-e8decf81f5b3@group-EAEBA5388B5B-SegmentedRaftLogWorker: safeCacheEvictIndex: setUnconditionally 0 -> -1
2023-08-25 08:51:29,610 [e3412ff5-1f34-4b2f-8351-e8decf81f5b3-groupManagement] INFO  server.RaftServer$Division (RaftServerImpl.java:start(342)) - e3412ff5-1f34-4b2f-8351-e8decf81f5b3@group-EAEBA5388B5B: start as a follower, conf=-1: peers:[e3412ff5-1f34-4b2f-8351-e8decf81f5b3|rpc:10.1.0.19:15085|admin:10.1.0.19:15084|client:10.1.0.19:15083|dataStream:10.1.0.19:15086|priority:1|startupRole:FOLLOWER]|listeners:[], old=null
2023-08-25 08:51:29,610 [e3412ff5-1f34-4b2f-8351-e8decf81f5b3-groupManagement] INFO  server.RaftServer$Division (RaftServerImpl.java:setRole(329)) - e3412ff5-1f34-4b2f-8351-e8decf81f5b3@group-EAEBA5388B5B: changes role from      null to FOLLOWER at term 0 for startAsFollower
2023-08-25 08:51:29,610 [e3412ff5-1f34-4b2f-8351-e8decf81f5b3-groupManagement] INFO  impl.RoleInfo (RoleInfo.java:updateAndGet(139)) - e3412ff5-1f34-4b2f-8351-e8decf81f5b3: start e3412ff5-1f34-4b2f-8351-e8decf81f5b3@group-EAEBA5388B5B-FollowerState
2023-08-25 08:51:29,610 [e3412ff5-1f34-4b2f-8351-e8decf81f5b3-groupManagement] INFO  util.JmxRegister (JmxRegister.java:tryRegister(44)) - Successfully registered JMX Bean with object name Ratis:service=RaftServer,group=group-EAEBA5388B5B,id=e3412ff5-1f34-4b2f-8351-e8decf81f5b3
2023-08-25 08:51:29,611 [e3412ff5-1f34-4b2f-8351-e8decf81f5b3-groupManagement] INFO  server.RaftServerConfigKeys (ConfUtils.java:logGet(46)) - raft.server.snapshot.auto.trigger.enabled = true (custom)
2023-08-25 08:51:29,611 [e3412ff5-1f34-4b2f-8351-e8decf81f5b3-groupManagement] INFO  server.RaftServerConfigKeys (ConfUtils.java:logGet(46)) - raft.server.snapshot.auto.trigger.threshold = 10000 (custom)
2023-08-25 08:51:29,611 [e3412ff5-1f34-4b2f-8351-e8decf81f5b3-groupManagement] INFO  server.RaftServerConfigKeys (ConfUtils.java:logGet(46)) - raft.server.snapshot.retention.file.num = 5 (custom)
2023-08-25 08:51:29,611 [e3412ff5-1f34-4b2f-8351-e8decf81f5b3-groupManagement] INFO  server.RaftServerConfigKeys (ConfUtils.java:logGet(46)) - raft.server.log.purge.upto.snapshot.index = false (default)
2023-08-25 08:51:29,611 [e3412ff5-1f34-4b2f-8351-e8decf81f5b3@group-EAEBA5388B5B-FollowerState] INFO  server.RaftServerConfigKeys (ConfUtils.java:logFallback(53)) - raft.server.rpc.first-election.timeout.min = 5s (fallback to raft.server.rpc.timeout.min)
2023-08-25 08:51:29,611 [e3412ff5-1f34-4b2f-8351-e8decf81f5b3@group-EAEBA5388B5B-FollowerState] INFO  server.RaftServerConfigKeys (ConfUtils.java:logFallback(53)) - raft.server.rpc.first-election.timeout.max = 5200ms (fallback to raft.server.rpc.timeout.max)
2023-08-25 08:51:29,613 [PipelineCommandHandlerThread-0] INFO  ratis.XceiverServerRatis (XceiverServerRatis.java:addGroup(804)) - Created group PipelineID=2ec6f0b0-5bea-45c4-87d5-eaeba5388b5b
2023-08-25 08:51:29,613 [PipelineCommandHandlerThread-0] INFO  commandhandler.CreatePipelineCommandHandler (CreatePipelineCommandHandler.java:lambda$handle$2(124)) - Created Pipeline RATIS ONE PipelineID=2ec6f0b0-5bea-45c4-87d5-eaeba5388b5b.
2023-08-25 08:51:29,902 [PipelineCommandHandlerThread-0] INFO  server.RaftServer (RaftServerProxy.java:addNew(98)) - 2dba85f2-5c78-4a39-bcb4-575db37e64e5: addNew group-E365909E19AD:[2dba85f2-5c78-4a39-bcb4-575db37e64e5|rpc:10.1.0.19:15094|admin:10.1.0.19:15093|client:10.1.0.19:15092|dataStream:10.1.0.19:15095|priority:1|startupRole:FOLLOWER] returns group-E365909E19AD:java.util.concurrent.CompletableFuture@22a3f732[Not completed]
2023-08-25 08:51:29,904 [2dba85f2-5c78-4a39-bcb4-575db37e64e5-groupManagement] INFO  server.RaftServer$Division (RaftServerImpl.java:<init>(198)) - 2dba85f2-5c78-4a39-bcb4-575db37e64e5: new RaftServerImpl for group-E365909E19AD:[2dba85f2-5c78-4a39-bcb4-575db37e64e5|rpc:10.1.0.19:15094|admin:10.1.0.19:15093|client:10.1.0.19:15092|dataStream:10.1.0.19:15095|priority:1|startupRole:FOLLOWER] with ContainerStateMachine:uninitialized
2023-08-25 08:51:29,904 [2dba85f2-5c78-4a39-bcb4-575db37e64e5-groupManagement] INFO  server.RaftServerConfigKeys (ConfUtils.java:logGet(46)) - raft.server.rpc.timeout.min = 5s (custom)
2023-08-25 08:51:29,904 [2dba85f2-5c78-4a39-bcb4-575db37e64e5-groupManagement] INFO  server.RaftServerConfigKeys (ConfUtils.java:logGet(46)) - raft.server.rpc.timeout.max = 5200ms (custom)
2023-08-25 08:51:29,904 [2dba85f2-5c78-4a39-bcb4-575db37e64e5-groupManagement] INFO  server.RaftServerConfigKeys (ConfUtils.java:logGet(46)) - raft.server.rpc.sleep.time = 25ms (default)
2023-08-25 08:51:29,907 [2dba85f2-5c78-4a39-bcb4-575db37e64e5-groupManagement] INFO  server.RaftServerConfigKeys (ConfUtils.java:logGet(46)) - raft.server.rpc.slowness.timeout = 300s (custom)
2023-08-25 08:51:29,907 [2dba85f2-5c78-4a39-bcb4-575db37e64e5-groupManagement] INFO  server.RaftServerConfigKeys (ConfUtils.java:logGet(46)) - raft.server.leaderelection.leader.step-down.wait-time = 10s (default)
2023-08-25 08:51:29,907 [2dba85f2-5c78-4a39-bcb4-575db37e64e5-groupManagement] INFO  server.RaftServerConfigKeys (ConfUtils.java:logGet(46)) - raft.server.sleep.deviation.threshold = 300ms (default)
2023-08-25 08:51:29,907 [2dba85f2-5c78-4a39-bcb4-575db37e64e5-groupManagement] INFO  server.RaftServer$Division (ServerState.java:<init>(120)) - 2dba85f2-5c78-4a39-bcb4-575db37e64e5@group-E365909E19AD: ConfigurationManager, init=-1: peers:[2dba85f2-5c78-4a39-bcb4-575db37e64e5|rpc:10.1.0.19:15094|admin:10.1.0.19:15093|client:10.1.0.19:15092|dataStream:10.1.0.19:15095|priority:1|startupRole:FOLLOWER]|listeners:[], old=null, confs=<EMPTY_MAP>
2023-08-25 08:51:29,907 [2dba85f2-5c78-4a39-bcb4-575db37e64e5-groupManagement] INFO  server.RaftServerConfigKeys (ConfUtils.java:logGet(46)) - raft.server.storage.dir = [/home/runner/work/ozone/ozone/hadoop-ozone/integration-test/target/test-dir/MiniOzoneClusterImpl-7264bf39-beec-4c8a-bbdc-a469073ec634/datanode-3/data/ratis] (custom)
2023-08-25 08:51:29,907 [2dba85f2-5c78-4a39-bcb4-575db37e64e5-groupManagement] INFO  server.RaftServerConfigKeys (ConfUtils.java:logGet(46)) - raft.server.log.corruption.policy = EXCEPTION (default)
2023-08-25 08:51:29,907 [2dba85f2-5c78-4a39-bcb4-575db37e64e5-groupManagement] INFO  server.RaftServerConfigKeys (ConfUtils.java:logGet(46)) - raft.server.storage.free-space.min = 0MB (=0) (default)
2023-08-25 08:51:29,907 [2dba85f2-5c78-4a39-bcb4-575db37e64e5-groupManagement] INFO  server.RaftServerConfigKeys (ConfUtils.java:logGet(46)) - raft.server.notification.no-leader.timeout = 300s (custom)
2023-08-25 08:51:29,907 [2dba85f2-5c78-4a39-bcb4-575db37e64e5-groupManagement] INFO  server.RaftServerConfigKeys (ConfUtils.java:logGet(46)) - raft.server.read.timeout = 10s (default)
2023-08-25 08:51:29,907 [2dba85f2-5c78-4a39-bcb4-575db37e64e5-groupManagement] INFO  server.RaftServerConfigKeys (ConfUtils.java:logGet(46)) - raft.server.retrycache.expirytime = 600000ms (custom)
2023-08-25 08:51:29,909 [2dba85f2-5c78-4a39-bcb4-575db37e64e5-groupManagement] INFO  server.RaftServerConfigKeys (ConfUtils.java:logGet(46)) - raft.server.retrycache.statistics.expirytime = 100μs (default)
2023-08-25 08:51:29,909 [2dba85f2-5c78-4a39-bcb4-575db37e64e5-groupManagement] INFO  server.RaftServerConfigKeys (ConfUtils.java:logGet(46)) - raft.server.read.option = DEFAULT (default)
2023-08-25 08:51:29,911 [2dba85f2-5c78-4a39-bcb4-575db37e64e5-groupManagement] INFO  server.RaftServerConfigKeys (ConfUtils.java:logGet(46)) - raft.server.rpc.request.timeout = 60s (custom)
2023-08-25 08:51:29,912 [2dba85f2-5c78-4a39-bcb4-575db37e64e5-groupManagement] INFO  server.RaftServerConfigKeys (ConfUtils.java:logGet(46)) - raft.server.log.appender.install.snapshot.enabled = false (custom)
2023-08-25 08:51:29,912 [2dba85f2-5c78-4a39-bcb4-575db37e64e5-groupManagement] INFO  server.RaftServerConfigKeys (ConfUtils.java:logGet(46)) - raft.server.threadpool.server.cached = true (default)
2023-08-25 08:51:29,912 [2dba85f2-5c78-4a39-bcb4-575db37e64e5-groupManagement] INFO  server.RaftServerConfigKeys (ConfUtils.java:logGet(46)) - raft.server.threadpool.server.size = 0 (default)
2023-08-25 08:51:29,912 [2dba85f2-5c78-4a39-bcb4-575db37e64e5-groupManagement] INFO  server.RaftServerConfigKeys (ConfUtils.java:logGet(46)) - raft.server.threadpool.client.cached = true (default)
2023-08-25 08:51:29,912 [2dba85f2-5c78-4a39-bcb4-575db37e64e5-groupManagement] INFO  server.RaftServerConfigKeys (ConfUtils.java:logGet(46)) - raft.server.threadpool.client.size = 0 (default)
2023-08-25 08:51:29,912 [2dba85f2-5c78-4a39-bcb4-575db37e64e5-groupManagement] INFO  storage.RaftStorageDirectory (RaftStorageDirectoryImpl.java:analyzeStorage(137)) - The storage directory /home/runner/work/ozone/ozone/hadoop-ozone/integration-test/target/test-dir/MiniOzoneClusterImpl-7264bf39-beec-4c8a-bbdc-a469073ec634/datanode-3/data/ratis/d4e8f10c-aca5-4a4d-8ef2-e365909e19ad does not exist. Creating ...
2023-08-25 08:51:29,914 [2dba85f2-5c78-4a39-bcb4-575db37e64e5-groupManagement] INFO  storage.RaftStorageDirectory (RaftStorageDirectoryImpl.java:tryLock(231)) - Lock on /home/runner/work/ozone/ozone/hadoop-ozone/integration-test/target/test-dir/MiniOzoneClusterImpl-7264bf39-beec-4c8a-bbdc-a469073ec634/datanode-3/data/ratis/d4e8f10c-aca5-4a4d-8ef2-e365909e19ad/in_use.lock acquired by nodename 30217@fv-az584-689
2023-08-25 08:51:29,916 [2dba85f2-5c78-4a39-bcb4-575db37e64e5-groupManagement] INFO  storage.RaftStorage (RaftStorageImpl.java:format(96)) - Storage directory /home/runner/work/ozone/ozone/hadoop-ozone/integration-test/target/test-dir/MiniOzoneClusterImpl-7264bf39-beec-4c8a-bbdc-a469073ec634/datanode-3/data/ratis/d4e8f10c-aca5-4a4d-8ef2-e365909e19ad has been successfully formatted.
2023-08-25 08:51:29,918 [2dba85f2-5c78-4a39-bcb4-575db37e64e5-groupManagement] INFO  ratis.ContainerStateMachine (ContainerStateMachine.java:loadSnapshot(262)) - group-E365909E19AD: The snapshot info is null. Setting the last applied indexto:(t:0, i:~)
2023-08-25 08:51:29,918 [2dba85f2-5c78-4a39-bcb4-575db37e64e5-groupManagement] INFO  server.RaftServerConfigKeys (ConfUtils.java:logGet(46)) - raft.server.log.use.memory = false (default)
2023-08-25 08:51:29,918 [2dba85f2-5c78-4a39-bcb4-575db37e64e5-groupManagement] INFO  server.RaftServerConfigKeys (ConfUtils.java:logGet(46)) - raft.server.log.purge.gap = 1000000 (custom)
2023-08-25 08:51:29,918 [2dba85f2-5c78-4a39-bcb4-575db37e64e5-groupManagement] INFO  server.RaftServerConfigKeys (ConfUtils.java:logGet(46)) - raft.server.log.appender.buffer.byte-limit = 33554432 (custom)
2023-08-25 08:51:29,918 [2dba85f2-5c78-4a39-bcb4-575db37e64e5-groupManagement] INFO  server.RaftServerConfigKeys (ConfUtils.java:logGet(46)) - raft.server.log.statemachine.data.read.timeout = 1000ms (default)
2023-08-25 08:51:29,918 [2dba85f2-5c78-4a39-bcb4-575db37e64e5-groupManagement] INFO  server.RaftServerConfigKeys (ConfUtils.java:logGet(46)) - raft.server.log.purge.preservation.log.num = 0 (default)
2023-08-25 08:51:29,918 [2dba85f2-5c78-4a39-bcb4-575db37e64e5-groupManagement] INFO  server.RaftServerConfigKeys (ConfUtils.java:logGet(46)) - raft.server.log.segment.size.max = 1048576 (custom)
2023-08-25 08:51:29,919 [2dba85f2-5c78-4a39-bcb4-575db37e64e5-groupManagement] INFO  server.RaftServerConfigKeys (ConfUtils.java:logGet(46)) - raft.server.log.segment.cache.num.max = 2 (custom)
2023-08-25 08:51:29,919 [2dba85f2-5c78-4a39-bcb4-575db37e64e5-groupManagement] INFO  server.RaftServerConfigKeys (ConfUtils.java:logGet(46)) - raft.server.log.segment.cache.size.max = 200MB (=209715200) (default)
2023-08-25 08:51:29,919 [2dba85f2-5c78-4a39-bcb4-575db37e64e5-groupManagement] INFO  server.RaftServerConfigKeys (ConfUtils.java:logGet(46)) - raft.server.log.appender.buffer.byte-limit = 33554432 (custom)
2023-08-25 08:51:29,919 [2dba85f2-5c78-4a39-bcb4-575db37e64e5-groupManagement] INFO  segmented.SegmentedRaftLogWorker (SegmentedRaftLogWorker.java:<init>(188)) - new 2dba85f2-5c78-4a39-bcb4-575db37e64e5@group-E365909E19AD-SegmentedRaftLogWorker for RaftStorageImpl:Storage Directory /home/runner/work/ozone/ozone/hadoop-ozone/integration-test/target/test-dir/MiniOzoneClusterImpl-7264bf39-beec-4c8a-bbdc-a469073ec634/datanode-3/data/ratis/d4e8f10c-aca5-4a4d-8ef2-e365909e19ad
2023-08-25 08:51:29,919 [2dba85f2-5c78-4a39-bcb4-575db37e64e5-groupManagement] INFO  server.RaftServerConfigKeys (ConfUtils.java:logGet(46)) - raft.server.log.queue.byte-limit = 4294967296 (custom)
2023-08-25 08:51:29,919 [2dba85f2-5c78-4a39-bcb4-575db37e64e5-groupManagement] INFO  server.RaftServerConfigKeys (ConfUtils.java:logGet(46)) - raft.server.log.queue.element-limit = 1024 (custom)
2023-08-25 08:51:29,919 [2dba85f2-5c78-4a39-bcb4-575db37e64e5-groupManagement] INFO  server.RaftServerConfigKeys (ConfUtils.java:logGet(46)) - raft.server.log.segment.size.max = 1048576 (custom)
2023-08-25 08:51:29,919 [2dba85f2-5c78-4a39-bcb4-575db37e64e5-groupManagement] INFO  server.RaftServerConfigKeys (ConfUtils.java:logGet(46)) - raft.server.log.preallocated.size = 16384 (custom)
2023-08-25 08:51:29,919 [2dba85f2-5c78-4a39-bcb4-575db37e64e5-groupManagement] INFO  server.RaftServerConfigKeys (ConfUtils.java:logGet(46)) - raft.server.log.force.sync.num = 128 (default)
2023-08-25 08:51:29,919 [2dba85f2-5c78-4a39-bcb4-575db37e64e5-groupManagement] INFO  server.RaftServerConfigKeys (ConfUtils.java:logGet(46)) - raft.server.log.statemachine.data.sync = true (default)
2023-08-25 08:51:29,919 [2dba85f2-5c78-4a39-bcb4-575db37e64e5-groupManagement] INFO  server.RaftServerConfigKeys (ConfUtils.java:logGet(46)) - raft.server.log.statemachine.data.sync.timeout = 10s (default)
2023-08-25 08:51:29,919 [2dba85f2-5c78-4a39-bcb4-575db37e64e5-groupManagement] INFO  server.RaftServerConfigKeys (ConfUtils.java:logGet(46)) - raft.server.log.statemachine.data.sync.timeout.retry = -1 (default)
2023-08-25 08:51:29,920 [EventQueue-PipelineReportForPipelineReportHandler] INFO  pipeline.PipelineReportHandler (PipelineReportHandler.java:processPipelineReport(136)) - Opened pipeline PipelineID=d4e8f10c-aca5-4a4d-8ef2-e365909e19ad
2023-08-25 08:51:29,920 [2dba85f2-5c78-4a39-bcb4-575db37e64e5-groupManagement] INFO  server.RaftServerConfigKeys (ConfUtils.java:logGet(46)) - raft.server.log.write.buffer.size = 1048576 (custom)
2023-08-25 08:51:29,920 [EventQueue-OpenPipelineForHealthyPipelineSafeModeRule] INFO  safemode.SCMSafeModeManager (HealthyPipelineSafeModeRule.java:process(137)) - SCM in safe mode. Healthy pipelines reported count is 0, required healthy pipeline reported count is 1
2023-08-25 08:51:29,920 [2dba85f2-5c78-4a39-bcb4-575db37e64e5-groupManagement] INFO  server.RaftServerConfigKeys (ConfUtils.java:logGet(46)) - raft.server.log.appender.buffer.byte-limit = 33554432 (custom)
2023-08-25 08:51:29,928 [2dba85f2-5c78-4a39-bcb4-575db37e64e5-groupManagement] INFO  server.RaftServerConfigKeys (ConfUtils.java:logGet(46)) - raft.server.log.unsafe-flush.enabled = false (default)
2023-08-25 08:51:29,929 [2dba85f2-5c78-4a39-bcb4-575db37e64e5-groupManagement] INFO  server.RaftServerConfigKeys (ConfUtils.java:logGet(46)) - raft.server.log.async-flush.enabled = false (default)
2023-08-25 08:51:29,929 [2dba85f2-5c78-4a39-bcb4-575db37e64e5-groupManagement] INFO  server.RaftServerConfigKeys (ConfUtils.java:logGet(46)) - raft.server.log.statemachine.data.caching.enabled = true (custom)
2023-08-25 08:51:29,929 [2dba85f2-5c78-4a39-bcb4-575db37e64e5-groupManagement] INFO  segmented.SegmentedRaftLogWorker (SegmentedRaftLogWorker.java:lambda$new$0(135)) - 2dba85f2-5c78-4a39-bcb4-575db37e64e5@group-E365909E19AD-SegmentedRaftLogWorker: flushIndex: setUnconditionally 0 -> -1
2023-08-25 08:51:29,929 [2dba85f2-5c78-4a39-bcb4-575db37e64e5-groupManagement] INFO  segmented.SegmentedRaftLogWorker (SegmentedRaftLogWorker.java:lambda$new$0(135)) - 2dba85f2-5c78-4a39-bcb4-575db37e64e5@group-E365909E19AD-SegmentedRaftLogWorker: safeCacheEvictIndex: setUnconditionally 0 -> -1
2023-08-25 08:51:29,929 [2dba85f2-5c78-4a39-bcb4-575db37e64e5-groupManagement] INFO  server.RaftServer$Division (RaftServerImpl.java:start(342)) - 2dba85f2-5c78-4a39-bcb4-575db37e64e5@group-E365909E19AD: start as a follower, conf=-1: peers:[2dba85f2-5c78-4a39-bcb4-575db37e64e5|rpc:10.1.0.19:15094|admin:10.1.0.19:15093|client:10.1.0.19:15092|dataStream:10.1.0.19:15095|priority:1|startupRole:FOLLOWER]|listeners:[], old=null
2023-08-25 08:51:29,929 [2dba85f2-5c78-4a39-bcb4-575db37e64e5-groupManagement] INFO  server.RaftServer$Division (RaftServerImpl.java:setRole(329)) - 2dba85f2-5c78-4a39-bcb4-575db37e64e5@group-E365909E19AD: changes role from      null to FOLLOWER at term 0 for startAsFollower
2023-08-25 08:51:29,929 [2dba85f2-5c78-4a39-bcb4-575db37e64e5-groupManagement] INFO  impl.RoleInfo (RoleInfo.java:updateAndGet(139)) - 2dba85f2-5c78-4a39-bcb4-575db37e64e5: start 2dba85f2-5c78-4a39-bcb4-575db37e64e5@group-E365909E19AD-FollowerState
2023-08-25 08:51:29,930 [2dba85f2-5c78-4a39-bcb4-575db37e64e5-groupManagement] INFO  util.JmxRegister (JmxRegister.java:tryRegister(44)) - Successfully registered JMX Bean with object name Ratis:service=RaftServer,group=group-E365909E19AD,id=2dba85f2-5c78-4a39-bcb4-575db37e64e5
2023-08-25 08:51:29,930 [2dba85f2-5c78-4a39-bcb4-575db37e64e5@group-E365909E19AD-FollowerState] INFO  server.RaftServerConfigKeys (ConfUtils.java:logFallback(53)) - raft.server.rpc.first-election.timeout.min = 5s (fallback to raft.server.rpc.timeout.min)
2023-08-25 08:51:29,930 [2dba85f2-5c78-4a39-bcb4-575db37e64e5-groupManagement] INFO  server.RaftServerConfigKeys (ConfUtils.java:logGet(46)) - raft.server.snapshot.auto.trigger.enabled = true (custom)
2023-08-25 08:51:29,930 [2dba85f2-5c78-4a39-bcb4-575db37e64e5-groupManagement] INFO  server.RaftServerConfigKeys (ConfUtils.java:logGet(46)) - raft.server.snapshot.auto.trigger.threshold = 10000 (custom)
2023-08-25 08:51:29,930 [2dba85f2-5c78-4a39-bcb4-575db37e64e5@group-E365909E19AD-FollowerState] INFO  server.RaftServerConfigKeys (ConfUtils.java:logFallback(53)) - raft.server.rpc.first-election.timeout.max = 5200ms (fallback to raft.server.rpc.timeout.max)
2023-08-25 08:51:29,930 [2dba85f2-5c78-4a39-bcb4-575db37e64e5-groupManagement] INFO  server.RaftServerConfigKeys (ConfUtils.java:logGet(46)) - raft.server.snapshot.retention.file.num = 5 (custom)
2023-08-25 08:51:29,930 [2dba85f2-5c78-4a39-bcb4-575db37e64e5-groupManagement] INFO  server.RaftServerConfigKeys (ConfUtils.java:logGet(46)) - raft.server.log.purge.upto.snapshot.index = false (default)
2023-08-25 08:51:29,931 [PipelineCommandHandlerThread-0] INFO  ratis.XceiverServerRatis (XceiverServerRatis.java:addGroup(804)) - Created group PipelineID=d4e8f10c-aca5-4a4d-8ef2-e365909e19ad
2023-08-25 08:51:29,931 [PipelineCommandHandlerThread-0] INFO  commandhandler.CreatePipelineCommandHandler (CreatePipelineCommandHandler.java:lambda$handle$2(124)) - Created Pipeline RATIS ONE PipelineID=d4e8f10c-aca5-4a4d-8ef2-e365909e19ad.
2023-08-25 08:51:30,211 [PipelineCommandHandlerThread-0] INFO  server.RaftServer (RaftServerProxy.java:addNew(98)) - 0e5a7e70-4bad-4e07-bed3-bc8780d50e71: addNew group-4F5C45291203:[0e5a7e70-4bad-4e07-bed3-bc8780d50e71|rpc:10.1.0.19:15103|admin:10.1.0.19:15102|client:10.1.0.19:15101|dataStream:10.1.0.19:15104|priority:1|startupRole:FOLLOWER] returns group-4F5C45291203:java.util.concurrent.CompletableFuture@5849b3f2[Not completed]
2023-08-25 08:51:30,213 [0e5a7e70-4bad-4e07-bed3-bc8780d50e71-groupManagement] INFO  server.RaftServer$Division (RaftServerImpl.java:<init>(198)) - 0e5a7e70-4bad-4e07-bed3-bc8780d50e71: new RaftServerImpl for group-4F5C45291203:[0e5a7e70-4bad-4e07-bed3-bc8780d50e71|rpc:10.1.0.19:15103|admin:10.1.0.19:15102|client:10.1.0.19:15101|dataStream:10.1.0.19:15104|priority:1|startupRole:FOLLOWER] with ContainerStateMachine:uninitialized
2023-08-25 08:51:30,213 [0e5a7e70-4bad-4e07-bed3-bc8780d50e71-groupManagement] INFO  server.RaftServerConfigKeys (ConfUtils.java:logGet(46)) - raft.server.rpc.timeout.min = 5s (custom)
2023-08-25 08:51:30,213 [0e5a7e70-4bad-4e07-bed3-bc8780d50e71-groupManagement] INFO  server.RaftServerConfigKeys (ConfUtils.java:logGet(46)) - raft.server.rpc.timeout.max = 5200ms (custom)
2023-08-25 08:51:30,213 [0e5a7e70-4bad-4e07-bed3-bc8780d50e71-groupManagement] INFO  server.RaftServerConfigKeys (ConfUtils.java:logGet(46)) - raft.server.rpc.sleep.time = 25ms (default)
2023-08-25 08:51:30,214 [0e5a7e70-4bad-4e07-bed3-bc8780d50e71-groupManagement] INFO  server.RaftServerConfigKeys (ConfUtils.java:logGet(46)) - raft.server.rpc.slowness.timeout = 300s (custom)
2023-08-25 08:51:30,214 [0e5a7e70-4bad-4e07-bed3-bc8780d50e71-groupManagement] INFO  server.RaftServerConfigKeys (ConfUtils.java:logGet(46)) - raft.server.leaderelection.leader.step-down.wait-time = 10s (default)
2023-08-25 08:51:30,214 [0e5a7e70-4bad-4e07-bed3-bc8780d50e71-groupManagement] INFO  server.RaftServerConfigKeys (ConfUtils.java:logGet(46)) - raft.server.sleep.deviation.threshold = 300ms (default)
2023-08-25 08:51:30,214 [0e5a7e70-4bad-4e07-bed3-bc8780d50e71-groupManagement] INFO  server.RaftServer$Division (ServerState.java:<init>(120)) - 0e5a7e70-4bad-4e07-bed3-bc8780d50e71@group-4F5C45291203: ConfigurationManager, init=-1: peers:[0e5a7e70-4bad-4e07-bed3-bc8780d50e71|rpc:10.1.0.19:15103|admin:10.1.0.19:15102|client:10.1.0.19:15101|dataStream:10.1.0.19:15104|priority:1|startupRole:FOLLOWER]|listeners:[], old=null, confs=<EMPTY_MAP>
2023-08-25 08:51:30,214 [0e5a7e70-4bad-4e07-bed3-bc8780d50e71-groupManagement] INFO  server.RaftServerConfigKeys (ConfUtils.java:logGet(46)) - raft.server.storage.dir = [/home/runner/work/ozone/ozone/hadoop-ozone/integration-test/target/test-dir/MiniOzoneClusterImpl-7264bf39-beec-4c8a-bbdc-a469073ec634/datanode-4/data/ratis] (custom)
2023-08-25 08:51:30,214 [0e5a7e70-4bad-4e07-bed3-bc8780d50e71-groupManagement] INFO  server.RaftServerConfigKeys (ConfUtils.java:logGet(46)) - raft.server.log.corruption.policy = EXCEPTION (default)
2023-08-25 08:51:30,214 [0e5a7e70-4bad-4e07-bed3-bc8780d50e71-groupManagement] INFO  server.RaftServerConfigKeys (ConfUtils.java:logGet(46)) - raft.server.storage.free-space.min = 0MB (=0) (default)
2023-08-25 08:51:30,214 [0e5a7e70-4bad-4e07-bed3-bc8780d50e71-groupManagement] INFO  server.RaftServerConfigKeys (ConfUtils.java:logGet(46)) - raft.server.notification.no-leader.timeout = 300s (custom)
2023-08-25 08:51:30,214 [0e5a7e70-4bad-4e07-bed3-bc8780d50e71-groupManagement] INFO  server.RaftServerConfigKeys (ConfUtils.java:logGet(46)) - raft.server.read.timeout = 10s (default)
2023-08-25 08:51:30,214 [0e5a7e70-4bad-4e07-bed3-bc8780d50e71-groupManagement] INFO  server.RaftServerConfigKeys (ConfUtils.java:logGet(46)) - raft.server.retrycache.expirytime = 600000ms (custom)
2023-08-25 08:51:30,214 [0e5a7e70-4bad-4e07-bed3-bc8780d50e71-groupManagement] INFO  server.RaftServerConfigKeys (ConfUtils.java:logGet(46)) - raft.server.retrycache.statistics.expirytime = 100μs (default)
2023-08-25 08:51:30,215 [0e5a7e70-4bad-4e07-bed3-bc8780d50e71-groupManagement] INFO  server.RaftServerConfigKeys (ConfUtils.java:logGet(46)) - raft.server.read.option = DEFAULT (default)
2023-08-25 08:51:30,217 [0e5a7e70-4bad-4e07-bed3-bc8780d50e71-groupManagement] INFO  server.RaftServerConfigKeys (ConfUtils.java:logGet(46)) - raft.server.rpc.request.timeout = 60s (custom)
2023-08-25 08:51:30,217 [0e5a7e70-4bad-4e07-bed3-bc8780d50e71-groupManagement] INFO  server.RaftServerConfigKeys (ConfUtils.java:logGet(46)) - raft.server.log.appender.install.snapshot.enabled = false (custom)
2023-08-25 08:51:30,217 [0e5a7e70-4bad-4e07-bed3-bc8780d50e71-groupManagement] INFO  server.RaftServerConfigKeys (ConfUtils.java:logGet(46)) - raft.server.threadpool.server.cached = true (default)
2023-08-25 08:51:30,217 [0e5a7e70-4bad-4e07-bed3-bc8780d50e71-groupManagement] INFO  server.RaftServerConfigKeys (ConfUtils.java:logGet(46)) - raft.server.threadpool.server.size = 0 (default)
2023-08-25 08:51:30,217 [0e5a7e70-4bad-4e07-bed3-bc8780d50e71-groupManagement] INFO  server.RaftServerConfigKeys (ConfUtils.java:logGet(46)) - raft.server.threadpool.client.cached = true (default)
2023-08-25 08:51:30,217 [0e5a7e70-4bad-4e07-bed3-bc8780d50e71-groupManagement] INFO  server.RaftServerConfigKeys (ConfUtils.java:logGet(46)) - raft.server.threadpool.client.size = 0 (default)
2023-08-25 08:51:30,217 [0e5a7e70-4bad-4e07-bed3-bc8780d50e71-groupManagement] INFO  storage.RaftStorageDirectory (RaftStorageDirectoryImpl.java:analyzeStorage(137)) - The storage directory /home/runner/work/ozone/ozone/hadoop-ozone/integration-test/target/test-dir/MiniOzoneClusterImpl-7264bf39-beec-4c8a-bbdc-a469073ec634/datanode-4/data/ratis/85d65a51-6536-4c1e-991c-4f5c45291203 does not exist. Creating ...
2023-08-25 08:51:30,218 [0e5a7e70-4bad-4e07-bed3-bc8780d50e71-groupManagement] INFO  storage.RaftStorageDirectory (RaftStorageDirectoryImpl.java:tryLock(231)) - Lock on /home/runner/work/ozone/ozone/hadoop-ozone/integration-test/target/test-dir/MiniOzoneClusterImpl-7264bf39-beec-4c8a-bbdc-a469073ec634/datanode-4/data/ratis/85d65a51-6536-4c1e-991c-4f5c45291203/in_use.lock acquired by nodename 30217@fv-az584-689
2023-08-25 08:51:30,220 [0e5a7e70-4bad-4e07-bed3-bc8780d50e71-groupManagement] INFO  storage.RaftStorage (RaftStorageImpl.java:format(96)) - Storage directory /home/runner/work/ozone/ozone/hadoop-ozone/integration-test/target/test-dir/MiniOzoneClusterImpl-7264bf39-beec-4c8a-bbdc-a469073ec634/datanode-4/data/ratis/85d65a51-6536-4c1e-991c-4f5c45291203 has been successfully formatted.
2023-08-25 08:51:30,222 [0e5a7e70-4bad-4e07-bed3-bc8780d50e71-groupManagement] INFO  ratis.ContainerStateMachine (ContainerStateMachine.java:loadSnapshot(262)) - group-4F5C45291203: The snapshot info is null. Setting the last applied indexto:(t:0, i:~)
2023-08-25 08:51:30,222 [0e5a7e70-4bad-4e07-bed3-bc8780d50e71-groupManagement] INFO  server.RaftServerConfigKeys (ConfUtils.java:logGet(46)) - raft.server.log.use.memory = false (default)
2023-08-25 08:51:30,223 [0e5a7e70-4bad-4e07-bed3-bc8780d50e71-groupManagement] INFO  server.RaftServerConfigKeys (ConfUtils.java:logGet(46)) - raft.server.log.purge.gap = 1000000 (custom)
2023-08-25 08:51:30,223 [0e5a7e70-4bad-4e07-bed3-bc8780d50e71-groupManagement] INFO  server.RaftServerConfigKeys (ConfUtils.java:logGet(46)) - raft.server.log.appender.buffer.byte-limit = 33554432 (custom)
2023-08-25 08:51:30,223 [0e5a7e70-4bad-4e07-bed3-bc8780d50e71-groupManagement] INFO  server.RaftServerConfigKeys (ConfUtils.java:logGet(46)) - raft.server.log.statemachine.data.read.timeout = 1000ms (default)
2023-08-25 08:51:30,223 [0e5a7e70-4bad-4e07-bed3-bc8780d50e71-groupManagement] INFO  server.RaftServerConfigKeys (ConfUtils.java:logGet(46)) - raft.server.log.purge.preservation.log.num = 0 (default)
2023-08-25 08:51:30,223 [0e5a7e70-4bad-4e07-bed3-bc8780d50e71-groupManagement] INFO  server.RaftServerConfigKeys (ConfUtils.java:logGet(46)) - raft.server.log.segment.size.max = 1048576 (custom)
2023-08-25 08:51:30,224 [0e5a7e70-4bad-4e07-bed3-bc8780d50e71-groupManagement] INFO  server.RaftServerConfigKeys (ConfUtils.java:logGet(46)) - raft.server.log.segment.cache.num.max = 2 (custom)
2023-08-25 08:51:30,224 [0e5a7e70-4bad-4e07-bed3-bc8780d50e71-groupManagement] INFO  server.RaftServerConfigKeys (ConfUtils.java:logGet(46)) - raft.server.log.segment.cache.size.max = 200MB (=209715200) (default)
2023-08-25 08:51:30,224 [0e5a7e70-4bad-4e07-bed3-bc8780d50e71-groupManagement] INFO  server.RaftServerConfigKeys (ConfUtils.java:logGet(46)) - raft.server.log.appender.buffer.byte-limit = 33554432 (custom)
2023-08-25 08:51:30,224 [0e5a7e70-4bad-4e07-bed3-bc8780d50e71-groupManagement] INFO  segmented.SegmentedRaftLogWorker (SegmentedRaftLogWorker.java:<init>(188)) - new 0e5a7e70-4bad-4e07-bed3-bc8780d50e71@group-4F5C45291203-SegmentedRaftLogWorker for RaftStorageImpl:Storage Directory /home/runner/work/ozone/ozone/hadoop-ozone/integration-test/target/test-dir/MiniOzoneClusterImpl-7264bf39-beec-4c8a-bbdc-a469073ec634/datanode-4/data/ratis/85d65a51-6536-4c1e-991c-4f5c45291203
2023-08-25 08:51:30,224 [0e5a7e70-4bad-4e07-bed3-bc8780d50e71-groupManagement] INFO  server.RaftServerConfigKeys (ConfUtils.java:logGet(46)) - raft.server.log.queue.byte-limit = 4294967296 (custom)
2023-08-25 08:51:30,224 [0e5a7e70-4bad-4e07-bed3-bc8780d50e71-groupManagement] INFO  server.RaftServerConfigKeys (ConfUtils.java:logGet(46)) - raft.server.log.queue.element-limit = 1024 (custom)
2023-08-25 08:51:30,224 [0e5a7e70-4bad-4e07-bed3-bc8780d50e71-groupManagement] INFO  server.RaftServerConfigKeys (ConfUtils.java:logGet(46)) - raft.server.log.segment.size.max = 1048576 (custom)
2023-08-25 08:51:30,224 [0e5a7e70-4bad-4e07-bed3-bc8780d50e71-groupManagement] INFO  server.RaftServerConfigKeys (ConfUtils.java:logGet(46)) - raft.server.log.preallocated.size = 16384 (custom)
2023-08-25 08:51:30,224 [0e5a7e70-4bad-4e07-bed3-bc8780d50e71-groupManagement] INFO  server.RaftServerConfigKeys (ConfUtils.java:logGet(46)) - raft.server.log.force.sync.num = 128 (default)
2023-08-25 08:51:30,224 [0e5a7e70-4bad-4e07-bed3-bc8780d50e71-groupManagement] INFO  server.RaftServerConfigKeys (ConfUtils.java:logGet(46)) - raft.server.log.statemachine.data.sync = true (default)
2023-08-25 08:51:30,224 [0e5a7e70-4bad-4e07-bed3-bc8780d50e71-groupManagement] INFO  server.RaftServerConfigKeys (ConfUtils.java:logGet(46)) - raft.server.log.statemachine.data.sync.timeout = 10s (default)
2023-08-25 08:51:30,224 [0e5a7e70-4bad-4e07-bed3-bc8780d50e71-groupManagement] INFO  server.RaftServerConfigKeys (ConfUtils.java:logGet(46)) - raft.server.log.statemachine.data.sync.timeout.retry = -1 (default)
2023-08-25 08:51:30,224 [EventQueue-PipelineReportForPipelineReportHandler] INFO  pipeline.PipelineReportHandler (PipelineReportHandler.java:processPipelineReport(136)) - Opened pipeline PipelineID=85d65a51-6536-4c1e-991c-4f5c45291203
2023-08-25 08:51:30,225 [EventQueue-OpenPipelineForHealthyPipelineSafeModeRule] INFO  safemode.SCMSafeModeManager (HealthyPipelineSafeModeRule.java:process(137)) - SCM in safe mode. Healthy pipelines reported count is 0, required healthy pipeline reported count is 1
2023-08-25 08:51:30,225 [0e5a7e70-4bad-4e07-bed3-bc8780d50e71-groupManagement] INFO  server.RaftServerConfigKeys (ConfUtils.java:logGet(46)) - raft.server.log.write.buffer.size = 1048576 (custom)
2023-08-25 08:51:30,226 [0e5a7e70-4bad-4e07-bed3-bc8780d50e71-groupManagement] INFO  server.RaftServerConfigKeys (ConfUtils.java:logGet(46)) - raft.server.log.appender.buffer.byte-limit = 33554432 (custom)
2023-08-25 08:51:30,231 [0e5a7e70-4bad-4e07-bed3-bc8780d50e71-groupManagement] INFO  server.RaftServerConfigKeys (ConfUtils.java:logGet(46)) - raft.server.log.unsafe-flush.enabled = false (default)
2023-08-25 08:51:30,231 [0e5a7e70-4bad-4e07-bed3-bc8780d50e71-groupManagement] INFO  server.RaftServerConfigKeys (ConfUtils.java:logGet(46)) - raft.server.log.async-flush.enabled = false (default)
2023-08-25 08:51:30,231 [0e5a7e70-4bad-4e07-bed3-bc8780d50e71-groupManagement] INFO  server.RaftServerConfigKeys (ConfUtils.java:logGet(46)) - raft.server.log.statemachine.data.caching.enabled = true (custom)
2023-08-25 08:51:30,232 [0e5a7e70-4bad-4e07-bed3-bc8780d50e71-groupManagement] INFO  segmented.SegmentedRaftLogWorker (SegmentedRaftLogWorker.java:lambda$new$0(135)) - 0e5a7e70-4bad-4e07-bed3-bc8780d50e71@group-4F5C45291203-SegmentedRaftLogWorker: flushIndex: setUnconditionally 0 -> -1
2023-08-25 08:51:30,232 [0e5a7e70-4bad-4e07-bed3-bc8780d50e71-groupManagement] INFO  segmented.SegmentedRaftLogWorker (SegmentedRaftLogWorker.java:lambda$new$0(135)) - 0e5a7e70-4bad-4e07-bed3-bc8780d50e71@group-4F5C45291203-SegmentedRaftLogWorker: safeCacheEvictIndex: setUnconditionally 0 -> -1
2023-08-25 08:51:30,232 [0e5a7e70-4bad-4e07-bed3-bc8780d50e71-groupManagement] INFO  server.RaftServer$Division (RaftServerImpl.java:start(342)) - 0e5a7e70-4bad-4e07-bed3-bc8780d50e71@group-4F5C45291203: start as a follower, conf=-1: peers:[0e5a7e70-4bad-4e07-bed3-bc8780d50e71|rpc:10.1.0.19:15103|admin:10.1.0.19:15102|client:10.1.0.19:15101|dataStream:10.1.0.19:15104|priority:1|startupRole:FOLLOWER]|listeners:[], old=null
2023-08-25 08:51:30,232 [0e5a7e70-4bad-4e07-bed3-bc8780d50e71-groupManagement] INFO  server.RaftServer$Division (RaftServerImpl.java:setRole(329)) - 0e5a7e70-4bad-4e07-bed3-bc8780d50e71@group-4F5C45291203: changes role from      null to FOLLOWER at term 0 for startAsFollower
2023-08-25 08:51:30,232 [0e5a7e70-4bad-4e07-bed3-bc8780d50e71-groupManagement] INFO  impl.RoleInfo (RoleInfo.java:updateAndGet(139)) - 0e5a7e70-4bad-4e07-bed3-bc8780d50e71: start 0e5a7e70-4bad-4e07-bed3-bc8780d50e71@group-4F5C45291203-FollowerState
2023-08-25 08:51:30,235 [0e5a7e70-4bad-4e07-bed3-bc8780d50e71-groupManagement] INFO  util.JmxRegister (JmxRegister.java:tryRegister(44)) - Successfully registered JMX Bean with object name Ratis:service=RaftServer,group=group-4F5C45291203,id=0e5a7e70-4bad-4e07-bed3-bc8780d50e71
2023-08-25 08:51:30,235 [0e5a7e70-4bad-4e07-bed3-bc8780d50e71-groupManagement] INFO  server.RaftServerConfigKeys (ConfUtils.java:logGet(46)) - raft.server.snapshot.auto.trigger.enabled = true (custom)
2023-08-25 08:51:30,235 [0e5a7e70-4bad-4e07-bed3-bc8780d50e71-groupManagement] INFO  server.RaftServerConfigKeys (ConfUtils.java:logGet(46)) - raft.server.snapshot.auto.trigger.threshold = 10000 (custom)
2023-08-25 08:51:30,235 [0e5a7e70-4bad-4e07-bed3-bc8780d50e71-groupManagement] INFO  server.RaftServerConfigKeys (ConfUtils.java:logGet(46)) - raft.server.snapshot.retention.file.num = 5 (custom)
2023-08-25 08:51:30,235 [0e5a7e70-4bad-4e07-bed3-bc8780d50e71-groupManagement] INFO  server.RaftServerConfigKeys (ConfUtils.java:logGet(46)) - raft.server.log.purge.upto.snapshot.index = false (default)
2023-08-25 08:51:30,236 [0e5a7e70-4bad-4e07-bed3-bc8780d50e71@group-4F5C45291203-FollowerState] INFO  server.RaftServerConfigKeys (ConfUtils.java:logFallback(53)) - raft.server.rpc.first-election.timeout.min = 5s (fallback to raft.server.rpc.timeout.min)
2023-08-25 08:51:30,236 [0e5a7e70-4bad-4e07-bed3-bc8780d50e71@group-4F5C45291203-FollowerState] INFO  server.RaftServerConfigKeys (ConfUtils.java:logFallback(53)) - raft.server.rpc.first-election.timeout.max = 5200ms (fallback to raft.server.rpc.timeout.max)
2023-08-25 08:51:30,236 [PipelineCommandHandlerThread-0] INFO  ratis.XceiverServerRatis (XceiverServerRatis.java:addGroup(804)) - Created group PipelineID=85d65a51-6536-4c1e-991c-4f5c45291203
2023-08-25 08:51:30,236 [PipelineCommandHandlerThread-0] INFO  commandhandler.CreatePipelineCommandHandler (CreatePipelineCommandHandler.java:lambda$handle$2(124)) - Created Pipeline RATIS ONE PipelineID=85d65a51-6536-4c1e-991c-4f5c45291203.
2023-08-25 08:51:30,408 [Time-limited test] INFO  ozone.MiniOzoneClusterImpl (MiniOzoneClusterImpl.java:lambda$waitForClusterToBeReady$0(224)) - Nodes are ready. Got 5 of 5 DN Heartbeats.
2023-08-25 08:51:30,408 [Time-limited test] INFO  ozone.MiniOzoneClusterImpl (MiniOzoneClusterImpl.java:lambda$waitForClusterToBeReady$0(227)) - Waiting for cluster to exit safe mode
2023-08-25 08:51:30,408 [Time-limited test] INFO  ozone.MiniOzoneClusterImpl (MiniOzoneClusterImpl.java:lambda$waitForClusterToBeReady$0(229)) - SCM became leader
2023-08-25 08:51:30,409 [ReplicationMonitor] INFO  replication.ReplicationManager (ReplicationManager.java:processAll(361)) - Replication Manager is not ready to run until 3000ms after safemode exit
2023-08-25 08:51:31,408 [Time-limited test] INFO  ozone.MiniOzoneClusterImpl (MiniOzoneClusterImpl.java:lambda$waitForClusterToBeReady$0(224)) - Nodes are ready. Got 5 of 5 DN Heartbeats.
2023-08-25 08:51:31,408 [Time-limited test] INFO  ozone.MiniOzoneClusterImpl (MiniOzoneClusterImpl.java:lambda$waitForClusterToBeReady$0(227)) - Waiting for cluster to exit safe mode
2023-08-25 08:51:31,408 [Time-limited test] INFO  ozone.MiniOzoneClusterImpl (MiniOzoneClusterImpl.java:lambda$waitForClusterToBeReady$0(229)) - SCM became leader
2023-08-25 08:51:31,409 [ReplicationMonitor] INFO  replication.ReplicationManager (ReplicationManager.java:processAll(361)) - Replication Manager is not ready to run until 3000ms after safemode exit
2023-08-25 08:51:32,409 [Time-limited test] INFO  ozone.MiniOzoneClusterImpl (MiniOzoneClusterImpl.java:lambda$waitForClusterToBeReady$0(224)) - Nodes are ready. Got 5 of 5 DN Heartbeats.
2023-08-25 08:51:32,409 [Time-limited test] INFO  ozone.MiniOzoneClusterImpl (MiniOzoneClusterImpl.java:lambda$waitForClusterToBeReady$0(227)) - Waiting for cluster to exit safe mode
2023-08-25 08:51:32,409 [Time-limited test] INFO  ozone.MiniOzoneClusterImpl (MiniOzoneClusterImpl.java:lambda$waitForClusterToBeReady$0(229)) - SCM became leader
2023-08-25 08:51:32,409 [ReplicationMonitor] INFO  replication.ReplicationManager (ReplicationManager.java:processAll(361)) - Replication Manager is not ready to run until 3000ms after safemode exit
2023-08-25 08:51:33,409 [Time-limited test] INFO  ozone.MiniOzoneClusterImpl (MiniOzoneClusterImpl.java:lambda$waitForClusterToBeReady$0(224)) - Nodes are ready. Got 5 of 5 DN Heartbeats.
2023-08-25 08:51:33,409 [Time-limited test] INFO  ozone.MiniOzoneClusterImpl (MiniOzoneClusterImpl.java:lambda$waitForClusterToBeReady$0(227)) - Waiting for cluster to exit safe mode
2023-08-25 08:51:33,409 [Time-limited test] INFO  ozone.MiniOzoneClusterImpl (MiniOzoneClusterImpl.java:lambda$waitForClusterToBeReady$0(229)) - SCM became leader
2023-08-25 08:51:33,410 [ReplicationMonitor] INFO  replication.ReplicationManager (ReplicationManager.java:processAll(361)) - Replication Manager is not ready to run until 3000ms after safemode exit
2023-08-25 08:51:34,001 [a3e84a91-4099-49fb-b86e-4b39e7f57019@group-8568CF4000D9-FollowerState] INFO  impl.FollowerState (FollowerState.java:run(143)) - a3e84a91-4099-49fb-b86e-4b39e7f57019@group-8568CF4000D9-FollowerState: change to CANDIDATE, lastRpcElapsedTime:5072816206ns, electionTimeout:5072ms
2023-08-25 08:51:34,002 [a3e84a91-4099-49fb-b86e-4b39e7f57019@group-8568CF4000D9-FollowerState] INFO  impl.RoleInfo (RoleInfo.java:shutdownFollowerState(110)) - a3e84a91-4099-49fb-b86e-4b39e7f57019: shutdown a3e84a91-4099-49fb-b86e-4b39e7f57019@group-8568CF4000D9-FollowerState
2023-08-25 08:51:34,002 [a3e84a91-4099-49fb-b86e-4b39e7f57019@group-8568CF4000D9-FollowerState] INFO  server.RaftServer$Division (RaftServerImpl.java:setRole(329)) - a3e84a91-4099-49fb-b86e-4b39e7f57019@group-8568CF4000D9: changes role from  FOLLOWER to CANDIDATE at term 0 for changeToCandidate
2023-08-25 08:51:34,003 [a3e84a91-4099-49fb-b86e-4b39e7f57019@group-8568CF4000D9-FollowerState] INFO  server.RaftServerConfigKeys (ConfUtils.java:logGet(46)) - raft.server.leaderelection.pre-vote = true (default)
2023-08-25 08:51:34,003 [a3e84a91-4099-49fb-b86e-4b39e7f57019@group-8568CF4000D9-FollowerState] INFO  impl.RoleInfo (RoleInfo.java:updateAndGet(139)) - a3e84a91-4099-49fb-b86e-4b39e7f57019: start a3e84a91-4099-49fb-b86e-4b39e7f57019@group-8568CF4000D9-LeaderElection12
2023-08-25 08:51:34,008 [a3e84a91-4099-49fb-b86e-4b39e7f57019@group-8568CF4000D9-LeaderElection12] INFO  impl.LeaderElection (LeaderElection.java:askForVotes(321)) - a3e84a91-4099-49fb-b86e-4b39e7f57019@group-8568CF4000D9-LeaderElection12 PRE_VOTE round 0: submit vote requests at term 0 for -1: peers:[b786fb5c-5e67-4c82-ab21-01f7c3e13abe|rpc:10.1.0.19:15076|admin:10.1.0.19:15075|client:10.1.0.19:15074|dataStream:10.1.0.19:15077|priority:0|startupRole:FOLLOWER, a3e84a91-4099-49fb-b86e-4b39e7f57019|rpc:10.1.0.19:15067|admin:10.1.0.19:15066|client:10.1.0.19:15065|dataStream:10.1.0.19:15068|priority:1|startupRole:FOLLOWER, e3412ff5-1f34-4b2f-8351-e8decf81f5b3|rpc:10.1.0.19:15085|admin:10.1.0.19:15084|client:10.1.0.19:15083|dataStream:10.1.0.19:15086|priority:0|startupRole:FOLLOWER]|listeners:[], old=null
2023-08-25 08:51:34,009 [a3e84a91-4099-49fb-b86e-4b39e7f57019@group-8568CF4000D9-LeaderElection12] INFO  server.RaftServerConfigKeys (ConfUtils.java:logFallback(53)) - raft.server.rpc.first-election.timeout.min = 5s (fallback to raft.server.rpc.timeout.min)
2023-08-25 08:51:34,009 [a3e84a91-4099-49fb-b86e-4b39e7f57019@group-8568CF4000D9-LeaderElection12-1] INFO  server.GrpcServerProtocolClient (GrpcServerProtocolClient.java:<init>(65)) - Build channel for b786fb5c-5e67-4c82-ab21-01f7c3e13abe
2023-08-25 08:51:34,009 [a3e84a91-4099-49fb-b86e-4b39e7f57019@group-8568CF4000D9-LeaderElection12] INFO  server.RaftServerConfigKeys (ConfUtils.java:logFallback(53)) - raft.server.rpc.first-election.timeout.max = 5200ms (fallback to raft.server.rpc.timeout.max)
2023-08-25 08:51:34,009 [a3e84a91-4099-49fb-b86e-4b39e7f57019@group-8568CF4000D9-LeaderElection12-2] INFO  server.GrpcServerProtocolClient (GrpcServerProtocolClient.java:<init>(65)) - Build channel for e3412ff5-1f34-4b2f-8351-e8decf81f5b3
2023-08-25 08:51:34,022 [grpc-default-executor-0] INFO  server.RaftServer$Division (RaftServerImpl.java:requestVote(1302)) - b786fb5c-5e67-4c82-ab21-01f7c3e13abe@group-8568CF4000D9: receive requestVote(PRE_VOTE, a3e84a91-4099-49fb-b86e-4b39e7f57019, group-8568CF4000D9, 0, (t:0, i:0))
2023-08-25 08:51:34,022 [grpc-default-executor-0] INFO  impl.VoteContext (VoteContext.java:log(49)) - b786fb5c-5e67-4c82-ab21-01f7c3e13abe@group-8568CF4000D9-FOLLOWER: accept PRE_VOTE from a3e84a91-4099-49fb-b86e-4b39e7f57019: our priority 0 <= candidate's priority 1
2023-08-25 08:51:34,022 [grpc-default-executor-0] INFO  server.RaftServer$Division (RaftServerImpl.java:requestVote(1335)) - b786fb5c-5e67-4c82-ab21-01f7c3e13abe@group-8568CF4000D9 replies to PRE_VOTE vote request: a3e84a91-4099-49fb-b86e-4b39e7f57019<-b786fb5c-5e67-4c82-ab21-01f7c3e13abe#0:OK-t0. Peer's state: b786fb5c-5e67-4c82-ab21-01f7c3e13abe@group-8568CF4000D9:t0, leader=null, voted=, raftlog=Memoized:b786fb5c-5e67-4c82-ab21-01f7c3e13abe@group-8568CF4000D9-SegmentedRaftLog:OPENED:c-1, conf=-1: peers:[b786fb5c-5e67-4c82-ab21-01f7c3e13abe|rpc:10.1.0.19:15076|admin:10.1.0.19:15075|client:10.1.0.19:15074|dataStream:10.1.0.19:15077|priority:0|startupRole:FOLLOWER, a3e84a91-4099-49fb-b86e-4b39e7f57019|rpc:10.1.0.19:15067|admin:10.1.0.19:15066|client:10.1.0.19:15065|dataStream:10.1.0.19:15068|priority:1|startupRole:FOLLOWER, e3412ff5-1f34-4b2f-8351-e8decf81f5b3|rpc:10.1.0.19:15085|admin:10.1.0.19:15084|client:10.1.0.19:15083|dataStream:10.1.0.19:15086|priority:0|startupRole:FOLLOWER]|listeners:[], old=null
2023-08-25 08:51:34,025 [a3e84a91-4099-49fb-b86e-4b39e7f57019@group-8568CF4000D9-LeaderElection12] INFO  impl.LeaderElection (LeaderElection.java:logAndReturn(90)) - a3e84a91-4099-49fb-b86e-4b39e7f57019@group-8568CF4000D9-LeaderElection12: PRE_VOTE PASSED received 1 response(s) and 0 exception(s):
2023-08-25 08:51:34,025 [a3e84a91-4099-49fb-b86e-4b39e7f57019@group-8568CF4000D9-LeaderElection12] INFO  impl.LeaderElection (LeaderElection.java:logAndReturn(94)) -   Response 0: a3e84a91-4099-49fb-b86e-4b39e7f57019<-b786fb5c-5e67-4c82-ab21-01f7c3e13abe#0:OK-t0
2023-08-25 08:51:34,025 [a3e84a91-4099-49fb-b86e-4b39e7f57019@group-8568CF4000D9-LeaderElection12] INFO  impl.LeaderElection (LeaderElection.java:askForVotes(323)) - a3e84a91-4099-49fb-b86e-4b39e7f57019@group-8568CF4000D9-LeaderElection12 PRE_VOTE round 0: result PASSED
2023-08-25 08:51:34,026 [grpc-default-executor-1] INFO  server.RaftServer$Division (RaftServerImpl.java:requestVote(1302)) - e3412ff5-1f34-4b2f-8351-e8decf81f5b3@group-8568CF4000D9: receive requestVote(PRE_VOTE, a3e84a91-4099-49fb-b86e-4b39e7f57019, group-8568CF4000D9, 0, (t:0, i:0))
2023-08-25 08:51:34,027 [grpc-default-executor-1] INFO  impl.VoteContext (VoteContext.java:log(49)) - e3412ff5-1f34-4b2f-8351-e8decf81f5b3@group-8568CF4000D9-FOLLOWER: accept PRE_VOTE from a3e84a91-4099-49fb-b86e-4b39e7f57019: our priority 0 <= candidate's priority 1
2023-08-25 08:51:34,027 [grpc-default-executor-1] INFO  server.RaftServer$Division (RaftServerImpl.java:requestVote(1335)) - e3412ff5-1f34-4b2f-8351-e8decf81f5b3@group-8568CF4000D9 replies to PRE_VOTE vote request: a3e84a91-4099-49fb-b86e-4b39e7f57019<-e3412ff5-1f34-4b2f-8351-e8decf81f5b3#0:OK-t0. Peer's state: e3412ff5-1f34-4b2f-8351-e8decf81f5b3@group-8568CF4000D9:t0, leader=null, voted=, raftlog=Memoized:e3412ff5-1f34-4b2f-8351-e8decf81f5b3@group-8568CF4000D9-SegmentedRaftLog:OPENED:c-1, conf=-1: peers:[b786fb5c-5e67-4c82-ab21-01f7c3e13abe|rpc:10.1.0.19:15076|admin:10.1.0.19:15075|client:10.1.0.19:15074|dataStream:10.1.0.19:15077|priority:0|startupRole:FOLLOWER, a3e84a91-4099-49fb-b86e-4b39e7f57019|rpc:10.1.0.19:15067|admin:10.1.0.19:15066|client:10.1.0.19:15065|dataStream:10.1.0.19:15068|priority:1|startupRole:FOLLOWER, e3412ff5-1f34-4b2f-8351-e8decf81f5b3|rpc:10.1.0.19:15085|admin:10.1.0.19:15084|client:10.1.0.19:15083|dataStream:10.1.0.19:15086|priority:0|startupRole:FOLLOWER]|listeners:[], old=null
2023-08-25 08:51:34,037 [e3412ff5-1f34-4b2f-8351-e8decf81f5b3@group-8568CF4000D9-FollowerState] INFO  server.RaftServerConfigKeys (ConfUtils.java:logFallback(53)) - raft.server.rpc.first-election.timeout.min = 5s (fallback to raft.server.rpc.timeout.min)
2023-08-25 08:51:34,037 [e3412ff5-1f34-4b2f-8351-e8decf81f5b3@group-8568CF4000D9-FollowerState] INFO  server.RaftServerConfigKeys (ConfUtils.java:logFallback(53)) - raft.server.rpc.first-election.timeout.max = 5200ms (fallback to raft.server.rpc.timeout.max)
2023-08-25 08:51:34,039 [a3e84a91-4099-49fb-b86e-4b39e7f57019@group-8568CF4000D9-LeaderElection12] INFO  impl.LeaderElection (LeaderElection.java:askForVotes(321)) - a3e84a91-4099-49fb-b86e-4b39e7f57019@group-8568CF4000D9-LeaderElection12 ELECTION round 0: submit vote requests at term 1 for -1: peers:[b786fb5c-5e67-4c82-ab21-01f7c3e13abe|rpc:10.1.0.19:15076|admin:10.1.0.19:15075|client:10.1.0.19:15074|dataStream:10.1.0.19:15077|priority:0|startupRole:FOLLOWER, a3e84a91-4099-49fb-b86e-4b39e7f57019|rpc:10.1.0.19:15067|admin:10.1.0.19:15066|client:10.1.0.19:15065|dataStream:10.1.0.19:15068|priority:1|startupRole:FOLLOWER, e3412ff5-1f34-4b2f-8351-e8decf81f5b3|rpc:10.1.0.19:15085|admin:10.1.0.19:15084|client:10.1.0.19:15083|dataStream:10.1.0.19:15086|priority:0|startupRole:FOLLOWER]|listeners:[], old=null
2023-08-25 08:51:34,039 [a3e84a91-4099-49fb-b86e-4b39e7f57019@group-8568CF4000D9-LeaderElection12] INFO  server.RaftServerConfigKeys (ConfUtils.java:logFallback(53)) - raft.server.rpc.first-election.timeout.min = 5s (fallback to raft.server.rpc.timeout.min)
2023-08-25 08:51:34,039 [a3e84a91-4099-49fb-b86e-4b39e7f57019@group-8568CF4000D9-LeaderElection12] INFO  server.RaftServerConfigKeys (ConfUtils.java:logFallback(53)) - raft.server.rpc.first-election.timeout.max = 5200ms (fallback to raft.server.rpc.timeout.max)
2023-08-25 08:51:34,040 [a3e84a91-4099-49fb-b86e-4b39e7f57019@group-72396B088558-FollowerState] INFO  impl.FollowerState (FollowerState.java:run(143)) - a3e84a91-4099-49fb-b86e-4b39e7f57019@group-72396B088558-FollowerState: change to CANDIDATE, lastRpcElapsedTime:5145175436ns, electionTimeout:5143ms
2023-08-25 08:51:34,040 [a3e84a91-4099-49fb-b86e-4b39e7f57019@group-72396B088558-FollowerState] INFO  impl.RoleInfo (RoleInfo.java:shutdownFollowerState(110)) - a3e84a91-4099-49fb-b86e-4b39e7f57019: shutdown a3e84a91-4099-49fb-b86e-4b39e7f57019@group-72396B088558-FollowerState
2023-08-25 08:51:34,040 [a3e84a91-4099-49fb-b86e-4b39e7f57019@group-72396B088558-FollowerState] INFO  server.RaftServer$Division (RaftServerImpl.java:setRole(329)) - a3e84a91-4099-49fb-b86e-4b39e7f57019@group-72396B088558: changes role from  FOLLOWER to CANDIDATE at term 0 for changeToCandidate
2023-08-25 08:51:34,041 [a3e84a91-4099-49fb-b86e-4b39e7f57019@group-72396B088558-FollowerState] INFO  server.RaftServerConfigKeys (ConfUtils.java:logGet(46)) - raft.server.leaderelection.pre-vote = true (default)
2023-08-25 08:51:34,041 [a3e84a91-4099-49fb-b86e-4b39e7f57019@group-72396B088558-FollowerState] INFO  impl.RoleInfo (RoleInfo.java:updateAndGet(139)) - a3e84a91-4099-49fb-b86e-4b39e7f57019: start a3e84a91-4099-49fb-b86e-4b39e7f57019@group-72396B088558-LeaderElection13
2023-08-25 08:51:34,049 [grpc-default-executor-1] INFO  server.RaftServer$Division (RaftServerImpl.java:requestVote(1302)) - b786fb5c-5e67-4c82-ab21-01f7c3e13abe@group-8568CF4000D9: receive requestVote(ELECTION, a3e84a91-4099-49fb-b86e-4b39e7f57019, group-8568CF4000D9, 1, (t:0, i:0))
2023-08-25 08:51:34,050 [grpc-default-executor-0] INFO  server.RaftServer$Division (RaftServerImpl.java:requestVote(1302)) - e3412ff5-1f34-4b2f-8351-e8decf81f5b3@group-8568CF4000D9: receive requestVote(ELECTION, a3e84a91-4099-49fb-b86e-4b39e7f57019, group-8568CF4000D9, 1, (t:0, i:0))
2023-08-25 08:51:34,050 [grpc-default-executor-0] INFO  impl.VoteContext (VoteContext.java:log(49)) - e3412ff5-1f34-4b2f-8351-e8decf81f5b3@group-8568CF4000D9-FOLLOWER: accept ELECTION from a3e84a91-4099-49fb-b86e-4b39e7f57019: our priority 0 <= candidate's priority 1
2023-08-25 08:51:34,050 [grpc-default-executor-0] INFO  server.RaftServer$Division (RaftServerImpl.java:setRole(329)) - e3412ff5-1f34-4b2f-8351-e8decf81f5b3@group-8568CF4000D9: changes role from  FOLLOWER to FOLLOWER at term 1 for candidate:a3e84a91-4099-49fb-b86e-4b39e7f57019
2023-08-25 08:51:34,050 [grpc-default-executor-0] INFO  impl.RoleInfo (RoleInfo.java:shutdownFollowerState(110)) - e3412ff5-1f34-4b2f-8351-e8decf81f5b3: shutdown e3412ff5-1f34-4b2f-8351-e8decf81f5b3@group-8568CF4000D9-FollowerState
2023-08-25 08:51:34,050 [e3412ff5-1f34-4b2f-8351-e8decf81f5b3@group-8568CF4000D9-FollowerState] INFO  impl.FollowerState (FollowerState.java:run(152)) - e3412ff5-1f34-4b2f-8351-e8decf81f5b3@group-8568CF4000D9-FollowerState was interrupted
2023-08-25 08:51:34,053 [grpc-default-executor-1] INFO  impl.VoteContext (VoteContext.java:log(49)) - b786fb5c-5e67-4c82-ab21-01f7c3e13abe@group-8568CF4000D9-FOLLOWER: accept ELECTION from a3e84a91-4099-49fb-b86e-4b39e7f57019: our priority 0 <= candidate's priority 1
2023-08-25 08:51:34,053 [grpc-default-executor-1] INFO  server.RaftServer$Division (RaftServerImpl.java:setRole(329)) - b786fb5c-5e67-4c82-ab21-01f7c3e13abe@group-8568CF4000D9: changes role from  FOLLOWER to FOLLOWER at term 1 for candidate:a3e84a91-4099-49fb-b86e-4b39e7f57019
2023-08-25 08:51:34,053 [grpc-default-executor-1] INFO  impl.RoleInfo (RoleInfo.java:shutdownFollowerState(110)) - b786fb5c-5e67-4c82-ab21-01f7c3e13abe: shutdown b786fb5c-5e67-4c82-ab21-01f7c3e13abe@group-8568CF4000D9-FollowerState
2023-08-25 08:51:34,053 [b786fb5c-5e67-4c82-ab21-01f7c3e13abe@group-8568CF4000D9-FollowerState] INFO  impl.FollowerState (FollowerState.java:run(152)) - b786fb5c-5e67-4c82-ab21-01f7c3e13abe@group-8568CF4000D9-FollowerState was interrupted
2023-08-25 08:51:34,053 [grpc-default-executor-0] INFO  impl.RoleInfo (RoleInfo.java:updateAndGet(139)) - e3412ff5-1f34-4b2f-8351-e8decf81f5b3: start e3412ff5-1f34-4b2f-8351-e8decf81f5b3@group-8568CF4000D9-FollowerState
2023-08-25 08:51:34,056 [grpc-default-executor-0] INFO  server.RaftServer$Division (RaftServerImpl.java:requestVote(1335)) - e3412ff5-1f34-4b2f-8351-e8decf81f5b3@group-8568CF4000D9 replies to ELECTION vote request: a3e84a91-4099-49fb-b86e-4b39e7f57019<-e3412ff5-1f34-4b2f-8351-e8decf81f5b3#0:OK-t1. Peer's state: e3412ff5-1f34-4b2f-8351-e8decf81f5b3@group-8568CF4000D9:t1, leader=null, voted=a3e84a91-4099-49fb-b86e-4b39e7f57019, raftlog=Memoized:e3412ff5-1f34-4b2f-8351-e8decf81f5b3@group-8568CF4000D9-SegmentedRaftLog:OPENED:c-1, conf=-1: peers:[b786fb5c-5e67-4c82-ab21-01f7c3e13abe|rpc:10.1.0.19:15076|admin:10.1.0.19:15075|client:10.1.0.19:15074|dataStream:10.1.0.19:15077|priority:0|startupRole:FOLLOWER, a3e84a91-4099-49fb-b86e-4b39e7f57019|rpc:10.1.0.19:15067|admin:10.1.0.19:15066|client:10.1.0.19:15065|dataStream:10.1.0.19:15068|priority:1|startupRole:FOLLOWER, e3412ff5-1f34-4b2f-8351-e8decf81f5b3|rpc:10.1.0.19:15085|admin:10.1.0.19:15084|client:10.1.0.19:15083|dataStream:10.1.0.19:15086|priority:0|startupRole:FOLLOWER]|listeners:[], old=null
2023-08-25 08:51:34,057 [a3e84a91-4099-49fb-b86e-4b39e7f57019@group-8568CF4000D9-LeaderElection12] INFO  impl.LeaderElection (LeaderElection.java:logAndReturn(90)) - a3e84a91-4099-49fb-b86e-4b39e7f57019@group-8568CF4000D9-LeaderElection12: ELECTION PASSED received 1 response(s) and 0 exception(s):
2023-08-25 08:51:34,058 [a3e84a91-4099-49fb-b86e-4b39e7f57019@group-8568CF4000D9-LeaderElection12] INFO  impl.LeaderElection (LeaderElection.java:logAndReturn(94)) -   Response 0: a3e84a91-4099-49fb-b86e-4b39e7f57019<-e3412ff5-1f34-4b2f-8351-e8decf81f5b3#0:OK-t1
2023-08-25 08:51:34,058 [a3e84a91-4099-49fb-b86e-4b39e7f57019@group-8568CF4000D9-LeaderElection12] INFO  impl.LeaderElection (LeaderElection.java:askForVotes(323)) - a3e84a91-4099-49fb-b86e-4b39e7f57019@group-8568CF4000D9-LeaderElection12 ELECTION round 0: result PASSED
2023-08-25 08:51:34,058 [a3e84a91-4099-49fb-b86e-4b39e7f57019@group-8568CF4000D9-LeaderElection12] INFO  impl.RoleInfo (RoleInfo.java:shutdownLeaderElection(130)) - a3e84a91-4099-49fb-b86e-4b39e7f57019: shutdown a3e84a91-4099-49fb-b86e-4b39e7f57019@group-8568CF4000D9-LeaderElection12
2023-08-25 08:51:34,058 [a3e84a91-4099-49fb-b86e-4b39e7f57019@group-8568CF4000D9-LeaderElection12] INFO  server.RaftServer$Division (RaftServerImpl.java:setRole(329)) - a3e84a91-4099-49fb-b86e-4b39e7f57019@group-8568CF4000D9: changes role from CANDIDATE to LEADER at term 1 for changeToLeader
2023-08-25 08:51:34,058 [a3e84a91-4099-49fb-b86e-4b39e7f57019@group-8568CF4000D9-LeaderElection12] INFO  ratis.XceiverServerRatis (XceiverServerRatis.java:handleLeaderChangedNotification(902)) - Leader change notification received for group: group-8568CF4000D9 with new leaderId: a3e84a91-4099-49fb-b86e-4b39e7f57019
2023-08-25 08:51:34,058 [a3e84a91-4099-49fb-b86e-4b39e7f57019@group-8568CF4000D9-LeaderElection12] INFO  server.RaftServer$Division (ServerState.java:setLeader(317)) - a3e84a91-4099-49fb-b86e-4b39e7f57019@group-8568CF4000D9: change Leader from null to a3e84a91-4099-49fb-b86e-4b39e7f57019 at term 1 for becomeLeader, leader elected after 5157ms
2023-08-25 08:51:34,058 [a3e84a91-4099-49fb-b86e-4b39e7f57019@group-8568CF4000D9-LeaderElection12] INFO  server.RaftServerConfigKeys (ConfUtils.java:logGet(46)) - raft.server.staging.catchup.gap = 1000 (default)
2023-08-25 08:51:34,058 [a3e84a91-4099-49fb-b86e-4b39e7f57019@group-8568CF4000D9-LeaderElection12] INFO  server.RaftServerConfigKeys (ConfUtils.java:logGet(46)) - raft.server.write.element-limit = 1024 (custom)
2023-08-25 08:51:34,058 [a3e84a91-4099-49fb-b86e-4b39e7f57019@group-8568CF4000D9-LeaderElection12] INFO  server.RaftServerConfigKeys (ConfUtils.java:logGet(46)) - raft.server.write.byte-limit = 1024 M (=1073741824) (custom)
2023-08-25 08:51:34,059 [a3e84a91-4099-49fb-b86e-4b39e7f57019@group-8568CF4000D9-LeaderElection12] INFO  server.RaftServerConfigKeys (ConfUtils.java:logGet(46)) - raft.server.watch.timeout = 180s (custom)
2023-08-25 08:51:34,059 [a3e84a91-4099-49fb-b86e-4b39e7f57019@group-8568CF4000D9-LeaderElection12] INFO  server.RaftServerConfigKeys (ConfUtils.java:logGet(46)) - raft.server.watch.timeout.denomination = 1s (default)
2023-08-25 08:51:34,059 [a3e84a91-4099-49fb-b86e-4b39e7f57019@group-8568CF4000D9-LeaderElection12] INFO  server.RaftServerConfigKeys (ConfUtils.java:logGet(46)) - raft.server.watch.element-limit = 65536 (default)
2023-08-25 08:51:34,060 [EventQueue-OpenPipelineForHealthyPipelineSafeModeRule] INFO  safemode.SCMSafeModeManager (HealthyPipelineSafeModeRule.java:process(137)) - SCM in safe mode. Healthy pipelines reported count is 0, required healthy pipeline reported count is 1
2023-08-25 08:51:34,061 [EventQueue-PipelineReportForPipelineReportHandler] INFO  pipeline.PipelineReportHandler (PipelineReportHandler.java:processPipelineReport(136)) - Opened pipeline PipelineID=e255e297-f576-47c6-be75-8568cf4000d9
2023-08-25 08:51:34,061 [EventQueue-OpenPipelineForHealthyPipelineSafeModeRule] INFO  safemode.SCMSafeModeManager (HealthyPipelineSafeModeRule.java:process(137)) - SCM in safe mode. Healthy pipelines reported count is 1, required healthy pipeline reported count is 1
2023-08-25 08:51:34,061 [EventQueue-OpenPipelineForHealthyPipelineSafeModeRule] INFO  safemode.SCMSafeModeManager (SCMSafeModeManager.java:validateSafeModeExitRules(200)) - HealthyPipelineSafeModeRule rule is successfully validated
2023-08-25 08:51:34,061 [EventQueue-OpenPipelineForHealthyPipelineSafeModeRule] INFO  safemode.SCMSafeModeManager (SCMSafeModeManager.java:validateSafeModeExitRules(215)) - ScmSafeModeManager, all rules are successfully validated
2023-08-25 08:51:34,061 [EventQueue-OpenPipelineForHealthyPipelineSafeModeRule] INFO  safemode.SCMSafeModeManager (SCMSafeModeManager.java:exitSafeMode(244)) - SCM exiting safe mode.
2023-08-25 08:51:34,061 [EventQueue-OpenPipelineForHealthyPipelineSafeModeRule] INFO  ha.SCMContext (SCMContext.java:updateSafeModeStatus(228)) - Update SafeModeStatus from SafeModeStatus{safeModeStatus=true, preCheckPassed=true} to SafeModeStatus{safeModeStatus=false, preCheckPassed=true}.
2023-08-25 08:51:34,061 [EventQueue-OpenPipelineForHealthyPipelineSafeModeRule] INFO  pipeline.BackgroundPipelineCreator (BackgroundPipelineCreator.java:notifyStatusChanged(255)) - Service BackgroundPipelineCreator transitions to RUNNING.
2023-08-25 08:51:34,061 [EventQueue-OpenPipelineForHealthyPipelineSafeModeRule] INFO  BackgroundPipelineScrubber (BackgroundSCMService.java:notifyStatusChanged(82)) - Service BackgroundPipelineScrubber transitions to RUNNING.
2023-08-25 08:51:34,061 [EventQueue-OpenPipelineForHealthyPipelineSafeModeRule] INFO  ExpiredContainerReplicaOpScrubber (BackgroundSCMService.java:notifyStatusChanged(82)) - Service ExpiredContainerReplicaOpScrubber transitions to RUNNING.
2023-08-25 08:51:34,061 [EventQueue-OpenPipelineForHealthyPipelineSafeModeRule] INFO  replication.ReplicationManager (ReplicationManager.java:notifyStatusChanged(1366)) - Service ReplicationManager transitions to RUNNING.
2023-08-25 08:51:34,062 [EventQueue-OpenPipelineForHealthyPipelineSafeModeRule] WARN  balancer.ContainerBalancer (ContainerBalancer.java:shouldRun(134)) - Could not find persisted configuration for ContainerBalancer when checking if ContainerBalancer should run. ContainerBalancer should not run now.
2023-08-25 08:51:34,064 [a3e84a91-4099-49fb-b86e-4b39e7f57019@group-8568CF4000D9-LeaderElection12] INFO  server.RaftServerConfigKeys (ConfUtils.java:logGet(46)) - raft.server.write.element-limit = 1024 (custom)
2023-08-25 08:51:34,064 [a3e84a91-4099-49fb-b86e-4b39e7f57019@group-8568CF4000D9-LeaderElection12] INFO  server.RaftServerConfigKeys (ConfUtils.java:logGet(46)) - raft.server.write.follower.gap.ratio.max = -1.0 (default)
2023-08-25 08:51:34,065 [a3e84a91-4099-49fb-b86e-4b39e7f57019@group-8568CF4000D9-LeaderElection12] INFO  server.RaftServerConfigKeys (ConfUtils.java:logGet(46)) - raft.server.log.appender.snapshot.chunk.size.max = 16MB (=16777216) (default)
2023-08-25 08:51:34,065 [a3e84a91-4099-49fb-b86e-4b39e7f57019@group-8568CF4000D9-LeaderElection12] INFO  server.RaftServerConfigKeys (ConfUtils.java:logGet(46)) - raft.server.log.appender.buffer.byte-limit = 33554432 (custom)
2023-08-25 08:51:34,065 [a3e84a91-4099-49fb-b86e-4b39e7f57019@group-8568CF4000D9-LeaderElection12] INFO  server.RaftServerConfigKeys (ConfUtils.java:logGet(46)) - raft.server.log.appender.buffer.element-limit = 1 (custom)
2023-08-25 08:51:34,065 [a3e84a91-4099-49fb-b86e-4b39e7f57019@group-8568CF4000D9-LeaderElection12] INFO  server.RaftServerConfigKeys (ConfUtils.java:logGet(46)) - raft.server.log.appender.wait-time.min = 10ms (default)
2023-08-25 08:51:34,065 [a3e84a91-4099-49fb-b86e-4b39e7f57019@group-8568CF4000D9-LeaderElection12] INFO  grpc.GrpcConfigKeys (ConfUtils.java:logGet(46)) - raft.grpc.server.leader.outstanding.appends.max = 128 (default)
2023-08-25 08:51:34,065 [a3e84a91-4099-49fb-b86e-4b39e7f57019@group-8568CF4000D9-LeaderElection12] INFO  server.RaftServerConfigKeys (ConfUtils.java:logGet(46)) - raft.server.rpc.request.timeout = 60s (custom)
2023-08-25 08:51:34,065 [a3e84a91-4099-49fb-b86e-4b39e7f57019@group-8568CF4000D9-LeaderElection12] INFO  grpc.GrpcConfigKeys (ConfUtils.java:logGet(46)) - raft.grpc.server.install_snapshot.request.element-limit = 8 (default)
2023-08-25 08:51:34,065 [a3e84a91-4099-49fb-b86e-4b39e7f57019@group-8568CF4000D9-LeaderElection12] INFO  grpc.GrpcConfigKeys (ConfUtils.java:logGet(46)) - raft.grpc.server.install_snapshot.request.timeout = 3000ms (default)
2023-08-25 08:51:34,065 [a3e84a91-4099-49fb-b86e-4b39e7f57019@group-8568CF4000D9-LeaderElection12] INFO  server.RaftServerConfigKeys (ConfUtils.java:logGet(46)) - raft.server.log.appender.install.snapshot.enabled = false (custom)
2023-08-25 08:51:34,066 [a3e84a91-4099-49fb-b86e-4b39e7f57019@group-8568CF4000D9-LeaderElection12] INFO  grpc.GrpcConfigKeys (ConfUtils.java:logGet(46)) - raft.grpc.server.heartbeat.channel = true (default)
2023-08-25 08:51:34,066 [a3e84a91-4099-49fb-b86e-4b39e7f57019@group-8568CF4000D9-LeaderElection12] INFO  server.RaftServerConfigKeys (ConfUtils.java:logGet(46)) - raft.server.log.appender.snapshot.chunk.size.max = 16MB (=16777216) (default)
2023-08-25 08:51:34,066 [a3e84a91-4099-49fb-b86e-4b39e7f57019@group-8568CF4000D9-LeaderElection12] INFO  server.RaftServerConfigKeys (ConfUtils.java:logGet(46)) - raft.server.log.appender.buffer.byte-limit = 33554432 (custom)
2023-08-25 08:51:34,066 [a3e84a91-4099-49fb-b86e-4b39e7f57019@group-8568CF4000D9-LeaderElection12] INFO  server.RaftServerConfigKeys (ConfUtils.java:logGet(46)) - raft.server.log.appender.buffer.element-limit = 1 (custom)
2023-08-25 08:51:34,066 [a3e84a91-4099-49fb-b86e-4b39e7f57019@group-8568CF4000D9-LeaderElection12] INFO  server.RaftServerConfigKeys (ConfUtils.java:logGet(46)) - raft.server.log.appender.wait-time.min = 10ms (default)
2023-08-25 08:51:34,066 [a3e84a91-4099-49fb-b86e-4b39e7f57019@group-8568CF4000D9-LeaderElection12] INFO  grpc.GrpcConfigKeys (ConfUtils.java:logGet(46)) - raft.grpc.server.leader.outstanding.appends.max = 128 (default)
2023-08-25 08:51:34,067 [a3e84a91-4099-49fb-b86e-4b39e7f57019@group-8568CF4000D9-LeaderElection12] INFO  server.RaftServerConfigKeys (ConfUtils.java:logGet(46)) - raft.server.rpc.request.timeout = 60s (custom)
2023-08-25 08:51:34,067 [a3e84a91-4099-49fb-b86e-4b39e7f57019@group-8568CF4000D9-LeaderElection12] INFO  grpc.GrpcConfigKeys (ConfUtils.java:logGet(46)) - raft.grpc.server.install_snapshot.request.element-limit = 8 (default)
2023-08-25 08:51:34,067 [a3e84a91-4099-49fb-b86e-4b39e7f57019@group-8568CF4000D9-LeaderElection12] INFO  grpc.GrpcConfigKeys (ConfUtils.java:logGet(46)) - raft.grpc.server.install_snapshot.request.timeout = 3000ms (default)
2023-08-25 08:51:34,067 [a3e84a91-4099-49fb-b86e-4b39e7f57019@group-8568CF4000D9-LeaderElection12] INFO  server.RaftServerConfigKeys (ConfUtils.java:logGet(46)) - raft.server.log.appender.install.snapshot.enabled = false (custom)
2023-08-25 08:51:34,067 [a3e84a91-4099-49fb-b86e-4b39e7f57019@group-8568CF4000D9-LeaderElection12] INFO  grpc.GrpcConfigKeys (ConfUtils.java:logGet(46)) - raft.grpc.server.heartbeat.channel = true (default)
2023-08-25 08:51:34,067 [a3e84a91-4099-49fb-b86e-4b39e7f57019@group-8568CF4000D9-LeaderElection12] INFO  impl.RoleInfo (RoleInfo.java:updateAndGet(139)) - a3e84a91-4099-49fb-b86e-4b39e7f57019: start a3e84a91-4099-49fb-b86e-4b39e7f57019@group-8568CF4000D9-LeaderStateImpl
2023-08-25 08:51:34,067 [a3e84a91-4099-49fb-b86e-4b39e7f57019@group-8568CF4000D9-LeaderElection12] INFO  segmented.SegmentedRaftLogWorker (SegmentedRaftLogWorker.java:startLogSegment(447)) - a3e84a91-4099-49fb-b86e-4b39e7f57019@group-8568CF4000D9-SegmentedRaftLogWorker: Starting segment from index:0
2023-08-25 08:51:34,067 [grpc-default-executor-1] INFO  impl.RoleInfo (RoleInfo.java:updateAndGet(139)) - b786fb5c-5e67-4c82-ab21-01f7c3e13abe: start b786fb5c-5e67-4c82-ab21-01f7c3e13abe@group-8568CF4000D9-FollowerState
2023-08-25 08:51:34,068 [a3e84a91-4099-49fb-b86e-4b39e7f57019@group-72396B088558-LeaderElection13] INFO  impl.LeaderElection (LeaderElection.java:askForVotes(321)) - a3e84a91-4099-49fb-b86e-4b39e7f57019@group-72396B088558-LeaderElection13 PRE_VOTE round 0: submit vote requests at term 0 for -1: peers:[a3e84a91-4099-49fb-b86e-4b39e7f57019|rpc:10.1.0.19:15067|admin:10.1.0.19:15066|client:10.1.0.19:15065|dataStream:10.1.0.19:15068|priority:1|startupRole:FOLLOWER]|listeners:[], old=null
2023-08-25 08:51:34,068 [a3e84a91-4099-49fb-b86e-4b39e7f57019@group-72396B088558-LeaderElection13] INFO  impl.LeaderElection (LeaderElection.java:askForVotes(323)) - a3e84a91-4099-49fb-b86e-4b39e7f57019@group-72396B088558-LeaderElection13 PRE_VOTE round 0: result PASSED (term=0)
2023-08-25 08:51:34,070 [a3e84a91-4099-49fb-b86e-4b39e7f57019@group-72396B088558-LeaderElection13] INFO  impl.LeaderElection (LeaderElection.java:askForVotes(321)) - a3e84a91-4099-49fb-b86e-4b39e7f57019@group-72396B088558-LeaderElection13 ELECTION round 0: submit vote requests at term 1 for -1: peers:[a3e84a91-4099-49fb-b86e-4b39e7f57019|rpc:10.1.0.19:15067|admin:10.1.0.19:15066|client:10.1.0.19:15065|dataStream:10.1.0.19:15068|priority:1|startupRole:FOLLOWER]|listeners:[], old=null
2023-08-25 08:51:34,070 [a3e84a91-4099-49fb-b86e-4b39e7f57019@group-72396B088558-LeaderElection13] INFO  impl.LeaderElection (LeaderElection.java:askForVotes(323)) - a3e84a91-4099-49fb-b86e-4b39e7f57019@group-72396B088558-LeaderElection13 ELECTION round 0: result PASSED (term=1)
2023-08-25 08:51:34,070 [a3e84a91-4099-49fb-b86e-4b39e7f57019@group-72396B088558-LeaderElection13] INFO  impl.RoleInfo (RoleInfo.java:shutdownLeaderElection(130)) - a3e84a91-4099-49fb-b86e-4b39e7f57019: shutdown a3e84a91-4099-49fb-b86e-4b39e7f57019@group-72396B088558-LeaderElection13
2023-08-25 08:51:34,070 [a3e84a91-4099-49fb-b86e-4b39e7f57019@group-72396B088558-LeaderElection13] INFO  server.RaftServer$Division (RaftServerImpl.java:setRole(329)) - a3e84a91-4099-49fb-b86e-4b39e7f57019@group-72396B088558: changes role from CANDIDATE to LEADER at term 1 for changeToLeader
2023-08-25 08:51:34,070 [a3e84a91-4099-49fb-b86e-4b39e7f57019@group-72396B088558-LeaderElection13] INFO  ratis.XceiverServerRatis (XceiverServerRatis.java:handleLeaderChangedNotification(902)) - Leader change notification received for group: group-72396B088558 with new leaderId: a3e84a91-4099-49fb-b86e-4b39e7f57019
2023-08-25 08:51:34,070 [a3e84a91-4099-49fb-b86e-4b39e7f57019@group-8568CF4000D9-SegmentedRaftLogWorker] INFO  segmented.SegmentedRaftLogWorker (SegmentedRaftLogWorker.java:execute(651)) - a3e84a91-4099-49fb-b86e-4b39e7f57019@group-8568CF4000D9-SegmentedRaftLogWorker: created new log segment /home/runner/work/ozone/ozone/hadoop-ozone/integration-test/target/test-dir/MiniOzoneClusterImpl-7264bf39-beec-4c8a-bbdc-a469073ec634/datanode-0/data/ratis/e255e297-f576-47c6-be75-8568cf4000d9/current/log_inprogress_0
2023-08-25 08:51:34,071 [grpc-default-executor-1] INFO  server.RaftServer$Division (RaftServerImpl.java:requestVote(1335)) - b786fb5c-5e67-4c82-ab21-01f7c3e13abe@group-8568CF4000D9 replies to ELECTION vote request: a3e84a91-4099-49fb-b86e-4b39e7f57019<-b786fb5c-5e67-4c82-ab21-01f7c3e13abe#0:OK-t1. Peer's state: b786fb5c-5e67-4c82-ab21-01f7c3e13abe@group-8568CF4000D9:t1, leader=null, voted=a3e84a91-4099-49fb-b86e-4b39e7f57019, raftlog=Memoized:b786fb5c-5e67-4c82-ab21-01f7c3e13abe@group-8568CF4000D9-SegmentedRaftLog:OPENED:c-1, conf=-1: peers:[b786fb5c-5e67-4c82-ab21-01f7c3e13abe|rpc:10.1.0.19:15076|admin:10.1.0.19:15075|client:10.1.0.19:15074|dataStream:10.1.0.19:15077|priority:0|startupRole:FOLLOWER, a3e84a91-4099-49fb-b86e-4b39e7f57019|rpc:10.1.0.19:15067|admin:10.1.0.19:15066|client:10.1.0.19:15065|dataStream:10.1.0.19:15068|priority:1|startupRole:FOLLOWER, e3412ff5-1f34-4b2f-8351-e8decf81f5b3|rpc:10.1.0.19:15085|admin:10.1.0.19:15084|client:10.1.0.19:15083|dataStream:10.1.0.19:15086|priority:0|startupRole:FOLLOWER]|listeners:[], old=null
2023-08-25 08:51:34,085 [a3e84a91-4099-49fb-b86e-4b39e7f57019@group-72396B088558-LeaderElection13] INFO  server.RaftServer$Division (ServerState.java:setLeader(317)) - a3e84a91-4099-49fb-b86e-4b39e7f57019@group-72396B088558: change Leader from null to a3e84a91-4099-49fb-b86e-4b39e7f57019 at term 1 for becomeLeader, leader elected after 5196ms
2023-08-25 08:51:34,085 [a3e84a91-4099-49fb-b86e-4b39e7f57019@group-72396B088558-LeaderElection13] INFO  server.RaftServerConfigKeys (ConfUtils.java:logGet(46)) - raft.server.staging.catchup.gap = 1000 (default)
2023-08-25 08:51:34,085 [a3e84a91-4099-49fb-b86e-4b39e7f57019@group-72396B088558-LeaderElection13] INFO  server.RaftServerConfigKeys (ConfUtils.java:logGet(46)) - raft.server.write.element-limit = 1024 (custom)
2023-08-25 08:51:34,085 [a3e84a91-4099-49fb-b86e-4b39e7f57019@group-72396B088558-LeaderElection13] INFO  server.RaftServerConfigKeys (ConfUtils.java:logGet(46)) - raft.server.write.byte-limit = 1024 M (=1073741824) (custom)
2023-08-25 08:51:34,085 [a3e84a91-4099-49fb-b86e-4b39e7f57019@group-72396B088558-LeaderElection13] INFO  server.RaftServerConfigKeys (ConfUtils.java:logGet(46)) - raft.server.watch.timeout = 180s (custom)
2023-08-25 08:51:34,085 [a3e84a91-4099-49fb-b86e-4b39e7f57019@group-72396B088558-LeaderElection13] INFO  server.RaftServerConfigKeys (ConfUtils.java:logGet(46)) - raft.server.watch.timeout.denomination = 1s (default)
2023-08-25 08:51:34,085 [a3e84a91-4099-49fb-b86e-4b39e7f57019@group-72396B088558-LeaderElection13] INFO  server.RaftServerConfigKeys (ConfUtils.java:logGet(46)) - raft.server.watch.element-limit = 65536 (default)
2023-08-25 08:51:34,085 [a3e84a91-4099-49fb-b86e-4b39e7f57019@group-72396B088558-LeaderElection13] INFO  server.RaftServerConfigKeys (ConfUtils.java:logGet(46)) - raft.server.write.element-limit = 1024 (custom)
2023-08-25 08:51:34,085 [a3e84a91-4099-49fb-b86e-4b39e7f57019@group-72396B088558-LeaderElection13] INFO  server.RaftServerConfigKeys (ConfUtils.java:logGet(46)) - raft.server.write.follower.gap.ratio.max = -1.0 (default)
2023-08-25 08:51:34,086 [a3e84a91-4099-49fb-b86e-4b39e7f57019@group-72396B088558-LeaderElection13] INFO  impl.RoleInfo (RoleInfo.java:updateAndGet(139)) - a3e84a91-4099-49fb-b86e-4b39e7f57019: start a3e84a91-4099-49fb-b86e-4b39e7f57019@group-72396B088558-LeaderStateImpl
2023-08-25 08:51:34,086 [a3e84a91-4099-49fb-b86e-4b39e7f57019@group-72396B088558-LeaderElection13] INFO  segmented.SegmentedRaftLogWorker (SegmentedRaftLogWorker.java:startLogSegment(447)) - a3e84a91-4099-49fb-b86e-4b39e7f57019@group-72396B088558-SegmentedRaftLogWorker: Starting segment from index:0
2023-08-25 08:51:34,088 [a3e84a91-4099-49fb-b86e-4b39e7f57019@group-72396B088558-SegmentedRaftLogWorker] INFO  segmented.SegmentedRaftLogWorker (SegmentedRaftLogWorker.java:execute(651)) - a3e84a91-4099-49fb-b86e-4b39e7f57019@group-72396B088558-SegmentedRaftLogWorker: created new log segment /home/runner/work/ozone/ozone/hadoop-ozone/integration-test/target/test-dir/MiniOzoneClusterImpl-7264bf39-beec-4c8a-bbdc-a469073ec634/datanode-0/data/ratis/16aa9c39-cfd2-48af-bea2-72396b088558/current/log_inprogress_0
2023-08-25 08:51:34,090 [a3e84a91-4099-49fb-b86e-4b39e7f57019@group-8568CF4000D9-LeaderElection12] INFO  server.RaftServer$Division (ServerState.java:setRaftConf(434)) - a3e84a91-4099-49fb-b86e-4b39e7f57019@group-8568CF4000D9: set configuration 0: peers:[b786fb5c-5e67-4c82-ab21-01f7c3e13abe|rpc:10.1.0.19:15076|admin:10.1.0.19:15075|client:10.1.0.19:15074|dataStream:10.1.0.19:15077|priority:0|startupRole:FOLLOWER, a3e84a91-4099-49fb-b86e-4b39e7f57019|rpc:10.1.0.19:15067|admin:10.1.0.19:15066|client:10.1.0.19:15065|dataStream:10.1.0.19:15068|priority:1|startupRole:FOLLOWER, e3412ff5-1f34-4b2f-8351-e8decf81f5b3|rpc:10.1.0.19:15085|admin:10.1.0.19:15084|client:10.1.0.19:15083|dataStream:10.1.0.19:15086|priority:0|startupRole:FOLLOWER]|listeners:[], old=null
2023-08-25 08:51:34,095 [a3e84a91-4099-49fb-b86e-4b39e7f57019@group-72396B088558-LeaderElection13] INFO  server.RaftServer$Division (ServerState.java:setRaftConf(434)) - a3e84a91-4099-49fb-b86e-4b39e7f57019@group-72396B088558: set configuration 0: peers:[a3e84a91-4099-49fb-b86e-4b39e7f57019|rpc:10.1.0.19:15067|admin:10.1.0.19:15066|client:10.1.0.19:15065|dataStream:10.1.0.19:15068|priority:1|startupRole:FOLLOWER]|listeners:[], old=null
2023-08-25 08:51:34,114 [b786fb5c-5e67-4c82-ab21-01f7c3e13abe-server-thread2] INFO  ratis.XceiverServerRatis (XceiverServerRatis.java:handleLeaderChangedNotification(902)) - Leader change notification received for group: group-8568CF4000D9 with new leaderId: a3e84a91-4099-49fb-b86e-4b39e7f57019
2023-08-25 08:51:34,114 [b786fb5c-5e67-4c82-ab21-01f7c3e13abe-server-thread2] INFO  server.RaftServer$Division (ServerState.java:setLeader(317)) - b786fb5c-5e67-4c82-ab21-01f7c3e13abe@group-8568CF4000D9: change Leader from null to a3e84a91-4099-49fb-b86e-4b39e7f57019 at term 1 for appendEntries, leader elected after 5159ms
2023-08-25 08:51:34,117 [e3412ff5-1f34-4b2f-8351-e8decf81f5b3-server-thread1] INFO  ratis.XceiverServerRatis (XceiverServerRatis.java:handleLeaderChangedNotification(902)) - Leader change notification received for group: group-8568CF4000D9 with new leaderId: a3e84a91-4099-49fb-b86e-4b39e7f57019
2023-08-25 08:51:34,117 [e3412ff5-1f34-4b2f-8351-e8decf81f5b3-server-thread1] INFO  server.RaftServer$Division (ServerState.java:setLeader(317)) - e3412ff5-1f34-4b2f-8351-e8decf81f5b3@group-8568CF4000D9: change Leader from null to a3e84a91-4099-49fb-b86e-4b39e7f57019 at term 1 for appendEntries, leader elected after 5114ms
2023-08-25 08:51:34,122 [e3412ff5-1f34-4b2f-8351-e8decf81f5b3-server-thread1] INFO  server.RaftServer$Division (ServerState.java:setRaftConf(434)) - e3412ff5-1f34-4b2f-8351-e8decf81f5b3@group-8568CF4000D9: set configuration 0: peers:[b786fb5c-5e67-4c82-ab21-01f7c3e13abe|rpc:10.1.0.19:15076|admin:10.1.0.19:15075|client:10.1.0.19:15074|dataStream:10.1.0.19:15077|priority:0|startupRole:FOLLOWER, a3e84a91-4099-49fb-b86e-4b39e7f57019|rpc:10.1.0.19:15067|admin:10.1.0.19:15066|client:10.1.0.19:15065|dataStream:10.1.0.19:15068|priority:1|startupRole:FOLLOWER, e3412ff5-1f34-4b2f-8351-e8decf81f5b3|rpc:10.1.0.19:15085|admin:10.1.0.19:15084|client:10.1.0.19:15083|dataStream:10.1.0.19:15086|priority:0|startupRole:FOLLOWER]|listeners:[], old=null
2023-08-25 08:51:34,122 [e3412ff5-1f34-4b2f-8351-e8decf81f5b3-server-thread1] INFO  segmented.SegmentedRaftLogWorker (SegmentedRaftLogWorker.java:startLogSegment(447)) - e3412ff5-1f34-4b2f-8351-e8decf81f5b3@group-8568CF4000D9-SegmentedRaftLogWorker: Starting segment from index:0
2023-08-25 08:51:34,122 [b786fb5c-5e67-4c82-ab21-01f7c3e13abe-server-thread1] INFO  server.RaftServer$Division (ServerState.java:setRaftConf(434)) - b786fb5c-5e67-4c82-ab21-01f7c3e13abe@group-8568CF4000D9: set configuration 0: peers:[b786fb5c-5e67-4c82-ab21-01f7c3e13abe|rpc:10.1.0.19:15076|admin:10.1.0.19:15075|client:10.1.0.19:15074|dataStream:10.1.0.19:15077|priority:0|startupRole:FOLLOWER, a3e84a91-4099-49fb-b86e-4b39e7f57019|rpc:10.1.0.19:15067|admin:10.1.0.19:15066|client:10.1.0.19:15065|dataStream:10.1.0.19:15068|priority:1|startupRole:FOLLOWER, e3412ff5-1f34-4b2f-8351-e8decf81f5b3|rpc:10.1.0.19:15085|admin:10.1.0.19:15084|client:10.1.0.19:15083|dataStream:10.1.0.19:15086|priority:0|startupRole:FOLLOWER]|listeners:[], old=null
2023-08-25 08:51:34,124 [b786fb5c-5e67-4c82-ab21-01f7c3e13abe-server-thread1] INFO  segmented.SegmentedRaftLogWorker (SegmentedRaftLogWorker.java:startLogSegment(447)) - b786fb5c-5e67-4c82-ab21-01f7c3e13abe@group-8568CF4000D9-SegmentedRaftLogWorker: Starting segment from index:0
2023-08-25 08:51:34,126 [b786fb5c-5e67-4c82-ab21-01f7c3e13abe@group-8568CF4000D9-SegmentedRaftLogWorker] INFO  segmented.SegmentedRaftLogWorker (SegmentedRaftLogWorker.java:execute(651)) - b786fb5c-5e67-4c82-ab21-01f7c3e13abe@group-8568CF4000D9-SegmentedRaftLogWorker: created new log segment /home/runner/work/ozone/ozone/hadoop-ozone/integration-test/target/test-dir/MiniOzoneClusterImpl-7264bf39-beec-4c8a-bbdc-a469073ec634/datanode-1/data/ratis/e255e297-f576-47c6-be75-8568cf4000d9/current/log_inprogress_0
2023-08-25 08:51:34,126 [a3e84a91-4099-49fb-b86e-4b39e7f57019@group-FD0441190F8A-FollowerState] INFO  impl.FollowerState (FollowerState.java:run(143)) - a3e84a91-4099-49fb-b86e-4b39e7f57019@group-FD0441190F8A-FollowerState: change to CANDIDATE, lastRpcElapsedTime:5066660606ns, electionTimeout:5063ms
2023-08-25 08:51:34,126 [a3e84a91-4099-49fb-b86e-4b39e7f57019@group-FD0441190F8A-FollowerState] INFO  impl.RoleInfo (RoleInfo.java:shutdownFollowerState(110)) - a3e84a91-4099-49fb-b86e-4b39e7f57019: shutdown a3e84a91-4099-49fb-b86e-4b39e7f57019@group-FD0441190F8A-FollowerState
2023-08-25 08:51:34,126 [a3e84a91-4099-49fb-b86e-4b39e7f57019@group-FD0441190F8A-FollowerState] INFO  server.RaftServer$Division (RaftServerImpl.java:setRole(329)) - a3e84a91-4099-49fb-b86e-4b39e7f57019@group-FD0441190F8A: changes role from  FOLLOWER to CANDIDATE at term 0 for changeToCandidate
2023-08-25 08:51:34,127 [a3e84a91-4099-49fb-b86e-4b39e7f57019@group-FD0441190F8A-FollowerState] INFO  server.RaftServerConfigKeys (ConfUtils.java:logGet(46)) - raft.server.leaderelection.pre-vote = true (default)
2023-08-25 08:51:34,127 [a3e84a91-4099-49fb-b86e-4b39e7f57019@group-FD0441190F8A-FollowerState] INFO  impl.RoleInfo (RoleInfo.java:updateAndGet(139)) - a3e84a91-4099-49fb-b86e-4b39e7f57019: start a3e84a91-4099-49fb-b86e-4b39e7f57019@group-FD0441190F8A-LeaderElection14
2023-08-25 08:51:34,128 [e3412ff5-1f34-4b2f-8351-e8decf81f5b3@group-8568CF4000D9-SegmentedRaftLogWorker] INFO  segmented.SegmentedRaftLogWorker (SegmentedRaftLogWorker.java:execute(651)) - e3412ff5-1f34-4b2f-8351-e8decf81f5b3@group-8568CF4000D9-SegmentedRaftLogWorker: created new log segment /home/runner/work/ozone/ozone/hadoop-ozone/integration-test/target/test-dir/MiniOzoneClusterImpl-7264bf39-beec-4c8a-bbdc-a469073ec634/datanode-2/data/ratis/e255e297-f576-47c6-be75-8568cf4000d9/current/log_inprogress_0
2023-08-25 08:51:34,130 [a3e84a91-4099-49fb-b86e-4b39e7f57019@group-FD0441190F8A-LeaderElection14] INFO  impl.LeaderElection (LeaderElection.java:askForVotes(321)) - a3e84a91-4099-49fb-b86e-4b39e7f57019@group-FD0441190F8A-LeaderElection14 PRE_VOTE round 0: submit vote requests at term 0 for -1: peers:[b786fb5c-5e67-4c82-ab21-01f7c3e13abe|rpc:10.1.0.19:15076|admin:10.1.0.19:15075|client:10.1.0.19:15074|dataStream:10.1.0.19:15077|priority:0|startupRole:FOLLOWER, a3e84a91-4099-49fb-b86e-4b39e7f57019|rpc:10.1.0.19:15067|admin:10.1.0.19:15066|client:10.1.0.19:15065|dataStream:10.1.0.19:15068|priority:0|startupRole:FOLLOWER, e3412ff5-1f34-4b2f-8351-e8decf81f5b3|rpc:10.1.0.19:15085|admin:10.1.0.19:15084|client:10.1.0.19:15083|dataStream:10.1.0.19:15086|priority:1|startupRole:FOLLOWER]|listeners:[], old=null
2023-08-25 08:51:34,131 [a3e84a91-4099-49fb-b86e-4b39e7f57019@group-FD0441190F8A-LeaderElection14] INFO  server.RaftServerConfigKeys (ConfUtils.java:logFallback(53)) - raft.server.rpc.first-election.timeout.min = 5s (fallback to raft.server.rpc.timeout.min)
2023-08-25 08:51:34,131 [a3e84a91-4099-49fb-b86e-4b39e7f57019@group-FD0441190F8A-LeaderElection14] INFO  server.RaftServerConfigKeys (ConfUtils.java:logFallback(53)) - raft.server.rpc.first-election.timeout.max = 5200ms (fallback to raft.server.rpc.timeout.max)
2023-08-25 08:51:34,135 [grpc-default-executor-5] INFO  server.RaftServer$Division (RaftServerImpl.java:requestVote(1302)) - e3412ff5-1f34-4b2f-8351-e8decf81f5b3@group-FD0441190F8A: receive requestVote(PRE_VOTE, a3e84a91-4099-49fb-b86e-4b39e7f57019, group-FD0441190F8A, 0, (t:0, i:0))
2023-08-25 08:51:34,135 [grpc-default-executor-5] INFO  impl.VoteContext (VoteContext.java:log(49)) - e3412ff5-1f34-4b2f-8351-e8decf81f5b3@group-FD0441190F8A-FOLLOWER: reject PRE_VOTE from a3e84a91-4099-49fb-b86e-4b39e7f57019: our priority 1 > candidate's priority 0
2023-08-25 08:51:34,136 [grpc-default-executor-5] INFO  server.RaftServer$Division (RaftServerImpl.java:requestVote(1335)) - e3412ff5-1f34-4b2f-8351-e8decf81f5b3@group-FD0441190F8A replies to PRE_VOTE vote request: a3e84a91-4099-49fb-b86e-4b39e7f57019<-e3412ff5-1f34-4b2f-8351-e8decf81f5b3#0:FAIL-t0. Peer's state: e3412ff5-1f34-4b2f-8351-e8decf81f5b3@group-FD0441190F8A:t0, leader=null, voted=, raftlog=Memoized:e3412ff5-1f34-4b2f-8351-e8decf81f5b3@group-FD0441190F8A-SegmentedRaftLog:OPENED:c-1, conf=-1: peers:[b786fb5c-5e67-4c82-ab21-01f7c3e13abe|rpc:10.1.0.19:15076|admin:10.1.0.19:15075|client:10.1.0.19:15074|dataStream:10.1.0.19:15077|priority:0|startupRole:FOLLOWER, a3e84a91-4099-49fb-b86e-4b39e7f57019|rpc:10.1.0.19:15067|admin:10.1.0.19:15066|client:10.1.0.19:15065|dataStream:10.1.0.19:15068|priority:0|startupRole:FOLLOWER, e3412ff5-1f34-4b2f-8351-e8decf81f5b3|rpc:10.1.0.19:15085|admin:10.1.0.19:15084|client:10.1.0.19:15083|dataStream:10.1.0.19:15086|priority:1|startupRole:FOLLOWER]|listeners:[], old=null
2023-08-25 08:51:34,137 [grpc-default-executor-0] INFO  server.RaftServer$Division (RaftServerImpl.java:requestVote(1302)) - b786fb5c-5e67-4c82-ab21-01f7c3e13abe@group-FD0441190F8A: receive requestVote(PRE_VOTE, a3e84a91-4099-49fb-b86e-4b39e7f57019, group-FD0441190F8A, 0, (t:0, i:0))
2023-08-25 08:51:34,138 [grpc-default-executor-0] INFO  impl.VoteContext (VoteContext.java:log(49)) - b786fb5c-5e67-4c82-ab21-01f7c3e13abe@group-FD0441190F8A-FOLLOWER: accept PRE_VOTE from a3e84a91-4099-49fb-b86e-4b39e7f57019: our priority 0 <= candidate's priority 0
2023-08-25 08:51:34,138 [grpc-default-executor-0] INFO  server.RaftServer$Division (RaftServerImpl.java:requestVote(1335)) - b786fb5c-5e67-4c82-ab21-01f7c3e13abe@group-FD0441190F8A replies to PRE_VOTE vote request: a3e84a91-4099-49fb-b86e-4b39e7f57019<-b786fb5c-5e67-4c82-ab21-01f7c3e13abe#0:OK-t0. Peer's state: b786fb5c-5e67-4c82-ab21-01f7c3e13abe@group-FD0441190F8A:t0, leader=null, voted=, raftlog=Memoized:b786fb5c-5e67-4c82-ab21-01f7c3e13abe@group-FD0441190F8A-SegmentedRaftLog:OPENED:c-1, conf=-1: peers:[b786fb5c-5e67-4c82-ab21-01f7c3e13abe|rpc:10.1.0.19:15076|admin:10.1.0.19:15075|client:10.1.0.19:15074|dataStream:10.1.0.19:15077|priority:0|startupRole:FOLLOWER, a3e84a91-4099-49fb-b86e-4b39e7f57019|rpc:10.1.0.19:15067|admin:10.1.0.19:15066|client:10.1.0.19:15065|dataStream:10.1.0.19:15068|priority:0|startupRole:FOLLOWER, e3412ff5-1f34-4b2f-8351-e8decf81f5b3|rpc:10.1.0.19:15085|admin:10.1.0.19:15084|client:10.1.0.19:15083|dataStream:10.1.0.19:15086|priority:1|startupRole:FOLLOWER]|listeners:[], old=null
2023-08-25 08:51:34,139 [a3e84a91-4099-49fb-b86e-4b39e7f57019@group-FD0441190F8A-LeaderElection14] INFO  impl.LeaderElection (LeaderElection.java:logAndReturn(90)) - a3e84a91-4099-49fb-b86e-4b39e7f57019@group-FD0441190F8A-LeaderElection14: PRE_VOTE REJECTED received 2 response(s) and 0 exception(s):
2023-08-25 08:51:34,139 [a3e84a91-4099-49fb-b86e-4b39e7f57019@group-FD0441190F8A-LeaderElection14] INFO  impl.LeaderElection (LeaderElection.java:logAndReturn(94)) -   Response 0: a3e84a91-4099-49fb-b86e-4b39e7f57019<-b786fb5c-5e67-4c82-ab21-01f7c3e13abe#0:OK-t0
2023-08-25 08:51:34,139 [a3e84a91-4099-49fb-b86e-4b39e7f57019@group-FD0441190F8A-LeaderElection14] INFO  impl.LeaderElection (LeaderElection.java:logAndReturn(94)) -   Response 1: a3e84a91-4099-49fb-b86e-4b39e7f57019<-e3412ff5-1f34-4b2f-8351-e8decf81f5b3#0:FAIL-t0
2023-08-25 08:51:34,139 [a3e84a91-4099-49fb-b86e-4b39e7f57019@group-FD0441190F8A-LeaderElection14] INFO  impl.LeaderElection (LeaderElection.java:askForVotes(323)) - a3e84a91-4099-49fb-b86e-4b39e7f57019@group-FD0441190F8A-LeaderElection14 PRE_VOTE round 0: result REJECTED
2023-08-25 08:51:34,139 [a3e84a91-4099-49fb-b86e-4b39e7f57019@group-FD0441190F8A-LeaderElection14] INFO  server.RaftServer$Division (RaftServerImpl.java:setRole(329)) - a3e84a91-4099-49fb-b86e-4b39e7f57019@group-FD0441190F8A: changes role from CANDIDATE to FOLLOWER at term 0 for REJECTED
2023-08-25 08:51:34,139 [a3e84a91-4099-49fb-b86e-4b39e7f57019@group-FD0441190F8A-LeaderElection14] INFO  impl.RoleInfo (RoleInfo.java:shutdownLeaderElection(130)) - a3e84a91-4099-49fb-b86e-4b39e7f57019: shutdown a3e84a91-4099-49fb-b86e-4b39e7f57019@group-FD0441190F8A-LeaderElection14
2023-08-25 08:51:34,139 [a3e84a91-4099-49fb-b86e-4b39e7f57019@group-FD0441190F8A-LeaderElection14] INFO  impl.RoleInfo (RoleInfo.java:updateAndGet(139)) - a3e84a91-4099-49fb-b86e-4b39e7f57019: start a3e84a91-4099-49fb-b86e-4b39e7f57019@group-FD0441190F8A-FollowerState
2023-08-25 08:51:34,410 [Time-limited test] INFO  ozone.MiniOzoneClusterImpl (MiniOzoneClusterImpl.java:lambda$waitForClusterToBeReady$0(224)) - Nodes are ready. Got 5 of 5 DN Heartbeats.
2023-08-25 08:51:34,410 [Time-limited test] INFO  ozone.MiniOzoneClusterImpl (MiniOzoneClusterImpl.java:lambda$waitForClusterToBeReady$0(227)) - Cluster exits safe mode
2023-08-25 08:51:34,410 [Time-limited test] INFO  ozone.MiniOzoneClusterImpl (MiniOzoneClusterImpl.java:lambda$waitForClusterToBeReady$0(229)) - SCM became leader
2023-08-25 08:51:34,410 [ReplicationMonitor] INFO  replication.ReplicationManager (ReplicationManager.java:processAll(361)) - Replication Manager is not ready to run until 3000ms after safemode exit
2023-08-25 08:51:34,423 [Time-limited test] INFO  rpc.RpcClient (RpcClient.java:createVolume(461)) - Creating Volume: vol1, with runner as owner and space quota set to -1 bytes, counts quota set to -1
2023-08-25 08:51:34,435 [OM StateMachine ApplyTransaction Thread - 0] INFO  volume.OMVolumeCreateRequest (OMVolumeCreateRequest.java:validateAndUpdateCache(196)) - created volume:vol1 for user:runner
2023-08-25 08:51:34,445 [Time-limited test] INFO  rpc.RpcClient (RpcClient.java:createBucket(688)) - Creating Bucket: vol1/bucket1, with server-side default bucket layout, runner as owner, Versioning false, Storage Type set to DISK and Encryption set to false, Replication Type set to server-side default replication type, Namespace Quota set to -1, Space Quota set to -1 
2023-08-25 08:51:34,450 [OM StateMachine ApplyTransaction Thread - 0] INFO  bucket.OMBucketCreateRequest (OMBucketCreateRequest.java:validateAndUpdateCache(270)) - created bucket: bucket1 of layout FILE_SYSTEM_OPTIMIZED in volume: vol1
2023-08-25 08:51:34,471 [IPC Server handler 1 on default port 15054] INFO  ha.SequenceIdGenerator (SequenceIdGenerator.java:getNextId(140)) - Allocate a batch for containerId, change lastId from 0 to 1000.
2023-08-25 08:51:34,472 [IPC Server handler 1 on default port 15054] WARN  ha.SequenceIdGenerator (SequenceIdGenerator.java:allocateBatch(253)) - Failed to allocate a batch for localId, expected lastId is 0, actual lastId is 111677748019200000.
2023-08-25 08:51:34,472 [IPC Server handler 1 on default port 15054] INFO  ha.SequenceIdGenerator (SequenceIdGenerator.java:getNextId(140)) - Allocate a batch for localId, change lastId from 111677748019200000 to 111677748019201000.
2023-08-25 08:51:34,541 [b786fb5c-5e67-4c82-ab21-01f7c3e13abe@group-FD0441190F8A-FollowerState] INFO  server.RaftServerConfigKeys (ConfUtils.java:logFallback(53)) - raft.server.rpc.first-election.timeout.min = 5s (fallback to raft.server.rpc.timeout.min)
2023-08-25 08:51:34,541 [b786fb5c-5e67-4c82-ab21-01f7c3e13abe@group-FD0441190F8A-FollowerState] INFO  server.RaftServerConfigKeys (ConfUtils.java:logFallback(53)) - raft.server.rpc.first-election.timeout.max = 5200ms (fallback to raft.server.rpc.timeout.max)
2023-08-25 08:51:34,590 [EventQueue-CloseContainerForCloseContainerEventHandler] INFO  container.CloseContainerEventHandler (CloseContainerEventHandler.java:onMessage(88)) - Close container Event triggered for container : #1, current state: OPEN
2023-08-25 08:51:34,590 [EventQueue-CloseContainerForCloseContainerEventHandler] INFO  container.CloseContainerEventHandler (CloseContainerEventHandler.java:onMessage(88)) - Close container Event triggered for container : #1, current state: CLOSING
2023-08-25 08:51:34,590 [EventQueue-CloseContainerForCloseContainerEventHandler] INFO  container.CloseContainerEventHandler (CloseContainerEventHandler.java:onMessage(88)) - Close container Event triggered for container : #1, current state: CLOSING
2023-08-25 08:51:34,601 [b786fb5c-5e67-4c82-ab21-01f7c3e13abe@group-17B64EFC06D6-FollowerState] INFO  impl.FollowerState (FollowerState.java:run(143)) - b786fb5c-5e67-4c82-ab21-01f7c3e13abe@group-17B64EFC06D6-FollowerState: change to CANDIDATE, lastRpcElapsedTime:5135448109ns, electionTimeout:5126ms
2023-08-25 08:51:34,601 [b786fb5c-5e67-4c82-ab21-01f7c3e13abe@group-17B64EFC06D6-FollowerState] INFO  impl.RoleInfo (RoleInfo.java:shutdownFollowerState(110)) - b786fb5c-5e67-4c82-ab21-01f7c3e13abe: shutdown b786fb5c-5e67-4c82-ab21-01f7c3e13abe@group-17B64EFC06D6-FollowerState
2023-08-25 08:51:34,601 [b786fb5c-5e67-4c82-ab21-01f7c3e13abe@group-17B64EFC06D6-FollowerState] INFO  server.RaftServer$Division (RaftServerImpl.java:setRole(329)) - b786fb5c-5e67-4c82-ab21-01f7c3e13abe@group-17B64EFC06D6: changes role from  FOLLOWER to CANDIDATE at term 0 for changeToCandidate
2023-08-25 08:51:34,602 [b786fb5c-5e67-4c82-ab21-01f7c3e13abe@group-17B64EFC06D6-FollowerState] INFO  server.RaftServerConfigKeys (ConfUtils.java:logGet(46)) - raft.server.leaderelection.pre-vote = true (default)
2023-08-25 08:51:34,603 [b786fb5c-5e67-4c82-ab21-01f7c3e13abe@group-17B64EFC06D6-FollowerState] INFO  impl.RoleInfo (RoleInfo.java:updateAndGet(139)) - b786fb5c-5e67-4c82-ab21-01f7c3e13abe: start b786fb5c-5e67-4c82-ab21-01f7c3e13abe@group-17B64EFC06D6-LeaderElection15
2023-08-25 08:51:34,606 [b786fb5c-5e67-4c82-ab21-01f7c3e13abe@group-17B64EFC06D6-LeaderElection15] INFO  impl.LeaderElection (LeaderElection.java:askForVotes(321)) - b786fb5c-5e67-4c82-ab21-01f7c3e13abe@group-17B64EFC06D6-LeaderElection15 PRE_VOTE round 0: submit vote requests at term 0 for -1: peers:[b786fb5c-5e67-4c82-ab21-01f7c3e13abe|rpc:10.1.0.19:15076|admin:10.1.0.19:15075|client:10.1.0.19:15074|dataStream:10.1.0.19:15077|priority:1|startupRole:FOLLOWER]|listeners:[], old=null
2023-08-25 08:51:34,606 [b786fb5c-5e67-4c82-ab21-01f7c3e13abe@group-17B64EFC06D6-LeaderElection15] INFO  impl.LeaderElection (LeaderElection.java:askForVotes(323)) - b786fb5c-5e67-4c82-ab21-01f7c3e13abe@group-17B64EFC06D6-LeaderElection15 PRE_VOTE round 0: result PASSED (term=0)
2023-08-25 08:51:34,608 [b786fb5c-5e67-4c82-ab21-01f7c3e13abe@group-17B64EFC06D6-LeaderElection15] INFO  impl.LeaderElection (LeaderElection.java:askForVotes(321)) - b786fb5c-5e67-4c82-ab21-01f7c3e13abe@group-17B64EFC06D6-LeaderElection15 ELECTION round 0: submit vote requests at term 1 for -1: peers:[b786fb5c-5e67-4c82-ab21-01f7c3e13abe|rpc:10.1.0.19:15076|admin:10.1.0.19:15075|client:10.1.0.19:15074|dataStream:10.1.0.19:15077|priority:1|startupRole:FOLLOWER]|listeners:[], old=null
2023-08-25 08:51:34,608 [b786fb5c-5e67-4c82-ab21-01f7c3e13abe@group-17B64EFC06D6-LeaderElection15] INFO  impl.LeaderElection (LeaderElection.java:askForVotes(323)) - b786fb5c-5e67-4c82-ab21-01f7c3e13abe@group-17B64EFC06D6-LeaderElection15 ELECTION round 0: result PASSED (term=1)
2023-08-25 08:51:34,608 [b786fb5c-5e67-4c82-ab21-01f7c3e13abe@group-17B64EFC06D6-LeaderElection15] INFO  impl.RoleInfo (RoleInfo.java:shutdownLeaderElection(130)) - b786fb5c-5e67-4c82-ab21-01f7c3e13abe: shutdown b786fb5c-5e67-4c82-ab21-01f7c3e13abe@group-17B64EFC06D6-LeaderElection15
2023-08-25 08:51:34,608 [b786fb5c-5e67-4c82-ab21-01f7c3e13abe@group-17B64EFC06D6-LeaderElection15] INFO  server.RaftServer$Division (RaftServerImpl.java:setRole(329)) - b786fb5c-5e67-4c82-ab21-01f7c3e13abe@group-17B64EFC06D6: changes role from CANDIDATE to LEADER at term 1 for changeToLeader
2023-08-25 08:51:34,608 [b786fb5c-5e67-4c82-ab21-01f7c3e13abe@group-17B64EFC06D6-LeaderElection15] INFO  ratis.XceiverServerRatis (XceiverServerRatis.java:handleLeaderChangedNotification(902)) - Leader change notification received for group: group-17B64EFC06D6 with new leaderId: b786fb5c-5e67-4c82-ab21-01f7c3e13abe
2023-08-25 08:51:34,611 [b786fb5c-5e67-4c82-ab21-01f7c3e13abe@group-17B64EFC06D6-LeaderElection15] INFO  server.RaftServer$Division (ServerState.java:setLeader(317)) - b786fb5c-5e67-4c82-ab21-01f7c3e13abe@group-17B64EFC06D6: change Leader from null to b786fb5c-5e67-4c82-ab21-01f7c3e13abe at term 1 for becomeLeader, leader elected after 5177ms
2023-08-25 08:51:34,612 [b786fb5c-5e67-4c82-ab21-01f7c3e13abe@group-17B64EFC06D6-LeaderElection15] INFO  server.RaftServerConfigKeys (ConfUtils.java:logGet(46)) - raft.server.staging.catchup.gap = 1000 (default)
2023-08-25 08:51:34,613 [b786fb5c-5e67-4c82-ab21-01f7c3e13abe@group-17B64EFC06D6-LeaderElection15] INFO  server.RaftServerConfigKeys (ConfUtils.java:logGet(46)) - raft.server.write.element-limit = 1024 (custom)
2023-08-25 08:51:34,613 [b786fb5c-5e67-4c82-ab21-01f7c3e13abe@group-17B64EFC06D6-LeaderElection15] INFO  server.RaftServerConfigKeys (ConfUtils.java:logGet(46)) - raft.server.write.byte-limit = 1024 M (=1073741824) (custom)
2023-08-25 08:51:34,613 [b786fb5c-5e67-4c82-ab21-01f7c3e13abe@group-17B64EFC06D6-LeaderElection15] INFO  server.RaftServerConfigKeys (ConfUtils.java:logGet(46)) - raft.server.watch.timeout = 180s (custom)
2023-08-25 08:51:34,613 [b786fb5c-5e67-4c82-ab21-01f7c3e13abe@group-17B64EFC06D6-LeaderElection15] INFO  server.RaftServerConfigKeys (ConfUtils.java:logGet(46)) - raft.server.watch.timeout.denomination = 1s (default)
2023-08-25 08:51:34,613 [b786fb5c-5e67-4c82-ab21-01f7c3e13abe@group-17B64EFC06D6-LeaderElection15] INFO  server.RaftServerConfigKeys (ConfUtils.java:logGet(46)) - raft.server.watch.element-limit = 65536 (default)
2023-08-25 08:51:34,613 [b786fb5c-5e67-4c82-ab21-01f7c3e13abe@group-17B64EFC06D6-LeaderElection15] INFO  server.RaftServerConfigKeys (ConfUtils.java:logGet(46)) - raft.server.write.element-limit = 1024 (custom)
2023-08-25 08:51:34,613 [b786fb5c-5e67-4c82-ab21-01f7c3e13abe@group-17B64EFC06D6-LeaderElection15] INFO  server.RaftServerConfigKeys (ConfUtils.java:logGet(46)) - raft.server.write.follower.gap.ratio.max = -1.0 (default)
2023-08-25 08:51:34,613 [b786fb5c-5e67-4c82-ab21-01f7c3e13abe@group-17B64EFC06D6-LeaderElection15] INFO  impl.RoleInfo (RoleInfo.java:updateAndGet(139)) - b786fb5c-5e67-4c82-ab21-01f7c3e13abe: start b786fb5c-5e67-4c82-ab21-01f7c3e13abe@group-17B64EFC06D6-LeaderStateImpl
2023-08-25 08:51:34,614 [b786fb5c-5e67-4c82-ab21-01f7c3e13abe@group-17B64EFC06D6-LeaderElection15] INFO  segmented.SegmentedRaftLogWorker (SegmentedRaftLogWorker.java:startLogSegment(447)) - b786fb5c-5e67-4c82-ab21-01f7c3e13abe@group-17B64EFC06D6-SegmentedRaftLogWorker: Starting segment from index:0
2023-08-25 08:51:34,619 [b786fb5c-5e67-4c82-ab21-01f7c3e13abe@group-17B64EFC06D6-LeaderElection15] INFO  server.RaftServer$Division (ServerState.java:setRaftConf(434)) - b786fb5c-5e67-4c82-ab21-01f7c3e13abe@group-17B64EFC06D6: set configuration 0: peers:[b786fb5c-5e67-4c82-ab21-01f7c3e13abe|rpc:10.1.0.19:15076|admin:10.1.0.19:15075|client:10.1.0.19:15074|dataStream:10.1.0.19:15077|priority:1|startupRole:FOLLOWER]|listeners:[], old=null
2023-08-25 08:51:34,622 [b786fb5c-5e67-4c82-ab21-01f7c3e13abe@group-17B64EFC06D6-SegmentedRaftLogWorker] INFO  segmented.SegmentedRaftLogWorker (SegmentedRaftLogWorker.java:execute(651)) - b786fb5c-5e67-4c82-ab21-01f7c3e13abe@group-17B64EFC06D6-SegmentedRaftLogWorker: created new log segment /home/runner/work/ozone/ozone/hadoop-ozone/integration-test/target/test-dir/MiniOzoneClusterImpl-7264bf39-beec-4c8a-bbdc-a469073ec634/datanode-1/data/ratis/2e32392c-10ef-4930-8a1d-17b64efc06d6/current/log_inprogress_0
2023-08-25 08:51:34,679 [e3412ff5-1f34-4b2f-8351-e8decf81f5b3@group-FD0441190F8A-FollowerState] INFO  impl.FollowerState (FollowerState.java:run(143)) - e3412ff5-1f34-4b2f-8351-e8decf81f5b3@group-FD0441190F8A-FollowerState: change to CANDIDATE, lastRpcElapsedTime:5181690270ns, electionTimeout:5181ms
2023-08-25 08:51:34,680 [e3412ff5-1f34-4b2f-8351-e8decf81f5b3@group-FD0441190F8A-FollowerState] INFO  impl.RoleInfo (RoleInfo.java:shutdownFollowerState(110)) - e3412ff5-1f34-4b2f-8351-e8decf81f5b3: shutdown e3412ff5-1f34-4b2f-8351-e8decf81f5b3@group-FD0441190F8A-FollowerState
2023-08-25 08:51:34,680 [e3412ff5-1f34-4b2f-8351-e8decf81f5b3@group-FD0441190F8A-FollowerState] INFO  server.RaftServer$Division (RaftServerImpl.java:setRole(329)) - e3412ff5-1f34-4b2f-8351-e8decf81f5b3@group-FD0441190F8A: changes role from  FOLLOWER to CANDIDATE at term 0 for changeToCandidate
2023-08-25 08:51:34,681 [e3412ff5-1f34-4b2f-8351-e8decf81f5b3@group-FD0441190F8A-FollowerState] INFO  server.RaftServerConfigKeys (ConfUtils.java:logGet(46)) - raft.server.leaderelection.pre-vote = true (default)
2023-08-25 08:51:34,681 [e3412ff5-1f34-4b2f-8351-e8decf81f5b3@group-FD0441190F8A-FollowerState] INFO  impl.RoleInfo (RoleInfo.java:updateAndGet(139)) - e3412ff5-1f34-4b2f-8351-e8decf81f5b3: start e3412ff5-1f34-4b2f-8351-e8decf81f5b3@group-FD0441190F8A-LeaderElection16
2023-08-25 08:51:34,683 [e3412ff5-1f34-4b2f-8351-e8decf81f5b3@group-FD0441190F8A-LeaderElection16] INFO  impl.LeaderElection (LeaderElection.java:askForVotes(321)) - e3412ff5-1f34-4b2f-8351-e8decf81f5b3@group-FD0441190F8A-LeaderElection16 PRE_VOTE round 0: submit vote requests at term 0 for -1: peers:[b786fb5c-5e67-4c82-ab21-01f7c3e13abe|rpc:10.1.0.19:15076|admin:10.1.0.19:15075|client:10.1.0.19:15074|dataStream:10.1.0.19:15077|priority:0|startupRole:FOLLOWER, a3e84a91-4099-49fb-b86e-4b39e7f57019|rpc:10.1.0.19:15067|admin:10.1.0.19:15066|client:10.1.0.19:15065|dataStream:10.1.0.19:15068|priority:0|startupRole:FOLLOWER, e3412ff5-1f34-4b2f-8351-e8decf81f5b3|rpc:10.1.0.19:15085|admin:10.1.0.19:15084|client:10.1.0.19:15083|dataStream:10.1.0.19:15086|priority:1|startupRole:FOLLOWER]|listeners:[], old=null
2023-08-25 08:51:34,683 [e3412ff5-1f34-4b2f-8351-e8decf81f5b3@group-FD0441190F8A-LeaderElection16-1] INFO  server.GrpcServerProtocolClient (GrpcServerProtocolClient.java:<init>(65)) - Build channel for b786fb5c-5e67-4c82-ab21-01f7c3e13abe
2023-08-25 08:51:34,685 [e3412ff5-1f34-4b2f-8351-e8decf81f5b3@group-FD0441190F8A-LeaderElection16] INFO  server.RaftServerConfigKeys (ConfUtils.java:logFallback(53)) - raft.server.rpc.first-election.timeout.min = 5s (fallback to raft.server.rpc.timeout.min)
2023-08-25 08:51:34,685 [e3412ff5-1f34-4b2f-8351-e8decf81f5b3@group-FD0441190F8A-LeaderElection16] INFO  server.RaftServerConfigKeys (ConfUtils.java:logFallback(53)) - raft.server.rpc.first-election.timeout.max = 5200ms (fallback to raft.server.rpc.timeout.max)
2023-08-25 08:51:34,685 [e3412ff5-1f34-4b2f-8351-e8decf81f5b3@group-FD0441190F8A-LeaderElection16-2] INFO  server.GrpcServerProtocolClient (GrpcServerProtocolClient.java:<init>(65)) - Build channel for a3e84a91-4099-49fb-b86e-4b39e7f57019
2023-08-25 08:51:34,693 [grpc-default-executor-0] INFO  server.RaftServer$Division (RaftServerImpl.java:requestVote(1302)) - a3e84a91-4099-49fb-b86e-4b39e7f57019@group-FD0441190F8A: receive requestVote(PRE_VOTE, e3412ff5-1f34-4b2f-8351-e8decf81f5b3, group-FD0441190F8A, 0, (t:0, i:0))
2023-08-25 08:51:34,693 [grpc-default-executor-0] INFO  impl.VoteContext (VoteContext.java:log(49)) - a3e84a91-4099-49fb-b86e-4b39e7f57019@group-FD0441190F8A-FOLLOWER: accept PRE_VOTE from e3412ff5-1f34-4b2f-8351-e8decf81f5b3: our priority 0 <= candidate's priority 1
2023-08-25 08:51:34,694 [grpc-default-executor-0] INFO  server.RaftServer$Division (RaftServerImpl.java:requestVote(1335)) - a3e84a91-4099-49fb-b86e-4b39e7f57019@group-FD0441190F8A replies to PRE_VOTE vote request: e3412ff5-1f34-4b2f-8351-e8decf81f5b3<-a3e84a91-4099-49fb-b86e-4b39e7f57019#0:OK-t0. Peer's state: a3e84a91-4099-49fb-b86e-4b39e7f57019@group-FD0441190F8A:t0, leader=null, voted=, raftlog=Memoized:a3e84a91-4099-49fb-b86e-4b39e7f57019@group-FD0441190F8A-SegmentedRaftLog:OPENED:c-1, conf=-1: peers:[b786fb5c-5e67-4c82-ab21-01f7c3e13abe|rpc:10.1.0.19:15076|admin:10.1.0.19:15075|client:10.1.0.19:15074|dataStream:10.1.0.19:15077|priority:0|startupRole:FOLLOWER, a3e84a91-4099-49fb-b86e-4b39e7f57019|rpc:10.1.0.19:15067|admin:10.1.0.19:15066|client:10.1.0.19:15065|dataStream:10.1.0.19:15068|priority:0|startupRole:FOLLOWER, e3412ff5-1f34-4b2f-8351-e8decf81f5b3|rpc:10.1.0.19:15085|admin:10.1.0.19:15084|client:10.1.0.19:15083|dataStream:10.1.0.19:15086|priority:1|startupRole:FOLLOWER]|listeners:[], old=null
2023-08-25 08:51:34,697 [e3412ff5-1f34-4b2f-8351-e8decf81f5b3@group-FD0441190F8A-LeaderElection16] INFO  impl.LeaderElection (LeaderElection.java:logAndReturn(90)) - e3412ff5-1f34-4b2f-8351-e8decf81f5b3@group-FD0441190F8A-LeaderElection16: PRE_VOTE PASSED received 1 response(s) and 0 exception(s):
2023-08-25 08:51:34,697 [e3412ff5-1f34-4b2f-8351-e8decf81f5b3@group-FD0441190F8A-LeaderElection16] INFO  impl.LeaderElection (LeaderElection.java:logAndReturn(94)) -   Response 0: e3412ff5-1f34-4b2f-8351-e8decf81f5b3<-a3e84a91-4099-49fb-b86e-4b39e7f57019#0:OK-t0
2023-08-25 08:51:34,697 [e3412ff5-1f34-4b2f-8351-e8decf81f5b3@group-FD0441190F8A-LeaderElection16] INFO  impl.LeaderElection (LeaderElection.java:askForVotes(323)) - e3412ff5-1f34-4b2f-8351-e8decf81f5b3@group-FD0441190F8A-LeaderElection16 PRE_VOTE round 0: result PASSED
2023-08-25 08:51:34,700 [e3412ff5-1f34-4b2f-8351-e8decf81f5b3@group-FD0441190F8A-LeaderElection16] INFO  impl.LeaderElection (LeaderElection.java:askForVotes(321)) - e3412ff5-1f34-4b2f-8351-e8decf81f5b3@group-FD0441190F8A-LeaderElection16 ELECTION round 0: submit vote requests at term 1 for -1: peers:[b786fb5c-5e67-4c82-ab21-01f7c3e13abe|rpc:10.1.0.19:15076|admin:10.1.0.19:15075|client:10.1.0.19:15074|dataStream:10.1.0.19:15077|priority:0|startupRole:FOLLOWER, a3e84a91-4099-49fb-b86e-4b39e7f57019|rpc:10.1.0.19:15067|admin:10.1.0.19:15066|client:10.1.0.19:15065|dataStream:10.1.0.19:15068|priority:0|startupRole:FOLLOWER, e3412ff5-1f34-4b2f-8351-e8decf81f5b3|rpc:10.1.0.19:15085|admin:10.1.0.19:15084|client:10.1.0.19:15083|dataStream:10.1.0.19:15086|priority:1|startupRole:FOLLOWER]|listeners:[], old=null
2023-08-25 08:51:34,701 [e3412ff5-1f34-4b2f-8351-e8decf81f5b3@group-FD0441190F8A-LeaderElection16] INFO  server.RaftServerConfigKeys (ConfUtils.java:logFallback(53)) - raft.server.rpc.first-election.timeout.min = 5s (fallback to raft.server.rpc.timeout.min)
2023-08-25 08:51:34,701 [e3412ff5-1f34-4b2f-8351-e8decf81f5b3@group-FD0441190F8A-LeaderElection16] INFO  server.RaftServerConfigKeys (ConfUtils.java:logFallback(53)) - raft.server.rpc.first-election.timeout.max = 5200ms (fallback to raft.server.rpc.timeout.max)
2023-08-25 08:51:34,701 [grpc-default-executor-0] INFO  server.RaftServer$Division (RaftServerImpl.java:requestVote(1302)) - b786fb5c-5e67-4c82-ab21-01f7c3e13abe@group-FD0441190F8A: receive requestVote(PRE_VOTE, e3412ff5-1f34-4b2f-8351-e8decf81f5b3, group-FD0441190F8A, 0, (t:0, i:0))
2023-08-25 08:51:34,701 [grpc-default-executor-0] INFO  impl.VoteContext (VoteContext.java:log(49)) - b786fb5c-5e67-4c82-ab21-01f7c3e13abe@group-FD0441190F8A-FOLLOWER: accept PRE_VOTE from e3412ff5-1f34-4b2f-8351-e8decf81f5b3: our priority 0 <= candidate's priority 1
2023-08-25 08:51:34,701 [grpc-default-executor-0] INFO  server.RaftServer$Division (RaftServerImpl.java:requestVote(1335)) - b786fb5c-5e67-4c82-ab21-01f7c3e13abe@group-FD0441190F8A replies to PRE_VOTE vote request: e3412ff5-1f34-4b2f-8351-e8decf81f5b3<-b786fb5c-5e67-4c82-ab21-01f7c3e13abe#0:OK-t0. Peer's state: b786fb5c-5e67-4c82-ab21-01f7c3e13abe@group-FD0441190F8A:t0, leader=null, voted=, raftlog=Memoized:b786fb5c-5e67-4c82-ab21-01f7c3e13abe@group-FD0441190F8A-SegmentedRaftLog:OPENED:c-1, conf=-1: peers:[b786fb5c-5e67-4c82-ab21-01f7c3e13abe|rpc:10.1.0.19:15076|admin:10.1.0.19:15075|client:10.1.0.19:15074|dataStream:10.1.0.19:15077|priority:0|startupRole:FOLLOWER, a3e84a91-4099-49fb-b86e-4b39e7f57019|rpc:10.1.0.19:15067|admin:10.1.0.19:15066|client:10.1.0.19:15065|dataStream:10.1.0.19:15068|priority:0|startupRole:FOLLOWER, e3412ff5-1f34-4b2f-8351-e8decf81f5b3|rpc:10.1.0.19:15085|admin:10.1.0.19:15084|client:10.1.0.19:15083|dataStream:10.1.0.19:15086|priority:1|startupRole:FOLLOWER]|listeners:[], old=null
2023-08-25 08:51:34,703 [grpc-default-executor-1] INFO  server.RaftServer$Division (RaftServerImpl.java:requestVote(1302)) - b786fb5c-5e67-4c82-ab21-01f7c3e13abe@group-FD0441190F8A: receive requestVote(ELECTION, e3412ff5-1f34-4b2f-8351-e8decf81f5b3, group-FD0441190F8A, 1, (t:0, i:0))
2023-08-25 08:51:34,703 [grpc-default-executor-1] INFO  impl.VoteContext (VoteContext.java:log(49)) - b786fb5c-5e67-4c82-ab21-01f7c3e13abe@group-FD0441190F8A-FOLLOWER: accept ELECTION from e3412ff5-1f34-4b2f-8351-e8decf81f5b3: our priority 0 <= candidate's priority 1
2023-08-25 08:51:34,703 [grpc-default-executor-1] INFO  server.RaftServer$Division (RaftServerImpl.java:setRole(329)) - b786fb5c-5e67-4c82-ab21-01f7c3e13abe@group-FD0441190F8A: changes role from  FOLLOWER to FOLLOWER at term 1 for candidate:e3412ff5-1f34-4b2f-8351-e8decf81f5b3
2023-08-25 08:51:34,703 [grpc-default-executor-1] INFO  impl.RoleInfo (RoleInfo.java:shutdownFollowerState(110)) - b786fb5c-5e67-4c82-ab21-01f7c3e13abe: shutdown b786fb5c-5e67-4c82-ab21-01f7c3e13abe@group-FD0441190F8A-FollowerState
2023-08-25 08:51:34,704 [b786fb5c-5e67-4c82-ab21-01f7c3e13abe@group-FD0441190F8A-FollowerState] INFO  impl.FollowerState (FollowerState.java:run(152)) - b786fb5c-5e67-4c82-ab21-01f7c3e13abe@group-FD0441190F8A-FollowerState was interrupted
2023-08-25 08:51:34,704 [grpc-default-executor-1] INFO  impl.RoleInfo (RoleInfo.java:updateAndGet(139)) - b786fb5c-5e67-4c82-ab21-01f7c3e13abe: start b786fb5c-5e67-4c82-ab21-01f7c3e13abe@group-FD0441190F8A-FollowerState
2023-08-25 08:51:34,705 [e3412ff5-1f34-4b2f-8351-e8decf81f5b3@group-EAEBA5388B5B-FollowerState] INFO  impl.FollowerState (FollowerState.java:run(143)) - e3412ff5-1f34-4b2f-8351-e8decf81f5b3@group-EAEBA5388B5B-FollowerState: change to CANDIDATE, lastRpcElapsedTime:5094504323ns, electionTimeout:5093ms
2023-08-25 08:51:34,705 [e3412ff5-1f34-4b2f-8351-e8decf81f5b3@group-EAEBA5388B5B-FollowerState] INFO  impl.RoleInfo (RoleInfo.java:shutdownFollowerState(110)) - e3412ff5-1f34-4b2f-8351-e8decf81f5b3: shutdown e3412ff5-1f34-4b2f-8351-e8decf81f5b3@group-EAEBA5388B5B-FollowerState
2023-08-25 08:51:34,705 [e3412ff5-1f34-4b2f-8351-e8decf81f5b3@group-EAEBA5388B5B-FollowerState] INFO  server.RaftServer$Division (RaftServerImpl.java:setRole(329)) - e3412ff5-1f34-4b2f-8351-e8decf81f5b3@group-EAEBA5388B5B: changes role from  FOLLOWER to CANDIDATE at term 0 for changeToCandidate
2023-08-25 08:51:34,706 [e3412ff5-1f34-4b2f-8351-e8decf81f5b3@group-EAEBA5388B5B-FollowerState] INFO  server.RaftServerConfigKeys (ConfUtils.java:logGet(46)) - raft.server.leaderelection.pre-vote = true (default)
2023-08-25 08:51:34,707 [e3412ff5-1f34-4b2f-8351-e8decf81f5b3@group-EAEBA5388B5B-FollowerState] INFO  impl.RoleInfo (RoleInfo.java:updateAndGet(139)) - e3412ff5-1f34-4b2f-8351-e8decf81f5b3: start e3412ff5-1f34-4b2f-8351-e8decf81f5b3@group-EAEBA5388B5B-LeaderElection17
2023-08-25 08:51:34,707 [grpc-default-executor-1] INFO  server.RaftServer$Division (RaftServerImpl.java:requestVote(1335)) - b786fb5c-5e67-4c82-ab21-01f7c3e13abe@group-FD0441190F8A replies to ELECTION vote request: e3412ff5-1f34-4b2f-8351-e8decf81f5b3<-b786fb5c-5e67-4c82-ab21-01f7c3e13abe#0:OK-t1. Peer's state: b786fb5c-5e67-4c82-ab21-01f7c3e13abe@group-FD0441190F8A:t1, leader=null, voted=e3412ff5-1f34-4b2f-8351-e8decf81f5b3, raftlog=Memoized:b786fb5c-5e67-4c82-ab21-01f7c3e13abe@group-FD0441190F8A-SegmentedRaftLog:OPENED:c-1, conf=-1: peers:[b786fb5c-5e67-4c82-ab21-01f7c3e13abe|rpc:10.1.0.19:15076|admin:10.1.0.19:15075|client:10.1.0.19:15074|dataStream:10.1.0.19:15077|priority:0|startupRole:FOLLOWER, a3e84a91-4099-49fb-b86e-4b39e7f57019|rpc:10.1.0.19:15067|admin:10.1.0.19:15066|client:10.1.0.19:15065|dataStream:10.1.0.19:15068|priority:0|startupRole:FOLLOWER, e3412ff5-1f34-4b2f-8351-e8decf81f5b3|rpc:10.1.0.19:15085|admin:10.1.0.19:15084|client:10.1.0.19:15083|dataStream:10.1.0.19:15086|priority:1|startupRole:FOLLOWER]|listeners:[], old=null
2023-08-25 08:51:34,710 [grpc-default-executor-0] INFO  server.RaftServer$Division (RaftServerImpl.java:requestVote(1302)) - a3e84a91-4099-49fb-b86e-4b39e7f57019@group-FD0441190F8A: receive requestVote(ELECTION, e3412ff5-1f34-4b2f-8351-e8decf81f5b3, group-FD0441190F8A, 1, (t:0, i:0))
2023-08-25 08:51:34,710 [grpc-default-executor-0] INFO  impl.VoteContext (VoteContext.java:log(49)) - a3e84a91-4099-49fb-b86e-4b39e7f57019@group-FD0441190F8A-FOLLOWER: accept ELECTION from e3412ff5-1f34-4b2f-8351-e8decf81f5b3: our priority 0 <= candidate's priority 1
2023-08-25 08:51:34,710 [grpc-default-executor-0] INFO  server.RaftServer$Division (RaftServerImpl.java:setRole(329)) - a3e84a91-4099-49fb-b86e-4b39e7f57019@group-FD0441190F8A: changes role from  FOLLOWER to FOLLOWER at term 1 for candidate:e3412ff5-1f34-4b2f-8351-e8decf81f5b3
2023-08-25 08:51:34,710 [grpc-default-executor-0] INFO  impl.RoleInfo (RoleInfo.java:shutdownFollowerState(110)) - a3e84a91-4099-49fb-b86e-4b39e7f57019: shutdown a3e84a91-4099-49fb-b86e-4b39e7f57019@group-FD0441190F8A-FollowerState
2023-08-25 08:51:34,710 [grpc-default-executor-0] INFO  impl.RoleInfo (RoleInfo.java:updateAndGet(139)) - a3e84a91-4099-49fb-b86e-4b39e7f57019: start a3e84a91-4099-49fb-b86e-4b39e7f57019@group-FD0441190F8A-FollowerState
2023-08-25 08:51:34,711 [a3e84a91-4099-49fb-b86e-4b39e7f57019@group-FD0441190F8A-FollowerState] INFO  impl.FollowerState (FollowerState.java:run(152)) - a3e84a91-4099-49fb-b86e-4b39e7f57019@group-FD0441190F8A-FollowerState was interrupted
2023-08-25 08:51:34,716 [e3412ff5-1f34-4b2f-8351-e8decf81f5b3@group-EAEBA5388B5B-LeaderElection17] INFO  impl.LeaderElection (LeaderElection.java:askForVotes(321)) - e3412ff5-1f34-4b2f-8351-e8decf81f5b3@group-EAEBA5388B5B-LeaderElection17 PRE_VOTE round 0: submit vote requests at term 0 for -1: peers:[e3412ff5-1f34-4b2f-8351-e8decf81f5b3|rpc:10.1.0.19:15085|admin:10.1.0.19:15084|client:10.1.0.19:15083|dataStream:10.1.0.19:15086|priority:1|startupRole:FOLLOWER]|listeners:[], old=null
2023-08-25 08:51:34,716 [e3412ff5-1f34-4b2f-8351-e8decf81f5b3@group-EAEBA5388B5B-LeaderElection17] INFO  impl.LeaderElection (LeaderElection.java:askForVotes(323)) - e3412ff5-1f34-4b2f-8351-e8decf81f5b3@group-EAEBA5388B5B-LeaderElection17 PRE_VOTE round 0: result PASSED (term=0)
2023-08-25 08:51:34,716 [grpc-default-executor-0] INFO  server.RaftServer$Division (RaftServerImpl.java:requestVote(1335)) - a3e84a91-4099-49fb-b86e-4b39e7f57019@group-FD0441190F8A replies to ELECTION vote request: e3412ff5-1f34-4b2f-8351-e8decf81f5b3<-a3e84a91-4099-49fb-b86e-4b39e7f57019#0:OK-t1. Peer's state: a3e84a91-4099-49fb-b86e-4b39e7f57019@group-FD0441190F8A:t1, leader=null, voted=e3412ff5-1f34-4b2f-8351-e8decf81f5b3, raftlog=Memoized:a3e84a91-4099-49fb-b86e-4b39e7f57019@group-FD0441190F8A-SegmentedRaftLog:OPENED:c-1, conf=-1: peers:[b786fb5c-5e67-4c82-ab21-01f7c3e13abe|rpc:10.1.0.19:15076|admin:10.1.0.19:15075|client:10.1.0.19:15074|dataStream:10.1.0.19:15077|priority:0|startupRole:FOLLOWER, a3e84a91-4099-49fb-b86e-4b39e7f57019|rpc:10.1.0.19:15067|admin:10.1.0.19:15066|client:10.1.0.19:15065|dataStream:10.1.0.19:15068|priority:0|startupRole:FOLLOWER, e3412ff5-1f34-4b2f-8351-e8decf81f5b3|rpc:10.1.0.19:15085|admin:10.1.0.19:15084|client:10.1.0.19:15083|dataStream:10.1.0.19:15086|priority:1|startupRole:FOLLOWER]|listeners:[], old=null
2023-08-25 08:51:34,717 [e3412ff5-1f34-4b2f-8351-e8decf81f5b3@group-FD0441190F8A-LeaderElection16] INFO  impl.LeaderElection (LeaderElection.java:logAndReturn(90)) - e3412ff5-1f34-4b2f-8351-e8decf81f5b3@group-FD0441190F8A-LeaderElection16: ELECTION PASSED received 1 response(s) and 0 exception(s):
2023-08-25 08:51:34,718 [e3412ff5-1f34-4b2f-8351-e8decf81f5b3@group-FD0441190F8A-LeaderElection16] INFO  impl.LeaderElection (LeaderElection.java:logAndReturn(94)) -   Response 0: e3412ff5-1f34-4b2f-8351-e8decf81f5b3<-a3e84a91-4099-49fb-b86e-4b39e7f57019#0:OK-t1
2023-08-25 08:51:34,718 [e3412ff5-1f34-4b2f-8351-e8decf81f5b3@group-FD0441190F8A-LeaderElection16] INFO  impl.LeaderElection (LeaderElection.java:askForVotes(323)) - e3412ff5-1f34-4b2f-8351-e8decf81f5b3@group-FD0441190F8A-LeaderElection16 ELECTION round 0: result PASSED
2023-08-25 08:51:34,718 [e3412ff5-1f34-4b2f-8351-e8decf81f5b3@group-FD0441190F8A-LeaderElection16] INFO  impl.RoleInfo (RoleInfo.java:shutdownLeaderElection(130)) - e3412ff5-1f34-4b2f-8351-e8decf81f5b3: shutdown e3412ff5-1f34-4b2f-8351-e8decf81f5b3@group-FD0441190F8A-LeaderElection16
2023-08-25 08:51:34,718 [e3412ff5-1f34-4b2f-8351-e8decf81f5b3@group-FD0441190F8A-LeaderElection16] INFO  server.RaftServer$Division (RaftServerImpl.java:setRole(329)) - e3412ff5-1f34-4b2f-8351-e8decf81f5b3@group-FD0441190F8A: changes role from CANDIDATE to LEADER at term 1 for changeToLeader
2023-08-25 08:51:34,718 [e3412ff5-1f34-4b2f-8351-e8decf81f5b3@group-FD0441190F8A-LeaderElection16] INFO  ratis.XceiverServerRatis (XceiverServerRatis.java:handleLeaderChangedNotification(902)) - Leader change notification received for group: group-FD0441190F8A with new leaderId: e3412ff5-1f34-4b2f-8351-e8decf81f5b3
2023-08-25 08:51:34,718 [e3412ff5-1f34-4b2f-8351-e8decf81f5b3@group-FD0441190F8A-LeaderElection16] INFO  server.RaftServer$Division (ServerState.java:setLeader(317)) - e3412ff5-1f34-4b2f-8351-e8decf81f5b3@group-FD0441190F8A: change Leader from null to e3412ff5-1f34-4b2f-8351-e8decf81f5b3 at term 1 for becomeLeader, leader elected after 5237ms
2023-08-25 08:51:34,718 [e3412ff5-1f34-4b2f-8351-e8decf81f5b3@group-FD0441190F8A-LeaderElection16] INFO  server.RaftServerConfigKeys (ConfUtils.java:logGet(46)) - raft.server.staging.catchup.gap = 1000 (default)
2023-08-25 08:51:34,718 [e3412ff5-1f34-4b2f-8351-e8decf81f5b3@group-FD0441190F8A-LeaderElection16] INFO  server.RaftServerConfigKeys (ConfUtils.java:logGet(46)) - raft.server.write.element-limit = 1024 (custom)
2023-08-25 08:51:34,718 [e3412ff5-1f34-4b2f-8351-e8decf81f5b3@group-FD0441190F8A-LeaderElection16] INFO  server.RaftServerConfigKeys (ConfUtils.java:logGet(46)) - raft.server.write.byte-limit = 1024 M (=1073741824) (custom)
2023-08-25 08:51:34,719 [e3412ff5-1f34-4b2f-8351-e8decf81f5b3@group-FD0441190F8A-LeaderElection16] INFO  server.RaftServerConfigKeys (ConfUtils.java:logGet(46)) - raft.server.watch.timeout = 180s (custom)
2023-08-25 08:51:34,719 [e3412ff5-1f34-4b2f-8351-e8decf81f5b3@group-FD0441190F8A-LeaderElection16] INFO  server.RaftServerConfigKeys (ConfUtils.java:logGet(46)) - raft.server.watch.timeout.denomination = 1s (default)
2023-08-25 08:51:34,719 [e3412ff5-1f34-4b2f-8351-e8decf81f5b3@group-FD0441190F8A-LeaderElection16] INFO  server.RaftServerConfigKeys (ConfUtils.java:logGet(46)) - raft.server.watch.element-limit = 65536 (default)
2023-08-25 08:51:34,719 [e3412ff5-1f34-4b2f-8351-e8decf81f5b3@group-FD0441190F8A-LeaderElection16] INFO  server.RaftServerConfigKeys (ConfUtils.java:logGet(46)) - raft.server.write.element-limit = 1024 (custom)
2023-08-25 08:51:34,719 [e3412ff5-1f34-4b2f-8351-e8decf81f5b3@group-FD0441190F8A-LeaderElection16] INFO  server.RaftServerConfigKeys (ConfUtils.java:logGet(46)) - raft.server.write.follower.gap.ratio.max = -1.0 (default)
2023-08-25 08:51:34,719 [e3412ff5-1f34-4b2f-8351-e8decf81f5b3@group-FD0441190F8A-LeaderElection16] INFO  server.RaftServerConfigKeys (ConfUtils.java:logGet(46)) - raft.server.log.appender.snapshot.chunk.size.max = 16MB (=16777216) (default)
2023-08-25 08:51:34,719 [e3412ff5-1f34-4b2f-8351-e8decf81f5b3@group-FD0441190F8A-LeaderElection16] INFO  server.RaftServerConfigKeys (ConfUtils.java:logGet(46)) - raft.server.log.appender.buffer.byte-limit = 33554432 (custom)
2023-08-25 08:51:34,719 [e3412ff5-1f34-4b2f-8351-e8decf81f5b3@group-FD0441190F8A-LeaderElection16] INFO  server.RaftServerConfigKeys (ConfUtils.java:logGet(46)) - raft.server.log.appender.buffer.element-limit = 1 (custom)
2023-08-25 08:51:34,720 [e3412ff5-1f34-4b2f-8351-e8decf81f5b3@group-FD0441190F8A-LeaderElection16] INFO  server.RaftServerConfigKeys (ConfUtils.java:logGet(46)) - raft.server.log.appender.wait-time.min = 10ms (default)
2023-08-25 08:51:34,720 [e3412ff5-1f34-4b2f-8351-e8decf81f5b3@group-FD0441190F8A-LeaderElection16] INFO  grpc.GrpcConfigKeys (ConfUtils.java:logGet(46)) - raft.grpc.server.leader.outstanding.appends.max = 128 (default)
2023-08-25 08:51:34,720 [e3412ff5-1f34-4b2f-8351-e8decf81f5b3@group-FD0441190F8A-LeaderElection16] INFO  server.RaftServerConfigKeys (ConfUtils.java:logGet(46)) - raft.server.rpc.request.timeout = 60s (custom)
2023-08-25 08:51:34,720 [e3412ff5-1f34-4b2f-8351-e8decf81f5b3@group-FD0441190F8A-LeaderElection16] INFO  grpc.GrpcConfigKeys (ConfUtils.java:logGet(46)) - raft.grpc.server.install_snapshot.request.element-limit = 8 (default)
2023-08-25 08:51:34,720 [e3412ff5-1f34-4b2f-8351-e8decf81f5b3@group-FD0441190F8A-LeaderElection16] INFO  grpc.GrpcConfigKeys (ConfUtils.java:logGet(46)) - raft.grpc.server.install_snapshot.request.timeout = 3000ms (default)
2023-08-25 08:51:34,720 [e3412ff5-1f34-4b2f-8351-e8decf81f5b3@group-FD0441190F8A-LeaderElection16] INFO  server.RaftServerConfigKeys (ConfUtils.java:logGet(46)) - raft.server.log.appender.install.snapshot.enabled = false (custom)
2023-08-25 08:51:34,720 [e3412ff5-1f34-4b2f-8351-e8decf81f5b3@group-FD0441190F8A-LeaderElection16] INFO  grpc.GrpcConfigKeys (ConfUtils.java:logGet(46)) - raft.grpc.server.heartbeat.channel = true (default)
2023-08-25 08:51:34,720 [e3412ff5-1f34-4b2f-8351-e8decf81f5b3@group-FD0441190F8A-LeaderElection16] INFO  server.RaftServerConfigKeys (ConfUtils.java:logGet(46)) - raft.server.log.appender.snapshot.chunk.size.max = 16MB (=16777216) (default)
2023-08-25 08:51:34,721 [e3412ff5-1f34-4b2f-8351-e8decf81f5b3@group-FD0441190F8A-LeaderElection16] INFO  server.RaftServerConfigKeys (ConfUtils.java:logGet(46)) - raft.server.log.appender.buffer.byte-limit = 33554432 (custom)
2023-08-25 08:51:34,722 [e3412ff5-1f34-4b2f-8351-e8decf81f5b3@group-FD0441190F8A-LeaderElection16] INFO  server.RaftServerConfigKeys (ConfUtils.java:logGet(46)) - raft.server.log.appender.buffer.element-limit = 1 (custom)
2023-08-25 08:51:34,722 [e3412ff5-1f34-4b2f-8351-e8decf81f5b3@group-FD0441190F8A-LeaderElection16] INFO  server.RaftServerConfigKeys (ConfUtils.java:logGet(46)) - raft.server.log.appender.wait-time.min = 10ms (default)
2023-08-25 08:51:34,722 [e3412ff5-1f34-4b2f-8351-e8decf81f5b3@group-FD0441190F8A-LeaderElection16] INFO  grpc.GrpcConfigKeys (ConfUtils.java:logGet(46)) - raft.grpc.server.leader.outstanding.appends.max = 128 (default)
2023-08-25 08:51:34,722 [e3412ff5-1f34-4b2f-8351-e8decf81f5b3@group-FD0441190F8A-LeaderElection16] INFO  server.RaftServerConfigKeys (ConfUtils.java:logGet(46)) - raft.server.rpc.request.timeout = 60s (custom)
2023-08-25 08:51:34,722 [e3412ff5-1f34-4b2f-8351-e8decf81f5b3@group-FD0441190F8A-LeaderElection16] INFO  grpc.GrpcConfigKeys (ConfUtils.java:logGet(46)) - raft.grpc.server.install_snapshot.request.element-limit = 8 (default)
2023-08-25 08:51:34,722 [e3412ff5-1f34-4b2f-8351-e8decf81f5b3@group-FD0441190F8A-LeaderElection16] INFO  grpc.GrpcConfigKeys (ConfUtils.java:logGet(46)) - raft.grpc.server.install_snapshot.request.timeout = 3000ms (default)
2023-08-25 08:51:34,722 [e3412ff5-1f34-4b2f-8351-e8decf81f5b3@group-FD0441190F8A-LeaderElection16] INFO  server.RaftServerConfigKeys (ConfUtils.java:logGet(46)) - raft.server.log.appender.install.snapshot.enabled = false (custom)
2023-08-25 08:51:34,722 [e3412ff5-1f34-4b2f-8351-e8decf81f5b3@group-FD0441190F8A-LeaderElection16] INFO  grpc.GrpcConfigKeys (ConfUtils.java:logGet(46)) - raft.grpc.server.heartbeat.channel = true (default)
2023-08-25 08:51:34,722 [e3412ff5-1f34-4b2f-8351-e8decf81f5b3@group-FD0441190F8A-LeaderElection16] INFO  impl.RoleInfo (RoleInfo.java:updateAndGet(139)) - e3412ff5-1f34-4b2f-8351-e8decf81f5b3: start e3412ff5-1f34-4b2f-8351-e8decf81f5b3@group-FD0441190F8A-LeaderStateImpl
2023-08-25 08:51:34,723 [EventQueue-PipelineReportForPipelineReportHandler] INFO  pipeline.PipelineReportHandler (PipelineReportHandler.java:processPipelineReport(136)) - Opened pipeline PipelineID=107e6e47-b92c-4fc5-8804-fd0441190f8a
2023-08-25 08:51:34,723 [e3412ff5-1f34-4b2f-8351-e8decf81f5b3@group-FD0441190F8A-LeaderElection16] INFO  segmented.SegmentedRaftLogWorker (SegmentedRaftLogWorker.java:startLogSegment(447)) - e3412ff5-1f34-4b2f-8351-e8decf81f5b3@group-FD0441190F8A-SegmentedRaftLogWorker: Starting segment from index:0
2023-08-25 08:51:34,724 [e3412ff5-1f34-4b2f-8351-e8decf81f5b3@group-EAEBA5388B5B-LeaderElection17] INFO  impl.LeaderElection (LeaderElection.java:askForVotes(321)) - e3412ff5-1f34-4b2f-8351-e8decf81f5b3@group-EAEBA5388B5B-LeaderElection17 ELECTION round 0: submit vote requests at term 1 for -1: peers:[e3412ff5-1f34-4b2f-8351-e8decf81f5b3|rpc:10.1.0.19:15085|admin:10.1.0.19:15084|client:10.1.0.19:15083|dataStream:10.1.0.19:15086|priority:1|startupRole:FOLLOWER]|listeners:[], old=null
2023-08-25 08:51:34,724 [e3412ff5-1f34-4b2f-8351-e8decf81f5b3@group-EAEBA5388B5B-LeaderElection17] INFO  impl.LeaderElection (LeaderElection.java:askForVotes(323)) - e3412ff5-1f34-4b2f-8351-e8decf81f5b3@group-EAEBA5388B5B-LeaderElection17 ELECTION round 0: result PASSED (term=1)
2023-08-25 08:51:34,724 [e3412ff5-1f34-4b2f-8351-e8decf81f5b3@group-EAEBA5388B5B-LeaderElection17] INFO  impl.RoleInfo (RoleInfo.java:shutdownLeaderElection(130)) - e3412ff5-1f34-4b2f-8351-e8decf81f5b3: shutdown e3412ff5-1f34-4b2f-8351-e8decf81f5b3@group-EAEBA5388B5B-LeaderElection17
2023-08-25 08:51:34,724 [e3412ff5-1f34-4b2f-8351-e8decf81f5b3@group-EAEBA5388B5B-LeaderElection17] INFO  server.RaftServer$Division (RaftServerImpl.java:setRole(329)) - e3412ff5-1f34-4b2f-8351-e8decf81f5b3@group-EAEBA5388B5B: changes role from CANDIDATE to LEADER at term 1 for changeToLeader
2023-08-25 08:51:34,724 [e3412ff5-1f34-4b2f-8351-e8decf81f5b3@group-EAEBA5388B5B-LeaderElection17] INFO  ratis.XceiverServerRatis (XceiverServerRatis.java:handleLeaderChangedNotification(902)) - Leader change notification received for group: group-EAEBA5388B5B with new leaderId: e3412ff5-1f34-4b2f-8351-e8decf81f5b3
2023-08-25 08:51:34,725 [e3412ff5-1f34-4b2f-8351-e8decf81f5b3@group-FD0441190F8A-SegmentedRaftLogWorker] INFO  segmented.SegmentedRaftLogWorker (SegmentedRaftLogWorker.java:execute(651)) - e3412ff5-1f34-4b2f-8351-e8decf81f5b3@group-FD0441190F8A-SegmentedRaftLogWorker: created new log segment /home/runner/work/ozone/ozone/hadoop-ozone/integration-test/target/test-dir/MiniOzoneClusterImpl-7264bf39-beec-4c8a-bbdc-a469073ec634/datanode-2/data/ratis/107e6e47-b92c-4fc5-8804-fd0441190f8a/current/log_inprogress_0
2023-08-25 08:51:34,734 [e3412ff5-1f34-4b2f-8351-e8decf81f5b3@group-EAEBA5388B5B-LeaderElection17] INFO  server.RaftServer$Division (ServerState.java:setLeader(317)) - e3412ff5-1f34-4b2f-8351-e8decf81f5b3@group-EAEBA5388B5B: change Leader from null to e3412ff5-1f34-4b2f-8351-e8decf81f5b3 at term 1 for becomeLeader, leader elected after 5147ms
2023-08-25 08:51:34,734 [e3412ff5-1f34-4b2f-8351-e8decf81f5b3@group-EAEBA5388B5B-LeaderElection17] INFO  server.RaftServerConfigKeys (ConfUtils.java:logGet(46)) - raft.server.staging.catchup.gap = 1000 (default)
2023-08-25 08:51:34,734 [e3412ff5-1f34-4b2f-8351-e8decf81f5b3@group-EAEBA5388B5B-LeaderElection17] INFO  server.RaftServerConfigKeys (ConfUtils.java:logGet(46)) - raft.server.write.element-limit = 1024 (custom)
2023-08-25 08:51:34,734 [e3412ff5-1f34-4b2f-8351-e8decf81f5b3@group-EAEBA5388B5B-LeaderElection17] INFO  server.RaftServerConfigKeys (ConfUtils.java:logGet(46)) - raft.server.write.byte-limit = 1024 M (=1073741824) (custom)
2023-08-25 08:51:34,734 [e3412ff5-1f34-4b2f-8351-e8decf81f5b3@group-EAEBA5388B5B-LeaderElection17] INFO  server.RaftServerConfigKeys (ConfUtils.java:logGet(46)) - raft.server.watch.timeout = 180s (custom)
2023-08-25 08:51:34,734 [e3412ff5-1f34-4b2f-8351-e8decf81f5b3@group-EAEBA5388B5B-LeaderElection17] INFO  server.RaftServerConfigKeys (ConfUtils.java:logGet(46)) - raft.server.watch.timeout.denomination = 1s (default)
2023-08-25 08:51:34,734 [e3412ff5-1f34-4b2f-8351-e8decf81f5b3@group-EAEBA5388B5B-LeaderElection17] INFO  server.RaftServerConfigKeys (ConfUtils.java:logGet(46)) - raft.server.watch.element-limit = 65536 (default)
2023-08-25 08:51:34,734 [e3412ff5-1f34-4b2f-8351-e8decf81f5b3@group-EAEBA5388B5B-LeaderElection17] INFO  server.RaftServerConfigKeys (ConfUtils.java:logGet(46)) - raft.server.write.element-limit = 1024 (custom)
2023-08-25 08:51:34,734 [e3412ff5-1f34-4b2f-8351-e8decf81f5b3@group-EAEBA5388B5B-LeaderElection17] INFO  server.RaftServerConfigKeys (ConfUtils.java:logGet(46)) - raft.server.write.follower.gap.ratio.max = -1.0 (default)
2023-08-25 08:51:34,734 [e3412ff5-1f34-4b2f-8351-e8decf81f5b3@group-EAEBA5388B5B-LeaderElection17] INFO  impl.RoleInfo (RoleInfo.java:updateAndGet(139)) - e3412ff5-1f34-4b2f-8351-e8decf81f5b3: start e3412ff5-1f34-4b2f-8351-e8decf81f5b3@group-EAEBA5388B5B-LeaderStateImpl
2023-08-25 08:51:34,735 [e3412ff5-1f34-4b2f-8351-e8decf81f5b3@group-EAEBA5388B5B-LeaderElection17] INFO  segmented.SegmentedRaftLogWorker (SegmentedRaftLogWorker.java:startLogSegment(447)) - e3412ff5-1f34-4b2f-8351-e8decf81f5b3@group-EAEBA5388B5B-SegmentedRaftLogWorker: Starting segment from index:0
2023-08-25 08:51:34,736 [e3412ff5-1f34-4b2f-8351-e8decf81f5b3@group-FD0441190F8A-LeaderElection16] INFO  server.RaftServer$Division (ServerState.java:setRaftConf(434)) - e3412ff5-1f34-4b2f-8351-e8decf81f5b3@group-FD0441190F8A: set configuration 0: peers:[b786fb5c-5e67-4c82-ab21-01f7c3e13abe|rpc:10.1.0.19:15076|admin:10.1.0.19:15075|client:10.1.0.19:15074|dataStream:10.1.0.19:15077|priority:0|startupRole:FOLLOWER, a3e84a91-4099-49fb-b86e-4b39e7f57019|rpc:10.1.0.19:15067|admin:10.1.0.19:15066|client:10.1.0.19:15065|dataStream:10.1.0.19:15068|priority:0|startupRole:FOLLOWER, e3412ff5-1f34-4b2f-8351-e8decf81f5b3|rpc:10.1.0.19:15085|admin:10.1.0.19:15084|client:10.1.0.19:15083|dataStream:10.1.0.19:15086|priority:1|startupRole:FOLLOWER]|listeners:[], old=null
2023-08-25 08:51:34,741 [e3412ff5-1f34-4b2f-8351-e8decf81f5b3@group-EAEBA5388B5B-SegmentedRaftLogWorker] INFO  segmented.SegmentedRaftLogWorker (SegmentedRaftLogWorker.java:execute(651)) - e3412ff5-1f34-4b2f-8351-e8decf81f5b3@group-EAEBA5388B5B-SegmentedRaftLogWorker: created new log segment /home/runner/work/ozone/ozone/hadoop-ozone/integration-test/target/test-dir/MiniOzoneClusterImpl-7264bf39-beec-4c8a-bbdc-a469073ec634/datanode-2/data/ratis/2ec6f0b0-5bea-45c4-87d5-eaeba5388b5b/current/log_inprogress_0
2023-08-25 08:51:34,748 [e3412ff5-1f34-4b2f-8351-e8decf81f5b3@group-EAEBA5388B5B-LeaderElection17] INFO  server.RaftServer$Division (ServerState.java:setRaftConf(434)) - e3412ff5-1f34-4b2f-8351-e8decf81f5b3@group-EAEBA5388B5B: set configuration 0: peers:[e3412ff5-1f34-4b2f-8351-e8decf81f5b3|rpc:10.1.0.19:15085|admin:10.1.0.19:15084|client:10.1.0.19:15083|dataStream:10.1.0.19:15086|priority:1|startupRole:FOLLOWER]|listeners:[], old=null
2023-08-25 08:51:34,761 [b786fb5c-5e67-4c82-ab21-01f7c3e13abe-server-thread1] INFO  ratis.XceiverServerRatis (XceiverServerRatis.java:handleLeaderChangedNotification(902)) - Leader change notification received for group: group-FD0441190F8A with new leaderId: e3412ff5-1f34-4b2f-8351-e8decf81f5b3
2023-08-25 08:51:34,761 [b786fb5c-5e67-4c82-ab21-01f7c3e13abe-server-thread1] INFO  server.RaftServer$Division (ServerState.java:setLeader(317)) - b786fb5c-5e67-4c82-ab21-01f7c3e13abe@group-FD0441190F8A: change Leader from null to e3412ff5-1f34-4b2f-8351-e8decf81f5b3 at term 1 for appendEntries, leader elected after 5682ms
2023-08-25 08:51:34,762 [a3e84a91-4099-49fb-b86e-4b39e7f57019-server-thread1] INFO  ratis.XceiverServerRatis (XceiverServerRatis.java:handleLeaderChangedNotification(902)) - Leader change notification received for group: group-FD0441190F8A with new leaderId: e3412ff5-1f34-4b2f-8351-e8decf81f5b3
2023-08-25 08:51:34,762 [a3e84a91-4099-49fb-b86e-4b39e7f57019-server-thread1] INFO  server.RaftServer$Division (ServerState.java:setLeader(317)) - a3e84a91-4099-49fb-b86e-4b39e7f57019@group-FD0441190F8A: change Leader from null to e3412ff5-1f34-4b2f-8351-e8decf81f5b3 at term 1 for appendEntries, leader elected after 5723ms
2023-08-25 08:51:34,765 [a3e84a91-4099-49fb-b86e-4b39e7f57019-server-thread2] INFO  server.RaftServer$Division (ServerState.java:setRaftConf(434)) - a3e84a91-4099-49fb-b86e-4b39e7f57019@group-FD0441190F8A: set configuration 0: peers:[b786fb5c-5e67-4c82-ab21-01f7c3e13abe|rpc:10.1.0.19:15076|admin:10.1.0.19:15075|client:10.1.0.19:15074|dataStream:10.1.0.19:15077|priority:0|startupRole:FOLLOWER, a3e84a91-4099-49fb-b86e-4b39e7f57019|rpc:10.1.0.19:15067|admin:10.1.0.19:15066|client:10.1.0.19:15065|dataStream:10.1.0.19:15068|priority:0|startupRole:FOLLOWER, e3412ff5-1f34-4b2f-8351-e8decf81f5b3|rpc:10.1.0.19:15085|admin:10.1.0.19:15084|client:10.1.0.19:15083|dataStream:10.1.0.19:15086|priority:1|startupRole:FOLLOWER]|listeners:[], old=null
2023-08-25 08:51:34,767 [b786fb5c-5e67-4c82-ab21-01f7c3e13abe-server-thread3] INFO  server.RaftServer$Division (ServerState.java:setRaftConf(434)) - b786fb5c-5e67-4c82-ab21-01f7c3e13abe@group-FD0441190F8A: set configuration 0: peers:[b786fb5c-5e67-4c82-ab21-01f7c3e13abe|rpc:10.1.0.19:15076|admin:10.1.0.19:15075|client:10.1.0.19:15074|dataStream:10.1.0.19:15077|priority:0|startupRole:FOLLOWER, a3e84a91-4099-49fb-b86e-4b39e7f57019|rpc:10.1.0.19:15067|admin:10.1.0.19:15066|client:10.1.0.19:15065|dataStream:10.1.0.19:15068|priority:0|startupRole:FOLLOWER, e3412ff5-1f34-4b2f-8351-e8decf81f5b3|rpc:10.1.0.19:15085|admin:10.1.0.19:15084|client:10.1.0.19:15083|dataStream:10.1.0.19:15086|priority:1|startupRole:FOLLOWER]|listeners:[], old=null
2023-08-25 08:51:34,767 [b786fb5c-5e67-4c82-ab21-01f7c3e13abe-server-thread3] INFO  segmented.SegmentedRaftLogWorker (SegmentedRaftLogWorker.java:startLogSegment(447)) - b786fb5c-5e67-4c82-ab21-01f7c3e13abe@group-FD0441190F8A-SegmentedRaftLogWorker: Starting segment from index:0
2023-08-25 08:51:34,769 [b786fb5c-5e67-4c82-ab21-01f7c3e13abe@group-FD0441190F8A-SegmentedRaftLogWorker] INFO  segmented.SegmentedRaftLogWorker (SegmentedRaftLogWorker.java:execute(651)) - b786fb5c-5e67-4c82-ab21-01f7c3e13abe@group-FD0441190F8A-SegmentedRaftLogWorker: created new log segment /home/runner/work/ozone/ozone/hadoop-ozone/integration-test/target/test-dir/MiniOzoneClusterImpl-7264bf39-beec-4c8a-bbdc-a469073ec634/datanode-1/data/ratis/107e6e47-b92c-4fc5-8804-fd0441190f8a/current/log_inprogress_0
2023-08-25 08:51:34,769 [a3e84a91-4099-49fb-b86e-4b39e7f57019-server-thread2] INFO  segmented.SegmentedRaftLogWorker (SegmentedRaftLogWorker.java:startLogSegment(447)) - a3e84a91-4099-49fb-b86e-4b39e7f57019@group-FD0441190F8A-SegmentedRaftLogWorker: Starting segment from index:0
2023-08-25 08:51:34,771 [a3e84a91-4099-49fb-b86e-4b39e7f57019@group-FD0441190F8A-SegmentedRaftLogWorker] INFO  segmented.SegmentedRaftLogWorker (SegmentedRaftLogWorker.java:execute(651)) - a3e84a91-4099-49fb-b86e-4b39e7f57019@group-FD0441190F8A-SegmentedRaftLogWorker: created new log segment /home/runner/work/ozone/ozone/hadoop-ozone/integration-test/target/test-dir/MiniOzoneClusterImpl-7264bf39-beec-4c8a-bbdc-a469073ec634/datanode-0/data/ratis/107e6e47-b92c-4fc5-8804-fd0441190f8a/current/log_inprogress_0
2023-08-25 08:51:34,933 [2dba85f2-5c78-4a39-bcb4-575db37e64e5@group-E365909E19AD-FollowerState] INFO  impl.FollowerState (FollowerState.java:run(143)) - 2dba85f2-5c78-4a39-bcb4-575db37e64e5@group-E365909E19AD-FollowerState: change to CANDIDATE, lastRpcElapsedTime:5003747253ns, electionTimeout:5003ms
2023-08-25 08:51:34,933 [2dba85f2-5c78-4a39-bcb4-575db37e64e5@group-E365909E19AD-FollowerState] INFO  impl.RoleInfo (RoleInfo.java:shutdownFollowerState(110)) - 2dba85f2-5c78-4a39-bcb4-575db37e64e5: shutdown 2dba85f2-5c78-4a39-bcb4-575db37e64e5@group-E365909E19AD-FollowerState
2023-08-25 08:51:34,933 [2dba85f2-5c78-4a39-bcb4-575db37e64e5@group-E365909E19AD-FollowerState] INFO  server.RaftServer$Division (RaftServerImpl.java:setRole(329)) - 2dba85f2-5c78-4a39-bcb4-575db37e64e5@group-E365909E19AD: changes role from  FOLLOWER to CANDIDATE at term 0 for changeToCandidate
2023-08-25 08:51:34,935 [2dba85f2-5c78-4a39-bcb4-575db37e64e5@group-E365909E19AD-FollowerState] INFO  server.RaftServerConfigKeys (ConfUtils.java:logGet(46)) - raft.server.leaderelection.pre-vote = true (default)
2023-08-25 08:51:34,935 [2dba85f2-5c78-4a39-bcb4-575db37e64e5@group-E365909E19AD-FollowerState] INFO  impl.RoleInfo (RoleInfo.java:updateAndGet(139)) - 2dba85f2-5c78-4a39-bcb4-575db37e64e5: start 2dba85f2-5c78-4a39-bcb4-575db37e64e5@group-E365909E19AD-LeaderElection18
2023-08-25 08:51:34,937 [2dba85f2-5c78-4a39-bcb4-575db37e64e5@group-E365909E19AD-LeaderElection18] INFO  impl.LeaderElection (LeaderElection.java:askForVotes(321)) - 2dba85f2-5c78-4a39-bcb4-575db37e64e5@group-E365909E19AD-LeaderElection18 PRE_VOTE round 0: submit vote requests at term 0 for -1: peers:[2dba85f2-5c78-4a39-bcb4-575db37e64e5|rpc:10.1.0.19:15094|admin:10.1.0.19:15093|client:10.1.0.19:15092|dataStream:10.1.0.19:15095|priority:1|startupRole:FOLLOWER]|listeners:[], old=null
2023-08-25 08:51:34,937 [2dba85f2-5c78-4a39-bcb4-575db37e64e5@group-E365909E19AD-LeaderElection18] INFO  impl.LeaderElection (LeaderElection.java:askForVotes(323)) - 2dba85f2-5c78-4a39-bcb4-575db37e64e5@group-E365909E19AD-LeaderElection18 PRE_VOTE round 0: result PASSED (term=0)
2023-08-25 08:51:34,939 [2dba85f2-5c78-4a39-bcb4-575db37e64e5@group-E365909E19AD-LeaderElection18] INFO  impl.LeaderElection (LeaderElection.java:askForVotes(321)) - 2dba85f2-5c78-4a39-bcb4-575db37e64e5@group-E365909E19AD-LeaderElection18 ELECTION round 0: submit vote requests at term 1 for -1: peers:[2dba85f2-5c78-4a39-bcb4-575db37e64e5|rpc:10.1.0.19:15094|admin:10.1.0.19:15093|client:10.1.0.19:15092|dataStream:10.1.0.19:15095|priority:1|startupRole:FOLLOWER]|listeners:[], old=null
2023-08-25 08:51:34,939 [2dba85f2-5c78-4a39-bcb4-575db37e64e5@group-E365909E19AD-LeaderElection18] INFO  impl.LeaderElection (LeaderElection.java:askForVotes(323)) - 2dba85f2-5c78-4a39-bcb4-575db37e64e5@group-E365909E19AD-LeaderElection18 ELECTION round 0: result PASSED (term=1)
2023-08-25 08:51:34,939 [2dba85f2-5c78-4a39-bcb4-575db37e64e5@group-E365909E19AD-LeaderElection18] INFO  impl.RoleInfo (RoleInfo.java:shutdownLeaderElection(130)) - 2dba85f2-5c78-4a39-bcb4-575db37e64e5: shutdown 2dba85f2-5c78-4a39-bcb4-575db37e64e5@group-E365909E19AD-LeaderElection18
2023-08-25 08:51:34,939 [2dba85f2-5c78-4a39-bcb4-575db37e64e5@group-E365909E19AD-LeaderElection18] INFO  server.RaftServer$Division (RaftServerImpl.java:setRole(329)) - 2dba85f2-5c78-4a39-bcb4-575db37e64e5@group-E365909E19AD: changes role from CANDIDATE to LEADER at term 1 for changeToLeader
2023-08-25 08:51:34,939 [2dba85f2-5c78-4a39-bcb4-575db37e64e5@group-E365909E19AD-LeaderElection18] INFO  ratis.XceiverServerRatis (XceiverServerRatis.java:handleLeaderChangedNotification(902)) - Leader change notification received for group: group-E365909E19AD with new leaderId: 2dba85f2-5c78-4a39-bcb4-575db37e64e5
2023-08-25 08:51:34,940 [2dba85f2-5c78-4a39-bcb4-575db37e64e5@group-E365909E19AD-LeaderElection18] INFO  server.RaftServer$Division (ServerState.java:setLeader(317)) - 2dba85f2-5c78-4a39-bcb4-575db37e64e5@group-E365909E19AD: change Leader from null to 2dba85f2-5c78-4a39-bcb4-575db37e64e5 at term 1 for becomeLeader, leader elected after 5031ms
2023-08-25 08:51:34,940 [2dba85f2-5c78-4a39-bcb4-575db37e64e5@group-E365909E19AD-LeaderElection18] INFO  server.RaftServerConfigKeys (ConfUtils.java:logGet(46)) - raft.server.staging.catchup.gap = 1000 (default)
2023-08-25 08:51:34,940 [2dba85f2-5c78-4a39-bcb4-575db37e64e5@group-E365909E19AD-LeaderElection18] INFO  server.RaftServerConfigKeys (ConfUtils.java:logGet(46)) - raft.server.write.element-limit = 1024 (custom)
2023-08-25 08:51:34,940 [2dba85f2-5c78-4a39-bcb4-575db37e64e5@group-E365909E19AD-LeaderElection18] INFO  server.RaftServerConfigKeys (ConfUtils.java:logGet(46)) - raft.server.write.byte-limit = 1024 M (=1073741824) (custom)
2023-08-25 08:51:34,945 [2dba85f2-5c78-4a39-bcb4-575db37e64e5@group-E365909E19AD-LeaderElection18] INFO  server.RaftServerConfigKeys (ConfUtils.java:logGet(46)) - raft.server.watch.timeout = 180s (custom)
2023-08-25 08:51:34,945 [2dba85f2-5c78-4a39-bcb4-575db37e64e5@group-E365909E19AD-LeaderElection18] INFO  server.RaftServerConfigKeys (ConfUtils.java:logGet(46)) - raft.server.watch.timeout.denomination = 1s (default)
2023-08-25 08:51:34,945 [2dba85f2-5c78-4a39-bcb4-575db37e64e5@group-E365909E19AD-LeaderElection18] INFO  server.RaftServerConfigKeys (ConfUtils.java:logGet(46)) - raft.server.watch.element-limit = 65536 (default)
2023-08-25 08:51:34,945 [2dba85f2-5c78-4a39-bcb4-575db37e64e5@group-E365909E19AD-LeaderElection18] INFO  server.RaftServerConfigKeys (ConfUtils.java:logGet(46)) - raft.server.write.element-limit = 1024 (custom)
2023-08-25 08:51:34,945 [2dba85f2-5c78-4a39-bcb4-575db37e64e5@group-E365909E19AD-LeaderElection18] INFO  server.RaftServerConfigKeys (ConfUtils.java:logGet(46)) - raft.server.write.follower.gap.ratio.max = -1.0 (default)
2023-08-25 08:51:34,945 [2dba85f2-5c78-4a39-bcb4-575db37e64e5@group-E365909E19AD-LeaderElection18] INFO  impl.RoleInfo (RoleInfo.java:updateAndGet(139)) - 2dba85f2-5c78-4a39-bcb4-575db37e64e5: start 2dba85f2-5c78-4a39-bcb4-575db37e64e5@group-E365909E19AD-LeaderStateImpl
2023-08-25 08:51:34,946 [2dba85f2-5c78-4a39-bcb4-575db37e64e5@group-E365909E19AD-LeaderElection18] INFO  segmented.SegmentedRaftLogWorker (SegmentedRaftLogWorker.java:startLogSegment(447)) - 2dba85f2-5c78-4a39-bcb4-575db37e64e5@group-E365909E19AD-SegmentedRaftLogWorker: Starting segment from index:0
2023-08-25 08:51:34,948 [2dba85f2-5c78-4a39-bcb4-575db37e64e5@group-E365909E19AD-SegmentedRaftLogWorker] INFO  segmented.SegmentedRaftLogWorker (SegmentedRaftLogWorker.java:execute(651)) - 2dba85f2-5c78-4a39-bcb4-575db37e64e5@group-E365909E19AD-SegmentedRaftLogWorker: created new log segment /home/runner/work/ozone/ozone/hadoop-ozone/integration-test/target/test-dir/MiniOzoneClusterImpl-7264bf39-beec-4c8a-bbdc-a469073ec634/datanode-3/data/ratis/d4e8f10c-aca5-4a4d-8ef2-e365909e19ad/current/log_inprogress_0
2023-08-25 08:51:34,953 [2dba85f2-5c78-4a39-bcb4-575db37e64e5@group-E365909E19AD-LeaderElection18] INFO  server.RaftServer$Division (ServerState.java:setRaftConf(434)) - 2dba85f2-5c78-4a39-bcb4-575db37e64e5@group-E365909E19AD: set configuration 0: peers:[2dba85f2-5c78-4a39-bcb4-575db37e64e5|rpc:10.1.0.19:15094|admin:10.1.0.19:15093|client:10.1.0.19:15092|dataStream:10.1.0.19:15095|priority:1|startupRole:FOLLOWER]|listeners:[], old=null
2023-08-25 08:51:35,301 [0e5a7e70-4bad-4e07-bed3-bc8780d50e71@group-4F5C45291203-FollowerState] INFO  impl.FollowerState (FollowerState.java:run(143)) - 0e5a7e70-4bad-4e07-bed3-bc8780d50e71@group-4F5C45291203-FollowerState: change to CANDIDATE, lastRpcElapsedTime:5069087517ns, electionTimeout:5065ms
2023-08-25 08:51:35,302 [0e5a7e70-4bad-4e07-bed3-bc8780d50e71@group-4F5C45291203-FollowerState] INFO  impl.RoleInfo (RoleInfo.java:shutdownFollowerState(110)) - 0e5a7e70-4bad-4e07-bed3-bc8780d50e71: shutdown 0e5a7e70-4bad-4e07-bed3-bc8780d50e71@group-4F5C45291203-FollowerState
2023-08-25 08:51:35,302 [0e5a7e70-4bad-4e07-bed3-bc8780d50e71@group-4F5C45291203-FollowerState] INFO  server.RaftServer$Division (RaftServerImpl.java:setRole(329)) - 0e5a7e70-4bad-4e07-bed3-bc8780d50e71@group-4F5C45291203: changes role from  FOLLOWER to CANDIDATE at term 0 for changeToCandidate
2023-08-25 08:51:35,303 [0e5a7e70-4bad-4e07-bed3-bc8780d50e71@group-4F5C45291203-FollowerState] INFO  server.RaftServerConfigKeys (ConfUtils.java:logGet(46)) - raft.server.leaderelection.pre-vote = true (default)
2023-08-25 08:51:35,303 [0e5a7e70-4bad-4e07-bed3-bc8780d50e71@group-4F5C45291203-FollowerState] INFO  impl.RoleInfo (RoleInfo.java:updateAndGet(139)) - 0e5a7e70-4bad-4e07-bed3-bc8780d50e71: start 0e5a7e70-4bad-4e07-bed3-bc8780d50e71@group-4F5C45291203-LeaderElection19
2023-08-25 08:51:35,305 [0e5a7e70-4bad-4e07-bed3-bc8780d50e71@group-4F5C45291203-LeaderElection19] INFO  impl.LeaderElection (LeaderElection.java:askForVotes(321)) - 0e5a7e70-4bad-4e07-bed3-bc8780d50e71@group-4F5C45291203-LeaderElection19 PRE_VOTE round 0: submit vote requests at term 0 for -1: peers:[0e5a7e70-4bad-4e07-bed3-bc8780d50e71|rpc:10.1.0.19:15103|admin:10.1.0.19:15102|client:10.1.0.19:15101|dataStream:10.1.0.19:15104|priority:1|startupRole:FOLLOWER]|listeners:[], old=null
2023-08-25 08:51:35,305 [0e5a7e70-4bad-4e07-bed3-bc8780d50e71@group-4F5C45291203-LeaderElection19] INFO  impl.LeaderElection (LeaderElection.java:askForVotes(323)) - 0e5a7e70-4bad-4e07-bed3-bc8780d50e71@group-4F5C45291203-LeaderElection19 PRE_VOTE round 0: result PASSED (term=0)
2023-08-25 08:51:35,306 [0e5a7e70-4bad-4e07-bed3-bc8780d50e71@group-4F5C45291203-LeaderElection19] INFO  impl.LeaderElection (LeaderElection.java:askForVotes(321)) - 0e5a7e70-4bad-4e07-bed3-bc8780d50e71@group-4F5C45291203-LeaderElection19 ELECTION round 0: submit vote requests at term 1 for -1: peers:[0e5a7e70-4bad-4e07-bed3-bc8780d50e71|rpc:10.1.0.19:15103|admin:10.1.0.19:15102|client:10.1.0.19:15101|dataStream:10.1.0.19:15104|priority:1|startupRole:FOLLOWER]|listeners:[], old=null
2023-08-25 08:51:35,306 [0e5a7e70-4bad-4e07-bed3-bc8780d50e71@group-4F5C45291203-LeaderElection19] INFO  impl.LeaderElection (LeaderElection.java:askForVotes(323)) - 0e5a7e70-4bad-4e07-bed3-bc8780d50e71@group-4F5C45291203-LeaderElection19 ELECTION round 0: result PASSED (term=1)
2023-08-25 08:51:35,306 [0e5a7e70-4bad-4e07-bed3-bc8780d50e71@group-4F5C45291203-LeaderElection19] INFO  impl.RoleInfo (RoleInfo.java:shutdownLeaderElection(130)) - 0e5a7e70-4bad-4e07-bed3-bc8780d50e71: shutdown 0e5a7e70-4bad-4e07-bed3-bc8780d50e71@group-4F5C45291203-LeaderElection19
2023-08-25 08:51:35,306 [0e5a7e70-4bad-4e07-bed3-bc8780d50e71@group-4F5C45291203-LeaderElection19] INFO  server.RaftServer$Division (RaftServerImpl.java:setRole(329)) - 0e5a7e70-4bad-4e07-bed3-bc8780d50e71@group-4F5C45291203: changes role from CANDIDATE to LEADER at term 1 for changeToLeader
2023-08-25 08:51:35,306 [0e5a7e70-4bad-4e07-bed3-bc8780d50e71@group-4F5C45291203-LeaderElection19] INFO  ratis.XceiverServerRatis (XceiverServerRatis.java:handleLeaderChangedNotification(902)) - Leader change notification received for group: group-4F5C45291203 with new leaderId: 0e5a7e70-4bad-4e07-bed3-bc8780d50e71
2023-08-25 08:51:35,307 [0e5a7e70-4bad-4e07-bed3-bc8780d50e71@group-4F5C45291203-LeaderElection19] INFO  server.RaftServer$Division (ServerState.java:setLeader(317)) - 0e5a7e70-4bad-4e07-bed3-bc8780d50e71@group-4F5C45291203: change Leader from null to 0e5a7e70-4bad-4e07-bed3-bc8780d50e71 at term 1 for becomeLeader, leader elected after 5092ms
2023-08-25 08:51:35,307 [0e5a7e70-4bad-4e07-bed3-bc8780d50e71@group-4F5C45291203-LeaderElection19] INFO  server.RaftServerConfigKeys (ConfUtils.java:logGet(46)) - raft.server.staging.catchup.gap = 1000 (default)
2023-08-25 08:51:35,307 [0e5a7e70-4bad-4e07-bed3-bc8780d50e71@group-4F5C45291203-LeaderElection19] INFO  server.RaftServerConfigKeys (ConfUtils.java:logGet(46)) - raft.server.write.element-limit = 1024 (custom)
2023-08-25 08:51:35,307 [0e5a7e70-4bad-4e07-bed3-bc8780d50e71@group-4F5C45291203-LeaderElection19] INFO  server.RaftServerConfigKeys (ConfUtils.java:logGet(46)) - raft.server.write.byte-limit = 1024 M (=1073741824) (custom)
2023-08-25 08:51:35,307 [0e5a7e70-4bad-4e07-bed3-bc8780d50e71@group-4F5C45291203-LeaderElection19] INFO  server.RaftServerConfigKeys (ConfUtils.java:logGet(46)) - raft.server.watch.timeout = 180s (custom)
2023-08-25 08:51:35,307 [0e5a7e70-4bad-4e07-bed3-bc8780d50e71@group-4F5C45291203-LeaderElection19] INFO  server.RaftServerConfigKeys (ConfUtils.java:logGet(46)) - raft.server.watch.timeout.denomination = 1s (default)
2023-08-25 08:51:35,308 [0e5a7e70-4bad-4e07-bed3-bc8780d50e71@group-4F5C45291203-LeaderElection19] INFO  server.RaftServerConfigKeys (ConfUtils.java:logGet(46)) - raft.server.watch.element-limit = 65536 (default)
2023-08-25 08:51:35,308 [0e5a7e70-4bad-4e07-bed3-bc8780d50e71@group-4F5C45291203-LeaderElection19] INFO  server.RaftServerConfigKeys (ConfUtils.java:logGet(46)) - raft.server.write.element-limit = 1024 (custom)
2023-08-25 08:51:35,308 [0e5a7e70-4bad-4e07-bed3-bc8780d50e71@group-4F5C45291203-LeaderElection19] INFO  server.RaftServerConfigKeys (ConfUtils.java:logGet(46)) - raft.server.write.follower.gap.ratio.max = -1.0 (default)
2023-08-25 08:51:35,308 [0e5a7e70-4bad-4e07-bed3-bc8780d50e71@group-4F5C45291203-LeaderElection19] INFO  impl.RoleInfo (RoleInfo.java:updateAndGet(139)) - 0e5a7e70-4bad-4e07-bed3-bc8780d50e71: start 0e5a7e70-4bad-4e07-bed3-bc8780d50e71@group-4F5C45291203-LeaderStateImpl
2023-08-25 08:51:35,308 [0e5a7e70-4bad-4e07-bed3-bc8780d50e71@group-4F5C45291203-LeaderElection19] INFO  segmented.SegmentedRaftLogWorker (SegmentedRaftLogWorker.java:startLogSegment(447)) - 0e5a7e70-4bad-4e07-bed3-bc8780d50e71@group-4F5C45291203-SegmentedRaftLogWorker: Starting segment from index:0
2023-08-25 08:51:35,310 [0e5a7e70-4bad-4e07-bed3-bc8780d50e71@group-4F5C45291203-LeaderElection19] INFO  server.RaftServer$Division (ServerState.java:setRaftConf(434)) - 0e5a7e70-4bad-4e07-bed3-bc8780d50e71@group-4F5C45291203: set configuration 0: peers:[0e5a7e70-4bad-4e07-bed3-bc8780d50e71|rpc:10.1.0.19:15103|admin:10.1.0.19:15102|client:10.1.0.19:15101|dataStream:10.1.0.19:15104|priority:1|startupRole:FOLLOWER]|listeners:[], old=null
2023-08-25 08:51:35,311 [0e5a7e70-4bad-4e07-bed3-bc8780d50e71@group-4F5C45291203-SegmentedRaftLogWorker] INFO  segmented.SegmentedRaftLogWorker (SegmentedRaftLogWorker.java:execute(651)) - 0e5a7e70-4bad-4e07-bed3-bc8780d50e71@group-4F5C45291203-SegmentedRaftLogWorker: created new log segment /home/runner/work/ozone/ozone/hadoop-ozone/integration-test/target/test-dir/MiniOzoneClusterImpl-7264bf39-beec-4c8a-bbdc-a469073ec634/datanode-4/data/ratis/85d65a51-6536-4c1e-991c-4f5c45291203/current/log_inprogress_0
2023-08-25 08:51:35,410 [ReplicationMonitor] INFO  replication.ReplicationManager (ReplicationManager.java:processAll(361)) - Replication Manager is not ready to run until 3000ms after safemode exit
2023-08-25 08:51:36,410 [ReplicationMonitor] INFO  replication.ReplicationManager (ReplicationManager.java:processAll(361)) - Replication Manager is not ready to run until 3000ms after safemode exit
2023-08-25 08:51:37,411 [ReplicationMonitor] INFO  replication.ReplicationManager (ReplicationManager.java:sendDatanodeCommand(669)) - Sending command [closeContainerCommand: containerID: 1, pipelineID: PipelineID=e255e297-f576-47c6-be75-8568cf4000d9, force: false] for container ContainerInfo{id=#1, state=CLOSING, stateEnterTime=2023-08-25T08:51:34.590Z, pipelineID=PipelineID=e255e297-f576-47c6-be75-8568cf4000d9, owner=om1} to b786fb5c-5e67-4c82-ab21-01f7c3e13abe(fv-az584-689.msjcyvhqqs1uvpg4fm53wptgqc.jx.internal.cloudapp.net/10.1.0.19) with datanode deadline 1692954067411 and scm deadline 1692954097411
2023-08-25 08:51:37,411 [ReplicationMonitor] INFO  replication.ReplicationManager (ReplicationManager.java:sendDatanodeCommand(669)) - Sending command [closeContainerCommand: containerID: 1, pipelineID: PipelineID=e255e297-f576-47c6-be75-8568cf4000d9, force: false] for container ContainerInfo{id=#1, state=CLOSING, stateEnterTime=2023-08-25T08:51:34.590Z, pipelineID=PipelineID=e255e297-f576-47c6-be75-8568cf4000d9, owner=om1} to e3412ff5-1f34-4b2f-8351-e8decf81f5b3(fv-az584-689.msjcyvhqqs1uvpg4fm53wptgqc.jx.internal.cloudapp.net/10.1.0.19) with datanode deadline 1692954067411 and scm deadline 1692954097411
2023-08-25 08:51:37,411 [ReplicationMonitor] INFO  replication.ReplicationManager (ReplicationManager.java:sendDatanodeCommand(669)) - Sending command [closeContainerCommand: containerID: 1, pipelineID: PipelineID=e255e297-f576-47c6-be75-8568cf4000d9, force: false] for container ContainerInfo{id=#1, state=CLOSING, stateEnterTime=2023-08-25T08:51:34.590Z, pipelineID=PipelineID=e255e297-f576-47c6-be75-8568cf4000d9, owner=om1} to a3e84a91-4099-49fb-b86e-4b39e7f57019(fv-az584-689.msjcyvhqqs1uvpg4fm53wptgqc.jx.internal.cloudapp.net/10.1.0.19) with datanode deadline 1692954067411 and scm deadline 1692954097411
2023-08-25 08:51:37,411 [ReplicationMonitor] INFO  replication.ReplicationManager (ReplicationManager.java:processAll(389)) - Replication Monitor Thread took 0 milliseconds for processing 1 containers.
2023-08-25 08:51:37,541 [ContainerOp-e255e297-f576-47c6-be75-8568cf4000d9-2] INFO  keyvalue.KeyValueContainer (KeyValueContainer.java:flushAndSyncDB(484)) - Container 1 is synced with bcsId 2.
2023-08-25 08:51:37,541 [ContainerOp-e255e297-f576-47c6-be75-8568cf4000d9-2] INFO  keyvalue.KeyValueContainer (KeyValueContainer.java:flushAndSyncDB(484)) - Container 1 is synced with bcsId 2.
2023-08-25 08:51:37,546 [ContainerOp-e255e297-f576-47c6-be75-8568cf4000d9-2] INFO  keyvalue.KeyValueContainer (KeyValueContainer.java:close(399)) - Container 1 is closed with bcsId 2.
2023-08-25 08:51:37,554 [FixedThreadPoolWithAffinityExecutor-8-0] INFO  container.IncrementalContainerReportHandler (AbstractContainerReportHandler.java:updateContainerState(312)) - Moving container #1 to CLOSED state, datanode a3e84a91-4099-49fb-b86e-4b39e7f57019(fv-az584-689.msjcyvhqqs1uvpg4fm53wptgqc.jx.internal.cloudapp.net/10.1.0.19) reported CLOSED replica with index 0.
2023-08-25 08:51:37,556 [ContainerOp-e255e297-f576-47c6-be75-8568cf4000d9-2] INFO  keyvalue.KeyValueContainer (KeyValueContainer.java:flushAndSyncDB(484)) - Container 1 is synced with bcsId 2.
2023-08-25 08:51:37,556 [ContainerOp-e255e297-f576-47c6-be75-8568cf4000d9-2] INFO  keyvalue.KeyValueContainer (KeyValueContainer.java:flushAndSyncDB(484)) - Container 1 is synced with bcsId 2.
2023-08-25 08:51:37,563 [ContainerOp-e255e297-f576-47c6-be75-8568cf4000d9-2] INFO  keyvalue.KeyValueContainer (KeyValueContainer.java:close(399)) - Container 1 is closed with bcsId 2.
2023-08-25 08:51:37,564 [ContainerOp-e255e297-f576-47c6-be75-8568cf4000d9-2] INFO  keyvalue.KeyValueContainer (KeyValueContainer.java:flushAndSyncDB(484)) - Container 1 is synced with bcsId 2.
2023-08-25 08:51:37,565 [ContainerOp-e255e297-f576-47c6-be75-8568cf4000d9-2] INFO  keyvalue.KeyValueContainer (KeyValueContainer.java:flushAndSyncDB(484)) - Container 1 is synced with bcsId 2.
2023-08-25 08:51:37,568 [ContainerOp-e255e297-f576-47c6-be75-8568cf4000d9-2] INFO  keyvalue.KeyValueContainer (KeyValueContainer.java:close(399)) - Container 1 is closed with bcsId 2.
2023-08-25 08:51:37,592 [Time-limited test] INFO  ozoneimpl.OzoneContainer (OzoneContainer.java:stop(451)) - Attempting to stop container services.
2023-08-25 08:51:37,593 [Time-limited test] INFO  server.RaftServer (RaftServerProxy.java:lambda$close$6(416)) - b786fb5c-5e67-4c82-ab21-01f7c3e13abe: close
2023-08-25 08:51:37,593 [b786fb5c-5e67-4c82-ab21-01f7c3e13abe-impl-thread1] INFO  server.RaftServer$Division (RaftServerImpl.java:lambda$close$4(466)) - b786fb5c-5e67-4c82-ab21-01f7c3e13abe@group-17B64EFC06D6: shutdown
2023-08-25 08:51:37,593 [b786fb5c-5e67-4c82-ab21-01f7c3e13abe-impl-thread1] INFO  util.JmxRegister (JmxRegister.java:unregister(73)) - Successfully un-registered JMX Bean with object name Ratis:service=RaftServer,group=group-17B64EFC06D6,id=b786fb5c-5e67-4c82-ab21-01f7c3e13abe
2023-08-25 08:51:37,593 [b786fb5c-5e67-4c82-ab21-01f7c3e13abe-impl-thread1] INFO  impl.RoleInfo (RoleInfo.java:shutdownLeaderState(93)) - b786fb5c-5e67-4c82-ab21-01f7c3e13abe: shutdown b786fb5c-5e67-4c82-ab21-01f7c3e13abe@group-17B64EFC06D6-LeaderStateImpl
2023-08-25 08:51:37,593 [b786fb5c-5e67-4c82-ab21-01f7c3e13abe-impl-thread1] INFO  impl.PendingRequests (PendingRequests.java:sendNotLeaderResponses(289)) - b786fb5c-5e67-4c82-ab21-01f7c3e13abe@group-17B64EFC06D6-PendingRequests: sendNotLeaderResponses
2023-08-25 08:51:37,594 [b786fb5c-5e67-4c82-ab21-01f7c3e13abe-impl-thread1] INFO  impl.StateMachineUpdater (StateMachineUpdater.java:stopAndJoin(155)) - b786fb5c-5e67-4c82-ab21-01f7c3e13abe@group-17B64EFC06D6-StateMachineUpdater: set stopIndex = 0
2023-08-25 08:51:37,594 [b786fb5c-5e67-4c82-ab21-01f7c3e13abe-impl-thread2] INFO  server.RaftServer$Division (RaftServerImpl.java:lambda$close$4(466)) - b786fb5c-5e67-4c82-ab21-01f7c3e13abe@group-FD0441190F8A: shutdown
2023-08-25 08:51:37,594 [b786fb5c-5e67-4c82-ab21-01f7c3e13abe@group-17B64EFC06D6-StateMachineUpdater] INFO  ratis.ContainerStateMachine (ContainerStateMachine.java:takeSnapshot(330)) - group-17B64EFC06D6: Taking a snapshot at:(t:1, i:0) file /home/runner/work/ozone/ozone/hadoop-ozone/integration-test/target/test-dir/MiniOzoneClusterImpl-7264bf39-beec-4c8a-bbdc-a469073ec634/datanode-1/data/ratis/2e32392c-10ef-4930-8a1d-17b64efc06d6/sm/snapshot.1_0
2023-08-25 08:51:37,594 [b786fb5c-5e67-4c82-ab21-01f7c3e13abe-impl-thread2] INFO  util.JmxRegister (JmxRegister.java:unregister(73)) - Successfully un-registered JMX Bean with object name Ratis:service=RaftServer,group=group-FD0441190F8A,id=b786fb5c-5e67-4c82-ab21-01f7c3e13abe
2023-08-25 08:51:37,594 [b786fb5c-5e67-4c82-ab21-01f7c3e13abe-impl-thread2] INFO  impl.RoleInfo (RoleInfo.java:shutdownFollowerState(110)) - b786fb5c-5e67-4c82-ab21-01f7c3e13abe: shutdown b786fb5c-5e67-4c82-ab21-01f7c3e13abe@group-FD0441190F8A-FollowerState
2023-08-25 08:51:37,594 [Time-limited test] INFO  server.GrpcService (GrpcService.java:closeImpl(311)) - b786fb5c-5e67-4c82-ab21-01f7c3e13abe: shutdown server org.apache.ratis.grpc.server.GrpcClientProtocolService now
2023-08-25 08:51:37,595 [b786fb5c-5e67-4c82-ab21-01f7c3e13abe-impl-thread3] INFO  server.RaftServer$Division (RaftServerImpl.java:lambda$close$4(466)) - b786fb5c-5e67-4c82-ab21-01f7c3e13abe@group-8568CF4000D9: shutdown
2023-08-25 08:51:37,595 [b786fb5c-5e67-4c82-ab21-01f7c3e13abe-impl-thread3] INFO  util.JmxRegister (JmxRegister.java:unregister(73)) - Successfully un-registered JMX Bean with object name Ratis:service=RaftServer,group=group-8568CF4000D9,id=b786fb5c-5e67-4c82-ab21-01f7c3e13abe
2023-08-25 08:51:37,595 [b786fb5c-5e67-4c82-ab21-01f7c3e13abe-impl-thread3] INFO  impl.RoleInfo (RoleInfo.java:shutdownFollowerState(110)) - b786fb5c-5e67-4c82-ab21-01f7c3e13abe: shutdown b786fb5c-5e67-4c82-ab21-01f7c3e13abe@group-8568CF4000D9-FollowerState
2023-08-25 08:51:37,595 [b786fb5c-5e67-4c82-ab21-01f7c3e13abe@group-17B64EFC06D6-StateMachineUpdater] INFO  ratis.ContainerStateMachine (ContainerStateMachine.java:takeSnapshot(341)) - group-17B64EFC06D6: Finished taking a snapshot at:(t:1, i:0) file:/home/runner/work/ozone/ozone/hadoop-ozone/integration-test/target/test-dir/MiniOzoneClusterImpl-7264bf39-beec-4c8a-bbdc-a469073ec634/datanode-1/data/ratis/2e32392c-10ef-4930-8a1d-17b64efc06d6/sm/snapshot.1_0 took: 1 ms
2023-08-25 08:51:37,595 [b786fb5c-5e67-4c82-ab21-01f7c3e13abe@group-17B64EFC06D6-StateMachineUpdater] INFO  impl.StateMachineUpdater (StateMachineUpdater.java:takeSnapshot(291)) - b786fb5c-5e67-4c82-ab21-01f7c3e13abe@group-17B64EFC06D6-StateMachineUpdater: Took a snapshot at index 0
2023-08-25 08:51:37,595 [b786fb5c-5e67-4c82-ab21-01f7c3e13abe@group-17B64EFC06D6-StateMachineUpdater] INFO  impl.StateMachineUpdater (StateMachineUpdater.java:lambda$new$0(97)) - b786fb5c-5e67-4c82-ab21-01f7c3e13abe@group-17B64EFC06D6-StateMachineUpdater: snapshotIndex: updateIncreasingly -1 -> 0
2023-08-25 08:51:37,596 [b786fb5c-5e67-4c82-ab21-01f7c3e13abe-impl-thread1] INFO  server.RaftServer$Division (ServerState.java:close(472)) - b786fb5c-5e67-4c82-ab21-01f7c3e13abe@group-17B64EFC06D6: closes. applyIndex: 0
2023-08-25 08:51:37,597 [b786fb5c-5e67-4c82-ab21-01f7c3e13abe-impl-thread2] INFO  impl.StateMachineUpdater (StateMachineUpdater.java:stopAndJoin(155)) - b786fb5c-5e67-4c82-ab21-01f7c3e13abe@group-FD0441190F8A-StateMachineUpdater: set stopIndex = 0
2023-08-25 08:51:37,597 [b786fb5c-5e67-4c82-ab21-01f7c3e13abe-impl-thread3] INFO  impl.StateMachineUpdater (StateMachineUpdater.java:stopAndJoin(155)) - b786fb5c-5e67-4c82-ab21-01f7c3e13abe@group-8568CF4000D9-StateMachineUpdater: set stopIndex = 5
2023-08-25 08:51:37,597 [b786fb5c-5e67-4c82-ab21-01f7c3e13abe@group-FD0441190F8A-StateMachineUpdater] INFO  ratis.ContainerStateMachine (ContainerStateMachine.java:takeSnapshot(330)) - group-FD0441190F8A: Taking a snapshot at:(t:1, i:0) file /home/runner/work/ozone/ozone/hadoop-ozone/integration-test/target/test-dir/MiniOzoneClusterImpl-7264bf39-beec-4c8a-bbdc-a469073ec634/datanode-1/data/ratis/107e6e47-b92c-4fc5-8804-fd0441190f8a/sm/snapshot.1_0
2023-08-25 08:51:37,598 [b786fb5c-5e67-4c82-ab21-01f7c3e13abe@group-8568CF4000D9-StateMachineUpdater] INFO  ratis.ContainerStateMachine (ContainerStateMachine.java:takeSnapshot(330)) - group-8568CF4000D9: Taking a snapshot at:(t:1, i:5) file /home/runner/work/ozone/ozone/hadoop-ozone/integration-test/target/test-dir/MiniOzoneClusterImpl-7264bf39-beec-4c8a-bbdc-a469073ec634/datanode-1/data/ratis/e255e297-f576-47c6-be75-8568cf4000d9/sm/snapshot.1_5
2023-08-25 08:51:37,598 [b786fb5c-5e67-4c82-ab21-01f7c3e13abe@group-8568CF4000D9-FollowerState] INFO  impl.FollowerState (FollowerState.java:run(152)) - b786fb5c-5e67-4c82-ab21-01f7c3e13abe@group-8568CF4000D9-FollowerState was interrupted
2023-08-25 08:51:37,597 [b786fb5c-5e67-4c82-ab21-01f7c3e13abe@group-FD0441190F8A-FollowerState] INFO  impl.FollowerState (FollowerState.java:run(152)) - b786fb5c-5e67-4c82-ab21-01f7c3e13abe@group-FD0441190F8A-FollowerState was interrupted
2023-08-25 08:51:37,599 [b786fb5c-5e67-4c82-ab21-01f7c3e13abe@group-FD0441190F8A-StateMachineUpdater] INFO  ratis.ContainerStateMachine (ContainerStateMachine.java:takeSnapshot(341)) - group-FD0441190F8A: Finished taking a snapshot at:(t:1, i:0) file:/home/runner/work/ozone/ozone/hadoop-ozone/integration-test/target/test-dir/MiniOzoneClusterImpl-7264bf39-beec-4c8a-bbdc-a469073ec634/datanode-1/data/ratis/107e6e47-b92c-4fc5-8804-fd0441190f8a/sm/snapshot.1_0 took: 2 ms
2023-08-25 08:51:37,601 [b786fb5c-5e67-4c82-ab21-01f7c3e13abe@group-FD0441190F8A-StateMachineUpdater] INFO  impl.StateMachineUpdater (StateMachineUpdater.java:takeSnapshot(291)) - b786fb5c-5e67-4c82-ab21-01f7c3e13abe@group-FD0441190F8A-StateMachineUpdater: Took a snapshot at index 0
2023-08-25 08:51:37,601 [b786fb5c-5e67-4c82-ab21-01f7c3e13abe@group-FD0441190F8A-StateMachineUpdater] INFO  impl.StateMachineUpdater (StateMachineUpdater.java:lambda$new$0(97)) - b786fb5c-5e67-4c82-ab21-01f7c3e13abe@group-FD0441190F8A-StateMachineUpdater: snapshotIndex: updateIncreasingly -1 -> 0
2023-08-25 08:51:37,601 [b786fb5c-5e67-4c82-ab21-01f7c3e13abe@group-8568CF4000D9-StateMachineUpdater] INFO  ratis.ContainerStateMachine (ContainerStateMachine.java:takeSnapshot(341)) - group-8568CF4000D9: Finished taking a snapshot at:(t:1, i:5) file:/home/runner/work/ozone/ozone/hadoop-ozone/integration-test/target/test-dir/MiniOzoneClusterImpl-7264bf39-beec-4c8a-bbdc-a469073ec634/datanode-1/data/ratis/e255e297-f576-47c6-be75-8568cf4000d9/sm/snapshot.1_5 took: 4 ms
2023-08-25 08:51:37,601 [b786fb5c-5e67-4c82-ab21-01f7c3e13abe@group-8568CF4000D9-StateMachineUpdater] INFO  impl.StateMachineUpdater (StateMachineUpdater.java:takeSnapshot(291)) - b786fb5c-5e67-4c82-ab21-01f7c3e13abe@group-8568CF4000D9-StateMachineUpdater: Took a snapshot at index 5
2023-08-25 08:51:37,601 [b786fb5c-5e67-4c82-ab21-01f7c3e13abe@group-8568CF4000D9-StateMachineUpdater] INFO  impl.StateMachineUpdater (StateMachineUpdater.java:lambda$new$0(97)) - b786fb5c-5e67-4c82-ab21-01f7c3e13abe@group-8568CF4000D9-StateMachineUpdater: snapshotIndex: updateIncreasingly -1 -> 5
2023-08-25 08:51:37,602 [Time-limited test] INFO  server.GrpcService (GrpcService.java:closeImpl(320)) - b786fb5c-5e67-4c82-ab21-01f7c3e13abe: shutdown server org.apache.ratis.grpc.server.GrpcClientProtocolService successfully
2023-08-25 08:51:37,602 [Time-limited test] INFO  server.GrpcService (GrpcService.java:closeImpl(311)) - b786fb5c-5e67-4c82-ab21-01f7c3e13abe: shutdown server GrpcServerProtocolService now
2023-08-25 08:51:37,603 [b786fb5c-5e67-4c82-ab21-01f7c3e13abe-impl-thread2] INFO  server.RaftServer$Division (ServerState.java:close(472)) - b786fb5c-5e67-4c82-ab21-01f7c3e13abe@group-FD0441190F8A: closes. applyIndex: 0
2023-08-25 08:51:37,603 [b786fb5c-5e67-4c82-ab21-01f7c3e13abe-impl-thread3] INFO  server.RaftServer$Division (ServerState.java:close(472)) - b786fb5c-5e67-4c82-ab21-01f7c3e13abe@group-8568CF4000D9: closes. applyIndex: 5
2023-08-25 08:51:37,606 [grpc-default-executor-0] WARN  server.GrpcServerProtocolService (LogUtils.java:warn(122)) - b786fb5c-5e67-4c82-ab21-01f7c3e13abe: APPEND_ENTRIES onError, lastRequest: null: org.apache.ratis.thirdparty.io.grpc.StatusRuntimeException: CANCELLED: client cancelled
2023-08-25 08:51:37,608 [grpc-default-executor-5] WARN  server.GrpcServerProtocolService (LogUtils.java:warn(122)) - b786fb5c-5e67-4c82-ab21-01f7c3e13abe: APPEND_ENTRIES onError, lastRequest: a3e84a91-4099-49fb-b86e-4b39e7f57019->b786fb5c-5e67-4c82-ab21-01f7c3e13abe#11-t1,previous=(t:1, i:5),leaderCommit=5,initializing? true,entries: size=1, first=(t:1, i:6), METADATAENTRY(c:5): org.apache.ratis.thirdparty.io.grpc.StatusRuntimeException: CANCELLED: client cancelled
2023-08-25 08:51:37,608 [grpc-default-executor-5] WARN  server.GrpcLogAppender (LogUtils.java:warn(122)) - e3412ff5-1f34-4b2f-8351-e8decf81f5b3@group-FD0441190F8A->b786fb5c-5e67-4c82-ab21-01f7c3e13abe-AppendLogResponseHandler: Failed appendEntries: org.apache.ratis.thirdparty.io.grpc.StatusRuntimeException: CANCELLED: RST_STREAM closed stream. HTTP/2 error code: CANCEL
2023-08-25 08:51:37,608 [grpc-default-executor-5] WARN  server.GrpcLogAppender (GrpcLogAppender.java:resetClient(128)) - e3412ff5-1f34-4b2f-8351-e8decf81f5b3@group-FD0441190F8A->b786fb5c-5e67-4c82-ab21-01f7c3e13abe-GrpcLogAppender: Follower failed when matchIndex == 0,  keep nextIndex (1) unchanged and retry.
2023-08-25 08:51:37,610 [grpc-default-executor-1] WARN  server.GrpcLogAppender (LogUtils.java:warn(122)) - e3412ff5-1f34-4b2f-8351-e8decf81f5b3@group-FD0441190F8A->b786fb5c-5e67-4c82-ab21-01f7c3e13abe-AppendLogResponseHandler: Failed appendEntries: org.apache.ratis.thirdparty.io.grpc.StatusRuntimeException: CANCELLED: RST_STREAM closed stream. HTTP/2 error code: CANCEL
2023-08-25 08:51:37,610 [grpc-default-executor-1] WARN  server.GrpcLogAppender (GrpcLogAppender.java:resetClient(128)) - e3412ff5-1f34-4b2f-8351-e8decf81f5b3@group-FD0441190F8A->b786fb5c-5e67-4c82-ab21-01f7c3e13abe-GrpcLogAppender: Follower failed when matchIndex == 0,  keep nextIndex (1) unchanged and retry.
2023-08-25 08:51:37,610 [grpc-default-executor-5] WARN  server.GrpcLogAppender (LogUtils.java:warn(122)) - a3e84a91-4099-49fb-b86e-4b39e7f57019@group-8568CF4000D9->b786fb5c-5e67-4c82-ab21-01f7c3e13abe-AppendLogResponseHandler: Failed appendEntries: org.apache.ratis.thirdparty.io.grpc.StatusRuntimeException: CANCELLED: RST_STREAM closed stream. HTTP/2 error code: CANCEL
2023-08-25 08:51:37,610 [grpc-default-executor-5] INFO  leader.FollowerInfo (FollowerInfoImpl.java:lambda$new$0(52)) - a3e84a91-4099-49fb-b86e-4b39e7f57019@group-8568CF4000D9->b786fb5c-5e67-4c82-ab21-01f7c3e13abe: decreaseNextIndex nextIndex: updateUnconditionally 7 -> 6
2023-08-25 08:51:37,611 [grpc-default-executor-3] WARN  server.GrpcServerProtocolService (LogUtils.java:warn(122)) - b786fb5c-5e67-4c82-ab21-01f7c3e13abe: APPEND_ENTRIES onError, lastRequest: e3412ff5-1f34-4b2f-8351-e8decf81f5b3->b786fb5c-5e67-4c82-ab21-01f7c3e13abe#1-t1,previous=(t:0, i:0),leaderCommit=-1,initializing? true,entries: size=1, first=(t:1, i:0), CONFIGURATIONENTRY(current:id: "b786fb5c-5e67-4c82-ab21-01f7c3e13abe"
address: "10.1.0.19:15076"
dataStreamAddress: "10.1.0.19:15077"
clientAddress: "10.1.0.19:15074"
adminAddress: "10.1.0.19:15075"
startupRole: FOLLOWER
,id: "a3e84a91-4099-49fb-b86e-4b39e7f57019"
address: "10.1.0.19:15067"
dataStreamAddress: "10.1.0.19:15068"
clientAddress: "10.1.0.19:15065"
adminAddress: "10.1.0.19:15066"
startupRole: FOLLOWER
,id: "e3412ff5-1f34-4b2f-8351-e8decf81f5b3"
address: "10.1.0.19:15085"
priority: 1
dataStreamAddress: "10.1.0.19:15086"
clientAddress: "10.1.0.19:15083"
adminAddress: "10.1.0.19:15084"
startupRole: FOLLOWER
, old:): org.apache.ratis.thirdparty.io.grpc.StatusRuntimeException: CANCELLED: client cancelled
2023-08-25 08:51:37,611 [grpc-default-executor-5] WARN  server.GrpcLogAppender (LogUtils.java:warn(122)) - a3e84a91-4099-49fb-b86e-4b39e7f57019@group-8568CF4000D9->b786fb5c-5e67-4c82-ab21-01f7c3e13abe-AppendLogResponseHandler: Failed appendEntries: org.apache.ratis.thirdparty.io.grpc.StatusRuntimeException: CANCELLED: RST_STREAM closed stream. HTTP/2 error code: CANCEL
2023-08-25 08:51:37,612 [grpc-default-executor-5] INFO  leader.FollowerInfo (FollowerInfoImpl.java:lambda$new$0(52)) - a3e84a91-4099-49fb-b86e-4b39e7f57019@group-8568CF4000D9->b786fb5c-5e67-4c82-ab21-01f7c3e13abe: decreaseNextIndex nextIndex: updateUnconditionally 6 -> 5
2023-08-25 08:51:37,613 [grpc-default-executor-2] WARN  server.GrpcServerProtocolService (LogUtils.java:warn(122)) - b786fb5c-5e67-4c82-ab21-01f7c3e13abe: APPEND_ENTRIES onError, lastRequest: null: org.apache.ratis.thirdparty.io.grpc.StatusRuntimeException: CANCELLED: client cancelled
2023-08-25 08:51:37,614 [Time-limited test] INFO  server.GrpcService (GrpcService.java:closeImpl(320)) - b786fb5c-5e67-4c82-ab21-01f7c3e13abe: shutdown server GrpcServerProtocolService successfully
2023-08-25 08:51:37,614 [Time-limited test] INFO  server.GrpcService (GrpcService.java:closeImpl(311)) - b786fb5c-5e67-4c82-ab21-01f7c3e13abe: shutdown server org.apache.ratis.grpc.server.GrpcAdminProtocolService now
2023-08-25 08:51:37,616 [Time-limited test] INFO  server.GrpcService (GrpcService.java:closeImpl(320)) - b786fb5c-5e67-4c82-ab21-01f7c3e13abe: shutdown server org.apache.ratis.grpc.server.GrpcAdminProtocolService successfully
2023-08-25 08:51:37,616 [b786fb5c-5e67-4c82-ab21-01f7c3e13abe-NettyServerStreamRpc-bossGroup--thread1] INFO  logging.LoggingHandler (AbstractInternalLogger.java:log(148)) - [id: 0x0c452167, L:/0:0:0:0:0:0:0:0:15077] CLOSE
2023-08-25 08:51:37,616 [b786fb5c-5e67-4c82-ab21-01f7c3e13abe-NettyServerStreamRpc-bossGroup--thread1] INFO  logging.LoggingHandler (AbstractInternalLogger.java:log(148)) - [id: 0x0c452167, L:/0:0:0:0:0:0:0:0:15077] INACTIVE
2023-08-25 08:51:37,617 [b786fb5c-5e67-4c82-ab21-01f7c3e13abe-NettyServerStreamRpc-bossGroup--thread1] INFO  logging.LoggingHandler (AbstractInternalLogger.java:log(148)) - [id: 0x0c452167, L:/0:0:0:0:0:0:0:0:15077] UNREGISTERED
2023-08-25 08:51:37,625 [b786fb5c-5e67-4c82-ab21-01f7c3e13abe-impl-thread1] INFO  segmented.SegmentedRaftLogWorker (SegmentedRaftLogWorker.java:close(252)) - b786fb5c-5e67-4c82-ab21-01f7c3e13abe@group-17B64EFC06D6-SegmentedRaftLogWorker close()
2023-08-25 08:51:37,774 [b786fb5c-5e67-4c82-ab21-01f7c3e13abe-impl-thread2] INFO  segmented.SegmentedRaftLogWorker (SegmentedRaftLogWorker.java:close(252)) - b786fb5c-5e67-4c82-ab21-01f7c3e13abe@group-FD0441190F8A-SegmentedRaftLogWorker close()
2023-08-25 08:51:38,412 [ReplicationMonitor] INFO  replication.ReplicationManager (ReplicationManager.java:processAll(389)) - Replication Monitor Thread took 0 milliseconds for processing 1 containers.
2023-08-25 08:51:38,545 [b786fb5c-5e67-4c82-ab21-01f7c3e13abe-impl-thread3] INFO  segmented.SegmentedRaftLogWorker (SegmentedRaftLogWorker.java:close(252)) - b786fb5c-5e67-4c82-ab21-01f7c3e13abe@group-8568CF4000D9-SegmentedRaftLogWorker close()
2023-08-25 08:51:38,548 [JvmPauseMonitor10] INFO  util.JvmPauseMonitor (JvmPauseMonitor.java:run(109)) - JvmPauseMonitor-b786fb5c-5e67-4c82-ab21-01f7c3e13abe: Stopped
2023-08-25 08:51:39,413 [ReplicationMonitor] INFO  replication.ReplicationManager (ReplicationManager.java:processAll(389)) - Replication Monitor Thread took 1 milliseconds for processing 1 containers.
2023-08-25 08:51:39,788 [grpc-default-executor-6] WARN  server.GrpcLogAppender (LogUtils.java:warn(122)) - e3412ff5-1f34-4b2f-8351-e8decf81f5b3@group-FD0441190F8A->b786fb5c-5e67-4c82-ab21-01f7c3e13abe-AppendLogResponseHandler: Failed appendEntries: org.apache.ratis.thirdparty.io.grpc.StatusRuntimeException: UNAVAILABLE: io exception
2023-08-25 08:51:39,788 [grpc-default-executor-6] WARN  server.GrpcLogAppender (GrpcLogAppender.java:resetClient(128)) - e3412ff5-1f34-4b2f-8351-e8decf81f5b3@group-FD0441190F8A->b786fb5c-5e67-4c82-ab21-01f7c3e13abe-GrpcLogAppender: Follower failed when matchIndex == 0,  keep nextIndex (1) unchanged and retry.
2023-08-25 08:51:39,791 [grpc-default-executor-3] WARN  server.GrpcLogAppender (LogUtils.java:warn(122)) - e3412ff5-1f34-4b2f-8351-e8decf81f5b3@group-FD0441190F8A->b786fb5c-5e67-4c82-ab21-01f7c3e13abe-AppendLogResponseHandler: Failed appendEntries: org.apache.ratis.thirdparty.io.grpc.StatusRuntimeException: UNAVAILABLE: io exception
2023-08-25 08:51:39,791 [grpc-default-executor-3] WARN  server.GrpcLogAppender (GrpcLogAppender.java:resetClient(128)) - e3412ff5-1f34-4b2f-8351-e8decf81f5b3@group-FD0441190F8A->b786fb5c-5e67-4c82-ab21-01f7c3e13abe-GrpcLogAppender: Follower failed when matchIndex == 0,  keep nextIndex (1) unchanged and retry.
2023-08-25 08:51:40,055 [grpc-default-executor-2] WARN  server.GrpcLogAppender (LogUtils.java:warn(122)) - a3e84a91-4099-49fb-b86e-4b39e7f57019@group-8568CF4000D9->b786fb5c-5e67-4c82-ab21-01f7c3e13abe-AppendLogResponseHandler: Failed appendEntries: org.apache.ratis.thirdparty.io.grpc.StatusRuntimeException: UNAVAILABLE: io exception
2023-08-25 08:51:40,055 [grpc-default-executor-5] WARN  server.GrpcLogAppender (LogUtils.java:warn(122)) - a3e84a91-4099-49fb-b86e-4b39e7f57019@group-8568CF4000D9->b786fb5c-5e67-4c82-ab21-01f7c3e13abe-AppendLogResponseHandler: Failed appendEntries: org.apache.ratis.thirdparty.io.grpc.StatusRuntimeException: UNAVAILABLE: io exception
2023-08-25 08:51:40,056 [grpc-default-executor-2] INFO  leader.FollowerInfo (FollowerInfoImpl.java:lambda$new$0(52)) - a3e84a91-4099-49fb-b86e-4b39e7f57019@group-8568CF4000D9->b786fb5c-5e67-4c82-ab21-01f7c3e13abe: decreaseNextIndex nextIndex: updateUnconditionally 5 -> 4
2023-08-25 08:51:40,056 [grpc-default-executor-5] INFO  leader.FollowerInfo (FollowerInfoImpl.java:lambda$new$0(52)) - a3e84a91-4099-49fb-b86e-4b39e7f57019@group-8568CF4000D9->b786fb5c-5e67-4c82-ab21-01f7c3e13abe: decreaseNextIndex nextIndex: updateUnconditionally 4 -> 3
2023-08-25 08:51:40,068 [grpc-default-executor-3] WARN  server.GrpcLogAppender (LogUtils.java:warn(122)) - a3e84a91-4099-49fb-b86e-4b39e7f57019@group-8568CF4000D9->b786fb5c-5e67-4c82-ab21-01f7c3e13abe-AppendLogResponseHandler: Failed appendEntries: org.apache.ratis.thirdparty.io.grpc.StatusRuntimeException: UNAVAILABLE: io exception
2023-08-25 08:51:40,069 [grpc-default-executor-3] INFO  leader.FollowerInfo (FollowerInfoImpl.java:lambda$new$0(52)) - a3e84a91-4099-49fb-b86e-4b39e7f57019@group-8568CF4000D9->b786fb5c-5e67-4c82-ab21-01f7c3e13abe: decreaseNextIndex nextIndex: updateUnconditionally 4 -> 3
2023-08-25 08:51:40,069 [grpc-default-executor-2] WARN  server.GrpcLogAppender (LogUtils.java:warn(122)) - a3e84a91-4099-49fb-b86e-4b39e7f57019@group-8568CF4000D9->b786fb5c-5e67-4c82-ab21-01f7c3e13abe-AppendLogResponseHandler: Failed appendEntries: org.apache.ratis.thirdparty.io.grpc.StatusRuntimeException: UNAVAILABLE: io exception
2023-08-25 08:51:40,069 [grpc-default-executor-2] INFO  leader.FollowerInfo (FollowerInfoImpl.java:lambda$new$0(52)) - a3e84a91-4099-49fb-b86e-4b39e7f57019@group-8568CF4000D9->b786fb5c-5e67-4c82-ab21-01f7c3e13abe: decreaseNextIndex nextIndex: updateUnconditionally 4 -> 3
2023-08-25 08:51:40,078 [grpc-default-executor-5] WARN  server.GrpcLogAppender (LogUtils.java:warn(122)) - a3e84a91-4099-49fb-b86e-4b39e7f57019@group-8568CF4000D9->b786fb5c-5e67-4c82-ab21-01f7c3e13abe-AppendLogResponseHandler: Failed appendEntries: org.apache.ratis.thirdparty.io.grpc.StatusRuntimeException: UNAVAILABLE: io exception
2023-08-25 08:51:40,079 [grpc-default-executor-5] INFO  leader.FollowerInfo (FollowerInfoImpl.java:lambda$new$0(52)) - a3e84a91-4099-49fb-b86e-4b39e7f57019@group-8568CF4000D9->b786fb5c-5e67-4c82-ab21-01f7c3e13abe: decreaseNextIndex nextIndex: updateUnconditionally 3 -> 2
2023-08-25 08:51:40,083 [grpc-default-executor-5] WARN  server.GrpcLogAppender (LogUtils.java:warn(122)) - a3e84a91-4099-49fb-b86e-4b39e7f57019@group-8568CF4000D9->b786fb5c-5e67-4c82-ab21-01f7c3e13abe-AppendLogResponseHandler: Failed appendEntries: org.apache.ratis.thirdparty.io.grpc.StatusRuntimeException: UNAVAILABLE: io exception
2023-08-25 08:51:40,084 [grpc-default-executor-5] INFO  leader.FollowerInfo (FollowerInfoImpl.java:lambda$new$0(52)) - a3e84a91-4099-49fb-b86e-4b39e7f57019@group-8568CF4000D9->b786fb5c-5e67-4c82-ab21-01f7c3e13abe: decreaseNextIndex nextIndex: updateUnconditionally 2 -> 1
2023-08-25 08:51:40,413 [ReplicationMonitor] INFO  replication.ReplicationManager (ReplicationManager.java:processAll(389)) - Replication Monitor Thread took 0 milliseconds for processing 1 containers.
2023-08-25 08:51:40,557 [Time-limited test] INFO  utils.DatanodeStoreCache (DatanodeStoreCache.java:shutdownCache(110)) - Skip clearing cache in mini cluster mode. Entries left: [/home/runner/work/ozone/ozone/hadoop-ozone/integration-test/target/test-dir/MiniOzoneClusterImpl-7264bf39-beec-4c8a-bbdc-a469073ec634/datanode-0/data-0/containers/hdds/7264bf39-beec-4c8a-bbdc-a469073ec634/DS-188ca578-fdde-486e-9b3f-dcf4a9e4297e/container.db, /home/runner/work/ozone/ozone/hadoop-ozone/integration-test/target/test-dir/MiniOzoneClusterImpl-7264bf39-beec-4c8a-bbdc-a469073ec634/datanode-1/data-0/containers/hdds/7264bf39-beec-4c8a-bbdc-a469073ec634/DS-10ac4407-02e8-4f98-b0a6-4ff1e4c4f908/container.db, /home/runner/work/ozone/ozone/hadoop-ozone/integration-test/target/test-dir/MiniOzoneClusterImpl-7264bf39-beec-4c8a-bbdc-a469073ec634/datanode-2/data-0/containers/hdds/7264bf39-beec-4c8a-bbdc-a469073ec634/DS-321227af-901b-40a3-af29-8d7d77801d6d/container.db, /home/runner/work/ozone/ozone/hadoop-ozone/integration-test/target/test-dir/MiniOzoneClusterImpl-7264bf39-beec-4c8a-bbdc-a469073ec634/datanode-3/data-0/containers/hdds/7264bf39-beec-4c8a-bbdc-a469073ec634/DS-a03aadc7-52eb-4337-8b22-991764a6dda3/container.db, /home/runner/work/ozone/ozone/hadoop-ozone/integration-test/target/test-dir/MiniOzoneClusterImpl-7264bf39-beec-4c8a-bbdc-a469073ec634/datanode-4/data-0/containers/hdds/7264bf39-beec-4c8a-bbdc-a469073ec634/DS-89a343b9-4aeb-4786-8869-e49928653694/container.db]
2023-08-25 08:51:40,563 [Time-limited test] INFO  utils.DatanodeStoreCache (DatanodeStoreCache.java:removeDB(104)) - Removed db /home/runner/work/ozone/ozone/hadoop-ozone/integration-test/target/test-dir/MiniOzoneClusterImpl-7264bf39-beec-4c8a-bbdc-a469073ec634/datanode-1/data-0/containers/hdds/7264bf39-beec-4c8a-bbdc-a469073ec634/DS-10ac4407-02e8-4f98-b0a6-4ff1e4c4f908/container.db from cache
2023-08-25 08:51:40,563 [Time-limited test] INFO  volume.HddsVolume (HddsVolume.java:closeDbStore(453)) - SchemaV3 db is stopped at /home/runner/work/ozone/ozone/hadoop-ozone/integration-test/target/test-dir/MiniOzoneClusterImpl-7264bf39-beec-4c8a-bbdc-a469073ec634/datanode-1/data-0/containers/hdds/7264bf39-beec-4c8a-bbdc-a469073ec634/DS-10ac4407-02e8-4f98-b0a6-4ff1e4c4f908/container.db for volume DS-10ac4407-02e8-4f98-b0a6-4ff1e4c4f908
2023-08-25 08:51:40,563 [Time-limited test] INFO  utils.BackgroundService (BackgroundService.java:shutdown(141)) - Shutting down service BlockDeletingService
2023-08-25 08:51:40,563 [Time-limited test] INFO  utils.BackgroundService (BackgroundService.java:shutdown(141)) - Shutting down service StaleRecoveringContainerScrubbingService
2023-08-25 08:51:40,564 [Time-limited test] INFO  statemachine.DatanodeStateMachine (DatanodeStateMachine.java:stopDaemon(620)) - Ozone container server stopped.
2023-08-25 08:51:40,578 [Time-limited test] INFO  handler.ContextHandler (ContextHandler.java:doStop(1159)) - Stopped o.e.j.w.WebAppContext@664643ad{hddsDatanode,/,null,STOPPED}{jar:file:/home/runner/.m2/repository/org/apache/ozone/hdds-container-service/1.4.0-SNAPSHOT/hdds-container-service-1.4.0-SNAPSHOT.jar!/webapps/hddsDatanode}
2023-08-25 08:51:40,579 [Time-limited test] INFO  server.AbstractConnector (AbstractConnector.java:doStop(383)) - Stopped ServerConnector@6538d28{HTTP/1.1, (http/1.1)}{0.0.0.0:15071}
2023-08-25 08:51:40,579 [Time-limited test] INFO  server.session (HouseKeeper.java:stopScavenging(149)) - node0 Stopped scavenging
2023-08-25 08:51:40,579 [Time-limited test] INFO  handler.ContextHandler (ContextHandler.java:doStop(1159)) - Stopped o.e.j.s.ServletContextHandler@531e6dae{static,/static,jar:file:/home/runner/.m2/repository/org/apache/ozone/hdds-container-service/1.4.0-SNAPSHOT/hdds-container-service-1.4.0-SNAPSHOT.jar!/webapps/static,STOPPED}
2023-08-25 08:51:40,580 [Time-limited test] INFO  handler.ContextHandler (ContextHandler.java:doStop(1159)) - Stopped o.e.j.s.ServletContextHandler@15d134aa{logs,/logs,file:///home/runner/work/ozone/ozone/hadoop-ozone/integration-test/target/log,STOPPED}
2023-08-25 08:51:40,580 [Time-limited test] INFO  ozone.HddsDatanodeClientProtocolServer (HddsDatanodeClientProtocolServer.java:stop(78)) - Stopping the RPC server for Client Protocol
2023-08-25 08:51:40,580 [Time-limited test] INFO  ipc.Server (Server.java:stop(3523)) - Stopping server on 15072
2023-08-25 08:51:40,582 [IPC Server listener on 15072] INFO  ipc.Server (Server.java:run(1434)) - Stopping IPC Server listener on 15072
2023-08-25 08:51:40,582 [IPC Server Responder] INFO  ipc.Server (Server.java:run(1567)) - Stopping IPC Server Responder
2023-08-25 08:51:40,590 [Time-limited test] INFO  container.TestHelper (TestHelper.java:countReplicas(423)) - Container 1 has 3 replicas on [a3e84a91-4099-49fb-b86e-4b39e7f57019, b786fb5c-5e67-4c82-ab21-01f7c3e13abe, e3412ff5-1f34-4b2f-8351-e8decf81f5b3]
2023-08-25 08:51:40,629 [EventQueue-StaleNodeForStaleNodeHandler] INFO  node.StaleNodeHandler (StaleNodeHandler.java:onMessage(58)) - Datanode b786fb5c-5e67-4c82-ab21-01f7c3e13abe(fv-az584-689.msjcyvhqqs1uvpg4fm53wptgqc.jx.internal.cloudapp.net/10.1.0.19) moved to stale state. Finalizing its pipelines [PipelineID=2e32392c-10ef-4930-8a1d-17b64efc06d6, PipelineID=107e6e47-b92c-4fc5-8804-fd0441190f8a, PipelineID=e255e297-f576-47c6-be75-8568cf4000d9]
2023-08-25 08:51:40,630 [EventQueue-StaleNodeForStaleNodeHandler] INFO  pipeline.PipelineManagerImpl (PipelineManagerImpl.java:closePipeline(529)) - Pipeline Pipeline[ Id: 2e32392c-10ef-4930-8a1d-17b64efc06d6, Nodes: b786fb5c-5e67-4c82-ab21-01f7c3e13abe(fv-az584-689.msjcyvhqqs1uvpg4fm53wptgqc.jx.internal.cloudapp.net/10.1.0.19), ReplicationConfig: RATIS/ONE, State:OPEN, leaderId:b786fb5c-5e67-4c82-ab21-01f7c3e13abe, CreationTimestamp2023-08-25T08:51:26.196Z[Etc/UTC]] moved to CLOSED state
2023-08-25 08:51:40,631 [EventQueue-StaleNodeForStaleNodeHandler] INFO  pipeline.PipelineManagerImpl (PipelineManagerImpl.java:closePipeline(529)) - Pipeline Pipeline[ Id: 107e6e47-b92c-4fc5-8804-fd0441190f8a, Nodes: b786fb5c-5e67-4c82-ab21-01f7c3e13abe(fv-az584-689.msjcyvhqqs1uvpg4fm53wptgqc.jx.internal.cloudapp.net/10.1.0.19)a3e84a91-4099-49fb-b86e-4b39e7f57019(fv-az584-689.msjcyvhqqs1uvpg4fm53wptgqc.jx.internal.cloudapp.net/10.1.0.19)e3412ff5-1f34-4b2f-8351-e8decf81f5b3(fv-az584-689.msjcyvhqqs1uvpg4fm53wptgqc.jx.internal.cloudapp.net/10.1.0.19), ReplicationConfig: RATIS/THREE, State:OPEN, leaderId:e3412ff5-1f34-4b2f-8351-e8decf81f5b3, CreationTimestamp2023-08-25T08:51:26.581Z[Etc/UTC]] moved to CLOSED state
2023-08-25 08:51:40,632 [EventQueue-StaleNodeForStaleNodeHandler] INFO  pipeline.PipelineManagerImpl (PipelineManagerImpl.java:closePipeline(529)) - Pipeline Pipeline[ Id: e255e297-f576-47c6-be75-8568cf4000d9, Nodes: b786fb5c-5e67-4c82-ab21-01f7c3e13abe(fv-az584-689.msjcyvhqqs1uvpg4fm53wptgqc.jx.internal.cloudapp.net/10.1.0.19)a3e84a91-4099-49fb-b86e-4b39e7f57019(fv-az584-689.msjcyvhqqs1uvpg4fm53wptgqc.jx.internal.cloudapp.net/10.1.0.19)e3412ff5-1f34-4b2f-8351-e8decf81f5b3(fv-az584-689.msjcyvhqqs1uvpg4fm53wptgqc.jx.internal.cloudapp.net/10.1.0.19), ReplicationConfig: RATIS/THREE, State:OPEN, leaderId:a3e84a91-4099-49fb-b86e-4b39e7f57019, CreationTimestamp2023-08-25T08:51:26.579Z[Etc/UTC]] moved to CLOSED state
2023-08-25 08:51:41,037 [grpc-default-executor-5] WARN  server.GrpcLogAppender (LogUtils.java:warn(122)) - e3412ff5-1f34-4b2f-8351-e8decf81f5b3@group-FD0441190F8A->b786fb5c-5e67-4c82-ab21-01f7c3e13abe-AppendLogResponseHandler: Failed appendEntries: org.apache.ratis.thirdparty.io.grpc.StatusRuntimeException: UNAVAILABLE: io exception
2023-08-25 08:51:41,038 [grpc-default-executor-5] WARN  server.GrpcLogAppender (GrpcLogAppender.java:resetClient(128)) - e3412ff5-1f34-4b2f-8351-e8decf81f5b3@group-FD0441190F8A->b786fb5c-5e67-4c82-ab21-01f7c3e13abe-GrpcLogAppender: Follower failed when matchIndex == 0,  keep nextIndex (1) unchanged and retry.
2023-08-25 08:51:41,038 [grpc-default-executor-3] WARN  server.GrpcLogAppender (LogUtils.java:warn(122)) - e3412ff5-1f34-4b2f-8351-e8decf81f5b3@group-FD0441190F8A->b786fb5c-5e67-4c82-ab21-01f7c3e13abe-AppendLogResponseHandler: Failed appendEntries: org.apache.ratis.thirdparty.io.grpc.StatusRuntimeException: UNAVAILABLE: io exception
2023-08-25 08:51:41,038 [grpc-default-executor-3] WARN  server.GrpcLogAppender (GrpcLogAppender.java:resetClient(128)) - e3412ff5-1f34-4b2f-8351-e8decf81f5b3@group-FD0441190F8A->b786fb5c-5e67-4c82-ab21-01f7c3e13abe-GrpcLogAppender: Follower failed when matchIndex == 0,  keep nextIndex (1) unchanged and retry.
2023-08-25 08:51:41,296 [grpc-default-executor-3] WARN  server.GrpcLogAppender (LogUtils.java:warn(122)) - a3e84a91-4099-49fb-b86e-4b39e7f57019@group-8568CF4000D9->b786fb5c-5e67-4c82-ab21-01f7c3e13abe-AppendLogResponseHandler: Failed appendEntries: org.apache.ratis.thirdparty.io.grpc.StatusRuntimeException: UNAVAILABLE: io exception
2023-08-25 08:51:41,297 [grpc-default-executor-5] WARN  server.GrpcLogAppender (LogUtils.java:warn(122)) - a3e84a91-4099-49fb-b86e-4b39e7f57019@group-8568CF4000D9->b786fb5c-5e67-4c82-ab21-01f7c3e13abe-AppendLogResponseHandler: Failed appendEntries: org.apache.ratis.thirdparty.io.grpc.StatusRuntimeException: UNAVAILABLE: io exception
2023-08-25 08:51:41,297 [grpc-default-executor-3] INFO  leader.FollowerInfo (FollowerInfoImpl.java:lambda$new$0(52)) - a3e84a91-4099-49fb-b86e-4b39e7f57019@group-8568CF4000D9->b786fb5c-5e67-4c82-ab21-01f7c3e13abe: decreaseNextIndex nextIndex: updateUnconditionally 1 -> 0
2023-08-25 08:51:41,307 [grpc-default-executor-5] WARN  server.GrpcLogAppender (LogUtils.java:warn(122)) - a3e84a91-4099-49fb-b86e-4b39e7f57019@group-8568CF4000D9->b786fb5c-5e67-4c82-ab21-01f7c3e13abe-AppendLogResponseHandler: Failed appendEntries: org.apache.ratis.thirdparty.io.grpc.StatusRuntimeException: UNAVAILABLE: io exception
2023-08-25 08:51:41,307 [grpc-default-executor-3] WARN  server.GrpcLogAppender (LogUtils.java:warn(122)) - a3e84a91-4099-49fb-b86e-4b39e7f57019@group-8568CF4000D9->b786fb5c-5e67-4c82-ab21-01f7c3e13abe-AppendLogResponseHandler: Failed appendEntries: org.apache.ratis.thirdparty.io.grpc.StatusRuntimeException: UNAVAILABLE: io exception
2023-08-25 08:51:41,307 [grpc-default-executor-5] INFO  leader.FollowerInfo (FollowerInfoImpl.java:lambda$new$0(52)) - a3e84a91-4099-49fb-b86e-4b39e7f57019@group-8568CF4000D9->b786fb5c-5e67-4c82-ab21-01f7c3e13abe: decreaseNextIndex nextIndex: updateUnconditionally 1 -> 0
2023-08-25 08:51:41,414 [ReplicationMonitor] INFO  replication.ReplicationManager (ReplicationManager.java:processAll(389)) - Replication Monitor Thread took 0 milliseconds for processing 1 containers.
2023-08-25 08:51:41,590 [Time-limited test] INFO  container.TestHelper (TestHelper.java:countReplicas(423)) - Container 1 has 3 replicas on [a3e84a91-4099-49fb-b86e-4b39e7f57019, b786fb5c-5e67-4c82-ab21-01f7c3e13abe, e3412ff5-1f34-4b2f-8351-e8decf81f5b3]
2023-08-25 08:51:42,287 [grpc-default-executor-3] WARN  server.GrpcLogAppender (LogUtils.java:warn(122)) - e3412ff5-1f34-4b2f-8351-e8decf81f5b3@group-FD0441190F8A->b786fb5c-5e67-4c82-ab21-01f7c3e13abe-AppendLogResponseHandler: Failed appendEntries: org.apache.ratis.thirdparty.io.grpc.StatusRuntimeException: UNAVAILABLE: io exception
2023-08-25 08:51:42,287 [grpc-default-executor-5] WARN  server.GrpcLogAppender (LogUtils.java:warn(122)) - e3412ff5-1f34-4b2f-8351-e8decf81f5b3@group-FD0441190F8A->b786fb5c-5e67-4c82-ab21-01f7c3e13abe-AppendLogResponseHandler: Failed appendEntries: org.apache.ratis.thirdparty.io.grpc.StatusRuntimeException: UNAVAILABLE: io exception
2023-08-25 08:51:42,288 [grpc-default-executor-3] WARN  server.GrpcLogAppender (GrpcLogAppender.java:resetClient(128)) - e3412ff5-1f34-4b2f-8351-e8decf81f5b3@group-FD0441190F8A->b786fb5c-5e67-4c82-ab21-01f7c3e13abe-GrpcLogAppender: Follower failed when matchIndex == 0,  keep nextIndex (1) unchanged and retry.
2023-08-25 08:51:42,289 [grpc-default-executor-5] WARN  server.GrpcLogAppender (GrpcLogAppender.java:resetClient(128)) - e3412ff5-1f34-4b2f-8351-e8decf81f5b3@group-FD0441190F8A->b786fb5c-5e67-4c82-ab21-01f7c3e13abe-GrpcLogAppender: Follower failed when matchIndex == 0,  keep nextIndex (1) unchanged and retry.
2023-08-25 08:51:42,415 [ReplicationMonitor] INFO  replication.ReplicationManager (ReplicationManager.java:processAll(389)) - Replication Monitor Thread took 0 milliseconds for processing 1 containers.
2023-08-25 08:51:42,547 [grpc-default-executor-5] WARN  server.GrpcLogAppender (LogUtils.java:warn(122)) - a3e84a91-4099-49fb-b86e-4b39e7f57019@group-8568CF4000D9->b786fb5c-5e67-4c82-ab21-01f7c3e13abe-AppendLogResponseHandler: Failed appendEntries: org.apache.ratis.thirdparty.io.grpc.StatusRuntimeException: UNAVAILABLE: io exception
2023-08-25 08:51:42,549 [grpc-default-executor-3] WARN  server.GrpcLogAppender (LogUtils.java:warn(122)) - a3e84a91-4099-49fb-b86e-4b39e7f57019@group-8568CF4000D9->b786fb5c-5e67-4c82-ab21-01f7c3e13abe-AppendLogResponseHandler: Failed appendEntries: org.apache.ratis.thirdparty.io.grpc.StatusRuntimeException: UNAVAILABLE: io exception
2023-08-25 08:51:42,558 [grpc-default-executor-5] WARN  server.GrpcLogAppender (LogUtils.java:warn(122)) - a3e84a91-4099-49fb-b86e-4b39e7f57019@group-8568CF4000D9->b786fb5c-5e67-4c82-ab21-01f7c3e13abe-AppendLogResponseHandler: Failed appendEntries: org.apache.ratis.thirdparty.io.grpc.StatusRuntimeException: UNAVAILABLE: io exception
2023-08-25 08:51:42,559 [grpc-default-executor-5] INFO  leader.FollowerInfo (FollowerInfoImpl.java:lambda$new$0(52)) - a3e84a91-4099-49fb-b86e-4b39e7f57019@group-8568CF4000D9->b786fb5c-5e67-4c82-ab21-01f7c3e13abe: decreaseNextIndex nextIndex: updateUnconditionally 1 -> 0
2023-08-25 08:51:42,559 [grpc-default-executor-3] WARN  server.GrpcLogAppender (LogUtils.java:warn(122)) - a3e84a91-4099-49fb-b86e-4b39e7f57019@group-8568CF4000D9->b786fb5c-5e67-4c82-ab21-01f7c3e13abe-AppendLogResponseHandler: Failed appendEntries: org.apache.ratis.thirdparty.io.grpc.StatusRuntimeException: UNAVAILABLE: io exception
2023-08-25 08:51:42,591 [Time-limited test] INFO  container.TestHelper (TestHelper.java:countReplicas(423)) - Container 1 has 3 replicas on [a3e84a91-4099-49fb-b86e-4b39e7f57019, b786fb5c-5e67-4c82-ab21-01f7c3e13abe, e3412ff5-1f34-4b2f-8351-e8decf81f5b3]
2023-08-25 08:51:43,416 [ReplicationMonitor] INFO  replication.ReplicationManager (ReplicationManager.java:processAll(389)) - Replication Monitor Thread took 1 milliseconds for processing 1 containers.
2023-08-25 08:51:43,538 [grpc-default-executor-3] WARN  server.GrpcLogAppender (LogUtils.java:warn(122)) - e3412ff5-1f34-4b2f-8351-e8decf81f5b3@group-FD0441190F8A->b786fb5c-5e67-4c82-ab21-01f7c3e13abe-AppendLogResponseHandler: Failed appendEntries: org.apache.ratis.thirdparty.io.grpc.StatusRuntimeException: UNAVAILABLE: io exception
2023-08-25 08:51:43,539 [grpc-default-executor-3] WARN  server.GrpcLogAppender (GrpcLogAppender.java:resetClient(128)) - e3412ff5-1f34-4b2f-8351-e8decf81f5b3@group-FD0441190F8A->b786fb5c-5e67-4c82-ab21-01f7c3e13abe-GrpcLogAppender: Follower failed when matchIndex == 0,  keep nextIndex (1) unchanged and retry.
2023-08-25 08:51:43,539 [grpc-default-executor-5] WARN  server.GrpcLogAppender (LogUtils.java:warn(122)) - e3412ff5-1f34-4b2f-8351-e8decf81f5b3@group-FD0441190F8A->b786fb5c-5e67-4c82-ab21-01f7c3e13abe-AppendLogResponseHandler: Failed appendEntries: org.apache.ratis.thirdparty.io.grpc.StatusRuntimeException: UNAVAILABLE: io exception
2023-08-25 08:51:43,539 [grpc-default-executor-5] WARN  server.GrpcLogAppender (GrpcLogAppender.java:resetClient(128)) - e3412ff5-1f34-4b2f-8351-e8decf81f5b3@group-FD0441190F8A->b786fb5c-5e67-4c82-ab21-01f7c3e13abe-GrpcLogAppender: Follower failed when matchIndex == 0,  keep nextIndex (1) unchanged and retry.
2023-08-25 08:51:43,592 [Time-limited test] INFO  container.TestHelper (TestHelper.java:countReplicas(423)) - Container 1 has 3 replicas on [a3e84a91-4099-49fb-b86e-4b39e7f57019, b786fb5c-5e67-4c82-ab21-01f7c3e13abe, e3412ff5-1f34-4b2f-8351-e8decf81f5b3]
2023-08-25 08:51:43,633 [EventQueue-DeadNodeForDeadNodeHandler] INFO  node.DeadNodeHandler (DeadNodeHandler.java:onMessage(82)) - A dead datanode is detected. b786fb5c-5e67-4c82-ab21-01f7c3e13abe(fv-az584-689.msjcyvhqqs1uvpg4fm53wptgqc.jx.internal.cloudapp.net/10.1.0.19)
2023-08-25 08:51:43,633 [EventQueue-DeadNodeForDeadNodeHandler] INFO  pipeline.RatisPipelineProvider (RatisPipelineProvider.java:lambda$close$4(272)) - Send pipeline:PipelineID=2e32392c-10ef-4930-8a1d-17b64efc06d6 close command to datanode b786fb5c-5e67-4c82-ab21-01f7c3e13abe
2023-08-25 08:51:43,635 [EventQueue-DeadNodeForDeadNodeHandler] INFO  pipeline.PipelineManagerImpl (PipelineManagerImpl.java:removePipeline(478)) - Pipeline Pipeline[ Id: 2e32392c-10ef-4930-8a1d-17b64efc06d6, Nodes: b786fb5c-5e67-4c82-ab21-01f7c3e13abe(fv-az584-689.msjcyvhqqs1uvpg4fm53wptgqc.jx.internal.cloudapp.net/10.1.0.19), ReplicationConfig: RATIS/ONE, State:CLOSED, leaderId:b786fb5c-5e67-4c82-ab21-01f7c3e13abe, CreationTimestamp2023-08-25T08:51:26.196Z[Etc/UTC]] removed.
2023-08-25 08:51:43,635 [EventQueue-DeadNodeForDeadNodeHandler] INFO  pipeline.RatisPipelineProvider (RatisPipelineProvider.java:lambda$close$4(272)) - Send pipeline:PipelineID=107e6e47-b92c-4fc5-8804-fd0441190f8a close command to datanode b786fb5c-5e67-4c82-ab21-01f7c3e13abe
2023-08-25 08:51:43,636 [EventQueue-DeadNodeForDeadNodeHandler] INFO  pipeline.RatisPipelineProvider (RatisPipelineProvider.java:lambda$close$4(272)) - Send pipeline:PipelineID=107e6e47-b92c-4fc5-8804-fd0441190f8a close command to datanode a3e84a91-4099-49fb-b86e-4b39e7f57019
2023-08-25 08:51:43,636 [EventQueue-DeadNodeForDeadNodeHandler] INFO  pipeline.RatisPipelineProvider (RatisPipelineProvider.java:lambda$close$4(272)) - Send pipeline:PipelineID=107e6e47-b92c-4fc5-8804-fd0441190f8a close command to datanode e3412ff5-1f34-4b2f-8351-e8decf81f5b3
2023-08-25 08:51:43,636 [EventQueue-DeadNodeForDeadNodeHandler] INFO  pipeline.PipelineManagerImpl (PipelineManagerImpl.java:removePipeline(478)) - Pipeline Pipeline[ Id: 107e6e47-b92c-4fc5-8804-fd0441190f8a, Nodes: b786fb5c-5e67-4c82-ab21-01f7c3e13abe(fv-az584-689.msjcyvhqqs1uvpg4fm53wptgqc.jx.internal.cloudapp.net/10.1.0.19)a3e84a91-4099-49fb-b86e-4b39e7f57019(fv-az584-689.msjcyvhqqs1uvpg4fm53wptgqc.jx.internal.cloudapp.net/10.1.0.19)e3412ff5-1f34-4b2f-8351-e8decf81f5b3(fv-az584-689.msjcyvhqqs1uvpg4fm53wptgqc.jx.internal.cloudapp.net/10.1.0.19), ReplicationConfig: RATIS/THREE, State:CLOSED, leaderId:e3412ff5-1f34-4b2f-8351-e8decf81f5b3, CreationTimestamp2023-08-25T08:51:26.581Z[Etc/UTC]] removed.
2023-08-25 08:51:43,636 [EventQueue-DeadNodeForDeadNodeHandler] INFO  pipeline.RatisPipelineProvider (RatisPipelineProvider.java:lambda$close$4(272)) - Send pipeline:PipelineID=e255e297-f576-47c6-be75-8568cf4000d9 close command to datanode b786fb5c-5e67-4c82-ab21-01f7c3e13abe
2023-08-25 08:51:43,636 [EventQueue-DeadNodeForDeadNodeHandler] INFO  pipeline.RatisPipelineProvider (RatisPipelineProvider.java:lambda$close$4(272)) - Send pipeline:PipelineID=e255e297-f576-47c6-be75-8568cf4000d9 close command to datanode a3e84a91-4099-49fb-b86e-4b39e7f57019
2023-08-25 08:51:43,636 [EventQueue-DeadNodeForDeadNodeHandler] INFO  pipeline.RatisPipelineProvider (RatisPipelineProvider.java:lambda$close$4(272)) - Send pipeline:PipelineID=e255e297-f576-47c6-be75-8568cf4000d9 close command to datanode e3412ff5-1f34-4b2f-8351-e8decf81f5b3
2023-08-25 08:51:43,637 [EventQueue-DeadNodeForDeadNodeHandler] INFO  pipeline.PipelineManagerImpl (PipelineManagerImpl.java:removePipeline(478)) - Pipeline Pipeline[ Id: e255e297-f576-47c6-be75-8568cf4000d9, Nodes: b786fb5c-5e67-4c82-ab21-01f7c3e13abe(fv-az584-689.msjcyvhqqs1uvpg4fm53wptgqc.jx.internal.cloudapp.net/10.1.0.19)a3e84a91-4099-49fb-b86e-4b39e7f57019(fv-az584-689.msjcyvhqqs1uvpg4fm53wptgqc.jx.internal.cloudapp.net/10.1.0.19)e3412ff5-1f34-4b2f-8351-e8decf81f5b3(fv-az584-689.msjcyvhqqs1uvpg4fm53wptgqc.jx.internal.cloudapp.net/10.1.0.19), ReplicationConfig: RATIS/THREE, State:CLOSED, leaderId:a3e84a91-4099-49fb-b86e-4b39e7f57019, CreationTimestamp2023-08-25T08:51:26.579Z[Etc/UTC]] removed.
2023-08-25 08:51:43,637 [EventQueue-DeadNodeForDeadNodeHandler] INFO  node.DeadNodeHandler (DeadNodeHandler.java:onMessage(95)) - Clearing command queue of size 3 for DN b786fb5c-5e67-4c82-ab21-01f7c3e13abe(fv-az584-689.msjcyvhqqs1uvpg4fm53wptgqc.jx.internal.cloudapp.net/10.1.0.19)
2023-08-25 08:51:43,637 [EventQueue-DeadNodeForDeadNodeHandler] INFO  net.NetworkTopologyImpl (NetworkTopologyImpl.java:remove(190)) - Removed a node: /default-rack/b786fb5c-5e67-4c82-ab21-01f7c3e13abe
2023-08-25 08:51:43,799 [grpc-default-executor-5] WARN  server.GrpcLogAppender (LogUtils.java:warn(122)) - a3e84a91-4099-49fb-b86e-4b39e7f57019@group-8568CF4000D9->b786fb5c-5e67-4c82-ab21-01f7c3e13abe-AppendLogResponseHandler: Failed appendEntries: org.apache.ratis.thirdparty.io.grpc.StatusRuntimeException: UNAVAILABLE: io exception
2023-08-25 08:51:43,800 [grpc-default-executor-3] WARN  server.GrpcLogAppender (LogUtils.java:warn(122)) - a3e84a91-4099-49fb-b86e-4b39e7f57019@group-8568CF4000D9->b786fb5c-5e67-4c82-ab21-01f7c3e13abe-AppendLogResponseHandler: Failed appendEntries: org.apache.ratis.thirdparty.io.grpc.StatusRuntimeException: UNAVAILABLE: io exception
2023-08-25 08:51:43,809 [grpc-default-executor-3] WARN  server.GrpcLogAppender (LogUtils.java:warn(122)) - a3e84a91-4099-49fb-b86e-4b39e7f57019@group-8568CF4000D9->b786fb5c-5e67-4c82-ab21-01f7c3e13abe-AppendLogResponseHandler: Failed appendEntries: org.apache.ratis.thirdparty.io.grpc.StatusRuntimeException: UNAVAILABLE: io exception
2023-08-25 08:51:43,810 [grpc-default-executor-3] INFO  leader.FollowerInfo (FollowerInfoImpl.java:lambda$new$0(52)) - a3e84a91-4099-49fb-b86e-4b39e7f57019@group-8568CF4000D9->b786fb5c-5e67-4c82-ab21-01f7c3e13abe: decreaseNextIndex nextIndex: updateUnconditionally 1 -> 0
2023-08-25 08:51:43,810 [grpc-default-executor-5] WARN  server.GrpcLogAppender (LogUtils.java:warn(122)) - a3e84a91-4099-49fb-b86e-4b39e7f57019@group-8568CF4000D9->b786fb5c-5e67-4c82-ab21-01f7c3e13abe-AppendLogResponseHandler: Failed appendEntries: org.apache.ratis.thirdparty.io.grpc.StatusRuntimeException: UNAVAILABLE: io exception
2023-08-25 08:51:44,416 [ReplicationMonitor] INFO  replication.ReplicationManager (ReplicationManager.java:processAll(389)) - Replication Monitor Thread took 0 milliseconds for processing 1 containers.
2023-08-25 08:51:44,593 [Time-limited test] INFO  container.TestHelper (TestHelper.java:countReplicas(423)) - Container 1 has 2 replicas on [a3e84a91-4099-49fb-b86e-4b39e7f57019, e3412ff5-1f34-4b2f-8351-e8decf81f5b3]
2023-08-25 08:51:44,593 [Time-limited test] INFO  container.TestHelper (TestHelper.java:countReplicas(423)) - Container 1 has 2 replicas on [a3e84a91-4099-49fb-b86e-4b39e7f57019, e3412ff5-1f34-4b2f-8351-e8decf81f5b3]
2023-08-25 08:51:44,789 [grpc-default-executor-3] WARN  server.GrpcLogAppender (LogUtils.java:warn(122)) - e3412ff5-1f34-4b2f-8351-e8decf81f5b3@group-FD0441190F8A->b786fb5c-5e67-4c82-ab21-01f7c3e13abe-AppendLogResponseHandler: Failed appendEntries: org.apache.ratis.thirdparty.io.grpc.StatusRuntimeException: UNAVAILABLE: io exception
2023-08-25 08:51:44,790 [grpc-default-executor-3] WARN  server.GrpcLogAppender (GrpcLogAppender.java:resetClient(128)) - e3412ff5-1f34-4b2f-8351-e8decf81f5b3@group-FD0441190F8A->b786fb5c-5e67-4c82-ab21-01f7c3e13abe-GrpcLogAppender: Follower failed when matchIndex == 0,  keep nextIndex (1) unchanged and retry.
2023-08-25 08:51:44,790 [grpc-default-executor-5] WARN  server.GrpcLogAppender (LogUtils.java:warn(122)) - e3412ff5-1f34-4b2f-8351-e8decf81f5b3@group-FD0441190F8A->b786fb5c-5e67-4c82-ab21-01f7c3e13abe-AppendLogResponseHandler: Failed appendEntries: org.apache.ratis.thirdparty.io.grpc.StatusRuntimeException: UNAVAILABLE: io exception
2023-08-25 08:51:44,790 [grpc-default-executor-5] WARN  server.GrpcLogAppender (GrpcLogAppender.java:resetClient(128)) - e3412ff5-1f34-4b2f-8351-e8decf81f5b3@group-FD0441190F8A->b786fb5c-5e67-4c82-ab21-01f7c3e13abe-GrpcLogAppender: Follower failed when matchIndex == 0,  keep nextIndex (1) unchanged and retry.
2023-08-25 08:51:45,050 [grpc-default-executor-5] WARN  server.GrpcLogAppender (LogUtils.java:warn(122)) - a3e84a91-4099-49fb-b86e-4b39e7f57019@group-8568CF4000D9->b786fb5c-5e67-4c82-ab21-01f7c3e13abe-AppendLogResponseHandler: Failed appendEntries: org.apache.ratis.thirdparty.io.grpc.StatusRuntimeException: UNAVAILABLE: io exception
2023-08-25 08:51:45,050 [grpc-default-executor-3] WARN  server.GrpcLogAppender (LogUtils.java:warn(122)) - a3e84a91-4099-49fb-b86e-4b39e7f57019@group-8568CF4000D9->b786fb5c-5e67-4c82-ab21-01f7c3e13abe-AppendLogResponseHandler: Failed appendEntries: org.apache.ratis.thirdparty.io.grpc.StatusRuntimeException: UNAVAILABLE: io exception
2023-08-25 08:51:45,061 [grpc-default-executor-3] WARN  server.GrpcLogAppender (LogUtils.java:warn(122)) - a3e84a91-4099-49fb-b86e-4b39e7f57019@group-8568CF4000D9->b786fb5c-5e67-4c82-ab21-01f7c3e13abe-AppendLogResponseHandler: Failed appendEntries: org.apache.ratis.thirdparty.io.grpc.StatusRuntimeException: UNAVAILABLE: io exception
2023-08-25 08:51:45,062 [grpc-default-executor-3] INFO  leader.FollowerInfo (FollowerInfoImpl.java:lambda$new$0(52)) - a3e84a91-4099-49fb-b86e-4b39e7f57019@group-8568CF4000D9->b786fb5c-5e67-4c82-ab21-01f7c3e13abe: decreaseNextIndex nextIndex: updateUnconditionally 1 -> 0
2023-08-25 08:51:45,063 [grpc-default-executor-5] WARN  server.GrpcLogAppender (LogUtils.java:warn(122)) - a3e84a91-4099-49fb-b86e-4b39e7f57019@group-8568CF4000D9->b786fb5c-5e67-4c82-ab21-01f7c3e13abe-AppendLogResponseHandler: Failed appendEntries: org.apache.ratis.thirdparty.io.grpc.StatusRuntimeException: UNAVAILABLE: io exception
2023-08-25 08:51:45,417 [ReplicationMonitor] INFO  replication.ReplicationManager (ReplicationManager.java:processAll(389)) - Replication Monitor Thread took 1 milliseconds for processing 1 containers.
2023-08-25 08:51:45,562 [PipelineCommandHandlerThread-0] INFO  server.RaftServer (RaftServerProxy.java:remove(109)) - a3e84a91-4099-49fb-b86e-4b39e7f57019: remove  FOLLOWER a3e84a91-4099-49fb-b86e-4b39e7f57019@group-FD0441190F8A:t1, leader=e3412ff5-1f34-4b2f-8351-e8decf81f5b3, voted=e3412ff5-1f34-4b2f-8351-e8decf81f5b3, raftlog=Memoized:a3e84a91-4099-49fb-b86e-4b39e7f57019@group-FD0441190F8A-SegmentedRaftLog:OPENED:c0, conf=0: peers:[b786fb5c-5e67-4c82-ab21-01f7c3e13abe|rpc:10.1.0.19:15076|admin:10.1.0.19:15075|client:10.1.0.19:15074|dataStream:10.1.0.19:15077|priority:0|startupRole:FOLLOWER, a3e84a91-4099-49fb-b86e-4b39e7f57019|rpc:10.1.0.19:15067|admin:10.1.0.19:15066|client:10.1.0.19:15065|dataStream:10.1.0.19:15068|priority:0|startupRole:FOLLOWER, e3412ff5-1f34-4b2f-8351-e8decf81f5b3|rpc:10.1.0.19:15085|admin:10.1.0.19:15084|client:10.1.0.19:15083|dataStream:10.1.0.19:15086|priority:1|startupRole:FOLLOWER]|listeners:[], old=null RUNNING
2023-08-25 08:51:45,562 [PipelineCommandHandlerThread-0] INFO  server.RaftServer$Division (RaftServerImpl.java:lambda$close$4(466)) - a3e84a91-4099-49fb-b86e-4b39e7f57019@group-FD0441190F8A: shutdown
2023-08-25 08:51:45,562 [PipelineCommandHandlerThread-0] INFO  util.JmxRegister (JmxRegister.java:unregister(73)) - Successfully un-registered JMX Bean with object name Ratis:service=RaftServer,group=group-FD0441190F8A,id=a3e84a91-4099-49fb-b86e-4b39e7f57019
2023-08-25 08:51:45,562 [PipelineCommandHandlerThread-0] INFO  impl.RoleInfo (RoleInfo.java:shutdownFollowerState(110)) - a3e84a91-4099-49fb-b86e-4b39e7f57019: shutdown a3e84a91-4099-49fb-b86e-4b39e7f57019@group-FD0441190F8A-FollowerState
2023-08-25 08:51:45,562 [PipelineCommandHandlerThread-0] INFO  impl.StateMachineUpdater (StateMachineUpdater.java:stopAndJoin(155)) - a3e84a91-4099-49fb-b86e-4b39e7f57019@group-FD0441190F8A-StateMachineUpdater: set stopIndex = 0
2023-08-25 08:51:45,562 [a3e84a91-4099-49fb-b86e-4b39e7f57019@group-FD0441190F8A-FollowerState] INFO  impl.FollowerState (FollowerState.java:run(152)) - a3e84a91-4099-49fb-b86e-4b39e7f57019@group-FD0441190F8A-FollowerState was interrupted
2023-08-25 08:51:45,564 [a3e84a91-4099-49fb-b86e-4b39e7f57019@group-FD0441190F8A-StateMachineUpdater] INFO  ratis.ContainerStateMachine (ContainerStateMachine.java:takeSnapshot(330)) - group-FD0441190F8A: Taking a snapshot at:(t:1, i:0) file /home/runner/work/ozone/ozone/hadoop-ozone/integration-test/target/test-dir/MiniOzoneClusterImpl-7264bf39-beec-4c8a-bbdc-a469073ec634/datanode-0/data/ratis/107e6e47-b92c-4fc5-8804-fd0441190f8a/sm/snapshot.1_0
2023-08-25 08:51:45,565 [a3e84a91-4099-49fb-b86e-4b39e7f57019@group-FD0441190F8A-StateMachineUpdater] INFO  ratis.ContainerStateMachine (ContainerStateMachine.java:takeSnapshot(341)) - group-FD0441190F8A: Finished taking a snapshot at:(t:1, i:0) file:/home/runner/work/ozone/ozone/hadoop-ozone/integration-test/target/test-dir/MiniOzoneClusterImpl-7264bf39-beec-4c8a-bbdc-a469073ec634/datanode-0/data/ratis/107e6e47-b92c-4fc5-8804-fd0441190f8a/sm/snapshot.1_0 took: 1 ms
2023-08-25 08:51:45,566 [a3e84a91-4099-49fb-b86e-4b39e7f57019@group-FD0441190F8A-StateMachineUpdater] INFO  impl.StateMachineUpdater (StateMachineUpdater.java:takeSnapshot(291)) - a3e84a91-4099-49fb-b86e-4b39e7f57019@group-FD0441190F8A-StateMachineUpdater: Took a snapshot at index 0
2023-08-25 08:51:45,566 [a3e84a91-4099-49fb-b86e-4b39e7f57019@group-FD0441190F8A-StateMachineUpdater] INFO  impl.StateMachineUpdater (StateMachineUpdater.java:lambda$new$0(97)) - a3e84a91-4099-49fb-b86e-4b39e7f57019@group-FD0441190F8A-StateMachineUpdater: snapshotIndex: updateIncreasingly -1 -> 0
2023-08-25 08:51:45,566 [PipelineCommandHandlerThread-0] INFO  server.RaftServer$Division (ServerState.java:close(472)) - a3e84a91-4099-49fb-b86e-4b39e7f57019@group-FD0441190F8A: closes. applyIndex: 0
2023-08-25 08:51:45,568 [PipelineCommandHandlerThread-0] INFO  server.RaftServer (RaftServerProxy.java:remove(109)) - e3412ff5-1f34-4b2f-8351-e8decf81f5b3: remove    LEADER e3412ff5-1f34-4b2f-8351-e8decf81f5b3@group-FD0441190F8A:t1, leader=e3412ff5-1f34-4b2f-8351-e8decf81f5b3, voted=e3412ff5-1f34-4b2f-8351-e8decf81f5b3, raftlog=Memoized:e3412ff5-1f34-4b2f-8351-e8decf81f5b3@group-FD0441190F8A-SegmentedRaftLog:OPENED:c0, conf=0: peers:[b786fb5c-5e67-4c82-ab21-01f7c3e13abe|rpc:10.1.0.19:15076|admin:10.1.0.19:15075|client:10.1.0.19:15074|dataStream:10.1.0.19:15077|priority:0|startupRole:FOLLOWER, a3e84a91-4099-49fb-b86e-4b39e7f57019|rpc:10.1.0.19:15067|admin:10.1.0.19:15066|client:10.1.0.19:15065|dataStream:10.1.0.19:15068|priority:0|startupRole:FOLLOWER, e3412ff5-1f34-4b2f-8351-e8decf81f5b3|rpc:10.1.0.19:15085|admin:10.1.0.19:15084|client:10.1.0.19:15083|dataStream:10.1.0.19:15086|priority:1|startupRole:FOLLOWER]|listeners:[], old=null RUNNING
2023-08-25 08:51:45,568 [PipelineCommandHandlerThread-0] INFO  server.RaftServer$Division (RaftServerImpl.java:lambda$close$4(466)) - e3412ff5-1f34-4b2f-8351-e8decf81f5b3@group-FD0441190F8A: shutdown
2023-08-25 08:51:45,568 [PipelineCommandHandlerThread-0] INFO  util.JmxRegister (JmxRegister.java:unregister(73)) - Successfully un-registered JMX Bean with object name Ratis:service=RaftServer,group=group-FD0441190F8A,id=e3412ff5-1f34-4b2f-8351-e8decf81f5b3
2023-08-25 08:51:45,568 [PipelineCommandHandlerThread-0] INFO  impl.RoleInfo (RoleInfo.java:shutdownLeaderState(93)) - e3412ff5-1f34-4b2f-8351-e8decf81f5b3: shutdown e3412ff5-1f34-4b2f-8351-e8decf81f5b3@group-FD0441190F8A-LeaderStateImpl
2023-08-25 08:51:45,568 [e3412ff5-1f34-4b2f-8351-e8decf81f5b3@group-FD0441190F8A->b786fb5c-5e67-4c82-ab21-01f7c3e13abe-GrpcLogAppender-LogAppenderDaemon] WARN  server.GrpcLogAppender (GrpcLogAppender.java:mayWait(199)) - e3412ff5-1f34-4b2f-8351-e8decf81f5b3@group-FD0441190F8A->b786fb5c-5e67-4c82-ab21-01f7c3e13abe-GrpcLogAppender: Wait interrupted by java.lang.InterruptedException
2023-08-25 08:51:45,568 [PipelineCommandHandlerThread-0] INFO  impl.PendingRequests (PendingRequests.java:sendNotLeaderResponses(289)) - e3412ff5-1f34-4b2f-8351-e8decf81f5b3@group-FD0441190F8A-PendingRequests: sendNotLeaderResponses
2023-08-25 08:51:45,569 [e3412ff5-1f34-4b2f-8351-e8decf81f5b3@group-FD0441190F8A->a3e84a91-4099-49fb-b86e-4b39e7f57019-GrpcLogAppender-LogAppenderDaemon] WARN  server.GrpcLogAppender (GrpcLogAppender.java:mayWait(199)) - e3412ff5-1f34-4b2f-8351-e8decf81f5b3@group-FD0441190F8A->a3e84a91-4099-49fb-b86e-4b39e7f57019-GrpcLogAppender: Wait interrupted by java.lang.InterruptedException
2023-08-25 08:51:45,569 [PipelineCommandHandlerThread-0] INFO  impl.StateMachineUpdater (StateMachineUpdater.java:stopAndJoin(155)) - e3412ff5-1f34-4b2f-8351-e8decf81f5b3@group-FD0441190F8A-StateMachineUpdater: set stopIndex = 0
2023-08-25 08:51:45,569 [e3412ff5-1f34-4b2f-8351-e8decf81f5b3@group-FD0441190F8A-StateMachineUpdater] INFO  ratis.ContainerStateMachine (ContainerStateMachine.java:takeSnapshot(330)) - group-FD0441190F8A: Taking a snapshot at:(t:1, i:0) file /home/runner/work/ozone/ozone/hadoop-ozone/integration-test/target/test-dir/MiniOzoneClusterImpl-7264bf39-beec-4c8a-bbdc-a469073ec634/datanode-2/data/ratis/107e6e47-b92c-4fc5-8804-fd0441190f8a/sm/snapshot.1_0
2023-08-25 08:51:45,571 [grpc-default-executor-5] INFO  server.GrpcServerProtocolService (GrpcServerProtocolService.java:onCompleted(155)) - a3e84a91-4099-49fb-b86e-4b39e7f57019: Completed APPEND_ENTRIES, lastRequest: e3412ff5-1f34-4b2f-8351-e8decf81f5b3->a3e84a91-4099-49fb-b86e-4b39e7f57019#1-t1,previous=(t:0, i:0),leaderCommit=-1,initializing? true,entries: size=1, first=(t:1, i:0), CONFIGURATIONENTRY(current:id: "b786fb5c-5e67-4c82-ab21-01f7c3e13abe"
address: "10.1.0.19:15076"
dataStreamAddress: "10.1.0.19:15077"
clientAddress: "10.1.0.19:15074"
adminAddress: "10.1.0.19:15075"
startupRole: FOLLOWER
,id: "a3e84a91-4099-49fb-b86e-4b39e7f57019"
address: "10.1.0.19:15067"
dataStreamAddress: "10.1.0.19:15068"
clientAddress: "10.1.0.19:15065"
adminAddress: "10.1.0.19:15066"
startupRole: FOLLOWER
,id: "e3412ff5-1f34-4b2f-8351-e8decf81f5b3"
address: "10.1.0.19:15085"
priority: 1
dataStreamAddress: "10.1.0.19:15086"
clientAddress: "10.1.0.19:15083"
adminAddress: "10.1.0.19:15084"
startupRole: FOLLOWER
, old:)
2023-08-25 08:51:45,571 [grpc-default-executor-5] INFO  server.GrpcServerProtocolService (GrpcServerProtocolService.java:lambda$onCompleted$5(157)) - a3e84a91-4099-49fb-b86e-4b39e7f57019: Completed APPEND_ENTRIES, lastReply: null
2023-08-25 08:51:45,571 [e3412ff5-1f34-4b2f-8351-e8decf81f5b3@group-FD0441190F8A-StateMachineUpdater] INFO  ratis.ContainerStateMachine (ContainerStateMachine.java:takeSnapshot(341)) - group-FD0441190F8A: Finished taking a snapshot at:(t:1, i:0) file:/home/runner/work/ozone/ozone/hadoop-ozone/integration-test/target/test-dir/MiniOzoneClusterImpl-7264bf39-beec-4c8a-bbdc-a469073ec634/datanode-2/data/ratis/107e6e47-b92c-4fc5-8804-fd0441190f8a/sm/snapshot.1_0 took: 2 ms
2023-08-25 08:51:45,571 [grpc-default-executor-3] INFO  server.GrpcServerProtocolService (GrpcServerProtocolService.java:onCompleted(155)) - a3e84a91-4099-49fb-b86e-4b39e7f57019: Completed APPEND_ENTRIES, lastRequest: null
2023-08-25 08:51:45,571 [e3412ff5-1f34-4b2f-8351-e8decf81f5b3@group-FD0441190F8A-StateMachineUpdater] INFO  impl.StateMachineUpdater (StateMachineUpdater.java:takeSnapshot(291)) - e3412ff5-1f34-4b2f-8351-e8decf81f5b3@group-FD0441190F8A-StateMachineUpdater: Took a snapshot at index 0
2023-08-25 08:51:45,571 [e3412ff5-1f34-4b2f-8351-e8decf81f5b3@group-FD0441190F8A-StateMachineUpdater] INFO  impl.StateMachineUpdater (StateMachineUpdater.java:lambda$new$0(97)) - e3412ff5-1f34-4b2f-8351-e8decf81f5b3@group-FD0441190F8A-StateMachineUpdater: snapshotIndex: updateIncreasingly -1 -> 0
2023-08-25 08:51:45,571 [grpc-default-executor-3] INFO  server.GrpcServerProtocolService (GrpcServerProtocolService.java:lambda$onCompleted$5(157)) - a3e84a91-4099-49fb-b86e-4b39e7f57019: Completed APPEND_ENTRIES, lastReply: serverReply {
  requestorId: "e3412ff5-1f34-4b2f-8351-e8decf81f5b3"
  replyId: "a3e84a91-4099-49fb-b86e-4b39e7f57019"
  raftGroupId {
    id: "\020~nG\271,O\305\210\004\375\004A\031\017\212"
  }
  callId: 6
  success: true
}
term: 1
nextIndex: 1
matchIndex: 18446744073709551615
isHearbeat: true

2023-08-25 08:51:45,572 [grpc-default-executor-6] INFO  server.GrpcLogAppender (GrpcLogAppender.java:onCompleted(428)) - e3412ff5-1f34-4b2f-8351-e8decf81f5b3@group-FD0441190F8A->a3e84a91-4099-49fb-b86e-4b39e7f57019-AppendLogResponseHandler: follower responses appendEntries COMPLETED
2023-08-25 08:51:45,572 [grpc-default-executor-6] INFO  leader.FollowerInfo (FollowerInfoImpl.java:lambda$new$0(52)) - e3412ff5-1f34-4b2f-8351-e8decf81f5b3@group-FD0441190F8A->a3e84a91-4099-49fb-b86e-4b39e7f57019: decreaseNextIndex nextIndex: updateUnconditionally 1 -> 0
2023-08-25 08:51:45,576 [grpc-default-executor-5] INFO  server.GrpcLogAppender (GrpcLogAppender.java:onCompleted(428)) - e3412ff5-1f34-4b2f-8351-e8decf81f5b3@group-FD0441190F8A->a3e84a91-4099-49fb-b86e-4b39e7f57019-AppendLogResponseHandler: follower responses appendEntries COMPLETED
2023-08-25 08:51:45,576 [PipelineCommandHandlerThread-0] INFO  server.RaftServer$Division (ServerState.java:close(472)) - e3412ff5-1f34-4b2f-8351-e8decf81f5b3@group-FD0441190F8A: closes. applyIndex: 0
2023-08-25 08:51:45,593 [Time-limited test] INFO  container.TestHelper (TestHelper.java:countReplicas(423)) - Container 1 has 2 replicas on [a3e84a91-4099-49fb-b86e-4b39e7f57019, e3412ff5-1f34-4b2f-8351-e8decf81f5b3]
2023-08-25 08:51:45,729 [PipelineCommandHandlerThread-0] INFO  segmented.SegmentedRaftLogWorker (SegmentedRaftLogWorker.java:close(252)) - e3412ff5-1f34-4b2f-8351-e8decf81f5b3@group-FD0441190F8A-SegmentedRaftLogWorker close()
2023-08-25 08:51:45,731 [PipelineCommandHandlerThread-0] INFO  server.RaftServer$Division (RaftServerImpl.java:groupRemove(436)) - e3412ff5-1f34-4b2f-8351-e8decf81f5b3@group-FD0441190F8A: Succeed to remove RaftStorageDirectory Storage Directory /home/runner/work/ozone/ozone/hadoop-ozone/integration-test/target/test-dir/MiniOzoneClusterImpl-7264bf39-beec-4c8a-bbdc-a469073ec634/datanode-2/data/ratis/107e6e47-b92c-4fc5-8804-fd0441190f8a
2023-08-25 08:51:45,731 [PipelineCommandHandlerThread-0] INFO  commandhandler.ClosePipelineCommandHandler (ClosePipelineCommandHandler.java:lambda$handle$0(87)) - Close Pipeline PipelineID=107e6e47-b92c-4fc5-8804-fd0441190f8a command on datanode e3412ff5-1f34-4b2f-8351-e8decf81f5b3.
2023-08-25 08:51:45,731 [PipelineCommandHandlerThread-0] INFO  server.RaftServer (RaftServerProxy.java:remove(109)) - e3412ff5-1f34-4b2f-8351-e8decf81f5b3: remove  FOLLOWER e3412ff5-1f34-4b2f-8351-e8decf81f5b3@group-8568CF4000D9:t1, leader=a3e84a91-4099-49fb-b86e-4b39e7f57019, voted=a3e84a91-4099-49fb-b86e-4b39e7f57019, raftlog=Memoized:e3412ff5-1f34-4b2f-8351-e8decf81f5b3@group-8568CF4000D9-SegmentedRaftLog:OPENED:c6, conf=0: peers:[b786fb5c-5e67-4c82-ab21-01f7c3e13abe|rpc:10.1.0.19:15076|admin:10.1.0.19:15075|client:10.1.0.19:15074|dataStream:10.1.0.19:15077|priority:0|startupRole:FOLLOWER, a3e84a91-4099-49fb-b86e-4b39e7f57019|rpc:10.1.0.19:15067|admin:10.1.0.19:15066|client:10.1.0.19:15065|dataStream:10.1.0.19:15068|priority:1|startupRole:FOLLOWER, e3412ff5-1f34-4b2f-8351-e8decf81f5b3|rpc:10.1.0.19:15085|admin:10.1.0.19:15084|client:10.1.0.19:15083|dataStream:10.1.0.19:15086|priority:0|startupRole:FOLLOWER]|listeners:[], old=null RUNNING
2023-08-25 08:51:45,732 [PipelineCommandHandlerThread-0] INFO  server.RaftServer$Division (RaftServerImpl.java:lambda$close$4(466)) - e3412ff5-1f34-4b2f-8351-e8decf81f5b3@group-8568CF4000D9: shutdown
2023-08-25 08:51:45,732 [PipelineCommandHandlerThread-0] INFO  util.JmxRegister (JmxRegister.java:unregister(73)) - Successfully un-registered JMX Bean with object name Ratis:service=RaftServer,group=group-8568CF4000D9,id=e3412ff5-1f34-4b2f-8351-e8decf81f5b3
2023-08-25 08:51:45,732 [PipelineCommandHandlerThread-0] INFO  impl.RoleInfo (RoleInfo.java:shutdownFollowerState(110)) - e3412ff5-1f34-4b2f-8351-e8decf81f5b3: shutdown e3412ff5-1f34-4b2f-8351-e8decf81f5b3@group-8568CF4000D9-FollowerState
2023-08-25 08:51:45,732 [PipelineCommandHandlerThread-0] INFO  impl.StateMachineUpdater (StateMachineUpdater.java:stopAndJoin(155)) - e3412ff5-1f34-4b2f-8351-e8decf81f5b3@group-8568CF4000D9-StateMachineUpdater: set stopIndex = 6
2023-08-25 08:51:45,732 [e3412ff5-1f34-4b2f-8351-e8decf81f5b3@group-8568CF4000D9-FollowerState] INFO  impl.FollowerState (FollowerState.java:run(152)) - e3412ff5-1f34-4b2f-8351-e8decf81f5b3@group-8568CF4000D9-FollowerState was interrupted
2023-08-25 08:51:45,732 [e3412ff5-1f34-4b2f-8351-e8decf81f5b3@group-8568CF4000D9-StateMachineUpdater] INFO  ratis.ContainerStateMachine (ContainerStateMachine.java:takeSnapshot(330)) - group-8568CF4000D9: Taking a snapshot at:(t:1, i:6) file /home/runner/work/ozone/ozone/hadoop-ozone/integration-test/target/test-dir/MiniOzoneClusterImpl-7264bf39-beec-4c8a-bbdc-a469073ec634/datanode-2/data/ratis/e255e297-f576-47c6-be75-8568cf4000d9/sm/snapshot.1_6
2023-08-25 08:51:45,734 [e3412ff5-1f34-4b2f-8351-e8decf81f5b3@group-8568CF4000D9-StateMachineUpdater] INFO  ratis.ContainerStateMachine (ContainerStateMachine.java:takeSnapshot(341)) - group-8568CF4000D9: Finished taking a snapshot at:(t:1, i:6) file:/home/runner/work/ozone/ozone/hadoop-ozone/integration-test/target/test-dir/MiniOzoneClusterImpl-7264bf39-beec-4c8a-bbdc-a469073ec634/datanode-2/data/ratis/e255e297-f576-47c6-be75-8568cf4000d9/sm/snapshot.1_6 took: 1 ms
2023-08-25 08:51:45,734 [e3412ff5-1f34-4b2f-8351-e8decf81f5b3@group-8568CF4000D9-StateMachineUpdater] INFO  impl.StateMachineUpdater (StateMachineUpdater.java:takeSnapshot(291)) - e3412ff5-1f34-4b2f-8351-e8decf81f5b3@group-8568CF4000D9-StateMachineUpdater: Took a snapshot at index 6
2023-08-25 08:51:45,734 [e3412ff5-1f34-4b2f-8351-e8decf81f5b3@group-8568CF4000D9-StateMachineUpdater] INFO  impl.StateMachineUpdater (StateMachineUpdater.java:lambda$new$0(97)) - e3412ff5-1f34-4b2f-8351-e8decf81f5b3@group-8568CF4000D9-StateMachineUpdater: snapshotIndex: updateIncreasingly -1 -> 6
2023-08-25 08:51:45,734 [PipelineCommandHandlerThread-0] INFO  server.RaftServer$Division (ServerState.java:close(472)) - e3412ff5-1f34-4b2f-8351-e8decf81f5b3@group-8568CF4000D9: closes. applyIndex: 6
2023-08-25 08:51:45,779 [PipelineCommandHandlerThread-0] INFO  segmented.SegmentedRaftLogWorker (SegmentedRaftLogWorker.java:close(252)) - a3e84a91-4099-49fb-b86e-4b39e7f57019@group-FD0441190F8A-SegmentedRaftLogWorker close()
2023-08-25 08:51:45,782 [PipelineCommandHandlerThread-0] INFO  server.RaftServer$Division (RaftServerImpl.java:groupRemove(436)) - a3e84a91-4099-49fb-b86e-4b39e7f57019@group-FD0441190F8A: Succeed to remove RaftStorageDirectory Storage Directory /home/runner/work/ozone/ozone/hadoop-ozone/integration-test/target/test-dir/MiniOzoneClusterImpl-7264bf39-beec-4c8a-bbdc-a469073ec634/datanode-0/data/ratis/107e6e47-b92c-4fc5-8804-fd0441190f8a
2023-08-25 08:51:45,782 [PipelineCommandHandlerThread-0] INFO  commandhandler.ClosePipelineCommandHandler (ClosePipelineCommandHandler.java:lambda$handle$0(87)) - Close Pipeline PipelineID=107e6e47-b92c-4fc5-8804-fd0441190f8a command on datanode a3e84a91-4099-49fb-b86e-4b39e7f57019.
2023-08-25 08:51:45,782 [PipelineCommandHandlerThread-0] INFO  server.RaftServer (RaftServerProxy.java:remove(109)) - a3e84a91-4099-49fb-b86e-4b39e7f57019: remove    LEADER a3e84a91-4099-49fb-b86e-4b39e7f57019@group-8568CF4000D9:t1, leader=a3e84a91-4099-49fb-b86e-4b39e7f57019, voted=a3e84a91-4099-49fb-b86e-4b39e7f57019, raftlog=Memoized:a3e84a91-4099-49fb-b86e-4b39e7f57019@group-8568CF4000D9-SegmentedRaftLog:OPENED:c6, conf=0: peers:[b786fb5c-5e67-4c82-ab21-01f7c3e13abe|rpc:10.1.0.19:15076|admin:10.1.0.19:15075|client:10.1.0.19:15074|dataStream:10.1.0.19:15077|priority:0|startupRole:FOLLOWER, a3e84a91-4099-49fb-b86e-4b39e7f57019|rpc:10.1.0.19:15067|admin:10.1.0.19:15066|client:10.1.0.19:15065|dataStream:10.1.0.19:15068|priority:1|startupRole:FOLLOWER, e3412ff5-1f34-4b2f-8351-e8decf81f5b3|rpc:10.1.0.19:15085|admin:10.1.0.19:15084|client:10.1.0.19:15083|dataStream:10.1.0.19:15086|priority:0|startupRole:FOLLOWER]|listeners:[], old=null RUNNING
2023-08-25 08:51:45,783 [PipelineCommandHandlerThread-0] INFO  server.RaftServer$Division (RaftServerImpl.java:lambda$close$4(466)) - a3e84a91-4099-49fb-b86e-4b39e7f57019@group-8568CF4000D9: shutdown
2023-08-25 08:51:45,783 [PipelineCommandHandlerThread-0] INFO  util.JmxRegister (JmxRegister.java:unregister(73)) - Successfully un-registered JMX Bean with object name Ratis:service=RaftServer,group=group-8568CF4000D9,id=a3e84a91-4099-49fb-b86e-4b39e7f57019
2023-08-25 08:51:45,783 [PipelineCommandHandlerThread-0] INFO  impl.RoleInfo (RoleInfo.java:shutdownLeaderState(93)) - a3e84a91-4099-49fb-b86e-4b39e7f57019: shutdown a3e84a91-4099-49fb-b86e-4b39e7f57019@group-8568CF4000D9-LeaderStateImpl
2023-08-25 08:51:45,783 [a3e84a91-4099-49fb-b86e-4b39e7f57019@group-8568CF4000D9->b786fb5c-5e67-4c82-ab21-01f7c3e13abe-GrpcLogAppender-LogAppenderDaemon] WARN  server.GrpcLogAppender (GrpcLogAppender.java:mayWait(199)) - a3e84a91-4099-49fb-b86e-4b39e7f57019@group-8568CF4000D9->b786fb5c-5e67-4c82-ab21-01f7c3e13abe-GrpcLogAppender: Wait interrupted by java.lang.InterruptedException
2023-08-25 08:51:45,783 [a3e84a91-4099-49fb-b86e-4b39e7f57019@group-8568CF4000D9->e3412ff5-1f34-4b2f-8351-e8decf81f5b3-GrpcLogAppender-LogAppenderDaemon] WARN  server.GrpcLogAppender (GrpcLogAppender.java:mayWait(199)) - a3e84a91-4099-49fb-b86e-4b39e7f57019@group-8568CF4000D9->e3412ff5-1f34-4b2f-8351-e8decf81f5b3-GrpcLogAppender: Wait interrupted by java.lang.InterruptedException
2023-08-25 08:51:45,783 [PipelineCommandHandlerThread-0] INFO  impl.PendingRequests (PendingRequests.java:sendNotLeaderResponses(289)) - a3e84a91-4099-49fb-b86e-4b39e7f57019@group-8568CF4000D9-PendingRequests: sendNotLeaderResponses
2023-08-25 08:51:45,784 [grpc-default-executor-2] INFO  server.GrpcServerProtocolService (GrpcServerProtocolService.java:onCompleted(155)) - e3412ff5-1f34-4b2f-8351-e8decf81f5b3: Completed APPEND_ENTRIES, lastRequest: null
2023-08-25 08:51:45,784 [grpc-default-executor-5] INFO  server.GrpcServerProtocolService (GrpcServerProtocolService.java:onCompleted(155)) - e3412ff5-1f34-4b2f-8351-e8decf81f5b3: Completed APPEND_ENTRIES, lastRequest: a3e84a91-4099-49fb-b86e-4b39e7f57019->e3412ff5-1f34-4b2f-8351-e8decf81f5b3#14-t1,previous=(t:1, i:5),leaderCommit=5,initializing? true,entries: size=1, first=(t:1, i:6), METADATAENTRY(c:5)
2023-08-25 08:51:45,785 [grpc-default-executor-5] INFO  server.GrpcServerProtocolService (GrpcServerProtocolService.java:lambda$onCompleted$5(157)) - e3412ff5-1f34-4b2f-8351-e8decf81f5b3: Completed APPEND_ENTRIES, lastReply: null
2023-08-25 08:51:45,785 [grpc-default-executor-2] INFO  server.GrpcServerProtocolService (GrpcServerProtocolService.java:lambda$onCompleted$5(157)) - e3412ff5-1f34-4b2f-8351-e8decf81f5b3: Completed APPEND_ENTRIES, lastReply: serverReply {
  requestorId: "a3e84a91-4099-49fb-b86e-4b39e7f57019"
  replyId: "e3412ff5-1f34-4b2f-8351-e8decf81f5b3"
  raftGroupId {
    id: "\342U\342\227\365vG\306\276u\205h\317@\000\331"
  }
  callId: 19
  success: true
}
term: 1
nextIndex: 7
followerCommit: 6
matchIndex: 18446744073709551615
isHearbeat: true

2023-08-25 08:51:45,787 [grpc-default-executor-5] INFO  server.GrpcLogAppender (GrpcLogAppender.java:onCompleted(428)) - a3e84a91-4099-49fb-b86e-4b39e7f57019@group-8568CF4000D9->e3412ff5-1f34-4b2f-8351-e8decf81f5b3-AppendLogResponseHandler: follower responses appendEntries COMPLETED
2023-08-25 08:51:45,787 [grpc-default-executor-5] INFO  leader.FollowerInfo (FollowerInfoImpl.java:lambda$new$0(52)) - a3e84a91-4099-49fb-b86e-4b39e7f57019@group-8568CF4000D9->e3412ff5-1f34-4b2f-8351-e8decf81f5b3: decreaseNextIndex nextIndex: updateUnconditionally 7 -> 6
2023-08-25 08:51:45,788 [grpc-default-executor-3] INFO  server.GrpcLogAppender (GrpcLogAppender.java:onCompleted(428)) - a3e84a91-4099-49fb-b86e-4b39e7f57019@group-8568CF4000D9->e3412ff5-1f34-4b2f-8351-e8decf81f5b3-AppendLogResponseHandler: follower responses appendEntries COMPLETED
2023-08-25 08:51:45,788 [grpc-default-executor-3] INFO  leader.FollowerInfo (FollowerInfoImpl.java:lambda$new$0(52)) - a3e84a91-4099-49fb-b86e-4b39e7f57019@group-8568CF4000D9->e3412ff5-1f34-4b2f-8351-e8decf81f5b3: decreaseNextIndex nextIndex: updateUnconditionally 6 -> 5
2023-08-25 08:51:45,788 [PipelineCommandHandlerThread-0] INFO  impl.StateMachineUpdater (StateMachineUpdater.java:stopAndJoin(155)) - a3e84a91-4099-49fb-b86e-4b39e7f57019@group-8568CF4000D9-StateMachineUpdater: set stopIndex = 6
2023-08-25 08:51:45,789 [a3e84a91-4099-49fb-b86e-4b39e7f57019@group-8568CF4000D9-StateMachineUpdater] INFO  ratis.ContainerStateMachine (ContainerStateMachine.java:takeSnapshot(330)) - group-8568CF4000D9: Taking a snapshot at:(t:1, i:6) file /home/runner/work/ozone/ozone/hadoop-ozone/integration-test/target/test-dir/MiniOzoneClusterImpl-7264bf39-beec-4c8a-bbdc-a469073ec634/datanode-0/data/ratis/e255e297-f576-47c6-be75-8568cf4000d9/sm/snapshot.1_6
2023-08-25 08:51:45,791 [a3e84a91-4099-49fb-b86e-4b39e7f57019@group-8568CF4000D9-StateMachineUpdater] INFO  ratis.ContainerStateMachine (ContainerStateMachine.java:takeSnapshot(341)) - group-8568CF4000D9: Finished taking a snapshot at:(t:1, i:6) file:/home/runner/work/ozone/ozone/hadoop-ozone/integration-test/target/test-dir/MiniOzoneClusterImpl-7264bf39-beec-4c8a-bbdc-a469073ec634/datanode-0/data/ratis/e255e297-f576-47c6-be75-8568cf4000d9/sm/snapshot.1_6 took: 1 ms
2023-08-25 08:51:45,791 [a3e84a91-4099-49fb-b86e-4b39e7f57019@group-8568CF4000D9-StateMachineUpdater] INFO  impl.StateMachineUpdater (StateMachineUpdater.java:takeSnapshot(291)) - a3e84a91-4099-49fb-b86e-4b39e7f57019@group-8568CF4000D9-StateMachineUpdater: Took a snapshot at index 6
2023-08-25 08:51:45,791 [a3e84a91-4099-49fb-b86e-4b39e7f57019@group-8568CF4000D9-StateMachineUpdater] INFO  impl.StateMachineUpdater (StateMachineUpdater.java:lambda$new$0(97)) - a3e84a91-4099-49fb-b86e-4b39e7f57019@group-8568CF4000D9-StateMachineUpdater: snapshotIndex: updateIncreasingly -1 -> 6
2023-08-25 08:51:45,791 [PipelineCommandHandlerThread-0] INFO  server.RaftServer$Division (ServerState.java:close(472)) - a3e84a91-4099-49fb-b86e-4b39e7f57019@group-8568CF4000D9: closes. applyIndex: 6
2023-08-25 08:51:46,417 [ReplicationMonitor] INFO  replication.ReplicationManager (ReplicationManager.java:processAll(389)) - Replication Monitor Thread took 0 milliseconds for processing 1 containers.
2023-08-25 08:51:46,539 [PipelineCommandHandlerThread-0] INFO  segmented.SegmentedRaftLogWorker (SegmentedRaftLogWorker.java:close(252)) - a3e84a91-4099-49fb-b86e-4b39e7f57019@group-8568CF4000D9-SegmentedRaftLogWorker close()
2023-08-25 08:51:46,542 [PipelineCommandHandlerThread-0] INFO  server.RaftServer$Division (RaftServerImpl.java:groupRemove(436)) - a3e84a91-4099-49fb-b86e-4b39e7f57019@group-8568CF4000D9: Succeed to remove RaftStorageDirectory Storage Directory /home/runner/work/ozone/ozone/hadoop-ozone/integration-test/target/test-dir/MiniOzoneClusterImpl-7264bf39-beec-4c8a-bbdc-a469073ec634/datanode-0/data/ratis/e255e297-f576-47c6-be75-8568cf4000d9
2023-08-25 08:51:46,542 [PipelineCommandHandlerThread-0] INFO  commandhandler.ClosePipelineCommandHandler (ClosePipelineCommandHandler.java:lambda$handle$0(87)) - Close Pipeline PipelineID=e255e297-f576-47c6-be75-8568cf4000d9 command on datanode a3e84a91-4099-49fb-b86e-4b39e7f57019.
2023-08-25 08:51:46,547 [PipelineCommandHandlerThread-0] INFO  segmented.SegmentedRaftLogWorker (SegmentedRaftLogWorker.java:close(252)) - e3412ff5-1f34-4b2f-8351-e8decf81f5b3@group-8568CF4000D9-SegmentedRaftLogWorker close()
2023-08-25 08:51:46,550 [PipelineCommandHandlerThread-0] INFO  server.RaftServer$Division (RaftServerImpl.java:groupRemove(436)) - e3412ff5-1f34-4b2f-8351-e8decf81f5b3@group-8568CF4000D9: Succeed to remove RaftStorageDirectory Storage Directory /home/runner/work/ozone/ozone/hadoop-ozone/integration-test/target/test-dir/MiniOzoneClusterImpl-7264bf39-beec-4c8a-bbdc-a469073ec634/datanode-2/data/ratis/e255e297-f576-47c6-be75-8568cf4000d9
2023-08-25 08:51:46,550 [PipelineCommandHandlerThread-0] INFO  commandhandler.ClosePipelineCommandHandler (ClosePipelineCommandHandler.java:lambda$handle$0(87)) - Close Pipeline PipelineID=e255e297-f576-47c6-be75-8568cf4000d9 command on datanode e3412ff5-1f34-4b2f-8351-e8decf81f5b3.
2023-08-25 08:51:46,594 [Time-limited test] INFO  container.TestHelper (TestHelper.java:countReplicas(423)) - Container 1 has 2 replicas on [a3e84a91-4099-49fb-b86e-4b39e7f57019, e3412ff5-1f34-4b2f-8351-e8decf81f5b3]
2023-08-25 08:51:47,418 [ReplicationMonitor] INFO  replication.ReplicationManager (ReplicationManager.java:processAll(389)) - Replication Monitor Thread took 0 milliseconds for processing 1 containers.
2023-08-25 08:51:47,594 [Time-limited test] INFO  container.TestHelper (TestHelper.java:countReplicas(423)) - Container 1 has 2 replicas on [a3e84a91-4099-49fb-b86e-4b39e7f57019, e3412ff5-1f34-4b2f-8351-e8decf81f5b3]
2023-08-25 08:51:48,419 [ReplicationMonitor] INFO  replication.ReplicationManager (ReplicationManager.java:processAll(389)) - Replication Monitor Thread took 1 milliseconds for processing 1 containers.
2023-08-25 08:51:48,594 [Time-limited test] INFO  container.TestHelper (TestHelper.java:countReplicas(423)) - Container 1 has 2 replicas on [a3e84a91-4099-49fb-b86e-4b39e7f57019, e3412ff5-1f34-4b2f-8351-e8decf81f5b3]
2023-08-25 08:51:49,419 [ReplicationMonitor] INFO  replication.ReplicationManager (ReplicationManager.java:processAll(389)) - Replication Monitor Thread took 0 milliseconds for processing 1 containers.
2023-08-25 08:51:49,595 [Time-limited test] INFO  container.TestHelper (TestHelper.java:countReplicas(423)) - Container 1 has 2 replicas on [a3e84a91-4099-49fb-b86e-4b39e7f57019, e3412ff5-1f34-4b2f-8351-e8decf81f5b3]
2023-08-25 08:51:50,015 [Under Replicated Processor] WARN  net.NetworkTopologyImpl (NetworkTopologyImpl.java:chooseNodeInternal(651)) - No available node in (scope="/" excludedScope="[/default-rack/e3412ff5-1f34-4b2f-8351-e8decf81f5b3, /default-rack/a3e84a91-4099-49fb-b86e-4b39e7f57019]" excludedNodes="[e3412ff5-1f34-4b2f-8351-e8decf81f5b3(fv-az584-689.msjcyvhqqs1uvpg4fm53wptgqc.jx.internal.cloudapp.net/10.1.0.19), a3e84a91-4099-49fb-b86e-4b39e7f57019(fv-az584-689.msjcyvhqqs1uvpg4fm53wptgqc.jx.internal.cloudapp.net/10.1.0.19)]"  ancestorGen="1").
2023-08-25 08:51:50,015 [Under Replicated Processor] WARN  algorithms.SCMContainerPlacementRackAware (SCMContainerPlacementRackAware.java:chooseNode(485)) - Failed to find the datanode for container. excludedNodes:[e3412ff5-1f34-4b2f-8351-e8decf81f5b3(fv-az584-689.msjcyvhqqs1uvpg4fm53wptgqc.jx.internal.cloudapp.net/10.1.0.19), a3e84a91-4099-49fb-b86e-4b39e7f57019(fv-az584-689.msjcyvhqqs1uvpg4fm53wptgqc.jx.internal.cloudapp.net/10.1.0.19)], affinityNode:
2023-08-25 08:51:50,015 [Under Replicated Processor] INFO  replication.ReplicationManager (ReplicationManager.java:sendDatanodeCommand(669)) - Sending command [replicateContainerCommand: containerId=1, replicaIndex=0, targetNode=2dba85f2-5c78-4a39-bcb4-575db37e64e5(fv-az584-689.msjcyvhqqs1uvpg4fm53wptgqc.jx.internal.cloudapp.net/10.1.0.19), priority=NORMAL] for container ContainerInfo{id=#1, state=CLOSED, stateEnterTime=2023-08-25T08:51:37.554Z, pipelineID=PipelineID=e255e297-f576-47c6-be75-8568cf4000d9, owner=om1} to e3412ff5-1f34-4b2f-8351-e8decf81f5b3(fv-az584-689.msjcyvhqqs1uvpg4fm53wptgqc.jx.internal.cloudapp.net/10.1.0.19) with datanode deadline 1692954080015 and scm deadline 1692954110015
2023-08-25 08:51:50,016 [Under Replicated Processor] INFO  replication.UnhealthyReplicationProcessor (UnhealthyReplicationProcessor.java:processAll(138)) - Processed 1 containers with health state counts {UNDER_REPLICATED=1}, failed processing 0, deferred due to load 0
2023-08-25 08:51:50,420 [ReplicationMonitor] INFO  replication.ReplicationManager (ReplicationManager.java:processAll(389)) - Replication Monitor Thread took 1 milliseconds for processing 1 containers.
2023-08-25 08:51:50,595 [Time-limited test] INFO  container.TestHelper (TestHelper.java:countReplicas(423)) - Container 1 has 2 replicas on [a3e84a91-4099-49fb-b86e-4b39e7f57019, e3412ff5-1f34-4b2f-8351-e8decf81f5b3]
2023-08-25 08:51:51,420 [ReplicationMonitor] INFO  replication.ReplicationManager (ReplicationManager.java:processAll(389)) - Replication Monitor Thread took 0 milliseconds for processing 1 containers.
2023-08-25 08:51:51,597 [Time-limited test] INFO  container.TestHelper (TestHelper.java:countReplicas(423)) - Container 1 has 2 replicas on [a3e84a91-4099-49fb-b86e-4b39e7f57019, e3412ff5-1f34-4b2f-8351-e8decf81f5b3]
2023-08-25 08:51:52,421 [ReplicationMonitor] INFO  replication.ReplicationManager (ReplicationManager.java:processAll(389)) - Replication Monitor Thread took 0 milliseconds for processing 1 containers.
2023-08-25 08:51:52,572 [ContainerReplicationThread-0] INFO  replication.PushReplicator (PushReplicator.java:replicate(58)) - Starting replication of container 1 to 2dba85f2-5c78-4a39-bcb4-575db37e64e5(fv-az584-689.msjcyvhqqs1uvpg4fm53wptgqc.jx.internal.cloudapp.net/10.1.0.19) using NO_COMPRESSION
2023-08-25 08:51:52,584 [ContainerReplicationThread-0] INFO  replication.GrpcOutputStream (GrpcOutputStream.java:close(116)) - Sent 9728 bytes for container 1
2023-08-25 08:51:52,586 [ReplicationContainerReader-1] INFO  replication.SendContainerRequestHandler (SendContainerRequestHandler.java:onNext(80)) - Accepting container 1
2023-08-25 08:51:52,586 [ReplicationContainerReader-1] INFO  replication.SendContainerRequestHandler (SendContainerRequestHandler.java:onCompleted(108)) - Container 1 is downloaded with size 9728, starting to import.
2023-08-25 08:51:52,597 [Time-limited test] INFO  container.TestHelper (TestHelper.java:countReplicas(423)) - Container 1 has 2 replicas on [a3e84a91-4099-49fb-b86e-4b39e7f57019, e3412ff5-1f34-4b2f-8351-e8decf81f5b3]
2023-08-25 08:51:52,605 [ReplicationContainerReader-1] INFO  replication.SendContainerRequestHandler (SendContainerRequestHandler.java:onCompleted(114)) - Container 1 is replicated successfully
2023-08-25 08:51:52,610 [grpc-default-executor-2] INFO  replication.GrpcContainerUploader (GrpcContainerUploader.java:onCompleted(132)) - Finished uploading container 1 to 2dba85f2-5c78-4a39-bcb4-575db37e64e5(fv-az584-689.msjcyvhqqs1uvpg4fm53wptgqc.jx.internal.cloudapp.net/10.1.0.19)
2023-08-25 08:51:52,611 [ContainerReplicationThread-0] INFO  replication.ReplicationSupervisor (ReplicationSupervisor.java:run(364)) - Successful DONE replicateContainerCommand: containerId=1, replicaIndex=0, targetNode=2dba85f2-5c78-4a39-bcb4-575db37e64e5(fv-az584-689.msjcyvhqqs1uvpg4fm53wptgqc.jx.internal.cloudapp.net/10.1.0.19), priority=NORMAL, transferred 9728 bytes
2023-08-25 08:51:53,422 [ReplicationMonitor] INFO  replication.ReplicationManager (ReplicationManager.java:processAll(389)) - Replication Monitor Thread took 1 milliseconds for processing 1 containers.
2023-08-25 08:51:53,597 [Time-limited test] INFO  container.TestHelper (TestHelper.java:countReplicas(423)) - Container 1 has 3 replicas on [2dba85f2-5c78-4a39-bcb4-575db37e64e5, a3e84a91-4099-49fb-b86e-4b39e7f57019, e3412ff5-1f34-4b2f-8351-e8decf81f5b3]
2023-08-25 08:51:53,601 [Time-limited test] INFO  ozone.MiniOzoneClusterImpl (MiniOzoneClusterImpl.java:shutdown(443)) - Shutting down the Mini Ozone Cluster
2023-08-25 08:51:53,601 [Time-limited test] INFO  ozone.MiniOzoneClusterImpl (MiniOzoneClusterImpl.java:stop(460)) - Stopping the Mini Ozone Cluster
2023-08-25 08:51:53,601 [Time-limited test] INFO  ozone.MiniOzoneClusterImpl (MiniOzoneClusterImpl.java:stopOM(551)) - Stopping the OzoneManager
2023-08-25 08:51:53,601 [Time-limited test] INFO  om.OzoneManager (OzoneManager.java:stop(2187)) - om1[localhost:15057]: Stopping Ozone Manager
2023-08-25 08:51:53,601 [Time-limited test] INFO  ipc.Server (Server.java:stop(3523)) - Stopping server on 15057
2023-08-25 08:51:53,607 [IPC Server listener on 15057] INFO  ipc.Server (Server.java:run(1434)) - Stopping IPC Server listener on 15057
2023-08-25 08:51:53,607 [IPC Server Responder] INFO  ipc.Server (Server.java:run(1567)) - Stopping IPC Server Responder
2023-08-25 08:51:53,612 [Time-limited test] INFO  server.RaftServer (RaftServerProxy.java:lambda$close$6(416)) - om1: close
2023-08-25 08:51:53,612 [Time-limited test] INFO  server.GrpcService (GrpcService.java:closeImpl(311)) - om1: shutdown server GrpcServerProtocolService now
2023-08-25 08:51:53,612 [om1-impl-thread1] INFO  server.RaftServer$Division (RaftServerImpl.java:lambda$close$4(466)) - om1@group-C5BA1605619E: shutdown
2023-08-25 08:51:53,613 [om1-impl-thread1] INFO  util.JmxRegister (JmxRegister.java:unregister(73)) - Successfully un-registered JMX Bean with object name Ratis:service=RaftServer,group=group-C5BA1605619E,id=om1
2023-08-25 08:51:53,613 [om1-impl-thread1] INFO  impl.RoleInfo (RoleInfo.java:shutdownLeaderState(93)) - om1: shutdown om1@group-C5BA1605619E-LeaderStateImpl
2023-08-25 08:51:53,613 [om1-impl-thread1] INFO  impl.PendingRequests (PendingRequests.java:sendNotLeaderResponses(289)) - om1@group-C5BA1605619E-PendingRequests: sendNotLeaderResponses
2023-08-25 08:51:53,624 [om1-impl-thread1] INFO  impl.StateMachineUpdater (StateMachineUpdater.java:stopAndJoin(155)) - om1@group-C5BA1605619E-StateMachineUpdater: set stopIndex = 8
2023-08-25 08:51:53,624 [om1@group-C5BA1605619E-StateMachineUpdater] INFO  ratis.OzoneManagerStateMachine (OzoneManagerStateMachine.java:takeSnapshot(480)) - Current Snapshot Index (t:1, i:8)
2023-08-25 08:51:53,624 [Time-limited test] INFO  server.GrpcService (GrpcService.java:closeImpl(320)) - om1: shutdown server GrpcServerProtocolService successfully
2023-08-25 08:51:53,650 [om1@group-C5BA1605619E-StateMachineUpdater] INFO  impl.StateMachineUpdater (StateMachineUpdater.java:takeSnapshot(291)) - om1@group-C5BA1605619E-StateMachineUpdater: Took a snapshot at index 8
2023-08-25 08:51:53,650 [om1@group-C5BA1605619E-StateMachineUpdater] INFO  impl.StateMachineUpdater (StateMachineUpdater.java:lambda$new$0(97)) - om1@group-C5BA1605619E-StateMachineUpdater: snapshotIndex: updateIncreasingly -1 -> 8
2023-08-25 08:51:53,650 [om1@group-C5BA1605619E-StateMachineUpdater] INFO  ratis.OzoneManagerStateMachine (OzoneManagerStateMachine.java:close(534)) - StateMachine has shutdown. Shutdown OzoneManager if not already shutdown.
2023-08-25 08:51:53,650 [om1@group-C5BA1605619E-StateMachineUpdater] INFO  ratis.OzoneManagerDoubleBuffer (OzoneManagerDoubleBuffer.java:stopDaemon(551)) - Stopping OMDoubleBuffer flush thread
2023-08-25 08:51:53,650 [OMDoubleBufferFlushThread] INFO  ratis.OzoneManagerDoubleBuffer (OzoneManagerDoubleBuffer.java:canFlush(638)) - OMDoubleBuffer flush thread OMDoubleBufferFlushThread is interrupted and will exit.
2023-08-25 08:51:53,652 [om1-impl-thread1] INFO  server.RaftServer$Division (ServerState.java:close(472)) - om1@group-C5BA1605619E: closes. applyIndex: 8
2023-08-25 08:51:54,422 [ReplicationMonitor] INFO  replication.ReplicationManager (ReplicationManager.java:processAll(389)) - Replication Monitor Thread took 0 milliseconds for processing 1 containers.
2023-08-25 08:51:54,580 [om1-impl-thread1] INFO  segmented.SegmentedRaftLogWorker (SegmentedRaftLogWorker.java:close(252)) - om1@group-C5BA1605619E-SegmentedRaftLogWorker close()
2023-08-25 08:51:54,580 [JvmPauseMonitor8] INFO  util.JvmPauseMonitor (JvmPauseMonitor.java:run(109)) - JvmPauseMonitor-om1: Stopped
2023-08-25 08:51:54,580 [Time-limited test] INFO  ratis.OzoneManagerStateMachine (OzoneManagerStateMachine.java:close(534)) - StateMachine has shutdown. Shutdown OzoneManager if not already shutdown.
2023-08-25 08:51:54,580 [Time-limited test] INFO  ratis.OzoneManagerDoubleBuffer (OzoneManagerDoubleBuffer.java:stopDaemon(560)) - OMDoubleBuffer flush thread is not running.
2023-08-25 08:51:54,581 [Time-limited test] INFO  utils.BackgroundService (BackgroundService.java:shutdown(141)) - Shutting down service KeyDeletingService
2023-08-25 08:51:54,582 [Time-limited test] INFO  utils.BackgroundService (BackgroundService.java:shutdown(141)) - Shutting down service KeyDeletingService
2023-08-25 08:51:54,583 [Time-limited test] INFO  utils.BackgroundService (BackgroundService.java:shutdown(141)) - Shutting down service OpenKeyCleanupService
2023-08-25 08:51:54,585 [Time-limited test] INFO  utils.BackgroundService (BackgroundService.java:shutdown(141)) - Shutting down service SstFilteringService
2023-08-25 08:51:54,585 [Time-limited test] INFO  utils.BackgroundService (BackgroundService.java:shutdown(141)) - Shutting down service SnapshotDeletingService
2023-08-25 08:51:54,587 [Time-limited test] INFO  handler.ContextHandler (ContextHandler.java:doStop(1159)) - Stopped o.e.j.w.WebAppContext@685643b5{ozoneManager,/,null,STOPPED}{file:/home/runner/work/ozone/ozone/hadoop-ozone/integration-test/target/test-classes/webapps/ozoneManager}
2023-08-25 08:51:54,588 [Time-limited test] INFO  server.AbstractConnector (AbstractConnector.java:doStop(383)) - Stopped ServerConnector@75d4ff1d{HTTP/1.1, (http/1.1)}{0.0.0.0:15058}
2023-08-25 08:51:54,588 [Time-limited test] INFO  server.session (HouseKeeper.java:stopScavenging(149)) - node0 Stopped scavenging
2023-08-25 08:51:54,588 [Time-limited test] INFO  handler.ContextHandler (ContextHandler.java:doStop(1159)) - Stopped o.e.j.s.ServletContextHandler@68f96b57{static,/static,file:///home/runner/work/ozone/ozone/hadoop-ozone/integration-test/target/test-classes/webapps/static,STOPPED}
2023-08-25 08:51:54,588 [Time-limited test] INFO  handler.ContextHandler (ContextHandler.java:doStop(1159)) - Stopped o.e.j.s.ServletContextHandler@81edb27{logs,/logs,file:///home/runner/work/ozone/ozone/hadoop-ozone/integration-test/target/log,STOPPED}
2023-08-25 08:51:54,589 [Time-limited test] INFO  rocksdiff.RocksDBCheckpointDiffer (RocksDBCheckpointDiffer.java:close(340)) - Shutting down CompactionDagPruningService.
2023-08-25 08:51:54,591 [Time-limited test] INFO  snapshot.SnapshotDiffManager (SnapshotDiffManager.java:closeExecutorService(1720)) - Shutting down executorService: 'SnapDiffExecutor'
2023-08-25 08:51:54,591 [Time-limited test] INFO  snapshot.SnapshotDiffManager (SnapshotDiffManager.java:closeExecutorService(1720)) - Shutting down executorService: 'SstDumpToolExecutor'
2023-08-25 08:51:54,591 [Time-limited test] INFO  utils.BackgroundService (BackgroundService.java:shutdown(141)) - Shutting down service SnapshotDiffCleanupService
2023-08-25 08:51:54,592 [Time-limited test] INFO  ozone.MiniOzoneClusterImpl (MiniOzoneClusterImpl.java:stopDatanodes(528)) - Stopping the HddsDatanodes
2023-08-25 08:51:54,597 [Time-limited test] INFO  ozoneimpl.OzoneContainer (OzoneContainer.java:stop(451)) - Attempting to stop container services.
2023-08-25 08:51:54,600 [ForkJoinPool.commonPool-worker-1] INFO  ozoneimpl.OzoneContainer (OzoneContainer.java:stop(451)) - Attempting to stop container services.
2023-08-25 08:51:54,601 [Time-limited test] INFO  server.RaftServer (RaftServerProxy.java:lambda$close$6(416)) - e3412ff5-1f34-4b2f-8351-e8decf81f5b3: close
2023-08-25 08:51:54,601 [Time-limited test] INFO  server.GrpcService (GrpcService.java:closeImpl(311)) - e3412ff5-1f34-4b2f-8351-e8decf81f5b3: shutdown server org.apache.ratis.grpc.server.GrpcClientProtocolService now
2023-08-25 08:51:54,601 [ForkJoinPool.commonPool-worker-1] INFO  server.RaftServer (RaftServerProxy.java:lambda$close$6(416)) - a3e84a91-4099-49fb-b86e-4b39e7f57019: close
2023-08-25 08:51:54,601 [e3412ff5-1f34-4b2f-8351-e8decf81f5b3-impl-thread1] INFO  server.RaftServer$Division (RaftServerImpl.java:lambda$close$4(466)) - e3412ff5-1f34-4b2f-8351-e8decf81f5b3@group-EAEBA5388B5B: shutdown
2023-08-25 08:51:54,602 [e3412ff5-1f34-4b2f-8351-e8decf81f5b3-impl-thread1] INFO  util.JmxRegister (JmxRegister.java:unregister(73)) - Successfully un-registered JMX Bean with object name Ratis:service=RaftServer,group=group-EAEBA5388B5B,id=e3412ff5-1f34-4b2f-8351-e8decf81f5b3
2023-08-25 08:51:54,602 [e3412ff5-1f34-4b2f-8351-e8decf81f5b3-impl-thread1] INFO  impl.RoleInfo (RoleInfo.java:shutdownLeaderState(93)) - e3412ff5-1f34-4b2f-8351-e8decf81f5b3: shutdown e3412ff5-1f34-4b2f-8351-e8decf81f5b3@group-EAEBA5388B5B-LeaderStateImpl
2023-08-25 08:51:54,602 [e3412ff5-1f34-4b2f-8351-e8decf81f5b3-impl-thread1] INFO  impl.PendingRequests (PendingRequests.java:sendNotLeaderResponses(289)) - e3412ff5-1f34-4b2f-8351-e8decf81f5b3@group-EAEBA5388B5B-PendingRequests: sendNotLeaderResponses
2023-08-25 08:51:54,602 [a3e84a91-4099-49fb-b86e-4b39e7f57019-impl-thread1] INFO  server.RaftServer$Division (RaftServerImpl.java:lambda$close$4(466)) - a3e84a91-4099-49fb-b86e-4b39e7f57019@group-72396B088558: shutdown
2023-08-25 08:51:54,602 [a3e84a91-4099-49fb-b86e-4b39e7f57019-impl-thread1] INFO  util.JmxRegister (JmxRegister.java:unregister(73)) - Successfully un-registered JMX Bean with object name Ratis:service=RaftServer,group=group-72396B088558,id=a3e84a91-4099-49fb-b86e-4b39e7f57019
2023-08-25 08:51:54,602 [a3e84a91-4099-49fb-b86e-4b39e7f57019-impl-thread1] INFO  impl.RoleInfo (RoleInfo.java:shutdownLeaderState(93)) - a3e84a91-4099-49fb-b86e-4b39e7f57019: shutdown a3e84a91-4099-49fb-b86e-4b39e7f57019@group-72396B088558-LeaderStateImpl
2023-08-25 08:51:54,602 [a3e84a91-4099-49fb-b86e-4b39e7f57019-impl-thread1] INFO  impl.PendingRequests (PendingRequests.java:sendNotLeaderResponses(289)) - a3e84a91-4099-49fb-b86e-4b39e7f57019@group-72396B088558-PendingRequests: sendNotLeaderResponses
2023-08-25 08:51:54,603 [a3e84a91-4099-49fb-b86e-4b39e7f57019-impl-thread1] INFO  impl.StateMachineUpdater (StateMachineUpdater.java:stopAndJoin(155)) - a3e84a91-4099-49fb-b86e-4b39e7f57019@group-72396B088558-StateMachineUpdater: set stopIndex = 0
2023-08-25 08:51:54,603 [a3e84a91-4099-49fb-b86e-4b39e7f57019@group-72396B088558-StateMachineUpdater] INFO  ratis.ContainerStateMachine (ContainerStateMachine.java:takeSnapshot(330)) - group-72396B088558: Taking a snapshot at:(t:1, i:0) file /home/runner/work/ozone/ozone/hadoop-ozone/integration-test/target/test-dir/MiniOzoneClusterImpl-7264bf39-beec-4c8a-bbdc-a469073ec634/datanode-0/data/ratis/16aa9c39-cfd2-48af-bea2-72396b088558/sm/snapshot.1_0
2023-08-25 08:51:54,603 [e3412ff5-1f34-4b2f-8351-e8decf81f5b3-impl-thread1] INFO  impl.StateMachineUpdater (StateMachineUpdater.java:stopAndJoin(155)) - e3412ff5-1f34-4b2f-8351-e8decf81f5b3@group-EAEBA5388B5B-StateMachineUpdater: set stopIndex = 0
2023-08-25 08:51:54,603 [e3412ff5-1f34-4b2f-8351-e8decf81f5b3@group-EAEBA5388B5B-StateMachineUpdater] INFO  ratis.ContainerStateMachine (ContainerStateMachine.java:takeSnapshot(330)) - group-EAEBA5388B5B: Taking a snapshot at:(t:1, i:0) file /home/runner/work/ozone/ozone/hadoop-ozone/integration-test/target/test-dir/MiniOzoneClusterImpl-7264bf39-beec-4c8a-bbdc-a469073ec634/datanode-2/data/ratis/2ec6f0b0-5bea-45c4-87d5-eaeba5388b5b/sm/snapshot.1_0
2023-08-25 08:51:54,604 [ForkJoinPool.commonPool-worker-1] INFO  server.GrpcService (GrpcService.java:closeImpl(311)) - a3e84a91-4099-49fb-b86e-4b39e7f57019: shutdown server org.apache.ratis.grpc.server.GrpcClientProtocolService now
2023-08-25 08:51:54,610 [Thread-1096] INFO  server.GrpcServerProtocolClient (GrpcServerProtocolClient.java:close(103)) - b786fb5c-5e67-4c82-ab21-01f7c3e13abe Close channels
2023-08-25 08:51:54,611 [Thread-1097] INFO  server.GrpcServerProtocolClient (GrpcServerProtocolClient.java:close(103)) - a3e84a91-4099-49fb-b86e-4b39e7f57019 Close channels
2023-08-25 08:51:54,613 [e3412ff5-1f34-4b2f-8351-e8decf81f5b3@group-EAEBA5388B5B-StateMachineUpdater] INFO  ratis.ContainerStateMachine (ContainerStateMachine.java:takeSnapshot(341)) - group-EAEBA5388B5B: Finished taking a snapshot at:(t:1, i:0) file:/home/runner/work/ozone/ozone/hadoop-ozone/integration-test/target/test-dir/MiniOzoneClusterImpl-7264bf39-beec-4c8a-bbdc-a469073ec634/datanode-2/data/ratis/2ec6f0b0-5bea-45c4-87d5-eaeba5388b5b/sm/snapshot.1_0 took: 9 ms
2023-08-25 08:51:54,613 [a3e84a91-4099-49fb-b86e-4b39e7f57019@group-72396B088558-StateMachineUpdater] INFO  ratis.ContainerStateMachine (ContainerStateMachine.java:takeSnapshot(341)) - group-72396B088558: Finished taking a snapshot at:(t:1, i:0) file:/home/runner/work/ozone/ozone/hadoop-ozone/integration-test/target/test-dir/MiniOzoneClusterImpl-7264bf39-beec-4c8a-bbdc-a469073ec634/datanode-0/data/ratis/16aa9c39-cfd2-48af-bea2-72396b088558/sm/snapshot.1_0 took: 10 ms
2023-08-25 08:51:54,613 [e3412ff5-1f34-4b2f-8351-e8decf81f5b3@group-EAEBA5388B5B-StateMachineUpdater] INFO  impl.StateMachineUpdater (StateMachineUpdater.java:takeSnapshot(291)) - e3412ff5-1f34-4b2f-8351-e8decf81f5b3@group-EAEBA5388B5B-StateMachineUpdater: Took a snapshot at index 0
2023-08-25 08:51:54,613 [e3412ff5-1f34-4b2f-8351-e8decf81f5b3@group-EAEBA5388B5B-StateMachineUpdater] INFO  impl.StateMachineUpdater (StateMachineUpdater.java:lambda$new$0(97)) - e3412ff5-1f34-4b2f-8351-e8decf81f5b3@group-EAEBA5388B5B-StateMachineUpdater: snapshotIndex: updateIncreasingly -1 -> 0
2023-08-25 08:51:54,613 [a3e84a91-4099-49fb-b86e-4b39e7f57019@group-72396B088558-StateMachineUpdater] INFO  impl.StateMachineUpdater (StateMachineUpdater.java:takeSnapshot(291)) - a3e84a91-4099-49fb-b86e-4b39e7f57019@group-72396B088558-StateMachineUpdater: Took a snapshot at index 0
2023-08-25 08:51:54,613 [a3e84a91-4099-49fb-b86e-4b39e7f57019@group-72396B088558-StateMachineUpdater] INFO  impl.StateMachineUpdater (StateMachineUpdater.java:lambda$new$0(97)) - a3e84a91-4099-49fb-b86e-4b39e7f57019@group-72396B088558-StateMachineUpdater: snapshotIndex: updateIncreasingly -1 -> 0
2023-08-25 08:51:54,613 [e3412ff5-1f34-4b2f-8351-e8decf81f5b3-impl-thread1] INFO  server.RaftServer$Division (ServerState.java:close(472)) - e3412ff5-1f34-4b2f-8351-e8decf81f5b3@group-EAEBA5388B5B: closes. applyIndex: 0
2023-08-25 08:51:54,614 [a3e84a91-4099-49fb-b86e-4b39e7f57019-impl-thread1] INFO  server.RaftServer$Division (ServerState.java:close(472)) - a3e84a91-4099-49fb-b86e-4b39e7f57019@group-72396B088558: closes. applyIndex: 0
2023-08-25 08:51:54,630 [Thread-1099] INFO  server.GrpcServerProtocolClient (GrpcServerProtocolClient.java:close(103)) - b786fb5c-5e67-4c82-ab21-01f7c3e13abe Close channels
2023-08-25 08:51:54,631 [Thread-1101] INFO  server.GrpcServerProtocolClient (GrpcServerProtocolClient.java:close(103)) - e3412ff5-1f34-4b2f-8351-e8decf81f5b3 Close channels
2023-08-25 08:51:54,632 [Time-limited test] INFO  server.GrpcService (GrpcService.java:closeImpl(320)) - e3412ff5-1f34-4b2f-8351-e8decf81f5b3: shutdown server org.apache.ratis.grpc.server.GrpcClientProtocolService successfully
2023-08-25 08:51:54,632 [Time-limited test] INFO  server.GrpcService (GrpcService.java:closeImpl(311)) - e3412ff5-1f34-4b2f-8351-e8decf81f5b3: shutdown server GrpcServerProtocolService now
2023-08-25 08:51:54,638 [Time-limited test] INFO  server.GrpcService (GrpcService.java:closeImpl(320)) - e3412ff5-1f34-4b2f-8351-e8decf81f5b3: shutdown server GrpcServerProtocolService successfully
2023-08-25 08:51:54,638 [Time-limited test] INFO  server.GrpcService (GrpcService.java:closeImpl(311)) - e3412ff5-1f34-4b2f-8351-e8decf81f5b3: shutdown server org.apache.ratis.grpc.server.GrpcAdminProtocolService now
2023-08-25 08:51:54,639 [ForkJoinPool.commonPool-worker-1] INFO  server.GrpcService (GrpcService.java:closeImpl(320)) - a3e84a91-4099-49fb-b86e-4b39e7f57019: shutdown server org.apache.ratis.grpc.server.GrpcClientProtocolService successfully
2023-08-25 08:51:54,639 [ForkJoinPool.commonPool-worker-1] INFO  server.GrpcService (GrpcService.java:closeImpl(311)) - a3e84a91-4099-49fb-b86e-4b39e7f57019: shutdown server GrpcServerProtocolService now
2023-08-25 08:51:54,642 [ForkJoinPool.commonPool-worker-2] INFO  ozoneimpl.OzoneContainer (OzoneContainer.java:stop(451)) - Attempting to stop container services.
2023-08-25 08:51:54,642 [ForkJoinPool.commonPool-worker-1] INFO  server.GrpcService (GrpcService.java:closeImpl(320)) - a3e84a91-4099-49fb-b86e-4b39e7f57019: shutdown server GrpcServerProtocolService successfully
2023-08-25 08:51:54,642 [ForkJoinPool.commonPool-worker-1] INFO  server.GrpcService (GrpcService.java:closeImpl(311)) - a3e84a91-4099-49fb-b86e-4b39e7f57019: shutdown server org.apache.ratis.grpc.server.GrpcAdminProtocolService now
2023-08-25 08:51:54,644 [ForkJoinPool.commonPool-worker-1] INFO  server.GrpcService (GrpcService.java:closeImpl(320)) - a3e84a91-4099-49fb-b86e-4b39e7f57019: shutdown server org.apache.ratis.grpc.server.GrpcAdminProtocolService successfully
2023-08-25 08:51:54,644 [a3e84a91-4099-49fb-b86e-4b39e7f57019-NettyServerStreamRpc-bossGroup--thread1] INFO  logging.LoggingHandler (AbstractInternalLogger.java:log(148)) - [id: 0x004766e5, L:/0:0:0:0:0:0:0:0:15068] CLOSE
2023-08-25 08:51:54,647 [a3e84a91-4099-49fb-b86e-4b39e7f57019-NettyServerStreamRpc-bossGroup--thread1] INFO  logging.LoggingHandler (AbstractInternalLogger.java:log(148)) - [id: 0x004766e5, L:/0:0:0:0:0:0:0:0:15068] INACTIVE
2023-08-25 08:51:54,647 [a3e84a91-4099-49fb-b86e-4b39e7f57019-NettyServerStreamRpc-bossGroup--thread1] INFO  logging.LoggingHandler (AbstractInternalLogger.java:log(148)) - [id: 0x004766e5, L:/0:0:0:0:0:0:0:0:15068] UNREGISTERED
2023-08-25 08:51:54,647 [ForkJoinPool.commonPool-worker-2] INFO  server.RaftServer (RaftServerProxy.java:lambda$close$6(416)) - 0e5a7e70-4bad-4e07-bed3-bc8780d50e71: close
2023-08-25 08:51:54,647 [ForkJoinPool.commonPool-worker-2] INFO  server.GrpcService (GrpcService.java:closeImpl(311)) - 0e5a7e70-4bad-4e07-bed3-bc8780d50e71: shutdown server org.apache.ratis.grpc.server.GrpcClientProtocolService now
2023-08-25 08:51:54,647 [Time-limited test] INFO  server.GrpcService (GrpcService.java:closeImpl(320)) - e3412ff5-1f34-4b2f-8351-e8decf81f5b3: shutdown server org.apache.ratis.grpc.server.GrpcAdminProtocolService successfully
2023-08-25 08:51:54,648 [0e5a7e70-4bad-4e07-bed3-bc8780d50e71-impl-thread1] INFO  server.RaftServer$Division (RaftServerImpl.java:lambda$close$4(466)) - 0e5a7e70-4bad-4e07-bed3-bc8780d50e71@group-4F5C45291203: shutdown
2023-08-25 08:51:54,648 [0e5a7e70-4bad-4e07-bed3-bc8780d50e71-impl-thread1] INFO  util.JmxRegister (JmxRegister.java:unregister(73)) - Successfully un-registered JMX Bean with object name Ratis:service=RaftServer,group=group-4F5C45291203,id=0e5a7e70-4bad-4e07-bed3-bc8780d50e71
2023-08-25 08:51:54,648 [0e5a7e70-4bad-4e07-bed3-bc8780d50e71-impl-thread1] INFO  impl.RoleInfo (RoleInfo.java:shutdownLeaderState(93)) - 0e5a7e70-4bad-4e07-bed3-bc8780d50e71: shutdown 0e5a7e70-4bad-4e07-bed3-bc8780d50e71@group-4F5C45291203-LeaderStateImpl
2023-08-25 08:51:54,648 [0e5a7e70-4bad-4e07-bed3-bc8780d50e71-impl-thread1] INFO  impl.PendingRequests (PendingRequests.java:sendNotLeaderResponses(289)) - 0e5a7e70-4bad-4e07-bed3-bc8780d50e71@group-4F5C45291203-PendingRequests: sendNotLeaderResponses
2023-08-25 08:51:54,649 [0e5a7e70-4bad-4e07-bed3-bc8780d50e71-impl-thread1] INFO  impl.StateMachineUpdater (StateMachineUpdater.java:stopAndJoin(155)) - 0e5a7e70-4bad-4e07-bed3-bc8780d50e71@group-4F5C45291203-StateMachineUpdater: set stopIndex = 0
2023-08-25 08:51:54,649 [e3412ff5-1f34-4b2f-8351-e8decf81f5b3-NettyServerStreamRpc-bossGroup--thread1] INFO  logging.LoggingHandler (AbstractInternalLogger.java:log(148)) - [id: 0xb9fb399b, L:/0:0:0:0:0:0:0:0:15086] CLOSE
2023-08-25 08:51:54,649 [e3412ff5-1f34-4b2f-8351-e8decf81f5b3-NettyServerStreamRpc-bossGroup--thread1] INFO  logging.LoggingHandler (AbstractInternalLogger.java:log(148)) - [id: 0xb9fb399b, L:/0:0:0:0:0:0:0:0:15086] INACTIVE
2023-08-25 08:51:54,649 [e3412ff5-1f34-4b2f-8351-e8decf81f5b3-NettyServerStreamRpc-bossGroup--thread1] INFO  logging.LoggingHandler (AbstractInternalLogger.java:log(148)) - [id: 0xb9fb399b, L:/0:0:0:0:0:0:0:0:15086] UNREGISTERED
2023-08-25 08:51:54,649 [0e5a7e70-4bad-4e07-bed3-bc8780d50e71@group-4F5C45291203-StateMachineUpdater] INFO  ratis.ContainerStateMachine (ContainerStateMachine.java:takeSnapshot(330)) - group-4F5C45291203: Taking a snapshot at:(t:1, i:0) file /home/runner/work/ozone/ozone/hadoop-ozone/integration-test/target/test-dir/MiniOzoneClusterImpl-7264bf39-beec-4c8a-bbdc-a469073ec634/datanode-4/data/ratis/85d65a51-6536-4c1e-991c-4f5c45291203/sm/snapshot.1_0
2023-08-25 08:51:54,651 [0e5a7e70-4bad-4e07-bed3-bc8780d50e71@group-4F5C45291203-StateMachineUpdater] INFO  ratis.ContainerStateMachine (ContainerStateMachine.java:takeSnapshot(341)) - group-4F5C45291203: Finished taking a snapshot at:(t:1, i:0) file:/home/runner/work/ozone/ozone/hadoop-ozone/integration-test/target/test-dir/MiniOzoneClusterImpl-7264bf39-beec-4c8a-bbdc-a469073ec634/datanode-4/data/ratis/85d65a51-6536-4c1e-991c-4f5c45291203/sm/snapshot.1_0 took: 1 ms
2023-08-25 08:51:54,651 [0e5a7e70-4bad-4e07-bed3-bc8780d50e71@group-4F5C45291203-StateMachineUpdater] INFO  impl.StateMachineUpdater (StateMachineUpdater.java:takeSnapshot(291)) - 0e5a7e70-4bad-4e07-bed3-bc8780d50e71@group-4F5C45291203-StateMachineUpdater: Took a snapshot at index 0
2023-08-25 08:51:54,651 [0e5a7e70-4bad-4e07-bed3-bc8780d50e71@group-4F5C45291203-StateMachineUpdater] INFO  impl.StateMachineUpdater (StateMachineUpdater.java:lambda$new$0(97)) - 0e5a7e70-4bad-4e07-bed3-bc8780d50e71@group-4F5C45291203-StateMachineUpdater: snapshotIndex: updateIncreasingly -1 -> 0
2023-08-25 08:51:54,651 [0e5a7e70-4bad-4e07-bed3-bc8780d50e71-impl-thread1] INFO  server.RaftServer$Division (ServerState.java:close(472)) - 0e5a7e70-4bad-4e07-bed3-bc8780d50e71@group-4F5C45291203: closes. applyIndex: 0
2023-08-25 08:51:54,655 [ForkJoinPool.commonPool-worker-2] INFO  server.GrpcService (GrpcService.java:closeImpl(320)) - 0e5a7e70-4bad-4e07-bed3-bc8780d50e71: shutdown server org.apache.ratis.grpc.server.GrpcClientProtocolService successfully
2023-08-25 08:51:54,655 [ForkJoinPool.commonPool-worker-2] INFO  server.GrpcService (GrpcService.java:closeImpl(311)) - 0e5a7e70-4bad-4e07-bed3-bc8780d50e71: shutdown server GrpcServerProtocolService now
2023-08-25 08:51:54,671 [ForkJoinPool.commonPool-worker-2] INFO  server.GrpcService (GrpcService.java:closeImpl(320)) - 0e5a7e70-4bad-4e07-bed3-bc8780d50e71: shutdown server GrpcServerProtocolService successfully
2023-08-25 08:51:54,672 [ForkJoinPool.commonPool-worker-2] INFO  server.GrpcService (GrpcService.java:closeImpl(311)) - 0e5a7e70-4bad-4e07-bed3-bc8780d50e71: shutdown server org.apache.ratis.grpc.server.GrpcAdminProtocolService now
2023-08-25 08:51:54,673 [ForkJoinPool.commonPool-worker-3] INFO  ozoneimpl.OzoneContainer (OzoneContainer.java:stop(451)) - Attempting to stop container services.
2023-08-25 08:51:54,677 [ForkJoinPool.commonPool-worker-2] INFO  server.GrpcService (GrpcService.java:closeImpl(320)) - 0e5a7e70-4bad-4e07-bed3-bc8780d50e71: shutdown server org.apache.ratis.grpc.server.GrpcAdminProtocolService successfully
2023-08-25 08:51:54,677 [0e5a7e70-4bad-4e07-bed3-bc8780d50e71-NettyServerStreamRpc-bossGroup--thread1] INFO  logging.LoggingHandler (AbstractInternalLogger.java:log(148)) - [id: 0xb626382d, L:/0:0:0:0:0:0:0:0:15104] CLOSE
2023-08-25 08:51:54,677 [0e5a7e70-4bad-4e07-bed3-bc8780d50e71-NettyServerStreamRpc-bossGroup--thread1] INFO  logging.LoggingHandler (AbstractInternalLogger.java:log(148)) - [id: 0xb626382d, L:/0:0:0:0:0:0:0:0:15104] INACTIVE
2023-08-25 08:51:54,677 [0e5a7e70-4bad-4e07-bed3-bc8780d50e71-NettyServerStreamRpc-bossGroup--thread1] INFO  logging.LoggingHandler (AbstractInternalLogger.java:log(148)) - [id: 0xb626382d, L:/0:0:0:0:0:0:0:0:15104] UNREGISTERED
2023-08-25 08:51:54,693 [ForkJoinPool.commonPool-worker-3] INFO  server.RaftServer (RaftServerProxy.java:lambda$close$6(416)) - 2dba85f2-5c78-4a39-bcb4-575db37e64e5: close
2023-08-25 08:51:54,694 [2dba85f2-5c78-4a39-bcb4-575db37e64e5-impl-thread1] INFO  server.RaftServer$Division (RaftServerImpl.java:lambda$close$4(466)) - 2dba85f2-5c78-4a39-bcb4-575db37e64e5@group-E365909E19AD: shutdown
2023-08-25 08:51:54,694 [ForkJoinPool.commonPool-worker-3] INFO  server.GrpcService (GrpcService.java:closeImpl(311)) - 2dba85f2-5c78-4a39-bcb4-575db37e64e5: shutdown server org.apache.ratis.grpc.server.GrpcClientProtocolService now
2023-08-25 08:51:54,694 [2dba85f2-5c78-4a39-bcb4-575db37e64e5-impl-thread1] INFO  util.JmxRegister (JmxRegister.java:unregister(73)) - Successfully un-registered JMX Bean with object name Ratis:service=RaftServer,group=group-E365909E19AD,id=2dba85f2-5c78-4a39-bcb4-575db37e64e5
2023-08-25 08:51:54,694 [2dba85f2-5c78-4a39-bcb4-575db37e64e5-impl-thread1] INFO  impl.RoleInfo (RoleInfo.java:shutdownLeaderState(93)) - 2dba85f2-5c78-4a39-bcb4-575db37e64e5: shutdown 2dba85f2-5c78-4a39-bcb4-575db37e64e5@group-E365909E19AD-LeaderStateImpl
2023-08-25 08:51:54,694 [2dba85f2-5c78-4a39-bcb4-575db37e64e5-impl-thread1] INFO  impl.PendingRequests (PendingRequests.java:sendNotLeaderResponses(289)) - 2dba85f2-5c78-4a39-bcb4-575db37e64e5@group-E365909E19AD-PendingRequests: sendNotLeaderResponses
2023-08-25 08:51:54,694 [2dba85f2-5c78-4a39-bcb4-575db37e64e5-impl-thread1] INFO  impl.StateMachineUpdater (StateMachineUpdater.java:stopAndJoin(155)) - 2dba85f2-5c78-4a39-bcb4-575db37e64e5@group-E365909E19AD-StateMachineUpdater: set stopIndex = 0
2023-08-25 08:51:54,695 [2dba85f2-5c78-4a39-bcb4-575db37e64e5@group-E365909E19AD-StateMachineUpdater] INFO  ratis.ContainerStateMachine (ContainerStateMachine.java:takeSnapshot(330)) - group-E365909E19AD: Taking a snapshot at:(t:1, i:0) file /home/runner/work/ozone/ozone/hadoop-ozone/integration-test/target/test-dir/MiniOzoneClusterImpl-7264bf39-beec-4c8a-bbdc-a469073ec634/datanode-3/data/ratis/d4e8f10c-aca5-4a4d-8ef2-e365909e19ad/sm/snapshot.1_0
2023-08-25 08:51:54,696 [2dba85f2-5c78-4a39-bcb4-575db37e64e5@group-E365909E19AD-StateMachineUpdater] INFO  ratis.ContainerStateMachine (ContainerStateMachine.java:takeSnapshot(341)) - group-E365909E19AD: Finished taking a snapshot at:(t:1, i:0) file:/home/runner/work/ozone/ozone/hadoop-ozone/integration-test/target/test-dir/MiniOzoneClusterImpl-7264bf39-beec-4c8a-bbdc-a469073ec634/datanode-3/data/ratis/d4e8f10c-aca5-4a4d-8ef2-e365909e19ad/sm/snapshot.1_0 took: 1 ms
2023-08-25 08:51:54,696 [2dba85f2-5c78-4a39-bcb4-575db37e64e5@group-E365909E19AD-StateMachineUpdater] INFO  impl.StateMachineUpdater (StateMachineUpdater.java:takeSnapshot(291)) - 2dba85f2-5c78-4a39-bcb4-575db37e64e5@group-E365909E19AD-StateMachineUpdater: Took a snapshot at index 0
2023-08-25 08:51:54,696 [2dba85f2-5c78-4a39-bcb4-575db37e64e5@group-E365909E19AD-StateMachineUpdater] INFO  impl.StateMachineUpdater (StateMachineUpdater.java:lambda$new$0(97)) - 2dba85f2-5c78-4a39-bcb4-575db37e64e5@group-E365909E19AD-StateMachineUpdater: snapshotIndex: updateIncreasingly -1 -> 0
2023-08-25 08:51:54,697 [2dba85f2-5c78-4a39-bcb4-575db37e64e5-impl-thread1] INFO  server.RaftServer$Division (ServerState.java:close(472)) - 2dba85f2-5c78-4a39-bcb4-575db37e64e5@group-E365909E19AD: closes. applyIndex: 0
2023-08-25 08:51:54,700 [ForkJoinPool.commonPool-worker-3] INFO  server.GrpcService (GrpcService.java:closeImpl(320)) - 2dba85f2-5c78-4a39-bcb4-575db37e64e5: shutdown server org.apache.ratis.grpc.server.GrpcClientProtocolService successfully
2023-08-25 08:51:54,700 [ForkJoinPool.commonPool-worker-3] INFO  server.GrpcService (GrpcService.java:closeImpl(311)) - 2dba85f2-5c78-4a39-bcb4-575db37e64e5: shutdown server GrpcServerProtocolService now
2023-08-25 08:51:54,709 [ForkJoinPool.commonPool-worker-3] INFO  server.GrpcService (GrpcService.java:closeImpl(320)) - 2dba85f2-5c78-4a39-bcb4-575db37e64e5: shutdown server GrpcServerProtocolService successfully
2023-08-25 08:51:54,709 [ForkJoinPool.commonPool-worker-3] INFO  server.GrpcService (GrpcService.java:closeImpl(311)) - 2dba85f2-5c78-4a39-bcb4-575db37e64e5: shutdown server org.apache.ratis.grpc.server.GrpcAdminProtocolService now
2023-08-25 08:51:54,712 [ForkJoinPool.commonPool-worker-3] INFO  server.GrpcService (GrpcService.java:closeImpl(320)) - 2dba85f2-5c78-4a39-bcb4-575db37e64e5: shutdown server org.apache.ratis.grpc.server.GrpcAdminProtocolService successfully
2023-08-25 08:51:54,712 [2dba85f2-5c78-4a39-bcb4-575db37e64e5-NettyServerStreamRpc-bossGroup--thread1] INFO  logging.LoggingHandler (AbstractInternalLogger.java:log(148)) - [id: 0xe6b85197, L:/0:0:0:0:0:0:0:0:15095] CLOSE
2023-08-25 08:51:54,712 [2dba85f2-5c78-4a39-bcb4-575db37e64e5-NettyServerStreamRpc-bossGroup--thread1] INFO  logging.LoggingHandler (AbstractInternalLogger.java:log(148)) - [id: 0xe6b85197, L:/0:0:0:0:0:0:0:0:15095] INACTIVE
2023-08-25 08:51:54,712 [2dba85f2-5c78-4a39-bcb4-575db37e64e5-NettyServerStreamRpc-bossGroup--thread1] INFO  logging.LoggingHandler (AbstractInternalLogger.java:log(148)) - [id: 0xe6b85197, L:/0:0:0:0:0:0:0:0:15095] UNREGISTERED
2023-08-25 08:51:54,745 [e3412ff5-1f34-4b2f-8351-e8decf81f5b3-impl-thread1] INFO  segmented.SegmentedRaftLogWorker (SegmentedRaftLogWorker.java:close(252)) - e3412ff5-1f34-4b2f-8351-e8decf81f5b3@group-EAEBA5388B5B-SegmentedRaftLogWorker close()
2023-08-25 08:51:54,747 [JvmPauseMonitor11] INFO  util.JvmPauseMonitor (JvmPauseMonitor.java:run(109)) - JvmPauseMonitor-e3412ff5-1f34-4b2f-8351-e8decf81f5b3: Stopped
2023-08-25 08:51:54,953 [2dba85f2-5c78-4a39-bcb4-575db37e64e5-impl-thread1] INFO  segmented.SegmentedRaftLogWorker (SegmentedRaftLogWorker.java:close(252)) - 2dba85f2-5c78-4a39-bcb4-575db37e64e5@group-E365909E19AD-SegmentedRaftLogWorker close()
2023-08-25 08:51:54,954 [JvmPauseMonitor12] INFO  util.JvmPauseMonitor (JvmPauseMonitor.java:run(109)) - JvmPauseMonitor-2dba85f2-5c78-4a39-bcb4-575db37e64e5: Stopped
2023-08-25 08:51:55,094 [a3e84a91-4099-49fb-b86e-4b39e7f57019-impl-thread1] INFO  segmented.SegmentedRaftLogWorker (SegmentedRaftLogWorker.java:close(252)) - a3e84a91-4099-49fb-b86e-4b39e7f57019@group-72396B088558-SegmentedRaftLogWorker close()
2023-08-25 08:51:55,099 [JvmPauseMonitor9] INFO  util.JvmPauseMonitor (JvmPauseMonitor.java:run(109)) - JvmPauseMonitor-a3e84a91-4099-49fb-b86e-4b39e7f57019: Stopped
2023-08-25 08:51:55,317 [0e5a7e70-4bad-4e07-bed3-bc8780d50e71-impl-thread1] INFO  segmented.SegmentedRaftLogWorker (SegmentedRaftLogWorker.java:close(252)) - 0e5a7e70-4bad-4e07-bed3-bc8780d50e71@group-4F5C45291203-SegmentedRaftLogWorker close()
2023-08-25 08:51:55,318 [JvmPauseMonitor13] INFO  util.JvmPauseMonitor (JvmPauseMonitor.java:run(109)) - JvmPauseMonitor-0e5a7e70-4bad-4e07-bed3-bc8780d50e71: Stopped
2023-08-25 08:51:55,423 [ReplicationMonitor] INFO  replication.ReplicationManager (ReplicationManager.java:processAll(389)) - Replication Monitor Thread took 0 milliseconds for processing 1 containers.
2023-08-25 08:51:56,424 [ReplicationMonitor] INFO  replication.ReplicationManager (ReplicationManager.java:processAll(389)) - Replication Monitor Thread took 1 milliseconds for processing 1 containers.
2023-08-25 08:51:56,755 [Time-limited test] INFO  utils.DatanodeStoreCache (DatanodeStoreCache.java:shutdownCache(110)) - Skip clearing cache in mini cluster mode. Entries left: [/home/runner/work/ozone/ozone/hadoop-ozone/integration-test/target/test-dir/MiniOzoneClusterImpl-7264bf39-beec-4c8a-bbdc-a469073ec634/datanode-0/data-0/containers/hdds/7264bf39-beec-4c8a-bbdc-a469073ec634/DS-188ca578-fdde-486e-9b3f-dcf4a9e4297e/container.db, /home/runner/work/ozone/ozone/hadoop-ozone/integration-test/target/test-dir/MiniOzoneClusterImpl-7264bf39-beec-4c8a-bbdc-a469073ec634/datanode-2/data-0/containers/hdds/7264bf39-beec-4c8a-bbdc-a469073ec634/DS-321227af-901b-40a3-af29-8d7d77801d6d/container.db, /home/runner/work/ozone/ozone/hadoop-ozone/integration-test/target/test-dir/MiniOzoneClusterImpl-7264bf39-beec-4c8a-bbdc-a469073ec634/datanode-3/data-0/containers/hdds/7264bf39-beec-4c8a-bbdc-a469073ec634/DS-a03aadc7-52eb-4337-8b22-991764a6dda3/container.db, /home/runner/work/ozone/ozone/hadoop-ozone/integration-test/target/test-dir/MiniOzoneClusterImpl-7264bf39-beec-4c8a-bbdc-a469073ec634/datanode-4/data-0/containers/hdds/7264bf39-beec-4c8a-bbdc-a469073ec634/DS-89a343b9-4aeb-4786-8869-e49928653694/container.db]
2023-08-25 08:51:56,758 [Time-limited test] INFO  utils.DatanodeStoreCache (DatanodeStoreCache.java:removeDB(104)) - Removed db /home/runner/work/ozone/ozone/hadoop-ozone/integration-test/target/test-dir/MiniOzoneClusterImpl-7264bf39-beec-4c8a-bbdc-a469073ec634/datanode-2/data-0/containers/hdds/7264bf39-beec-4c8a-bbdc-a469073ec634/DS-321227af-901b-40a3-af29-8d7d77801d6d/container.db from cache
2023-08-25 08:51:56,758 [Time-limited test] INFO  volume.HddsVolume (HddsVolume.java:closeDbStore(453)) - SchemaV3 db is stopped at /home/runner/work/ozone/ozone/hadoop-ozone/integration-test/target/test-dir/MiniOzoneClusterImpl-7264bf39-beec-4c8a-bbdc-a469073ec634/datanode-2/data-0/containers/hdds/7264bf39-beec-4c8a-bbdc-a469073ec634/DS-321227af-901b-40a3-af29-8d7d77801d6d/container.db for volume DS-321227af-901b-40a3-af29-8d7d77801d6d
2023-08-25 08:51:56,758 [Time-limited test] INFO  utils.BackgroundService (BackgroundService.java:shutdown(141)) - Shutting down service BlockDeletingService
2023-08-25 08:51:56,759 [Time-limited test] INFO  utils.BackgroundService (BackgroundService.java:shutdown(141)) - Shutting down service StaleRecoveringContainerScrubbingService
2023-08-25 08:51:56,759 [Time-limited test] INFO  statemachine.DatanodeStateMachine (DatanodeStateMachine.java:stopDaemon(620)) - Ozone container server stopped.
2023-08-25 08:51:56,769 [Time-limited test] INFO  handler.ContextHandler (ContextHandler.java:doStop(1159)) - Stopped o.e.j.w.WebAppContext@7e19bd6f{hddsDatanode,/,null,STOPPED}{jar:file:/home/runner/.m2/repository/org/apache/ozone/hdds-container-service/1.4.0-SNAPSHOT/hdds-container-service-1.4.0-SNAPSHOT.jar!/webapps/hddsDatanode}
2023-08-25 08:51:56,771 [Time-limited test] INFO  server.AbstractConnector (AbstractConnector.java:doStop(383)) - Stopped ServerConnector@30edad92{HTTP/1.1, (http/1.1)}{0.0.0.0:15080}
2023-08-25 08:51:56,773 [Time-limited test] INFO  server.session (HouseKeeper.java:stopScavenging(149)) - node0 Stopped scavenging
2023-08-25 08:51:56,773 [Time-limited test] INFO  handler.ContextHandler (ContextHandler.java:doStop(1159)) - Stopped o.e.j.s.ServletContextHandler@6612e711{static,/static,jar:file:/home/runner/.m2/repository/org/apache/ozone/hdds-container-service/1.4.0-SNAPSHOT/hdds-container-service-1.4.0-SNAPSHOT.jar!/webapps/static,STOPPED}
2023-08-25 08:51:56,774 [Time-limited test] INFO  handler.ContextHandler (ContextHandler.java:doStop(1159)) - Stopped o.e.j.s.ServletContextHandler@2aceaa83{logs,/logs,file:///home/runner/work/ozone/ozone/hadoop-ozone/integration-test/target/log,STOPPED}
2023-08-25 08:51:56,775 [Time-limited test] INFO  ozone.HddsDatanodeClientProtocolServer (HddsDatanodeClientProtocolServer.java:stop(78)) - Stopping the RPC server for Client Protocol
2023-08-25 08:51:56,775 [Time-limited test] INFO  ipc.Server (Server.java:stop(3523)) - Stopping server on 15081
2023-08-25 08:51:56,776 [IPC Server listener on 15081] INFO  ipc.Server (Server.java:run(1434)) - Stopping IPC Server listener on 15081
2023-08-25 08:51:56,782 [IPC Server Responder] INFO  ipc.Server (Server.java:run(1567)) - Stopping IPC Server Responder
2023-08-25 08:51:56,958 [ForkJoinPool.commonPool-worker-3] INFO  utils.DatanodeStoreCache (DatanodeStoreCache.java:shutdownCache(110)) - Skip clearing cache in mini cluster mode. Entries left: [/home/runner/work/ozone/ozone/hadoop-ozone/integration-test/target/test-dir/MiniOzoneClusterImpl-7264bf39-beec-4c8a-bbdc-a469073ec634/datanode-0/data-0/containers/hdds/7264bf39-beec-4c8a-bbdc-a469073ec634/DS-188ca578-fdde-486e-9b3f-dcf4a9e4297e/container.db, /home/runner/work/ozone/ozone/hadoop-ozone/integration-test/target/test-dir/MiniOzoneClusterImpl-7264bf39-beec-4c8a-bbdc-a469073ec634/datanode-3/data-0/containers/hdds/7264bf39-beec-4c8a-bbdc-a469073ec634/DS-a03aadc7-52eb-4337-8b22-991764a6dda3/container.db, /home/runner/work/ozone/ozone/hadoop-ozone/integration-test/target/test-dir/MiniOzoneClusterImpl-7264bf39-beec-4c8a-bbdc-a469073ec634/datanode-4/data-0/containers/hdds/7264bf39-beec-4c8a-bbdc-a469073ec634/DS-89a343b9-4aeb-4786-8869-e49928653694/container.db]
2023-08-25 08:51:56,961 [ForkJoinPool.commonPool-worker-3] INFO  utils.DatanodeStoreCache (DatanodeStoreCache.java:removeDB(104)) - Removed db /home/runner/work/ozone/ozone/hadoop-ozone/integration-test/target/test-dir/MiniOzoneClusterImpl-7264bf39-beec-4c8a-bbdc-a469073ec634/datanode-3/data-0/containers/hdds/7264bf39-beec-4c8a-bbdc-a469073ec634/DS-a03aadc7-52eb-4337-8b22-991764a6dda3/container.db from cache
2023-08-25 08:51:56,961 [ForkJoinPool.commonPool-worker-3] INFO  volume.HddsVolume (HddsVolume.java:closeDbStore(453)) - SchemaV3 db is stopped at /home/runner/work/ozone/ozone/hadoop-ozone/integration-test/target/test-dir/MiniOzoneClusterImpl-7264bf39-beec-4c8a-bbdc-a469073ec634/datanode-3/data-0/containers/hdds/7264bf39-beec-4c8a-bbdc-a469073ec634/DS-a03aadc7-52eb-4337-8b22-991764a6dda3/container.db for volume DS-a03aadc7-52eb-4337-8b22-991764a6dda3
2023-08-25 08:51:56,962 [ForkJoinPool.commonPool-worker-3] INFO  utils.BackgroundService (BackgroundService.java:shutdown(141)) - Shutting down service BlockDeletingService
2023-08-25 08:51:56,963 [ForkJoinPool.commonPool-worker-3] INFO  utils.BackgroundService (BackgroundService.java:shutdown(141)) - Shutting down service StaleRecoveringContainerScrubbingService
2023-08-25 08:51:56,964 [ForkJoinPool.commonPool-worker-3] INFO  statemachine.DatanodeStateMachine (DatanodeStateMachine.java:stopDaemon(620)) - Ozone container server stopped.
2023-08-25 08:51:56,976 [ForkJoinPool.commonPool-worker-3] INFO  handler.ContextHandler (ContextHandler.java:doStop(1159)) - Stopped o.e.j.w.WebAppContext@7516fab9{hddsDatanode,/,null,STOPPED}{jar:file:/home/runner/.m2/repository/org/apache/ozone/hdds-container-service/1.4.0-SNAPSHOT/hdds-container-service-1.4.0-SNAPSHOT.jar!/webapps/hddsDatanode}
2023-08-25 08:51:56,978 [ForkJoinPool.commonPool-worker-3] INFO  server.AbstractConnector (AbstractConnector.java:doStop(383)) - Stopped ServerConnector@7d75e011{HTTP/1.1, (http/1.1)}{0.0.0.0:15089}
2023-08-25 08:51:56,978 [ForkJoinPool.commonPool-worker-3] INFO  server.session (HouseKeeper.java:stopScavenging(149)) - node0 Stopped scavenging
2023-08-25 08:51:56,979 [ForkJoinPool.commonPool-worker-3] INFO  handler.ContextHandler (ContextHandler.java:doStop(1159)) - Stopped o.e.j.s.ServletContextHandler@6f5b03b0{static,/static,jar:file:/home/runner/.m2/repository/org/apache/ozone/hdds-container-service/1.4.0-SNAPSHOT/hdds-container-service-1.4.0-SNAPSHOT.jar!/webapps/static,STOPPED}
2023-08-25 08:51:56,979 [ForkJoinPool.commonPool-worker-3] INFO  handler.ContextHandler (ContextHandler.java:doStop(1159)) - Stopped o.e.j.s.ServletContextHandler@3d0f45b8{logs,/logs,file:///home/runner/work/ozone/ozone/hadoop-ozone/integration-test/target/log,STOPPED}
2023-08-25 08:51:56,980 [ForkJoinPool.commonPool-worker-3] INFO  ozone.HddsDatanodeClientProtocolServer (HddsDatanodeClientProtocolServer.java:stop(78)) - Stopping the RPC server for Client Protocol
2023-08-25 08:51:56,980 [ForkJoinPool.commonPool-worker-3] INFO  ipc.Server (Server.java:stop(3523)) - Stopping server on 15090
2023-08-25 08:51:56,981 [IPC Server Responder] INFO  ipc.Server (Server.java:run(1567)) - Stopping IPC Server Responder
2023-08-25 08:51:56,982 [IPC Server listener on 15090] INFO  ipc.Server (Server.java:run(1434)) - Stopping IPC Server listener on 15090
2023-08-25 08:51:57,108 [ForkJoinPool.commonPool-worker-1] INFO  utils.DatanodeStoreCache (DatanodeStoreCache.java:shutdownCache(110)) - Skip clearing cache in mini cluster mode. Entries left: [/home/runner/work/ozone/ozone/hadoop-ozone/integration-test/target/test-dir/MiniOzoneClusterImpl-7264bf39-beec-4c8a-bbdc-a469073ec634/datanode-0/data-0/containers/hdds/7264bf39-beec-4c8a-bbdc-a469073ec634/DS-188ca578-fdde-486e-9b3f-dcf4a9e4297e/container.db, /home/runner/work/ozone/ozone/hadoop-ozone/integration-test/target/test-dir/MiniOzoneClusterImpl-7264bf39-beec-4c8a-bbdc-a469073ec634/datanode-4/data-0/containers/hdds/7264bf39-beec-4c8a-bbdc-a469073ec634/DS-89a343b9-4aeb-4786-8869-e49928653694/container.db]
2023-08-25 08:51:57,111 [ForkJoinPool.commonPool-worker-1] INFO  utils.DatanodeStoreCache (DatanodeStoreCache.java:removeDB(104)) - Removed db /home/runner/work/ozone/ozone/hadoop-ozone/integration-test/target/test-dir/MiniOzoneClusterImpl-7264bf39-beec-4c8a-bbdc-a469073ec634/datanode-0/data-0/containers/hdds/7264bf39-beec-4c8a-bbdc-a469073ec634/DS-188ca578-fdde-486e-9b3f-dcf4a9e4297e/container.db from cache
2023-08-25 08:51:57,112 [ForkJoinPool.commonPool-worker-1] INFO  volume.HddsVolume (HddsVolume.java:closeDbStore(453)) - SchemaV3 db is stopped at /home/runner/work/ozone/ozone/hadoop-ozone/integration-test/target/test-dir/MiniOzoneClusterImpl-7264bf39-beec-4c8a-bbdc-a469073ec634/datanode-0/data-0/containers/hdds/7264bf39-beec-4c8a-bbdc-a469073ec634/DS-188ca578-fdde-486e-9b3f-dcf4a9e4297e/container.db for volume DS-188ca578-fdde-486e-9b3f-dcf4a9e4297e
2023-08-25 08:51:57,112 [ForkJoinPool.commonPool-worker-1] INFO  utils.BackgroundService (BackgroundService.java:shutdown(141)) - Shutting down service BlockDeletingService
2023-08-25 08:51:57,112 [ForkJoinPool.commonPool-worker-1] INFO  utils.BackgroundService (BackgroundService.java:shutdown(141)) - Shutting down service StaleRecoveringContainerScrubbingService
2023-08-25 08:51:57,113 [ForkJoinPool.commonPool-worker-1] INFO  statemachine.DatanodeStateMachine (DatanodeStateMachine.java:stopDaemon(620)) - Ozone container server stopped.
2023-08-25 08:51:57,125 [ForkJoinPool.commonPool-worker-1] INFO  handler.ContextHandler (ContextHandler.java:doStop(1159)) - Stopped o.e.j.w.WebAppContext@2a652dd9{hddsDatanode,/,null,STOPPED}{jar:file:/home/runner/.m2/repository/org/apache/ozone/hdds-container-service/1.4.0-SNAPSHOT/hdds-container-service-1.4.0-SNAPSHOT.jar!/webapps/hddsDatanode}
2023-08-25 08:51:57,126 [ForkJoinPool.commonPool-worker-1] INFO  server.AbstractConnector (AbstractConnector.java:doStop(383)) - Stopped ServerConnector@5e864815{HTTP/1.1, (http/1.1)}{0.0.0.0:15062}
2023-08-25 08:51:57,126 [ForkJoinPool.commonPool-worker-1] INFO  server.session (HouseKeeper.java:stopScavenging(149)) - node0 Stopped scavenging
2023-08-25 08:51:57,129 [ForkJoinPool.commonPool-worker-1] INFO  handler.ContextHandler (ContextHandler.java:doStop(1159)) - Stopped o.e.j.s.ServletContextHandler@4c3b7e6b{static,/static,jar:file:/home/runner/.m2/repository/org/apache/ozone/hdds-container-service/1.4.0-SNAPSHOT/hdds-container-service-1.4.0-SNAPSHOT.jar!/webapps/static,STOPPED}
2023-08-25 08:51:57,129 [ForkJoinPool.commonPool-worker-1] INFO  handler.ContextHandler (ContextHandler.java:doStop(1159)) - Stopped o.e.j.s.ServletContextHandler@6119933e{logs,/logs,file:///home/runner/work/ozone/ozone/hadoop-ozone/integration-test/target/log,STOPPED}
2023-08-25 08:51:57,130 [ForkJoinPool.commonPool-worker-1] INFO  ozone.HddsDatanodeClientProtocolServer (HddsDatanodeClientProtocolServer.java:stop(78)) - Stopping the RPC server for Client Protocol
2023-08-25 08:51:57,130 [ForkJoinPool.commonPool-worker-1] INFO  ipc.Server (Server.java:stop(3523)) - Stopping server on 15063
2023-08-25 08:51:57,132 [IPC Server listener on 15063] INFO  ipc.Server (Server.java:run(1434)) - Stopping IPC Server listener on 15063
2023-08-25 08:51:57,132 [IPC Server Responder] INFO  ipc.Server (Server.java:run(1567)) - Stopping IPC Server Responder
2023-08-25 08:51:57,321 [ForkJoinPool.commonPool-worker-2] INFO  utils.DatanodeStoreCache (DatanodeStoreCache.java:shutdownCache(110)) - Skip clearing cache in mini cluster mode. Entries left: [/home/runner/work/ozone/ozone/hadoop-ozone/integration-test/target/test-dir/MiniOzoneClusterImpl-7264bf39-beec-4c8a-bbdc-a469073ec634/datanode-4/data-0/containers/hdds/7264bf39-beec-4c8a-bbdc-a469073ec634/DS-89a343b9-4aeb-4786-8869-e49928653694/container.db]
2023-08-25 08:51:57,327 [ForkJoinPool.commonPool-worker-2] INFO  utils.DatanodeStoreCache (DatanodeStoreCache.java:removeDB(104)) - Removed db /home/runner/work/ozone/ozone/hadoop-ozone/integration-test/target/test-dir/MiniOzoneClusterImpl-7264bf39-beec-4c8a-bbdc-a469073ec634/datanode-4/data-0/containers/hdds/7264bf39-beec-4c8a-bbdc-a469073ec634/DS-89a343b9-4aeb-4786-8869-e49928653694/container.db from cache
2023-08-25 08:51:57,327 [ForkJoinPool.commonPool-worker-2] INFO  volume.HddsVolume (HddsVolume.java:closeDbStore(453)) - SchemaV3 db is stopped at /home/runner/work/ozone/ozone/hadoop-ozone/integration-test/target/test-dir/MiniOzoneClusterImpl-7264bf39-beec-4c8a-bbdc-a469073ec634/datanode-4/data-0/containers/hdds/7264bf39-beec-4c8a-bbdc-a469073ec634/DS-89a343b9-4aeb-4786-8869-e49928653694/container.db for volume DS-89a343b9-4aeb-4786-8869-e49928653694
2023-08-25 08:51:57,328 [ForkJoinPool.commonPool-worker-2] INFO  utils.BackgroundService (BackgroundService.java:shutdown(141)) - Shutting down service BlockDeletingService
2023-08-25 08:51:57,328 [ForkJoinPool.commonPool-worker-2] INFO  utils.BackgroundService (BackgroundService.java:shutdown(141)) - Shutting down service StaleRecoveringContainerScrubbingService
2023-08-25 08:51:57,329 [ForkJoinPool.commonPool-worker-2] INFO  statemachine.DatanodeStateMachine (DatanodeStateMachine.java:stopDaemon(620)) - Ozone container server stopped.
2023-08-25 08:51:57,341 [ForkJoinPool.commonPool-worker-2] INFO  handler.ContextHandler (ContextHandler.java:doStop(1159)) - Stopped o.e.j.w.WebAppContext@5e65bac3{hddsDatanode,/,null,STOPPED}{jar:file:/home/runner/.m2/repository/org/apache/ozone/hdds-container-service/1.4.0-SNAPSHOT/hdds-container-service-1.4.0-SNAPSHOT.jar!/webapps/hddsDatanode}
2023-08-25 08:51:57,342 [ForkJoinPool.commonPool-worker-2] INFO  server.AbstractConnector (AbstractConnector.java:doStop(383)) - Stopped ServerConnector@71a6f532{HTTP/1.1, (http/1.1)}{0.0.0.0:15098}
2023-08-25 08:51:57,342 [ForkJoinPool.commonPool-worker-2] INFO  server.session (HouseKeeper.java:stopScavenging(149)) - node0 Stopped scavenging
2023-08-25 08:51:57,343 [ForkJoinPool.commonPool-worker-2] INFO  handler.ContextHandler (ContextHandler.java:doStop(1159)) - Stopped o.e.j.s.ServletContextHandler@729ef396{static,/static,jar:file:/home/runner/.m2/repository/org/apache/ozone/hdds-container-service/1.4.0-SNAPSHOT/hdds-container-service-1.4.0-SNAPSHOT.jar!/webapps/static,STOPPED}
2023-08-25 08:51:57,343 [ForkJoinPool.commonPool-worker-2] INFO  handler.ContextHandler (ContextHandler.java:doStop(1159)) - Stopped o.e.j.s.ServletContextHandler@cbf9a86{logs,/logs,file:///home/runner/work/ozone/ozone/hadoop-ozone/integration-test/target/log,STOPPED}
2023-08-25 08:51:57,344 [ForkJoinPool.commonPool-worker-2] INFO  ozone.HddsDatanodeClientProtocolServer (HddsDatanodeClientProtocolServer.java:stop(78)) - Stopping the RPC server for Client Protocol
2023-08-25 08:51:57,346 [ForkJoinPool.commonPool-worker-2] INFO  ipc.Server (Server.java:stop(3523)) - Stopping server on 15099
2023-08-25 08:51:57,346 [IPC Server listener on 15099] INFO  ipc.Server (Server.java:run(1434)) - Stopping IPC Server listener on 15099
2023-08-25 08:51:57,347 [IPC Server Responder] INFO  ipc.Server (Server.java:run(1567)) - Stopping IPC Server Responder
2023-08-25 08:51:57,351 [Time-limited test] INFO  ozone.MiniOzoneClusterImpl (MiniOzoneClusterImpl.java:stopSCM(543)) - Stopping the StorageContainerManager
2023-08-25 08:51:57,351 [Time-limited test] INFO  server.StorageContainerManager (StorageContainerManager.java:stop(1591)) - Container Balancer is not running.
2023-08-25 08:51:57,351 [Time-limited test] INFO  server.StorageContainerManager (StorageContainerManager.java:stopReplicationManager(1724)) - Stopping Replication Manager Service.
2023-08-25 08:51:57,351 [Time-limited test] INFO  replication.ReplicationManager (ReplicationManager.java:stop(319)) - Stopping Replication Monitor Thread.
2023-08-25 08:51:57,351 [Time-limited test] INFO  server.StorageContainerManager (StorageContainerManager.java:stop(1600)) - Stopping the Datanode Admin Monitor.
2023-08-25 08:51:57,351 [Over Replicated Processor] WARN  replication.UnhealthyReplicationProcessor (UnhealthyReplicationProcessor.java:run(180)) - Over Replicated Processor interrupted. Exiting...
2023-08-25 08:51:57,351 [Under Replicated Processor] WARN  replication.UnhealthyReplicationProcessor (UnhealthyReplicationProcessor.java:run(180)) - Under Replicated Processor interrupted. Exiting...
2023-08-25 08:51:57,351 [ReplicationMonitor] INFO  replication.ReplicationManager (ReplicationManager.java:run(917)) - Replication Monitor Thread is stopped
2023-08-25 08:51:57,351 [Time-limited test] INFO  server.StorageContainerManager (StorageContainerManager.java:stop(1607)) - Stopping datanode service RPC server
2023-08-25 08:51:57,352 [Time-limited test] INFO  server.SCMDatanodeProtocolServer (SCMDatanodeProtocolServer.java:stop(424)) - Stopping the RPC server for DataNodes
2023-08-25 08:51:57,352 [Time-limited test] INFO  ipc.Server (Server.java:stop(3523)) - Stopping server on 15055
2023-08-25 08:51:57,354 [IPC Server listener on 15055] INFO  ipc.Server (Server.java:run(1434)) - Stopping IPC Server listener on 15055
2023-08-25 08:51:57,355 [IPC Server Responder] INFO  ipc.Server (Server.java:run(1567)) - Stopping IPC Server Responder
2023-08-25 08:51:57,361 [SCM Heartbeat Processing Thread - 0] WARN  node.NodeStateManager (NodeStateManager.java:scheduleNextHealthCheck(874)) - Current Thread is interrupted, shutting down HB processing thread for Node Manager.
2023-08-25 08:51:57,361 [EventQueue-StaleNodeForStaleNodeHandler] INFO  node.StaleNodeHandler (StaleNodeHandler.java:onMessage(58)) - Datanode 0e5a7e70-4bad-4e07-bed3-bc8780d50e71(fv-az584-689.msjcyvhqqs1uvpg4fm53wptgqc.jx.internal.cloudapp.net/10.1.0.19) moved to stale state. Finalizing its pipelines [PipelineID=85d65a51-6536-4c1e-991c-4f5c45291203]
2023-08-25 08:51:57,362 [EventQueue-StaleNodeForStaleNodeHandler] INFO  pipeline.PipelineManagerImpl (PipelineManagerImpl.java:closePipeline(529)) - Pipeline Pipeline[ Id: 85d65a51-6536-4c1e-991c-4f5c45291203, Nodes: 0e5a7e70-4bad-4e07-bed3-bc8780d50e71(fv-az584-689.msjcyvhqqs1uvpg4fm53wptgqc.jx.internal.cloudapp.net/10.1.0.19), ReplicationConfig: RATIS/ONE, State:OPEN, leaderId:0e5a7e70-4bad-4e07-bed3-bc8780d50e71, CreationTimestamp2023-08-25T08:51:27.215Z[Etc/UTC]] moved to CLOSED state
2023-08-25 08:51:57,362 [Time-limited test] INFO  server.StorageContainerManager (StorageContainerManager.java:stop(1615)) - Stopping block service RPC server
2023-08-25 08:51:57,362 [Time-limited test] INFO  server.SCMBlockProtocolServer (SCMBlockProtocolServer.java:stop(161)) - Stopping the RPC server for Block Protocol
2023-08-25 08:51:57,362 [Time-limited test] INFO  ipc.Server (Server.java:stop(3523)) - Stopping server on 15054
2023-08-25 08:51:57,365 [IPC Server listener on 15054] INFO  ipc.Server (Server.java:run(1434)) - Stopping IPC Server listener on 15054
2023-08-25 08:51:57,365 [IPC Server Responder] INFO  ipc.Server (Server.java:run(1567)) - Stopping IPC Server Responder
2023-08-25 08:51:57,366 [Time-limited test] INFO  server.StorageContainerManager (StorageContainerManager.java:stop(1622)) - Stopping the StorageContainerLocationProtocol RPC server
2023-08-25 08:51:57,366 [Time-limited test] INFO  server.SCMClientProtocolServer (SCMClientProtocolServer.java:stop(210)) - Stopping the RPC server for Client Protocol
2023-08-25 08:51:57,366 [Time-limited test] INFO  ipc.Server (Server.java:stop(3523)) - Stopping server on 15053
2023-08-25 08:51:57,367 [IPC Server listener on 15053] INFO  ipc.Server (Server.java:run(1434)) - Stopping IPC Server listener on 15053
2023-08-25 08:51:57,368 [IPC Server Responder] INFO  ipc.Server (Server.java:run(1567)) - Stopping IPC Server Responder
2023-08-25 08:51:57,368 [Time-limited test] INFO  server.StorageContainerManager (StorageContainerManager.java:stop(1629)) - Stopping Storage Container Manager HTTP server.
2023-08-25 08:51:57,369 [Time-limited test] INFO  handler.ContextHandler (ContextHandler.java:doStop(1159)) - Stopped o.e.j.w.WebAppContext@6d353825{scm,/,null,STOPPED}{file:/home/runner/work/ozone/ozone/hadoop-ozone/integration-test/target/test-classes/webapps/scm}
2023-08-25 08:51:57,369 [Time-limited test] INFO  server.AbstractConnector (AbstractConnector.java:doStop(383)) - Stopped ServerConnector@1bf5f571{HTTP/1.1, (http/1.1)}{0.0.0.0:15056}
2023-08-25 08:51:57,369 [Time-limited test] INFO  server.session (HouseKeeper.java:stopScavenging(149)) - node0 Stopped scavenging
2023-08-25 08:51:57,370 [Time-limited test] INFO  handler.ContextHandler (ContextHandler.java:doStop(1159)) - Stopped o.e.j.s.ServletContextHandler@1891ab81{static,/static,file:///home/runner/work/ozone/ozone/hadoop-ozone/integration-test/target/test-classes/webapps/static,STOPPED}
2023-08-25 08:51:57,370 [Time-limited test] INFO  handler.ContextHandler (ContextHandler.java:doStop(1159)) - Stopped o.e.j.s.ServletContextHandler@1b35f1bf{logs,/logs,file:///home/runner/work/ozone/ozone/hadoop-ozone/integration-test/target/log,STOPPED}
2023-08-25 08:51:57,371 [Time-limited test] INFO  server.StorageContainerManager (StorageContainerManager.java:stop(1637)) - Stopping SCM LayoutVersionManager Service.
2023-08-25 08:51:57,371 [Time-limited test] INFO  server.StorageContainerManager (StorageContainerManager.java:stop(1649)) - Stopping Block Manager Service.
2023-08-25 08:51:57,371 [Time-limited test] INFO  utils.BackgroundService (BackgroundService.java:shutdown(141)) - Shutting down service SCMBlockDeletingService
2023-08-25 08:51:57,371 [Time-limited test] INFO  utils.BackgroundService (BackgroundService.java:shutdown(141)) - Shutting down service SCMBlockDeletingService
2023-08-25 08:51:57,371 [Time-limited test] INFO  server.StorageContainerManager (StorageContainerManager.java:stop(1669)) - Stopping SCM Event Queue.
2023-08-25 08:51:57,372 [JvmPauseMonitor7] INFO  util.JvmPauseMonitor (JvmPauseMonitor.java:run(109)) - JvmPauseMonitor-41043a62-a2d9-4802-afa4-17e4ccaa0602: Stopped
2023-08-25 08:51:57,372 [Time-limited test] INFO  server.StorageContainerManager (StorageContainerManager.java:stop(1680)) - Stopping SCM HA services.
2023-08-25 08:51:57,372 [Time-limited test] INFO  pipeline.BackgroundPipelineCreator (BackgroundPipelineCreator.java:stop(149)) - Stopping RatisPipelineUtilsThread.
2023-08-25 08:51:57,372 [RatisPipelineUtilsThread - 0] WARN  pipeline.BackgroundPipelineCreator (BackgroundPipelineCreator.java:run(180)) - RatisPipelineUtilsThread is interrupted.
2023-08-25 08:51:57,373 [BackgroundPipelineScrubberThread] WARN  BackgroundPipelineScrubber (BackgroundSCMService.java:run(115)) - BackgroundPipelineScrubber is interrupted, exit
2023-08-25 08:51:57,373 [Time-limited test] INFO  BackgroundPipelineScrubber (BackgroundSCMService.java:stop(131)) - Stopping BackgroundPipelineScrubber Service.
2023-08-25 08:51:57,374 [Time-limited test] INFO  impl.MetricsSystemImpl (MetricsSystemImpl.java:stop(210)) - Stopping HddsDatanode metrics system...
2023-08-25 08:51:57,374 [prometheus] INFO  impl.MetricsSinkAdapter (MetricsSinkAdapter.java:publishMetricsFromQueue(141)) - prometheus thread interrupted.
2023-08-25 08:51:57,375 [Time-limited test] INFO  impl.MetricsSystemImpl (MetricsSystemImpl.java:stop(216)) - HddsDatanode metrics system stopped.
2023-08-25 08:51:57,375 [Time-limited test] WARN  pipeline.BackgroundPipelineCreator (BackgroundPipelineCreator.java:stop(145)) - RatisPipelineUtilsThread is not running, just ignore.
2023-08-25 08:51:57,379 [Time-limited test] INFO  BackgroundPipelineScrubber (BackgroundSCMService.java:stop(126)) - BackgroundPipelineScrubber Service is not running, skip stop.
2023-08-25 08:51:57,379 [Time-limited test] INFO  ExpiredContainerReplicaOpScrubber (BackgroundSCMService.java:stop(131)) - Stopping ExpiredContainerReplicaOpScrubber Service.
2023-08-25 08:51:57,379 [ExpiredContainerReplicaOpScrubberThread] WARN  ExpiredContainerReplicaOpScrubber (BackgroundSCMService.java:run(115)) - ExpiredContainerReplicaOpScrubber is interrupted, exit
2023-08-25 08:51:57,379 [Time-limited test] INFO  utils.BackgroundService (BackgroundService.java:shutdown(141)) - Shutting down service SCMBlockDeletingService
2023-08-25 08:51:57,380 [Time-limited test] INFO  replication.ReplicationManager (ReplicationManager.java:stop(329)) - Replication Monitor Thread is not running.
2023-08-25 08:51:57,380 [Time-limited test] WARN  balancer.ContainerBalancer (ContainerBalancer.java:stop(326)) - Cannot stop Container Balancer because it's not running or stopping
2023-08-25 08:51:57,380 [Time-limited test] INFO  server.StorageContainerManager (StorageContainerManager.java:stop(1715)) - Stopping SCM MetadataStore.
2023-08-25 08:51:57,381 [Lease Manager-LeaseManager#LeaseMonitor] WARN  lease.LeaseManager (LeaseManager.java:run(272)) - Lease manager is interrupted. Shutting down...
java.lang.InterruptedException
	at java.util.concurrent.locks.AbstractQueuedSynchronizer.doAcquireSharedNanos(AbstractQueuedSynchronizer.java:1039)
	at java.util.concurrent.locks.AbstractQueuedSynchronizer.tryAcquireSharedNanos(AbstractQueuedSynchronizer.java:1328)
	at java.util.concurrent.Semaphore.tryAcquire(Semaphore.java:409)
	at org.apache.hadoop.ozone.lease.LeaseManager$LeaseMonitor.run(LeaseManager.java:270)
	at java.lang.Thread.run(Thread.java:750)
]]></system-out>
  </testcase>
  <testcase name="testContainerReplication" classname="TestContainerReplication" time="65.499">
    <error type="java.util.concurrent.TimeoutException"><![CDATA[java.util.concurrent.TimeoutException: 
Timed out waiting for condition. Thread diagnostics:
Timestamp: 2023-08-25 08:53:30,291

"qtp1198768798-2466" daemon prio=5 tid=2466 timed_waiting
java.lang.Thread.State: TIMED_WAITING
        at sun.misc.Unsafe.park(Native Method)
        at java.util.concurrent.locks.LockSupport.parkNanos(LockSupport.java:215)
        at java.util.concurrent.locks.AbstractQueuedSynchronizer$ConditionObject.awaitNanos(AbstractQueuedSynchronizer.java:2078)
        at org.eclipse.jetty.util.BlockingArrayQueue.poll(BlockingArrayQueue.java:382)
        at org.eclipse.jetty.util.thread.QueuedThreadPool$Runner.idleJobPoll(QueuedThreadPool.java:974)
        at org.eclipse.jetty.util.thread.QueuedThreadPool$Runner.run(QueuedThreadPool.java:1018)
        at java.lang.Thread.run(Thread.java:750)
"IPC Server handler 3 on default port 15160" daemon prio=5 tid=2421 timed_waiting
java.lang.Thread.State: TIMED_WAITING
        at sun.misc.Unsafe.park(Native Method)
        at java.util.concurrent.locks.LockSupport.parkNanos(LockSupport.java:215)
        at java.util.concurrent.locks.AbstractQueuedSynchronizer$ConditionObject.awaitNanos(AbstractQueuedSynchronizer.java:2078)
        at java.util.concurrent.LinkedBlockingQueue.poll(LinkedBlockingQueue.java:467)
        at org.apache.hadoop.ipc.CallQueueManager.take(CallQueueManager.java:317)
        at org.apache.hadoop.ipc.Server$Handler.run(Server.java:3014)
"ChunkWriter-3-0" daemon prio=5 tid=2685 in Object.wait()
java.lang.Thread.State: WAITING (on object monitor)
        at sun.misc.Unsafe.park(Native Method)
        at java.util.concurrent.locks.LockSupport.park(LockSupport.java:175)
        at java.util.concurrent.locks.AbstractQueuedSynchronizer$ConditionObject.await(AbstractQueuedSynchronizer.java:2039)
        at java.util.concurrent.LinkedBlockingDeque.takeFirst(LinkedBlockingDeque.java:492)
        at java.util.concurrent.LinkedBlockingDeque.take(LinkedBlockingDeque.java:680)
        at java.util.concurrent.ThreadPoolExecutor.getTask(ThreadPoolExecutor.java:1074)
        at java.util.concurrent.ThreadPoolExecutor.runWorker(ThreadPoolExecutor.java:1134)
        at java.util.concurrent.ThreadPoolExecutor$Worker.run(ThreadPoolExecutor.java:624)
        at java.lang.Thread.run(Thread.java:750)
"EndpointStateMachine task thread for /0.0.0.0:15161 - 0 "  prio=5 tid=2723 in Object.wait()
java.lang.Thread.State: WAITING (on object monitor)
        at sun.misc.Unsafe.park(Native Method)
        at java.util.concurrent.locks.LockSupport.park(LockSupport.java:175)
        at java.util.concurrent.locks.AbstractQueuedSynchronizer$ConditionObject.await(AbstractQueuedSynchronizer.java:2039)
        at java.util.concurrent.LinkedBlockingQueue.take(LinkedBlockingQueue.java:442)
        at java.util.concurrent.ThreadPoolExecutor.getTask(ThreadPoolExecutor.java:1074)
        at java.util.concurrent.ThreadPoolExecutor.runWorker(ThreadPoolExecutor.java:1134)
        at java.util.concurrent.ThreadPoolExecutor$Worker.run(ThreadPoolExecutor.java:624)
        at java.lang.Thread.run(Thread.java:750)
"pool-827-thread-1"  prio=5 tid=2651 timed_waiting
java.lang.Thread.State: TIMED_WAITING
        at sun.misc.Unsafe.park(Native Method)
        at java.util.concurrent.locks.LockSupport.parkNanos(LockSupport.java:215)
        at java.util.concurrent.locks.AbstractQueuedSynchronizer$ConditionObject.awaitNanos(AbstractQueuedSynchronizer.java:2078)
        at java.util.concurrent.ScheduledThreadPoolExecutor$DelayedWorkQueue.take(ScheduledThreadPoolExecutor.java:1093)
        at java.util.concurrent.ScheduledThreadPoolExecutor$DelayedWorkQueue.take(ScheduledThreadPoolExecutor.java:809)
        at java.util.concurrent.ThreadPoolExecutor.getTask(ThreadPoolExecutor.java:1074)
        at java.util.concurrent.ThreadPoolExecutor.runWorker(ThreadPoolExecutor.java:1134)
        at java.util.concurrent.ThreadPoolExecutor$Worker.run(ThreadPoolExecutor.java:624)
        at java.lang.Thread.run(Thread.java:750)
"ChunkReader-ELG-0" daemon prio=5 tid=2748 runnable
java.lang.Thread.State: RUNNABLE
        at org.apache.ratis.thirdparty.io.netty.channel.epoll.Native.epollWait(Native Method)
        at org.apache.ratis.thirdparty.io.netty.channel.epoll.Native.epollWait(Native.java:209)
        at org.apache.ratis.thirdparty.io.netty.channel.epoll.Native.epollWait(Native.java:202)
        at org.apache.ratis.thirdparty.io.netty.channel.epoll.EpollEventLoop.epollWaitNoTimerChange(EpollEventLoop.java:306)
        at org.apache.ratis.thirdparty.io.netty.channel.epoll.EpollEventLoop.run(EpollEventLoop.java:363)
        at org.apache.ratis.thirdparty.io.netty.util.concurrent.SingleThreadEventExecutor$4.run(SingleThreadEventExecutor.java:997)
        at org.apache.ratis.thirdparty.io.netty.util.internal.ThreadExecutorMap$2.run(ThreadExecutorMap.java:74)
        at java.lang.Thread.run(Thread.java:750)
"grpc-default-worker-ELG-9-1" daemon prio=5 tid=2770 runnable
java.lang.Thread.State: RUNNABLE
        at org.apache.ratis.thirdparty.io.netty.channel.epoll.Native.epollWait0(Native Method)
        at org.apache.ratis.thirdparty.io.netty.channel.epoll.Native.epollWait(Native.java:182)
        at org.apache.ratis.thirdparty.io.netty.channel.epoll.EpollEventLoop.epollWait(EpollEventLoop.java:302)
        at org.apache.ratis.thirdparty.io.netty.channel.epoll.EpollEventLoop.run(EpollEventLoop.java:366)
        at org.apache.ratis.thirdparty.io.netty.util.concurrent.SingleThreadEventExecutor$4.run(SingleThreadEventExecutor.java:997)
        at org.apache.ratis.thirdparty.io.netty.util.internal.ThreadExecutorMap$2.run(ThreadExecutorMap.java:74)
        at org.apache.ratis.thirdparty.io.netty.util.concurrent.FastThreadLocalRunnable.run(FastThreadLocalRunnable.java:30)
        at java.lang.Thread.run(Thread.java:750)
"Periodic HDDS volume checker" daemon prio=5 tid=2724 timed_waiting
java.lang.Thread.State: TIMED_WAITING
        at sun.misc.Unsafe.park(Native Method)
        at java.util.concurrent.locks.LockSupport.parkNanos(LockSupport.java:215)
        at java.util.concurrent.locks.AbstractQueuedSynchronizer$ConditionObject.awaitNanos(AbstractQueuedSynchronizer.java:2078)
        at java.util.concurrent.ScheduledThreadPoolExecutor$DelayedWorkQueue.take(ScheduledThreadPoolExecutor.java:1093)
        at java.util.concurrent.ScheduledThreadPoolExecutor$DelayedWorkQueue.take(ScheduledThreadPoolExecutor.java:809)
        at java.util.concurrent.ThreadPoolExecutor.getTask(ThreadPoolExecutor.java:1074)
        at java.util.concurrent.ThreadPoolExecutor.runWorker(ThreadPoolExecutor.java:1134)
        at java.util.concurrent.ThreadPoolExecutor$Worker.run(ThreadPoolExecutor.java:624)
        at java.lang.Thread.run(Thread.java:750)
"Datanode ReportManager Thread - 4" daemon prio=5 tid=2643 in Object.wait()
java.lang.Thread.State: WAITING (on object monitor)
        at sun.misc.Unsafe.park(Native Method)
        at java.util.concurrent.locks.LockSupport.park(LockSupport.java:175)
        at java.util.concurrent.locks.AbstractQueuedSynchronizer$ConditionObject.await(AbstractQueuedSynchronizer.java:2039)
        at java.util.concurrent.ScheduledThreadPoolExecutor$DelayedWorkQueue.take(ScheduledThreadPoolExecutor.java:1088)
        at java.util.concurrent.ScheduledThreadPoolExecutor$DelayedWorkQueue.take(ScheduledThreadPoolExecutor.java:809)
        at java.util.concurrent.ThreadPoolExecutor.getTask(ThreadPoolExecutor.java:1074)
        at java.util.concurrent.ThreadPoolExecutor.runWorker(ThreadPoolExecutor.java:1134)
        at java.util.concurrent.ThreadPoolExecutor$Worker.run(ThreadPoolExecutor.java:624)
        at java.lang.Thread.run(Thread.java:750)
"Datanode ReportManager Thread - 3" daemon prio=5 tid=2671 in Object.wait()
java.lang.Thread.State: WAITING (on object monitor)
        at sun.misc.Unsafe.park(Native Method)
        at java.util.concurrent.locks.LockSupport.park(LockSupport.java:175)
        at java.util.concurrent.locks.AbstractQueuedSynchronizer$ConditionObject.await(AbstractQueuedSynchronizer.java:2039)
        at java.util.concurrent.ScheduledThreadPoolExecutor$DelayedWorkQueue.take(ScheduledThreadPoolExecutor.java:1088)
        at java.util.concurrent.ScheduledThreadPoolExecutor$DelayedWorkQueue.take(ScheduledThreadPoolExecutor.java:809)
        at java.util.concurrent.ThreadPoolExecutor.getTask(ThreadPoolExecutor.java:1074)
        at java.util.concurrent.ThreadPoolExecutor.runWorker(ThreadPoolExecutor.java:1134)
        at java.util.concurrent.ThreadPoolExecutor$Worker.run(ThreadPoolExecutor.java:624)
        at java.lang.Thread.run(Thread.java:750)
"SCMBlockDeletingService#0" daemon prio=5 tid=2458 timed_waiting
java.lang.Thread.State: TIMED_WAITING
        at sun.misc.Unsafe.park(Native Method)
        at java.util.concurrent.locks.LockSupport.parkNanos(LockSupport.java:215)
        at java.util.concurrent.locks.AbstractQueuedSynchronizer$ConditionObject.awaitNanos(AbstractQueuedSynchronizer.java:2078)
        at java.util.concurrent.ScheduledThreadPoolExecutor$DelayedWorkQueue.take(ScheduledThreadPoolExecutor.java:1093)
        at java.util.concurrent.ScheduledThreadPoolExecutor$DelayedWorkQueue.take(ScheduledThreadPoolExecutor.java:809)
        at java.util.concurrent.ThreadPoolExecutor.getTask(ThreadPoolExecutor.java:1074)
        at java.util.concurrent.ThreadPoolExecutor.runWorker(ThreadPoolExecutor.java:1134)
        at java.util.concurrent.ThreadPoolExecutor$Worker.run(ThreadPoolExecutor.java:624)
        at java.lang.Thread.run(Thread.java:750)
"Datanode ReportManager Thread - 0" daemon prio=5 tid=2610 timed_waiting
java.lang.Thread.State: TIMED_WAITING
        at sun.misc.Unsafe.park(Native Method)
        at java.util.concurrent.locks.LockSupport.parkNanos(LockSupport.java:215)
        at java.util.concurrent.locks.AbstractQueuedSynchronizer$ConditionObject.awaitNanos(AbstractQueuedSynchronizer.java:2078)
        at java.util.concurrent.ScheduledThreadPoolExecutor$DelayedWorkQueue.take(ScheduledThreadPoolExecutor.java:1093)
        at java.util.concurrent.ScheduledThreadPoolExecutor$DelayedWorkQueue.take(ScheduledThreadPoolExecutor.java:809)
        at java.util.concurrent.ThreadPoolExecutor.getTask(ThreadPoolExecutor.java:1074)
        at java.util.concurrent.ThreadPoolExecutor.runWorker(ThreadPoolExecutor.java:1134)
        at java.util.concurrent.ThreadPoolExecutor$Worker.run(ThreadPoolExecutor.java:624)
        at java.lang.Thread.run(Thread.java:750)
"StaleRecoveringContainerScrubbingService#0" daemon prio=5 tid=2689 timed_waiting
java.lang.Thread.State: TIMED_WAITING
        at sun.misc.Unsafe.park(Native Method)
        at java.util.concurrent.locks.LockSupport.parkNanos(LockSupport.java:215)
        at java.util.concurrent.locks.AbstractQueuedSynchronizer$ConditionObject.awaitNanos(AbstractQueuedSynchronizer.java:2078)
        at java.util.concurrent.ScheduledThreadPoolExecutor$DelayedWorkQueue.take(ScheduledThreadPoolExecutor.java:1093)
        at java.util.concurrent.ScheduledThreadPoolExecutor$DelayedWorkQueue.take(ScheduledThreadPoolExecutor.java:809)
        at java.util.concurrent.ThreadPoolExecutor.getTask(ThreadPoolExecutor.java:1074)
        at java.util.concurrent.ThreadPoolExecutor.runWorker(ThreadPoolExecutor.java:1134)
        at java.util.concurrent.ThreadPoolExecutor$Worker.run(ThreadPoolExecutor.java:624)
        at java.lang.Thread.run(Thread.java:750)
"IPC Server handler 10 on default port 15163" daemon prio=5 tid=2518 timed_waiting
java.lang.Thread.State: TIMED_WAITING
        at sun.misc.Unsafe.park(Native Method)
        at java.util.concurrent.locks.LockSupport.parkNanos(LockSupport.java:215)
        at java.util.concurrent.locks.AbstractQueuedSynchronizer$ConditionObject.awaitNanos(AbstractQueuedSynchronizer.java:2078)
        at java.util.concurrent.LinkedBlockingQueue.poll(LinkedBlockingQueue.java:467)
        at org.apache.hadoop.ipc.CallQueueManager.take(CallQueueManager.java:317)
        at org.apache.hadoop.ipc.Server$Handler.run(Server.java:3014)
"IPC Server handler 11 on default port 15159" daemon prio=5 tid=2409 timed_waiting
java.lang.Thread.State: TIMED_WAITING
        at sun.misc.Unsafe.park(Native Method)
        at java.util.concurrent.locks.LockSupport.parkNanos(LockSupport.java:215)
        at java.util.concurrent.locks.AbstractQueuedSynchronizer$ConditionObject.awaitNanos(AbstractQueuedSynchronizer.java:2078)
        at java.util.concurrent.LinkedBlockingQueue.poll(LinkedBlockingQueue.java:467)
        at org.apache.hadoop.ipc.CallQueueManager.take(CallQueueManager.java:317)
        at org.apache.hadoop.ipc.Server$Handler.run(Server.java:3014)
"Session-HouseKeeper-46c56dd-1"  prio=5 tid=2600 timed_waiting
java.lang.Thread.State: TIMED_WAITING
        at sun.misc.Unsafe.park(Native Method)
        at java.util.concurrent.locks.LockSupport.parkNanos(LockSupport.java:215)
        at java.util.concurrent.locks.AbstractQueuedSynchronizer$ConditionObject.awaitNanos(AbstractQueuedSynchronizer.java:2078)
        at java.util.concurrent.ScheduledThreadPoolExecutor$DelayedWorkQueue.take(ScheduledThreadPoolExecutor.java:1093)
        at java.util.concurrent.ScheduledThreadPoolExecutor$DelayedWorkQueue.take(ScheduledThreadPoolExecutor.java:809)
        at java.util.concurrent.ThreadPoolExecutor.getTask(ThreadPoolExecutor.java:1074)
        at java.util.concurrent.ThreadPoolExecutor.runWorker(ThreadPoolExecutor.java:1134)
        at java.util.concurrent.ThreadPoolExecutor$Worker.run(ThreadPoolExecutor.java:624)
        at java.lang.Thread.run(Thread.java:750)
"IPC Server handler 4 on default port 15163" daemon prio=5 tid=2512 timed_waiting
java.lang.Thread.State: TIMED_WAITING
        at sun.misc.Unsafe.park(Native Method)
        at java.util.concurrent.locks.LockSupport.parkNanos(LockSupport.java:215)
        at java.util.concurrent.locks.AbstractQueuedSynchronizer$ConditionObject.awaitNanos(AbstractQueuedSynchronizer.java:2078)
        at java.util.concurrent.LinkedBlockingQueue.poll(LinkedBlockingQueue.java:467)
        at org.apache.hadoop.ipc.CallQueueManager.take(CallQueueManager.java:317)
        at org.apache.hadoop.ipc.Server$Handler.run(Server.java:3014)
"Socket Reader #1 for port 15205" daemon prio=5 tid=2662 runnable
java.lang.Thread.State: RUNNABLE
        at sun.nio.ch.EPollArrayWrapper.epollWait(Native Method)
        at sun.nio.ch.EPollArrayWrapper.poll(EPollArrayWrapper.java:269)
        at sun.nio.ch.EPollSelectorImpl.doSelect(EPollSelectorImpl.java:93)
        at sun.nio.ch.SelectorImpl.lockAndDoSelect(SelectorImpl.java:86)
        at sun.nio.ch.SelectorImpl.select(SelectorImpl.java:97)
        at sun.nio.ch.SelectorImpl.select(SelectorImpl.java:101)
        at org.apache.hadoop.ipc.Server$Listener$Reader.doRunLoop(Server.java:1346)
        at org.apache.hadoop.ipc.Server$Listener$Reader.run(Server.java:1325)
"qtp688933350-2503" daemon prio=5 tid=2503 timed_waiting
java.lang.Thread.State: TIMED_WAITING
        at sun.misc.Unsafe.park(Native Method)
        at java.util.concurrent.locks.LockSupport.parkNanos(LockSupport.java:215)
        at java.util.concurrent.locks.AbstractQueuedSynchronizer$ConditionObject.awaitNanos(AbstractQueuedSynchronizer.java:2078)
        at org.eclipse.jetty.util.BlockingArrayQueue.poll(BlockingArrayQueue.java:382)
        at org.eclipse.jetty.util.thread.QueuedThreadPool$Runner.idleJobPoll(QueuedThreadPool.java:974)
        at org.eclipse.jetty.util.thread.QueuedThreadPool$Runner.run(QueuedThreadPool.java:1018)
        at java.lang.Thread.run(Thread.java:750)
"IPC Server handler 15 on default port 15160" daemon prio=5 tid=2433 timed_waiting
java.lang.Thread.State: TIMED_WAITING
        at sun.misc.Unsafe.park(Native Method)
        at java.util.concurrent.locks.LockSupport.parkNanos(LockSupport.java:215)
        at java.util.concurrent.locks.AbstractQueuedSynchronizer$ConditionObject.awaitNanos(AbstractQueuedSynchronizer.java:2078)
        at java.util.concurrent.LinkedBlockingQueue.poll(LinkedBlockingQueue.java:467)
        at org.apache.hadoop.ipc.CallQueueManager.take(CallQueueManager.java:317)
        at org.apache.hadoop.ipc.Server$Handler.run(Server.java:3014)
"pool-787-thread-1" daemon prio=5 tid=2726 timed_waiting
java.lang.Thread.State: TIMED_WAITING
        at sun.misc.Unsafe.park(Native Method)
        at java.util.concurrent.locks.LockSupport.parkNanos(LockSupport.java:215)
        at java.util.concurrent.locks.AbstractQueuedSynchronizer$ConditionObject.awaitNanos(AbstractQueuedSynchronizer.java:2078)
        at java.util.concurrent.ScheduledThreadPoolExecutor$DelayedWorkQueue.take(ScheduledThreadPoolExecutor.java:1093)
        at java.util.concurrent.ScheduledThreadPoolExecutor$DelayedWorkQueue.take(ScheduledThreadPoolExecutor.java:809)
        at java.util.concurrent.ThreadPoolExecutor.getTask(ThreadPoolExecutor.java:1074)
        at java.util.concurrent.ThreadPoolExecutor.runWorker(ThreadPoolExecutor.java:1134)
        at java.util.concurrent.ThreadPoolExecutor$Worker.run(ThreadPoolExecutor.java:624)
        at java.lang.Thread.run(Thread.java:750)
"qtp961679561-2536" daemon prio=5 tid=2536 timed_waiting
java.lang.Thread.State: TIMED_WAITING
        at sun.misc.Unsafe.park(Native Method)
        at java.util.concurrent.locks.LockSupport.parkNanos(LockSupport.java:215)
        at java.util.concurrent.locks.AbstractQueuedSynchronizer$ConditionObject.awaitNanos(AbstractQueuedSynchronizer.java:2078)
        at org.eclipse.jetty.util.BlockingArrayQueue.poll(BlockingArrayQueue.java:382)
        at org.eclipse.jetty.util.thread.QueuedThreadPool$Runner.idleJobPoll(QueuedThreadPool.java:974)
        at org.eclipse.jetty.util.thread.QueuedThreadPool$Runner.run(QueuedThreadPool.java:1018)
        at java.lang.Thread.run(Thread.java:750)
"KeyDeletingService#0" daemon prio=5 tid=2493 timed_waiting
java.lang.Thread.State: TIMED_WAITING
        at sun.misc.Unsafe.park(Native Method)
        at java.util.concurrent.locks.LockSupport.parkNanos(LockSupport.java:215)
        at java.util.concurrent.locks.AbstractQueuedSynchronizer$ConditionObject.awaitNanos(AbstractQueuedSynchronizer.java:2078)
        at java.util.concurrent.ScheduledThreadPoolExecutor$DelayedWorkQueue.take(ScheduledThreadPoolExecutor.java:1093)
        at java.util.concurrent.ScheduledThreadPoolExecutor$DelayedWorkQueue.take(ScheduledThreadPoolExecutor.java:809)
        at java.util.concurrent.ThreadPoolExecutor.getTask(ThreadPoolExecutor.java:1074)
        at java.util.concurrent.ThreadPoolExecutor.runWorker(ThreadPoolExecutor.java:1134)
        at java.util.concurrent.ThreadPoolExecutor$Worker.run(ThreadPoolExecutor.java:624)
        at java.lang.Thread.run(Thread.java:750)
"ChunkWriter-3-0" daemon prio=5 tid=2715 in Object.wait()
java.lang.Thread.State: WAITING (on object monitor)
        at sun.misc.Unsafe.park(Native Method)
        at java.util.concurrent.locks.LockSupport.park(LockSupport.java:175)
        at java.util.concurrent.locks.AbstractQueuedSynchronizer$ConditionObject.await(AbstractQueuedSynchronizer.java:2039)
        at java.util.concurrent.LinkedBlockingDeque.takeFirst(LinkedBlockingDeque.java:492)
        at java.util.concurrent.LinkedBlockingDeque.take(LinkedBlockingDeque.java:680)
        at java.util.concurrent.ThreadPoolExecutor.getTask(ThreadPoolExecutor.java:1074)
        at java.util.concurrent.ThreadPoolExecutor.runWorker(ThreadPoolExecutor.java:1134)
        at java.util.concurrent.ThreadPoolExecutor$Worker.run(ThreadPoolExecutor.java:624)
        at java.lang.Thread.run(Thread.java:750)
"IPC Server handler 18 on default port 15161" daemon prio=5 tid=2456 timed_waiting
java.lang.Thread.State: TIMED_WAITING
        at sun.misc.Unsafe.park(Native Method)
        at java.util.concurrent.locks.LockSupport.parkNanos(LockSupport.java:215)
        at java.util.concurrent.locks.AbstractQueuedSynchronizer$ConditionObject.awaitNanos(AbstractQueuedSynchronizer.java:2078)
        at java.util.concurrent.LinkedBlockingQueue.poll(LinkedBlockingQueue.java:467)
        at org.apache.hadoop.ipc.CallQueueManager.take(CallQueueManager.java:317)
        at org.apache.hadoop.ipc.Server$Handler.run(Server.java:3014)
"IPC Server Responder" daemon prio=5 tid=2384 runnable
java.lang.Thread.State: RUNNABLE
        at sun.nio.ch.EPollArrayWrapper.epollWait(Native Method)
        at sun.nio.ch.EPollArrayWrapper.poll(EPollArrayWrapper.java:269)
        at sun.nio.ch.EPollSelectorImpl.doSelect(EPollSelectorImpl.java:93)
        at sun.nio.ch.SelectorImpl.lockAndDoSelect(SelectorImpl.java:86)
        at sun.nio.ch.SelectorImpl.select(SelectorImpl.java:97)
        at org.apache.hadoop.ipc.Server$Responder.doRunLoop(Server.java:1582)
        at org.apache.hadoop.ipc.Server$Responder.run(Server.java:1565)
"IPC Server handler 5 on default port 15163" daemon prio=5 tid=2513 timed_waiting
java.lang.Thread.State: TIMED_WAITING
        at sun.misc.Unsafe.park(Native Method)
        at java.util.concurrent.locks.LockSupport.parkNanos(LockSupport.java:215)
        at java.util.concurrent.locks.AbstractQueuedSynchronizer$ConditionObject.awaitNanos(AbstractQueuedSynchronizer.java:2078)
        at java.util.concurrent.LinkedBlockingQueue.poll(LinkedBlockingQueue.java:467)
        at org.apache.hadoop.ipc.CallQueueManager.take(CallQueueManager.java:317)
        at org.apache.hadoop.ipc.Server$Handler.run(Server.java:3014)
"IPC Server handler 9 on default port 15163" daemon prio=5 tid=2517 timed_waiting
java.lang.Thread.State: TIMED_WAITING
        at sun.misc.Unsafe.park(Native Method)
        at java.util.concurrent.locks.LockSupport.parkNanos(LockSupport.java:215)
        at java.util.concurrent.locks.AbstractQueuedSynchronizer$ConditionObject.awaitNanos(AbstractQueuedSynchronizer.java:2078)
        at java.util.concurrent.LinkedBlockingQueue.poll(LinkedBlockingQueue.java:467)
        at org.apache.hadoop.ipc.CallQueueManager.take(CallQueueManager.java:317)
        at org.apache.hadoop.ipc.Server$Handler.run(Server.java:3014)
"grpc-default-executor-4" daemon prio=5 tid=2857 timed_waiting
java.lang.Thread.State: TIMED_WAITING
        at sun.misc.Unsafe.park(Native Method)
        at java.util.concurrent.locks.LockSupport.parkNanos(LockSupport.java:215)
        at java.util.concurrent.SynchronousQueue$TransferStack.awaitFulfill(SynchronousQueue.java:460)
        at java.util.concurrent.SynchronousQueue$TransferStack.transfer(SynchronousQueue.java:362)
        at java.util.concurrent.SynchronousQueue.poll(SynchronousQueue.java:941)
        at java.util.concurrent.ThreadPoolExecutor.getTask(ThreadPoolExecutor.java:1073)
        at java.util.concurrent.ThreadPoolExecutor.runWorker(ThreadPoolExecutor.java:1134)
        at java.util.concurrent.ThreadPoolExecutor$Worker.run(ThreadPoolExecutor.java:624)
        at java.lang.Thread.run(Thread.java:750)
"DataNode DiskChecker thread 0" daemon prio=5 tid=2741 timed_waiting
java.lang.Thread.State: TIMED_WAITING
        at sun.misc.Unsafe.park(Native Method)
        at java.util.concurrent.locks.LockSupport.parkNanos(LockSupport.java:215)
        at java.util.concurrent.SynchronousQueue$TransferStack.awaitFulfill(SynchronousQueue.java:460)
        at java.util.concurrent.SynchronousQueue$TransferStack.transfer(SynchronousQueue.java:362)
        at java.util.concurrent.SynchronousQueue.poll(SynchronousQueue.java:941)
        at java.util.concurrent.ThreadPoolExecutor.getTask(ThreadPoolExecutor.java:1073)
        at java.util.concurrent.ThreadPoolExecutor.runWorker(ThreadPoolExecutor.java:1134)
        at java.util.concurrent.ThreadPoolExecutor$Worker.run(ThreadPoolExecutor.java:624)
        at java.lang.Thread.run(Thread.java:750)
"IPC Server Responder" daemon prio=5 tid=2374 runnable
java.lang.Thread.State: RUNNABLE
        at sun.nio.ch.EPollArrayWrapper.epollWait(Native Method)
        at sun.nio.ch.EPollArrayWrapper.poll(EPollArrayWrapper.java:269)
        at sun.nio.ch.EPollSelectorImpl.doSelect(EPollSelectorImpl.java:93)
        at sun.nio.ch.SelectorImpl.lockAndDoSelect(SelectorImpl.java:86)
        at sun.nio.ch.SelectorImpl.select(SelectorImpl.java:97)
        at org.apache.hadoop.ipc.Server$Responder.doRunLoop(Server.java:1582)
        at org.apache.hadoop.ipc.Server$Responder.run(Server.java:1565)
"PartialTableCache Cleanup Thread - 0" daemon prio=5 tid=1320 in Object.wait()
java.lang.Thread.State: WAITING (on object monitor)
        at sun.misc.Unsafe.park(Native Method)
        at java.util.concurrent.locks.LockSupport.park(LockSupport.java:175)
        at java.util.concurrent.locks.AbstractQueuedSynchronizer$ConditionObject.await(AbstractQueuedSynchronizer.java:2039)
        at java.util.concurrent.LinkedBlockingQueue.take(LinkedBlockingQueue.java:442)
        at java.util.concurrent.ThreadPoolExecutor.getTask(ThreadPoolExecutor.java:1074)
        at java.util.concurrent.ThreadPoolExecutor.runWorker(ThreadPoolExecutor.java:1134)
        at java.util.concurrent.ThreadPoolExecutor$Worker.run(ThreadPoolExecutor.java:624)
        at java.lang.Thread.run(Thread.java:750)
"qtp1198768798-2462" daemon prio=5 tid=2462 runnable
java.lang.Thread.State: RUNNABLE
        at sun.nio.ch.EPollArrayWrapper.epollWait(Native Method)
        at sun.nio.ch.EPollArrayWrapper.poll(EPollArrayWrapper.java:269)
        at sun.nio.ch.EPollSelectorImpl.doSelect(EPollSelectorImpl.java:93)
        at sun.nio.ch.SelectorImpl.lockAndDoSelect(SelectorImpl.java:86)
        at sun.nio.ch.SelectorImpl.select(SelectorImpl.java:97)
        at sun.nio.ch.SelectorImpl.select(SelectorImpl.java:101)
        at org.eclipse.jetty.io.ManagedSelector.nioSelect(ManagedSelector.java:183)
        at org.eclipse.jetty.io.ManagedSelector.select(ManagedSelector.java:190)
        at org.eclipse.jetty.io.ManagedSelector$SelectorProducer.select(ManagedSelector.java:606)
        at org.eclipse.jetty.io.ManagedSelector$SelectorProducer.produce(ManagedSelector.java:543)
        at org.eclipse.jetty.util.thread.strategy.EatWhatYouKill.produceTask(EatWhatYouKill.java:362)
        at org.eclipse.jetty.util.thread.strategy.EatWhatYouKill.doProduce(EatWhatYouKill.java:186)
        at org.eclipse.jetty.util.thread.strategy.EatWhatYouKill.tryProduce(EatWhatYouKill.java:173)
        at org.eclipse.jetty.util.thread.strategy.EatWhatYouKill.produce(EatWhatYouKill.java:137)
        at org.eclipse.jetty.io.ManagedSelector$$Lambda$455/224872000.run(Unknown Source)
        at org.eclipse.jetty.util.thread.QueuedThreadPool.runJob(QueuedThreadPool.java:883)
        at org.eclipse.jetty.util.thread.QueuedThreadPool$Runner.run(QueuedThreadPool.java:1034)
        at java.lang.Thread.run(Thread.java:750)
"Datanode State Machine Task Thread - 0"  prio=5 tid=2674 in Object.wait()
java.lang.Thread.State: WAITING (on object monitor)
        at sun.misc.Unsafe.park(Native Method)
        at java.util.concurrent.locks.LockSupport.park(LockSupport.java:175)
        at java.util.concurrent.locks.AbstractQueuedSynchronizer$ConditionObject.await(AbstractQueuedSynchronizer.java:2039)
        at java.util.concurrent.LinkedBlockingQueue.take(LinkedBlockingQueue.java:442)
        at java.util.concurrent.ThreadPoolExecutor.getTask(ThreadPoolExecutor.java:1074)
        at java.util.concurrent.ThreadPoolExecutor.runWorker(ThreadPoolExecutor.java:1134)
        at java.util.concurrent.ThreadPoolExecutor$Worker.run(ThreadPoolExecutor.java:624)
        at java.lang.Thread.run(Thread.java:750)
"JvmPauseMonitor22" daemon prio=5 tid=2491 timed_waiting
java.lang.Thread.State: TIMED_WAITING
        at java.lang.Thread.sleep(Native Method)
        at java.lang.Thread.sleep(Thread.java:342)
        at java.util.concurrent.TimeUnit.sleep(TimeUnit.java:386)
        at org.apache.ratis.util.TimeDuration.sleep(TimeDuration.java:325)
        at org.apache.ratis.util.TimeDuration.sleep(TimeDuration.java:310)
        at org.apache.ratis.util.JvmPauseMonitor.detectPause(JvmPauseMonitor.java:117)
        at org.apache.ratis.util.JvmPauseMonitor.run(JvmPauseMonitor.java:106)
        at org.apache.ratis.util.JvmPauseMonitor$$Lambda$419/1849581644.run(Unknown Source)
        at java.lang.Thread.run(Thread.java:750)
"FullTableCache Cleanup Thread - 0" daemon prio=5 tid=1316 in Object.wait()
java.lang.Thread.State: WAITING (on object monitor)
        at sun.misc.Unsafe.park(Native Method)
        at java.util.concurrent.locks.LockSupport.park(LockSupport.java:175)
        at java.util.concurrent.locks.AbstractQueuedSynchronizer$ConditionObject.await(AbstractQueuedSynchronizer.java:2039)
        at java.util.concurrent.LinkedBlockingQueue.take(LinkedBlockingQueue.java:442)
        at java.util.concurrent.ThreadPoolExecutor.getTask(ThreadPoolExecutor.java:1074)
        at java.util.concurrent.ThreadPoolExecutor.runWorker(ThreadPoolExecutor.java:1134)
        at java.util.concurrent.ThreadPoolExecutor$Worker.run(ThreadPoolExecutor.java:624)
        at java.lang.Thread.run(Thread.java:750)
"BackgroundPipelineScrubberThread" daemon prio=5 tid=2365 timed_waiting
java.lang.Thread.State: TIMED_WAITING
        at java.lang.Object.wait(Native Method)
        at org.apache.hadoop.hdds.scm.ha.BackgroundSCMService.run(BackgroundSCMService.java:110)
        at org.apache.hadoop.hdds.scm.ha.BackgroundSCMService$$Lambda$370/1385691692.run(Unknown Source)
        at java.lang.Thread.run(Thread.java:750)
"IPC Server handler 0 on default port 15196" daemon prio=5 tid=2637 timed_waiting
java.lang.Thread.State: TIMED_WAITING
        at sun.misc.Unsafe.park(Native Method)
        at java.util.concurrent.locks.LockSupport.parkNanos(LockSupport.java:215)
        at java.util.concurrent.locks.AbstractQueuedSynchronizer$ConditionObject.awaitNanos(AbstractQueuedSynchronizer.java:2078)
        at java.util.concurrent.LinkedBlockingQueue.poll(LinkedBlockingQueue.java:467)
        at org.apache.hadoop.ipc.CallQueueManager.take(CallQueueManager.java:317)
        at org.apache.hadoop.ipc.Server$Handler.run(Server.java:3014)
"Datanode ReportManager Thread - 0" daemon prio=5 tid=2550 in Object.wait()
java.lang.Thread.State: WAITING (on object monitor)
        at sun.misc.Unsafe.park(Native Method)
        at java.util.concurrent.locks.LockSupport.park(LockSupport.java:175)
        at java.util.concurrent.locks.AbstractQueuedSynchronizer$ConditionObject.await(AbstractQueuedSynchronizer.java:2039)
        at java.util.concurrent.ScheduledThreadPoolExecutor$DelayedWorkQueue.take(ScheduledThreadPoolExecutor.java:1088)
        at java.util.concurrent.ScheduledThreadPoolExecutor$DelayedWorkQueue.take(ScheduledThreadPoolExecutor.java:809)
        at java.util.concurrent.ThreadPoolExecutor.getTask(ThreadPoolExecutor.java:1074)
        at java.util.concurrent.ThreadPoolExecutor.runWorker(ThreadPoolExecutor.java:1134)
        at java.util.concurrent.ThreadPoolExecutor$Worker.run(ThreadPoolExecutor.java:624)
        at java.lang.Thread.run(Thread.java:750)
"grpc-default-executor-6" daemon prio=5 tid=2920 timed_waiting
java.lang.Thread.State: TIMED_WAITING
        at sun.misc.Unsafe.park(Native Method)
        at java.util.concurrent.locks.LockSupport.parkNanos(LockSupport.java:215)
        at java.util.concurrent.SynchronousQueue$TransferStack.awaitFulfill(SynchronousQueue.java:460)
        at java.util.concurrent.SynchronousQueue$TransferStack.transfer(SynchronousQueue.java:362)
        at java.util.concurrent.SynchronousQueue.poll(SynchronousQueue.java:941)
        at java.util.concurrent.ThreadPoolExecutor.getTask(ThreadPoolExecutor.java:1073)
        at java.util.concurrent.ThreadPoolExecutor.runWorker(ThreadPoolExecutor.java:1134)
        at java.util.concurrent.ThreadPoolExecutor$Worker.run(ThreadPoolExecutor.java:624)
        at java.lang.Thread.run(Thread.java:750)
"IPC Server handler 1 on default port 15159" daemon prio=5 tid=2399 timed_waiting
java.lang.Thread.State: TIMED_WAITING
        at sun.misc.Unsafe.park(Native Method)
        at java.util.concurrent.locks.LockSupport.parkNanos(LockSupport.java:215)
        at java.util.concurrent.locks.AbstractQueuedSynchronizer$ConditionObject.awaitNanos(AbstractQueuedSynchronizer.java:2078)
        at java.util.concurrent.LinkedBlockingQueue.poll(LinkedBlockingQueue.java:467)
        at org.apache.hadoop.ipc.CallQueueManager.take(CallQueueManager.java:317)
        at org.apache.hadoop.ipc.Server$Handler.run(Server.java:3014)
"6a511105-798d-4035-a071-a904e0472807-groupManagement" daemon prio=5 tid=2773 in Object.wait()
java.lang.Thread.State: WAITING (on object monitor)
        at sun.misc.Unsafe.park(Native Method)
        at java.util.concurrent.locks.LockSupport.park(LockSupport.java:175)
        at java.util.concurrent.locks.AbstractQueuedSynchronizer$ConditionObject.await(AbstractQueuedSynchronizer.java:2039)
        at java.util.concurrent.LinkedBlockingQueue.take(LinkedBlockingQueue.java:442)
        at java.util.concurrent.ThreadPoolExecutor.getTask(ThreadPoolExecutor.java:1074)
        at java.util.concurrent.ThreadPoolExecutor.runWorker(ThreadPoolExecutor.java:1134)
        at java.util.concurrent.ThreadPoolExecutor$Worker.run(ThreadPoolExecutor.java:624)
        at java.lang.Thread.run(Thread.java:750)
"42538958-ec24-4190-90a2-8f41139170d9@group-55E01454E505-SegmentedRaftLogWorker"  prio=5 tid=2821 timed_waiting
java.lang.Thread.State: TIMED_WAITING
        at sun.misc.Unsafe.park(Native Method)
        at java.util.concurrent.locks.LockSupport.parkNanos(LockSupport.java:215)
        at java.util.concurrent.locks.AbstractQueuedSynchronizer$ConditionObject.awaitNanos(AbstractQueuedSynchronizer.java:2078)
        at org.apache.ratis.util.DataBlockingQueue.poll(DataBlockingQueue.java:148)
        at org.apache.ratis.server.raftlog.segmented.SegmentedRaftLogWorker.run(SegmentedRaftLogWorker.java:307)
        at org.apache.ratis.server.raftlog.segmented.SegmentedRaftLogWorker$$Lambda$748/392031583.run(Unknown Source)
        at java.util.concurrent.Executors$RunnableAdapter.call(Executors.java:511)
        at java.util.concurrent.FutureTask.run(FutureTask.java:266)
        at java.util.concurrent.ThreadPoolExecutor.runWorker(ThreadPoolExecutor.java:1149)
        at java.util.concurrent.ThreadPoolExecutor$Worker.run(ThreadPoolExecutor.java:624)
        at java.lang.Thread.run(Thread.java:750)
"Datanode ReportManager Thread - 2" daemon prio=5 tid=2552 in Object.wait()
java.lang.Thread.State: WAITING (on object monitor)
        at sun.misc.Unsafe.park(Native Method)
        at java.util.concurrent.locks.LockSupport.park(LockSupport.java:175)
        at java.util.concurrent.locks.AbstractQueuedSynchronizer$ConditionObject.await(AbstractQueuedSynchronizer.java:2039)
        at java.util.concurrent.ScheduledThreadPoolExecutor$DelayedWorkQueue.take(ScheduledThreadPoolExecutor.java:1088)
        at java.util.concurrent.ScheduledThreadPoolExecutor$DelayedWorkQueue.take(ScheduledThreadPoolExecutor.java:809)
        at java.util.concurrent.ThreadPoolExecutor.getTask(ThreadPoolExecutor.java:1074)
        at java.util.concurrent.ThreadPoolExecutor.runWorker(ThreadPoolExecutor.java:1134)
        at java.util.concurrent.ThreadPoolExecutor$Worker.run(ThreadPoolExecutor.java:624)
        at java.lang.Thread.run(Thread.java:750)
"FixedThreadPoolWithAffinityExecutor-9-0" daemon prio=5 tid=2395 timed_waiting
java.lang.Thread.State: TIMED_WAITING
        at sun.misc.Unsafe.park(Native Method)
        at java.util.concurrent.locks.LockSupport.parkNanos(LockSupport.java:215)
        at java.util.concurrent.locks.AbstractQueuedSynchronizer$ConditionObject.awaitNanos(AbstractQueuedSynchronizer.java:2078)
        at java.util.concurrent.LinkedBlockingQueue.poll(LinkedBlockingQueue.java:467)
        at org.apache.hadoop.hdds.scm.server.ContainerReportQueue.poll(ContainerReportQueue.java:266)
        at org.apache.hadoop.hdds.scm.server.ContainerReportQueue.poll(ContainerReportQueue.java:42)
        at org.apache.hadoop.hdds.server.events.FixedThreadPoolWithAffinityExecutor$ContainerReportProcessTask.run(FixedThreadPoolWithAffinityExecutor.java:247)
        at java.util.concurrent.Executors$RunnableAdapter.call(Executors.java:511)
        at java.util.concurrent.FutureTask.run(FutureTask.java:266)
        at java.util.concurrent.ThreadPoolExecutor.runWorker(ThreadPoolExecutor.java:1149)
        at java.util.concurrent.ThreadPoolExecutor$Worker.run(ThreadPoolExecutor.java:624)
        at java.lang.Thread.run(Thread.java:750)
"main"  prio=5 tid=1 timed_waiting
java.lang.Thread.State: TIMED_WAITING
        at sun.misc.Unsafe.park(Native Method)
        at java.util.concurrent.locks.LockSupport.parkNanos(LockSupport.java:215)
        at java.util.concurrent.FutureTask.awaitDone(FutureTask.java:426)
        at java.util.concurrent.FutureTask.get(FutureTask.java:204)
        at org.junit.internal.runners.statements.FailOnTimeout.getResult(FailOnTimeout.java:156)
        at org.junit.internal.runners.statements.FailOnTimeout.evaluate(FailOnTimeout.java:129)
        at org.junit.runners.ParentRunner$3.evaluate(ParentRunner.java:306)
        at org.junit.runners.BlockJUnit4ClassRunner$1.evaluate(BlockJUnit4ClassRunner.java:100)
        at org.junit.runners.ParentRunner.runLeaf(ParentRunner.java:366)
        at org.junit.runners.BlockJUnit4ClassRunner.runChild(BlockJUnit4ClassRunner.java:103)
        at org.junit.runners.BlockJUnit4ClassRunner.runChild(BlockJUnit4ClassRunner.java:63)
        at org.junit.runners.ParentRunner$4.run(ParentRunner.java:331)
        at org.junit.runners.ParentRunner$1.schedule(ParentRunner.java:79)
        at org.junit.runners.ParentRunner.runChildren(ParentRunner.java:329)
        at org.junit.runners.ParentRunner.access$100(ParentRunner.java:66)
        at org.junit.runners.ParentRunner$2.evaluate(ParentRunner.java:293)
        at org.junit.runners.ParentRunner.run(ParentRunner.java:413)
        at org.junit.runners.Suite.runChild(Suite.java:128)
        at org.junit.runners.Suite.runChild(Suite.java:27)
        at org.junit.runners.ParentRunner$4.run(ParentRunner.java:331)
        at org.junit.runners.ParentRunner$1.schedule(ParentRunner.java:79)
        at org.junit.runners.ParentRunner.runChildren(ParentRunner.java:329)
        at org.junit.runners.ParentRunner.access$100(ParentRunner.java:66)
        at org.junit.runners.ParentRunner$2.evaluate(ParentRunner.java:293)
        at org.junit.runners.ParentRunner$3.evaluate(ParentRunner.java:306)
        at org.junit.runners.ParentRunner.run(ParentRunner.java:413)
        at org.junit.runner.JUnitCore.run(JUnitCore.java:137)
        at org.junit.runner.JUnitCore.run(JUnitCore.java:115)
        at org.junit.vintage.engine.execution.RunnerExecutor.execute(RunnerExecutor.java:42)
        at org.junit.vintage.engine.VintageTestEngine.executeAllChildren(VintageTestEngine.java:80)
        at org.junit.vintage.engine.VintageTestEngine.execute(VintageTestEngine.java:72)
        at org.junit.platform.launcher.core.EngineExecutionOrchestrator.execute(EngineExecutionOrchestrator.java:107)
        at org.junit.platform.launcher.core.EngineExecutionOrchestrator.execute(EngineExecutionOrchestrator.java:88)
        at org.junit.platform.launcher.core.EngineExecutionOrchestrator.lambda$execute$0(EngineExecutionOrchestrator.java:54)
        at org.junit.platform.launcher.core.EngineExecutionOrchestrator$$Lambda$188/1632413663.accept(Unknown Source)
        at org.junit.platform.launcher.core.EngineExecutionOrchestrator.withInterceptedStreams(EngineExecutionOrchestrator.java:67)
        at org.junit.platform.launcher.core.EngineExecutionOrchestrator.execute(EngineExecutionOrchestrator.java:52)
        at org.junit.platform.launcher.core.DefaultLauncher.execute(DefaultLauncher.java:114)
        at org.junit.platform.launcher.core.DefaultLauncher.execute(DefaultLauncher.java:86)
        at org.junit.platform.launcher.core.DefaultLauncherSession$DelegatingLauncher.execute(DefaultLauncherSession.java:86)
        at org.junit.platform.launcher.core.SessionPerRequestLauncher.execute(SessionPerRequestLauncher.java:53)
        at org.apache.maven.surefire.junitplatform.JUnitPlatformProvider.execute(JUnitPlatformProvider.java:188)
        at org.apache.maven.surefire.junitplatform.JUnitPlatformProvider.invokeAllTests(JUnitPlatformProvider.java:154)
        at org.apache.maven.surefire.junitplatform.JUnitPlatformProvider.invoke(JUnitPlatformProvider.java:124)
        at org.apache.maven.surefire.booter.ForkedBooter.runSuitesInProcess(ForkedBooter.java:428)
        at org.apache.maven.surefire.booter.ForkedBooter.execute(ForkedBooter.java:162)
        at org.apache.maven.surefire.booter.ForkedBooter.run(ForkedBooter.java:562)
        at org.apache.maven.surefire.booter.ForkedBooter.main(ForkedBooter.java:548)
"timer3" daemon prio=5 tid=530 timed_waiting
java.lang.Thread.State: TIMED_WAITING
        at java.lang.Object.wait(Native Method)
        at java.util.TimerThread.mainLoop(Timer.java:552)
        at java.util.TimerThread.run(Timer.java:505)
"IPC Server handler 9 on default port 15159" daemon prio=5 tid=2407 timed_waiting
java.lang.Thread.State: TIMED_WAITING
        at sun.misc.Unsafe.park(Native Method)
        at java.util.concurrent.locks.LockSupport.parkNanos(LockSupport.java:215)
        at java.util.concurrent.locks.AbstractQueuedSynchronizer$ConditionObject.awaitNanos(AbstractQueuedSynchronizer.java:2078)
        at java.util.concurrent.LinkedBlockingQueue.poll(LinkedBlockingQueue.java:467)
        at org.apache.hadoop.ipc.CallQueueManager.take(CallQueueManager.java:317)
        at org.apache.hadoop.ipc.Server$Handler.run(Server.java:3014)
"qtp961679561-2534" daemon prio=5 tid=2534 runnable
java.lang.Thread.State: RUNNABLE
        at sun.nio.ch.EPollArrayWrapper.epollWait(Native Method)
        at sun.nio.ch.EPollArrayWrapper.poll(EPollArrayWrapper.java:269)
        at sun.nio.ch.EPollSelectorImpl.doSelect(EPollSelectorImpl.java:93)
        at sun.nio.ch.SelectorImpl.lockAndDoSelect(SelectorImpl.java:86)
        at sun.nio.ch.SelectorImpl.select(SelectorImpl.java:97)
        at sun.nio.ch.SelectorImpl.select(SelectorImpl.java:101)
        at org.eclipse.jetty.io.ManagedSelector.nioSelect(ManagedSelector.java:183)
        at org.eclipse.jetty.io.ManagedSelector.select(ManagedSelector.java:190)
        at org.eclipse.jetty.io.ManagedSelector$SelectorProducer.select(ManagedSelector.java:606)
        at org.eclipse.jetty.io.ManagedSelector$SelectorProducer.produce(ManagedSelector.java:543)
        at org.eclipse.jetty.util.thread.strategy.EatWhatYouKill.produceTask(EatWhatYouKill.java:362)
        at org.eclipse.jetty.util.thread.strategy.EatWhatYouKill.doProduce(EatWhatYouKill.java:186)
        at org.eclipse.jetty.util.thread.strategy.EatWhatYouKill.tryProduce(EatWhatYouKill.java:173)
        at org.eclipse.jetty.util.thread.strategy.EatWhatYouKill.produce(EatWhatYouKill.java:137)
        at org.eclipse.jetty.io.ManagedSelector$$Lambda$455/224872000.run(Unknown Source)
        at org.eclipse.jetty.util.thread.QueuedThreadPool.runJob(QueuedThreadPool.java:883)
        at org.eclipse.jetty.util.thread.QueuedThreadPool$Runner.run(QueuedThreadPool.java:1034)
        at java.lang.Thread.run(Thread.java:750)
"qtp961679561-2540" daemon prio=5 tid=2540 timed_waiting
java.lang.Thread.State: TIMED_WAITING
        at sun.misc.Unsafe.park(Native Method)
        at java.util.concurrent.locks.LockSupport.parkNanos(LockSupport.java:215)
        at java.util.concurrent.locks.AbstractQueuedSynchronizer$ConditionObject.awaitNanos(AbstractQueuedSynchronizer.java:2078)
        at org.eclipse.jetty.util.BlockingArrayQueue.poll(BlockingArrayQueue.java:382)
        at org.eclipse.jetty.util.thread.QueuedThreadPool$Runner.idleJobPoll(QueuedThreadPool.java:974)
        at org.eclipse.jetty.util.thread.QueuedThreadPool$Runner.run(QueuedThreadPool.java:1018)
        at java.lang.Thread.run(Thread.java:750)
"surefire-forkedjvm-command-thread" daemon prio=5 tid=10 runnable
java.lang.Thread.State: RUNNABLE
        at java.io.FileInputStream.readBytes(Native Method)
        at java.io.FileInputStream.read(FileInputStream.java:255)
        at java.io.BufferedInputStream.read1(BufferedInputStream.java:284)
        at java.io.BufferedInputStream.read(BufferedInputStream.java:345)
        at java.io.BufferedInputStream.fill(BufferedInputStream.java:246)
        at java.io.BufferedInputStream.read1(BufferedInputStream.java:286)
        at java.io.BufferedInputStream.read(BufferedInputStream.java:345)
        at org.apache.maven.surefire.api.util.internal.Channels$3.readImpl(Channels.java:214)
        at org.apache.maven.surefire.api.util.internal.AbstractNoninterruptibleReadableChannel.read(AbstractNoninterruptibleReadableChannel.java:54)
        at org.apache.maven.surefire.booter.spi.LegacyMasterProcessChannelDecoder.decode(LegacyMasterProcessChannelDecoder.java:80)
        at org.apache.maven.surefire.booter.CommandReader$CommandRunnable.run(CommandReader.java:343)
        at java.lang.Thread.run(Thread.java:750)
"IPC Server idle connection scanner for port 15169" daemon prio=5 tid=2545 timed_waiting
java.lang.Thread.State: TIMED_WAITING
        at java.lang.Object.wait(Native Method)
        at java.util.TimerThread.mainLoop(Timer.java:552)
        at java.util.TimerThread.run(Timer.java:505)
"IPC Server handler 7 on default port 15163" daemon prio=5 tid=2515 timed_waiting
java.lang.Thread.State: TIMED_WAITING
        at sun.misc.Unsafe.park(Native Method)
        at java.util.concurrent.locks.LockSupport.parkNanos(LockSupport.java:215)
        at java.util.concurrent.locks.AbstractQueuedSynchronizer$ConditionObject.awaitNanos(AbstractQueuedSynchronizer.java:2078)
        at java.util.concurrent.LinkedBlockingQueue.poll(LinkedBlockingQueue.java:467)
        at org.apache.hadoop.ipc.CallQueueManager.take(CallQueueManager.java:317)
        at org.apache.hadoop.ipc.Server$Handler.run(Server.java:3014)
"EventQueue-PipelineReportForOneReplicaPipelineSafeModeRule" daemon prio=5 tid=2756 in Object.wait()
java.lang.Thread.State: WAITING (on object monitor)
        at sun.misc.Unsafe.park(Native Method)
        at java.util.concurrent.locks.LockSupport.park(LockSupport.java:175)
        at java.util.concurrent.locks.AbstractQueuedSynchronizer$ConditionObject.await(AbstractQueuedSynchronizer.java:2039)
        at java.util.concurrent.LinkedBlockingQueue.take(LinkedBlockingQueue.java:442)
        at java.util.concurrent.ThreadPoolExecutor.getTask(ThreadPoolExecutor.java:1074)
        at java.util.concurrent.ThreadPoolExecutor.runWorker(ThreadPoolExecutor.java:1134)
        at java.util.concurrent.ThreadPoolExecutor$Worker.run(ThreadPoolExecutor.java:624)
        at java.lang.Thread.run(Thread.java:750)
"IPC Server handler 1 on default port 15163" daemon prio=5 tid=2509 timed_waiting
java.lang.Thread.State: TIMED_WAITING
        at sun.misc.Unsafe.park(Native Method)
        at java.util.concurrent.locks.LockSupport.parkNanos(LockSupport.java:215)
        at java.util.concurrent.locks.AbstractQueuedSynchronizer$ConditionObject.awaitNanos(AbstractQueuedSynchronizer.java:2078)
        at java.util.concurrent.LinkedBlockingQueue.poll(LinkedBlockingQueue.java:467)
        at org.apache.hadoop.ipc.CallQueueManager.take(CallQueueManager.java:317)
        at org.apache.hadoop.ipc.Server$Handler.run(Server.java:3014)
"e10cda8e-4bea-44c9-8078-2ce611a3a813@group-079BC75EB87A-StateMachineUpdater" daemon prio=5 tid=2766 timed_waiting
java.lang.Thread.State: TIMED_WAITING
        at sun.misc.Unsafe.park(Native Method)
        at java.util.concurrent.locks.LockSupport.parkNanos(LockSupport.java:215)
        at java.util.concurrent.locks.AbstractQueuedSynchronizer$ConditionObject.await(AbstractQueuedSynchronizer.java:2163)
        at org.apache.ratis.util.AwaitForSignal.await(AwaitForSignal.java:62)
        at org.apache.ratis.server.impl.StateMachineUpdater.waitForCommit(StateMachineUpdater.java:209)
        at org.apache.ratis.server.impl.StateMachineUpdater.run(StateMachineUpdater.java:178)
        at java.lang.Thread.run(Thread.java:750)
"StaleRecoveringContainerScrubbingService#0" daemon prio=5 tid=2719 timed_waiting
java.lang.Thread.State: TIMED_WAITING
        at sun.misc.Unsafe.park(Native Method)
        at java.util.concurrent.locks.LockSupport.parkNanos(LockSupport.java:215)
        at java.util.concurrent.locks.AbstractQueuedSynchronizer$ConditionObject.awaitNanos(AbstractQueuedSynchronizer.java:2078)
        at java.util.concurrent.ScheduledThreadPoolExecutor$DelayedWorkQueue.take(ScheduledThreadPoolExecutor.java:1093)
        at java.util.concurrent.ScheduledThreadPoolExecutor$DelayedWorkQueue.take(ScheduledThreadPoolExecutor.java:809)
        at java.util.concurrent.ThreadPoolExecutor.getTask(ThreadPoolExecutor.java:1074)
        at java.util.concurrent.ThreadPoolExecutor.runWorker(ThreadPoolExecutor.java:1134)
        at java.util.concurrent.ThreadPoolExecutor$Worker.run(ThreadPoolExecutor.java:624)
        at java.lang.Thread.run(Thread.java:750)
"e10cda8e-4bea-44c9-8078-2ce611a3a813-groupManagement"  prio=5 tid=2762 in Object.wait()
java.lang.Thread.State: WAITING (on object monitor)
        at sun.misc.Unsafe.park(Native Method)
        at java.util.concurrent.locks.LockSupport.park(LockSupport.java:175)
        at java.util.concurrent.locks.AbstractQueuedSynchronizer$ConditionObject.await(AbstractQueuedSynchronizer.java:2039)
        at java.util.concurrent.LinkedBlockingQueue.take(LinkedBlockingQueue.java:442)
        at java.util.concurrent.ThreadPoolExecutor.getTask(ThreadPoolExecutor.java:1074)
        at java.util.concurrent.ThreadPoolExecutor.runWorker(ThreadPoolExecutor.java:1134)
        at java.util.concurrent.ThreadPoolExecutor$Worker.run(ThreadPoolExecutor.java:624)
        at java.lang.Thread.run(Thread.java:750)
"CompactionDagPruningService" daemon prio=5 tid=2475 timed_waiting
java.lang.Thread.State: TIMED_WAITING
        at sun.misc.Unsafe.park(Native Method)
        at java.util.concurrent.locks.LockSupport.parkNanos(LockSupport.java:215)
        at java.util.concurrent.locks.AbstractQueuedSynchronizer$ConditionObject.awaitNanos(AbstractQueuedSynchronizer.java:2078)
        at java.util.concurrent.ScheduledThreadPoolExecutor$DelayedWorkQueue.take(ScheduledThreadPoolExecutor.java:1093)
        at java.util.concurrent.ScheduledThreadPoolExecutor$DelayedWorkQueue.take(ScheduledThreadPoolExecutor.java:809)
        at java.util.concurrent.ThreadPoolExecutor.getTask(ThreadPoolExecutor.java:1074)
        at java.util.concurrent.ThreadPoolExecutor.runWorker(ThreadPoolExecutor.java:1134)
        at java.util.concurrent.ThreadPoolExecutor$Worker.run(ThreadPoolExecutor.java:624)
        at java.lang.Thread.run(Thread.java:750)
"qtp90574308-2628" daemon prio=5 tid=2628 timed_waiting
java.lang.Thread.State: TIMED_WAITING
        at sun.misc.Unsafe.park(Native Method)
        at java.util.concurrent.locks.LockSupport.parkNanos(LockSupport.java:215)
        at java.util.concurrent.locks.AbstractQueuedSynchronizer$ConditionObject.awaitNanos(AbstractQueuedSynchronizer.java:2078)
        at org.eclipse.jetty.util.BlockingArrayQueue.poll(BlockingArrayQueue.java:382)
        at org.eclipse.jetty.util.thread.QueuedThreadPool$Runner.idleJobPoll(QueuedThreadPool.java:974)
        at org.eclipse.jetty.util.thread.QueuedThreadPool$Runner.run(QueuedThreadPool.java:1018)
        at java.lang.Thread.run(Thread.java:750)
"IPC Parameter Sending Thread for 0.0.0.0/0.0.0.0:15161" daemon prio=5 tid=2678 timed_waiting
java.lang.Thread.State: TIMED_WAITING
        at sun.misc.Unsafe.park(Native Method)
        at java.util.concurrent.locks.LockSupport.parkNanos(LockSupport.java:215)
        at java.util.concurrent.SynchronousQueue$TransferQueue.awaitFulfill(SynchronousQueue.java:764)
        at java.util.concurrent.SynchronousQueue$TransferQueue.transfer(SynchronousQueue.java:695)
        at java.util.concurrent.SynchronousQueue.poll(SynchronousQueue.java:941)
        at org.apache.hadoop.ipc.Client$Connection$RpcRequestSender.run(Client.java:1105)
        at java.lang.Thread.run(Thread.java:750)
"StaleRecoveringContainerScrubbingService#1" daemon prio=5 tid=2751 in Object.wait()
java.lang.Thread.State: WAITING (on object monitor)
        at sun.misc.Unsafe.park(Native Method)
        at java.util.concurrent.locks.LockSupport.park(LockSupport.java:175)
        at java.util.concurrent.locks.AbstractQueuedSynchronizer$ConditionObject.await(AbstractQueuedSynchronizer.java:2039)
        at java.util.concurrent.ScheduledThreadPoolExecutor$DelayedWorkQueue.take(ScheduledThreadPoolExecutor.java:1088)
        at java.util.concurrent.ScheduledThreadPoolExecutor$DelayedWorkQueue.take(ScheduledThreadPoolExecutor.java:809)
        at java.util.concurrent.ThreadPoolExecutor.getTask(ThreadPoolExecutor.java:1074)
        at java.util.concurrent.ThreadPoolExecutor.runWorker(ThreadPoolExecutor.java:1134)
        at java.util.concurrent.ThreadPoolExecutor$Worker.run(ThreadPoolExecutor.java:624)
        at java.lang.Thread.run(Thread.java:750)
"IPC Server handler 18 on default port 15160" daemon prio=5 tid=2436 timed_waiting
java.lang.Thread.State: TIMED_WAITING
        at sun.misc.Unsafe.park(Native Method)
        at java.util.concurrent.locks.LockSupport.parkNanos(LockSupport.java:215)
        at java.util.concurrent.locks.AbstractQueuedSynchronizer$ConditionObject.awaitNanos(AbstractQueuedSynchronizer.java:2078)
        at java.util.concurrent.LinkedBlockingQueue.poll(LinkedBlockingQueue.java:467)
        at org.apache.hadoop.ipc.CallQueueManager.take(CallQueueManager.java:317)
        at org.apache.hadoop.ipc.Server$Handler.run(Server.java:3014)
"DataNode DiskChecker thread 1" daemon prio=5 tid=2727 timed_waiting
java.lang.Thread.State: TIMED_WAITING
        at sun.misc.Unsafe.park(Native Method)
        at java.util.concurrent.locks.LockSupport.parkNanos(LockSupport.java:215)
        at java.util.concurrent.SynchronousQueue$TransferStack.awaitFulfill(SynchronousQueue.java:460)
        at java.util.concurrent.SynchronousQueue$TransferStack.transfer(SynchronousQueue.java:362)
        at java.util.concurrent.SynchronousQueue.poll(SynchronousQueue.java:941)
        at java.util.concurrent.ThreadPoolExecutor.getTask(ThreadPoolExecutor.java:1073)
        at java.util.concurrent.ThreadPoolExecutor.runWorker(ThreadPoolExecutor.java:1134)
        at java.util.concurrent.ThreadPoolExecutor$Worker.run(ThreadPoolExecutor.java:624)
        at java.lang.Thread.run(Thread.java:750)
"FullTableCache Cleanup Thread - 0" daemon prio=5 tid=2103 in Object.wait()
java.lang.Thread.State: WAITING (on object monitor)
        at sun.misc.Unsafe.park(Native Method)
        at java.util.concurrent.locks.LockSupport.park(LockSupport.java:175)
        at java.util.concurrent.locks.AbstractQueuedSynchronizer$ConditionObject.await(AbstractQueuedSynchronizer.java:2039)
        at java.util.concurrent.LinkedBlockingQueue.take(LinkedBlockingQueue.java:442)
        at java.util.concurrent.ThreadPoolExecutor.getTask(ThreadPoolExecutor.java:1074)
        at java.util.concurrent.ThreadPoolExecutor.runWorker(ThreadPoolExecutor.java:1134)
        at java.util.concurrent.ThreadPoolExecutor$Worker.run(ThreadPoolExecutor.java:624)
        at java.lang.Thread.run(Thread.java:750)
"IPC Server handler 16 on default port 15159" daemon prio=5 tid=2414 timed_waiting
java.lang.Thread.State: TIMED_WAITING
        at sun.misc.Unsafe.park(Native Method)
        at java.util.concurrent.locks.LockSupport.parkNanos(LockSupport.java:215)
        at java.util.concurrent.locks.AbstractQueuedSynchronizer$ConditionObject.awaitNanos(AbstractQueuedSynchronizer.java:2078)
        at java.util.concurrent.LinkedBlockingQueue.poll(LinkedBlockingQueue.java:467)
        at org.apache.hadoop.ipc.CallQueueManager.take(CallQueueManager.java:317)
        at org.apache.hadoop.ipc.Server$Handler.run(Server.java:3014)
"IPC Server handler 6 on default port 15163" daemon prio=5 tid=2514 timed_waiting
java.lang.Thread.State: TIMED_WAITING
        at sun.misc.Unsafe.park(Native Method)
        at java.util.concurrent.locks.LockSupport.parkNanos(LockSupport.java:215)
        at java.util.concurrent.locks.AbstractQueuedSynchronizer$ConditionObject.awaitNanos(AbstractQueuedSynchronizer.java:2078)
        at java.util.concurrent.LinkedBlockingQueue.poll(LinkedBlockingQueue.java:467)
        at org.apache.hadoop.ipc.CallQueueManager.take(CallQueueManager.java:317)
        at org.apache.hadoop.ipc.Server$Handler.run(Server.java:3014)
"qtp929075133-2659" daemon prio=5 tid=2659 timed_waiting
java.lang.Thread.State: TIMED_WAITING
        at sun.misc.Unsafe.park(Native Method)
        at java.util.concurrent.locks.LockSupport.parkNanos(LockSupport.java:215)
        at java.util.concurrent.locks.AbstractQueuedSynchronizer$ConditionObject.awaitNanos(AbstractQueuedSynchronizer.java:2078)
        at org.eclipse.jetty.util.BlockingArrayQueue.poll(BlockingArrayQueue.java:382)
        at org.eclipse.jetty.util.thread.QueuedThreadPool$Runner.idleJobPoll(QueuedThreadPool.java:974)
        at org.eclipse.jetty.util.thread.QueuedThreadPool$Runner.run(QueuedThreadPool.java:1018)
        at java.lang.Thread.run(Thread.java:750)
"IPC Server handler 19 on default port 15161" daemon prio=5 tid=2457 timed_waiting
java.lang.Thread.State: TIMED_WAITING
        at sun.misc.Unsafe.park(Native Method)
        at java.util.concurrent.locks.LockSupport.parkNanos(LockSupport.java:215)
        at java.util.concurrent.locks.AbstractQueuedSynchronizer$ConditionObject.awaitNanos(AbstractQueuedSynchronizer.java:2078)
        at java.util.concurrent.LinkedBlockingQueue.poll(LinkedBlockingQueue.java:467)
        at org.apache.hadoop.ipc.CallQueueManager.take(CallQueueManager.java:317)
        at org.apache.hadoop.ipc.Server$Handler.run(Server.java:3014)
"Datanode State Machine Task Thread - 1"  prio=5 tid=2738 in Object.wait()
java.lang.Thread.State: WAITING (on object monitor)
        at sun.misc.Unsafe.park(Native Method)
        at java.util.concurrent.locks.LockSupport.park(LockSupport.java:175)
        at java.util.concurrent.locks.AbstractQueuedSynchronizer$ConditionObject.await(AbstractQueuedSynchronizer.java:2039)
        at java.util.concurrent.LinkedBlockingQueue.take(LinkedBlockingQueue.java:442)
        at java.util.concurrent.ThreadPoolExecutor.getTask(ThreadPoolExecutor.java:1074)
        at java.util.concurrent.ThreadPoolExecutor.runWorker(ThreadPoolExecutor.java:1134)
        at java.util.concurrent.ThreadPoolExecutor$Worker.run(ThreadPoolExecutor.java:624)
        at java.lang.Thread.run(Thread.java:750)
"StaleRecoveringContainerScrubbingService#1" daemon prio=5 tid=2721 in Object.wait()
java.lang.Thread.State: WAITING (on object monitor)
        at sun.misc.Unsafe.park(Native Method)
        at java.util.concurrent.locks.LockSupport.park(LockSupport.java:175)
        at java.util.concurrent.locks.AbstractQueuedSynchronizer$ConditionObject.await(AbstractQueuedSynchronizer.java:2039)
        at java.util.concurrent.ScheduledThreadPoolExecutor$DelayedWorkQueue.take(ScheduledThreadPoolExecutor.java:1088)
        at java.util.concurrent.ScheduledThreadPoolExecutor$DelayedWorkQueue.take(ScheduledThreadPoolExecutor.java:809)
        at java.util.concurrent.ThreadPoolExecutor.getTask(ThreadPoolExecutor.java:1074)
        at java.util.concurrent.ThreadPoolExecutor.runWorker(ThreadPoolExecutor.java:1134)
        at java.util.concurrent.ThreadPoolExecutor$Worker.run(ThreadPoolExecutor.java:624)
        at java.lang.Thread.run(Thread.java:750)
"Command processor thread" daemon prio=5 tid=2615 timed_waiting
java.lang.Thread.State: TIMED_WAITING
        at java.lang.Thread.sleep(Native Method)
        at org.apache.hadoop.ozone.container.common.statemachine.DatanodeStateMachine.lambda$initCommandHandlerThread$3(DatanodeStateMachine.java:666)
        at org.apache.hadoop.ozone.container.common.statemachine.DatanodeStateMachine$$Lambda$917/732417118.run(Unknown Source)
        at java.lang.Thread.run(Thread.java:750)
"IPC Server handler 14 on default port 15163" daemon prio=5 tid=2522 timed_waiting
java.lang.Thread.State: TIMED_WAITING
        at sun.misc.Unsafe.park(Native Method)
        at java.util.concurrent.locks.LockSupport.parkNanos(LockSupport.java:215)
        at java.util.concurrent.locks.AbstractQueuedSynchronizer$ConditionObject.awaitNanos(AbstractQueuedSynchronizer.java:2078)
        at java.util.concurrent.LinkedBlockingQueue.poll(LinkedBlockingQueue.java:467)
        at org.apache.hadoop.ipc.CallQueueManager.take(CallQueueManager.java:317)
        at org.apache.hadoop.ipc.Server$Handler.run(Server.java:3014)
"org.apache.hadoop.ozone.container.common.statemachine.commandhandler.DeleteBlocksCommandHandler$DeleteCmdWorker@762c334b" daemon prio=5 tid=2650 timed_waiting
java.lang.Thread.State: TIMED_WAITING
        at java.lang.Thread.sleep(Native Method)
        at org.apache.hadoop.ozone.container.common.statemachine.commandhandler.DeleteBlocksCommandHandler$DeleteCmdWorker.run(DeleteBlocksCommandHandler.java:198)
        at java.lang.Thread.run(Thread.java:750)
"IPC Server handler 3 on default port 15163" daemon prio=5 tid=2511 timed_waiting
java.lang.Thread.State: TIMED_WAITING
        at sun.misc.Unsafe.park(Native Method)
        at java.util.concurrent.locks.LockSupport.parkNanos(LockSupport.java:215)
        at java.util.concurrent.locks.AbstractQueuedSynchronizer$ConditionObject.awaitNanos(AbstractQueuedSynchronizer.java:2078)
        at java.util.concurrent.LinkedBlockingQueue.poll(LinkedBlockingQueue.java:467)
        at org.apache.hadoop.ipc.CallQueueManager.take(CallQueueManager.java:317)
        at org.apache.hadoop.ipc.Server$Handler.run(Server.java:3014)
"IPC Server Responder" daemon prio=5 tid=2546 runnable
java.lang.Thread.State: RUNNABLE
        at sun.nio.ch.EPollArrayWrapper.epollWait(Native Method)
        at sun.nio.ch.EPollArrayWrapper.poll(EPollArrayWrapper.java:269)
        at sun.nio.ch.EPollSelectorImpl.doSelect(EPollSelectorImpl.java:93)
        at sun.nio.ch.SelectorImpl.lockAndDoSelect(SelectorImpl.java:86)
        at sun.nio.ch.SelectorImpl.select(SelectorImpl.java:97)
        at org.apache.hadoop.ipc.Server$Responder.doRunLoop(Server.java:1582)
        at org.apache.hadoop.ipc.Server$Responder.run(Server.java:1565)
"e10cda8e-4bea-44c9-8078-2ce611a3a813-NettyServerStreamRpc-bossGroup--thread1" daemon prio=5 tid=2530 runnable
java.lang.Thread.State: RUNNABLE
        at sun.nio.ch.EPollArrayWrapper.epollWait(Native Method)
        at sun.nio.ch.EPollArrayWrapper.poll(EPollArrayWrapper.java:269)
        at sun.nio.ch.EPollSelectorImpl.doSelect(EPollSelectorImpl.java:93)
        at sun.nio.ch.SelectorImpl.lockAndDoSelect(SelectorImpl.java:86)
        at sun.nio.ch.SelectorImpl.select(SelectorImpl.java:97)
        at sun.nio.ch.SelectorImpl.select(SelectorImpl.java:101)
        at org.apache.ratis.thirdparty.io.netty.channel.nio.SelectedSelectionKeySetSelector.select(SelectedSelectionKeySetSelector.java:68)
        at org.apache.ratis.thirdparty.io.netty.channel.nio.NioEventLoop.select(NioEventLoop.java:879)
        at org.apache.ratis.thirdparty.io.netty.channel.nio.NioEventLoop.run(NioEventLoop.java:526)
        at org.apache.ratis.thirdparty.io.netty.util.concurrent.SingleThreadEventExecutor$4.run(SingleThreadEventExecutor.java:997)
        at org.apache.ratis.thirdparty.io.netty.util.internal.ThreadExecutorMap$2.run(ThreadExecutorMap.java:74)
        at java.lang.Thread.run(Thread.java:750)
"qtp1839204938-2598" daemon prio=5 tid=2598 timed_waiting
java.lang.Thread.State: TIMED_WAITING
        at sun.misc.Unsafe.park(Native Method)
        at java.util.concurrent.locks.LockSupport.parkNanos(LockSupport.java:215)
        at java.util.concurrent.locks.AbstractQueuedSynchronizer$ConditionObject.awaitNanos(AbstractQueuedSynchronizer.java:2078)
        at org.eclipse.jetty.util.BlockingArrayQueue.poll(BlockingArrayQueue.java:382)
        at org.eclipse.jetty.util.thread.QueuedThreadPool$Runner.idleJobPoll(QueuedThreadPool.java:974)
        at org.eclipse.jetty.util.thread.QueuedThreadPool$Runner.run(QueuedThreadPool.java:1018)
        at java.lang.Thread.run(Thread.java:750)
"Hadoop-Metrics-Updater-0" daemon prio=5 tid=2547 timed_waiting
java.lang.Thread.State: TIMED_WAITING
        at sun.misc.Unsafe.park(Native Method)
        at java.util.concurrent.locks.LockSupport.parkNanos(LockSupport.java:215)
        at java.util.concurrent.locks.AbstractQueuedSynchronizer$ConditionObject.awaitNanos(AbstractQueuedSynchronizer.java:2078)
        at java.util.concurrent.ScheduledThreadPoolExecutor$DelayedWorkQueue.take(ScheduledThreadPoolExecutor.java:1093)
        at java.util.concurrent.ScheduledThreadPoolExecutor$DelayedWorkQueue.take(ScheduledThreadPoolExecutor.java:809)
        at java.util.concurrent.ThreadPoolExecutor.getTask(ThreadPoolExecutor.java:1074)
        at java.util.concurrent.ThreadPoolExecutor.runWorker(ThreadPoolExecutor.java:1134)
        at java.util.concurrent.ThreadPoolExecutor$Worker.run(ThreadPoolExecutor.java:624)
        at java.lang.Thread.run(Thread.java:750)
"prometheus" daemon prio=5 tid=2397 in Object.wait()
java.lang.Thread.State: WAITING (on object monitor)
        at java.lang.Object.wait(Native Method)
        at java.lang.Object.wait(Object.java:502)
        at org.apache.hadoop.metrics2.impl.SinkQueue.waitForData(SinkQueue.java:114)
        at org.apache.hadoop.metrics2.impl.SinkQueue.consumeAll(SinkQueue.java:83)
        at org.apache.hadoop.metrics2.impl.MetricsSinkAdapter.publishMetricsFromQueue(MetricsSinkAdapter.java:135)
        at org.apache.hadoop.metrics2.impl.MetricsSinkAdapter$1.run(MetricsSinkAdapter.java:89)
"qtp90574308-2626-acceptor-0@79e45ae9-ServerConnector@4a1c5704{HTTP/1.1, (http/1.1)}{0.0.0.0:15195}" daemon prio=3 tid=2626 runnable
java.lang.Thread.State: RUNNABLE
        at sun.nio.ch.ServerSocketChannelImpl.accept0(Native Method)
        at sun.nio.ch.ServerSocketChannelImpl.accept(ServerSocketChannelImpl.java:421)
        at sun.nio.ch.ServerSocketChannelImpl.accept(ServerSocketChannelImpl.java:249)
        at org.eclipse.jetty.server.ServerConnector.accept(ServerConnector.java:388)
        at org.eclipse.jetty.server.AbstractConnector$Acceptor.run(AbstractConnector.java:704)
        at org.eclipse.jetty.util.thread.QueuedThreadPool.runJob(QueuedThreadPool.java:883)
        at org.eclipse.jetty.util.thread.QueuedThreadPool$Runner.run(QueuedThreadPool.java:1034)
        at java.lang.Thread.run(Thread.java:750)
"qtp1198768798-2463-acceptor-0@7c92dad2-ServerConnector@2b401a82{HTTP/1.1, (http/1.1)}{0.0.0.0:15162}" daemon prio=3 tid=2463 runnable
java.lang.Thread.State: RUNNABLE
        at sun.nio.ch.ServerSocketChannelImpl.accept0(Native Method)
        at sun.nio.ch.ServerSocketChannelImpl.accept(ServerSocketChannelImpl.java:421)
        at sun.nio.ch.ServerSocketChannelImpl.accept(ServerSocketChannelImpl.java:249)
        at org.eclipse.jetty.server.ServerConnector.accept(ServerConnector.java:388)
        at org.eclipse.jetty.server.AbstractConnector$Acceptor.run(AbstractConnector.java:704)
        at org.eclipse.jetty.util.thread.QueuedThreadPool.runJob(QueuedThreadPool.java:883)
        at org.eclipse.jetty.util.thread.QueuedThreadPool$Runner.run(QueuedThreadPool.java:1034)
        at java.lang.Thread.run(Thread.java:750)
"qtp961679561-2538" daemon prio=5 tid=2538 timed_waiting
java.lang.Thread.State: TIMED_WAITING
        at sun.misc.Unsafe.park(Native Method)
        at java.util.concurrent.locks.LockSupport.parkNanos(LockSupport.java:215)
        at java.util.concurrent.locks.AbstractQueuedSynchronizer$ConditionObject.awaitNanos(AbstractQueuedSynchronizer.java:2078)
        at org.eclipse.jetty.util.BlockingArrayQueue.poll(BlockingArrayQueue.java:382)
        at org.eclipse.jetty.util.thread.QueuedThreadPool$Runner.idleJobPoll(QueuedThreadPool.java:974)
        at org.eclipse.jetty.util.thread.QueuedThreadPool$Runner.run(QueuedThreadPool.java:1018)
        at java.lang.Thread.run(Thread.java:750)
"IPC Server handler 13 on default port 15159" daemon prio=5 tid=2411 timed_waiting
java.lang.Thread.State: TIMED_WAITING
        at sun.misc.Unsafe.park(Native Method)
        at java.util.concurrent.locks.LockSupport.parkNanos(LockSupport.java:215)
        at java.util.concurrent.locks.AbstractQueuedSynchronizer$ConditionObject.awaitNanos(AbstractQueuedSynchronizer.java:2078)
        at java.util.concurrent.LinkedBlockingQueue.poll(LinkedBlockingQueue.java:467)
        at org.apache.hadoop.ipc.CallQueueManager.take(CallQueueManager.java:317)
        at org.apache.hadoop.ipc.Server$Handler.run(Server.java:3014)
"6a511105-798d-4035-a071-a904e0472807@group-2D44117002FF-SegmentedRaftLogWorker" daemon prio=5 tid=2811 timed_waiting
java.lang.Thread.State: TIMED_WAITING
        at sun.misc.Unsafe.park(Native Method)
        at java.util.concurrent.locks.LockSupport.parkNanos(LockSupport.java:215)
        at java.util.concurrent.locks.AbstractQueuedSynchronizer$ConditionObject.awaitNanos(AbstractQueuedSynchronizer.java:2078)
        at org.apache.ratis.util.DataBlockingQueue.poll(DataBlockingQueue.java:148)
        at org.apache.ratis.server.raftlog.segmented.SegmentedRaftLogWorker.run(SegmentedRaftLogWorker.java:307)
        at org.apache.ratis.server.raftlog.segmented.SegmentedRaftLogWorker$$Lambda$748/392031583.run(Unknown Source)
        at java.util.concurrent.Executors$RunnableAdapter.call(Executors.java:511)
        at java.util.concurrent.FutureTask.run(FutureTask.java:266)
        at java.util.concurrent.ThreadPoolExecutor.runWorker(ThreadPoolExecutor.java:1149)
        at java.util.concurrent.ThreadPoolExecutor$Worker.run(ThreadPoolExecutor.java:624)
        at java.lang.Thread.run(Thread.java:750)
"PartialTableCache Cleanup Thread - 0" daemon prio=5 tid=2119 in Object.wait()
java.lang.Thread.State: WAITING (on object monitor)
        at sun.misc.Unsafe.park(Native Method)
        at java.util.concurrent.locks.LockSupport.park(LockSupport.java:175)
        at java.util.concurrent.locks.AbstractQueuedSynchronizer$ConditionObject.await(AbstractQueuedSynchronizer.java:2039)
        at java.util.concurrent.LinkedBlockingQueue.take(LinkedBlockingQueue.java:442)
        at java.util.concurrent.ThreadPoolExecutor.getTask(ThreadPoolExecutor.java:1074)
        at java.util.concurrent.ThreadPoolExecutor.runWorker(ThreadPoolExecutor.java:1134)
        at java.util.concurrent.ThreadPoolExecutor$Worker.run(ThreadPoolExecutor.java:624)
        at java.lang.Thread.run(Thread.java:750)
"EventQueue-CloseContainerForCloseContainerEventHandler" daemon prio=5 tid=2906 in Object.wait()
java.lang.Thread.State: WAITING (on object monitor)
        at sun.misc.Unsafe.park(Native Method)
        at java.util.concurrent.locks.LockSupport.park(LockSupport.java:175)
        at java.util.concurrent.locks.AbstractQueuedSynchronizer$ConditionObject.await(AbstractQueuedSynchronizer.java:2039)
        at java.util.concurrent.LinkedBlockingQueue.take(LinkedBlockingQueue.java:442)
        at java.util.concurrent.ThreadPoolExecutor.getTask(ThreadPoolExecutor.java:1074)
        at java.util.concurrent.ThreadPoolExecutor.runWorker(ThreadPoolExecutor.java:1134)
        at java.util.concurrent.ThreadPoolExecutor$Worker.run(ThreadPoolExecutor.java:624)
        at java.lang.Thread.run(Thread.java:750)
"IPC Server handler 7 on default port 15160" daemon prio=5 tid=2425 timed_waiting
java.lang.Thread.State: TIMED_WAITING
        at sun.misc.Unsafe.park(Native Method)
        at java.util.concurrent.locks.LockSupport.parkNanos(LockSupport.java:215)
        at java.util.concurrent.locks.AbstractQueuedSynchronizer$ConditionObject.awaitNanos(AbstractQueuedSynchronizer.java:2078)
        at java.util.concurrent.LinkedBlockingQueue.poll(LinkedBlockingQueue.java:467)
        at org.apache.hadoop.ipc.CallQueueManager.take(CallQueueManager.java:317)
        at org.apache.hadoop.ipc.Server$Handler.run(Server.java:3014)
"BlockDeletingService#1" daemon prio=5 tid=2720 in Object.wait()
java.lang.Thread.State: WAITING (on object monitor)
        at sun.misc.Unsafe.park(Native Method)
        at java.util.concurrent.locks.LockSupport.park(LockSupport.java:175)
        at java.util.concurrent.locks.AbstractQueuedSynchronizer$ConditionObject.await(AbstractQueuedSynchronizer.java:2039)
        at java.util.concurrent.ScheduledThreadPoolExecutor$DelayedWorkQueue.take(ScheduledThreadPoolExecutor.java:1088)
        at java.util.concurrent.ScheduledThreadPoolExecutor$DelayedWorkQueue.take(ScheduledThreadPoolExecutor.java:809)
        at java.util.concurrent.ThreadPoolExecutor.getTask(ThreadPoolExecutor.java:1074)
        at java.util.concurrent.ThreadPoolExecutor.runWorker(ThreadPoolExecutor.java:1134)
        at java.util.concurrent.ThreadPoolExecutor$Worker.run(ThreadPoolExecutor.java:624)
        at java.lang.Thread.run(Thread.java:750)
"Socket Reader #1 for port 15163" daemon prio=5 tid=2483 runnable
java.lang.Thread.State: RUNNABLE
        at sun.nio.ch.EPollArrayWrapper.epollWait(Native Method)
        at sun.nio.ch.EPollArrayWrapper.poll(EPollArrayWrapper.java:269)
        at sun.nio.ch.EPollSelectorImpl.doSelect(EPollSelectorImpl.java:93)
        at sun.nio.ch.SelectorImpl.lockAndDoSelect(SelectorImpl.java:86)
        at sun.nio.ch.SelectorImpl.select(SelectorImpl.java:97)
        at sun.nio.ch.SelectorImpl.select(SelectorImpl.java:101)
        at org.apache.hadoop.ipc.Server$Listener$Reader.doRunLoop(Server.java:1346)
        at org.apache.hadoop.ipc.Server$Listener$Reader.run(Server.java:1325)
"IPC Server handler 13 on default port 15161" daemon prio=5 tid=2451 timed_waiting
java.lang.Thread.State: TIMED_WAITING
        at sun.misc.Unsafe.park(Native Method)
        at java.util.concurrent.locks.LockSupport.parkNanos(LockSupport.java:215)
        at java.util.concurrent.locks.AbstractQueuedSynchronizer$ConditionObject.awaitNanos(AbstractQueuedSynchronizer.java:2078)
        at java.util.concurrent.LinkedBlockingQueue.poll(LinkedBlockingQueue.java:467)
        at org.apache.hadoop.ipc.CallQueueManager.take(CallQueueManager.java:317)
        at org.apache.hadoop.ipc.Server$Handler.run(Server.java:3014)
"qtp688933350-2501" daemon prio=5 tid=2501 timed_waiting
java.lang.Thread.State: TIMED_WAITING
        at sun.misc.Unsafe.park(Native Method)
        at java.util.concurrent.locks.LockSupport.parkNanos(LockSupport.java:215)
        at java.util.concurrent.locks.AbstractQueuedSynchronizer$ConditionObject.awaitNanos(AbstractQueuedSynchronizer.java:2078)
        at org.eclipse.jetty.util.BlockingArrayQueue.poll(BlockingArrayQueue.java:382)
        at org.eclipse.jetty.util.thread.QueuedThreadPool$Runner.idleJobPoll(QueuedThreadPool.java:974)
        at org.eclipse.jetty.util.thread.QueuedThreadPool$Runner.run(QueuedThreadPool.java:1018)
        at java.lang.Thread.run(Thread.java:750)
"6a511105-798d-4035-a071-a904e0472807-impl-thread1" daemon prio=5 tid=2589 timed_waiting
java.lang.Thread.State: TIMED_WAITING
        at sun.misc.Unsafe.park(Native Method)
        at java.util.concurrent.locks.LockSupport.parkNanos(LockSupport.java:215)
        at java.util.concurrent.SynchronousQueue$TransferStack.awaitFulfill(SynchronousQueue.java:460)
        at java.util.concurrent.SynchronousQueue$TransferStack.transfer(SynchronousQueue.java:362)
        at java.util.concurrent.SynchronousQueue.poll(SynchronousQueue.java:941)
        at java.util.concurrent.ThreadPoolExecutor.getTask(ThreadPoolExecutor.java:1073)
        at java.util.concurrent.ThreadPoolExecutor.runWorker(ThreadPoolExecutor.java:1134)
        at java.util.concurrent.ThreadPoolExecutor$Worker.run(ThreadPoolExecutor.java:624)
        at java.lang.Thread.run(Thread.java:750)
"qtp929075133-2657" daemon prio=5 tid=2657 timed_waiting
java.lang.Thread.State: TIMED_WAITING
        at sun.misc.Unsafe.park(Native Method)
        at java.util.concurrent.locks.LockSupport.parkNanos(LockSupport.java:215)
        at java.util.concurrent.locks.AbstractQueuedSynchronizer$ConditionObject.awaitNanos(AbstractQueuedSynchronizer.java:2078)
        at org.eclipse.jetty.util.BlockingArrayQueue.poll(BlockingArrayQueue.java:382)
        at org.eclipse.jetty.util.thread.QueuedThreadPool$Runner.idleJobPoll(QueuedThreadPool.java:974)
        at org.eclipse.jetty.util.thread.QueuedThreadPool$Runner.run(QueuedThreadPool.java:1018)
        at java.lang.Thread.run(Thread.java:750)
"IPC Server Responder" daemon prio=5 tid=2635 runnable
java.lang.Thread.State: RUNNABLE
        at sun.nio.ch.EPollArrayWrapper.epollWait(Native Method)
        at sun.nio.ch.EPollArrayWrapper.poll(EPollArrayWrapper.java:269)
        at sun.nio.ch.EPollSelectorImpl.doSelect(EPollSelectorImpl.java:93)
        at sun.nio.ch.SelectorImpl.lockAndDoSelect(SelectorImpl.java:86)
        at sun.nio.ch.SelectorImpl.select(SelectorImpl.java:97)
        at org.apache.hadoop.ipc.Server$Responder.doRunLoop(Server.java:1582)
        at org.apache.hadoop.ipc.Server$Responder.run(Server.java:1565)
"qtp1839204938-2594" daemon prio=5 tid=2594 timed_waiting
java.lang.Thread.State: TIMED_WAITING
        at sun.misc.Unsafe.park(Native Method)
        at java.util.concurrent.locks.LockSupport.parkNanos(LockSupport.java:215)
        at java.util.concurrent.locks.AbstractQueuedSynchronizer$ConditionObject.awaitNanos(AbstractQueuedSynchronizer.java:2078)
        at org.eclipse.jetty.util.BlockingArrayQueue.poll(BlockingArrayQueue.java:382)
        at org.eclipse.jetty.util.thread.QueuedThreadPool$Runner.idleJobPoll(QueuedThreadPool.java:974)
        at org.eclipse.jetty.util.thread.QueuedThreadPool$Runner.run(QueuedThreadPool.java:1018)
        at java.lang.Thread.run(Thread.java:750)
"qtp929075133-2656" daemon prio=5 tid=2656 timed_waiting
java.lang.Thread.State: TIMED_WAITING
        at sun.misc.Unsafe.park(Native Method)
        at java.util.concurrent.locks.LockSupport.parkNanos(LockSupport.java:215)
        at java.util.concurrent.locks.AbstractQueuedSynchronizer$ConditionObject.awaitNanos(AbstractQueuedSynchronizer.java:2078)
        at org.eclipse.jetty.util.BlockingArrayQueue.poll(BlockingArrayQueue.java:382)
        at org.eclipse.jetty.util.thread.QueuedThreadPool$Runner.idleJobPoll(QueuedThreadPool.java:974)
        at org.eclipse.jetty.util.thread.QueuedThreadPool$Runner.run(QueuedThreadPool.java:1018)
        at java.lang.Thread.run(Thread.java:750)
"Socket Reader #1 for port 15169" daemon prio=5 tid=2544 runnable
java.lang.Thread.State: RUNNABLE
        at sun.nio.ch.EPollArrayWrapper.epollWait(Native Method)
        at sun.nio.ch.EPollArrayWrapper.poll(EPollArrayWrapper.java:269)
        at sun.nio.ch.EPollSelectorImpl.doSelect(EPollSelectorImpl.java:93)
        at sun.nio.ch.SelectorImpl.lockAndDoSelect(SelectorImpl.java:86)
        at sun.nio.ch.SelectorImpl.select(SelectorImpl.java:97)
        at sun.nio.ch.SelectorImpl.select(SelectorImpl.java:101)
        at org.apache.hadoop.ipc.Server$Listener$Reader.doRunLoop(Server.java:1346)
        at org.apache.hadoop.ipc.Server$Listener$Reader.run(Server.java:1325)
"qtp961679561-2535-acceptor-0@f8035bc-ServerConnector@1903635{HTTP/1.1, (http/1.1)}{0.0.0.0:15168}" daemon prio=3 tid=2535 runnable
java.lang.Thread.State: RUNNABLE
        at sun.nio.ch.ServerSocketChannelImpl.accept0(Native Method)
        at sun.nio.ch.ServerSocketChannelImpl.accept(ServerSocketChannelImpl.java:421)
        at sun.nio.ch.ServerSocketChannelImpl.accept(ServerSocketChannelImpl.java:249)
        at org.eclipse.jetty.server.ServerConnector.accept(ServerConnector.java:388)
        at org.eclipse.jetty.server.AbstractConnector$Acceptor.run(AbstractConnector.java:704)
        at org.eclipse.jetty.util.thread.QueuedThreadPool.runJob(QueuedThreadPool.java:883)
        at org.eclipse.jetty.util.thread.QueuedThreadPool$Runner.run(QueuedThreadPool.java:1034)
        at java.lang.Thread.run(Thread.java:750)
"qtp688933350-2499" daemon prio=5 tid=2499 runnable
java.lang.Thread.State: RUNNABLE
        at sun.nio.ch.EPollArrayWrapper.epollWait(Native Method)
        at sun.nio.ch.EPollArrayWrapper.poll(EPollArrayWrapper.java:269)
        at sun.nio.ch.EPollSelectorImpl.doSelect(EPollSelectorImpl.java:93)
        at sun.nio.ch.SelectorImpl.lockAndDoSelect(SelectorImpl.java:86)
        at sun.nio.ch.SelectorImpl.select(SelectorImpl.java:97)
        at sun.nio.ch.SelectorImpl.select(SelectorImpl.java:101)
        at org.eclipse.jetty.io.ManagedSelector.nioSelect(ManagedSelector.java:183)
        at org.eclipse.jetty.io.ManagedSelector.select(ManagedSelector.java:190)
        at org.eclipse.jetty.io.ManagedSelector$SelectorProducer.select(ManagedSelector.java:606)
        at org.eclipse.jetty.io.ManagedSelector$SelectorProducer.produce(ManagedSelector.java:543)
        at org.eclipse.jetty.util.thread.strategy.EatWhatYouKill.produceTask(EatWhatYouKill.java:362)
        at org.eclipse.jetty.util.thread.strategy.EatWhatYouKill.doProduce(EatWhatYouKill.java:186)
        at org.eclipse.jetty.util.thread.strategy.EatWhatYouKill.tryProduce(EatWhatYouKill.java:173)
        at org.eclipse.jetty.util.thread.strategy.EatWhatYouKill.produce(EatWhatYouKill.java:137)
        at org.eclipse.jetty.io.ManagedSelector$$Lambda$455/224872000.run(Unknown Source)
        at org.eclipse.jetty.util.thread.QueuedThreadPool.runJob(QueuedThreadPool.java:883)
        at org.eclipse.jetty.util.thread.QueuedThreadPool$Runner.run(QueuedThreadPool.java:1034)
        at java.lang.Thread.run(Thread.java:750)
"a412d968-2fe0-4f2a-9779-093f65c8ed8d@group-DFFC87AF8C54-LeaderStateImpl" daemon prio=5 tid=2836 timed_waiting
java.lang.Thread.State: TIMED_WAITING
        at sun.misc.Unsafe.park(Native Method)
        at java.util.concurrent.locks.LockSupport.parkNanos(LockSupport.java:215)
        at java.util.concurrent.locks.AbstractQueuedSynchronizer$ConditionObject.awaitNanos(AbstractQueuedSynchronizer.java:2078)
        at java.util.concurrent.ArrayBlockingQueue.poll(ArrayBlockingQueue.java:418)
        at org.apache.ratis.server.impl.LeaderStateImpl$EventQueue.poll(LeaderStateImpl.java:164)
        at org.apache.ratis.server.impl.LeaderStateImpl$EventProcessor.run(LeaderStateImpl.java:702)
"IPC Server Responder" daemon prio=5 tid=2664 runnable
java.lang.Thread.State: RUNNABLE
        at sun.nio.ch.EPollArrayWrapper.epollWait(Native Method)
        at sun.nio.ch.EPollArrayWrapper.poll(EPollArrayWrapper.java:269)
        at sun.nio.ch.EPollSelectorImpl.doSelect(EPollSelectorImpl.java:93)
        at sun.nio.ch.SelectorImpl.lockAndDoSelect(SelectorImpl.java:86)
        at sun.nio.ch.SelectorImpl.select(SelectorImpl.java:97)
        at org.apache.hadoop.ipc.Server$Responder.doRunLoop(Server.java:1582)
        at org.apache.hadoop.ipc.Server$Responder.run(Server.java:1565)
"FullTableCache Cleanup Thread - 0" daemon prio=5 tid=567 in Object.wait()
java.lang.Thread.State: WAITING (on object monitor)
        at sun.misc.Unsafe.park(Native Method)
        at java.util.concurrent.locks.LockSupport.park(LockSupport.java:175)
        at java.util.concurrent.locks.AbstractQueuedSynchronizer$ConditionObject.await(AbstractQueuedSynchronizer.java:2039)
        at java.util.concurrent.LinkedBlockingQueue.take(LinkedBlockingQueue.java:442)
        at java.util.concurrent.ThreadPoolExecutor.getTask(ThreadPoolExecutor.java:1074)
        at java.util.concurrent.ThreadPoolExecutor.runWorker(ThreadPoolExecutor.java:1134)
        at java.util.concurrent.ThreadPoolExecutor$Worker.run(ThreadPoolExecutor.java:624)
        at java.lang.Thread.run(Thread.java:750)
"EventQueue-DatanodeCommandQueueUpdatedForDatanodeCommandCountUpdatedHandler" daemon prio=5 tid=2760 in Object.wait()
java.lang.Thread.State: WAITING (on object monitor)
        at sun.misc.Unsafe.park(Native Method)
        at java.util.concurrent.locks.LockSupport.park(LockSupport.java:175)
        at java.util.concurrent.locks.AbstractQueuedSynchronizer$ConditionObject.await(AbstractQueuedSynchronizer.java:2039)
        at java.util.concurrent.LinkedBlockingQueue.take(LinkedBlockingQueue.java:442)
        at java.util.concurrent.ThreadPoolExecutor.getTask(ThreadPoolExecutor.java:1074)
        at java.util.concurrent.ThreadPoolExecutor.runWorker(ThreadPoolExecutor.java:1134)
        at java.util.concurrent.ThreadPoolExecutor$Worker.run(ThreadPoolExecutor.java:624)
        at java.lang.Thread.run(Thread.java:750)
"qtp688933350-2506" daemon prio=5 tid=2506 timed_waiting
java.lang.Thread.State: TIMED_WAITING
        at sun.misc.Unsafe.park(Native Method)
        at java.util.concurrent.locks.LockSupport.parkNanos(LockSupport.java:215)
        at java.util.concurrent.locks.AbstractQueuedSynchronizer$ConditionObject.awaitNanos(AbstractQueuedSynchronizer.java:2078)
        at org.eclipse.jetty.util.BlockingArrayQueue.poll(BlockingArrayQueue.java:382)
        at org.eclipse.jetty.util.thread.QueuedThreadPool$Runner.idleJobPoll(QueuedThreadPool.java:974)
        at org.eclipse.jetty.util.thread.QueuedThreadPool$Runner.run(QueuedThreadPool.java:1018)
        at java.lang.Thread.run(Thread.java:750)
"IPC Server handler 14 on default port 15160" daemon prio=5 tid=2432 timed_waiting
java.lang.Thread.State: TIMED_WAITING
        at sun.misc.Unsafe.park(Native Method)
        at java.util.concurrent.locks.LockSupport.parkNanos(LockSupport.java:215)
        at java.util.concurrent.locks.AbstractQueuedSynchronizer$ConditionObject.awaitNanos(AbstractQueuedSynchronizer.java:2078)
        at java.util.concurrent.LinkedBlockingQueue.poll(LinkedBlockingQueue.java:467)
        at org.apache.hadoop.ipc.CallQueueManager.take(CallQueueManager.java:317)
        at org.apache.hadoop.ipc.Server$Handler.run(Server.java:3014)
"Hadoop-Metrics-Updater-0" daemon prio=5 tid=2375 timed_waiting
java.lang.Thread.State: TIMED_WAITING
        at sun.misc.Unsafe.park(Native Method)
        at java.util.concurrent.locks.LockSupport.parkNanos(LockSupport.java:215)
        at java.util.concurrent.locks.AbstractQueuedSynchronizer$ConditionObject.awaitNanos(AbstractQueuedSynchronizer.java:2078)
        at java.util.concurrent.ScheduledThreadPoolExecutor$DelayedWorkQueue.take(ScheduledThreadPoolExecutor.java:1093)
        at java.util.concurrent.ScheduledThreadPoolExecutor$DelayedWorkQueue.take(ScheduledThreadPoolExecutor.java:809)
        at java.util.concurrent.ThreadPoolExecutor.getTask(ThreadPoolExecutor.java:1074)
        at java.util.concurrent.ThreadPoolExecutor.runWorker(ThreadPoolExecutor.java:1134)
        at java.util.concurrent.ThreadPoolExecutor$Worker.run(ThreadPoolExecutor.java:624)
        at java.lang.Thread.run(Thread.java:750)
"IPC Server handler 4 on default port 15160" daemon prio=5 tid=2422 timed_waiting
java.lang.Thread.State: TIMED_WAITING
        at sun.misc.Unsafe.park(Native Method)
        at java.util.concurrent.locks.LockSupport.parkNanos(LockSupport.java:215)
        at java.util.concurrent.locks.AbstractQueuedSynchronizer$ConditionObject.awaitNanos(AbstractQueuedSynchronizer.java:2078)
        at java.util.concurrent.LinkedBlockingQueue.poll(LinkedBlockingQueue.java:467)
        at org.apache.hadoop.ipc.CallQueueManager.take(CallQueueManager.java:317)
        at org.apache.hadoop.ipc.Server$Handler.run(Server.java:3014)
"IPC Server handler 1 on default port 15161" daemon prio=5 tid=2439 timed_waiting
java.lang.Thread.State: TIMED_WAITING
        at sun.misc.Unsafe.park(Native Method)
        at java.util.concurrent.locks.LockSupport.parkNanos(LockSupport.java:215)
        at java.util.concurrent.locks.AbstractQueuedSynchronizer$ConditionObject.awaitNanos(AbstractQueuedSynchronizer.java:2078)
        at java.util.concurrent.LinkedBlockingQueue.poll(LinkedBlockingQueue.java:467)
        at org.apache.hadoop.ipc.CallQueueManager.take(CallQueueManager.java:317)
        at org.apache.hadoop.ipc.Server$Handler.run(Server.java:3014)
"a412d968-2fe0-4f2a-9779-093f65c8ed8d-groupManagement"  prio=5 tid=2815 in Object.wait()
java.lang.Thread.State: WAITING (on object monitor)
        at sun.misc.Unsafe.park(Native Method)
        at java.util.concurrent.locks.LockSupport.park(LockSupport.java:175)
        at java.util.concurrent.locks.AbstractQueuedSynchronizer$ConditionObject.await(AbstractQueuedSynchronizer.java:2039)
        at java.util.concurrent.LinkedBlockingQueue.take(LinkedBlockingQueue.java:442)
        at java.util.concurrent.ThreadPoolExecutor.getTask(ThreadPoolExecutor.java:1074)
        at java.util.concurrent.ThreadPoolExecutor.runWorker(ThreadPoolExecutor.java:1134)
        at java.util.concurrent.ThreadPoolExecutor$Worker.run(ThreadPoolExecutor.java:624)
        at java.lang.Thread.run(Thread.java:750)
"IPC Server handler 9 on default port 15161" daemon prio=5 tid=2447 timed_waiting
java.lang.Thread.State: TIMED_WAITING
        at sun.misc.Unsafe.park(Native Method)
        at java.util.concurrent.locks.LockSupport.parkNanos(LockSupport.java:215)
        at java.util.concurrent.locks.AbstractQueuedSynchronizer$ConditionObject.awaitNanos(AbstractQueuedSynchronizer.java:2078)
        at java.util.concurrent.LinkedBlockingQueue.poll(LinkedBlockingQueue.java:467)
        at org.apache.hadoop.ipc.CallQueueManager.take(CallQueueManager.java:317)
        at org.apache.hadoop.ipc.Server$Handler.run(Server.java:3014)
"FixedThreadPoolWithAffinityExecutor-1-0" daemon prio=5 tid=2387 timed_waiting
java.lang.Thread.State: TIMED_WAITING
        at sun.misc.Unsafe.park(Native Method)
        at java.util.concurrent.locks.LockSupport.parkNanos(LockSupport.java:215)
        at java.util.concurrent.locks.AbstractQueuedSynchronizer$ConditionObject.awaitNanos(AbstractQueuedSynchronizer.java:2078)
        at java.util.concurrent.LinkedBlockingQueue.poll(LinkedBlockingQueue.java:467)
        at org.apache.hadoop.hdds.scm.server.ContainerReportQueue.poll(ContainerReportQueue.java:266)
        at org.apache.hadoop.hdds.scm.server.ContainerReportQueue.poll(ContainerReportQueue.java:42)
        at org.apache.hadoop.hdds.server.events.FixedThreadPoolWithAffinityExecutor$ContainerReportProcessTask.run(FixedThreadPoolWithAffinityExecutor.java:247)
        at java.util.concurrent.Executors$RunnableAdapter.call(Executors.java:511)
        at java.util.concurrent.FutureTask.run(FutureTask.java:266)
        at java.util.concurrent.ThreadPoolExecutor.runWorker(ThreadPoolExecutor.java:1149)
        at java.util.concurrent.ThreadPoolExecutor$Worker.run(ThreadPoolExecutor.java:624)
        at java.lang.Thread.run(Thread.java:750)
"qtp961679561-2537" daemon prio=5 tid=2537 timed_waiting
java.lang.Thread.State: TIMED_WAITING
        at sun.misc.Unsafe.park(Native Method)
        at java.util.concurrent.locks.LockSupport.parkNanos(LockSupport.java:215)
        at java.util.concurrent.locks.AbstractQueuedSynchronizer$ConditionObject.awaitNanos(AbstractQueuedSynchronizer.java:2078)
        at org.eclipse.jetty.util.BlockingArrayQueue.poll(BlockingArrayQueue.java:382)
        at org.eclipse.jetty.util.thread.QueuedThreadPool$Runner.idleJobPoll(QueuedThreadPool.java:974)
        at org.eclipse.jetty.util.thread.QueuedThreadPool$Runner.run(QueuedThreadPool.java:1018)
        at java.lang.Thread.run(Thread.java:750)
"EventQueue-DatanodeCommandForSCMNodeManager"  prio=5 tid=2758 in Object.wait()
java.lang.Thread.State: WAITING (on object monitor)
        at sun.misc.Unsafe.park(Native Method)
        at java.util.concurrent.locks.LockSupport.park(LockSupport.java:175)
        at java.util.concurrent.locks.AbstractQueuedSynchronizer$ConditionObject.await(AbstractQueuedSynchronizer.java:2039)
        at java.util.concurrent.LinkedBlockingQueue.take(LinkedBlockingQueue.java:442)
        at java.util.concurrent.ThreadPoolExecutor.getTask(ThreadPoolExecutor.java:1074)
        at java.util.concurrent.ThreadPoolExecutor.runWorker(ThreadPoolExecutor.java:1134)
        at java.util.concurrent.ThreadPoolExecutor$Worker.run(ThreadPoolExecutor.java:624)
        at java.lang.Thread.run(Thread.java:750)
"Hadoop-Metrics-Updater-0" daemon prio=5 tid=2486 timed_waiting
java.lang.Thread.State: TIMED_WAITING
        at sun.misc.Unsafe.park(Native Method)
        at java.util.concurrent.locks.LockSupport.parkNanos(LockSupport.java:215)
        at java.util.concurrent.locks.AbstractQueuedSynchronizer$ConditionObject.awaitNanos(AbstractQueuedSynchronizer.java:2078)
        at java.util.concurrent.ScheduledThreadPoolExecutor$DelayedWorkQueue.take(ScheduledThreadPoolExecutor.java:1093)
        at java.util.concurrent.ScheduledThreadPoolExecutor$DelayedWorkQueue.take(ScheduledThreadPoolExecutor.java:809)
        at java.util.concurrent.ThreadPoolExecutor.getTask(ThreadPoolExecutor.java:1074)
        at java.util.concurrent.ThreadPoolExecutor.runWorker(ThreadPoolExecutor.java:1134)
        at java.util.concurrent.ThreadPoolExecutor$Worker.run(ThreadPoolExecutor.java:624)
        at java.lang.Thread.run(Thread.java:750)
"IPC Server handler 0 on default port 15169" daemon prio=5 tid=2548 timed_waiting
java.lang.Thread.State: TIMED_WAITING
        at sun.misc.Unsafe.park(Native Method)
        at java.util.concurrent.locks.LockSupport.parkNanos(LockSupport.java:215)
        at java.util.concurrent.locks.AbstractQueuedSynchronizer$ConditionObject.awaitNanos(AbstractQueuedSynchronizer.java:2078)
        at java.util.concurrent.LinkedBlockingQueue.poll(LinkedBlockingQueue.java:467)
        at org.apache.hadoop.ipc.CallQueueManager.take(CallQueueManager.java:317)
        at org.apache.hadoop.ipc.Server$Handler.run(Server.java:3014)
"ChunkWriter-0-0" daemon prio=5 tid=2728 in Object.wait()
java.lang.Thread.State: WAITING (on object monitor)
        at sun.misc.Unsafe.park(Native Method)
        at java.util.concurrent.locks.LockSupport.park(LockSupport.java:175)
        at java.util.concurrent.locks.AbstractQueuedSynchronizer$ConditionObject.await(AbstractQueuedSynchronizer.java:2039)
        at java.util.concurrent.LinkedBlockingDeque.takeFirst(LinkedBlockingDeque.java:492)
        at java.util.concurrent.LinkedBlockingDeque.take(LinkedBlockingDeque.java:680)
        at java.util.concurrent.ThreadPoolExecutor.getTask(ThreadPoolExecutor.java:1074)
        at java.util.concurrent.ThreadPoolExecutor.runWorker(ThreadPoolExecutor.java:1134)
        at java.util.concurrent.ThreadPoolExecutor$Worker.run(ThreadPoolExecutor.java:624)
        at java.lang.Thread.run(Thread.java:750)
"timer4" daemon prio=5 tid=533 timed_waiting
java.lang.Thread.State: TIMED_WAITING
        at java.lang.Object.wait(Native Method)
        at java.util.TimerThread.mainLoop(Timer.java:552)
        at java.util.TimerThread.run(Timer.java:505)
"EndpointStateMachine task thread for /0.0.0.0:15161 - 0 "  prio=5 tid=2739 in Object.wait()
java.lang.Thread.State: WAITING (on object monitor)
        at sun.misc.Unsafe.park(Native Method)
        at java.util.concurrent.locks.LockSupport.park(LockSupport.java:175)
        at java.util.concurrent.locks.AbstractQueuedSynchronizer$ConditionObject.await(AbstractQueuedSynchronizer.java:2039)
        at java.util.concurrent.LinkedBlockingQueue.take(LinkedBlockingQueue.java:442)
        at java.util.concurrent.ThreadPoolExecutor.getTask(ThreadPoolExecutor.java:1074)
        at java.util.concurrent.ThreadPoolExecutor.runWorker(ThreadPoolExecutor.java:1134)
        at java.util.concurrent.ThreadPoolExecutor$Worker.run(ThreadPoolExecutor.java:624)
        at java.lang.Thread.run(Thread.java:750)
"IPC Server handler 18 on default port 15159" daemon prio=5 tid=2416 timed_waiting
java.lang.Thread.State: TIMED_WAITING
        at sun.misc.Unsafe.park(Native Method)
        at java.util.concurrent.locks.LockSupport.parkNanos(LockSupport.java:215)
        at java.util.concurrent.locks.AbstractQueuedSynchronizer$ConditionObject.awaitNanos(AbstractQueuedSynchronizer.java:2078)
        at java.util.concurrent.LinkedBlockingQueue.poll(LinkedBlockingQueue.java:467)
        at org.apache.hadoop.ipc.CallQueueManager.take(CallQueueManager.java:317)
        at org.apache.hadoop.ipc.Server$Handler.run(Server.java:3014)
"qtp1198768798-2469" daemon prio=5 tid=2469 timed_waiting
java.lang.Thread.State: TIMED_WAITING
        at sun.misc.Unsafe.park(Native Method)
        at java.util.concurrent.locks.LockSupport.parkNanos(LockSupport.java:215)
        at java.util.concurrent.locks.AbstractQueuedSynchronizer$ConditionObject.awaitNanos(AbstractQueuedSynchronizer.java:2078)
        at org.eclipse.jetty.util.BlockingArrayQueue.poll(BlockingArrayQueue.java:382)
        at org.eclipse.jetty.util.thread.QueuedThreadPool$Runner.idleJobPoll(QueuedThreadPool.java:974)
        at org.eclipse.jetty.util.thread.QueuedThreadPool$Runner.run(QueuedThreadPool.java:1018)
        at java.lang.Thread.run(Thread.java:750)
"qtp90574308-2629" daemon prio=5 tid=2629 timed_waiting
java.lang.Thread.State: TIMED_WAITING
        at sun.misc.Unsafe.park(Native Method)
        at java.util.concurrent.locks.LockSupport.parkNanos(LockSupport.java:215)
        at java.util.concurrent.locks.AbstractQueuedSynchronizer$ConditionObject.awaitNanos(AbstractQueuedSynchronizer.java:2078)
        at org.eclipse.jetty.util.BlockingArrayQueue.poll(BlockingArrayQueue.java:382)
        at org.eclipse.jetty.util.thread.QueuedThreadPool$Runner.idleJobPoll(QueuedThreadPool.java:974)
        at org.eclipse.jetty.util.thread.QueuedThreadPool$Runner.run(QueuedThreadPool.java:1018)
        at java.lang.Thread.run(Thread.java:750)
"IPC Server handler 12 on default port 15163" daemon prio=5 tid=2520 timed_waiting
java.lang.Thread.State: TIMED_WAITING
        at sun.misc.Unsafe.park(Native Method)
        at java.util.concurrent.locks.LockSupport.parkNanos(LockSupport.java:215)
        at java.util.concurrent.locks.AbstractQueuedSynchronizer$ConditionObject.awaitNanos(AbstractQueuedSynchronizer.java:2078)
        at java.util.concurrent.LinkedBlockingQueue.poll(LinkedBlockingQueue.java:467)
        at org.apache.hadoop.ipc.CallQueueManager.take(CallQueueManager.java:317)
        at org.apache.hadoop.ipc.Server$Handler.run(Server.java:3014)
"pool-710-thread-1"  prio=5 tid=2498 timed_waiting
java.lang.Thread.State: TIMED_WAITING
        at sun.misc.Unsafe.park(Native Method)
        at java.util.concurrent.locks.LockSupport.parkNanos(LockSupport.java:215)
        at java.util.concurrent.locks.AbstractQueuedSynchronizer$ConditionObject.awaitNanos(AbstractQueuedSynchronizer.java:2078)
        at java.util.concurrent.ScheduledThreadPoolExecutor$DelayedWorkQueue.take(ScheduledThreadPoolExecutor.java:1093)
        at java.util.concurrent.ScheduledThreadPoolExecutor$DelayedWorkQueue.take(ScheduledThreadPoolExecutor.java:809)
        at java.util.concurrent.ThreadPoolExecutor.getTask(ThreadPoolExecutor.java:1074)
        at java.util.concurrent.ThreadPoolExecutor.runWorker(ThreadPoolExecutor.java:1134)
        at java.util.concurrent.ThreadPoolExecutor$Worker.run(ThreadPoolExecutor.java:624)
        at java.lang.Thread.run(Thread.java:750)
"Session-HouseKeeper-33339348-1"  prio=5 tid=2660 timed_waiting
java.lang.Thread.State: TIMED_WAITING
        at sun.misc.Unsafe.park(Native Method)
        at java.util.concurrent.locks.LockSupport.parkNanos(LockSupport.java:215)
        at java.util.concurrent.locks.AbstractQueuedSynchronizer$ConditionObject.awaitNanos(AbstractQueuedSynchronizer.java:2078)
        at java.util.concurrent.ScheduledThreadPoolExecutor$DelayedWorkQueue.take(ScheduledThreadPoolExecutor.java:1093)
        at java.util.concurrent.ScheduledThreadPoolExecutor$DelayedWorkQueue.take(ScheduledThreadPoolExecutor.java:809)
        at java.util.concurrent.ThreadPoolExecutor.getTask(ThreadPoolExecutor.java:1074)
        at java.util.concurrent.ThreadPoolExecutor.runWorker(ThreadPoolExecutor.java:1134)
        at java.util.concurrent.ThreadPoolExecutor$Worker.run(ThreadPoolExecutor.java:624)
        at java.lang.Thread.run(Thread.java:750)
"JvmPauseMonitor21" daemon prio=5 tid=2460 timed_waiting
java.lang.Thread.State: TIMED_WAITING
        at java.lang.Thread.sleep(Native Method)
        at java.lang.Thread.sleep(Thread.java:342)
        at java.util.concurrent.TimeUnit.sleep(TimeUnit.java:386)
        at org.apache.ratis.util.TimeDuration.sleep(TimeDuration.java:325)
        at org.apache.ratis.util.TimeDuration.sleep(TimeDuration.java:310)
        at org.apache.ratis.util.JvmPauseMonitor.detectPause(JvmPauseMonitor.java:117)
        at org.apache.ratis.util.JvmPauseMonitor.run(JvmPauseMonitor.java:106)
        at org.apache.ratis.util.JvmPauseMonitor$$Lambda$419/1849581644.run(Unknown Source)
        at java.lang.Thread.run(Thread.java:750)
"FixedThreadPoolWithAffinityExecutor-2-0" daemon prio=5 tid=2388 timed_waiting
java.lang.Thread.State: TIMED_WAITING
        at sun.misc.Unsafe.park(Native Method)
        at java.util.concurrent.locks.LockSupport.parkNanos(LockSupport.java:215)
        at java.util.concurrent.locks.AbstractQueuedSynchronizer$ConditionObject.awaitNanos(AbstractQueuedSynchronizer.java:2078)
        at java.util.concurrent.LinkedBlockingQueue.poll(LinkedBlockingQueue.java:467)
        at org.apache.hadoop.hdds.scm.server.ContainerReportQueue.poll(ContainerReportQueue.java:266)
        at org.apache.hadoop.hdds.scm.server.ContainerReportQueue.poll(ContainerReportQueue.java:42)
        at org.apache.hadoop.hdds.server.events.FixedThreadPoolWithAffinityExecutor$ContainerReportProcessTask.run(FixedThreadPoolWithAffinityExecutor.java:247)
        at java.util.concurrent.Executors$RunnableAdapter.call(Executors.java:511)
        at java.util.concurrent.FutureTask.run(FutureTask.java:266)
        at java.util.concurrent.ThreadPoolExecutor.runWorker(ThreadPoolExecutor.java:1149)
        at java.util.concurrent.ThreadPoolExecutor$Worker.run(ThreadPoolExecutor.java:624)
        at java.lang.Thread.run(Thread.java:750)
"timer0" daemon prio=5 tid=551 timed_waiting
java.lang.Thread.State: TIMED_WAITING
        at java.lang.Object.wait(Native Method)
        at java.util.TimerThread.mainLoop(Timer.java:552)
        at java.util.TimerThread.run(Timer.java:505)
"grpc-default-executor-3" daemon prio=5 tid=2856 timed_waiting
java.lang.Thread.State: TIMED_WAITING
        at sun.misc.Unsafe.park(Native Method)
        at java.util.concurrent.locks.LockSupport.parkNanos(LockSupport.java:215)
        at java.util.concurrent.SynchronousQueue$TransferStack.awaitFulfill(SynchronousQueue.java:460)
        at java.util.concurrent.SynchronousQueue$TransferStack.transfer(SynchronousQueue.java:362)
        at java.util.concurrent.SynchronousQueue.poll(SynchronousQueue.java:941)
        at java.util.concurrent.ThreadPoolExecutor.getTask(ThreadPoolExecutor.java:1073)
        at java.util.concurrent.ThreadPoolExecutor.runWorker(ThreadPoolExecutor.java:1134)
        at java.util.concurrent.ThreadPoolExecutor$Worker.run(ThreadPoolExecutor.java:624)
        at java.lang.Thread.run(Thread.java:750)
"Datanode ReportManager Thread - 1" daemon prio=5 tid=2611 in Object.wait()
java.lang.Thread.State: WAITING (on object monitor)
        at sun.misc.Unsafe.park(Native Method)
        at java.util.concurrent.locks.LockSupport.park(LockSupport.java:175)
        at java.util.concurrent.locks.AbstractQueuedSynchronizer$ConditionObject.await(AbstractQueuedSynchronizer.java:2039)
        at java.util.concurrent.ScheduledThreadPoolExecutor$DelayedWorkQueue.take(ScheduledThreadPoolExecutor.java:1088)
        at java.util.concurrent.ScheduledThreadPoolExecutor$DelayedWorkQueue.take(ScheduledThreadPoolExecutor.java:809)
        at java.util.concurrent.ThreadPoolExecutor.getTask(ThreadPoolExecutor.java:1074)
        at java.util.concurrent.ThreadPoolExecutor.runWorker(ThreadPoolExecutor.java:1134)
        at java.util.concurrent.ThreadPoolExecutor$Worker.run(ThreadPoolExecutor.java:624)
        at java.lang.Thread.run(Thread.java:750)
"pool-803-thread-1"  prio=5 tid=2622 timed_waiting
java.lang.Thread.State: TIMED_WAITING
        at sun.misc.Unsafe.park(Native Method)
        at java.util.concurrent.locks.LockSupport.parkNanos(LockSupport.java:215)
        at java.util.concurrent.locks.AbstractQueuedSynchronizer$ConditionObject.awaitNanos(AbstractQueuedSynchronizer.java:2078)
        at java.util.concurrent.ScheduledThreadPoolExecutor$DelayedWorkQueue.take(ScheduledThreadPoolExecutor.java:1093)
        at java.util.concurrent.ScheduledThreadPoolExecutor$DelayedWorkQueue.take(ScheduledThreadPoolExecutor.java:809)
        at java.util.concurrent.ThreadPoolExecutor.getTask(ThreadPoolExecutor.java:1074)
        at java.util.concurrent.ThreadPoolExecutor.runWorker(ThreadPoolExecutor.java:1134)
        at java.util.concurrent.ThreadPoolExecutor$Worker.run(ThreadPoolExecutor.java:624)
        at java.lang.Thread.run(Thread.java:750)
"IPC Server handler 15 on default port 15161" daemon prio=5 tid=2453 timed_waiting
java.lang.Thread.State: TIMED_WAITING
        at sun.misc.Unsafe.park(Native Method)
        at java.util.concurrent.locks.LockSupport.parkNanos(LockSupport.java:215)
        at java.util.concurrent.locks.AbstractQueuedSynchronizer$ConditionObject.awaitNanos(AbstractQueuedSynchronizer.java:2078)
        at java.util.concurrent.LinkedBlockingQueue.poll(LinkedBlockingQueue.java:467)
        at org.apache.hadoop.ipc.CallQueueManager.take(CallQueueManager.java:317)
        at org.apache.hadoop.ipc.Server$Handler.run(Server.java:3014)
"IPC Server handler 1 on default port 15160" daemon prio=5 tid=2419 timed_waiting
java.lang.Thread.State: TIMED_WAITING
        at sun.misc.Unsafe.park(Native Method)
        at java.util.concurrent.locks.LockSupport.parkNanos(LockSupport.java:215)
        at java.util.concurrent.locks.AbstractQueuedSynchronizer$ConditionObject.awaitNanos(AbstractQueuedSynchronizer.java:2078)
        at java.util.concurrent.LinkedBlockingQueue.poll(LinkedBlockingQueue.java:467)
        at org.apache.hadoop.ipc.CallQueueManager.take(CallQueueManager.java:317)
        at org.apache.hadoop.ipc.Server$Handler.run(Server.java:3014)
"Signal Dispatcher" daemon prio=9 tid=4 runnable
java.lang.Thread.State: RUNNABLE
"EventQueue-NodeRegistrationContainerReportForDataNodeSafeModeRule" daemon prio=5 tid=2755 in Object.wait()
java.lang.Thread.State: WAITING (on object monitor)
        at sun.misc.Unsafe.park(Native Method)
        at java.util.concurrent.locks.LockSupport.park(LockSupport.java:175)
        at java.util.concurrent.locks.AbstractQueuedSynchronizer$ConditionObject.await(AbstractQueuedSynchronizer.java:2039)
        at java.util.concurrent.LinkedBlockingQueue.take(LinkedBlockingQueue.java:442)
        at java.util.concurrent.ThreadPoolExecutor.getTask(ThreadPoolExecutor.java:1074)
        at java.util.concurrent.ThreadPoolExecutor.runWorker(ThreadPoolExecutor.java:1134)
        at java.util.concurrent.ThreadPoolExecutor$Worker.run(ThreadPoolExecutor.java:624)
        at java.lang.Thread.run(Thread.java:750)
"FixedThreadPoolWithAffinityExecutor-6-0" daemon prio=5 tid=2392 timed_waiting
java.lang.Thread.State: TIMED_WAITING
        at sun.misc.Unsafe.park(Native Method)
        at java.util.concurrent.locks.LockSupport.parkNanos(LockSupport.java:215)
        at java.util.concurrent.locks.AbstractQueuedSynchronizer$ConditionObject.awaitNanos(AbstractQueuedSynchronizer.java:2078)
        at java.util.concurrent.LinkedBlockingQueue.poll(LinkedBlockingQueue.java:467)
        at org.apache.hadoop.hdds.scm.server.ContainerReportQueue.poll(ContainerReportQueue.java:266)
        at org.apache.hadoop.hdds.scm.server.ContainerReportQueue.poll(ContainerReportQueue.java:42)
        at org.apache.hadoop.hdds.server.events.FixedThreadPoolWithAffinityExecutor$ContainerReportProcessTask.run(FixedThreadPoolWithAffinityExecutor.java:247)
        at java.util.concurrent.Executors$RunnableAdapter.call(Executors.java:511)
        at java.util.concurrent.FutureTask.run(FutureTask.java:266)
        at java.util.concurrent.ThreadPoolExecutor.runWorker(ThreadPoolExecutor.java:1149)
        at java.util.concurrent.ThreadPoolExecutor$Worker.run(ThreadPoolExecutor.java:624)
        at java.lang.Thread.run(Thread.java:750)
"qtp1839204938-2597" daemon prio=5 tid=2597 timed_waiting
java.lang.Thread.State: TIMED_WAITING
        at sun.misc.Unsafe.park(Native Method)
        at java.util.concurrent.locks.LockSupport.parkNanos(LockSupport.java:215)
        at java.util.concurrent.locks.AbstractQueuedSynchronizer$ConditionObject.awaitNanos(AbstractQueuedSynchronizer.java:2078)
        at org.eclipse.jetty.util.BlockingArrayQueue.poll(BlockingArrayQueue.java:382)
        at org.eclipse.jetty.util.thread.QueuedThreadPool$Runner.idleJobPoll(QueuedThreadPool.java:974)
        at org.eclipse.jetty.util.thread.QueuedThreadPool$Runner.run(QueuedThreadPool.java:1018)
        at java.lang.Thread.run(Thread.java:750)
"IPC Server handler 10 on default port 15160" daemon prio=5 tid=2428 timed_waiting
java.lang.Thread.State: TIMED_WAITING
        at sun.misc.Unsafe.park(Native Method)
        at java.util.concurrent.locks.LockSupport.parkNanos(LockSupport.java:215)
        at java.util.concurrent.locks.AbstractQueuedSynchronizer$ConditionObject.awaitNanos(AbstractQueuedSynchronizer.java:2078)
        at java.util.concurrent.LinkedBlockingQueue.poll(LinkedBlockingQueue.java:467)
        at org.apache.hadoop.ipc.CallQueueManager.take(CallQueueManager.java:317)
        at org.apache.hadoop.ipc.Server$Handler.run(Server.java:3014)
"ChunkWriter-1-0" daemon prio=5 tid=2744 in Object.wait()
java.lang.Thread.State: WAITING (on object monitor)
        at sun.misc.Unsafe.park(Native Method)
        at java.util.concurrent.locks.LockSupport.park(LockSupport.java:175)
        at java.util.concurrent.locks.AbstractQueuedSynchronizer$ConditionObject.await(AbstractQueuedSynchronizer.java:2039)
        at java.util.concurrent.LinkedBlockingDeque.takeFirst(LinkedBlockingDeque.java:492)
        at java.util.concurrent.LinkedBlockingDeque.take(LinkedBlockingDeque.java:680)
        at java.util.concurrent.ThreadPoolExecutor.getTask(ThreadPoolExecutor.java:1074)
        at java.util.concurrent.ThreadPoolExecutor.runWorker(ThreadPoolExecutor.java:1134)
        at java.util.concurrent.ThreadPoolExecutor$Worker.run(ThreadPoolExecutor.java:624)
        at java.lang.Thread.run(Thread.java:750)
"EndpointStateMachine task thread for /0.0.0.0:15161 - 0 "  prio=5 tid=2708 in Object.wait()
java.lang.Thread.State: WAITING (on object monitor)
        at sun.misc.Unsafe.park(Native Method)
        at java.util.concurrent.locks.LockSupport.park(LockSupport.java:175)
        at java.util.concurrent.locks.AbstractQueuedSynchronizer$ConditionObject.await(AbstractQueuedSynchronizer.java:2039)
        at java.util.concurrent.LinkedBlockingQueue.take(LinkedBlockingQueue.java:442)
        at java.util.concurrent.ThreadPoolExecutor.getTask(ThreadPoolExecutor.java:1074)
        at java.util.concurrent.ThreadPoolExecutor.runWorker(ThreadPoolExecutor.java:1134)
        at java.util.concurrent.ThreadPoolExecutor$Worker.run(ThreadPoolExecutor.java:624)
        at java.lang.Thread.run(Thread.java:750)
"Datanode State Machine Task Thread - 0"  prio=5 tid=2556 in Object.wait()
java.lang.Thread.State: WAITING (on object monitor)
        at sun.misc.Unsafe.park(Native Method)
        at java.util.concurrent.locks.LockSupport.park(LockSupport.java:175)
        at java.util.concurrent.locks.AbstractQueuedSynchronizer$ConditionObject.await(AbstractQueuedSynchronizer.java:2039)
        at java.util.concurrent.LinkedBlockingQueue.take(LinkedBlockingQueue.java:442)
        at java.util.concurrent.ThreadPoolExecutor.getTask(ThreadPoolExecutor.java:1074)
        at java.util.concurrent.ThreadPoolExecutor.runWorker(ThreadPoolExecutor.java:1134)
        at java.util.concurrent.ThreadPoolExecutor$Worker.run(ThreadPoolExecutor.java:624)
        at java.lang.Thread.run(Thread.java:750)
"OpenKeyCleanupService#0" daemon prio=5 tid=2495 timed_waiting
java.lang.Thread.State: TIMED_WAITING
        at sun.misc.Unsafe.park(Native Method)
        at java.util.concurrent.locks.LockSupport.parkNanos(LockSupport.java:215)
        at java.util.concurrent.locks.AbstractQueuedSynchronizer$ConditionObject.awaitNanos(AbstractQueuedSynchronizer.java:2078)
        at java.util.concurrent.ScheduledThreadPoolExecutor$DelayedWorkQueue.take(ScheduledThreadPoolExecutor.java:1093)
        at java.util.concurrent.ScheduledThreadPoolExecutor$DelayedWorkQueue.take(ScheduledThreadPoolExecutor.java:809)
        at java.util.concurrent.ThreadPoolExecutor.getTask(ThreadPoolExecutor.java:1074)
        at java.util.concurrent.ThreadPoolExecutor.runWorker(ThreadPoolExecutor.java:1134)
        at java.util.concurrent.ThreadPoolExecutor$Worker.run(ThreadPoolExecutor.java:624)
        at java.lang.Thread.run(Thread.java:750)
"PipelineCommandHandlerThread-0"  prio=5 tid=2814 in Object.wait()
java.lang.Thread.State: WAITING (on object monitor)
        at sun.misc.Unsafe.park(Native Method)
        at java.util.concurrent.locks.LockSupport.park(LockSupport.java:175)
        at java.util.concurrent.locks.AbstractQueuedSynchronizer$ConditionObject.await(AbstractQueuedSynchronizer.java:2039)
        at java.util.concurrent.LinkedBlockingQueue.take(LinkedBlockingQueue.java:442)
        at java.util.concurrent.ThreadPoolExecutor.getTask(ThreadPoolExecutor.java:1074)
        at java.util.concurrent.ThreadPoolExecutor.runWorker(ThreadPoolExecutor.java:1134)
        at java.util.concurrent.ThreadPoolExecutor$Worker.run(ThreadPoolExecutor.java:624)
        at java.lang.Thread.run(Thread.java:750)
"Datanode State Machine Task Thread - 1"  prio=5 tid=2675 in Object.wait()
java.lang.Thread.State: WAITING (on object monitor)
        at sun.misc.Unsafe.park(Native Method)
        at java.util.concurrent.locks.LockSupport.park(LockSupport.java:175)
        at java.util.concurrent.locks.AbstractQueuedSynchronizer$ConditionObject.await(AbstractQueuedSynchronizer.java:2039)
        at java.util.concurrent.LinkedBlockingQueue.take(LinkedBlockingQueue.java:442)
        at java.util.concurrent.ThreadPoolExecutor.getTask(ThreadPoolExecutor.java:1074)
        at java.util.concurrent.ThreadPoolExecutor.runWorker(ThreadPoolExecutor.java:1134)
        at java.util.concurrent.ThreadPoolExecutor$Worker.run(ThreadPoolExecutor.java:624)
        at java.lang.Thread.run(Thread.java:750)
"a412d968-2fe0-4f2a-9779-093f65c8ed8d@group-DFFC87AF8C54-SegmentedRaftLogWorker"  prio=5 tid=2816 timed_waiting
java.lang.Thread.State: TIMED_WAITING
        at sun.misc.Unsafe.park(Native Method)
        at java.util.concurrent.locks.LockSupport.parkNanos(LockSupport.java:215)
        at java.util.concurrent.locks.AbstractQueuedSynchronizer$ConditionObject.awaitNanos(AbstractQueuedSynchronizer.java:2078)
        at org.apache.ratis.util.DataBlockingQueue.poll(DataBlockingQueue.java:148)
        at org.apache.ratis.server.raftlog.segmented.SegmentedRaftLogWorker.run(SegmentedRaftLogWorker.java:307)
        at org.apache.ratis.server.raftlog.segmented.SegmentedRaftLogWorker$$Lambda$748/392031583.run(Unknown Source)
        at java.util.concurrent.Executors$RunnableAdapter.call(Executors.java:511)
        at java.util.concurrent.FutureTask.run(FutureTask.java:266)
        at java.util.concurrent.ThreadPoolExecutor.runWorker(ThreadPoolExecutor.java:1149)
        at java.util.concurrent.ThreadPoolExecutor$Worker.run(ThreadPoolExecutor.java:624)
        at java.lang.Thread.run(Thread.java:750)
"Socket Reader #1 for port 15160" daemon prio=5 tid=2377 runnable
java.lang.Thread.State: RUNNABLE
        at sun.nio.ch.EPollArrayWrapper.epollWait(Native Method)
        at sun.nio.ch.EPollArrayWrapper.poll(EPollArrayWrapper.java:269)
        at sun.nio.ch.EPollSelectorImpl.doSelect(EPollSelectorImpl.java:93)
        at sun.nio.ch.SelectorImpl.lockAndDoSelect(SelectorImpl.java:86)
        at sun.nio.ch.SelectorImpl.select(SelectorImpl.java:97)
        at sun.nio.ch.SelectorImpl.select(SelectorImpl.java:101)
        at org.apache.hadoop.ipc.Server$Listener$Reader.doRunLoop(Server.java:1346)
        at org.apache.hadoop.ipc.Server$Listener$Reader.run(Server.java:1325)
"ChunkWriter-2-0" daemon prio=5 tid=2684 in Object.wait()
java.lang.Thread.State: WAITING (on object monitor)
        at sun.misc.Unsafe.park(Native Method)
        at java.util.concurrent.locks.LockSupport.park(LockSupport.java:175)
        at java.util.concurrent.locks.AbstractQueuedSynchronizer$ConditionObject.await(AbstractQueuedSynchronizer.java:2039)
        at java.util.concurrent.LinkedBlockingDeque.takeFirst(LinkedBlockingDeque.java:492)
        at java.util.concurrent.LinkedBlockingDeque.take(LinkedBlockingDeque.java:680)
        at java.util.concurrent.ThreadPoolExecutor.getTask(ThreadPoolExecutor.java:1074)
        at java.util.concurrent.ThreadPoolExecutor.runWorker(ThreadPoolExecutor.java:1134)
        at java.util.concurrent.ThreadPoolExecutor$Worker.run(ThreadPoolExecutor.java:624)
        at java.lang.Thread.run(Thread.java:750)
"IPC Server listener on 15205" daemon prio=5 tid=2661 runnable
java.lang.Thread.State: RUNNABLE
        at sun.nio.ch.EPollArrayWrapper.epollWait(Native Method)
        at sun.nio.ch.EPollArrayWrapper.poll(EPollArrayWrapper.java:269)
        at sun.nio.ch.EPollSelectorImpl.doSelect(EPollSelectorImpl.java:93)
        at sun.nio.ch.SelectorImpl.lockAndDoSelect(SelectorImpl.java:86)
        at sun.nio.ch.SelectorImpl.select(SelectorImpl.java:97)
        at sun.nio.ch.SelectorImpl.select(SelectorImpl.java:101)
        at org.apache.hadoop.ipc.Server$Listener.run(Server.java:1408)
"BlockDeletingService#0" daemon prio=5 tid=2734 timed_waiting
java.lang.Thread.State: TIMED_WAITING
        at sun.misc.Unsafe.park(Native Method)
        at java.util.concurrent.locks.LockSupport.parkNanos(LockSupport.java:215)
        at java.util.concurrent.locks.AbstractQueuedSynchronizer$ConditionObject.awaitNanos(AbstractQueuedSynchronizer.java:2078)
        at java.util.concurrent.ScheduledThreadPoolExecutor$DelayedWorkQueue.take(ScheduledThreadPoolExecutor.java:1093)
        at java.util.concurrent.ScheduledThreadPoolExecutor$DelayedWorkQueue.take(ScheduledThreadPoolExecutor.java:809)
        at java.util.concurrent.ThreadPoolExecutor.getTask(ThreadPoolExecutor.java:1074)
        at java.util.concurrent.ThreadPoolExecutor.runWorker(ThreadPoolExecutor.java:1134)
        at java.util.concurrent.ThreadPoolExecutor$Worker.run(ThreadPoolExecutor.java:624)
        at java.lang.Thread.run(Thread.java:750)
"pool-779-thread-1"  prio=5 tid=2591 timed_waiting
java.lang.Thread.State: TIMED_WAITING
        at sun.misc.Unsafe.park(Native Method)
        at java.util.concurrent.locks.LockSupport.parkNanos(LockSupport.java:215)
        at java.util.concurrent.locks.AbstractQueuedSynchronizer$ConditionObject.awaitNanos(AbstractQueuedSynchronizer.java:2078)
        at java.util.concurrent.ScheduledThreadPoolExecutor$DelayedWorkQueue.take(ScheduledThreadPoolExecutor.java:1093)
        at java.util.concurrent.ScheduledThreadPoolExecutor$DelayedWorkQueue.take(ScheduledThreadPoolExecutor.java:809)
        at java.util.concurrent.ThreadPoolExecutor.getTask(ThreadPoolExecutor.java:1074)
        at java.util.concurrent.ThreadPoolExecutor.runWorker(ThreadPoolExecutor.java:1134)
        at java.util.concurrent.ThreadPoolExecutor$Worker.run(ThreadPoolExecutor.java:624)
        at java.lang.Thread.run(Thread.java:750)
"qtp1839204938-2592" daemon prio=5 tid=2592 runnable
java.lang.Thread.State: RUNNABLE
        at sun.nio.ch.EPollArrayWrapper.epollWait(Native Method)
        at sun.nio.ch.EPollArrayWrapper.poll(EPollArrayWrapper.java:269)
        at sun.nio.ch.EPollSelectorImpl.doSelect(EPollSelectorImpl.java:93)
        at sun.nio.ch.SelectorImpl.lockAndDoSelect(SelectorImpl.java:86)
        at sun.nio.ch.SelectorImpl.select(SelectorImpl.java:97)
        at sun.nio.ch.SelectorImpl.select(SelectorImpl.java:101)
        at org.eclipse.jetty.io.ManagedSelector.nioSelect(ManagedSelector.java:183)
        at org.eclipse.jetty.io.ManagedSelector.select(ManagedSelector.java:190)
        at org.eclipse.jetty.io.ManagedSelector$SelectorProducer.select(ManagedSelector.java:606)
        at org.eclipse.jetty.io.ManagedSelector$SelectorProducer.produce(ManagedSelector.java:543)
        at org.eclipse.jetty.util.thread.strategy.EatWhatYouKill.produceTask(EatWhatYouKill.java:362)
        at org.eclipse.jetty.util.thread.strategy.EatWhatYouKill.doProduce(EatWhatYouKill.java:186)
        at org.eclipse.jetty.util.thread.strategy.EatWhatYouKill.tryProduce(EatWhatYouKill.java:173)
        at org.eclipse.jetty.util.thread.strategy.EatWhatYouKill.produce(EatWhatYouKill.java:137)
        at org.eclipse.jetty.io.ManagedSelector$$Lambda$455/224872000.run(Unknown Source)
        at org.eclipse.jetty.util.thread.QueuedThreadPool.runJob(QueuedThreadPool.java:883)
        at org.eclipse.jetty.util.thread.QueuedThreadPool$Runner.run(QueuedThreadPool.java:1034)
        at java.lang.Thread.run(Thread.java:750)
"IPC Server handler 18 on default port 15163" daemon prio=5 tid=2526 timed_waiting
java.lang.Thread.State: TIMED_WAITING
        at sun.misc.Unsafe.park(Native Method)
        at java.util.concurrent.locks.LockSupport.parkNanos(LockSupport.java:215)
        at java.util.concurrent.locks.AbstractQueuedSynchronizer$ConditionObject.awaitNanos(AbstractQueuedSynchronizer.java:2078)
        at java.util.concurrent.LinkedBlockingQueue.poll(LinkedBlockingQueue.java:467)
        at org.apache.hadoop.ipc.CallQueueManager.take(CallQueueManager.java:317)
        at org.apache.hadoop.ipc.Server$Handler.run(Server.java:3014)
"IPC Server handler 13 on default port 15160" daemon prio=5 tid=2431 timed_waiting
java.lang.Thread.State: TIMED_WAITING
        at sun.misc.Unsafe.park(Native Method)
        at java.util.concurrent.locks.LockSupport.parkNanos(LockSupport.java:215)
        at java.util.concurrent.locks.AbstractQueuedSynchronizer$ConditionObject.awaitNanos(AbstractQueuedSynchronizer.java:2078)
        at java.util.concurrent.LinkedBlockingQueue.poll(LinkedBlockingQueue.java:467)
        at org.apache.hadoop.ipc.CallQueueManager.take(CallQueueManager.java:317)
        at org.apache.hadoop.ipc.Server$Handler.run(Server.java:3014)
"IPC Server idle connection scanner for port 15205" daemon prio=5 tid=2663 timed_waiting
java.lang.Thread.State: TIMED_WAITING
        at java.lang.Object.wait(Native Method)
        at java.util.TimerThread.mainLoop(Timer.java:552)
        at java.util.TimerThread.run(Timer.java:505)
"StaleRecoveringContainerScrubbingService#1" daemon prio=5 tid=2691 in Object.wait()
java.lang.Thread.State: WAITING (on object monitor)
        at sun.misc.Unsafe.park(Native Method)
        at java.util.concurrent.locks.LockSupport.park(LockSupport.java:175)
        at java.util.concurrent.locks.AbstractQueuedSynchronizer$ConditionObject.await(AbstractQueuedSynchronizer.java:2039)
        at java.util.concurrent.ScheduledThreadPoolExecutor$DelayedWorkQueue.take(ScheduledThreadPoolExecutor.java:1088)
        at java.util.concurrent.ScheduledThreadPoolExecutor$DelayedWorkQueue.take(ScheduledThreadPoolExecutor.java:809)
        at java.util.concurrent.ThreadPoolExecutor.getTask(ThreadPoolExecutor.java:1074)
        at java.util.concurrent.ThreadPoolExecutor.runWorker(ThreadPoolExecutor.java:1134)
        at java.util.concurrent.ThreadPoolExecutor$Worker.run(ThreadPoolExecutor.java:624)
        at java.lang.Thread.run(Thread.java:750)
"DataNode DiskChecker thread 0" daemon prio=5 tid=2680 timed_waiting
java.lang.Thread.State: TIMED_WAITING
        at sun.misc.Unsafe.park(Native Method)
        at java.util.concurrent.locks.LockSupport.parkNanos(LockSupport.java:215)
        at java.util.concurrent.SynchronousQueue$TransferStack.awaitFulfill(SynchronousQueue.java:460)
        at java.util.concurrent.SynchronousQueue$TransferStack.transfer(SynchronousQueue.java:362)
        at java.util.concurrent.SynchronousQueue.poll(SynchronousQueue.java:941)
        at java.util.concurrent.ThreadPoolExecutor.getTask(ThreadPoolExecutor.java:1073)
        at java.util.concurrent.ThreadPoolExecutor.runWorker(ThreadPoolExecutor.java:1134)
        at java.util.concurrent.ThreadPoolExecutor$Worker.run(ThreadPoolExecutor.java:624)
        at java.lang.Thread.run(Thread.java:750)
"qtp90574308-2625" daemon prio=5 tid=2625 timed_waiting
java.lang.Thread.State: TIMED_WAITING
        at sun.misc.Unsafe.park(Native Method)
        at java.util.concurrent.locks.LockSupport.parkNanos(LockSupport.java:215)
        at java.util.concurrent.locks.AbstractQueuedSynchronizer$ConditionObject.awaitNanos(AbstractQueuedSynchronizer.java:2078)
        at org.eclipse.jetty.util.BlockingArrayQueue.poll(BlockingArrayQueue.java:382)
        at org.eclipse.jetty.util.thread.QueuedThreadPool$Runner.idleJobPoll(QueuedThreadPool.java:974)
        at org.eclipse.jetty.util.thread.QueuedThreadPool$Runner.run(QueuedThreadPool.java:1018)
        at java.lang.Thread.run(Thread.java:750)
"IPC Server handler 6 on default port 15161" daemon prio=5 tid=2444 timed_waiting
java.lang.Thread.State: TIMED_WAITING
        at sun.misc.Unsafe.park(Native Method)
        at java.util.concurrent.locks.LockSupport.parkNanos(LockSupport.java:215)
        at java.util.concurrent.locks.AbstractQueuedSynchronizer$ConditionObject.awaitNanos(AbstractQueuedSynchronizer.java:2078)
        at java.util.concurrent.LinkedBlockingQueue.poll(LinkedBlockingQueue.java:467)
        at org.apache.hadoop.ipc.CallQueueManager.take(CallQueueManager.java:317)
        at org.apache.hadoop.ipc.Server$Handler.run(Server.java:3014)
"IPC Server handler 11 on default port 15160" daemon prio=5 tid=2429 timed_waiting
java.lang.Thread.State: TIMED_WAITING
        at sun.misc.Unsafe.park(Native Method)
        at java.util.concurrent.locks.LockSupport.parkNanos(LockSupport.java:215)
        at java.util.concurrent.locks.AbstractQueuedSynchronizer$ConditionObject.awaitNanos(AbstractQueuedSynchronizer.java:2078)
        at java.util.concurrent.LinkedBlockingQueue.poll(LinkedBlockingQueue.java:467)
        at org.apache.hadoop.ipc.CallQueueManager.take(CallQueueManager.java:317)
        at org.apache.hadoop.ipc.Server$Handler.run(Server.java:3014)
"IPC Server handler 12 on default port 15160" daemon prio=5 tid=2430 timed_waiting
java.lang.Thread.State: TIMED_WAITING
        at sun.misc.Unsafe.park(Native Method)
        at java.util.concurrent.locks.LockSupport.parkNanos(LockSupport.java:215)
        at java.util.concurrent.locks.AbstractQueuedSynchronizer$ConditionObject.awaitNanos(AbstractQueuedSynchronizer.java:2078)
        at java.util.concurrent.LinkedBlockingQueue.poll(LinkedBlockingQueue.java:467)
        at org.apache.hadoop.ipc.CallQueueManager.take(CallQueueManager.java:317)
        at org.apache.hadoop.ipc.Server$Handler.run(Server.java:3014)
"IPC Server handler 15 on default port 15159" daemon prio=5 tid=2413 timed_waiting
java.lang.Thread.State: TIMED_WAITING
        at sun.misc.Unsafe.park(Native Method)
        at java.util.concurrent.locks.LockSupport.parkNanos(LockSupport.java:215)
        at java.util.concurrent.locks.AbstractQueuedSynchronizer$ConditionObject.awaitNanos(AbstractQueuedSynchronizer.java:2078)
        at java.util.concurrent.LinkedBlockingQueue.poll(LinkedBlockingQueue.java:467)
        at org.apache.hadoop.ipc.CallQueueManager.take(CallQueueManager.java:317)
        at org.apache.hadoop.ipc.Server$Handler.run(Server.java:3014)
"grpc-default-worker-ELG-9-2" daemon prio=5 tid=2772 runnable
java.lang.Thread.State: RUNNABLE
        at org.apache.ratis.thirdparty.io.netty.channel.epoll.Native.epollWait0(Native Method)
        at org.apache.ratis.thirdparty.io.netty.channel.epoll.Native.epollWait(Native.java:182)
        at org.apache.ratis.thirdparty.io.netty.channel.epoll.EpollEventLoop.epollWait(EpollEventLoop.java:302)
        at org.apache.ratis.thirdparty.io.netty.channel.epoll.EpollEventLoop.run(EpollEventLoop.java:366)
        at org.apache.ratis.thirdparty.io.netty.util.concurrent.SingleThreadEventExecutor$4.run(SingleThreadEventExecutor.java:997)
        at org.apache.ratis.thirdparty.io.netty.util.internal.ThreadExecutorMap$2.run(ThreadExecutorMap.java:74)
        at org.apache.ratis.thirdparty.io.netty.util.concurrent.FastThreadLocalRunnable.run(FastThreadLocalRunnable.java:30)
        at java.lang.Thread.run(Thread.java:750)
"PartialTableCache Cleanup Thread - 0" daemon prio=5 tid=571 in Object.wait()
java.lang.Thread.State: WAITING (on object monitor)
        at sun.misc.Unsafe.park(Native Method)
        at java.util.concurrent.locks.LockSupport.park(LockSupport.java:175)
        at java.util.concurrent.locks.AbstractQueuedSynchronizer$ConditionObject.await(AbstractQueuedSynchronizer.java:2039)
        at java.util.concurrent.LinkedBlockingQueue.take(LinkedBlockingQueue.java:442)
        at java.util.concurrent.ThreadPoolExecutor.getTask(ThreadPoolExecutor.java:1074)
        at java.util.concurrent.ThreadPoolExecutor.runWorker(ThreadPoolExecutor.java:1134)
        at java.util.concurrent.ThreadPoolExecutor$Worker.run(ThreadPoolExecutor.java:624)
        at java.lang.Thread.run(Thread.java:750)
"IPC Server handler 19 on default port 15163" daemon prio=5 tid=2527 timed_waiting
java.lang.Thread.State: TIMED_WAITING
        at sun.misc.Unsafe.park(Native Method)
        at java.util.concurrent.locks.LockSupport.parkNanos(LockSupport.java:215)
        at java.util.concurrent.locks.AbstractQueuedSynchronizer$ConditionObject.awaitNanos(AbstractQueuedSynchronizer.java:2078)
        at java.util.concurrent.LinkedBlockingQueue.poll(LinkedBlockingQueue.java:467)
        at org.apache.hadoop.ipc.CallQueueManager.take(CallQueueManager.java:317)
        at org.apache.hadoop.ipc.Server$Handler.run(Server.java:3014)
"FullTableCache Cleanup Thread - 0" daemon prio=5 tid=2886 in Object.wait()
java.lang.Thread.State: WAITING (on object monitor)
        at sun.misc.Unsafe.park(Native Method)
        at java.util.concurrent.locks.LockSupport.park(LockSupport.java:175)
        at java.util.concurrent.locks.AbstractQueuedSynchronizer$ConditionObject.await(AbstractQueuedSynchronizer.java:2039)
        at java.util.concurrent.LinkedBlockingQueue.take(LinkedBlockingQueue.java:442)
        at java.util.concurrent.ThreadPoolExecutor.getTask(ThreadPoolExecutor.java:1074)
        at java.util.concurrent.ThreadPoolExecutor.runWorker(ThreadPoolExecutor.java:1134)
        at java.util.concurrent.ThreadPoolExecutor$Worker.run(ThreadPoolExecutor.java:624)
        at java.lang.Thread.run(Thread.java:750)
"IPC Server handler 0 on default port 15160" daemon prio=5 tid=2418 timed_waiting
java.lang.Thread.State: TIMED_WAITING
        at sun.misc.Unsafe.park(Native Method)
        at java.util.concurrent.locks.LockSupport.parkNanos(LockSupport.java:215)
        at java.util.concurrent.locks.AbstractQueuedSynchronizer$ConditionObject.awaitNanos(AbstractQueuedSynchronizer.java:2078)
        at java.util.concurrent.LinkedBlockingQueue.poll(LinkedBlockingQueue.java:467)
        at org.apache.hadoop.ipc.CallQueueManager.take(CallQueueManager.java:317)
        at org.apache.hadoop.ipc.Server$Handler.run(Server.java:3014)
"SCM Heartbeat Processing Thread - 0" daemon prio=5 tid=2363 timed_waiting
java.lang.Thread.State: TIMED_WAITING
        at sun.misc.Unsafe.park(Native Method)
        at java.util.concurrent.locks.LockSupport.parkNanos(LockSupport.java:215)
        at java.util.concurrent.locks.AbstractQueuedSynchronizer$ConditionObject.awaitNanos(AbstractQueuedSynchronizer.java:2078)
        at java.util.concurrent.ScheduledThreadPoolExecutor$DelayedWorkQueue.take(ScheduledThreadPoolExecutor.java:1093)
        at java.util.concurrent.ScheduledThreadPoolExecutor$DelayedWorkQueue.take(ScheduledThreadPoolExecutor.java:809)
        at java.util.concurrent.ThreadPoolExecutor.getTask(ThreadPoolExecutor.java:1074)
        at java.util.concurrent.ThreadPoolExecutor.runWorker(ThreadPoolExecutor.java:1134)
        at java.util.concurrent.ThreadPoolExecutor$Worker.run(ThreadPoolExecutor.java:624)
        at java.lang.Thread.run(Thread.java:750)
"JvmPauseMonitor25" daemon prio=5 tid=2716 timed_waiting
java.lang.Thread.State: TIMED_WAITING
        at java.lang.Thread.sleep(Native Method)
        at java.lang.Thread.sleep(Thread.java:342)
        at java.util.concurrent.TimeUnit.sleep(TimeUnit.java:386)
        at org.apache.ratis.util.TimeDuration.sleep(TimeDuration.java:325)
        at org.apache.ratis.util.TimeDuration.sleep(TimeDuration.java:310)
        at org.apache.ratis.util.JvmPauseMonitor.detectPause(JvmPauseMonitor.java:117)
        at org.apache.ratis.util.JvmPauseMonitor.run(JvmPauseMonitor.java:106)
        at org.apache.ratis.util.JvmPauseMonitor$$Lambda$419/1849581644.run(Unknown Source)
        at java.lang.Thread.run(Thread.java:750)
"IPC Server handler 12 on default port 15161" daemon prio=5 tid=2450 timed_waiting
java.lang.Thread.State: TIMED_WAITING
        at sun.misc.Unsafe.park(Native Method)
        at java.util.concurrent.locks.LockSupport.parkNanos(LockSupport.java:215)
        at java.util.concurrent.locks.AbstractQueuedSynchronizer$ConditionObject.awaitNanos(AbstractQueuedSynchronizer.java:2078)
        at java.util.concurrent.LinkedBlockingQueue.poll(LinkedBlockingQueue.java:467)
        at org.apache.hadoop.ipc.CallQueueManager.take(CallQueueManager.java:317)
        at org.apache.hadoop.ipc.Server$Handler.run(Server.java:3014)
"timer2" daemon prio=5 tid=524 timed_waiting
java.lang.Thread.State: TIMED_WAITING
        at java.lang.Object.wait(Native Method)
        at java.util.TimerThread.mainLoop(Timer.java:552)
        at java.util.TimerThread.run(Timer.java:505)
"42538958-ec24-4190-90a2-8f41139170d9-groupManagement"  prio=5 tid=2820 in Object.wait()
java.lang.Thread.State: WAITING (on object monitor)
        at sun.misc.Unsafe.park(Native Method)
        at java.util.concurrent.locks.LockSupport.park(LockSupport.java:175)
        at java.util.concurrent.locks.AbstractQueuedSynchronizer$ConditionObject.await(AbstractQueuedSynchronizer.java:2039)
        at java.util.concurrent.LinkedBlockingQueue.take(LinkedBlockingQueue.java:442)
        at java.util.concurrent.ThreadPoolExecutor.getTask(ThreadPoolExecutor.java:1074)
        at java.util.concurrent.ThreadPoolExecutor.runWorker(ThreadPoolExecutor.java:1134)
        at java.util.concurrent.ThreadPoolExecutor$Worker.run(ThreadPoolExecutor.java:624)
        at java.lang.Thread.run(Thread.java:750)
"Datanode ReportManager Thread - 3" daemon prio=5 tid=2613 in Object.wait()
java.lang.Thread.State: WAITING (on object monitor)
        at sun.misc.Unsafe.park(Native Method)
        at java.util.concurrent.locks.LockSupport.park(LockSupport.java:175)
        at java.util.concurrent.locks.AbstractQueuedSynchronizer$ConditionObject.await(AbstractQueuedSynchronizer.java:2039)
        at java.util.concurrent.ScheduledThreadPoolExecutor$DelayedWorkQueue.take(ScheduledThreadPoolExecutor.java:1088)
        at java.util.concurrent.ScheduledThreadPoolExecutor$DelayedWorkQueue.take(ScheduledThreadPoolExecutor.java:809)
        at java.util.concurrent.ThreadPoolExecutor.getTask(ThreadPoolExecutor.java:1074)
        at java.util.concurrent.ThreadPoolExecutor.runWorker(ThreadPoolExecutor.java:1134)
        at java.util.concurrent.ThreadPoolExecutor$Worker.run(ThreadPoolExecutor.java:624)
        at java.lang.Thread.run(Thread.java:750)
"Hadoop-Metrics-Updater-0" daemon prio=5 tid=2607 timed_waiting
java.lang.Thread.State: TIMED_WAITING
        at sun.misc.Unsafe.park(Native Method)
        at java.util.concurrent.locks.LockSupport.parkNanos(LockSupport.java:215)
        at java.util.concurrent.locks.AbstractQueuedSynchronizer$ConditionObject.awaitNanos(AbstractQueuedSynchronizer.java:2078)
        at java.util.concurrent.ScheduledThreadPoolExecutor$DelayedWorkQueue.take(ScheduledThreadPoolExecutor.java:1093)
        at java.util.concurrent.ScheduledThreadPoolExecutor$DelayedWorkQueue.take(ScheduledThreadPoolExecutor.java:809)
        at java.util.concurrent.ThreadPoolExecutor.getTask(ThreadPoolExecutor.java:1074)
        at java.util.concurrent.ThreadPoolExecutor.runWorker(ThreadPoolExecutor.java:1134)
        at java.util.concurrent.ThreadPoolExecutor$Worker.run(ThreadPoolExecutor.java:624)
        at java.lang.Thread.run(Thread.java:750)
"Over Replicated Processor" daemon prio=5 tid=2369 timed_waiting
java.lang.Thread.State: TIMED_WAITING
        at java.lang.Object.wait(Native Method)
        at org.apache.hadoop.hdds.scm.container.replication.UnhealthyReplicationProcessor.run(UnhealthyReplicationProcessor.java:174)
        at java.lang.Thread.run(Thread.java:750)
"grpc-default-executor-0" daemon prio=5 tid=2771 timed_waiting
java.lang.Thread.State: TIMED_WAITING
        at sun.misc.Unsafe.park(Native Method)
        at java.util.concurrent.locks.LockSupport.parkNanos(LockSupport.java:215)
        at java.util.concurrent.SynchronousQueue$TransferStack.awaitFulfill(SynchronousQueue.java:460)
        at java.util.concurrent.SynchronousQueue$TransferStack.transfer(SynchronousQueue.java:362)
        at java.util.concurrent.SynchronousQueue.poll(SynchronousQueue.java:941)
        at java.util.concurrent.ThreadPoolExecutor.getTask(ThreadPoolExecutor.java:1073)
        at java.util.concurrent.ThreadPoolExecutor.runWorker(ThreadPoolExecutor.java:1134)
        at java.util.concurrent.ThreadPoolExecutor$Worker.run(ThreadPoolExecutor.java:624)
        at java.lang.Thread.run(Thread.java:750)
"a412d968-2fe0-4f2a-9779-093f65c8ed8d-impl-thread1" daemon prio=5 tid=2620 timed_waiting
java.lang.Thread.State: TIMED_WAITING
        at sun.misc.Unsafe.park(Native Method)
        at java.util.concurrent.locks.LockSupport.parkNanos(LockSupport.java:215)
        at java.util.concurrent.SynchronousQueue$TransferStack.awaitFulfill(SynchronousQueue.java:460)
        at java.util.concurrent.SynchronousQueue$TransferStack.transfer(SynchronousQueue.java:362)
        at java.util.concurrent.SynchronousQueue.poll(SynchronousQueue.java:941)
        at java.util.concurrent.ThreadPoolExecutor.getTask(ThreadPoolExecutor.java:1073)
        at java.util.concurrent.ThreadPoolExecutor.runWorker(ThreadPoolExecutor.java:1134)
        at java.util.concurrent.ThreadPoolExecutor$Worker.run(ThreadPoolExecutor.java:624)
        at java.lang.Thread.run(Thread.java:750)
"timer1" daemon prio=5 tid=526 timed_waiting
java.lang.Thread.State: TIMED_WAITING
        at java.lang.Object.wait(Native Method)
        at java.util.TimerThread.mainLoop(Timer.java:552)
        at java.util.TimerThread.run(Timer.java:505)
"EventQueue-DeadNodeForDeadNodeHandler" daemon prio=5 tid=2967 in Object.wait()
java.lang.Thread.State: WAITING (on object monitor)
        at sun.misc.Unsafe.park(Native Method)
        at java.util.concurrent.locks.LockSupport.park(LockSupport.java:175)
        at java.util.concurrent.locks.AbstractQueuedSynchronizer$ConditionObject.await(AbstractQueuedSynchronizer.java:2039)
        at java.util.concurrent.LinkedBlockingQueue.take(LinkedBlockingQueue.java:442)
        at java.util.concurrent.ThreadPoolExecutor.getTask(ThreadPoolExecutor.java:1074)
        at java.util.concurrent.ThreadPoolExecutor.runWorker(ThreadPoolExecutor.java:1134)
        at java.util.concurrent.ThreadPoolExecutor$Worker.run(ThreadPoolExecutor.java:624)
        at java.lang.Thread.run(Thread.java:750)
"IPC Server handler 14 on default port 15161" daemon prio=5 tid=2452 timed_waiting
java.lang.Thread.State: TIMED_WAITING
        at sun.misc.Unsafe.park(Native Method)
        at java.util.concurrent.locks.LockSupport.parkNanos(LockSupport.java:215)
        at java.util.concurrent.locks.AbstractQueuedSynchronizer$ConditionObject.awaitNanos(AbstractQueuedSynchronizer.java:2078)
        at java.util.concurrent.LinkedBlockingQueue.poll(LinkedBlockingQueue.java:467)
        at org.apache.hadoop.ipc.CallQueueManager.take(CallQueueManager.java:317)
        at org.apache.hadoop.ipc.Server$Handler.run(Server.java:3014)
"PartialTableCache Cleanup Thread - 0" daemon prio=5 tid=1333 in Object.wait()
java.lang.Thread.State: WAITING (on object monitor)
        at sun.misc.Unsafe.park(Native Method)
        at java.util.concurrent.locks.LockSupport.park(LockSupport.java:175)
        at java.util.concurrent.locks.AbstractQueuedSynchronizer$ConditionObject.await(AbstractQueuedSynchronizer.java:2039)
        at java.util.concurrent.LinkedBlockingQueue.take(LinkedBlockingQueue.java:442)
        at java.util.concurrent.ThreadPoolExecutor.getTask(ThreadPoolExecutor.java:1074)
        at java.util.concurrent.ThreadPoolExecutor.runWorker(ThreadPoolExecutor.java:1134)
        at java.util.concurrent.ThreadPoolExecutor$Worker.run(ThreadPoolExecutor.java:624)
        at java.lang.Thread.run(Thread.java:750)
"Datanode ReportManager Thread - 2" daemon prio=5 tid=2670 in Object.wait()
java.lang.Thread.State: WAITING (on object monitor)
        at sun.misc.Unsafe.park(Native Method)
        at java.util.concurrent.locks.LockSupport.park(LockSupport.java:175)
        at java.util.concurrent.locks.AbstractQueuedSynchronizer$ConditionObject.await(AbstractQueuedSynchronizer.java:2039)
        at java.util.concurrent.ScheduledThreadPoolExecutor$DelayedWorkQueue.take(ScheduledThreadPoolExecutor.java:1088)
        at java.util.concurrent.ScheduledThreadPoolExecutor$DelayedWorkQueue.take(ScheduledThreadPoolExecutor.java:809)
        at java.util.concurrent.ThreadPoolExecutor.getTask(ThreadPoolExecutor.java:1074)
        at java.util.concurrent.ThreadPoolExecutor.runWorker(ThreadPoolExecutor.java:1134)
        at java.util.concurrent.ThreadPoolExecutor$Worker.run(ThreadPoolExecutor.java:624)
        at java.lang.Thread.run(Thread.java:750)
"IPC Server handler 8 on default port 15159" daemon prio=5 tid=2406 timed_waiting
java.lang.Thread.State: TIMED_WAITING
        at sun.misc.Unsafe.park(Native Method)
        at java.util.concurrent.locks.LockSupport.parkNanos(LockSupport.java:215)
        at java.util.concurrent.locks.AbstractQueuedSynchronizer$ConditionObject.awaitNanos(AbstractQueuedSynchronizer.java:2078)
        at java.util.concurrent.LinkedBlockingQueue.poll(LinkedBlockingQueue.java:467)
        at org.apache.hadoop.ipc.CallQueueManager.take(CallQueueManager.java:317)
        at org.apache.hadoop.ipc.Server$Handler.run(Server.java:3014)
"pool-715-thread-1" daemon prio=5 tid=2681 timed_waiting
java.lang.Thread.State: TIMED_WAITING
        at sun.misc.Unsafe.park(Native Method)
        at java.util.concurrent.locks.LockSupport.parkNanos(LockSupport.java:215)
        at java.util.concurrent.locks.AbstractQueuedSynchronizer$ConditionObject.awaitNanos(AbstractQueuedSynchronizer.java:2078)
        at java.util.concurrent.ScheduledThreadPoolExecutor$DelayedWorkQueue.take(ScheduledThreadPoolExecutor.java:1093)
        at java.util.concurrent.ScheduledThreadPoolExecutor$DelayedWorkQueue.take(ScheduledThreadPoolExecutor.java:809)
        at java.util.concurrent.ThreadPoolExecutor.getTask(ThreadPoolExecutor.java:1074)
        at java.util.concurrent.ThreadPoolExecutor.runWorker(ThreadPoolExecutor.java:1134)
        at java.util.concurrent.ThreadPoolExecutor$Worker.run(ThreadPoolExecutor.java:624)
        at java.lang.Thread.run(Thread.java:750)
"IPC Server handler 11 on default port 15161" daemon prio=5 tid=2449 timed_waiting
java.lang.Thread.State: TIMED_WAITING
        at sun.misc.Unsafe.park(Native Method)
        at java.util.concurrent.locks.LockSupport.parkNanos(LockSupport.java:215)
        at java.util.concurrent.locks.AbstractQueuedSynchronizer$ConditionObject.awaitNanos(AbstractQueuedSynchronizer.java:2078)
        at java.util.concurrent.LinkedBlockingQueue.poll(LinkedBlockingQueue.java:467)
        at org.apache.hadoop.ipc.CallQueueManager.take(CallQueueManager.java:317)
        at org.apache.hadoop.ipc.Server$Handler.run(Server.java:3014)
"PipelineCommandHandlerThread-0"  prio=5 tid=2761 in Object.wait()
java.lang.Thread.State: WAITING (on object monitor)
        at sun.misc.Unsafe.park(Native Method)
        at java.util.concurrent.locks.LockSupport.park(LockSupport.java:175)
        at java.util.concurrent.locks.AbstractQueuedSynchronizer$ConditionObject.await(AbstractQueuedSynchronizer.java:2039)
        at java.util.concurrent.LinkedBlockingQueue.take(LinkedBlockingQueue.java:442)
        at java.util.concurrent.ThreadPoolExecutor.getTask(ThreadPoolExecutor.java:1074)
        at java.util.concurrent.ThreadPoolExecutor.runWorker(ThreadPoolExecutor.java:1134)
        at java.util.concurrent.ThreadPoolExecutor$Worker.run(ThreadPoolExecutor.java:624)
        at java.lang.Thread.run(Thread.java:750)
"OM StateMachine ApplyTransaction Thread - 0" daemon prio=5 tid=2884 in Object.wait()
java.lang.Thread.State: WAITING (on object monitor)
        at sun.misc.Unsafe.park(Native Method)
        at java.util.concurrent.locks.LockSupport.park(LockSupport.java:175)
        at java.util.concurrent.locks.AbstractQueuedSynchronizer$ConditionObject.await(AbstractQueuedSynchronizer.java:2039)
        at java.util.concurrent.LinkedBlockingQueue.take(LinkedBlockingQueue.java:442)
        at java.util.concurrent.ThreadPoolExecutor.getTask(ThreadPoolExecutor.java:1074)
        at java.util.concurrent.ThreadPoolExecutor.runWorker(ThreadPoolExecutor.java:1134)
        at java.util.concurrent.ThreadPoolExecutor$Worker.run(ThreadPoolExecutor.java:624)
        at java.lang.Thread.run(Thread.java:750)
"IPC Server listener on 15163" daemon prio=5 tid=2482 runnable
java.lang.Thread.State: RUNNABLE
        at sun.nio.ch.EPollArrayWrapper.epollWait(Native Method)
        at sun.nio.ch.EPollArrayWrapper.poll(EPollArrayWrapper.java:269)
        at sun.nio.ch.EPollSelectorImpl.doSelect(EPollSelectorImpl.java:93)
        at sun.nio.ch.SelectorImpl.lockAndDoSelect(SelectorImpl.java:86)
        at sun.nio.ch.SelectorImpl.select(SelectorImpl.java:97)
        at sun.nio.ch.SelectorImpl.select(SelectorImpl.java:101)
        at org.apache.hadoop.ipc.Server$Listener.run(Server.java:1408)
"Datanode State Machine Daemon Thread" daemon prio=5 tid=2549 timed_waiting
java.lang.Thread.State: TIMED_WAITING
        at java.lang.Thread.sleep(Native Method)
        at org.apache.hadoop.ozone.container.common.statemachine.DatanodeStateMachine.startStateMachineThread(DatanodeStateMachine.java:352)
        at org.apache.hadoop.ozone.container.common.statemachine.DatanodeStateMachine.lambda$startDaemon$0(DatanodeStateMachine.java:539)
        at org.apache.hadoop.ozone.container.common.statemachine.DatanodeStateMachine$$Lambda$915/1106634552.run(Unknown Source)
        at java.lang.Thread.run(Thread.java:750)
"PartialTableCache Cleanup Thread - 0" daemon prio=5 tid=2106 in Object.wait()
java.lang.Thread.State: WAITING (on object monitor)
        at sun.misc.Unsafe.park(Native Method)
        at java.util.concurrent.locks.LockSupport.park(LockSupport.java:175)
        at java.util.concurrent.locks.AbstractQueuedSynchronizer$ConditionObject.await(AbstractQueuedSynchronizer.java:2039)
        at java.util.concurrent.LinkedBlockingQueue.take(LinkedBlockingQueue.java:442)
        at java.util.concurrent.ThreadPoolExecutor.getTask(ThreadPoolExecutor.java:1074)
        at java.util.concurrent.ThreadPoolExecutor.runWorker(ThreadPoolExecutor.java:1134)
        at java.util.concurrent.ThreadPoolExecutor$Worker.run(ThreadPoolExecutor.java:624)
        at java.lang.Thread.run(Thread.java:750)
"IPC Server handler 12 on default port 15159" daemon prio=5 tid=2410 timed_waiting
java.lang.Thread.State: TIMED_WAITING
        at sun.misc.Unsafe.park(Native Method)
        at java.util.concurrent.locks.LockSupport.parkNanos(LockSupport.java:215)
        at java.util.concurrent.locks.AbstractQueuedSynchronizer$ConditionObject.awaitNanos(AbstractQueuedSynchronizer.java:2078)
        at java.util.concurrent.LinkedBlockingQueue.poll(LinkedBlockingQueue.java:467)
        at org.apache.hadoop.ipc.CallQueueManager.take(CallQueueManager.java:317)
        at org.apache.hadoop.ipc.Server$Handler.run(Server.java:3014)
"qtp961679561-2541" daemon prio=5 tid=2541 timed_waiting
java.lang.Thread.State: TIMED_WAITING
        at sun.misc.Unsafe.park(Native Method)
        at java.util.concurrent.locks.LockSupport.parkNanos(LockSupport.java:215)
        at java.util.concurrent.locks.AbstractQueuedSynchronizer$ConditionObject.awaitNanos(AbstractQueuedSynchronizer.java:2078)
        at org.eclipse.jetty.util.BlockingArrayQueue.poll(BlockingArrayQueue.java:382)
        at org.eclipse.jetty.util.thread.QueuedThreadPool$Runner.idleJobPoll(QueuedThreadPool.java:974)
        at org.eclipse.jetty.util.thread.QueuedThreadPool$Runner.run(QueuedThreadPool.java:1018)
        at java.lang.Thread.run(Thread.java:750)
"IPC Server handler 11 on default port 15163" daemon prio=5 tid=2519 timed_waiting
java.lang.Thread.State: TIMED_WAITING
        at sun.misc.Unsafe.park(Native Method)
        at java.util.concurrent.locks.LockSupport.parkNanos(LockSupport.java:215)
        at java.util.concurrent.locks.AbstractQueuedSynchronizer$ConditionObject.awaitNanos(AbstractQueuedSynchronizer.java:2078)
        at java.util.concurrent.LinkedBlockingQueue.poll(LinkedBlockingQueue.java:467)
        at org.apache.hadoop.ipc.CallQueueManager.take(CallQueueManager.java:317)
        at org.apache.hadoop.ipc.Server$Handler.run(Server.java:3014)
"Datanode ReportManager Thread - 1" daemon prio=5 tid=2551 timed_waiting
java.lang.Thread.State: TIMED_WAITING
        at sun.misc.Unsafe.park(Native Method)
        at java.util.concurrent.locks.LockSupport.parkNanos(LockSupport.java:215)
        at java.util.concurrent.locks.AbstractQueuedSynchronizer$ConditionObject.awaitNanos(AbstractQueuedSynchronizer.java:2078)
        at java.util.concurrent.ScheduledThreadPoolExecutor$DelayedWorkQueue.take(ScheduledThreadPoolExecutor.java:1093)
        at java.util.concurrent.ScheduledThreadPoolExecutor$DelayedWorkQueue.take(ScheduledThreadPoolExecutor.java:809)
        at java.util.concurrent.ThreadPoolExecutor.getTask(ThreadPoolExecutor.java:1074)
        at java.util.concurrent.ThreadPoolExecutor.runWorker(ThreadPoolExecutor.java:1134)
        at java.util.concurrent.ThreadPoolExecutor$Worker.run(ThreadPoolExecutor.java:624)
        at java.lang.Thread.run(Thread.java:750)
"DataNode DiskChecker thread 0" daemon prio=5 tid=2725 timed_waiting
java.lang.Thread.State: TIMED_WAITING
        at sun.misc.Unsafe.park(Native Method)
        at java.util.concurrent.locks.LockSupport.parkNanos(LockSupport.java:215)
        at java.util.concurrent.SynchronousQueue$TransferStack.awaitFulfill(SynchronousQueue.java:460)
        at java.util.concurrent.SynchronousQueue$TransferStack.transfer(SynchronousQueue.java:362)
        at java.util.concurrent.SynchronousQueue.poll(SynchronousQueue.java:941)
        at java.util.concurrent.ThreadPoolExecutor.getTask(ThreadPoolExecutor.java:1073)
        at java.util.concurrent.ThreadPoolExecutor.runWorker(ThreadPoolExecutor.java:1134)
        at java.util.concurrent.ThreadPoolExecutor$Worker.run(ThreadPoolExecutor.java:624)
        at java.lang.Thread.run(Thread.java:750)
"Finalizer" daemon prio=8 tid=3 in Object.wait()
java.lang.Thread.State: WAITING (on object monitor)
        at java.lang.Object.wait(Native Method)
        at java.lang.ref.ReferenceQueue.remove(ReferenceQueue.java:144)
        at java.lang.ref.ReferenceQueue.remove(ReferenceQueue.java:165)
        at java.lang.ref.Finalizer$FinalizerThread.run(Finalizer.java:188)
"qtp929075133-2653-acceptor-0@2ffc3a61-ServerConnector@6b18e2fa{HTTP/1.1, (http/1.1)}{0.0.0.0:15204}" daemon prio=3 tid=2653 runnable
java.lang.Thread.State: RUNNABLE
        at sun.nio.ch.ServerSocketChannelImpl.accept0(Native Method)
        at sun.nio.ch.ServerSocketChannelImpl.accept(ServerSocketChannelImpl.java:421)
        at sun.nio.ch.ServerSocketChannelImpl.accept(ServerSocketChannelImpl.java:249)
        at org.eclipse.jetty.server.ServerConnector.accept(ServerConnector.java:388)
        at org.eclipse.jetty.server.AbstractConnector$Acceptor.run(AbstractConnector.java:704)
        at org.eclipse.jetty.util.thread.QueuedThreadPool.runJob(QueuedThreadPool.java:883)
        at org.eclipse.jetty.util.thread.QueuedThreadPool$Runner.run(QueuedThreadPool.java:1034)
        at java.lang.Thread.run(Thread.java:750)
"IPC Server handler 19 on default port 15160" daemon prio=5 tid=2437 timed_waiting
java.lang.Thread.State: TIMED_WAITING
        at sun.misc.Unsafe.park(Native Method)
        at java.util.concurrent.locks.LockSupport.parkNanos(LockSupport.java:215)
        at java.util.concurrent.locks.AbstractQueuedSynchronizer$ConditionObject.awaitNanos(AbstractQueuedSynchronizer.java:2078)
        at java.util.concurrent.LinkedBlockingQueue.poll(LinkedBlockingQueue.java:467)
        at org.apache.hadoop.ipc.CallQueueManager.take(CallQueueManager.java:317)
        at org.apache.hadoop.ipc.Server$Handler.run(Server.java:3014)
"IPC Server handler 16 on default port 15160" daemon prio=5 tid=2434 timed_waiting
java.lang.Thread.State: TIMED_WAITING
        at sun.misc.Unsafe.park(Native Method)
        at java.util.concurrent.locks.LockSupport.parkNanos(LockSupport.java:215)
        at java.util.concurrent.locks.AbstractQueuedSynchronizer$ConditionObject.awaitNanos(AbstractQueuedSynchronizer.java:2078)
        at java.util.concurrent.LinkedBlockingQueue.poll(LinkedBlockingQueue.java:467)
        at org.apache.hadoop.ipc.CallQueueManager.take(CallQueueManager.java:317)
        at org.apache.hadoop.ipc.Server$Handler.run(Server.java:3014)
"qtp90574308-2627" daemon prio=5 tid=2627 timed_waiting
java.lang.Thread.State: TIMED_WAITING
        at sun.misc.Unsafe.park(Native Method)
        at java.util.concurrent.locks.LockSupport.parkNanos(LockSupport.java:215)
        at java.util.concurrent.locks.AbstractQueuedSynchronizer$ConditionObject.awaitNanos(AbstractQueuedSynchronizer.java:2078)
        at org.eclipse.jetty.util.BlockingArrayQueue.poll(BlockingArrayQueue.java:382)
        at org.eclipse.jetty.util.thread.QueuedThreadPool$Runner.idleJobPoll(QueuedThreadPool.java:974)
        at org.eclipse.jetty.util.thread.QueuedThreadPool$Runner.run(QueuedThreadPool.java:1018)
        at java.lang.Thread.run(Thread.java:750)
"qtp1839204938-2595" daemon prio=5 tid=2595 timed_waiting
java.lang.Thread.State: TIMED_WAITING
        at sun.misc.Unsafe.park(Native Method)
        at java.util.concurrent.locks.LockSupport.parkNanos(LockSupport.java:215)
        at java.util.concurrent.locks.AbstractQueuedSynchronizer$ConditionObject.awaitNanos(AbstractQueuedSynchronizer.java:2078)
        at org.eclipse.jetty.util.BlockingArrayQueue.poll(BlockingArrayQueue.java:382)
        at org.eclipse.jetty.util.thread.QueuedThreadPool$Runner.idleJobPoll(QueuedThreadPool.java:974)
        at org.eclipse.jetty.util.thread.QueuedThreadPool$Runner.run(QueuedThreadPool.java:1018)
        at java.lang.Thread.run(Thread.java:750)
"ChunkWriter-0-0" daemon prio=5 tid=2712 in Object.wait()
java.lang.Thread.State: WAITING (on object monitor)
        at sun.misc.Unsafe.park(Native Method)
        at java.util.concurrent.locks.LockSupport.park(LockSupport.java:175)
        at java.util.concurrent.locks.AbstractQueuedSynchronizer$ConditionObject.await(AbstractQueuedSynchronizer.java:2039)
        at java.util.concurrent.LinkedBlockingDeque.takeFirst(LinkedBlockingDeque.java:492)
        at java.util.concurrent.LinkedBlockingDeque.take(LinkedBlockingDeque.java:680)
        at java.util.concurrent.ThreadPoolExecutor.getTask(ThreadPoolExecutor.java:1074)
        at java.util.concurrent.ThreadPoolExecutor.runWorker(ThreadPoolExecutor.java:1134)
        at java.util.concurrent.ThreadPoolExecutor$Worker.run(ThreadPoolExecutor.java:624)
        at java.lang.Thread.run(Thread.java:750)
"IPC Server handler 3 on default port 15159" daemon prio=5 tid=2401 timed_waiting
java.lang.Thread.State: TIMED_WAITING
        at sun.misc.Unsafe.park(Native Method)
        at java.util.concurrent.locks.LockSupport.parkNanos(LockSupport.java:215)
        at java.util.concurrent.locks.AbstractQueuedSynchronizer$ConditionObject.awaitNanos(AbstractQueuedSynchronizer.java:2078)
        at java.util.concurrent.LinkedBlockingQueue.poll(LinkedBlockingQueue.java:467)
        at org.apache.hadoop.ipc.CallQueueManager.take(CallQueueManager.java:317)
        at org.apache.hadoop.ipc.Server$Handler.run(Server.java:3014)
"timer7" daemon prio=5 tid=550 timed_waiting
java.lang.Thread.State: TIMED_WAITING
        at java.lang.Object.wait(Native Method)
        at java.util.TimerThread.mainLoop(Timer.java:552)
        at java.util.TimerThread.run(Timer.java:505)
"6a511105-798d-4035-a071-a904e0472807@group-2D44117002FF-LeaderStateImpl" daemon prio=5 tid=2834 timed_waiting
java.lang.Thread.State: TIMED_WAITING
        at sun.misc.Unsafe.park(Native Method)
        at java.util.concurrent.locks.LockSupport.parkNanos(LockSupport.java:215)
        at java.util.concurrent.locks.AbstractQueuedSynchronizer$ConditionObject.awaitNanos(AbstractQueuedSynchronizer.java:2078)
        at java.util.concurrent.ArrayBlockingQueue.poll(ArrayBlockingQueue.java:418)
        at org.apache.ratis.server.impl.LeaderStateImpl$EventQueue.poll(LeaderStateImpl.java:164)
        at org.apache.ratis.server.impl.LeaderStateImpl$EventProcessor.run(LeaderStateImpl.java:702)
"org.apache.hadoop.ozone.container.common.statemachine.commandhandler.DeleteBlocksCommandHandler$DeleteCmdWorker@18f69a7" daemon prio=5 tid=2590 timed_waiting
java.lang.Thread.State: TIMED_WAITING
        at java.lang.Thread.sleep(Native Method)
        at org.apache.hadoop.ozone.container.common.statemachine.commandhandler.DeleteBlocksCommandHandler$DeleteCmdWorker.run(DeleteBlocksCommandHandler.java:198)
        at java.lang.Thread.run(Thread.java:750)
"Timer-3" daemon prio=5 tid=2492 timed_waiting
java.lang.Thread.State: TIMED_WAITING
        at java.lang.Object.wait(Native Method)
        at java.util.TimerThread.mainLoop(Timer.java:552)
        at java.util.TimerThread.run(Timer.java:505)
"ChunkWriter-3-0" daemon prio=5 tid=2731 in Object.wait()
java.lang.Thread.State: WAITING (on object monitor)
        at sun.misc.Unsafe.park(Native Method)
        at java.util.concurrent.locks.LockSupport.park(LockSupport.java:175)
        at java.util.concurrent.locks.AbstractQueuedSynchronizer$ConditionObject.await(AbstractQueuedSynchronizer.java:2039)
        at java.util.concurrent.LinkedBlockingDeque.takeFirst(LinkedBlockingDeque.java:492)
        at java.util.concurrent.LinkedBlockingDeque.take(LinkedBlockingDeque.java:680)
        at java.util.concurrent.ThreadPoolExecutor.getTask(ThreadPoolExecutor.java:1074)
        at java.util.concurrent.ThreadPoolExecutor.runWorker(ThreadPoolExecutor.java:1134)
        at java.util.concurrent.ThreadPoolExecutor$Worker.run(ThreadPoolExecutor.java:624)
        at java.lang.Thread.run(Thread.java:750)
"Datanode ReportManager Thread - 0" daemon prio=5 tid=2639 in Object.wait()
java.lang.Thread.State: WAITING (on object monitor)
        at sun.misc.Unsafe.park(Native Method)
        at java.util.concurrent.locks.LockSupport.park(LockSupport.java:175)
        at java.util.concurrent.locks.AbstractQueuedSynchronizer$ConditionObject.await(AbstractQueuedSynchronizer.java:2039)
        at java.util.concurrent.ScheduledThreadPoolExecutor$DelayedWorkQueue.take(ScheduledThreadPoolExecutor.java:1088)
        at java.util.concurrent.ScheduledThreadPoolExecutor$DelayedWorkQueue.take(ScheduledThreadPoolExecutor.java:809)
        at java.util.concurrent.ThreadPoolExecutor.getTask(ThreadPoolExecutor.java:1074)
        at java.util.concurrent.ThreadPoolExecutor.runWorker(ThreadPoolExecutor.java:1134)
        at java.util.concurrent.ThreadPoolExecutor$Worker.run(ThreadPoolExecutor.java:624)
        at java.lang.Thread.run(Thread.java:750)
"ChunkWriter-0-0" daemon prio=5 tid=2743 in Object.wait()
java.lang.Thread.State: WAITING (on object monitor)
        at sun.misc.Unsafe.park(Native Method)
        at java.util.concurrent.locks.LockSupport.park(LockSupport.java:175)
        at java.util.concurrent.locks.AbstractQueuedSynchronizer$ConditionObject.await(AbstractQueuedSynchronizer.java:2039)
        at java.util.concurrent.LinkedBlockingDeque.takeFirst(LinkedBlockingDeque.java:492)
        at java.util.concurrent.LinkedBlockingDeque.take(LinkedBlockingDeque.java:680)
        at java.util.concurrent.ThreadPoolExecutor.getTask(ThreadPoolExecutor.java:1074)
        at java.util.concurrent.ThreadPoolExecutor.runWorker(ThreadPoolExecutor.java:1134)
        at java.util.concurrent.ThreadPoolExecutor$Worker.run(ThreadPoolExecutor.java:624)
        at java.lang.Thread.run(Thread.java:750)
"IPC Server handler 16 on default port 15161" daemon prio=5 tid=2454 timed_waiting
java.lang.Thread.State: TIMED_WAITING
        at sun.misc.Unsafe.park(Native Method)
        at java.util.concurrent.locks.LockSupport.parkNanos(LockSupport.java:215)
        at java.util.concurrent.locks.AbstractQueuedSynchronizer$ConditionObject.awaitNanos(AbstractQueuedSynchronizer.java:2078)
        at java.util.concurrent.LinkedBlockingQueue.poll(LinkedBlockingQueue.java:467)
        at org.apache.hadoop.ipc.CallQueueManager.take(CallQueueManager.java:317)
        at org.apache.hadoop.ipc.Server$Handler.run(Server.java:3014)
"ExpiredContainerReplicaOpScrubberThread" daemon prio=5 tid=2366 timed_waiting
java.lang.Thread.State: TIMED_WAITING
        at java.lang.Object.wait(Native Method)
        at org.apache.hadoop.hdds.scm.ha.BackgroundSCMService.run(BackgroundSCMService.java:110)
        at org.apache.hadoop.hdds.scm.ha.BackgroundSCMService$$Lambda$370/1385691692.run(Unknown Source)
        at java.lang.Thread.run(Thread.java:750)
"Session-HouseKeeper-361829f-1"  prio=5 tid=2507 timed_waiting
java.lang.Thread.State: TIMED_WAITING
        at sun.misc.Unsafe.park(Native Method)
        at java.util.concurrent.locks.LockSupport.parkNanos(LockSupport.java:215)
        at java.util.concurrent.locks.AbstractQueuedSynchronizer$ConditionObject.awaitNanos(AbstractQueuedSynchronizer.java:2078)
        at java.util.concurrent.ScheduledThreadPoolExecutor$DelayedWorkQueue.take(ScheduledThreadPoolExecutor.java:1093)
        at java.util.concurrent.ScheduledThreadPoolExecutor$DelayedWorkQueue.take(ScheduledThreadPoolExecutor.java:809)
        at java.util.concurrent.ThreadPoolExecutor.getTask(ThreadPoolExecutor.java:1074)
        at java.util.concurrent.ThreadPoolExecutor.runWorker(ThreadPoolExecutor.java:1134)
        at java.util.concurrent.ThreadPoolExecutor$Worker.run(ThreadPoolExecutor.java:624)
        at java.lang.Thread.run(Thread.java:750)
"IPC Server handler 2 on default port 15159" daemon prio=5 tid=2400 timed_waiting
java.lang.Thread.State: TIMED_WAITING
        at sun.misc.Unsafe.park(Native Method)
        at java.util.concurrent.locks.LockSupport.parkNanos(LockSupport.java:215)
        at java.util.concurrent.locks.AbstractQueuedSynchronizer$ConditionObject.awaitNanos(AbstractQueuedSynchronizer.java:2078)
        at java.util.concurrent.LinkedBlockingQueue.poll(LinkedBlockingQueue.java:467)
        at org.apache.hadoop.ipc.CallQueueManager.take(CallQueueManager.java:317)
        at org.apache.hadoop.ipc.Server$Handler.run(Server.java:3014)
"PartialTableCache Cleanup Thread - 0" daemon prio=5 tid=2902 in Object.wait()
java.lang.Thread.State: WAITING (on object monitor)
        at sun.misc.Unsafe.park(Native Method)
        at java.util.concurrent.locks.LockSupport.park(LockSupport.java:175)
        at java.util.concurrent.locks.AbstractQueuedSynchronizer$ConditionObject.await(AbstractQueuedSynchronizer.java:2039)
        at java.util.concurrent.LinkedBlockingQueue.take(LinkedBlockingQueue.java:442)
        at java.util.concurrent.ThreadPoolExecutor.getTask(ThreadPoolExecutor.java:1074)
        at java.util.concurrent.ThreadPoolExecutor.runWorker(ThreadPoolExecutor.java:1134)
        at java.util.concurrent.ThreadPoolExecutor$Worker.run(ThreadPoolExecutor.java:624)
        at java.lang.Thread.run(Thread.java:750)
"FullTableCache Cleanup Thread - 0" daemon prio=5 tid=568 in Object.wait()
java.lang.Thread.State: WAITING (on object monitor)
        at sun.misc.Unsafe.park(Native Method)
        at java.util.concurrent.locks.LockSupport.park(LockSupport.java:175)
        at java.util.concurrent.locks.AbstractQueuedSynchronizer$ConditionObject.await(AbstractQueuedSynchronizer.java:2039)
        at java.util.concurrent.LinkedBlockingQueue.take(LinkedBlockingQueue.java:442)
        at java.util.concurrent.ThreadPoolExecutor.getTask(ThreadPoolExecutor.java:1074)
        at java.util.concurrent.ThreadPoolExecutor.runWorker(ThreadPoolExecutor.java:1134)
        at java.util.concurrent.ThreadPoolExecutor$Worker.run(ThreadPoolExecutor.java:624)
        at java.lang.Thread.run(Thread.java:750)
"org.apache.hadoop.ozone.container.common.statemachine.commandhandler.DeleteBlocksCommandHandler$DeleteCmdWorker@1ce4ec0b" daemon prio=5 tid=2621 timed_waiting
java.lang.Thread.State: TIMED_WAITING
        at java.lang.Thread.sleep(Native Method)
        at org.apache.hadoop.ozone.container.common.statemachine.commandhandler.DeleteBlocksCommandHandler$DeleteCmdWorker.run(DeleteBlocksCommandHandler.java:198)
        at java.lang.Thread.run(Thread.java:750)
"IPC Server handler 0 on default port 15159" daemon prio=5 tid=2398 timed_waiting
java.lang.Thread.State: TIMED_WAITING
        at sun.misc.Unsafe.park(Native Method)
        at java.util.concurrent.locks.LockSupport.parkNanos(LockSupport.java:215)
        at java.util.concurrent.locks.AbstractQueuedSynchronizer$ConditionObject.awaitNanos(AbstractQueuedSynchronizer.java:2078)
        at java.util.concurrent.LinkedBlockingQueue.poll(LinkedBlockingQueue.java:467)
        at org.apache.hadoop.ipc.CallQueueManager.take(CallQueueManager.java:317)
        at org.apache.hadoop.ipc.Server$Handler.run(Server.java:3014)
"grpc-default-executor-5" daemon prio=5 tid=2861 timed_waiting
java.lang.Thread.State: TIMED_WAITING
        at sun.misc.Unsafe.park(Native Method)
        at java.util.concurrent.locks.LockSupport.parkNanos(LockSupport.java:215)
        at java.util.concurrent.SynchronousQueue$TransferStack.awaitFulfill(SynchronousQueue.java:460)
        at java.util.concurrent.SynchronousQueue$TransferStack.transfer(SynchronousQueue.java:362)
        at java.util.concurrent.SynchronousQueue.poll(SynchronousQueue.java:941)
        at java.util.concurrent.ThreadPoolExecutor.getTask(ThreadPoolExecutor.java:1073)
        at java.util.concurrent.ThreadPoolExecutor.runWorker(ThreadPoolExecutor.java:1134)
        at java.util.concurrent.ThreadPoolExecutor$Worker.run(ThreadPoolExecutor.java:624)
        at java.lang.Thread.run(Thread.java:750)
"ChunkWriter-2-0" daemon prio=5 tid=2730 in Object.wait()
java.lang.Thread.State: WAITING (on object monitor)
        at sun.misc.Unsafe.park(Native Method)
        at java.util.concurrent.locks.LockSupport.park(LockSupport.java:175)
        at java.util.concurrent.locks.AbstractQueuedSynchronizer$ConditionObject.await(AbstractQueuedSynchronizer.java:2039)
        at java.util.concurrent.LinkedBlockingDeque.takeFirst(LinkedBlockingDeque.java:492)
        at java.util.concurrent.LinkedBlockingDeque.take(LinkedBlockingDeque.java:680)
        at java.util.concurrent.ThreadPoolExecutor.getTask(ThreadPoolExecutor.java:1074)
        at java.util.concurrent.ThreadPoolExecutor.runWorker(ThreadPoolExecutor.java:1134)
        at java.util.concurrent.ThreadPoolExecutor$Worker.run(ThreadPoolExecutor.java:624)
        at java.lang.Thread.run(Thread.java:750)
"Datanode ReportManager Thread - 1" daemon prio=5 tid=2669 in Object.wait()
java.lang.Thread.State: WAITING (on object monitor)
        at sun.misc.Unsafe.park(Native Method)
        at java.util.concurrent.locks.LockSupport.park(LockSupport.java:175)
        at java.util.concurrent.locks.AbstractQueuedSynchronizer$ConditionObject.await(AbstractQueuedSynchronizer.java:2039)
        at java.util.concurrent.ScheduledThreadPoolExecutor$DelayedWorkQueue.take(ScheduledThreadPoolExecutor.java:1088)
        at java.util.concurrent.ScheduledThreadPoolExecutor$DelayedWorkQueue.take(ScheduledThreadPoolExecutor.java:809)
        at java.util.concurrent.ThreadPoolExecutor.getTask(ThreadPoolExecutor.java:1074)
        at java.util.concurrent.ThreadPoolExecutor.runWorker(ThreadPoolExecutor.java:1134)
        at java.util.concurrent.ThreadPoolExecutor$Worker.run(ThreadPoolExecutor.java:624)
        at java.lang.Thread.run(Thread.java:750)
"qtp929075133-2655" daemon prio=5 tid=2655 timed_waiting
java.lang.Thread.State: TIMED_WAITING
        at sun.misc.Unsafe.park(Native Method)
        at java.util.concurrent.locks.LockSupport.parkNanos(LockSupport.java:215)
        at java.util.concurrent.locks.AbstractQueuedSynchronizer$ConditionObject.awaitNanos(AbstractQueuedSynchronizer.java:2078)
        at org.eclipse.jetty.util.BlockingArrayQueue.poll(BlockingArrayQueue.java:382)
        at org.eclipse.jetty.util.thread.QueuedThreadPool$Runner.idleJobPoll(QueuedThreadPool.java:974)
        at org.eclipse.jetty.util.thread.QueuedThreadPool$Runner.run(QueuedThreadPool.java:1018)
        at java.lang.Thread.run(Thread.java:750)
"pool-731-thread-1"  prio=5 tid=2533 timed_waiting
java.lang.Thread.State: TIMED_WAITING
        at sun.misc.Unsafe.park(Native Method)
        at java.util.concurrent.locks.LockSupport.parkNanos(LockSupport.java:215)
        at java.util.concurrent.locks.AbstractQueuedSynchronizer$ConditionObject.awaitNanos(AbstractQueuedSynchronizer.java:2078)
        at java.util.concurrent.ScheduledThreadPoolExecutor$DelayedWorkQueue.take(ScheduledThreadPoolExecutor.java:1093)
        at java.util.concurrent.ScheduledThreadPoolExecutor$DelayedWorkQueue.take(ScheduledThreadPoolExecutor.java:809)
        at java.util.concurrent.ThreadPoolExecutor.getTask(ThreadPoolExecutor.java:1074)
        at java.util.concurrent.ThreadPoolExecutor.runWorker(ThreadPoolExecutor.java:1134)
        at java.util.concurrent.ThreadPoolExecutor$Worker.run(ThreadPoolExecutor.java:624)
        at java.lang.Thread.run(Thread.java:750)
"FullTableCache Cleanup Thread - 0" daemon prio=5 tid=2885 in Object.wait()
java.lang.Thread.State: WAITING (on object monitor)
        at sun.misc.Unsafe.park(Native Method)
        at java.util.concurrent.locks.LockSupport.park(LockSupport.java:175)
        at java.util.concurrent.locks.AbstractQueuedSynchronizer$ConditionObject.await(AbstractQueuedSynchronizer.java:2039)
        at java.util.concurrent.LinkedBlockingQueue.take(LinkedBlockingQueue.java:442)
        at java.util.concurrent.ThreadPoolExecutor.getTask(ThreadPoolExecutor.java:1074)
        at java.util.concurrent.ThreadPoolExecutor.runWorker(ThreadPoolExecutor.java:1134)
        at java.util.concurrent.ThreadPoolExecutor$Worker.run(ThreadPoolExecutor.java:624)
        at java.lang.Thread.run(Thread.java:750)
"Hadoop-Metrics-Updater-0" daemon prio=5 tid=2636 timed_waiting
java.lang.Thread.State: TIMED_WAITING
        at sun.misc.Unsafe.park(Native Method)
        at java.util.concurrent.locks.LockSupport.parkNanos(LockSupport.java:215)
        at java.util.concurrent.locks.AbstractQueuedSynchronizer$ConditionObject.awaitNanos(AbstractQueuedSynchronizer.java:2078)
        at java.util.concurrent.ScheduledThreadPoolExecutor$DelayedWorkQueue.take(ScheduledThreadPoolExecutor.java:1093)
        at java.util.concurrent.ScheduledThreadPoolExecutor$DelayedWorkQueue.take(ScheduledThreadPoolExecutor.java:809)
        at java.util.concurrent.ThreadPoolExecutor.getTask(ThreadPoolExecutor.java:1074)
        at java.util.concurrent.ThreadPoolExecutor.runWorker(ThreadPoolExecutor.java:1134)
        at java.util.concurrent.ThreadPoolExecutor$Worker.run(ThreadPoolExecutor.java:624)
        at java.lang.Thread.run(Thread.java:750)
"SnapshotDiffCleanupService#0" daemon prio=5 tid=2476 timed_waiting
java.lang.Thread.State: TIMED_WAITING
        at sun.misc.Unsafe.park(Native Method)
        at java.util.concurrent.locks.LockSupport.parkNanos(LockSupport.java:215)
        at java.util.concurrent.locks.AbstractQueuedSynchronizer$ConditionObject.awaitNanos(AbstractQueuedSynchronizer.java:2078)
        at java.util.concurrent.ScheduledThreadPoolExecutor$DelayedWorkQueue.take(ScheduledThreadPoolExecutor.java:1093)
        at java.util.concurrent.ScheduledThreadPoolExecutor$DelayedWorkQueue.take(ScheduledThreadPoolExecutor.java:809)
        at java.util.concurrent.ThreadPoolExecutor.getTask(ThreadPoolExecutor.java:1074)
        at java.util.concurrent.ThreadPoolExecutor.runWorker(ThreadPoolExecutor.java:1134)
        at java.util.concurrent.ThreadPoolExecutor$Worker.run(ThreadPoolExecutor.java:624)
        at java.lang.Thread.run(Thread.java:750)
"pool-680-thread-1"  prio=5 tid=2461 timed_waiting
java.lang.Thread.State: TIMED_WAITING
        at sun.misc.Unsafe.park(Native Method)
        at java.util.concurrent.locks.LockSupport.parkNanos(LockSupport.java:215)
        at java.util.concurrent.locks.AbstractQueuedSynchronizer$ConditionObject.awaitNanos(AbstractQueuedSynchronizer.java:2078)
        at java.util.concurrent.ScheduledThreadPoolExecutor$DelayedWorkQueue.take(ScheduledThreadPoolExecutor.java:1093)
        at java.util.concurrent.ScheduledThreadPoolExecutor$DelayedWorkQueue.take(ScheduledThreadPoolExecutor.java:809)
        at java.util.concurrent.ThreadPoolExecutor.getTask(ThreadPoolExecutor.java:1074)
        at java.util.concurrent.ThreadPoolExecutor.runWorker(ThreadPoolExecutor.java:1134)
        at java.util.concurrent.ThreadPoolExecutor$Worker.run(ThreadPoolExecutor.java:624)
        at java.lang.Thread.run(Thread.java:750)
"Datanode ReportManager Thread - 3" daemon prio=5 tid=2553 in Object.wait()
java.lang.Thread.State: WAITING (on object monitor)
        at sun.misc.Unsafe.park(Native Method)
        at java.util.concurrent.locks.LockSupport.park(LockSupport.java:175)
        at java.util.concurrent.locks.AbstractQueuedSynchronizer$ConditionObject.await(AbstractQueuedSynchronizer.java:2039)
        at java.util.concurrent.ScheduledThreadPoolExecutor$DelayedWorkQueue.take(ScheduledThreadPoolExecutor.java:1088)
        at java.util.concurrent.ScheduledThreadPoolExecutor$DelayedWorkQueue.take(ScheduledThreadPoolExecutor.java:809)
        at java.util.concurrent.ThreadPoolExecutor.getTask(ThreadPoolExecutor.java:1074)
        at java.util.concurrent.ThreadPoolExecutor.runWorker(ThreadPoolExecutor.java:1134)
        at java.util.concurrent.ThreadPoolExecutor$Worker.run(ThreadPoolExecutor.java:624)
        at java.lang.Thread.run(Thread.java:750)
"Datanode ReportManager Thread - 4" daemon prio=5 tid=2614 in Object.wait()
java.lang.Thread.State: WAITING (on object monitor)
        at sun.misc.Unsafe.park(Native Method)
        at java.util.concurrent.locks.LockSupport.park(LockSupport.java:175)
        at java.util.concurrent.locks.AbstractQueuedSynchronizer$ConditionObject.await(AbstractQueuedSynchronizer.java:2039)
        at java.util.concurrent.ScheduledThreadPoolExecutor$DelayedWorkQueue.take(ScheduledThreadPoolExecutor.java:1088)
        at java.util.concurrent.ScheduledThreadPoolExecutor$DelayedWorkQueue.take(ScheduledThreadPoolExecutor.java:809)
        at java.util.concurrent.ThreadPoolExecutor.getTask(ThreadPoolExecutor.java:1074)
        at java.util.concurrent.ThreadPoolExecutor.runWorker(ThreadPoolExecutor.java:1134)
        at java.util.concurrent.ThreadPoolExecutor$Worker.run(ThreadPoolExecutor.java:624)
        at java.lang.Thread.run(Thread.java:750)
"qtp929075133-2658" daemon prio=5 tid=2658 timed_waiting
java.lang.Thread.State: TIMED_WAITING
        at sun.misc.Unsafe.park(Native Method)
        at java.util.concurrent.locks.LockSupport.parkNanos(LockSupport.java:215)
        at java.util.concurrent.locks.AbstractQueuedSynchronizer$ConditionObject.awaitNanos(AbstractQueuedSynchronizer.java:2078)
        at org.eclipse.jetty.util.BlockingArrayQueue.poll(BlockingArrayQueue.java:382)
        at org.eclipse.jetty.util.thread.QueuedThreadPool$Runner.idleJobPoll(QueuedThreadPool.java:974)
        at org.eclipse.jetty.util.thread.QueuedThreadPool$Runner.run(QueuedThreadPool.java:1018)
        at java.lang.Thread.run(Thread.java:750)
"qtp1198768798-2468" daemon prio=5 tid=2468 timed_waiting
java.lang.Thread.State: TIMED_WAITING
        at sun.misc.Unsafe.park(Native Method)
        at java.util.concurrent.locks.LockSupport.parkNanos(LockSupport.java:215)
        at java.util.concurrent.locks.AbstractQueuedSynchronizer$ConditionObject.awaitNanos(AbstractQueuedSynchronizer.java:2078)
        at org.eclipse.jetty.util.BlockingArrayQueue.poll(BlockingArrayQueue.java:382)
        at org.eclipse.jetty.util.thread.QueuedThreadPool$Runner.idleJobPoll(QueuedThreadPool.java:974)
        at org.eclipse.jetty.util.thread.QueuedThreadPool$Runner.run(QueuedThreadPool.java:1018)
        at java.lang.Thread.run(Thread.java:750)
"qtp1839204938-2599" daemon prio=5 tid=2599 timed_waiting
java.lang.Thread.State: TIMED_WAITING
        at sun.misc.Unsafe.park(Native Method)
        at java.util.concurrent.locks.LockSupport.parkNanos(LockSupport.java:215)
        at java.util.concurrent.locks.AbstractQueuedSynchronizer$ConditionObject.awaitNanos(AbstractQueuedSynchronizer.java:2078)
        at org.eclipse.jetty.util.BlockingArrayQueue.poll(BlockingArrayQueue.java:382)
        at org.eclipse.jetty.util.thread.QueuedThreadPool$Runner.idleJobPoll(QueuedThreadPool.java:974)
        at org.eclipse.jetty.util.thread.QueuedThreadPool$Runner.run(QueuedThreadPool.java:1018)
        at java.lang.Thread.run(Thread.java:750)
"om1-groupManagement" daemon prio=5 tid=2479 in Object.wait()
java.lang.Thread.State: WAITING (on object monitor)
        at sun.misc.Unsafe.park(Native Method)
        at java.util.concurrent.locks.LockSupport.park(LockSupport.java:175)
        at java.util.concurrent.locks.AbstractQueuedSynchronizer$ConditionObject.await(AbstractQueuedSynchronizer.java:2039)
        at java.util.concurrent.LinkedBlockingQueue.take(LinkedBlockingQueue.java:442)
        at java.util.concurrent.ThreadPoolExecutor.getTask(ThreadPoolExecutor.java:1074)
        at java.util.concurrent.ThreadPoolExecutor.runWorker(ThreadPoolExecutor.java:1134)
        at java.util.concurrent.ThreadPoolExecutor$Worker.run(ThreadPoolExecutor.java:624)
        at java.lang.Thread.run(Thread.java:750)
"pool-679-thread-1"  prio=5 tid=2907 timed_waiting
java.lang.Thread.State: TIMED_WAITING
        at sun.misc.Unsafe.park(Native Method)
        at java.util.concurrent.locks.LockSupport.parkNanos(LockSupport.java:215)
        at java.util.concurrent.SynchronousQueue$TransferStack.awaitFulfill(SynchronousQueue.java:460)
        at java.util.concurrent.SynchronousQueue$TransferStack.transfer(SynchronousQueue.java:362)
        at java.util.concurrent.SynchronousQueue.poll(SynchronousQueue.java:941)
        at java.util.concurrent.ThreadPoolExecutor.getTask(ThreadPoolExecutor.java:1073)
        at java.util.concurrent.ThreadPoolExecutor.runWorker(ThreadPoolExecutor.java:1134)
        at java.util.concurrent.ThreadPoolExecutor$Worker.run(ThreadPoolExecutor.java:624)
        at java.lang.Thread.run(Thread.java:750)
"FullTableCache Cleanup Thread - 0" daemon prio=5 tid=1317 in Object.wait()
java.lang.Thread.State: WAITING (on object monitor)
        at sun.misc.Unsafe.park(Native Method)
        at java.util.concurrent.locks.LockSupport.park(LockSupport.java:175)
        at java.util.concurrent.locks.AbstractQueuedSynchronizer$ConditionObject.await(AbstractQueuedSynchronizer.java:2039)
        at java.util.concurrent.LinkedBlockingQueue.take(LinkedBlockingQueue.java:442)
        at java.util.concurrent.ThreadPoolExecutor.getTask(ThreadPoolExecutor.java:1074)
        at java.util.concurrent.ThreadPoolExecutor.runWorker(ThreadPoolExecutor.java:1134)
        at java.util.concurrent.ThreadPoolExecutor$Worker.run(ThreadPoolExecutor.java:624)
        at java.lang.Thread.run(Thread.java:750)
"6a511105-798d-4035-a071-a904e0472807@group-2D44117002FF-StateMachineUpdater" daemon prio=5 tid=2813 timed_waiting
java.lang.Thread.State: TIMED_WAITING
        at sun.misc.Unsafe.park(Native Method)
        at java.util.concurrent.locks.LockSupport.parkNanos(LockSupport.java:215)
        at java.util.concurrent.locks.AbstractQueuedSynchronizer$ConditionObject.await(AbstractQueuedSynchronizer.java:2163)
        at org.apache.ratis.util.AwaitForSignal.await(AwaitForSignal.java:62)
        at org.apache.ratis.server.impl.StateMachineUpdater.waitForCommit(StateMachineUpdater.java:209)
        at org.apache.ratis.server.impl.StateMachineUpdater.run(StateMachineUpdater.java:178)
        at java.lang.Thread.run(Thread.java:750)
"PipelineCommandHandlerThread-0"  prio=5 tid=2819 in Object.wait()
java.lang.Thread.State: WAITING (on object monitor)
        at sun.misc.Unsafe.park(Native Method)
        at java.util.concurrent.locks.LockSupport.park(LockSupport.java:175)
        at java.util.concurrent.locks.AbstractQueuedSynchronizer$ConditionObject.await(AbstractQueuedSynchronizer.java:2039)
        at java.util.concurrent.LinkedBlockingQueue.take(LinkedBlockingQueue.java:442)
        at java.util.concurrent.ThreadPoolExecutor.getTask(ThreadPoolExecutor.java:1074)
        at java.util.concurrent.ThreadPoolExecutor.runWorker(ThreadPoolExecutor.java:1134)
        at java.util.concurrent.ThreadPoolExecutor$Worker.run(ThreadPoolExecutor.java:624)
        at java.lang.Thread.run(Thread.java:750)
"Hadoop-Metrics-Updater-0" daemon prio=5 tid=2665 timed_waiting
java.lang.Thread.State: TIMED_WAITING
        at sun.misc.Unsafe.park(Native Method)
        at java.util.concurrent.locks.LockSupport.parkNanos(LockSupport.java:215)
        at java.util.concurrent.locks.AbstractQueuedSynchronizer$ConditionObject.awaitNanos(AbstractQueuedSynchronizer.java:2078)
        at java.util.concurrent.ScheduledThreadPoolExecutor$DelayedWorkQueue.take(ScheduledThreadPoolExecutor.java:1093)
        at java.util.concurrent.ScheduledThreadPoolExecutor$DelayedWorkQueue.take(ScheduledThreadPoolExecutor.java:809)
        at java.util.concurrent.ThreadPoolExecutor.getTask(ThreadPoolExecutor.java:1074)
        at java.util.concurrent.ThreadPoolExecutor.runWorker(ThreadPoolExecutor.java:1134)
        at java.util.concurrent.ThreadPoolExecutor$Worker.run(ThreadPoolExecutor.java:624)
        at java.lang.Thread.run(Thread.java:750)
"Socket Reader #1 for port 15196" daemon prio=5 tid=2633 runnable
java.lang.Thread.State: RUNNABLE
        at sun.nio.ch.EPollArrayWrapper.epollWait(Native Method)
        at sun.nio.ch.EPollArrayWrapper.poll(EPollArrayWrapper.java:269)
        at sun.nio.ch.EPollSelectorImpl.doSelect(EPollSelectorImpl.java:93)
        at sun.nio.ch.SelectorImpl.lockAndDoSelect(SelectorImpl.java:86)
        at sun.nio.ch.SelectorImpl.select(SelectorImpl.java:97)
        at sun.nio.ch.SelectorImpl.select(SelectorImpl.java:101)
        at org.apache.hadoop.ipc.Server$Listener$Reader.doRunLoop(Server.java:1346)
        at org.apache.hadoop.ipc.Server$Listener$Reader.run(Server.java:1325)
"Under Replicated Processor" daemon prio=5 tid=2368 timed_waiting
java.lang.Thread.State: TIMED_WAITING
        at java.lang.Object.wait(Native Method)
        at org.apache.hadoop.hdds.scm.container.replication.UnhealthyReplicationProcessor.run(UnhealthyReplicationProcessor.java:174)
        at java.lang.Thread.run(Thread.java:750)
"IPC Client (776125923) connection to 0.0.0.0/0.0.0.0:15161 from runner" daemon prio=5 tid=2677 timed_waiting
java.lang.Thread.State: TIMED_WAITING
        at java.lang.Object.wait(Native Method)
        at org.apache.hadoop.ipc.Client$Connection.waitForWork(Client.java:1026)
        at org.apache.hadoop.ipc.Client$Connection.run(Client.java:1077)
"Reference Handler" daemon prio=10 tid=2 in Object.wait()
java.lang.Thread.State: WAITING (on object monitor)
        at java.lang.Object.wait(Native Method)
        at java.lang.Object.wait(Object.java:502)
        at java.lang.ref.Reference.tryHandlePending(Reference.java:191)
        at java.lang.ref.Reference$ReferenceHandler.run(Reference.java:153)
"BlockDeletingService#1" daemon prio=5 tid=2737 in Object.wait()
java.lang.Thread.State: WAITING (on object monitor)
        at sun.misc.Unsafe.park(Native Method)
        at java.util.concurrent.locks.LockSupport.park(LockSupport.java:175)
        at java.util.concurrent.locks.AbstractQueuedSynchronizer$ConditionObject.await(AbstractQueuedSynchronizer.java:2039)
        at java.util.concurrent.ScheduledThreadPoolExecutor$DelayedWorkQueue.take(ScheduledThreadPoolExecutor.java:1088)
        at java.util.concurrent.ScheduledThreadPoolExecutor$DelayedWorkQueue.take(ScheduledThreadPoolExecutor.java:809)
        at java.util.concurrent.ThreadPoolExecutor.getTask(ThreadPoolExecutor.java:1074)
        at java.util.concurrent.ThreadPoolExecutor.runWorker(ThreadPoolExecutor.java:1134)
        at java.util.concurrent.ThreadPoolExecutor$Worker.run(ThreadPoolExecutor.java:624)
        at java.lang.Thread.run(Thread.java:750)
"FixedThreadPoolWithAffinityExecutor-5-0" daemon prio=5 tid=2391 timed_waiting
java.lang.Thread.State: TIMED_WAITING
        at sun.misc.Unsafe.park(Native Method)
        at java.util.concurrent.locks.LockSupport.parkNanos(LockSupport.java:215)
        at java.util.concurrent.locks.AbstractQueuedSynchronizer$ConditionObject.awaitNanos(AbstractQueuedSynchronizer.java:2078)
        at java.util.concurrent.LinkedBlockingQueue.poll(LinkedBlockingQueue.java:467)
        at org.apache.hadoop.hdds.scm.server.ContainerReportQueue.poll(ContainerReportQueue.java:266)
        at org.apache.hadoop.hdds.scm.server.ContainerReportQueue.poll(ContainerReportQueue.java:42)
        at org.apache.hadoop.hdds.server.events.FixedThreadPoolWithAffinityExecutor$ContainerReportProcessTask.run(FixedThreadPoolWithAffinityExecutor.java:247)
        at java.util.concurrent.Executors$RunnableAdapter.call(Executors.java:511)
        at java.util.concurrent.FutureTask.run(FutureTask.java:266)
        at java.util.concurrent.ThreadPoolExecutor.runWorker(ThreadPoolExecutor.java:1149)
        at java.util.concurrent.ThreadPoolExecutor$Worker.run(ThreadPoolExecutor.java:624)
        at java.lang.Thread.run(Thread.java:750)
"Periodic HDDS volume checker" daemon prio=5 tid=2679 timed_waiting
java.lang.Thread.State: TIMED_WAITING
        at sun.misc.Unsafe.park(Native Method)
        at java.util.concurrent.locks.LockSupport.parkNanos(LockSupport.java:215)
        at java.util.concurrent.locks.AbstractQueuedSynchronizer$ConditionObject.awaitNanos(AbstractQueuedSynchronizer.java:2078)
        at java.util.concurrent.ScheduledThreadPoolExecutor$DelayedWorkQueue.take(ScheduledThreadPoolExecutor.java:1093)
        at java.util.concurrent.ScheduledThreadPoolExecutor$DelayedWorkQueue.take(ScheduledThreadPoolExecutor.java:809)
        at java.util.concurrent.ThreadPoolExecutor.getTask(ThreadPoolExecutor.java:1074)
        at java.util.concurrent.ThreadPoolExecutor.runWorker(ThreadPoolExecutor.java:1134)
        at java.util.concurrent.ThreadPoolExecutor$Worker.run(ThreadPoolExecutor.java:624)
        at java.lang.Thread.run(Thread.java:750)
"Command processor thread" daemon prio=5 tid=2555 timed_waiting
java.lang.Thread.State: TIMED_WAITING
        at java.lang.Thread.sleep(Native Method)
        at org.apache.hadoop.ozone.container.common.statemachine.DatanodeStateMachine.lambda$initCommandHandlerThread$3(DatanodeStateMachine.java:666)
        at org.apache.hadoop.ozone.container.common.statemachine.DatanodeStateMachine$$Lambda$917/732417118.run(Unknown Source)
        at java.lang.Thread.run(Thread.java:750)
"PartialTableCache Cleanup Thread - 0" daemon prio=5 tid=1321 in Object.wait()
java.lang.Thread.State: WAITING (on object monitor)
        at sun.misc.Unsafe.park(Native Method)
        at java.util.concurrent.locks.LockSupport.park(LockSupport.java:175)
        at java.util.concurrent.locks.AbstractQueuedSynchronizer$ConditionObject.await(AbstractQueuedSynchronizer.java:2039)
        at java.util.concurrent.LinkedBlockingQueue.take(LinkedBlockingQueue.java:442)
        at java.util.concurrent.ThreadPoolExecutor.getTask(ThreadPoolExecutor.java:1074)
        at java.util.concurrent.ThreadPoolExecutor.runWorker(ThreadPoolExecutor.java:1134)
        at java.util.concurrent.ThreadPoolExecutor$Worker.run(ThreadPoolExecutor.java:624)
        at java.lang.Thread.run(Thread.java:750)
"qtp961679561-2539" daemon prio=5 tid=2539 timed_waiting
java.lang.Thread.State: TIMED_WAITING
        at sun.misc.Unsafe.park(Native Method)
        at java.util.concurrent.locks.LockSupport.parkNanos(LockSupport.java:215)
        at java.util.concurrent.locks.AbstractQueuedSynchronizer$ConditionObject.awaitNanos(AbstractQueuedSynchronizer.java:2078)
        at org.eclipse.jetty.util.BlockingArrayQueue.poll(BlockingArrayQueue.java:382)
        at org.eclipse.jetty.util.thread.QueuedThreadPool$Runner.idleJobPoll(QueuedThreadPool.java:974)
        at org.eclipse.jetty.util.thread.QueuedThreadPool$Runner.run(QueuedThreadPool.java:1018)
        at java.lang.Thread.run(Thread.java:750)
"ChunkWriter-1-0" daemon prio=5 tid=2713 in Object.wait()
java.lang.Thread.State: WAITING (on object monitor)
        at sun.misc.Unsafe.park(Native Method)
        at java.util.concurrent.locks.LockSupport.park(LockSupport.java:175)
        at java.util.concurrent.locks.AbstractQueuedSynchronizer$ConditionObject.await(AbstractQueuedSynchronizer.java:2039)
        at java.util.concurrent.LinkedBlockingDeque.takeFirst(LinkedBlockingDeque.java:492)
        at java.util.concurrent.LinkedBlockingDeque.take(LinkedBlockingDeque.java:680)
        at java.util.concurrent.ThreadPoolExecutor.getTask(ThreadPoolExecutor.java:1074)
        at java.util.concurrent.ThreadPoolExecutor.runWorker(ThreadPoolExecutor.java:1134)
        at java.util.concurrent.ThreadPoolExecutor$Worker.run(ThreadPoolExecutor.java:624)
        at java.lang.Thread.run(Thread.java:750)
"IPC Server handler 0 on default port 15205" daemon prio=5 tid=2666 timed_waiting
java.lang.Thread.State: TIMED_WAITING
        at sun.misc.Unsafe.park(Native Method)
        at java.util.concurrent.locks.LockSupport.parkNanos(LockSupport.java:215)
        at java.util.concurrent.locks.AbstractQueuedSynchronizer$ConditionObject.awaitNanos(AbstractQueuedSynchronizer.java:2078)
        at java.util.concurrent.LinkedBlockingQueue.poll(LinkedBlockingQueue.java:467)
        at org.apache.hadoop.ipc.CallQueueManager.take(CallQueueManager.java:317)
        at org.apache.hadoop.ipc.Server$Handler.run(Server.java:3014)
"FixedThreadPoolWithAffinityExecutor-0-0" daemon prio=5 tid=2386 timed_waiting
java.lang.Thread.State: TIMED_WAITING
        at sun.misc.Unsafe.park(Native Method)
        at java.util.concurrent.locks.LockSupport.parkNanos(LockSupport.java:215)
        at java.util.concurrent.locks.AbstractQueuedSynchronizer$ConditionObject.awaitNanos(AbstractQueuedSynchronizer.java:2078)
        at java.util.concurrent.LinkedBlockingQueue.poll(LinkedBlockingQueue.java:467)
        at org.apache.hadoop.hdds.scm.server.ContainerReportQueue.poll(ContainerReportQueue.java:266)
        at org.apache.hadoop.hdds.scm.server.ContainerReportQueue.poll(ContainerReportQueue.java:42)
        at org.apache.hadoop.hdds.server.events.FixedThreadPoolWithAffinityExecutor$ContainerReportProcessTask.run(FixedThreadPoolWithAffinityExecutor.java:247)
        at java.util.concurrent.Executors$RunnableAdapter.call(Executors.java:511)
        at java.util.concurrent.FutureTask.run(FutureTask.java:266)
        at java.util.concurrent.ThreadPoolExecutor.runWorker(ThreadPoolExecutor.java:1149)
        at java.util.concurrent.ThreadPoolExecutor$Worker.run(ThreadPoolExecutor.java:624)
        at java.lang.Thread.run(Thread.java:750)
"grpc-default-executor-2" daemon prio=5 tid=2854 timed_waiting
java.lang.Thread.State: TIMED_WAITING
        at sun.misc.Unsafe.park(Native Method)
        at java.util.concurrent.locks.LockSupport.parkNanos(LockSupport.java:215)
        at java.util.concurrent.SynchronousQueue$TransferStack.awaitFulfill(SynchronousQueue.java:460)
        at java.util.concurrent.SynchronousQueue$TransferStack.transfer(SynchronousQueue.java:362)
        at java.util.concurrent.SynchronousQueue.poll(SynchronousQueue.java:941)
        at java.util.concurrent.ThreadPoolExecutor.getTask(ThreadPoolExecutor.java:1073)
        at java.util.concurrent.ThreadPoolExecutor.runWorker(ThreadPoolExecutor.java:1134)
        at java.util.concurrent.ThreadPoolExecutor$Worker.run(ThreadPoolExecutor.java:624)
        at java.lang.Thread.run(Thread.java:750)
"timer5" daemon prio=5 tid=547 timed_waiting
java.lang.Thread.State: TIMED_WAITING
        at java.lang.Object.wait(Native Method)
        at java.util.TimerThread.mainLoop(Timer.java:552)
        at java.util.TimerThread.run(Timer.java:505)
"BlockDeletingService#1" daemon prio=5 tid=2752 in Object.wait()
java.lang.Thread.State: WAITING (on object monitor)
        at sun.misc.Unsafe.park(Native Method)
        at java.util.concurrent.locks.LockSupport.park(LockSupport.java:175)
        at java.util.concurrent.locks.AbstractQueuedSynchronizer$ConditionObject.await(AbstractQueuedSynchronizer.java:2039)
        at java.util.concurrent.ScheduledThreadPoolExecutor$DelayedWorkQueue.take(ScheduledThreadPoolExecutor.java:1088)
        at java.util.concurrent.ScheduledThreadPoolExecutor$DelayedWorkQueue.take(ScheduledThreadPoolExecutor.java:809)
        at java.util.concurrent.ThreadPoolExecutor.getTask(ThreadPoolExecutor.java:1074)
        at java.util.concurrent.ThreadPoolExecutor.runWorker(ThreadPoolExecutor.java:1134)
        at java.util.concurrent.ThreadPoolExecutor$Worker.run(ThreadPoolExecutor.java:624)
        at java.lang.Thread.run(Thread.java:750)
"Session-HouseKeeper-4e9a812-1"  prio=5 tid=2470 timed_waiting
java.lang.Thread.State: TIMED_WAITING
        at sun.misc.Unsafe.park(Native Method)
        at java.util.concurrent.locks.LockSupport.parkNanos(LockSupport.java:215)
        at java.util.concurrent.locks.AbstractQueuedSynchronizer$ConditionObject.awaitNanos(AbstractQueuedSynchronizer.java:2078)
        at java.util.concurrent.ScheduledThreadPoolExecutor$DelayedWorkQueue.take(ScheduledThreadPoolExecutor.java:1093)
        at java.util.concurrent.ScheduledThreadPoolExecutor$DelayedWorkQueue.take(ScheduledThreadPoolExecutor.java:809)
        at java.util.concurrent.ThreadPoolExecutor.getTask(ThreadPoolExecutor.java:1074)
        at java.util.concurrent.ThreadPoolExecutor.runWorker(ThreadPoolExecutor.java:1134)
        at java.util.concurrent.ThreadPoolExecutor$Worker.run(ThreadPoolExecutor.java:624)
        at java.lang.Thread.run(Thread.java:750)
"IPC Server handler 7 on default port 15159" daemon prio=5 tid=2405 timed_waiting
java.lang.Thread.State: TIMED_WAITING
        at sun.misc.Unsafe.park(Native Method)
        at java.util.concurrent.locks.LockSupport.parkNanos(LockSupport.java:215)
        at java.util.concurrent.locks.AbstractQueuedSynchronizer$ConditionObject.awaitNanos(AbstractQueuedSynchronizer.java:2078)
        at java.util.concurrent.LinkedBlockingQueue.poll(LinkedBlockingQueue.java:467)
        at org.apache.hadoop.ipc.CallQueueManager.take(CallQueueManager.java:317)
        at org.apache.hadoop.ipc.Server$Handler.run(Server.java:3014)
"Session-HouseKeeper-2861584c-1"  prio=5 tid=2631 timed_waiting
java.lang.Thread.State: TIMED_WAITING
        at sun.misc.Unsafe.park(Native Method)
        at java.util.concurrent.locks.LockSupport.parkNanos(LockSupport.java:215)
        at java.util.concurrent.locks.AbstractQueuedSynchronizer$ConditionObject.awaitNanos(AbstractQueuedSynchronizer.java:2078)
        at java.util.concurrent.ScheduledThreadPoolExecutor$DelayedWorkQueue.take(ScheduledThreadPoolExecutor.java:1093)
        at java.util.concurrent.ScheduledThreadPoolExecutor$DelayedWorkQueue.take(ScheduledThreadPoolExecutor.java:809)
        at java.util.concurrent.ThreadPoolExecutor.getTask(ThreadPoolExecutor.java:1074)
        at java.util.concurrent.ThreadPoolExecutor.runWorker(ThreadPoolExecutor.java:1134)
        at java.util.concurrent.ThreadPoolExecutor$Worker.run(ThreadPoolExecutor.java:624)
        at java.lang.Thread.run(Thread.java:750)
"Timer for 'StorageContainerManager' metrics system" daemon prio=5 tid=2396 timed_waiting
java.lang.Thread.State: TIMED_WAITING
        at java.lang.Object.wait(Native Method)
        at java.util.TimerThread.mainLoop(Timer.java:552)
        at java.util.TimerThread.run(Timer.java:505)
"SstFilteringService#0" daemon prio=5 tid=2496 timed_waiting
java.lang.Thread.State: TIMED_WAITING
        at sun.misc.Unsafe.park(Native Method)
        at java.util.concurrent.locks.LockSupport.parkNanos(LockSupport.java:215)
        at java.util.concurrent.locks.AbstractQueuedSynchronizer$ConditionObject.awaitNanos(AbstractQueuedSynchronizer.java:2078)
        at java.util.concurrent.ScheduledThreadPoolExecutor$DelayedWorkQueue.take(ScheduledThreadPoolExecutor.java:1093)
        at java.util.concurrent.ScheduledThreadPoolExecutor$DelayedWorkQueue.take(ScheduledThreadPoolExecutor.java:809)
        at java.util.concurrent.ThreadPoolExecutor.getTask(ThreadPoolExecutor.java:1074)
        at java.util.concurrent.ThreadPoolExecutor.runWorker(ThreadPoolExecutor.java:1134)
        at java.util.concurrent.ThreadPoolExecutor$Worker.run(ThreadPoolExecutor.java:624)
        at java.lang.Thread.run(Thread.java:750)
"JvmPauseMonitor23" daemon prio=5 tid=2686 timed_waiting
java.lang.Thread.State: TIMED_WAITING
        at java.lang.Thread.sleep(Native Method)
        at java.lang.Thread.sleep(Thread.java:342)
        at java.util.concurrent.TimeUnit.sleep(TimeUnit.java:386)
        at org.apache.ratis.util.TimeDuration.sleep(TimeDuration.java:325)
        at org.apache.ratis.util.TimeDuration.sleep(TimeDuration.java:310)
        at org.apache.ratis.util.JvmPauseMonitor.detectPause(JvmPauseMonitor.java:117)
        at org.apache.ratis.util.JvmPauseMonitor.run(JvmPauseMonitor.java:106)
        at org.apache.ratis.util.JvmPauseMonitor$$Lambda$419/1849581644.run(Unknown Source)
        at java.lang.Thread.run(Thread.java:750)
"Datanode State Machine Daemon Thread" daemon prio=5 tid=2667 timed_waiting
java.lang.Thread.State: TIMED_WAITING
        at java.lang.Thread.sleep(Native Method)
        at org.apache.hadoop.ozone.container.common.statemachine.DatanodeStateMachine.startStateMachineThread(DatanodeStateMachine.java:352)
        at org.apache.hadoop.ozone.container.common.statemachine.DatanodeStateMachine.lambda$startDaemon$0(DatanodeStateMachine.java:539)
        at org.apache.hadoop.ozone.container.common.statemachine.DatanodeStateMachine$$Lambda$915/1106634552.run(Unknown Source)
        at java.lang.Thread.run(Thread.java:750)
"qtp688933350-2500-acceptor-0@54459323-ServerConnector@6acf434f{HTTP/1.1, (http/1.1)}{0.0.0.0:15164}" daemon prio=3 tid=2500 runnable
java.lang.Thread.State: RUNNABLE
        at sun.nio.ch.ServerSocketChannelImpl.accept0(Native Method)
        at sun.nio.ch.ServerSocketChannelImpl.accept(ServerSocketChannelImpl.java:421)
        at sun.nio.ch.ServerSocketChannelImpl.accept(ServerSocketChannelImpl.java:249)
        at org.eclipse.jetty.server.ServerConnector.accept(ServerConnector.java:388)
        at org.eclipse.jetty.server.AbstractConnector$Acceptor.run(AbstractConnector.java:704)
        at org.eclipse.jetty.util.thread.QueuedThreadPool.runJob(QueuedThreadPool.java:883)
        at org.eclipse.jetty.util.thread.QueuedThreadPool$Runner.run(QueuedThreadPool.java:1034)
        at java.lang.Thread.run(Thread.java:750)
"IPC Server idle connection scanner for port 15159" daemon prio=5 tid=2383 timed_waiting
java.lang.Thread.State: TIMED_WAITING
        at java.lang.Object.wait(Native Method)
        at java.util.TimerThread.mainLoop(Timer.java:552)
        at java.util.TimerThread.run(Timer.java:505)
"ChunkReader-ELG-0" daemon prio=5 tid=2717 runnable
java.lang.Thread.State: RUNNABLE
        at org.apache.ratis.thirdparty.io.netty.channel.epoll.Native.epollWait(Native Method)
        at org.apache.ratis.thirdparty.io.netty.channel.epoll.Native.epollWait(Native.java:209)
        at org.apache.ratis.thirdparty.io.netty.channel.epoll.Native.epollWait(Native.java:202)
        at org.apache.ratis.thirdparty.io.netty.channel.epoll.EpollEventLoop.epollWaitNoTimerChange(EpollEventLoop.java:306)
        at org.apache.ratis.thirdparty.io.netty.channel.epoll.EpollEventLoop.run(EpollEventLoop.java:363)
        at org.apache.ratis.thirdparty.io.netty.util.concurrent.SingleThreadEventExecutor$4.run(SingleThreadEventExecutor.java:997)
        at org.apache.ratis.thirdparty.io.netty.util.internal.ThreadExecutorMap$2.run(ThreadExecutorMap.java:74)
        at java.lang.Thread.run(Thread.java:750)
"Datanode ReportManager Thread - 1" daemon prio=5 tid=2640 timed_waiting
java.lang.Thread.State: TIMED_WAITING
        at sun.misc.Unsafe.park(Native Method)
        at java.util.concurrent.locks.LockSupport.parkNanos(LockSupport.java:215)
        at java.util.concurrent.locks.AbstractQueuedSynchronizer$ConditionObject.awaitNanos(AbstractQueuedSynchronizer.java:2078)
        at java.util.concurrent.ScheduledThreadPoolExecutor$DelayedWorkQueue.take(ScheduledThreadPoolExecutor.java:1093)
        at java.util.concurrent.ScheduledThreadPoolExecutor$DelayedWorkQueue.take(ScheduledThreadPoolExecutor.java:809)
        at java.util.concurrent.ThreadPoolExecutor.getTask(ThreadPoolExecutor.java:1074)
        at java.util.concurrent.ThreadPoolExecutor.runWorker(ThreadPoolExecutor.java:1134)
        at java.util.concurrent.ThreadPoolExecutor$Worker.run(ThreadPoolExecutor.java:624)
        at java.lang.Thread.run(Thread.java:750)
"IPC Server handler 17 on default port 15163" daemon prio=5 tid=2525 timed_waiting
java.lang.Thread.State: TIMED_WAITING
        at sun.misc.Unsafe.park(Native Method)
        at java.util.concurrent.locks.LockSupport.parkNanos(LockSupport.java:215)
        at java.util.concurrent.locks.AbstractQueuedSynchronizer$ConditionObject.awaitNanos(AbstractQueuedSynchronizer.java:2078)
        at java.util.concurrent.LinkedBlockingQueue.poll(LinkedBlockingQueue.java:467)
        at org.apache.hadoop.ipc.CallQueueManager.take(CallQueueManager.java:317)
        at org.apache.hadoop.ipc.Server$Handler.run(Server.java:3014)
"IPC Server listener on 15196" daemon prio=5 tid=2632 runnable
java.lang.Thread.State: RUNNABLE
        at sun.nio.ch.EPollArrayWrapper.epollWait(Native Method)
        at sun.nio.ch.EPollArrayWrapper.poll(EPollArrayWrapper.java:269)
        at sun.nio.ch.EPollSelectorImpl.doSelect(EPollSelectorImpl.java:93)
        at sun.nio.ch.SelectorImpl.lockAndDoSelect(SelectorImpl.java:86)
        at sun.nio.ch.SelectorImpl.select(SelectorImpl.java:97)
        at sun.nio.ch.SelectorImpl.select(SelectorImpl.java:101)
        at org.apache.hadoop.ipc.Server$Listener.run(Server.java:1408)
"IPC Server handler 3 on default port 15161" daemon prio=5 tid=2441 timed_waiting
java.lang.Thread.State: TIMED_WAITING
        at sun.misc.Unsafe.park(Native Method)
        at java.util.concurrent.locks.LockSupport.parkNanos(LockSupport.java:215)
        at java.util.concurrent.locks.AbstractQueuedSynchronizer$ConditionObject.awaitNanos(AbstractQueuedSynchronizer.java:2078)
        at java.util.concurrent.LinkedBlockingQueue.poll(LinkedBlockingQueue.java:467)
        at org.apache.hadoop.ipc.CallQueueManager.take(CallQueueManager.java:317)
        at org.apache.hadoop.ipc.Server$Handler.run(Server.java:3014)
"EventQueue-StaleNodeForStaleNodeHandler" daemon prio=5 tid=2957 in Object.wait()
java.lang.Thread.State: WAITING (on object monitor)
        at sun.misc.Unsafe.park(Native Method)
        at java.util.concurrent.locks.LockSupport.park(LockSupport.java:175)
        at java.util.concurrent.locks.AbstractQueuedSynchronizer$ConditionObject.await(AbstractQueuedSynchronizer.java:2039)
        at java.util.concurrent.LinkedBlockingQueue.take(LinkedBlockingQueue.java:442)
        at java.util.concurrent.ThreadPoolExecutor.getTask(ThreadPoolExecutor.java:1074)
        at java.util.concurrent.ThreadPoolExecutor.runWorker(ThreadPoolExecutor.java:1134)
        at java.util.concurrent.ThreadPoolExecutor$Worker.run(ThreadPoolExecutor.java:624)
        at java.lang.Thread.run(Thread.java:750)
"ChunkWriter-0-0" daemon prio=5 tid=2682 in Object.wait()
java.lang.Thread.State: WAITING (on object monitor)
        at sun.misc.Unsafe.park(Native Method)
        at java.util.concurrent.locks.LockSupport.park(LockSupport.java:175)
        at java.util.concurrent.locks.AbstractQueuedSynchronizer$ConditionObject.await(AbstractQueuedSynchronizer.java:2039)
        at java.util.concurrent.LinkedBlockingDeque.takeFirst(LinkedBlockingDeque.java:492)
        at java.util.concurrent.LinkedBlockingDeque.take(LinkedBlockingDeque.java:680)
        at java.util.concurrent.ThreadPoolExecutor.getTask(ThreadPoolExecutor.java:1074)
        at java.util.concurrent.ThreadPoolExecutor.runWorker(ThreadPoolExecutor.java:1134)
        at java.util.concurrent.ThreadPoolExecutor$Worker.run(ThreadPoolExecutor.java:624)
        at java.lang.Thread.run(Thread.java:750)
"DatanodeAdminManager-0" daemon prio=5 tid=2370 timed_waiting
java.lang.Thread.State: TIMED_WAITING
        at sun.misc.Unsafe.park(Native Method)
        at java.util.concurrent.locks.LockSupport.parkNanos(LockSupport.java:215)
        at java.util.concurrent.locks.AbstractQueuedSynchronizer$ConditionObject.awaitNanos(AbstractQueuedSynchronizer.java:2078)
        at java.util.concurrent.ScheduledThreadPoolExecutor$DelayedWorkQueue.take(ScheduledThreadPoolExecutor.java:1093)
        at java.util.concurrent.ScheduledThreadPoolExecutor$DelayedWorkQueue.take(ScheduledThreadPoolExecutor.java:809)
        at java.util.concurrent.ThreadPoolExecutor.getTask(ThreadPoolExecutor.java:1074)
        at java.util.concurrent.ThreadPoolExecutor.runWorker(ThreadPoolExecutor.java:1134)
        at java.util.concurrent.ThreadPoolExecutor$Worker.run(ThreadPoolExecutor.java:624)
        at java.lang.Thread.run(Thread.java:750)
"e10cda8e-4bea-44c9-8078-2ce611a3a813@group-079BC75EB87A-SegmentedRaftLogWorker"  prio=5 tid=2764 timed_waiting
java.lang.Thread.State: TIMED_WAITING
        at sun.misc.Unsafe.park(Native Method)
        at java.util.concurrent.locks.LockSupport.parkNanos(LockSupport.java:215)
        at java.util.concurrent.locks.AbstractQueuedSynchronizer$ConditionObject.awaitNanos(AbstractQueuedSynchronizer.java:2078)
        at org.apache.ratis.util.DataBlockingQueue.poll(DataBlockingQueue.java:148)
        at org.apache.ratis.server.raftlog.segmented.SegmentedRaftLogWorker.run(SegmentedRaftLogWorker.java:307)
        at org.apache.ratis.server.raftlog.segmented.SegmentedRaftLogWorker$$Lambda$748/392031583.run(Unknown Source)
        at java.util.concurrent.Executors$RunnableAdapter.call(Executors.java:511)
        at java.util.concurrent.FutureTask.run(FutureTask.java:266)
        at java.util.concurrent.ThreadPoolExecutor.runWorker(ThreadPoolExecutor.java:1149)
        at java.util.concurrent.ThreadPoolExecutor$Worker.run(ThreadPoolExecutor.java:624)
        at java.lang.Thread.run(Thread.java:750)
"qtp688933350-2504" daemon prio=5 tid=2504 timed_waiting
java.lang.Thread.State: TIMED_WAITING
        at sun.misc.Unsafe.park(Native Method)
        at java.util.concurrent.locks.LockSupport.parkNanos(LockSupport.java:215)
        at java.util.concurrent.locks.AbstractQueuedSynchronizer$ConditionObject.awaitNanos(AbstractQueuedSynchronizer.java:2078)
        at org.eclipse.jetty.util.BlockingArrayQueue.poll(BlockingArrayQueue.java:382)
        at org.eclipse.jetty.util.thread.QueuedThreadPool$Runner.idleJobPoll(QueuedThreadPool.java:974)
        at org.eclipse.jetty.util.thread.QueuedThreadPool$Runner.run(QueuedThreadPool.java:1018)
        at java.lang.Thread.run(Thread.java:750)
"PartialTableCache Cleanup Thread - 0" daemon prio=5 tid=584 in Object.wait()
java.lang.Thread.State: WAITING (on object monitor)
        at sun.misc.Unsafe.park(Native Method)
        at java.util.concurrent.locks.LockSupport.park(LockSupport.java:175)
        at java.util.concurrent.locks.AbstractQueuedSynchronizer$ConditionObject.await(AbstractQueuedSynchronizer.java:2039)
        at java.util.concurrent.LinkedBlockingQueue.take(LinkedBlockingQueue.java:442)
        at java.util.concurrent.ThreadPoolExecutor.getTask(ThreadPoolExecutor.java:1074)
        at java.util.concurrent.ThreadPoolExecutor.runWorker(ThreadPoolExecutor.java:1134)
        at java.util.concurrent.ThreadPoolExecutor$Worker.run(ThreadPoolExecutor.java:624)
        at java.lang.Thread.run(Thread.java:750)
"IPC Server handler 5 on default port 15161" daemon prio=5 tid=2443 timed_waiting
java.lang.Thread.State: TIMED_WAITING
        at sun.misc.Unsafe.park(Native Method)
        at java.util.concurrent.locks.LockSupport.parkNanos(LockSupport.java:215)
        at java.util.concurrent.locks.AbstractQueuedSynchronizer$ConditionObject.awaitNanos(AbstractQueuedSynchronizer.java:2078)
        at java.util.concurrent.LinkedBlockingQueue.poll(LinkedBlockingQueue.java:467)
        at org.apache.hadoop.ipc.CallQueueManager.take(CallQueueManager.java:317)
        at org.apache.hadoop.ipc.Server$Handler.run(Server.java:3014)
"PartialTableCache Cleanup Thread - 0" daemon prio=5 tid=1332 in Object.wait()
java.lang.Thread.State: WAITING (on object monitor)
        at sun.misc.Unsafe.park(Native Method)
        at java.util.concurrent.locks.LockSupport.park(LockSupport.java:175)
        at java.util.concurrent.locks.AbstractQueuedSynchronizer$ConditionObject.await(AbstractQueuedSynchronizer.java:2039)
        at java.util.concurrent.LinkedBlockingQueue.take(LinkedBlockingQueue.java:442)
        at java.util.concurrent.ThreadPoolExecutor.getTask(ThreadPoolExecutor.java:1074)
        at java.util.concurrent.ThreadPoolExecutor.runWorker(ThreadPoolExecutor.java:1134)
        at java.util.concurrent.ThreadPoolExecutor$Worker.run(ThreadPoolExecutor.java:624)
        at java.lang.Thread.run(Thread.java:750)
"om1@group-C5BA1605619E-LeaderStateImpl" daemon prio=5 tid=2602 timed_waiting
java.lang.Thread.State: TIMED_WAITING
        at sun.misc.Unsafe.park(Native Method)
        at java.util.concurrent.locks.LockSupport.parkNanos(LockSupport.java:215)
        at java.util.concurrent.locks.AbstractQueuedSynchronizer$ConditionObject.awaitNanos(AbstractQueuedSynchronizer.java:2078)
        at java.util.concurrent.ArrayBlockingQueue.poll(ArrayBlockingQueue.java:418)
        at org.apache.ratis.server.impl.LeaderStateImpl$EventQueue.poll(LeaderStateImpl.java:164)
        at org.apache.ratis.server.impl.LeaderStateImpl$EventProcessor.run(LeaderStateImpl.java:702)
"qtp1839204938-2593-acceptor-0@714d7cbd-ServerConnector@10cb37fe{HTTP/1.1, (http/1.1)}{0.0.0.0:15186}" daemon prio=3 tid=2593 runnable
java.lang.Thread.State: RUNNABLE
        at sun.nio.ch.ServerSocketChannelImpl.accept0(Native Method)
        at sun.nio.ch.ServerSocketChannelImpl.accept(ServerSocketChannelImpl.java:421)
        at sun.nio.ch.ServerSocketChannelImpl.accept(ServerSocketChannelImpl.java:249)
        at org.eclipse.jetty.server.ServerConnector.accept(ServerConnector.java:388)
        at org.eclipse.jetty.server.AbstractConnector$Acceptor.run(AbstractConnector.java:704)
        at org.eclipse.jetty.util.thread.QueuedThreadPool.runJob(QueuedThreadPool.java:883)
        at org.eclipse.jetty.util.thread.QueuedThreadPool$Runner.run(QueuedThreadPool.java:1034)
        at java.lang.Thread.run(Thread.java:750)
"EventQueue-PipelineReportForPipelineReportHandler" daemon prio=5 tid=2757 in Object.wait()
java.lang.Thread.State: WAITING (on object monitor)
        at sun.misc.Unsafe.park(Native Method)
        at java.util.concurrent.locks.LockSupport.park(LockSupport.java:175)
        at java.util.concurrent.locks.AbstractQueuedSynchronizer$ConditionObject.await(AbstractQueuedSynchronizer.java:2039)
        at java.util.concurrent.LinkedBlockingQueue.take(LinkedBlockingQueue.java:442)
        at java.util.concurrent.ThreadPoolExecutor.getTask(ThreadPoolExecutor.java:1074)
        at java.util.concurrent.ThreadPoolExecutor.runWorker(ThreadPoolExecutor.java:1134)
        at java.util.concurrent.ThreadPoolExecutor$Worker.run(ThreadPoolExecutor.java:624)
        at java.lang.Thread.run(Thread.java:750)
"om1@group-C5BA1605619E-SegmentedRaftLogWorker" daemon prio=5 tid=2487 timed_waiting
java.lang.Thread.State: TIMED_WAITING
        at sun.misc.Unsafe.park(Native Method)
        at java.util.concurrent.locks.LockSupport.parkNanos(LockSupport.java:215)
        at java.util.concurrent.locks.AbstractQueuedSynchronizer$ConditionObject.awaitNanos(AbstractQueuedSynchronizer.java:2078)
        at org.apache.ratis.util.DataBlockingQueue.poll(DataBlockingQueue.java:148)
        at org.apache.ratis.server.raftlog.segmented.SegmentedRaftLogWorker.run(SegmentedRaftLogWorker.java:307)
        at org.apache.ratis.server.raftlog.segmented.SegmentedRaftLogWorker$$Lambda$748/392031583.run(Unknown Source)
        at java.util.concurrent.Executors$RunnableAdapter.call(Executors.java:511)
        at java.util.concurrent.FutureTask.run(FutureTask.java:266)
        at java.util.concurrent.ThreadPoolExecutor.runWorker(ThreadPoolExecutor.java:1149)
        at java.util.concurrent.ThreadPoolExecutor$Worker.run(ThreadPoolExecutor.java:624)
        at java.lang.Thread.run(Thread.java:750)
"ChunkWriter-1-0" daemon prio=5 tid=2683 in Object.wait()
java.lang.Thread.State: WAITING (on object monitor)
        at sun.misc.Unsafe.park(Native Method)
        at java.util.concurrent.locks.LockSupport.park(LockSupport.java:175)
        at java.util.concurrent.locks.AbstractQueuedSynchronizer$ConditionObject.await(AbstractQueuedSynchronizer.java:2039)
        at java.util.concurrent.LinkedBlockingDeque.takeFirst(LinkedBlockingDeque.java:492)
        at java.util.concurrent.LinkedBlockingDeque.take(LinkedBlockingDeque.java:680)
        at java.util.concurrent.ThreadPoolExecutor.getTask(ThreadPoolExecutor.java:1074)
        at java.util.concurrent.ThreadPoolExecutor.runWorker(ThreadPoolExecutor.java:1134)
        at java.util.concurrent.ThreadPoolExecutor$Worker.run(ThreadPoolExecutor.java:624)
        at java.lang.Thread.run(Thread.java:750)
"PartialTableCache Cleanup Thread - 0" daemon prio=5 tid=2889 in Object.wait()
java.lang.Thread.State: WAITING (on object monitor)
        at sun.misc.Unsafe.park(Native Method)
        at java.util.concurrent.locks.LockSupport.park(LockSupport.java:175)
        at java.util.concurrent.locks.AbstractQueuedSynchronizer$ConditionObject.await(AbstractQueuedSynchronizer.java:2039)
        at java.util.concurrent.LinkedBlockingQueue.take(LinkedBlockingQueue.java:442)
        at java.util.concurrent.ThreadPoolExecutor.getTask(ThreadPoolExecutor.java:1074)
        at java.util.concurrent.ThreadPoolExecutor.runWorker(ThreadPoolExecutor.java:1134)
        at java.util.concurrent.ThreadPoolExecutor$Worker.run(ThreadPoolExecutor.java:624)
        at java.lang.Thread.run(Thread.java:750)
"IPC Server handler 17 on default port 15161" daemon prio=5 tid=2455 timed_waiting
java.lang.Thread.State: TIMED_WAITING
        at sun.misc.Unsafe.park(Native Method)
        at java.util.concurrent.locks.LockSupport.parkNanos(LockSupport.java:215)
        at java.util.concurrent.locks.AbstractQueuedSynchronizer$ConditionObject.awaitNanos(AbstractQueuedSynchronizer.java:2078)
        at java.util.concurrent.LinkedBlockingQueue.poll(LinkedBlockingQueue.java:467)
        at org.apache.hadoop.ipc.CallQueueManager.take(CallQueueManager.java:317)
        at org.apache.hadoop.ipc.Server$Handler.run(Server.java:3014)
"IPC Server handler 5 on default port 15159" daemon prio=5 tid=2403 timed_waiting
java.lang.Thread.State: TIMED_WAITING
        at sun.misc.Unsafe.park(Native Method)
        at java.util.concurrent.locks.LockSupport.parkNanos(LockSupport.java:215)
        at java.util.concurrent.locks.AbstractQueuedSynchronizer$ConditionObject.awaitNanos(AbstractQueuedSynchronizer.java:2078)
        at java.util.concurrent.LinkedBlockingQueue.poll(LinkedBlockingQueue.java:467)
        at org.apache.hadoop.ipc.CallQueueManager.take(CallQueueManager.java:317)
        at org.apache.hadoop.ipc.Server$Handler.run(Server.java:3014)
"IPC Server listener on 15169" daemon prio=5 tid=2543 runnable
java.lang.Thread.State: RUNNABLE
        at sun.nio.ch.EPollArrayWrapper.epollWait(Native Method)
        at sun.nio.ch.EPollArrayWrapper.poll(EPollArrayWrapper.java:269)
        at sun.nio.ch.EPollSelectorImpl.doSelect(EPollSelectorImpl.java:93)
        at sun.nio.ch.SelectorImpl.lockAndDoSelect(SelectorImpl.java:86)
        at sun.nio.ch.SelectorImpl.select(SelectorImpl.java:97)
        at sun.nio.ch.SelectorImpl.select(SelectorImpl.java:101)
        at org.apache.hadoop.ipc.Server$Listener.run(Server.java:1408)
"Session-HouseKeeper-37e4b91f-1"  prio=5 tid=2542 timed_waiting
java.lang.Thread.State: TIMED_WAITING
        at sun.misc.Unsafe.park(Native Method)
        at java.util.concurrent.locks.LockSupport.parkNanos(LockSupport.java:215)
        at java.util.concurrent.locks.AbstractQueuedSynchronizer$ConditionObject.awaitNanos(AbstractQueuedSynchronizer.java:2078)
        at java.util.concurrent.ScheduledThreadPoolExecutor$DelayedWorkQueue.take(ScheduledThreadPoolExecutor.java:1093)
        at java.util.concurrent.ScheduledThreadPoolExecutor$DelayedWorkQueue.take(ScheduledThreadPoolExecutor.java:809)
        at java.util.concurrent.ThreadPoolExecutor.getTask(ThreadPoolExecutor.java:1074)
        at java.util.concurrent.ThreadPoolExecutor.runWorker(ThreadPoolExecutor.java:1134)
        at java.util.concurrent.ThreadPoolExecutor$Worker.run(ThreadPoolExecutor.java:624)
        at java.lang.Thread.run(Thread.java:750)
"StaleRecoveringContainerScrubbingService#0" daemon prio=5 tid=2735 timed_waiting
java.lang.Thread.State: TIMED_WAITING
        at sun.misc.Unsafe.park(Native Method)
        at java.util.concurrent.locks.LockSupport.parkNanos(LockSupport.java:215)
        at java.util.concurrent.locks.AbstractQueuedSynchronizer$ConditionObject.awaitNanos(AbstractQueuedSynchronizer.java:2078)
        at java.util.concurrent.ScheduledThreadPoolExecutor$DelayedWorkQueue.take(ScheduledThreadPoolExecutor.java:1093)
        at java.util.concurrent.ScheduledThreadPoolExecutor$DelayedWorkQueue.take(ScheduledThreadPoolExecutor.java:809)
        at java.util.concurrent.ThreadPoolExecutor.getTask(ThreadPoolExecutor.java:1074)
        at java.util.concurrent.ThreadPoolExecutor.runWorker(ThreadPoolExecutor.java:1134)
        at java.util.concurrent.ThreadPoolExecutor$Worker.run(ThreadPoolExecutor.java:624)
        at java.lang.Thread.run(Thread.java:750)
"grpc-default-boss-ELG-8-1" daemon prio=5 tid=2490 runnable
java.lang.Thread.State: RUNNABLE
        at org.apache.ratis.thirdparty.io.netty.channel.epoll.Native.epollWait(Native Method)
        at org.apache.ratis.thirdparty.io.netty.channel.epoll.Native.epollWait(Native.java:209)
        at org.apache.ratis.thirdparty.io.netty.channel.epoll.Native.epollWait(Native.java:202)
        at org.apache.ratis.thirdparty.io.netty.channel.epoll.EpollEventLoop.epollWaitNoTimerChange(EpollEventLoop.java:306)
        at org.apache.ratis.thirdparty.io.netty.channel.epoll.EpollEventLoop.run(EpollEventLoop.java:363)
        at org.apache.ratis.thirdparty.io.netty.util.concurrent.SingleThreadEventExecutor$4.run(SingleThreadEventExecutor.java:997)
        at org.apache.ratis.thirdparty.io.netty.util.internal.ThreadExecutorMap$2.run(ThreadExecutorMap.java:74)
        at org.apache.ratis.thirdparty.io.netty.util.concurrent.FastThreadLocalRunnable.run(FastThreadLocalRunnable.java:30)
        at java.lang.Thread.run(Thread.java:750)
"ChunkWriter-2-0" daemon prio=5 tid=2714 in Object.wait()
java.lang.Thread.State: WAITING (on object monitor)
        at sun.misc.Unsafe.park(Native Method)
        at java.util.concurrent.locks.LockSupport.park(LockSupport.java:175)
        at java.util.concurrent.locks.AbstractQueuedSynchronizer$ConditionObject.await(AbstractQueuedSynchronizer.java:2039)
        at java.util.concurrent.LinkedBlockingDeque.takeFirst(LinkedBlockingDeque.java:492)
        at java.util.concurrent.LinkedBlockingDeque.take(LinkedBlockingDeque.java:680)
        at java.util.concurrent.ThreadPoolExecutor.getTask(ThreadPoolExecutor.java:1074)
        at java.util.concurrent.ThreadPoolExecutor.runWorker(ThreadPoolExecutor.java:1134)
        at java.util.concurrent.ThreadPoolExecutor$Worker.run(ThreadPoolExecutor.java:624)
        at java.lang.Thread.run(Thread.java:750)
"DataNode DiskChecker thread 0" daemon prio=5 tid=2710 timed_waiting
java.lang.Thread.State: TIMED_WAITING
        at sun.misc.Unsafe.park(Native Method)
        at java.util.concurrent.locks.LockSupport.parkNanos(LockSupport.java:215)
        at java.util.concurrent.SynchronousQueue$TransferStack.awaitFulfill(SynchronousQueue.java:460)
        at java.util.concurrent.SynchronousQueue$TransferStack.transfer(SynchronousQueue.java:362)
        at java.util.concurrent.SynchronousQueue.poll(SynchronousQueue.java:941)
        at java.util.concurrent.ThreadPoolExecutor.getTask(ThreadPoolExecutor.java:1073)
        at java.util.concurrent.ThreadPoolExecutor.runWorker(ThreadPoolExecutor.java:1134)
        at java.util.concurrent.ThreadPoolExecutor$Worker.run(ThreadPoolExecutor.java:624)
        at java.lang.Thread.run(Thread.java:750)
"BlockDeletingService#0" daemon prio=5 tid=2718 timed_waiting
java.lang.Thread.State: TIMED_WAITING
        at sun.misc.Unsafe.park(Native Method)
        at java.util.concurrent.locks.LockSupport.parkNanos(LockSupport.java:215)
        at java.util.concurrent.locks.AbstractQueuedSynchronizer$ConditionObject.awaitNanos(AbstractQueuedSynchronizer.java:2078)
        at java.util.concurrent.ScheduledThreadPoolExecutor$DelayedWorkQueue.take(ScheduledThreadPoolExecutor.java:1093)
        at java.util.concurrent.ScheduledThreadPoolExecutor$DelayedWorkQueue.take(ScheduledThreadPoolExecutor.java:809)
        at java.util.concurrent.ThreadPoolExecutor.getTask(ThreadPoolExecutor.java:1074)
        at java.util.concurrent.ThreadPoolExecutor.runWorker(ThreadPoolExecutor.java:1134)
        at java.util.concurrent.ThreadPoolExecutor$Worker.run(ThreadPoolExecutor.java:624)
        at java.lang.Thread.run(Thread.java:750)
"IPC Server handler 0 on default port 15187" daemon prio=5 tid=2608 timed_waiting
java.lang.Thread.State: TIMED_WAITING
        at sun.misc.Unsafe.park(Native Method)
        at java.util.concurrent.locks.LockSupport.parkNanos(LockSupport.java:215)
        at java.util.concurrent.locks.AbstractQueuedSynchronizer$ConditionObject.awaitNanos(AbstractQueuedSynchronizer.java:2078)
        at java.util.concurrent.LinkedBlockingQueue.poll(LinkedBlockingQueue.java:467)
        at org.apache.hadoop.ipc.CallQueueManager.take(CallQueueManager.java:317)
        at org.apache.hadoop.ipc.Server$Handler.run(Server.java:3014)
"IPC Server idle connection scanner for port 15163" daemon prio=5 tid=2484 timed_waiting
java.lang.Thread.State: TIMED_WAITING
        at java.lang.Object.wait(Native Method)
        at java.util.TimerThread.mainLoop(Timer.java:552)
        at java.util.TimerThread.run(Timer.java:505)
"Datanode ReportManager Thread - 4" daemon prio=5 tid=2554 in Object.wait()
java.lang.Thread.State: WAITING (on object monitor)
        at sun.misc.Unsafe.park(Native Method)
        at java.util.concurrent.locks.LockSupport.park(LockSupport.java:175)
        at java.util.concurrent.locks.AbstractQueuedSynchronizer$ConditionObject.await(AbstractQueuedSynchronizer.java:2039)
        at java.util.concurrent.ScheduledThreadPoolExecutor$DelayedWorkQueue.take(ScheduledThreadPoolExecutor.java:1088)
        at java.util.concurrent.ScheduledThreadPoolExecutor$DelayedWorkQueue.take(ScheduledThreadPoolExecutor.java:809)
        at java.util.concurrent.ThreadPoolExecutor.getTask(ThreadPoolExecutor.java:1074)
        at java.util.concurrent.ThreadPoolExecutor.runWorker(ThreadPoolExecutor.java:1134)
        at java.util.concurrent.ThreadPoolExecutor$Worker.run(ThreadPoolExecutor.java:624)
        at java.lang.Thread.run(Thread.java:750)
"IPC Server handler 13 on default port 15163" daemon prio=5 tid=2521 timed_waiting
java.lang.Thread.State: TIMED_WAITING
        at sun.misc.Unsafe.park(Native Method)
        at java.util.concurrent.locks.LockSupport.parkNanos(LockSupport.java:215)
        at java.util.concurrent.locks.AbstractQueuedSynchronizer$ConditionObject.awaitNanos(AbstractQueuedSynchronizer.java:2078)
        at java.util.concurrent.LinkedBlockingQueue.poll(LinkedBlockingQueue.java:467)
        at org.apache.hadoop.ipc.CallQueueManager.take(CallQueueManager.java:317)
        at org.apache.hadoop.ipc.Server$Handler.run(Server.java:3014)
"qtp929075133-2654" daemon prio=5 tid=2654 timed_waiting
java.lang.Thread.State: TIMED_WAITING
        at sun.misc.Unsafe.park(Native Method)
        at java.util.concurrent.locks.LockSupport.parkNanos(LockSupport.java:215)
        at java.util.concurrent.locks.AbstractQueuedSynchronizer$ConditionObject.awaitNanos(AbstractQueuedSynchronizer.java:2078)
        at org.eclipse.jetty.util.BlockingArrayQueue.poll(BlockingArrayQueue.java:382)
        at org.eclipse.jetty.util.thread.QueuedThreadPool$Runner.idleJobPoll(QueuedThreadPool.java:974)
        at org.eclipse.jetty.util.thread.QueuedThreadPool$Runner.run(QueuedThreadPool.java:1018)
        at java.lang.Thread.run(Thread.java:750)
"IPC Server handler 15 on default port 15163" daemon prio=5 tid=2523 timed_waiting
java.lang.Thread.State: TIMED_WAITING
        at sun.misc.Unsafe.park(Native Method)
        at java.util.concurrent.locks.LockSupport.parkNanos(LockSupport.java:215)
        at java.util.concurrent.locks.AbstractQueuedSynchronizer$ConditionObject.awaitNanos(AbstractQueuedSynchronizer.java:2078)
        at java.util.concurrent.LinkedBlockingQueue.poll(LinkedBlockingQueue.java:467)
        at org.apache.hadoop.ipc.CallQueueManager.take(CallQueueManager.java:317)
        at org.apache.hadoop.ipc.Server$Handler.run(Server.java:3014)
"IPC Server Responder" daemon prio=5 tid=2379 runnable
java.lang.Thread.State: RUNNABLE
        at sun.nio.ch.EPollArrayWrapper.epollWait(Native Method)
        at sun.nio.ch.EPollArrayWrapper.poll(EPollArrayWrapper.java:269)
        at sun.nio.ch.EPollSelectorImpl.doSelect(EPollSelectorImpl.java:93)
        at sun.nio.ch.SelectorImpl.lockAndDoSelect(SelectorImpl.java:86)
        at sun.nio.ch.SelectorImpl.select(SelectorImpl.java:97)
        at org.apache.hadoop.ipc.Server$Responder.doRunLoop(Server.java:1582)
        at org.apache.hadoop.ipc.Server$Responder.run(Server.java:1565)
"Lease Manager-LeaseManager#LeaseMonitor" daemon prio=5 tid=2459 timed_waiting
java.lang.Thread.State: TIMED_WAITING
        at sun.misc.Unsafe.park(Native Method)
        at java.util.concurrent.locks.LockSupport.parkNanos(LockSupport.java:215)
        at java.util.concurrent.locks.AbstractQueuedSynchronizer.doAcquireSharedNanos(AbstractQueuedSynchronizer.java:1037)
        at java.util.concurrent.locks.AbstractQueuedSynchronizer.tryAcquireSharedNanos(AbstractQueuedSynchronizer.java:1328)
        at java.util.concurrent.Semaphore.tryAcquire(Semaphore.java:409)
        at org.apache.hadoop.ozone.lease.LeaseManager$LeaseMonitor.run(LeaseManager.java:270)
        at java.lang.Thread.run(Thread.java:750)
"FixedThreadPoolWithAffinityExecutor-3-0" daemon prio=5 tid=2389 timed_waiting
java.lang.Thread.State: TIMED_WAITING
        at sun.misc.Unsafe.park(Native Method)
        at java.util.concurrent.locks.LockSupport.parkNanos(LockSupport.java:215)
        at java.util.concurrent.locks.AbstractQueuedSynchronizer$ConditionObject.awaitNanos(AbstractQueuedSynchronizer.java:2078)
        at java.util.concurrent.LinkedBlockingQueue.poll(LinkedBlockingQueue.java:467)
        at org.apache.hadoop.hdds.scm.server.ContainerReportQueue.poll(ContainerReportQueue.java:266)
        at org.apache.hadoop.hdds.scm.server.ContainerReportQueue.poll(ContainerReportQueue.java:42)
        at org.apache.hadoop.hdds.server.events.FixedThreadPoolWithAffinityExecutor$ContainerReportProcessTask.run(FixedThreadPoolWithAffinityExecutor.java:247)
        at java.util.concurrent.Executors$RunnableAdapter.call(Executors.java:511)
        at java.util.concurrent.FutureTask.run(FutureTask.java:266)
        at java.util.concurrent.ThreadPoolExecutor.runWorker(ThreadPoolExecutor.java:1149)
        at java.util.concurrent.ThreadPoolExecutor$Worker.run(ThreadPoolExecutor.java:624)
        at java.lang.Thread.run(Thread.java:750)
"Datanode State Machine Task Thread - 1"  prio=5 tid=2707 in Object.wait()
java.lang.Thread.State: WAITING (on object monitor)
        at sun.misc.Unsafe.park(Native Method)
        at java.util.concurrent.locks.LockSupport.park(LockSupport.java:175)
        at java.util.concurrent.locks.AbstractQueuedSynchronizer$ConditionObject.await(AbstractQueuedSynchronizer.java:2039)
        at java.util.concurrent.LinkedBlockingQueue.take(LinkedBlockingQueue.java:442)
        at java.util.concurrent.ThreadPoolExecutor.getTask(ThreadPoolExecutor.java:1074)
        at java.util.concurrent.ThreadPoolExecutor.runWorker(ThreadPoolExecutor.java:1134)
        at java.util.concurrent.ThreadPoolExecutor$Worker.run(ThreadPoolExecutor.java:624)
        at java.lang.Thread.run(Thread.java:750)
"IPC Server handler 8 on default port 15160" daemon prio=5 tid=2426 timed_waiting
java.lang.Thread.State: TIMED_WAITING
        at sun.misc.Unsafe.park(Native Method)
        at java.util.concurrent.locks.LockSupport.parkNanos(LockSupport.java:215)
        at java.util.concurrent.locks.AbstractQueuedSynchronizer$ConditionObject.awaitNanos(AbstractQueuedSynchronizer.java:2078)
        at java.util.concurrent.LinkedBlockingQueue.poll(LinkedBlockingQueue.java:467)
        at org.apache.hadoop.ipc.CallQueueManager.take(CallQueueManager.java:317)
        at org.apache.hadoop.ipc.Server$Handler.run(Server.java:3014)
"IPC Server listener on 15161" daemon prio=5 tid=2371 runnable
java.lang.Thread.State: RUNNABLE
        at sun.nio.ch.EPollArrayWrapper.epollWait(Native Method)
        at sun.nio.ch.EPollArrayWrapper.poll(EPollArrayWrapper.java:269)
        at sun.nio.ch.EPollSelectorImpl.doSelect(EPollSelectorImpl.java:93)
        at sun.nio.ch.SelectorImpl.lockAndDoSelect(SelectorImpl.java:86)
        at sun.nio.ch.SelectorImpl.select(SelectorImpl.java:97)
        at sun.nio.ch.SelectorImpl.select(SelectorImpl.java:101)
        at org.apache.hadoop.ipc.Server$Listener.run(Server.java:1408)
"6a511105-798d-4035-a071-a904e0472807-NettyServerStreamRpc-bossGroup--thread1" daemon prio=5 tid=2588 runnable
java.lang.Thread.State: RUNNABLE
        at sun.nio.ch.EPollArrayWrapper.epollWait(Native Method)
        at sun.nio.ch.EPollArrayWrapper.poll(EPollArrayWrapper.java:269)
        at sun.nio.ch.EPollSelectorImpl.doSelect(EPollSelectorImpl.java:93)
        at sun.nio.ch.SelectorImpl.lockAndDoSelect(SelectorImpl.java:86)
        at sun.nio.ch.SelectorImpl.select(SelectorImpl.java:97)
        at sun.nio.ch.SelectorImpl.select(SelectorImpl.java:101)
        at org.apache.ratis.thirdparty.io.netty.channel.nio.SelectedSelectionKeySetSelector.select(SelectedSelectionKeySetSelector.java:68)
        at org.apache.ratis.thirdparty.io.netty.channel.nio.NioEventLoop.select(NioEventLoop.java:879)
        at org.apache.ratis.thirdparty.io.netty.channel.nio.NioEventLoop.run(NioEventLoop.java:526)
        at org.apache.ratis.thirdparty.io.netty.util.concurrent.SingleThreadEventExecutor$4.run(SingleThreadEventExecutor.java:997)
        at org.apache.ratis.thirdparty.io.netty.util.internal.ThreadExecutorMap$2.run(ThreadExecutorMap.java:74)
        at java.lang.Thread.run(Thread.java:750)
"IPC Server handler 9 on default port 15160" daemon prio=5 tid=2427 timed_waiting
java.lang.Thread.State: TIMED_WAITING
        at sun.misc.Unsafe.park(Native Method)
        at java.util.concurrent.locks.LockSupport.parkNanos(LockSupport.java:215)
        at java.util.concurrent.locks.AbstractQueuedSynchronizer$ConditionObject.awaitNanos(AbstractQueuedSynchronizer.java:2078)
        at java.util.concurrent.LinkedBlockingQueue.poll(LinkedBlockingQueue.java:467)
        at org.apache.hadoop.ipc.CallQueueManager.take(CallQueueManager.java:317)
        at org.apache.hadoop.ipc.Server$Handler.run(Server.java:3014)
"42538958-ec24-4190-90a2-8f41139170d9@group-55E01454E505-LeaderStateImpl" daemon prio=5 tid=2838 timed_waiting
java.lang.Thread.State: TIMED_WAITING
        at sun.misc.Unsafe.park(Native Method)
        at java.util.concurrent.locks.LockSupport.parkNanos(LockSupport.java:215)
        at java.util.concurrent.locks.AbstractQueuedSynchronizer$ConditionObject.awaitNanos(AbstractQueuedSynchronizer.java:2078)
        at java.util.concurrent.ArrayBlockingQueue.poll(ArrayBlockingQueue.java:418)
        at org.apache.ratis.server.impl.LeaderStateImpl$EventQueue.poll(LeaderStateImpl.java:164)
        at org.apache.ratis.server.impl.LeaderStateImpl$EventProcessor.run(LeaderStateImpl.java:702)
"qtp1198768798-2465" daemon prio=5 tid=2465 timed_waiting
java.lang.Thread.State: TIMED_WAITING
        at sun.misc.Unsafe.park(Native Method)
        at java.util.concurrent.locks.LockSupport.parkNanos(LockSupport.java:215)
        at java.util.concurrent.locks.AbstractQueuedSynchronizer$ConditionObject.awaitNanos(AbstractQueuedSynchronizer.java:2078)
        at org.eclipse.jetty.util.BlockingArrayQueue.poll(BlockingArrayQueue.java:382)
        at org.eclipse.jetty.util.thread.QueuedThreadPool$Runner.idleJobPoll(QueuedThreadPool.java:974)
        at org.eclipse.jetty.util.thread.QueuedThreadPool$Runner.run(QueuedThreadPool.java:1018)
        at java.lang.Thread.run(Thread.java:750)
"FullTableCache Cleanup Thread - 0" daemon prio=5 tid=2101 in Object.wait()
java.lang.Thread.State: WAITING (on object monitor)
        at sun.misc.Unsafe.park(Native Method)
        at java.util.concurrent.locks.LockSupport.park(LockSupport.java:175)
        at java.util.concurrent.locks.AbstractQueuedSynchronizer$ConditionObject.await(AbstractQueuedSynchronizer.java:2039)
        at java.util.concurrent.LinkedBlockingQueue.take(LinkedBlockingQueue.java:442)
        at java.util.concurrent.ThreadPoolExecutor.getTask(ThreadPoolExecutor.java:1074)
        at java.util.concurrent.ThreadPoolExecutor.runWorker(ThreadPoolExecutor.java:1134)
        at java.util.concurrent.ThreadPoolExecutor$Worker.run(ThreadPoolExecutor.java:624)
        at java.lang.Thread.run(Thread.java:750)
"Datanode State Machine Daemon Thread" daemon prio=5 tid=2609 timed_waiting
java.lang.Thread.State: TIMED_WAITING
        at java.lang.Thread.sleep(Native Method)
        at org.apache.hadoop.ozone.container.common.statemachine.DatanodeStateMachine.startStateMachineThread(DatanodeStateMachine.java:352)
        at org.apache.hadoop.ozone.container.common.statemachine.DatanodeStateMachine.lambda$startDaemon$0(DatanodeStateMachine.java:539)
        at org.apache.hadoop.ozone.container.common.statemachine.DatanodeStateMachine$$Lambda$915/1106634552.run(Unknown Source)
        at java.lang.Thread.run(Thread.java:750)
"qtp929075133-2652" daemon prio=5 tid=2652 runnable
java.lang.Thread.State: RUNNABLE
        at sun.nio.ch.EPollArrayWrapper.epollWait(Native Method)
        at sun.nio.ch.EPollArrayWrapper.poll(EPollArrayWrapper.java:269)
        at sun.nio.ch.EPollSelectorImpl.doSelect(EPollSelectorImpl.java:93)
        at sun.nio.ch.SelectorImpl.lockAndDoSelect(SelectorImpl.java:86)
        at sun.nio.ch.SelectorImpl.select(SelectorImpl.java:97)
        at sun.nio.ch.SelectorImpl.select(SelectorImpl.java:101)
        at org.eclipse.jetty.io.ManagedSelector.nioSelect(ManagedSelector.java:183)
        at org.eclipse.jetty.io.ManagedSelector.select(ManagedSelector.java:190)
        at org.eclipse.jetty.io.ManagedSelector$SelectorProducer.select(ManagedSelector.java:606)
        at org.eclipse.jetty.io.ManagedSelector$SelectorProducer.produce(ManagedSelector.java:543)
        at org.eclipse.jetty.util.thread.strategy.EatWhatYouKill.produceTask(EatWhatYouKill.java:362)
        at org.eclipse.jetty.util.thread.strategy.EatWhatYouKill.doProduce(EatWhatYouKill.java:186)
        at org.eclipse.jetty.util.thread.strategy.EatWhatYouKill.tryProduce(EatWhatYouKill.java:173)
        at org.eclipse.jetty.util.thread.strategy.EatWhatYouKill.produce(EatWhatYouKill.java:137)
        at org.eclipse.jetty.io.ManagedSelector$$Lambda$455/224872000.run(Unknown Source)
        at org.eclipse.jetty.util.thread.QueuedThreadPool.runJob(QueuedThreadPool.java:883)
        at org.eclipse.jetty.util.thread.QueuedThreadPool$Runner.run(QueuedThreadPool.java:1034)
        at java.lang.Thread.run(Thread.java:750)
"BlockDeletingService#0" daemon prio=5 tid=2688 timed_waiting
java.lang.Thread.State: TIMED_WAITING
        at sun.misc.Unsafe.park(Native Method)
        at java.util.concurrent.locks.LockSupport.parkNanos(LockSupport.java:215)
        at java.util.concurrent.locks.AbstractQueuedSynchronizer$ConditionObject.awaitNanos(AbstractQueuedSynchronizer.java:2078)
        at java.util.concurrent.ScheduledThreadPoolExecutor$DelayedWorkQueue.take(ScheduledThreadPoolExecutor.java:1093)
        at java.util.concurrent.ScheduledThreadPoolExecutor$DelayedWorkQueue.take(ScheduledThreadPoolExecutor.java:809)
        at java.util.concurrent.ThreadPoolExecutor.getTask(ThreadPoolExecutor.java:1074)
        at java.util.concurrent.ThreadPoolExecutor.runWorker(ThreadPoolExecutor.java:1134)
        at java.util.concurrent.ThreadPoolExecutor$Worker.run(ThreadPoolExecutor.java:624)
        at java.lang.Thread.run(Thread.java:750)
"IPC Server handler 6 on default port 15160" daemon prio=5 tid=2424 timed_waiting
java.lang.Thread.State: TIMED_WAITING
        at sun.misc.Unsafe.park(Native Method)
        at java.util.concurrent.locks.LockSupport.parkNanos(LockSupport.java:215)
        at java.util.concurrent.locks.AbstractQueuedSynchronizer$ConditionObject.awaitNanos(AbstractQueuedSynchronizer.java:2078)
        at java.util.concurrent.LinkedBlockingQueue.poll(LinkedBlockingQueue.java:467)
        at org.apache.hadoop.ipc.CallQueueManager.take(CallQueueManager.java:317)
        at org.apache.hadoop.ipc.Server$Handler.run(Server.java:3014)
"Periodic HDDS volume checker" daemon prio=5 tid=2740 timed_waiting
java.lang.Thread.State: TIMED_WAITING
        at sun.misc.Unsafe.park(Native Method)
        at java.util.concurrent.locks.LockSupport.parkNanos(LockSupport.java:215)
        at java.util.concurrent.locks.AbstractQueuedSynchronizer$ConditionObject.awaitNanos(AbstractQueuedSynchronizer.java:2078)
        at java.util.concurrent.ScheduledThreadPoolExecutor$DelayedWorkQueue.take(ScheduledThreadPoolExecutor.java:1093)
        at java.util.concurrent.ScheduledThreadPoolExecutor$DelayedWorkQueue.take(ScheduledThreadPoolExecutor.java:809)
        at java.util.concurrent.ThreadPoolExecutor.getTask(ThreadPoolExecutor.java:1074)
        at java.util.concurrent.ThreadPoolExecutor.runWorker(ThreadPoolExecutor.java:1134)
        at java.util.concurrent.ThreadPoolExecutor$Worker.run(ThreadPoolExecutor.java:624)
        at java.lang.Thread.run(Thread.java:750)
"Hadoop-Metrics-Updater-0" daemon prio=5 tid=2380 timed_waiting
java.lang.Thread.State: TIMED_WAITING
        at sun.misc.Unsafe.park(Native Method)
        at java.util.concurrent.locks.LockSupport.parkNanos(LockSupport.java:215)
        at java.util.concurrent.locks.AbstractQueuedSynchronizer$ConditionObject.awaitNanos(AbstractQueuedSynchronizer.java:2078)
        at java.util.concurrent.ScheduledThreadPoolExecutor$DelayedWorkQueue.take(ScheduledThreadPoolExecutor.java:1093)
        at java.util.concurrent.ScheduledThreadPoolExecutor$DelayedWorkQueue.take(ScheduledThreadPoolExecutor.java:809)
        at java.util.concurrent.ThreadPoolExecutor.getTask(ThreadPoolExecutor.java:1074)
        at java.util.concurrent.ThreadPoolExecutor.runWorker(ThreadPoolExecutor.java:1134)
        at java.util.concurrent.ThreadPoolExecutor$Worker.run(ThreadPoolExecutor.java:624)
        at java.lang.Thread.run(Thread.java:750)
"IPC Server listener on 15160" daemon prio=5 tid=2376 runnable
java.lang.Thread.State: RUNNABLE
        at sun.nio.ch.EPollArrayWrapper.epollWait(Native Method)
        at sun.nio.ch.EPollArrayWrapper.poll(EPollArrayWrapper.java:269)
        at sun.nio.ch.EPollSelectorImpl.doSelect(EPollSelectorImpl.java:93)
        at sun.nio.ch.SelectorImpl.lockAndDoSelect(SelectorImpl.java:86)
        at sun.nio.ch.SelectorImpl.select(SelectorImpl.java:97)
        at sun.nio.ch.SelectorImpl.select(SelectorImpl.java:101)
        at org.apache.hadoop.ipc.Server$Listener.run(Server.java:1408)
"Command processor thread" daemon prio=5 tid=2673 timed_waiting
java.lang.Thread.State: TIMED_WAITING
        at java.lang.Thread.sleep(Native Method)
        at org.apache.hadoop.ozone.container.common.statemachine.DatanodeStateMachine.lambda$initCommandHandlerThread$3(DatanodeStateMachine.java:666)
        at org.apache.hadoop.ozone.container.common.statemachine.DatanodeStateMachine$$Lambda$917/732417118.run(Unknown Source)
        at java.lang.Thread.run(Thread.java:750)
"PartialTableCache Cleanup Thread - 0" daemon prio=5 tid=583 in Object.wait()
java.lang.Thread.State: WAITING (on object monitor)
        at sun.misc.Unsafe.park(Native Method)
        at java.util.concurrent.locks.LockSupport.park(LockSupport.java:175)
        at java.util.concurrent.locks.AbstractQueuedSynchronizer$ConditionObject.await(AbstractQueuedSynchronizer.java:2039)
        at java.util.concurrent.LinkedBlockingQueue.take(LinkedBlockingQueue.java:442)
        at java.util.concurrent.ThreadPoolExecutor.getTask(ThreadPoolExecutor.java:1074)
        at java.util.concurrent.ThreadPoolExecutor.runWorker(ThreadPoolExecutor.java:1134)
        at java.util.concurrent.ThreadPoolExecutor$Worker.run(ThreadPoolExecutor.java:624)
        at java.lang.Thread.run(Thread.java:750)
"IPC Server handler 4 on default port 15161" daemon prio=5 tid=2442 timed_waiting
java.lang.Thread.State: TIMED_WAITING
        at sun.misc.Unsafe.park(Native Method)
        at java.util.concurrent.locks.LockSupport.parkNanos(LockSupport.java:215)
        at java.util.concurrent.locks.AbstractQueuedSynchronizer$ConditionObject.awaitNanos(AbstractQueuedSynchronizer.java:2078)
        at java.util.concurrent.LinkedBlockingQueue.poll(LinkedBlockingQueue.java:467)
        at org.apache.hadoop.ipc.CallQueueManager.take(CallQueueManager.java:317)
        at org.apache.hadoop.ipc.Server$Handler.run(Server.java:3014)
"EndpointStateMachine task thread for /0.0.0.0:15161 - 0 "  prio=5 tid=2676 in Object.wait()
java.lang.Thread.State: WAITING (on object monitor)
        at sun.misc.Unsafe.park(Native Method)
        at java.util.concurrent.locks.LockSupport.park(LockSupport.java:175)
        at java.util.concurrent.locks.AbstractQueuedSynchronizer$ConditionObject.await(AbstractQueuedSynchronizer.java:2039)
        at java.util.concurrent.LinkedBlockingQueue.take(LinkedBlockingQueue.java:442)
        at java.util.concurrent.ThreadPoolExecutor.getTask(ThreadPoolExecutor.java:1074)
        at java.util.concurrent.ThreadPoolExecutor.runWorker(ThreadPoolExecutor.java:1134)
        at java.util.concurrent.ThreadPoolExecutor$Worker.run(ThreadPoolExecutor.java:624)
        at java.lang.Thread.run(Thread.java:750)
"Datanode ReportManager Thread - 3" daemon prio=5 tid=2642 in Object.wait()
java.lang.Thread.State: WAITING (on object monitor)
        at sun.misc.Unsafe.park(Native Method)
        at java.util.concurrent.locks.LockSupport.park(LockSupport.java:175)
        at java.util.concurrent.locks.AbstractQueuedSynchronizer$ConditionObject.await(AbstractQueuedSynchronizer.java:2039)
        at java.util.concurrent.ScheduledThreadPoolExecutor$DelayedWorkQueue.take(ScheduledThreadPoolExecutor.java:1088)
        at java.util.concurrent.ScheduledThreadPoolExecutor$DelayedWorkQueue.take(ScheduledThreadPoolExecutor.java:809)
        at java.util.concurrent.ThreadPoolExecutor.getTask(ThreadPoolExecutor.java:1074)
        at java.util.concurrent.ThreadPoolExecutor.runWorker(ThreadPoolExecutor.java:1134)
        at java.util.concurrent.ThreadPoolExecutor$Worker.run(ThreadPoolExecutor.java:624)
        at java.lang.Thread.run(Thread.java:750)
"IPC Server idle connection scanner for port 15160" daemon prio=5 tid=2378 timed_waiting
java.lang.Thread.State: TIMED_WAITING
        at java.lang.Object.wait(Native Method)
        at java.util.TimerThread.mainLoop(Timer.java:552)
        at java.util.TimerThread.run(Timer.java:505)
"IPC Server handler 14 on default port 15159" daemon prio=5 tid=2412 timed_waiting
java.lang.Thread.State: TIMED_WAITING
        at sun.misc.Unsafe.park(Native Method)
        at java.util.concurrent.locks.LockSupport.parkNanos(LockSupport.java:215)
        at java.util.concurrent.locks.AbstractQueuedSynchronizer$ConditionObject.awaitNanos(AbstractQueuedSynchronizer.java:2078)
        at java.util.concurrent.LinkedBlockingQueue.poll(LinkedBlockingQueue.java:467)
        at org.apache.hadoop.ipc.CallQueueManager.take(CallQueueManager.java:317)
        at org.apache.hadoop.ipc.Server$Handler.run(Server.java:3014)
"EventQueue-NewNodeForNewNodeHandler" daemon prio=5 tid=2753 in Object.wait()
java.lang.Thread.State: WAITING (on object monitor)
        at sun.misc.Unsafe.park(Native Method)
        at java.util.concurrent.locks.LockSupport.park(LockSupport.java:175)
        at java.util.concurrent.locks.AbstractQueuedSynchronizer$ConditionObject.await(AbstractQueuedSynchronizer.java:2039)
        at java.util.concurrent.LinkedBlockingQueue.take(LinkedBlockingQueue.java:442)
        at java.util.concurrent.ThreadPoolExecutor.getTask(ThreadPoolExecutor.java:1074)
        at java.util.concurrent.ThreadPoolExecutor.runWorker(ThreadPoolExecutor.java:1134)
        at java.util.concurrent.ThreadPoolExecutor$Worker.run(ThreadPoolExecutor.java:624)
        at java.lang.Thread.run(Thread.java:750)
"qtp688933350-2502" daemon prio=5 tid=2502 timed_waiting
java.lang.Thread.State: TIMED_WAITING
        at sun.misc.Unsafe.park(Native Method)
        at java.util.concurrent.locks.LockSupport.parkNanos(LockSupport.java:215)
        at java.util.concurrent.locks.AbstractQueuedSynchronizer$ConditionObject.awaitNanos(AbstractQueuedSynchronizer.java:2078)
        at org.eclipse.jetty.util.BlockingArrayQueue.poll(BlockingArrayQueue.java:382)
        at org.eclipse.jetty.util.thread.QueuedThreadPool$Runner.idleJobPoll(QueuedThreadPool.java:974)
        at org.eclipse.jetty.util.thread.QueuedThreadPool$Runner.run(QueuedThreadPool.java:1018)
        at java.lang.Thread.run(Thread.java:750)
"OMDoubleBufferFlushThread" daemon prio=5 tid=2477 timed_waiting
java.lang.Thread.State: TIMED_WAITING
        at java.lang.Object.wait(Native Method)
        at org.apache.hadoop.ozone.om.ratis.OzoneManagerDoubleBuffer.canFlush(OzoneManagerDoubleBuffer.java:627)
        at org.apache.hadoop.ozone.om.ratis.OzoneManagerDoubleBuffer.flushTransactions(OzoneManagerDoubleBuffer.java:278)
        at org.apache.hadoop.ozone.om.ratis.OzoneManagerDoubleBuffer$$Lambda$561/987801260.run(Unknown Source)
        at java.lang.Thread.run(Thread.java:750)
"Socket Reader #1 for port 15159" daemon prio=5 tid=2382 runnable
java.lang.Thread.State: RUNNABLE
        at sun.nio.ch.EPollArrayWrapper.epollWait(Native Method)
        at sun.nio.ch.EPollArrayWrapper.poll(EPollArrayWrapper.java:269)
        at sun.nio.ch.EPollSelectorImpl.doSelect(EPollSelectorImpl.java:93)
        at sun.nio.ch.SelectorImpl.lockAndDoSelect(SelectorImpl.java:86)
        at sun.nio.ch.SelectorImpl.select(SelectorImpl.java:97)
        at sun.nio.ch.SelectorImpl.select(SelectorImpl.java:101)
        at org.apache.hadoop.ipc.Server$Listener$Reader.doRunLoop(Server.java:1346)
        at org.apache.hadoop.ipc.Server$Listener$Reader.run(Server.java:1325)
"IPC Server handler 2 on default port 15160" daemon prio=5 tid=2420 timed_waiting
java.lang.Thread.State: TIMED_WAITING
        at sun.misc.Unsafe.park(Native Method)
        at java.util.concurrent.locks.LockSupport.parkNanos(LockSupport.java:215)
        at java.util.concurrent.locks.AbstractQueuedSynchronizer$ConditionObject.awaitNanos(AbstractQueuedSynchronizer.java:2078)
        at java.util.concurrent.LinkedBlockingQueue.poll(LinkedBlockingQueue.java:467)
        at org.apache.hadoop.ipc.CallQueueManager.take(CallQueueManager.java:317)
        at org.apache.hadoop.ipc.Server$Handler.run(Server.java:3014)
"42538958-ec24-4190-90a2-8f41139170d9@group-55E01454E505-StateMachineUpdater" daemon prio=5 tid=2823 timed_waiting
java.lang.Thread.State: TIMED_WAITING
        at sun.misc.Unsafe.park(Native Method)
        at java.util.concurrent.locks.LockSupport.parkNanos(LockSupport.java:215)
        at java.util.concurrent.locks.AbstractQueuedSynchronizer$ConditionObject.await(AbstractQueuedSynchronizer.java:2163)
        at org.apache.ratis.util.AwaitForSignal.await(AwaitForSignal.java:62)
        at org.apache.ratis.server.impl.StateMachineUpdater.waitForCommit(StateMachineUpdater.java:209)
        at org.apache.ratis.server.impl.StateMachineUpdater.run(StateMachineUpdater.java:178)
        at java.lang.Thread.run(Thread.java:750)
"IPC Server handler 2 on default port 15161" daemon prio=5 tid=2440 timed_waiting
java.lang.Thread.State: TIMED_WAITING
        at sun.misc.Unsafe.park(Native Method)
        at java.util.concurrent.locks.LockSupport.parkNanos(LockSupport.java:215)
        at java.util.concurrent.locks.AbstractQueuedSynchronizer$ConditionObject.awaitNanos(AbstractQueuedSynchronizer.java:2078)
        at java.util.concurrent.LinkedBlockingQueue.poll(LinkedBlockingQueue.java:467)
        at org.apache.hadoop.ipc.CallQueueManager.take(CallQueueManager.java:317)
        at org.apache.hadoop.ipc.Server$Handler.run(Server.java:3014)
"Datanode State Machine Task Thread - 0"  prio=5 tid=2645 in Object.wait()
java.lang.Thread.State: WAITING (on object monitor)
        at sun.misc.Unsafe.park(Native Method)
        at java.util.concurrent.locks.LockSupport.park(LockSupport.java:175)
        at java.util.concurrent.locks.AbstractQueuedSynchronizer$ConditionObject.await(AbstractQueuedSynchronizer.java:2039)
        at java.util.concurrent.LinkedBlockingQueue.take(LinkedBlockingQueue.java:442)
        at java.util.concurrent.ThreadPoolExecutor.getTask(ThreadPoolExecutor.java:1074)
        at java.util.concurrent.ThreadPoolExecutor.runWorker(ThreadPoolExecutor.java:1134)
        at java.util.concurrent.ThreadPoolExecutor$Worker.run(ThreadPoolExecutor.java:624)
        at java.lang.Thread.run(Thread.java:750)
"pool-763-thread-1" daemon prio=5 tid=2711 timed_waiting
java.lang.Thread.State: TIMED_WAITING
        at sun.misc.Unsafe.park(Native Method)
        at java.util.concurrent.locks.LockSupport.parkNanos(LockSupport.java:215)
        at java.util.concurrent.locks.AbstractQueuedSynchronizer$ConditionObject.awaitNanos(AbstractQueuedSynchronizer.java:2078)
        at java.util.concurrent.ScheduledThreadPoolExecutor$DelayedWorkQueue.take(ScheduledThreadPoolExecutor.java:1093)
        at java.util.concurrent.ScheduledThreadPoolExecutor$DelayedWorkQueue.take(ScheduledThreadPoolExecutor.java:809)
        at java.util.concurrent.ThreadPoolExecutor.getTask(ThreadPoolExecutor.java:1074)
        at java.util.concurrent.ThreadPoolExecutor.runWorker(ThreadPoolExecutor.java:1134)
        at java.util.concurrent.ThreadPoolExecutor$Worker.run(ThreadPoolExecutor.java:624)
        at java.lang.Thread.run(Thread.java:750)
"Hadoop-Metrics-Updater-0" daemon prio=5 tid=2385 timed_waiting
java.lang.Thread.State: TIMED_WAITING
        at sun.misc.Unsafe.park(Native Method)
        at java.util.concurrent.locks.LockSupport.parkNanos(LockSupport.java:215)
        at java.util.concurrent.locks.AbstractQueuedSynchronizer$ConditionObject.awaitNanos(AbstractQueuedSynchronizer.java:2078)
        at java.util.concurrent.ScheduledThreadPoolExecutor$DelayedWorkQueue.take(ScheduledThreadPoolExecutor.java:1093)
        at java.util.concurrent.ScheduledThreadPoolExecutor$DelayedWorkQueue.take(ScheduledThreadPoolExecutor.java:809)
        at java.util.concurrent.ThreadPoolExecutor.getTask(ThreadPoolExecutor.java:1074)
        at java.util.concurrent.ThreadPoolExecutor.runWorker(ThreadPoolExecutor.java:1134)
        at java.util.concurrent.ThreadPoolExecutor$Worker.run(ThreadPoolExecutor.java:624)
        at java.lang.Thread.run(Thread.java:750)
"Time-limited test" daemon prio=5 tid=2362 runnable
java.lang.Thread.State: RUNNABLE
        at java.lang.Thread.dumpThreads(Native Method)
        at java.lang.Thread.getAllStackTraces(Thread.java:1615)
        at org.apache.ozone.test.TimedOutTestsListener.buildThreadDump(TimedOutTestsListener.java:93)
        at org.apache.ozone.test.TimedOutTestsListener.buildThreadDiagnosticString(TimedOutTestsListener.java:79)
        at org.apache.ozone.test.GenericTestUtils.waitFor(GenericTestUtils.java:231)
        at org.apache.hadoop.ozone.container.TestHelper.waitForReplicaCount(TestHelper.java:440)
        at org.apache.hadoop.ozone.container.TestContainerReplication.testContainerReplication(TestContainerReplication.java:134)
        at sun.reflect.NativeMethodAccessorImpl.invoke0(Native Method)
        at sun.reflect.NativeMethodAccessorImpl.invoke(NativeMethodAccessorImpl.java:62)
        at sun.reflect.DelegatingMethodAccessorImpl.invoke(DelegatingMethodAccessorImpl.java:43)
        at java.lang.reflect.Method.invoke(Method.java:498)
        at org.junit.runners.model.FrameworkMethod$1.runReflectiveCall(FrameworkMethod.java:59)
        at org.junit.internal.runners.model.ReflectiveCallable.run(ReflectiveCallable.java:12)
        at org.junit.runners.model.FrameworkMethod.invokeExplosively(FrameworkMethod.java:56)
        at org.junit.internal.runners.statements.InvokeMethod.evaluate(InvokeMethod.java:17)
        at org.junit.internal.runners.statements.RunBefores.evaluate(RunBefores.java:26)
        at org.junit.internal.runners.statements.RunAfters.evaluate(RunAfters.java:27)
        at org.junit.internal.runners.statements.FailOnTimeout$CallableStatement.call(FailOnTimeout.java:288)
        at org.junit.internal.runners.statements.FailOnTimeout$CallableStatement.call(FailOnTimeout.java:282)
        at java.util.concurrent.FutureTask.run(FutureTask.java:266)
        at java.lang.Thread.run(Thread.java:750)
"SnapshotDeletingService#0" daemon prio=5 tid=2497 timed_waiting
java.lang.Thread.State: TIMED_WAITING
        at sun.misc.Unsafe.park(Native Method)
        at java.util.concurrent.locks.LockSupport.parkNanos(LockSupport.java:215)
        at java.util.concurrent.locks.AbstractQueuedSynchronizer$ConditionObject.awaitNanos(AbstractQueuedSynchronizer.java:2078)
        at java.util.concurrent.ScheduledThreadPoolExecutor$DelayedWorkQueue.take(ScheduledThreadPoolExecutor.java:1093)
        at java.util.concurrent.ScheduledThreadPoolExecutor$DelayedWorkQueue.take(ScheduledThreadPoolExecutor.java:809)
        at java.util.concurrent.ThreadPoolExecutor.getTask(ThreadPoolExecutor.java:1074)
        at java.util.concurrent.ThreadPoolExecutor.runWorker(ThreadPoolExecutor.java:1134)
        at java.util.concurrent.ThreadPoolExecutor$Worker.run(ThreadPoolExecutor.java:624)
        at java.lang.Thread.run(Thread.java:750)
"EventQueue-OpenPipelineForHealthyPipelineSafeModeRule" daemon prio=5 tid=2763 in Object.wait()
java.lang.Thread.State: WAITING (on object monitor)
        at sun.misc.Unsafe.park(Native Method)
        at java.util.concurrent.locks.LockSupport.park(LockSupport.java:175)
        at java.util.concurrent.locks.AbstractQueuedSynchronizer$ConditionObject.await(AbstractQueuedSynchronizer.java:2039)
        at java.util.concurrent.LinkedBlockingQueue.take(LinkedBlockingQueue.java:442)
        at java.util.concurrent.ThreadPoolExecutor.getTask(ThreadPoolExecutor.java:1074)
        at java.util.concurrent.ThreadPoolExecutor.runWorker(ThreadPoolExecutor.java:1134)
        at java.util.concurrent.ThreadPoolExecutor$Worker.run(ThreadPoolExecutor.java:624)
        at java.lang.Thread.run(Thread.java:750)
"KeyDeletingService#0" daemon prio=5 tid=2494 timed_waiting
java.lang.Thread.State: TIMED_WAITING
        at sun.misc.Unsafe.park(Native Method)
        at java.util.concurrent.locks.LockSupport.parkNanos(LockSupport.java:215)
        at java.util.concurrent.locks.AbstractQueuedSynchronizer$ConditionObject.awaitNanos(AbstractQueuedSynchronizer.java:2078)
        at java.util.concurrent.ScheduledThreadPoolExecutor$DelayedWorkQueue.take(ScheduledThreadPoolExecutor.java:1093)
        at java.util.concurrent.ScheduledThreadPoolExecutor$DelayedWorkQueue.take(ScheduledThreadPoolExecutor.java:809)
        at java.util.concurrent.ThreadPoolExecutor.getTask(ThreadPoolExecutor.java:1074)
        at java.util.concurrent.ThreadPoolExecutor.runWorker(ThreadPoolExecutor.java:1134)
        at java.util.concurrent.ThreadPoolExecutor$Worker.run(ThreadPoolExecutor.java:624)
        at java.lang.Thread.run(Thread.java:750)
"ChunkWriter-3-0" daemon prio=5 tid=2746 in Object.wait()
java.lang.Thread.State: WAITING (on object monitor)
        at sun.misc.Unsafe.park(Native Method)
        at java.util.concurrent.locks.LockSupport.park(LockSupport.java:175)
        at java.util.concurrent.locks.AbstractQueuedSynchronizer$ConditionObject.await(AbstractQueuedSynchronizer.java:2039)
        at java.util.concurrent.LinkedBlockingDeque.takeFirst(LinkedBlockingDeque.java:492)
        at java.util.concurrent.LinkedBlockingDeque.take(LinkedBlockingDeque.java:680)
        at java.util.concurrent.ThreadPoolExecutor.getTask(ThreadPoolExecutor.java:1074)
        at java.util.concurrent.ThreadPoolExecutor.runWorker(ThreadPoolExecutor.java:1134)
        at java.util.concurrent.ThreadPoolExecutor$Worker.run(ThreadPoolExecutor.java:624)
        at java.lang.Thread.run(Thread.java:750)
"FixedThreadPoolWithAffinityExecutor-4-0" daemon prio=5 tid=2390 timed_waiting
java.lang.Thread.State: TIMED_WAITING
        at sun.misc.Unsafe.park(Native Method)
        at java.util.concurrent.locks.LockSupport.parkNanos(LockSupport.java:215)
        at java.util.concurrent.locks.AbstractQueuedSynchronizer$ConditionObject.awaitNanos(AbstractQueuedSynchronizer.java:2078)
        at java.util.concurrent.LinkedBlockingQueue.poll(LinkedBlockingQueue.java:467)
        at org.apache.hadoop.hdds.scm.server.ContainerReportQueue.poll(ContainerReportQueue.java:266)
        at org.apache.hadoop.hdds.scm.server.ContainerReportQueue.poll(ContainerReportQueue.java:42)
        at org.apache.hadoop.hdds.server.events.FixedThreadPoolWithAffinityExecutor$ContainerReportProcessTask.run(FixedThreadPoolWithAffinityExecutor.java:247)
        at java.util.concurrent.Executors$RunnableAdapter.call(Executors.java:511)
        at java.util.concurrent.FutureTask.run(FutureTask.java:266)
        at java.util.concurrent.ThreadPoolExecutor.runWorker(ThreadPoolExecutor.java:1149)
        at java.util.concurrent.ThreadPoolExecutor$Worker.run(ThreadPoolExecutor.java:624)
        at java.lang.Thread.run(Thread.java:750)
"IPC Server idle connection scanner for port 15161" daemon prio=5 tid=2373 timed_waiting
java.lang.Thread.State: TIMED_WAITING
        at java.lang.Object.wait(Native Method)
        at java.util.TimerThread.mainLoop(Timer.java:552)
        at java.util.TimerThread.run(Timer.java:505)
"EventQueue-NodeRegistrationContainerReportForContainerSafeModeRule" daemon prio=5 tid=2754 in Object.wait()
java.lang.Thread.State: WAITING (on object monitor)
        at sun.misc.Unsafe.park(Native Method)
        at java.util.concurrent.locks.LockSupport.park(LockSupport.java:175)
        at java.util.concurrent.locks.AbstractQueuedSynchronizer$ConditionObject.await(AbstractQueuedSynchronizer.java:2039)
        at java.util.concurrent.LinkedBlockingQueue.take(LinkedBlockingQueue.java:442)
        at java.util.concurrent.ThreadPoolExecutor.getTask(ThreadPoolExecutor.java:1074)
        at java.util.concurrent.ThreadPoolExecutor.runWorker(ThreadPoolExecutor.java:1134)
        at java.util.concurrent.ThreadPoolExecutor$Worker.run(ThreadPoolExecutor.java:624)
        at java.lang.Thread.run(Thread.java:750)
"ChunkWriter-1-0" daemon prio=5 tid=2729 in Object.wait()
java.lang.Thread.State: WAITING (on object monitor)
        at sun.misc.Unsafe.park(Native Method)
        at java.util.concurrent.locks.LockSupport.park(LockSupport.java:175)
        at java.util.concurrent.locks.AbstractQueuedSynchronizer$ConditionObject.await(AbstractQueuedSynchronizer.java:2039)
        at java.util.concurrent.LinkedBlockingDeque.takeFirst(LinkedBlockingDeque.java:492)
        at java.util.concurrent.LinkedBlockingDeque.take(LinkedBlockingDeque.java:680)
        at java.util.concurrent.ThreadPoolExecutor.getTask(ThreadPoolExecutor.java:1074)
        at java.util.concurrent.ThreadPoolExecutor.runWorker(ThreadPoolExecutor.java:1134)
        at java.util.concurrent.ThreadPoolExecutor$Worker.run(ThreadPoolExecutor.java:624)
        at java.lang.Thread.run(Thread.java:750)
"Socket Reader #1 for port 15187" daemon prio=5 tid=2604 runnable
java.lang.Thread.State: RUNNABLE
        at sun.nio.ch.EPollArrayWrapper.epollWait(Native Method)
        at sun.nio.ch.EPollArrayWrapper.poll(EPollArrayWrapper.java:269)
        at sun.nio.ch.EPollSelectorImpl.doSelect(EPollSelectorImpl.java:93)
        at sun.nio.ch.SelectorImpl.lockAndDoSelect(SelectorImpl.java:86)
        at sun.nio.ch.SelectorImpl.select(SelectorImpl.java:97)
        at sun.nio.ch.SelectorImpl.select(SelectorImpl.java:101)
        at org.apache.hadoop.ipc.Server$Listener$Reader.doRunLoop(Server.java:1346)
        at org.apache.hadoop.ipc.Server$Listener$Reader.run(Server.java:1325)
"grpc-default-executor-1" daemon prio=5 tid=2831 timed_waiting
java.lang.Thread.State: TIMED_WAITING
        at sun.misc.Unsafe.park(Native Method)
        at java.util.concurrent.locks.LockSupport.parkNanos(LockSupport.java:215)
        at java.util.concurrent.SynchronousQueue$TransferStack.awaitFulfill(SynchronousQueue.java:460)
        at java.util.concurrent.SynchronousQueue$TransferStack.transfer(SynchronousQueue.java:362)
        at java.util.concurrent.SynchronousQueue.poll(SynchronousQueue.java:941)
        at java.util.concurrent.ThreadPoolExecutor.getTask(ThreadPoolExecutor.java:1073)
        at java.util.concurrent.ThreadPoolExecutor.runWorker(ThreadPoolExecutor.java:1134)
        at java.util.concurrent.ThreadPoolExecutor$Worker.run(ThreadPoolExecutor.java:624)
        at java.lang.Thread.run(Thread.java:750)
"e10cda8e-4bea-44c9-8078-2ce611a3a813@group-079BC75EB87A-LeaderStateImpl" daemon prio=5 tid=2825 timed_waiting
java.lang.Thread.State: TIMED_WAITING
        at sun.misc.Unsafe.park(Native Method)
        at java.util.concurrent.locks.LockSupport.parkNanos(LockSupport.java:215)
        at java.util.concurrent.locks.AbstractQueuedSynchronizer$ConditionObject.awaitNanos(AbstractQueuedSynchronizer.java:2078)
        at java.util.concurrent.ArrayBlockingQueue.poll(ArrayBlockingQueue.java:418)
        at org.apache.ratis.server.impl.LeaderStateImpl$EventQueue.poll(LeaderStateImpl.java:164)
        at org.apache.ratis.server.impl.LeaderStateImpl$EventProcessor.run(LeaderStateImpl.java:702)
"IPC Server listener on 15159" daemon prio=5 tid=2381 runnable
java.lang.Thread.State: RUNNABLE
        at sun.nio.ch.EPollArrayWrapper.epollWait(Native Method)
        at sun.nio.ch.EPollArrayWrapper.poll(EPollArrayWrapper.java:269)
        at sun.nio.ch.EPollSelectorImpl.doSelect(EPollSelectorImpl.java:93)
        at sun.nio.ch.SelectorImpl.lockAndDoSelect(SelectorImpl.java:86)
        at sun.nio.ch.SelectorImpl.select(SelectorImpl.java:97)
        at sun.nio.ch.SelectorImpl.select(SelectorImpl.java:101)
        at org.apache.hadoop.ipc.Server$Listener.run(Server.java:1408)
"PartialTableCache Cleanup Thread - 0" daemon prio=5 tid=2107 in Object.wait()
java.lang.Thread.State: WAITING (on object monitor)
        at sun.misc.Unsafe.park(Native Method)
        at java.util.concurrent.locks.LockSupport.park(LockSupport.java:175)
        at java.util.concurrent.locks.AbstractQueuedSynchronizer$ConditionObject.await(AbstractQueuedSynchronizer.java:2039)
        at java.util.concurrent.LinkedBlockingQueue.take(LinkedBlockingQueue.java:442)
        at java.util.concurrent.ThreadPoolExecutor.getTask(ThreadPoolExecutor.java:1074)
        at java.util.concurrent.ThreadPoolExecutor.runWorker(ThreadPoolExecutor.java:1134)
        at java.util.concurrent.ThreadPoolExecutor$Worker.run(ThreadPoolExecutor.java:624)
        at java.lang.Thread.run(Thread.java:750)
"JvmPauseMonitor27" daemon prio=5 tid=2747 timed_waiting
java.lang.Thread.State: TIMED_WAITING
        at java.lang.Thread.sleep(Native Method)
        at java.lang.Thread.sleep(Thread.java:342)
        at java.util.concurrent.TimeUnit.sleep(TimeUnit.java:386)
        at org.apache.ratis.util.TimeDuration.sleep(TimeDuration.java:325)
        at org.apache.ratis.util.TimeDuration.sleep(TimeDuration.java:310)
        at org.apache.ratis.util.JvmPauseMonitor.detectPause(JvmPauseMonitor.java:117)
        at org.apache.ratis.util.JvmPauseMonitor.run(JvmPauseMonitor.java:106)
        at org.apache.ratis.util.JvmPauseMonitor$$Lambda$419/1849581644.run(Unknown Source)
        at java.lang.Thread.run(Thread.java:750)
"IPC Server handler 2 on default port 15163" daemon prio=5 tid=2510 timed_waiting
java.lang.Thread.State: TIMED_WAITING
        at sun.misc.Unsafe.park(Native Method)
        at java.util.concurrent.locks.LockSupport.parkNanos(LockSupport.java:215)
        at java.util.concurrent.locks.AbstractQueuedSynchronizer$ConditionObject.awaitNanos(AbstractQueuedSynchronizer.java:2078)
        at java.util.concurrent.LinkedBlockingQueue.poll(LinkedBlockingQueue.java:467)
        at org.apache.hadoop.ipc.CallQueueManager.take(CallQueueManager.java:317)
        at org.apache.hadoop.ipc.Server$Handler.run(Server.java:3014)
"PartialTableCache Cleanup Thread - 0" daemon prio=5 tid=572 in Object.wait()
java.lang.Thread.State: WAITING (on object monitor)
        at sun.misc.Unsafe.park(Native Method)
        at java.util.concurrent.locks.LockSupport.park(LockSupport.java:175)
        at java.util.concurrent.locks.AbstractQueuedSynchronizer$ConditionObject.await(AbstractQueuedSynchronizer.java:2039)
        at java.util.concurrent.LinkedBlockingQueue.take(LinkedBlockingQueue.java:442)
        at java.util.concurrent.ThreadPoolExecutor.getTask(ThreadPoolExecutor.java:1074)
        at java.util.concurrent.ThreadPoolExecutor.runWorker(ThreadPoolExecutor.java:1134)
        at java.util.concurrent.ThreadPoolExecutor$Worker.run(ThreadPoolExecutor.java:624)
        at java.lang.Thread.run(Thread.java:750)
"StaleRecoveringContainerScrubbingService#0" daemon prio=5 tid=2750 timed_waiting
java.lang.Thread.State: TIMED_WAITING
        at sun.misc.Unsafe.park(Native Method)
        at java.util.concurrent.locks.LockSupport.parkNanos(LockSupport.java:215)
        at java.util.concurrent.locks.AbstractQueuedSynchronizer$ConditionObject.awaitNanos(AbstractQueuedSynchronizer.java:2078)
        at java.util.concurrent.ScheduledThreadPoolExecutor$DelayedWorkQueue.take(ScheduledThreadPoolExecutor.java:1093)
        at java.util.concurrent.ScheduledThreadPoolExecutor$DelayedWorkQueue.take(ScheduledThreadPoolExecutor.java:809)
        at java.util.concurrent.ThreadPoolExecutor.getTask(ThreadPoolExecutor.java:1074)
        at java.util.concurrent.ThreadPoolExecutor.runWorker(ThreadPoolExecutor.java:1134)
        at java.util.concurrent.ThreadPoolExecutor$Worker.run(ThreadPoolExecutor.java:624)
        at java.lang.Thread.run(Thread.java:750)
"42538958-ec24-4190-90a2-8f41139170d9-NettyServerStreamRpc-bossGroup--thread1" daemon prio=5 tid=2648 runnable
java.lang.Thread.State: RUNNABLE
        at sun.nio.ch.EPollArrayWrapper.epollWait(Native Method)
        at sun.nio.ch.EPollArrayWrapper.poll(EPollArrayWrapper.java:269)
        at sun.nio.ch.EPollSelectorImpl.doSelect(EPollSelectorImpl.java:93)
        at sun.nio.ch.SelectorImpl.lockAndDoSelect(SelectorImpl.java:86)
        at sun.nio.ch.SelectorImpl.select(SelectorImpl.java:97)
        at sun.nio.ch.SelectorImpl.select(SelectorImpl.java:101)
        at org.apache.ratis.thirdparty.io.netty.channel.nio.SelectedSelectionKeySetSelector.select(SelectedSelectionKeySetSelector.java:68)
        at org.apache.ratis.thirdparty.io.netty.channel.nio.NioEventLoop.select(NioEventLoop.java:879)
        at org.apache.ratis.thirdparty.io.netty.channel.nio.NioEventLoop.run(NioEventLoop.java:526)
        at org.apache.ratis.thirdparty.io.netty.util.concurrent.SingleThreadEventExecutor$4.run(SingleThreadEventExecutor.java:997)
        at org.apache.ratis.thirdparty.io.netty.util.internal.ThreadExecutorMap$2.run(ThreadExecutorMap.java:74)
        at java.lang.Thread.run(Thread.java:750)
"Datanode State Machine Daemon Thread" daemon prio=5 tid=2638 timed_waiting
java.lang.Thread.State: TIMED_WAITING
        at java.lang.Thread.sleep(Native Method)
        at org.apache.hadoop.ozone.container.common.statemachine.DatanodeStateMachine.startStateMachineThread(DatanodeStateMachine.java:352)
        at org.apache.hadoop.ozone.container.common.statemachine.DatanodeStateMachine.lambda$startDaemon$0(DatanodeStateMachine.java:539)
        at org.apache.hadoop.ozone.container.common.statemachine.DatanodeStateMachine$$Lambda$915/1106634552.run(Unknown Source)
        at java.lang.Thread.run(Thread.java:750)
"PipelineCommandHandlerThread-0"  prio=5 tid=2810 in Object.wait()
java.lang.Thread.State: WAITING (on object monitor)
        at sun.misc.Unsafe.park(Native Method)
        at java.util.concurrent.locks.LockSupport.park(LockSupport.java:175)
        at java.util.concurrent.locks.AbstractQueuedSynchronizer$ConditionObject.await(AbstractQueuedSynchronizer.java:2039)
        at java.util.concurrent.LinkedBlockingQueue.take(LinkedBlockingQueue.java:442)
        at java.util.concurrent.ThreadPoolExecutor.getTask(ThreadPoolExecutor.java:1074)
        at java.util.concurrent.ThreadPoolExecutor.runWorker(ThreadPoolExecutor.java:1134)
        at java.util.concurrent.ThreadPoolExecutor$Worker.run(ThreadPoolExecutor.java:624)
        at java.lang.Thread.run(Thread.java:750)
"42538958-ec24-4190-90a2-8f41139170d9-impl-thread1" daemon prio=5 tid=2649 timed_waiting
java.lang.Thread.State: TIMED_WAITING
        at sun.misc.Unsafe.park(Native Method)
        at java.util.concurrent.locks.LockSupport.parkNanos(LockSupport.java:215)
        at java.util.concurrent.SynchronousQueue$TransferStack.awaitFulfill(SynchronousQueue.java:460)
        at java.util.concurrent.SynchronousQueue$TransferStack.transfer(SynchronousQueue.java:362)
        at java.util.concurrent.SynchronousQueue.poll(SynchronousQueue.java:941)
        at java.util.concurrent.ThreadPoolExecutor.getTask(ThreadPoolExecutor.java:1073)
        at java.util.concurrent.ThreadPoolExecutor.runWorker(ThreadPoolExecutor.java:1134)
        at java.util.concurrent.ThreadPoolExecutor$Worker.run(ThreadPoolExecutor.java:624)
        at java.lang.Thread.run(Thread.java:750)
"timer6" daemon prio=5 tid=548 timed_waiting
java.lang.Thread.State: TIMED_WAITING
        at java.lang.Object.wait(Native Method)
        at java.util.TimerThread.mainLoop(Timer.java:552)
        at java.util.TimerThread.run(Timer.java:505)
"pool-811-thread-1" daemon prio=5 tid=2742 timed_waiting
java.lang.Thread.State: TIMED_WAITING
        at sun.misc.Unsafe.park(Native Method)
        at java.util.concurrent.locks.LockSupport.parkNanos(LockSupport.java:215)
        at java.util.concurrent.locks.AbstractQueuedSynchronizer$ConditionObject.awaitNanos(AbstractQueuedSynchronizer.java:2078)
        at java.util.concurrent.ScheduledThreadPoolExecutor$DelayedWorkQueue.take(ScheduledThreadPoolExecutor.java:1093)
        at java.util.concurrent.ScheduledThreadPoolExecutor$DelayedWorkQueue.take(ScheduledThreadPoolExecutor.java:809)
        at java.util.concurrent.ThreadPoolExecutor.getTask(ThreadPoolExecutor.java:1074)
        at java.util.concurrent.ThreadPoolExecutor.runWorker(ThreadPoolExecutor.java:1134)
        at java.util.concurrent.ThreadPoolExecutor$Worker.run(ThreadPoolExecutor.java:624)
        at java.lang.Thread.run(Thread.java:750)
"RatisPipelineUtilsThread - 0"  prio=5 tid=2364 timed_waiting
java.lang.Thread.State: TIMED_WAITING
        at java.lang.Object.wait(Native Method)
        at org.apache.hadoop.hdds.scm.pipeline.BackgroundPipelineCreator.run(BackgroundPipelineCreator.java:176)
        at org.apache.hadoop.hdds.scm.pipeline.BackgroundPipelineCreator$$Lambda$368/1156001876.run(Unknown Source)
        at java.lang.Thread.run(Thread.java:750)
"Datanode ReportManager Thread - 0" daemon prio=5 tid=2668 timed_waiting
java.lang.Thread.State: TIMED_WAITING
        at sun.misc.Unsafe.park(Native Method)
        at java.util.concurrent.locks.LockSupport.parkNanos(LockSupport.java:215)
        at java.util.concurrent.locks.AbstractQueuedSynchronizer$ConditionObject.awaitNanos(AbstractQueuedSynchronizer.java:2078)
        at java.util.concurrent.ScheduledThreadPoolExecutor$DelayedWorkQueue.take(ScheduledThreadPoolExecutor.java:1093)
        at java.util.concurrent.ScheduledThreadPoolExecutor$DelayedWorkQueue.take(ScheduledThreadPoolExecutor.java:809)
        at java.util.concurrent.ThreadPoolExecutor.getTask(ThreadPoolExecutor.java:1074)
        at java.util.concurrent.ThreadPoolExecutor.runWorker(ThreadPoolExecutor.java:1134)
        at java.util.concurrent.ThreadPoolExecutor$Worker.run(ThreadPoolExecutor.java:624)
        at java.lang.Thread.run(Thread.java:750)
"IPC Server handler 5 on default port 15160" daemon prio=5 tid=2423 timed_waiting
java.lang.Thread.State: TIMED_WAITING
        at sun.misc.Unsafe.park(Native Method)
        at java.util.concurrent.locks.LockSupport.parkNanos(LockSupport.java:215)
        at java.util.concurrent.locks.AbstractQueuedSynchronizer$ConditionObject.awaitNanos(AbstractQueuedSynchronizer.java:2078)
        at java.util.concurrent.LinkedBlockingQueue.poll(LinkedBlockingQueue.java:467)
        at org.apache.hadoop.ipc.CallQueueManager.take(CallQueueManager.java:317)
        at org.apache.hadoop.ipc.Server$Handler.run(Server.java:3014)
"IPC Server handler 0 on default port 15163" daemon prio=5 tid=2508 timed_waiting
java.lang.Thread.State: TIMED_WAITING
        at sun.misc.Unsafe.park(Native Method)
        at java.util.concurrent.locks.LockSupport.parkNanos(LockSupport.java:215)
        at java.util.concurrent.locks.AbstractQueuedSynchronizer$ConditionObject.awaitNanos(AbstractQueuedSynchronizer.java:2078)
        at java.util.concurrent.LinkedBlockingQueue.poll(LinkedBlockingQueue.java:467)
        at org.apache.hadoop.ipc.CallQueueManager.take(CallQueueManager.java:317)
        at org.apache.hadoop.ipc.Server$Handler.run(Server.java:3014)
"FixedThreadPoolWithAffinityExecutor-7-0" daemon prio=5 tid=2393 timed_waiting
java.lang.Thread.State: TIMED_WAITING
        at sun.misc.Unsafe.park(Native Method)
        at java.util.concurrent.locks.LockSupport.parkNanos(LockSupport.java:215)
        at java.util.concurrent.locks.AbstractQueuedSynchronizer$ConditionObject.awaitNanos(AbstractQueuedSynchronizer.java:2078)
        at java.util.concurrent.LinkedBlockingQueue.poll(LinkedBlockingQueue.java:467)
        at org.apache.hadoop.hdds.scm.server.ContainerReportQueue.poll(ContainerReportQueue.java:266)
        at org.apache.hadoop.hdds.scm.server.ContainerReportQueue.poll(ContainerReportQueue.java:42)
        at org.apache.hadoop.hdds.server.events.FixedThreadPoolWithAffinityExecutor$ContainerReportProcessTask.run(FixedThreadPoolWithAffinityExecutor.java:247)
        at java.util.concurrent.Executors$RunnableAdapter.call(Executors.java:511)
        at java.util.concurrent.FutureTask.run(FutureTask.java:266)
        at java.util.concurrent.ThreadPoolExecutor.runWorker(ThreadPoolExecutor.java:1149)
        at java.util.concurrent.ThreadPoolExecutor$Worker.run(ThreadPoolExecutor.java:624)
        at java.lang.Thread.run(Thread.java:750)
"qtp90574308-2630" daemon prio=5 tid=2630 timed_waiting
java.lang.Thread.State: TIMED_WAITING
        at sun.misc.Unsafe.park(Native Method)
        at java.util.concurrent.locks.LockSupport.parkNanos(LockSupport.java:215)
        at java.util.concurrent.locks.AbstractQueuedSynchronizer$ConditionObject.awaitNanos(AbstractQueuedSynchronizer.java:2078)
        at org.eclipse.jetty.util.BlockingArrayQueue.poll(BlockingArrayQueue.java:382)
        at org.eclipse.jetty.util.thread.QueuedThreadPool$Runner.idleJobPoll(QueuedThreadPool.java:974)
        at org.eclipse.jetty.util.thread.QueuedThreadPool$Runner.run(QueuedThreadPool.java:1018)
        at java.lang.Thread.run(Thread.java:750)
"IPC Server handler 17 on default port 15159" daemon prio=5 tid=2415 timed_waiting
java.lang.Thread.State: TIMED_WAITING
        at sun.misc.Unsafe.park(Native Method)
        at java.util.concurrent.locks.LockSupport.parkNanos(LockSupport.java:215)
        at java.util.concurrent.locks.AbstractQueuedSynchronizer$ConditionObject.awaitNanos(AbstractQueuedSynchronizer.java:2078)
        at java.util.concurrent.LinkedBlockingQueue.poll(LinkedBlockingQueue.java:467)
        at org.apache.hadoop.ipc.CallQueueManager.take(CallQueueManager.java:317)
        at org.apache.hadoop.ipc.Server$Handler.run(Server.java:3014)
"IPC Server Responder" daemon prio=5 tid=2485 runnable
java.lang.Thread.State: RUNNABLE
        at sun.nio.ch.EPollArrayWrapper.epollWait(Native Method)
        at sun.nio.ch.EPollArrayWrapper.poll(EPollArrayWrapper.java:269)
        at sun.nio.ch.EPollSelectorImpl.doSelect(EPollSelectorImpl.java:93)
        at sun.nio.ch.SelectorImpl.lockAndDoSelect(SelectorImpl.java:86)
        at sun.nio.ch.SelectorImpl.select(SelectorImpl.java:97)
        at org.apache.hadoop.ipc.Server$Responder.doRunLoop(Server.java:1582)
        at org.apache.hadoop.ipc.Server$Responder.run(Server.java:1565)
"Command processor thread" daemon prio=5 tid=2644 timed_waiting
java.lang.Thread.State: TIMED_WAITING
        at java.lang.Thread.sleep(Native Method)
        at org.apache.hadoop.ozone.container.common.statemachine.DatanodeStateMachine.lambda$initCommandHandlerThread$3(DatanodeStateMachine.java:666)
        at org.apache.hadoop.ozone.container.common.statemachine.DatanodeStateMachine$$Lambda$917/732417118.run(Unknown Source)
        at java.lang.Thread.run(Thread.java:750)
"org.apache.hadoop.ozone.container.common.statemachine.commandhandler.DeleteBlocksCommandHandler$DeleteCmdWorker@24d91528" daemon prio=5 tid=2532 timed_waiting
java.lang.Thread.State: TIMED_WAITING
        at java.lang.Thread.sleep(Native Method)
        at org.apache.hadoop.ozone.container.common.statemachine.commandhandler.DeleteBlocksCommandHandler$DeleteCmdWorker.run(DeleteBlocksCommandHandler.java:198)
        at java.lang.Thread.run(Thread.java:750)
"IPC Server idle connection scanner for port 15187" daemon prio=5 tid=2605 timed_waiting
java.lang.Thread.State: TIMED_WAITING
        at java.lang.Object.wait(Native Method)
        at java.util.TimerThread.mainLoop(Timer.java:552)
        at java.util.TimerThread.run(Timer.java:505)
"IPC Server handler 8 on default port 15163" daemon prio=5 tid=2516 timed_waiting
java.lang.Thread.State: TIMED_WAITING
        at sun.misc.Unsafe.park(Native Method)
        at java.util.concurrent.locks.LockSupport.parkNanos(LockSupport.java:215)
        at java.util.concurrent.locks.AbstractQueuedSynchronizer$ConditionObject.awaitNanos(AbstractQueuedSynchronizer.java:2078)
        at java.util.concurrent.LinkedBlockingQueue.poll(LinkedBlockingQueue.java:467)
        at org.apache.hadoop.ipc.CallQueueManager.take(CallQueueManager.java:317)
        at org.apache.hadoop.ipc.Server$Handler.run(Server.java:3014)
"Datanode State Machine Task Thread - 0"  prio=5 tid=2616 in Object.wait()
java.lang.Thread.State: WAITING (on object monitor)
        at sun.misc.Unsafe.park(Native Method)
        at java.util.concurrent.locks.LockSupport.park(LockSupport.java:175)
        at java.util.concurrent.locks.AbstractQueuedSynchronizer$ConditionObject.await(AbstractQueuedSynchronizer.java:2039)
        at java.util.concurrent.LinkedBlockingQueue.take(LinkedBlockingQueue.java:442)
        at java.util.concurrent.ThreadPoolExecutor.getTask(ThreadPoolExecutor.java:1074)
        at java.util.concurrent.ThreadPoolExecutor.runWorker(ThreadPoolExecutor.java:1134)
        at java.util.concurrent.ThreadPoolExecutor$Worker.run(ThreadPoolExecutor.java:624)
        at java.lang.Thread.run(Thread.java:750)
"JvmPauseMonitor26" daemon prio=5 tid=2732 timed_waiting
java.lang.Thread.State: TIMED_WAITING
        at java.lang.Thread.sleep(Native Method)
        at java.lang.Thread.sleep(Thread.java:342)
        at java.util.concurrent.TimeUnit.sleep(TimeUnit.java:386)
        at org.apache.ratis.util.TimeDuration.sleep(TimeDuration.java:325)
        at org.apache.ratis.util.TimeDuration.sleep(TimeDuration.java:310)
        at org.apache.ratis.util.JvmPauseMonitor.detectPause(JvmPauseMonitor.java:117)
        at org.apache.ratis.util.JvmPauseMonitor.run(JvmPauseMonitor.java:106)
        at org.apache.ratis.util.JvmPauseMonitor$$Lambda$419/1849581644.run(Unknown Source)
        at java.lang.Thread.run(Thread.java:750)
"BlockDeletingService#1" daemon prio=5 tid=2690 in Object.wait()
java.lang.Thread.State: WAITING (on object monitor)
        at sun.misc.Unsafe.park(Native Method)
        at java.util.concurrent.locks.LockSupport.park(LockSupport.java:175)
        at java.util.concurrent.locks.AbstractQueuedSynchronizer$ConditionObject.await(AbstractQueuedSynchronizer.java:2039)
        at java.util.concurrent.ScheduledThreadPoolExecutor$DelayedWorkQueue.take(ScheduledThreadPoolExecutor.java:1088)
        at java.util.concurrent.ScheduledThreadPoolExecutor$DelayedWorkQueue.take(ScheduledThreadPoolExecutor.java:809)
        at java.util.concurrent.ThreadPoolExecutor.getTask(ThreadPoolExecutor.java:1074)
        at java.util.concurrent.ThreadPoolExecutor.runWorker(ThreadPoolExecutor.java:1134)
        at java.util.concurrent.ThreadPoolExecutor$Worker.run(ThreadPoolExecutor.java:624)
        at java.lang.Thread.run(Thread.java:750)
"IPC Server handler 19 on default port 15159" daemon prio=5 tid=2417 timed_waiting
java.lang.Thread.State: TIMED_WAITING
        at sun.misc.Unsafe.park(Native Method)
        at java.util.concurrent.locks.LockSupport.parkNanos(LockSupport.java:215)
        at java.util.concurrent.locks.AbstractQueuedSynchronizer$ConditionObject.awaitNanos(AbstractQueuedSynchronizer.java:2078)
        at java.util.concurrent.LinkedBlockingQueue.poll(LinkedBlockingQueue.java:467)
        at org.apache.hadoop.ipc.CallQueueManager.take(CallQueueManager.java:317)
        at org.apache.hadoop.ipc.Server$Handler.run(Server.java:3014)
"qtp1198768798-2467" daemon prio=5 tid=2467 timed_waiting
java.lang.Thread.State: TIMED_WAITING
        at sun.misc.Unsafe.park(Native Method)
        at java.util.concurrent.locks.LockSupport.parkNanos(LockSupport.java:215)
        at java.util.concurrent.locks.AbstractQueuedSynchronizer$ConditionObject.awaitNanos(AbstractQueuedSynchronizer.java:2078)
        at org.eclipse.jetty.util.BlockingArrayQueue.poll(BlockingArrayQueue.java:382)
        at org.eclipse.jetty.util.thread.QueuedThreadPool$Runner.idleJobPoll(QueuedThreadPool.java:974)
        at org.eclipse.jetty.util.thread.QueuedThreadPool$Runner.run(QueuedThreadPool.java:1018)
        at java.lang.Thread.run(Thread.java:750)
"IPC Server Responder" daemon prio=5 tid=2606 runnable
java.lang.Thread.State: RUNNABLE
        at sun.nio.ch.EPollArrayWrapper.epollWait(Native Method)
        at sun.nio.ch.EPollArrayWrapper.poll(EPollArrayWrapper.java:269)
        at sun.nio.ch.EPollSelectorImpl.doSelect(EPollSelectorImpl.java:93)
        at sun.nio.ch.SelectorImpl.lockAndDoSelect(SelectorImpl.java:86)
        at sun.nio.ch.SelectorImpl.select(SelectorImpl.java:97)
        at org.apache.hadoop.ipc.Server$Responder.doRunLoop(Server.java:1582)
        at org.apache.hadoop.ipc.Server$Responder.run(Server.java:1565)
"Periodic HDDS volume checker" daemon prio=5 tid=2709 timed_waiting
java.lang.Thread.State: TIMED_WAITING
        at sun.misc.Unsafe.park(Native Method)
        at java.util.concurrent.locks.LockSupport.parkNanos(LockSupport.java:215)
        at java.util.concurrent.locks.AbstractQueuedSynchronizer$ConditionObject.awaitNanos(AbstractQueuedSynchronizer.java:2078)
        at java.util.concurrent.ScheduledThreadPoolExecutor$DelayedWorkQueue.take(ScheduledThreadPoolExecutor.java:1093)
        at java.util.concurrent.ScheduledThreadPoolExecutor$DelayedWorkQueue.take(ScheduledThreadPoolExecutor.java:809)
        at java.util.concurrent.ThreadPoolExecutor.getTask(ThreadPoolExecutor.java:1074)
        at java.util.concurrent.ThreadPoolExecutor.runWorker(ThreadPoolExecutor.java:1134)
        at java.util.concurrent.ThreadPoolExecutor$Worker.run(ThreadPoolExecutor.java:624)
        at java.lang.Thread.run(Thread.java:750)
"a412d968-2fe0-4f2a-9779-093f65c8ed8d@group-DFFC87AF8C54-StateMachineUpdater" daemon prio=5 tid=2818 timed_waiting
java.lang.Thread.State: TIMED_WAITING
        at sun.misc.Unsafe.park(Native Method)
        at java.util.concurrent.locks.LockSupport.parkNanos(LockSupport.java:215)
        at java.util.concurrent.locks.AbstractQueuedSynchronizer$ConditionObject.await(AbstractQueuedSynchronizer.java:2163)
        at org.apache.ratis.util.AwaitForSignal.await(AwaitForSignal.java:62)
        at org.apache.ratis.server.impl.StateMachineUpdater.waitForCommit(StateMachineUpdater.java:209)
        at org.apache.ratis.server.impl.StateMachineUpdater.run(StateMachineUpdater.java:178)
        at java.lang.Thread.run(Thread.java:750)
"IPC Server handler 7 on default port 15161" daemon prio=5 tid=2445 timed_waiting
java.lang.Thread.State: TIMED_WAITING
        at sun.misc.Unsafe.park(Native Method)
        at java.util.concurrent.locks.LockSupport.parkNanos(LockSupport.java:215)
        at java.util.concurrent.locks.AbstractQueuedSynchronizer$ConditionObject.awaitNanos(AbstractQueuedSynchronizer.java:2078)
        at java.util.concurrent.LinkedBlockingQueue.poll(LinkedBlockingQueue.java:467)
        at org.apache.hadoop.ipc.CallQueueManager.take(CallQueueManager.java:317)
        at org.apache.hadoop.ipc.Server$Handler.run(Server.java:3014)
"ReplicationMonitor" daemon prio=5 tid=2367 timed_waiting
java.lang.Thread.State: TIMED_WAITING
        at java.lang.Object.wait(Native Method)
        at org.apache.hadoop.hdds.scm.container.replication.ReplicationManager.run(ReplicationManager.java:913)
        at org.apache.hadoop.hdds.scm.container.replication.ReplicationManager$$Lambda$384/2053844805.run(Unknown Source)
        at java.lang.Thread.run(Thread.java:750)
"ChunkReader-ELG-0" daemon prio=5 tid=2687 runnable
java.lang.Thread.State: RUNNABLE
        at org.apache.ratis.thirdparty.io.netty.channel.epoll.Native.epollWait(Native Method)
        at org.apache.ratis.thirdparty.io.netty.channel.epoll.Native.epollWait(Native.java:209)
        at org.apache.ratis.thirdparty.io.netty.channel.epoll.Native.epollWait(Native.java:202)
        at org.apache.ratis.thirdparty.io.netty.channel.epoll.EpollEventLoop.epollWaitNoTimerChange(EpollEventLoop.java:306)
        at org.apache.ratis.thirdparty.io.netty.channel.epoll.EpollEventLoop.run(EpollEventLoop.java:363)
        at org.apache.ratis.thirdparty.io.netty.util.concurrent.SingleThreadEventExecutor$4.run(SingleThreadEventExecutor.java:997)
        at org.apache.ratis.thirdparty.io.netty.util.internal.ThreadExecutorMap$2.run(ThreadExecutorMap.java:74)
        at java.lang.Thread.run(Thread.java:750)
"IPC Server idle connection scanner for port 15196" daemon prio=5 tid=2634 timed_waiting
java.lang.Thread.State: TIMED_WAITING
        at java.lang.Object.wait(Native Method)
        at java.util.TimerThread.mainLoop(Timer.java:552)
        at java.util.TimerThread.run(Timer.java:505)
"ChunkReader-ELG-0" daemon prio=5 tid=2733 runnable
java.lang.Thread.State: RUNNABLE
        at org.apache.ratis.thirdparty.io.netty.channel.epoll.Native.epollWait(Native Method)
        at org.apache.ratis.thirdparty.io.netty.channel.epoll.Native.epollWait(Native.java:209)
        at org.apache.ratis.thirdparty.io.netty.channel.epoll.Native.epollWait(Native.java:202)
        at org.apache.ratis.thirdparty.io.netty.channel.epoll.EpollEventLoop.epollWaitNoTimerChange(EpollEventLoop.java:306)
        at org.apache.ratis.thirdparty.io.netty.channel.epoll.EpollEventLoop.run(EpollEventLoop.java:363)
        at org.apache.ratis.thirdparty.io.netty.util.concurrent.SingleThreadEventExecutor$4.run(SingleThreadEventExecutor.java:997)
        at org.apache.ratis.thirdparty.io.netty.util.internal.ThreadExecutorMap$2.run(ThreadExecutorMap.java:74)
        at java.lang.Thread.run(Thread.java:750)
"Datanode ReportManager Thread - 4" daemon prio=5 tid=2672 in Object.wait()
java.lang.Thread.State: WAITING (on object monitor)
        at sun.misc.Unsafe.park(Native Method)
        at java.util.concurrent.locks.LockSupport.park(LockSupport.java:175)
        at java.util.concurrent.locks.AbstractQueuedSynchronizer$ConditionObject.await(AbstractQueuedSynchronizer.java:2039)
        at java.util.concurrent.ScheduledThreadPoolExecutor$DelayedWorkQueue.take(ScheduledThreadPoolExecutor.java:1088)
        at java.util.concurrent.ScheduledThreadPoolExecutor$DelayedWorkQueue.take(ScheduledThreadPoolExecutor.java:809)
        at java.util.concurrent.ThreadPoolExecutor.getTask(ThreadPoolExecutor.java:1074)
        at java.util.concurrent.ThreadPoolExecutor.runWorker(ThreadPoolExecutor.java:1134)
        at java.util.concurrent.ThreadPoolExecutor$Worker.run(ThreadPoolExecutor.java:624)
        at java.lang.Thread.run(Thread.java:750)
"qtp90574308-2623" daemon prio=5 tid=2623 runnable
java.lang.Thread.State: RUNNABLE
        at sun.nio.ch.EPollArrayWrapper.epollWait(Native Method)
        at sun.nio.ch.EPollArrayWrapper.poll(EPollArrayWrapper.java:269)
        at sun.nio.ch.EPollSelectorImpl.doSelect(EPollSelectorImpl.java:93)
        at sun.nio.ch.SelectorImpl.lockAndDoSelect(SelectorImpl.java:86)
        at sun.nio.ch.SelectorImpl.select(SelectorImpl.java:97)
        at sun.nio.ch.SelectorImpl.select(SelectorImpl.java:101)
        at org.eclipse.jetty.io.ManagedSelector.nioSelect(ManagedSelector.java:183)
        at org.eclipse.jetty.io.ManagedSelector.select(ManagedSelector.java:190)
        at org.eclipse.jetty.io.ManagedSelector$SelectorProducer.select(ManagedSelector.java:606)
        at org.eclipse.jetty.io.ManagedSelector$SelectorProducer.produce(ManagedSelector.java:543)
        at org.eclipse.jetty.util.thread.strategy.EatWhatYouKill.produceTask(EatWhatYouKill.java:362)
        at org.eclipse.jetty.util.thread.strategy.EatWhatYouKill.doProduce(EatWhatYouKill.java:186)
        at org.eclipse.jetty.util.thread.strategy.EatWhatYouKill.tryProduce(EatWhatYouKill.java:173)
        at org.eclipse.jetty.util.thread.strategy.EatWhatYouKill.produce(EatWhatYouKill.java:137)
        at org.eclipse.jetty.io.ManagedSelector$$Lambda$455/224872000.run(Unknown Source)
        at org.eclipse.jetty.util.thread.QueuedThreadPool.runJob(QueuedThreadPool.java:883)
        at org.eclipse.jetty.util.thread.QueuedThreadPool$Runner.run(QueuedThreadPool.java:1034)
        at java.lang.Thread.run(Thread.java:750)
"IPC Server handler 17 on default port 15160" daemon prio=5 tid=2435 timed_waiting
java.lang.Thread.State: TIMED_WAITING
        at sun.misc.Unsafe.park(Native Method)
        at java.util.concurrent.locks.LockSupport.parkNanos(LockSupport.java:215)
        at java.util.concurrent.locks.AbstractQueuedSynchronizer$ConditionObject.awaitNanos(AbstractQueuedSynchronizer.java:2078)
        at java.util.concurrent.LinkedBlockingQueue.poll(LinkedBlockingQueue.java:467)
        at org.apache.hadoop.ipc.CallQueueManager.take(CallQueueManager.java:317)
        at org.apache.hadoop.ipc.Server$Handler.run(Server.java:3014)
"IPC Server handler 10 on default port 15159" daemon prio=5 tid=2408 timed_waiting
java.lang.Thread.State: TIMED_WAITING
        at sun.misc.Unsafe.park(Native Method)
        at java.util.concurrent.locks.LockSupport.parkNanos(LockSupport.java:215)
        at java.util.concurrent.locks.AbstractQueuedSynchronizer$ConditionObject.awaitNanos(AbstractQueuedSynchronizer.java:2078)
        at java.util.concurrent.LinkedBlockingQueue.poll(LinkedBlockingQueue.java:467)
        at org.apache.hadoop.ipc.CallQueueManager.take(CallQueueManager.java:317)
        at org.apache.hadoop.ipc.Server$Handler.run(Server.java:3014)
"ChunkWriter-2-0" daemon prio=5 tid=2745 in Object.wait()
java.lang.Thread.State: WAITING (on object monitor)
        at sun.misc.Unsafe.park(Native Method)
        at java.util.concurrent.locks.LockSupport.park(LockSupport.java:175)
        at java.util.concurrent.locks.AbstractQueuedSynchronizer$ConditionObject.await(AbstractQueuedSynchronizer.java:2039)
        at java.util.concurrent.LinkedBlockingDeque.takeFirst(LinkedBlockingDeque.java:492)
        at java.util.concurrent.LinkedBlockingDeque.take(LinkedBlockingDeque.java:680)
        at java.util.concurrent.ThreadPoolExecutor.getTask(ThreadPoolExecutor.java:1074)
        at java.util.concurrent.ThreadPoolExecutor.runWorker(ThreadPoolExecutor.java:1134)
        at java.util.concurrent.ThreadPoolExecutor$Worker.run(ThreadPoolExecutor.java:624)
        at java.lang.Thread.run(Thread.java:750)
"IPC Server handler 6 on default port 15159" daemon prio=5 tid=2404 timed_waiting
java.lang.Thread.State: TIMED_WAITING
        at sun.misc.Unsafe.park(Native Method)
        at java.util.concurrent.locks.LockSupport.parkNanos(LockSupport.java:215)
        at java.util.concurrent.locks.AbstractQueuedSynchronizer$ConditionObject.awaitNanos(AbstractQueuedSynchronizer.java:2078)
        at java.util.concurrent.LinkedBlockingQueue.poll(LinkedBlockingQueue.java:467)
        at org.apache.hadoop.ipc.CallQueueManager.take(CallQueueManager.java:317)
        at org.apache.hadoop.ipc.Server$Handler.run(Server.java:3014)
"IPC Server handler 16 on default port 15163" daemon prio=5 tid=2524 timed_waiting
java.lang.Thread.State: TIMED_WAITING
        at sun.misc.Unsafe.park(Native Method)
        at java.util.concurrent.locks.LockSupport.parkNanos(LockSupport.java:215)
        at java.util.concurrent.locks.AbstractQueuedSynchronizer$ConditionObject.awaitNanos(AbstractQueuedSynchronizer.java:2078)
        at java.util.concurrent.LinkedBlockingQueue.poll(LinkedBlockingQueue.java:467)
        at org.apache.hadoop.ipc.CallQueueManager.take(CallQueueManager.java:317)
        at org.apache.hadoop.ipc.Server$Handler.run(Server.java:3014)
"om1-client-thread1" daemon prio=5 tid=2883 timed_waiting
java.lang.Thread.State: TIMED_WAITING
        at sun.misc.Unsafe.park(Native Method)
        at java.util.concurrent.locks.LockSupport.parkNanos(LockSupport.java:215)
        at java.util.concurrent.SynchronousQueue$TransferStack.awaitFulfill(SynchronousQueue.java:460)
        at java.util.concurrent.SynchronousQueue$TransferStack.transfer(SynchronousQueue.java:362)
        at java.util.concurrent.SynchronousQueue.poll(SynchronousQueue.java:941)
        at java.util.concurrent.ThreadPoolExecutor.getTask(ThreadPoolExecutor.java:1073)
        at java.util.concurrent.ThreadPoolExecutor.runWorker(ThreadPoolExecutor.java:1134)
        at java.util.concurrent.ThreadPoolExecutor$Worker.run(ThreadPoolExecutor.java:624)
        at java.lang.Thread.run(Thread.java:750)
"PartialTableCache Cleanup Thread - 0" daemon prio=5 tid=2904 in Object.wait()
java.lang.Thread.State: WAITING (on object monitor)
        at sun.misc.Unsafe.park(Native Method)
        at java.util.concurrent.locks.LockSupport.park(LockSupport.java:175)
        at java.util.concurrent.locks.AbstractQueuedSynchronizer$ConditionObject.await(AbstractQueuedSynchronizer.java:2039)
        at java.util.concurrent.LinkedBlockingQueue.take(LinkedBlockingQueue.java:442)
        at java.util.concurrent.ThreadPoolExecutor.getTask(ThreadPoolExecutor.java:1074)
        at java.util.concurrent.ThreadPoolExecutor.runWorker(ThreadPoolExecutor.java:1134)
        at java.util.concurrent.ThreadPoolExecutor$Worker.run(ThreadPoolExecutor.java:624)
        at java.lang.Thread.run(Thread.java:750)
"qtp1839204938-2596" daemon prio=5 tid=2596 timed_waiting
java.lang.Thread.State: TIMED_WAITING
        at sun.misc.Unsafe.park(Native Method)
        at java.util.concurrent.locks.LockSupport.parkNanos(LockSupport.java:215)
        at java.util.concurrent.locks.AbstractQueuedSynchronizer$ConditionObject.awaitNanos(AbstractQueuedSynchronizer.java:2078)
        at org.eclipse.jetty.util.BlockingArrayQueue.poll(BlockingArrayQueue.java:382)
        at org.eclipse.jetty.util.thread.QueuedThreadPool$Runner.idleJobPoll(QueuedThreadPool.java:974)
        at org.eclipse.jetty.util.thread.QueuedThreadPool$Runner.run(QueuedThreadPool.java:1018)
        at java.lang.Thread.run(Thread.java:750)
"qtp688933350-2505" daemon prio=5 tid=2505 timed_waiting
java.lang.Thread.State: TIMED_WAITING
        at sun.misc.Unsafe.park(Native Method)
        at java.util.concurrent.locks.LockSupport.parkNanos(LockSupport.java:215)
        at java.util.concurrent.locks.AbstractQueuedSynchronizer$ConditionObject.awaitNanos(AbstractQueuedSynchronizer.java:2078)
        at org.eclipse.jetty.util.BlockingArrayQueue.poll(BlockingArrayQueue.java:382)
        at org.eclipse.jetty.util.thread.QueuedThreadPool$Runner.idleJobPoll(QueuedThreadPool.java:974)
        at org.eclipse.jetty.util.thread.QueuedThreadPool$Runner.run(QueuedThreadPool.java:1018)
        at java.lang.Thread.run(Thread.java:750)
"FixedThreadPoolWithAffinityExecutor-8-0" daemon prio=5 tid=2394 timed_waiting
java.lang.Thread.State: TIMED_WAITING
        at sun.misc.Unsafe.park(Native Method)
        at java.util.concurrent.locks.LockSupport.parkNanos(LockSupport.java:215)
        at java.util.concurrent.locks.AbstractQueuedSynchronizer$ConditionObject.awaitNanos(AbstractQueuedSynchronizer.java:2078)
        at java.util.concurrent.LinkedBlockingQueue.poll(LinkedBlockingQueue.java:467)
        at org.apache.hadoop.hdds.scm.server.ContainerReportQueue.poll(ContainerReportQueue.java:266)
        at org.apache.hadoop.hdds.scm.server.ContainerReportQueue.poll(ContainerReportQueue.java:42)
        at org.apache.hadoop.hdds.server.events.FixedThreadPoolWithAffinityExecutor$ContainerReportProcessTask.run(FixedThreadPoolWithAffinityExecutor.java:247)
        at java.util.concurrent.Executors$RunnableAdapter.call(Executors.java:511)
        at java.util.concurrent.FutureTask.run(FutureTask.java:266)
        at java.util.concurrent.ThreadPoolExecutor.runWorker(ThreadPoolExecutor.java:1149)
        at java.util.concurrent.ThreadPoolExecutor$Worker.run(ThreadPoolExecutor.java:624)
        at java.lang.Thread.run(Thread.java:750)
"Datanode ReportManager Thread - 2" daemon prio=5 tid=2612 in Object.wait()
java.lang.Thread.State: WAITING (on object monitor)
        at sun.misc.Unsafe.park(Native Method)
        at java.util.concurrent.locks.LockSupport.park(LockSupport.java:175)
        at java.util.concurrent.locks.AbstractQueuedSynchronizer$ConditionObject.await(AbstractQueuedSynchronizer.java:2039)
        at java.util.concurrent.ScheduledThreadPoolExecutor$DelayedWorkQueue.take(ScheduledThreadPoolExecutor.java:1088)
        at java.util.concurrent.ScheduledThreadPoolExecutor$DelayedWorkQueue.take(ScheduledThreadPoolExecutor.java:809)
        at java.util.concurrent.ThreadPoolExecutor.getTask(ThreadPoolExecutor.java:1074)
        at java.util.concurrent.ThreadPoolExecutor.runWorker(ThreadPoolExecutor.java:1134)
        at java.util.concurrent.ThreadPoolExecutor$Worker.run(ThreadPoolExecutor.java:624)
        at java.lang.Thread.run(Thread.java:750)
"PartialTableCache Cleanup Thread - 0" daemon prio=5 tid=2121 in Object.wait()
java.lang.Thread.State: WAITING (on object monitor)
        at sun.misc.Unsafe.park(Native Method)
        at java.util.concurrent.locks.LockSupport.park(LockSupport.java:175)
        at java.util.concurrent.locks.AbstractQueuedSynchronizer$ConditionObject.await(AbstractQueuedSynchronizer.java:2039)
        at java.util.concurrent.LinkedBlockingQueue.take(LinkedBlockingQueue.java:442)
        at java.util.concurrent.ThreadPoolExecutor.getTask(ThreadPoolExecutor.java:1074)
        at java.util.concurrent.ThreadPoolExecutor.runWorker(ThreadPoolExecutor.java:1134)
        at java.util.concurrent.ThreadPoolExecutor$Worker.run(ThreadPoolExecutor.java:624)
        at java.lang.Thread.run(Thread.java:750)
"Datanode ReportManager Thread - 2" daemon prio=5 tid=2641 in Object.wait()
java.lang.Thread.State: WAITING (on object monitor)
        at sun.misc.Unsafe.park(Native Method)
        at java.util.concurrent.locks.LockSupport.park(LockSupport.java:175)
        at java.util.concurrent.locks.AbstractQueuedSynchronizer$ConditionObject.await(AbstractQueuedSynchronizer.java:2039)
        at java.util.concurrent.ScheduledThreadPoolExecutor$DelayedWorkQueue.take(ScheduledThreadPoolExecutor.java:1088)
        at java.util.concurrent.ScheduledThreadPoolExecutor$DelayedWorkQueue.take(ScheduledThreadPoolExecutor.java:809)
        at java.util.concurrent.ThreadPoolExecutor.getTask(ThreadPoolExecutor.java:1074)
        at java.util.concurrent.ThreadPoolExecutor.runWorker(ThreadPoolExecutor.java:1134)
        at java.util.concurrent.ThreadPoolExecutor$Worker.run(ThreadPoolExecutor.java:624)
        at java.lang.Thread.run(Thread.java:750)
"IPC Server handler 0 on default port 15161" daemon prio=5 tid=2438 timed_waiting
java.lang.Thread.State: TIMED_WAITING
        at sun.misc.Unsafe.park(Native Method)
        at java.util.concurrent.locks.LockSupport.parkNanos(LockSupport.java:215)
        at java.util.concurrent.locks.AbstractQueuedSynchronizer$ConditionObject.awaitNanos(AbstractQueuedSynchronizer.java:2078)
        at java.util.concurrent.LinkedBlockingQueue.poll(LinkedBlockingQueue.java:467)
        at org.apache.hadoop.ipc.CallQueueManager.take(CallQueueManager.java:317)
        at org.apache.hadoop.ipc.Server$Handler.run(Server.java:3014)
"qtp1198768798-2464" daemon prio=5 tid=2464 timed_waiting
java.lang.Thread.State: TIMED_WAITING
        at sun.misc.Unsafe.park(Native Method)
        at java.util.concurrent.locks.LockSupport.parkNanos(LockSupport.java:215)
        at java.util.concurrent.locks.AbstractQueuedSynchronizer$ConditionObject.awaitNanos(AbstractQueuedSynchronizer.java:2078)
        at org.eclipse.jetty.util.BlockingArrayQueue.poll(BlockingArrayQueue.java:382)
        at org.eclipse.jetty.util.thread.QueuedThreadPool$Runner.idleJobPoll(QueuedThreadPool.java:974)
        at org.eclipse.jetty.util.thread.QueuedThreadPool$Runner.run(QueuedThreadPool.java:1018)
        at java.lang.Thread.run(Thread.java:750)
"a412d968-2fe0-4f2a-9779-093f65c8ed8d-NettyServerStreamRpc-bossGroup--thread1" daemon prio=5 tid=2619 runnable
java.lang.Thread.State: RUNNABLE
        at sun.nio.ch.EPollArrayWrapper.epollWait(Native Method)
        at sun.nio.ch.EPollArrayWrapper.poll(EPollArrayWrapper.java:269)
        at sun.nio.ch.EPollSelectorImpl.doSelect(EPollSelectorImpl.java:93)
        at sun.nio.ch.SelectorImpl.lockAndDoSelect(SelectorImpl.java:86)
        at sun.nio.ch.SelectorImpl.select(SelectorImpl.java:97)
        at sun.nio.ch.SelectorImpl.select(SelectorImpl.java:101)
        at org.apache.ratis.thirdparty.io.netty.channel.nio.SelectedSelectionKeySetSelector.select(SelectedSelectionKeySetSelector.java:68)
        at org.apache.ratis.thirdparty.io.netty.channel.nio.NioEventLoop.select(NioEventLoop.java:879)
        at org.apache.ratis.thirdparty.io.netty.channel.nio.NioEventLoop.run(NioEventLoop.java:526)
        at org.apache.ratis.thirdparty.io.netty.util.concurrent.SingleThreadEventExecutor$4.run(SingleThreadEventExecutor.java:997)
        at org.apache.ratis.thirdparty.io.netty.util.internal.ThreadExecutorMap$2.run(ThreadExecutorMap.java:74)
        at java.lang.Thread.run(Thread.java:750)
"om1@group-C5BA1605619E-StateMachineUpdater" daemon prio=5 tid=2489 timed_waiting
java.lang.Thread.State: TIMED_WAITING
        at sun.misc.Unsafe.park(Native Method)
        at java.util.concurrent.locks.LockSupport.parkNanos(LockSupport.java:215)
        at java.util.concurrent.locks.AbstractQueuedSynchronizer$ConditionObject.await(AbstractQueuedSynchronizer.java:2163)
        at org.apache.ratis.util.AwaitForSignal.await(AwaitForSignal.java:62)
        at org.apache.ratis.server.impl.StateMachineUpdater.waitForCommit(StateMachineUpdater.java:209)
        at org.apache.ratis.server.impl.StateMachineUpdater.run(StateMachineUpdater.java:178)
        at java.lang.Thread.run(Thread.java:750)
"PartialTableCache Cleanup Thread - 0" daemon prio=5 tid=2890 in Object.wait()
java.lang.Thread.State: WAITING (on object monitor)
        at sun.misc.Unsafe.park(Native Method)
        at java.util.concurrent.locks.LockSupport.park(LockSupport.java:175)
        at java.util.concurrent.locks.AbstractQueuedSynchronizer$ConditionObject.await(AbstractQueuedSynchronizer.java:2039)
        at java.util.concurrent.LinkedBlockingQueue.take(LinkedBlockingQueue.java:442)
        at java.util.concurrent.ThreadPoolExecutor.getTask(ThreadPoolExecutor.java:1074)
        at java.util.concurrent.ThreadPoolExecutor.runWorker(ThreadPoolExecutor.java:1134)
        at java.util.concurrent.ThreadPoolExecutor$Worker.run(ThreadPoolExecutor.java:624)
        at java.lang.Thread.run(Thread.java:750)
"qtp90574308-2624" daemon prio=5 tid=2624 timed_waiting
java.lang.Thread.State: TIMED_WAITING
        at sun.misc.Unsafe.park(Native Method)
        at java.util.concurrent.locks.LockSupport.parkNanos(LockSupport.java:215)
        at java.util.concurrent.locks.AbstractQueuedSynchronizer$ConditionObject.awaitNanos(AbstractQueuedSynchronizer.java:2078)
        at org.eclipse.jetty.util.BlockingArrayQueue.poll(BlockingArrayQueue.java:382)
        at org.eclipse.jetty.util.thread.QueuedThreadPool$Runner.idleJobPoll(QueuedThreadPool.java:974)
        at org.eclipse.jetty.util.thread.QueuedThreadPool$Runner.run(QueuedThreadPool.java:1018)
        at java.lang.Thread.run(Thread.java:750)
"BlockDeletingService#0" daemon prio=5 tid=2749 timed_waiting
java.lang.Thread.State: TIMED_WAITING
        at sun.misc.Unsafe.park(Native Method)
        at java.util.concurrent.locks.LockSupport.parkNanos(LockSupport.java:215)
        at java.util.concurrent.locks.AbstractQueuedSynchronizer$ConditionObject.awaitNanos(AbstractQueuedSynchronizer.java:2078)
        at java.util.concurrent.ScheduledThreadPoolExecutor$DelayedWorkQueue.take(ScheduledThreadPoolExecutor.java:1093)
        at java.util.concurrent.ScheduledThreadPoolExecutor$DelayedWorkQueue.take(ScheduledThreadPoolExecutor.java:809)
        at java.util.concurrent.ThreadPoolExecutor.getTask(ThreadPoolExecutor.java:1074)
        at java.util.concurrent.ThreadPoolExecutor.runWorker(ThreadPoolExecutor.java:1134)
        at java.util.concurrent.ThreadPoolExecutor$Worker.run(ThreadPoolExecutor.java:624)
        at java.lang.Thread.run(Thread.java:750)
"IPC Server handler 8 on default port 15161" daemon prio=5 tid=2446 timed_waiting
java.lang.Thread.State: TIMED_WAITING
        at sun.misc.Unsafe.park(Native Method)
        at java.util.concurrent.locks.LockSupport.parkNanos(LockSupport.java:215)
        at java.util.concurrent.locks.AbstractQueuedSynchronizer$ConditionObject.awaitNanos(AbstractQueuedSynchronizer.java:2078)
        at java.util.concurrent.LinkedBlockingQueue.poll(LinkedBlockingQueue.java:467)
        at org.apache.hadoop.ipc.CallQueueManager.take(CallQueueManager.java:317)
        at org.apache.hadoop.ipc.Server$Handler.run(Server.java:3014)
"Datanode State Machine Task Thread - 1"  prio=5 tid=2722 in Object.wait()
java.lang.Thread.State: WAITING (on object monitor)
        at sun.misc.Unsafe.park(Native Method)
        at java.util.concurrent.locks.LockSupport.park(LockSupport.java:175)
        at java.util.concurrent.locks.AbstractQueuedSynchronizer$ConditionObject.await(AbstractQueuedSynchronizer.java:2039)
        at java.util.concurrent.LinkedBlockingQueue.take(LinkedBlockingQueue.java:442)
        at java.util.concurrent.ThreadPoolExecutor.getTask(ThreadPoolExecutor.java:1074)
        at java.util.concurrent.ThreadPoolExecutor.runWorker(ThreadPoolExecutor.java:1134)
        at java.util.concurrent.ThreadPoolExecutor$Worker.run(ThreadPoolExecutor.java:624)
        at java.lang.Thread.run(Thread.java:750)
"IPC Server listener on 15187" daemon prio=5 tid=2603 runnable
java.lang.Thread.State: RUNNABLE
        at sun.nio.ch.EPollArrayWrapper.epollWait(Native Method)
        at sun.nio.ch.EPollArrayWrapper.poll(EPollArrayWrapper.java:269)
        at sun.nio.ch.EPollSelectorImpl.doSelect(EPollSelectorImpl.java:93)
        at sun.nio.ch.SelectorImpl.lockAndDoSelect(SelectorImpl.java:86)
        at sun.nio.ch.SelectorImpl.select(SelectorImpl.java:97)
        at sun.nio.ch.SelectorImpl.select(SelectorImpl.java:101)
        at org.apache.hadoop.ipc.Server$Listener.run(Server.java:1408)
"Socket Reader #1 for port 15161" daemon prio=5 tid=2372 runnable
java.lang.Thread.State: RUNNABLE
        at sun.nio.ch.EPollArrayWrapper.epollWait(Native Method)
        at sun.nio.ch.EPollArrayWrapper.poll(EPollArrayWrapper.java:269)
        at sun.nio.ch.EPollSelectorImpl.doSelect(EPollSelectorImpl.java:93)
        at sun.nio.ch.SelectorImpl.lockAndDoSelect(SelectorImpl.java:86)
        at sun.nio.ch.SelectorImpl.select(SelectorImpl.java:97)
        at sun.nio.ch.SelectorImpl.select(SelectorImpl.java:101)
        at org.apache.hadoop.ipc.Server$Listener$Reader.doRunLoop(Server.java:1346)
        at org.apache.hadoop.ipc.Server$Listener$Reader.run(Server.java:1325)
"StaleRecoveringContainerScrubbingService#1" daemon prio=5 tid=2736 in Object.wait()
java.lang.Thread.State: WAITING (on object monitor)
        at sun.misc.Unsafe.park(Native Method)
        at java.util.concurrent.locks.LockSupport.park(LockSupport.java:175)
        at java.util.concurrent.locks.AbstractQueuedSynchronizer$ConditionObject.await(AbstractQueuedSynchronizer.java:2039)
        at java.util.concurrent.ScheduledThreadPoolExecutor$DelayedWorkQueue.take(ScheduledThreadPoolExecutor.java:1088)
        at java.util.concurrent.ScheduledThreadPoolExecutor$DelayedWorkQueue.take(ScheduledThreadPoolExecutor.java:809)
        at java.util.concurrent.ThreadPoolExecutor.getTask(ThreadPoolExecutor.java:1074)
        at java.util.concurrent.ThreadPoolExecutor.runWorker(ThreadPoolExecutor.java:1134)
        at java.util.concurrent.ThreadPoolExecutor$Worker.run(ThreadPoolExecutor.java:624)
        at java.lang.Thread.run(Thread.java:750)
"IPC Server handler 4 on default port 15159" daemon prio=5 tid=2402 timed_waiting
java.lang.Thread.State: TIMED_WAITING
        at sun.misc.Unsafe.park(Native Method)
        at java.util.concurrent.locks.LockSupport.parkNanos(LockSupport.java:215)
        at java.util.concurrent.locks.AbstractQueuedSynchronizer$ConditionObject.awaitNanos(AbstractQueuedSynchronizer.java:2078)
        at java.util.concurrent.LinkedBlockingQueue.poll(LinkedBlockingQueue.java:467)
        at org.apache.hadoop.ipc.CallQueueManager.take(CallQueueManager.java:317)
        at org.apache.hadoop.ipc.Server$Handler.run(Server.java:3014)
"IPC Server handler 10 on default port 15161" daemon prio=5 tid=2448 timed_waiting
java.lang.Thread.State: TIMED_WAITING
        at sun.misc.Unsafe.park(Native Method)
        at java.util.concurrent.locks.LockSupport.parkNanos(LockSupport.java:215)
        at java.util.concurrent.locks.AbstractQueuedSynchronizer$ConditionObject.awaitNanos(AbstractQueuedSynchronizer.java:2078)
        at java.util.concurrent.LinkedBlockingQueue.poll(LinkedBlockingQueue.java:467)
        at org.apache.hadoop.ipc.CallQueueManager.take(CallQueueManager.java:317)
        at org.apache.hadoop.ipc.Server$Handler.run(Server.java:3014)


	at org.apache.ozone.test.GenericTestUtils.waitFor(GenericTestUtils.java:231)
	at org.apache.hadoop.ozone.container.TestHelper.waitForReplicaCount(TestHelper.java:440)
	at org.apache.hadoop.ozone.container.TestContainerReplication.testContainerReplication(TestContainerReplication.java:134)
	at sun.reflect.NativeMethodAccessorImpl.invoke0(Native Method)
	at sun.reflect.NativeMethodAccessorImpl.invoke(NativeMethodAccessorImpl.java:62)
	at sun.reflect.DelegatingMethodAccessorImpl.invoke(DelegatingMethodAccessorImpl.java:43)
	at java.lang.reflect.Method.invoke(Method.java:498)
	at org.junit.runners.model.FrameworkMethod$1.runReflectiveCall(FrameworkMethod.java:59)
	at org.junit.internal.runners.model.ReflectiveCallable.run(ReflectiveCallable.java:12)
	at org.junit.runners.model.FrameworkMethod.invokeExplosively(FrameworkMethod.java:56)
	at org.junit.internal.runners.statements.InvokeMethod.evaluate(InvokeMethod.java:17)
	at org.junit.internal.runners.statements.RunBefores.evaluate(RunBefores.java:26)
	at org.junit.internal.runners.statements.RunAfters.evaluate(RunAfters.java:27)
	at org.junit.internal.runners.statements.FailOnTimeout$CallableStatement.call(FailOnTimeout.java:288)
	at org.junit.internal.runners.statements.FailOnTimeout$CallableStatement.call(FailOnTimeout.java:282)
	at java.util.concurrent.FutureTask.run(FutureTask.java:266)
	at java.lang.Thread.run(Thread.java:750)
]]></error>
    <system-out><![CDATA[2023-08-25 08:52:28,873 [Time-limited test] WARN  server.ServerUtils (ServerUtils.java:getScmDbDir(155)) - ozone.scm.db.dirs is not configured. We recommend adding this setting. Falling back to ozone.metadata.dirs instead.
2023-08-25 08:52:28,877 [Time-limited test] WARN  server.ServerUtils (ServerUtils.java:getScmDbDir(155)) - ozone.scm.db.dirs is not configured. We recommend adding this setting. Falling back to ozone.metadata.dirs instead.
2023-08-25 08:52:28,877 [Time-limited test] INFO  ha.SCMHANodeDetails (SCMHANodeDetails.java:loadSCMHAConfig(210)) - ServiceID for StorageContainerManager is null
2023-08-25 08:52:28,877 [Time-limited test] INFO  ha.SCMHANodeDetails (SCMHANodeDetails.java:loadSCMHAConfig(215)) - ozone.scm.default.service.id is not defined, falling back to ozone.scm.service.ids to find serviceID for StorageContainerManager if it is HA enabled cluster
2023-08-25 08:52:28,878 [Time-limited test] WARN  utils.HAUtils (HAUtils.java:getMetaDir(339)) - ozone.scm.db.dirs is not configured. We recommend adding this setting. Falling back to ozone.metadata.dirs instead.
2023-08-25 08:52:28,878 [Time-limited test] WARN  db.DBStoreBuilder (DBStoreBuilder.java:applyDBDefinition(166)) - ozone.scm.db.dirs is not configured. We recommend adding this setting. Falling back to ozone.metadata.dirs instead.
2023-08-25 08:52:29,014 [Time-limited test] INFO  net.NodeSchemaLoader (NodeSchemaLoader.java:loadSchemaFromFile(129)) - Loading schema from [jar:file:/home/runner/.m2/repository/org/apache/ozone/hdds-common/1.4.0-SNAPSHOT/hdds-common-1.4.0-SNAPSHOT.jar!/network-topology-default.xml]
2023-08-25 08:52:29,015 [Time-limited test] INFO  net.NodeSchemaLoader (NodeSchemaLoader.java:loadSchema(176)) - Loading network topology layer schema file
2023-08-25 08:52:29,017 [Time-limited test] INFO  upgrade.AbstractLayoutVersionManager (AbstractLayoutVersionManager.java:init(83)) - Initializing Layout version manager with metadata layout = HADOOP_PRC_PORTS_IN_DATANODEDETAILS (version = 7), software layout = HADOOP_PRC_PORTS_IN_DATANODEDETAILS (version = 7)
2023-08-25 08:52:29,018 [Time-limited test] INFO  ha.SequenceIdGenerator (SequenceIdGenerator.java:upgradeToSequenceId(365)) - upgrade localId to 111677748019200000
2023-08-25 08:52:29,019 [Time-limited test] INFO  ha.SequenceIdGenerator (SequenceIdGenerator.java:upgradeToSequenceId(375)) - upgrade delTxnId to 0
2023-08-25 08:52:29,019 [Time-limited test] INFO  ha.SequenceIdGenerator (SequenceIdGenerator.java:upgradeToSequenceId(392)) - upgrade containerId to 0
2023-08-25 08:52:29,020 [Time-limited test] INFO  ha.SequenceIdGenerator (SequenceIdGenerator.java:upgradeToSequenceId(428)) - upgrade rootCertificateId to 1
2023-08-25 08:52:29,020 [Time-limited test] INFO  ha.SequenceIdGenerator (SequenceIdGenerator.java:<init>(236)) - Init the HA SequenceIdGenerator.
2023-08-25 08:52:29,021 [Time-limited test] INFO  node.SCMNodeManager (SCMNodeManager.java:<init>(157)) - Entering startup safe mode.
2023-08-25 08:52:29,022 [Time-limited test] INFO  algorithms.ContainerPlacementPolicyFactory (ContainerPlacementPolicyFactory.java:getPolicyInternal(86)) - Create container placement policy of type org.apache.hadoop.hdds.scm.container.placement.algorithms.SCMContainerPlacementCapacity
2023-08-25 08:52:29,022 [Time-limited test] INFO  algorithms.ContainerPlacementPolicyFactory (ContainerPlacementPolicyFactory.java:getPolicyInternal(86)) - Create container placement policy of type org.apache.hadoop.hdds.scm.container.placement.algorithms.SCMContainerPlacementRackScatter
2023-08-25 08:52:29,022 [Time-limited test] INFO  pipeline.PipelineStateManagerImpl (PipelineStateManagerImpl.java:initialize(78)) - No pipeline exists in current db
2023-08-25 08:52:29,022 [Time-limited test] INFO  algorithms.LeaderChoosePolicyFactory (LeaderChoosePolicyFactory.java:getPolicy(57)) - Create leader choose policy of type org.apache.hadoop.hdds.scm.pipeline.leader.choose.algorithms.MinLeaderCountChoosePolicy
2023-08-25 08:52:29,022 [Time-limited test] INFO  algorithms.ContainerPlacementPolicyFactory (ContainerPlacementPolicyFactory.java:getPolicyInternal(86)) - Create container placement policy of type org.apache.hadoop.hdds.scm.container.placement.algorithms.SCMContainerPlacementRackScatter
2023-08-25 08:52:29,022 [Time-limited test] INFO  ha.SCMServiceManager (SCMServiceManager.java:register(42)) - Registering service BackgroundPipelineCreator.
2023-08-25 08:52:29,022 [Time-limited test] INFO  pipeline.BackgroundPipelineCreator (BackgroundPipelineCreator.java:start(124)) - Starting RatisPipelineUtilsThread.
2023-08-25 08:52:29,023 [Time-limited test] INFO  BackgroundPipelineScrubber (BackgroundSCMService.java:start(68)) - Starting BackgroundPipelineScrubber Service.
2023-08-25 08:52:29,023 [Time-limited test] INFO  ha.SCMServiceManager (SCMServiceManager.java:register(42)) - Registering service BackgroundPipelineScrubber.
2023-08-25 08:52:29,023 [Time-limited test] INFO  ExpiredContainerReplicaOpScrubber (BackgroundSCMService.java:start(68)) - Starting ExpiredContainerReplicaOpScrubber Service.
2023-08-25 08:52:29,023 [Time-limited test] INFO  ha.SCMServiceManager (SCMServiceManager.java:register(42)) - Registering service ExpiredContainerReplicaOpScrubber.
2023-08-25 08:52:29,024 [Time-limited test] INFO  algorithms.PipelineChoosePolicyFactory (PipelineChoosePolicyFactory.java:createPipelineChoosePolicyFromClass(78)) - Create pipeline choose policy of type org.apache.hadoop.hdds.scm.pipeline.choose.algorithms.RandomPipelineChoosePolicy
2023-08-25 08:52:29,024 [Time-limited test] INFO  algorithms.PipelineChoosePolicyFactory (PipelineChoosePolicyFactory.java:createPipelineChoosePolicyFromClass(78)) - Create pipeline choose policy of type org.apache.hadoop.hdds.scm.pipeline.choose.algorithms.RandomPipelineChoosePolicy
2023-08-25 08:52:29,024 [Time-limited test] INFO  ha.SCMServiceManager (SCMServiceManager.java:register(42)) - Registering service SCMBlockDeletingService.
2023-08-25 08:52:29,025 [Time-limited test] INFO  replication.ReplicationManager (ReplicationManager.java:start(287)) - Starting Replication Monitor Thread.
2023-08-25 08:52:29,026 [ReplicationMonitor] INFO  replication.ReplicationManager (ReplicationManager.java:processAll(361)) - Replication Manager is not ready to run until 3000ms after safemode exit
2023-08-25 08:52:29,026 [Time-limited test] INFO  ha.SCMServiceManager (SCMServiceManager.java:register(42)) - Registering service ReplicationManager.
2023-08-25 08:52:29,026 [Time-limited test] INFO  safemode.ContainerSafeModeRule (ContainerSafeModeRule.java:<init>(90)) - containers with one replica threshold count 0
2023-08-25 08:52:29,026 [Time-limited test] INFO  safemode.HealthyPipelineSafeModeRule (HealthyPipelineSafeModeRule.java:initializeRule(169)) - Total pipeline count is 0, healthy pipeline threshold count is 1
2023-08-25 08:52:29,026 [Time-limited test] INFO  safemode.OneReplicaPipelineSafeModeRule (OneReplicaPipelineSafeModeRule.java:initializeRule(180)) - Total pipeline count is 0, pipeline's with at least one datanode reported threshold count is 0
2023-08-25 08:52:29,027 [Time-limited test] INFO  server.StorageContainerManager (StorageContainerManager.java:<init>(425)) - SCM start with adminUsers: [runner]
2023-08-25 08:52:29,027 [Time-limited test] INFO  ipc.CallQueueManager (CallQueueManager.java:<init>(90)) - Using callQueue: class java.util.concurrent.LinkedBlockingQueue, queueCapacity: 2000, scheduler: class org.apache.hadoop.ipc.DefaultRpcScheduler, ipcBackoff: false.
2023-08-25 08:52:29,027 [Time-limited test] INFO  ipc.Server (Server.java:<init>(1287)) - Listener at 0.0.0.0:15161
2023-08-25 08:52:29,028 [Socket Reader #1 for port 15161] INFO  ipc.Server (Server.java:run(1323)) - Starting Socket Reader #1 for port 15161
2023-08-25 08:52:29,029 [Time-limited test] INFO  ipc.CallQueueManager (CallQueueManager.java:<init>(90)) - Using callQueue: class java.util.concurrent.LinkedBlockingQueue, queueCapacity: 2000, scheduler: class org.apache.hadoop.ipc.DefaultRpcScheduler, ipcBackoff: false.
2023-08-25 08:52:29,029 [Time-limited test] INFO  ipc.Server (Server.java:<init>(1287)) - Listener at 0.0.0.0:15160
2023-08-25 08:52:29,029 [Socket Reader #1 for port 15160] INFO  ipc.Server (Server.java:run(1323)) - Starting Socket Reader #1 for port 15160
2023-08-25 08:52:29,030 [Time-limited test] INFO  ipc.CallQueueManager (CallQueueManager.java:<init>(90)) - Using callQueue: class java.util.concurrent.LinkedBlockingQueue, queueCapacity: 2000, scheduler: class org.apache.hadoop.ipc.DefaultRpcScheduler, ipcBackoff: false.
2023-08-25 08:52:29,030 [Time-limited test] INFO  ipc.Server (Server.java:<init>(1287)) - Listener at 0.0.0.0:15159
2023-08-25 08:52:29,030 [Socket Reader #1 for port 15159] INFO  ipc.Server (Server.java:run(1323)) - Starting Socket Reader #1 for port 15159
2023-08-25 08:52:29,035 [Time-limited test] INFO  ha.SCMServiceManager (SCMServiceManager.java:register(42)) - Registering service ContainerBalancer.
2023-08-25 08:52:29,035 [Time-limited test] INFO  server.StorageContainerManager (StorageContainerManager.java:<init>(438)) - 
Container Balancer status:
Key                            Value
Running                        false
Container Balancer Configuration values:
Key                                                Value
Threshold                                          10
Max Datanodes to Involve per Iteration(percent)    20
Max Size to Move per Iteration                     500GB
Max Size Entering Target per Iteration             26GB
Max Size Leaving Source per Iteration              26GB

2023-08-25 08:52:29,035 [Time-limited test] INFO  ha.SCMContext (SCMContext.java:updateSafeModeStatus(228)) - Update SafeModeStatus from SafeModeStatus{safeModeStatus=true, preCheckPassed=false} to SafeModeStatus{safeModeStatus=true, preCheckPassed=false}.
2023-08-25 08:52:29,035 [Time-limited test] INFO  server.StorageContainerManager (StorageContainerManager.java:start(1483)) - StorageContainerLocationProtocol RPC server is listening at /0.0.0.0:15159
2023-08-25 08:52:29,036 [Time-limited test] WARN  impl.MetricsConfig (MetricsConfig.java:loadFirst(136)) - Cannot locate configuration: tried hadoop-metrics2-storagecontainermanager.properties,hadoop-metrics2.properties
2023-08-25 08:52:29,039 [Time-limited test] INFO  impl.MetricsSystemImpl (MetricsSystemImpl.java:startTimer(378)) - Scheduled Metric snapshot period at 10 second(s).
2023-08-25 08:52:29,039 [Time-limited test] INFO  impl.MetricsSystemImpl (MetricsSystemImpl.java:start(191)) - StorageContainerManager metrics system started
2023-08-25 08:52:29,043 [Time-limited test] INFO  impl.MetricsSinkAdapter (MetricsSinkAdapter.java:start(204)) - Sink prometheus started
2023-08-25 08:52:29,046 [Time-limited test] INFO  impl.MetricsSystemImpl (MetricsSystemImpl.java:registerSink(305)) - Registered sink prometheus
2023-08-25 08:52:29,067 [Time-limited test] INFO  server.SCMClientProtocolServer (SCMClientProtocolServer.java:start(201)) - RPC server for Client  is listening at /0.0.0.0:15159
2023-08-25 08:52:29,068 [IPC Server Responder] INFO  ipc.Server (Server.java:run(1562)) - IPC Server Responder: starting
2023-08-25 08:52:29,069 [IPC Server listener on 15159] INFO  ipc.Server (Server.java:run(1402)) - IPC Server listener on 15159: starting
2023-08-25 08:52:29,073 [Time-limited test] INFO  server.StorageContainerManager (StorageContainerManager.java:start(1496)) - ScmBlockLocationProtocol RPC server is listening at /0.0.0.0:15160
2023-08-25 08:52:29,073 [Time-limited test] INFO  server.SCMBlockProtocolServer (SCMBlockProtocolServer.java:start(152)) - RPC server for Block Protocol is listening at /0.0.0.0:15160
2023-08-25 08:52:29,074 [IPC Server Responder] INFO  ipc.Server (Server.java:run(1562)) - IPC Server Responder: starting
2023-08-25 08:52:29,074 [IPC Server listener on 15160] INFO  ipc.Server (Server.java:run(1402)) - IPC Server listener on 15160: starting
2023-08-25 08:52:29,086 [Time-limited test] INFO  server.SCMDatanodeProtocolServer (SCMDatanodeProtocolServer.java:start(193)) - ScmDatanodeProtocol RPC server for DataNodes is listening at /0.0.0.0:15161
2023-08-25 08:52:29,087 [IPC Server Responder] INFO  ipc.Server (Server.java:run(1562)) - IPC Server Responder: starting
2023-08-25 08:52:29,087 [IPC Server listener on 15161] INFO  ipc.Server (Server.java:run(1402)) - IPC Server listener on 15161: starting
2023-08-25 08:52:29,091 [JvmPauseMonitor21] INFO  util.JvmPauseMonitor (JvmPauseMonitor.java:run(103)) - JvmPauseMonitor-e651234c-628c-4aae-b3c8-31efa68a8f7a: Started
2023-08-25 08:52:29,092 [Time-limited test] INFO  http.BaseHttpServer (BaseHttpServer.java:newHttpServer2BuilderForOzone(224)) - Starting Web-server for scm at: http://0.0.0.0:15162
2023-08-25 08:52:29,092 [Time-limited test] INFO  http.BaseHttpServer (BaseHttpServer.java:<init>(111)) - Hadoop Security Enabled: false Ozone Security Enabled: false Ozone HTTP Security Enabled: false 
2023-08-25 08:52:29,093 [Time-limited test] WARN  server.AuthenticationFilter (AuthenticationFilter.java:constructSecretProvider(240)) - Unable to initialize FileSignerSecretProvider, falling back to use random secrets. Reason: Could not read signature secret file: /home/runner/hadoop-http-auth-signature-secret
2023-08-25 08:52:29,102 [Time-limited test] INFO  http.HttpRequestLog (HttpRequestLog.java:getRequestLog(86)) - Http request log for http.requests.scm is not defined
2023-08-25 08:52:29,103 [Time-limited test] INFO  http.HttpServer2 (HttpServer2.java:addGlobalFilter(1031)) - Added global filter 'safety' (class=org.apache.hadoop.hdds.server.http.HttpServer2$QuotingInputFilter)
2023-08-25 08:52:29,104 [Time-limited test] INFO  http.HttpServer2 (HttpServer2.java:addFilter(1007)) - Added filter static_user_filter (class=org.apache.hadoop.http.lib.StaticUserWebFilter$StaticUserFilter) to context scm
2023-08-25 08:52:29,104 [Time-limited test] INFO  http.HttpServer2 (HttpServer2.java:addFilter(1015)) - Added filter static_user_filter (class=org.apache.hadoop.http.lib.StaticUserWebFilter$StaticUserFilter) to context static
2023-08-25 08:52:29,104 [Time-limited test] INFO  http.HttpServer2 (HttpServer2.java:addFilter(1015)) - Added filter static_user_filter (class=org.apache.hadoop.http.lib.StaticUserWebFilter$StaticUserFilter) to context logs
2023-08-25 08:52:29,105 [Time-limited test] INFO  http.BaseHttpServer (BaseHttpServer.java:<init>(190)) - HTTP server of scm uses base directory /home/runner/work/ozone/ozone/hadoop-ozone/integration-test/target/test-dir/MiniOzoneClusterImpl-ea041547-065d-47c9-8c6f-7cbf64d7cdf8/ozone-meta/webserver
2023-08-25 08:52:29,105 [Time-limited test] INFO  http.HttpServer2 (HttpServer2.java:bindListener(1250)) - Jetty bound to port 15162
2023-08-25 08:52:29,105 [Time-limited test] INFO  server.Server (Server.java:doStart(375)) - jetty-9.4.51.v20230217; built: 2023-02-17T08:19:37.309Z; git: b45c405e4544384de066f814ed42ae3dceacdd49; jvm 1.8.0_382-b05
2023-08-25 08:52:29,113 [Time-limited test] INFO  server.session (DefaultSessionIdManager.java:doStart(334)) - DefaultSessionIdManager workerName=node0
2023-08-25 08:52:29,113 [Time-limited test] INFO  server.session (DefaultSessionIdManager.java:doStart(339)) - No SessionScavenger set, using defaults
2023-08-25 08:52:29,113 [Time-limited test] INFO  server.session (HouseKeeper.java:startScavenging(132)) - node0 Scavenging every 600000ms
2023-08-25 08:52:29,114 [Time-limited test] INFO  handler.ContextHandler (ContextHandler.java:doStart(921)) - Started o.e.j.s.ServletContextHandler@1317733b{logs,/logs,file:///home/runner/work/ozone/ozone/hadoop-ozone/integration-test/target/log,AVAILABLE}
2023-08-25 08:52:29,114 [Time-limited test] INFO  handler.ContextHandler (ContextHandler.java:doStart(921)) - Started o.e.j.s.ServletContextHandler@1a4ee51{static,/static,file:///home/runner/work/ozone/ozone/hadoop-ozone/integration-test/target/test-classes/webapps/static,AVAILABLE}
2023-08-25 08:52:29,118 [Time-limited test] INFO  handler.ContextHandler (ContextHandler.java:doStart(921)) - Started o.e.j.w.WebAppContext@4dba7f53{scm,/,file:///home/runner/work/ozone/ozone/hadoop-ozone/integration-test/target/test-classes/webapps/scm/,AVAILABLE}{file:/home/runner/work/ozone/ozone/hadoop-ozone/integration-test/target/test-classes/webapps/scm}
2023-08-25 08:52:29,124 [Time-limited test] INFO  server.AbstractConnector (AbstractConnector.java:doStart(333)) - Started ServerConnector@2b401a82{HTTP/1.1, (http/1.1)}{0.0.0.0:15162}
2023-08-25 08:52:29,124 [Time-limited test] INFO  server.Server (Server.java:doStart(415)) - Started @110351ms
2023-08-25 08:52:29,124 [Time-limited test] WARN  impl.MetricsSystemImpl (MetricsSystemImpl.java:register(279)) - Sink prometheus already exists!
2023-08-25 08:52:29,124 [Time-limited test] INFO  http.BaseHttpServer (BaseHttpServer.java:updateConnectorAddress(344)) - HTTP server of scm listening at http://0.0.0.0:15162
2023-08-25 08:52:29,126 [Time-limited test] WARN  server.ServerUtils (ServerUtils.java:getDBPath(311)) - ozone.om.db.dirs is not configured. We recommend adding this setting. Falling back to ozone.metadata.dirs instead.
2023-08-25 08:52:29,127 [Time-limited test] INFO  ha.OMHANodeDetails (OMHANodeDetails.java:loadOMHAConfig(115)) - ozone.om.internal.service.id is not defined, falling back to ozone.om.service.ids to find serviceID for OzoneManager if it is HA enabled cluster
2023-08-25 08:52:29,128 [Time-limited test] INFO  ha.OMHANodeDetails (OMHANodeDetails.java:loadOMHAConfig(226)) - Configuration does not have ozone.om.address set. Falling back to the default OM address /127.0.0.1:15163
2023-08-25 08:52:29,128 [Time-limited test] INFO  ha.OMHANodeDetails (OMHANodeDetails.java:getOMNodeDetailsForNonHA(254)) - OM Service ID is not set. Setting it to the default ID: omServiceIdDefault
2023-08-25 08:52:29,128 [Time-limited test] INFO  ha.OMHANodeDetails (OMHANodeDetails.java:getOMNodeDetailsForNonHA(261)) - OM Node ID is not set. Setting it to the default ID: om1
2023-08-25 08:52:29,128 [Time-limited test] WARN  server.ServerUtils (ServerUtils.java:getDBPath(311)) - ozone.om.db.dirs is not configured. We recommend adding this setting. Falling back to ozone.metadata.dirs instead.
2023-08-25 08:52:29,129 [Time-limited test] INFO  upgrade.AbstractLayoutVersionManager (AbstractLayoutVersionManager.java:init(83)) - Initializing Layout version manager with metadata layout = QUOTA (version = 6), software layout = QUOTA (version = 6)
2023-08-25 08:52:29,241 [Time-limited test] INFO  reflections.Reflections (Reflections.java:scan(232)) - Reflections took 111 ms to scan 2 urls, producing 188 keys and 512 values [using 2 cores]
2023-08-25 08:52:29,241 [Time-limited test] INFO  upgrade.OMLayoutVersionManager (OMLayoutVersionManager.java:lambda$0(115)) - Skipping Upgrade Action QuotaRepairUpgradeAction since it has been finalized.
2023-08-25 08:52:29,241 [Time-limited test] INFO  upgrade.OMLayoutVersionManager (OMLayoutVersionManager.java:lambda$0(115)) - Skipping Upgrade Action MockOmUpgradeAction since it has been finalized.
2023-08-25 08:52:29,241 [Time-limited test] WARN  server.ServerUtils (ServerUtils.java:getDBPath(311)) - ozone.om.db.dirs is not configured. We recommend adding this setting. Falling back to ozone.metadata.dirs instead.
2023-08-25 08:52:29,242 [Time-limited test] INFO  proxy.SCMBlockLocationFailoverProxyProvider (SCMBlockLocationFailoverProxyProvider.java:<init>(114)) - Created block location fail-over proxy with 1 nodes: [nodeId=scmNodeId,nodeAddress=/0.0.0.0:15160]
2023-08-25 08:52:29,244 [Time-limited test] INFO  proxy.SCMBlockLocationFailoverProxyProvider (SCMBlockLocationFailoverProxyProvider.java:<init>(114)) - Created block location fail-over proxy with 1 nodes: [nodeId=scmNodeId,nodeAddress=/0.0.0.0:15160]
2023-08-25 08:52:29,257 [Time-limited test] INFO  om.OzoneManager (OzoneManager.java:<init>(662)) - OM start with adminUsers: [runner]
2023-08-25 08:52:29,258 [Time-limited test] WARN  server.ServerUtils (ServerUtils.java:getDBPath(311)) - ozone.om.db.dirs is not configured. We recommend adding this setting. Falling back to ozone.metadata.dirs instead.
2023-08-25 08:52:29,258 [Time-limited test] INFO  helpers.OmKeyInfo (OmKeyInfo.java:getCodec(71)) - OmKeyInfo.getCodec ignorePipeline = true
2023-08-25 08:52:29,480 [Time-limited test] INFO  om.OzoneManager (OzoneManager.java:instantiateServices(791)) - S3 Multi-Tenancy is disabled
2023-08-25 08:52:29,481 [Time-limited test] INFO  om.OmSnapshotManager (OmSnapshotManager.java:<init>(175)) - Ozone filesystem snapshot feature is enabled.
2023-08-25 08:52:29,481 [Time-limited test] WARN  server.ServerUtils (ServerUtils.java:getDBPath(311)) - ozone.om.snapshot.diff.db.dir is not configured. We recommend adding this setting. Falling back to ozone.metadata.dirs instead.
2023-08-25 08:52:29,524 [Time-limited test] INFO  snapshot.SnapshotDiffManager (SnapshotDiffManager.java:closeExecutorService(1720)) - Shutting down executorService: 'SstDumpToolExecutor'
2023-08-25 08:52:29,526 [Time-limited test] INFO  om.OzoneManager (OzoneManager.java:addS3GVolumeToDB(4284)) - Created Volume s3v With Owner runner required for S3Gateway operations.
2023-08-25 08:52:29,526 [Time-limited test] WARN  server.ServerUtils (ServerUtils.java:getDefaultRatisDirectory(323)) - Storage directory for Ratis is not configured. It is a good idea to map this to an SSD disk. Falling back to ozone.metadata.dirs
2023-08-25 08:52:29,526 [Time-limited test] WARN  utils.OzoneManagerRatisUtils (OzoneManagerRatisUtils.java:getOMRatisSnapshotDirectory(461)) - ozone.om.ratis.snapshot.dir is not configured. Falling back to ozone.metadata.dirs config
2023-08-25 08:52:29,526 [Time-limited test] WARN  server.ServerUtils (ServerUtils.java:getDefaultRatisDirectory(323)) - Storage directory for Ratis is not configured. It is a good idea to map this to an SSD disk. Falling back to ozone.metadata.dirs
2023-08-25 08:52:29,527 [Time-limited test] INFO  ratis.OzoneManagerRatisServer (OzoneManagerRatisServer.java:<init>(163)) - Instantiating OM Ratis server with groupID: omServiceIdDefault and peers: localhost:15166
2023-08-25 08:52:29,528 [Time-limited test] INFO  ratis.OzoneManagerStateMachine (OzoneManagerStateMachine.java:loadSnapshotInfoFromDB(687)) - LastAppliedIndex is set from TransactionInfo from OM DB as (t:0, i:~)
2023-08-25 08:52:29,528 [Time-limited test] INFO  server.RaftServer (ConfUtils.java:logGet(46)) - raft.rpc.type = GRPC (default)
2023-08-25 08:52:29,528 [Time-limited test] INFO  grpc.GrpcConfigKeys (ConfUtils.java:logFallback(53)) - raft.grpc.admin.host = null (fallback to raft.grpc.server.host)
2023-08-25 08:52:29,528 [Time-limited test] INFO  grpc.GrpcConfigKeys (ConfUtils.java:logFallback(53)) - raft.grpc.admin.port = 15166 (fallback to raft.grpc.server.port)
2023-08-25 08:52:29,528 [Time-limited test] INFO  grpc.GrpcConfigKeys (ConfUtils.java:logFallback(53)) - raft.grpc.client.host = null (fallback to raft.grpc.server.host)
2023-08-25 08:52:29,528 [Time-limited test] INFO  grpc.GrpcConfigKeys (ConfUtils.java:logFallback(53)) - raft.grpc.client.port = 15166 (fallback to raft.grpc.server.port)
2023-08-25 08:52:29,529 [Time-limited test] INFO  grpc.GrpcConfigKeys (ConfUtils.java:logGet(46)) - raft.grpc.server.host = null (default)
2023-08-25 08:52:29,529 [Time-limited test] INFO  grpc.GrpcConfigKeys (ConfUtils.java:logGet(46)) - raft.grpc.server.port = 15166 (custom)
2023-08-25 08:52:29,529 [Time-limited test] INFO  server.GrpcService (ConfUtils.java:logGet(46)) - raft.grpc.message.size.max = 33554432 (custom)
2023-08-25 08:52:29,529 [Time-limited test] INFO  server.RaftServerConfigKeys (ConfUtils.java:logGet(46)) - raft.server.log.appender.buffer.byte-limit = 33554432 (custom)
2023-08-25 08:52:29,529 [Time-limited test] INFO  server.GrpcService (ConfUtils.java:logGet(46)) - raft.grpc.flow.control.window = 1MB (=1048576) (default)
2023-08-25 08:52:29,529 [Time-limited test] INFO  server.RaftServerConfigKeys (ConfUtils.java:logGet(46)) - raft.server.rpc.request.timeout = 3000ms (default)
2023-08-25 08:52:29,529 [Time-limited test] INFO  grpc.GrpcConfigKeys (ConfUtils.java:logGet(46)) - raft.grpc.server.heartbeat.channel = true (default)
2023-08-25 08:52:29,529 [Time-limited test] INFO  grpc.GrpcConfigKeys (ConfUtils.java:logGet(46)) - raft.grpc.server.async.request.thread.pool.cached = true (default)
2023-08-25 08:52:29,529 [Time-limited test] INFO  grpc.GrpcConfigKeys (ConfUtils.java:logGet(46)) - raft.grpc.server.async.request.thread.pool.size = 32 (default)
2023-08-25 08:52:29,531 [Time-limited test] INFO  impl.DataStreamServerImpl (ConfUtils.java:logGet(46)) - raft.datastream.type = DISABLED (default)
2023-08-25 08:52:29,531 [Time-limited test] INFO  server.RaftServerConfigKeys (ConfUtils.java:logGet(46)) - raft.server.threadpool.proxy.cached = true (default)
2023-08-25 08:52:29,531 [Time-limited test] INFO  server.RaftServerConfigKeys (ConfUtils.java:logGet(46)) - raft.server.threadpool.proxy.size = 0 (default)
2023-08-25 08:52:29,531 [Time-limited test] INFO  server.RaftServerConfigKeys (ConfUtils.java:logGet(46)) - raft.server.rpc.slowness.timeout = 120s (custom)
2023-08-25 08:52:29,531 [Time-limited test] INFO  server.RaftServerConfigKeys (ConfUtils.java:logGet(46)) - raft.server.leaderelection.leader.step-down.wait-time = 10s (default)
2023-08-25 08:52:29,531 [Time-limited test] INFO  server.RaftServerConfigKeys (ConfUtils.java:logGet(46)) - raft.server.storage.dir = [/home/runner/work/ozone/ozone/hadoop-ozone/integration-test/target/test-dir/MiniOzoneClusterImpl-ea041547-065d-47c9-8c6f-7cbf64d7cdf8/ozone-meta/ratis] (custom)
2023-08-25 08:52:29,532 [Time-limited test] INFO  server.RaftServer (RaftServerProxy.java:addNew(98)) - om1: addNew group-C5BA1605619E:[om1|rpc:localhost:15166|priority:0|startupRole:FOLLOWER] returns group-C5BA1605619E:java.util.concurrent.CompletableFuture@7814d4bb[Not completed]
2023-08-25 08:52:29,532 [Time-limited test] INFO  om.OzoneManager (OzoneManager.java:initializeRatisServer(2128)) - OzoneManager Ratis server initialized at port 15166
2023-08-25 08:52:29,532 [om1-groupManagement] INFO  server.RaftServer$Division (RaftServerImpl.java:<init>(198)) - om1: new RaftServerImpl for group-C5BA1605619E:[om1|rpc:localhost:15166|priority:0|startupRole:FOLLOWER] with OzoneManagerStateMachine:uninitialized
2023-08-25 08:52:29,532 [Time-limited test] INFO  om.OzoneManager (OzoneManager.java:getRpcServer(1193)) - Creating RPC Server
2023-08-25 08:52:29,532 [om1-groupManagement] INFO  server.RaftServerConfigKeys (ConfUtils.java:logGet(46)) - raft.server.rpc.timeout.min = 1s (custom)
2023-08-25 08:52:29,532 [om1-groupManagement] INFO  server.RaftServerConfigKeys (ConfUtils.java:logGet(46)) - raft.server.rpc.timeout.max = 1200ms (custom)
2023-08-25 08:52:29,532 [om1-groupManagement] INFO  server.RaftServerConfigKeys (ConfUtils.java:logGet(46)) - raft.server.rpc.sleep.time = 25ms (default)
2023-08-25 08:52:29,532 [om1-groupManagement] INFO  server.RaftServerConfigKeys (ConfUtils.java:logGet(46)) - raft.server.rpc.slowness.timeout = 120s (custom)
2023-08-25 08:52:29,532 [om1-groupManagement] INFO  server.RaftServerConfigKeys (ConfUtils.java:logGet(46)) - raft.server.leaderelection.leader.step-down.wait-time = 10s (default)
2023-08-25 08:52:29,532 [om1-groupManagement] INFO  server.RaftServerConfigKeys (ConfUtils.java:logGet(46)) - raft.server.sleep.deviation.threshold = 300ms (default)
2023-08-25 08:52:29,532 [om1-groupManagement] INFO  server.RaftServer$Division (ServerState.java:<init>(120)) - om1@group-C5BA1605619E: ConfigurationManager, init=-1: peers:[om1|rpc:localhost:15166|priority:0|startupRole:FOLLOWER]|listeners:[], old=null, confs=<EMPTY_MAP>
2023-08-25 08:52:29,532 [om1-groupManagement] INFO  server.RaftServerConfigKeys (ConfUtils.java:logGet(46)) - raft.server.storage.dir = [/home/runner/work/ozone/ozone/hadoop-ozone/integration-test/target/test-dir/MiniOzoneClusterImpl-ea041547-065d-47c9-8c6f-7cbf64d7cdf8/ozone-meta/ratis] (custom)
2023-08-25 08:52:29,535 [om1-groupManagement] INFO  server.RaftServerConfigKeys (ConfUtils.java:logGet(46)) - raft.server.log.corruption.policy = EXCEPTION (default)
2023-08-25 08:52:29,535 [om1-groupManagement] INFO  server.RaftServerConfigKeys (ConfUtils.java:logGet(46)) - raft.server.storage.free-space.min = 0MB (=0) (default)
2023-08-25 08:52:29,536 [om1-groupManagement] INFO  server.RaftServerConfigKeys (ConfUtils.java:logGet(46)) - raft.server.notification.no-leader.timeout = 120s (custom)
2023-08-25 08:52:29,536 [om1-groupManagement] INFO  server.RaftServerConfigKeys (ConfUtils.java:logGet(46)) - raft.server.read.timeout = 10s (default)
2023-08-25 08:52:29,536 [om1-groupManagement] INFO  server.RaftServerConfigKeys (ConfUtils.java:logGet(46)) - raft.server.retrycache.expirytime = 300s (custom)
2023-08-25 08:52:29,536 [om1-groupManagement] INFO  server.RaftServerConfigKeys (ConfUtils.java:logGet(46)) - raft.server.retrycache.statistics.expirytime = 100μs (default)
2023-08-25 08:52:29,536 [om1-groupManagement] INFO  server.RaftServerConfigKeys (ConfUtils.java:logGet(46)) - raft.server.read.option = DEFAULT (default)
2023-08-25 08:52:29,536 [om1-groupManagement] INFO  server.RaftServerConfigKeys (ConfUtils.java:logGet(46)) - raft.server.rpc.request.timeout = 3000ms (default)
2023-08-25 08:52:29,536 [om1-groupManagement] INFO  server.RaftServerConfigKeys (ConfUtils.java:logGet(46)) - raft.server.log.appender.install.snapshot.enabled = false (custom)
2023-08-25 08:52:29,536 [om1-groupManagement] INFO  server.RaftServerConfigKeys (ConfUtils.java:logGet(46)) - raft.server.threadpool.server.cached = true (default)
2023-08-25 08:52:29,536 [om1-groupManagement] INFO  server.RaftServerConfigKeys (ConfUtils.java:logGet(46)) - raft.server.threadpool.server.size = 0 (default)
2023-08-25 08:52:29,536 [om1-groupManagement] INFO  server.RaftServerConfigKeys (ConfUtils.java:logGet(46)) - raft.server.threadpool.client.cached = true (default)
2023-08-25 08:52:29,536 [om1-groupManagement] INFO  server.RaftServerConfigKeys (ConfUtils.java:logGet(46)) - raft.server.threadpool.client.size = 0 (default)
2023-08-25 08:52:29,905 [Time-limited test] INFO  reflections.Reflections (Reflections.java:scan(232)) - Reflections took 372 ms to scan 19 urls, producing 70 keys and 5655 values [using 2 cores]
2023-08-25 08:52:29,906 [Time-limited test] INFO  ipc.CallQueueManager (CallQueueManager.java:<init>(90)) - Using callQueue: class java.util.concurrent.LinkedBlockingQueue, queueCapacity: 2000, scheduler: class org.apache.hadoop.ipc.DefaultRpcScheduler, ipcBackoff: false.
2023-08-25 08:52:29,906 [Time-limited test] INFO  ipc.Server (Server.java:<init>(1287)) - Listener at 127.0.0.1:15163
2023-08-25 08:52:29,907 [Socket Reader #1 for port 15163] INFO  ipc.Server (Server.java:run(1323)) - Starting Socket Reader #1 for port 15163
2023-08-25 08:52:29,929 [Time-limited test] INFO  impl.MetricsSystemImpl (MetricsSystemImpl.java:init(158)) - OzoneManager metrics system started (again)
2023-08-25 08:52:29,942 [Time-limited test] INFO  om.OzoneManager (OzoneManager.java:start(1613)) - OzoneManager RPC server is listening at localhost/127.0.0.1:15163
2023-08-25 08:52:29,943 [Time-limited test] INFO  ratis.OzoneManagerRatisServer (OzoneManagerRatisServer.java:start(558)) - Starting OzoneManagerRatisServer om1 at port 15166
2023-08-25 08:52:29,943 [om1-impl-thread1] INFO  storage.RaftStorageDirectory (RaftStorageDirectoryImpl.java:analyzeStorage(137)) - The storage directory /home/runner/work/ozone/ozone/hadoop-ozone/integration-test/target/test-dir/MiniOzoneClusterImpl-ea041547-065d-47c9-8c6f-7cbf64d7cdf8/ozone-meta/ratis/bf265839-605b-3f16-9796-c5ba1605619e does not exist. Creating ...
2023-08-25 08:52:29,945 [om1-impl-thread1] INFO  storage.RaftStorageDirectory (RaftStorageDirectoryImpl.java:tryLock(231)) - Lock on /home/runner/work/ozone/ozone/hadoop-ozone/integration-test/target/test-dir/MiniOzoneClusterImpl-ea041547-065d-47c9-8c6f-7cbf64d7cdf8/ozone-meta/ratis/bf265839-605b-3f16-9796-c5ba1605619e/in_use.lock acquired by nodename 30217@fv-az584-689
2023-08-25 08:52:29,949 [om1-impl-thread1] INFO  storage.RaftStorage (RaftStorageImpl.java:format(96)) - Storage directory /home/runner/work/ozone/ozone/hadoop-ozone/integration-test/target/test-dir/MiniOzoneClusterImpl-ea041547-065d-47c9-8c6f-7cbf64d7cdf8/ozone-meta/ratis/bf265839-605b-3f16-9796-c5ba1605619e has been successfully formatted.
2023-08-25 08:52:29,949 [om1-impl-thread1] INFO  server.RaftServerConfigKeys (ConfUtils.java:logGet(46)) - raft.server.log.use.memory = false (default)
2023-08-25 08:52:29,949 [om1-impl-thread1] INFO  server.RaftServerConfigKeys (ConfUtils.java:logGet(46)) - raft.server.log.purge.gap = 1000000 (custom)
2023-08-25 08:52:29,949 [om1-impl-thread1] INFO  server.RaftServerConfigKeys (ConfUtils.java:logGet(46)) - raft.server.log.appender.buffer.byte-limit = 33554432 (custom)
2023-08-25 08:52:29,949 [om1-impl-thread1] INFO  server.RaftServerConfigKeys (ConfUtils.java:logGet(46)) - raft.server.log.statemachine.data.read.timeout = 1000ms (default)
2023-08-25 08:52:29,949 [om1-impl-thread1] INFO  server.RaftServerConfigKeys (ConfUtils.java:logGet(46)) - raft.server.log.purge.preservation.log.num = 0 (default)
2023-08-25 08:52:29,949 [om1-impl-thread1] INFO  server.RaftServerConfigKeys (ConfUtils.java:logGet(46)) - raft.server.log.segment.size.max = 4194304 (custom)
2023-08-25 08:52:29,950 [om1-impl-thread1] INFO  server.RaftServerConfigKeys (ConfUtils.java:logGet(46)) - raft.server.log.segment.cache.num.max = 2 (custom)
2023-08-25 08:52:29,950 [om1-impl-thread1] INFO  server.RaftServerConfigKeys (ConfUtils.java:logGet(46)) - raft.server.log.segment.cache.size.max = 200MB (=209715200) (default)
2023-08-25 08:52:29,950 [om1-impl-thread1] INFO  server.RaftServerConfigKeys (ConfUtils.java:logGet(46)) - raft.server.log.appender.buffer.byte-limit = 33554432 (custom)
2023-08-25 08:52:29,950 [om1-impl-thread1] INFO  segmented.SegmentedRaftLogWorker (SegmentedRaftLogWorker.java:<init>(188)) - new om1@group-C5BA1605619E-SegmentedRaftLogWorker for RaftStorageImpl:Storage Directory /home/runner/work/ozone/ozone/hadoop-ozone/integration-test/target/test-dir/MiniOzoneClusterImpl-ea041547-065d-47c9-8c6f-7cbf64d7cdf8/ozone-meta/ratis/bf265839-605b-3f16-9796-c5ba1605619e
2023-08-25 08:52:29,950 [om1-impl-thread1] INFO  server.RaftServerConfigKeys (ConfUtils.java:logGet(46)) - raft.server.log.queue.byte-limit = 64MB (=67108864) (default)
2023-08-25 08:52:29,950 [om1-impl-thread1] INFO  server.RaftServerConfigKeys (ConfUtils.java:logGet(46)) - raft.server.log.queue.element-limit = 4096 (default)
2023-08-25 08:52:29,950 [om1-impl-thread1] INFO  server.RaftServerConfigKeys (ConfUtils.java:logGet(46)) - raft.server.log.segment.size.max = 4194304 (custom)
2023-08-25 08:52:29,950 [om1-impl-thread1] INFO  server.RaftServerConfigKeys (ConfUtils.java:logGet(46)) - raft.server.log.preallocated.size = 4194304 (custom)
2023-08-25 08:52:29,950 [om1-impl-thread1] INFO  server.RaftServerConfigKeys (ConfUtils.java:logGet(46)) - raft.server.log.force.sync.num = 128 (default)
2023-08-25 08:52:29,950 [om1-impl-thread1] INFO  server.RaftServerConfigKeys (ConfUtils.java:logGet(46)) - raft.server.log.statemachine.data.sync = true (default)
2023-08-25 08:52:29,950 [om1-impl-thread1] INFO  server.RaftServerConfigKeys (ConfUtils.java:logGet(46)) - raft.server.log.statemachine.data.sync.timeout = 10s (default)
2023-08-25 08:52:29,950 [om1-impl-thread1] INFO  server.RaftServerConfigKeys (ConfUtils.java:logGet(46)) - raft.server.log.statemachine.data.sync.timeout.retry = -1 (default)
2023-08-25 08:52:29,950 [om1-impl-thread1] INFO  server.RaftServerConfigKeys (ConfUtils.java:logGet(46)) - raft.server.log.write.buffer.size = 64KB (=65536) (default)
2023-08-25 08:52:29,950 [om1-impl-thread1] INFO  server.RaftServerConfigKeys (ConfUtils.java:logGet(46)) - raft.server.log.appender.buffer.byte-limit = 33554432 (custom)
2023-08-25 08:52:29,956 [om1-impl-thread1] INFO  server.RaftServerConfigKeys (ConfUtils.java:logGet(46)) - raft.server.log.unsafe-flush.enabled = false (default)
2023-08-25 08:52:29,956 [om1-impl-thread1] INFO  server.RaftServerConfigKeys (ConfUtils.java:logGet(46)) - raft.server.log.async-flush.enabled = false (default)
2023-08-25 08:52:29,956 [om1-impl-thread1] INFO  server.RaftServerConfigKeys (ConfUtils.java:logGet(46)) - raft.server.log.statemachine.data.caching.enabled = false (default)
2023-08-25 08:52:29,956 [om1-impl-thread1] INFO  segmented.SegmentedRaftLogWorker (SegmentedRaftLogWorker.java:lambda$new$0(135)) - om1@group-C5BA1605619E-SegmentedRaftLogWorker: flushIndex: setUnconditionally 0 -> -1
2023-08-25 08:52:29,956 [om1-impl-thread1] INFO  segmented.SegmentedRaftLogWorker (SegmentedRaftLogWorker.java:lambda$new$0(135)) - om1@group-C5BA1605619E-SegmentedRaftLogWorker: safeCacheEvictIndex: setUnconditionally 0 -> -1
2023-08-25 08:52:29,956 [om1-impl-thread1] INFO  server.RaftServer$Division (RaftServerImpl.java:start(342)) - om1@group-C5BA1605619E: start as a follower, conf=-1: peers:[om1|rpc:localhost:15166|priority:0|startupRole:FOLLOWER]|listeners:[], old=null
2023-08-25 08:52:29,956 [om1-impl-thread1] INFO  server.RaftServer$Division (RaftServerImpl.java:setRole(329)) - om1@group-C5BA1605619E: changes role from      null to FOLLOWER at term 0 for startAsFollower
2023-08-25 08:52:29,957 [om1-impl-thread1] INFO  impl.RoleInfo (RoleInfo.java:updateAndGet(139)) - om1: start om1@group-C5BA1605619E-FollowerState
2023-08-25 08:52:29,958 [om1-impl-thread1] INFO  util.JmxRegister (JmxRegister.java:tryRegister(44)) - Successfully registered JMX Bean with object name Ratis:service=RaftServer,group=group-C5BA1605619E,id=om1
2023-08-25 08:52:29,958 [om1-impl-thread1] INFO  server.RaftServerConfigKeys (ConfUtils.java:logGet(46)) - raft.server.snapshot.auto.trigger.enabled = true (custom)
2023-08-25 08:52:29,958 [om1-impl-thread1] INFO  server.RaftServerConfigKeys (ConfUtils.java:logGet(46)) - raft.server.snapshot.auto.trigger.threshold = 400000 (default)
2023-08-25 08:52:29,958 [om1-impl-thread1] INFO  server.RaftServerConfigKeys (ConfUtils.java:logGet(46)) - raft.server.snapshot.retention.file.num = -1 (default)
2023-08-25 08:52:29,958 [om1-impl-thread1] INFO  server.RaftServerConfigKeys (ConfUtils.java:logGet(46)) - raft.server.log.purge.upto.snapshot.index = true (custom)
2023-08-25 08:52:29,959 [om1@group-C5BA1605619E-FollowerState] INFO  server.RaftServerConfigKeys (ConfUtils.java:logFallback(53)) - raft.server.rpc.first-election.timeout.min = 1s (fallback to raft.server.rpc.timeout.min)
2023-08-25 08:52:29,959 [om1@group-C5BA1605619E-FollowerState] INFO  server.RaftServerConfigKeys (ConfUtils.java:logFallback(53)) - raft.server.rpc.first-election.timeout.max = 1200ms (fallback to raft.server.rpc.timeout.max)
2023-08-25 08:52:29,959 [Time-limited test] INFO  server.RaftServer (RaftServerProxy.java:startImpl(400)) - om1: start RPC server
2023-08-25 08:52:29,961 [Time-limited test] INFO  server.GrpcService (GrpcService.java:startImpl(302)) - om1: GrpcService started, listening on 15166
2023-08-25 08:52:29,963 [Time-limited test] INFO  om.OzoneManager (OzoneManager.java:start(1629)) - Version File has different layout version (6) than OM DB (null). That is expected if this OM has never been finalized to a newer layout version.
2023-08-25 08:52:29,964 [JvmPauseMonitor22] INFO  util.JvmPauseMonitor (JvmPauseMonitor.java:run(103)) - JvmPauseMonitor-om1: Started
2023-08-25 08:52:29,967 [Time-limited test] INFO  http.BaseHttpServer (BaseHttpServer.java:newHttpServer2BuilderForOzone(224)) - Starting Web-server for ozoneManager at: http://0.0.0.0:15164
2023-08-25 08:52:29,967 [Time-limited test] INFO  http.BaseHttpServer (BaseHttpServer.java:<init>(111)) - Hadoop Security Enabled: false Ozone Security Enabled: false Ozone HTTP Security Enabled: false 
2023-08-25 08:52:29,968 [Time-limited test] WARN  server.AuthenticationFilter (AuthenticationFilter.java:constructSecretProvider(240)) - Unable to initialize FileSignerSecretProvider, falling back to use random secrets. Reason: Could not read signature secret file: /home/runner/hadoop-http-auth-signature-secret
2023-08-25 08:52:29,970 [Time-limited test] INFO  http.HttpRequestLog (HttpRequestLog.java:getRequestLog(86)) - Http request log for http.requests.ozoneManager is not defined
2023-08-25 08:52:29,972 [Time-limited test] INFO  http.HttpServer2 (HttpServer2.java:addGlobalFilter(1031)) - Added global filter 'safety' (class=org.apache.hadoop.hdds.server.http.HttpServer2$QuotingInputFilter)
2023-08-25 08:52:29,973 [Time-limited test] INFO  http.HttpServer2 (HttpServer2.java:addFilter(1007)) - Added filter static_user_filter (class=org.apache.hadoop.http.lib.StaticUserWebFilter$StaticUserFilter) to context ozoneManager
2023-08-25 08:52:29,973 [Time-limited test] INFO  http.HttpServer2 (HttpServer2.java:addFilter(1015)) - Added filter static_user_filter (class=org.apache.hadoop.http.lib.StaticUserWebFilter$StaticUserFilter) to context logs
2023-08-25 08:52:29,973 [Time-limited test] INFO  http.HttpServer2 (HttpServer2.java:addFilter(1015)) - Added filter static_user_filter (class=org.apache.hadoop.http.lib.StaticUserWebFilter$StaticUserFilter) to context static
2023-08-25 08:52:29,973 [Time-limited test] INFO  http.BaseHttpServer (BaseHttpServer.java:<init>(190)) - HTTP server of ozoneManager uses base directory /home/runner/work/ozone/ozone/hadoop-ozone/integration-test/target/test-dir/MiniOzoneClusterImpl-ea041547-065d-47c9-8c6f-7cbf64d7cdf8/ozone-meta/webserver
2023-08-25 08:52:29,974 [Time-limited test] INFO  http.HttpServer2 (HttpServer2.java:bindListener(1250)) - Jetty bound to port 15164
2023-08-25 08:52:29,974 [Time-limited test] INFO  server.Server (Server.java:doStart(375)) - jetty-9.4.51.v20230217; built: 2023-02-17T08:19:37.309Z; git: b45c405e4544384de066f814ed42ae3dceacdd49; jvm 1.8.0_382-b05
2023-08-25 08:52:29,975 [Time-limited test] INFO  server.session (DefaultSessionIdManager.java:doStart(334)) - DefaultSessionIdManager workerName=node0
2023-08-25 08:52:29,975 [Time-limited test] INFO  server.session (DefaultSessionIdManager.java:doStart(339)) - No SessionScavenger set, using defaults
2023-08-25 08:52:29,975 [Time-limited test] INFO  server.session (HouseKeeper.java:startScavenging(132)) - node0 Scavenging every 600000ms
2023-08-25 08:52:29,976 [Time-limited test] INFO  handler.ContextHandler (ContextHandler.java:doStart(921)) - Started o.e.j.s.ServletContextHandler@1e1fa78f{logs,/logs,file:///home/runner/work/ozone/ozone/hadoop-ozone/integration-test/target/log,AVAILABLE}
2023-08-25 08:52:29,976 [Time-limited test] INFO  handler.ContextHandler (ContextHandler.java:doStart(921)) - Started o.e.j.s.ServletContextHandler@1fffd474{static,/static,file:///home/runner/work/ozone/ozone/hadoop-ozone/integration-test/target/test-classes/webapps/static,AVAILABLE}
2023-08-25 08:52:29,979 [Time-limited test] INFO  handler.ContextHandler (ContextHandler.java:doStart(921)) - Started o.e.j.w.WebAppContext@5ecc27c6{ozoneManager,/,file:///home/runner/work/ozone/ozone/hadoop-ozone/integration-test/target/test-classes/webapps/ozoneManager/,AVAILABLE}{file:/home/runner/work/ozone/ozone/hadoop-ozone/integration-test/target/test-classes/webapps/ozoneManager}
2023-08-25 08:52:29,980 [Time-limited test] INFO  server.AbstractConnector (AbstractConnector.java:doStart(333)) - Started ServerConnector@6acf434f{HTTP/1.1, (http/1.1)}{0.0.0.0:15164}
2023-08-25 08:52:29,980 [Time-limited test] INFO  server.Server (Server.java:doStart(415)) - Started @111207ms
2023-08-25 08:52:29,980 [Time-limited test] WARN  impl.MetricsSystemImpl (MetricsSystemImpl.java:register(279)) - Sink prometheus already exists!
2023-08-25 08:52:29,981 [Time-limited test] INFO  http.BaseHttpServer (BaseHttpServer.java:updateConnectorAddress(344)) - HTTP server of ozoneManager listening at http://0.0.0.0:15164
2023-08-25 08:52:29,981 [IPC Server Responder] INFO  ipc.Server (Server.java:run(1562)) - IPC Server Responder: starting
2023-08-25 08:52:29,982 [IPC Server listener on 15163] INFO  ipc.Server (Server.java:run(1402)) - IPC Server listener on 15163: starting
2023-08-25 08:52:29,988 [Time-limited test] INFO  om.OzoneManager (OzoneManager.java:startTrashEmptier(2081)) - Trash Interval set to 0. Files deleted won't move to trash
2023-08-25 08:52:30,020 [Time-limited test] WARN  impl.MetricRegistriesImpl (MetricRegistriesImpl.java:addReporterRegistration(111)) - New reporters are added after registries were created. Some metrics will be missing from the reporter. Please add reporter before adding any new registry.
2023-08-25 08:52:30,020 [Time-limited test] WARN  impl.MetricRegistriesImpl (MetricRegistriesImpl.java:addReporterRegistration(111)) - New reporters are added after registries were created. Some metrics will be missing from the reporter. Please add reporter before adding any new registry.
2023-08-25 08:52:30,020 [Time-limited test] INFO  impl.MetricsSystemImpl (MetricsSystemImpl.java:init(158)) - HddsDatanode metrics system started (again)
2023-08-25 08:52:30,026 [ReplicationMonitor] INFO  replication.ReplicationManager (ReplicationManager.java:processAll(361)) - Replication Manager is not ready to run until 3000ms after safemode exit
2023-08-25 08:52:30,036 [Time-limited test] INFO  ozone.HddsDatanodeService (HddsDatanodeService.java:start(237)) - HddsDatanodeService host:fv-az584-689.msjcyvhqqs1uvpg4fm53wptgqc.jx.internal.cloudapp.net ip:10.1.0.19
2023-08-25 08:52:30,067 [Time-limited test] INFO  upgrade.AbstractLayoutVersionManager (AbstractLayoutVersionManager.java:init(83)) - Initializing Layout version manager with metadata layout = HADOOP_PRC_PORTS_IN_DATANODEDETAILS (version = 7), software layout = HADOOP_PRC_PORTS_IN_DATANODEDETAILS (version = 7)
2023-08-25 08:52:30,069 [Time-limited test] INFO  statemachine.DatanodeStateMachine (DatanodeStateMachine.java:getEndPointTaskThreadPoolSize(282)) - Datanode State Machine Task Thread Pool size 2
2023-08-25 08:52:30,072 [Time-limited test] INFO  volume.HddsVolume (HddsVolume.java:<init>(126)) - Creating HddsVolume: /home/runner/work/ozone/ozone/hadoop-ozone/integration-test/target/test-dir/MiniOzoneClusterImpl-ea041547-065d-47c9-8c6f-7cbf64d7cdf8/datanode-0/data-0/containers/hdds of storage type : DISK capacity : 9223372036854775807
2023-08-25 08:52:30,072 [Time-limited test] INFO  volume.MutableVolumeSet (MutableVolumeSet.java:initializeVolumeSet(173)) - Added Volume : /home/runner/work/ozone/ozone/hadoop-ozone/integration-test/target/test-dir/MiniOzoneClusterImpl-ea041547-065d-47c9-8c6f-7cbf64d7cdf8/datanode-0/data-0/containers/hdds to VolumeSet
2023-08-25 08:52:30,073 [Time-limited test] INFO  volume.MutableVolumeSet (MutableVolumeSet.java:initializeVolumeSet(173)) - Added Volume : /home/runner/work/ozone/ozone/hadoop-ozone/integration-test/target/test-dir/MiniOzoneClusterImpl-ea041547-065d-47c9-8c6f-7cbf64d7cdf8/datanode-0/data/ratis to VolumeSet
2023-08-25 08:52:30,073 [Thread-1894] INFO  ozoneimpl.ContainerReader (ContainerReader.java:readVolume(177)) - Finish verifying containers on volume /home/runner/work/ozone/ozone/hadoop-ozone/integration-test/target/test-dir/MiniOzoneClusterImpl-ea041547-065d-47c9-8c6f-7cbf64d7cdf8/datanode-0/data-0/containers/hdds
2023-08-25 08:52:30,073 [Time-limited test] INFO  ozoneimpl.OzoneContainer (OzoneContainer.java:buildContainerSet(314)) - Build ContainerSet costs 0s
2023-08-25 08:52:30,076 [Time-limited test] INFO  server.RaftServer (ConfUtils.java:logGet(46)) - raft.rpc.type = GRPC (default)
2023-08-25 08:52:30,076 [Time-limited test] INFO  grpc.GrpcConfigKeys (ConfUtils.java:logFallback(53)) - raft.grpc.admin.host = null (fallback to raft.grpc.server.host)
2023-08-25 08:52:30,076 [Time-limited test] INFO  grpc.GrpcConfigKeys (ConfUtils.java:logGet(46)) - raft.grpc.admin.port = 15172 (custom)
2023-08-25 08:52:30,076 [Time-limited test] INFO  grpc.GrpcConfigKeys (ConfUtils.java:logFallback(53)) - raft.grpc.client.host = null (fallback to raft.grpc.server.host)
2023-08-25 08:52:30,076 [Time-limited test] INFO  grpc.GrpcConfigKeys (ConfUtils.java:logGet(46)) - raft.grpc.client.port = 15171 (custom)
2023-08-25 08:52:30,076 [Time-limited test] INFO  grpc.GrpcConfigKeys (ConfUtils.java:logGet(46)) - raft.grpc.server.host = null (default)
2023-08-25 08:52:30,076 [Time-limited test] INFO  grpc.GrpcConfigKeys (ConfUtils.java:logGet(46)) - raft.grpc.server.port = 15173 (custom)
2023-08-25 08:52:30,076 [Time-limited test] INFO  server.GrpcService (ConfUtils.java:logGet(46)) - raft.grpc.message.size.max = 32MB (=33554432) (custom)
2023-08-25 08:52:30,077 [Time-limited test] INFO  server.RaftServerConfigKeys (ConfUtils.java:logGet(46)) - raft.server.log.appender.buffer.byte-limit = 33554432 (custom)
2023-08-25 08:52:30,077 [Time-limited test] INFO  server.GrpcService (ConfUtils.java:logGet(46)) - raft.grpc.flow.control.window = 5MB (=5242880) (custom)
2023-08-25 08:52:30,077 [Time-limited test] INFO  server.RaftServerConfigKeys (ConfUtils.java:logGet(46)) - raft.server.rpc.request.timeout = 60s (custom)
2023-08-25 08:52:30,077 [Time-limited test] INFO  grpc.GrpcConfigKeys (ConfUtils.java:logGet(46)) - raft.grpc.server.heartbeat.channel = true (default)
2023-08-25 08:52:30,077 [Time-limited test] INFO  grpc.GrpcConfigKeys (ConfUtils.java:logGet(46)) - raft.grpc.server.async.request.thread.pool.cached = true (default)
2023-08-25 08:52:30,077 [Time-limited test] INFO  grpc.GrpcConfigKeys (ConfUtils.java:logGet(46)) - raft.grpc.server.async.request.thread.pool.size = 32 (default)
2023-08-25 08:52:30,080 [Time-limited test] INFO  impl.DataStreamServerImpl (ConfUtils.java:logGet(46)) - raft.datastream.type = NETTY (custom)
2023-08-25 08:52:30,082 [Time-limited test] INFO  server.RaftServerConfigKeys (ConfUtils.java:logGet(46)) - raft.server.data-stream.async.request.thread.pool.cached = false (default)
2023-08-25 08:52:30,082 [Time-limited test] INFO  server.RaftServerConfigKeys (ConfUtils.java:logGet(46)) - raft.server.data-stream.async.request.thread.pool.size = 20 (custom)
2023-08-25 08:52:30,082 [Time-limited test] INFO  server.RaftServerConfigKeys (ConfUtils.java:logGet(46)) - raft.server.data-stream.async.write.thread.pool.size = 16 (default)
2023-08-25 08:52:30,082 [Time-limited test] INFO  server.RaftServerConfigKeys (ConfUtils.java:logGet(46)) - raft.server.data-stream.client.pool.size = 10 (default)
2023-08-25 08:52:30,082 [Time-limited test] INFO  netty.NettyConfigKeys$DataStream (ConfUtils.java:logGet(46)) - raft.netty.dataStream.server.use-epoll = false (default)
2023-08-25 08:52:30,082 [Time-limited test] INFO  netty.NettyConfigKeys$DataStream (ConfUtils.java:logGet(46)) - raft.netty.dataStream.server.boss-group.size = 0 (default)
2023-08-25 08:52:30,082 [Time-limited test] INFO  netty.NettyConfigKeys$DataStream (ConfUtils.java:logGet(46)) - raft.netty.dataStream.server.worker-group.size = 0 (default)
2023-08-25 08:52:30,083 [Time-limited test] INFO  netty.NettyConfigKeys$DataStream (ConfUtils.java:logGet(46)) - raft.netty.dataStream.server.tls.conf = null (default)
2023-08-25 08:52:30,083 [Time-limited test] INFO  netty.NettyConfigKeys$DataStream (ConfUtils.java:logGet(46)) - raft.netty.dataStream.host = null (default)
2023-08-25 08:52:30,083 [Time-limited test] INFO  netty.NettyConfigKeys$DataStream (ConfUtils.java:logGet(46)) - raft.netty.dataStream.port = 15174 (custom)
2023-08-25 08:52:30,084 [Time-limited test] INFO  server.RaftServerConfigKeys (ConfUtils.java:logGet(46)) - raft.server.threadpool.proxy.cached = true (default)
2023-08-25 08:52:30,084 [Time-limited test] INFO  server.RaftServerConfigKeys (ConfUtils.java:logGet(46)) - raft.server.threadpool.proxy.size = 0 (default)
2023-08-25 08:52:30,084 [Time-limited test] INFO  server.RaftServerConfigKeys (ConfUtils.java:logGet(46)) - raft.server.rpc.slowness.timeout = 300s (custom)
2023-08-25 08:52:30,084 [Time-limited test] INFO  server.RaftServerConfigKeys (ConfUtils.java:logGet(46)) - raft.server.leaderelection.leader.step-down.wait-time = 10s (default)
2023-08-25 08:52:30,084 [Time-limited test] INFO  server.RaftServerConfigKeys (ConfUtils.java:logGet(46)) - raft.server.storage.dir = [/home/runner/work/ozone/ozone/hadoop-ozone/integration-test/target/test-dir/MiniOzoneClusterImpl-ea041547-065d-47c9-8c6f-7cbf64d7cdf8/datanode-0/data/ratis] (custom)
2023-08-25 08:52:30,085 [e10cda8e-4bea-44c9-8078-2ce611a3a813-impl-thread1] INFO  server.RaftServer (RaftServerProxy.java:initGroupDir(258)) - e10cda8e-4bea-44c9-8078-2ce611a3a813: found a subdirectory /home/runner/work/ozone/ozone/hadoop-ozone/integration-test/target/test-dir/MiniOzoneClusterImpl-ea041547-065d-47c9-8c6f-7cbf64d7cdf8/datanode-0/data/ratis/tmp
2023-08-25 08:52:30,085 [e10cda8e-4bea-44c9-8078-2ce611a3a813-impl-thread1] INFO  server.RaftServer (RaftServerProxy.java:initGroupDir(263)) - e10cda8e-4bea-44c9-8078-2ce611a3a813: The directory /home/runner/work/ozone/ozone/hadoop-ozone/integration-test/target/test-dir/MiniOzoneClusterImpl-ea041547-065d-47c9-8c6f-7cbf64d7cdf8/datanode-0/data/ratis/tmp is not a group directory; ignoring it. 
2023-08-25 08:52:30,085 [Time-limited test] INFO  replication.ReplicationServer (ReplicationServer.java:<init>(81)) - Initializing replication server with thread count = 10
2023-08-25 08:52:30,085 [e10cda8e-4bea-44c9-8078-2ce611a3a813-NettyServerStreamRpc-bossGroup--thread1] INFO  logging.LoggingHandler (AbstractInternalLogger.java:log(148)) - [id: 0x8b6991da] REGISTERED
2023-08-25 08:52:30,085 [e10cda8e-4bea-44c9-8078-2ce611a3a813-NettyServerStreamRpc-bossGroup--thread1] INFO  logging.LoggingHandler (AbstractInternalLogger.java:log(148)) - [id: 0x8b6991da] BIND: 0.0.0.0/0.0.0.0:15174
2023-08-25 08:52:30,085 [e10cda8e-4bea-44c9-8078-2ce611a3a813-NettyServerStreamRpc-bossGroup--thread1] INFO  logging.LoggingHandler (AbstractInternalLogger.java:log(148)) - [id: 0x8b6991da, L:/0:0:0:0:0:0:0:0:15174] ACTIVE
2023-08-25 08:52:30,086 [Time-limited test] INFO  server.XceiverServerGrpc (XceiverServerGrpc.java:<init>(132)) - GrpcServer channel type EpollServerSocketChannel
2023-08-25 08:52:30,089 [Time-limited test] INFO  replication.ReplicationSupervisor (ReplicationSupervisor.java:build(155)) - Initializing replication supervisor with thread count = 10
2023-08-25 08:52:30,089 [Time-limited test] INFO  replication.ReplicationSupervisor (ReplicationSupervisor.java:nodeStateUpdated(307)) - Node state updated to IN_SERVICE, scaling executor pool size to 10
2023-08-25 08:52:30,093 [Time-limited test] INFO  http.BaseHttpServer (BaseHttpServer.java:newHttpServer2BuilderForOzone(224)) - Starting Web-server for hddsDatanode at: http://0.0.0.0:15168
2023-08-25 08:52:30,093 [Time-limited test] INFO  http.BaseHttpServer (BaseHttpServer.java:<init>(111)) - Hadoop Security Enabled: false Ozone Security Enabled: false Ozone HTTP Security Enabled: false 
2023-08-25 08:52:30,094 [Time-limited test] WARN  server.AuthenticationFilter (AuthenticationFilter.java:constructSecretProvider(240)) - Unable to initialize FileSignerSecretProvider, falling back to use random secrets. Reason: Could not read signature secret file: /home/runner/hadoop-http-auth-signature-secret
2023-08-25 08:52:30,096 [Time-limited test] INFO  http.HttpRequestLog (HttpRequestLog.java:getRequestLog(86)) - Http request log for http.requests.hddsDatanode is not defined
2023-08-25 08:52:30,098 [Time-limited test] INFO  http.HttpServer2 (HttpServer2.java:addGlobalFilter(1031)) - Added global filter 'safety' (class=org.apache.hadoop.hdds.server.http.HttpServer2$QuotingInputFilter)
2023-08-25 08:52:30,098 [Time-limited test] INFO  http.HttpServer2 (HttpServer2.java:addFilter(1007)) - Added filter static_user_filter (class=org.apache.hadoop.http.lib.StaticUserWebFilter$StaticUserFilter) to context hddsDatanode
2023-08-25 08:52:30,098 [Time-limited test] INFO  http.HttpServer2 (HttpServer2.java:addFilter(1015)) - Added filter static_user_filter (class=org.apache.hadoop.http.lib.StaticUserWebFilter$StaticUserFilter) to context logs
2023-08-25 08:52:30,098 [Time-limited test] INFO  http.HttpServer2 (HttpServer2.java:addFilter(1015)) - Added filter static_user_filter (class=org.apache.hadoop.http.lib.StaticUserWebFilter$StaticUserFilter) to context static
2023-08-25 08:52:30,099 [Time-limited test] INFO  http.BaseHttpServer (BaseHttpServer.java:<init>(190)) - HTTP server of hddsDatanode uses base directory /home/runner/work/ozone/ozone/hadoop-ozone/integration-test/target/test-dir/MiniOzoneClusterImpl-ea041547-065d-47c9-8c6f-7cbf64d7cdf8/datanode-0/meta/webserver
2023-08-25 08:52:30,099 [Time-limited test] INFO  http.HttpServer2 (HttpServer2.java:bindListener(1250)) - Jetty bound to port 15168
2023-08-25 08:52:30,099 [Time-limited test] INFO  server.Server (Server.java:doStart(375)) - jetty-9.4.51.v20230217; built: 2023-02-17T08:19:37.309Z; git: b45c405e4544384de066f814ed42ae3dceacdd49; jvm 1.8.0_382-b05
2023-08-25 08:52:30,100 [Time-limited test] INFO  server.session (DefaultSessionIdManager.java:doStart(334)) - DefaultSessionIdManager workerName=node0
2023-08-25 08:52:30,101 [Time-limited test] INFO  server.session (DefaultSessionIdManager.java:doStart(339)) - No SessionScavenger set, using defaults
2023-08-25 08:52:30,101 [Time-limited test] INFO  server.session (HouseKeeper.java:startScavenging(132)) - node0 Scavenging every 600000ms
2023-08-25 08:52:30,101 [Time-limited test] INFO  handler.ContextHandler (ContextHandler.java:doStart(921)) - Started o.e.j.s.ServletContextHandler@57b2d050{logs,/logs,file:///home/runner/work/ozone/ozone/hadoop-ozone/integration-test/target/log,AVAILABLE}
2023-08-25 08:52:30,102 [Time-limited test] INFO  handler.ContextHandler (ContextHandler.java:doStart(921)) - Started o.e.j.s.ServletContextHandler@20f31418{static,/static,jar:file:/home/runner/.m2/repository/org/apache/ozone/hdds-container-service/1.4.0-SNAPSHOT/hdds-container-service-1.4.0-SNAPSHOT.jar!/webapps/static,AVAILABLE}
2023-08-25 08:52:30,440 [Time-limited test] INFO  handler.ContextHandler (ContextHandler.java:doStart(921)) - Started o.e.j.w.WebAppContext@67e961a3{hddsDatanode,/,file:///home/runner/work/ozone/ozone/hadoop-ozone/integration-test/target/test-dir/MiniOzoneClusterImpl-ea041547-065d-47c9-8c6f-7cbf64d7cdf8/datanode-0/meta/webserver/jetty-0_0_0_0-15168-hdds-container-service-1_4_0-SNAPSHOT_jar-_-any-7884817068518957679/webapp/,AVAILABLE}{jar:file:/home/runner/.m2/repository/org/apache/ozone/hdds-container-service/1.4.0-SNAPSHOT/hdds-container-service-1.4.0-SNAPSHOT.jar!/webapps/hddsDatanode}
2023-08-25 08:52:30,442 [Time-limited test] INFO  server.AbstractConnector (AbstractConnector.java:doStart(333)) - Started ServerConnector@1903635{HTTP/1.1, (http/1.1)}{0.0.0.0:15168}
2023-08-25 08:52:30,442 [Time-limited test] INFO  server.Server (Server.java:doStart(415)) - Started @111669ms
2023-08-25 08:52:30,442 [Time-limited test] WARN  impl.MetricsSystemImpl (MetricsSystemImpl.java:register(279)) - Sink prometheus already exists!
2023-08-25 08:52:30,443 [Time-limited test] INFO  http.BaseHttpServer (BaseHttpServer.java:updateConnectorAddress(344)) - HTTP server of hddsDatanode listening at http://0.0.0.0:15168
2023-08-25 08:52:30,443 [Time-limited test] INFO  ipc.CallQueueManager (CallQueueManager.java:<init>(90)) - Using callQueue: class java.util.concurrent.LinkedBlockingQueue, queueCapacity: 100, scheduler: class org.apache.hadoop.ipc.DefaultRpcScheduler, ipcBackoff: false.
2023-08-25 08:52:30,443 [Time-limited test] INFO  ipc.Server (Server.java:<init>(1287)) - Listener at 0.0.0.0:15169
2023-08-25 08:52:30,444 [Socket Reader #1 for port 15169] INFO  ipc.Server (Server.java:run(1323)) - Starting Socket Reader #1 for port 15169
2023-08-25 08:52:30,448 [Time-limited test] INFO  ozone.HddsDatanodeService (HddsDatanodeService.java:start(315)) - Datanode start with admins: [runner]
2023-08-25 08:52:30,448 [Time-limited test] INFO  ozone.HddsDatanodeClientProtocolServer (HddsDatanodeClientProtocolServer.java:start(72)) - RPC server for Client /0.0.0.0:15169
2023-08-25 08:52:30,448 [IPC Server Responder] INFO  ipc.Server (Server.java:run(1562)) - IPC Server Responder: starting
2023-08-25 08:52:30,448 [IPC Server listener on 15169] INFO  ipc.Server (Server.java:run(1402)) - IPC Server listener on 15169: starting
2023-08-25 08:52:30,448 [Time-limited test] WARN  impl.MetricRegistriesImpl (MetricRegistriesImpl.java:addReporterRegistration(111)) - New reporters are added after registries were created. Some metrics will be missing from the reporter. Please add reporter before adding any new registry.
2023-08-25 08:52:30,449 [Time-limited test] WARN  impl.MetricRegistriesImpl (MetricRegistriesImpl.java:addReporterRegistration(111)) - New reporters are added after registries were created. Some metrics will be missing from the reporter. Please add reporter before adding any new registry.
2023-08-25 08:52:30,448 [Datanode State Machine Daemon Thread] INFO  statemachine.DatanodeStateMachine (DatanodeStateMachine.java:lambda$startDaemon$0(538)) - Ozone container server started.
2023-08-25 08:52:30,450 [Time-limited test] INFO  impl.MetricsSystemImpl (MetricsSystemImpl.java:init(158)) - HddsDatanode metrics system started (again)
2023-08-25 08:52:30,470 [Time-limited test] INFO  ozone.HddsDatanodeService (HddsDatanodeService.java:start(237)) - HddsDatanodeService host:fv-az584-689.msjcyvhqqs1uvpg4fm53wptgqc.jx.internal.cloudapp.net ip:10.1.0.19
2023-08-25 08:52:30,486 [Datanode State Machine Task Thread - 0] INFO  datanode.InitDatanodeState (InitDatanodeState.java:persistContainerDatanodeDetails(138)) - DatanodeDetails is persisted to /home/runner/work/ozone/ozone/hadoop-ozone/integration-test/target/test-dir/MiniOzoneClusterImpl-ea041547-065d-47c9-8c6f-7cbf64d7cdf8/datanode-0/meta/datanode.id
2023-08-25 08:52:30,507 [Time-limited test] INFO  upgrade.AbstractLayoutVersionManager (AbstractLayoutVersionManager.java:init(83)) - Initializing Layout version manager with metadata layout = HADOOP_PRC_PORTS_IN_DATANODEDETAILS (version = 7), software layout = HADOOP_PRC_PORTS_IN_DATANODEDETAILS (version = 7)
2023-08-25 08:52:30,507 [Time-limited test] INFO  statemachine.DatanodeStateMachine (DatanodeStateMachine.java:getEndPointTaskThreadPoolSize(282)) - Datanode State Machine Task Thread Pool size 2
2023-08-25 08:52:30,509 [Time-limited test] INFO  volume.HddsVolume (HddsVolume.java:<init>(126)) - Creating HddsVolume: /home/runner/work/ozone/ozone/hadoop-ozone/integration-test/target/test-dir/MiniOzoneClusterImpl-ea041547-065d-47c9-8c6f-7cbf64d7cdf8/datanode-1/data-0/containers/hdds of storage type : DISK capacity : 9223372036854775807
2023-08-25 08:52:30,509 [Time-limited test] INFO  volume.MutableVolumeSet (MutableVolumeSet.java:initializeVolumeSet(173)) - Added Volume : /home/runner/work/ozone/ozone/hadoop-ozone/integration-test/target/test-dir/MiniOzoneClusterImpl-ea041547-065d-47c9-8c6f-7cbf64d7cdf8/datanode-1/data-0/containers/hdds to VolumeSet
2023-08-25 08:52:30,510 [Time-limited test] INFO  volume.MutableVolumeSet (MutableVolumeSet.java:initializeVolumeSet(173)) - Added Volume : /home/runner/work/ozone/ozone/hadoop-ozone/integration-test/target/test-dir/MiniOzoneClusterImpl-ea041547-065d-47c9-8c6f-7cbf64d7cdf8/datanode-1/data/ratis to VolumeSet
2023-08-25 08:52:30,513 [Thread-1911] INFO  ozoneimpl.ContainerReader (ContainerReader.java:readVolume(177)) - Finish verifying containers on volume /home/runner/work/ozone/ozone/hadoop-ozone/integration-test/target/test-dir/MiniOzoneClusterImpl-ea041547-065d-47c9-8c6f-7cbf64d7cdf8/datanode-1/data-0/containers/hdds
2023-08-25 08:52:30,513 [Time-limited test] INFO  ozoneimpl.OzoneContainer (OzoneContainer.java:buildContainerSet(314)) - Build ContainerSet costs 0s
2023-08-25 08:52:30,515 [Time-limited test] INFO  server.RaftServer (ConfUtils.java:logGet(46)) - raft.rpc.type = GRPC (default)
2023-08-25 08:52:30,515 [Time-limited test] INFO  grpc.GrpcConfigKeys (ConfUtils.java:logFallback(53)) - raft.grpc.admin.host = null (fallback to raft.grpc.server.host)
2023-08-25 08:52:30,515 [Time-limited test] INFO  grpc.GrpcConfigKeys (ConfUtils.java:logGet(46)) - raft.grpc.admin.port = 15181 (custom)
2023-08-25 08:52:30,515 [Time-limited test] INFO  grpc.GrpcConfigKeys (ConfUtils.java:logFallback(53)) - raft.grpc.client.host = null (fallback to raft.grpc.server.host)
2023-08-25 08:52:30,515 [Time-limited test] INFO  grpc.GrpcConfigKeys (ConfUtils.java:logGet(46)) - raft.grpc.client.port = 15180 (custom)
2023-08-25 08:52:30,515 [Time-limited test] INFO  grpc.GrpcConfigKeys (ConfUtils.java:logGet(46)) - raft.grpc.server.host = null (default)
2023-08-25 08:52:30,515 [Time-limited test] INFO  grpc.GrpcConfigKeys (ConfUtils.java:logGet(46)) - raft.grpc.server.port = 15182 (custom)
2023-08-25 08:52:30,516 [Time-limited test] INFO  server.GrpcService (ConfUtils.java:logGet(46)) - raft.grpc.message.size.max = 32MB (=33554432) (custom)
2023-08-25 08:52:30,516 [Time-limited test] INFO  server.RaftServerConfigKeys (ConfUtils.java:logGet(46)) - raft.server.log.appender.buffer.byte-limit = 33554432 (custom)
2023-08-25 08:52:30,516 [Time-limited test] INFO  server.GrpcService (ConfUtils.java:logGet(46)) - raft.grpc.flow.control.window = 5MB (=5242880) (custom)
2023-08-25 08:52:30,516 [Time-limited test] INFO  server.RaftServerConfigKeys (ConfUtils.java:logGet(46)) - raft.server.rpc.request.timeout = 60s (custom)
2023-08-25 08:52:30,516 [Time-limited test] INFO  grpc.GrpcConfigKeys (ConfUtils.java:logGet(46)) - raft.grpc.server.heartbeat.channel = true (default)
2023-08-25 08:52:30,516 [Time-limited test] INFO  grpc.GrpcConfigKeys (ConfUtils.java:logGet(46)) - raft.grpc.server.async.request.thread.pool.cached = true (default)
2023-08-25 08:52:30,516 [Time-limited test] INFO  grpc.GrpcConfigKeys (ConfUtils.java:logGet(46)) - raft.grpc.server.async.request.thread.pool.size = 32 (default)
2023-08-25 08:52:30,519 [Time-limited test] INFO  impl.DataStreamServerImpl (ConfUtils.java:logGet(46)) - raft.datastream.type = NETTY (custom)
2023-08-25 08:52:30,519 [Time-limited test] INFO  server.RaftServerConfigKeys (ConfUtils.java:logGet(46)) - raft.server.data-stream.async.request.thread.pool.cached = false (default)
2023-08-25 08:52:30,519 [Time-limited test] INFO  server.RaftServerConfigKeys (ConfUtils.java:logGet(46)) - raft.server.data-stream.async.request.thread.pool.size = 20 (custom)
2023-08-25 08:52:30,519 [Time-limited test] INFO  server.RaftServerConfigKeys (ConfUtils.java:logGet(46)) - raft.server.data-stream.async.write.thread.pool.size = 16 (default)
2023-08-25 08:52:30,519 [Time-limited test] INFO  server.RaftServerConfigKeys (ConfUtils.java:logGet(46)) - raft.server.data-stream.client.pool.size = 10 (default)
2023-08-25 08:52:30,519 [Time-limited test] INFO  netty.NettyConfigKeys$DataStream (ConfUtils.java:logGet(46)) - raft.netty.dataStream.server.use-epoll = false (default)
2023-08-25 08:52:30,519 [Time-limited test] INFO  netty.NettyConfigKeys$DataStream (ConfUtils.java:logGet(46)) - raft.netty.dataStream.server.boss-group.size = 0 (default)
2023-08-25 08:52:30,520 [Time-limited test] INFO  netty.NettyConfigKeys$DataStream (ConfUtils.java:logGet(46)) - raft.netty.dataStream.server.worker-group.size = 0 (default)
2023-08-25 08:52:30,520 [Time-limited test] INFO  netty.NettyConfigKeys$DataStream (ConfUtils.java:logGet(46)) - raft.netty.dataStream.server.tls.conf = null (default)
2023-08-25 08:52:30,520 [Time-limited test] INFO  netty.NettyConfigKeys$DataStream (ConfUtils.java:logGet(46)) - raft.netty.dataStream.host = null (default)
2023-08-25 08:52:30,520 [Time-limited test] INFO  netty.NettyConfigKeys$DataStream (ConfUtils.java:logGet(46)) - raft.netty.dataStream.port = 15183 (custom)
2023-08-25 08:52:30,521 [Time-limited test] INFO  server.RaftServerConfigKeys (ConfUtils.java:logGet(46)) - raft.server.threadpool.proxy.cached = true (default)
2023-08-25 08:52:30,521 [Time-limited test] INFO  server.RaftServerConfigKeys (ConfUtils.java:logGet(46)) - raft.server.threadpool.proxy.size = 0 (default)
2023-08-25 08:52:30,521 [Time-limited test] INFO  server.RaftServerConfigKeys (ConfUtils.java:logGet(46)) - raft.server.rpc.slowness.timeout = 300s (custom)
2023-08-25 08:52:30,521 [Time-limited test] INFO  server.RaftServerConfigKeys (ConfUtils.java:logGet(46)) - raft.server.leaderelection.leader.step-down.wait-time = 10s (default)
2023-08-25 08:52:30,521 [Time-limited test] INFO  server.RaftServerConfigKeys (ConfUtils.java:logGet(46)) - raft.server.storage.dir = [/home/runner/work/ozone/ozone/hadoop-ozone/integration-test/target/test-dir/MiniOzoneClusterImpl-ea041547-065d-47c9-8c6f-7cbf64d7cdf8/datanode-1/data/ratis] (custom)
2023-08-25 08:52:30,522 [aaa796c8-aced-4c19-8914-014df42c39e4-NettyServerStreamRpc-bossGroup--thread1] INFO  logging.LoggingHandler (AbstractInternalLogger.java:log(148)) - [id: 0xe97d9384] REGISTERED
2023-08-25 08:52:30,522 [aaa796c8-aced-4c19-8914-014df42c39e4-NettyServerStreamRpc-bossGroup--thread1] INFO  logging.LoggingHandler (AbstractInternalLogger.java:log(148)) - [id: 0xe97d9384] BIND: 0.0.0.0/0.0.0.0:15183
2023-08-25 08:52:30,522 [aaa796c8-aced-4c19-8914-014df42c39e4-NettyServerStreamRpc-bossGroup--thread1] INFO  logging.LoggingHandler (AbstractInternalLogger.java:log(148)) - [id: 0xe97d9384, L:/0:0:0:0:0:0:0:0:15183] ACTIVE
2023-08-25 08:52:30,525 [aaa796c8-aced-4c19-8914-014df42c39e4-impl-thread1] INFO  server.RaftServer (RaftServerProxy.java:initGroupDir(258)) - aaa796c8-aced-4c19-8914-014df42c39e4: found a subdirectory /home/runner/work/ozone/ozone/hadoop-ozone/integration-test/target/test-dir/MiniOzoneClusterImpl-ea041547-065d-47c9-8c6f-7cbf64d7cdf8/datanode-1/data/ratis/tmp
2023-08-25 08:52:30,525 [aaa796c8-aced-4c19-8914-014df42c39e4-impl-thread1] INFO  server.RaftServer (RaftServerProxy.java:initGroupDir(263)) - aaa796c8-aced-4c19-8914-014df42c39e4: The directory /home/runner/work/ozone/ozone/hadoop-ozone/integration-test/target/test-dir/MiniOzoneClusterImpl-ea041547-065d-47c9-8c6f-7cbf64d7cdf8/datanode-1/data/ratis/tmp is not a group directory; ignoring it. 
2023-08-25 08:52:30,525 [Time-limited test] INFO  replication.ReplicationServer (ReplicationServer.java:<init>(81)) - Initializing replication server with thread count = 10
2023-08-25 08:52:30,526 [Time-limited test] INFO  server.XceiverServerGrpc (XceiverServerGrpc.java:<init>(132)) - GrpcServer channel type EpollServerSocketChannel
2023-08-25 08:52:30,528 [Time-limited test] INFO  replication.ReplicationSupervisor (ReplicationSupervisor.java:build(155)) - Initializing replication supervisor with thread count = 10
2023-08-25 08:52:30,528 [Time-limited test] INFO  replication.ReplicationSupervisor (ReplicationSupervisor.java:nodeStateUpdated(307)) - Node state updated to IN_SERVICE, scaling executor pool size to 10
2023-08-25 08:52:30,530 [Time-limited test] INFO  http.BaseHttpServer (BaseHttpServer.java:newHttpServer2BuilderForOzone(224)) - Starting Web-server for hddsDatanode at: http://0.0.0.0:15177
2023-08-25 08:52:30,530 [Time-limited test] INFO  http.BaseHttpServer (BaseHttpServer.java:<init>(111)) - Hadoop Security Enabled: false Ozone Security Enabled: false Ozone HTTP Security Enabled: false 
2023-08-25 08:52:30,531 [Time-limited test] WARN  server.AuthenticationFilter (AuthenticationFilter.java:constructSecretProvider(240)) - Unable to initialize FileSignerSecretProvider, falling back to use random secrets. Reason: Could not read signature secret file: /home/runner/hadoop-http-auth-signature-secret
2023-08-25 08:52:30,531 [Time-limited test] INFO  http.HttpRequestLog (HttpRequestLog.java:getRequestLog(86)) - Http request log for http.requests.hddsDatanode is not defined
2023-08-25 08:52:30,532 [Time-limited test] INFO  http.HttpServer2 (HttpServer2.java:addGlobalFilter(1031)) - Added global filter 'safety' (class=org.apache.hadoop.hdds.server.http.HttpServer2$QuotingInputFilter)
2023-08-25 08:52:30,533 [Time-limited test] INFO  http.HttpServer2 (HttpServer2.java:addFilter(1007)) - Added filter static_user_filter (class=org.apache.hadoop.http.lib.StaticUserWebFilter$StaticUserFilter) to context hddsDatanode
2023-08-25 08:52:30,533 [Time-limited test] INFO  http.HttpServer2 (HttpServer2.java:addFilter(1015)) - Added filter static_user_filter (class=org.apache.hadoop.http.lib.StaticUserWebFilter$StaticUserFilter) to context static
2023-08-25 08:52:30,533 [Time-limited test] INFO  http.HttpServer2 (HttpServer2.java:addFilter(1015)) - Added filter static_user_filter (class=org.apache.hadoop.http.lib.StaticUserWebFilter$StaticUserFilter) to context logs
2023-08-25 08:52:30,534 [Time-limited test] INFO  http.BaseHttpServer (BaseHttpServer.java:<init>(190)) - HTTP server of hddsDatanode uses base directory /home/runner/work/ozone/ozone/hadoop-ozone/integration-test/target/test-dir/MiniOzoneClusterImpl-ea041547-065d-47c9-8c6f-7cbf64d7cdf8/datanode-1/meta/webserver
2023-08-25 08:52:30,534 [Time-limited test] INFO  http.HttpServer2 (HttpServer2.java:bindListener(1250)) - Jetty bound to port 15177
2023-08-25 08:52:30,534 [Time-limited test] INFO  server.Server (Server.java:doStart(375)) - jetty-9.4.51.v20230217; built: 2023-02-17T08:19:37.309Z; git: b45c405e4544384de066f814ed42ae3dceacdd49; jvm 1.8.0_382-b05
2023-08-25 08:52:30,535 [Time-limited test] INFO  server.session (DefaultSessionIdManager.java:doStart(334)) - DefaultSessionIdManager workerName=node0
2023-08-25 08:52:30,535 [Time-limited test] INFO  server.session (DefaultSessionIdManager.java:doStart(339)) - No SessionScavenger set, using defaults
2023-08-25 08:52:30,535 [Time-limited test] INFO  server.session (HouseKeeper.java:startScavenging(132)) - node0 Scavenging every 600000ms
2023-08-25 08:52:30,536 [Time-limited test] INFO  handler.ContextHandler (ContextHandler.java:doStart(921)) - Started o.e.j.s.ServletContextHandler@e24ca21{logs,/logs,file:///home/runner/work/ozone/ozone/hadoop-ozone/integration-test/target/log,AVAILABLE}
2023-08-25 08:52:30,536 [Time-limited test] INFO  handler.ContextHandler (ContextHandler.java:doStart(921)) - Started o.e.j.s.ServletContextHandler@321c67bd{static,/static,jar:file:/home/runner/.m2/repository/org/apache/ozone/hdds-container-service/1.4.0-SNAPSHOT/hdds-container-service-1.4.0-SNAPSHOT.jar!/webapps/static,AVAILABLE}
2023-08-25 08:52:30,762 [Time-limited test] INFO  handler.ContextHandler (ContextHandler.java:doStart(921)) - Started o.e.j.w.WebAppContext@332bce1f{hddsDatanode,/,file:///home/runner/work/ozone/ozone/hadoop-ozone/integration-test/target/test-dir/MiniOzoneClusterImpl-ea041547-065d-47c9-8c6f-7cbf64d7cdf8/datanode-1/meta/webserver/jetty-0_0_0_0-15177-hdds-container-service-1_4_0-SNAPSHOT_jar-_-any-8835149583833104717/webapp/,AVAILABLE}{jar:file:/home/runner/.m2/repository/org/apache/ozone/hdds-container-service/1.4.0-SNAPSHOT/hdds-container-service-1.4.0-SNAPSHOT.jar!/webapps/hddsDatanode}
2023-08-25 08:52:30,763 [Time-limited test] INFO  server.AbstractConnector (AbstractConnector.java:doStart(333)) - Started ServerConnector@767132ee{HTTP/1.1, (http/1.1)}{0.0.0.0:15177}
2023-08-25 08:52:30,763 [Time-limited test] INFO  server.Server (Server.java:doStart(415)) - Started @111990ms
2023-08-25 08:52:30,763 [Time-limited test] WARN  impl.MetricsSystemImpl (MetricsSystemImpl.java:register(279)) - Sink prometheus already exists!
2023-08-25 08:52:30,764 [Time-limited test] INFO  http.BaseHttpServer (BaseHttpServer.java:updateConnectorAddress(344)) - HTTP server of hddsDatanode listening at http://0.0.0.0:15177
2023-08-25 08:52:30,764 [Time-limited test] INFO  ipc.CallQueueManager (CallQueueManager.java:<init>(90)) - Using callQueue: class java.util.concurrent.LinkedBlockingQueue, queueCapacity: 100, scheduler: class org.apache.hadoop.ipc.DefaultRpcScheduler, ipcBackoff: false.
2023-08-25 08:52:30,764 [Time-limited test] INFO  ipc.Server (Server.java:<init>(1287)) - Listener at 0.0.0.0:15178
2023-08-25 08:52:30,765 [Socket Reader #1 for port 15178] INFO  ipc.Server (Server.java:run(1323)) - Starting Socket Reader #1 for port 15178
2023-08-25 08:52:30,770 [Time-limited test] INFO  ozone.HddsDatanodeService (HddsDatanodeService.java:start(315)) - Datanode start with admins: [runner]
2023-08-25 08:52:30,771 [Time-limited test] INFO  ozone.HddsDatanodeClientProtocolServer (HddsDatanodeClientProtocolServer.java:start(72)) - RPC server for Client /0.0.0.0:15178
2023-08-25 08:52:30,771 [IPC Server Responder] INFO  ipc.Server (Server.java:run(1562)) - IPC Server Responder: starting
2023-08-25 08:52:30,771 [IPC Server listener on 15178] INFO  ipc.Server (Server.java:run(1402)) - IPC Server listener on 15178: starting
2023-08-25 08:52:30,773 [Datanode State Machine Daemon Thread] INFO  statemachine.DatanodeStateMachine (DatanodeStateMachine.java:lambda$startDaemon$0(538)) - Ozone container server started.
2023-08-25 08:52:30,773 [Time-limited test] WARN  impl.MetricRegistriesImpl (MetricRegistriesImpl.java:addReporterRegistration(111)) - New reporters are added after registries were created. Some metrics will be missing from the reporter. Please add reporter before adding any new registry.
2023-08-25 08:52:30,773 [Time-limited test] WARN  impl.MetricRegistriesImpl (MetricRegistriesImpl.java:addReporterRegistration(111)) - New reporters are added after registries were created. Some metrics will be missing from the reporter. Please add reporter before adding any new registry.
2023-08-25 08:52:30,773 [Time-limited test] INFO  impl.MetricsSystemImpl (MetricsSystemImpl.java:init(158)) - HddsDatanode metrics system started (again)
2023-08-25 08:52:30,791 [Datanode State Machine Task Thread - 0] INFO  datanode.InitDatanodeState (InitDatanodeState.java:persistContainerDatanodeDetails(138)) - DatanodeDetails is persisted to /home/runner/work/ozone/ozone/hadoop-ozone/integration-test/target/test-dir/MiniOzoneClusterImpl-ea041547-065d-47c9-8c6f-7cbf64d7cdf8/datanode-1/meta/datanode.id
2023-08-25 08:52:30,796 [Time-limited test] INFO  ozone.HddsDatanodeService (HddsDatanodeService.java:start(237)) - HddsDatanodeService host:fv-az584-689.msjcyvhqqs1uvpg4fm53wptgqc.jx.internal.cloudapp.net ip:10.1.0.19
2023-08-25 08:52:30,838 [Time-limited test] INFO  upgrade.AbstractLayoutVersionManager (AbstractLayoutVersionManager.java:init(83)) - Initializing Layout version manager with metadata layout = HADOOP_PRC_PORTS_IN_DATANODEDETAILS (version = 7), software layout = HADOOP_PRC_PORTS_IN_DATANODEDETAILS (version = 7)
2023-08-25 08:52:30,838 [Time-limited test] INFO  statemachine.DatanodeStateMachine (DatanodeStateMachine.java:getEndPointTaskThreadPoolSize(282)) - Datanode State Machine Task Thread Pool size 2
2023-08-25 08:52:30,840 [Time-limited test] INFO  volume.HddsVolume (HddsVolume.java:<init>(126)) - Creating HddsVolume: /home/runner/work/ozone/ozone/hadoop-ozone/integration-test/target/test-dir/MiniOzoneClusterImpl-ea041547-065d-47c9-8c6f-7cbf64d7cdf8/datanode-2/data-0/containers/hdds of storage type : DISK capacity : 9223372036854775807
2023-08-25 08:52:30,840 [Time-limited test] INFO  volume.MutableVolumeSet (MutableVolumeSet.java:initializeVolumeSet(173)) - Added Volume : /home/runner/work/ozone/ozone/hadoop-ozone/integration-test/target/test-dir/MiniOzoneClusterImpl-ea041547-065d-47c9-8c6f-7cbf64d7cdf8/datanode-2/data-0/containers/hdds to VolumeSet
2023-08-25 08:52:30,841 [Time-limited test] INFO  volume.MutableVolumeSet (MutableVolumeSet.java:initializeVolumeSet(173)) - Added Volume : /home/runner/work/ozone/ozone/hadoop-ozone/integration-test/target/test-dir/MiniOzoneClusterImpl-ea041547-065d-47c9-8c6f-7cbf64d7cdf8/datanode-2/data/ratis to VolumeSet
2023-08-25 08:52:30,842 [Thread-1928] INFO  ozoneimpl.ContainerReader (ContainerReader.java:readVolume(177)) - Finish verifying containers on volume /home/runner/work/ozone/ozone/hadoop-ozone/integration-test/target/test-dir/MiniOzoneClusterImpl-ea041547-065d-47c9-8c6f-7cbf64d7cdf8/datanode-2/data-0/containers/hdds
2023-08-25 08:52:30,843 [Time-limited test] INFO  ozoneimpl.OzoneContainer (OzoneContainer.java:buildContainerSet(314)) - Build ContainerSet costs 0s
2023-08-25 08:52:30,845 [Time-limited test] INFO  server.RaftServer (ConfUtils.java:logGet(46)) - raft.rpc.type = GRPC (default)
2023-08-25 08:52:30,846 [Time-limited test] INFO  grpc.GrpcConfigKeys (ConfUtils.java:logFallback(53)) - raft.grpc.admin.host = null (fallback to raft.grpc.server.host)
2023-08-25 08:52:30,846 [Time-limited test] INFO  grpc.GrpcConfigKeys (ConfUtils.java:logGet(46)) - raft.grpc.admin.port = 15190 (custom)
2023-08-25 08:52:30,846 [Time-limited test] INFO  grpc.GrpcConfigKeys (ConfUtils.java:logFallback(53)) - raft.grpc.client.host = null (fallback to raft.grpc.server.host)
2023-08-25 08:52:30,847 [Time-limited test] INFO  grpc.GrpcConfigKeys (ConfUtils.java:logGet(46)) - raft.grpc.client.port = 15189 (custom)
2023-08-25 08:52:30,847 [Time-limited test] INFO  grpc.GrpcConfigKeys (ConfUtils.java:logGet(46)) - raft.grpc.server.host = null (default)
2023-08-25 08:52:30,847 [Time-limited test] INFO  grpc.GrpcConfigKeys (ConfUtils.java:logGet(46)) - raft.grpc.server.port = 15191 (custom)
2023-08-25 08:52:30,847 [Time-limited test] INFO  server.GrpcService (ConfUtils.java:logGet(46)) - raft.grpc.message.size.max = 32MB (=33554432) (custom)
2023-08-25 08:52:30,847 [Time-limited test] INFO  server.RaftServerConfigKeys (ConfUtils.java:logGet(46)) - raft.server.log.appender.buffer.byte-limit = 33554432 (custom)
2023-08-25 08:52:30,847 [Time-limited test] INFO  server.GrpcService (ConfUtils.java:logGet(46)) - raft.grpc.flow.control.window = 5MB (=5242880) (custom)
2023-08-25 08:52:30,847 [Time-limited test] INFO  server.RaftServerConfigKeys (ConfUtils.java:logGet(46)) - raft.server.rpc.request.timeout = 60s (custom)
2023-08-25 08:52:30,847 [Time-limited test] INFO  grpc.GrpcConfigKeys (ConfUtils.java:logGet(46)) - raft.grpc.server.heartbeat.channel = true (default)
2023-08-25 08:52:30,847 [Time-limited test] INFO  grpc.GrpcConfigKeys (ConfUtils.java:logGet(46)) - raft.grpc.server.async.request.thread.pool.cached = true (default)
2023-08-25 08:52:30,847 [Time-limited test] INFO  grpc.GrpcConfigKeys (ConfUtils.java:logGet(46)) - raft.grpc.server.async.request.thread.pool.size = 32 (default)
2023-08-25 08:52:30,850 [Time-limited test] INFO  impl.DataStreamServerImpl (ConfUtils.java:logGet(46)) - raft.datastream.type = NETTY (custom)
2023-08-25 08:52:30,850 [Time-limited test] INFO  server.RaftServerConfigKeys (ConfUtils.java:logGet(46)) - raft.server.data-stream.async.request.thread.pool.cached = false (default)
2023-08-25 08:52:30,850 [Time-limited test] INFO  server.RaftServerConfigKeys (ConfUtils.java:logGet(46)) - raft.server.data-stream.async.request.thread.pool.size = 20 (custom)
2023-08-25 08:52:30,850 [Time-limited test] INFO  server.RaftServerConfigKeys (ConfUtils.java:logGet(46)) - raft.server.data-stream.async.write.thread.pool.size = 16 (default)
2023-08-25 08:52:30,851 [Time-limited test] INFO  server.RaftServerConfigKeys (ConfUtils.java:logGet(46)) - raft.server.data-stream.client.pool.size = 10 (default)
2023-08-25 08:52:30,851 [Time-limited test] INFO  netty.NettyConfigKeys$DataStream (ConfUtils.java:logGet(46)) - raft.netty.dataStream.server.use-epoll = false (default)
2023-08-25 08:52:30,851 [Time-limited test] INFO  netty.NettyConfigKeys$DataStream (ConfUtils.java:logGet(46)) - raft.netty.dataStream.server.boss-group.size = 0 (default)
2023-08-25 08:52:30,851 [Time-limited test] INFO  netty.NettyConfigKeys$DataStream (ConfUtils.java:logGet(46)) - raft.netty.dataStream.server.worker-group.size = 0 (default)
2023-08-25 08:52:30,851 [Time-limited test] INFO  netty.NettyConfigKeys$DataStream (ConfUtils.java:logGet(46)) - raft.netty.dataStream.server.tls.conf = null (default)
2023-08-25 08:52:30,851 [Time-limited test] INFO  netty.NettyConfigKeys$DataStream (ConfUtils.java:logGet(46)) - raft.netty.dataStream.host = null (default)
2023-08-25 08:52:30,851 [Time-limited test] INFO  netty.NettyConfigKeys$DataStream (ConfUtils.java:logGet(46)) - raft.netty.dataStream.port = 15192 (custom)
2023-08-25 08:52:30,852 [Time-limited test] INFO  server.RaftServerConfigKeys (ConfUtils.java:logGet(46)) - raft.server.threadpool.proxy.cached = true (default)
2023-08-25 08:52:30,852 [Time-limited test] INFO  server.RaftServerConfigKeys (ConfUtils.java:logGet(46)) - raft.server.threadpool.proxy.size = 0 (default)
2023-08-25 08:52:30,852 [Time-limited test] INFO  server.RaftServerConfigKeys (ConfUtils.java:logGet(46)) - raft.server.rpc.slowness.timeout = 300s (custom)
2023-08-25 08:52:30,852 [Time-limited test] INFO  server.RaftServerConfigKeys (ConfUtils.java:logGet(46)) - raft.server.leaderelection.leader.step-down.wait-time = 10s (default)
2023-08-25 08:52:30,852 [6a511105-798d-4035-a071-a904e0472807-NettyServerStreamRpc-bossGroup--thread1] INFO  logging.LoggingHandler (AbstractInternalLogger.java:log(148)) - [id: 0x71efbee5] REGISTERED
2023-08-25 08:52:30,852 [Time-limited test] INFO  server.RaftServerConfigKeys (ConfUtils.java:logGet(46)) - raft.server.storage.dir = [/home/runner/work/ozone/ozone/hadoop-ozone/integration-test/target/test-dir/MiniOzoneClusterImpl-ea041547-065d-47c9-8c6f-7cbf64d7cdf8/datanode-2/data/ratis] (custom)
2023-08-25 08:52:30,852 [6a511105-798d-4035-a071-a904e0472807-NettyServerStreamRpc-bossGroup--thread1] INFO  logging.LoggingHandler (AbstractInternalLogger.java:log(148)) - [id: 0x71efbee5] BIND: 0.0.0.0/0.0.0.0:15192
2023-08-25 08:52:30,853 [6a511105-798d-4035-a071-a904e0472807-NettyServerStreamRpc-bossGroup--thread1] INFO  logging.LoggingHandler (AbstractInternalLogger.java:log(148)) - [id: 0x71efbee5, L:/0:0:0:0:0:0:0:0:15192] ACTIVE
2023-08-25 08:52:30,853 [6a511105-798d-4035-a071-a904e0472807-impl-thread1] INFO  server.RaftServer (RaftServerProxy.java:initGroupDir(258)) - 6a511105-798d-4035-a071-a904e0472807: found a subdirectory /home/runner/work/ozone/ozone/hadoop-ozone/integration-test/target/test-dir/MiniOzoneClusterImpl-ea041547-065d-47c9-8c6f-7cbf64d7cdf8/datanode-2/data/ratis/tmp
2023-08-25 08:52:30,853 [6a511105-798d-4035-a071-a904e0472807-impl-thread1] INFO  server.RaftServer (RaftServerProxy.java:initGroupDir(263)) - 6a511105-798d-4035-a071-a904e0472807: The directory /home/runner/work/ozone/ozone/hadoop-ozone/integration-test/target/test-dir/MiniOzoneClusterImpl-ea041547-065d-47c9-8c6f-7cbf64d7cdf8/datanode-2/data/ratis/tmp is not a group directory; ignoring it. 
2023-08-25 08:52:30,853 [Time-limited test] INFO  replication.ReplicationServer (ReplicationServer.java:<init>(81)) - Initializing replication server with thread count = 10
2023-08-25 08:52:30,854 [Time-limited test] INFO  server.XceiverServerGrpc (XceiverServerGrpc.java:<init>(132)) - GrpcServer channel type EpollServerSocketChannel
2023-08-25 08:52:30,856 [Time-limited test] INFO  replication.ReplicationSupervisor (ReplicationSupervisor.java:build(155)) - Initializing replication supervisor with thread count = 10
2023-08-25 08:52:30,857 [Time-limited test] INFO  replication.ReplicationSupervisor (ReplicationSupervisor.java:nodeStateUpdated(307)) - Node state updated to IN_SERVICE, scaling executor pool size to 10
2023-08-25 08:52:30,858 [Time-limited test] INFO  http.BaseHttpServer (BaseHttpServer.java:newHttpServer2BuilderForOzone(224)) - Starting Web-server for hddsDatanode at: http://0.0.0.0:15186
2023-08-25 08:52:30,858 [Time-limited test] INFO  http.BaseHttpServer (BaseHttpServer.java:<init>(111)) - Hadoop Security Enabled: false Ozone Security Enabled: false Ozone HTTP Security Enabled: false 
2023-08-25 08:52:30,860 [Time-limited test] WARN  server.AuthenticationFilter (AuthenticationFilter.java:constructSecretProvider(240)) - Unable to initialize FileSignerSecretProvider, falling back to use random secrets. Reason: Could not read signature secret file: /home/runner/hadoop-http-auth-signature-secret
2023-08-25 08:52:30,860 [Time-limited test] INFO  http.HttpRequestLog (HttpRequestLog.java:getRequestLog(86)) - Http request log for http.requests.hddsDatanode is not defined
2023-08-25 08:52:30,861 [Time-limited test] INFO  http.HttpServer2 (HttpServer2.java:addGlobalFilter(1031)) - Added global filter 'safety' (class=org.apache.hadoop.hdds.server.http.HttpServer2$QuotingInputFilter)
2023-08-25 08:52:30,862 [Time-limited test] INFO  http.HttpServer2 (HttpServer2.java:addFilter(1007)) - Added filter static_user_filter (class=org.apache.hadoop.http.lib.StaticUserWebFilter$StaticUserFilter) to context hddsDatanode
2023-08-25 08:52:30,862 [Time-limited test] INFO  http.HttpServer2 (HttpServer2.java:addFilter(1015)) - Added filter static_user_filter (class=org.apache.hadoop.http.lib.StaticUserWebFilter$StaticUserFilter) to context logs
2023-08-25 08:52:30,862 [Time-limited test] INFO  http.HttpServer2 (HttpServer2.java:addFilter(1015)) - Added filter static_user_filter (class=org.apache.hadoop.http.lib.StaticUserWebFilter$StaticUserFilter) to context static
2023-08-25 08:52:30,862 [Time-limited test] INFO  http.BaseHttpServer (BaseHttpServer.java:<init>(190)) - HTTP server of hddsDatanode uses base directory /home/runner/work/ozone/ozone/hadoop-ozone/integration-test/target/test-dir/MiniOzoneClusterImpl-ea041547-065d-47c9-8c6f-7cbf64d7cdf8/datanode-2/meta/webserver
2023-08-25 08:52:30,862 [Time-limited test] INFO  http.HttpServer2 (HttpServer2.java:bindListener(1250)) - Jetty bound to port 15186
2023-08-25 08:52:30,863 [Time-limited test] INFO  server.Server (Server.java:doStart(375)) - jetty-9.4.51.v20230217; built: 2023-02-17T08:19:37.309Z; git: b45c405e4544384de066f814ed42ae3dceacdd49; jvm 1.8.0_382-b05
2023-08-25 08:52:30,864 [Time-limited test] INFO  server.session (DefaultSessionIdManager.java:doStart(334)) - DefaultSessionIdManager workerName=node0
2023-08-25 08:52:30,864 [Time-limited test] INFO  server.session (DefaultSessionIdManager.java:doStart(339)) - No SessionScavenger set, using defaults
2023-08-25 08:52:30,864 [Time-limited test] INFO  server.session (HouseKeeper.java:startScavenging(132)) - node0 Scavenging every 660000ms
2023-08-25 08:52:30,865 [Time-limited test] INFO  handler.ContextHandler (ContextHandler.java:doStart(921)) - Started o.e.j.s.ServletContextHandler@5ba7c55d{logs,/logs,file:///home/runner/work/ozone/ozone/hadoop-ozone/integration-test/target/log,AVAILABLE}
2023-08-25 08:52:30,865 [Time-limited test] INFO  handler.ContextHandler (ContextHandler.java:doStart(921)) - Started o.e.j.s.ServletContextHandler@6de8ad74{static,/static,jar:file:/home/runner/.m2/repository/org/apache/ozone/hdds-container-service/1.4.0-SNAPSHOT/hdds-container-service-1.4.0-SNAPSHOT.jar!/webapps/static,AVAILABLE}
2023-08-25 08:52:31,026 [ReplicationMonitor] INFO  replication.ReplicationManager (ReplicationManager.java:processAll(361)) - Replication Manager is not ready to run until 3000ms after safemode exit
2023-08-25 08:52:31,034 [om1@group-C5BA1605619E-FollowerState] INFO  impl.FollowerState (FollowerState.java:run(143)) - om1@group-C5BA1605619E-FollowerState: change to CANDIDATE, lastRpcElapsedTime:1077339611ns, electionTimeout:1075ms
2023-08-25 08:52:31,034 [om1@group-C5BA1605619E-FollowerState] INFO  impl.RoleInfo (RoleInfo.java:shutdownFollowerState(110)) - om1: shutdown om1@group-C5BA1605619E-FollowerState
2023-08-25 08:52:31,034 [om1@group-C5BA1605619E-FollowerState] INFO  server.RaftServer$Division (RaftServerImpl.java:setRole(329)) - om1@group-C5BA1605619E: changes role from  FOLLOWER to CANDIDATE at term 0 for changeToCandidate
2023-08-25 08:52:31,034 [om1@group-C5BA1605619E-FollowerState] INFO  server.RaftServerConfigKeys (ConfUtils.java:logGet(46)) - raft.server.leaderelection.pre-vote = true (default)
2023-08-25 08:52:31,034 [om1@group-C5BA1605619E-FollowerState] INFO  impl.RoleInfo (RoleInfo.java:updateAndGet(139)) - om1: start om1@group-C5BA1605619E-LeaderElection29
2023-08-25 08:52:31,037 [om1@group-C5BA1605619E-LeaderElection29] INFO  impl.LeaderElection (LeaderElection.java:askForVotes(321)) - om1@group-C5BA1605619E-LeaderElection29 PRE_VOTE round 0: submit vote requests at term 0 for -1: peers:[om1|rpc:localhost:15166|priority:0|startupRole:FOLLOWER]|listeners:[], old=null
2023-08-25 08:52:31,037 [om1@group-C5BA1605619E-LeaderElection29] INFO  impl.LeaderElection (LeaderElection.java:askForVotes(323)) - om1@group-C5BA1605619E-LeaderElection29 PRE_VOTE round 0: result PASSED (term=0)
2023-08-25 08:52:31,039 [om1@group-C5BA1605619E-LeaderElection29] INFO  impl.LeaderElection (LeaderElection.java:askForVotes(321)) - om1@group-C5BA1605619E-LeaderElection29 ELECTION round 0: submit vote requests at term 1 for -1: peers:[om1|rpc:localhost:15166|priority:0|startupRole:FOLLOWER]|listeners:[], old=null
2023-08-25 08:52:31,039 [om1@group-C5BA1605619E-LeaderElection29] INFO  impl.LeaderElection (LeaderElection.java:askForVotes(323)) - om1@group-C5BA1605619E-LeaderElection29 ELECTION round 0: result PASSED (term=1)
2023-08-25 08:52:31,040 [om1@group-C5BA1605619E-LeaderElection29] INFO  impl.RoleInfo (RoleInfo.java:shutdownLeaderElection(130)) - om1: shutdown om1@group-C5BA1605619E-LeaderElection29
2023-08-25 08:52:31,040 [om1@group-C5BA1605619E-LeaderElection29] INFO  server.RaftServer$Division (RaftServerImpl.java:setRole(329)) - om1@group-C5BA1605619E: changes role from CANDIDATE to LEADER at term 1 for changeToLeader
2023-08-25 08:52:31,040 [om1@group-C5BA1605619E-LeaderElection29] INFO  server.RaftServer$Division (ServerState.java:setLeader(317)) - om1@group-C5BA1605619E: change Leader from null to om1 at term 1 for becomeLeader, leader elected after 1504ms
2023-08-25 08:52:31,040 [om1@group-C5BA1605619E-LeaderElection29] INFO  server.RaftServerConfigKeys (ConfUtils.java:logGet(46)) - raft.server.staging.catchup.gap = 1000 (default)
2023-08-25 08:52:31,040 [om1@group-C5BA1605619E-LeaderElection29] INFO  server.RaftServerConfigKeys (ConfUtils.java:logGet(46)) - raft.server.write.element-limit = 4096 (default)
2023-08-25 08:52:31,040 [om1@group-C5BA1605619E-LeaderElection29] INFO  server.RaftServerConfigKeys (ConfUtils.java:logGet(46)) - raft.server.write.byte-limit = 64MB (=67108864) (default)
2023-08-25 08:52:31,040 [om1@group-C5BA1605619E-LeaderElection29] INFO  server.RaftServerConfigKeys (ConfUtils.java:logGet(46)) - raft.server.watch.timeout = 10s (default)
2023-08-25 08:52:31,040 [om1@group-C5BA1605619E-LeaderElection29] INFO  server.RaftServerConfigKeys (ConfUtils.java:logGet(46)) - raft.server.watch.timeout.denomination = 1s (default)
2023-08-25 08:52:31,040 [om1@group-C5BA1605619E-LeaderElection29] INFO  server.RaftServerConfigKeys (ConfUtils.java:logGet(46)) - raft.server.watch.element-limit = 65536 (default)
2023-08-25 08:52:31,040 [om1@group-C5BA1605619E-LeaderElection29] INFO  server.RaftServerConfigKeys (ConfUtils.java:logGet(46)) - raft.server.write.element-limit = 4096 (default)
2023-08-25 08:52:31,041 [om1@group-C5BA1605619E-LeaderElection29] INFO  server.RaftServerConfigKeys (ConfUtils.java:logGet(46)) - raft.server.write.follower.gap.ratio.max = -1.0 (default)
2023-08-25 08:52:31,041 [om1@group-C5BA1605619E-LeaderElection29] INFO  impl.RoleInfo (RoleInfo.java:updateAndGet(139)) - om1: start om1@group-C5BA1605619E-LeaderStateImpl
2023-08-25 08:52:31,041 [om1@group-C5BA1605619E-LeaderElection29] INFO  segmented.SegmentedRaftLogWorker (SegmentedRaftLogWorker.java:startLogSegment(447)) - om1@group-C5BA1605619E-SegmentedRaftLogWorker: Starting segment from index:0
2023-08-25 08:52:31,047 [om1@group-C5BA1605619E-LeaderElection29] INFO  server.RaftServer$Division (ServerState.java:setRaftConf(434)) - om1@group-C5BA1605619E: set configuration 0: peers:[om1|rpc:localhost:15166|admin:|client:|dataStream:|priority:0|startupRole:FOLLOWER]|listeners:[], old=null
2023-08-25 08:52:31,053 [om1@group-C5BA1605619E-SegmentedRaftLogWorker] INFO  segmented.SegmentedRaftLogWorker (SegmentedRaftLogWorker.java:execute(651)) - om1@group-C5BA1605619E-SegmentedRaftLogWorker: created new log segment /home/runner/work/ozone/ozone/hadoop-ozone/integration-test/target/test-dir/MiniOzoneClusterImpl-ea041547-065d-47c9-8c6f-7cbf64d7cdf8/ozone-meta/ratis/bf265839-605b-3f16-9796-c5ba1605619e/current/log_inprogress_0
2023-08-25 08:52:31,057 [om1@group-C5BA1605619E-StateMachineUpdater] INFO  ratis.OzoneManagerStateMachine (OzoneManagerStateMachine.java:notifyConfigurationChanged(202)) - Received Configuration change notification from Ratis. New Peer list:
[id: "om1"
address: "localhost:15166"
startupRole: FOLLOWER
]
2023-08-25 08:52:31,105 [Time-limited test] INFO  handler.ContextHandler (ContextHandler.java:doStart(921)) - Started o.e.j.w.WebAppContext@3bfc4195{hddsDatanode,/,file:///home/runner/work/ozone/ozone/hadoop-ozone/integration-test/target/test-dir/MiniOzoneClusterImpl-ea041547-065d-47c9-8c6f-7cbf64d7cdf8/datanode-2/meta/webserver/jetty-0_0_0_0-15186-hdds-container-service-1_4_0-SNAPSHOT_jar-_-any-9210570766551401913/webapp/,AVAILABLE}{jar:file:/home/runner/.m2/repository/org/apache/ozone/hdds-container-service/1.4.0-SNAPSHOT/hdds-container-service-1.4.0-SNAPSHOT.jar!/webapps/hddsDatanode}
2023-08-25 08:52:31,107 [Time-limited test] INFO  server.AbstractConnector (AbstractConnector.java:doStart(333)) - Started ServerConnector@10cb37fe{HTTP/1.1, (http/1.1)}{0.0.0.0:15186}
2023-08-25 08:52:31,107 [Time-limited test] INFO  server.Server (Server.java:doStart(415)) - Started @112334ms
2023-08-25 08:52:31,107 [Time-limited test] WARN  impl.MetricsSystemImpl (MetricsSystemImpl.java:register(279)) - Sink prometheus already exists!
2023-08-25 08:52:31,108 [Time-limited test] INFO  http.BaseHttpServer (BaseHttpServer.java:updateConnectorAddress(344)) - HTTP server of hddsDatanode listening at http://0.0.0.0:15186
2023-08-25 08:52:31,108 [Time-limited test] INFO  ipc.CallQueueManager (CallQueueManager.java:<init>(90)) - Using callQueue: class java.util.concurrent.LinkedBlockingQueue, queueCapacity: 100, scheduler: class org.apache.hadoop.ipc.DefaultRpcScheduler, ipcBackoff: false.
2023-08-25 08:52:31,108 [Time-limited test] INFO  ipc.Server (Server.java:<init>(1287)) - Listener at 0.0.0.0:15187
2023-08-25 08:52:31,109 [Socket Reader #1 for port 15187] INFO  ipc.Server (Server.java:run(1323)) - Starting Socket Reader #1 for port 15187
2023-08-25 08:52:31,115 [Time-limited test] INFO  ozone.HddsDatanodeService (HddsDatanodeService.java:start(315)) - Datanode start with admins: [runner]
2023-08-25 08:52:31,115 [Time-limited test] INFO  ozone.HddsDatanodeClientProtocolServer (HddsDatanodeClientProtocolServer.java:start(72)) - RPC server for Client /0.0.0.0:15187
2023-08-25 08:52:31,122 [IPC Server listener on 15187] INFO  ipc.Server (Server.java:run(1402)) - IPC Server listener on 15187: starting
2023-08-25 08:52:31,122 [Datanode State Machine Daemon Thread] INFO  statemachine.DatanodeStateMachine (DatanodeStateMachine.java:lambda$startDaemon$0(538)) - Ozone container server started.
2023-08-25 08:52:31,122 [Time-limited test] WARN  impl.MetricRegistriesImpl (MetricRegistriesImpl.java:addReporterRegistration(111)) - New reporters are added after registries were created. Some metrics will be missing from the reporter. Please add reporter before adding any new registry.
2023-08-25 08:52:31,122 [Time-limited test] WARN  impl.MetricRegistriesImpl (MetricRegistriesImpl.java:addReporterRegistration(111)) - New reporters are added after registries were created. Some metrics will be missing from the reporter. Please add reporter before adding any new registry.
2023-08-25 08:52:31,122 [Time-limited test] INFO  impl.MetricsSystemImpl (MetricsSystemImpl.java:init(158)) - HddsDatanode metrics system started (again)
2023-08-25 08:52:31,123 [IPC Server Responder] INFO  ipc.Server (Server.java:run(1562)) - IPC Server Responder: starting
2023-08-25 08:52:31,141 [Time-limited test] INFO  ozone.HddsDatanodeService (HddsDatanodeService.java:start(237)) - HddsDatanodeService host:fv-az584-689.msjcyvhqqs1uvpg4fm53wptgqc.jx.internal.cloudapp.net ip:10.1.0.19
2023-08-25 08:52:31,144 [Datanode State Machine Task Thread - 0] INFO  datanode.InitDatanodeState (InitDatanodeState.java:persistContainerDatanodeDetails(138)) - DatanodeDetails is persisted to /home/runner/work/ozone/ozone/hadoop-ozone/integration-test/target/test-dir/MiniOzoneClusterImpl-ea041547-065d-47c9-8c6f-7cbf64d7cdf8/datanode-2/meta/datanode.id
2023-08-25 08:52:31,171 [Time-limited test] INFO  upgrade.AbstractLayoutVersionManager (AbstractLayoutVersionManager.java:init(83)) - Initializing Layout version manager with metadata layout = HADOOP_PRC_PORTS_IN_DATANODEDETAILS (version = 7), software layout = HADOOP_PRC_PORTS_IN_DATANODEDETAILS (version = 7)
2023-08-25 08:52:31,172 [Time-limited test] INFO  statemachine.DatanodeStateMachine (DatanodeStateMachine.java:getEndPointTaskThreadPoolSize(282)) - Datanode State Machine Task Thread Pool size 2
2023-08-25 08:52:31,176 [Time-limited test] INFO  volume.HddsVolume (HddsVolume.java:<init>(126)) - Creating HddsVolume: /home/runner/work/ozone/ozone/hadoop-ozone/integration-test/target/test-dir/MiniOzoneClusterImpl-ea041547-065d-47c9-8c6f-7cbf64d7cdf8/datanode-3/data-0/containers/hdds of storage type : DISK capacity : 9223372036854775807
2023-08-25 08:52:31,176 [Time-limited test] INFO  volume.MutableVolumeSet (MutableVolumeSet.java:initializeVolumeSet(173)) - Added Volume : /home/runner/work/ozone/ozone/hadoop-ozone/integration-test/target/test-dir/MiniOzoneClusterImpl-ea041547-065d-47c9-8c6f-7cbf64d7cdf8/datanode-3/data-0/containers/hdds to VolumeSet
2023-08-25 08:52:31,177 [Time-limited test] INFO  volume.MutableVolumeSet (MutableVolumeSet.java:initializeVolumeSet(173)) - Added Volume : /home/runner/work/ozone/ozone/hadoop-ozone/integration-test/target/test-dir/MiniOzoneClusterImpl-ea041547-065d-47c9-8c6f-7cbf64d7cdf8/datanode-3/data/ratis to VolumeSet
2023-08-25 08:52:31,177 [Thread-1947] INFO  ozoneimpl.ContainerReader (ContainerReader.java:readVolume(177)) - Finish verifying containers on volume /home/runner/work/ozone/ozone/hadoop-ozone/integration-test/target/test-dir/MiniOzoneClusterImpl-ea041547-065d-47c9-8c6f-7cbf64d7cdf8/datanode-3/data-0/containers/hdds
2023-08-25 08:52:31,178 [Time-limited test] INFO  ozoneimpl.OzoneContainer (OzoneContainer.java:buildContainerSet(314)) - Build ContainerSet costs 0s
2023-08-25 08:52:31,180 [Time-limited test] INFO  server.RaftServer (ConfUtils.java:logGet(46)) - raft.rpc.type = GRPC (default)
2023-08-25 08:52:31,181 [Time-limited test] INFO  grpc.GrpcConfigKeys (ConfUtils.java:logFallback(53)) - raft.grpc.admin.host = null (fallback to raft.grpc.server.host)
2023-08-25 08:52:31,181 [Time-limited test] INFO  grpc.GrpcConfigKeys (ConfUtils.java:logGet(46)) - raft.grpc.admin.port = 15199 (custom)
2023-08-25 08:52:31,181 [Time-limited test] INFO  grpc.GrpcConfigKeys (ConfUtils.java:logFallback(53)) - raft.grpc.client.host = null (fallback to raft.grpc.server.host)
2023-08-25 08:52:31,181 [Time-limited test] INFO  grpc.GrpcConfigKeys (ConfUtils.java:logGet(46)) - raft.grpc.client.port = 15198 (custom)
2023-08-25 08:52:31,181 [Time-limited test] INFO  grpc.GrpcConfigKeys (ConfUtils.java:logGet(46)) - raft.grpc.server.host = null (default)
2023-08-25 08:52:31,181 [Time-limited test] INFO  grpc.GrpcConfigKeys (ConfUtils.java:logGet(46)) - raft.grpc.server.port = 15200 (custom)
2023-08-25 08:52:31,181 [Time-limited test] INFO  server.GrpcService (ConfUtils.java:logGet(46)) - raft.grpc.message.size.max = 32MB (=33554432) (custom)
2023-08-25 08:52:31,181 [Time-limited test] INFO  server.RaftServerConfigKeys (ConfUtils.java:logGet(46)) - raft.server.log.appender.buffer.byte-limit = 33554432 (custom)
2023-08-25 08:52:31,181 [Time-limited test] INFO  server.GrpcService (ConfUtils.java:logGet(46)) - raft.grpc.flow.control.window = 5MB (=5242880) (custom)
2023-08-25 08:52:31,182 [Time-limited test] INFO  server.RaftServerConfigKeys (ConfUtils.java:logGet(46)) - raft.server.rpc.request.timeout = 60s (custom)
2023-08-25 08:52:31,182 [Time-limited test] INFO  grpc.GrpcConfigKeys (ConfUtils.java:logGet(46)) - raft.grpc.server.heartbeat.channel = true (default)
2023-08-25 08:52:31,182 [Time-limited test] INFO  grpc.GrpcConfigKeys (ConfUtils.java:logGet(46)) - raft.grpc.server.async.request.thread.pool.cached = true (default)
2023-08-25 08:52:31,182 [Time-limited test] INFO  grpc.GrpcConfigKeys (ConfUtils.java:logGet(46)) - raft.grpc.server.async.request.thread.pool.size = 32 (default)
2023-08-25 08:52:31,185 [Time-limited test] INFO  impl.DataStreamServerImpl (ConfUtils.java:logGet(46)) - raft.datastream.type = NETTY (custom)
2023-08-25 08:52:31,185 [Time-limited test] INFO  server.RaftServerConfigKeys (ConfUtils.java:logGet(46)) - raft.server.data-stream.async.request.thread.pool.cached = false (default)
2023-08-25 08:52:31,185 [Time-limited test] INFO  server.RaftServerConfigKeys (ConfUtils.java:logGet(46)) - raft.server.data-stream.async.request.thread.pool.size = 20 (custom)
2023-08-25 08:52:31,185 [Time-limited test] INFO  server.RaftServerConfigKeys (ConfUtils.java:logGet(46)) - raft.server.data-stream.async.write.thread.pool.size = 16 (default)
2023-08-25 08:52:31,185 [Time-limited test] INFO  server.RaftServerConfigKeys (ConfUtils.java:logGet(46)) - raft.server.data-stream.client.pool.size = 10 (default)
2023-08-25 08:52:31,185 [Time-limited test] INFO  netty.NettyConfigKeys$DataStream (ConfUtils.java:logGet(46)) - raft.netty.dataStream.server.use-epoll = false (default)
2023-08-25 08:52:31,185 [Time-limited test] INFO  netty.NettyConfigKeys$DataStream (ConfUtils.java:logGet(46)) - raft.netty.dataStream.server.boss-group.size = 0 (default)
2023-08-25 08:52:31,186 [Time-limited test] INFO  netty.NettyConfigKeys$DataStream (ConfUtils.java:logGet(46)) - raft.netty.dataStream.server.worker-group.size = 0 (default)
2023-08-25 08:52:31,186 [Time-limited test] INFO  netty.NettyConfigKeys$DataStream (ConfUtils.java:logGet(46)) - raft.netty.dataStream.server.tls.conf = null (default)
2023-08-25 08:52:31,186 [Time-limited test] INFO  netty.NettyConfigKeys$DataStream (ConfUtils.java:logGet(46)) - raft.netty.dataStream.host = null (default)
2023-08-25 08:52:31,186 [Time-limited test] INFO  netty.NettyConfigKeys$DataStream (ConfUtils.java:logGet(46)) - raft.netty.dataStream.port = 15201 (custom)
2023-08-25 08:52:31,187 [Time-limited test] INFO  server.RaftServerConfigKeys (ConfUtils.java:logGet(46)) - raft.server.threadpool.proxy.cached = true (default)
2023-08-25 08:52:31,187 [Time-limited test] INFO  server.RaftServerConfigKeys (ConfUtils.java:logGet(46)) - raft.server.threadpool.proxy.size = 0 (default)
2023-08-25 08:52:31,187 [Time-limited test] INFO  server.RaftServerConfigKeys (ConfUtils.java:logGet(46)) - raft.server.rpc.slowness.timeout = 300s (custom)
2023-08-25 08:52:31,187 [Time-limited test] INFO  server.RaftServerConfigKeys (ConfUtils.java:logGet(46)) - raft.server.leaderelection.leader.step-down.wait-time = 10s (default)
2023-08-25 08:52:31,187 [a412d968-2fe0-4f2a-9779-093f65c8ed8d-NettyServerStreamRpc-bossGroup--thread1] INFO  logging.LoggingHandler (AbstractInternalLogger.java:log(148)) - [id: 0xc8646dc0] REGISTERED
2023-08-25 08:52:31,187 [Time-limited test] INFO  server.RaftServerConfigKeys (ConfUtils.java:logGet(46)) - raft.server.storage.dir = [/home/runner/work/ozone/ozone/hadoop-ozone/integration-test/target/test-dir/MiniOzoneClusterImpl-ea041547-065d-47c9-8c6f-7cbf64d7cdf8/datanode-3/data/ratis] (custom)
2023-08-25 08:52:31,187 [a412d968-2fe0-4f2a-9779-093f65c8ed8d-NettyServerStreamRpc-bossGroup--thread1] INFO  logging.LoggingHandler (AbstractInternalLogger.java:log(148)) - [id: 0xc8646dc0] BIND: 0.0.0.0/0.0.0.0:15201
2023-08-25 08:52:31,188 [a412d968-2fe0-4f2a-9779-093f65c8ed8d-impl-thread1] INFO  server.RaftServer (RaftServerProxy.java:initGroupDir(258)) - a412d968-2fe0-4f2a-9779-093f65c8ed8d: found a subdirectory /home/runner/work/ozone/ozone/hadoop-ozone/integration-test/target/test-dir/MiniOzoneClusterImpl-ea041547-065d-47c9-8c6f-7cbf64d7cdf8/datanode-3/data/ratis/tmp
2023-08-25 08:52:31,188 [a412d968-2fe0-4f2a-9779-093f65c8ed8d-impl-thread1] INFO  server.RaftServer (RaftServerProxy.java:initGroupDir(263)) - a412d968-2fe0-4f2a-9779-093f65c8ed8d: The directory /home/runner/work/ozone/ozone/hadoop-ozone/integration-test/target/test-dir/MiniOzoneClusterImpl-ea041547-065d-47c9-8c6f-7cbf64d7cdf8/datanode-3/data/ratis/tmp is not a group directory; ignoring it. 
2023-08-25 08:52:31,188 [Time-limited test] INFO  replication.ReplicationServer (ReplicationServer.java:<init>(81)) - Initializing replication server with thread count = 10
2023-08-25 08:52:31,189 [a412d968-2fe0-4f2a-9779-093f65c8ed8d-NettyServerStreamRpc-bossGroup--thread1] INFO  logging.LoggingHandler (AbstractInternalLogger.java:log(148)) - [id: 0xc8646dc0, L:/0:0:0:0:0:0:0:0:15201] ACTIVE
2023-08-25 08:52:31,196 [Time-limited test] INFO  server.XceiverServerGrpc (XceiverServerGrpc.java:<init>(132)) - GrpcServer channel type EpollServerSocketChannel
2023-08-25 08:52:31,198 [Time-limited test] INFO  replication.ReplicationSupervisor (ReplicationSupervisor.java:build(155)) - Initializing replication supervisor with thread count = 10
2023-08-25 08:52:31,198 [Time-limited test] INFO  replication.ReplicationSupervisor (ReplicationSupervisor.java:nodeStateUpdated(307)) - Node state updated to IN_SERVICE, scaling executor pool size to 10
2023-08-25 08:52:31,200 [Time-limited test] INFO  http.BaseHttpServer (BaseHttpServer.java:newHttpServer2BuilderForOzone(224)) - Starting Web-server for hddsDatanode at: http://0.0.0.0:15195
2023-08-25 08:52:31,200 [Time-limited test] INFO  http.BaseHttpServer (BaseHttpServer.java:<init>(111)) - Hadoop Security Enabled: false Ozone Security Enabled: false Ozone HTTP Security Enabled: false 
2023-08-25 08:52:31,203 [Time-limited test] WARN  server.AuthenticationFilter (AuthenticationFilter.java:constructSecretProvider(240)) - Unable to initialize FileSignerSecretProvider, falling back to use random secrets. Reason: Could not read signature secret file: /home/runner/hadoop-http-auth-signature-secret
2023-08-25 08:52:31,204 [Time-limited test] INFO  http.HttpRequestLog (HttpRequestLog.java:getRequestLog(86)) - Http request log for http.requests.hddsDatanode is not defined
2023-08-25 08:52:31,206 [Time-limited test] INFO  http.HttpServer2 (HttpServer2.java:addGlobalFilter(1031)) - Added global filter 'safety' (class=org.apache.hadoop.hdds.server.http.HttpServer2$QuotingInputFilter)
2023-08-25 08:52:31,207 [Time-limited test] INFO  http.HttpServer2 (HttpServer2.java:addFilter(1007)) - Added filter static_user_filter (class=org.apache.hadoop.http.lib.StaticUserWebFilter$StaticUserFilter) to context hddsDatanode
2023-08-25 08:52:31,207 [Time-limited test] INFO  http.HttpServer2 (HttpServer2.java:addFilter(1015)) - Added filter static_user_filter (class=org.apache.hadoop.http.lib.StaticUserWebFilter$StaticUserFilter) to context static
2023-08-25 08:52:31,207 [Time-limited test] INFO  http.HttpServer2 (HttpServer2.java:addFilter(1015)) - Added filter static_user_filter (class=org.apache.hadoop.http.lib.StaticUserWebFilter$StaticUserFilter) to context logs
2023-08-25 08:52:31,208 [Time-limited test] INFO  http.BaseHttpServer (BaseHttpServer.java:<init>(190)) - HTTP server of hddsDatanode uses base directory /home/runner/work/ozone/ozone/hadoop-ozone/integration-test/target/test-dir/MiniOzoneClusterImpl-ea041547-065d-47c9-8c6f-7cbf64d7cdf8/datanode-3/meta/webserver
2023-08-25 08:52:31,208 [Time-limited test] INFO  http.HttpServer2 (HttpServer2.java:bindListener(1250)) - Jetty bound to port 15195
2023-08-25 08:52:31,208 [Time-limited test] INFO  server.Server (Server.java:doStart(375)) - jetty-9.4.51.v20230217; built: 2023-02-17T08:19:37.309Z; git: b45c405e4544384de066f814ed42ae3dceacdd49; jvm 1.8.0_382-b05
2023-08-25 08:52:31,211 [Time-limited test] INFO  server.session (DefaultSessionIdManager.java:doStart(334)) - DefaultSessionIdManager workerName=node0
2023-08-25 08:52:31,212 [Time-limited test] INFO  server.session (DefaultSessionIdManager.java:doStart(339)) - No SessionScavenger set, using defaults
2023-08-25 08:52:31,212 [Time-limited test] INFO  server.session (HouseKeeper.java:startScavenging(132)) - node0 Scavenging every 660000ms
2023-08-25 08:52:31,212 [Time-limited test] INFO  handler.ContextHandler (ContextHandler.java:doStart(921)) - Started o.e.j.s.ServletContextHandler@727ef042{logs,/logs,file:///home/runner/work/ozone/ozone/hadoop-ozone/integration-test/target/log,AVAILABLE}
2023-08-25 08:52:31,213 [Time-limited test] INFO  handler.ContextHandler (ContextHandler.java:doStart(921)) - Started o.e.j.s.ServletContextHandler@283fccd8{static,/static,jar:file:/home/runner/.m2/repository/org/apache/ozone/hdds-container-service/1.4.0-SNAPSHOT/hdds-container-service-1.4.0-SNAPSHOT.jar!/webapps/static,AVAILABLE}
2023-08-25 08:52:31,438 [Time-limited test] INFO  handler.ContextHandler (ContextHandler.java:doStart(921)) - Started o.e.j.w.WebAppContext@709a5a2{hddsDatanode,/,file:///home/runner/work/ozone/ozone/hadoop-ozone/integration-test/target/test-dir/MiniOzoneClusterImpl-ea041547-065d-47c9-8c6f-7cbf64d7cdf8/datanode-3/meta/webserver/jetty-0_0_0_0-15195-hdds-container-service-1_4_0-SNAPSHOT_jar-_-any-8190891942042650605/webapp/,AVAILABLE}{jar:file:/home/runner/.m2/repository/org/apache/ozone/hdds-container-service/1.4.0-SNAPSHOT/hdds-container-service-1.4.0-SNAPSHOT.jar!/webapps/hddsDatanode}
2023-08-25 08:52:31,440 [Time-limited test] INFO  server.AbstractConnector (AbstractConnector.java:doStart(333)) - Started ServerConnector@4a1c5704{HTTP/1.1, (http/1.1)}{0.0.0.0:15195}
2023-08-25 08:52:31,440 [Time-limited test] INFO  server.Server (Server.java:doStart(415)) - Started @112667ms
2023-08-25 08:52:31,440 [Time-limited test] WARN  impl.MetricsSystemImpl (MetricsSystemImpl.java:register(279)) - Sink prometheus already exists!
2023-08-25 08:52:31,440 [Time-limited test] INFO  http.BaseHttpServer (BaseHttpServer.java:updateConnectorAddress(344)) - HTTP server of hddsDatanode listening at http://0.0.0.0:15195
2023-08-25 08:52:31,441 [Time-limited test] INFO  ipc.CallQueueManager (CallQueueManager.java:<init>(90)) - Using callQueue: class java.util.concurrent.LinkedBlockingQueue, queueCapacity: 100, scheduler: class org.apache.hadoop.ipc.DefaultRpcScheduler, ipcBackoff: false.
2023-08-25 08:52:31,441 [Time-limited test] INFO  ipc.Server (Server.java:<init>(1287)) - Listener at 0.0.0.0:15196
2023-08-25 08:52:31,441 [Socket Reader #1 for port 15196] INFO  ipc.Server (Server.java:run(1323)) - Starting Socket Reader #1 for port 15196
2023-08-25 08:52:31,445 [Time-limited test] INFO  ozone.HddsDatanodeService (HddsDatanodeService.java:start(315)) - Datanode start with admins: [runner]
2023-08-25 08:52:31,446 [Time-limited test] INFO  ozone.HddsDatanodeClientProtocolServer (HddsDatanodeClientProtocolServer.java:start(72)) - RPC server for Client /0.0.0.0:15196
2023-08-25 08:52:31,447 [IPC Server Responder] INFO  ipc.Server (Server.java:run(1562)) - IPC Server Responder: starting
2023-08-25 08:52:31,447 [IPC Server listener on 15196] INFO  ipc.Server (Server.java:run(1402)) - IPC Server listener on 15196: starting
2023-08-25 08:52:31,447 [Datanode State Machine Daemon Thread] INFO  statemachine.DatanodeStateMachine (DatanodeStateMachine.java:lambda$startDaemon$0(538)) - Ozone container server started.
2023-08-25 08:52:31,447 [Time-limited test] WARN  impl.MetricRegistriesImpl (MetricRegistriesImpl.java:addReporterRegistration(111)) - New reporters are added after registries were created. Some metrics will be missing from the reporter. Please add reporter before adding any new registry.
2023-08-25 08:52:31,447 [Time-limited test] WARN  impl.MetricRegistriesImpl (MetricRegistriesImpl.java:addReporterRegistration(111)) - New reporters are added after registries were created. Some metrics will be missing from the reporter. Please add reporter before adding any new registry.
2023-08-25 08:52:31,447 [Time-limited test] INFO  impl.MetricsSystemImpl (MetricsSystemImpl.java:init(158)) - HddsDatanode metrics system started (again)
2023-08-25 08:52:31,466 [Datanode State Machine Task Thread - 0] INFO  datanode.InitDatanodeState (InitDatanodeState.java:persistContainerDatanodeDetails(138)) - DatanodeDetails is persisted to /home/runner/work/ozone/ozone/hadoop-ozone/integration-test/target/test-dir/MiniOzoneClusterImpl-ea041547-065d-47c9-8c6f-7cbf64d7cdf8/datanode-3/meta/datanode.id
2023-08-25 08:52:31,475 [Time-limited test] INFO  ozone.HddsDatanodeService (HddsDatanodeService.java:start(237)) - HddsDatanodeService host:fv-az584-689.msjcyvhqqs1uvpg4fm53wptgqc.jx.internal.cloudapp.net ip:10.1.0.19
2023-08-25 08:52:31,502 [Time-limited test] INFO  upgrade.AbstractLayoutVersionManager (AbstractLayoutVersionManager.java:init(83)) - Initializing Layout version manager with metadata layout = HADOOP_PRC_PORTS_IN_DATANODEDETAILS (version = 7), software layout = HADOOP_PRC_PORTS_IN_DATANODEDETAILS (version = 7)
2023-08-25 08:52:31,505 [Time-limited test] INFO  statemachine.DatanodeStateMachine (DatanodeStateMachine.java:getEndPointTaskThreadPoolSize(282)) - Datanode State Machine Task Thread Pool size 2
2023-08-25 08:52:31,506 [Time-limited test] INFO  volume.HddsVolume (HddsVolume.java:<init>(126)) - Creating HddsVolume: /home/runner/work/ozone/ozone/hadoop-ozone/integration-test/target/test-dir/MiniOzoneClusterImpl-ea041547-065d-47c9-8c6f-7cbf64d7cdf8/datanode-4/data-0/containers/hdds of storage type : DISK capacity : 9223372036854775807
2023-08-25 08:52:31,506 [Time-limited test] INFO  volume.MutableVolumeSet (MutableVolumeSet.java:initializeVolumeSet(173)) - Added Volume : /home/runner/work/ozone/ozone/hadoop-ozone/integration-test/target/test-dir/MiniOzoneClusterImpl-ea041547-065d-47c9-8c6f-7cbf64d7cdf8/datanode-4/data-0/containers/hdds to VolumeSet
2023-08-25 08:52:31,507 [Time-limited test] INFO  volume.MutableVolumeSet (MutableVolumeSet.java:initializeVolumeSet(173)) - Added Volume : /home/runner/work/ozone/ozone/hadoop-ozone/integration-test/target/test-dir/MiniOzoneClusterImpl-ea041547-065d-47c9-8c6f-7cbf64d7cdf8/datanode-4/data/ratis to VolumeSet
2023-08-25 08:52:31,507 [Thread-1964] INFO  ozoneimpl.ContainerReader (ContainerReader.java:readVolume(177)) - Finish verifying containers on volume /home/runner/work/ozone/ozone/hadoop-ozone/integration-test/target/test-dir/MiniOzoneClusterImpl-ea041547-065d-47c9-8c6f-7cbf64d7cdf8/datanode-4/data-0/containers/hdds
2023-08-25 08:52:31,508 [Time-limited test] INFO  ozoneimpl.OzoneContainer (OzoneContainer.java:buildContainerSet(314)) - Build ContainerSet costs 0s
2023-08-25 08:52:31,510 [Time-limited test] INFO  server.RaftServer (ConfUtils.java:logGet(46)) - raft.rpc.type = GRPC (default)
2023-08-25 08:52:31,510 [Time-limited test] INFO  grpc.GrpcConfigKeys (ConfUtils.java:logFallback(53)) - raft.grpc.admin.host = null (fallback to raft.grpc.server.host)
2023-08-25 08:52:31,510 [Time-limited test] INFO  grpc.GrpcConfigKeys (ConfUtils.java:logGet(46)) - raft.grpc.admin.port = 15208 (custom)
2023-08-25 08:52:31,510 [Time-limited test] INFO  grpc.GrpcConfigKeys (ConfUtils.java:logFallback(53)) - raft.grpc.client.host = null (fallback to raft.grpc.server.host)
2023-08-25 08:52:31,510 [Time-limited test] INFO  grpc.GrpcConfigKeys (ConfUtils.java:logGet(46)) - raft.grpc.client.port = 15207 (custom)
2023-08-25 08:52:31,510 [Time-limited test] INFO  grpc.GrpcConfigKeys (ConfUtils.java:logGet(46)) - raft.grpc.server.host = null (default)
2023-08-25 08:52:31,510 [Time-limited test] INFO  grpc.GrpcConfigKeys (ConfUtils.java:logGet(46)) - raft.grpc.server.port = 15209 (custom)
2023-08-25 08:52:31,510 [Time-limited test] INFO  server.GrpcService (ConfUtils.java:logGet(46)) - raft.grpc.message.size.max = 32MB (=33554432) (custom)
2023-08-25 08:52:31,510 [Time-limited test] INFO  server.RaftServerConfigKeys (ConfUtils.java:logGet(46)) - raft.server.log.appender.buffer.byte-limit = 33554432 (custom)
2023-08-25 08:52:31,510 [Time-limited test] INFO  server.GrpcService (ConfUtils.java:logGet(46)) - raft.grpc.flow.control.window = 5MB (=5242880) (custom)
2023-08-25 08:52:31,510 [Time-limited test] INFO  server.RaftServerConfigKeys (ConfUtils.java:logGet(46)) - raft.server.rpc.request.timeout = 60s (custom)
2023-08-25 08:52:31,511 [Time-limited test] INFO  grpc.GrpcConfigKeys (ConfUtils.java:logGet(46)) - raft.grpc.server.heartbeat.channel = true (default)
2023-08-25 08:52:31,511 [Time-limited test] INFO  grpc.GrpcConfigKeys (ConfUtils.java:logGet(46)) - raft.grpc.server.async.request.thread.pool.cached = true (default)
2023-08-25 08:52:31,511 [Time-limited test] INFO  grpc.GrpcConfigKeys (ConfUtils.java:logGet(46)) - raft.grpc.server.async.request.thread.pool.size = 32 (default)
2023-08-25 08:52:31,513 [Time-limited test] INFO  impl.DataStreamServerImpl (ConfUtils.java:logGet(46)) - raft.datastream.type = NETTY (custom)
2023-08-25 08:52:31,513 [Time-limited test] INFO  server.RaftServerConfigKeys (ConfUtils.java:logGet(46)) - raft.server.data-stream.async.request.thread.pool.cached = false (default)
2023-08-25 08:52:31,513 [Time-limited test] INFO  server.RaftServerConfigKeys (ConfUtils.java:logGet(46)) - raft.server.data-stream.async.request.thread.pool.size = 20 (custom)
2023-08-25 08:52:31,516 [Time-limited test] INFO  server.RaftServerConfigKeys (ConfUtils.java:logGet(46)) - raft.server.data-stream.async.write.thread.pool.size = 16 (default)
2023-08-25 08:52:31,516 [Time-limited test] INFO  server.RaftServerConfigKeys (ConfUtils.java:logGet(46)) - raft.server.data-stream.client.pool.size = 10 (default)
2023-08-25 08:52:31,516 [Time-limited test] INFO  netty.NettyConfigKeys$DataStream (ConfUtils.java:logGet(46)) - raft.netty.dataStream.server.use-epoll = false (default)
2023-08-25 08:52:31,516 [Time-limited test] INFO  netty.NettyConfigKeys$DataStream (ConfUtils.java:logGet(46)) - raft.netty.dataStream.server.boss-group.size = 0 (default)
2023-08-25 08:52:31,516 [Time-limited test] INFO  netty.NettyConfigKeys$DataStream (ConfUtils.java:logGet(46)) - raft.netty.dataStream.server.worker-group.size = 0 (default)
2023-08-25 08:52:31,516 [Time-limited test] INFO  netty.NettyConfigKeys$DataStream (ConfUtils.java:logGet(46)) - raft.netty.dataStream.server.tls.conf = null (default)
2023-08-25 08:52:31,516 [Time-limited test] INFO  netty.NettyConfigKeys$DataStream (ConfUtils.java:logGet(46)) - raft.netty.dataStream.host = null (default)
2023-08-25 08:52:31,517 [Time-limited test] INFO  netty.NettyConfigKeys$DataStream (ConfUtils.java:logGet(46)) - raft.netty.dataStream.port = 15210 (custom)
2023-08-25 08:52:31,517 [Time-limited test] INFO  server.RaftServerConfigKeys (ConfUtils.java:logGet(46)) - raft.server.threadpool.proxy.cached = true (default)
2023-08-25 08:52:31,517 [Time-limited test] INFO  server.RaftServerConfigKeys (ConfUtils.java:logGet(46)) - raft.server.threadpool.proxy.size = 0 (default)
2023-08-25 08:52:31,517 [Time-limited test] INFO  server.RaftServerConfigKeys (ConfUtils.java:logGet(46)) - raft.server.rpc.slowness.timeout = 300s (custom)
2023-08-25 08:52:31,517 [Time-limited test] INFO  server.RaftServerConfigKeys (ConfUtils.java:logGet(46)) - raft.server.leaderelection.leader.step-down.wait-time = 10s (default)
2023-08-25 08:52:31,517 [Time-limited test] INFO  server.RaftServerConfigKeys (ConfUtils.java:logGet(46)) - raft.server.storage.dir = [/home/runner/work/ozone/ozone/hadoop-ozone/integration-test/target/test-dir/MiniOzoneClusterImpl-ea041547-065d-47c9-8c6f-7cbf64d7cdf8/datanode-4/data/ratis] (custom)
2023-08-25 08:52:31,518 [42538958-ec24-4190-90a2-8f41139170d9-NettyServerStreamRpc-bossGroup--thread1] INFO  logging.LoggingHandler (AbstractInternalLogger.java:log(148)) - [id: 0xb7f9d756] REGISTERED
2023-08-25 08:52:31,518 [42538958-ec24-4190-90a2-8f41139170d9-NettyServerStreamRpc-bossGroup--thread1] INFO  logging.LoggingHandler (AbstractInternalLogger.java:log(148)) - [id: 0xb7f9d756] BIND: 0.0.0.0/0.0.0.0:15210
2023-08-25 08:52:31,518 [42538958-ec24-4190-90a2-8f41139170d9-NettyServerStreamRpc-bossGroup--thread1] INFO  logging.LoggingHandler (AbstractInternalLogger.java:log(148)) - [id: 0xb7f9d756, L:/0:0:0:0:0:0:0:0:15210] ACTIVE
2023-08-25 08:52:31,518 [42538958-ec24-4190-90a2-8f41139170d9-impl-thread1] INFO  server.RaftServer (RaftServerProxy.java:initGroupDir(258)) - 42538958-ec24-4190-90a2-8f41139170d9: found a subdirectory /home/runner/work/ozone/ozone/hadoop-ozone/integration-test/target/test-dir/MiniOzoneClusterImpl-ea041547-065d-47c9-8c6f-7cbf64d7cdf8/datanode-4/data/ratis/tmp
2023-08-25 08:52:31,518 [42538958-ec24-4190-90a2-8f41139170d9-impl-thread1] INFO  server.RaftServer (RaftServerProxy.java:initGroupDir(263)) - 42538958-ec24-4190-90a2-8f41139170d9: The directory /home/runner/work/ozone/ozone/hadoop-ozone/integration-test/target/test-dir/MiniOzoneClusterImpl-ea041547-065d-47c9-8c6f-7cbf64d7cdf8/datanode-4/data/ratis/tmp is not a group directory; ignoring it. 
2023-08-25 08:52:31,519 [Time-limited test] INFO  replication.ReplicationServer (ReplicationServer.java:<init>(81)) - Initializing replication server with thread count = 10
2023-08-25 08:52:31,520 [Time-limited test] INFO  server.XceiverServerGrpc (XceiverServerGrpc.java:<init>(132)) - GrpcServer channel type EpollServerSocketChannel
2023-08-25 08:52:31,521 [Time-limited test] INFO  replication.ReplicationSupervisor (ReplicationSupervisor.java:build(155)) - Initializing replication supervisor with thread count = 10
2023-08-25 08:52:31,521 [Time-limited test] INFO  replication.ReplicationSupervisor (ReplicationSupervisor.java:nodeStateUpdated(307)) - Node state updated to IN_SERVICE, scaling executor pool size to 10
2023-08-25 08:52:31,523 [Time-limited test] INFO  http.BaseHttpServer (BaseHttpServer.java:newHttpServer2BuilderForOzone(224)) - Starting Web-server for hddsDatanode at: http://0.0.0.0:15204
2023-08-25 08:52:31,523 [Time-limited test] INFO  http.BaseHttpServer (BaseHttpServer.java:<init>(111)) - Hadoop Security Enabled: false Ozone Security Enabled: false Ozone HTTP Security Enabled: false 
2023-08-25 08:52:31,525 [Time-limited test] WARN  server.AuthenticationFilter (AuthenticationFilter.java:constructSecretProvider(240)) - Unable to initialize FileSignerSecretProvider, falling back to use random secrets. Reason: Could not read signature secret file: /home/runner/hadoop-http-auth-signature-secret
2023-08-25 08:52:31,525 [Time-limited test] INFO  http.HttpRequestLog (HttpRequestLog.java:getRequestLog(86)) - Http request log for http.requests.hddsDatanode is not defined
2023-08-25 08:52:31,526 [Time-limited test] INFO  http.HttpServer2 (HttpServer2.java:addGlobalFilter(1031)) - Added global filter 'safety' (class=org.apache.hadoop.hdds.server.http.HttpServer2$QuotingInputFilter)
2023-08-25 08:52:31,527 [Time-limited test] INFO  http.HttpServer2 (HttpServer2.java:addFilter(1007)) - Added filter static_user_filter (class=org.apache.hadoop.http.lib.StaticUserWebFilter$StaticUserFilter) to context hddsDatanode
2023-08-25 08:52:31,527 [Time-limited test] INFO  http.HttpServer2 (HttpServer2.java:addFilter(1015)) - Added filter static_user_filter (class=org.apache.hadoop.http.lib.StaticUserWebFilter$StaticUserFilter) to context logs
2023-08-25 08:52:31,527 [Time-limited test] INFO  http.HttpServer2 (HttpServer2.java:addFilter(1015)) - Added filter static_user_filter (class=org.apache.hadoop.http.lib.StaticUserWebFilter$StaticUserFilter) to context static
2023-08-25 08:52:31,527 [Time-limited test] INFO  http.BaseHttpServer (BaseHttpServer.java:<init>(190)) - HTTP server of hddsDatanode uses base directory /home/runner/work/ozone/ozone/hadoop-ozone/integration-test/target/test-dir/MiniOzoneClusterImpl-ea041547-065d-47c9-8c6f-7cbf64d7cdf8/datanode-4/meta/webserver
2023-08-25 08:52:31,528 [Time-limited test] INFO  http.HttpServer2 (HttpServer2.java:bindListener(1250)) - Jetty bound to port 15204
2023-08-25 08:52:31,528 [Time-limited test] INFO  server.Server (Server.java:doStart(375)) - jetty-9.4.51.v20230217; built: 2023-02-17T08:19:37.309Z; git: b45c405e4544384de066f814ed42ae3dceacdd49; jvm 1.8.0_382-b05
2023-08-25 08:52:31,530 [Time-limited test] INFO  server.session (DefaultSessionIdManager.java:doStart(334)) - DefaultSessionIdManager workerName=node0
2023-08-25 08:52:31,530 [Time-limited test] INFO  server.session (DefaultSessionIdManager.java:doStart(339)) - No SessionScavenger set, using defaults
2023-08-25 08:52:31,530 [Time-limited test] INFO  server.session (HouseKeeper.java:startScavenging(132)) - node0 Scavenging every 660000ms
2023-08-25 08:52:31,531 [Time-limited test] INFO  handler.ContextHandler (ContextHandler.java:doStart(921)) - Started o.e.j.s.ServletContextHandler@767437ac{logs,/logs,file:///home/runner/work/ozone/ozone/hadoop-ozone/integration-test/target/log,AVAILABLE}
2023-08-25 08:52:31,531 [Time-limited test] INFO  handler.ContextHandler (ContextHandler.java:doStart(921)) - Started o.e.j.s.ServletContextHandler@4b23fd4a{static,/static,jar:file:/home/runner/.m2/repository/org/apache/ozone/hdds-container-service/1.4.0-SNAPSHOT/hdds-container-service-1.4.0-SNAPSHOT.jar!/webapps/static,AVAILABLE}
2023-08-25 08:52:31,756 [Time-limited test] INFO  handler.ContextHandler (ContextHandler.java:doStart(921)) - Started o.e.j.w.WebAppContext@158b62b0{hddsDatanode,/,file:///home/runner/work/ozone/ozone/hadoop-ozone/integration-test/target/test-dir/MiniOzoneClusterImpl-ea041547-065d-47c9-8c6f-7cbf64d7cdf8/datanode-4/meta/webserver/jetty-0_0_0_0-15204-hdds-container-service-1_4_0-SNAPSHOT_jar-_-any-9150272538345161254/webapp/,AVAILABLE}{jar:file:/home/runner/.m2/repository/org/apache/ozone/hdds-container-service/1.4.0-SNAPSHOT/hdds-container-service-1.4.0-SNAPSHOT.jar!/webapps/hddsDatanode}
2023-08-25 08:52:31,757 [Time-limited test] INFO  server.AbstractConnector (AbstractConnector.java:doStart(333)) - Started ServerConnector@6b18e2fa{HTTP/1.1, (http/1.1)}{0.0.0.0:15204}
2023-08-25 08:52:31,758 [Time-limited test] INFO  server.Server (Server.java:doStart(415)) - Started @112984ms
2023-08-25 08:52:31,758 [Time-limited test] WARN  impl.MetricsSystemImpl (MetricsSystemImpl.java:register(279)) - Sink prometheus already exists!
2023-08-25 08:52:31,758 [Time-limited test] INFO  http.BaseHttpServer (BaseHttpServer.java:updateConnectorAddress(344)) - HTTP server of hddsDatanode listening at http://0.0.0.0:15204
2023-08-25 08:52:31,759 [Time-limited test] INFO  ipc.CallQueueManager (CallQueueManager.java:<init>(90)) - Using callQueue: class java.util.concurrent.LinkedBlockingQueue, queueCapacity: 100, scheduler: class org.apache.hadoop.ipc.DefaultRpcScheduler, ipcBackoff: false.
2023-08-25 08:52:31,759 [Time-limited test] INFO  ipc.Server (Server.java:<init>(1287)) - Listener at 0.0.0.0:15205
2023-08-25 08:52:31,759 [Socket Reader #1 for port 15205] INFO  ipc.Server (Server.java:run(1323)) - Starting Socket Reader #1 for port 15205
2023-08-25 08:52:31,763 [Time-limited test] INFO  ozone.HddsDatanodeService (HddsDatanodeService.java:start(315)) - Datanode start with admins: [runner]
2023-08-25 08:52:31,763 [Time-limited test] INFO  ozone.HddsDatanodeClientProtocolServer (HddsDatanodeClientProtocolServer.java:start(72)) - RPC server for Client /0.0.0.0:15205
2023-08-25 08:52:31,763 [IPC Server Responder] INFO  ipc.Server (Server.java:run(1562)) - IPC Server Responder: starting
2023-08-25 08:52:31,763 [IPC Server listener on 15205] INFO  ipc.Server (Server.java:run(1402)) - IPC Server listener on 15205: starting
2023-08-25 08:52:31,763 [Datanode State Machine Daemon Thread] INFO  statemachine.DatanodeStateMachine (DatanodeStateMachine.java:lambda$startDaemon$0(538)) - Ozone container server started.
2023-08-25 08:52:31,763 [Time-limited test] INFO  ozone.MiniOzoneClusterImpl (MiniOzoneClusterImpl.java:lambda$waitForClusterToBeReady$0(224)) - Waiting for nodes to be ready. Got 0 of 5 DN Heartbeats.
2023-08-25 08:52:31,763 [Time-limited test] INFO  ozone.MiniOzoneClusterImpl (MiniOzoneClusterImpl.java:lambda$waitForClusterToBeReady$0(227)) - Waiting for cluster to exit safe mode
2023-08-25 08:52:31,763 [Time-limited test] INFO  ozone.MiniOzoneClusterImpl (MiniOzoneClusterImpl.java:lambda$waitForClusterToBeReady$0(229)) - SCM became leader
2023-08-25 08:52:31,769 [Datanode State Machine Task Thread - 0] INFO  datanode.InitDatanodeState (InitDatanodeState.java:persistContainerDatanodeDetails(138)) - DatanodeDetails is persisted to /home/runner/work/ozone/ozone/hadoop-ozone/integration-test/target/test-dir/MiniOzoneClusterImpl-ea041547-065d-47c9-8c6f-7cbf64d7cdf8/datanode-4/meta/datanode.id
2023-08-25 08:52:32,027 [ReplicationMonitor] INFO  replication.ReplicationManager (ReplicationManager.java:processAll(361)) - Replication Manager is not ready to run until 3000ms after safemode exit
2023-08-25 08:52:32,544 [EndpointStateMachine task thread for /0.0.0.0:15161 - 0 ] INFO  utils.DatanodeStoreCache (DatanodeStoreCache.java:addDB(66)) - Added db /home/runner/work/ozone/ozone/hadoop-ozone/integration-test/target/test-dir/MiniOzoneClusterImpl-ea041547-065d-47c9-8c6f-7cbf64d7cdf8/datanode-0/data-0/containers/hdds/ea041547-065d-47c9-8c6f-7cbf64d7cdf8/DS-f1138aac-37f8-4146-91e9-37fada8129e2/container.db to cache
2023-08-25 08:52:32,544 [EndpointStateMachine task thread for /0.0.0.0:15161 - 0 ] INFO  volume.HddsVolume (HddsVolume.java:createDbStore(422)) - SchemaV3 db is created and loaded at /home/runner/work/ozone/ozone/hadoop-ozone/integration-test/target/test-dir/MiniOzoneClusterImpl-ea041547-065d-47c9-8c6f-7cbf64d7cdf8/datanode-0/data-0/containers/hdds/ea041547-065d-47c9-8c6f-7cbf64d7cdf8/DS-f1138aac-37f8-4146-91e9-37fada8129e2/container.db for volume DS-f1138aac-37f8-4146-91e9-37fada8129e2
2023-08-25 08:52:32,545 [EndpointStateMachine task thread for /0.0.0.0:15161 - 0 ] INFO  volume.ThrottledAsyncChecker (ThrottledAsyncChecker.java:schedule(141)) - Scheduling a check for /home/runner/work/ozone/ozone/hadoop-ozone/integration-test/target/test-dir/MiniOzoneClusterImpl-ea041547-065d-47c9-8c6f-7cbf64d7cdf8/datanode-0/data-0/containers/hdds
2023-08-25 08:52:32,546 [EndpointStateMachine task thread for /0.0.0.0:15161 - 0 ] INFO  volume.StorageVolumeChecker (StorageVolumeChecker.java:checkAllVolumes(213)) - Scheduled health check for volume /home/runner/work/ozone/ozone/hadoop-ozone/integration-test/target/test-dir/MiniOzoneClusterImpl-ea041547-065d-47c9-8c6f-7cbf64d7cdf8/datanode-0/data-0/containers/hdds
2023-08-25 08:52:32,548 [EndpointStateMachine task thread for /0.0.0.0:15161 - 0 ] INFO  volume.ThrottledAsyncChecker (ThrottledAsyncChecker.java:schedule(141)) - Scheduling a check for /home/runner/work/ozone/ozone/hadoop-ozone/integration-test/target/test-dir/MiniOzoneClusterImpl-ea041547-065d-47c9-8c6f-7cbf64d7cdf8/datanode-0/data/ratis
2023-08-25 08:52:32,548 [EndpointStateMachine task thread for /0.0.0.0:15161 - 0 ] INFO  volume.StorageVolumeChecker (StorageVolumeChecker.java:checkAllVolumes(213)) - Scheduled health check for volume /home/runner/work/ozone/ozone/hadoop-ozone/integration-test/target/test-dir/MiniOzoneClusterImpl-ea041547-065d-47c9-8c6f-7cbf64d7cdf8/datanode-0/data/ratis
2023-08-25 08:52:32,550 [EndpointStateMachine task thread for /0.0.0.0:15161 - 0 ] INFO  ozoneimpl.OzoneContainer (OzoneContainer.java:start(429)) - Attempting to start container services.
2023-08-25 08:52:32,550 [EndpointStateMachine task thread for /0.0.0.0:15161 - 0 ] INFO  ozoneimpl.OzoneContainer (OzoneContainer.java:startContainerScrub(325)) - Scheduled background container scanners and the on-demand container scanner have been disabled.
2023-08-25 08:52:32,553 [EndpointStateMachine task thread for /0.0.0.0:15161 - 0 ] INFO  replication.ReplicationServer (ReplicationServer.java:start(130)) - ReplicationServer is started using port 15175
2023-08-25 08:52:32,553 [EndpointStateMachine task thread for /0.0.0.0:15161 - 0 ] INFO  ratis.XceiverServerRatis (XceiverServerRatis.java:start(517)) - Starting XceiverServerRatis e10cda8e-4bea-44c9-8078-2ce611a3a813
2023-08-25 08:52:32,554 [EndpointStateMachine task thread for /0.0.0.0:15161 - 0 ] INFO  server.RaftServer (RaftServerProxy.java:startImpl(400)) - e10cda8e-4bea-44c9-8078-2ce611a3a813: start RPC server
2023-08-25 08:52:32,555 [EndpointStateMachine task thread for /0.0.0.0:15161 - 0 ] INFO  server.GrpcService (GrpcService.java:startImpl(302)) - e10cda8e-4bea-44c9-8078-2ce611a3a813: GrpcService started, listening on 15171
2023-08-25 08:52:32,556 [EndpointStateMachine task thread for /0.0.0.0:15161 - 0 ] INFO  server.GrpcService (GrpcService.java:startImpl(302)) - e10cda8e-4bea-44c9-8078-2ce611a3a813: GrpcService started, listening on 15173
2023-08-25 08:52:32,557 [EndpointStateMachine task thread for /0.0.0.0:15161 - 0 ] INFO  server.GrpcService (GrpcService.java:startImpl(302)) - e10cda8e-4bea-44c9-8078-2ce611a3a813: GrpcService started, listening on 15172
2023-08-25 08:52:32,557 [EndpointStateMachine task thread for /0.0.0.0:15161 - 0 ] INFO  ratis.XceiverServerRatis (XceiverServerRatis.java:getRealPort(543)) - XceiverServerRatis e10cda8e-4bea-44c9-8078-2ce611a3a813 is started using port 15171 for RATIS
2023-08-25 08:52:32,557 [EndpointStateMachine task thread for /0.0.0.0:15161 - 0 ] INFO  ratis.XceiverServerRatis (XceiverServerRatis.java:getRealPort(543)) - XceiverServerRatis e10cda8e-4bea-44c9-8078-2ce611a3a813 is started using port 15172 for RATIS_ADMIN
2023-08-25 08:52:32,557 [JvmPauseMonitor23] INFO  util.JvmPauseMonitor (JvmPauseMonitor.java:run(103)) - JvmPauseMonitor-e10cda8e-4bea-44c9-8078-2ce611a3a813: Started
2023-08-25 08:52:32,557 [EndpointStateMachine task thread for /0.0.0.0:15161 - 0 ] INFO  ratis.XceiverServerRatis (XceiverServerRatis.java:getRealPort(543)) - XceiverServerRatis e10cda8e-4bea-44c9-8078-2ce611a3a813 is started using port 15173 for RATIS_SERVER
2023-08-25 08:52:32,557 [EndpointStateMachine task thread for /0.0.0.0:15161 - 0 ] INFO  ratis.XceiverServerRatis (XceiverServerRatis.java:getRealPort(543)) - XceiverServerRatis e10cda8e-4bea-44c9-8078-2ce611a3a813 is started using port 15174 for RATIS_DATASTREAM
2023-08-25 08:52:32,559 [BlockDeletingService#0] INFO  interfaces.ContainerDeletionChoosingPolicyTemplate (ContainerDeletionChoosingPolicyTemplate.java:chooseContainerForBlockDeletion(85)) - Chosen 0/5000 blocks from 0 candidate containers.
2023-08-25 08:52:32,764 [Time-limited test] INFO  ozone.MiniOzoneClusterImpl (MiniOzoneClusterImpl.java:lambda$waitForClusterToBeReady$0(224)) - Waiting for nodes to be ready. Got 0 of 5 DN Heartbeats.
2023-08-25 08:52:32,764 [Time-limited test] INFO  ozone.MiniOzoneClusterImpl (MiniOzoneClusterImpl.java:lambda$waitForClusterToBeReady$0(227)) - Waiting for cluster to exit safe mode
2023-08-25 08:52:32,764 [Time-limited test] INFO  ozone.MiniOzoneClusterImpl (MiniOzoneClusterImpl.java:lambda$waitForClusterToBeReady$0(229)) - SCM became leader
2023-08-25 08:52:32,837 [EndpointStateMachine task thread for /0.0.0.0:15161 - 0 ] INFO  utils.DatanodeStoreCache (DatanodeStoreCache.java:addDB(66)) - Added db /home/runner/work/ozone/ozone/hadoop-ozone/integration-test/target/test-dir/MiniOzoneClusterImpl-ea041547-065d-47c9-8c6f-7cbf64d7cdf8/datanode-1/data-0/containers/hdds/ea041547-065d-47c9-8c6f-7cbf64d7cdf8/DS-5f439e45-c813-4e57-bf29-6f3a59cd7bef/container.db to cache
2023-08-25 08:52:32,837 [EndpointStateMachine task thread for /0.0.0.0:15161 - 0 ] INFO  volume.HddsVolume (HddsVolume.java:createDbStore(422)) - SchemaV3 db is created and loaded at /home/runner/work/ozone/ozone/hadoop-ozone/integration-test/target/test-dir/MiniOzoneClusterImpl-ea041547-065d-47c9-8c6f-7cbf64d7cdf8/datanode-1/data-0/containers/hdds/ea041547-065d-47c9-8c6f-7cbf64d7cdf8/DS-5f439e45-c813-4e57-bf29-6f3a59cd7bef/container.db for volume DS-5f439e45-c813-4e57-bf29-6f3a59cd7bef
2023-08-25 08:52:32,838 [EndpointStateMachine task thread for /0.0.0.0:15161 - 0 ] INFO  volume.ThrottledAsyncChecker (ThrottledAsyncChecker.java:schedule(141)) - Scheduling a check for /home/runner/work/ozone/ozone/hadoop-ozone/integration-test/target/test-dir/MiniOzoneClusterImpl-ea041547-065d-47c9-8c6f-7cbf64d7cdf8/datanode-1/data-0/containers/hdds
2023-08-25 08:52:32,838 [EndpointStateMachine task thread for /0.0.0.0:15161 - 0 ] INFO  volume.StorageVolumeChecker (StorageVolumeChecker.java:checkAllVolumes(213)) - Scheduled health check for volume /home/runner/work/ozone/ozone/hadoop-ozone/integration-test/target/test-dir/MiniOzoneClusterImpl-ea041547-065d-47c9-8c6f-7cbf64d7cdf8/datanode-1/data-0/containers/hdds
2023-08-25 08:52:32,841 [EndpointStateMachine task thread for /0.0.0.0:15161 - 0 ] INFO  volume.ThrottledAsyncChecker (ThrottledAsyncChecker.java:schedule(141)) - Scheduling a check for /home/runner/work/ozone/ozone/hadoop-ozone/integration-test/target/test-dir/MiniOzoneClusterImpl-ea041547-065d-47c9-8c6f-7cbf64d7cdf8/datanode-1/data/ratis
2023-08-25 08:52:32,841 [EndpointStateMachine task thread for /0.0.0.0:15161 - 0 ] INFO  volume.StorageVolumeChecker (StorageVolumeChecker.java:checkAllVolumes(213)) - Scheduled health check for volume /home/runner/work/ozone/ozone/hadoop-ozone/integration-test/target/test-dir/MiniOzoneClusterImpl-ea041547-065d-47c9-8c6f-7cbf64d7cdf8/datanode-1/data/ratis
2023-08-25 08:52:32,843 [EndpointStateMachine task thread for /0.0.0.0:15161 - 0 ] INFO  ozoneimpl.OzoneContainer (OzoneContainer.java:start(429)) - Attempting to start container services.
2023-08-25 08:52:32,843 [EndpointStateMachine task thread for /0.0.0.0:15161 - 0 ] INFO  ozoneimpl.OzoneContainer (OzoneContainer.java:startContainerScrub(325)) - Scheduled background container scanners and the on-demand container scanner have been disabled.
2023-08-25 08:52:32,844 [EndpointStateMachine task thread for /0.0.0.0:15161 - 0 ] INFO  replication.ReplicationServer (ReplicationServer.java:start(130)) - ReplicationServer is started using port 15184
2023-08-25 08:52:32,844 [EndpointStateMachine task thread for /0.0.0.0:15161 - 0 ] INFO  ratis.XceiverServerRatis (XceiverServerRatis.java:start(517)) - Starting XceiverServerRatis aaa796c8-aced-4c19-8914-014df42c39e4
2023-08-25 08:52:32,847 [EndpointStateMachine task thread for /0.0.0.0:15161 - 0 ] INFO  server.RaftServer (RaftServerProxy.java:startImpl(400)) - aaa796c8-aced-4c19-8914-014df42c39e4: start RPC server
2023-08-25 08:52:32,849 [EndpointStateMachine task thread for /0.0.0.0:15161 - 0 ] INFO  server.GrpcService (GrpcService.java:startImpl(302)) - aaa796c8-aced-4c19-8914-014df42c39e4: GrpcService started, listening on 15180
2023-08-25 08:52:32,850 [EndpointStateMachine task thread for /0.0.0.0:15161 - 0 ] INFO  server.GrpcService (GrpcService.java:startImpl(302)) - aaa796c8-aced-4c19-8914-014df42c39e4: GrpcService started, listening on 15182
2023-08-25 08:52:32,851 [EndpointStateMachine task thread for /0.0.0.0:15161 - 0 ] INFO  server.GrpcService (GrpcService.java:startImpl(302)) - aaa796c8-aced-4c19-8914-014df42c39e4: GrpcService started, listening on 15181
2023-08-25 08:52:32,853 [EndpointStateMachine task thread for /0.0.0.0:15161 - 0 ] INFO  ratis.XceiverServerRatis (XceiverServerRatis.java:getRealPort(543)) - XceiverServerRatis aaa796c8-aced-4c19-8914-014df42c39e4 is started using port 15180 for RATIS
2023-08-25 08:52:32,853 [EndpointStateMachine task thread for /0.0.0.0:15161 - 0 ] INFO  ratis.XceiverServerRatis (XceiverServerRatis.java:getRealPort(543)) - XceiverServerRatis aaa796c8-aced-4c19-8914-014df42c39e4 is started using port 15181 for RATIS_ADMIN
2023-08-25 08:52:32,853 [JvmPauseMonitor24] INFO  util.JvmPauseMonitor (JvmPauseMonitor.java:run(103)) - JvmPauseMonitor-aaa796c8-aced-4c19-8914-014df42c39e4: Started
2023-08-25 08:52:32,853 [EndpointStateMachine task thread for /0.0.0.0:15161 - 0 ] INFO  ratis.XceiverServerRatis (XceiverServerRatis.java:getRealPort(543)) - XceiverServerRatis aaa796c8-aced-4c19-8914-014df42c39e4 is started using port 15182 for RATIS_SERVER
2023-08-25 08:52:32,855 [EndpointStateMachine task thread for /0.0.0.0:15161 - 0 ] INFO  ratis.XceiverServerRatis (XceiverServerRatis.java:getRealPort(543)) - XceiverServerRatis aaa796c8-aced-4c19-8914-014df42c39e4 is started using port 15183 for RATIS_DATASTREAM
2023-08-25 08:52:32,859 [BlockDeletingService#0] INFO  interfaces.ContainerDeletionChoosingPolicyTemplate (ContainerDeletionChoosingPolicyTemplate.java:chooseContainerForBlockDeletion(85)) - Chosen 0/5000 blocks from 0 candidate containers.
2023-08-25 08:52:33,027 [ReplicationMonitor] INFO  replication.ReplicationManager (ReplicationManager.java:processAll(361)) - Replication Manager is not ready to run until 3000ms after safemode exit
2023-08-25 08:52:33,184 [EndpointStateMachine task thread for /0.0.0.0:15161 - 0 ] INFO  utils.DatanodeStoreCache (DatanodeStoreCache.java:addDB(66)) - Added db /home/runner/work/ozone/ozone/hadoop-ozone/integration-test/target/test-dir/MiniOzoneClusterImpl-ea041547-065d-47c9-8c6f-7cbf64d7cdf8/datanode-2/data-0/containers/hdds/ea041547-065d-47c9-8c6f-7cbf64d7cdf8/DS-252ccf83-a0cd-41c9-9600-9022694a7342/container.db to cache
2023-08-25 08:52:33,184 [EndpointStateMachine task thread for /0.0.0.0:15161 - 0 ] INFO  volume.HddsVolume (HddsVolume.java:createDbStore(422)) - SchemaV3 db is created and loaded at /home/runner/work/ozone/ozone/hadoop-ozone/integration-test/target/test-dir/MiniOzoneClusterImpl-ea041547-065d-47c9-8c6f-7cbf64d7cdf8/datanode-2/data-0/containers/hdds/ea041547-065d-47c9-8c6f-7cbf64d7cdf8/DS-252ccf83-a0cd-41c9-9600-9022694a7342/container.db for volume DS-252ccf83-a0cd-41c9-9600-9022694a7342
2023-08-25 08:52:33,185 [EndpointStateMachine task thread for /0.0.0.0:15161 - 0 ] INFO  volume.ThrottledAsyncChecker (ThrottledAsyncChecker.java:schedule(141)) - Scheduling a check for /home/runner/work/ozone/ozone/hadoop-ozone/integration-test/target/test-dir/MiniOzoneClusterImpl-ea041547-065d-47c9-8c6f-7cbf64d7cdf8/datanode-2/data-0/containers/hdds
2023-08-25 08:52:33,186 [EndpointStateMachine task thread for /0.0.0.0:15161 - 0 ] INFO  volume.StorageVolumeChecker (StorageVolumeChecker.java:checkAllVolumes(213)) - Scheduled health check for volume /home/runner/work/ozone/ozone/hadoop-ozone/integration-test/target/test-dir/MiniOzoneClusterImpl-ea041547-065d-47c9-8c6f-7cbf64d7cdf8/datanode-2/data-0/containers/hdds
2023-08-25 08:52:33,189 [EndpointStateMachine task thread for /0.0.0.0:15161 - 0 ] INFO  volume.ThrottledAsyncChecker (ThrottledAsyncChecker.java:schedule(141)) - Scheduling a check for /home/runner/work/ozone/ozone/hadoop-ozone/integration-test/target/test-dir/MiniOzoneClusterImpl-ea041547-065d-47c9-8c6f-7cbf64d7cdf8/datanode-2/data/ratis
2023-08-25 08:52:33,189 [EndpointStateMachine task thread for /0.0.0.0:15161 - 0 ] INFO  volume.StorageVolumeChecker (StorageVolumeChecker.java:checkAllVolumes(213)) - Scheduled health check for volume /home/runner/work/ozone/ozone/hadoop-ozone/integration-test/target/test-dir/MiniOzoneClusterImpl-ea041547-065d-47c9-8c6f-7cbf64d7cdf8/datanode-2/data/ratis
2023-08-25 08:52:33,191 [EndpointStateMachine task thread for /0.0.0.0:15161 - 0 ] INFO  ozoneimpl.OzoneContainer (OzoneContainer.java:start(429)) - Attempting to start container services.
2023-08-25 08:52:33,191 [EndpointStateMachine task thread for /0.0.0.0:15161 - 0 ] INFO  ozoneimpl.OzoneContainer (OzoneContainer.java:startContainerScrub(325)) - Scheduled background container scanners and the on-demand container scanner have been disabled.
2023-08-25 08:52:33,192 [EndpointStateMachine task thread for /0.0.0.0:15161 - 0 ] INFO  replication.ReplicationServer (ReplicationServer.java:start(130)) - ReplicationServer is started using port 15193
2023-08-25 08:52:33,192 [EndpointStateMachine task thread for /0.0.0.0:15161 - 0 ] INFO  ratis.XceiverServerRatis (XceiverServerRatis.java:start(517)) - Starting XceiverServerRatis 6a511105-798d-4035-a071-a904e0472807
2023-08-25 08:52:33,193 [EndpointStateMachine task thread for /0.0.0.0:15161 - 0 ] INFO  server.RaftServer (RaftServerProxy.java:startImpl(400)) - 6a511105-798d-4035-a071-a904e0472807: start RPC server
2023-08-25 08:52:33,194 [EndpointStateMachine task thread for /0.0.0.0:15161 - 0 ] INFO  server.GrpcService (GrpcService.java:startImpl(302)) - 6a511105-798d-4035-a071-a904e0472807: GrpcService started, listening on 15189
2023-08-25 08:52:33,194 [EndpointStateMachine task thread for /0.0.0.0:15161 - 0 ] INFO  server.GrpcService (GrpcService.java:startImpl(302)) - 6a511105-798d-4035-a071-a904e0472807: GrpcService started, listening on 15191
2023-08-25 08:52:33,195 [EndpointStateMachine task thread for /0.0.0.0:15161 - 0 ] INFO  server.GrpcService (GrpcService.java:startImpl(302)) - 6a511105-798d-4035-a071-a904e0472807: GrpcService started, listening on 15190
2023-08-25 08:52:33,196 [EndpointStateMachine task thread for /0.0.0.0:15161 - 0 ] INFO  ratis.XceiverServerRatis (XceiverServerRatis.java:getRealPort(543)) - XceiverServerRatis 6a511105-798d-4035-a071-a904e0472807 is started using port 15189 for RATIS
2023-08-25 08:52:33,196 [EndpointStateMachine task thread for /0.0.0.0:15161 - 0 ] INFO  ratis.XceiverServerRatis (XceiverServerRatis.java:getRealPort(543)) - XceiverServerRatis 6a511105-798d-4035-a071-a904e0472807 is started using port 15190 for RATIS_ADMIN
2023-08-25 08:52:33,196 [JvmPauseMonitor25] INFO  util.JvmPauseMonitor (JvmPauseMonitor.java:run(103)) - JvmPauseMonitor-6a511105-798d-4035-a071-a904e0472807: Started
2023-08-25 08:52:33,196 [EndpointStateMachine task thread for /0.0.0.0:15161 - 0 ] INFO  ratis.XceiverServerRatis (XceiverServerRatis.java:getRealPort(543)) - XceiverServerRatis 6a511105-798d-4035-a071-a904e0472807 is started using port 15191 for RATIS_SERVER
2023-08-25 08:52:33,196 [EndpointStateMachine task thread for /0.0.0.0:15161 - 0 ] INFO  ratis.XceiverServerRatis (XceiverServerRatis.java:getRealPort(543)) - XceiverServerRatis 6a511105-798d-4035-a071-a904e0472807 is started using port 15192 for RATIS_DATASTREAM
2023-08-25 08:52:33,198 [BlockDeletingService#0] INFO  interfaces.ContainerDeletionChoosingPolicyTemplate (ContainerDeletionChoosingPolicyTemplate.java:chooseContainerForBlockDeletion(85)) - Chosen 0/5000 blocks from 0 candidate containers.
2023-08-25 08:52:33,513 [EndpointStateMachine task thread for /0.0.0.0:15161 - 0 ] INFO  utils.DatanodeStoreCache (DatanodeStoreCache.java:addDB(66)) - Added db /home/runner/work/ozone/ozone/hadoop-ozone/integration-test/target/test-dir/MiniOzoneClusterImpl-ea041547-065d-47c9-8c6f-7cbf64d7cdf8/datanode-3/data-0/containers/hdds/ea041547-065d-47c9-8c6f-7cbf64d7cdf8/DS-7a87b2f1-3685-4833-82bc-5ab1e00966ea/container.db to cache
2023-08-25 08:52:33,513 [EndpointStateMachine task thread for /0.0.0.0:15161 - 0 ] INFO  volume.HddsVolume (HddsVolume.java:createDbStore(422)) - SchemaV3 db is created and loaded at /home/runner/work/ozone/ozone/hadoop-ozone/integration-test/target/test-dir/MiniOzoneClusterImpl-ea041547-065d-47c9-8c6f-7cbf64d7cdf8/datanode-3/data-0/containers/hdds/ea041547-065d-47c9-8c6f-7cbf64d7cdf8/DS-7a87b2f1-3685-4833-82bc-5ab1e00966ea/container.db for volume DS-7a87b2f1-3685-4833-82bc-5ab1e00966ea
2023-08-25 08:52:33,514 [EndpointStateMachine task thread for /0.0.0.0:15161 - 0 ] INFO  volume.ThrottledAsyncChecker (ThrottledAsyncChecker.java:schedule(141)) - Scheduling a check for /home/runner/work/ozone/ozone/hadoop-ozone/integration-test/target/test-dir/MiniOzoneClusterImpl-ea041547-065d-47c9-8c6f-7cbf64d7cdf8/datanode-3/data-0/containers/hdds
2023-08-25 08:52:33,515 [EndpointStateMachine task thread for /0.0.0.0:15161 - 0 ] INFO  volume.StorageVolumeChecker (StorageVolumeChecker.java:checkAllVolumes(213)) - Scheduled health check for volume /home/runner/work/ozone/ozone/hadoop-ozone/integration-test/target/test-dir/MiniOzoneClusterImpl-ea041547-065d-47c9-8c6f-7cbf64d7cdf8/datanode-3/data-0/containers/hdds
2023-08-25 08:52:33,519 [EndpointStateMachine task thread for /0.0.0.0:15161 - 0 ] INFO  volume.ThrottledAsyncChecker (ThrottledAsyncChecker.java:schedule(141)) - Scheduling a check for /home/runner/work/ozone/ozone/hadoop-ozone/integration-test/target/test-dir/MiniOzoneClusterImpl-ea041547-065d-47c9-8c6f-7cbf64d7cdf8/datanode-3/data/ratis
2023-08-25 08:52:33,520 [EndpointStateMachine task thread for /0.0.0.0:15161 - 0 ] INFO  volume.StorageVolumeChecker (StorageVolumeChecker.java:checkAllVolumes(213)) - Scheduled health check for volume /home/runner/work/ozone/ozone/hadoop-ozone/integration-test/target/test-dir/MiniOzoneClusterImpl-ea041547-065d-47c9-8c6f-7cbf64d7cdf8/datanode-3/data/ratis
2023-08-25 08:52:33,522 [EndpointStateMachine task thread for /0.0.0.0:15161 - 0 ] INFO  ozoneimpl.OzoneContainer (OzoneContainer.java:start(429)) - Attempting to start container services.
2023-08-25 08:52:33,522 [EndpointStateMachine task thread for /0.0.0.0:15161 - 0 ] INFO  ozoneimpl.OzoneContainer (OzoneContainer.java:startContainerScrub(325)) - Scheduled background container scanners and the on-demand container scanner have been disabled.
2023-08-25 08:52:33,523 [EndpointStateMachine task thread for /0.0.0.0:15161 - 0 ] INFO  replication.ReplicationServer (ReplicationServer.java:start(130)) - ReplicationServer is started using port 15202
2023-08-25 08:52:33,523 [EndpointStateMachine task thread for /0.0.0.0:15161 - 0 ] INFO  ratis.XceiverServerRatis (XceiverServerRatis.java:start(517)) - Starting XceiverServerRatis a412d968-2fe0-4f2a-9779-093f65c8ed8d
2023-08-25 08:52:33,524 [EndpointStateMachine task thread for /0.0.0.0:15161 - 0 ] INFO  server.RaftServer (RaftServerProxy.java:startImpl(400)) - a412d968-2fe0-4f2a-9779-093f65c8ed8d: start RPC server
2023-08-25 08:52:33,529 [EndpointStateMachine task thread for /0.0.0.0:15161 - 0 ] INFO  server.GrpcService (GrpcService.java:startImpl(302)) - a412d968-2fe0-4f2a-9779-093f65c8ed8d: GrpcService started, listening on 15198
2023-08-25 08:52:33,530 [EndpointStateMachine task thread for /0.0.0.0:15161 - 0 ] INFO  server.GrpcService (GrpcService.java:startImpl(302)) - a412d968-2fe0-4f2a-9779-093f65c8ed8d: GrpcService started, listening on 15200
2023-08-25 08:52:33,534 [EndpointStateMachine task thread for /0.0.0.0:15161 - 0 ] INFO  server.GrpcService (GrpcService.java:startImpl(302)) - a412d968-2fe0-4f2a-9779-093f65c8ed8d: GrpcService started, listening on 15199
2023-08-25 08:52:33,537 [EndpointStateMachine task thread for /0.0.0.0:15161 - 0 ] INFO  ratis.XceiverServerRatis (XceiverServerRatis.java:getRealPort(543)) - XceiverServerRatis a412d968-2fe0-4f2a-9779-093f65c8ed8d is started using port 15198 for RATIS
2023-08-25 08:52:33,537 [EndpointStateMachine task thread for /0.0.0.0:15161 - 0 ] INFO  ratis.XceiverServerRatis (XceiverServerRatis.java:getRealPort(543)) - XceiverServerRatis a412d968-2fe0-4f2a-9779-093f65c8ed8d is started using port 15199 for RATIS_ADMIN
2023-08-25 08:52:33,537 [EndpointStateMachine task thread for /0.0.0.0:15161 - 0 ] INFO  ratis.XceiverServerRatis (XceiverServerRatis.java:getRealPort(543)) - XceiverServerRatis a412d968-2fe0-4f2a-9779-093f65c8ed8d is started using port 15200 for RATIS_SERVER
2023-08-25 08:52:33,537 [EndpointStateMachine task thread for /0.0.0.0:15161 - 0 ] INFO  ratis.XceiverServerRatis (XceiverServerRatis.java:getRealPort(543)) - XceiverServerRatis a412d968-2fe0-4f2a-9779-093f65c8ed8d is started using port 15201 for RATIS_DATASTREAM
2023-08-25 08:52:33,537 [JvmPauseMonitor26] INFO  util.JvmPauseMonitor (JvmPauseMonitor.java:run(103)) - JvmPauseMonitor-a412d968-2fe0-4f2a-9779-093f65c8ed8d: Started
2023-08-25 08:52:33,539 [BlockDeletingService#0] INFO  interfaces.ContainerDeletionChoosingPolicyTemplate (ContainerDeletionChoosingPolicyTemplate.java:chooseContainerForBlockDeletion(85)) - Chosen 0/5000 blocks from 0 candidate containers.
2023-08-25 08:52:33,764 [Time-limited test] INFO  ozone.MiniOzoneClusterImpl (MiniOzoneClusterImpl.java:lambda$waitForClusterToBeReady$0(224)) - Waiting for nodes to be ready. Got 0 of 5 DN Heartbeats.
2023-08-25 08:52:33,764 [Time-limited test] INFO  ozone.MiniOzoneClusterImpl (MiniOzoneClusterImpl.java:lambda$waitForClusterToBeReady$0(227)) - Waiting for cluster to exit safe mode
2023-08-25 08:52:33,764 [Time-limited test] INFO  ozone.MiniOzoneClusterImpl (MiniOzoneClusterImpl.java:lambda$waitForClusterToBeReady$0(229)) - SCM became leader
2023-08-25 08:52:33,809 [EndpointStateMachine task thread for /0.0.0.0:15161 - 0 ] INFO  utils.DatanodeStoreCache (DatanodeStoreCache.java:addDB(66)) - Added db /home/runner/work/ozone/ozone/hadoop-ozone/integration-test/target/test-dir/MiniOzoneClusterImpl-ea041547-065d-47c9-8c6f-7cbf64d7cdf8/datanode-4/data-0/containers/hdds/ea041547-065d-47c9-8c6f-7cbf64d7cdf8/DS-3b11b2d9-5901-4bc5-ba65-649978bc326e/container.db to cache
2023-08-25 08:52:33,809 [EndpointStateMachine task thread for /0.0.0.0:15161 - 0 ] INFO  volume.HddsVolume (HddsVolume.java:createDbStore(422)) - SchemaV3 db is created and loaded at /home/runner/work/ozone/ozone/hadoop-ozone/integration-test/target/test-dir/MiniOzoneClusterImpl-ea041547-065d-47c9-8c6f-7cbf64d7cdf8/datanode-4/data-0/containers/hdds/ea041547-065d-47c9-8c6f-7cbf64d7cdf8/DS-3b11b2d9-5901-4bc5-ba65-649978bc326e/container.db for volume DS-3b11b2d9-5901-4bc5-ba65-649978bc326e
2023-08-25 08:52:33,810 [EndpointStateMachine task thread for /0.0.0.0:15161 - 0 ] INFO  volume.ThrottledAsyncChecker (ThrottledAsyncChecker.java:schedule(141)) - Scheduling a check for /home/runner/work/ozone/ozone/hadoop-ozone/integration-test/target/test-dir/MiniOzoneClusterImpl-ea041547-065d-47c9-8c6f-7cbf64d7cdf8/datanode-4/data-0/containers/hdds
2023-08-25 08:52:33,810 [EndpointStateMachine task thread for /0.0.0.0:15161 - 0 ] INFO  volume.StorageVolumeChecker (StorageVolumeChecker.java:checkAllVolumes(213)) - Scheduled health check for volume /home/runner/work/ozone/ozone/hadoop-ozone/integration-test/target/test-dir/MiniOzoneClusterImpl-ea041547-065d-47c9-8c6f-7cbf64d7cdf8/datanode-4/data-0/containers/hdds
2023-08-25 08:52:33,815 [EndpointStateMachine task thread for /0.0.0.0:15161 - 0 ] INFO  volume.ThrottledAsyncChecker (ThrottledAsyncChecker.java:schedule(141)) - Scheduling a check for /home/runner/work/ozone/ozone/hadoop-ozone/integration-test/target/test-dir/MiniOzoneClusterImpl-ea041547-065d-47c9-8c6f-7cbf64d7cdf8/datanode-4/data/ratis
2023-08-25 08:52:33,815 [EndpointStateMachine task thread for /0.0.0.0:15161 - 0 ] INFO  volume.StorageVolumeChecker (StorageVolumeChecker.java:checkAllVolumes(213)) - Scheduled health check for volume /home/runner/work/ozone/ozone/hadoop-ozone/integration-test/target/test-dir/MiniOzoneClusterImpl-ea041547-065d-47c9-8c6f-7cbf64d7cdf8/datanode-4/data/ratis
2023-08-25 08:52:33,816 [EndpointStateMachine task thread for /0.0.0.0:15161 - 0 ] INFO  ozoneimpl.OzoneContainer (OzoneContainer.java:start(429)) - Attempting to start container services.
2023-08-25 08:52:33,817 [EndpointStateMachine task thread for /0.0.0.0:15161 - 0 ] INFO  ozoneimpl.OzoneContainer (OzoneContainer.java:startContainerScrub(325)) - Scheduled background container scanners and the on-demand container scanner have been disabled.
2023-08-25 08:52:33,818 [EndpointStateMachine task thread for /0.0.0.0:15161 - 0 ] INFO  replication.ReplicationServer (ReplicationServer.java:start(130)) - ReplicationServer is started using port 15211
2023-08-25 08:52:33,818 [EndpointStateMachine task thread for /0.0.0.0:15161 - 0 ] INFO  ratis.XceiverServerRatis (XceiverServerRatis.java:start(517)) - Starting XceiverServerRatis 42538958-ec24-4190-90a2-8f41139170d9
2023-08-25 08:52:33,819 [EndpointStateMachine task thread for /0.0.0.0:15161 - 0 ] INFO  server.RaftServer (RaftServerProxy.java:startImpl(400)) - 42538958-ec24-4190-90a2-8f41139170d9: start RPC server
2023-08-25 08:52:33,820 [EndpointStateMachine task thread for /0.0.0.0:15161 - 0 ] INFO  server.GrpcService (GrpcService.java:startImpl(302)) - 42538958-ec24-4190-90a2-8f41139170d9: GrpcService started, listening on 15207
2023-08-25 08:52:33,821 [EndpointStateMachine task thread for /0.0.0.0:15161 - 0 ] INFO  server.GrpcService (GrpcService.java:startImpl(302)) - 42538958-ec24-4190-90a2-8f41139170d9: GrpcService started, listening on 15209
2023-08-25 08:52:33,822 [EndpointStateMachine task thread for /0.0.0.0:15161 - 0 ] INFO  server.GrpcService (GrpcService.java:startImpl(302)) - 42538958-ec24-4190-90a2-8f41139170d9: GrpcService started, listening on 15208
2023-08-25 08:52:33,822 [EndpointStateMachine task thread for /0.0.0.0:15161 - 0 ] INFO  ratis.XceiverServerRatis (XceiverServerRatis.java:getRealPort(543)) - XceiverServerRatis 42538958-ec24-4190-90a2-8f41139170d9 is started using port 15207 for RATIS
2023-08-25 08:52:33,822 [EndpointStateMachine task thread for /0.0.0.0:15161 - 0 ] INFO  ratis.XceiverServerRatis (XceiverServerRatis.java:getRealPort(543)) - XceiverServerRatis 42538958-ec24-4190-90a2-8f41139170d9 is started using port 15208 for RATIS_ADMIN
2023-08-25 08:52:33,822 [EndpointStateMachine task thread for /0.0.0.0:15161 - 0 ] INFO  ratis.XceiverServerRatis (XceiverServerRatis.java:getRealPort(543)) - XceiverServerRatis 42538958-ec24-4190-90a2-8f41139170d9 is started using port 15209 for RATIS_SERVER
2023-08-25 08:52:33,822 [EndpointStateMachine task thread for /0.0.0.0:15161 - 0 ] INFO  ratis.XceiverServerRatis (XceiverServerRatis.java:getRealPort(543)) - XceiverServerRatis 42538958-ec24-4190-90a2-8f41139170d9 is started using port 15210 for RATIS_DATASTREAM
2023-08-25 08:52:33,822 [JvmPauseMonitor27] INFO  util.JvmPauseMonitor (JvmPauseMonitor.java:run(103)) - JvmPauseMonitor-42538958-ec24-4190-90a2-8f41139170d9: Started
2023-08-25 08:52:33,826 [BlockDeletingService#0] INFO  interfaces.ContainerDeletionChoosingPolicyTemplate (ContainerDeletionChoosingPolicyTemplate.java:chooseContainerForBlockDeletion(85)) - Chosen 0/5000 blocks from 0 candidate containers.
2023-08-25 08:52:34,028 [ReplicationMonitor] INFO  replication.ReplicationManager (ReplicationManager.java:processAll(361)) - Replication Manager is not ready to run until 3000ms after safemode exit
2023-08-25 08:52:34,474 [IPC Server handler 2 on default port 15161] INFO  net.NetworkTopologyImpl (NetworkTopologyImpl.java:add(112)) - Added a new node: /default-rack/e10cda8e-4bea-44c9-8078-2ce611a3a813
2023-08-25 08:52:34,474 [IPC Server handler 2 on default port 15161] INFO  node.SCMNodeManager (SCMNodeManager.java:register(405)) - Registered Data node : e10cda8e-4bea-44c9-8078-2ce611a3a813{ip: 10.1.0.19, host: fv-az584-689.msjcyvhqqs1uvpg4fm53wptgqc.jx.internal.cloudapp.net, ports: [HTTP=15168, CLIENT_RPC=15169, REPLICATION=15175, RATIS=15171, RATIS_ADMIN=15172, RATIS_SERVER=15173, RATIS_DATASTREAM=15174, STANDALONE=15170], networkLocation: /default-rack, certSerialId: null, persistedOpState: null, persistedOpStateExpiryEpochSec: 0}
2023-08-25 08:52:34,477 [EventQueue-NodeRegistrationContainerReportForContainerSafeModeRule] INFO  safemode.SCMSafeModeManager (SCMSafeModeManager.java:validateSafeModeExitRules(200)) - ContainerSafeModeRule rule is successfully validated
2023-08-25 08:52:34,477 [EventQueue-NodeRegistrationContainerReportForDataNodeSafeModeRule] INFO  safemode.SCMSafeModeManager (DataNodeSafeModeRule.java:process(71)) - SCM in safe mode. 1 DataNodes registered, 3 required.
2023-08-25 08:52:34,480 [EventQueue-PipelineReportForOneReplicaPipelineSafeModeRule] INFO  safemode.SCMSafeModeManager (SCMSafeModeManager.java:validateSafeModeExitRules(200)) - AtleastOneDatanodeReportedRule rule is successfully validated
2023-08-25 08:52:34,480 [EventQueue-NewNodeForNewNodeHandler] INFO  pipeline.BackgroundPipelineCreator (BackgroundPipelineCreator.java:notifyEventTriggered(277)) - trigger a one-shot run on RatisPipelineUtilsThread.
2023-08-25 08:52:34,481 [RatisPipelineUtilsThread - 0] INFO  pipeline.RatisPipelineProvider (RatisPipelineProvider.java:lambda$create$0(206)) - Sending CreatePipelineCommand for pipeline:PipelineID=52b5d8d5-d7e5-4211-9798-079bc75eb87a to datanode:e10cda8e-4bea-44c9-8078-2ce611a3a813
2023-08-25 08:52:34,482 [RatisPipelineUtilsThread - 0] INFO  pipeline.BackgroundPipelineCreator (BackgroundPipelineCreator.java:createPipelines(233)) - Created new pipeline Pipeline[ Id: 52b5d8d5-d7e5-4211-9798-079bc75eb87a, Nodes: e10cda8e-4bea-44c9-8078-2ce611a3a813(fv-az584-689.msjcyvhqqs1uvpg4fm53wptgqc.jx.internal.cloudapp.net/10.1.0.19), ReplicationConfig: RATIS/ONE, State:ALLOCATED, leaderId:, CreationTimestamp2023-08-25T08:52:34.480Z[Etc/UTC]]
2023-08-25 08:52:34,764 [Time-limited test] INFO  ozone.MiniOzoneClusterImpl (MiniOzoneClusterImpl.java:lambda$waitForClusterToBeReady$0(224)) - Waiting for nodes to be ready. Got 1 of 5 DN Heartbeats.
2023-08-25 08:52:34,765 [Time-limited test] INFO  ozone.MiniOzoneClusterImpl (MiniOzoneClusterImpl.java:lambda$waitForClusterToBeReady$0(227)) - Waiting for cluster to exit safe mode
2023-08-25 08:52:34,765 [Time-limited test] INFO  ozone.MiniOzoneClusterImpl (MiniOzoneClusterImpl.java:lambda$waitForClusterToBeReady$0(229)) - SCM became leader
2023-08-25 08:52:34,784 [IPC Server handler 3 on default port 15161] INFO  net.NetworkTopologyImpl (NetworkTopologyImpl.java:add(112)) - Added a new node: /default-rack/aaa796c8-aced-4c19-8914-014df42c39e4
2023-08-25 08:52:34,785 [IPC Server handler 3 on default port 15161] INFO  node.SCMNodeManager (SCMNodeManager.java:register(405)) - Registered Data node : aaa796c8-aced-4c19-8914-014df42c39e4{ip: 10.1.0.19, host: fv-az584-689.msjcyvhqqs1uvpg4fm53wptgqc.jx.internal.cloudapp.net, ports: [HTTP=15177, CLIENT_RPC=15178, REPLICATION=15184, RATIS=15180, RATIS_ADMIN=15181, RATIS_SERVER=15182, RATIS_DATASTREAM=15183, STANDALONE=15179], networkLocation: /default-rack, certSerialId: null, persistedOpState: null, persistedOpStateExpiryEpochSec: 0}
2023-08-25 08:52:34,786 [EventQueue-NodeRegistrationContainerReportForDataNodeSafeModeRule] INFO  safemode.SCMSafeModeManager (DataNodeSafeModeRule.java:process(71)) - SCM in safe mode. 2 DataNodes registered, 3 required.
2023-08-25 08:52:34,787 [EventQueue-NewNodeForNewNodeHandler] INFO  pipeline.BackgroundPipelineCreator (BackgroundPipelineCreator.java:notifyEventTriggered(277)) - trigger a one-shot run on RatisPipelineUtilsThread.
2023-08-25 08:52:34,787 [RatisPipelineUtilsThread - 0] INFO  pipeline.RatisPipelineProvider (RatisPipelineProvider.java:lambda$create$0(206)) - Sending CreatePipelineCommand for pipeline:PipelineID=694e510b-b2e0-4d10-b615-2ad0deee9506 to datanode:aaa796c8-aced-4c19-8914-014df42c39e4
2023-08-25 08:52:34,788 [RatisPipelineUtilsThread - 0] INFO  pipeline.BackgroundPipelineCreator (BackgroundPipelineCreator.java:createPipelines(233)) - Created new pipeline Pipeline[ Id: 694e510b-b2e0-4d10-b615-2ad0deee9506, Nodes: aaa796c8-aced-4c19-8914-014df42c39e4(fv-az584-689.msjcyvhqqs1uvpg4fm53wptgqc.jx.internal.cloudapp.net/10.1.0.19), ReplicationConfig: RATIS/ONE, State:ALLOCATED, leaderId:, CreationTimestamp2023-08-25T08:52:34.787Z[Etc/UTC]]
2023-08-25 08:52:35,029 [ReplicationMonitor] INFO  replication.ReplicationManager (ReplicationManager.java:processAll(361)) - Replication Manager is not ready to run until 3000ms after safemode exit
2023-08-25 08:52:35,138 [IPC Server handler 0 on default port 15161] INFO  net.NetworkTopologyImpl (NetworkTopologyImpl.java:add(112)) - Added a new node: /default-rack/6a511105-798d-4035-a071-a904e0472807
2023-08-25 08:52:35,138 [IPC Server handler 0 on default port 15161] INFO  node.SCMNodeManager (SCMNodeManager.java:register(405)) - Registered Data node : 6a511105-798d-4035-a071-a904e0472807{ip: 10.1.0.19, host: fv-az584-689.msjcyvhqqs1uvpg4fm53wptgqc.jx.internal.cloudapp.net, ports: [HTTP=15186, CLIENT_RPC=15187, REPLICATION=15193, RATIS=15189, RATIS_ADMIN=15190, RATIS_SERVER=15191, RATIS_DATASTREAM=15192, STANDALONE=15188], networkLocation: /default-rack, certSerialId: null, persistedOpState: null, persistedOpStateExpiryEpochSec: 0}
2023-08-25 08:52:35,140 [EventQueue-NodeRegistrationContainerReportForDataNodeSafeModeRule] INFO  safemode.SCMSafeModeManager (DataNodeSafeModeRule.java:process(71)) - SCM in safe mode. 3 DataNodes registered, 3 required.
2023-08-25 08:52:35,140 [EventQueue-NodeRegistrationContainerReportForDataNodeSafeModeRule] INFO  safemode.SCMSafeModeManager (SCMSafeModeManager.java:validateSafeModeExitRules(200)) - DataNodeSafeModeRule rule is successfully validated
2023-08-25 08:52:35,140 [EventQueue-NodeRegistrationContainerReportForDataNodeSafeModeRule] INFO  safemode.SCMSafeModeManager (SCMSafeModeManager.java:completePreCheck(229)) - All SCM safe mode pre check rules have passed
2023-08-25 08:52:35,140 [EventQueue-NodeRegistrationContainerReportForDataNodeSafeModeRule] INFO  ha.SCMContext (SCMContext.java:updateSafeModeStatus(228)) - Update SafeModeStatus from SafeModeStatus{safeModeStatus=true, preCheckPassed=false} to SafeModeStatus{safeModeStatus=true, preCheckPassed=true}.
2023-08-25 08:52:35,140 [EventQueue-NodeRegistrationContainerReportForDataNodeSafeModeRule] INFO  pipeline.BackgroundPipelineCreator (BackgroundPipelineCreator.java:notifyEventTriggered(277)) - trigger a one-shot run on RatisPipelineUtilsThread.
2023-08-25 08:52:35,140 [EventQueue-NewNodeForNewNodeHandler] INFO  pipeline.BackgroundPipelineCreator (BackgroundPipelineCreator.java:notifyEventTriggered(277)) - trigger a one-shot run on RatisPipelineUtilsThread.
2023-08-25 08:52:35,140 [RatisPipelineUtilsThread - 0] INFO  pipeline.RatisPipelineProvider (RatisPipelineProvider.java:lambda$create$0(206)) - Sending CreatePipelineCommand for pipeline:PipelineID=79902cb1-3d2d-4179-8d83-2d44117002ff to datanode:6a511105-798d-4035-a071-a904e0472807
2023-08-25 08:52:35,141 [RatisPipelineUtilsThread - 0] INFO  pipeline.BackgroundPipelineCreator (BackgroundPipelineCreator.java:createPipelines(233)) - Created new pipeline Pipeline[ Id: 79902cb1-3d2d-4179-8d83-2d44117002ff, Nodes: 6a511105-798d-4035-a071-a904e0472807(fv-az584-689.msjcyvhqqs1uvpg4fm53wptgqc.jx.internal.cloudapp.net/10.1.0.19), ReplicationConfig: RATIS/ONE, State:ALLOCATED, leaderId:, CreationTimestamp2023-08-25T08:52:35.140Z[Etc/UTC]]
2023-08-25 08:52:35,142 [RatisPipelineUtilsThread - 0] INFO  pipeline.RatisPipelineProvider (RatisPipelineProvider.java:lambda$create$0(206)) - Sending CreatePipelineCommand for pipeline:PipelineID=8b55acb2-e7c8-4f01-be07-5f039740ba65 to datanode:6a511105-798d-4035-a071-a904e0472807
2023-08-25 08:52:35,142 [RatisPipelineUtilsThread - 0] INFO  pipeline.RatisPipelineProvider (RatisPipelineProvider.java:lambda$create$0(206)) - Sending CreatePipelineCommand for pipeline:PipelineID=8b55acb2-e7c8-4f01-be07-5f039740ba65 to datanode:aaa796c8-aced-4c19-8914-014df42c39e4
2023-08-25 08:52:35,142 [RatisPipelineUtilsThread - 0] INFO  pipeline.RatisPipelineProvider (RatisPipelineProvider.java:lambda$create$0(206)) - Sending CreatePipelineCommand for pipeline:PipelineID=8b55acb2-e7c8-4f01-be07-5f039740ba65 to datanode:e10cda8e-4bea-44c9-8078-2ce611a3a813
2023-08-25 08:52:35,142 [RatisPipelineUtilsThread - 0] INFO  pipeline.BackgroundPipelineCreator (BackgroundPipelineCreator.java:createPipelines(233)) - Created new pipeline Pipeline[ Id: 8b55acb2-e7c8-4f01-be07-5f039740ba65, Nodes: 6a511105-798d-4035-a071-a904e0472807(fv-az584-689.msjcyvhqqs1uvpg4fm53wptgqc.jx.internal.cloudapp.net/10.1.0.19)aaa796c8-aced-4c19-8914-014df42c39e4(fv-az584-689.msjcyvhqqs1uvpg4fm53wptgqc.jx.internal.cloudapp.net/10.1.0.19)e10cda8e-4bea-44c9-8078-2ce611a3a813(fv-az584-689.msjcyvhqqs1uvpg4fm53wptgqc.jx.internal.cloudapp.net/10.1.0.19), ReplicationConfig: RATIS/THREE, State:ALLOCATED, leaderId:, CreationTimestamp2023-08-25T08:52:35.142Z[Etc/UTC]]
2023-08-25 08:52:35,143 [RatisPipelineUtilsThread - 0] INFO  pipeline.RatisPipelineProvider (RatisPipelineProvider.java:lambda$create$0(206)) - Sending CreatePipelineCommand for pipeline:PipelineID=594834ec-5818-442d-a23f-606ff9491d12 to datanode:aaa796c8-aced-4c19-8914-014df42c39e4
2023-08-25 08:52:35,143 [RatisPipelineUtilsThread - 0] INFO  pipeline.RatisPipelineProvider (RatisPipelineProvider.java:lambda$create$0(206)) - Sending CreatePipelineCommand for pipeline:PipelineID=594834ec-5818-442d-a23f-606ff9491d12 to datanode:e10cda8e-4bea-44c9-8078-2ce611a3a813
2023-08-25 08:52:35,143 [RatisPipelineUtilsThread - 0] INFO  pipeline.RatisPipelineProvider (RatisPipelineProvider.java:lambda$create$0(206)) - Sending CreatePipelineCommand for pipeline:PipelineID=594834ec-5818-442d-a23f-606ff9491d12 to datanode:6a511105-798d-4035-a071-a904e0472807
2023-08-25 08:52:35,143 [RatisPipelineUtilsThread - 0] INFO  pipeline.PipelineManagerImpl (PipelineManagerImpl.java:recordMetricsForPipeline(914)) - Pipeline: PipelineID=594834ec-5818-442d-a23f-606ff9491d12 contains same datanodes as previous pipelines: PipelineID=8b55acb2-e7c8-4f01-be07-5f039740ba65 nodeIds: aaa796c8-aced-4c19-8914-014df42c39e4, e10cda8e-4bea-44c9-8078-2ce611a3a813, 6a511105-798d-4035-a071-a904e0472807
2023-08-25 08:52:35,143 [RatisPipelineUtilsThread - 0] INFO  pipeline.BackgroundPipelineCreator (BackgroundPipelineCreator.java:createPipelines(233)) - Created new pipeline Pipeline[ Id: 594834ec-5818-442d-a23f-606ff9491d12, Nodes: aaa796c8-aced-4c19-8914-014df42c39e4(fv-az584-689.msjcyvhqqs1uvpg4fm53wptgqc.jx.internal.cloudapp.net/10.1.0.19)e10cda8e-4bea-44c9-8078-2ce611a3a813(fv-az584-689.msjcyvhqqs1uvpg4fm53wptgqc.jx.internal.cloudapp.net/10.1.0.19)6a511105-798d-4035-a071-a904e0472807(fv-az584-689.msjcyvhqqs1uvpg4fm53wptgqc.jx.internal.cloudapp.net/10.1.0.19), ReplicationConfig: RATIS/THREE, State:ALLOCATED, leaderId:, CreationTimestamp2023-08-25T08:52:35.143Z[Etc/UTC]]
2023-08-25 08:52:35,143 [RatisPipelineUtilsThread - 0] WARN  pipeline.PipelinePlacementPolicy (PipelinePlacementPolicy.java:filterViableNodes(166)) - Pipeline creation failed due to no sufficient healthy datanodes. Required 3. Found 0. Excluded 3.
2023-08-25 08:52:35,144 [RatisPipelineUtilsThread - 0] WARN  pipeline.PipelinePlacementPolicy (PipelinePlacementPolicy.java:filterViableNodes(166)) - Pipeline creation failed due to no sufficient healthy datanodes. Required 3. Found 0. Excluded 3.
2023-08-25 08:52:35,464 [IPC Server handler 1 on default port 15161] INFO  net.NetworkTopologyImpl (NetworkTopologyImpl.java:add(112)) - Added a new node: /default-rack/a412d968-2fe0-4f2a-9779-093f65c8ed8d
2023-08-25 08:52:35,464 [IPC Server handler 1 on default port 15161] INFO  node.SCMNodeManager (SCMNodeManager.java:register(405)) - Registered Data node : a412d968-2fe0-4f2a-9779-093f65c8ed8d{ip: 10.1.0.19, host: fv-az584-689.msjcyvhqqs1uvpg4fm53wptgqc.jx.internal.cloudapp.net, ports: [HTTP=15195, CLIENT_RPC=15196, REPLICATION=15202, RATIS=15198, RATIS_ADMIN=15199, RATIS_SERVER=15200, RATIS_DATASTREAM=15201, STANDALONE=15197], networkLocation: /default-rack, certSerialId: null, persistedOpState: null, persistedOpStateExpiryEpochSec: 0}
2023-08-25 08:52:35,465 [EventQueue-NewNodeForNewNodeHandler] INFO  pipeline.BackgroundPipelineCreator (BackgroundPipelineCreator.java:notifyEventTriggered(277)) - trigger a one-shot run on RatisPipelineUtilsThread.
2023-08-25 08:52:35,466 [RatisPipelineUtilsThread - 0] INFO  pipeline.RatisPipelineProvider (RatisPipelineProvider.java:lambda$create$0(206)) - Sending CreatePipelineCommand for pipeline:PipelineID=5459a3e5-782b-4c3d-8190-dffc87af8c54 to datanode:a412d968-2fe0-4f2a-9779-093f65c8ed8d
2023-08-25 08:52:35,467 [RatisPipelineUtilsThread - 0] INFO  pipeline.BackgroundPipelineCreator (BackgroundPipelineCreator.java:createPipelines(233)) - Created new pipeline Pipeline[ Id: 5459a3e5-782b-4c3d-8190-dffc87af8c54, Nodes: a412d968-2fe0-4f2a-9779-093f65c8ed8d(fv-az584-689.msjcyvhqqs1uvpg4fm53wptgqc.jx.internal.cloudapp.net/10.1.0.19), ReplicationConfig: RATIS/ONE, State:ALLOCATED, leaderId:, CreationTimestamp2023-08-25T08:52:35.466Z[Etc/UTC]]
2023-08-25 08:52:35,467 [RatisPipelineUtilsThread - 0] WARN  pipeline.PipelinePlacementPolicy (PipelinePlacementPolicy.java:filterViableNodes(166)) - Pipeline creation failed due to no sufficient healthy datanodes. Required 3. Found 1. Excluded 3.
2023-08-25 08:52:35,765 [Time-limited test] INFO  ozone.MiniOzoneClusterImpl (MiniOzoneClusterImpl.java:lambda$waitForClusterToBeReady$0(224)) - Waiting for nodes to be ready. Got 4 of 5 DN Heartbeats.
2023-08-25 08:52:35,765 [Time-limited test] INFO  ozone.MiniOzoneClusterImpl (MiniOzoneClusterImpl.java:lambda$waitForClusterToBeReady$0(227)) - Waiting for cluster to exit safe mode
2023-08-25 08:52:35,765 [Time-limited test] INFO  ozone.MiniOzoneClusterImpl (MiniOzoneClusterImpl.java:lambda$waitForClusterToBeReady$0(229)) - SCM became leader
2023-08-25 08:52:35,768 [IPC Server handler 3 on default port 15161] INFO  net.NetworkTopologyImpl (NetworkTopologyImpl.java:add(112)) - Added a new node: /default-rack/42538958-ec24-4190-90a2-8f41139170d9
2023-08-25 08:52:35,768 [IPC Server handler 3 on default port 15161] INFO  node.SCMNodeManager (SCMNodeManager.java:register(405)) - Registered Data node : 42538958-ec24-4190-90a2-8f41139170d9{ip: 10.1.0.19, host: fv-az584-689.msjcyvhqqs1uvpg4fm53wptgqc.jx.internal.cloudapp.net, ports: [HTTP=15204, CLIENT_RPC=15205, REPLICATION=15211, RATIS=15207, RATIS_ADMIN=15208, RATIS_SERVER=15209, RATIS_DATASTREAM=15210, STANDALONE=15206], networkLocation: /default-rack, certSerialId: null, persistedOpState: null, persistedOpStateExpiryEpochSec: 0}
2023-08-25 08:52:35,768 [EventQueue-NewNodeForNewNodeHandler] INFO  pipeline.BackgroundPipelineCreator (BackgroundPipelineCreator.java:notifyEventTriggered(277)) - trigger a one-shot run on RatisPipelineUtilsThread.
2023-08-25 08:52:35,769 [RatisPipelineUtilsThread - 0] INFO  pipeline.RatisPipelineProvider (RatisPipelineProvider.java:lambda$create$0(206)) - Sending CreatePipelineCommand for pipeline:PipelineID=ec9842dc-312d-40a7-9636-55e01454e505 to datanode:42538958-ec24-4190-90a2-8f41139170d9
2023-08-25 08:52:35,770 [RatisPipelineUtilsThread - 0] INFO  pipeline.BackgroundPipelineCreator (BackgroundPipelineCreator.java:createPipelines(233)) - Created new pipeline Pipeline[ Id: ec9842dc-312d-40a7-9636-55e01454e505, Nodes: 42538958-ec24-4190-90a2-8f41139170d9(fv-az584-689.msjcyvhqqs1uvpg4fm53wptgqc.jx.internal.cloudapp.net/10.1.0.19), ReplicationConfig: RATIS/ONE, State:ALLOCATED, leaderId:, CreationTimestamp2023-08-25T08:52:35.769Z[Etc/UTC]]
2023-08-25 08:52:35,770 [RatisPipelineUtilsThread - 0] WARN  pipeline.PipelinePlacementPolicy (PipelinePlacementPolicy.java:filterViableNodes(166)) - Pipeline creation failed due to no sufficient healthy datanodes. Required 3. Found 2. Excluded 3.
2023-08-25 08:52:36,029 [ReplicationMonitor] INFO  replication.ReplicationManager (ReplicationManager.java:processAll(361)) - Replication Manager is not ready to run until 3000ms after safemode exit
2023-08-25 08:52:36,765 [Time-limited test] INFO  ozone.MiniOzoneClusterImpl (MiniOzoneClusterImpl.java:lambda$waitForClusterToBeReady$0(224)) - Nodes are ready. Got 5 of 5 DN Heartbeats.
2023-08-25 08:52:36,765 [Time-limited test] INFO  ozone.MiniOzoneClusterImpl (MiniOzoneClusterImpl.java:lambda$waitForClusterToBeReady$0(227)) - Waiting for cluster to exit safe mode
2023-08-25 08:52:36,766 [Time-limited test] INFO  ozone.MiniOzoneClusterImpl (MiniOzoneClusterImpl.java:lambda$waitForClusterToBeReady$0(229)) - SCM became leader
2023-08-25 08:52:37,030 [ReplicationMonitor] INFO  replication.ReplicationManager (ReplicationManager.java:processAll(361)) - Replication Manager is not ready to run until 3000ms after safemode exit
2023-08-25 08:52:37,474 [PipelineCommandHandlerThread-0] INFO  server.RaftServer (RaftServerProxy.java:addNew(98)) - e10cda8e-4bea-44c9-8078-2ce611a3a813: addNew group-079BC75EB87A:[e10cda8e-4bea-44c9-8078-2ce611a3a813|rpc:10.1.0.19:15173|admin:10.1.0.19:15172|client:10.1.0.19:15171|dataStream:10.1.0.19:15174|priority:1|startupRole:FOLLOWER] returns group-079BC75EB87A:java.util.concurrent.CompletableFuture@6ddbee97[Not completed]
2023-08-25 08:52:37,476 [e10cda8e-4bea-44c9-8078-2ce611a3a813-groupManagement] INFO  server.RaftServer$Division (RaftServerImpl.java:<init>(198)) - e10cda8e-4bea-44c9-8078-2ce611a3a813: new RaftServerImpl for group-079BC75EB87A:[e10cda8e-4bea-44c9-8078-2ce611a3a813|rpc:10.1.0.19:15173|admin:10.1.0.19:15172|client:10.1.0.19:15171|dataStream:10.1.0.19:15174|priority:1|startupRole:FOLLOWER] with ContainerStateMachine:uninitialized
2023-08-25 08:52:37,476 [e10cda8e-4bea-44c9-8078-2ce611a3a813-groupManagement] INFO  server.RaftServerConfigKeys (ConfUtils.java:logGet(46)) - raft.server.rpc.timeout.min = 5s (custom)
2023-08-25 08:52:37,476 [e10cda8e-4bea-44c9-8078-2ce611a3a813-groupManagement] INFO  server.RaftServerConfigKeys (ConfUtils.java:logGet(46)) - raft.server.rpc.timeout.max = 5200ms (custom)
2023-08-25 08:52:37,476 [e10cda8e-4bea-44c9-8078-2ce611a3a813-groupManagement] INFO  server.RaftServerConfigKeys (ConfUtils.java:logGet(46)) - raft.server.rpc.sleep.time = 25ms (default)
2023-08-25 08:52:37,476 [e10cda8e-4bea-44c9-8078-2ce611a3a813-groupManagement] INFO  server.RaftServerConfigKeys (ConfUtils.java:logGet(46)) - raft.server.rpc.slowness.timeout = 300s (custom)
2023-08-25 08:52:37,476 [e10cda8e-4bea-44c9-8078-2ce611a3a813-groupManagement] INFO  server.RaftServerConfigKeys (ConfUtils.java:logGet(46)) - raft.server.leaderelection.leader.step-down.wait-time = 10s (default)
2023-08-25 08:52:37,476 [e10cda8e-4bea-44c9-8078-2ce611a3a813-groupManagement] INFO  server.RaftServerConfigKeys (ConfUtils.java:logGet(46)) - raft.server.sleep.deviation.threshold = 300ms (default)
2023-08-25 08:52:37,477 [e10cda8e-4bea-44c9-8078-2ce611a3a813-groupManagement] INFO  server.RaftServer$Division (ServerState.java:<init>(120)) - e10cda8e-4bea-44c9-8078-2ce611a3a813@group-079BC75EB87A: ConfigurationManager, init=-1: peers:[e10cda8e-4bea-44c9-8078-2ce611a3a813|rpc:10.1.0.19:15173|admin:10.1.0.19:15172|client:10.1.0.19:15171|dataStream:10.1.0.19:15174|priority:1|startupRole:FOLLOWER]|listeners:[], old=null, confs=<EMPTY_MAP>
2023-08-25 08:52:37,477 [e10cda8e-4bea-44c9-8078-2ce611a3a813-groupManagement] INFO  server.RaftServerConfigKeys (ConfUtils.java:logGet(46)) - raft.server.storage.dir = [/home/runner/work/ozone/ozone/hadoop-ozone/integration-test/target/test-dir/MiniOzoneClusterImpl-ea041547-065d-47c9-8c6f-7cbf64d7cdf8/datanode-0/data/ratis] (custom)
2023-08-25 08:52:37,477 [e10cda8e-4bea-44c9-8078-2ce611a3a813-groupManagement] INFO  server.RaftServerConfigKeys (ConfUtils.java:logGet(46)) - raft.server.log.corruption.policy = EXCEPTION (default)
2023-08-25 08:52:37,477 [e10cda8e-4bea-44c9-8078-2ce611a3a813-groupManagement] INFO  server.RaftServerConfigKeys (ConfUtils.java:logGet(46)) - raft.server.storage.free-space.min = 0MB (=0) (default)
2023-08-25 08:52:37,477 [e10cda8e-4bea-44c9-8078-2ce611a3a813-groupManagement] INFO  server.RaftServerConfigKeys (ConfUtils.java:logGet(46)) - raft.server.notification.no-leader.timeout = 300s (custom)
2023-08-25 08:52:37,477 [e10cda8e-4bea-44c9-8078-2ce611a3a813-groupManagement] INFO  server.RaftServerConfigKeys (ConfUtils.java:logGet(46)) - raft.server.read.timeout = 10s (default)
2023-08-25 08:52:37,477 [e10cda8e-4bea-44c9-8078-2ce611a3a813-groupManagement] INFO  server.RaftServerConfigKeys (ConfUtils.java:logGet(46)) - raft.server.retrycache.expirytime = 600000ms (custom)
2023-08-25 08:52:37,477 [e10cda8e-4bea-44c9-8078-2ce611a3a813-groupManagement] INFO  server.RaftServerConfigKeys (ConfUtils.java:logGet(46)) - raft.server.retrycache.statistics.expirytime = 100μs (default)
2023-08-25 08:52:37,477 [e10cda8e-4bea-44c9-8078-2ce611a3a813-groupManagement] INFO  server.RaftServerConfigKeys (ConfUtils.java:logGet(46)) - raft.server.read.option = DEFAULT (default)
2023-08-25 08:52:37,478 [e10cda8e-4bea-44c9-8078-2ce611a3a813-groupManagement] INFO  server.RaftServerConfigKeys (ConfUtils.java:logGet(46)) - raft.server.rpc.request.timeout = 60s (custom)
2023-08-25 08:52:37,478 [e10cda8e-4bea-44c9-8078-2ce611a3a813-groupManagement] INFO  server.RaftServerConfigKeys (ConfUtils.java:logGet(46)) - raft.server.log.appender.install.snapshot.enabled = false (custom)
2023-08-25 08:52:37,478 [e10cda8e-4bea-44c9-8078-2ce611a3a813-groupManagement] INFO  server.RaftServerConfigKeys (ConfUtils.java:logGet(46)) - raft.server.threadpool.server.cached = true (default)
2023-08-25 08:52:37,478 [e10cda8e-4bea-44c9-8078-2ce611a3a813-groupManagement] INFO  server.RaftServerConfigKeys (ConfUtils.java:logGet(46)) - raft.server.threadpool.server.size = 0 (default)
2023-08-25 08:52:37,478 [e10cda8e-4bea-44c9-8078-2ce611a3a813-groupManagement] INFO  server.RaftServerConfigKeys (ConfUtils.java:logGet(46)) - raft.server.threadpool.client.cached = true (default)
2023-08-25 08:52:37,478 [e10cda8e-4bea-44c9-8078-2ce611a3a813-groupManagement] INFO  server.RaftServerConfigKeys (ConfUtils.java:logGet(46)) - raft.server.threadpool.client.size = 0 (default)
2023-08-25 08:52:37,478 [e10cda8e-4bea-44c9-8078-2ce611a3a813-groupManagement] INFO  storage.RaftStorageDirectory (RaftStorageDirectoryImpl.java:analyzeStorage(137)) - The storage directory /home/runner/work/ozone/ozone/hadoop-ozone/integration-test/target/test-dir/MiniOzoneClusterImpl-ea041547-065d-47c9-8c6f-7cbf64d7cdf8/datanode-0/data/ratis/52b5d8d5-d7e5-4211-9798-079bc75eb87a does not exist. Creating ...
2023-08-25 08:52:37,480 [e10cda8e-4bea-44c9-8078-2ce611a3a813-groupManagement] INFO  storage.RaftStorageDirectory (RaftStorageDirectoryImpl.java:tryLock(231)) - Lock on /home/runner/work/ozone/ozone/hadoop-ozone/integration-test/target/test-dir/MiniOzoneClusterImpl-ea041547-065d-47c9-8c6f-7cbf64d7cdf8/datanode-0/data/ratis/52b5d8d5-d7e5-4211-9798-079bc75eb87a/in_use.lock acquired by nodename 30217@fv-az584-689
2023-08-25 08:52:37,482 [e10cda8e-4bea-44c9-8078-2ce611a3a813-groupManagement] INFO  storage.RaftStorage (RaftStorageImpl.java:format(96)) - Storage directory /home/runner/work/ozone/ozone/hadoop-ozone/integration-test/target/test-dir/MiniOzoneClusterImpl-ea041547-065d-47c9-8c6f-7cbf64d7cdf8/datanode-0/data/ratis/52b5d8d5-d7e5-4211-9798-079bc75eb87a has been successfully formatted.
2023-08-25 08:52:37,484 [EventQueue-PipelineReportForPipelineReportHandler] INFO  pipeline.PipelineReportHandler (PipelineReportHandler.java:processPipelineReport(136)) - Opened pipeline PipelineID=52b5d8d5-d7e5-4211-9798-079bc75eb87a
2023-08-25 08:52:37,485 [e10cda8e-4bea-44c9-8078-2ce611a3a813-groupManagement] INFO  ratis.ContainerStateMachine (ContainerStateMachine.java:loadSnapshot(262)) - group-079BC75EB87A: The snapshot info is null. Setting the last applied indexto:(t:0, i:~)
2023-08-25 08:52:37,485 [e10cda8e-4bea-44c9-8078-2ce611a3a813-groupManagement] INFO  server.RaftServerConfigKeys (ConfUtils.java:logGet(46)) - raft.server.log.use.memory = false (default)
2023-08-25 08:52:37,486 [e10cda8e-4bea-44c9-8078-2ce611a3a813-groupManagement] INFO  server.RaftServerConfigKeys (ConfUtils.java:logGet(46)) - raft.server.log.purge.gap = 1000000 (custom)
2023-08-25 08:52:37,486 [e10cda8e-4bea-44c9-8078-2ce611a3a813-groupManagement] INFO  server.RaftServerConfigKeys (ConfUtils.java:logGet(46)) - raft.server.log.appender.buffer.byte-limit = 33554432 (custom)
2023-08-25 08:52:37,487 [e10cda8e-4bea-44c9-8078-2ce611a3a813-groupManagement] INFO  server.RaftServerConfigKeys (ConfUtils.java:logGet(46)) - raft.server.log.statemachine.data.read.timeout = 1000ms (default)
2023-08-25 08:52:37,487 [e10cda8e-4bea-44c9-8078-2ce611a3a813-groupManagement] INFO  server.RaftServerConfigKeys (ConfUtils.java:logGet(46)) - raft.server.log.purge.preservation.log.num = 0 (default)
2023-08-25 08:52:37,487 [e10cda8e-4bea-44c9-8078-2ce611a3a813-groupManagement] INFO  server.RaftServerConfigKeys (ConfUtils.java:logGet(46)) - raft.server.log.segment.size.max = 1048576 (custom)
2023-08-25 08:52:37,487 [e10cda8e-4bea-44c9-8078-2ce611a3a813-groupManagement] INFO  server.RaftServerConfigKeys (ConfUtils.java:logGet(46)) - raft.server.log.segment.cache.num.max = 2 (custom)
2023-08-25 08:52:37,487 [e10cda8e-4bea-44c9-8078-2ce611a3a813-groupManagement] INFO  server.RaftServerConfigKeys (ConfUtils.java:logGet(46)) - raft.server.log.segment.cache.size.max = 200MB (=209715200) (default)
2023-08-25 08:52:37,487 [e10cda8e-4bea-44c9-8078-2ce611a3a813-groupManagement] INFO  server.RaftServerConfigKeys (ConfUtils.java:logGet(46)) - raft.server.log.appender.buffer.byte-limit = 33554432 (custom)
2023-08-25 08:52:37,487 [e10cda8e-4bea-44c9-8078-2ce611a3a813-groupManagement] INFO  segmented.SegmentedRaftLogWorker (SegmentedRaftLogWorker.java:<init>(188)) - new e10cda8e-4bea-44c9-8078-2ce611a3a813@group-079BC75EB87A-SegmentedRaftLogWorker for RaftStorageImpl:Storage Directory /home/runner/work/ozone/ozone/hadoop-ozone/integration-test/target/test-dir/MiniOzoneClusterImpl-ea041547-065d-47c9-8c6f-7cbf64d7cdf8/datanode-0/data/ratis/52b5d8d5-d7e5-4211-9798-079bc75eb87a
2023-08-25 08:52:37,487 [e10cda8e-4bea-44c9-8078-2ce611a3a813-groupManagement] INFO  server.RaftServerConfigKeys (ConfUtils.java:logGet(46)) - raft.server.log.queue.byte-limit = 4294967296 (custom)
2023-08-25 08:52:37,487 [e10cda8e-4bea-44c9-8078-2ce611a3a813-groupManagement] INFO  server.RaftServerConfigKeys (ConfUtils.java:logGet(46)) - raft.server.log.queue.element-limit = 1024 (custom)
2023-08-25 08:52:37,487 [e10cda8e-4bea-44c9-8078-2ce611a3a813-groupManagement] INFO  server.RaftServerConfigKeys (ConfUtils.java:logGet(46)) - raft.server.log.segment.size.max = 1048576 (custom)
2023-08-25 08:52:37,487 [e10cda8e-4bea-44c9-8078-2ce611a3a813-groupManagement] INFO  server.RaftServerConfigKeys (ConfUtils.java:logGet(46)) - raft.server.log.preallocated.size = 16384 (custom)
2023-08-25 08:52:37,487 [e10cda8e-4bea-44c9-8078-2ce611a3a813-groupManagement] INFO  server.RaftServerConfigKeys (ConfUtils.java:logGet(46)) - raft.server.log.force.sync.num = 128 (default)
2023-08-25 08:52:37,488 [e10cda8e-4bea-44c9-8078-2ce611a3a813-groupManagement] INFO  server.RaftServerConfigKeys (ConfUtils.java:logGet(46)) - raft.server.log.statemachine.data.sync = true (default)
2023-08-25 08:52:37,488 [e10cda8e-4bea-44c9-8078-2ce611a3a813-groupManagement] INFO  server.RaftServerConfigKeys (ConfUtils.java:logGet(46)) - raft.server.log.statemachine.data.sync.timeout = 10s (default)
2023-08-25 08:52:37,488 [e10cda8e-4bea-44c9-8078-2ce611a3a813-groupManagement] INFO  server.RaftServerConfigKeys (ConfUtils.java:logGet(46)) - raft.server.log.statemachine.data.sync.timeout.retry = -1 (default)
2023-08-25 08:52:37,488 [EventQueue-OpenPipelineForHealthyPipelineSafeModeRule] INFO  safemode.SCMSafeModeManager (HealthyPipelineSafeModeRule.java:process(137)) - SCM in safe mode. Healthy pipelines reported count is 0, required healthy pipeline reported count is 1
2023-08-25 08:52:37,488 [e10cda8e-4bea-44c9-8078-2ce611a3a813-groupManagement] INFO  server.RaftServerConfigKeys (ConfUtils.java:logGet(46)) - raft.server.log.write.buffer.size = 1048576 (custom)
2023-08-25 08:52:37,488 [e10cda8e-4bea-44c9-8078-2ce611a3a813-groupManagement] INFO  server.RaftServerConfigKeys (ConfUtils.java:logGet(46)) - raft.server.log.appender.buffer.byte-limit = 33554432 (custom)
2023-08-25 08:52:37,494 [e10cda8e-4bea-44c9-8078-2ce611a3a813-groupManagement] INFO  server.RaftServerConfigKeys (ConfUtils.java:logGet(46)) - raft.server.log.unsafe-flush.enabled = false (default)
2023-08-25 08:52:37,494 [e10cda8e-4bea-44c9-8078-2ce611a3a813-groupManagement] INFO  server.RaftServerConfigKeys (ConfUtils.java:logGet(46)) - raft.server.log.async-flush.enabled = false (default)
2023-08-25 08:52:37,494 [e10cda8e-4bea-44c9-8078-2ce611a3a813-groupManagement] INFO  server.RaftServerConfigKeys (ConfUtils.java:logGet(46)) - raft.server.log.statemachine.data.caching.enabled = true (custom)
2023-08-25 08:52:37,494 [e10cda8e-4bea-44c9-8078-2ce611a3a813-groupManagement] INFO  segmented.SegmentedRaftLogWorker (SegmentedRaftLogWorker.java:lambda$new$0(135)) - e10cda8e-4bea-44c9-8078-2ce611a3a813@group-079BC75EB87A-SegmentedRaftLogWorker: flushIndex: setUnconditionally 0 -> -1
2023-08-25 08:52:37,494 [e10cda8e-4bea-44c9-8078-2ce611a3a813-groupManagement] INFO  segmented.SegmentedRaftLogWorker (SegmentedRaftLogWorker.java:lambda$new$0(135)) - e10cda8e-4bea-44c9-8078-2ce611a3a813@group-079BC75EB87A-SegmentedRaftLogWorker: safeCacheEvictIndex: setUnconditionally 0 -> -1
2023-08-25 08:52:37,495 [e10cda8e-4bea-44c9-8078-2ce611a3a813-groupManagement] INFO  server.RaftServer$Division (RaftServerImpl.java:start(342)) - e10cda8e-4bea-44c9-8078-2ce611a3a813@group-079BC75EB87A: start as a follower, conf=-1: peers:[e10cda8e-4bea-44c9-8078-2ce611a3a813|rpc:10.1.0.19:15173|admin:10.1.0.19:15172|client:10.1.0.19:15171|dataStream:10.1.0.19:15174|priority:1|startupRole:FOLLOWER]|listeners:[], old=null
2023-08-25 08:52:37,495 [e10cda8e-4bea-44c9-8078-2ce611a3a813-groupManagement] INFO  server.RaftServer$Division (RaftServerImpl.java:setRole(329)) - e10cda8e-4bea-44c9-8078-2ce611a3a813@group-079BC75EB87A: changes role from      null to FOLLOWER at term 0 for startAsFollower
2023-08-25 08:52:37,495 [e10cda8e-4bea-44c9-8078-2ce611a3a813-groupManagement] INFO  impl.RoleInfo (RoleInfo.java:updateAndGet(139)) - e10cda8e-4bea-44c9-8078-2ce611a3a813: start e10cda8e-4bea-44c9-8078-2ce611a3a813@group-079BC75EB87A-FollowerState
2023-08-25 08:52:37,495 [e10cda8e-4bea-44c9-8078-2ce611a3a813-groupManagement] INFO  util.JmxRegister (JmxRegister.java:tryRegister(44)) - Successfully registered JMX Bean with object name Ratis:service=RaftServer,group=group-079BC75EB87A,id=e10cda8e-4bea-44c9-8078-2ce611a3a813
2023-08-25 08:52:37,495 [e10cda8e-4bea-44c9-8078-2ce611a3a813@group-079BC75EB87A-FollowerState] INFO  server.RaftServerConfigKeys (ConfUtils.java:logFallback(53)) - raft.server.rpc.first-election.timeout.min = 5s (fallback to raft.server.rpc.timeout.min)
2023-08-25 08:52:37,495 [e10cda8e-4bea-44c9-8078-2ce611a3a813@group-079BC75EB87A-FollowerState] INFO  server.RaftServerConfigKeys (ConfUtils.java:logFallback(53)) - raft.server.rpc.first-election.timeout.max = 5200ms (fallback to raft.server.rpc.timeout.max)
2023-08-25 08:52:37,495 [e10cda8e-4bea-44c9-8078-2ce611a3a813-groupManagement] INFO  server.RaftServerConfigKeys (ConfUtils.java:logGet(46)) - raft.server.snapshot.auto.trigger.enabled = true (custom)
2023-08-25 08:52:37,495 [e10cda8e-4bea-44c9-8078-2ce611a3a813-groupManagement] INFO  server.RaftServerConfigKeys (ConfUtils.java:logGet(46)) - raft.server.snapshot.auto.trigger.threshold = 10000 (custom)
2023-08-25 08:52:37,495 [e10cda8e-4bea-44c9-8078-2ce611a3a813-groupManagement] INFO  server.RaftServerConfigKeys (ConfUtils.java:logGet(46)) - raft.server.snapshot.retention.file.num = 5 (custom)
2023-08-25 08:52:37,495 [e10cda8e-4bea-44c9-8078-2ce611a3a813-groupManagement] INFO  server.RaftServerConfigKeys (ConfUtils.java:logGet(46)) - raft.server.log.purge.upto.snapshot.index = false (default)
2023-08-25 08:52:37,496 [PipelineCommandHandlerThread-0] INFO  ratis.XceiverServerRatis (XceiverServerRatis.java:addGroup(804)) - Created group PipelineID=52b5d8d5-d7e5-4211-9798-079bc75eb87a
2023-08-25 08:52:37,496 [PipelineCommandHandlerThread-0] INFO  commandhandler.CreatePipelineCommandHandler (CreatePipelineCommandHandler.java:lambda$handle$2(124)) - Created Pipeline RATIS ONE PipelineID=52b5d8d5-d7e5-4211-9798-079bc75eb87a.
2023-08-25 08:52:37,496 [PipelineCommandHandlerThread-0] INFO  server.RaftServer (RaftServerProxy.java:addNew(98)) - e10cda8e-4bea-44c9-8078-2ce611a3a813: addNew group-5F039740BA65:[aaa796c8-aced-4c19-8914-014df42c39e4|rpc:10.1.0.19:15182|admin:10.1.0.19:15181|client:10.1.0.19:15180|dataStream:10.1.0.19:15183|priority:0|startupRole:FOLLOWER, e10cda8e-4bea-44c9-8078-2ce611a3a813|rpc:10.1.0.19:15173|admin:10.1.0.19:15172|client:10.1.0.19:15171|dataStream:10.1.0.19:15174|priority:0|startupRole:FOLLOWER, 6a511105-798d-4035-a071-a904e0472807|rpc:10.1.0.19:15191|admin:10.1.0.19:15190|client:10.1.0.19:15189|dataStream:10.1.0.19:15192|priority:1|startupRole:FOLLOWER] returns group-5F039740BA65:java.util.concurrent.CompletableFuture@69e467f4[Not completed]
2023-08-25 08:52:37,497 [e10cda8e-4bea-44c9-8078-2ce611a3a813-groupManagement] INFO  server.RaftServer$Division (RaftServerImpl.java:<init>(198)) - e10cda8e-4bea-44c9-8078-2ce611a3a813: new RaftServerImpl for group-5F039740BA65:[aaa796c8-aced-4c19-8914-014df42c39e4|rpc:10.1.0.19:15182|admin:10.1.0.19:15181|client:10.1.0.19:15180|dataStream:10.1.0.19:15183|priority:0|startupRole:FOLLOWER, e10cda8e-4bea-44c9-8078-2ce611a3a813|rpc:10.1.0.19:15173|admin:10.1.0.19:15172|client:10.1.0.19:15171|dataStream:10.1.0.19:15174|priority:0|startupRole:FOLLOWER, 6a511105-798d-4035-a071-a904e0472807|rpc:10.1.0.19:15191|admin:10.1.0.19:15190|client:10.1.0.19:15189|dataStream:10.1.0.19:15192|priority:1|startupRole:FOLLOWER] with ContainerStateMachine:uninitialized
2023-08-25 08:52:37,497 [e10cda8e-4bea-44c9-8078-2ce611a3a813-groupManagement] INFO  server.RaftServerConfigKeys (ConfUtils.java:logGet(46)) - raft.server.rpc.timeout.min = 5s (custom)
2023-08-25 08:52:37,498 [e10cda8e-4bea-44c9-8078-2ce611a3a813-groupManagement] INFO  server.RaftServerConfigKeys (ConfUtils.java:logGet(46)) - raft.server.rpc.timeout.max = 5200ms (custom)
2023-08-25 08:52:37,498 [e10cda8e-4bea-44c9-8078-2ce611a3a813-groupManagement] INFO  server.RaftServerConfigKeys (ConfUtils.java:logGet(46)) - raft.server.rpc.sleep.time = 25ms (default)
2023-08-25 08:52:37,498 [e10cda8e-4bea-44c9-8078-2ce611a3a813-groupManagement] INFO  server.RaftServerConfigKeys (ConfUtils.java:logGet(46)) - raft.server.rpc.slowness.timeout = 300s (custom)
2023-08-25 08:52:37,498 [e10cda8e-4bea-44c9-8078-2ce611a3a813-groupManagement] INFO  server.RaftServerConfigKeys (ConfUtils.java:logGet(46)) - raft.server.leaderelection.leader.step-down.wait-time = 10s (default)
2023-08-25 08:52:37,498 [e10cda8e-4bea-44c9-8078-2ce611a3a813-groupManagement] INFO  server.RaftServerConfigKeys (ConfUtils.java:logGet(46)) - raft.server.sleep.deviation.threshold = 300ms (default)
2023-08-25 08:52:37,498 [e10cda8e-4bea-44c9-8078-2ce611a3a813-groupManagement] INFO  server.RaftServer$Division (ServerState.java:<init>(120)) - e10cda8e-4bea-44c9-8078-2ce611a3a813@group-5F039740BA65: ConfigurationManager, init=-1: peers:[aaa796c8-aced-4c19-8914-014df42c39e4|rpc:10.1.0.19:15182|admin:10.1.0.19:15181|client:10.1.0.19:15180|dataStream:10.1.0.19:15183|priority:0|startupRole:FOLLOWER, e10cda8e-4bea-44c9-8078-2ce611a3a813|rpc:10.1.0.19:15173|admin:10.1.0.19:15172|client:10.1.0.19:15171|dataStream:10.1.0.19:15174|priority:0|startupRole:FOLLOWER, 6a511105-798d-4035-a071-a904e0472807|rpc:10.1.0.19:15191|admin:10.1.0.19:15190|client:10.1.0.19:15189|dataStream:10.1.0.19:15192|priority:1|startupRole:FOLLOWER]|listeners:[], old=null, confs=<EMPTY_MAP>
2023-08-25 08:52:37,498 [e10cda8e-4bea-44c9-8078-2ce611a3a813-groupManagement] INFO  server.RaftServerConfigKeys (ConfUtils.java:logGet(46)) - raft.server.storage.dir = [/home/runner/work/ozone/ozone/hadoop-ozone/integration-test/target/test-dir/MiniOzoneClusterImpl-ea041547-065d-47c9-8c6f-7cbf64d7cdf8/datanode-0/data/ratis] (custom)
2023-08-25 08:52:37,498 [e10cda8e-4bea-44c9-8078-2ce611a3a813-groupManagement] INFO  server.RaftServerConfigKeys (ConfUtils.java:logGet(46)) - raft.server.log.corruption.policy = EXCEPTION (default)
2023-08-25 08:52:37,498 [e10cda8e-4bea-44c9-8078-2ce611a3a813-groupManagement] INFO  server.RaftServerConfigKeys (ConfUtils.java:logGet(46)) - raft.server.storage.free-space.min = 0MB (=0) (default)
2023-08-25 08:52:37,498 [e10cda8e-4bea-44c9-8078-2ce611a3a813-groupManagement] INFO  server.RaftServerConfigKeys (ConfUtils.java:logGet(46)) - raft.server.notification.no-leader.timeout = 300s (custom)
2023-08-25 08:52:37,498 [e10cda8e-4bea-44c9-8078-2ce611a3a813-groupManagement] INFO  server.RaftServerConfigKeys (ConfUtils.java:logGet(46)) - raft.server.read.timeout = 10s (default)
2023-08-25 08:52:37,498 [e10cda8e-4bea-44c9-8078-2ce611a3a813-groupManagement] INFO  server.RaftServerConfigKeys (ConfUtils.java:logGet(46)) - raft.server.retrycache.expirytime = 600000ms (custom)
2023-08-25 08:52:37,498 [e10cda8e-4bea-44c9-8078-2ce611a3a813-groupManagement] INFO  server.RaftServerConfigKeys (ConfUtils.java:logGet(46)) - raft.server.retrycache.statistics.expirytime = 100μs (default)
2023-08-25 08:52:37,498 [e10cda8e-4bea-44c9-8078-2ce611a3a813-groupManagement] INFO  server.RaftServerConfigKeys (ConfUtils.java:logGet(46)) - raft.server.read.option = DEFAULT (default)
2023-08-25 08:52:37,499 [e10cda8e-4bea-44c9-8078-2ce611a3a813-groupManagement] INFO  server.RaftServerConfigKeys (ConfUtils.java:logGet(46)) - raft.server.rpc.request.timeout = 60s (custom)
2023-08-25 08:52:37,499 [e10cda8e-4bea-44c9-8078-2ce611a3a813-groupManagement] INFO  server.RaftServerConfigKeys (ConfUtils.java:logGet(46)) - raft.server.log.appender.install.snapshot.enabled = false (custom)
2023-08-25 08:52:37,499 [e10cda8e-4bea-44c9-8078-2ce611a3a813-groupManagement] INFO  server.RaftServerConfigKeys (ConfUtils.java:logGet(46)) - raft.server.threadpool.server.cached = true (default)
2023-08-25 08:52:37,499 [e10cda8e-4bea-44c9-8078-2ce611a3a813-groupManagement] INFO  server.RaftServerConfigKeys (ConfUtils.java:logGet(46)) - raft.server.threadpool.server.size = 0 (default)
2023-08-25 08:52:37,499 [e10cda8e-4bea-44c9-8078-2ce611a3a813-groupManagement] INFO  server.RaftServerConfigKeys (ConfUtils.java:logGet(46)) - raft.server.threadpool.client.cached = true (default)
2023-08-25 08:52:37,499 [e10cda8e-4bea-44c9-8078-2ce611a3a813-groupManagement] INFO  server.RaftServerConfigKeys (ConfUtils.java:logGet(46)) - raft.server.threadpool.client.size = 0 (default)
2023-08-25 08:52:37,499 [e10cda8e-4bea-44c9-8078-2ce611a3a813-groupManagement] INFO  storage.RaftStorageDirectory (RaftStorageDirectoryImpl.java:analyzeStorage(137)) - The storage directory /home/runner/work/ozone/ozone/hadoop-ozone/integration-test/target/test-dir/MiniOzoneClusterImpl-ea041547-065d-47c9-8c6f-7cbf64d7cdf8/datanode-0/data/ratis/8b55acb2-e7c8-4f01-be07-5f039740ba65 does not exist. Creating ...
2023-08-25 08:52:37,502 [e10cda8e-4bea-44c9-8078-2ce611a3a813-groupManagement] INFO  storage.RaftStorageDirectory (RaftStorageDirectoryImpl.java:tryLock(231)) - Lock on /home/runner/work/ozone/ozone/hadoop-ozone/integration-test/target/test-dir/MiniOzoneClusterImpl-ea041547-065d-47c9-8c6f-7cbf64d7cdf8/datanode-0/data/ratis/8b55acb2-e7c8-4f01-be07-5f039740ba65/in_use.lock acquired by nodename 30217@fv-az584-689
2023-08-25 08:52:37,504 [e10cda8e-4bea-44c9-8078-2ce611a3a813-groupManagement] INFO  storage.RaftStorage (RaftStorageImpl.java:format(96)) - Storage directory /home/runner/work/ozone/ozone/hadoop-ozone/integration-test/target/test-dir/MiniOzoneClusterImpl-ea041547-065d-47c9-8c6f-7cbf64d7cdf8/datanode-0/data/ratis/8b55acb2-e7c8-4f01-be07-5f039740ba65 has been successfully formatted.
2023-08-25 08:52:37,504 [e10cda8e-4bea-44c9-8078-2ce611a3a813-groupManagement] INFO  ratis.ContainerStateMachine (ContainerStateMachine.java:loadSnapshot(262)) - group-5F039740BA65: The snapshot info is null. Setting the last applied indexto:(t:0, i:~)
2023-08-25 08:52:37,504 [e10cda8e-4bea-44c9-8078-2ce611a3a813-groupManagement] INFO  server.RaftServerConfigKeys (ConfUtils.java:logGet(46)) - raft.server.log.use.memory = false (default)
2023-08-25 08:52:37,504 [e10cda8e-4bea-44c9-8078-2ce611a3a813-groupManagement] INFO  server.RaftServerConfigKeys (ConfUtils.java:logGet(46)) - raft.server.log.purge.gap = 1000000 (custom)
2023-08-25 08:52:37,504 [e10cda8e-4bea-44c9-8078-2ce611a3a813-groupManagement] INFO  server.RaftServerConfigKeys (ConfUtils.java:logGet(46)) - raft.server.log.appender.buffer.byte-limit = 33554432 (custom)
2023-08-25 08:52:37,505 [e10cda8e-4bea-44c9-8078-2ce611a3a813-groupManagement] INFO  server.RaftServerConfigKeys (ConfUtils.java:logGet(46)) - raft.server.log.statemachine.data.read.timeout = 1000ms (default)
2023-08-25 08:52:37,505 [e10cda8e-4bea-44c9-8078-2ce611a3a813-groupManagement] INFO  server.RaftServerConfigKeys (ConfUtils.java:logGet(46)) - raft.server.log.purge.preservation.log.num = 0 (default)
2023-08-25 08:52:37,506 [EventQueue-OpenPipelineForHealthyPipelineSafeModeRule] INFO  safemode.SCMSafeModeManager (HealthyPipelineSafeModeRule.java:process(137)) - SCM in safe mode. Healthy pipelines reported count is 0, required healthy pipeline reported count is 1
2023-08-25 08:52:37,506 [e10cda8e-4bea-44c9-8078-2ce611a3a813-groupManagement] INFO  server.RaftServerConfigKeys (ConfUtils.java:logGet(46)) - raft.server.log.segment.size.max = 1048576 (custom)
2023-08-25 08:52:37,506 [e10cda8e-4bea-44c9-8078-2ce611a3a813-groupManagement] INFO  server.RaftServerConfigKeys (ConfUtils.java:logGet(46)) - raft.server.log.segment.cache.num.max = 2 (custom)
2023-08-25 08:52:37,506 [e10cda8e-4bea-44c9-8078-2ce611a3a813-groupManagement] INFO  server.RaftServerConfigKeys (ConfUtils.java:logGet(46)) - raft.server.log.segment.cache.size.max = 200MB (=209715200) (default)
2023-08-25 08:52:37,506 [e10cda8e-4bea-44c9-8078-2ce611a3a813-groupManagement] INFO  server.RaftServerConfigKeys (ConfUtils.java:logGet(46)) - raft.server.log.appender.buffer.byte-limit = 33554432 (custom)
2023-08-25 08:52:37,506 [e10cda8e-4bea-44c9-8078-2ce611a3a813-groupManagement] INFO  segmented.SegmentedRaftLogWorker (SegmentedRaftLogWorker.java:<init>(188)) - new e10cda8e-4bea-44c9-8078-2ce611a3a813@group-5F039740BA65-SegmentedRaftLogWorker for RaftStorageImpl:Storage Directory /home/runner/work/ozone/ozone/hadoop-ozone/integration-test/target/test-dir/MiniOzoneClusterImpl-ea041547-065d-47c9-8c6f-7cbf64d7cdf8/datanode-0/data/ratis/8b55acb2-e7c8-4f01-be07-5f039740ba65
2023-08-25 08:52:37,506 [e10cda8e-4bea-44c9-8078-2ce611a3a813-groupManagement] INFO  server.RaftServerConfigKeys (ConfUtils.java:logGet(46)) - raft.server.log.queue.byte-limit = 4294967296 (custom)
2023-08-25 08:52:37,506 [e10cda8e-4bea-44c9-8078-2ce611a3a813-groupManagement] INFO  server.RaftServerConfigKeys (ConfUtils.java:logGet(46)) - raft.server.log.queue.element-limit = 1024 (custom)
2023-08-25 08:52:37,506 [e10cda8e-4bea-44c9-8078-2ce611a3a813-groupManagement] INFO  server.RaftServerConfigKeys (ConfUtils.java:logGet(46)) - raft.server.log.segment.size.max = 1048576 (custom)
2023-08-25 08:52:37,506 [e10cda8e-4bea-44c9-8078-2ce611a3a813-groupManagement] INFO  server.RaftServerConfigKeys (ConfUtils.java:logGet(46)) - raft.server.log.preallocated.size = 16384 (custom)
2023-08-25 08:52:37,506 [e10cda8e-4bea-44c9-8078-2ce611a3a813-groupManagement] INFO  server.RaftServerConfigKeys (ConfUtils.java:logGet(46)) - raft.server.log.force.sync.num = 128 (default)
2023-08-25 08:52:37,506 [e10cda8e-4bea-44c9-8078-2ce611a3a813-groupManagement] INFO  server.RaftServerConfigKeys (ConfUtils.java:logGet(46)) - raft.server.log.statemachine.data.sync = true (default)
2023-08-25 08:52:37,506 [e10cda8e-4bea-44c9-8078-2ce611a3a813-groupManagement] INFO  server.RaftServerConfigKeys (ConfUtils.java:logGet(46)) - raft.server.log.statemachine.data.sync.timeout = 10s (default)
2023-08-25 08:52:37,507 [e10cda8e-4bea-44c9-8078-2ce611a3a813-groupManagement] INFO  server.RaftServerConfigKeys (ConfUtils.java:logGet(46)) - raft.server.log.statemachine.data.sync.timeout.retry = -1 (default)
2023-08-25 08:52:37,507 [e10cda8e-4bea-44c9-8078-2ce611a3a813-groupManagement] INFO  server.RaftServerConfigKeys (ConfUtils.java:logGet(46)) - raft.server.log.write.buffer.size = 1048576 (custom)
2023-08-25 08:52:37,507 [e10cda8e-4bea-44c9-8078-2ce611a3a813-groupManagement] INFO  server.RaftServerConfigKeys (ConfUtils.java:logGet(46)) - raft.server.log.appender.buffer.byte-limit = 33554432 (custom)
2023-08-25 08:52:37,513 [e10cda8e-4bea-44c9-8078-2ce611a3a813-groupManagement] INFO  server.RaftServerConfigKeys (ConfUtils.java:logGet(46)) - raft.server.log.unsafe-flush.enabled = false (default)
2023-08-25 08:52:37,513 [e10cda8e-4bea-44c9-8078-2ce611a3a813-groupManagement] INFO  server.RaftServerConfigKeys (ConfUtils.java:logGet(46)) - raft.server.log.async-flush.enabled = false (default)
2023-08-25 08:52:37,513 [e10cda8e-4bea-44c9-8078-2ce611a3a813-groupManagement] INFO  server.RaftServerConfigKeys (ConfUtils.java:logGet(46)) - raft.server.log.statemachine.data.caching.enabled = true (custom)
2023-08-25 08:52:37,513 [e10cda8e-4bea-44c9-8078-2ce611a3a813-groupManagement] INFO  segmented.SegmentedRaftLogWorker (SegmentedRaftLogWorker.java:lambda$new$0(135)) - e10cda8e-4bea-44c9-8078-2ce611a3a813@group-5F039740BA65-SegmentedRaftLogWorker: flushIndex: setUnconditionally 0 -> -1
2023-08-25 08:52:37,513 [e10cda8e-4bea-44c9-8078-2ce611a3a813-groupManagement] INFO  segmented.SegmentedRaftLogWorker (SegmentedRaftLogWorker.java:lambda$new$0(135)) - e10cda8e-4bea-44c9-8078-2ce611a3a813@group-5F039740BA65-SegmentedRaftLogWorker: safeCacheEvictIndex: setUnconditionally 0 -> -1
2023-08-25 08:52:37,513 [e10cda8e-4bea-44c9-8078-2ce611a3a813-groupManagement] INFO  server.RaftServer$Division (RaftServerImpl.java:start(342)) - e10cda8e-4bea-44c9-8078-2ce611a3a813@group-5F039740BA65: start as a follower, conf=-1: peers:[aaa796c8-aced-4c19-8914-014df42c39e4|rpc:10.1.0.19:15182|admin:10.1.0.19:15181|client:10.1.0.19:15180|dataStream:10.1.0.19:15183|priority:0|startupRole:FOLLOWER, e10cda8e-4bea-44c9-8078-2ce611a3a813|rpc:10.1.0.19:15173|admin:10.1.0.19:15172|client:10.1.0.19:15171|dataStream:10.1.0.19:15174|priority:0|startupRole:FOLLOWER, 6a511105-798d-4035-a071-a904e0472807|rpc:10.1.0.19:15191|admin:10.1.0.19:15190|client:10.1.0.19:15189|dataStream:10.1.0.19:15192|priority:1|startupRole:FOLLOWER]|listeners:[], old=null
2023-08-25 08:52:37,513 [e10cda8e-4bea-44c9-8078-2ce611a3a813-groupManagement] INFO  server.RaftServer$Division (RaftServerImpl.java:setRole(329)) - e10cda8e-4bea-44c9-8078-2ce611a3a813@group-5F039740BA65: changes role from      null to FOLLOWER at term 0 for startAsFollower
2023-08-25 08:52:37,513 [e10cda8e-4bea-44c9-8078-2ce611a3a813-groupManagement] INFO  impl.RoleInfo (RoleInfo.java:updateAndGet(139)) - e10cda8e-4bea-44c9-8078-2ce611a3a813: start e10cda8e-4bea-44c9-8078-2ce611a3a813@group-5F039740BA65-FollowerState
2023-08-25 08:52:37,519 [e10cda8e-4bea-44c9-8078-2ce611a3a813-groupManagement] INFO  util.JmxRegister (JmxRegister.java:tryRegister(44)) - Successfully registered JMX Bean with object name Ratis:service=RaftServer,group=group-5F039740BA65,id=e10cda8e-4bea-44c9-8078-2ce611a3a813
2023-08-25 08:52:37,519 [e10cda8e-4bea-44c9-8078-2ce611a3a813-groupManagement] INFO  server.RaftServerConfigKeys (ConfUtils.java:logGet(46)) - raft.server.snapshot.auto.trigger.enabled = true (custom)
2023-08-25 08:52:37,519 [e10cda8e-4bea-44c9-8078-2ce611a3a813-groupManagement] INFO  server.RaftServerConfigKeys (ConfUtils.java:logGet(46)) - raft.server.snapshot.auto.trigger.threshold = 10000 (custom)
2023-08-25 08:52:37,519 [e10cda8e-4bea-44c9-8078-2ce611a3a813-groupManagement] INFO  server.RaftServerConfigKeys (ConfUtils.java:logGet(46)) - raft.server.snapshot.retention.file.num = 5 (custom)
2023-08-25 08:52:37,519 [e10cda8e-4bea-44c9-8078-2ce611a3a813-groupManagement] INFO  server.RaftServerConfigKeys (ConfUtils.java:logGet(46)) - raft.server.log.purge.upto.snapshot.index = false (default)
2023-08-25 08:52:37,519 [e10cda8e-4bea-44c9-8078-2ce611a3a813@group-5F039740BA65-FollowerState] INFO  server.RaftServerConfigKeys (ConfUtils.java:logFallback(53)) - raft.server.rpc.first-election.timeout.min = 5s (fallback to raft.server.rpc.timeout.min)
2023-08-25 08:52:37,520 [e10cda8e-4bea-44c9-8078-2ce611a3a813@group-5F039740BA65-FollowerState] INFO  server.RaftServerConfigKeys (ConfUtils.java:logFallback(53)) - raft.server.rpc.first-election.timeout.max = 5200ms (fallback to raft.server.rpc.timeout.max)
2023-08-25 08:52:37,520 [PipelineCommandHandlerThread-0] INFO  ratis.XceiverServerRatis (XceiverServerRatis.java:addGroup(804)) - Created group PipelineID=8b55acb2-e7c8-4f01-be07-5f039740ba65
2023-08-25 08:52:37,538 [grpc-default-executor-0] INFO  server.RaftServer (RaftServerProxy.java:addNew(98)) - 6a511105-798d-4035-a071-a904e0472807: addNew group-5F039740BA65:[aaa796c8-aced-4c19-8914-014df42c39e4|rpc:10.1.0.19:15182|admin:10.1.0.19:15181|client:10.1.0.19:15180|dataStream:10.1.0.19:15183|priority:0|startupRole:FOLLOWER, e10cda8e-4bea-44c9-8078-2ce611a3a813|rpc:10.1.0.19:15173|admin:10.1.0.19:15172|client:10.1.0.19:15171|dataStream:10.1.0.19:15174|priority:0|startupRole:FOLLOWER, 6a511105-798d-4035-a071-a904e0472807|rpc:10.1.0.19:15191|admin:10.1.0.19:15190|client:10.1.0.19:15189|dataStream:10.1.0.19:15192|priority:1|startupRole:FOLLOWER] returns group-5F039740BA65:java.util.concurrent.CompletableFuture@4ca78630[Not completed]
2023-08-25 08:52:37,540 [6a511105-798d-4035-a071-a904e0472807-groupManagement] INFO  server.RaftServer$Division (RaftServerImpl.java:<init>(198)) - 6a511105-798d-4035-a071-a904e0472807: new RaftServerImpl for group-5F039740BA65:[aaa796c8-aced-4c19-8914-014df42c39e4|rpc:10.1.0.19:15182|admin:10.1.0.19:15181|client:10.1.0.19:15180|dataStream:10.1.0.19:15183|priority:0|startupRole:FOLLOWER, e10cda8e-4bea-44c9-8078-2ce611a3a813|rpc:10.1.0.19:15173|admin:10.1.0.19:15172|client:10.1.0.19:15171|dataStream:10.1.0.19:15174|priority:0|startupRole:FOLLOWER, 6a511105-798d-4035-a071-a904e0472807|rpc:10.1.0.19:15191|admin:10.1.0.19:15190|client:10.1.0.19:15189|dataStream:10.1.0.19:15192|priority:1|startupRole:FOLLOWER] with ContainerStateMachine:uninitialized
2023-08-25 08:52:37,540 [6a511105-798d-4035-a071-a904e0472807-groupManagement] INFO  server.RaftServerConfigKeys (ConfUtils.java:logGet(46)) - raft.server.rpc.timeout.min = 5s (custom)
2023-08-25 08:52:37,540 [6a511105-798d-4035-a071-a904e0472807-groupManagement] INFO  server.RaftServerConfigKeys (ConfUtils.java:logGet(46)) - raft.server.rpc.timeout.max = 5200ms (custom)
2023-08-25 08:52:37,540 [6a511105-798d-4035-a071-a904e0472807-groupManagement] INFO  server.RaftServerConfigKeys (ConfUtils.java:logGet(46)) - raft.server.rpc.sleep.time = 25ms (default)
2023-08-25 08:52:37,540 [6a511105-798d-4035-a071-a904e0472807-groupManagement] INFO  server.RaftServerConfigKeys (ConfUtils.java:logGet(46)) - raft.server.rpc.slowness.timeout = 300s (custom)
2023-08-25 08:52:37,540 [6a511105-798d-4035-a071-a904e0472807-groupManagement] INFO  server.RaftServerConfigKeys (ConfUtils.java:logGet(46)) - raft.server.leaderelection.leader.step-down.wait-time = 10s (default)
2023-08-25 08:52:37,540 [6a511105-798d-4035-a071-a904e0472807-groupManagement] INFO  server.RaftServerConfigKeys (ConfUtils.java:logGet(46)) - raft.server.sleep.deviation.threshold = 300ms (default)
2023-08-25 08:52:37,540 [6a511105-798d-4035-a071-a904e0472807-groupManagement] INFO  server.RaftServer$Division (ServerState.java:<init>(120)) - 6a511105-798d-4035-a071-a904e0472807@group-5F039740BA65: ConfigurationManager, init=-1: peers:[aaa796c8-aced-4c19-8914-014df42c39e4|rpc:10.1.0.19:15182|admin:10.1.0.19:15181|client:10.1.0.19:15180|dataStream:10.1.0.19:15183|priority:0|startupRole:FOLLOWER, e10cda8e-4bea-44c9-8078-2ce611a3a813|rpc:10.1.0.19:15173|admin:10.1.0.19:15172|client:10.1.0.19:15171|dataStream:10.1.0.19:15174|priority:0|startupRole:FOLLOWER, 6a511105-798d-4035-a071-a904e0472807|rpc:10.1.0.19:15191|admin:10.1.0.19:15190|client:10.1.0.19:15189|dataStream:10.1.0.19:15192|priority:1|startupRole:FOLLOWER]|listeners:[], old=null, confs=<EMPTY_MAP>
2023-08-25 08:52:37,540 [6a511105-798d-4035-a071-a904e0472807-groupManagement] INFO  server.RaftServerConfigKeys (ConfUtils.java:logGet(46)) - raft.server.storage.dir = [/home/runner/work/ozone/ozone/hadoop-ozone/integration-test/target/test-dir/MiniOzoneClusterImpl-ea041547-065d-47c9-8c6f-7cbf64d7cdf8/datanode-2/data/ratis] (custom)
2023-08-25 08:52:37,540 [6a511105-798d-4035-a071-a904e0472807-groupManagement] INFO  server.RaftServerConfigKeys (ConfUtils.java:logGet(46)) - raft.server.log.corruption.policy = EXCEPTION (default)
2023-08-25 08:52:37,540 [6a511105-798d-4035-a071-a904e0472807-groupManagement] INFO  server.RaftServerConfigKeys (ConfUtils.java:logGet(46)) - raft.server.storage.free-space.min = 0MB (=0) (default)
2023-08-25 08:52:37,540 [6a511105-798d-4035-a071-a904e0472807-groupManagement] INFO  server.RaftServerConfigKeys (ConfUtils.java:logGet(46)) - raft.server.notification.no-leader.timeout = 300s (custom)
2023-08-25 08:52:37,540 [6a511105-798d-4035-a071-a904e0472807-groupManagement] INFO  server.RaftServerConfigKeys (ConfUtils.java:logGet(46)) - raft.server.read.timeout = 10s (default)
2023-08-25 08:52:37,541 [6a511105-798d-4035-a071-a904e0472807-groupManagement] INFO  server.RaftServerConfigKeys (ConfUtils.java:logGet(46)) - raft.server.retrycache.expirytime = 600000ms (custom)
2023-08-25 08:52:37,541 [6a511105-798d-4035-a071-a904e0472807-groupManagement] INFO  server.RaftServerConfigKeys (ConfUtils.java:logGet(46)) - raft.server.retrycache.statistics.expirytime = 100μs (default)
2023-08-25 08:52:37,541 [6a511105-798d-4035-a071-a904e0472807-groupManagement] INFO  server.RaftServerConfigKeys (ConfUtils.java:logGet(46)) - raft.server.read.option = DEFAULT (default)
2023-08-25 08:52:37,541 [6a511105-798d-4035-a071-a904e0472807-groupManagement] INFO  server.RaftServerConfigKeys (ConfUtils.java:logGet(46)) - raft.server.rpc.request.timeout = 60s (custom)
2023-08-25 08:52:37,541 [6a511105-798d-4035-a071-a904e0472807-groupManagement] INFO  server.RaftServerConfigKeys (ConfUtils.java:logGet(46)) - raft.server.log.appender.install.snapshot.enabled = false (custom)
2023-08-25 08:52:37,541 [6a511105-798d-4035-a071-a904e0472807-groupManagement] INFO  server.RaftServerConfigKeys (ConfUtils.java:logGet(46)) - raft.server.threadpool.server.cached = true (default)
2023-08-25 08:52:37,541 [6a511105-798d-4035-a071-a904e0472807-groupManagement] INFO  server.RaftServerConfigKeys (ConfUtils.java:logGet(46)) - raft.server.threadpool.server.size = 0 (default)
2023-08-25 08:52:37,542 [6a511105-798d-4035-a071-a904e0472807-groupManagement] INFO  server.RaftServerConfigKeys (ConfUtils.java:logGet(46)) - raft.server.threadpool.client.cached = true (default)
2023-08-25 08:52:37,542 [6a511105-798d-4035-a071-a904e0472807-groupManagement] INFO  server.RaftServerConfigKeys (ConfUtils.java:logGet(46)) - raft.server.threadpool.client.size = 0 (default)
2023-08-25 08:52:37,542 [6a511105-798d-4035-a071-a904e0472807-groupManagement] INFO  storage.RaftStorageDirectory (RaftStorageDirectoryImpl.java:analyzeStorage(137)) - The storage directory /home/runner/work/ozone/ozone/hadoop-ozone/integration-test/target/test-dir/MiniOzoneClusterImpl-ea041547-065d-47c9-8c6f-7cbf64d7cdf8/datanode-2/data/ratis/8b55acb2-e7c8-4f01-be07-5f039740ba65 does not exist. Creating ...
2023-08-25 08:52:37,543 [6a511105-798d-4035-a071-a904e0472807-groupManagement] INFO  storage.RaftStorageDirectory (RaftStorageDirectoryImpl.java:tryLock(231)) - Lock on /home/runner/work/ozone/ozone/hadoop-ozone/integration-test/target/test-dir/MiniOzoneClusterImpl-ea041547-065d-47c9-8c6f-7cbf64d7cdf8/datanode-2/data/ratis/8b55acb2-e7c8-4f01-be07-5f039740ba65/in_use.lock acquired by nodename 30217@fv-az584-689
2023-08-25 08:52:37,545 [6a511105-798d-4035-a071-a904e0472807-groupManagement] INFO  storage.RaftStorage (RaftStorageImpl.java:format(96)) - Storage directory /home/runner/work/ozone/ozone/hadoop-ozone/integration-test/target/test-dir/MiniOzoneClusterImpl-ea041547-065d-47c9-8c6f-7cbf64d7cdf8/datanode-2/data/ratis/8b55acb2-e7c8-4f01-be07-5f039740ba65 has been successfully formatted.
2023-08-25 08:52:37,546 [6a511105-798d-4035-a071-a904e0472807-groupManagement] INFO  ratis.ContainerStateMachine (ContainerStateMachine.java:loadSnapshot(262)) - group-5F039740BA65: The snapshot info is null. Setting the last applied indexto:(t:0, i:~)
2023-08-25 08:52:37,546 [6a511105-798d-4035-a071-a904e0472807-groupManagement] INFO  server.RaftServerConfigKeys (ConfUtils.java:logGet(46)) - raft.server.log.use.memory = false (default)
2023-08-25 08:52:37,546 [6a511105-798d-4035-a071-a904e0472807-groupManagement] INFO  server.RaftServerConfigKeys (ConfUtils.java:logGet(46)) - raft.server.log.purge.gap = 1000000 (custom)
2023-08-25 08:52:37,546 [6a511105-798d-4035-a071-a904e0472807-groupManagement] INFO  server.RaftServerConfigKeys (ConfUtils.java:logGet(46)) - raft.server.log.appender.buffer.byte-limit = 33554432 (custom)
2023-08-25 08:52:37,546 [6a511105-798d-4035-a071-a904e0472807-groupManagement] INFO  server.RaftServerConfigKeys (ConfUtils.java:logGet(46)) - raft.server.log.statemachine.data.read.timeout = 1000ms (default)
2023-08-25 08:52:37,546 [6a511105-798d-4035-a071-a904e0472807-groupManagement] INFO  server.RaftServerConfigKeys (ConfUtils.java:logGet(46)) - raft.server.log.purge.preservation.log.num = 0 (default)
2023-08-25 08:52:37,546 [6a511105-798d-4035-a071-a904e0472807-groupManagement] INFO  server.RaftServerConfigKeys (ConfUtils.java:logGet(46)) - raft.server.log.segment.size.max = 1048576 (custom)
2023-08-25 08:52:37,547 [6a511105-798d-4035-a071-a904e0472807-groupManagement] INFO  server.RaftServerConfigKeys (ConfUtils.java:logGet(46)) - raft.server.log.segment.cache.num.max = 2 (custom)
2023-08-25 08:52:37,547 [6a511105-798d-4035-a071-a904e0472807-groupManagement] INFO  server.RaftServerConfigKeys (ConfUtils.java:logGet(46)) - raft.server.log.segment.cache.size.max = 200MB (=209715200) (default)
2023-08-25 08:52:37,547 [6a511105-798d-4035-a071-a904e0472807-groupManagement] INFO  server.RaftServerConfigKeys (ConfUtils.java:logGet(46)) - raft.server.log.appender.buffer.byte-limit = 33554432 (custom)
2023-08-25 08:52:37,547 [6a511105-798d-4035-a071-a904e0472807-groupManagement] INFO  segmented.SegmentedRaftLogWorker (SegmentedRaftLogWorker.java:<init>(188)) - new 6a511105-798d-4035-a071-a904e0472807@group-5F039740BA65-SegmentedRaftLogWorker for RaftStorageImpl:Storage Directory /home/runner/work/ozone/ozone/hadoop-ozone/integration-test/target/test-dir/MiniOzoneClusterImpl-ea041547-065d-47c9-8c6f-7cbf64d7cdf8/datanode-2/data/ratis/8b55acb2-e7c8-4f01-be07-5f039740ba65
2023-08-25 08:52:37,547 [6a511105-798d-4035-a071-a904e0472807-groupManagement] INFO  server.RaftServerConfigKeys (ConfUtils.java:logGet(46)) - raft.server.log.queue.byte-limit = 4294967296 (custom)
2023-08-25 08:52:37,547 [6a511105-798d-4035-a071-a904e0472807-groupManagement] INFO  server.RaftServerConfigKeys (ConfUtils.java:logGet(46)) - raft.server.log.queue.element-limit = 1024 (custom)
2023-08-25 08:52:37,547 [6a511105-798d-4035-a071-a904e0472807-groupManagement] INFO  server.RaftServerConfigKeys (ConfUtils.java:logGet(46)) - raft.server.log.segment.size.max = 1048576 (custom)
2023-08-25 08:52:37,548 [6a511105-798d-4035-a071-a904e0472807-groupManagement] INFO  server.RaftServerConfigKeys (ConfUtils.java:logGet(46)) - raft.server.log.preallocated.size = 16384 (custom)
2023-08-25 08:52:37,548 [6a511105-798d-4035-a071-a904e0472807-groupManagement] INFO  server.RaftServerConfigKeys (ConfUtils.java:logGet(46)) - raft.server.log.force.sync.num = 128 (default)
2023-08-25 08:52:37,548 [6a511105-798d-4035-a071-a904e0472807-groupManagement] INFO  server.RaftServerConfigKeys (ConfUtils.java:logGet(46)) - raft.server.log.statemachine.data.sync = true (default)
2023-08-25 08:52:37,548 [6a511105-798d-4035-a071-a904e0472807-groupManagement] INFO  server.RaftServerConfigKeys (ConfUtils.java:logGet(46)) - raft.server.log.statemachine.data.sync.timeout = 10s (default)
2023-08-25 08:52:37,548 [6a511105-798d-4035-a071-a904e0472807-groupManagement] INFO  server.RaftServerConfigKeys (ConfUtils.java:logGet(46)) - raft.server.log.statemachine.data.sync.timeout.retry = -1 (default)
2023-08-25 08:52:37,549 [6a511105-798d-4035-a071-a904e0472807-groupManagement] INFO  server.RaftServerConfigKeys (ConfUtils.java:logGet(46)) - raft.server.log.write.buffer.size = 1048576 (custom)
2023-08-25 08:52:37,550 [6a511105-798d-4035-a071-a904e0472807-groupManagement] INFO  server.RaftServerConfigKeys (ConfUtils.java:logGet(46)) - raft.server.log.appender.buffer.byte-limit = 33554432 (custom)
2023-08-25 08:52:37,555 [6a511105-798d-4035-a071-a904e0472807-groupManagement] INFO  server.RaftServerConfigKeys (ConfUtils.java:logGet(46)) - raft.server.log.unsafe-flush.enabled = false (default)
2023-08-25 08:52:37,556 [6a511105-798d-4035-a071-a904e0472807-groupManagement] INFO  server.RaftServerConfigKeys (ConfUtils.java:logGet(46)) - raft.server.log.async-flush.enabled = false (default)
2023-08-25 08:52:37,556 [6a511105-798d-4035-a071-a904e0472807-groupManagement] INFO  server.RaftServerConfigKeys (ConfUtils.java:logGet(46)) - raft.server.log.statemachine.data.caching.enabled = true (custom)
2023-08-25 08:52:37,556 [6a511105-798d-4035-a071-a904e0472807-groupManagement] INFO  segmented.SegmentedRaftLogWorker (SegmentedRaftLogWorker.java:lambda$new$0(135)) - 6a511105-798d-4035-a071-a904e0472807@group-5F039740BA65-SegmentedRaftLogWorker: flushIndex: setUnconditionally 0 -> -1
2023-08-25 08:52:37,556 [6a511105-798d-4035-a071-a904e0472807-groupManagement] INFO  segmented.SegmentedRaftLogWorker (SegmentedRaftLogWorker.java:lambda$new$0(135)) - 6a511105-798d-4035-a071-a904e0472807@group-5F039740BA65-SegmentedRaftLogWorker: safeCacheEvictIndex: setUnconditionally 0 -> -1
2023-08-25 08:52:37,556 [6a511105-798d-4035-a071-a904e0472807-groupManagement] INFO  server.RaftServer$Division (RaftServerImpl.java:start(342)) - 6a511105-798d-4035-a071-a904e0472807@group-5F039740BA65: start as a follower, conf=-1: peers:[aaa796c8-aced-4c19-8914-014df42c39e4|rpc:10.1.0.19:15182|admin:10.1.0.19:15181|client:10.1.0.19:15180|dataStream:10.1.0.19:15183|priority:0|startupRole:FOLLOWER, e10cda8e-4bea-44c9-8078-2ce611a3a813|rpc:10.1.0.19:15173|admin:10.1.0.19:15172|client:10.1.0.19:15171|dataStream:10.1.0.19:15174|priority:0|startupRole:FOLLOWER, 6a511105-798d-4035-a071-a904e0472807|rpc:10.1.0.19:15191|admin:10.1.0.19:15190|client:10.1.0.19:15189|dataStream:10.1.0.19:15192|priority:1|startupRole:FOLLOWER]|listeners:[], old=null
2023-08-25 08:52:37,556 [6a511105-798d-4035-a071-a904e0472807-groupManagement] INFO  server.RaftServer$Division (RaftServerImpl.java:setRole(329)) - 6a511105-798d-4035-a071-a904e0472807@group-5F039740BA65: changes role from      null to FOLLOWER at term 0 for startAsFollower
2023-08-25 08:52:37,556 [6a511105-798d-4035-a071-a904e0472807-groupManagement] INFO  impl.RoleInfo (RoleInfo.java:updateAndGet(139)) - 6a511105-798d-4035-a071-a904e0472807: start 6a511105-798d-4035-a071-a904e0472807@group-5F039740BA65-FollowerState
2023-08-25 08:52:37,557 [6a511105-798d-4035-a071-a904e0472807@group-5F039740BA65-FollowerState] INFO  server.RaftServerConfigKeys (ConfUtils.java:logFallback(53)) - raft.server.rpc.first-election.timeout.min = 5s (fallback to raft.server.rpc.timeout.min)
2023-08-25 08:52:37,557 [6a511105-798d-4035-a071-a904e0472807-groupManagement] INFO  util.JmxRegister (JmxRegister.java:tryRegister(44)) - Successfully registered JMX Bean with object name Ratis:service=RaftServer,group=group-5F039740BA65,id=6a511105-798d-4035-a071-a904e0472807
2023-08-25 08:52:37,557 [6a511105-798d-4035-a071-a904e0472807@group-5F039740BA65-FollowerState] INFO  server.RaftServerConfigKeys (ConfUtils.java:logFallback(53)) - raft.server.rpc.first-election.timeout.max = 5200ms (fallback to raft.server.rpc.timeout.max)
2023-08-25 08:52:37,557 [6a511105-798d-4035-a071-a904e0472807-groupManagement] INFO  server.RaftServerConfigKeys (ConfUtils.java:logGet(46)) - raft.server.snapshot.auto.trigger.enabled = true (custom)
2023-08-25 08:52:37,557 [6a511105-798d-4035-a071-a904e0472807-groupManagement] INFO  server.RaftServerConfigKeys (ConfUtils.java:logGet(46)) - raft.server.snapshot.auto.trigger.threshold = 10000 (custom)
2023-08-25 08:52:37,557 [6a511105-798d-4035-a071-a904e0472807-groupManagement] INFO  server.RaftServerConfigKeys (ConfUtils.java:logGet(46)) - raft.server.snapshot.retention.file.num = 5 (custom)
2023-08-25 08:52:37,557 [6a511105-798d-4035-a071-a904e0472807-groupManagement] INFO  server.RaftServerConfigKeys (ConfUtils.java:logGet(46)) - raft.server.log.purge.upto.snapshot.index = false (default)
2023-08-25 08:52:37,572 [grpc-default-executor-0] INFO  server.RaftServer (RaftServerProxy.java:addNew(98)) - aaa796c8-aced-4c19-8914-014df42c39e4: addNew group-5F039740BA65:[aaa796c8-aced-4c19-8914-014df42c39e4|rpc:10.1.0.19:15182|admin:10.1.0.19:15181|client:10.1.0.19:15180|dataStream:10.1.0.19:15183|priority:0|startupRole:FOLLOWER, e10cda8e-4bea-44c9-8078-2ce611a3a813|rpc:10.1.0.19:15173|admin:10.1.0.19:15172|client:10.1.0.19:15171|dataStream:10.1.0.19:15174|priority:0|startupRole:FOLLOWER, 6a511105-798d-4035-a071-a904e0472807|rpc:10.1.0.19:15191|admin:10.1.0.19:15190|client:10.1.0.19:15189|dataStream:10.1.0.19:15192|priority:1|startupRole:FOLLOWER] returns group-5F039740BA65:java.util.concurrent.CompletableFuture@26bbfa26[Not completed]
2023-08-25 08:52:37,574 [aaa796c8-aced-4c19-8914-014df42c39e4-groupManagement] INFO  server.RaftServer$Division (RaftServerImpl.java:<init>(198)) - aaa796c8-aced-4c19-8914-014df42c39e4: new RaftServerImpl for group-5F039740BA65:[aaa796c8-aced-4c19-8914-014df42c39e4|rpc:10.1.0.19:15182|admin:10.1.0.19:15181|client:10.1.0.19:15180|dataStream:10.1.0.19:15183|priority:0|startupRole:FOLLOWER, e10cda8e-4bea-44c9-8078-2ce611a3a813|rpc:10.1.0.19:15173|admin:10.1.0.19:15172|client:10.1.0.19:15171|dataStream:10.1.0.19:15174|priority:0|startupRole:FOLLOWER, 6a511105-798d-4035-a071-a904e0472807|rpc:10.1.0.19:15191|admin:10.1.0.19:15190|client:10.1.0.19:15189|dataStream:10.1.0.19:15192|priority:1|startupRole:FOLLOWER] with ContainerStateMachine:uninitialized
2023-08-25 08:52:37,574 [aaa796c8-aced-4c19-8914-014df42c39e4-groupManagement] INFO  server.RaftServerConfigKeys (ConfUtils.java:logGet(46)) - raft.server.rpc.timeout.min = 5s (custom)
2023-08-25 08:52:37,574 [aaa796c8-aced-4c19-8914-014df42c39e4-groupManagement] INFO  server.RaftServerConfigKeys (ConfUtils.java:logGet(46)) - raft.server.rpc.timeout.max = 5200ms (custom)
2023-08-25 08:52:37,574 [aaa796c8-aced-4c19-8914-014df42c39e4-groupManagement] INFO  server.RaftServerConfigKeys (ConfUtils.java:logGet(46)) - raft.server.rpc.sleep.time = 25ms (default)
2023-08-25 08:52:37,574 [aaa796c8-aced-4c19-8914-014df42c39e4-groupManagement] INFO  server.RaftServerConfigKeys (ConfUtils.java:logGet(46)) - raft.server.rpc.slowness.timeout = 300s (custom)
2023-08-25 08:52:37,575 [aaa796c8-aced-4c19-8914-014df42c39e4-groupManagement] INFO  server.RaftServerConfigKeys (ConfUtils.java:logGet(46)) - raft.server.leaderelection.leader.step-down.wait-time = 10s (default)
2023-08-25 08:52:37,575 [aaa796c8-aced-4c19-8914-014df42c39e4-groupManagement] INFO  server.RaftServerConfigKeys (ConfUtils.java:logGet(46)) - raft.server.sleep.deviation.threshold = 300ms (default)
2023-08-25 08:52:37,575 [aaa796c8-aced-4c19-8914-014df42c39e4-groupManagement] INFO  server.RaftServer$Division (ServerState.java:<init>(120)) - aaa796c8-aced-4c19-8914-014df42c39e4@group-5F039740BA65: ConfigurationManager, init=-1: peers:[aaa796c8-aced-4c19-8914-014df42c39e4|rpc:10.1.0.19:15182|admin:10.1.0.19:15181|client:10.1.0.19:15180|dataStream:10.1.0.19:15183|priority:0|startupRole:FOLLOWER, e10cda8e-4bea-44c9-8078-2ce611a3a813|rpc:10.1.0.19:15173|admin:10.1.0.19:15172|client:10.1.0.19:15171|dataStream:10.1.0.19:15174|priority:0|startupRole:FOLLOWER, 6a511105-798d-4035-a071-a904e0472807|rpc:10.1.0.19:15191|admin:10.1.0.19:15190|client:10.1.0.19:15189|dataStream:10.1.0.19:15192|priority:1|startupRole:FOLLOWER]|listeners:[], old=null, confs=<EMPTY_MAP>
2023-08-25 08:52:37,575 [aaa796c8-aced-4c19-8914-014df42c39e4-groupManagement] INFO  server.RaftServerConfigKeys (ConfUtils.java:logGet(46)) - raft.server.storage.dir = [/home/runner/work/ozone/ozone/hadoop-ozone/integration-test/target/test-dir/MiniOzoneClusterImpl-ea041547-065d-47c9-8c6f-7cbf64d7cdf8/datanode-1/data/ratis] (custom)
2023-08-25 08:52:37,575 [aaa796c8-aced-4c19-8914-014df42c39e4-groupManagement] INFO  server.RaftServerConfigKeys (ConfUtils.java:logGet(46)) - raft.server.log.corruption.policy = EXCEPTION (default)
2023-08-25 08:52:37,575 [aaa796c8-aced-4c19-8914-014df42c39e4-groupManagement] INFO  server.RaftServerConfigKeys (ConfUtils.java:logGet(46)) - raft.server.storage.free-space.min = 0MB (=0) (default)
2023-08-25 08:52:37,575 [aaa796c8-aced-4c19-8914-014df42c39e4-groupManagement] INFO  server.RaftServerConfigKeys (ConfUtils.java:logGet(46)) - raft.server.notification.no-leader.timeout = 300s (custom)
2023-08-25 08:52:37,575 [aaa796c8-aced-4c19-8914-014df42c39e4-groupManagement] INFO  server.RaftServerConfigKeys (ConfUtils.java:logGet(46)) - raft.server.read.timeout = 10s (default)
2023-08-25 08:52:37,575 [aaa796c8-aced-4c19-8914-014df42c39e4-groupManagement] INFO  server.RaftServerConfigKeys (ConfUtils.java:logGet(46)) - raft.server.retrycache.expirytime = 600000ms (custom)
2023-08-25 08:52:37,575 [aaa796c8-aced-4c19-8914-014df42c39e4-groupManagement] INFO  server.RaftServerConfigKeys (ConfUtils.java:logGet(46)) - raft.server.retrycache.statistics.expirytime = 100μs (default)
2023-08-25 08:52:37,575 [aaa796c8-aced-4c19-8914-014df42c39e4-groupManagement] INFO  server.RaftServerConfigKeys (ConfUtils.java:logGet(46)) - raft.server.read.option = DEFAULT (default)
2023-08-25 08:52:37,576 [aaa796c8-aced-4c19-8914-014df42c39e4-groupManagement] INFO  server.RaftServerConfigKeys (ConfUtils.java:logGet(46)) - raft.server.rpc.request.timeout = 60s (custom)
2023-08-25 08:52:37,576 [aaa796c8-aced-4c19-8914-014df42c39e4-groupManagement] INFO  server.RaftServerConfigKeys (ConfUtils.java:logGet(46)) - raft.server.log.appender.install.snapshot.enabled = false (custom)
2023-08-25 08:52:37,576 [aaa796c8-aced-4c19-8914-014df42c39e4-groupManagement] INFO  server.RaftServerConfigKeys (ConfUtils.java:logGet(46)) - raft.server.threadpool.server.cached = true (default)
2023-08-25 08:52:37,576 [aaa796c8-aced-4c19-8914-014df42c39e4-groupManagement] INFO  server.RaftServerConfigKeys (ConfUtils.java:logGet(46)) - raft.server.threadpool.server.size = 0 (default)
2023-08-25 08:52:37,576 [aaa796c8-aced-4c19-8914-014df42c39e4-groupManagement] INFO  server.RaftServerConfigKeys (ConfUtils.java:logGet(46)) - raft.server.threadpool.client.cached = true (default)
2023-08-25 08:52:37,576 [aaa796c8-aced-4c19-8914-014df42c39e4-groupManagement] INFO  server.RaftServerConfigKeys (ConfUtils.java:logGet(46)) - raft.server.threadpool.client.size = 0 (default)
2023-08-25 08:52:37,576 [aaa796c8-aced-4c19-8914-014df42c39e4-groupManagement] INFO  storage.RaftStorageDirectory (RaftStorageDirectoryImpl.java:analyzeStorage(137)) - The storage directory /home/runner/work/ozone/ozone/hadoop-ozone/integration-test/target/test-dir/MiniOzoneClusterImpl-ea041547-065d-47c9-8c6f-7cbf64d7cdf8/datanode-1/data/ratis/8b55acb2-e7c8-4f01-be07-5f039740ba65 does not exist. Creating ...
2023-08-25 08:52:37,577 [aaa796c8-aced-4c19-8914-014df42c39e4-groupManagement] INFO  storage.RaftStorageDirectory (RaftStorageDirectoryImpl.java:tryLock(231)) - Lock on /home/runner/work/ozone/ozone/hadoop-ozone/integration-test/target/test-dir/MiniOzoneClusterImpl-ea041547-065d-47c9-8c6f-7cbf64d7cdf8/datanode-1/data/ratis/8b55acb2-e7c8-4f01-be07-5f039740ba65/in_use.lock acquired by nodename 30217@fv-az584-689
2023-08-25 08:52:37,579 [aaa796c8-aced-4c19-8914-014df42c39e4-groupManagement] INFO  storage.RaftStorage (RaftStorageImpl.java:format(96)) - Storage directory /home/runner/work/ozone/ozone/hadoop-ozone/integration-test/target/test-dir/MiniOzoneClusterImpl-ea041547-065d-47c9-8c6f-7cbf64d7cdf8/datanode-1/data/ratis/8b55acb2-e7c8-4f01-be07-5f039740ba65 has been successfully formatted.
2023-08-25 08:52:37,580 [aaa796c8-aced-4c19-8914-014df42c39e4-groupManagement] INFO  ratis.ContainerStateMachine (ContainerStateMachine.java:loadSnapshot(262)) - group-5F039740BA65: The snapshot info is null. Setting the last applied indexto:(t:0, i:~)
2023-08-25 08:52:37,580 [aaa796c8-aced-4c19-8914-014df42c39e4-groupManagement] INFO  server.RaftServerConfigKeys (ConfUtils.java:logGet(46)) - raft.server.log.use.memory = false (default)
2023-08-25 08:52:37,580 [aaa796c8-aced-4c19-8914-014df42c39e4-groupManagement] INFO  server.RaftServerConfigKeys (ConfUtils.java:logGet(46)) - raft.server.log.purge.gap = 1000000 (custom)
2023-08-25 08:52:37,580 [aaa796c8-aced-4c19-8914-014df42c39e4-groupManagement] INFO  server.RaftServerConfigKeys (ConfUtils.java:logGet(46)) - raft.server.log.appender.buffer.byte-limit = 33554432 (custom)
2023-08-25 08:52:37,581 [aaa796c8-aced-4c19-8914-014df42c39e4-groupManagement] INFO  server.RaftServerConfigKeys (ConfUtils.java:logGet(46)) - raft.server.log.statemachine.data.read.timeout = 1000ms (default)
2023-08-25 08:52:37,581 [aaa796c8-aced-4c19-8914-014df42c39e4-groupManagement] INFO  server.RaftServerConfigKeys (ConfUtils.java:logGet(46)) - raft.server.log.purge.preservation.log.num = 0 (default)
2023-08-25 08:52:37,581 [aaa796c8-aced-4c19-8914-014df42c39e4-groupManagement] INFO  server.RaftServerConfigKeys (ConfUtils.java:logGet(46)) - raft.server.log.segment.size.max = 1048576 (custom)
2023-08-25 08:52:37,581 [aaa796c8-aced-4c19-8914-014df42c39e4-groupManagement] INFO  server.RaftServerConfigKeys (ConfUtils.java:logGet(46)) - raft.server.log.segment.cache.num.max = 2 (custom)
2023-08-25 08:52:37,581 [aaa796c8-aced-4c19-8914-014df42c39e4-groupManagement] INFO  server.RaftServerConfigKeys (ConfUtils.java:logGet(46)) - raft.server.log.segment.cache.size.max = 200MB (=209715200) (default)
2023-08-25 08:52:37,581 [aaa796c8-aced-4c19-8914-014df42c39e4-groupManagement] INFO  server.RaftServerConfigKeys (ConfUtils.java:logGet(46)) - raft.server.log.appender.buffer.byte-limit = 33554432 (custom)
2023-08-25 08:52:37,581 [aaa796c8-aced-4c19-8914-014df42c39e4-groupManagement] INFO  segmented.SegmentedRaftLogWorker (SegmentedRaftLogWorker.java:<init>(188)) - new aaa796c8-aced-4c19-8914-014df42c39e4@group-5F039740BA65-SegmentedRaftLogWorker for RaftStorageImpl:Storage Directory /home/runner/work/ozone/ozone/hadoop-ozone/integration-test/target/test-dir/MiniOzoneClusterImpl-ea041547-065d-47c9-8c6f-7cbf64d7cdf8/datanode-1/data/ratis/8b55acb2-e7c8-4f01-be07-5f039740ba65
2023-08-25 08:52:37,581 [aaa796c8-aced-4c19-8914-014df42c39e4-groupManagement] INFO  server.RaftServerConfigKeys (ConfUtils.java:logGet(46)) - raft.server.log.queue.byte-limit = 4294967296 (custom)
2023-08-25 08:52:37,581 [aaa796c8-aced-4c19-8914-014df42c39e4-groupManagement] INFO  server.RaftServerConfigKeys (ConfUtils.java:logGet(46)) - raft.server.log.queue.element-limit = 1024 (custom)
2023-08-25 08:52:37,582 [aaa796c8-aced-4c19-8914-014df42c39e4-groupManagement] INFO  server.RaftServerConfigKeys (ConfUtils.java:logGet(46)) - raft.server.log.segment.size.max = 1048576 (custom)
2023-08-25 08:52:37,582 [aaa796c8-aced-4c19-8914-014df42c39e4-groupManagement] INFO  server.RaftServerConfigKeys (ConfUtils.java:logGet(46)) - raft.server.log.preallocated.size = 16384 (custom)
2023-08-25 08:52:37,582 [aaa796c8-aced-4c19-8914-014df42c39e4-groupManagement] INFO  server.RaftServerConfigKeys (ConfUtils.java:logGet(46)) - raft.server.log.force.sync.num = 128 (default)
2023-08-25 08:52:37,582 [aaa796c8-aced-4c19-8914-014df42c39e4-groupManagement] INFO  server.RaftServerConfigKeys (ConfUtils.java:logGet(46)) - raft.server.log.statemachine.data.sync = true (default)
2023-08-25 08:52:37,582 [aaa796c8-aced-4c19-8914-014df42c39e4-groupManagement] INFO  server.RaftServerConfigKeys (ConfUtils.java:logGet(46)) - raft.server.log.statemachine.data.sync.timeout = 10s (default)
2023-08-25 08:52:37,582 [aaa796c8-aced-4c19-8914-014df42c39e4-groupManagement] INFO  server.RaftServerConfigKeys (ConfUtils.java:logGet(46)) - raft.server.log.statemachine.data.sync.timeout.retry = -1 (default)
2023-08-25 08:52:37,582 [aaa796c8-aced-4c19-8914-014df42c39e4-groupManagement] INFO  server.RaftServerConfigKeys (ConfUtils.java:logGet(46)) - raft.server.log.write.buffer.size = 1048576 (custom)
2023-08-25 08:52:37,583 [aaa796c8-aced-4c19-8914-014df42c39e4-groupManagement] INFO  server.RaftServerConfigKeys (ConfUtils.java:logGet(46)) - raft.server.log.appender.buffer.byte-limit = 33554432 (custom)
2023-08-25 08:52:37,588 [aaa796c8-aced-4c19-8914-014df42c39e4-groupManagement] INFO  server.RaftServerConfigKeys (ConfUtils.java:logGet(46)) - raft.server.log.unsafe-flush.enabled = false (default)
2023-08-25 08:52:37,588 [aaa796c8-aced-4c19-8914-014df42c39e4-groupManagement] INFO  server.RaftServerConfigKeys (ConfUtils.java:logGet(46)) - raft.server.log.async-flush.enabled = false (default)
2023-08-25 08:52:37,588 [aaa796c8-aced-4c19-8914-014df42c39e4-groupManagement] INFO  server.RaftServerConfigKeys (ConfUtils.java:logGet(46)) - raft.server.log.statemachine.data.caching.enabled = true (custom)
2023-08-25 08:52:37,589 [aaa796c8-aced-4c19-8914-014df42c39e4-groupManagement] INFO  segmented.SegmentedRaftLogWorker (SegmentedRaftLogWorker.java:lambda$new$0(135)) - aaa796c8-aced-4c19-8914-014df42c39e4@group-5F039740BA65-SegmentedRaftLogWorker: flushIndex: setUnconditionally 0 -> -1
2023-08-25 08:52:37,589 [aaa796c8-aced-4c19-8914-014df42c39e4-groupManagement] INFO  segmented.SegmentedRaftLogWorker (SegmentedRaftLogWorker.java:lambda$new$0(135)) - aaa796c8-aced-4c19-8914-014df42c39e4@group-5F039740BA65-SegmentedRaftLogWorker: safeCacheEvictIndex: setUnconditionally 0 -> -1
2023-08-25 08:52:37,589 [aaa796c8-aced-4c19-8914-014df42c39e4-groupManagement] INFO  server.RaftServer$Division (RaftServerImpl.java:start(342)) - aaa796c8-aced-4c19-8914-014df42c39e4@group-5F039740BA65: start as a follower, conf=-1: peers:[aaa796c8-aced-4c19-8914-014df42c39e4|rpc:10.1.0.19:15182|admin:10.1.0.19:15181|client:10.1.0.19:15180|dataStream:10.1.0.19:15183|priority:0|startupRole:FOLLOWER, e10cda8e-4bea-44c9-8078-2ce611a3a813|rpc:10.1.0.19:15173|admin:10.1.0.19:15172|client:10.1.0.19:15171|dataStream:10.1.0.19:15174|priority:0|startupRole:FOLLOWER, 6a511105-798d-4035-a071-a904e0472807|rpc:10.1.0.19:15191|admin:10.1.0.19:15190|client:10.1.0.19:15189|dataStream:10.1.0.19:15192|priority:1|startupRole:FOLLOWER]|listeners:[], old=null
2023-08-25 08:52:37,589 [aaa796c8-aced-4c19-8914-014df42c39e4-groupManagement] INFO  server.RaftServer$Division (RaftServerImpl.java:setRole(329)) - aaa796c8-aced-4c19-8914-014df42c39e4@group-5F039740BA65: changes role from      null to FOLLOWER at term 0 for startAsFollower
2023-08-25 08:52:37,589 [aaa796c8-aced-4c19-8914-014df42c39e4-groupManagement] INFO  impl.RoleInfo (RoleInfo.java:updateAndGet(139)) - aaa796c8-aced-4c19-8914-014df42c39e4: start aaa796c8-aced-4c19-8914-014df42c39e4@group-5F039740BA65-FollowerState
2023-08-25 08:52:37,589 [aaa796c8-aced-4c19-8914-014df42c39e4-groupManagement] INFO  util.JmxRegister (JmxRegister.java:tryRegister(44)) - Successfully registered JMX Bean with object name Ratis:service=RaftServer,group=group-5F039740BA65,id=aaa796c8-aced-4c19-8914-014df42c39e4
2023-08-25 08:52:37,589 [aaa796c8-aced-4c19-8914-014df42c39e4@group-5F039740BA65-FollowerState] INFO  server.RaftServerConfigKeys (ConfUtils.java:logFallback(53)) - raft.server.rpc.first-election.timeout.min = 5s (fallback to raft.server.rpc.timeout.min)
2023-08-25 08:52:37,589 [aaa796c8-aced-4c19-8914-014df42c39e4-groupManagement] INFO  server.RaftServerConfigKeys (ConfUtils.java:logGet(46)) - raft.server.snapshot.auto.trigger.enabled = true (custom)
2023-08-25 08:52:37,590 [aaa796c8-aced-4c19-8914-014df42c39e4-groupManagement] INFO  server.RaftServerConfigKeys (ConfUtils.java:logGet(46)) - raft.server.snapshot.auto.trigger.threshold = 10000 (custom)
2023-08-25 08:52:37,590 [aaa796c8-aced-4c19-8914-014df42c39e4-groupManagement] INFO  server.RaftServerConfigKeys (ConfUtils.java:logGet(46)) - raft.server.snapshot.retention.file.num = 5 (custom)
2023-08-25 08:52:37,590 [aaa796c8-aced-4c19-8914-014df42c39e4-groupManagement] INFO  server.RaftServerConfigKeys (ConfUtils.java:logGet(46)) - raft.server.log.purge.upto.snapshot.index = false (default)
2023-08-25 08:52:37,590 [aaa796c8-aced-4c19-8914-014df42c39e4@group-5F039740BA65-FollowerState] INFO  server.RaftServerConfigKeys (ConfUtils.java:logFallback(53)) - raft.server.rpc.first-election.timeout.max = 5200ms (fallback to raft.server.rpc.timeout.max)
2023-08-25 08:52:37,598 [PipelineCommandHandlerThread-0] INFO  commandhandler.CreatePipelineCommandHandler (CreatePipelineCommandHandler.java:lambda$handle$2(124)) - Created Pipeline RATIS THREE PipelineID=8b55acb2-e7c8-4f01-be07-5f039740ba65.
2023-08-25 08:52:37,599 [PipelineCommandHandlerThread-0] INFO  server.RaftServer (RaftServerProxy.java:addNew(98)) - e10cda8e-4bea-44c9-8078-2ce611a3a813: addNew group-606FF9491D12:[aaa796c8-aced-4c19-8914-014df42c39e4|rpc:10.1.0.19:15182|admin:10.1.0.19:15181|client:10.1.0.19:15180|dataStream:10.1.0.19:15183|priority:1|startupRole:FOLLOWER, e10cda8e-4bea-44c9-8078-2ce611a3a813|rpc:10.1.0.19:15173|admin:10.1.0.19:15172|client:10.1.0.19:15171|dataStream:10.1.0.19:15174|priority:0|startupRole:FOLLOWER, 6a511105-798d-4035-a071-a904e0472807|rpc:10.1.0.19:15191|admin:10.1.0.19:15190|client:10.1.0.19:15189|dataStream:10.1.0.19:15192|priority:0|startupRole:FOLLOWER] returns group-606FF9491D12:java.util.concurrent.CompletableFuture@2e98655b[Not completed]
2023-08-25 08:52:37,600 [e10cda8e-4bea-44c9-8078-2ce611a3a813-groupManagement] INFO  server.RaftServer$Division (RaftServerImpl.java:<init>(198)) - e10cda8e-4bea-44c9-8078-2ce611a3a813: new RaftServerImpl for group-606FF9491D12:[aaa796c8-aced-4c19-8914-014df42c39e4|rpc:10.1.0.19:15182|admin:10.1.0.19:15181|client:10.1.0.19:15180|dataStream:10.1.0.19:15183|priority:1|startupRole:FOLLOWER, e10cda8e-4bea-44c9-8078-2ce611a3a813|rpc:10.1.0.19:15173|admin:10.1.0.19:15172|client:10.1.0.19:15171|dataStream:10.1.0.19:15174|priority:0|startupRole:FOLLOWER, 6a511105-798d-4035-a071-a904e0472807|rpc:10.1.0.19:15191|admin:10.1.0.19:15190|client:10.1.0.19:15189|dataStream:10.1.0.19:15192|priority:0|startupRole:FOLLOWER] with ContainerStateMachine:uninitialized
2023-08-25 08:52:37,600 [e10cda8e-4bea-44c9-8078-2ce611a3a813-groupManagement] INFO  server.RaftServerConfigKeys (ConfUtils.java:logGet(46)) - raft.server.rpc.timeout.min = 5s (custom)
2023-08-25 08:52:37,600 [e10cda8e-4bea-44c9-8078-2ce611a3a813-groupManagement] INFO  server.RaftServerConfigKeys (ConfUtils.java:logGet(46)) - raft.server.rpc.timeout.max = 5200ms (custom)
2023-08-25 08:52:37,600 [e10cda8e-4bea-44c9-8078-2ce611a3a813-groupManagement] INFO  server.RaftServerConfigKeys (ConfUtils.java:logGet(46)) - raft.server.rpc.sleep.time = 25ms (default)
2023-08-25 08:52:37,600 [e10cda8e-4bea-44c9-8078-2ce611a3a813-groupManagement] INFO  server.RaftServerConfigKeys (ConfUtils.java:logGet(46)) - raft.server.rpc.slowness.timeout = 300s (custom)
2023-08-25 08:52:37,600 [e10cda8e-4bea-44c9-8078-2ce611a3a813-groupManagement] INFO  server.RaftServerConfigKeys (ConfUtils.java:logGet(46)) - raft.server.leaderelection.leader.step-down.wait-time = 10s (default)
2023-08-25 08:52:37,600 [e10cda8e-4bea-44c9-8078-2ce611a3a813-groupManagement] INFO  server.RaftServerConfigKeys (ConfUtils.java:logGet(46)) - raft.server.sleep.deviation.threshold = 300ms (default)
2023-08-25 08:52:37,600 [e10cda8e-4bea-44c9-8078-2ce611a3a813-groupManagement] INFO  server.RaftServer$Division (ServerState.java:<init>(120)) - e10cda8e-4bea-44c9-8078-2ce611a3a813@group-606FF9491D12: ConfigurationManager, init=-1: peers:[aaa796c8-aced-4c19-8914-014df42c39e4|rpc:10.1.0.19:15182|admin:10.1.0.19:15181|client:10.1.0.19:15180|dataStream:10.1.0.19:15183|priority:1|startupRole:FOLLOWER, e10cda8e-4bea-44c9-8078-2ce611a3a813|rpc:10.1.0.19:15173|admin:10.1.0.19:15172|client:10.1.0.19:15171|dataStream:10.1.0.19:15174|priority:0|startupRole:FOLLOWER, 6a511105-798d-4035-a071-a904e0472807|rpc:10.1.0.19:15191|admin:10.1.0.19:15190|client:10.1.0.19:15189|dataStream:10.1.0.19:15192|priority:0|startupRole:FOLLOWER]|listeners:[], old=null, confs=<EMPTY_MAP>
2023-08-25 08:52:37,600 [e10cda8e-4bea-44c9-8078-2ce611a3a813-groupManagement] INFO  server.RaftServerConfigKeys (ConfUtils.java:logGet(46)) - raft.server.storage.dir = [/home/runner/work/ozone/ozone/hadoop-ozone/integration-test/target/test-dir/MiniOzoneClusterImpl-ea041547-065d-47c9-8c6f-7cbf64d7cdf8/datanode-0/data/ratis] (custom)
2023-08-25 08:52:37,601 [e10cda8e-4bea-44c9-8078-2ce611a3a813-groupManagement] INFO  server.RaftServerConfigKeys (ConfUtils.java:logGet(46)) - raft.server.log.corruption.policy = EXCEPTION (default)
2023-08-25 08:52:37,601 [e10cda8e-4bea-44c9-8078-2ce611a3a813-groupManagement] INFO  server.RaftServerConfigKeys (ConfUtils.java:logGet(46)) - raft.server.storage.free-space.min = 0MB (=0) (default)
2023-08-25 08:52:37,601 [e10cda8e-4bea-44c9-8078-2ce611a3a813-groupManagement] INFO  server.RaftServerConfigKeys (ConfUtils.java:logGet(46)) - raft.server.notification.no-leader.timeout = 300s (custom)
2023-08-25 08:52:37,601 [e10cda8e-4bea-44c9-8078-2ce611a3a813-groupManagement] INFO  server.RaftServerConfigKeys (ConfUtils.java:logGet(46)) - raft.server.read.timeout = 10s (default)
2023-08-25 08:52:37,601 [e10cda8e-4bea-44c9-8078-2ce611a3a813-groupManagement] INFO  server.RaftServerConfigKeys (ConfUtils.java:logGet(46)) - raft.server.retrycache.expirytime = 600000ms (custom)
2023-08-25 08:52:37,601 [e10cda8e-4bea-44c9-8078-2ce611a3a813-groupManagement] INFO  server.RaftServerConfigKeys (ConfUtils.java:logGet(46)) - raft.server.retrycache.statistics.expirytime = 100μs (default)
2023-08-25 08:52:37,601 [e10cda8e-4bea-44c9-8078-2ce611a3a813-groupManagement] INFO  server.RaftServerConfigKeys (ConfUtils.java:logGet(46)) - raft.server.read.option = DEFAULT (default)
2023-08-25 08:52:37,602 [e10cda8e-4bea-44c9-8078-2ce611a3a813-groupManagement] INFO  server.RaftServerConfigKeys (ConfUtils.java:logGet(46)) - raft.server.rpc.request.timeout = 60s (custom)
2023-08-25 08:52:37,602 [e10cda8e-4bea-44c9-8078-2ce611a3a813-groupManagement] INFO  server.RaftServerConfigKeys (ConfUtils.java:logGet(46)) - raft.server.log.appender.install.snapshot.enabled = false (custom)
2023-08-25 08:52:37,602 [e10cda8e-4bea-44c9-8078-2ce611a3a813-groupManagement] INFO  server.RaftServerConfigKeys (ConfUtils.java:logGet(46)) - raft.server.threadpool.server.cached = true (default)
2023-08-25 08:52:37,602 [e10cda8e-4bea-44c9-8078-2ce611a3a813-groupManagement] INFO  server.RaftServerConfigKeys (ConfUtils.java:logGet(46)) - raft.server.threadpool.server.size = 0 (default)
2023-08-25 08:52:37,602 [e10cda8e-4bea-44c9-8078-2ce611a3a813-groupManagement] INFO  server.RaftServerConfigKeys (ConfUtils.java:logGet(46)) - raft.server.threadpool.client.cached = true (default)
2023-08-25 08:52:37,602 [e10cda8e-4bea-44c9-8078-2ce611a3a813-groupManagement] INFO  server.RaftServerConfigKeys (ConfUtils.java:logGet(46)) - raft.server.threadpool.client.size = 0 (default)
2023-08-25 08:52:37,602 [e10cda8e-4bea-44c9-8078-2ce611a3a813-groupManagement] INFO  storage.RaftStorageDirectory (RaftStorageDirectoryImpl.java:analyzeStorage(137)) - The storage directory /home/runner/work/ozone/ozone/hadoop-ozone/integration-test/target/test-dir/MiniOzoneClusterImpl-ea041547-065d-47c9-8c6f-7cbf64d7cdf8/datanode-0/data/ratis/594834ec-5818-442d-a23f-606ff9491d12 does not exist. Creating ...
2023-08-25 08:52:37,603 [e10cda8e-4bea-44c9-8078-2ce611a3a813-groupManagement] INFO  storage.RaftStorageDirectory (RaftStorageDirectoryImpl.java:tryLock(231)) - Lock on /home/runner/work/ozone/ozone/hadoop-ozone/integration-test/target/test-dir/MiniOzoneClusterImpl-ea041547-065d-47c9-8c6f-7cbf64d7cdf8/datanode-0/data/ratis/594834ec-5818-442d-a23f-606ff9491d12/in_use.lock acquired by nodename 30217@fv-az584-689
2023-08-25 08:52:37,606 [e10cda8e-4bea-44c9-8078-2ce611a3a813-groupManagement] INFO  storage.RaftStorage (RaftStorageImpl.java:format(96)) - Storage directory /home/runner/work/ozone/ozone/hadoop-ozone/integration-test/target/test-dir/MiniOzoneClusterImpl-ea041547-065d-47c9-8c6f-7cbf64d7cdf8/datanode-0/data/ratis/594834ec-5818-442d-a23f-606ff9491d12 has been successfully formatted.
2023-08-25 08:52:37,607 [e10cda8e-4bea-44c9-8078-2ce611a3a813-groupManagement] INFO  ratis.ContainerStateMachine (ContainerStateMachine.java:loadSnapshot(262)) - group-606FF9491D12: The snapshot info is null. Setting the last applied indexto:(t:0, i:~)
2023-08-25 08:52:37,607 [e10cda8e-4bea-44c9-8078-2ce611a3a813-groupManagement] INFO  server.RaftServerConfigKeys (ConfUtils.java:logGet(46)) - raft.server.log.use.memory = false (default)
2023-08-25 08:52:37,607 [e10cda8e-4bea-44c9-8078-2ce611a3a813-groupManagement] INFO  server.RaftServerConfigKeys (ConfUtils.java:logGet(46)) - raft.server.log.purge.gap = 1000000 (custom)
2023-08-25 08:52:37,607 [e10cda8e-4bea-44c9-8078-2ce611a3a813-groupManagement] INFO  server.RaftServerConfigKeys (ConfUtils.java:logGet(46)) - raft.server.log.appender.buffer.byte-limit = 33554432 (custom)
2023-08-25 08:52:37,607 [e10cda8e-4bea-44c9-8078-2ce611a3a813-groupManagement] INFO  server.RaftServerConfigKeys (ConfUtils.java:logGet(46)) - raft.server.log.statemachine.data.read.timeout = 1000ms (default)
2023-08-25 08:52:37,608 [e10cda8e-4bea-44c9-8078-2ce611a3a813-groupManagement] INFO  server.RaftServerConfigKeys (ConfUtils.java:logGet(46)) - raft.server.log.purge.preservation.log.num = 0 (default)
2023-08-25 08:52:37,608 [e10cda8e-4bea-44c9-8078-2ce611a3a813-groupManagement] INFO  server.RaftServerConfigKeys (ConfUtils.java:logGet(46)) - raft.server.log.segment.size.max = 1048576 (custom)
2023-08-25 08:52:37,608 [EventQueue-OpenPipelineForHealthyPipelineSafeModeRule] INFO  safemode.SCMSafeModeManager (HealthyPipelineSafeModeRule.java:process(137)) - SCM in safe mode. Healthy pipelines reported count is 0, required healthy pipeline reported count is 1
2023-08-25 08:52:37,608 [e10cda8e-4bea-44c9-8078-2ce611a3a813-groupManagement] INFO  server.RaftServerConfigKeys (ConfUtils.java:logGet(46)) - raft.server.log.segment.cache.num.max = 2 (custom)
2023-08-25 08:52:37,608 [e10cda8e-4bea-44c9-8078-2ce611a3a813-groupManagement] INFO  server.RaftServerConfigKeys (ConfUtils.java:logGet(46)) - raft.server.log.segment.cache.size.max = 200MB (=209715200) (default)
2023-08-25 08:52:37,608 [e10cda8e-4bea-44c9-8078-2ce611a3a813-groupManagement] INFO  server.RaftServerConfigKeys (ConfUtils.java:logGet(46)) - raft.server.log.appender.buffer.byte-limit = 33554432 (custom)
2023-08-25 08:52:37,608 [e10cda8e-4bea-44c9-8078-2ce611a3a813-groupManagement] INFO  segmented.SegmentedRaftLogWorker (SegmentedRaftLogWorker.java:<init>(188)) - new e10cda8e-4bea-44c9-8078-2ce611a3a813@group-606FF9491D12-SegmentedRaftLogWorker for RaftStorageImpl:Storage Directory /home/runner/work/ozone/ozone/hadoop-ozone/integration-test/target/test-dir/MiniOzoneClusterImpl-ea041547-065d-47c9-8c6f-7cbf64d7cdf8/datanode-0/data/ratis/594834ec-5818-442d-a23f-606ff9491d12
2023-08-25 08:52:37,608 [e10cda8e-4bea-44c9-8078-2ce611a3a813-groupManagement] INFO  server.RaftServerConfigKeys (ConfUtils.java:logGet(46)) - raft.server.log.queue.byte-limit = 4294967296 (custom)
2023-08-25 08:52:37,608 [e10cda8e-4bea-44c9-8078-2ce611a3a813-groupManagement] INFO  server.RaftServerConfigKeys (ConfUtils.java:logGet(46)) - raft.server.log.queue.element-limit = 1024 (custom)
2023-08-25 08:52:37,609 [e10cda8e-4bea-44c9-8078-2ce611a3a813-groupManagement] INFO  server.RaftServerConfigKeys (ConfUtils.java:logGet(46)) - raft.server.log.segment.size.max = 1048576 (custom)
2023-08-25 08:52:37,609 [e10cda8e-4bea-44c9-8078-2ce611a3a813-groupManagement] INFO  server.RaftServerConfigKeys (ConfUtils.java:logGet(46)) - raft.server.log.preallocated.size = 16384 (custom)
2023-08-25 08:52:37,609 [e10cda8e-4bea-44c9-8078-2ce611a3a813-groupManagement] INFO  server.RaftServerConfigKeys (ConfUtils.java:logGet(46)) - raft.server.log.force.sync.num = 128 (default)
2023-08-25 08:52:37,609 [e10cda8e-4bea-44c9-8078-2ce611a3a813-groupManagement] INFO  server.RaftServerConfigKeys (ConfUtils.java:logGet(46)) - raft.server.log.statemachine.data.sync = true (default)
2023-08-25 08:52:37,609 [e10cda8e-4bea-44c9-8078-2ce611a3a813-groupManagement] INFO  server.RaftServerConfigKeys (ConfUtils.java:logGet(46)) - raft.server.log.statemachine.data.sync.timeout = 10s (default)
2023-08-25 08:52:37,609 [e10cda8e-4bea-44c9-8078-2ce611a3a813-groupManagement] INFO  server.RaftServerConfigKeys (ConfUtils.java:logGet(46)) - raft.server.log.statemachine.data.sync.timeout.retry = -1 (default)
2023-08-25 08:52:37,609 [e10cda8e-4bea-44c9-8078-2ce611a3a813-groupManagement] INFO  server.RaftServerConfigKeys (ConfUtils.java:logGet(46)) - raft.server.log.write.buffer.size = 1048576 (custom)
2023-08-25 08:52:37,610 [e10cda8e-4bea-44c9-8078-2ce611a3a813-groupManagement] INFO  server.RaftServerConfigKeys (ConfUtils.java:logGet(46)) - raft.server.log.appender.buffer.byte-limit = 33554432 (custom)
2023-08-25 08:52:37,615 [e10cda8e-4bea-44c9-8078-2ce611a3a813-groupManagement] INFO  server.RaftServerConfigKeys (ConfUtils.java:logGet(46)) - raft.server.log.unsafe-flush.enabled = false (default)
2023-08-25 08:52:37,615 [e10cda8e-4bea-44c9-8078-2ce611a3a813-groupManagement] INFO  server.RaftServerConfigKeys (ConfUtils.java:logGet(46)) - raft.server.log.async-flush.enabled = false (default)
2023-08-25 08:52:37,615 [e10cda8e-4bea-44c9-8078-2ce611a3a813-groupManagement] INFO  server.RaftServerConfigKeys (ConfUtils.java:logGet(46)) - raft.server.log.statemachine.data.caching.enabled = true (custom)
2023-08-25 08:52:37,615 [e10cda8e-4bea-44c9-8078-2ce611a3a813-groupManagement] INFO  segmented.SegmentedRaftLogWorker (SegmentedRaftLogWorker.java:lambda$new$0(135)) - e10cda8e-4bea-44c9-8078-2ce611a3a813@group-606FF9491D12-SegmentedRaftLogWorker: flushIndex: setUnconditionally 0 -> -1
2023-08-25 08:52:37,615 [e10cda8e-4bea-44c9-8078-2ce611a3a813-groupManagement] INFO  segmented.SegmentedRaftLogWorker (SegmentedRaftLogWorker.java:lambda$new$0(135)) - e10cda8e-4bea-44c9-8078-2ce611a3a813@group-606FF9491D12-SegmentedRaftLogWorker: safeCacheEvictIndex: setUnconditionally 0 -> -1
2023-08-25 08:52:37,616 [e10cda8e-4bea-44c9-8078-2ce611a3a813-groupManagement] INFO  server.RaftServer$Division (RaftServerImpl.java:start(342)) - e10cda8e-4bea-44c9-8078-2ce611a3a813@group-606FF9491D12: start as a follower, conf=-1: peers:[aaa796c8-aced-4c19-8914-014df42c39e4|rpc:10.1.0.19:15182|admin:10.1.0.19:15181|client:10.1.0.19:15180|dataStream:10.1.0.19:15183|priority:1|startupRole:FOLLOWER, e10cda8e-4bea-44c9-8078-2ce611a3a813|rpc:10.1.0.19:15173|admin:10.1.0.19:15172|client:10.1.0.19:15171|dataStream:10.1.0.19:15174|priority:0|startupRole:FOLLOWER, 6a511105-798d-4035-a071-a904e0472807|rpc:10.1.0.19:15191|admin:10.1.0.19:15190|client:10.1.0.19:15189|dataStream:10.1.0.19:15192|priority:0|startupRole:FOLLOWER]|listeners:[], old=null
2023-08-25 08:52:37,616 [e10cda8e-4bea-44c9-8078-2ce611a3a813-groupManagement] INFO  server.RaftServer$Division (RaftServerImpl.java:setRole(329)) - e10cda8e-4bea-44c9-8078-2ce611a3a813@group-606FF9491D12: changes role from      null to FOLLOWER at term 0 for startAsFollower
2023-08-25 08:52:37,616 [e10cda8e-4bea-44c9-8078-2ce611a3a813-groupManagement] INFO  impl.RoleInfo (RoleInfo.java:updateAndGet(139)) - e10cda8e-4bea-44c9-8078-2ce611a3a813: start e10cda8e-4bea-44c9-8078-2ce611a3a813@group-606FF9491D12-FollowerState
2023-08-25 08:52:37,616 [e10cda8e-4bea-44c9-8078-2ce611a3a813-groupManagement] INFO  util.JmxRegister (JmxRegister.java:tryRegister(44)) - Successfully registered JMX Bean with object name Ratis:service=RaftServer,group=group-606FF9491D12,id=e10cda8e-4bea-44c9-8078-2ce611a3a813
2023-08-25 08:52:37,616 [e10cda8e-4bea-44c9-8078-2ce611a3a813@group-606FF9491D12-FollowerState] INFO  server.RaftServerConfigKeys (ConfUtils.java:logFallback(53)) - raft.server.rpc.first-election.timeout.min = 5s (fallback to raft.server.rpc.timeout.min)
2023-08-25 08:52:37,616 [e10cda8e-4bea-44c9-8078-2ce611a3a813-groupManagement] INFO  server.RaftServerConfigKeys (ConfUtils.java:logGet(46)) - raft.server.snapshot.auto.trigger.enabled = true (custom)
2023-08-25 08:52:37,616 [e10cda8e-4bea-44c9-8078-2ce611a3a813@group-606FF9491D12-FollowerState] INFO  server.RaftServerConfigKeys (ConfUtils.java:logFallback(53)) - raft.server.rpc.first-election.timeout.max = 5200ms (fallback to raft.server.rpc.timeout.max)
2023-08-25 08:52:37,616 [e10cda8e-4bea-44c9-8078-2ce611a3a813-groupManagement] INFO  server.RaftServerConfigKeys (ConfUtils.java:logGet(46)) - raft.server.snapshot.auto.trigger.threshold = 10000 (custom)
2023-08-25 08:52:37,616 [e10cda8e-4bea-44c9-8078-2ce611a3a813-groupManagement] INFO  server.RaftServerConfigKeys (ConfUtils.java:logGet(46)) - raft.server.snapshot.retention.file.num = 5 (custom)
2023-08-25 08:52:37,616 [e10cda8e-4bea-44c9-8078-2ce611a3a813-groupManagement] INFO  server.RaftServerConfigKeys (ConfUtils.java:logGet(46)) - raft.server.log.purge.upto.snapshot.index = false (default)
2023-08-25 08:52:37,617 [PipelineCommandHandlerThread-0] INFO  ratis.XceiverServerRatis (XceiverServerRatis.java:addGroup(804)) - Created group PipelineID=594834ec-5818-442d-a23f-606ff9491d12
2023-08-25 08:52:37,628 [grpc-default-executor-0] INFO  server.RaftServer (RaftServerProxy.java:addNew(98)) - aaa796c8-aced-4c19-8914-014df42c39e4: addNew group-606FF9491D12:[aaa796c8-aced-4c19-8914-014df42c39e4|rpc:10.1.0.19:15182|admin:10.1.0.19:15181|client:10.1.0.19:15180|dataStream:10.1.0.19:15183|priority:1|startupRole:FOLLOWER, e10cda8e-4bea-44c9-8078-2ce611a3a813|rpc:10.1.0.19:15173|admin:10.1.0.19:15172|client:10.1.0.19:15171|dataStream:10.1.0.19:15174|priority:0|startupRole:FOLLOWER, 6a511105-798d-4035-a071-a904e0472807|rpc:10.1.0.19:15191|admin:10.1.0.19:15190|client:10.1.0.19:15189|dataStream:10.1.0.19:15192|priority:0|startupRole:FOLLOWER] returns group-606FF9491D12:java.util.concurrent.CompletableFuture@5e68c55e[Not completed]
2023-08-25 08:52:37,629 [aaa796c8-aced-4c19-8914-014df42c39e4-groupManagement] INFO  server.RaftServer$Division (RaftServerImpl.java:<init>(198)) - aaa796c8-aced-4c19-8914-014df42c39e4: new RaftServerImpl for group-606FF9491D12:[aaa796c8-aced-4c19-8914-014df42c39e4|rpc:10.1.0.19:15182|admin:10.1.0.19:15181|client:10.1.0.19:15180|dataStream:10.1.0.19:15183|priority:1|startupRole:FOLLOWER, e10cda8e-4bea-44c9-8078-2ce611a3a813|rpc:10.1.0.19:15173|admin:10.1.0.19:15172|client:10.1.0.19:15171|dataStream:10.1.0.19:15174|priority:0|startupRole:FOLLOWER, 6a511105-798d-4035-a071-a904e0472807|rpc:10.1.0.19:15191|admin:10.1.0.19:15190|client:10.1.0.19:15189|dataStream:10.1.0.19:15192|priority:0|startupRole:FOLLOWER] with ContainerStateMachine:uninitialized
2023-08-25 08:52:37,629 [aaa796c8-aced-4c19-8914-014df42c39e4-groupManagement] INFO  server.RaftServerConfigKeys (ConfUtils.java:logGet(46)) - raft.server.rpc.timeout.min = 5s (custom)
2023-08-25 08:52:37,629 [aaa796c8-aced-4c19-8914-014df42c39e4-groupManagement] INFO  server.RaftServerConfigKeys (ConfUtils.java:logGet(46)) - raft.server.rpc.timeout.max = 5200ms (custom)
2023-08-25 08:52:37,629 [aaa796c8-aced-4c19-8914-014df42c39e4-groupManagement] INFO  server.RaftServerConfigKeys (ConfUtils.java:logGet(46)) - raft.server.rpc.sleep.time = 25ms (default)
2023-08-25 08:52:37,629 [aaa796c8-aced-4c19-8914-014df42c39e4-groupManagement] INFO  server.RaftServerConfigKeys (ConfUtils.java:logGet(46)) - raft.server.rpc.slowness.timeout = 300s (custom)
2023-08-25 08:52:37,629 [aaa796c8-aced-4c19-8914-014df42c39e4-groupManagement] INFO  server.RaftServerConfigKeys (ConfUtils.java:logGet(46)) - raft.server.leaderelection.leader.step-down.wait-time = 10s (default)
2023-08-25 08:52:37,629 [aaa796c8-aced-4c19-8914-014df42c39e4-groupManagement] INFO  server.RaftServerConfigKeys (ConfUtils.java:logGet(46)) - raft.server.sleep.deviation.threshold = 300ms (default)
2023-08-25 08:52:37,629 [aaa796c8-aced-4c19-8914-014df42c39e4-groupManagement] INFO  server.RaftServer$Division (ServerState.java:<init>(120)) - aaa796c8-aced-4c19-8914-014df42c39e4@group-606FF9491D12: ConfigurationManager, init=-1: peers:[aaa796c8-aced-4c19-8914-014df42c39e4|rpc:10.1.0.19:15182|admin:10.1.0.19:15181|client:10.1.0.19:15180|dataStream:10.1.0.19:15183|priority:1|startupRole:FOLLOWER, e10cda8e-4bea-44c9-8078-2ce611a3a813|rpc:10.1.0.19:15173|admin:10.1.0.19:15172|client:10.1.0.19:15171|dataStream:10.1.0.19:15174|priority:0|startupRole:FOLLOWER, 6a511105-798d-4035-a071-a904e0472807|rpc:10.1.0.19:15191|admin:10.1.0.19:15190|client:10.1.0.19:15189|dataStream:10.1.0.19:15192|priority:0|startupRole:FOLLOWER]|listeners:[], old=null, confs=<EMPTY_MAP>
2023-08-25 08:52:37,629 [aaa796c8-aced-4c19-8914-014df42c39e4-groupManagement] INFO  server.RaftServerConfigKeys (ConfUtils.java:logGet(46)) - raft.server.storage.dir = [/home/runner/work/ozone/ozone/hadoop-ozone/integration-test/target/test-dir/MiniOzoneClusterImpl-ea041547-065d-47c9-8c6f-7cbf64d7cdf8/datanode-1/data/ratis] (custom)
2023-08-25 08:52:37,629 [aaa796c8-aced-4c19-8914-014df42c39e4-groupManagement] INFO  server.RaftServerConfigKeys (ConfUtils.java:logGet(46)) - raft.server.log.corruption.policy = EXCEPTION (default)
2023-08-25 08:52:37,629 [aaa796c8-aced-4c19-8914-014df42c39e4-groupManagement] INFO  server.RaftServerConfigKeys (ConfUtils.java:logGet(46)) - raft.server.storage.free-space.min = 0MB (=0) (default)
2023-08-25 08:52:37,630 [aaa796c8-aced-4c19-8914-014df42c39e4-groupManagement] INFO  server.RaftServerConfigKeys (ConfUtils.java:logGet(46)) - raft.server.notification.no-leader.timeout = 300s (custom)
2023-08-25 08:52:37,630 [aaa796c8-aced-4c19-8914-014df42c39e4-groupManagement] INFO  server.RaftServerConfigKeys (ConfUtils.java:logGet(46)) - raft.server.read.timeout = 10s (default)
2023-08-25 08:52:37,630 [aaa796c8-aced-4c19-8914-014df42c39e4-groupManagement] INFO  server.RaftServerConfigKeys (ConfUtils.java:logGet(46)) - raft.server.retrycache.expirytime = 600000ms (custom)
2023-08-25 08:52:37,630 [aaa796c8-aced-4c19-8914-014df42c39e4-groupManagement] INFO  server.RaftServerConfigKeys (ConfUtils.java:logGet(46)) - raft.server.retrycache.statistics.expirytime = 100μs (default)
2023-08-25 08:52:37,630 [aaa796c8-aced-4c19-8914-014df42c39e4-groupManagement] INFO  server.RaftServerConfigKeys (ConfUtils.java:logGet(46)) - raft.server.read.option = DEFAULT (default)
2023-08-25 08:52:37,630 [aaa796c8-aced-4c19-8914-014df42c39e4-groupManagement] INFO  server.RaftServerConfigKeys (ConfUtils.java:logGet(46)) - raft.server.rpc.request.timeout = 60s (custom)
2023-08-25 08:52:37,630 [aaa796c8-aced-4c19-8914-014df42c39e4-groupManagement] INFO  server.RaftServerConfigKeys (ConfUtils.java:logGet(46)) - raft.server.log.appender.install.snapshot.enabled = false (custom)
2023-08-25 08:52:37,630 [aaa796c8-aced-4c19-8914-014df42c39e4-groupManagement] INFO  server.RaftServerConfigKeys (ConfUtils.java:logGet(46)) - raft.server.threadpool.server.cached = true (default)
2023-08-25 08:52:37,630 [aaa796c8-aced-4c19-8914-014df42c39e4-groupManagement] INFO  server.RaftServerConfigKeys (ConfUtils.java:logGet(46)) - raft.server.threadpool.server.size = 0 (default)
2023-08-25 08:52:37,631 [aaa796c8-aced-4c19-8914-014df42c39e4-groupManagement] INFO  server.RaftServerConfigKeys (ConfUtils.java:logGet(46)) - raft.server.threadpool.client.cached = true (default)
2023-08-25 08:52:37,631 [aaa796c8-aced-4c19-8914-014df42c39e4-groupManagement] INFO  server.RaftServerConfigKeys (ConfUtils.java:logGet(46)) - raft.server.threadpool.client.size = 0 (default)
2023-08-25 08:52:37,631 [aaa796c8-aced-4c19-8914-014df42c39e4-groupManagement] INFO  storage.RaftStorageDirectory (RaftStorageDirectoryImpl.java:analyzeStorage(137)) - The storage directory /home/runner/work/ozone/ozone/hadoop-ozone/integration-test/target/test-dir/MiniOzoneClusterImpl-ea041547-065d-47c9-8c6f-7cbf64d7cdf8/datanode-1/data/ratis/594834ec-5818-442d-a23f-606ff9491d12 does not exist. Creating ...
2023-08-25 08:52:37,632 [aaa796c8-aced-4c19-8914-014df42c39e4-groupManagement] INFO  storage.RaftStorageDirectory (RaftStorageDirectoryImpl.java:tryLock(231)) - Lock on /home/runner/work/ozone/ozone/hadoop-ozone/integration-test/target/test-dir/MiniOzoneClusterImpl-ea041547-065d-47c9-8c6f-7cbf64d7cdf8/datanode-1/data/ratis/594834ec-5818-442d-a23f-606ff9491d12/in_use.lock acquired by nodename 30217@fv-az584-689
2023-08-25 08:52:37,634 [aaa796c8-aced-4c19-8914-014df42c39e4-groupManagement] INFO  storage.RaftStorage (RaftStorageImpl.java:format(96)) - Storage directory /home/runner/work/ozone/ozone/hadoop-ozone/integration-test/target/test-dir/MiniOzoneClusterImpl-ea041547-065d-47c9-8c6f-7cbf64d7cdf8/datanode-1/data/ratis/594834ec-5818-442d-a23f-606ff9491d12 has been successfully formatted.
2023-08-25 08:52:37,635 [aaa796c8-aced-4c19-8914-014df42c39e4-groupManagement] INFO  ratis.ContainerStateMachine (ContainerStateMachine.java:loadSnapshot(262)) - group-606FF9491D12: The snapshot info is null. Setting the last applied indexto:(t:0, i:~)
2023-08-25 08:52:37,635 [aaa796c8-aced-4c19-8914-014df42c39e4-groupManagement] INFO  server.RaftServerConfigKeys (ConfUtils.java:logGet(46)) - raft.server.log.use.memory = false (default)
2023-08-25 08:52:37,635 [aaa796c8-aced-4c19-8914-014df42c39e4-groupManagement] INFO  server.RaftServerConfigKeys (ConfUtils.java:logGet(46)) - raft.server.log.purge.gap = 1000000 (custom)
2023-08-25 08:52:37,636 [aaa796c8-aced-4c19-8914-014df42c39e4-groupManagement] INFO  server.RaftServerConfigKeys (ConfUtils.java:logGet(46)) - raft.server.log.appender.buffer.byte-limit = 33554432 (custom)
2023-08-25 08:52:37,636 [aaa796c8-aced-4c19-8914-014df42c39e4-groupManagement] INFO  server.RaftServerConfigKeys (ConfUtils.java:logGet(46)) - raft.server.log.statemachine.data.read.timeout = 1000ms (default)
2023-08-25 08:52:37,636 [aaa796c8-aced-4c19-8914-014df42c39e4-groupManagement] INFO  server.RaftServerConfigKeys (ConfUtils.java:logGet(46)) - raft.server.log.purge.preservation.log.num = 0 (default)
2023-08-25 08:52:37,636 [aaa796c8-aced-4c19-8914-014df42c39e4-groupManagement] INFO  server.RaftServerConfigKeys (ConfUtils.java:logGet(46)) - raft.server.log.segment.size.max = 1048576 (custom)
2023-08-25 08:52:37,636 [aaa796c8-aced-4c19-8914-014df42c39e4-groupManagement] INFO  server.RaftServerConfigKeys (ConfUtils.java:logGet(46)) - raft.server.log.segment.cache.num.max = 2 (custom)
2023-08-25 08:52:37,636 [aaa796c8-aced-4c19-8914-014df42c39e4-groupManagement] INFO  server.RaftServerConfigKeys (ConfUtils.java:logGet(46)) - raft.server.log.segment.cache.size.max = 200MB (=209715200) (default)
2023-08-25 08:52:37,636 [aaa796c8-aced-4c19-8914-014df42c39e4-groupManagement] INFO  server.RaftServerConfigKeys (ConfUtils.java:logGet(46)) - raft.server.log.appender.buffer.byte-limit = 33554432 (custom)
2023-08-25 08:52:37,636 [aaa796c8-aced-4c19-8914-014df42c39e4-groupManagement] INFO  segmented.SegmentedRaftLogWorker (SegmentedRaftLogWorker.java:<init>(188)) - new aaa796c8-aced-4c19-8914-014df42c39e4@group-606FF9491D12-SegmentedRaftLogWorker for RaftStorageImpl:Storage Directory /home/runner/work/ozone/ozone/hadoop-ozone/integration-test/target/test-dir/MiniOzoneClusterImpl-ea041547-065d-47c9-8c6f-7cbf64d7cdf8/datanode-1/data/ratis/594834ec-5818-442d-a23f-606ff9491d12
2023-08-25 08:52:37,636 [aaa796c8-aced-4c19-8914-014df42c39e4-groupManagement] INFO  server.RaftServerConfigKeys (ConfUtils.java:logGet(46)) - raft.server.log.queue.byte-limit = 4294967296 (custom)
2023-08-25 08:52:37,636 [aaa796c8-aced-4c19-8914-014df42c39e4-groupManagement] INFO  server.RaftServerConfigKeys (ConfUtils.java:logGet(46)) - raft.server.log.queue.element-limit = 1024 (custom)
2023-08-25 08:52:37,636 [aaa796c8-aced-4c19-8914-014df42c39e4-groupManagement] INFO  server.RaftServerConfigKeys (ConfUtils.java:logGet(46)) - raft.server.log.segment.size.max = 1048576 (custom)
2023-08-25 08:52:37,636 [aaa796c8-aced-4c19-8914-014df42c39e4-groupManagement] INFO  server.RaftServerConfigKeys (ConfUtils.java:logGet(46)) - raft.server.log.preallocated.size = 16384 (custom)
2023-08-25 08:52:37,636 [aaa796c8-aced-4c19-8914-014df42c39e4-groupManagement] INFO  server.RaftServerConfigKeys (ConfUtils.java:logGet(46)) - raft.server.log.force.sync.num = 128 (default)
2023-08-25 08:52:37,636 [aaa796c8-aced-4c19-8914-014df42c39e4-groupManagement] INFO  server.RaftServerConfigKeys (ConfUtils.java:logGet(46)) - raft.server.log.statemachine.data.sync = true (default)
2023-08-25 08:52:37,637 [aaa796c8-aced-4c19-8914-014df42c39e4-groupManagement] INFO  server.RaftServerConfigKeys (ConfUtils.java:logGet(46)) - raft.server.log.statemachine.data.sync.timeout = 10s (default)
2023-08-25 08:52:37,637 [aaa796c8-aced-4c19-8914-014df42c39e4-groupManagement] INFO  server.RaftServerConfigKeys (ConfUtils.java:logGet(46)) - raft.server.log.statemachine.data.sync.timeout.retry = -1 (default)
2023-08-25 08:52:37,637 [aaa796c8-aced-4c19-8914-014df42c39e4-groupManagement] INFO  server.RaftServerConfigKeys (ConfUtils.java:logGet(46)) - raft.server.log.write.buffer.size = 1048576 (custom)
2023-08-25 08:52:37,638 [aaa796c8-aced-4c19-8914-014df42c39e4-groupManagement] INFO  server.RaftServerConfigKeys (ConfUtils.java:logGet(46)) - raft.server.log.appender.buffer.byte-limit = 33554432 (custom)
2023-08-25 08:52:37,643 [aaa796c8-aced-4c19-8914-014df42c39e4-groupManagement] INFO  server.RaftServerConfigKeys (ConfUtils.java:logGet(46)) - raft.server.log.unsafe-flush.enabled = false (default)
2023-08-25 08:52:37,643 [aaa796c8-aced-4c19-8914-014df42c39e4-groupManagement] INFO  server.RaftServerConfigKeys (ConfUtils.java:logGet(46)) - raft.server.log.async-flush.enabled = false (default)
2023-08-25 08:52:37,643 [aaa796c8-aced-4c19-8914-014df42c39e4-groupManagement] INFO  server.RaftServerConfigKeys (ConfUtils.java:logGet(46)) - raft.server.log.statemachine.data.caching.enabled = true (custom)
2023-08-25 08:52:37,643 [aaa796c8-aced-4c19-8914-014df42c39e4-groupManagement] INFO  segmented.SegmentedRaftLogWorker (SegmentedRaftLogWorker.java:lambda$new$0(135)) - aaa796c8-aced-4c19-8914-014df42c39e4@group-606FF9491D12-SegmentedRaftLogWorker: flushIndex: setUnconditionally 0 -> -1
2023-08-25 08:52:37,643 [aaa796c8-aced-4c19-8914-014df42c39e4-groupManagement] INFO  segmented.SegmentedRaftLogWorker (SegmentedRaftLogWorker.java:lambda$new$0(135)) - aaa796c8-aced-4c19-8914-014df42c39e4@group-606FF9491D12-SegmentedRaftLogWorker: safeCacheEvictIndex: setUnconditionally 0 -> -1
2023-08-25 08:52:37,644 [aaa796c8-aced-4c19-8914-014df42c39e4-groupManagement] INFO  server.RaftServer$Division (RaftServerImpl.java:start(342)) - aaa796c8-aced-4c19-8914-014df42c39e4@group-606FF9491D12: start as a follower, conf=-1: peers:[aaa796c8-aced-4c19-8914-014df42c39e4|rpc:10.1.0.19:15182|admin:10.1.0.19:15181|client:10.1.0.19:15180|dataStream:10.1.0.19:15183|priority:1|startupRole:FOLLOWER, e10cda8e-4bea-44c9-8078-2ce611a3a813|rpc:10.1.0.19:15173|admin:10.1.0.19:15172|client:10.1.0.19:15171|dataStream:10.1.0.19:15174|priority:0|startupRole:FOLLOWER, 6a511105-798d-4035-a071-a904e0472807|rpc:10.1.0.19:15191|admin:10.1.0.19:15190|client:10.1.0.19:15189|dataStream:10.1.0.19:15192|priority:0|startupRole:FOLLOWER]|listeners:[], old=null
2023-08-25 08:52:37,644 [aaa796c8-aced-4c19-8914-014df42c39e4-groupManagement] INFO  server.RaftServer$Division (RaftServerImpl.java:setRole(329)) - aaa796c8-aced-4c19-8914-014df42c39e4@group-606FF9491D12: changes role from      null to FOLLOWER at term 0 for startAsFollower
2023-08-25 08:52:37,644 [aaa796c8-aced-4c19-8914-014df42c39e4-groupManagement] INFO  impl.RoleInfo (RoleInfo.java:updateAndGet(139)) - aaa796c8-aced-4c19-8914-014df42c39e4: start aaa796c8-aced-4c19-8914-014df42c39e4@group-606FF9491D12-FollowerState
2023-08-25 08:52:37,644 [aaa796c8-aced-4c19-8914-014df42c39e4-groupManagement] INFO  util.JmxRegister (JmxRegister.java:tryRegister(44)) - Successfully registered JMX Bean with object name Ratis:service=RaftServer,group=group-606FF9491D12,id=aaa796c8-aced-4c19-8914-014df42c39e4
2023-08-25 08:52:37,644 [aaa796c8-aced-4c19-8914-014df42c39e4-groupManagement] INFO  server.RaftServerConfigKeys (ConfUtils.java:logGet(46)) - raft.server.snapshot.auto.trigger.enabled = true (custom)
2023-08-25 08:52:37,644 [aaa796c8-aced-4c19-8914-014df42c39e4-groupManagement] INFO  server.RaftServerConfigKeys (ConfUtils.java:logGet(46)) - raft.server.snapshot.auto.trigger.threshold = 10000 (custom)
2023-08-25 08:52:37,644 [aaa796c8-aced-4c19-8914-014df42c39e4-groupManagement] INFO  server.RaftServerConfigKeys (ConfUtils.java:logGet(46)) - raft.server.snapshot.retention.file.num = 5 (custom)
2023-08-25 08:52:37,644 [aaa796c8-aced-4c19-8914-014df42c39e4-groupManagement] INFO  server.RaftServerConfigKeys (ConfUtils.java:logGet(46)) - raft.server.log.purge.upto.snapshot.index = false (default)
2023-08-25 08:52:37,645 [aaa796c8-aced-4c19-8914-014df42c39e4@group-606FF9491D12-FollowerState] INFO  server.RaftServerConfigKeys (ConfUtils.java:logFallback(53)) - raft.server.rpc.first-election.timeout.min = 5s (fallback to raft.server.rpc.timeout.min)
2023-08-25 08:52:37,645 [aaa796c8-aced-4c19-8914-014df42c39e4@group-606FF9491D12-FollowerState] INFO  server.RaftServerConfigKeys (ConfUtils.java:logFallback(53)) - raft.server.rpc.first-election.timeout.max = 5200ms (fallback to raft.server.rpc.timeout.max)
2023-08-25 08:52:37,662 [grpc-default-executor-0] INFO  server.RaftServer (RaftServerProxy.java:addNew(98)) - 6a511105-798d-4035-a071-a904e0472807: addNew group-606FF9491D12:[aaa796c8-aced-4c19-8914-014df42c39e4|rpc:10.1.0.19:15182|admin:10.1.0.19:15181|client:10.1.0.19:15180|dataStream:10.1.0.19:15183|priority:1|startupRole:FOLLOWER, e10cda8e-4bea-44c9-8078-2ce611a3a813|rpc:10.1.0.19:15173|admin:10.1.0.19:15172|client:10.1.0.19:15171|dataStream:10.1.0.19:15174|priority:0|startupRole:FOLLOWER, 6a511105-798d-4035-a071-a904e0472807|rpc:10.1.0.19:15191|admin:10.1.0.19:15190|client:10.1.0.19:15189|dataStream:10.1.0.19:15192|priority:0|startupRole:FOLLOWER] returns group-606FF9491D12:java.util.concurrent.CompletableFuture@1d3efc1[Not completed]
2023-08-25 08:52:37,663 [6a511105-798d-4035-a071-a904e0472807-groupManagement] INFO  server.RaftServer$Division (RaftServerImpl.java:<init>(198)) - 6a511105-798d-4035-a071-a904e0472807: new RaftServerImpl for group-606FF9491D12:[aaa796c8-aced-4c19-8914-014df42c39e4|rpc:10.1.0.19:15182|admin:10.1.0.19:15181|client:10.1.0.19:15180|dataStream:10.1.0.19:15183|priority:1|startupRole:FOLLOWER, e10cda8e-4bea-44c9-8078-2ce611a3a813|rpc:10.1.0.19:15173|admin:10.1.0.19:15172|client:10.1.0.19:15171|dataStream:10.1.0.19:15174|priority:0|startupRole:FOLLOWER, 6a511105-798d-4035-a071-a904e0472807|rpc:10.1.0.19:15191|admin:10.1.0.19:15190|client:10.1.0.19:15189|dataStream:10.1.0.19:15192|priority:0|startupRole:FOLLOWER] with ContainerStateMachine:uninitialized
2023-08-25 08:52:37,663 [6a511105-798d-4035-a071-a904e0472807-groupManagement] INFO  server.RaftServerConfigKeys (ConfUtils.java:logGet(46)) - raft.server.rpc.timeout.min = 5s (custom)
2023-08-25 08:52:37,663 [6a511105-798d-4035-a071-a904e0472807-groupManagement] INFO  server.RaftServerConfigKeys (ConfUtils.java:logGet(46)) - raft.server.rpc.timeout.max = 5200ms (custom)
2023-08-25 08:52:37,663 [6a511105-798d-4035-a071-a904e0472807-groupManagement] INFO  server.RaftServerConfigKeys (ConfUtils.java:logGet(46)) - raft.server.rpc.sleep.time = 25ms (default)
2023-08-25 08:52:37,663 [6a511105-798d-4035-a071-a904e0472807-groupManagement] INFO  server.RaftServerConfigKeys (ConfUtils.java:logGet(46)) - raft.server.rpc.slowness.timeout = 300s (custom)
2023-08-25 08:52:37,663 [6a511105-798d-4035-a071-a904e0472807-groupManagement] INFO  server.RaftServerConfigKeys (ConfUtils.java:logGet(46)) - raft.server.leaderelection.leader.step-down.wait-time = 10s (default)
2023-08-25 08:52:37,663 [6a511105-798d-4035-a071-a904e0472807-groupManagement] INFO  server.RaftServerConfigKeys (ConfUtils.java:logGet(46)) - raft.server.sleep.deviation.threshold = 300ms (default)
2023-08-25 08:52:37,663 [6a511105-798d-4035-a071-a904e0472807-groupManagement] INFO  server.RaftServer$Division (ServerState.java:<init>(120)) - 6a511105-798d-4035-a071-a904e0472807@group-606FF9491D12: ConfigurationManager, init=-1: peers:[aaa796c8-aced-4c19-8914-014df42c39e4|rpc:10.1.0.19:15182|admin:10.1.0.19:15181|client:10.1.0.19:15180|dataStream:10.1.0.19:15183|priority:1|startupRole:FOLLOWER, e10cda8e-4bea-44c9-8078-2ce611a3a813|rpc:10.1.0.19:15173|admin:10.1.0.19:15172|client:10.1.0.19:15171|dataStream:10.1.0.19:15174|priority:0|startupRole:FOLLOWER, 6a511105-798d-4035-a071-a904e0472807|rpc:10.1.0.19:15191|admin:10.1.0.19:15190|client:10.1.0.19:15189|dataStream:10.1.0.19:15192|priority:0|startupRole:FOLLOWER]|listeners:[], old=null, confs=<EMPTY_MAP>
2023-08-25 08:52:37,663 [6a511105-798d-4035-a071-a904e0472807-groupManagement] INFO  server.RaftServerConfigKeys (ConfUtils.java:logGet(46)) - raft.server.storage.dir = [/home/runner/work/ozone/ozone/hadoop-ozone/integration-test/target/test-dir/MiniOzoneClusterImpl-ea041547-065d-47c9-8c6f-7cbf64d7cdf8/datanode-2/data/ratis] (custom)
2023-08-25 08:52:37,663 [6a511105-798d-4035-a071-a904e0472807-groupManagement] INFO  server.RaftServerConfigKeys (ConfUtils.java:logGet(46)) - raft.server.log.corruption.policy = EXCEPTION (default)
2023-08-25 08:52:37,663 [6a511105-798d-4035-a071-a904e0472807-groupManagement] INFO  server.RaftServerConfigKeys (ConfUtils.java:logGet(46)) - raft.server.storage.free-space.min = 0MB (=0) (default)
2023-08-25 08:52:37,663 [6a511105-798d-4035-a071-a904e0472807-groupManagement] INFO  server.RaftServerConfigKeys (ConfUtils.java:logGet(46)) - raft.server.notification.no-leader.timeout = 300s (custom)
2023-08-25 08:52:37,663 [6a511105-798d-4035-a071-a904e0472807-groupManagement] INFO  server.RaftServerConfigKeys (ConfUtils.java:logGet(46)) - raft.server.read.timeout = 10s (default)
2023-08-25 08:52:37,663 [6a511105-798d-4035-a071-a904e0472807-groupManagement] INFO  server.RaftServerConfigKeys (ConfUtils.java:logGet(46)) - raft.server.retrycache.expirytime = 600000ms (custom)
2023-08-25 08:52:37,663 [6a511105-798d-4035-a071-a904e0472807-groupManagement] INFO  server.RaftServerConfigKeys (ConfUtils.java:logGet(46)) - raft.server.retrycache.statistics.expirytime = 100μs (default)
2023-08-25 08:52:37,664 [6a511105-798d-4035-a071-a904e0472807-groupManagement] INFO  server.RaftServerConfigKeys (ConfUtils.java:logGet(46)) - raft.server.read.option = DEFAULT (default)
2023-08-25 08:52:37,664 [6a511105-798d-4035-a071-a904e0472807-groupManagement] INFO  server.RaftServerConfigKeys (ConfUtils.java:logGet(46)) - raft.server.rpc.request.timeout = 60s (custom)
2023-08-25 08:52:37,664 [6a511105-798d-4035-a071-a904e0472807-groupManagement] INFO  server.RaftServerConfigKeys (ConfUtils.java:logGet(46)) - raft.server.log.appender.install.snapshot.enabled = false (custom)
2023-08-25 08:52:37,664 [6a511105-798d-4035-a071-a904e0472807-groupManagement] INFO  server.RaftServerConfigKeys (ConfUtils.java:logGet(46)) - raft.server.threadpool.server.cached = true (default)
2023-08-25 08:52:37,664 [6a511105-798d-4035-a071-a904e0472807-groupManagement] INFO  server.RaftServerConfigKeys (ConfUtils.java:logGet(46)) - raft.server.threadpool.server.size = 0 (default)
2023-08-25 08:52:37,664 [6a511105-798d-4035-a071-a904e0472807-groupManagement] INFO  server.RaftServerConfigKeys (ConfUtils.java:logGet(46)) - raft.server.threadpool.client.cached = true (default)
2023-08-25 08:52:37,664 [6a511105-798d-4035-a071-a904e0472807-groupManagement] INFO  server.RaftServerConfigKeys (ConfUtils.java:logGet(46)) - raft.server.threadpool.client.size = 0 (default)
2023-08-25 08:52:37,664 [6a511105-798d-4035-a071-a904e0472807-groupManagement] INFO  storage.RaftStorageDirectory (RaftStorageDirectoryImpl.java:analyzeStorage(137)) - The storage directory /home/runner/work/ozone/ozone/hadoop-ozone/integration-test/target/test-dir/MiniOzoneClusterImpl-ea041547-065d-47c9-8c6f-7cbf64d7cdf8/datanode-2/data/ratis/594834ec-5818-442d-a23f-606ff9491d12 does not exist. Creating ...
2023-08-25 08:52:37,666 [6a511105-798d-4035-a071-a904e0472807-groupManagement] INFO  storage.RaftStorageDirectory (RaftStorageDirectoryImpl.java:tryLock(231)) - Lock on /home/runner/work/ozone/ozone/hadoop-ozone/integration-test/target/test-dir/MiniOzoneClusterImpl-ea041547-065d-47c9-8c6f-7cbf64d7cdf8/datanode-2/data/ratis/594834ec-5818-442d-a23f-606ff9491d12/in_use.lock acquired by nodename 30217@fv-az584-689
2023-08-25 08:52:37,667 [6a511105-798d-4035-a071-a904e0472807-groupManagement] INFO  storage.RaftStorage (RaftStorageImpl.java:format(96)) - Storage directory /home/runner/work/ozone/ozone/hadoop-ozone/integration-test/target/test-dir/MiniOzoneClusterImpl-ea041547-065d-47c9-8c6f-7cbf64d7cdf8/datanode-2/data/ratis/594834ec-5818-442d-a23f-606ff9491d12 has been successfully formatted.
2023-08-25 08:52:37,668 [6a511105-798d-4035-a071-a904e0472807-groupManagement] INFO  ratis.ContainerStateMachine (ContainerStateMachine.java:loadSnapshot(262)) - group-606FF9491D12: The snapshot info is null. Setting the last applied indexto:(t:0, i:~)
2023-08-25 08:52:37,668 [6a511105-798d-4035-a071-a904e0472807-groupManagement] INFO  server.RaftServerConfigKeys (ConfUtils.java:logGet(46)) - raft.server.log.use.memory = false (default)
2023-08-25 08:52:37,668 [6a511105-798d-4035-a071-a904e0472807-groupManagement] INFO  server.RaftServerConfigKeys (ConfUtils.java:logGet(46)) - raft.server.log.purge.gap = 1000000 (custom)
2023-08-25 08:52:37,668 [6a511105-798d-4035-a071-a904e0472807-groupManagement] INFO  server.RaftServerConfigKeys (ConfUtils.java:logGet(46)) - raft.server.log.appender.buffer.byte-limit = 33554432 (custom)
2023-08-25 08:52:37,668 [6a511105-798d-4035-a071-a904e0472807-groupManagement] INFO  server.RaftServerConfigKeys (ConfUtils.java:logGet(46)) - raft.server.log.statemachine.data.read.timeout = 1000ms (default)
2023-08-25 08:52:37,668 [6a511105-798d-4035-a071-a904e0472807-groupManagement] INFO  server.RaftServerConfigKeys (ConfUtils.java:logGet(46)) - raft.server.log.purge.preservation.log.num = 0 (default)
2023-08-25 08:52:37,668 [6a511105-798d-4035-a071-a904e0472807-groupManagement] INFO  server.RaftServerConfigKeys (ConfUtils.java:logGet(46)) - raft.server.log.segment.size.max = 1048576 (custom)
2023-08-25 08:52:37,668 [6a511105-798d-4035-a071-a904e0472807-groupManagement] INFO  server.RaftServerConfigKeys (ConfUtils.java:logGet(46)) - raft.server.log.segment.cache.num.max = 2 (custom)
2023-08-25 08:52:37,669 [6a511105-798d-4035-a071-a904e0472807-groupManagement] INFO  server.RaftServerConfigKeys (ConfUtils.java:logGet(46)) - raft.server.log.segment.cache.size.max = 200MB (=209715200) (default)
2023-08-25 08:52:37,669 [6a511105-798d-4035-a071-a904e0472807-groupManagement] INFO  server.RaftServerConfigKeys (ConfUtils.java:logGet(46)) - raft.server.log.appender.buffer.byte-limit = 33554432 (custom)
2023-08-25 08:52:37,669 [6a511105-798d-4035-a071-a904e0472807-groupManagement] INFO  segmented.SegmentedRaftLogWorker (SegmentedRaftLogWorker.java:<init>(188)) - new 6a511105-798d-4035-a071-a904e0472807@group-606FF9491D12-SegmentedRaftLogWorker for RaftStorageImpl:Storage Directory /home/runner/work/ozone/ozone/hadoop-ozone/integration-test/target/test-dir/MiniOzoneClusterImpl-ea041547-065d-47c9-8c6f-7cbf64d7cdf8/datanode-2/data/ratis/594834ec-5818-442d-a23f-606ff9491d12
2023-08-25 08:52:37,669 [6a511105-798d-4035-a071-a904e0472807-groupManagement] INFO  server.RaftServerConfigKeys (ConfUtils.java:logGet(46)) - raft.server.log.queue.byte-limit = 4294967296 (custom)
2023-08-25 08:52:37,669 [6a511105-798d-4035-a071-a904e0472807-groupManagement] INFO  server.RaftServerConfigKeys (ConfUtils.java:logGet(46)) - raft.server.log.queue.element-limit = 1024 (custom)
2023-08-25 08:52:37,669 [6a511105-798d-4035-a071-a904e0472807-groupManagement] INFO  server.RaftServerConfigKeys (ConfUtils.java:logGet(46)) - raft.server.log.segment.size.max = 1048576 (custom)
2023-08-25 08:52:37,669 [6a511105-798d-4035-a071-a904e0472807-groupManagement] INFO  server.RaftServerConfigKeys (ConfUtils.java:logGet(46)) - raft.server.log.preallocated.size = 16384 (custom)
2023-08-25 08:52:37,669 [6a511105-798d-4035-a071-a904e0472807-groupManagement] INFO  server.RaftServerConfigKeys (ConfUtils.java:logGet(46)) - raft.server.log.force.sync.num = 128 (default)
2023-08-25 08:52:37,669 [6a511105-798d-4035-a071-a904e0472807-groupManagement] INFO  server.RaftServerConfigKeys (ConfUtils.java:logGet(46)) - raft.server.log.statemachine.data.sync = true (default)
2023-08-25 08:52:37,669 [6a511105-798d-4035-a071-a904e0472807-groupManagement] INFO  server.RaftServerConfigKeys (ConfUtils.java:logGet(46)) - raft.server.log.statemachine.data.sync.timeout = 10s (default)
2023-08-25 08:52:37,669 [6a511105-798d-4035-a071-a904e0472807-groupManagement] INFO  server.RaftServerConfigKeys (ConfUtils.java:logGet(46)) - raft.server.log.statemachine.data.sync.timeout.retry = -1 (default)
2023-08-25 08:52:37,669 [6a511105-798d-4035-a071-a904e0472807-groupManagement] INFO  server.RaftServerConfigKeys (ConfUtils.java:logGet(46)) - raft.server.log.write.buffer.size = 1048576 (custom)
2023-08-25 08:52:37,670 [6a511105-798d-4035-a071-a904e0472807-groupManagement] INFO  server.RaftServerConfigKeys (ConfUtils.java:logGet(46)) - raft.server.log.appender.buffer.byte-limit = 33554432 (custom)
2023-08-25 08:52:37,675 [6a511105-798d-4035-a071-a904e0472807-groupManagement] INFO  server.RaftServerConfigKeys (ConfUtils.java:logGet(46)) - raft.server.log.unsafe-flush.enabled = false (default)
2023-08-25 08:52:37,675 [6a511105-798d-4035-a071-a904e0472807-groupManagement] INFO  server.RaftServerConfigKeys (ConfUtils.java:logGet(46)) - raft.server.log.async-flush.enabled = false (default)
2023-08-25 08:52:37,675 [6a511105-798d-4035-a071-a904e0472807-groupManagement] INFO  server.RaftServerConfigKeys (ConfUtils.java:logGet(46)) - raft.server.log.statemachine.data.caching.enabled = true (custom)
2023-08-25 08:52:37,676 [6a511105-798d-4035-a071-a904e0472807-groupManagement] INFO  segmented.SegmentedRaftLogWorker (SegmentedRaftLogWorker.java:lambda$new$0(135)) - 6a511105-798d-4035-a071-a904e0472807@group-606FF9491D12-SegmentedRaftLogWorker: flushIndex: setUnconditionally 0 -> -1
2023-08-25 08:52:37,676 [6a511105-798d-4035-a071-a904e0472807-groupManagement] INFO  segmented.SegmentedRaftLogWorker (SegmentedRaftLogWorker.java:lambda$new$0(135)) - 6a511105-798d-4035-a071-a904e0472807@group-606FF9491D12-SegmentedRaftLogWorker: safeCacheEvictIndex: setUnconditionally 0 -> -1
2023-08-25 08:52:37,676 [6a511105-798d-4035-a071-a904e0472807-groupManagement] INFO  server.RaftServer$Division (RaftServerImpl.java:start(342)) - 6a511105-798d-4035-a071-a904e0472807@group-606FF9491D12: start as a follower, conf=-1: peers:[aaa796c8-aced-4c19-8914-014df42c39e4|rpc:10.1.0.19:15182|admin:10.1.0.19:15181|client:10.1.0.19:15180|dataStream:10.1.0.19:15183|priority:1|startupRole:FOLLOWER, e10cda8e-4bea-44c9-8078-2ce611a3a813|rpc:10.1.0.19:15173|admin:10.1.0.19:15172|client:10.1.0.19:15171|dataStream:10.1.0.19:15174|priority:0|startupRole:FOLLOWER, 6a511105-798d-4035-a071-a904e0472807|rpc:10.1.0.19:15191|admin:10.1.0.19:15190|client:10.1.0.19:15189|dataStream:10.1.0.19:15192|priority:0|startupRole:FOLLOWER]|listeners:[], old=null
2023-08-25 08:52:37,676 [6a511105-798d-4035-a071-a904e0472807-groupManagement] INFO  server.RaftServer$Division (RaftServerImpl.java:setRole(329)) - 6a511105-798d-4035-a071-a904e0472807@group-606FF9491D12: changes role from      null to FOLLOWER at term 0 for startAsFollower
2023-08-25 08:52:37,676 [6a511105-798d-4035-a071-a904e0472807-groupManagement] INFO  impl.RoleInfo (RoleInfo.java:updateAndGet(139)) - 6a511105-798d-4035-a071-a904e0472807: start 6a511105-798d-4035-a071-a904e0472807@group-606FF9491D12-FollowerState
2023-08-25 08:52:37,679 [6a511105-798d-4035-a071-a904e0472807-groupManagement] INFO  util.JmxRegister (JmxRegister.java:tryRegister(44)) - Successfully registered JMX Bean with object name Ratis:service=RaftServer,group=group-606FF9491D12,id=6a511105-798d-4035-a071-a904e0472807
2023-08-25 08:52:37,679 [6a511105-798d-4035-a071-a904e0472807-groupManagement] INFO  server.RaftServerConfigKeys (ConfUtils.java:logGet(46)) - raft.server.snapshot.auto.trigger.enabled = true (custom)
2023-08-25 08:52:37,679 [6a511105-798d-4035-a071-a904e0472807-groupManagement] INFO  server.RaftServerConfigKeys (ConfUtils.java:logGet(46)) - raft.server.snapshot.auto.trigger.threshold = 10000 (custom)
2023-08-25 08:52:37,680 [6a511105-798d-4035-a071-a904e0472807-groupManagement] INFO  server.RaftServerConfigKeys (ConfUtils.java:logGet(46)) - raft.server.snapshot.retention.file.num = 5 (custom)
2023-08-25 08:52:37,680 [6a511105-798d-4035-a071-a904e0472807-groupManagement] INFO  server.RaftServerConfigKeys (ConfUtils.java:logGet(46)) - raft.server.log.purge.upto.snapshot.index = false (default)
2023-08-25 08:52:37,680 [6a511105-798d-4035-a071-a904e0472807@group-606FF9491D12-FollowerState] INFO  server.RaftServerConfigKeys (ConfUtils.java:logFallback(53)) - raft.server.rpc.first-election.timeout.min = 5s (fallback to raft.server.rpc.timeout.min)
2023-08-25 08:52:37,680 [6a511105-798d-4035-a071-a904e0472807@group-606FF9491D12-FollowerState] INFO  server.RaftServerConfigKeys (ConfUtils.java:logFallback(53)) - raft.server.rpc.first-election.timeout.max = 5200ms (fallback to raft.server.rpc.timeout.max)
2023-08-25 08:52:37,685 [PipelineCommandHandlerThread-0] INFO  commandhandler.CreatePipelineCommandHandler (CreatePipelineCommandHandler.java:lambda$handle$2(124)) - Created Pipeline RATIS THREE PipelineID=594834ec-5818-442d-a23f-606ff9491d12.
2023-08-25 08:52:37,766 [Time-limited test] INFO  ozone.MiniOzoneClusterImpl (MiniOzoneClusterImpl.java:lambda$waitForClusterToBeReady$0(224)) - Nodes are ready. Got 5 of 5 DN Heartbeats.
2023-08-25 08:52:37,766 [Time-limited test] INFO  ozone.MiniOzoneClusterImpl (MiniOzoneClusterImpl.java:lambda$waitForClusterToBeReady$0(227)) - Waiting for cluster to exit safe mode
2023-08-25 08:52:37,766 [Time-limited test] INFO  ozone.MiniOzoneClusterImpl (MiniOzoneClusterImpl.java:lambda$waitForClusterToBeReady$0(229)) - SCM became leader
2023-08-25 08:52:37,784 [PipelineCommandHandlerThread-0] INFO  server.RaftServer (RaftServerProxy.java:addNew(98)) - aaa796c8-aced-4c19-8914-014df42c39e4: addNew group-2AD0DEEE9506:[aaa796c8-aced-4c19-8914-014df42c39e4|rpc:10.1.0.19:15182|admin:10.1.0.19:15181|client:10.1.0.19:15180|dataStream:10.1.0.19:15183|priority:1|startupRole:FOLLOWER] returns group-2AD0DEEE9506:java.util.concurrent.CompletableFuture@376e389a[Not completed]
2023-08-25 08:52:37,785 [aaa796c8-aced-4c19-8914-014df42c39e4-groupManagement] INFO  server.RaftServer$Division (RaftServerImpl.java:<init>(198)) - aaa796c8-aced-4c19-8914-014df42c39e4: new RaftServerImpl for group-2AD0DEEE9506:[aaa796c8-aced-4c19-8914-014df42c39e4|rpc:10.1.0.19:15182|admin:10.1.0.19:15181|client:10.1.0.19:15180|dataStream:10.1.0.19:15183|priority:1|startupRole:FOLLOWER] with ContainerStateMachine:uninitialized
2023-08-25 08:52:37,785 [aaa796c8-aced-4c19-8914-014df42c39e4-groupManagement] INFO  server.RaftServerConfigKeys (ConfUtils.java:logGet(46)) - raft.server.rpc.timeout.min = 5s (custom)
2023-08-25 08:52:37,785 [aaa796c8-aced-4c19-8914-014df42c39e4-groupManagement] INFO  server.RaftServerConfigKeys (ConfUtils.java:logGet(46)) - raft.server.rpc.timeout.max = 5200ms (custom)
2023-08-25 08:52:37,785 [aaa796c8-aced-4c19-8914-014df42c39e4-groupManagement] INFO  server.RaftServerConfigKeys (ConfUtils.java:logGet(46)) - raft.server.rpc.sleep.time = 25ms (default)
2023-08-25 08:52:37,785 [aaa796c8-aced-4c19-8914-014df42c39e4-groupManagement] INFO  server.RaftServerConfigKeys (ConfUtils.java:logGet(46)) - raft.server.rpc.slowness.timeout = 300s (custom)
2023-08-25 08:52:37,785 [aaa796c8-aced-4c19-8914-014df42c39e4-groupManagement] INFO  server.RaftServerConfigKeys (ConfUtils.java:logGet(46)) - raft.server.leaderelection.leader.step-down.wait-time = 10s (default)
2023-08-25 08:52:37,785 [aaa796c8-aced-4c19-8914-014df42c39e4-groupManagement] INFO  server.RaftServerConfigKeys (ConfUtils.java:logGet(46)) - raft.server.sleep.deviation.threshold = 300ms (default)
2023-08-25 08:52:37,785 [aaa796c8-aced-4c19-8914-014df42c39e4-groupManagement] INFO  server.RaftServer$Division (ServerState.java:<init>(120)) - aaa796c8-aced-4c19-8914-014df42c39e4@group-2AD0DEEE9506: ConfigurationManager, init=-1: peers:[aaa796c8-aced-4c19-8914-014df42c39e4|rpc:10.1.0.19:15182|admin:10.1.0.19:15181|client:10.1.0.19:15180|dataStream:10.1.0.19:15183|priority:1|startupRole:FOLLOWER]|listeners:[], old=null, confs=<EMPTY_MAP>
2023-08-25 08:52:37,785 [aaa796c8-aced-4c19-8914-014df42c39e4-groupManagement] INFO  server.RaftServerConfigKeys (ConfUtils.java:logGet(46)) - raft.server.storage.dir = [/home/runner/work/ozone/ozone/hadoop-ozone/integration-test/target/test-dir/MiniOzoneClusterImpl-ea041547-065d-47c9-8c6f-7cbf64d7cdf8/datanode-1/data/ratis] (custom)
2023-08-25 08:52:37,786 [aaa796c8-aced-4c19-8914-014df42c39e4-groupManagement] INFO  server.RaftServerConfigKeys (ConfUtils.java:logGet(46)) - raft.server.log.corruption.policy = EXCEPTION (default)
2023-08-25 08:52:37,786 [aaa796c8-aced-4c19-8914-014df42c39e4-groupManagement] INFO  server.RaftServerConfigKeys (ConfUtils.java:logGet(46)) - raft.server.storage.free-space.min = 0MB (=0) (default)
2023-08-25 08:52:37,786 [aaa796c8-aced-4c19-8914-014df42c39e4-groupManagement] INFO  server.RaftServerConfigKeys (ConfUtils.java:logGet(46)) - raft.server.notification.no-leader.timeout = 300s (custom)
2023-08-25 08:52:37,786 [aaa796c8-aced-4c19-8914-014df42c39e4-groupManagement] INFO  server.RaftServerConfigKeys (ConfUtils.java:logGet(46)) - raft.server.read.timeout = 10s (default)
2023-08-25 08:52:37,786 [aaa796c8-aced-4c19-8914-014df42c39e4-groupManagement] INFO  server.RaftServerConfigKeys (ConfUtils.java:logGet(46)) - raft.server.retrycache.expirytime = 600000ms (custom)
2023-08-25 08:52:37,786 [aaa796c8-aced-4c19-8914-014df42c39e4-groupManagement] INFO  server.RaftServerConfigKeys (ConfUtils.java:logGet(46)) - raft.server.retrycache.statistics.expirytime = 100μs (default)
2023-08-25 08:52:37,786 [aaa796c8-aced-4c19-8914-014df42c39e4-groupManagement] INFO  server.RaftServerConfigKeys (ConfUtils.java:logGet(46)) - raft.server.read.option = DEFAULT (default)
2023-08-25 08:52:37,787 [aaa796c8-aced-4c19-8914-014df42c39e4-groupManagement] INFO  server.RaftServerConfigKeys (ConfUtils.java:logGet(46)) - raft.server.rpc.request.timeout = 60s (custom)
2023-08-25 08:52:37,787 [aaa796c8-aced-4c19-8914-014df42c39e4-groupManagement] INFO  server.RaftServerConfigKeys (ConfUtils.java:logGet(46)) - raft.server.log.appender.install.snapshot.enabled = false (custom)
2023-08-25 08:52:37,787 [aaa796c8-aced-4c19-8914-014df42c39e4-groupManagement] INFO  server.RaftServerConfigKeys (ConfUtils.java:logGet(46)) - raft.server.threadpool.server.cached = true (default)
2023-08-25 08:52:37,787 [aaa796c8-aced-4c19-8914-014df42c39e4-groupManagement] INFO  server.RaftServerConfigKeys (ConfUtils.java:logGet(46)) - raft.server.threadpool.server.size = 0 (default)
2023-08-25 08:52:37,787 [aaa796c8-aced-4c19-8914-014df42c39e4-groupManagement] INFO  server.RaftServerConfigKeys (ConfUtils.java:logGet(46)) - raft.server.threadpool.client.cached = true (default)
2023-08-25 08:52:37,787 [aaa796c8-aced-4c19-8914-014df42c39e4-groupManagement] INFO  server.RaftServerConfigKeys (ConfUtils.java:logGet(46)) - raft.server.threadpool.client.size = 0 (default)
2023-08-25 08:52:37,787 [aaa796c8-aced-4c19-8914-014df42c39e4-groupManagement] INFO  storage.RaftStorageDirectory (RaftStorageDirectoryImpl.java:analyzeStorage(137)) - The storage directory /home/runner/work/ozone/ozone/hadoop-ozone/integration-test/target/test-dir/MiniOzoneClusterImpl-ea041547-065d-47c9-8c6f-7cbf64d7cdf8/datanode-1/data/ratis/694e510b-b2e0-4d10-b615-2ad0deee9506 does not exist. Creating ...
2023-08-25 08:52:37,789 [aaa796c8-aced-4c19-8914-014df42c39e4-groupManagement] INFO  storage.RaftStorageDirectory (RaftStorageDirectoryImpl.java:tryLock(231)) - Lock on /home/runner/work/ozone/ozone/hadoop-ozone/integration-test/target/test-dir/MiniOzoneClusterImpl-ea041547-065d-47c9-8c6f-7cbf64d7cdf8/datanode-1/data/ratis/694e510b-b2e0-4d10-b615-2ad0deee9506/in_use.lock acquired by nodename 30217@fv-az584-689
2023-08-25 08:52:37,790 [aaa796c8-aced-4c19-8914-014df42c39e4-groupManagement] INFO  storage.RaftStorage (RaftStorageImpl.java:format(96)) - Storage directory /home/runner/work/ozone/ozone/hadoop-ozone/integration-test/target/test-dir/MiniOzoneClusterImpl-ea041547-065d-47c9-8c6f-7cbf64d7cdf8/datanode-1/data/ratis/694e510b-b2e0-4d10-b615-2ad0deee9506 has been successfully formatted.
2023-08-25 08:52:37,791 [aaa796c8-aced-4c19-8914-014df42c39e4-groupManagement] INFO  ratis.ContainerStateMachine (ContainerStateMachine.java:loadSnapshot(262)) - group-2AD0DEEE9506: The snapshot info is null. Setting the last applied indexto:(t:0, i:~)
2023-08-25 08:52:37,791 [aaa796c8-aced-4c19-8914-014df42c39e4-groupManagement] INFO  server.RaftServerConfigKeys (ConfUtils.java:logGet(46)) - raft.server.log.use.memory = false (default)
2023-08-25 08:52:37,791 [aaa796c8-aced-4c19-8914-014df42c39e4-groupManagement] INFO  server.RaftServerConfigKeys (ConfUtils.java:logGet(46)) - raft.server.log.purge.gap = 1000000 (custom)
2023-08-25 08:52:37,791 [aaa796c8-aced-4c19-8914-014df42c39e4-groupManagement] INFO  server.RaftServerConfigKeys (ConfUtils.java:logGet(46)) - raft.server.log.appender.buffer.byte-limit = 33554432 (custom)
2023-08-25 08:52:37,792 [aaa796c8-aced-4c19-8914-014df42c39e4-groupManagement] INFO  server.RaftServerConfigKeys (ConfUtils.java:logGet(46)) - raft.server.log.statemachine.data.read.timeout = 1000ms (default)
2023-08-25 08:52:37,792 [aaa796c8-aced-4c19-8914-014df42c39e4-groupManagement] INFO  server.RaftServerConfigKeys (ConfUtils.java:logGet(46)) - raft.server.log.purge.preservation.log.num = 0 (default)
2023-08-25 08:52:37,792 [aaa796c8-aced-4c19-8914-014df42c39e4-groupManagement] INFO  server.RaftServerConfigKeys (ConfUtils.java:logGet(46)) - raft.server.log.segment.size.max = 1048576 (custom)
2023-08-25 08:52:37,792 [aaa796c8-aced-4c19-8914-014df42c39e4-groupManagement] INFO  server.RaftServerConfigKeys (ConfUtils.java:logGet(46)) - raft.server.log.segment.cache.num.max = 2 (custom)
2023-08-25 08:52:37,792 [aaa796c8-aced-4c19-8914-014df42c39e4-groupManagement] INFO  server.RaftServerConfigKeys (ConfUtils.java:logGet(46)) - raft.server.log.segment.cache.size.max = 200MB (=209715200) (default)
2023-08-25 08:52:37,792 [aaa796c8-aced-4c19-8914-014df42c39e4-groupManagement] INFO  server.RaftServerConfigKeys (ConfUtils.java:logGet(46)) - raft.server.log.appender.buffer.byte-limit = 33554432 (custom)
2023-08-25 08:52:37,792 [aaa796c8-aced-4c19-8914-014df42c39e4-groupManagement] INFO  segmented.SegmentedRaftLogWorker (SegmentedRaftLogWorker.java:<init>(188)) - new aaa796c8-aced-4c19-8914-014df42c39e4@group-2AD0DEEE9506-SegmentedRaftLogWorker for RaftStorageImpl:Storage Directory /home/runner/work/ozone/ozone/hadoop-ozone/integration-test/target/test-dir/MiniOzoneClusterImpl-ea041547-065d-47c9-8c6f-7cbf64d7cdf8/datanode-1/data/ratis/694e510b-b2e0-4d10-b615-2ad0deee9506
2023-08-25 08:52:37,792 [aaa796c8-aced-4c19-8914-014df42c39e4-groupManagement] INFO  server.RaftServerConfigKeys (ConfUtils.java:logGet(46)) - raft.server.log.queue.byte-limit = 4294967296 (custom)
2023-08-25 08:52:37,792 [aaa796c8-aced-4c19-8914-014df42c39e4-groupManagement] INFO  server.RaftServerConfigKeys (ConfUtils.java:logGet(46)) - raft.server.log.queue.element-limit = 1024 (custom)
2023-08-25 08:52:37,792 [aaa796c8-aced-4c19-8914-014df42c39e4-groupManagement] INFO  server.RaftServerConfigKeys (ConfUtils.java:logGet(46)) - raft.server.log.segment.size.max = 1048576 (custom)
2023-08-25 08:52:37,792 [aaa796c8-aced-4c19-8914-014df42c39e4-groupManagement] INFO  server.RaftServerConfigKeys (ConfUtils.java:logGet(46)) - raft.server.log.preallocated.size = 16384 (custom)
2023-08-25 08:52:37,792 [aaa796c8-aced-4c19-8914-014df42c39e4-groupManagement] INFO  server.RaftServerConfigKeys (ConfUtils.java:logGet(46)) - raft.server.log.force.sync.num = 128 (default)
2023-08-25 08:52:37,792 [aaa796c8-aced-4c19-8914-014df42c39e4-groupManagement] INFO  server.RaftServerConfigKeys (ConfUtils.java:logGet(46)) - raft.server.log.statemachine.data.sync = true (default)
2023-08-25 08:52:37,793 [aaa796c8-aced-4c19-8914-014df42c39e4-groupManagement] INFO  server.RaftServerConfigKeys (ConfUtils.java:logGet(46)) - raft.server.log.statemachine.data.sync.timeout = 10s (default)
2023-08-25 08:52:37,793 [aaa796c8-aced-4c19-8914-014df42c39e4-groupManagement] INFO  server.RaftServerConfigKeys (ConfUtils.java:logGet(46)) - raft.server.log.statemachine.data.sync.timeout.retry = -1 (default)
2023-08-25 08:52:37,793 [EventQueue-PipelineReportForPipelineReportHandler] INFO  pipeline.PipelineReportHandler (PipelineReportHandler.java:processPipelineReport(136)) - Opened pipeline PipelineID=694e510b-b2e0-4d10-b615-2ad0deee9506
2023-08-25 08:52:37,793 [EventQueue-OpenPipelineForHealthyPipelineSafeModeRule] INFO  safemode.SCMSafeModeManager (HealthyPipelineSafeModeRule.java:process(137)) - SCM in safe mode. Healthy pipelines reported count is 0, required healthy pipeline reported count is 1
2023-08-25 08:52:37,793 [aaa796c8-aced-4c19-8914-014df42c39e4-groupManagement] INFO  server.RaftServerConfigKeys (ConfUtils.java:logGet(46)) - raft.server.log.write.buffer.size = 1048576 (custom)
2023-08-25 08:52:37,794 [aaa796c8-aced-4c19-8914-014df42c39e4-groupManagement] INFO  server.RaftServerConfigKeys (ConfUtils.java:logGet(46)) - raft.server.log.appender.buffer.byte-limit = 33554432 (custom)
2023-08-25 08:52:37,799 [aaa796c8-aced-4c19-8914-014df42c39e4-groupManagement] INFO  server.RaftServerConfigKeys (ConfUtils.java:logGet(46)) - raft.server.log.unsafe-flush.enabled = false (default)
2023-08-25 08:52:37,799 [aaa796c8-aced-4c19-8914-014df42c39e4-groupManagement] INFO  server.RaftServerConfigKeys (ConfUtils.java:logGet(46)) - raft.server.log.async-flush.enabled = false (default)
2023-08-25 08:52:37,799 [aaa796c8-aced-4c19-8914-014df42c39e4-groupManagement] INFO  server.RaftServerConfigKeys (ConfUtils.java:logGet(46)) - raft.server.log.statemachine.data.caching.enabled = true (custom)
2023-08-25 08:52:37,799 [aaa796c8-aced-4c19-8914-014df42c39e4-groupManagement] INFO  segmented.SegmentedRaftLogWorker (SegmentedRaftLogWorker.java:lambda$new$0(135)) - aaa796c8-aced-4c19-8914-014df42c39e4@group-2AD0DEEE9506-SegmentedRaftLogWorker: flushIndex: setUnconditionally 0 -> -1
2023-08-25 08:52:37,800 [aaa796c8-aced-4c19-8914-014df42c39e4-groupManagement] INFO  segmented.SegmentedRaftLogWorker (SegmentedRaftLogWorker.java:lambda$new$0(135)) - aaa796c8-aced-4c19-8914-014df42c39e4@group-2AD0DEEE9506-SegmentedRaftLogWorker: safeCacheEvictIndex: setUnconditionally 0 -> -1
2023-08-25 08:52:37,800 [aaa796c8-aced-4c19-8914-014df42c39e4-groupManagement] INFO  server.RaftServer$Division (RaftServerImpl.java:start(342)) - aaa796c8-aced-4c19-8914-014df42c39e4@group-2AD0DEEE9506: start as a follower, conf=-1: peers:[aaa796c8-aced-4c19-8914-014df42c39e4|rpc:10.1.0.19:15182|admin:10.1.0.19:15181|client:10.1.0.19:15180|dataStream:10.1.0.19:15183|priority:1|startupRole:FOLLOWER]|listeners:[], old=null
2023-08-25 08:52:37,800 [aaa796c8-aced-4c19-8914-014df42c39e4-groupManagement] INFO  server.RaftServer$Division (RaftServerImpl.java:setRole(329)) - aaa796c8-aced-4c19-8914-014df42c39e4@group-2AD0DEEE9506: changes role from      null to FOLLOWER at term 0 for startAsFollower
2023-08-25 08:52:37,800 [aaa796c8-aced-4c19-8914-014df42c39e4-groupManagement] INFO  impl.RoleInfo (RoleInfo.java:updateAndGet(139)) - aaa796c8-aced-4c19-8914-014df42c39e4: start aaa796c8-aced-4c19-8914-014df42c39e4@group-2AD0DEEE9506-FollowerState
2023-08-25 08:52:37,800 [aaa796c8-aced-4c19-8914-014df42c39e4-groupManagement] INFO  util.JmxRegister (JmxRegister.java:tryRegister(44)) - Successfully registered JMX Bean with object name Ratis:service=RaftServer,group=group-2AD0DEEE9506,id=aaa796c8-aced-4c19-8914-014df42c39e4
2023-08-25 08:52:37,800 [aaa796c8-aced-4c19-8914-014df42c39e4@group-2AD0DEEE9506-FollowerState] INFO  server.RaftServerConfigKeys (ConfUtils.java:logFallback(53)) - raft.server.rpc.first-election.timeout.min = 5s (fallback to raft.server.rpc.timeout.min)
2023-08-25 08:52:37,800 [aaa796c8-aced-4c19-8914-014df42c39e4-groupManagement] INFO  server.RaftServerConfigKeys (ConfUtils.java:logGet(46)) - raft.server.snapshot.auto.trigger.enabled = true (custom)
2023-08-25 08:52:37,800 [aaa796c8-aced-4c19-8914-014df42c39e4@group-2AD0DEEE9506-FollowerState] INFO  server.RaftServerConfigKeys (ConfUtils.java:logFallback(53)) - raft.server.rpc.first-election.timeout.max = 5200ms (fallback to raft.server.rpc.timeout.max)
2023-08-25 08:52:37,800 [aaa796c8-aced-4c19-8914-014df42c39e4-groupManagement] INFO  server.RaftServerConfigKeys (ConfUtils.java:logGet(46)) - raft.server.snapshot.auto.trigger.threshold = 10000 (custom)
2023-08-25 08:52:37,801 [aaa796c8-aced-4c19-8914-014df42c39e4-groupManagement] INFO  server.RaftServerConfigKeys (ConfUtils.java:logGet(46)) - raft.server.snapshot.retention.file.num = 5 (custom)
2023-08-25 08:52:37,801 [aaa796c8-aced-4c19-8914-014df42c39e4-groupManagement] INFO  server.RaftServerConfigKeys (ConfUtils.java:logGet(46)) - raft.server.log.purge.upto.snapshot.index = false (default)
2023-08-25 08:52:37,801 [PipelineCommandHandlerThread-0] INFO  ratis.XceiverServerRatis (XceiverServerRatis.java:addGroup(804)) - Created group PipelineID=694e510b-b2e0-4d10-b615-2ad0deee9506
2023-08-25 08:52:37,801 [PipelineCommandHandlerThread-0] INFO  commandhandler.CreatePipelineCommandHandler (CreatePipelineCommandHandler.java:lambda$handle$2(124)) - Created Pipeline RATIS ONE PipelineID=694e510b-b2e0-4d10-b615-2ad0deee9506.
2023-08-25 08:52:38,030 [ReplicationMonitor] INFO  replication.ReplicationManager (ReplicationManager.java:processAll(361)) - Replication Manager is not ready to run until 3000ms after safemode exit
2023-08-25 08:52:38,138 [6a511105-798d-4035-a071-a904e0472807-groupManagement] INFO  server.RaftServer$Division (RaftServerImpl.java:<init>(198)) - 6a511105-798d-4035-a071-a904e0472807: new RaftServerImpl for group-2D44117002FF:[6a511105-798d-4035-a071-a904e0472807|rpc:10.1.0.19:15191|admin:10.1.0.19:15190|client:10.1.0.19:15189|dataStream:10.1.0.19:15192|priority:1|startupRole:FOLLOWER] with ContainerStateMachine:uninitialized
2023-08-25 08:52:38,138 [6a511105-798d-4035-a071-a904e0472807-groupManagement] INFO  server.RaftServerConfigKeys (ConfUtils.java:logGet(46)) - raft.server.rpc.timeout.min = 5s (custom)
2023-08-25 08:52:38,138 [6a511105-798d-4035-a071-a904e0472807-groupManagement] INFO  server.RaftServerConfigKeys (ConfUtils.java:logGet(46)) - raft.server.rpc.timeout.max = 5200ms (custom)
2023-08-25 08:52:38,138 [6a511105-798d-4035-a071-a904e0472807-groupManagement] INFO  server.RaftServerConfigKeys (ConfUtils.java:logGet(46)) - raft.server.rpc.sleep.time = 25ms (default)
2023-08-25 08:52:38,138 [6a511105-798d-4035-a071-a904e0472807-groupManagement] INFO  server.RaftServerConfigKeys (ConfUtils.java:logGet(46)) - raft.server.rpc.slowness.timeout = 300s (custom)
2023-08-25 08:52:38,138 [6a511105-798d-4035-a071-a904e0472807-groupManagement] INFO  server.RaftServerConfigKeys (ConfUtils.java:logGet(46)) - raft.server.leaderelection.leader.step-down.wait-time = 10s (default)
2023-08-25 08:52:38,138 [6a511105-798d-4035-a071-a904e0472807-groupManagement] INFO  server.RaftServerConfigKeys (ConfUtils.java:logGet(46)) - raft.server.sleep.deviation.threshold = 300ms (default)
2023-08-25 08:52:38,138 [6a511105-798d-4035-a071-a904e0472807-groupManagement] INFO  server.RaftServer$Division (ServerState.java:<init>(120)) - 6a511105-798d-4035-a071-a904e0472807@group-2D44117002FF: ConfigurationManager, init=-1: peers:[6a511105-798d-4035-a071-a904e0472807|rpc:10.1.0.19:15191|admin:10.1.0.19:15190|client:10.1.0.19:15189|dataStream:10.1.0.19:15192|priority:1|startupRole:FOLLOWER]|listeners:[], old=null, confs=<EMPTY_MAP>
2023-08-25 08:52:38,138 [6a511105-798d-4035-a071-a904e0472807-groupManagement] INFO  server.RaftServerConfigKeys (ConfUtils.java:logGet(46)) - raft.server.storage.dir = [/home/runner/work/ozone/ozone/hadoop-ozone/integration-test/target/test-dir/MiniOzoneClusterImpl-ea041547-065d-47c9-8c6f-7cbf64d7cdf8/datanode-2/data/ratis] (custom)
2023-08-25 08:52:38,138 [6a511105-798d-4035-a071-a904e0472807-groupManagement] INFO  server.RaftServerConfigKeys (ConfUtils.java:logGet(46)) - raft.server.log.corruption.policy = EXCEPTION (default)
2023-08-25 08:52:38,138 [6a511105-798d-4035-a071-a904e0472807-groupManagement] INFO  server.RaftServerConfigKeys (ConfUtils.java:logGet(46)) - raft.server.storage.free-space.min = 0MB (=0) (default)
2023-08-25 08:52:38,139 [6a511105-798d-4035-a071-a904e0472807-groupManagement] INFO  server.RaftServerConfigKeys (ConfUtils.java:logGet(46)) - raft.server.notification.no-leader.timeout = 300s (custom)
2023-08-25 08:52:38,139 [6a511105-798d-4035-a071-a904e0472807-groupManagement] INFO  server.RaftServerConfigKeys (ConfUtils.java:logGet(46)) - raft.server.read.timeout = 10s (default)
2023-08-25 08:52:38,139 [6a511105-798d-4035-a071-a904e0472807-groupManagement] INFO  server.RaftServerConfigKeys (ConfUtils.java:logGet(46)) - raft.server.retrycache.expirytime = 600000ms (custom)
2023-08-25 08:52:38,139 [6a511105-798d-4035-a071-a904e0472807-groupManagement] INFO  server.RaftServerConfigKeys (ConfUtils.java:logGet(46)) - raft.server.retrycache.statistics.expirytime = 100μs (default)
2023-08-25 08:52:38,139 [6a511105-798d-4035-a071-a904e0472807-groupManagement] INFO  server.RaftServerConfigKeys (ConfUtils.java:logGet(46)) - raft.server.read.option = DEFAULT (default)
2023-08-25 08:52:38,139 [6a511105-798d-4035-a071-a904e0472807-groupManagement] INFO  server.RaftServerConfigKeys (ConfUtils.java:logGet(46)) - raft.server.rpc.request.timeout = 60s (custom)
2023-08-25 08:52:38,139 [6a511105-798d-4035-a071-a904e0472807-groupManagement] INFO  server.RaftServerConfigKeys (ConfUtils.java:logGet(46)) - raft.server.log.appender.install.snapshot.enabled = false (custom)
2023-08-25 08:52:38,140 [6a511105-798d-4035-a071-a904e0472807-groupManagement] INFO  server.RaftServerConfigKeys (ConfUtils.java:logGet(46)) - raft.server.threadpool.server.cached = true (default)
2023-08-25 08:52:38,140 [6a511105-798d-4035-a071-a904e0472807-groupManagement] INFO  server.RaftServerConfigKeys (ConfUtils.java:logGet(46)) - raft.server.threadpool.server.size = 0 (default)
2023-08-25 08:52:38,140 [6a511105-798d-4035-a071-a904e0472807-groupManagement] INFO  server.RaftServerConfigKeys (ConfUtils.java:logGet(46)) - raft.server.threadpool.client.cached = true (default)
2023-08-25 08:52:38,140 [6a511105-798d-4035-a071-a904e0472807-groupManagement] INFO  server.RaftServerConfigKeys (ConfUtils.java:logGet(46)) - raft.server.threadpool.client.size = 0 (default)
2023-08-25 08:52:38,140 [PipelineCommandHandlerThread-0] INFO  server.RaftServer (RaftServerProxy.java:addNew(98)) - 6a511105-798d-4035-a071-a904e0472807: addNew group-2D44117002FF:[6a511105-798d-4035-a071-a904e0472807|rpc:10.1.0.19:15191|admin:10.1.0.19:15190|client:10.1.0.19:15189|dataStream:10.1.0.19:15192|priority:1|startupRole:FOLLOWER] returns      null 6a511105-798d-4035-a071-a904e0472807@group-2D44117002FF:t0, leader=null, voted=null, raftlog=UNINITIALIZED, conf=-1: peers:[6a511105-798d-4035-a071-a904e0472807|rpc:10.1.0.19:15191|admin:10.1.0.19:15190|client:10.1.0.19:15189|dataStream:10.1.0.19:15192|priority:1|startupRole:FOLLOWER]|listeners:[], old=null NEW
2023-08-25 08:52:38,140 [6a511105-798d-4035-a071-a904e0472807-groupManagement] INFO  storage.RaftStorageDirectory (RaftStorageDirectoryImpl.java:analyzeStorage(137)) - The storage directory /home/runner/work/ozone/ozone/hadoop-ozone/integration-test/target/test-dir/MiniOzoneClusterImpl-ea041547-065d-47c9-8c6f-7cbf64d7cdf8/datanode-2/data/ratis/79902cb1-3d2d-4179-8d83-2d44117002ff does not exist. Creating ...
2023-08-25 08:52:38,141 [6a511105-798d-4035-a071-a904e0472807-groupManagement] INFO  storage.RaftStorageDirectory (RaftStorageDirectoryImpl.java:tryLock(231)) - Lock on /home/runner/work/ozone/ozone/hadoop-ozone/integration-test/target/test-dir/MiniOzoneClusterImpl-ea041547-065d-47c9-8c6f-7cbf64d7cdf8/datanode-2/data/ratis/79902cb1-3d2d-4179-8d83-2d44117002ff/in_use.lock acquired by nodename 30217@fv-az584-689
2023-08-25 08:52:38,143 [6a511105-798d-4035-a071-a904e0472807-groupManagement] INFO  storage.RaftStorage (RaftStorageImpl.java:format(96)) - Storage directory /home/runner/work/ozone/ozone/hadoop-ozone/integration-test/target/test-dir/MiniOzoneClusterImpl-ea041547-065d-47c9-8c6f-7cbf64d7cdf8/datanode-2/data/ratis/79902cb1-3d2d-4179-8d83-2d44117002ff has been successfully formatted.
2023-08-25 08:52:38,144 [6a511105-798d-4035-a071-a904e0472807-groupManagement] INFO  ratis.ContainerStateMachine (ContainerStateMachine.java:loadSnapshot(262)) - group-2D44117002FF: The snapshot info is null. Setting the last applied indexto:(t:0, i:~)
2023-08-25 08:52:38,144 [6a511105-798d-4035-a071-a904e0472807-groupManagement] INFO  server.RaftServerConfigKeys (ConfUtils.java:logGet(46)) - raft.server.log.use.memory = false (default)
2023-08-25 08:52:38,144 [6a511105-798d-4035-a071-a904e0472807-groupManagement] INFO  server.RaftServerConfigKeys (ConfUtils.java:logGet(46)) - raft.server.log.purge.gap = 1000000 (custom)
2023-08-25 08:52:38,144 [6a511105-798d-4035-a071-a904e0472807-groupManagement] INFO  server.RaftServerConfigKeys (ConfUtils.java:logGet(46)) - raft.server.log.appender.buffer.byte-limit = 33554432 (custom)
2023-08-25 08:52:38,144 [6a511105-798d-4035-a071-a904e0472807-groupManagement] INFO  server.RaftServerConfigKeys (ConfUtils.java:logGet(46)) - raft.server.log.statemachine.data.read.timeout = 1000ms (default)
2023-08-25 08:52:38,145 [EventQueue-PipelineReportForPipelineReportHandler] INFO  pipeline.PipelineReportHandler (PipelineReportHandler.java:processPipelineReport(136)) - Opened pipeline PipelineID=79902cb1-3d2d-4179-8d83-2d44117002ff
2023-08-25 08:52:38,146 [6a511105-798d-4035-a071-a904e0472807-groupManagement] INFO  server.RaftServerConfigKeys (ConfUtils.java:logGet(46)) - raft.server.log.purge.preservation.log.num = 0 (default)
2023-08-25 08:52:38,146 [EventQueue-OpenPipelineForHealthyPipelineSafeModeRule] INFO  safemode.SCMSafeModeManager (HealthyPipelineSafeModeRule.java:process(137)) - SCM in safe mode. Healthy pipelines reported count is 0, required healthy pipeline reported count is 1
2023-08-25 08:52:38,146 [6a511105-798d-4035-a071-a904e0472807-groupManagement] INFO  server.RaftServerConfigKeys (ConfUtils.java:logGet(46)) - raft.server.log.segment.size.max = 1048576 (custom)
2023-08-25 08:52:38,146 [6a511105-798d-4035-a071-a904e0472807-groupManagement] INFO  server.RaftServerConfigKeys (ConfUtils.java:logGet(46)) - raft.server.log.segment.cache.num.max = 2 (custom)
2023-08-25 08:52:38,146 [6a511105-798d-4035-a071-a904e0472807-groupManagement] INFO  server.RaftServerConfigKeys (ConfUtils.java:logGet(46)) - raft.server.log.segment.cache.size.max = 200MB (=209715200) (default)
2023-08-25 08:52:38,146 [6a511105-798d-4035-a071-a904e0472807-groupManagement] INFO  server.RaftServerConfigKeys (ConfUtils.java:logGet(46)) - raft.server.log.appender.buffer.byte-limit = 33554432 (custom)
2023-08-25 08:52:38,146 [6a511105-798d-4035-a071-a904e0472807-groupManagement] INFO  segmented.SegmentedRaftLogWorker (SegmentedRaftLogWorker.java:<init>(188)) - new 6a511105-798d-4035-a071-a904e0472807@group-2D44117002FF-SegmentedRaftLogWorker for RaftStorageImpl:Storage Directory /home/runner/work/ozone/ozone/hadoop-ozone/integration-test/target/test-dir/MiniOzoneClusterImpl-ea041547-065d-47c9-8c6f-7cbf64d7cdf8/datanode-2/data/ratis/79902cb1-3d2d-4179-8d83-2d44117002ff
2023-08-25 08:52:38,146 [6a511105-798d-4035-a071-a904e0472807-groupManagement] INFO  server.RaftServerConfigKeys (ConfUtils.java:logGet(46)) - raft.server.log.queue.byte-limit = 4294967296 (custom)
2023-08-25 08:52:38,146 [6a511105-798d-4035-a071-a904e0472807-groupManagement] INFO  server.RaftServerConfigKeys (ConfUtils.java:logGet(46)) - raft.server.log.queue.element-limit = 1024 (custom)
2023-08-25 08:52:38,146 [6a511105-798d-4035-a071-a904e0472807-groupManagement] INFO  server.RaftServerConfigKeys (ConfUtils.java:logGet(46)) - raft.server.log.segment.size.max = 1048576 (custom)
2023-08-25 08:52:38,146 [6a511105-798d-4035-a071-a904e0472807-groupManagement] INFO  server.RaftServerConfigKeys (ConfUtils.java:logGet(46)) - raft.server.log.preallocated.size = 16384 (custom)
2023-08-25 08:52:38,147 [6a511105-798d-4035-a071-a904e0472807-groupManagement] INFO  server.RaftServerConfigKeys (ConfUtils.java:logGet(46)) - raft.server.log.force.sync.num = 128 (default)
2023-08-25 08:52:38,147 [6a511105-798d-4035-a071-a904e0472807-groupManagement] INFO  server.RaftServerConfigKeys (ConfUtils.java:logGet(46)) - raft.server.log.statemachine.data.sync = true (default)
2023-08-25 08:52:38,147 [6a511105-798d-4035-a071-a904e0472807-groupManagement] INFO  server.RaftServerConfigKeys (ConfUtils.java:logGet(46)) - raft.server.log.statemachine.data.sync.timeout = 10s (default)
2023-08-25 08:52:38,147 [6a511105-798d-4035-a071-a904e0472807-groupManagement] INFO  server.RaftServerConfigKeys (ConfUtils.java:logGet(46)) - raft.server.log.statemachine.data.sync.timeout.retry = -1 (default)
2023-08-25 08:52:38,147 [6a511105-798d-4035-a071-a904e0472807-groupManagement] INFO  server.RaftServerConfigKeys (ConfUtils.java:logGet(46)) - raft.server.log.write.buffer.size = 1048576 (custom)
2023-08-25 08:52:38,148 [6a511105-798d-4035-a071-a904e0472807-groupManagement] INFO  server.RaftServerConfigKeys (ConfUtils.java:logGet(46)) - raft.server.log.appender.buffer.byte-limit = 33554432 (custom)
2023-08-25 08:52:38,153 [6a511105-798d-4035-a071-a904e0472807-groupManagement] INFO  server.RaftServerConfigKeys (ConfUtils.java:logGet(46)) - raft.server.log.unsafe-flush.enabled = false (default)
2023-08-25 08:52:38,153 [6a511105-798d-4035-a071-a904e0472807-groupManagement] INFO  server.RaftServerConfigKeys (ConfUtils.java:logGet(46)) - raft.server.log.async-flush.enabled = false (default)
2023-08-25 08:52:38,153 [6a511105-798d-4035-a071-a904e0472807-groupManagement] INFO  server.RaftServerConfigKeys (ConfUtils.java:logGet(46)) - raft.server.log.statemachine.data.caching.enabled = true (custom)
2023-08-25 08:52:38,154 [6a511105-798d-4035-a071-a904e0472807-groupManagement] INFO  segmented.SegmentedRaftLogWorker (SegmentedRaftLogWorker.java:lambda$new$0(135)) - 6a511105-798d-4035-a071-a904e0472807@group-2D44117002FF-SegmentedRaftLogWorker: flushIndex: setUnconditionally 0 -> -1
2023-08-25 08:52:38,154 [6a511105-798d-4035-a071-a904e0472807-groupManagement] INFO  segmented.SegmentedRaftLogWorker (SegmentedRaftLogWorker.java:lambda$new$0(135)) - 6a511105-798d-4035-a071-a904e0472807@group-2D44117002FF-SegmentedRaftLogWorker: safeCacheEvictIndex: setUnconditionally 0 -> -1
2023-08-25 08:52:38,154 [6a511105-798d-4035-a071-a904e0472807-groupManagement] INFO  server.RaftServer$Division (RaftServerImpl.java:start(342)) - 6a511105-798d-4035-a071-a904e0472807@group-2D44117002FF: start as a follower, conf=-1: peers:[6a511105-798d-4035-a071-a904e0472807|rpc:10.1.0.19:15191|admin:10.1.0.19:15190|client:10.1.0.19:15189|dataStream:10.1.0.19:15192|priority:1|startupRole:FOLLOWER]|listeners:[], old=null
2023-08-25 08:52:38,154 [6a511105-798d-4035-a071-a904e0472807-groupManagement] INFO  server.RaftServer$Division (RaftServerImpl.java:setRole(329)) - 6a511105-798d-4035-a071-a904e0472807@group-2D44117002FF: changes role from      null to FOLLOWER at term 0 for startAsFollower
2023-08-25 08:52:38,154 [6a511105-798d-4035-a071-a904e0472807-groupManagement] INFO  impl.RoleInfo (RoleInfo.java:updateAndGet(139)) - 6a511105-798d-4035-a071-a904e0472807: start 6a511105-798d-4035-a071-a904e0472807@group-2D44117002FF-FollowerState
2023-08-25 08:52:38,154 [6a511105-798d-4035-a071-a904e0472807-groupManagement] INFO  util.JmxRegister (JmxRegister.java:tryRegister(44)) - Successfully registered JMX Bean with object name Ratis:service=RaftServer,group=group-2D44117002FF,id=6a511105-798d-4035-a071-a904e0472807
2023-08-25 08:52:38,154 [6a511105-798d-4035-a071-a904e0472807@group-2D44117002FF-FollowerState] INFO  server.RaftServerConfigKeys (ConfUtils.java:logFallback(53)) - raft.server.rpc.first-election.timeout.min = 5s (fallback to raft.server.rpc.timeout.min)
2023-08-25 08:52:38,154 [6a511105-798d-4035-a071-a904e0472807-groupManagement] INFO  server.RaftServerConfigKeys (ConfUtils.java:logGet(46)) - raft.server.snapshot.auto.trigger.enabled = true (custom)
2023-08-25 08:52:38,154 [6a511105-798d-4035-a071-a904e0472807@group-2D44117002FF-FollowerState] INFO  server.RaftServerConfigKeys (ConfUtils.java:logFallback(53)) - raft.server.rpc.first-election.timeout.max = 5200ms (fallback to raft.server.rpc.timeout.max)
2023-08-25 08:52:38,155 [6a511105-798d-4035-a071-a904e0472807-groupManagement] INFO  server.RaftServerConfigKeys (ConfUtils.java:logGet(46)) - raft.server.snapshot.auto.trigger.threshold = 10000 (custom)
2023-08-25 08:52:38,155 [6a511105-798d-4035-a071-a904e0472807-groupManagement] INFO  server.RaftServerConfigKeys (ConfUtils.java:logGet(46)) - raft.server.snapshot.retention.file.num = 5 (custom)
2023-08-25 08:52:38,155 [6a511105-798d-4035-a071-a904e0472807-groupManagement] INFO  server.RaftServerConfigKeys (ConfUtils.java:logGet(46)) - raft.server.log.purge.upto.snapshot.index = false (default)
2023-08-25 08:52:38,155 [PipelineCommandHandlerThread-0] INFO  ratis.XceiverServerRatis (XceiverServerRatis.java:addGroup(804)) - Created group PipelineID=79902cb1-3d2d-4179-8d83-2d44117002ff
2023-08-25 08:52:38,155 [PipelineCommandHandlerThread-0] INFO  commandhandler.CreatePipelineCommandHandler (CreatePipelineCommandHandler.java:lambda$handle$2(124)) - Created Pipeline RATIS ONE PipelineID=79902cb1-3d2d-4179-8d83-2d44117002ff.
2023-08-25 08:52:38,467 [PipelineCommandHandlerThread-0] INFO  server.RaftServer (RaftServerProxy.java:addNew(98)) - a412d968-2fe0-4f2a-9779-093f65c8ed8d: addNew group-DFFC87AF8C54:[a412d968-2fe0-4f2a-9779-093f65c8ed8d|rpc:10.1.0.19:15200|admin:10.1.0.19:15199|client:10.1.0.19:15198|dataStream:10.1.0.19:15201|priority:1|startupRole:FOLLOWER] returns group-DFFC87AF8C54:java.util.concurrent.CompletableFuture@2eec8f8c[Not completed]
2023-08-25 08:52:38,467 [a412d968-2fe0-4f2a-9779-093f65c8ed8d-groupManagement] INFO  server.RaftServer$Division (RaftServerImpl.java:<init>(198)) - a412d968-2fe0-4f2a-9779-093f65c8ed8d: new RaftServerImpl for group-DFFC87AF8C54:[a412d968-2fe0-4f2a-9779-093f65c8ed8d|rpc:10.1.0.19:15200|admin:10.1.0.19:15199|client:10.1.0.19:15198|dataStream:10.1.0.19:15201|priority:1|startupRole:FOLLOWER] with ContainerStateMachine:uninitialized
2023-08-25 08:52:38,468 [a412d968-2fe0-4f2a-9779-093f65c8ed8d-groupManagement] INFO  server.RaftServerConfigKeys (ConfUtils.java:logGet(46)) - raft.server.rpc.timeout.min = 5s (custom)
2023-08-25 08:52:38,468 [a412d968-2fe0-4f2a-9779-093f65c8ed8d-groupManagement] INFO  server.RaftServerConfigKeys (ConfUtils.java:logGet(46)) - raft.server.rpc.timeout.max = 5200ms (custom)
2023-08-25 08:52:38,468 [a412d968-2fe0-4f2a-9779-093f65c8ed8d-groupManagement] INFO  server.RaftServerConfigKeys (ConfUtils.java:logGet(46)) - raft.server.rpc.sleep.time = 25ms (default)
2023-08-25 08:52:38,468 [a412d968-2fe0-4f2a-9779-093f65c8ed8d-groupManagement] INFO  server.RaftServerConfigKeys (ConfUtils.java:logGet(46)) - raft.server.rpc.slowness.timeout = 300s (custom)
2023-08-25 08:52:38,468 [a412d968-2fe0-4f2a-9779-093f65c8ed8d-groupManagement] INFO  server.RaftServerConfigKeys (ConfUtils.java:logGet(46)) - raft.server.leaderelection.leader.step-down.wait-time = 10s (default)
2023-08-25 08:52:38,468 [a412d968-2fe0-4f2a-9779-093f65c8ed8d-groupManagement] INFO  server.RaftServerConfigKeys (ConfUtils.java:logGet(46)) - raft.server.sleep.deviation.threshold = 300ms (default)
2023-08-25 08:52:38,468 [a412d968-2fe0-4f2a-9779-093f65c8ed8d-groupManagement] INFO  server.RaftServer$Division (ServerState.java:<init>(120)) - a412d968-2fe0-4f2a-9779-093f65c8ed8d@group-DFFC87AF8C54: ConfigurationManager, init=-1: peers:[a412d968-2fe0-4f2a-9779-093f65c8ed8d|rpc:10.1.0.19:15200|admin:10.1.0.19:15199|client:10.1.0.19:15198|dataStream:10.1.0.19:15201|priority:1|startupRole:FOLLOWER]|listeners:[], old=null, confs=<EMPTY_MAP>
2023-08-25 08:52:38,468 [a412d968-2fe0-4f2a-9779-093f65c8ed8d-groupManagement] INFO  server.RaftServerConfigKeys (ConfUtils.java:logGet(46)) - raft.server.storage.dir = [/home/runner/work/ozone/ozone/hadoop-ozone/integration-test/target/test-dir/MiniOzoneClusterImpl-ea041547-065d-47c9-8c6f-7cbf64d7cdf8/datanode-3/data/ratis] (custom)
2023-08-25 08:52:38,468 [a412d968-2fe0-4f2a-9779-093f65c8ed8d-groupManagement] INFO  server.RaftServerConfigKeys (ConfUtils.java:logGet(46)) - raft.server.log.corruption.policy = EXCEPTION (default)
2023-08-25 08:52:38,468 [a412d968-2fe0-4f2a-9779-093f65c8ed8d-groupManagement] INFO  server.RaftServerConfigKeys (ConfUtils.java:logGet(46)) - raft.server.storage.free-space.min = 0MB (=0) (default)
2023-08-25 08:52:38,468 [a412d968-2fe0-4f2a-9779-093f65c8ed8d-groupManagement] INFO  server.RaftServerConfigKeys (ConfUtils.java:logGet(46)) - raft.server.notification.no-leader.timeout = 300s (custom)
2023-08-25 08:52:38,468 [a412d968-2fe0-4f2a-9779-093f65c8ed8d-groupManagement] INFO  server.RaftServerConfigKeys (ConfUtils.java:logGet(46)) - raft.server.read.timeout = 10s (default)
2023-08-25 08:52:38,468 [a412d968-2fe0-4f2a-9779-093f65c8ed8d-groupManagement] INFO  server.RaftServerConfigKeys (ConfUtils.java:logGet(46)) - raft.server.retrycache.expirytime = 600000ms (custom)
2023-08-25 08:52:38,468 [a412d968-2fe0-4f2a-9779-093f65c8ed8d-groupManagement] INFO  server.RaftServerConfigKeys (ConfUtils.java:logGet(46)) - raft.server.retrycache.statistics.expirytime = 100μs (default)
2023-08-25 08:52:38,469 [a412d968-2fe0-4f2a-9779-093f65c8ed8d-groupManagement] INFO  server.RaftServerConfigKeys (ConfUtils.java:logGet(46)) - raft.server.read.option = DEFAULT (default)
2023-08-25 08:52:38,469 [a412d968-2fe0-4f2a-9779-093f65c8ed8d-groupManagement] INFO  server.RaftServerConfigKeys (ConfUtils.java:logGet(46)) - raft.server.rpc.request.timeout = 60s (custom)
2023-08-25 08:52:38,469 [a412d968-2fe0-4f2a-9779-093f65c8ed8d-groupManagement] INFO  server.RaftServerConfigKeys (ConfUtils.java:logGet(46)) - raft.server.log.appender.install.snapshot.enabled = false (custom)
2023-08-25 08:52:38,469 [a412d968-2fe0-4f2a-9779-093f65c8ed8d-groupManagement] INFO  server.RaftServerConfigKeys (ConfUtils.java:logGet(46)) - raft.server.threadpool.server.cached = true (default)
2023-08-25 08:52:38,469 [a412d968-2fe0-4f2a-9779-093f65c8ed8d-groupManagement] INFO  server.RaftServerConfigKeys (ConfUtils.java:logGet(46)) - raft.server.threadpool.server.size = 0 (default)
2023-08-25 08:52:38,469 [a412d968-2fe0-4f2a-9779-093f65c8ed8d-groupManagement] INFO  server.RaftServerConfigKeys (ConfUtils.java:logGet(46)) - raft.server.threadpool.client.cached = true (default)
2023-08-25 08:52:38,470 [a412d968-2fe0-4f2a-9779-093f65c8ed8d-groupManagement] INFO  server.RaftServerConfigKeys (ConfUtils.java:logGet(46)) - raft.server.threadpool.client.size = 0 (default)
2023-08-25 08:52:38,470 [a412d968-2fe0-4f2a-9779-093f65c8ed8d-groupManagement] INFO  storage.RaftStorageDirectory (RaftStorageDirectoryImpl.java:analyzeStorage(137)) - The storage directory /home/runner/work/ozone/ozone/hadoop-ozone/integration-test/target/test-dir/MiniOzoneClusterImpl-ea041547-065d-47c9-8c6f-7cbf64d7cdf8/datanode-3/data/ratis/5459a3e5-782b-4c3d-8190-dffc87af8c54 does not exist. Creating ...
2023-08-25 08:52:38,471 [a412d968-2fe0-4f2a-9779-093f65c8ed8d-groupManagement] INFO  storage.RaftStorageDirectory (RaftStorageDirectoryImpl.java:tryLock(231)) - Lock on /home/runner/work/ozone/ozone/hadoop-ozone/integration-test/target/test-dir/MiniOzoneClusterImpl-ea041547-065d-47c9-8c6f-7cbf64d7cdf8/datanode-3/data/ratis/5459a3e5-782b-4c3d-8190-dffc87af8c54/in_use.lock acquired by nodename 30217@fv-az584-689
2023-08-25 08:52:38,473 [a412d968-2fe0-4f2a-9779-093f65c8ed8d-groupManagement] INFO  storage.RaftStorage (RaftStorageImpl.java:format(96)) - Storage directory /home/runner/work/ozone/ozone/hadoop-ozone/integration-test/target/test-dir/MiniOzoneClusterImpl-ea041547-065d-47c9-8c6f-7cbf64d7cdf8/datanode-3/data/ratis/5459a3e5-782b-4c3d-8190-dffc87af8c54 has been successfully formatted.
2023-08-25 08:52:38,474 [a412d968-2fe0-4f2a-9779-093f65c8ed8d-groupManagement] INFO  ratis.ContainerStateMachine (ContainerStateMachine.java:loadSnapshot(262)) - group-DFFC87AF8C54: The snapshot info is null. Setting the last applied indexto:(t:0, i:~)
2023-08-25 08:52:38,474 [a412d968-2fe0-4f2a-9779-093f65c8ed8d-groupManagement] INFO  server.RaftServerConfigKeys (ConfUtils.java:logGet(46)) - raft.server.log.use.memory = false (default)
2023-08-25 08:52:38,474 [a412d968-2fe0-4f2a-9779-093f65c8ed8d-groupManagement] INFO  server.RaftServerConfigKeys (ConfUtils.java:logGet(46)) - raft.server.log.purge.gap = 1000000 (custom)
2023-08-25 08:52:38,475 [a412d968-2fe0-4f2a-9779-093f65c8ed8d-groupManagement] INFO  server.RaftServerConfigKeys (ConfUtils.java:logGet(46)) - raft.server.log.appender.buffer.byte-limit = 33554432 (custom)
2023-08-25 08:52:38,475 [a412d968-2fe0-4f2a-9779-093f65c8ed8d-groupManagement] INFO  server.RaftServerConfigKeys (ConfUtils.java:logGet(46)) - raft.server.log.statemachine.data.read.timeout = 1000ms (default)
2023-08-25 08:52:38,475 [a412d968-2fe0-4f2a-9779-093f65c8ed8d-groupManagement] INFO  server.RaftServerConfigKeys (ConfUtils.java:logGet(46)) - raft.server.log.purge.preservation.log.num = 0 (default)
2023-08-25 08:52:38,476 [EventQueue-PipelineReportForPipelineReportHandler] INFO  pipeline.PipelineReportHandler (PipelineReportHandler.java:processPipelineReport(136)) - Opened pipeline PipelineID=5459a3e5-782b-4c3d-8190-dffc87af8c54
2023-08-25 08:52:38,476 [EventQueue-OpenPipelineForHealthyPipelineSafeModeRule] INFO  safemode.SCMSafeModeManager (HealthyPipelineSafeModeRule.java:process(137)) - SCM in safe mode. Healthy pipelines reported count is 0, required healthy pipeline reported count is 1
2023-08-25 08:52:38,477 [a412d968-2fe0-4f2a-9779-093f65c8ed8d-groupManagement] INFO  server.RaftServerConfigKeys (ConfUtils.java:logGet(46)) - raft.server.log.segment.size.max = 1048576 (custom)
2023-08-25 08:52:38,477 [a412d968-2fe0-4f2a-9779-093f65c8ed8d-groupManagement] INFO  server.RaftServerConfigKeys (ConfUtils.java:logGet(46)) - raft.server.log.segment.cache.num.max = 2 (custom)
2023-08-25 08:52:38,477 [a412d968-2fe0-4f2a-9779-093f65c8ed8d-groupManagement] INFO  server.RaftServerConfigKeys (ConfUtils.java:logGet(46)) - raft.server.log.segment.cache.size.max = 200MB (=209715200) (default)
2023-08-25 08:52:38,477 [a412d968-2fe0-4f2a-9779-093f65c8ed8d-groupManagement] INFO  server.RaftServerConfigKeys (ConfUtils.java:logGet(46)) - raft.server.log.appender.buffer.byte-limit = 33554432 (custom)
2023-08-25 08:52:38,477 [a412d968-2fe0-4f2a-9779-093f65c8ed8d-groupManagement] INFO  segmented.SegmentedRaftLogWorker (SegmentedRaftLogWorker.java:<init>(188)) - new a412d968-2fe0-4f2a-9779-093f65c8ed8d@group-DFFC87AF8C54-SegmentedRaftLogWorker for RaftStorageImpl:Storage Directory /home/runner/work/ozone/ozone/hadoop-ozone/integration-test/target/test-dir/MiniOzoneClusterImpl-ea041547-065d-47c9-8c6f-7cbf64d7cdf8/datanode-3/data/ratis/5459a3e5-782b-4c3d-8190-dffc87af8c54
2023-08-25 08:52:38,477 [a412d968-2fe0-4f2a-9779-093f65c8ed8d-groupManagement] INFO  server.RaftServerConfigKeys (ConfUtils.java:logGet(46)) - raft.server.log.queue.byte-limit = 4294967296 (custom)
2023-08-25 08:52:38,477 [a412d968-2fe0-4f2a-9779-093f65c8ed8d-groupManagement] INFO  server.RaftServerConfigKeys (ConfUtils.java:logGet(46)) - raft.server.log.queue.element-limit = 1024 (custom)
2023-08-25 08:52:38,477 [a412d968-2fe0-4f2a-9779-093f65c8ed8d-groupManagement] INFO  server.RaftServerConfigKeys (ConfUtils.java:logGet(46)) - raft.server.log.segment.size.max = 1048576 (custom)
2023-08-25 08:52:38,477 [a412d968-2fe0-4f2a-9779-093f65c8ed8d-groupManagement] INFO  server.RaftServerConfigKeys (ConfUtils.java:logGet(46)) - raft.server.log.preallocated.size = 16384 (custom)
2023-08-25 08:52:38,477 [a412d968-2fe0-4f2a-9779-093f65c8ed8d-groupManagement] INFO  server.RaftServerConfigKeys (ConfUtils.java:logGet(46)) - raft.server.log.force.sync.num = 128 (default)
2023-08-25 08:52:38,477 [a412d968-2fe0-4f2a-9779-093f65c8ed8d-groupManagement] INFO  server.RaftServerConfigKeys (ConfUtils.java:logGet(46)) - raft.server.log.statemachine.data.sync = true (default)
2023-08-25 08:52:38,477 [a412d968-2fe0-4f2a-9779-093f65c8ed8d-groupManagement] INFO  server.RaftServerConfigKeys (ConfUtils.java:logGet(46)) - raft.server.log.statemachine.data.sync.timeout = 10s (default)
2023-08-25 08:52:38,477 [a412d968-2fe0-4f2a-9779-093f65c8ed8d-groupManagement] INFO  server.RaftServerConfigKeys (ConfUtils.java:logGet(46)) - raft.server.log.statemachine.data.sync.timeout.retry = -1 (default)
2023-08-25 08:52:38,478 [a412d968-2fe0-4f2a-9779-093f65c8ed8d-groupManagement] INFO  server.RaftServerConfigKeys (ConfUtils.java:logGet(46)) - raft.server.log.write.buffer.size = 1048576 (custom)
2023-08-25 08:52:38,478 [a412d968-2fe0-4f2a-9779-093f65c8ed8d-groupManagement] INFO  server.RaftServerConfigKeys (ConfUtils.java:logGet(46)) - raft.server.log.appender.buffer.byte-limit = 33554432 (custom)
2023-08-25 08:52:38,484 [a412d968-2fe0-4f2a-9779-093f65c8ed8d-groupManagement] INFO  server.RaftServerConfigKeys (ConfUtils.java:logGet(46)) - raft.server.log.unsafe-flush.enabled = false (default)
2023-08-25 08:52:38,484 [a412d968-2fe0-4f2a-9779-093f65c8ed8d-groupManagement] INFO  server.RaftServerConfigKeys (ConfUtils.java:logGet(46)) - raft.server.log.async-flush.enabled = false (default)
2023-08-25 08:52:38,484 [a412d968-2fe0-4f2a-9779-093f65c8ed8d-groupManagement] INFO  server.RaftServerConfigKeys (ConfUtils.java:logGet(46)) - raft.server.log.statemachine.data.caching.enabled = true (custom)
2023-08-25 08:52:38,484 [a412d968-2fe0-4f2a-9779-093f65c8ed8d-groupManagement] INFO  segmented.SegmentedRaftLogWorker (SegmentedRaftLogWorker.java:lambda$new$0(135)) - a412d968-2fe0-4f2a-9779-093f65c8ed8d@group-DFFC87AF8C54-SegmentedRaftLogWorker: flushIndex: setUnconditionally 0 -> -1
2023-08-25 08:52:38,484 [a412d968-2fe0-4f2a-9779-093f65c8ed8d-groupManagement] INFO  segmented.SegmentedRaftLogWorker (SegmentedRaftLogWorker.java:lambda$new$0(135)) - a412d968-2fe0-4f2a-9779-093f65c8ed8d@group-DFFC87AF8C54-SegmentedRaftLogWorker: safeCacheEvictIndex: setUnconditionally 0 -> -1
2023-08-25 08:52:38,485 [a412d968-2fe0-4f2a-9779-093f65c8ed8d-groupManagement] INFO  server.RaftServer$Division (RaftServerImpl.java:start(342)) - a412d968-2fe0-4f2a-9779-093f65c8ed8d@group-DFFC87AF8C54: start as a follower, conf=-1: peers:[a412d968-2fe0-4f2a-9779-093f65c8ed8d|rpc:10.1.0.19:15200|admin:10.1.0.19:15199|client:10.1.0.19:15198|dataStream:10.1.0.19:15201|priority:1|startupRole:FOLLOWER]|listeners:[], old=null
2023-08-25 08:52:38,485 [a412d968-2fe0-4f2a-9779-093f65c8ed8d-groupManagement] INFO  server.RaftServer$Division (RaftServerImpl.java:setRole(329)) - a412d968-2fe0-4f2a-9779-093f65c8ed8d@group-DFFC87AF8C54: changes role from      null to FOLLOWER at term 0 for startAsFollower
2023-08-25 08:52:38,485 [a412d968-2fe0-4f2a-9779-093f65c8ed8d-groupManagement] INFO  impl.RoleInfo (RoleInfo.java:updateAndGet(139)) - a412d968-2fe0-4f2a-9779-093f65c8ed8d: start a412d968-2fe0-4f2a-9779-093f65c8ed8d@group-DFFC87AF8C54-FollowerState
2023-08-25 08:52:38,485 [a412d968-2fe0-4f2a-9779-093f65c8ed8d-groupManagement] INFO  util.JmxRegister (JmxRegister.java:tryRegister(44)) - Successfully registered JMX Bean with object name Ratis:service=RaftServer,group=group-DFFC87AF8C54,id=a412d968-2fe0-4f2a-9779-093f65c8ed8d
2023-08-25 08:52:38,485 [a412d968-2fe0-4f2a-9779-093f65c8ed8d@group-DFFC87AF8C54-FollowerState] INFO  server.RaftServerConfigKeys (ConfUtils.java:logFallback(53)) - raft.server.rpc.first-election.timeout.min = 5s (fallback to raft.server.rpc.timeout.min)
2023-08-25 08:52:38,485 [a412d968-2fe0-4f2a-9779-093f65c8ed8d-groupManagement] INFO  server.RaftServerConfigKeys (ConfUtils.java:logGet(46)) - raft.server.snapshot.auto.trigger.enabled = true (custom)
2023-08-25 08:52:38,485 [a412d968-2fe0-4f2a-9779-093f65c8ed8d@group-DFFC87AF8C54-FollowerState] INFO  server.RaftServerConfigKeys (ConfUtils.java:logFallback(53)) - raft.server.rpc.first-election.timeout.max = 5200ms (fallback to raft.server.rpc.timeout.max)
2023-08-25 08:52:38,485 [a412d968-2fe0-4f2a-9779-093f65c8ed8d-groupManagement] INFO  server.RaftServerConfigKeys (ConfUtils.java:logGet(46)) - raft.server.snapshot.auto.trigger.threshold = 10000 (custom)
2023-08-25 08:52:38,485 [a412d968-2fe0-4f2a-9779-093f65c8ed8d-groupManagement] INFO  server.RaftServerConfigKeys (ConfUtils.java:logGet(46)) - raft.server.snapshot.retention.file.num = 5 (custom)
2023-08-25 08:52:38,485 [a412d968-2fe0-4f2a-9779-093f65c8ed8d-groupManagement] INFO  server.RaftServerConfigKeys (ConfUtils.java:logGet(46)) - raft.server.log.purge.upto.snapshot.index = false (default)
2023-08-25 08:52:38,486 [PipelineCommandHandlerThread-0] INFO  ratis.XceiverServerRatis (XceiverServerRatis.java:addGroup(804)) - Created group PipelineID=5459a3e5-782b-4c3d-8190-dffc87af8c54
2023-08-25 08:52:38,486 [PipelineCommandHandlerThread-0] INFO  commandhandler.CreatePipelineCommandHandler (CreatePipelineCommandHandler.java:lambda$handle$2(124)) - Created Pipeline RATIS ONE PipelineID=5459a3e5-782b-4c3d-8190-dffc87af8c54.
2023-08-25 08:52:38,766 [Time-limited test] INFO  ozone.MiniOzoneClusterImpl (MiniOzoneClusterImpl.java:lambda$waitForClusterToBeReady$0(224)) - Nodes are ready. Got 5 of 5 DN Heartbeats.
2023-08-25 08:52:38,766 [Time-limited test] INFO  ozone.MiniOzoneClusterImpl (MiniOzoneClusterImpl.java:lambda$waitForClusterToBeReady$0(227)) - Waiting for cluster to exit safe mode
2023-08-25 08:52:38,766 [Time-limited test] INFO  ozone.MiniOzoneClusterImpl (MiniOzoneClusterImpl.java:lambda$waitForClusterToBeReady$0(229)) - SCM became leader
2023-08-25 08:52:38,771 [PipelineCommandHandlerThread-0] INFO  server.RaftServer (RaftServerProxy.java:addNew(98)) - 42538958-ec24-4190-90a2-8f41139170d9: addNew group-55E01454E505:[42538958-ec24-4190-90a2-8f41139170d9|rpc:10.1.0.19:15209|admin:10.1.0.19:15208|client:10.1.0.19:15207|dataStream:10.1.0.19:15210|priority:1|startupRole:FOLLOWER] returns group-55E01454E505:java.util.concurrent.CompletableFuture@612fa093[Not completed]
2023-08-25 08:52:38,773 [42538958-ec24-4190-90a2-8f41139170d9-groupManagement] INFO  server.RaftServer$Division (RaftServerImpl.java:<init>(198)) - 42538958-ec24-4190-90a2-8f41139170d9: new RaftServerImpl for group-55E01454E505:[42538958-ec24-4190-90a2-8f41139170d9|rpc:10.1.0.19:15209|admin:10.1.0.19:15208|client:10.1.0.19:15207|dataStream:10.1.0.19:15210|priority:1|startupRole:FOLLOWER] with ContainerStateMachine:uninitialized
2023-08-25 08:52:38,773 [42538958-ec24-4190-90a2-8f41139170d9-groupManagement] INFO  server.RaftServerConfigKeys (ConfUtils.java:logGet(46)) - raft.server.rpc.timeout.min = 5s (custom)
2023-08-25 08:52:38,773 [42538958-ec24-4190-90a2-8f41139170d9-groupManagement] INFO  server.RaftServerConfigKeys (ConfUtils.java:logGet(46)) - raft.server.rpc.timeout.max = 5200ms (custom)
2023-08-25 08:52:38,773 [42538958-ec24-4190-90a2-8f41139170d9-groupManagement] INFO  server.RaftServerConfigKeys (ConfUtils.java:logGet(46)) - raft.server.rpc.sleep.time = 25ms (default)
2023-08-25 08:52:38,773 [42538958-ec24-4190-90a2-8f41139170d9-groupManagement] INFO  server.RaftServerConfigKeys (ConfUtils.java:logGet(46)) - raft.server.rpc.slowness.timeout = 300s (custom)
2023-08-25 08:52:38,773 [42538958-ec24-4190-90a2-8f41139170d9-groupManagement] INFO  server.RaftServerConfigKeys (ConfUtils.java:logGet(46)) - raft.server.leaderelection.leader.step-down.wait-time = 10s (default)
2023-08-25 08:52:38,773 [42538958-ec24-4190-90a2-8f41139170d9-groupManagement] INFO  server.RaftServerConfigKeys (ConfUtils.java:logGet(46)) - raft.server.sleep.deviation.threshold = 300ms (default)
2023-08-25 08:52:38,773 [42538958-ec24-4190-90a2-8f41139170d9-groupManagement] INFO  server.RaftServer$Division (ServerState.java:<init>(120)) - 42538958-ec24-4190-90a2-8f41139170d9@group-55E01454E505: ConfigurationManager, init=-1: peers:[42538958-ec24-4190-90a2-8f41139170d9|rpc:10.1.0.19:15209|admin:10.1.0.19:15208|client:10.1.0.19:15207|dataStream:10.1.0.19:15210|priority:1|startupRole:FOLLOWER]|listeners:[], old=null, confs=<EMPTY_MAP>
2023-08-25 08:52:38,774 [42538958-ec24-4190-90a2-8f41139170d9-groupManagement] INFO  server.RaftServerConfigKeys (ConfUtils.java:logGet(46)) - raft.server.storage.dir = [/home/runner/work/ozone/ozone/hadoop-ozone/integration-test/target/test-dir/MiniOzoneClusterImpl-ea041547-065d-47c9-8c6f-7cbf64d7cdf8/datanode-4/data/ratis] (custom)
2023-08-25 08:52:38,774 [42538958-ec24-4190-90a2-8f41139170d9-groupManagement] INFO  server.RaftServerConfigKeys (ConfUtils.java:logGet(46)) - raft.server.log.corruption.policy = EXCEPTION (default)
2023-08-25 08:52:38,774 [42538958-ec24-4190-90a2-8f41139170d9-groupManagement] INFO  server.RaftServerConfigKeys (ConfUtils.java:logGet(46)) - raft.server.storage.free-space.min = 0MB (=0) (default)
2023-08-25 08:52:38,774 [42538958-ec24-4190-90a2-8f41139170d9-groupManagement] INFO  server.RaftServerConfigKeys (ConfUtils.java:logGet(46)) - raft.server.notification.no-leader.timeout = 300s (custom)
2023-08-25 08:52:38,774 [42538958-ec24-4190-90a2-8f41139170d9-groupManagement] INFO  server.RaftServerConfigKeys (ConfUtils.java:logGet(46)) - raft.server.read.timeout = 10s (default)
2023-08-25 08:52:38,774 [42538958-ec24-4190-90a2-8f41139170d9-groupManagement] INFO  server.RaftServerConfigKeys (ConfUtils.java:logGet(46)) - raft.server.retrycache.expirytime = 600000ms (custom)
2023-08-25 08:52:38,774 [42538958-ec24-4190-90a2-8f41139170d9-groupManagement] INFO  server.RaftServerConfigKeys (ConfUtils.java:logGet(46)) - raft.server.retrycache.statistics.expirytime = 100μs (default)
2023-08-25 08:52:38,774 [42538958-ec24-4190-90a2-8f41139170d9-groupManagement] INFO  server.RaftServerConfigKeys (ConfUtils.java:logGet(46)) - raft.server.read.option = DEFAULT (default)
2023-08-25 08:52:38,775 [42538958-ec24-4190-90a2-8f41139170d9-groupManagement] INFO  server.RaftServerConfigKeys (ConfUtils.java:logGet(46)) - raft.server.rpc.request.timeout = 60s (custom)
2023-08-25 08:52:38,775 [42538958-ec24-4190-90a2-8f41139170d9-groupManagement] INFO  server.RaftServerConfigKeys (ConfUtils.java:logGet(46)) - raft.server.log.appender.install.snapshot.enabled = false (custom)
2023-08-25 08:52:38,775 [42538958-ec24-4190-90a2-8f41139170d9-groupManagement] INFO  server.RaftServerConfigKeys (ConfUtils.java:logGet(46)) - raft.server.threadpool.server.cached = true (default)
2023-08-25 08:52:38,775 [42538958-ec24-4190-90a2-8f41139170d9-groupManagement] INFO  server.RaftServerConfigKeys (ConfUtils.java:logGet(46)) - raft.server.threadpool.server.size = 0 (default)
2023-08-25 08:52:38,775 [42538958-ec24-4190-90a2-8f41139170d9-groupManagement] INFO  server.RaftServerConfigKeys (ConfUtils.java:logGet(46)) - raft.server.threadpool.client.cached = true (default)
2023-08-25 08:52:38,775 [42538958-ec24-4190-90a2-8f41139170d9-groupManagement] INFO  server.RaftServerConfigKeys (ConfUtils.java:logGet(46)) - raft.server.threadpool.client.size = 0 (default)
2023-08-25 08:52:38,775 [42538958-ec24-4190-90a2-8f41139170d9-groupManagement] INFO  storage.RaftStorageDirectory (RaftStorageDirectoryImpl.java:analyzeStorage(137)) - The storage directory /home/runner/work/ozone/ozone/hadoop-ozone/integration-test/target/test-dir/MiniOzoneClusterImpl-ea041547-065d-47c9-8c6f-7cbf64d7cdf8/datanode-4/data/ratis/ec9842dc-312d-40a7-9636-55e01454e505 does not exist. Creating ...
2023-08-25 08:52:38,777 [42538958-ec24-4190-90a2-8f41139170d9-groupManagement] INFO  storage.RaftStorageDirectory (RaftStorageDirectoryImpl.java:tryLock(231)) - Lock on /home/runner/work/ozone/ozone/hadoop-ozone/integration-test/target/test-dir/MiniOzoneClusterImpl-ea041547-065d-47c9-8c6f-7cbf64d7cdf8/datanode-4/data/ratis/ec9842dc-312d-40a7-9636-55e01454e505/in_use.lock acquired by nodename 30217@fv-az584-689
2023-08-25 08:52:38,781 [42538958-ec24-4190-90a2-8f41139170d9-groupManagement] INFO  storage.RaftStorage (RaftStorageImpl.java:format(96)) - Storage directory /home/runner/work/ozone/ozone/hadoop-ozone/integration-test/target/test-dir/MiniOzoneClusterImpl-ea041547-065d-47c9-8c6f-7cbf64d7cdf8/datanode-4/data/ratis/ec9842dc-312d-40a7-9636-55e01454e505 has been successfully formatted.
2023-08-25 08:52:38,789 [42538958-ec24-4190-90a2-8f41139170d9-groupManagement] INFO  ratis.ContainerStateMachine (ContainerStateMachine.java:loadSnapshot(262)) - group-55E01454E505: The snapshot info is null. Setting the last applied indexto:(t:0, i:~)
2023-08-25 08:52:38,790 [42538958-ec24-4190-90a2-8f41139170d9-groupManagement] INFO  server.RaftServerConfigKeys (ConfUtils.java:logGet(46)) - raft.server.log.use.memory = false (default)
2023-08-25 08:52:38,790 [42538958-ec24-4190-90a2-8f41139170d9-groupManagement] INFO  server.RaftServerConfigKeys (ConfUtils.java:logGet(46)) - raft.server.log.purge.gap = 1000000 (custom)
2023-08-25 08:52:38,790 [42538958-ec24-4190-90a2-8f41139170d9-groupManagement] INFO  server.RaftServerConfigKeys (ConfUtils.java:logGet(46)) - raft.server.log.appender.buffer.byte-limit = 33554432 (custom)
2023-08-25 08:52:38,790 [42538958-ec24-4190-90a2-8f41139170d9-groupManagement] INFO  server.RaftServerConfigKeys (ConfUtils.java:logGet(46)) - raft.server.log.statemachine.data.read.timeout = 1000ms (default)
2023-08-25 08:52:38,790 [42538958-ec24-4190-90a2-8f41139170d9-groupManagement] INFO  server.RaftServerConfigKeys (ConfUtils.java:logGet(46)) - raft.server.log.purge.preservation.log.num = 0 (default)
2023-08-25 08:52:38,790 [42538958-ec24-4190-90a2-8f41139170d9-groupManagement] INFO  server.RaftServerConfigKeys (ConfUtils.java:logGet(46)) - raft.server.log.segment.size.max = 1048576 (custom)
2023-08-25 08:52:38,791 [42538958-ec24-4190-90a2-8f41139170d9-groupManagement] INFO  server.RaftServerConfigKeys (ConfUtils.java:logGet(46)) - raft.server.log.segment.cache.num.max = 2 (custom)
2023-08-25 08:52:38,791 [42538958-ec24-4190-90a2-8f41139170d9-groupManagement] INFO  server.RaftServerConfigKeys (ConfUtils.java:logGet(46)) - raft.server.log.segment.cache.size.max = 200MB (=209715200) (default)
2023-08-25 08:52:38,791 [42538958-ec24-4190-90a2-8f41139170d9-groupManagement] INFO  server.RaftServerConfigKeys (ConfUtils.java:logGet(46)) - raft.server.log.appender.buffer.byte-limit = 33554432 (custom)
2023-08-25 08:52:38,791 [42538958-ec24-4190-90a2-8f41139170d9-groupManagement] INFO  segmented.SegmentedRaftLogWorker (SegmentedRaftLogWorker.java:<init>(188)) - new 42538958-ec24-4190-90a2-8f41139170d9@group-55E01454E505-SegmentedRaftLogWorker for RaftStorageImpl:Storage Directory /home/runner/work/ozone/ozone/hadoop-ozone/integration-test/target/test-dir/MiniOzoneClusterImpl-ea041547-065d-47c9-8c6f-7cbf64d7cdf8/datanode-4/data/ratis/ec9842dc-312d-40a7-9636-55e01454e505
2023-08-25 08:52:38,791 [42538958-ec24-4190-90a2-8f41139170d9-groupManagement] INFO  server.RaftServerConfigKeys (ConfUtils.java:logGet(46)) - raft.server.log.queue.byte-limit = 4294967296 (custom)
2023-08-25 08:52:38,791 [42538958-ec24-4190-90a2-8f41139170d9-groupManagement] INFO  server.RaftServerConfigKeys (ConfUtils.java:logGet(46)) - raft.server.log.queue.element-limit = 1024 (custom)
2023-08-25 08:52:38,791 [42538958-ec24-4190-90a2-8f41139170d9-groupManagement] INFO  server.RaftServerConfigKeys (ConfUtils.java:logGet(46)) - raft.server.log.segment.size.max = 1048576 (custom)
2023-08-25 08:52:38,791 [42538958-ec24-4190-90a2-8f41139170d9-groupManagement] INFO  server.RaftServerConfigKeys (ConfUtils.java:logGet(46)) - raft.server.log.preallocated.size = 16384 (custom)
2023-08-25 08:52:38,791 [42538958-ec24-4190-90a2-8f41139170d9-groupManagement] INFO  server.RaftServerConfigKeys (ConfUtils.java:logGet(46)) - raft.server.log.force.sync.num = 128 (default)
2023-08-25 08:52:38,791 [42538958-ec24-4190-90a2-8f41139170d9-groupManagement] INFO  server.RaftServerConfigKeys (ConfUtils.java:logGet(46)) - raft.server.log.statemachine.data.sync = true (default)
2023-08-25 08:52:38,791 [42538958-ec24-4190-90a2-8f41139170d9-groupManagement] INFO  server.RaftServerConfigKeys (ConfUtils.java:logGet(46)) - raft.server.log.statemachine.data.sync.timeout = 10s (default)
2023-08-25 08:52:38,791 [42538958-ec24-4190-90a2-8f41139170d9-groupManagement] INFO  server.RaftServerConfigKeys (ConfUtils.java:logGet(46)) - raft.server.log.statemachine.data.sync.timeout.retry = -1 (default)
2023-08-25 08:52:38,791 [EventQueue-PipelineReportForPipelineReportHandler] INFO  pipeline.PipelineReportHandler (PipelineReportHandler.java:processPipelineReport(136)) - Opened pipeline PipelineID=ec9842dc-312d-40a7-9636-55e01454e505
2023-08-25 08:52:38,792 [42538958-ec24-4190-90a2-8f41139170d9-groupManagement] INFO  server.RaftServerConfigKeys (ConfUtils.java:logGet(46)) - raft.server.log.write.buffer.size = 1048576 (custom)
2023-08-25 08:52:38,792 [EventQueue-OpenPipelineForHealthyPipelineSafeModeRule] INFO  safemode.SCMSafeModeManager (HealthyPipelineSafeModeRule.java:process(137)) - SCM in safe mode. Healthy pipelines reported count is 0, required healthy pipeline reported count is 1
2023-08-25 08:52:38,793 [42538958-ec24-4190-90a2-8f41139170d9-groupManagement] INFO  server.RaftServerConfigKeys (ConfUtils.java:logGet(46)) - raft.server.log.appender.buffer.byte-limit = 33554432 (custom)
2023-08-25 08:52:38,798 [42538958-ec24-4190-90a2-8f41139170d9-groupManagement] INFO  server.RaftServerConfigKeys (ConfUtils.java:logGet(46)) - raft.server.log.unsafe-flush.enabled = false (default)
2023-08-25 08:52:38,798 [42538958-ec24-4190-90a2-8f41139170d9-groupManagement] INFO  server.RaftServerConfigKeys (ConfUtils.java:logGet(46)) - raft.server.log.async-flush.enabled = false (default)
2023-08-25 08:52:38,798 [42538958-ec24-4190-90a2-8f41139170d9-groupManagement] INFO  server.RaftServerConfigKeys (ConfUtils.java:logGet(46)) - raft.server.log.statemachine.data.caching.enabled = true (custom)
2023-08-25 08:52:38,799 [42538958-ec24-4190-90a2-8f41139170d9-groupManagement] INFO  segmented.SegmentedRaftLogWorker (SegmentedRaftLogWorker.java:lambda$new$0(135)) - 42538958-ec24-4190-90a2-8f41139170d9@group-55E01454E505-SegmentedRaftLogWorker: flushIndex: setUnconditionally 0 -> -1
2023-08-25 08:52:38,799 [42538958-ec24-4190-90a2-8f41139170d9-groupManagement] INFO  segmented.SegmentedRaftLogWorker (SegmentedRaftLogWorker.java:lambda$new$0(135)) - 42538958-ec24-4190-90a2-8f41139170d9@group-55E01454E505-SegmentedRaftLogWorker: safeCacheEvictIndex: setUnconditionally 0 -> -1
2023-08-25 08:52:38,799 [42538958-ec24-4190-90a2-8f41139170d9-groupManagement] INFO  server.RaftServer$Division (RaftServerImpl.java:start(342)) - 42538958-ec24-4190-90a2-8f41139170d9@group-55E01454E505: start as a follower, conf=-1: peers:[42538958-ec24-4190-90a2-8f41139170d9|rpc:10.1.0.19:15209|admin:10.1.0.19:15208|client:10.1.0.19:15207|dataStream:10.1.0.19:15210|priority:1|startupRole:FOLLOWER]|listeners:[], old=null
2023-08-25 08:52:38,799 [42538958-ec24-4190-90a2-8f41139170d9-groupManagement] INFO  server.RaftServer$Division (RaftServerImpl.java:setRole(329)) - 42538958-ec24-4190-90a2-8f41139170d9@group-55E01454E505: changes role from      null to FOLLOWER at term 0 for startAsFollower
2023-08-25 08:52:38,799 [42538958-ec24-4190-90a2-8f41139170d9-groupManagement] INFO  impl.RoleInfo (RoleInfo.java:updateAndGet(139)) - 42538958-ec24-4190-90a2-8f41139170d9: start 42538958-ec24-4190-90a2-8f41139170d9@group-55E01454E505-FollowerState
2023-08-25 08:52:38,799 [42538958-ec24-4190-90a2-8f41139170d9-groupManagement] INFO  util.JmxRegister (JmxRegister.java:tryRegister(44)) - Successfully registered JMX Bean with object name Ratis:service=RaftServer,group=group-55E01454E505,id=42538958-ec24-4190-90a2-8f41139170d9
2023-08-25 08:52:38,799 [42538958-ec24-4190-90a2-8f41139170d9@group-55E01454E505-FollowerState] INFO  server.RaftServerConfigKeys (ConfUtils.java:logFallback(53)) - raft.server.rpc.first-election.timeout.min = 5s (fallback to raft.server.rpc.timeout.min)
2023-08-25 08:52:38,799 [42538958-ec24-4190-90a2-8f41139170d9-groupManagement] INFO  server.RaftServerConfigKeys (ConfUtils.java:logGet(46)) - raft.server.snapshot.auto.trigger.enabled = true (custom)
2023-08-25 08:52:38,799 [42538958-ec24-4190-90a2-8f41139170d9@group-55E01454E505-FollowerState] INFO  server.RaftServerConfigKeys (ConfUtils.java:logFallback(53)) - raft.server.rpc.first-election.timeout.max = 5200ms (fallback to raft.server.rpc.timeout.max)
2023-08-25 08:52:38,800 [42538958-ec24-4190-90a2-8f41139170d9-groupManagement] INFO  server.RaftServerConfigKeys (ConfUtils.java:logGet(46)) - raft.server.snapshot.auto.trigger.threshold = 10000 (custom)
2023-08-25 08:52:38,800 [42538958-ec24-4190-90a2-8f41139170d9-groupManagement] INFO  server.RaftServerConfigKeys (ConfUtils.java:logGet(46)) - raft.server.snapshot.retention.file.num = 5 (custom)
2023-08-25 08:52:38,800 [42538958-ec24-4190-90a2-8f41139170d9-groupManagement] INFO  server.RaftServerConfigKeys (ConfUtils.java:logGet(46)) - raft.server.log.purge.upto.snapshot.index = false (default)
2023-08-25 08:52:38,800 [PipelineCommandHandlerThread-0] INFO  ratis.XceiverServerRatis (XceiverServerRatis.java:addGroup(804)) - Created group PipelineID=ec9842dc-312d-40a7-9636-55e01454e505
2023-08-25 08:52:38,800 [PipelineCommandHandlerThread-0] INFO  commandhandler.CreatePipelineCommandHandler (CreatePipelineCommandHandler.java:lambda$handle$2(124)) - Created Pipeline RATIS ONE PipelineID=ec9842dc-312d-40a7-9636-55e01454e505.
2023-08-25 08:52:39,030 [ReplicationMonitor] INFO  replication.ReplicationManager (ReplicationManager.java:processAll(361)) - Replication Manager is not ready to run until 3000ms after safemode exit
2023-08-25 08:52:39,767 [Time-limited test] INFO  ozone.MiniOzoneClusterImpl (MiniOzoneClusterImpl.java:lambda$waitForClusterToBeReady$0(224)) - Nodes are ready. Got 5 of 5 DN Heartbeats.
2023-08-25 08:52:39,767 [Time-limited test] INFO  ozone.MiniOzoneClusterImpl (MiniOzoneClusterImpl.java:lambda$waitForClusterToBeReady$0(227)) - Waiting for cluster to exit safe mode
2023-08-25 08:52:39,767 [Time-limited test] INFO  ozone.MiniOzoneClusterImpl (MiniOzoneClusterImpl.java:lambda$waitForClusterToBeReady$0(229)) - SCM became leader
2023-08-25 08:52:40,030 [ReplicationMonitor] INFO  replication.ReplicationManager (ReplicationManager.java:processAll(361)) - Replication Manager is not ready to run until 3000ms after safemode exit
2023-08-25 08:52:40,767 [Time-limited test] INFO  ozone.MiniOzoneClusterImpl (MiniOzoneClusterImpl.java:lambda$waitForClusterToBeReady$0(224)) - Nodes are ready. Got 5 of 5 DN Heartbeats.
2023-08-25 08:52:40,767 [Time-limited test] INFO  ozone.MiniOzoneClusterImpl (MiniOzoneClusterImpl.java:lambda$waitForClusterToBeReady$0(227)) - Waiting for cluster to exit safe mode
2023-08-25 08:52:40,767 [Time-limited test] INFO  ozone.MiniOzoneClusterImpl (MiniOzoneClusterImpl.java:lambda$waitForClusterToBeReady$0(229)) - SCM became leader
2023-08-25 08:52:41,031 [ReplicationMonitor] INFO  replication.ReplicationManager (ReplicationManager.java:processAll(361)) - Replication Manager is not ready to run until 3000ms after safemode exit
2023-08-25 08:52:41,767 [Time-limited test] INFO  ozone.MiniOzoneClusterImpl (MiniOzoneClusterImpl.java:lambda$waitForClusterToBeReady$0(224)) - Nodes are ready. Got 5 of 5 DN Heartbeats.
2023-08-25 08:52:41,768 [Time-limited test] INFO  ozone.MiniOzoneClusterImpl (MiniOzoneClusterImpl.java:lambda$waitForClusterToBeReady$0(227)) - Waiting for cluster to exit safe mode
2023-08-25 08:52:41,768 [Time-limited test] INFO  ozone.MiniOzoneClusterImpl (MiniOzoneClusterImpl.java:lambda$waitForClusterToBeReady$0(229)) - SCM became leader
2023-08-25 08:52:42,031 [ReplicationMonitor] INFO  replication.ReplicationManager (ReplicationManager.java:processAll(361)) - Replication Manager is not ready to run until 3000ms after safemode exit
2023-08-25 08:52:42,619 [e10cda8e-4bea-44c9-8078-2ce611a3a813@group-079BC75EB87A-FollowerState] INFO  impl.FollowerState (FollowerState.java:run(143)) - e10cda8e-4bea-44c9-8078-2ce611a3a813@group-079BC75EB87A-FollowerState: change to CANDIDATE, lastRpcElapsedTime:5124553749ns, electionTimeout:5124ms
2023-08-25 08:52:42,619 [e10cda8e-4bea-44c9-8078-2ce611a3a813@group-079BC75EB87A-FollowerState] INFO  impl.RoleInfo (RoleInfo.java:shutdownFollowerState(110)) - e10cda8e-4bea-44c9-8078-2ce611a3a813: shutdown e10cda8e-4bea-44c9-8078-2ce611a3a813@group-079BC75EB87A-FollowerState
2023-08-25 08:52:42,620 [e10cda8e-4bea-44c9-8078-2ce611a3a813@group-079BC75EB87A-FollowerState] INFO  server.RaftServer$Division (RaftServerImpl.java:setRole(329)) - e10cda8e-4bea-44c9-8078-2ce611a3a813@group-079BC75EB87A: changes role from  FOLLOWER to CANDIDATE at term 0 for changeToCandidate
2023-08-25 08:52:42,620 [e10cda8e-4bea-44c9-8078-2ce611a3a813@group-079BC75EB87A-FollowerState] INFO  server.RaftServerConfigKeys (ConfUtils.java:logGet(46)) - raft.server.leaderelection.pre-vote = true (default)
2023-08-25 08:52:42,620 [e10cda8e-4bea-44c9-8078-2ce611a3a813@group-079BC75EB87A-FollowerState] INFO  impl.RoleInfo (RoleInfo.java:updateAndGet(139)) - e10cda8e-4bea-44c9-8078-2ce611a3a813: start e10cda8e-4bea-44c9-8078-2ce611a3a813@group-079BC75EB87A-LeaderElection30
2023-08-25 08:52:42,622 [e10cda8e-4bea-44c9-8078-2ce611a3a813@group-079BC75EB87A-LeaderElection30] INFO  impl.LeaderElection (LeaderElection.java:askForVotes(321)) - e10cda8e-4bea-44c9-8078-2ce611a3a813@group-079BC75EB87A-LeaderElection30 PRE_VOTE round 0: submit vote requests at term 0 for -1: peers:[e10cda8e-4bea-44c9-8078-2ce611a3a813|rpc:10.1.0.19:15173|admin:10.1.0.19:15172|client:10.1.0.19:15171|dataStream:10.1.0.19:15174|priority:1|startupRole:FOLLOWER]|listeners:[], old=null
2023-08-25 08:52:42,622 [e10cda8e-4bea-44c9-8078-2ce611a3a813@group-079BC75EB87A-LeaderElection30] INFO  impl.LeaderElection (LeaderElection.java:askForVotes(323)) - e10cda8e-4bea-44c9-8078-2ce611a3a813@group-079BC75EB87A-LeaderElection30 PRE_VOTE round 0: result PASSED (term=0)
2023-08-25 08:52:42,624 [e10cda8e-4bea-44c9-8078-2ce611a3a813@group-079BC75EB87A-LeaderElection30] INFO  impl.LeaderElection (LeaderElection.java:askForVotes(321)) - e10cda8e-4bea-44c9-8078-2ce611a3a813@group-079BC75EB87A-LeaderElection30 ELECTION round 0: submit vote requests at term 1 for -1: peers:[e10cda8e-4bea-44c9-8078-2ce611a3a813|rpc:10.1.0.19:15173|admin:10.1.0.19:15172|client:10.1.0.19:15171|dataStream:10.1.0.19:15174|priority:1|startupRole:FOLLOWER]|listeners:[], old=null
2023-08-25 08:52:42,624 [e10cda8e-4bea-44c9-8078-2ce611a3a813@group-079BC75EB87A-LeaderElection30] INFO  impl.LeaderElection (LeaderElection.java:askForVotes(323)) - e10cda8e-4bea-44c9-8078-2ce611a3a813@group-079BC75EB87A-LeaderElection30 ELECTION round 0: result PASSED (term=1)
2023-08-25 08:52:42,624 [e10cda8e-4bea-44c9-8078-2ce611a3a813@group-079BC75EB87A-LeaderElection30] INFO  impl.RoleInfo (RoleInfo.java:shutdownLeaderElection(130)) - e10cda8e-4bea-44c9-8078-2ce611a3a813: shutdown e10cda8e-4bea-44c9-8078-2ce611a3a813@group-079BC75EB87A-LeaderElection30
2023-08-25 08:52:42,625 [e10cda8e-4bea-44c9-8078-2ce611a3a813@group-079BC75EB87A-LeaderElection30] INFO  server.RaftServer$Division (RaftServerImpl.java:setRole(329)) - e10cda8e-4bea-44c9-8078-2ce611a3a813@group-079BC75EB87A: changes role from CANDIDATE to LEADER at term 1 for changeToLeader
2023-08-25 08:52:42,625 [e10cda8e-4bea-44c9-8078-2ce611a3a813@group-079BC75EB87A-LeaderElection30] INFO  ratis.XceiverServerRatis (XceiverServerRatis.java:handleLeaderChangedNotification(902)) - Leader change notification received for group: group-079BC75EB87A with new leaderId: e10cda8e-4bea-44c9-8078-2ce611a3a813
2023-08-25 08:52:42,625 [e10cda8e-4bea-44c9-8078-2ce611a3a813@group-079BC75EB87A-LeaderElection30] INFO  server.RaftServer$Division (ServerState.java:setLeader(317)) - e10cda8e-4bea-44c9-8078-2ce611a3a813@group-079BC75EB87A: change Leader from null to e10cda8e-4bea-44c9-8078-2ce611a3a813 at term 1 for becomeLeader, leader elected after 5147ms
2023-08-25 08:52:42,625 [e10cda8e-4bea-44c9-8078-2ce611a3a813@group-079BC75EB87A-LeaderElection30] INFO  server.RaftServerConfigKeys (ConfUtils.java:logGet(46)) - raft.server.staging.catchup.gap = 1000 (default)
2023-08-25 08:52:42,625 [e10cda8e-4bea-44c9-8078-2ce611a3a813@group-079BC75EB87A-LeaderElection30] INFO  server.RaftServerConfigKeys (ConfUtils.java:logGet(46)) - raft.server.write.element-limit = 1024 (custom)
2023-08-25 08:52:42,625 [e10cda8e-4bea-44c9-8078-2ce611a3a813@group-079BC75EB87A-LeaderElection30] INFO  server.RaftServerConfigKeys (ConfUtils.java:logGet(46)) - raft.server.write.byte-limit = 1024 M (=1073741824) (custom)
2023-08-25 08:52:42,626 [e10cda8e-4bea-44c9-8078-2ce611a3a813@group-079BC75EB87A-LeaderElection30] INFO  server.RaftServerConfigKeys (ConfUtils.java:logGet(46)) - raft.server.watch.timeout = 180s (custom)
2023-08-25 08:52:42,626 [e10cda8e-4bea-44c9-8078-2ce611a3a813@group-079BC75EB87A-LeaderElection30] INFO  server.RaftServerConfigKeys (ConfUtils.java:logGet(46)) - raft.server.watch.timeout.denomination = 1s (default)
2023-08-25 08:52:42,626 [e10cda8e-4bea-44c9-8078-2ce611a3a813@group-079BC75EB87A-LeaderElection30] INFO  server.RaftServerConfigKeys (ConfUtils.java:logGet(46)) - raft.server.watch.element-limit = 65536 (default)
2023-08-25 08:52:42,626 [e10cda8e-4bea-44c9-8078-2ce611a3a813@group-079BC75EB87A-LeaderElection30] INFO  server.RaftServerConfigKeys (ConfUtils.java:logGet(46)) - raft.server.write.element-limit = 1024 (custom)
2023-08-25 08:52:42,626 [e10cda8e-4bea-44c9-8078-2ce611a3a813@group-079BC75EB87A-LeaderElection30] INFO  server.RaftServerConfigKeys (ConfUtils.java:logGet(46)) - raft.server.write.follower.gap.ratio.max = -1.0 (default)
2023-08-25 08:52:42,626 [e10cda8e-4bea-44c9-8078-2ce611a3a813@group-079BC75EB87A-LeaderElection30] INFO  impl.RoleInfo (RoleInfo.java:updateAndGet(139)) - e10cda8e-4bea-44c9-8078-2ce611a3a813: start e10cda8e-4bea-44c9-8078-2ce611a3a813@group-079BC75EB87A-LeaderStateImpl
2023-08-25 08:52:42,626 [e10cda8e-4bea-44c9-8078-2ce611a3a813@group-079BC75EB87A-LeaderElection30] INFO  segmented.SegmentedRaftLogWorker (SegmentedRaftLogWorker.java:startLogSegment(447)) - e10cda8e-4bea-44c9-8078-2ce611a3a813@group-079BC75EB87A-SegmentedRaftLogWorker: Starting segment from index:0
2023-08-25 08:52:42,627 [EventQueue-OpenPipelineForHealthyPipelineSafeModeRule] INFO  safemode.SCMSafeModeManager (HealthyPipelineSafeModeRule.java:process(137)) - SCM in safe mode. Healthy pipelines reported count is 0, required healthy pipeline reported count is 1
2023-08-25 08:52:42,630 [e10cda8e-4bea-44c9-8078-2ce611a3a813@group-079BC75EB87A-SegmentedRaftLogWorker] INFO  segmented.SegmentedRaftLogWorker (SegmentedRaftLogWorker.java:execute(651)) - e10cda8e-4bea-44c9-8078-2ce611a3a813@group-079BC75EB87A-SegmentedRaftLogWorker: created new log segment /home/runner/work/ozone/ozone/hadoop-ozone/integration-test/target/test-dir/MiniOzoneClusterImpl-ea041547-065d-47c9-8c6f-7cbf64d7cdf8/datanode-0/data/ratis/52b5d8d5-d7e5-4211-9798-079bc75eb87a/current/log_inprogress_0
2023-08-25 08:52:42,631 [e10cda8e-4bea-44c9-8078-2ce611a3a813@group-079BC75EB87A-LeaderElection30] INFO  server.RaftServer$Division (ServerState.java:setRaftConf(434)) - e10cda8e-4bea-44c9-8078-2ce611a3a813@group-079BC75EB87A: set configuration 0: peers:[e10cda8e-4bea-44c9-8078-2ce611a3a813|rpc:10.1.0.19:15173|admin:10.1.0.19:15172|client:10.1.0.19:15171|dataStream:10.1.0.19:15174|priority:1|startupRole:FOLLOWER]|listeners:[], old=null
2023-08-25 08:52:42,642 [aaa796c8-aced-4c19-8914-014df42c39e4@group-5F039740BA65-FollowerState] INFO  impl.FollowerState (FollowerState.java:run(143)) - aaa796c8-aced-4c19-8914-014df42c39e4@group-5F039740BA65-FollowerState: change to CANDIDATE, lastRpcElapsedTime:5053035879ns, electionTimeout:5052ms
2023-08-25 08:52:43,087 [aaa796c8-aced-4c19-8914-014df42c39e4@group-5F039740BA65-FollowerState] INFO  impl.RoleInfo (RoleInfo.java:shutdownFollowerState(110)) - aaa796c8-aced-4c19-8914-014df42c39e4: shutdown aaa796c8-aced-4c19-8914-014df42c39e4@group-5F039740BA65-FollowerState
2023-08-25 08:52:43,087 [aaa796c8-aced-4c19-8914-014df42c39e4@group-5F039740BA65-FollowerState] INFO  server.RaftServer$Division (RaftServerImpl.java:setRole(329)) - aaa796c8-aced-4c19-8914-014df42c39e4@group-5F039740BA65: changes role from  FOLLOWER to CANDIDATE at term 0 for changeToCandidate
2023-08-25 08:52:43,087 [aaa796c8-aced-4c19-8914-014df42c39e4@group-5F039740BA65-FollowerState] INFO  server.RaftServerConfigKeys (ConfUtils.java:logGet(46)) - raft.server.leaderelection.pre-vote = true (default)
2023-08-25 08:52:43,087 [aaa796c8-aced-4c19-8914-014df42c39e4@group-5F039740BA65-FollowerState] INFO  impl.RoleInfo (RoleInfo.java:updateAndGet(139)) - aaa796c8-aced-4c19-8914-014df42c39e4: start aaa796c8-aced-4c19-8914-014df42c39e4@group-5F039740BA65-LeaderElection31
2023-08-25 08:52:43,092 [ReplicationMonitor] INFO  replication.ReplicationManager (ReplicationManager.java:processAll(361)) - Replication Manager is not ready to run until 3000ms after safemode exit
2023-08-25 08:52:43,092 [aaa796c8-aced-4c19-8914-014df42c39e4@group-2AD0DEEE9506-FollowerState] INFO  impl.FollowerState (FollowerState.java:run(143)) - aaa796c8-aced-4c19-8914-014df42c39e4@group-2AD0DEEE9506-FollowerState: change to CANDIDATE, lastRpcElapsedTime:5292398982ns, electionTimeout:5171ms
2023-08-25 08:52:43,092 [JvmPauseMonitor22] WARN  util.JvmPauseMonitor (JvmPauseMonitor.java:detectPause(124)) - JvmPauseMonitor-om1: Detected pause in JVM or host machine approximately 0.118s with 0.442s GC time.
GC pool 'PS MarkSweep' had collection(s): count=1 time=282ms
GC pool 'PS Scavenge' had collection(s): count=1 time=160ms
2023-08-25 08:52:43,093 [JvmPauseMonitor27] WARN  util.JvmPauseMonitor (JvmPauseMonitor.java:detectPause(124)) - JvmPauseMonitor-42538958-ec24-4190-90a2-8f41139170d9: Detected pause in JVM or host machine approximately 0.268s with 0.442s GC time.
GC pool 'PS MarkSweep' had collection(s): count=1 time=282ms
GC pool 'PS Scavenge' had collection(s): count=1 time=160ms
2023-08-25 08:52:43,093 [JvmPauseMonitor24] WARN  util.JvmPauseMonitor (JvmPauseMonitor.java:detectPause(124)) - JvmPauseMonitor-aaa796c8-aced-4c19-8914-014df42c39e4: Detected pause in JVM or host machine approximately 0.234s with 0.442s GC time.
GC pool 'PS MarkSweep' had collection(s): count=1 time=282ms
GC pool 'PS Scavenge' had collection(s): count=1 time=160ms
2023-08-25 08:52:43,092 [aaa796c8-aced-4c19-8914-014df42c39e4@group-2AD0DEEE9506-FollowerState] INFO  impl.RoleInfo (RoleInfo.java:shutdownFollowerState(110)) - aaa796c8-aced-4c19-8914-014df42c39e4: shutdown aaa796c8-aced-4c19-8914-014df42c39e4@group-2AD0DEEE9506-FollowerState
2023-08-25 08:52:43,094 [aaa796c8-aced-4c19-8914-014df42c39e4@group-2AD0DEEE9506-FollowerState] INFO  server.RaftServer$Division (RaftServerImpl.java:setRole(329)) - aaa796c8-aced-4c19-8914-014df42c39e4@group-2AD0DEEE9506: changes role from  FOLLOWER to CANDIDATE at term 0 for changeToCandidate
2023-08-25 08:52:43,094 [aaa796c8-aced-4c19-8914-014df42c39e4@group-2AD0DEEE9506-FollowerState] INFO  server.RaftServerConfigKeys (ConfUtils.java:logGet(46)) - raft.server.leaderelection.pre-vote = true (default)
2023-08-25 08:52:43,094 [aaa796c8-aced-4c19-8914-014df42c39e4@group-2AD0DEEE9506-FollowerState] INFO  impl.RoleInfo (RoleInfo.java:updateAndGet(139)) - aaa796c8-aced-4c19-8914-014df42c39e4: start aaa796c8-aced-4c19-8914-014df42c39e4@group-2AD0DEEE9506-LeaderElection32
2023-08-25 08:52:43,094 [Time-limited test] INFO  ozone.MiniOzoneClusterImpl (MiniOzoneClusterImpl.java:lambda$waitForClusterToBeReady$0(224)) - Nodes are ready. Got 5 of 5 DN Heartbeats.
2023-08-25 08:52:43,094 [Time-limited test] INFO  ozone.MiniOzoneClusterImpl (MiniOzoneClusterImpl.java:lambda$waitForClusterToBeReady$0(227)) - Waiting for cluster to exit safe mode
2023-08-25 08:52:43,095 [Time-limited test] INFO  ozone.MiniOzoneClusterImpl (MiniOzoneClusterImpl.java:lambda$waitForClusterToBeReady$0(229)) - SCM became leader
2023-08-25 08:52:43,096 [e10cda8e-4bea-44c9-8078-2ce611a3a813@group-5F039740BA65-FollowerState] WARN  impl.FollowerState (FollowerState.java:run(130)) - Unexpected long sleep: sleep 5181ms but took extra 395478244ns (> threshold = 300ms)
2023-08-25 08:52:43,096 [e10cda8e-4bea-44c9-8078-2ce611a3a813@group-5F039740BA65-FollowerState] INFO  server.RaftServerConfigKeys (ConfUtils.java:logFallback(53)) - raft.server.rpc.first-election.timeout.min = 5s (fallback to raft.server.rpc.timeout.min)
2023-08-25 08:52:43,096 [e10cda8e-4bea-44c9-8078-2ce611a3a813@group-5F039740BA65-FollowerState] INFO  server.RaftServerConfigKeys (ConfUtils.java:logFallback(53)) - raft.server.rpc.first-election.timeout.max = 5200ms (fallback to raft.server.rpc.timeout.max)
2023-08-25 08:52:43,094 [6a511105-798d-4035-a071-a904e0472807@group-606FF9491D12-FollowerState] WARN  impl.FollowerState (FollowerState.java:run(130)) - Unexpected long sleep: sleep 5057ms but took extra 357010072ns (> threshold = 300ms)
2023-08-25 08:52:43,097 [6a511105-798d-4035-a071-a904e0472807@group-606FF9491D12-FollowerState] INFO  server.RaftServerConfigKeys (ConfUtils.java:logFallback(53)) - raft.server.rpc.first-election.timeout.min = 5s (fallback to raft.server.rpc.timeout.min)
2023-08-25 08:52:43,097 [6a511105-798d-4035-a071-a904e0472807@group-606FF9491D12-FollowerState] INFO  server.RaftServerConfigKeys (ConfUtils.java:logFallback(53)) - raft.server.rpc.first-election.timeout.max = 5200ms (fallback to raft.server.rpc.timeout.max)
2023-08-25 08:52:43,097 [JvmPauseMonitor25] WARN  util.JvmPauseMonitor (JvmPauseMonitor.java:detectPause(124)) - JvmPauseMonitor-6a511105-798d-4035-a071-a904e0472807: Detected pause in JVM or host machine approximately 0.399s with 0.442s GC time.
GC pool 'PS MarkSweep' had collection(s): count=1 time=282ms
GC pool 'PS Scavenge' had collection(s): count=1 time=160ms
2023-08-25 08:52:43,095 [e10cda8e-4bea-44c9-8078-2ce611a3a813@group-606FF9491D12-FollowerState] WARN  impl.FollowerState (FollowerState.java:run(130)) - Unexpected long sleep: sleep 5113ms but took extra 365354365ns (> threshold = 300ms)
2023-08-25 08:52:43,097 [e10cda8e-4bea-44c9-8078-2ce611a3a813@group-606FF9491D12-FollowerState] INFO  server.RaftServerConfigKeys (ConfUtils.java:logFallback(53)) - raft.server.rpc.first-election.timeout.min = 5s (fallback to raft.server.rpc.timeout.min)
2023-08-25 08:52:43,097 [e10cda8e-4bea-44c9-8078-2ce611a3a813@group-606FF9491D12-FollowerState] INFO  server.RaftServerConfigKeys (ConfUtils.java:logFallback(53)) - raft.server.rpc.first-election.timeout.max = 5200ms (fallback to raft.server.rpc.timeout.max)
2023-08-25 08:52:43,097 [6a511105-798d-4035-a071-a904e0472807@group-5F039740BA65-FollowerState] WARN  impl.FollowerState (FollowerState.java:run(130)) - Unexpected long sleep: sleep 5122ms but took extra 418120215ns (> threshold = 300ms)
2023-08-25 08:52:43,097 [6a511105-798d-4035-a071-a904e0472807@group-5F039740BA65-FollowerState] INFO  server.RaftServerConfigKeys (ConfUtils.java:logFallback(53)) - raft.server.rpc.first-election.timeout.min = 5s (fallback to raft.server.rpc.timeout.min)
2023-08-25 08:52:43,097 [6a511105-798d-4035-a071-a904e0472807@group-5F039740BA65-FollowerState] INFO  server.RaftServerConfigKeys (ConfUtils.java:logFallback(53)) - raft.server.rpc.first-election.timeout.max = 5200ms (fallback to raft.server.rpc.timeout.max)
2023-08-25 08:52:43,094 [aaa796c8-aced-4c19-8914-014df42c39e4@group-606FF9491D12-FollowerState] WARN  impl.FollowerState (FollowerState.java:run(130)) - Unexpected long sleep: sleep 5075ms but took extra 374552656ns (> threshold = 300ms)
2023-08-25 08:52:43,097 [aaa796c8-aced-4c19-8914-014df42c39e4@group-606FF9491D12-FollowerState] INFO  server.RaftServerConfigKeys (ConfUtils.java:logFallback(53)) - raft.server.rpc.first-election.timeout.min = 5s (fallback to raft.server.rpc.timeout.min)
2023-08-25 08:52:43,097 [aaa796c8-aced-4c19-8914-014df42c39e4@group-606FF9491D12-FollowerState] INFO  server.RaftServerConfigKeys (ConfUtils.java:logFallback(53)) - raft.server.rpc.first-election.timeout.max = 5200ms (fallback to raft.server.rpc.timeout.max)
2023-08-25 08:52:43,099 [aaa796c8-aced-4c19-8914-014df42c39e4@group-2AD0DEEE9506-LeaderElection32] INFO  impl.LeaderElection (LeaderElection.java:askForVotes(321)) - aaa796c8-aced-4c19-8914-014df42c39e4@group-2AD0DEEE9506-LeaderElection32 PRE_VOTE round 0: submit vote requests at term 0 for -1: peers:[aaa796c8-aced-4c19-8914-014df42c39e4|rpc:10.1.0.19:15182|admin:10.1.0.19:15181|client:10.1.0.19:15180|dataStream:10.1.0.19:15183|priority:1|startupRole:FOLLOWER]|listeners:[], old=null
2023-08-25 08:52:43,099 [aaa796c8-aced-4c19-8914-014df42c39e4@group-2AD0DEEE9506-LeaderElection32] INFO  impl.LeaderElection (LeaderElection.java:askForVotes(323)) - aaa796c8-aced-4c19-8914-014df42c39e4@group-2AD0DEEE9506-LeaderElection32 PRE_VOTE round 0: result PASSED (term=0)
2023-08-25 08:52:43,114 [aaa796c8-aced-4c19-8914-014df42c39e4@group-2AD0DEEE9506-LeaderElection32] INFO  impl.LeaderElection (LeaderElection.java:askForVotes(321)) - aaa796c8-aced-4c19-8914-014df42c39e4@group-2AD0DEEE9506-LeaderElection32 ELECTION round 0: submit vote requests at term 1 for -1: peers:[aaa796c8-aced-4c19-8914-014df42c39e4|rpc:10.1.0.19:15182|admin:10.1.0.19:15181|client:10.1.0.19:15180|dataStream:10.1.0.19:15183|priority:1|startupRole:FOLLOWER]|listeners:[], old=null
2023-08-25 08:52:43,114 [aaa796c8-aced-4c19-8914-014df42c39e4@group-2AD0DEEE9506-LeaderElection32] INFO  impl.LeaderElection (LeaderElection.java:askForVotes(323)) - aaa796c8-aced-4c19-8914-014df42c39e4@group-2AD0DEEE9506-LeaderElection32 ELECTION round 0: result PASSED (term=1)
2023-08-25 08:52:43,114 [aaa796c8-aced-4c19-8914-014df42c39e4@group-2AD0DEEE9506-LeaderElection32] INFO  impl.RoleInfo (RoleInfo.java:shutdownLeaderElection(130)) - aaa796c8-aced-4c19-8914-014df42c39e4: shutdown aaa796c8-aced-4c19-8914-014df42c39e4@group-2AD0DEEE9506-LeaderElection32
2023-08-25 08:52:43,114 [aaa796c8-aced-4c19-8914-014df42c39e4@group-2AD0DEEE9506-LeaderElection32] INFO  server.RaftServer$Division (RaftServerImpl.java:setRole(329)) - aaa796c8-aced-4c19-8914-014df42c39e4@group-2AD0DEEE9506: changes role from CANDIDATE to LEADER at term 1 for changeToLeader
2023-08-25 08:52:43,114 [aaa796c8-aced-4c19-8914-014df42c39e4@group-2AD0DEEE9506-LeaderElection32] INFO  ratis.XceiverServerRatis (XceiverServerRatis.java:handleLeaderChangedNotification(902)) - Leader change notification received for group: group-2AD0DEEE9506 with new leaderId: aaa796c8-aced-4c19-8914-014df42c39e4
2023-08-25 08:52:43,114 [aaa796c8-aced-4c19-8914-014df42c39e4@group-2AD0DEEE9506-LeaderElection32] INFO  server.RaftServer$Division (ServerState.java:setLeader(317)) - aaa796c8-aced-4c19-8914-014df42c39e4@group-2AD0DEEE9506: change Leader from null to aaa796c8-aced-4c19-8914-014df42c39e4 at term 1 for becomeLeader, leader elected after 5328ms
2023-08-25 08:52:43,115 [aaa796c8-aced-4c19-8914-014df42c39e4@group-2AD0DEEE9506-LeaderElection32] INFO  server.RaftServerConfigKeys (ConfUtils.java:logGet(46)) - raft.server.staging.catchup.gap = 1000 (default)
2023-08-25 08:52:43,115 [aaa796c8-aced-4c19-8914-014df42c39e4@group-5F039740BA65-LeaderElection31] INFO  impl.LeaderElection (LeaderElection.java:askForVotes(321)) - aaa796c8-aced-4c19-8914-014df42c39e4@group-5F039740BA65-LeaderElection31 PRE_VOTE round 0: submit vote requests at term 0 for -1: peers:[aaa796c8-aced-4c19-8914-014df42c39e4|rpc:10.1.0.19:15182|admin:10.1.0.19:15181|client:10.1.0.19:15180|dataStream:10.1.0.19:15183|priority:0|startupRole:FOLLOWER, e10cda8e-4bea-44c9-8078-2ce611a3a813|rpc:10.1.0.19:15173|admin:10.1.0.19:15172|client:10.1.0.19:15171|dataStream:10.1.0.19:15174|priority:0|startupRole:FOLLOWER, 6a511105-798d-4035-a071-a904e0472807|rpc:10.1.0.19:15191|admin:10.1.0.19:15190|client:10.1.0.19:15189|dataStream:10.1.0.19:15192|priority:1|startupRole:FOLLOWER]|listeners:[], old=null
2023-08-25 08:52:43,115 [EventQueue-OpenPipelineForHealthyPipelineSafeModeRule] INFO  safemode.SCMSafeModeManager (HealthyPipelineSafeModeRule.java:process(137)) - SCM in safe mode. Healthy pipelines reported count is 0, required healthy pipeline reported count is 1
2023-08-25 08:52:43,116 [aaa796c8-aced-4c19-8914-014df42c39e4@group-2AD0DEEE9506-LeaderElection32] INFO  server.RaftServerConfigKeys (ConfUtils.java:logGet(46)) - raft.server.write.element-limit = 1024 (custom)
2023-08-25 08:52:43,116 [aaa796c8-aced-4c19-8914-014df42c39e4@group-2AD0DEEE9506-LeaderElection32] INFO  server.RaftServerConfigKeys (ConfUtils.java:logGet(46)) - raft.server.write.byte-limit = 1024 M (=1073741824) (custom)
2023-08-25 08:52:43,116 [aaa796c8-aced-4c19-8914-014df42c39e4@group-2AD0DEEE9506-LeaderElection32] INFO  server.RaftServerConfigKeys (ConfUtils.java:logGet(46)) - raft.server.watch.timeout = 180s (custom)
2023-08-25 08:52:43,116 [aaa796c8-aced-4c19-8914-014df42c39e4@group-2AD0DEEE9506-LeaderElection32] INFO  server.RaftServerConfigKeys (ConfUtils.java:logGet(46)) - raft.server.watch.timeout.denomination = 1s (default)
2023-08-25 08:52:43,116 [aaa796c8-aced-4c19-8914-014df42c39e4@group-2AD0DEEE9506-LeaderElection32] INFO  server.RaftServerConfigKeys (ConfUtils.java:logGet(46)) - raft.server.watch.element-limit = 65536 (default)
2023-08-25 08:52:43,117 [aaa796c8-aced-4c19-8914-014df42c39e4@group-2AD0DEEE9506-LeaderElection32] INFO  server.RaftServerConfigKeys (ConfUtils.java:logGet(46)) - raft.server.write.element-limit = 1024 (custom)
2023-08-25 08:52:43,117 [aaa796c8-aced-4c19-8914-014df42c39e4@group-2AD0DEEE9506-LeaderElection32] INFO  server.RaftServerConfigKeys (ConfUtils.java:logGet(46)) - raft.server.write.follower.gap.ratio.max = -1.0 (default)
2023-08-25 08:52:43,117 [aaa796c8-aced-4c19-8914-014df42c39e4@group-2AD0DEEE9506-LeaderElection32] INFO  impl.RoleInfo (RoleInfo.java:updateAndGet(139)) - aaa796c8-aced-4c19-8914-014df42c39e4: start aaa796c8-aced-4c19-8914-014df42c39e4@group-2AD0DEEE9506-LeaderStateImpl
2023-08-25 08:52:43,117 [aaa796c8-aced-4c19-8914-014df42c39e4@group-2AD0DEEE9506-LeaderElection32] INFO  segmented.SegmentedRaftLogWorker (SegmentedRaftLogWorker.java:startLogSegment(447)) - aaa796c8-aced-4c19-8914-014df42c39e4@group-2AD0DEEE9506-SegmentedRaftLogWorker: Starting segment from index:0
2023-08-25 08:52:43,118 [aaa796c8-aced-4c19-8914-014df42c39e4@group-5F039740BA65-LeaderElection31-1] INFO  server.GrpcServerProtocolClient (GrpcServerProtocolClient.java:<init>(65)) - Build channel for e10cda8e-4bea-44c9-8078-2ce611a3a813
2023-08-25 08:52:43,120 [aaa796c8-aced-4c19-8914-014df42c39e4@group-5F039740BA65-LeaderElection31] INFO  server.RaftServerConfigKeys (ConfUtils.java:logFallback(53)) - raft.server.rpc.first-election.timeout.min = 5s (fallback to raft.server.rpc.timeout.min)
2023-08-25 08:52:43,120 [aaa796c8-aced-4c19-8914-014df42c39e4@group-5F039740BA65-LeaderElection31] INFO  server.RaftServerConfigKeys (ConfUtils.java:logFallback(53)) - raft.server.rpc.first-election.timeout.max = 5200ms (fallback to raft.server.rpc.timeout.max)
2023-08-25 08:52:43,121 [aaa796c8-aced-4c19-8914-014df42c39e4@group-5F039740BA65-LeaderElection31-2] INFO  server.GrpcServerProtocolClient (GrpcServerProtocolClient.java:<init>(65)) - Build channel for 6a511105-798d-4035-a071-a904e0472807
2023-08-25 08:52:43,122 [aaa796c8-aced-4c19-8914-014df42c39e4@group-2AD0DEEE9506-SegmentedRaftLogWorker] INFO  segmented.SegmentedRaftLogWorker (SegmentedRaftLogWorker.java:execute(651)) - aaa796c8-aced-4c19-8914-014df42c39e4@group-2AD0DEEE9506-SegmentedRaftLogWorker: created new log segment /home/runner/work/ozone/ozone/hadoop-ozone/integration-test/target/test-dir/MiniOzoneClusterImpl-ea041547-065d-47c9-8c6f-7cbf64d7cdf8/datanode-1/data/ratis/694e510b-b2e0-4d10-b615-2ad0deee9506/current/log_inprogress_0
2023-08-25 08:52:43,125 [aaa796c8-aced-4c19-8914-014df42c39e4@group-2AD0DEEE9506-LeaderElection32] INFO  server.RaftServer$Division (ServerState.java:setRaftConf(434)) - aaa796c8-aced-4c19-8914-014df42c39e4@group-2AD0DEEE9506: set configuration 0: peers:[aaa796c8-aced-4c19-8914-014df42c39e4|rpc:10.1.0.19:15182|admin:10.1.0.19:15181|client:10.1.0.19:15180|dataStream:10.1.0.19:15183|priority:1|startupRole:FOLLOWER]|listeners:[], old=null
2023-08-25 08:52:43,131 [grpc-default-executor-0] INFO  server.RaftServer$Division (RaftServerImpl.java:requestVote(1302)) - e10cda8e-4bea-44c9-8078-2ce611a3a813@group-5F039740BA65: receive requestVote(PRE_VOTE, aaa796c8-aced-4c19-8914-014df42c39e4, group-5F039740BA65, 0, (t:0, i:0))
2023-08-25 08:52:43,131 [grpc-default-executor-0] INFO  impl.VoteContext (VoteContext.java:log(49)) - e10cda8e-4bea-44c9-8078-2ce611a3a813@group-5F039740BA65-FOLLOWER: accept PRE_VOTE from aaa796c8-aced-4c19-8914-014df42c39e4: our priority 0 <= candidate's priority 0
2023-08-25 08:52:43,132 [grpc-default-executor-0] INFO  server.RaftServer$Division (RaftServerImpl.java:requestVote(1335)) - e10cda8e-4bea-44c9-8078-2ce611a3a813@group-5F039740BA65 replies to PRE_VOTE vote request: aaa796c8-aced-4c19-8914-014df42c39e4<-e10cda8e-4bea-44c9-8078-2ce611a3a813#0:OK-t0. Peer's state: e10cda8e-4bea-44c9-8078-2ce611a3a813@group-5F039740BA65:t0, leader=null, voted=, raftlog=Memoized:e10cda8e-4bea-44c9-8078-2ce611a3a813@group-5F039740BA65-SegmentedRaftLog:OPENED:c-1, conf=-1: peers:[aaa796c8-aced-4c19-8914-014df42c39e4|rpc:10.1.0.19:15182|admin:10.1.0.19:15181|client:10.1.0.19:15180|dataStream:10.1.0.19:15183|priority:0|startupRole:FOLLOWER, e10cda8e-4bea-44c9-8078-2ce611a3a813|rpc:10.1.0.19:15173|admin:10.1.0.19:15172|client:10.1.0.19:15171|dataStream:10.1.0.19:15174|priority:0|startupRole:FOLLOWER, 6a511105-798d-4035-a071-a904e0472807|rpc:10.1.0.19:15191|admin:10.1.0.19:15190|client:10.1.0.19:15189|dataStream:10.1.0.19:15192|priority:1|startupRole:FOLLOWER]|listeners:[], old=null
2023-08-25 08:52:43,140 [grpc-default-executor-1] INFO  server.RaftServer$Division (RaftServerImpl.java:requestVote(1302)) - 6a511105-798d-4035-a071-a904e0472807@group-5F039740BA65: receive requestVote(PRE_VOTE, aaa796c8-aced-4c19-8914-014df42c39e4, group-5F039740BA65, 0, (t:0, i:0))
2023-08-25 08:52:43,140 [grpc-default-executor-1] INFO  impl.VoteContext (VoteContext.java:log(49)) - 6a511105-798d-4035-a071-a904e0472807@group-5F039740BA65-FOLLOWER: reject PRE_VOTE from aaa796c8-aced-4c19-8914-014df42c39e4: our priority 1 > candidate's priority 0
2023-08-25 08:52:43,141 [grpc-default-executor-1] INFO  server.RaftServer$Division (RaftServerImpl.java:requestVote(1335)) - 6a511105-798d-4035-a071-a904e0472807@group-5F039740BA65 replies to PRE_VOTE vote request: aaa796c8-aced-4c19-8914-014df42c39e4<-6a511105-798d-4035-a071-a904e0472807#0:FAIL-t0. Peer's state: 6a511105-798d-4035-a071-a904e0472807@group-5F039740BA65:t0, leader=null, voted=, raftlog=Memoized:6a511105-798d-4035-a071-a904e0472807@group-5F039740BA65-SegmentedRaftLog:OPENED:c-1, conf=-1: peers:[aaa796c8-aced-4c19-8914-014df42c39e4|rpc:10.1.0.19:15182|admin:10.1.0.19:15181|client:10.1.0.19:15180|dataStream:10.1.0.19:15183|priority:0|startupRole:FOLLOWER, e10cda8e-4bea-44c9-8078-2ce611a3a813|rpc:10.1.0.19:15173|admin:10.1.0.19:15172|client:10.1.0.19:15171|dataStream:10.1.0.19:15174|priority:0|startupRole:FOLLOWER, 6a511105-798d-4035-a071-a904e0472807|rpc:10.1.0.19:15191|admin:10.1.0.19:15190|client:10.1.0.19:15189|dataStream:10.1.0.19:15192|priority:1|startupRole:FOLLOWER]|listeners:[], old=null
2023-08-25 08:52:43,143 [aaa796c8-aced-4c19-8914-014df42c39e4@group-5F039740BA65-LeaderElection31] INFO  impl.LeaderElection (LeaderElection.java:logAndReturn(90)) - aaa796c8-aced-4c19-8914-014df42c39e4@group-5F039740BA65-LeaderElection31: PRE_VOTE REJECTED received 2 response(s) and 0 exception(s):
2023-08-25 08:52:43,143 [aaa796c8-aced-4c19-8914-014df42c39e4@group-5F039740BA65-LeaderElection31] INFO  impl.LeaderElection (LeaderElection.java:logAndReturn(94)) -   Response 0: aaa796c8-aced-4c19-8914-014df42c39e4<-e10cda8e-4bea-44c9-8078-2ce611a3a813#0:OK-t0
2023-08-25 08:52:43,143 [aaa796c8-aced-4c19-8914-014df42c39e4@group-5F039740BA65-LeaderElection31] INFO  impl.LeaderElection (LeaderElection.java:logAndReturn(94)) -   Response 1: aaa796c8-aced-4c19-8914-014df42c39e4<-6a511105-798d-4035-a071-a904e0472807#0:FAIL-t0
2023-08-25 08:52:43,143 [aaa796c8-aced-4c19-8914-014df42c39e4@group-5F039740BA65-LeaderElection31] INFO  impl.LeaderElection (LeaderElection.java:askForVotes(323)) - aaa796c8-aced-4c19-8914-014df42c39e4@group-5F039740BA65-LeaderElection31 PRE_VOTE round 0: result REJECTED
2023-08-25 08:52:43,143 [aaa796c8-aced-4c19-8914-014df42c39e4@group-5F039740BA65-LeaderElection31] INFO  server.RaftServer$Division (RaftServerImpl.java:setRole(329)) - aaa796c8-aced-4c19-8914-014df42c39e4@group-5F039740BA65: changes role from CANDIDATE to FOLLOWER at term 0 for REJECTED
2023-08-25 08:52:43,143 [aaa796c8-aced-4c19-8914-014df42c39e4@group-5F039740BA65-LeaderElection31] INFO  impl.RoleInfo (RoleInfo.java:shutdownLeaderElection(130)) - aaa796c8-aced-4c19-8914-014df42c39e4: shutdown aaa796c8-aced-4c19-8914-014df42c39e4@group-5F039740BA65-LeaderElection31
2023-08-25 08:52:43,143 [aaa796c8-aced-4c19-8914-014df42c39e4@group-5F039740BA65-LeaderElection31] INFO  impl.RoleInfo (RoleInfo.java:updateAndGet(139)) - aaa796c8-aced-4c19-8914-014df42c39e4: start aaa796c8-aced-4c19-8914-014df42c39e4@group-5F039740BA65-FollowerState
2023-08-25 08:52:43,182 [6a511105-798d-4035-a071-a904e0472807@group-2D44117002FF-FollowerState] INFO  impl.FollowerState (FollowerState.java:run(143)) - 6a511105-798d-4035-a071-a904e0472807@group-2D44117002FF-FollowerState: change to CANDIDATE, lastRpcElapsedTime:5027678786ns, electionTimeout:5027ms
2023-08-25 08:52:43,182 [6a511105-798d-4035-a071-a904e0472807@group-2D44117002FF-FollowerState] INFO  impl.RoleInfo (RoleInfo.java:shutdownFollowerState(110)) - 6a511105-798d-4035-a071-a904e0472807: shutdown 6a511105-798d-4035-a071-a904e0472807@group-2D44117002FF-FollowerState
2023-08-25 08:52:43,182 [6a511105-798d-4035-a071-a904e0472807@group-2D44117002FF-FollowerState] INFO  server.RaftServer$Division (RaftServerImpl.java:setRole(329)) - 6a511105-798d-4035-a071-a904e0472807@group-2D44117002FF: changes role from  FOLLOWER to CANDIDATE at term 0 for changeToCandidate
2023-08-25 08:52:43,182 [6a511105-798d-4035-a071-a904e0472807@group-2D44117002FF-FollowerState] INFO  server.RaftServerConfigKeys (ConfUtils.java:logGet(46)) - raft.server.leaderelection.pre-vote = true (default)
2023-08-25 08:52:43,182 [6a511105-798d-4035-a071-a904e0472807@group-2D44117002FF-FollowerState] INFO  impl.RoleInfo (RoleInfo.java:updateAndGet(139)) - 6a511105-798d-4035-a071-a904e0472807: start 6a511105-798d-4035-a071-a904e0472807@group-2D44117002FF-LeaderElection33
2023-08-25 08:52:43,184 [6a511105-798d-4035-a071-a904e0472807@group-2D44117002FF-LeaderElection33] INFO  impl.LeaderElection (LeaderElection.java:askForVotes(321)) - 6a511105-798d-4035-a071-a904e0472807@group-2D44117002FF-LeaderElection33 PRE_VOTE round 0: submit vote requests at term 0 for -1: peers:[6a511105-798d-4035-a071-a904e0472807|rpc:10.1.0.19:15191|admin:10.1.0.19:15190|client:10.1.0.19:15189|dataStream:10.1.0.19:15192|priority:1|startupRole:FOLLOWER]|listeners:[], old=null
2023-08-25 08:52:43,184 [6a511105-798d-4035-a071-a904e0472807@group-2D44117002FF-LeaderElection33] INFO  impl.LeaderElection (LeaderElection.java:askForVotes(323)) - 6a511105-798d-4035-a071-a904e0472807@group-2D44117002FF-LeaderElection33 PRE_VOTE round 0: result PASSED (term=0)
2023-08-25 08:52:43,186 [6a511105-798d-4035-a071-a904e0472807@group-2D44117002FF-LeaderElection33] INFO  impl.LeaderElection (LeaderElection.java:askForVotes(321)) - 6a511105-798d-4035-a071-a904e0472807@group-2D44117002FF-LeaderElection33 ELECTION round 0: submit vote requests at term 1 for -1: peers:[6a511105-798d-4035-a071-a904e0472807|rpc:10.1.0.19:15191|admin:10.1.0.19:15190|client:10.1.0.19:15189|dataStream:10.1.0.19:15192|priority:1|startupRole:FOLLOWER]|listeners:[], old=null
2023-08-25 08:52:43,186 [6a511105-798d-4035-a071-a904e0472807@group-2D44117002FF-LeaderElection33] INFO  impl.LeaderElection (LeaderElection.java:askForVotes(323)) - 6a511105-798d-4035-a071-a904e0472807@group-2D44117002FF-LeaderElection33 ELECTION round 0: result PASSED (term=1)
2023-08-25 08:52:43,186 [6a511105-798d-4035-a071-a904e0472807@group-2D44117002FF-LeaderElection33] INFO  impl.RoleInfo (RoleInfo.java:shutdownLeaderElection(130)) - 6a511105-798d-4035-a071-a904e0472807: shutdown 6a511105-798d-4035-a071-a904e0472807@group-2D44117002FF-LeaderElection33
2023-08-25 08:52:43,186 [6a511105-798d-4035-a071-a904e0472807@group-2D44117002FF-LeaderElection33] INFO  server.RaftServer$Division (RaftServerImpl.java:setRole(329)) - 6a511105-798d-4035-a071-a904e0472807@group-2D44117002FF: changes role from CANDIDATE to LEADER at term 1 for changeToLeader
2023-08-25 08:52:43,186 [6a511105-798d-4035-a071-a904e0472807@group-2D44117002FF-LeaderElection33] INFO  ratis.XceiverServerRatis (XceiverServerRatis.java:handleLeaderChangedNotification(902)) - Leader change notification received for group: group-2D44117002FF with new leaderId: 6a511105-798d-4035-a071-a904e0472807
2023-08-25 08:52:43,186 [6a511105-798d-4035-a071-a904e0472807@group-2D44117002FF-LeaderElection33] INFO  server.RaftServer$Division (ServerState.java:setLeader(317)) - 6a511105-798d-4035-a071-a904e0472807@group-2D44117002FF: change Leader from null to 6a511105-798d-4035-a071-a904e0472807 at term 1 for becomeLeader, leader elected after 5047ms
2023-08-25 08:52:43,186 [6a511105-798d-4035-a071-a904e0472807@group-2D44117002FF-LeaderElection33] INFO  server.RaftServerConfigKeys (ConfUtils.java:logGet(46)) - raft.server.staging.catchup.gap = 1000 (default)
2023-08-25 08:52:43,187 [6a511105-798d-4035-a071-a904e0472807@group-2D44117002FF-LeaderElection33] INFO  server.RaftServerConfigKeys (ConfUtils.java:logGet(46)) - raft.server.write.element-limit = 1024 (custom)
2023-08-25 08:52:43,187 [6a511105-798d-4035-a071-a904e0472807@group-2D44117002FF-LeaderElection33] INFO  server.RaftServerConfigKeys (ConfUtils.java:logGet(46)) - raft.server.write.byte-limit = 1024 M (=1073741824) (custom)
2023-08-25 08:52:43,188 [6a511105-798d-4035-a071-a904e0472807@group-2D44117002FF-LeaderElection33] INFO  server.RaftServerConfigKeys (ConfUtils.java:logGet(46)) - raft.server.watch.timeout = 180s (custom)
2023-08-25 08:52:43,188 [6a511105-798d-4035-a071-a904e0472807@group-2D44117002FF-LeaderElection33] INFO  server.RaftServerConfigKeys (ConfUtils.java:logGet(46)) - raft.server.watch.timeout.denomination = 1s (default)
2023-08-25 08:52:43,188 [6a511105-798d-4035-a071-a904e0472807@group-2D44117002FF-LeaderElection33] INFO  server.RaftServerConfigKeys (ConfUtils.java:logGet(46)) - raft.server.watch.element-limit = 65536 (default)
2023-08-25 08:52:43,188 [6a511105-798d-4035-a071-a904e0472807@group-2D44117002FF-LeaderElection33] INFO  server.RaftServerConfigKeys (ConfUtils.java:logGet(46)) - raft.server.write.element-limit = 1024 (custom)
2023-08-25 08:52:43,188 [6a511105-798d-4035-a071-a904e0472807@group-2D44117002FF-LeaderElection33] INFO  server.RaftServerConfigKeys (ConfUtils.java:logGet(46)) - raft.server.write.follower.gap.ratio.max = -1.0 (default)
2023-08-25 08:52:43,188 [EventQueue-OpenPipelineForHealthyPipelineSafeModeRule] INFO  safemode.SCMSafeModeManager (HealthyPipelineSafeModeRule.java:process(137)) - SCM in safe mode. Healthy pipelines reported count is 0, required healthy pipeline reported count is 1
2023-08-25 08:52:43,189 [6a511105-798d-4035-a071-a904e0472807@group-2D44117002FF-LeaderElection33] INFO  impl.RoleInfo (RoleInfo.java:updateAndGet(139)) - 6a511105-798d-4035-a071-a904e0472807: start 6a511105-798d-4035-a071-a904e0472807@group-2D44117002FF-LeaderStateImpl
2023-08-25 08:52:43,189 [6a511105-798d-4035-a071-a904e0472807@group-2D44117002FF-LeaderElection33] INFO  segmented.SegmentedRaftLogWorker (SegmentedRaftLogWorker.java:startLogSegment(447)) - 6a511105-798d-4035-a071-a904e0472807@group-2D44117002FF-SegmentedRaftLogWorker: Starting segment from index:0
2023-08-25 08:52:43,191 [6a511105-798d-4035-a071-a904e0472807@group-2D44117002FF-LeaderElection33] INFO  server.RaftServer$Division (ServerState.java:setRaftConf(434)) - 6a511105-798d-4035-a071-a904e0472807@group-2D44117002FF: set configuration 0: peers:[6a511105-798d-4035-a071-a904e0472807|rpc:10.1.0.19:15191|admin:10.1.0.19:15190|client:10.1.0.19:15189|dataStream:10.1.0.19:15192|priority:1|startupRole:FOLLOWER]|listeners:[], old=null
2023-08-25 08:52:43,192 [6a511105-798d-4035-a071-a904e0472807@group-2D44117002FF-SegmentedRaftLogWorker] INFO  segmented.SegmentedRaftLogWorker (SegmentedRaftLogWorker.java:execute(651)) - 6a511105-798d-4035-a071-a904e0472807@group-2D44117002FF-SegmentedRaftLogWorker: created new log segment /home/runner/work/ozone/ozone/hadoop-ozone/integration-test/target/test-dir/MiniOzoneClusterImpl-ea041547-065d-47c9-8c6f-7cbf64d7cdf8/datanode-2/data/ratis/79902cb1-3d2d-4179-8d83-2d44117002ff/current/log_inprogress_0
2023-08-25 08:52:43,587 [a412d968-2fe0-4f2a-9779-093f65c8ed8d@group-DFFC87AF8C54-FollowerState] INFO  impl.FollowerState (FollowerState.java:run(143)) - a412d968-2fe0-4f2a-9779-093f65c8ed8d@group-DFFC87AF8C54-FollowerState: change to CANDIDATE, lastRpcElapsedTime:5102628943ns, electionTimeout:5102ms
2023-08-25 08:52:43,588 [a412d968-2fe0-4f2a-9779-093f65c8ed8d@group-DFFC87AF8C54-FollowerState] INFO  impl.RoleInfo (RoleInfo.java:shutdownFollowerState(110)) - a412d968-2fe0-4f2a-9779-093f65c8ed8d: shutdown a412d968-2fe0-4f2a-9779-093f65c8ed8d@group-DFFC87AF8C54-FollowerState
2023-08-25 08:52:43,588 [a412d968-2fe0-4f2a-9779-093f65c8ed8d@group-DFFC87AF8C54-FollowerState] INFO  server.RaftServer$Division (RaftServerImpl.java:setRole(329)) - a412d968-2fe0-4f2a-9779-093f65c8ed8d@group-DFFC87AF8C54: changes role from  FOLLOWER to CANDIDATE at term 0 for changeToCandidate
2023-08-25 08:52:43,588 [a412d968-2fe0-4f2a-9779-093f65c8ed8d@group-DFFC87AF8C54-FollowerState] INFO  server.RaftServerConfigKeys (ConfUtils.java:logGet(46)) - raft.server.leaderelection.pre-vote = true (default)
2023-08-25 08:52:43,588 [a412d968-2fe0-4f2a-9779-093f65c8ed8d@group-DFFC87AF8C54-FollowerState] INFO  impl.RoleInfo (RoleInfo.java:updateAndGet(139)) - a412d968-2fe0-4f2a-9779-093f65c8ed8d: start a412d968-2fe0-4f2a-9779-093f65c8ed8d@group-DFFC87AF8C54-LeaderElection34
2023-08-25 08:52:43,590 [a412d968-2fe0-4f2a-9779-093f65c8ed8d@group-DFFC87AF8C54-LeaderElection34] INFO  impl.LeaderElection (LeaderElection.java:askForVotes(321)) - a412d968-2fe0-4f2a-9779-093f65c8ed8d@group-DFFC87AF8C54-LeaderElection34 PRE_VOTE round 0: submit vote requests at term 0 for -1: peers:[a412d968-2fe0-4f2a-9779-093f65c8ed8d|rpc:10.1.0.19:15200|admin:10.1.0.19:15199|client:10.1.0.19:15198|dataStream:10.1.0.19:15201|priority:1|startupRole:FOLLOWER]|listeners:[], old=null
2023-08-25 08:52:43,590 [a412d968-2fe0-4f2a-9779-093f65c8ed8d@group-DFFC87AF8C54-LeaderElection34] INFO  impl.LeaderElection (LeaderElection.java:askForVotes(323)) - a412d968-2fe0-4f2a-9779-093f65c8ed8d@group-DFFC87AF8C54-LeaderElection34 PRE_VOTE round 0: result PASSED (term=0)
2023-08-25 08:52:43,592 [a412d968-2fe0-4f2a-9779-093f65c8ed8d@group-DFFC87AF8C54-LeaderElection34] INFO  impl.LeaderElection (LeaderElection.java:askForVotes(321)) - a412d968-2fe0-4f2a-9779-093f65c8ed8d@group-DFFC87AF8C54-LeaderElection34 ELECTION round 0: submit vote requests at term 1 for -1: peers:[a412d968-2fe0-4f2a-9779-093f65c8ed8d|rpc:10.1.0.19:15200|admin:10.1.0.19:15199|client:10.1.0.19:15198|dataStream:10.1.0.19:15201|priority:1|startupRole:FOLLOWER]|listeners:[], old=null
2023-08-25 08:52:43,592 [a412d968-2fe0-4f2a-9779-093f65c8ed8d@group-DFFC87AF8C54-LeaderElection34] INFO  impl.LeaderElection (LeaderElection.java:askForVotes(323)) - a412d968-2fe0-4f2a-9779-093f65c8ed8d@group-DFFC87AF8C54-LeaderElection34 ELECTION round 0: result PASSED (term=1)
2023-08-25 08:52:43,592 [a412d968-2fe0-4f2a-9779-093f65c8ed8d@group-DFFC87AF8C54-LeaderElection34] INFO  impl.RoleInfo (RoleInfo.java:shutdownLeaderElection(130)) - a412d968-2fe0-4f2a-9779-093f65c8ed8d: shutdown a412d968-2fe0-4f2a-9779-093f65c8ed8d@group-DFFC87AF8C54-LeaderElection34
2023-08-25 08:52:43,592 [a412d968-2fe0-4f2a-9779-093f65c8ed8d@group-DFFC87AF8C54-LeaderElection34] INFO  server.RaftServer$Division (RaftServerImpl.java:setRole(329)) - a412d968-2fe0-4f2a-9779-093f65c8ed8d@group-DFFC87AF8C54: changes role from CANDIDATE to LEADER at term 1 for changeToLeader
2023-08-25 08:52:43,592 [a412d968-2fe0-4f2a-9779-093f65c8ed8d@group-DFFC87AF8C54-LeaderElection34] INFO  ratis.XceiverServerRatis (XceiverServerRatis.java:handleLeaderChangedNotification(902)) - Leader change notification received for group: group-DFFC87AF8C54 with new leaderId: a412d968-2fe0-4f2a-9779-093f65c8ed8d
2023-08-25 08:52:43,592 [a412d968-2fe0-4f2a-9779-093f65c8ed8d@group-DFFC87AF8C54-LeaderElection34] INFO  server.RaftServer$Division (ServerState.java:setLeader(317)) - a412d968-2fe0-4f2a-9779-093f65c8ed8d@group-DFFC87AF8C54: change Leader from null to a412d968-2fe0-4f2a-9779-093f65c8ed8d at term 1 for becomeLeader, leader elected after 5123ms
2023-08-25 08:52:43,592 [a412d968-2fe0-4f2a-9779-093f65c8ed8d@group-DFFC87AF8C54-LeaderElection34] INFO  server.RaftServerConfigKeys (ConfUtils.java:logGet(46)) - raft.server.staging.catchup.gap = 1000 (default)
2023-08-25 08:52:43,592 [a412d968-2fe0-4f2a-9779-093f65c8ed8d@group-DFFC87AF8C54-LeaderElection34] INFO  server.RaftServerConfigKeys (ConfUtils.java:logGet(46)) - raft.server.write.element-limit = 1024 (custom)
2023-08-25 08:52:43,592 [a412d968-2fe0-4f2a-9779-093f65c8ed8d@group-DFFC87AF8C54-LeaderElection34] INFO  server.RaftServerConfigKeys (ConfUtils.java:logGet(46)) - raft.server.write.byte-limit = 1024 M (=1073741824) (custom)
2023-08-25 08:52:43,593 [a412d968-2fe0-4f2a-9779-093f65c8ed8d@group-DFFC87AF8C54-LeaderElection34] INFO  server.RaftServerConfigKeys (ConfUtils.java:logGet(46)) - raft.server.watch.timeout = 180s (custom)
2023-08-25 08:52:43,593 [a412d968-2fe0-4f2a-9779-093f65c8ed8d@group-DFFC87AF8C54-LeaderElection34] INFO  server.RaftServerConfigKeys (ConfUtils.java:logGet(46)) - raft.server.watch.timeout.denomination = 1s (default)
2023-08-25 08:52:43,593 [a412d968-2fe0-4f2a-9779-093f65c8ed8d@group-DFFC87AF8C54-LeaderElection34] INFO  server.RaftServerConfigKeys (ConfUtils.java:logGet(46)) - raft.server.watch.element-limit = 65536 (default)
2023-08-25 08:52:43,593 [a412d968-2fe0-4f2a-9779-093f65c8ed8d@group-DFFC87AF8C54-LeaderElection34] INFO  server.RaftServerConfigKeys (ConfUtils.java:logGet(46)) - raft.server.write.element-limit = 1024 (custom)
2023-08-25 08:52:43,593 [a412d968-2fe0-4f2a-9779-093f65c8ed8d@group-DFFC87AF8C54-LeaderElection34] INFO  server.RaftServerConfigKeys (ConfUtils.java:logGet(46)) - raft.server.write.follower.gap.ratio.max = -1.0 (default)
2023-08-25 08:52:43,593 [a412d968-2fe0-4f2a-9779-093f65c8ed8d@group-DFFC87AF8C54-LeaderElection34] INFO  impl.RoleInfo (RoleInfo.java:updateAndGet(139)) - a412d968-2fe0-4f2a-9779-093f65c8ed8d: start a412d968-2fe0-4f2a-9779-093f65c8ed8d@group-DFFC87AF8C54-LeaderStateImpl
2023-08-25 08:52:43,594 [EventQueue-OpenPipelineForHealthyPipelineSafeModeRule] INFO  safemode.SCMSafeModeManager (HealthyPipelineSafeModeRule.java:process(137)) - SCM in safe mode. Healthy pipelines reported count is 0, required healthy pipeline reported count is 1
2023-08-25 08:52:43,594 [a412d968-2fe0-4f2a-9779-093f65c8ed8d@group-DFFC87AF8C54-LeaderElection34] INFO  segmented.SegmentedRaftLogWorker (SegmentedRaftLogWorker.java:startLogSegment(447)) - a412d968-2fe0-4f2a-9779-093f65c8ed8d@group-DFFC87AF8C54-SegmentedRaftLogWorker: Starting segment from index:0
2023-08-25 08:52:43,601 [a412d968-2fe0-4f2a-9779-093f65c8ed8d@group-DFFC87AF8C54-LeaderElection34] INFO  server.RaftServer$Division (ServerState.java:setRaftConf(434)) - a412d968-2fe0-4f2a-9779-093f65c8ed8d@group-DFFC87AF8C54: set configuration 0: peers:[a412d968-2fe0-4f2a-9779-093f65c8ed8d|rpc:10.1.0.19:15200|admin:10.1.0.19:15199|client:10.1.0.19:15198|dataStream:10.1.0.19:15201|priority:1|startupRole:FOLLOWER]|listeners:[], old=null
2023-08-25 08:52:43,605 [a412d968-2fe0-4f2a-9779-093f65c8ed8d@group-DFFC87AF8C54-SegmentedRaftLogWorker] INFO  segmented.SegmentedRaftLogWorker (SegmentedRaftLogWorker.java:execute(651)) - a412d968-2fe0-4f2a-9779-093f65c8ed8d@group-DFFC87AF8C54-SegmentedRaftLogWorker: created new log segment /home/runner/work/ozone/ozone/hadoop-ozone/integration-test/target/test-dir/MiniOzoneClusterImpl-ea041547-065d-47c9-8c6f-7cbf64d7cdf8/datanode-3/data/ratis/5459a3e5-782b-4c3d-8190-dffc87af8c54/current/log_inprogress_0
2023-08-25 08:52:43,811 [42538958-ec24-4190-90a2-8f41139170d9@group-55E01454E505-FollowerState] INFO  impl.FollowerState (FollowerState.java:run(143)) - 42538958-ec24-4190-90a2-8f41139170d9@group-55E01454E505-FollowerState: change to CANDIDATE, lastRpcElapsedTime:5011642174ns, electionTimeout:5011ms
2023-08-25 08:52:43,811 [42538958-ec24-4190-90a2-8f41139170d9@group-55E01454E505-FollowerState] INFO  impl.RoleInfo (RoleInfo.java:shutdownFollowerState(110)) - 42538958-ec24-4190-90a2-8f41139170d9: shutdown 42538958-ec24-4190-90a2-8f41139170d9@group-55E01454E505-FollowerState
2023-08-25 08:52:43,811 [42538958-ec24-4190-90a2-8f41139170d9@group-55E01454E505-FollowerState] INFO  server.RaftServer$Division (RaftServerImpl.java:setRole(329)) - 42538958-ec24-4190-90a2-8f41139170d9@group-55E01454E505: changes role from  FOLLOWER to CANDIDATE at term 0 for changeToCandidate
2023-08-25 08:52:43,811 [42538958-ec24-4190-90a2-8f41139170d9@group-55E01454E505-FollowerState] INFO  server.RaftServerConfigKeys (ConfUtils.java:logGet(46)) - raft.server.leaderelection.pre-vote = true (default)
2023-08-25 08:52:43,811 [42538958-ec24-4190-90a2-8f41139170d9@group-55E01454E505-FollowerState] INFO  impl.RoleInfo (RoleInfo.java:updateAndGet(139)) - 42538958-ec24-4190-90a2-8f41139170d9: start 42538958-ec24-4190-90a2-8f41139170d9@group-55E01454E505-LeaderElection35
2023-08-25 08:52:43,815 [42538958-ec24-4190-90a2-8f41139170d9@group-55E01454E505-LeaderElection35] INFO  impl.LeaderElection (LeaderElection.java:askForVotes(321)) - 42538958-ec24-4190-90a2-8f41139170d9@group-55E01454E505-LeaderElection35 PRE_VOTE round 0: submit vote requests at term 0 for -1: peers:[42538958-ec24-4190-90a2-8f41139170d9|rpc:10.1.0.19:15209|admin:10.1.0.19:15208|client:10.1.0.19:15207|dataStream:10.1.0.19:15210|priority:1|startupRole:FOLLOWER]|listeners:[], old=null
2023-08-25 08:52:43,815 [42538958-ec24-4190-90a2-8f41139170d9@group-55E01454E505-LeaderElection35] INFO  impl.LeaderElection (LeaderElection.java:askForVotes(323)) - 42538958-ec24-4190-90a2-8f41139170d9@group-55E01454E505-LeaderElection35 PRE_VOTE round 0: result PASSED (term=0)
2023-08-25 08:52:43,817 [42538958-ec24-4190-90a2-8f41139170d9@group-55E01454E505-LeaderElection35] INFO  impl.LeaderElection (LeaderElection.java:askForVotes(321)) - 42538958-ec24-4190-90a2-8f41139170d9@group-55E01454E505-LeaderElection35 ELECTION round 0: submit vote requests at term 1 for -1: peers:[42538958-ec24-4190-90a2-8f41139170d9|rpc:10.1.0.19:15209|admin:10.1.0.19:15208|client:10.1.0.19:15207|dataStream:10.1.0.19:15210|priority:1|startupRole:FOLLOWER]|listeners:[], old=null
2023-08-25 08:52:43,817 [42538958-ec24-4190-90a2-8f41139170d9@group-55E01454E505-LeaderElection35] INFO  impl.LeaderElection (LeaderElection.java:askForVotes(323)) - 42538958-ec24-4190-90a2-8f41139170d9@group-55E01454E505-LeaderElection35 ELECTION round 0: result PASSED (term=1)
2023-08-25 08:52:43,817 [42538958-ec24-4190-90a2-8f41139170d9@group-55E01454E505-LeaderElection35] INFO  impl.RoleInfo (RoleInfo.java:shutdownLeaderElection(130)) - 42538958-ec24-4190-90a2-8f41139170d9: shutdown 42538958-ec24-4190-90a2-8f41139170d9@group-55E01454E505-LeaderElection35
2023-08-25 08:52:43,817 [42538958-ec24-4190-90a2-8f41139170d9@group-55E01454E505-LeaderElection35] INFO  server.RaftServer$Division (RaftServerImpl.java:setRole(329)) - 42538958-ec24-4190-90a2-8f41139170d9@group-55E01454E505: changes role from CANDIDATE to LEADER at term 1 for changeToLeader
2023-08-25 08:52:43,817 [42538958-ec24-4190-90a2-8f41139170d9@group-55E01454E505-LeaderElection35] INFO  ratis.XceiverServerRatis (XceiverServerRatis.java:handleLeaderChangedNotification(902)) - Leader change notification received for group: group-55E01454E505 with new leaderId: 42538958-ec24-4190-90a2-8f41139170d9
2023-08-25 08:52:43,817 [42538958-ec24-4190-90a2-8f41139170d9@group-55E01454E505-LeaderElection35] INFO  server.RaftServer$Division (ServerState.java:setLeader(317)) - 42538958-ec24-4190-90a2-8f41139170d9@group-55E01454E505: change Leader from null to 42538958-ec24-4190-90a2-8f41139170d9 at term 1 for becomeLeader, leader elected after 5043ms
2023-08-25 08:52:43,817 [42538958-ec24-4190-90a2-8f41139170d9@group-55E01454E505-LeaderElection35] INFO  server.RaftServerConfigKeys (ConfUtils.java:logGet(46)) - raft.server.staging.catchup.gap = 1000 (default)
2023-08-25 08:52:43,818 [42538958-ec24-4190-90a2-8f41139170d9@group-55E01454E505-LeaderElection35] INFO  server.RaftServerConfigKeys (ConfUtils.java:logGet(46)) - raft.server.write.element-limit = 1024 (custom)
2023-08-25 08:52:43,818 [42538958-ec24-4190-90a2-8f41139170d9@group-55E01454E505-LeaderElection35] INFO  server.RaftServerConfigKeys (ConfUtils.java:logGet(46)) - raft.server.write.byte-limit = 1024 M (=1073741824) (custom)
2023-08-25 08:52:43,818 [42538958-ec24-4190-90a2-8f41139170d9@group-55E01454E505-LeaderElection35] INFO  server.RaftServerConfigKeys (ConfUtils.java:logGet(46)) - raft.server.watch.timeout = 180s (custom)
2023-08-25 08:52:43,818 [42538958-ec24-4190-90a2-8f41139170d9@group-55E01454E505-LeaderElection35] INFO  server.RaftServerConfigKeys (ConfUtils.java:logGet(46)) - raft.server.watch.timeout.denomination = 1s (default)
2023-08-25 08:52:43,818 [42538958-ec24-4190-90a2-8f41139170d9@group-55E01454E505-LeaderElection35] INFO  server.RaftServerConfigKeys (ConfUtils.java:logGet(46)) - raft.server.watch.element-limit = 65536 (default)
2023-08-25 08:52:43,818 [42538958-ec24-4190-90a2-8f41139170d9@group-55E01454E505-LeaderElection35] INFO  server.RaftServerConfigKeys (ConfUtils.java:logGet(46)) - raft.server.write.element-limit = 1024 (custom)
2023-08-25 08:52:43,818 [42538958-ec24-4190-90a2-8f41139170d9@group-55E01454E505-LeaderElection35] INFO  server.RaftServerConfigKeys (ConfUtils.java:logGet(46)) - raft.server.write.follower.gap.ratio.max = -1.0 (default)
2023-08-25 08:52:43,818 [42538958-ec24-4190-90a2-8f41139170d9@group-55E01454E505-LeaderElection35] INFO  impl.RoleInfo (RoleInfo.java:updateAndGet(139)) - 42538958-ec24-4190-90a2-8f41139170d9: start 42538958-ec24-4190-90a2-8f41139170d9@group-55E01454E505-LeaderStateImpl
2023-08-25 08:52:43,819 [42538958-ec24-4190-90a2-8f41139170d9@group-55E01454E505-LeaderElection35] INFO  segmented.SegmentedRaftLogWorker (SegmentedRaftLogWorker.java:startLogSegment(447)) - 42538958-ec24-4190-90a2-8f41139170d9@group-55E01454E505-SegmentedRaftLogWorker: Starting segment from index:0
2023-08-25 08:52:43,820 [EventQueue-OpenPipelineForHealthyPipelineSafeModeRule] INFO  safemode.SCMSafeModeManager (HealthyPipelineSafeModeRule.java:process(137)) - SCM in safe mode. Healthy pipelines reported count is 0, required healthy pipeline reported count is 1
2023-08-25 08:52:43,821 [42538958-ec24-4190-90a2-8f41139170d9@group-55E01454E505-SegmentedRaftLogWorker] INFO  segmented.SegmentedRaftLogWorker (SegmentedRaftLogWorker.java:execute(651)) - 42538958-ec24-4190-90a2-8f41139170d9@group-55E01454E505-SegmentedRaftLogWorker: created new log segment /home/runner/work/ozone/ozone/hadoop-ozone/integration-test/target/test-dir/MiniOzoneClusterImpl-ea041547-065d-47c9-8c6f-7cbf64d7cdf8/datanode-4/data/ratis/ec9842dc-312d-40a7-9636-55e01454e505/current/log_inprogress_0
2023-08-25 08:52:43,823 [42538958-ec24-4190-90a2-8f41139170d9@group-55E01454E505-LeaderElection35] INFO  server.RaftServer$Division (ServerState.java:setRaftConf(434)) - 42538958-ec24-4190-90a2-8f41139170d9@group-55E01454E505: set configuration 0: peers:[42538958-ec24-4190-90a2-8f41139170d9|rpc:10.1.0.19:15209|admin:10.1.0.19:15208|client:10.1.0.19:15207|dataStream:10.1.0.19:15210|priority:1|startupRole:FOLLOWER]|listeners:[], old=null
2023-08-25 08:52:44,092 [ReplicationMonitor] INFO  replication.ReplicationManager (ReplicationManager.java:processAll(361)) - Replication Manager is not ready to run until 3000ms after safemode exit
2023-08-25 08:52:44,095 [Time-limited test] INFO  ozone.MiniOzoneClusterImpl (MiniOzoneClusterImpl.java:lambda$waitForClusterToBeReady$0(224)) - Nodes are ready. Got 5 of 5 DN Heartbeats.
2023-08-25 08:52:44,095 [Time-limited test] INFO  ozone.MiniOzoneClusterImpl (MiniOzoneClusterImpl.java:lambda$waitForClusterToBeReady$0(227)) - Waiting for cluster to exit safe mode
2023-08-25 08:52:44,095 [Time-limited test] INFO  ozone.MiniOzoneClusterImpl (MiniOzoneClusterImpl.java:lambda$waitForClusterToBeReady$0(229)) - SCM became leader
2023-08-25 08:52:45,092 [ReplicationMonitor] INFO  replication.ReplicationManager (ReplicationManager.java:processAll(361)) - Replication Manager is not ready to run until 3000ms after safemode exit
2023-08-25 08:52:45,095 [Time-limited test] INFO  ozone.MiniOzoneClusterImpl (MiniOzoneClusterImpl.java:lambda$waitForClusterToBeReady$0(224)) - Nodes are ready. Got 5 of 5 DN Heartbeats.
2023-08-25 08:52:45,095 [Time-limited test] INFO  ozone.MiniOzoneClusterImpl (MiniOzoneClusterImpl.java:lambda$waitForClusterToBeReady$0(227)) - Waiting for cluster to exit safe mode
2023-08-25 08:52:45,095 [Time-limited test] INFO  ozone.MiniOzoneClusterImpl (MiniOzoneClusterImpl.java:lambda$waitForClusterToBeReady$0(229)) - SCM became leader
2023-08-25 08:52:46,093 [ReplicationMonitor] INFO  replication.ReplicationManager (ReplicationManager.java:processAll(361)) - Replication Manager is not ready to run until 3000ms after safemode exit
2023-08-25 08:52:46,095 [Time-limited test] INFO  ozone.MiniOzoneClusterImpl (MiniOzoneClusterImpl.java:lambda$waitForClusterToBeReady$0(224)) - Nodes are ready. Got 5 of 5 DN Heartbeats.
2023-08-25 08:52:46,096 [Time-limited test] INFO  ozone.MiniOzoneClusterImpl (MiniOzoneClusterImpl.java:lambda$waitForClusterToBeReady$0(227)) - Waiting for cluster to exit safe mode
2023-08-25 08:52:46,096 [Time-limited test] INFO  ozone.MiniOzoneClusterImpl (MiniOzoneClusterImpl.java:lambda$waitForClusterToBeReady$0(229)) - SCM became leader
2023-08-25 08:52:47,093 [ReplicationMonitor] INFO  replication.ReplicationManager (ReplicationManager.java:processAll(361)) - Replication Manager is not ready to run until 3000ms after safemode exit
2023-08-25 08:52:47,096 [Time-limited test] INFO  ozone.MiniOzoneClusterImpl (MiniOzoneClusterImpl.java:lambda$waitForClusterToBeReady$0(224)) - Nodes are ready. Got 5 of 5 DN Heartbeats.
2023-08-25 08:52:47,096 [Time-limited test] INFO  ozone.MiniOzoneClusterImpl (MiniOzoneClusterImpl.java:lambda$waitForClusterToBeReady$0(227)) - Waiting for cluster to exit safe mode
2023-08-25 08:52:47,096 [Time-limited test] INFO  ozone.MiniOzoneClusterImpl (MiniOzoneClusterImpl.java:lambda$waitForClusterToBeReady$0(229)) - SCM became leader
2023-08-25 08:52:48,093 [ReplicationMonitor] INFO  replication.ReplicationManager (ReplicationManager.java:processAll(361)) - Replication Manager is not ready to run until 3000ms after safemode exit
2023-08-25 08:52:48,096 [Time-limited test] INFO  ozone.MiniOzoneClusterImpl (MiniOzoneClusterImpl.java:lambda$waitForClusterToBeReady$0(224)) - Nodes are ready. Got 5 of 5 DN Heartbeats.
2023-08-25 08:52:48,096 [Time-limited test] INFO  ozone.MiniOzoneClusterImpl (MiniOzoneClusterImpl.java:lambda$waitForClusterToBeReady$0(227)) - Waiting for cluster to exit safe mode
2023-08-25 08:52:48,096 [Time-limited test] INFO  ozone.MiniOzoneClusterImpl (MiniOzoneClusterImpl.java:lambda$waitForClusterToBeReady$0(229)) - SCM became leader
2023-08-25 08:52:48,122 [e10cda8e-4bea-44c9-8078-2ce611a3a813@group-606FF9491D12-FollowerState] INFO  impl.FollowerState (FollowerState.java:run(143)) - e10cda8e-4bea-44c9-8078-2ce611a3a813@group-606FF9491D12-FollowerState: change to CANDIDATE, lastRpcElapsedTime:10506377798ns, electionTimeout:5025ms
2023-08-25 08:52:48,122 [e10cda8e-4bea-44c9-8078-2ce611a3a813@group-606FF9491D12-FollowerState] INFO  impl.RoleInfo (RoleInfo.java:shutdownFollowerState(110)) - e10cda8e-4bea-44c9-8078-2ce611a3a813: shutdown e10cda8e-4bea-44c9-8078-2ce611a3a813@group-606FF9491D12-FollowerState
2023-08-25 08:52:48,122 [e10cda8e-4bea-44c9-8078-2ce611a3a813@group-606FF9491D12-FollowerState] INFO  server.RaftServer$Division (RaftServerImpl.java:setRole(329)) - e10cda8e-4bea-44c9-8078-2ce611a3a813@group-606FF9491D12: changes role from  FOLLOWER to CANDIDATE at term 0 for changeToCandidate
2023-08-25 08:52:48,122 [e10cda8e-4bea-44c9-8078-2ce611a3a813@group-606FF9491D12-FollowerState] INFO  server.RaftServerConfigKeys (ConfUtils.java:logGet(46)) - raft.server.leaderelection.pre-vote = true (default)
2023-08-25 08:52:48,122 [e10cda8e-4bea-44c9-8078-2ce611a3a813@group-606FF9491D12-FollowerState] INFO  impl.RoleInfo (RoleInfo.java:updateAndGet(139)) - e10cda8e-4bea-44c9-8078-2ce611a3a813: start e10cda8e-4bea-44c9-8078-2ce611a3a813@group-606FF9491D12-LeaderElection36
2023-08-25 08:52:48,124 [e10cda8e-4bea-44c9-8078-2ce611a3a813@group-606FF9491D12-LeaderElection36] INFO  impl.LeaderElection (LeaderElection.java:askForVotes(321)) - e10cda8e-4bea-44c9-8078-2ce611a3a813@group-606FF9491D12-LeaderElection36 PRE_VOTE round 0: submit vote requests at term 0 for -1: peers:[aaa796c8-aced-4c19-8914-014df42c39e4|rpc:10.1.0.19:15182|admin:10.1.0.19:15181|client:10.1.0.19:15180|dataStream:10.1.0.19:15183|priority:1|startupRole:FOLLOWER, e10cda8e-4bea-44c9-8078-2ce611a3a813|rpc:10.1.0.19:15173|admin:10.1.0.19:15172|client:10.1.0.19:15171|dataStream:10.1.0.19:15174|priority:0|startupRole:FOLLOWER, 6a511105-798d-4035-a071-a904e0472807|rpc:10.1.0.19:15191|admin:10.1.0.19:15190|client:10.1.0.19:15189|dataStream:10.1.0.19:15192|priority:0|startupRole:FOLLOWER]|listeners:[], old=null
2023-08-25 08:52:48,125 [e10cda8e-4bea-44c9-8078-2ce611a3a813@group-606FF9491D12-LeaderElection36] INFO  server.RaftServerConfigKeys (ConfUtils.java:logFallback(53)) - raft.server.rpc.first-election.timeout.min = 5s (fallback to raft.server.rpc.timeout.min)
2023-08-25 08:52:48,125 [e10cda8e-4bea-44c9-8078-2ce611a3a813@group-606FF9491D12-LeaderElection36-1] INFO  server.GrpcServerProtocolClient (GrpcServerProtocolClient.java:<init>(65)) - Build channel for aaa796c8-aced-4c19-8914-014df42c39e4
2023-08-25 08:52:48,125 [e10cda8e-4bea-44c9-8078-2ce611a3a813@group-606FF9491D12-LeaderElection36] INFO  server.RaftServerConfigKeys (ConfUtils.java:logFallback(53)) - raft.server.rpc.first-election.timeout.max = 5200ms (fallback to raft.server.rpc.timeout.max)
2023-08-25 08:52:48,125 [e10cda8e-4bea-44c9-8078-2ce611a3a813@group-606FF9491D12-LeaderElection36-2] INFO  server.GrpcServerProtocolClient (GrpcServerProtocolClient.java:<init>(65)) - Build channel for 6a511105-798d-4035-a071-a904e0472807
2023-08-25 08:52:48,138 [grpc-default-executor-0] INFO  server.RaftServer$Division (RaftServerImpl.java:requestVote(1302)) - aaa796c8-aced-4c19-8914-014df42c39e4@group-606FF9491D12: receive requestVote(PRE_VOTE, e10cda8e-4bea-44c9-8078-2ce611a3a813, group-606FF9491D12, 0, (t:0, i:0))
2023-08-25 08:52:48,138 [grpc-default-executor-0] INFO  impl.VoteContext (VoteContext.java:log(49)) - aaa796c8-aced-4c19-8914-014df42c39e4@group-606FF9491D12-FOLLOWER: reject PRE_VOTE from e10cda8e-4bea-44c9-8078-2ce611a3a813: our priority 1 > candidate's priority 0
2023-08-25 08:52:48,138 [grpc-default-executor-0] INFO  server.RaftServer$Division (RaftServerImpl.java:requestVote(1335)) - aaa796c8-aced-4c19-8914-014df42c39e4@group-606FF9491D12 replies to PRE_VOTE vote request: e10cda8e-4bea-44c9-8078-2ce611a3a813<-aaa796c8-aced-4c19-8914-014df42c39e4#0:FAIL-t0. Peer's state: aaa796c8-aced-4c19-8914-014df42c39e4@group-606FF9491D12:t0, leader=null, voted=, raftlog=Memoized:aaa796c8-aced-4c19-8914-014df42c39e4@group-606FF9491D12-SegmentedRaftLog:OPENED:c-1, conf=-1: peers:[aaa796c8-aced-4c19-8914-014df42c39e4|rpc:10.1.0.19:15182|admin:10.1.0.19:15181|client:10.1.0.19:15180|dataStream:10.1.0.19:15183|priority:1|startupRole:FOLLOWER, e10cda8e-4bea-44c9-8078-2ce611a3a813|rpc:10.1.0.19:15173|admin:10.1.0.19:15172|client:10.1.0.19:15171|dataStream:10.1.0.19:15174|priority:0|startupRole:FOLLOWER, 6a511105-798d-4035-a071-a904e0472807|rpc:10.1.0.19:15191|admin:10.1.0.19:15190|client:10.1.0.19:15189|dataStream:10.1.0.19:15192|priority:0|startupRole:FOLLOWER]|listeners:[], old=null
2023-08-25 08:52:48,140 [grpc-default-executor-1] INFO  server.RaftServer$Division (RaftServerImpl.java:requestVote(1302)) - 6a511105-798d-4035-a071-a904e0472807@group-606FF9491D12: receive requestVote(PRE_VOTE, e10cda8e-4bea-44c9-8078-2ce611a3a813, group-606FF9491D12, 0, (t:0, i:0))
2023-08-25 08:52:48,141 [grpc-default-executor-1] INFO  impl.VoteContext (VoteContext.java:log(49)) - 6a511105-798d-4035-a071-a904e0472807@group-606FF9491D12-FOLLOWER: accept PRE_VOTE from e10cda8e-4bea-44c9-8078-2ce611a3a813: our priority 0 <= candidate's priority 0
2023-08-25 08:52:48,141 [e10cda8e-4bea-44c9-8078-2ce611a3a813@group-606FF9491D12-LeaderElection36] INFO  impl.LeaderElection (LeaderElection.java:logAndReturn(90)) - e10cda8e-4bea-44c9-8078-2ce611a3a813@group-606FF9491D12-LeaderElection36: PRE_VOTE REJECTED received 1 response(s) and 0 exception(s):
2023-08-25 08:52:48,141 [grpc-default-executor-1] INFO  server.RaftServer$Division (RaftServerImpl.java:requestVote(1335)) - 6a511105-798d-4035-a071-a904e0472807@group-606FF9491D12 replies to PRE_VOTE vote request: e10cda8e-4bea-44c9-8078-2ce611a3a813<-6a511105-798d-4035-a071-a904e0472807#0:OK-t0. Peer's state: 6a511105-798d-4035-a071-a904e0472807@group-606FF9491D12:t0, leader=null, voted=, raftlog=Memoized:6a511105-798d-4035-a071-a904e0472807@group-606FF9491D12-SegmentedRaftLog:OPENED:c-1, conf=-1: peers:[aaa796c8-aced-4c19-8914-014df42c39e4|rpc:10.1.0.19:15182|admin:10.1.0.19:15181|client:10.1.0.19:15180|dataStream:10.1.0.19:15183|priority:1|startupRole:FOLLOWER, e10cda8e-4bea-44c9-8078-2ce611a3a813|rpc:10.1.0.19:15173|admin:10.1.0.19:15172|client:10.1.0.19:15171|dataStream:10.1.0.19:15174|priority:0|startupRole:FOLLOWER, 6a511105-798d-4035-a071-a904e0472807|rpc:10.1.0.19:15191|admin:10.1.0.19:15190|client:10.1.0.19:15189|dataStream:10.1.0.19:15192|priority:0|startupRole:FOLLOWER]|listeners:[], old=null
2023-08-25 08:52:48,141 [e10cda8e-4bea-44c9-8078-2ce611a3a813@group-606FF9491D12-LeaderElection36] INFO  impl.LeaderElection (LeaderElection.java:logAndReturn(94)) -   Response 0: e10cda8e-4bea-44c9-8078-2ce611a3a813<-aaa796c8-aced-4c19-8914-014df42c39e4#0:FAIL-t0
2023-08-25 08:52:48,141 [e10cda8e-4bea-44c9-8078-2ce611a3a813@group-606FF9491D12-LeaderElection36] INFO  impl.LeaderElection (LeaderElection.java:askForVotes(323)) - e10cda8e-4bea-44c9-8078-2ce611a3a813@group-606FF9491D12-LeaderElection36 PRE_VOTE round 0: result REJECTED
2023-08-25 08:52:48,141 [e10cda8e-4bea-44c9-8078-2ce611a3a813@group-606FF9491D12-LeaderElection36] INFO  server.RaftServer$Division (RaftServerImpl.java:setRole(329)) - e10cda8e-4bea-44c9-8078-2ce611a3a813@group-606FF9491D12: changes role from CANDIDATE to FOLLOWER at term 0 for REJECTED
2023-08-25 08:52:48,141 [e10cda8e-4bea-44c9-8078-2ce611a3a813@group-606FF9491D12-LeaderElection36] INFO  impl.RoleInfo (RoleInfo.java:shutdownLeaderElection(130)) - e10cda8e-4bea-44c9-8078-2ce611a3a813: shutdown e10cda8e-4bea-44c9-8078-2ce611a3a813@group-606FF9491D12-LeaderElection36
2023-08-25 08:52:48,141 [e10cda8e-4bea-44c9-8078-2ce611a3a813@group-606FF9491D12-LeaderElection36] INFO  impl.RoleInfo (RoleInfo.java:updateAndGet(139)) - e10cda8e-4bea-44c9-8078-2ce611a3a813: start e10cda8e-4bea-44c9-8078-2ce611a3a813@group-606FF9491D12-FollowerState
2023-08-25 08:52:48,208 [aaa796c8-aced-4c19-8914-014df42c39e4@group-606FF9491D12-FollowerState] INFO  impl.FollowerState (FollowerState.java:run(143)) - aaa796c8-aced-4c19-8914-014df42c39e4@group-606FF9491D12-FollowerState: change to CANDIDATE, lastRpcElapsedTime:10563658785ns, electionTimeout:5109ms
2023-08-25 08:52:48,208 [aaa796c8-aced-4c19-8914-014df42c39e4@group-606FF9491D12-FollowerState] INFO  impl.RoleInfo (RoleInfo.java:shutdownFollowerState(110)) - aaa796c8-aced-4c19-8914-014df42c39e4: shutdown aaa796c8-aced-4c19-8914-014df42c39e4@group-606FF9491D12-FollowerState
2023-08-25 08:52:48,208 [aaa796c8-aced-4c19-8914-014df42c39e4@group-606FF9491D12-FollowerState] INFO  server.RaftServer$Division (RaftServerImpl.java:setRole(329)) - aaa796c8-aced-4c19-8914-014df42c39e4@group-606FF9491D12: changes role from  FOLLOWER to CANDIDATE at term 0 for changeToCandidate
2023-08-25 08:52:48,208 [aaa796c8-aced-4c19-8914-014df42c39e4@group-606FF9491D12-FollowerState] INFO  server.RaftServerConfigKeys (ConfUtils.java:logGet(46)) - raft.server.leaderelection.pre-vote = true (default)
2023-08-25 08:52:48,208 [aaa796c8-aced-4c19-8914-014df42c39e4@group-606FF9491D12-FollowerState] INFO  impl.RoleInfo (RoleInfo.java:updateAndGet(139)) - aaa796c8-aced-4c19-8914-014df42c39e4: start aaa796c8-aced-4c19-8914-014df42c39e4@group-606FF9491D12-LeaderElection37
2023-08-25 08:52:48,209 [aaa796c8-aced-4c19-8914-014df42c39e4@group-606FF9491D12-LeaderElection37] INFO  impl.LeaderElection (LeaderElection.java:askForVotes(321)) - aaa796c8-aced-4c19-8914-014df42c39e4@group-606FF9491D12-LeaderElection37 PRE_VOTE round 0: submit vote requests at term 0 for -1: peers:[aaa796c8-aced-4c19-8914-014df42c39e4|rpc:10.1.0.19:15182|admin:10.1.0.19:15181|client:10.1.0.19:15180|dataStream:10.1.0.19:15183|priority:1|startupRole:FOLLOWER, e10cda8e-4bea-44c9-8078-2ce611a3a813|rpc:10.1.0.19:15173|admin:10.1.0.19:15172|client:10.1.0.19:15171|dataStream:10.1.0.19:15174|priority:0|startupRole:FOLLOWER, 6a511105-798d-4035-a071-a904e0472807|rpc:10.1.0.19:15191|admin:10.1.0.19:15190|client:10.1.0.19:15189|dataStream:10.1.0.19:15192|priority:0|startupRole:FOLLOWER]|listeners:[], old=null
2023-08-25 08:52:48,209 [aaa796c8-aced-4c19-8914-014df42c39e4@group-606FF9491D12-LeaderElection37] INFO  server.RaftServerConfigKeys (ConfUtils.java:logFallback(53)) - raft.server.rpc.first-election.timeout.min = 5s (fallback to raft.server.rpc.timeout.min)
2023-08-25 08:52:48,209 [aaa796c8-aced-4c19-8914-014df42c39e4@group-606FF9491D12-LeaderElection37] INFO  server.RaftServerConfigKeys (ConfUtils.java:logFallback(53)) - raft.server.rpc.first-election.timeout.max = 5200ms (fallback to raft.server.rpc.timeout.max)
2023-08-25 08:52:48,211 [grpc-default-executor-1] INFO  server.RaftServer$Division (RaftServerImpl.java:requestVote(1302)) - e10cda8e-4bea-44c9-8078-2ce611a3a813@group-606FF9491D12: receive requestVote(PRE_VOTE, aaa796c8-aced-4c19-8914-014df42c39e4, group-606FF9491D12, 0, (t:0, i:0))
2023-08-25 08:52:48,212 [grpc-default-executor-1] INFO  impl.VoteContext (VoteContext.java:log(49)) - e10cda8e-4bea-44c9-8078-2ce611a3a813@group-606FF9491D12-FOLLOWER: accept PRE_VOTE from aaa796c8-aced-4c19-8914-014df42c39e4: our priority 0 <= candidate's priority 1
2023-08-25 08:52:48,212 [grpc-default-executor-1] INFO  server.RaftServer$Division (RaftServerImpl.java:requestVote(1335)) - e10cda8e-4bea-44c9-8078-2ce611a3a813@group-606FF9491D12 replies to PRE_VOTE vote request: aaa796c8-aced-4c19-8914-014df42c39e4<-e10cda8e-4bea-44c9-8078-2ce611a3a813#0:OK-t0. Peer's state: e10cda8e-4bea-44c9-8078-2ce611a3a813@group-606FF9491D12:t0, leader=null, voted=, raftlog=Memoized:e10cda8e-4bea-44c9-8078-2ce611a3a813@group-606FF9491D12-SegmentedRaftLog:OPENED:c-1, conf=-1: peers:[aaa796c8-aced-4c19-8914-014df42c39e4|rpc:10.1.0.19:15182|admin:10.1.0.19:15181|client:10.1.0.19:15180|dataStream:10.1.0.19:15183|priority:1|startupRole:FOLLOWER, e10cda8e-4bea-44c9-8078-2ce611a3a813|rpc:10.1.0.19:15173|admin:10.1.0.19:15172|client:10.1.0.19:15171|dataStream:10.1.0.19:15174|priority:0|startupRole:FOLLOWER, 6a511105-798d-4035-a071-a904e0472807|rpc:10.1.0.19:15191|admin:10.1.0.19:15190|client:10.1.0.19:15189|dataStream:10.1.0.19:15192|priority:0|startupRole:FOLLOWER]|listeners:[], old=null
2023-08-25 08:52:48,214 [6a511105-798d-4035-a071-a904e0472807@group-5F039740BA65-FollowerState] INFO  impl.FollowerState (FollowerState.java:run(143)) - 6a511105-798d-4035-a071-a904e0472807@group-5F039740BA65-FollowerState: change to CANDIDATE, lastRpcElapsedTime:10657819641ns, electionTimeout:5117ms
2023-08-25 08:52:48,214 [6a511105-798d-4035-a071-a904e0472807@group-5F039740BA65-FollowerState] INFO  impl.RoleInfo (RoleInfo.java:shutdownFollowerState(110)) - 6a511105-798d-4035-a071-a904e0472807: shutdown 6a511105-798d-4035-a071-a904e0472807@group-5F039740BA65-FollowerState
2023-08-25 08:52:48,214 [6a511105-798d-4035-a071-a904e0472807@group-5F039740BA65-FollowerState] INFO  server.RaftServer$Division (RaftServerImpl.java:setRole(329)) - 6a511105-798d-4035-a071-a904e0472807@group-5F039740BA65: changes role from  FOLLOWER to CANDIDATE at term 0 for changeToCandidate
2023-08-25 08:52:48,214 [6a511105-798d-4035-a071-a904e0472807@group-5F039740BA65-FollowerState] INFO  server.RaftServerConfigKeys (ConfUtils.java:logGet(46)) - raft.server.leaderelection.pre-vote = true (default)
2023-08-25 08:52:48,214 [6a511105-798d-4035-a071-a904e0472807@group-5F039740BA65-FollowerState] INFO  impl.RoleInfo (RoleInfo.java:updateAndGet(139)) - 6a511105-798d-4035-a071-a904e0472807: start 6a511105-798d-4035-a071-a904e0472807@group-5F039740BA65-LeaderElection38
2023-08-25 08:52:48,217 [grpc-default-executor-0] INFO  server.RaftServer$Division (RaftServerImpl.java:requestVote(1302)) - 6a511105-798d-4035-a071-a904e0472807@group-606FF9491D12: receive requestVote(PRE_VOTE, aaa796c8-aced-4c19-8914-014df42c39e4, group-606FF9491D12, 0, (t:0, i:0))
2023-08-25 08:52:48,217 [6a511105-798d-4035-a071-a904e0472807@group-5F039740BA65-LeaderElection38] INFO  impl.LeaderElection (LeaderElection.java:askForVotes(321)) - 6a511105-798d-4035-a071-a904e0472807@group-5F039740BA65-LeaderElection38 PRE_VOTE round 0: submit vote requests at term 0 for -1: peers:[aaa796c8-aced-4c19-8914-014df42c39e4|rpc:10.1.0.19:15182|admin:10.1.0.19:15181|client:10.1.0.19:15180|dataStream:10.1.0.19:15183|priority:0|startupRole:FOLLOWER, e10cda8e-4bea-44c9-8078-2ce611a3a813|rpc:10.1.0.19:15173|admin:10.1.0.19:15172|client:10.1.0.19:15171|dataStream:10.1.0.19:15174|priority:0|startupRole:FOLLOWER, 6a511105-798d-4035-a071-a904e0472807|rpc:10.1.0.19:15191|admin:10.1.0.19:15190|client:10.1.0.19:15189|dataStream:10.1.0.19:15192|priority:1|startupRole:FOLLOWER]|listeners:[], old=null
2023-08-25 08:52:48,218 [aaa796c8-aced-4c19-8914-014df42c39e4@group-606FF9491D12-LeaderElection37] INFO  impl.LeaderElection (LeaderElection.java:logAndReturn(90)) - aaa796c8-aced-4c19-8914-014df42c39e4@group-606FF9491D12-LeaderElection37: PRE_VOTE PASSED received 1 response(s) and 0 exception(s):
2023-08-25 08:52:48,218 [aaa796c8-aced-4c19-8914-014df42c39e4@group-606FF9491D12-LeaderElection37] INFO  impl.LeaderElection (LeaderElection.java:logAndReturn(94)) -   Response 0: aaa796c8-aced-4c19-8914-014df42c39e4<-e10cda8e-4bea-44c9-8078-2ce611a3a813#0:OK-t0
2023-08-25 08:52:48,219 [aaa796c8-aced-4c19-8914-014df42c39e4@group-5F039740BA65-FollowerState] INFO  impl.FollowerState (FollowerState.java:run(143)) - aaa796c8-aced-4c19-8914-014df42c39e4@group-5F039740BA65-FollowerState: change to CANDIDATE, lastRpcElapsedTime:5076357872ns, electionTimeout:5076ms
2023-08-25 08:52:48,219 [aaa796c8-aced-4c19-8914-014df42c39e4@group-5F039740BA65-FollowerState] INFO  impl.RoleInfo (RoleInfo.java:shutdownFollowerState(110)) - aaa796c8-aced-4c19-8914-014df42c39e4: shutdown aaa796c8-aced-4c19-8914-014df42c39e4@group-5F039740BA65-FollowerState
2023-08-25 08:52:48,219 [aaa796c8-aced-4c19-8914-014df42c39e4@group-5F039740BA65-FollowerState] INFO  server.RaftServer$Division (RaftServerImpl.java:setRole(329)) - aaa796c8-aced-4c19-8914-014df42c39e4@group-5F039740BA65: changes role from  FOLLOWER to CANDIDATE at term 0 for changeToCandidate
2023-08-25 08:52:48,222 [aaa796c8-aced-4c19-8914-014df42c39e4@group-5F039740BA65-FollowerState] INFO  server.RaftServerConfigKeys (ConfUtils.java:logGet(46)) - raft.server.leaderelection.pre-vote = true (default)
2023-08-25 08:52:48,226 [6a511105-798d-4035-a071-a904e0472807@group-5F039740BA65-LeaderElection38-2] INFO  server.GrpcServerProtocolClient (GrpcServerProtocolClient.java:<init>(65)) - Build channel for e10cda8e-4bea-44c9-8078-2ce611a3a813
2023-08-25 08:52:48,226 [6a511105-798d-4035-a071-a904e0472807@group-5F039740BA65-LeaderElection38] INFO  server.RaftServerConfigKeys (ConfUtils.java:logFallback(53)) - raft.server.rpc.first-election.timeout.min = 5s (fallback to raft.server.rpc.timeout.min)
2023-08-25 08:52:48,226 [aaa796c8-aced-4c19-8914-014df42c39e4@group-5F039740BA65-FollowerState] INFO  impl.RoleInfo (RoleInfo.java:updateAndGet(139)) - aaa796c8-aced-4c19-8914-014df42c39e4: start aaa796c8-aced-4c19-8914-014df42c39e4@group-5F039740BA65-LeaderElection39
2023-08-25 08:52:48,226 [6a511105-798d-4035-a071-a904e0472807@group-5F039740BA65-LeaderElection38-1] INFO  server.GrpcServerProtocolClient (GrpcServerProtocolClient.java:<init>(65)) - Build channel for aaa796c8-aced-4c19-8914-014df42c39e4
2023-08-25 08:52:48,225 [grpc-default-executor-0] INFO  impl.VoteContext (VoteContext.java:log(49)) - 6a511105-798d-4035-a071-a904e0472807@group-606FF9491D12-FOLLOWER: accept PRE_VOTE from aaa796c8-aced-4c19-8914-014df42c39e4: our priority 0 <= candidate's priority 1
2023-08-25 08:52:48,226 [grpc-default-executor-0] INFO  server.RaftServer$Division (RaftServerImpl.java:requestVote(1335)) - 6a511105-798d-4035-a071-a904e0472807@group-606FF9491D12 replies to PRE_VOTE vote request: aaa796c8-aced-4c19-8914-014df42c39e4<-6a511105-798d-4035-a071-a904e0472807#0:OK-t0. Peer's state: 6a511105-798d-4035-a071-a904e0472807@group-606FF9491D12:t0, leader=null, voted=, raftlog=Memoized:6a511105-798d-4035-a071-a904e0472807@group-606FF9491D12-SegmentedRaftLog:OPENED:c-1, conf=-1: peers:[aaa796c8-aced-4c19-8914-014df42c39e4|rpc:10.1.0.19:15182|admin:10.1.0.19:15181|client:10.1.0.19:15180|dataStream:10.1.0.19:15183|priority:1|startupRole:FOLLOWER, e10cda8e-4bea-44c9-8078-2ce611a3a813|rpc:10.1.0.19:15173|admin:10.1.0.19:15172|client:10.1.0.19:15171|dataStream:10.1.0.19:15174|priority:0|startupRole:FOLLOWER, 6a511105-798d-4035-a071-a904e0472807|rpc:10.1.0.19:15191|admin:10.1.0.19:15190|client:10.1.0.19:15189|dataStream:10.1.0.19:15192|priority:0|startupRole:FOLLOWER]|listeners:[], old=null
2023-08-25 08:52:48,225 [aaa796c8-aced-4c19-8914-014df42c39e4@group-606FF9491D12-LeaderElection37] INFO  impl.LeaderElection (LeaderElection.java:askForVotes(323)) - aaa796c8-aced-4c19-8914-014df42c39e4@group-606FF9491D12-LeaderElection37 PRE_VOTE round 0: result PASSED
2023-08-25 08:52:48,227 [6a511105-798d-4035-a071-a904e0472807@group-5F039740BA65-LeaderElection38] INFO  server.RaftServerConfigKeys (ConfUtils.java:logFallback(53)) - raft.server.rpc.first-election.timeout.max = 5200ms (fallback to raft.server.rpc.timeout.max)
2023-08-25 08:52:48,228 [aaa796c8-aced-4c19-8914-014df42c39e4@group-5F039740BA65-LeaderElection39] INFO  impl.LeaderElection (LeaderElection.java:askForVotes(321)) - aaa796c8-aced-4c19-8914-014df42c39e4@group-5F039740BA65-LeaderElection39 PRE_VOTE round 0: submit vote requests at term 0 for -1: peers:[aaa796c8-aced-4c19-8914-014df42c39e4|rpc:10.1.0.19:15182|admin:10.1.0.19:15181|client:10.1.0.19:15180|dataStream:10.1.0.19:15183|priority:0|startupRole:FOLLOWER, e10cda8e-4bea-44c9-8078-2ce611a3a813|rpc:10.1.0.19:15173|admin:10.1.0.19:15172|client:10.1.0.19:15171|dataStream:10.1.0.19:15174|priority:0|startupRole:FOLLOWER, 6a511105-798d-4035-a071-a904e0472807|rpc:10.1.0.19:15191|admin:10.1.0.19:15190|client:10.1.0.19:15189|dataStream:10.1.0.19:15192|priority:1|startupRole:FOLLOWER]|listeners:[], old=null
2023-08-25 08:52:48,229 [aaa796c8-aced-4c19-8914-014df42c39e4@group-606FF9491D12-LeaderElection37] INFO  impl.LeaderElection (LeaderElection.java:askForVotes(321)) - aaa796c8-aced-4c19-8914-014df42c39e4@group-606FF9491D12-LeaderElection37 ELECTION round 0: submit vote requests at term 1 for -1: peers:[aaa796c8-aced-4c19-8914-014df42c39e4|rpc:10.1.0.19:15182|admin:10.1.0.19:15181|client:10.1.0.19:15180|dataStream:10.1.0.19:15183|priority:1|startupRole:FOLLOWER, e10cda8e-4bea-44c9-8078-2ce611a3a813|rpc:10.1.0.19:15173|admin:10.1.0.19:15172|client:10.1.0.19:15171|dataStream:10.1.0.19:15174|priority:0|startupRole:FOLLOWER, 6a511105-798d-4035-a071-a904e0472807|rpc:10.1.0.19:15191|admin:10.1.0.19:15190|client:10.1.0.19:15189|dataStream:10.1.0.19:15192|priority:0|startupRole:FOLLOWER]|listeners:[], old=null
2023-08-25 08:52:48,235 [aaa796c8-aced-4c19-8914-014df42c39e4@group-606FF9491D12-LeaderElection37] INFO  server.RaftServerConfigKeys (ConfUtils.java:logFallback(53)) - raft.server.rpc.first-election.timeout.min = 5s (fallback to raft.server.rpc.timeout.min)
2023-08-25 08:52:48,235 [aaa796c8-aced-4c19-8914-014df42c39e4@group-606FF9491D12-LeaderElection37] INFO  server.RaftServerConfigKeys (ConfUtils.java:logFallback(53)) - raft.server.rpc.first-election.timeout.max = 5200ms (fallback to raft.server.rpc.timeout.max)
2023-08-25 08:52:48,238 [grpc-default-executor-1] INFO  server.RaftServer$Division (RaftServerImpl.java:requestVote(1302)) - e10cda8e-4bea-44c9-8078-2ce611a3a813@group-606FF9491D12: receive requestVote(ELECTION, aaa796c8-aced-4c19-8914-014df42c39e4, group-606FF9491D12, 1, (t:0, i:0))
2023-08-25 08:52:48,238 [grpc-default-executor-1] INFO  impl.VoteContext (VoteContext.java:log(49)) - e10cda8e-4bea-44c9-8078-2ce611a3a813@group-606FF9491D12-FOLLOWER: accept ELECTION from aaa796c8-aced-4c19-8914-014df42c39e4: our priority 0 <= candidate's priority 1
2023-08-25 08:52:48,238 [grpc-default-executor-1] INFO  server.RaftServer$Division (RaftServerImpl.java:setRole(329)) - e10cda8e-4bea-44c9-8078-2ce611a3a813@group-606FF9491D12: changes role from  FOLLOWER to FOLLOWER at term 1 for candidate:aaa796c8-aced-4c19-8914-014df42c39e4
2023-08-25 08:52:48,238 [grpc-default-executor-1] INFO  impl.RoleInfo (RoleInfo.java:shutdownFollowerState(110)) - e10cda8e-4bea-44c9-8078-2ce611a3a813: shutdown e10cda8e-4bea-44c9-8078-2ce611a3a813@group-606FF9491D12-FollowerState
2023-08-25 08:52:48,238 [grpc-default-executor-1] INFO  impl.RoleInfo (RoleInfo.java:updateAndGet(139)) - e10cda8e-4bea-44c9-8078-2ce611a3a813: start e10cda8e-4bea-44c9-8078-2ce611a3a813@group-606FF9491D12-FollowerState
2023-08-25 08:52:48,238 [e10cda8e-4bea-44c9-8078-2ce611a3a813@group-606FF9491D12-FollowerState] INFO  impl.FollowerState (FollowerState.java:run(152)) - e10cda8e-4bea-44c9-8078-2ce611a3a813@group-606FF9491D12-FollowerState was interrupted
2023-08-25 08:52:48,241 [grpc-default-executor-0] INFO  server.RaftServer$Division (RaftServerImpl.java:requestVote(1302)) - e10cda8e-4bea-44c9-8078-2ce611a3a813@group-5F039740BA65: receive requestVote(PRE_VOTE, aaa796c8-aced-4c19-8914-014df42c39e4, group-5F039740BA65, 0, (t:0, i:0))
2023-08-25 08:52:48,242 [grpc-default-executor-2] INFO  server.RaftServer$Division (RaftServerImpl.java:requestVote(1302)) - e10cda8e-4bea-44c9-8078-2ce611a3a813@group-5F039740BA65: receive requestVote(PRE_VOTE, 6a511105-798d-4035-a071-a904e0472807, group-5F039740BA65, 0, (t:0, i:0))
2023-08-25 08:52:48,242 [grpc-default-executor-0] INFO  impl.VoteContext (VoteContext.java:log(49)) - e10cda8e-4bea-44c9-8078-2ce611a3a813@group-5F039740BA65-FOLLOWER: accept PRE_VOTE from aaa796c8-aced-4c19-8914-014df42c39e4: our priority 0 <= candidate's priority 0
2023-08-25 08:52:48,244 [grpc-default-executor-0] INFO  server.RaftServer$Division (RaftServerImpl.java:requestVote(1335)) - e10cda8e-4bea-44c9-8078-2ce611a3a813@group-5F039740BA65 replies to PRE_VOTE vote request: aaa796c8-aced-4c19-8914-014df42c39e4<-e10cda8e-4bea-44c9-8078-2ce611a3a813#0:OK-t0. Peer's state: e10cda8e-4bea-44c9-8078-2ce611a3a813@group-5F039740BA65:t0, leader=null, voted=, raftlog=Memoized:e10cda8e-4bea-44c9-8078-2ce611a3a813@group-5F039740BA65-SegmentedRaftLog:OPENED:c-1, conf=-1: peers:[aaa796c8-aced-4c19-8914-014df42c39e4|rpc:10.1.0.19:15182|admin:10.1.0.19:15181|client:10.1.0.19:15180|dataStream:10.1.0.19:15183|priority:0|startupRole:FOLLOWER, e10cda8e-4bea-44c9-8078-2ce611a3a813|rpc:10.1.0.19:15173|admin:10.1.0.19:15172|client:10.1.0.19:15171|dataStream:10.1.0.19:15174|priority:0|startupRole:FOLLOWER, 6a511105-798d-4035-a071-a904e0472807|rpc:10.1.0.19:15191|admin:10.1.0.19:15190|client:10.1.0.19:15189|dataStream:10.1.0.19:15192|priority:1|startupRole:FOLLOWER]|listeners:[], old=null
2023-08-25 08:52:48,244 [grpc-default-executor-1] INFO  server.RaftServer$Division (RaftServerImpl.java:requestVote(1335)) - e10cda8e-4bea-44c9-8078-2ce611a3a813@group-606FF9491D12 replies to ELECTION vote request: aaa796c8-aced-4c19-8914-014df42c39e4<-e10cda8e-4bea-44c9-8078-2ce611a3a813#0:OK-t1. Peer's state: e10cda8e-4bea-44c9-8078-2ce611a3a813@group-606FF9491D12:t1, leader=null, voted=aaa796c8-aced-4c19-8914-014df42c39e4, raftlog=Memoized:e10cda8e-4bea-44c9-8078-2ce611a3a813@group-606FF9491D12-SegmentedRaftLog:OPENED:c-1, conf=-1: peers:[aaa796c8-aced-4c19-8914-014df42c39e4|rpc:10.1.0.19:15182|admin:10.1.0.19:15181|client:10.1.0.19:15180|dataStream:10.1.0.19:15183|priority:1|startupRole:FOLLOWER, e10cda8e-4bea-44c9-8078-2ce611a3a813|rpc:10.1.0.19:15173|admin:10.1.0.19:15172|client:10.1.0.19:15171|dataStream:10.1.0.19:15174|priority:0|startupRole:FOLLOWER, 6a511105-798d-4035-a071-a904e0472807|rpc:10.1.0.19:15191|admin:10.1.0.19:15190|client:10.1.0.19:15189|dataStream:10.1.0.19:15192|priority:0|startupRole:FOLLOWER]|listeners:[], old=null
2023-08-25 08:52:48,250 [aaa796c8-aced-4c19-8914-014df42c39e4@group-606FF9491D12-LeaderElection37] INFO  impl.LeaderElection (LeaderElection.java:logAndReturn(90)) - aaa796c8-aced-4c19-8914-014df42c39e4@group-606FF9491D12-LeaderElection37: ELECTION PASSED received 1 response(s) and 0 exception(s):
2023-08-25 08:52:48,250 [aaa796c8-aced-4c19-8914-014df42c39e4@group-606FF9491D12-LeaderElection37] INFO  impl.LeaderElection (LeaderElection.java:logAndReturn(94)) -   Response 0: aaa796c8-aced-4c19-8914-014df42c39e4<-e10cda8e-4bea-44c9-8078-2ce611a3a813#0:OK-t1
2023-08-25 08:52:48,250 [aaa796c8-aced-4c19-8914-014df42c39e4@group-606FF9491D12-LeaderElection37] INFO  impl.LeaderElection (LeaderElection.java:askForVotes(323)) - aaa796c8-aced-4c19-8914-014df42c39e4@group-606FF9491D12-LeaderElection37 ELECTION round 0: result PASSED
2023-08-25 08:52:48,250 [aaa796c8-aced-4c19-8914-014df42c39e4@group-606FF9491D12-LeaderElection37] INFO  impl.RoleInfo (RoleInfo.java:shutdownLeaderElection(130)) - aaa796c8-aced-4c19-8914-014df42c39e4: shutdown aaa796c8-aced-4c19-8914-014df42c39e4@group-606FF9491D12-LeaderElection37
2023-08-25 08:52:48,250 [aaa796c8-aced-4c19-8914-014df42c39e4@group-606FF9491D12-LeaderElection37] INFO  server.RaftServer$Division (RaftServerImpl.java:setRole(329)) - aaa796c8-aced-4c19-8914-014df42c39e4@group-606FF9491D12: changes role from CANDIDATE to LEADER at term 1 for changeToLeader
2023-08-25 08:52:48,250 [aaa796c8-aced-4c19-8914-014df42c39e4@group-606FF9491D12-LeaderElection37] INFO  ratis.XceiverServerRatis (XceiverServerRatis.java:handleLeaderChangedNotification(902)) - Leader change notification received for group: group-606FF9491D12 with new leaderId: aaa796c8-aced-4c19-8914-014df42c39e4
2023-08-25 08:52:48,250 [aaa796c8-aced-4c19-8914-014df42c39e4@group-606FF9491D12-LeaderElection37] INFO  server.RaftServer$Division (ServerState.java:setLeader(317)) - aaa796c8-aced-4c19-8914-014df42c39e4@group-606FF9491D12: change Leader from null to aaa796c8-aced-4c19-8914-014df42c39e4 at term 1 for becomeLeader, leader elected after 10620ms
2023-08-25 08:52:48,251 [aaa796c8-aced-4c19-8914-014df42c39e4@group-606FF9491D12-LeaderElection37] INFO  server.RaftServerConfigKeys (ConfUtils.java:logGet(46)) - raft.server.staging.catchup.gap = 1000 (default)
2023-08-25 08:52:48,251 [aaa796c8-aced-4c19-8914-014df42c39e4@group-606FF9491D12-LeaderElection37] INFO  server.RaftServerConfigKeys (ConfUtils.java:logGet(46)) - raft.server.write.element-limit = 1024 (custom)
2023-08-25 08:52:48,251 [aaa796c8-aced-4c19-8914-014df42c39e4@group-606FF9491D12-LeaderElection37] INFO  server.RaftServerConfigKeys (ConfUtils.java:logGet(46)) - raft.server.write.byte-limit = 1024 M (=1073741824) (custom)
2023-08-25 08:52:48,251 [aaa796c8-aced-4c19-8914-014df42c39e4@group-606FF9491D12-LeaderElection37] INFO  server.RaftServerConfigKeys (ConfUtils.java:logGet(46)) - raft.server.watch.timeout = 180s (custom)
2023-08-25 08:52:48,251 [aaa796c8-aced-4c19-8914-014df42c39e4@group-606FF9491D12-LeaderElection37] INFO  server.RaftServerConfigKeys (ConfUtils.java:logGet(46)) - raft.server.watch.timeout.denomination = 1s (default)
2023-08-25 08:52:48,251 [aaa796c8-aced-4c19-8914-014df42c39e4@group-606FF9491D12-LeaderElection37] INFO  server.RaftServerConfigKeys (ConfUtils.java:logGet(46)) - raft.server.watch.element-limit = 65536 (default)
2023-08-25 08:52:48,251 [aaa796c8-aced-4c19-8914-014df42c39e4@group-606FF9491D12-LeaderElection37] INFO  server.RaftServerConfigKeys (ConfUtils.java:logGet(46)) - raft.server.write.element-limit = 1024 (custom)
2023-08-25 08:52:48,251 [aaa796c8-aced-4c19-8914-014df42c39e4@group-606FF9491D12-LeaderElection37] INFO  server.RaftServerConfigKeys (ConfUtils.java:logGet(46)) - raft.server.write.follower.gap.ratio.max = -1.0 (default)
2023-08-25 08:52:48,251 [aaa796c8-aced-4c19-8914-014df42c39e4@group-606FF9491D12-LeaderElection37] INFO  server.RaftServerConfigKeys (ConfUtils.java:logGet(46)) - raft.server.log.appender.snapshot.chunk.size.max = 16MB (=16777216) (default)
2023-08-25 08:52:48,252 [aaa796c8-aced-4c19-8914-014df42c39e4@group-606FF9491D12-LeaderElection37] INFO  server.RaftServerConfigKeys (ConfUtils.java:logGet(46)) - raft.server.log.appender.buffer.byte-limit = 33554432 (custom)
2023-08-25 08:52:48,252 [aaa796c8-aced-4c19-8914-014df42c39e4@group-606FF9491D12-LeaderElection37] INFO  server.RaftServerConfigKeys (ConfUtils.java:logGet(46)) - raft.server.log.appender.buffer.element-limit = 1 (custom)
2023-08-25 08:52:48,252 [aaa796c8-aced-4c19-8914-014df42c39e4@group-606FF9491D12-LeaderElection37] INFO  server.RaftServerConfigKeys (ConfUtils.java:logGet(46)) - raft.server.log.appender.wait-time.min = 10ms (default)
2023-08-25 08:52:48,252 [aaa796c8-aced-4c19-8914-014df42c39e4@group-606FF9491D12-LeaderElection37] INFO  grpc.GrpcConfigKeys (ConfUtils.java:logGet(46)) - raft.grpc.server.leader.outstanding.appends.max = 128 (default)
2023-08-25 08:52:48,253 [aaa796c8-aced-4c19-8914-014df42c39e4@group-606FF9491D12-LeaderElection37] INFO  server.RaftServerConfigKeys (ConfUtils.java:logGet(46)) - raft.server.rpc.request.timeout = 60s (custom)
2023-08-25 08:52:48,253 [aaa796c8-aced-4c19-8914-014df42c39e4@group-606FF9491D12-LeaderElection37] INFO  grpc.GrpcConfigKeys (ConfUtils.java:logGet(46)) - raft.grpc.server.install_snapshot.request.element-limit = 8 (default)
2023-08-25 08:52:48,253 [aaa796c8-aced-4c19-8914-014df42c39e4@group-606FF9491D12-LeaderElection37] INFO  grpc.GrpcConfigKeys (ConfUtils.java:logGet(46)) - raft.grpc.server.install_snapshot.request.timeout = 3000ms (default)
2023-08-25 08:52:48,253 [aaa796c8-aced-4c19-8914-014df42c39e4@group-606FF9491D12-LeaderElection37] INFO  server.RaftServerConfigKeys (ConfUtils.java:logGet(46)) - raft.server.log.appender.install.snapshot.enabled = false (custom)
2023-08-25 08:52:48,253 [aaa796c8-aced-4c19-8914-014df42c39e4@group-606FF9491D12-LeaderElection37] INFO  grpc.GrpcConfigKeys (ConfUtils.java:logGet(46)) - raft.grpc.server.heartbeat.channel = true (default)
2023-08-25 08:52:48,253 [aaa796c8-aced-4c19-8914-014df42c39e4@group-606FF9491D12-LeaderElection37] INFO  server.RaftServerConfigKeys (ConfUtils.java:logGet(46)) - raft.server.log.appender.snapshot.chunk.size.max = 16MB (=16777216) (default)
2023-08-25 08:52:48,253 [aaa796c8-aced-4c19-8914-014df42c39e4@group-606FF9491D12-LeaderElection37] INFO  server.RaftServerConfigKeys (ConfUtils.java:logGet(46)) - raft.server.log.appender.buffer.byte-limit = 33554432 (custom)
2023-08-25 08:52:48,253 [aaa796c8-aced-4c19-8914-014df42c39e4@group-606FF9491D12-LeaderElection37] INFO  server.RaftServerConfigKeys (ConfUtils.java:logGet(46)) - raft.server.log.appender.buffer.element-limit = 1 (custom)
2023-08-25 08:52:48,253 [aaa796c8-aced-4c19-8914-014df42c39e4@group-606FF9491D12-LeaderElection37] INFO  server.RaftServerConfigKeys (ConfUtils.java:logGet(46)) - raft.server.log.appender.wait-time.min = 10ms (default)
2023-08-25 08:52:48,254 [aaa796c8-aced-4c19-8914-014df42c39e4@group-606FF9491D12-LeaderElection37] INFO  grpc.GrpcConfigKeys (ConfUtils.java:logGet(46)) - raft.grpc.server.leader.outstanding.appends.max = 128 (default)
2023-08-25 08:52:48,254 [aaa796c8-aced-4c19-8914-014df42c39e4@group-606FF9491D12-LeaderElection37] INFO  server.RaftServerConfigKeys (ConfUtils.java:logGet(46)) - raft.server.rpc.request.timeout = 60s (custom)
2023-08-25 08:52:48,254 [aaa796c8-aced-4c19-8914-014df42c39e4@group-606FF9491D12-LeaderElection37] INFO  grpc.GrpcConfigKeys (ConfUtils.java:logGet(46)) - raft.grpc.server.install_snapshot.request.element-limit = 8 (default)
2023-08-25 08:52:48,254 [aaa796c8-aced-4c19-8914-014df42c39e4@group-606FF9491D12-LeaderElection37] INFO  grpc.GrpcConfigKeys (ConfUtils.java:logGet(46)) - raft.grpc.server.install_snapshot.request.timeout = 3000ms (default)
2023-08-25 08:52:48,254 [aaa796c8-aced-4c19-8914-014df42c39e4@group-606FF9491D12-LeaderElection37] INFO  server.RaftServerConfigKeys (ConfUtils.java:logGet(46)) - raft.server.log.appender.install.snapshot.enabled = false (custom)
2023-08-25 08:52:48,254 [aaa796c8-aced-4c19-8914-014df42c39e4@group-606FF9491D12-LeaderElection37] INFO  grpc.GrpcConfigKeys (ConfUtils.java:logGet(46)) - raft.grpc.server.heartbeat.channel = true (default)
2023-08-25 08:52:48,254 [aaa796c8-aced-4c19-8914-014df42c39e4@group-606FF9491D12-LeaderElection37] INFO  impl.RoleInfo (RoleInfo.java:updateAndGet(139)) - aaa796c8-aced-4c19-8914-014df42c39e4: start aaa796c8-aced-4c19-8914-014df42c39e4@group-606FF9491D12-LeaderStateImpl
2023-08-25 08:52:48,254 [aaa796c8-aced-4c19-8914-014df42c39e4@group-606FF9491D12-LeaderElection37] INFO  segmented.SegmentedRaftLogWorker (SegmentedRaftLogWorker.java:startLogSegment(447)) - aaa796c8-aced-4c19-8914-014df42c39e4@group-606FF9491D12-SegmentedRaftLogWorker: Starting segment from index:0
2023-08-25 08:52:48,255 [aaa796c8-aced-4c19-8914-014df42c39e4@group-606FF9491D12-SegmentedRaftLogWorker] INFO  segmented.SegmentedRaftLogWorker (SegmentedRaftLogWorker.java:execute(651)) - aaa796c8-aced-4c19-8914-014df42c39e4@group-606FF9491D12-SegmentedRaftLogWorker: created new log segment /home/runner/work/ozone/ozone/hadoop-ozone/integration-test/target/test-dir/MiniOzoneClusterImpl-ea041547-065d-47c9-8c6f-7cbf64d7cdf8/datanode-1/data/ratis/594834ec-5818-442d-a23f-606ff9491d12/current/log_inprogress_0
2023-08-25 08:52:48,261 [grpc-default-executor-2] INFO  impl.VoteContext (VoteContext.java:log(49)) - e10cda8e-4bea-44c9-8078-2ce611a3a813@group-5F039740BA65-FOLLOWER: accept PRE_VOTE from 6a511105-798d-4035-a071-a904e0472807: our priority 0 <= candidate's priority 1
2023-08-25 08:52:48,262 [grpc-default-executor-2] INFO  server.RaftServer$Division (RaftServerImpl.java:requestVote(1335)) - e10cda8e-4bea-44c9-8078-2ce611a3a813@group-5F039740BA65 replies to PRE_VOTE vote request: 6a511105-798d-4035-a071-a904e0472807<-e10cda8e-4bea-44c9-8078-2ce611a3a813#0:OK-t0. Peer's state: e10cda8e-4bea-44c9-8078-2ce611a3a813@group-5F039740BA65:t0, leader=null, voted=, raftlog=Memoized:e10cda8e-4bea-44c9-8078-2ce611a3a813@group-5F039740BA65-SegmentedRaftLog:OPENED:c-1, conf=-1: peers:[aaa796c8-aced-4c19-8914-014df42c39e4|rpc:10.1.0.19:15182|admin:10.1.0.19:15181|client:10.1.0.19:15180|dataStream:10.1.0.19:15183|priority:0|startupRole:FOLLOWER, e10cda8e-4bea-44c9-8078-2ce611a3a813|rpc:10.1.0.19:15173|admin:10.1.0.19:15172|client:10.1.0.19:15171|dataStream:10.1.0.19:15174|priority:0|startupRole:FOLLOWER, 6a511105-798d-4035-a071-a904e0472807|rpc:10.1.0.19:15191|admin:10.1.0.19:15190|client:10.1.0.19:15189|dataStream:10.1.0.19:15192|priority:1|startupRole:FOLLOWER]|listeners:[], old=null
2023-08-25 08:52:48,262 [grpc-default-executor-3] INFO  server.RaftServer$Division (RaftServerImpl.java:requestVote(1302)) - 6a511105-798d-4035-a071-a904e0472807@group-606FF9491D12: receive requestVote(ELECTION, aaa796c8-aced-4c19-8914-014df42c39e4, group-606FF9491D12, 1, (t:0, i:0))
2023-08-25 08:52:48,262 [grpc-default-executor-3] INFO  impl.VoteContext (VoteContext.java:log(49)) - 6a511105-798d-4035-a071-a904e0472807@group-606FF9491D12-FOLLOWER: accept ELECTION from aaa796c8-aced-4c19-8914-014df42c39e4: our priority 0 <= candidate's priority 1
2023-08-25 08:52:48,262 [grpc-default-executor-3] INFO  server.RaftServer$Division (RaftServerImpl.java:setRole(329)) - 6a511105-798d-4035-a071-a904e0472807@group-606FF9491D12: changes role from  FOLLOWER to FOLLOWER at term 1 for candidate:aaa796c8-aced-4c19-8914-014df42c39e4
2023-08-25 08:52:48,262 [grpc-default-executor-3] INFO  impl.RoleInfo (RoleInfo.java:shutdownFollowerState(110)) - 6a511105-798d-4035-a071-a904e0472807: shutdown 6a511105-798d-4035-a071-a904e0472807@group-606FF9491D12-FollowerState
2023-08-25 08:52:48,263 [EventQueue-PipelineReportForPipelineReportHandler] INFO  pipeline.PipelineReportHandler (PipelineReportHandler.java:processPipelineReport(136)) - Opened pipeline PipelineID=594834ec-5818-442d-a23f-606ff9491d12
2023-08-25 08:52:48,264 [EventQueue-OpenPipelineForHealthyPipelineSafeModeRule] INFO  safemode.SCMSafeModeManager (HealthyPipelineSafeModeRule.java:process(137)) - SCM in safe mode. Healthy pipelines reported count is 0, required healthy pipeline reported count is 1
2023-08-25 08:52:48,264 [EventQueue-OpenPipelineForHealthyPipelineSafeModeRule] INFO  safemode.SCMSafeModeManager (HealthyPipelineSafeModeRule.java:process(137)) - SCM in safe mode. Healthy pipelines reported count is 1, required healthy pipeline reported count is 1
2023-08-25 08:52:48,264 [EventQueue-OpenPipelineForHealthyPipelineSafeModeRule] INFO  safemode.SCMSafeModeManager (SCMSafeModeManager.java:validateSafeModeExitRules(200)) - HealthyPipelineSafeModeRule rule is successfully validated
2023-08-25 08:52:48,264 [EventQueue-OpenPipelineForHealthyPipelineSafeModeRule] INFO  safemode.SCMSafeModeManager (SCMSafeModeManager.java:validateSafeModeExitRules(215)) - ScmSafeModeManager, all rules are successfully validated
2023-08-25 08:52:48,264 [EventQueue-OpenPipelineForHealthyPipelineSafeModeRule] INFO  safemode.SCMSafeModeManager (SCMSafeModeManager.java:exitSafeMode(244)) - SCM exiting safe mode.
2023-08-25 08:52:48,264 [EventQueue-OpenPipelineForHealthyPipelineSafeModeRule] INFO  ha.SCMContext (SCMContext.java:updateSafeModeStatus(228)) - Update SafeModeStatus from SafeModeStatus{safeModeStatus=true, preCheckPassed=true} to SafeModeStatus{safeModeStatus=false, preCheckPassed=true}.
2023-08-25 08:52:48,264 [EventQueue-OpenPipelineForHealthyPipelineSafeModeRule] INFO  pipeline.BackgroundPipelineCreator (BackgroundPipelineCreator.java:notifyStatusChanged(255)) - Service BackgroundPipelineCreator transitions to RUNNING.
2023-08-25 08:52:48,264 [EventQueue-OpenPipelineForHealthyPipelineSafeModeRule] INFO  BackgroundPipelineScrubber (BackgroundSCMService.java:notifyStatusChanged(82)) - Service BackgroundPipelineScrubber transitions to RUNNING.
2023-08-25 08:52:48,264 [EventQueue-OpenPipelineForHealthyPipelineSafeModeRule] INFO  ExpiredContainerReplicaOpScrubber (BackgroundSCMService.java:notifyStatusChanged(82)) - Service ExpiredContainerReplicaOpScrubber transitions to RUNNING.
2023-08-25 08:52:48,264 [EventQueue-OpenPipelineForHealthyPipelineSafeModeRule] INFO  replication.ReplicationManager (ReplicationManager.java:notifyStatusChanged(1366)) - Service ReplicationManager transitions to RUNNING.
2023-08-25 08:52:48,264 [EventQueue-OpenPipelineForHealthyPipelineSafeModeRule] WARN  balancer.ContainerBalancer (ContainerBalancer.java:shouldRun(134)) - Could not find persisted configuration for ContainerBalancer when checking if ContainerBalancer should run. ContainerBalancer should not run now.
2023-08-25 08:52:48,264 [6a511105-798d-4035-a071-a904e0472807@group-606FF9491D12-FollowerState] INFO  impl.FollowerState (FollowerState.java:shouldRun(117)) - 6a511105-798d-4035-a071-a904e0472807@group-606FF9491D12-FollowerState: Stopping now (isRunning? false, role = FOLLOWER)
2023-08-25 08:52:48,269 [grpc-default-executor-3] INFO  impl.RoleInfo (RoleInfo.java:updateAndGet(139)) - 6a511105-798d-4035-a071-a904e0472807: start 6a511105-798d-4035-a071-a904e0472807@group-606FF9491D12-FollowerState
2023-08-25 08:52:48,272 [e10cda8e-4bea-44c9-8078-2ce611a3a813@group-5F039740BA65-FollowerState] INFO  server.RaftServerConfigKeys (ConfUtils.java:logFallback(53)) - raft.server.rpc.first-election.timeout.min = 5s (fallback to raft.server.rpc.timeout.min)
2023-08-25 08:52:48,274 [e10cda8e-4bea-44c9-8078-2ce611a3a813@group-5F039740BA65-FollowerState] INFO  server.RaftServerConfigKeys (ConfUtils.java:logFallback(53)) - raft.server.rpc.first-election.timeout.max = 5200ms (fallback to raft.server.rpc.timeout.max)
2023-08-25 08:52:48,274 [aaa796c8-aced-4c19-8914-014df42c39e4@group-606FF9491D12-LeaderElection37] INFO  server.RaftServer$Division (ServerState.java:setRaftConf(434)) - aaa796c8-aced-4c19-8914-014df42c39e4@group-606FF9491D12: set configuration 0: peers:[aaa796c8-aced-4c19-8914-014df42c39e4|rpc:10.1.0.19:15182|admin:10.1.0.19:15181|client:10.1.0.19:15180|dataStream:10.1.0.19:15183|priority:1|startupRole:FOLLOWER, e10cda8e-4bea-44c9-8078-2ce611a3a813|rpc:10.1.0.19:15173|admin:10.1.0.19:15172|client:10.1.0.19:15171|dataStream:10.1.0.19:15174|priority:0|startupRole:FOLLOWER, 6a511105-798d-4035-a071-a904e0472807|rpc:10.1.0.19:15191|admin:10.1.0.19:15190|client:10.1.0.19:15189|dataStream:10.1.0.19:15192|priority:0|startupRole:FOLLOWER]|listeners:[], old=null
2023-08-25 08:52:48,277 [grpc-default-executor-4] INFO  server.RaftServer$Division (RaftServerImpl.java:requestVote(1302)) - 6a511105-798d-4035-a071-a904e0472807@group-5F039740BA65: receive requestVote(PRE_VOTE, aaa796c8-aced-4c19-8914-014df42c39e4, group-5F039740BA65, 0, (t:0, i:0))
2023-08-25 08:52:48,277 [grpc-default-executor-4] INFO  impl.VoteContext (VoteContext.java:log(49)) - 6a511105-798d-4035-a071-a904e0472807@group-5F039740BA65-CANDIDATE: reject PRE_VOTE from aaa796c8-aced-4c19-8914-014df42c39e4: our priority 1 > candidate's priority 0
2023-08-25 08:52:48,277 [grpc-default-executor-4] INFO  server.RaftServer$Division (RaftServerImpl.java:requestVote(1335)) - 6a511105-798d-4035-a071-a904e0472807@group-5F039740BA65 replies to PRE_VOTE vote request: aaa796c8-aced-4c19-8914-014df42c39e4<-6a511105-798d-4035-a071-a904e0472807#0:FAIL-t0. Peer's state: 6a511105-798d-4035-a071-a904e0472807@group-5F039740BA65:t0, leader=null, voted=, raftlog=Memoized:6a511105-798d-4035-a071-a904e0472807@group-5F039740BA65-SegmentedRaftLog:OPENED:c-1, conf=-1: peers:[aaa796c8-aced-4c19-8914-014df42c39e4|rpc:10.1.0.19:15182|admin:10.1.0.19:15181|client:10.1.0.19:15180|dataStream:10.1.0.19:15183|priority:0|startupRole:FOLLOWER, e10cda8e-4bea-44c9-8078-2ce611a3a813|rpc:10.1.0.19:15173|admin:10.1.0.19:15172|client:10.1.0.19:15171|dataStream:10.1.0.19:15174|priority:0|startupRole:FOLLOWER, 6a511105-798d-4035-a071-a904e0472807|rpc:10.1.0.19:15191|admin:10.1.0.19:15190|client:10.1.0.19:15189|dataStream:10.1.0.19:15192|priority:1|startupRole:FOLLOWER]|listeners:[], old=null
2023-08-25 08:52:48,279 [6a511105-798d-4035-a071-a904e0472807@group-5F039740BA65-LeaderElection38] INFO  impl.LeaderElection (LeaderElection.java:logAndReturn(90)) - 6a511105-798d-4035-a071-a904e0472807@group-5F039740BA65-LeaderElection38: PRE_VOTE PASSED received 1 response(s) and 0 exception(s):
2023-08-25 08:52:48,279 [6a511105-798d-4035-a071-a904e0472807@group-5F039740BA65-LeaderElection38] INFO  impl.LeaderElection (LeaderElection.java:logAndReturn(94)) -   Response 0: 6a511105-798d-4035-a071-a904e0472807<-e10cda8e-4bea-44c9-8078-2ce611a3a813#0:OK-t0
2023-08-25 08:52:48,279 [6a511105-798d-4035-a071-a904e0472807@group-5F039740BA65-LeaderElection38] INFO  impl.LeaderElection (LeaderElection.java:askForVotes(323)) - 6a511105-798d-4035-a071-a904e0472807@group-5F039740BA65-LeaderElection38 PRE_VOTE round 0: result PASSED
2023-08-25 08:52:48,280 [aaa796c8-aced-4c19-8914-014df42c39e4@group-5F039740BA65-LeaderElection39] INFO  impl.LeaderElection (LeaderElection.java:logAndReturn(90)) - aaa796c8-aced-4c19-8914-014df42c39e4@group-5F039740BA65-LeaderElection39: PRE_VOTE REJECTED received 2 response(s) and 0 exception(s):
2023-08-25 08:52:48,280 [aaa796c8-aced-4c19-8914-014df42c39e4@group-5F039740BA65-LeaderElection39] INFO  impl.LeaderElection (LeaderElection.java:logAndReturn(94)) -   Response 0: aaa796c8-aced-4c19-8914-014df42c39e4<-e10cda8e-4bea-44c9-8078-2ce611a3a813#0:OK-t0
2023-08-25 08:52:48,280 [aaa796c8-aced-4c19-8914-014df42c39e4@group-5F039740BA65-LeaderElection39] INFO  impl.LeaderElection (LeaderElection.java:logAndReturn(94)) -   Response 1: aaa796c8-aced-4c19-8914-014df42c39e4<-6a511105-798d-4035-a071-a904e0472807#0:FAIL-t0
2023-08-25 08:52:48,281 [grpc-default-executor-3] INFO  server.RaftServer$Division (RaftServerImpl.java:requestVote(1335)) - 6a511105-798d-4035-a071-a904e0472807@group-606FF9491D12 replies to ELECTION vote request: aaa796c8-aced-4c19-8914-014df42c39e4<-6a511105-798d-4035-a071-a904e0472807#0:OK-t1. Peer's state: 6a511105-798d-4035-a071-a904e0472807@group-606FF9491D12:t1, leader=null, voted=aaa796c8-aced-4c19-8914-014df42c39e4, raftlog=Memoized:6a511105-798d-4035-a071-a904e0472807@group-606FF9491D12-SegmentedRaftLog:OPENED:c-1, conf=-1: peers:[aaa796c8-aced-4c19-8914-014df42c39e4|rpc:10.1.0.19:15182|admin:10.1.0.19:15181|client:10.1.0.19:15180|dataStream:10.1.0.19:15183|priority:1|startupRole:FOLLOWER, e10cda8e-4bea-44c9-8078-2ce611a3a813|rpc:10.1.0.19:15173|admin:10.1.0.19:15172|client:10.1.0.19:15171|dataStream:10.1.0.19:15174|priority:0|startupRole:FOLLOWER, 6a511105-798d-4035-a071-a904e0472807|rpc:10.1.0.19:15191|admin:10.1.0.19:15190|client:10.1.0.19:15189|dataStream:10.1.0.19:15192|priority:0|startupRole:FOLLOWER]|listeners:[], old=null
2023-08-25 08:52:48,281 [grpc-default-executor-5] INFO  server.RaftServer$Division (RaftServerImpl.java:requestVote(1302)) - aaa796c8-aced-4c19-8914-014df42c39e4@group-5F039740BA65: receive requestVote(PRE_VOTE, 6a511105-798d-4035-a071-a904e0472807, group-5F039740BA65, 0, (t:0, i:0))
2023-08-25 08:52:48,281 [6a511105-798d-4035-a071-a904e0472807@group-5F039740BA65-LeaderElection38] INFO  impl.LeaderElection (LeaderElection.java:askForVotes(321)) - 6a511105-798d-4035-a071-a904e0472807@group-5F039740BA65-LeaderElection38 ELECTION round 0: submit vote requests at term 1 for -1: peers:[aaa796c8-aced-4c19-8914-014df42c39e4|rpc:10.1.0.19:15182|admin:10.1.0.19:15181|client:10.1.0.19:15180|dataStream:10.1.0.19:15183|priority:0|startupRole:FOLLOWER, e10cda8e-4bea-44c9-8078-2ce611a3a813|rpc:10.1.0.19:15173|admin:10.1.0.19:15172|client:10.1.0.19:15171|dataStream:10.1.0.19:15174|priority:0|startupRole:FOLLOWER, 6a511105-798d-4035-a071-a904e0472807|rpc:10.1.0.19:15191|admin:10.1.0.19:15190|client:10.1.0.19:15189|dataStream:10.1.0.19:15192|priority:1|startupRole:FOLLOWER]|listeners:[], old=null
2023-08-25 08:52:48,281 [grpc-default-executor-5] INFO  impl.VoteContext (VoteContext.java:log(49)) - aaa796c8-aced-4c19-8914-014df42c39e4@group-5F039740BA65-CANDIDATE: accept PRE_VOTE from 6a511105-798d-4035-a071-a904e0472807: our priority 0 <= candidate's priority 1
2023-08-25 08:52:48,282 [grpc-default-executor-5] INFO  server.RaftServer$Division (RaftServerImpl.java:requestVote(1335)) - aaa796c8-aced-4c19-8914-014df42c39e4@group-5F039740BA65 replies to PRE_VOTE vote request: 6a511105-798d-4035-a071-a904e0472807<-aaa796c8-aced-4c19-8914-014df42c39e4#0:OK-t0. Peer's state: aaa796c8-aced-4c19-8914-014df42c39e4@group-5F039740BA65:t0, leader=null, voted=, raftlog=Memoized:aaa796c8-aced-4c19-8914-014df42c39e4@group-5F039740BA65-SegmentedRaftLog:OPENED:c-1, conf=-1: peers:[aaa796c8-aced-4c19-8914-014df42c39e4|rpc:10.1.0.19:15182|admin:10.1.0.19:15181|client:10.1.0.19:15180|dataStream:10.1.0.19:15183|priority:0|startupRole:FOLLOWER, e10cda8e-4bea-44c9-8078-2ce611a3a813|rpc:10.1.0.19:15173|admin:10.1.0.19:15172|client:10.1.0.19:15171|dataStream:10.1.0.19:15174|priority:0|startupRole:FOLLOWER, 6a511105-798d-4035-a071-a904e0472807|rpc:10.1.0.19:15191|admin:10.1.0.19:15190|client:10.1.0.19:15189|dataStream:10.1.0.19:15192|priority:1|startupRole:FOLLOWER]|listeners:[], old=null
2023-08-25 08:52:48,283 [e10cda8e-4bea-44c9-8078-2ce611a3a813-server-thread1] INFO  ratis.XceiverServerRatis (XceiverServerRatis.java:handleLeaderChangedNotification(902)) - Leader change notification received for group: group-606FF9491D12 with new leaderId: aaa796c8-aced-4c19-8914-014df42c39e4
2023-08-25 08:52:48,283 [e10cda8e-4bea-44c9-8078-2ce611a3a813-server-thread1] INFO  server.RaftServer$Division (ServerState.java:setLeader(317)) - e10cda8e-4bea-44c9-8078-2ce611a3a813@group-606FF9491D12: change Leader from null to aaa796c8-aced-4c19-8914-014df42c39e4 at term 1 for appendEntries, leader elected after 10682ms
2023-08-25 08:52:48,283 [6a511105-798d-4035-a071-a904e0472807@group-5F039740BA65-LeaderElection38] INFO  server.RaftServerConfigKeys (ConfUtils.java:logFallback(53)) - raft.server.rpc.first-election.timeout.min = 5s (fallback to raft.server.rpc.timeout.min)
2023-08-25 08:52:48,283 [6a511105-798d-4035-a071-a904e0472807@group-5F039740BA65-LeaderElection38] INFO  server.RaftServerConfigKeys (ConfUtils.java:logFallback(53)) - raft.server.rpc.first-election.timeout.max = 5200ms (fallback to raft.server.rpc.timeout.max)
2023-08-25 08:52:48,284 [6a511105-798d-4035-a071-a904e0472807-server-thread2] INFO  ratis.XceiverServerRatis (XceiverServerRatis.java:handleLeaderChangedNotification(902)) - Leader change notification received for group: group-606FF9491D12 with new leaderId: aaa796c8-aced-4c19-8914-014df42c39e4
2023-08-25 08:52:48,285 [6a511105-798d-4035-a071-a904e0472807-server-thread2] INFO  server.RaftServer$Division (ServerState.java:setLeader(317)) - 6a511105-798d-4035-a071-a904e0472807@group-606FF9491D12: change Leader from null to aaa796c8-aced-4c19-8914-014df42c39e4 at term 1 for appendEntries, leader elected after 10621ms
2023-08-25 08:52:48,285 [aaa796c8-aced-4c19-8914-014df42c39e4@group-5F039740BA65-LeaderElection39] INFO  impl.LeaderElection (LeaderElection.java:askForVotes(323)) - aaa796c8-aced-4c19-8914-014df42c39e4@group-5F039740BA65-LeaderElection39 PRE_VOTE round 0: result REJECTED
2023-08-25 08:52:48,285 [aaa796c8-aced-4c19-8914-014df42c39e4@group-5F039740BA65-LeaderElection39] INFO  server.RaftServer$Division (RaftServerImpl.java:setRole(329)) - aaa796c8-aced-4c19-8914-014df42c39e4@group-5F039740BA65: changes role from CANDIDATE to FOLLOWER at term 0 for REJECTED
2023-08-25 08:52:48,287 [aaa796c8-aced-4c19-8914-014df42c39e4@group-5F039740BA65-LeaderElection39] INFO  impl.RoleInfo (RoleInfo.java:shutdownLeaderElection(130)) - aaa796c8-aced-4c19-8914-014df42c39e4: shutdown aaa796c8-aced-4c19-8914-014df42c39e4@group-5F039740BA65-LeaderElection39
2023-08-25 08:52:48,287 [aaa796c8-aced-4c19-8914-014df42c39e4@group-5F039740BA65-LeaderElection39] INFO  impl.RoleInfo (RoleInfo.java:updateAndGet(139)) - aaa796c8-aced-4c19-8914-014df42c39e4: start aaa796c8-aced-4c19-8914-014df42c39e4@group-5F039740BA65-FollowerState
2023-08-25 08:52:48,286 [e10cda8e-4bea-44c9-8078-2ce611a3a813-server-thread1] INFO  server.RaftServer$Division (ServerState.java:setRaftConf(434)) - e10cda8e-4bea-44c9-8078-2ce611a3a813@group-606FF9491D12: set configuration 0: peers:[aaa796c8-aced-4c19-8914-014df42c39e4|rpc:10.1.0.19:15182|admin:10.1.0.19:15181|client:10.1.0.19:15180|dataStream:10.1.0.19:15183|priority:1|startupRole:FOLLOWER, e10cda8e-4bea-44c9-8078-2ce611a3a813|rpc:10.1.0.19:15173|admin:10.1.0.19:15172|client:10.1.0.19:15171|dataStream:10.1.0.19:15174|priority:0|startupRole:FOLLOWER, 6a511105-798d-4035-a071-a904e0472807|rpc:10.1.0.19:15191|admin:10.1.0.19:15190|client:10.1.0.19:15189|dataStream:10.1.0.19:15192|priority:0|startupRole:FOLLOWER]|listeners:[], old=null
2023-08-25 08:52:48,288 [e10cda8e-4bea-44c9-8078-2ce611a3a813-server-thread1] INFO  segmented.SegmentedRaftLogWorker (SegmentedRaftLogWorker.java:startLogSegment(447)) - e10cda8e-4bea-44c9-8078-2ce611a3a813@group-606FF9491D12-SegmentedRaftLogWorker: Starting segment from index:0
2023-08-25 08:52:48,297 [grpc-default-executor-5] INFO  server.RaftServer$Division (RaftServerImpl.java:requestVote(1302)) - e10cda8e-4bea-44c9-8078-2ce611a3a813@group-5F039740BA65: receive requestVote(ELECTION, 6a511105-798d-4035-a071-a904e0472807, group-5F039740BA65, 1, (t:0, i:0))
2023-08-25 08:52:48,297 [grpc-default-executor-5] INFO  impl.VoteContext (VoteContext.java:log(49)) - e10cda8e-4bea-44c9-8078-2ce611a3a813@group-5F039740BA65-FOLLOWER: accept ELECTION from 6a511105-798d-4035-a071-a904e0472807: our priority 0 <= candidate's priority 1
2023-08-25 08:52:48,297 [grpc-default-executor-5] INFO  server.RaftServer$Division (RaftServerImpl.java:setRole(329)) - e10cda8e-4bea-44c9-8078-2ce611a3a813@group-5F039740BA65: changes role from  FOLLOWER to FOLLOWER at term 1 for candidate:6a511105-798d-4035-a071-a904e0472807
2023-08-25 08:52:48,297 [grpc-default-executor-5] INFO  impl.RoleInfo (RoleInfo.java:shutdownFollowerState(110)) - e10cda8e-4bea-44c9-8078-2ce611a3a813: shutdown e10cda8e-4bea-44c9-8078-2ce611a3a813@group-5F039740BA65-FollowerState
2023-08-25 08:52:48,297 [grpc-default-executor-5] INFO  impl.RoleInfo (RoleInfo.java:updateAndGet(139)) - e10cda8e-4bea-44c9-8078-2ce611a3a813: start e10cda8e-4bea-44c9-8078-2ce611a3a813@group-5F039740BA65-FollowerState
2023-08-25 08:52:48,297 [e10cda8e-4bea-44c9-8078-2ce611a3a813@group-5F039740BA65-FollowerState] INFO  impl.FollowerState (FollowerState.java:run(152)) - e10cda8e-4bea-44c9-8078-2ce611a3a813@group-5F039740BA65-FollowerState was interrupted
2023-08-25 08:52:48,297 [grpc-default-executor-2] INFO  server.RaftServer$Division (RaftServerImpl.java:requestVote(1302)) - aaa796c8-aced-4c19-8914-014df42c39e4@group-5F039740BA65: receive requestVote(ELECTION, 6a511105-798d-4035-a071-a904e0472807, group-5F039740BA65, 1, (t:0, i:0))
2023-08-25 08:52:48,298 [6a511105-798d-4035-a071-a904e0472807-server-thread1] INFO  server.RaftServer$Division (ServerState.java:setRaftConf(434)) - 6a511105-798d-4035-a071-a904e0472807@group-606FF9491D12: set configuration 0: peers:[aaa796c8-aced-4c19-8914-014df42c39e4|rpc:10.1.0.19:15182|admin:10.1.0.19:15181|client:10.1.0.19:15180|dataStream:10.1.0.19:15183|priority:1|startupRole:FOLLOWER, e10cda8e-4bea-44c9-8078-2ce611a3a813|rpc:10.1.0.19:15173|admin:10.1.0.19:15172|client:10.1.0.19:15171|dataStream:10.1.0.19:15174|priority:0|startupRole:FOLLOWER, 6a511105-798d-4035-a071-a904e0472807|rpc:10.1.0.19:15191|admin:10.1.0.19:15190|client:10.1.0.19:15189|dataStream:10.1.0.19:15192|priority:0|startupRole:FOLLOWER]|listeners:[], old=null
2023-08-25 08:52:48,298 [grpc-default-executor-2] INFO  impl.VoteContext (VoteContext.java:log(49)) - aaa796c8-aced-4c19-8914-014df42c39e4@group-5F039740BA65-FOLLOWER: accept ELECTION from 6a511105-798d-4035-a071-a904e0472807: our priority 0 <= candidate's priority 1
2023-08-25 08:52:48,298 [grpc-default-executor-2] INFO  server.RaftServer$Division (RaftServerImpl.java:setRole(329)) - aaa796c8-aced-4c19-8914-014df42c39e4@group-5F039740BA65: changes role from  FOLLOWER to FOLLOWER at term 1 for candidate:6a511105-798d-4035-a071-a904e0472807
2023-08-25 08:52:48,298 [6a511105-798d-4035-a071-a904e0472807-server-thread1] INFO  segmented.SegmentedRaftLogWorker (SegmentedRaftLogWorker.java:startLogSegment(447)) - 6a511105-798d-4035-a071-a904e0472807@group-606FF9491D12-SegmentedRaftLogWorker: Starting segment from index:0
2023-08-25 08:52:48,298 [grpc-default-executor-2] INFO  impl.RoleInfo (RoleInfo.java:shutdownFollowerState(110)) - aaa796c8-aced-4c19-8914-014df42c39e4: shutdown aaa796c8-aced-4c19-8914-014df42c39e4@group-5F039740BA65-FollowerState
2023-08-25 08:52:48,299 [grpc-default-executor-2] INFO  impl.RoleInfo (RoleInfo.java:updateAndGet(139)) - aaa796c8-aced-4c19-8914-014df42c39e4: start aaa796c8-aced-4c19-8914-014df42c39e4@group-5F039740BA65-FollowerState
2023-08-25 08:52:48,299 [aaa796c8-aced-4c19-8914-014df42c39e4@group-5F039740BA65-FollowerState] INFO  impl.FollowerState (FollowerState.java:run(152)) - aaa796c8-aced-4c19-8914-014df42c39e4@group-5F039740BA65-FollowerState was interrupted
2023-08-25 08:52:48,306 [grpc-default-executor-2] INFO  server.RaftServer$Division (RaftServerImpl.java:requestVote(1335)) - aaa796c8-aced-4c19-8914-014df42c39e4@group-5F039740BA65 replies to ELECTION vote request: 6a511105-798d-4035-a071-a904e0472807<-aaa796c8-aced-4c19-8914-014df42c39e4#0:OK-t1. Peer's state: aaa796c8-aced-4c19-8914-014df42c39e4@group-5F039740BA65:t1, leader=null, voted=6a511105-798d-4035-a071-a904e0472807, raftlog=Memoized:aaa796c8-aced-4c19-8914-014df42c39e4@group-5F039740BA65-SegmentedRaftLog:OPENED:c-1, conf=-1: peers:[aaa796c8-aced-4c19-8914-014df42c39e4|rpc:10.1.0.19:15182|admin:10.1.0.19:15181|client:10.1.0.19:15180|dataStream:10.1.0.19:15183|priority:0|startupRole:FOLLOWER, e10cda8e-4bea-44c9-8078-2ce611a3a813|rpc:10.1.0.19:15173|admin:10.1.0.19:15172|client:10.1.0.19:15171|dataStream:10.1.0.19:15174|priority:0|startupRole:FOLLOWER, 6a511105-798d-4035-a071-a904e0472807|rpc:10.1.0.19:15191|admin:10.1.0.19:15190|client:10.1.0.19:15189|dataStream:10.1.0.19:15192|priority:1|startupRole:FOLLOWER]|listeners:[], old=null
2023-08-25 08:52:48,306 [grpc-default-executor-5] INFO  server.RaftServer$Division (RaftServerImpl.java:requestVote(1335)) - e10cda8e-4bea-44c9-8078-2ce611a3a813@group-5F039740BA65 replies to ELECTION vote request: 6a511105-798d-4035-a071-a904e0472807<-e10cda8e-4bea-44c9-8078-2ce611a3a813#0:OK-t1. Peer's state: e10cda8e-4bea-44c9-8078-2ce611a3a813@group-5F039740BA65:t1, leader=null, voted=6a511105-798d-4035-a071-a904e0472807, raftlog=Memoized:e10cda8e-4bea-44c9-8078-2ce611a3a813@group-5F039740BA65-SegmentedRaftLog:OPENED:c-1, conf=-1: peers:[aaa796c8-aced-4c19-8914-014df42c39e4|rpc:10.1.0.19:15182|admin:10.1.0.19:15181|client:10.1.0.19:15180|dataStream:10.1.0.19:15183|priority:0|startupRole:FOLLOWER, e10cda8e-4bea-44c9-8078-2ce611a3a813|rpc:10.1.0.19:15173|admin:10.1.0.19:15172|client:10.1.0.19:15171|dataStream:10.1.0.19:15174|priority:0|startupRole:FOLLOWER, 6a511105-798d-4035-a071-a904e0472807|rpc:10.1.0.19:15191|admin:10.1.0.19:15190|client:10.1.0.19:15189|dataStream:10.1.0.19:15192|priority:1|startupRole:FOLLOWER]|listeners:[], old=null
2023-08-25 08:52:48,307 [6a511105-798d-4035-a071-a904e0472807@group-5F039740BA65-LeaderElection38] INFO  impl.LeaderElection (LeaderElection.java:logAndReturn(90)) - 6a511105-798d-4035-a071-a904e0472807@group-5F039740BA65-LeaderElection38: ELECTION PASSED received 1 response(s) and 0 exception(s):
2023-08-25 08:52:48,307 [6a511105-798d-4035-a071-a904e0472807@group-5F039740BA65-LeaderElection38] INFO  impl.LeaderElection (LeaderElection.java:logAndReturn(94)) -   Response 0: 6a511105-798d-4035-a071-a904e0472807<-aaa796c8-aced-4c19-8914-014df42c39e4#0:OK-t1
2023-08-25 08:52:48,307 [6a511105-798d-4035-a071-a904e0472807@group-5F039740BA65-LeaderElection38] INFO  impl.LeaderElection (LeaderElection.java:askForVotes(323)) - 6a511105-798d-4035-a071-a904e0472807@group-5F039740BA65-LeaderElection38 ELECTION round 0: result PASSED
2023-08-25 08:52:48,307 [6a511105-798d-4035-a071-a904e0472807@group-5F039740BA65-LeaderElection38] INFO  impl.RoleInfo (RoleInfo.java:shutdownLeaderElection(130)) - 6a511105-798d-4035-a071-a904e0472807: shutdown 6a511105-798d-4035-a071-a904e0472807@group-5F039740BA65-LeaderElection38
2023-08-25 08:52:48,308 [6a511105-798d-4035-a071-a904e0472807@group-5F039740BA65-LeaderElection38] INFO  server.RaftServer$Division (RaftServerImpl.java:setRole(329)) - 6a511105-798d-4035-a071-a904e0472807@group-5F039740BA65: changes role from CANDIDATE to LEADER at term 1 for changeToLeader
2023-08-25 08:52:48,308 [6a511105-798d-4035-a071-a904e0472807@group-5F039740BA65-LeaderElection38] INFO  ratis.XceiverServerRatis (XceiverServerRatis.java:handleLeaderChangedNotification(902)) - Leader change notification received for group: group-5F039740BA65 with new leaderId: 6a511105-798d-4035-a071-a904e0472807
2023-08-25 08:52:48,308 [6a511105-798d-4035-a071-a904e0472807@group-5F039740BA65-LeaderElection38] INFO  server.RaftServer$Division (ServerState.java:setLeader(317)) - 6a511105-798d-4035-a071-a904e0472807@group-5F039740BA65: change Leader from null to 6a511105-798d-4035-a071-a904e0472807 at term 1 for becomeLeader, leader elected after 10767ms
2023-08-25 08:52:48,308 [6a511105-798d-4035-a071-a904e0472807@group-5F039740BA65-LeaderElection38] INFO  server.RaftServerConfigKeys (ConfUtils.java:logGet(46)) - raft.server.staging.catchup.gap = 1000 (default)
2023-08-25 08:52:48,308 [6a511105-798d-4035-a071-a904e0472807@group-5F039740BA65-LeaderElection38] INFO  server.RaftServerConfigKeys (ConfUtils.java:logGet(46)) - raft.server.write.element-limit = 1024 (custom)
2023-08-25 08:52:48,308 [6a511105-798d-4035-a071-a904e0472807@group-5F039740BA65-LeaderElection38] INFO  server.RaftServerConfigKeys (ConfUtils.java:logGet(46)) - raft.server.write.byte-limit = 1024 M (=1073741824) (custom)
2023-08-25 08:52:48,308 [e10cda8e-4bea-44c9-8078-2ce611a3a813@group-606FF9491D12-SegmentedRaftLogWorker] INFO  segmented.SegmentedRaftLogWorker (SegmentedRaftLogWorker.java:execute(651)) - e10cda8e-4bea-44c9-8078-2ce611a3a813@group-606FF9491D12-SegmentedRaftLogWorker: created new log segment /home/runner/work/ozone/ozone/hadoop-ozone/integration-test/target/test-dir/MiniOzoneClusterImpl-ea041547-065d-47c9-8c6f-7cbf64d7cdf8/datanode-0/data/ratis/594834ec-5818-442d-a23f-606ff9491d12/current/log_inprogress_0
2023-08-25 08:52:48,308 [6a511105-798d-4035-a071-a904e0472807@group-5F039740BA65-LeaderElection38] INFO  server.RaftServerConfigKeys (ConfUtils.java:logGet(46)) - raft.server.watch.timeout = 180s (custom)
2023-08-25 08:52:48,308 [6a511105-798d-4035-a071-a904e0472807@group-5F039740BA65-LeaderElection38] INFO  server.RaftServerConfigKeys (ConfUtils.java:logGet(46)) - raft.server.watch.timeout.denomination = 1s (default)
2023-08-25 08:52:48,308 [6a511105-798d-4035-a071-a904e0472807@group-5F039740BA65-LeaderElection38] INFO  server.RaftServerConfigKeys (ConfUtils.java:logGet(46)) - raft.server.watch.element-limit = 65536 (default)
2023-08-25 08:52:48,308 [6a511105-798d-4035-a071-a904e0472807@group-5F039740BA65-LeaderElection38] INFO  server.RaftServerConfigKeys (ConfUtils.java:logGet(46)) - raft.server.write.element-limit = 1024 (custom)
2023-08-25 08:52:48,308 [6a511105-798d-4035-a071-a904e0472807@group-5F039740BA65-LeaderElection38] INFO  server.RaftServerConfigKeys (ConfUtils.java:logGet(46)) - raft.server.write.follower.gap.ratio.max = -1.0 (default)
2023-08-25 08:52:48,309 [6a511105-798d-4035-a071-a904e0472807@group-5F039740BA65-LeaderElection38] INFO  server.RaftServerConfigKeys (ConfUtils.java:logGet(46)) - raft.server.log.appender.snapshot.chunk.size.max = 16MB (=16777216) (default)
2023-08-25 08:52:48,309 [6a511105-798d-4035-a071-a904e0472807@group-5F039740BA65-LeaderElection38] INFO  server.RaftServerConfigKeys (ConfUtils.java:logGet(46)) - raft.server.log.appender.buffer.byte-limit = 33554432 (custom)
2023-08-25 08:52:48,309 [6a511105-798d-4035-a071-a904e0472807@group-5F039740BA65-LeaderElection38] INFO  server.RaftServerConfigKeys (ConfUtils.java:logGet(46)) - raft.server.log.appender.buffer.element-limit = 1 (custom)
2023-08-25 08:52:48,310 [6a511105-798d-4035-a071-a904e0472807@group-5F039740BA65-LeaderElection38] INFO  server.RaftServerConfigKeys (ConfUtils.java:logGet(46)) - raft.server.log.appender.wait-time.min = 10ms (default)
2023-08-25 08:52:48,310 [6a511105-798d-4035-a071-a904e0472807@group-5F039740BA65-LeaderElection38] INFO  grpc.GrpcConfigKeys (ConfUtils.java:logGet(46)) - raft.grpc.server.leader.outstanding.appends.max = 128 (default)
2023-08-25 08:52:48,310 [6a511105-798d-4035-a071-a904e0472807@group-5F039740BA65-LeaderElection38] INFO  server.RaftServerConfigKeys (ConfUtils.java:logGet(46)) - raft.server.rpc.request.timeout = 60s (custom)
2023-08-25 08:52:48,310 [6a511105-798d-4035-a071-a904e0472807@group-5F039740BA65-LeaderElection38] INFO  grpc.GrpcConfigKeys (ConfUtils.java:logGet(46)) - raft.grpc.server.install_snapshot.request.element-limit = 8 (default)
2023-08-25 08:52:48,310 [6a511105-798d-4035-a071-a904e0472807@group-5F039740BA65-LeaderElection38] INFO  grpc.GrpcConfigKeys (ConfUtils.java:logGet(46)) - raft.grpc.server.install_snapshot.request.timeout = 3000ms (default)
2023-08-25 08:52:48,310 [6a511105-798d-4035-a071-a904e0472807@group-5F039740BA65-LeaderElection38] INFO  server.RaftServerConfigKeys (ConfUtils.java:logGet(46)) - raft.server.log.appender.install.snapshot.enabled = false (custom)
2023-08-25 08:52:48,310 [6a511105-798d-4035-a071-a904e0472807@group-5F039740BA65-LeaderElection38] INFO  grpc.GrpcConfigKeys (ConfUtils.java:logGet(46)) - raft.grpc.server.heartbeat.channel = true (default)
2023-08-25 08:52:48,310 [6a511105-798d-4035-a071-a904e0472807@group-606FF9491D12-SegmentedRaftLogWorker] INFO  segmented.SegmentedRaftLogWorker (SegmentedRaftLogWorker.java:execute(651)) - 6a511105-798d-4035-a071-a904e0472807@group-606FF9491D12-SegmentedRaftLogWorker: created new log segment /home/runner/work/ozone/ozone/hadoop-ozone/integration-test/target/test-dir/MiniOzoneClusterImpl-ea041547-065d-47c9-8c6f-7cbf64d7cdf8/datanode-2/data/ratis/594834ec-5818-442d-a23f-606ff9491d12/current/log_inprogress_0
2023-08-25 08:52:48,311 [EventQueue-PipelineReportForPipelineReportHandler] INFO  pipeline.PipelineReportHandler (PipelineReportHandler.java:processPipelineReport(136)) - Opened pipeline PipelineID=8b55acb2-e7c8-4f01-be07-5f039740ba65
2023-08-25 08:52:48,312 [6a511105-798d-4035-a071-a904e0472807@group-5F039740BA65-LeaderElection38] INFO  server.RaftServerConfigKeys (ConfUtils.java:logGet(46)) - raft.server.log.appender.snapshot.chunk.size.max = 16MB (=16777216) (default)
2023-08-25 08:52:48,312 [6a511105-798d-4035-a071-a904e0472807@group-5F039740BA65-LeaderElection38] INFO  server.RaftServerConfigKeys (ConfUtils.java:logGet(46)) - raft.server.log.appender.buffer.byte-limit = 33554432 (custom)
2023-08-25 08:52:48,312 [6a511105-798d-4035-a071-a904e0472807@group-5F039740BA65-LeaderElection38] INFO  server.RaftServerConfigKeys (ConfUtils.java:logGet(46)) - raft.server.log.appender.buffer.element-limit = 1 (custom)
2023-08-25 08:52:48,314 [6a511105-798d-4035-a071-a904e0472807@group-5F039740BA65-LeaderElection38] INFO  server.RaftServerConfigKeys (ConfUtils.java:logGet(46)) - raft.server.log.appender.wait-time.min = 10ms (default)
2023-08-25 08:52:48,314 [6a511105-798d-4035-a071-a904e0472807@group-5F039740BA65-LeaderElection38] INFO  grpc.GrpcConfigKeys (ConfUtils.java:logGet(46)) - raft.grpc.server.leader.outstanding.appends.max = 128 (default)
2023-08-25 08:52:48,314 [6a511105-798d-4035-a071-a904e0472807@group-5F039740BA65-LeaderElection38] INFO  server.RaftServerConfigKeys (ConfUtils.java:logGet(46)) - raft.server.rpc.request.timeout = 60s (custom)
2023-08-25 08:52:48,314 [6a511105-798d-4035-a071-a904e0472807@group-5F039740BA65-LeaderElection38] INFO  grpc.GrpcConfigKeys (ConfUtils.java:logGet(46)) - raft.grpc.server.install_snapshot.request.element-limit = 8 (default)
2023-08-25 08:52:48,314 [6a511105-798d-4035-a071-a904e0472807@group-5F039740BA65-LeaderElection38] INFO  grpc.GrpcConfigKeys (ConfUtils.java:logGet(46)) - raft.grpc.server.install_snapshot.request.timeout = 3000ms (default)
2023-08-25 08:52:48,314 [6a511105-798d-4035-a071-a904e0472807@group-5F039740BA65-LeaderElection38] INFO  server.RaftServerConfigKeys (ConfUtils.java:logGet(46)) - raft.server.log.appender.install.snapshot.enabled = false (custom)
2023-08-25 08:52:48,314 [6a511105-798d-4035-a071-a904e0472807@group-5F039740BA65-LeaderElection38] INFO  grpc.GrpcConfigKeys (ConfUtils.java:logGet(46)) - raft.grpc.server.heartbeat.channel = true (default)
2023-08-25 08:52:48,314 [6a511105-798d-4035-a071-a904e0472807@group-5F039740BA65-LeaderElection38] INFO  impl.RoleInfo (RoleInfo.java:updateAndGet(139)) - 6a511105-798d-4035-a071-a904e0472807: start 6a511105-798d-4035-a071-a904e0472807@group-5F039740BA65-LeaderStateImpl
2023-08-25 08:52:48,314 [6a511105-798d-4035-a071-a904e0472807@group-5F039740BA65-LeaderElection38] INFO  segmented.SegmentedRaftLogWorker (SegmentedRaftLogWorker.java:startLogSegment(447)) - 6a511105-798d-4035-a071-a904e0472807@group-5F039740BA65-SegmentedRaftLogWorker: Starting segment from index:0
2023-08-25 08:52:48,315 [6a511105-798d-4035-a071-a904e0472807@group-5F039740BA65-LeaderElection38] INFO  server.RaftServer$Division (ServerState.java:setRaftConf(434)) - 6a511105-798d-4035-a071-a904e0472807@group-5F039740BA65: set configuration 0: peers:[aaa796c8-aced-4c19-8914-014df42c39e4|rpc:10.1.0.19:15182|admin:10.1.0.19:15181|client:10.1.0.19:15180|dataStream:10.1.0.19:15183|priority:0|startupRole:FOLLOWER, e10cda8e-4bea-44c9-8078-2ce611a3a813|rpc:10.1.0.19:15173|admin:10.1.0.19:15172|client:10.1.0.19:15171|dataStream:10.1.0.19:15174|priority:0|startupRole:FOLLOWER, 6a511105-798d-4035-a071-a904e0472807|rpc:10.1.0.19:15191|admin:10.1.0.19:15190|client:10.1.0.19:15189|dataStream:10.1.0.19:15192|priority:1|startupRole:FOLLOWER]|listeners:[], old=null
2023-08-25 08:52:48,317 [6a511105-798d-4035-a071-a904e0472807@group-5F039740BA65-SegmentedRaftLogWorker] INFO  segmented.SegmentedRaftLogWorker (SegmentedRaftLogWorker.java:execute(651)) - 6a511105-798d-4035-a071-a904e0472807@group-5F039740BA65-SegmentedRaftLogWorker: created new log segment /home/runner/work/ozone/ozone/hadoop-ozone/integration-test/target/test-dir/MiniOzoneClusterImpl-ea041547-065d-47c9-8c6f-7cbf64d7cdf8/datanode-2/data/ratis/8b55acb2-e7c8-4f01-be07-5f039740ba65/current/log_inprogress_0
2023-08-25 08:52:48,325 [e10cda8e-4bea-44c9-8078-2ce611a3a813-server-thread1] INFO  ratis.XceiverServerRatis (XceiverServerRatis.java:handleLeaderChangedNotification(902)) - Leader change notification received for group: group-5F039740BA65 with new leaderId: 6a511105-798d-4035-a071-a904e0472807
2023-08-25 08:52:48,325 [e10cda8e-4bea-44c9-8078-2ce611a3a813-server-thread1] INFO  server.RaftServer$Division (ServerState.java:setLeader(317)) - e10cda8e-4bea-44c9-8078-2ce611a3a813@group-5F039740BA65: change Leader from null to 6a511105-798d-4035-a071-a904e0472807 at term 1 for appendEntries, leader elected after 10827ms
2023-08-25 08:52:48,326 [aaa796c8-aced-4c19-8914-014df42c39e4-server-thread1] INFO  ratis.XceiverServerRatis (XceiverServerRatis.java:handleLeaderChangedNotification(902)) - Leader change notification received for group: group-5F039740BA65 with new leaderId: 6a511105-798d-4035-a071-a904e0472807
2023-08-25 08:52:48,326 [aaa796c8-aced-4c19-8914-014df42c39e4-server-thread1] INFO  server.RaftServer$Division (ServerState.java:setLeader(317)) - aaa796c8-aced-4c19-8914-014df42c39e4@group-5F039740BA65: change Leader from null to 6a511105-798d-4035-a071-a904e0472807 at term 1 for appendEntries, leader elected after 10750ms
2023-08-25 08:52:48,337 [e10cda8e-4bea-44c9-8078-2ce611a3a813-server-thread2] INFO  server.RaftServer$Division (ServerState.java:setRaftConf(434)) - e10cda8e-4bea-44c9-8078-2ce611a3a813@group-5F039740BA65: set configuration 0: peers:[aaa796c8-aced-4c19-8914-014df42c39e4|rpc:10.1.0.19:15182|admin:10.1.0.19:15181|client:10.1.0.19:15180|dataStream:10.1.0.19:15183|priority:0|startupRole:FOLLOWER, e10cda8e-4bea-44c9-8078-2ce611a3a813|rpc:10.1.0.19:15173|admin:10.1.0.19:15172|client:10.1.0.19:15171|dataStream:10.1.0.19:15174|priority:0|startupRole:FOLLOWER, 6a511105-798d-4035-a071-a904e0472807|rpc:10.1.0.19:15191|admin:10.1.0.19:15190|client:10.1.0.19:15189|dataStream:10.1.0.19:15192|priority:1|startupRole:FOLLOWER]|listeners:[], old=null
2023-08-25 08:52:48,337 [aaa796c8-aced-4c19-8914-014df42c39e4-server-thread2] INFO  server.RaftServer$Division (ServerState.java:setRaftConf(434)) - aaa796c8-aced-4c19-8914-014df42c39e4@group-5F039740BA65: set configuration 0: peers:[aaa796c8-aced-4c19-8914-014df42c39e4|rpc:10.1.0.19:15182|admin:10.1.0.19:15181|client:10.1.0.19:15180|dataStream:10.1.0.19:15183|priority:0|startupRole:FOLLOWER, e10cda8e-4bea-44c9-8078-2ce611a3a813|rpc:10.1.0.19:15173|admin:10.1.0.19:15172|client:10.1.0.19:15171|dataStream:10.1.0.19:15174|priority:0|startupRole:FOLLOWER, 6a511105-798d-4035-a071-a904e0472807|rpc:10.1.0.19:15191|admin:10.1.0.19:15190|client:10.1.0.19:15189|dataStream:10.1.0.19:15192|priority:1|startupRole:FOLLOWER]|listeners:[], old=null
2023-08-25 08:52:48,337 [e10cda8e-4bea-44c9-8078-2ce611a3a813-server-thread2] INFO  segmented.SegmentedRaftLogWorker (SegmentedRaftLogWorker.java:startLogSegment(447)) - e10cda8e-4bea-44c9-8078-2ce611a3a813@group-5F039740BA65-SegmentedRaftLogWorker: Starting segment from index:0
2023-08-25 08:52:48,338 [aaa796c8-aced-4c19-8914-014df42c39e4-server-thread2] INFO  segmented.SegmentedRaftLogWorker (SegmentedRaftLogWorker.java:startLogSegment(447)) - aaa796c8-aced-4c19-8914-014df42c39e4@group-5F039740BA65-SegmentedRaftLogWorker: Starting segment from index:0
2023-08-25 08:52:48,339 [e10cda8e-4bea-44c9-8078-2ce611a3a813@group-5F039740BA65-SegmentedRaftLogWorker] INFO  segmented.SegmentedRaftLogWorker (SegmentedRaftLogWorker.java:execute(651)) - e10cda8e-4bea-44c9-8078-2ce611a3a813@group-5F039740BA65-SegmentedRaftLogWorker: created new log segment /home/runner/work/ozone/ozone/hadoop-ozone/integration-test/target/test-dir/MiniOzoneClusterImpl-ea041547-065d-47c9-8c6f-7cbf64d7cdf8/datanode-0/data/ratis/8b55acb2-e7c8-4f01-be07-5f039740ba65/current/log_inprogress_0
2023-08-25 08:52:48,339 [aaa796c8-aced-4c19-8914-014df42c39e4@group-5F039740BA65-SegmentedRaftLogWorker] INFO  segmented.SegmentedRaftLogWorker (SegmentedRaftLogWorker.java:execute(651)) - aaa796c8-aced-4c19-8914-014df42c39e4@group-5F039740BA65-SegmentedRaftLogWorker: created new log segment /home/runner/work/ozone/ozone/hadoop-ozone/integration-test/target/test-dir/MiniOzoneClusterImpl-ea041547-065d-47c9-8c6f-7cbf64d7cdf8/datanode-1/data/ratis/8b55acb2-e7c8-4f01-be07-5f039740ba65/current/log_inprogress_0
2023-08-25 08:52:49,093 [ReplicationMonitor] INFO  replication.ReplicationManager (ReplicationManager.java:processAll(361)) - Replication Manager is not ready to run until 3000ms after safemode exit
2023-08-25 08:52:49,097 [Time-limited test] INFO  ozone.MiniOzoneClusterImpl (MiniOzoneClusterImpl.java:lambda$waitForClusterToBeReady$0(224)) - Nodes are ready. Got 5 of 5 DN Heartbeats.
2023-08-25 08:52:49,097 [Time-limited test] INFO  ozone.MiniOzoneClusterImpl (MiniOzoneClusterImpl.java:lambda$waitForClusterToBeReady$0(227)) - Cluster exits safe mode
2023-08-25 08:52:49,097 [Time-limited test] INFO  ozone.MiniOzoneClusterImpl (MiniOzoneClusterImpl.java:lambda$waitForClusterToBeReady$0(229)) - SCM became leader
2023-08-25 08:52:49,120 [Time-limited test] INFO  rpc.RpcClient (RpcClient.java:createVolume(461)) - Creating Volume: vol1, with runner as owner and space quota set to -1 bytes, counts quota set to -1
2023-08-25 08:52:49,137 [OM StateMachine ApplyTransaction Thread - 0] INFO  volume.OMVolumeCreateRequest (OMVolumeCreateRequest.java:validateAndUpdateCache(196)) - created volume:vol1 for user:runner
2023-08-25 08:52:49,147 [Time-limited test] INFO  rpc.RpcClient (RpcClient.java:createBucket(688)) - Creating Bucket: vol1/bucket1, with server-side default bucket layout, runner as owner, Versioning false, Storage Type set to DISK and Encryption set to false, Replication Type set to server-side default replication type, Namespace Quota set to -1, Space Quota set to -1 
2023-08-25 08:52:49,150 [OM StateMachine ApplyTransaction Thread - 0] INFO  bucket.OMBucketCreateRequest (OMBucketCreateRequest.java:validateAndUpdateCache(270)) - created bucket: bucket1 of layout FILE_SYSTEM_OPTIMIZED in volume: vol1
2023-08-25 08:52:49,187 [IPC Server handler 0 on default port 15160] INFO  ha.SequenceIdGenerator (SequenceIdGenerator.java:getNextId(140)) - Allocate a batch for containerId, change lastId from 0 to 1000.
2023-08-25 08:52:49,188 [IPC Server handler 0 on default port 15160] WARN  ha.SequenceIdGenerator (SequenceIdGenerator.java:allocateBatch(253)) - Failed to allocate a batch for localId, expected lastId is 0, actual lastId is 111677748019200000.
2023-08-25 08:52:49,188 [IPC Server handler 0 on default port 15160] INFO  ha.SequenceIdGenerator (SequenceIdGenerator.java:getNextId(140)) - Allocate a batch for localId, change lastId from 111677748019200000 to 111677748019201000.
2023-08-25 08:52:49,312 [EventQueue-CloseContainerForCloseContainerEventHandler] INFO  container.CloseContainerEventHandler (CloseContainerEventHandler.java:onMessage(88)) - Close container Event triggered for container : #1, current state: OPEN
2023-08-25 08:52:49,313 [EventQueue-CloseContainerForCloseContainerEventHandler] INFO  container.CloseContainerEventHandler (CloseContainerEventHandler.java:onMessage(88)) - Close container Event triggered for container : #1, current state: CLOSING
2023-08-25 08:52:49,313 [EventQueue-CloseContainerForCloseContainerEventHandler] INFO  container.CloseContainerEventHandler (CloseContainerEventHandler.java:onMessage(88)) - Close container Event triggered for container : #1, current state: CLOSING
2023-08-25 08:52:50,094 [ReplicationMonitor] INFO  replication.ReplicationManager (ReplicationManager.java:processAll(361)) - Replication Manager is not ready to run until 3000ms after safemode exit
2023-08-25 08:52:51,094 [ReplicationMonitor] INFO  replication.ReplicationManager (ReplicationManager.java:processAll(361)) - Replication Manager is not ready to run until 3000ms after safemode exit
2023-08-25 08:52:52,095 [ReplicationMonitor] INFO  replication.ReplicationManager (ReplicationManager.java:sendDatanodeCommand(669)) - Sending command [closeContainerCommand: containerID: 1, pipelineID: PipelineID=594834ec-5818-442d-a23f-606ff9491d12, force: false] for container ContainerInfo{id=#1, state=CLOSING, stateEnterTime=2023-08-25T08:52:49.312Z, pipelineID=PipelineID=594834ec-5818-442d-a23f-606ff9491d12, owner=om1} to 6a511105-798d-4035-a071-a904e0472807(fv-az584-689.msjcyvhqqs1uvpg4fm53wptgqc.jx.internal.cloudapp.net/10.1.0.19) with datanode deadline 1692954142095 and scm deadline 1692954172095
2023-08-25 08:52:52,095 [ReplicationMonitor] INFO  replication.ReplicationManager (ReplicationManager.java:sendDatanodeCommand(669)) - Sending command [closeContainerCommand: containerID: 1, pipelineID: PipelineID=594834ec-5818-442d-a23f-606ff9491d12, force: false] for container ContainerInfo{id=#1, state=CLOSING, stateEnterTime=2023-08-25T08:52:49.312Z, pipelineID=PipelineID=594834ec-5818-442d-a23f-606ff9491d12, owner=om1} to aaa796c8-aced-4c19-8914-014df42c39e4(fv-az584-689.msjcyvhqqs1uvpg4fm53wptgqc.jx.internal.cloudapp.net/10.1.0.19) with datanode deadline 1692954142095 and scm deadline 1692954172095
2023-08-25 08:52:52,095 [ReplicationMonitor] INFO  replication.ReplicationManager (ReplicationManager.java:sendDatanodeCommand(669)) - Sending command [closeContainerCommand: containerID: 1, pipelineID: PipelineID=594834ec-5818-442d-a23f-606ff9491d12, force: false] for container ContainerInfo{id=#1, state=CLOSING, stateEnterTime=2023-08-25T08:52:49.312Z, pipelineID=PipelineID=594834ec-5818-442d-a23f-606ff9491d12, owner=om1} to e10cda8e-4bea-44c9-8078-2ce611a3a813(fv-az584-689.msjcyvhqqs1uvpg4fm53wptgqc.jx.internal.cloudapp.net/10.1.0.19) with datanode deadline 1692954142095 and scm deadline 1692954172095
2023-08-25 08:52:52,095 [ReplicationMonitor] INFO  replication.ReplicationManager (ReplicationManager.java:processAll(389)) - Replication Monitor Thread took 1 milliseconds for processing 1 containers.
2023-08-25 08:52:53,096 [ReplicationMonitor] INFO  replication.ReplicationManager (ReplicationManager.java:sendDatanodeCommand(669)) - Sending command [closeContainerCommand: containerID: 1, pipelineID: PipelineID=594834ec-5818-442d-a23f-606ff9491d12, force: false] for container ContainerInfo{id=#1, state=CLOSING, stateEnterTime=2023-08-25T08:52:49.312Z, pipelineID=PipelineID=594834ec-5818-442d-a23f-606ff9491d12, owner=om1} to 6a511105-798d-4035-a071-a904e0472807(fv-az584-689.msjcyvhqqs1uvpg4fm53wptgqc.jx.internal.cloudapp.net/10.1.0.19) with datanode deadline 1692954143096 and scm deadline 1692954173096
2023-08-25 08:52:53,096 [ReplicationMonitor] INFO  replication.ReplicationManager (ReplicationManager.java:sendDatanodeCommand(669)) - Sending command [closeContainerCommand: containerID: 1, pipelineID: PipelineID=594834ec-5818-442d-a23f-606ff9491d12, force: false] for container ContainerInfo{id=#1, state=CLOSING, stateEnterTime=2023-08-25T08:52:49.312Z, pipelineID=PipelineID=594834ec-5818-442d-a23f-606ff9491d12, owner=om1} to aaa796c8-aced-4c19-8914-014df42c39e4(fv-az584-689.msjcyvhqqs1uvpg4fm53wptgqc.jx.internal.cloudapp.net/10.1.0.19) with datanode deadline 1692954143096 and scm deadline 1692954173096
2023-08-25 08:52:53,096 [ReplicationMonitor] INFO  replication.ReplicationManager (ReplicationManager.java:sendDatanodeCommand(669)) - Sending command [closeContainerCommand: containerID: 1, pipelineID: PipelineID=594834ec-5818-442d-a23f-606ff9491d12, force: false] for container ContainerInfo{id=#1, state=CLOSING, stateEnterTime=2023-08-25T08:52:49.312Z, pipelineID=PipelineID=594834ec-5818-442d-a23f-606ff9491d12, owner=om1} to e10cda8e-4bea-44c9-8078-2ce611a3a813(fv-az584-689.msjcyvhqqs1uvpg4fm53wptgqc.jx.internal.cloudapp.net/10.1.0.19) with datanode deadline 1692954143096 and scm deadline 1692954173096
2023-08-25 08:52:53,096 [ReplicationMonitor] INFO  replication.ReplicationManager (ReplicationManager.java:processAll(389)) - Replication Monitor Thread took 0 milliseconds for processing 1 containers.
2023-08-25 08:52:53,257 [ContainerOp-594834ec-5818-442d-a23f-606ff9491d12-2] INFO  keyvalue.KeyValueContainer (KeyValueContainer.java:flushAndSyncDB(484)) - Container 1 is synced with bcsId 2.
2023-08-25 08:52:53,257 [ContainerOp-594834ec-5818-442d-a23f-606ff9491d12-2] INFO  keyvalue.KeyValueContainer (KeyValueContainer.java:flushAndSyncDB(484)) - Container 1 is synced with bcsId 2.
2023-08-25 08:52:53,258 [ContainerOp-594834ec-5818-442d-a23f-606ff9491d12-2] INFO  keyvalue.KeyValueContainer (KeyValueContainer.java:flushAndSyncDB(484)) - Container 1 is synced with bcsId 2.
2023-08-25 08:52:53,258 [ContainerOp-594834ec-5818-442d-a23f-606ff9491d12-2] INFO  keyvalue.KeyValueContainer (KeyValueContainer.java:flushAndSyncDB(484)) - Container 1 is synced with bcsId 2.
2023-08-25 08:52:53,260 [ContainerOp-594834ec-5818-442d-a23f-606ff9491d12-2] INFO  keyvalue.KeyValueContainer (KeyValueContainer.java:close(399)) - Container 1 is closed with bcsId 2.
2023-08-25 08:52:53,261 [ContainerOp-594834ec-5818-442d-a23f-606ff9491d12-2] INFO  keyvalue.KeyValueContainer (KeyValueContainer.java:close(399)) - Container 1 is closed with bcsId 2.
2023-08-25 08:52:53,268 [FixedThreadPoolWithAffinityExecutor-0-0] INFO  container.IncrementalContainerReportHandler (AbstractContainerReportHandler.java:updateContainerState(312)) - Moving container #1 to CLOSED state, datanode e10cda8e-4bea-44c9-8078-2ce611a3a813(fv-az584-689.msjcyvhqqs1uvpg4fm53wptgqc.jx.internal.cloudapp.net/10.1.0.19) reported CLOSED replica with index 0.
2023-08-25 08:52:53,268 [ContainerOp-594834ec-5818-442d-a23f-606ff9491d12-2] INFO  keyvalue.KeyValueContainer (KeyValueContainer.java:flushAndSyncDB(484)) - Container 1 is synced with bcsId 2.
2023-08-25 08:52:53,269 [ContainerOp-594834ec-5818-442d-a23f-606ff9491d12-2] INFO  keyvalue.KeyValueContainer (KeyValueContainer.java:flushAndSyncDB(484)) - Container 1 is synced with bcsId 2.
2023-08-25 08:52:53,272 [ContainerOp-594834ec-5818-442d-a23f-606ff9491d12-2] INFO  keyvalue.KeyValueContainer (KeyValueContainer.java:close(399)) - Container 1 is closed with bcsId 2.
2023-08-25 08:52:53,322 [Time-limited test] INFO  ozoneimpl.OzoneContainer (OzoneContainer.java:stop(451)) - Attempting to stop container services.
2023-08-25 08:52:53,322 [Time-limited test] INFO  server.RaftServer (RaftServerProxy.java:lambda$close$6(416)) - aaa796c8-aced-4c19-8914-014df42c39e4: close
2023-08-25 08:52:53,322 [aaa796c8-aced-4c19-8914-014df42c39e4-impl-thread1] INFO  server.RaftServer$Division (RaftServerImpl.java:lambda$close$4(466)) - aaa796c8-aced-4c19-8914-014df42c39e4@group-2AD0DEEE9506: shutdown
2023-08-25 08:52:53,322 [aaa796c8-aced-4c19-8914-014df42c39e4-impl-thread1] INFO  util.JmxRegister (JmxRegister.java:unregister(73)) - Successfully un-registered JMX Bean with object name Ratis:service=RaftServer,group=group-2AD0DEEE9506,id=aaa796c8-aced-4c19-8914-014df42c39e4
2023-08-25 08:52:53,323 [aaa796c8-aced-4c19-8914-014df42c39e4-impl-thread1] INFO  impl.RoleInfo (RoleInfo.java:shutdownLeaderState(93)) - aaa796c8-aced-4c19-8914-014df42c39e4: shutdown aaa796c8-aced-4c19-8914-014df42c39e4@group-2AD0DEEE9506-LeaderStateImpl
2023-08-25 08:52:53,323 [aaa796c8-aced-4c19-8914-014df42c39e4-impl-thread1] INFO  impl.PendingRequests (PendingRequests.java:sendNotLeaderResponses(289)) - aaa796c8-aced-4c19-8914-014df42c39e4@group-2AD0DEEE9506-PendingRequests: sendNotLeaderResponses
2023-08-25 08:52:53,323 [aaa796c8-aced-4c19-8914-014df42c39e4-impl-thread1] INFO  impl.StateMachineUpdater (StateMachineUpdater.java:stopAndJoin(155)) - aaa796c8-aced-4c19-8914-014df42c39e4@group-2AD0DEEE9506-StateMachineUpdater: set stopIndex = 0
2023-08-25 08:52:53,323 [aaa796c8-aced-4c19-8914-014df42c39e4@group-2AD0DEEE9506-StateMachineUpdater] INFO  ratis.ContainerStateMachine (ContainerStateMachine.java:takeSnapshot(330)) - group-2AD0DEEE9506: Taking a snapshot at:(t:1, i:0) file /home/runner/work/ozone/ozone/hadoop-ozone/integration-test/target/test-dir/MiniOzoneClusterImpl-ea041547-065d-47c9-8c6f-7cbf64d7cdf8/datanode-1/data/ratis/694e510b-b2e0-4d10-b615-2ad0deee9506/sm/snapshot.1_0
2023-08-25 08:52:53,324 [aaa796c8-aced-4c19-8914-014df42c39e4@group-2AD0DEEE9506-StateMachineUpdater] INFO  ratis.ContainerStateMachine (ContainerStateMachine.java:takeSnapshot(341)) - group-2AD0DEEE9506: Finished taking a snapshot at:(t:1, i:0) file:/home/runner/work/ozone/ozone/hadoop-ozone/integration-test/target/test-dir/MiniOzoneClusterImpl-ea041547-065d-47c9-8c6f-7cbf64d7cdf8/datanode-1/data/ratis/694e510b-b2e0-4d10-b615-2ad0deee9506/sm/snapshot.1_0 took: 1 ms
2023-08-25 08:52:53,323 [aaa796c8-aced-4c19-8914-014df42c39e4-impl-thread2] INFO  server.RaftServer$Division (RaftServerImpl.java:lambda$close$4(466)) - aaa796c8-aced-4c19-8914-014df42c39e4@group-606FF9491D12: shutdown
2023-08-25 08:52:53,325 [aaa796c8-aced-4c19-8914-014df42c39e4@group-2AD0DEEE9506-StateMachineUpdater] INFO  impl.StateMachineUpdater (StateMachineUpdater.java:takeSnapshot(291)) - aaa796c8-aced-4c19-8914-014df42c39e4@group-2AD0DEEE9506-StateMachineUpdater: Took a snapshot at index 0
2023-08-25 08:52:53,325 [aaa796c8-aced-4c19-8914-014df42c39e4-impl-thread2] INFO  util.JmxRegister (JmxRegister.java:unregister(73)) - Successfully un-registered JMX Bean with object name Ratis:service=RaftServer,group=group-606FF9491D12,id=aaa796c8-aced-4c19-8914-014df42c39e4
2023-08-25 08:52:53,325 [aaa796c8-aced-4c19-8914-014df42c39e4-impl-thread2] INFO  impl.RoleInfo (RoleInfo.java:shutdownLeaderState(93)) - aaa796c8-aced-4c19-8914-014df42c39e4: shutdown aaa796c8-aced-4c19-8914-014df42c39e4@group-606FF9491D12-LeaderStateImpl
2023-08-25 08:52:53,325 [aaa796c8-aced-4c19-8914-014df42c39e4@group-2AD0DEEE9506-StateMachineUpdater] INFO  impl.StateMachineUpdater (StateMachineUpdater.java:lambda$new$0(97)) - aaa796c8-aced-4c19-8914-014df42c39e4@group-2AD0DEEE9506-StateMachineUpdater: snapshotIndex: updateIncreasingly -1 -> 0
2023-08-25 08:52:53,325 [Time-limited test] INFO  server.GrpcService (GrpcService.java:closeImpl(311)) - aaa796c8-aced-4c19-8914-014df42c39e4: shutdown server org.apache.ratis.grpc.server.GrpcClientProtocolService now
2023-08-25 08:52:53,325 [aaa796c8-aced-4c19-8914-014df42c39e4@group-606FF9491D12->e10cda8e-4bea-44c9-8078-2ce611a3a813-GrpcLogAppender-LogAppenderDaemon] WARN  server.GrpcLogAppender (GrpcLogAppender.java:mayWait(199)) - aaa796c8-aced-4c19-8914-014df42c39e4@group-606FF9491D12->e10cda8e-4bea-44c9-8078-2ce611a3a813-GrpcLogAppender: Wait interrupted by java.lang.InterruptedException
2023-08-25 08:52:53,325 [aaa796c8-aced-4c19-8914-014df42c39e4-impl-thread3] INFO  server.RaftServer$Division (RaftServerImpl.java:lambda$close$4(466)) - aaa796c8-aced-4c19-8914-014df42c39e4@group-5F039740BA65: shutdown
2023-08-25 08:52:53,325 [aaa796c8-aced-4c19-8914-014df42c39e4-impl-thread3] INFO  util.JmxRegister (JmxRegister.java:unregister(73)) - Successfully un-registered JMX Bean with object name Ratis:service=RaftServer,group=group-5F039740BA65,id=aaa796c8-aced-4c19-8914-014df42c39e4
2023-08-25 08:52:53,325 [aaa796c8-aced-4c19-8914-014df42c39e4-impl-thread3] INFO  impl.RoleInfo (RoleInfo.java:shutdownFollowerState(110)) - aaa796c8-aced-4c19-8914-014df42c39e4: shutdown aaa796c8-aced-4c19-8914-014df42c39e4@group-5F039740BA65-FollowerState
2023-08-25 08:52:53,325 [aaa796c8-aced-4c19-8914-014df42c39e4@group-5F039740BA65-FollowerState] INFO  impl.FollowerState (FollowerState.java:run(152)) - aaa796c8-aced-4c19-8914-014df42c39e4@group-5F039740BA65-FollowerState was interrupted
2023-08-25 08:52:53,325 [aaa796c8-aced-4c19-8914-014df42c39e4-impl-thread2] INFO  impl.PendingRequests (PendingRequests.java:sendNotLeaderResponses(289)) - aaa796c8-aced-4c19-8914-014df42c39e4@group-606FF9491D12-PendingRequests: sendNotLeaderResponses
2023-08-25 08:52:53,327 [aaa796c8-aced-4c19-8914-014df42c39e4@group-5F039740BA65-StateMachineUpdater] INFO  ratis.ContainerStateMachine (ContainerStateMachine.java:takeSnapshot(330)) - group-5F039740BA65: Taking a snapshot at:(t:1, i:0) file /home/runner/work/ozone/ozone/hadoop-ozone/integration-test/target/test-dir/MiniOzoneClusterImpl-ea041547-065d-47c9-8c6f-7cbf64d7cdf8/datanode-1/data/ratis/8b55acb2-e7c8-4f01-be07-5f039740ba65/sm/snapshot.1_0
2023-08-25 08:52:53,327 [aaa796c8-aced-4c19-8914-014df42c39e4-impl-thread1] INFO  server.RaftServer$Division (ServerState.java:close(472)) - aaa796c8-aced-4c19-8914-014df42c39e4@group-2AD0DEEE9506: closes. applyIndex: 0
2023-08-25 08:52:53,327 [aaa796c8-aced-4c19-8914-014df42c39e4-impl-thread3] INFO  impl.StateMachineUpdater (StateMachineUpdater.java:stopAndJoin(155)) - aaa796c8-aced-4c19-8914-014df42c39e4@group-5F039740BA65-StateMachineUpdater: set stopIndex = 0
2023-08-25 08:52:53,332 [grpc-default-executor-2] INFO  server.GrpcServerProtocolService (GrpcServerProtocolService.java:onCompleted(155)) - e10cda8e-4bea-44c9-8078-2ce611a3a813: Completed APPEND_ENTRIES, lastRequest: null
2023-08-25 08:52:53,332 [grpc-default-executor-5] INFO  server.GrpcServerProtocolService (GrpcServerProtocolService.java:onCompleted(155)) - e10cda8e-4bea-44c9-8078-2ce611a3a813: Completed APPEND_ENTRIES, lastRequest: aaa796c8-aced-4c19-8914-014df42c39e4->e10cda8e-4bea-44c9-8078-2ce611a3a813#13-t1,previous=(t:1, i:5),leaderCommit=5,initializing? true,entries: size=1, first=(t:1, i:6), METADATAENTRY(c:5)
2023-08-25 08:52:53,332 [grpc-default-executor-5] INFO  server.GrpcServerProtocolService (GrpcServerProtocolService.java:lambda$onCompleted$5(157)) - e10cda8e-4bea-44c9-8078-2ce611a3a813: Completed APPEND_ENTRIES, lastReply: null
2023-08-25 08:52:53,330 [aaa796c8-aced-4c19-8914-014df42c39e4@group-5F039740BA65-StateMachineUpdater] INFO  ratis.ContainerStateMachine (ContainerStateMachine.java:takeSnapshot(341)) - group-5F039740BA65: Finished taking a snapshot at:(t:1, i:0) file:/home/runner/work/ozone/ozone/hadoop-ozone/integration-test/target/test-dir/MiniOzoneClusterImpl-ea041547-065d-47c9-8c6f-7cbf64d7cdf8/datanode-1/data/ratis/8b55acb2-e7c8-4f01-be07-5f039740ba65/sm/snapshot.1_0 took: 3 ms
2023-08-25 08:52:53,332 [aaa796c8-aced-4c19-8914-014df42c39e4@group-5F039740BA65-StateMachineUpdater] INFO  impl.StateMachineUpdater (StateMachineUpdater.java:takeSnapshot(291)) - aaa796c8-aced-4c19-8914-014df42c39e4@group-5F039740BA65-StateMachineUpdater: Took a snapshot at index 0
2023-08-25 08:52:53,333 [aaa796c8-aced-4c19-8914-014df42c39e4@group-5F039740BA65-StateMachineUpdater] INFO  impl.StateMachineUpdater (StateMachineUpdater.java:lambda$new$0(97)) - aaa796c8-aced-4c19-8914-014df42c39e4@group-5F039740BA65-StateMachineUpdater: snapshotIndex: updateIncreasingly -1 -> 0
2023-08-25 08:52:53,330 [aaa796c8-aced-4c19-8914-014df42c39e4@group-606FF9491D12-StateMachineUpdater] INFO  ratis.ContainerStateMachine (ContainerStateMachine.java:takeSnapshot(330)) - group-606FF9491D12: Taking a snapshot at:(t:1, i:6) file /home/runner/work/ozone/ozone/hadoop-ozone/integration-test/target/test-dir/MiniOzoneClusterImpl-ea041547-065d-47c9-8c6f-7cbf64d7cdf8/datanode-1/data/ratis/594834ec-5818-442d-a23f-606ff9491d12/sm/snapshot.1_6
2023-08-25 08:52:53,330 [aaa796c8-aced-4c19-8914-014df42c39e4-impl-thread2] INFO  impl.StateMachineUpdater (StateMachineUpdater.java:stopAndJoin(155)) - aaa796c8-aced-4c19-8914-014df42c39e4@group-606FF9491D12-StateMachineUpdater: set stopIndex = 6
2023-08-25 08:52:53,328 [aaa796c8-aced-4c19-8914-014df42c39e4@group-606FF9491D12->6a511105-798d-4035-a071-a904e0472807-GrpcLogAppender-LogAppenderDaemon] WARN  server.GrpcLogAppender (GrpcLogAppender.java:mayWait(199)) - aaa796c8-aced-4c19-8914-014df42c39e4@group-606FF9491D12->6a511105-798d-4035-a071-a904e0472807-GrpcLogAppender: Wait interrupted by java.lang.InterruptedException
2023-08-25 08:52:53,335 [grpc-default-executor-5] INFO  server.GrpcServerProtocolService (GrpcServerProtocolService.java:onCompleted(155)) - 6a511105-798d-4035-a071-a904e0472807: Completed APPEND_ENTRIES, lastRequest: aaa796c8-aced-4c19-8914-014df42c39e4->6a511105-798d-4035-a071-a904e0472807#14-t1,previous=(t:1, i:5),leaderCommit=5,initializing? true,entries: size=1, first=(t:1, i:6), METADATAENTRY(c:5)
2023-08-25 08:52:53,335 [grpc-default-executor-5] INFO  server.GrpcServerProtocolService (GrpcServerProtocolService.java:lambda$onCompleted$5(157)) - 6a511105-798d-4035-a071-a904e0472807: Completed APPEND_ENTRIES, lastReply: null
2023-08-25 08:52:53,336 [aaa796c8-aced-4c19-8914-014df42c39e4@group-606FF9491D12-StateMachineUpdater] INFO  ratis.ContainerStateMachine (ContainerStateMachine.java:takeSnapshot(341)) - group-606FF9491D12: Finished taking a snapshot at:(t:1, i:6) file:/home/runner/work/ozone/ozone/hadoop-ozone/integration-test/target/test-dir/MiniOzoneClusterImpl-ea041547-065d-47c9-8c6f-7cbf64d7cdf8/datanode-1/data/ratis/594834ec-5818-442d-a23f-606ff9491d12/sm/snapshot.1_6 took: 6 ms
2023-08-25 08:52:53,336 [aaa796c8-aced-4c19-8914-014df42c39e4@group-606FF9491D12-StateMachineUpdater] INFO  impl.StateMachineUpdater (StateMachineUpdater.java:takeSnapshot(291)) - aaa796c8-aced-4c19-8914-014df42c39e4@group-606FF9491D12-StateMachineUpdater: Took a snapshot at index 6
2023-08-25 08:52:53,336 [aaa796c8-aced-4c19-8914-014df42c39e4@group-606FF9491D12-StateMachineUpdater] INFO  impl.StateMachineUpdater (StateMachineUpdater.java:lambda$new$0(97)) - aaa796c8-aced-4c19-8914-014df42c39e4@group-606FF9491D12-StateMachineUpdater: snapshotIndex: updateIncreasingly -1 -> 6
2023-08-25 08:52:53,336 [grpc-default-executor-3] INFO  server.GrpcLogAppender (GrpcLogAppender.java:onCompleted(428)) - aaa796c8-aced-4c19-8914-014df42c39e4@group-606FF9491D12->e10cda8e-4bea-44c9-8078-2ce611a3a813-AppendLogResponseHandler: follower responses appendEntries COMPLETED
2023-08-25 08:52:53,336 [grpc-default-executor-4] INFO  server.GrpcServerProtocolService (GrpcServerProtocolService.java:onCompleted(155)) - 6a511105-798d-4035-a071-a904e0472807: Completed APPEND_ENTRIES, lastRequest: null
2023-08-25 08:52:53,336 [grpc-default-executor-3] INFO  leader.FollowerInfo (FollowerInfoImpl.java:lambda$new$0(52)) - aaa796c8-aced-4c19-8914-014df42c39e4@group-606FF9491D12->e10cda8e-4bea-44c9-8078-2ce611a3a813: decreaseNextIndex nextIndex: updateUnconditionally 7 -> 6
2023-08-25 08:52:53,338 [aaa796c8-aced-4c19-8914-014df42c39e4-impl-thread3] INFO  server.RaftServer$Division (ServerState.java:close(472)) - aaa796c8-aced-4c19-8914-014df42c39e4@group-5F039740BA65: closes. applyIndex: 0
2023-08-25 08:52:53,338 [grpc-default-executor-4] INFO  server.GrpcServerProtocolService (GrpcServerProtocolService.java:lambda$onCompleted$5(157)) - 6a511105-798d-4035-a071-a904e0472807: Completed APPEND_ENTRIES, lastReply: serverReply {
  requestorId: "aaa796c8-aced-4c19-8914-014df42c39e4"
  replyId: "6a511105-798d-4035-a071-a904e0472807"
  raftGroupId {
    id: "YH4\354X\030D-\242?`o\371I\035\022"
  }
  callId: 12
  success: true
}
term: 1
nextIndex: 5
followerCommit: 4
matchIndex: 18446744073709551615
isHearbeat: true

2023-08-25 08:52:53,339 [grpc-default-executor-1] INFO  server.GrpcLogAppender (GrpcLogAppender.java:onCompleted(428)) - aaa796c8-aced-4c19-8914-014df42c39e4@group-606FF9491D12->6a511105-798d-4035-a071-a904e0472807-AppendLogResponseHandler: follower responses appendEntries COMPLETED
2023-08-25 08:52:53,339 [grpc-default-executor-1] INFO  leader.FollowerInfo (FollowerInfoImpl.java:lambda$new$0(52)) - aaa796c8-aced-4c19-8914-014df42c39e4@group-606FF9491D12->6a511105-798d-4035-a071-a904e0472807: decreaseNextIndex nextIndex: updateUnconditionally 7 -> 6
2023-08-25 08:52:53,339 [grpc-default-executor-2] INFO  server.GrpcServerProtocolService (GrpcServerProtocolService.java:lambda$onCompleted$5(157)) - e10cda8e-4bea-44c9-8078-2ce611a3a813: Completed APPEND_ENTRIES, lastReply: serverReply {
  requestorId: "aaa796c8-aced-4c19-8914-014df42c39e4"
  replyId: "e10cda8e-4bea-44c9-8078-2ce611a3a813"
  raftGroupId {
    id: "YH4\354X\030D-\242?`o\371I\035\022"
  }
  callId: 11
  success: true
}
term: 1
nextIndex: 5
followerCommit: 4
matchIndex: 18446744073709551615
isHearbeat: true

2023-08-25 08:52:53,346 [Thread-2136] INFO  server.GrpcServerProtocolClient (GrpcServerProtocolClient.java:close(103)) - e10cda8e-4bea-44c9-8078-2ce611a3a813 Close channels
2023-08-25 08:52:53,350 [Thread-2137] INFO  server.GrpcServerProtocolClient (GrpcServerProtocolClient.java:close(103)) - 6a511105-798d-4035-a071-a904e0472807 Close channels
2023-08-25 08:52:53,352 [aaa796c8-aced-4c19-8914-014df42c39e4-impl-thread2] INFO  server.RaftServer$Division (ServerState.java:close(472)) - aaa796c8-aced-4c19-8914-014df42c39e4@group-606FF9491D12: closes. applyIndex: 6
2023-08-25 08:52:53,354 [aaa796c8-aced-4c19-8914-014df42c39e4-impl-thread3] INFO  segmented.SegmentedRaftLogWorker (SegmentedRaftLogWorker.java:close(252)) - aaa796c8-aced-4c19-8914-014df42c39e4@group-5F039740BA65-SegmentedRaftLogWorker close()
2023-08-25 08:52:53,357 [grpc-default-executor-3] INFO  server.GrpcLogAppender (GrpcLogAppender.java:onCompleted(428)) - aaa796c8-aced-4c19-8914-014df42c39e4@group-606FF9491D12->e10cda8e-4bea-44c9-8078-2ce611a3a813-AppendLogResponseHandler: follower responses appendEntries COMPLETED
2023-08-25 08:52:53,357 [grpc-default-executor-3] WARN  server.GrpcLogAppender (GrpcLogAppender.java:resetClient(137)) - aaa796c8-aced-4c19-8914-014df42c39e4@group-606FF9491D12->e10cda8e-4bea-44c9-8078-2ce611a3a813-GrpcLogAppender: Failed to getClient for e10cda8e-4bea-44c9-8078-2ce611a3a813
org.apache.ratis.protocol.exceptions.AlreadyClosedException: aaa796c8-aced-4c19-8914-014df42c39e4 is already CLOSED
	at org.apache.ratis.util.PeerProxyMap$PeerAndProxy.getProxy(PeerProxyMap.java:61)
	at org.apache.ratis.util.PeerProxyMap.getProxy(PeerProxyMap.java:115)
	at org.apache.ratis.grpc.server.GrpcLogAppender.getClient(GrpcLogAppender.java:112)
	at org.apache.ratis.grpc.server.GrpcLogAppender.resetClient(GrpcLogAppender.java:117)
	at org.apache.ratis.grpc.server.GrpcLogAppender.access$500(GrpcLogAppender.java:56)
	at org.apache.ratis.grpc.server.GrpcLogAppender$AppendLogResponseHandler.onCompleted(GrpcLogAppender.java:429)
	at org.apache.ratis.thirdparty.io.grpc.stub.ClientCalls$StreamObserverToCallListenerAdapter.onClose(ClientCalls.java:485)
	at org.apache.ratis.thirdparty.io.grpc.internal.ClientCallImpl.closeObserver(ClientCallImpl.java:563)
	at org.apache.ratis.thirdparty.io.grpc.internal.ClientCallImpl.access$300(ClientCallImpl.java:70)
	at org.apache.ratis.thirdparty.io.grpc.internal.ClientCallImpl$ClientStreamListenerImpl$1StreamClosed.runInternal(ClientCallImpl.java:744)
	at org.apache.ratis.thirdparty.io.grpc.internal.ClientCallImpl$ClientStreamListenerImpl$1StreamClosed.runInContext(ClientCallImpl.java:723)
	at org.apache.ratis.thirdparty.io.grpc.internal.ContextRunnable.run(ContextRunnable.java:37)
	at org.apache.ratis.thirdparty.io.grpc.internal.SerializingExecutor.run(SerializingExecutor.java:133)
	at java.util.concurrent.ThreadPoolExecutor.runWorker(ThreadPoolExecutor.java:1149)
	at java.util.concurrent.ThreadPoolExecutor$Worker.run(ThreadPoolExecutor.java:624)
	at java.lang.Thread.run(Thread.java:750)
2023-08-25 08:52:53,358 [grpc-default-executor-6] INFO  server.GrpcLogAppender (GrpcLogAppender.java:onCompleted(428)) - aaa796c8-aced-4c19-8914-014df42c39e4@group-606FF9491D12->6a511105-798d-4035-a071-a904e0472807-AppendLogResponseHandler: follower responses appendEntries COMPLETED
2023-08-25 08:52:53,358 [grpc-default-executor-6] WARN  server.GrpcLogAppender (GrpcLogAppender.java:resetClient(137)) - aaa796c8-aced-4c19-8914-014df42c39e4@group-606FF9491D12->6a511105-798d-4035-a071-a904e0472807-GrpcLogAppender: Failed to getClient for 6a511105-798d-4035-a071-a904e0472807
org.apache.ratis.protocol.exceptions.AlreadyClosedException: aaa796c8-aced-4c19-8914-014df42c39e4 is already CLOSED
	at org.apache.ratis.util.PeerProxyMap$PeerAndProxy.getProxy(PeerProxyMap.java:61)
	at org.apache.ratis.util.PeerProxyMap.getProxy(PeerProxyMap.java:115)
	at org.apache.ratis.grpc.server.GrpcLogAppender.getClient(GrpcLogAppender.java:112)
	at org.apache.ratis.grpc.server.GrpcLogAppender.resetClient(GrpcLogAppender.java:117)
	at org.apache.ratis.grpc.server.GrpcLogAppender.access$500(GrpcLogAppender.java:56)
	at org.apache.ratis.grpc.server.GrpcLogAppender$AppendLogResponseHandler.onCompleted(GrpcLogAppender.java:429)
	at org.apache.ratis.thirdparty.io.grpc.stub.ClientCalls$StreamObserverToCallListenerAdapter.onClose(ClientCalls.java:485)
	at org.apache.ratis.thirdparty.io.grpc.internal.ClientCallImpl.closeObserver(ClientCallImpl.java:563)
	at org.apache.ratis.thirdparty.io.grpc.internal.ClientCallImpl.access$300(ClientCallImpl.java:70)
	at org.apache.ratis.thirdparty.io.grpc.internal.ClientCallImpl$ClientStreamListenerImpl$1StreamClosed.runInternal(ClientCallImpl.java:744)
	at org.apache.ratis.thirdparty.io.grpc.internal.ClientCallImpl$ClientStreamListenerImpl$1StreamClosed.runInContext(ClientCallImpl.java:723)
	at org.apache.ratis.thirdparty.io.grpc.internal.ContextRunnable.run(ContextRunnable.java:37)
	at org.apache.ratis.thirdparty.io.grpc.internal.SerializingExecutor.run(SerializingExecutor.java:133)
	at java.util.concurrent.ThreadPoolExecutor.runWorker(ThreadPoolExecutor.java:1149)
	at java.util.concurrent.ThreadPoolExecutor$Worker.run(ThreadPoolExecutor.java:624)
	at java.lang.Thread.run(Thread.java:750)
2023-08-25 08:52:53,361 [Time-limited test] INFO  server.GrpcService (GrpcService.java:closeImpl(320)) - aaa796c8-aced-4c19-8914-014df42c39e4: shutdown server org.apache.ratis.grpc.server.GrpcClientProtocolService successfully
2023-08-25 08:52:53,361 [Time-limited test] INFO  server.GrpcService (GrpcService.java:closeImpl(311)) - aaa796c8-aced-4c19-8914-014df42c39e4: shutdown server GrpcServerProtocolService now
2023-08-25 08:52:53,369 [grpc-default-executor-2] WARN  server.GrpcServerProtocolService (LogUtils.java:warn(122)) - aaa796c8-aced-4c19-8914-014df42c39e4: APPEND_ENTRIES onError, lastRequest: null: org.apache.ratis.thirdparty.io.grpc.StatusRuntimeException: CANCELLED: client cancelled
2023-08-25 08:52:53,370 [Time-limited test] INFO  server.GrpcService (GrpcService.java:closeImpl(320)) - aaa796c8-aced-4c19-8914-014df42c39e4: shutdown server GrpcServerProtocolService successfully
2023-08-25 08:52:53,370 [Time-limited test] INFO  server.GrpcService (GrpcService.java:closeImpl(311)) - aaa796c8-aced-4c19-8914-014df42c39e4: shutdown server org.apache.ratis.grpc.server.GrpcAdminProtocolService now
2023-08-25 08:52:53,372 [grpc-default-executor-0] WARN  server.GrpcLogAppender (LogUtils.java:warn(122)) - 6a511105-798d-4035-a071-a904e0472807@group-5F039740BA65->aaa796c8-aced-4c19-8914-014df42c39e4-AppendLogResponseHandler: Failed appendEntries: org.apache.ratis.thirdparty.io.grpc.StatusRuntimeException: CANCELLED: RST_STREAM closed stream. HTTP/2 error code: CANCEL
2023-08-25 08:52:53,372 [grpc-default-executor-0] WARN  server.GrpcLogAppender (GrpcLogAppender.java:resetClient(128)) - 6a511105-798d-4035-a071-a904e0472807@group-5F039740BA65->aaa796c8-aced-4c19-8914-014df42c39e4-GrpcLogAppender: Follower failed when matchIndex == 0,  keep nextIndex (1) unchanged and retry.
2023-08-25 08:52:53,373 [grpc-default-executor-0] WARN  server.GrpcLogAppender (LogUtils.java:warn(122)) - 6a511105-798d-4035-a071-a904e0472807@group-5F039740BA65->aaa796c8-aced-4c19-8914-014df42c39e4-AppendLogResponseHandler: Failed appendEntries: org.apache.ratis.thirdparty.io.grpc.StatusRuntimeException: CANCELLED: RST_STREAM closed stream. HTTP/2 error code: CANCEL
2023-08-25 08:52:53,375 [Time-limited test] INFO  server.GrpcService (GrpcService.java:closeImpl(320)) - aaa796c8-aced-4c19-8914-014df42c39e4: shutdown server org.apache.ratis.grpc.server.GrpcAdminProtocolService successfully
2023-08-25 08:52:53,373 [grpc-default-executor-3] WARN  server.GrpcServerProtocolService (LogUtils.java:warn(122)) - aaa796c8-aced-4c19-8914-014df42c39e4: APPEND_ENTRIES onError, lastRequest: 6a511105-798d-4035-a071-a904e0472807->aaa796c8-aced-4c19-8914-014df42c39e4#1-t1,previous=(t:0, i:0),leaderCommit=-1,initializing? true,entries: size=1, first=(t:1, i:0), CONFIGURATIONENTRY(current:id: "aaa796c8-aced-4c19-8914-014df42c39e4"
address: "10.1.0.19:15182"
dataStreamAddress: "10.1.0.19:15183"
clientAddress: "10.1.0.19:15180"
adminAddress: "10.1.0.19:15181"
startupRole: FOLLOWER
,id: "e10cda8e-4bea-44c9-8078-2ce611a3a813"
address: "10.1.0.19:15173"
dataStreamAddress: "10.1.0.19:15174"
clientAddress: "10.1.0.19:15171"
adminAddress: "10.1.0.19:15172"
startupRole: FOLLOWER
,id: "6a511105-798d-4035-a071-a904e0472807"
address: "10.1.0.19:15191"
priority: 1
dataStreamAddress: "10.1.0.19:15192"
clientAddress: "10.1.0.19:15189"
adminAddress: "10.1.0.19:15190"
startupRole: FOLLOWER
, old:): org.apache.ratis.thirdparty.io.grpc.StatusRuntimeException: CANCELLED: client cancelled
2023-08-25 08:52:53,377 [grpc-default-executor-0] WARN  server.GrpcLogAppender (GrpcLogAppender.java:resetClient(128)) - 6a511105-798d-4035-a071-a904e0472807@group-5F039740BA65->aaa796c8-aced-4c19-8914-014df42c39e4-GrpcLogAppender: Follower failed when matchIndex == 0,  keep nextIndex (1) unchanged and retry.
2023-08-25 08:52:53,378 [aaa796c8-aced-4c19-8914-014df42c39e4-NettyServerStreamRpc-bossGroup--thread1] INFO  logging.LoggingHandler (AbstractInternalLogger.java:log(148)) - [id: 0xe97d9384, L:/0:0:0:0:0:0:0:0:15183] CLOSE
2023-08-25 08:52:53,378 [aaa796c8-aced-4c19-8914-014df42c39e4-NettyServerStreamRpc-bossGroup--thread1] INFO  logging.LoggingHandler (AbstractInternalLogger.java:log(148)) - [id: 0xe97d9384, L:/0:0:0:0:0:0:0:0:15183] INACTIVE
2023-08-25 08:52:53,378 [aaa796c8-aced-4c19-8914-014df42c39e4-NettyServerStreamRpc-bossGroup--thread1] INFO  logging.LoggingHandler (AbstractInternalLogger.java:log(148)) - [id: 0xe97d9384, L:/0:0:0:0:0:0:0:0:15183] UNREGISTERED
2023-08-25 08:52:54,097 [ReplicationMonitor] INFO  replication.ReplicationManager (ReplicationManager.java:processAll(389)) - Replication Monitor Thread took 0 milliseconds for processing 1 containers.
2023-08-25 08:52:54,127 [aaa796c8-aced-4c19-8914-014df42c39e4-impl-thread1] INFO  segmented.SegmentedRaftLogWorker (SegmentedRaftLogWorker.java:close(252)) - aaa796c8-aced-4c19-8914-014df42c39e4@group-2AD0DEEE9506-SegmentedRaftLogWorker close()
2023-08-25 08:52:54,247 [aaa796c8-aced-4c19-8914-014df42c39e4-impl-thread2] INFO  segmented.SegmentedRaftLogWorker (SegmentedRaftLogWorker.java:close(252)) - aaa796c8-aced-4c19-8914-014df42c39e4@group-606FF9491D12-SegmentedRaftLogWorker close()
2023-08-25 08:52:54,250 [JvmPauseMonitor24] INFO  util.JvmPauseMonitor (JvmPauseMonitor.java:run(109)) - JvmPauseMonitor-aaa796c8-aced-4c19-8914-014df42c39e4: Stopped
2023-08-25 08:52:54,611 [grpc-default-executor-0] WARN  server.GrpcLogAppender (LogUtils.java:warn(122)) - 6a511105-798d-4035-a071-a904e0472807@group-5F039740BA65->aaa796c8-aced-4c19-8914-014df42c39e4-AppendLogResponseHandler: Failed appendEntries: org.apache.ratis.thirdparty.io.grpc.StatusRuntimeException: UNAVAILABLE: io exception
2023-08-25 08:52:54,611 [grpc-default-executor-6] WARN  server.GrpcLogAppender (LogUtils.java:warn(122)) - 6a511105-798d-4035-a071-a904e0472807@group-5F039740BA65->aaa796c8-aced-4c19-8914-014df42c39e4-AppendLogResponseHandler: Failed appendEntries: org.apache.ratis.thirdparty.io.grpc.StatusRuntimeException: UNAVAILABLE: io exception
2023-08-25 08:52:54,612 [grpc-default-executor-0] WARN  server.GrpcLogAppender (GrpcLogAppender.java:resetClient(128)) - 6a511105-798d-4035-a071-a904e0472807@group-5F039740BA65->aaa796c8-aced-4c19-8914-014df42c39e4-GrpcLogAppender: Follower failed when matchIndex == 0,  keep nextIndex (1) unchanged and retry.
2023-08-25 08:52:54,612 [grpc-default-executor-6] WARN  server.GrpcLogAppender (GrpcLogAppender.java:resetClient(128)) - 6a511105-798d-4035-a071-a904e0472807@group-5F039740BA65->aaa796c8-aced-4c19-8914-014df42c39e4-GrpcLogAppender: Follower failed when matchIndex == 0,  keep nextIndex (1) unchanged and retry.
2023-08-25 08:52:55,098 [ReplicationMonitor] INFO  replication.ReplicationManager (ReplicationManager.java:processAll(389)) - Replication Monitor Thread took 1 milliseconds for processing 1 containers.
2023-08-25 08:52:55,860 [grpc-default-executor-6] WARN  server.GrpcLogAppender (LogUtils.java:warn(122)) - 6a511105-798d-4035-a071-a904e0472807@group-5F039740BA65->aaa796c8-aced-4c19-8914-014df42c39e4-AppendLogResponseHandler: Failed appendEntries: org.apache.ratis.thirdparty.io.grpc.StatusRuntimeException: UNAVAILABLE: io exception
2023-08-25 08:52:55,861 [grpc-default-executor-6] WARN  server.GrpcLogAppender (GrpcLogAppender.java:resetClient(128)) - 6a511105-798d-4035-a071-a904e0472807@group-5F039740BA65->aaa796c8-aced-4c19-8914-014df42c39e4-GrpcLogAppender: Follower failed when matchIndex == 0,  keep nextIndex (1) unchanged and retry.
2023-08-25 08:52:55,861 [grpc-default-executor-0] WARN  server.GrpcLogAppender (LogUtils.java:warn(122)) - 6a511105-798d-4035-a071-a904e0472807@group-5F039740BA65->aaa796c8-aced-4c19-8914-014df42c39e4-AppendLogResponseHandler: Failed appendEntries: org.apache.ratis.thirdparty.io.grpc.StatusRuntimeException: UNAVAILABLE: io exception
2023-08-25 08:52:55,861 [grpc-default-executor-0] WARN  server.GrpcLogAppender (GrpcLogAppender.java:resetClient(128)) - 6a511105-798d-4035-a071-a904e0472807@group-5F039740BA65->aaa796c8-aced-4c19-8914-014df42c39e4-GrpcLogAppender: Follower failed when matchIndex == 0,  keep nextIndex (1) unchanged and retry.
2023-08-25 08:52:56,098 [ReplicationMonitor] INFO  replication.ReplicationManager (ReplicationManager.java:processAll(389)) - Replication Monitor Thread took 0 milliseconds for processing 1 containers.
2023-08-25 08:52:56,254 [Time-limited test] INFO  utils.DatanodeStoreCache (DatanodeStoreCache.java:shutdownCache(110)) - Skip clearing cache in mini cluster mode. Entries left: [/home/runner/work/ozone/ozone/hadoop-ozone/integration-test/target/test-dir/MiniOzoneClusterImpl-ea041547-065d-47c9-8c6f-7cbf64d7cdf8/datanode-0/data-0/containers/hdds/ea041547-065d-47c9-8c6f-7cbf64d7cdf8/DS-f1138aac-37f8-4146-91e9-37fada8129e2/container.db, /home/runner/work/ozone/ozone/hadoop-ozone/integration-test/target/test-dir/MiniOzoneClusterImpl-ea041547-065d-47c9-8c6f-7cbf64d7cdf8/datanode-1/data-0/containers/hdds/ea041547-065d-47c9-8c6f-7cbf64d7cdf8/DS-5f439e45-c813-4e57-bf29-6f3a59cd7bef/container.db, /home/runner/work/ozone/ozone/hadoop-ozone/integration-test/target/test-dir/MiniOzoneClusterImpl-ea041547-065d-47c9-8c6f-7cbf64d7cdf8/datanode-2/data-0/containers/hdds/ea041547-065d-47c9-8c6f-7cbf64d7cdf8/DS-252ccf83-a0cd-41c9-9600-9022694a7342/container.db, /home/runner/work/ozone/ozone/hadoop-ozone/integration-test/target/test-dir/MiniOzoneClusterImpl-ea041547-065d-47c9-8c6f-7cbf64d7cdf8/datanode-3/data-0/containers/hdds/ea041547-065d-47c9-8c6f-7cbf64d7cdf8/DS-7a87b2f1-3685-4833-82bc-5ab1e00966ea/container.db, /home/runner/work/ozone/ozone/hadoop-ozone/integration-test/target/test-dir/MiniOzoneClusterImpl-ea041547-065d-47c9-8c6f-7cbf64d7cdf8/datanode-4/data-0/containers/hdds/ea041547-065d-47c9-8c6f-7cbf64d7cdf8/DS-3b11b2d9-5901-4bc5-ba65-649978bc326e/container.db]
2023-08-25 08:52:56,258 [Time-limited test] INFO  utils.DatanodeStoreCache (DatanodeStoreCache.java:removeDB(104)) - Removed db /home/runner/work/ozone/ozone/hadoop-ozone/integration-test/target/test-dir/MiniOzoneClusterImpl-ea041547-065d-47c9-8c6f-7cbf64d7cdf8/datanode-1/data-0/containers/hdds/ea041547-065d-47c9-8c6f-7cbf64d7cdf8/DS-5f439e45-c813-4e57-bf29-6f3a59cd7bef/container.db from cache
2023-08-25 08:52:56,258 [Time-limited test] INFO  volume.HddsVolume (HddsVolume.java:closeDbStore(453)) - SchemaV3 db is stopped at /home/runner/work/ozone/ozone/hadoop-ozone/integration-test/target/test-dir/MiniOzoneClusterImpl-ea041547-065d-47c9-8c6f-7cbf64d7cdf8/datanode-1/data-0/containers/hdds/ea041547-065d-47c9-8c6f-7cbf64d7cdf8/DS-5f439e45-c813-4e57-bf29-6f3a59cd7bef/container.db for volume DS-5f439e45-c813-4e57-bf29-6f3a59cd7bef
2023-08-25 08:52:56,258 [Time-limited test] INFO  utils.BackgroundService (BackgroundService.java:shutdown(141)) - Shutting down service BlockDeletingService
2023-08-25 08:52:56,258 [Time-limited test] INFO  utils.BackgroundService (BackgroundService.java:shutdown(141)) - Shutting down service StaleRecoveringContainerScrubbingService
2023-08-25 08:52:56,260 [Time-limited test] INFO  statemachine.DatanodeStateMachine (DatanodeStateMachine.java:stopDaemon(620)) - Ozone container server stopped.
2023-08-25 08:52:56,271 [Time-limited test] INFO  handler.ContextHandler (ContextHandler.java:doStop(1159)) - Stopped o.e.j.w.WebAppContext@332bce1f{hddsDatanode,/,null,STOPPED}{jar:file:/home/runner/.m2/repository/org/apache/ozone/hdds-container-service/1.4.0-SNAPSHOT/hdds-container-service-1.4.0-SNAPSHOT.jar!/webapps/hddsDatanode}
2023-08-25 08:52:56,271 [Time-limited test] INFO  server.AbstractConnector (AbstractConnector.java:doStop(383)) - Stopped ServerConnector@767132ee{HTTP/1.1, (http/1.1)}{0.0.0.0:15177}
2023-08-25 08:52:56,271 [Time-limited test] INFO  server.session (HouseKeeper.java:stopScavenging(149)) - node0 Stopped scavenging
2023-08-25 08:52:56,271 [Time-limited test] INFO  handler.ContextHandler (ContextHandler.java:doStop(1159)) - Stopped o.e.j.s.ServletContextHandler@321c67bd{static,/static,jar:file:/home/runner/.m2/repository/org/apache/ozone/hdds-container-service/1.4.0-SNAPSHOT/hdds-container-service-1.4.0-SNAPSHOT.jar!/webapps/static,STOPPED}
2023-08-25 08:52:56,271 [Time-limited test] INFO  handler.ContextHandler (ContextHandler.java:doStop(1159)) - Stopped o.e.j.s.ServletContextHandler@e24ca21{logs,/logs,file:///home/runner/work/ozone/ozone/hadoop-ozone/integration-test/target/log,STOPPED}
2023-08-25 08:52:56,272 [Time-limited test] INFO  ozone.HddsDatanodeClientProtocolServer (HddsDatanodeClientProtocolServer.java:stop(78)) - Stopping the RPC server for Client Protocol
2023-08-25 08:52:56,272 [Time-limited test] INFO  ipc.Server (Server.java:stop(3523)) - Stopping server on 15178
2023-08-25 08:52:56,275 [IPC Server listener on 15178] INFO  ipc.Server (Server.java:run(1434)) - Stopping IPC Server listener on 15178
2023-08-25 08:52:56,275 [IPC Server Responder] INFO  ipc.Server (Server.java:run(1567)) - Stopping IPC Server Responder
2023-08-25 08:52:56,277 [Time-limited test] INFO  container.TestHelper (TestHelper.java:countReplicas(423)) - Container 1 has 3 replicas on [6a511105-798d-4035-a071-a904e0472807, aaa796c8-aced-4c19-8914-014df42c39e4, e10cda8e-4bea-44c9-8078-2ce611a3a813]
2023-08-25 08:52:56,326 [EventQueue-StaleNodeForStaleNodeHandler] INFO  node.StaleNodeHandler (StaleNodeHandler.java:onMessage(58)) - Datanode aaa796c8-aced-4c19-8914-014df42c39e4(fv-az584-689.msjcyvhqqs1uvpg4fm53wptgqc.jx.internal.cloudapp.net/10.1.0.19) moved to stale state. Finalizing its pipelines [PipelineID=694e510b-b2e0-4d10-b615-2ad0deee9506, PipelineID=594834ec-5818-442d-a23f-606ff9491d12, PipelineID=8b55acb2-e7c8-4f01-be07-5f039740ba65]
2023-08-25 08:52:56,327 [EventQueue-StaleNodeForStaleNodeHandler] INFO  pipeline.PipelineManagerImpl (PipelineManagerImpl.java:closePipeline(529)) - Pipeline Pipeline[ Id: 694e510b-b2e0-4d10-b615-2ad0deee9506, Nodes: aaa796c8-aced-4c19-8914-014df42c39e4(fv-az584-689.msjcyvhqqs1uvpg4fm53wptgqc.jx.internal.cloudapp.net/10.1.0.19), ReplicationConfig: RATIS/ONE, State:OPEN, leaderId:aaa796c8-aced-4c19-8914-014df42c39e4, CreationTimestamp2023-08-25T08:52:34.787Z[Etc/UTC]] moved to CLOSED state
2023-08-25 08:52:56,328 [EventQueue-StaleNodeForStaleNodeHandler] INFO  pipeline.PipelineManagerImpl (PipelineManagerImpl.java:closePipeline(529)) - Pipeline Pipeline[ Id: 594834ec-5818-442d-a23f-606ff9491d12, Nodes: aaa796c8-aced-4c19-8914-014df42c39e4(fv-az584-689.msjcyvhqqs1uvpg4fm53wptgqc.jx.internal.cloudapp.net/10.1.0.19)e10cda8e-4bea-44c9-8078-2ce611a3a813(fv-az584-689.msjcyvhqqs1uvpg4fm53wptgqc.jx.internal.cloudapp.net/10.1.0.19)6a511105-798d-4035-a071-a904e0472807(fv-az584-689.msjcyvhqqs1uvpg4fm53wptgqc.jx.internal.cloudapp.net/10.1.0.19), ReplicationConfig: RATIS/THREE, State:OPEN, leaderId:aaa796c8-aced-4c19-8914-014df42c39e4, CreationTimestamp2023-08-25T08:52:35.143Z[Etc/UTC]] moved to CLOSED state
2023-08-25 08:52:56,328 [EventQueue-StaleNodeForStaleNodeHandler] INFO  pipeline.PipelineManagerImpl (PipelineManagerImpl.java:closePipeline(529)) - Pipeline Pipeline[ Id: 8b55acb2-e7c8-4f01-be07-5f039740ba65, Nodes: 6a511105-798d-4035-a071-a904e0472807(fv-az584-689.msjcyvhqqs1uvpg4fm53wptgqc.jx.internal.cloudapp.net/10.1.0.19)aaa796c8-aced-4c19-8914-014df42c39e4(fv-az584-689.msjcyvhqqs1uvpg4fm53wptgqc.jx.internal.cloudapp.net/10.1.0.19)e10cda8e-4bea-44c9-8078-2ce611a3a813(fv-az584-689.msjcyvhqqs1uvpg4fm53wptgqc.jx.internal.cloudapp.net/10.1.0.19), ReplicationConfig: RATIS/THREE, State:OPEN, leaderId:6a511105-798d-4035-a071-a904e0472807, CreationTimestamp2023-08-25T08:52:35.142Z[Etc/UTC]] moved to CLOSED state
2023-08-25 08:52:57,099 [ReplicationMonitor] INFO  replication.ReplicationManager (ReplicationManager.java:processAll(389)) - Replication Monitor Thread took 1 milliseconds for processing 1 containers.
2023-08-25 08:52:57,110 [grpc-default-executor-0] WARN  server.GrpcLogAppender (LogUtils.java:warn(122)) - 6a511105-798d-4035-a071-a904e0472807@group-5F039740BA65->aaa796c8-aced-4c19-8914-014df42c39e4-AppendLogResponseHandler: Failed appendEntries: org.apache.ratis.thirdparty.io.grpc.StatusRuntimeException: UNAVAILABLE: io exception
2023-08-25 08:52:57,111 [grpc-default-executor-0] WARN  server.GrpcLogAppender (GrpcLogAppender.java:resetClient(128)) - 6a511105-798d-4035-a071-a904e0472807@group-5F039740BA65->aaa796c8-aced-4c19-8914-014df42c39e4-GrpcLogAppender: Follower failed when matchIndex == 0,  keep nextIndex (1) unchanged and retry.
2023-08-25 08:52:57,112 [grpc-default-executor-6] WARN  server.GrpcLogAppender (LogUtils.java:warn(122)) - 6a511105-798d-4035-a071-a904e0472807@group-5F039740BA65->aaa796c8-aced-4c19-8914-014df42c39e4-AppendLogResponseHandler: Failed appendEntries: org.apache.ratis.thirdparty.io.grpc.StatusRuntimeException: UNAVAILABLE: io exception
2023-08-25 08:52:57,112 [grpc-default-executor-6] WARN  server.GrpcLogAppender (GrpcLogAppender.java:resetClient(128)) - 6a511105-798d-4035-a071-a904e0472807@group-5F039740BA65->aaa796c8-aced-4c19-8914-014df42c39e4-GrpcLogAppender: Follower failed when matchIndex == 0,  keep nextIndex (1) unchanged and retry.
2023-08-25 08:52:57,277 [Time-limited test] INFO  container.TestHelper (TestHelper.java:countReplicas(423)) - Container 1 has 3 replicas on [6a511105-798d-4035-a071-a904e0472807, aaa796c8-aced-4c19-8914-014df42c39e4, e10cda8e-4bea-44c9-8078-2ce611a3a813]
2023-08-25 08:52:58,099 [ReplicationMonitor] INFO  replication.ReplicationManager (ReplicationManager.java:processAll(389)) - Replication Monitor Thread took 0 milliseconds for processing 1 containers.
2023-08-25 08:52:58,278 [Time-limited test] INFO  container.TestHelper (TestHelper.java:countReplicas(423)) - Container 1 has 3 replicas on [6a511105-798d-4035-a071-a904e0472807, aaa796c8-aced-4c19-8914-014df42c39e4, e10cda8e-4bea-44c9-8078-2ce611a3a813]
2023-08-25 08:52:58,361 [grpc-default-executor-6] WARN  server.GrpcLogAppender (LogUtils.java:warn(122)) - 6a511105-798d-4035-a071-a904e0472807@group-5F039740BA65->aaa796c8-aced-4c19-8914-014df42c39e4-AppendLogResponseHandler: Failed appendEntries: org.apache.ratis.thirdparty.io.grpc.StatusRuntimeException: UNAVAILABLE: io exception
2023-08-25 08:52:58,362 [grpc-default-executor-6] WARN  server.GrpcLogAppender (GrpcLogAppender.java:resetClient(128)) - 6a511105-798d-4035-a071-a904e0472807@group-5F039740BA65->aaa796c8-aced-4c19-8914-014df42c39e4-GrpcLogAppender: Follower failed when matchIndex == 0,  keep nextIndex (1) unchanged and retry.
2023-08-25 08:52:58,362 [grpc-default-executor-0] WARN  server.GrpcLogAppender (LogUtils.java:warn(122)) - 6a511105-798d-4035-a071-a904e0472807@group-5F039740BA65->aaa796c8-aced-4c19-8914-014df42c39e4-AppendLogResponseHandler: Failed appendEntries: org.apache.ratis.thirdparty.io.grpc.StatusRuntimeException: UNAVAILABLE: io exception
2023-08-25 08:52:58,362 [grpc-default-executor-0] WARN  server.GrpcLogAppender (GrpcLogAppender.java:resetClient(128)) - 6a511105-798d-4035-a071-a904e0472807@group-5F039740BA65->aaa796c8-aced-4c19-8914-014df42c39e4-GrpcLogAppender: Follower failed when matchIndex == 0,  keep nextIndex (1) unchanged and retry.
2023-08-25 08:52:58,411 [e10cda8e-4bea-44c9-8078-2ce611a3a813@group-606FF9491D12-FollowerState] INFO  impl.FollowerState (FollowerState.java:run(143)) - e10cda8e-4bea-44c9-8078-2ce611a3a813@group-606FF9491D12-FollowerState: change to CANDIDATE, lastRpcElapsedTime:5159416487ns, electionTimeout:5082ms
2023-08-25 08:52:58,411 [e10cda8e-4bea-44c9-8078-2ce611a3a813@group-606FF9491D12-FollowerState] INFO  impl.RoleInfo (RoleInfo.java:shutdownFollowerState(110)) - e10cda8e-4bea-44c9-8078-2ce611a3a813: shutdown e10cda8e-4bea-44c9-8078-2ce611a3a813@group-606FF9491D12-FollowerState
2023-08-25 08:52:58,411 [e10cda8e-4bea-44c9-8078-2ce611a3a813@group-606FF9491D12-FollowerState] INFO  server.RaftServer$Division (RaftServerImpl.java:setRole(329)) - e10cda8e-4bea-44c9-8078-2ce611a3a813@group-606FF9491D12: changes role from  FOLLOWER to CANDIDATE at term 1 for changeToCandidate
2023-08-25 08:52:58,411 [e10cda8e-4bea-44c9-8078-2ce611a3a813@group-606FF9491D12-FollowerState] INFO  server.RaftServerConfigKeys (ConfUtils.java:logGet(46)) - raft.server.leaderelection.pre-vote = true (default)
2023-08-25 08:52:58,411 [e10cda8e-4bea-44c9-8078-2ce611a3a813@group-606FF9491D12-FollowerState] INFO  impl.RoleInfo (RoleInfo.java:updateAndGet(139)) - e10cda8e-4bea-44c9-8078-2ce611a3a813: start e10cda8e-4bea-44c9-8078-2ce611a3a813@group-606FF9491D12-LeaderElection40
2023-08-25 08:52:58,418 [e10cda8e-4bea-44c9-8078-2ce611a3a813@group-606FF9491D12-LeaderElection40] INFO  server.RaftServer$Division (ServerState.java:setLeader(317)) - e10cda8e-4bea-44c9-8078-2ce611a3a813@group-606FF9491D12: change Leader from aaa796c8-aced-4c19-8914-014df42c39e4 to null at term 1 for PRE_VOTE
2023-08-25 08:52:58,418 [e10cda8e-4bea-44c9-8078-2ce611a3a813@group-606FF9491D12-LeaderElection40] INFO  impl.LeaderElection (LeaderElection.java:askForVotes(321)) - e10cda8e-4bea-44c9-8078-2ce611a3a813@group-606FF9491D12-LeaderElection40 PRE_VOTE round 0: submit vote requests at term 1 for 0: peers:[aaa796c8-aced-4c19-8914-014df42c39e4|rpc:10.1.0.19:15182|admin:10.1.0.19:15181|client:10.1.0.19:15180|dataStream:10.1.0.19:15183|priority:1|startupRole:FOLLOWER, e10cda8e-4bea-44c9-8078-2ce611a3a813|rpc:10.1.0.19:15173|admin:10.1.0.19:15172|client:10.1.0.19:15171|dataStream:10.1.0.19:15174|priority:0|startupRole:FOLLOWER, 6a511105-798d-4035-a071-a904e0472807|rpc:10.1.0.19:15191|admin:10.1.0.19:15190|client:10.1.0.19:15189|dataStream:10.1.0.19:15192|priority:0|startupRole:FOLLOWER]|listeners:[], old=null
2023-08-25 08:52:58,427 [grpc-default-executor-0] INFO  server.RaftServer$Division (RaftServerImpl.java:requestVote(1302)) - 6a511105-798d-4035-a071-a904e0472807@group-606FF9491D12: receive requestVote(PRE_VOTE, e10cda8e-4bea-44c9-8078-2ce611a3a813, group-606FF9491D12, 1, (t:1, i:6))
2023-08-25 08:52:58,427 [grpc-default-executor-0] INFO  impl.VoteContext (VoteContext.java:log(49)) - 6a511105-798d-4035-a071-a904e0472807@group-606FF9491D12-FOLLOWER: accept PRE_VOTE from e10cda8e-4bea-44c9-8078-2ce611a3a813: our priority 0 <= candidate's priority 0
2023-08-25 08:52:58,427 [grpc-default-executor-0] INFO  server.RaftServer$Division (RaftServerImpl.java:requestVote(1335)) - 6a511105-798d-4035-a071-a904e0472807@group-606FF9491D12 replies to PRE_VOTE vote request: e10cda8e-4bea-44c9-8078-2ce611a3a813<-6a511105-798d-4035-a071-a904e0472807#0:OK-t1. Peer's state: 6a511105-798d-4035-a071-a904e0472807@group-606FF9491D12:t1, leader=aaa796c8-aced-4c19-8914-014df42c39e4, voted=aaa796c8-aced-4c19-8914-014df42c39e4, raftlog=Memoized:6a511105-798d-4035-a071-a904e0472807@group-606FF9491D12-SegmentedRaftLog:OPENED:c5, conf=0: peers:[aaa796c8-aced-4c19-8914-014df42c39e4|rpc:10.1.0.19:15182|admin:10.1.0.19:15181|client:10.1.0.19:15180|dataStream:10.1.0.19:15183|priority:1|startupRole:FOLLOWER, e10cda8e-4bea-44c9-8078-2ce611a3a813|rpc:10.1.0.19:15173|admin:10.1.0.19:15172|client:10.1.0.19:15171|dataStream:10.1.0.19:15174|priority:0|startupRole:FOLLOWER, 6a511105-798d-4035-a071-a904e0472807|rpc:10.1.0.19:15191|admin:10.1.0.19:15190|client:10.1.0.19:15189|dataStream:10.1.0.19:15192|priority:0|startupRole:FOLLOWER]|listeners:[], old=null
2023-08-25 08:52:58,432 [e10cda8e-4bea-44c9-8078-2ce611a3a813@group-606FF9491D12-LeaderElection40] INFO  impl.LeaderElection (LogUtils.java:infoOrTrace(137)) - e10cda8e-4bea-44c9-8078-2ce611a3a813@group-606FF9491D12-LeaderElection40 got exception when requesting votes: java.util.concurrent.ExecutionException: org.apache.ratis.thirdparty.io.grpc.StatusRuntimeException: UNAVAILABLE: io exception
2023-08-25 08:52:58,432 [e10cda8e-4bea-44c9-8078-2ce611a3a813@group-606FF9491D12-LeaderElection40] INFO  impl.LeaderElection (LeaderElection.java:logAndReturn(90)) - e10cda8e-4bea-44c9-8078-2ce611a3a813@group-606FF9491D12-LeaderElection40: PRE_VOTE PASSED received 1 response(s) and 1 exception(s):
2023-08-25 08:52:58,432 [e10cda8e-4bea-44c9-8078-2ce611a3a813@group-606FF9491D12-LeaderElection40] INFO  impl.LeaderElection (LeaderElection.java:logAndReturn(94)) -   Response 0: e10cda8e-4bea-44c9-8078-2ce611a3a813<-6a511105-798d-4035-a071-a904e0472807#0:OK-t1
2023-08-25 08:52:58,432 [e10cda8e-4bea-44c9-8078-2ce611a3a813@group-606FF9491D12-LeaderElection40] INFO  impl.LeaderElection (LogUtils.java:infoOrTrace(137)) -   Exception 1: java.util.concurrent.ExecutionException: org.apache.ratis.thirdparty.io.grpc.StatusRuntimeException: UNAVAILABLE: io exception
2023-08-25 08:52:58,432 [e10cda8e-4bea-44c9-8078-2ce611a3a813@group-606FF9491D12-LeaderElection40] INFO  impl.LeaderElection (LeaderElection.java:askForVotes(323)) - e10cda8e-4bea-44c9-8078-2ce611a3a813@group-606FF9491D12-LeaderElection40 PRE_VOTE round 0: result PASSED
2023-08-25 08:52:58,435 [e10cda8e-4bea-44c9-8078-2ce611a3a813@group-606FF9491D12-LeaderElection40] INFO  impl.LeaderElection (LeaderElection.java:askForVotes(321)) - e10cda8e-4bea-44c9-8078-2ce611a3a813@group-606FF9491D12-LeaderElection40 ELECTION round 0: submit vote requests at term 2 for 0: peers:[aaa796c8-aced-4c19-8914-014df42c39e4|rpc:10.1.0.19:15182|admin:10.1.0.19:15181|client:10.1.0.19:15180|dataStream:10.1.0.19:15183|priority:1|startupRole:FOLLOWER, e10cda8e-4bea-44c9-8078-2ce611a3a813|rpc:10.1.0.19:15173|admin:10.1.0.19:15172|client:10.1.0.19:15171|dataStream:10.1.0.19:15174|priority:0|startupRole:FOLLOWER, 6a511105-798d-4035-a071-a904e0472807|rpc:10.1.0.19:15191|admin:10.1.0.19:15190|client:10.1.0.19:15189|dataStream:10.1.0.19:15192|priority:0|startupRole:FOLLOWER]|listeners:[], old=null
2023-08-25 08:52:58,437 [e10cda8e-4bea-44c9-8078-2ce611a3a813@group-606FF9491D12-LeaderElection40] INFO  impl.LeaderElection (LogUtils.java:infoOrTrace(137)) - e10cda8e-4bea-44c9-8078-2ce611a3a813@group-606FF9491D12-LeaderElection40 got exception when requesting votes: java.util.concurrent.ExecutionException: org.apache.ratis.thirdparty.io.grpc.StatusRuntimeException: UNAVAILABLE: io exception
2023-08-25 08:52:58,439 [grpc-default-executor-0] INFO  server.RaftServer$Division (RaftServerImpl.java:requestVote(1302)) - 6a511105-798d-4035-a071-a904e0472807@group-606FF9491D12: receive requestVote(ELECTION, e10cda8e-4bea-44c9-8078-2ce611a3a813, group-606FF9491D12, 2, (t:1, i:6))
2023-08-25 08:52:58,439 [grpc-default-executor-0] INFO  impl.VoteContext (VoteContext.java:log(49)) - 6a511105-798d-4035-a071-a904e0472807@group-606FF9491D12-FOLLOWER: accept ELECTION from e10cda8e-4bea-44c9-8078-2ce611a3a813: our priority 0 <= candidate's priority 0
2023-08-25 08:52:58,439 [grpc-default-executor-0] INFO  server.RaftServer$Division (ServerState.java:setLeader(317)) - 6a511105-798d-4035-a071-a904e0472807@group-606FF9491D12: change Leader from aaa796c8-aced-4c19-8914-014df42c39e4 to null at term 2 for updateCurrentTerm
2023-08-25 08:52:58,439 [grpc-default-executor-0] INFO  server.RaftServer$Division (RaftServerImpl.java:setRole(329)) - 6a511105-798d-4035-a071-a904e0472807@group-606FF9491D12: changes role from  FOLLOWER to FOLLOWER at term 2 for candidate:e10cda8e-4bea-44c9-8078-2ce611a3a813
2023-08-25 08:52:58,439 [grpc-default-executor-0] INFO  impl.RoleInfo (RoleInfo.java:shutdownFollowerState(110)) - 6a511105-798d-4035-a071-a904e0472807: shutdown 6a511105-798d-4035-a071-a904e0472807@group-606FF9491D12-FollowerState
2023-08-25 08:52:58,439 [grpc-default-executor-0] INFO  impl.RoleInfo (RoleInfo.java:updateAndGet(139)) - 6a511105-798d-4035-a071-a904e0472807: start 6a511105-798d-4035-a071-a904e0472807@group-606FF9491D12-FollowerState
2023-08-25 08:52:58,439 [6a511105-798d-4035-a071-a904e0472807@group-606FF9491D12-FollowerState] INFO  impl.FollowerState (FollowerState.java:run(152)) - 6a511105-798d-4035-a071-a904e0472807@group-606FF9491D12-FollowerState was interrupted
2023-08-25 08:52:58,447 [grpc-default-executor-0] INFO  server.RaftServer$Division (RaftServerImpl.java:requestVote(1335)) - 6a511105-798d-4035-a071-a904e0472807@group-606FF9491D12 replies to ELECTION vote request: e10cda8e-4bea-44c9-8078-2ce611a3a813<-6a511105-798d-4035-a071-a904e0472807#0:OK-t2. Peer's state: 6a511105-798d-4035-a071-a904e0472807@group-606FF9491D12:t2, leader=null, voted=e10cda8e-4bea-44c9-8078-2ce611a3a813, raftlog=Memoized:6a511105-798d-4035-a071-a904e0472807@group-606FF9491D12-SegmentedRaftLog:OPENED:c5, conf=0: peers:[aaa796c8-aced-4c19-8914-014df42c39e4|rpc:10.1.0.19:15182|admin:10.1.0.19:15181|client:10.1.0.19:15180|dataStream:10.1.0.19:15183|priority:1|startupRole:FOLLOWER, e10cda8e-4bea-44c9-8078-2ce611a3a813|rpc:10.1.0.19:15173|admin:10.1.0.19:15172|client:10.1.0.19:15171|dataStream:10.1.0.19:15174|priority:0|startupRole:FOLLOWER, 6a511105-798d-4035-a071-a904e0472807|rpc:10.1.0.19:15191|admin:10.1.0.19:15190|client:10.1.0.19:15189|dataStream:10.1.0.19:15192|priority:0|startupRole:FOLLOWER]|listeners:[], old=null
2023-08-25 08:52:58,448 [e10cda8e-4bea-44c9-8078-2ce611a3a813@group-606FF9491D12-LeaderElection40] INFO  impl.LeaderElection (LeaderElection.java:logAndReturn(90)) - e10cda8e-4bea-44c9-8078-2ce611a3a813@group-606FF9491D12-LeaderElection40: ELECTION PASSED received 1 response(s) and 1 exception(s):
2023-08-25 08:52:58,448 [e10cda8e-4bea-44c9-8078-2ce611a3a813@group-606FF9491D12-LeaderElection40] INFO  impl.LeaderElection (LeaderElection.java:logAndReturn(94)) -   Response 0: e10cda8e-4bea-44c9-8078-2ce611a3a813<-6a511105-798d-4035-a071-a904e0472807#0:OK-t2
2023-08-25 08:52:58,448 [e10cda8e-4bea-44c9-8078-2ce611a3a813@group-606FF9491D12-LeaderElection40] INFO  impl.LeaderElection (LogUtils.java:infoOrTrace(137)) -   Exception 1: java.util.concurrent.ExecutionException: org.apache.ratis.thirdparty.io.grpc.StatusRuntimeException: UNAVAILABLE: io exception
2023-08-25 08:52:58,449 [e10cda8e-4bea-44c9-8078-2ce611a3a813@group-606FF9491D12-LeaderElection40] INFO  impl.LeaderElection (LeaderElection.java:askForVotes(323)) - e10cda8e-4bea-44c9-8078-2ce611a3a813@group-606FF9491D12-LeaderElection40 ELECTION round 0: result PASSED
2023-08-25 08:52:58,449 [e10cda8e-4bea-44c9-8078-2ce611a3a813@group-606FF9491D12-LeaderElection40] INFO  impl.RoleInfo (RoleInfo.java:shutdownLeaderElection(130)) - e10cda8e-4bea-44c9-8078-2ce611a3a813: shutdown e10cda8e-4bea-44c9-8078-2ce611a3a813@group-606FF9491D12-LeaderElection40
2023-08-25 08:52:58,449 [e10cda8e-4bea-44c9-8078-2ce611a3a813@group-606FF9491D12-LeaderElection40] INFO  server.RaftServer$Division (RaftServerImpl.java:setRole(329)) - e10cda8e-4bea-44c9-8078-2ce611a3a813@group-606FF9491D12: changes role from CANDIDATE to LEADER at term 2 for changeToLeader
2023-08-25 08:52:58,449 [e10cda8e-4bea-44c9-8078-2ce611a3a813@group-606FF9491D12-LeaderElection40] INFO  ratis.XceiverServerRatis (XceiverServerRatis.java:handleLeaderChangedNotification(902)) - Leader change notification received for group: group-606FF9491D12 with new leaderId: e10cda8e-4bea-44c9-8078-2ce611a3a813
2023-08-25 08:52:58,449 [e10cda8e-4bea-44c9-8078-2ce611a3a813@group-606FF9491D12-LeaderElection40] INFO  server.RaftServer$Division (ServerState.java:setLeader(317)) - e10cda8e-4bea-44c9-8078-2ce611a3a813@group-606FF9491D12: change Leader from null to e10cda8e-4bea-44c9-8078-2ce611a3a813 at term 2 for becomeLeader, leader elected after 31ms
2023-08-25 08:52:58,449 [e10cda8e-4bea-44c9-8078-2ce611a3a813@group-606FF9491D12-LeaderElection40] INFO  server.RaftServerConfigKeys (ConfUtils.java:logGet(46)) - raft.server.staging.catchup.gap = 1000 (default)
2023-08-25 08:52:58,449 [e10cda8e-4bea-44c9-8078-2ce611a3a813@group-606FF9491D12-LeaderElection40] INFO  server.RaftServerConfigKeys (ConfUtils.java:logGet(46)) - raft.server.write.element-limit = 1024 (custom)
2023-08-25 08:52:58,449 [e10cda8e-4bea-44c9-8078-2ce611a3a813@group-606FF9491D12-LeaderElection40] INFO  server.RaftServerConfigKeys (ConfUtils.java:logGet(46)) - raft.server.write.byte-limit = 1024 M (=1073741824) (custom)
2023-08-25 08:52:58,449 [e10cda8e-4bea-44c9-8078-2ce611a3a813@group-606FF9491D12-LeaderElection40] INFO  server.RaftServerConfigKeys (ConfUtils.java:logGet(46)) - raft.server.watch.timeout = 180s (custom)
2023-08-25 08:52:58,449 [e10cda8e-4bea-44c9-8078-2ce611a3a813@group-606FF9491D12-LeaderElection40] INFO  server.RaftServerConfigKeys (ConfUtils.java:logGet(46)) - raft.server.watch.timeout.denomination = 1s (default)
2023-08-25 08:52:58,450 [e10cda8e-4bea-44c9-8078-2ce611a3a813@group-606FF9491D12-LeaderElection40] INFO  server.RaftServerConfigKeys (ConfUtils.java:logGet(46)) - raft.server.watch.element-limit = 65536 (default)
2023-08-25 08:52:58,450 [e10cda8e-4bea-44c9-8078-2ce611a3a813@group-606FF9491D12-LeaderElection40] INFO  server.RaftServerConfigKeys (ConfUtils.java:logGet(46)) - raft.server.write.element-limit = 1024 (custom)
2023-08-25 08:52:58,450 [e10cda8e-4bea-44c9-8078-2ce611a3a813@group-606FF9491D12-LeaderElection40] INFO  server.RaftServerConfigKeys (ConfUtils.java:logGet(46)) - raft.server.write.follower.gap.ratio.max = -1.0 (default)
2023-08-25 08:52:58,450 [e10cda8e-4bea-44c9-8078-2ce611a3a813@group-606FF9491D12-LeaderElection40] INFO  server.RaftServerConfigKeys (ConfUtils.java:logGet(46)) - raft.server.log.appender.snapshot.chunk.size.max = 16MB (=16777216) (default)
2023-08-25 08:52:58,450 [e10cda8e-4bea-44c9-8078-2ce611a3a813@group-606FF9491D12-LeaderElection40] INFO  server.RaftServerConfigKeys (ConfUtils.java:logGet(46)) - raft.server.log.appender.buffer.byte-limit = 33554432 (custom)
2023-08-25 08:52:58,450 [e10cda8e-4bea-44c9-8078-2ce611a3a813@group-606FF9491D12-LeaderElection40] INFO  server.RaftServerConfigKeys (ConfUtils.java:logGet(46)) - raft.server.log.appender.buffer.element-limit = 1 (custom)
2023-08-25 08:52:58,450 [e10cda8e-4bea-44c9-8078-2ce611a3a813@group-606FF9491D12-LeaderElection40] INFO  server.RaftServerConfigKeys (ConfUtils.java:logGet(46)) - raft.server.log.appender.wait-time.min = 10ms (default)
2023-08-25 08:52:58,450 [e10cda8e-4bea-44c9-8078-2ce611a3a813@group-606FF9491D12-LeaderElection40] INFO  grpc.GrpcConfigKeys (ConfUtils.java:logGet(46)) - raft.grpc.server.leader.outstanding.appends.max = 128 (default)
2023-08-25 08:52:58,450 [e10cda8e-4bea-44c9-8078-2ce611a3a813@group-606FF9491D12-LeaderElection40] INFO  server.RaftServerConfigKeys (ConfUtils.java:logGet(46)) - raft.server.rpc.request.timeout = 60s (custom)
2023-08-25 08:52:58,450 [e10cda8e-4bea-44c9-8078-2ce611a3a813@group-606FF9491D12-LeaderElection40] INFO  grpc.GrpcConfigKeys (ConfUtils.java:logGet(46)) - raft.grpc.server.install_snapshot.request.element-limit = 8 (default)
2023-08-25 08:52:58,450 [e10cda8e-4bea-44c9-8078-2ce611a3a813@group-606FF9491D12-LeaderElection40] INFO  grpc.GrpcConfigKeys (ConfUtils.java:logGet(46)) - raft.grpc.server.install_snapshot.request.timeout = 3000ms (default)
2023-08-25 08:52:58,450 [e10cda8e-4bea-44c9-8078-2ce611a3a813@group-606FF9491D12-LeaderElection40] INFO  server.RaftServerConfigKeys (ConfUtils.java:logGet(46)) - raft.server.log.appender.install.snapshot.enabled = false (custom)
2023-08-25 08:52:58,451 [e10cda8e-4bea-44c9-8078-2ce611a3a813@group-606FF9491D12-LeaderElection40] INFO  grpc.GrpcConfigKeys (ConfUtils.java:logGet(46)) - raft.grpc.server.heartbeat.channel = true (default)
2023-08-25 08:52:58,451 [e10cda8e-4bea-44c9-8078-2ce611a3a813@group-606FF9491D12-LeaderElection40] INFO  server.RaftServerConfigKeys (ConfUtils.java:logGet(46)) - raft.server.log.appender.snapshot.chunk.size.max = 16MB (=16777216) (default)
2023-08-25 08:52:58,451 [e10cda8e-4bea-44c9-8078-2ce611a3a813@group-606FF9491D12-LeaderElection40] INFO  server.RaftServerConfigKeys (ConfUtils.java:logGet(46)) - raft.server.log.appender.buffer.byte-limit = 33554432 (custom)
2023-08-25 08:52:58,451 [e10cda8e-4bea-44c9-8078-2ce611a3a813@group-606FF9491D12-LeaderElection40] INFO  server.RaftServerConfigKeys (ConfUtils.java:logGet(46)) - raft.server.log.appender.buffer.element-limit = 1 (custom)
2023-08-25 08:52:58,451 [e10cda8e-4bea-44c9-8078-2ce611a3a813@group-606FF9491D12-LeaderElection40] INFO  server.RaftServerConfigKeys (ConfUtils.java:logGet(46)) - raft.server.log.appender.wait-time.min = 10ms (default)
2023-08-25 08:52:58,451 [e10cda8e-4bea-44c9-8078-2ce611a3a813@group-606FF9491D12-LeaderElection40] INFO  grpc.GrpcConfigKeys (ConfUtils.java:logGet(46)) - raft.grpc.server.leader.outstanding.appends.max = 128 (default)
2023-08-25 08:52:58,451 [e10cda8e-4bea-44c9-8078-2ce611a3a813@group-606FF9491D12-LeaderElection40] INFO  server.RaftServerConfigKeys (ConfUtils.java:logGet(46)) - raft.server.rpc.request.timeout = 60s (custom)
2023-08-25 08:52:58,451 [e10cda8e-4bea-44c9-8078-2ce611a3a813@group-606FF9491D12-LeaderElection40] INFO  grpc.GrpcConfigKeys (ConfUtils.java:logGet(46)) - raft.grpc.server.install_snapshot.request.element-limit = 8 (default)
2023-08-25 08:52:58,451 [e10cda8e-4bea-44c9-8078-2ce611a3a813@group-606FF9491D12-LeaderElection40] INFO  grpc.GrpcConfigKeys (ConfUtils.java:logGet(46)) - raft.grpc.server.install_snapshot.request.timeout = 3000ms (default)
2023-08-25 08:52:58,451 [e10cda8e-4bea-44c9-8078-2ce611a3a813@group-606FF9491D12-LeaderElection40] INFO  server.RaftServerConfigKeys (ConfUtils.java:logGet(46)) - raft.server.log.appender.install.snapshot.enabled = false (custom)
2023-08-25 08:52:58,451 [e10cda8e-4bea-44c9-8078-2ce611a3a813@group-606FF9491D12-LeaderElection40] INFO  grpc.GrpcConfigKeys (ConfUtils.java:logGet(46)) - raft.grpc.server.heartbeat.channel = true (default)
2023-08-25 08:52:58,451 [e10cda8e-4bea-44c9-8078-2ce611a3a813@group-606FF9491D12-LeaderElection40] INFO  impl.RoleInfo (RoleInfo.java:updateAndGet(139)) - e10cda8e-4bea-44c9-8078-2ce611a3a813: start e10cda8e-4bea-44c9-8078-2ce611a3a813@group-606FF9491D12-LeaderStateImpl
2023-08-25 08:52:58,452 [e10cda8e-4bea-44c9-8078-2ce611a3a813@group-606FF9491D12-LeaderElection40] INFO  segmented.SegmentedRaftLogWorker (SegmentedRaftLogWorker.java:rollLogSegment(452)) - e10cda8e-4bea-44c9-8078-2ce611a3a813@group-606FF9491D12-SegmentedRaftLogWorker: Rolling segment log-0_6 to index:6
2023-08-25 08:52:58,452 [e10cda8e-4bea-44c9-8078-2ce611a3a813@group-606FF9491D12-SegmentedRaftLogWorker] INFO  segmented.SegmentedRaftLogWorker (SegmentedRaftLogWorker.java:execute(608)) - e10cda8e-4bea-44c9-8078-2ce611a3a813@group-606FF9491D12-SegmentedRaftLogWorker: Rolled log segment from /home/runner/work/ozone/ozone/hadoop-ozone/integration-test/target/test-dir/MiniOzoneClusterImpl-ea041547-065d-47c9-8c6f-7cbf64d7cdf8/datanode-0/data/ratis/594834ec-5818-442d-a23f-606ff9491d12/current/log_inprogress_0 to /home/runner/work/ozone/ozone/hadoop-ozone/integration-test/target/test-dir/MiniOzoneClusterImpl-ea041547-065d-47c9-8c6f-7cbf64d7cdf8/datanode-0/data/ratis/594834ec-5818-442d-a23f-606ff9491d12/current/log_0-6
2023-08-25 08:52:58,453 [e10cda8e-4bea-44c9-8078-2ce611a3a813@group-606FF9491D12-SegmentedRaftLogWorker] INFO  segmented.SegmentedRaftLogWorker (SegmentedRaftLogWorker.java:execute(651)) - e10cda8e-4bea-44c9-8078-2ce611a3a813@group-606FF9491D12-SegmentedRaftLogWorker: created new log segment /home/runner/work/ozone/ozone/hadoop-ozone/integration-test/target/test-dir/MiniOzoneClusterImpl-ea041547-065d-47c9-8c6f-7cbf64d7cdf8/datanode-0/data/ratis/594834ec-5818-442d-a23f-606ff9491d12/current/log_inprogress_7
2023-08-25 08:52:58,456 [e10cda8e-4bea-44c9-8078-2ce611a3a813@group-606FF9491D12-LeaderElection40] INFO  server.RaftServer$Division (ServerState.java:setRaftConf(434)) - e10cda8e-4bea-44c9-8078-2ce611a3a813@group-606FF9491D12: set configuration 7: peers:[aaa796c8-aced-4c19-8914-014df42c39e4|rpc:10.1.0.19:15182|admin:10.1.0.19:15181|client:10.1.0.19:15180|dataStream:10.1.0.19:15183|priority:1|startupRole:FOLLOWER, e10cda8e-4bea-44c9-8078-2ce611a3a813|rpc:10.1.0.19:15173|admin:10.1.0.19:15172|client:10.1.0.19:15171|dataStream:10.1.0.19:15174|priority:0|startupRole:FOLLOWER, 6a511105-798d-4035-a071-a904e0472807|rpc:10.1.0.19:15191|admin:10.1.0.19:15190|client:10.1.0.19:15189|dataStream:10.1.0.19:15192|priority:0|startupRole:FOLLOWER]|listeners:[], old=null
2023-08-25 08:52:58,465 [grpc-default-executor-0] WARN  server.GrpcLogAppender (LogUtils.java:warn(122)) - e10cda8e-4bea-44c9-8078-2ce611a3a813@group-606FF9491D12->aaa796c8-aced-4c19-8914-014df42c39e4-AppendLogResponseHandler: Failed appendEntries: org.apache.ratis.thirdparty.io.grpc.StatusRuntimeException: UNAVAILABLE: io exception
2023-08-25 08:52:58,466 [grpc-default-executor-0] INFO  leader.FollowerInfo (FollowerInfoImpl.java:lambda$new$0(52)) - e10cda8e-4bea-44c9-8078-2ce611a3a813@group-606FF9491D12->aaa796c8-aced-4c19-8914-014df42c39e4: decreaseNextIndex nextIndex: updateUnconditionally 7 -> 0
2023-08-25 08:52:58,469 [grpc-default-executor-3] WARN  server.GrpcLogAppender (LogUtils.java:warn(122)) - e10cda8e-4bea-44c9-8078-2ce611a3a813@group-606FF9491D12->aaa796c8-aced-4c19-8914-014df42c39e4-AppendLogResponseHandler: Failed appendEntries: org.apache.ratis.thirdparty.io.grpc.StatusRuntimeException: UNAVAILABLE: io exception
2023-08-25 08:52:58,471 [6a511105-798d-4035-a071-a904e0472807-server-thread1] INFO  ratis.XceiverServerRatis (XceiverServerRatis.java:handleLeaderChangedNotification(902)) - Leader change notification received for group: group-606FF9491D12 with new leaderId: e10cda8e-4bea-44c9-8078-2ce611a3a813
2023-08-25 08:52:58,471 [6a511105-798d-4035-a071-a904e0472807-server-thread1] INFO  server.RaftServer$Division (ServerState.java:setLeader(317)) - 6a511105-798d-4035-a071-a904e0472807@group-606FF9491D12: change Leader from null to e10cda8e-4bea-44c9-8078-2ce611a3a813 at term 2 for appendEntries, leader elected after 31ms
2023-08-25 08:52:58,477 [grpc-default-executor-2] WARN  server.GrpcLogAppender (LogUtils.java:warn(122)) - e10cda8e-4bea-44c9-8078-2ce611a3a813@group-606FF9491D12->aaa796c8-aced-4c19-8914-014df42c39e4-AppendLogResponseHandler: Failed appendEntries: org.apache.ratis.thirdparty.io.grpc.StatusRuntimeException: UNAVAILABLE: io exception
2023-08-25 08:52:58,477 [grpc-default-executor-2] INFO  leader.FollowerInfo (FollowerInfoImpl.java:lambda$new$0(52)) - e10cda8e-4bea-44c9-8078-2ce611a3a813@group-606FF9491D12->aaa796c8-aced-4c19-8914-014df42c39e4: decreaseNextIndex nextIndex: updateUnconditionally 1 -> 0
2023-08-25 08:52:58,478 [grpc-default-executor-0] WARN  server.GrpcLogAppender (LogUtils.java:warn(122)) - e10cda8e-4bea-44c9-8078-2ce611a3a813@group-606FF9491D12->aaa796c8-aced-4c19-8914-014df42c39e4-AppendLogResponseHandler: Failed appendEntries: org.apache.ratis.thirdparty.io.grpc.StatusRuntimeException: UNAVAILABLE: io exception
2023-08-25 08:52:58,479 [6a511105-798d-4035-a071-a904e0472807-server-thread3] INFO  server.RaftServer$Division (ServerState.java:setRaftConf(434)) - 6a511105-798d-4035-a071-a904e0472807@group-606FF9491D12: set configuration 7: peers:[aaa796c8-aced-4c19-8914-014df42c39e4|rpc:10.1.0.19:15182|admin:10.1.0.19:15181|client:10.1.0.19:15180|dataStream:10.1.0.19:15183|priority:1|startupRole:FOLLOWER, e10cda8e-4bea-44c9-8078-2ce611a3a813|rpc:10.1.0.19:15173|admin:10.1.0.19:15172|client:10.1.0.19:15171|dataStream:10.1.0.19:15174|priority:0|startupRole:FOLLOWER, 6a511105-798d-4035-a071-a904e0472807|rpc:10.1.0.19:15191|admin:10.1.0.19:15190|client:10.1.0.19:15189|dataStream:10.1.0.19:15192|priority:0|startupRole:FOLLOWER]|listeners:[], old=null
2023-08-25 08:52:58,479 [6a511105-798d-4035-a071-a904e0472807-server-thread3] INFO  segmented.SegmentedRaftLogWorker (SegmentedRaftLogWorker.java:rollLogSegment(452)) - 6a511105-798d-4035-a071-a904e0472807@group-606FF9491D12-SegmentedRaftLogWorker: Rolling segment log-0_6 to index:6
2023-08-25 08:52:58,479 [6a511105-798d-4035-a071-a904e0472807@group-606FF9491D12-SegmentedRaftLogWorker] INFO  segmented.SegmentedRaftLogWorker (SegmentedRaftLogWorker.java:execute(608)) - 6a511105-798d-4035-a071-a904e0472807@group-606FF9491D12-SegmentedRaftLogWorker: Rolled log segment from /home/runner/work/ozone/ozone/hadoop-ozone/integration-test/target/test-dir/MiniOzoneClusterImpl-ea041547-065d-47c9-8c6f-7cbf64d7cdf8/datanode-2/data/ratis/594834ec-5818-442d-a23f-606ff9491d12/current/log_inprogress_0 to /home/runner/work/ozone/ozone/hadoop-ozone/integration-test/target/test-dir/MiniOzoneClusterImpl-ea041547-065d-47c9-8c6f-7cbf64d7cdf8/datanode-2/data/ratis/594834ec-5818-442d-a23f-606ff9491d12/current/log_0-6
2023-08-25 08:52:58,485 [6a511105-798d-4035-a071-a904e0472807@group-606FF9491D12-SegmentedRaftLogWorker] INFO  segmented.SegmentedRaftLogWorker (SegmentedRaftLogWorker.java:execute(651)) - 6a511105-798d-4035-a071-a904e0472807@group-606FF9491D12-SegmentedRaftLogWorker: created new log segment /home/runner/work/ozone/ozone/hadoop-ozone/integration-test/target/test-dir/MiniOzoneClusterImpl-ea041547-065d-47c9-8c6f-7cbf64d7cdf8/datanode-2/data/ratis/594834ec-5818-442d-a23f-606ff9491d12/current/log_inprogress_7
2023-08-25 08:52:58,490 [grpc-default-executor-3] WARN  server.GrpcLogAppender (LogUtils.java:warn(122)) - e10cda8e-4bea-44c9-8078-2ce611a3a813@group-606FF9491D12->aaa796c8-aced-4c19-8914-014df42c39e4-AppendLogResponseHandler: Failed appendEntries: org.apache.ratis.thirdparty.io.grpc.StatusRuntimeException: UNAVAILABLE: io exception
2023-08-25 08:52:58,490 [grpc-default-executor-2] WARN  server.GrpcLogAppender (LogUtils.java:warn(122)) - e10cda8e-4bea-44c9-8078-2ce611a3a813@group-606FF9491D12->aaa796c8-aced-4c19-8914-014df42c39e4-AppendLogResponseHandler: Failed appendEntries: org.apache.ratis.thirdparty.io.grpc.StatusRuntimeException: UNAVAILABLE: io exception
2023-08-25 08:52:58,490 [grpc-default-executor-3] INFO  leader.FollowerInfo (FollowerInfoImpl.java:lambda$new$0(52)) - e10cda8e-4bea-44c9-8078-2ce611a3a813@group-606FF9491D12->aaa796c8-aced-4c19-8914-014df42c39e4: decreaseNextIndex nextIndex: updateUnconditionally 1 -> 0
2023-08-25 08:52:58,492 [grpc-default-executor-3] WARN  server.GrpcLogAppender (LogUtils.java:warn(122)) - e10cda8e-4bea-44c9-8078-2ce611a3a813@group-606FF9491D12->aaa796c8-aced-4c19-8914-014df42c39e4-AppendLogResponseHandler: Failed appendEntries: org.apache.ratis.thirdparty.io.grpc.StatusRuntimeException: UNAVAILABLE: io exception
2023-08-25 08:52:58,493 [grpc-default-executor-3] INFO  leader.FollowerInfo (FollowerInfoImpl.java:lambda$new$0(52)) - e10cda8e-4bea-44c9-8078-2ce611a3a813@group-606FF9491D12->aaa796c8-aced-4c19-8914-014df42c39e4: decreaseNextIndex nextIndex: updateUnconditionally 1 -> 0
2023-08-25 08:52:58,495 [grpc-default-executor-0] WARN  server.GrpcLogAppender (LogUtils.java:warn(122)) - e10cda8e-4bea-44c9-8078-2ce611a3a813@group-606FF9491D12->aaa796c8-aced-4c19-8914-014df42c39e4-AppendLogResponseHandler: Failed appendEntries: org.apache.ratis.thirdparty.io.grpc.StatusRuntimeException: UNAVAILABLE: io exception
2023-08-25 08:52:58,495 [grpc-default-executor-0] INFO  leader.FollowerInfo (FollowerInfoImpl.java:lambda$new$0(52)) - e10cda8e-4bea-44c9-8078-2ce611a3a813@group-606FF9491D12->aaa796c8-aced-4c19-8914-014df42c39e4: decreaseNextIndex nextIndex: updateUnconditionally 1 -> 0
2023-08-25 08:52:58,497 [grpc-default-executor-2] WARN  server.GrpcLogAppender (LogUtils.java:warn(122)) - e10cda8e-4bea-44c9-8078-2ce611a3a813@group-606FF9491D12->aaa796c8-aced-4c19-8914-014df42c39e4-AppendLogResponseHandler: Failed appendEntries: org.apache.ratis.thirdparty.io.grpc.StatusRuntimeException: UNAVAILABLE: io exception
2023-08-25 08:52:58,497 [grpc-default-executor-2] INFO  leader.FollowerInfo (FollowerInfoImpl.java:lambda$new$0(52)) - e10cda8e-4bea-44c9-8078-2ce611a3a813@group-606FF9491D12->aaa796c8-aced-4c19-8914-014df42c39e4: decreaseNextIndex nextIndex: updateUnconditionally 1 -> 0
2023-08-25 08:52:58,501 [grpc-default-executor-1] WARN  server.GrpcLogAppender (LogUtils.java:warn(122)) - e10cda8e-4bea-44c9-8078-2ce611a3a813@group-606FF9491D12->aaa796c8-aced-4c19-8914-014df42c39e4-AppendLogResponseHandler: Failed appendEntries: org.apache.ratis.thirdparty.io.grpc.StatusRuntimeException: UNAVAILABLE: io exception
2023-08-25 08:52:58,501 [grpc-default-executor-0] WARN  server.GrpcLogAppender (LogUtils.java:warn(122)) - e10cda8e-4bea-44c9-8078-2ce611a3a813@group-606FF9491D12->aaa796c8-aced-4c19-8914-014df42c39e4-AppendLogResponseHandler: Failed appendEntries: org.apache.ratis.thirdparty.io.grpc.StatusRuntimeException: UNAVAILABLE: io exception
2023-08-25 08:52:58,501 [grpc-default-executor-2] WARN  server.GrpcLogAppender (LogUtils.java:warn(122)) - e10cda8e-4bea-44c9-8078-2ce611a3a813@group-606FF9491D12->aaa796c8-aced-4c19-8914-014df42c39e4-AppendLogResponseHandler: Failed appendEntries: org.apache.ratis.thirdparty.io.grpc.StatusRuntimeException: UNAVAILABLE: io exception
2023-08-25 08:52:58,505 [grpc-default-executor-2] WARN  server.GrpcLogAppender (LogUtils.java:warn(122)) - e10cda8e-4bea-44c9-8078-2ce611a3a813@group-606FF9491D12->aaa796c8-aced-4c19-8914-014df42c39e4-AppendLogResponseHandler: Failed appendEntries: org.apache.ratis.thirdparty.io.grpc.StatusRuntimeException: UNAVAILABLE: io exception
2023-08-25 08:52:58,505 [grpc-default-executor-0] WARN  server.GrpcLogAppender (LogUtils.java:warn(122)) - e10cda8e-4bea-44c9-8078-2ce611a3a813@group-606FF9491D12->aaa796c8-aced-4c19-8914-014df42c39e4-AppendLogResponseHandler: Failed appendEntries: org.apache.ratis.thirdparty.io.grpc.StatusRuntimeException: UNAVAILABLE: io exception
2023-08-25 08:52:58,505 [grpc-default-executor-2] INFO  leader.FollowerInfo (FollowerInfoImpl.java:lambda$new$0(52)) - e10cda8e-4bea-44c9-8078-2ce611a3a813@group-606FF9491D12->aaa796c8-aced-4c19-8914-014df42c39e4: decreaseNextIndex nextIndex: updateUnconditionally 1 -> 0
2023-08-25 08:52:59,100 [ReplicationMonitor] INFO  replication.ReplicationManager (ReplicationManager.java:processAll(389)) - Replication Monitor Thread took 0 milliseconds for processing 1 containers.
2023-08-25 08:52:59,278 [Time-limited test] INFO  container.TestHelper (TestHelper.java:countReplicas(423)) - Container 1 has 3 replicas on [6a511105-798d-4035-a071-a904e0472807, aaa796c8-aced-4c19-8914-014df42c39e4, e10cda8e-4bea-44c9-8078-2ce611a3a813]
2023-08-25 08:52:59,333 [EventQueue-DeadNodeForDeadNodeHandler] INFO  node.DeadNodeHandler (DeadNodeHandler.java:onMessage(82)) - A dead datanode is detected. aaa796c8-aced-4c19-8914-014df42c39e4(fv-az584-689.msjcyvhqqs1uvpg4fm53wptgqc.jx.internal.cloudapp.net/10.1.0.19)
2023-08-25 08:52:59,333 [EventQueue-DeadNodeForDeadNodeHandler] INFO  pipeline.RatisPipelineProvider (RatisPipelineProvider.java:lambda$close$4(272)) - Send pipeline:PipelineID=694e510b-b2e0-4d10-b615-2ad0deee9506 close command to datanode aaa796c8-aced-4c19-8914-014df42c39e4
2023-08-25 08:52:59,335 [EventQueue-DeadNodeForDeadNodeHandler] INFO  pipeline.PipelineManagerImpl (PipelineManagerImpl.java:removePipeline(478)) - Pipeline Pipeline[ Id: 694e510b-b2e0-4d10-b615-2ad0deee9506, Nodes: aaa796c8-aced-4c19-8914-014df42c39e4(fv-az584-689.msjcyvhqqs1uvpg4fm53wptgqc.jx.internal.cloudapp.net/10.1.0.19), ReplicationConfig: RATIS/ONE, State:CLOSED, leaderId:aaa796c8-aced-4c19-8914-014df42c39e4, CreationTimestamp2023-08-25T08:52:34.787Z[Etc/UTC]] removed.
2023-08-25 08:52:59,335 [EventQueue-DeadNodeForDeadNodeHandler] INFO  pipeline.RatisPipelineProvider (RatisPipelineProvider.java:lambda$close$4(272)) - Send pipeline:PipelineID=594834ec-5818-442d-a23f-606ff9491d12 close command to datanode aaa796c8-aced-4c19-8914-014df42c39e4
2023-08-25 08:52:59,335 [EventQueue-DeadNodeForDeadNodeHandler] INFO  pipeline.RatisPipelineProvider (RatisPipelineProvider.java:lambda$close$4(272)) - Send pipeline:PipelineID=594834ec-5818-442d-a23f-606ff9491d12 close command to datanode e10cda8e-4bea-44c9-8078-2ce611a3a813
2023-08-25 08:52:59,335 [EventQueue-DeadNodeForDeadNodeHandler] INFO  pipeline.RatisPipelineProvider (RatisPipelineProvider.java:lambda$close$4(272)) - Send pipeline:PipelineID=594834ec-5818-442d-a23f-606ff9491d12 close command to datanode 6a511105-798d-4035-a071-a904e0472807
2023-08-25 08:52:59,336 [EventQueue-DeadNodeForDeadNodeHandler] INFO  pipeline.PipelineManagerImpl (PipelineManagerImpl.java:removePipeline(478)) - Pipeline Pipeline[ Id: 594834ec-5818-442d-a23f-606ff9491d12, Nodes: aaa796c8-aced-4c19-8914-014df42c39e4(fv-az584-689.msjcyvhqqs1uvpg4fm53wptgqc.jx.internal.cloudapp.net/10.1.0.19)e10cda8e-4bea-44c9-8078-2ce611a3a813(fv-az584-689.msjcyvhqqs1uvpg4fm53wptgqc.jx.internal.cloudapp.net/10.1.0.19)6a511105-798d-4035-a071-a904e0472807(fv-az584-689.msjcyvhqqs1uvpg4fm53wptgqc.jx.internal.cloudapp.net/10.1.0.19), ReplicationConfig: RATIS/THREE, State:CLOSED, leaderId:e10cda8e-4bea-44c9-8078-2ce611a3a813, CreationTimestamp2023-08-25T08:52:35.143Z[Etc/UTC]] removed.
2023-08-25 08:52:59,336 [EventQueue-DeadNodeForDeadNodeHandler] INFO  pipeline.RatisPipelineProvider (RatisPipelineProvider.java:lambda$close$4(272)) - Send pipeline:PipelineID=8b55acb2-e7c8-4f01-be07-5f039740ba65 close command to datanode 6a511105-798d-4035-a071-a904e0472807
2023-08-25 08:52:59,336 [EventQueue-DeadNodeForDeadNodeHandler] INFO  pipeline.RatisPipelineProvider (RatisPipelineProvider.java:lambda$close$4(272)) - Send pipeline:PipelineID=8b55acb2-e7c8-4f01-be07-5f039740ba65 close command to datanode aaa796c8-aced-4c19-8914-014df42c39e4
2023-08-25 08:52:59,336 [EventQueue-DeadNodeForDeadNodeHandler] INFO  pipeline.RatisPipelineProvider (RatisPipelineProvider.java:lambda$close$4(272)) - Send pipeline:PipelineID=8b55acb2-e7c8-4f01-be07-5f039740ba65 close command to datanode e10cda8e-4bea-44c9-8078-2ce611a3a813
2023-08-25 08:52:59,336 [EventQueue-DeadNodeForDeadNodeHandler] INFO  pipeline.PipelineManagerImpl (PipelineManagerImpl.java:removePipeline(478)) - Pipeline Pipeline[ Id: 8b55acb2-e7c8-4f01-be07-5f039740ba65, Nodes: 6a511105-798d-4035-a071-a904e0472807(fv-az584-689.msjcyvhqqs1uvpg4fm53wptgqc.jx.internal.cloudapp.net/10.1.0.19)aaa796c8-aced-4c19-8914-014df42c39e4(fv-az584-689.msjcyvhqqs1uvpg4fm53wptgqc.jx.internal.cloudapp.net/10.1.0.19)e10cda8e-4bea-44c9-8078-2ce611a3a813(fv-az584-689.msjcyvhqqs1uvpg4fm53wptgqc.jx.internal.cloudapp.net/10.1.0.19), ReplicationConfig: RATIS/THREE, State:CLOSED, leaderId:6a511105-798d-4035-a071-a904e0472807, CreationTimestamp2023-08-25T08:52:35.142Z[Etc/UTC]] removed.
2023-08-25 08:52:59,336 [EventQueue-DeadNodeForDeadNodeHandler] INFO  node.DeadNodeHandler (DeadNodeHandler.java:onMessage(95)) - Clearing command queue of size 3 for DN aaa796c8-aced-4c19-8914-014df42c39e4(fv-az584-689.msjcyvhqqs1uvpg4fm53wptgqc.jx.internal.cloudapp.net/10.1.0.19)
2023-08-25 08:52:59,336 [EventQueue-DeadNodeForDeadNodeHandler] INFO  net.NetworkTopologyImpl (NetworkTopologyImpl.java:remove(190)) - Removed a node: /default-rack/aaa796c8-aced-4c19-8914-014df42c39e4
2023-08-25 08:52:59,611 [grpc-default-executor-0] WARN  server.GrpcLogAppender (LogUtils.java:warn(122)) - 6a511105-798d-4035-a071-a904e0472807@group-5F039740BA65->aaa796c8-aced-4c19-8914-014df42c39e4-AppendLogResponseHandler: Failed appendEntries: org.apache.ratis.thirdparty.io.grpc.StatusRuntimeException: UNAVAILABLE: io exception
2023-08-25 08:52:59,612 [grpc-default-executor-0] WARN  server.GrpcLogAppender (GrpcLogAppender.java:resetClient(128)) - 6a511105-798d-4035-a071-a904e0472807@group-5F039740BA65->aaa796c8-aced-4c19-8914-014df42c39e4-GrpcLogAppender: Follower failed when matchIndex == 0,  keep nextIndex (1) unchanged and retry.
2023-08-25 08:52:59,612 [grpc-default-executor-2] WARN  server.GrpcLogAppender (LogUtils.java:warn(122)) - 6a511105-798d-4035-a071-a904e0472807@group-5F039740BA65->aaa796c8-aced-4c19-8914-014df42c39e4-AppendLogResponseHandler: Failed appendEntries: org.apache.ratis.thirdparty.io.grpc.StatusRuntimeException: UNAVAILABLE: io exception
2023-08-25 08:52:59,613 [grpc-default-executor-2] WARN  server.GrpcLogAppender (GrpcLogAppender.java:resetClient(128)) - 6a511105-798d-4035-a071-a904e0472807@group-5F039740BA65->aaa796c8-aced-4c19-8914-014df42c39e4-GrpcLogAppender: Follower failed when matchIndex == 0,  keep nextIndex (1) unchanged and retry.
2023-08-25 08:52:59,714 [grpc-default-executor-2] WARN  server.GrpcLogAppender (LogUtils.java:warn(122)) - e10cda8e-4bea-44c9-8078-2ce611a3a813@group-606FF9491D12->aaa796c8-aced-4c19-8914-014df42c39e4-AppendLogResponseHandler: Failed appendEntries: org.apache.ratis.thirdparty.io.grpc.StatusRuntimeException: UNAVAILABLE: io exception
2023-08-25 08:52:59,714 [grpc-default-executor-0] WARN  server.GrpcLogAppender (LogUtils.java:warn(122)) - e10cda8e-4bea-44c9-8078-2ce611a3a813@group-606FF9491D12->aaa796c8-aced-4c19-8914-014df42c39e4-AppendLogResponseHandler: Failed appendEntries: org.apache.ratis.thirdparty.io.grpc.StatusRuntimeException: UNAVAILABLE: io exception
2023-08-25 08:52:59,725 [grpc-default-executor-0] WARN  server.GrpcLogAppender (LogUtils.java:warn(122)) - e10cda8e-4bea-44c9-8078-2ce611a3a813@group-606FF9491D12->aaa796c8-aced-4c19-8914-014df42c39e4-AppendLogResponseHandler: Failed appendEntries: org.apache.ratis.thirdparty.io.grpc.StatusRuntimeException: UNAVAILABLE: io exception
2023-08-25 08:52:59,726 [grpc-default-executor-2] WARN  server.GrpcLogAppender (LogUtils.java:warn(122)) - e10cda8e-4bea-44c9-8078-2ce611a3a813@group-606FF9491D12->aaa796c8-aced-4c19-8914-014df42c39e4-AppendLogResponseHandler: Failed appendEntries: org.apache.ratis.thirdparty.io.grpc.StatusRuntimeException: UNAVAILABLE: io exception
2023-08-25 08:52:59,727 [grpc-default-executor-0] INFO  leader.FollowerInfo (FollowerInfoImpl.java:lambda$new$0(52)) - e10cda8e-4bea-44c9-8078-2ce611a3a813@group-606FF9491D12->aaa796c8-aced-4c19-8914-014df42c39e4: decreaseNextIndex nextIndex: updateUnconditionally 1 -> 0
2023-08-25 08:53:00,100 [ReplicationMonitor] INFO  replication.ReplicationManager (ReplicationManager.java:processAll(389)) - Replication Monitor Thread took 0 milliseconds for processing 1 containers.
2023-08-25 08:53:00,261 [PipelineCommandHandlerThread-0] INFO  server.RaftServer (RaftServerProxy.java:remove(109)) - e10cda8e-4bea-44c9-8078-2ce611a3a813: remove    LEADER e10cda8e-4bea-44c9-8078-2ce611a3a813@group-606FF9491D12:t2, leader=e10cda8e-4bea-44c9-8078-2ce611a3a813, voted=e10cda8e-4bea-44c9-8078-2ce611a3a813, raftlog=Memoized:e10cda8e-4bea-44c9-8078-2ce611a3a813@group-606FF9491D12-SegmentedRaftLog:OPENED:c8, conf=7: peers:[aaa796c8-aced-4c19-8914-014df42c39e4|rpc:10.1.0.19:15182|admin:10.1.0.19:15181|client:10.1.0.19:15180|dataStream:10.1.0.19:15183|priority:1|startupRole:FOLLOWER, e10cda8e-4bea-44c9-8078-2ce611a3a813|rpc:10.1.0.19:15173|admin:10.1.0.19:15172|client:10.1.0.19:15171|dataStream:10.1.0.19:15174|priority:0|startupRole:FOLLOWER, 6a511105-798d-4035-a071-a904e0472807|rpc:10.1.0.19:15191|admin:10.1.0.19:15190|client:10.1.0.19:15189|dataStream:10.1.0.19:15192|priority:0|startupRole:FOLLOWER]|listeners:[], old=null RUNNING
2023-08-25 08:53:00,261 [PipelineCommandHandlerThread-0] INFO  server.RaftServer$Division (RaftServerImpl.java:lambda$close$4(466)) - e10cda8e-4bea-44c9-8078-2ce611a3a813@group-606FF9491D12: shutdown
2023-08-25 08:53:00,261 [PipelineCommandHandlerThread-0] INFO  util.JmxRegister (JmxRegister.java:unregister(73)) - Successfully un-registered JMX Bean with object name Ratis:service=RaftServer,group=group-606FF9491D12,id=e10cda8e-4bea-44c9-8078-2ce611a3a813
2023-08-25 08:53:00,261 [PipelineCommandHandlerThread-0] INFO  impl.RoleInfo (RoleInfo.java:shutdownLeaderState(93)) - e10cda8e-4bea-44c9-8078-2ce611a3a813: shutdown e10cda8e-4bea-44c9-8078-2ce611a3a813@group-606FF9491D12-LeaderStateImpl
2023-08-25 08:53:00,261 [e10cda8e-4bea-44c9-8078-2ce611a3a813@group-606FF9491D12->6a511105-798d-4035-a071-a904e0472807-GrpcLogAppender-LogAppenderDaemon] WARN  server.GrpcLogAppender (GrpcLogAppender.java:mayWait(199)) - e10cda8e-4bea-44c9-8078-2ce611a3a813@group-606FF9491D12->6a511105-798d-4035-a071-a904e0472807-GrpcLogAppender: Wait interrupted by java.lang.InterruptedException
2023-08-25 08:53:00,261 [PipelineCommandHandlerThread-0] INFO  impl.PendingRequests (PendingRequests.java:sendNotLeaderResponses(289)) - e10cda8e-4bea-44c9-8078-2ce611a3a813@group-606FF9491D12-PendingRequests: sendNotLeaderResponses
2023-08-25 08:53:00,262 [PipelineCommandHandlerThread-0] INFO  impl.StateMachineUpdater (StateMachineUpdater.java:stopAndJoin(155)) - e10cda8e-4bea-44c9-8078-2ce611a3a813@group-606FF9491D12-StateMachineUpdater: set stopIndex = 8
2023-08-25 08:53:00,262 [e10cda8e-4bea-44c9-8078-2ce611a3a813@group-606FF9491D12-StateMachineUpdater] INFO  ratis.ContainerStateMachine (ContainerStateMachine.java:takeSnapshot(330)) - group-606FF9491D12: Taking a snapshot at:(t:2, i:8) file /home/runner/work/ozone/ozone/hadoop-ozone/integration-test/target/test-dir/MiniOzoneClusterImpl-ea041547-065d-47c9-8c6f-7cbf64d7cdf8/datanode-0/data/ratis/594834ec-5818-442d-a23f-606ff9491d12/sm/snapshot.2_8
2023-08-25 08:53:00,262 [e10cda8e-4bea-44c9-8078-2ce611a3a813@group-606FF9491D12->aaa796c8-aced-4c19-8914-014df42c39e4-GrpcLogAppender-LogAppenderDaemon] WARN  server.GrpcLogAppender (GrpcLogAppender.java:mayWait(199)) - e10cda8e-4bea-44c9-8078-2ce611a3a813@group-606FF9491D12->aaa796c8-aced-4c19-8914-014df42c39e4-GrpcLogAppender: Wait interrupted by java.lang.InterruptedException
2023-08-25 08:53:00,262 [grpc-default-executor-2] INFO  server.GrpcServerProtocolService (GrpcServerProtocolService.java:onCompleted(155)) - 6a511105-798d-4035-a071-a904e0472807: Completed APPEND_ENTRIES, lastRequest: e10cda8e-4bea-44c9-8078-2ce611a3a813->6a511105-798d-4035-a071-a904e0472807#2-t2,previous=(t:2, i:7),leaderCommit=7,initializing? true,entries: size=1, first=(t:2, i:8), METADATAENTRY(c:7)
2023-08-25 08:53:00,263 [grpc-default-executor-2] INFO  server.GrpcServerProtocolService (GrpcServerProtocolService.java:lambda$onCompleted$5(157)) - 6a511105-798d-4035-a071-a904e0472807: Completed APPEND_ENTRIES, lastReply: null
2023-08-25 08:53:00,263 [grpc-default-executor-2] INFO  server.GrpcServerProtocolService (GrpcServerProtocolService.java:onCompleted(155)) - 6a511105-798d-4035-a071-a904e0472807: Completed APPEND_ENTRIES, lastRequest: null
2023-08-25 08:53:00,263 [e10cda8e-4bea-44c9-8078-2ce611a3a813@group-606FF9491D12-StateMachineUpdater] INFO  ratis.ContainerStateMachine (ContainerStateMachine.java:takeSnapshot(341)) - group-606FF9491D12: Finished taking a snapshot at:(t:2, i:8) file:/home/runner/work/ozone/ozone/hadoop-ozone/integration-test/target/test-dir/MiniOzoneClusterImpl-ea041547-065d-47c9-8c6f-7cbf64d7cdf8/datanode-0/data/ratis/594834ec-5818-442d-a23f-606ff9491d12/sm/snapshot.2_8 took: 1 ms
2023-08-25 08:53:00,263 [grpc-default-executor-2] INFO  server.GrpcServerProtocolService (GrpcServerProtocolService.java:lambda$onCompleted$5(157)) - 6a511105-798d-4035-a071-a904e0472807: Completed APPEND_ENTRIES, lastReply: serverReply {
  requestorId: "e10cda8e-4bea-44c9-8078-2ce611a3a813"
  replyId: "6a511105-798d-4035-a071-a904e0472807"
  raftGroupId {
    id: "YH4\354X\030D-\242?`o\371I\035\022"
  }
  success: true
}
term: 2
nextIndex: 7
followerCommit: 5
matchIndex: 18446744073709551615
isHearbeat: true

2023-08-25 08:53:00,264 [e10cda8e-4bea-44c9-8078-2ce611a3a813@group-606FF9491D12-StateMachineUpdater] INFO  impl.StateMachineUpdater (StateMachineUpdater.java:takeSnapshot(291)) - e10cda8e-4bea-44c9-8078-2ce611a3a813@group-606FF9491D12-StateMachineUpdater: Took a snapshot at index 8
2023-08-25 08:53:00,264 [e10cda8e-4bea-44c9-8078-2ce611a3a813@group-606FF9491D12-StateMachineUpdater] INFO  impl.StateMachineUpdater (StateMachineUpdater.java:lambda$new$0(97)) - e10cda8e-4bea-44c9-8078-2ce611a3a813@group-606FF9491D12-StateMachineUpdater: snapshotIndex: updateIncreasingly -1 -> 8
2023-08-25 08:53:00,264 [PipelineCommandHandlerThread-0] INFO  server.RaftServer$Division (ServerState.java:close(472)) - e10cda8e-4bea-44c9-8078-2ce611a3a813@group-606FF9491D12: closes. applyIndex: 8
2023-08-25 08:53:00,268 [grpc-default-executor-0] INFO  server.GrpcLogAppender (GrpcLogAppender.java:onCompleted(428)) - e10cda8e-4bea-44c9-8078-2ce611a3a813@group-606FF9491D12->6a511105-798d-4035-a071-a904e0472807-AppendLogResponseHandler: follower responses appendEntries COMPLETED
2023-08-25 08:53:00,270 [grpc-default-executor-0] INFO  leader.FollowerInfo (FollowerInfoImpl.java:lambda$new$0(52)) - e10cda8e-4bea-44c9-8078-2ce611a3a813@group-606FF9491D12->6a511105-798d-4035-a071-a904e0472807: decreaseNextIndex nextIndex: updateUnconditionally 9 -> 8
2023-08-25 08:53:00,269 [grpc-default-executor-1] INFO  server.GrpcLogAppender (GrpcLogAppender.java:onCompleted(428)) - e10cda8e-4bea-44c9-8078-2ce611a3a813@group-606FF9491D12->6a511105-798d-4035-a071-a904e0472807-AppendLogResponseHandler: follower responses appendEntries COMPLETED
2023-08-25 08:53:00,270 [grpc-default-executor-1] INFO  leader.FollowerInfo (FollowerInfoImpl.java:lambda$new$0(52)) - e10cda8e-4bea-44c9-8078-2ce611a3a813@group-606FF9491D12->6a511105-798d-4035-a071-a904e0472807: decreaseNextIndex nextIndex: updateUnconditionally 8 -> 7
2023-08-25 08:53:00,278 [Time-limited test] INFO  container.TestHelper (TestHelper.java:countReplicas(423)) - Container 1 has 2 replicas on [6a511105-798d-4035-a071-a904e0472807, e10cda8e-4bea-44c9-8078-2ce611a3a813]
2023-08-25 08:53:00,279 [Time-limited test] INFO  container.TestHelper (TestHelper.java:countReplicas(423)) - Container 1 has 2 replicas on [6a511105-798d-4035-a071-a904e0472807, e10cda8e-4bea-44c9-8078-2ce611a3a813]
2023-08-25 08:53:00,491 [PipelineCommandHandlerThread-0] INFO  segmented.SegmentedRaftLogWorker (SegmentedRaftLogWorker.java:close(252)) - e10cda8e-4bea-44c9-8078-2ce611a3a813@group-606FF9491D12-SegmentedRaftLogWorker close()
2023-08-25 08:53:00,494 [PipelineCommandHandlerThread-0] INFO  server.RaftServer$Division (RaftServerImpl.java:groupRemove(436)) - e10cda8e-4bea-44c9-8078-2ce611a3a813@group-606FF9491D12: Succeed to remove RaftStorageDirectory Storage Directory /home/runner/work/ozone/ozone/hadoop-ozone/integration-test/target/test-dir/MiniOzoneClusterImpl-ea041547-065d-47c9-8c6f-7cbf64d7cdf8/datanode-0/data/ratis/594834ec-5818-442d-a23f-606ff9491d12
2023-08-25 08:53:00,494 [PipelineCommandHandlerThread-0] INFO  commandhandler.ClosePipelineCommandHandler (ClosePipelineCommandHandler.java:lambda$handle$0(87)) - Close Pipeline PipelineID=594834ec-5818-442d-a23f-606ff9491d12 command on datanode e10cda8e-4bea-44c9-8078-2ce611a3a813.
2023-08-25 08:53:00,494 [PipelineCommandHandlerThread-0] INFO  server.RaftServer (RaftServerProxy.java:remove(109)) - e10cda8e-4bea-44c9-8078-2ce611a3a813: remove  FOLLOWER e10cda8e-4bea-44c9-8078-2ce611a3a813@group-5F039740BA65:t1, leader=6a511105-798d-4035-a071-a904e0472807, voted=6a511105-798d-4035-a071-a904e0472807, raftlog=Memoized:e10cda8e-4bea-44c9-8078-2ce611a3a813@group-5F039740BA65-SegmentedRaftLog:OPENED:c0, conf=0: peers:[aaa796c8-aced-4c19-8914-014df42c39e4|rpc:10.1.0.19:15182|admin:10.1.0.19:15181|client:10.1.0.19:15180|dataStream:10.1.0.19:15183|priority:0|startupRole:FOLLOWER, e10cda8e-4bea-44c9-8078-2ce611a3a813|rpc:10.1.0.19:15173|admin:10.1.0.19:15172|client:10.1.0.19:15171|dataStream:10.1.0.19:15174|priority:0|startupRole:FOLLOWER, 6a511105-798d-4035-a071-a904e0472807|rpc:10.1.0.19:15191|admin:10.1.0.19:15190|client:10.1.0.19:15189|dataStream:10.1.0.19:15192|priority:1|startupRole:FOLLOWER]|listeners:[], old=null RUNNING
2023-08-25 08:53:00,495 [PipelineCommandHandlerThread-0] INFO  server.RaftServer$Division (RaftServerImpl.java:lambda$close$4(466)) - e10cda8e-4bea-44c9-8078-2ce611a3a813@group-5F039740BA65: shutdown
2023-08-25 08:53:00,495 [PipelineCommandHandlerThread-0] INFO  util.JmxRegister (JmxRegister.java:unregister(73)) - Successfully un-registered JMX Bean with object name Ratis:service=RaftServer,group=group-5F039740BA65,id=e10cda8e-4bea-44c9-8078-2ce611a3a813
2023-08-25 08:53:00,495 [PipelineCommandHandlerThread-0] INFO  impl.RoleInfo (RoleInfo.java:shutdownFollowerState(110)) - e10cda8e-4bea-44c9-8078-2ce611a3a813: shutdown e10cda8e-4bea-44c9-8078-2ce611a3a813@group-5F039740BA65-FollowerState
2023-08-25 08:53:00,495 [PipelineCommandHandlerThread-0] INFO  impl.StateMachineUpdater (StateMachineUpdater.java:stopAndJoin(155)) - e10cda8e-4bea-44c9-8078-2ce611a3a813@group-5F039740BA65-StateMachineUpdater: set stopIndex = 0
2023-08-25 08:53:00,495 [e10cda8e-4bea-44c9-8078-2ce611a3a813@group-5F039740BA65-FollowerState] INFO  impl.FollowerState (FollowerState.java:run(152)) - e10cda8e-4bea-44c9-8078-2ce611a3a813@group-5F039740BA65-FollowerState was interrupted
2023-08-25 08:53:00,495 [e10cda8e-4bea-44c9-8078-2ce611a3a813@group-5F039740BA65-StateMachineUpdater] INFO  ratis.ContainerStateMachine (ContainerStateMachine.java:takeSnapshot(330)) - group-5F039740BA65: Taking a snapshot at:(t:1, i:0) file /home/runner/work/ozone/ozone/hadoop-ozone/integration-test/target/test-dir/MiniOzoneClusterImpl-ea041547-065d-47c9-8c6f-7cbf64d7cdf8/datanode-0/data/ratis/8b55acb2-e7c8-4f01-be07-5f039740ba65/sm/snapshot.1_0
2023-08-25 08:53:00,496 [e10cda8e-4bea-44c9-8078-2ce611a3a813@group-5F039740BA65-StateMachineUpdater] INFO  ratis.ContainerStateMachine (ContainerStateMachine.java:takeSnapshot(341)) - group-5F039740BA65: Finished taking a snapshot at:(t:1, i:0) file:/home/runner/work/ozone/ozone/hadoop-ozone/integration-test/target/test-dir/MiniOzoneClusterImpl-ea041547-065d-47c9-8c6f-7cbf64d7cdf8/datanode-0/data/ratis/8b55acb2-e7c8-4f01-be07-5f039740ba65/sm/snapshot.1_0 took: 1 ms
2023-08-25 08:53:00,496 [e10cda8e-4bea-44c9-8078-2ce611a3a813@group-5F039740BA65-StateMachineUpdater] INFO  impl.StateMachineUpdater (StateMachineUpdater.java:takeSnapshot(291)) - e10cda8e-4bea-44c9-8078-2ce611a3a813@group-5F039740BA65-StateMachineUpdater: Took a snapshot at index 0
2023-08-25 08:53:00,496 [e10cda8e-4bea-44c9-8078-2ce611a3a813@group-5F039740BA65-StateMachineUpdater] INFO  impl.StateMachineUpdater (StateMachineUpdater.java:lambda$new$0(97)) - e10cda8e-4bea-44c9-8078-2ce611a3a813@group-5F039740BA65-StateMachineUpdater: snapshotIndex: updateIncreasingly -1 -> 0
2023-08-25 08:53:00,497 [PipelineCommandHandlerThread-0] INFO  server.RaftServer$Division (ServerState.java:close(472)) - e10cda8e-4bea-44c9-8078-2ce611a3a813@group-5F039740BA65: closes. applyIndex: 0
2023-08-25 08:53:00,862 [grpc-default-executor-1] WARN  server.GrpcLogAppender (LogUtils.java:warn(122)) - 6a511105-798d-4035-a071-a904e0472807@group-5F039740BA65->aaa796c8-aced-4c19-8914-014df42c39e4-AppendLogResponseHandler: Failed appendEntries: org.apache.ratis.thirdparty.io.grpc.StatusRuntimeException: UNAVAILABLE: io exception
2023-08-25 08:53:00,862 [grpc-default-executor-0] WARN  server.GrpcLogAppender (LogUtils.java:warn(122)) - 6a511105-798d-4035-a071-a904e0472807@group-5F039740BA65->aaa796c8-aced-4c19-8914-014df42c39e4-AppendLogResponseHandler: Failed appendEntries: org.apache.ratis.thirdparty.io.grpc.StatusRuntimeException: UNAVAILABLE: io exception
2023-08-25 08:53:00,863 [grpc-default-executor-1] WARN  server.GrpcLogAppender (GrpcLogAppender.java:resetClient(128)) - 6a511105-798d-4035-a071-a904e0472807@group-5F039740BA65->aaa796c8-aced-4c19-8914-014df42c39e4-GrpcLogAppender: Follower failed when matchIndex == 0,  keep nextIndex (1) unchanged and retry.
2023-08-25 08:53:00,863 [grpc-default-executor-0] WARN  server.GrpcLogAppender (GrpcLogAppender.java:resetClient(128)) - 6a511105-798d-4035-a071-a904e0472807@group-5F039740BA65->aaa796c8-aced-4c19-8914-014df42c39e4-GrpcLogAppender: Follower failed when matchIndex == 0,  keep nextIndex (1) unchanged and retry.
2023-08-25 08:53:01,101 [ReplicationMonitor] INFO  replication.ReplicationManager (ReplicationManager.java:processAll(389)) - Replication Monitor Thread took 0 milliseconds for processing 1 containers.
2023-08-25 08:53:01,274 [PipelineCommandHandlerThread-0] INFO  server.RaftServer (RaftServerProxy.java:remove(109)) - 6a511105-798d-4035-a071-a904e0472807: remove  FOLLOWER 6a511105-798d-4035-a071-a904e0472807@group-606FF9491D12:t2, leader=e10cda8e-4bea-44c9-8078-2ce611a3a813, voted=e10cda8e-4bea-44c9-8078-2ce611a3a813, raftlog=Memoized:6a511105-798d-4035-a071-a904e0472807@group-606FF9491D12-SegmentedRaftLog:OPENED:c7, conf=7: peers:[aaa796c8-aced-4c19-8914-014df42c39e4|rpc:10.1.0.19:15182|admin:10.1.0.19:15181|client:10.1.0.19:15180|dataStream:10.1.0.19:15183|priority:1|startupRole:FOLLOWER, e10cda8e-4bea-44c9-8078-2ce611a3a813|rpc:10.1.0.19:15173|admin:10.1.0.19:15172|client:10.1.0.19:15171|dataStream:10.1.0.19:15174|priority:0|startupRole:FOLLOWER, 6a511105-798d-4035-a071-a904e0472807|rpc:10.1.0.19:15191|admin:10.1.0.19:15190|client:10.1.0.19:15189|dataStream:10.1.0.19:15192|priority:0|startupRole:FOLLOWER]|listeners:[], old=null RUNNING
2023-08-25 08:53:01,274 [PipelineCommandHandlerThread-0] INFO  server.RaftServer$Division (RaftServerImpl.java:lambda$close$4(466)) - 6a511105-798d-4035-a071-a904e0472807@group-606FF9491D12: shutdown
2023-08-25 08:53:01,274 [PipelineCommandHandlerThread-0] INFO  util.JmxRegister (JmxRegister.java:unregister(73)) - Successfully un-registered JMX Bean with object name Ratis:service=RaftServer,group=group-606FF9491D12,id=6a511105-798d-4035-a071-a904e0472807
2023-08-25 08:53:01,274 [PipelineCommandHandlerThread-0] INFO  impl.RoleInfo (RoleInfo.java:shutdownFollowerState(110)) - 6a511105-798d-4035-a071-a904e0472807: shutdown 6a511105-798d-4035-a071-a904e0472807@group-606FF9491D12-FollowerState
2023-08-25 08:53:01,274 [PipelineCommandHandlerThread-0] INFO  impl.StateMachineUpdater (StateMachineUpdater.java:stopAndJoin(155)) - 6a511105-798d-4035-a071-a904e0472807@group-606FF9491D12-StateMachineUpdater: set stopIndex = 7
2023-08-25 08:53:01,275 [6a511105-798d-4035-a071-a904e0472807@group-606FF9491D12-StateMachineUpdater] INFO  ratis.ContainerStateMachine (ContainerStateMachine.java:takeSnapshot(330)) - group-606FF9491D12: Taking a snapshot at:(t:2, i:7) file /home/runner/work/ozone/ozone/hadoop-ozone/integration-test/target/test-dir/MiniOzoneClusterImpl-ea041547-065d-47c9-8c6f-7cbf64d7cdf8/datanode-2/data/ratis/594834ec-5818-442d-a23f-606ff9491d12/sm/snapshot.2_7
2023-08-25 08:53:01,276 [6a511105-798d-4035-a071-a904e0472807@group-606FF9491D12-FollowerState] INFO  impl.FollowerState (FollowerState.java:run(152)) - 6a511105-798d-4035-a071-a904e0472807@group-606FF9491D12-FollowerState was interrupted
2023-08-25 08:53:01,278 [6a511105-798d-4035-a071-a904e0472807@group-606FF9491D12-StateMachineUpdater] INFO  ratis.ContainerStateMachine (ContainerStateMachine.java:takeSnapshot(341)) - group-606FF9491D12: Finished taking a snapshot at:(t:2, i:7) file:/home/runner/work/ozone/ozone/hadoop-ozone/integration-test/target/test-dir/MiniOzoneClusterImpl-ea041547-065d-47c9-8c6f-7cbf64d7cdf8/datanode-2/data/ratis/594834ec-5818-442d-a23f-606ff9491d12/sm/snapshot.2_7 took: 3 ms
2023-08-25 08:53:01,278 [6a511105-798d-4035-a071-a904e0472807@group-606FF9491D12-StateMachineUpdater] INFO  impl.StateMachineUpdater (StateMachineUpdater.java:takeSnapshot(291)) - 6a511105-798d-4035-a071-a904e0472807@group-606FF9491D12-StateMachineUpdater: Took a snapshot at index 7
2023-08-25 08:53:01,278 [6a511105-798d-4035-a071-a904e0472807@group-606FF9491D12-StateMachineUpdater] INFO  impl.StateMachineUpdater (StateMachineUpdater.java:lambda$new$0(97)) - 6a511105-798d-4035-a071-a904e0472807@group-606FF9491D12-StateMachineUpdater: snapshotIndex: updateIncreasingly -1 -> 7
2023-08-25 08:53:01,278 [PipelineCommandHandlerThread-0] INFO  server.RaftServer$Division (ServerState.java:close(472)) - 6a511105-798d-4035-a071-a904e0472807@group-606FF9491D12: closes. applyIndex: 7
2023-08-25 08:53:01,279 [Time-limited test] INFO  container.TestHelper (TestHelper.java:countReplicas(423)) - Container 1 has 2 replicas on [6a511105-798d-4035-a071-a904e0472807, e10cda8e-4bea-44c9-8078-2ce611a3a813]
2023-08-25 08:53:01,343 [PipelineCommandHandlerThread-0] INFO  segmented.SegmentedRaftLogWorker (SegmentedRaftLogWorker.java:close(252)) - e10cda8e-4bea-44c9-8078-2ce611a3a813@group-5F039740BA65-SegmentedRaftLogWorker close()
2023-08-25 08:53:01,345 [PipelineCommandHandlerThread-0] INFO  server.RaftServer$Division (RaftServerImpl.java:groupRemove(436)) - e10cda8e-4bea-44c9-8078-2ce611a3a813@group-5F039740BA65: Succeed to remove RaftStorageDirectory Storage Directory /home/runner/work/ozone/ozone/hadoop-ozone/integration-test/target/test-dir/MiniOzoneClusterImpl-ea041547-065d-47c9-8c6f-7cbf64d7cdf8/datanode-0/data/ratis/8b55acb2-e7c8-4f01-be07-5f039740ba65
2023-08-25 08:53:01,346 [PipelineCommandHandlerThread-0] INFO  commandhandler.ClosePipelineCommandHandler (ClosePipelineCommandHandler.java:lambda$handle$0(87)) - Close Pipeline PipelineID=8b55acb2-e7c8-4f01-be07-5f039740ba65 command on datanode e10cda8e-4bea-44c9-8078-2ce611a3a813.
2023-08-25 08:53:01,495 [PipelineCommandHandlerThread-0] INFO  segmented.SegmentedRaftLogWorker (SegmentedRaftLogWorker.java:close(252)) - 6a511105-798d-4035-a071-a904e0472807@group-606FF9491D12-SegmentedRaftLogWorker close()
2023-08-25 08:53:01,498 [PipelineCommandHandlerThread-0] INFO  server.RaftServer$Division (RaftServerImpl.java:groupRemove(436)) - 6a511105-798d-4035-a071-a904e0472807@group-606FF9491D12: Succeed to remove RaftStorageDirectory Storage Directory /home/runner/work/ozone/ozone/hadoop-ozone/integration-test/target/test-dir/MiniOzoneClusterImpl-ea041547-065d-47c9-8c6f-7cbf64d7cdf8/datanode-2/data/ratis/594834ec-5818-442d-a23f-606ff9491d12
2023-08-25 08:53:01,498 [PipelineCommandHandlerThread-0] INFO  commandhandler.ClosePipelineCommandHandler (ClosePipelineCommandHandler.java:lambda$handle$0(87)) - Close Pipeline PipelineID=594834ec-5818-442d-a23f-606ff9491d12 command on datanode 6a511105-798d-4035-a071-a904e0472807.
2023-08-25 08:53:01,499 [PipelineCommandHandlerThread-0] INFO  server.RaftServer (RaftServerProxy.java:remove(109)) - 6a511105-798d-4035-a071-a904e0472807: remove    LEADER 6a511105-798d-4035-a071-a904e0472807@group-5F039740BA65:t1, leader=6a511105-798d-4035-a071-a904e0472807, voted=6a511105-798d-4035-a071-a904e0472807, raftlog=Memoized:6a511105-798d-4035-a071-a904e0472807@group-5F039740BA65-SegmentedRaftLog:OPENED:c0, conf=0: peers:[aaa796c8-aced-4c19-8914-014df42c39e4|rpc:10.1.0.19:15182|admin:10.1.0.19:15181|client:10.1.0.19:15180|dataStream:10.1.0.19:15183|priority:0|startupRole:FOLLOWER, e10cda8e-4bea-44c9-8078-2ce611a3a813|rpc:10.1.0.19:15173|admin:10.1.0.19:15172|client:10.1.0.19:15171|dataStream:10.1.0.19:15174|priority:0|startupRole:FOLLOWER, 6a511105-798d-4035-a071-a904e0472807|rpc:10.1.0.19:15191|admin:10.1.0.19:15190|client:10.1.0.19:15189|dataStream:10.1.0.19:15192|priority:1|startupRole:FOLLOWER]|listeners:[], old=null RUNNING
2023-08-25 08:53:01,499 [PipelineCommandHandlerThread-0] INFO  server.RaftServer$Division (RaftServerImpl.java:lambda$close$4(466)) - 6a511105-798d-4035-a071-a904e0472807@group-5F039740BA65: shutdown
2023-08-25 08:53:01,499 [PipelineCommandHandlerThread-0] INFO  util.JmxRegister (JmxRegister.java:unregister(73)) - Successfully un-registered JMX Bean with object name Ratis:service=RaftServer,group=group-5F039740BA65,id=6a511105-798d-4035-a071-a904e0472807
2023-08-25 08:53:01,499 [PipelineCommandHandlerThread-0] INFO  impl.RoleInfo (RoleInfo.java:shutdownLeaderState(93)) - 6a511105-798d-4035-a071-a904e0472807: shutdown 6a511105-798d-4035-a071-a904e0472807@group-5F039740BA65-LeaderStateImpl
2023-08-25 08:53:01,499 [PipelineCommandHandlerThread-0] INFO  impl.PendingRequests (PendingRequests.java:sendNotLeaderResponses(289)) - 6a511105-798d-4035-a071-a904e0472807@group-5F039740BA65-PendingRequests: sendNotLeaderResponses
2023-08-25 08:53:01,499 [PipelineCommandHandlerThread-0] INFO  impl.StateMachineUpdater (StateMachineUpdater.java:stopAndJoin(155)) - 6a511105-798d-4035-a071-a904e0472807@group-5F039740BA65-StateMachineUpdater: set stopIndex = 0
2023-08-25 08:53:01,499 [6a511105-798d-4035-a071-a904e0472807@group-5F039740BA65->e10cda8e-4bea-44c9-8078-2ce611a3a813-GrpcLogAppender-LogAppenderDaemon] WARN  server.GrpcLogAppender (GrpcLogAppender.java:mayWait(199)) - 6a511105-798d-4035-a071-a904e0472807@group-5F039740BA65->e10cda8e-4bea-44c9-8078-2ce611a3a813-GrpcLogAppender: Wait interrupted by java.lang.InterruptedException
2023-08-25 08:53:01,501 [6a511105-798d-4035-a071-a904e0472807@group-5F039740BA65->aaa796c8-aced-4c19-8914-014df42c39e4-GrpcLogAppender-LogAppenderDaemon] WARN  server.GrpcLogAppender (GrpcLogAppender.java:mayWait(199)) - 6a511105-798d-4035-a071-a904e0472807@group-5F039740BA65->aaa796c8-aced-4c19-8914-014df42c39e4-GrpcLogAppender: Wait interrupted by java.lang.InterruptedException
2023-08-25 08:53:01,501 [grpc-default-executor-0] INFO  server.GrpcServerProtocolService (GrpcServerProtocolService.java:onCompleted(155)) - e10cda8e-4bea-44c9-8078-2ce611a3a813: Completed APPEND_ENTRIES, lastRequest: null
2023-08-25 08:53:01,501 [6a511105-798d-4035-a071-a904e0472807@group-5F039740BA65-StateMachineUpdater] INFO  ratis.ContainerStateMachine (ContainerStateMachine.java:takeSnapshot(330)) - group-5F039740BA65: Taking a snapshot at:(t:1, i:0) file /home/runner/work/ozone/ozone/hadoop-ozone/integration-test/target/test-dir/MiniOzoneClusterImpl-ea041547-065d-47c9-8c6f-7cbf64d7cdf8/datanode-2/data/ratis/8b55acb2-e7c8-4f01-be07-5f039740ba65/sm/snapshot.1_0
2023-08-25 08:53:01,502 [grpc-default-executor-0] INFO  server.GrpcServerProtocolService (GrpcServerProtocolService.java:onCompleted(155)) - e10cda8e-4bea-44c9-8078-2ce611a3a813: Completed APPEND_ENTRIES, lastRequest: 6a511105-798d-4035-a071-a904e0472807->e10cda8e-4bea-44c9-8078-2ce611a3a813#1-t1,previous=(t:0, i:0),leaderCommit=-1,initializing? true,entries: size=1, first=(t:1, i:0), CONFIGURATIONENTRY(current:id: "aaa796c8-aced-4c19-8914-014df42c39e4"
address: "10.1.0.19:15182"
dataStreamAddress: "10.1.0.19:15183"
clientAddress: "10.1.0.19:15180"
adminAddress: "10.1.0.19:15181"
startupRole: FOLLOWER
,id: "e10cda8e-4bea-44c9-8078-2ce611a3a813"
address: "10.1.0.19:15173"
dataStreamAddress: "10.1.0.19:15174"
clientAddress: "10.1.0.19:15171"
adminAddress: "10.1.0.19:15172"
startupRole: FOLLOWER
,id: "6a511105-798d-4035-a071-a904e0472807"
address: "10.1.0.19:15191"
priority: 1
dataStreamAddress: "10.1.0.19:15192"
clientAddress: "10.1.0.19:15189"
adminAddress: "10.1.0.19:15190"
startupRole: FOLLOWER
, old:)
2023-08-25 08:53:01,502 [grpc-default-executor-0] INFO  server.GrpcServerProtocolService (GrpcServerProtocolService.java:lambda$onCompleted$5(157)) - e10cda8e-4bea-44c9-8078-2ce611a3a813: Completed APPEND_ENTRIES, lastReply: null
2023-08-25 08:53:01,503 [grpc-default-executor-0] INFO  server.GrpcLogAppender (GrpcLogAppender.java:onCompleted(428)) - 6a511105-798d-4035-a071-a904e0472807@group-5F039740BA65->e10cda8e-4bea-44c9-8078-2ce611a3a813-AppendLogResponseHandler: follower responses appendEntries COMPLETED
2023-08-25 08:53:01,503 [grpc-default-executor-0] INFO  leader.FollowerInfo (FollowerInfoImpl.java:lambda$new$0(52)) - 6a511105-798d-4035-a071-a904e0472807@group-5F039740BA65->e10cda8e-4bea-44c9-8078-2ce611a3a813: decreaseNextIndex nextIndex: updateUnconditionally 1 -> 0
2023-08-25 08:53:01,503 [6a511105-798d-4035-a071-a904e0472807@group-5F039740BA65-StateMachineUpdater] INFO  ratis.ContainerStateMachine (ContainerStateMachine.java:takeSnapshot(341)) - group-5F039740BA65: Finished taking a snapshot at:(t:1, i:0) file:/home/runner/work/ozone/ozone/hadoop-ozone/integration-test/target/test-dir/MiniOzoneClusterImpl-ea041547-065d-47c9-8c6f-7cbf64d7cdf8/datanode-2/data/ratis/8b55acb2-e7c8-4f01-be07-5f039740ba65/sm/snapshot.1_0 took: 2 ms
2023-08-25 08:53:01,503 [6a511105-798d-4035-a071-a904e0472807@group-5F039740BA65-StateMachineUpdater] INFO  impl.StateMachineUpdater (StateMachineUpdater.java:takeSnapshot(291)) - 6a511105-798d-4035-a071-a904e0472807@group-5F039740BA65-StateMachineUpdater: Took a snapshot at index 0
2023-08-25 08:53:01,503 [6a511105-798d-4035-a071-a904e0472807@group-5F039740BA65-StateMachineUpdater] INFO  impl.StateMachineUpdater (StateMachineUpdater.java:lambda$new$0(97)) - 6a511105-798d-4035-a071-a904e0472807@group-5F039740BA65-StateMachineUpdater: snapshotIndex: updateIncreasingly -1 -> 0
2023-08-25 08:53:01,504 [PipelineCommandHandlerThread-0] INFO  server.RaftServer$Division (ServerState.java:close(472)) - 6a511105-798d-4035-a071-a904e0472807@group-5F039740BA65: closes. applyIndex: 0
2023-08-25 08:53:02,102 [ReplicationMonitor] INFO  replication.ReplicationManager (ReplicationManager.java:processAll(389)) - Replication Monitor Thread took 1 milliseconds for processing 1 containers.
2023-08-25 08:53:02,279 [Time-limited test] INFO  container.TestHelper (TestHelper.java:countReplicas(423)) - Container 1 has 2 replicas on [6a511105-798d-4035-a071-a904e0472807, e10cda8e-4bea-44c9-8078-2ce611a3a813]
2023-08-25 08:53:02,326 [PipelineCommandHandlerThread-0] INFO  segmented.SegmentedRaftLogWorker (SegmentedRaftLogWorker.java:close(252)) - 6a511105-798d-4035-a071-a904e0472807@group-5F039740BA65-SegmentedRaftLogWorker close()
2023-08-25 08:53:02,329 [PipelineCommandHandlerThread-0] INFO  server.RaftServer$Division (RaftServerImpl.java:groupRemove(436)) - 6a511105-798d-4035-a071-a904e0472807@group-5F039740BA65: Succeed to remove RaftStorageDirectory Storage Directory /home/runner/work/ozone/ozone/hadoop-ozone/integration-test/target/test-dir/MiniOzoneClusterImpl-ea041547-065d-47c9-8c6f-7cbf64d7cdf8/datanode-2/data/ratis/8b55acb2-e7c8-4f01-be07-5f039740ba65
2023-08-25 08:53:02,329 [PipelineCommandHandlerThread-0] INFO  commandhandler.ClosePipelineCommandHandler (ClosePipelineCommandHandler.java:lambda$handle$0(87)) - Close Pipeline PipelineID=8b55acb2-e7c8-4f01-be07-5f039740ba65 command on datanode 6a511105-798d-4035-a071-a904e0472807.
2023-08-25 08:53:03,102 [ReplicationMonitor] INFO  replication.ReplicationManager (ReplicationManager.java:processAll(389)) - Replication Monitor Thread took 0 milliseconds for processing 1 containers.
2023-08-25 08:53:03,280 [Time-limited test] INFO  container.TestHelper (TestHelper.java:countReplicas(423)) - Container 1 has 2 replicas on [6a511105-798d-4035-a071-a904e0472807, e10cda8e-4bea-44c9-8078-2ce611a3a813]
2023-08-25 08:53:04,103 [ReplicationMonitor] INFO  replication.ReplicationManager (ReplicationManager.java:processAll(389)) - Replication Monitor Thread took 1 milliseconds for processing 1 containers.
2023-08-25 08:53:04,280 [Time-limited test] INFO  container.TestHelper (TestHelper.java:countReplicas(423)) - Container 1 has 2 replicas on [6a511105-798d-4035-a071-a904e0472807, e10cda8e-4bea-44c9-8078-2ce611a3a813]
2023-08-25 08:53:05,103 [ReplicationMonitor] INFO  replication.ReplicationManager (ReplicationManager.java:processAll(389)) - Replication Monitor Thread took 0 milliseconds for processing 1 containers.
2023-08-25 08:53:05,281 [Time-limited test] INFO  container.TestHelper (TestHelper.java:countReplicas(423)) - Container 1 has 2 replicas on [6a511105-798d-4035-a071-a904e0472807, e10cda8e-4bea-44c9-8078-2ce611a3a813]
2023-08-25 08:53:06,104 [ReplicationMonitor] INFO  replication.ReplicationManager (ReplicationManager.java:processAll(389)) - Replication Monitor Thread took 0 milliseconds for processing 1 containers.
2023-08-25 08:53:06,281 [Time-limited test] INFO  container.TestHelper (TestHelper.java:countReplicas(423)) - Container 1 has 2 replicas on [6a511105-798d-4035-a071-a904e0472807, e10cda8e-4bea-44c9-8078-2ce611a3a813]
2023-08-25 08:53:07,105 [ReplicationMonitor] INFO  replication.ReplicationManager (ReplicationManager.java:processAll(389)) - Replication Monitor Thread took 0 milliseconds for processing 1 containers.
2023-08-25 08:53:07,281 [Time-limited test] INFO  container.TestHelper (TestHelper.java:countReplicas(423)) - Container 1 has 2 replicas on [6a511105-798d-4035-a071-a904e0472807, e10cda8e-4bea-44c9-8078-2ce611a3a813]
2023-08-25 08:53:08,106 [ReplicationMonitor] INFO  replication.ReplicationManager (ReplicationManager.java:processAll(389)) - Replication Monitor Thread took 0 milliseconds for processing 1 containers.
2023-08-25 08:53:08,282 [Time-limited test] INFO  container.TestHelper (TestHelper.java:countReplicas(423)) - Container 1 has 2 replicas on [6a511105-798d-4035-a071-a904e0472807, e10cda8e-4bea-44c9-8078-2ce611a3a813]
2023-08-25 08:53:09,106 [ReplicationMonitor] INFO  replication.ReplicationManager (ReplicationManager.java:processAll(389)) - Replication Monitor Thread took 0 milliseconds for processing 1 containers.
2023-08-25 08:53:09,282 [Time-limited test] INFO  container.TestHelper (TestHelper.java:countReplicas(423)) - Container 1 has 2 replicas on [6a511105-798d-4035-a071-a904e0472807, e10cda8e-4bea-44c9-8078-2ce611a3a813]
2023-08-25 08:53:10,107 [ReplicationMonitor] INFO  replication.ReplicationManager (ReplicationManager.java:processAll(389)) - Replication Monitor Thread took 0 milliseconds for processing 1 containers.
2023-08-25 08:53:10,282 [Time-limited test] INFO  container.TestHelper (TestHelper.java:countReplicas(423)) - Container 1 has 2 replicas on [6a511105-798d-4035-a071-a904e0472807, e10cda8e-4bea-44c9-8078-2ce611a3a813]
2023-08-25 08:53:11,107 [ReplicationMonitor] INFO  replication.ReplicationManager (ReplicationManager.java:processAll(389)) - Replication Monitor Thread took 0 milliseconds for processing 1 containers.
2023-08-25 08:53:11,283 [Time-limited test] INFO  container.TestHelper (TestHelper.java:countReplicas(423)) - Container 1 has 2 replicas on [6a511105-798d-4035-a071-a904e0472807, e10cda8e-4bea-44c9-8078-2ce611a3a813]
2023-08-25 08:53:12,108 [ReplicationMonitor] INFO  replication.ReplicationManager (ReplicationManager.java:processAll(389)) - Replication Monitor Thread took 1 milliseconds for processing 1 containers.
2023-08-25 08:53:12,283 [Time-limited test] INFO  container.TestHelper (TestHelper.java:countReplicas(423)) - Container 1 has 2 replicas on [6a511105-798d-4035-a071-a904e0472807, e10cda8e-4bea-44c9-8078-2ce611a3a813]
2023-08-25 08:53:13,108 [ReplicationMonitor] INFO  replication.ReplicationManager (ReplicationManager.java:processAll(389)) - Replication Monitor Thread took 0 milliseconds for processing 1 containers.
2023-08-25 08:53:13,283 [Time-limited test] INFO  container.TestHelper (TestHelper.java:countReplicas(423)) - Container 1 has 2 replicas on [6a511105-798d-4035-a071-a904e0472807, e10cda8e-4bea-44c9-8078-2ce611a3a813]
2023-08-25 08:53:14,109 [ReplicationMonitor] INFO  replication.ReplicationManager (ReplicationManager.java:processAll(389)) - Replication Monitor Thread took 1 milliseconds for processing 1 containers.
2023-08-25 08:53:14,284 [Time-limited test] INFO  container.TestHelper (TestHelper.java:countReplicas(423)) - Container 1 has 2 replicas on [6a511105-798d-4035-a071-a904e0472807, e10cda8e-4bea-44c9-8078-2ce611a3a813]
2023-08-25 08:53:15,109 [ReplicationMonitor] INFO  replication.ReplicationManager (ReplicationManager.java:processAll(389)) - Replication Monitor Thread took 0 milliseconds for processing 1 containers.
2023-08-25 08:53:15,284 [Time-limited test] INFO  container.TestHelper (TestHelper.java:countReplicas(423)) - Container 1 has 2 replicas on [6a511105-798d-4035-a071-a904e0472807, e10cda8e-4bea-44c9-8078-2ce611a3a813]
2023-08-25 08:53:16,110 [ReplicationMonitor] INFO  replication.ReplicationManager (ReplicationManager.java:processAll(389)) - Replication Monitor Thread took 1 milliseconds for processing 1 containers.
2023-08-25 08:53:16,285 [Time-limited test] INFO  container.TestHelper (TestHelper.java:countReplicas(423)) - Container 1 has 2 replicas on [6a511105-798d-4035-a071-a904e0472807, e10cda8e-4bea-44c9-8078-2ce611a3a813]
2023-08-25 08:53:17,110 [ReplicationMonitor] INFO  replication.ReplicationManager (ReplicationManager.java:processAll(389)) - Replication Monitor Thread took 0 milliseconds for processing 1 containers.
2023-08-25 08:53:17,285 [Time-limited test] INFO  container.TestHelper (TestHelper.java:countReplicas(423)) - Container 1 has 2 replicas on [6a511105-798d-4035-a071-a904e0472807, e10cda8e-4bea-44c9-8078-2ce611a3a813]
2023-08-25 08:53:18,111 [ReplicationMonitor] INFO  replication.ReplicationManager (ReplicationManager.java:processAll(389)) - Replication Monitor Thread took 0 milliseconds for processing 1 containers.
2023-08-25 08:53:18,286 [Time-limited test] INFO  container.TestHelper (TestHelper.java:countReplicas(423)) - Container 1 has 2 replicas on [6a511105-798d-4035-a071-a904e0472807, e10cda8e-4bea-44c9-8078-2ce611a3a813]
2023-08-25 08:53:19,113 [ReplicationMonitor] INFO  replication.ReplicationManager (ReplicationManager.java:processAll(389)) - Replication Monitor Thread took 0 milliseconds for processing 1 containers.
2023-08-25 08:53:19,286 [Time-limited test] INFO  container.TestHelper (TestHelper.java:countReplicas(423)) - Container 1 has 2 replicas on [6a511105-798d-4035-a071-a904e0472807, e10cda8e-4bea-44c9-8078-2ce611a3a813]
2023-08-25 08:53:20,113 [ReplicationMonitor] INFO  replication.ReplicationManager (ReplicationManager.java:processAll(389)) - Replication Monitor Thread took 0 milliseconds for processing 1 containers.
2023-08-25 08:53:20,286 [Time-limited test] INFO  container.TestHelper (TestHelper.java:countReplicas(423)) - Container 1 has 2 replicas on [6a511105-798d-4035-a071-a904e0472807, e10cda8e-4bea-44c9-8078-2ce611a3a813]
2023-08-25 08:53:21,114 [ReplicationMonitor] INFO  replication.ReplicationManager (ReplicationManager.java:processAll(389)) - Replication Monitor Thread took 0 milliseconds for processing 1 containers.
2023-08-25 08:53:21,287 [Time-limited test] INFO  container.TestHelper (TestHelper.java:countReplicas(423)) - Container 1 has 2 replicas on [6a511105-798d-4035-a071-a904e0472807, e10cda8e-4bea-44c9-8078-2ce611a3a813]
2023-08-25 08:53:22,114 [ReplicationMonitor] INFO  replication.ReplicationManager (ReplicationManager.java:processAll(389)) - Replication Monitor Thread took 0 milliseconds for processing 1 containers.
2023-08-25 08:53:22,287 [Time-limited test] INFO  container.TestHelper (TestHelper.java:countReplicas(423)) - Container 1 has 2 replicas on [6a511105-798d-4035-a071-a904e0472807, e10cda8e-4bea-44c9-8078-2ce611a3a813]
2023-08-25 08:53:23,115 [ReplicationMonitor] INFO  replication.ReplicationManager (ReplicationManager.java:processAll(389)) - Replication Monitor Thread took 0 milliseconds for processing 1 containers.
2023-08-25 08:53:23,287 [Time-limited test] INFO  container.TestHelper (TestHelper.java:countReplicas(423)) - Container 1 has 2 replicas on [6a511105-798d-4035-a071-a904e0472807, e10cda8e-4bea-44c9-8078-2ce611a3a813]
2023-08-25 08:53:24,115 [ReplicationMonitor] INFO  replication.ReplicationManager (ReplicationManager.java:processAll(389)) - Replication Monitor Thread took 0 milliseconds for processing 1 containers.
2023-08-25 08:53:24,288 [Time-limited test] INFO  container.TestHelper (TestHelper.java:countReplicas(423)) - Container 1 has 2 replicas on [6a511105-798d-4035-a071-a904e0472807, e10cda8e-4bea-44c9-8078-2ce611a3a813]
2023-08-25 08:53:25,116 [ReplicationMonitor] INFO  replication.ReplicationManager (ReplicationManager.java:processAll(389)) - Replication Monitor Thread took 0 milliseconds for processing 1 containers.
2023-08-25 08:53:25,288 [Time-limited test] INFO  container.TestHelper (TestHelper.java:countReplicas(423)) - Container 1 has 2 replicas on [6a511105-798d-4035-a071-a904e0472807, e10cda8e-4bea-44c9-8078-2ce611a3a813]
2023-08-25 08:53:26,116 [ReplicationMonitor] INFO  replication.ReplicationManager (ReplicationManager.java:processAll(389)) - Replication Monitor Thread took 0 milliseconds for processing 1 containers.
2023-08-25 08:53:26,288 [Time-limited test] INFO  container.TestHelper (TestHelper.java:countReplicas(423)) - Container 1 has 2 replicas on [6a511105-798d-4035-a071-a904e0472807, e10cda8e-4bea-44c9-8078-2ce611a3a813]
2023-08-25 08:53:27,117 [ReplicationMonitor] INFO  replication.ReplicationManager (ReplicationManager.java:processAll(389)) - Replication Monitor Thread took 0 milliseconds for processing 1 containers.
2023-08-25 08:53:27,289 [Time-limited test] INFO  container.TestHelper (TestHelper.java:countReplicas(423)) - Container 1 has 2 replicas on [6a511105-798d-4035-a071-a904e0472807, e10cda8e-4bea-44c9-8078-2ce611a3a813]
2023-08-25 08:53:28,118 [ReplicationMonitor] INFO  replication.ReplicationManager (ReplicationManager.java:processAll(389)) - Replication Monitor Thread took 1 milliseconds for processing 1 containers.
2023-08-25 08:53:28,289 [Time-limited test] INFO  container.TestHelper (TestHelper.java:countReplicas(423)) - Container 1 has 2 replicas on [6a511105-798d-4035-a071-a904e0472807, e10cda8e-4bea-44c9-8078-2ce611a3a813]
2023-08-25 08:53:29,040 [Under Replicated Processor] INFO  replication.ReplicationManager (ReplicationManager.java:sendDatanodeCommand(669)) - Sending command [replicateContainerCommand: containerId=1, replicaIndex=0, targetNode=42538958-ec24-4190-90a2-8f41139170d9(fv-az584-689.msjcyvhqqs1uvpg4fm53wptgqc.jx.internal.cloudapp.net/10.1.0.19), priority=NORMAL] for container ContainerInfo{id=#1, state=CLOSED, stateEnterTime=2023-08-25T08:52:53.268Z, pipelineID=PipelineID=594834ec-5818-442d-a23f-606ff9491d12, owner=om1} to e10cda8e-4bea-44c9-8078-2ce611a3a813(fv-az584-689.msjcyvhqqs1uvpg4fm53wptgqc.jx.internal.cloudapp.net/10.1.0.19) with datanode deadline 1692954179040 and scm deadline 1692954209040
2023-08-25 08:53:29,041 [Under Replicated Processor] INFO  replication.UnhealthyReplicationProcessor (UnhealthyReplicationProcessor.java:processAll(138)) - Processed 1 containers with health state counts {UNDER_REPLICATED=1}, failed processing 0, deferred due to load 0
2023-08-25 08:53:29,118 [ReplicationMonitor] INFO  replication.ReplicationManager (ReplicationManager.java:processAll(389)) - Replication Monitor Thread took 0 milliseconds for processing 1 containers.
2023-08-25 08:53:29,289 [Time-limited test] INFO  container.TestHelper (TestHelper.java:countReplicas(423)) - Container 1 has 2 replicas on [6a511105-798d-4035-a071-a904e0472807, e10cda8e-4bea-44c9-8078-2ce611a3a813]
2023-08-25 08:53:30,119 [ReplicationMonitor] INFO  replication.ReplicationManager (ReplicationManager.java:processAll(389)) - Replication Monitor Thread took 1 milliseconds for processing 1 containers.
2023-08-25 08:53:30,290 [Time-limited test] INFO  container.TestHelper (TestHelper.java:countReplicas(423)) - Container 1 has 2 replicas on [6a511105-798d-4035-a071-a904e0472807, e10cda8e-4bea-44c9-8078-2ce611a3a813]
2023-08-25 08:53:30,336 [Time-limited test] INFO  ozone.MiniOzoneClusterImpl (MiniOzoneClusterImpl.java:shutdown(443)) - Shutting down the Mini Ozone Cluster
2023-08-25 08:53:30,336 [Time-limited test] INFO  ozone.MiniOzoneClusterImpl (MiniOzoneClusterImpl.java:stop(460)) - Stopping the Mini Ozone Cluster
2023-08-25 08:53:30,336 [Time-limited test] INFO  ozone.MiniOzoneClusterImpl (MiniOzoneClusterImpl.java:stopOM(551)) - Stopping the OzoneManager
2023-08-25 08:53:30,336 [Time-limited test] INFO  om.OzoneManager (OzoneManager.java:stop(2187)) - om1[localhost:15163]: Stopping Ozone Manager
2023-08-25 08:53:30,336 [Time-limited test] INFO  ipc.Server (Server.java:stop(3523)) - Stopping server on 15163
2023-08-25 08:53:30,338 [IPC Server Responder] INFO  ipc.Server (Server.java:run(1567)) - Stopping IPC Server Responder
2023-08-25 08:53:30,339 [IPC Server listener on 15163] INFO  ipc.Server (Server.java:run(1434)) - Stopping IPC Server listener on 15163
2023-08-25 08:53:30,339 [Time-limited test] INFO  server.RaftServer (RaftServerProxy.java:lambda$close$6(416)) - om1: close
2023-08-25 08:53:30,339 [Time-limited test] INFO  server.GrpcService (GrpcService.java:closeImpl(311)) - om1: shutdown server GrpcServerProtocolService now
2023-08-25 08:53:30,340 [om1-impl-thread2] INFO  server.RaftServer$Division (RaftServerImpl.java:lambda$close$4(466)) - om1@group-C5BA1605619E: shutdown
2023-08-25 08:53:30,340 [om1-impl-thread2] INFO  util.JmxRegister (JmxRegister.java:unregister(73)) - Successfully un-registered JMX Bean with object name Ratis:service=RaftServer,group=group-C5BA1605619E,id=om1
2023-08-25 08:53:30,340 [om1-impl-thread2] INFO  impl.RoleInfo (RoleInfo.java:shutdownLeaderState(93)) - om1: shutdown om1@group-C5BA1605619E-LeaderStateImpl
2023-08-25 08:53:30,341 [om1-impl-thread2] INFO  impl.PendingRequests (PendingRequests.java:sendNotLeaderResponses(289)) - om1@group-C5BA1605619E-PendingRequests: sendNotLeaderResponses
2023-08-25 08:53:30,345 [om1-impl-thread2] INFO  impl.StateMachineUpdater (StateMachineUpdater.java:stopAndJoin(155)) - om1@group-C5BA1605619E-StateMachineUpdater: set stopIndex = 8
2023-08-25 08:53:30,345 [om1@group-C5BA1605619E-StateMachineUpdater] INFO  ratis.OzoneManagerStateMachine (OzoneManagerStateMachine.java:takeSnapshot(480)) - Current Snapshot Index (t:1, i:8)
2023-08-25 08:53:30,346 [Time-limited test] INFO  server.GrpcService (GrpcService.java:closeImpl(320)) - om1: shutdown server GrpcServerProtocolService successfully
2023-08-25 08:53:30,370 [om1@group-C5BA1605619E-StateMachineUpdater] INFO  impl.StateMachineUpdater (StateMachineUpdater.java:takeSnapshot(291)) - om1@group-C5BA1605619E-StateMachineUpdater: Took a snapshot at index 8
2023-08-25 08:53:30,370 [om1@group-C5BA1605619E-StateMachineUpdater] INFO  impl.StateMachineUpdater (StateMachineUpdater.java:lambda$new$0(97)) - om1@group-C5BA1605619E-StateMachineUpdater: snapshotIndex: updateIncreasingly -1 -> 8
2023-08-25 08:53:30,370 [om1@group-C5BA1605619E-StateMachineUpdater] INFO  ratis.OzoneManagerStateMachine (OzoneManagerStateMachine.java:close(534)) - StateMachine has shutdown. Shutdown OzoneManager if not already shutdown.
2023-08-25 08:53:30,370 [om1@group-C5BA1605619E-StateMachineUpdater] INFO  ratis.OzoneManagerDoubleBuffer (OzoneManagerDoubleBuffer.java:stopDaemon(551)) - Stopping OMDoubleBuffer flush thread
2023-08-25 08:53:30,370 [OMDoubleBufferFlushThread] INFO  ratis.OzoneManagerDoubleBuffer (OzoneManagerDoubleBuffer.java:canFlush(638)) - OMDoubleBuffer flush thread OMDoubleBufferFlushThread is interrupted and will exit.
2023-08-25 08:53:30,371 [om1-impl-thread2] INFO  server.RaftServer$Division (ServerState.java:close(472)) - om1@group-C5BA1605619E: closes. applyIndex: 8
2023-08-25 08:53:30,455 [ContainerReplicationThread-0] INFO  replication.PushReplicator (PushReplicator.java:replicate(58)) - Starting replication of container 1 to 42538958-ec24-4190-90a2-8f41139170d9(fv-az584-689.msjcyvhqqs1uvpg4fm53wptgqc.jx.internal.cloudapp.net/10.1.0.19) using NO_COMPRESSION
2023-08-25 08:53:30,477 [ContainerReplicationThread-0] INFO  replication.GrpcOutputStream (GrpcOutputStream.java:close(116)) - Sent 9728 bytes for container 1
2023-08-25 08:53:30,479 [ReplicationContainerReader-1] INFO  replication.SendContainerRequestHandler (SendContainerRequestHandler.java:onNext(80)) - Accepting container 1
2023-08-25 08:53:30,480 [ReplicationContainerReader-1] INFO  replication.SendContainerRequestHandler (SendContainerRequestHandler.java:onCompleted(108)) - Container 1 is downloaded with size 9728, starting to import.
2023-08-25 08:53:30,506 [ReplicationContainerReader-1] INFO  replication.SendContainerRequestHandler (SendContainerRequestHandler.java:onCompleted(114)) - Container 1 is replicated successfully
2023-08-25 08:53:30,510 [grpc-default-executor-1] INFO  replication.GrpcContainerUploader (GrpcContainerUploader.java:onCompleted(132)) - Finished uploading container 1 to 42538958-ec24-4190-90a2-8f41139170d9(fv-az584-689.msjcyvhqqs1uvpg4fm53wptgqc.jx.internal.cloudapp.net/10.1.0.19)
2023-08-25 08:53:30,511 [ContainerReplicationThread-0] INFO  replication.ReplicationSupervisor (ReplicationSupervisor.java:run(364)) - Successful DONE replicateContainerCommand: containerId=1, replicaIndex=0, targetNode=42538958-ec24-4190-90a2-8f41139170d9(fv-az584-689.msjcyvhqqs1uvpg4fm53wptgqc.jx.internal.cloudapp.net/10.1.0.19), priority=NORMAL, transferred 9728 bytes
2023-08-25 08:53:31,119 [ReplicationMonitor] INFO  replication.ReplicationManager (ReplicationManager.java:processAll(389)) - Replication Monitor Thread took 0 milliseconds for processing 1 containers.
2023-08-25 08:53:31,300 [om1-impl-thread2] INFO  segmented.SegmentedRaftLogWorker (SegmentedRaftLogWorker.java:close(252)) - om1@group-C5BA1605619E-SegmentedRaftLogWorker close()
2023-08-25 08:53:31,302 [JvmPauseMonitor22] INFO  util.JvmPauseMonitor (JvmPauseMonitor.java:run(109)) - JvmPauseMonitor-om1: Stopped
2023-08-25 08:53:31,303 [Time-limited test] INFO  ratis.OzoneManagerStateMachine (OzoneManagerStateMachine.java:close(534)) - StateMachine has shutdown. Shutdown OzoneManager if not already shutdown.
2023-08-25 08:53:31,303 [Time-limited test] INFO  ratis.OzoneManagerDoubleBuffer (OzoneManagerDoubleBuffer.java:stopDaemon(560)) - OMDoubleBuffer flush thread is not running.
2023-08-25 08:53:31,304 [Time-limited test] INFO  utils.BackgroundService (BackgroundService.java:shutdown(141)) - Shutting down service KeyDeletingService
2023-08-25 08:53:31,304 [Time-limited test] INFO  utils.BackgroundService (BackgroundService.java:shutdown(141)) - Shutting down service KeyDeletingService
2023-08-25 08:53:31,304 [Time-limited test] INFO  utils.BackgroundService (BackgroundService.java:shutdown(141)) - Shutting down service OpenKeyCleanupService
2023-08-25 08:53:31,305 [Time-limited test] INFO  utils.BackgroundService (BackgroundService.java:shutdown(141)) - Shutting down service SstFilteringService
2023-08-25 08:53:31,305 [Time-limited test] INFO  utils.BackgroundService (BackgroundService.java:shutdown(141)) - Shutting down service SnapshotDeletingService
2023-08-25 08:53:31,305 [Time-limited test] INFO  handler.ContextHandler (ContextHandler.java:doStop(1159)) - Stopped o.e.j.w.WebAppContext@5ecc27c6{ozoneManager,/,null,STOPPED}{file:/home/runner/work/ozone/ozone/hadoop-ozone/integration-test/target/test-classes/webapps/ozoneManager}
2023-08-25 08:53:31,306 [Time-limited test] INFO  server.AbstractConnector (AbstractConnector.java:doStop(383)) - Stopped ServerConnector@6acf434f{HTTP/1.1, (http/1.1)}{0.0.0.0:15164}
2023-08-25 08:53:31,306 [Time-limited test] INFO  server.session (HouseKeeper.java:stopScavenging(149)) - node0 Stopped scavenging
2023-08-25 08:53:31,306 [Time-limited test] INFO  handler.ContextHandler (ContextHandler.java:doStop(1159)) - Stopped o.e.j.s.ServletContextHandler@1fffd474{static,/static,file:///home/runner/work/ozone/ozone/hadoop-ozone/integration-test/target/test-classes/webapps/static,STOPPED}
2023-08-25 08:53:31,306 [Time-limited test] INFO  handler.ContextHandler (ContextHandler.java:doStop(1159)) - Stopped o.e.j.s.ServletContextHandler@1e1fa78f{logs,/logs,file:///home/runner/work/ozone/ozone/hadoop-ozone/integration-test/target/log,STOPPED}
2023-08-25 08:53:31,307 [Time-limited test] INFO  rocksdiff.RocksDBCheckpointDiffer (RocksDBCheckpointDiffer.java:close(340)) - Shutting down CompactionDagPruningService.
2023-08-25 08:53:31,309 [Time-limited test] INFO  snapshot.SnapshotDiffManager (SnapshotDiffManager.java:closeExecutorService(1720)) - Shutting down executorService: 'SnapDiffExecutor'
2023-08-25 08:53:31,309 [Time-limited test] INFO  snapshot.SnapshotDiffManager (SnapshotDiffManager.java:closeExecutorService(1720)) - Shutting down executorService: 'SstDumpToolExecutor'
2023-08-25 08:53:31,309 [Time-limited test] INFO  utils.BackgroundService (BackgroundService.java:shutdown(141)) - Shutting down service SnapshotDiffCleanupService
2023-08-25 08:53:31,310 [Time-limited test] INFO  ozone.MiniOzoneClusterImpl (MiniOzoneClusterImpl.java:stopDatanodes(528)) - Stopping the HddsDatanodes
2023-08-25 08:53:31,313 [Time-limited test] INFO  ozoneimpl.OzoneContainer (OzoneContainer.java:stop(451)) - Attempting to stop container services.
2023-08-25 08:53:31,314 [ForkJoinPool.commonPool-worker-3] INFO  ozoneimpl.OzoneContainer (OzoneContainer.java:stop(451)) - Attempting to stop container services.
2023-08-25 08:53:31,314 [Time-limited test] INFO  server.RaftServer (RaftServerProxy.java:lambda$close$6(416)) - 6a511105-798d-4035-a071-a904e0472807: close
2023-08-25 08:53:31,315 [ForkJoinPool.commonPool-worker-3] INFO  server.RaftServer (RaftServerProxy.java:lambda$close$6(416)) - e10cda8e-4bea-44c9-8078-2ce611a3a813: close
2023-08-25 08:53:31,315 [Time-limited test] INFO  server.GrpcService (GrpcService.java:closeImpl(311)) - 6a511105-798d-4035-a071-a904e0472807: shutdown server org.apache.ratis.grpc.server.GrpcClientProtocolService now
2023-08-25 08:53:31,316 [ForkJoinPool.commonPool-worker-3] INFO  server.GrpcService (GrpcService.java:closeImpl(311)) - e10cda8e-4bea-44c9-8078-2ce611a3a813: shutdown server org.apache.ratis.grpc.server.GrpcClientProtocolService now
2023-08-25 08:53:31,317 [6a511105-798d-4035-a071-a904e0472807-impl-thread2] INFO  server.RaftServer$Division (RaftServerImpl.java:lambda$close$4(466)) - 6a511105-798d-4035-a071-a904e0472807@group-2D44117002FF: shutdown
2023-08-25 08:53:31,318 [6a511105-798d-4035-a071-a904e0472807-impl-thread2] INFO  util.JmxRegister (JmxRegister.java:unregister(73)) - Successfully un-registered JMX Bean with object name Ratis:service=RaftServer,group=group-2D44117002FF,id=6a511105-798d-4035-a071-a904e0472807
2023-08-25 08:53:31,318 [6a511105-798d-4035-a071-a904e0472807-impl-thread2] INFO  impl.RoleInfo (RoleInfo.java:shutdownLeaderState(93)) - 6a511105-798d-4035-a071-a904e0472807: shutdown 6a511105-798d-4035-a071-a904e0472807@group-2D44117002FF-LeaderStateImpl
2023-08-25 08:53:31,318 [6a511105-798d-4035-a071-a904e0472807-impl-thread2] INFO  impl.PendingRequests (PendingRequests.java:sendNotLeaderResponses(289)) - 6a511105-798d-4035-a071-a904e0472807@group-2D44117002FF-PendingRequests: sendNotLeaderResponses
2023-08-25 08:53:31,318 [6a511105-798d-4035-a071-a904e0472807-impl-thread2] INFO  impl.StateMachineUpdater (StateMachineUpdater.java:stopAndJoin(155)) - 6a511105-798d-4035-a071-a904e0472807@group-2D44117002FF-StateMachineUpdater: set stopIndex = 0
2023-08-25 08:53:31,318 [e10cda8e-4bea-44c9-8078-2ce611a3a813-impl-thread2] INFO  server.RaftServer$Division (RaftServerImpl.java:lambda$close$4(466)) - e10cda8e-4bea-44c9-8078-2ce611a3a813@group-079BC75EB87A: shutdown
2023-08-25 08:53:31,318 [6a511105-798d-4035-a071-a904e0472807@group-2D44117002FF-StateMachineUpdater] INFO  ratis.ContainerStateMachine (ContainerStateMachine.java:takeSnapshot(330)) - group-2D44117002FF: Taking a snapshot at:(t:1, i:0) file /home/runner/work/ozone/ozone/hadoop-ozone/integration-test/target/test-dir/MiniOzoneClusterImpl-ea041547-065d-47c9-8c6f-7cbf64d7cdf8/datanode-2/data/ratis/79902cb1-3d2d-4179-8d83-2d44117002ff/sm/snapshot.1_0
2023-08-25 08:53:31,320 [e10cda8e-4bea-44c9-8078-2ce611a3a813-impl-thread2] INFO  util.JmxRegister (JmxRegister.java:unregister(73)) - Successfully un-registered JMX Bean with object name Ratis:service=RaftServer,group=group-079BC75EB87A,id=e10cda8e-4bea-44c9-8078-2ce611a3a813
2023-08-25 08:53:31,321 [e10cda8e-4bea-44c9-8078-2ce611a3a813-impl-thread2] INFO  impl.RoleInfo (RoleInfo.java:shutdownLeaderState(93)) - e10cda8e-4bea-44c9-8078-2ce611a3a813: shutdown e10cda8e-4bea-44c9-8078-2ce611a3a813@group-079BC75EB87A-LeaderStateImpl
2023-08-25 08:53:31,321 [e10cda8e-4bea-44c9-8078-2ce611a3a813-impl-thread2] INFO  impl.PendingRequests (PendingRequests.java:sendNotLeaderResponses(289)) - e10cda8e-4bea-44c9-8078-2ce611a3a813@group-079BC75EB87A-PendingRequests: sendNotLeaderResponses
2023-08-25 08:53:31,321 [e10cda8e-4bea-44c9-8078-2ce611a3a813-impl-thread2] INFO  impl.StateMachineUpdater (StateMachineUpdater.java:stopAndJoin(155)) - e10cda8e-4bea-44c9-8078-2ce611a3a813@group-079BC75EB87A-StateMachineUpdater: set stopIndex = 0
2023-08-25 08:53:31,324 [6a511105-798d-4035-a071-a904e0472807@group-2D44117002FF-StateMachineUpdater] INFO  ratis.ContainerStateMachine (ContainerStateMachine.java:takeSnapshot(341)) - group-2D44117002FF: Finished taking a snapshot at:(t:1, i:0) file:/home/runner/work/ozone/ozone/hadoop-ozone/integration-test/target/test-dir/MiniOzoneClusterImpl-ea041547-065d-47c9-8c6f-7cbf64d7cdf8/datanode-2/data/ratis/79902cb1-3d2d-4179-8d83-2d44117002ff/sm/snapshot.1_0 took: 5 ms
2023-08-25 08:53:31,324 [6a511105-798d-4035-a071-a904e0472807@group-2D44117002FF-StateMachineUpdater] INFO  impl.StateMachineUpdater (StateMachineUpdater.java:takeSnapshot(291)) - 6a511105-798d-4035-a071-a904e0472807@group-2D44117002FF-StateMachineUpdater: Took a snapshot at index 0
2023-08-25 08:53:31,324 [6a511105-798d-4035-a071-a904e0472807@group-2D44117002FF-StateMachineUpdater] INFO  impl.StateMachineUpdater (StateMachineUpdater.java:lambda$new$0(97)) - 6a511105-798d-4035-a071-a904e0472807@group-2D44117002FF-StateMachineUpdater: snapshotIndex: updateIncreasingly -1 -> 0
2023-08-25 08:53:31,324 [6a511105-798d-4035-a071-a904e0472807-impl-thread2] INFO  server.RaftServer$Division (ServerState.java:close(472)) - 6a511105-798d-4035-a071-a904e0472807@group-2D44117002FF: closes. applyIndex: 0
2023-08-25 08:53:31,324 [Thread-2262] INFO  server.GrpcServerProtocolClient (GrpcServerProtocolClient.java:close(103)) - aaa796c8-aced-4c19-8914-014df42c39e4 Close channels
2023-08-25 08:53:31,324 [Thread-2264] INFO  server.GrpcServerProtocolClient (GrpcServerProtocolClient.java:close(103)) - 6a511105-798d-4035-a071-a904e0472807 Close channels
2023-08-25 08:53:31,325 [e10cda8e-4bea-44c9-8078-2ce611a3a813@group-079BC75EB87A-StateMachineUpdater] INFO  ratis.ContainerStateMachine (ContainerStateMachine.java:takeSnapshot(330)) - group-079BC75EB87A: Taking a snapshot at:(t:1, i:0) file /home/runner/work/ozone/ozone/hadoop-ozone/integration-test/target/test-dir/MiniOzoneClusterImpl-ea041547-065d-47c9-8c6f-7cbf64d7cdf8/datanode-0/data/ratis/52b5d8d5-d7e5-4211-9798-079bc75eb87a/sm/snapshot.1_0
2023-08-25 08:53:31,326 [Thread-2266] INFO  server.GrpcServerProtocolClient (GrpcServerProtocolClient.java:close(103)) - e10cda8e-4bea-44c9-8078-2ce611a3a813 Close channels
2023-08-25 08:53:31,326 [Thread-2265] INFO  server.GrpcServerProtocolClient (GrpcServerProtocolClient.java:close(103)) - aaa796c8-aced-4c19-8914-014df42c39e4 Close channels
2023-08-25 08:53:31,327 [e10cda8e-4bea-44c9-8078-2ce611a3a813@group-079BC75EB87A-StateMachineUpdater] INFO  ratis.ContainerStateMachine (ContainerStateMachine.java:takeSnapshot(341)) - group-079BC75EB87A: Finished taking a snapshot at:(t:1, i:0) file:/home/runner/work/ozone/ozone/hadoop-ozone/integration-test/target/test-dir/MiniOzoneClusterImpl-ea041547-065d-47c9-8c6f-7cbf64d7cdf8/datanode-0/data/ratis/52b5d8d5-d7e5-4211-9798-079bc75eb87a/sm/snapshot.1_0 took: 2 ms
2023-08-25 08:53:31,327 [e10cda8e-4bea-44c9-8078-2ce611a3a813@group-079BC75EB87A-StateMachineUpdater] INFO  impl.StateMachineUpdater (StateMachineUpdater.java:takeSnapshot(291)) - e10cda8e-4bea-44c9-8078-2ce611a3a813@group-079BC75EB87A-StateMachineUpdater: Took a snapshot at index 0
2023-08-25 08:53:31,327 [e10cda8e-4bea-44c9-8078-2ce611a3a813@group-079BC75EB87A-StateMachineUpdater] INFO  impl.StateMachineUpdater (StateMachineUpdater.java:lambda$new$0(97)) - e10cda8e-4bea-44c9-8078-2ce611a3a813@group-079BC75EB87A-StateMachineUpdater: snapshotIndex: updateIncreasingly -1 -> 0
2023-08-25 08:53:31,329 [e10cda8e-4bea-44c9-8078-2ce611a3a813-impl-thread2] INFO  server.RaftServer$Division (ServerState.java:close(472)) - e10cda8e-4bea-44c9-8078-2ce611a3a813@group-079BC75EB87A: closes. applyIndex: 0
2023-08-25 08:53:31,330 [ForkJoinPool.commonPool-worker-0] INFO  ozoneimpl.OzoneContainer (OzoneContainer.java:stop(451)) - Attempting to stop container services.
2023-08-25 08:53:31,330 [ForkJoinPool.commonPool-worker-3] INFO  server.GrpcService (GrpcService.java:closeImpl(320)) - e10cda8e-4bea-44c9-8078-2ce611a3a813: shutdown server org.apache.ratis.grpc.server.GrpcClientProtocolService successfully
2023-08-25 08:53:31,330 [ForkJoinPool.commonPool-worker-3] INFO  server.GrpcService (GrpcService.java:closeImpl(311)) - e10cda8e-4bea-44c9-8078-2ce611a3a813: shutdown server GrpcServerProtocolService now
2023-08-25 08:53:31,332 [grpc-default-executor-1] INFO  server.GrpcLogAppender (GrpcLogAppender.java:onError(417)) - 6a511105-798d-4035-a071-a904e0472807@group-5F039740BA65->e10cda8e-4bea-44c9-8078-2ce611a3a813-GrpcLogAppender is already stopped
2023-08-25 08:53:31,336 [ForkJoinPool.commonPool-worker-0] INFO  server.RaftServer (RaftServerProxy.java:lambda$close$6(416)) - 42538958-ec24-4190-90a2-8f41139170d9: close
2023-08-25 08:53:31,336 [ForkJoinPool.commonPool-worker-0] INFO  server.GrpcService (GrpcService.java:closeImpl(311)) - 42538958-ec24-4190-90a2-8f41139170d9: shutdown server org.apache.ratis.grpc.server.GrpcClientProtocolService now
2023-08-25 08:53:31,336 [Time-limited test] INFO  server.GrpcService (GrpcService.java:closeImpl(320)) - 6a511105-798d-4035-a071-a904e0472807: shutdown server org.apache.ratis.grpc.server.GrpcClientProtocolService successfully
2023-08-25 08:53:31,336 [Time-limited test] INFO  server.GrpcService (GrpcService.java:closeImpl(311)) - 6a511105-798d-4035-a071-a904e0472807: shutdown server GrpcServerProtocolService now
2023-08-25 08:53:31,336 [42538958-ec24-4190-90a2-8f41139170d9-impl-thread1] INFO  server.RaftServer$Division (RaftServerImpl.java:lambda$close$4(466)) - 42538958-ec24-4190-90a2-8f41139170d9@group-55E01454E505: shutdown
2023-08-25 08:53:31,336 [42538958-ec24-4190-90a2-8f41139170d9-impl-thread1] INFO  util.JmxRegister (JmxRegister.java:unregister(73)) - Successfully un-registered JMX Bean with object name Ratis:service=RaftServer,group=group-55E01454E505,id=42538958-ec24-4190-90a2-8f41139170d9
2023-08-25 08:53:31,336 [42538958-ec24-4190-90a2-8f41139170d9-impl-thread1] INFO  impl.RoleInfo (RoleInfo.java:shutdownLeaderState(93)) - 42538958-ec24-4190-90a2-8f41139170d9: shutdown 42538958-ec24-4190-90a2-8f41139170d9@group-55E01454E505-LeaderStateImpl
2023-08-25 08:53:31,336 [42538958-ec24-4190-90a2-8f41139170d9-impl-thread1] INFO  impl.PendingRequests (PendingRequests.java:sendNotLeaderResponses(289)) - 42538958-ec24-4190-90a2-8f41139170d9@group-55E01454E505-PendingRequests: sendNotLeaderResponses
2023-08-25 08:53:31,336 [ForkJoinPool.commonPool-worker-0] INFO  server.GrpcService (GrpcService.java:closeImpl(320)) - 42538958-ec24-4190-90a2-8f41139170d9: shutdown server org.apache.ratis.grpc.server.GrpcClientProtocolService successfully
2023-08-25 08:53:31,337 [ForkJoinPool.commonPool-worker-0] INFO  server.GrpcService (GrpcService.java:closeImpl(311)) - 42538958-ec24-4190-90a2-8f41139170d9: shutdown server GrpcServerProtocolService now
2023-08-25 08:53:31,337 [42538958-ec24-4190-90a2-8f41139170d9-impl-thread1] INFO  impl.StateMachineUpdater (StateMachineUpdater.java:stopAndJoin(155)) - 42538958-ec24-4190-90a2-8f41139170d9@group-55E01454E505-StateMachineUpdater: set stopIndex = 0
2023-08-25 08:53:31,337 [42538958-ec24-4190-90a2-8f41139170d9@group-55E01454E505-StateMachineUpdater] INFO  ratis.ContainerStateMachine (ContainerStateMachine.java:takeSnapshot(330)) - group-55E01454E505: Taking a snapshot at:(t:1, i:0) file /home/runner/work/ozone/ozone/hadoop-ozone/integration-test/target/test-dir/MiniOzoneClusterImpl-ea041547-065d-47c9-8c6f-7cbf64d7cdf8/datanode-4/data/ratis/ec9842dc-312d-40a7-9636-55e01454e505/sm/snapshot.1_0
2023-08-25 08:53:31,337 [ForkJoinPool.commonPool-worker-3] INFO  server.GrpcService (GrpcService.java:closeImpl(320)) - e10cda8e-4bea-44c9-8078-2ce611a3a813: shutdown server GrpcServerProtocolService successfully
2023-08-25 08:53:31,337 [ForkJoinPool.commonPool-worker-3] INFO  server.GrpcService (GrpcService.java:closeImpl(311)) - e10cda8e-4bea-44c9-8078-2ce611a3a813: shutdown server org.apache.ratis.grpc.server.GrpcAdminProtocolService now
2023-08-25 08:53:31,341 [42538958-ec24-4190-90a2-8f41139170d9@group-55E01454E505-StateMachineUpdater] INFO  ratis.ContainerStateMachine (ContainerStateMachine.java:takeSnapshot(341)) - group-55E01454E505: Finished taking a snapshot at:(t:1, i:0) file:/home/runner/work/ozone/ozone/hadoop-ozone/integration-test/target/test-dir/MiniOzoneClusterImpl-ea041547-065d-47c9-8c6f-7cbf64d7cdf8/datanode-4/data/ratis/ec9842dc-312d-40a7-9636-55e01454e505/sm/snapshot.1_0 took: 3 ms
2023-08-25 08:53:31,345 [42538958-ec24-4190-90a2-8f41139170d9@group-55E01454E505-StateMachineUpdater] INFO  impl.StateMachineUpdater (StateMachineUpdater.java:takeSnapshot(291)) - 42538958-ec24-4190-90a2-8f41139170d9@group-55E01454E505-StateMachineUpdater: Took a snapshot at index 0
2023-08-25 08:53:31,345 [42538958-ec24-4190-90a2-8f41139170d9@group-55E01454E505-StateMachineUpdater] INFO  impl.StateMachineUpdater (StateMachineUpdater.java:lambda$new$0(97)) - 42538958-ec24-4190-90a2-8f41139170d9@group-55E01454E505-StateMachineUpdater: snapshotIndex: updateIncreasingly -1 -> 0
2023-08-25 08:53:31,345 [42538958-ec24-4190-90a2-8f41139170d9-impl-thread1] INFO  server.RaftServer$Division (ServerState.java:close(472)) - 42538958-ec24-4190-90a2-8f41139170d9@group-55E01454E505: closes. applyIndex: 0
2023-08-25 08:53:31,350 [Time-limited test] INFO  server.GrpcService (GrpcService.java:closeImpl(320)) - 6a511105-798d-4035-a071-a904e0472807: shutdown server GrpcServerProtocolService successfully
2023-08-25 08:53:31,350 [Time-limited test] INFO  server.GrpcService (GrpcService.java:closeImpl(311)) - 6a511105-798d-4035-a071-a904e0472807: shutdown server org.apache.ratis.grpc.server.GrpcAdminProtocolService now
2023-08-25 08:53:31,352 [ForkJoinPool.commonPool-worker-3] INFO  server.GrpcService (GrpcService.java:closeImpl(320)) - e10cda8e-4bea-44c9-8078-2ce611a3a813: shutdown server org.apache.ratis.grpc.server.GrpcAdminProtocolService successfully
2023-08-25 08:53:31,353 [e10cda8e-4bea-44c9-8078-2ce611a3a813-NettyServerStreamRpc-bossGroup--thread1] INFO  logging.LoggingHandler (AbstractInternalLogger.java:log(148)) - [id: 0x8b6991da, L:/0:0:0:0:0:0:0:0:15174] CLOSE
2023-08-25 08:53:31,353 [e10cda8e-4bea-44c9-8078-2ce611a3a813-NettyServerStreamRpc-bossGroup--thread1] INFO  logging.LoggingHandler (AbstractInternalLogger.java:log(148)) - [id: 0x8b6991da, L:/0:0:0:0:0:0:0:0:15174] INACTIVE
2023-08-25 08:53:31,353 [e10cda8e-4bea-44c9-8078-2ce611a3a813-NettyServerStreamRpc-bossGroup--thread1] INFO  logging.LoggingHandler (AbstractInternalLogger.java:log(148)) - [id: 0x8b6991da, L:/0:0:0:0:0:0:0:0:15174] UNREGISTERED
2023-08-25 08:53:31,359 [ForkJoinPool.commonPool-worker-0] INFO  server.GrpcService (GrpcService.java:closeImpl(320)) - 42538958-ec24-4190-90a2-8f41139170d9: shutdown server GrpcServerProtocolService successfully
2023-08-25 08:53:31,359 [ForkJoinPool.commonPool-worker-0] INFO  server.GrpcService (GrpcService.java:closeImpl(311)) - 42538958-ec24-4190-90a2-8f41139170d9: shutdown server org.apache.ratis.grpc.server.GrpcAdminProtocolService now
2023-08-25 08:53:31,359 [Time-limited test] INFO  server.GrpcService (GrpcService.java:closeImpl(320)) - 6a511105-798d-4035-a071-a904e0472807: shutdown server org.apache.ratis.grpc.server.GrpcAdminProtocolService successfully
2023-08-25 08:53:31,359 [6a511105-798d-4035-a071-a904e0472807-NettyServerStreamRpc-bossGroup--thread1] INFO  logging.LoggingHandler (AbstractInternalLogger.java:log(148)) - [id: 0x71efbee5, L:/0:0:0:0:0:0:0:0:15192] CLOSE
2023-08-25 08:53:31,360 [ForkJoinPool.commonPool-worker-0] INFO  server.GrpcService (GrpcService.java:closeImpl(320)) - 42538958-ec24-4190-90a2-8f41139170d9: shutdown server org.apache.ratis.grpc.server.GrpcAdminProtocolService successfully
2023-08-25 08:53:31,360 [42538958-ec24-4190-90a2-8f41139170d9-NettyServerStreamRpc-bossGroup--thread1] INFO  logging.LoggingHandler (AbstractInternalLogger.java:log(148)) - [id: 0xb7f9d756, L:/0:0:0:0:0:0:0:0:15210] CLOSE
2023-08-25 08:53:31,360 [42538958-ec24-4190-90a2-8f41139170d9-NettyServerStreamRpc-bossGroup--thread1] INFO  logging.LoggingHandler (AbstractInternalLogger.java:log(148)) - [id: 0xb7f9d756, L:/0:0:0:0:0:0:0:0:15210] INACTIVE
2023-08-25 08:53:31,360 [42538958-ec24-4190-90a2-8f41139170d9-NettyServerStreamRpc-bossGroup--thread1] INFO  logging.LoggingHandler (AbstractInternalLogger.java:log(148)) - [id: 0xb7f9d756, L:/0:0:0:0:0:0:0:0:15210] UNREGISTERED
2023-08-25 08:53:31,368 [6a511105-798d-4035-a071-a904e0472807-NettyServerStreamRpc-bossGroup--thread1] INFO  logging.LoggingHandler (AbstractInternalLogger.java:log(148)) - [id: 0x71efbee5, L:/0:0:0:0:0:0:0:0:15192] INACTIVE
2023-08-25 08:53:31,369 [6a511105-798d-4035-a071-a904e0472807-NettyServerStreamRpc-bossGroup--thread1] INFO  logging.LoggingHandler (AbstractInternalLogger.java:log(148)) - [id: 0x71efbee5, L:/0:0:0:0:0:0:0:0:15192] UNREGISTERED
2023-08-25 08:53:31,386 [ForkJoinPool.commonPool-worker-1] INFO  ozoneimpl.OzoneContainer (OzoneContainer.java:stop(451)) - Attempting to stop container services.
2023-08-25 08:53:31,387 [ForkJoinPool.commonPool-worker-1] INFO  server.RaftServer (RaftServerProxy.java:lambda$close$6(416)) - a412d968-2fe0-4f2a-9779-093f65c8ed8d: close
2023-08-25 08:53:31,388 [ForkJoinPool.commonPool-worker-1] INFO  server.GrpcService (GrpcService.java:closeImpl(311)) - a412d968-2fe0-4f2a-9779-093f65c8ed8d: shutdown server org.apache.ratis.grpc.server.GrpcClientProtocolService now
2023-08-25 08:53:31,389 [a412d968-2fe0-4f2a-9779-093f65c8ed8d-impl-thread2] INFO  server.RaftServer$Division (RaftServerImpl.java:lambda$close$4(466)) - a412d968-2fe0-4f2a-9779-093f65c8ed8d@group-DFFC87AF8C54: shutdown
2023-08-25 08:53:31,389 [a412d968-2fe0-4f2a-9779-093f65c8ed8d-impl-thread2] INFO  util.JmxRegister (JmxRegister.java:unregister(73)) - Successfully un-registered JMX Bean with object name Ratis:service=RaftServer,group=group-DFFC87AF8C54,id=a412d968-2fe0-4f2a-9779-093f65c8ed8d
2023-08-25 08:53:31,389 [a412d968-2fe0-4f2a-9779-093f65c8ed8d-impl-thread2] INFO  impl.RoleInfo (RoleInfo.java:shutdownLeaderState(93)) - a412d968-2fe0-4f2a-9779-093f65c8ed8d: shutdown a412d968-2fe0-4f2a-9779-093f65c8ed8d@group-DFFC87AF8C54-LeaderStateImpl
2023-08-25 08:53:31,389 [a412d968-2fe0-4f2a-9779-093f65c8ed8d-impl-thread2] INFO  impl.PendingRequests (PendingRequests.java:sendNotLeaderResponses(289)) - a412d968-2fe0-4f2a-9779-093f65c8ed8d@group-DFFC87AF8C54-PendingRequests: sendNotLeaderResponses
2023-08-25 08:53:31,389 [a412d968-2fe0-4f2a-9779-093f65c8ed8d-impl-thread2] INFO  impl.StateMachineUpdater (StateMachineUpdater.java:stopAndJoin(155)) - a412d968-2fe0-4f2a-9779-093f65c8ed8d@group-DFFC87AF8C54-StateMachineUpdater: set stopIndex = 0
2023-08-25 08:53:31,390 [a412d968-2fe0-4f2a-9779-093f65c8ed8d@group-DFFC87AF8C54-StateMachineUpdater] INFO  ratis.ContainerStateMachine (ContainerStateMachine.java:takeSnapshot(330)) - group-DFFC87AF8C54: Taking a snapshot at:(t:1, i:0) file /home/runner/work/ozone/ozone/hadoop-ozone/integration-test/target/test-dir/MiniOzoneClusterImpl-ea041547-065d-47c9-8c6f-7cbf64d7cdf8/datanode-3/data/ratis/5459a3e5-782b-4c3d-8190-dffc87af8c54/sm/snapshot.1_0
2023-08-25 08:53:31,390 [ForkJoinPool.commonPool-worker-1] INFO  server.GrpcService (GrpcService.java:closeImpl(320)) - a412d968-2fe0-4f2a-9779-093f65c8ed8d: shutdown server org.apache.ratis.grpc.server.GrpcClientProtocolService successfully
2023-08-25 08:53:31,390 [ForkJoinPool.commonPool-worker-1] INFO  server.GrpcService (GrpcService.java:closeImpl(311)) - a412d968-2fe0-4f2a-9779-093f65c8ed8d: shutdown server GrpcServerProtocolService now
2023-08-25 08:53:31,391 [a412d968-2fe0-4f2a-9779-093f65c8ed8d@group-DFFC87AF8C54-StateMachineUpdater] INFO  ratis.ContainerStateMachine (ContainerStateMachine.java:takeSnapshot(341)) - group-DFFC87AF8C54: Finished taking a snapshot at:(t:1, i:0) file:/home/runner/work/ozone/ozone/hadoop-ozone/integration-test/target/test-dir/MiniOzoneClusterImpl-ea041547-065d-47c9-8c6f-7cbf64d7cdf8/datanode-3/data/ratis/5459a3e5-782b-4c3d-8190-dffc87af8c54/sm/snapshot.1_0 took: 2 ms
2023-08-25 08:53:31,391 [a412d968-2fe0-4f2a-9779-093f65c8ed8d@group-DFFC87AF8C54-StateMachineUpdater] INFO  impl.StateMachineUpdater (StateMachineUpdater.java:takeSnapshot(291)) - a412d968-2fe0-4f2a-9779-093f65c8ed8d@group-DFFC87AF8C54-StateMachineUpdater: Took a snapshot at index 0
2023-08-25 08:53:31,391 [a412d968-2fe0-4f2a-9779-093f65c8ed8d@group-DFFC87AF8C54-StateMachineUpdater] INFO  impl.StateMachineUpdater (StateMachineUpdater.java:lambda$new$0(97)) - a412d968-2fe0-4f2a-9779-093f65c8ed8d@group-DFFC87AF8C54-StateMachineUpdater: snapshotIndex: updateIncreasingly -1 -> 0
2023-08-25 08:53:31,391 [a412d968-2fe0-4f2a-9779-093f65c8ed8d-impl-thread2] INFO  server.RaftServer$Division (ServerState.java:close(472)) - a412d968-2fe0-4f2a-9779-093f65c8ed8d@group-DFFC87AF8C54: closes. applyIndex: 0
2023-08-25 08:53:31,393 [ForkJoinPool.commonPool-worker-1] INFO  server.GrpcService (GrpcService.java:closeImpl(320)) - a412d968-2fe0-4f2a-9779-093f65c8ed8d: shutdown server GrpcServerProtocolService successfully
2023-08-25 08:53:31,393 [ForkJoinPool.commonPool-worker-1] INFO  server.GrpcService (GrpcService.java:closeImpl(311)) - a412d968-2fe0-4f2a-9779-093f65c8ed8d: shutdown server org.apache.ratis.grpc.server.GrpcAdminProtocolService now
2023-08-25 08:53:31,394 [ForkJoinPool.commonPool-worker-1] INFO  server.GrpcService (GrpcService.java:closeImpl(320)) - a412d968-2fe0-4f2a-9779-093f65c8ed8d: shutdown server org.apache.ratis.grpc.server.GrpcAdminProtocolService successfully
2023-08-25 08:53:31,394 [a412d968-2fe0-4f2a-9779-093f65c8ed8d-NettyServerStreamRpc-bossGroup--thread1] INFO  logging.LoggingHandler (AbstractInternalLogger.java:log(148)) - [id: 0xc8646dc0, L:/0:0:0:0:0:0:0:0:15201] CLOSE
2023-08-25 08:53:31,395 [a412d968-2fe0-4f2a-9779-093f65c8ed8d-NettyServerStreamRpc-bossGroup--thread1] INFO  logging.LoggingHandler (AbstractInternalLogger.java:log(148)) - [id: 0xc8646dc0, L:/0:0:0:0:0:0:0:0:15201] INACTIVE
2023-08-25 08:53:31,395 [a412d968-2fe0-4f2a-9779-093f65c8ed8d-NettyServerStreamRpc-bossGroup--thread1] INFO  logging.LoggingHandler (AbstractInternalLogger.java:log(148)) - [id: 0xc8646dc0, L:/0:0:0:0:0:0:0:0:15201] UNREGISTERED
2023-08-25 08:53:31,613 [a412d968-2fe0-4f2a-9779-093f65c8ed8d-impl-thread2] INFO  segmented.SegmentedRaftLogWorker (SegmentedRaftLogWorker.java:close(252)) - a412d968-2fe0-4f2a-9779-093f65c8ed8d@group-DFFC87AF8C54-SegmentedRaftLogWorker close()
2023-08-25 08:53:31,614 [JvmPauseMonitor26] INFO  util.JvmPauseMonitor (JvmPauseMonitor.java:run(109)) - JvmPauseMonitor-a412d968-2fe0-4f2a-9779-093f65c8ed8d: Stopped
2023-08-25 08:53:31,635 [e10cda8e-4bea-44c9-8078-2ce611a3a813-impl-thread2] INFO  segmented.SegmentedRaftLogWorker (SegmentedRaftLogWorker.java:close(252)) - e10cda8e-4bea-44c9-8078-2ce611a3a813@group-079BC75EB87A-SegmentedRaftLogWorker close()
2023-08-25 08:53:31,638 [JvmPauseMonitor23] INFO  util.JvmPauseMonitor (JvmPauseMonitor.java:run(109)) - JvmPauseMonitor-e10cda8e-4bea-44c9-8078-2ce611a3a813: Stopped
2023-08-25 08:53:31,825 [42538958-ec24-4190-90a2-8f41139170d9-impl-thread1] INFO  segmented.SegmentedRaftLogWorker (SegmentedRaftLogWorker.java:close(252)) - 42538958-ec24-4190-90a2-8f41139170d9@group-55E01454E505-SegmentedRaftLogWorker close()
2023-08-25 08:53:31,827 [JvmPauseMonitor27] INFO  util.JvmPauseMonitor (JvmPauseMonitor.java:run(109)) - JvmPauseMonitor-42538958-ec24-4190-90a2-8f41139170d9: Stopped
2023-08-25 08:53:32,120 [ReplicationMonitor] INFO  replication.ReplicationManager (ReplicationManager.java:processAll(389)) - Replication Monitor Thread took 1 milliseconds for processing 1 containers.
2023-08-25 08:53:32,197 [6a511105-798d-4035-a071-a904e0472807-impl-thread2] INFO  segmented.SegmentedRaftLogWorker (SegmentedRaftLogWorker.java:close(252)) - 6a511105-798d-4035-a071-a904e0472807@group-2D44117002FF-SegmentedRaftLogWorker close()
2023-08-25 08:53:32,199 [JvmPauseMonitor25] INFO  util.JvmPauseMonitor (JvmPauseMonitor.java:run(109)) - JvmPauseMonitor-6a511105-798d-4035-a071-a904e0472807: Stopped
2023-08-25 08:53:32,560 [BlockDeletingService#0] INFO  interfaces.ContainerDeletionChoosingPolicyTemplate (ContainerDeletionChoosingPolicyTemplate.java:chooseContainerForBlockDeletion(85)) - Chosen 0/5000 blocks from 0 candidate containers.
2023-08-25 08:53:33,121 [ReplicationMonitor] INFO  replication.ReplicationManager (ReplicationManager.java:processAll(389)) - Replication Monitor Thread took 1 milliseconds for processing 1 containers.
2023-08-25 08:53:33,198 [BlockDeletingService#0] INFO  interfaces.ContainerDeletionChoosingPolicyTemplate (ContainerDeletionChoosingPolicyTemplate.java:chooseContainerForBlockDeletion(85)) - Chosen 0/5000 blocks from 0 candidate containers.
2023-08-25 08:53:33,485 [EventQueue-StaleNodeForStaleNodeHandler] INFO  node.StaleNodeHandler (StaleNodeHandler.java:onMessage(58)) - Datanode e10cda8e-4bea-44c9-8078-2ce611a3a813(fv-az584-689.msjcyvhqqs1uvpg4fm53wptgqc.jx.internal.cloudapp.net/10.1.0.19) moved to stale state. Finalizing its pipelines [PipelineID=52b5d8d5-d7e5-4211-9798-079bc75eb87a]
2023-08-25 08:53:33,486 [EventQueue-StaleNodeForStaleNodeHandler] INFO  pipeline.PipelineManagerImpl (PipelineManagerImpl.java:closePipeline(529)) - Pipeline Pipeline[ Id: 52b5d8d5-d7e5-4211-9798-079bc75eb87a, Nodes: e10cda8e-4bea-44c9-8078-2ce611a3a813(fv-az584-689.msjcyvhqqs1uvpg4fm53wptgqc.jx.internal.cloudapp.net/10.1.0.19), ReplicationConfig: RATIS/ONE, State:OPEN, leaderId:e10cda8e-4bea-44c9-8078-2ce611a3a813, CreationTimestamp2023-08-25T08:52:34.480Z[Etc/UTC]] moved to CLOSED state
2023-08-25 08:53:33,539 [BlockDeletingService#0] INFO  interfaces.ContainerDeletionChoosingPolicyTemplate (ContainerDeletionChoosingPolicyTemplate.java:chooseContainerForBlockDeletion(85)) - Chosen 0/5000 blocks from 0 candidate containers.
2023-08-25 08:53:33,585 [EventQueue-StaleNodeForStaleNodeHandler] INFO  node.StaleNodeHandler (StaleNodeHandler.java:onMessage(58)) - Datanode 42538958-ec24-4190-90a2-8f41139170d9(fv-az584-689.msjcyvhqqs1uvpg4fm53wptgqc.jx.internal.cloudapp.net/10.1.0.19) moved to stale state. Finalizing its pipelines [PipelineID=ec9842dc-312d-40a7-9636-55e01454e505]
2023-08-25 08:53:33,586 [EventQueue-StaleNodeForStaleNodeHandler] INFO  pipeline.PipelineManagerImpl (PipelineManagerImpl.java:closePipeline(529)) - Pipeline Pipeline[ Id: ec9842dc-312d-40a7-9636-55e01454e505, Nodes: 42538958-ec24-4190-90a2-8f41139170d9(fv-az584-689.msjcyvhqqs1uvpg4fm53wptgqc.jx.internal.cloudapp.net/10.1.0.19), ReplicationConfig: RATIS/ONE, State:OPEN, leaderId:42538958-ec24-4190-90a2-8f41139170d9, CreationTimestamp2023-08-25T08:52:35.769Z[Etc/UTC]] moved to CLOSED state
2023-08-25 08:53:33,618 [ForkJoinPool.commonPool-worker-1] INFO  utils.DatanodeStoreCache (DatanodeStoreCache.java:shutdownCache(110)) - Skip clearing cache in mini cluster mode. Entries left: [/home/runner/work/ozone/ozone/hadoop-ozone/integration-test/target/test-dir/MiniOzoneClusterImpl-ea041547-065d-47c9-8c6f-7cbf64d7cdf8/datanode-0/data-0/containers/hdds/ea041547-065d-47c9-8c6f-7cbf64d7cdf8/DS-f1138aac-37f8-4146-91e9-37fada8129e2/container.db, /home/runner/work/ozone/ozone/hadoop-ozone/integration-test/target/test-dir/MiniOzoneClusterImpl-ea041547-065d-47c9-8c6f-7cbf64d7cdf8/datanode-2/data-0/containers/hdds/ea041547-065d-47c9-8c6f-7cbf64d7cdf8/DS-252ccf83-a0cd-41c9-9600-9022694a7342/container.db, /home/runner/work/ozone/ozone/hadoop-ozone/integration-test/target/test-dir/MiniOzoneClusterImpl-ea041547-065d-47c9-8c6f-7cbf64d7cdf8/datanode-3/data-0/containers/hdds/ea041547-065d-47c9-8c6f-7cbf64d7cdf8/DS-7a87b2f1-3685-4833-82bc-5ab1e00966ea/container.db, /home/runner/work/ozone/ozone/hadoop-ozone/integration-test/target/test-dir/MiniOzoneClusterImpl-ea041547-065d-47c9-8c6f-7cbf64d7cdf8/datanode-4/data-0/containers/hdds/ea041547-065d-47c9-8c6f-7cbf64d7cdf8/DS-3b11b2d9-5901-4bc5-ba65-649978bc326e/container.db]
2023-08-25 08:53:33,627 [ForkJoinPool.commonPool-worker-1] INFO  utils.DatanodeStoreCache (DatanodeStoreCache.java:removeDB(104)) - Removed db /home/runner/work/ozone/ozone/hadoop-ozone/integration-test/target/test-dir/MiniOzoneClusterImpl-ea041547-065d-47c9-8c6f-7cbf64d7cdf8/datanode-3/data-0/containers/hdds/ea041547-065d-47c9-8c6f-7cbf64d7cdf8/DS-7a87b2f1-3685-4833-82bc-5ab1e00966ea/container.db from cache
2023-08-25 08:53:33,627 [ForkJoinPool.commonPool-worker-1] INFO  volume.HddsVolume (HddsVolume.java:closeDbStore(453)) - SchemaV3 db is stopped at /home/runner/work/ozone/ozone/hadoop-ozone/integration-test/target/test-dir/MiniOzoneClusterImpl-ea041547-065d-47c9-8c6f-7cbf64d7cdf8/datanode-3/data-0/containers/hdds/ea041547-065d-47c9-8c6f-7cbf64d7cdf8/DS-7a87b2f1-3685-4833-82bc-5ab1e00966ea/container.db for volume DS-7a87b2f1-3685-4833-82bc-5ab1e00966ea
2023-08-25 08:53:33,628 [ForkJoinPool.commonPool-worker-1] INFO  utils.BackgroundService (BackgroundService.java:shutdown(141)) - Shutting down service BlockDeletingService
2023-08-25 08:53:33,629 [ForkJoinPool.commonPool-worker-1] INFO  utils.BackgroundService (BackgroundService.java:shutdown(141)) - Shutting down service StaleRecoveringContainerScrubbingService
2023-08-25 08:53:33,630 [ForkJoinPool.commonPool-worker-1] INFO  statemachine.DatanodeStateMachine (DatanodeStateMachine.java:stopDaemon(620)) - Ozone container server stopped.
2023-08-25 08:53:33,641 [ForkJoinPool.commonPool-worker-3] INFO  utils.DatanodeStoreCache (DatanodeStoreCache.java:shutdownCache(110)) - Skip clearing cache in mini cluster mode. Entries left: [/home/runner/work/ozone/ozone/hadoop-ozone/integration-test/target/test-dir/MiniOzoneClusterImpl-ea041547-065d-47c9-8c6f-7cbf64d7cdf8/datanode-0/data-0/containers/hdds/ea041547-065d-47c9-8c6f-7cbf64d7cdf8/DS-f1138aac-37f8-4146-91e9-37fada8129e2/container.db, /home/runner/work/ozone/ozone/hadoop-ozone/integration-test/target/test-dir/MiniOzoneClusterImpl-ea041547-065d-47c9-8c6f-7cbf64d7cdf8/datanode-2/data-0/containers/hdds/ea041547-065d-47c9-8c6f-7cbf64d7cdf8/DS-252ccf83-a0cd-41c9-9600-9022694a7342/container.db, /home/runner/work/ozone/ozone/hadoop-ozone/integration-test/target/test-dir/MiniOzoneClusterImpl-ea041547-065d-47c9-8c6f-7cbf64d7cdf8/datanode-4/data-0/containers/hdds/ea041547-065d-47c9-8c6f-7cbf64d7cdf8/DS-3b11b2d9-5901-4bc5-ba65-649978bc326e/container.db]
2023-08-25 08:53:33,644 [ForkJoinPool.commonPool-worker-3] INFO  utils.DatanodeStoreCache (DatanodeStoreCache.java:removeDB(104)) - Removed db /home/runner/work/ozone/ozone/hadoop-ozone/integration-test/target/test-dir/MiniOzoneClusterImpl-ea041547-065d-47c9-8c6f-7cbf64d7cdf8/datanode-0/data-0/containers/hdds/ea041547-065d-47c9-8c6f-7cbf64d7cdf8/DS-f1138aac-37f8-4146-91e9-37fada8129e2/container.db from cache
2023-08-25 08:53:33,644 [ForkJoinPool.commonPool-worker-3] INFO  volume.HddsVolume (HddsVolume.java:closeDbStore(453)) - SchemaV3 db is stopped at /home/runner/work/ozone/ozone/hadoop-ozone/integration-test/target/test-dir/MiniOzoneClusterImpl-ea041547-065d-47c9-8c6f-7cbf64d7cdf8/datanode-0/data-0/containers/hdds/ea041547-065d-47c9-8c6f-7cbf64d7cdf8/DS-f1138aac-37f8-4146-91e9-37fada8129e2/container.db for volume DS-f1138aac-37f8-4146-91e9-37fada8129e2
2023-08-25 08:53:33,644 [ForkJoinPool.commonPool-worker-3] INFO  utils.BackgroundService (BackgroundService.java:shutdown(141)) - Shutting down service BlockDeletingService
2023-08-25 08:53:33,645 [ForkJoinPool.commonPool-worker-3] INFO  utils.BackgroundService (BackgroundService.java:shutdown(141)) - Shutting down service StaleRecoveringContainerScrubbingService
2023-08-25 08:53:33,645 [ForkJoinPool.commonPool-worker-3] INFO  statemachine.DatanodeStateMachine (DatanodeStateMachine.java:stopDaemon(620)) - Ozone container server stopped.
2023-08-25 08:53:33,652 [ForkJoinPool.commonPool-worker-1] INFO  handler.ContextHandler (ContextHandler.java:doStop(1159)) - Stopped o.e.j.w.WebAppContext@709a5a2{hddsDatanode,/,null,STOPPED}{jar:file:/home/runner/.m2/repository/org/apache/ozone/hdds-container-service/1.4.0-SNAPSHOT/hdds-container-service-1.4.0-SNAPSHOT.jar!/webapps/hddsDatanode}
2023-08-25 08:53:33,653 [ForkJoinPool.commonPool-worker-1] INFO  server.AbstractConnector (AbstractConnector.java:doStop(383)) - Stopped ServerConnector@4a1c5704{HTTP/1.1, (http/1.1)}{0.0.0.0:15195}
2023-08-25 08:53:33,653 [ForkJoinPool.commonPool-worker-1] INFO  server.session (HouseKeeper.java:stopScavenging(149)) - node0 Stopped scavenging
2023-08-25 08:53:33,654 [ForkJoinPool.commonPool-worker-1] INFO  handler.ContextHandler (ContextHandler.java:doStop(1159)) - Stopped o.e.j.s.ServletContextHandler@283fccd8{static,/static,jar:file:/home/runner/.m2/repository/org/apache/ozone/hdds-container-service/1.4.0-SNAPSHOT/hdds-container-service-1.4.0-SNAPSHOT.jar!/webapps/static,STOPPED}
2023-08-25 08:53:33,655 [ForkJoinPool.commonPool-worker-1] INFO  handler.ContextHandler (ContextHandler.java:doStop(1159)) - Stopped o.e.j.s.ServletContextHandler@727ef042{logs,/logs,file:///home/runner/work/ozone/ozone/hadoop-ozone/integration-test/target/log,STOPPED}
2023-08-25 08:53:33,657 [ForkJoinPool.commonPool-worker-1] INFO  ozone.HddsDatanodeClientProtocolServer (HddsDatanodeClientProtocolServer.java:stop(78)) - Stopping the RPC server for Client Protocol
2023-08-25 08:53:33,657 [ForkJoinPool.commonPool-worker-1] INFO  ipc.Server (Server.java:stop(3523)) - Stopping server on 15196
2023-08-25 08:53:33,658 [IPC Server listener on 15196] INFO  ipc.Server (Server.java:run(1434)) - Stopping IPC Server listener on 15196
2023-08-25 08:53:33,658 [IPC Server Responder] INFO  ipc.Server (Server.java:run(1567)) - Stopping IPC Server Responder
2023-08-25 08:53:33,662 [ForkJoinPool.commonPool-worker-3] INFO  handler.ContextHandler (ContextHandler.java:doStop(1159)) - Stopped o.e.j.w.WebAppContext@67e961a3{hddsDatanode,/,null,STOPPED}{jar:file:/home/runner/.m2/repository/org/apache/ozone/hdds-container-service/1.4.0-SNAPSHOT/hdds-container-service-1.4.0-SNAPSHOT.jar!/webapps/hddsDatanode}
2023-08-25 08:53:33,662 [ForkJoinPool.commonPool-worker-3] INFO  server.AbstractConnector (AbstractConnector.java:doStop(383)) - Stopped ServerConnector@1903635{HTTP/1.1, (http/1.1)}{0.0.0.0:15168}
2023-08-25 08:53:33,662 [ForkJoinPool.commonPool-worker-3] INFO  server.session (HouseKeeper.java:stopScavenging(149)) - node0 Stopped scavenging
2023-08-25 08:53:33,663 [ForkJoinPool.commonPool-worker-3] INFO  handler.ContextHandler (ContextHandler.java:doStop(1159)) - Stopped o.e.j.s.ServletContextHandler@20f31418{static,/static,jar:file:/home/runner/.m2/repository/org/apache/ozone/hdds-container-service/1.4.0-SNAPSHOT/hdds-container-service-1.4.0-SNAPSHOT.jar!/webapps/static,STOPPED}
2023-08-25 08:53:33,663 [ForkJoinPool.commonPool-worker-3] INFO  handler.ContextHandler (ContextHandler.java:doStop(1159)) - Stopped o.e.j.s.ServletContextHandler@57b2d050{logs,/logs,file:///home/runner/work/ozone/ozone/hadoop-ozone/integration-test/target/log,STOPPED}
2023-08-25 08:53:33,664 [ForkJoinPool.commonPool-worker-3] INFO  ozone.HddsDatanodeClientProtocolServer (HddsDatanodeClientProtocolServer.java:stop(78)) - Stopping the RPC server for Client Protocol
2023-08-25 08:53:33,667 [ForkJoinPool.commonPool-worker-3] INFO  ipc.Server (Server.java:stop(3523)) - Stopping server on 15169
2023-08-25 08:53:33,668 [IPC Server listener on 15169] INFO  ipc.Server (Server.java:run(1434)) - Stopping IPC Server listener on 15169
2023-08-25 08:53:33,668 [IPC Server Responder] INFO  ipc.Server (Server.java:run(1567)) - Stopping IPC Server Responder
2023-08-25 08:53:33,686 [EventQueue-StaleNodeForStaleNodeHandler] INFO  node.StaleNodeHandler (StaleNodeHandler.java:onMessage(58)) - Datanode a412d968-2fe0-4f2a-9779-093f65c8ed8d(fv-az584-689.msjcyvhqqs1uvpg4fm53wptgqc.jx.internal.cloudapp.net/10.1.0.19) moved to stale state. Finalizing its pipelines [PipelineID=5459a3e5-782b-4c3d-8190-dffc87af8c54]
2023-08-25 08:53:33,686 [EventQueue-StaleNodeForStaleNodeHandler] INFO  pipeline.PipelineManagerImpl (PipelineManagerImpl.java:closePipeline(529)) - Pipeline Pipeline[ Id: 5459a3e5-782b-4c3d-8190-dffc87af8c54, Nodes: a412d968-2fe0-4f2a-9779-093f65c8ed8d(fv-az584-689.msjcyvhqqs1uvpg4fm53wptgqc.jx.internal.cloudapp.net/10.1.0.19), ReplicationConfig: RATIS/ONE, State:OPEN, leaderId:a412d968-2fe0-4f2a-9779-093f65c8ed8d, CreationTimestamp2023-08-25T08:52:35.466Z[Etc/UTC]] moved to CLOSED state
2023-08-25 08:53:33,829 [BlockDeletingService#0] INFO  interfaces.ContainerDeletionChoosingPolicyTemplate (ContainerDeletionChoosingPolicyTemplate.java:chooseContainerForBlockDeletion(85)) - Chosen 0/5000 blocks from 0 candidate containers.
2023-08-25 08:53:33,829 [ForkJoinPool.commonPool-worker-0] INFO  utils.DatanodeStoreCache (DatanodeStoreCache.java:shutdownCache(110)) - Skip clearing cache in mini cluster mode. Entries left: [/home/runner/work/ozone/ozone/hadoop-ozone/integration-test/target/test-dir/MiniOzoneClusterImpl-ea041547-065d-47c9-8c6f-7cbf64d7cdf8/datanode-2/data-0/containers/hdds/ea041547-065d-47c9-8c6f-7cbf64d7cdf8/DS-252ccf83-a0cd-41c9-9600-9022694a7342/container.db, /home/runner/work/ozone/ozone/hadoop-ozone/integration-test/target/test-dir/MiniOzoneClusterImpl-ea041547-065d-47c9-8c6f-7cbf64d7cdf8/datanode-4/data-0/containers/hdds/ea041547-065d-47c9-8c6f-7cbf64d7cdf8/DS-3b11b2d9-5901-4bc5-ba65-649978bc326e/container.db]
2023-08-25 08:53:33,832 [ForkJoinPool.commonPool-worker-0] INFO  utils.DatanodeStoreCache (DatanodeStoreCache.java:removeDB(104)) - Removed db /home/runner/work/ozone/ozone/hadoop-ozone/integration-test/target/test-dir/MiniOzoneClusterImpl-ea041547-065d-47c9-8c6f-7cbf64d7cdf8/datanode-4/data-0/containers/hdds/ea041547-065d-47c9-8c6f-7cbf64d7cdf8/DS-3b11b2d9-5901-4bc5-ba65-649978bc326e/container.db from cache
2023-08-25 08:53:33,832 [ForkJoinPool.commonPool-worker-0] INFO  volume.HddsVolume (HddsVolume.java:closeDbStore(453)) - SchemaV3 db is stopped at /home/runner/work/ozone/ozone/hadoop-ozone/integration-test/target/test-dir/MiniOzoneClusterImpl-ea041547-065d-47c9-8c6f-7cbf64d7cdf8/datanode-4/data-0/containers/hdds/ea041547-065d-47c9-8c6f-7cbf64d7cdf8/DS-3b11b2d9-5901-4bc5-ba65-649978bc326e/container.db for volume DS-3b11b2d9-5901-4bc5-ba65-649978bc326e
2023-08-25 08:53:33,832 [ForkJoinPool.commonPool-worker-0] INFO  utils.BackgroundService (BackgroundService.java:shutdown(141)) - Shutting down service BlockDeletingService
2023-08-25 08:53:33,833 [ForkJoinPool.commonPool-worker-0] INFO  utils.BackgroundService (BackgroundService.java:shutdown(141)) - Shutting down service StaleRecoveringContainerScrubbingService
2023-08-25 08:53:33,835 [ForkJoinPool.commonPool-worker-0] INFO  statemachine.DatanodeStateMachine (DatanodeStateMachine.java:stopDaemon(620)) - Ozone container server stopped.
2023-08-25 08:53:33,849 [ForkJoinPool.commonPool-worker-0] INFO  handler.ContextHandler (ContextHandler.java:doStop(1159)) - Stopped o.e.j.w.WebAppContext@158b62b0{hddsDatanode,/,null,STOPPED}{jar:file:/home/runner/.m2/repository/org/apache/ozone/hdds-container-service/1.4.0-SNAPSHOT/hdds-container-service-1.4.0-SNAPSHOT.jar!/webapps/hddsDatanode}
2023-08-25 08:53:33,850 [ForkJoinPool.commonPool-worker-0] INFO  server.AbstractConnector (AbstractConnector.java:doStop(383)) - Stopped ServerConnector@6b18e2fa{HTTP/1.1, (http/1.1)}{0.0.0.0:15204}
2023-08-25 08:53:33,850 [ForkJoinPool.commonPool-worker-0] INFO  server.session (HouseKeeper.java:stopScavenging(149)) - node0 Stopped scavenging
2023-08-25 08:53:33,850 [ForkJoinPool.commonPool-worker-0] INFO  handler.ContextHandler (ContextHandler.java:doStop(1159)) - Stopped o.e.j.s.ServletContextHandler@4b23fd4a{static,/static,jar:file:/home/runner/.m2/repository/org/apache/ozone/hdds-container-service/1.4.0-SNAPSHOT/hdds-container-service-1.4.0-SNAPSHOT.jar!/webapps/static,STOPPED}
2023-08-25 08:53:33,851 [ForkJoinPool.commonPool-worker-0] INFO  handler.ContextHandler (ContextHandler.java:doStop(1159)) - Stopped o.e.j.s.ServletContextHandler@767437ac{logs,/logs,file:///home/runner/work/ozone/ozone/hadoop-ozone/integration-test/target/log,STOPPED}
2023-08-25 08:53:33,852 [ForkJoinPool.commonPool-worker-0] INFO  ozone.HddsDatanodeClientProtocolServer (HddsDatanodeClientProtocolServer.java:stop(78)) - Stopping the RPC server for Client Protocol
2023-08-25 08:53:33,852 [ForkJoinPool.commonPool-worker-0] INFO  ipc.Server (Server.java:stop(3523)) - Stopping server on 15205
2023-08-25 08:53:33,853 [IPC Server listener on 15205] INFO  ipc.Server (Server.java:run(1434)) - Stopping IPC Server listener on 15205
2023-08-25 08:53:33,853 [IPC Server Responder] INFO  ipc.Server (Server.java:run(1567)) - Stopping IPC Server Responder
2023-08-25 08:53:34,121 [ReplicationMonitor] INFO  replication.ReplicationManager (ReplicationManager.java:processAll(389)) - Replication Monitor Thread took 0 milliseconds for processing 1 containers.
2023-08-25 08:53:34,203 [Time-limited test] INFO  utils.DatanodeStoreCache (DatanodeStoreCache.java:shutdownCache(110)) - Skip clearing cache in mini cluster mode. Entries left: [/home/runner/work/ozone/ozone/hadoop-ozone/integration-test/target/test-dir/MiniOzoneClusterImpl-ea041547-065d-47c9-8c6f-7cbf64d7cdf8/datanode-2/data-0/containers/hdds/ea041547-065d-47c9-8c6f-7cbf64d7cdf8/DS-252ccf83-a0cd-41c9-9600-9022694a7342/container.db]
2023-08-25 08:53:34,204 [Time-limited test] INFO  utils.DatanodeStoreCache (DatanodeStoreCache.java:removeDB(104)) - Removed db /home/runner/work/ozone/ozone/hadoop-ozone/integration-test/target/test-dir/MiniOzoneClusterImpl-ea041547-065d-47c9-8c6f-7cbf64d7cdf8/datanode-2/data-0/containers/hdds/ea041547-065d-47c9-8c6f-7cbf64d7cdf8/DS-252ccf83-a0cd-41c9-9600-9022694a7342/container.db from cache
2023-08-25 08:53:34,205 [Time-limited test] INFO  volume.HddsVolume (HddsVolume.java:closeDbStore(453)) - SchemaV3 db is stopped at /home/runner/work/ozone/ozone/hadoop-ozone/integration-test/target/test-dir/MiniOzoneClusterImpl-ea041547-065d-47c9-8c6f-7cbf64d7cdf8/datanode-2/data-0/containers/hdds/ea041547-065d-47c9-8c6f-7cbf64d7cdf8/DS-252ccf83-a0cd-41c9-9600-9022694a7342/container.db for volume DS-252ccf83-a0cd-41c9-9600-9022694a7342
2023-08-25 08:53:34,205 [Time-limited test] INFO  utils.BackgroundService (BackgroundService.java:shutdown(141)) - Shutting down service BlockDeletingService
2023-08-25 08:53:34,206 [Time-limited test] INFO  utils.BackgroundService (BackgroundService.java:shutdown(141)) - Shutting down service StaleRecoveringContainerScrubbingService
2023-08-25 08:53:34,207 [Time-limited test] INFO  statemachine.DatanodeStateMachine (DatanodeStateMachine.java:stopDaemon(620)) - Ozone container server stopped.
2023-08-25 08:53:34,218 [Time-limited test] INFO  handler.ContextHandler (ContextHandler.java:doStop(1159)) - Stopped o.e.j.w.WebAppContext@3bfc4195{hddsDatanode,/,null,STOPPED}{jar:file:/home/runner/.m2/repository/org/apache/ozone/hdds-container-service/1.4.0-SNAPSHOT/hdds-container-service-1.4.0-SNAPSHOT.jar!/webapps/hddsDatanode}
2023-08-25 08:53:34,218 [Time-limited test] INFO  server.AbstractConnector (AbstractConnector.java:doStop(383)) - Stopped ServerConnector@10cb37fe{HTTP/1.1, (http/1.1)}{0.0.0.0:15186}
2023-08-25 08:53:34,218 [Time-limited test] INFO  server.session (HouseKeeper.java:stopScavenging(149)) - node0 Stopped scavenging
2023-08-25 08:53:34,218 [Time-limited test] INFO  handler.ContextHandler (ContextHandler.java:doStop(1159)) - Stopped o.e.j.s.ServletContextHandler@6de8ad74{static,/static,jar:file:/home/runner/.m2/repository/org/apache/ozone/hdds-container-service/1.4.0-SNAPSHOT/hdds-container-service-1.4.0-SNAPSHOT.jar!/webapps/static,STOPPED}
2023-08-25 08:53:34,218 [Time-limited test] INFO  handler.ContextHandler (ContextHandler.java:doStop(1159)) - Stopped o.e.j.s.ServletContextHandler@5ba7c55d{logs,/logs,file:///home/runner/work/ozone/ozone/hadoop-ozone/integration-test/target/log,STOPPED}
2023-08-25 08:53:34,219 [Time-limited test] INFO  ozone.HddsDatanodeClientProtocolServer (HddsDatanodeClientProtocolServer.java:stop(78)) - Stopping the RPC server for Client Protocol
2023-08-25 08:53:34,219 [Time-limited test] INFO  ipc.Server (Server.java:stop(3523)) - Stopping server on 15187
2023-08-25 08:53:34,219 [IPC Server listener on 15187] INFO  ipc.Server (Server.java:run(1434)) - Stopping IPC Server listener on 15187
2023-08-25 08:53:34,220 [IPC Server Responder] INFO  ipc.Server (Server.java:run(1567)) - Stopping IPC Server Responder
2023-08-25 08:53:34,221 [Time-limited test] INFO  ozone.MiniOzoneClusterImpl (MiniOzoneClusterImpl.java:stopSCM(543)) - Stopping the StorageContainerManager
2023-08-25 08:53:34,221 [Time-limited test] INFO  server.StorageContainerManager (StorageContainerManager.java:stop(1591)) - Container Balancer is not running.
2023-08-25 08:53:34,223 [Time-limited test] INFO  server.StorageContainerManager (StorageContainerManager.java:stopReplicationManager(1724)) - Stopping Replication Manager Service.
2023-08-25 08:53:34,223 [Time-limited test] INFO  replication.ReplicationManager (ReplicationManager.java:stop(319)) - Stopping Replication Monitor Thread.
2023-08-25 08:53:34,223 [Time-limited test] INFO  server.StorageContainerManager (StorageContainerManager.java:stop(1600)) - Stopping the Datanode Admin Monitor.
2023-08-25 08:53:34,223 [Under Replicated Processor] WARN  replication.UnhealthyReplicationProcessor (UnhealthyReplicationProcessor.java:run(180)) - Under Replicated Processor interrupted. Exiting...
2023-08-25 08:53:34,223 [Time-limited test] INFO  server.StorageContainerManager (StorageContainerManager.java:stop(1607)) - Stopping datanode service RPC server
2023-08-25 08:53:34,223 [Time-limited test] INFO  server.SCMDatanodeProtocolServer (SCMDatanodeProtocolServer.java:stop(424)) - Stopping the RPC server for DataNodes
2023-08-25 08:53:34,223 [Time-limited test] INFO  ipc.Server (Server.java:stop(3523)) - Stopping server on 15161
2023-08-25 08:53:34,223 [ReplicationMonitor] INFO  replication.ReplicationManager (ReplicationManager.java:run(917)) - Replication Monitor Thread is stopped
2023-08-25 08:53:34,224 [Over Replicated Processor] WARN  replication.UnhealthyReplicationProcessor (UnhealthyReplicationProcessor.java:run(180)) - Over Replicated Processor interrupted. Exiting...
2023-08-25 08:53:34,224 [IPC Server listener on 15161] INFO  ipc.Server (Server.java:run(1434)) - Stopping IPC Server listener on 15161
2023-08-25 08:53:34,227 [IPC Server Responder] INFO  ipc.Server (Server.java:run(1567)) - Stopping IPC Server Responder
2023-08-25 08:53:34,286 [SCM Heartbeat Processing Thread - 0] WARN  node.NodeStateManager (NodeStateManager.java:scheduleNextHealthCheck(874)) - Current Thread is interrupted, shutting down HB processing thread for Node Manager.
2023-08-25 08:53:34,286 [EventQueue-StaleNodeForStaleNodeHandler] INFO  node.StaleNodeHandler (StaleNodeHandler.java:onMessage(58)) - Datanode 6a511105-798d-4035-a071-a904e0472807(fv-az584-689.msjcyvhqqs1uvpg4fm53wptgqc.jx.internal.cloudapp.net/10.1.0.19) moved to stale state. Finalizing its pipelines [PipelineID=79902cb1-3d2d-4179-8d83-2d44117002ff]
2023-08-25 08:53:34,287 [EventQueue-StaleNodeForStaleNodeHandler] INFO  pipeline.PipelineManagerImpl (PipelineManagerImpl.java:closePipeline(529)) - Pipeline Pipeline[ Id: 79902cb1-3d2d-4179-8d83-2d44117002ff, Nodes: 6a511105-798d-4035-a071-a904e0472807(fv-az584-689.msjcyvhqqs1uvpg4fm53wptgqc.jx.internal.cloudapp.net/10.1.0.19), ReplicationConfig: RATIS/ONE, State:OPEN, leaderId:6a511105-798d-4035-a071-a904e0472807, CreationTimestamp2023-08-25T08:52:35.140Z[Etc/UTC]] moved to CLOSED state
2023-08-25 08:53:34,290 [Time-limited test] INFO  server.StorageContainerManager (StorageContainerManager.java:stop(1615)) - Stopping block service RPC server
2023-08-25 08:53:34,290 [Time-limited test] INFO  server.SCMBlockProtocolServer (SCMBlockProtocolServer.java:stop(161)) - Stopping the RPC server for Block Protocol
2023-08-25 08:53:34,290 [Time-limited test] INFO  ipc.Server (Server.java:stop(3523)) - Stopping server on 15160
2023-08-25 08:53:34,293 [IPC Server Responder] INFO  ipc.Server (Server.java:run(1567)) - Stopping IPC Server Responder
2023-08-25 08:53:34,293 [IPC Server listener on 15160] INFO  ipc.Server (Server.java:run(1434)) - Stopping IPC Server listener on 15160
2023-08-25 08:53:34,293 [Time-limited test] INFO  server.StorageContainerManager (StorageContainerManager.java:stop(1622)) - Stopping the StorageContainerLocationProtocol RPC server
2023-08-25 08:53:34,293 [Time-limited test] INFO  server.SCMClientProtocolServer (SCMClientProtocolServer.java:stop(210)) - Stopping the RPC server for Client Protocol
2023-08-25 08:53:34,293 [Time-limited test] INFO  ipc.Server (Server.java:stop(3523)) - Stopping server on 15159
2023-08-25 08:53:34,296 [IPC Server Responder] INFO  ipc.Server (Server.java:run(1567)) - Stopping IPC Server Responder
2023-08-25 08:53:34,296 [IPC Server listener on 15159] INFO  ipc.Server (Server.java:run(1434)) - Stopping IPC Server listener on 15159
2023-08-25 08:53:34,296 [Time-limited test] INFO  server.StorageContainerManager (StorageContainerManager.java:stop(1629)) - Stopping Storage Container Manager HTTP server.
2023-08-25 08:53:34,297 [Time-limited test] INFO  handler.ContextHandler (ContextHandler.java:doStop(1159)) - Stopped o.e.j.w.WebAppContext@4dba7f53{scm,/,null,STOPPED}{file:/home/runner/work/ozone/ozone/hadoop-ozone/integration-test/target/test-classes/webapps/scm}
2023-08-25 08:53:34,297 [Time-limited test] INFO  server.AbstractConnector (AbstractConnector.java:doStop(383)) - Stopped ServerConnector@2b401a82{HTTP/1.1, (http/1.1)}{0.0.0.0:15162}
2023-08-25 08:53:34,297 [Time-limited test] INFO  server.session (HouseKeeper.java:stopScavenging(149)) - node0 Stopped scavenging
2023-08-25 08:53:34,298 [Time-limited test] INFO  handler.ContextHandler (ContextHandler.java:doStop(1159)) - Stopped o.e.j.s.ServletContextHandler@1a4ee51{static,/static,file:///home/runner/work/ozone/ozone/hadoop-ozone/integration-test/target/test-classes/webapps/static,STOPPED}
2023-08-25 08:53:34,298 [Time-limited test] INFO  handler.ContextHandler (ContextHandler.java:doStop(1159)) - Stopped o.e.j.s.ServletContextHandler@1317733b{logs,/logs,file:///home/runner/work/ozone/ozone/hadoop-ozone/integration-test/target/log,STOPPED}
2023-08-25 08:53:34,299 [Time-limited test] INFO  server.StorageContainerManager (StorageContainerManager.java:stop(1637)) - Stopping SCM LayoutVersionManager Service.
2023-08-25 08:53:34,299 [Time-limited test] INFO  server.StorageContainerManager (StorageContainerManager.java:stop(1649)) - Stopping Block Manager Service.
2023-08-25 08:53:34,299 [Time-limited test] INFO  utils.BackgroundService (BackgroundService.java:shutdown(141)) - Shutting down service SCMBlockDeletingService
2023-08-25 08:53:34,299 [Time-limited test] INFO  utils.BackgroundService (BackgroundService.java:shutdown(141)) - Shutting down service SCMBlockDeletingService
2023-08-25 08:53:34,299 [Time-limited test] INFO  server.StorageContainerManager (StorageContainerManager.java:stop(1669)) - Stopping SCM Event Queue.
2023-08-25 08:53:34,303 [JvmPauseMonitor21] INFO  util.JvmPauseMonitor (JvmPauseMonitor.java:run(109)) - JvmPauseMonitor-e651234c-628c-4aae-b3c8-31efa68a8f7a: Stopped
2023-08-25 08:53:34,303 [Time-limited test] INFO  server.StorageContainerManager (StorageContainerManager.java:stop(1680)) - Stopping SCM HA services.
2023-08-25 08:53:34,303 [Time-limited test] INFO  pipeline.BackgroundPipelineCreator (BackgroundPipelineCreator.java:stop(149)) - Stopping RatisPipelineUtilsThread.
2023-08-25 08:53:34,303 [RatisPipelineUtilsThread - 0] WARN  pipeline.BackgroundPipelineCreator (BackgroundPipelineCreator.java:run(180)) - RatisPipelineUtilsThread is interrupted.
2023-08-25 08:53:34,303 [Time-limited test] INFO  BackgroundPipelineScrubber (BackgroundSCMService.java:stop(131)) - Stopping BackgroundPipelineScrubber Service.
2023-08-25 08:53:34,303 [BackgroundPipelineScrubberThread] WARN  BackgroundPipelineScrubber (BackgroundSCMService.java:run(115)) - BackgroundPipelineScrubber is interrupted, exit
2023-08-25 08:53:34,303 [Time-limited test] INFO  impl.MetricsSystemImpl (MetricsSystemImpl.java:stop(210)) - Stopping HddsDatanode metrics system...
2023-08-25 08:53:34,304 [prometheus] INFO  impl.MetricsSinkAdapter (MetricsSinkAdapter.java:publishMetricsFromQueue(141)) - prometheus thread interrupted.
2023-08-25 08:53:34,305 [Time-limited test] INFO  impl.MetricsSystemImpl (MetricsSystemImpl.java:stop(216)) - HddsDatanode metrics system stopped.
2023-08-25 08:53:34,305 [Time-limited test] WARN  pipeline.BackgroundPipelineCreator (BackgroundPipelineCreator.java:stop(145)) - RatisPipelineUtilsThread is not running, just ignore.
2023-08-25 08:53:34,305 [Time-limited test] INFO  BackgroundPipelineScrubber (BackgroundSCMService.java:stop(126)) - BackgroundPipelineScrubber Service is not running, skip stop.
2023-08-25 08:53:34,305 [Time-limited test] INFO  ExpiredContainerReplicaOpScrubber (BackgroundSCMService.java:stop(131)) - Stopping ExpiredContainerReplicaOpScrubber Service.
2023-08-25 08:53:34,305 [ExpiredContainerReplicaOpScrubberThread] WARN  ExpiredContainerReplicaOpScrubber (BackgroundSCMService.java:run(115)) - ExpiredContainerReplicaOpScrubber is interrupted, exit
2023-08-25 08:53:34,305 [Time-limited test] INFO  utils.BackgroundService (BackgroundService.java:shutdown(141)) - Shutting down service SCMBlockDeletingService
2023-08-25 08:53:34,305 [Time-limited test] INFO  replication.ReplicationManager (ReplicationManager.java:stop(329)) - Replication Monitor Thread is not running.
2023-08-25 08:53:34,305 [Time-limited test] WARN  balancer.ContainerBalancer (ContainerBalancer.java:stop(326)) - Cannot stop Container Balancer because it's not running or stopping
2023-08-25 08:53:34,307 [Time-limited test] INFO  server.StorageContainerManager (StorageContainerManager.java:stop(1715)) - Stopping SCM MetadataStore.
]]></system-out>
  </testcase>
  <testcase name="testContainerReplication" classname="TestContainerReplication" time="37.381">
    <system-out><![CDATA[2023-08-25 08:54:06,852 [Time-limited test] WARN  server.ServerUtils (ServerUtils.java:getScmDbDir(155)) - ozone.scm.db.dirs is not configured. We recommend adding this setting. Falling back to ozone.metadata.dirs instead.
2023-08-25 08:54:06,856 [Time-limited test] WARN  server.ServerUtils (ServerUtils.java:getScmDbDir(155)) - ozone.scm.db.dirs is not configured. We recommend adding this setting. Falling back to ozone.metadata.dirs instead.
2023-08-25 08:54:06,856 [Time-limited test] INFO  ha.SCMHANodeDetails (SCMHANodeDetails.java:loadSCMHAConfig(210)) - ServiceID for StorageContainerManager is null
2023-08-25 08:54:06,856 [Time-limited test] INFO  ha.SCMHANodeDetails (SCMHANodeDetails.java:loadSCMHAConfig(215)) - ozone.scm.default.service.id is not defined, falling back to ozone.scm.service.ids to find serviceID for StorageContainerManager if it is HA enabled cluster
2023-08-25 08:54:06,857 [Time-limited test] WARN  utils.HAUtils (HAUtils.java:getMetaDir(339)) - ozone.scm.db.dirs is not configured. We recommend adding this setting. Falling back to ozone.metadata.dirs instead.
2023-08-25 08:54:06,857 [Time-limited test] WARN  db.DBStoreBuilder (DBStoreBuilder.java:applyDBDefinition(166)) - ozone.scm.db.dirs is not configured. We recommend adding this setting. Falling back to ozone.metadata.dirs instead.
2023-08-25 08:54:07,011 [Time-limited test] INFO  net.NodeSchemaLoader (NodeSchemaLoader.java:loadSchemaFromFile(129)) - Loading schema from [jar:file:/home/runner/.m2/repository/org/apache/ozone/hdds-common/1.4.0-SNAPSHOT/hdds-common-1.4.0-SNAPSHOT.jar!/network-topology-default.xml]
2023-08-25 08:54:07,012 [Time-limited test] INFO  net.NodeSchemaLoader (NodeSchemaLoader.java:loadSchema(176)) - Loading network topology layer schema file
2023-08-25 08:54:07,017 [Time-limited test] INFO  upgrade.AbstractLayoutVersionManager (AbstractLayoutVersionManager.java:init(83)) - Initializing Layout version manager with metadata layout = HADOOP_PRC_PORTS_IN_DATANODEDETAILS (version = 7), software layout = HADOOP_PRC_PORTS_IN_DATANODEDETAILS (version = 7)
2023-08-25 08:54:07,018 [Time-limited test] INFO  ha.SequenceIdGenerator (SequenceIdGenerator.java:upgradeToSequenceId(365)) - upgrade localId to 111677748019200000
2023-08-25 08:54:07,019 [Time-limited test] INFO  ha.SequenceIdGenerator (SequenceIdGenerator.java:upgradeToSequenceId(375)) - upgrade delTxnId to 0
2023-08-25 08:54:07,019 [Time-limited test] INFO  ha.SequenceIdGenerator (SequenceIdGenerator.java:upgradeToSequenceId(392)) - upgrade containerId to 0
2023-08-25 08:54:07,020 [Time-limited test] INFO  ha.SequenceIdGenerator (SequenceIdGenerator.java:upgradeToSequenceId(428)) - upgrade rootCertificateId to 1
2023-08-25 08:54:07,020 [Time-limited test] INFO  ha.SequenceIdGenerator (SequenceIdGenerator.java:<init>(236)) - Init the HA SequenceIdGenerator.
2023-08-25 08:54:07,021 [Time-limited test] INFO  node.SCMNodeManager (SCMNodeManager.java:<init>(157)) - Entering startup safe mode.
2023-08-25 08:54:07,021 [Time-limited test] INFO  algorithms.ContainerPlacementPolicyFactory (ContainerPlacementPolicyFactory.java:getPolicyInternal(86)) - Create container placement policy of type org.apache.hadoop.hdds.scm.container.placement.algorithms.SCMContainerPlacementRandom
2023-08-25 08:54:07,021 [Time-limited test] INFO  algorithms.ContainerPlacementPolicyFactory (ContainerPlacementPolicyFactory.java:getPolicyInternal(86)) - Create container placement policy of type org.apache.hadoop.hdds.scm.container.placement.algorithms.SCMContainerPlacementRackScatter
2023-08-25 08:54:07,021 [Time-limited test] INFO  pipeline.PipelineStateManagerImpl (PipelineStateManagerImpl.java:initialize(78)) - No pipeline exists in current db
2023-08-25 08:54:07,021 [Time-limited test] INFO  algorithms.LeaderChoosePolicyFactory (LeaderChoosePolicyFactory.java:getPolicy(57)) - Create leader choose policy of type org.apache.hadoop.hdds.scm.pipeline.leader.choose.algorithms.MinLeaderCountChoosePolicy
2023-08-25 08:54:07,021 [Time-limited test] INFO  algorithms.ContainerPlacementPolicyFactory (ContainerPlacementPolicyFactory.java:getPolicyInternal(86)) - Create container placement policy of type org.apache.hadoop.hdds.scm.container.placement.algorithms.SCMContainerPlacementRackScatter
2023-08-25 08:54:07,022 [Time-limited test] INFO  ha.SCMServiceManager (SCMServiceManager.java:register(42)) - Registering service BackgroundPipelineCreator.
2023-08-25 08:54:07,022 [Time-limited test] INFO  pipeline.BackgroundPipelineCreator (BackgroundPipelineCreator.java:start(124)) - Starting RatisPipelineUtilsThread.
2023-08-25 08:54:07,022 [Time-limited test] INFO  BackgroundPipelineScrubber (BackgroundSCMService.java:start(68)) - Starting BackgroundPipelineScrubber Service.
2023-08-25 08:54:07,022 [Time-limited test] INFO  ha.SCMServiceManager (SCMServiceManager.java:register(42)) - Registering service BackgroundPipelineScrubber.
2023-08-25 08:54:07,022 [Time-limited test] INFO  ExpiredContainerReplicaOpScrubber (BackgroundSCMService.java:start(68)) - Starting ExpiredContainerReplicaOpScrubber Service.
2023-08-25 08:54:07,023 [Time-limited test] INFO  ha.SCMServiceManager (SCMServiceManager.java:register(42)) - Registering service ExpiredContainerReplicaOpScrubber.
2023-08-25 08:54:07,023 [Time-limited test] INFO  algorithms.PipelineChoosePolicyFactory (PipelineChoosePolicyFactory.java:createPipelineChoosePolicyFromClass(78)) - Create pipeline choose policy of type org.apache.hadoop.hdds.scm.pipeline.choose.algorithms.RandomPipelineChoosePolicy
2023-08-25 08:54:07,023 [Time-limited test] INFO  algorithms.PipelineChoosePolicyFactory (PipelineChoosePolicyFactory.java:createPipelineChoosePolicyFromClass(78)) - Create pipeline choose policy of type org.apache.hadoop.hdds.scm.pipeline.choose.algorithms.RandomPipelineChoosePolicy
2023-08-25 08:54:07,024 [Time-limited test] INFO  ha.SCMServiceManager (SCMServiceManager.java:register(42)) - Registering service SCMBlockDeletingService.
2023-08-25 08:54:07,024 [Time-limited test] INFO  replication.ReplicationManager (ReplicationManager.java:start(287)) - Starting Replication Monitor Thread.
2023-08-25 08:54:07,029 [Time-limited test] INFO  ha.SCMServiceManager (SCMServiceManager.java:register(42)) - Registering service ReplicationManager.
2023-08-25 08:54:07,029 [Time-limited test] INFO  safemode.ContainerSafeModeRule (ContainerSafeModeRule.java:<init>(90)) - containers with one replica threshold count 0
2023-08-25 08:54:07,029 [Time-limited test] INFO  safemode.HealthyPipelineSafeModeRule (HealthyPipelineSafeModeRule.java:initializeRule(169)) - Total pipeline count is 0, healthy pipeline threshold count is 1
2023-08-25 08:54:07,029 [Time-limited test] INFO  safemode.OneReplicaPipelineSafeModeRule (OneReplicaPipelineSafeModeRule.java:initializeRule(180)) - Total pipeline count is 0, pipeline's with at least one datanode reported threshold count is 0
2023-08-25 08:54:07,029 [Time-limited test] INFO  server.StorageContainerManager (StorageContainerManager.java:<init>(425)) - SCM start with adminUsers: [runner]
2023-08-25 08:54:07,030 [Time-limited test] INFO  ipc.CallQueueManager (CallQueueManager.java:<init>(90)) - Using callQueue: class java.util.concurrent.LinkedBlockingQueue, queueCapacity: 2000, scheduler: class org.apache.hadoop.ipc.DefaultRpcScheduler, ipcBackoff: false.
2023-08-25 08:54:07,030 [Time-limited test] INFO  ipc.Server (Server.java:<init>(1287)) - Listener at 0.0.0.0:15267
2023-08-25 08:54:07,030 [Socket Reader #1 for port 15267] INFO  ipc.Server (Server.java:run(1323)) - Starting Socket Reader #1 for port 15267
2023-08-25 08:54:07,031 [Time-limited test] INFO  ipc.CallQueueManager (CallQueueManager.java:<init>(90)) - Using callQueue: class java.util.concurrent.LinkedBlockingQueue, queueCapacity: 2000, scheduler: class org.apache.hadoop.ipc.DefaultRpcScheduler, ipcBackoff: false.
2023-08-25 08:54:07,031 [Time-limited test] INFO  ipc.Server (Server.java:<init>(1287)) - Listener at 0.0.0.0:15266
2023-08-25 08:54:07,032 [Socket Reader #1 for port 15266] INFO  ipc.Server (Server.java:run(1323)) - Starting Socket Reader #1 for port 15266
2023-08-25 08:54:07,037 [ReplicationMonitor] INFO  replication.ReplicationManager (ReplicationManager.java:processAll(361)) - Replication Manager is not ready to run until 3000ms after safemode exit
2023-08-25 08:54:07,040 [Time-limited test] INFO  ipc.CallQueueManager (CallQueueManager.java:<init>(90)) - Using callQueue: class java.util.concurrent.LinkedBlockingQueue, queueCapacity: 2000, scheduler: class org.apache.hadoop.ipc.DefaultRpcScheduler, ipcBackoff: false.
2023-08-25 08:54:07,040 [Time-limited test] INFO  ipc.Server (Server.java:<init>(1287)) - Listener at 0.0.0.0:15265
2023-08-25 08:54:07,041 [Socket Reader #1 for port 15265] INFO  ipc.Server (Server.java:run(1323)) - Starting Socket Reader #1 for port 15265
2023-08-25 08:54:07,049 [Time-limited test] INFO  ha.SCMServiceManager (SCMServiceManager.java:register(42)) - Registering service ContainerBalancer.
2023-08-25 08:54:07,049 [Time-limited test] INFO  server.StorageContainerManager (StorageContainerManager.java:<init>(438)) - 
Container Balancer status:
Key                            Value
Running                        false
Container Balancer Configuration values:
Key                                                Value
Threshold                                          10
Max Datanodes to Involve per Iteration(percent)    20
Max Size to Move per Iteration                     500GB
Max Size Entering Target per Iteration             26GB
Max Size Leaving Source per Iteration              26GB

2023-08-25 08:54:07,049 [Time-limited test] INFO  ha.SCMContext (SCMContext.java:updateSafeModeStatus(228)) - Update SafeModeStatus from SafeModeStatus{safeModeStatus=true, preCheckPassed=false} to SafeModeStatus{safeModeStatus=true, preCheckPassed=false}.
2023-08-25 08:54:07,049 [Time-limited test] INFO  server.StorageContainerManager (StorageContainerManager.java:start(1483)) - StorageContainerLocationProtocol RPC server is listening at /0.0.0.0:15265
2023-08-25 08:54:07,051 [Time-limited test] WARN  impl.MetricsConfig (MetricsConfig.java:loadFirst(136)) - Cannot locate configuration: tried hadoop-metrics2-storagecontainermanager.properties,hadoop-metrics2.properties
2023-08-25 08:54:07,051 [Time-limited test] INFO  impl.MetricsSystemImpl (MetricsSystemImpl.java:startTimer(378)) - Scheduled Metric snapshot period at 10 second(s).
2023-08-25 08:54:07,051 [Time-limited test] INFO  impl.MetricsSystemImpl (MetricsSystemImpl.java:start(191)) - StorageContainerManager metrics system started
2023-08-25 08:54:07,060 [Time-limited test] INFO  impl.MetricsSinkAdapter (MetricsSinkAdapter.java:start(204)) - Sink prometheus started
2023-08-25 08:54:07,060 [Time-limited test] INFO  impl.MetricsSystemImpl (MetricsSystemImpl.java:registerSink(305)) - Registered sink prometheus
2023-08-25 08:54:07,074 [Time-limited test] INFO  server.SCMClientProtocolServer (SCMClientProtocolServer.java:start(201)) - RPC server for Client  is listening at /0.0.0.0:15265
2023-08-25 08:54:07,074 [IPC Server Responder] INFO  ipc.Server (Server.java:run(1562)) - IPC Server Responder: starting
2023-08-25 08:54:07,074 [IPC Server listener on 15265] INFO  ipc.Server (Server.java:run(1402)) - IPC Server listener on 15265: starting
2023-08-25 08:54:07,078 [Time-limited test] INFO  server.StorageContainerManager (StorageContainerManager.java:start(1496)) - ScmBlockLocationProtocol RPC server is listening at /0.0.0.0:15266
2023-08-25 08:54:07,078 [Time-limited test] INFO  server.SCMBlockProtocolServer (SCMBlockProtocolServer.java:start(152)) - RPC server for Block Protocol is listening at /0.0.0.0:15266
2023-08-25 08:54:07,078 [IPC Server Responder] INFO  ipc.Server (Server.java:run(1562)) - IPC Server Responder: starting
2023-08-25 08:54:07,079 [IPC Server listener on 15266] INFO  ipc.Server (Server.java:run(1402)) - IPC Server listener on 15266: starting
2023-08-25 08:54:07,080 [Time-limited test] INFO  server.SCMDatanodeProtocolServer (SCMDatanodeProtocolServer.java:start(193)) - ScmDatanodeProtocol RPC server for DataNodes is listening at /0.0.0.0:15267
2023-08-25 08:54:07,081 [IPC Server Responder] INFO  ipc.Server (Server.java:run(1562)) - IPC Server Responder: starting
2023-08-25 08:54:07,081 [IPC Server listener on 15267] INFO  ipc.Server (Server.java:run(1402)) - IPC Server listener on 15267: starting
2023-08-25 08:54:07,086 [JvmPauseMonitor35] INFO  util.JvmPauseMonitor (JvmPauseMonitor.java:run(103)) - JvmPauseMonitor-d85e7978-b190-451c-9332-ba5d2fc5255d: Started
2023-08-25 08:54:07,086 [Time-limited test] INFO  http.BaseHttpServer (BaseHttpServer.java:newHttpServer2BuilderForOzone(224)) - Starting Web-server for scm at: http://0.0.0.0:15268
2023-08-25 08:54:07,086 [Time-limited test] INFO  http.BaseHttpServer (BaseHttpServer.java:<init>(111)) - Hadoop Security Enabled: false Ozone Security Enabled: false Ozone HTTP Security Enabled: false 
2023-08-25 08:54:07,087 [Time-limited test] WARN  server.AuthenticationFilter (AuthenticationFilter.java:constructSecretProvider(240)) - Unable to initialize FileSignerSecretProvider, falling back to use random secrets. Reason: Could not read signature secret file: /home/runner/hadoop-http-auth-signature-secret
2023-08-25 08:54:07,088 [Time-limited test] INFO  http.HttpRequestLog (HttpRequestLog.java:getRequestLog(86)) - Http request log for http.requests.scm is not defined
2023-08-25 08:54:07,090 [Time-limited test] INFO  http.HttpServer2 (HttpServer2.java:addGlobalFilter(1031)) - Added global filter 'safety' (class=org.apache.hadoop.hdds.server.http.HttpServer2$QuotingInputFilter)
2023-08-25 08:54:07,090 [Time-limited test] INFO  http.HttpServer2 (HttpServer2.java:addFilter(1007)) - Added filter static_user_filter (class=org.apache.hadoop.http.lib.StaticUserWebFilter$StaticUserFilter) to context scm
2023-08-25 08:54:07,090 [Time-limited test] INFO  http.HttpServer2 (HttpServer2.java:addFilter(1015)) - Added filter static_user_filter (class=org.apache.hadoop.http.lib.StaticUserWebFilter$StaticUserFilter) to context static
2023-08-25 08:54:07,090 [Time-limited test] INFO  http.HttpServer2 (HttpServer2.java:addFilter(1015)) - Added filter static_user_filter (class=org.apache.hadoop.http.lib.StaticUserWebFilter$StaticUserFilter) to context logs
2023-08-25 08:54:07,091 [Time-limited test] INFO  http.BaseHttpServer (BaseHttpServer.java:<init>(190)) - HTTP server of scm uses base directory /home/runner/work/ozone/ozone/hadoop-ozone/integration-test/target/test-dir/MiniOzoneClusterImpl-e7e10417-51b4-42c5-96ae-91e23fec58ac/ozone-meta/webserver
2023-08-25 08:54:07,091 [Time-limited test] INFO  http.HttpServer2 (HttpServer2.java:bindListener(1250)) - Jetty bound to port 15268
2023-08-25 08:54:07,091 [Time-limited test] INFO  server.Server (Server.java:doStart(375)) - jetty-9.4.51.v20230217; built: 2023-02-17T08:19:37.309Z; git: b45c405e4544384de066f814ed42ae3dceacdd49; jvm 1.8.0_382-b05
2023-08-25 08:54:07,092 [Time-limited test] INFO  server.session (DefaultSessionIdManager.java:doStart(334)) - DefaultSessionIdManager workerName=node0
2023-08-25 08:54:07,092 [Time-limited test] INFO  server.session (DefaultSessionIdManager.java:doStart(339)) - No SessionScavenger set, using defaults
2023-08-25 08:54:07,092 [Time-limited test] INFO  server.session (HouseKeeper.java:startScavenging(132)) - node0 Scavenging every 660000ms
2023-08-25 08:54:07,093 [Time-limited test] INFO  handler.ContextHandler (ContextHandler.java:doStart(921)) - Started o.e.j.s.ServletContextHandler@2bca0a4b{logs,/logs,file:///home/runner/work/ozone/ozone/hadoop-ozone/integration-test/target/log,AVAILABLE}
2023-08-25 08:54:07,094 [Time-limited test] INFO  handler.ContextHandler (ContextHandler.java:doStart(921)) - Started o.e.j.s.ServletContextHandler@16ecbb8c{static,/static,file:///home/runner/work/ozone/ozone/hadoop-ozone/integration-test/target/test-classes/webapps/static,AVAILABLE}
2023-08-25 08:54:07,096 [Time-limited test] INFO  handler.ContextHandler (ContextHandler.java:doStart(921)) - Started o.e.j.w.WebAppContext@28adf9ef{scm,/,file:///home/runner/work/ozone/ozone/hadoop-ozone/integration-test/target/test-classes/webapps/scm/,AVAILABLE}{file:/home/runner/work/ozone/ozone/hadoop-ozone/integration-test/target/test-classes/webapps/scm}
2023-08-25 08:54:07,098 [Time-limited test] INFO  server.AbstractConnector (AbstractConnector.java:doStart(333)) - Started ServerConnector@4c397bb0{HTTP/1.1, (http/1.1)}{0.0.0.0:15268}
2023-08-25 08:54:07,098 [Time-limited test] INFO  server.Server (Server.java:doStart(415)) - Started @208325ms
2023-08-25 08:54:07,098 [Time-limited test] WARN  impl.MetricsSystemImpl (MetricsSystemImpl.java:register(279)) - Sink prometheus already exists!
2023-08-25 08:54:07,099 [Time-limited test] INFO  http.BaseHttpServer (BaseHttpServer.java:updateConnectorAddress(344)) - HTTP server of scm listening at http://0.0.0.0:15268
2023-08-25 08:54:07,099 [Time-limited test] WARN  server.ServerUtils (ServerUtils.java:getDBPath(311)) - ozone.om.db.dirs is not configured. We recommend adding this setting. Falling back to ozone.metadata.dirs instead.
2023-08-25 08:54:07,101 [Time-limited test] INFO  ha.OMHANodeDetails (OMHANodeDetails.java:loadOMHAConfig(115)) - ozone.om.internal.service.id is not defined, falling back to ozone.om.service.ids to find serviceID for OzoneManager if it is HA enabled cluster
2023-08-25 08:54:07,101 [Time-limited test] INFO  ha.OMHANodeDetails (OMHANodeDetails.java:loadOMHAConfig(226)) - Configuration does not have ozone.om.address set. Falling back to the default OM address /127.0.0.1:15269
2023-08-25 08:54:07,101 [Time-limited test] INFO  ha.OMHANodeDetails (OMHANodeDetails.java:getOMNodeDetailsForNonHA(254)) - OM Service ID is not set. Setting it to the default ID: omServiceIdDefault
2023-08-25 08:54:07,101 [Time-limited test] INFO  ha.OMHANodeDetails (OMHANodeDetails.java:getOMNodeDetailsForNonHA(261)) - OM Node ID is not set. Setting it to the default ID: om1
2023-08-25 08:54:07,101 [Time-limited test] WARN  server.ServerUtils (ServerUtils.java:getDBPath(311)) - ozone.om.db.dirs is not configured. We recommend adding this setting. Falling back to ozone.metadata.dirs instead.
2023-08-25 08:54:07,103 [Time-limited test] INFO  upgrade.AbstractLayoutVersionManager (AbstractLayoutVersionManager.java:init(83)) - Initializing Layout version manager with metadata layout = QUOTA (version = 6), software layout = QUOTA (version = 6)
2023-08-25 08:54:07,181 [Time-limited test] INFO  reflections.Reflections (Reflections.java:scan(232)) - Reflections took 77 ms to scan 2 urls, producing 188 keys and 512 values [using 2 cores]
2023-08-25 08:54:07,182 [Time-limited test] INFO  upgrade.OMLayoutVersionManager (OMLayoutVersionManager.java:lambda$0(115)) - Skipping Upgrade Action QuotaRepairUpgradeAction since it has been finalized.
2023-08-25 08:54:07,182 [Time-limited test] INFO  upgrade.OMLayoutVersionManager (OMLayoutVersionManager.java:lambda$0(115)) - Skipping Upgrade Action MockOmUpgradeAction since it has been finalized.
2023-08-25 08:54:07,182 [Time-limited test] WARN  server.ServerUtils (ServerUtils.java:getDBPath(311)) - ozone.om.db.dirs is not configured. We recommend adding this setting. Falling back to ozone.metadata.dirs instead.
2023-08-25 08:54:07,183 [Time-limited test] INFO  proxy.SCMBlockLocationFailoverProxyProvider (SCMBlockLocationFailoverProxyProvider.java:<init>(114)) - Created block location fail-over proxy with 1 nodes: [nodeId=scmNodeId,nodeAddress=/0.0.0.0:15266]
2023-08-25 08:54:07,184 [Time-limited test] INFO  proxy.SCMBlockLocationFailoverProxyProvider (SCMBlockLocationFailoverProxyProvider.java:<init>(114)) - Created block location fail-over proxy with 1 nodes: [nodeId=scmNodeId,nodeAddress=/0.0.0.0:15266]
2023-08-25 08:54:07,192 [Time-limited test] INFO  om.OzoneManager (OzoneManager.java:<init>(662)) - OM start with adminUsers: [runner]
2023-08-25 08:54:07,193 [Time-limited test] WARN  server.ServerUtils (ServerUtils.java:getDBPath(311)) - ozone.om.db.dirs is not configured. We recommend adding this setting. Falling back to ozone.metadata.dirs instead.
2023-08-25 08:54:07,193 [Time-limited test] INFO  helpers.OmKeyInfo (OmKeyInfo.java:getCodec(71)) - OmKeyInfo.getCodec ignorePipeline = true
2023-08-25 08:54:07,433 [Time-limited test] INFO  om.OzoneManager (OzoneManager.java:instantiateServices(791)) - S3 Multi-Tenancy is disabled
2023-08-25 08:54:07,434 [Time-limited test] INFO  om.OmSnapshotManager (OmSnapshotManager.java:<init>(175)) - Ozone filesystem snapshot feature is enabled.
2023-08-25 08:54:07,434 [Time-limited test] WARN  server.ServerUtils (ServerUtils.java:getDBPath(311)) - ozone.om.snapshot.diff.db.dir is not configured. We recommend adding this setting. Falling back to ozone.metadata.dirs instead.
2023-08-25 08:54:07,472 [Time-limited test] INFO  snapshot.SnapshotDiffManager (SnapshotDiffManager.java:closeExecutorService(1720)) - Shutting down executorService: 'SstDumpToolExecutor'
2023-08-25 08:54:07,473 [Time-limited test] INFO  om.OzoneManager (OzoneManager.java:addS3GVolumeToDB(4284)) - Created Volume s3v With Owner runner required for S3Gateway operations.
2023-08-25 08:54:07,474 [Time-limited test] WARN  server.ServerUtils (ServerUtils.java:getDefaultRatisDirectory(323)) - Storage directory for Ratis is not configured. It is a good idea to map this to an SSD disk. Falling back to ozone.metadata.dirs
2023-08-25 08:54:07,474 [Time-limited test] WARN  utils.OzoneManagerRatisUtils (OzoneManagerRatisUtils.java:getOMRatisSnapshotDirectory(461)) - ozone.om.ratis.snapshot.dir is not configured. Falling back to ozone.metadata.dirs config
2023-08-25 08:54:07,474 [Time-limited test] WARN  server.ServerUtils (ServerUtils.java:getDefaultRatisDirectory(323)) - Storage directory for Ratis is not configured. It is a good idea to map this to an SSD disk. Falling back to ozone.metadata.dirs
2023-08-25 08:54:07,475 [Time-limited test] INFO  ratis.OzoneManagerRatisServer (OzoneManagerRatisServer.java:<init>(163)) - Instantiating OM Ratis server with groupID: omServiceIdDefault and peers: localhost:15272
2023-08-25 08:54:07,475 [Time-limited test] INFO  ratis.OzoneManagerStateMachine (OzoneManagerStateMachine.java:loadSnapshotInfoFromDB(687)) - LastAppliedIndex is set from TransactionInfo from OM DB as (t:0, i:~)
2023-08-25 08:54:07,476 [Time-limited test] INFO  server.RaftServer (ConfUtils.java:logGet(46)) - raft.rpc.type = GRPC (default)
2023-08-25 08:54:07,476 [Time-limited test] INFO  grpc.GrpcConfigKeys (ConfUtils.java:logFallback(53)) - raft.grpc.admin.host = null (fallback to raft.grpc.server.host)
2023-08-25 08:54:07,476 [Time-limited test] INFO  grpc.GrpcConfigKeys (ConfUtils.java:logFallback(53)) - raft.grpc.admin.port = 15272 (fallback to raft.grpc.server.port)
2023-08-25 08:54:07,476 [Time-limited test] INFO  grpc.GrpcConfigKeys (ConfUtils.java:logFallback(53)) - raft.grpc.client.host = null (fallback to raft.grpc.server.host)
2023-08-25 08:54:07,476 [Time-limited test] INFO  grpc.GrpcConfigKeys (ConfUtils.java:logFallback(53)) - raft.grpc.client.port = 15272 (fallback to raft.grpc.server.port)
2023-08-25 08:54:07,476 [Time-limited test] INFO  grpc.GrpcConfigKeys (ConfUtils.java:logGet(46)) - raft.grpc.server.host = null (default)
2023-08-25 08:54:07,477 [Time-limited test] INFO  grpc.GrpcConfigKeys (ConfUtils.java:logGet(46)) - raft.grpc.server.port = 15272 (custom)
2023-08-25 08:54:07,477 [Time-limited test] INFO  server.GrpcService (ConfUtils.java:logGet(46)) - raft.grpc.message.size.max = 33554432 (custom)
2023-08-25 08:54:07,477 [Time-limited test] INFO  server.RaftServerConfigKeys (ConfUtils.java:logGet(46)) - raft.server.log.appender.buffer.byte-limit = 33554432 (custom)
2023-08-25 08:54:07,477 [Time-limited test] INFO  server.GrpcService (ConfUtils.java:logGet(46)) - raft.grpc.flow.control.window = 1MB (=1048576) (default)
2023-08-25 08:54:07,477 [Time-limited test] INFO  server.RaftServerConfigKeys (ConfUtils.java:logGet(46)) - raft.server.rpc.request.timeout = 3000ms (default)
2023-08-25 08:54:07,477 [Time-limited test] INFO  grpc.GrpcConfigKeys (ConfUtils.java:logGet(46)) - raft.grpc.server.heartbeat.channel = true (default)
2023-08-25 08:54:07,477 [Time-limited test] INFO  grpc.GrpcConfigKeys (ConfUtils.java:logGet(46)) - raft.grpc.server.async.request.thread.pool.cached = true (default)
2023-08-25 08:54:07,477 [Time-limited test] INFO  grpc.GrpcConfigKeys (ConfUtils.java:logGet(46)) - raft.grpc.server.async.request.thread.pool.size = 32 (default)
2023-08-25 08:54:07,479 [Time-limited test] INFO  impl.DataStreamServerImpl (ConfUtils.java:logGet(46)) - raft.datastream.type = DISABLED (default)
2023-08-25 08:54:07,479 [Time-limited test] INFO  server.RaftServerConfigKeys (ConfUtils.java:logGet(46)) - raft.server.threadpool.proxy.cached = true (default)
2023-08-25 08:54:07,479 [Time-limited test] INFO  server.RaftServerConfigKeys (ConfUtils.java:logGet(46)) - raft.server.threadpool.proxy.size = 0 (default)
2023-08-25 08:54:07,479 [Time-limited test] INFO  server.RaftServerConfigKeys (ConfUtils.java:logGet(46)) - raft.server.rpc.slowness.timeout = 120s (custom)
2023-08-25 08:54:07,479 [Time-limited test] INFO  server.RaftServerConfigKeys (ConfUtils.java:logGet(46)) - raft.server.leaderelection.leader.step-down.wait-time = 10s (default)
2023-08-25 08:54:07,479 [Time-limited test] INFO  server.RaftServerConfigKeys (ConfUtils.java:logGet(46)) - raft.server.storage.dir = [/home/runner/work/ozone/ozone/hadoop-ozone/integration-test/target/test-dir/MiniOzoneClusterImpl-e7e10417-51b4-42c5-96ae-91e23fec58ac/ozone-meta/ratis] (custom)
2023-08-25 08:54:07,481 [Time-limited test] INFO  server.RaftServer (RaftServerProxy.java:addNew(98)) - om1: addNew group-C5BA1605619E:[om1|rpc:localhost:15272|priority:0|startupRole:FOLLOWER] returns group-C5BA1605619E:java.util.concurrent.CompletableFuture@17fe9aa[Not completed]
2023-08-25 08:54:07,481 [Time-limited test] INFO  om.OzoneManager (OzoneManager.java:initializeRatisServer(2128)) - OzoneManager Ratis server initialized at port 15272
2023-08-25 08:54:07,481 [om1-groupManagement] INFO  server.RaftServer$Division (RaftServerImpl.java:<init>(198)) - om1: new RaftServerImpl for group-C5BA1605619E:[om1|rpc:localhost:15272|priority:0|startupRole:FOLLOWER] with OzoneManagerStateMachine:uninitialized
2023-08-25 08:54:07,481 [Time-limited test] INFO  om.OzoneManager (OzoneManager.java:getRpcServer(1193)) - Creating RPC Server
2023-08-25 08:54:07,481 [om1-groupManagement] INFO  server.RaftServerConfigKeys (ConfUtils.java:logGet(46)) - raft.server.rpc.timeout.min = 1s (custom)
2023-08-25 08:54:07,481 [om1-groupManagement] INFO  server.RaftServerConfigKeys (ConfUtils.java:logGet(46)) - raft.server.rpc.timeout.max = 1200ms (custom)
2023-08-25 08:54:07,481 [om1-groupManagement] INFO  server.RaftServerConfigKeys (ConfUtils.java:logGet(46)) - raft.server.rpc.sleep.time = 25ms (default)
2023-08-25 08:54:07,481 [om1-groupManagement] INFO  server.RaftServerConfigKeys (ConfUtils.java:logGet(46)) - raft.server.rpc.slowness.timeout = 120s (custom)
2023-08-25 08:54:07,481 [om1-groupManagement] INFO  server.RaftServerConfigKeys (ConfUtils.java:logGet(46)) - raft.server.leaderelection.leader.step-down.wait-time = 10s (default)
2023-08-25 08:54:07,481 [om1-groupManagement] INFO  server.RaftServerConfigKeys (ConfUtils.java:logGet(46)) - raft.server.sleep.deviation.threshold = 300ms (default)
2023-08-25 08:54:07,481 [om1-groupManagement] INFO  server.RaftServer$Division (ServerState.java:<init>(120)) - om1@group-C5BA1605619E: ConfigurationManager, init=-1: peers:[om1|rpc:localhost:15272|priority:0|startupRole:FOLLOWER]|listeners:[], old=null, confs=<EMPTY_MAP>
2023-08-25 08:54:07,482 [om1-groupManagement] INFO  server.RaftServerConfigKeys (ConfUtils.java:logGet(46)) - raft.server.storage.dir = [/home/runner/work/ozone/ozone/hadoop-ozone/integration-test/target/test-dir/MiniOzoneClusterImpl-e7e10417-51b4-42c5-96ae-91e23fec58ac/ozone-meta/ratis] (custom)
2023-08-25 08:54:07,482 [om1-groupManagement] INFO  server.RaftServerConfigKeys (ConfUtils.java:logGet(46)) - raft.server.log.corruption.policy = EXCEPTION (default)
2023-08-25 08:54:07,482 [om1-groupManagement] INFO  server.RaftServerConfigKeys (ConfUtils.java:logGet(46)) - raft.server.storage.free-space.min = 0MB (=0) (default)
2023-08-25 08:54:07,482 [om1-groupManagement] INFO  server.RaftServerConfigKeys (ConfUtils.java:logGet(46)) - raft.server.notification.no-leader.timeout = 120s (custom)
2023-08-25 08:54:07,482 [om1-groupManagement] INFO  server.RaftServerConfigKeys (ConfUtils.java:logGet(46)) - raft.server.read.timeout = 10s (default)
2023-08-25 08:54:07,482 [om1-groupManagement] INFO  server.RaftServerConfigKeys (ConfUtils.java:logGet(46)) - raft.server.retrycache.expirytime = 300s (custom)
2023-08-25 08:54:07,482 [om1-groupManagement] INFO  server.RaftServerConfigKeys (ConfUtils.java:logGet(46)) - raft.server.retrycache.statistics.expirytime = 100μs (default)
2023-08-25 08:54:07,482 [om1-groupManagement] INFO  server.RaftServerConfigKeys (ConfUtils.java:logGet(46)) - raft.server.read.option = DEFAULT (default)
2023-08-25 08:54:07,482 [om1-groupManagement] INFO  server.RaftServerConfigKeys (ConfUtils.java:logGet(46)) - raft.server.rpc.request.timeout = 3000ms (default)
2023-08-25 08:54:07,482 [om1-groupManagement] INFO  server.RaftServerConfigKeys (ConfUtils.java:logGet(46)) - raft.server.log.appender.install.snapshot.enabled = false (custom)
2023-08-25 08:54:07,482 [om1-groupManagement] INFO  server.RaftServerConfigKeys (ConfUtils.java:logGet(46)) - raft.server.threadpool.server.cached = true (default)
2023-08-25 08:54:07,483 [om1-groupManagement] INFO  server.RaftServerConfigKeys (ConfUtils.java:logGet(46)) - raft.server.threadpool.server.size = 0 (default)
2023-08-25 08:54:07,483 [om1-groupManagement] INFO  server.RaftServerConfigKeys (ConfUtils.java:logGet(46)) - raft.server.threadpool.client.cached = true (default)
2023-08-25 08:54:07,483 [om1-groupManagement] INFO  server.RaftServerConfigKeys (ConfUtils.java:logGet(46)) - raft.server.threadpool.client.size = 0 (default)
2023-08-25 08:54:08,032 [Time-limited test] INFO  reflections.Reflections (Reflections.java:scan(232)) - Reflections took 550 ms to scan 19 urls, producing 70 keys and 5655 values [using 2 cores]
2023-08-25 08:54:08,034 [Time-limited test] INFO  ipc.CallQueueManager (CallQueueManager.java:<init>(90)) - Using callQueue: class java.util.concurrent.LinkedBlockingQueue, queueCapacity: 2000, scheduler: class org.apache.hadoop.ipc.DefaultRpcScheduler, ipcBackoff: false.
2023-08-25 08:54:08,034 [Time-limited test] INFO  ipc.Server (Server.java:<init>(1287)) - Listener at 127.0.0.1:15269
2023-08-25 08:54:08,034 [Socket Reader #1 for port 15269] INFO  ipc.Server (Server.java:run(1323)) - Starting Socket Reader #1 for port 15269
2023-08-25 08:54:08,041 [ReplicationMonitor] INFO  replication.ReplicationManager (ReplicationManager.java:processAll(361)) - Replication Manager is not ready to run until 3000ms after safemode exit
2023-08-25 08:54:08,059 [Time-limited test] INFO  impl.MetricsSystemImpl (MetricsSystemImpl.java:init(158)) - OzoneManager metrics system started (again)
2023-08-25 08:54:08,071 [Time-limited test] INFO  om.OzoneManager (OzoneManager.java:start(1613)) - OzoneManager RPC server is listening at localhost/127.0.0.1:15269
2023-08-25 08:54:08,072 [Time-limited test] INFO  ratis.OzoneManagerRatisServer (OzoneManagerRatisServer.java:start(558)) - Starting OzoneManagerRatisServer om1 at port 15272
2023-08-25 08:54:08,072 [om1-impl-thread1] INFO  storage.RaftStorageDirectory (RaftStorageDirectoryImpl.java:analyzeStorage(137)) - The storage directory /home/runner/work/ozone/ozone/hadoop-ozone/integration-test/target/test-dir/MiniOzoneClusterImpl-e7e10417-51b4-42c5-96ae-91e23fec58ac/ozone-meta/ratis/bf265839-605b-3f16-9796-c5ba1605619e does not exist. Creating ...
2023-08-25 08:54:08,074 [om1-impl-thread1] INFO  storage.RaftStorageDirectory (RaftStorageDirectoryImpl.java:tryLock(231)) - Lock on /home/runner/work/ozone/ozone/hadoop-ozone/integration-test/target/test-dir/MiniOzoneClusterImpl-e7e10417-51b4-42c5-96ae-91e23fec58ac/ozone-meta/ratis/bf265839-605b-3f16-9796-c5ba1605619e/in_use.lock acquired by nodename 30217@fv-az584-689
2023-08-25 08:54:08,076 [om1-impl-thread1] INFO  storage.RaftStorage (RaftStorageImpl.java:format(96)) - Storage directory /home/runner/work/ozone/ozone/hadoop-ozone/integration-test/target/test-dir/MiniOzoneClusterImpl-e7e10417-51b4-42c5-96ae-91e23fec58ac/ozone-meta/ratis/bf265839-605b-3f16-9796-c5ba1605619e has been successfully formatted.
2023-08-25 08:54:08,076 [om1-impl-thread1] INFO  server.RaftServerConfigKeys (ConfUtils.java:logGet(46)) - raft.server.log.use.memory = false (default)
2023-08-25 08:54:08,076 [om1-impl-thread1] INFO  server.RaftServerConfigKeys (ConfUtils.java:logGet(46)) - raft.server.log.purge.gap = 1000000 (custom)
2023-08-25 08:54:08,076 [om1-impl-thread1] INFO  server.RaftServerConfigKeys (ConfUtils.java:logGet(46)) - raft.server.log.appender.buffer.byte-limit = 33554432 (custom)
2023-08-25 08:54:08,076 [om1-impl-thread1] INFO  server.RaftServerConfigKeys (ConfUtils.java:logGet(46)) - raft.server.log.statemachine.data.read.timeout = 1000ms (default)
2023-08-25 08:54:08,076 [om1-impl-thread1] INFO  server.RaftServerConfigKeys (ConfUtils.java:logGet(46)) - raft.server.log.purge.preservation.log.num = 0 (default)
2023-08-25 08:54:08,076 [om1-impl-thread1] INFO  server.RaftServerConfigKeys (ConfUtils.java:logGet(46)) - raft.server.log.segment.size.max = 4194304 (custom)
2023-08-25 08:54:08,076 [om1-impl-thread1] INFO  server.RaftServerConfigKeys (ConfUtils.java:logGet(46)) - raft.server.log.segment.cache.num.max = 2 (custom)
2023-08-25 08:54:08,076 [om1-impl-thread1] INFO  server.RaftServerConfigKeys (ConfUtils.java:logGet(46)) - raft.server.log.segment.cache.size.max = 200MB (=209715200) (default)
2023-08-25 08:54:08,077 [om1-impl-thread1] INFO  server.RaftServerConfigKeys (ConfUtils.java:logGet(46)) - raft.server.log.appender.buffer.byte-limit = 33554432 (custom)
2023-08-25 08:54:08,077 [om1-impl-thread1] INFO  segmented.SegmentedRaftLogWorker (SegmentedRaftLogWorker.java:<init>(188)) - new om1@group-C5BA1605619E-SegmentedRaftLogWorker for RaftStorageImpl:Storage Directory /home/runner/work/ozone/ozone/hadoop-ozone/integration-test/target/test-dir/MiniOzoneClusterImpl-e7e10417-51b4-42c5-96ae-91e23fec58ac/ozone-meta/ratis/bf265839-605b-3f16-9796-c5ba1605619e
2023-08-25 08:54:08,077 [om1-impl-thread1] INFO  server.RaftServerConfigKeys (ConfUtils.java:logGet(46)) - raft.server.log.queue.byte-limit = 64MB (=67108864) (default)
2023-08-25 08:54:08,077 [om1-impl-thread1] INFO  server.RaftServerConfigKeys (ConfUtils.java:logGet(46)) - raft.server.log.queue.element-limit = 4096 (default)
2023-08-25 08:54:08,077 [om1-impl-thread1] INFO  server.RaftServerConfigKeys (ConfUtils.java:logGet(46)) - raft.server.log.segment.size.max = 4194304 (custom)
2023-08-25 08:54:08,077 [om1-impl-thread1] INFO  server.RaftServerConfigKeys (ConfUtils.java:logGet(46)) - raft.server.log.preallocated.size = 4194304 (custom)
2023-08-25 08:54:08,077 [om1-impl-thread1] INFO  server.RaftServerConfigKeys (ConfUtils.java:logGet(46)) - raft.server.log.force.sync.num = 128 (default)
2023-08-25 08:54:08,077 [om1-impl-thread1] INFO  server.RaftServerConfigKeys (ConfUtils.java:logGet(46)) - raft.server.log.statemachine.data.sync = true (default)
2023-08-25 08:54:08,077 [om1-impl-thread1] INFO  server.RaftServerConfigKeys (ConfUtils.java:logGet(46)) - raft.server.log.statemachine.data.sync.timeout = 10s (default)
2023-08-25 08:54:08,077 [om1-impl-thread1] INFO  server.RaftServerConfigKeys (ConfUtils.java:logGet(46)) - raft.server.log.statemachine.data.sync.timeout.retry = -1 (default)
2023-08-25 08:54:08,077 [om1-impl-thread1] INFO  server.RaftServerConfigKeys (ConfUtils.java:logGet(46)) - raft.server.log.write.buffer.size = 64KB (=65536) (default)
2023-08-25 08:54:08,077 [om1-impl-thread1] INFO  server.RaftServerConfigKeys (ConfUtils.java:logGet(46)) - raft.server.log.appender.buffer.byte-limit = 33554432 (custom)
2023-08-25 08:54:08,082 [om1-impl-thread1] INFO  server.RaftServerConfigKeys (ConfUtils.java:logGet(46)) - raft.server.log.unsafe-flush.enabled = false (default)
2023-08-25 08:54:08,083 [om1-impl-thread1] INFO  server.RaftServerConfigKeys (ConfUtils.java:logGet(46)) - raft.server.log.async-flush.enabled = false (default)
2023-08-25 08:54:08,083 [om1-impl-thread1] INFO  server.RaftServerConfigKeys (ConfUtils.java:logGet(46)) - raft.server.log.statemachine.data.caching.enabled = false (default)
2023-08-25 08:54:08,083 [om1-impl-thread1] INFO  segmented.SegmentedRaftLogWorker (SegmentedRaftLogWorker.java:lambda$new$0(135)) - om1@group-C5BA1605619E-SegmentedRaftLogWorker: flushIndex: setUnconditionally 0 -> -1
2023-08-25 08:54:08,083 [om1-impl-thread1] INFO  segmented.SegmentedRaftLogWorker (SegmentedRaftLogWorker.java:lambda$new$0(135)) - om1@group-C5BA1605619E-SegmentedRaftLogWorker: safeCacheEvictIndex: setUnconditionally 0 -> -1
2023-08-25 08:54:08,083 [om1-impl-thread1] INFO  server.RaftServer$Division (RaftServerImpl.java:start(342)) - om1@group-C5BA1605619E: start as a follower, conf=-1: peers:[om1|rpc:localhost:15272|priority:0|startupRole:FOLLOWER]|listeners:[], old=null
2023-08-25 08:54:08,083 [om1-impl-thread1] INFO  server.RaftServer$Division (RaftServerImpl.java:setRole(329)) - om1@group-C5BA1605619E: changes role from      null to FOLLOWER at term 0 for startAsFollower
2023-08-25 08:54:08,083 [om1-impl-thread1] INFO  impl.RoleInfo (RoleInfo.java:updateAndGet(139)) - om1: start om1@group-C5BA1605619E-FollowerState
2023-08-25 08:54:08,084 [om1-impl-thread1] INFO  util.JmxRegister (JmxRegister.java:tryRegister(44)) - Successfully registered JMX Bean with object name Ratis:service=RaftServer,group=group-C5BA1605619E,id=om1
2023-08-25 08:54:08,084 [om1@group-C5BA1605619E-FollowerState] INFO  server.RaftServerConfigKeys (ConfUtils.java:logFallback(53)) - raft.server.rpc.first-election.timeout.min = 1s (fallback to raft.server.rpc.timeout.min)
2023-08-25 08:54:08,084 [om1-impl-thread1] INFO  server.RaftServerConfigKeys (ConfUtils.java:logGet(46)) - raft.server.snapshot.auto.trigger.enabled = true (custom)
2023-08-25 08:54:08,084 [om1@group-C5BA1605619E-FollowerState] INFO  server.RaftServerConfigKeys (ConfUtils.java:logFallback(53)) - raft.server.rpc.first-election.timeout.max = 1200ms (fallback to raft.server.rpc.timeout.max)
2023-08-25 08:54:08,084 [om1-impl-thread1] INFO  server.RaftServerConfigKeys (ConfUtils.java:logGet(46)) - raft.server.snapshot.auto.trigger.threshold = 400000 (default)
2023-08-25 08:54:08,084 [om1-impl-thread1] INFO  server.RaftServerConfigKeys (ConfUtils.java:logGet(46)) - raft.server.snapshot.retention.file.num = -1 (default)
2023-08-25 08:54:08,084 [om1-impl-thread1] INFO  server.RaftServerConfigKeys (ConfUtils.java:logGet(46)) - raft.server.log.purge.upto.snapshot.index = true (custom)
2023-08-25 08:54:08,084 [Time-limited test] INFO  server.RaftServer (RaftServerProxy.java:startImpl(400)) - om1: start RPC server
2023-08-25 08:54:08,086 [Time-limited test] INFO  server.GrpcService (GrpcService.java:startImpl(302)) - om1: GrpcService started, listening on 15272
2023-08-25 08:54:08,086 [JvmPauseMonitor36] INFO  util.JvmPauseMonitor (JvmPauseMonitor.java:run(103)) - JvmPauseMonitor-om1: Started
2023-08-25 08:54:08,086 [Time-limited test] INFO  om.OzoneManager (OzoneManager.java:start(1629)) - Version File has different layout version (6) than OM DB (null). That is expected if this OM has never been finalized to a newer layout version.
2023-08-25 08:54:08,089 [Time-limited test] INFO  http.BaseHttpServer (BaseHttpServer.java:newHttpServer2BuilderForOzone(224)) - Starting Web-server for ozoneManager at: http://0.0.0.0:15270
2023-08-25 08:54:08,089 [Time-limited test] INFO  http.BaseHttpServer (BaseHttpServer.java:<init>(111)) - Hadoop Security Enabled: false Ozone Security Enabled: false Ozone HTTP Security Enabled: false 
2023-08-25 08:54:08,090 [Time-limited test] WARN  server.AuthenticationFilter (AuthenticationFilter.java:constructSecretProvider(240)) - Unable to initialize FileSignerSecretProvider, falling back to use random secrets. Reason: Could not read signature secret file: /home/runner/hadoop-http-auth-signature-secret
2023-08-25 08:54:08,093 [Time-limited test] INFO  http.HttpRequestLog (HttpRequestLog.java:getRequestLog(86)) - Http request log for http.requests.ozoneManager is not defined
2023-08-25 08:54:08,094 [Time-limited test] INFO  http.HttpServer2 (HttpServer2.java:addGlobalFilter(1031)) - Added global filter 'safety' (class=org.apache.hadoop.hdds.server.http.HttpServer2$QuotingInputFilter)
2023-08-25 08:54:08,094 [Time-limited test] INFO  http.HttpServer2 (HttpServer2.java:addFilter(1007)) - Added filter static_user_filter (class=org.apache.hadoop.http.lib.StaticUserWebFilter$StaticUserFilter) to context ozoneManager
2023-08-25 08:54:08,094 [Time-limited test] INFO  http.HttpServer2 (HttpServer2.java:addFilter(1015)) - Added filter static_user_filter (class=org.apache.hadoop.http.lib.StaticUserWebFilter$StaticUserFilter) to context static
2023-08-25 08:54:08,095 [Time-limited test] INFO  http.HttpServer2 (HttpServer2.java:addFilter(1015)) - Added filter static_user_filter (class=org.apache.hadoop.http.lib.StaticUserWebFilter$StaticUserFilter) to context logs
2023-08-25 08:54:08,095 [Time-limited test] INFO  http.BaseHttpServer (BaseHttpServer.java:<init>(190)) - HTTP server of ozoneManager uses base directory /home/runner/work/ozone/ozone/hadoop-ozone/integration-test/target/test-dir/MiniOzoneClusterImpl-e7e10417-51b4-42c5-96ae-91e23fec58ac/ozone-meta/webserver
2023-08-25 08:54:08,095 [Time-limited test] INFO  http.HttpServer2 (HttpServer2.java:bindListener(1250)) - Jetty bound to port 15270
2023-08-25 08:54:08,095 [Time-limited test] INFO  server.Server (Server.java:doStart(375)) - jetty-9.4.51.v20230217; built: 2023-02-17T08:19:37.309Z; git: b45c405e4544384de066f814ed42ae3dceacdd49; jvm 1.8.0_382-b05
2023-08-25 08:54:08,096 [Time-limited test] INFO  server.session (DefaultSessionIdManager.java:doStart(334)) - DefaultSessionIdManager workerName=node0
2023-08-25 08:54:08,096 [Time-limited test] INFO  server.session (DefaultSessionIdManager.java:doStart(339)) - No SessionScavenger set, using defaults
2023-08-25 08:54:08,096 [Time-limited test] INFO  server.session (HouseKeeper.java:startScavenging(132)) - node0 Scavenging every 660000ms
2023-08-25 08:54:08,100 [Time-limited test] INFO  handler.ContextHandler (ContextHandler.java:doStart(921)) - Started o.e.j.s.ServletContextHandler@42a1e206{logs,/logs,file:///home/runner/work/ozone/ozone/hadoop-ozone/integration-test/target/log,AVAILABLE}
2023-08-25 08:54:08,101 [Time-limited test] INFO  handler.ContextHandler (ContextHandler.java:doStart(921)) - Started o.e.j.s.ServletContextHandler@69b96c2b{static,/static,file:///home/runner/work/ozone/ozone/hadoop-ozone/integration-test/target/test-classes/webapps/static,AVAILABLE}
2023-08-25 08:54:08,103 [Time-limited test] INFO  handler.ContextHandler (ContextHandler.java:doStart(921)) - Started o.e.j.w.WebAppContext@45de2045{ozoneManager,/,file:///home/runner/work/ozone/ozone/hadoop-ozone/integration-test/target/test-classes/webapps/ozoneManager/,AVAILABLE}{file:/home/runner/work/ozone/ozone/hadoop-ozone/integration-test/target/test-classes/webapps/ozoneManager}
2023-08-25 08:54:08,104 [Time-limited test] INFO  server.AbstractConnector (AbstractConnector.java:doStart(333)) - Started ServerConnector@5ca8da46{HTTP/1.1, (http/1.1)}{0.0.0.0:15270}
2023-08-25 08:54:08,105 [Time-limited test] INFO  server.Server (Server.java:doStart(415)) - Started @209331ms
2023-08-25 08:54:08,105 [Time-limited test] WARN  impl.MetricsSystemImpl (MetricsSystemImpl.java:register(279)) - Sink prometheus already exists!
2023-08-25 08:54:08,105 [Time-limited test] INFO  http.BaseHttpServer (BaseHttpServer.java:updateConnectorAddress(344)) - HTTP server of ozoneManager listening at http://0.0.0.0:15270
2023-08-25 08:54:08,105 [IPC Server Responder] INFO  ipc.Server (Server.java:run(1562)) - IPC Server Responder: starting
2023-08-25 08:54:08,109 [IPC Server listener on 15269] INFO  ipc.Server (Server.java:run(1402)) - IPC Server listener on 15269: starting
2023-08-25 08:54:08,110 [Time-limited test] INFO  om.OzoneManager (OzoneManager.java:startTrashEmptier(2081)) - Trash Interval set to 0. Files deleted won't move to trash
2023-08-25 08:54:08,126 [Time-limited test] WARN  impl.MetricRegistriesImpl (MetricRegistriesImpl.java:addReporterRegistration(111)) - New reporters are added after registries were created. Some metrics will be missing from the reporter. Please add reporter before adding any new registry.
2023-08-25 08:54:08,126 [Time-limited test] WARN  impl.MetricRegistriesImpl (MetricRegistriesImpl.java:addReporterRegistration(111)) - New reporters are added after registries were created. Some metrics will be missing from the reporter. Please add reporter before adding any new registry.
2023-08-25 08:54:08,126 [Time-limited test] INFO  impl.MetricsSystemImpl (MetricsSystemImpl.java:init(158)) - HddsDatanode metrics system started (again)
2023-08-25 08:54:08,140 [Time-limited test] INFO  ozone.HddsDatanodeService (HddsDatanodeService.java:start(237)) - HddsDatanodeService host:fv-az584-689.msjcyvhqqs1uvpg4fm53wptgqc.jx.internal.cloudapp.net ip:10.1.0.19
2023-08-25 08:54:08,194 [Time-limited test] INFO  upgrade.AbstractLayoutVersionManager (AbstractLayoutVersionManager.java:init(83)) - Initializing Layout version manager with metadata layout = HADOOP_PRC_PORTS_IN_DATANODEDETAILS (version = 7), software layout = HADOOP_PRC_PORTS_IN_DATANODEDETAILS (version = 7)
2023-08-25 08:54:08,194 [Time-limited test] INFO  statemachine.DatanodeStateMachine (DatanodeStateMachine.java:getEndPointTaskThreadPoolSize(282)) - Datanode State Machine Task Thread Pool size 2
2023-08-25 08:54:08,195 [Time-limited test] INFO  volume.HddsVolume (HddsVolume.java:<init>(126)) - Creating HddsVolume: /home/runner/work/ozone/ozone/hadoop-ozone/integration-test/target/test-dir/MiniOzoneClusterImpl-e7e10417-51b4-42c5-96ae-91e23fec58ac/datanode-0/data-0/containers/hdds of storage type : DISK capacity : 9223372036854775807
2023-08-25 08:54:08,195 [Time-limited test] INFO  volume.MutableVolumeSet (MutableVolumeSet.java:initializeVolumeSet(173)) - Added Volume : /home/runner/work/ozone/ozone/hadoop-ozone/integration-test/target/test-dir/MiniOzoneClusterImpl-e7e10417-51b4-42c5-96ae-91e23fec58ac/datanode-0/data-0/containers/hdds to VolumeSet
2023-08-25 08:54:08,196 [Time-limited test] INFO  volume.MutableVolumeSet (MutableVolumeSet.java:initializeVolumeSet(173)) - Added Volume : /home/runner/work/ozone/ozone/hadoop-ozone/integration-test/target/test-dir/MiniOzoneClusterImpl-e7e10417-51b4-42c5-96ae-91e23fec58ac/datanode-0/data/ratis to VolumeSet
2023-08-25 08:54:08,196 [Thread-3069] INFO  ozoneimpl.ContainerReader (ContainerReader.java:readVolume(177)) - Finish verifying containers on volume /home/runner/work/ozone/ozone/hadoop-ozone/integration-test/target/test-dir/MiniOzoneClusterImpl-e7e10417-51b4-42c5-96ae-91e23fec58ac/datanode-0/data-0/containers/hdds
2023-08-25 08:54:08,197 [Time-limited test] INFO  ozoneimpl.OzoneContainer (OzoneContainer.java:buildContainerSet(314)) - Build ContainerSet costs 0s
2023-08-25 08:54:08,198 [Time-limited test] INFO  server.RaftServer (ConfUtils.java:logGet(46)) - raft.rpc.type = GRPC (default)
2023-08-25 08:54:08,198 [Time-limited test] INFO  grpc.GrpcConfigKeys (ConfUtils.java:logFallback(53)) - raft.grpc.admin.host = null (fallback to raft.grpc.server.host)
2023-08-25 08:54:08,198 [Time-limited test] INFO  grpc.GrpcConfigKeys (ConfUtils.java:logGet(46)) - raft.grpc.admin.port = 15278 (custom)
2023-08-25 08:54:08,199 [Time-limited test] INFO  grpc.GrpcConfigKeys (ConfUtils.java:logFallback(53)) - raft.grpc.client.host = null (fallback to raft.grpc.server.host)
2023-08-25 08:54:08,199 [Time-limited test] INFO  grpc.GrpcConfigKeys (ConfUtils.java:logGet(46)) - raft.grpc.client.port = 15277 (custom)
2023-08-25 08:54:08,199 [Time-limited test] INFO  grpc.GrpcConfigKeys (ConfUtils.java:logGet(46)) - raft.grpc.server.host = null (default)
2023-08-25 08:54:08,199 [Time-limited test] INFO  grpc.GrpcConfigKeys (ConfUtils.java:logGet(46)) - raft.grpc.server.port = 15279 (custom)
2023-08-25 08:54:08,199 [Time-limited test] INFO  server.GrpcService (ConfUtils.java:logGet(46)) - raft.grpc.message.size.max = 32MB (=33554432) (custom)
2023-08-25 08:54:08,199 [Time-limited test] INFO  server.RaftServerConfigKeys (ConfUtils.java:logGet(46)) - raft.server.log.appender.buffer.byte-limit = 33554432 (custom)
2023-08-25 08:54:08,199 [Time-limited test] INFO  server.GrpcService (ConfUtils.java:logGet(46)) - raft.grpc.flow.control.window = 5MB (=5242880) (custom)
2023-08-25 08:54:08,199 [Time-limited test] INFO  server.RaftServerConfigKeys (ConfUtils.java:logGet(46)) - raft.server.rpc.request.timeout = 60s (custom)
2023-08-25 08:54:08,199 [Time-limited test] INFO  grpc.GrpcConfigKeys (ConfUtils.java:logGet(46)) - raft.grpc.server.heartbeat.channel = true (default)
2023-08-25 08:54:08,199 [Time-limited test] INFO  grpc.GrpcConfigKeys (ConfUtils.java:logGet(46)) - raft.grpc.server.async.request.thread.pool.cached = true (default)
2023-08-25 08:54:08,199 [Time-limited test] INFO  grpc.GrpcConfigKeys (ConfUtils.java:logGet(46)) - raft.grpc.server.async.request.thread.pool.size = 32 (default)
2023-08-25 08:54:08,202 [Time-limited test] INFO  impl.DataStreamServerImpl (ConfUtils.java:logGet(46)) - raft.datastream.type = NETTY (custom)
2023-08-25 08:54:08,202 [Time-limited test] INFO  server.RaftServerConfigKeys (ConfUtils.java:logGet(46)) - raft.server.data-stream.async.request.thread.pool.cached = false (default)
2023-08-25 08:54:08,202 [Time-limited test] INFO  server.RaftServerConfigKeys (ConfUtils.java:logGet(46)) - raft.server.data-stream.async.request.thread.pool.size = 20 (custom)
2023-08-25 08:54:08,202 [Time-limited test] INFO  server.RaftServerConfigKeys (ConfUtils.java:logGet(46)) - raft.server.data-stream.async.write.thread.pool.size = 16 (default)
2023-08-25 08:54:08,202 [Time-limited test] INFO  server.RaftServerConfigKeys (ConfUtils.java:logGet(46)) - raft.server.data-stream.client.pool.size = 10 (default)
2023-08-25 08:54:08,202 [Time-limited test] INFO  netty.NettyConfigKeys$DataStream (ConfUtils.java:logGet(46)) - raft.netty.dataStream.server.use-epoll = false (default)
2023-08-25 08:54:08,202 [Time-limited test] INFO  netty.NettyConfigKeys$DataStream (ConfUtils.java:logGet(46)) - raft.netty.dataStream.server.boss-group.size = 0 (default)
2023-08-25 08:54:08,203 [Time-limited test] INFO  netty.NettyConfigKeys$DataStream (ConfUtils.java:logGet(46)) - raft.netty.dataStream.server.worker-group.size = 0 (default)
2023-08-25 08:54:08,203 [Time-limited test] INFO  netty.NettyConfigKeys$DataStream (ConfUtils.java:logGet(46)) - raft.netty.dataStream.server.tls.conf = null (default)
2023-08-25 08:54:08,203 [Time-limited test] INFO  netty.NettyConfigKeys$DataStream (ConfUtils.java:logGet(46)) - raft.netty.dataStream.host = null (default)
2023-08-25 08:54:08,203 [Time-limited test] INFO  netty.NettyConfigKeys$DataStream (ConfUtils.java:logGet(46)) - raft.netty.dataStream.port = 15280 (custom)
2023-08-25 08:54:08,203 [Time-limited test] INFO  server.RaftServerConfigKeys (ConfUtils.java:logGet(46)) - raft.server.threadpool.proxy.cached = true (default)
2023-08-25 08:54:08,204 [Time-limited test] INFO  server.RaftServerConfigKeys (ConfUtils.java:logGet(46)) - raft.server.threadpool.proxy.size = 0 (default)
2023-08-25 08:54:08,204 [Time-limited test] INFO  server.RaftServerConfigKeys (ConfUtils.java:logGet(46)) - raft.server.rpc.slowness.timeout = 300s (custom)
2023-08-25 08:54:08,204 [Time-limited test] INFO  server.RaftServerConfigKeys (ConfUtils.java:logGet(46)) - raft.server.leaderelection.leader.step-down.wait-time = 10s (default)
2023-08-25 08:54:08,204 [Time-limited test] INFO  server.RaftServerConfigKeys (ConfUtils.java:logGet(46)) - raft.server.storage.dir = [/home/runner/work/ozone/ozone/hadoop-ozone/integration-test/target/test-dir/MiniOzoneClusterImpl-e7e10417-51b4-42c5-96ae-91e23fec58ac/datanode-0/data/ratis] (custom)
2023-08-25 08:54:08,204 [19c619f1-2007-441e-8fe6-e07ebc4fc791-NettyServerStreamRpc-bossGroup--thread1] INFO  logging.LoggingHandler (AbstractInternalLogger.java:log(148)) - [id: 0x184e51a5] REGISTERED
2023-08-25 08:54:08,204 [19c619f1-2007-441e-8fe6-e07ebc4fc791-NettyServerStreamRpc-bossGroup--thread1] INFO  logging.LoggingHandler (AbstractInternalLogger.java:log(148)) - [id: 0x184e51a5] BIND: 0.0.0.0/0.0.0.0:15280
2023-08-25 08:54:08,204 [19c619f1-2007-441e-8fe6-e07ebc4fc791-impl-thread1] INFO  server.RaftServer (RaftServerProxy.java:initGroupDir(258)) - 19c619f1-2007-441e-8fe6-e07ebc4fc791: found a subdirectory /home/runner/work/ozone/ozone/hadoop-ozone/integration-test/target/test-dir/MiniOzoneClusterImpl-e7e10417-51b4-42c5-96ae-91e23fec58ac/datanode-0/data/ratis/tmp
2023-08-25 08:54:08,205 [19c619f1-2007-441e-8fe6-e07ebc4fc791-NettyServerStreamRpc-bossGroup--thread1] INFO  logging.LoggingHandler (AbstractInternalLogger.java:log(148)) - [id: 0x184e51a5, L:/0:0:0:0:0:0:0:0:15280] ACTIVE
2023-08-25 08:54:08,205 [19c619f1-2007-441e-8fe6-e07ebc4fc791-impl-thread1] INFO  server.RaftServer (RaftServerProxy.java:initGroupDir(263)) - 19c619f1-2007-441e-8fe6-e07ebc4fc791: The directory /home/runner/work/ozone/ozone/hadoop-ozone/integration-test/target/test-dir/MiniOzoneClusterImpl-e7e10417-51b4-42c5-96ae-91e23fec58ac/datanode-0/data/ratis/tmp is not a group directory; ignoring it. 
2023-08-25 08:54:08,205 [Time-limited test] INFO  replication.ReplicationServer (ReplicationServer.java:<init>(81)) - Initializing replication server with thread count = 10
2023-08-25 08:54:08,206 [Time-limited test] INFO  server.XceiverServerGrpc (XceiverServerGrpc.java:<init>(132)) - GrpcServer channel type EpollServerSocketChannel
2023-08-25 08:54:08,207 [Time-limited test] INFO  replication.ReplicationSupervisor (ReplicationSupervisor.java:build(155)) - Initializing replication supervisor with thread count = 10
2023-08-25 08:54:08,207 [Time-limited test] INFO  replication.ReplicationSupervisor (ReplicationSupervisor.java:nodeStateUpdated(307)) - Node state updated to IN_SERVICE, scaling executor pool size to 10
2023-08-25 08:54:08,209 [Time-limited test] INFO  http.BaseHttpServer (BaseHttpServer.java:newHttpServer2BuilderForOzone(224)) - Starting Web-server for hddsDatanode at: http://0.0.0.0:15274
2023-08-25 08:54:08,209 [Time-limited test] INFO  http.BaseHttpServer (BaseHttpServer.java:<init>(111)) - Hadoop Security Enabled: false Ozone Security Enabled: false Ozone HTTP Security Enabled: false 
2023-08-25 08:54:08,210 [Time-limited test] WARN  server.AuthenticationFilter (AuthenticationFilter.java:constructSecretProvider(240)) - Unable to initialize FileSignerSecretProvider, falling back to use random secrets. Reason: Could not read signature secret file: /home/runner/hadoop-http-auth-signature-secret
2023-08-25 08:54:08,212 [Time-limited test] INFO  http.HttpRequestLog (HttpRequestLog.java:getRequestLog(86)) - Http request log for http.requests.hddsDatanode is not defined
2023-08-25 08:54:08,213 [Time-limited test] INFO  http.HttpServer2 (HttpServer2.java:addGlobalFilter(1031)) - Added global filter 'safety' (class=org.apache.hadoop.hdds.server.http.HttpServer2$QuotingInputFilter)
2023-08-25 08:54:08,213 [Time-limited test] INFO  http.HttpServer2 (HttpServer2.java:addFilter(1007)) - Added filter static_user_filter (class=org.apache.hadoop.http.lib.StaticUserWebFilter$StaticUserFilter) to context hddsDatanode
2023-08-25 08:54:08,213 [Time-limited test] INFO  http.HttpServer2 (HttpServer2.java:addFilter(1015)) - Added filter static_user_filter (class=org.apache.hadoop.http.lib.StaticUserWebFilter$StaticUserFilter) to context logs
2023-08-25 08:54:08,213 [Time-limited test] INFO  http.HttpServer2 (HttpServer2.java:addFilter(1015)) - Added filter static_user_filter (class=org.apache.hadoop.http.lib.StaticUserWebFilter$StaticUserFilter) to context static
2023-08-25 08:54:08,214 [Time-limited test] INFO  http.BaseHttpServer (BaseHttpServer.java:<init>(190)) - HTTP server of hddsDatanode uses base directory /home/runner/work/ozone/ozone/hadoop-ozone/integration-test/target/test-dir/MiniOzoneClusterImpl-e7e10417-51b4-42c5-96ae-91e23fec58ac/datanode-0/meta/webserver
2023-08-25 08:54:08,214 [Time-limited test] INFO  http.HttpServer2 (HttpServer2.java:bindListener(1250)) - Jetty bound to port 15274
2023-08-25 08:54:08,214 [Time-limited test] INFO  server.Server (Server.java:doStart(375)) - jetty-9.4.51.v20230217; built: 2023-02-17T08:19:37.309Z; git: b45c405e4544384de066f814ed42ae3dceacdd49; jvm 1.8.0_382-b05
2023-08-25 08:54:08,215 [Time-limited test] INFO  server.session (DefaultSessionIdManager.java:doStart(334)) - DefaultSessionIdManager workerName=node0
2023-08-25 08:54:08,215 [Time-limited test] INFO  server.session (DefaultSessionIdManager.java:doStart(339)) - No SessionScavenger set, using defaults
2023-08-25 08:54:08,215 [Time-limited test] INFO  server.session (HouseKeeper.java:startScavenging(132)) - node0 Scavenging every 600000ms
2023-08-25 08:54:08,216 [Time-limited test] INFO  handler.ContextHandler (ContextHandler.java:doStart(921)) - Started o.e.j.s.ServletContextHandler@1949c70e{logs,/logs,file:///home/runner/work/ozone/ozone/hadoop-ozone/integration-test/target/log,AVAILABLE}
2023-08-25 08:54:08,216 [Time-limited test] INFO  handler.ContextHandler (ContextHandler.java:doStart(921)) - Started o.e.j.s.ServletContextHandler@2852d25b{static,/static,jar:file:/home/runner/.m2/repository/org/apache/ozone/hdds-container-service/1.4.0-SNAPSHOT/hdds-container-service-1.4.0-SNAPSHOT.jar!/webapps/static,AVAILABLE}
2023-08-25 08:54:08,439 [Time-limited test] INFO  handler.ContextHandler (ContextHandler.java:doStart(921)) - Started o.e.j.w.WebAppContext@56e659ec{hddsDatanode,/,file:///home/runner/work/ozone/ozone/hadoop-ozone/integration-test/target/test-dir/MiniOzoneClusterImpl-e7e10417-51b4-42c5-96ae-91e23fec58ac/datanode-0/meta/webserver/jetty-0_0_0_0-15274-hdds-container-service-1_4_0-SNAPSHOT_jar-_-any-3944337659760886709/webapp/,AVAILABLE}{jar:file:/home/runner/.m2/repository/org/apache/ozone/hdds-container-service/1.4.0-SNAPSHOT/hdds-container-service-1.4.0-SNAPSHOT.jar!/webapps/hddsDatanode}
2023-08-25 08:54:08,445 [Time-limited test] INFO  server.AbstractConnector (AbstractConnector.java:doStart(333)) - Started ServerConnector@40cab7c{HTTP/1.1, (http/1.1)}{0.0.0.0:15274}
2023-08-25 08:54:08,446 [Time-limited test] INFO  server.Server (Server.java:doStart(415)) - Started @209672ms
2023-08-25 08:54:08,446 [Time-limited test] WARN  impl.MetricsSystemImpl (MetricsSystemImpl.java:register(279)) - Sink prometheus already exists!
2023-08-25 08:54:08,446 [Time-limited test] INFO  http.BaseHttpServer (BaseHttpServer.java:updateConnectorAddress(344)) - HTTP server of hddsDatanode listening at http://0.0.0.0:15274
2023-08-25 08:54:08,447 [Time-limited test] INFO  ipc.CallQueueManager (CallQueueManager.java:<init>(90)) - Using callQueue: class java.util.concurrent.LinkedBlockingQueue, queueCapacity: 100, scheduler: class org.apache.hadoop.ipc.DefaultRpcScheduler, ipcBackoff: false.
2023-08-25 08:54:08,447 [Time-limited test] INFO  ipc.Server (Server.java:<init>(1287)) - Listener at 0.0.0.0:15275
2023-08-25 08:54:08,449 [Socket Reader #1 for port 15275] INFO  ipc.Server (Server.java:run(1323)) - Starting Socket Reader #1 for port 15275
2023-08-25 08:54:08,458 [Time-limited test] INFO  ozone.HddsDatanodeService (HddsDatanodeService.java:start(315)) - Datanode start with admins: [runner]
2023-08-25 08:54:08,458 [Time-limited test] INFO  ozone.HddsDatanodeClientProtocolServer (HddsDatanodeClientProtocolServer.java:start(72)) - RPC server for Client /0.0.0.0:15275
2023-08-25 08:54:08,460 [IPC Server Responder] INFO  ipc.Server (Server.java:run(1562)) - IPC Server Responder: starting
2023-08-25 08:54:08,461 [IPC Server listener on 15275] INFO  ipc.Server (Server.java:run(1402)) - IPC Server listener on 15275: starting
2023-08-25 08:54:08,461 [Time-limited test] WARN  impl.MetricRegistriesImpl (MetricRegistriesImpl.java:addReporterRegistration(111)) - New reporters are added after registries were created. Some metrics will be missing from the reporter. Please add reporter before adding any new registry.
2023-08-25 08:54:08,461 [Time-limited test] WARN  impl.MetricRegistriesImpl (MetricRegistriesImpl.java:addReporterRegistration(111)) - New reporters are added after registries were created. Some metrics will be missing from the reporter. Please add reporter before adding any new registry.
2023-08-25 08:54:08,461 [Time-limited test] INFO  impl.MetricsSystemImpl (MetricsSystemImpl.java:init(158)) - HddsDatanode metrics system started (again)
2023-08-25 08:54:08,474 [Datanode State Machine Daemon Thread] INFO  statemachine.DatanodeStateMachine (DatanodeStateMachine.java:lambda$startDaemon$0(538)) - Ozone container server started.
2023-08-25 08:54:08,486 [Time-limited test] INFO  ozone.HddsDatanodeService (HddsDatanodeService.java:start(237)) - HddsDatanodeService host:fv-az584-689.msjcyvhqqs1uvpg4fm53wptgqc.jx.internal.cloudapp.net ip:10.1.0.19
2023-08-25 08:54:08,503 [Datanode State Machine Task Thread - 0] INFO  datanode.InitDatanodeState (InitDatanodeState.java:persistContainerDatanodeDetails(138)) - DatanodeDetails is persisted to /home/runner/work/ozone/ozone/hadoop-ozone/integration-test/target/test-dir/MiniOzoneClusterImpl-e7e10417-51b4-42c5-96ae-91e23fec58ac/datanode-0/meta/datanode.id
2023-08-25 08:54:08,524 [Time-limited test] INFO  upgrade.AbstractLayoutVersionManager (AbstractLayoutVersionManager.java:init(83)) - Initializing Layout version manager with metadata layout = HADOOP_PRC_PORTS_IN_DATANODEDETAILS (version = 7), software layout = HADOOP_PRC_PORTS_IN_DATANODEDETAILS (version = 7)
2023-08-25 08:54:08,525 [Time-limited test] INFO  statemachine.DatanodeStateMachine (DatanodeStateMachine.java:getEndPointTaskThreadPoolSize(282)) - Datanode State Machine Task Thread Pool size 2
2023-08-25 08:54:08,531 [Time-limited test] INFO  volume.HddsVolume (HddsVolume.java:<init>(126)) - Creating HddsVolume: /home/runner/work/ozone/ozone/hadoop-ozone/integration-test/target/test-dir/MiniOzoneClusterImpl-e7e10417-51b4-42c5-96ae-91e23fec58ac/datanode-1/data-0/containers/hdds of storage type : DISK capacity : 9223372036854775807
2023-08-25 08:54:08,531 [Time-limited test] INFO  volume.MutableVolumeSet (MutableVolumeSet.java:initializeVolumeSet(173)) - Added Volume : /home/runner/work/ozone/ozone/hadoop-ozone/integration-test/target/test-dir/MiniOzoneClusterImpl-e7e10417-51b4-42c5-96ae-91e23fec58ac/datanode-1/data-0/containers/hdds to VolumeSet
2023-08-25 08:54:08,532 [Time-limited test] INFO  volume.MutableVolumeSet (MutableVolumeSet.java:initializeVolumeSet(173)) - Added Volume : /home/runner/work/ozone/ozone/hadoop-ozone/integration-test/target/test-dir/MiniOzoneClusterImpl-e7e10417-51b4-42c5-96ae-91e23fec58ac/datanode-1/data/ratis to VolumeSet
2023-08-25 08:54:08,532 [Thread-3086] INFO  ozoneimpl.ContainerReader (ContainerReader.java:readVolume(177)) - Finish verifying containers on volume /home/runner/work/ozone/ozone/hadoop-ozone/integration-test/target/test-dir/MiniOzoneClusterImpl-e7e10417-51b4-42c5-96ae-91e23fec58ac/datanode-1/data-0/containers/hdds
2023-08-25 08:54:08,533 [Time-limited test] INFO  ozoneimpl.OzoneContainer (OzoneContainer.java:buildContainerSet(314)) - Build ContainerSet costs 0s
2023-08-25 08:54:08,534 [Time-limited test] INFO  server.RaftServer (ConfUtils.java:logGet(46)) - raft.rpc.type = GRPC (default)
2023-08-25 08:54:08,534 [Time-limited test] INFO  grpc.GrpcConfigKeys (ConfUtils.java:logFallback(53)) - raft.grpc.admin.host = null (fallback to raft.grpc.server.host)
2023-08-25 08:54:08,535 [Time-limited test] INFO  grpc.GrpcConfigKeys (ConfUtils.java:logGet(46)) - raft.grpc.admin.port = 15287 (custom)
2023-08-25 08:54:08,535 [Time-limited test] INFO  grpc.GrpcConfigKeys (ConfUtils.java:logFallback(53)) - raft.grpc.client.host = null (fallback to raft.grpc.server.host)
2023-08-25 08:54:08,535 [Time-limited test] INFO  grpc.GrpcConfigKeys (ConfUtils.java:logGet(46)) - raft.grpc.client.port = 15286 (custom)
2023-08-25 08:54:08,535 [Time-limited test] INFO  grpc.GrpcConfigKeys (ConfUtils.java:logGet(46)) - raft.grpc.server.host = null (default)
2023-08-25 08:54:08,535 [Time-limited test] INFO  grpc.GrpcConfigKeys (ConfUtils.java:logGet(46)) - raft.grpc.server.port = 15288 (custom)
2023-08-25 08:54:08,535 [Time-limited test] INFO  server.GrpcService (ConfUtils.java:logGet(46)) - raft.grpc.message.size.max = 32MB (=33554432) (custom)
2023-08-25 08:54:08,535 [Time-limited test] INFO  server.RaftServerConfigKeys (ConfUtils.java:logGet(46)) - raft.server.log.appender.buffer.byte-limit = 33554432 (custom)
2023-08-25 08:54:08,535 [Time-limited test] INFO  server.GrpcService (ConfUtils.java:logGet(46)) - raft.grpc.flow.control.window = 5MB (=5242880) (custom)
2023-08-25 08:54:08,535 [Time-limited test] INFO  server.RaftServerConfigKeys (ConfUtils.java:logGet(46)) - raft.server.rpc.request.timeout = 60s (custom)
2023-08-25 08:54:08,535 [Time-limited test] INFO  grpc.GrpcConfigKeys (ConfUtils.java:logGet(46)) - raft.grpc.server.heartbeat.channel = true (default)
2023-08-25 08:54:08,535 [Time-limited test] INFO  grpc.GrpcConfigKeys (ConfUtils.java:logGet(46)) - raft.grpc.server.async.request.thread.pool.cached = true (default)
2023-08-25 08:54:08,535 [Time-limited test] INFO  grpc.GrpcConfigKeys (ConfUtils.java:logGet(46)) - raft.grpc.server.async.request.thread.pool.size = 32 (default)
2023-08-25 08:54:08,538 [Time-limited test] INFO  impl.DataStreamServerImpl (ConfUtils.java:logGet(46)) - raft.datastream.type = NETTY (custom)
2023-08-25 08:54:08,538 [Time-limited test] INFO  server.RaftServerConfigKeys (ConfUtils.java:logGet(46)) - raft.server.data-stream.async.request.thread.pool.cached = false (default)
2023-08-25 08:54:08,538 [Time-limited test] INFO  server.RaftServerConfigKeys (ConfUtils.java:logGet(46)) - raft.server.data-stream.async.request.thread.pool.size = 20 (custom)
2023-08-25 08:54:08,538 [Time-limited test] INFO  server.RaftServerConfigKeys (ConfUtils.java:logGet(46)) - raft.server.data-stream.async.write.thread.pool.size = 16 (default)
2023-08-25 08:54:08,538 [Time-limited test] INFO  server.RaftServerConfigKeys (ConfUtils.java:logGet(46)) - raft.server.data-stream.client.pool.size = 10 (default)
2023-08-25 08:54:08,538 [Time-limited test] INFO  netty.NettyConfigKeys$DataStream (ConfUtils.java:logGet(46)) - raft.netty.dataStream.server.use-epoll = false (default)
2023-08-25 08:54:08,539 [Time-limited test] INFO  netty.NettyConfigKeys$DataStream (ConfUtils.java:logGet(46)) - raft.netty.dataStream.server.boss-group.size = 0 (default)
2023-08-25 08:54:08,545 [Time-limited test] INFO  netty.NettyConfigKeys$DataStream (ConfUtils.java:logGet(46)) - raft.netty.dataStream.server.worker-group.size = 0 (default)
2023-08-25 08:54:08,548 [Time-limited test] INFO  netty.NettyConfigKeys$DataStream (ConfUtils.java:logGet(46)) - raft.netty.dataStream.server.tls.conf = null (default)
2023-08-25 08:54:08,548 [Time-limited test] INFO  netty.NettyConfigKeys$DataStream (ConfUtils.java:logGet(46)) - raft.netty.dataStream.host = null (default)
2023-08-25 08:54:08,548 [Time-limited test] INFO  netty.NettyConfigKeys$DataStream (ConfUtils.java:logGet(46)) - raft.netty.dataStream.port = 15289 (custom)
2023-08-25 08:54:08,554 [Time-limited test] INFO  server.RaftServerConfigKeys (ConfUtils.java:logGet(46)) - raft.server.threadpool.proxy.cached = true (default)
2023-08-25 08:54:08,554 [Time-limited test] INFO  server.RaftServerConfigKeys (ConfUtils.java:logGet(46)) - raft.server.threadpool.proxy.size = 0 (default)
2023-08-25 08:54:08,554 [Time-limited test] INFO  server.RaftServerConfigKeys (ConfUtils.java:logGet(46)) - raft.server.rpc.slowness.timeout = 300s (custom)
2023-08-25 08:54:08,554 [Time-limited test] INFO  server.RaftServerConfigKeys (ConfUtils.java:logGet(46)) - raft.server.leaderelection.leader.step-down.wait-time = 10s (default)
2023-08-25 08:54:08,554 [Time-limited test] INFO  server.RaftServerConfigKeys (ConfUtils.java:logGet(46)) - raft.server.storage.dir = [/home/runner/work/ozone/ozone/hadoop-ozone/integration-test/target/test-dir/MiniOzoneClusterImpl-e7e10417-51b4-42c5-96ae-91e23fec58ac/datanode-1/data/ratis] (custom)
2023-08-25 08:54:08,555 [d44cbbb4-6878-45fc-b8ff-9a9a6a2d2fa6-impl-thread1] INFO  server.RaftServer (RaftServerProxy.java:initGroupDir(258)) - d44cbbb4-6878-45fc-b8ff-9a9a6a2d2fa6: found a subdirectory /home/runner/work/ozone/ozone/hadoop-ozone/integration-test/target/test-dir/MiniOzoneClusterImpl-e7e10417-51b4-42c5-96ae-91e23fec58ac/datanode-1/data/ratis/tmp
2023-08-25 08:54:08,555 [d44cbbb4-6878-45fc-b8ff-9a9a6a2d2fa6-impl-thread1] INFO  server.RaftServer (RaftServerProxy.java:initGroupDir(263)) - d44cbbb4-6878-45fc-b8ff-9a9a6a2d2fa6: The directory /home/runner/work/ozone/ozone/hadoop-ozone/integration-test/target/test-dir/MiniOzoneClusterImpl-e7e10417-51b4-42c5-96ae-91e23fec58ac/datanode-1/data/ratis/tmp is not a group directory; ignoring it. 
2023-08-25 08:54:08,555 [Time-limited test] INFO  replication.ReplicationServer (ReplicationServer.java:<init>(81)) - Initializing replication server with thread count = 10
2023-08-25 08:54:08,555 [d44cbbb4-6878-45fc-b8ff-9a9a6a2d2fa6-NettyServerStreamRpc-bossGroup--thread1] INFO  logging.LoggingHandler (AbstractInternalLogger.java:log(148)) - [id: 0x9da8a26a] REGISTERED
2023-08-25 08:54:08,555 [d44cbbb4-6878-45fc-b8ff-9a9a6a2d2fa6-NettyServerStreamRpc-bossGroup--thread1] INFO  logging.LoggingHandler (AbstractInternalLogger.java:log(148)) - [id: 0x9da8a26a] BIND: 0.0.0.0/0.0.0.0:15289
2023-08-25 08:54:08,555 [d44cbbb4-6878-45fc-b8ff-9a9a6a2d2fa6-NettyServerStreamRpc-bossGroup--thread1] INFO  logging.LoggingHandler (AbstractInternalLogger.java:log(148)) - [id: 0x9da8a26a, L:/0:0:0:0:0:0:0:0:15289] ACTIVE
2023-08-25 08:54:08,556 [Time-limited test] INFO  server.XceiverServerGrpc (XceiverServerGrpc.java:<init>(132)) - GrpcServer channel type EpollServerSocketChannel
2023-08-25 08:54:08,560 [Time-limited test] INFO  replication.ReplicationSupervisor (ReplicationSupervisor.java:build(155)) - Initializing replication supervisor with thread count = 10
2023-08-25 08:54:08,560 [Time-limited test] INFO  replication.ReplicationSupervisor (ReplicationSupervisor.java:nodeStateUpdated(307)) - Node state updated to IN_SERVICE, scaling executor pool size to 10
2023-08-25 08:54:08,562 [Time-limited test] INFO  http.BaseHttpServer (BaseHttpServer.java:newHttpServer2BuilderForOzone(224)) - Starting Web-server for hddsDatanode at: http://0.0.0.0:15283
2023-08-25 08:54:08,562 [Time-limited test] INFO  http.BaseHttpServer (BaseHttpServer.java:<init>(111)) - Hadoop Security Enabled: false Ozone Security Enabled: false Ozone HTTP Security Enabled: false 
2023-08-25 08:54:08,563 [Time-limited test] WARN  server.AuthenticationFilter (AuthenticationFilter.java:constructSecretProvider(240)) - Unable to initialize FileSignerSecretProvider, falling back to use random secrets. Reason: Could not read signature secret file: /home/runner/hadoop-http-auth-signature-secret
2023-08-25 08:54:08,564 [Time-limited test] INFO  http.HttpRequestLog (HttpRequestLog.java:getRequestLog(86)) - Http request log for http.requests.hddsDatanode is not defined
2023-08-25 08:54:08,566 [Time-limited test] INFO  http.HttpServer2 (HttpServer2.java:addGlobalFilter(1031)) - Added global filter 'safety' (class=org.apache.hadoop.hdds.server.http.HttpServer2$QuotingInputFilter)
2023-08-25 08:54:08,567 [Time-limited test] INFO  http.HttpServer2 (HttpServer2.java:addFilter(1007)) - Added filter static_user_filter (class=org.apache.hadoop.http.lib.StaticUserWebFilter$StaticUserFilter) to context hddsDatanode
2023-08-25 08:54:08,567 [Time-limited test] INFO  http.HttpServer2 (HttpServer2.java:addFilter(1015)) - Added filter static_user_filter (class=org.apache.hadoop.http.lib.StaticUserWebFilter$StaticUserFilter) to context static
2023-08-25 08:54:08,567 [Time-limited test] INFO  http.HttpServer2 (HttpServer2.java:addFilter(1015)) - Added filter static_user_filter (class=org.apache.hadoop.http.lib.StaticUserWebFilter$StaticUserFilter) to context logs
2023-08-25 08:54:08,567 [Time-limited test] INFO  http.BaseHttpServer (BaseHttpServer.java:<init>(190)) - HTTP server of hddsDatanode uses base directory /home/runner/work/ozone/ozone/hadoop-ozone/integration-test/target/test-dir/MiniOzoneClusterImpl-e7e10417-51b4-42c5-96ae-91e23fec58ac/datanode-1/meta/webserver
2023-08-25 08:54:08,567 [Time-limited test] INFO  http.HttpServer2 (HttpServer2.java:bindListener(1250)) - Jetty bound to port 15283
2023-08-25 08:54:08,568 [Time-limited test] INFO  server.Server (Server.java:doStart(375)) - jetty-9.4.51.v20230217; built: 2023-02-17T08:19:37.309Z; git: b45c405e4544384de066f814ed42ae3dceacdd49; jvm 1.8.0_382-b05
2023-08-25 08:54:08,569 [Time-limited test] INFO  server.session (DefaultSessionIdManager.java:doStart(334)) - DefaultSessionIdManager workerName=node0
2023-08-25 08:54:08,569 [Time-limited test] INFO  server.session (DefaultSessionIdManager.java:doStart(339)) - No SessionScavenger set, using defaults
2023-08-25 08:54:08,569 [Time-limited test] INFO  server.session (HouseKeeper.java:startScavenging(132)) - node0 Scavenging every 600000ms
2023-08-25 08:54:08,569 [Time-limited test] INFO  handler.ContextHandler (ContextHandler.java:doStart(921)) - Started o.e.j.s.ServletContextHandler@ce029be{logs,/logs,file:///home/runner/work/ozone/ozone/hadoop-ozone/integration-test/target/log,AVAILABLE}
2023-08-25 08:54:08,570 [Time-limited test] INFO  handler.ContextHandler (ContextHandler.java:doStart(921)) - Started o.e.j.s.ServletContextHandler@147d289b{static,/static,jar:file:/home/runner/.m2/repository/org/apache/ozone/hdds-container-service/1.4.0-SNAPSHOT/hdds-container-service-1.4.0-SNAPSHOT.jar!/webapps/static,AVAILABLE}
2023-08-25 08:54:08,790 [Time-limited test] INFO  handler.ContextHandler (ContextHandler.java:doStart(921)) - Started o.e.j.w.WebAppContext@6c4b531e{hddsDatanode,/,file:///home/runner/work/ozone/ozone/hadoop-ozone/integration-test/target/test-dir/MiniOzoneClusterImpl-e7e10417-51b4-42c5-96ae-91e23fec58ac/datanode-1/meta/webserver/jetty-0_0_0_0-15283-hdds-container-service-1_4_0-SNAPSHOT_jar-_-any-6247588929597554616/webapp/,AVAILABLE}{jar:file:/home/runner/.m2/repository/org/apache/ozone/hdds-container-service/1.4.0-SNAPSHOT/hdds-container-service-1.4.0-SNAPSHOT.jar!/webapps/hddsDatanode}
2023-08-25 08:54:08,791 [Time-limited test] INFO  server.AbstractConnector (AbstractConnector.java:doStart(333)) - Started ServerConnector@52e0ac74{HTTP/1.1, (http/1.1)}{0.0.0.0:15283}
2023-08-25 08:54:08,792 [Time-limited test] INFO  server.Server (Server.java:doStart(415)) - Started @210018ms
2023-08-25 08:54:08,792 [Time-limited test] WARN  impl.MetricsSystemImpl (MetricsSystemImpl.java:register(279)) - Sink prometheus already exists!
2023-08-25 08:54:08,792 [Time-limited test] INFO  http.BaseHttpServer (BaseHttpServer.java:updateConnectorAddress(344)) - HTTP server of hddsDatanode listening at http://0.0.0.0:15283
2023-08-25 08:54:08,793 [Time-limited test] INFO  ipc.CallQueueManager (CallQueueManager.java:<init>(90)) - Using callQueue: class java.util.concurrent.LinkedBlockingQueue, queueCapacity: 100, scheduler: class org.apache.hadoop.ipc.DefaultRpcScheduler, ipcBackoff: false.
2023-08-25 08:54:08,793 [Time-limited test] INFO  ipc.Server (Server.java:<init>(1287)) - Listener at 0.0.0.0:15284
2023-08-25 08:54:08,793 [Socket Reader #1 for port 15284] INFO  ipc.Server (Server.java:run(1323)) - Starting Socket Reader #1 for port 15284
2023-08-25 08:54:08,807 [Time-limited test] INFO  ozone.HddsDatanodeService (HddsDatanodeService.java:start(315)) - Datanode start with admins: [runner]
2023-08-25 08:54:08,807 [Time-limited test] INFO  ozone.HddsDatanodeClientProtocolServer (HddsDatanodeClientProtocolServer.java:start(72)) - RPC server for Client /0.0.0.0:15284
2023-08-25 08:54:08,810 [IPC Server Responder] INFO  ipc.Server (Server.java:run(1562)) - IPC Server Responder: starting
2023-08-25 08:54:08,811 [Time-limited test] WARN  impl.MetricRegistriesImpl (MetricRegistriesImpl.java:addReporterRegistration(111)) - New reporters are added after registries were created. Some metrics will be missing from the reporter. Please add reporter before adding any new registry.
2023-08-25 08:54:08,811 [Time-limited test] WARN  impl.MetricRegistriesImpl (MetricRegistriesImpl.java:addReporterRegistration(111)) - New reporters are added after registries were created. Some metrics will be missing from the reporter. Please add reporter before adding any new registry.
2023-08-25 08:54:08,811 [Time-limited test] INFO  impl.MetricsSystemImpl (MetricsSystemImpl.java:init(158)) - HddsDatanode metrics system started (again)
2023-08-25 08:54:08,813 [Datanode State Machine Daemon Thread] INFO  statemachine.DatanodeStateMachine (DatanodeStateMachine.java:lambda$startDaemon$0(538)) - Ozone container server started.
2023-08-25 08:54:08,817 [IPC Server listener on 15284] INFO  ipc.Server (Server.java:run(1402)) - IPC Server listener on 15284: starting
2023-08-25 08:54:08,830 [Datanode State Machine Task Thread - 0] INFO  datanode.InitDatanodeState (InitDatanodeState.java:persistContainerDatanodeDetails(138)) - DatanodeDetails is persisted to /home/runner/work/ozone/ozone/hadoop-ozone/integration-test/target/test-dir/MiniOzoneClusterImpl-e7e10417-51b4-42c5-96ae-91e23fec58ac/datanode-1/meta/datanode.id
2023-08-25 08:54:08,838 [Time-limited test] INFO  ozone.HddsDatanodeService (HddsDatanodeService.java:start(237)) - HddsDatanodeService host:fv-az584-689.msjcyvhqqs1uvpg4fm53wptgqc.jx.internal.cloudapp.net ip:10.1.0.19
2023-08-25 08:54:08,882 [Time-limited test] INFO  upgrade.AbstractLayoutVersionManager (AbstractLayoutVersionManager.java:init(83)) - Initializing Layout version manager with metadata layout = HADOOP_PRC_PORTS_IN_DATANODEDETAILS (version = 7), software layout = HADOOP_PRC_PORTS_IN_DATANODEDETAILS (version = 7)
2023-08-25 08:54:08,883 [Time-limited test] INFO  statemachine.DatanodeStateMachine (DatanodeStateMachine.java:getEndPointTaskThreadPoolSize(282)) - Datanode State Machine Task Thread Pool size 2
2023-08-25 08:54:08,884 [Time-limited test] INFO  volume.HddsVolume (HddsVolume.java:<init>(126)) - Creating HddsVolume: /home/runner/work/ozone/ozone/hadoop-ozone/integration-test/target/test-dir/MiniOzoneClusterImpl-e7e10417-51b4-42c5-96ae-91e23fec58ac/datanode-2/data-0/containers/hdds of storage type : DISK capacity : 9223372036854775807
2023-08-25 08:54:08,884 [Time-limited test] INFO  volume.MutableVolumeSet (MutableVolumeSet.java:initializeVolumeSet(173)) - Added Volume : /home/runner/work/ozone/ozone/hadoop-ozone/integration-test/target/test-dir/MiniOzoneClusterImpl-e7e10417-51b4-42c5-96ae-91e23fec58ac/datanode-2/data-0/containers/hdds to VolumeSet
2023-08-25 08:54:08,887 [Time-limited test] INFO  volume.MutableVolumeSet (MutableVolumeSet.java:initializeVolumeSet(173)) - Added Volume : /home/runner/work/ozone/ozone/hadoop-ozone/integration-test/target/test-dir/MiniOzoneClusterImpl-e7e10417-51b4-42c5-96ae-91e23fec58ac/datanode-2/data/ratis to VolumeSet
2023-08-25 08:54:08,888 [Thread-3103] INFO  ozoneimpl.ContainerReader (ContainerReader.java:readVolume(177)) - Finish verifying containers on volume /home/runner/work/ozone/ozone/hadoop-ozone/integration-test/target/test-dir/MiniOzoneClusterImpl-e7e10417-51b4-42c5-96ae-91e23fec58ac/datanode-2/data-0/containers/hdds
2023-08-25 08:54:08,888 [Time-limited test] INFO  ozoneimpl.OzoneContainer (OzoneContainer.java:buildContainerSet(314)) - Build ContainerSet costs 0s
2023-08-25 08:54:08,890 [Time-limited test] INFO  server.RaftServer (ConfUtils.java:logGet(46)) - raft.rpc.type = GRPC (default)
2023-08-25 08:54:08,890 [Time-limited test] INFO  grpc.GrpcConfigKeys (ConfUtils.java:logFallback(53)) - raft.grpc.admin.host = null (fallback to raft.grpc.server.host)
2023-08-25 08:54:08,890 [Time-limited test] INFO  grpc.GrpcConfigKeys (ConfUtils.java:logGet(46)) - raft.grpc.admin.port = 15296 (custom)
2023-08-25 08:54:08,890 [Time-limited test] INFO  grpc.GrpcConfigKeys (ConfUtils.java:logFallback(53)) - raft.grpc.client.host = null (fallback to raft.grpc.server.host)
2023-08-25 08:54:08,890 [Time-limited test] INFO  grpc.GrpcConfigKeys (ConfUtils.java:logGet(46)) - raft.grpc.client.port = 15295 (custom)
2023-08-25 08:54:08,891 [Time-limited test] INFO  grpc.GrpcConfigKeys (ConfUtils.java:logGet(46)) - raft.grpc.server.host = null (default)
2023-08-25 08:54:08,891 [Time-limited test] INFO  grpc.GrpcConfigKeys (ConfUtils.java:logGet(46)) - raft.grpc.server.port = 15297 (custom)
2023-08-25 08:54:08,891 [Time-limited test] INFO  server.GrpcService (ConfUtils.java:logGet(46)) - raft.grpc.message.size.max = 32MB (=33554432) (custom)
2023-08-25 08:54:08,891 [Time-limited test] INFO  server.RaftServerConfigKeys (ConfUtils.java:logGet(46)) - raft.server.log.appender.buffer.byte-limit = 33554432 (custom)
2023-08-25 08:54:08,891 [Time-limited test] INFO  server.GrpcService (ConfUtils.java:logGet(46)) - raft.grpc.flow.control.window = 5MB (=5242880) (custom)
2023-08-25 08:54:08,891 [Time-limited test] INFO  server.RaftServerConfigKeys (ConfUtils.java:logGet(46)) - raft.server.rpc.request.timeout = 60s (custom)
2023-08-25 08:54:08,891 [Time-limited test] INFO  grpc.GrpcConfigKeys (ConfUtils.java:logGet(46)) - raft.grpc.server.heartbeat.channel = true (default)
2023-08-25 08:54:08,891 [Time-limited test] INFO  grpc.GrpcConfigKeys (ConfUtils.java:logGet(46)) - raft.grpc.server.async.request.thread.pool.cached = true (default)
2023-08-25 08:54:08,891 [Time-limited test] INFO  grpc.GrpcConfigKeys (ConfUtils.java:logGet(46)) - raft.grpc.server.async.request.thread.pool.size = 32 (default)
2023-08-25 08:54:08,894 [Time-limited test] INFO  impl.DataStreamServerImpl (ConfUtils.java:logGet(46)) - raft.datastream.type = NETTY (custom)
2023-08-25 08:54:08,898 [Time-limited test] INFO  server.RaftServerConfigKeys (ConfUtils.java:logGet(46)) - raft.server.data-stream.async.request.thread.pool.cached = false (default)
2023-08-25 08:54:08,899 [Time-limited test] INFO  server.RaftServerConfigKeys (ConfUtils.java:logGet(46)) - raft.server.data-stream.async.request.thread.pool.size = 20 (custom)
2023-08-25 08:54:08,899 [Time-limited test] INFO  server.RaftServerConfigKeys (ConfUtils.java:logGet(46)) - raft.server.data-stream.async.write.thread.pool.size = 16 (default)
2023-08-25 08:54:08,899 [Time-limited test] INFO  server.RaftServerConfigKeys (ConfUtils.java:logGet(46)) - raft.server.data-stream.client.pool.size = 10 (default)
2023-08-25 08:54:08,899 [Time-limited test] INFO  netty.NettyConfigKeys$DataStream (ConfUtils.java:logGet(46)) - raft.netty.dataStream.server.use-epoll = false (default)
2023-08-25 08:54:08,899 [Time-limited test] INFO  netty.NettyConfigKeys$DataStream (ConfUtils.java:logGet(46)) - raft.netty.dataStream.server.boss-group.size = 0 (default)
2023-08-25 08:54:08,899 [Time-limited test] INFO  netty.NettyConfigKeys$DataStream (ConfUtils.java:logGet(46)) - raft.netty.dataStream.server.worker-group.size = 0 (default)
2023-08-25 08:54:08,900 [Time-limited test] INFO  netty.NettyConfigKeys$DataStream (ConfUtils.java:logGet(46)) - raft.netty.dataStream.server.tls.conf = null (default)
2023-08-25 08:54:08,900 [Time-limited test] INFO  netty.NettyConfigKeys$DataStream (ConfUtils.java:logGet(46)) - raft.netty.dataStream.host = null (default)
2023-08-25 08:54:08,900 [Time-limited test] INFO  netty.NettyConfigKeys$DataStream (ConfUtils.java:logGet(46)) - raft.netty.dataStream.port = 15298 (custom)
2023-08-25 08:54:08,900 [Time-limited test] INFO  server.RaftServerConfigKeys (ConfUtils.java:logGet(46)) - raft.server.threadpool.proxy.cached = true (default)
2023-08-25 08:54:08,900 [Time-limited test] INFO  server.RaftServerConfigKeys (ConfUtils.java:logGet(46)) - raft.server.threadpool.proxy.size = 0 (default)
2023-08-25 08:54:08,900 [Time-limited test] INFO  server.RaftServerConfigKeys (ConfUtils.java:logGet(46)) - raft.server.rpc.slowness.timeout = 300s (custom)
2023-08-25 08:54:08,900 [Time-limited test] INFO  server.RaftServerConfigKeys (ConfUtils.java:logGet(46)) - raft.server.leaderelection.leader.step-down.wait-time = 10s (default)
2023-08-25 08:54:08,900 [8c499c0a-8bdd-4b02-9c6d-bb3555d01e53-NettyServerStreamRpc-bossGroup--thread1] INFO  logging.LoggingHandler (AbstractInternalLogger.java:log(148)) - [id: 0xfa2a3d40] REGISTERED
2023-08-25 08:54:08,901 [Time-limited test] INFO  server.RaftServerConfigKeys (ConfUtils.java:logGet(46)) - raft.server.storage.dir = [/home/runner/work/ozone/ozone/hadoop-ozone/integration-test/target/test-dir/MiniOzoneClusterImpl-e7e10417-51b4-42c5-96ae-91e23fec58ac/datanode-2/data/ratis] (custom)
2023-08-25 08:54:08,901 [8c499c0a-8bdd-4b02-9c6d-bb3555d01e53-NettyServerStreamRpc-bossGroup--thread1] INFO  logging.LoggingHandler (AbstractInternalLogger.java:log(148)) - [id: 0xfa2a3d40] BIND: 0.0.0.0/0.0.0.0:15298
2023-08-25 08:54:08,901 [8c499c0a-8bdd-4b02-9c6d-bb3555d01e53-NettyServerStreamRpc-bossGroup--thread1] INFO  logging.LoggingHandler (AbstractInternalLogger.java:log(148)) - [id: 0xfa2a3d40, L:/0:0:0:0:0:0:0:0:15298] ACTIVE
2023-08-25 08:54:08,901 [8c499c0a-8bdd-4b02-9c6d-bb3555d01e53-impl-thread1] INFO  server.RaftServer (RaftServerProxy.java:initGroupDir(258)) - 8c499c0a-8bdd-4b02-9c6d-bb3555d01e53: found a subdirectory /home/runner/work/ozone/ozone/hadoop-ozone/integration-test/target/test-dir/MiniOzoneClusterImpl-e7e10417-51b4-42c5-96ae-91e23fec58ac/datanode-2/data/ratis/tmp
2023-08-25 08:54:08,901 [8c499c0a-8bdd-4b02-9c6d-bb3555d01e53-impl-thread1] INFO  server.RaftServer (RaftServerProxy.java:initGroupDir(263)) - 8c499c0a-8bdd-4b02-9c6d-bb3555d01e53: The directory /home/runner/work/ozone/ozone/hadoop-ozone/integration-test/target/test-dir/MiniOzoneClusterImpl-e7e10417-51b4-42c5-96ae-91e23fec58ac/datanode-2/data/ratis/tmp is not a group directory; ignoring it. 
2023-08-25 08:54:08,901 [Time-limited test] INFO  replication.ReplicationServer (ReplicationServer.java:<init>(81)) - Initializing replication server with thread count = 10
2023-08-25 08:54:08,903 [Time-limited test] INFO  server.XceiverServerGrpc (XceiverServerGrpc.java:<init>(132)) - GrpcServer channel type EpollServerSocketChannel
2023-08-25 08:54:08,904 [Time-limited test] INFO  replication.ReplicationSupervisor (ReplicationSupervisor.java:build(155)) - Initializing replication supervisor with thread count = 10
2023-08-25 08:54:08,904 [Time-limited test] INFO  replication.ReplicationSupervisor (ReplicationSupervisor.java:nodeStateUpdated(307)) - Node state updated to IN_SERVICE, scaling executor pool size to 10
2023-08-25 08:54:08,906 [Time-limited test] INFO  http.BaseHttpServer (BaseHttpServer.java:newHttpServer2BuilderForOzone(224)) - Starting Web-server for hddsDatanode at: http://0.0.0.0:15292
2023-08-25 08:54:08,906 [Time-limited test] INFO  http.BaseHttpServer (BaseHttpServer.java:<init>(111)) - Hadoop Security Enabled: false Ozone Security Enabled: false Ozone HTTP Security Enabled: false 
2023-08-25 08:54:08,909 [Time-limited test] WARN  server.AuthenticationFilter (AuthenticationFilter.java:constructSecretProvider(240)) - Unable to initialize FileSignerSecretProvider, falling back to use random secrets. Reason: Could not read signature secret file: /home/runner/hadoop-http-auth-signature-secret
2023-08-25 08:54:08,910 [Time-limited test] INFO  http.HttpRequestLog (HttpRequestLog.java:getRequestLog(86)) - Http request log for http.requests.hddsDatanode is not defined
2023-08-25 08:54:08,911 [Time-limited test] INFO  http.HttpServer2 (HttpServer2.java:addGlobalFilter(1031)) - Added global filter 'safety' (class=org.apache.hadoop.hdds.server.http.HttpServer2$QuotingInputFilter)
2023-08-25 08:54:08,911 [Time-limited test] INFO  http.HttpServer2 (HttpServer2.java:addFilter(1007)) - Added filter static_user_filter (class=org.apache.hadoop.http.lib.StaticUserWebFilter$StaticUserFilter) to context hddsDatanode
2023-08-25 08:54:08,911 [Time-limited test] INFO  http.HttpServer2 (HttpServer2.java:addFilter(1015)) - Added filter static_user_filter (class=org.apache.hadoop.http.lib.StaticUserWebFilter$StaticUserFilter) to context static
2023-08-25 08:54:08,911 [Time-limited test] INFO  http.HttpServer2 (HttpServer2.java:addFilter(1015)) - Added filter static_user_filter (class=org.apache.hadoop.http.lib.StaticUserWebFilter$StaticUserFilter) to context logs
2023-08-25 08:54:08,917 [Time-limited test] INFO  http.BaseHttpServer (BaseHttpServer.java:<init>(190)) - HTTP server of hddsDatanode uses base directory /home/runner/work/ozone/ozone/hadoop-ozone/integration-test/target/test-dir/MiniOzoneClusterImpl-e7e10417-51b4-42c5-96ae-91e23fec58ac/datanode-2/meta/webserver
2023-08-25 08:54:08,917 [Time-limited test] INFO  http.HttpServer2 (HttpServer2.java:bindListener(1250)) - Jetty bound to port 15292
2023-08-25 08:54:08,917 [Time-limited test] INFO  server.Server (Server.java:doStart(375)) - jetty-9.4.51.v20230217; built: 2023-02-17T08:19:37.309Z; git: b45c405e4544384de066f814ed42ae3dceacdd49; jvm 1.8.0_382-b05
2023-08-25 08:54:08,918 [Time-limited test] INFO  server.session (DefaultSessionIdManager.java:doStart(334)) - DefaultSessionIdManager workerName=node0
2023-08-25 08:54:08,918 [Time-limited test] INFO  server.session (DefaultSessionIdManager.java:doStart(339)) - No SessionScavenger set, using defaults
2023-08-25 08:54:08,919 [Time-limited test] INFO  server.session (HouseKeeper.java:startScavenging(132)) - node0 Scavenging every 600000ms
2023-08-25 08:54:08,919 [Time-limited test] INFO  handler.ContextHandler (ContextHandler.java:doStart(921)) - Started o.e.j.s.ServletContextHandler@5c6474bf{logs,/logs,file:///home/runner/work/ozone/ozone/hadoop-ozone/integration-test/target/log,AVAILABLE}
2023-08-25 08:54:08,920 [Time-limited test] INFO  handler.ContextHandler (ContextHandler.java:doStart(921)) - Started o.e.j.s.ServletContextHandler@31c3df30{static,/static,jar:file:/home/runner/.m2/repository/org/apache/ozone/hdds-container-service/1.4.0-SNAPSHOT/hdds-container-service-1.4.0-SNAPSHOT.jar!/webapps/static,AVAILABLE}
2023-08-25 08:54:09,041 [ReplicationMonitor] INFO  replication.ReplicationManager (ReplicationManager.java:processAll(361)) - Replication Manager is not ready to run until 3000ms after safemode exit
2023-08-25 08:54:09,158 [Time-limited test] INFO  handler.ContextHandler (ContextHandler.java:doStart(921)) - Started o.e.j.w.WebAppContext@7d130ada{hddsDatanode,/,file:///home/runner/work/ozone/ozone/hadoop-ozone/integration-test/target/test-dir/MiniOzoneClusterImpl-e7e10417-51b4-42c5-96ae-91e23fec58ac/datanode-2/meta/webserver/jetty-0_0_0_0-15292-hdds-container-service-1_4_0-SNAPSHOT_jar-_-any-9070548437154085325/webapp/,AVAILABLE}{jar:file:/home/runner/.m2/repository/org/apache/ozone/hdds-container-service/1.4.0-SNAPSHOT/hdds-container-service-1.4.0-SNAPSHOT.jar!/webapps/hddsDatanode}
2023-08-25 08:54:09,160 [Time-limited test] INFO  server.AbstractConnector (AbstractConnector.java:doStart(333)) - Started ServerConnector@26d84f4b{HTTP/1.1, (http/1.1)}{0.0.0.0:15292}
2023-08-25 08:54:09,160 [Time-limited test] INFO  server.Server (Server.java:doStart(415)) - Started @210387ms
2023-08-25 08:54:09,160 [Time-limited test] WARN  impl.MetricsSystemImpl (MetricsSystemImpl.java:register(279)) - Sink prometheus already exists!
2023-08-25 08:54:09,161 [Time-limited test] INFO  http.BaseHttpServer (BaseHttpServer.java:updateConnectorAddress(344)) - HTTP server of hddsDatanode listening at http://0.0.0.0:15292
2023-08-25 08:54:09,161 [Time-limited test] INFO  ipc.CallQueueManager (CallQueueManager.java:<init>(90)) - Using callQueue: class java.util.concurrent.LinkedBlockingQueue, queueCapacity: 100, scheduler: class org.apache.hadoop.ipc.DefaultRpcScheduler, ipcBackoff: false.
2023-08-25 08:54:09,162 [Time-limited test] INFO  ipc.Server (Server.java:<init>(1287)) - Listener at 0.0.0.0:15293
2023-08-25 08:54:09,162 [Socket Reader #1 for port 15293] INFO  ipc.Server (Server.java:run(1323)) - Starting Socket Reader #1 for port 15293
2023-08-25 08:54:09,166 [Time-limited test] INFO  ozone.HddsDatanodeService (HddsDatanodeService.java:start(315)) - Datanode start with admins: [runner]
2023-08-25 08:54:09,166 [Time-limited test] INFO  ozone.HddsDatanodeClientProtocolServer (HddsDatanodeClientProtocolServer.java:start(72)) - RPC server for Client /0.0.0.0:15293
2023-08-25 08:54:09,167 [IPC Server Responder] INFO  ipc.Server (Server.java:run(1562)) - IPC Server Responder: starting
2023-08-25 08:54:09,168 [IPC Server listener on 15293] INFO  ipc.Server (Server.java:run(1402)) - IPC Server listener on 15293: starting
2023-08-25 08:54:09,168 [Time-limited test] WARN  impl.MetricRegistriesImpl (MetricRegistriesImpl.java:addReporterRegistration(111)) - New reporters are added after registries were created. Some metrics will be missing from the reporter. Please add reporter before adding any new registry.
2023-08-25 08:54:09,168 [Time-limited test] WARN  impl.MetricRegistriesImpl (MetricRegistriesImpl.java:addReporterRegistration(111)) - New reporters are added after registries were created. Some metrics will be missing from the reporter. Please add reporter before adding any new registry.
2023-08-25 08:54:09,168 [Time-limited test] INFO  impl.MetricsSystemImpl (MetricsSystemImpl.java:init(158)) - HddsDatanode metrics system started (again)
2023-08-25 08:54:09,169 [Datanode State Machine Daemon Thread] INFO  statemachine.DatanodeStateMachine (DatanodeStateMachine.java:lambda$startDaemon$0(538)) - Ozone container server started.
2023-08-25 08:54:09,181 [Datanode State Machine Task Thread - 0] INFO  datanode.InitDatanodeState (InitDatanodeState.java:persistContainerDatanodeDetails(138)) - DatanodeDetails is persisted to /home/runner/work/ozone/ozone/hadoop-ozone/integration-test/target/test-dir/MiniOzoneClusterImpl-e7e10417-51b4-42c5-96ae-91e23fec58ac/datanode-2/meta/datanode.id
2023-08-25 08:54:09,187 [Time-limited test] INFO  ozone.HddsDatanodeService (HddsDatanodeService.java:start(237)) - HddsDatanodeService host:fv-az584-689.msjcyvhqqs1uvpg4fm53wptgqc.jx.internal.cloudapp.net ip:10.1.0.19
2023-08-25 08:54:09,211 [om1@group-C5BA1605619E-FollowerState] INFO  impl.FollowerState (FollowerState.java:run(143)) - om1@group-C5BA1605619E-FollowerState: change to CANDIDATE, lastRpcElapsedTime:1127678453ns, electionTimeout:1127ms
2023-08-25 08:54:09,211 [om1@group-C5BA1605619E-FollowerState] INFO  impl.RoleInfo (RoleInfo.java:shutdownFollowerState(110)) - om1: shutdown om1@group-C5BA1605619E-FollowerState
2023-08-25 08:54:09,211 [om1@group-C5BA1605619E-FollowerState] INFO  server.RaftServer$Division (RaftServerImpl.java:setRole(329)) - om1@group-C5BA1605619E: changes role from  FOLLOWER to CANDIDATE at term 0 for changeToCandidate
2023-08-25 08:54:09,211 [om1@group-C5BA1605619E-FollowerState] INFO  server.RaftServerConfigKeys (ConfUtils.java:logGet(46)) - raft.server.leaderelection.pre-vote = true (default)
2023-08-25 08:54:09,212 [om1@group-C5BA1605619E-FollowerState] INFO  impl.RoleInfo (RoleInfo.java:updateAndGet(139)) - om1: start om1@group-C5BA1605619E-LeaderElection50
2023-08-25 08:54:09,214 [om1@group-C5BA1605619E-LeaderElection50] INFO  impl.LeaderElection (LeaderElection.java:askForVotes(321)) - om1@group-C5BA1605619E-LeaderElection50 PRE_VOTE round 0: submit vote requests at term 0 for -1: peers:[om1|rpc:localhost:15272|priority:0|startupRole:FOLLOWER]|listeners:[], old=null
2023-08-25 08:54:09,214 [om1@group-C5BA1605619E-LeaderElection50] INFO  impl.LeaderElection (LeaderElection.java:askForVotes(323)) - om1@group-C5BA1605619E-LeaderElection50 PRE_VOTE round 0: result PASSED (term=0)
2023-08-25 08:54:09,216 [om1@group-C5BA1605619E-LeaderElection50] INFO  impl.LeaderElection (LeaderElection.java:askForVotes(321)) - om1@group-C5BA1605619E-LeaderElection50 ELECTION round 0: submit vote requests at term 1 for -1: peers:[om1|rpc:localhost:15272|priority:0|startupRole:FOLLOWER]|listeners:[], old=null
2023-08-25 08:54:09,216 [om1@group-C5BA1605619E-LeaderElection50] INFO  impl.LeaderElection (LeaderElection.java:askForVotes(323)) - om1@group-C5BA1605619E-LeaderElection50 ELECTION round 0: result PASSED (term=1)
2023-08-25 08:54:09,216 [om1@group-C5BA1605619E-LeaderElection50] INFO  impl.RoleInfo (RoleInfo.java:shutdownLeaderElection(130)) - om1: shutdown om1@group-C5BA1605619E-LeaderElection50
2023-08-25 08:54:09,216 [om1@group-C5BA1605619E-LeaderElection50] INFO  server.RaftServer$Division (RaftServerImpl.java:setRole(329)) - om1@group-C5BA1605619E: changes role from CANDIDATE to LEADER at term 1 for changeToLeader
2023-08-25 08:54:09,216 [om1@group-C5BA1605619E-LeaderElection50] INFO  server.RaftServer$Division (ServerState.java:setLeader(317)) - om1@group-C5BA1605619E: change Leader from null to om1 at term 1 for becomeLeader, leader elected after 1734ms
2023-08-25 08:54:09,216 [om1@group-C5BA1605619E-LeaderElection50] INFO  server.RaftServerConfigKeys (ConfUtils.java:logGet(46)) - raft.server.staging.catchup.gap = 1000 (default)
2023-08-25 08:54:09,217 [om1@group-C5BA1605619E-LeaderElection50] INFO  server.RaftServerConfigKeys (ConfUtils.java:logGet(46)) - raft.server.write.element-limit = 4096 (default)
2023-08-25 08:54:09,217 [om1@group-C5BA1605619E-LeaderElection50] INFO  server.RaftServerConfigKeys (ConfUtils.java:logGet(46)) - raft.server.write.byte-limit = 64MB (=67108864) (default)
2023-08-25 08:54:09,217 [om1@group-C5BA1605619E-LeaderElection50] INFO  server.RaftServerConfigKeys (ConfUtils.java:logGet(46)) - raft.server.watch.timeout = 10s (default)
2023-08-25 08:54:09,217 [om1@group-C5BA1605619E-LeaderElection50] INFO  server.RaftServerConfigKeys (ConfUtils.java:logGet(46)) - raft.server.watch.timeout.denomination = 1s (default)
2023-08-25 08:54:09,217 [om1@group-C5BA1605619E-LeaderElection50] INFO  server.RaftServerConfigKeys (ConfUtils.java:logGet(46)) - raft.server.watch.element-limit = 65536 (default)
2023-08-25 08:54:09,217 [om1@group-C5BA1605619E-LeaderElection50] INFO  server.RaftServerConfigKeys (ConfUtils.java:logGet(46)) - raft.server.write.element-limit = 4096 (default)
2023-08-25 08:54:09,217 [om1@group-C5BA1605619E-LeaderElection50] INFO  server.RaftServerConfigKeys (ConfUtils.java:logGet(46)) - raft.server.write.follower.gap.ratio.max = -1.0 (default)
2023-08-25 08:54:09,218 [om1@group-C5BA1605619E-LeaderElection50] INFO  impl.RoleInfo (RoleInfo.java:updateAndGet(139)) - om1: start om1@group-C5BA1605619E-LeaderStateImpl
2023-08-25 08:54:09,218 [om1@group-C5BA1605619E-LeaderElection50] INFO  segmented.SegmentedRaftLogWorker (SegmentedRaftLogWorker.java:startLogSegment(447)) - om1@group-C5BA1605619E-SegmentedRaftLogWorker: Starting segment from index:0
2023-08-25 08:54:09,224 [om1@group-C5BA1605619E-LeaderElection50] INFO  server.RaftServer$Division (ServerState.java:setRaftConf(434)) - om1@group-C5BA1605619E: set configuration 0: peers:[om1|rpc:localhost:15272|admin:|client:|dataStream:|priority:0|startupRole:FOLLOWER]|listeners:[], old=null
2023-08-25 08:54:09,225 [Time-limited test] INFO  upgrade.AbstractLayoutVersionManager (AbstractLayoutVersionManager.java:init(83)) - Initializing Layout version manager with metadata layout = HADOOP_PRC_PORTS_IN_DATANODEDETAILS (version = 7), software layout = HADOOP_PRC_PORTS_IN_DATANODEDETAILS (version = 7)
2023-08-25 08:54:09,226 [Time-limited test] INFO  statemachine.DatanodeStateMachine (DatanodeStateMachine.java:getEndPointTaskThreadPoolSize(282)) - Datanode State Machine Task Thread Pool size 2
2023-08-25 08:54:09,227 [Time-limited test] INFO  volume.HddsVolume (HddsVolume.java:<init>(126)) - Creating HddsVolume: /home/runner/work/ozone/ozone/hadoop-ozone/integration-test/target/test-dir/MiniOzoneClusterImpl-e7e10417-51b4-42c5-96ae-91e23fec58ac/datanode-3/data-0/containers/hdds of storage type : DISK capacity : 9223372036854775807
2023-08-25 08:54:09,227 [Time-limited test] INFO  volume.MutableVolumeSet (MutableVolumeSet.java:initializeVolumeSet(173)) - Added Volume : /home/runner/work/ozone/ozone/hadoop-ozone/integration-test/target/test-dir/MiniOzoneClusterImpl-e7e10417-51b4-42c5-96ae-91e23fec58ac/datanode-3/data-0/containers/hdds to VolumeSet
2023-08-25 08:54:09,228 [Time-limited test] INFO  volume.MutableVolumeSet (MutableVolumeSet.java:initializeVolumeSet(173)) - Added Volume : /home/runner/work/ozone/ozone/hadoop-ozone/integration-test/target/test-dir/MiniOzoneClusterImpl-e7e10417-51b4-42c5-96ae-91e23fec58ac/datanode-3/data/ratis to VolumeSet
2023-08-25 08:54:09,228 [Thread-3122] INFO  ozoneimpl.ContainerReader (ContainerReader.java:readVolume(177)) - Finish verifying containers on volume /home/runner/work/ozone/ozone/hadoop-ozone/integration-test/target/test-dir/MiniOzoneClusterImpl-e7e10417-51b4-42c5-96ae-91e23fec58ac/datanode-3/data-0/containers/hdds
2023-08-25 08:54:09,228 [Time-limited test] INFO  ozoneimpl.OzoneContainer (OzoneContainer.java:buildContainerSet(314)) - Build ContainerSet costs 0s
2023-08-25 08:54:09,230 [Time-limited test] INFO  server.RaftServer (ConfUtils.java:logGet(46)) - raft.rpc.type = GRPC (default)
2023-08-25 08:54:09,230 [Time-limited test] INFO  grpc.GrpcConfigKeys (ConfUtils.java:logFallback(53)) - raft.grpc.admin.host = null (fallback to raft.grpc.server.host)
2023-08-25 08:54:09,230 [Time-limited test] INFO  grpc.GrpcConfigKeys (ConfUtils.java:logGet(46)) - raft.grpc.admin.port = 15305 (custom)
2023-08-25 08:54:09,231 [Time-limited test] INFO  grpc.GrpcConfigKeys (ConfUtils.java:logFallback(53)) - raft.grpc.client.host = null (fallback to raft.grpc.server.host)
2023-08-25 08:54:09,231 [Time-limited test] INFO  grpc.GrpcConfigKeys (ConfUtils.java:logGet(46)) - raft.grpc.client.port = 15304 (custom)
2023-08-25 08:54:09,231 [Time-limited test] INFO  grpc.GrpcConfigKeys (ConfUtils.java:logGet(46)) - raft.grpc.server.host = null (default)
2023-08-25 08:54:09,231 [Time-limited test] INFO  grpc.GrpcConfigKeys (ConfUtils.java:logGet(46)) - raft.grpc.server.port = 15306 (custom)
2023-08-25 08:54:09,231 [Time-limited test] INFO  server.GrpcService (ConfUtils.java:logGet(46)) - raft.grpc.message.size.max = 32MB (=33554432) (custom)
2023-08-25 08:54:09,231 [Time-limited test] INFO  server.RaftServerConfigKeys (ConfUtils.java:logGet(46)) - raft.server.log.appender.buffer.byte-limit = 33554432 (custom)
2023-08-25 08:54:09,231 [Time-limited test] INFO  server.GrpcService (ConfUtils.java:logGet(46)) - raft.grpc.flow.control.window = 5MB (=5242880) (custom)
2023-08-25 08:54:09,231 [Time-limited test] INFO  server.RaftServerConfigKeys (ConfUtils.java:logGet(46)) - raft.server.rpc.request.timeout = 60s (custom)
2023-08-25 08:54:09,231 [Time-limited test] INFO  grpc.GrpcConfigKeys (ConfUtils.java:logGet(46)) - raft.grpc.server.heartbeat.channel = true (default)
2023-08-25 08:54:09,231 [Time-limited test] INFO  grpc.GrpcConfigKeys (ConfUtils.java:logGet(46)) - raft.grpc.server.async.request.thread.pool.cached = true (default)
2023-08-25 08:54:09,232 [Time-limited test] INFO  grpc.GrpcConfigKeys (ConfUtils.java:logGet(46)) - raft.grpc.server.async.request.thread.pool.size = 32 (default)
2023-08-25 08:54:09,233 [om1@group-C5BA1605619E-SegmentedRaftLogWorker] INFO  segmented.SegmentedRaftLogWorker (SegmentedRaftLogWorker.java:execute(651)) - om1@group-C5BA1605619E-SegmentedRaftLogWorker: created new log segment /home/runner/work/ozone/ozone/hadoop-ozone/integration-test/target/test-dir/MiniOzoneClusterImpl-e7e10417-51b4-42c5-96ae-91e23fec58ac/ozone-meta/ratis/bf265839-605b-3f16-9796-c5ba1605619e/current/log_inprogress_0
2023-08-25 08:54:09,234 [Time-limited test] INFO  impl.DataStreamServerImpl (ConfUtils.java:logGet(46)) - raft.datastream.type = NETTY (custom)
2023-08-25 08:54:09,234 [Time-limited test] INFO  server.RaftServerConfigKeys (ConfUtils.java:logGet(46)) - raft.server.data-stream.async.request.thread.pool.cached = false (default)
2023-08-25 08:54:09,234 [Time-limited test] INFO  server.RaftServerConfigKeys (ConfUtils.java:logGet(46)) - raft.server.data-stream.async.request.thread.pool.size = 20 (custom)
2023-08-25 08:54:09,234 [Time-limited test] INFO  server.RaftServerConfigKeys (ConfUtils.java:logGet(46)) - raft.server.data-stream.async.write.thread.pool.size = 16 (default)
2023-08-25 08:54:09,235 [Time-limited test] INFO  server.RaftServerConfigKeys (ConfUtils.java:logGet(46)) - raft.server.data-stream.client.pool.size = 10 (default)
2023-08-25 08:54:09,235 [Time-limited test] INFO  netty.NettyConfigKeys$DataStream (ConfUtils.java:logGet(46)) - raft.netty.dataStream.server.use-epoll = false (default)
2023-08-25 08:54:09,235 [Time-limited test] INFO  netty.NettyConfigKeys$DataStream (ConfUtils.java:logGet(46)) - raft.netty.dataStream.server.boss-group.size = 0 (default)
2023-08-25 08:54:09,235 [om1@group-C5BA1605619E-StateMachineUpdater] INFO  ratis.OzoneManagerStateMachine (OzoneManagerStateMachine.java:notifyConfigurationChanged(202)) - Received Configuration change notification from Ratis. New Peer list:
[id: "om1"
address: "localhost:15272"
startupRole: FOLLOWER
]
2023-08-25 08:54:09,235 [Time-limited test] INFO  netty.NettyConfigKeys$DataStream (ConfUtils.java:logGet(46)) - raft.netty.dataStream.server.worker-group.size = 0 (default)
2023-08-25 08:54:09,235 [Time-limited test] INFO  netty.NettyConfigKeys$DataStream (ConfUtils.java:logGet(46)) - raft.netty.dataStream.server.tls.conf = null (default)
2023-08-25 08:54:09,236 [Time-limited test] INFO  netty.NettyConfigKeys$DataStream (ConfUtils.java:logGet(46)) - raft.netty.dataStream.host = null (default)
2023-08-25 08:54:09,236 [Time-limited test] INFO  netty.NettyConfigKeys$DataStream (ConfUtils.java:logGet(46)) - raft.netty.dataStream.port = 15307 (custom)
2023-08-25 08:54:09,236 [Time-limited test] INFO  server.RaftServerConfigKeys (ConfUtils.java:logGet(46)) - raft.server.threadpool.proxy.cached = true (default)
2023-08-25 08:54:09,236 [Time-limited test] INFO  server.RaftServerConfigKeys (ConfUtils.java:logGet(46)) - raft.server.threadpool.proxy.size = 0 (default)
2023-08-25 08:54:09,236 [Time-limited test] INFO  server.RaftServerConfigKeys (ConfUtils.java:logGet(46)) - raft.server.rpc.slowness.timeout = 300s (custom)
2023-08-25 08:54:09,236 [Time-limited test] INFO  server.RaftServerConfigKeys (ConfUtils.java:logGet(46)) - raft.server.leaderelection.leader.step-down.wait-time = 10s (default)
2023-08-25 08:54:09,237 [c232c302-4b44-4a08-8d69-5010a6de413a-NettyServerStreamRpc-bossGroup--thread1] INFO  logging.LoggingHandler (AbstractInternalLogger.java:log(148)) - [id: 0xe0c61d13] REGISTERED
2023-08-25 08:54:09,237 [Time-limited test] INFO  server.RaftServerConfigKeys (ConfUtils.java:logGet(46)) - raft.server.storage.dir = [/home/runner/work/ozone/ozone/hadoop-ozone/integration-test/target/test-dir/MiniOzoneClusterImpl-e7e10417-51b4-42c5-96ae-91e23fec58ac/datanode-3/data/ratis] (custom)
2023-08-25 08:54:09,237 [c232c302-4b44-4a08-8d69-5010a6de413a-NettyServerStreamRpc-bossGroup--thread1] INFO  logging.LoggingHandler (AbstractInternalLogger.java:log(148)) - [id: 0xe0c61d13] BIND: 0.0.0.0/0.0.0.0:15307
2023-08-25 08:54:09,237 [c232c302-4b44-4a08-8d69-5010a6de413a-NettyServerStreamRpc-bossGroup--thread1] INFO  logging.LoggingHandler (AbstractInternalLogger.java:log(148)) - [id: 0xe0c61d13, L:/0:0:0:0:0:0:0:0:15307] ACTIVE
2023-08-25 08:54:09,237 [c232c302-4b44-4a08-8d69-5010a6de413a-impl-thread1] INFO  server.RaftServer (RaftServerProxy.java:initGroupDir(258)) - c232c302-4b44-4a08-8d69-5010a6de413a: found a subdirectory /home/runner/work/ozone/ozone/hadoop-ozone/integration-test/target/test-dir/MiniOzoneClusterImpl-e7e10417-51b4-42c5-96ae-91e23fec58ac/datanode-3/data/ratis/tmp
2023-08-25 08:54:09,237 [c232c302-4b44-4a08-8d69-5010a6de413a-impl-thread1] INFO  server.RaftServer (RaftServerProxy.java:initGroupDir(263)) - c232c302-4b44-4a08-8d69-5010a6de413a: The directory /home/runner/work/ozone/ozone/hadoop-ozone/integration-test/target/test-dir/MiniOzoneClusterImpl-e7e10417-51b4-42c5-96ae-91e23fec58ac/datanode-3/data/ratis/tmp is not a group directory; ignoring it. 
2023-08-25 08:54:09,237 [Time-limited test] INFO  replication.ReplicationServer (ReplicationServer.java:<init>(81)) - Initializing replication server with thread count = 10
2023-08-25 08:54:09,238 [Time-limited test] INFO  server.XceiverServerGrpc (XceiverServerGrpc.java:<init>(132)) - GrpcServer channel type EpollServerSocketChannel
2023-08-25 08:54:09,240 [Time-limited test] INFO  replication.ReplicationSupervisor (ReplicationSupervisor.java:build(155)) - Initializing replication supervisor with thread count = 10
2023-08-25 08:54:09,240 [Time-limited test] INFO  replication.ReplicationSupervisor (ReplicationSupervisor.java:nodeStateUpdated(307)) - Node state updated to IN_SERVICE, scaling executor pool size to 10
2023-08-25 08:54:09,241 [Time-limited test] INFO  http.BaseHttpServer (BaseHttpServer.java:newHttpServer2BuilderForOzone(224)) - Starting Web-server for hddsDatanode at: http://0.0.0.0:15301
2023-08-25 08:54:09,241 [Time-limited test] INFO  http.BaseHttpServer (BaseHttpServer.java:<init>(111)) - Hadoop Security Enabled: false Ozone Security Enabled: false Ozone HTTP Security Enabled: false 
2023-08-25 08:54:09,245 [Time-limited test] WARN  server.AuthenticationFilter (AuthenticationFilter.java:constructSecretProvider(240)) - Unable to initialize FileSignerSecretProvider, falling back to use random secrets. Reason: Could not read signature secret file: /home/runner/hadoop-http-auth-signature-secret
2023-08-25 08:54:09,247 [Time-limited test] INFO  http.HttpRequestLog (HttpRequestLog.java:getRequestLog(86)) - Http request log for http.requests.hddsDatanode is not defined
2023-08-25 08:54:09,248 [Time-limited test] INFO  http.HttpServer2 (HttpServer2.java:addGlobalFilter(1031)) - Added global filter 'safety' (class=org.apache.hadoop.hdds.server.http.HttpServer2$QuotingInputFilter)
2023-08-25 08:54:09,249 [Time-limited test] INFO  http.HttpServer2 (HttpServer2.java:addFilter(1007)) - Added filter static_user_filter (class=org.apache.hadoop.http.lib.StaticUserWebFilter$StaticUserFilter) to context hddsDatanode
2023-08-25 08:54:09,249 [Time-limited test] INFO  http.HttpServer2 (HttpServer2.java:addFilter(1015)) - Added filter static_user_filter (class=org.apache.hadoop.http.lib.StaticUserWebFilter$StaticUserFilter) to context logs
2023-08-25 08:54:09,249 [Time-limited test] INFO  http.HttpServer2 (HttpServer2.java:addFilter(1015)) - Added filter static_user_filter (class=org.apache.hadoop.http.lib.StaticUserWebFilter$StaticUserFilter) to context static
2023-08-25 08:54:09,249 [Time-limited test] INFO  http.BaseHttpServer (BaseHttpServer.java:<init>(190)) - HTTP server of hddsDatanode uses base directory /home/runner/work/ozone/ozone/hadoop-ozone/integration-test/target/test-dir/MiniOzoneClusterImpl-e7e10417-51b4-42c5-96ae-91e23fec58ac/datanode-3/meta/webserver
2023-08-25 08:54:09,249 [Time-limited test] INFO  http.HttpServer2 (HttpServer2.java:bindListener(1250)) - Jetty bound to port 15301
2023-08-25 08:54:09,250 [Time-limited test] INFO  server.Server (Server.java:doStart(375)) - jetty-9.4.51.v20230217; built: 2023-02-17T08:19:37.309Z; git: b45c405e4544384de066f814ed42ae3dceacdd49; jvm 1.8.0_382-b05
2023-08-25 08:54:09,263 [Time-limited test] INFO  server.session (DefaultSessionIdManager.java:doStart(334)) - DefaultSessionIdManager workerName=node0
2023-08-25 08:54:09,263 [Time-limited test] INFO  server.session (DefaultSessionIdManager.java:doStart(339)) - No SessionScavenger set, using defaults
2023-08-25 08:54:09,265 [Time-limited test] INFO  server.session (HouseKeeper.java:startScavenging(132)) - node0 Scavenging every 600000ms
2023-08-25 08:54:09,266 [Time-limited test] INFO  handler.ContextHandler (ContextHandler.java:doStart(921)) - Started o.e.j.s.ServletContextHandler@57e1f8a9{logs,/logs,file:///home/runner/work/ozone/ozone/hadoop-ozone/integration-test/target/log,AVAILABLE}
2023-08-25 08:54:09,266 [Time-limited test] INFO  handler.ContextHandler (ContextHandler.java:doStart(921)) - Started o.e.j.s.ServletContextHandler@18c0a1ae{static,/static,jar:file:/home/runner/.m2/repository/org/apache/ozone/hdds-container-service/1.4.0-SNAPSHOT/hdds-container-service-1.4.0-SNAPSHOT.jar!/webapps/static,AVAILABLE}
2023-08-25 08:54:09,510 [Time-limited test] INFO  handler.ContextHandler (ContextHandler.java:doStart(921)) - Started o.e.j.w.WebAppContext@8e42c69{hddsDatanode,/,file:///home/runner/work/ozone/ozone/hadoop-ozone/integration-test/target/test-dir/MiniOzoneClusterImpl-e7e10417-51b4-42c5-96ae-91e23fec58ac/datanode-3/meta/webserver/jetty-0_0_0_0-15301-hdds-container-service-1_4_0-SNAPSHOT_jar-_-any-2548483209276987553/webapp/,AVAILABLE}{jar:file:/home/runner/.m2/repository/org/apache/ozone/hdds-container-service/1.4.0-SNAPSHOT/hdds-container-service-1.4.0-SNAPSHOT.jar!/webapps/hddsDatanode}
2023-08-25 08:54:09,514 [Time-limited test] INFO  server.AbstractConnector (AbstractConnector.java:doStart(333)) - Started ServerConnector@3ac2d98c{HTTP/1.1, (http/1.1)}{0.0.0.0:15301}
2023-08-25 08:54:09,514 [Time-limited test] INFO  server.Server (Server.java:doStart(415)) - Started @210741ms
2023-08-25 08:54:09,514 [Time-limited test] WARN  impl.MetricsSystemImpl (MetricsSystemImpl.java:register(279)) - Sink prometheus already exists!
2023-08-25 08:54:09,515 [Time-limited test] INFO  http.BaseHttpServer (BaseHttpServer.java:updateConnectorAddress(344)) - HTTP server of hddsDatanode listening at http://0.0.0.0:15301
2023-08-25 08:54:09,515 [Time-limited test] INFO  ipc.CallQueueManager (CallQueueManager.java:<init>(90)) - Using callQueue: class java.util.concurrent.LinkedBlockingQueue, queueCapacity: 100, scheduler: class org.apache.hadoop.ipc.DefaultRpcScheduler, ipcBackoff: false.
2023-08-25 08:54:09,515 [Time-limited test] INFO  ipc.Server (Server.java:<init>(1287)) - Listener at 0.0.0.0:15302
2023-08-25 08:54:09,516 [Socket Reader #1 for port 15302] INFO  ipc.Server (Server.java:run(1323)) - Starting Socket Reader #1 for port 15302
2023-08-25 08:54:09,519 [Time-limited test] INFO  ozone.HddsDatanodeService (HddsDatanodeService.java:start(315)) - Datanode start with admins: [runner]
2023-08-25 08:54:09,519 [Time-limited test] INFO  ozone.HddsDatanodeClientProtocolServer (HddsDatanodeClientProtocolServer.java:start(72)) - RPC server for Client /0.0.0.0:15302
2023-08-25 08:54:09,521 [IPC Server Responder] INFO  ipc.Server (Server.java:run(1562)) - IPC Server Responder: starting
2023-08-25 08:54:09,525 [IPC Server listener on 15302] INFO  ipc.Server (Server.java:run(1402)) - IPC Server listener on 15302: starting
2023-08-25 08:54:09,525 [Datanode State Machine Daemon Thread] INFO  statemachine.DatanodeStateMachine (DatanodeStateMachine.java:lambda$startDaemon$0(538)) - Ozone container server started.
2023-08-25 08:54:09,525 [Time-limited test] WARN  impl.MetricRegistriesImpl (MetricRegistriesImpl.java:addReporterRegistration(111)) - New reporters are added after registries were created. Some metrics will be missing from the reporter. Please add reporter before adding any new registry.
2023-08-25 08:54:09,525 [Time-limited test] WARN  impl.MetricRegistriesImpl (MetricRegistriesImpl.java:addReporterRegistration(111)) - New reporters are added after registries were created. Some metrics will be missing from the reporter. Please add reporter before adding any new registry.
2023-08-25 08:54:09,525 [Time-limited test] INFO  impl.MetricsSystemImpl (MetricsSystemImpl.java:init(158)) - HddsDatanode metrics system started (again)
2023-08-25 08:54:09,543 [Datanode State Machine Task Thread - 0] INFO  datanode.InitDatanodeState (InitDatanodeState.java:persistContainerDatanodeDetails(138)) - DatanodeDetails is persisted to /home/runner/work/ozone/ozone/hadoop-ozone/integration-test/target/test-dir/MiniOzoneClusterImpl-e7e10417-51b4-42c5-96ae-91e23fec58ac/datanode-3/meta/datanode.id
2023-08-25 08:54:09,545 [Time-limited test] INFO  ozone.HddsDatanodeService (HddsDatanodeService.java:start(237)) - HddsDatanodeService host:fv-az584-689.msjcyvhqqs1uvpg4fm53wptgqc.jx.internal.cloudapp.net ip:10.1.0.19
2023-08-25 08:54:09,583 [Time-limited test] INFO  upgrade.AbstractLayoutVersionManager (AbstractLayoutVersionManager.java:init(83)) - Initializing Layout version manager with metadata layout = HADOOP_PRC_PORTS_IN_DATANODEDETAILS (version = 7), software layout = HADOOP_PRC_PORTS_IN_DATANODEDETAILS (version = 7)
2023-08-25 08:54:09,584 [Time-limited test] INFO  statemachine.DatanodeStateMachine (DatanodeStateMachine.java:getEndPointTaskThreadPoolSize(282)) - Datanode State Machine Task Thread Pool size 2
2023-08-25 08:54:09,589 [Time-limited test] INFO  volume.HddsVolume (HddsVolume.java:<init>(126)) - Creating HddsVolume: /home/runner/work/ozone/ozone/hadoop-ozone/integration-test/target/test-dir/MiniOzoneClusterImpl-e7e10417-51b4-42c5-96ae-91e23fec58ac/datanode-4/data-0/containers/hdds of storage type : DISK capacity : 9223372036854775807
2023-08-25 08:54:09,589 [Time-limited test] INFO  volume.MutableVolumeSet (MutableVolumeSet.java:initializeVolumeSet(173)) - Added Volume : /home/runner/work/ozone/ozone/hadoop-ozone/integration-test/target/test-dir/MiniOzoneClusterImpl-e7e10417-51b4-42c5-96ae-91e23fec58ac/datanode-4/data-0/containers/hdds to VolumeSet
2023-08-25 08:54:09,591 [Time-limited test] INFO  volume.MutableVolumeSet (MutableVolumeSet.java:initializeVolumeSet(173)) - Added Volume : /home/runner/work/ozone/ozone/hadoop-ozone/integration-test/target/test-dir/MiniOzoneClusterImpl-e7e10417-51b4-42c5-96ae-91e23fec58ac/datanode-4/data/ratis to VolumeSet
2023-08-25 08:54:09,593 [Thread-3139] INFO  ozoneimpl.ContainerReader (ContainerReader.java:readVolume(177)) - Finish verifying containers on volume /home/runner/work/ozone/ozone/hadoop-ozone/integration-test/target/test-dir/MiniOzoneClusterImpl-e7e10417-51b4-42c5-96ae-91e23fec58ac/datanode-4/data-0/containers/hdds
2023-08-25 08:54:09,593 [Time-limited test] INFO  ozoneimpl.OzoneContainer (OzoneContainer.java:buildContainerSet(314)) - Build ContainerSet costs 0s
2023-08-25 08:54:09,595 [Time-limited test] INFO  server.RaftServer (ConfUtils.java:logGet(46)) - raft.rpc.type = GRPC (default)
2023-08-25 08:54:09,595 [Time-limited test] INFO  grpc.GrpcConfigKeys (ConfUtils.java:logFallback(53)) - raft.grpc.admin.host = null (fallback to raft.grpc.server.host)
2023-08-25 08:54:09,595 [Time-limited test] INFO  grpc.GrpcConfigKeys (ConfUtils.java:logGet(46)) - raft.grpc.admin.port = 15314 (custom)
2023-08-25 08:54:09,595 [Time-limited test] INFO  grpc.GrpcConfigKeys (ConfUtils.java:logFallback(53)) - raft.grpc.client.host = null (fallback to raft.grpc.server.host)
2023-08-25 08:54:09,595 [Time-limited test] INFO  grpc.GrpcConfigKeys (ConfUtils.java:logGet(46)) - raft.grpc.client.port = 15313 (custom)
2023-08-25 08:54:09,595 [Time-limited test] INFO  grpc.GrpcConfigKeys (ConfUtils.java:logGet(46)) - raft.grpc.server.host = null (default)
2023-08-25 08:54:09,595 [Time-limited test] INFO  grpc.GrpcConfigKeys (ConfUtils.java:logGet(46)) - raft.grpc.server.port = 15315 (custom)
2023-08-25 08:54:09,595 [Time-limited test] INFO  server.GrpcService (ConfUtils.java:logGet(46)) - raft.grpc.message.size.max = 32MB (=33554432) (custom)
2023-08-25 08:54:09,595 [Time-limited test] INFO  server.RaftServerConfigKeys (ConfUtils.java:logGet(46)) - raft.server.log.appender.buffer.byte-limit = 33554432 (custom)
2023-08-25 08:54:09,595 [Time-limited test] INFO  server.GrpcService (ConfUtils.java:logGet(46)) - raft.grpc.flow.control.window = 5MB (=5242880) (custom)
2023-08-25 08:54:09,596 [Time-limited test] INFO  server.RaftServerConfigKeys (ConfUtils.java:logGet(46)) - raft.server.rpc.request.timeout = 60s (custom)
2023-08-25 08:54:09,596 [Time-limited test] INFO  grpc.GrpcConfigKeys (ConfUtils.java:logGet(46)) - raft.grpc.server.heartbeat.channel = true (default)
2023-08-25 08:54:09,596 [Time-limited test] INFO  grpc.GrpcConfigKeys (ConfUtils.java:logGet(46)) - raft.grpc.server.async.request.thread.pool.cached = true (default)
2023-08-25 08:54:09,596 [Time-limited test] INFO  grpc.GrpcConfigKeys (ConfUtils.java:logGet(46)) - raft.grpc.server.async.request.thread.pool.size = 32 (default)
2023-08-25 08:54:09,605 [Time-limited test] INFO  impl.DataStreamServerImpl (ConfUtils.java:logGet(46)) - raft.datastream.type = NETTY (custom)
2023-08-25 08:54:09,605 [Time-limited test] INFO  server.RaftServerConfigKeys (ConfUtils.java:logGet(46)) - raft.server.data-stream.async.request.thread.pool.cached = false (default)
2023-08-25 08:54:09,605 [Time-limited test] INFO  server.RaftServerConfigKeys (ConfUtils.java:logGet(46)) - raft.server.data-stream.async.request.thread.pool.size = 20 (custom)
2023-08-25 08:54:09,608 [Time-limited test] INFO  server.RaftServerConfigKeys (ConfUtils.java:logGet(46)) - raft.server.data-stream.async.write.thread.pool.size = 16 (default)
2023-08-25 08:54:09,608 [Time-limited test] INFO  server.RaftServerConfigKeys (ConfUtils.java:logGet(46)) - raft.server.data-stream.client.pool.size = 10 (default)
2023-08-25 08:54:09,609 [Time-limited test] INFO  netty.NettyConfigKeys$DataStream (ConfUtils.java:logGet(46)) - raft.netty.dataStream.server.use-epoll = false (default)
2023-08-25 08:54:09,609 [Time-limited test] INFO  netty.NettyConfigKeys$DataStream (ConfUtils.java:logGet(46)) - raft.netty.dataStream.server.boss-group.size = 0 (default)
2023-08-25 08:54:09,609 [Time-limited test] INFO  netty.NettyConfigKeys$DataStream (ConfUtils.java:logGet(46)) - raft.netty.dataStream.server.worker-group.size = 0 (default)
2023-08-25 08:54:09,609 [Time-limited test] INFO  netty.NettyConfigKeys$DataStream (ConfUtils.java:logGet(46)) - raft.netty.dataStream.server.tls.conf = null (default)
2023-08-25 08:54:09,609 [Time-limited test] INFO  netty.NettyConfigKeys$DataStream (ConfUtils.java:logGet(46)) - raft.netty.dataStream.host = null (default)
2023-08-25 08:54:09,610 [Time-limited test] INFO  netty.NettyConfigKeys$DataStream (ConfUtils.java:logGet(46)) - raft.netty.dataStream.port = 15316 (custom)
2023-08-25 08:54:09,610 [Time-limited test] INFO  server.RaftServerConfigKeys (ConfUtils.java:logGet(46)) - raft.server.threadpool.proxy.cached = true (default)
2023-08-25 08:54:09,610 [Time-limited test] INFO  server.RaftServerConfigKeys (ConfUtils.java:logGet(46)) - raft.server.threadpool.proxy.size = 0 (default)
2023-08-25 08:54:09,610 [Time-limited test] INFO  server.RaftServerConfigKeys (ConfUtils.java:logGet(46)) - raft.server.rpc.slowness.timeout = 300s (custom)
2023-08-25 08:54:09,610 [Time-limited test] INFO  server.RaftServerConfigKeys (ConfUtils.java:logGet(46)) - raft.server.leaderelection.leader.step-down.wait-time = 10s (default)
2023-08-25 08:54:09,610 [Time-limited test] INFO  server.RaftServerConfigKeys (ConfUtils.java:logGet(46)) - raft.server.storage.dir = [/home/runner/work/ozone/ozone/hadoop-ozone/integration-test/target/test-dir/MiniOzoneClusterImpl-e7e10417-51b4-42c5-96ae-91e23fec58ac/datanode-4/data/ratis] (custom)
2023-08-25 08:54:09,611 [24b07fc1-f78a-4d5b-922d-a3de9c19b3d1-NettyServerStreamRpc-bossGroup--thread1] INFO  logging.LoggingHandler (AbstractInternalLogger.java:log(148)) - [id: 0xbe4c39d3] REGISTERED
2023-08-25 08:54:09,611 [24b07fc1-f78a-4d5b-922d-a3de9c19b3d1-NettyServerStreamRpc-bossGroup--thread1] INFO  logging.LoggingHandler (AbstractInternalLogger.java:log(148)) - [id: 0xbe4c39d3] BIND: 0.0.0.0/0.0.0.0:15316
2023-08-25 08:54:09,611 [24b07fc1-f78a-4d5b-922d-a3de9c19b3d1-NettyServerStreamRpc-bossGroup--thread1] INFO  logging.LoggingHandler (AbstractInternalLogger.java:log(148)) - [id: 0xbe4c39d3, L:/0:0:0:0:0:0:0:0:15316] ACTIVE
2023-08-25 08:54:09,613 [24b07fc1-f78a-4d5b-922d-a3de9c19b3d1-impl-thread1] INFO  server.RaftServer (RaftServerProxy.java:initGroupDir(258)) - 24b07fc1-f78a-4d5b-922d-a3de9c19b3d1: found a subdirectory /home/runner/work/ozone/ozone/hadoop-ozone/integration-test/target/test-dir/MiniOzoneClusterImpl-e7e10417-51b4-42c5-96ae-91e23fec58ac/datanode-4/data/ratis/tmp
2023-08-25 08:54:09,613 [24b07fc1-f78a-4d5b-922d-a3de9c19b3d1-impl-thread1] INFO  server.RaftServer (RaftServerProxy.java:initGroupDir(263)) - 24b07fc1-f78a-4d5b-922d-a3de9c19b3d1: The directory /home/runner/work/ozone/ozone/hadoop-ozone/integration-test/target/test-dir/MiniOzoneClusterImpl-e7e10417-51b4-42c5-96ae-91e23fec58ac/datanode-4/data/ratis/tmp is not a group directory; ignoring it. 
2023-08-25 08:54:09,613 [Time-limited test] INFO  replication.ReplicationServer (ReplicationServer.java:<init>(81)) - Initializing replication server with thread count = 10
2023-08-25 08:54:09,614 [Time-limited test] INFO  server.XceiverServerGrpc (XceiverServerGrpc.java:<init>(132)) - GrpcServer channel type EpollServerSocketChannel
2023-08-25 08:54:09,616 [Time-limited test] INFO  replication.ReplicationSupervisor (ReplicationSupervisor.java:build(155)) - Initializing replication supervisor with thread count = 10
2023-08-25 08:54:09,616 [Time-limited test] INFO  replication.ReplicationSupervisor (ReplicationSupervisor.java:nodeStateUpdated(307)) - Node state updated to IN_SERVICE, scaling executor pool size to 10
2023-08-25 08:54:09,619 [Time-limited test] INFO  http.BaseHttpServer (BaseHttpServer.java:newHttpServer2BuilderForOzone(224)) - Starting Web-server for hddsDatanode at: http://0.0.0.0:15310
2023-08-25 08:54:09,620 [Time-limited test] INFO  http.BaseHttpServer (BaseHttpServer.java:<init>(111)) - Hadoop Security Enabled: false Ozone Security Enabled: false Ozone HTTP Security Enabled: false 
2023-08-25 08:54:09,623 [Time-limited test] WARN  server.AuthenticationFilter (AuthenticationFilter.java:constructSecretProvider(240)) - Unable to initialize FileSignerSecretProvider, falling back to use random secrets. Reason: Could not read signature secret file: /home/runner/hadoop-http-auth-signature-secret
2023-08-25 08:54:09,625 [Time-limited test] INFO  http.HttpRequestLog (HttpRequestLog.java:getRequestLog(86)) - Http request log for http.requests.hddsDatanode is not defined
2023-08-25 08:54:09,628 [Time-limited test] INFO  http.HttpServer2 (HttpServer2.java:addGlobalFilter(1031)) - Added global filter 'safety' (class=org.apache.hadoop.hdds.server.http.HttpServer2$QuotingInputFilter)
2023-08-25 08:54:09,629 [Time-limited test] INFO  http.HttpServer2 (HttpServer2.java:addFilter(1007)) - Added filter static_user_filter (class=org.apache.hadoop.http.lib.StaticUserWebFilter$StaticUserFilter) to context hddsDatanode
2023-08-25 08:54:09,629 [Time-limited test] INFO  http.HttpServer2 (HttpServer2.java:addFilter(1015)) - Added filter static_user_filter (class=org.apache.hadoop.http.lib.StaticUserWebFilter$StaticUserFilter) to context static
2023-08-25 08:54:09,629 [Time-limited test] INFO  http.HttpServer2 (HttpServer2.java:addFilter(1015)) - Added filter static_user_filter (class=org.apache.hadoop.http.lib.StaticUserWebFilter$StaticUserFilter) to context logs
2023-08-25 08:54:09,629 [Time-limited test] INFO  http.BaseHttpServer (BaseHttpServer.java:<init>(190)) - HTTP server of hddsDatanode uses base directory /home/runner/work/ozone/ozone/hadoop-ozone/integration-test/target/test-dir/MiniOzoneClusterImpl-e7e10417-51b4-42c5-96ae-91e23fec58ac/datanode-4/meta/webserver
2023-08-25 08:54:09,630 [Time-limited test] INFO  http.HttpServer2 (HttpServer2.java:bindListener(1250)) - Jetty bound to port 15310
2023-08-25 08:54:09,630 [Time-limited test] INFO  server.Server (Server.java:doStart(375)) - jetty-9.4.51.v20230217; built: 2023-02-17T08:19:37.309Z; git: b45c405e4544384de066f814ed42ae3dceacdd49; jvm 1.8.0_382-b05
2023-08-25 08:54:09,631 [Time-limited test] INFO  server.session (DefaultSessionIdManager.java:doStart(334)) - DefaultSessionIdManager workerName=node0
2023-08-25 08:54:09,631 [Time-limited test] INFO  server.session (DefaultSessionIdManager.java:doStart(339)) - No SessionScavenger set, using defaults
2023-08-25 08:54:09,631 [Time-limited test] INFO  server.session (HouseKeeper.java:startScavenging(132)) - node0 Scavenging every 600000ms
2023-08-25 08:54:09,634 [Time-limited test] INFO  handler.ContextHandler (ContextHandler.java:doStart(921)) - Started o.e.j.s.ServletContextHandler@da0a2de{logs,/logs,file:///home/runner/work/ozone/ozone/hadoop-ozone/integration-test/target/log,AVAILABLE}
2023-08-25 08:54:09,634 [Time-limited test] INFO  handler.ContextHandler (ContextHandler.java:doStart(921)) - Started o.e.j.s.ServletContextHandler@4d11e909{static,/static,jar:file:/home/runner/.m2/repository/org/apache/ozone/hdds-container-service/1.4.0-SNAPSHOT/hdds-container-service-1.4.0-SNAPSHOT.jar!/webapps/static,AVAILABLE}
2023-08-25 08:54:09,873 [Time-limited test] INFO  handler.ContextHandler (ContextHandler.java:doStart(921)) - Started o.e.j.w.WebAppContext@37bdc574{hddsDatanode,/,file:///home/runner/work/ozone/ozone/hadoop-ozone/integration-test/target/test-dir/MiniOzoneClusterImpl-e7e10417-51b4-42c5-96ae-91e23fec58ac/datanode-4/meta/webserver/jetty-0_0_0_0-15310-hdds-container-service-1_4_0-SNAPSHOT_jar-_-any-1085613919016230332/webapp/,AVAILABLE}{jar:file:/home/runner/.m2/repository/org/apache/ozone/hdds-container-service/1.4.0-SNAPSHOT/hdds-container-service-1.4.0-SNAPSHOT.jar!/webapps/hddsDatanode}
2023-08-25 08:54:09,876 [Time-limited test] INFO  server.AbstractConnector (AbstractConnector.java:doStart(333)) - Started ServerConnector@1394eba{HTTP/1.1, (http/1.1)}{0.0.0.0:15310}
2023-08-25 08:54:09,876 [Time-limited test] INFO  server.Server (Server.java:doStart(415)) - Started @211103ms
2023-08-25 08:54:09,876 [Time-limited test] WARN  impl.MetricsSystemImpl (MetricsSystemImpl.java:register(279)) - Sink prometheus already exists!
2023-08-25 08:54:09,877 [Time-limited test] INFO  http.BaseHttpServer (BaseHttpServer.java:updateConnectorAddress(344)) - HTTP server of hddsDatanode listening at http://0.0.0.0:15310
2023-08-25 08:54:09,877 [Time-limited test] INFO  ipc.CallQueueManager (CallQueueManager.java:<init>(90)) - Using callQueue: class java.util.concurrent.LinkedBlockingQueue, queueCapacity: 100, scheduler: class org.apache.hadoop.ipc.DefaultRpcScheduler, ipcBackoff: false.
2023-08-25 08:54:09,878 [Time-limited test] INFO  ipc.Server (Server.java:<init>(1287)) - Listener at 0.0.0.0:15311
2023-08-25 08:54:09,878 [Socket Reader #1 for port 15311] INFO  ipc.Server (Server.java:run(1323)) - Starting Socket Reader #1 for port 15311
2023-08-25 08:54:09,880 [Time-limited test] INFO  ozone.HddsDatanodeService (HddsDatanodeService.java:start(315)) - Datanode start with admins: [runner]
2023-08-25 08:54:09,880 [Time-limited test] INFO  ozone.HddsDatanodeClientProtocolServer (HddsDatanodeClientProtocolServer.java:start(72)) - RPC server for Client /0.0.0.0:15311
2023-08-25 08:54:09,881 [IPC Server Responder] INFO  ipc.Server (Server.java:run(1562)) - IPC Server Responder: starting
2023-08-25 08:54:09,881 [IPC Server listener on 15311] INFO  ipc.Server (Server.java:run(1402)) - IPC Server listener on 15311: starting
2023-08-25 08:54:09,881 [Datanode State Machine Daemon Thread] INFO  statemachine.DatanodeStateMachine (DatanodeStateMachine.java:lambda$startDaemon$0(538)) - Ozone container server started.
2023-08-25 08:54:09,881 [Time-limited test] INFO  ozone.MiniOzoneClusterImpl (MiniOzoneClusterImpl.java:lambda$waitForClusterToBeReady$0(224)) - Waiting for nodes to be ready. Got 0 of 5 DN Heartbeats.
2023-08-25 08:54:09,881 [Time-limited test] INFO  ozone.MiniOzoneClusterImpl (MiniOzoneClusterImpl.java:lambda$waitForClusterToBeReady$0(227)) - Waiting for cluster to exit safe mode
2023-08-25 08:54:09,881 [Time-limited test] INFO  ozone.MiniOzoneClusterImpl (MiniOzoneClusterImpl.java:lambda$waitForClusterToBeReady$0(229)) - SCM became leader
2023-08-25 08:54:09,886 [Datanode State Machine Task Thread - 0] INFO  datanode.InitDatanodeState (InitDatanodeState.java:persistContainerDatanodeDetails(138)) - DatanodeDetails is persisted to /home/runner/work/ozone/ozone/hadoop-ozone/integration-test/target/test-dir/MiniOzoneClusterImpl-e7e10417-51b4-42c5-96ae-91e23fec58ac/datanode-4/meta/datanode.id
2023-08-25 08:54:10,041 [ReplicationMonitor] INFO  replication.ReplicationManager (ReplicationManager.java:processAll(361)) - Replication Manager is not ready to run until 3000ms after safemode exit
2023-08-25 08:54:10,530 [EndpointStateMachine task thread for /0.0.0.0:15267 - 0 ] INFO  utils.DatanodeStoreCache (DatanodeStoreCache.java:addDB(66)) - Added db /home/runner/work/ozone/ozone/hadoop-ozone/integration-test/target/test-dir/MiniOzoneClusterImpl-e7e10417-51b4-42c5-96ae-91e23fec58ac/datanode-0/data-0/containers/hdds/e7e10417-51b4-42c5-96ae-91e23fec58ac/DS-24bef3b1-976e-4f93-b173-e5870cda7867/container.db to cache
2023-08-25 08:54:10,530 [EndpointStateMachine task thread for /0.0.0.0:15267 - 0 ] INFO  volume.HddsVolume (HddsVolume.java:createDbStore(422)) - SchemaV3 db is created and loaded at /home/runner/work/ozone/ozone/hadoop-ozone/integration-test/target/test-dir/MiniOzoneClusterImpl-e7e10417-51b4-42c5-96ae-91e23fec58ac/datanode-0/data-0/containers/hdds/e7e10417-51b4-42c5-96ae-91e23fec58ac/DS-24bef3b1-976e-4f93-b173-e5870cda7867/container.db for volume DS-24bef3b1-976e-4f93-b173-e5870cda7867
2023-08-25 08:54:10,530 [EndpointStateMachine task thread for /0.0.0.0:15267 - 0 ] INFO  volume.ThrottledAsyncChecker (ThrottledAsyncChecker.java:schedule(141)) - Scheduling a check for /home/runner/work/ozone/ozone/hadoop-ozone/integration-test/target/test-dir/MiniOzoneClusterImpl-e7e10417-51b4-42c5-96ae-91e23fec58ac/datanode-0/data-0/containers/hdds
2023-08-25 08:54:10,531 [EndpointStateMachine task thread for /0.0.0.0:15267 - 0 ] INFO  volume.StorageVolumeChecker (StorageVolumeChecker.java:checkAllVolumes(213)) - Scheduled health check for volume /home/runner/work/ozone/ozone/hadoop-ozone/integration-test/target/test-dir/MiniOzoneClusterImpl-e7e10417-51b4-42c5-96ae-91e23fec58ac/datanode-0/data-0/containers/hdds
2023-08-25 08:54:10,533 [EndpointStateMachine task thread for /0.0.0.0:15267 - 0 ] INFO  volume.ThrottledAsyncChecker (ThrottledAsyncChecker.java:schedule(141)) - Scheduling a check for /home/runner/work/ozone/ozone/hadoop-ozone/integration-test/target/test-dir/MiniOzoneClusterImpl-e7e10417-51b4-42c5-96ae-91e23fec58ac/datanode-0/data/ratis
2023-08-25 08:54:10,534 [EndpointStateMachine task thread for /0.0.0.0:15267 - 0 ] INFO  volume.StorageVolumeChecker (StorageVolumeChecker.java:checkAllVolumes(213)) - Scheduled health check for volume /home/runner/work/ozone/ozone/hadoop-ozone/integration-test/target/test-dir/MiniOzoneClusterImpl-e7e10417-51b4-42c5-96ae-91e23fec58ac/datanode-0/data/ratis
2023-08-25 08:54:10,535 [EndpointStateMachine task thread for /0.0.0.0:15267 - 0 ] INFO  ozoneimpl.OzoneContainer (OzoneContainer.java:start(429)) - Attempting to start container services.
2023-08-25 08:54:10,535 [EndpointStateMachine task thread for /0.0.0.0:15267 - 0 ] INFO  ozoneimpl.OzoneContainer (OzoneContainer.java:startContainerScrub(325)) - Scheduled background container scanners and the on-demand container scanner have been disabled.
2023-08-25 08:54:10,536 [EndpointStateMachine task thread for /0.0.0.0:15267 - 0 ] INFO  replication.ReplicationServer (ReplicationServer.java:start(130)) - ReplicationServer is started using port 15281
2023-08-25 08:54:10,536 [EndpointStateMachine task thread for /0.0.0.0:15267 - 0 ] INFO  ratis.XceiverServerRatis (XceiverServerRatis.java:start(517)) - Starting XceiverServerRatis 19c619f1-2007-441e-8fe6-e07ebc4fc791
2023-08-25 08:54:10,536 [EndpointStateMachine task thread for /0.0.0.0:15267 - 0 ] INFO  server.RaftServer (RaftServerProxy.java:startImpl(400)) - 19c619f1-2007-441e-8fe6-e07ebc4fc791: start RPC server
2023-08-25 08:54:10,538 [EndpointStateMachine task thread for /0.0.0.0:15267 - 0 ] INFO  server.GrpcService (GrpcService.java:startImpl(302)) - 19c619f1-2007-441e-8fe6-e07ebc4fc791: GrpcService started, listening on 15277
2023-08-25 08:54:10,538 [EndpointStateMachine task thread for /0.0.0.0:15267 - 0 ] INFO  server.GrpcService (GrpcService.java:startImpl(302)) - 19c619f1-2007-441e-8fe6-e07ebc4fc791: GrpcService started, listening on 15279
2023-08-25 08:54:10,539 [EndpointStateMachine task thread for /0.0.0.0:15267 - 0 ] INFO  server.GrpcService (GrpcService.java:startImpl(302)) - 19c619f1-2007-441e-8fe6-e07ebc4fc791: GrpcService started, listening on 15278
2023-08-25 08:54:10,539 [EndpointStateMachine task thread for /0.0.0.0:15267 - 0 ] INFO  ratis.XceiverServerRatis (XceiverServerRatis.java:getRealPort(543)) - XceiverServerRatis 19c619f1-2007-441e-8fe6-e07ebc4fc791 is started using port 15277 for RATIS
2023-08-25 08:54:10,539 [EndpointStateMachine task thread for /0.0.0.0:15267 - 0 ] INFO  ratis.XceiverServerRatis (XceiverServerRatis.java:getRealPort(543)) - XceiverServerRatis 19c619f1-2007-441e-8fe6-e07ebc4fc791 is started using port 15278 for RATIS_ADMIN
2023-08-25 08:54:10,539 [JvmPauseMonitor37] INFO  util.JvmPauseMonitor (JvmPauseMonitor.java:run(103)) - JvmPauseMonitor-19c619f1-2007-441e-8fe6-e07ebc4fc791: Started
2023-08-25 08:54:10,539 [EndpointStateMachine task thread for /0.0.0.0:15267 - 0 ] INFO  ratis.XceiverServerRatis (XceiverServerRatis.java:getRealPort(543)) - XceiverServerRatis 19c619f1-2007-441e-8fe6-e07ebc4fc791 is started using port 15279 for RATIS_SERVER
2023-08-25 08:54:10,539 [EndpointStateMachine task thread for /0.0.0.0:15267 - 0 ] INFO  ratis.XceiverServerRatis (XceiverServerRatis.java:getRealPort(543)) - XceiverServerRatis 19c619f1-2007-441e-8fe6-e07ebc4fc791 is started using port 15280 for RATIS_DATASTREAM
2023-08-25 08:54:10,541 [BlockDeletingService#0] INFO  interfaces.ContainerDeletionChoosingPolicyTemplate (ContainerDeletionChoosingPolicyTemplate.java:chooseContainerForBlockDeletion(85)) - Chosen 0/5000 blocks from 0 candidate containers.
2023-08-25 08:54:10,877 [EndpointStateMachine task thread for /0.0.0.0:15267 - 0 ] INFO  utils.DatanodeStoreCache (DatanodeStoreCache.java:addDB(66)) - Added db /home/runner/work/ozone/ozone/hadoop-ozone/integration-test/target/test-dir/MiniOzoneClusterImpl-e7e10417-51b4-42c5-96ae-91e23fec58ac/datanode-1/data-0/containers/hdds/e7e10417-51b4-42c5-96ae-91e23fec58ac/DS-5ac739ad-2dde-48c9-b5a0-ed8c3de309f2/container.db to cache
2023-08-25 08:54:10,878 [EndpointStateMachine task thread for /0.0.0.0:15267 - 0 ] INFO  volume.HddsVolume (HddsVolume.java:createDbStore(422)) - SchemaV3 db is created and loaded at /home/runner/work/ozone/ozone/hadoop-ozone/integration-test/target/test-dir/MiniOzoneClusterImpl-e7e10417-51b4-42c5-96ae-91e23fec58ac/datanode-1/data-0/containers/hdds/e7e10417-51b4-42c5-96ae-91e23fec58ac/DS-5ac739ad-2dde-48c9-b5a0-ed8c3de309f2/container.db for volume DS-5ac739ad-2dde-48c9-b5a0-ed8c3de309f2
2023-08-25 08:54:10,878 [EndpointStateMachine task thread for /0.0.0.0:15267 - 0 ] INFO  volume.ThrottledAsyncChecker (ThrottledAsyncChecker.java:schedule(141)) - Scheduling a check for /home/runner/work/ozone/ozone/hadoop-ozone/integration-test/target/test-dir/MiniOzoneClusterImpl-e7e10417-51b4-42c5-96ae-91e23fec58ac/datanode-1/data-0/containers/hdds
2023-08-25 08:54:10,879 [EndpointStateMachine task thread for /0.0.0.0:15267 - 0 ] INFO  volume.StorageVolumeChecker (StorageVolumeChecker.java:checkAllVolumes(213)) - Scheduled health check for volume /home/runner/work/ozone/ozone/hadoop-ozone/integration-test/target/test-dir/MiniOzoneClusterImpl-e7e10417-51b4-42c5-96ae-91e23fec58ac/datanode-1/data-0/containers/hdds
2023-08-25 08:54:10,882 [Time-limited test] INFO  ozone.MiniOzoneClusterImpl (MiniOzoneClusterImpl.java:lambda$waitForClusterToBeReady$0(224)) - Waiting for nodes to be ready. Got 0 of 5 DN Heartbeats.
2023-08-25 08:54:10,882 [Time-limited test] INFO  ozone.MiniOzoneClusterImpl (MiniOzoneClusterImpl.java:lambda$waitForClusterToBeReady$0(227)) - Waiting for cluster to exit safe mode
2023-08-25 08:54:10,882 [Time-limited test] INFO  ozone.MiniOzoneClusterImpl (MiniOzoneClusterImpl.java:lambda$waitForClusterToBeReady$0(229)) - SCM became leader
2023-08-25 08:54:10,882 [EndpointStateMachine task thread for /0.0.0.0:15267 - 0 ] INFO  volume.ThrottledAsyncChecker (ThrottledAsyncChecker.java:schedule(141)) - Scheduling a check for /home/runner/work/ozone/ozone/hadoop-ozone/integration-test/target/test-dir/MiniOzoneClusterImpl-e7e10417-51b4-42c5-96ae-91e23fec58ac/datanode-1/data/ratis
2023-08-25 08:54:10,882 [EndpointStateMachine task thread for /0.0.0.0:15267 - 0 ] INFO  volume.StorageVolumeChecker (StorageVolumeChecker.java:checkAllVolumes(213)) - Scheduled health check for volume /home/runner/work/ozone/ozone/hadoop-ozone/integration-test/target/test-dir/MiniOzoneClusterImpl-e7e10417-51b4-42c5-96ae-91e23fec58ac/datanode-1/data/ratis
2023-08-25 08:54:10,884 [EndpointStateMachine task thread for /0.0.0.0:15267 - 0 ] INFO  ozoneimpl.OzoneContainer (OzoneContainer.java:start(429)) - Attempting to start container services.
2023-08-25 08:54:10,884 [EndpointStateMachine task thread for /0.0.0.0:15267 - 0 ] INFO  ozoneimpl.OzoneContainer (OzoneContainer.java:startContainerScrub(325)) - Scheduled background container scanners and the on-demand container scanner have been disabled.
2023-08-25 08:54:10,885 [EndpointStateMachine task thread for /0.0.0.0:15267 - 0 ] INFO  replication.ReplicationServer (ReplicationServer.java:start(130)) - ReplicationServer is started using port 15290
2023-08-25 08:54:10,885 [EndpointStateMachine task thread for /0.0.0.0:15267 - 0 ] INFO  ratis.XceiverServerRatis (XceiverServerRatis.java:start(517)) - Starting XceiverServerRatis d44cbbb4-6878-45fc-b8ff-9a9a6a2d2fa6
2023-08-25 08:54:10,886 [EndpointStateMachine task thread for /0.0.0.0:15267 - 0 ] INFO  server.RaftServer (RaftServerProxy.java:startImpl(400)) - d44cbbb4-6878-45fc-b8ff-9a9a6a2d2fa6: start RPC server
2023-08-25 08:54:10,887 [EndpointStateMachine task thread for /0.0.0.0:15267 - 0 ] INFO  server.GrpcService (GrpcService.java:startImpl(302)) - d44cbbb4-6878-45fc-b8ff-9a9a6a2d2fa6: GrpcService started, listening on 15286
2023-08-25 08:54:10,888 [EndpointStateMachine task thread for /0.0.0.0:15267 - 0 ] INFO  server.GrpcService (GrpcService.java:startImpl(302)) - d44cbbb4-6878-45fc-b8ff-9a9a6a2d2fa6: GrpcService started, listening on 15288
2023-08-25 08:54:10,889 [EndpointStateMachine task thread for /0.0.0.0:15267 - 0 ] INFO  server.GrpcService (GrpcService.java:startImpl(302)) - d44cbbb4-6878-45fc-b8ff-9a9a6a2d2fa6: GrpcService started, listening on 15287
2023-08-25 08:54:10,889 [EndpointStateMachine task thread for /0.0.0.0:15267 - 0 ] INFO  ratis.XceiverServerRatis (XceiverServerRatis.java:getRealPort(543)) - XceiverServerRatis d44cbbb4-6878-45fc-b8ff-9a9a6a2d2fa6 is started using port 15286 for RATIS
2023-08-25 08:54:10,890 [EndpointStateMachine task thread for /0.0.0.0:15267 - 0 ] INFO  ratis.XceiverServerRatis (XceiverServerRatis.java:getRealPort(543)) - XceiverServerRatis d44cbbb4-6878-45fc-b8ff-9a9a6a2d2fa6 is started using port 15287 for RATIS_ADMIN
2023-08-25 08:54:10,890 [EndpointStateMachine task thread for /0.0.0.0:15267 - 0 ] INFO  ratis.XceiverServerRatis (XceiverServerRatis.java:getRealPort(543)) - XceiverServerRatis d44cbbb4-6878-45fc-b8ff-9a9a6a2d2fa6 is started using port 15288 for RATIS_SERVER
2023-08-25 08:54:10,890 [EndpointStateMachine task thread for /0.0.0.0:15267 - 0 ] INFO  ratis.XceiverServerRatis (XceiverServerRatis.java:getRealPort(543)) - XceiverServerRatis d44cbbb4-6878-45fc-b8ff-9a9a6a2d2fa6 is started using port 15289 for RATIS_DATASTREAM
2023-08-25 08:54:10,890 [JvmPauseMonitor38] INFO  util.JvmPauseMonitor (JvmPauseMonitor.java:run(103)) - JvmPauseMonitor-d44cbbb4-6878-45fc-b8ff-9a9a6a2d2fa6: Started
2023-08-25 08:54:10,894 [BlockDeletingService#0] INFO  interfaces.ContainerDeletionChoosingPolicyTemplate (ContainerDeletionChoosingPolicyTemplate.java:chooseContainerForBlockDeletion(85)) - Chosen 0/5000 blocks from 0 candidate containers.
2023-08-25 08:54:11,041 [ReplicationMonitor] INFO  replication.ReplicationManager (ReplicationManager.java:processAll(361)) - Replication Manager is not ready to run until 3000ms after safemode exit
2023-08-25 08:54:11,223 [EndpointStateMachine task thread for /0.0.0.0:15267 - 0 ] INFO  utils.DatanodeStoreCache (DatanodeStoreCache.java:addDB(66)) - Added db /home/runner/work/ozone/ozone/hadoop-ozone/integration-test/target/test-dir/MiniOzoneClusterImpl-e7e10417-51b4-42c5-96ae-91e23fec58ac/datanode-2/data-0/containers/hdds/e7e10417-51b4-42c5-96ae-91e23fec58ac/DS-29c53c55-05f9-402b-8092-27dc2f6f8e2d/container.db to cache
2023-08-25 08:54:11,224 [EndpointStateMachine task thread for /0.0.0.0:15267 - 0 ] INFO  volume.HddsVolume (HddsVolume.java:createDbStore(422)) - SchemaV3 db is created and loaded at /home/runner/work/ozone/ozone/hadoop-ozone/integration-test/target/test-dir/MiniOzoneClusterImpl-e7e10417-51b4-42c5-96ae-91e23fec58ac/datanode-2/data-0/containers/hdds/e7e10417-51b4-42c5-96ae-91e23fec58ac/DS-29c53c55-05f9-402b-8092-27dc2f6f8e2d/container.db for volume DS-29c53c55-05f9-402b-8092-27dc2f6f8e2d
2023-08-25 08:54:11,224 [EndpointStateMachine task thread for /0.0.0.0:15267 - 0 ] INFO  volume.ThrottledAsyncChecker (ThrottledAsyncChecker.java:schedule(141)) - Scheduling a check for /home/runner/work/ozone/ozone/hadoop-ozone/integration-test/target/test-dir/MiniOzoneClusterImpl-e7e10417-51b4-42c5-96ae-91e23fec58ac/datanode-2/data-0/containers/hdds
2023-08-25 08:54:11,225 [EndpointStateMachine task thread for /0.0.0.0:15267 - 0 ] INFO  volume.StorageVolumeChecker (StorageVolumeChecker.java:checkAllVolumes(213)) - Scheduled health check for volume /home/runner/work/ozone/ozone/hadoop-ozone/integration-test/target/test-dir/MiniOzoneClusterImpl-e7e10417-51b4-42c5-96ae-91e23fec58ac/datanode-2/data-0/containers/hdds
2023-08-25 08:54:11,228 [EndpointStateMachine task thread for /0.0.0.0:15267 - 0 ] INFO  volume.ThrottledAsyncChecker (ThrottledAsyncChecker.java:schedule(141)) - Scheduling a check for /home/runner/work/ozone/ozone/hadoop-ozone/integration-test/target/test-dir/MiniOzoneClusterImpl-e7e10417-51b4-42c5-96ae-91e23fec58ac/datanode-2/data/ratis
2023-08-25 08:54:11,228 [EndpointStateMachine task thread for /0.0.0.0:15267 - 0 ] INFO  volume.StorageVolumeChecker (StorageVolumeChecker.java:checkAllVolumes(213)) - Scheduled health check for volume /home/runner/work/ozone/ozone/hadoop-ozone/integration-test/target/test-dir/MiniOzoneClusterImpl-e7e10417-51b4-42c5-96ae-91e23fec58ac/datanode-2/data/ratis
2023-08-25 08:54:11,229 [EndpointStateMachine task thread for /0.0.0.0:15267 - 0 ] INFO  ozoneimpl.OzoneContainer (OzoneContainer.java:start(429)) - Attempting to start container services.
2023-08-25 08:54:11,229 [EndpointStateMachine task thread for /0.0.0.0:15267 - 0 ] INFO  ozoneimpl.OzoneContainer (OzoneContainer.java:startContainerScrub(325)) - Scheduled background container scanners and the on-demand container scanner have been disabled.
2023-08-25 08:54:11,231 [EndpointStateMachine task thread for /0.0.0.0:15267 - 0 ] INFO  replication.ReplicationServer (ReplicationServer.java:start(130)) - ReplicationServer is started using port 15299
2023-08-25 08:54:11,231 [EndpointStateMachine task thread for /0.0.0.0:15267 - 0 ] INFO  ratis.XceiverServerRatis (XceiverServerRatis.java:start(517)) - Starting XceiverServerRatis 8c499c0a-8bdd-4b02-9c6d-bb3555d01e53
2023-08-25 08:54:11,233 [EndpointStateMachine task thread for /0.0.0.0:15267 - 0 ] INFO  server.RaftServer (RaftServerProxy.java:startImpl(400)) - 8c499c0a-8bdd-4b02-9c6d-bb3555d01e53: start RPC server
2023-08-25 08:54:11,235 [EndpointStateMachine task thread for /0.0.0.0:15267 - 0 ] INFO  server.GrpcService (GrpcService.java:startImpl(302)) - 8c499c0a-8bdd-4b02-9c6d-bb3555d01e53: GrpcService started, listening on 15295
2023-08-25 08:54:11,236 [EndpointStateMachine task thread for /0.0.0.0:15267 - 0 ] INFO  server.GrpcService (GrpcService.java:startImpl(302)) - 8c499c0a-8bdd-4b02-9c6d-bb3555d01e53: GrpcService started, listening on 15297
2023-08-25 08:54:11,241 [EndpointStateMachine task thread for /0.0.0.0:15267 - 0 ] INFO  server.GrpcService (GrpcService.java:startImpl(302)) - 8c499c0a-8bdd-4b02-9c6d-bb3555d01e53: GrpcService started, listening on 15296
2023-08-25 08:54:11,241 [JvmPauseMonitor39] INFO  util.JvmPauseMonitor (JvmPauseMonitor.java:run(103)) - JvmPauseMonitor-8c499c0a-8bdd-4b02-9c6d-bb3555d01e53: Started
2023-08-25 08:54:11,241 [EndpointStateMachine task thread for /0.0.0.0:15267 - 0 ] INFO  ratis.XceiverServerRatis (XceiverServerRatis.java:getRealPort(543)) - XceiverServerRatis 8c499c0a-8bdd-4b02-9c6d-bb3555d01e53 is started using port 15295 for RATIS
2023-08-25 08:54:11,241 [EndpointStateMachine task thread for /0.0.0.0:15267 - 0 ] INFO  ratis.XceiverServerRatis (XceiverServerRatis.java:getRealPort(543)) - XceiverServerRatis 8c499c0a-8bdd-4b02-9c6d-bb3555d01e53 is started using port 15296 for RATIS_ADMIN
2023-08-25 08:54:11,241 [EndpointStateMachine task thread for /0.0.0.0:15267 - 0 ] INFO  ratis.XceiverServerRatis (XceiverServerRatis.java:getRealPort(543)) - XceiverServerRatis 8c499c0a-8bdd-4b02-9c6d-bb3555d01e53 is started using port 15297 for RATIS_SERVER
2023-08-25 08:54:11,241 [EndpointStateMachine task thread for /0.0.0.0:15267 - 0 ] INFO  ratis.XceiverServerRatis (XceiverServerRatis.java:getRealPort(543)) - XceiverServerRatis 8c499c0a-8bdd-4b02-9c6d-bb3555d01e53 is started using port 15298 for RATIS_DATASTREAM
2023-08-25 08:54:11,244 [BlockDeletingService#0] INFO  interfaces.ContainerDeletionChoosingPolicyTemplate (ContainerDeletionChoosingPolicyTemplate.java:chooseContainerForBlockDeletion(85)) - Chosen 0/5000 blocks from 0 candidate containers.
2023-08-25 08:54:11,582 [EndpointStateMachine task thread for /0.0.0.0:15267 - 0 ] INFO  utils.DatanodeStoreCache (DatanodeStoreCache.java:addDB(66)) - Added db /home/runner/work/ozone/ozone/hadoop-ozone/integration-test/target/test-dir/MiniOzoneClusterImpl-e7e10417-51b4-42c5-96ae-91e23fec58ac/datanode-3/data-0/containers/hdds/e7e10417-51b4-42c5-96ae-91e23fec58ac/DS-9e4d7e1f-8dfe-407e-b566-cabaf96d49ca/container.db to cache
2023-08-25 08:54:11,582 [EndpointStateMachine task thread for /0.0.0.0:15267 - 0 ] INFO  volume.HddsVolume (HddsVolume.java:createDbStore(422)) - SchemaV3 db is created and loaded at /home/runner/work/ozone/ozone/hadoop-ozone/integration-test/target/test-dir/MiniOzoneClusterImpl-e7e10417-51b4-42c5-96ae-91e23fec58ac/datanode-3/data-0/containers/hdds/e7e10417-51b4-42c5-96ae-91e23fec58ac/DS-9e4d7e1f-8dfe-407e-b566-cabaf96d49ca/container.db for volume DS-9e4d7e1f-8dfe-407e-b566-cabaf96d49ca
2023-08-25 08:54:11,583 [EndpointStateMachine task thread for /0.0.0.0:15267 - 0 ] INFO  volume.ThrottledAsyncChecker (ThrottledAsyncChecker.java:schedule(141)) - Scheduling a check for /home/runner/work/ozone/ozone/hadoop-ozone/integration-test/target/test-dir/MiniOzoneClusterImpl-e7e10417-51b4-42c5-96ae-91e23fec58ac/datanode-3/data-0/containers/hdds
2023-08-25 08:54:11,583 [EndpointStateMachine task thread for /0.0.0.0:15267 - 0 ] INFO  volume.StorageVolumeChecker (StorageVolumeChecker.java:checkAllVolumes(213)) - Scheduled health check for volume /home/runner/work/ozone/ozone/hadoop-ozone/integration-test/target/test-dir/MiniOzoneClusterImpl-e7e10417-51b4-42c5-96ae-91e23fec58ac/datanode-3/data-0/containers/hdds
2023-08-25 08:54:11,588 [EndpointStateMachine task thread for /0.0.0.0:15267 - 0 ] INFO  volume.ThrottledAsyncChecker (ThrottledAsyncChecker.java:schedule(141)) - Scheduling a check for /home/runner/work/ozone/ozone/hadoop-ozone/integration-test/target/test-dir/MiniOzoneClusterImpl-e7e10417-51b4-42c5-96ae-91e23fec58ac/datanode-3/data/ratis
2023-08-25 08:54:11,588 [EndpointStateMachine task thread for /0.0.0.0:15267 - 0 ] INFO  volume.StorageVolumeChecker (StorageVolumeChecker.java:checkAllVolumes(213)) - Scheduled health check for volume /home/runner/work/ozone/ozone/hadoop-ozone/integration-test/target/test-dir/MiniOzoneClusterImpl-e7e10417-51b4-42c5-96ae-91e23fec58ac/datanode-3/data/ratis
2023-08-25 08:54:11,594 [EndpointStateMachine task thread for /0.0.0.0:15267 - 0 ] INFO  ozoneimpl.OzoneContainer (OzoneContainer.java:start(429)) - Attempting to start container services.
2023-08-25 08:54:11,594 [EndpointStateMachine task thread for /0.0.0.0:15267 - 0 ] INFO  ozoneimpl.OzoneContainer (OzoneContainer.java:startContainerScrub(325)) - Scheduled background container scanners and the on-demand container scanner have been disabled.
2023-08-25 08:54:11,595 [EndpointStateMachine task thread for /0.0.0.0:15267 - 0 ] INFO  replication.ReplicationServer (ReplicationServer.java:start(130)) - ReplicationServer is started using port 15308
2023-08-25 08:54:11,595 [EndpointStateMachine task thread for /0.0.0.0:15267 - 0 ] INFO  ratis.XceiverServerRatis (XceiverServerRatis.java:start(517)) - Starting XceiverServerRatis c232c302-4b44-4a08-8d69-5010a6de413a
2023-08-25 08:54:11,597 [EndpointStateMachine task thread for /0.0.0.0:15267 - 0 ] INFO  server.RaftServer (RaftServerProxy.java:startImpl(400)) - c232c302-4b44-4a08-8d69-5010a6de413a: start RPC server
2023-08-25 08:54:11,601 [EndpointStateMachine task thread for /0.0.0.0:15267 - 0 ] INFO  server.GrpcService (GrpcService.java:startImpl(302)) - c232c302-4b44-4a08-8d69-5010a6de413a: GrpcService started, listening on 15304
2023-08-25 08:54:11,604 [EndpointStateMachine task thread for /0.0.0.0:15267 - 0 ] INFO  server.GrpcService (GrpcService.java:startImpl(302)) - c232c302-4b44-4a08-8d69-5010a6de413a: GrpcService started, listening on 15306
2023-08-25 08:54:11,607 [EndpointStateMachine task thread for /0.0.0.0:15267 - 0 ] INFO  server.GrpcService (GrpcService.java:startImpl(302)) - c232c302-4b44-4a08-8d69-5010a6de413a: GrpcService started, listening on 15305
2023-08-25 08:54:11,609 [EndpointStateMachine task thread for /0.0.0.0:15267 - 0 ] INFO  ratis.XceiverServerRatis (XceiverServerRatis.java:getRealPort(543)) - XceiverServerRatis c232c302-4b44-4a08-8d69-5010a6de413a is started using port 15304 for RATIS
2023-08-25 08:54:11,609 [EndpointStateMachine task thread for /0.0.0.0:15267 - 0 ] INFO  ratis.XceiverServerRatis (XceiverServerRatis.java:getRealPort(543)) - XceiverServerRatis c232c302-4b44-4a08-8d69-5010a6de413a is started using port 15305 for RATIS_ADMIN
2023-08-25 08:54:11,609 [EndpointStateMachine task thread for /0.0.0.0:15267 - 0 ] INFO  ratis.XceiverServerRatis (XceiverServerRatis.java:getRealPort(543)) - XceiverServerRatis c232c302-4b44-4a08-8d69-5010a6de413a is started using port 15306 for RATIS_SERVER
2023-08-25 08:54:11,609 [EndpointStateMachine task thread for /0.0.0.0:15267 - 0 ] INFO  ratis.XceiverServerRatis (XceiverServerRatis.java:getRealPort(543)) - XceiverServerRatis c232c302-4b44-4a08-8d69-5010a6de413a is started using port 15307 for RATIS_DATASTREAM
2023-08-25 08:54:11,609 [JvmPauseMonitor40] INFO  util.JvmPauseMonitor (JvmPauseMonitor.java:run(103)) - JvmPauseMonitor-c232c302-4b44-4a08-8d69-5010a6de413a: Started
2023-08-25 08:54:11,611 [BlockDeletingService#0] INFO  interfaces.ContainerDeletionChoosingPolicyTemplate (ContainerDeletionChoosingPolicyTemplate.java:chooseContainerForBlockDeletion(85)) - Chosen 0/5000 blocks from 0 candidate containers.
2023-08-25 08:54:11,882 [Time-limited test] INFO  ozone.MiniOzoneClusterImpl (MiniOzoneClusterImpl.java:lambda$waitForClusterToBeReady$0(224)) - Waiting for nodes to be ready. Got 0 of 5 DN Heartbeats.
2023-08-25 08:54:11,883 [Time-limited test] INFO  ozone.MiniOzoneClusterImpl (MiniOzoneClusterImpl.java:lambda$waitForClusterToBeReady$0(227)) - Waiting for cluster to exit safe mode
2023-08-25 08:54:11,883 [Time-limited test] INFO  ozone.MiniOzoneClusterImpl (MiniOzoneClusterImpl.java:lambda$waitForClusterToBeReady$0(229)) - SCM became leader
2023-08-25 08:54:11,928 [EndpointStateMachine task thread for /0.0.0.0:15267 - 0 ] INFO  utils.DatanodeStoreCache (DatanodeStoreCache.java:addDB(66)) - Added db /home/runner/work/ozone/ozone/hadoop-ozone/integration-test/target/test-dir/MiniOzoneClusterImpl-e7e10417-51b4-42c5-96ae-91e23fec58ac/datanode-4/data-0/containers/hdds/e7e10417-51b4-42c5-96ae-91e23fec58ac/DS-89642e80-5203-4dea-9c82-d2b02e0ce703/container.db to cache
2023-08-25 08:54:11,928 [EndpointStateMachine task thread for /0.0.0.0:15267 - 0 ] INFO  volume.HddsVolume (HddsVolume.java:createDbStore(422)) - SchemaV3 db is created and loaded at /home/runner/work/ozone/ozone/hadoop-ozone/integration-test/target/test-dir/MiniOzoneClusterImpl-e7e10417-51b4-42c5-96ae-91e23fec58ac/datanode-4/data-0/containers/hdds/e7e10417-51b4-42c5-96ae-91e23fec58ac/DS-89642e80-5203-4dea-9c82-d2b02e0ce703/container.db for volume DS-89642e80-5203-4dea-9c82-d2b02e0ce703
2023-08-25 08:54:11,929 [EndpointStateMachine task thread for /0.0.0.0:15267 - 0 ] INFO  volume.ThrottledAsyncChecker (ThrottledAsyncChecker.java:schedule(141)) - Scheduling a check for /home/runner/work/ozone/ozone/hadoop-ozone/integration-test/target/test-dir/MiniOzoneClusterImpl-e7e10417-51b4-42c5-96ae-91e23fec58ac/datanode-4/data-0/containers/hdds
2023-08-25 08:54:11,932 [EndpointStateMachine task thread for /0.0.0.0:15267 - 0 ] INFO  volume.StorageVolumeChecker (StorageVolumeChecker.java:checkAllVolumes(213)) - Scheduled health check for volume /home/runner/work/ozone/ozone/hadoop-ozone/integration-test/target/test-dir/MiniOzoneClusterImpl-e7e10417-51b4-42c5-96ae-91e23fec58ac/datanode-4/data-0/containers/hdds
2023-08-25 08:54:11,933 [EndpointStateMachine task thread for /0.0.0.0:15267 - 0 ] INFO  volume.ThrottledAsyncChecker (ThrottledAsyncChecker.java:schedule(141)) - Scheduling a check for /home/runner/work/ozone/ozone/hadoop-ozone/integration-test/target/test-dir/MiniOzoneClusterImpl-e7e10417-51b4-42c5-96ae-91e23fec58ac/datanode-4/data/ratis
2023-08-25 08:54:11,933 [EndpointStateMachine task thread for /0.0.0.0:15267 - 0 ] INFO  volume.StorageVolumeChecker (StorageVolumeChecker.java:checkAllVolumes(213)) - Scheduled health check for volume /home/runner/work/ozone/ozone/hadoop-ozone/integration-test/target/test-dir/MiniOzoneClusterImpl-e7e10417-51b4-42c5-96ae-91e23fec58ac/datanode-4/data/ratis
2023-08-25 08:54:11,936 [EndpointStateMachine task thread for /0.0.0.0:15267 - 0 ] INFO  ozoneimpl.OzoneContainer (OzoneContainer.java:start(429)) - Attempting to start container services.
2023-08-25 08:54:11,936 [EndpointStateMachine task thread for /0.0.0.0:15267 - 0 ] INFO  ozoneimpl.OzoneContainer (OzoneContainer.java:startContainerScrub(325)) - Scheduled background container scanners and the on-demand container scanner have been disabled.
2023-08-25 08:54:11,937 [EndpointStateMachine task thread for /0.0.0.0:15267 - 0 ] INFO  replication.ReplicationServer (ReplicationServer.java:start(130)) - ReplicationServer is started using port 15317
2023-08-25 08:54:11,937 [EndpointStateMachine task thread for /0.0.0.0:15267 - 0 ] INFO  ratis.XceiverServerRatis (XceiverServerRatis.java:start(517)) - Starting XceiverServerRatis 24b07fc1-f78a-4d5b-922d-a3de9c19b3d1
2023-08-25 08:54:11,938 [EndpointStateMachine task thread for /0.0.0.0:15267 - 0 ] INFO  server.RaftServer (RaftServerProxy.java:startImpl(400)) - 24b07fc1-f78a-4d5b-922d-a3de9c19b3d1: start RPC server
2023-08-25 08:54:11,939 [EndpointStateMachine task thread for /0.0.0.0:15267 - 0 ] INFO  server.GrpcService (GrpcService.java:startImpl(302)) - 24b07fc1-f78a-4d5b-922d-a3de9c19b3d1: GrpcService started, listening on 15313
2023-08-25 08:54:11,939 [EndpointStateMachine task thread for /0.0.0.0:15267 - 0 ] INFO  server.GrpcService (GrpcService.java:startImpl(302)) - 24b07fc1-f78a-4d5b-922d-a3de9c19b3d1: GrpcService started, listening on 15315
2023-08-25 08:54:11,940 [EndpointStateMachine task thread for /0.0.0.0:15267 - 0 ] INFO  server.GrpcService (GrpcService.java:startImpl(302)) - 24b07fc1-f78a-4d5b-922d-a3de9c19b3d1: GrpcService started, listening on 15314
2023-08-25 08:54:11,940 [EndpointStateMachine task thread for /0.0.0.0:15267 - 0 ] INFO  ratis.XceiverServerRatis (XceiverServerRatis.java:getRealPort(543)) - XceiverServerRatis 24b07fc1-f78a-4d5b-922d-a3de9c19b3d1 is started using port 15313 for RATIS
2023-08-25 08:54:11,940 [EndpointStateMachine task thread for /0.0.0.0:15267 - 0 ] INFO  ratis.XceiverServerRatis (XceiverServerRatis.java:getRealPort(543)) - XceiverServerRatis 24b07fc1-f78a-4d5b-922d-a3de9c19b3d1 is started using port 15314 for RATIS_ADMIN
2023-08-25 08:54:11,940 [JvmPauseMonitor41] INFO  util.JvmPauseMonitor (JvmPauseMonitor.java:run(103)) - JvmPauseMonitor-24b07fc1-f78a-4d5b-922d-a3de9c19b3d1: Started
2023-08-25 08:54:11,940 [EndpointStateMachine task thread for /0.0.0.0:15267 - 0 ] INFO  ratis.XceiverServerRatis (XceiverServerRatis.java:getRealPort(543)) - XceiverServerRatis 24b07fc1-f78a-4d5b-922d-a3de9c19b3d1 is started using port 15315 for RATIS_SERVER
2023-08-25 08:54:11,941 [EndpointStateMachine task thread for /0.0.0.0:15267 - 0 ] INFO  ratis.XceiverServerRatis (XceiverServerRatis.java:getRealPort(543)) - XceiverServerRatis 24b07fc1-f78a-4d5b-922d-a3de9c19b3d1 is started using port 15316 for RATIS_DATASTREAM
2023-08-25 08:54:11,943 [BlockDeletingService#0] INFO  interfaces.ContainerDeletionChoosingPolicyTemplate (ContainerDeletionChoosingPolicyTemplate.java:chooseContainerForBlockDeletion(85)) - Chosen 0/5000 blocks from 0 candidate containers.
2023-08-25 08:54:12,041 [ReplicationMonitor] INFO  replication.ReplicationManager (ReplicationManager.java:processAll(361)) - Replication Manager is not ready to run until 3000ms after safemode exit
2023-08-25 08:54:12,484 [IPC Server handler 2 on default port 15267] INFO  net.NetworkTopologyImpl (NetworkTopologyImpl.java:add(112)) - Added a new node: /default-rack/19c619f1-2007-441e-8fe6-e07ebc4fc791
2023-08-25 08:54:12,484 [IPC Server handler 2 on default port 15267] INFO  node.SCMNodeManager (SCMNodeManager.java:register(405)) - Registered Data node : 19c619f1-2007-441e-8fe6-e07ebc4fc791{ip: 10.1.0.19, host: fv-az584-689.msjcyvhqqs1uvpg4fm53wptgqc.jx.internal.cloudapp.net, ports: [HTTP=15274, CLIENT_RPC=15275, REPLICATION=15281, RATIS=15277, RATIS_ADMIN=15278, RATIS_SERVER=15279, RATIS_DATASTREAM=15280, STANDALONE=15276], networkLocation: /default-rack, certSerialId: null, persistedOpState: null, persistedOpStateExpiryEpochSec: 0}
2023-08-25 08:54:12,488 [EventQueue-NodeRegistrationContainerReportForDataNodeSafeModeRule] INFO  safemode.SCMSafeModeManager (DataNodeSafeModeRule.java:process(71)) - SCM in safe mode. 1 DataNodes registered, 3 required.
2023-08-25 08:54:12,488 [EventQueue-NodeRegistrationContainerReportForContainerSafeModeRule] INFO  safemode.SCMSafeModeManager (SCMSafeModeManager.java:validateSafeModeExitRules(200)) - ContainerSafeModeRule rule is successfully validated
2023-08-25 08:54:12,493 [EventQueue-NewNodeForNewNodeHandler] INFO  pipeline.BackgroundPipelineCreator (BackgroundPipelineCreator.java:notifyEventTriggered(277)) - trigger a one-shot run on RatisPipelineUtilsThread.
2023-08-25 08:54:12,494 [EventQueue-PipelineReportForOneReplicaPipelineSafeModeRule] INFO  safemode.SCMSafeModeManager (SCMSafeModeManager.java:validateSafeModeExitRules(200)) - AtleastOneDatanodeReportedRule rule is successfully validated
2023-08-25 08:54:12,495 [RatisPipelineUtilsThread - 0] INFO  pipeline.RatisPipelineProvider (RatisPipelineProvider.java:lambda$create$0(206)) - Sending CreatePipelineCommand for pipeline:PipelineID=4a79fc2f-79fd-40cc-9431-6152da3c4d6b to datanode:19c619f1-2007-441e-8fe6-e07ebc4fc791
2023-08-25 08:54:12,496 [RatisPipelineUtilsThread - 0] INFO  pipeline.BackgroundPipelineCreator (BackgroundPipelineCreator.java:createPipelines(233)) - Created new pipeline Pipeline[ Id: 4a79fc2f-79fd-40cc-9431-6152da3c4d6b, Nodes: 19c619f1-2007-441e-8fe6-e07ebc4fc791(fv-az584-689.msjcyvhqqs1uvpg4fm53wptgqc.jx.internal.cloudapp.net/10.1.0.19), ReplicationConfig: RATIS/ONE, State:ALLOCATED, leaderId:, CreationTimestamp2023-08-25T08:54:12.495Z[Etc/UTC]]
2023-08-25 08:54:12,825 [IPC Server handler 0 on default port 15267] INFO  net.NetworkTopologyImpl (NetworkTopologyImpl.java:add(112)) - Added a new node: /default-rack/d44cbbb4-6878-45fc-b8ff-9a9a6a2d2fa6
2023-08-25 08:54:12,825 [IPC Server handler 0 on default port 15267] INFO  node.SCMNodeManager (SCMNodeManager.java:register(405)) - Registered Data node : d44cbbb4-6878-45fc-b8ff-9a9a6a2d2fa6{ip: 10.1.0.19, host: fv-az584-689.msjcyvhqqs1uvpg4fm53wptgqc.jx.internal.cloudapp.net, ports: [HTTP=15283, CLIENT_RPC=15284, REPLICATION=15290, RATIS=15286, RATIS_ADMIN=15287, RATIS_SERVER=15288, RATIS_DATASTREAM=15289, STANDALONE=15285], networkLocation: /default-rack, certSerialId: null, persistedOpState: null, persistedOpStateExpiryEpochSec: 0}
2023-08-25 08:54:12,825 [EventQueue-NewNodeForNewNodeHandler] INFO  pipeline.BackgroundPipelineCreator (BackgroundPipelineCreator.java:notifyEventTriggered(277)) - trigger a one-shot run on RatisPipelineUtilsThread.
2023-08-25 08:54:12,826 [EventQueue-NodeRegistrationContainerReportForDataNodeSafeModeRule] INFO  safemode.SCMSafeModeManager (DataNodeSafeModeRule.java:process(71)) - SCM in safe mode. 2 DataNodes registered, 3 required.
2023-08-25 08:54:12,826 [RatisPipelineUtilsThread - 0] INFO  pipeline.RatisPipelineProvider (RatisPipelineProvider.java:lambda$create$0(206)) - Sending CreatePipelineCommand for pipeline:PipelineID=08aa62b6-d846-41b2-a18e-066ded60c3ab to datanode:d44cbbb4-6878-45fc-b8ff-9a9a6a2d2fa6
2023-08-25 08:54:12,827 [RatisPipelineUtilsThread - 0] INFO  pipeline.BackgroundPipelineCreator (BackgroundPipelineCreator.java:createPipelines(233)) - Created new pipeline Pipeline[ Id: 08aa62b6-d846-41b2-a18e-066ded60c3ab, Nodes: d44cbbb4-6878-45fc-b8ff-9a9a6a2d2fa6(fv-az584-689.msjcyvhqqs1uvpg4fm53wptgqc.jx.internal.cloudapp.net/10.1.0.19), ReplicationConfig: RATIS/ONE, State:ALLOCATED, leaderId:, CreationTimestamp2023-08-25T08:54:12.826Z[Etc/UTC]]
2023-08-25 08:54:12,883 [Time-limited test] INFO  ozone.MiniOzoneClusterImpl (MiniOzoneClusterImpl.java:lambda$waitForClusterToBeReady$0(224)) - Waiting for nodes to be ready. Got 2 of 5 DN Heartbeats.
2023-08-25 08:54:12,883 [Time-limited test] INFO  ozone.MiniOzoneClusterImpl (MiniOzoneClusterImpl.java:lambda$waitForClusterToBeReady$0(227)) - Waiting for cluster to exit safe mode
2023-08-25 08:54:12,883 [Time-limited test] INFO  ozone.MiniOzoneClusterImpl (MiniOzoneClusterImpl.java:lambda$waitForClusterToBeReady$0(229)) - SCM became leader
2023-08-25 08:54:13,042 [ReplicationMonitor] INFO  replication.ReplicationManager (ReplicationManager.java:processAll(361)) - Replication Manager is not ready to run until 3000ms after safemode exit
2023-08-25 08:54:13,181 [IPC Server handler 1 on default port 15267] INFO  net.NetworkTopologyImpl (NetworkTopologyImpl.java:add(112)) - Added a new node: /default-rack/8c499c0a-8bdd-4b02-9c6d-bb3555d01e53
2023-08-25 08:54:13,181 [IPC Server handler 1 on default port 15267] INFO  node.SCMNodeManager (SCMNodeManager.java:register(405)) - Registered Data node : 8c499c0a-8bdd-4b02-9c6d-bb3555d01e53{ip: 10.1.0.19, host: fv-az584-689.msjcyvhqqs1uvpg4fm53wptgqc.jx.internal.cloudapp.net, ports: [HTTP=15292, CLIENT_RPC=15293, REPLICATION=15299, RATIS=15295, RATIS_ADMIN=15296, RATIS_SERVER=15297, RATIS_DATASTREAM=15298, STANDALONE=15294], networkLocation: /default-rack, certSerialId: null, persistedOpState: null, persistedOpStateExpiryEpochSec: 0}
2023-08-25 08:54:13,183 [EventQueue-NodeRegistrationContainerReportForDataNodeSafeModeRule] INFO  safemode.SCMSafeModeManager (DataNodeSafeModeRule.java:process(71)) - SCM in safe mode. 3 DataNodes registered, 3 required.
2023-08-25 08:54:13,183 [EventQueue-NodeRegistrationContainerReportForDataNodeSafeModeRule] INFO  safemode.SCMSafeModeManager (SCMSafeModeManager.java:validateSafeModeExitRules(200)) - DataNodeSafeModeRule rule is successfully validated
2023-08-25 08:54:13,183 [EventQueue-NodeRegistrationContainerReportForDataNodeSafeModeRule] INFO  safemode.SCMSafeModeManager (SCMSafeModeManager.java:completePreCheck(229)) - All SCM safe mode pre check rules have passed
2023-08-25 08:54:13,183 [EventQueue-NodeRegistrationContainerReportForDataNodeSafeModeRule] INFO  ha.SCMContext (SCMContext.java:updateSafeModeStatus(228)) - Update SafeModeStatus from SafeModeStatus{safeModeStatus=true, preCheckPassed=false} to SafeModeStatus{safeModeStatus=true, preCheckPassed=true}.
2023-08-25 08:54:13,183 [EventQueue-NewNodeForNewNodeHandler] INFO  pipeline.BackgroundPipelineCreator (BackgroundPipelineCreator.java:notifyEventTriggered(277)) - trigger a one-shot run on RatisPipelineUtilsThread.
2023-08-25 08:54:13,183 [EventQueue-NodeRegistrationContainerReportForDataNodeSafeModeRule] INFO  pipeline.BackgroundPipelineCreator (BackgroundPipelineCreator.java:notifyEventTriggered(277)) - trigger a one-shot run on RatisPipelineUtilsThread.
2023-08-25 08:54:13,184 [RatisPipelineUtilsThread - 0] INFO  pipeline.RatisPipelineProvider (RatisPipelineProvider.java:lambda$create$0(206)) - Sending CreatePipelineCommand for pipeline:PipelineID=54a51d35-56ed-4aca-be5f-703fb21acdd3 to datanode:8c499c0a-8bdd-4b02-9c6d-bb3555d01e53
2023-08-25 08:54:13,184 [RatisPipelineUtilsThread - 0] INFO  pipeline.BackgroundPipelineCreator (BackgroundPipelineCreator.java:createPipelines(233)) - Created new pipeline Pipeline[ Id: 54a51d35-56ed-4aca-be5f-703fb21acdd3, Nodes: 8c499c0a-8bdd-4b02-9c6d-bb3555d01e53(fv-az584-689.msjcyvhqqs1uvpg4fm53wptgqc.jx.internal.cloudapp.net/10.1.0.19), ReplicationConfig: RATIS/ONE, State:ALLOCATED, leaderId:, CreationTimestamp2023-08-25T08:54:13.184Z[Etc/UTC]]
2023-08-25 08:54:13,185 [RatisPipelineUtilsThread - 0] INFO  pipeline.RatisPipelineProvider (RatisPipelineProvider.java:lambda$create$0(206)) - Sending CreatePipelineCommand for pipeline:PipelineID=b6a2b597-69ed-4adb-884f-4d980349df78 to datanode:19c619f1-2007-441e-8fe6-e07ebc4fc791
2023-08-25 08:54:13,185 [RatisPipelineUtilsThread - 0] INFO  pipeline.RatisPipelineProvider (RatisPipelineProvider.java:lambda$create$0(206)) - Sending CreatePipelineCommand for pipeline:PipelineID=b6a2b597-69ed-4adb-884f-4d980349df78 to datanode:8c499c0a-8bdd-4b02-9c6d-bb3555d01e53
2023-08-25 08:54:13,185 [RatisPipelineUtilsThread - 0] INFO  pipeline.RatisPipelineProvider (RatisPipelineProvider.java:lambda$create$0(206)) - Sending CreatePipelineCommand for pipeline:PipelineID=b6a2b597-69ed-4adb-884f-4d980349df78 to datanode:d44cbbb4-6878-45fc-b8ff-9a9a6a2d2fa6
2023-08-25 08:54:13,185 [RatisPipelineUtilsThread - 0] INFO  pipeline.BackgroundPipelineCreator (BackgroundPipelineCreator.java:createPipelines(233)) - Created new pipeline Pipeline[ Id: b6a2b597-69ed-4adb-884f-4d980349df78, Nodes: 19c619f1-2007-441e-8fe6-e07ebc4fc791(fv-az584-689.msjcyvhqqs1uvpg4fm53wptgqc.jx.internal.cloudapp.net/10.1.0.19)8c499c0a-8bdd-4b02-9c6d-bb3555d01e53(fv-az584-689.msjcyvhqqs1uvpg4fm53wptgqc.jx.internal.cloudapp.net/10.1.0.19)d44cbbb4-6878-45fc-b8ff-9a9a6a2d2fa6(fv-az584-689.msjcyvhqqs1uvpg4fm53wptgqc.jx.internal.cloudapp.net/10.1.0.19), ReplicationConfig: RATIS/THREE, State:ALLOCATED, leaderId:, CreationTimestamp2023-08-25T08:54:13.185Z[Etc/UTC]]
2023-08-25 08:54:13,189 [RatisPipelineUtilsThread - 0] INFO  pipeline.RatisPipelineProvider (RatisPipelineProvider.java:lambda$create$0(206)) - Sending CreatePipelineCommand for pipeline:PipelineID=06c3252d-6abd-437c-b19f-51a9d41e8872 to datanode:d44cbbb4-6878-45fc-b8ff-9a9a6a2d2fa6
2023-08-25 08:54:13,189 [RatisPipelineUtilsThread - 0] INFO  pipeline.RatisPipelineProvider (RatisPipelineProvider.java:lambda$create$0(206)) - Sending CreatePipelineCommand for pipeline:PipelineID=06c3252d-6abd-437c-b19f-51a9d41e8872 to datanode:8c499c0a-8bdd-4b02-9c6d-bb3555d01e53
2023-08-25 08:54:13,189 [RatisPipelineUtilsThread - 0] INFO  pipeline.RatisPipelineProvider (RatisPipelineProvider.java:lambda$create$0(206)) - Sending CreatePipelineCommand for pipeline:PipelineID=06c3252d-6abd-437c-b19f-51a9d41e8872 to datanode:19c619f1-2007-441e-8fe6-e07ebc4fc791
2023-08-25 08:54:13,189 [RatisPipelineUtilsThread - 0] INFO  pipeline.PipelineManagerImpl (PipelineManagerImpl.java:recordMetricsForPipeline(914)) - Pipeline: PipelineID=06c3252d-6abd-437c-b19f-51a9d41e8872 contains same datanodes as previous pipelines: PipelineID=b6a2b597-69ed-4adb-884f-4d980349df78 nodeIds: d44cbbb4-6878-45fc-b8ff-9a9a6a2d2fa6, 8c499c0a-8bdd-4b02-9c6d-bb3555d01e53, 19c619f1-2007-441e-8fe6-e07ebc4fc791
2023-08-25 08:54:13,190 [RatisPipelineUtilsThread - 0] INFO  pipeline.BackgroundPipelineCreator (BackgroundPipelineCreator.java:createPipelines(233)) - Created new pipeline Pipeline[ Id: 06c3252d-6abd-437c-b19f-51a9d41e8872, Nodes: d44cbbb4-6878-45fc-b8ff-9a9a6a2d2fa6(fv-az584-689.msjcyvhqqs1uvpg4fm53wptgqc.jx.internal.cloudapp.net/10.1.0.19)8c499c0a-8bdd-4b02-9c6d-bb3555d01e53(fv-az584-689.msjcyvhqqs1uvpg4fm53wptgqc.jx.internal.cloudapp.net/10.1.0.19)19c619f1-2007-441e-8fe6-e07ebc4fc791(fv-az584-689.msjcyvhqqs1uvpg4fm53wptgqc.jx.internal.cloudapp.net/10.1.0.19), ReplicationConfig: RATIS/THREE, State:ALLOCATED, leaderId:, CreationTimestamp2023-08-25T08:54:13.189Z[Etc/UTC]]
2023-08-25 08:54:13,190 [RatisPipelineUtilsThread - 0] WARN  pipeline.PipelinePlacementPolicy (PipelinePlacementPolicy.java:filterViableNodes(166)) - Pipeline creation failed due to no sufficient healthy datanodes. Required 3. Found 0. Excluded 3.
2023-08-25 08:54:13,191 [RatisPipelineUtilsThread - 0] WARN  pipeline.PipelinePlacementPolicy (PipelinePlacementPolicy.java:filterViableNodes(166)) - Pipeline creation failed due to no sufficient healthy datanodes. Required 3. Found 0. Excluded 3.
2023-08-25 08:54:13,541 [IPC Server handler 0 on default port 15267] INFO  net.NetworkTopologyImpl (NetworkTopologyImpl.java:add(112)) - Added a new node: /default-rack/c232c302-4b44-4a08-8d69-5010a6de413a
2023-08-25 08:54:13,541 [IPC Server handler 0 on default port 15267] INFO  node.SCMNodeManager (SCMNodeManager.java:register(405)) - Registered Data node : c232c302-4b44-4a08-8d69-5010a6de413a{ip: 10.1.0.19, host: fv-az584-689.msjcyvhqqs1uvpg4fm53wptgqc.jx.internal.cloudapp.net, ports: [HTTP=15301, CLIENT_RPC=15302, REPLICATION=15308, RATIS=15304, RATIS_ADMIN=15305, RATIS_SERVER=15306, RATIS_DATASTREAM=15307, STANDALONE=15303], networkLocation: /default-rack, certSerialId: null, persistedOpState: null, persistedOpStateExpiryEpochSec: 0}
2023-08-25 08:54:13,542 [EventQueue-NewNodeForNewNodeHandler] INFO  pipeline.BackgroundPipelineCreator (BackgroundPipelineCreator.java:notifyEventTriggered(277)) - trigger a one-shot run on RatisPipelineUtilsThread.
2023-08-25 08:54:13,542 [RatisPipelineUtilsThread - 0] INFO  pipeline.RatisPipelineProvider (RatisPipelineProvider.java:lambda$create$0(206)) - Sending CreatePipelineCommand for pipeline:PipelineID=27723df0-f849-46c1-951c-ace5127591c6 to datanode:c232c302-4b44-4a08-8d69-5010a6de413a
2023-08-25 08:54:13,543 [RatisPipelineUtilsThread - 0] INFO  pipeline.BackgroundPipelineCreator (BackgroundPipelineCreator.java:createPipelines(233)) - Created new pipeline Pipeline[ Id: 27723df0-f849-46c1-951c-ace5127591c6, Nodes: c232c302-4b44-4a08-8d69-5010a6de413a(fv-az584-689.msjcyvhqqs1uvpg4fm53wptgqc.jx.internal.cloudapp.net/10.1.0.19), ReplicationConfig: RATIS/ONE, State:ALLOCATED, leaderId:, CreationTimestamp2023-08-25T08:54:13.542Z[Etc/UTC]]
2023-08-25 08:54:13,543 [RatisPipelineUtilsThread - 0] WARN  pipeline.PipelinePlacementPolicy (PipelinePlacementPolicy.java:filterViableNodes(166)) - Pipeline creation failed due to no sufficient healthy datanodes. Required 3. Found 1. Excluded 3.
2023-08-25 08:54:13,883 [Time-limited test] INFO  ozone.MiniOzoneClusterImpl (MiniOzoneClusterImpl.java:lambda$waitForClusterToBeReady$0(224)) - Waiting for nodes to be ready. Got 4 of 5 DN Heartbeats.
2023-08-25 08:54:13,883 [Time-limited test] INFO  ozone.MiniOzoneClusterImpl (MiniOzoneClusterImpl.java:lambda$waitForClusterToBeReady$0(227)) - Waiting for cluster to exit safe mode
2023-08-25 08:54:13,883 [Time-limited test] INFO  ozone.MiniOzoneClusterImpl (MiniOzoneClusterImpl.java:lambda$waitForClusterToBeReady$0(229)) - SCM became leader
2023-08-25 08:54:13,885 [IPC Server handler 3 on default port 15267] INFO  net.NetworkTopologyImpl (NetworkTopologyImpl.java:add(112)) - Added a new node: /default-rack/24b07fc1-f78a-4d5b-922d-a3de9c19b3d1
2023-08-25 08:54:13,885 [IPC Server handler 3 on default port 15267] INFO  node.SCMNodeManager (SCMNodeManager.java:register(405)) - Registered Data node : 24b07fc1-f78a-4d5b-922d-a3de9c19b3d1{ip: 10.1.0.19, host: fv-az584-689.msjcyvhqqs1uvpg4fm53wptgqc.jx.internal.cloudapp.net, ports: [HTTP=15310, CLIENT_RPC=15311, REPLICATION=15317, RATIS=15313, RATIS_ADMIN=15314, RATIS_SERVER=15315, RATIS_DATASTREAM=15316, STANDALONE=15312], networkLocation: /default-rack, certSerialId: null, persistedOpState: null, persistedOpStateExpiryEpochSec: 0}
2023-08-25 08:54:13,888 [EventQueue-NewNodeForNewNodeHandler] INFO  pipeline.BackgroundPipelineCreator (BackgroundPipelineCreator.java:notifyEventTriggered(277)) - trigger a one-shot run on RatisPipelineUtilsThread.
2023-08-25 08:54:13,889 [RatisPipelineUtilsThread - 0] INFO  pipeline.RatisPipelineProvider (RatisPipelineProvider.java:lambda$create$0(206)) - Sending CreatePipelineCommand for pipeline:PipelineID=ffb47fc5-3bfc-412f-9bbc-5be05364f447 to datanode:24b07fc1-f78a-4d5b-922d-a3de9c19b3d1
2023-08-25 08:54:13,890 [RatisPipelineUtilsThread - 0] INFO  pipeline.BackgroundPipelineCreator (BackgroundPipelineCreator.java:createPipelines(233)) - Created new pipeline Pipeline[ Id: ffb47fc5-3bfc-412f-9bbc-5be05364f447, Nodes: 24b07fc1-f78a-4d5b-922d-a3de9c19b3d1(fv-az584-689.msjcyvhqqs1uvpg4fm53wptgqc.jx.internal.cloudapp.net/10.1.0.19), ReplicationConfig: RATIS/ONE, State:ALLOCATED, leaderId:, CreationTimestamp2023-08-25T08:54:13.889Z[Etc/UTC]]
2023-08-25 08:54:13,890 [RatisPipelineUtilsThread - 0] WARN  pipeline.PipelinePlacementPolicy (PipelinePlacementPolicy.java:filterViableNodes(166)) - Pipeline creation failed due to no sufficient healthy datanodes. Required 3. Found 2. Excluded 3.
2023-08-25 08:54:14,042 [ReplicationMonitor] INFO  replication.ReplicationManager (ReplicationManager.java:processAll(361)) - Replication Manager is not ready to run until 3000ms after safemode exit
2023-08-25 08:54:14,884 [Time-limited test] INFO  ozone.MiniOzoneClusterImpl (MiniOzoneClusterImpl.java:lambda$waitForClusterToBeReady$0(224)) - Nodes are ready. Got 5 of 5 DN Heartbeats.
2023-08-25 08:54:14,884 [Time-limited test] INFO  ozone.MiniOzoneClusterImpl (MiniOzoneClusterImpl.java:lambda$waitForClusterToBeReady$0(227)) - Waiting for cluster to exit safe mode
2023-08-25 08:54:14,884 [Time-limited test] INFO  ozone.MiniOzoneClusterImpl (MiniOzoneClusterImpl.java:lambda$waitForClusterToBeReady$0(229)) - SCM became leader
2023-08-25 08:54:15,042 [ReplicationMonitor] INFO  replication.ReplicationManager (ReplicationManager.java:processAll(361)) - Replication Manager is not ready to run until 3000ms after safemode exit
2023-08-25 08:54:15,485 [PipelineCommandHandlerThread-0] INFO  server.RaftServer (RaftServerProxy.java:addNew(98)) - 19c619f1-2007-441e-8fe6-e07ebc4fc791: addNew group-6152DA3C4D6B:[19c619f1-2007-441e-8fe6-e07ebc4fc791|rpc:10.1.0.19:15279|admin:10.1.0.19:15278|client:10.1.0.19:15277|dataStream:10.1.0.19:15280|priority:1|startupRole:FOLLOWER] returns group-6152DA3C4D6B:java.util.concurrent.CompletableFuture@204411b5[Not completed]
2023-08-25 08:54:15,486 [19c619f1-2007-441e-8fe6-e07ebc4fc791-groupManagement] INFO  server.RaftServer$Division (RaftServerImpl.java:<init>(198)) - 19c619f1-2007-441e-8fe6-e07ebc4fc791: new RaftServerImpl for group-6152DA3C4D6B:[19c619f1-2007-441e-8fe6-e07ebc4fc791|rpc:10.1.0.19:15279|admin:10.1.0.19:15278|client:10.1.0.19:15277|dataStream:10.1.0.19:15280|priority:1|startupRole:FOLLOWER] with ContainerStateMachine:uninitialized
2023-08-25 08:54:15,486 [19c619f1-2007-441e-8fe6-e07ebc4fc791-groupManagement] INFO  server.RaftServerConfigKeys (ConfUtils.java:logGet(46)) - raft.server.rpc.timeout.min = 5s (custom)
2023-08-25 08:54:15,486 [19c619f1-2007-441e-8fe6-e07ebc4fc791-groupManagement] INFO  server.RaftServerConfigKeys (ConfUtils.java:logGet(46)) - raft.server.rpc.timeout.max = 5200ms (custom)
2023-08-25 08:54:15,486 [19c619f1-2007-441e-8fe6-e07ebc4fc791-groupManagement] INFO  server.RaftServerConfigKeys (ConfUtils.java:logGet(46)) - raft.server.rpc.sleep.time = 25ms (default)
2023-08-25 08:54:15,486 [19c619f1-2007-441e-8fe6-e07ebc4fc791-groupManagement] INFO  server.RaftServerConfigKeys (ConfUtils.java:logGet(46)) - raft.server.rpc.slowness.timeout = 300s (custom)
2023-08-25 08:54:15,486 [19c619f1-2007-441e-8fe6-e07ebc4fc791-groupManagement] INFO  server.RaftServerConfigKeys (ConfUtils.java:logGet(46)) - raft.server.leaderelection.leader.step-down.wait-time = 10s (default)
2023-08-25 08:54:15,486 [19c619f1-2007-441e-8fe6-e07ebc4fc791-groupManagement] INFO  server.RaftServerConfigKeys (ConfUtils.java:logGet(46)) - raft.server.sleep.deviation.threshold = 300ms (default)
2023-08-25 08:54:15,486 [19c619f1-2007-441e-8fe6-e07ebc4fc791-groupManagement] INFO  server.RaftServer$Division (ServerState.java:<init>(120)) - 19c619f1-2007-441e-8fe6-e07ebc4fc791@group-6152DA3C4D6B: ConfigurationManager, init=-1: peers:[19c619f1-2007-441e-8fe6-e07ebc4fc791|rpc:10.1.0.19:15279|admin:10.1.0.19:15278|client:10.1.0.19:15277|dataStream:10.1.0.19:15280|priority:1|startupRole:FOLLOWER]|listeners:[], old=null, confs=<EMPTY_MAP>
2023-08-25 08:54:15,486 [19c619f1-2007-441e-8fe6-e07ebc4fc791-groupManagement] INFO  server.RaftServerConfigKeys (ConfUtils.java:logGet(46)) - raft.server.storage.dir = [/home/runner/work/ozone/ozone/hadoop-ozone/integration-test/target/test-dir/MiniOzoneClusterImpl-e7e10417-51b4-42c5-96ae-91e23fec58ac/datanode-0/data/ratis] (custom)
2023-08-25 08:54:15,486 [19c619f1-2007-441e-8fe6-e07ebc4fc791-groupManagement] INFO  server.RaftServerConfigKeys (ConfUtils.java:logGet(46)) - raft.server.log.corruption.policy = EXCEPTION (default)
2023-08-25 08:54:15,486 [19c619f1-2007-441e-8fe6-e07ebc4fc791-groupManagement] INFO  server.RaftServerConfigKeys (ConfUtils.java:logGet(46)) - raft.server.storage.free-space.min = 0MB (=0) (default)
2023-08-25 08:54:15,487 [19c619f1-2007-441e-8fe6-e07ebc4fc791-groupManagement] INFO  server.RaftServerConfigKeys (ConfUtils.java:logGet(46)) - raft.server.notification.no-leader.timeout = 300s (custom)
2023-08-25 08:54:15,487 [19c619f1-2007-441e-8fe6-e07ebc4fc791-groupManagement] INFO  server.RaftServerConfigKeys (ConfUtils.java:logGet(46)) - raft.server.read.timeout = 10s (default)
2023-08-25 08:54:15,487 [19c619f1-2007-441e-8fe6-e07ebc4fc791-groupManagement] INFO  server.RaftServerConfigKeys (ConfUtils.java:logGet(46)) - raft.server.retrycache.expirytime = 600000ms (custom)
2023-08-25 08:54:15,487 [19c619f1-2007-441e-8fe6-e07ebc4fc791-groupManagement] INFO  server.RaftServerConfigKeys (ConfUtils.java:logGet(46)) - raft.server.retrycache.statistics.expirytime = 100μs (default)
2023-08-25 08:54:15,487 [19c619f1-2007-441e-8fe6-e07ebc4fc791-groupManagement] INFO  server.RaftServerConfigKeys (ConfUtils.java:logGet(46)) - raft.server.read.option = DEFAULT (default)
2023-08-25 08:54:15,487 [19c619f1-2007-441e-8fe6-e07ebc4fc791-groupManagement] INFO  server.RaftServerConfigKeys (ConfUtils.java:logGet(46)) - raft.server.rpc.request.timeout = 60s (custom)
2023-08-25 08:54:15,488 [19c619f1-2007-441e-8fe6-e07ebc4fc791-groupManagement] INFO  server.RaftServerConfigKeys (ConfUtils.java:logGet(46)) - raft.server.log.appender.install.snapshot.enabled = false (custom)
2023-08-25 08:54:15,488 [19c619f1-2007-441e-8fe6-e07ebc4fc791-groupManagement] INFO  server.RaftServerConfigKeys (ConfUtils.java:logGet(46)) - raft.server.threadpool.server.cached = true (default)
2023-08-25 08:54:15,488 [19c619f1-2007-441e-8fe6-e07ebc4fc791-groupManagement] INFO  server.RaftServerConfigKeys (ConfUtils.java:logGet(46)) - raft.server.threadpool.server.size = 0 (default)
2023-08-25 08:54:15,488 [19c619f1-2007-441e-8fe6-e07ebc4fc791-groupManagement] INFO  server.RaftServerConfigKeys (ConfUtils.java:logGet(46)) - raft.server.threadpool.client.cached = true (default)
2023-08-25 08:54:15,488 [19c619f1-2007-441e-8fe6-e07ebc4fc791-groupManagement] INFO  server.RaftServerConfigKeys (ConfUtils.java:logGet(46)) - raft.server.threadpool.client.size = 0 (default)
2023-08-25 08:54:15,488 [19c619f1-2007-441e-8fe6-e07ebc4fc791-groupManagement] INFO  storage.RaftStorageDirectory (RaftStorageDirectoryImpl.java:analyzeStorage(137)) - The storage directory /home/runner/work/ozone/ozone/hadoop-ozone/integration-test/target/test-dir/MiniOzoneClusterImpl-e7e10417-51b4-42c5-96ae-91e23fec58ac/datanode-0/data/ratis/4a79fc2f-79fd-40cc-9431-6152da3c4d6b does not exist. Creating ...
2023-08-25 08:54:15,492 [19c619f1-2007-441e-8fe6-e07ebc4fc791-groupManagement] INFO  storage.RaftStorageDirectory (RaftStorageDirectoryImpl.java:tryLock(231)) - Lock on /home/runner/work/ozone/ozone/hadoop-ozone/integration-test/target/test-dir/MiniOzoneClusterImpl-e7e10417-51b4-42c5-96ae-91e23fec58ac/datanode-0/data/ratis/4a79fc2f-79fd-40cc-9431-6152da3c4d6b/in_use.lock acquired by nodename 30217@fv-az584-689
2023-08-25 08:54:15,493 [19c619f1-2007-441e-8fe6-e07ebc4fc791-groupManagement] INFO  storage.RaftStorage (RaftStorageImpl.java:format(96)) - Storage directory /home/runner/work/ozone/ozone/hadoop-ozone/integration-test/target/test-dir/MiniOzoneClusterImpl-e7e10417-51b4-42c5-96ae-91e23fec58ac/datanode-0/data/ratis/4a79fc2f-79fd-40cc-9431-6152da3c4d6b has been successfully formatted.
2023-08-25 08:54:15,495 [19c619f1-2007-441e-8fe6-e07ebc4fc791-groupManagement] INFO  ratis.ContainerStateMachine (ContainerStateMachine.java:loadSnapshot(262)) - group-6152DA3C4D6B: The snapshot info is null. Setting the last applied indexto:(t:0, i:~)
2023-08-25 08:54:15,495 [19c619f1-2007-441e-8fe6-e07ebc4fc791-groupManagement] INFO  server.RaftServerConfigKeys (ConfUtils.java:logGet(46)) - raft.server.log.use.memory = false (default)
2023-08-25 08:54:15,495 [19c619f1-2007-441e-8fe6-e07ebc4fc791-groupManagement] INFO  server.RaftServerConfigKeys (ConfUtils.java:logGet(46)) - raft.server.log.purge.gap = 1000000 (custom)
2023-08-25 08:54:15,497 [EventQueue-PipelineReportForPipelineReportHandler] INFO  pipeline.PipelineReportHandler (PipelineReportHandler.java:processPipelineReport(136)) - Opened pipeline PipelineID=4a79fc2f-79fd-40cc-9431-6152da3c4d6b
2023-08-25 08:54:15,501 [19c619f1-2007-441e-8fe6-e07ebc4fc791-groupManagement] INFO  server.RaftServerConfigKeys (ConfUtils.java:logGet(46)) - raft.server.log.appender.buffer.byte-limit = 33554432 (custom)
2023-08-25 08:54:15,505 [19c619f1-2007-441e-8fe6-e07ebc4fc791-groupManagement] INFO  server.RaftServerConfigKeys (ConfUtils.java:logGet(46)) - raft.server.log.statemachine.data.read.timeout = 1000ms (default)
2023-08-25 08:54:15,505 [19c619f1-2007-441e-8fe6-e07ebc4fc791-groupManagement] INFO  server.RaftServerConfigKeys (ConfUtils.java:logGet(46)) - raft.server.log.purge.preservation.log.num = 0 (default)
2023-08-25 08:54:15,505 [19c619f1-2007-441e-8fe6-e07ebc4fc791-groupManagement] INFO  server.RaftServerConfigKeys (ConfUtils.java:logGet(46)) - raft.server.log.segment.size.max = 1048576 (custom)
2023-08-25 08:54:15,505 [19c619f1-2007-441e-8fe6-e07ebc4fc791-groupManagement] INFO  server.RaftServerConfigKeys (ConfUtils.java:logGet(46)) - raft.server.log.segment.cache.num.max = 2 (custom)
2023-08-25 08:54:15,505 [19c619f1-2007-441e-8fe6-e07ebc4fc791-groupManagement] INFO  server.RaftServerConfigKeys (ConfUtils.java:logGet(46)) - raft.server.log.segment.cache.size.max = 200MB (=209715200) (default)
2023-08-25 08:54:15,505 [EventQueue-OpenPipelineForHealthyPipelineSafeModeRule] INFO  safemode.SCMSafeModeManager (HealthyPipelineSafeModeRule.java:process(137)) - SCM in safe mode. Healthy pipelines reported count is 0, required healthy pipeline reported count is 1
2023-08-25 08:54:15,506 [19c619f1-2007-441e-8fe6-e07ebc4fc791-groupManagement] INFO  server.RaftServerConfigKeys (ConfUtils.java:logGet(46)) - raft.server.log.appender.buffer.byte-limit = 33554432 (custom)
2023-08-25 08:54:15,506 [19c619f1-2007-441e-8fe6-e07ebc4fc791-groupManagement] INFO  segmented.SegmentedRaftLogWorker (SegmentedRaftLogWorker.java:<init>(188)) - new 19c619f1-2007-441e-8fe6-e07ebc4fc791@group-6152DA3C4D6B-SegmentedRaftLogWorker for RaftStorageImpl:Storage Directory /home/runner/work/ozone/ozone/hadoop-ozone/integration-test/target/test-dir/MiniOzoneClusterImpl-e7e10417-51b4-42c5-96ae-91e23fec58ac/datanode-0/data/ratis/4a79fc2f-79fd-40cc-9431-6152da3c4d6b
2023-08-25 08:54:15,507 [19c619f1-2007-441e-8fe6-e07ebc4fc791-groupManagement] INFO  server.RaftServerConfigKeys (ConfUtils.java:logGet(46)) - raft.server.log.queue.byte-limit = 4294967296 (custom)
2023-08-25 08:54:15,507 [19c619f1-2007-441e-8fe6-e07ebc4fc791-groupManagement] INFO  server.RaftServerConfigKeys (ConfUtils.java:logGet(46)) - raft.server.log.queue.element-limit = 1024 (custom)
2023-08-25 08:54:15,507 [19c619f1-2007-441e-8fe6-e07ebc4fc791-groupManagement] INFO  server.RaftServerConfigKeys (ConfUtils.java:logGet(46)) - raft.server.log.segment.size.max = 1048576 (custom)
2023-08-25 08:54:15,507 [19c619f1-2007-441e-8fe6-e07ebc4fc791-groupManagement] INFO  server.RaftServerConfigKeys (ConfUtils.java:logGet(46)) - raft.server.log.preallocated.size = 16384 (custom)
2023-08-25 08:54:15,507 [19c619f1-2007-441e-8fe6-e07ebc4fc791-groupManagement] INFO  server.RaftServerConfigKeys (ConfUtils.java:logGet(46)) - raft.server.log.force.sync.num = 128 (default)
2023-08-25 08:54:15,507 [19c619f1-2007-441e-8fe6-e07ebc4fc791-groupManagement] INFO  server.RaftServerConfigKeys (ConfUtils.java:logGet(46)) - raft.server.log.statemachine.data.sync = true (default)
2023-08-25 08:54:15,507 [19c619f1-2007-441e-8fe6-e07ebc4fc791-groupManagement] INFO  server.RaftServerConfigKeys (ConfUtils.java:logGet(46)) - raft.server.log.statemachine.data.sync.timeout = 10s (default)
2023-08-25 08:54:15,507 [19c619f1-2007-441e-8fe6-e07ebc4fc791-groupManagement] INFO  server.RaftServerConfigKeys (ConfUtils.java:logGet(46)) - raft.server.log.statemachine.data.sync.timeout.retry = -1 (default)
2023-08-25 08:54:15,507 [19c619f1-2007-441e-8fe6-e07ebc4fc791-groupManagement] INFO  server.RaftServerConfigKeys (ConfUtils.java:logGet(46)) - raft.server.log.write.buffer.size = 1048576 (custom)
2023-08-25 08:54:15,508 [19c619f1-2007-441e-8fe6-e07ebc4fc791-groupManagement] INFO  server.RaftServerConfigKeys (ConfUtils.java:logGet(46)) - raft.server.log.appender.buffer.byte-limit = 33554432 (custom)
2023-08-25 08:54:15,515 [19c619f1-2007-441e-8fe6-e07ebc4fc791-groupManagement] INFO  server.RaftServerConfigKeys (ConfUtils.java:logGet(46)) - raft.server.log.unsafe-flush.enabled = false (default)
2023-08-25 08:54:15,515 [19c619f1-2007-441e-8fe6-e07ebc4fc791-groupManagement] INFO  server.RaftServerConfigKeys (ConfUtils.java:logGet(46)) - raft.server.log.async-flush.enabled = false (default)
2023-08-25 08:54:15,515 [19c619f1-2007-441e-8fe6-e07ebc4fc791-groupManagement] INFO  server.RaftServerConfigKeys (ConfUtils.java:logGet(46)) - raft.server.log.statemachine.data.caching.enabled = true (custom)
2023-08-25 08:54:15,515 [19c619f1-2007-441e-8fe6-e07ebc4fc791-groupManagement] INFO  segmented.SegmentedRaftLogWorker (SegmentedRaftLogWorker.java:lambda$new$0(135)) - 19c619f1-2007-441e-8fe6-e07ebc4fc791@group-6152DA3C4D6B-SegmentedRaftLogWorker: flushIndex: setUnconditionally 0 -> -1
2023-08-25 08:54:15,515 [19c619f1-2007-441e-8fe6-e07ebc4fc791-groupManagement] INFO  segmented.SegmentedRaftLogWorker (SegmentedRaftLogWorker.java:lambda$new$0(135)) - 19c619f1-2007-441e-8fe6-e07ebc4fc791@group-6152DA3C4D6B-SegmentedRaftLogWorker: safeCacheEvictIndex: setUnconditionally 0 -> -1
2023-08-25 08:54:15,516 [19c619f1-2007-441e-8fe6-e07ebc4fc791-groupManagement] INFO  server.RaftServer$Division (RaftServerImpl.java:start(342)) - 19c619f1-2007-441e-8fe6-e07ebc4fc791@group-6152DA3C4D6B: start as a follower, conf=-1: peers:[19c619f1-2007-441e-8fe6-e07ebc4fc791|rpc:10.1.0.19:15279|admin:10.1.0.19:15278|client:10.1.0.19:15277|dataStream:10.1.0.19:15280|priority:1|startupRole:FOLLOWER]|listeners:[], old=null
2023-08-25 08:54:15,516 [19c619f1-2007-441e-8fe6-e07ebc4fc791-groupManagement] INFO  server.RaftServer$Division (RaftServerImpl.java:setRole(329)) - 19c619f1-2007-441e-8fe6-e07ebc4fc791@group-6152DA3C4D6B: changes role from      null to FOLLOWER at term 0 for startAsFollower
2023-08-25 08:54:15,516 [19c619f1-2007-441e-8fe6-e07ebc4fc791-groupManagement] INFO  impl.RoleInfo (RoleInfo.java:updateAndGet(139)) - 19c619f1-2007-441e-8fe6-e07ebc4fc791: start 19c619f1-2007-441e-8fe6-e07ebc4fc791@group-6152DA3C4D6B-FollowerState
2023-08-25 08:54:15,516 [19c619f1-2007-441e-8fe6-e07ebc4fc791@group-6152DA3C4D6B-FollowerState] INFO  server.RaftServerConfigKeys (ConfUtils.java:logFallback(53)) - raft.server.rpc.first-election.timeout.min = 5s (fallback to raft.server.rpc.timeout.min)
2023-08-25 08:54:15,516 [19c619f1-2007-441e-8fe6-e07ebc4fc791-groupManagement] INFO  util.JmxRegister (JmxRegister.java:tryRegister(44)) - Successfully registered JMX Bean with object name Ratis:service=RaftServer,group=group-6152DA3C4D6B,id=19c619f1-2007-441e-8fe6-e07ebc4fc791
2023-08-25 08:54:15,516 [19c619f1-2007-441e-8fe6-e07ebc4fc791@group-6152DA3C4D6B-FollowerState] INFO  server.RaftServerConfigKeys (ConfUtils.java:logFallback(53)) - raft.server.rpc.first-election.timeout.max = 5200ms (fallback to raft.server.rpc.timeout.max)
2023-08-25 08:54:15,516 [19c619f1-2007-441e-8fe6-e07ebc4fc791-groupManagement] INFO  server.RaftServerConfigKeys (ConfUtils.java:logGet(46)) - raft.server.snapshot.auto.trigger.enabled = true (custom)
2023-08-25 08:54:15,516 [19c619f1-2007-441e-8fe6-e07ebc4fc791-groupManagement] INFO  server.RaftServerConfigKeys (ConfUtils.java:logGet(46)) - raft.server.snapshot.auto.trigger.threshold = 10000 (custom)
2023-08-25 08:54:15,516 [19c619f1-2007-441e-8fe6-e07ebc4fc791-groupManagement] INFO  server.RaftServerConfigKeys (ConfUtils.java:logGet(46)) - raft.server.snapshot.retention.file.num = 5 (custom)
2023-08-25 08:54:15,517 [19c619f1-2007-441e-8fe6-e07ebc4fc791-groupManagement] INFO  server.RaftServerConfigKeys (ConfUtils.java:logGet(46)) - raft.server.log.purge.upto.snapshot.index = false (default)
2023-08-25 08:54:15,517 [PipelineCommandHandlerThread-0] INFO  ratis.XceiverServerRatis (XceiverServerRatis.java:addGroup(804)) - Created group PipelineID=4a79fc2f-79fd-40cc-9431-6152da3c4d6b
2023-08-25 08:54:15,517 [PipelineCommandHandlerThread-0] INFO  commandhandler.CreatePipelineCommandHandler (CreatePipelineCommandHandler.java:lambda$handle$2(124)) - Created Pipeline RATIS ONE PipelineID=4a79fc2f-79fd-40cc-9431-6152da3c4d6b.
2023-08-25 08:54:15,517 [PipelineCommandHandlerThread-0] INFO  server.RaftServer (RaftServerProxy.java:addNew(98)) - 19c619f1-2007-441e-8fe6-e07ebc4fc791: addNew group-4D980349DF78:[8c499c0a-8bdd-4b02-9c6d-bb3555d01e53|rpc:10.1.0.19:15297|admin:10.1.0.19:15296|client:10.1.0.19:15295|dataStream:10.1.0.19:15298|priority:0|startupRole:FOLLOWER, d44cbbb4-6878-45fc-b8ff-9a9a6a2d2fa6|rpc:10.1.0.19:15288|admin:10.1.0.19:15287|client:10.1.0.19:15286|dataStream:10.1.0.19:15289|priority:1|startupRole:FOLLOWER, 19c619f1-2007-441e-8fe6-e07ebc4fc791|rpc:10.1.0.19:15279|admin:10.1.0.19:15278|client:10.1.0.19:15277|dataStream:10.1.0.19:15280|priority:0|startupRole:FOLLOWER] returns group-4D980349DF78:java.util.concurrent.CompletableFuture@247b8165[Not completed]
2023-08-25 08:54:15,520 [19c619f1-2007-441e-8fe6-e07ebc4fc791-groupManagement] INFO  server.RaftServer$Division (RaftServerImpl.java:<init>(198)) - 19c619f1-2007-441e-8fe6-e07ebc4fc791: new RaftServerImpl for group-4D980349DF78:[8c499c0a-8bdd-4b02-9c6d-bb3555d01e53|rpc:10.1.0.19:15297|admin:10.1.0.19:15296|client:10.1.0.19:15295|dataStream:10.1.0.19:15298|priority:0|startupRole:FOLLOWER, d44cbbb4-6878-45fc-b8ff-9a9a6a2d2fa6|rpc:10.1.0.19:15288|admin:10.1.0.19:15287|client:10.1.0.19:15286|dataStream:10.1.0.19:15289|priority:1|startupRole:FOLLOWER, 19c619f1-2007-441e-8fe6-e07ebc4fc791|rpc:10.1.0.19:15279|admin:10.1.0.19:15278|client:10.1.0.19:15277|dataStream:10.1.0.19:15280|priority:0|startupRole:FOLLOWER] with ContainerStateMachine:uninitialized
2023-08-25 08:54:15,520 [19c619f1-2007-441e-8fe6-e07ebc4fc791-groupManagement] INFO  server.RaftServerConfigKeys (ConfUtils.java:logGet(46)) - raft.server.rpc.timeout.min = 5s (custom)
2023-08-25 08:54:15,520 [19c619f1-2007-441e-8fe6-e07ebc4fc791-groupManagement] INFO  server.RaftServerConfigKeys (ConfUtils.java:logGet(46)) - raft.server.rpc.timeout.max = 5200ms (custom)
2023-08-25 08:54:15,520 [19c619f1-2007-441e-8fe6-e07ebc4fc791-groupManagement] INFO  server.RaftServerConfigKeys (ConfUtils.java:logGet(46)) - raft.server.rpc.sleep.time = 25ms (default)
2023-08-25 08:54:15,520 [19c619f1-2007-441e-8fe6-e07ebc4fc791-groupManagement] INFO  server.RaftServerConfigKeys (ConfUtils.java:logGet(46)) - raft.server.rpc.slowness.timeout = 300s (custom)
2023-08-25 08:54:15,521 [19c619f1-2007-441e-8fe6-e07ebc4fc791-groupManagement] INFO  server.RaftServerConfigKeys (ConfUtils.java:logGet(46)) - raft.server.leaderelection.leader.step-down.wait-time = 10s (default)
2023-08-25 08:54:15,521 [19c619f1-2007-441e-8fe6-e07ebc4fc791-groupManagement] INFO  server.RaftServerConfigKeys (ConfUtils.java:logGet(46)) - raft.server.sleep.deviation.threshold = 300ms (default)
2023-08-25 08:54:15,521 [19c619f1-2007-441e-8fe6-e07ebc4fc791-groupManagement] INFO  server.RaftServer$Division (ServerState.java:<init>(120)) - 19c619f1-2007-441e-8fe6-e07ebc4fc791@group-4D980349DF78: ConfigurationManager, init=-1: peers:[8c499c0a-8bdd-4b02-9c6d-bb3555d01e53|rpc:10.1.0.19:15297|admin:10.1.0.19:15296|client:10.1.0.19:15295|dataStream:10.1.0.19:15298|priority:0|startupRole:FOLLOWER, d44cbbb4-6878-45fc-b8ff-9a9a6a2d2fa6|rpc:10.1.0.19:15288|admin:10.1.0.19:15287|client:10.1.0.19:15286|dataStream:10.1.0.19:15289|priority:1|startupRole:FOLLOWER, 19c619f1-2007-441e-8fe6-e07ebc4fc791|rpc:10.1.0.19:15279|admin:10.1.0.19:15278|client:10.1.0.19:15277|dataStream:10.1.0.19:15280|priority:0|startupRole:FOLLOWER]|listeners:[], old=null, confs=<EMPTY_MAP>
2023-08-25 08:54:15,521 [19c619f1-2007-441e-8fe6-e07ebc4fc791-groupManagement] INFO  server.RaftServerConfigKeys (ConfUtils.java:logGet(46)) - raft.server.storage.dir = [/home/runner/work/ozone/ozone/hadoop-ozone/integration-test/target/test-dir/MiniOzoneClusterImpl-e7e10417-51b4-42c5-96ae-91e23fec58ac/datanode-0/data/ratis] (custom)
2023-08-25 08:54:15,521 [19c619f1-2007-441e-8fe6-e07ebc4fc791-groupManagement] INFO  server.RaftServerConfigKeys (ConfUtils.java:logGet(46)) - raft.server.log.corruption.policy = EXCEPTION (default)
2023-08-25 08:54:15,521 [19c619f1-2007-441e-8fe6-e07ebc4fc791-groupManagement] INFO  server.RaftServerConfigKeys (ConfUtils.java:logGet(46)) - raft.server.storage.free-space.min = 0MB (=0) (default)
2023-08-25 08:54:15,521 [19c619f1-2007-441e-8fe6-e07ebc4fc791-groupManagement] INFO  server.RaftServerConfigKeys (ConfUtils.java:logGet(46)) - raft.server.notification.no-leader.timeout = 300s (custom)
2023-08-25 08:54:15,521 [19c619f1-2007-441e-8fe6-e07ebc4fc791-groupManagement] INFO  server.RaftServerConfigKeys (ConfUtils.java:logGet(46)) - raft.server.read.timeout = 10s (default)
2023-08-25 08:54:15,521 [19c619f1-2007-441e-8fe6-e07ebc4fc791-groupManagement] INFO  server.RaftServerConfigKeys (ConfUtils.java:logGet(46)) - raft.server.retrycache.expirytime = 600000ms (custom)
2023-08-25 08:54:15,521 [19c619f1-2007-441e-8fe6-e07ebc4fc791-groupManagement] INFO  server.RaftServerConfigKeys (ConfUtils.java:logGet(46)) - raft.server.retrycache.statistics.expirytime = 100μs (default)
2023-08-25 08:54:15,522 [19c619f1-2007-441e-8fe6-e07ebc4fc791-groupManagement] INFO  server.RaftServerConfigKeys (ConfUtils.java:logGet(46)) - raft.server.read.option = DEFAULT (default)
2023-08-25 08:54:15,522 [19c619f1-2007-441e-8fe6-e07ebc4fc791-groupManagement] INFO  server.RaftServerConfigKeys (ConfUtils.java:logGet(46)) - raft.server.rpc.request.timeout = 60s (custom)
2023-08-25 08:54:15,522 [19c619f1-2007-441e-8fe6-e07ebc4fc791-groupManagement] INFO  server.RaftServerConfigKeys (ConfUtils.java:logGet(46)) - raft.server.log.appender.install.snapshot.enabled = false (custom)
2023-08-25 08:54:15,522 [19c619f1-2007-441e-8fe6-e07ebc4fc791-groupManagement] INFO  server.RaftServerConfigKeys (ConfUtils.java:logGet(46)) - raft.server.threadpool.server.cached = true (default)
2023-08-25 08:54:15,522 [19c619f1-2007-441e-8fe6-e07ebc4fc791-groupManagement] INFO  server.RaftServerConfigKeys (ConfUtils.java:logGet(46)) - raft.server.threadpool.server.size = 0 (default)
2023-08-25 08:54:15,523 [19c619f1-2007-441e-8fe6-e07ebc4fc791-groupManagement] INFO  server.RaftServerConfigKeys (ConfUtils.java:logGet(46)) - raft.server.threadpool.client.cached = true (default)
2023-08-25 08:54:15,523 [19c619f1-2007-441e-8fe6-e07ebc4fc791-groupManagement] INFO  server.RaftServerConfigKeys (ConfUtils.java:logGet(46)) - raft.server.threadpool.client.size = 0 (default)
2023-08-25 08:54:15,523 [19c619f1-2007-441e-8fe6-e07ebc4fc791-groupManagement] INFO  storage.RaftStorageDirectory (RaftStorageDirectoryImpl.java:analyzeStorage(137)) - The storage directory /home/runner/work/ozone/ozone/hadoop-ozone/integration-test/target/test-dir/MiniOzoneClusterImpl-e7e10417-51b4-42c5-96ae-91e23fec58ac/datanode-0/data/ratis/b6a2b597-69ed-4adb-884f-4d980349df78 does not exist. Creating ...
2023-08-25 08:54:15,524 [19c619f1-2007-441e-8fe6-e07ebc4fc791-groupManagement] INFO  storage.RaftStorageDirectory (RaftStorageDirectoryImpl.java:tryLock(231)) - Lock on /home/runner/work/ozone/ozone/hadoop-ozone/integration-test/target/test-dir/MiniOzoneClusterImpl-e7e10417-51b4-42c5-96ae-91e23fec58ac/datanode-0/data/ratis/b6a2b597-69ed-4adb-884f-4d980349df78/in_use.lock acquired by nodename 30217@fv-az584-689
2023-08-25 08:54:15,526 [19c619f1-2007-441e-8fe6-e07ebc4fc791-groupManagement] INFO  storage.RaftStorage (RaftStorageImpl.java:format(96)) - Storage directory /home/runner/work/ozone/ozone/hadoop-ozone/integration-test/target/test-dir/MiniOzoneClusterImpl-e7e10417-51b4-42c5-96ae-91e23fec58ac/datanode-0/data/ratis/b6a2b597-69ed-4adb-884f-4d980349df78 has been successfully formatted.
2023-08-25 08:54:15,527 [19c619f1-2007-441e-8fe6-e07ebc4fc791-groupManagement] INFO  ratis.ContainerStateMachine (ContainerStateMachine.java:loadSnapshot(262)) - group-4D980349DF78: The snapshot info is null. Setting the last applied indexto:(t:0, i:~)
2023-08-25 08:54:15,527 [19c619f1-2007-441e-8fe6-e07ebc4fc791-groupManagement] INFO  server.RaftServerConfigKeys (ConfUtils.java:logGet(46)) - raft.server.log.use.memory = false (default)
2023-08-25 08:54:15,527 [19c619f1-2007-441e-8fe6-e07ebc4fc791-groupManagement] INFO  server.RaftServerConfigKeys (ConfUtils.java:logGet(46)) - raft.server.log.purge.gap = 1000000 (custom)
2023-08-25 08:54:15,527 [19c619f1-2007-441e-8fe6-e07ebc4fc791-groupManagement] INFO  server.RaftServerConfigKeys (ConfUtils.java:logGet(46)) - raft.server.log.appender.buffer.byte-limit = 33554432 (custom)
2023-08-25 08:54:15,527 [19c619f1-2007-441e-8fe6-e07ebc4fc791-groupManagement] INFO  server.RaftServerConfigKeys (ConfUtils.java:logGet(46)) - raft.server.log.statemachine.data.read.timeout = 1000ms (default)
2023-08-25 08:54:15,528 [19c619f1-2007-441e-8fe6-e07ebc4fc791-groupManagement] INFO  server.RaftServerConfigKeys (ConfUtils.java:logGet(46)) - raft.server.log.purge.preservation.log.num = 0 (default)
2023-08-25 08:54:15,528 [19c619f1-2007-441e-8fe6-e07ebc4fc791-groupManagement] INFO  server.RaftServerConfigKeys (ConfUtils.java:logGet(46)) - raft.server.log.segment.size.max = 1048576 (custom)
2023-08-25 08:54:15,528 [19c619f1-2007-441e-8fe6-e07ebc4fc791-groupManagement] INFO  server.RaftServerConfigKeys (ConfUtils.java:logGet(46)) - raft.server.log.segment.cache.num.max = 2 (custom)
2023-08-25 08:54:15,528 [19c619f1-2007-441e-8fe6-e07ebc4fc791-groupManagement] INFO  server.RaftServerConfigKeys (ConfUtils.java:logGet(46)) - raft.server.log.segment.cache.size.max = 200MB (=209715200) (default)
2023-08-25 08:54:15,528 [EventQueue-OpenPipelineForHealthyPipelineSafeModeRule] INFO  safemode.SCMSafeModeManager (HealthyPipelineSafeModeRule.java:process(137)) - SCM in safe mode. Healthy pipelines reported count is 0, required healthy pipeline reported count is 1
2023-08-25 08:54:15,528 [19c619f1-2007-441e-8fe6-e07ebc4fc791-groupManagement] INFO  server.RaftServerConfigKeys (ConfUtils.java:logGet(46)) - raft.server.log.appender.buffer.byte-limit = 33554432 (custom)
2023-08-25 08:54:15,528 [19c619f1-2007-441e-8fe6-e07ebc4fc791-groupManagement] INFO  segmented.SegmentedRaftLogWorker (SegmentedRaftLogWorker.java:<init>(188)) - new 19c619f1-2007-441e-8fe6-e07ebc4fc791@group-4D980349DF78-SegmentedRaftLogWorker for RaftStorageImpl:Storage Directory /home/runner/work/ozone/ozone/hadoop-ozone/integration-test/target/test-dir/MiniOzoneClusterImpl-e7e10417-51b4-42c5-96ae-91e23fec58ac/datanode-0/data/ratis/b6a2b597-69ed-4adb-884f-4d980349df78
2023-08-25 08:54:15,530 [19c619f1-2007-441e-8fe6-e07ebc4fc791-groupManagement] INFO  server.RaftServerConfigKeys (ConfUtils.java:logGet(46)) - raft.server.log.queue.byte-limit = 4294967296 (custom)
2023-08-25 08:54:15,530 [19c619f1-2007-441e-8fe6-e07ebc4fc791-groupManagement] INFO  server.RaftServerConfigKeys (ConfUtils.java:logGet(46)) - raft.server.log.queue.element-limit = 1024 (custom)
2023-08-25 08:54:15,530 [19c619f1-2007-441e-8fe6-e07ebc4fc791-groupManagement] INFO  server.RaftServerConfigKeys (ConfUtils.java:logGet(46)) - raft.server.log.segment.size.max = 1048576 (custom)
2023-08-25 08:54:15,530 [19c619f1-2007-441e-8fe6-e07ebc4fc791-groupManagement] INFO  server.RaftServerConfigKeys (ConfUtils.java:logGet(46)) - raft.server.log.preallocated.size = 16384 (custom)
2023-08-25 08:54:15,531 [19c619f1-2007-441e-8fe6-e07ebc4fc791-groupManagement] INFO  server.RaftServerConfigKeys (ConfUtils.java:logGet(46)) - raft.server.log.force.sync.num = 128 (default)
2023-08-25 08:54:15,531 [19c619f1-2007-441e-8fe6-e07ebc4fc791-groupManagement] INFO  server.RaftServerConfigKeys (ConfUtils.java:logGet(46)) - raft.server.log.statemachine.data.sync = true (default)
2023-08-25 08:54:15,531 [19c619f1-2007-441e-8fe6-e07ebc4fc791-groupManagement] INFO  server.RaftServerConfigKeys (ConfUtils.java:logGet(46)) - raft.server.log.statemachine.data.sync.timeout = 10s (default)
2023-08-25 08:54:15,531 [19c619f1-2007-441e-8fe6-e07ebc4fc791-groupManagement] INFO  server.RaftServerConfigKeys (ConfUtils.java:logGet(46)) - raft.server.log.statemachine.data.sync.timeout.retry = -1 (default)
2023-08-25 08:54:15,531 [19c619f1-2007-441e-8fe6-e07ebc4fc791-groupManagement] INFO  server.RaftServerConfigKeys (ConfUtils.java:logGet(46)) - raft.server.log.write.buffer.size = 1048576 (custom)
2023-08-25 08:54:15,532 [19c619f1-2007-441e-8fe6-e07ebc4fc791-groupManagement] INFO  server.RaftServerConfigKeys (ConfUtils.java:logGet(46)) - raft.server.log.appender.buffer.byte-limit = 33554432 (custom)
2023-08-25 08:54:15,537 [19c619f1-2007-441e-8fe6-e07ebc4fc791-groupManagement] INFO  server.RaftServerConfigKeys (ConfUtils.java:logGet(46)) - raft.server.log.unsafe-flush.enabled = false (default)
2023-08-25 08:54:15,537 [19c619f1-2007-441e-8fe6-e07ebc4fc791-groupManagement] INFO  server.RaftServerConfigKeys (ConfUtils.java:logGet(46)) - raft.server.log.async-flush.enabled = false (default)
2023-08-25 08:54:15,537 [19c619f1-2007-441e-8fe6-e07ebc4fc791-groupManagement] INFO  server.RaftServerConfigKeys (ConfUtils.java:logGet(46)) - raft.server.log.statemachine.data.caching.enabled = true (custom)
2023-08-25 08:54:15,538 [19c619f1-2007-441e-8fe6-e07ebc4fc791-groupManagement] INFO  segmented.SegmentedRaftLogWorker (SegmentedRaftLogWorker.java:lambda$new$0(135)) - 19c619f1-2007-441e-8fe6-e07ebc4fc791@group-4D980349DF78-SegmentedRaftLogWorker: flushIndex: setUnconditionally 0 -> -1
2023-08-25 08:54:15,538 [19c619f1-2007-441e-8fe6-e07ebc4fc791-groupManagement] INFO  segmented.SegmentedRaftLogWorker (SegmentedRaftLogWorker.java:lambda$new$0(135)) - 19c619f1-2007-441e-8fe6-e07ebc4fc791@group-4D980349DF78-SegmentedRaftLogWorker: safeCacheEvictIndex: setUnconditionally 0 -> -1
2023-08-25 08:54:15,538 [19c619f1-2007-441e-8fe6-e07ebc4fc791-groupManagement] INFO  server.RaftServer$Division (RaftServerImpl.java:start(342)) - 19c619f1-2007-441e-8fe6-e07ebc4fc791@group-4D980349DF78: start as a follower, conf=-1: peers:[8c499c0a-8bdd-4b02-9c6d-bb3555d01e53|rpc:10.1.0.19:15297|admin:10.1.0.19:15296|client:10.1.0.19:15295|dataStream:10.1.0.19:15298|priority:0|startupRole:FOLLOWER, d44cbbb4-6878-45fc-b8ff-9a9a6a2d2fa6|rpc:10.1.0.19:15288|admin:10.1.0.19:15287|client:10.1.0.19:15286|dataStream:10.1.0.19:15289|priority:1|startupRole:FOLLOWER, 19c619f1-2007-441e-8fe6-e07ebc4fc791|rpc:10.1.0.19:15279|admin:10.1.0.19:15278|client:10.1.0.19:15277|dataStream:10.1.0.19:15280|priority:0|startupRole:FOLLOWER]|listeners:[], old=null
2023-08-25 08:54:15,538 [19c619f1-2007-441e-8fe6-e07ebc4fc791-groupManagement] INFO  server.RaftServer$Division (RaftServerImpl.java:setRole(329)) - 19c619f1-2007-441e-8fe6-e07ebc4fc791@group-4D980349DF78: changes role from      null to FOLLOWER at term 0 for startAsFollower
2023-08-25 08:54:15,538 [19c619f1-2007-441e-8fe6-e07ebc4fc791-groupManagement] INFO  impl.RoleInfo (RoleInfo.java:updateAndGet(139)) - 19c619f1-2007-441e-8fe6-e07ebc4fc791: start 19c619f1-2007-441e-8fe6-e07ebc4fc791@group-4D980349DF78-FollowerState
2023-08-25 08:54:15,539 [19c619f1-2007-441e-8fe6-e07ebc4fc791-groupManagement] INFO  util.JmxRegister (JmxRegister.java:tryRegister(44)) - Successfully registered JMX Bean with object name Ratis:service=RaftServer,group=group-4D980349DF78,id=19c619f1-2007-441e-8fe6-e07ebc4fc791
2023-08-25 08:54:15,539 [19c619f1-2007-441e-8fe6-e07ebc4fc791@group-4D980349DF78-FollowerState] INFO  server.RaftServerConfigKeys (ConfUtils.java:logFallback(53)) - raft.server.rpc.first-election.timeout.min = 5s (fallback to raft.server.rpc.timeout.min)
2023-08-25 08:54:15,539 [19c619f1-2007-441e-8fe6-e07ebc4fc791@group-4D980349DF78-FollowerState] INFO  server.RaftServerConfigKeys (ConfUtils.java:logFallback(53)) - raft.server.rpc.first-election.timeout.max = 5200ms (fallback to raft.server.rpc.timeout.max)
2023-08-25 08:54:15,539 [19c619f1-2007-441e-8fe6-e07ebc4fc791-groupManagement] INFO  server.RaftServerConfigKeys (ConfUtils.java:logGet(46)) - raft.server.snapshot.auto.trigger.enabled = true (custom)
2023-08-25 08:54:15,539 [19c619f1-2007-441e-8fe6-e07ebc4fc791-groupManagement] INFO  server.RaftServerConfigKeys (ConfUtils.java:logGet(46)) - raft.server.snapshot.auto.trigger.threshold = 10000 (custom)
2023-08-25 08:54:15,539 [19c619f1-2007-441e-8fe6-e07ebc4fc791-groupManagement] INFO  server.RaftServerConfigKeys (ConfUtils.java:logGet(46)) - raft.server.snapshot.retention.file.num = 5 (custom)
2023-08-25 08:54:15,539 [19c619f1-2007-441e-8fe6-e07ebc4fc791-groupManagement] INFO  server.RaftServerConfigKeys (ConfUtils.java:logGet(46)) - raft.server.log.purge.upto.snapshot.index = false (default)
2023-08-25 08:54:15,540 [PipelineCommandHandlerThread-0] INFO  ratis.XceiverServerRatis (XceiverServerRatis.java:addGroup(804)) - Created group PipelineID=b6a2b597-69ed-4adb-884f-4d980349df78
2023-08-25 08:54:15,560 [grpc-default-executor-0] INFO  server.RaftServer (RaftServerProxy.java:addNew(98)) - 8c499c0a-8bdd-4b02-9c6d-bb3555d01e53: addNew group-4D980349DF78:[8c499c0a-8bdd-4b02-9c6d-bb3555d01e53|rpc:10.1.0.19:15297|admin:10.1.0.19:15296|client:10.1.0.19:15295|dataStream:10.1.0.19:15298|priority:0|startupRole:FOLLOWER, d44cbbb4-6878-45fc-b8ff-9a9a6a2d2fa6|rpc:10.1.0.19:15288|admin:10.1.0.19:15287|client:10.1.0.19:15286|dataStream:10.1.0.19:15289|priority:1|startupRole:FOLLOWER, 19c619f1-2007-441e-8fe6-e07ebc4fc791|rpc:10.1.0.19:15279|admin:10.1.0.19:15278|client:10.1.0.19:15277|dataStream:10.1.0.19:15280|priority:0|startupRole:FOLLOWER] returns group-4D980349DF78:java.util.concurrent.CompletableFuture@3a640de0[Not completed]
2023-08-25 08:54:15,561 [8c499c0a-8bdd-4b02-9c6d-bb3555d01e53-groupManagement] INFO  server.RaftServer$Division (RaftServerImpl.java:<init>(198)) - 8c499c0a-8bdd-4b02-9c6d-bb3555d01e53: new RaftServerImpl for group-4D980349DF78:[8c499c0a-8bdd-4b02-9c6d-bb3555d01e53|rpc:10.1.0.19:15297|admin:10.1.0.19:15296|client:10.1.0.19:15295|dataStream:10.1.0.19:15298|priority:0|startupRole:FOLLOWER, d44cbbb4-6878-45fc-b8ff-9a9a6a2d2fa6|rpc:10.1.0.19:15288|admin:10.1.0.19:15287|client:10.1.0.19:15286|dataStream:10.1.0.19:15289|priority:1|startupRole:FOLLOWER, 19c619f1-2007-441e-8fe6-e07ebc4fc791|rpc:10.1.0.19:15279|admin:10.1.0.19:15278|client:10.1.0.19:15277|dataStream:10.1.0.19:15280|priority:0|startupRole:FOLLOWER] with ContainerStateMachine:uninitialized
2023-08-25 08:54:15,561 [8c499c0a-8bdd-4b02-9c6d-bb3555d01e53-groupManagement] INFO  server.RaftServerConfigKeys (ConfUtils.java:logGet(46)) - raft.server.rpc.timeout.min = 5s (custom)
2023-08-25 08:54:15,561 [8c499c0a-8bdd-4b02-9c6d-bb3555d01e53-groupManagement] INFO  server.RaftServerConfigKeys (ConfUtils.java:logGet(46)) - raft.server.rpc.timeout.max = 5200ms (custom)
2023-08-25 08:54:15,561 [8c499c0a-8bdd-4b02-9c6d-bb3555d01e53-groupManagement] INFO  server.RaftServerConfigKeys (ConfUtils.java:logGet(46)) - raft.server.rpc.sleep.time = 25ms (default)
2023-08-25 08:54:15,561 [8c499c0a-8bdd-4b02-9c6d-bb3555d01e53-groupManagement] INFO  server.RaftServerConfigKeys (ConfUtils.java:logGet(46)) - raft.server.rpc.slowness.timeout = 300s (custom)
2023-08-25 08:54:15,561 [8c499c0a-8bdd-4b02-9c6d-bb3555d01e53-groupManagement] INFO  server.RaftServerConfigKeys (ConfUtils.java:logGet(46)) - raft.server.leaderelection.leader.step-down.wait-time = 10s (default)
2023-08-25 08:54:15,561 [8c499c0a-8bdd-4b02-9c6d-bb3555d01e53-groupManagement] INFO  server.RaftServerConfigKeys (ConfUtils.java:logGet(46)) - raft.server.sleep.deviation.threshold = 300ms (default)
2023-08-25 08:54:15,565 [8c499c0a-8bdd-4b02-9c6d-bb3555d01e53-groupManagement] INFO  server.RaftServer$Division (ServerState.java:<init>(120)) - 8c499c0a-8bdd-4b02-9c6d-bb3555d01e53@group-4D980349DF78: ConfigurationManager, init=-1: peers:[8c499c0a-8bdd-4b02-9c6d-bb3555d01e53|rpc:10.1.0.19:15297|admin:10.1.0.19:15296|client:10.1.0.19:15295|dataStream:10.1.0.19:15298|priority:0|startupRole:FOLLOWER, d44cbbb4-6878-45fc-b8ff-9a9a6a2d2fa6|rpc:10.1.0.19:15288|admin:10.1.0.19:15287|client:10.1.0.19:15286|dataStream:10.1.0.19:15289|priority:1|startupRole:FOLLOWER, 19c619f1-2007-441e-8fe6-e07ebc4fc791|rpc:10.1.0.19:15279|admin:10.1.0.19:15278|client:10.1.0.19:15277|dataStream:10.1.0.19:15280|priority:0|startupRole:FOLLOWER]|listeners:[], old=null, confs=<EMPTY_MAP>
2023-08-25 08:54:15,565 [8c499c0a-8bdd-4b02-9c6d-bb3555d01e53-groupManagement] INFO  server.RaftServerConfigKeys (ConfUtils.java:logGet(46)) - raft.server.storage.dir = [/home/runner/work/ozone/ozone/hadoop-ozone/integration-test/target/test-dir/MiniOzoneClusterImpl-e7e10417-51b4-42c5-96ae-91e23fec58ac/datanode-2/data/ratis] (custom)
2023-08-25 08:54:15,565 [8c499c0a-8bdd-4b02-9c6d-bb3555d01e53-groupManagement] INFO  server.RaftServerConfigKeys (ConfUtils.java:logGet(46)) - raft.server.log.corruption.policy = EXCEPTION (default)
2023-08-25 08:54:15,565 [8c499c0a-8bdd-4b02-9c6d-bb3555d01e53-groupManagement] INFO  server.RaftServerConfigKeys (ConfUtils.java:logGet(46)) - raft.server.storage.free-space.min = 0MB (=0) (default)
2023-08-25 08:54:15,565 [8c499c0a-8bdd-4b02-9c6d-bb3555d01e53-groupManagement] INFO  server.RaftServerConfigKeys (ConfUtils.java:logGet(46)) - raft.server.notification.no-leader.timeout = 300s (custom)
2023-08-25 08:54:15,565 [8c499c0a-8bdd-4b02-9c6d-bb3555d01e53-groupManagement] INFO  server.RaftServerConfigKeys (ConfUtils.java:logGet(46)) - raft.server.read.timeout = 10s (default)
2023-08-25 08:54:15,565 [8c499c0a-8bdd-4b02-9c6d-bb3555d01e53-groupManagement] INFO  server.RaftServerConfigKeys (ConfUtils.java:logGet(46)) - raft.server.retrycache.expirytime = 600000ms (custom)
2023-08-25 08:54:15,565 [8c499c0a-8bdd-4b02-9c6d-bb3555d01e53-groupManagement] INFO  server.RaftServerConfigKeys (ConfUtils.java:logGet(46)) - raft.server.retrycache.statistics.expirytime = 100μs (default)
2023-08-25 08:54:15,565 [8c499c0a-8bdd-4b02-9c6d-bb3555d01e53-groupManagement] INFO  server.RaftServerConfigKeys (ConfUtils.java:logGet(46)) - raft.server.read.option = DEFAULT (default)
2023-08-25 08:54:15,566 [8c499c0a-8bdd-4b02-9c6d-bb3555d01e53-groupManagement] INFO  server.RaftServerConfigKeys (ConfUtils.java:logGet(46)) - raft.server.rpc.request.timeout = 60s (custom)
2023-08-25 08:54:15,566 [8c499c0a-8bdd-4b02-9c6d-bb3555d01e53-groupManagement] INFO  server.RaftServerConfigKeys (ConfUtils.java:logGet(46)) - raft.server.log.appender.install.snapshot.enabled = false (custom)
2023-08-25 08:54:15,566 [8c499c0a-8bdd-4b02-9c6d-bb3555d01e53-groupManagement] INFO  server.RaftServerConfigKeys (ConfUtils.java:logGet(46)) - raft.server.threadpool.server.cached = true (default)
2023-08-25 08:54:15,567 [8c499c0a-8bdd-4b02-9c6d-bb3555d01e53-groupManagement] INFO  server.RaftServerConfigKeys (ConfUtils.java:logGet(46)) - raft.server.threadpool.server.size = 0 (default)
2023-08-25 08:54:15,567 [8c499c0a-8bdd-4b02-9c6d-bb3555d01e53-groupManagement] INFO  server.RaftServerConfigKeys (ConfUtils.java:logGet(46)) - raft.server.threadpool.client.cached = true (default)
2023-08-25 08:54:15,567 [8c499c0a-8bdd-4b02-9c6d-bb3555d01e53-groupManagement] INFO  server.RaftServerConfigKeys (ConfUtils.java:logGet(46)) - raft.server.threadpool.client.size = 0 (default)
2023-08-25 08:54:15,567 [8c499c0a-8bdd-4b02-9c6d-bb3555d01e53-groupManagement] INFO  storage.RaftStorageDirectory (RaftStorageDirectoryImpl.java:analyzeStorage(137)) - The storage directory /home/runner/work/ozone/ozone/hadoop-ozone/integration-test/target/test-dir/MiniOzoneClusterImpl-e7e10417-51b4-42c5-96ae-91e23fec58ac/datanode-2/data/ratis/b6a2b597-69ed-4adb-884f-4d980349df78 does not exist. Creating ...
2023-08-25 08:54:15,569 [8c499c0a-8bdd-4b02-9c6d-bb3555d01e53-groupManagement] INFO  storage.RaftStorageDirectory (RaftStorageDirectoryImpl.java:tryLock(231)) - Lock on /home/runner/work/ozone/ozone/hadoop-ozone/integration-test/target/test-dir/MiniOzoneClusterImpl-e7e10417-51b4-42c5-96ae-91e23fec58ac/datanode-2/data/ratis/b6a2b597-69ed-4adb-884f-4d980349df78/in_use.lock acquired by nodename 30217@fv-az584-689
2023-08-25 08:54:15,572 [8c499c0a-8bdd-4b02-9c6d-bb3555d01e53-groupManagement] INFO  storage.RaftStorage (RaftStorageImpl.java:format(96)) - Storage directory /home/runner/work/ozone/ozone/hadoop-ozone/integration-test/target/test-dir/MiniOzoneClusterImpl-e7e10417-51b4-42c5-96ae-91e23fec58ac/datanode-2/data/ratis/b6a2b597-69ed-4adb-884f-4d980349df78 has been successfully formatted.
2023-08-25 08:54:15,573 [8c499c0a-8bdd-4b02-9c6d-bb3555d01e53-groupManagement] INFO  ratis.ContainerStateMachine (ContainerStateMachine.java:loadSnapshot(262)) - group-4D980349DF78: The snapshot info is null. Setting the last applied indexto:(t:0, i:~)
2023-08-25 08:54:15,573 [8c499c0a-8bdd-4b02-9c6d-bb3555d01e53-groupManagement] INFO  server.RaftServerConfigKeys (ConfUtils.java:logGet(46)) - raft.server.log.use.memory = false (default)
2023-08-25 08:54:15,573 [8c499c0a-8bdd-4b02-9c6d-bb3555d01e53-groupManagement] INFO  server.RaftServerConfigKeys (ConfUtils.java:logGet(46)) - raft.server.log.purge.gap = 1000000 (custom)
2023-08-25 08:54:15,573 [8c499c0a-8bdd-4b02-9c6d-bb3555d01e53-groupManagement] INFO  server.RaftServerConfigKeys (ConfUtils.java:logGet(46)) - raft.server.log.appender.buffer.byte-limit = 33554432 (custom)
2023-08-25 08:54:15,573 [8c499c0a-8bdd-4b02-9c6d-bb3555d01e53-groupManagement] INFO  server.RaftServerConfigKeys (ConfUtils.java:logGet(46)) - raft.server.log.statemachine.data.read.timeout = 1000ms (default)
2023-08-25 08:54:15,573 [8c499c0a-8bdd-4b02-9c6d-bb3555d01e53-groupManagement] INFO  server.RaftServerConfigKeys (ConfUtils.java:logGet(46)) - raft.server.log.purge.preservation.log.num = 0 (default)
2023-08-25 08:54:15,573 [8c499c0a-8bdd-4b02-9c6d-bb3555d01e53-groupManagement] INFO  server.RaftServerConfigKeys (ConfUtils.java:logGet(46)) - raft.server.log.segment.size.max = 1048576 (custom)
2023-08-25 08:54:15,574 [8c499c0a-8bdd-4b02-9c6d-bb3555d01e53-groupManagement] INFO  server.RaftServerConfigKeys (ConfUtils.java:logGet(46)) - raft.server.log.segment.cache.num.max = 2 (custom)
2023-08-25 08:54:15,574 [8c499c0a-8bdd-4b02-9c6d-bb3555d01e53-groupManagement] INFO  server.RaftServerConfigKeys (ConfUtils.java:logGet(46)) - raft.server.log.segment.cache.size.max = 200MB (=209715200) (default)
2023-08-25 08:54:15,574 [8c499c0a-8bdd-4b02-9c6d-bb3555d01e53-groupManagement] INFO  server.RaftServerConfigKeys (ConfUtils.java:logGet(46)) - raft.server.log.appender.buffer.byte-limit = 33554432 (custom)
2023-08-25 08:54:15,574 [8c499c0a-8bdd-4b02-9c6d-bb3555d01e53-groupManagement] INFO  segmented.SegmentedRaftLogWorker (SegmentedRaftLogWorker.java:<init>(188)) - new 8c499c0a-8bdd-4b02-9c6d-bb3555d01e53@group-4D980349DF78-SegmentedRaftLogWorker for RaftStorageImpl:Storage Directory /home/runner/work/ozone/ozone/hadoop-ozone/integration-test/target/test-dir/MiniOzoneClusterImpl-e7e10417-51b4-42c5-96ae-91e23fec58ac/datanode-2/data/ratis/b6a2b597-69ed-4adb-884f-4d980349df78
2023-08-25 08:54:15,574 [8c499c0a-8bdd-4b02-9c6d-bb3555d01e53-groupManagement] INFO  server.RaftServerConfigKeys (ConfUtils.java:logGet(46)) - raft.server.log.queue.byte-limit = 4294967296 (custom)
2023-08-25 08:54:15,574 [8c499c0a-8bdd-4b02-9c6d-bb3555d01e53-groupManagement] INFO  server.RaftServerConfigKeys (ConfUtils.java:logGet(46)) - raft.server.log.queue.element-limit = 1024 (custom)
2023-08-25 08:54:15,574 [8c499c0a-8bdd-4b02-9c6d-bb3555d01e53-groupManagement] INFO  server.RaftServerConfigKeys (ConfUtils.java:logGet(46)) - raft.server.log.segment.size.max = 1048576 (custom)
2023-08-25 08:54:15,574 [8c499c0a-8bdd-4b02-9c6d-bb3555d01e53-groupManagement] INFO  server.RaftServerConfigKeys (ConfUtils.java:logGet(46)) - raft.server.log.preallocated.size = 16384 (custom)
2023-08-25 08:54:15,574 [8c499c0a-8bdd-4b02-9c6d-bb3555d01e53-groupManagement] INFO  server.RaftServerConfigKeys (ConfUtils.java:logGet(46)) - raft.server.log.force.sync.num = 128 (default)
2023-08-25 08:54:15,574 [8c499c0a-8bdd-4b02-9c6d-bb3555d01e53-groupManagement] INFO  server.RaftServerConfigKeys (ConfUtils.java:logGet(46)) - raft.server.log.statemachine.data.sync = true (default)
2023-08-25 08:54:15,574 [8c499c0a-8bdd-4b02-9c6d-bb3555d01e53-groupManagement] INFO  server.RaftServerConfigKeys (ConfUtils.java:logGet(46)) - raft.server.log.statemachine.data.sync.timeout = 10s (default)
2023-08-25 08:54:15,574 [8c499c0a-8bdd-4b02-9c6d-bb3555d01e53-groupManagement] INFO  server.RaftServerConfigKeys (ConfUtils.java:logGet(46)) - raft.server.log.statemachine.data.sync.timeout.retry = -1 (default)
2023-08-25 08:54:15,576 [8c499c0a-8bdd-4b02-9c6d-bb3555d01e53-groupManagement] INFO  server.RaftServerConfigKeys (ConfUtils.java:logGet(46)) - raft.server.log.write.buffer.size = 1048576 (custom)
2023-08-25 08:54:15,576 [8c499c0a-8bdd-4b02-9c6d-bb3555d01e53-groupManagement] INFO  server.RaftServerConfigKeys (ConfUtils.java:logGet(46)) - raft.server.log.appender.buffer.byte-limit = 33554432 (custom)
2023-08-25 08:54:15,582 [8c499c0a-8bdd-4b02-9c6d-bb3555d01e53-groupManagement] INFO  server.RaftServerConfigKeys (ConfUtils.java:logGet(46)) - raft.server.log.unsafe-flush.enabled = false (default)
2023-08-25 08:54:15,582 [8c499c0a-8bdd-4b02-9c6d-bb3555d01e53-groupManagement] INFO  server.RaftServerConfigKeys (ConfUtils.java:logGet(46)) - raft.server.log.async-flush.enabled = false (default)
2023-08-25 08:54:15,582 [8c499c0a-8bdd-4b02-9c6d-bb3555d01e53-groupManagement] INFO  server.RaftServerConfigKeys (ConfUtils.java:logGet(46)) - raft.server.log.statemachine.data.caching.enabled = true (custom)
2023-08-25 08:54:15,582 [8c499c0a-8bdd-4b02-9c6d-bb3555d01e53-groupManagement] INFO  segmented.SegmentedRaftLogWorker (SegmentedRaftLogWorker.java:lambda$new$0(135)) - 8c499c0a-8bdd-4b02-9c6d-bb3555d01e53@group-4D980349DF78-SegmentedRaftLogWorker: flushIndex: setUnconditionally 0 -> -1
2023-08-25 08:54:15,583 [8c499c0a-8bdd-4b02-9c6d-bb3555d01e53-groupManagement] INFO  segmented.SegmentedRaftLogWorker (SegmentedRaftLogWorker.java:lambda$new$0(135)) - 8c499c0a-8bdd-4b02-9c6d-bb3555d01e53@group-4D980349DF78-SegmentedRaftLogWorker: safeCacheEvictIndex: setUnconditionally 0 -> -1
2023-08-25 08:54:15,585 [8c499c0a-8bdd-4b02-9c6d-bb3555d01e53-groupManagement] INFO  server.RaftServer$Division (RaftServerImpl.java:start(342)) - 8c499c0a-8bdd-4b02-9c6d-bb3555d01e53@group-4D980349DF78: start as a follower, conf=-1: peers:[8c499c0a-8bdd-4b02-9c6d-bb3555d01e53|rpc:10.1.0.19:15297|admin:10.1.0.19:15296|client:10.1.0.19:15295|dataStream:10.1.0.19:15298|priority:0|startupRole:FOLLOWER, d44cbbb4-6878-45fc-b8ff-9a9a6a2d2fa6|rpc:10.1.0.19:15288|admin:10.1.0.19:15287|client:10.1.0.19:15286|dataStream:10.1.0.19:15289|priority:1|startupRole:FOLLOWER, 19c619f1-2007-441e-8fe6-e07ebc4fc791|rpc:10.1.0.19:15279|admin:10.1.0.19:15278|client:10.1.0.19:15277|dataStream:10.1.0.19:15280|priority:0|startupRole:FOLLOWER]|listeners:[], old=null
2023-08-25 08:54:15,586 [8c499c0a-8bdd-4b02-9c6d-bb3555d01e53-groupManagement] INFO  server.RaftServer$Division (RaftServerImpl.java:setRole(329)) - 8c499c0a-8bdd-4b02-9c6d-bb3555d01e53@group-4D980349DF78: changes role from      null to FOLLOWER at term 0 for startAsFollower
2023-08-25 08:54:15,586 [8c499c0a-8bdd-4b02-9c6d-bb3555d01e53-groupManagement] INFO  impl.RoleInfo (RoleInfo.java:updateAndGet(139)) - 8c499c0a-8bdd-4b02-9c6d-bb3555d01e53: start 8c499c0a-8bdd-4b02-9c6d-bb3555d01e53@group-4D980349DF78-FollowerState
2023-08-25 08:54:15,586 [8c499c0a-8bdd-4b02-9c6d-bb3555d01e53-groupManagement] INFO  util.JmxRegister (JmxRegister.java:tryRegister(44)) - Successfully registered JMX Bean with object name Ratis:service=RaftServer,group=group-4D980349DF78,id=8c499c0a-8bdd-4b02-9c6d-bb3555d01e53
2023-08-25 08:54:15,586 [8c499c0a-8bdd-4b02-9c6d-bb3555d01e53@group-4D980349DF78-FollowerState] INFO  server.RaftServerConfigKeys (ConfUtils.java:logFallback(53)) - raft.server.rpc.first-election.timeout.min = 5s (fallback to raft.server.rpc.timeout.min)
2023-08-25 08:54:15,586 [8c499c0a-8bdd-4b02-9c6d-bb3555d01e53-groupManagement] INFO  server.RaftServerConfigKeys (ConfUtils.java:logGet(46)) - raft.server.snapshot.auto.trigger.enabled = true (custom)
2023-08-25 08:54:15,586 [8c499c0a-8bdd-4b02-9c6d-bb3555d01e53@group-4D980349DF78-FollowerState] INFO  server.RaftServerConfigKeys (ConfUtils.java:logFallback(53)) - raft.server.rpc.first-election.timeout.max = 5200ms (fallback to raft.server.rpc.timeout.max)
2023-08-25 08:54:15,586 [8c499c0a-8bdd-4b02-9c6d-bb3555d01e53-groupManagement] INFO  server.RaftServerConfigKeys (ConfUtils.java:logGet(46)) - raft.server.snapshot.auto.trigger.threshold = 10000 (custom)
2023-08-25 08:54:15,586 [8c499c0a-8bdd-4b02-9c6d-bb3555d01e53-groupManagement] INFO  server.RaftServerConfigKeys (ConfUtils.java:logGet(46)) - raft.server.snapshot.retention.file.num = 5 (custom)
2023-08-25 08:54:15,586 [8c499c0a-8bdd-4b02-9c6d-bb3555d01e53-groupManagement] INFO  server.RaftServerConfigKeys (ConfUtils.java:logGet(46)) - raft.server.log.purge.upto.snapshot.index = false (default)
2023-08-25 08:54:15,610 [grpc-default-executor-0] INFO  server.RaftServer (RaftServerProxy.java:addNew(98)) - d44cbbb4-6878-45fc-b8ff-9a9a6a2d2fa6: addNew group-4D980349DF78:[8c499c0a-8bdd-4b02-9c6d-bb3555d01e53|rpc:10.1.0.19:15297|admin:10.1.0.19:15296|client:10.1.0.19:15295|dataStream:10.1.0.19:15298|priority:0|startupRole:FOLLOWER, d44cbbb4-6878-45fc-b8ff-9a9a6a2d2fa6|rpc:10.1.0.19:15288|admin:10.1.0.19:15287|client:10.1.0.19:15286|dataStream:10.1.0.19:15289|priority:1|startupRole:FOLLOWER, 19c619f1-2007-441e-8fe6-e07ebc4fc791|rpc:10.1.0.19:15279|admin:10.1.0.19:15278|client:10.1.0.19:15277|dataStream:10.1.0.19:15280|priority:0|startupRole:FOLLOWER] returns group-4D980349DF78:java.util.concurrent.CompletableFuture@cfb86dc[Not completed]
2023-08-25 08:54:15,611 [d44cbbb4-6878-45fc-b8ff-9a9a6a2d2fa6-groupManagement] INFO  server.RaftServer$Division (RaftServerImpl.java:<init>(198)) - d44cbbb4-6878-45fc-b8ff-9a9a6a2d2fa6: new RaftServerImpl for group-4D980349DF78:[8c499c0a-8bdd-4b02-9c6d-bb3555d01e53|rpc:10.1.0.19:15297|admin:10.1.0.19:15296|client:10.1.0.19:15295|dataStream:10.1.0.19:15298|priority:0|startupRole:FOLLOWER, d44cbbb4-6878-45fc-b8ff-9a9a6a2d2fa6|rpc:10.1.0.19:15288|admin:10.1.0.19:15287|client:10.1.0.19:15286|dataStream:10.1.0.19:15289|priority:1|startupRole:FOLLOWER, 19c619f1-2007-441e-8fe6-e07ebc4fc791|rpc:10.1.0.19:15279|admin:10.1.0.19:15278|client:10.1.0.19:15277|dataStream:10.1.0.19:15280|priority:0|startupRole:FOLLOWER] with ContainerStateMachine:uninitialized
2023-08-25 08:54:15,611 [d44cbbb4-6878-45fc-b8ff-9a9a6a2d2fa6-groupManagement] INFO  server.RaftServerConfigKeys (ConfUtils.java:logGet(46)) - raft.server.rpc.timeout.min = 5s (custom)
2023-08-25 08:54:15,611 [d44cbbb4-6878-45fc-b8ff-9a9a6a2d2fa6-groupManagement] INFO  server.RaftServerConfigKeys (ConfUtils.java:logGet(46)) - raft.server.rpc.timeout.max = 5200ms (custom)
2023-08-25 08:54:15,611 [d44cbbb4-6878-45fc-b8ff-9a9a6a2d2fa6-groupManagement] INFO  server.RaftServerConfigKeys (ConfUtils.java:logGet(46)) - raft.server.rpc.sleep.time = 25ms (default)
2023-08-25 08:54:15,611 [d44cbbb4-6878-45fc-b8ff-9a9a6a2d2fa6-groupManagement] INFO  server.RaftServerConfigKeys (ConfUtils.java:logGet(46)) - raft.server.rpc.slowness.timeout = 300s (custom)
2023-08-25 08:54:15,611 [d44cbbb4-6878-45fc-b8ff-9a9a6a2d2fa6-groupManagement] INFO  server.RaftServerConfigKeys (ConfUtils.java:logGet(46)) - raft.server.leaderelection.leader.step-down.wait-time = 10s (default)
2023-08-25 08:54:15,611 [d44cbbb4-6878-45fc-b8ff-9a9a6a2d2fa6-groupManagement] INFO  server.RaftServerConfigKeys (ConfUtils.java:logGet(46)) - raft.server.sleep.deviation.threshold = 300ms (default)
2023-08-25 08:54:15,612 [d44cbbb4-6878-45fc-b8ff-9a9a6a2d2fa6-groupManagement] INFO  server.RaftServer$Division (ServerState.java:<init>(120)) - d44cbbb4-6878-45fc-b8ff-9a9a6a2d2fa6@group-4D980349DF78: ConfigurationManager, init=-1: peers:[8c499c0a-8bdd-4b02-9c6d-bb3555d01e53|rpc:10.1.0.19:15297|admin:10.1.0.19:15296|client:10.1.0.19:15295|dataStream:10.1.0.19:15298|priority:0|startupRole:FOLLOWER, d44cbbb4-6878-45fc-b8ff-9a9a6a2d2fa6|rpc:10.1.0.19:15288|admin:10.1.0.19:15287|client:10.1.0.19:15286|dataStream:10.1.0.19:15289|priority:1|startupRole:FOLLOWER, 19c619f1-2007-441e-8fe6-e07ebc4fc791|rpc:10.1.0.19:15279|admin:10.1.0.19:15278|client:10.1.0.19:15277|dataStream:10.1.0.19:15280|priority:0|startupRole:FOLLOWER]|listeners:[], old=null, confs=<EMPTY_MAP>
2023-08-25 08:54:15,612 [d44cbbb4-6878-45fc-b8ff-9a9a6a2d2fa6-groupManagement] INFO  server.RaftServerConfigKeys (ConfUtils.java:logGet(46)) - raft.server.storage.dir = [/home/runner/work/ozone/ozone/hadoop-ozone/integration-test/target/test-dir/MiniOzoneClusterImpl-e7e10417-51b4-42c5-96ae-91e23fec58ac/datanode-1/data/ratis] (custom)
2023-08-25 08:54:15,612 [d44cbbb4-6878-45fc-b8ff-9a9a6a2d2fa6-groupManagement] INFO  server.RaftServerConfigKeys (ConfUtils.java:logGet(46)) - raft.server.log.corruption.policy = EXCEPTION (default)
2023-08-25 08:54:15,612 [d44cbbb4-6878-45fc-b8ff-9a9a6a2d2fa6-groupManagement] INFO  server.RaftServerConfigKeys (ConfUtils.java:logGet(46)) - raft.server.storage.free-space.min = 0MB (=0) (default)
2023-08-25 08:54:15,612 [d44cbbb4-6878-45fc-b8ff-9a9a6a2d2fa6-groupManagement] INFO  server.RaftServerConfigKeys (ConfUtils.java:logGet(46)) - raft.server.notification.no-leader.timeout = 300s (custom)
2023-08-25 08:54:15,612 [d44cbbb4-6878-45fc-b8ff-9a9a6a2d2fa6-groupManagement] INFO  server.RaftServerConfigKeys (ConfUtils.java:logGet(46)) - raft.server.read.timeout = 10s (default)
2023-08-25 08:54:15,612 [d44cbbb4-6878-45fc-b8ff-9a9a6a2d2fa6-groupManagement] INFO  server.RaftServerConfigKeys (ConfUtils.java:logGet(46)) - raft.server.retrycache.expirytime = 600000ms (custom)
2023-08-25 08:54:15,612 [d44cbbb4-6878-45fc-b8ff-9a9a6a2d2fa6-groupManagement] INFO  server.RaftServerConfigKeys (ConfUtils.java:logGet(46)) - raft.server.retrycache.statistics.expirytime = 100μs (default)
2023-08-25 08:54:15,612 [d44cbbb4-6878-45fc-b8ff-9a9a6a2d2fa6-groupManagement] INFO  server.RaftServerConfigKeys (ConfUtils.java:logGet(46)) - raft.server.read.option = DEFAULT (default)
2023-08-25 08:54:15,614 [d44cbbb4-6878-45fc-b8ff-9a9a6a2d2fa6-groupManagement] INFO  server.RaftServerConfigKeys (ConfUtils.java:logGet(46)) - raft.server.rpc.request.timeout = 60s (custom)
2023-08-25 08:54:15,614 [d44cbbb4-6878-45fc-b8ff-9a9a6a2d2fa6-groupManagement] INFO  server.RaftServerConfigKeys (ConfUtils.java:logGet(46)) - raft.server.log.appender.install.snapshot.enabled = false (custom)
2023-08-25 08:54:15,614 [d44cbbb4-6878-45fc-b8ff-9a9a6a2d2fa6-groupManagement] INFO  server.RaftServerConfigKeys (ConfUtils.java:logGet(46)) - raft.server.threadpool.server.cached = true (default)
2023-08-25 08:54:15,614 [d44cbbb4-6878-45fc-b8ff-9a9a6a2d2fa6-groupManagement] INFO  server.RaftServerConfigKeys (ConfUtils.java:logGet(46)) - raft.server.threadpool.server.size = 0 (default)
2023-08-25 08:54:15,614 [d44cbbb4-6878-45fc-b8ff-9a9a6a2d2fa6-groupManagement] INFO  server.RaftServerConfigKeys (ConfUtils.java:logGet(46)) - raft.server.threadpool.client.cached = true (default)
2023-08-25 08:54:15,614 [d44cbbb4-6878-45fc-b8ff-9a9a6a2d2fa6-groupManagement] INFO  server.RaftServerConfigKeys (ConfUtils.java:logGet(46)) - raft.server.threadpool.client.size = 0 (default)
2023-08-25 08:54:15,614 [d44cbbb4-6878-45fc-b8ff-9a9a6a2d2fa6-groupManagement] INFO  storage.RaftStorageDirectory (RaftStorageDirectoryImpl.java:analyzeStorage(137)) - The storage directory /home/runner/work/ozone/ozone/hadoop-ozone/integration-test/target/test-dir/MiniOzoneClusterImpl-e7e10417-51b4-42c5-96ae-91e23fec58ac/datanode-1/data/ratis/b6a2b597-69ed-4adb-884f-4d980349df78 does not exist. Creating ...
2023-08-25 08:54:15,615 [d44cbbb4-6878-45fc-b8ff-9a9a6a2d2fa6-groupManagement] INFO  storage.RaftStorageDirectory (RaftStorageDirectoryImpl.java:tryLock(231)) - Lock on /home/runner/work/ozone/ozone/hadoop-ozone/integration-test/target/test-dir/MiniOzoneClusterImpl-e7e10417-51b4-42c5-96ae-91e23fec58ac/datanode-1/data/ratis/b6a2b597-69ed-4adb-884f-4d980349df78/in_use.lock acquired by nodename 30217@fv-az584-689
2023-08-25 08:54:15,617 [d44cbbb4-6878-45fc-b8ff-9a9a6a2d2fa6-groupManagement] INFO  storage.RaftStorage (RaftStorageImpl.java:format(96)) - Storage directory /home/runner/work/ozone/ozone/hadoop-ozone/integration-test/target/test-dir/MiniOzoneClusterImpl-e7e10417-51b4-42c5-96ae-91e23fec58ac/datanode-1/data/ratis/b6a2b597-69ed-4adb-884f-4d980349df78 has been successfully formatted.
2023-08-25 08:54:15,618 [d44cbbb4-6878-45fc-b8ff-9a9a6a2d2fa6-groupManagement] INFO  ratis.ContainerStateMachine (ContainerStateMachine.java:loadSnapshot(262)) - group-4D980349DF78: The snapshot info is null. Setting the last applied indexto:(t:0, i:~)
2023-08-25 08:54:15,618 [d44cbbb4-6878-45fc-b8ff-9a9a6a2d2fa6-groupManagement] INFO  server.RaftServerConfigKeys (ConfUtils.java:logGet(46)) - raft.server.log.use.memory = false (default)
2023-08-25 08:54:15,619 [d44cbbb4-6878-45fc-b8ff-9a9a6a2d2fa6-groupManagement] INFO  server.RaftServerConfigKeys (ConfUtils.java:logGet(46)) - raft.server.log.purge.gap = 1000000 (custom)
2023-08-25 08:54:15,619 [d44cbbb4-6878-45fc-b8ff-9a9a6a2d2fa6-groupManagement] INFO  server.RaftServerConfigKeys (ConfUtils.java:logGet(46)) - raft.server.log.appender.buffer.byte-limit = 33554432 (custom)
2023-08-25 08:54:15,619 [d44cbbb4-6878-45fc-b8ff-9a9a6a2d2fa6-groupManagement] INFO  server.RaftServerConfigKeys (ConfUtils.java:logGet(46)) - raft.server.log.statemachine.data.read.timeout = 1000ms (default)
2023-08-25 08:54:15,620 [d44cbbb4-6878-45fc-b8ff-9a9a6a2d2fa6-groupManagement] INFO  server.RaftServerConfigKeys (ConfUtils.java:logGet(46)) - raft.server.log.purge.preservation.log.num = 0 (default)
2023-08-25 08:54:15,620 [d44cbbb4-6878-45fc-b8ff-9a9a6a2d2fa6-groupManagement] INFO  server.RaftServerConfigKeys (ConfUtils.java:logGet(46)) - raft.server.log.segment.size.max = 1048576 (custom)
2023-08-25 08:54:15,620 [d44cbbb4-6878-45fc-b8ff-9a9a6a2d2fa6-groupManagement] INFO  server.RaftServerConfigKeys (ConfUtils.java:logGet(46)) - raft.server.log.segment.cache.num.max = 2 (custom)
2023-08-25 08:54:15,620 [d44cbbb4-6878-45fc-b8ff-9a9a6a2d2fa6-groupManagement] INFO  server.RaftServerConfigKeys (ConfUtils.java:logGet(46)) - raft.server.log.segment.cache.size.max = 200MB (=209715200) (default)
2023-08-25 08:54:15,620 [d44cbbb4-6878-45fc-b8ff-9a9a6a2d2fa6-groupManagement] INFO  server.RaftServerConfigKeys (ConfUtils.java:logGet(46)) - raft.server.log.appender.buffer.byte-limit = 33554432 (custom)
2023-08-25 08:54:15,620 [d44cbbb4-6878-45fc-b8ff-9a9a6a2d2fa6-groupManagement] INFO  segmented.SegmentedRaftLogWorker (SegmentedRaftLogWorker.java:<init>(188)) - new d44cbbb4-6878-45fc-b8ff-9a9a6a2d2fa6@group-4D980349DF78-SegmentedRaftLogWorker for RaftStorageImpl:Storage Directory /home/runner/work/ozone/ozone/hadoop-ozone/integration-test/target/test-dir/MiniOzoneClusterImpl-e7e10417-51b4-42c5-96ae-91e23fec58ac/datanode-1/data/ratis/b6a2b597-69ed-4adb-884f-4d980349df78
2023-08-25 08:54:15,620 [d44cbbb4-6878-45fc-b8ff-9a9a6a2d2fa6-groupManagement] INFO  server.RaftServerConfigKeys (ConfUtils.java:logGet(46)) - raft.server.log.queue.byte-limit = 4294967296 (custom)
2023-08-25 08:54:15,620 [d44cbbb4-6878-45fc-b8ff-9a9a6a2d2fa6-groupManagement] INFO  server.RaftServerConfigKeys (ConfUtils.java:logGet(46)) - raft.server.log.queue.element-limit = 1024 (custom)
2023-08-25 08:54:15,620 [d44cbbb4-6878-45fc-b8ff-9a9a6a2d2fa6-groupManagement] INFO  server.RaftServerConfigKeys (ConfUtils.java:logGet(46)) - raft.server.log.segment.size.max = 1048576 (custom)
2023-08-25 08:54:15,620 [d44cbbb4-6878-45fc-b8ff-9a9a6a2d2fa6-groupManagement] INFO  server.RaftServerConfigKeys (ConfUtils.java:logGet(46)) - raft.server.log.preallocated.size = 16384 (custom)
2023-08-25 08:54:15,620 [d44cbbb4-6878-45fc-b8ff-9a9a6a2d2fa6-groupManagement] INFO  server.RaftServerConfigKeys (ConfUtils.java:logGet(46)) - raft.server.log.force.sync.num = 128 (default)
2023-08-25 08:54:15,620 [d44cbbb4-6878-45fc-b8ff-9a9a6a2d2fa6-groupManagement] INFO  server.RaftServerConfigKeys (ConfUtils.java:logGet(46)) - raft.server.log.statemachine.data.sync = true (default)
2023-08-25 08:54:15,620 [d44cbbb4-6878-45fc-b8ff-9a9a6a2d2fa6-groupManagement] INFO  server.RaftServerConfigKeys (ConfUtils.java:logGet(46)) - raft.server.log.statemachine.data.sync.timeout = 10s (default)
2023-08-25 08:54:15,620 [d44cbbb4-6878-45fc-b8ff-9a9a6a2d2fa6-groupManagement] INFO  server.RaftServerConfigKeys (ConfUtils.java:logGet(46)) - raft.server.log.statemachine.data.sync.timeout.retry = -1 (default)
2023-08-25 08:54:15,621 [d44cbbb4-6878-45fc-b8ff-9a9a6a2d2fa6-groupManagement] INFO  server.RaftServerConfigKeys (ConfUtils.java:logGet(46)) - raft.server.log.write.buffer.size = 1048576 (custom)
2023-08-25 08:54:15,621 [d44cbbb4-6878-45fc-b8ff-9a9a6a2d2fa6-groupManagement] INFO  server.RaftServerConfigKeys (ConfUtils.java:logGet(46)) - raft.server.log.appender.buffer.byte-limit = 33554432 (custom)
2023-08-25 08:54:15,627 [d44cbbb4-6878-45fc-b8ff-9a9a6a2d2fa6-groupManagement] INFO  server.RaftServerConfigKeys (ConfUtils.java:logGet(46)) - raft.server.log.unsafe-flush.enabled = false (default)
2023-08-25 08:54:15,627 [d44cbbb4-6878-45fc-b8ff-9a9a6a2d2fa6-groupManagement] INFO  server.RaftServerConfigKeys (ConfUtils.java:logGet(46)) - raft.server.log.async-flush.enabled = false (default)
2023-08-25 08:54:15,627 [d44cbbb4-6878-45fc-b8ff-9a9a6a2d2fa6-groupManagement] INFO  server.RaftServerConfigKeys (ConfUtils.java:logGet(46)) - raft.server.log.statemachine.data.caching.enabled = true (custom)
2023-08-25 08:54:15,627 [d44cbbb4-6878-45fc-b8ff-9a9a6a2d2fa6-groupManagement] INFO  segmented.SegmentedRaftLogWorker (SegmentedRaftLogWorker.java:lambda$new$0(135)) - d44cbbb4-6878-45fc-b8ff-9a9a6a2d2fa6@group-4D980349DF78-SegmentedRaftLogWorker: flushIndex: setUnconditionally 0 -> -1
2023-08-25 08:54:15,627 [d44cbbb4-6878-45fc-b8ff-9a9a6a2d2fa6-groupManagement] INFO  segmented.SegmentedRaftLogWorker (SegmentedRaftLogWorker.java:lambda$new$0(135)) - d44cbbb4-6878-45fc-b8ff-9a9a6a2d2fa6@group-4D980349DF78-SegmentedRaftLogWorker: safeCacheEvictIndex: setUnconditionally 0 -> -1
2023-08-25 08:54:15,627 [d44cbbb4-6878-45fc-b8ff-9a9a6a2d2fa6-groupManagement] INFO  server.RaftServer$Division (RaftServerImpl.java:start(342)) - d44cbbb4-6878-45fc-b8ff-9a9a6a2d2fa6@group-4D980349DF78: start as a follower, conf=-1: peers:[8c499c0a-8bdd-4b02-9c6d-bb3555d01e53|rpc:10.1.0.19:15297|admin:10.1.0.19:15296|client:10.1.0.19:15295|dataStream:10.1.0.19:15298|priority:0|startupRole:FOLLOWER, d44cbbb4-6878-45fc-b8ff-9a9a6a2d2fa6|rpc:10.1.0.19:15288|admin:10.1.0.19:15287|client:10.1.0.19:15286|dataStream:10.1.0.19:15289|priority:1|startupRole:FOLLOWER, 19c619f1-2007-441e-8fe6-e07ebc4fc791|rpc:10.1.0.19:15279|admin:10.1.0.19:15278|client:10.1.0.19:15277|dataStream:10.1.0.19:15280|priority:0|startupRole:FOLLOWER]|listeners:[], old=null
2023-08-25 08:54:15,627 [d44cbbb4-6878-45fc-b8ff-9a9a6a2d2fa6-groupManagement] INFO  server.RaftServer$Division (RaftServerImpl.java:setRole(329)) - d44cbbb4-6878-45fc-b8ff-9a9a6a2d2fa6@group-4D980349DF78: changes role from      null to FOLLOWER at term 0 for startAsFollower
2023-08-25 08:54:15,627 [d44cbbb4-6878-45fc-b8ff-9a9a6a2d2fa6-groupManagement] INFO  impl.RoleInfo (RoleInfo.java:updateAndGet(139)) - d44cbbb4-6878-45fc-b8ff-9a9a6a2d2fa6: start d44cbbb4-6878-45fc-b8ff-9a9a6a2d2fa6@group-4D980349DF78-FollowerState
2023-08-25 08:54:15,628 [d44cbbb4-6878-45fc-b8ff-9a9a6a2d2fa6-groupManagement] INFO  util.JmxRegister (JmxRegister.java:tryRegister(44)) - Successfully registered JMX Bean with object name Ratis:service=RaftServer,group=group-4D980349DF78,id=d44cbbb4-6878-45fc-b8ff-9a9a6a2d2fa6
2023-08-25 08:54:15,628 [d44cbbb4-6878-45fc-b8ff-9a9a6a2d2fa6-groupManagement] INFO  server.RaftServerConfigKeys (ConfUtils.java:logGet(46)) - raft.server.snapshot.auto.trigger.enabled = true (custom)
2023-08-25 08:54:15,628 [d44cbbb4-6878-45fc-b8ff-9a9a6a2d2fa6-groupManagement] INFO  server.RaftServerConfigKeys (ConfUtils.java:logGet(46)) - raft.server.snapshot.auto.trigger.threshold = 10000 (custom)
2023-08-25 08:54:15,628 [d44cbbb4-6878-45fc-b8ff-9a9a6a2d2fa6-groupManagement] INFO  server.RaftServerConfigKeys (ConfUtils.java:logGet(46)) - raft.server.snapshot.retention.file.num = 5 (custom)
2023-08-25 08:54:15,628 [d44cbbb4-6878-45fc-b8ff-9a9a6a2d2fa6-groupManagement] INFO  server.RaftServerConfigKeys (ConfUtils.java:logGet(46)) - raft.server.log.purge.upto.snapshot.index = false (default)
2023-08-25 08:54:15,628 [d44cbbb4-6878-45fc-b8ff-9a9a6a2d2fa6@group-4D980349DF78-FollowerState] INFO  server.RaftServerConfigKeys (ConfUtils.java:logFallback(53)) - raft.server.rpc.first-election.timeout.min = 5s (fallback to raft.server.rpc.timeout.min)
2023-08-25 08:54:15,629 [d44cbbb4-6878-45fc-b8ff-9a9a6a2d2fa6@group-4D980349DF78-FollowerState] INFO  server.RaftServerConfigKeys (ConfUtils.java:logFallback(53)) - raft.server.rpc.first-election.timeout.max = 5200ms (fallback to raft.server.rpc.timeout.max)
2023-08-25 08:54:15,637 [PipelineCommandHandlerThread-0] INFO  commandhandler.CreatePipelineCommandHandler (CreatePipelineCommandHandler.java:lambda$handle$2(124)) - Created Pipeline RATIS THREE PipelineID=b6a2b597-69ed-4adb-884f-4d980349df78.
2023-08-25 08:54:15,637 [PipelineCommandHandlerThread-0] INFO  server.RaftServer (RaftServerProxy.java:addNew(98)) - 19c619f1-2007-441e-8fe6-e07ebc4fc791: addNew group-51A9D41E8872:[8c499c0a-8bdd-4b02-9c6d-bb3555d01e53|rpc:10.1.0.19:15297|admin:10.1.0.19:15296|client:10.1.0.19:15295|dataStream:10.1.0.19:15298|priority:1|startupRole:FOLLOWER, d44cbbb4-6878-45fc-b8ff-9a9a6a2d2fa6|rpc:10.1.0.19:15288|admin:10.1.0.19:15287|client:10.1.0.19:15286|dataStream:10.1.0.19:15289|priority:0|startupRole:FOLLOWER, 19c619f1-2007-441e-8fe6-e07ebc4fc791|rpc:10.1.0.19:15279|admin:10.1.0.19:15278|client:10.1.0.19:15277|dataStream:10.1.0.19:15280|priority:0|startupRole:FOLLOWER] returns group-51A9D41E8872:java.util.concurrent.CompletableFuture@5d3ff8d1[Not completed]
2023-08-25 08:54:15,638 [19c619f1-2007-441e-8fe6-e07ebc4fc791-groupManagement] INFO  server.RaftServer$Division (RaftServerImpl.java:<init>(198)) - 19c619f1-2007-441e-8fe6-e07ebc4fc791: new RaftServerImpl for group-51A9D41E8872:[8c499c0a-8bdd-4b02-9c6d-bb3555d01e53|rpc:10.1.0.19:15297|admin:10.1.0.19:15296|client:10.1.0.19:15295|dataStream:10.1.0.19:15298|priority:1|startupRole:FOLLOWER, d44cbbb4-6878-45fc-b8ff-9a9a6a2d2fa6|rpc:10.1.0.19:15288|admin:10.1.0.19:15287|client:10.1.0.19:15286|dataStream:10.1.0.19:15289|priority:0|startupRole:FOLLOWER, 19c619f1-2007-441e-8fe6-e07ebc4fc791|rpc:10.1.0.19:15279|admin:10.1.0.19:15278|client:10.1.0.19:15277|dataStream:10.1.0.19:15280|priority:0|startupRole:FOLLOWER] with ContainerStateMachine:uninitialized
2023-08-25 08:54:15,638 [19c619f1-2007-441e-8fe6-e07ebc4fc791-groupManagement] INFO  server.RaftServerConfigKeys (ConfUtils.java:logGet(46)) - raft.server.rpc.timeout.min = 5s (custom)
2023-08-25 08:54:15,638 [19c619f1-2007-441e-8fe6-e07ebc4fc791-groupManagement] INFO  server.RaftServerConfigKeys (ConfUtils.java:logGet(46)) - raft.server.rpc.timeout.max = 5200ms (custom)
2023-08-25 08:54:15,638 [19c619f1-2007-441e-8fe6-e07ebc4fc791-groupManagement] INFO  server.RaftServerConfigKeys (ConfUtils.java:logGet(46)) - raft.server.rpc.sleep.time = 25ms (default)
2023-08-25 08:54:15,638 [19c619f1-2007-441e-8fe6-e07ebc4fc791-groupManagement] INFO  server.RaftServerConfigKeys (ConfUtils.java:logGet(46)) - raft.server.rpc.slowness.timeout = 300s (custom)
2023-08-25 08:54:15,638 [19c619f1-2007-441e-8fe6-e07ebc4fc791-groupManagement] INFO  server.RaftServerConfigKeys (ConfUtils.java:logGet(46)) - raft.server.leaderelection.leader.step-down.wait-time = 10s (default)
2023-08-25 08:54:15,639 [19c619f1-2007-441e-8fe6-e07ebc4fc791-groupManagement] INFO  server.RaftServerConfigKeys (ConfUtils.java:logGet(46)) - raft.server.sleep.deviation.threshold = 300ms (default)
2023-08-25 08:54:15,639 [19c619f1-2007-441e-8fe6-e07ebc4fc791-groupManagement] INFO  server.RaftServer$Division (ServerState.java:<init>(120)) - 19c619f1-2007-441e-8fe6-e07ebc4fc791@group-51A9D41E8872: ConfigurationManager, init=-1: peers:[8c499c0a-8bdd-4b02-9c6d-bb3555d01e53|rpc:10.1.0.19:15297|admin:10.1.0.19:15296|client:10.1.0.19:15295|dataStream:10.1.0.19:15298|priority:1|startupRole:FOLLOWER, d44cbbb4-6878-45fc-b8ff-9a9a6a2d2fa6|rpc:10.1.0.19:15288|admin:10.1.0.19:15287|client:10.1.0.19:15286|dataStream:10.1.0.19:15289|priority:0|startupRole:FOLLOWER, 19c619f1-2007-441e-8fe6-e07ebc4fc791|rpc:10.1.0.19:15279|admin:10.1.0.19:15278|client:10.1.0.19:15277|dataStream:10.1.0.19:15280|priority:0|startupRole:FOLLOWER]|listeners:[], old=null, confs=<EMPTY_MAP>
2023-08-25 08:54:15,639 [19c619f1-2007-441e-8fe6-e07ebc4fc791-groupManagement] INFO  server.RaftServerConfigKeys (ConfUtils.java:logGet(46)) - raft.server.storage.dir = [/home/runner/work/ozone/ozone/hadoop-ozone/integration-test/target/test-dir/MiniOzoneClusterImpl-e7e10417-51b4-42c5-96ae-91e23fec58ac/datanode-0/data/ratis] (custom)
2023-08-25 08:54:15,639 [19c619f1-2007-441e-8fe6-e07ebc4fc791-groupManagement] INFO  server.RaftServerConfigKeys (ConfUtils.java:logGet(46)) - raft.server.log.corruption.policy = EXCEPTION (default)
2023-08-25 08:54:15,639 [19c619f1-2007-441e-8fe6-e07ebc4fc791-groupManagement] INFO  server.RaftServerConfigKeys (ConfUtils.java:logGet(46)) - raft.server.storage.free-space.min = 0MB (=0) (default)
2023-08-25 08:54:15,639 [19c619f1-2007-441e-8fe6-e07ebc4fc791-groupManagement] INFO  server.RaftServerConfigKeys (ConfUtils.java:logGet(46)) - raft.server.notification.no-leader.timeout = 300s (custom)
2023-08-25 08:54:15,639 [19c619f1-2007-441e-8fe6-e07ebc4fc791-groupManagement] INFO  server.RaftServerConfigKeys (ConfUtils.java:logGet(46)) - raft.server.read.timeout = 10s (default)
2023-08-25 08:54:15,639 [19c619f1-2007-441e-8fe6-e07ebc4fc791-groupManagement] INFO  server.RaftServerConfigKeys (ConfUtils.java:logGet(46)) - raft.server.retrycache.expirytime = 600000ms (custom)
2023-08-25 08:54:15,639 [19c619f1-2007-441e-8fe6-e07ebc4fc791-groupManagement] INFO  server.RaftServerConfigKeys (ConfUtils.java:logGet(46)) - raft.server.retrycache.statistics.expirytime = 100μs (default)
2023-08-25 08:54:15,639 [19c619f1-2007-441e-8fe6-e07ebc4fc791-groupManagement] INFO  server.RaftServerConfigKeys (ConfUtils.java:logGet(46)) - raft.server.read.option = DEFAULT (default)
2023-08-25 08:54:15,642 [19c619f1-2007-441e-8fe6-e07ebc4fc791-groupManagement] INFO  server.RaftServerConfigKeys (ConfUtils.java:logGet(46)) - raft.server.rpc.request.timeout = 60s (custom)
2023-08-25 08:54:15,642 [19c619f1-2007-441e-8fe6-e07ebc4fc791-groupManagement] INFO  server.RaftServerConfigKeys (ConfUtils.java:logGet(46)) - raft.server.log.appender.install.snapshot.enabled = false (custom)
2023-08-25 08:54:15,642 [19c619f1-2007-441e-8fe6-e07ebc4fc791-groupManagement] INFO  server.RaftServerConfigKeys (ConfUtils.java:logGet(46)) - raft.server.threadpool.server.cached = true (default)
2023-08-25 08:54:15,642 [19c619f1-2007-441e-8fe6-e07ebc4fc791-groupManagement] INFO  server.RaftServerConfigKeys (ConfUtils.java:logGet(46)) - raft.server.threadpool.server.size = 0 (default)
2023-08-25 08:54:15,642 [19c619f1-2007-441e-8fe6-e07ebc4fc791-groupManagement] INFO  server.RaftServerConfigKeys (ConfUtils.java:logGet(46)) - raft.server.threadpool.client.cached = true (default)
2023-08-25 08:54:15,642 [19c619f1-2007-441e-8fe6-e07ebc4fc791-groupManagement] INFO  server.RaftServerConfigKeys (ConfUtils.java:logGet(46)) - raft.server.threadpool.client.size = 0 (default)
2023-08-25 08:54:15,642 [19c619f1-2007-441e-8fe6-e07ebc4fc791-groupManagement] INFO  storage.RaftStorageDirectory (RaftStorageDirectoryImpl.java:analyzeStorage(137)) - The storage directory /home/runner/work/ozone/ozone/hadoop-ozone/integration-test/target/test-dir/MiniOzoneClusterImpl-e7e10417-51b4-42c5-96ae-91e23fec58ac/datanode-0/data/ratis/06c3252d-6abd-437c-b19f-51a9d41e8872 does not exist. Creating ...
2023-08-25 08:54:15,643 [19c619f1-2007-441e-8fe6-e07ebc4fc791-groupManagement] INFO  storage.RaftStorageDirectory (RaftStorageDirectoryImpl.java:tryLock(231)) - Lock on /home/runner/work/ozone/ozone/hadoop-ozone/integration-test/target/test-dir/MiniOzoneClusterImpl-e7e10417-51b4-42c5-96ae-91e23fec58ac/datanode-0/data/ratis/06c3252d-6abd-437c-b19f-51a9d41e8872/in_use.lock acquired by nodename 30217@fv-az584-689
2023-08-25 08:54:15,645 [19c619f1-2007-441e-8fe6-e07ebc4fc791-groupManagement] INFO  storage.RaftStorage (RaftStorageImpl.java:format(96)) - Storage directory /home/runner/work/ozone/ozone/hadoop-ozone/integration-test/target/test-dir/MiniOzoneClusterImpl-e7e10417-51b4-42c5-96ae-91e23fec58ac/datanode-0/data/ratis/06c3252d-6abd-437c-b19f-51a9d41e8872 has been successfully formatted.
2023-08-25 08:54:15,645 [19c619f1-2007-441e-8fe6-e07ebc4fc791-groupManagement] INFO  ratis.ContainerStateMachine (ContainerStateMachine.java:loadSnapshot(262)) - group-51A9D41E8872: The snapshot info is null. Setting the last applied indexto:(t:0, i:~)
2023-08-25 08:54:15,645 [19c619f1-2007-441e-8fe6-e07ebc4fc791-groupManagement] INFO  server.RaftServerConfigKeys (ConfUtils.java:logGet(46)) - raft.server.log.use.memory = false (default)
2023-08-25 08:54:15,646 [19c619f1-2007-441e-8fe6-e07ebc4fc791-groupManagement] INFO  server.RaftServerConfigKeys (ConfUtils.java:logGet(46)) - raft.server.log.purge.gap = 1000000 (custom)
2023-08-25 08:54:15,646 [19c619f1-2007-441e-8fe6-e07ebc4fc791-groupManagement] INFO  server.RaftServerConfigKeys (ConfUtils.java:logGet(46)) - raft.server.log.appender.buffer.byte-limit = 33554432 (custom)
2023-08-25 08:54:15,646 [19c619f1-2007-441e-8fe6-e07ebc4fc791-groupManagement] INFO  server.RaftServerConfigKeys (ConfUtils.java:logGet(46)) - raft.server.log.statemachine.data.read.timeout = 1000ms (default)
2023-08-25 08:54:15,646 [19c619f1-2007-441e-8fe6-e07ebc4fc791-groupManagement] INFO  server.RaftServerConfigKeys (ConfUtils.java:logGet(46)) - raft.server.log.purge.preservation.log.num = 0 (default)
2023-08-25 08:54:15,647 [19c619f1-2007-441e-8fe6-e07ebc4fc791-groupManagement] INFO  server.RaftServerConfigKeys (ConfUtils.java:logGet(46)) - raft.server.log.segment.size.max = 1048576 (custom)
2023-08-25 08:54:15,647 [EventQueue-OpenPipelineForHealthyPipelineSafeModeRule] INFO  safemode.SCMSafeModeManager (HealthyPipelineSafeModeRule.java:process(137)) - SCM in safe mode. Healthy pipelines reported count is 0, required healthy pipeline reported count is 1
2023-08-25 08:54:15,647 [19c619f1-2007-441e-8fe6-e07ebc4fc791-groupManagement] INFO  server.RaftServerConfigKeys (ConfUtils.java:logGet(46)) - raft.server.log.segment.cache.num.max = 2 (custom)
2023-08-25 08:54:15,647 [19c619f1-2007-441e-8fe6-e07ebc4fc791-groupManagement] INFO  server.RaftServerConfigKeys (ConfUtils.java:logGet(46)) - raft.server.log.segment.cache.size.max = 200MB (=209715200) (default)
2023-08-25 08:54:15,647 [19c619f1-2007-441e-8fe6-e07ebc4fc791-groupManagement] INFO  server.RaftServerConfigKeys (ConfUtils.java:logGet(46)) - raft.server.log.appender.buffer.byte-limit = 33554432 (custom)
2023-08-25 08:54:15,647 [19c619f1-2007-441e-8fe6-e07ebc4fc791-groupManagement] INFO  segmented.SegmentedRaftLogWorker (SegmentedRaftLogWorker.java:<init>(188)) - new 19c619f1-2007-441e-8fe6-e07ebc4fc791@group-51A9D41E8872-SegmentedRaftLogWorker for RaftStorageImpl:Storage Directory /home/runner/work/ozone/ozone/hadoop-ozone/integration-test/target/test-dir/MiniOzoneClusterImpl-e7e10417-51b4-42c5-96ae-91e23fec58ac/datanode-0/data/ratis/06c3252d-6abd-437c-b19f-51a9d41e8872
2023-08-25 08:54:15,647 [19c619f1-2007-441e-8fe6-e07ebc4fc791-groupManagement] INFO  server.RaftServerConfigKeys (ConfUtils.java:logGet(46)) - raft.server.log.queue.byte-limit = 4294967296 (custom)
2023-08-25 08:54:15,647 [19c619f1-2007-441e-8fe6-e07ebc4fc791-groupManagement] INFO  server.RaftServerConfigKeys (ConfUtils.java:logGet(46)) - raft.server.log.queue.element-limit = 1024 (custom)
2023-08-25 08:54:15,647 [19c619f1-2007-441e-8fe6-e07ebc4fc791-groupManagement] INFO  server.RaftServerConfigKeys (ConfUtils.java:logGet(46)) - raft.server.log.segment.size.max = 1048576 (custom)
2023-08-25 08:54:15,647 [19c619f1-2007-441e-8fe6-e07ebc4fc791-groupManagement] INFO  server.RaftServerConfigKeys (ConfUtils.java:logGet(46)) - raft.server.log.preallocated.size = 16384 (custom)
2023-08-25 08:54:15,647 [19c619f1-2007-441e-8fe6-e07ebc4fc791-groupManagement] INFO  server.RaftServerConfigKeys (ConfUtils.java:logGet(46)) - raft.server.log.force.sync.num = 128 (default)
2023-08-25 08:54:15,647 [19c619f1-2007-441e-8fe6-e07ebc4fc791-groupManagement] INFO  server.RaftServerConfigKeys (ConfUtils.java:logGet(46)) - raft.server.log.statemachine.data.sync = true (default)
2023-08-25 08:54:15,647 [19c619f1-2007-441e-8fe6-e07ebc4fc791-groupManagement] INFO  server.RaftServerConfigKeys (ConfUtils.java:logGet(46)) - raft.server.log.statemachine.data.sync.timeout = 10s (default)
2023-08-25 08:54:15,647 [19c619f1-2007-441e-8fe6-e07ebc4fc791-groupManagement] INFO  server.RaftServerConfigKeys (ConfUtils.java:logGet(46)) - raft.server.log.statemachine.data.sync.timeout.retry = -1 (default)
2023-08-25 08:54:15,648 [19c619f1-2007-441e-8fe6-e07ebc4fc791-groupManagement] INFO  server.RaftServerConfigKeys (ConfUtils.java:logGet(46)) - raft.server.log.write.buffer.size = 1048576 (custom)
2023-08-25 08:54:15,651 [19c619f1-2007-441e-8fe6-e07ebc4fc791-groupManagement] INFO  server.RaftServerConfigKeys (ConfUtils.java:logGet(46)) - raft.server.log.appender.buffer.byte-limit = 33554432 (custom)
2023-08-25 08:54:15,657 [19c619f1-2007-441e-8fe6-e07ebc4fc791-groupManagement] INFO  server.RaftServerConfigKeys (ConfUtils.java:logGet(46)) - raft.server.log.unsafe-flush.enabled = false (default)
2023-08-25 08:54:15,657 [19c619f1-2007-441e-8fe6-e07ebc4fc791-groupManagement] INFO  server.RaftServerConfigKeys (ConfUtils.java:logGet(46)) - raft.server.log.async-flush.enabled = false (default)
2023-08-25 08:54:15,657 [19c619f1-2007-441e-8fe6-e07ebc4fc791-groupManagement] INFO  server.RaftServerConfigKeys (ConfUtils.java:logGet(46)) - raft.server.log.statemachine.data.caching.enabled = true (custom)
2023-08-25 08:54:15,658 [19c619f1-2007-441e-8fe6-e07ebc4fc791-groupManagement] INFO  segmented.SegmentedRaftLogWorker (SegmentedRaftLogWorker.java:lambda$new$0(135)) - 19c619f1-2007-441e-8fe6-e07ebc4fc791@group-51A9D41E8872-SegmentedRaftLogWorker: flushIndex: setUnconditionally 0 -> -1
2023-08-25 08:54:15,658 [19c619f1-2007-441e-8fe6-e07ebc4fc791-groupManagement] INFO  segmented.SegmentedRaftLogWorker (SegmentedRaftLogWorker.java:lambda$new$0(135)) - 19c619f1-2007-441e-8fe6-e07ebc4fc791@group-51A9D41E8872-SegmentedRaftLogWorker: safeCacheEvictIndex: setUnconditionally 0 -> -1
2023-08-25 08:54:15,658 [19c619f1-2007-441e-8fe6-e07ebc4fc791-groupManagement] INFO  server.RaftServer$Division (RaftServerImpl.java:start(342)) - 19c619f1-2007-441e-8fe6-e07ebc4fc791@group-51A9D41E8872: start as a follower, conf=-1: peers:[8c499c0a-8bdd-4b02-9c6d-bb3555d01e53|rpc:10.1.0.19:15297|admin:10.1.0.19:15296|client:10.1.0.19:15295|dataStream:10.1.0.19:15298|priority:1|startupRole:FOLLOWER, d44cbbb4-6878-45fc-b8ff-9a9a6a2d2fa6|rpc:10.1.0.19:15288|admin:10.1.0.19:15287|client:10.1.0.19:15286|dataStream:10.1.0.19:15289|priority:0|startupRole:FOLLOWER, 19c619f1-2007-441e-8fe6-e07ebc4fc791|rpc:10.1.0.19:15279|admin:10.1.0.19:15278|client:10.1.0.19:15277|dataStream:10.1.0.19:15280|priority:0|startupRole:FOLLOWER]|listeners:[], old=null
2023-08-25 08:54:15,658 [19c619f1-2007-441e-8fe6-e07ebc4fc791-groupManagement] INFO  server.RaftServer$Division (RaftServerImpl.java:setRole(329)) - 19c619f1-2007-441e-8fe6-e07ebc4fc791@group-51A9D41E8872: changes role from      null to FOLLOWER at term 0 for startAsFollower
2023-08-25 08:54:15,658 [19c619f1-2007-441e-8fe6-e07ebc4fc791-groupManagement] INFO  impl.RoleInfo (RoleInfo.java:updateAndGet(139)) - 19c619f1-2007-441e-8fe6-e07ebc4fc791: start 19c619f1-2007-441e-8fe6-e07ebc4fc791@group-51A9D41E8872-FollowerState
2023-08-25 08:54:15,658 [19c619f1-2007-441e-8fe6-e07ebc4fc791-groupManagement] INFO  util.JmxRegister (JmxRegister.java:tryRegister(44)) - Successfully registered JMX Bean with object name Ratis:service=RaftServer,group=group-51A9D41E8872,id=19c619f1-2007-441e-8fe6-e07ebc4fc791
2023-08-25 08:54:15,659 [19c619f1-2007-441e-8fe6-e07ebc4fc791-groupManagement] INFO  server.RaftServerConfigKeys (ConfUtils.java:logGet(46)) - raft.server.snapshot.auto.trigger.enabled = true (custom)
2023-08-25 08:54:15,659 [19c619f1-2007-441e-8fe6-e07ebc4fc791-groupManagement] INFO  server.RaftServerConfigKeys (ConfUtils.java:logGet(46)) - raft.server.snapshot.auto.trigger.threshold = 10000 (custom)
2023-08-25 08:54:15,659 [19c619f1-2007-441e-8fe6-e07ebc4fc791-groupManagement] INFO  server.RaftServerConfigKeys (ConfUtils.java:logGet(46)) - raft.server.snapshot.retention.file.num = 5 (custom)
2023-08-25 08:54:15,659 [19c619f1-2007-441e-8fe6-e07ebc4fc791-groupManagement] INFO  server.RaftServerConfigKeys (ConfUtils.java:logGet(46)) - raft.server.log.purge.upto.snapshot.index = false (default)
2023-08-25 08:54:15,659 [19c619f1-2007-441e-8fe6-e07ebc4fc791@group-51A9D41E8872-FollowerState] INFO  server.RaftServerConfigKeys (ConfUtils.java:logFallback(53)) - raft.server.rpc.first-election.timeout.min = 5s (fallback to raft.server.rpc.timeout.min)
2023-08-25 08:54:15,659 [19c619f1-2007-441e-8fe6-e07ebc4fc791@group-51A9D41E8872-FollowerState] INFO  server.RaftServerConfigKeys (ConfUtils.java:logFallback(53)) - raft.server.rpc.first-election.timeout.max = 5200ms (fallback to raft.server.rpc.timeout.max)
2023-08-25 08:54:15,659 [PipelineCommandHandlerThread-0] INFO  ratis.XceiverServerRatis (XceiverServerRatis.java:addGroup(804)) - Created group PipelineID=06c3252d-6abd-437c-b19f-51a9d41e8872
2023-08-25 08:54:15,670 [grpc-default-executor-0] INFO  server.RaftServer (RaftServerProxy.java:addNew(98)) - d44cbbb4-6878-45fc-b8ff-9a9a6a2d2fa6: addNew group-51A9D41E8872:[8c499c0a-8bdd-4b02-9c6d-bb3555d01e53|rpc:10.1.0.19:15297|admin:10.1.0.19:15296|client:10.1.0.19:15295|dataStream:10.1.0.19:15298|priority:1|startupRole:FOLLOWER, d44cbbb4-6878-45fc-b8ff-9a9a6a2d2fa6|rpc:10.1.0.19:15288|admin:10.1.0.19:15287|client:10.1.0.19:15286|dataStream:10.1.0.19:15289|priority:0|startupRole:FOLLOWER, 19c619f1-2007-441e-8fe6-e07ebc4fc791|rpc:10.1.0.19:15279|admin:10.1.0.19:15278|client:10.1.0.19:15277|dataStream:10.1.0.19:15280|priority:0|startupRole:FOLLOWER] returns group-51A9D41E8872:java.util.concurrent.CompletableFuture@7425d886[Not completed]
2023-08-25 08:54:15,671 [d44cbbb4-6878-45fc-b8ff-9a9a6a2d2fa6-groupManagement] INFO  server.RaftServer$Division (RaftServerImpl.java:<init>(198)) - d44cbbb4-6878-45fc-b8ff-9a9a6a2d2fa6: new RaftServerImpl for group-51A9D41E8872:[8c499c0a-8bdd-4b02-9c6d-bb3555d01e53|rpc:10.1.0.19:15297|admin:10.1.0.19:15296|client:10.1.0.19:15295|dataStream:10.1.0.19:15298|priority:1|startupRole:FOLLOWER, d44cbbb4-6878-45fc-b8ff-9a9a6a2d2fa6|rpc:10.1.0.19:15288|admin:10.1.0.19:15287|client:10.1.0.19:15286|dataStream:10.1.0.19:15289|priority:0|startupRole:FOLLOWER, 19c619f1-2007-441e-8fe6-e07ebc4fc791|rpc:10.1.0.19:15279|admin:10.1.0.19:15278|client:10.1.0.19:15277|dataStream:10.1.0.19:15280|priority:0|startupRole:FOLLOWER] with ContainerStateMachine:uninitialized
2023-08-25 08:54:15,671 [d44cbbb4-6878-45fc-b8ff-9a9a6a2d2fa6-groupManagement] INFO  server.RaftServerConfigKeys (ConfUtils.java:logGet(46)) - raft.server.rpc.timeout.min = 5s (custom)
2023-08-25 08:54:15,671 [d44cbbb4-6878-45fc-b8ff-9a9a6a2d2fa6-groupManagement] INFO  server.RaftServerConfigKeys (ConfUtils.java:logGet(46)) - raft.server.rpc.timeout.max = 5200ms (custom)
2023-08-25 08:54:15,671 [d44cbbb4-6878-45fc-b8ff-9a9a6a2d2fa6-groupManagement] INFO  server.RaftServerConfigKeys (ConfUtils.java:logGet(46)) - raft.server.rpc.sleep.time = 25ms (default)
2023-08-25 08:54:15,672 [d44cbbb4-6878-45fc-b8ff-9a9a6a2d2fa6-groupManagement] INFO  server.RaftServerConfigKeys (ConfUtils.java:logGet(46)) - raft.server.rpc.slowness.timeout = 300s (custom)
2023-08-25 08:54:15,672 [d44cbbb4-6878-45fc-b8ff-9a9a6a2d2fa6-groupManagement] INFO  server.RaftServerConfigKeys (ConfUtils.java:logGet(46)) - raft.server.leaderelection.leader.step-down.wait-time = 10s (default)
2023-08-25 08:54:15,672 [d44cbbb4-6878-45fc-b8ff-9a9a6a2d2fa6-groupManagement] INFO  server.RaftServerConfigKeys (ConfUtils.java:logGet(46)) - raft.server.sleep.deviation.threshold = 300ms (default)
2023-08-25 08:54:15,672 [d44cbbb4-6878-45fc-b8ff-9a9a6a2d2fa6-groupManagement] INFO  server.RaftServer$Division (ServerState.java:<init>(120)) - d44cbbb4-6878-45fc-b8ff-9a9a6a2d2fa6@group-51A9D41E8872: ConfigurationManager, init=-1: peers:[8c499c0a-8bdd-4b02-9c6d-bb3555d01e53|rpc:10.1.0.19:15297|admin:10.1.0.19:15296|client:10.1.0.19:15295|dataStream:10.1.0.19:15298|priority:1|startupRole:FOLLOWER, d44cbbb4-6878-45fc-b8ff-9a9a6a2d2fa6|rpc:10.1.0.19:15288|admin:10.1.0.19:15287|client:10.1.0.19:15286|dataStream:10.1.0.19:15289|priority:0|startupRole:FOLLOWER, 19c619f1-2007-441e-8fe6-e07ebc4fc791|rpc:10.1.0.19:15279|admin:10.1.0.19:15278|client:10.1.0.19:15277|dataStream:10.1.0.19:15280|priority:0|startupRole:FOLLOWER]|listeners:[], old=null, confs=<EMPTY_MAP>
2023-08-25 08:54:15,672 [d44cbbb4-6878-45fc-b8ff-9a9a6a2d2fa6-groupManagement] INFO  server.RaftServerConfigKeys (ConfUtils.java:logGet(46)) - raft.server.storage.dir = [/home/runner/work/ozone/ozone/hadoop-ozone/integration-test/target/test-dir/MiniOzoneClusterImpl-e7e10417-51b4-42c5-96ae-91e23fec58ac/datanode-1/data/ratis] (custom)
2023-08-25 08:54:15,672 [d44cbbb4-6878-45fc-b8ff-9a9a6a2d2fa6-groupManagement] INFO  server.RaftServerConfigKeys (ConfUtils.java:logGet(46)) - raft.server.log.corruption.policy = EXCEPTION (default)
2023-08-25 08:54:15,672 [d44cbbb4-6878-45fc-b8ff-9a9a6a2d2fa6-groupManagement] INFO  server.RaftServerConfigKeys (ConfUtils.java:logGet(46)) - raft.server.storage.free-space.min = 0MB (=0) (default)
2023-08-25 08:54:15,672 [d44cbbb4-6878-45fc-b8ff-9a9a6a2d2fa6-groupManagement] INFO  server.RaftServerConfigKeys (ConfUtils.java:logGet(46)) - raft.server.notification.no-leader.timeout = 300s (custom)
2023-08-25 08:54:15,672 [d44cbbb4-6878-45fc-b8ff-9a9a6a2d2fa6-groupManagement] INFO  server.RaftServerConfigKeys (ConfUtils.java:logGet(46)) - raft.server.read.timeout = 10s (default)
2023-08-25 08:54:15,672 [d44cbbb4-6878-45fc-b8ff-9a9a6a2d2fa6-groupManagement] INFO  server.RaftServerConfigKeys (ConfUtils.java:logGet(46)) - raft.server.retrycache.expirytime = 600000ms (custom)
2023-08-25 08:54:15,672 [d44cbbb4-6878-45fc-b8ff-9a9a6a2d2fa6-groupManagement] INFO  server.RaftServerConfigKeys (ConfUtils.java:logGet(46)) - raft.server.retrycache.statistics.expirytime = 100μs (default)
2023-08-25 08:54:15,672 [d44cbbb4-6878-45fc-b8ff-9a9a6a2d2fa6-groupManagement] INFO  server.RaftServerConfigKeys (ConfUtils.java:logGet(46)) - raft.server.read.option = DEFAULT (default)
2023-08-25 08:54:15,673 [d44cbbb4-6878-45fc-b8ff-9a9a6a2d2fa6-groupManagement] INFO  server.RaftServerConfigKeys (ConfUtils.java:logGet(46)) - raft.server.rpc.request.timeout = 60s (custom)
2023-08-25 08:54:15,673 [d44cbbb4-6878-45fc-b8ff-9a9a6a2d2fa6-groupManagement] INFO  server.RaftServerConfigKeys (ConfUtils.java:logGet(46)) - raft.server.log.appender.install.snapshot.enabled = false (custom)
2023-08-25 08:54:15,673 [d44cbbb4-6878-45fc-b8ff-9a9a6a2d2fa6-groupManagement] INFO  server.RaftServerConfigKeys (ConfUtils.java:logGet(46)) - raft.server.threadpool.server.cached = true (default)
2023-08-25 08:54:15,673 [d44cbbb4-6878-45fc-b8ff-9a9a6a2d2fa6-groupManagement] INFO  server.RaftServerConfigKeys (ConfUtils.java:logGet(46)) - raft.server.threadpool.server.size = 0 (default)
2023-08-25 08:54:15,673 [d44cbbb4-6878-45fc-b8ff-9a9a6a2d2fa6-groupManagement] INFO  server.RaftServerConfigKeys (ConfUtils.java:logGet(46)) - raft.server.threadpool.client.cached = true (default)
2023-08-25 08:54:15,673 [d44cbbb4-6878-45fc-b8ff-9a9a6a2d2fa6-groupManagement] INFO  server.RaftServerConfigKeys (ConfUtils.java:logGet(46)) - raft.server.threadpool.client.size = 0 (default)
2023-08-25 08:54:15,673 [d44cbbb4-6878-45fc-b8ff-9a9a6a2d2fa6-groupManagement] INFO  storage.RaftStorageDirectory (RaftStorageDirectoryImpl.java:analyzeStorage(137)) - The storage directory /home/runner/work/ozone/ozone/hadoop-ozone/integration-test/target/test-dir/MiniOzoneClusterImpl-e7e10417-51b4-42c5-96ae-91e23fec58ac/datanode-1/data/ratis/06c3252d-6abd-437c-b19f-51a9d41e8872 does not exist. Creating ...
2023-08-25 08:54:15,674 [d44cbbb4-6878-45fc-b8ff-9a9a6a2d2fa6-groupManagement] INFO  storage.RaftStorageDirectory (RaftStorageDirectoryImpl.java:tryLock(231)) - Lock on /home/runner/work/ozone/ozone/hadoop-ozone/integration-test/target/test-dir/MiniOzoneClusterImpl-e7e10417-51b4-42c5-96ae-91e23fec58ac/datanode-1/data/ratis/06c3252d-6abd-437c-b19f-51a9d41e8872/in_use.lock acquired by nodename 30217@fv-az584-689
2023-08-25 08:54:15,675 [d44cbbb4-6878-45fc-b8ff-9a9a6a2d2fa6-groupManagement] INFO  storage.RaftStorage (RaftStorageImpl.java:format(96)) - Storage directory /home/runner/work/ozone/ozone/hadoop-ozone/integration-test/target/test-dir/MiniOzoneClusterImpl-e7e10417-51b4-42c5-96ae-91e23fec58ac/datanode-1/data/ratis/06c3252d-6abd-437c-b19f-51a9d41e8872 has been successfully formatted.
2023-08-25 08:54:15,676 [d44cbbb4-6878-45fc-b8ff-9a9a6a2d2fa6-groupManagement] INFO  ratis.ContainerStateMachine (ContainerStateMachine.java:loadSnapshot(262)) - group-51A9D41E8872: The snapshot info is null. Setting the last applied indexto:(t:0, i:~)
2023-08-25 08:54:15,676 [d44cbbb4-6878-45fc-b8ff-9a9a6a2d2fa6-groupManagement] INFO  server.RaftServerConfigKeys (ConfUtils.java:logGet(46)) - raft.server.log.use.memory = false (default)
2023-08-25 08:54:15,676 [d44cbbb4-6878-45fc-b8ff-9a9a6a2d2fa6-groupManagement] INFO  server.RaftServerConfigKeys (ConfUtils.java:logGet(46)) - raft.server.log.purge.gap = 1000000 (custom)
2023-08-25 08:54:15,676 [d44cbbb4-6878-45fc-b8ff-9a9a6a2d2fa6-groupManagement] INFO  server.RaftServerConfigKeys (ConfUtils.java:logGet(46)) - raft.server.log.appender.buffer.byte-limit = 33554432 (custom)
2023-08-25 08:54:15,676 [d44cbbb4-6878-45fc-b8ff-9a9a6a2d2fa6-groupManagement] INFO  server.RaftServerConfigKeys (ConfUtils.java:logGet(46)) - raft.server.log.statemachine.data.read.timeout = 1000ms (default)
2023-08-25 08:54:15,676 [d44cbbb4-6878-45fc-b8ff-9a9a6a2d2fa6-groupManagement] INFO  server.RaftServerConfigKeys (ConfUtils.java:logGet(46)) - raft.server.log.purge.preservation.log.num = 0 (default)
2023-08-25 08:54:15,677 [d44cbbb4-6878-45fc-b8ff-9a9a6a2d2fa6-groupManagement] INFO  server.RaftServerConfigKeys (ConfUtils.java:logGet(46)) - raft.server.log.segment.size.max = 1048576 (custom)
2023-08-25 08:54:15,677 [d44cbbb4-6878-45fc-b8ff-9a9a6a2d2fa6-groupManagement] INFO  server.RaftServerConfigKeys (ConfUtils.java:logGet(46)) - raft.server.log.segment.cache.num.max = 2 (custom)
2023-08-25 08:54:15,677 [d44cbbb4-6878-45fc-b8ff-9a9a6a2d2fa6-groupManagement] INFO  server.RaftServerConfigKeys (ConfUtils.java:logGet(46)) - raft.server.log.segment.cache.size.max = 200MB (=209715200) (default)
2023-08-25 08:54:15,677 [d44cbbb4-6878-45fc-b8ff-9a9a6a2d2fa6-groupManagement] INFO  server.RaftServerConfigKeys (ConfUtils.java:logGet(46)) - raft.server.log.appender.buffer.byte-limit = 33554432 (custom)
2023-08-25 08:54:15,677 [d44cbbb4-6878-45fc-b8ff-9a9a6a2d2fa6-groupManagement] INFO  segmented.SegmentedRaftLogWorker (SegmentedRaftLogWorker.java:<init>(188)) - new d44cbbb4-6878-45fc-b8ff-9a9a6a2d2fa6@group-51A9D41E8872-SegmentedRaftLogWorker for RaftStorageImpl:Storage Directory /home/runner/work/ozone/ozone/hadoop-ozone/integration-test/target/test-dir/MiniOzoneClusterImpl-e7e10417-51b4-42c5-96ae-91e23fec58ac/datanode-1/data/ratis/06c3252d-6abd-437c-b19f-51a9d41e8872
2023-08-25 08:54:15,678 [d44cbbb4-6878-45fc-b8ff-9a9a6a2d2fa6-groupManagement] INFO  server.RaftServerConfigKeys (ConfUtils.java:logGet(46)) - raft.server.log.queue.byte-limit = 4294967296 (custom)
2023-08-25 08:54:15,678 [d44cbbb4-6878-45fc-b8ff-9a9a6a2d2fa6-groupManagement] INFO  server.RaftServerConfigKeys (ConfUtils.java:logGet(46)) - raft.server.log.queue.element-limit = 1024 (custom)
2023-08-25 08:54:15,678 [d44cbbb4-6878-45fc-b8ff-9a9a6a2d2fa6-groupManagement] INFO  server.RaftServerConfigKeys (ConfUtils.java:logGet(46)) - raft.server.log.segment.size.max = 1048576 (custom)
2023-08-25 08:54:15,678 [d44cbbb4-6878-45fc-b8ff-9a9a6a2d2fa6-groupManagement] INFO  server.RaftServerConfigKeys (ConfUtils.java:logGet(46)) - raft.server.log.preallocated.size = 16384 (custom)
2023-08-25 08:54:15,678 [d44cbbb4-6878-45fc-b8ff-9a9a6a2d2fa6-groupManagement] INFO  server.RaftServerConfigKeys (ConfUtils.java:logGet(46)) - raft.server.log.force.sync.num = 128 (default)
2023-08-25 08:54:15,678 [d44cbbb4-6878-45fc-b8ff-9a9a6a2d2fa6-groupManagement] INFO  server.RaftServerConfigKeys (ConfUtils.java:logGet(46)) - raft.server.log.statemachine.data.sync = true (default)
2023-08-25 08:54:15,678 [d44cbbb4-6878-45fc-b8ff-9a9a6a2d2fa6-groupManagement] INFO  server.RaftServerConfigKeys (ConfUtils.java:logGet(46)) - raft.server.log.statemachine.data.sync.timeout = 10s (default)
2023-08-25 08:54:15,678 [d44cbbb4-6878-45fc-b8ff-9a9a6a2d2fa6-groupManagement] INFO  server.RaftServerConfigKeys (ConfUtils.java:logGet(46)) - raft.server.log.statemachine.data.sync.timeout.retry = -1 (default)
2023-08-25 08:54:15,679 [d44cbbb4-6878-45fc-b8ff-9a9a6a2d2fa6-groupManagement] INFO  server.RaftServerConfigKeys (ConfUtils.java:logGet(46)) - raft.server.log.write.buffer.size = 1048576 (custom)
2023-08-25 08:54:15,679 [d44cbbb4-6878-45fc-b8ff-9a9a6a2d2fa6-groupManagement] INFO  server.RaftServerConfigKeys (ConfUtils.java:logGet(46)) - raft.server.log.appender.buffer.byte-limit = 33554432 (custom)
2023-08-25 08:54:15,684 [d44cbbb4-6878-45fc-b8ff-9a9a6a2d2fa6-groupManagement] INFO  server.RaftServerConfigKeys (ConfUtils.java:logGet(46)) - raft.server.log.unsafe-flush.enabled = false (default)
2023-08-25 08:54:15,684 [d44cbbb4-6878-45fc-b8ff-9a9a6a2d2fa6-groupManagement] INFO  server.RaftServerConfigKeys (ConfUtils.java:logGet(46)) - raft.server.log.async-flush.enabled = false (default)
2023-08-25 08:54:15,684 [d44cbbb4-6878-45fc-b8ff-9a9a6a2d2fa6-groupManagement] INFO  server.RaftServerConfigKeys (ConfUtils.java:logGet(46)) - raft.server.log.statemachine.data.caching.enabled = true (custom)
2023-08-25 08:54:15,685 [d44cbbb4-6878-45fc-b8ff-9a9a6a2d2fa6-groupManagement] INFO  segmented.SegmentedRaftLogWorker (SegmentedRaftLogWorker.java:lambda$new$0(135)) - d44cbbb4-6878-45fc-b8ff-9a9a6a2d2fa6@group-51A9D41E8872-SegmentedRaftLogWorker: flushIndex: setUnconditionally 0 -> -1
2023-08-25 08:54:15,685 [d44cbbb4-6878-45fc-b8ff-9a9a6a2d2fa6-groupManagement] INFO  segmented.SegmentedRaftLogWorker (SegmentedRaftLogWorker.java:lambda$new$0(135)) - d44cbbb4-6878-45fc-b8ff-9a9a6a2d2fa6@group-51A9D41E8872-SegmentedRaftLogWorker: safeCacheEvictIndex: setUnconditionally 0 -> -1
2023-08-25 08:54:15,685 [d44cbbb4-6878-45fc-b8ff-9a9a6a2d2fa6-groupManagement] INFO  server.RaftServer$Division (RaftServerImpl.java:start(342)) - d44cbbb4-6878-45fc-b8ff-9a9a6a2d2fa6@group-51A9D41E8872: start as a follower, conf=-1: peers:[8c499c0a-8bdd-4b02-9c6d-bb3555d01e53|rpc:10.1.0.19:15297|admin:10.1.0.19:15296|client:10.1.0.19:15295|dataStream:10.1.0.19:15298|priority:1|startupRole:FOLLOWER, d44cbbb4-6878-45fc-b8ff-9a9a6a2d2fa6|rpc:10.1.0.19:15288|admin:10.1.0.19:15287|client:10.1.0.19:15286|dataStream:10.1.0.19:15289|priority:0|startupRole:FOLLOWER, 19c619f1-2007-441e-8fe6-e07ebc4fc791|rpc:10.1.0.19:15279|admin:10.1.0.19:15278|client:10.1.0.19:15277|dataStream:10.1.0.19:15280|priority:0|startupRole:FOLLOWER]|listeners:[], old=null
2023-08-25 08:54:15,685 [d44cbbb4-6878-45fc-b8ff-9a9a6a2d2fa6-groupManagement] INFO  server.RaftServer$Division (RaftServerImpl.java:setRole(329)) - d44cbbb4-6878-45fc-b8ff-9a9a6a2d2fa6@group-51A9D41E8872: changes role from      null to FOLLOWER at term 0 for startAsFollower
2023-08-25 08:54:15,685 [d44cbbb4-6878-45fc-b8ff-9a9a6a2d2fa6-groupManagement] INFO  impl.RoleInfo (RoleInfo.java:updateAndGet(139)) - d44cbbb4-6878-45fc-b8ff-9a9a6a2d2fa6: start d44cbbb4-6878-45fc-b8ff-9a9a6a2d2fa6@group-51A9D41E8872-FollowerState
2023-08-25 08:54:15,689 [d44cbbb4-6878-45fc-b8ff-9a9a6a2d2fa6-groupManagement] INFO  util.JmxRegister (JmxRegister.java:tryRegister(44)) - Successfully registered JMX Bean with object name Ratis:service=RaftServer,group=group-51A9D41E8872,id=d44cbbb4-6878-45fc-b8ff-9a9a6a2d2fa6
2023-08-25 08:54:15,689 [d44cbbb4-6878-45fc-b8ff-9a9a6a2d2fa6-groupManagement] INFO  server.RaftServerConfigKeys (ConfUtils.java:logGet(46)) - raft.server.snapshot.auto.trigger.enabled = true (custom)
2023-08-25 08:54:15,689 [d44cbbb4-6878-45fc-b8ff-9a9a6a2d2fa6-groupManagement] INFO  server.RaftServerConfigKeys (ConfUtils.java:logGet(46)) - raft.server.snapshot.auto.trigger.threshold = 10000 (custom)
2023-08-25 08:54:15,689 [d44cbbb4-6878-45fc-b8ff-9a9a6a2d2fa6-groupManagement] INFO  server.RaftServerConfigKeys (ConfUtils.java:logGet(46)) - raft.server.snapshot.retention.file.num = 5 (custom)
2023-08-25 08:54:15,689 [d44cbbb4-6878-45fc-b8ff-9a9a6a2d2fa6-groupManagement] INFO  server.RaftServerConfigKeys (ConfUtils.java:logGet(46)) - raft.server.log.purge.upto.snapshot.index = false (default)
2023-08-25 08:54:15,689 [d44cbbb4-6878-45fc-b8ff-9a9a6a2d2fa6@group-51A9D41E8872-FollowerState] INFO  server.RaftServerConfigKeys (ConfUtils.java:logFallback(53)) - raft.server.rpc.first-election.timeout.min = 5s (fallback to raft.server.rpc.timeout.min)
2023-08-25 08:54:15,689 [d44cbbb4-6878-45fc-b8ff-9a9a6a2d2fa6@group-51A9D41E8872-FollowerState] INFO  server.RaftServerConfigKeys (ConfUtils.java:logFallback(53)) - raft.server.rpc.first-election.timeout.max = 5200ms (fallback to raft.server.rpc.timeout.max)
2023-08-25 08:54:15,715 [grpc-default-executor-0] INFO  server.RaftServer (RaftServerProxy.java:addNew(98)) - 8c499c0a-8bdd-4b02-9c6d-bb3555d01e53: addNew group-51A9D41E8872:[8c499c0a-8bdd-4b02-9c6d-bb3555d01e53|rpc:10.1.0.19:15297|admin:10.1.0.19:15296|client:10.1.0.19:15295|dataStream:10.1.0.19:15298|priority:1|startupRole:FOLLOWER, d44cbbb4-6878-45fc-b8ff-9a9a6a2d2fa6|rpc:10.1.0.19:15288|admin:10.1.0.19:15287|client:10.1.0.19:15286|dataStream:10.1.0.19:15289|priority:0|startupRole:FOLLOWER, 19c619f1-2007-441e-8fe6-e07ebc4fc791|rpc:10.1.0.19:15279|admin:10.1.0.19:15278|client:10.1.0.19:15277|dataStream:10.1.0.19:15280|priority:0|startupRole:FOLLOWER] returns group-51A9D41E8872:java.util.concurrent.CompletableFuture@23ed18f0[Not completed]
2023-08-25 08:54:15,716 [8c499c0a-8bdd-4b02-9c6d-bb3555d01e53-groupManagement] INFO  server.RaftServer$Division (RaftServerImpl.java:<init>(198)) - 8c499c0a-8bdd-4b02-9c6d-bb3555d01e53: new RaftServerImpl for group-51A9D41E8872:[8c499c0a-8bdd-4b02-9c6d-bb3555d01e53|rpc:10.1.0.19:15297|admin:10.1.0.19:15296|client:10.1.0.19:15295|dataStream:10.1.0.19:15298|priority:1|startupRole:FOLLOWER, d44cbbb4-6878-45fc-b8ff-9a9a6a2d2fa6|rpc:10.1.0.19:15288|admin:10.1.0.19:15287|client:10.1.0.19:15286|dataStream:10.1.0.19:15289|priority:0|startupRole:FOLLOWER, 19c619f1-2007-441e-8fe6-e07ebc4fc791|rpc:10.1.0.19:15279|admin:10.1.0.19:15278|client:10.1.0.19:15277|dataStream:10.1.0.19:15280|priority:0|startupRole:FOLLOWER] with ContainerStateMachine:uninitialized
2023-08-25 08:54:15,716 [8c499c0a-8bdd-4b02-9c6d-bb3555d01e53-groupManagement] INFO  server.RaftServerConfigKeys (ConfUtils.java:logGet(46)) - raft.server.rpc.timeout.min = 5s (custom)
2023-08-25 08:54:15,716 [8c499c0a-8bdd-4b02-9c6d-bb3555d01e53-groupManagement] INFO  server.RaftServerConfigKeys (ConfUtils.java:logGet(46)) - raft.server.rpc.timeout.max = 5200ms (custom)
2023-08-25 08:54:15,716 [8c499c0a-8bdd-4b02-9c6d-bb3555d01e53-groupManagement] INFO  server.RaftServerConfigKeys (ConfUtils.java:logGet(46)) - raft.server.rpc.sleep.time = 25ms (default)
2023-08-25 08:54:15,716 [8c499c0a-8bdd-4b02-9c6d-bb3555d01e53-groupManagement] INFO  server.RaftServerConfigKeys (ConfUtils.java:logGet(46)) - raft.server.rpc.slowness.timeout = 300s (custom)
2023-08-25 08:54:15,716 [8c499c0a-8bdd-4b02-9c6d-bb3555d01e53-groupManagement] INFO  server.RaftServerConfigKeys (ConfUtils.java:logGet(46)) - raft.server.leaderelection.leader.step-down.wait-time = 10s (default)
2023-08-25 08:54:15,716 [8c499c0a-8bdd-4b02-9c6d-bb3555d01e53-groupManagement] INFO  server.RaftServerConfigKeys (ConfUtils.java:logGet(46)) - raft.server.sleep.deviation.threshold = 300ms (default)
2023-08-25 08:54:15,716 [8c499c0a-8bdd-4b02-9c6d-bb3555d01e53-groupManagement] INFO  server.RaftServer$Division (ServerState.java:<init>(120)) - 8c499c0a-8bdd-4b02-9c6d-bb3555d01e53@group-51A9D41E8872: ConfigurationManager, init=-1: peers:[8c499c0a-8bdd-4b02-9c6d-bb3555d01e53|rpc:10.1.0.19:15297|admin:10.1.0.19:15296|client:10.1.0.19:15295|dataStream:10.1.0.19:15298|priority:1|startupRole:FOLLOWER, d44cbbb4-6878-45fc-b8ff-9a9a6a2d2fa6|rpc:10.1.0.19:15288|admin:10.1.0.19:15287|client:10.1.0.19:15286|dataStream:10.1.0.19:15289|priority:0|startupRole:FOLLOWER, 19c619f1-2007-441e-8fe6-e07ebc4fc791|rpc:10.1.0.19:15279|admin:10.1.0.19:15278|client:10.1.0.19:15277|dataStream:10.1.0.19:15280|priority:0|startupRole:FOLLOWER]|listeners:[], old=null, confs=<EMPTY_MAP>
2023-08-25 08:54:15,716 [8c499c0a-8bdd-4b02-9c6d-bb3555d01e53-groupManagement] INFO  server.RaftServerConfigKeys (ConfUtils.java:logGet(46)) - raft.server.storage.dir = [/home/runner/work/ozone/ozone/hadoop-ozone/integration-test/target/test-dir/MiniOzoneClusterImpl-e7e10417-51b4-42c5-96ae-91e23fec58ac/datanode-2/data/ratis] (custom)
2023-08-25 08:54:15,719 [8c499c0a-8bdd-4b02-9c6d-bb3555d01e53-groupManagement] INFO  server.RaftServerConfigKeys (ConfUtils.java:logGet(46)) - raft.server.log.corruption.policy = EXCEPTION (default)
2023-08-25 08:54:15,719 [8c499c0a-8bdd-4b02-9c6d-bb3555d01e53-groupManagement] INFO  server.RaftServerConfigKeys (ConfUtils.java:logGet(46)) - raft.server.storage.free-space.min = 0MB (=0) (default)
2023-08-25 08:54:15,719 [8c499c0a-8bdd-4b02-9c6d-bb3555d01e53-groupManagement] INFO  server.RaftServerConfigKeys (ConfUtils.java:logGet(46)) - raft.server.notification.no-leader.timeout = 300s (custom)
2023-08-25 08:54:15,719 [8c499c0a-8bdd-4b02-9c6d-bb3555d01e53-groupManagement] INFO  server.RaftServerConfigKeys (ConfUtils.java:logGet(46)) - raft.server.read.timeout = 10s (default)
2023-08-25 08:54:15,719 [8c499c0a-8bdd-4b02-9c6d-bb3555d01e53-groupManagement] INFO  server.RaftServerConfigKeys (ConfUtils.java:logGet(46)) - raft.server.retrycache.expirytime = 600000ms (custom)
2023-08-25 08:54:15,719 [8c499c0a-8bdd-4b02-9c6d-bb3555d01e53-groupManagement] INFO  server.RaftServerConfigKeys (ConfUtils.java:logGet(46)) - raft.server.retrycache.statistics.expirytime = 100μs (default)
2023-08-25 08:54:15,719 [8c499c0a-8bdd-4b02-9c6d-bb3555d01e53-groupManagement] INFO  server.RaftServerConfigKeys (ConfUtils.java:logGet(46)) - raft.server.read.option = DEFAULT (default)
2023-08-25 08:54:15,720 [8c499c0a-8bdd-4b02-9c6d-bb3555d01e53-groupManagement] INFO  server.RaftServerConfigKeys (ConfUtils.java:logGet(46)) - raft.server.rpc.request.timeout = 60s (custom)
2023-08-25 08:54:15,720 [8c499c0a-8bdd-4b02-9c6d-bb3555d01e53-groupManagement] INFO  server.RaftServerConfigKeys (ConfUtils.java:logGet(46)) - raft.server.log.appender.install.snapshot.enabled = false (custom)
2023-08-25 08:54:15,720 [8c499c0a-8bdd-4b02-9c6d-bb3555d01e53-groupManagement] INFO  server.RaftServerConfigKeys (ConfUtils.java:logGet(46)) - raft.server.threadpool.server.cached = true (default)
2023-08-25 08:54:15,720 [8c499c0a-8bdd-4b02-9c6d-bb3555d01e53-groupManagement] INFO  server.RaftServerConfigKeys (ConfUtils.java:logGet(46)) - raft.server.threadpool.server.size = 0 (default)
2023-08-25 08:54:15,720 [8c499c0a-8bdd-4b02-9c6d-bb3555d01e53-groupManagement] INFO  server.RaftServerConfigKeys (ConfUtils.java:logGet(46)) - raft.server.threadpool.client.cached = true (default)
2023-08-25 08:54:15,720 [8c499c0a-8bdd-4b02-9c6d-bb3555d01e53-groupManagement] INFO  server.RaftServerConfigKeys (ConfUtils.java:logGet(46)) - raft.server.threadpool.client.size = 0 (default)
2023-08-25 08:54:15,720 [8c499c0a-8bdd-4b02-9c6d-bb3555d01e53-groupManagement] INFO  storage.RaftStorageDirectory (RaftStorageDirectoryImpl.java:analyzeStorage(137)) - The storage directory /home/runner/work/ozone/ozone/hadoop-ozone/integration-test/target/test-dir/MiniOzoneClusterImpl-e7e10417-51b4-42c5-96ae-91e23fec58ac/datanode-2/data/ratis/06c3252d-6abd-437c-b19f-51a9d41e8872 does not exist. Creating ...
2023-08-25 08:54:15,722 [8c499c0a-8bdd-4b02-9c6d-bb3555d01e53-groupManagement] INFO  storage.RaftStorageDirectory (RaftStorageDirectoryImpl.java:tryLock(231)) - Lock on /home/runner/work/ozone/ozone/hadoop-ozone/integration-test/target/test-dir/MiniOzoneClusterImpl-e7e10417-51b4-42c5-96ae-91e23fec58ac/datanode-2/data/ratis/06c3252d-6abd-437c-b19f-51a9d41e8872/in_use.lock acquired by nodename 30217@fv-az584-689
2023-08-25 08:54:15,723 [8c499c0a-8bdd-4b02-9c6d-bb3555d01e53-groupManagement] INFO  storage.RaftStorage (RaftStorageImpl.java:format(96)) - Storage directory /home/runner/work/ozone/ozone/hadoop-ozone/integration-test/target/test-dir/MiniOzoneClusterImpl-e7e10417-51b4-42c5-96ae-91e23fec58ac/datanode-2/data/ratis/06c3252d-6abd-437c-b19f-51a9d41e8872 has been successfully formatted.
2023-08-25 08:54:15,725 [8c499c0a-8bdd-4b02-9c6d-bb3555d01e53-groupManagement] INFO  ratis.ContainerStateMachine (ContainerStateMachine.java:loadSnapshot(262)) - group-51A9D41E8872: The snapshot info is null. Setting the last applied indexto:(t:0, i:~)
2023-08-25 08:54:15,725 [8c499c0a-8bdd-4b02-9c6d-bb3555d01e53-groupManagement] INFO  server.RaftServerConfigKeys (ConfUtils.java:logGet(46)) - raft.server.log.use.memory = false (default)
2023-08-25 08:54:15,726 [8c499c0a-8bdd-4b02-9c6d-bb3555d01e53-groupManagement] INFO  server.RaftServerConfigKeys (ConfUtils.java:logGet(46)) - raft.server.log.purge.gap = 1000000 (custom)
2023-08-25 08:54:15,726 [8c499c0a-8bdd-4b02-9c6d-bb3555d01e53-groupManagement] INFO  server.RaftServerConfigKeys (ConfUtils.java:logGet(46)) - raft.server.log.appender.buffer.byte-limit = 33554432 (custom)
2023-08-25 08:54:15,726 [8c499c0a-8bdd-4b02-9c6d-bb3555d01e53-groupManagement] INFO  server.RaftServerConfigKeys (ConfUtils.java:logGet(46)) - raft.server.log.statemachine.data.read.timeout = 1000ms (default)
2023-08-25 08:54:15,726 [8c499c0a-8bdd-4b02-9c6d-bb3555d01e53-groupManagement] INFO  server.RaftServerConfigKeys (ConfUtils.java:logGet(46)) - raft.server.log.purge.preservation.log.num = 0 (default)
2023-08-25 08:54:15,726 [8c499c0a-8bdd-4b02-9c6d-bb3555d01e53-groupManagement] INFO  server.RaftServerConfigKeys (ConfUtils.java:logGet(46)) - raft.server.log.segment.size.max = 1048576 (custom)
2023-08-25 08:54:15,726 [8c499c0a-8bdd-4b02-9c6d-bb3555d01e53-groupManagement] INFO  server.RaftServerConfigKeys (ConfUtils.java:logGet(46)) - raft.server.log.segment.cache.num.max = 2 (custom)
2023-08-25 08:54:15,726 [8c499c0a-8bdd-4b02-9c6d-bb3555d01e53-groupManagement] INFO  server.RaftServerConfigKeys (ConfUtils.java:logGet(46)) - raft.server.log.segment.cache.size.max = 200MB (=209715200) (default)
2023-08-25 08:54:15,726 [8c499c0a-8bdd-4b02-9c6d-bb3555d01e53-groupManagement] INFO  server.RaftServerConfigKeys (ConfUtils.java:logGet(46)) - raft.server.log.appender.buffer.byte-limit = 33554432 (custom)
2023-08-25 08:54:15,726 [8c499c0a-8bdd-4b02-9c6d-bb3555d01e53-groupManagement] INFO  segmented.SegmentedRaftLogWorker (SegmentedRaftLogWorker.java:<init>(188)) - new 8c499c0a-8bdd-4b02-9c6d-bb3555d01e53@group-51A9D41E8872-SegmentedRaftLogWorker for RaftStorageImpl:Storage Directory /home/runner/work/ozone/ozone/hadoop-ozone/integration-test/target/test-dir/MiniOzoneClusterImpl-e7e10417-51b4-42c5-96ae-91e23fec58ac/datanode-2/data/ratis/06c3252d-6abd-437c-b19f-51a9d41e8872
2023-08-25 08:54:15,726 [8c499c0a-8bdd-4b02-9c6d-bb3555d01e53-groupManagement] INFO  server.RaftServerConfigKeys (ConfUtils.java:logGet(46)) - raft.server.log.queue.byte-limit = 4294967296 (custom)
2023-08-25 08:54:15,726 [8c499c0a-8bdd-4b02-9c6d-bb3555d01e53-groupManagement] INFO  server.RaftServerConfigKeys (ConfUtils.java:logGet(46)) - raft.server.log.queue.element-limit = 1024 (custom)
2023-08-25 08:54:15,726 [8c499c0a-8bdd-4b02-9c6d-bb3555d01e53-groupManagement] INFO  server.RaftServerConfigKeys (ConfUtils.java:logGet(46)) - raft.server.log.segment.size.max = 1048576 (custom)
2023-08-25 08:54:15,726 [8c499c0a-8bdd-4b02-9c6d-bb3555d01e53-groupManagement] INFO  server.RaftServerConfigKeys (ConfUtils.java:logGet(46)) - raft.server.log.preallocated.size = 16384 (custom)
2023-08-25 08:54:15,726 [8c499c0a-8bdd-4b02-9c6d-bb3555d01e53-groupManagement] INFO  server.RaftServerConfigKeys (ConfUtils.java:logGet(46)) - raft.server.log.force.sync.num = 128 (default)
2023-08-25 08:54:15,727 [8c499c0a-8bdd-4b02-9c6d-bb3555d01e53-groupManagement] INFO  server.RaftServerConfigKeys (ConfUtils.java:logGet(46)) - raft.server.log.statemachine.data.sync = true (default)
2023-08-25 08:54:15,727 [8c499c0a-8bdd-4b02-9c6d-bb3555d01e53-groupManagement] INFO  server.RaftServerConfigKeys (ConfUtils.java:logGet(46)) - raft.server.log.statemachine.data.sync.timeout = 10s (default)
2023-08-25 08:54:15,727 [8c499c0a-8bdd-4b02-9c6d-bb3555d01e53-groupManagement] INFO  server.RaftServerConfigKeys (ConfUtils.java:logGet(46)) - raft.server.log.statemachine.data.sync.timeout.retry = -1 (default)
2023-08-25 08:54:15,727 [8c499c0a-8bdd-4b02-9c6d-bb3555d01e53-groupManagement] INFO  server.RaftServerConfigKeys (ConfUtils.java:logGet(46)) - raft.server.log.write.buffer.size = 1048576 (custom)
2023-08-25 08:54:15,727 [8c499c0a-8bdd-4b02-9c6d-bb3555d01e53-groupManagement] INFO  server.RaftServerConfigKeys (ConfUtils.java:logGet(46)) - raft.server.log.appender.buffer.byte-limit = 33554432 (custom)
2023-08-25 08:54:15,829 [8c499c0a-8bdd-4b02-9c6d-bb3555d01e53-groupManagement] INFO  server.RaftServerConfigKeys (ConfUtils.java:logGet(46)) - raft.server.log.unsafe-flush.enabled = false (default)
2023-08-25 08:54:15,835 [8c499c0a-8bdd-4b02-9c6d-bb3555d01e53-groupManagement] INFO  server.RaftServerConfigKeys (ConfUtils.java:logGet(46)) - raft.server.log.async-flush.enabled = false (default)
2023-08-25 08:54:15,835 [8c499c0a-8bdd-4b02-9c6d-bb3555d01e53-groupManagement] INFO  server.RaftServerConfigKeys (ConfUtils.java:logGet(46)) - raft.server.log.statemachine.data.caching.enabled = true (custom)
2023-08-25 08:54:15,835 [8c499c0a-8bdd-4b02-9c6d-bb3555d01e53-groupManagement] INFO  segmented.SegmentedRaftLogWorker (SegmentedRaftLogWorker.java:lambda$new$0(135)) - 8c499c0a-8bdd-4b02-9c6d-bb3555d01e53@group-51A9D41E8872-SegmentedRaftLogWorker: flushIndex: setUnconditionally 0 -> -1
2023-08-25 08:54:15,835 [8c499c0a-8bdd-4b02-9c6d-bb3555d01e53-groupManagement] INFO  segmented.SegmentedRaftLogWorker (SegmentedRaftLogWorker.java:lambda$new$0(135)) - 8c499c0a-8bdd-4b02-9c6d-bb3555d01e53@group-51A9D41E8872-SegmentedRaftLogWorker: safeCacheEvictIndex: setUnconditionally 0 -> -1
2023-08-25 08:54:15,835 [8c499c0a-8bdd-4b02-9c6d-bb3555d01e53-groupManagement] INFO  server.RaftServer$Division (RaftServerImpl.java:start(342)) - 8c499c0a-8bdd-4b02-9c6d-bb3555d01e53@group-51A9D41E8872: start as a follower, conf=-1: peers:[8c499c0a-8bdd-4b02-9c6d-bb3555d01e53|rpc:10.1.0.19:15297|admin:10.1.0.19:15296|client:10.1.0.19:15295|dataStream:10.1.0.19:15298|priority:1|startupRole:FOLLOWER, d44cbbb4-6878-45fc-b8ff-9a9a6a2d2fa6|rpc:10.1.0.19:15288|admin:10.1.0.19:15287|client:10.1.0.19:15286|dataStream:10.1.0.19:15289|priority:0|startupRole:FOLLOWER, 19c619f1-2007-441e-8fe6-e07ebc4fc791|rpc:10.1.0.19:15279|admin:10.1.0.19:15278|client:10.1.0.19:15277|dataStream:10.1.0.19:15280|priority:0|startupRole:FOLLOWER]|listeners:[], old=null
2023-08-25 08:54:15,835 [8c499c0a-8bdd-4b02-9c6d-bb3555d01e53-groupManagement] INFO  server.RaftServer$Division (RaftServerImpl.java:setRole(329)) - 8c499c0a-8bdd-4b02-9c6d-bb3555d01e53@group-51A9D41E8872: changes role from      null to FOLLOWER at term 0 for startAsFollower
2023-08-25 08:54:15,835 [8c499c0a-8bdd-4b02-9c6d-bb3555d01e53-groupManagement] INFO  impl.RoleInfo (RoleInfo.java:updateAndGet(139)) - 8c499c0a-8bdd-4b02-9c6d-bb3555d01e53: start 8c499c0a-8bdd-4b02-9c6d-bb3555d01e53@group-51A9D41E8872-FollowerState
2023-08-25 08:54:15,836 [8c499c0a-8bdd-4b02-9c6d-bb3555d01e53@group-51A9D41E8872-FollowerState] INFO  server.RaftServerConfigKeys (ConfUtils.java:logFallback(53)) - raft.server.rpc.first-election.timeout.min = 5s (fallback to raft.server.rpc.timeout.min)
2023-08-25 08:54:15,836 [8c499c0a-8bdd-4b02-9c6d-bb3555d01e53@group-51A9D41E8872-FollowerState] INFO  server.RaftServerConfigKeys (ConfUtils.java:logFallback(53)) - raft.server.rpc.first-election.timeout.max = 5200ms (fallback to raft.server.rpc.timeout.max)
2023-08-25 08:54:15,837 [d44cbbb4-6878-45fc-b8ff-9a9a6a2d2fa6-groupManagement] INFO  server.RaftServer$Division (RaftServerImpl.java:<init>(198)) - d44cbbb4-6878-45fc-b8ff-9a9a6a2d2fa6: new RaftServerImpl for group-066DED60C3AB:[d44cbbb4-6878-45fc-b8ff-9a9a6a2d2fa6|rpc:10.1.0.19:15288|admin:10.1.0.19:15287|client:10.1.0.19:15286|dataStream:10.1.0.19:15289|priority:1|startupRole:FOLLOWER] with ContainerStateMachine:uninitialized
2023-08-25 08:54:15,837 [d44cbbb4-6878-45fc-b8ff-9a9a6a2d2fa6-groupManagement] INFO  server.RaftServerConfigKeys (ConfUtils.java:logGet(46)) - raft.server.rpc.timeout.min = 5s (custom)
2023-08-25 08:54:15,837 [d44cbbb4-6878-45fc-b8ff-9a9a6a2d2fa6-groupManagement] INFO  server.RaftServerConfigKeys (ConfUtils.java:logGet(46)) - raft.server.rpc.timeout.max = 5200ms (custom)
2023-08-25 08:54:15,837 [d44cbbb4-6878-45fc-b8ff-9a9a6a2d2fa6-groupManagement] INFO  server.RaftServerConfigKeys (ConfUtils.java:logGet(46)) - raft.server.rpc.sleep.time = 25ms (default)
2023-08-25 08:54:15,837 [d44cbbb4-6878-45fc-b8ff-9a9a6a2d2fa6-groupManagement] INFO  server.RaftServerConfigKeys (ConfUtils.java:logGet(46)) - raft.server.rpc.slowness.timeout = 300s (custom)
2023-08-25 08:54:15,837 [d44cbbb4-6878-45fc-b8ff-9a9a6a2d2fa6-groupManagement] INFO  server.RaftServerConfigKeys (ConfUtils.java:logGet(46)) - raft.server.leaderelection.leader.step-down.wait-time = 10s (default)
2023-08-25 08:54:15,837 [d44cbbb4-6878-45fc-b8ff-9a9a6a2d2fa6-groupManagement] INFO  server.RaftServerConfigKeys (ConfUtils.java:logGet(46)) - raft.server.sleep.deviation.threshold = 300ms (default)
2023-08-25 08:54:15,837 [d44cbbb4-6878-45fc-b8ff-9a9a6a2d2fa6-groupManagement] INFO  server.RaftServer$Division (ServerState.java:<init>(120)) - d44cbbb4-6878-45fc-b8ff-9a9a6a2d2fa6@group-066DED60C3AB: ConfigurationManager, init=-1: peers:[d44cbbb4-6878-45fc-b8ff-9a9a6a2d2fa6|rpc:10.1.0.19:15288|admin:10.1.0.19:15287|client:10.1.0.19:15286|dataStream:10.1.0.19:15289|priority:1|startupRole:FOLLOWER]|listeners:[], old=null, confs=<EMPTY_MAP>
2023-08-25 08:54:15,837 [d44cbbb4-6878-45fc-b8ff-9a9a6a2d2fa6-groupManagement] INFO  server.RaftServerConfigKeys (ConfUtils.java:logGet(46)) - raft.server.storage.dir = [/home/runner/work/ozone/ozone/hadoop-ozone/integration-test/target/test-dir/MiniOzoneClusterImpl-e7e10417-51b4-42c5-96ae-91e23fec58ac/datanode-1/data/ratis] (custom)
2023-08-25 08:54:15,837 [d44cbbb4-6878-45fc-b8ff-9a9a6a2d2fa6-groupManagement] INFO  server.RaftServerConfigKeys (ConfUtils.java:logGet(46)) - raft.server.log.corruption.policy = EXCEPTION (default)
2023-08-25 08:54:15,837 [d44cbbb4-6878-45fc-b8ff-9a9a6a2d2fa6-groupManagement] INFO  server.RaftServerConfigKeys (ConfUtils.java:logGet(46)) - raft.server.storage.free-space.min = 0MB (=0) (default)
2023-08-25 08:54:15,838 [d44cbbb4-6878-45fc-b8ff-9a9a6a2d2fa6-groupManagement] INFO  server.RaftServerConfigKeys (ConfUtils.java:logGet(46)) - raft.server.notification.no-leader.timeout = 300s (custom)
2023-08-25 08:54:15,838 [d44cbbb4-6878-45fc-b8ff-9a9a6a2d2fa6-groupManagement] INFO  server.RaftServerConfigKeys (ConfUtils.java:logGet(46)) - raft.server.read.timeout = 10s (default)
2023-08-25 08:54:15,838 [d44cbbb4-6878-45fc-b8ff-9a9a6a2d2fa6-groupManagement] INFO  server.RaftServerConfigKeys (ConfUtils.java:logGet(46)) - raft.server.retrycache.expirytime = 600000ms (custom)
2023-08-25 08:54:15,838 [d44cbbb4-6878-45fc-b8ff-9a9a6a2d2fa6-groupManagement] INFO  server.RaftServerConfigKeys (ConfUtils.java:logGet(46)) - raft.server.retrycache.statistics.expirytime = 100μs (default)
2023-08-25 08:54:15,838 [d44cbbb4-6878-45fc-b8ff-9a9a6a2d2fa6-groupManagement] INFO  server.RaftServerConfigKeys (ConfUtils.java:logGet(46)) - raft.server.read.option = DEFAULT (default)
2023-08-25 08:54:15,838 [d44cbbb4-6878-45fc-b8ff-9a9a6a2d2fa6-groupManagement] INFO  server.RaftServerConfigKeys (ConfUtils.java:logGet(46)) - raft.server.rpc.request.timeout = 60s (custom)
2023-08-25 08:54:15,838 [d44cbbb4-6878-45fc-b8ff-9a9a6a2d2fa6-groupManagement] INFO  server.RaftServerConfigKeys (ConfUtils.java:logGet(46)) - raft.server.log.appender.install.snapshot.enabled = false (custom)
2023-08-25 08:54:15,838 [d44cbbb4-6878-45fc-b8ff-9a9a6a2d2fa6-groupManagement] INFO  server.RaftServerConfigKeys (ConfUtils.java:logGet(46)) - raft.server.threadpool.server.cached = true (default)
2023-08-25 08:54:15,838 [d44cbbb4-6878-45fc-b8ff-9a9a6a2d2fa6-groupManagement] INFO  server.RaftServerConfigKeys (ConfUtils.java:logGet(46)) - raft.server.threadpool.server.size = 0 (default)
2023-08-25 08:54:15,838 [d44cbbb4-6878-45fc-b8ff-9a9a6a2d2fa6-groupManagement] INFO  server.RaftServerConfigKeys (ConfUtils.java:logGet(46)) - raft.server.threadpool.client.cached = true (default)
2023-08-25 08:54:15,838 [d44cbbb4-6878-45fc-b8ff-9a9a6a2d2fa6-groupManagement] INFO  server.RaftServerConfigKeys (ConfUtils.java:logGet(46)) - raft.server.threadpool.client.size = 0 (default)
2023-08-25 08:54:15,839 [PipelineCommandHandlerThread-0] INFO  server.RaftServer (RaftServerProxy.java:addNew(98)) - d44cbbb4-6878-45fc-b8ff-9a9a6a2d2fa6: addNew group-066DED60C3AB:[d44cbbb4-6878-45fc-b8ff-9a9a6a2d2fa6|rpc:10.1.0.19:15288|admin:10.1.0.19:15287|client:10.1.0.19:15286|dataStream:10.1.0.19:15289|priority:1|startupRole:FOLLOWER] returns      null d44cbbb4-6878-45fc-b8ff-9a9a6a2d2fa6@group-066DED60C3AB:t0, leader=null, voted=null, raftlog=UNINITIALIZED, conf=-1: peers:[d44cbbb4-6878-45fc-b8ff-9a9a6a2d2fa6|rpc:10.1.0.19:15288|admin:10.1.0.19:15287|client:10.1.0.19:15286|dataStream:10.1.0.19:15289|priority:1|startupRole:FOLLOWER]|listeners:[], old=null NEW
2023-08-25 08:54:15,839 [d44cbbb4-6878-45fc-b8ff-9a9a6a2d2fa6-groupManagement] INFO  storage.RaftStorageDirectory (RaftStorageDirectoryImpl.java:analyzeStorage(137)) - The storage directory /home/runner/work/ozone/ozone/hadoop-ozone/integration-test/target/test-dir/MiniOzoneClusterImpl-e7e10417-51b4-42c5-96ae-91e23fec58ac/datanode-1/data/ratis/08aa62b6-d846-41b2-a18e-066ded60c3ab does not exist. Creating ...
2023-08-25 08:54:15,845 [d44cbbb4-6878-45fc-b8ff-9a9a6a2d2fa6-groupManagement] INFO  storage.RaftStorageDirectory (RaftStorageDirectoryImpl.java:tryLock(231)) - Lock on /home/runner/work/ozone/ozone/hadoop-ozone/integration-test/target/test-dir/MiniOzoneClusterImpl-e7e10417-51b4-42c5-96ae-91e23fec58ac/datanode-1/data/ratis/08aa62b6-d846-41b2-a18e-066ded60c3ab/in_use.lock acquired by nodename 30217@fv-az584-689
2023-08-25 08:54:15,846 [8c499c0a-8bdd-4b02-9c6d-bb3555d01e53-groupManagement] INFO  util.JmxRegister (JmxRegister.java:tryRegister(44)) - Successfully registered JMX Bean with object name Ratis:service=RaftServer,group=group-51A9D41E8872,id=8c499c0a-8bdd-4b02-9c6d-bb3555d01e53
2023-08-25 08:54:15,846 [8c499c0a-8bdd-4b02-9c6d-bb3555d01e53-groupManagement] INFO  server.RaftServerConfigKeys (ConfUtils.java:logGet(46)) - raft.server.snapshot.auto.trigger.enabled = true (custom)
2023-08-25 08:54:15,846 [8c499c0a-8bdd-4b02-9c6d-bb3555d01e53-groupManagement] INFO  server.RaftServerConfigKeys (ConfUtils.java:logGet(46)) - raft.server.snapshot.auto.trigger.threshold = 10000 (custom)
2023-08-25 08:54:15,846 [8c499c0a-8bdd-4b02-9c6d-bb3555d01e53-groupManagement] INFO  server.RaftServerConfigKeys (ConfUtils.java:logGet(46)) - raft.server.snapshot.retention.file.num = 5 (custom)
2023-08-25 08:54:15,846 [8c499c0a-8bdd-4b02-9c6d-bb3555d01e53-groupManagement] INFO  server.RaftServerConfigKeys (ConfUtils.java:logGet(46)) - raft.server.log.purge.upto.snapshot.index = false (default)
2023-08-25 08:54:15,852 [PipelineCommandHandlerThread-0] INFO  commandhandler.CreatePipelineCommandHandler (CreatePipelineCommandHandler.java:lambda$handle$2(124)) - Created Pipeline RATIS THREE PipelineID=06c3252d-6abd-437c-b19f-51a9d41e8872.
2023-08-25 08:54:15,863 [d44cbbb4-6878-45fc-b8ff-9a9a6a2d2fa6-groupManagement] INFO  storage.RaftStorage (RaftStorageImpl.java:format(96)) - Storage directory /home/runner/work/ozone/ozone/hadoop-ozone/integration-test/target/test-dir/MiniOzoneClusterImpl-e7e10417-51b4-42c5-96ae-91e23fec58ac/datanode-1/data/ratis/08aa62b6-d846-41b2-a18e-066ded60c3ab has been successfully formatted.
2023-08-25 08:54:15,863 [d44cbbb4-6878-45fc-b8ff-9a9a6a2d2fa6-groupManagement] INFO  ratis.ContainerStateMachine (ContainerStateMachine.java:loadSnapshot(262)) - group-066DED60C3AB: The snapshot info is null. Setting the last applied indexto:(t:0, i:~)
2023-08-25 08:54:15,863 [d44cbbb4-6878-45fc-b8ff-9a9a6a2d2fa6-groupManagement] INFO  server.RaftServerConfigKeys (ConfUtils.java:logGet(46)) - raft.server.log.use.memory = false (default)
2023-08-25 08:54:15,863 [d44cbbb4-6878-45fc-b8ff-9a9a6a2d2fa6-groupManagement] INFO  server.RaftServerConfigKeys (ConfUtils.java:logGet(46)) - raft.server.log.purge.gap = 1000000 (custom)
2023-08-25 08:54:15,863 [d44cbbb4-6878-45fc-b8ff-9a9a6a2d2fa6-groupManagement] INFO  server.RaftServerConfigKeys (ConfUtils.java:logGet(46)) - raft.server.log.appender.buffer.byte-limit = 33554432 (custom)
2023-08-25 08:54:15,863 [d44cbbb4-6878-45fc-b8ff-9a9a6a2d2fa6-groupManagement] INFO  server.RaftServerConfigKeys (ConfUtils.java:logGet(46)) - raft.server.log.statemachine.data.read.timeout = 1000ms (default)
2023-08-25 08:54:15,863 [d44cbbb4-6878-45fc-b8ff-9a9a6a2d2fa6-groupManagement] INFO  server.RaftServerConfigKeys (ConfUtils.java:logGet(46)) - raft.server.log.purge.preservation.log.num = 0 (default)
2023-08-25 08:54:15,863 [d44cbbb4-6878-45fc-b8ff-9a9a6a2d2fa6-groupManagement] INFO  server.RaftServerConfigKeys (ConfUtils.java:logGet(46)) - raft.server.log.segment.size.max = 1048576 (custom)
2023-08-25 08:54:15,864 [d44cbbb4-6878-45fc-b8ff-9a9a6a2d2fa6-groupManagement] INFO  server.RaftServerConfigKeys (ConfUtils.java:logGet(46)) - raft.server.log.segment.cache.num.max = 2 (custom)
2023-08-25 08:54:15,864 [d44cbbb4-6878-45fc-b8ff-9a9a6a2d2fa6-groupManagement] INFO  server.RaftServerConfigKeys (ConfUtils.java:logGet(46)) - raft.server.log.segment.cache.size.max = 200MB (=209715200) (default)
2023-08-25 08:54:15,864 [d44cbbb4-6878-45fc-b8ff-9a9a6a2d2fa6-groupManagement] INFO  server.RaftServerConfigKeys (ConfUtils.java:logGet(46)) - raft.server.log.appender.buffer.byte-limit = 33554432 (custom)
2023-08-25 08:54:15,864 [d44cbbb4-6878-45fc-b8ff-9a9a6a2d2fa6-groupManagement] INFO  segmented.SegmentedRaftLogWorker (SegmentedRaftLogWorker.java:<init>(188)) - new d44cbbb4-6878-45fc-b8ff-9a9a6a2d2fa6@group-066DED60C3AB-SegmentedRaftLogWorker for RaftStorageImpl:Storage Directory /home/runner/work/ozone/ozone/hadoop-ozone/integration-test/target/test-dir/MiniOzoneClusterImpl-e7e10417-51b4-42c5-96ae-91e23fec58ac/datanode-1/data/ratis/08aa62b6-d846-41b2-a18e-066ded60c3ab
2023-08-25 08:54:15,864 [d44cbbb4-6878-45fc-b8ff-9a9a6a2d2fa6-groupManagement] INFO  server.RaftServerConfigKeys (ConfUtils.java:logGet(46)) - raft.server.log.queue.byte-limit = 4294967296 (custom)
2023-08-25 08:54:15,864 [d44cbbb4-6878-45fc-b8ff-9a9a6a2d2fa6-groupManagement] INFO  server.RaftServerConfigKeys (ConfUtils.java:logGet(46)) - raft.server.log.queue.element-limit = 1024 (custom)
2023-08-25 08:54:15,864 [d44cbbb4-6878-45fc-b8ff-9a9a6a2d2fa6-groupManagement] INFO  server.RaftServerConfigKeys (ConfUtils.java:logGet(46)) - raft.server.log.segment.size.max = 1048576 (custom)
2023-08-25 08:54:15,864 [d44cbbb4-6878-45fc-b8ff-9a9a6a2d2fa6-groupManagement] INFO  server.RaftServerConfigKeys (ConfUtils.java:logGet(46)) - raft.server.log.preallocated.size = 16384 (custom)
2023-08-25 08:54:15,864 [d44cbbb4-6878-45fc-b8ff-9a9a6a2d2fa6-groupManagement] INFO  server.RaftServerConfigKeys (ConfUtils.java:logGet(46)) - raft.server.log.force.sync.num = 128 (default)
2023-08-25 08:54:15,864 [d44cbbb4-6878-45fc-b8ff-9a9a6a2d2fa6-groupManagement] INFO  server.RaftServerConfigKeys (ConfUtils.java:logGet(46)) - raft.server.log.statemachine.data.sync = true (default)
2023-08-25 08:54:15,864 [d44cbbb4-6878-45fc-b8ff-9a9a6a2d2fa6-groupManagement] INFO  server.RaftServerConfigKeys (ConfUtils.java:logGet(46)) - raft.server.log.statemachine.data.sync.timeout = 10s (default)
2023-08-25 08:54:15,864 [d44cbbb4-6878-45fc-b8ff-9a9a6a2d2fa6-groupManagement] INFO  server.RaftServerConfigKeys (ConfUtils.java:logGet(46)) - raft.server.log.statemachine.data.sync.timeout.retry = -1 (default)
2023-08-25 08:54:15,865 [d44cbbb4-6878-45fc-b8ff-9a9a6a2d2fa6-groupManagement] INFO  server.RaftServerConfigKeys (ConfUtils.java:logGet(46)) - raft.server.log.write.buffer.size = 1048576 (custom)
2023-08-25 08:54:15,865 [d44cbbb4-6878-45fc-b8ff-9a9a6a2d2fa6-groupManagement] INFO  server.RaftServerConfigKeys (ConfUtils.java:logGet(46)) - raft.server.log.appender.buffer.byte-limit = 33554432 (custom)
2023-08-25 08:54:15,870 [EventQueue-PipelineReportForPipelineReportHandler] INFO  pipeline.PipelineReportHandler (PipelineReportHandler.java:processPipelineReport(136)) - Opened pipeline PipelineID=08aa62b6-d846-41b2-a18e-066ded60c3ab
2023-08-25 08:54:15,871 [EventQueue-OpenPipelineForHealthyPipelineSafeModeRule] INFO  safemode.SCMSafeModeManager (HealthyPipelineSafeModeRule.java:process(137)) - SCM in safe mode. Healthy pipelines reported count is 0, required healthy pipeline reported count is 1
2023-08-25 08:54:15,871 [d44cbbb4-6878-45fc-b8ff-9a9a6a2d2fa6-groupManagement] INFO  server.RaftServerConfigKeys (ConfUtils.java:logGet(46)) - raft.server.log.unsafe-flush.enabled = false (default)
2023-08-25 08:54:15,871 [d44cbbb4-6878-45fc-b8ff-9a9a6a2d2fa6-groupManagement] INFO  server.RaftServerConfigKeys (ConfUtils.java:logGet(46)) - raft.server.log.async-flush.enabled = false (default)
2023-08-25 08:54:15,871 [d44cbbb4-6878-45fc-b8ff-9a9a6a2d2fa6-groupManagement] INFO  server.RaftServerConfigKeys (ConfUtils.java:logGet(46)) - raft.server.log.statemachine.data.caching.enabled = true (custom)
2023-08-25 08:54:15,871 [d44cbbb4-6878-45fc-b8ff-9a9a6a2d2fa6-groupManagement] INFO  segmented.SegmentedRaftLogWorker (SegmentedRaftLogWorker.java:lambda$new$0(135)) - d44cbbb4-6878-45fc-b8ff-9a9a6a2d2fa6@group-066DED60C3AB-SegmentedRaftLogWorker: flushIndex: setUnconditionally 0 -> -1
2023-08-25 08:54:15,871 [d44cbbb4-6878-45fc-b8ff-9a9a6a2d2fa6-groupManagement] INFO  segmented.SegmentedRaftLogWorker (SegmentedRaftLogWorker.java:lambda$new$0(135)) - d44cbbb4-6878-45fc-b8ff-9a9a6a2d2fa6@group-066DED60C3AB-SegmentedRaftLogWorker: safeCacheEvictIndex: setUnconditionally 0 -> -1
2023-08-25 08:54:15,872 [d44cbbb4-6878-45fc-b8ff-9a9a6a2d2fa6-groupManagement] INFO  server.RaftServer$Division (RaftServerImpl.java:start(342)) - d44cbbb4-6878-45fc-b8ff-9a9a6a2d2fa6@group-066DED60C3AB: start as a follower, conf=-1: peers:[d44cbbb4-6878-45fc-b8ff-9a9a6a2d2fa6|rpc:10.1.0.19:15288|admin:10.1.0.19:15287|client:10.1.0.19:15286|dataStream:10.1.0.19:15289|priority:1|startupRole:FOLLOWER]|listeners:[], old=null
2023-08-25 08:54:15,872 [d44cbbb4-6878-45fc-b8ff-9a9a6a2d2fa6-groupManagement] INFO  server.RaftServer$Division (RaftServerImpl.java:setRole(329)) - d44cbbb4-6878-45fc-b8ff-9a9a6a2d2fa6@group-066DED60C3AB: changes role from      null to FOLLOWER at term 0 for startAsFollower
2023-08-25 08:54:15,872 [d44cbbb4-6878-45fc-b8ff-9a9a6a2d2fa6-groupManagement] INFO  impl.RoleInfo (RoleInfo.java:updateAndGet(139)) - d44cbbb4-6878-45fc-b8ff-9a9a6a2d2fa6: start d44cbbb4-6878-45fc-b8ff-9a9a6a2d2fa6@group-066DED60C3AB-FollowerState
2023-08-25 08:54:15,872 [d44cbbb4-6878-45fc-b8ff-9a9a6a2d2fa6-groupManagement] INFO  util.JmxRegister (JmxRegister.java:tryRegister(44)) - Successfully registered JMX Bean with object name Ratis:service=RaftServer,group=group-066DED60C3AB,id=d44cbbb4-6878-45fc-b8ff-9a9a6a2d2fa6
2023-08-25 08:54:15,872 [d44cbbb4-6878-45fc-b8ff-9a9a6a2d2fa6-groupManagement] INFO  server.RaftServerConfigKeys (ConfUtils.java:logGet(46)) - raft.server.snapshot.auto.trigger.enabled = true (custom)
2023-08-25 08:54:15,872 [d44cbbb4-6878-45fc-b8ff-9a9a6a2d2fa6-groupManagement] INFO  server.RaftServerConfigKeys (ConfUtils.java:logGet(46)) - raft.server.snapshot.auto.trigger.threshold = 10000 (custom)
2023-08-25 08:54:15,872 [d44cbbb4-6878-45fc-b8ff-9a9a6a2d2fa6-groupManagement] INFO  server.RaftServerConfigKeys (ConfUtils.java:logGet(46)) - raft.server.snapshot.retention.file.num = 5 (custom)
2023-08-25 08:54:15,872 [d44cbbb4-6878-45fc-b8ff-9a9a6a2d2fa6-groupManagement] INFO  server.RaftServerConfigKeys (ConfUtils.java:logGet(46)) - raft.server.log.purge.upto.snapshot.index = false (default)
2023-08-25 08:54:15,872 [PipelineCommandHandlerThread-0] INFO  ratis.XceiverServerRatis (XceiverServerRatis.java:addGroup(804)) - Created group PipelineID=08aa62b6-d846-41b2-a18e-066ded60c3ab
2023-08-25 08:54:15,873 [PipelineCommandHandlerThread-0] INFO  commandhandler.CreatePipelineCommandHandler (CreatePipelineCommandHandler.java:lambda$handle$2(124)) - Created Pipeline RATIS ONE PipelineID=08aa62b6-d846-41b2-a18e-066ded60c3ab.
2023-08-25 08:54:15,873 [d44cbbb4-6878-45fc-b8ff-9a9a6a2d2fa6@group-066DED60C3AB-FollowerState] INFO  server.RaftServerConfigKeys (ConfUtils.java:logFallback(53)) - raft.server.rpc.first-election.timeout.min = 5s (fallback to raft.server.rpc.timeout.min)
2023-08-25 08:54:15,873 [d44cbbb4-6878-45fc-b8ff-9a9a6a2d2fa6@group-066DED60C3AB-FollowerState] INFO  server.RaftServerConfigKeys (ConfUtils.java:logFallback(53)) - raft.server.rpc.first-election.timeout.max = 5200ms (fallback to raft.server.rpc.timeout.max)
2023-08-25 08:54:15,884 [Time-limited test] INFO  ozone.MiniOzoneClusterImpl (MiniOzoneClusterImpl.java:lambda$waitForClusterToBeReady$0(224)) - Nodes are ready. Got 5 of 5 DN Heartbeats.
2023-08-25 08:54:15,884 [Time-limited test] INFO  ozone.MiniOzoneClusterImpl (MiniOzoneClusterImpl.java:lambda$waitForClusterToBeReady$0(227)) - Waiting for cluster to exit safe mode
2023-08-25 08:54:15,884 [Time-limited test] INFO  ozone.MiniOzoneClusterImpl (MiniOzoneClusterImpl.java:lambda$waitForClusterToBeReady$0(229)) - SCM became leader
2023-08-25 08:54:16,042 [ReplicationMonitor] INFO  replication.ReplicationManager (ReplicationManager.java:processAll(361)) - Replication Manager is not ready to run until 3000ms after safemode exit
2023-08-25 08:54:16,181 [PipelineCommandHandlerThread-0] INFO  server.RaftServer (RaftServerProxy.java:addNew(98)) - 8c499c0a-8bdd-4b02-9c6d-bb3555d01e53: addNew group-703FB21ACDD3:[8c499c0a-8bdd-4b02-9c6d-bb3555d01e53|rpc:10.1.0.19:15297|admin:10.1.0.19:15296|client:10.1.0.19:15295|dataStream:10.1.0.19:15298|priority:1|startupRole:FOLLOWER] returns group-703FB21ACDD3:java.util.concurrent.CompletableFuture@71265ce1[Not completed]
2023-08-25 08:54:16,182 [8c499c0a-8bdd-4b02-9c6d-bb3555d01e53-groupManagement] INFO  server.RaftServer$Division (RaftServerImpl.java:<init>(198)) - 8c499c0a-8bdd-4b02-9c6d-bb3555d01e53: new RaftServerImpl for group-703FB21ACDD3:[8c499c0a-8bdd-4b02-9c6d-bb3555d01e53|rpc:10.1.0.19:15297|admin:10.1.0.19:15296|client:10.1.0.19:15295|dataStream:10.1.0.19:15298|priority:1|startupRole:FOLLOWER] with ContainerStateMachine:uninitialized
2023-08-25 08:54:16,182 [8c499c0a-8bdd-4b02-9c6d-bb3555d01e53-groupManagement] INFO  server.RaftServerConfigKeys (ConfUtils.java:logGet(46)) - raft.server.rpc.timeout.min = 5s (custom)
2023-08-25 08:54:16,182 [8c499c0a-8bdd-4b02-9c6d-bb3555d01e53-groupManagement] INFO  server.RaftServerConfigKeys (ConfUtils.java:logGet(46)) - raft.server.rpc.timeout.max = 5200ms (custom)
2023-08-25 08:54:16,182 [8c499c0a-8bdd-4b02-9c6d-bb3555d01e53-groupManagement] INFO  server.RaftServerConfigKeys (ConfUtils.java:logGet(46)) - raft.server.rpc.sleep.time = 25ms (default)
2023-08-25 08:54:16,182 [8c499c0a-8bdd-4b02-9c6d-bb3555d01e53-groupManagement] INFO  server.RaftServerConfigKeys (ConfUtils.java:logGet(46)) - raft.server.rpc.slowness.timeout = 300s (custom)
2023-08-25 08:54:16,182 [8c499c0a-8bdd-4b02-9c6d-bb3555d01e53-groupManagement] INFO  server.RaftServerConfigKeys (ConfUtils.java:logGet(46)) - raft.server.leaderelection.leader.step-down.wait-time = 10s (default)
2023-08-25 08:54:16,182 [8c499c0a-8bdd-4b02-9c6d-bb3555d01e53-groupManagement] INFO  server.RaftServerConfigKeys (ConfUtils.java:logGet(46)) - raft.server.sleep.deviation.threshold = 300ms (default)
2023-08-25 08:54:16,182 [8c499c0a-8bdd-4b02-9c6d-bb3555d01e53-groupManagement] INFO  server.RaftServer$Division (ServerState.java:<init>(120)) - 8c499c0a-8bdd-4b02-9c6d-bb3555d01e53@group-703FB21ACDD3: ConfigurationManager, init=-1: peers:[8c499c0a-8bdd-4b02-9c6d-bb3555d01e53|rpc:10.1.0.19:15297|admin:10.1.0.19:15296|client:10.1.0.19:15295|dataStream:10.1.0.19:15298|priority:1|startupRole:FOLLOWER]|listeners:[], old=null, confs=<EMPTY_MAP>
2023-08-25 08:54:16,182 [8c499c0a-8bdd-4b02-9c6d-bb3555d01e53-groupManagement] INFO  server.RaftServerConfigKeys (ConfUtils.java:logGet(46)) - raft.server.storage.dir = [/home/runner/work/ozone/ozone/hadoop-ozone/integration-test/target/test-dir/MiniOzoneClusterImpl-e7e10417-51b4-42c5-96ae-91e23fec58ac/datanode-2/data/ratis] (custom)
2023-08-25 08:54:16,183 [8c499c0a-8bdd-4b02-9c6d-bb3555d01e53-groupManagement] INFO  server.RaftServerConfigKeys (ConfUtils.java:logGet(46)) - raft.server.log.corruption.policy = EXCEPTION (default)
2023-08-25 08:54:16,183 [8c499c0a-8bdd-4b02-9c6d-bb3555d01e53-groupManagement] INFO  server.RaftServerConfigKeys (ConfUtils.java:logGet(46)) - raft.server.storage.free-space.min = 0MB (=0) (default)
2023-08-25 08:54:16,183 [8c499c0a-8bdd-4b02-9c6d-bb3555d01e53-groupManagement] INFO  server.RaftServerConfigKeys (ConfUtils.java:logGet(46)) - raft.server.notification.no-leader.timeout = 300s (custom)
2023-08-25 08:54:16,183 [8c499c0a-8bdd-4b02-9c6d-bb3555d01e53-groupManagement] INFO  server.RaftServerConfigKeys (ConfUtils.java:logGet(46)) - raft.server.read.timeout = 10s (default)
2023-08-25 08:54:16,183 [8c499c0a-8bdd-4b02-9c6d-bb3555d01e53-groupManagement] INFO  server.RaftServerConfigKeys (ConfUtils.java:logGet(46)) - raft.server.retrycache.expirytime = 600000ms (custom)
2023-08-25 08:54:16,183 [8c499c0a-8bdd-4b02-9c6d-bb3555d01e53-groupManagement] INFO  server.RaftServerConfigKeys (ConfUtils.java:logGet(46)) - raft.server.retrycache.statistics.expirytime = 100μs (default)
2023-08-25 08:54:16,183 [8c499c0a-8bdd-4b02-9c6d-bb3555d01e53-groupManagement] INFO  server.RaftServerConfigKeys (ConfUtils.java:logGet(46)) - raft.server.read.option = DEFAULT (default)
2023-08-25 08:54:16,183 [8c499c0a-8bdd-4b02-9c6d-bb3555d01e53-groupManagement] INFO  server.RaftServerConfigKeys (ConfUtils.java:logGet(46)) - raft.server.rpc.request.timeout = 60s (custom)
2023-08-25 08:54:16,183 [8c499c0a-8bdd-4b02-9c6d-bb3555d01e53-groupManagement] INFO  server.RaftServerConfigKeys (ConfUtils.java:logGet(46)) - raft.server.log.appender.install.snapshot.enabled = false (custom)
2023-08-25 08:54:16,184 [8c499c0a-8bdd-4b02-9c6d-bb3555d01e53-groupManagement] INFO  server.RaftServerConfigKeys (ConfUtils.java:logGet(46)) - raft.server.threadpool.server.cached = true (default)
2023-08-25 08:54:16,184 [8c499c0a-8bdd-4b02-9c6d-bb3555d01e53-groupManagement] INFO  server.RaftServerConfigKeys (ConfUtils.java:logGet(46)) - raft.server.threadpool.server.size = 0 (default)
2023-08-25 08:54:16,184 [8c499c0a-8bdd-4b02-9c6d-bb3555d01e53-groupManagement] INFO  server.RaftServerConfigKeys (ConfUtils.java:logGet(46)) - raft.server.threadpool.client.cached = true (default)
2023-08-25 08:54:16,184 [8c499c0a-8bdd-4b02-9c6d-bb3555d01e53-groupManagement] INFO  server.RaftServerConfigKeys (ConfUtils.java:logGet(46)) - raft.server.threadpool.client.size = 0 (default)
2023-08-25 08:54:16,184 [8c499c0a-8bdd-4b02-9c6d-bb3555d01e53-groupManagement] INFO  storage.RaftStorageDirectory (RaftStorageDirectoryImpl.java:analyzeStorage(137)) - The storage directory /home/runner/work/ozone/ozone/hadoop-ozone/integration-test/target/test-dir/MiniOzoneClusterImpl-e7e10417-51b4-42c5-96ae-91e23fec58ac/datanode-2/data/ratis/54a51d35-56ed-4aca-be5f-703fb21acdd3 does not exist. Creating ...
2023-08-25 08:54:16,185 [8c499c0a-8bdd-4b02-9c6d-bb3555d01e53-groupManagement] INFO  storage.RaftStorageDirectory (RaftStorageDirectoryImpl.java:tryLock(231)) - Lock on /home/runner/work/ozone/ozone/hadoop-ozone/integration-test/target/test-dir/MiniOzoneClusterImpl-e7e10417-51b4-42c5-96ae-91e23fec58ac/datanode-2/data/ratis/54a51d35-56ed-4aca-be5f-703fb21acdd3/in_use.lock acquired by nodename 30217@fv-az584-689
2023-08-25 08:54:16,187 [8c499c0a-8bdd-4b02-9c6d-bb3555d01e53-groupManagement] INFO  storage.RaftStorage (RaftStorageImpl.java:format(96)) - Storage directory /home/runner/work/ozone/ozone/hadoop-ozone/integration-test/target/test-dir/MiniOzoneClusterImpl-e7e10417-51b4-42c5-96ae-91e23fec58ac/datanode-2/data/ratis/54a51d35-56ed-4aca-be5f-703fb21acdd3 has been successfully formatted.
2023-08-25 08:54:16,188 [8c499c0a-8bdd-4b02-9c6d-bb3555d01e53-groupManagement] INFO  ratis.ContainerStateMachine (ContainerStateMachine.java:loadSnapshot(262)) - group-703FB21ACDD3: The snapshot info is null. Setting the last applied indexto:(t:0, i:~)
2023-08-25 08:54:16,188 [8c499c0a-8bdd-4b02-9c6d-bb3555d01e53-groupManagement] INFO  server.RaftServerConfigKeys (ConfUtils.java:logGet(46)) - raft.server.log.use.memory = false (default)
2023-08-25 08:54:16,188 [8c499c0a-8bdd-4b02-9c6d-bb3555d01e53-groupManagement] INFO  server.RaftServerConfigKeys (ConfUtils.java:logGet(46)) - raft.server.log.purge.gap = 1000000 (custom)
2023-08-25 08:54:16,188 [8c499c0a-8bdd-4b02-9c6d-bb3555d01e53-groupManagement] INFO  server.RaftServerConfigKeys (ConfUtils.java:logGet(46)) - raft.server.log.appender.buffer.byte-limit = 33554432 (custom)
2023-08-25 08:54:16,188 [8c499c0a-8bdd-4b02-9c6d-bb3555d01e53-groupManagement] INFO  server.RaftServerConfigKeys (ConfUtils.java:logGet(46)) - raft.server.log.statemachine.data.read.timeout = 1000ms (default)
2023-08-25 08:54:16,188 [8c499c0a-8bdd-4b02-9c6d-bb3555d01e53-groupManagement] INFO  server.RaftServerConfigKeys (ConfUtils.java:logGet(46)) - raft.server.log.purge.preservation.log.num = 0 (default)
2023-08-25 08:54:16,189 [8c499c0a-8bdd-4b02-9c6d-bb3555d01e53-groupManagement] INFO  server.RaftServerConfigKeys (ConfUtils.java:logGet(46)) - raft.server.log.segment.size.max = 1048576 (custom)
2023-08-25 08:54:16,189 [8c499c0a-8bdd-4b02-9c6d-bb3555d01e53-groupManagement] INFO  server.RaftServerConfigKeys (ConfUtils.java:logGet(46)) - raft.server.log.segment.cache.num.max = 2 (custom)
2023-08-25 08:54:16,189 [EventQueue-PipelineReportForPipelineReportHandler] INFO  pipeline.PipelineReportHandler (PipelineReportHandler.java:processPipelineReport(136)) - Opened pipeline PipelineID=54a51d35-56ed-4aca-be5f-703fb21acdd3
2023-08-25 08:54:16,190 [8c499c0a-8bdd-4b02-9c6d-bb3555d01e53-groupManagement] INFO  server.RaftServerConfigKeys (ConfUtils.java:logGet(46)) - raft.server.log.segment.cache.size.max = 200MB (=209715200) (default)
2023-08-25 08:54:16,190 [EventQueue-OpenPipelineForHealthyPipelineSafeModeRule] INFO  safemode.SCMSafeModeManager (HealthyPipelineSafeModeRule.java:process(137)) - SCM in safe mode. Healthy pipelines reported count is 0, required healthy pipeline reported count is 1
2023-08-25 08:54:16,190 [8c499c0a-8bdd-4b02-9c6d-bb3555d01e53-groupManagement] INFO  server.RaftServerConfigKeys (ConfUtils.java:logGet(46)) - raft.server.log.appender.buffer.byte-limit = 33554432 (custom)
2023-08-25 08:54:16,190 [8c499c0a-8bdd-4b02-9c6d-bb3555d01e53-groupManagement] INFO  segmented.SegmentedRaftLogWorker (SegmentedRaftLogWorker.java:<init>(188)) - new 8c499c0a-8bdd-4b02-9c6d-bb3555d01e53@group-703FB21ACDD3-SegmentedRaftLogWorker for RaftStorageImpl:Storage Directory /home/runner/work/ozone/ozone/hadoop-ozone/integration-test/target/test-dir/MiniOzoneClusterImpl-e7e10417-51b4-42c5-96ae-91e23fec58ac/datanode-2/data/ratis/54a51d35-56ed-4aca-be5f-703fb21acdd3
2023-08-25 08:54:16,190 [8c499c0a-8bdd-4b02-9c6d-bb3555d01e53-groupManagement] INFO  server.RaftServerConfigKeys (ConfUtils.java:logGet(46)) - raft.server.log.queue.byte-limit = 4294967296 (custom)
2023-08-25 08:54:16,190 [8c499c0a-8bdd-4b02-9c6d-bb3555d01e53-groupManagement] INFO  server.RaftServerConfigKeys (ConfUtils.java:logGet(46)) - raft.server.log.queue.element-limit = 1024 (custom)
2023-08-25 08:54:16,190 [8c499c0a-8bdd-4b02-9c6d-bb3555d01e53-groupManagement] INFO  server.RaftServerConfigKeys (ConfUtils.java:logGet(46)) - raft.server.log.segment.size.max = 1048576 (custom)
2023-08-25 08:54:16,190 [8c499c0a-8bdd-4b02-9c6d-bb3555d01e53-groupManagement] INFO  server.RaftServerConfigKeys (ConfUtils.java:logGet(46)) - raft.server.log.preallocated.size = 16384 (custom)
2023-08-25 08:54:16,190 [8c499c0a-8bdd-4b02-9c6d-bb3555d01e53-groupManagement] INFO  server.RaftServerConfigKeys (ConfUtils.java:logGet(46)) - raft.server.log.force.sync.num = 128 (default)
2023-08-25 08:54:16,190 [8c499c0a-8bdd-4b02-9c6d-bb3555d01e53-groupManagement] INFO  server.RaftServerConfigKeys (ConfUtils.java:logGet(46)) - raft.server.log.statemachine.data.sync = true (default)
2023-08-25 08:54:16,190 [8c499c0a-8bdd-4b02-9c6d-bb3555d01e53-groupManagement] INFO  server.RaftServerConfigKeys (ConfUtils.java:logGet(46)) - raft.server.log.statemachine.data.sync.timeout = 10s (default)
2023-08-25 08:54:16,190 [8c499c0a-8bdd-4b02-9c6d-bb3555d01e53-groupManagement] INFO  server.RaftServerConfigKeys (ConfUtils.java:logGet(46)) - raft.server.log.statemachine.data.sync.timeout.retry = -1 (default)
2023-08-25 08:54:16,191 [8c499c0a-8bdd-4b02-9c6d-bb3555d01e53-groupManagement] INFO  server.RaftServerConfigKeys (ConfUtils.java:logGet(46)) - raft.server.log.write.buffer.size = 1048576 (custom)
2023-08-25 08:54:16,191 [8c499c0a-8bdd-4b02-9c6d-bb3555d01e53-groupManagement] INFO  server.RaftServerConfigKeys (ConfUtils.java:logGet(46)) - raft.server.log.appender.buffer.byte-limit = 33554432 (custom)
2023-08-25 08:54:16,198 [8c499c0a-8bdd-4b02-9c6d-bb3555d01e53-groupManagement] INFO  server.RaftServerConfigKeys (ConfUtils.java:logGet(46)) - raft.server.log.unsafe-flush.enabled = false (default)
2023-08-25 08:54:16,198 [8c499c0a-8bdd-4b02-9c6d-bb3555d01e53-groupManagement] INFO  server.RaftServerConfigKeys (ConfUtils.java:logGet(46)) - raft.server.log.async-flush.enabled = false (default)
2023-08-25 08:54:16,198 [8c499c0a-8bdd-4b02-9c6d-bb3555d01e53-groupManagement] INFO  server.RaftServerConfigKeys (ConfUtils.java:logGet(46)) - raft.server.log.statemachine.data.caching.enabled = true (custom)
2023-08-25 08:54:16,198 [8c499c0a-8bdd-4b02-9c6d-bb3555d01e53-groupManagement] INFO  segmented.SegmentedRaftLogWorker (SegmentedRaftLogWorker.java:lambda$new$0(135)) - 8c499c0a-8bdd-4b02-9c6d-bb3555d01e53@group-703FB21ACDD3-SegmentedRaftLogWorker: flushIndex: setUnconditionally 0 -> -1
2023-08-25 08:54:16,198 [8c499c0a-8bdd-4b02-9c6d-bb3555d01e53-groupManagement] INFO  segmented.SegmentedRaftLogWorker (SegmentedRaftLogWorker.java:lambda$new$0(135)) - 8c499c0a-8bdd-4b02-9c6d-bb3555d01e53@group-703FB21ACDD3-SegmentedRaftLogWorker: safeCacheEvictIndex: setUnconditionally 0 -> -1
2023-08-25 08:54:16,199 [8c499c0a-8bdd-4b02-9c6d-bb3555d01e53-groupManagement] INFO  server.RaftServer$Division (RaftServerImpl.java:start(342)) - 8c499c0a-8bdd-4b02-9c6d-bb3555d01e53@group-703FB21ACDD3: start as a follower, conf=-1: peers:[8c499c0a-8bdd-4b02-9c6d-bb3555d01e53|rpc:10.1.0.19:15297|admin:10.1.0.19:15296|client:10.1.0.19:15295|dataStream:10.1.0.19:15298|priority:1|startupRole:FOLLOWER]|listeners:[], old=null
2023-08-25 08:54:16,199 [8c499c0a-8bdd-4b02-9c6d-bb3555d01e53-groupManagement] INFO  server.RaftServer$Division (RaftServerImpl.java:setRole(329)) - 8c499c0a-8bdd-4b02-9c6d-bb3555d01e53@group-703FB21ACDD3: changes role from      null to FOLLOWER at term 0 for startAsFollower
2023-08-25 08:54:16,199 [8c499c0a-8bdd-4b02-9c6d-bb3555d01e53-groupManagement] INFO  impl.RoleInfo (RoleInfo.java:updateAndGet(139)) - 8c499c0a-8bdd-4b02-9c6d-bb3555d01e53: start 8c499c0a-8bdd-4b02-9c6d-bb3555d01e53@group-703FB21ACDD3-FollowerState
2023-08-25 08:54:16,199 [8c499c0a-8bdd-4b02-9c6d-bb3555d01e53-groupManagement] INFO  util.JmxRegister (JmxRegister.java:tryRegister(44)) - Successfully registered JMX Bean with object name Ratis:service=RaftServer,group=group-703FB21ACDD3,id=8c499c0a-8bdd-4b02-9c6d-bb3555d01e53
2023-08-25 08:54:16,199 [8c499c0a-8bdd-4b02-9c6d-bb3555d01e53@group-703FB21ACDD3-FollowerState] INFO  server.RaftServerConfigKeys (ConfUtils.java:logFallback(53)) - raft.server.rpc.first-election.timeout.min = 5s (fallback to raft.server.rpc.timeout.min)
2023-08-25 08:54:16,199 [8c499c0a-8bdd-4b02-9c6d-bb3555d01e53-groupManagement] INFO  server.RaftServerConfigKeys (ConfUtils.java:logGet(46)) - raft.server.snapshot.auto.trigger.enabled = true (custom)
2023-08-25 08:54:16,199 [8c499c0a-8bdd-4b02-9c6d-bb3555d01e53@group-703FB21ACDD3-FollowerState] INFO  server.RaftServerConfigKeys (ConfUtils.java:logFallback(53)) - raft.server.rpc.first-election.timeout.max = 5200ms (fallback to raft.server.rpc.timeout.max)
2023-08-25 08:54:16,199 [8c499c0a-8bdd-4b02-9c6d-bb3555d01e53-groupManagement] INFO  server.RaftServerConfigKeys (ConfUtils.java:logGet(46)) - raft.server.snapshot.auto.trigger.threshold = 10000 (custom)
2023-08-25 08:54:16,199 [8c499c0a-8bdd-4b02-9c6d-bb3555d01e53-groupManagement] INFO  server.RaftServerConfigKeys (ConfUtils.java:logGet(46)) - raft.server.snapshot.retention.file.num = 5 (custom)
2023-08-25 08:54:16,199 [8c499c0a-8bdd-4b02-9c6d-bb3555d01e53-groupManagement] INFO  server.RaftServerConfigKeys (ConfUtils.java:logGet(46)) - raft.server.log.purge.upto.snapshot.index = false (default)
2023-08-25 08:54:16,200 [PipelineCommandHandlerThread-0] INFO  ratis.XceiverServerRatis (XceiverServerRatis.java:addGroup(804)) - Created group PipelineID=54a51d35-56ed-4aca-be5f-703fb21acdd3
2023-08-25 08:54:16,200 [PipelineCommandHandlerThread-0] INFO  commandhandler.CreatePipelineCommandHandler (CreatePipelineCommandHandler.java:lambda$handle$2(124)) - Created Pipeline RATIS ONE PipelineID=54a51d35-56ed-4aca-be5f-703fb21acdd3.
2023-08-25 08:54:16,544 [PipelineCommandHandlerThread-0] INFO  server.RaftServer (RaftServerProxy.java:addNew(98)) - c232c302-4b44-4a08-8d69-5010a6de413a: addNew group-ACE5127591C6:[c232c302-4b44-4a08-8d69-5010a6de413a|rpc:10.1.0.19:15306|admin:10.1.0.19:15305|client:10.1.0.19:15304|dataStream:10.1.0.19:15307|priority:1|startupRole:FOLLOWER] returns group-ACE5127591C6:java.util.concurrent.CompletableFuture@7792a74[Not completed]
2023-08-25 08:54:16,545 [c232c302-4b44-4a08-8d69-5010a6de413a-groupManagement] INFO  server.RaftServer$Division (RaftServerImpl.java:<init>(198)) - c232c302-4b44-4a08-8d69-5010a6de413a: new RaftServerImpl for group-ACE5127591C6:[c232c302-4b44-4a08-8d69-5010a6de413a|rpc:10.1.0.19:15306|admin:10.1.0.19:15305|client:10.1.0.19:15304|dataStream:10.1.0.19:15307|priority:1|startupRole:FOLLOWER] with ContainerStateMachine:uninitialized
2023-08-25 08:54:16,546 [c232c302-4b44-4a08-8d69-5010a6de413a-groupManagement] INFO  server.RaftServerConfigKeys (ConfUtils.java:logGet(46)) - raft.server.rpc.timeout.min = 5s (custom)
2023-08-25 08:54:16,546 [c232c302-4b44-4a08-8d69-5010a6de413a-groupManagement] INFO  server.RaftServerConfigKeys (ConfUtils.java:logGet(46)) - raft.server.rpc.timeout.max = 5200ms (custom)
2023-08-25 08:54:16,546 [c232c302-4b44-4a08-8d69-5010a6de413a-groupManagement] INFO  server.RaftServerConfigKeys (ConfUtils.java:logGet(46)) - raft.server.rpc.sleep.time = 25ms (default)
2023-08-25 08:54:16,546 [c232c302-4b44-4a08-8d69-5010a6de413a-groupManagement] INFO  server.RaftServerConfigKeys (ConfUtils.java:logGet(46)) - raft.server.rpc.slowness.timeout = 300s (custom)
2023-08-25 08:54:16,546 [c232c302-4b44-4a08-8d69-5010a6de413a-groupManagement] INFO  server.RaftServerConfigKeys (ConfUtils.java:logGet(46)) - raft.server.leaderelection.leader.step-down.wait-time = 10s (default)
2023-08-25 08:54:16,546 [c232c302-4b44-4a08-8d69-5010a6de413a-groupManagement] INFO  server.RaftServerConfigKeys (ConfUtils.java:logGet(46)) - raft.server.sleep.deviation.threshold = 300ms (default)
2023-08-25 08:54:16,546 [c232c302-4b44-4a08-8d69-5010a6de413a-groupManagement] INFO  server.RaftServer$Division (ServerState.java:<init>(120)) - c232c302-4b44-4a08-8d69-5010a6de413a@group-ACE5127591C6: ConfigurationManager, init=-1: peers:[c232c302-4b44-4a08-8d69-5010a6de413a|rpc:10.1.0.19:15306|admin:10.1.0.19:15305|client:10.1.0.19:15304|dataStream:10.1.0.19:15307|priority:1|startupRole:FOLLOWER]|listeners:[], old=null, confs=<EMPTY_MAP>
2023-08-25 08:54:16,546 [c232c302-4b44-4a08-8d69-5010a6de413a-groupManagement] INFO  server.RaftServerConfigKeys (ConfUtils.java:logGet(46)) - raft.server.storage.dir = [/home/runner/work/ozone/ozone/hadoop-ozone/integration-test/target/test-dir/MiniOzoneClusterImpl-e7e10417-51b4-42c5-96ae-91e23fec58ac/datanode-3/data/ratis] (custom)
2023-08-25 08:54:16,546 [c232c302-4b44-4a08-8d69-5010a6de413a-groupManagement] INFO  server.RaftServerConfigKeys (ConfUtils.java:logGet(46)) - raft.server.log.corruption.policy = EXCEPTION (default)
2023-08-25 08:54:16,546 [c232c302-4b44-4a08-8d69-5010a6de413a-groupManagement] INFO  server.RaftServerConfigKeys (ConfUtils.java:logGet(46)) - raft.server.storage.free-space.min = 0MB (=0) (default)
2023-08-25 08:54:16,546 [c232c302-4b44-4a08-8d69-5010a6de413a-groupManagement] INFO  server.RaftServerConfigKeys (ConfUtils.java:logGet(46)) - raft.server.notification.no-leader.timeout = 300s (custom)
2023-08-25 08:54:16,546 [c232c302-4b44-4a08-8d69-5010a6de413a-groupManagement] INFO  server.RaftServerConfigKeys (ConfUtils.java:logGet(46)) - raft.server.read.timeout = 10s (default)
2023-08-25 08:54:16,546 [c232c302-4b44-4a08-8d69-5010a6de413a-groupManagement] INFO  server.RaftServerConfigKeys (ConfUtils.java:logGet(46)) - raft.server.retrycache.expirytime = 600000ms (custom)
2023-08-25 08:54:16,546 [c232c302-4b44-4a08-8d69-5010a6de413a-groupManagement] INFO  server.RaftServerConfigKeys (ConfUtils.java:logGet(46)) - raft.server.retrycache.statistics.expirytime = 100μs (default)
2023-08-25 08:54:16,547 [c232c302-4b44-4a08-8d69-5010a6de413a-groupManagement] INFO  server.RaftServerConfigKeys (ConfUtils.java:logGet(46)) - raft.server.read.option = DEFAULT (default)
2023-08-25 08:54:16,547 [c232c302-4b44-4a08-8d69-5010a6de413a-groupManagement] INFO  server.RaftServerConfigKeys (ConfUtils.java:logGet(46)) - raft.server.rpc.request.timeout = 60s (custom)
2023-08-25 08:54:16,547 [c232c302-4b44-4a08-8d69-5010a6de413a-groupManagement] INFO  server.RaftServerConfigKeys (ConfUtils.java:logGet(46)) - raft.server.log.appender.install.snapshot.enabled = false (custom)
2023-08-25 08:54:16,547 [c232c302-4b44-4a08-8d69-5010a6de413a-groupManagement] INFO  server.RaftServerConfigKeys (ConfUtils.java:logGet(46)) - raft.server.threadpool.server.cached = true (default)
2023-08-25 08:54:16,547 [c232c302-4b44-4a08-8d69-5010a6de413a-groupManagement] INFO  server.RaftServerConfigKeys (ConfUtils.java:logGet(46)) - raft.server.threadpool.server.size = 0 (default)
2023-08-25 08:54:16,547 [c232c302-4b44-4a08-8d69-5010a6de413a-groupManagement] INFO  server.RaftServerConfigKeys (ConfUtils.java:logGet(46)) - raft.server.threadpool.client.cached = true (default)
2023-08-25 08:54:16,548 [c232c302-4b44-4a08-8d69-5010a6de413a-groupManagement] INFO  server.RaftServerConfigKeys (ConfUtils.java:logGet(46)) - raft.server.threadpool.client.size = 0 (default)
2023-08-25 08:54:16,548 [c232c302-4b44-4a08-8d69-5010a6de413a-groupManagement] INFO  storage.RaftStorageDirectory (RaftStorageDirectoryImpl.java:analyzeStorage(137)) - The storage directory /home/runner/work/ozone/ozone/hadoop-ozone/integration-test/target/test-dir/MiniOzoneClusterImpl-e7e10417-51b4-42c5-96ae-91e23fec58ac/datanode-3/data/ratis/27723df0-f849-46c1-951c-ace5127591c6 does not exist. Creating ...
2023-08-25 08:54:16,549 [c232c302-4b44-4a08-8d69-5010a6de413a-groupManagement] INFO  storage.RaftStorageDirectory (RaftStorageDirectoryImpl.java:tryLock(231)) - Lock on /home/runner/work/ozone/ozone/hadoop-ozone/integration-test/target/test-dir/MiniOzoneClusterImpl-e7e10417-51b4-42c5-96ae-91e23fec58ac/datanode-3/data/ratis/27723df0-f849-46c1-951c-ace5127591c6/in_use.lock acquired by nodename 30217@fv-az584-689
2023-08-25 08:54:16,553 [c232c302-4b44-4a08-8d69-5010a6de413a-groupManagement] INFO  storage.RaftStorage (RaftStorageImpl.java:format(96)) - Storage directory /home/runner/work/ozone/ozone/hadoop-ozone/integration-test/target/test-dir/MiniOzoneClusterImpl-e7e10417-51b4-42c5-96ae-91e23fec58ac/datanode-3/data/ratis/27723df0-f849-46c1-951c-ace5127591c6 has been successfully formatted.
2023-08-25 08:54:16,556 [c232c302-4b44-4a08-8d69-5010a6de413a-groupManagement] INFO  ratis.ContainerStateMachine (ContainerStateMachine.java:loadSnapshot(262)) - group-ACE5127591C6: The snapshot info is null. Setting the last applied indexto:(t:0, i:~)
2023-08-25 08:54:16,556 [c232c302-4b44-4a08-8d69-5010a6de413a-groupManagement] INFO  server.RaftServerConfigKeys (ConfUtils.java:logGet(46)) - raft.server.log.use.memory = false (default)
2023-08-25 08:54:16,556 [c232c302-4b44-4a08-8d69-5010a6de413a-groupManagement] INFO  server.RaftServerConfigKeys (ConfUtils.java:logGet(46)) - raft.server.log.purge.gap = 1000000 (custom)
2023-08-25 08:54:16,556 [c232c302-4b44-4a08-8d69-5010a6de413a-groupManagement] INFO  server.RaftServerConfigKeys (ConfUtils.java:logGet(46)) - raft.server.log.appender.buffer.byte-limit = 33554432 (custom)
2023-08-25 08:54:16,557 [c232c302-4b44-4a08-8d69-5010a6de413a-groupManagement] INFO  server.RaftServerConfigKeys (ConfUtils.java:logGet(46)) - raft.server.log.statemachine.data.read.timeout = 1000ms (default)
2023-08-25 08:54:16,557 [c232c302-4b44-4a08-8d69-5010a6de413a-groupManagement] INFO  server.RaftServerConfigKeys (ConfUtils.java:logGet(46)) - raft.server.log.purge.preservation.log.num = 0 (default)
2023-08-25 08:54:16,557 [c232c302-4b44-4a08-8d69-5010a6de413a-groupManagement] INFO  server.RaftServerConfigKeys (ConfUtils.java:logGet(46)) - raft.server.log.segment.size.max = 1048576 (custom)
2023-08-25 08:54:16,557 [c232c302-4b44-4a08-8d69-5010a6de413a-groupManagement] INFO  server.RaftServerConfigKeys (ConfUtils.java:logGet(46)) - raft.server.log.segment.cache.num.max = 2 (custom)
2023-08-25 08:54:16,557 [c232c302-4b44-4a08-8d69-5010a6de413a-groupManagement] INFO  server.RaftServerConfigKeys (ConfUtils.java:logGet(46)) - raft.server.log.segment.cache.size.max = 200MB (=209715200) (default)
2023-08-25 08:54:16,557 [c232c302-4b44-4a08-8d69-5010a6de413a-groupManagement] INFO  server.RaftServerConfigKeys (ConfUtils.java:logGet(46)) - raft.server.log.appender.buffer.byte-limit = 33554432 (custom)
2023-08-25 08:54:16,557 [c232c302-4b44-4a08-8d69-5010a6de413a-groupManagement] INFO  segmented.SegmentedRaftLogWorker (SegmentedRaftLogWorker.java:<init>(188)) - new c232c302-4b44-4a08-8d69-5010a6de413a@group-ACE5127591C6-SegmentedRaftLogWorker for RaftStorageImpl:Storage Directory /home/runner/work/ozone/ozone/hadoop-ozone/integration-test/target/test-dir/MiniOzoneClusterImpl-e7e10417-51b4-42c5-96ae-91e23fec58ac/datanode-3/data/ratis/27723df0-f849-46c1-951c-ace5127591c6
2023-08-25 08:54:16,558 [EventQueue-PipelineReportForPipelineReportHandler] INFO  pipeline.PipelineReportHandler (PipelineReportHandler.java:processPipelineReport(136)) - Opened pipeline PipelineID=27723df0-f849-46c1-951c-ace5127591c6
2023-08-25 08:54:16,558 [EventQueue-OpenPipelineForHealthyPipelineSafeModeRule] INFO  safemode.SCMSafeModeManager (HealthyPipelineSafeModeRule.java:process(137)) - SCM in safe mode. Healthy pipelines reported count is 0, required healthy pipeline reported count is 1
2023-08-25 08:54:16,558 [c232c302-4b44-4a08-8d69-5010a6de413a-groupManagement] INFO  server.RaftServerConfigKeys (ConfUtils.java:logGet(46)) - raft.server.log.queue.byte-limit = 4294967296 (custom)
2023-08-25 08:54:16,559 [c232c302-4b44-4a08-8d69-5010a6de413a-groupManagement] INFO  server.RaftServerConfigKeys (ConfUtils.java:logGet(46)) - raft.server.log.queue.element-limit = 1024 (custom)
2023-08-25 08:54:16,559 [c232c302-4b44-4a08-8d69-5010a6de413a-groupManagement] INFO  server.RaftServerConfigKeys (ConfUtils.java:logGet(46)) - raft.server.log.segment.size.max = 1048576 (custom)
2023-08-25 08:54:16,559 [c232c302-4b44-4a08-8d69-5010a6de413a-groupManagement] INFO  server.RaftServerConfigKeys (ConfUtils.java:logGet(46)) - raft.server.log.preallocated.size = 16384 (custom)
2023-08-25 08:54:16,559 [c232c302-4b44-4a08-8d69-5010a6de413a-groupManagement] INFO  server.RaftServerConfigKeys (ConfUtils.java:logGet(46)) - raft.server.log.force.sync.num = 128 (default)
2023-08-25 08:54:16,559 [c232c302-4b44-4a08-8d69-5010a6de413a-groupManagement] INFO  server.RaftServerConfigKeys (ConfUtils.java:logGet(46)) - raft.server.log.statemachine.data.sync = true (default)
2023-08-25 08:54:16,559 [c232c302-4b44-4a08-8d69-5010a6de413a-groupManagement] INFO  server.RaftServerConfigKeys (ConfUtils.java:logGet(46)) - raft.server.log.statemachine.data.sync.timeout = 10s (default)
2023-08-25 08:54:16,559 [c232c302-4b44-4a08-8d69-5010a6de413a-groupManagement] INFO  server.RaftServerConfigKeys (ConfUtils.java:logGet(46)) - raft.server.log.statemachine.data.sync.timeout.retry = -1 (default)
2023-08-25 08:54:16,559 [c232c302-4b44-4a08-8d69-5010a6de413a-groupManagement] INFO  server.RaftServerConfigKeys (ConfUtils.java:logGet(46)) - raft.server.log.write.buffer.size = 1048576 (custom)
2023-08-25 08:54:16,560 [c232c302-4b44-4a08-8d69-5010a6de413a-groupManagement] INFO  server.RaftServerConfigKeys (ConfUtils.java:logGet(46)) - raft.server.log.appender.buffer.byte-limit = 33554432 (custom)
2023-08-25 08:54:16,566 [c232c302-4b44-4a08-8d69-5010a6de413a-groupManagement] INFO  server.RaftServerConfigKeys (ConfUtils.java:logGet(46)) - raft.server.log.unsafe-flush.enabled = false (default)
2023-08-25 08:54:16,566 [c232c302-4b44-4a08-8d69-5010a6de413a-groupManagement] INFO  server.RaftServerConfigKeys (ConfUtils.java:logGet(46)) - raft.server.log.async-flush.enabled = false (default)
2023-08-25 08:54:16,566 [c232c302-4b44-4a08-8d69-5010a6de413a-groupManagement] INFO  server.RaftServerConfigKeys (ConfUtils.java:logGet(46)) - raft.server.log.statemachine.data.caching.enabled = true (custom)
2023-08-25 08:54:16,566 [c232c302-4b44-4a08-8d69-5010a6de413a-groupManagement] INFO  segmented.SegmentedRaftLogWorker (SegmentedRaftLogWorker.java:lambda$new$0(135)) - c232c302-4b44-4a08-8d69-5010a6de413a@group-ACE5127591C6-SegmentedRaftLogWorker: flushIndex: setUnconditionally 0 -> -1
2023-08-25 08:54:16,566 [c232c302-4b44-4a08-8d69-5010a6de413a-groupManagement] INFO  segmented.SegmentedRaftLogWorker (SegmentedRaftLogWorker.java:lambda$new$0(135)) - c232c302-4b44-4a08-8d69-5010a6de413a@group-ACE5127591C6-SegmentedRaftLogWorker: safeCacheEvictIndex: setUnconditionally 0 -> -1
2023-08-25 08:54:16,566 [c232c302-4b44-4a08-8d69-5010a6de413a-groupManagement] INFO  server.RaftServer$Division (RaftServerImpl.java:start(342)) - c232c302-4b44-4a08-8d69-5010a6de413a@group-ACE5127591C6: start as a follower, conf=-1: peers:[c232c302-4b44-4a08-8d69-5010a6de413a|rpc:10.1.0.19:15306|admin:10.1.0.19:15305|client:10.1.0.19:15304|dataStream:10.1.0.19:15307|priority:1|startupRole:FOLLOWER]|listeners:[], old=null
2023-08-25 08:54:16,566 [c232c302-4b44-4a08-8d69-5010a6de413a-groupManagement] INFO  server.RaftServer$Division (RaftServerImpl.java:setRole(329)) - c232c302-4b44-4a08-8d69-5010a6de413a@group-ACE5127591C6: changes role from      null to FOLLOWER at term 0 for startAsFollower
2023-08-25 08:54:16,566 [c232c302-4b44-4a08-8d69-5010a6de413a-groupManagement] INFO  impl.RoleInfo (RoleInfo.java:updateAndGet(139)) - c232c302-4b44-4a08-8d69-5010a6de413a: start c232c302-4b44-4a08-8d69-5010a6de413a@group-ACE5127591C6-FollowerState
2023-08-25 08:54:16,567 [c232c302-4b44-4a08-8d69-5010a6de413a-groupManagement] INFO  util.JmxRegister (JmxRegister.java:tryRegister(44)) - Successfully registered JMX Bean with object name Ratis:service=RaftServer,group=group-ACE5127591C6,id=c232c302-4b44-4a08-8d69-5010a6de413a
2023-08-25 08:54:16,567 [c232c302-4b44-4a08-8d69-5010a6de413a-groupManagement] INFO  server.RaftServerConfigKeys (ConfUtils.java:logGet(46)) - raft.server.snapshot.auto.trigger.enabled = true (custom)
2023-08-25 08:54:16,567 [c232c302-4b44-4a08-8d69-5010a6de413a-groupManagement] INFO  server.RaftServerConfigKeys (ConfUtils.java:logGet(46)) - raft.server.snapshot.auto.trigger.threshold = 10000 (custom)
2023-08-25 08:54:16,567 [c232c302-4b44-4a08-8d69-5010a6de413a-groupManagement] INFO  server.RaftServerConfigKeys (ConfUtils.java:logGet(46)) - raft.server.snapshot.retention.file.num = 5 (custom)
2023-08-25 08:54:16,567 [c232c302-4b44-4a08-8d69-5010a6de413a-groupManagement] INFO  server.RaftServerConfigKeys (ConfUtils.java:logGet(46)) - raft.server.log.purge.upto.snapshot.index = false (default)
2023-08-25 08:54:16,567 [c232c302-4b44-4a08-8d69-5010a6de413a@group-ACE5127591C6-FollowerState] INFO  server.RaftServerConfigKeys (ConfUtils.java:logFallback(53)) - raft.server.rpc.first-election.timeout.min = 5s (fallback to raft.server.rpc.timeout.min)
2023-08-25 08:54:16,567 [c232c302-4b44-4a08-8d69-5010a6de413a@group-ACE5127591C6-FollowerState] INFO  server.RaftServerConfigKeys (ConfUtils.java:logFallback(53)) - raft.server.rpc.first-election.timeout.max = 5200ms (fallback to raft.server.rpc.timeout.max)
2023-08-25 08:54:16,568 [PipelineCommandHandlerThread-0] INFO  ratis.XceiverServerRatis (XceiverServerRatis.java:addGroup(804)) - Created group PipelineID=27723df0-f849-46c1-951c-ace5127591c6
2023-08-25 08:54:16,568 [PipelineCommandHandlerThread-0] INFO  commandhandler.CreatePipelineCommandHandler (CreatePipelineCommandHandler.java:lambda$handle$2(124)) - Created Pipeline RATIS ONE PipelineID=27723df0-f849-46c1-951c-ace5127591c6.
2023-08-25 08:54:16,884 [Time-limited test] INFO  ozone.MiniOzoneClusterImpl (MiniOzoneClusterImpl.java:lambda$waitForClusterToBeReady$0(224)) - Nodes are ready. Got 5 of 5 DN Heartbeats.
2023-08-25 08:54:16,885 [Time-limited test] INFO  ozone.MiniOzoneClusterImpl (MiniOzoneClusterImpl.java:lambda$waitForClusterToBeReady$0(227)) - Waiting for cluster to exit safe mode
2023-08-25 08:54:16,885 [Time-limited test] INFO  ozone.MiniOzoneClusterImpl (MiniOzoneClusterImpl.java:lambda$waitForClusterToBeReady$0(229)) - SCM became leader
2023-08-25 08:54:16,890 [PipelineCommandHandlerThread-0] INFO  server.RaftServer (RaftServerProxy.java:addNew(98)) - 24b07fc1-f78a-4d5b-922d-a3de9c19b3d1: addNew group-5BE05364F447:[24b07fc1-f78a-4d5b-922d-a3de9c19b3d1|rpc:10.1.0.19:15315|admin:10.1.0.19:15314|client:10.1.0.19:15313|dataStream:10.1.0.19:15316|priority:1|startupRole:FOLLOWER] returns group-5BE05364F447:java.util.concurrent.CompletableFuture@729aea86[Not completed]
2023-08-25 08:54:16,891 [24b07fc1-f78a-4d5b-922d-a3de9c19b3d1-groupManagement] INFO  server.RaftServer$Division (RaftServerImpl.java:<init>(198)) - 24b07fc1-f78a-4d5b-922d-a3de9c19b3d1: new RaftServerImpl for group-5BE05364F447:[24b07fc1-f78a-4d5b-922d-a3de9c19b3d1|rpc:10.1.0.19:15315|admin:10.1.0.19:15314|client:10.1.0.19:15313|dataStream:10.1.0.19:15316|priority:1|startupRole:FOLLOWER] with ContainerStateMachine:uninitialized
2023-08-25 08:54:16,891 [24b07fc1-f78a-4d5b-922d-a3de9c19b3d1-groupManagement] INFO  server.RaftServerConfigKeys (ConfUtils.java:logGet(46)) - raft.server.rpc.timeout.min = 5s (custom)
2023-08-25 08:54:16,891 [24b07fc1-f78a-4d5b-922d-a3de9c19b3d1-groupManagement] INFO  server.RaftServerConfigKeys (ConfUtils.java:logGet(46)) - raft.server.rpc.timeout.max = 5200ms (custom)
2023-08-25 08:54:16,891 [24b07fc1-f78a-4d5b-922d-a3de9c19b3d1-groupManagement] INFO  server.RaftServerConfigKeys (ConfUtils.java:logGet(46)) - raft.server.rpc.sleep.time = 25ms (default)
2023-08-25 08:54:16,891 [24b07fc1-f78a-4d5b-922d-a3de9c19b3d1-groupManagement] INFO  server.RaftServerConfigKeys (ConfUtils.java:logGet(46)) - raft.server.rpc.slowness.timeout = 300s (custom)
2023-08-25 08:54:16,891 [24b07fc1-f78a-4d5b-922d-a3de9c19b3d1-groupManagement] INFO  server.RaftServerConfigKeys (ConfUtils.java:logGet(46)) - raft.server.leaderelection.leader.step-down.wait-time = 10s (default)
2023-08-25 08:54:16,891 [24b07fc1-f78a-4d5b-922d-a3de9c19b3d1-groupManagement] INFO  server.RaftServerConfigKeys (ConfUtils.java:logGet(46)) - raft.server.sleep.deviation.threshold = 300ms (default)
2023-08-25 08:54:16,892 [24b07fc1-f78a-4d5b-922d-a3de9c19b3d1-groupManagement] INFO  server.RaftServer$Division (ServerState.java:<init>(120)) - 24b07fc1-f78a-4d5b-922d-a3de9c19b3d1@group-5BE05364F447: ConfigurationManager, init=-1: peers:[24b07fc1-f78a-4d5b-922d-a3de9c19b3d1|rpc:10.1.0.19:15315|admin:10.1.0.19:15314|client:10.1.0.19:15313|dataStream:10.1.0.19:15316|priority:1|startupRole:FOLLOWER]|listeners:[], old=null, confs=<EMPTY_MAP>
2023-08-25 08:54:16,892 [24b07fc1-f78a-4d5b-922d-a3de9c19b3d1-groupManagement] INFO  server.RaftServerConfigKeys (ConfUtils.java:logGet(46)) - raft.server.storage.dir = [/home/runner/work/ozone/ozone/hadoop-ozone/integration-test/target/test-dir/MiniOzoneClusterImpl-e7e10417-51b4-42c5-96ae-91e23fec58ac/datanode-4/data/ratis] (custom)
2023-08-25 08:54:16,892 [24b07fc1-f78a-4d5b-922d-a3de9c19b3d1-groupManagement] INFO  server.RaftServerConfigKeys (ConfUtils.java:logGet(46)) - raft.server.log.corruption.policy = EXCEPTION (default)
2023-08-25 08:54:16,892 [24b07fc1-f78a-4d5b-922d-a3de9c19b3d1-groupManagement] INFO  server.RaftServerConfigKeys (ConfUtils.java:logGet(46)) - raft.server.storage.free-space.min = 0MB (=0) (default)
2023-08-25 08:54:16,892 [24b07fc1-f78a-4d5b-922d-a3de9c19b3d1-groupManagement] INFO  server.RaftServerConfigKeys (ConfUtils.java:logGet(46)) - raft.server.notification.no-leader.timeout = 300s (custom)
2023-08-25 08:54:16,892 [24b07fc1-f78a-4d5b-922d-a3de9c19b3d1-groupManagement] INFO  server.RaftServerConfigKeys (ConfUtils.java:logGet(46)) - raft.server.read.timeout = 10s (default)
2023-08-25 08:54:16,892 [24b07fc1-f78a-4d5b-922d-a3de9c19b3d1-groupManagement] INFO  server.RaftServerConfigKeys (ConfUtils.java:logGet(46)) - raft.server.retrycache.expirytime = 600000ms (custom)
2023-08-25 08:54:16,892 [24b07fc1-f78a-4d5b-922d-a3de9c19b3d1-groupManagement] INFO  server.RaftServerConfigKeys (ConfUtils.java:logGet(46)) - raft.server.retrycache.statistics.expirytime = 100μs (default)
2023-08-25 08:54:16,892 [24b07fc1-f78a-4d5b-922d-a3de9c19b3d1-groupManagement] INFO  server.RaftServerConfigKeys (ConfUtils.java:logGet(46)) - raft.server.read.option = DEFAULT (default)
2023-08-25 08:54:16,893 [24b07fc1-f78a-4d5b-922d-a3de9c19b3d1-groupManagement] INFO  server.RaftServerConfigKeys (ConfUtils.java:logGet(46)) - raft.server.rpc.request.timeout = 60s (custom)
2023-08-25 08:54:16,893 [24b07fc1-f78a-4d5b-922d-a3de9c19b3d1-groupManagement] INFO  server.RaftServerConfigKeys (ConfUtils.java:logGet(46)) - raft.server.log.appender.install.snapshot.enabled = false (custom)
2023-08-25 08:54:16,893 [24b07fc1-f78a-4d5b-922d-a3de9c19b3d1-groupManagement] INFO  server.RaftServerConfigKeys (ConfUtils.java:logGet(46)) - raft.server.threadpool.server.cached = true (default)
2023-08-25 08:54:16,893 [24b07fc1-f78a-4d5b-922d-a3de9c19b3d1-groupManagement] INFO  server.RaftServerConfigKeys (ConfUtils.java:logGet(46)) - raft.server.threadpool.server.size = 0 (default)
2023-08-25 08:54:16,893 [24b07fc1-f78a-4d5b-922d-a3de9c19b3d1-groupManagement] INFO  server.RaftServerConfigKeys (ConfUtils.java:logGet(46)) - raft.server.threadpool.client.cached = true (default)
2023-08-25 08:54:16,893 [24b07fc1-f78a-4d5b-922d-a3de9c19b3d1-groupManagement] INFO  server.RaftServerConfigKeys (ConfUtils.java:logGet(46)) - raft.server.threadpool.client.size = 0 (default)
2023-08-25 08:54:16,893 [24b07fc1-f78a-4d5b-922d-a3de9c19b3d1-groupManagement] INFO  storage.RaftStorageDirectory (RaftStorageDirectoryImpl.java:analyzeStorage(137)) - The storage directory /home/runner/work/ozone/ozone/hadoop-ozone/integration-test/target/test-dir/MiniOzoneClusterImpl-e7e10417-51b4-42c5-96ae-91e23fec58ac/datanode-4/data/ratis/ffb47fc5-3bfc-412f-9bbc-5be05364f447 does not exist. Creating ...
2023-08-25 08:54:16,895 [24b07fc1-f78a-4d5b-922d-a3de9c19b3d1-groupManagement] INFO  storage.RaftStorageDirectory (RaftStorageDirectoryImpl.java:tryLock(231)) - Lock on /home/runner/work/ozone/ozone/hadoop-ozone/integration-test/target/test-dir/MiniOzoneClusterImpl-e7e10417-51b4-42c5-96ae-91e23fec58ac/datanode-4/data/ratis/ffb47fc5-3bfc-412f-9bbc-5be05364f447/in_use.lock acquired by nodename 30217@fv-az584-689
2023-08-25 08:54:16,897 [24b07fc1-f78a-4d5b-922d-a3de9c19b3d1-groupManagement] INFO  storage.RaftStorage (RaftStorageImpl.java:format(96)) - Storage directory /home/runner/work/ozone/ozone/hadoop-ozone/integration-test/target/test-dir/MiniOzoneClusterImpl-e7e10417-51b4-42c5-96ae-91e23fec58ac/datanode-4/data/ratis/ffb47fc5-3bfc-412f-9bbc-5be05364f447 has been successfully formatted.
2023-08-25 08:54:16,899 [24b07fc1-f78a-4d5b-922d-a3de9c19b3d1-groupManagement] INFO  ratis.ContainerStateMachine (ContainerStateMachine.java:loadSnapshot(262)) - group-5BE05364F447: The snapshot info is null. Setting the last applied indexto:(t:0, i:~)
2023-08-25 08:54:16,899 [24b07fc1-f78a-4d5b-922d-a3de9c19b3d1-groupManagement] INFO  server.RaftServerConfigKeys (ConfUtils.java:logGet(46)) - raft.server.log.use.memory = false (default)
2023-08-25 08:54:16,899 [24b07fc1-f78a-4d5b-922d-a3de9c19b3d1-groupManagement] INFO  server.RaftServerConfigKeys (ConfUtils.java:logGet(46)) - raft.server.log.purge.gap = 1000000 (custom)
2023-08-25 08:54:16,901 [EventQueue-PipelineReportForPipelineReportHandler] INFO  pipeline.PipelineReportHandler (PipelineReportHandler.java:processPipelineReport(136)) - Opened pipeline PipelineID=ffb47fc5-3bfc-412f-9bbc-5be05364f447
2023-08-25 08:54:16,902 [EventQueue-OpenPipelineForHealthyPipelineSafeModeRule] INFO  safemode.SCMSafeModeManager (HealthyPipelineSafeModeRule.java:process(137)) - SCM in safe mode. Healthy pipelines reported count is 0, required healthy pipeline reported count is 1
2023-08-25 08:54:16,902 [24b07fc1-f78a-4d5b-922d-a3de9c19b3d1-groupManagement] INFO  server.RaftServerConfigKeys (ConfUtils.java:logGet(46)) - raft.server.log.appender.buffer.byte-limit = 33554432 (custom)
2023-08-25 08:54:16,902 [24b07fc1-f78a-4d5b-922d-a3de9c19b3d1-groupManagement] INFO  server.RaftServerConfigKeys (ConfUtils.java:logGet(46)) - raft.server.log.statemachine.data.read.timeout = 1000ms (default)
2023-08-25 08:54:16,902 [24b07fc1-f78a-4d5b-922d-a3de9c19b3d1-groupManagement] INFO  server.RaftServerConfigKeys (ConfUtils.java:logGet(46)) - raft.server.log.purge.preservation.log.num = 0 (default)
2023-08-25 08:54:16,902 [24b07fc1-f78a-4d5b-922d-a3de9c19b3d1-groupManagement] INFO  server.RaftServerConfigKeys (ConfUtils.java:logGet(46)) - raft.server.log.segment.size.max = 1048576 (custom)
2023-08-25 08:54:16,902 [24b07fc1-f78a-4d5b-922d-a3de9c19b3d1-groupManagement] INFO  server.RaftServerConfigKeys (ConfUtils.java:logGet(46)) - raft.server.log.segment.cache.num.max = 2 (custom)
2023-08-25 08:54:16,903 [24b07fc1-f78a-4d5b-922d-a3de9c19b3d1-groupManagement] INFO  server.RaftServerConfigKeys (ConfUtils.java:logGet(46)) - raft.server.log.segment.cache.size.max = 200MB (=209715200) (default)
2023-08-25 08:54:16,903 [24b07fc1-f78a-4d5b-922d-a3de9c19b3d1-groupManagement] INFO  server.RaftServerConfigKeys (ConfUtils.java:logGet(46)) - raft.server.log.appender.buffer.byte-limit = 33554432 (custom)
2023-08-25 08:54:16,903 [24b07fc1-f78a-4d5b-922d-a3de9c19b3d1-groupManagement] INFO  segmented.SegmentedRaftLogWorker (SegmentedRaftLogWorker.java:<init>(188)) - new 24b07fc1-f78a-4d5b-922d-a3de9c19b3d1@group-5BE05364F447-SegmentedRaftLogWorker for RaftStorageImpl:Storage Directory /home/runner/work/ozone/ozone/hadoop-ozone/integration-test/target/test-dir/MiniOzoneClusterImpl-e7e10417-51b4-42c5-96ae-91e23fec58ac/datanode-4/data/ratis/ffb47fc5-3bfc-412f-9bbc-5be05364f447
2023-08-25 08:54:16,903 [24b07fc1-f78a-4d5b-922d-a3de9c19b3d1-groupManagement] INFO  server.RaftServerConfigKeys (ConfUtils.java:logGet(46)) - raft.server.log.queue.byte-limit = 4294967296 (custom)
2023-08-25 08:54:16,903 [24b07fc1-f78a-4d5b-922d-a3de9c19b3d1-groupManagement] INFO  server.RaftServerConfigKeys (ConfUtils.java:logGet(46)) - raft.server.log.queue.element-limit = 1024 (custom)
2023-08-25 08:54:16,903 [24b07fc1-f78a-4d5b-922d-a3de9c19b3d1-groupManagement] INFO  server.RaftServerConfigKeys (ConfUtils.java:logGet(46)) - raft.server.log.segment.size.max = 1048576 (custom)
2023-08-25 08:54:16,903 [24b07fc1-f78a-4d5b-922d-a3de9c19b3d1-groupManagement] INFO  server.RaftServerConfigKeys (ConfUtils.java:logGet(46)) - raft.server.log.preallocated.size = 16384 (custom)
2023-08-25 08:54:16,903 [24b07fc1-f78a-4d5b-922d-a3de9c19b3d1-groupManagement] INFO  server.RaftServerConfigKeys (ConfUtils.java:logGet(46)) - raft.server.log.force.sync.num = 128 (default)
2023-08-25 08:54:16,903 [24b07fc1-f78a-4d5b-922d-a3de9c19b3d1-groupManagement] INFO  server.RaftServerConfigKeys (ConfUtils.java:logGet(46)) - raft.server.log.statemachine.data.sync = true (default)
2023-08-25 08:54:16,903 [24b07fc1-f78a-4d5b-922d-a3de9c19b3d1-groupManagement] INFO  server.RaftServerConfigKeys (ConfUtils.java:logGet(46)) - raft.server.log.statemachine.data.sync.timeout = 10s (default)
2023-08-25 08:54:16,903 [24b07fc1-f78a-4d5b-922d-a3de9c19b3d1-groupManagement] INFO  server.RaftServerConfigKeys (ConfUtils.java:logGet(46)) - raft.server.log.statemachine.data.sync.timeout.retry = -1 (default)
2023-08-25 08:54:16,904 [24b07fc1-f78a-4d5b-922d-a3de9c19b3d1-groupManagement] INFO  server.RaftServerConfigKeys (ConfUtils.java:logGet(46)) - raft.server.log.write.buffer.size = 1048576 (custom)
2023-08-25 08:54:16,906 [24b07fc1-f78a-4d5b-922d-a3de9c19b3d1-groupManagement] INFO  server.RaftServerConfigKeys (ConfUtils.java:logGet(46)) - raft.server.log.appender.buffer.byte-limit = 33554432 (custom)
2023-08-25 08:54:16,913 [24b07fc1-f78a-4d5b-922d-a3de9c19b3d1-groupManagement] INFO  server.RaftServerConfigKeys (ConfUtils.java:logGet(46)) - raft.server.log.unsafe-flush.enabled = false (default)
2023-08-25 08:54:16,913 [24b07fc1-f78a-4d5b-922d-a3de9c19b3d1-groupManagement] INFO  server.RaftServerConfigKeys (ConfUtils.java:logGet(46)) - raft.server.log.async-flush.enabled = false (default)
2023-08-25 08:54:16,913 [24b07fc1-f78a-4d5b-922d-a3de9c19b3d1-groupManagement] INFO  server.RaftServerConfigKeys (ConfUtils.java:logGet(46)) - raft.server.log.statemachine.data.caching.enabled = true (custom)
2023-08-25 08:54:16,913 [24b07fc1-f78a-4d5b-922d-a3de9c19b3d1-groupManagement] INFO  segmented.SegmentedRaftLogWorker (SegmentedRaftLogWorker.java:lambda$new$0(135)) - 24b07fc1-f78a-4d5b-922d-a3de9c19b3d1@group-5BE05364F447-SegmentedRaftLogWorker: flushIndex: setUnconditionally 0 -> -1
2023-08-25 08:54:16,913 [24b07fc1-f78a-4d5b-922d-a3de9c19b3d1-groupManagement] INFO  segmented.SegmentedRaftLogWorker (SegmentedRaftLogWorker.java:lambda$new$0(135)) - 24b07fc1-f78a-4d5b-922d-a3de9c19b3d1@group-5BE05364F447-SegmentedRaftLogWorker: safeCacheEvictIndex: setUnconditionally 0 -> -1
2023-08-25 08:54:16,917 [24b07fc1-f78a-4d5b-922d-a3de9c19b3d1-groupManagement] INFO  server.RaftServer$Division (RaftServerImpl.java:start(342)) - 24b07fc1-f78a-4d5b-922d-a3de9c19b3d1@group-5BE05364F447: start as a follower, conf=-1: peers:[24b07fc1-f78a-4d5b-922d-a3de9c19b3d1|rpc:10.1.0.19:15315|admin:10.1.0.19:15314|client:10.1.0.19:15313|dataStream:10.1.0.19:15316|priority:1|startupRole:FOLLOWER]|listeners:[], old=null
2023-08-25 08:54:16,917 [24b07fc1-f78a-4d5b-922d-a3de9c19b3d1-groupManagement] INFO  server.RaftServer$Division (RaftServerImpl.java:setRole(329)) - 24b07fc1-f78a-4d5b-922d-a3de9c19b3d1@group-5BE05364F447: changes role from      null to FOLLOWER at term 0 for startAsFollower
2023-08-25 08:54:16,917 [24b07fc1-f78a-4d5b-922d-a3de9c19b3d1-groupManagement] INFO  impl.RoleInfo (RoleInfo.java:updateAndGet(139)) - 24b07fc1-f78a-4d5b-922d-a3de9c19b3d1: start 24b07fc1-f78a-4d5b-922d-a3de9c19b3d1@group-5BE05364F447-FollowerState
2023-08-25 08:54:16,921 [24b07fc1-f78a-4d5b-922d-a3de9c19b3d1-groupManagement] INFO  util.JmxRegister (JmxRegister.java:tryRegister(44)) - Successfully registered JMX Bean with object name Ratis:service=RaftServer,group=group-5BE05364F447,id=24b07fc1-f78a-4d5b-922d-a3de9c19b3d1
2023-08-25 08:54:16,921 [24b07fc1-f78a-4d5b-922d-a3de9c19b3d1-groupManagement] INFO  server.RaftServerConfigKeys (ConfUtils.java:logGet(46)) - raft.server.snapshot.auto.trigger.enabled = true (custom)
2023-08-25 08:54:16,921 [24b07fc1-f78a-4d5b-922d-a3de9c19b3d1-groupManagement] INFO  server.RaftServerConfigKeys (ConfUtils.java:logGet(46)) - raft.server.snapshot.auto.trigger.threshold = 10000 (custom)
2023-08-25 08:54:16,921 [24b07fc1-f78a-4d5b-922d-a3de9c19b3d1-groupManagement] INFO  server.RaftServerConfigKeys (ConfUtils.java:logGet(46)) - raft.server.snapshot.retention.file.num = 5 (custom)
2023-08-25 08:54:16,922 [24b07fc1-f78a-4d5b-922d-a3de9c19b3d1@group-5BE05364F447-FollowerState] INFO  server.RaftServerConfigKeys (ConfUtils.java:logFallback(53)) - raft.server.rpc.first-election.timeout.min = 5s (fallback to raft.server.rpc.timeout.min)
2023-08-25 08:54:16,922 [24b07fc1-f78a-4d5b-922d-a3de9c19b3d1@group-5BE05364F447-FollowerState] INFO  server.RaftServerConfigKeys (ConfUtils.java:logFallback(53)) - raft.server.rpc.first-election.timeout.max = 5200ms (fallback to raft.server.rpc.timeout.max)
2023-08-25 08:54:16,922 [24b07fc1-f78a-4d5b-922d-a3de9c19b3d1-groupManagement] INFO  server.RaftServerConfigKeys (ConfUtils.java:logGet(46)) - raft.server.log.purge.upto.snapshot.index = false (default)
2023-08-25 08:54:16,924 [PipelineCommandHandlerThread-0] INFO  ratis.XceiverServerRatis (XceiverServerRatis.java:addGroup(804)) - Created group PipelineID=ffb47fc5-3bfc-412f-9bbc-5be05364f447
2023-08-25 08:54:16,925 [PipelineCommandHandlerThread-0] INFO  commandhandler.CreatePipelineCommandHandler (CreatePipelineCommandHandler.java:lambda$handle$2(124)) - Created Pipeline RATIS ONE PipelineID=ffb47fc5-3bfc-412f-9bbc-5be05364f447.
2023-08-25 08:54:17,043 [ReplicationMonitor] INFO  replication.ReplicationManager (ReplicationManager.java:processAll(361)) - Replication Manager is not ready to run until 3000ms after safemode exit
2023-08-25 08:54:17,885 [Time-limited test] INFO  ozone.MiniOzoneClusterImpl (MiniOzoneClusterImpl.java:lambda$waitForClusterToBeReady$0(224)) - Nodes are ready. Got 5 of 5 DN Heartbeats.
2023-08-25 08:54:17,885 [Time-limited test] INFO  ozone.MiniOzoneClusterImpl (MiniOzoneClusterImpl.java:lambda$waitForClusterToBeReady$0(227)) - Waiting for cluster to exit safe mode
2023-08-25 08:54:17,885 [Time-limited test] INFO  ozone.MiniOzoneClusterImpl (MiniOzoneClusterImpl.java:lambda$waitForClusterToBeReady$0(229)) - SCM became leader
2023-08-25 08:54:18,043 [ReplicationMonitor] INFO  replication.ReplicationManager (ReplicationManager.java:processAll(361)) - Replication Manager is not ready to run until 3000ms after safemode exit
2023-08-25 08:54:18,885 [Time-limited test] INFO  ozone.MiniOzoneClusterImpl (MiniOzoneClusterImpl.java:lambda$waitForClusterToBeReady$0(224)) - Nodes are ready. Got 5 of 5 DN Heartbeats.
2023-08-25 08:54:18,885 [Time-limited test] INFO  ozone.MiniOzoneClusterImpl (MiniOzoneClusterImpl.java:lambda$waitForClusterToBeReady$0(227)) - Waiting for cluster to exit safe mode
2023-08-25 08:54:18,885 [Time-limited test] INFO  ozone.MiniOzoneClusterImpl (MiniOzoneClusterImpl.java:lambda$waitForClusterToBeReady$0(229)) - SCM became leader
2023-08-25 08:54:19,043 [ReplicationMonitor] INFO  replication.ReplicationManager (ReplicationManager.java:processAll(361)) - Replication Manager is not ready to run until 3000ms after safemode exit
2023-08-25 08:54:19,886 [Time-limited test] INFO  ozone.MiniOzoneClusterImpl (MiniOzoneClusterImpl.java:lambda$waitForClusterToBeReady$0(224)) - Nodes are ready. Got 5 of 5 DN Heartbeats.
2023-08-25 08:54:19,886 [Time-limited test] INFO  ozone.MiniOzoneClusterImpl (MiniOzoneClusterImpl.java:lambda$waitForClusterToBeReady$0(227)) - Waiting for cluster to exit safe mode
2023-08-25 08:54:19,886 [Time-limited test] INFO  ozone.MiniOzoneClusterImpl (MiniOzoneClusterImpl.java:lambda$waitForClusterToBeReady$0(229)) - SCM became leader
2023-08-25 08:54:20,043 [ReplicationMonitor] INFO  replication.ReplicationManager (ReplicationManager.java:processAll(361)) - Replication Manager is not ready to run until 3000ms after safemode exit
2023-08-25 08:54:20,539 [19c619f1-2007-441e-8fe6-e07ebc4fc791@group-4D980349DF78-FollowerState] INFO  impl.FollowerState (FollowerState.java:run(143)) - 19c619f1-2007-441e-8fe6-e07ebc4fc791@group-4D980349DF78-FollowerState: change to CANDIDATE, lastRpcElapsedTime:5000569398ns, electionTimeout:5000ms
2023-08-25 08:54:20,539 [19c619f1-2007-441e-8fe6-e07ebc4fc791@group-4D980349DF78-FollowerState] INFO  impl.RoleInfo (RoleInfo.java:shutdownFollowerState(110)) - 19c619f1-2007-441e-8fe6-e07ebc4fc791: shutdown 19c619f1-2007-441e-8fe6-e07ebc4fc791@group-4D980349DF78-FollowerState
2023-08-25 08:54:20,539 [19c619f1-2007-441e-8fe6-e07ebc4fc791@group-4D980349DF78-FollowerState] INFO  server.RaftServer$Division (RaftServerImpl.java:setRole(329)) - 19c619f1-2007-441e-8fe6-e07ebc4fc791@group-4D980349DF78: changes role from  FOLLOWER to CANDIDATE at term 0 for changeToCandidate
2023-08-25 08:54:20,539 [19c619f1-2007-441e-8fe6-e07ebc4fc791@group-4D980349DF78-FollowerState] INFO  server.RaftServerConfigKeys (ConfUtils.java:logGet(46)) - raft.server.leaderelection.pre-vote = true (default)
2023-08-25 08:54:20,539 [19c619f1-2007-441e-8fe6-e07ebc4fc791@group-4D980349DF78-FollowerState] INFO  impl.RoleInfo (RoleInfo.java:updateAndGet(139)) - 19c619f1-2007-441e-8fe6-e07ebc4fc791: start 19c619f1-2007-441e-8fe6-e07ebc4fc791@group-4D980349DF78-LeaderElection51
2023-08-25 08:54:20,542 [19c619f1-2007-441e-8fe6-e07ebc4fc791@group-4D980349DF78-LeaderElection51] INFO  impl.LeaderElection (LeaderElection.java:askForVotes(321)) - 19c619f1-2007-441e-8fe6-e07ebc4fc791@group-4D980349DF78-LeaderElection51 PRE_VOTE round 0: submit vote requests at term 0 for -1: peers:[8c499c0a-8bdd-4b02-9c6d-bb3555d01e53|rpc:10.1.0.19:15297|admin:10.1.0.19:15296|client:10.1.0.19:15295|dataStream:10.1.0.19:15298|priority:0|startupRole:FOLLOWER, d44cbbb4-6878-45fc-b8ff-9a9a6a2d2fa6|rpc:10.1.0.19:15288|admin:10.1.0.19:15287|client:10.1.0.19:15286|dataStream:10.1.0.19:15289|priority:1|startupRole:FOLLOWER, 19c619f1-2007-441e-8fe6-e07ebc4fc791|rpc:10.1.0.19:15279|admin:10.1.0.19:15278|client:10.1.0.19:15277|dataStream:10.1.0.19:15280|priority:0|startupRole:FOLLOWER]|listeners:[], old=null
2023-08-25 08:54:20,543 [19c619f1-2007-441e-8fe6-e07ebc4fc791@group-4D980349DF78-LeaderElection51] INFO  server.RaftServerConfigKeys (ConfUtils.java:logFallback(53)) - raft.server.rpc.first-election.timeout.min = 5s (fallback to raft.server.rpc.timeout.min)
2023-08-25 08:54:20,543 [19c619f1-2007-441e-8fe6-e07ebc4fc791@group-4D980349DF78-LeaderElection51-1] INFO  server.GrpcServerProtocolClient (GrpcServerProtocolClient.java:<init>(65)) - Build channel for 8c499c0a-8bdd-4b02-9c6d-bb3555d01e53
2023-08-25 08:54:20,543 [19c619f1-2007-441e-8fe6-e07ebc4fc791@group-4D980349DF78-LeaderElection51] INFO  server.RaftServerConfigKeys (ConfUtils.java:logFallback(53)) - raft.server.rpc.first-election.timeout.max = 5200ms (fallback to raft.server.rpc.timeout.max)
2023-08-25 08:54:20,543 [19c619f1-2007-441e-8fe6-e07ebc4fc791@group-4D980349DF78-LeaderElection51-2] INFO  server.GrpcServerProtocolClient (GrpcServerProtocolClient.java:<init>(65)) - Build channel for d44cbbb4-6878-45fc-b8ff-9a9a6a2d2fa6
2023-08-25 08:54:20,552 [grpc-default-executor-0] INFO  server.RaftServer$Division (RaftServerImpl.java:requestVote(1302)) - 8c499c0a-8bdd-4b02-9c6d-bb3555d01e53@group-4D980349DF78: receive requestVote(PRE_VOTE, 19c619f1-2007-441e-8fe6-e07ebc4fc791, group-4D980349DF78, 0, (t:0, i:0))
2023-08-25 08:54:20,552 [grpc-default-executor-0] INFO  impl.VoteContext (VoteContext.java:log(49)) - 8c499c0a-8bdd-4b02-9c6d-bb3555d01e53@group-4D980349DF78-FOLLOWER: accept PRE_VOTE from 19c619f1-2007-441e-8fe6-e07ebc4fc791: our priority 0 <= candidate's priority 0
2023-08-25 08:54:20,552 [grpc-default-executor-0] INFO  server.RaftServer$Division (RaftServerImpl.java:requestVote(1335)) - 8c499c0a-8bdd-4b02-9c6d-bb3555d01e53@group-4D980349DF78 replies to PRE_VOTE vote request: 19c619f1-2007-441e-8fe6-e07ebc4fc791<-8c499c0a-8bdd-4b02-9c6d-bb3555d01e53#0:OK-t0. Peer's state: 8c499c0a-8bdd-4b02-9c6d-bb3555d01e53@group-4D980349DF78:t0, leader=null, voted=, raftlog=Memoized:8c499c0a-8bdd-4b02-9c6d-bb3555d01e53@group-4D980349DF78-SegmentedRaftLog:OPENED:c-1, conf=-1: peers:[8c499c0a-8bdd-4b02-9c6d-bb3555d01e53|rpc:10.1.0.19:15297|admin:10.1.0.19:15296|client:10.1.0.19:15295|dataStream:10.1.0.19:15298|priority:0|startupRole:FOLLOWER, d44cbbb4-6878-45fc-b8ff-9a9a6a2d2fa6|rpc:10.1.0.19:15288|admin:10.1.0.19:15287|client:10.1.0.19:15286|dataStream:10.1.0.19:15289|priority:1|startupRole:FOLLOWER, 19c619f1-2007-441e-8fe6-e07ebc4fc791|rpc:10.1.0.19:15279|admin:10.1.0.19:15278|client:10.1.0.19:15277|dataStream:10.1.0.19:15280|priority:0|startupRole:FOLLOWER]|listeners:[], old=null
2023-08-25 08:54:20,560 [grpc-default-executor-0] INFO  server.RaftServer$Division (RaftServerImpl.java:requestVote(1302)) - d44cbbb4-6878-45fc-b8ff-9a9a6a2d2fa6@group-4D980349DF78: receive requestVote(PRE_VOTE, 19c619f1-2007-441e-8fe6-e07ebc4fc791, group-4D980349DF78, 0, (t:0, i:0))
2023-08-25 08:54:20,561 [grpc-default-executor-0] INFO  impl.VoteContext (VoteContext.java:log(49)) - d44cbbb4-6878-45fc-b8ff-9a9a6a2d2fa6@group-4D980349DF78-FOLLOWER: reject PRE_VOTE from 19c619f1-2007-441e-8fe6-e07ebc4fc791: our priority 1 > candidate's priority 0
2023-08-25 08:54:20,561 [grpc-default-executor-0] INFO  server.RaftServer$Division (RaftServerImpl.java:requestVote(1335)) - d44cbbb4-6878-45fc-b8ff-9a9a6a2d2fa6@group-4D980349DF78 replies to PRE_VOTE vote request: 19c619f1-2007-441e-8fe6-e07ebc4fc791<-d44cbbb4-6878-45fc-b8ff-9a9a6a2d2fa6#0:FAIL-t0. Peer's state: d44cbbb4-6878-45fc-b8ff-9a9a6a2d2fa6@group-4D980349DF78:t0, leader=null, voted=, raftlog=Memoized:d44cbbb4-6878-45fc-b8ff-9a9a6a2d2fa6@group-4D980349DF78-SegmentedRaftLog:OPENED:c-1, conf=-1: peers:[8c499c0a-8bdd-4b02-9c6d-bb3555d01e53|rpc:10.1.0.19:15297|admin:10.1.0.19:15296|client:10.1.0.19:15295|dataStream:10.1.0.19:15298|priority:0|startupRole:FOLLOWER, d44cbbb4-6878-45fc-b8ff-9a9a6a2d2fa6|rpc:10.1.0.19:15288|admin:10.1.0.19:15287|client:10.1.0.19:15286|dataStream:10.1.0.19:15289|priority:1|startupRole:FOLLOWER, 19c619f1-2007-441e-8fe6-e07ebc4fc791|rpc:10.1.0.19:15279|admin:10.1.0.19:15278|client:10.1.0.19:15277|dataStream:10.1.0.19:15280|priority:0|startupRole:FOLLOWER]|listeners:[], old=null
2023-08-25 08:54:20,562 [19c619f1-2007-441e-8fe6-e07ebc4fc791@group-4D980349DF78-LeaderElection51] INFO  impl.LeaderElection (LeaderElection.java:logAndReturn(90)) - 19c619f1-2007-441e-8fe6-e07ebc4fc791@group-4D980349DF78-LeaderElection51: PRE_VOTE REJECTED received 2 response(s) and 0 exception(s):
2023-08-25 08:54:20,563 [19c619f1-2007-441e-8fe6-e07ebc4fc791@group-4D980349DF78-LeaderElection51] INFO  impl.LeaderElection (LeaderElection.java:logAndReturn(94)) -   Response 0: 19c619f1-2007-441e-8fe6-e07ebc4fc791<-8c499c0a-8bdd-4b02-9c6d-bb3555d01e53#0:OK-t0
2023-08-25 08:54:20,563 [19c619f1-2007-441e-8fe6-e07ebc4fc791@group-4D980349DF78-LeaderElection51] INFO  impl.LeaderElection (LeaderElection.java:logAndReturn(94)) -   Response 1: 19c619f1-2007-441e-8fe6-e07ebc4fc791<-d44cbbb4-6878-45fc-b8ff-9a9a6a2d2fa6#0:FAIL-t0
2023-08-25 08:54:20,563 [19c619f1-2007-441e-8fe6-e07ebc4fc791@group-4D980349DF78-LeaderElection51] INFO  impl.LeaderElection (LeaderElection.java:askForVotes(323)) - 19c619f1-2007-441e-8fe6-e07ebc4fc791@group-4D980349DF78-LeaderElection51 PRE_VOTE round 0: result REJECTED
2023-08-25 08:54:20,563 [19c619f1-2007-441e-8fe6-e07ebc4fc791@group-4D980349DF78-LeaderElection51] INFO  server.RaftServer$Division (RaftServerImpl.java:setRole(329)) - 19c619f1-2007-441e-8fe6-e07ebc4fc791@group-4D980349DF78: changes role from CANDIDATE to FOLLOWER at term 0 for REJECTED
2023-08-25 08:54:20,563 [19c619f1-2007-441e-8fe6-e07ebc4fc791@group-4D980349DF78-LeaderElection51] INFO  impl.RoleInfo (RoleInfo.java:shutdownLeaderElection(130)) - 19c619f1-2007-441e-8fe6-e07ebc4fc791: shutdown 19c619f1-2007-441e-8fe6-e07ebc4fc791@group-4D980349DF78-LeaderElection51
2023-08-25 08:54:20,563 [19c619f1-2007-441e-8fe6-e07ebc4fc791@group-4D980349DF78-LeaderElection51] INFO  impl.RoleInfo (RoleInfo.java:updateAndGet(139)) - 19c619f1-2007-441e-8fe6-e07ebc4fc791: start 19c619f1-2007-441e-8fe6-e07ebc4fc791@group-4D980349DF78-FollowerState
2023-08-25 08:54:20,639 [19c619f1-2007-441e-8fe6-e07ebc4fc791@group-6152DA3C4D6B-FollowerState] INFO  impl.FollowerState (FollowerState.java:run(143)) - 19c619f1-2007-441e-8fe6-e07ebc4fc791@group-6152DA3C4D6B-FollowerState: change to CANDIDATE, lastRpcElapsedTime:5123691717ns, electionTimeout:5123ms
2023-08-25 08:54:20,640 [19c619f1-2007-441e-8fe6-e07ebc4fc791@group-6152DA3C4D6B-FollowerState] INFO  impl.RoleInfo (RoleInfo.java:shutdownFollowerState(110)) - 19c619f1-2007-441e-8fe6-e07ebc4fc791: shutdown 19c619f1-2007-441e-8fe6-e07ebc4fc791@group-6152DA3C4D6B-FollowerState
2023-08-25 08:54:20,640 [19c619f1-2007-441e-8fe6-e07ebc4fc791@group-6152DA3C4D6B-FollowerState] INFO  server.RaftServer$Division (RaftServerImpl.java:setRole(329)) - 19c619f1-2007-441e-8fe6-e07ebc4fc791@group-6152DA3C4D6B: changes role from  FOLLOWER to CANDIDATE at term 0 for changeToCandidate
2023-08-25 08:54:20,640 [19c619f1-2007-441e-8fe6-e07ebc4fc791@group-6152DA3C4D6B-FollowerState] INFO  server.RaftServerConfigKeys (ConfUtils.java:logGet(46)) - raft.server.leaderelection.pre-vote = true (default)
2023-08-25 08:54:20,640 [19c619f1-2007-441e-8fe6-e07ebc4fc791@group-6152DA3C4D6B-FollowerState] INFO  impl.RoleInfo (RoleInfo.java:updateAndGet(139)) - 19c619f1-2007-441e-8fe6-e07ebc4fc791: start 19c619f1-2007-441e-8fe6-e07ebc4fc791@group-6152DA3C4D6B-LeaderElection52
2023-08-25 08:54:20,645 [19c619f1-2007-441e-8fe6-e07ebc4fc791@group-6152DA3C4D6B-LeaderElection52] INFO  impl.LeaderElection (LeaderElection.java:askForVotes(321)) - 19c619f1-2007-441e-8fe6-e07ebc4fc791@group-6152DA3C4D6B-LeaderElection52 PRE_VOTE round 0: submit vote requests at term 0 for -1: peers:[19c619f1-2007-441e-8fe6-e07ebc4fc791|rpc:10.1.0.19:15279|admin:10.1.0.19:15278|client:10.1.0.19:15277|dataStream:10.1.0.19:15280|priority:1|startupRole:FOLLOWER]|listeners:[], old=null
2023-08-25 08:54:20,645 [19c619f1-2007-441e-8fe6-e07ebc4fc791@group-6152DA3C4D6B-LeaderElection52] INFO  impl.LeaderElection (LeaderElection.java:askForVotes(323)) - 19c619f1-2007-441e-8fe6-e07ebc4fc791@group-6152DA3C4D6B-LeaderElection52 PRE_VOTE round 0: result PASSED (term=0)
2023-08-25 08:54:20,648 [19c619f1-2007-441e-8fe6-e07ebc4fc791@group-6152DA3C4D6B-LeaderElection52] INFO  impl.LeaderElection (LeaderElection.java:askForVotes(321)) - 19c619f1-2007-441e-8fe6-e07ebc4fc791@group-6152DA3C4D6B-LeaderElection52 ELECTION round 0: submit vote requests at term 1 for -1: peers:[19c619f1-2007-441e-8fe6-e07ebc4fc791|rpc:10.1.0.19:15279|admin:10.1.0.19:15278|client:10.1.0.19:15277|dataStream:10.1.0.19:15280|priority:1|startupRole:FOLLOWER]|listeners:[], old=null
2023-08-25 08:54:20,648 [19c619f1-2007-441e-8fe6-e07ebc4fc791@group-6152DA3C4D6B-LeaderElection52] INFO  impl.LeaderElection (LeaderElection.java:askForVotes(323)) - 19c619f1-2007-441e-8fe6-e07ebc4fc791@group-6152DA3C4D6B-LeaderElection52 ELECTION round 0: result PASSED (term=1)
2023-08-25 08:54:20,648 [19c619f1-2007-441e-8fe6-e07ebc4fc791@group-6152DA3C4D6B-LeaderElection52] INFO  impl.RoleInfo (RoleInfo.java:shutdownLeaderElection(130)) - 19c619f1-2007-441e-8fe6-e07ebc4fc791: shutdown 19c619f1-2007-441e-8fe6-e07ebc4fc791@group-6152DA3C4D6B-LeaderElection52
2023-08-25 08:54:20,648 [19c619f1-2007-441e-8fe6-e07ebc4fc791@group-6152DA3C4D6B-LeaderElection52] INFO  server.RaftServer$Division (RaftServerImpl.java:setRole(329)) - 19c619f1-2007-441e-8fe6-e07ebc4fc791@group-6152DA3C4D6B: changes role from CANDIDATE to LEADER at term 1 for changeToLeader
2023-08-25 08:54:20,648 [19c619f1-2007-441e-8fe6-e07ebc4fc791@group-6152DA3C4D6B-LeaderElection52] INFO  ratis.XceiverServerRatis (XceiverServerRatis.java:handleLeaderChangedNotification(902)) - Leader change notification received for group: group-6152DA3C4D6B with new leaderId: 19c619f1-2007-441e-8fe6-e07ebc4fc791
2023-08-25 08:54:20,648 [19c619f1-2007-441e-8fe6-e07ebc4fc791@group-6152DA3C4D6B-LeaderElection52] INFO  server.RaftServer$Division (ServerState.java:setLeader(317)) - 19c619f1-2007-441e-8fe6-e07ebc4fc791@group-6152DA3C4D6B: change Leader from null to 19c619f1-2007-441e-8fe6-e07ebc4fc791 at term 1 for becomeLeader, leader elected after 5161ms
2023-08-25 08:54:20,650 [19c619f1-2007-441e-8fe6-e07ebc4fc791@group-6152DA3C4D6B-LeaderElection52] INFO  server.RaftServerConfigKeys (ConfUtils.java:logGet(46)) - raft.server.staging.catchup.gap = 1000 (default)
2023-08-25 08:54:20,650 [19c619f1-2007-441e-8fe6-e07ebc4fc791@group-6152DA3C4D6B-LeaderElection52] INFO  server.RaftServerConfigKeys (ConfUtils.java:logGet(46)) - raft.server.write.element-limit = 1024 (custom)
2023-08-25 08:54:20,650 [19c619f1-2007-441e-8fe6-e07ebc4fc791@group-6152DA3C4D6B-LeaderElection52] INFO  server.RaftServerConfigKeys (ConfUtils.java:logGet(46)) - raft.server.write.byte-limit = 1024 M (=1073741824) (custom)
2023-08-25 08:54:20,651 [19c619f1-2007-441e-8fe6-e07ebc4fc791@group-6152DA3C4D6B-LeaderElection52] INFO  server.RaftServerConfigKeys (ConfUtils.java:logGet(46)) - raft.server.watch.timeout = 180s (custom)
2023-08-25 08:54:20,651 [19c619f1-2007-441e-8fe6-e07ebc4fc791@group-6152DA3C4D6B-LeaderElection52] INFO  server.RaftServerConfigKeys (ConfUtils.java:logGet(46)) - raft.server.watch.timeout.denomination = 1s (default)
2023-08-25 08:54:20,651 [19c619f1-2007-441e-8fe6-e07ebc4fc791@group-6152DA3C4D6B-LeaderElection52] INFO  server.RaftServerConfigKeys (ConfUtils.java:logGet(46)) - raft.server.watch.element-limit = 65536 (default)
2023-08-25 08:54:20,651 [19c619f1-2007-441e-8fe6-e07ebc4fc791@group-6152DA3C4D6B-LeaderElection52] INFO  server.RaftServerConfigKeys (ConfUtils.java:logGet(46)) - raft.server.write.element-limit = 1024 (custom)
2023-08-25 08:54:20,651 [19c619f1-2007-441e-8fe6-e07ebc4fc791@group-6152DA3C4D6B-LeaderElection52] INFO  server.RaftServerConfigKeys (ConfUtils.java:logGet(46)) - raft.server.write.follower.gap.ratio.max = -1.0 (default)
2023-08-25 08:54:20,651 [19c619f1-2007-441e-8fe6-e07ebc4fc791@group-6152DA3C4D6B-LeaderElection52] INFO  impl.RoleInfo (RoleInfo.java:updateAndGet(139)) - 19c619f1-2007-441e-8fe6-e07ebc4fc791: start 19c619f1-2007-441e-8fe6-e07ebc4fc791@group-6152DA3C4D6B-LeaderStateImpl
2023-08-25 08:54:20,651 [19c619f1-2007-441e-8fe6-e07ebc4fc791@group-6152DA3C4D6B-LeaderElection52] INFO  segmented.SegmentedRaftLogWorker (SegmentedRaftLogWorker.java:startLogSegment(447)) - 19c619f1-2007-441e-8fe6-e07ebc4fc791@group-6152DA3C4D6B-SegmentedRaftLogWorker: Starting segment from index:0
2023-08-25 08:54:20,653 [EventQueue-OpenPipelineForHealthyPipelineSafeModeRule] INFO  safemode.SCMSafeModeManager (HealthyPipelineSafeModeRule.java:process(137)) - SCM in safe mode. Healthy pipelines reported count is 0, required healthy pipeline reported count is 1
2023-08-25 08:54:20,656 [19c619f1-2007-441e-8fe6-e07ebc4fc791@group-6152DA3C4D6B-LeaderElection52] INFO  server.RaftServer$Division (ServerState.java:setRaftConf(434)) - 19c619f1-2007-441e-8fe6-e07ebc4fc791@group-6152DA3C4D6B: set configuration 0: peers:[19c619f1-2007-441e-8fe6-e07ebc4fc791|rpc:10.1.0.19:15279|admin:10.1.0.19:15278|client:10.1.0.19:15277|dataStream:10.1.0.19:15280|priority:1|startupRole:FOLLOWER]|listeners:[], old=null
2023-08-25 08:54:20,656 [19c619f1-2007-441e-8fe6-e07ebc4fc791@group-6152DA3C4D6B-SegmentedRaftLogWorker] INFO  segmented.SegmentedRaftLogWorker (SegmentedRaftLogWorker.java:execute(651)) - 19c619f1-2007-441e-8fe6-e07ebc4fc791@group-6152DA3C4D6B-SegmentedRaftLogWorker: created new log segment /home/runner/work/ozone/ozone/hadoop-ozone/integration-test/target/test-dir/MiniOzoneClusterImpl-e7e10417-51b4-42c5-96ae-91e23fec58ac/datanode-0/data/ratis/4a79fc2f-79fd-40cc-9431-6152da3c4d6b/current/log_inprogress_0
2023-08-25 08:54:20,703 [d44cbbb4-6878-45fc-b8ff-9a9a6a2d2fa6@group-4D980349DF78-FollowerState] INFO  impl.FollowerState (FollowerState.java:run(143)) - d44cbbb4-6878-45fc-b8ff-9a9a6a2d2fa6@group-4D980349DF78-FollowerState: change to CANDIDATE, lastRpcElapsedTime:5075688620ns, electionTimeout:5073ms
2023-08-25 08:54:20,703 [d44cbbb4-6878-45fc-b8ff-9a9a6a2d2fa6@group-4D980349DF78-FollowerState] INFO  impl.RoleInfo (RoleInfo.java:shutdownFollowerState(110)) - d44cbbb4-6878-45fc-b8ff-9a9a6a2d2fa6: shutdown d44cbbb4-6878-45fc-b8ff-9a9a6a2d2fa6@group-4D980349DF78-FollowerState
2023-08-25 08:54:20,703 [d44cbbb4-6878-45fc-b8ff-9a9a6a2d2fa6@group-4D980349DF78-FollowerState] INFO  server.RaftServer$Division (RaftServerImpl.java:setRole(329)) - d44cbbb4-6878-45fc-b8ff-9a9a6a2d2fa6@group-4D980349DF78: changes role from  FOLLOWER to CANDIDATE at term 0 for changeToCandidate
2023-08-25 08:54:20,703 [d44cbbb4-6878-45fc-b8ff-9a9a6a2d2fa6@group-4D980349DF78-FollowerState] INFO  server.RaftServerConfigKeys (ConfUtils.java:logGet(46)) - raft.server.leaderelection.pre-vote = true (default)
2023-08-25 08:54:20,703 [d44cbbb4-6878-45fc-b8ff-9a9a6a2d2fa6@group-4D980349DF78-FollowerState] INFO  impl.RoleInfo (RoleInfo.java:updateAndGet(139)) - d44cbbb4-6878-45fc-b8ff-9a9a6a2d2fa6: start d44cbbb4-6878-45fc-b8ff-9a9a6a2d2fa6@group-4D980349DF78-LeaderElection53
2023-08-25 08:54:20,706 [d44cbbb4-6878-45fc-b8ff-9a9a6a2d2fa6@group-4D980349DF78-LeaderElection53] INFO  impl.LeaderElection (LeaderElection.java:askForVotes(321)) - d44cbbb4-6878-45fc-b8ff-9a9a6a2d2fa6@group-4D980349DF78-LeaderElection53 PRE_VOTE round 0: submit vote requests at term 0 for -1: peers:[8c499c0a-8bdd-4b02-9c6d-bb3555d01e53|rpc:10.1.0.19:15297|admin:10.1.0.19:15296|client:10.1.0.19:15295|dataStream:10.1.0.19:15298|priority:0|startupRole:FOLLOWER, d44cbbb4-6878-45fc-b8ff-9a9a6a2d2fa6|rpc:10.1.0.19:15288|admin:10.1.0.19:15287|client:10.1.0.19:15286|dataStream:10.1.0.19:15289|priority:1|startupRole:FOLLOWER, 19c619f1-2007-441e-8fe6-e07ebc4fc791|rpc:10.1.0.19:15279|admin:10.1.0.19:15278|client:10.1.0.19:15277|dataStream:10.1.0.19:15280|priority:0|startupRole:FOLLOWER]|listeners:[], old=null
2023-08-25 08:54:20,706 [d44cbbb4-6878-45fc-b8ff-9a9a6a2d2fa6@group-4D980349DF78-LeaderElection53-1] INFO  server.GrpcServerProtocolClient (GrpcServerProtocolClient.java:<init>(65)) - Build channel for 8c499c0a-8bdd-4b02-9c6d-bb3555d01e53
2023-08-25 08:54:20,707 [d44cbbb4-6878-45fc-b8ff-9a9a6a2d2fa6@group-4D980349DF78-LeaderElection53] INFO  server.RaftServerConfigKeys (ConfUtils.java:logFallback(53)) - raft.server.rpc.first-election.timeout.min = 5s (fallback to raft.server.rpc.timeout.min)
2023-08-25 08:54:20,707 [d44cbbb4-6878-45fc-b8ff-9a9a6a2d2fa6@group-4D980349DF78-LeaderElection53] INFO  server.RaftServerConfigKeys (ConfUtils.java:logFallback(53)) - raft.server.rpc.first-election.timeout.max = 5200ms (fallback to raft.server.rpc.timeout.max)
2023-08-25 08:54:20,707 [d44cbbb4-6878-45fc-b8ff-9a9a6a2d2fa6@group-4D980349DF78-LeaderElection53-2] INFO  server.GrpcServerProtocolClient (GrpcServerProtocolClient.java:<init>(65)) - Build channel for 19c619f1-2007-441e-8fe6-e07ebc4fc791
2023-08-25 08:54:20,716 [grpc-default-executor-0] INFO  server.RaftServer$Division (RaftServerImpl.java:requestVote(1302)) - 8c499c0a-8bdd-4b02-9c6d-bb3555d01e53@group-4D980349DF78: receive requestVote(PRE_VOTE, d44cbbb4-6878-45fc-b8ff-9a9a6a2d2fa6, group-4D980349DF78, 0, (t:0, i:0))
2023-08-25 08:54:20,716 [grpc-default-executor-0] INFO  impl.VoteContext (VoteContext.java:log(49)) - 8c499c0a-8bdd-4b02-9c6d-bb3555d01e53@group-4D980349DF78-FOLLOWER: accept PRE_VOTE from d44cbbb4-6878-45fc-b8ff-9a9a6a2d2fa6: our priority 0 <= candidate's priority 1
2023-08-25 08:54:20,716 [grpc-default-executor-0] INFO  server.RaftServer$Division (RaftServerImpl.java:requestVote(1335)) - 8c499c0a-8bdd-4b02-9c6d-bb3555d01e53@group-4D980349DF78 replies to PRE_VOTE vote request: d44cbbb4-6878-45fc-b8ff-9a9a6a2d2fa6<-8c499c0a-8bdd-4b02-9c6d-bb3555d01e53#0:OK-t0. Peer's state: 8c499c0a-8bdd-4b02-9c6d-bb3555d01e53@group-4D980349DF78:t0, leader=null, voted=, raftlog=Memoized:8c499c0a-8bdd-4b02-9c6d-bb3555d01e53@group-4D980349DF78-SegmentedRaftLog:OPENED:c-1, conf=-1: peers:[8c499c0a-8bdd-4b02-9c6d-bb3555d01e53|rpc:10.1.0.19:15297|admin:10.1.0.19:15296|client:10.1.0.19:15295|dataStream:10.1.0.19:15298|priority:0|startupRole:FOLLOWER, d44cbbb4-6878-45fc-b8ff-9a9a6a2d2fa6|rpc:10.1.0.19:15288|admin:10.1.0.19:15287|client:10.1.0.19:15286|dataStream:10.1.0.19:15289|priority:1|startupRole:FOLLOWER, 19c619f1-2007-441e-8fe6-e07ebc4fc791|rpc:10.1.0.19:15279|admin:10.1.0.19:15278|client:10.1.0.19:15277|dataStream:10.1.0.19:15280|priority:0|startupRole:FOLLOWER]|listeners:[], old=null
2023-08-25 08:54:20,717 [d44cbbb4-6878-45fc-b8ff-9a9a6a2d2fa6@group-4D980349DF78-LeaderElection53] INFO  impl.LeaderElection (LeaderElection.java:logAndReturn(90)) - d44cbbb4-6878-45fc-b8ff-9a9a6a2d2fa6@group-4D980349DF78-LeaderElection53: PRE_VOTE PASSED received 1 response(s) and 0 exception(s):
2023-08-25 08:54:20,717 [d44cbbb4-6878-45fc-b8ff-9a9a6a2d2fa6@group-4D980349DF78-LeaderElection53] INFO  impl.LeaderElection (LeaderElection.java:logAndReturn(94)) -   Response 0: d44cbbb4-6878-45fc-b8ff-9a9a6a2d2fa6<-8c499c0a-8bdd-4b02-9c6d-bb3555d01e53#0:OK-t0
2023-08-25 08:54:20,717 [d44cbbb4-6878-45fc-b8ff-9a9a6a2d2fa6@group-4D980349DF78-LeaderElection53] INFO  impl.LeaderElection (LeaderElection.java:askForVotes(323)) - d44cbbb4-6878-45fc-b8ff-9a9a6a2d2fa6@group-4D980349DF78-LeaderElection53 PRE_VOTE round 0: result PASSED
2023-08-25 08:54:20,719 [d44cbbb4-6878-45fc-b8ff-9a9a6a2d2fa6@group-4D980349DF78-LeaderElection53] INFO  impl.LeaderElection (LeaderElection.java:askForVotes(321)) - d44cbbb4-6878-45fc-b8ff-9a9a6a2d2fa6@group-4D980349DF78-LeaderElection53 ELECTION round 0: submit vote requests at term 1 for -1: peers:[8c499c0a-8bdd-4b02-9c6d-bb3555d01e53|rpc:10.1.0.19:15297|admin:10.1.0.19:15296|client:10.1.0.19:15295|dataStream:10.1.0.19:15298|priority:0|startupRole:FOLLOWER, d44cbbb4-6878-45fc-b8ff-9a9a6a2d2fa6|rpc:10.1.0.19:15288|admin:10.1.0.19:15287|client:10.1.0.19:15286|dataStream:10.1.0.19:15289|priority:1|startupRole:FOLLOWER, 19c619f1-2007-441e-8fe6-e07ebc4fc791|rpc:10.1.0.19:15279|admin:10.1.0.19:15278|client:10.1.0.19:15277|dataStream:10.1.0.19:15280|priority:0|startupRole:FOLLOWER]|listeners:[], old=null
2023-08-25 08:54:20,720 [d44cbbb4-6878-45fc-b8ff-9a9a6a2d2fa6@group-4D980349DF78-LeaderElection53] INFO  server.RaftServerConfigKeys (ConfUtils.java:logFallback(53)) - raft.server.rpc.first-election.timeout.min = 5s (fallback to raft.server.rpc.timeout.min)
2023-08-25 08:54:20,720 [d44cbbb4-6878-45fc-b8ff-9a9a6a2d2fa6@group-4D980349DF78-LeaderElection53] INFO  server.RaftServerConfigKeys (ConfUtils.java:logFallback(53)) - raft.server.rpc.first-election.timeout.max = 5200ms (fallback to raft.server.rpc.timeout.max)
2023-08-25 08:54:20,723 [grpc-default-executor-0] INFO  server.RaftServer$Division (RaftServerImpl.java:requestVote(1302)) - 19c619f1-2007-441e-8fe6-e07ebc4fc791@group-4D980349DF78: receive requestVote(PRE_VOTE, d44cbbb4-6878-45fc-b8ff-9a9a6a2d2fa6, group-4D980349DF78, 0, (t:0, i:0))
2023-08-25 08:54:20,723 [grpc-default-executor-0] INFO  impl.VoteContext (VoteContext.java:log(49)) - 19c619f1-2007-441e-8fe6-e07ebc4fc791@group-4D980349DF78-FOLLOWER: accept PRE_VOTE from d44cbbb4-6878-45fc-b8ff-9a9a6a2d2fa6: our priority 0 <= candidate's priority 1
2023-08-25 08:54:20,723 [grpc-default-executor-0] INFO  server.RaftServer$Division (RaftServerImpl.java:requestVote(1335)) - 19c619f1-2007-441e-8fe6-e07ebc4fc791@group-4D980349DF78 replies to PRE_VOTE vote request: d44cbbb4-6878-45fc-b8ff-9a9a6a2d2fa6<-19c619f1-2007-441e-8fe6-e07ebc4fc791#0:OK-t0. Peer's state: 19c619f1-2007-441e-8fe6-e07ebc4fc791@group-4D980349DF78:t0, leader=null, voted=, raftlog=Memoized:19c619f1-2007-441e-8fe6-e07ebc4fc791@group-4D980349DF78-SegmentedRaftLog:OPENED:c-1, conf=-1: peers:[8c499c0a-8bdd-4b02-9c6d-bb3555d01e53|rpc:10.1.0.19:15297|admin:10.1.0.19:15296|client:10.1.0.19:15295|dataStream:10.1.0.19:15298|priority:0|startupRole:FOLLOWER, d44cbbb4-6878-45fc-b8ff-9a9a6a2d2fa6|rpc:10.1.0.19:15288|admin:10.1.0.19:15287|client:10.1.0.19:15286|dataStream:10.1.0.19:15289|priority:1|startupRole:FOLLOWER, 19c619f1-2007-441e-8fe6-e07ebc4fc791|rpc:10.1.0.19:15279|admin:10.1.0.19:15278|client:10.1.0.19:15277|dataStream:10.1.0.19:15280|priority:0|startupRole:FOLLOWER]|listeners:[], old=null
2023-08-25 08:54:20,729 [grpc-default-executor-1] INFO  server.RaftServer$Division (RaftServerImpl.java:requestVote(1302)) - 8c499c0a-8bdd-4b02-9c6d-bb3555d01e53@group-4D980349DF78: receive requestVote(ELECTION, d44cbbb4-6878-45fc-b8ff-9a9a6a2d2fa6, group-4D980349DF78, 1, (t:0, i:0))
2023-08-25 08:54:20,729 [grpc-default-executor-1] INFO  impl.VoteContext (VoteContext.java:log(49)) - 8c499c0a-8bdd-4b02-9c6d-bb3555d01e53@group-4D980349DF78-FOLLOWER: accept ELECTION from d44cbbb4-6878-45fc-b8ff-9a9a6a2d2fa6: our priority 0 <= candidate's priority 1
2023-08-25 08:54:20,730 [grpc-default-executor-0] INFO  server.RaftServer$Division (RaftServerImpl.java:requestVote(1302)) - 19c619f1-2007-441e-8fe6-e07ebc4fc791@group-4D980349DF78: receive requestVote(ELECTION, d44cbbb4-6878-45fc-b8ff-9a9a6a2d2fa6, group-4D980349DF78, 1, (t:0, i:0))
2023-08-25 08:54:20,731 [grpc-default-executor-0] INFO  impl.VoteContext (VoteContext.java:log(49)) - 19c619f1-2007-441e-8fe6-e07ebc4fc791@group-4D980349DF78-FOLLOWER: accept ELECTION from d44cbbb4-6878-45fc-b8ff-9a9a6a2d2fa6: our priority 0 <= candidate's priority 1
2023-08-25 08:54:20,731 [grpc-default-executor-0] INFO  server.RaftServer$Division (RaftServerImpl.java:setRole(329)) - 19c619f1-2007-441e-8fe6-e07ebc4fc791@group-4D980349DF78: changes role from  FOLLOWER to FOLLOWER at term 1 for candidate:d44cbbb4-6878-45fc-b8ff-9a9a6a2d2fa6
2023-08-25 08:54:20,731 [grpc-default-executor-0] INFO  impl.RoleInfo (RoleInfo.java:shutdownFollowerState(110)) - 19c619f1-2007-441e-8fe6-e07ebc4fc791: shutdown 19c619f1-2007-441e-8fe6-e07ebc4fc791@group-4D980349DF78-FollowerState
2023-08-25 08:54:20,731 [grpc-default-executor-0] INFO  impl.RoleInfo (RoleInfo.java:updateAndGet(139)) - 19c619f1-2007-441e-8fe6-e07ebc4fc791: start 19c619f1-2007-441e-8fe6-e07ebc4fc791@group-4D980349DF78-FollowerState
2023-08-25 08:54:20,731 [19c619f1-2007-441e-8fe6-e07ebc4fc791@group-4D980349DF78-FollowerState] INFO  impl.FollowerState (FollowerState.java:run(152)) - 19c619f1-2007-441e-8fe6-e07ebc4fc791@group-4D980349DF78-FollowerState was interrupted
2023-08-25 08:54:20,733 [grpc-default-executor-0] INFO  server.RaftServer$Division (RaftServerImpl.java:requestVote(1335)) - 19c619f1-2007-441e-8fe6-e07ebc4fc791@group-4D980349DF78 replies to ELECTION vote request: d44cbbb4-6878-45fc-b8ff-9a9a6a2d2fa6<-19c619f1-2007-441e-8fe6-e07ebc4fc791#0:OK-t1. Peer's state: 19c619f1-2007-441e-8fe6-e07ebc4fc791@group-4D980349DF78:t1, leader=null, voted=d44cbbb4-6878-45fc-b8ff-9a9a6a2d2fa6, raftlog=Memoized:19c619f1-2007-441e-8fe6-e07ebc4fc791@group-4D980349DF78-SegmentedRaftLog:OPENED:c-1, conf=-1: peers:[8c499c0a-8bdd-4b02-9c6d-bb3555d01e53|rpc:10.1.0.19:15297|admin:10.1.0.19:15296|client:10.1.0.19:15295|dataStream:10.1.0.19:15298|priority:0|startupRole:FOLLOWER, d44cbbb4-6878-45fc-b8ff-9a9a6a2d2fa6|rpc:10.1.0.19:15288|admin:10.1.0.19:15287|client:10.1.0.19:15286|dataStream:10.1.0.19:15289|priority:1|startupRole:FOLLOWER, 19c619f1-2007-441e-8fe6-e07ebc4fc791|rpc:10.1.0.19:15279|admin:10.1.0.19:15278|client:10.1.0.19:15277|dataStream:10.1.0.19:15280|priority:0|startupRole:FOLLOWER]|listeners:[], old=null
2023-08-25 08:54:20,733 [grpc-default-executor-1] INFO  server.RaftServer$Division (RaftServerImpl.java:setRole(329)) - 8c499c0a-8bdd-4b02-9c6d-bb3555d01e53@group-4D980349DF78: changes role from  FOLLOWER to FOLLOWER at term 1 for candidate:d44cbbb4-6878-45fc-b8ff-9a9a6a2d2fa6
2023-08-25 08:54:20,733 [grpc-default-executor-1] INFO  impl.RoleInfo (RoleInfo.java:shutdownFollowerState(110)) - 8c499c0a-8bdd-4b02-9c6d-bb3555d01e53: shutdown 8c499c0a-8bdd-4b02-9c6d-bb3555d01e53@group-4D980349DF78-FollowerState
2023-08-25 08:54:20,733 [8c499c0a-8bdd-4b02-9c6d-bb3555d01e53@group-4D980349DF78-FollowerState] INFO  impl.FollowerState (FollowerState.java:run(152)) - 8c499c0a-8bdd-4b02-9c6d-bb3555d01e53@group-4D980349DF78-FollowerState was interrupted
2023-08-25 08:54:20,733 [grpc-default-executor-1] INFO  impl.RoleInfo (RoleInfo.java:updateAndGet(139)) - 8c499c0a-8bdd-4b02-9c6d-bb3555d01e53: start 8c499c0a-8bdd-4b02-9c6d-bb3555d01e53@group-4D980349DF78-FollowerState
2023-08-25 08:54:20,734 [d44cbbb4-6878-45fc-b8ff-9a9a6a2d2fa6@group-4D980349DF78-LeaderElection53] INFO  impl.LeaderElection (LeaderElection.java:logAndReturn(90)) - d44cbbb4-6878-45fc-b8ff-9a9a6a2d2fa6@group-4D980349DF78-LeaderElection53: ELECTION PASSED received 1 response(s) and 0 exception(s):
2023-08-25 08:54:20,734 [d44cbbb4-6878-45fc-b8ff-9a9a6a2d2fa6@group-4D980349DF78-LeaderElection53] INFO  impl.LeaderElection (LeaderElection.java:logAndReturn(94)) -   Response 0: d44cbbb4-6878-45fc-b8ff-9a9a6a2d2fa6<-19c619f1-2007-441e-8fe6-e07ebc4fc791#0:OK-t1
2023-08-25 08:54:20,734 [d44cbbb4-6878-45fc-b8ff-9a9a6a2d2fa6@group-4D980349DF78-LeaderElection53] INFO  impl.LeaderElection (LeaderElection.java:askForVotes(323)) - d44cbbb4-6878-45fc-b8ff-9a9a6a2d2fa6@group-4D980349DF78-LeaderElection53 ELECTION round 0: result PASSED
2023-08-25 08:54:20,734 [d44cbbb4-6878-45fc-b8ff-9a9a6a2d2fa6@group-4D980349DF78-LeaderElection53] INFO  impl.RoleInfo (RoleInfo.java:shutdownLeaderElection(130)) - d44cbbb4-6878-45fc-b8ff-9a9a6a2d2fa6: shutdown d44cbbb4-6878-45fc-b8ff-9a9a6a2d2fa6@group-4D980349DF78-LeaderElection53
2023-08-25 08:54:20,734 [d44cbbb4-6878-45fc-b8ff-9a9a6a2d2fa6@group-4D980349DF78-LeaderElection53] INFO  server.RaftServer$Division (RaftServerImpl.java:setRole(329)) - d44cbbb4-6878-45fc-b8ff-9a9a6a2d2fa6@group-4D980349DF78: changes role from CANDIDATE to LEADER at term 1 for changeToLeader
2023-08-25 08:54:20,734 [d44cbbb4-6878-45fc-b8ff-9a9a6a2d2fa6@group-4D980349DF78-LeaderElection53] INFO  ratis.XceiverServerRatis (XceiverServerRatis.java:handleLeaderChangedNotification(902)) - Leader change notification received for group: group-4D980349DF78 with new leaderId: d44cbbb4-6878-45fc-b8ff-9a9a6a2d2fa6
2023-08-25 08:54:20,734 [d44cbbb4-6878-45fc-b8ff-9a9a6a2d2fa6@group-4D980349DF78-LeaderElection53] INFO  server.RaftServer$Division (ServerState.java:setLeader(317)) - d44cbbb4-6878-45fc-b8ff-9a9a6a2d2fa6@group-4D980349DF78: change Leader from null to d44cbbb4-6878-45fc-b8ff-9a9a6a2d2fa6 at term 1 for becomeLeader, leader elected after 5122ms
2023-08-25 08:54:20,734 [d44cbbb4-6878-45fc-b8ff-9a9a6a2d2fa6@group-4D980349DF78-LeaderElection53] INFO  server.RaftServerConfigKeys (ConfUtils.java:logGet(46)) - raft.server.staging.catchup.gap = 1000 (default)
2023-08-25 08:54:20,735 [d44cbbb4-6878-45fc-b8ff-9a9a6a2d2fa6@group-4D980349DF78-LeaderElection53] INFO  server.RaftServerConfigKeys (ConfUtils.java:logGet(46)) - raft.server.write.element-limit = 1024 (custom)
2023-08-25 08:54:20,735 [d44cbbb4-6878-45fc-b8ff-9a9a6a2d2fa6@group-4D980349DF78-LeaderElection53] INFO  server.RaftServerConfigKeys (ConfUtils.java:logGet(46)) - raft.server.write.byte-limit = 1024 M (=1073741824) (custom)
2023-08-25 08:54:20,735 [d44cbbb4-6878-45fc-b8ff-9a9a6a2d2fa6@group-4D980349DF78-LeaderElection53] INFO  server.RaftServerConfigKeys (ConfUtils.java:logGet(46)) - raft.server.watch.timeout = 180s (custom)
2023-08-25 08:54:20,735 [d44cbbb4-6878-45fc-b8ff-9a9a6a2d2fa6@group-4D980349DF78-LeaderElection53] INFO  server.RaftServerConfigKeys (ConfUtils.java:logGet(46)) - raft.server.watch.timeout.denomination = 1s (default)
2023-08-25 08:54:20,735 [d44cbbb4-6878-45fc-b8ff-9a9a6a2d2fa6@group-4D980349DF78-LeaderElection53] INFO  server.RaftServerConfigKeys (ConfUtils.java:logGet(46)) - raft.server.watch.element-limit = 65536 (default)
2023-08-25 08:54:20,735 [d44cbbb4-6878-45fc-b8ff-9a9a6a2d2fa6@group-4D980349DF78-LeaderElection53] INFO  server.RaftServerConfigKeys (ConfUtils.java:logGet(46)) - raft.server.write.element-limit = 1024 (custom)
2023-08-25 08:54:20,735 [d44cbbb4-6878-45fc-b8ff-9a9a6a2d2fa6@group-4D980349DF78-LeaderElection53] INFO  server.RaftServerConfigKeys (ConfUtils.java:logGet(46)) - raft.server.write.follower.gap.ratio.max = -1.0 (default)
2023-08-25 08:54:20,736 [d44cbbb4-6878-45fc-b8ff-9a9a6a2d2fa6@group-4D980349DF78-LeaderElection53] INFO  server.RaftServerConfigKeys (ConfUtils.java:logGet(46)) - raft.server.log.appender.snapshot.chunk.size.max = 16MB (=16777216) (default)
2023-08-25 08:54:20,736 [d44cbbb4-6878-45fc-b8ff-9a9a6a2d2fa6@group-4D980349DF78-LeaderElection53] INFO  server.RaftServerConfigKeys (ConfUtils.java:logGet(46)) - raft.server.log.appender.buffer.byte-limit = 33554432 (custom)
2023-08-25 08:54:20,736 [d44cbbb4-6878-45fc-b8ff-9a9a6a2d2fa6@group-4D980349DF78-LeaderElection53] INFO  server.RaftServerConfigKeys (ConfUtils.java:logGet(46)) - raft.server.log.appender.buffer.element-limit = 1 (custom)
2023-08-25 08:54:20,736 [d44cbbb4-6878-45fc-b8ff-9a9a6a2d2fa6@group-4D980349DF78-LeaderElection53] INFO  server.RaftServerConfigKeys (ConfUtils.java:logGet(46)) - raft.server.log.appender.wait-time.min = 10ms (default)
2023-08-25 08:54:20,736 [d44cbbb4-6878-45fc-b8ff-9a9a6a2d2fa6@group-4D980349DF78-LeaderElection53] INFO  grpc.GrpcConfigKeys (ConfUtils.java:logGet(46)) - raft.grpc.server.leader.outstanding.appends.max = 128 (default)
2023-08-25 08:54:20,736 [d44cbbb4-6878-45fc-b8ff-9a9a6a2d2fa6@group-4D980349DF78-LeaderElection53] INFO  server.RaftServerConfigKeys (ConfUtils.java:logGet(46)) - raft.server.rpc.request.timeout = 60s (custom)
2023-08-25 08:54:20,736 [d44cbbb4-6878-45fc-b8ff-9a9a6a2d2fa6@group-4D980349DF78-LeaderElection53] INFO  grpc.GrpcConfigKeys (ConfUtils.java:logGet(46)) - raft.grpc.server.install_snapshot.request.element-limit = 8 (default)
2023-08-25 08:54:20,736 [d44cbbb4-6878-45fc-b8ff-9a9a6a2d2fa6@group-4D980349DF78-LeaderElection53] INFO  grpc.GrpcConfigKeys (ConfUtils.java:logGet(46)) - raft.grpc.server.install_snapshot.request.timeout = 3000ms (default)
2023-08-25 08:54:20,736 [d44cbbb4-6878-45fc-b8ff-9a9a6a2d2fa6@group-4D980349DF78-LeaderElection53] INFO  server.RaftServerConfigKeys (ConfUtils.java:logGet(46)) - raft.server.log.appender.install.snapshot.enabled = false (custom)
2023-08-25 08:54:20,736 [d44cbbb4-6878-45fc-b8ff-9a9a6a2d2fa6@group-4D980349DF78-LeaderElection53] INFO  grpc.GrpcConfigKeys (ConfUtils.java:logGet(46)) - raft.grpc.server.heartbeat.channel = true (default)
2023-08-25 08:54:20,735 [grpc-default-executor-1] INFO  server.RaftServer$Division (RaftServerImpl.java:requestVote(1335)) - 8c499c0a-8bdd-4b02-9c6d-bb3555d01e53@group-4D980349DF78 replies to ELECTION vote request: d44cbbb4-6878-45fc-b8ff-9a9a6a2d2fa6<-8c499c0a-8bdd-4b02-9c6d-bb3555d01e53#0:OK-t1. Peer's state: 8c499c0a-8bdd-4b02-9c6d-bb3555d01e53@group-4D980349DF78:t1, leader=null, voted=d44cbbb4-6878-45fc-b8ff-9a9a6a2d2fa6, raftlog=Memoized:8c499c0a-8bdd-4b02-9c6d-bb3555d01e53@group-4D980349DF78-SegmentedRaftLog:OPENED:c-1, conf=-1: peers:[8c499c0a-8bdd-4b02-9c6d-bb3555d01e53|rpc:10.1.0.19:15297|admin:10.1.0.19:15296|client:10.1.0.19:15295|dataStream:10.1.0.19:15298|priority:0|startupRole:FOLLOWER, d44cbbb4-6878-45fc-b8ff-9a9a6a2d2fa6|rpc:10.1.0.19:15288|admin:10.1.0.19:15287|client:10.1.0.19:15286|dataStream:10.1.0.19:15289|priority:1|startupRole:FOLLOWER, 19c619f1-2007-441e-8fe6-e07ebc4fc791|rpc:10.1.0.19:15279|admin:10.1.0.19:15278|client:10.1.0.19:15277|dataStream:10.1.0.19:15280|priority:0|startupRole:FOLLOWER]|listeners:[], old=null
2023-08-25 08:54:20,738 [EventQueue-PipelineReportForPipelineReportHandler] INFO  pipeline.PipelineReportHandler (PipelineReportHandler.java:processPipelineReport(136)) - Opened pipeline PipelineID=b6a2b597-69ed-4adb-884f-4d980349df78
2023-08-25 08:54:20,738 [EventQueue-OpenPipelineForHealthyPipelineSafeModeRule] INFO  safemode.SCMSafeModeManager (HealthyPipelineSafeModeRule.java:process(137)) - SCM in safe mode. Healthy pipelines reported count is 0, required healthy pipeline reported count is 1
2023-08-25 08:54:20,738 [EventQueue-OpenPipelineForHealthyPipelineSafeModeRule] INFO  safemode.SCMSafeModeManager (HealthyPipelineSafeModeRule.java:process(137)) - SCM in safe mode. Healthy pipelines reported count is 1, required healthy pipeline reported count is 1
2023-08-25 08:54:20,738 [EventQueue-OpenPipelineForHealthyPipelineSafeModeRule] INFO  safemode.SCMSafeModeManager (SCMSafeModeManager.java:validateSafeModeExitRules(200)) - HealthyPipelineSafeModeRule rule is successfully validated
2023-08-25 08:54:20,738 [d44cbbb4-6878-45fc-b8ff-9a9a6a2d2fa6@group-4D980349DF78-LeaderElection53] INFO  server.RaftServerConfigKeys (ConfUtils.java:logGet(46)) - raft.server.log.appender.snapshot.chunk.size.max = 16MB (=16777216) (default)
2023-08-25 08:54:20,738 [d44cbbb4-6878-45fc-b8ff-9a9a6a2d2fa6@group-4D980349DF78-LeaderElection53] INFO  server.RaftServerConfigKeys (ConfUtils.java:logGet(46)) - raft.server.log.appender.buffer.byte-limit = 33554432 (custom)
2023-08-25 08:54:20,738 [d44cbbb4-6878-45fc-b8ff-9a9a6a2d2fa6@group-4D980349DF78-LeaderElection53] INFO  server.RaftServerConfigKeys (ConfUtils.java:logGet(46)) - raft.server.log.appender.buffer.element-limit = 1 (custom)
2023-08-25 08:54:20,738 [d44cbbb4-6878-45fc-b8ff-9a9a6a2d2fa6@group-4D980349DF78-LeaderElection53] INFO  server.RaftServerConfigKeys (ConfUtils.java:logGet(46)) - raft.server.log.appender.wait-time.min = 10ms (default)
2023-08-25 08:54:20,738 [EventQueue-OpenPipelineForHealthyPipelineSafeModeRule] INFO  safemode.SCMSafeModeManager (SCMSafeModeManager.java:validateSafeModeExitRules(215)) - ScmSafeModeManager, all rules are successfully validated
2023-08-25 08:54:20,738 [EventQueue-OpenPipelineForHealthyPipelineSafeModeRule] INFO  safemode.SCMSafeModeManager (SCMSafeModeManager.java:exitSafeMode(244)) - SCM exiting safe mode.
2023-08-25 08:54:20,738 [d44cbbb4-6878-45fc-b8ff-9a9a6a2d2fa6@group-4D980349DF78-LeaderElection53] INFO  grpc.GrpcConfigKeys (ConfUtils.java:logGet(46)) - raft.grpc.server.leader.outstanding.appends.max = 128 (default)
2023-08-25 08:54:20,738 [d44cbbb4-6878-45fc-b8ff-9a9a6a2d2fa6@group-4D980349DF78-LeaderElection53] INFO  server.RaftServerConfigKeys (ConfUtils.java:logGet(46)) - raft.server.rpc.request.timeout = 60s (custom)
2023-08-25 08:54:20,738 [d44cbbb4-6878-45fc-b8ff-9a9a6a2d2fa6@group-4D980349DF78-LeaderElection53] INFO  grpc.GrpcConfigKeys (ConfUtils.java:logGet(46)) - raft.grpc.server.install_snapshot.request.element-limit = 8 (default)
2023-08-25 08:54:20,738 [d44cbbb4-6878-45fc-b8ff-9a9a6a2d2fa6@group-4D980349DF78-LeaderElection53] INFO  grpc.GrpcConfigKeys (ConfUtils.java:logGet(46)) - raft.grpc.server.install_snapshot.request.timeout = 3000ms (default)
2023-08-25 08:54:20,739 [d44cbbb4-6878-45fc-b8ff-9a9a6a2d2fa6@group-4D980349DF78-LeaderElection53] INFO  server.RaftServerConfigKeys (ConfUtils.java:logGet(46)) - raft.server.log.appender.install.snapshot.enabled = false (custom)
2023-08-25 08:54:20,739 [d44cbbb4-6878-45fc-b8ff-9a9a6a2d2fa6@group-4D980349DF78-LeaderElection53] INFO  grpc.GrpcConfigKeys (ConfUtils.java:logGet(46)) - raft.grpc.server.heartbeat.channel = true (default)
2023-08-25 08:54:20,739 [d44cbbb4-6878-45fc-b8ff-9a9a6a2d2fa6@group-4D980349DF78-LeaderElection53] INFO  impl.RoleInfo (RoleInfo.java:updateAndGet(139)) - d44cbbb4-6878-45fc-b8ff-9a9a6a2d2fa6: start d44cbbb4-6878-45fc-b8ff-9a9a6a2d2fa6@group-4D980349DF78-LeaderStateImpl
2023-08-25 08:54:20,739 [d44cbbb4-6878-45fc-b8ff-9a9a6a2d2fa6@group-4D980349DF78-LeaderElection53] INFO  segmented.SegmentedRaftLogWorker (SegmentedRaftLogWorker.java:startLogSegment(447)) - d44cbbb4-6878-45fc-b8ff-9a9a6a2d2fa6@group-4D980349DF78-SegmentedRaftLogWorker: Starting segment from index:0
2023-08-25 08:54:20,738 [EventQueue-OpenPipelineForHealthyPipelineSafeModeRule] INFO  ha.SCMContext (SCMContext.java:updateSafeModeStatus(228)) - Update SafeModeStatus from SafeModeStatus{safeModeStatus=true, preCheckPassed=true} to SafeModeStatus{safeModeStatus=false, preCheckPassed=true}.
2023-08-25 08:54:20,740 [EventQueue-OpenPipelineForHealthyPipelineSafeModeRule] INFO  pipeline.BackgroundPipelineCreator (BackgroundPipelineCreator.java:notifyStatusChanged(255)) - Service BackgroundPipelineCreator transitions to RUNNING.
2023-08-25 08:54:20,740 [EventQueue-OpenPipelineForHealthyPipelineSafeModeRule] INFO  BackgroundPipelineScrubber (BackgroundSCMService.java:notifyStatusChanged(82)) - Service BackgroundPipelineScrubber transitions to RUNNING.
2023-08-25 08:54:20,740 [EventQueue-OpenPipelineForHealthyPipelineSafeModeRule] INFO  ExpiredContainerReplicaOpScrubber (BackgroundSCMService.java:notifyStatusChanged(82)) - Service ExpiredContainerReplicaOpScrubber transitions to RUNNING.
2023-08-25 08:54:20,740 [EventQueue-OpenPipelineForHealthyPipelineSafeModeRule] INFO  replication.ReplicationManager (ReplicationManager.java:notifyStatusChanged(1366)) - Service ReplicationManager transitions to RUNNING.
2023-08-25 08:54:20,740 [EventQueue-OpenPipelineForHealthyPipelineSafeModeRule] WARN  balancer.ContainerBalancer (ContainerBalancer.java:shouldRun(134)) - Could not find persisted configuration for ContainerBalancer when checking if ContainerBalancer should run. ContainerBalancer should not run now.
2023-08-25 08:54:20,741 [d44cbbb4-6878-45fc-b8ff-9a9a6a2d2fa6@group-4D980349DF78-SegmentedRaftLogWorker] INFO  segmented.SegmentedRaftLogWorker (SegmentedRaftLogWorker.java:execute(651)) - d44cbbb4-6878-45fc-b8ff-9a9a6a2d2fa6@group-4D980349DF78-SegmentedRaftLogWorker: created new log segment /home/runner/work/ozone/ozone/hadoop-ozone/integration-test/target/test-dir/MiniOzoneClusterImpl-e7e10417-51b4-42c5-96ae-91e23fec58ac/datanode-1/data/ratis/b6a2b597-69ed-4adb-884f-4d980349df78/current/log_inprogress_0
2023-08-25 08:54:20,754 [d44cbbb4-6878-45fc-b8ff-9a9a6a2d2fa6@group-4D980349DF78-LeaderElection53] INFO  server.RaftServer$Division (ServerState.java:setRaftConf(434)) - d44cbbb4-6878-45fc-b8ff-9a9a6a2d2fa6@group-4D980349DF78: set configuration 0: peers:[8c499c0a-8bdd-4b02-9c6d-bb3555d01e53|rpc:10.1.0.19:15297|admin:10.1.0.19:15296|client:10.1.0.19:15295|dataStream:10.1.0.19:15298|priority:0|startupRole:FOLLOWER, d44cbbb4-6878-45fc-b8ff-9a9a6a2d2fa6|rpc:10.1.0.19:15288|admin:10.1.0.19:15287|client:10.1.0.19:15286|dataStream:10.1.0.19:15289|priority:1|startupRole:FOLLOWER, 19c619f1-2007-441e-8fe6-e07ebc4fc791|rpc:10.1.0.19:15279|admin:10.1.0.19:15278|client:10.1.0.19:15277|dataStream:10.1.0.19:15280|priority:0|startupRole:FOLLOWER]|listeners:[], old=null
2023-08-25 08:54:20,764 [8c499c0a-8bdd-4b02-9c6d-bb3555d01e53-server-thread2] INFO  ratis.XceiverServerRatis (XceiverServerRatis.java:handleLeaderChangedNotification(902)) - Leader change notification received for group: group-4D980349DF78 with new leaderId: d44cbbb4-6878-45fc-b8ff-9a9a6a2d2fa6
2023-08-25 08:54:20,764 [8c499c0a-8bdd-4b02-9c6d-bb3555d01e53-server-thread2] INFO  server.RaftServer$Division (ServerState.java:setLeader(317)) - 8c499c0a-8bdd-4b02-9c6d-bb3555d01e53@group-4D980349DF78: change Leader from null to d44cbbb4-6878-45fc-b8ff-9a9a6a2d2fa6 at term 1 for appendEntries, leader elected after 5198ms
2023-08-25 08:54:20,766 [8c499c0a-8bdd-4b02-9c6d-bb3555d01e53-server-thread2] INFO  server.RaftServer$Division (ServerState.java:setRaftConf(434)) - 8c499c0a-8bdd-4b02-9c6d-bb3555d01e53@group-4D980349DF78: set configuration 0: peers:[8c499c0a-8bdd-4b02-9c6d-bb3555d01e53|rpc:10.1.0.19:15297|admin:10.1.0.19:15296|client:10.1.0.19:15295|dataStream:10.1.0.19:15298|priority:0|startupRole:FOLLOWER, d44cbbb4-6878-45fc-b8ff-9a9a6a2d2fa6|rpc:10.1.0.19:15288|admin:10.1.0.19:15287|client:10.1.0.19:15286|dataStream:10.1.0.19:15289|priority:1|startupRole:FOLLOWER, 19c619f1-2007-441e-8fe6-e07ebc4fc791|rpc:10.1.0.19:15279|admin:10.1.0.19:15278|client:10.1.0.19:15277|dataStream:10.1.0.19:15280|priority:0|startupRole:FOLLOWER]|listeners:[], old=null
2023-08-25 08:54:20,766 [19c619f1-2007-441e-8fe6-e07ebc4fc791-server-thread1] INFO  ratis.XceiverServerRatis (XceiverServerRatis.java:handleLeaderChangedNotification(902)) - Leader change notification received for group: group-4D980349DF78 with new leaderId: d44cbbb4-6878-45fc-b8ff-9a9a6a2d2fa6
2023-08-25 08:54:20,766 [19c619f1-2007-441e-8fe6-e07ebc4fc791-server-thread1] INFO  server.RaftServer$Division (ServerState.java:setLeader(317)) - 19c619f1-2007-441e-8fe6-e07ebc4fc791@group-4D980349DF78: change Leader from null to d44cbbb4-6878-45fc-b8ff-9a9a6a2d2fa6 at term 1 for appendEntries, leader elected after 5244ms
2023-08-25 08:54:20,766 [8c499c0a-8bdd-4b02-9c6d-bb3555d01e53-server-thread2] INFO  segmented.SegmentedRaftLogWorker (SegmentedRaftLogWorker.java:startLogSegment(447)) - 8c499c0a-8bdd-4b02-9c6d-bb3555d01e53@group-4D980349DF78-SegmentedRaftLogWorker: Starting segment from index:0
2023-08-25 08:54:20,770 [8c499c0a-8bdd-4b02-9c6d-bb3555d01e53@group-4D980349DF78-SegmentedRaftLogWorker] INFO  segmented.SegmentedRaftLogWorker (SegmentedRaftLogWorker.java:execute(651)) - 8c499c0a-8bdd-4b02-9c6d-bb3555d01e53@group-4D980349DF78-SegmentedRaftLogWorker: created new log segment /home/runner/work/ozone/ozone/hadoop-ozone/integration-test/target/test-dir/MiniOzoneClusterImpl-e7e10417-51b4-42c5-96ae-91e23fec58ac/datanode-2/data/ratis/b6a2b597-69ed-4adb-884f-4d980349df78/current/log_inprogress_0
2023-08-25 08:54:20,774 [19c619f1-2007-441e-8fe6-e07ebc4fc791-server-thread2] INFO  server.RaftServer$Division (ServerState.java:setRaftConf(434)) - 19c619f1-2007-441e-8fe6-e07ebc4fc791@group-4D980349DF78: set configuration 0: peers:[8c499c0a-8bdd-4b02-9c6d-bb3555d01e53|rpc:10.1.0.19:15297|admin:10.1.0.19:15296|client:10.1.0.19:15295|dataStream:10.1.0.19:15298|priority:0|startupRole:FOLLOWER, d44cbbb4-6878-45fc-b8ff-9a9a6a2d2fa6|rpc:10.1.0.19:15288|admin:10.1.0.19:15287|client:10.1.0.19:15286|dataStream:10.1.0.19:15289|priority:1|startupRole:FOLLOWER, 19c619f1-2007-441e-8fe6-e07ebc4fc791|rpc:10.1.0.19:15279|admin:10.1.0.19:15278|client:10.1.0.19:15277|dataStream:10.1.0.19:15280|priority:0|startupRole:FOLLOWER]|listeners:[], old=null
2023-08-25 08:54:20,775 [19c619f1-2007-441e-8fe6-e07ebc4fc791-server-thread2] INFO  segmented.SegmentedRaftLogWorker (SegmentedRaftLogWorker.java:startLogSegment(447)) - 19c619f1-2007-441e-8fe6-e07ebc4fc791@group-4D980349DF78-SegmentedRaftLogWorker: Starting segment from index:0
2023-08-25 08:54:20,776 [19c619f1-2007-441e-8fe6-e07ebc4fc791@group-4D980349DF78-SegmentedRaftLogWorker] INFO  segmented.SegmentedRaftLogWorker (SegmentedRaftLogWorker.java:execute(651)) - 19c619f1-2007-441e-8fe6-e07ebc4fc791@group-4D980349DF78-SegmentedRaftLogWorker: created new log segment /home/runner/work/ozone/ozone/hadoop-ozone/integration-test/target/test-dir/MiniOzoneClusterImpl-e7e10417-51b4-42c5-96ae-91e23fec58ac/datanode-0/data/ratis/b6a2b597-69ed-4adb-884f-4d980349df78/current/log_inprogress_0
2023-08-25 08:54:20,823 [d44cbbb4-6878-45fc-b8ff-9a9a6a2d2fa6@group-51A9D41E8872-FollowerState] INFO  impl.FollowerState (FollowerState.java:run(143)) - d44cbbb4-6878-45fc-b8ff-9a9a6a2d2fa6@group-51A9D41E8872-FollowerState: change to CANDIDATE, lastRpcElapsedTime:5137540495ns, electionTimeout:5133ms
2023-08-25 08:54:20,823 [d44cbbb4-6878-45fc-b8ff-9a9a6a2d2fa6@group-51A9D41E8872-FollowerState] INFO  impl.RoleInfo (RoleInfo.java:shutdownFollowerState(110)) - d44cbbb4-6878-45fc-b8ff-9a9a6a2d2fa6: shutdown d44cbbb4-6878-45fc-b8ff-9a9a6a2d2fa6@group-51A9D41E8872-FollowerState
2023-08-25 08:54:20,823 [d44cbbb4-6878-45fc-b8ff-9a9a6a2d2fa6@group-51A9D41E8872-FollowerState] INFO  server.RaftServer$Division (RaftServerImpl.java:setRole(329)) - d44cbbb4-6878-45fc-b8ff-9a9a6a2d2fa6@group-51A9D41E8872: changes role from  FOLLOWER to CANDIDATE at term 0 for changeToCandidate
2023-08-25 08:54:20,823 [d44cbbb4-6878-45fc-b8ff-9a9a6a2d2fa6@group-51A9D41E8872-FollowerState] INFO  server.RaftServerConfigKeys (ConfUtils.java:logGet(46)) - raft.server.leaderelection.pre-vote = true (default)
2023-08-25 08:54:20,823 [d44cbbb4-6878-45fc-b8ff-9a9a6a2d2fa6@group-51A9D41E8872-FollowerState] INFO  impl.RoleInfo (RoleInfo.java:updateAndGet(139)) - d44cbbb4-6878-45fc-b8ff-9a9a6a2d2fa6: start d44cbbb4-6878-45fc-b8ff-9a9a6a2d2fa6@group-51A9D41E8872-LeaderElection54
2023-08-25 08:54:20,825 [d44cbbb4-6878-45fc-b8ff-9a9a6a2d2fa6@group-51A9D41E8872-LeaderElection54] INFO  impl.LeaderElection (LeaderElection.java:askForVotes(321)) - d44cbbb4-6878-45fc-b8ff-9a9a6a2d2fa6@group-51A9D41E8872-LeaderElection54 PRE_VOTE round 0: submit vote requests at term 0 for -1: peers:[8c499c0a-8bdd-4b02-9c6d-bb3555d01e53|rpc:10.1.0.19:15297|admin:10.1.0.19:15296|client:10.1.0.19:15295|dataStream:10.1.0.19:15298|priority:1|startupRole:FOLLOWER, d44cbbb4-6878-45fc-b8ff-9a9a6a2d2fa6|rpc:10.1.0.19:15288|admin:10.1.0.19:15287|client:10.1.0.19:15286|dataStream:10.1.0.19:15289|priority:0|startupRole:FOLLOWER, 19c619f1-2007-441e-8fe6-e07ebc4fc791|rpc:10.1.0.19:15279|admin:10.1.0.19:15278|client:10.1.0.19:15277|dataStream:10.1.0.19:15280|priority:0|startupRole:FOLLOWER]|listeners:[], old=null
2023-08-25 08:54:20,826 [d44cbbb4-6878-45fc-b8ff-9a9a6a2d2fa6@group-51A9D41E8872-LeaderElection54] INFO  server.RaftServerConfigKeys (ConfUtils.java:logFallback(53)) - raft.server.rpc.first-election.timeout.min = 5s (fallback to raft.server.rpc.timeout.min)
2023-08-25 08:54:20,826 [d44cbbb4-6878-45fc-b8ff-9a9a6a2d2fa6@group-51A9D41E8872-LeaderElection54] INFO  server.RaftServerConfigKeys (ConfUtils.java:logFallback(53)) - raft.server.rpc.first-election.timeout.max = 5200ms (fallback to raft.server.rpc.timeout.max)
2023-08-25 08:54:20,830 [grpc-default-executor-0] INFO  server.RaftServer$Division (RaftServerImpl.java:requestVote(1302)) - 8c499c0a-8bdd-4b02-9c6d-bb3555d01e53@group-51A9D41E8872: receive requestVote(PRE_VOTE, d44cbbb4-6878-45fc-b8ff-9a9a6a2d2fa6, group-51A9D41E8872, 0, (t:0, i:0))
2023-08-25 08:54:20,830 [grpc-default-executor-0] INFO  impl.VoteContext (VoteContext.java:log(49)) - 8c499c0a-8bdd-4b02-9c6d-bb3555d01e53@group-51A9D41E8872-FOLLOWER: reject PRE_VOTE from d44cbbb4-6878-45fc-b8ff-9a9a6a2d2fa6: our priority 1 > candidate's priority 0
2023-08-25 08:54:20,830 [grpc-default-executor-0] INFO  server.RaftServer$Division (RaftServerImpl.java:requestVote(1335)) - 8c499c0a-8bdd-4b02-9c6d-bb3555d01e53@group-51A9D41E8872 replies to PRE_VOTE vote request: d44cbbb4-6878-45fc-b8ff-9a9a6a2d2fa6<-8c499c0a-8bdd-4b02-9c6d-bb3555d01e53#0:FAIL-t0. Peer's state: 8c499c0a-8bdd-4b02-9c6d-bb3555d01e53@group-51A9D41E8872:t0, leader=null, voted=, raftlog=Memoized:8c499c0a-8bdd-4b02-9c6d-bb3555d01e53@group-51A9D41E8872-SegmentedRaftLog:OPENED:c-1, conf=-1: peers:[8c499c0a-8bdd-4b02-9c6d-bb3555d01e53|rpc:10.1.0.19:15297|admin:10.1.0.19:15296|client:10.1.0.19:15295|dataStream:10.1.0.19:15298|priority:1|startupRole:FOLLOWER, d44cbbb4-6878-45fc-b8ff-9a9a6a2d2fa6|rpc:10.1.0.19:15288|admin:10.1.0.19:15287|client:10.1.0.19:15286|dataStream:10.1.0.19:15289|priority:0|startupRole:FOLLOWER, 19c619f1-2007-441e-8fe6-e07ebc4fc791|rpc:10.1.0.19:15279|admin:10.1.0.19:15278|client:10.1.0.19:15277|dataStream:10.1.0.19:15280|priority:0|startupRole:FOLLOWER]|listeners:[], old=null
2023-08-25 08:54:20,832 [grpc-default-executor-1] INFO  server.RaftServer$Division (RaftServerImpl.java:requestVote(1302)) - 19c619f1-2007-441e-8fe6-e07ebc4fc791@group-51A9D41E8872: receive requestVote(PRE_VOTE, d44cbbb4-6878-45fc-b8ff-9a9a6a2d2fa6, group-51A9D41E8872, 0, (t:0, i:0))
2023-08-25 08:54:20,832 [grpc-default-executor-1] INFO  impl.VoteContext (VoteContext.java:log(49)) - 19c619f1-2007-441e-8fe6-e07ebc4fc791@group-51A9D41E8872-FOLLOWER: accept PRE_VOTE from d44cbbb4-6878-45fc-b8ff-9a9a6a2d2fa6: our priority 0 <= candidate's priority 0
2023-08-25 08:54:20,832 [grpc-default-executor-1] INFO  server.RaftServer$Division (RaftServerImpl.java:requestVote(1335)) - 19c619f1-2007-441e-8fe6-e07ebc4fc791@group-51A9D41E8872 replies to PRE_VOTE vote request: d44cbbb4-6878-45fc-b8ff-9a9a6a2d2fa6<-19c619f1-2007-441e-8fe6-e07ebc4fc791#0:OK-t0. Peer's state: 19c619f1-2007-441e-8fe6-e07ebc4fc791@group-51A9D41E8872:t0, leader=null, voted=, raftlog=Memoized:19c619f1-2007-441e-8fe6-e07ebc4fc791@group-51A9D41E8872-SegmentedRaftLog:OPENED:c-1, conf=-1: peers:[8c499c0a-8bdd-4b02-9c6d-bb3555d01e53|rpc:10.1.0.19:15297|admin:10.1.0.19:15296|client:10.1.0.19:15295|dataStream:10.1.0.19:15298|priority:1|startupRole:FOLLOWER, d44cbbb4-6878-45fc-b8ff-9a9a6a2d2fa6|rpc:10.1.0.19:15288|admin:10.1.0.19:15287|client:10.1.0.19:15286|dataStream:10.1.0.19:15289|priority:0|startupRole:FOLLOWER, 19c619f1-2007-441e-8fe6-e07ebc4fc791|rpc:10.1.0.19:15279|admin:10.1.0.19:15278|client:10.1.0.19:15277|dataStream:10.1.0.19:15280|priority:0|startupRole:FOLLOWER]|listeners:[], old=null
2023-08-25 08:54:20,837 [d44cbbb4-6878-45fc-b8ff-9a9a6a2d2fa6@group-51A9D41E8872-LeaderElection54] INFO  impl.LeaderElection (LeaderElection.java:logAndReturn(90)) - d44cbbb4-6878-45fc-b8ff-9a9a6a2d2fa6@group-51A9D41E8872-LeaderElection54: PRE_VOTE REJECTED received 1 response(s) and 0 exception(s):
2023-08-25 08:54:20,837 [d44cbbb4-6878-45fc-b8ff-9a9a6a2d2fa6@group-51A9D41E8872-LeaderElection54] INFO  impl.LeaderElection (LeaderElection.java:logAndReturn(94)) -   Response 0: d44cbbb4-6878-45fc-b8ff-9a9a6a2d2fa6<-8c499c0a-8bdd-4b02-9c6d-bb3555d01e53#0:FAIL-t0
2023-08-25 08:54:20,837 [d44cbbb4-6878-45fc-b8ff-9a9a6a2d2fa6@group-51A9D41E8872-LeaderElection54] INFO  impl.LeaderElection (LeaderElection.java:askForVotes(323)) - d44cbbb4-6878-45fc-b8ff-9a9a6a2d2fa6@group-51A9D41E8872-LeaderElection54 PRE_VOTE round 0: result REJECTED
2023-08-25 08:54:20,837 [d44cbbb4-6878-45fc-b8ff-9a9a6a2d2fa6@group-51A9D41E8872-LeaderElection54] INFO  server.RaftServer$Division (RaftServerImpl.java:setRole(329)) - d44cbbb4-6878-45fc-b8ff-9a9a6a2d2fa6@group-51A9D41E8872: changes role from CANDIDATE to FOLLOWER at term 0 for REJECTED
2023-08-25 08:54:20,837 [d44cbbb4-6878-45fc-b8ff-9a9a6a2d2fa6@group-51A9D41E8872-LeaderElection54] INFO  impl.RoleInfo (RoleInfo.java:shutdownLeaderElection(130)) - d44cbbb4-6878-45fc-b8ff-9a9a6a2d2fa6: shutdown d44cbbb4-6878-45fc-b8ff-9a9a6a2d2fa6@group-51A9D41E8872-LeaderElection54
2023-08-25 08:54:20,837 [d44cbbb4-6878-45fc-b8ff-9a9a6a2d2fa6@group-51A9D41E8872-LeaderElection54] INFO  impl.RoleInfo (RoleInfo.java:updateAndGet(139)) - d44cbbb4-6878-45fc-b8ff-9a9a6a2d2fa6: start d44cbbb4-6878-45fc-b8ff-9a9a6a2d2fa6@group-51A9D41E8872-FollowerState
2023-08-25 08:54:20,849 [19c619f1-2007-441e-8fe6-e07ebc4fc791@group-51A9D41E8872-FollowerState] INFO  server.RaftServerConfigKeys (ConfUtils.java:logFallback(53)) - raft.server.rpc.first-election.timeout.min = 5s (fallback to raft.server.rpc.timeout.min)
2023-08-25 08:54:20,850 [19c619f1-2007-441e-8fe6-e07ebc4fc791@group-51A9D41E8872-FollowerState] INFO  server.RaftServerConfigKeys (ConfUtils.java:logFallback(53)) - raft.server.rpc.first-election.timeout.max = 5200ms (fallback to raft.server.rpc.timeout.max)
2023-08-25 08:54:20,886 [Time-limited test] INFO  ozone.MiniOzoneClusterImpl (MiniOzoneClusterImpl.java:lambda$waitForClusterToBeReady$0(224)) - Nodes are ready. Got 5 of 5 DN Heartbeats.
2023-08-25 08:54:20,886 [Time-limited test] INFO  ozone.MiniOzoneClusterImpl (MiniOzoneClusterImpl.java:lambda$waitForClusterToBeReady$0(227)) - Cluster exits safe mode
2023-08-25 08:54:20,887 [Time-limited test] INFO  ozone.MiniOzoneClusterImpl (MiniOzoneClusterImpl.java:lambda$waitForClusterToBeReady$0(229)) - SCM became leader
2023-08-25 08:54:20,895 [Time-limited test] INFO  rpc.RpcClient (RpcClient.java:createVolume(461)) - Creating Volume: vol1, with runner as owner and space quota set to -1 bytes, counts quota set to -1
2023-08-25 08:54:20,906 [OM StateMachine ApplyTransaction Thread - 0] INFO  volume.OMVolumeCreateRequest (OMVolumeCreateRequest.java:validateAndUpdateCache(196)) - created volume:vol1 for user:runner
2023-08-25 08:54:20,913 [Time-limited test] INFO  rpc.RpcClient (RpcClient.java:createBucket(688)) - Creating Bucket: vol1/bucket1, with server-side default bucket layout, runner as owner, Versioning false, Storage Type set to DISK and Encryption set to false, Replication Type set to server-side default replication type, Namespace Quota set to -1, Space Quota set to -1 
2023-08-25 08:54:20,916 [OM StateMachine ApplyTransaction Thread - 0] INFO  bucket.OMBucketCreateRequest (OMBucketCreateRequest.java:validateAndUpdateCache(270)) - created bucket: bucket1 of layout FILE_SYSTEM_OPTIMIZED in volume: vol1
2023-08-25 08:54:20,940 [IPC Server handler 4 on default port 15266] INFO  ha.SequenceIdGenerator (SequenceIdGenerator.java:getNextId(140)) - Allocate a batch for containerId, change lastId from 0 to 1000.
2023-08-25 08:54:20,941 [IPC Server handler 4 on default port 15266] WARN  ha.SequenceIdGenerator (SequenceIdGenerator.java:allocateBatch(253)) - Failed to allocate a batch for localId, expected lastId is 0, actual lastId is 111677748019200000.
2023-08-25 08:54:20,941 [IPC Server handler 4 on default port 15266] INFO  ha.SequenceIdGenerator (SequenceIdGenerator.java:getNextId(140)) - Allocate a batch for localId, change lastId from 111677748019200000 to 111677748019201000.
2023-08-25 08:54:20,952 [d44cbbb4-6878-45fc-b8ff-9a9a6a2d2fa6@group-066DED60C3AB-FollowerState] INFO  impl.FollowerState (FollowerState.java:run(143)) - d44cbbb4-6878-45fc-b8ff-9a9a6a2d2fa6@group-066DED60C3AB-FollowerState: change to CANDIDATE, lastRpcElapsedTime:5080320280ns, electionTimeout:5079ms
2023-08-25 08:54:20,952 [d44cbbb4-6878-45fc-b8ff-9a9a6a2d2fa6@group-066DED60C3AB-FollowerState] INFO  impl.RoleInfo (RoleInfo.java:shutdownFollowerState(110)) - d44cbbb4-6878-45fc-b8ff-9a9a6a2d2fa6: shutdown d44cbbb4-6878-45fc-b8ff-9a9a6a2d2fa6@group-066DED60C3AB-FollowerState
2023-08-25 08:54:20,952 [d44cbbb4-6878-45fc-b8ff-9a9a6a2d2fa6@group-066DED60C3AB-FollowerState] INFO  server.RaftServer$Division (RaftServerImpl.java:setRole(329)) - d44cbbb4-6878-45fc-b8ff-9a9a6a2d2fa6@group-066DED60C3AB: changes role from  FOLLOWER to CANDIDATE at term 0 for changeToCandidate
2023-08-25 08:54:20,957 [d44cbbb4-6878-45fc-b8ff-9a9a6a2d2fa6@group-066DED60C3AB-FollowerState] INFO  server.RaftServerConfigKeys (ConfUtils.java:logGet(46)) - raft.server.leaderelection.pre-vote = true (default)
2023-08-25 08:54:20,957 [d44cbbb4-6878-45fc-b8ff-9a9a6a2d2fa6@group-066DED60C3AB-FollowerState] INFO  impl.RoleInfo (RoleInfo.java:updateAndGet(139)) - d44cbbb4-6878-45fc-b8ff-9a9a6a2d2fa6: start d44cbbb4-6878-45fc-b8ff-9a9a6a2d2fa6@group-066DED60C3AB-LeaderElection55
2023-08-25 08:54:20,961 [d44cbbb4-6878-45fc-b8ff-9a9a6a2d2fa6@group-066DED60C3AB-LeaderElection55] INFO  impl.LeaderElection (LeaderElection.java:askForVotes(321)) - d44cbbb4-6878-45fc-b8ff-9a9a6a2d2fa6@group-066DED60C3AB-LeaderElection55 PRE_VOTE round 0: submit vote requests at term 0 for -1: peers:[d44cbbb4-6878-45fc-b8ff-9a9a6a2d2fa6|rpc:10.1.0.19:15288|admin:10.1.0.19:15287|client:10.1.0.19:15286|dataStream:10.1.0.19:15289|priority:1|startupRole:FOLLOWER]|listeners:[], old=null
2023-08-25 08:54:20,961 [d44cbbb4-6878-45fc-b8ff-9a9a6a2d2fa6@group-066DED60C3AB-LeaderElection55] INFO  impl.LeaderElection (LeaderElection.java:askForVotes(323)) - d44cbbb4-6878-45fc-b8ff-9a9a6a2d2fa6@group-066DED60C3AB-LeaderElection55 PRE_VOTE round 0: result PASSED (term=0)
2023-08-25 08:54:20,970 [d44cbbb4-6878-45fc-b8ff-9a9a6a2d2fa6@group-066DED60C3AB-LeaderElection55] INFO  impl.LeaderElection (LeaderElection.java:askForVotes(321)) - d44cbbb4-6878-45fc-b8ff-9a9a6a2d2fa6@group-066DED60C3AB-LeaderElection55 ELECTION round 0: submit vote requests at term 1 for -1: peers:[d44cbbb4-6878-45fc-b8ff-9a9a6a2d2fa6|rpc:10.1.0.19:15288|admin:10.1.0.19:15287|client:10.1.0.19:15286|dataStream:10.1.0.19:15289|priority:1|startupRole:FOLLOWER]|listeners:[], old=null
2023-08-25 08:54:20,970 [d44cbbb4-6878-45fc-b8ff-9a9a6a2d2fa6@group-066DED60C3AB-LeaderElection55] INFO  impl.LeaderElection (LeaderElection.java:askForVotes(323)) - d44cbbb4-6878-45fc-b8ff-9a9a6a2d2fa6@group-066DED60C3AB-LeaderElection55 ELECTION round 0: result PASSED (term=1)
2023-08-25 08:54:20,970 [d44cbbb4-6878-45fc-b8ff-9a9a6a2d2fa6@group-066DED60C3AB-LeaderElection55] INFO  impl.RoleInfo (RoleInfo.java:shutdownLeaderElection(130)) - d44cbbb4-6878-45fc-b8ff-9a9a6a2d2fa6: shutdown d44cbbb4-6878-45fc-b8ff-9a9a6a2d2fa6@group-066DED60C3AB-LeaderElection55
2023-08-25 08:54:20,970 [d44cbbb4-6878-45fc-b8ff-9a9a6a2d2fa6@group-066DED60C3AB-LeaderElection55] INFO  server.RaftServer$Division (RaftServerImpl.java:setRole(329)) - d44cbbb4-6878-45fc-b8ff-9a9a6a2d2fa6@group-066DED60C3AB: changes role from CANDIDATE to LEADER at term 1 for changeToLeader
2023-08-25 08:54:20,970 [d44cbbb4-6878-45fc-b8ff-9a9a6a2d2fa6@group-066DED60C3AB-LeaderElection55] INFO  ratis.XceiverServerRatis (XceiverServerRatis.java:handleLeaderChangedNotification(902)) - Leader change notification received for group: group-066DED60C3AB with new leaderId: d44cbbb4-6878-45fc-b8ff-9a9a6a2d2fa6
2023-08-25 08:54:20,970 [d44cbbb4-6878-45fc-b8ff-9a9a6a2d2fa6@group-066DED60C3AB-LeaderElection55] INFO  server.RaftServer$Division (ServerState.java:setLeader(317)) - d44cbbb4-6878-45fc-b8ff-9a9a6a2d2fa6@group-066DED60C3AB: change Leader from null to d44cbbb4-6878-45fc-b8ff-9a9a6a2d2fa6 at term 1 for becomeLeader, leader elected after 5132ms
2023-08-25 08:54:20,971 [d44cbbb4-6878-45fc-b8ff-9a9a6a2d2fa6@group-066DED60C3AB-LeaderElection55] INFO  server.RaftServerConfigKeys (ConfUtils.java:logGet(46)) - raft.server.staging.catchup.gap = 1000 (default)
2023-08-25 08:54:20,973 [d44cbbb4-6878-45fc-b8ff-9a9a6a2d2fa6@group-066DED60C3AB-LeaderElection55] INFO  server.RaftServerConfigKeys (ConfUtils.java:logGet(46)) - raft.server.write.element-limit = 1024 (custom)
2023-08-25 08:54:20,977 [d44cbbb4-6878-45fc-b8ff-9a9a6a2d2fa6@group-066DED60C3AB-LeaderElection55] INFO  server.RaftServerConfigKeys (ConfUtils.java:logGet(46)) - raft.server.write.byte-limit = 1024 M (=1073741824) (custom)
2023-08-25 08:54:20,977 [d44cbbb4-6878-45fc-b8ff-9a9a6a2d2fa6@group-066DED60C3AB-LeaderElection55] INFO  server.RaftServerConfigKeys (ConfUtils.java:logGet(46)) - raft.server.watch.timeout = 180s (custom)
2023-08-25 08:54:20,978 [d44cbbb4-6878-45fc-b8ff-9a9a6a2d2fa6@group-066DED60C3AB-LeaderElection55] INFO  server.RaftServerConfigKeys (ConfUtils.java:logGet(46)) - raft.server.watch.timeout.denomination = 1s (default)
2023-08-25 08:54:20,978 [d44cbbb4-6878-45fc-b8ff-9a9a6a2d2fa6@group-066DED60C3AB-LeaderElection55] INFO  server.RaftServerConfigKeys (ConfUtils.java:logGet(46)) - raft.server.watch.element-limit = 65536 (default)
2023-08-25 08:54:20,978 [d44cbbb4-6878-45fc-b8ff-9a9a6a2d2fa6@group-066DED60C3AB-LeaderElection55] INFO  server.RaftServerConfigKeys (ConfUtils.java:logGet(46)) - raft.server.write.element-limit = 1024 (custom)
2023-08-25 08:54:20,978 [d44cbbb4-6878-45fc-b8ff-9a9a6a2d2fa6@group-066DED60C3AB-LeaderElection55] INFO  server.RaftServerConfigKeys (ConfUtils.java:logGet(46)) - raft.server.write.follower.gap.ratio.max = -1.0 (default)
2023-08-25 08:54:20,978 [d44cbbb4-6878-45fc-b8ff-9a9a6a2d2fa6@group-066DED60C3AB-LeaderElection55] INFO  impl.RoleInfo (RoleInfo.java:updateAndGet(139)) - d44cbbb4-6878-45fc-b8ff-9a9a6a2d2fa6: start d44cbbb4-6878-45fc-b8ff-9a9a6a2d2fa6@group-066DED60C3AB-LeaderStateImpl
2023-08-25 08:54:20,978 [8c499c0a-8bdd-4b02-9c6d-bb3555d01e53@group-51A9D41E8872-FollowerState] INFO  impl.FollowerState (FollowerState.java:run(143)) - 8c499c0a-8bdd-4b02-9c6d-bb3555d01e53@group-51A9D41E8872-FollowerState: change to CANDIDATE, lastRpcElapsedTime:5142427470ns, electionTimeout:5142ms
2023-08-25 08:54:20,978 [8c499c0a-8bdd-4b02-9c6d-bb3555d01e53@group-51A9D41E8872-FollowerState] INFO  impl.RoleInfo (RoleInfo.java:shutdownFollowerState(110)) - 8c499c0a-8bdd-4b02-9c6d-bb3555d01e53: shutdown 8c499c0a-8bdd-4b02-9c6d-bb3555d01e53@group-51A9D41E8872-FollowerState
2023-08-25 08:54:20,978 [8c499c0a-8bdd-4b02-9c6d-bb3555d01e53@group-51A9D41E8872-FollowerState] INFO  server.RaftServer$Division (RaftServerImpl.java:setRole(329)) - 8c499c0a-8bdd-4b02-9c6d-bb3555d01e53@group-51A9D41E8872: changes role from  FOLLOWER to CANDIDATE at term 0 for changeToCandidate
2023-08-25 08:54:20,978 [d44cbbb4-6878-45fc-b8ff-9a9a6a2d2fa6@group-066DED60C3AB-LeaderElection55] INFO  segmented.SegmentedRaftLogWorker (SegmentedRaftLogWorker.java:startLogSegment(447)) - d44cbbb4-6878-45fc-b8ff-9a9a6a2d2fa6@group-066DED60C3AB-SegmentedRaftLogWorker: Starting segment from index:0
2023-08-25 08:54:20,982 [8c499c0a-8bdd-4b02-9c6d-bb3555d01e53@group-51A9D41E8872-FollowerState] INFO  server.RaftServerConfigKeys (ConfUtils.java:logGet(46)) - raft.server.leaderelection.pre-vote = true (default)
2023-08-25 08:54:20,982 [8c499c0a-8bdd-4b02-9c6d-bb3555d01e53@group-51A9D41E8872-FollowerState] INFO  impl.RoleInfo (RoleInfo.java:updateAndGet(139)) - 8c499c0a-8bdd-4b02-9c6d-bb3555d01e53: start 8c499c0a-8bdd-4b02-9c6d-bb3555d01e53@group-51A9D41E8872-LeaderElection56
2023-08-25 08:54:20,983 [d44cbbb4-6878-45fc-b8ff-9a9a6a2d2fa6@group-066DED60C3AB-SegmentedRaftLogWorker] INFO  segmented.SegmentedRaftLogWorker (SegmentedRaftLogWorker.java:execute(651)) - d44cbbb4-6878-45fc-b8ff-9a9a6a2d2fa6@group-066DED60C3AB-SegmentedRaftLogWorker: created new log segment /home/runner/work/ozone/ozone/hadoop-ozone/integration-test/target/test-dir/MiniOzoneClusterImpl-e7e10417-51b4-42c5-96ae-91e23fec58ac/datanode-1/data/ratis/08aa62b6-d846-41b2-a18e-066ded60c3ab/current/log_inprogress_0
2023-08-25 08:54:21,011 [d44cbbb4-6878-45fc-b8ff-9a9a6a2d2fa6@group-066DED60C3AB-LeaderElection55] INFO  server.RaftServer$Division (ServerState.java:setRaftConf(434)) - d44cbbb4-6878-45fc-b8ff-9a9a6a2d2fa6@group-066DED60C3AB: set configuration 0: peers:[d44cbbb4-6878-45fc-b8ff-9a9a6a2d2fa6|rpc:10.1.0.19:15288|admin:10.1.0.19:15287|client:10.1.0.19:15286|dataStream:10.1.0.19:15289|priority:1|startupRole:FOLLOWER]|listeners:[], old=null
2023-08-25 08:54:21,014 [8c499c0a-8bdd-4b02-9c6d-bb3555d01e53@group-51A9D41E8872-LeaderElection56] INFO  impl.LeaderElection (LeaderElection.java:askForVotes(321)) - 8c499c0a-8bdd-4b02-9c6d-bb3555d01e53@group-51A9D41E8872-LeaderElection56 PRE_VOTE round 0: submit vote requests at term 0 for -1: peers:[8c499c0a-8bdd-4b02-9c6d-bb3555d01e53|rpc:10.1.0.19:15297|admin:10.1.0.19:15296|client:10.1.0.19:15295|dataStream:10.1.0.19:15298|priority:1|startupRole:FOLLOWER, d44cbbb4-6878-45fc-b8ff-9a9a6a2d2fa6|rpc:10.1.0.19:15288|admin:10.1.0.19:15287|client:10.1.0.19:15286|dataStream:10.1.0.19:15289|priority:0|startupRole:FOLLOWER, 19c619f1-2007-441e-8fe6-e07ebc4fc791|rpc:10.1.0.19:15279|admin:10.1.0.19:15278|client:10.1.0.19:15277|dataStream:10.1.0.19:15280|priority:0|startupRole:FOLLOWER]|listeners:[], old=null
2023-08-25 08:54:21,021 [8c499c0a-8bdd-4b02-9c6d-bb3555d01e53@group-51A9D41E8872-LeaderElection56-1] INFO  server.GrpcServerProtocolClient (GrpcServerProtocolClient.java:<init>(65)) - Build channel for d44cbbb4-6878-45fc-b8ff-9a9a6a2d2fa6
2023-08-25 08:54:21,024 [8c499c0a-8bdd-4b02-9c6d-bb3555d01e53@group-51A9D41E8872-LeaderElection56] INFO  server.RaftServerConfigKeys (ConfUtils.java:logFallback(53)) - raft.server.rpc.first-election.timeout.min = 5s (fallback to raft.server.rpc.timeout.min)
2023-08-25 08:54:21,024 [8c499c0a-8bdd-4b02-9c6d-bb3555d01e53@group-51A9D41E8872-LeaderElection56] INFO  server.RaftServerConfigKeys (ConfUtils.java:logFallback(53)) - raft.server.rpc.first-election.timeout.max = 5200ms (fallback to raft.server.rpc.timeout.max)
2023-08-25 08:54:21,035 [8c499c0a-8bdd-4b02-9c6d-bb3555d01e53@group-51A9D41E8872-LeaderElection56-2] INFO  server.GrpcServerProtocolClient (GrpcServerProtocolClient.java:<init>(65)) - Build channel for 19c619f1-2007-441e-8fe6-e07ebc4fc791
2023-08-25 08:54:21,061 [ReplicationMonitor] INFO  replication.ReplicationManager (ReplicationManager.java:processAll(361)) - Replication Manager is not ready to run until 3000ms after safemode exit
2023-08-25 08:54:21,062 [grpc-default-executor-1] INFO  server.RaftServer$Division (RaftServerImpl.java:requestVote(1302)) - 19c619f1-2007-441e-8fe6-e07ebc4fc791@group-51A9D41E8872: receive requestVote(PRE_VOTE, 8c499c0a-8bdd-4b02-9c6d-bb3555d01e53, group-51A9D41E8872, 0, (t:0, i:0))
2023-08-25 08:54:21,063 [grpc-default-executor-1] INFO  impl.VoteContext (VoteContext.java:log(49)) - 19c619f1-2007-441e-8fe6-e07ebc4fc791@group-51A9D41E8872-FOLLOWER: accept PRE_VOTE from 8c499c0a-8bdd-4b02-9c6d-bb3555d01e53: our priority 0 <= candidate's priority 1
2023-08-25 08:54:21,063 [grpc-default-executor-1] INFO  server.RaftServer$Division (RaftServerImpl.java:requestVote(1335)) - 19c619f1-2007-441e-8fe6-e07ebc4fc791@group-51A9D41E8872 replies to PRE_VOTE vote request: 8c499c0a-8bdd-4b02-9c6d-bb3555d01e53<-19c619f1-2007-441e-8fe6-e07ebc4fc791#0:OK-t0. Peer's state: 19c619f1-2007-441e-8fe6-e07ebc4fc791@group-51A9D41E8872:t0, leader=null, voted=, raftlog=Memoized:19c619f1-2007-441e-8fe6-e07ebc4fc791@group-51A9D41E8872-SegmentedRaftLog:OPENED:c-1, conf=-1: peers:[8c499c0a-8bdd-4b02-9c6d-bb3555d01e53|rpc:10.1.0.19:15297|admin:10.1.0.19:15296|client:10.1.0.19:15295|dataStream:10.1.0.19:15298|priority:1|startupRole:FOLLOWER, d44cbbb4-6878-45fc-b8ff-9a9a6a2d2fa6|rpc:10.1.0.19:15288|admin:10.1.0.19:15287|client:10.1.0.19:15286|dataStream:10.1.0.19:15289|priority:0|startupRole:FOLLOWER, 19c619f1-2007-441e-8fe6-e07ebc4fc791|rpc:10.1.0.19:15279|admin:10.1.0.19:15278|client:10.1.0.19:15277|dataStream:10.1.0.19:15280|priority:0|startupRole:FOLLOWER]|listeners:[], old=null
2023-08-25 08:54:21,062 [grpc-default-executor-2] INFO  server.RaftServer$Division (RaftServerImpl.java:requestVote(1302)) - d44cbbb4-6878-45fc-b8ff-9a9a6a2d2fa6@group-51A9D41E8872: receive requestVote(PRE_VOTE, 8c499c0a-8bdd-4b02-9c6d-bb3555d01e53, group-51A9D41E8872, 0, (t:0, i:0))
2023-08-25 08:54:21,064 [grpc-default-executor-2] INFO  impl.VoteContext (VoteContext.java:log(49)) - d44cbbb4-6878-45fc-b8ff-9a9a6a2d2fa6@group-51A9D41E8872-FOLLOWER: accept PRE_VOTE from 8c499c0a-8bdd-4b02-9c6d-bb3555d01e53: our priority 0 <= candidate's priority 1
2023-08-25 08:54:21,064 [grpc-default-executor-2] INFO  server.RaftServer$Division (RaftServerImpl.java:requestVote(1335)) - d44cbbb4-6878-45fc-b8ff-9a9a6a2d2fa6@group-51A9D41E8872 replies to PRE_VOTE vote request: 8c499c0a-8bdd-4b02-9c6d-bb3555d01e53<-d44cbbb4-6878-45fc-b8ff-9a9a6a2d2fa6#0:OK-t0. Peer's state: d44cbbb4-6878-45fc-b8ff-9a9a6a2d2fa6@group-51A9D41E8872:t0, leader=null, voted=, raftlog=Memoized:d44cbbb4-6878-45fc-b8ff-9a9a6a2d2fa6@group-51A9D41E8872-SegmentedRaftLog:OPENED:c-1, conf=-1: peers:[8c499c0a-8bdd-4b02-9c6d-bb3555d01e53|rpc:10.1.0.19:15297|admin:10.1.0.19:15296|client:10.1.0.19:15295|dataStream:10.1.0.19:15298|priority:1|startupRole:FOLLOWER, d44cbbb4-6878-45fc-b8ff-9a9a6a2d2fa6|rpc:10.1.0.19:15288|admin:10.1.0.19:15287|client:10.1.0.19:15286|dataStream:10.1.0.19:15289|priority:0|startupRole:FOLLOWER, 19c619f1-2007-441e-8fe6-e07ebc4fc791|rpc:10.1.0.19:15279|admin:10.1.0.19:15278|client:10.1.0.19:15277|dataStream:10.1.0.19:15280|priority:0|startupRole:FOLLOWER]|listeners:[], old=null
2023-08-25 08:54:21,083 [8c499c0a-8bdd-4b02-9c6d-bb3555d01e53@group-51A9D41E8872-LeaderElection56] INFO  impl.LeaderElection (LeaderElection.java:logAndReturn(90)) - 8c499c0a-8bdd-4b02-9c6d-bb3555d01e53@group-51A9D41E8872-LeaderElection56: PRE_VOTE PASSED received 1 response(s) and 0 exception(s):
2023-08-25 08:54:21,083 [8c499c0a-8bdd-4b02-9c6d-bb3555d01e53@group-51A9D41E8872-LeaderElection56] INFO  impl.LeaderElection (LeaderElection.java:logAndReturn(94)) -   Response 0: 8c499c0a-8bdd-4b02-9c6d-bb3555d01e53<-d44cbbb4-6878-45fc-b8ff-9a9a6a2d2fa6#0:OK-t0
2023-08-25 08:54:21,098 [8c499c0a-8bdd-4b02-9c6d-bb3555d01e53@group-51A9D41E8872-LeaderElection56] INFO  impl.LeaderElection (LeaderElection.java:askForVotes(323)) - 8c499c0a-8bdd-4b02-9c6d-bb3555d01e53@group-51A9D41E8872-LeaderElection56 PRE_VOTE round 0: result PASSED
2023-08-25 08:54:21,100 [8c499c0a-8bdd-4b02-9c6d-bb3555d01e53@group-51A9D41E8872-LeaderElection56] INFO  impl.LeaderElection (LeaderElection.java:askForVotes(321)) - 8c499c0a-8bdd-4b02-9c6d-bb3555d01e53@group-51A9D41E8872-LeaderElection56 ELECTION round 0: submit vote requests at term 1 for -1: peers:[8c499c0a-8bdd-4b02-9c6d-bb3555d01e53|rpc:10.1.0.19:15297|admin:10.1.0.19:15296|client:10.1.0.19:15295|dataStream:10.1.0.19:15298|priority:1|startupRole:FOLLOWER, d44cbbb4-6878-45fc-b8ff-9a9a6a2d2fa6|rpc:10.1.0.19:15288|admin:10.1.0.19:15287|client:10.1.0.19:15286|dataStream:10.1.0.19:15289|priority:0|startupRole:FOLLOWER, 19c619f1-2007-441e-8fe6-e07ebc4fc791|rpc:10.1.0.19:15279|admin:10.1.0.19:15278|client:10.1.0.19:15277|dataStream:10.1.0.19:15280|priority:0|startupRole:FOLLOWER]|listeners:[], old=null
2023-08-25 08:54:21,112 [8c499c0a-8bdd-4b02-9c6d-bb3555d01e53@group-51A9D41E8872-LeaderElection56] INFO  server.RaftServerConfigKeys (ConfUtils.java:logFallback(53)) - raft.server.rpc.first-election.timeout.min = 5s (fallback to raft.server.rpc.timeout.min)
2023-08-25 08:54:21,112 [8c499c0a-8bdd-4b02-9c6d-bb3555d01e53@group-51A9D41E8872-LeaderElection56] INFO  server.RaftServerConfigKeys (ConfUtils.java:logFallback(53)) - raft.server.rpc.first-election.timeout.max = 5200ms (fallback to raft.server.rpc.timeout.max)
2023-08-25 08:54:21,125 [grpc-default-executor-1] INFO  server.RaftServer$Division (RaftServerImpl.java:requestVote(1302)) - d44cbbb4-6878-45fc-b8ff-9a9a6a2d2fa6@group-51A9D41E8872: receive requestVote(ELECTION, 8c499c0a-8bdd-4b02-9c6d-bb3555d01e53, group-51A9D41E8872, 1, (t:0, i:0))
2023-08-25 08:54:21,125 [grpc-default-executor-1] INFO  impl.VoteContext (VoteContext.java:log(49)) - d44cbbb4-6878-45fc-b8ff-9a9a6a2d2fa6@group-51A9D41E8872-FOLLOWER: accept ELECTION from 8c499c0a-8bdd-4b02-9c6d-bb3555d01e53: our priority 0 <= candidate's priority 1
2023-08-25 08:54:21,125 [grpc-default-executor-1] INFO  server.RaftServer$Division (RaftServerImpl.java:setRole(329)) - d44cbbb4-6878-45fc-b8ff-9a9a6a2d2fa6@group-51A9D41E8872: changes role from  FOLLOWER to FOLLOWER at term 1 for candidate:8c499c0a-8bdd-4b02-9c6d-bb3555d01e53
2023-08-25 08:54:21,125 [grpc-default-executor-1] INFO  impl.RoleInfo (RoleInfo.java:shutdownFollowerState(110)) - d44cbbb4-6878-45fc-b8ff-9a9a6a2d2fa6: shutdown d44cbbb4-6878-45fc-b8ff-9a9a6a2d2fa6@group-51A9D41E8872-FollowerState
2023-08-25 08:54:21,130 [grpc-default-executor-1] INFO  impl.RoleInfo (RoleInfo.java:updateAndGet(139)) - d44cbbb4-6878-45fc-b8ff-9a9a6a2d2fa6: start d44cbbb4-6878-45fc-b8ff-9a9a6a2d2fa6@group-51A9D41E8872-FollowerState
2023-08-25 08:54:21,130 [d44cbbb4-6878-45fc-b8ff-9a9a6a2d2fa6@group-51A9D41E8872-FollowerState] INFO  impl.FollowerState (FollowerState.java:run(152)) - d44cbbb4-6878-45fc-b8ff-9a9a6a2d2fa6@group-51A9D41E8872-FollowerState was interrupted
2023-08-25 08:54:21,132 [grpc-default-executor-1] INFO  server.RaftServer$Division (RaftServerImpl.java:requestVote(1335)) - d44cbbb4-6878-45fc-b8ff-9a9a6a2d2fa6@group-51A9D41E8872 replies to ELECTION vote request: 8c499c0a-8bdd-4b02-9c6d-bb3555d01e53<-d44cbbb4-6878-45fc-b8ff-9a9a6a2d2fa6#0:OK-t1. Peer's state: d44cbbb4-6878-45fc-b8ff-9a9a6a2d2fa6@group-51A9D41E8872:t1, leader=null, voted=8c499c0a-8bdd-4b02-9c6d-bb3555d01e53, raftlog=Memoized:d44cbbb4-6878-45fc-b8ff-9a9a6a2d2fa6@group-51A9D41E8872-SegmentedRaftLog:OPENED:c-1, conf=-1: peers:[8c499c0a-8bdd-4b02-9c6d-bb3555d01e53|rpc:10.1.0.19:15297|admin:10.1.0.19:15296|client:10.1.0.19:15295|dataStream:10.1.0.19:15298|priority:1|startupRole:FOLLOWER, d44cbbb4-6878-45fc-b8ff-9a9a6a2d2fa6|rpc:10.1.0.19:15288|admin:10.1.0.19:15287|client:10.1.0.19:15286|dataStream:10.1.0.19:15289|priority:0|startupRole:FOLLOWER, 19c619f1-2007-441e-8fe6-e07ebc4fc791|rpc:10.1.0.19:15279|admin:10.1.0.19:15278|client:10.1.0.19:15277|dataStream:10.1.0.19:15280|priority:0|startupRole:FOLLOWER]|listeners:[], old=null
2023-08-25 08:54:21,134 [8c499c0a-8bdd-4b02-9c6d-bb3555d01e53@group-51A9D41E8872-LeaderElection56] INFO  impl.LeaderElection (LeaderElection.java:logAndReturn(90)) - 8c499c0a-8bdd-4b02-9c6d-bb3555d01e53@group-51A9D41E8872-LeaderElection56: ELECTION PASSED received 1 response(s) and 0 exception(s):
2023-08-25 08:54:21,134 [8c499c0a-8bdd-4b02-9c6d-bb3555d01e53@group-51A9D41E8872-LeaderElection56] INFO  impl.LeaderElection (LeaderElection.java:logAndReturn(94)) -   Response 0: 8c499c0a-8bdd-4b02-9c6d-bb3555d01e53<-d44cbbb4-6878-45fc-b8ff-9a9a6a2d2fa6#0:OK-t1
2023-08-25 08:54:21,134 [8c499c0a-8bdd-4b02-9c6d-bb3555d01e53@group-51A9D41E8872-LeaderElection56] INFO  impl.LeaderElection (LeaderElection.java:askForVotes(323)) - 8c499c0a-8bdd-4b02-9c6d-bb3555d01e53@group-51A9D41E8872-LeaderElection56 ELECTION round 0: result PASSED
2023-08-25 08:54:21,134 [8c499c0a-8bdd-4b02-9c6d-bb3555d01e53@group-51A9D41E8872-LeaderElection56] INFO  impl.RoleInfo (RoleInfo.java:shutdownLeaderElection(130)) - 8c499c0a-8bdd-4b02-9c6d-bb3555d01e53: shutdown 8c499c0a-8bdd-4b02-9c6d-bb3555d01e53@group-51A9D41E8872-LeaderElection56
2023-08-25 08:54:21,134 [8c499c0a-8bdd-4b02-9c6d-bb3555d01e53@group-51A9D41E8872-LeaderElection56] INFO  server.RaftServer$Division (RaftServerImpl.java:setRole(329)) - 8c499c0a-8bdd-4b02-9c6d-bb3555d01e53@group-51A9D41E8872: changes role from CANDIDATE to LEADER at term 1 for changeToLeader
2023-08-25 08:54:21,134 [8c499c0a-8bdd-4b02-9c6d-bb3555d01e53@group-51A9D41E8872-LeaderElection56] INFO  ratis.XceiverServerRatis (XceiverServerRatis.java:handleLeaderChangedNotification(902)) - Leader change notification received for group: group-51A9D41E8872 with new leaderId: 8c499c0a-8bdd-4b02-9c6d-bb3555d01e53
2023-08-25 08:54:21,134 [8c499c0a-8bdd-4b02-9c6d-bb3555d01e53@group-51A9D41E8872-LeaderElection56] INFO  server.RaftServer$Division (ServerState.java:setLeader(317)) - 8c499c0a-8bdd-4b02-9c6d-bb3555d01e53@group-51A9D41E8872: change Leader from null to 8c499c0a-8bdd-4b02-9c6d-bb3555d01e53 at term 1 for becomeLeader, leader elected after 5414ms
2023-08-25 08:54:21,134 [8c499c0a-8bdd-4b02-9c6d-bb3555d01e53@group-51A9D41E8872-LeaderElection56] INFO  server.RaftServerConfigKeys (ConfUtils.java:logGet(46)) - raft.server.staging.catchup.gap = 1000 (default)
2023-08-25 08:54:21,134 [8c499c0a-8bdd-4b02-9c6d-bb3555d01e53@group-51A9D41E8872-LeaderElection56] INFO  server.RaftServerConfigKeys (ConfUtils.java:logGet(46)) - raft.server.write.element-limit = 1024 (custom)
2023-08-25 08:54:21,134 [8c499c0a-8bdd-4b02-9c6d-bb3555d01e53@group-51A9D41E8872-LeaderElection56] INFO  server.RaftServerConfigKeys (ConfUtils.java:logGet(46)) - raft.server.write.byte-limit = 1024 M (=1073741824) (custom)
2023-08-25 08:54:21,134 [8c499c0a-8bdd-4b02-9c6d-bb3555d01e53@group-51A9D41E8872-LeaderElection56] INFO  server.RaftServerConfigKeys (ConfUtils.java:logGet(46)) - raft.server.watch.timeout = 180s (custom)
2023-08-25 08:54:21,134 [8c499c0a-8bdd-4b02-9c6d-bb3555d01e53@group-51A9D41E8872-LeaderElection56] INFO  server.RaftServerConfigKeys (ConfUtils.java:logGet(46)) - raft.server.watch.timeout.denomination = 1s (default)
2023-08-25 08:54:21,134 [8c499c0a-8bdd-4b02-9c6d-bb3555d01e53@group-51A9D41E8872-LeaderElection56] INFO  server.RaftServerConfigKeys (ConfUtils.java:logGet(46)) - raft.server.watch.element-limit = 65536 (default)
2023-08-25 08:54:21,135 [8c499c0a-8bdd-4b02-9c6d-bb3555d01e53@group-51A9D41E8872-LeaderElection56] INFO  server.RaftServerConfigKeys (ConfUtils.java:logGet(46)) - raft.server.write.element-limit = 1024 (custom)
2023-08-25 08:54:21,135 [8c499c0a-8bdd-4b02-9c6d-bb3555d01e53@group-51A9D41E8872-LeaderElection56] INFO  server.RaftServerConfigKeys (ConfUtils.java:logGet(46)) - raft.server.write.follower.gap.ratio.max = -1.0 (default)
2023-08-25 08:54:21,135 [8c499c0a-8bdd-4b02-9c6d-bb3555d01e53@group-51A9D41E8872-LeaderElection56] INFO  server.RaftServerConfigKeys (ConfUtils.java:logGet(46)) - raft.server.log.appender.snapshot.chunk.size.max = 16MB (=16777216) (default)
2023-08-25 08:54:21,135 [8c499c0a-8bdd-4b02-9c6d-bb3555d01e53@group-51A9D41E8872-LeaderElection56] INFO  server.RaftServerConfigKeys (ConfUtils.java:logGet(46)) - raft.server.log.appender.buffer.byte-limit = 33554432 (custom)
2023-08-25 08:54:21,135 [8c499c0a-8bdd-4b02-9c6d-bb3555d01e53@group-51A9D41E8872-LeaderElection56] INFO  server.RaftServerConfigKeys (ConfUtils.java:logGet(46)) - raft.server.log.appender.buffer.element-limit = 1 (custom)
2023-08-25 08:54:21,135 [8c499c0a-8bdd-4b02-9c6d-bb3555d01e53@group-51A9D41E8872-LeaderElection56] INFO  server.RaftServerConfigKeys (ConfUtils.java:logGet(46)) - raft.server.log.appender.wait-time.min = 10ms (default)
2023-08-25 08:54:21,135 [8c499c0a-8bdd-4b02-9c6d-bb3555d01e53@group-51A9D41E8872-LeaderElection56] INFO  grpc.GrpcConfigKeys (ConfUtils.java:logGet(46)) - raft.grpc.server.leader.outstanding.appends.max = 128 (default)
2023-08-25 08:54:21,135 [8c499c0a-8bdd-4b02-9c6d-bb3555d01e53@group-51A9D41E8872-LeaderElection56] INFO  server.RaftServerConfigKeys (ConfUtils.java:logGet(46)) - raft.server.rpc.request.timeout = 60s (custom)
2023-08-25 08:54:21,135 [8c499c0a-8bdd-4b02-9c6d-bb3555d01e53@group-51A9D41E8872-LeaderElection56] INFO  grpc.GrpcConfigKeys (ConfUtils.java:logGet(46)) - raft.grpc.server.install_snapshot.request.element-limit = 8 (default)
2023-08-25 08:54:21,135 [8c499c0a-8bdd-4b02-9c6d-bb3555d01e53@group-51A9D41E8872-LeaderElection56] INFO  grpc.GrpcConfigKeys (ConfUtils.java:logGet(46)) - raft.grpc.server.install_snapshot.request.timeout = 3000ms (default)
2023-08-25 08:54:21,135 [8c499c0a-8bdd-4b02-9c6d-bb3555d01e53@group-51A9D41E8872-LeaderElection56] INFO  server.RaftServerConfigKeys (ConfUtils.java:logGet(46)) - raft.server.log.appender.install.snapshot.enabled = false (custom)
2023-08-25 08:54:21,135 [8c499c0a-8bdd-4b02-9c6d-bb3555d01e53@group-51A9D41E8872-LeaderElection56] INFO  grpc.GrpcConfigKeys (ConfUtils.java:logGet(46)) - raft.grpc.server.heartbeat.channel = true (default)
2023-08-25 08:54:21,136 [8c499c0a-8bdd-4b02-9c6d-bb3555d01e53@group-51A9D41E8872-LeaderElection56] INFO  server.RaftServerConfigKeys (ConfUtils.java:logGet(46)) - raft.server.log.appender.snapshot.chunk.size.max = 16MB (=16777216) (default)
2023-08-25 08:54:21,136 [8c499c0a-8bdd-4b02-9c6d-bb3555d01e53@group-51A9D41E8872-LeaderElection56] INFO  server.RaftServerConfigKeys (ConfUtils.java:logGet(46)) - raft.server.log.appender.buffer.byte-limit = 33554432 (custom)
2023-08-25 08:54:21,136 [8c499c0a-8bdd-4b02-9c6d-bb3555d01e53@group-51A9D41E8872-LeaderElection56] INFO  server.RaftServerConfigKeys (ConfUtils.java:logGet(46)) - raft.server.log.appender.buffer.element-limit = 1 (custom)
2023-08-25 08:54:21,136 [8c499c0a-8bdd-4b02-9c6d-bb3555d01e53@group-51A9D41E8872-LeaderElection56] INFO  server.RaftServerConfigKeys (ConfUtils.java:logGet(46)) - raft.server.log.appender.wait-time.min = 10ms (default)
2023-08-25 08:54:21,136 [8c499c0a-8bdd-4b02-9c6d-bb3555d01e53@group-51A9D41E8872-LeaderElection56] INFO  grpc.GrpcConfigKeys (ConfUtils.java:logGet(46)) - raft.grpc.server.leader.outstanding.appends.max = 128 (default)
2023-08-25 08:54:21,136 [8c499c0a-8bdd-4b02-9c6d-bb3555d01e53@group-51A9D41E8872-LeaderElection56] INFO  server.RaftServerConfigKeys (ConfUtils.java:logGet(46)) - raft.server.rpc.request.timeout = 60s (custom)
2023-08-25 08:54:21,136 [8c499c0a-8bdd-4b02-9c6d-bb3555d01e53@group-51A9D41E8872-LeaderElection56] INFO  grpc.GrpcConfigKeys (ConfUtils.java:logGet(46)) - raft.grpc.server.install_snapshot.request.element-limit = 8 (default)
2023-08-25 08:54:21,136 [8c499c0a-8bdd-4b02-9c6d-bb3555d01e53@group-51A9D41E8872-LeaderElection56] INFO  grpc.GrpcConfigKeys (ConfUtils.java:logGet(46)) - raft.grpc.server.install_snapshot.request.timeout = 3000ms (default)
2023-08-25 08:54:21,136 [8c499c0a-8bdd-4b02-9c6d-bb3555d01e53@group-51A9D41E8872-LeaderElection56] INFO  server.RaftServerConfigKeys (ConfUtils.java:logGet(46)) - raft.server.log.appender.install.snapshot.enabled = false (custom)
2023-08-25 08:54:21,136 [8c499c0a-8bdd-4b02-9c6d-bb3555d01e53@group-51A9D41E8872-LeaderElection56] INFO  grpc.GrpcConfigKeys (ConfUtils.java:logGet(46)) - raft.grpc.server.heartbeat.channel = true (default)
2023-08-25 08:54:21,137 [8c499c0a-8bdd-4b02-9c6d-bb3555d01e53@group-51A9D41E8872-LeaderElection56] INFO  impl.RoleInfo (RoleInfo.java:updateAndGet(139)) - 8c499c0a-8bdd-4b02-9c6d-bb3555d01e53: start 8c499c0a-8bdd-4b02-9c6d-bb3555d01e53@group-51A9D41E8872-LeaderStateImpl
2023-08-25 08:54:21,138 [EventQueue-PipelineReportForPipelineReportHandler] INFO  pipeline.PipelineReportHandler (PipelineReportHandler.java:processPipelineReport(136)) - Opened pipeline PipelineID=06c3252d-6abd-437c-b19f-51a9d41e8872
2023-08-25 08:54:21,140 [8c499c0a-8bdd-4b02-9c6d-bb3555d01e53@group-51A9D41E8872-LeaderElection56] INFO  segmented.SegmentedRaftLogWorker (SegmentedRaftLogWorker.java:startLogSegment(447)) - 8c499c0a-8bdd-4b02-9c6d-bb3555d01e53@group-51A9D41E8872-SegmentedRaftLogWorker: Starting segment from index:0
2023-08-25 08:54:21,142 [8c499c0a-8bdd-4b02-9c6d-bb3555d01e53@group-51A9D41E8872-SegmentedRaftLogWorker] INFO  segmented.SegmentedRaftLogWorker (SegmentedRaftLogWorker.java:execute(651)) - 8c499c0a-8bdd-4b02-9c6d-bb3555d01e53@group-51A9D41E8872-SegmentedRaftLogWorker: created new log segment /home/runner/work/ozone/ozone/hadoop-ozone/integration-test/target/test-dir/MiniOzoneClusterImpl-e7e10417-51b4-42c5-96ae-91e23fec58ac/datanode-2/data/ratis/06c3252d-6abd-437c-b19f-51a9d41e8872/current/log_inprogress_0
2023-08-25 08:54:21,156 [grpc-default-executor-1] INFO  server.RaftServer$Division (RaftServerImpl.java:requestVote(1302)) - 19c619f1-2007-441e-8fe6-e07ebc4fc791@group-51A9D41E8872: receive requestVote(ELECTION, 8c499c0a-8bdd-4b02-9c6d-bb3555d01e53, group-51A9D41E8872, 1, (t:0, i:0))
2023-08-25 08:54:21,156 [grpc-default-executor-1] INFO  impl.VoteContext (VoteContext.java:log(49)) - 19c619f1-2007-441e-8fe6-e07ebc4fc791@group-51A9D41E8872-FOLLOWER: accept ELECTION from 8c499c0a-8bdd-4b02-9c6d-bb3555d01e53: our priority 0 <= candidate's priority 1
2023-08-25 08:54:21,156 [grpc-default-executor-1] INFO  server.RaftServer$Division (RaftServerImpl.java:setRole(329)) - 19c619f1-2007-441e-8fe6-e07ebc4fc791@group-51A9D41E8872: changes role from  FOLLOWER to FOLLOWER at term 1 for candidate:8c499c0a-8bdd-4b02-9c6d-bb3555d01e53
2023-08-25 08:54:21,156 [grpc-default-executor-1] INFO  impl.RoleInfo (RoleInfo.java:shutdownFollowerState(110)) - 19c619f1-2007-441e-8fe6-e07ebc4fc791: shutdown 19c619f1-2007-441e-8fe6-e07ebc4fc791@group-51A9D41E8872-FollowerState
2023-08-25 08:54:21,157 [8c499c0a-8bdd-4b02-9c6d-bb3555d01e53@group-51A9D41E8872-LeaderElection56] INFO  server.RaftServer$Division (ServerState.java:setRaftConf(434)) - 8c499c0a-8bdd-4b02-9c6d-bb3555d01e53@group-51A9D41E8872: set configuration 0: peers:[8c499c0a-8bdd-4b02-9c6d-bb3555d01e53|rpc:10.1.0.19:15297|admin:10.1.0.19:15296|client:10.1.0.19:15295|dataStream:10.1.0.19:15298|priority:1|startupRole:FOLLOWER, d44cbbb4-6878-45fc-b8ff-9a9a6a2d2fa6|rpc:10.1.0.19:15288|admin:10.1.0.19:15287|client:10.1.0.19:15286|dataStream:10.1.0.19:15289|priority:0|startupRole:FOLLOWER, 19c619f1-2007-441e-8fe6-e07ebc4fc791|rpc:10.1.0.19:15279|admin:10.1.0.19:15278|client:10.1.0.19:15277|dataStream:10.1.0.19:15280|priority:0|startupRole:FOLLOWER]|listeners:[], old=null
2023-08-25 08:54:21,157 [19c619f1-2007-441e-8fe6-e07ebc4fc791@group-51A9D41E8872-FollowerState] INFO  impl.FollowerState (FollowerState.java:run(152)) - 19c619f1-2007-441e-8fe6-e07ebc4fc791@group-51A9D41E8872-FollowerState was interrupted
2023-08-25 08:54:21,157 [grpc-default-executor-1] INFO  impl.RoleInfo (RoleInfo.java:updateAndGet(139)) - 19c619f1-2007-441e-8fe6-e07ebc4fc791: start 19c619f1-2007-441e-8fe6-e07ebc4fc791@group-51A9D41E8872-FollowerState
2023-08-25 08:54:21,161 [grpc-default-executor-1] INFO  server.RaftServer$Division (RaftServerImpl.java:requestVote(1335)) - 19c619f1-2007-441e-8fe6-e07ebc4fc791@group-51A9D41E8872 replies to ELECTION vote request: 8c499c0a-8bdd-4b02-9c6d-bb3555d01e53<-19c619f1-2007-441e-8fe6-e07ebc4fc791#0:OK-t1. Peer's state: 19c619f1-2007-441e-8fe6-e07ebc4fc791@group-51A9D41E8872:t1, leader=null, voted=8c499c0a-8bdd-4b02-9c6d-bb3555d01e53, raftlog=Memoized:19c619f1-2007-441e-8fe6-e07ebc4fc791@group-51A9D41E8872-SegmentedRaftLog:OPENED:c-1, conf=-1: peers:[8c499c0a-8bdd-4b02-9c6d-bb3555d01e53|rpc:10.1.0.19:15297|admin:10.1.0.19:15296|client:10.1.0.19:15295|dataStream:10.1.0.19:15298|priority:1|startupRole:FOLLOWER, d44cbbb4-6878-45fc-b8ff-9a9a6a2d2fa6|rpc:10.1.0.19:15288|admin:10.1.0.19:15287|client:10.1.0.19:15286|dataStream:10.1.0.19:15289|priority:0|startupRole:FOLLOWER, 19c619f1-2007-441e-8fe6-e07ebc4fc791|rpc:10.1.0.19:15279|admin:10.1.0.19:15278|client:10.1.0.19:15277|dataStream:10.1.0.19:15280|priority:0|startupRole:FOLLOWER]|listeners:[], old=null
2023-08-25 08:54:21,164 [d44cbbb4-6878-45fc-b8ff-9a9a6a2d2fa6-server-thread2] INFO  ratis.XceiverServerRatis (XceiverServerRatis.java:handleLeaderChangedNotification(902)) - Leader change notification received for group: group-51A9D41E8872 with new leaderId: 8c499c0a-8bdd-4b02-9c6d-bb3555d01e53
2023-08-25 08:54:21,165 [d44cbbb4-6878-45fc-b8ff-9a9a6a2d2fa6-server-thread2] INFO  server.RaftServer$Division (ServerState.java:setLeader(317)) - d44cbbb4-6878-45fc-b8ff-9a9a6a2d2fa6@group-51A9D41E8872: change Leader from null to 8c499c0a-8bdd-4b02-9c6d-bb3555d01e53 at term 1 for appendEntries, leader elected after 5492ms
2023-08-25 08:54:21,172 [EventQueue-CloseContainerForCloseContainerEventHandler] INFO  container.CloseContainerEventHandler (CloseContainerEventHandler.java:onMessage(88)) - Close container Event triggered for container : #1, current state: OPEN
2023-08-25 08:54:21,173 [EventQueue-CloseContainerForCloseContainerEventHandler] INFO  container.CloseContainerEventHandler (CloseContainerEventHandler.java:onMessage(88)) - Close container Event triggered for container : #1, current state: CLOSING
2023-08-25 08:54:21,173 [EventQueue-CloseContainerForCloseContainerEventHandler] INFO  container.CloseContainerEventHandler (CloseContainerEventHandler.java:onMessage(88)) - Close container Event triggered for container : #1, current state: CLOSING
2023-08-25 08:54:21,174 [19c619f1-2007-441e-8fe6-e07ebc4fc791-server-thread2] INFO  ratis.XceiverServerRatis (XceiverServerRatis.java:handleLeaderChangedNotification(902)) - Leader change notification received for group: group-51A9D41E8872 with new leaderId: 8c499c0a-8bdd-4b02-9c6d-bb3555d01e53
2023-08-25 08:54:21,174 [19c619f1-2007-441e-8fe6-e07ebc4fc791-server-thread2] INFO  server.RaftServer$Division (ServerState.java:setLeader(317)) - 19c619f1-2007-441e-8fe6-e07ebc4fc791@group-51A9D41E8872: change Leader from null to 8c499c0a-8bdd-4b02-9c6d-bb3555d01e53 at term 1 for appendEntries, leader elected after 5534ms
2023-08-25 08:54:21,174 [19c619f1-2007-441e-8fe6-e07ebc4fc791-server-thread2] INFO  server.RaftServer$Division (ServerState.java:setRaftConf(434)) - 19c619f1-2007-441e-8fe6-e07ebc4fc791@group-51A9D41E8872: set configuration 0: peers:[8c499c0a-8bdd-4b02-9c6d-bb3555d01e53|rpc:10.1.0.19:15297|admin:10.1.0.19:15296|client:10.1.0.19:15295|dataStream:10.1.0.19:15298|priority:1|startupRole:FOLLOWER, d44cbbb4-6878-45fc-b8ff-9a9a6a2d2fa6|rpc:10.1.0.19:15288|admin:10.1.0.19:15287|client:10.1.0.19:15286|dataStream:10.1.0.19:15289|priority:0|startupRole:FOLLOWER, 19c619f1-2007-441e-8fe6-e07ebc4fc791|rpc:10.1.0.19:15279|admin:10.1.0.19:15278|client:10.1.0.19:15277|dataStream:10.1.0.19:15280|priority:0|startupRole:FOLLOWER]|listeners:[], old=null
2023-08-25 08:54:21,174 [19c619f1-2007-441e-8fe6-e07ebc4fc791-server-thread2] INFO  segmented.SegmentedRaftLogWorker (SegmentedRaftLogWorker.java:startLogSegment(447)) - 19c619f1-2007-441e-8fe6-e07ebc4fc791@group-51A9D41E8872-SegmentedRaftLogWorker: Starting segment from index:0
2023-08-25 08:54:21,175 [d44cbbb4-6878-45fc-b8ff-9a9a6a2d2fa6-server-thread1] INFO  server.RaftServer$Division (ServerState.java:setRaftConf(434)) - d44cbbb4-6878-45fc-b8ff-9a9a6a2d2fa6@group-51A9D41E8872: set configuration 0: peers:[8c499c0a-8bdd-4b02-9c6d-bb3555d01e53|rpc:10.1.0.19:15297|admin:10.1.0.19:15296|client:10.1.0.19:15295|dataStream:10.1.0.19:15298|priority:1|startupRole:FOLLOWER, d44cbbb4-6878-45fc-b8ff-9a9a6a2d2fa6|rpc:10.1.0.19:15288|admin:10.1.0.19:15287|client:10.1.0.19:15286|dataStream:10.1.0.19:15289|priority:0|startupRole:FOLLOWER, 19c619f1-2007-441e-8fe6-e07ebc4fc791|rpc:10.1.0.19:15279|admin:10.1.0.19:15278|client:10.1.0.19:15277|dataStream:10.1.0.19:15280|priority:0|startupRole:FOLLOWER]|listeners:[], old=null
2023-08-25 08:54:21,175 [d44cbbb4-6878-45fc-b8ff-9a9a6a2d2fa6-server-thread1] INFO  segmented.SegmentedRaftLogWorker (SegmentedRaftLogWorker.java:startLogSegment(447)) - d44cbbb4-6878-45fc-b8ff-9a9a6a2d2fa6@group-51A9D41E8872-SegmentedRaftLogWorker: Starting segment from index:0
2023-08-25 08:54:21,177 [19c619f1-2007-441e-8fe6-e07ebc4fc791@group-51A9D41E8872-SegmentedRaftLogWorker] INFO  segmented.SegmentedRaftLogWorker (SegmentedRaftLogWorker.java:execute(651)) - 19c619f1-2007-441e-8fe6-e07ebc4fc791@group-51A9D41E8872-SegmentedRaftLogWorker: created new log segment /home/runner/work/ozone/ozone/hadoop-ozone/integration-test/target/test-dir/MiniOzoneClusterImpl-e7e10417-51b4-42c5-96ae-91e23fec58ac/datanode-0/data/ratis/06c3252d-6abd-437c-b19f-51a9d41e8872/current/log_inprogress_0
2023-08-25 08:54:21,178 [d44cbbb4-6878-45fc-b8ff-9a9a6a2d2fa6@group-51A9D41E8872-SegmentedRaftLogWorker] INFO  segmented.SegmentedRaftLogWorker (SegmentedRaftLogWorker.java:execute(651)) - d44cbbb4-6878-45fc-b8ff-9a9a6a2d2fa6@group-51A9D41E8872-SegmentedRaftLogWorker: created new log segment /home/runner/work/ozone/ozone/hadoop-ozone/integration-test/target/test-dir/MiniOzoneClusterImpl-e7e10417-51b4-42c5-96ae-91e23fec58ac/datanode-1/data/ratis/06c3252d-6abd-437c-b19f-51a9d41e8872/current/log_inprogress_0
2023-08-25 08:54:21,335 [8c499c0a-8bdd-4b02-9c6d-bb3555d01e53@group-703FB21ACDD3-FollowerState] INFO  impl.FollowerState (FollowerState.java:run(143)) - 8c499c0a-8bdd-4b02-9c6d-bb3555d01e53@group-703FB21ACDD3-FollowerState: change to CANDIDATE, lastRpcElapsedTime:5136616943ns, electionTimeout:5136ms
2023-08-25 08:54:21,336 [8c499c0a-8bdd-4b02-9c6d-bb3555d01e53@group-703FB21ACDD3-FollowerState] INFO  impl.RoleInfo (RoleInfo.java:shutdownFollowerState(110)) - 8c499c0a-8bdd-4b02-9c6d-bb3555d01e53: shutdown 8c499c0a-8bdd-4b02-9c6d-bb3555d01e53@group-703FB21ACDD3-FollowerState
2023-08-25 08:54:21,336 [8c499c0a-8bdd-4b02-9c6d-bb3555d01e53@group-703FB21ACDD3-FollowerState] INFO  server.RaftServer$Division (RaftServerImpl.java:setRole(329)) - 8c499c0a-8bdd-4b02-9c6d-bb3555d01e53@group-703FB21ACDD3: changes role from  FOLLOWER to CANDIDATE at term 0 for changeToCandidate
2023-08-25 08:54:21,336 [8c499c0a-8bdd-4b02-9c6d-bb3555d01e53@group-703FB21ACDD3-FollowerState] INFO  server.RaftServerConfigKeys (ConfUtils.java:logGet(46)) - raft.server.leaderelection.pre-vote = true (default)
2023-08-25 08:54:21,336 [8c499c0a-8bdd-4b02-9c6d-bb3555d01e53@group-703FB21ACDD3-FollowerState] INFO  impl.RoleInfo (RoleInfo.java:updateAndGet(139)) - 8c499c0a-8bdd-4b02-9c6d-bb3555d01e53: start 8c499c0a-8bdd-4b02-9c6d-bb3555d01e53@group-703FB21ACDD3-LeaderElection57
2023-08-25 08:54:21,338 [8c499c0a-8bdd-4b02-9c6d-bb3555d01e53@group-703FB21ACDD3-LeaderElection57] INFO  impl.LeaderElection (LeaderElection.java:askForVotes(321)) - 8c499c0a-8bdd-4b02-9c6d-bb3555d01e53@group-703FB21ACDD3-LeaderElection57 PRE_VOTE round 0: submit vote requests at term 0 for -1: peers:[8c499c0a-8bdd-4b02-9c6d-bb3555d01e53|rpc:10.1.0.19:15297|admin:10.1.0.19:15296|client:10.1.0.19:15295|dataStream:10.1.0.19:15298|priority:1|startupRole:FOLLOWER]|listeners:[], old=null
2023-08-25 08:54:21,338 [8c499c0a-8bdd-4b02-9c6d-bb3555d01e53@group-703FB21ACDD3-LeaderElection57] INFO  impl.LeaderElection (LeaderElection.java:askForVotes(323)) - 8c499c0a-8bdd-4b02-9c6d-bb3555d01e53@group-703FB21ACDD3-LeaderElection57 PRE_VOTE round 0: result PASSED (term=0)
2023-08-25 08:54:21,340 [8c499c0a-8bdd-4b02-9c6d-bb3555d01e53@group-703FB21ACDD3-LeaderElection57] INFO  impl.LeaderElection (LeaderElection.java:askForVotes(321)) - 8c499c0a-8bdd-4b02-9c6d-bb3555d01e53@group-703FB21ACDD3-LeaderElection57 ELECTION round 0: submit vote requests at term 1 for -1: peers:[8c499c0a-8bdd-4b02-9c6d-bb3555d01e53|rpc:10.1.0.19:15297|admin:10.1.0.19:15296|client:10.1.0.19:15295|dataStream:10.1.0.19:15298|priority:1|startupRole:FOLLOWER]|listeners:[], old=null
2023-08-25 08:54:21,340 [8c499c0a-8bdd-4b02-9c6d-bb3555d01e53@group-703FB21ACDD3-LeaderElection57] INFO  impl.LeaderElection (LeaderElection.java:askForVotes(323)) - 8c499c0a-8bdd-4b02-9c6d-bb3555d01e53@group-703FB21ACDD3-LeaderElection57 ELECTION round 0: result PASSED (term=1)
2023-08-25 08:54:21,340 [8c499c0a-8bdd-4b02-9c6d-bb3555d01e53@group-703FB21ACDD3-LeaderElection57] INFO  impl.RoleInfo (RoleInfo.java:shutdownLeaderElection(130)) - 8c499c0a-8bdd-4b02-9c6d-bb3555d01e53: shutdown 8c499c0a-8bdd-4b02-9c6d-bb3555d01e53@group-703FB21ACDD3-LeaderElection57
2023-08-25 08:54:21,340 [8c499c0a-8bdd-4b02-9c6d-bb3555d01e53@group-703FB21ACDD3-LeaderElection57] INFO  server.RaftServer$Division (RaftServerImpl.java:setRole(329)) - 8c499c0a-8bdd-4b02-9c6d-bb3555d01e53@group-703FB21ACDD3: changes role from CANDIDATE to LEADER at term 1 for changeToLeader
2023-08-25 08:54:21,340 [8c499c0a-8bdd-4b02-9c6d-bb3555d01e53@group-703FB21ACDD3-LeaderElection57] INFO  ratis.XceiverServerRatis (XceiverServerRatis.java:handleLeaderChangedNotification(902)) - Leader change notification received for group: group-703FB21ACDD3 with new leaderId: 8c499c0a-8bdd-4b02-9c6d-bb3555d01e53
2023-08-25 08:54:21,340 [8c499c0a-8bdd-4b02-9c6d-bb3555d01e53@group-703FB21ACDD3-LeaderElection57] INFO  server.RaftServer$Division (ServerState.java:setLeader(317)) - 8c499c0a-8bdd-4b02-9c6d-bb3555d01e53@group-703FB21ACDD3: change Leader from null to 8c499c0a-8bdd-4b02-9c6d-bb3555d01e53 at term 1 for becomeLeader, leader elected after 5157ms
2023-08-25 08:54:21,340 [8c499c0a-8bdd-4b02-9c6d-bb3555d01e53@group-703FB21ACDD3-LeaderElection57] INFO  server.RaftServerConfigKeys (ConfUtils.java:logGet(46)) - raft.server.staging.catchup.gap = 1000 (default)
2023-08-25 08:54:21,341 [8c499c0a-8bdd-4b02-9c6d-bb3555d01e53@group-703FB21ACDD3-LeaderElection57] INFO  server.RaftServerConfigKeys (ConfUtils.java:logGet(46)) - raft.server.write.element-limit = 1024 (custom)
2023-08-25 08:54:21,341 [8c499c0a-8bdd-4b02-9c6d-bb3555d01e53@group-703FB21ACDD3-LeaderElection57] INFO  server.RaftServerConfigKeys (ConfUtils.java:logGet(46)) - raft.server.write.byte-limit = 1024 M (=1073741824) (custom)
2023-08-25 08:54:21,343 [8c499c0a-8bdd-4b02-9c6d-bb3555d01e53@group-703FB21ACDD3-LeaderElection57] INFO  server.RaftServerConfigKeys (ConfUtils.java:logGet(46)) - raft.server.watch.timeout = 180s (custom)
2023-08-25 08:54:21,343 [8c499c0a-8bdd-4b02-9c6d-bb3555d01e53@group-703FB21ACDD3-LeaderElection57] INFO  server.RaftServerConfigKeys (ConfUtils.java:logGet(46)) - raft.server.watch.timeout.denomination = 1s (default)
2023-08-25 08:54:21,343 [8c499c0a-8bdd-4b02-9c6d-bb3555d01e53@group-703FB21ACDD3-LeaderElection57] INFO  server.RaftServerConfigKeys (ConfUtils.java:logGet(46)) - raft.server.watch.element-limit = 65536 (default)
2023-08-25 08:54:21,343 [8c499c0a-8bdd-4b02-9c6d-bb3555d01e53@group-703FB21ACDD3-LeaderElection57] INFO  server.RaftServerConfigKeys (ConfUtils.java:logGet(46)) - raft.server.write.element-limit = 1024 (custom)
2023-08-25 08:54:21,343 [8c499c0a-8bdd-4b02-9c6d-bb3555d01e53@group-703FB21ACDD3-LeaderElection57] INFO  server.RaftServerConfigKeys (ConfUtils.java:logGet(46)) - raft.server.write.follower.gap.ratio.max = -1.0 (default)
2023-08-25 08:54:21,343 [8c499c0a-8bdd-4b02-9c6d-bb3555d01e53@group-703FB21ACDD3-LeaderElection57] INFO  impl.RoleInfo (RoleInfo.java:updateAndGet(139)) - 8c499c0a-8bdd-4b02-9c6d-bb3555d01e53: start 8c499c0a-8bdd-4b02-9c6d-bb3555d01e53@group-703FB21ACDD3-LeaderStateImpl
2023-08-25 08:54:21,344 [8c499c0a-8bdd-4b02-9c6d-bb3555d01e53@group-703FB21ACDD3-LeaderElection57] INFO  segmented.SegmentedRaftLogWorker (SegmentedRaftLogWorker.java:startLogSegment(447)) - 8c499c0a-8bdd-4b02-9c6d-bb3555d01e53@group-703FB21ACDD3-SegmentedRaftLogWorker: Starting segment from index:0
2023-08-25 08:54:21,344 [8c499c0a-8bdd-4b02-9c6d-bb3555d01e53@group-703FB21ACDD3-LeaderElection57] INFO  server.RaftServer$Division (ServerState.java:setRaftConf(434)) - 8c499c0a-8bdd-4b02-9c6d-bb3555d01e53@group-703FB21ACDD3: set configuration 0: peers:[8c499c0a-8bdd-4b02-9c6d-bb3555d01e53|rpc:10.1.0.19:15297|admin:10.1.0.19:15296|client:10.1.0.19:15295|dataStream:10.1.0.19:15298|priority:1|startupRole:FOLLOWER]|listeners:[], old=null
2023-08-25 08:54:21,346 [8c499c0a-8bdd-4b02-9c6d-bb3555d01e53@group-703FB21ACDD3-SegmentedRaftLogWorker] INFO  segmented.SegmentedRaftLogWorker (SegmentedRaftLogWorker.java:execute(651)) - 8c499c0a-8bdd-4b02-9c6d-bb3555d01e53@group-703FB21ACDD3-SegmentedRaftLogWorker: created new log segment /home/runner/work/ozone/ozone/hadoop-ozone/integration-test/target/test-dir/MiniOzoneClusterImpl-e7e10417-51b4-42c5-96ae-91e23fec58ac/datanode-2/data/ratis/54a51d35-56ed-4aca-be5f-703fb21acdd3/current/log_inprogress_0
2023-08-25 08:54:21,753 [c232c302-4b44-4a08-8d69-5010a6de413a@group-ACE5127591C6-FollowerState] INFO  impl.FollowerState (FollowerState.java:run(143)) - c232c302-4b44-4a08-8d69-5010a6de413a@group-ACE5127591C6-FollowerState: change to CANDIDATE, lastRpcElapsedTime:5186180829ns, electionTimeout:5185ms
2023-08-25 08:54:21,753 [c232c302-4b44-4a08-8d69-5010a6de413a@group-ACE5127591C6-FollowerState] INFO  impl.RoleInfo (RoleInfo.java:shutdownFollowerState(110)) - c232c302-4b44-4a08-8d69-5010a6de413a: shutdown c232c302-4b44-4a08-8d69-5010a6de413a@group-ACE5127591C6-FollowerState
2023-08-25 08:54:21,753 [c232c302-4b44-4a08-8d69-5010a6de413a@group-ACE5127591C6-FollowerState] INFO  server.RaftServer$Division (RaftServerImpl.java:setRole(329)) - c232c302-4b44-4a08-8d69-5010a6de413a@group-ACE5127591C6: changes role from  FOLLOWER to CANDIDATE at term 0 for changeToCandidate
2023-08-25 08:54:21,753 [c232c302-4b44-4a08-8d69-5010a6de413a@group-ACE5127591C6-FollowerState] INFO  server.RaftServerConfigKeys (ConfUtils.java:logGet(46)) - raft.server.leaderelection.pre-vote = true (default)
2023-08-25 08:54:21,753 [c232c302-4b44-4a08-8d69-5010a6de413a@group-ACE5127591C6-FollowerState] INFO  impl.RoleInfo (RoleInfo.java:updateAndGet(139)) - c232c302-4b44-4a08-8d69-5010a6de413a: start c232c302-4b44-4a08-8d69-5010a6de413a@group-ACE5127591C6-LeaderElection58
2023-08-25 08:54:21,756 [c232c302-4b44-4a08-8d69-5010a6de413a@group-ACE5127591C6-LeaderElection58] INFO  impl.LeaderElection (LeaderElection.java:askForVotes(321)) - c232c302-4b44-4a08-8d69-5010a6de413a@group-ACE5127591C6-LeaderElection58 PRE_VOTE round 0: submit vote requests at term 0 for -1: peers:[c232c302-4b44-4a08-8d69-5010a6de413a|rpc:10.1.0.19:15306|admin:10.1.0.19:15305|client:10.1.0.19:15304|dataStream:10.1.0.19:15307|priority:1|startupRole:FOLLOWER]|listeners:[], old=null
2023-08-25 08:54:21,756 [c232c302-4b44-4a08-8d69-5010a6de413a@group-ACE5127591C6-LeaderElection58] INFO  impl.LeaderElection (LeaderElection.java:askForVotes(323)) - c232c302-4b44-4a08-8d69-5010a6de413a@group-ACE5127591C6-LeaderElection58 PRE_VOTE round 0: result PASSED (term=0)
2023-08-25 08:54:21,759 [c232c302-4b44-4a08-8d69-5010a6de413a@group-ACE5127591C6-LeaderElection58] INFO  impl.LeaderElection (LeaderElection.java:askForVotes(321)) - c232c302-4b44-4a08-8d69-5010a6de413a@group-ACE5127591C6-LeaderElection58 ELECTION round 0: submit vote requests at term 1 for -1: peers:[c232c302-4b44-4a08-8d69-5010a6de413a|rpc:10.1.0.19:15306|admin:10.1.0.19:15305|client:10.1.0.19:15304|dataStream:10.1.0.19:15307|priority:1|startupRole:FOLLOWER]|listeners:[], old=null
2023-08-25 08:54:21,759 [c232c302-4b44-4a08-8d69-5010a6de413a@group-ACE5127591C6-LeaderElection58] INFO  impl.LeaderElection (LeaderElection.java:askForVotes(323)) - c232c302-4b44-4a08-8d69-5010a6de413a@group-ACE5127591C6-LeaderElection58 ELECTION round 0: result PASSED (term=1)
2023-08-25 08:54:21,759 [c232c302-4b44-4a08-8d69-5010a6de413a@group-ACE5127591C6-LeaderElection58] INFO  impl.RoleInfo (RoleInfo.java:shutdownLeaderElection(130)) - c232c302-4b44-4a08-8d69-5010a6de413a: shutdown c232c302-4b44-4a08-8d69-5010a6de413a@group-ACE5127591C6-LeaderElection58
2023-08-25 08:54:21,759 [c232c302-4b44-4a08-8d69-5010a6de413a@group-ACE5127591C6-LeaderElection58] INFO  server.RaftServer$Division (RaftServerImpl.java:setRole(329)) - c232c302-4b44-4a08-8d69-5010a6de413a@group-ACE5127591C6: changes role from CANDIDATE to LEADER at term 1 for changeToLeader
2023-08-25 08:54:21,759 [c232c302-4b44-4a08-8d69-5010a6de413a@group-ACE5127591C6-LeaderElection58] INFO  ratis.XceiverServerRatis (XceiverServerRatis.java:handleLeaderChangedNotification(902)) - Leader change notification received for group: group-ACE5127591C6 with new leaderId: c232c302-4b44-4a08-8d69-5010a6de413a
2023-08-25 08:54:21,759 [c232c302-4b44-4a08-8d69-5010a6de413a@group-ACE5127591C6-LeaderElection58] INFO  server.RaftServer$Division (ServerState.java:setLeader(317)) - c232c302-4b44-4a08-8d69-5010a6de413a@group-ACE5127591C6: change Leader from null to c232c302-4b44-4a08-8d69-5010a6de413a at term 1 for becomeLeader, leader elected after 5212ms
2023-08-25 08:54:21,759 [c232c302-4b44-4a08-8d69-5010a6de413a@group-ACE5127591C6-LeaderElection58] INFO  server.RaftServerConfigKeys (ConfUtils.java:logGet(46)) - raft.server.staging.catchup.gap = 1000 (default)
2023-08-25 08:54:21,759 [c232c302-4b44-4a08-8d69-5010a6de413a@group-ACE5127591C6-LeaderElection58] INFO  server.RaftServerConfigKeys (ConfUtils.java:logGet(46)) - raft.server.write.element-limit = 1024 (custom)
2023-08-25 08:54:21,759 [c232c302-4b44-4a08-8d69-5010a6de413a@group-ACE5127591C6-LeaderElection58] INFO  server.RaftServerConfigKeys (ConfUtils.java:logGet(46)) - raft.server.write.byte-limit = 1024 M (=1073741824) (custom)
2023-08-25 08:54:21,759 [c232c302-4b44-4a08-8d69-5010a6de413a@group-ACE5127591C6-LeaderElection58] INFO  server.RaftServerConfigKeys (ConfUtils.java:logGet(46)) - raft.server.watch.timeout = 180s (custom)
2023-08-25 08:54:21,760 [c232c302-4b44-4a08-8d69-5010a6de413a@group-ACE5127591C6-LeaderElection58] INFO  server.RaftServerConfigKeys (ConfUtils.java:logGet(46)) - raft.server.watch.timeout.denomination = 1s (default)
2023-08-25 08:54:21,760 [c232c302-4b44-4a08-8d69-5010a6de413a@group-ACE5127591C6-LeaderElection58] INFO  server.RaftServerConfigKeys (ConfUtils.java:logGet(46)) - raft.server.watch.element-limit = 65536 (default)
2023-08-25 08:54:21,760 [c232c302-4b44-4a08-8d69-5010a6de413a@group-ACE5127591C6-LeaderElection58] INFO  server.RaftServerConfigKeys (ConfUtils.java:logGet(46)) - raft.server.write.element-limit = 1024 (custom)
2023-08-25 08:54:21,760 [c232c302-4b44-4a08-8d69-5010a6de413a@group-ACE5127591C6-LeaderElection58] INFO  server.RaftServerConfigKeys (ConfUtils.java:logGet(46)) - raft.server.write.follower.gap.ratio.max = -1.0 (default)
2023-08-25 08:54:21,760 [c232c302-4b44-4a08-8d69-5010a6de413a@group-ACE5127591C6-LeaderElection58] INFO  impl.RoleInfo (RoleInfo.java:updateAndGet(139)) - c232c302-4b44-4a08-8d69-5010a6de413a: start c232c302-4b44-4a08-8d69-5010a6de413a@group-ACE5127591C6-LeaderStateImpl
2023-08-25 08:54:21,760 [c232c302-4b44-4a08-8d69-5010a6de413a@group-ACE5127591C6-LeaderElection58] INFO  segmented.SegmentedRaftLogWorker (SegmentedRaftLogWorker.java:startLogSegment(447)) - c232c302-4b44-4a08-8d69-5010a6de413a@group-ACE5127591C6-SegmentedRaftLogWorker: Starting segment from index:0
2023-08-25 08:54:21,762 [c232c302-4b44-4a08-8d69-5010a6de413a@group-ACE5127591C6-LeaderElection58] INFO  server.RaftServer$Division (ServerState.java:setRaftConf(434)) - c232c302-4b44-4a08-8d69-5010a6de413a@group-ACE5127591C6: set configuration 0: peers:[c232c302-4b44-4a08-8d69-5010a6de413a|rpc:10.1.0.19:15306|admin:10.1.0.19:15305|client:10.1.0.19:15304|dataStream:10.1.0.19:15307|priority:1|startupRole:FOLLOWER]|listeners:[], old=null
2023-08-25 08:54:21,764 [c232c302-4b44-4a08-8d69-5010a6de413a@group-ACE5127591C6-SegmentedRaftLogWorker] INFO  segmented.SegmentedRaftLogWorker (SegmentedRaftLogWorker.java:execute(651)) - c232c302-4b44-4a08-8d69-5010a6de413a@group-ACE5127591C6-SegmentedRaftLogWorker: created new log segment /home/runner/work/ozone/ozone/hadoop-ozone/integration-test/target/test-dir/MiniOzoneClusterImpl-e7e10417-51b4-42c5-96ae-91e23fec58ac/datanode-3/data/ratis/27723df0-f849-46c1-951c-ace5127591c6/current/log_inprogress_0
2023-08-25 08:54:22,063 [ReplicationMonitor] INFO  replication.ReplicationManager (ReplicationManager.java:processAll(361)) - Replication Manager is not ready to run until 3000ms after safemode exit
2023-08-25 08:54:22,104 [24b07fc1-f78a-4d5b-922d-a3de9c19b3d1@group-5BE05364F447-FollowerState] INFO  impl.FollowerState (FollowerState.java:run(143)) - 24b07fc1-f78a-4d5b-922d-a3de9c19b3d1@group-5BE05364F447-FollowerState: change to CANDIDATE, lastRpcElapsedTime:5186972374ns, electionTimeout:5182ms
2023-08-25 08:54:22,104 [24b07fc1-f78a-4d5b-922d-a3de9c19b3d1@group-5BE05364F447-FollowerState] INFO  impl.RoleInfo (RoleInfo.java:shutdownFollowerState(110)) - 24b07fc1-f78a-4d5b-922d-a3de9c19b3d1: shutdown 24b07fc1-f78a-4d5b-922d-a3de9c19b3d1@group-5BE05364F447-FollowerState
2023-08-25 08:54:22,104 [24b07fc1-f78a-4d5b-922d-a3de9c19b3d1@group-5BE05364F447-FollowerState] INFO  server.RaftServer$Division (RaftServerImpl.java:setRole(329)) - 24b07fc1-f78a-4d5b-922d-a3de9c19b3d1@group-5BE05364F447: changes role from  FOLLOWER to CANDIDATE at term 0 for changeToCandidate
2023-08-25 08:54:22,104 [24b07fc1-f78a-4d5b-922d-a3de9c19b3d1@group-5BE05364F447-FollowerState] INFO  server.RaftServerConfigKeys (ConfUtils.java:logGet(46)) - raft.server.leaderelection.pre-vote = true (default)
2023-08-25 08:54:22,104 [24b07fc1-f78a-4d5b-922d-a3de9c19b3d1@group-5BE05364F447-FollowerState] INFO  impl.RoleInfo (RoleInfo.java:updateAndGet(139)) - 24b07fc1-f78a-4d5b-922d-a3de9c19b3d1: start 24b07fc1-f78a-4d5b-922d-a3de9c19b3d1@group-5BE05364F447-LeaderElection59
2023-08-25 08:54:22,106 [24b07fc1-f78a-4d5b-922d-a3de9c19b3d1@group-5BE05364F447-LeaderElection59] INFO  impl.LeaderElection (LeaderElection.java:askForVotes(321)) - 24b07fc1-f78a-4d5b-922d-a3de9c19b3d1@group-5BE05364F447-LeaderElection59 PRE_VOTE round 0: submit vote requests at term 0 for -1: peers:[24b07fc1-f78a-4d5b-922d-a3de9c19b3d1|rpc:10.1.0.19:15315|admin:10.1.0.19:15314|client:10.1.0.19:15313|dataStream:10.1.0.19:15316|priority:1|startupRole:FOLLOWER]|listeners:[], old=null
2023-08-25 08:54:22,106 [24b07fc1-f78a-4d5b-922d-a3de9c19b3d1@group-5BE05364F447-LeaderElection59] INFO  impl.LeaderElection (LeaderElection.java:askForVotes(323)) - 24b07fc1-f78a-4d5b-922d-a3de9c19b3d1@group-5BE05364F447-LeaderElection59 PRE_VOTE round 0: result PASSED (term=0)
2023-08-25 08:54:22,108 [24b07fc1-f78a-4d5b-922d-a3de9c19b3d1@group-5BE05364F447-LeaderElection59] INFO  impl.LeaderElection (LeaderElection.java:askForVotes(321)) - 24b07fc1-f78a-4d5b-922d-a3de9c19b3d1@group-5BE05364F447-LeaderElection59 ELECTION round 0: submit vote requests at term 1 for -1: peers:[24b07fc1-f78a-4d5b-922d-a3de9c19b3d1|rpc:10.1.0.19:15315|admin:10.1.0.19:15314|client:10.1.0.19:15313|dataStream:10.1.0.19:15316|priority:1|startupRole:FOLLOWER]|listeners:[], old=null
2023-08-25 08:54:22,108 [24b07fc1-f78a-4d5b-922d-a3de9c19b3d1@group-5BE05364F447-LeaderElection59] INFO  impl.LeaderElection (LeaderElection.java:askForVotes(323)) - 24b07fc1-f78a-4d5b-922d-a3de9c19b3d1@group-5BE05364F447-LeaderElection59 ELECTION round 0: result PASSED (term=1)
2023-08-25 08:54:22,108 [24b07fc1-f78a-4d5b-922d-a3de9c19b3d1@group-5BE05364F447-LeaderElection59] INFO  impl.RoleInfo (RoleInfo.java:shutdownLeaderElection(130)) - 24b07fc1-f78a-4d5b-922d-a3de9c19b3d1: shutdown 24b07fc1-f78a-4d5b-922d-a3de9c19b3d1@group-5BE05364F447-LeaderElection59
2023-08-25 08:54:22,108 [24b07fc1-f78a-4d5b-922d-a3de9c19b3d1@group-5BE05364F447-LeaderElection59] INFO  server.RaftServer$Division (RaftServerImpl.java:setRole(329)) - 24b07fc1-f78a-4d5b-922d-a3de9c19b3d1@group-5BE05364F447: changes role from CANDIDATE to LEADER at term 1 for changeToLeader
2023-08-25 08:54:22,108 [24b07fc1-f78a-4d5b-922d-a3de9c19b3d1@group-5BE05364F447-LeaderElection59] INFO  ratis.XceiverServerRatis (XceiverServerRatis.java:handleLeaderChangedNotification(902)) - Leader change notification received for group: group-5BE05364F447 with new leaderId: 24b07fc1-f78a-4d5b-922d-a3de9c19b3d1
2023-08-25 08:54:22,108 [24b07fc1-f78a-4d5b-922d-a3de9c19b3d1@group-5BE05364F447-LeaderElection59] INFO  server.RaftServer$Division (ServerState.java:setLeader(317)) - 24b07fc1-f78a-4d5b-922d-a3de9c19b3d1@group-5BE05364F447: change Leader from null to 24b07fc1-f78a-4d5b-922d-a3de9c19b3d1 at term 1 for becomeLeader, leader elected after 5216ms
2023-08-25 08:54:22,109 [24b07fc1-f78a-4d5b-922d-a3de9c19b3d1@group-5BE05364F447-LeaderElection59] INFO  server.RaftServerConfigKeys (ConfUtils.java:logGet(46)) - raft.server.staging.catchup.gap = 1000 (default)
2023-08-25 08:54:22,109 [24b07fc1-f78a-4d5b-922d-a3de9c19b3d1@group-5BE05364F447-LeaderElection59] INFO  server.RaftServerConfigKeys (ConfUtils.java:logGet(46)) - raft.server.write.element-limit = 1024 (custom)
2023-08-25 08:54:22,109 [24b07fc1-f78a-4d5b-922d-a3de9c19b3d1@group-5BE05364F447-LeaderElection59] INFO  server.RaftServerConfigKeys (ConfUtils.java:logGet(46)) - raft.server.write.byte-limit = 1024 M (=1073741824) (custom)
2023-08-25 08:54:22,109 [24b07fc1-f78a-4d5b-922d-a3de9c19b3d1@group-5BE05364F447-LeaderElection59] INFO  server.RaftServerConfigKeys (ConfUtils.java:logGet(46)) - raft.server.watch.timeout = 180s (custom)
2023-08-25 08:54:22,109 [24b07fc1-f78a-4d5b-922d-a3de9c19b3d1@group-5BE05364F447-LeaderElection59] INFO  server.RaftServerConfigKeys (ConfUtils.java:logGet(46)) - raft.server.watch.timeout.denomination = 1s (default)
2023-08-25 08:54:22,109 [24b07fc1-f78a-4d5b-922d-a3de9c19b3d1@group-5BE05364F447-LeaderElection59] INFO  server.RaftServerConfigKeys (ConfUtils.java:logGet(46)) - raft.server.watch.element-limit = 65536 (default)
2023-08-25 08:54:22,109 [24b07fc1-f78a-4d5b-922d-a3de9c19b3d1@group-5BE05364F447-LeaderElection59] INFO  server.RaftServerConfigKeys (ConfUtils.java:logGet(46)) - raft.server.write.element-limit = 1024 (custom)
2023-08-25 08:54:22,109 [24b07fc1-f78a-4d5b-922d-a3de9c19b3d1@group-5BE05364F447-LeaderElection59] INFO  server.RaftServerConfigKeys (ConfUtils.java:logGet(46)) - raft.server.write.follower.gap.ratio.max = -1.0 (default)
2023-08-25 08:54:22,109 [24b07fc1-f78a-4d5b-922d-a3de9c19b3d1@group-5BE05364F447-LeaderElection59] INFO  impl.RoleInfo (RoleInfo.java:updateAndGet(139)) - 24b07fc1-f78a-4d5b-922d-a3de9c19b3d1: start 24b07fc1-f78a-4d5b-922d-a3de9c19b3d1@group-5BE05364F447-LeaderStateImpl
2023-08-25 08:54:22,110 [24b07fc1-f78a-4d5b-922d-a3de9c19b3d1@group-5BE05364F447-LeaderElection59] INFO  segmented.SegmentedRaftLogWorker (SegmentedRaftLogWorker.java:startLogSegment(447)) - 24b07fc1-f78a-4d5b-922d-a3de9c19b3d1@group-5BE05364F447-SegmentedRaftLogWorker: Starting segment from index:0
2023-08-25 08:54:22,110 [24b07fc1-f78a-4d5b-922d-a3de9c19b3d1@group-5BE05364F447-LeaderElection59] INFO  server.RaftServer$Division (ServerState.java:setRaftConf(434)) - 24b07fc1-f78a-4d5b-922d-a3de9c19b3d1@group-5BE05364F447: set configuration 0: peers:[24b07fc1-f78a-4d5b-922d-a3de9c19b3d1|rpc:10.1.0.19:15315|admin:10.1.0.19:15314|client:10.1.0.19:15313|dataStream:10.1.0.19:15316|priority:1|startupRole:FOLLOWER]|listeners:[], old=null
2023-08-25 08:54:22,112 [24b07fc1-f78a-4d5b-922d-a3de9c19b3d1@group-5BE05364F447-SegmentedRaftLogWorker] INFO  segmented.SegmentedRaftLogWorker (SegmentedRaftLogWorker.java:execute(651)) - 24b07fc1-f78a-4d5b-922d-a3de9c19b3d1@group-5BE05364F447-SegmentedRaftLogWorker: created new log segment /home/runner/work/ozone/ozone/hadoop-ozone/integration-test/target/test-dir/MiniOzoneClusterImpl-e7e10417-51b4-42c5-96ae-91e23fec58ac/datanode-4/data/ratis/ffb47fc5-3bfc-412f-9bbc-5be05364f447/current/log_inprogress_0
2023-08-25 08:54:23,063 [ReplicationMonitor] INFO  replication.ReplicationManager (ReplicationManager.java:processAll(361)) - Replication Manager is not ready to run until 3000ms after safemode exit
2023-08-25 08:54:24,002 [ContainerOp-b6a2b597-69ed-4adb-884f-4d980349df78-2] INFO  keyvalue.KeyValueContainer (KeyValueContainer.java:flushAndSyncDB(484)) - Container 1 is synced with bcsId 2.
2023-08-25 08:54:24,002 [ContainerOp-b6a2b597-69ed-4adb-884f-4d980349df78-2] INFO  keyvalue.KeyValueContainer (KeyValueContainer.java:flushAndSyncDB(484)) - Container 1 is synced with bcsId 2.
2023-08-25 08:54:24,006 [ContainerOp-b6a2b597-69ed-4adb-884f-4d980349df78-2] INFO  keyvalue.KeyValueContainer (KeyValueContainer.java:close(399)) - Container 1 is closed with bcsId 2.
2023-08-25 08:54:24,010 [FixedThreadPoolWithAffinityExecutor-0-0] INFO  container.IncrementalContainerReportHandler (AbstractContainerReportHandler.java:updateContainerState(312)) - Moving container #1 to CLOSED state, datanode d44cbbb4-6878-45fc-b8ff-9a9a6a2d2fa6(fv-az584-689.msjcyvhqqs1uvpg4fm53wptgqc.jx.internal.cloudapp.net/10.1.0.19) reported CLOSED replica with index 0.
2023-08-25 08:54:24,015 [ContainerOp-b6a2b597-69ed-4adb-884f-4d980349df78-2] INFO  keyvalue.KeyValueContainer (KeyValueContainer.java:flushAndSyncDB(484)) - Container 1 is synced with bcsId 2.
2023-08-25 08:54:24,015 [ContainerOp-b6a2b597-69ed-4adb-884f-4d980349df78-2] INFO  keyvalue.KeyValueContainer (KeyValueContainer.java:flushAndSyncDB(484)) - Container 1 is synced with bcsId 2.
2023-08-25 08:54:24,017 [ContainerOp-b6a2b597-69ed-4adb-884f-4d980349df78-2] INFO  keyvalue.KeyValueContainer (KeyValueContainer.java:close(399)) - Container 1 is closed with bcsId 2.
2023-08-25 08:54:24,026 [ContainerOp-b6a2b597-69ed-4adb-884f-4d980349df78-2] INFO  keyvalue.KeyValueContainer (KeyValueContainer.java:flushAndSyncDB(484)) - Container 1 is synced with bcsId 2.
2023-08-25 08:54:24,026 [ContainerOp-b6a2b597-69ed-4adb-884f-4d980349df78-2] INFO  keyvalue.KeyValueContainer (KeyValueContainer.java:flushAndSyncDB(484)) - Container 1 is synced with bcsId 2.
2023-08-25 08:54:24,029 [ContainerOp-b6a2b597-69ed-4adb-884f-4d980349df78-2] INFO  keyvalue.KeyValueContainer (KeyValueContainer.java:close(399)) - Container 1 is closed with bcsId 2.
2023-08-25 08:54:24,064 [ReplicationMonitor] INFO  replication.ReplicationManager (ReplicationManager.java:processAll(389)) - Replication Monitor Thread took 1 milliseconds for processing 1 containers.
2023-08-25 08:54:24,174 [Time-limited test] INFO  ozoneimpl.OzoneContainer (OzoneContainer.java:stop(451)) - Attempting to stop container services.
2023-08-25 08:54:24,174 [Time-limited test] INFO  server.RaftServer (RaftServerProxy.java:lambda$close$6(416)) - 19c619f1-2007-441e-8fe6-e07ebc4fc791: close
2023-08-25 08:54:24,175 [19c619f1-2007-441e-8fe6-e07ebc4fc791-impl-thread1] INFO  server.RaftServer$Division (RaftServerImpl.java:lambda$close$4(466)) - 19c619f1-2007-441e-8fe6-e07ebc4fc791@group-6152DA3C4D6B: shutdown
2023-08-25 08:54:24,175 [19c619f1-2007-441e-8fe6-e07ebc4fc791-impl-thread1] INFO  util.JmxRegister (JmxRegister.java:unregister(73)) - Successfully un-registered JMX Bean with object name Ratis:service=RaftServer,group=group-6152DA3C4D6B,id=19c619f1-2007-441e-8fe6-e07ebc4fc791
2023-08-25 08:54:24,175 [19c619f1-2007-441e-8fe6-e07ebc4fc791-impl-thread1] INFO  impl.RoleInfo (RoleInfo.java:shutdownLeaderState(93)) - 19c619f1-2007-441e-8fe6-e07ebc4fc791: shutdown 19c619f1-2007-441e-8fe6-e07ebc4fc791@group-6152DA3C4D6B-LeaderStateImpl
2023-08-25 08:54:24,175 [19c619f1-2007-441e-8fe6-e07ebc4fc791-impl-thread2] INFO  server.RaftServer$Division (RaftServerImpl.java:lambda$close$4(466)) - 19c619f1-2007-441e-8fe6-e07ebc4fc791@group-4D980349DF78: shutdown
2023-08-25 08:54:24,175 [19c619f1-2007-441e-8fe6-e07ebc4fc791-impl-thread1] INFO  impl.PendingRequests (PendingRequests.java:sendNotLeaderResponses(289)) - 19c619f1-2007-441e-8fe6-e07ebc4fc791@group-6152DA3C4D6B-PendingRequests: sendNotLeaderResponses
2023-08-25 08:54:24,175 [Time-limited test] INFO  server.GrpcService (GrpcService.java:closeImpl(311)) - 19c619f1-2007-441e-8fe6-e07ebc4fc791: shutdown server org.apache.ratis.grpc.server.GrpcClientProtocolService now
2023-08-25 08:54:24,175 [19c619f1-2007-441e-8fe6-e07ebc4fc791-impl-thread2] INFO  util.JmxRegister (JmxRegister.java:unregister(73)) - Successfully un-registered JMX Bean with object name Ratis:service=RaftServer,group=group-4D980349DF78,id=19c619f1-2007-441e-8fe6-e07ebc4fc791
2023-08-25 08:54:24,175 [19c619f1-2007-441e-8fe6-e07ebc4fc791-impl-thread2] INFO  impl.RoleInfo (RoleInfo.java:shutdownFollowerState(110)) - 19c619f1-2007-441e-8fe6-e07ebc4fc791: shutdown 19c619f1-2007-441e-8fe6-e07ebc4fc791@group-4D980349DF78-FollowerState
2023-08-25 08:54:24,175 [19c619f1-2007-441e-8fe6-e07ebc4fc791-impl-thread1] INFO  impl.StateMachineUpdater (StateMachineUpdater.java:stopAndJoin(155)) - 19c619f1-2007-441e-8fe6-e07ebc4fc791@group-6152DA3C4D6B-StateMachineUpdater: set stopIndex = 0
2023-08-25 08:54:24,175 [19c619f1-2007-441e-8fe6-e07ebc4fc791@group-4D980349DF78-FollowerState] INFO  impl.FollowerState (FollowerState.java:run(152)) - 19c619f1-2007-441e-8fe6-e07ebc4fc791@group-4D980349DF78-FollowerState was interrupted
2023-08-25 08:54:24,178 [19c619f1-2007-441e-8fe6-e07ebc4fc791@group-6152DA3C4D6B-StateMachineUpdater] INFO  ratis.ContainerStateMachine (ContainerStateMachine.java:takeSnapshot(330)) - group-6152DA3C4D6B: Taking a snapshot at:(t:1, i:0) file /home/runner/work/ozone/ozone/hadoop-ozone/integration-test/target/test-dir/MiniOzoneClusterImpl-e7e10417-51b4-42c5-96ae-91e23fec58ac/datanode-0/data/ratis/4a79fc2f-79fd-40cc-9431-6152da3c4d6b/sm/snapshot.1_0
2023-08-25 08:54:24,178 [19c619f1-2007-441e-8fe6-e07ebc4fc791-impl-thread3] INFO  server.RaftServer$Division (RaftServerImpl.java:lambda$close$4(466)) - 19c619f1-2007-441e-8fe6-e07ebc4fc791@group-51A9D41E8872: shutdown
2023-08-25 08:54:24,178 [19c619f1-2007-441e-8fe6-e07ebc4fc791-impl-thread3] INFO  util.JmxRegister (JmxRegister.java:unregister(73)) - Successfully un-registered JMX Bean with object name Ratis:service=RaftServer,group=group-51A9D41E8872,id=19c619f1-2007-441e-8fe6-e07ebc4fc791
2023-08-25 08:54:24,178 [19c619f1-2007-441e-8fe6-e07ebc4fc791-impl-thread3] INFO  impl.RoleInfo (RoleInfo.java:shutdownFollowerState(110)) - 19c619f1-2007-441e-8fe6-e07ebc4fc791: shutdown 19c619f1-2007-441e-8fe6-e07ebc4fc791@group-51A9D41E8872-FollowerState
2023-08-25 08:54:24,178 [19c619f1-2007-441e-8fe6-e07ebc4fc791-impl-thread3] INFO  impl.StateMachineUpdater (StateMachineUpdater.java:stopAndJoin(155)) - 19c619f1-2007-441e-8fe6-e07ebc4fc791@group-51A9D41E8872-StateMachineUpdater: set stopIndex = 0
2023-08-25 08:54:24,178 [19c619f1-2007-441e-8fe6-e07ebc4fc791@group-51A9D41E8872-FollowerState] INFO  impl.FollowerState (FollowerState.java:run(152)) - 19c619f1-2007-441e-8fe6-e07ebc4fc791@group-51A9D41E8872-FollowerState was interrupted
2023-08-25 08:54:24,178 [19c619f1-2007-441e-8fe6-e07ebc4fc791@group-51A9D41E8872-StateMachineUpdater] INFO  ratis.ContainerStateMachine (ContainerStateMachine.java:takeSnapshot(330)) - group-51A9D41E8872: Taking a snapshot at:(t:1, i:0) file /home/runner/work/ozone/ozone/hadoop-ozone/integration-test/target/test-dir/MiniOzoneClusterImpl-e7e10417-51b4-42c5-96ae-91e23fec58ac/datanode-0/data/ratis/06c3252d-6abd-437c-b19f-51a9d41e8872/sm/snapshot.1_0
2023-08-25 08:54:24,180 [19c619f1-2007-441e-8fe6-e07ebc4fc791@group-51A9D41E8872-StateMachineUpdater] INFO  ratis.ContainerStateMachine (ContainerStateMachine.java:takeSnapshot(341)) - group-51A9D41E8872: Finished taking a snapshot at:(t:1, i:0) file:/home/runner/work/ozone/ozone/hadoop-ozone/integration-test/target/test-dir/MiniOzoneClusterImpl-e7e10417-51b4-42c5-96ae-91e23fec58ac/datanode-0/data/ratis/06c3252d-6abd-437c-b19f-51a9d41e8872/sm/snapshot.1_0 took: 2 ms
2023-08-25 08:54:24,180 [19c619f1-2007-441e-8fe6-e07ebc4fc791@group-51A9D41E8872-StateMachineUpdater] INFO  impl.StateMachineUpdater (StateMachineUpdater.java:takeSnapshot(291)) - 19c619f1-2007-441e-8fe6-e07ebc4fc791@group-51A9D41E8872-StateMachineUpdater: Took a snapshot at index 0
2023-08-25 08:54:24,180 [19c619f1-2007-441e-8fe6-e07ebc4fc791@group-51A9D41E8872-StateMachineUpdater] INFO  impl.StateMachineUpdater (StateMachineUpdater.java:lambda$new$0(97)) - 19c619f1-2007-441e-8fe6-e07ebc4fc791@group-51A9D41E8872-StateMachineUpdater: snapshotIndex: updateIncreasingly -1 -> 0
2023-08-25 08:54:24,180 [19c619f1-2007-441e-8fe6-e07ebc4fc791-impl-thread3] INFO  server.RaftServer$Division (ServerState.java:close(472)) - 19c619f1-2007-441e-8fe6-e07ebc4fc791@group-51A9D41E8872: closes. applyIndex: 0
2023-08-25 08:54:24,180 [19c619f1-2007-441e-8fe6-e07ebc4fc791@group-6152DA3C4D6B-StateMachineUpdater] INFO  ratis.ContainerStateMachine (ContainerStateMachine.java:takeSnapshot(341)) - group-6152DA3C4D6B: Finished taking a snapshot at:(t:1, i:0) file:/home/runner/work/ozone/ozone/hadoop-ozone/integration-test/target/test-dir/MiniOzoneClusterImpl-e7e10417-51b4-42c5-96ae-91e23fec58ac/datanode-0/data/ratis/4a79fc2f-79fd-40cc-9431-6152da3c4d6b/sm/snapshot.1_0 took: 2 ms
2023-08-25 08:54:24,180 [19c619f1-2007-441e-8fe6-e07ebc4fc791@group-6152DA3C4D6B-StateMachineUpdater] INFO  impl.StateMachineUpdater (StateMachineUpdater.java:takeSnapshot(291)) - 19c619f1-2007-441e-8fe6-e07ebc4fc791@group-6152DA3C4D6B-StateMachineUpdater: Took a snapshot at index 0
2023-08-25 08:54:24,180 [19c619f1-2007-441e-8fe6-e07ebc4fc791@group-6152DA3C4D6B-StateMachineUpdater] INFO  impl.StateMachineUpdater (StateMachineUpdater.java:lambda$new$0(97)) - 19c619f1-2007-441e-8fe6-e07ebc4fc791@group-6152DA3C4D6B-StateMachineUpdater: snapshotIndex: updateIncreasingly -1 -> 0
2023-08-25 08:54:24,181 [19c619f1-2007-441e-8fe6-e07ebc4fc791-impl-thread1] INFO  server.RaftServer$Division (ServerState.java:close(472)) - 19c619f1-2007-441e-8fe6-e07ebc4fc791@group-6152DA3C4D6B: closes. applyIndex: 0
2023-08-25 08:54:24,183 [19c619f1-2007-441e-8fe6-e07ebc4fc791@group-4D980349DF78-StateMachineUpdater] INFO  ratis.ContainerStateMachine (ContainerStateMachine.java:takeSnapshot(330)) - group-4D980349DF78: Taking a snapshot at:(t:1, i:5) file /home/runner/work/ozone/ozone/hadoop-ozone/integration-test/target/test-dir/MiniOzoneClusterImpl-e7e10417-51b4-42c5-96ae-91e23fec58ac/datanode-0/data/ratis/b6a2b597-69ed-4adb-884f-4d980349df78/sm/snapshot.1_5
2023-08-25 08:54:24,182 [Thread-3306] INFO  server.GrpcServerProtocolClient (GrpcServerProtocolClient.java:close(103)) - d44cbbb4-6878-45fc-b8ff-9a9a6a2d2fa6 Close channels
2023-08-25 08:54:24,183 [Thread-3305] INFO  server.GrpcServerProtocolClient (GrpcServerProtocolClient.java:close(103)) - 8c499c0a-8bdd-4b02-9c6d-bb3555d01e53 Close channels
2023-08-25 08:54:24,184 [19c619f1-2007-441e-8fe6-e07ebc4fc791-impl-thread2] INFO  impl.StateMachineUpdater (StateMachineUpdater.java:stopAndJoin(155)) - 19c619f1-2007-441e-8fe6-e07ebc4fc791@group-4D980349DF78-StateMachineUpdater: set stopIndex = 5
2023-08-25 08:54:24,185 [19c619f1-2007-441e-8fe6-e07ebc4fc791@group-4D980349DF78-StateMachineUpdater] INFO  ratis.ContainerStateMachine (ContainerStateMachine.java:takeSnapshot(341)) - group-4D980349DF78: Finished taking a snapshot at:(t:1, i:5) file:/home/runner/work/ozone/ozone/hadoop-ozone/integration-test/target/test-dir/MiniOzoneClusterImpl-e7e10417-51b4-42c5-96ae-91e23fec58ac/datanode-0/data/ratis/b6a2b597-69ed-4adb-884f-4d980349df78/sm/snapshot.1_5 took: 2 ms
2023-08-25 08:54:24,185 [19c619f1-2007-441e-8fe6-e07ebc4fc791@group-4D980349DF78-StateMachineUpdater] INFO  impl.StateMachineUpdater (StateMachineUpdater.java:takeSnapshot(291)) - 19c619f1-2007-441e-8fe6-e07ebc4fc791@group-4D980349DF78-StateMachineUpdater: Took a snapshot at index 5
2023-08-25 08:54:24,185 [19c619f1-2007-441e-8fe6-e07ebc4fc791@group-4D980349DF78-StateMachineUpdater] INFO  impl.StateMachineUpdater (StateMachineUpdater.java:lambda$new$0(97)) - 19c619f1-2007-441e-8fe6-e07ebc4fc791@group-4D980349DF78-StateMachineUpdater: snapshotIndex: updateIncreasingly -1 -> 5
2023-08-25 08:54:24,186 [19c619f1-2007-441e-8fe6-e07ebc4fc791-impl-thread2] INFO  server.RaftServer$Division (ServerState.java:close(472)) - 19c619f1-2007-441e-8fe6-e07ebc4fc791@group-4D980349DF78: closes. applyIndex: 5
2023-08-25 08:54:24,187 [Time-limited test] INFO  server.GrpcService (GrpcService.java:closeImpl(320)) - 19c619f1-2007-441e-8fe6-e07ebc4fc791: shutdown server org.apache.ratis.grpc.server.GrpcClientProtocolService successfully
2023-08-25 08:54:24,188 [Time-limited test] INFO  server.GrpcService (GrpcService.java:closeImpl(311)) - 19c619f1-2007-441e-8fe6-e07ebc4fc791: shutdown server GrpcServerProtocolService now
2023-08-25 08:54:24,190 [grpc-default-executor-5] WARN  server.GrpcServerProtocolService (LogUtils.java:warn(122)) - 19c619f1-2007-441e-8fe6-e07ebc4fc791: APPEND_ENTRIES onError, lastRequest: null: org.apache.ratis.thirdparty.io.grpc.StatusRuntimeException: CANCELLED: client cancelled
2023-08-25 08:54:24,190 [grpc-default-executor-0] WARN  server.GrpcServerProtocolService (LogUtils.java:warn(122)) - 19c619f1-2007-441e-8fe6-e07ebc4fc791: APPEND_ENTRIES onError, lastRequest: null: org.apache.ratis.thirdparty.io.grpc.StatusRuntimeException: CANCELLED: client cancelled
2023-08-25 08:54:24,190 [grpc-default-executor-1] WARN  server.GrpcServerProtocolService (LogUtils.java:warn(122)) - 19c619f1-2007-441e-8fe6-e07ebc4fc791: APPEND_ENTRIES onError, lastRequest: 8c499c0a-8bdd-4b02-9c6d-bb3555d01e53->19c619f1-2007-441e-8fe6-e07ebc4fc791#1-t1,previous=(t:0, i:0),leaderCommit=-1,initializing? true,entries: size=1, first=(t:1, i:0), CONFIGURATIONENTRY(current:id: "8c499c0a-8bdd-4b02-9c6d-bb3555d01e53"
address: "10.1.0.19:15297"
priority: 1
dataStreamAddress: "10.1.0.19:15298"
clientAddress: "10.1.0.19:15295"
adminAddress: "10.1.0.19:15296"
startupRole: FOLLOWER
,id: "d44cbbb4-6878-45fc-b8ff-9a9a6a2d2fa6"
address: "10.1.0.19:15288"
dataStreamAddress: "10.1.0.19:15289"
clientAddress: "10.1.0.19:15286"
adminAddress: "10.1.0.19:15287"
startupRole: FOLLOWER
,id: "19c619f1-2007-441e-8fe6-e07ebc4fc791"
address: "10.1.0.19:15279"
dataStreamAddress: "10.1.0.19:15280"
clientAddress: "10.1.0.19:15277"
adminAddress: "10.1.0.19:15278"
startupRole: FOLLOWER
, old:): org.apache.ratis.thirdparty.io.grpc.StatusRuntimeException: CANCELLED: client cancelled
2023-08-25 08:54:24,190 [grpc-default-executor-4] WARN  server.GrpcLogAppender (LogUtils.java:warn(122)) - d44cbbb4-6878-45fc-b8ff-9a9a6a2d2fa6@group-4D980349DF78->19c619f1-2007-441e-8fe6-e07ebc4fc791-AppendLogResponseHandler: Failed appendEntries: org.apache.ratis.thirdparty.io.grpc.StatusRuntimeException: CANCELLED: RST_STREAM closed stream. HTTP/2 error code: CANCEL
2023-08-25 08:54:24,190 [grpc-default-executor-4] INFO  leader.FollowerInfo (FollowerInfoImpl.java:lambda$new$0(52)) - d44cbbb4-6878-45fc-b8ff-9a9a6a2d2fa6@group-4D980349DF78->19c619f1-2007-441e-8fe6-e07ebc4fc791: decreaseNextIndex nextIndex: updateUnconditionally 7 -> 6
2023-08-25 08:54:24,191 [grpc-default-executor-5] WARN  server.GrpcLogAppender (LogUtils.java:warn(122)) - 8c499c0a-8bdd-4b02-9c6d-bb3555d01e53@group-51A9D41E8872->19c619f1-2007-441e-8fe6-e07ebc4fc791-AppendLogResponseHandler: Failed appendEntries: org.apache.ratis.thirdparty.io.grpc.StatusRuntimeException: CANCELLED: RST_STREAM closed stream. HTTP/2 error code: CANCEL
2023-08-25 08:54:24,191 [grpc-default-executor-5] WARN  server.GrpcLogAppender (GrpcLogAppender.java:resetClient(128)) - 8c499c0a-8bdd-4b02-9c6d-bb3555d01e53@group-51A9D41E8872->19c619f1-2007-441e-8fe6-e07ebc4fc791-GrpcLogAppender: Follower failed when matchIndex == 0,  keep nextIndex (1) unchanged and retry.
2023-08-25 08:54:24,191 [grpc-default-executor-4] WARN  server.GrpcServerProtocolService (LogUtils.java:warn(122)) - 19c619f1-2007-441e-8fe6-e07ebc4fc791: APPEND_ENTRIES onError, lastRequest: d44cbbb4-6878-45fc-b8ff-9a9a6a2d2fa6->19c619f1-2007-441e-8fe6-e07ebc4fc791#19-t1,previous=(t:1, i:5),leaderCommit=5,initializing? true,entries: size=1, first=(t:1, i:6), METADATAENTRY(c:5): org.apache.ratis.thirdparty.io.grpc.StatusRuntimeException: CANCELLED: client cancelled
2023-08-25 08:54:24,201 [grpc-default-executor-7] WARN  server.GrpcLogAppender (LogUtils.java:warn(122)) - d44cbbb4-6878-45fc-b8ff-9a9a6a2d2fa6@group-4D980349DF78->19c619f1-2007-441e-8fe6-e07ebc4fc791-AppendLogResponseHandler: Failed appendEntries: org.apache.ratis.thirdparty.io.grpc.StatusRuntimeException: CANCELLED: RST_STREAM closed stream. HTTP/2 error code: CANCEL
2023-08-25 08:54:24,201 [grpc-default-executor-7] INFO  leader.FollowerInfo (FollowerInfoImpl.java:lambda$new$0(52)) - d44cbbb4-6878-45fc-b8ff-9a9a6a2d2fa6@group-4D980349DF78->19c619f1-2007-441e-8fe6-e07ebc4fc791: decreaseNextIndex nextIndex: updateUnconditionally 6 -> 5
2023-08-25 08:54:24,216 [Time-limited test] INFO  server.GrpcService (GrpcService.java:closeImpl(320)) - 19c619f1-2007-441e-8fe6-e07ebc4fc791: shutdown server GrpcServerProtocolService successfully
2023-08-25 08:54:24,217 [Time-limited test] INFO  server.GrpcService (GrpcService.java:closeImpl(311)) - 19c619f1-2007-441e-8fe6-e07ebc4fc791: shutdown server org.apache.ratis.grpc.server.GrpcAdminProtocolService now
2023-08-25 08:54:24,217 [grpc-default-executor-8] WARN  server.GrpcLogAppender (LogUtils.java:warn(122)) - 8c499c0a-8bdd-4b02-9c6d-bb3555d01e53@group-51A9D41E8872->19c619f1-2007-441e-8fe6-e07ebc4fc791-AppendLogResponseHandler: Failed appendEntries: org.apache.ratis.thirdparty.io.grpc.StatusRuntimeException: CANCELLED: RST_STREAM closed stream. HTTP/2 error code: CANCEL
2023-08-25 08:54:24,217 [grpc-default-executor-8] WARN  server.GrpcLogAppender (GrpcLogAppender.java:resetClient(128)) - 8c499c0a-8bdd-4b02-9c6d-bb3555d01e53@group-51A9D41E8872->19c619f1-2007-441e-8fe6-e07ebc4fc791-GrpcLogAppender: Follower failed when matchIndex == 0,  keep nextIndex (1) unchanged and retry.
2023-08-25 08:54:24,218 [Time-limited test] INFO  server.GrpcService (GrpcService.java:closeImpl(320)) - 19c619f1-2007-441e-8fe6-e07ebc4fc791: shutdown server org.apache.ratis.grpc.server.GrpcAdminProtocolService successfully
2023-08-25 08:54:24,218 [19c619f1-2007-441e-8fe6-e07ebc4fc791-NettyServerStreamRpc-bossGroup--thread1] INFO  logging.LoggingHandler (AbstractInternalLogger.java:log(148)) - [id: 0x184e51a5, L:/0:0:0:0:0:0:0:0:15280] CLOSE
2023-08-25 08:54:24,218 [19c619f1-2007-441e-8fe6-e07ebc4fc791-NettyServerStreamRpc-bossGroup--thread1] INFO  logging.LoggingHandler (AbstractInternalLogger.java:log(148)) - [id: 0x184e51a5, L:/0:0:0:0:0:0:0:0:15280] INACTIVE
2023-08-25 08:54:24,218 [19c619f1-2007-441e-8fe6-e07ebc4fc791-NettyServerStreamRpc-bossGroup--thread1] INFO  logging.LoggingHandler (AbstractInternalLogger.java:log(148)) - [id: 0x184e51a5, L:/0:0:0:0:0:0:0:0:15280] UNREGISTERED
2023-08-25 08:54:24,659 [19c619f1-2007-441e-8fe6-e07ebc4fc791-impl-thread1] INFO  segmented.SegmentedRaftLogWorker (SegmentedRaftLogWorker.java:close(252)) - 19c619f1-2007-441e-8fe6-e07ebc4fc791@group-6152DA3C4D6B-SegmentedRaftLogWorker close()
2023-08-25 08:54:25,006 [19c619f1-2007-441e-8fe6-e07ebc4fc791-impl-thread2] INFO  segmented.SegmentedRaftLogWorker (SegmentedRaftLogWorker.java:close(252)) - 19c619f1-2007-441e-8fe6-e07ebc4fc791@group-4D980349DF78-SegmentedRaftLogWorker close()
2023-08-25 08:54:25,064 [ReplicationMonitor] INFO  replication.ReplicationManager (ReplicationManager.java:processAll(389)) - Replication Monitor Thread took 0 milliseconds for processing 1 containers.
2023-08-25 08:54:25,182 [19c619f1-2007-441e-8fe6-e07ebc4fc791-impl-thread3] INFO  segmented.SegmentedRaftLogWorker (SegmentedRaftLogWorker.java:close(252)) - 19c619f1-2007-441e-8fe6-e07ebc4fc791@group-51A9D41E8872-SegmentedRaftLogWorker close()
2023-08-25 08:54:25,184 [JvmPauseMonitor37] INFO  util.JvmPauseMonitor (JvmPauseMonitor.java:run(109)) - JvmPauseMonitor-19c619f1-2007-441e-8fe6-e07ebc4fc791: Stopped
2023-08-25 08:54:26,065 [ReplicationMonitor] INFO  replication.ReplicationManager (ReplicationManager.java:processAll(389)) - Replication Monitor Thread took 0 milliseconds for processing 1 containers.
2023-08-25 08:54:26,199 [grpc-default-executor-3] WARN  server.GrpcLogAppender (LogUtils.java:warn(122)) - 8c499c0a-8bdd-4b02-9c6d-bb3555d01e53@group-51A9D41E8872->19c619f1-2007-441e-8fe6-e07ebc4fc791-AppendLogResponseHandler: Failed appendEntries: org.apache.ratis.thirdparty.io.grpc.StatusRuntimeException: UNAVAILABLE: io exception
2023-08-25 08:54:26,200 [grpc-default-executor-3] WARN  server.GrpcLogAppender (GrpcLogAppender.java:resetClient(128)) - 8c499c0a-8bdd-4b02-9c6d-bb3555d01e53@group-51A9D41E8872->19c619f1-2007-441e-8fe6-e07ebc4fc791-GrpcLogAppender: Follower failed when matchIndex == 0,  keep nextIndex (1) unchanged and retry.
2023-08-25 08:54:26,206 [grpc-default-executor-3] WARN  server.GrpcLogAppender (LogUtils.java:warn(122)) - 8c499c0a-8bdd-4b02-9c6d-bb3555d01e53@group-51A9D41E8872->19c619f1-2007-441e-8fe6-e07ebc4fc791-AppendLogResponseHandler: Failed appendEntries: org.apache.ratis.thirdparty.io.grpc.StatusRuntimeException: UNAVAILABLE: io exception
2023-08-25 08:54:26,206 [grpc-default-executor-3] WARN  server.GrpcLogAppender (GrpcLogAppender.java:resetClient(128)) - 8c499c0a-8bdd-4b02-9c6d-bb3555d01e53@group-51A9D41E8872->19c619f1-2007-441e-8fe6-e07ebc4fc791-GrpcLogAppender: Follower failed when matchIndex == 0,  keep nextIndex (1) unchanged and retry.
2023-08-25 08:54:26,509 [grpc-default-executor-8] WARN  server.GrpcLogAppender (LogUtils.java:warn(122)) - d44cbbb4-6878-45fc-b8ff-9a9a6a2d2fa6@group-4D980349DF78->19c619f1-2007-441e-8fe6-e07ebc4fc791-AppendLogResponseHandler: Failed appendEntries: org.apache.ratis.thirdparty.io.grpc.StatusRuntimeException: UNAVAILABLE: io exception
2023-08-25 08:54:26,509 [grpc-default-executor-8] INFO  leader.FollowerInfo (FollowerInfoImpl.java:lambda$new$0(52)) - d44cbbb4-6878-45fc-b8ff-9a9a6a2d2fa6@group-4D980349DF78->19c619f1-2007-441e-8fe6-e07ebc4fc791: decreaseNextIndex nextIndex: updateUnconditionally 6 -> 5
2023-08-25 08:54:26,510 [grpc-default-executor-8] WARN  server.GrpcLogAppender (LogUtils.java:warn(122)) - d44cbbb4-6878-45fc-b8ff-9a9a6a2d2fa6@group-4D980349DF78->19c619f1-2007-441e-8fe6-e07ebc4fc791-AppendLogResponseHandler: Failed appendEntries: org.apache.ratis.thirdparty.io.grpc.StatusRuntimeException: UNAVAILABLE: io exception
2023-08-25 08:54:26,511 [grpc-default-executor-8] INFO  leader.FollowerInfo (FollowerInfoImpl.java:lambda$new$0(52)) - d44cbbb4-6878-45fc-b8ff-9a9a6a2d2fa6@group-4D980349DF78->19c619f1-2007-441e-8fe6-e07ebc4fc791: decreaseNextIndex nextIndex: updateUnconditionally 5 -> 4
2023-08-25 08:54:26,515 [grpc-default-executor-8] WARN  server.GrpcLogAppender (LogUtils.java:warn(122)) - d44cbbb4-6878-45fc-b8ff-9a9a6a2d2fa6@group-4D980349DF78->19c619f1-2007-441e-8fe6-e07ebc4fc791-AppendLogResponseHandler: Failed appendEntries: org.apache.ratis.thirdparty.io.grpc.StatusRuntimeException: UNAVAILABLE: io exception
2023-08-25 08:54:26,516 [grpc-default-executor-8] INFO  leader.FollowerInfo (FollowerInfoImpl.java:lambda$new$0(52)) - d44cbbb4-6878-45fc-b8ff-9a9a6a2d2fa6@group-4D980349DF78->19c619f1-2007-441e-8fe6-e07ebc4fc791: decreaseNextIndex nextIndex: updateUnconditionally 5 -> 4
2023-08-25 08:54:26,516 [grpc-default-executor-3] WARN  server.GrpcLogAppender (LogUtils.java:warn(122)) - d44cbbb4-6878-45fc-b8ff-9a9a6a2d2fa6@group-4D980349DF78->19c619f1-2007-441e-8fe6-e07ebc4fc791-AppendLogResponseHandler: Failed appendEntries: org.apache.ratis.thirdparty.io.grpc.StatusRuntimeException: UNAVAILABLE: io exception
2023-08-25 08:54:26,516 [grpc-default-executor-3] INFO  leader.FollowerInfo (FollowerInfoImpl.java:lambda$new$0(52)) - d44cbbb4-6878-45fc-b8ff-9a9a6a2d2fa6@group-4D980349DF78->19c619f1-2007-441e-8fe6-e07ebc4fc791: decreaseNextIndex nextIndex: updateUnconditionally 4 -> 3
2023-08-25 08:54:27,039 [EventQueue-StaleNodeForStaleNodeHandler] INFO  node.StaleNodeHandler (StaleNodeHandler.java:onMessage(58)) - Datanode 19c619f1-2007-441e-8fe6-e07ebc4fc791(fv-az584-689.msjcyvhqqs1uvpg4fm53wptgqc.jx.internal.cloudapp.net/10.1.0.19) moved to stale state. Finalizing its pipelines [PipelineID=4a79fc2f-79fd-40cc-9431-6152da3c4d6b, PipelineID=b6a2b597-69ed-4adb-884f-4d980349df78, PipelineID=06c3252d-6abd-437c-b19f-51a9d41e8872]
2023-08-25 08:54:27,040 [EventQueue-StaleNodeForStaleNodeHandler] INFO  pipeline.PipelineManagerImpl (PipelineManagerImpl.java:closePipeline(529)) - Pipeline Pipeline[ Id: 4a79fc2f-79fd-40cc-9431-6152da3c4d6b, Nodes: 19c619f1-2007-441e-8fe6-e07ebc4fc791(fv-az584-689.msjcyvhqqs1uvpg4fm53wptgqc.jx.internal.cloudapp.net/10.1.0.19), ReplicationConfig: RATIS/ONE, State:OPEN, leaderId:19c619f1-2007-441e-8fe6-e07ebc4fc791, CreationTimestamp2023-08-25T08:54:12.495Z[Etc/UTC]] moved to CLOSED state
2023-08-25 08:54:27,040 [EventQueue-StaleNodeForStaleNodeHandler] INFO  pipeline.PipelineManagerImpl (PipelineManagerImpl.java:closePipeline(529)) - Pipeline Pipeline[ Id: b6a2b597-69ed-4adb-884f-4d980349df78, Nodes: 19c619f1-2007-441e-8fe6-e07ebc4fc791(fv-az584-689.msjcyvhqqs1uvpg4fm53wptgqc.jx.internal.cloudapp.net/10.1.0.19)8c499c0a-8bdd-4b02-9c6d-bb3555d01e53(fv-az584-689.msjcyvhqqs1uvpg4fm53wptgqc.jx.internal.cloudapp.net/10.1.0.19)d44cbbb4-6878-45fc-b8ff-9a9a6a2d2fa6(fv-az584-689.msjcyvhqqs1uvpg4fm53wptgqc.jx.internal.cloudapp.net/10.1.0.19), ReplicationConfig: RATIS/THREE, State:OPEN, leaderId:d44cbbb4-6878-45fc-b8ff-9a9a6a2d2fa6, CreationTimestamp2023-08-25T08:54:13.185Z[Etc/UTC]] moved to CLOSED state
2023-08-25 08:54:27,042 [EventQueue-StaleNodeForStaleNodeHandler] INFO  pipeline.PipelineManagerImpl (PipelineManagerImpl.java:closePipeline(529)) - Pipeline Pipeline[ Id: 06c3252d-6abd-437c-b19f-51a9d41e8872, Nodes: d44cbbb4-6878-45fc-b8ff-9a9a6a2d2fa6(fv-az584-689.msjcyvhqqs1uvpg4fm53wptgqc.jx.internal.cloudapp.net/10.1.0.19)8c499c0a-8bdd-4b02-9c6d-bb3555d01e53(fv-az584-689.msjcyvhqqs1uvpg4fm53wptgqc.jx.internal.cloudapp.net/10.1.0.19)19c619f1-2007-441e-8fe6-e07ebc4fc791(fv-az584-689.msjcyvhqqs1uvpg4fm53wptgqc.jx.internal.cloudapp.net/10.1.0.19), ReplicationConfig: RATIS/THREE, State:OPEN, leaderId:8c499c0a-8bdd-4b02-9c6d-bb3555d01e53, CreationTimestamp2023-08-25T08:54:13.189Z[Etc/UTC]] moved to CLOSED state
2023-08-25 08:54:27,066 [ReplicationMonitor] INFO  replication.ReplicationManager (ReplicationManager.java:processAll(389)) - Replication Monitor Thread took 1 milliseconds for processing 1 containers.
2023-08-25 08:54:27,189 [Time-limited test] INFO  utils.DatanodeStoreCache (DatanodeStoreCache.java:shutdownCache(110)) - Skip clearing cache in mini cluster mode. Entries left: [/home/runner/work/ozone/ozone/hadoop-ozone/integration-test/target/test-dir/MiniOzoneClusterImpl-e7e10417-51b4-42c5-96ae-91e23fec58ac/datanode-0/data-0/containers/hdds/e7e10417-51b4-42c5-96ae-91e23fec58ac/DS-24bef3b1-976e-4f93-b173-e5870cda7867/container.db, /home/runner/work/ozone/ozone/hadoop-ozone/integration-test/target/test-dir/MiniOzoneClusterImpl-e7e10417-51b4-42c5-96ae-91e23fec58ac/datanode-1/data-0/containers/hdds/e7e10417-51b4-42c5-96ae-91e23fec58ac/DS-5ac739ad-2dde-48c9-b5a0-ed8c3de309f2/container.db, /home/runner/work/ozone/ozone/hadoop-ozone/integration-test/target/test-dir/MiniOzoneClusterImpl-e7e10417-51b4-42c5-96ae-91e23fec58ac/datanode-2/data-0/containers/hdds/e7e10417-51b4-42c5-96ae-91e23fec58ac/DS-29c53c55-05f9-402b-8092-27dc2f6f8e2d/container.db, /home/runner/work/ozone/ozone/hadoop-ozone/integration-test/target/test-dir/MiniOzoneClusterImpl-e7e10417-51b4-42c5-96ae-91e23fec58ac/datanode-3/data-0/containers/hdds/e7e10417-51b4-42c5-96ae-91e23fec58ac/DS-9e4d7e1f-8dfe-407e-b566-cabaf96d49ca/container.db, /home/runner/work/ozone/ozone/hadoop-ozone/integration-test/target/test-dir/MiniOzoneClusterImpl-e7e10417-51b4-42c5-96ae-91e23fec58ac/datanode-4/data-0/containers/hdds/e7e10417-51b4-42c5-96ae-91e23fec58ac/DS-89642e80-5203-4dea-9c82-d2b02e0ce703/container.db]
2023-08-25 08:54:27,193 [Time-limited test] INFO  utils.DatanodeStoreCache (DatanodeStoreCache.java:removeDB(104)) - Removed db /home/runner/work/ozone/ozone/hadoop-ozone/integration-test/target/test-dir/MiniOzoneClusterImpl-e7e10417-51b4-42c5-96ae-91e23fec58ac/datanode-0/data-0/containers/hdds/e7e10417-51b4-42c5-96ae-91e23fec58ac/DS-24bef3b1-976e-4f93-b173-e5870cda7867/container.db from cache
2023-08-25 08:54:27,193 [Time-limited test] INFO  volume.HddsVolume (HddsVolume.java:closeDbStore(453)) - SchemaV3 db is stopped at /home/runner/work/ozone/ozone/hadoop-ozone/integration-test/target/test-dir/MiniOzoneClusterImpl-e7e10417-51b4-42c5-96ae-91e23fec58ac/datanode-0/data-0/containers/hdds/e7e10417-51b4-42c5-96ae-91e23fec58ac/DS-24bef3b1-976e-4f93-b173-e5870cda7867/container.db for volume DS-24bef3b1-976e-4f93-b173-e5870cda7867
2023-08-25 08:54:27,193 [Time-limited test] INFO  utils.BackgroundService (BackgroundService.java:shutdown(141)) - Shutting down service BlockDeletingService
2023-08-25 08:54:27,197 [Time-limited test] INFO  utils.BackgroundService (BackgroundService.java:shutdown(141)) - Shutting down service StaleRecoveringContainerScrubbingService
2023-08-25 08:54:27,197 [Time-limited test] INFO  statemachine.DatanodeStateMachine (DatanodeStateMachine.java:stopDaemon(620)) - Ozone container server stopped.
2023-08-25 08:54:27,208 [Time-limited test] INFO  handler.ContextHandler (ContextHandler.java:doStop(1159)) - Stopped o.e.j.w.WebAppContext@56e659ec{hddsDatanode,/,null,STOPPED}{jar:file:/home/runner/.m2/repository/org/apache/ozone/hdds-container-service/1.4.0-SNAPSHOT/hdds-container-service-1.4.0-SNAPSHOT.jar!/webapps/hddsDatanode}
2023-08-25 08:54:27,209 [Time-limited test] INFO  server.AbstractConnector (AbstractConnector.java:doStop(383)) - Stopped ServerConnector@40cab7c{HTTP/1.1, (http/1.1)}{0.0.0.0:15274}
2023-08-25 08:54:27,209 [Time-limited test] INFO  server.session (HouseKeeper.java:stopScavenging(149)) - node0 Stopped scavenging
2023-08-25 08:54:27,209 [Time-limited test] INFO  handler.ContextHandler (ContextHandler.java:doStop(1159)) - Stopped o.e.j.s.ServletContextHandler@2852d25b{static,/static,jar:file:/home/runner/.m2/repository/org/apache/ozone/hdds-container-service/1.4.0-SNAPSHOT/hdds-container-service-1.4.0-SNAPSHOT.jar!/webapps/static,STOPPED}
2023-08-25 08:54:27,210 [Time-limited test] INFO  handler.ContextHandler (ContextHandler.java:doStop(1159)) - Stopped o.e.j.s.ServletContextHandler@1949c70e{logs,/logs,file:///home/runner/work/ozone/ozone/hadoop-ozone/integration-test/target/log,STOPPED}
2023-08-25 08:54:27,210 [Time-limited test] INFO  ozone.HddsDatanodeClientProtocolServer (HddsDatanodeClientProtocolServer.java:stop(78)) - Stopping the RPC server for Client Protocol
2023-08-25 08:54:27,210 [Time-limited test] INFO  ipc.Server (Server.java:stop(3523)) - Stopping server on 15275
2023-08-25 08:54:27,221 [IPC Server listener on 15275] INFO  ipc.Server (Server.java:run(1434)) - Stopping IPC Server listener on 15275
2023-08-25 08:54:27,225 [IPC Server Responder] INFO  ipc.Server (Server.java:run(1567)) - Stopping IPC Server Responder
2023-08-25 08:54:27,226 [Time-limited test] INFO  container.TestHelper (TestHelper.java:countReplicas(423)) - Container 1 has 3 replicas on [19c619f1-2007-441e-8fe6-e07ebc4fc791, 8c499c0a-8bdd-4b02-9c6d-bb3555d01e53, d44cbbb4-6878-45fc-b8ff-9a9a6a2d2fa6]
2023-08-25 08:54:27,448 [grpc-default-executor-3] WARN  server.GrpcLogAppender (LogUtils.java:warn(122)) - 8c499c0a-8bdd-4b02-9c6d-bb3555d01e53@group-51A9D41E8872->19c619f1-2007-441e-8fe6-e07ebc4fc791-AppendLogResponseHandler: Failed appendEntries: org.apache.ratis.thirdparty.io.grpc.StatusRuntimeException: UNAVAILABLE: io exception
2023-08-25 08:54:27,449 [grpc-default-executor-8] WARN  server.GrpcLogAppender (LogUtils.java:warn(122)) - 8c499c0a-8bdd-4b02-9c6d-bb3555d01e53@group-51A9D41E8872->19c619f1-2007-441e-8fe6-e07ebc4fc791-AppendLogResponseHandler: Failed appendEntries: org.apache.ratis.thirdparty.io.grpc.StatusRuntimeException: UNAVAILABLE: io exception
2023-08-25 08:54:27,449 [grpc-default-executor-3] WARN  server.GrpcLogAppender (GrpcLogAppender.java:resetClient(128)) - 8c499c0a-8bdd-4b02-9c6d-bb3555d01e53@group-51A9D41E8872->19c619f1-2007-441e-8fe6-e07ebc4fc791-GrpcLogAppender: Follower failed when matchIndex == 0,  keep nextIndex (1) unchanged and retry.
2023-08-25 08:54:27,450 [grpc-default-executor-8] WARN  server.GrpcLogAppender (GrpcLogAppender.java:resetClient(128)) - 8c499c0a-8bdd-4b02-9c6d-bb3555d01e53@group-51A9D41E8872->19c619f1-2007-441e-8fe6-e07ebc4fc791-GrpcLogAppender: Follower failed when matchIndex == 0,  keep nextIndex (1) unchanged and retry.
2023-08-25 08:54:27,756 [grpc-default-executor-8] WARN  server.GrpcLogAppender (LogUtils.java:warn(122)) - d44cbbb4-6878-45fc-b8ff-9a9a6a2d2fa6@group-4D980349DF78->19c619f1-2007-441e-8fe6-e07ebc4fc791-AppendLogResponseHandler: Failed appendEntries: org.apache.ratis.thirdparty.io.grpc.StatusRuntimeException: UNAVAILABLE: io exception
2023-08-25 08:54:27,756 [grpc-default-executor-3] WARN  server.GrpcLogAppender (LogUtils.java:warn(122)) - d44cbbb4-6878-45fc-b8ff-9a9a6a2d2fa6@group-4D980349DF78->19c619f1-2007-441e-8fe6-e07ebc4fc791-AppendLogResponseHandler: Failed appendEntries: org.apache.ratis.thirdparty.io.grpc.StatusRuntimeException: UNAVAILABLE: io exception
2023-08-25 08:54:27,756 [grpc-default-executor-8] INFO  leader.FollowerInfo (FollowerInfoImpl.java:lambda$new$0(52)) - d44cbbb4-6878-45fc-b8ff-9a9a6a2d2fa6@group-4D980349DF78->19c619f1-2007-441e-8fe6-e07ebc4fc791: decreaseNextIndex nextIndex: updateUnconditionally 3 -> 2
2023-08-25 08:54:27,757 [grpc-default-executor-3] INFO  leader.FollowerInfo (FollowerInfoImpl.java:lambda$new$0(52)) - d44cbbb4-6878-45fc-b8ff-9a9a6a2d2fa6@group-4D980349DF78->19c619f1-2007-441e-8fe6-e07ebc4fc791: decreaseNextIndex nextIndex: updateUnconditionally 2 -> 1
2023-08-25 08:54:27,767 [grpc-default-executor-8] WARN  server.GrpcLogAppender (LogUtils.java:warn(122)) - d44cbbb4-6878-45fc-b8ff-9a9a6a2d2fa6@group-4D980349DF78->19c619f1-2007-441e-8fe6-e07ebc4fc791-AppendLogResponseHandler: Failed appendEntries: org.apache.ratis.thirdparty.io.grpc.StatusRuntimeException: UNAVAILABLE: io exception
2023-08-25 08:54:27,767 [grpc-default-executor-3] WARN  server.GrpcLogAppender (LogUtils.java:warn(122)) - d44cbbb4-6878-45fc-b8ff-9a9a6a2d2fa6@group-4D980349DF78->19c619f1-2007-441e-8fe6-e07ebc4fc791-AppendLogResponseHandler: Failed appendEntries: org.apache.ratis.thirdparty.io.grpc.StatusRuntimeException: UNAVAILABLE: io exception
2023-08-25 08:54:27,768 [grpc-default-executor-8] INFO  leader.FollowerInfo (FollowerInfoImpl.java:lambda$new$0(52)) - d44cbbb4-6878-45fc-b8ff-9a9a6a2d2fa6@group-4D980349DF78->19c619f1-2007-441e-8fe6-e07ebc4fc791: decreaseNextIndex nextIndex: updateUnconditionally 2 -> 1
2023-08-25 08:54:27,768 [grpc-default-executor-3] INFO  leader.FollowerInfo (FollowerInfoImpl.java:lambda$new$0(52)) - d44cbbb4-6878-45fc-b8ff-9a9a6a2d2fa6@group-4D980349DF78->19c619f1-2007-441e-8fe6-e07ebc4fc791: decreaseNextIndex nextIndex: updateUnconditionally 1 -> 0
2023-08-25 08:54:28,066 [ReplicationMonitor] INFO  replication.ReplicationManager (ReplicationManager.java:processAll(389)) - Replication Monitor Thread took 0 milliseconds for processing 1 containers.
2023-08-25 08:54:28,227 [Time-limited test] INFO  container.TestHelper (TestHelper.java:countReplicas(423)) - Container 1 has 3 replicas on [19c619f1-2007-441e-8fe6-e07ebc4fc791, 8c499c0a-8bdd-4b02-9c6d-bb3555d01e53, d44cbbb4-6878-45fc-b8ff-9a9a6a2d2fa6]
2023-08-25 08:54:28,699 [grpc-default-executor-3] WARN  server.GrpcLogAppender (LogUtils.java:warn(122)) - 8c499c0a-8bdd-4b02-9c6d-bb3555d01e53@group-51A9D41E8872->19c619f1-2007-441e-8fe6-e07ebc4fc791-AppendLogResponseHandler: Failed appendEntries: org.apache.ratis.thirdparty.io.grpc.StatusRuntimeException: UNAVAILABLE: io exception
2023-08-25 08:54:28,699 [grpc-default-executor-3] WARN  server.GrpcLogAppender (GrpcLogAppender.java:resetClient(128)) - 8c499c0a-8bdd-4b02-9c6d-bb3555d01e53@group-51A9D41E8872->19c619f1-2007-441e-8fe6-e07ebc4fc791-GrpcLogAppender: Follower failed when matchIndex == 0,  keep nextIndex (1) unchanged and retry.
2023-08-25 08:54:28,699 [grpc-default-executor-8] WARN  server.GrpcLogAppender (LogUtils.java:warn(122)) - 8c499c0a-8bdd-4b02-9c6d-bb3555d01e53@group-51A9D41E8872->19c619f1-2007-441e-8fe6-e07ebc4fc791-AppendLogResponseHandler: Failed appendEntries: org.apache.ratis.thirdparty.io.grpc.StatusRuntimeException: UNAVAILABLE: io exception
2023-08-25 08:54:28,700 [grpc-default-executor-8] WARN  server.GrpcLogAppender (GrpcLogAppender.java:resetClient(128)) - 8c499c0a-8bdd-4b02-9c6d-bb3555d01e53@group-51A9D41E8872->19c619f1-2007-441e-8fe6-e07ebc4fc791-GrpcLogAppender: Follower failed when matchIndex == 0,  keep nextIndex (1) unchanged and retry.
2023-08-25 08:54:29,007 [grpc-default-executor-8] WARN  server.GrpcLogAppender (LogUtils.java:warn(122)) - d44cbbb4-6878-45fc-b8ff-9a9a6a2d2fa6@group-4D980349DF78->19c619f1-2007-441e-8fe6-e07ebc4fc791-AppendLogResponseHandler: Failed appendEntries: org.apache.ratis.thirdparty.io.grpc.StatusRuntimeException: UNAVAILABLE: io exception
2023-08-25 08:54:29,008 [grpc-default-executor-3] WARN  server.GrpcLogAppender (LogUtils.java:warn(122)) - d44cbbb4-6878-45fc-b8ff-9a9a6a2d2fa6@group-4D980349DF78->19c619f1-2007-441e-8fe6-e07ebc4fc791-AppendLogResponseHandler: Failed appendEntries: org.apache.ratis.thirdparty.io.grpc.StatusRuntimeException: UNAVAILABLE: io exception
2023-08-25 08:54:29,018 [grpc-default-executor-3] WARN  server.GrpcLogAppender (LogUtils.java:warn(122)) - d44cbbb4-6878-45fc-b8ff-9a9a6a2d2fa6@group-4D980349DF78->19c619f1-2007-441e-8fe6-e07ebc4fc791-AppendLogResponseHandler: Failed appendEntries: org.apache.ratis.thirdparty.io.grpc.StatusRuntimeException: UNAVAILABLE: io exception
2023-08-25 08:54:29,019 [grpc-default-executor-3] INFO  leader.FollowerInfo (FollowerInfoImpl.java:lambda$new$0(52)) - d44cbbb4-6878-45fc-b8ff-9a9a6a2d2fa6@group-4D980349DF78->19c619f1-2007-441e-8fe6-e07ebc4fc791: decreaseNextIndex nextIndex: updateUnconditionally 1 -> 0
2023-08-25 08:54:29,019 [grpc-default-executor-6] WARN  server.GrpcLogAppender (LogUtils.java:warn(122)) - d44cbbb4-6878-45fc-b8ff-9a9a6a2d2fa6@group-4D980349DF78->19c619f1-2007-441e-8fe6-e07ebc4fc791-AppendLogResponseHandler: Failed appendEntries: org.apache.ratis.thirdparty.io.grpc.StatusRuntimeException: UNAVAILABLE: io exception
2023-08-25 08:54:29,067 [ReplicationMonitor] INFO  replication.ReplicationManager (ReplicationManager.java:processAll(389)) - Replication Monitor Thread took 1 milliseconds for processing 1 containers.
2023-08-25 08:54:29,227 [Time-limited test] INFO  container.TestHelper (TestHelper.java:countReplicas(423)) - Container 1 has 3 replicas on [19c619f1-2007-441e-8fe6-e07ebc4fc791, 8c499c0a-8bdd-4b02-9c6d-bb3555d01e53, d44cbbb4-6878-45fc-b8ff-9a9a6a2d2fa6]
2023-08-25 08:54:29,949 [grpc-default-executor-6] WARN  server.GrpcLogAppender (LogUtils.java:warn(122)) - 8c499c0a-8bdd-4b02-9c6d-bb3555d01e53@group-51A9D41E8872->19c619f1-2007-441e-8fe6-e07ebc4fc791-AppendLogResponseHandler: Failed appendEntries: org.apache.ratis.thirdparty.io.grpc.StatusRuntimeException: UNAVAILABLE: io exception
2023-08-25 08:54:29,950 [grpc-default-executor-6] WARN  server.GrpcLogAppender (GrpcLogAppender.java:resetClient(128)) - 8c499c0a-8bdd-4b02-9c6d-bb3555d01e53@group-51A9D41E8872->19c619f1-2007-441e-8fe6-e07ebc4fc791-GrpcLogAppender: Follower failed when matchIndex == 0,  keep nextIndex (1) unchanged and retry.
2023-08-25 08:54:29,950 [grpc-default-executor-3] WARN  server.GrpcLogAppender (LogUtils.java:warn(122)) - 8c499c0a-8bdd-4b02-9c6d-bb3555d01e53@group-51A9D41E8872->19c619f1-2007-441e-8fe6-e07ebc4fc791-AppendLogResponseHandler: Failed appendEntries: org.apache.ratis.thirdparty.io.grpc.StatusRuntimeException: UNAVAILABLE: io exception
2023-08-25 08:54:29,950 [grpc-default-executor-3] WARN  server.GrpcLogAppender (GrpcLogAppender.java:resetClient(128)) - 8c499c0a-8bdd-4b02-9c6d-bb3555d01e53@group-51A9D41E8872->19c619f1-2007-441e-8fe6-e07ebc4fc791-GrpcLogAppender: Follower failed when matchIndex == 0,  keep nextIndex (1) unchanged and retry.
2023-08-25 08:54:30,043 [EventQueue-DeadNodeForDeadNodeHandler] INFO  node.DeadNodeHandler (DeadNodeHandler.java:onMessage(82)) - A dead datanode is detected. 19c619f1-2007-441e-8fe6-e07ebc4fc791(fv-az584-689.msjcyvhqqs1uvpg4fm53wptgqc.jx.internal.cloudapp.net/10.1.0.19)
2023-08-25 08:54:30,043 [EventQueue-DeadNodeForDeadNodeHandler] INFO  pipeline.RatisPipelineProvider (RatisPipelineProvider.java:lambda$close$4(272)) - Send pipeline:PipelineID=4a79fc2f-79fd-40cc-9431-6152da3c4d6b close command to datanode 19c619f1-2007-441e-8fe6-e07ebc4fc791
2023-08-25 08:54:30,047 [EventQueue-DeadNodeForDeadNodeHandler] INFO  pipeline.PipelineManagerImpl (PipelineManagerImpl.java:removePipeline(478)) - Pipeline Pipeline[ Id: 4a79fc2f-79fd-40cc-9431-6152da3c4d6b, Nodes: 19c619f1-2007-441e-8fe6-e07ebc4fc791(fv-az584-689.msjcyvhqqs1uvpg4fm53wptgqc.jx.internal.cloudapp.net/10.1.0.19), ReplicationConfig: RATIS/ONE, State:CLOSED, leaderId:19c619f1-2007-441e-8fe6-e07ebc4fc791, CreationTimestamp2023-08-25T08:54:12.495Z[Etc/UTC]] removed.
2023-08-25 08:54:30,047 [EventQueue-DeadNodeForDeadNodeHandler] INFO  pipeline.RatisPipelineProvider (RatisPipelineProvider.java:lambda$close$4(272)) - Send pipeline:PipelineID=b6a2b597-69ed-4adb-884f-4d980349df78 close command to datanode 19c619f1-2007-441e-8fe6-e07ebc4fc791
2023-08-25 08:54:30,047 [EventQueue-DeadNodeForDeadNodeHandler] INFO  pipeline.RatisPipelineProvider (RatisPipelineProvider.java:lambda$close$4(272)) - Send pipeline:PipelineID=b6a2b597-69ed-4adb-884f-4d980349df78 close command to datanode 8c499c0a-8bdd-4b02-9c6d-bb3555d01e53
2023-08-25 08:54:30,047 [EventQueue-DeadNodeForDeadNodeHandler] INFO  pipeline.RatisPipelineProvider (RatisPipelineProvider.java:lambda$close$4(272)) - Send pipeline:PipelineID=b6a2b597-69ed-4adb-884f-4d980349df78 close command to datanode d44cbbb4-6878-45fc-b8ff-9a9a6a2d2fa6
2023-08-25 08:54:30,048 [EventQueue-DeadNodeForDeadNodeHandler] INFO  pipeline.PipelineManagerImpl (PipelineManagerImpl.java:removePipeline(478)) - Pipeline Pipeline[ Id: b6a2b597-69ed-4adb-884f-4d980349df78, Nodes: 19c619f1-2007-441e-8fe6-e07ebc4fc791(fv-az584-689.msjcyvhqqs1uvpg4fm53wptgqc.jx.internal.cloudapp.net/10.1.0.19)8c499c0a-8bdd-4b02-9c6d-bb3555d01e53(fv-az584-689.msjcyvhqqs1uvpg4fm53wptgqc.jx.internal.cloudapp.net/10.1.0.19)d44cbbb4-6878-45fc-b8ff-9a9a6a2d2fa6(fv-az584-689.msjcyvhqqs1uvpg4fm53wptgqc.jx.internal.cloudapp.net/10.1.0.19), ReplicationConfig: RATIS/THREE, State:CLOSED, leaderId:d44cbbb4-6878-45fc-b8ff-9a9a6a2d2fa6, CreationTimestamp2023-08-25T08:54:13.185Z[Etc/UTC]] removed.
2023-08-25 08:54:30,048 [EventQueue-DeadNodeForDeadNodeHandler] INFO  pipeline.RatisPipelineProvider (RatisPipelineProvider.java:lambda$close$4(272)) - Send pipeline:PipelineID=06c3252d-6abd-437c-b19f-51a9d41e8872 close command to datanode d44cbbb4-6878-45fc-b8ff-9a9a6a2d2fa6
2023-08-25 08:54:30,048 [EventQueue-DeadNodeForDeadNodeHandler] INFO  pipeline.RatisPipelineProvider (RatisPipelineProvider.java:lambda$close$4(272)) - Send pipeline:PipelineID=06c3252d-6abd-437c-b19f-51a9d41e8872 close command to datanode 8c499c0a-8bdd-4b02-9c6d-bb3555d01e53
2023-08-25 08:54:30,048 [EventQueue-DeadNodeForDeadNodeHandler] INFO  pipeline.RatisPipelineProvider (RatisPipelineProvider.java:lambda$close$4(272)) - Send pipeline:PipelineID=06c3252d-6abd-437c-b19f-51a9d41e8872 close command to datanode 19c619f1-2007-441e-8fe6-e07ebc4fc791
2023-08-25 08:54:30,048 [EventQueue-DeadNodeForDeadNodeHandler] INFO  pipeline.PipelineManagerImpl (PipelineManagerImpl.java:removePipeline(478)) - Pipeline Pipeline[ Id: 06c3252d-6abd-437c-b19f-51a9d41e8872, Nodes: d44cbbb4-6878-45fc-b8ff-9a9a6a2d2fa6(fv-az584-689.msjcyvhqqs1uvpg4fm53wptgqc.jx.internal.cloudapp.net/10.1.0.19)8c499c0a-8bdd-4b02-9c6d-bb3555d01e53(fv-az584-689.msjcyvhqqs1uvpg4fm53wptgqc.jx.internal.cloudapp.net/10.1.0.19)19c619f1-2007-441e-8fe6-e07ebc4fc791(fv-az584-689.msjcyvhqqs1uvpg4fm53wptgqc.jx.internal.cloudapp.net/10.1.0.19), ReplicationConfig: RATIS/THREE, State:CLOSED, leaderId:8c499c0a-8bdd-4b02-9c6d-bb3555d01e53, CreationTimestamp2023-08-25T08:54:13.189Z[Etc/UTC]] removed.
2023-08-25 08:54:30,048 [EventQueue-DeadNodeForDeadNodeHandler] INFO  node.DeadNodeHandler (DeadNodeHandler.java:onMessage(95)) - Clearing command queue of size 3 for DN 19c619f1-2007-441e-8fe6-e07ebc4fc791(fv-az584-689.msjcyvhqqs1uvpg4fm53wptgqc.jx.internal.cloudapp.net/10.1.0.19)
2023-08-25 08:54:30,048 [EventQueue-DeadNodeForDeadNodeHandler] INFO  net.NetworkTopologyImpl (NetworkTopologyImpl.java:remove(190)) - Removed a node: /default-rack/19c619f1-2007-441e-8fe6-e07ebc4fc791
2023-08-25 08:54:30,067 [ReplicationMonitor] INFO  replication.ReplicationManager (ReplicationManager.java:processAll(389)) - Replication Monitor Thread took 0 milliseconds for processing 1 containers.
2023-08-25 08:54:30,227 [Time-limited test] INFO  container.TestHelper (TestHelper.java:countReplicas(423)) - Container 1 has 2 replicas on [8c499c0a-8bdd-4b02-9c6d-bb3555d01e53, d44cbbb4-6878-45fc-b8ff-9a9a6a2d2fa6]
2023-08-25 08:54:30,227 [Time-limited test] INFO  container.TestHelper (TestHelper.java:countReplicas(423)) - Container 1 has 2 replicas on [8c499c0a-8bdd-4b02-9c6d-bb3555d01e53, d44cbbb4-6878-45fc-b8ff-9a9a6a2d2fa6]
2023-08-25 08:54:30,258 [grpc-default-executor-3] WARN  server.GrpcLogAppender (LogUtils.java:warn(122)) - d44cbbb4-6878-45fc-b8ff-9a9a6a2d2fa6@group-4D980349DF78->19c619f1-2007-441e-8fe6-e07ebc4fc791-AppendLogResponseHandler: Failed appendEntries: org.apache.ratis.thirdparty.io.grpc.StatusRuntimeException: UNAVAILABLE: io exception
2023-08-25 08:54:30,258 [grpc-default-executor-6] WARN  server.GrpcLogAppender (LogUtils.java:warn(122)) - d44cbbb4-6878-45fc-b8ff-9a9a6a2d2fa6@group-4D980349DF78->19c619f1-2007-441e-8fe6-e07ebc4fc791-AppendLogResponseHandler: Failed appendEntries: org.apache.ratis.thirdparty.io.grpc.StatusRuntimeException: UNAVAILABLE: io exception
2023-08-25 08:54:30,269 [grpc-default-executor-6] WARN  server.GrpcLogAppender (LogUtils.java:warn(122)) - d44cbbb4-6878-45fc-b8ff-9a9a6a2d2fa6@group-4D980349DF78->19c619f1-2007-441e-8fe6-e07ebc4fc791-AppendLogResponseHandler: Failed appendEntries: org.apache.ratis.thirdparty.io.grpc.StatusRuntimeException: UNAVAILABLE: io exception
2023-08-25 08:54:30,270 [grpc-default-executor-6] INFO  leader.FollowerInfo (FollowerInfoImpl.java:lambda$new$0(52)) - d44cbbb4-6878-45fc-b8ff-9a9a6a2d2fa6@group-4D980349DF78->19c619f1-2007-441e-8fe6-e07ebc4fc791: decreaseNextIndex nextIndex: updateUnconditionally 1 -> 0
2023-08-25 08:54:30,270 [grpc-default-executor-3] WARN  server.GrpcLogAppender (LogUtils.java:warn(122)) - d44cbbb4-6878-45fc-b8ff-9a9a6a2d2fa6@group-4D980349DF78->19c619f1-2007-441e-8fe6-e07ebc4fc791-AppendLogResponseHandler: Failed appendEntries: org.apache.ratis.thirdparty.io.grpc.StatusRuntimeException: UNAVAILABLE: io exception
2023-08-25 08:54:31,068 [ReplicationMonitor] INFO  replication.ReplicationManager (ReplicationManager.java:processAll(389)) - Replication Monitor Thread took 1 milliseconds for processing 1 containers.
2023-08-25 08:54:31,200 [grpc-default-executor-3] WARN  server.GrpcLogAppender (LogUtils.java:warn(122)) - 8c499c0a-8bdd-4b02-9c6d-bb3555d01e53@group-51A9D41E8872->19c619f1-2007-441e-8fe6-e07ebc4fc791-AppendLogResponseHandler: Failed appendEntries: org.apache.ratis.thirdparty.io.grpc.StatusRuntimeException: UNAVAILABLE: io exception
2023-08-25 08:54:31,201 [grpc-default-executor-3] WARN  server.GrpcLogAppender (GrpcLogAppender.java:resetClient(128)) - 8c499c0a-8bdd-4b02-9c6d-bb3555d01e53@group-51A9D41E8872->19c619f1-2007-441e-8fe6-e07ebc4fc791-GrpcLogAppender: Follower failed when matchIndex == 0,  keep nextIndex (1) unchanged and retry.
2023-08-25 08:54:31,201 [grpc-default-executor-6] WARN  server.GrpcLogAppender (LogUtils.java:warn(122)) - 8c499c0a-8bdd-4b02-9c6d-bb3555d01e53@group-51A9D41E8872->19c619f1-2007-441e-8fe6-e07ebc4fc791-AppendLogResponseHandler: Failed appendEntries: org.apache.ratis.thirdparty.io.grpc.StatusRuntimeException: UNAVAILABLE: io exception
2023-08-25 08:54:31,201 [grpc-default-executor-6] WARN  server.GrpcLogAppender (GrpcLogAppender.java:resetClient(128)) - 8c499c0a-8bdd-4b02-9c6d-bb3555d01e53@group-51A9D41E8872->19c619f1-2007-441e-8fe6-e07ebc4fc791-GrpcLogAppender: Follower failed when matchIndex == 0,  keep nextIndex (1) unchanged and retry.
2023-08-25 08:54:31,228 [Time-limited test] INFO  container.TestHelper (TestHelper.java:countReplicas(423)) - Container 1 has 2 replicas on [8c499c0a-8bdd-4b02-9c6d-bb3555d01e53, d44cbbb4-6878-45fc-b8ff-9a9a6a2d2fa6]
2023-08-25 08:54:31,509 [grpc-default-executor-6] WARN  server.GrpcLogAppender (LogUtils.java:warn(122)) - d44cbbb4-6878-45fc-b8ff-9a9a6a2d2fa6@group-4D980349DF78->19c619f1-2007-441e-8fe6-e07ebc4fc791-AppendLogResponseHandler: Failed appendEntries: org.apache.ratis.thirdparty.io.grpc.StatusRuntimeException: UNAVAILABLE: io exception
2023-08-25 08:54:31,509 [grpc-default-executor-3] WARN  server.GrpcLogAppender (LogUtils.java:warn(122)) - d44cbbb4-6878-45fc-b8ff-9a9a6a2d2fa6@group-4D980349DF78->19c619f1-2007-441e-8fe6-e07ebc4fc791-AppendLogResponseHandler: Failed appendEntries: org.apache.ratis.thirdparty.io.grpc.StatusRuntimeException: UNAVAILABLE: io exception
2023-08-25 08:54:31,520 [grpc-default-executor-6] WARN  server.GrpcLogAppender (LogUtils.java:warn(122)) - d44cbbb4-6878-45fc-b8ff-9a9a6a2d2fa6@group-4D980349DF78->19c619f1-2007-441e-8fe6-e07ebc4fc791-AppendLogResponseHandler: Failed appendEntries: org.apache.ratis.thirdparty.io.grpc.StatusRuntimeException: UNAVAILABLE: io exception
2023-08-25 08:54:31,520 [grpc-default-executor-6] INFO  leader.FollowerInfo (FollowerInfoImpl.java:lambda$new$0(52)) - d44cbbb4-6878-45fc-b8ff-9a9a6a2d2fa6@group-4D980349DF78->19c619f1-2007-441e-8fe6-e07ebc4fc791: decreaseNextIndex nextIndex: updateUnconditionally 1 -> 0
2023-08-25 08:54:31,521 [grpc-default-executor-3] WARN  server.GrpcLogAppender (LogUtils.java:warn(122)) - d44cbbb4-6878-45fc-b8ff-9a9a6a2d2fa6@group-4D980349DF78->19c619f1-2007-441e-8fe6-e07ebc4fc791-AppendLogResponseHandler: Failed appendEntries: org.apache.ratis.thirdparty.io.grpc.StatusRuntimeException: UNAVAILABLE: io exception
2023-08-25 08:54:32,010 [PipelineCommandHandlerThread-0] INFO  server.RaftServer (RaftServerProxy.java:remove(109)) - d44cbbb4-6878-45fc-b8ff-9a9a6a2d2fa6: remove    LEADER d44cbbb4-6878-45fc-b8ff-9a9a6a2d2fa6@group-4D980349DF78:t1, leader=d44cbbb4-6878-45fc-b8ff-9a9a6a2d2fa6, voted=d44cbbb4-6878-45fc-b8ff-9a9a6a2d2fa6, raftlog=Memoized:d44cbbb4-6878-45fc-b8ff-9a9a6a2d2fa6@group-4D980349DF78-SegmentedRaftLog:OPENED:c6, conf=0: peers:[8c499c0a-8bdd-4b02-9c6d-bb3555d01e53|rpc:10.1.0.19:15297|admin:10.1.0.19:15296|client:10.1.0.19:15295|dataStream:10.1.0.19:15298|priority:0|startupRole:FOLLOWER, d44cbbb4-6878-45fc-b8ff-9a9a6a2d2fa6|rpc:10.1.0.19:15288|admin:10.1.0.19:15287|client:10.1.0.19:15286|dataStream:10.1.0.19:15289|priority:1|startupRole:FOLLOWER, 19c619f1-2007-441e-8fe6-e07ebc4fc791|rpc:10.1.0.19:15279|admin:10.1.0.19:15278|client:10.1.0.19:15277|dataStream:10.1.0.19:15280|priority:0|startupRole:FOLLOWER]|listeners:[], old=null RUNNING
2023-08-25 08:54:32,010 [PipelineCommandHandlerThread-0] INFO  server.RaftServer$Division (RaftServerImpl.java:lambda$close$4(466)) - d44cbbb4-6878-45fc-b8ff-9a9a6a2d2fa6@group-4D980349DF78: shutdown
2023-08-25 08:54:32,010 [PipelineCommandHandlerThread-0] INFO  util.JmxRegister (JmxRegister.java:unregister(73)) - Successfully un-registered JMX Bean with object name Ratis:service=RaftServer,group=group-4D980349DF78,id=d44cbbb4-6878-45fc-b8ff-9a9a6a2d2fa6
2023-08-25 08:54:32,010 [PipelineCommandHandlerThread-0] INFO  impl.RoleInfo (RoleInfo.java:shutdownLeaderState(93)) - d44cbbb4-6878-45fc-b8ff-9a9a6a2d2fa6: shutdown d44cbbb4-6878-45fc-b8ff-9a9a6a2d2fa6@group-4D980349DF78-LeaderStateImpl
2023-08-25 08:54:32,010 [PipelineCommandHandlerThread-0] INFO  impl.PendingRequests (PendingRequests.java:sendNotLeaderResponses(289)) - d44cbbb4-6878-45fc-b8ff-9a9a6a2d2fa6@group-4D980349DF78-PendingRequests: sendNotLeaderResponses
2023-08-25 08:54:32,010 [d44cbbb4-6878-45fc-b8ff-9a9a6a2d2fa6@group-4D980349DF78->8c499c0a-8bdd-4b02-9c6d-bb3555d01e53-GrpcLogAppender-LogAppenderDaemon] WARN  server.GrpcLogAppender (GrpcLogAppender.java:mayWait(199)) - d44cbbb4-6878-45fc-b8ff-9a9a6a2d2fa6@group-4D980349DF78->8c499c0a-8bdd-4b02-9c6d-bb3555d01e53-GrpcLogAppender: Wait interrupted by java.lang.InterruptedException
2023-08-25 08:54:32,011 [grpc-default-executor-6] INFO  server.GrpcServerProtocolService (GrpcServerProtocolService.java:onCompleted(155)) - 8c499c0a-8bdd-4b02-9c6d-bb3555d01e53: Completed APPEND_ENTRIES, lastRequest: d44cbbb4-6878-45fc-b8ff-9a9a6a2d2fa6->8c499c0a-8bdd-4b02-9c6d-bb3555d01e53#18-t1,previous=(t:1, i:5),leaderCommit=5,initializing? true,entries: size=1, first=(t:1, i:6), METADATAENTRY(c:5)
2023-08-25 08:54:32,013 [d44cbbb4-6878-45fc-b8ff-9a9a6a2d2fa6@group-4D980349DF78->19c619f1-2007-441e-8fe6-e07ebc4fc791-GrpcLogAppender-LogAppenderDaemon] WARN  server.GrpcLogAppender (GrpcLogAppender.java:mayWait(199)) - d44cbbb4-6878-45fc-b8ff-9a9a6a2d2fa6@group-4D980349DF78->19c619f1-2007-441e-8fe6-e07ebc4fc791-GrpcLogAppender: Wait interrupted by java.lang.InterruptedException
2023-08-25 08:54:32,013 [grpc-default-executor-3] INFO  server.GrpcServerProtocolService (GrpcServerProtocolService.java:onCompleted(155)) - 8c499c0a-8bdd-4b02-9c6d-bb3555d01e53: Completed APPEND_ENTRIES, lastRequest: null
2023-08-25 08:54:32,018 [d44cbbb4-6878-45fc-b8ff-9a9a6a2d2fa6@group-4D980349DF78-StateMachineUpdater] INFO  ratis.ContainerStateMachine (ContainerStateMachine.java:takeSnapshot(330)) - group-4D980349DF78: Taking a snapshot at:(t:1, i:6) file /home/runner/work/ozone/ozone/hadoop-ozone/integration-test/target/test-dir/MiniOzoneClusterImpl-e7e10417-51b4-42c5-96ae-91e23fec58ac/datanode-1/data/ratis/b6a2b597-69ed-4adb-884f-4d980349df78/sm/snapshot.1_6
2023-08-25 08:54:32,029 [grpc-default-executor-3] INFO  server.GrpcServerProtocolService (GrpcServerProtocolService.java:lambda$onCompleted$5(157)) - 8c499c0a-8bdd-4b02-9c6d-bb3555d01e53: Completed APPEND_ENTRIES, lastReply: serverReply {
  requestorId: "d44cbbb4-6878-45fc-b8ff-9a9a6a2d2fa6"
  replyId: "8c499c0a-8bdd-4b02-9c6d-bb3555d01e53"
  raftGroupId {
    id: "\266\242\265\227i\355J\333\210OM\230\003I\337x"
  }
  callId: 23
  success: true
}
term: 1
nextIndex: 7
followerCommit: 6
matchIndex: 18446744073709551615
isHearbeat: true

2023-08-25 08:54:32,030 [grpc-default-executor-8] INFO  server.GrpcLogAppender (GrpcLogAppender.java:onCompleted(428)) - d44cbbb4-6878-45fc-b8ff-9a9a6a2d2fa6@group-4D980349DF78->8c499c0a-8bdd-4b02-9c6d-bb3555d01e53-AppendLogResponseHandler: follower responses appendEntries COMPLETED
2023-08-25 08:54:32,017 [PipelineCommandHandlerThread-0] INFO  impl.StateMachineUpdater (StateMachineUpdater.java:stopAndJoin(155)) - d44cbbb4-6878-45fc-b8ff-9a9a6a2d2fa6@group-4D980349DF78-StateMachineUpdater: set stopIndex = 6
2023-08-25 08:54:32,014 [grpc-default-executor-6] INFO  server.GrpcServerProtocolService (GrpcServerProtocolService.java:lambda$onCompleted$5(157)) - 8c499c0a-8bdd-4b02-9c6d-bb3555d01e53: Completed APPEND_ENTRIES, lastReply: null
2023-08-25 08:54:32,030 [grpc-default-executor-8] INFO  leader.FollowerInfo (FollowerInfoImpl.java:lambda$new$0(52)) - d44cbbb4-6878-45fc-b8ff-9a9a6a2d2fa6@group-4D980349DF78->8c499c0a-8bdd-4b02-9c6d-bb3555d01e53: decreaseNextIndex nextIndex: updateUnconditionally 7 -> 6
2023-08-25 08:54:32,031 [grpc-default-executor-8] INFO  server.GrpcLogAppender (GrpcLogAppender.java:onCompleted(428)) - d44cbbb4-6878-45fc-b8ff-9a9a6a2d2fa6@group-4D980349DF78->8c499c0a-8bdd-4b02-9c6d-bb3555d01e53-AppendLogResponseHandler: follower responses appendEntries COMPLETED
2023-08-25 08:54:32,031 [grpc-default-executor-8] INFO  leader.FollowerInfo (FollowerInfoImpl.java:lambda$new$0(52)) - d44cbbb4-6878-45fc-b8ff-9a9a6a2d2fa6@group-4D980349DF78->8c499c0a-8bdd-4b02-9c6d-bb3555d01e53: decreaseNextIndex nextIndex: updateUnconditionally 6 -> 5
2023-08-25 08:54:32,031 [d44cbbb4-6878-45fc-b8ff-9a9a6a2d2fa6@group-4D980349DF78-StateMachineUpdater] INFO  ratis.ContainerStateMachine (ContainerStateMachine.java:takeSnapshot(341)) - group-4D980349DF78: Finished taking a snapshot at:(t:1, i:6) file:/home/runner/work/ozone/ozone/hadoop-ozone/integration-test/target/test-dir/MiniOzoneClusterImpl-e7e10417-51b4-42c5-96ae-91e23fec58ac/datanode-1/data/ratis/b6a2b597-69ed-4adb-884f-4d980349df78/sm/snapshot.1_6 took: 14 ms
2023-08-25 08:54:32,031 [d44cbbb4-6878-45fc-b8ff-9a9a6a2d2fa6@group-4D980349DF78-StateMachineUpdater] INFO  impl.StateMachineUpdater (StateMachineUpdater.java:takeSnapshot(291)) - d44cbbb4-6878-45fc-b8ff-9a9a6a2d2fa6@group-4D980349DF78-StateMachineUpdater: Took a snapshot at index 6
2023-08-25 08:54:32,031 [d44cbbb4-6878-45fc-b8ff-9a9a6a2d2fa6@group-4D980349DF78-StateMachineUpdater] INFO  impl.StateMachineUpdater (StateMachineUpdater.java:lambda$new$0(97)) - d44cbbb4-6878-45fc-b8ff-9a9a6a2d2fa6@group-4D980349DF78-StateMachineUpdater: snapshotIndex: updateIncreasingly -1 -> 6
2023-08-25 08:54:32,031 [PipelineCommandHandlerThread-0] INFO  server.RaftServer$Division (ServerState.java:close(472)) - d44cbbb4-6878-45fc-b8ff-9a9a6a2d2fa6@group-4D980349DF78: closes. applyIndex: 6
2023-08-25 08:54:32,068 [ReplicationMonitor] INFO  replication.ReplicationManager (ReplicationManager.java:processAll(389)) - Replication Monitor Thread took 0 milliseconds for processing 1 containers.
2023-08-25 08:54:32,228 [Time-limited test] INFO  container.TestHelper (TestHelper.java:countReplicas(423)) - Container 1 has 2 replicas on [8c499c0a-8bdd-4b02-9c6d-bb3555d01e53, d44cbbb4-6878-45fc-b8ff-9a9a6a2d2fa6]
2023-08-25 08:54:32,450 [grpc-default-executor-3] WARN  server.GrpcLogAppender (LogUtils.java:warn(122)) - 8c499c0a-8bdd-4b02-9c6d-bb3555d01e53@group-51A9D41E8872->19c619f1-2007-441e-8fe6-e07ebc4fc791-AppendLogResponseHandler: Failed appendEntries: org.apache.ratis.thirdparty.io.grpc.StatusRuntimeException: UNAVAILABLE: io exception
2023-08-25 08:54:32,450 [grpc-default-executor-8] WARN  server.GrpcLogAppender (LogUtils.java:warn(122)) - 8c499c0a-8bdd-4b02-9c6d-bb3555d01e53@group-51A9D41E8872->19c619f1-2007-441e-8fe6-e07ebc4fc791-AppendLogResponseHandler: Failed appendEntries: org.apache.ratis.thirdparty.io.grpc.StatusRuntimeException: UNAVAILABLE: io exception
2023-08-25 08:54:32,451 [grpc-default-executor-3] WARN  server.GrpcLogAppender (GrpcLogAppender.java:resetClient(128)) - 8c499c0a-8bdd-4b02-9c6d-bb3555d01e53@group-51A9D41E8872->19c619f1-2007-441e-8fe6-e07ebc4fc791-GrpcLogAppender: Follower failed when matchIndex == 0,  keep nextIndex (1) unchanged and retry.
2023-08-25 08:54:32,451 [grpc-default-executor-8] WARN  server.GrpcLogAppender (GrpcLogAppender.java:resetClient(128)) - 8c499c0a-8bdd-4b02-9c6d-bb3555d01e53@group-51A9D41E8872->19c619f1-2007-441e-8fe6-e07ebc4fc791-GrpcLogAppender: Follower failed when matchIndex == 0,  keep nextIndex (1) unchanged and retry.
2023-08-25 08:54:33,001 [PipelineCommandHandlerThread-0] INFO  segmented.SegmentedRaftLogWorker (SegmentedRaftLogWorker.java:close(252)) - d44cbbb4-6878-45fc-b8ff-9a9a6a2d2fa6@group-4D980349DF78-SegmentedRaftLogWorker close()
2023-08-25 08:54:33,003 [PipelineCommandHandlerThread-0] INFO  server.RaftServer$Division (RaftServerImpl.java:groupRemove(436)) - d44cbbb4-6878-45fc-b8ff-9a9a6a2d2fa6@group-4D980349DF78: Succeed to remove RaftStorageDirectory Storage Directory /home/runner/work/ozone/ozone/hadoop-ozone/integration-test/target/test-dir/MiniOzoneClusterImpl-e7e10417-51b4-42c5-96ae-91e23fec58ac/datanode-1/data/ratis/b6a2b597-69ed-4adb-884f-4d980349df78
2023-08-25 08:54:33,003 [PipelineCommandHandlerThread-0] INFO  commandhandler.ClosePipelineCommandHandler (ClosePipelineCommandHandler.java:lambda$handle$0(87)) - Close Pipeline PipelineID=b6a2b597-69ed-4adb-884f-4d980349df78 command on datanode d44cbbb4-6878-45fc-b8ff-9a9a6a2d2fa6.
2023-08-25 08:54:33,003 [PipelineCommandHandlerThread-0] INFO  server.RaftServer (RaftServerProxy.java:remove(109)) - d44cbbb4-6878-45fc-b8ff-9a9a6a2d2fa6: remove  FOLLOWER d44cbbb4-6878-45fc-b8ff-9a9a6a2d2fa6@group-51A9D41E8872:t1, leader=8c499c0a-8bdd-4b02-9c6d-bb3555d01e53, voted=8c499c0a-8bdd-4b02-9c6d-bb3555d01e53, raftlog=Memoized:d44cbbb4-6878-45fc-b8ff-9a9a6a2d2fa6@group-51A9D41E8872-SegmentedRaftLog:OPENED:c0, conf=0: peers:[8c499c0a-8bdd-4b02-9c6d-bb3555d01e53|rpc:10.1.0.19:15297|admin:10.1.0.19:15296|client:10.1.0.19:15295|dataStream:10.1.0.19:15298|priority:1|startupRole:FOLLOWER, d44cbbb4-6878-45fc-b8ff-9a9a6a2d2fa6|rpc:10.1.0.19:15288|admin:10.1.0.19:15287|client:10.1.0.19:15286|dataStream:10.1.0.19:15289|priority:0|startupRole:FOLLOWER, 19c619f1-2007-441e-8fe6-e07ebc4fc791|rpc:10.1.0.19:15279|admin:10.1.0.19:15278|client:10.1.0.19:15277|dataStream:10.1.0.19:15280|priority:0|startupRole:FOLLOWER]|listeners:[], old=null RUNNING
2023-08-25 08:54:33,003 [PipelineCommandHandlerThread-0] INFO  server.RaftServer$Division (RaftServerImpl.java:lambda$close$4(466)) - d44cbbb4-6878-45fc-b8ff-9a9a6a2d2fa6@group-51A9D41E8872: shutdown
2023-08-25 08:54:33,003 [PipelineCommandHandlerThread-0] INFO  util.JmxRegister (JmxRegister.java:unregister(73)) - Successfully un-registered JMX Bean with object name Ratis:service=RaftServer,group=group-51A9D41E8872,id=d44cbbb4-6878-45fc-b8ff-9a9a6a2d2fa6
2023-08-25 08:54:33,004 [PipelineCommandHandlerThread-0] INFO  impl.RoleInfo (RoleInfo.java:shutdownFollowerState(110)) - d44cbbb4-6878-45fc-b8ff-9a9a6a2d2fa6: shutdown d44cbbb4-6878-45fc-b8ff-9a9a6a2d2fa6@group-51A9D41E8872-FollowerState
2023-08-25 08:54:33,004 [PipelineCommandHandlerThread-0] INFO  impl.StateMachineUpdater (StateMachineUpdater.java:stopAndJoin(155)) - d44cbbb4-6878-45fc-b8ff-9a9a6a2d2fa6@group-51A9D41E8872-StateMachineUpdater: set stopIndex = 0
2023-08-25 08:54:33,004 [d44cbbb4-6878-45fc-b8ff-9a9a6a2d2fa6@group-51A9D41E8872-FollowerState] INFO  impl.FollowerState (FollowerState.java:run(152)) - d44cbbb4-6878-45fc-b8ff-9a9a6a2d2fa6@group-51A9D41E8872-FollowerState was interrupted
2023-08-25 08:54:33,005 [d44cbbb4-6878-45fc-b8ff-9a9a6a2d2fa6@group-51A9D41E8872-StateMachineUpdater] INFO  ratis.ContainerStateMachine (ContainerStateMachine.java:takeSnapshot(330)) - group-51A9D41E8872: Taking a snapshot at:(t:1, i:0) file /home/runner/work/ozone/ozone/hadoop-ozone/integration-test/target/test-dir/MiniOzoneClusterImpl-e7e10417-51b4-42c5-96ae-91e23fec58ac/datanode-1/data/ratis/06c3252d-6abd-437c-b19f-51a9d41e8872/sm/snapshot.1_0
2023-08-25 08:54:33,006 [d44cbbb4-6878-45fc-b8ff-9a9a6a2d2fa6@group-51A9D41E8872-StateMachineUpdater] INFO  ratis.ContainerStateMachine (ContainerStateMachine.java:takeSnapshot(341)) - group-51A9D41E8872: Finished taking a snapshot at:(t:1, i:0) file:/home/runner/work/ozone/ozone/hadoop-ozone/integration-test/target/test-dir/MiniOzoneClusterImpl-e7e10417-51b4-42c5-96ae-91e23fec58ac/datanode-1/data/ratis/06c3252d-6abd-437c-b19f-51a9d41e8872/sm/snapshot.1_0 took: 2 ms
2023-08-25 08:54:33,007 [d44cbbb4-6878-45fc-b8ff-9a9a6a2d2fa6@group-51A9D41E8872-StateMachineUpdater] INFO  impl.StateMachineUpdater (StateMachineUpdater.java:takeSnapshot(291)) - d44cbbb4-6878-45fc-b8ff-9a9a6a2d2fa6@group-51A9D41E8872-StateMachineUpdater: Took a snapshot at index 0
2023-08-25 08:54:33,007 [d44cbbb4-6878-45fc-b8ff-9a9a6a2d2fa6@group-51A9D41E8872-StateMachineUpdater] INFO  impl.StateMachineUpdater (StateMachineUpdater.java:lambda$new$0(97)) - d44cbbb4-6878-45fc-b8ff-9a9a6a2d2fa6@group-51A9D41E8872-StateMachineUpdater: snapshotIndex: updateIncreasingly -1 -> 0
2023-08-25 08:54:33,007 [PipelineCommandHandlerThread-0] INFO  server.RaftServer$Division (ServerState.java:close(472)) - d44cbbb4-6878-45fc-b8ff-9a9a6a2d2fa6@group-51A9D41E8872: closes. applyIndex: 0
2023-08-25 08:54:33,018 [PipelineCommandHandlerThread-0] INFO  server.RaftServer (RaftServerProxy.java:remove(109)) - 8c499c0a-8bdd-4b02-9c6d-bb3555d01e53: remove  FOLLOWER 8c499c0a-8bdd-4b02-9c6d-bb3555d01e53@group-4D980349DF78:t1, leader=d44cbbb4-6878-45fc-b8ff-9a9a6a2d2fa6, voted=d44cbbb4-6878-45fc-b8ff-9a9a6a2d2fa6, raftlog=Memoized:8c499c0a-8bdd-4b02-9c6d-bb3555d01e53@group-4D980349DF78-SegmentedRaftLog:OPENED:c6, conf=0: peers:[8c499c0a-8bdd-4b02-9c6d-bb3555d01e53|rpc:10.1.0.19:15297|admin:10.1.0.19:15296|client:10.1.0.19:15295|dataStream:10.1.0.19:15298|priority:0|startupRole:FOLLOWER, d44cbbb4-6878-45fc-b8ff-9a9a6a2d2fa6|rpc:10.1.0.19:15288|admin:10.1.0.19:15287|client:10.1.0.19:15286|dataStream:10.1.0.19:15289|priority:1|startupRole:FOLLOWER, 19c619f1-2007-441e-8fe6-e07ebc4fc791|rpc:10.1.0.19:15279|admin:10.1.0.19:15278|client:10.1.0.19:15277|dataStream:10.1.0.19:15280|priority:0|startupRole:FOLLOWER]|listeners:[], old=null RUNNING
2023-08-25 08:54:33,018 [PipelineCommandHandlerThread-0] INFO  server.RaftServer$Division (RaftServerImpl.java:lambda$close$4(466)) - 8c499c0a-8bdd-4b02-9c6d-bb3555d01e53@group-4D980349DF78: shutdown
2023-08-25 08:54:33,018 [PipelineCommandHandlerThread-0] INFO  util.JmxRegister (JmxRegister.java:unregister(73)) - Successfully un-registered JMX Bean with object name Ratis:service=RaftServer,group=group-4D980349DF78,id=8c499c0a-8bdd-4b02-9c6d-bb3555d01e53
2023-08-25 08:54:33,018 [PipelineCommandHandlerThread-0] INFO  impl.RoleInfo (RoleInfo.java:shutdownFollowerState(110)) - 8c499c0a-8bdd-4b02-9c6d-bb3555d01e53: shutdown 8c499c0a-8bdd-4b02-9c6d-bb3555d01e53@group-4D980349DF78-FollowerState
2023-08-25 08:54:33,018 [PipelineCommandHandlerThread-0] INFO  impl.StateMachineUpdater (StateMachineUpdater.java:stopAndJoin(155)) - 8c499c0a-8bdd-4b02-9c6d-bb3555d01e53@group-4D980349DF78-StateMachineUpdater: set stopIndex = 6
2023-08-25 08:54:33,018 [8c499c0a-8bdd-4b02-9c6d-bb3555d01e53@group-4D980349DF78-FollowerState] INFO  impl.FollowerState (FollowerState.java:run(152)) - 8c499c0a-8bdd-4b02-9c6d-bb3555d01e53@group-4D980349DF78-FollowerState was interrupted
2023-08-25 08:54:33,020 [8c499c0a-8bdd-4b02-9c6d-bb3555d01e53@group-4D980349DF78-StateMachineUpdater] INFO  ratis.ContainerStateMachine (ContainerStateMachine.java:takeSnapshot(330)) - group-4D980349DF78: Taking a snapshot at:(t:1, i:6) file /home/runner/work/ozone/ozone/hadoop-ozone/integration-test/target/test-dir/MiniOzoneClusterImpl-e7e10417-51b4-42c5-96ae-91e23fec58ac/datanode-2/data/ratis/b6a2b597-69ed-4adb-884f-4d980349df78/sm/snapshot.1_6
2023-08-25 08:54:33,021 [8c499c0a-8bdd-4b02-9c6d-bb3555d01e53@group-4D980349DF78-StateMachineUpdater] INFO  ratis.ContainerStateMachine (ContainerStateMachine.java:takeSnapshot(341)) - group-4D980349DF78: Finished taking a snapshot at:(t:1, i:6) file:/home/runner/work/ozone/ozone/hadoop-ozone/integration-test/target/test-dir/MiniOzoneClusterImpl-e7e10417-51b4-42c5-96ae-91e23fec58ac/datanode-2/data/ratis/b6a2b597-69ed-4adb-884f-4d980349df78/sm/snapshot.1_6 took: 1 ms
2023-08-25 08:54:33,021 [8c499c0a-8bdd-4b02-9c6d-bb3555d01e53@group-4D980349DF78-StateMachineUpdater] INFO  impl.StateMachineUpdater (StateMachineUpdater.java:takeSnapshot(291)) - 8c499c0a-8bdd-4b02-9c6d-bb3555d01e53@group-4D980349DF78-StateMachineUpdater: Took a snapshot at index 6
2023-08-25 08:54:33,022 [8c499c0a-8bdd-4b02-9c6d-bb3555d01e53@group-4D980349DF78-StateMachineUpdater] INFO  impl.StateMachineUpdater (StateMachineUpdater.java:lambda$new$0(97)) - 8c499c0a-8bdd-4b02-9c6d-bb3555d01e53@group-4D980349DF78-StateMachineUpdater: snapshotIndex: updateIncreasingly -1 -> 6
2023-08-25 08:54:33,022 [PipelineCommandHandlerThread-0] INFO  server.RaftServer$Division (ServerState.java:close(472)) - 8c499c0a-8bdd-4b02-9c6d-bb3555d01e53@group-4D980349DF78: closes. applyIndex: 6
2023-08-25 08:54:33,069 [ReplicationMonitor] INFO  replication.ReplicationManager (ReplicationManager.java:processAll(389)) - Replication Monitor Thread took 1 milliseconds for processing 1 containers.
2023-08-25 08:54:33,183 [PipelineCommandHandlerThread-0] INFO  segmented.SegmentedRaftLogWorker (SegmentedRaftLogWorker.java:close(252)) - d44cbbb4-6878-45fc-b8ff-9a9a6a2d2fa6@group-51A9D41E8872-SegmentedRaftLogWorker close()
2023-08-25 08:54:33,185 [PipelineCommandHandlerThread-0] INFO  server.RaftServer$Division (RaftServerImpl.java:groupRemove(436)) - d44cbbb4-6878-45fc-b8ff-9a9a6a2d2fa6@group-51A9D41E8872: Succeed to remove RaftStorageDirectory Storage Directory /home/runner/work/ozone/ozone/hadoop-ozone/integration-test/target/test-dir/MiniOzoneClusterImpl-e7e10417-51b4-42c5-96ae-91e23fec58ac/datanode-1/data/ratis/06c3252d-6abd-437c-b19f-51a9d41e8872
2023-08-25 08:54:33,185 [PipelineCommandHandlerThread-0] INFO  commandhandler.ClosePipelineCommandHandler (ClosePipelineCommandHandler.java:lambda$handle$0(87)) - Close Pipeline PipelineID=06c3252d-6abd-437c-b19f-51a9d41e8872 command on datanode d44cbbb4-6878-45fc-b8ff-9a9a6a2d2fa6.
2023-08-25 08:54:33,228 [Time-limited test] INFO  container.TestHelper (TestHelper.java:countReplicas(423)) - Container 1 has 2 replicas on [8c499c0a-8bdd-4b02-9c6d-bb3555d01e53, d44cbbb4-6878-45fc-b8ff-9a9a6a2d2fa6]
2023-08-25 08:54:33,701 [grpc-default-executor-8] WARN  server.GrpcLogAppender (LogUtils.java:warn(122)) - 8c499c0a-8bdd-4b02-9c6d-bb3555d01e53@group-51A9D41E8872->19c619f1-2007-441e-8fe6-e07ebc4fc791-AppendLogResponseHandler: Failed appendEntries: org.apache.ratis.thirdparty.io.grpc.StatusRuntimeException: UNAVAILABLE: io exception
2023-08-25 08:54:33,701 [grpc-default-executor-8] WARN  server.GrpcLogAppender (GrpcLogAppender.java:resetClient(128)) - 8c499c0a-8bdd-4b02-9c6d-bb3555d01e53@group-51A9D41E8872->19c619f1-2007-441e-8fe6-e07ebc4fc791-GrpcLogAppender: Follower failed when matchIndex == 0,  keep nextIndex (1) unchanged and retry.
2023-08-25 08:54:33,702 [grpc-default-executor-3] WARN  server.GrpcLogAppender (LogUtils.java:warn(122)) - 8c499c0a-8bdd-4b02-9c6d-bb3555d01e53@group-51A9D41E8872->19c619f1-2007-441e-8fe6-e07ebc4fc791-AppendLogResponseHandler: Failed appendEntries: org.apache.ratis.thirdparty.io.grpc.StatusRuntimeException: UNAVAILABLE: io exception
2023-08-25 08:54:33,702 [grpc-default-executor-3] WARN  server.GrpcLogAppender (GrpcLogAppender.java:resetClient(128)) - 8c499c0a-8bdd-4b02-9c6d-bb3555d01e53@group-51A9D41E8872->19c619f1-2007-441e-8fe6-e07ebc4fc791-GrpcLogAppender: Follower failed when matchIndex == 0,  keep nextIndex (1) unchanged and retry.
2023-08-25 08:54:34,004 [PipelineCommandHandlerThread-0] INFO  segmented.SegmentedRaftLogWorker (SegmentedRaftLogWorker.java:close(252)) - 8c499c0a-8bdd-4b02-9c6d-bb3555d01e53@group-4D980349DF78-SegmentedRaftLogWorker close()
2023-08-25 08:54:34,007 [PipelineCommandHandlerThread-0] INFO  server.RaftServer$Division (RaftServerImpl.java:groupRemove(436)) - 8c499c0a-8bdd-4b02-9c6d-bb3555d01e53@group-4D980349DF78: Succeed to remove RaftStorageDirectory Storage Directory /home/runner/work/ozone/ozone/hadoop-ozone/integration-test/target/test-dir/MiniOzoneClusterImpl-e7e10417-51b4-42c5-96ae-91e23fec58ac/datanode-2/data/ratis/b6a2b597-69ed-4adb-884f-4d980349df78
2023-08-25 08:54:34,007 [PipelineCommandHandlerThread-0] INFO  commandhandler.ClosePipelineCommandHandler (ClosePipelineCommandHandler.java:lambda$handle$0(87)) - Close Pipeline PipelineID=b6a2b597-69ed-4adb-884f-4d980349df78 command on datanode 8c499c0a-8bdd-4b02-9c6d-bb3555d01e53.
2023-08-25 08:54:34,007 [PipelineCommandHandlerThread-0] INFO  server.RaftServer (RaftServerProxy.java:remove(109)) - 8c499c0a-8bdd-4b02-9c6d-bb3555d01e53: remove    LEADER 8c499c0a-8bdd-4b02-9c6d-bb3555d01e53@group-51A9D41E8872:t1, leader=8c499c0a-8bdd-4b02-9c6d-bb3555d01e53, voted=8c499c0a-8bdd-4b02-9c6d-bb3555d01e53, raftlog=Memoized:8c499c0a-8bdd-4b02-9c6d-bb3555d01e53@group-51A9D41E8872-SegmentedRaftLog:OPENED:c0, conf=0: peers:[8c499c0a-8bdd-4b02-9c6d-bb3555d01e53|rpc:10.1.0.19:15297|admin:10.1.0.19:15296|client:10.1.0.19:15295|dataStream:10.1.0.19:15298|priority:1|startupRole:FOLLOWER, d44cbbb4-6878-45fc-b8ff-9a9a6a2d2fa6|rpc:10.1.0.19:15288|admin:10.1.0.19:15287|client:10.1.0.19:15286|dataStream:10.1.0.19:15289|priority:0|startupRole:FOLLOWER, 19c619f1-2007-441e-8fe6-e07ebc4fc791|rpc:10.1.0.19:15279|admin:10.1.0.19:15278|client:10.1.0.19:15277|dataStream:10.1.0.19:15280|priority:0|startupRole:FOLLOWER]|listeners:[], old=null RUNNING
2023-08-25 08:54:34,007 [PipelineCommandHandlerThread-0] INFO  server.RaftServer$Division (RaftServerImpl.java:lambda$close$4(466)) - 8c499c0a-8bdd-4b02-9c6d-bb3555d01e53@group-51A9D41E8872: shutdown
2023-08-25 08:54:34,007 [PipelineCommandHandlerThread-0] INFO  util.JmxRegister (JmxRegister.java:unregister(73)) - Successfully un-registered JMX Bean with object name Ratis:service=RaftServer,group=group-51A9D41E8872,id=8c499c0a-8bdd-4b02-9c6d-bb3555d01e53
2023-08-25 08:54:34,008 [PipelineCommandHandlerThread-0] INFO  impl.RoleInfo (RoleInfo.java:shutdownLeaderState(93)) - 8c499c0a-8bdd-4b02-9c6d-bb3555d01e53: shutdown 8c499c0a-8bdd-4b02-9c6d-bb3555d01e53@group-51A9D41E8872-LeaderStateImpl
2023-08-25 08:54:34,008 [8c499c0a-8bdd-4b02-9c6d-bb3555d01e53@group-51A9D41E8872->d44cbbb4-6878-45fc-b8ff-9a9a6a2d2fa6-GrpcLogAppender-LogAppenderDaemon] WARN  server.GrpcLogAppender (GrpcLogAppender.java:mayWait(199)) - 8c499c0a-8bdd-4b02-9c6d-bb3555d01e53@group-51A9D41E8872->d44cbbb4-6878-45fc-b8ff-9a9a6a2d2fa6-GrpcLogAppender: Wait interrupted by java.lang.InterruptedException
2023-08-25 08:54:34,008 [8c499c0a-8bdd-4b02-9c6d-bb3555d01e53@group-51A9D41E8872->19c619f1-2007-441e-8fe6-e07ebc4fc791-GrpcLogAppender-LogAppenderDaemon] WARN  server.GrpcLogAppender (GrpcLogAppender.java:mayWait(199)) - 8c499c0a-8bdd-4b02-9c6d-bb3555d01e53@group-51A9D41E8872->19c619f1-2007-441e-8fe6-e07ebc4fc791-GrpcLogAppender: Wait interrupted by java.lang.InterruptedException
2023-08-25 08:54:34,008 [PipelineCommandHandlerThread-0] INFO  impl.PendingRequests (PendingRequests.java:sendNotLeaderResponses(289)) - 8c499c0a-8bdd-4b02-9c6d-bb3555d01e53@group-51A9D41E8872-PendingRequests: sendNotLeaderResponses
2023-08-25 08:54:34,008 [8c499c0a-8bdd-4b02-9c6d-bb3555d01e53@group-51A9D41E8872-StateMachineUpdater] INFO  ratis.ContainerStateMachine (ContainerStateMachine.java:takeSnapshot(330)) - group-51A9D41E8872: Taking a snapshot at:(t:1, i:0) file /home/runner/work/ozone/ozone/hadoop-ozone/integration-test/target/test-dir/MiniOzoneClusterImpl-e7e10417-51b4-42c5-96ae-91e23fec58ac/datanode-2/data/ratis/06c3252d-6abd-437c-b19f-51a9d41e8872/sm/snapshot.1_0
2023-08-25 08:54:34,009 [PipelineCommandHandlerThread-0] INFO  impl.StateMachineUpdater (StateMachineUpdater.java:stopAndJoin(155)) - 8c499c0a-8bdd-4b02-9c6d-bb3555d01e53@group-51A9D41E8872-StateMachineUpdater: set stopIndex = 0
2023-08-25 08:54:34,009 [grpc-default-executor-3] INFO  server.GrpcServerProtocolService (GrpcServerProtocolService.java:onCompleted(155)) - d44cbbb4-6878-45fc-b8ff-9a9a6a2d2fa6: Completed APPEND_ENTRIES, lastRequest: 8c499c0a-8bdd-4b02-9c6d-bb3555d01e53->d44cbbb4-6878-45fc-b8ff-9a9a6a2d2fa6#1-t1,previous=(t:0, i:0),leaderCommit=-1,initializing? true,entries: size=1, first=(t:1, i:0), CONFIGURATIONENTRY(current:id: "8c499c0a-8bdd-4b02-9c6d-bb3555d01e53"
address: "10.1.0.19:15297"
priority: 1
dataStreamAddress: "10.1.0.19:15298"
clientAddress: "10.1.0.19:15295"
adminAddress: "10.1.0.19:15296"
startupRole: FOLLOWER
,id: "d44cbbb4-6878-45fc-b8ff-9a9a6a2d2fa6"
address: "10.1.0.19:15288"
dataStreamAddress: "10.1.0.19:15289"
clientAddress: "10.1.0.19:15286"
adminAddress: "10.1.0.19:15287"
startupRole: FOLLOWER
,id: "19c619f1-2007-441e-8fe6-e07ebc4fc791"
address: "10.1.0.19:15279"
dataStreamAddress: "10.1.0.19:15280"
clientAddress: "10.1.0.19:15277"
adminAddress: "10.1.0.19:15278"
startupRole: FOLLOWER
, old:)
2023-08-25 08:54:34,009 [grpc-default-executor-3] INFO  server.GrpcServerProtocolService (GrpcServerProtocolService.java:lambda$onCompleted$5(157)) - d44cbbb4-6878-45fc-b8ff-9a9a6a2d2fa6: Completed APPEND_ENTRIES, lastReply: null
2023-08-25 08:54:34,010 [8c499c0a-8bdd-4b02-9c6d-bb3555d01e53@group-51A9D41E8872-StateMachineUpdater] INFO  ratis.ContainerStateMachine (ContainerStateMachine.java:takeSnapshot(341)) - group-51A9D41E8872: Finished taking a snapshot at:(t:1, i:0) file:/home/runner/work/ozone/ozone/hadoop-ozone/integration-test/target/test-dir/MiniOzoneClusterImpl-e7e10417-51b4-42c5-96ae-91e23fec58ac/datanode-2/data/ratis/06c3252d-6abd-437c-b19f-51a9d41e8872/sm/snapshot.1_0 took: 2 ms
2023-08-25 08:54:34,010 [8c499c0a-8bdd-4b02-9c6d-bb3555d01e53@group-51A9D41E8872-StateMachineUpdater] INFO  impl.StateMachineUpdater (StateMachineUpdater.java:takeSnapshot(291)) - 8c499c0a-8bdd-4b02-9c6d-bb3555d01e53@group-51A9D41E8872-StateMachineUpdater: Took a snapshot at index 0
2023-08-25 08:54:34,010 [8c499c0a-8bdd-4b02-9c6d-bb3555d01e53@group-51A9D41E8872-StateMachineUpdater] INFO  impl.StateMachineUpdater (StateMachineUpdater.java:lambda$new$0(97)) - 8c499c0a-8bdd-4b02-9c6d-bb3555d01e53@group-51A9D41E8872-StateMachineUpdater: snapshotIndex: updateIncreasingly -1 -> 0
2023-08-25 08:54:34,010 [PipelineCommandHandlerThread-0] INFO  server.RaftServer$Division (ServerState.java:close(472)) - 8c499c0a-8bdd-4b02-9c6d-bb3555d01e53@group-51A9D41E8872: closes. applyIndex: 0
2023-08-25 08:54:34,010 [grpc-default-executor-3] INFO  server.GrpcServerProtocolService (GrpcServerProtocolService.java:onCompleted(155)) - d44cbbb4-6878-45fc-b8ff-9a9a6a2d2fa6: Completed APPEND_ENTRIES, lastRequest: null
2023-08-25 08:54:34,011 [grpc-default-executor-3] INFO  server.GrpcLogAppender (GrpcLogAppender.java:onCompleted(428)) - 8c499c0a-8bdd-4b02-9c6d-bb3555d01e53@group-51A9D41E8872->d44cbbb4-6878-45fc-b8ff-9a9a6a2d2fa6-AppendLogResponseHandler: follower responses appendEntries COMPLETED
2023-08-25 08:54:34,011 [grpc-default-executor-3] INFO  leader.FollowerInfo (FollowerInfoImpl.java:lambda$new$0(52)) - 8c499c0a-8bdd-4b02-9c6d-bb3555d01e53@group-51A9D41E8872->d44cbbb4-6878-45fc-b8ff-9a9a6a2d2fa6: decreaseNextIndex nextIndex: updateUnconditionally 1 -> 0
2023-08-25 08:54:34,069 [ReplicationMonitor] INFO  replication.ReplicationManager (ReplicationManager.java:processAll(389)) - Replication Monitor Thread took 0 milliseconds for processing 1 containers.
2023-08-25 08:54:34,150 [PipelineCommandHandlerThread-0] INFO  segmented.SegmentedRaftLogWorker (SegmentedRaftLogWorker.java:close(252)) - 8c499c0a-8bdd-4b02-9c6d-bb3555d01e53@group-51A9D41E8872-SegmentedRaftLogWorker close()
2023-08-25 08:54:34,154 [PipelineCommandHandlerThread-0] INFO  server.RaftServer$Division (RaftServerImpl.java:groupRemove(436)) - 8c499c0a-8bdd-4b02-9c6d-bb3555d01e53@group-51A9D41E8872: Succeed to remove RaftStorageDirectory Storage Directory /home/runner/work/ozone/ozone/hadoop-ozone/integration-test/target/test-dir/MiniOzoneClusterImpl-e7e10417-51b4-42c5-96ae-91e23fec58ac/datanode-2/data/ratis/06c3252d-6abd-437c-b19f-51a9d41e8872
2023-08-25 08:54:34,154 [PipelineCommandHandlerThread-0] INFO  commandhandler.ClosePipelineCommandHandler (ClosePipelineCommandHandler.java:lambda$handle$0(87)) - Close Pipeline PipelineID=06c3252d-6abd-437c-b19f-51a9d41e8872 command on datanode 8c499c0a-8bdd-4b02-9c6d-bb3555d01e53.
2023-08-25 08:54:34,229 [Time-limited test] INFO  container.TestHelper (TestHelper.java:countReplicas(423)) - Container 1 has 2 replicas on [8c499c0a-8bdd-4b02-9c6d-bb3555d01e53, d44cbbb4-6878-45fc-b8ff-9a9a6a2d2fa6]
2023-08-25 08:54:35,070 [ReplicationMonitor] INFO  replication.ReplicationManager (ReplicationManager.java:processAll(389)) - Replication Monitor Thread took 0 milliseconds for processing 1 containers.
2023-08-25 08:54:35,229 [Time-limited test] INFO  container.TestHelper (TestHelper.java:countReplicas(423)) - Container 1 has 2 replicas on [8c499c0a-8bdd-4b02-9c6d-bb3555d01e53, d44cbbb4-6878-45fc-b8ff-9a9a6a2d2fa6]
2023-08-25 08:54:36,070 [ReplicationMonitor] INFO  replication.ReplicationManager (ReplicationManager.java:processAll(389)) - Replication Monitor Thread took 0 milliseconds for processing 1 containers.
2023-08-25 08:54:36,230 [Time-limited test] INFO  container.TestHelper (TestHelper.java:countReplicas(423)) - Container 1 has 2 replicas on [8c499c0a-8bdd-4b02-9c6d-bb3555d01e53, d44cbbb4-6878-45fc-b8ff-9a9a6a2d2fa6]
2023-08-25 08:54:37,030 [Under Replicated Processor] INFO  replication.ReplicationManager (ReplicationManager.java:sendDatanodeCommand(669)) - Sending command [replicateContainerCommand: containerId=1, replicaIndex=0, targetNode=c232c302-4b44-4a08-8d69-5010a6de413a(fv-az584-689.msjcyvhqqs1uvpg4fm53wptgqc.jx.internal.cloudapp.net/10.1.0.19), priority=NORMAL] for container ContainerInfo{id=#1, state=CLOSED, stateEnterTime=2023-08-25T08:54:24.010Z, pipelineID=PipelineID=b6a2b597-69ed-4adb-884f-4d980349df78, owner=om1} to 8c499c0a-8bdd-4b02-9c6d-bb3555d01e53(fv-az584-689.msjcyvhqqs1uvpg4fm53wptgqc.jx.internal.cloudapp.net/10.1.0.19) with datanode deadline 1692954247030 and scm deadline 1692954277030
2023-08-25 08:54:37,031 [Under Replicated Processor] INFO  replication.UnhealthyReplicationProcessor (UnhealthyReplicationProcessor.java:processAll(138)) - Processed 1 containers with health state counts {UNDER_REPLICATED=1}, failed processing 0, deferred due to load 0
2023-08-25 08:54:37,071 [ReplicationMonitor] INFO  replication.ReplicationManager (ReplicationManager.java:processAll(389)) - Replication Monitor Thread took 0 milliseconds for processing 1 containers.
2023-08-25 08:54:37,230 [Time-limited test] INFO  container.TestHelper (TestHelper.java:countReplicas(423)) - Container 1 has 2 replicas on [8c499c0a-8bdd-4b02-9c6d-bb3555d01e53, d44cbbb4-6878-45fc-b8ff-9a9a6a2d2fa6]
2023-08-25 08:54:38,072 [ReplicationMonitor] INFO  replication.ReplicationManager (ReplicationManager.java:processAll(389)) - Replication Monitor Thread took 1 milliseconds for processing 1 containers.
2023-08-25 08:54:38,230 [Time-limited test] INFO  container.TestHelper (TestHelper.java:countReplicas(423)) - Container 1 has 2 replicas on [8c499c0a-8bdd-4b02-9c6d-bb3555d01e53, d44cbbb4-6878-45fc-b8ff-9a9a6a2d2fa6]
2023-08-25 08:54:39,072 [ReplicationMonitor] INFO  replication.ReplicationManager (ReplicationManager.java:processAll(389)) - Replication Monitor Thread took 0 milliseconds for processing 1 containers.
2023-08-25 08:54:39,231 [Time-limited test] INFO  container.TestHelper (TestHelper.java:countReplicas(423)) - Container 1 has 2 replicas on [8c499c0a-8bdd-4b02-9c6d-bb3555d01e53, d44cbbb4-6878-45fc-b8ff-9a9a6a2d2fa6]
2023-08-25 08:54:40,019 [ContainerReplicationThread-0] INFO  replication.PushReplicator (PushReplicator.java:replicate(58)) - Starting replication of container 1 to c232c302-4b44-4a08-8d69-5010a6de413a(fv-az584-689.msjcyvhqqs1uvpg4fm53wptgqc.jx.internal.cloudapp.net/10.1.0.19) using NO_COMPRESSION
2023-08-25 08:54:40,029 [ContainerReplicationThread-0] INFO  replication.GrpcOutputStream (GrpcOutputStream.java:close(116)) - Sent 9728 bytes for container 1
2023-08-25 08:54:40,031 [ReplicationContainerReader-1] INFO  replication.SendContainerRequestHandler (SendContainerRequestHandler.java:onNext(80)) - Accepting container 1
2023-08-25 08:54:40,031 [ReplicationContainerReader-1] INFO  replication.SendContainerRequestHandler (SendContainerRequestHandler.java:onCompleted(108)) - Container 1 is downloaded with size 9728, starting to import.
2023-08-25 08:54:40,059 [ReplicationContainerReader-1] INFO  replication.SendContainerRequestHandler (SendContainerRequestHandler.java:onCompleted(114)) - Container 1 is replicated successfully
2023-08-25 08:54:40,062 [grpc-default-executor-3] INFO  replication.GrpcContainerUploader (GrpcContainerUploader.java:onCompleted(132)) - Finished uploading container 1 to c232c302-4b44-4a08-8d69-5010a6de413a(fv-az584-689.msjcyvhqqs1uvpg4fm53wptgqc.jx.internal.cloudapp.net/10.1.0.19)
2023-08-25 08:54:40,063 [ContainerReplicationThread-0] INFO  replication.ReplicationSupervisor (ReplicationSupervisor.java:run(364)) - Successful DONE replicateContainerCommand: containerId=1, replicaIndex=0, targetNode=c232c302-4b44-4a08-8d69-5010a6de413a(fv-az584-689.msjcyvhqqs1uvpg4fm53wptgqc.jx.internal.cloudapp.net/10.1.0.19), priority=NORMAL, transferred 9728 bytes
2023-08-25 08:54:40,073 [ReplicationMonitor] INFO  replication.ReplicationManager (ReplicationManager.java:processAll(389)) - Replication Monitor Thread took 1 milliseconds for processing 1 containers.
2023-08-25 08:54:40,231 [Time-limited test] INFO  container.TestHelper (TestHelper.java:countReplicas(423)) - Container 1 has 3 replicas on [8c499c0a-8bdd-4b02-9c6d-bb3555d01e53, c232c302-4b44-4a08-8d69-5010a6de413a, d44cbbb4-6878-45fc-b8ff-9a9a6a2d2fa6]
2023-08-25 08:54:40,235 [Time-limited test] INFO  ozone.MiniOzoneClusterImpl (MiniOzoneClusterImpl.java:shutdown(443)) - Shutting down the Mini Ozone Cluster
2023-08-25 08:54:40,235 [Time-limited test] INFO  ozone.MiniOzoneClusterImpl (MiniOzoneClusterImpl.java:stop(460)) - Stopping the Mini Ozone Cluster
2023-08-25 08:54:40,235 [Time-limited test] INFO  ozone.MiniOzoneClusterImpl (MiniOzoneClusterImpl.java:stopOM(551)) - Stopping the OzoneManager
2023-08-25 08:54:40,235 [Time-limited test] INFO  om.OzoneManager (OzoneManager.java:stop(2187)) - om1[localhost:15269]: Stopping Ozone Manager
2023-08-25 08:54:40,235 [Time-limited test] INFO  ipc.Server (Server.java:stop(3523)) - Stopping server on 15269
2023-08-25 08:54:40,239 [IPC Server listener on 15269] INFO  ipc.Server (Server.java:run(1434)) - Stopping IPC Server listener on 15269
2023-08-25 08:54:40,240 [IPC Server Responder] INFO  ipc.Server (Server.java:run(1567)) - Stopping IPC Server Responder
2023-08-25 08:54:40,246 [Time-limited test] INFO  server.RaftServer (RaftServerProxy.java:lambda$close$6(416)) - om1: close
2023-08-25 08:54:40,246 [Time-limited test] INFO  server.GrpcService (GrpcService.java:closeImpl(311)) - om1: shutdown server GrpcServerProtocolService now
2023-08-25 08:54:40,247 [om1-impl-thread1] INFO  server.RaftServer$Division (RaftServerImpl.java:lambda$close$4(466)) - om1@group-C5BA1605619E: shutdown
2023-08-25 08:54:40,247 [om1-impl-thread1] INFO  util.JmxRegister (JmxRegister.java:unregister(73)) - Successfully un-registered JMX Bean with object name Ratis:service=RaftServer,group=group-C5BA1605619E,id=om1
2023-08-25 08:54:40,247 [om1-impl-thread1] INFO  impl.RoleInfo (RoleInfo.java:shutdownLeaderState(93)) - om1: shutdown om1@group-C5BA1605619E-LeaderStateImpl
2023-08-25 08:54:40,247 [om1-impl-thread1] INFO  impl.PendingRequests (PendingRequests.java:sendNotLeaderResponses(289)) - om1@group-C5BA1605619E-PendingRequests: sendNotLeaderResponses
2023-08-25 08:54:40,248 [om1-impl-thread1] INFO  impl.StateMachineUpdater (StateMachineUpdater.java:stopAndJoin(155)) - om1@group-C5BA1605619E-StateMachineUpdater: set stopIndex = 8
2023-08-25 08:54:40,248 [om1@group-C5BA1605619E-StateMachineUpdater] INFO  ratis.OzoneManagerStateMachine (OzoneManagerStateMachine.java:takeSnapshot(480)) - Current Snapshot Index (t:1, i:8)
2023-08-25 08:54:40,249 [Time-limited test] INFO  server.GrpcService (GrpcService.java:closeImpl(320)) - om1: shutdown server GrpcServerProtocolService successfully
2023-08-25 08:54:40,276 [om1@group-C5BA1605619E-StateMachineUpdater] INFO  impl.StateMachineUpdater (StateMachineUpdater.java:takeSnapshot(291)) - om1@group-C5BA1605619E-StateMachineUpdater: Took a snapshot at index 8
2023-08-25 08:54:40,276 [om1@group-C5BA1605619E-StateMachineUpdater] INFO  impl.StateMachineUpdater (StateMachineUpdater.java:lambda$new$0(97)) - om1@group-C5BA1605619E-StateMachineUpdater: snapshotIndex: updateIncreasingly -1 -> 8
2023-08-25 08:54:40,276 [om1@group-C5BA1605619E-StateMachineUpdater] INFO  ratis.OzoneManagerStateMachine (OzoneManagerStateMachine.java:close(534)) - StateMachine has shutdown. Shutdown OzoneManager if not already shutdown.
2023-08-25 08:54:40,276 [om1@group-C5BA1605619E-StateMachineUpdater] INFO  ratis.OzoneManagerDoubleBuffer (OzoneManagerDoubleBuffer.java:stopDaemon(551)) - Stopping OMDoubleBuffer flush thread
2023-08-25 08:54:40,276 [OMDoubleBufferFlushThread] INFO  ratis.OzoneManagerDoubleBuffer (OzoneManagerDoubleBuffer.java:canFlush(638)) - OMDoubleBuffer flush thread OMDoubleBufferFlushThread is interrupted and will exit.
2023-08-25 08:54:40,278 [om1-impl-thread1] INFO  server.RaftServer$Division (ServerState.java:close(472)) - om1@group-C5BA1605619E: closes. applyIndex: 8
2023-08-25 08:54:41,073 [ReplicationMonitor] INFO  replication.ReplicationManager (ReplicationManager.java:processAll(389)) - Replication Monitor Thread took 0 milliseconds for processing 1 containers.
2023-08-25 08:54:41,151 [om1-impl-thread1] INFO  segmented.SegmentedRaftLogWorker (SegmentedRaftLogWorker.java:close(252)) - om1@group-C5BA1605619E-SegmentedRaftLogWorker close()
2023-08-25 08:54:41,151 [JvmPauseMonitor36] INFO  util.JvmPauseMonitor (JvmPauseMonitor.java:run(109)) - JvmPauseMonitor-om1: Stopped
2023-08-25 08:54:41,152 [Time-limited test] INFO  ratis.OzoneManagerStateMachine (OzoneManagerStateMachine.java:close(534)) - StateMachine has shutdown. Shutdown OzoneManager if not already shutdown.
2023-08-25 08:54:41,152 [Time-limited test] INFO  ratis.OzoneManagerDoubleBuffer (OzoneManagerDoubleBuffer.java:stopDaemon(560)) - OMDoubleBuffer flush thread is not running.
2023-08-25 08:54:41,152 [Time-limited test] INFO  utils.BackgroundService (BackgroundService.java:shutdown(141)) - Shutting down service KeyDeletingService
2023-08-25 08:54:41,153 [Time-limited test] INFO  utils.BackgroundService (BackgroundService.java:shutdown(141)) - Shutting down service KeyDeletingService
2023-08-25 08:54:41,153 [Time-limited test] INFO  utils.BackgroundService (BackgroundService.java:shutdown(141)) - Shutting down service OpenKeyCleanupService
2023-08-25 08:54:41,153 [Time-limited test] INFO  utils.BackgroundService (BackgroundService.java:shutdown(141)) - Shutting down service SstFilteringService
2023-08-25 08:54:41,153 [Time-limited test] INFO  utils.BackgroundService (BackgroundService.java:shutdown(141)) - Shutting down service SnapshotDeletingService
2023-08-25 08:54:41,154 [Time-limited test] INFO  handler.ContextHandler (ContextHandler.java:doStop(1159)) - Stopped o.e.j.w.WebAppContext@45de2045{ozoneManager,/,null,STOPPED}{file:/home/runner/work/ozone/ozone/hadoop-ozone/integration-test/target/test-classes/webapps/ozoneManager}
2023-08-25 08:54:41,154 [Time-limited test] INFO  server.AbstractConnector (AbstractConnector.java:doStop(383)) - Stopped ServerConnector@5ca8da46{HTTP/1.1, (http/1.1)}{0.0.0.0:15270}
2023-08-25 08:54:41,154 [Time-limited test] INFO  server.session (HouseKeeper.java:stopScavenging(149)) - node0 Stopped scavenging
2023-08-25 08:54:41,155 [Time-limited test] INFO  handler.ContextHandler (ContextHandler.java:doStop(1159)) - Stopped o.e.j.s.ServletContextHandler@69b96c2b{static,/static,file:///home/runner/work/ozone/ozone/hadoop-ozone/integration-test/target/test-classes/webapps/static,STOPPED}
2023-08-25 08:54:41,155 [Time-limited test] INFO  handler.ContextHandler (ContextHandler.java:doStop(1159)) - Stopped o.e.j.s.ServletContextHandler@42a1e206{logs,/logs,file:///home/runner/work/ozone/ozone/hadoop-ozone/integration-test/target/log,STOPPED}
2023-08-25 08:54:41,157 [Time-limited test] INFO  rocksdiff.RocksDBCheckpointDiffer (RocksDBCheckpointDiffer.java:close(340)) - Shutting down CompactionDagPruningService.
2023-08-25 08:54:41,159 [Time-limited test] INFO  snapshot.SnapshotDiffManager (SnapshotDiffManager.java:closeExecutorService(1720)) - Shutting down executorService: 'SnapDiffExecutor'
2023-08-25 08:54:41,159 [Time-limited test] INFO  snapshot.SnapshotDiffManager (SnapshotDiffManager.java:closeExecutorService(1720)) - Shutting down executorService: 'SstDumpToolExecutor'
2023-08-25 08:54:41,159 [Time-limited test] INFO  utils.BackgroundService (BackgroundService.java:shutdown(141)) - Shutting down service SnapshotDiffCleanupService
2023-08-25 08:54:41,160 [Time-limited test] INFO  ozone.MiniOzoneClusterImpl (MiniOzoneClusterImpl.java:stopDatanodes(528)) - Stopping the HddsDatanodes
2023-08-25 08:54:41,162 [ForkJoinPool.commonPool-worker-1] INFO  ozoneimpl.OzoneContainer (OzoneContainer.java:stop(451)) - Attempting to stop container services.
2023-08-25 08:54:41,163 [Time-limited test] INFO  ozoneimpl.OzoneContainer (OzoneContainer.java:stop(451)) - Attempting to stop container services.
2023-08-25 08:54:41,163 [Time-limited test] INFO  server.RaftServer (RaftServerProxy.java:lambda$close$6(416)) - 8c499c0a-8bdd-4b02-9c6d-bb3555d01e53: close
2023-08-25 08:54:41,164 [Time-limited test] INFO  server.GrpcService (GrpcService.java:closeImpl(311)) - 8c499c0a-8bdd-4b02-9c6d-bb3555d01e53: shutdown server org.apache.ratis.grpc.server.GrpcClientProtocolService now
2023-08-25 08:54:41,164 [8c499c0a-8bdd-4b02-9c6d-bb3555d01e53-impl-thread1] INFO  server.RaftServer$Division (RaftServerImpl.java:lambda$close$4(466)) - 8c499c0a-8bdd-4b02-9c6d-bb3555d01e53@group-703FB21ACDD3: shutdown
2023-08-25 08:54:41,164 [8c499c0a-8bdd-4b02-9c6d-bb3555d01e53-impl-thread1] INFO  util.JmxRegister (JmxRegister.java:unregister(73)) - Successfully un-registered JMX Bean with object name Ratis:service=RaftServer,group=group-703FB21ACDD3,id=8c499c0a-8bdd-4b02-9c6d-bb3555d01e53
2023-08-25 08:54:41,164 [8c499c0a-8bdd-4b02-9c6d-bb3555d01e53-impl-thread1] INFO  impl.RoleInfo (RoleInfo.java:shutdownLeaderState(93)) - 8c499c0a-8bdd-4b02-9c6d-bb3555d01e53: shutdown 8c499c0a-8bdd-4b02-9c6d-bb3555d01e53@group-703FB21ACDD3-LeaderStateImpl
2023-08-25 08:54:41,164 [8c499c0a-8bdd-4b02-9c6d-bb3555d01e53-impl-thread1] INFO  impl.PendingRequests (PendingRequests.java:sendNotLeaderResponses(289)) - 8c499c0a-8bdd-4b02-9c6d-bb3555d01e53@group-703FB21ACDD3-PendingRequests: sendNotLeaderResponses
2023-08-25 08:54:41,164 [8c499c0a-8bdd-4b02-9c6d-bb3555d01e53-impl-thread1] INFO  impl.StateMachineUpdater (StateMachineUpdater.java:stopAndJoin(155)) - 8c499c0a-8bdd-4b02-9c6d-bb3555d01e53@group-703FB21ACDD3-StateMachineUpdater: set stopIndex = 0
2023-08-25 08:54:41,164 [8c499c0a-8bdd-4b02-9c6d-bb3555d01e53@group-703FB21ACDD3-StateMachineUpdater] INFO  ratis.ContainerStateMachine (ContainerStateMachine.java:takeSnapshot(330)) - group-703FB21ACDD3: Taking a snapshot at:(t:1, i:0) file /home/runner/work/ozone/ozone/hadoop-ozone/integration-test/target/test-dir/MiniOzoneClusterImpl-e7e10417-51b4-42c5-96ae-91e23fec58ac/datanode-2/data/ratis/54a51d35-56ed-4aca-be5f-703fb21acdd3/sm/snapshot.1_0
2023-08-25 08:54:41,165 [8c499c0a-8bdd-4b02-9c6d-bb3555d01e53@group-703FB21ACDD3-StateMachineUpdater] INFO  ratis.ContainerStateMachine (ContainerStateMachine.java:takeSnapshot(341)) - group-703FB21ACDD3: Finished taking a snapshot at:(t:1, i:0) file:/home/runner/work/ozone/ozone/hadoop-ozone/integration-test/target/test-dir/MiniOzoneClusterImpl-e7e10417-51b4-42c5-96ae-91e23fec58ac/datanode-2/data/ratis/54a51d35-56ed-4aca-be5f-703fb21acdd3/sm/snapshot.1_0 took: 1 ms
2023-08-25 08:54:41,166 [8c499c0a-8bdd-4b02-9c6d-bb3555d01e53@group-703FB21ACDD3-StateMachineUpdater] INFO  impl.StateMachineUpdater (StateMachineUpdater.java:takeSnapshot(291)) - 8c499c0a-8bdd-4b02-9c6d-bb3555d01e53@group-703FB21ACDD3-StateMachineUpdater: Took a snapshot at index 0
2023-08-25 08:54:41,166 [8c499c0a-8bdd-4b02-9c6d-bb3555d01e53@group-703FB21ACDD3-StateMachineUpdater] INFO  impl.StateMachineUpdater (StateMachineUpdater.java:lambda$new$0(97)) - 8c499c0a-8bdd-4b02-9c6d-bb3555d01e53@group-703FB21ACDD3-StateMachineUpdater: snapshotIndex: updateIncreasingly -1 -> 0
2023-08-25 08:54:41,166 [8c499c0a-8bdd-4b02-9c6d-bb3555d01e53-impl-thread1] INFO  server.RaftServer$Division (ServerState.java:close(472)) - 8c499c0a-8bdd-4b02-9c6d-bb3555d01e53@group-703FB21ACDD3: closes. applyIndex: 0
2023-08-25 08:54:41,168 [ForkJoinPool.commonPool-worker-1] INFO  server.RaftServer (RaftServerProxy.java:lambda$close$6(416)) - d44cbbb4-6878-45fc-b8ff-9a9a6a2d2fa6: close
2023-08-25 08:54:41,169 [Thread-3420] INFO  server.GrpcServerProtocolClient (GrpcServerProtocolClient.java:close(103)) - d44cbbb4-6878-45fc-b8ff-9a9a6a2d2fa6 Close channels
2023-08-25 08:54:41,169 [d44cbbb4-6878-45fc-b8ff-9a9a6a2d2fa6-impl-thread1] INFO  server.RaftServer$Division (RaftServerImpl.java:lambda$close$4(466)) - d44cbbb4-6878-45fc-b8ff-9a9a6a2d2fa6@group-066DED60C3AB: shutdown
2023-08-25 08:54:41,169 [d44cbbb4-6878-45fc-b8ff-9a9a6a2d2fa6-impl-thread1] INFO  util.JmxRegister (JmxRegister.java:unregister(73)) - Successfully un-registered JMX Bean with object name Ratis:service=RaftServer,group=group-066DED60C3AB,id=d44cbbb4-6878-45fc-b8ff-9a9a6a2d2fa6
2023-08-25 08:54:41,169 [d44cbbb4-6878-45fc-b8ff-9a9a6a2d2fa6-impl-thread1] INFO  impl.RoleInfo (RoleInfo.java:shutdownLeaderState(93)) - d44cbbb4-6878-45fc-b8ff-9a9a6a2d2fa6: shutdown d44cbbb4-6878-45fc-b8ff-9a9a6a2d2fa6@group-066DED60C3AB-LeaderStateImpl
2023-08-25 08:54:41,169 [d44cbbb4-6878-45fc-b8ff-9a9a6a2d2fa6-impl-thread1] INFO  impl.PendingRequests (PendingRequests.java:sendNotLeaderResponses(289)) - d44cbbb4-6878-45fc-b8ff-9a9a6a2d2fa6@group-066DED60C3AB-PendingRequests: sendNotLeaderResponses
2023-08-25 08:54:41,169 [ForkJoinPool.commonPool-worker-1] INFO  server.GrpcService (GrpcService.java:closeImpl(311)) - d44cbbb4-6878-45fc-b8ff-9a9a6a2d2fa6: shutdown server org.apache.ratis.grpc.server.GrpcClientProtocolService now
2023-08-25 08:54:41,169 [d44cbbb4-6878-45fc-b8ff-9a9a6a2d2fa6-impl-thread1] INFO  impl.StateMachineUpdater (StateMachineUpdater.java:stopAndJoin(155)) - d44cbbb4-6878-45fc-b8ff-9a9a6a2d2fa6@group-066DED60C3AB-StateMachineUpdater: set stopIndex = 0
2023-08-25 08:54:41,170 [d44cbbb4-6878-45fc-b8ff-9a9a6a2d2fa6@group-066DED60C3AB-StateMachineUpdater] INFO  ratis.ContainerStateMachine (ContainerStateMachine.java:takeSnapshot(330)) - group-066DED60C3AB: Taking a snapshot at:(t:1, i:0) file /home/runner/work/ozone/ozone/hadoop-ozone/integration-test/target/test-dir/MiniOzoneClusterImpl-e7e10417-51b4-42c5-96ae-91e23fec58ac/datanode-1/data/ratis/08aa62b6-d846-41b2-a18e-066ded60c3ab/sm/snapshot.1_0
2023-08-25 08:54:41,171 [d44cbbb4-6878-45fc-b8ff-9a9a6a2d2fa6@group-066DED60C3AB-StateMachineUpdater] INFO  ratis.ContainerStateMachine (ContainerStateMachine.java:takeSnapshot(341)) - group-066DED60C3AB: Finished taking a snapshot at:(t:1, i:0) file:/home/runner/work/ozone/ozone/hadoop-ozone/integration-test/target/test-dir/MiniOzoneClusterImpl-e7e10417-51b4-42c5-96ae-91e23fec58ac/datanode-1/data/ratis/08aa62b6-d846-41b2-a18e-066ded60c3ab/sm/snapshot.1_0 took: 2 ms
2023-08-25 08:54:41,171 [d44cbbb4-6878-45fc-b8ff-9a9a6a2d2fa6@group-066DED60C3AB-StateMachineUpdater] INFO  impl.StateMachineUpdater (StateMachineUpdater.java:takeSnapshot(291)) - d44cbbb4-6878-45fc-b8ff-9a9a6a2d2fa6@group-066DED60C3AB-StateMachineUpdater: Took a snapshot at index 0
2023-08-25 08:54:41,171 [d44cbbb4-6878-45fc-b8ff-9a9a6a2d2fa6@group-066DED60C3AB-StateMachineUpdater] INFO  impl.StateMachineUpdater (StateMachineUpdater.java:lambda$new$0(97)) - d44cbbb4-6878-45fc-b8ff-9a9a6a2d2fa6@group-066DED60C3AB-StateMachineUpdater: snapshotIndex: updateIncreasingly -1 -> 0
2023-08-25 08:54:41,171 [d44cbbb4-6878-45fc-b8ff-9a9a6a2d2fa6-impl-thread1] INFO  server.RaftServer$Division (ServerState.java:close(472)) - d44cbbb4-6878-45fc-b8ff-9a9a6a2d2fa6@group-066DED60C3AB: closes. applyIndex: 0
2023-08-25 08:54:41,173 [Thread-3421] INFO  server.GrpcServerProtocolClient (GrpcServerProtocolClient.java:close(103)) - 19c619f1-2007-441e-8fe6-e07ebc4fc791 Close channels
2023-08-25 08:54:41,179 [Thread-3422] INFO  server.GrpcServerProtocolClient (GrpcServerProtocolClient.java:close(103)) - 8c499c0a-8bdd-4b02-9c6d-bb3555d01e53 Close channels
2023-08-25 08:54:41,180 [Thread-3424] INFO  server.GrpcServerProtocolClient (GrpcServerProtocolClient.java:close(103)) - 19c619f1-2007-441e-8fe6-e07ebc4fc791 Close channels
2023-08-25 08:54:41,184 [ForkJoinPool.commonPool-worker-1] INFO  server.GrpcService (GrpcService.java:closeImpl(320)) - d44cbbb4-6878-45fc-b8ff-9a9a6a2d2fa6: shutdown server org.apache.ratis.grpc.server.GrpcClientProtocolService successfully
2023-08-25 08:54:41,184 [ForkJoinPool.commonPool-worker-1] INFO  server.GrpcService (GrpcService.java:closeImpl(311)) - d44cbbb4-6878-45fc-b8ff-9a9a6a2d2fa6: shutdown server GrpcServerProtocolService now
2023-08-25 08:54:41,197 [grpc-default-executor-6] INFO  server.GrpcLogAppender (GrpcLogAppender.java:onError(417)) - 8c499c0a-8bdd-4b02-9c6d-bb3555d01e53@group-51A9D41E8872->d44cbbb4-6878-45fc-b8ff-9a9a6a2d2fa6-GrpcLogAppender is already stopped
2023-08-25 08:54:41,198 [ForkJoinPool.commonPool-worker-1] INFO  server.GrpcService (GrpcService.java:closeImpl(320)) - d44cbbb4-6878-45fc-b8ff-9a9a6a2d2fa6: shutdown server GrpcServerProtocolService successfully
2023-08-25 08:54:41,198 [ForkJoinPool.commonPool-worker-1] INFO  server.GrpcService (GrpcService.java:closeImpl(311)) - d44cbbb4-6878-45fc-b8ff-9a9a6a2d2fa6: shutdown server org.apache.ratis.grpc.server.GrpcAdminProtocolService now
2023-08-25 08:54:41,199 [Time-limited test] INFO  server.GrpcService (GrpcService.java:closeImpl(320)) - 8c499c0a-8bdd-4b02-9c6d-bb3555d01e53: shutdown server org.apache.ratis.grpc.server.GrpcClientProtocolService successfully
2023-08-25 08:54:41,199 [Time-limited test] INFO  server.GrpcService (GrpcService.java:closeImpl(311)) - 8c499c0a-8bdd-4b02-9c6d-bb3555d01e53: shutdown server GrpcServerProtocolService now
2023-08-25 08:54:41,207 [Time-limited test] INFO  server.GrpcService (GrpcService.java:closeImpl(320)) - 8c499c0a-8bdd-4b02-9c6d-bb3555d01e53: shutdown server GrpcServerProtocolService successfully
2023-08-25 08:54:41,207 [Time-limited test] INFO  server.GrpcService (GrpcService.java:closeImpl(311)) - 8c499c0a-8bdd-4b02-9c6d-bb3555d01e53: shutdown server org.apache.ratis.grpc.server.GrpcAdminProtocolService now
2023-08-25 08:54:41,207 [ForkJoinPool.commonPool-worker-1] INFO  server.GrpcService (GrpcService.java:closeImpl(320)) - d44cbbb4-6878-45fc-b8ff-9a9a6a2d2fa6: shutdown server org.apache.ratis.grpc.server.GrpcAdminProtocolService successfully
2023-08-25 08:54:41,207 [d44cbbb4-6878-45fc-b8ff-9a9a6a2d2fa6-NettyServerStreamRpc-bossGroup--thread1] INFO  logging.LoggingHandler (AbstractInternalLogger.java:log(148)) - [id: 0x9da8a26a, L:/0:0:0:0:0:0:0:0:15289] CLOSE
2023-08-25 08:54:41,208 [d44cbbb4-6878-45fc-b8ff-9a9a6a2d2fa6-NettyServerStreamRpc-bossGroup--thread1] INFO  logging.LoggingHandler (AbstractInternalLogger.java:log(148)) - [id: 0x9da8a26a, L:/0:0:0:0:0:0:0:0:15289] INACTIVE
2023-08-25 08:54:41,208 [d44cbbb4-6878-45fc-b8ff-9a9a6a2d2fa6-NettyServerStreamRpc-bossGroup--thread1] INFO  logging.LoggingHandler (AbstractInternalLogger.java:log(148)) - [id: 0x9da8a26a, L:/0:0:0:0:0:0:0:0:15289] UNREGISTERED
2023-08-25 08:54:41,210 [ForkJoinPool.commonPool-worker-2] INFO  ozoneimpl.OzoneContainer (OzoneContainer.java:stop(451)) - Attempting to stop container services.
2023-08-25 08:54:41,217 [ForkJoinPool.commonPool-worker-2] INFO  server.RaftServer (RaftServerProxy.java:lambda$close$6(416)) - 24b07fc1-f78a-4d5b-922d-a3de9c19b3d1: close
2023-08-25 08:54:41,217 [ForkJoinPool.commonPool-worker-2] INFO  server.GrpcService (GrpcService.java:closeImpl(311)) - 24b07fc1-f78a-4d5b-922d-a3de9c19b3d1: shutdown server org.apache.ratis.grpc.server.GrpcClientProtocolService now
2023-08-25 08:54:41,219 [24b07fc1-f78a-4d5b-922d-a3de9c19b3d1-impl-thread1] INFO  server.RaftServer$Division (RaftServerImpl.java:lambda$close$4(466)) - 24b07fc1-f78a-4d5b-922d-a3de9c19b3d1@group-5BE05364F447: shutdown
2023-08-25 08:54:41,219 [24b07fc1-f78a-4d5b-922d-a3de9c19b3d1-impl-thread1] INFO  util.JmxRegister (JmxRegister.java:unregister(73)) - Successfully un-registered JMX Bean with object name Ratis:service=RaftServer,group=group-5BE05364F447,id=24b07fc1-f78a-4d5b-922d-a3de9c19b3d1
2023-08-25 08:54:41,219 [24b07fc1-f78a-4d5b-922d-a3de9c19b3d1-impl-thread1] INFO  impl.RoleInfo (RoleInfo.java:shutdownLeaderState(93)) - 24b07fc1-f78a-4d5b-922d-a3de9c19b3d1: shutdown 24b07fc1-f78a-4d5b-922d-a3de9c19b3d1@group-5BE05364F447-LeaderStateImpl
2023-08-25 08:54:41,220 [24b07fc1-f78a-4d5b-922d-a3de9c19b3d1-impl-thread1] INFO  impl.PendingRequests (PendingRequests.java:sendNotLeaderResponses(289)) - 24b07fc1-f78a-4d5b-922d-a3de9c19b3d1@group-5BE05364F447-PendingRequests: sendNotLeaderResponses
2023-08-25 08:54:41,220 [24b07fc1-f78a-4d5b-922d-a3de9c19b3d1-impl-thread1] INFO  impl.StateMachineUpdater (StateMachineUpdater.java:stopAndJoin(155)) - 24b07fc1-f78a-4d5b-922d-a3de9c19b3d1@group-5BE05364F447-StateMachineUpdater: set stopIndex = 0
2023-08-25 08:54:41,220 [24b07fc1-f78a-4d5b-922d-a3de9c19b3d1@group-5BE05364F447-StateMachineUpdater] INFO  ratis.ContainerStateMachine (ContainerStateMachine.java:takeSnapshot(330)) - group-5BE05364F447: Taking a snapshot at:(t:1, i:0) file /home/runner/work/ozone/ozone/hadoop-ozone/integration-test/target/test-dir/MiniOzoneClusterImpl-e7e10417-51b4-42c5-96ae-91e23fec58ac/datanode-4/data/ratis/ffb47fc5-3bfc-412f-9bbc-5be05364f447/sm/snapshot.1_0
2023-08-25 08:54:41,226 [Time-limited test] INFO  server.GrpcService (GrpcService.java:closeImpl(320)) - 8c499c0a-8bdd-4b02-9c6d-bb3555d01e53: shutdown server org.apache.ratis.grpc.server.GrpcAdminProtocolService successfully
2023-08-25 08:54:41,226 [8c499c0a-8bdd-4b02-9c6d-bb3555d01e53-NettyServerStreamRpc-bossGroup--thread1] INFO  logging.LoggingHandler (AbstractInternalLogger.java:log(148)) - [id: 0xfa2a3d40, L:/0:0:0:0:0:0:0:0:15298] CLOSE
2023-08-25 08:54:41,226 [8c499c0a-8bdd-4b02-9c6d-bb3555d01e53-NettyServerStreamRpc-bossGroup--thread1] INFO  logging.LoggingHandler (AbstractInternalLogger.java:log(148)) - [id: 0xfa2a3d40, L:/0:0:0:0:0:0:0:0:15298] INACTIVE
2023-08-25 08:54:41,226 [8c499c0a-8bdd-4b02-9c6d-bb3555d01e53-NettyServerStreamRpc-bossGroup--thread1] INFO  logging.LoggingHandler (AbstractInternalLogger.java:log(148)) - [id: 0xfa2a3d40, L:/0:0:0:0:0:0:0:0:15298] UNREGISTERED
2023-08-25 08:54:41,228 [24b07fc1-f78a-4d5b-922d-a3de9c19b3d1@group-5BE05364F447-StateMachineUpdater] INFO  ratis.ContainerStateMachine (ContainerStateMachine.java:takeSnapshot(341)) - group-5BE05364F447: Finished taking a snapshot at:(t:1, i:0) file:/home/runner/work/ozone/ozone/hadoop-ozone/integration-test/target/test-dir/MiniOzoneClusterImpl-e7e10417-51b4-42c5-96ae-91e23fec58ac/datanode-4/data/ratis/ffb47fc5-3bfc-412f-9bbc-5be05364f447/sm/snapshot.1_0 took: 8 ms
2023-08-25 08:54:41,229 [ForkJoinPool.commonPool-worker-2] INFO  server.GrpcService (GrpcService.java:closeImpl(320)) - 24b07fc1-f78a-4d5b-922d-a3de9c19b3d1: shutdown server org.apache.ratis.grpc.server.GrpcClientProtocolService successfully
2023-08-25 08:54:41,229 [ForkJoinPool.commonPool-worker-2] INFO  server.GrpcService (GrpcService.java:closeImpl(311)) - 24b07fc1-f78a-4d5b-922d-a3de9c19b3d1: shutdown server GrpcServerProtocolService now
2023-08-25 08:54:41,229 [24b07fc1-f78a-4d5b-922d-a3de9c19b3d1@group-5BE05364F447-StateMachineUpdater] INFO  impl.StateMachineUpdater (StateMachineUpdater.java:takeSnapshot(291)) - 24b07fc1-f78a-4d5b-922d-a3de9c19b3d1@group-5BE05364F447-StateMachineUpdater: Took a snapshot at index 0
2023-08-25 08:54:41,229 [24b07fc1-f78a-4d5b-922d-a3de9c19b3d1@group-5BE05364F447-StateMachineUpdater] INFO  impl.StateMachineUpdater (StateMachineUpdater.java:lambda$new$0(97)) - 24b07fc1-f78a-4d5b-922d-a3de9c19b3d1@group-5BE05364F447-StateMachineUpdater: snapshotIndex: updateIncreasingly -1 -> 0
2023-08-25 08:54:41,232 [24b07fc1-f78a-4d5b-922d-a3de9c19b3d1-impl-thread1] INFO  server.RaftServer$Division (ServerState.java:close(472)) - 24b07fc1-f78a-4d5b-922d-a3de9c19b3d1@group-5BE05364F447: closes. applyIndex: 0
2023-08-25 08:54:41,232 [ForkJoinPool.commonPool-worker-3] INFO  ozoneimpl.OzoneContainer (OzoneContainer.java:stop(451)) - Attempting to stop container services.
2023-08-25 08:54:41,233 [ForkJoinPool.commonPool-worker-3] INFO  server.RaftServer (RaftServerProxy.java:lambda$close$6(416)) - c232c302-4b44-4a08-8d69-5010a6de413a: close
2023-08-25 08:54:41,233 [ForkJoinPool.commonPool-worker-3] INFO  server.GrpcService (GrpcService.java:closeImpl(311)) - c232c302-4b44-4a08-8d69-5010a6de413a: shutdown server org.apache.ratis.grpc.server.GrpcClientProtocolService now
2023-08-25 08:54:41,233 [c232c302-4b44-4a08-8d69-5010a6de413a-impl-thread1] INFO  server.RaftServer$Division (RaftServerImpl.java:lambda$close$4(466)) - c232c302-4b44-4a08-8d69-5010a6de413a@group-ACE5127591C6: shutdown
2023-08-25 08:54:41,233 [c232c302-4b44-4a08-8d69-5010a6de413a-impl-thread1] INFO  util.JmxRegister (JmxRegister.java:unregister(73)) - Successfully un-registered JMX Bean with object name Ratis:service=RaftServer,group=group-ACE5127591C6,id=c232c302-4b44-4a08-8d69-5010a6de413a
2023-08-25 08:54:41,233 [c232c302-4b44-4a08-8d69-5010a6de413a-impl-thread1] INFO  impl.RoleInfo (RoleInfo.java:shutdownLeaderState(93)) - c232c302-4b44-4a08-8d69-5010a6de413a: shutdown c232c302-4b44-4a08-8d69-5010a6de413a@group-ACE5127591C6-LeaderStateImpl
2023-08-25 08:54:41,233 [c232c302-4b44-4a08-8d69-5010a6de413a-impl-thread1] INFO  impl.PendingRequests (PendingRequests.java:sendNotLeaderResponses(289)) - c232c302-4b44-4a08-8d69-5010a6de413a@group-ACE5127591C6-PendingRequests: sendNotLeaderResponses
2023-08-25 08:54:41,234 [c232c302-4b44-4a08-8d69-5010a6de413a-impl-thread1] INFO  impl.StateMachineUpdater (StateMachineUpdater.java:stopAndJoin(155)) - c232c302-4b44-4a08-8d69-5010a6de413a@group-ACE5127591C6-StateMachineUpdater: set stopIndex = 0
2023-08-25 08:54:41,234 [c232c302-4b44-4a08-8d69-5010a6de413a@group-ACE5127591C6-StateMachineUpdater] INFO  ratis.ContainerStateMachine (ContainerStateMachine.java:takeSnapshot(330)) - group-ACE5127591C6: Taking a snapshot at:(t:1, i:0) file /home/runner/work/ozone/ozone/hadoop-ozone/integration-test/target/test-dir/MiniOzoneClusterImpl-e7e10417-51b4-42c5-96ae-91e23fec58ac/datanode-3/data/ratis/27723df0-f849-46c1-951c-ace5127591c6/sm/snapshot.1_0
2023-08-25 08:54:41,234 [ForkJoinPool.commonPool-worker-3] INFO  server.GrpcService (GrpcService.java:closeImpl(320)) - c232c302-4b44-4a08-8d69-5010a6de413a: shutdown server org.apache.ratis.grpc.server.GrpcClientProtocolService successfully
2023-08-25 08:54:41,234 [ForkJoinPool.commonPool-worker-3] INFO  server.GrpcService (GrpcService.java:closeImpl(311)) - c232c302-4b44-4a08-8d69-5010a6de413a: shutdown server GrpcServerProtocolService now
2023-08-25 08:54:41,242 [c232c302-4b44-4a08-8d69-5010a6de413a@group-ACE5127591C6-StateMachineUpdater] INFO  ratis.ContainerStateMachine (ContainerStateMachine.java:takeSnapshot(341)) - group-ACE5127591C6: Finished taking a snapshot at:(t:1, i:0) file:/home/runner/work/ozone/ozone/hadoop-ozone/integration-test/target/test-dir/MiniOzoneClusterImpl-e7e10417-51b4-42c5-96ae-91e23fec58ac/datanode-3/data/ratis/27723df0-f849-46c1-951c-ace5127591c6/sm/snapshot.1_0 took: 8 ms
2023-08-25 08:54:41,242 [c232c302-4b44-4a08-8d69-5010a6de413a@group-ACE5127591C6-StateMachineUpdater] INFO  impl.StateMachineUpdater (StateMachineUpdater.java:takeSnapshot(291)) - c232c302-4b44-4a08-8d69-5010a6de413a@group-ACE5127591C6-StateMachineUpdater: Took a snapshot at index 0
2023-08-25 08:54:41,242 [c232c302-4b44-4a08-8d69-5010a6de413a@group-ACE5127591C6-StateMachineUpdater] INFO  impl.StateMachineUpdater (StateMachineUpdater.java:lambda$new$0(97)) - c232c302-4b44-4a08-8d69-5010a6de413a@group-ACE5127591C6-StateMachineUpdater: snapshotIndex: updateIncreasingly -1 -> 0
2023-08-25 08:54:41,243 [c232c302-4b44-4a08-8d69-5010a6de413a-impl-thread1] INFO  server.RaftServer$Division (ServerState.java:close(472)) - c232c302-4b44-4a08-8d69-5010a6de413a@group-ACE5127591C6: closes. applyIndex: 0
2023-08-25 08:54:41,244 [ForkJoinPool.commonPool-worker-3] INFO  server.GrpcService (GrpcService.java:closeImpl(320)) - c232c302-4b44-4a08-8d69-5010a6de413a: shutdown server GrpcServerProtocolService successfully
2023-08-25 08:54:41,244 [ForkJoinPool.commonPool-worker-3] INFO  server.GrpcService (GrpcService.java:closeImpl(311)) - c232c302-4b44-4a08-8d69-5010a6de413a: shutdown server org.apache.ratis.grpc.server.GrpcAdminProtocolService now
2023-08-25 08:54:41,244 [ForkJoinPool.commonPool-worker-2] INFO  server.GrpcService (GrpcService.java:closeImpl(320)) - 24b07fc1-f78a-4d5b-922d-a3de9c19b3d1: shutdown server GrpcServerProtocolService successfully
2023-08-25 08:54:41,244 [ForkJoinPool.commonPool-worker-2] INFO  server.GrpcService (GrpcService.java:closeImpl(311)) - 24b07fc1-f78a-4d5b-922d-a3de9c19b3d1: shutdown server org.apache.ratis.grpc.server.GrpcAdminProtocolService now
2023-08-25 08:54:41,246 [ForkJoinPool.commonPool-worker-3] INFO  server.GrpcService (GrpcService.java:closeImpl(320)) - c232c302-4b44-4a08-8d69-5010a6de413a: shutdown server org.apache.ratis.grpc.server.GrpcAdminProtocolService successfully
2023-08-25 08:54:41,246 [c232c302-4b44-4a08-8d69-5010a6de413a-NettyServerStreamRpc-bossGroup--thread1] INFO  logging.LoggingHandler (AbstractInternalLogger.java:log(148)) - [id: 0xe0c61d13, L:/0:0:0:0:0:0:0:0:15307] CLOSE
2023-08-25 08:54:41,246 [c232c302-4b44-4a08-8d69-5010a6de413a-NettyServerStreamRpc-bossGroup--thread1] INFO  logging.LoggingHandler (AbstractInternalLogger.java:log(148)) - [id: 0xe0c61d13, L:/0:0:0:0:0:0:0:0:15307] INACTIVE
2023-08-25 08:54:41,246 [c232c302-4b44-4a08-8d69-5010a6de413a-NettyServerStreamRpc-bossGroup--thread1] INFO  logging.LoggingHandler (AbstractInternalLogger.java:log(148)) - [id: 0xe0c61d13, L:/0:0:0:0:0:0:0:0:15307] UNREGISTERED
2023-08-25 08:54:41,246 [ForkJoinPool.commonPool-worker-2] INFO  server.GrpcService (GrpcService.java:closeImpl(320)) - 24b07fc1-f78a-4d5b-922d-a3de9c19b3d1: shutdown server org.apache.ratis.grpc.server.GrpcAdminProtocolService successfully
2023-08-25 08:54:41,247 [24b07fc1-f78a-4d5b-922d-a3de9c19b3d1-NettyServerStreamRpc-bossGroup--thread1] INFO  logging.LoggingHandler (AbstractInternalLogger.java:log(148)) - [id: 0xbe4c39d3, L:/0:0:0:0:0:0:0:0:15316] CLOSE
2023-08-25 08:54:41,247 [24b07fc1-f78a-4d5b-922d-a3de9c19b3d1-NettyServerStreamRpc-bossGroup--thread1] INFO  logging.LoggingHandler (AbstractInternalLogger.java:log(148)) - [id: 0xbe4c39d3, L:/0:0:0:0:0:0:0:0:15316] INACTIVE
2023-08-25 08:54:41,247 [24b07fc1-f78a-4d5b-922d-a3de9c19b3d1-NettyServerStreamRpc-bossGroup--thread1] INFO  logging.LoggingHandler (AbstractInternalLogger.java:log(148)) - [id: 0xbe4c39d3, L:/0:0:0:0:0:0:0:0:15316] UNREGISTERED
2023-08-25 08:54:41,351 [8c499c0a-8bdd-4b02-9c6d-bb3555d01e53-impl-thread1] INFO  segmented.SegmentedRaftLogWorker (SegmentedRaftLogWorker.java:close(252)) - 8c499c0a-8bdd-4b02-9c6d-bb3555d01e53@group-703FB21ACDD3-SegmentedRaftLogWorker close()
2023-08-25 08:54:41,352 [JvmPauseMonitor39] INFO  util.JvmPauseMonitor (JvmPauseMonitor.java:run(109)) - JvmPauseMonitor-8c499c0a-8bdd-4b02-9c6d-bb3555d01e53: Stopped
2023-08-25 08:54:41,774 [c232c302-4b44-4a08-8d69-5010a6de413a-impl-thread1] INFO  segmented.SegmentedRaftLogWorker (SegmentedRaftLogWorker.java:close(252)) - c232c302-4b44-4a08-8d69-5010a6de413a@group-ACE5127591C6-SegmentedRaftLogWorker close()
2023-08-25 08:54:41,775 [JvmPauseMonitor40] INFO  util.JvmPauseMonitor (JvmPauseMonitor.java:run(109)) - JvmPauseMonitor-c232c302-4b44-4a08-8d69-5010a6de413a: Stopped
2023-08-25 08:54:42,064 [d44cbbb4-6878-45fc-b8ff-9a9a6a2d2fa6-impl-thread1] INFO  segmented.SegmentedRaftLogWorker (SegmentedRaftLogWorker.java:close(252)) - d44cbbb4-6878-45fc-b8ff-9a9a6a2d2fa6@group-066DED60C3AB-SegmentedRaftLogWorker close()
2023-08-25 08:54:42,066 [JvmPauseMonitor38] INFO  util.JvmPauseMonitor (JvmPauseMonitor.java:run(109)) - JvmPauseMonitor-d44cbbb4-6878-45fc-b8ff-9a9a6a2d2fa6: Stopped
2023-08-25 08:54:42,074 [ReplicationMonitor] INFO  replication.ReplicationManager (ReplicationManager.java:processAll(389)) - Replication Monitor Thread took 1 milliseconds for processing 1 containers.
2023-08-25 08:54:42,116 [24b07fc1-f78a-4d5b-922d-a3de9c19b3d1-impl-thread1] INFO  segmented.SegmentedRaftLogWorker (SegmentedRaftLogWorker.java:close(252)) - 24b07fc1-f78a-4d5b-922d-a3de9c19b3d1@group-5BE05364F447-SegmentedRaftLogWorker close()
2023-08-25 08:54:42,117 [JvmPauseMonitor41] INFO  util.JvmPauseMonitor (JvmPauseMonitor.java:run(109)) - JvmPauseMonitor-24b07fc1-f78a-4d5b-922d-a3de9c19b3d1: Stopped
2023-08-25 08:54:43,074 [ReplicationMonitor] INFO  replication.ReplicationManager (ReplicationManager.java:processAll(389)) - Replication Monitor Thread took 0 milliseconds for processing 1 containers.
2023-08-25 08:54:43,356 [Time-limited test] INFO  utils.DatanodeStoreCache (DatanodeStoreCache.java:shutdownCache(110)) - Skip clearing cache in mini cluster mode. Entries left: [/home/runner/work/ozone/ozone/hadoop-ozone/integration-test/target/test-dir/MiniOzoneClusterImpl-e7e10417-51b4-42c5-96ae-91e23fec58ac/datanode-1/data-0/containers/hdds/e7e10417-51b4-42c5-96ae-91e23fec58ac/DS-5ac739ad-2dde-48c9-b5a0-ed8c3de309f2/container.db, /home/runner/work/ozone/ozone/hadoop-ozone/integration-test/target/test-dir/MiniOzoneClusterImpl-e7e10417-51b4-42c5-96ae-91e23fec58ac/datanode-2/data-0/containers/hdds/e7e10417-51b4-42c5-96ae-91e23fec58ac/DS-29c53c55-05f9-402b-8092-27dc2f6f8e2d/container.db, /home/runner/work/ozone/ozone/hadoop-ozone/integration-test/target/test-dir/MiniOzoneClusterImpl-e7e10417-51b4-42c5-96ae-91e23fec58ac/datanode-3/data-0/containers/hdds/e7e10417-51b4-42c5-96ae-91e23fec58ac/DS-9e4d7e1f-8dfe-407e-b566-cabaf96d49ca/container.db, /home/runner/work/ozone/ozone/hadoop-ozone/integration-test/target/test-dir/MiniOzoneClusterImpl-e7e10417-51b4-42c5-96ae-91e23fec58ac/datanode-4/data-0/containers/hdds/e7e10417-51b4-42c5-96ae-91e23fec58ac/DS-89642e80-5203-4dea-9c82-d2b02e0ce703/container.db]
2023-08-25 08:54:43,358 [Time-limited test] INFO  utils.DatanodeStoreCache (DatanodeStoreCache.java:removeDB(104)) - Removed db /home/runner/work/ozone/ozone/hadoop-ozone/integration-test/target/test-dir/MiniOzoneClusterImpl-e7e10417-51b4-42c5-96ae-91e23fec58ac/datanode-2/data-0/containers/hdds/e7e10417-51b4-42c5-96ae-91e23fec58ac/DS-29c53c55-05f9-402b-8092-27dc2f6f8e2d/container.db from cache
2023-08-25 08:54:43,358 [Time-limited test] INFO  volume.HddsVolume (HddsVolume.java:closeDbStore(453)) - SchemaV3 db is stopped at /home/runner/work/ozone/ozone/hadoop-ozone/integration-test/target/test-dir/MiniOzoneClusterImpl-e7e10417-51b4-42c5-96ae-91e23fec58ac/datanode-2/data-0/containers/hdds/e7e10417-51b4-42c5-96ae-91e23fec58ac/DS-29c53c55-05f9-402b-8092-27dc2f6f8e2d/container.db for volume DS-29c53c55-05f9-402b-8092-27dc2f6f8e2d
2023-08-25 08:54:43,358 [Time-limited test] INFO  utils.BackgroundService (BackgroundService.java:shutdown(141)) - Shutting down service BlockDeletingService
2023-08-25 08:54:43,359 [Time-limited test] INFO  utils.BackgroundService (BackgroundService.java:shutdown(141)) - Shutting down service StaleRecoveringContainerScrubbingService
2023-08-25 08:54:43,359 [Time-limited test] INFO  statemachine.DatanodeStateMachine (DatanodeStateMachine.java:stopDaemon(620)) - Ozone container server stopped.
2023-08-25 08:54:43,370 [Time-limited test] INFO  handler.ContextHandler (ContextHandler.java:doStop(1159)) - Stopped o.e.j.w.WebAppContext@7d130ada{hddsDatanode,/,null,STOPPED}{jar:file:/home/runner/.m2/repository/org/apache/ozone/hdds-container-service/1.4.0-SNAPSHOT/hdds-container-service-1.4.0-SNAPSHOT.jar!/webapps/hddsDatanode}
2023-08-25 08:54:43,375 [Time-limited test] INFO  server.AbstractConnector (AbstractConnector.java:doStop(383)) - Stopped ServerConnector@26d84f4b{HTTP/1.1, (http/1.1)}{0.0.0.0:15292}
2023-08-25 08:54:43,375 [Time-limited test] INFO  server.session (HouseKeeper.java:stopScavenging(149)) - node0 Stopped scavenging
2023-08-25 08:54:43,375 [Time-limited test] INFO  handler.ContextHandler (ContextHandler.java:doStop(1159)) - Stopped o.e.j.s.ServletContextHandler@31c3df30{static,/static,jar:file:/home/runner/.m2/repository/org/apache/ozone/hdds-container-service/1.4.0-SNAPSHOT/hdds-container-service-1.4.0-SNAPSHOT.jar!/webapps/static,STOPPED}
2023-08-25 08:54:43,376 [Time-limited test] INFO  handler.ContextHandler (ContextHandler.java:doStop(1159)) - Stopped o.e.j.s.ServletContextHandler@5c6474bf{logs,/logs,file:///home/runner/work/ozone/ozone/hadoop-ozone/integration-test/target/log,STOPPED}
2023-08-25 08:54:43,377 [Time-limited test] INFO  ozone.HddsDatanodeClientProtocolServer (HddsDatanodeClientProtocolServer.java:stop(78)) - Stopping the RPC server for Client Protocol
2023-08-25 08:54:43,377 [Time-limited test] INFO  ipc.Server (Server.java:stop(3523)) - Stopping server on 15293
2023-08-25 08:54:43,382 [IPC Server listener on 15293] INFO  ipc.Server (Server.java:run(1434)) - Stopping IPC Server listener on 15293
2023-08-25 08:54:43,382 [IPC Server Responder] INFO  ipc.Server (Server.java:run(1567)) - Stopping IPC Server Responder
2023-08-25 08:54:43,785 [ForkJoinPool.commonPool-worker-3] INFO  utils.DatanodeStoreCache (DatanodeStoreCache.java:shutdownCache(110)) - Skip clearing cache in mini cluster mode. Entries left: [/home/runner/work/ozone/ozone/hadoop-ozone/integration-test/target/test-dir/MiniOzoneClusterImpl-e7e10417-51b4-42c5-96ae-91e23fec58ac/datanode-1/data-0/containers/hdds/e7e10417-51b4-42c5-96ae-91e23fec58ac/DS-5ac739ad-2dde-48c9-b5a0-ed8c3de309f2/container.db, /home/runner/work/ozone/ozone/hadoop-ozone/integration-test/target/test-dir/MiniOzoneClusterImpl-e7e10417-51b4-42c5-96ae-91e23fec58ac/datanode-3/data-0/containers/hdds/e7e10417-51b4-42c5-96ae-91e23fec58ac/DS-9e4d7e1f-8dfe-407e-b566-cabaf96d49ca/container.db, /home/runner/work/ozone/ozone/hadoop-ozone/integration-test/target/test-dir/MiniOzoneClusterImpl-e7e10417-51b4-42c5-96ae-91e23fec58ac/datanode-4/data-0/containers/hdds/e7e10417-51b4-42c5-96ae-91e23fec58ac/DS-89642e80-5203-4dea-9c82-d2b02e0ce703/container.db]
2023-08-25 08:54:43,789 [ForkJoinPool.commonPool-worker-3] INFO  utils.DatanodeStoreCache (DatanodeStoreCache.java:removeDB(104)) - Removed db /home/runner/work/ozone/ozone/hadoop-ozone/integration-test/target/test-dir/MiniOzoneClusterImpl-e7e10417-51b4-42c5-96ae-91e23fec58ac/datanode-3/data-0/containers/hdds/e7e10417-51b4-42c5-96ae-91e23fec58ac/DS-9e4d7e1f-8dfe-407e-b566-cabaf96d49ca/container.db from cache
2023-08-25 08:54:43,789 [ForkJoinPool.commonPool-worker-3] INFO  volume.HddsVolume (HddsVolume.java:closeDbStore(453)) - SchemaV3 db is stopped at /home/runner/work/ozone/ozone/hadoop-ozone/integration-test/target/test-dir/MiniOzoneClusterImpl-e7e10417-51b4-42c5-96ae-91e23fec58ac/datanode-3/data-0/containers/hdds/e7e10417-51b4-42c5-96ae-91e23fec58ac/DS-9e4d7e1f-8dfe-407e-b566-cabaf96d49ca/container.db for volume DS-9e4d7e1f-8dfe-407e-b566-cabaf96d49ca
2023-08-25 08:54:43,789 [ForkJoinPool.commonPool-worker-3] INFO  utils.BackgroundService (BackgroundService.java:shutdown(141)) - Shutting down service BlockDeletingService
2023-08-25 08:54:43,790 [ForkJoinPool.commonPool-worker-3] INFO  utils.BackgroundService (BackgroundService.java:shutdown(141)) - Shutting down service StaleRecoveringContainerScrubbingService
2023-08-25 08:54:43,792 [ForkJoinPool.commonPool-worker-3] INFO  statemachine.DatanodeStateMachine (DatanodeStateMachine.java:stopDaemon(620)) - Ozone container server stopped.
2023-08-25 08:54:43,811 [ForkJoinPool.commonPool-worker-3] INFO  handler.ContextHandler (ContextHandler.java:doStop(1159)) - Stopped o.e.j.w.WebAppContext@8e42c69{hddsDatanode,/,null,STOPPED}{jar:file:/home/runner/.m2/repository/org/apache/ozone/hdds-container-service/1.4.0-SNAPSHOT/hdds-container-service-1.4.0-SNAPSHOT.jar!/webapps/hddsDatanode}
2023-08-25 08:54:43,812 [ForkJoinPool.commonPool-worker-3] INFO  server.AbstractConnector (AbstractConnector.java:doStop(383)) - Stopped ServerConnector@3ac2d98c{HTTP/1.1, (http/1.1)}{0.0.0.0:15301}
2023-08-25 08:54:43,813 [ForkJoinPool.commonPool-worker-3] INFO  server.session (HouseKeeper.java:stopScavenging(149)) - node0 Stopped scavenging
2023-08-25 08:54:43,817 [ForkJoinPool.commonPool-worker-3] INFO  handler.ContextHandler (ContextHandler.java:doStop(1159)) - Stopped o.e.j.s.ServletContextHandler@18c0a1ae{static,/static,jar:file:/home/runner/.m2/repository/org/apache/ozone/hdds-container-service/1.4.0-SNAPSHOT/hdds-container-service-1.4.0-SNAPSHOT.jar!/webapps/static,STOPPED}
2023-08-25 08:54:43,817 [ForkJoinPool.commonPool-worker-3] INFO  handler.ContextHandler (ContextHandler.java:doStop(1159)) - Stopped o.e.j.s.ServletContextHandler@57e1f8a9{logs,/logs,file:///home/runner/work/ozone/ozone/hadoop-ozone/integration-test/target/log,STOPPED}
2023-08-25 08:54:43,818 [ForkJoinPool.commonPool-worker-3] INFO  ozone.HddsDatanodeClientProtocolServer (HddsDatanodeClientProtocolServer.java:stop(78)) - Stopping the RPC server for Client Protocol
2023-08-25 08:54:43,818 [ForkJoinPool.commonPool-worker-3] INFO  ipc.Server (Server.java:stop(3523)) - Stopping server on 15302
2023-08-25 08:54:43,820 [IPC Server listener on 15302] INFO  ipc.Server (Server.java:run(1434)) - Stopping IPC Server listener on 15302
2023-08-25 08:54:43,820 [IPC Server Responder] INFO  ipc.Server (Server.java:run(1567)) - Stopping IPC Server Responder
2023-08-25 08:54:44,064 [EventQueue-StaleNodeForStaleNodeHandler] INFO  node.StaleNodeHandler (StaleNodeHandler.java:onMessage(58)) - Datanode c232c302-4b44-4a08-8d69-5010a6de413a(fv-az584-689.msjcyvhqqs1uvpg4fm53wptgqc.jx.internal.cloudapp.net/10.1.0.19) moved to stale state. Finalizing its pipelines [PipelineID=27723df0-f849-46c1-951c-ace5127591c6]
2023-08-25 08:54:44,065 [EventQueue-StaleNodeForStaleNodeHandler] INFO  pipeline.PipelineManagerImpl (PipelineManagerImpl.java:closePipeline(529)) - Pipeline Pipeline[ Id: 27723df0-f849-46c1-951c-ace5127591c6, Nodes: c232c302-4b44-4a08-8d69-5010a6de413a(fv-az584-689.msjcyvhqqs1uvpg4fm53wptgqc.jx.internal.cloudapp.net/10.1.0.19), ReplicationConfig: RATIS/ONE, State:OPEN, leaderId:c232c302-4b44-4a08-8d69-5010a6de413a, CreationTimestamp2023-08-25T08:54:13.542Z[Etc/UTC]] moved to CLOSED state
2023-08-25 08:54:44,065 [EventQueue-StaleNodeForStaleNodeHandler] INFO  node.StaleNodeHandler (StaleNodeHandler.java:onMessage(58)) - Datanode d44cbbb4-6878-45fc-b8ff-9a9a6a2d2fa6(fv-az584-689.msjcyvhqqs1uvpg4fm53wptgqc.jx.internal.cloudapp.net/10.1.0.19) moved to stale state. Finalizing its pipelines [PipelineID=08aa62b6-d846-41b2-a18e-066ded60c3ab]
2023-08-25 08:54:44,065 [EventQueue-StaleNodeForStaleNodeHandler] INFO  pipeline.PipelineManagerImpl (PipelineManagerImpl.java:closePipeline(529)) - Pipeline Pipeline[ Id: 08aa62b6-d846-41b2-a18e-066ded60c3ab, Nodes: d44cbbb4-6878-45fc-b8ff-9a9a6a2d2fa6(fv-az584-689.msjcyvhqqs1uvpg4fm53wptgqc.jx.internal.cloudapp.net/10.1.0.19), ReplicationConfig: RATIS/ONE, State:OPEN, leaderId:d44cbbb4-6878-45fc-b8ff-9a9a6a2d2fa6, CreationTimestamp2023-08-25T08:54:12.826Z[Etc/UTC]] moved to CLOSED state
2023-08-25 08:54:44,065 [EventQueue-StaleNodeForStaleNodeHandler] INFO  node.StaleNodeHandler (StaleNodeHandler.java:onMessage(58)) - Datanode 8c499c0a-8bdd-4b02-9c6d-bb3555d01e53(fv-az584-689.msjcyvhqqs1uvpg4fm53wptgqc.jx.internal.cloudapp.net/10.1.0.19) moved to stale state. Finalizing its pipelines [PipelineID=54a51d35-56ed-4aca-be5f-703fb21acdd3]
2023-08-25 08:54:44,066 [EventQueue-StaleNodeForStaleNodeHandler] INFO  pipeline.PipelineManagerImpl (PipelineManagerImpl.java:closePipeline(529)) - Pipeline Pipeline[ Id: 54a51d35-56ed-4aca-be5f-703fb21acdd3, Nodes: 8c499c0a-8bdd-4b02-9c6d-bb3555d01e53(fv-az584-689.msjcyvhqqs1uvpg4fm53wptgqc.jx.internal.cloudapp.net/10.1.0.19), ReplicationConfig: RATIS/ONE, State:OPEN, leaderId:8c499c0a-8bdd-4b02-9c6d-bb3555d01e53, CreationTimestamp2023-08-25T08:54:13.184Z[Etc/UTC]] moved to CLOSED state
2023-08-25 08:54:44,069 [ForkJoinPool.commonPool-worker-1] INFO  utils.DatanodeStoreCache (DatanodeStoreCache.java:shutdownCache(110)) - Skip clearing cache in mini cluster mode. Entries left: [/home/runner/work/ozone/ozone/hadoop-ozone/integration-test/target/test-dir/MiniOzoneClusterImpl-e7e10417-51b4-42c5-96ae-91e23fec58ac/datanode-1/data-0/containers/hdds/e7e10417-51b4-42c5-96ae-91e23fec58ac/DS-5ac739ad-2dde-48c9-b5a0-ed8c3de309f2/container.db, /home/runner/work/ozone/ozone/hadoop-ozone/integration-test/target/test-dir/MiniOzoneClusterImpl-e7e10417-51b4-42c5-96ae-91e23fec58ac/datanode-4/data-0/containers/hdds/e7e10417-51b4-42c5-96ae-91e23fec58ac/DS-89642e80-5203-4dea-9c82-d2b02e0ce703/container.db]
2023-08-25 08:54:44,072 [ForkJoinPool.commonPool-worker-1] INFO  utils.DatanodeStoreCache (DatanodeStoreCache.java:removeDB(104)) - Removed db /home/runner/work/ozone/ozone/hadoop-ozone/integration-test/target/test-dir/MiniOzoneClusterImpl-e7e10417-51b4-42c5-96ae-91e23fec58ac/datanode-1/data-0/containers/hdds/e7e10417-51b4-42c5-96ae-91e23fec58ac/DS-5ac739ad-2dde-48c9-b5a0-ed8c3de309f2/container.db from cache
2023-08-25 08:54:44,072 [ForkJoinPool.commonPool-worker-1] INFO  volume.HddsVolume (HddsVolume.java:closeDbStore(453)) - SchemaV3 db is stopped at /home/runner/work/ozone/ozone/hadoop-ozone/integration-test/target/test-dir/MiniOzoneClusterImpl-e7e10417-51b4-42c5-96ae-91e23fec58ac/datanode-1/data-0/containers/hdds/e7e10417-51b4-42c5-96ae-91e23fec58ac/DS-5ac739ad-2dde-48c9-b5a0-ed8c3de309f2/container.db for volume DS-5ac739ad-2dde-48c9-b5a0-ed8c3de309f2
2023-08-25 08:54:44,073 [ForkJoinPool.commonPool-worker-1] INFO  utils.BackgroundService (BackgroundService.java:shutdown(141)) - Shutting down service BlockDeletingService
2023-08-25 08:54:44,073 [ForkJoinPool.commonPool-worker-1] INFO  utils.BackgroundService (BackgroundService.java:shutdown(141)) - Shutting down service StaleRecoveringContainerScrubbingService
2023-08-25 08:54:44,073 [ForkJoinPool.commonPool-worker-1] INFO  statemachine.DatanodeStateMachine (DatanodeStateMachine.java:stopDaemon(620)) - Ozone container server stopped.
2023-08-25 08:54:44,075 [ReplicationMonitor] INFO  replication.ReplicationManager (ReplicationManager.java:processAll(389)) - Replication Monitor Thread took 0 milliseconds for processing 1 containers.
2023-08-25 08:54:44,087 [ForkJoinPool.commonPool-worker-1] INFO  handler.ContextHandler (ContextHandler.java:doStop(1159)) - Stopped o.e.j.w.WebAppContext@6c4b531e{hddsDatanode,/,null,STOPPED}{jar:file:/home/runner/.m2/repository/org/apache/ozone/hdds-container-service/1.4.0-SNAPSHOT/hdds-container-service-1.4.0-SNAPSHOT.jar!/webapps/hddsDatanode}
2023-08-25 08:54:44,087 [ForkJoinPool.commonPool-worker-1] INFO  server.AbstractConnector (AbstractConnector.java:doStop(383)) - Stopped ServerConnector@52e0ac74{HTTP/1.1, (http/1.1)}{0.0.0.0:15283}
2023-08-25 08:54:44,087 [ForkJoinPool.commonPool-worker-1] INFO  server.session (HouseKeeper.java:stopScavenging(149)) - node0 Stopped scavenging
2023-08-25 08:54:44,087 [ForkJoinPool.commonPool-worker-1] INFO  handler.ContextHandler (ContextHandler.java:doStop(1159)) - Stopped o.e.j.s.ServletContextHandler@147d289b{static,/static,jar:file:/home/runner/.m2/repository/org/apache/ozone/hdds-container-service/1.4.0-SNAPSHOT/hdds-container-service-1.4.0-SNAPSHOT.jar!/webapps/static,STOPPED}
2023-08-25 08:54:44,087 [ForkJoinPool.commonPool-worker-1] INFO  handler.ContextHandler (ContextHandler.java:doStop(1159)) - Stopped o.e.j.s.ServletContextHandler@ce029be{logs,/logs,file:///home/runner/work/ozone/ozone/hadoop-ozone/integration-test/target/log,STOPPED}
2023-08-25 08:54:44,088 [ForkJoinPool.commonPool-worker-1] INFO  ozone.HddsDatanodeClientProtocolServer (HddsDatanodeClientProtocolServer.java:stop(78)) - Stopping the RPC server for Client Protocol
2023-08-25 08:54:44,088 [ForkJoinPool.commonPool-worker-1] INFO  ipc.Server (Server.java:stop(3523)) - Stopping server on 15284
2023-08-25 08:54:44,089 [IPC Server listener on 15284] INFO  ipc.Server (Server.java:run(1434)) - Stopping IPC Server listener on 15284
2023-08-25 08:54:44,089 [IPC Server Responder] INFO  ipc.Server (Server.java:run(1567)) - Stopping IPC Server Responder
2023-08-25 08:54:44,120 [ForkJoinPool.commonPool-worker-2] INFO  utils.DatanodeStoreCache (DatanodeStoreCache.java:shutdownCache(110)) - Skip clearing cache in mini cluster mode. Entries left: [/home/runner/work/ozone/ozone/hadoop-ozone/integration-test/target/test-dir/MiniOzoneClusterImpl-e7e10417-51b4-42c5-96ae-91e23fec58ac/datanode-4/data-0/containers/hdds/e7e10417-51b4-42c5-96ae-91e23fec58ac/DS-89642e80-5203-4dea-9c82-d2b02e0ce703/container.db]
2023-08-25 08:54:44,124 [ForkJoinPool.commonPool-worker-2] INFO  utils.DatanodeStoreCache (DatanodeStoreCache.java:removeDB(104)) - Removed db /home/runner/work/ozone/ozone/hadoop-ozone/integration-test/target/test-dir/MiniOzoneClusterImpl-e7e10417-51b4-42c5-96ae-91e23fec58ac/datanode-4/data-0/containers/hdds/e7e10417-51b4-42c5-96ae-91e23fec58ac/DS-89642e80-5203-4dea-9c82-d2b02e0ce703/container.db from cache
2023-08-25 08:54:44,124 [ForkJoinPool.commonPool-worker-2] INFO  volume.HddsVolume (HddsVolume.java:closeDbStore(453)) - SchemaV3 db is stopped at /home/runner/work/ozone/ozone/hadoop-ozone/integration-test/target/test-dir/MiniOzoneClusterImpl-e7e10417-51b4-42c5-96ae-91e23fec58ac/datanode-4/data-0/containers/hdds/e7e10417-51b4-42c5-96ae-91e23fec58ac/DS-89642e80-5203-4dea-9c82-d2b02e0ce703/container.db for volume DS-89642e80-5203-4dea-9c82-d2b02e0ce703
2023-08-25 08:54:44,124 [ForkJoinPool.commonPool-worker-2] INFO  utils.BackgroundService (BackgroundService.java:shutdown(141)) - Shutting down service BlockDeletingService
2023-08-25 08:54:44,125 [ForkJoinPool.commonPool-worker-2] INFO  utils.BackgroundService (BackgroundService.java:shutdown(141)) - Shutting down service StaleRecoveringContainerScrubbingService
2023-08-25 08:54:44,125 [ForkJoinPool.commonPool-worker-2] INFO  statemachine.DatanodeStateMachine (DatanodeStateMachine.java:stopDaemon(620)) - Ozone container server stopped.
2023-08-25 08:54:44,136 [ForkJoinPool.commonPool-worker-2] INFO  handler.ContextHandler (ContextHandler.java:doStop(1159)) - Stopped o.e.j.w.WebAppContext@37bdc574{hddsDatanode,/,null,STOPPED}{jar:file:/home/runner/.m2/repository/org/apache/ozone/hdds-container-service/1.4.0-SNAPSHOT/hdds-container-service-1.4.0-SNAPSHOT.jar!/webapps/hddsDatanode}
2023-08-25 08:54:44,138 [ForkJoinPool.commonPool-worker-2] INFO  server.AbstractConnector (AbstractConnector.java:doStop(383)) - Stopped ServerConnector@1394eba{HTTP/1.1, (http/1.1)}{0.0.0.0:15310}
2023-08-25 08:54:44,138 [ForkJoinPool.commonPool-worker-2] INFO  server.session (HouseKeeper.java:stopScavenging(149)) - node0 Stopped scavenging
2023-08-25 08:54:44,139 [ForkJoinPool.commonPool-worker-2] INFO  handler.ContextHandler (ContextHandler.java:doStop(1159)) - Stopped o.e.j.s.ServletContextHandler@4d11e909{static,/static,jar:file:/home/runner/.m2/repository/org/apache/ozone/hdds-container-service/1.4.0-SNAPSHOT/hdds-container-service-1.4.0-SNAPSHOT.jar!/webapps/static,STOPPED}
2023-08-25 08:54:44,139 [ForkJoinPool.commonPool-worker-2] INFO  handler.ContextHandler (ContextHandler.java:doStop(1159)) - Stopped o.e.j.s.ServletContextHandler@da0a2de{logs,/logs,file:///home/runner/work/ozone/ozone/hadoop-ozone/integration-test/target/log,STOPPED}
2023-08-25 08:54:44,139 [ForkJoinPool.commonPool-worker-2] INFO  ozone.HddsDatanodeClientProtocolServer (HddsDatanodeClientProtocolServer.java:stop(78)) - Stopping the RPC server for Client Protocol
2023-08-25 08:54:44,139 [ForkJoinPool.commonPool-worker-2] INFO  ipc.Server (Server.java:stop(3523)) - Stopping server on 15311
2023-08-25 08:54:44,140 [IPC Server listener on 15311] INFO  ipc.Server (Server.java:run(1434)) - Stopping IPC Server listener on 15311
2023-08-25 08:54:44,140 [IPC Server Responder] INFO  ipc.Server (Server.java:run(1567)) - Stopping IPC Server Responder
2023-08-25 08:54:44,143 [Time-limited test] INFO  ozone.MiniOzoneClusterImpl (MiniOzoneClusterImpl.java:stopSCM(543)) - Stopping the StorageContainerManager
2023-08-25 08:54:44,143 [Time-limited test] INFO  server.StorageContainerManager (StorageContainerManager.java:stop(1591)) - Container Balancer is not running.
2023-08-25 08:54:44,143 [Time-limited test] INFO  server.StorageContainerManager (StorageContainerManager.java:stopReplicationManager(1724)) - Stopping Replication Manager Service.
2023-08-25 08:54:44,143 [Time-limited test] INFO  replication.ReplicationManager (ReplicationManager.java:stop(319)) - Stopping Replication Monitor Thread.
2023-08-25 08:54:44,143 [Time-limited test] INFO  server.StorageContainerManager (StorageContainerManager.java:stop(1600)) - Stopping the Datanode Admin Monitor.
2023-08-25 08:54:44,143 [Under Replicated Processor] WARN  replication.UnhealthyReplicationProcessor (UnhealthyReplicationProcessor.java:run(180)) - Under Replicated Processor interrupted. Exiting...
2023-08-25 08:54:44,143 [Over Replicated Processor] WARN  replication.UnhealthyReplicationProcessor (UnhealthyReplicationProcessor.java:run(180)) - Over Replicated Processor interrupted. Exiting...
2023-08-25 08:54:44,144 [ReplicationMonitor] INFO  replication.ReplicationManager (ReplicationManager.java:run(917)) - Replication Monitor Thread is stopped
2023-08-25 08:54:44,143 [Time-limited test] INFO  server.StorageContainerManager (StorageContainerManager.java:stop(1607)) - Stopping datanode service RPC server
2023-08-25 08:54:44,144 [Time-limited test] INFO  server.SCMDatanodeProtocolServer (SCMDatanodeProtocolServer.java:stop(424)) - Stopping the RPC server for DataNodes
2023-08-25 08:54:44,144 [Time-limited test] INFO  ipc.Server (Server.java:stop(3523)) - Stopping server on 15267
2023-08-25 08:54:44,146 [IPC Server Responder] INFO  ipc.Server (Server.java:run(1567)) - Stopping IPC Server Responder
2023-08-25 08:54:44,146 [IPC Server listener on 15267] INFO  ipc.Server (Server.java:run(1434)) - Stopping IPC Server listener on 15267
2023-08-25 08:54:44,164 [SCM Heartbeat Processing Thread - 0] WARN  node.NodeStateManager (NodeStateManager.java:scheduleNextHealthCheck(874)) - Current Thread is interrupted, shutting down HB processing thread for Node Manager.
2023-08-25 08:54:44,164 [EventQueue-StaleNodeForStaleNodeHandler] INFO  node.StaleNodeHandler (StaleNodeHandler.java:onMessage(58)) - Datanode 24b07fc1-f78a-4d5b-922d-a3de9c19b3d1(fv-az584-689.msjcyvhqqs1uvpg4fm53wptgqc.jx.internal.cloudapp.net/10.1.0.19) moved to stale state. Finalizing its pipelines [PipelineID=ffb47fc5-3bfc-412f-9bbc-5be05364f447]
2023-08-25 08:54:44,165 [Time-limited test] INFO  server.StorageContainerManager (StorageContainerManager.java:stop(1615)) - Stopping block service RPC server
2023-08-25 08:54:44,165 [Time-limited test] INFO  server.SCMBlockProtocolServer (SCMBlockProtocolServer.java:stop(161)) - Stopping the RPC server for Block Protocol
2023-08-25 08:54:44,165 [Time-limited test] INFO  ipc.Server (Server.java:stop(3523)) - Stopping server on 15266
2023-08-25 08:54:44,165 [EventQueue-StaleNodeForStaleNodeHandler] INFO  pipeline.PipelineManagerImpl (PipelineManagerImpl.java:closePipeline(529)) - Pipeline Pipeline[ Id: ffb47fc5-3bfc-412f-9bbc-5be05364f447, Nodes: 24b07fc1-f78a-4d5b-922d-a3de9c19b3d1(fv-az584-689.msjcyvhqqs1uvpg4fm53wptgqc.jx.internal.cloudapp.net/10.1.0.19), ReplicationConfig: RATIS/ONE, State:OPEN, leaderId:24b07fc1-f78a-4d5b-922d-a3de9c19b3d1, CreationTimestamp2023-08-25T08:54:13.889Z[Etc/UTC]] moved to CLOSED state
2023-08-25 08:54:44,167 [IPC Server listener on 15266] INFO  ipc.Server (Server.java:run(1434)) - Stopping IPC Server listener on 15266
2023-08-25 08:54:44,168 [IPC Server Responder] INFO  ipc.Server (Server.java:run(1567)) - Stopping IPC Server Responder
2023-08-25 08:54:44,168 [Time-limited test] INFO  server.StorageContainerManager (StorageContainerManager.java:stop(1622)) - Stopping the StorageContainerLocationProtocol RPC server
2023-08-25 08:54:44,168 [Time-limited test] INFO  server.SCMClientProtocolServer (SCMClientProtocolServer.java:stop(210)) - Stopping the RPC server for Client Protocol
2023-08-25 08:54:44,168 [Time-limited test] INFO  ipc.Server (Server.java:stop(3523)) - Stopping server on 15265
2023-08-25 08:54:44,171 [IPC Server Responder] INFO  ipc.Server (Server.java:run(1567)) - Stopping IPC Server Responder
2023-08-25 08:54:44,171 [IPC Server listener on 15265] INFO  ipc.Server (Server.java:run(1434)) - Stopping IPC Server listener on 15265
2023-08-25 08:54:44,172 [Time-limited test] INFO  server.StorageContainerManager (StorageContainerManager.java:stop(1629)) - Stopping Storage Container Manager HTTP server.
2023-08-25 08:54:44,172 [Time-limited test] INFO  handler.ContextHandler (ContextHandler.java:doStop(1159)) - Stopped o.e.j.w.WebAppContext@28adf9ef{scm,/,null,STOPPED}{file:/home/runner/work/ozone/ozone/hadoop-ozone/integration-test/target/test-classes/webapps/scm}
2023-08-25 08:54:44,173 [Time-limited test] INFO  server.AbstractConnector (AbstractConnector.java:doStop(383)) - Stopped ServerConnector@4c397bb0{HTTP/1.1, (http/1.1)}{0.0.0.0:15268}
2023-08-25 08:54:44,173 [Time-limited test] INFO  server.session (HouseKeeper.java:stopScavenging(149)) - node0 Stopped scavenging
2023-08-25 08:54:44,173 [Time-limited test] INFO  handler.ContextHandler (ContextHandler.java:doStop(1159)) - Stopped o.e.j.s.ServletContextHandler@16ecbb8c{static,/static,file:///home/runner/work/ozone/ozone/hadoop-ozone/integration-test/target/test-classes/webapps/static,STOPPED}
2023-08-25 08:54:44,173 [Time-limited test] INFO  handler.ContextHandler (ContextHandler.java:doStop(1159)) - Stopped o.e.j.s.ServletContextHandler@2bca0a4b{logs,/logs,file:///home/runner/work/ozone/ozone/hadoop-ozone/integration-test/target/log,STOPPED}
2023-08-25 08:54:44,177 [Time-limited test] INFO  server.StorageContainerManager (StorageContainerManager.java:stop(1637)) - Stopping SCM LayoutVersionManager Service.
2023-08-25 08:54:44,177 [Time-limited test] INFO  server.StorageContainerManager (StorageContainerManager.java:stop(1649)) - Stopping Block Manager Service.
2023-08-25 08:54:44,177 [Time-limited test] INFO  utils.BackgroundService (BackgroundService.java:shutdown(141)) - Shutting down service SCMBlockDeletingService
2023-08-25 08:54:44,178 [Time-limited test] INFO  utils.BackgroundService (BackgroundService.java:shutdown(141)) - Shutting down service SCMBlockDeletingService
2023-08-25 08:54:44,178 [Time-limited test] INFO  server.StorageContainerManager (StorageContainerManager.java:stop(1669)) - Stopping SCM Event Queue.
2023-08-25 08:54:44,179 [JvmPauseMonitor35] INFO  util.JvmPauseMonitor (JvmPauseMonitor.java:run(109)) - JvmPauseMonitor-d85e7978-b190-451c-9332-ba5d2fc5255d: Stopped
2023-08-25 08:54:44,179 [Time-limited test] INFO  server.StorageContainerManager (StorageContainerManager.java:stop(1680)) - Stopping SCM HA services.
2023-08-25 08:54:44,179 [Time-limited test] INFO  pipeline.BackgroundPipelineCreator (BackgroundPipelineCreator.java:stop(149)) - Stopping RatisPipelineUtilsThread.
2023-08-25 08:54:44,180 [RatisPipelineUtilsThread - 0] WARN  pipeline.BackgroundPipelineCreator (BackgroundPipelineCreator.java:run(180)) - RatisPipelineUtilsThread is interrupted.
2023-08-25 08:54:44,180 [BackgroundPipelineScrubberThread] WARN  BackgroundPipelineScrubber (BackgroundSCMService.java:run(115)) - BackgroundPipelineScrubber is interrupted, exit
2023-08-25 08:54:44,180 [Time-limited test] INFO  BackgroundPipelineScrubber (BackgroundSCMService.java:stop(131)) - Stopping BackgroundPipelineScrubber Service.
2023-08-25 08:54:44,180 [Time-limited test] INFO  impl.MetricsSystemImpl (MetricsSystemImpl.java:stop(210)) - Stopping HddsDatanode metrics system...
2023-08-25 08:54:44,182 [prometheus] INFO  impl.MetricsSinkAdapter (MetricsSinkAdapter.java:publishMetricsFromQueue(141)) - prometheus thread interrupted.
2023-08-25 08:54:44,185 [Time-limited test] INFO  impl.MetricsSystemImpl (MetricsSystemImpl.java:stop(216)) - HddsDatanode metrics system stopped.
2023-08-25 08:54:44,185 [Time-limited test] WARN  pipeline.BackgroundPipelineCreator (BackgroundPipelineCreator.java:stop(145)) - RatisPipelineUtilsThread is not running, just ignore.
2023-08-25 08:54:44,185 [Time-limited test] INFO  BackgroundPipelineScrubber (BackgroundSCMService.java:stop(126)) - BackgroundPipelineScrubber Service is not running, skip stop.
2023-08-25 08:54:44,185 [Time-limited test] INFO  ExpiredContainerReplicaOpScrubber (BackgroundSCMService.java:stop(131)) - Stopping ExpiredContainerReplicaOpScrubber Service.
2023-08-25 08:54:44,185 [ExpiredContainerReplicaOpScrubberThread] WARN  ExpiredContainerReplicaOpScrubber (BackgroundSCMService.java:run(115)) - ExpiredContainerReplicaOpScrubber is interrupted, exit
2023-08-25 08:54:44,185 [Time-limited test] INFO  utils.BackgroundService (BackgroundService.java:shutdown(141)) - Shutting down service SCMBlockDeletingService
2023-08-25 08:54:44,185 [Time-limited test] INFO  replication.ReplicationManager (ReplicationManager.java:stop(329)) - Replication Monitor Thread is not running.
2023-08-25 08:54:44,185 [Time-limited test] WARN  balancer.ContainerBalancer (ContainerBalancer.java:stop(326)) - Cannot stop Container Balancer because it's not running or stopping
2023-08-25 08:54:44,185 [Lease Manager-LeaseManager#LeaseMonitor] WARN  lease.LeaseManager (LeaseManager.java:run(272)) - Lease manager is interrupted. Shutting down...
java.lang.InterruptedException
	at java.util.concurrent.locks.AbstractQueuedSynchronizer.doAcquireSharedNanos(AbstractQueuedSynchronizer.java:1039)
	at java.util.concurrent.locks.AbstractQueuedSynchronizer.tryAcquireSharedNanos(AbstractQueuedSynchronizer.java:1328)
	at java.util.concurrent.Semaphore.tryAcquire(Semaphore.java:409)
	at org.apache.hadoop.ozone.lease.LeaseManager$LeaseMonitor.run(LeaseManager.java:270)
	at java.lang.Thread.run(Thread.java:750)
2023-08-25 08:54:44,185 [Time-limited test] INFO  server.StorageContainerManager (StorageContainerManager.java:stop(1715)) - Stopping SCM MetadataStore.
]]></system-out>
  </testcase>
</testsuite>