<?xml version="1.0" encoding="UTF-8"?>
<testsuite xmlns:xsi="http://www.w3.org/2001/XMLSchema-instance" xsi:noNamespaceSchemaLocation="https://maven.apache.org/surefire/maven-surefire-plugin/xsd/surefire-test-report-3.0.xsd" version="3.0" name="org.apache.hadoop.hdds.scm.node.TestQueryNode" time="76.373" tests="3" errors="1" skipped="0" failures="0">
  <properties>
    <property name="java.specification.version" value="17"/>
    <property name="sun.jnu.encoding" value="UTF-8"/>
    <property name="java.class.path" value="/home/runner/work/ozone/ozone/hadoop-ozone/integration-test/target/test-classes:/home/runner/work/ozone/ozone/hadoop-ozone/integration-test/target/classes:/home/runner/work/ozone/ozone/hadoop-ozone/common/target/ozone-common-2.0.0-SNAPSHOT.jar:/home/runner/.m2/repository/io/grpc/grpc-netty/1.58.0/grpc-netty-1.58.0.jar:/home/runner/.m2/repository/io/grpc/grpc-core/1.58.0/grpc-core-1.58.0.jar:/home/runner/.m2/repository/com/google/android/annotations/4.1.1.4/annotations-4.1.1.4.jar:/home/runner/.m2/repository/org/codehaus/mojo/animal-sniffer-annotations/1.23/animal-sniffer-annotations-1.23.jar:/home/runner/.m2/repository/io/grpc/grpc-context/1.58.0/grpc-context-1.58.0.jar:/home/runner/.m2/repository/io/grpc/grpc-util/1.58.0/grpc-util-1.58.0.jar:/home/runner/.m2/repository/com/google/errorprone/error_prone_annotations/2.29.2/error_prone_annotations-2.29.2.jar:/home/runner/.m2/repository/io/perfmark/perfmark-api/0.26.0/perfmark-api-0.26.0.jar:/home/runner/.m2/repository/io/netty/netty-codec-http2/4.1.109.Final/netty-codec-http2-4.1.109.Final.jar:/home/runner/.m2/repository/io/netty/netty-codec-http/4.1.109.Final/netty-codec-http-4.1.109.Final.jar:/home/runner/.m2/repository/io/netty/netty-handler-proxy/4.1.109.Final/netty-handler-proxy-4.1.109.Final.jar:/home/runner/.m2/repository/io/netty/netty-codec-socks/4.1.109.Final/netty-codec-socks-4.1.109.Final.jar:/home/runner/.m2/repository/io/netty/netty-tcnative-boringssl-static/2.0.65.Final/netty-tcnative-boringssl-static-2.0.65.Final.jar:/home/runner/.m2/repository/io/netty/netty-tcnative-classes/2.0.65.Final/netty-tcnative-classes-2.0.65.Final.jar:/home/runner/.m2/repository/io/netty/netty-tcnative-boringssl-static/2.0.65.Final/netty-tcnative-boringssl-static-2.0.65.Final-linux-x86_64.jar:/home/runner/.m2/repository/io/netty/netty-tcnative-boringssl-static/2.0.65.Final/netty-tcnative-boringssl-static-2.0.65.Final-linux-aarch_64.jar:/home/runner/.m2/repository/io/netty/netty-tcnative-boringssl-static/2.0.65.Final/netty-tcnative-boringssl-static-2.0.65.Final-osx-x86_64.jar:/home/runner/.m2/repository/io/netty/netty-tcnative-boringssl-static/2.0.65.Final/netty-tcnative-boringssl-static-2.0.65.Final-osx-aarch_64.jar:/home/runner/.m2/repository/io/netty/netty-tcnative-boringssl-static/2.0.65.Final/netty-tcnative-boringssl-static-2.0.65.Final-windows-x86_64.jar:/home/runner/.m2/repository/org/apache/commons/commons-compress/1.27.1/commons-compress-1.27.1.jar:/home/runner/work/ozone/ozone/hadoop-hdds/common/target/hdds-common-2.0.0-SNAPSHOT.jar:/home/runner/work/ozone/ozone/hadoop-hdds/client/target/hdds-client-2.0.0-SNAPSHOT.jar:/home/runner/work/ozone/ozone/hadoop-hdds/config/target/hdds-config-2.0.0-SNAPSHOT.jar:/home/runner/work/ozone/ozone/hadoop-hdds/interface-client/target/hdds-interface-client-2.0.0-SNAPSHOT.jar:/home/runner/.m2/repository/org/apache/hadoop/thirdparty/hadoop-shaded-protobuf_3_25/1.3.0/hadoop-shaded-protobuf_3_25-1.3.0.jar:/home/runner/work/ozone/ozone/hadoop-ozone/interface-client/target/ozone-interface-client-2.0.0-SNAPSHOT.jar:/home/runner/.m2/repository/org/apache/hadoop/hadoop-hdfs-client/3.4.1/hadoop-hdfs-client-3.4.1.jar:/home/runner/.m2/repository/org/apache/httpcomponents/httpclient/4.5.14/httpclient-4.5.14.jar:/home/runner/.m2/repository/org/apache/httpcomponents/httpcore/4.4.16/httpcore-4.4.16.jar:/home/runner/.m2/repository/org/apache/ratis/ratis-common/3.1.2/ratis-common-3.1.2.jar:/home/runner/.m2/repository/org/apache/ratis/ratis-proto/3.1.2/ratis-proto-3.1.2.jar:/home/runner/.m2/repository/org/apache/ratis/ratis-thirdparty-misc/1.0.6/ratis-thirdparty-misc-1.0.6.jar:/home/runner/.m2/repository/org/slf4j/slf4j-api/2.0.16/slf4j-api-2.0.16.jar:/home/runner/.m2/repository/com/fasterxml/jackson/core/jackson-annotations/2.16.2/jackson-annotations-2.16.2.jar:/home/runner/.m2/repository/com/fasterxml/jackson/core/jackson-databind/2.16.2/jackson-databind-2.16.2.jar:/home/runner/.m2/repository/com/github/stephenc/jcip/jcip-annotations/1.0-1/jcip-annotations-1.0-1.jar:/home/runner/.m2/repository/com/google/guava/guava/32.1.3-jre/guava-32.1.3-jre.jar:/home/runner/.m2/repository/com/google/guava/failureaccess/1.0.1/failureaccess-1.0.1.jar:/home/runner/.m2/repository/com/google/guava/listenablefuture/9999.0-empty-to-avoid-conflict-with-guava/listenablefuture-9999.0-empty-to-avoid-conflict-with-guava.jar:/home/runner/.m2/repository/org/checkerframework/checker-qual/3.37.0/checker-qual-3.37.0.jar:/home/runner/.m2/repository/com/google/j2objc/j2objc-annotations/2.8/j2objc-annotations-2.8.jar:/home/runner/.m2/repository/com/google/protobuf/protobuf-java/2.5.0/protobuf-java-2.5.0.jar:/home/runner/.m2/repository/io/grpc/grpc-api/1.58.0/grpc-api-1.58.0.jar:/home/runner/.m2/repository/io/grpc/grpc-stub/1.58.0/grpc-stub-1.58.0.jar:/home/runner/.m2/repository/io/netty/netty-common/4.1.109.Final/netty-common-4.1.109.Final.jar:/home/runner/.m2/repository/io/netty/netty-handler/4.1.109.Final/netty-handler-4.1.109.Final.jar:/home/runner/.m2/repository/io/netty/netty-resolver/4.1.109.Final/netty-resolver-4.1.109.Final.jar:/home/runner/.m2/repository/jakarta/annotation/jakarta.annotation-api/2.1.1/jakarta.annotation-api-2.1.1.jar:/home/runner/work/ozone/ozone/hadoop-hdds/test-utils/target/hdds-test-utils-2.0.0-SNAPSHOT.jar:/home/runner/.m2/repository/commons-io/commons-io/2.18.0/commons-io-2.18.0.jar:/home/runner/.m2/repository/commons-logging/commons-logging/1.2/commons-logging-1.2.jar:/home/runner/.m2/repository/org/junit/jupiter/junit-jupiter-api/5.11.3/junit-jupiter-api-5.11.3.jar:/home/runner/.m2/repository/org/opentest4j/opentest4j/1.3.0/opentest4j-1.3.0.jar:/home/runner/.m2/repository/org/junit/platform/junit-platform-commons/1.11.3/junit-platform-commons-1.11.3.jar:/home/runner/.m2/repository/ch/qos/reload4j/reload4j/1.2.25/reload4j-1.2.25.jar:/home/runner/.m2/repository/org/apache/logging/log4j/log4j-api/2.24.2/log4j-api-2.24.2.jar:/home/runner/work/ozone/ozone/hadoop-hdds/server-scm/target/hdds-server-scm-2.0.0-SNAPSHOT.jar:/home/runner/work/ozone/ozone/hadoop-hdds/container-service/target/hdds-container-service-2.0.0-SNAPSHOT.jar:/home/runner/work/ozone/ozone/hadoop-hdds/hadoop-dependency-server/target/hdds-hadoop-dependency-server-2.0.0-SNAPSHOT.jar:/home/runner/.m2/repository/com/nimbusds/nimbus-jose-jwt/9.40/nimbus-jose-jwt-9.40.jar:/home/runner/.m2/repository/org/apache/hadoop/hadoop-hdfs/3.4.1/hadoop-hdfs-3.4.1.jar:/home/runner/.m2/repository/commons-daemon/commons-daemon/1.4.0/commons-daemon-1.4.0.jar:/home/runner/.m2/repository/org/apache/kerby/kerb-core/1.0.1/kerb-core-1.0.1.jar:/home/runner/.m2/repository/org/apache/kerby/kerby-pkix/1.0.1/kerby-pkix-1.0.1.jar:/home/runner/.m2/repository/org/apache/kerby/kerby-asn1/1.0.1/kerby-asn1-1.0.1.jar:/home/runner/.m2/repository/org/apache/kerby/kerb-util/1.0.1/kerb-util-1.0.1.jar:/home/runner/.m2/repository/org/apache/kerby/kerby-config/1.0.1/kerby-config-1.0.1.jar:/home/runner/.m2/repository/org/apache/kerby/kerb-crypto/1.0.1/kerb-crypto-1.0.1.jar:/home/runner/.m2/repository/org/xerial/snappy/snappy-java/1.1.10.7/snappy-java-1.1.10.7.jar:/home/runner/work/ozone/ozone/hadoop-hdds/interface-admin/target/hdds-interface-admin-2.0.0-SNAPSHOT.jar:/home/runner/work/ozone/ozone/hadoop-hdds/interface-server/target/hdds-interface-server-2.0.0-SNAPSHOT.jar:/home/runner/work/ozone/ozone/hadoop-hdds/framework/target/hdds-server-framework-2.0.0-SNAPSHOT.jar:/home/runner/.m2/repository/org/apache/ratis/ratis-client/3.1.2/ratis-client-3.1.2.jar:/home/runner/.m2/repository/org/apache/ratis/ratis-grpc/3.1.2/ratis-grpc-3.1.2.jar:/home/runner/.m2/repository/org/apache/ratis/ratis-netty/3.1.2/ratis-netty-3.1.2.jar:/home/runner/.m2/repository/org/apache/ratis/ratis-server-api/3.1.2/ratis-server-api-3.1.2.jar:/home/runner/.m2/repository/org/bouncycastle/bcpkix-jdk18on/1.79/bcpkix-jdk18on-1.79.jar:/home/runner/.m2/repository/org/bouncycastle/bcprov-jdk18on/1.79/bcprov-jdk18on-1.79.jar:/home/runner/.m2/repository/io/dropwizard/metrics/metrics-core/3.2.6/metrics-core-3.2.6.jar:/home/runner/.m2/repository/org/apache/commons/commons-text/1.12.0/commons-text-1.12.0.jar:/home/runner/.m2/repository/org/eclipse/jetty/jetty-webapp/9.4.56.v20240826/jetty-webapp-9.4.56.v20240826.jar:/home/runner/.m2/repository/org/eclipse/jetty/jetty-xml/9.4.56.v20240826/jetty-xml-9.4.56.v20240826.jar:/home/runner/.m2/repository/com/fasterxml/jackson/core/jackson-core/2.16.2/jackson-core-2.16.2.jar:/home/runner/.m2/repository/info/picocli/picocli/4.7.5/picocli-4.7.5.jar:/home/runner/.m2/repository/javax/servlet/javax.servlet-api/3.1.0/javax.servlet-api-3.1.0.jar:/home/runner/.m2/repository/commons-collections/commons-collections/3.2.2/commons-collections-3.2.2.jar:/home/runner/work/ozone/ozone/hadoop-hdds/framework/target/hdds-server-framework-2.0.0-SNAPSHOT-tests.jar:/home/runner/work/ozone/ozone/hadoop-hdds/managed-rocksdb/target/hdds-managed-rocksdb-2.0.0-SNAPSHOT.jar:/home/runner/.m2/repository/org/slf4j/slf4j-reload4j/2.0.16/slf4j-reload4j-2.0.16.jar:/home/runner/.m2/repository/org/apache/commons/commons-configuration2/2.11.0/commons-configuration2-2.11.0.jar:/home/runner/.m2/repository/commons-codec/commons-codec/1.17.1/commons-codec-1.17.1.jar:/home/runner/.m2/repository/commons-fileupload/commons-fileupload/1.5/commons-fileupload-1.5.jar:/home/runner/.m2/repository/commons-validator/commons-validator/1.6/commons-validator-1.6.jar:/home/runner/.m2/repository/commons-beanutils/commons-beanutils/1.9.4/commons-beanutils-1.9.4.jar:/home/runner/.m2/repository/commons-digester/commons-digester/1.8.1/commons-digester-1.8.1.jar:/home/runner/.m2/repository/org/apache/logging/log4j/log4j-core/2.24.2/log4j-core-2.24.2.jar:/home/runner/.m2/repository/com/lmax/disruptor/3.4.4/disruptor-3.4.4.jar:/home/runner/.m2/repository/org/eclipse/jetty/jetty-http/9.4.56.v20240826/jetty-http-9.4.56.v20240826.jar:/home/runner/.m2/repository/org/eclipse/jetty/jetty-io/9.4.56.v20240826/jetty-io-9.4.56.v20240826.jar:/home/runner/.m2/repository/org/eclipse/jetty/jetty-util/9.4.56.v20240826/jetty-util-9.4.56.v20240826.jar:/home/runner/.m2/repository/org/eclipse/jetty/jetty-server/9.4.56.v20240826/jetty-server-9.4.56.v20240826.jar:/home/runner/.m2/repository/org/eclipse/jetty/jetty-servlet/9.4.56.v20240826/jetty-servlet-9.4.56.v20240826.jar:/home/runner/.m2/repository/org/eclipse/jetty/jetty-security/9.4.56.v20240826/jetty-security-9.4.56.v20240826.jar:/home/runner/.m2/repository/org/eclipse/jetty/jetty-util-ajax/9.4.56.v20240826/jetty-util-ajax-9.4.56.v20240826.jar:/home/runner/.m2/repository/org/glassfish/jersey/core/jersey-server/2.45/jersey-server-2.45.jar:/home/runner/.m2/repository/org/glassfish/jersey/core/jersey-client/2.45/jersey-client-2.45.jar:/home/runner/.m2/repository/org/glassfish/jersey/containers/jersey-container-servlet-core/2.45/jersey-container-servlet-core-2.45.jar:/home/runner/.m2/repository/org/rocksdb/rocksdbjni/7.7.3/rocksdbjni-7.7.3.jar:/home/runner/.m2/repository/org/apache/ratis/ratis-metrics-api/3.1.2/ratis-metrics-api-3.1.2.jar:/home/runner/.m2/repository/org/apache/ratis/ratis-metrics-dropwizard3/3.1.2/ratis-metrics-dropwizard3-3.1.2.jar:/home/runner/.m2/repository/io/opentracing/opentracing-api/0.33.0/opentracing-api-0.33.0.jar:/home/runner/.m2/repository/io/prometheus/simpleclient/0.16.0/simpleclient-0.16.0.jar:/home/runner/.m2/repository/io/prometheus/simpleclient_dropwizard/0.16.0/simpleclient_dropwizard-0.16.0.jar:/home/runner/.m2/repository/io/prometheus/simpleclient_common/0.16.0/simpleclient_common-0.16.0.jar:/home/runner/.m2/repository/com/fasterxml/jackson/datatype/jackson-datatype-jsr310/2.16.2/jackson-datatype-jsr310-2.16.2.jar:/home/runner/.m2/repository/com/github/jnr/jnr-constants/0.10.4/jnr-constants-0.10.4.jar:/home/runner/.m2/repository/com/github/jnr/jnr-posix/3.1.20/jnr-posix-3.1.20.jar:/home/runner/.m2/repository/com/github/jnr/jnr-ffi/2.2.17/jnr-ffi-2.2.17.jar:/home/runner/.m2/repository/com/github/jnr/jffi/1.3.13/jffi-1.3.13.jar:/home/runner/.m2/repository/com/github/jnr/jffi/1.3.13/jffi-1.3.13-native.jar:/home/runner/.m2/repository/org/ow2/asm/asm/9.7.1/asm-9.7.1.jar:/home/runner/.m2/repository/org/ow2/asm/asm-commons/9.7.1/asm-commons-9.7.1.jar:/home/runner/.m2/repository/org/ow2/asm/asm-analysis/9.7.1/asm-analysis-9.7.1.jar:/home/runner/.m2/repository/org/ow2/asm/asm-tree/9.7.1/asm-tree-9.7.1.jar:/home/runner/.m2/repository/org/ow2/asm/asm-util/9.7.1/asm-util-9.7.1.jar:/home/runner/.m2/repository/com/github/jnr/jnr-a64asm/1.0.0/jnr-a64asm-1.0.0.jar:/home/runner/.m2/repository/com/github/jnr/jnr-x86asm/1.0.2/jnr-x86asm-1.0.2.jar:/home/runner/.m2/repository/com/google/code/gson/gson/2.10.1/gson-2.10.1.jar:/home/runner/work/ozone/ozone/hadoop-hdds/rocksdb-checkpoint-differ/target/rocksdb-checkpoint-differ-2.0.0-SNAPSHOT.jar:/home/runner/.m2/repository/org/jgrapht/jgrapht-core/1.4.0/jgrapht-core-1.4.0.jar:/home/runner/.m2/repository/org/jheaps/jheaps/0.11/jheaps-0.11.jar:/home/runner/.m2/repository/org/jgrapht/jgrapht-ext/1.4.0/jgrapht-ext-1.4.0.jar:/home/runner/.m2/repository/com/github/vlsi/mxgraph/jgraphx/3.9.12/jgraphx-3.9.12.jar:/home/runner/.m2/repository/jakarta/ws/rs/jakarta.ws.rs-api/2.1.6/jakarta.ws.rs-api-2.1.6.jar:/home/runner/work/ozone/ozone/hadoop-ozone/ozone-manager/target/ozone-manager-2.0.0-SNAPSHOT.jar:/home/runner/.m2/repository/org/aspectj/aspectjrt/1.9.7/aspectjrt-1.9.7.jar:/home/runner/.m2/repository/org/aspectj/aspectjweaver/1.9.7/aspectjweaver-1.9.7.jar:/home/runner/work/ozone/ozone/hadoop-ozone/interface-storage/target/ozone-interface-storage-2.0.0-SNAPSHOT.jar:/home/runner/.m2/repository/org/apache/kerby/kerby-util/1.0.1/kerby-util-1.0.1.jar:/home/runner/.m2/repository/io/netty/netty-transport/4.1.109.Final/netty-transport-4.1.109.Final.jar:/home/runner/.m2/repository/org/reflections/reflections/0.10.2/reflections-0.10.2.jar:/home/runner/.m2/repository/com/sun/jersey/jersey-client/1.19.4/jersey-client-1.19.4.jar:/home/runner/.m2/repository/jakarta/xml/bind/jakarta.xml.bind-api/2.3.3/jakarta.xml.bind-api-2.3.3.jar:/home/runner/.m2/repository/org/codehaus/jackson/jackson-core-asl/1.9.13/jackson-core-asl-1.9.13.jar:/home/runner/.m2/repository/org/codehaus/jackson/jackson-mapper-asl/1.9.13/jackson-mapper-asl-1.9.13.jar:/home/runner/.m2/repository/org/codehaus/jackson/jackson-jaxrs/1.9.13/jackson-jaxrs-1.9.13.jar:/home/runner/.m2/repository/org/apache/ranger/ranger-plugins-common/2.3.0/ranger-plugins-common-2.3.0.jar:/home/runner/.m2/repository/commons-lang/commons-lang/2.6/commons-lang-2.6.jar:/home/runner/.m2/repository/org/apache/ranger/ranger-plugins-cred/2.3.0/ranger-plugins-cred-2.3.0.jar:/home/runner/.m2/repository/org/apache/ranger/ranger-plugins-audit/2.3.0/ranger-plugins-audit-2.3.0.jar:/home/runner/.m2/repository/org/eclipse/jetty/jetty-client/9.4.56.v20240826/jetty-client-9.4.56.v20240826.jar:/home/runner/.m2/repository/org/apache/httpcomponents/httpmime/4.5.6/httpmime-4.5.6.jar:/home/runner/.m2/repository/org/apache/httpcomponents/httpcore-nio/4.4.16/httpcore-nio-4.4.16.jar:/home/runner/.m2/repository/org/apache/httpcomponents/httpasyncclient/4.1.3/httpasyncclient-4.1.3.jar:/home/runner/.m2/repository/com/carrotsearch/hppc/0.8.0/hppc-0.8.0.jar:/home/runner/.m2/repository/org/apache/orc/orc-core/1.5.8/orc-core-1.5.8.jar:/home/runner/.m2/repository/net/java/dev/jna/jna/5.2.0/jna-5.2.0.jar:/home/runner/.m2/repository/net/java/dev/jna/jna-platform/5.2.0/jna-platform-5.2.0.jar:/home/runner/.m2/repository/com/kstruct/gethostname4j/0.0.2/gethostname4j-0.0.2.jar:/home/runner/.m2/repository/org/apache/ranger/ranger-plugin-classloader/2.3.0/ranger-plugin-classloader-2.3.0.jar:/home/runner/.m2/repository/org/apache/ranger/ranger-intg/2.3.0/ranger-intg-2.3.0.jar:/home/runner/work/ozone/ozone/hadoop-hdds/rocks-native/target/hdds-rocks-native-2.0.0-SNAPSHOT.jar:/home/runner/.m2/repository/org/apache/hadoop/hadoop-minikdc/3.4.1/hadoop-minikdc-3.4.1.jar:/home/runner/.m2/repository/org/apache/kerby/kerb-simplekdc/2.0.3/kerb-simplekdc-2.0.3.jar:/home/runner/.m2/repository/org/apache/kerby/kerb-client/2.0.3/kerb-client-2.0.3.jar:/home/runner/.m2/repository/org/apache/kerby/kerb-common/2.0.3/kerb-common-2.0.3.jar:/home/runner/.m2/repository/org/apache/kerby/token-provider/2.0.3/token-provider-2.0.3.jar:/home/runner/.m2/repository/org/apache/kerby/kerb-admin/2.0.3/kerb-admin-2.0.3.jar:/home/runner/.m2/repository/org/apache/kerby/kerb-server/2.0.3/kerb-server-2.0.3.jar:/home/runner/.m2/repository/org/apache/kerby/kerb-identity/2.0.3/kerb-identity-2.0.3.jar:/home/runner/.m2/repository/org/apache/kerby/kerby-xdr/2.0.3/kerby-xdr-2.0.3.jar:/home/runner/.m2/repository/org/jline/jline/3.22.0/jline-3.22.0.jar:/home/runner/.m2/repository/junit/junit/4.13.2/junit-4.13.2.jar:/home/runner/.m2/repository/org/hamcrest/hamcrest-core/1.3/hamcrest-core-1.3.jar:/home/runner/work/ozone/ozone/hadoop-ozone/s3gateway/target/ozone-s3gateway-2.0.0-SNAPSHOT.jar:/home/runner/.m2/repository/org/javassist/javassist/3.30.2-GA/javassist-3.30.2-GA.jar:/home/runner/.m2/repository/org/jboss/weld/servlet/weld-servlet-shaded/3.1.9.Final/weld-servlet-shaded-3.1.9.Final.jar:/home/runner/.m2/repository/org/glassfish/jersey/core/jersey-common/2.45/jersey-common-2.45.jar:/home/runner/.m2/repository/org/glassfish/hk2/osgi-resource-locator/1.0.3/osgi-resource-locator-1.0.3.jar:/home/runner/.m2/repository/org/glassfish/jersey/ext/cdi/jersey-cdi1x/2.45/jersey-cdi1x-2.45.jar:/home/runner/.m2/repository/org/glassfish/jersey/inject/jersey-hk2/2.45/jersey-hk2-2.45.jar:/home/runner/.m2/repository/org/glassfish/hk2/hk2-locator/2.6.1/hk2-locator-2.6.1.jar:/home/runner/.m2/repository/org/glassfish/jersey/media/jersey-media-jaxb/2.45/jersey-media-jaxb-2.45.jar:/home/runner/.m2/repository/org/glassfish/hk2/hk2-api/2.6.1/hk2-api-2.6.1.jar:/home/runner/.m2/repository/org/glassfish/hk2/hk2-utils/2.6.1/hk2-utils-2.6.1.jar:/home/runner/.m2/repository/org/glassfish/hk2/external/aopalliance-repackaged/2.6.1/aopalliance-repackaged-2.6.1.jar:/home/runner/.m2/repository/com/fasterxml/jackson/dataformat/jackson-dataformat-xml/2.16.2/jackson-dataformat-xml-2.16.2.jar:/home/runner/.m2/repository/org/codehaus/woodstox/stax2-api/4.2.2/stax2-api-4.2.2.jar:/home/runner/.m2/repository/com/fasterxml/woodstox/woodstox-core/5.4.0/woodstox-core-5.4.0.jar:/home/runner/.m2/repository/com/fasterxml/jackson/module/jackson-module-jaxb-annotations/2.16.2/jackson-module-jaxb-annotations-2.16.2.jar:/home/runner/.m2/repository/javax/annotation/javax.annotation-api/1.3.2/javax.annotation-api-1.3.2.jar:/home/runner/.m2/repository/javax/enterprise/cdi-api/2.0/cdi-api-2.0.jar:/home/runner/.m2/repository/javax/el/javax.el-api/3.0.0/javax.el-api-3.0.0.jar:/home/runner/.m2/repository/javax/interceptor/javax.interceptor-api/1.2/javax.interceptor-api-1.2.jar:/home/runner/.m2/repository/org/glassfish/jaxb/jaxb-runtime/2.3.9/jaxb-runtime-2.3.9.jar:/home/runner/.m2/repository/org/glassfish/jaxb/txw2/2.3.9/txw2-2.3.9.jar:/home/runner/.m2/repository/com/sun/istack/istack-commons-runtime/3.0.12/istack-commons-runtime-3.0.12.jar:/home/runner/.m2/repository/com/sun/activation/jakarta.activation/1.2.2/jakarta.activation-1.2.2.jar:/home/runner/.m2/repository/jakarta/activation/jakarta.activation-api/1.2.2/jakarta.activation-api-1.2.2.jar:/home/runner/.m2/repository/io/grpc/grpc-protobuf/1.58.0/grpc-protobuf-1.58.0.jar:/home/runner/.m2/repository/com/google/api/grpc/proto-google-common-protos/2.22.0/proto-google-common-protos-2.22.0.jar:/home/runner/.m2/repository/io/grpc/grpc-protobuf-lite/1.58.0/grpc-protobuf-lite-1.58.0.jar:/home/runner/.m2/repository/io/opentracing/opentracing-noop/0.33.0/opentracing-noop-0.33.0.jar:/home/runner/.m2/repository/io/opentracing/opentracing-util/0.33.0/opentracing-util-0.33.0.jar:/home/runner/work/ozone/ozone/hadoop-ozone/csi/target/ozone-csi-2.0.0-SNAPSHOT.jar:/home/runner/.m2/repository/com/google/protobuf/protobuf-java-util/3.19.6/protobuf-java-util-3.19.6.jar:/home/runner/.m2/repository/io/netty/netty-transport-classes-epoll/4.1.109.Final/netty-transport-classes-epoll-4.1.109.Final.jar:/home/runner/.m2/repository/io/netty/netty-transport-native-epoll/4.1.109.Final/netty-transport-native-epoll-4.1.109.Final-linux-x86_64.jar:/home/runner/.m2/repository/io/netty/netty-transport-native-unix-common/4.1.109.Final/netty-transport-native-unix-common-4.1.109.Final.jar:/home/runner/work/ozone/ozone/hadoop-ozone/recon/target/ozone-recon-2.0.0-SNAPSHOT.jar:/home/runner/work/ozone/ozone/hadoop-ozone/recon-codegen/target/ozone-reconcodegen-2.0.0-SNAPSHOT.jar:/home/runner/.m2/repository/aopalliance/aopalliance/1.0/aopalliance-1.0.jar:/home/runner/.m2/repository/com/google/inject/guice/6.0.0/guice-6.0.0.jar:/home/runner/.m2/repository/jakarta/inject/jakarta.inject-api/2.0.1/jakarta.inject-api-2.0.1.jar:/home/runner/.m2/repository/com/google/inject/extensions/guice-assistedinject/6.0.0/guice-assistedinject-6.0.0.jar:/home/runner/.m2/repository/com/google/inject/extensions/guice-servlet/6.0.0/guice-servlet-6.0.0.jar:/home/runner/.m2/repository/org/glassfish/jersey/containers/jersey-container-servlet/2.45/jersey-container-servlet-2.45.jar:/home/runner/.m2/repository/org/glassfish/hk2/guice-bridge/2.6.1/guice-bridge-2.6.1.jar:/home/runner/.m2/repository/org/glassfish/hk2/external/jakarta.inject/2.6.1/jakarta.inject-2.6.1.jar:/home/runner/.m2/repository/org/glassfish/jersey/media/jersey-media-json-jackson/2.45/jersey-media-json-jackson-2.45.jar:/home/runner/.m2/repository/org/glassfish/jersey/ext/jersey-entity-filtering/2.45/jersey-entity-filtering-2.45.jar:/home/runner/.m2/repository/org/jooq/jooq/3.11.10/jooq-3.11.10.jar:/home/runner/.m2/repository/org/jooq/jooq-meta/3.11.10/jooq-meta-3.11.10.jar:/home/runner/.m2/repository/org/jooq/jooq-codegen/3.11.10/jooq-codegen-3.11.10.jar:/home/runner/.m2/repository/com/jolbox/bonecp/0.8.0.RELEASE/bonecp-0.8.0.RELEASE.jar:/home/runner/.m2/repository/org/apache/derby/derby/10.14.2.0/derby-10.14.2.0.jar:/home/runner/.m2/repository/org/xerial/sqlite-jdbc/3.47.0.0/sqlite-jdbc-3.47.0.0.jar:/home/runner/.m2/repository/org/springframework/spring-core/5.3.39/spring-core-5.3.39.jar:/home/runner/.m2/repository/org/springframework/spring-jdbc/5.3.39/spring-jdbc-5.3.39.jar:/home/runner/.m2/repository/org/springframework/spring-beans/5.3.39/spring-beans-5.3.39.jar:/home/runner/.m2/repository/org/springframework/spring-tx/5.3.39/spring-tx-5.3.39.jar:/home/runner/.m2/repository/jakarta/validation/jakarta.validation-api/2.0.2/jakarta.validation-api-2.0.2.jar:/home/runner/.m2/repository/javax/inject/javax.inject/1/javax.inject-1.jar:/home/runner/work/ozone/ozone/hadoop-ozone/client/target/ozone-client-2.0.0-SNAPSHOT.jar:/home/runner/work/ozone/ozone/hadoop-hdds/erasurecode/target/hdds-erasurecode-2.0.0-SNAPSHOT.jar:/home/runner/work/ozone/ozone/hadoop-ozone/ozonefs/target/ozone-filesystem-2.0.0-SNAPSHOT.jar:/home/runner/work/ozone/ozone/hadoop-ozone/ozonefs-common/target/ozone-filesystem-common-2.0.0-SNAPSHOT.jar:/home/runner/work/ozone/ozone/hadoop-ozone/tools/target/ozone-tools-2.0.0-SNAPSHOT.jar:/home/runner/.m2/repository/org/apache/ratis/ratis-tools/3.1.2/ratis-tools-3.1.2.jar:/home/runner/.m2/repository/org/apache/ratis/ratis-shell/3.1.2/ratis-shell-3.1.2.jar:/home/runner/.m2/repository/com/amazonaws/aws-java-sdk-core/1.12.661/aws-java-sdk-core-1.12.661.jar:/home/runner/.m2/repository/com/fasterxml/jackson/dataformat/jackson-dataformat-cbor/2.16.2/jackson-dataformat-cbor-2.16.2.jar:/home/runner/.m2/repository/joda-time/joda-time/2.12.7/joda-time-2.12.7.jar:/home/runner/.m2/repository/com/amazonaws/aws-java-sdk-s3/1.12.661/aws-java-sdk-s3-1.12.661.jar:/home/runner/.m2/repository/com/amazonaws/aws-java-sdk-kms/1.12.661/aws-java-sdk-kms-1.12.661.jar:/home/runner/.m2/repository/com/amazonaws/jmespath-java/1.12.661/jmespath-java-1.12.661.jar:/home/runner/.m2/repository/org/kohsuke/metainf-services/metainf-services/1.11/metainf-services-1.11.jar:/home/runner/work/ozone/ozone/hadoop-hdds/tools/target/hdds-tools-2.0.0-SNAPSHOT.jar:/home/runner/.m2/repository/commons-cli/commons-cli/1.8.0/commons-cli-1.8.0.jar:/home/runner/.m2/repository/org/apache/commons/commons-lang3/3.17.0/commons-lang3-3.17.0.jar:/home/runner/work/ozone/ozone/hadoop-ozone/ozone-manager/target/ozone-manager-2.0.0-SNAPSHOT-tests.jar:/home/runner/work/ozone/ozone/hadoop-hdds/common/target/hdds-common-2.0.0-SNAPSHOT-tests.jar:/home/runner/work/ozone/ozone/hadoop-hdds/hadoop-dependency-client/target/hdds-hadoop-dependency-client-2.0.0-SNAPSHOT.jar:/home/runner/work/ozone/ozone/hadoop-hdds/annotations/target/hdds-annotation-processing-2.0.0-SNAPSHOT.jar:/home/runner/.m2/repository/org/bouncycastle/bcutil-jdk18on/1.79/bcutil-jdk18on-1.79.jar:/home/runner/.m2/repository/io/jaegertracing/jaeger-client/1.8.1/jaeger-client-1.8.1.jar:/home/runner/.m2/repository/io/jaegertracing/jaeger-thrift/1.8.1/jaeger-thrift-1.8.1.jar:/home/runner/.m2/repository/org/apache/thrift/libthrift/0.15.0/libthrift-0.15.0.jar:/home/runner/.m2/repository/com/squareup/okhttp3/okhttp/4.12.0/okhttp-4.12.0.jar:/home/runner/.m2/repository/com/squareup/okio/okio/3.6.0/okio-3.6.0.jar:/home/runner/.m2/repository/com/squareup/okio/okio-jvm/3.6.0/okio-jvm-3.6.0.jar:/home/runner/.m2/repository/org/jetbrains/kotlin/kotlin-stdlib-common/1.9.25/kotlin-stdlib-common-1.9.25.jar:/home/runner/.m2/repository/org/jetbrains/kotlin/kotlin-stdlib-jdk8/1.9.25/kotlin-stdlib-jdk8-1.9.25.jar:/home/runner/.m2/repository/org/jetbrains/kotlin/kotlin-stdlib-jdk7/1.9.25/kotlin-stdlib-jdk7-1.9.25.jar:/home/runner/.m2/repository/io/jaegertracing/jaeger-tracerresolver/1.8.1/jaeger-tracerresolver-1.8.1.jar:/home/runner/.m2/repository/io/opentracing/contrib/opentracing-tracerresolver/0.1.8/opentracing-tracerresolver-0.1.8.jar:/home/runner/.m2/repository/io/jaegertracing/jaeger-core/1.8.1/jaeger-core-1.8.1.jar:/home/runner/.m2/repository/org/jetbrains/kotlin/kotlin-stdlib/1.9.25/kotlin-stdlib-1.9.25.jar:/home/runner/.m2/repository/org/jetbrains/annotations/13.0/annotations-13.0.jar:/home/runner/.m2/repository/org/yaml/snakeyaml/2.0/snakeyaml-2.0.jar:/home/runner/.m2/repository/org/junit/platform/junit-platform-launcher/1.11.3/junit-platform-launcher-1.11.3.jar:/home/runner/.m2/repository/org/junit/platform/junit-platform-engine/1.11.3/junit-platform-engine-1.11.3.jar:/home/runner/.m2/repository/org/apiguardian/apiguardian-api/1.1.2/apiguardian-api-1.1.2.jar:/home/runner/.m2/repository/org/apache/hadoop/hadoop-kms/3.4.1/hadoop-kms-3.4.1.jar:/home/runner/.m2/repository/org/apache/hadoop/hadoop-auth/3.4.1/hadoop-auth-3.4.1.jar:/home/runner/.m2/repository/org/apache/zookeeper/zookeeper/3.8.4/zookeeper-3.8.4.jar:/home/runner/.m2/repository/org/apache/zookeeper/zookeeper-jute/3.8.4/zookeeper-jute-3.8.4.jar:/home/runner/.m2/repository/org/apache/yetus/audience-annotations/0.12.0/audience-annotations-0.12.0.jar:/home/runner/.m2/repository/org/apache/curator/curator-framework/4.2.0/curator-framework-4.2.0.jar:/home/runner/.m2/repository/org/apache/hadoop/thirdparty/hadoop-shaded-guava/1.3.0/hadoop-shaded-guava-1.3.0.jar:/home/runner/.m2/repository/com/sun/jersey/jersey-core/1.19.4/jersey-core-1.19.4.jar:/home/runner/.m2/repository/javax/ws/rs/jsr311-api/1.1.1/jsr311-api-1.1.1.jar:/home/runner/.m2/repository/com/sun/jersey/jersey-server/1.19.4/jersey-server-1.19.4.jar:/home/runner/.m2/repository/org/apache/hadoop/hadoop-common/3.4.1/hadoop-common-3.4.1.jar:/home/runner/.m2/repository/org/apache/commons/commons-math3/3.6.1/commons-math3-3.6.1.jar:/home/runner/.m2/repository/commons-net/commons-net/3.11.1/commons-net-3.11.1.jar:/home/runner/.m2/repository/com/github/pjfanning/jersey-json/1.22.0/jersey-json-1.22.0.jar:/home/runner/.m2/repository/com/sun/xml/bind/jaxb-impl/2.2.3-1/jaxb-impl-2.2.3-1.jar:/home/runner/.m2/repository/org/codehaus/jettison/jettison/1.5.4/jettison-1.5.4.jar:/home/runner/.m2/repository/com/google/re2j/re2j/1.7/re2j-1.7.jar:/home/runner/.m2/repository/com/jcraft/jsch/0.1.55/jsch-0.1.55.jar:/home/runner/.m2/repository/org/apache/curator/curator-client/4.2.0/curator-client-4.2.0.jar:/home/runner/.m2/repository/org/apache/curator/curator-recipes/5.2.0/curator-recipes-5.2.0.jar:/home/runner/.m2/repository/com/google/code/findbugs/jsr305/3.0.2/jsr305-3.0.2.jar:/home/runner/.m2/repository/io/netty/netty-transport-native-epoll/4.1.109.Final/netty-transport-native-epoll-4.1.109.Final.jar:/home/runner/.m2/repository/dnsjava/dnsjava/3.6.1/dnsjava-3.6.1.jar:/home/runner/.m2/repository/org/apache/hadoop/hadoop-kms/3.4.1/hadoop-kms-3.4.1-tests.jar:/home/runner/work/ozone/ozone/hadoop-hdds/server-scm/target/hdds-server-scm-2.0.0-SNAPSHOT-tests.jar:/home/runner/work/ozone/ozone/hadoop-hdds/container-service/target/hdds-container-service-2.0.0-SNAPSHOT-tests.jar:/home/runner/.m2/repository/com/github/luben/zstd-jni/1.5.6-7/zstd-jni-1.5.6-7.jar:/home/runner/.m2/repository/io/netty/netty-buffer/4.1.109.Final/netty-buffer-4.1.109.Final.jar:/home/runner/.m2/repository/io/netty/netty-codec/4.1.109.Final/netty-codec-4.1.109.Final.jar:/home/runner/work/ozone/ozone/hadoop-hdds/hadoop-dependency-test/target/hdds-hadoop-dependency-test-2.0.0-SNAPSHOT.jar:/home/runner/.m2/repository/org/apache/hadoop/hadoop-common/3.4.1/hadoop-common-3.4.1-tests.jar:/home/runner/.m2/repository/org/apache/hadoop/hadoop-hdfs/3.4.1/hadoop-hdfs-3.4.1-tests.jar:/home/runner/.m2/repository/org/junit/jupiter/junit-jupiter-engine/5.11.3/junit-jupiter-engine-5.11.3.jar:/home/runner/.m2/repository/org/junit/jupiter/junit-jupiter-params/5.11.3/junit-jupiter-params-5.11.3.jar:/home/runner/.m2/repository/org/mockito/mockito-core/4.11.0/mockito-core-4.11.0.jar:/home/runner/.m2/repository/net/bytebuddy/byte-buddy-agent/1.12.19/byte-buddy-agent-1.12.19.jar:/home/runner/.m2/repository/org/objenesis/objenesis/3.3/objenesis-3.3.jar:/home/runner/.m2/repository/org/mockito/mockito-inline/4.11.0/mockito-inline-4.11.0.jar:/home/runner/.m2/repository/org/mockito/mockito-junit-jupiter/4.11.0/mockito-junit-jupiter-4.11.0.jar:/home/runner/.m2/repository/org/apache/hadoop/hadoop-distcp/3.4.1/hadoop-distcp-3.4.1.jar:/home/runner/.m2/repository/org/apache/hadoop/hadoop-mapreduce-client-jobclient/3.4.1/hadoop-mapreduce-client-jobclient-3.4.1.jar:/home/runner/.m2/repository/org/apache/hadoop/hadoop-mapreduce-client-common/3.4.1/hadoop-mapreduce-client-common-3.4.1.jar:/home/runner/.m2/repository/org/apache/hadoop/hadoop-yarn-common/3.4.1/hadoop-yarn-common-3.4.1.jar:/home/runner/.m2/repository/org/apache/hadoop/hadoop-yarn-api/3.4.1/hadoop-yarn-api-3.4.1.jar:/home/runner/.m2/repository/javax/xml/bind/jaxb-api/2.2.11/jaxb-api-2.2.11.jar:/home/runner/.m2/repository/com/sun/jersey/contribs/jersey-guice/1.19.4/jersey-guice-1.19.4.jar:/home/runner/.m2/repository/com/fasterxml/jackson/jaxrs/jackson-jaxrs-json-provider/2.16.2/jackson-jaxrs-json-provider-2.16.2.jar:/home/runner/.m2/repository/com/fasterxml/jackson/jaxrs/jackson-jaxrs-base/2.16.2/jackson-jaxrs-base-2.16.2.jar:/home/runner/.m2/repository/org/apache/hadoop/hadoop-yarn-client/3.4.1/hadoop-yarn-client-3.4.1.jar:/home/runner/.m2/repository/org/eclipse/jetty/websocket/websocket-client/9.4.53.v20231009/websocket-client-9.4.53.v20231009.jar:/home/runner/.m2/repository/org/eclipse/jetty/websocket/websocket-common/9.4.53.v20231009/websocket-common-9.4.53.v20231009.jar:/home/runner/.m2/repository/org/eclipse/jetty/websocket/websocket-api/9.4.53.v20231009/websocket-api-9.4.53.v20231009.jar:/home/runner/.m2/repository/org/apache/hadoop/hadoop-mapreduce-client-core/3.4.1/hadoop-mapreduce-client-core-3.4.1.jar:/home/runner/.m2/repository/org/apache/avro/avro/1.9.2/avro-1.9.2.jar:/home/runner/.m2/repository/org/apache/hadoop/hadoop-annotations/3.4.1/hadoop-annotations-3.4.1.jar:/home/runner/.m2/repository/io/netty/netty-all/4.1.109.Final/netty-all-4.1.109.Final.jar:/home/runner/.m2/repository/io/netty/netty-codec-dns/4.1.109.Final/netty-codec-dns-4.1.109.Final.jar:/home/runner/.m2/repository/io/netty/netty-codec-haproxy/4.1.109.Final/netty-codec-haproxy-4.1.109.Final.jar:/home/runner/.m2/repository/io/netty/netty-codec-memcache/4.1.109.Final/netty-codec-memcache-4.1.109.Final.jar:/home/runner/.m2/repository/io/netty/netty-codec-mqtt/4.1.109.Final/netty-codec-mqtt-4.1.109.Final.jar:/home/runner/.m2/repository/io/netty/netty-codec-redis/4.1.109.Final/netty-codec-redis-4.1.109.Final.jar:/home/runner/.m2/repository/io/netty/netty-codec-smtp/4.1.109.Final/netty-codec-smtp-4.1.109.Final.jar:/home/runner/.m2/repository/io/netty/netty-codec-stomp/4.1.109.Final/netty-codec-stomp-4.1.109.Final.jar:/home/runner/.m2/repository/io/netty/netty-codec-xml/4.1.109.Final/netty-codec-xml-4.1.109.Final.jar:/home/runner/.m2/repository/io/netty/netty-handler-ssl-ocsp/4.1.109.Final/netty-handler-ssl-ocsp-4.1.109.Final.jar:/home/runner/.m2/repository/io/netty/netty-resolver-dns/4.1.109.Final/netty-resolver-dns-4.1.109.Final.jar:/home/runner/.m2/repository/io/netty/netty-transport-rxtx/4.1.109.Final/netty-transport-rxtx-4.1.109.Final.jar:/home/runner/.m2/repository/io/netty/netty-transport-sctp/4.1.109.Final/netty-transport-sctp-4.1.109.Final.jar:/home/runner/.m2/repository/io/netty/netty-transport-udt/4.1.109.Final/netty-transport-udt-4.1.109.Final.jar:/home/runner/.m2/repository/io/netty/netty-transport-classes-kqueue/4.1.109.Final/netty-transport-classes-kqueue-4.1.109.Final.jar:/home/runner/.m2/repository/io/netty/netty-resolver-dns-classes-macos/4.1.109.Final/netty-resolver-dns-classes-macos-4.1.109.Final.jar:/home/runner/.m2/repository/io/netty/netty-transport-native-epoll/4.1.109.Final/netty-transport-native-epoll-4.1.109.Final-linux-aarch_64.jar:/home/runner/.m2/repository/io/netty/netty-transport-native-epoll/4.1.109.Final/netty-transport-native-epoll-4.1.109.Final-linux-riscv64.jar:/home/runner/.m2/repository/io/netty/netty-transport-native-kqueue/4.1.109.Final/netty-transport-native-kqueue-4.1.109.Final-osx-x86_64.jar:/home/runner/.m2/repository/io/netty/netty-transport-native-kqueue/4.1.109.Final/netty-transport-native-kqueue-4.1.109.Final-osx-aarch_64.jar:/home/runner/.m2/repository/io/netty/netty-resolver-dns-native-macos/4.1.109.Final/netty-resolver-dns-native-macos-4.1.109.Final-osx-x86_64.jar:/home/runner/.m2/repository/io/netty/netty-resolver-dns-native-macos/4.1.109.Final/netty-resolver-dns-native-macos-4.1.109.Final-osx-aarch_64.jar:/home/runner/.m2/repository/org/apache/hadoop/hadoop-distcp/3.4.1/hadoop-distcp-3.4.1-tests.jar:/home/runner/.m2/repository/org/apache/ratis/ratis-server/3.1.2/ratis-server-3.1.2.jar:/home/runner/.m2/repository/org/hamcrest/hamcrest/2.2/hamcrest-2.2.jar:/home/runner/.m2/repository/org/slf4j/jul-to-slf4j/2.0.16/jul-to-slf4j-2.0.16.jar:/home/runner/.m2/repository/org/assertj/assertj-core/3.26.3/assertj-core-3.26.3.jar:/home/runner/.m2/repository/net/bytebuddy/byte-buddy/1.14.18/byte-buddy-1.14.18.jar:/home/runner/work/ozone/ozone/hadoop-ozone/integration-test/target/gradle-enterprise/test-listeners.jar:"/>
    <property name="java.vm.vendor" value="Eclipse Adoptium"/>
    <property name="sun.arch.data.model" value="64"/>
    <property name="test.build.dir" value="/home/runner/work/ozone/ozone/hadoop-ozone/integration-test/target/test-dir"/>
    <property name="test.cache.data" value=""/>
    <property name="java.vendor.url" value="https://adoptium.net/"/>
    <property name="user.timezone" value="Etc/UTC"/>
    <property name="maven-surefire-plugin.argLineAccessArgs" value=" --add-opens java.management/com.sun.jmx.mbeanserver=ALL-UNNAMED --add-exports java.management/com.sun.jmx.mbeanserver=ALL-UNNAMED --add-opens java.base/java.nio=ALL-UNNAMED --add-opens java.base/java.lang=ALL-UNNAMED --add-opens java.base/java.lang.reflect=ALL-UNNAMED"/>
    <property name="os.name" value="Linux"/>
    <property name="java.vm.specification.version" value="17"/>
    <property name="test.build.data" value="/home/runner/work/ozone/ozone/hadoop-ozone/integration-test/target/test-dir"/>
    <property name="sun.java.launcher" value="SUN_STANDARD"/>
    <property name="sun.boot.library.path" value="/usr/lib/jvm/temurin-17-jdk-amd64/lib"/>
    <property name="sun.java.command" value="/home/runner/work/ozone/ozone/hadoop-ozone/integration-test/target/surefire/surefirebooter9103279770562183230.jar /home/runner/work/ozone/ozone/hadoop-ozone/integration-test/target/surefire 2024-11-29T04-52-35_782-jvmRun1 surefire12428901359263540652tmp surefire_178178065308119597050tmp"/>
    <property name="jdk.debug" value="release"/>
    <property name="native.lib.tmp.dir" value="/tmp"/>
    <property name="surefire.test.class.path" value="/home/runner/work/ozone/ozone/hadoop-ozone/integration-test/target/test-classes:/home/runner/work/ozone/ozone/hadoop-ozone/integration-test/target/classes:/home/runner/work/ozone/ozone/hadoop-ozone/common/target/ozone-common-2.0.0-SNAPSHOT.jar:/home/runner/.m2/repository/io/grpc/grpc-netty/1.58.0/grpc-netty-1.58.0.jar:/home/runner/.m2/repository/io/grpc/grpc-core/1.58.0/grpc-core-1.58.0.jar:/home/runner/.m2/repository/com/google/android/annotations/4.1.1.4/annotations-4.1.1.4.jar:/home/runner/.m2/repository/org/codehaus/mojo/animal-sniffer-annotations/1.23/animal-sniffer-annotations-1.23.jar:/home/runner/.m2/repository/io/grpc/grpc-context/1.58.0/grpc-context-1.58.0.jar:/home/runner/.m2/repository/io/grpc/grpc-util/1.58.0/grpc-util-1.58.0.jar:/home/runner/.m2/repository/com/google/errorprone/error_prone_annotations/2.29.2/error_prone_annotations-2.29.2.jar:/home/runner/.m2/repository/io/perfmark/perfmark-api/0.26.0/perfmark-api-0.26.0.jar:/home/runner/.m2/repository/io/netty/netty-codec-http2/4.1.109.Final/netty-codec-http2-4.1.109.Final.jar:/home/runner/.m2/repository/io/netty/netty-codec-http/4.1.109.Final/netty-codec-http-4.1.109.Final.jar:/home/runner/.m2/repository/io/netty/netty-handler-proxy/4.1.109.Final/netty-handler-proxy-4.1.109.Final.jar:/home/runner/.m2/repository/io/netty/netty-codec-socks/4.1.109.Final/netty-codec-socks-4.1.109.Final.jar:/home/runner/.m2/repository/io/netty/netty-tcnative-boringssl-static/2.0.65.Final/netty-tcnative-boringssl-static-2.0.65.Final.jar:/home/runner/.m2/repository/io/netty/netty-tcnative-classes/2.0.65.Final/netty-tcnative-classes-2.0.65.Final.jar:/home/runner/.m2/repository/io/netty/netty-tcnative-boringssl-static/2.0.65.Final/netty-tcnative-boringssl-static-2.0.65.Final-linux-x86_64.jar:/home/runner/.m2/repository/io/netty/netty-tcnative-boringssl-static/2.0.65.Final/netty-tcnative-boringssl-static-2.0.65.Final-linux-aarch_64.jar:/home/runner/.m2/repository/io/netty/netty-tcnative-boringssl-static/2.0.65.Final/netty-tcnative-boringssl-static-2.0.65.Final-osx-x86_64.jar:/home/runner/.m2/repository/io/netty/netty-tcnative-boringssl-static/2.0.65.Final/netty-tcnative-boringssl-static-2.0.65.Final-osx-aarch_64.jar:/home/runner/.m2/repository/io/netty/netty-tcnative-boringssl-static/2.0.65.Final/netty-tcnative-boringssl-static-2.0.65.Final-windows-x86_64.jar:/home/runner/.m2/repository/org/apache/commons/commons-compress/1.27.1/commons-compress-1.27.1.jar:/home/runner/work/ozone/ozone/hadoop-hdds/common/target/hdds-common-2.0.0-SNAPSHOT.jar:/home/runner/work/ozone/ozone/hadoop-hdds/client/target/hdds-client-2.0.0-SNAPSHOT.jar:/home/runner/work/ozone/ozone/hadoop-hdds/config/target/hdds-config-2.0.0-SNAPSHOT.jar:/home/runner/work/ozone/ozone/hadoop-hdds/interface-client/target/hdds-interface-client-2.0.0-SNAPSHOT.jar:/home/runner/.m2/repository/org/apache/hadoop/thirdparty/hadoop-shaded-protobuf_3_25/1.3.0/hadoop-shaded-protobuf_3_25-1.3.0.jar:/home/runner/work/ozone/ozone/hadoop-ozone/interface-client/target/ozone-interface-client-2.0.0-SNAPSHOT.jar:/home/runner/.m2/repository/org/apache/hadoop/hadoop-hdfs-client/3.4.1/hadoop-hdfs-client-3.4.1.jar:/home/runner/.m2/repository/org/apache/httpcomponents/httpclient/4.5.14/httpclient-4.5.14.jar:/home/runner/.m2/repository/org/apache/httpcomponents/httpcore/4.4.16/httpcore-4.4.16.jar:/home/runner/.m2/repository/org/apache/ratis/ratis-common/3.1.2/ratis-common-3.1.2.jar:/home/runner/.m2/repository/org/apache/ratis/ratis-proto/3.1.2/ratis-proto-3.1.2.jar:/home/runner/.m2/repository/org/apache/ratis/ratis-thirdparty-misc/1.0.6/ratis-thirdparty-misc-1.0.6.jar:/home/runner/.m2/repository/org/slf4j/slf4j-api/2.0.16/slf4j-api-2.0.16.jar:/home/runner/.m2/repository/com/fasterxml/jackson/core/jackson-annotations/2.16.2/jackson-annotations-2.16.2.jar:/home/runner/.m2/repository/com/fasterxml/jackson/core/jackson-databind/2.16.2/jackson-databind-2.16.2.jar:/home/runner/.m2/repository/com/github/stephenc/jcip/jcip-annotations/1.0-1/jcip-annotations-1.0-1.jar:/home/runner/.m2/repository/com/google/guava/guava/32.1.3-jre/guava-32.1.3-jre.jar:/home/runner/.m2/repository/com/google/guava/failureaccess/1.0.1/failureaccess-1.0.1.jar:/home/runner/.m2/repository/com/google/guava/listenablefuture/9999.0-empty-to-avoid-conflict-with-guava/listenablefuture-9999.0-empty-to-avoid-conflict-with-guava.jar:/home/runner/.m2/repository/org/checkerframework/checker-qual/3.37.0/checker-qual-3.37.0.jar:/home/runner/.m2/repository/com/google/j2objc/j2objc-annotations/2.8/j2objc-annotations-2.8.jar:/home/runner/.m2/repository/com/google/protobuf/protobuf-java/2.5.0/protobuf-java-2.5.0.jar:/home/runner/.m2/repository/io/grpc/grpc-api/1.58.0/grpc-api-1.58.0.jar:/home/runner/.m2/repository/io/grpc/grpc-stub/1.58.0/grpc-stub-1.58.0.jar:/home/runner/.m2/repository/io/netty/netty-common/4.1.109.Final/netty-common-4.1.109.Final.jar:/home/runner/.m2/repository/io/netty/netty-handler/4.1.109.Final/netty-handler-4.1.109.Final.jar:/home/runner/.m2/repository/io/netty/netty-resolver/4.1.109.Final/netty-resolver-4.1.109.Final.jar:/home/runner/.m2/repository/jakarta/annotation/jakarta.annotation-api/2.1.1/jakarta.annotation-api-2.1.1.jar:/home/runner/work/ozone/ozone/hadoop-hdds/test-utils/target/hdds-test-utils-2.0.0-SNAPSHOT.jar:/home/runner/.m2/repository/commons-io/commons-io/2.18.0/commons-io-2.18.0.jar:/home/runner/.m2/repository/commons-logging/commons-logging/1.2/commons-logging-1.2.jar:/home/runner/.m2/repository/org/junit/jupiter/junit-jupiter-api/5.11.3/junit-jupiter-api-5.11.3.jar:/home/runner/.m2/repository/org/opentest4j/opentest4j/1.3.0/opentest4j-1.3.0.jar:/home/runner/.m2/repository/org/junit/platform/junit-platform-commons/1.11.3/junit-platform-commons-1.11.3.jar:/home/runner/.m2/repository/ch/qos/reload4j/reload4j/1.2.25/reload4j-1.2.25.jar:/home/runner/.m2/repository/org/apache/logging/log4j/log4j-api/2.24.2/log4j-api-2.24.2.jar:/home/runner/work/ozone/ozone/hadoop-hdds/server-scm/target/hdds-server-scm-2.0.0-SNAPSHOT.jar:/home/runner/work/ozone/ozone/hadoop-hdds/container-service/target/hdds-container-service-2.0.0-SNAPSHOT.jar:/home/runner/work/ozone/ozone/hadoop-hdds/hadoop-dependency-server/target/hdds-hadoop-dependency-server-2.0.0-SNAPSHOT.jar:/home/runner/.m2/repository/com/nimbusds/nimbus-jose-jwt/9.40/nimbus-jose-jwt-9.40.jar:/home/runner/.m2/repository/org/apache/hadoop/hadoop-hdfs/3.4.1/hadoop-hdfs-3.4.1.jar:/home/runner/.m2/repository/commons-daemon/commons-daemon/1.4.0/commons-daemon-1.4.0.jar:/home/runner/.m2/repository/org/apache/kerby/kerb-core/1.0.1/kerb-core-1.0.1.jar:/home/runner/.m2/repository/org/apache/kerby/kerby-pkix/1.0.1/kerby-pkix-1.0.1.jar:/home/runner/.m2/repository/org/apache/kerby/kerby-asn1/1.0.1/kerby-asn1-1.0.1.jar:/home/runner/.m2/repository/org/apache/kerby/kerb-util/1.0.1/kerb-util-1.0.1.jar:/home/runner/.m2/repository/org/apache/kerby/kerby-config/1.0.1/kerby-config-1.0.1.jar:/home/runner/.m2/repository/org/apache/kerby/kerb-crypto/1.0.1/kerb-crypto-1.0.1.jar:/home/runner/.m2/repository/org/xerial/snappy/snappy-java/1.1.10.7/snappy-java-1.1.10.7.jar:/home/runner/work/ozone/ozone/hadoop-hdds/interface-admin/target/hdds-interface-admin-2.0.0-SNAPSHOT.jar:/home/runner/work/ozone/ozone/hadoop-hdds/interface-server/target/hdds-interface-server-2.0.0-SNAPSHOT.jar:/home/runner/work/ozone/ozone/hadoop-hdds/framework/target/hdds-server-framework-2.0.0-SNAPSHOT.jar:/home/runner/.m2/repository/org/apache/ratis/ratis-client/3.1.2/ratis-client-3.1.2.jar:/home/runner/.m2/repository/org/apache/ratis/ratis-grpc/3.1.2/ratis-grpc-3.1.2.jar:/home/runner/.m2/repository/org/apache/ratis/ratis-netty/3.1.2/ratis-netty-3.1.2.jar:/home/runner/.m2/repository/org/apache/ratis/ratis-server-api/3.1.2/ratis-server-api-3.1.2.jar:/home/runner/.m2/repository/org/bouncycastle/bcpkix-jdk18on/1.79/bcpkix-jdk18on-1.79.jar:/home/runner/.m2/repository/org/bouncycastle/bcprov-jdk18on/1.79/bcprov-jdk18on-1.79.jar:/home/runner/.m2/repository/io/dropwizard/metrics/metrics-core/3.2.6/metrics-core-3.2.6.jar:/home/runner/.m2/repository/org/apache/commons/commons-text/1.12.0/commons-text-1.12.0.jar:/home/runner/.m2/repository/org/eclipse/jetty/jetty-webapp/9.4.56.v20240826/jetty-webapp-9.4.56.v20240826.jar:/home/runner/.m2/repository/org/eclipse/jetty/jetty-xml/9.4.56.v20240826/jetty-xml-9.4.56.v20240826.jar:/home/runner/.m2/repository/com/fasterxml/jackson/core/jackson-core/2.16.2/jackson-core-2.16.2.jar:/home/runner/.m2/repository/info/picocli/picocli/4.7.5/picocli-4.7.5.jar:/home/runner/.m2/repository/javax/servlet/javax.servlet-api/3.1.0/javax.servlet-api-3.1.0.jar:/home/runner/.m2/repository/commons-collections/commons-collections/3.2.2/commons-collections-3.2.2.jar:/home/runner/work/ozone/ozone/hadoop-hdds/framework/target/hdds-server-framework-2.0.0-SNAPSHOT-tests.jar:/home/runner/work/ozone/ozone/hadoop-hdds/managed-rocksdb/target/hdds-managed-rocksdb-2.0.0-SNAPSHOT.jar:/home/runner/.m2/repository/org/slf4j/slf4j-reload4j/2.0.16/slf4j-reload4j-2.0.16.jar:/home/runner/.m2/repository/org/apache/commons/commons-configuration2/2.11.0/commons-configuration2-2.11.0.jar:/home/runner/.m2/repository/commons-codec/commons-codec/1.17.1/commons-codec-1.17.1.jar:/home/runner/.m2/repository/commons-fileupload/commons-fileupload/1.5/commons-fileupload-1.5.jar:/home/runner/.m2/repository/commons-validator/commons-validator/1.6/commons-validator-1.6.jar:/home/runner/.m2/repository/commons-beanutils/commons-beanutils/1.9.4/commons-beanutils-1.9.4.jar:/home/runner/.m2/repository/commons-digester/commons-digester/1.8.1/commons-digester-1.8.1.jar:/home/runner/.m2/repository/org/apache/logging/log4j/log4j-core/2.24.2/log4j-core-2.24.2.jar:/home/runner/.m2/repository/com/lmax/disruptor/3.4.4/disruptor-3.4.4.jar:/home/runner/.m2/repository/org/eclipse/jetty/jetty-http/9.4.56.v20240826/jetty-http-9.4.56.v20240826.jar:/home/runner/.m2/repository/org/eclipse/jetty/jetty-io/9.4.56.v20240826/jetty-io-9.4.56.v20240826.jar:/home/runner/.m2/repository/org/eclipse/jetty/jetty-util/9.4.56.v20240826/jetty-util-9.4.56.v20240826.jar:/home/runner/.m2/repository/org/eclipse/jetty/jetty-server/9.4.56.v20240826/jetty-server-9.4.56.v20240826.jar:/home/runner/.m2/repository/org/eclipse/jetty/jetty-servlet/9.4.56.v20240826/jetty-servlet-9.4.56.v20240826.jar:/home/runner/.m2/repository/org/eclipse/jetty/jetty-security/9.4.56.v20240826/jetty-security-9.4.56.v20240826.jar:/home/runner/.m2/repository/org/eclipse/jetty/jetty-util-ajax/9.4.56.v20240826/jetty-util-ajax-9.4.56.v20240826.jar:/home/runner/.m2/repository/org/glassfish/jersey/core/jersey-server/2.45/jersey-server-2.45.jar:/home/runner/.m2/repository/org/glassfish/jersey/core/jersey-client/2.45/jersey-client-2.45.jar:/home/runner/.m2/repository/org/glassfish/jersey/containers/jersey-container-servlet-core/2.45/jersey-container-servlet-core-2.45.jar:/home/runner/.m2/repository/org/rocksdb/rocksdbjni/7.7.3/rocksdbjni-7.7.3.jar:/home/runner/.m2/repository/org/apache/ratis/ratis-metrics-api/3.1.2/ratis-metrics-api-3.1.2.jar:/home/runner/.m2/repository/org/apache/ratis/ratis-metrics-dropwizard3/3.1.2/ratis-metrics-dropwizard3-3.1.2.jar:/home/runner/.m2/repository/io/opentracing/opentracing-api/0.33.0/opentracing-api-0.33.0.jar:/home/runner/.m2/repository/io/prometheus/simpleclient/0.16.0/simpleclient-0.16.0.jar:/home/runner/.m2/repository/io/prometheus/simpleclient_dropwizard/0.16.0/simpleclient_dropwizard-0.16.0.jar:/home/runner/.m2/repository/io/prometheus/simpleclient_common/0.16.0/simpleclient_common-0.16.0.jar:/home/runner/.m2/repository/com/fasterxml/jackson/datatype/jackson-datatype-jsr310/2.16.2/jackson-datatype-jsr310-2.16.2.jar:/home/runner/.m2/repository/com/github/jnr/jnr-constants/0.10.4/jnr-constants-0.10.4.jar:/home/runner/.m2/repository/com/github/jnr/jnr-posix/3.1.20/jnr-posix-3.1.20.jar:/home/runner/.m2/repository/com/github/jnr/jnr-ffi/2.2.17/jnr-ffi-2.2.17.jar:/home/runner/.m2/repository/com/github/jnr/jffi/1.3.13/jffi-1.3.13.jar:/home/runner/.m2/repository/com/github/jnr/jffi/1.3.13/jffi-1.3.13-native.jar:/home/runner/.m2/repository/org/ow2/asm/asm/9.7.1/asm-9.7.1.jar:/home/runner/.m2/repository/org/ow2/asm/asm-commons/9.7.1/asm-commons-9.7.1.jar:/home/runner/.m2/repository/org/ow2/asm/asm-analysis/9.7.1/asm-analysis-9.7.1.jar:/home/runner/.m2/repository/org/ow2/asm/asm-tree/9.7.1/asm-tree-9.7.1.jar:/home/runner/.m2/repository/org/ow2/asm/asm-util/9.7.1/asm-util-9.7.1.jar:/home/runner/.m2/repository/com/github/jnr/jnr-a64asm/1.0.0/jnr-a64asm-1.0.0.jar:/home/runner/.m2/repository/com/github/jnr/jnr-x86asm/1.0.2/jnr-x86asm-1.0.2.jar:/home/runner/.m2/repository/com/google/code/gson/gson/2.10.1/gson-2.10.1.jar:/home/runner/work/ozone/ozone/hadoop-hdds/rocksdb-checkpoint-differ/target/rocksdb-checkpoint-differ-2.0.0-SNAPSHOT.jar:/home/runner/.m2/repository/org/jgrapht/jgrapht-core/1.4.0/jgrapht-core-1.4.0.jar:/home/runner/.m2/repository/org/jheaps/jheaps/0.11/jheaps-0.11.jar:/home/runner/.m2/repository/org/jgrapht/jgrapht-ext/1.4.0/jgrapht-ext-1.4.0.jar:/home/runner/.m2/repository/com/github/vlsi/mxgraph/jgraphx/3.9.12/jgraphx-3.9.12.jar:/home/runner/.m2/repository/jakarta/ws/rs/jakarta.ws.rs-api/2.1.6/jakarta.ws.rs-api-2.1.6.jar:/home/runner/work/ozone/ozone/hadoop-ozone/ozone-manager/target/ozone-manager-2.0.0-SNAPSHOT.jar:/home/runner/.m2/repository/org/aspectj/aspectjrt/1.9.7/aspectjrt-1.9.7.jar:/home/runner/.m2/repository/org/aspectj/aspectjweaver/1.9.7/aspectjweaver-1.9.7.jar:/home/runner/work/ozone/ozone/hadoop-ozone/interface-storage/target/ozone-interface-storage-2.0.0-SNAPSHOT.jar:/home/runner/.m2/repository/org/apache/kerby/kerby-util/1.0.1/kerby-util-1.0.1.jar:/home/runner/.m2/repository/io/netty/netty-transport/4.1.109.Final/netty-transport-4.1.109.Final.jar:/home/runner/.m2/repository/org/reflections/reflections/0.10.2/reflections-0.10.2.jar:/home/runner/.m2/repository/com/sun/jersey/jersey-client/1.19.4/jersey-client-1.19.4.jar:/home/runner/.m2/repository/jakarta/xml/bind/jakarta.xml.bind-api/2.3.3/jakarta.xml.bind-api-2.3.3.jar:/home/runner/.m2/repository/org/codehaus/jackson/jackson-core-asl/1.9.13/jackson-core-asl-1.9.13.jar:/home/runner/.m2/repository/org/codehaus/jackson/jackson-mapper-asl/1.9.13/jackson-mapper-asl-1.9.13.jar:/home/runner/.m2/repository/org/codehaus/jackson/jackson-jaxrs/1.9.13/jackson-jaxrs-1.9.13.jar:/home/runner/.m2/repository/org/apache/ranger/ranger-plugins-common/2.3.0/ranger-plugins-common-2.3.0.jar:/home/runner/.m2/repository/commons-lang/commons-lang/2.6/commons-lang-2.6.jar:/home/runner/.m2/repository/org/apache/ranger/ranger-plugins-cred/2.3.0/ranger-plugins-cred-2.3.0.jar:/home/runner/.m2/repository/org/apache/ranger/ranger-plugins-audit/2.3.0/ranger-plugins-audit-2.3.0.jar:/home/runner/.m2/repository/org/eclipse/jetty/jetty-client/9.4.56.v20240826/jetty-client-9.4.56.v20240826.jar:/home/runner/.m2/repository/org/apache/httpcomponents/httpmime/4.5.6/httpmime-4.5.6.jar:/home/runner/.m2/repository/org/apache/httpcomponents/httpcore-nio/4.4.16/httpcore-nio-4.4.16.jar:/home/runner/.m2/repository/org/apache/httpcomponents/httpasyncclient/4.1.3/httpasyncclient-4.1.3.jar:/home/runner/.m2/repository/com/carrotsearch/hppc/0.8.0/hppc-0.8.0.jar:/home/runner/.m2/repository/org/apache/orc/orc-core/1.5.8/orc-core-1.5.8.jar:/home/runner/.m2/repository/net/java/dev/jna/jna/5.2.0/jna-5.2.0.jar:/home/runner/.m2/repository/net/java/dev/jna/jna-platform/5.2.0/jna-platform-5.2.0.jar:/home/runner/.m2/repository/com/kstruct/gethostname4j/0.0.2/gethostname4j-0.0.2.jar:/home/runner/.m2/repository/org/apache/ranger/ranger-plugin-classloader/2.3.0/ranger-plugin-classloader-2.3.0.jar:/home/runner/.m2/repository/org/apache/ranger/ranger-intg/2.3.0/ranger-intg-2.3.0.jar:/home/runner/work/ozone/ozone/hadoop-hdds/rocks-native/target/hdds-rocks-native-2.0.0-SNAPSHOT.jar:/home/runner/.m2/repository/org/apache/hadoop/hadoop-minikdc/3.4.1/hadoop-minikdc-3.4.1.jar:/home/runner/.m2/repository/org/apache/kerby/kerb-simplekdc/2.0.3/kerb-simplekdc-2.0.3.jar:/home/runner/.m2/repository/org/apache/kerby/kerb-client/2.0.3/kerb-client-2.0.3.jar:/home/runner/.m2/repository/org/apache/kerby/kerb-common/2.0.3/kerb-common-2.0.3.jar:/home/runner/.m2/repository/org/apache/kerby/token-provider/2.0.3/token-provider-2.0.3.jar:/home/runner/.m2/repository/org/apache/kerby/kerb-admin/2.0.3/kerb-admin-2.0.3.jar:/home/runner/.m2/repository/org/apache/kerby/kerb-server/2.0.3/kerb-server-2.0.3.jar:/home/runner/.m2/repository/org/apache/kerby/kerb-identity/2.0.3/kerb-identity-2.0.3.jar:/home/runner/.m2/repository/org/apache/kerby/kerby-xdr/2.0.3/kerby-xdr-2.0.3.jar:/home/runner/.m2/repository/org/jline/jline/3.22.0/jline-3.22.0.jar:/home/runner/.m2/repository/junit/junit/4.13.2/junit-4.13.2.jar:/home/runner/.m2/repository/org/hamcrest/hamcrest-core/1.3/hamcrest-core-1.3.jar:/home/runner/work/ozone/ozone/hadoop-ozone/s3gateway/target/ozone-s3gateway-2.0.0-SNAPSHOT.jar:/home/runner/.m2/repository/org/javassist/javassist/3.30.2-GA/javassist-3.30.2-GA.jar:/home/runner/.m2/repository/org/jboss/weld/servlet/weld-servlet-shaded/3.1.9.Final/weld-servlet-shaded-3.1.9.Final.jar:/home/runner/.m2/repository/org/glassfish/jersey/core/jersey-common/2.45/jersey-common-2.45.jar:/home/runner/.m2/repository/org/glassfish/hk2/osgi-resource-locator/1.0.3/osgi-resource-locator-1.0.3.jar:/home/runner/.m2/repository/org/glassfish/jersey/ext/cdi/jersey-cdi1x/2.45/jersey-cdi1x-2.45.jar:/home/runner/.m2/repository/org/glassfish/jersey/inject/jersey-hk2/2.45/jersey-hk2-2.45.jar:/home/runner/.m2/repository/org/glassfish/hk2/hk2-locator/2.6.1/hk2-locator-2.6.1.jar:/home/runner/.m2/repository/org/glassfish/jersey/media/jersey-media-jaxb/2.45/jersey-media-jaxb-2.45.jar:/home/runner/.m2/repository/org/glassfish/hk2/hk2-api/2.6.1/hk2-api-2.6.1.jar:/home/runner/.m2/repository/org/glassfish/hk2/hk2-utils/2.6.1/hk2-utils-2.6.1.jar:/home/runner/.m2/repository/org/glassfish/hk2/external/aopalliance-repackaged/2.6.1/aopalliance-repackaged-2.6.1.jar:/home/runner/.m2/repository/com/fasterxml/jackson/dataformat/jackson-dataformat-xml/2.16.2/jackson-dataformat-xml-2.16.2.jar:/home/runner/.m2/repository/org/codehaus/woodstox/stax2-api/4.2.2/stax2-api-4.2.2.jar:/home/runner/.m2/repository/com/fasterxml/woodstox/woodstox-core/5.4.0/woodstox-core-5.4.0.jar:/home/runner/.m2/repository/com/fasterxml/jackson/module/jackson-module-jaxb-annotations/2.16.2/jackson-module-jaxb-annotations-2.16.2.jar:/home/runner/.m2/repository/javax/annotation/javax.annotation-api/1.3.2/javax.annotation-api-1.3.2.jar:/home/runner/.m2/repository/javax/enterprise/cdi-api/2.0/cdi-api-2.0.jar:/home/runner/.m2/repository/javax/el/javax.el-api/3.0.0/javax.el-api-3.0.0.jar:/home/runner/.m2/repository/javax/interceptor/javax.interceptor-api/1.2/javax.interceptor-api-1.2.jar:/home/runner/.m2/repository/org/glassfish/jaxb/jaxb-runtime/2.3.9/jaxb-runtime-2.3.9.jar:/home/runner/.m2/repository/org/glassfish/jaxb/txw2/2.3.9/txw2-2.3.9.jar:/home/runner/.m2/repository/com/sun/istack/istack-commons-runtime/3.0.12/istack-commons-runtime-3.0.12.jar:/home/runner/.m2/repository/com/sun/activation/jakarta.activation/1.2.2/jakarta.activation-1.2.2.jar:/home/runner/.m2/repository/jakarta/activation/jakarta.activation-api/1.2.2/jakarta.activation-api-1.2.2.jar:/home/runner/.m2/repository/io/grpc/grpc-protobuf/1.58.0/grpc-protobuf-1.58.0.jar:/home/runner/.m2/repository/com/google/api/grpc/proto-google-common-protos/2.22.0/proto-google-common-protos-2.22.0.jar:/home/runner/.m2/repository/io/grpc/grpc-protobuf-lite/1.58.0/grpc-protobuf-lite-1.58.0.jar:/home/runner/.m2/repository/io/opentracing/opentracing-noop/0.33.0/opentracing-noop-0.33.0.jar:/home/runner/.m2/repository/io/opentracing/opentracing-util/0.33.0/opentracing-util-0.33.0.jar:/home/runner/work/ozone/ozone/hadoop-ozone/csi/target/ozone-csi-2.0.0-SNAPSHOT.jar:/home/runner/.m2/repository/com/google/protobuf/protobuf-java-util/3.19.6/protobuf-java-util-3.19.6.jar:/home/runner/.m2/repository/io/netty/netty-transport-classes-epoll/4.1.109.Final/netty-transport-classes-epoll-4.1.109.Final.jar:/home/runner/.m2/repository/io/netty/netty-transport-native-epoll/4.1.109.Final/netty-transport-native-epoll-4.1.109.Final-linux-x86_64.jar:/home/runner/.m2/repository/io/netty/netty-transport-native-unix-common/4.1.109.Final/netty-transport-native-unix-common-4.1.109.Final.jar:/home/runner/work/ozone/ozone/hadoop-ozone/recon/target/ozone-recon-2.0.0-SNAPSHOT.jar:/home/runner/work/ozone/ozone/hadoop-ozone/recon-codegen/target/ozone-reconcodegen-2.0.0-SNAPSHOT.jar:/home/runner/.m2/repository/aopalliance/aopalliance/1.0/aopalliance-1.0.jar:/home/runner/.m2/repository/com/google/inject/guice/6.0.0/guice-6.0.0.jar:/home/runner/.m2/repository/jakarta/inject/jakarta.inject-api/2.0.1/jakarta.inject-api-2.0.1.jar:/home/runner/.m2/repository/com/google/inject/extensions/guice-assistedinject/6.0.0/guice-assistedinject-6.0.0.jar:/home/runner/.m2/repository/com/google/inject/extensions/guice-servlet/6.0.0/guice-servlet-6.0.0.jar:/home/runner/.m2/repository/org/glassfish/jersey/containers/jersey-container-servlet/2.45/jersey-container-servlet-2.45.jar:/home/runner/.m2/repository/org/glassfish/hk2/guice-bridge/2.6.1/guice-bridge-2.6.1.jar:/home/runner/.m2/repository/org/glassfish/hk2/external/jakarta.inject/2.6.1/jakarta.inject-2.6.1.jar:/home/runner/.m2/repository/org/glassfish/jersey/media/jersey-media-json-jackson/2.45/jersey-media-json-jackson-2.45.jar:/home/runner/.m2/repository/org/glassfish/jersey/ext/jersey-entity-filtering/2.45/jersey-entity-filtering-2.45.jar:/home/runner/.m2/repository/org/jooq/jooq/3.11.10/jooq-3.11.10.jar:/home/runner/.m2/repository/org/jooq/jooq-meta/3.11.10/jooq-meta-3.11.10.jar:/home/runner/.m2/repository/org/jooq/jooq-codegen/3.11.10/jooq-codegen-3.11.10.jar:/home/runner/.m2/repository/com/jolbox/bonecp/0.8.0.RELEASE/bonecp-0.8.0.RELEASE.jar:/home/runner/.m2/repository/org/apache/derby/derby/10.14.2.0/derby-10.14.2.0.jar:/home/runner/.m2/repository/org/xerial/sqlite-jdbc/3.47.0.0/sqlite-jdbc-3.47.0.0.jar:/home/runner/.m2/repository/org/springframework/spring-core/5.3.39/spring-core-5.3.39.jar:/home/runner/.m2/repository/org/springframework/spring-jdbc/5.3.39/spring-jdbc-5.3.39.jar:/home/runner/.m2/repository/org/springframework/spring-beans/5.3.39/spring-beans-5.3.39.jar:/home/runner/.m2/repository/org/springframework/spring-tx/5.3.39/spring-tx-5.3.39.jar:/home/runner/.m2/repository/jakarta/validation/jakarta.validation-api/2.0.2/jakarta.validation-api-2.0.2.jar:/home/runner/.m2/repository/javax/inject/javax.inject/1/javax.inject-1.jar:/home/runner/work/ozone/ozone/hadoop-ozone/client/target/ozone-client-2.0.0-SNAPSHOT.jar:/home/runner/work/ozone/ozone/hadoop-hdds/erasurecode/target/hdds-erasurecode-2.0.0-SNAPSHOT.jar:/home/runner/work/ozone/ozone/hadoop-ozone/ozonefs/target/ozone-filesystem-2.0.0-SNAPSHOT.jar:/home/runner/work/ozone/ozone/hadoop-ozone/ozonefs-common/target/ozone-filesystem-common-2.0.0-SNAPSHOT.jar:/home/runner/work/ozone/ozone/hadoop-ozone/tools/target/ozone-tools-2.0.0-SNAPSHOT.jar:/home/runner/.m2/repository/org/apache/ratis/ratis-tools/3.1.2/ratis-tools-3.1.2.jar:/home/runner/.m2/repository/org/apache/ratis/ratis-shell/3.1.2/ratis-shell-3.1.2.jar:/home/runner/.m2/repository/com/amazonaws/aws-java-sdk-core/1.12.661/aws-java-sdk-core-1.12.661.jar:/home/runner/.m2/repository/com/fasterxml/jackson/dataformat/jackson-dataformat-cbor/2.16.2/jackson-dataformat-cbor-2.16.2.jar:/home/runner/.m2/repository/joda-time/joda-time/2.12.7/joda-time-2.12.7.jar:/home/runner/.m2/repository/com/amazonaws/aws-java-sdk-s3/1.12.661/aws-java-sdk-s3-1.12.661.jar:/home/runner/.m2/repository/com/amazonaws/aws-java-sdk-kms/1.12.661/aws-java-sdk-kms-1.12.661.jar:/home/runner/.m2/repository/com/amazonaws/jmespath-java/1.12.661/jmespath-java-1.12.661.jar:/home/runner/.m2/repository/org/kohsuke/metainf-services/metainf-services/1.11/metainf-services-1.11.jar:/home/runner/work/ozone/ozone/hadoop-hdds/tools/target/hdds-tools-2.0.0-SNAPSHOT.jar:/home/runner/.m2/repository/commons-cli/commons-cli/1.8.0/commons-cli-1.8.0.jar:/home/runner/.m2/repository/org/apache/commons/commons-lang3/3.17.0/commons-lang3-3.17.0.jar:/home/runner/work/ozone/ozone/hadoop-ozone/ozone-manager/target/ozone-manager-2.0.0-SNAPSHOT-tests.jar:/home/runner/work/ozone/ozone/hadoop-hdds/common/target/hdds-common-2.0.0-SNAPSHOT-tests.jar:/home/runner/work/ozone/ozone/hadoop-hdds/hadoop-dependency-client/target/hdds-hadoop-dependency-client-2.0.0-SNAPSHOT.jar:/home/runner/work/ozone/ozone/hadoop-hdds/annotations/target/hdds-annotation-processing-2.0.0-SNAPSHOT.jar:/home/runner/.m2/repository/org/bouncycastle/bcutil-jdk18on/1.79/bcutil-jdk18on-1.79.jar:/home/runner/.m2/repository/io/jaegertracing/jaeger-client/1.8.1/jaeger-client-1.8.1.jar:/home/runner/.m2/repository/io/jaegertracing/jaeger-thrift/1.8.1/jaeger-thrift-1.8.1.jar:/home/runner/.m2/repository/org/apache/thrift/libthrift/0.15.0/libthrift-0.15.0.jar:/home/runner/.m2/repository/com/squareup/okhttp3/okhttp/4.12.0/okhttp-4.12.0.jar:/home/runner/.m2/repository/com/squareup/okio/okio/3.6.0/okio-3.6.0.jar:/home/runner/.m2/repository/com/squareup/okio/okio-jvm/3.6.0/okio-jvm-3.6.0.jar:/home/runner/.m2/repository/org/jetbrains/kotlin/kotlin-stdlib-common/1.9.25/kotlin-stdlib-common-1.9.25.jar:/home/runner/.m2/repository/org/jetbrains/kotlin/kotlin-stdlib-jdk8/1.9.25/kotlin-stdlib-jdk8-1.9.25.jar:/home/runner/.m2/repository/org/jetbrains/kotlin/kotlin-stdlib-jdk7/1.9.25/kotlin-stdlib-jdk7-1.9.25.jar:/home/runner/.m2/repository/io/jaegertracing/jaeger-tracerresolver/1.8.1/jaeger-tracerresolver-1.8.1.jar:/home/runner/.m2/repository/io/opentracing/contrib/opentracing-tracerresolver/0.1.8/opentracing-tracerresolver-0.1.8.jar:/home/runner/.m2/repository/io/jaegertracing/jaeger-core/1.8.1/jaeger-core-1.8.1.jar:/home/runner/.m2/repository/org/jetbrains/kotlin/kotlin-stdlib/1.9.25/kotlin-stdlib-1.9.25.jar:/home/runner/.m2/repository/org/jetbrains/annotations/13.0/annotations-13.0.jar:/home/runner/.m2/repository/org/yaml/snakeyaml/2.0/snakeyaml-2.0.jar:/home/runner/.m2/repository/org/junit/platform/junit-platform-launcher/1.11.3/junit-platform-launcher-1.11.3.jar:/home/runner/.m2/repository/org/junit/platform/junit-platform-engine/1.11.3/junit-platform-engine-1.11.3.jar:/home/runner/.m2/repository/org/apiguardian/apiguardian-api/1.1.2/apiguardian-api-1.1.2.jar:/home/runner/.m2/repository/org/apache/hadoop/hadoop-kms/3.4.1/hadoop-kms-3.4.1.jar:/home/runner/.m2/repository/org/apache/hadoop/hadoop-auth/3.4.1/hadoop-auth-3.4.1.jar:/home/runner/.m2/repository/org/apache/zookeeper/zookeeper/3.8.4/zookeeper-3.8.4.jar:/home/runner/.m2/repository/org/apache/zookeeper/zookeeper-jute/3.8.4/zookeeper-jute-3.8.4.jar:/home/runner/.m2/repository/org/apache/yetus/audience-annotations/0.12.0/audience-annotations-0.12.0.jar:/home/runner/.m2/repository/org/apache/curator/curator-framework/4.2.0/curator-framework-4.2.0.jar:/home/runner/.m2/repository/org/apache/hadoop/thirdparty/hadoop-shaded-guava/1.3.0/hadoop-shaded-guava-1.3.0.jar:/home/runner/.m2/repository/com/sun/jersey/jersey-core/1.19.4/jersey-core-1.19.4.jar:/home/runner/.m2/repository/javax/ws/rs/jsr311-api/1.1.1/jsr311-api-1.1.1.jar:/home/runner/.m2/repository/com/sun/jersey/jersey-server/1.19.4/jersey-server-1.19.4.jar:/home/runner/.m2/repository/org/apache/hadoop/hadoop-common/3.4.1/hadoop-common-3.4.1.jar:/home/runner/.m2/repository/org/apache/commons/commons-math3/3.6.1/commons-math3-3.6.1.jar:/home/runner/.m2/repository/commons-net/commons-net/3.11.1/commons-net-3.11.1.jar:/home/runner/.m2/repository/com/github/pjfanning/jersey-json/1.22.0/jersey-json-1.22.0.jar:/home/runner/.m2/repository/com/sun/xml/bind/jaxb-impl/2.2.3-1/jaxb-impl-2.2.3-1.jar:/home/runner/.m2/repository/org/codehaus/jettison/jettison/1.5.4/jettison-1.5.4.jar:/home/runner/.m2/repository/com/google/re2j/re2j/1.7/re2j-1.7.jar:/home/runner/.m2/repository/com/jcraft/jsch/0.1.55/jsch-0.1.55.jar:/home/runner/.m2/repository/org/apache/curator/curator-client/4.2.0/curator-client-4.2.0.jar:/home/runner/.m2/repository/org/apache/curator/curator-recipes/5.2.0/curator-recipes-5.2.0.jar:/home/runner/.m2/repository/com/google/code/findbugs/jsr305/3.0.2/jsr305-3.0.2.jar:/home/runner/.m2/repository/io/netty/netty-transport-native-epoll/4.1.109.Final/netty-transport-native-epoll-4.1.109.Final.jar:/home/runner/.m2/repository/dnsjava/dnsjava/3.6.1/dnsjava-3.6.1.jar:/home/runner/.m2/repository/org/apache/hadoop/hadoop-kms/3.4.1/hadoop-kms-3.4.1-tests.jar:/home/runner/work/ozone/ozone/hadoop-hdds/server-scm/target/hdds-server-scm-2.0.0-SNAPSHOT-tests.jar:/home/runner/work/ozone/ozone/hadoop-hdds/container-service/target/hdds-container-service-2.0.0-SNAPSHOT-tests.jar:/home/runner/.m2/repository/com/github/luben/zstd-jni/1.5.6-7/zstd-jni-1.5.6-7.jar:/home/runner/.m2/repository/io/netty/netty-buffer/4.1.109.Final/netty-buffer-4.1.109.Final.jar:/home/runner/.m2/repository/io/netty/netty-codec/4.1.109.Final/netty-codec-4.1.109.Final.jar:/home/runner/work/ozone/ozone/hadoop-hdds/hadoop-dependency-test/target/hdds-hadoop-dependency-test-2.0.0-SNAPSHOT.jar:/home/runner/.m2/repository/org/apache/hadoop/hadoop-common/3.4.1/hadoop-common-3.4.1-tests.jar:/home/runner/.m2/repository/org/apache/hadoop/hadoop-hdfs/3.4.1/hadoop-hdfs-3.4.1-tests.jar:/home/runner/.m2/repository/org/junit/jupiter/junit-jupiter-engine/5.11.3/junit-jupiter-engine-5.11.3.jar:/home/runner/.m2/repository/org/junit/jupiter/junit-jupiter-params/5.11.3/junit-jupiter-params-5.11.3.jar:/home/runner/.m2/repository/org/mockito/mockito-core/4.11.0/mockito-core-4.11.0.jar:/home/runner/.m2/repository/net/bytebuddy/byte-buddy-agent/1.12.19/byte-buddy-agent-1.12.19.jar:/home/runner/.m2/repository/org/objenesis/objenesis/3.3/objenesis-3.3.jar:/home/runner/.m2/repository/org/mockito/mockito-inline/4.11.0/mockito-inline-4.11.0.jar:/home/runner/.m2/repository/org/mockito/mockito-junit-jupiter/4.11.0/mockito-junit-jupiter-4.11.0.jar:/home/runner/.m2/repository/org/apache/hadoop/hadoop-distcp/3.4.1/hadoop-distcp-3.4.1.jar:/home/runner/.m2/repository/org/apache/hadoop/hadoop-mapreduce-client-jobclient/3.4.1/hadoop-mapreduce-client-jobclient-3.4.1.jar:/home/runner/.m2/repository/org/apache/hadoop/hadoop-mapreduce-client-common/3.4.1/hadoop-mapreduce-client-common-3.4.1.jar:/home/runner/.m2/repository/org/apache/hadoop/hadoop-yarn-common/3.4.1/hadoop-yarn-common-3.4.1.jar:/home/runner/.m2/repository/org/apache/hadoop/hadoop-yarn-api/3.4.1/hadoop-yarn-api-3.4.1.jar:/home/runner/.m2/repository/javax/xml/bind/jaxb-api/2.2.11/jaxb-api-2.2.11.jar:/home/runner/.m2/repository/com/sun/jersey/contribs/jersey-guice/1.19.4/jersey-guice-1.19.4.jar:/home/runner/.m2/repository/com/fasterxml/jackson/jaxrs/jackson-jaxrs-json-provider/2.16.2/jackson-jaxrs-json-provider-2.16.2.jar:/home/runner/.m2/repository/com/fasterxml/jackson/jaxrs/jackson-jaxrs-base/2.16.2/jackson-jaxrs-base-2.16.2.jar:/home/runner/.m2/repository/org/apache/hadoop/hadoop-yarn-client/3.4.1/hadoop-yarn-client-3.4.1.jar:/home/runner/.m2/repository/org/eclipse/jetty/websocket/websocket-client/9.4.53.v20231009/websocket-client-9.4.53.v20231009.jar:/home/runner/.m2/repository/org/eclipse/jetty/websocket/websocket-common/9.4.53.v20231009/websocket-common-9.4.53.v20231009.jar:/home/runner/.m2/repository/org/eclipse/jetty/websocket/websocket-api/9.4.53.v20231009/websocket-api-9.4.53.v20231009.jar:/home/runner/.m2/repository/org/apache/hadoop/hadoop-mapreduce-client-core/3.4.1/hadoop-mapreduce-client-core-3.4.1.jar:/home/runner/.m2/repository/org/apache/avro/avro/1.9.2/avro-1.9.2.jar:/home/runner/.m2/repository/org/apache/hadoop/hadoop-annotations/3.4.1/hadoop-annotations-3.4.1.jar:/home/runner/.m2/repository/io/netty/netty-all/4.1.109.Final/netty-all-4.1.109.Final.jar:/home/runner/.m2/repository/io/netty/netty-codec-dns/4.1.109.Final/netty-codec-dns-4.1.109.Final.jar:/home/runner/.m2/repository/io/netty/netty-codec-haproxy/4.1.109.Final/netty-codec-haproxy-4.1.109.Final.jar:/home/runner/.m2/repository/io/netty/netty-codec-memcache/4.1.109.Final/netty-codec-memcache-4.1.109.Final.jar:/home/runner/.m2/repository/io/netty/netty-codec-mqtt/4.1.109.Final/netty-codec-mqtt-4.1.109.Final.jar:/home/runner/.m2/repository/io/netty/netty-codec-redis/4.1.109.Final/netty-codec-redis-4.1.109.Final.jar:/home/runner/.m2/repository/io/netty/netty-codec-smtp/4.1.109.Final/netty-codec-smtp-4.1.109.Final.jar:/home/runner/.m2/repository/io/netty/netty-codec-stomp/4.1.109.Final/netty-codec-stomp-4.1.109.Final.jar:/home/runner/.m2/repository/io/netty/netty-codec-xml/4.1.109.Final/netty-codec-xml-4.1.109.Final.jar:/home/runner/.m2/repository/io/netty/netty-handler-ssl-ocsp/4.1.109.Final/netty-handler-ssl-ocsp-4.1.109.Final.jar:/home/runner/.m2/repository/io/netty/netty-resolver-dns/4.1.109.Final/netty-resolver-dns-4.1.109.Final.jar:/home/runner/.m2/repository/io/netty/netty-transport-rxtx/4.1.109.Final/netty-transport-rxtx-4.1.109.Final.jar:/home/runner/.m2/repository/io/netty/netty-transport-sctp/4.1.109.Final/netty-transport-sctp-4.1.109.Final.jar:/home/runner/.m2/repository/io/netty/netty-transport-udt/4.1.109.Final/netty-transport-udt-4.1.109.Final.jar:/home/runner/.m2/repository/io/netty/netty-transport-classes-kqueue/4.1.109.Final/netty-transport-classes-kqueue-4.1.109.Final.jar:/home/runner/.m2/repository/io/netty/netty-resolver-dns-classes-macos/4.1.109.Final/netty-resolver-dns-classes-macos-4.1.109.Final.jar:/home/runner/.m2/repository/io/netty/netty-transport-native-epoll/4.1.109.Final/netty-transport-native-epoll-4.1.109.Final-linux-aarch_64.jar:/home/runner/.m2/repository/io/netty/netty-transport-native-epoll/4.1.109.Final/netty-transport-native-epoll-4.1.109.Final-linux-riscv64.jar:/home/runner/.m2/repository/io/netty/netty-transport-native-kqueue/4.1.109.Final/netty-transport-native-kqueue-4.1.109.Final-osx-x86_64.jar:/home/runner/.m2/repository/io/netty/netty-transport-native-kqueue/4.1.109.Final/netty-transport-native-kqueue-4.1.109.Final-osx-aarch_64.jar:/home/runner/.m2/repository/io/netty/netty-resolver-dns-native-macos/4.1.109.Final/netty-resolver-dns-native-macos-4.1.109.Final-osx-x86_64.jar:/home/runner/.m2/repository/io/netty/netty-resolver-dns-native-macos/4.1.109.Final/netty-resolver-dns-native-macos-4.1.109.Final-osx-aarch_64.jar:/home/runner/.m2/repository/org/apache/hadoop/hadoop-distcp/3.4.1/hadoop-distcp-3.4.1-tests.jar:/home/runner/.m2/repository/org/apache/ratis/ratis-server/3.1.2/ratis-server-3.1.2.jar:/home/runner/.m2/repository/org/hamcrest/hamcrest/2.2/hamcrest-2.2.jar:/home/runner/.m2/repository/org/slf4j/jul-to-slf4j/2.0.16/jul-to-slf4j-2.0.16.jar:/home/runner/.m2/repository/org/assertj/assertj-core/3.26.3/assertj-core-3.26.3.jar:/home/runner/.m2/repository/net/bytebuddy/byte-buddy/1.14.18/byte-buddy-1.14.18.jar:/home/runner/work/ozone/ozone/hadoop-ozone/integration-test/target/gradle-enterprise/test-listeners.jar:"/>
    <property name="sun.cpu.endian" value="little"/>
    <property name="user.home" value="/home/runner"/>
    <property name="user.language" value="en"/>
    <property name="java.specification.vendor" value="Oracle Corporation"/>
    <property name="skipRecon" value="true"/>
    <property name="java.version.date" value="2024-10-15"/>
    <property name="java.home" value="/usr/lib/jvm/temurin-17-jdk-amd64"/>
    <property name="java.security.krb5.conf" value="/home/runner/work/ozone/ozone/hadoop-ozone/integration-test/target/test-classes/krb5.conf"/>
    <property name="file.separator" value="/"/>
    <property name="basedir" value="/home/runner/work/ozone/ozone/hadoop-ozone/integration-test"/>
    <property name="java.vm.compressedOopsMode" value="Zero based"/>
    <property name="line.separator" value="&#10;"/>
    <property name="java.vm.specification.vendor" value="Oracle Corporation"/>
    <property name="java.specification.name" value="Java Platform API Specification"/>
    <property name="surefire.real.class.path" value="/home/runner/work/ozone/ozone/hadoop-ozone/integration-test/target/surefire/surefirebooter9103279770562183230.jar"/>
    <property name="hadoop.log.dir" value="/home/runner/work/ozone/ozone/hadoop-ozone/integration-test/target/log"/>
    <property name="sun.management.compiler" value="HotSpot 64-Bit Tiered Compilers"/>
    <property name="skipShade" value="true"/>
    <property name="java.runtime.version" value="17.0.13+11"/>
    <property name="user.name" value="runner"/>
    <property name="java.net.preferIPv4Stack" value="true"/>
    <property name="path.separator" value=":"/>
    <property name="java.security.egd" value="file:///dev/urandom"/>
    <property name="os.version" value="5.15.0-1074-azure"/>
    <property name="java.runtime.name" value="OpenJDK Runtime Environment"/>
    <property name="com.gradle.maven.scan.extension.test.listener.junitplatform.NestedExecutionSafeDelegatingTestExecutionListener" value="f381794"/>
    <property name="file.encoding" value="UTF-8"/>
    <property name="java.vm.name" value="OpenJDK 64-Bit Server VM"/>
    <property name="java.vendor.version" value="Temurin-17.0.13+11"/>
    <property name="test.build.webapps" value=""/>
    <property name="develocity.listener.surefire.forkId" value="1"/>
    <property name="localRepository" value="/home/runner/.m2/repository"/>
    <property name="java.vendor.url.bug" value="https://github.com/adoptium/adoptium-support/issues"/>
    <property name="jetty.git.hash" value="ec6782ff5ead824dabdcf47fa98f90a4aedff401"/>
    <property name="java.io.tmpdir" value="/tmp"/>
    <property name="require.test.libhadoop" value=""/>
    <property name="java.version" value="17.0.13"/>
    <property name="user.dir" value="/home/runner/work/ozone/ozone/hadoop-ozone/integration-test"/>
    <property name="os.arch" value="amd64"/>
    <property name="java.vm.specification.name" value="Java Virtual Machine Specification"/>
    <property name="test.build.classes" value="/home/runner/work/ozone/ozone/hadoop-ozone/integration-test/target/test-classes"/>
    <property name="org.apache.ratis.thirdparty.io.netty.allocator.useCacheForAllThreads" value="false"/>
    <property name="native.encoding" value="UTF-8"/>
    <property name="hadoop.tmp.dir" value="/home/runner/work/ozone/ozone/hadoop-ozone/integration-test/target/tmp"/>
    <property name="java.library.path" value="/usr/java/packages/lib:/usr/lib64:/lib64:/lib:/usr/lib"/>
    <property name="java.vm.info" value="mixed mode, sharing"/>
    <property name="java.vendor" value="Eclipse Adoptium"/>
    <property name="java.vm.version" value="17.0.13+11"/>
    <property name="java.specification.maintenance.version" value="1"/>
    <property name="sun.io.unicode.encoding" value="UnicodeLittle"/>
    <property name="develocity.listener.port" value="40161"/>
    <property name="java.class.version" value="61.0"/>
  </properties>
  <testcase name="testStaleNodesCount" classname="org.apache.hadoop.hdds.scm.node.TestQueryNode" time="35.113">
    <error type="java.util.concurrent.TimeoutException"><![CDATA[java.util.concurrent.TimeoutException: 
Timed out waiting for condition. Thread diagnostics:
Timestamp: 2024-11-29 05:29:46,946

"grpc-default-boss-ELG-1-1" daemon prio=5 tid=430 runnable
java.lang.Thread.State: RUNNABLE
        at app//org.apache.ratis.thirdparty.io.netty.channel.epoll.Native.epollWait(Native Method)
        at app//org.apache.ratis.thirdparty.io.netty.channel.epoll.Native.epollWait(Native.java:220)
        at app//org.apache.ratis.thirdparty.io.netty.channel.epoll.Native.epollWait(Native.java:213)
        at app//org.apache.ratis.thirdparty.io.netty.channel.epoll.EpollEventLoop.epollWaitNoTimerChange(EpollEventLoop.java:308)
        at app//org.apache.ratis.thirdparty.io.netty.channel.epoll.EpollEventLoop.run(EpollEventLoop.java:365)
        at app//org.apache.ratis.thirdparty.io.netty.util.concurrent.SingleThreadEventExecutor$4.run(SingleThreadEventExecutor.java:997)
        at app//org.apache.ratis.thirdparty.io.netty.util.internal.ThreadExecutorMap$2.run(ThreadExecutorMap.java:74)
        at app//org.apache.ratis.thirdparty.io.netty.util.concurrent.FastThreadLocalRunnable.run(FastThreadLocalRunnable.java:30)
        at java.base@17.0.13/java.lang.Thread.run(Thread.java:840)
"qtp560332026-667" daemon prio=5 tid=667 runnable
java.lang.Thread.State: RUNNABLE
        at java.base@17.0.13/sun.nio.ch.EPoll.wait(Native Method)
        at java.base@17.0.13/sun.nio.ch.EPollSelectorImpl.doSelect(EPollSelectorImpl.java:118)
        at java.base@17.0.13/sun.nio.ch.SelectorImpl.lockAndDoSelect(SelectorImpl.java:129)
        at java.base@17.0.13/sun.nio.ch.SelectorImpl.select(SelectorImpl.java:146)
        at app//org.eclipse.jetty.io.ManagedSelector.nioSelect(ManagedSelector.java:183)
        at app//org.eclipse.jetty.io.ManagedSelector.select(ManagedSelector.java:190)
        at app//org.eclipse.jetty.io.ManagedSelector$SelectorProducer.select(ManagedSelector.java:606)
        at app//org.eclipse.jetty.io.ManagedSelector$SelectorProducer.produce(ManagedSelector.java:543)
        at app//org.eclipse.jetty.util.thread.strategy.EatWhatYouKill.produceTask(EatWhatYouKill.java:362)
        at app//org.eclipse.jetty.util.thread.strategy.EatWhatYouKill.doProduce(EatWhatYouKill.java:186)
        at app//org.eclipse.jetty.util.thread.strategy.EatWhatYouKill.tryProduce(EatWhatYouKill.java:173)
        at app//org.eclipse.jetty.util.thread.strategy.EatWhatYouKill.produce(EatWhatYouKill.java:137)
        at app//org.eclipse.jetty.io.ManagedSelector$$Lambda$837/0x00007fa408547510.run(Unknown Source)
        at app//org.eclipse.jetty.util.thread.QueuedThreadPool.runJob(QueuedThreadPool.java:883)
        at app//org.eclipse.jetty.util.thread.QueuedThreadPool$Runner.run(QueuedThreadPool.java:1034)
        at java.base@17.0.13/java.lang.Thread.run(Thread.java:840)
"IPC Server idle connection scanner for port 15001" daemon prio=5 tid=57 timed_waiting
java.lang.Thread.State: TIMED_WAITING
        at java.base@17.0.13/java.lang.Object.wait(Native Method)
        at java.base@17.0.13/java.util.TimerThread.mainLoop(Timer.java:563)
        at java.base@17.0.13/java.util.TimerThread.run(Timer.java:516)
"IPC Server handler 76 on default port 15000" daemon prio=5 tid=161 timed_waiting
java.lang.Thread.State: TIMED_WAITING
        at java.base@17.0.13/jdk.internal.misc.Unsafe.park(Native Method)
        at java.base@17.0.13/java.util.concurrent.locks.LockSupport.parkNanos(LockSupport.java:252)
        at java.base@17.0.13/java.util.concurrent.locks.AbstractQueuedSynchronizer$ConditionObject.awaitNanos(AbstractQueuedSynchronizer.java:1679)
        at java.base@17.0.13/java.util.concurrent.LinkedBlockingQueue.poll(LinkedBlockingQueue.java:460)
        at app//org.apache.hadoop.ipc.CallQueueManager.take(CallQueueManager.java:370)
        at app//org.apache.hadoop.ipc.Server$Handler.run(Server.java:3165)
"IPC Server idle connection scanner for port 15046" daemon prio=5 tid=687 timed_waiting
java.lang.Thread.State: TIMED_WAITING
        at java.base@17.0.13/java.lang.Object.wait(Native Method)
        at java.base@17.0.13/java.util.TimerThread.mainLoop(Timer.java:563)
        at java.base@17.0.13/java.util.TimerThread.run(Timer.java:516)
"82107b5c-a456-4cce-866c-b79ad2953fda-PeriodicHDDSVolumeChecker" daemon prio=5 tid=767 timed_waiting
java.lang.Thread.State: TIMED_WAITING
        at java.base@17.0.13/jdk.internal.misc.Unsafe.park(Native Method)
        at java.base@17.0.13/java.util.concurrent.locks.LockSupport.parkNanos(LockSupport.java:252)
        at java.base@17.0.13/java.util.concurrent.locks.AbstractQueuedSynchronizer$ConditionObject.awaitNanos(AbstractQueuedSynchronizer.java:1679)
        at java.base@17.0.13/java.util.concurrent.ScheduledThreadPoolExecutor$DelayedWorkQueue.take(ScheduledThreadPoolExecutor.java:1182)
        at java.base@17.0.13/java.util.concurrent.ScheduledThreadPoolExecutor$DelayedWorkQueue.take(ScheduledThreadPoolExecutor.java:899)
        at java.base@17.0.13/java.util.concurrent.ThreadPoolExecutor.getTask(ThreadPoolExecutor.java:1062)
        at java.base@17.0.13/java.util.concurrent.ThreadPoolExecutor.runWorker(ThreadPoolExecutor.java:1122)
        at java.base@17.0.13/java.util.concurrent.ThreadPoolExecutor$Worker.run(ThreadPoolExecutor.java:635)
        at java.base@17.0.13/java.lang.Thread.run(Thread.java:840)
"Socket Reader #3 for port 15028"  prio=5 tid=587 runnable
java.lang.Thread.State: RUNNABLE
        at java.base@17.0.13/sun.nio.ch.EPoll.wait(Native Method)
        at java.base@17.0.13/sun.nio.ch.EPollSelectorImpl.doSelect(EPollSelectorImpl.java:118)
        at java.base@17.0.13/sun.nio.ch.SelectorImpl.lockAndDoSelect(SelectorImpl.java:129)
        at java.base@17.0.13/sun.nio.ch.SelectorImpl.select(SelectorImpl.java:146)
        at app//org.apache.hadoop.ipc.Server$Listener$Reader.doRunLoop(Server.java:1497)
        at app//org.apache.hadoop.ipc.Server$Listener$Reader.run(Server.java:1476)
"IPC Server handler 77 on default port 15002" daemon prio=5 tid=362 timed_waiting
java.lang.Thread.State: TIMED_WAITING
        at java.base@17.0.13/jdk.internal.misc.Unsafe.park(Native Method)
        at java.base@17.0.13/java.util.concurrent.locks.LockSupport.parkNanos(LockSupport.java:252)
        at java.base@17.0.13/java.util.concurrent.locks.AbstractQueuedSynchronizer$ConditionObject.awaitNanos(AbstractQueuedSynchronizer.java:1679)
        at java.base@17.0.13/java.util.concurrent.LinkedBlockingQueue.poll(LinkedBlockingQueue.java:460)
        at app//org.apache.hadoop.ipc.CallQueueManager.take(CallQueueManager.java:370)
        at app//org.apache.hadoop.ipc.Server$Handler.run(Server.java:3165)
"pool-183-thread-1"  prio=5 tid=666 timed_waiting
java.lang.Thread.State: TIMED_WAITING
        at java.base@17.0.13/jdk.internal.misc.Unsafe.park(Native Method)
        at java.base@17.0.13/java.util.concurrent.locks.LockSupport.parkNanos(LockSupport.java:252)
        at java.base@17.0.13/java.util.concurrent.locks.AbstractQueuedSynchronizer$ConditionObject.awaitNanos(AbstractQueuedSynchronizer.java:1679)
        at java.base@17.0.13/java.util.concurrent.ScheduledThreadPoolExecutor$DelayedWorkQueue.take(ScheduledThreadPoolExecutor.java:1182)
        at java.base@17.0.13/java.util.concurrent.ScheduledThreadPoolExecutor$DelayedWorkQueue.take(ScheduledThreadPoolExecutor.java:899)
        at java.base@17.0.13/java.util.concurrent.ThreadPoolExecutor.getTask(ThreadPoolExecutor.java:1062)
        at java.base@17.0.13/java.util.concurrent.ThreadPoolExecutor.runWorker(ThreadPoolExecutor.java:1122)
        at java.base@17.0.13/java.util.concurrent.ThreadPoolExecutor$Worker.run(ThreadPoolExecutor.java:635)
        at java.base@17.0.13/java.lang.Thread.run(Thread.java:840)
"IPC Server handler 18 on default port 15000" daemon prio=5 tid=103 timed_waiting
java.lang.Thread.State: TIMED_WAITING
        at java.base@17.0.13/jdk.internal.misc.Unsafe.park(Native Method)
        at java.base@17.0.13/java.util.concurrent.locks.LockSupport.parkNanos(LockSupport.java:252)
        at java.base@17.0.13/java.util.concurrent.locks.AbstractQueuedSynchronizer$ConditionObject.awaitNanos(AbstractQueuedSynchronizer.java:1679)
        at java.base@17.0.13/java.util.concurrent.LinkedBlockingQueue.poll(LinkedBlockingQueue.java:460)
        at app//org.apache.hadoop.ipc.CallQueueManager.take(CallQueueManager.java:370)
        at app//org.apache.hadoop.ipc.Server$Handler.run(Server.java:3165)
"Socket Reader #6 for port 15000"  prio=5 tid=66 runnable
java.lang.Thread.State: RUNNABLE
        at java.base@17.0.13/sun.nio.ch.EPoll.wait(Native Method)
        at java.base@17.0.13/sun.nio.ch.EPollSelectorImpl.doSelect(EPollSelectorImpl.java:118)
        at java.base@17.0.13/sun.nio.ch.SelectorImpl.lockAndDoSelect(SelectorImpl.java:129)
        at java.base@17.0.13/sun.nio.ch.SelectorImpl.select(SelectorImpl.java:146)
        at app//org.apache.hadoop.ipc.Server$Listener$Reader.doRunLoop(Server.java:1497)
        at app//org.apache.hadoop.ipc.Server$Listener$Reader.run(Server.java:1476)
"46c085ae-d173-483e-a797-bf073fdc6d33-CommandProcessorThread" daemon prio=5 tid=613 timed_waiting
java.lang.Thread.State: TIMED_WAITING
        at java.base@17.0.13/java.lang.Thread.sleep(Native Method)
        at app//org.apache.hadoop.ozone.container.common.statemachine.DatanodeStateMachine.lambda$initCommandHandlerThread$4(DatanodeStateMachine.java:670)
        at app//org.apache.hadoop.ozone.container.common.statemachine.DatanodeStateMachine$$Lambda$1447/0x00007fa408903f20.run(Unknown Source)
        at java.base@17.0.13/java.lang.Thread.run(Thread.java:840)
"Socket Reader #8 for port 15046"  prio=5 tid=684 runnable
java.lang.Thread.State: RUNNABLE
        at java.base@17.0.13/sun.nio.ch.EPoll.wait(Native Method)
        at java.base@17.0.13/sun.nio.ch.EPollSelectorImpl.doSelect(EPollSelectorImpl.java:118)
        at java.base@17.0.13/sun.nio.ch.SelectorImpl.lockAndDoSelect(SelectorImpl.java:129)
        at java.base@17.0.13/sun.nio.ch.SelectorImpl.select(SelectorImpl.java:146)
        at app//org.apache.hadoop.ipc.Server$Listener$Reader.doRunLoop(Server.java:1497)
        at app//org.apache.hadoop.ipc.Server$Listener$Reader.run(Server.java:1476)
"IPC Server handler 9 on default port 15001" daemon prio=5 tid=194 timed_waiting
java.lang.Thread.State: TIMED_WAITING
        at java.base@17.0.13/jdk.internal.misc.Unsafe.park(Native Method)
        at java.base@17.0.13/java.util.concurrent.locks.LockSupport.parkNanos(LockSupport.java:252)
        at java.base@17.0.13/java.util.concurrent.locks.AbstractQueuedSynchronizer$ConditionObject.awaitNanos(AbstractQueuedSynchronizer.java:1679)
        at java.base@17.0.13/java.util.concurrent.LinkedBlockingQueue.poll(LinkedBlockingQueue.java:460)
        at app//org.apache.hadoop.ipc.CallQueueManager.take(CallQueueManager.java:370)
        at app//org.apache.hadoop.ipc.Server$Handler.run(Server.java:3165)
"IPC Server handler 15 on default port 15002" daemon prio=5 tid=300 timed_waiting
java.lang.Thread.State: TIMED_WAITING
        at java.base@17.0.13/jdk.internal.misc.Unsafe.park(Native Method)
        at java.base@17.0.13/java.util.concurrent.locks.LockSupport.parkNanos(LockSupport.java:252)
        at java.base@17.0.13/java.util.concurrent.locks.AbstractQueuedSynchronizer$ConditionObject.awaitNanos(AbstractQueuedSynchronizer.java:1679)
        at java.base@17.0.13/java.util.concurrent.LinkedBlockingQueue.poll(LinkedBlockingQueue.java:460)
        at app//org.apache.hadoop.ipc.CallQueueManager.take(CallQueueManager.java:370)
        at app//org.apache.hadoop.ipc.Server$Handler.run(Server.java:3165)
"StaleRecoveringContainerScrubbingService#0" daemon prio=5 tid=797 timed_waiting
java.lang.Thread.State: TIMED_WAITING
        at java.base@17.0.13/jdk.internal.misc.Unsafe.park(Native Method)
        at java.base@17.0.13/java.util.concurrent.locks.LockSupport.parkNanos(LockSupport.java:252)
        at java.base@17.0.13/java.util.concurrent.locks.AbstractQueuedSynchronizer$ConditionObject.awaitNanos(AbstractQueuedSynchronizer.java:1679)
        at java.base@17.0.13/java.util.concurrent.ScheduledThreadPoolExecutor$DelayedWorkQueue.take(ScheduledThreadPoolExecutor.java:1182)
        at java.base@17.0.13/java.util.concurrent.ScheduledThreadPoolExecutor$DelayedWorkQueue.take(ScheduledThreadPoolExecutor.java:899)
        at java.base@17.0.13/java.util.concurrent.ThreadPoolExecutor.getTask(ThreadPoolExecutor.java:1062)
        at java.base@17.0.13/java.util.concurrent.ThreadPoolExecutor.runWorker(ThreadPoolExecutor.java:1122)
        at java.base@17.0.13/java.util.concurrent.ThreadPoolExecutor$Worker.run(ThreadPoolExecutor.java:635)
        at java.base@17.0.13/java.lang.Thread.run(Thread.java:840)
"IPC Server handler 84 on default port 15002" daemon prio=5 tid=369 timed_waiting
java.lang.Thread.State: TIMED_WAITING
        at java.base@17.0.13/jdk.internal.misc.Unsafe.park(Native Method)
        at java.base@17.0.13/java.util.concurrent.locks.LockSupport.parkNanos(LockSupport.java:252)
        at java.base@17.0.13/java.util.concurrent.locks.AbstractQueuedSynchronizer$ConditionObject.awaitNanos(AbstractQueuedSynchronizer.java:1679)
        at java.base@17.0.13/java.util.concurrent.LinkedBlockingQueue.poll(LinkedBlockingQueue.java:460)
        at app//org.apache.hadoop.ipc.CallQueueManager.take(CallQueueManager.java:370)
        at app//org.apache.hadoop.ipc.Server$Handler.run(Server.java:3165)
"IPC Server handler 72 on default port 15001" daemon prio=5 tid=257 timed_waiting
java.lang.Thread.State: TIMED_WAITING
        at java.base@17.0.13/jdk.internal.misc.Unsafe.park(Native Method)
        at java.base@17.0.13/java.util.concurrent.locks.LockSupport.parkNanos(LockSupport.java:252)
        at java.base@17.0.13/java.util.concurrent.locks.AbstractQueuedSynchronizer$ConditionObject.awaitNanos(AbstractQueuedSynchronizer.java:1679)
        at java.base@17.0.13/java.util.concurrent.LinkedBlockingQueue.poll(LinkedBlockingQueue.java:460)
        at app//org.apache.hadoop.ipc.CallQueueManager.take(CallQueueManager.java:370)
        at app//org.apache.hadoop.ipc.Server$Handler.run(Server.java:3165)
"IPC Server handler 96 on default port 15001" daemon prio=5 tid=281 timed_waiting
java.lang.Thread.State: TIMED_WAITING
        at java.base@17.0.13/jdk.internal.misc.Unsafe.park(Native Method)
        at java.base@17.0.13/java.util.concurrent.locks.LockSupport.parkNanos(LockSupport.java:252)
        at java.base@17.0.13/java.util.concurrent.locks.AbstractQueuedSynchronizer$ConditionObject.awaitNanos(AbstractQueuedSynchronizer.java:1679)
        at java.base@17.0.13/java.util.concurrent.LinkedBlockingQueue.poll(LinkedBlockingQueue.java:460)
        at app//org.apache.hadoop.ipc.CallQueueManager.take(CallQueueManager.java:370)
        at app//org.apache.hadoop.ipc.Server$Handler.run(Server.java:3165)
"46c085ae-d173-483e-a797-bf073fdc6d33-ChunkWriter-3-0" daemon prio=5 tid=757 in Object.wait()
java.lang.Thread.State: WAITING (on object monitor)
        at java.base@17.0.13/jdk.internal.misc.Unsafe.park(Native Method)
        at java.base@17.0.13/java.util.concurrent.locks.LockSupport.park(LockSupport.java:341)
        at java.base@17.0.13/java.util.concurrent.locks.AbstractQueuedSynchronizer$ConditionNode.block(AbstractQueuedSynchronizer.java:506)
        at java.base@17.0.13/java.util.concurrent.ForkJoinPool.unmanagedBlock(ForkJoinPool.java:3465)
        at java.base@17.0.13/java.util.concurrent.ForkJoinPool.managedBlock(ForkJoinPool.java:3436)
        at java.base@17.0.13/java.util.concurrent.locks.AbstractQueuedSynchronizer$ConditionObject.await(AbstractQueuedSynchronizer.java:1630)
        at java.base@17.0.13/java.util.concurrent.LinkedBlockingDeque.takeFirst(LinkedBlockingDeque.java:485)
        at java.base@17.0.13/java.util.concurrent.LinkedBlockingDeque.take(LinkedBlockingDeque.java:673)
        at java.base@17.0.13/java.util.concurrent.ThreadPoolExecutor.getTask(ThreadPoolExecutor.java:1062)
        at java.base@17.0.13/java.util.concurrent.ThreadPoolExecutor.runWorker(ThreadPoolExecutor.java:1122)
        at java.base@17.0.13/java.util.concurrent.ThreadPoolExecutor$Worker.run(ThreadPoolExecutor.java:635)
        at java.base@17.0.13/java.lang.Thread.run(Thread.java:840)
"IPC Server Responder" daemon prio=5 tid=58 runnable
java.lang.Thread.State: RUNNABLE
        at java.base@17.0.13/sun.nio.ch.EPoll.wait(Native Method)
        at java.base@17.0.13/sun.nio.ch.EPollSelectorImpl.doSelect(EPollSelectorImpl.java:118)
        at java.base@17.0.13/sun.nio.ch.SelectorImpl.lockAndDoSelect(SelectorImpl.java:129)
        at java.base@17.0.13/sun.nio.ch.SelectorImpl.select(SelectorImpl.java:141)
        at app//org.apache.hadoop.ipc.Server$Responder.doRunLoop(Server.java:1733)
        at app//org.apache.hadoop.ipc.Server$Responder.run(Server.java:1716)
"IPC Server handler 67 on default port 15000" daemon prio=5 tid=152 timed_waiting
java.lang.Thread.State: TIMED_WAITING
        at java.base@17.0.13/jdk.internal.misc.Unsafe.park(Native Method)
        at java.base@17.0.13/java.util.concurrent.locks.LockSupport.parkNanos(LockSupport.java:252)
        at java.base@17.0.13/java.util.concurrent.locks.AbstractQueuedSynchronizer$ConditionObject.awaitNanos(AbstractQueuedSynchronizer.java:1679)
        at java.base@17.0.13/java.util.concurrent.LinkedBlockingQueue.poll(LinkedBlockingQueue.java:460)
        at app//org.apache.hadoop.ipc.CallQueueManager.take(CallQueueManager.java:370)
        at app//org.apache.hadoop.ipc.Server$Handler.run(Server.java:3165)
"46c085ae-d173-483e-a797-bf073fdc6d33@group-1B7DA9A1FD1F-SegmentedRaftLogWorker" daemon prio=5 tid=884 timed_waiting
java.lang.Thread.State: TIMED_WAITING
        at java.base@17.0.13/jdk.internal.misc.Unsafe.park(Native Method)
        at java.base@17.0.13/java.util.concurrent.locks.LockSupport.parkNanos(LockSupport.java:252)
        at java.base@17.0.13/java.util.concurrent.locks.AbstractQueuedSynchronizer$ConditionObject.awaitNanos(AbstractQueuedSynchronizer.java:1679)
        at app//org.apache.ratis.util.DataBlockingQueue.poll(DataBlockingQueue.java:148)
        at app//org.apache.ratis.server.raftlog.segmented.SegmentedRaftLogWorker.run(SegmentedRaftLogWorker.java:307)
        at app//org.apache.ratis.server.raftlog.segmented.SegmentedRaftLogWorker$$Lambda$1186/0x00007fa408726248.run(Unknown Source)
        at java.base@17.0.13/java.util.concurrent.Executors$RunnableAdapter.call(Executors.java:539)
        at java.base@17.0.13/java.util.concurrent.FutureTask.run(FutureTask.java:264)
        at java.base@17.0.13/java.util.concurrent.ThreadPoolExecutor.runWorker(ThreadPoolExecutor.java:1136)
        at java.base@17.0.13/java.util.concurrent.ThreadPoolExecutor$Worker.run(ThreadPoolExecutor.java:635)
        at java.base@17.0.13/java.lang.Thread.run(Thread.java:840)
"IPC Server handler 78 on default port 15000" daemon prio=5 tid=163 timed_waiting
java.lang.Thread.State: TIMED_WAITING
        at java.base@17.0.13/jdk.internal.misc.Unsafe.park(Native Method)
        at java.base@17.0.13/java.util.concurrent.locks.LockSupport.parkNanos(LockSupport.java:252)
        at java.base@17.0.13/java.util.concurrent.locks.AbstractQueuedSynchronizer$ConditionObject.awaitNanos(AbstractQueuedSynchronizer.java:1679)
        at java.base@17.0.13/java.util.concurrent.LinkedBlockingQueue.poll(LinkedBlockingQueue.java:460)
        at app//org.apache.hadoop.ipc.CallQueueManager.take(CallQueueManager.java:370)
        at app//org.apache.hadoop.ipc.Server$Handler.run(Server.java:3165)
"46c085ae-d173-483e-a797-bf073fdc6d33-ChunkWriter-2-0" daemon prio=5 tid=756 in Object.wait()
java.lang.Thread.State: WAITING (on object monitor)
        at java.base@17.0.13/jdk.internal.misc.Unsafe.park(Native Method)
        at java.base@17.0.13/java.util.concurrent.locks.LockSupport.park(LockSupport.java:341)
        at java.base@17.0.13/java.util.concurrent.locks.AbstractQueuedSynchronizer$ConditionNode.block(AbstractQueuedSynchronizer.java:506)
        at java.base@17.0.13/java.util.concurrent.ForkJoinPool.unmanagedBlock(ForkJoinPool.java:3465)
        at java.base@17.0.13/java.util.concurrent.ForkJoinPool.managedBlock(ForkJoinPool.java:3436)
        at java.base@17.0.13/java.util.concurrent.locks.AbstractQueuedSynchronizer$ConditionObject.await(AbstractQueuedSynchronizer.java:1630)
        at java.base@17.0.13/java.util.concurrent.LinkedBlockingDeque.takeFirst(LinkedBlockingDeque.java:485)
        at java.base@17.0.13/java.util.concurrent.LinkedBlockingDeque.take(LinkedBlockingDeque.java:673)
        at java.base@17.0.13/java.util.concurrent.ThreadPoolExecutor.getTask(ThreadPoolExecutor.java:1062)
        at java.base@17.0.13/java.util.concurrent.ThreadPoolExecutor.runWorker(ThreadPoolExecutor.java:1122)
        at java.base@17.0.13/java.util.concurrent.ThreadPoolExecutor$Worker.run(ThreadPoolExecutor.java:635)
        at java.base@17.0.13/java.lang.Thread.run(Thread.java:840)
"IPC Server handler 38 on default port 15002" daemon prio=5 tid=323 timed_waiting
java.lang.Thread.State: TIMED_WAITING
        at java.base@17.0.13/jdk.internal.misc.Unsafe.park(Native Method)
        at java.base@17.0.13/java.util.concurrent.locks.LockSupport.parkNanos(LockSupport.java:252)
        at java.base@17.0.13/java.util.concurrent.locks.AbstractQueuedSynchronizer$ConditionObject.awaitNanos(AbstractQueuedSynchronizer.java:1679)
        at java.base@17.0.13/java.util.concurrent.LinkedBlockingQueue.poll(LinkedBlockingQueue.java:460)
        at app//org.apache.hadoop.ipc.CallQueueManager.take(CallQueueManager.java:370)
        at app//org.apache.hadoop.ipc.Server$Handler.run(Server.java:3165)
"qtp856883246-449" daemon prio=5 tid=449 timed_waiting
java.lang.Thread.State: TIMED_WAITING
        at java.base@17.0.13/jdk.internal.misc.Unsafe.park(Native Method)
        at java.base@17.0.13/java.util.concurrent.locks.LockSupport.parkNanos(LockSupport.java:252)
        at java.base@17.0.13/java.util.concurrent.locks.AbstractQueuedSynchronizer$ConditionObject.awaitNanos(AbstractQueuedSynchronizer.java:1679)
        at app//org.eclipse.jetty.util.BlockingArrayQueue.poll(BlockingArrayQueue.java:382)
        at app//org.eclipse.jetty.util.thread.QueuedThreadPool$Runner.idleJobPoll(QueuedThreadPool.java:974)
        at app//org.eclipse.jetty.util.thread.QueuedThreadPool$Runner.run(QueuedThreadPool.java:1018)
        at java.base@17.0.13/java.lang.Thread.run(Thread.java:840)
"IPC Server handler 15 on default port 15004" daemon prio=5 tid=467 timed_waiting
java.lang.Thread.State: TIMED_WAITING
        at java.base@17.0.13/jdk.internal.misc.Unsafe.park(Native Method)
        at java.base@17.0.13/java.util.concurrent.locks.LockSupport.parkNanos(LockSupport.java:252)
        at java.base@17.0.13/java.util.concurrent.locks.AbstractQueuedSynchronizer$ConditionObject.awaitNanos(AbstractQueuedSynchronizer.java:1679)
        at java.base@17.0.13/java.util.concurrent.LinkedBlockingQueue.poll(LinkedBlockingQueue.java:460)
        at app//org.apache.hadoop.ipc.CallQueueManager.take(CallQueueManager.java:370)
        at app//org.apache.hadoop.ipc.Server$Handler.run(Server.java:3165)
"IPC Server handler 68 on default port 15002" daemon prio=5 tid=353 timed_waiting
java.lang.Thread.State: TIMED_WAITING
        at java.base@17.0.13/jdk.internal.misc.Unsafe.park(Native Method)
        at java.base@17.0.13/java.util.concurrent.locks.LockSupport.parkNanos(LockSupport.java:252)
        at java.base@17.0.13/java.util.concurrent.locks.AbstractQueuedSynchronizer$ConditionObject.awaitNanos(AbstractQueuedSynchronizer.java:1679)
        at java.base@17.0.13/java.util.concurrent.LinkedBlockingQueue.poll(LinkedBlockingQueue.java:460)
        at app//org.apache.hadoop.ipc.CallQueueManager.take(CallQueueManager.java:370)
        at app//org.apache.hadoop.ipc.Server$Handler.run(Server.java:3165)
"IPC Client (2062741027) connection to 0.0.0.0/0.0.0.0:15000 from runner" daemon prio=5 tid=952 timed_waiting
java.lang.Thread.State: TIMED_WAITING
        at java.base@17.0.13/java.lang.Object.wait(Native Method)
        at app//org.apache.hadoop.ipc.Client$Connection.waitForWork(Client.java:1042)
        at app//org.apache.hadoop.ipc.Client$Connection.run(Client.java:1093)
"IPC Server handler 45 on default port 15001" daemon prio=5 tid=230 timed_waiting
java.lang.Thread.State: TIMED_WAITING
        at java.base@17.0.13/jdk.internal.misc.Unsafe.park(Native Method)
        at java.base@17.0.13/java.util.concurrent.locks.LockSupport.parkNanos(LockSupport.java:252)
        at java.base@17.0.13/java.util.concurrent.locks.AbstractQueuedSynchronizer$ConditionObject.awaitNanos(AbstractQueuedSynchronizer.java:1679)
        at java.base@17.0.13/java.util.concurrent.LinkedBlockingQueue.poll(LinkedBlockingQueue.java:460)
        at app//org.apache.hadoop.ipc.CallQueueManager.take(CallQueueManager.java:370)
        at app//org.apache.hadoop.ipc.Server$Handler.run(Server.java:3165)
"EventQueue-DatanodeCommandQueueUpdatedForDatanodeCommandCountUpdatedHandler" daemon prio=5 tid=806 in Object.wait()
java.lang.Thread.State: WAITING (on object monitor)
        at java.base@17.0.13/jdk.internal.misc.Unsafe.park(Native Method)
        at java.base@17.0.13/java.util.concurrent.locks.LockSupport.park(LockSupport.java:341)
        at java.base@17.0.13/java.util.concurrent.locks.AbstractQueuedSynchronizer$ConditionNode.block(AbstractQueuedSynchronizer.java:506)
        at java.base@17.0.13/java.util.concurrent.ForkJoinPool.unmanagedBlock(ForkJoinPool.java:3465)
        at java.base@17.0.13/java.util.concurrent.ForkJoinPool.managedBlock(ForkJoinPool.java:3436)
        at java.base@17.0.13/java.util.concurrent.locks.AbstractQueuedSynchronizer$ConditionObject.await(AbstractQueuedSynchronizer.java:1630)
        at java.base@17.0.13/java.util.concurrent.LinkedBlockingQueue.take(LinkedBlockingQueue.java:435)
        at java.base@17.0.13/java.util.concurrent.ThreadPoolExecutor.getTask(ThreadPoolExecutor.java:1062)
        at java.base@17.0.13/java.util.concurrent.ThreadPoolExecutor.runWorker(ThreadPoolExecutor.java:1122)
        at java.base@17.0.13/java.util.concurrent.ThreadPoolExecutor$Worker.run(ThreadPoolExecutor.java:635)
        at java.base@17.0.13/java.lang.Thread.run(Thread.java:840)
"Timer for 'StorageContainerManager' metrics system" daemon prio=5 tid=84 timed_waiting
java.lang.Thread.State: TIMED_WAITING
        at java.base@17.0.13/java.lang.Object.wait(Native Method)
        at java.base@17.0.13/java.util.TimerThread.mainLoop(Timer.java:563)
        at java.base@17.0.13/java.util.TimerThread.run(Timer.java:516)
"46c085ae-d173-483e-a797-bf073fdc6d33-RocksDBCompactionThread-0"  prio=5 tid=570 timed_waiting
java.lang.Thread.State: TIMED_WAITING
        at java.base@17.0.13/jdk.internal.misc.Unsafe.park(Native Method)
        at java.base@17.0.13/java.util.concurrent.locks.LockSupport.parkNanos(LockSupport.java:252)
        at java.base@17.0.13/java.util.concurrent.locks.AbstractQueuedSynchronizer$ConditionObject.awaitNanos(AbstractQueuedSynchronizer.java:1679)
        at java.base@17.0.13/java.util.concurrent.ScheduledThreadPoolExecutor$DelayedWorkQueue.take(ScheduledThreadPoolExecutor.java:1182)
        at java.base@17.0.13/java.util.concurrent.ScheduledThreadPoolExecutor$DelayedWorkQueue.take(ScheduledThreadPoolExecutor.java:899)
        at java.base@17.0.13/java.util.concurrent.ThreadPoolExecutor.getTask(ThreadPoolExecutor.java:1062)
        at java.base@17.0.13/java.util.concurrent.ThreadPoolExecutor.runWorker(ThreadPoolExecutor.java:1122)
        at java.base@17.0.13/java.util.concurrent.ThreadPoolExecutor$Worker.run(ThreadPoolExecutor.java:635)
        at java.base@17.0.13/java.lang.Thread.run(Thread.java:840)
"qtp1888798697-532" daemon prio=5 tid=532 timed_waiting
java.lang.Thread.State: TIMED_WAITING
        at java.base@17.0.13/jdk.internal.misc.Unsafe.park(Native Method)
        at java.base@17.0.13/java.util.concurrent.locks.LockSupport.parkNanos(LockSupport.java:252)
        at java.base@17.0.13/java.util.concurrent.locks.AbstractQueuedSynchronizer$ConditionObject.awaitNanos(AbstractQueuedSynchronizer.java:1679)
        at app//org.eclipse.jetty.util.BlockingArrayQueue.poll(BlockingArrayQueue.java:382)
        at app//org.eclipse.jetty.util.thread.QueuedThreadPool$Runner.idleJobPoll(QueuedThreadPool.java:974)
        at app//org.eclipse.jetty.util.thread.QueuedThreadPool$Runner.run(QueuedThreadPool.java:1018)
        at java.base@17.0.13/java.lang.Thread.run(Thread.java:840)
"IPC Server handler 33 on default port 15000" daemon prio=5 tid=118 timed_waiting
java.lang.Thread.State: TIMED_WAITING
        at java.base@17.0.13/jdk.internal.misc.Unsafe.park(Native Method)
        at java.base@17.0.13/java.util.concurrent.locks.LockSupport.parkNanos(LockSupport.java:252)
        at java.base@17.0.13/java.util.concurrent.locks.AbstractQueuedSynchronizer$ConditionObject.awaitNanos(AbstractQueuedSynchronizer.java:1679)
        at java.base@17.0.13/java.util.concurrent.LinkedBlockingQueue.poll(LinkedBlockingQueue.java:460)
        at app//org.apache.hadoop.ipc.CallQueueManager.take(CallQueueManager.java:370)
        at app//org.apache.hadoop.ipc.Server$Handler.run(Server.java:3165)
"46c085ae-d173-483e-a797-bf073fdc6d33-DataNodeDiskCheckerThread-0" daemon prio=5 tid=750 timed_waiting
java.lang.Thread.State: TIMED_WAITING
        at java.base@17.0.13/jdk.internal.misc.Unsafe.park(Native Method)
        at java.base@17.0.13/java.util.concurrent.locks.LockSupport.parkNanos(LockSupport.java:252)
        at java.base@17.0.13/java.util.concurrent.SynchronousQueue$TransferStack.transfer(SynchronousQueue.java:401)
        at java.base@17.0.13/java.util.concurrent.SynchronousQueue.poll(SynchronousQueue.java:903)
        at java.base@17.0.13/java.util.concurrent.ThreadPoolExecutor.getTask(ThreadPoolExecutor.java:1061)
        at java.base@17.0.13/java.util.concurrent.ThreadPoolExecutor.runWorker(ThreadPoolExecutor.java:1122)
        at java.base@17.0.13/java.util.concurrent.ThreadPoolExecutor$Worker.run(ThreadPoolExecutor.java:635)
        at java.base@17.0.13/java.lang.Thread.run(Thread.java:840)
"IPC Server handler 40 on default port 15002" daemon prio=5 tid=325 timed_waiting
java.lang.Thread.State: TIMED_WAITING
        at java.base@17.0.13/jdk.internal.misc.Unsafe.park(Native Method)
        at java.base@17.0.13/java.util.concurrent.locks.LockSupport.parkNanos(LockSupport.java:252)
        at java.base@17.0.13/java.util.concurrent.locks.AbstractQueuedSynchronizer$ConditionObject.awaitNanos(AbstractQueuedSynchronizer.java:1679)
        at java.base@17.0.13/java.util.concurrent.LinkedBlockingQueue.poll(LinkedBlockingQueue.java:460)
        at app//org.apache.hadoop.ipc.CallQueueManager.take(CallQueueManager.java:370)
        at app//org.apache.hadoop.ipc.Server$Handler.run(Server.java:3165)
"22bda68c-b64b-4e26-a6f3-14a354ca4fb6-BlockDeletingService#1" daemon prio=5 tid=798 in Object.wait()
java.lang.Thread.State: WAITING (on object monitor)
        at java.base@17.0.13/jdk.internal.misc.Unsafe.park(Native Method)
        at java.base@17.0.13/java.util.concurrent.locks.LockSupport.park(LockSupport.java:341)
        at java.base@17.0.13/java.util.concurrent.locks.AbstractQueuedSynchronizer$ConditionNode.block(AbstractQueuedSynchronizer.java:506)
        at java.base@17.0.13/java.util.concurrent.ForkJoinPool.unmanagedBlock(ForkJoinPool.java:3465)
        at java.base@17.0.13/java.util.concurrent.ForkJoinPool.managedBlock(ForkJoinPool.java:3436)
        at java.base@17.0.13/java.util.concurrent.locks.AbstractQueuedSynchronizer$ConditionObject.await(AbstractQueuedSynchronizer.java:1630)
        at java.base@17.0.13/java.util.concurrent.ScheduledThreadPoolExecutor$DelayedWorkQueue.take(ScheduledThreadPoolExecutor.java:1177)
        at java.base@17.0.13/java.util.concurrent.ScheduledThreadPoolExecutor$DelayedWorkQueue.take(ScheduledThreadPoolExecutor.java:899)
        at java.base@17.0.13/java.util.concurrent.ThreadPoolExecutor.getTask(ThreadPoolExecutor.java:1062)
        at java.base@17.0.13/java.util.concurrent.ThreadPoolExecutor.runWorker(ThreadPoolExecutor.java:1122)
        at java.base@17.0.13/java.util.concurrent.ThreadPoolExecutor$Worker.run(ThreadPoolExecutor.java:635)
        at java.base@17.0.13/java.lang.Thread.run(Thread.java:840)
"IPC Server handler 94 on default port 15001" daemon prio=5 tid=279 timed_waiting
java.lang.Thread.State: TIMED_WAITING
        at java.base@17.0.13/jdk.internal.misc.Unsafe.park(Native Method)
        at java.base@17.0.13/java.util.concurrent.locks.LockSupport.parkNanos(LockSupport.java:252)
        at java.base@17.0.13/java.util.concurrent.locks.AbstractQueuedSynchronizer$ConditionObject.awaitNanos(AbstractQueuedSynchronizer.java:1679)
        at java.base@17.0.13/java.util.concurrent.LinkedBlockingQueue.poll(LinkedBlockingQueue.java:460)
        at app//org.apache.hadoop.ipc.CallQueueManager.take(CallQueueManager.java:370)
        at app//org.apache.hadoop.ipc.Server$Handler.run(Server.java:3165)
"timer1" daemon prio=5 tid=920 timed_waiting
java.lang.Thread.State: TIMED_WAITING
        at java.base@17.0.13/java.lang.Object.wait(Native Method)
        at java.base@17.0.13/java.util.TimerThread.mainLoop(Timer.java:563)
        at java.base@17.0.13/java.util.TimerThread.run(Timer.java:516)
"qtp801388009-391" daemon prio=5 tid=391 timed_waiting
java.lang.Thread.State: TIMED_WAITING
        at java.base@17.0.13/jdk.internal.misc.Unsafe.park(Native Method)
        at java.base@17.0.13/java.util.concurrent.locks.LockSupport.parkNanos(LockSupport.java:252)
        at java.base@17.0.13/java.util.concurrent.locks.AbstractQueuedSynchronizer$ConditionObject.awaitNanos(AbstractQueuedSynchronizer.java:1679)
        at app//org.eclipse.jetty.util.BlockingArrayQueue.poll(BlockingArrayQueue.java:382)
        at app//org.eclipse.jetty.util.thread.QueuedThreadPool$Runner.idleJobPoll(QueuedThreadPool.java:974)
        at app//org.eclipse.jetty.util.thread.QueuedThreadPool$Runner.run(QueuedThreadPool.java:1018)
        at java.base@17.0.13/java.lang.Thread.run(Thread.java:840)
"UnderReplicatedProcessor" daemon prio=5 tid=29 timed_waiting
java.lang.Thread.State: TIMED_WAITING
        at java.base@17.0.13/java.lang.Object.wait(Native Method)
        at app//org.apache.hadoop.hdds.scm.container.replication.UnhealthyReplicationProcessor.run(UnhealthyReplicationProcessor.java:174)
        at java.base@17.0.13/java.lang.Thread.run(Thread.java:840)
"Session-HouseKeeper-194c98f5-1"  prio=5 tid=537 timed_waiting
java.lang.Thread.State: TIMED_WAITING
        at java.base@17.0.13/jdk.internal.misc.Unsafe.park(Native Method)
        at java.base@17.0.13/java.util.concurrent.locks.LockSupport.parkNanos(LockSupport.java:252)
        at java.base@17.0.13/java.util.concurrent.locks.AbstractQueuedSynchronizer$ConditionObject.awaitNanos(AbstractQueuedSynchronizer.java:1679)
        at java.base@17.0.13/java.util.concurrent.ScheduledThreadPoolExecutor$DelayedWorkQueue.take(ScheduledThreadPoolExecutor.java:1182)
        at java.base@17.0.13/java.util.concurrent.ScheduledThreadPoolExecutor$DelayedWorkQueue.take(ScheduledThreadPoolExecutor.java:899)
        at java.base@17.0.13/java.util.concurrent.ThreadPoolExecutor.getTask(ThreadPoolExecutor.java:1062)
        at java.base@17.0.13/java.util.concurrent.ThreadPoolExecutor.runWorker(ThreadPoolExecutor.java:1122)
        at java.base@17.0.13/java.util.concurrent.ThreadPoolExecutor$Worker.run(ThreadPoolExecutor.java:635)
        at java.base@17.0.13/java.lang.Thread.run(Thread.java:840)
"IPC Server handler 34 on default port 15000" daemon prio=5 tid=119 timed_waiting
java.lang.Thread.State: TIMED_WAITING
        at java.base@17.0.13/jdk.internal.misc.Unsafe.park(Native Method)
        at java.base@17.0.13/java.util.concurrent.locks.LockSupport.parkNanos(LockSupport.java:252)
        at java.base@17.0.13/java.util.concurrent.locks.AbstractQueuedSynchronizer$ConditionObject.awaitNanos(AbstractQueuedSynchronizer.java:1679)
        at java.base@17.0.13/java.util.concurrent.LinkedBlockingQueue.poll(LinkedBlockingQueue.java:460)
        at app//org.apache.hadoop.ipc.CallQueueManager.take(CallQueueManager.java:370)
        at app//org.apache.hadoop.ipc.Server$Handler.run(Server.java:3165)
"IPC Server listener on 15001" daemon prio=5 tid=46 runnable
java.lang.Thread.State: RUNNABLE
        at java.base@17.0.13/sun.nio.ch.EPoll.wait(Native Method)
        at java.base@17.0.13/sun.nio.ch.EPollSelectorImpl.doSelect(EPollSelectorImpl.java:118)
        at java.base@17.0.13/sun.nio.ch.SelectorImpl.lockAndDoSelect(SelectorImpl.java:129)
        at java.base@17.0.13/sun.nio.ch.SelectorImpl.select(SelectorImpl.java:146)
        at app//org.apache.hadoop.ipc.Server$Listener.run(Server.java:1559)
"IPC Server handler 62 on default port 15002" daemon prio=5 tid=347 timed_waiting
java.lang.Thread.State: TIMED_WAITING
        at java.base@17.0.13/jdk.internal.misc.Unsafe.park(Native Method)
        at java.base@17.0.13/java.util.concurrent.locks.LockSupport.parkNanos(LockSupport.java:252)
        at java.base@17.0.13/java.util.concurrent.locks.AbstractQueuedSynchronizer$ConditionObject.awaitNanos(AbstractQueuedSynchronizer.java:1679)
        at java.base@17.0.13/java.util.concurrent.LinkedBlockingQueue.poll(LinkedBlockingQueue.java:460)
        at app//org.apache.hadoop.ipc.CallQueueManager.take(CallQueueManager.java:370)
        at app//org.apache.hadoop.ipc.Server$Handler.run(Server.java:3165)
"IPC Server handler 9 on default port 15004" daemon prio=5 tid=461 timed_waiting
java.lang.Thread.State: TIMED_WAITING
        at java.base@17.0.13/jdk.internal.misc.Unsafe.park(Native Method)
        at java.base@17.0.13/java.util.concurrent.locks.LockSupport.parkNanos(LockSupport.java:252)
        at java.base@17.0.13/java.util.concurrent.locks.AbstractQueuedSynchronizer$ConditionObject.awaitNanos(AbstractQueuedSynchronizer.java:1679)
        at java.base@17.0.13/java.util.concurrent.LinkedBlockingQueue.poll(LinkedBlockingQueue.java:460)
        at app//org.apache.hadoop.ipc.CallQueueManager.take(CallQueueManager.java:370)
        at app//org.apache.hadoop.ipc.Server$Handler.run(Server.java:3165)
"IPC Server handler 80 on default port 15000" daemon prio=5 tid=165 timed_waiting
java.lang.Thread.State: TIMED_WAITING
        at java.base@17.0.13/jdk.internal.misc.Unsafe.park(Native Method)
        at java.base@17.0.13/java.util.concurrent.locks.LockSupport.parkNanos(LockSupport.java:252)
        at java.base@17.0.13/java.util.concurrent.locks.AbstractQueuedSynchronizer$ConditionObject.awaitNanos(AbstractQueuedSynchronizer.java:1679)
        at java.base@17.0.13/java.util.concurrent.LinkedBlockingQueue.poll(LinkedBlockingQueue.java:460)
        at app//org.apache.hadoop.ipc.CallQueueManager.take(CallQueueManager.java:370)
        at app//org.apache.hadoop.ipc.Server$Handler.run(Server.java:3165)
"qtp1450456358-622" daemon prio=5 tid=622 runnable
java.lang.Thread.State: RUNNABLE
        at java.base@17.0.13/sun.nio.ch.EPoll.wait(Native Method)
        at java.base@17.0.13/sun.nio.ch.EPollSelectorImpl.doSelect(EPollSelectorImpl.java:118)
        at java.base@17.0.13/sun.nio.ch.SelectorImpl.lockAndDoSelect(SelectorImpl.java:129)
        at java.base@17.0.13/sun.nio.ch.SelectorImpl.select(SelectorImpl.java:146)
        at app//org.eclipse.jetty.io.ManagedSelector.nioSelect(ManagedSelector.java:183)
        at app//org.eclipse.jetty.io.ManagedSelector.select(ManagedSelector.java:190)
        at app//org.eclipse.jetty.io.ManagedSelector$SelectorProducer.select(ManagedSelector.java:606)
        at app//org.eclipse.jetty.io.ManagedSelector$SelectorProducer.produce(ManagedSelector.java:543)
        at app//org.eclipse.jetty.util.thread.strategy.EatWhatYouKill.produceTask(EatWhatYouKill.java:362)
        at app//org.eclipse.jetty.util.thread.strategy.EatWhatYouKill.doProduce(EatWhatYouKill.java:186)
        at app//org.eclipse.jetty.util.thread.strategy.EatWhatYouKill.tryProduce(EatWhatYouKill.java:173)
        at app//org.eclipse.jetty.util.thread.strategy.EatWhatYouKill.produce(EatWhatYouKill.java:137)
        at app//org.eclipse.jetty.io.ManagedSelector$$Lambda$837/0x00007fa408547510.run(Unknown Source)
        at app//org.eclipse.jetty.util.thread.QueuedThreadPool.runJob(QueuedThreadPool.java:883)
        at app//org.eclipse.jetty.util.thread.QueuedThreadPool$Runner.run(QueuedThreadPool.java:1034)
        at java.base@17.0.13/java.lang.Thread.run(Thread.java:840)
"Socket Reader #9 for port 15037"  prio=5 tid=639 runnable
java.lang.Thread.State: RUNNABLE
        at java.base@17.0.13/sun.nio.ch.EPoll.wait(Native Method)
        at java.base@17.0.13/sun.nio.ch.EPollSelectorImpl.doSelect(EPollSelectorImpl.java:118)
        at java.base@17.0.13/sun.nio.ch.SelectorImpl.lockAndDoSelect(SelectorImpl.java:129)
        at java.base@17.0.13/sun.nio.ch.SelectorImpl.select(SelectorImpl.java:146)
        at app//org.apache.hadoop.ipc.Server$Listener$Reader.doRunLoop(Server.java:1497)
        at app//org.apache.hadoop.ipc.Server$Listener$Reader.run(Server.java:1476)
"IPC Server handler 25 on default port 15000" daemon prio=5 tid=110 timed_waiting
java.lang.Thread.State: TIMED_WAITING
        at java.base@17.0.13/jdk.internal.misc.Unsafe.park(Native Method)
        at java.base@17.0.13/java.util.concurrent.locks.LockSupport.parkNanos(LockSupport.java:252)
        at java.base@17.0.13/java.util.concurrent.locks.AbstractQueuedSynchronizer$ConditionObject.awaitNanos(AbstractQueuedSynchronizer.java:1679)
        at java.base@17.0.13/java.util.concurrent.LinkedBlockingQueue.poll(LinkedBlockingQueue.java:460)
        at app//org.apache.hadoop.ipc.CallQueueManager.take(CallQueueManager.java:370)
        at app//org.apache.hadoop.ipc.Server$Handler.run(Server.java:3165)
"SCMBlockDeletingService#0" daemon prio=5 tid=385 timed_waiting
java.lang.Thread.State: TIMED_WAITING
        at java.base@17.0.13/jdk.internal.misc.Unsafe.park(Native Method)
        at java.base@17.0.13/java.util.concurrent.locks.LockSupport.parkNanos(LockSupport.java:252)
        at java.base@17.0.13/java.util.concurrent.locks.AbstractQueuedSynchronizer$ConditionObject.awaitNanos(AbstractQueuedSynchronizer.java:1679)
        at java.base@17.0.13/java.util.concurrent.ScheduledThreadPoolExecutor$DelayedWorkQueue.take(ScheduledThreadPoolExecutor.java:1182)
        at java.base@17.0.13/java.util.concurrent.ScheduledThreadPoolExecutor$DelayedWorkQueue.take(ScheduledThreadPoolExecutor.java:899)
        at java.base@17.0.13/java.util.concurrent.ThreadPoolExecutor.getTask(ThreadPoolExecutor.java:1062)
        at java.base@17.0.13/java.util.concurrent.ThreadPoolExecutor.runWorker(ThreadPoolExecutor.java:1122)
        at java.base@17.0.13/java.util.concurrent.ThreadPoolExecutor$Worker.run(ThreadPoolExecutor.java:635)
        at java.base@17.0.13/java.lang.Thread.run(Thread.java:840)
"FixedThreadPoolWithAffinityExecutor-4-0" daemon prio=5 tid=78 timed_waiting
java.lang.Thread.State: TIMED_WAITING
        at java.base@17.0.13/jdk.internal.misc.Unsafe.park(Native Method)
        at java.base@17.0.13/java.util.concurrent.locks.LockSupport.parkNanos(LockSupport.java:252)
        at java.base@17.0.13/java.util.concurrent.locks.AbstractQueuedSynchronizer$ConditionObject.awaitNanos(AbstractQueuedSynchronizer.java:1679)
        at java.base@17.0.13/java.util.concurrent.LinkedBlockingQueue.poll(LinkedBlockingQueue.java:460)
        at app//org.apache.hadoop.hdds.scm.server.ContainerReportQueue.poll(ContainerReportQueue.java:269)
        at app//org.apache.hadoop.hdds.scm.server.ContainerReportQueue.poll(ContainerReportQueue.java:42)
        at app//org.apache.hadoop.hdds.server.events.FixedThreadPoolWithAffinityExecutor$ContainerReportProcessTask.run(FixedThreadPoolWithAffinityExecutor.java:253)
        at java.base@17.0.13/java.util.concurrent.Executors$RunnableAdapter.call(Executors.java:539)
        at java.base@17.0.13/java.util.concurrent.FutureTask.run(FutureTask.java:264)
        at java.base@17.0.13/java.util.concurrent.ThreadPoolExecutor.runWorker(ThreadPoolExecutor.java:1136)
        at java.base@17.0.13/java.util.concurrent.ThreadPoolExecutor$Worker.run(ThreadPoolExecutor.java:635)
        at java.base@17.0.13/java.lang.Thread.run(Thread.java:840)
"IPC Server handler 7 on default port 15028" daemon prio=5 tid=605 timed_waiting
java.lang.Thread.State: TIMED_WAITING
        at java.base@17.0.13/jdk.internal.misc.Unsafe.park(Native Method)
        at java.base@17.0.13/java.util.concurrent.locks.LockSupport.parkNanos(LockSupport.java:252)
        at java.base@17.0.13/java.util.concurrent.locks.AbstractQueuedSynchronizer$ConditionObject.awaitNanos(AbstractQueuedSynchronizer.java:1679)
        at java.base@17.0.13/java.util.concurrent.LinkedBlockingQueue.poll(LinkedBlockingQueue.java:460)
        at app//org.apache.hadoop.ipc.CallQueueManager.take(CallQueueManager.java:370)
        at app//org.apache.hadoop.ipc.Server$Handler.run(Server.java:3165)
"Socket Reader #8 for port 15000"  prio=5 tid=68 runnable
java.lang.Thread.State: RUNNABLE
        at java.base@17.0.13/sun.nio.ch.EPoll.wait(Native Method)
        at java.base@17.0.13/sun.nio.ch.EPollSelectorImpl.doSelect(EPollSelectorImpl.java:118)
        at java.base@17.0.13/sun.nio.ch.SelectorImpl.lockAndDoSelect(SelectorImpl.java:129)
        at java.base@17.0.13/sun.nio.ch.SelectorImpl.select(SelectorImpl.java:146)
        at app//org.apache.hadoop.ipc.Server$Listener$Reader.doRunLoop(Server.java:1497)
        at app//org.apache.hadoop.ipc.Server$Listener$Reader.run(Server.java:1476)
"om1-OpenKeyCleanupService#0" daemon prio=5 tid=438 timed_waiting
java.lang.Thread.State: TIMED_WAITING
        at java.base@17.0.13/jdk.internal.misc.Unsafe.park(Native Method)
        at java.base@17.0.13/java.util.concurrent.locks.LockSupport.parkNanos(LockSupport.java:252)
        at java.base@17.0.13/java.util.concurrent.locks.AbstractQueuedSynchronizer$ConditionObject.awaitNanos(AbstractQueuedSynchronizer.java:1679)
        at java.base@17.0.13/java.util.concurrent.ScheduledThreadPoolExecutor$DelayedWorkQueue.take(ScheduledThreadPoolExecutor.java:1182)
        at java.base@17.0.13/java.util.concurrent.ScheduledThreadPoolExecutor$DelayedWorkQueue.take(ScheduledThreadPoolExecutor.java:899)
        at java.base@17.0.13/java.util.concurrent.ThreadPoolExecutor.getTask(ThreadPoolExecutor.java:1062)
        at java.base@17.0.13/java.util.concurrent.ThreadPoolExecutor.runWorker(ThreadPoolExecutor.java:1122)
        at java.base@17.0.13/java.util.concurrent.ThreadPoolExecutor$Worker.run(ThreadPoolExecutor.java:635)
        at java.base@17.0.13/java.lang.Thread.run(Thread.java:840)
"IPC Server handler 3 on default port 15028" daemon prio=5 tid=601 timed_waiting
java.lang.Thread.State: TIMED_WAITING
        at java.base@17.0.13/jdk.internal.misc.Unsafe.park(Native Method)
        at java.base@17.0.13/java.util.concurrent.locks.LockSupport.parkNanos(LockSupport.java:252)
        at java.base@17.0.13/java.util.concurrent.locks.AbstractQueuedSynchronizer$ConditionObject.awaitNanos(AbstractQueuedSynchronizer.java:1679)
        at java.base@17.0.13/java.util.concurrent.LinkedBlockingQueue.poll(LinkedBlockingQueue.java:460)
        at app//org.apache.hadoop.ipc.CallQueueManager.take(CallQueueManager.java:370)
        at app//org.apache.hadoop.ipc.Server$Handler.run(Server.java:3165)
"Socket Reader #5 for port 15001"  prio=5 tid=51 runnable
java.lang.Thread.State: RUNNABLE
        at java.base@17.0.13/sun.nio.ch.EPoll.wait(Native Method)
        at java.base@17.0.13/sun.nio.ch.EPollSelectorImpl.doSelect(EPollSelectorImpl.java:118)
        at java.base@17.0.13/sun.nio.ch.SelectorImpl.lockAndDoSelect(SelectorImpl.java:129)
        at java.base@17.0.13/sun.nio.ch.SelectorImpl.select(SelectorImpl.java:146)
        at app//org.apache.hadoop.ipc.Server$Listener$Reader.doRunLoop(Server.java:1497)
        at app//org.apache.hadoop.ipc.Server$Listener$Reader.run(Server.java:1476)
"IPC Server handler 49 on default port 15002" daemon prio=5 tid=334 timed_waiting
java.lang.Thread.State: TIMED_WAITING
        at java.base@17.0.13/jdk.internal.misc.Unsafe.park(Native Method)
        at java.base@17.0.13/java.util.concurrent.locks.LockSupport.parkNanos(LockSupport.java:252)
        at java.base@17.0.13/java.util.concurrent.locks.AbstractQueuedSynchronizer$ConditionObject.awaitNanos(AbstractQueuedSynchronizer.java:1679)
        at java.base@17.0.13/java.util.concurrent.LinkedBlockingQueue.poll(LinkedBlockingQueue.java:460)
        at app//org.apache.hadoop.ipc.CallQueueManager.take(CallQueueManager.java:370)
        at app//org.apache.hadoop.ipc.Server$Handler.run(Server.java:3165)
"IPC Server handler 9 on default port 15046" daemon prio=5 tid=699 timed_waiting
java.lang.Thread.State: TIMED_WAITING
        at java.base@17.0.13/jdk.internal.misc.Unsafe.park(Native Method)
        at java.base@17.0.13/java.util.concurrent.locks.LockSupport.parkNanos(LockSupport.java:252)
        at java.base@17.0.13/java.util.concurrent.locks.AbstractQueuedSynchronizer$ConditionObject.awaitNanos(AbstractQueuedSynchronizer.java:1679)
        at java.base@17.0.13/java.util.concurrent.LinkedBlockingQueue.poll(LinkedBlockingQueue.java:460)
        at app//org.apache.hadoop.ipc.CallQueueManager.take(CallQueueManager.java:370)
        at app//org.apache.hadoop.ipc.Server$Handler.run(Server.java:3165)
"IPC Server handler 6 on default port 15019" daemon prio=5 tid=558 timed_waiting
java.lang.Thread.State: TIMED_WAITING
        at java.base@17.0.13/jdk.internal.misc.Unsafe.park(Native Method)
        at java.base@17.0.13/java.util.concurrent.locks.LockSupport.parkNanos(LockSupport.java:252)
        at java.base@17.0.13/java.util.concurrent.locks.AbstractQueuedSynchronizer$ConditionObject.awaitNanos(AbstractQueuedSynchronizer.java:1679)
        at java.base@17.0.13/java.util.concurrent.LinkedBlockingQueue.poll(LinkedBlockingQueue.java:460)
        at app//org.apache.hadoop.ipc.CallQueueManager.take(CallQueueManager.java:370)
        at app//org.apache.hadoop.ipc.Server$Handler.run(Server.java:3165)
"IPC Server handler 90 on default port 15001" daemon prio=5 tid=275 timed_waiting
java.lang.Thread.State: TIMED_WAITING
        at java.base@17.0.13/jdk.internal.misc.Unsafe.park(Native Method)
        at java.base@17.0.13/java.util.concurrent.locks.LockSupport.parkNanos(LockSupport.java:252)
        at java.base@17.0.13/java.util.concurrent.locks.AbstractQueuedSynchronizer$ConditionObject.awaitNanos(AbstractQueuedSynchronizer.java:1679)
        at java.base@17.0.13/java.util.concurrent.LinkedBlockingQueue.poll(LinkedBlockingQueue.java:460)
        at app//org.apache.hadoop.ipc.CallQueueManager.take(CallQueueManager.java:370)
        at app//org.apache.hadoop.ipc.Server$Handler.run(Server.java:3165)
"IPC Server Responder" daemon prio=5 tid=550 runnable
java.lang.Thread.State: RUNNABLE
        at java.base@17.0.13/sun.nio.ch.EPoll.wait(Native Method)
        at java.base@17.0.13/sun.nio.ch.EPollSelectorImpl.doSelect(EPollSelectorImpl.java:118)
        at java.base@17.0.13/sun.nio.ch.SelectorImpl.lockAndDoSelect(SelectorImpl.java:129)
        at java.base@17.0.13/sun.nio.ch.SelectorImpl.select(SelectorImpl.java:141)
        at app//org.apache.hadoop.ipc.Server$Responder.doRunLoop(Server.java:1733)
        at app//org.apache.hadoop.ipc.Server$Responder.run(Server.java:1716)
"IPC Server handler 36 on default port 15000" daemon prio=5 tid=121 timed_waiting
java.lang.Thread.State: TIMED_WAITING
        at java.base@17.0.13/jdk.internal.misc.Unsafe.park(Native Method)
        at java.base@17.0.13/java.util.concurrent.locks.LockSupport.parkNanos(LockSupport.java:252)
        at java.base@17.0.13/java.util.concurrent.locks.AbstractQueuedSynchronizer$ConditionObject.awaitNanos(AbstractQueuedSynchronizer.java:1679)
        at java.base@17.0.13/java.util.concurrent.LinkedBlockingQueue.poll(LinkedBlockingQueue.java:460)
        at app//org.apache.hadoop.ipc.CallQueueManager.take(CallQueueManager.java:370)
        at app//org.apache.hadoop.ipc.Server$Handler.run(Server.java:3165)
"IPC Server listener on 15037" daemon prio=5 tid=630 runnable
java.lang.Thread.State: RUNNABLE
        at java.base@17.0.13/sun.nio.ch.EPoll.wait(Native Method)
        at java.base@17.0.13/sun.nio.ch.EPollSelectorImpl.doSelect(EPollSelectorImpl.java:118)
        at java.base@17.0.13/sun.nio.ch.SelectorImpl.lockAndDoSelect(SelectorImpl.java:129)
        at java.base@17.0.13/sun.nio.ch.SelectorImpl.select(SelectorImpl.java:146)
        at app//org.apache.hadoop.ipc.Server$Listener.run(Server.java:1559)
"ContainerDataScanner(/home/runner/work/ozone/ozone/hadoop-ozone/integration-test/target/test-dir/MiniOzoneClusterImpl-61f21677-568d-49d7-a2ee-8a05247fe249/ozone-meta/datanode-4/data-0/hdds)" daemon prio=5 tid=771 timed_waiting
java.lang.Thread.State: TIMED_WAITING
        at java.base@17.0.13/java.lang.Thread.sleep(Native Method)
        at app//org.apache.hadoop.ozone.container.ozoneimpl.AbstractBackgroundContainerScanner.handleRemainingSleep(AbstractBackgroundContainerScanner.java:131)
        at app//org.apache.hadoop.ozone.container.ozoneimpl.AbstractBackgroundContainerScanner.runIteration(AbstractBackgroundContainerScanner.java:98)
        at app//org.apache.hadoop.ozone.container.ozoneimpl.AbstractBackgroundContainerScanner.run(AbstractBackgroundContainerScanner.java:57)
"IPC Server handler 40 on default port 15001" daemon prio=5 tid=225 timed_waiting
java.lang.Thread.State: TIMED_WAITING
        at java.base@17.0.13/jdk.internal.misc.Unsafe.park(Native Method)
        at java.base@17.0.13/java.util.concurrent.locks.LockSupport.parkNanos(LockSupport.java:252)
        at java.base@17.0.13/java.util.concurrent.locks.AbstractQueuedSynchronizer$ConditionObject.awaitNanos(AbstractQueuedSynchronizer.java:1679)
        at java.base@17.0.13/java.util.concurrent.LinkedBlockingQueue.poll(LinkedBlockingQueue.java:460)
        at app//org.apache.hadoop.ipc.CallQueueManager.take(CallQueueManager.java:370)
        at app//org.apache.hadoop.ipc.Server$Handler.run(Server.java:3165)
"IPC Server handler 83 on default port 15000" daemon prio=5 tid=168 timed_waiting
java.lang.Thread.State: TIMED_WAITING
        at java.base@17.0.13/jdk.internal.misc.Unsafe.park(Native Method)
        at java.base@17.0.13/java.util.concurrent.locks.LockSupport.parkNanos(LockSupport.java:252)
        at java.base@17.0.13/java.util.concurrent.locks.AbstractQueuedSynchronizer$ConditionObject.awaitNanos(AbstractQueuedSynchronizer.java:1679)
        at java.base@17.0.13/java.util.concurrent.LinkedBlockingQueue.poll(LinkedBlockingQueue.java:460)
        at app//org.apache.hadoop.ipc.CallQueueManager.take(CallQueueManager.java:370)
        at app//org.apache.hadoop.ipc.Server$Handler.run(Server.java:3165)
"grpc-default-executor-4" daemon prio=5 tid=917 timed_waiting
java.lang.Thread.State: TIMED_WAITING
        at java.base@17.0.13/jdk.internal.misc.Unsafe.park(Native Method)
        at java.base@17.0.13/java.util.concurrent.locks.LockSupport.parkNanos(LockSupport.java:252)
        at java.base@17.0.13/java.util.concurrent.SynchronousQueue$TransferStack.transfer(SynchronousQueue.java:401)
        at java.base@17.0.13/java.util.concurrent.SynchronousQueue.poll(SynchronousQueue.java:903)
        at java.base@17.0.13/java.util.concurrent.ThreadPoolExecutor.getTask(ThreadPoolExecutor.java:1061)
        at java.base@17.0.13/java.util.concurrent.ThreadPoolExecutor.runWorker(ThreadPoolExecutor.java:1122)
        at java.base@17.0.13/java.util.concurrent.ThreadPoolExecutor$Worker.run(ThreadPoolExecutor.java:635)
        at java.base@17.0.13/java.lang.Thread.run(Thread.java:840)
"IPC Server handler 2 on default port 15002" daemon prio=5 tid=287 timed_waiting
java.lang.Thread.State: TIMED_WAITING
        at java.base@17.0.13/jdk.internal.misc.Unsafe.park(Native Method)
        at java.base@17.0.13/java.util.concurrent.locks.LockSupport.parkNanos(LockSupport.java:252)
        at java.base@17.0.13/java.util.concurrent.locks.AbstractQueuedSynchronizer$ConditionObject.awaitNanos(AbstractQueuedSynchronizer.java:1679)
        at java.base@17.0.13/java.util.concurrent.LinkedBlockingQueue.poll(LinkedBlockingQueue.java:460)
        at app//org.apache.hadoop.ipc.CallQueueManager.take(CallQueueManager.java:370)
        at app//org.apache.hadoop.ipc.Server$Handler.run(Server.java:3165)
"Socket Reader #7 for port 15002"  prio=5 tid=39 runnable
java.lang.Thread.State: RUNNABLE
        at java.base@17.0.13/sun.nio.ch.EPoll.wait(Native Method)
        at java.base@17.0.13/sun.nio.ch.EPollSelectorImpl.doSelect(EPollSelectorImpl.java:118)
        at java.base@17.0.13/sun.nio.ch.SelectorImpl.lockAndDoSelect(SelectorImpl.java:129)
        at java.base@17.0.13/sun.nio.ch.SelectorImpl.select(SelectorImpl.java:146)
        at app//org.apache.hadoop.ipc.Server$Listener$Reader.doRunLoop(Server.java:1497)
        at app//org.apache.hadoop.ipc.Server$Listener$Reader.run(Server.java:1476)
"Socket Reader #9 for port 15019"  prio=5 tid=547 runnable
java.lang.Thread.State: RUNNABLE
        at java.base@17.0.13/sun.nio.ch.EPoll.wait(Native Method)
        at java.base@17.0.13/sun.nio.ch.EPollSelectorImpl.doSelect(EPollSelectorImpl.java:118)
        at java.base@17.0.13/sun.nio.ch.SelectorImpl.lockAndDoSelect(SelectorImpl.java:129)
        at java.base@17.0.13/sun.nio.ch.SelectorImpl.select(SelectorImpl.java:146)
        at app//org.apache.hadoop.ipc.Server$Listener$Reader.doRunLoop(Server.java:1497)
        at app//org.apache.hadoop.ipc.Server$Listener$Reader.run(Server.java:1476)
"qtp1888798697-534" daemon prio=5 tid=534 timed_waiting
java.lang.Thread.State: TIMED_WAITING
        at java.base@17.0.13/jdk.internal.misc.Unsafe.park(Native Method)
        at java.base@17.0.13/java.util.concurrent.locks.LockSupport.parkNanos(LockSupport.java:252)
        at java.base@17.0.13/java.util.concurrent.locks.AbstractQueuedSynchronizer$ConditionObject.awaitNanos(AbstractQueuedSynchronizer.java:1679)
        at app//org.eclipse.jetty.util.BlockingArrayQueue.poll(BlockingArrayQueue.java:382)
        at app//org.eclipse.jetty.util.thread.QueuedThreadPool$Runner.idleJobPoll(QueuedThreadPool.java:974)
        at app//org.eclipse.jetty.util.thread.QueuedThreadPool$Runner.run(QueuedThreadPool.java:1018)
        at java.base@17.0.13/java.lang.Thread.run(Thread.java:840)
"IPC Server handler 41 on default port 15002" daemon prio=5 tid=326 timed_waiting
java.lang.Thread.State: TIMED_WAITING
        at java.base@17.0.13/jdk.internal.misc.Unsafe.park(Native Method)
        at java.base@17.0.13/java.util.concurrent.locks.LockSupport.parkNanos(LockSupport.java:252)
        at java.base@17.0.13/java.util.concurrent.locks.AbstractQueuedSynchronizer$ConditionObject.awaitNanos(AbstractQueuedSynchronizer.java:1679)
        at java.base@17.0.13/java.util.concurrent.LinkedBlockingQueue.poll(LinkedBlockingQueue.java:460)
        at app//org.apache.hadoop.ipc.CallQueueManager.take(CallQueueManager.java:370)
        at app//org.apache.hadoop.ipc.Server$Handler.run(Server.java:3165)
"IPC Server handler 59 on default port 15000" daemon prio=5 tid=144 timed_waiting
java.lang.Thread.State: TIMED_WAITING
        at java.base@17.0.13/jdk.internal.misc.Unsafe.park(Native Method)
        at java.base@17.0.13/java.util.concurrent.locks.LockSupport.parkNanos(LockSupport.java:252)
        at java.base@17.0.13/java.util.concurrent.locks.AbstractQueuedSynchronizer$ConditionObject.awaitNanos(AbstractQueuedSynchronizer.java:1679)
        at java.base@17.0.13/java.util.concurrent.LinkedBlockingQueue.poll(LinkedBlockingQueue.java:460)
        at app//org.apache.hadoop.ipc.CallQueueManager.take(CallQueueManager.java:370)
        at app//org.apache.hadoop.ipc.Server$Handler.run(Server.java:3165)
"IPC Server handler 95 on default port 15002" daemon prio=5 tid=380 timed_waiting
java.lang.Thread.State: TIMED_WAITING
        at java.base@17.0.13/jdk.internal.misc.Unsafe.park(Native Method)
        at java.base@17.0.13/java.util.concurrent.locks.LockSupport.parkNanos(LockSupport.java:252)
        at java.base@17.0.13/java.util.concurrent.locks.AbstractQueuedSynchronizer$ConditionObject.awaitNanos(AbstractQueuedSynchronizer.java:1679)
        at java.base@17.0.13/java.util.concurrent.LinkedBlockingQueue.poll(LinkedBlockingQueue.java:460)
        at app//org.apache.hadoop.ipc.CallQueueManager.take(CallQueueManager.java:370)
        at app//org.apache.hadoop.ipc.Server$Handler.run(Server.java:3165)
"CompactionDagPruningService" daemon prio=5 tid=401 timed_waiting
java.lang.Thread.State: TIMED_WAITING
        at java.base@17.0.13/jdk.internal.misc.Unsafe.park(Native Method)
        at java.base@17.0.13/java.util.concurrent.locks.LockSupport.parkNanos(LockSupport.java:252)
        at java.base@17.0.13/java.util.concurrent.locks.AbstractQueuedSynchronizer$ConditionObject.awaitNanos(AbstractQueuedSynchronizer.java:1679)
        at java.base@17.0.13/java.util.concurrent.ScheduledThreadPoolExecutor$DelayedWorkQueue.take(ScheduledThreadPoolExecutor.java:1182)
        at java.base@17.0.13/java.util.concurrent.ScheduledThreadPoolExecutor$DelayedWorkQueue.take(ScheduledThreadPoolExecutor.java:899)
        at java.base@17.0.13/java.util.concurrent.ThreadPoolExecutor.getTask(ThreadPoolExecutor.java:1062)
        at java.base@17.0.13/java.util.concurrent.ThreadPoolExecutor.runWorker(ThreadPoolExecutor.java:1122)
        at java.base@17.0.13/java.util.concurrent.ThreadPoolExecutor$Worker.run(ThreadPoolExecutor.java:635)
        at java.base@17.0.13/java.lang.Thread.run(Thread.java:840)
"IPC Server listener on 15019" daemon prio=5 tid=538 runnable
java.lang.Thread.State: RUNNABLE
        at java.base@17.0.13/sun.nio.ch.EPoll.wait(Native Method)
        at java.base@17.0.13/sun.nio.ch.EPollSelectorImpl.doSelect(EPollSelectorImpl.java:118)
        at java.base@17.0.13/sun.nio.ch.SelectorImpl.lockAndDoSelect(SelectorImpl.java:129)
        at java.base@17.0.13/sun.nio.ch.SelectorImpl.select(SelectorImpl.java:146)
        at app//org.apache.hadoop.ipc.Server$Listener.run(Server.java:1559)
"IPC Server handler 1 on default port 15019" daemon prio=5 tid=553 timed_waiting
java.lang.Thread.State: TIMED_WAITING
        at java.base@17.0.13/jdk.internal.misc.Unsafe.park(Native Method)
        at java.base@17.0.13/java.util.concurrent.locks.LockSupport.parkNanos(LockSupport.java:252)
        at java.base@17.0.13/java.util.concurrent.locks.AbstractQueuedSynchronizer$ConditionObject.awaitNanos(AbstractQueuedSynchronizer.java:1679)
        at java.base@17.0.13/java.util.concurrent.LinkedBlockingQueue.poll(LinkedBlockingQueue.java:460)
        at app//org.apache.hadoop.ipc.CallQueueManager.take(CallQueueManager.java:370)
        at app//org.apache.hadoop.ipc.Server$Handler.run(Server.java:3165)
"IPC Server handler 79 on default port 15000" daemon prio=5 tid=164 timed_waiting
java.lang.Thread.State: TIMED_WAITING
        at java.base@17.0.13/jdk.internal.misc.Unsafe.park(Native Method)
        at java.base@17.0.13/java.util.concurrent.locks.LockSupport.parkNanos(LockSupport.java:252)
        at java.base@17.0.13/java.util.concurrent.locks.AbstractQueuedSynchronizer$ConditionObject.awaitNanos(AbstractQueuedSynchronizer.java:1679)
        at java.base@17.0.13/java.util.concurrent.LinkedBlockingQueue.poll(LinkedBlockingQueue.java:460)
        at app//org.apache.hadoop.ipc.CallQueueManager.take(CallQueueManager.java:370)
        at app//org.apache.hadoop.ipc.Server$Handler.run(Server.java:3165)
"IPC Server handler 31 on default port 15001" daemon prio=5 tid=216 timed_waiting
java.lang.Thread.State: TIMED_WAITING
        at java.base@17.0.13/jdk.internal.misc.Unsafe.park(Native Method)
        at java.base@17.0.13/java.util.concurrent.locks.LockSupport.parkNanos(LockSupport.java:252)
        at java.base@17.0.13/java.util.concurrent.locks.AbstractQueuedSynchronizer$ConditionObject.awaitNanos(AbstractQueuedSynchronizer.java:1679)
        at java.base@17.0.13/java.util.concurrent.LinkedBlockingQueue.poll(LinkedBlockingQueue.java:460)
        at app//org.apache.hadoop.ipc.CallQueueManager.take(CallQueueManager.java:370)
        at app//org.apache.hadoop.ipc.Server$Handler.run(Server.java:3165)
"IPC Server handler 1 on default port 15028" daemon prio=5 tid=599 timed_waiting
java.lang.Thread.State: TIMED_WAITING
        at java.base@17.0.13/jdk.internal.misc.Unsafe.park(Native Method)
        at java.base@17.0.13/java.util.concurrent.locks.LockSupport.parkNanos(LockSupport.java:252)
        at java.base@17.0.13/java.util.concurrent.locks.AbstractQueuedSynchronizer$ConditionObject.awaitNanos(AbstractQueuedSynchronizer.java:1679)
        at java.base@17.0.13/java.util.concurrent.LinkedBlockingQueue.poll(LinkedBlockingQueue.java:460)
        at app//org.apache.hadoop.ipc.CallQueueManager.take(CallQueueManager.java:370)
        at app//org.apache.hadoop.ipc.Server$Handler.run(Server.java:3165)
"IPC Server handler 68 on default port 15000" daemon prio=5 tid=153 timed_waiting
java.lang.Thread.State: TIMED_WAITING
        at java.base@17.0.13/jdk.internal.misc.Unsafe.park(Native Method)
        at java.base@17.0.13/java.util.concurrent.locks.LockSupport.parkNanos(LockSupport.java:252)
        at java.base@17.0.13/java.util.concurrent.locks.AbstractQueuedSynchronizer$ConditionObject.awaitNanos(AbstractQueuedSynchronizer.java:1679)
        at java.base@17.0.13/java.util.concurrent.LinkedBlockingQueue.poll(LinkedBlockingQueue.java:460)
        at app//org.apache.hadoop.ipc.CallQueueManager.take(CallQueueManager.java:370)
        at app//org.apache.hadoop.ipc.Server$Handler.run(Server.java:3165)
"Hadoop-Metrics-Updater-0" daemon prio=5 tid=551 timed_waiting
java.lang.Thread.State: TIMED_WAITING
        at java.base@17.0.13/jdk.internal.misc.Unsafe.park(Native Method)
        at java.base@17.0.13/java.util.concurrent.locks.LockSupport.parkNanos(LockSupport.java:252)
        at java.base@17.0.13/java.util.concurrent.locks.AbstractQueuedSynchronizer$ConditionObject.awaitNanos(AbstractQueuedSynchronizer.java:1679)
        at java.base@17.0.13/java.util.concurrent.ScheduledThreadPoolExecutor$DelayedWorkQueue.take(ScheduledThreadPoolExecutor.java:1182)
        at java.base@17.0.13/java.util.concurrent.ScheduledThreadPoolExecutor$DelayedWorkQueue.take(ScheduledThreadPoolExecutor.java:899)
        at java.base@17.0.13/java.util.concurrent.ThreadPoolExecutor.getTask(ThreadPoolExecutor.java:1062)
        at java.base@17.0.13/java.util.concurrent.ThreadPoolExecutor.runWorker(ThreadPoolExecutor.java:1122)
        at java.base@17.0.13/java.util.concurrent.ThreadPoolExecutor$Worker.run(ThreadPoolExecutor.java:635)
        at java.base@17.0.13/java.lang.Thread.run(Thread.java:840)
"ca425215-81ee-42b3-84d9-8ded1157efea@group-8691A4D9751C-LeaderStateImpl" daemon prio=5 tid=912 timed_waiting
java.lang.Thread.State: TIMED_WAITING
        at java.base@17.0.13/jdk.internal.misc.Unsafe.park(Native Method)
        at java.base@17.0.13/java.util.concurrent.locks.LockSupport.parkNanos(LockSupport.java:252)
        at java.base@17.0.13/java.util.concurrent.locks.AbstractQueuedSynchronizer$ConditionObject.awaitNanos(AbstractQueuedSynchronizer.java:1679)
        at java.base@17.0.13/java.util.concurrent.ArrayBlockingQueue.poll(ArrayBlockingQueue.java:435)
        at app//org.apache.ratis.server.impl.LeaderStateImpl$EventQueue.poll(LeaderStateImpl.java:164)
        at app//org.apache.ratis.server.impl.LeaderStateImpl$EventProcessor.run(LeaderStateImpl.java:763)
"Socket Reader #5 for port 15037"  prio=5 tid=635 runnable
java.lang.Thread.State: RUNNABLE
        at java.base@17.0.13/sun.nio.ch.EPoll.wait(Native Method)
        at java.base@17.0.13/sun.nio.ch.EPollSelectorImpl.doSelect(EPollSelectorImpl.java:118)
        at java.base@17.0.13/sun.nio.ch.SelectorImpl.lockAndDoSelect(SelectorImpl.java:129)
        at java.base@17.0.13/sun.nio.ch.SelectorImpl.select(SelectorImpl.java:146)
        at app//org.apache.hadoop.ipc.Server$Listener$Reader.doRunLoop(Server.java:1497)
        at app//org.apache.hadoop.ipc.Server$Listener$Reader.run(Server.java:1476)
"IPC Server handler 24 on default port 15001" daemon prio=5 tid=209 timed_waiting
java.lang.Thread.State: TIMED_WAITING
        at java.base@17.0.13/jdk.internal.misc.Unsafe.park(Native Method)
        at java.base@17.0.13/java.util.concurrent.locks.LockSupport.parkNanos(LockSupport.java:252)
        at java.base@17.0.13/java.util.concurrent.locks.AbstractQueuedSynchronizer$ConditionObject.awaitNanos(AbstractQueuedSynchronizer.java:1679)
        at java.base@17.0.13/java.util.concurrent.LinkedBlockingQueue.poll(LinkedBlockingQueue.java:460)
        at app//org.apache.hadoop.ipc.CallQueueManager.take(CallQueueManager.java:370)
        at app//org.apache.hadoop.ipc.Server$Handler.run(Server.java:3165)
"IPC Server handler 4 on default port 15028" daemon prio=5 tid=602 timed_waiting
java.lang.Thread.State: TIMED_WAITING
        at java.base@17.0.13/jdk.internal.misc.Unsafe.park(Native Method)
        at java.base@17.0.13/java.util.concurrent.locks.LockSupport.parkNanos(LockSupport.java:252)
        at java.base@17.0.13/java.util.concurrent.locks.AbstractQueuedSynchronizer$ConditionObject.awaitNanos(AbstractQueuedSynchronizer.java:1679)
        at java.base@17.0.13/java.util.concurrent.LinkedBlockingQueue.poll(LinkedBlockingQueue.java:460)
        at app//org.apache.hadoop.ipc.CallQueueManager.take(CallQueueManager.java:370)
        at app//org.apache.hadoop.ipc.Server$Handler.run(Server.java:3165)
"ExpiredContainerReplicaOpScrubber" daemon prio=5 tid=27 timed_waiting
java.lang.Thread.State: TIMED_WAITING
        at java.base@17.0.13/java.lang.Object.wait(Native Method)
        at app//org.apache.hadoop.hdds.scm.ha.BackgroundSCMService.run(BackgroundSCMService.java:107)
        at app//org.apache.hadoop.hdds.scm.ha.BackgroundSCMService$$Lambda$682/0x00007fa4083aa258.run(Unknown Source)
        at java.base@17.0.13/java.lang.Thread.run(Thread.java:840)
"IPC Server handler 62 on default port 15001" daemon prio=5 tid=247 timed_waiting
java.lang.Thread.State: TIMED_WAITING
        at java.base@17.0.13/jdk.internal.misc.Unsafe.park(Native Method)
        at java.base@17.0.13/java.util.concurrent.locks.LockSupport.parkNanos(LockSupport.java:252)
        at java.base@17.0.13/java.util.concurrent.locks.AbstractQueuedSynchronizer$ConditionObject.awaitNanos(AbstractQueuedSynchronizer.java:1679)
        at java.base@17.0.13/java.util.concurrent.LinkedBlockingQueue.poll(LinkedBlockingQueue.java:460)
        at app//org.apache.hadoop.ipc.CallQueueManager.take(CallQueueManager.java:370)
        at app//org.apache.hadoop.ipc.Server$Handler.run(Server.java:3165)
"IPC Server handler 3 on default port 15002" daemon prio=5 tid=288 timed_waiting
java.lang.Thread.State: TIMED_WAITING
        at java.base@17.0.13/jdk.internal.misc.Unsafe.park(Native Method)
        at java.base@17.0.13/java.util.concurrent.locks.LockSupport.parkNanos(LockSupport.java:252)
        at java.base@17.0.13/java.util.concurrent.locks.AbstractQueuedSynchronizer$ConditionObject.awaitNanos(AbstractQueuedSynchronizer.java:1679)
        at java.base@17.0.13/java.util.concurrent.LinkedBlockingQueue.poll(LinkedBlockingQueue.java:460)
        at app//org.apache.hadoop.ipc.CallQueueManager.take(CallQueueManager.java:370)
        at app//org.apache.hadoop.ipc.Server$Handler.run(Server.java:3165)
"IPC Server handler 10 on default port 15002" daemon prio=5 tid=295 timed_waiting
java.lang.Thread.State: TIMED_WAITING
        at java.base@17.0.13/jdk.internal.misc.Unsafe.park(Native Method)
        at java.base@17.0.13/java.util.concurrent.locks.LockSupport.parkNanos(LockSupport.java:252)
        at java.base@17.0.13/java.util.concurrent.locks.AbstractQueuedSynchronizer$ConditionObject.awaitNanos(AbstractQueuedSynchronizer.java:1679)
        at java.base@17.0.13/java.util.concurrent.LinkedBlockingQueue.poll(LinkedBlockingQueue.java:460)
        at app//org.apache.hadoop.ipc.CallQueueManager.take(CallQueueManager.java:370)
        at app//org.apache.hadoop.ipc.Server$Handler.run(Server.java:3165)
"IPC Server handler 86 on default port 15001" daemon prio=5 tid=271 timed_waiting
java.lang.Thread.State: TIMED_WAITING
        at java.base@17.0.13/jdk.internal.misc.Unsafe.park(Native Method)
        at java.base@17.0.13/java.util.concurrent.locks.LockSupport.parkNanos(LockSupport.java:252)
        at java.base@17.0.13/java.util.concurrent.locks.AbstractQueuedSynchronizer$ConditionObject.awaitNanos(AbstractQueuedSynchronizer.java:1679)
        at java.base@17.0.13/java.util.concurrent.LinkedBlockingQueue.poll(LinkedBlockingQueue.java:460)
        at app//org.apache.hadoop.ipc.CallQueueManager.take(CallQueueManager.java:370)
        at app//org.apache.hadoop.ipc.Server$Handler.run(Server.java:3165)
"22bda68c-b64b-4e26-a6f3-14a354ca4fb6-DatanodeReportManager-2" daemon prio=5 tid=703 in Object.wait()
java.lang.Thread.State: WAITING (on object monitor)
        at java.base@17.0.13/jdk.internal.misc.Unsafe.park(Native Method)
        at java.base@17.0.13/java.util.concurrent.locks.LockSupport.park(LockSupport.java:341)
        at java.base@17.0.13/java.util.concurrent.locks.AbstractQueuedSynchronizer$ConditionNode.block(AbstractQueuedSynchronizer.java:506)
        at java.base@17.0.13/java.util.concurrent.ForkJoinPool.unmanagedBlock(ForkJoinPool.java:3465)
        at java.base@17.0.13/java.util.concurrent.ForkJoinPool.managedBlock(ForkJoinPool.java:3436)
        at java.base@17.0.13/java.util.concurrent.locks.AbstractQueuedSynchronizer$ConditionObject.await(AbstractQueuedSynchronizer.java:1630)
        at java.base@17.0.13/java.util.concurrent.ScheduledThreadPoolExecutor$DelayedWorkQueue.take(ScheduledThreadPoolExecutor.java:1177)
        at java.base@17.0.13/java.util.concurrent.ScheduledThreadPoolExecutor$DelayedWorkQueue.take(ScheduledThreadPoolExecutor.java:899)
        at java.base@17.0.13/java.util.concurrent.ThreadPoolExecutor.getTask(ThreadPoolExecutor.java:1062)
        at java.base@17.0.13/java.util.concurrent.ThreadPoolExecutor.runWorker(ThreadPoolExecutor.java:1122)
        at java.base@17.0.13/java.util.concurrent.ThreadPoolExecutor$Worker.run(ThreadPoolExecutor.java:635)
        at java.base@17.0.13/java.lang.Thread.run(Thread.java:840)
"IPC Server handler 42 on default port 15001" daemon prio=5 tid=227 timed_waiting
java.lang.Thread.State: TIMED_WAITING
        at java.base@17.0.13/jdk.internal.misc.Unsafe.park(Native Method)
        at java.base@17.0.13/java.util.concurrent.locks.LockSupport.parkNanos(LockSupport.java:252)
        at java.base@17.0.13/java.util.concurrent.locks.AbstractQueuedSynchronizer$ConditionObject.awaitNanos(AbstractQueuedSynchronizer.java:1679)
        at java.base@17.0.13/java.util.concurrent.LinkedBlockingQueue.poll(LinkedBlockingQueue.java:460)
        at app//org.apache.hadoop.ipc.CallQueueManager.take(CallQueueManager.java:370)
        at app//org.apache.hadoop.ipc.Server$Handler.run(Server.java:3165)
"Socket Reader #3 for port 15019"  prio=5 tid=541 runnable
java.lang.Thread.State: RUNNABLE
        at java.base@17.0.13/sun.nio.ch.EPoll.wait(Native Method)
        at java.base@17.0.13/sun.nio.ch.EPollSelectorImpl.doSelect(EPollSelectorImpl.java:118)
        at java.base@17.0.13/sun.nio.ch.SelectorImpl.lockAndDoSelect(SelectorImpl.java:129)
        at java.base@17.0.13/sun.nio.ch.SelectorImpl.select(SelectorImpl.java:146)
        at app//org.apache.hadoop.ipc.Server$Listener$Reader.doRunLoop(Server.java:1497)
        at app//org.apache.hadoop.ipc.Server$Listener$Reader.run(Server.java:1476)
"ContainerMetadataScanner" daemon prio=5 tid=788 timed_waiting
java.lang.Thread.State: TIMED_WAITING
        at java.base@17.0.13/java.lang.Thread.sleep(Native Method)
        at app//org.apache.hadoop.ozone.container.ozoneimpl.AbstractBackgroundContainerScanner.handleRemainingSleep(AbstractBackgroundContainerScanner.java:131)
        at app//org.apache.hadoop.ozone.container.ozoneimpl.AbstractBackgroundContainerScanner.runIteration(AbstractBackgroundContainerScanner.java:98)
        at app//org.apache.hadoop.ozone.container.ozoneimpl.AbstractBackgroundContainerScanner.run(AbstractBackgroundContainerScanner.java:57)
"IPC Server handler 22 on default port 15001" daemon prio=5 tid=207 timed_waiting
java.lang.Thread.State: TIMED_WAITING
        at java.base@17.0.13/jdk.internal.misc.Unsafe.park(Native Method)
        at java.base@17.0.13/java.util.concurrent.locks.LockSupport.parkNanos(LockSupport.java:252)
        at java.base@17.0.13/java.util.concurrent.locks.AbstractQueuedSynchronizer$ConditionObject.awaitNanos(AbstractQueuedSynchronizer.java:1679)
        at java.base@17.0.13/java.util.concurrent.LinkedBlockingQueue.poll(LinkedBlockingQueue.java:460)
        at app//org.apache.hadoop.ipc.CallQueueManager.take(CallQueueManager.java:370)
        at app//org.apache.hadoop.ipc.Server$Handler.run(Server.java:3165)
"IPC Server handler 78 on default port 15001" daemon prio=5 tid=263 timed_waiting
java.lang.Thread.State: TIMED_WAITING
        at java.base@17.0.13/jdk.internal.misc.Unsafe.park(Native Method)
        at java.base@17.0.13/java.util.concurrent.locks.LockSupport.parkNanos(LockSupport.java:252)
        at java.base@17.0.13/java.util.concurrent.locks.AbstractQueuedSynchronizer$ConditionObject.awaitNanos(AbstractQueuedSynchronizer.java:1679)
        at java.base@17.0.13/java.util.concurrent.LinkedBlockingQueue.poll(LinkedBlockingQueue.java:460)
        at app//org.apache.hadoop.ipc.CallQueueManager.take(CallQueueManager.java:370)
        at app//org.apache.hadoop.ipc.Server$Handler.run(Server.java:3165)
"Socket Reader #4 for port 15037"  prio=5 tid=634 runnable
java.lang.Thread.State: RUNNABLE
        at java.base@17.0.13/sun.nio.ch.EPoll.wait(Native Method)
        at java.base@17.0.13/sun.nio.ch.EPollSelectorImpl.doSelect(EPollSelectorImpl.java:118)
        at java.base@17.0.13/sun.nio.ch.SelectorImpl.lockAndDoSelect(SelectorImpl.java:129)
        at java.base@17.0.13/sun.nio.ch.SelectorImpl.select(SelectorImpl.java:146)
        at app//org.apache.hadoop.ipc.Server$Listener$Reader.doRunLoop(Server.java:1497)
        at app//org.apache.hadoop.ipc.Server$Listener$Reader.run(Server.java:1476)
"IPC Server handler 30 on default port 15000" daemon prio=5 tid=115 timed_waiting
java.lang.Thread.State: TIMED_WAITING
        at java.base@17.0.13/jdk.internal.misc.Unsafe.park(Native Method)
        at java.base@17.0.13/java.util.concurrent.locks.LockSupport.parkNanos(LockSupport.java:252)
        at java.base@17.0.13/java.util.concurrent.locks.AbstractQueuedSynchronizer$ConditionObject.awaitNanos(AbstractQueuedSynchronizer.java:1679)
        at java.base@17.0.13/java.util.concurrent.LinkedBlockingQueue.poll(LinkedBlockingQueue.java:460)
        at app//org.apache.hadoop.ipc.CallQueueManager.take(CallQueueManager.java:370)
        at app//org.apache.hadoop.ipc.Server$Handler.run(Server.java:3165)
"IPC Server handler 19 on default port 15004" daemon prio=5 tid=471 timed_waiting
java.lang.Thread.State: TIMED_WAITING
        at java.base@17.0.13/jdk.internal.misc.Unsafe.park(Native Method)
        at java.base@17.0.13/java.util.concurrent.locks.LockSupport.parkNanos(LockSupport.java:252)
        at java.base@17.0.13/java.util.concurrent.locks.AbstractQueuedSynchronizer$ConditionObject.awaitNanos(AbstractQueuedSynchronizer.java:1679)
        at java.base@17.0.13/java.util.concurrent.LinkedBlockingQueue.poll(LinkedBlockingQueue.java:460)
        at app//org.apache.hadoop.ipc.CallQueueManager.take(CallQueueManager.java:370)
        at app//org.apache.hadoop.ipc.Server$Handler.run(Server.java:3165)
"22bda68c-b64b-4e26-a6f3-14a354ca4fb6-DatanodeStateMachineTaskThread-0"  prio=5 tid=706 in Object.wait()
java.lang.Thread.State: WAITING (on object monitor)
        at java.base@17.0.13/jdk.internal.misc.Unsafe.park(Native Method)
        at java.base@17.0.13/java.util.concurrent.locks.LockSupport.park(LockSupport.java:341)
        at java.base@17.0.13/java.util.concurrent.locks.AbstractQueuedSynchronizer$ConditionNode.block(AbstractQueuedSynchronizer.java:506)
        at java.base@17.0.13/java.util.concurrent.ForkJoinPool.unmanagedBlock(ForkJoinPool.java:3465)
        at java.base@17.0.13/java.util.concurrent.ForkJoinPool.managedBlock(ForkJoinPool.java:3436)
        at java.base@17.0.13/java.util.concurrent.locks.AbstractQueuedSynchronizer$ConditionObject.await(AbstractQueuedSynchronizer.java:1630)
        at java.base@17.0.13/java.util.concurrent.LinkedBlockingQueue.take(LinkedBlockingQueue.java:435)
        at java.base@17.0.13/java.util.concurrent.ThreadPoolExecutor.getTask(ThreadPoolExecutor.java:1062)
        at java.base@17.0.13/java.util.concurrent.ThreadPoolExecutor.runWorker(ThreadPoolExecutor.java:1122)
        at java.base@17.0.13/java.util.concurrent.ThreadPoolExecutor$Worker.run(ThreadPoolExecutor.java:635)
        at java.base@17.0.13/java.lang.Thread.run(Thread.java:840)
"IPC Server handler 89 on default port 15000" daemon prio=5 tid=174 timed_waiting
java.lang.Thread.State: TIMED_WAITING
        at java.base@17.0.13/jdk.internal.misc.Unsafe.park(Native Method)
        at java.base@17.0.13/java.util.concurrent.locks.LockSupport.parkNanos(LockSupport.java:252)
        at java.base@17.0.13/java.util.concurrent.locks.AbstractQueuedSynchronizer$ConditionObject.awaitNanos(AbstractQueuedSynchronizer.java:1679)
        at java.base@17.0.13/java.util.concurrent.LinkedBlockingQueue.poll(LinkedBlockingQueue.java:460)
        at app//org.apache.hadoop.ipc.CallQueueManager.take(CallQueueManager.java:370)
        at app//org.apache.hadoop.ipc.Server$Handler.run(Server.java:3165)
"IPC Server handler 53 on default port 15002" daemon prio=5 tid=338 timed_waiting
java.lang.Thread.State: TIMED_WAITING
        at java.base@17.0.13/jdk.internal.misc.Unsafe.park(Native Method)
        at java.base@17.0.13/java.util.concurrent.locks.LockSupport.parkNanos(LockSupport.java:252)
        at java.base@17.0.13/java.util.concurrent.locks.AbstractQueuedSynchronizer$ConditionObject.awaitNanos(AbstractQueuedSynchronizer.java:1679)
        at java.base@17.0.13/java.util.concurrent.LinkedBlockingQueue.poll(LinkedBlockingQueue.java:460)
        at app//org.apache.hadoop.ipc.CallQueueManager.take(CallQueueManager.java:370)
        at app//org.apache.hadoop.ipc.Server$Handler.run(Server.java:3165)
"timer5" daemon prio=5 tid=964 timed_waiting
java.lang.Thread.State: TIMED_WAITING
        at java.base@17.0.13/java.lang.Object.wait(Native Method)
        at java.base@17.0.13/java.util.TimerThread.mainLoop(Timer.java:563)
        at java.base@17.0.13/java.util.TimerThread.run(Timer.java:516)
"82107b5c-a456-4cce-866c-b79ad2953fda@group-848028536F21-cacheEviction-AwaitToRun" daemon prio=5 tid=889 in Object.wait()
java.lang.Thread.State: WAITING (on object monitor)
        at java.base@17.0.13/jdk.internal.misc.Unsafe.park(Native Method)
        at java.base@17.0.13/java.util.concurrent.locks.LockSupport.park(LockSupport.java:341)
        at java.base@17.0.13/java.util.concurrent.locks.AbstractQueuedSynchronizer$ConditionNode.block(AbstractQueuedSynchronizer.java:506)
        at java.base@17.0.13/java.util.concurrent.ForkJoinPool.unmanagedBlock(ForkJoinPool.java:3465)
        at java.base@17.0.13/java.util.concurrent.ForkJoinPool.managedBlock(ForkJoinPool.java:3436)
        at java.base@17.0.13/java.util.concurrent.locks.AbstractQueuedSynchronizer$ConditionObject.await(AbstractQueuedSynchronizer.java:1630)
        at app//org.apache.ratis.util.AwaitForSignal.await(AwaitForSignal.java:48)
        at app//org.apache.ratis.util.AwaitToRun$RunnableImpl.run(AwaitToRun.java:47)
        at java.base@17.0.13/java.lang.Thread.run(Thread.java:840)
"IPC Server handler 52 on default port 15002" daemon prio=5 tid=337 timed_waiting
java.lang.Thread.State: TIMED_WAITING
        at java.base@17.0.13/jdk.internal.misc.Unsafe.park(Native Method)
        at java.base@17.0.13/java.util.concurrent.locks.LockSupport.parkNanos(LockSupport.java:252)
        at java.base@17.0.13/java.util.concurrent.locks.AbstractQueuedSynchronizer$ConditionObject.awaitNanos(AbstractQueuedSynchronizer.java:1679)
        at java.base@17.0.13/java.util.concurrent.LinkedBlockingQueue.poll(LinkedBlockingQueue.java:460)
        at app//org.apache.hadoop.ipc.CallQueueManager.take(CallQueueManager.java:370)
        at app//org.apache.hadoop.ipc.Server$Handler.run(Server.java:3165)
"82107b5c-a456-4cce-866c-b79ad2953fda-EndpointStateMachineTaskThread-/0.0.0.0:15002-0 "  prio=5 tid=765 in Object.wait()
java.lang.Thread.State: WAITING (on object monitor)
        at java.base@17.0.13/jdk.internal.misc.Unsafe.park(Native Method)
        at java.base@17.0.13/java.util.concurrent.locks.LockSupport.park(LockSupport.java:341)
        at java.base@17.0.13/java.util.concurrent.locks.AbstractQueuedSynchronizer$ConditionNode.block(AbstractQueuedSynchronizer.java:506)
        at java.base@17.0.13/java.util.concurrent.ForkJoinPool.unmanagedBlock(ForkJoinPool.java:3465)
        at java.base@17.0.13/java.util.concurrent.ForkJoinPool.managedBlock(ForkJoinPool.java:3436)
        at java.base@17.0.13/java.util.concurrent.locks.AbstractQueuedSynchronizer$ConditionObject.await(AbstractQueuedSynchronizer.java:1630)
        at java.base@17.0.13/java.util.concurrent.LinkedBlockingQueue.take(LinkedBlockingQueue.java:435)
        at java.base@17.0.13/java.util.concurrent.ThreadPoolExecutor.getTask(ThreadPoolExecutor.java:1062)
        at java.base@17.0.13/java.util.concurrent.ThreadPoolExecutor.runWorker(ThreadPoolExecutor.java:1122)
        at java.base@17.0.13/java.util.concurrent.ThreadPoolExecutor$Worker.run(ThreadPoolExecutor.java:635)
        at java.base@17.0.13/java.lang.Thread.run(Thread.java:840)
"pool-30-thread-1"  prio=5 tid=388 timed_waiting
java.lang.Thread.State: TIMED_WAITING
        at java.base@17.0.13/jdk.internal.misc.Unsafe.park(Native Method)
        at java.base@17.0.13/java.util.concurrent.locks.LockSupport.parkNanos(LockSupport.java:252)
        at java.base@17.0.13/java.util.concurrent.locks.AbstractQueuedSynchronizer$ConditionObject.awaitNanos(AbstractQueuedSynchronizer.java:1679)
        at java.base@17.0.13/java.util.concurrent.ScheduledThreadPoolExecutor$DelayedWorkQueue.take(ScheduledThreadPoolExecutor.java:1182)
        at java.base@17.0.13/java.util.concurrent.ScheduledThreadPoolExecutor$DelayedWorkQueue.take(ScheduledThreadPoolExecutor.java:899)
        at java.base@17.0.13/java.util.concurrent.ThreadPoolExecutor.getTask(ThreadPoolExecutor.java:1062)
        at java.base@17.0.13/java.util.concurrent.ThreadPoolExecutor.runWorker(ThreadPoolExecutor.java:1122)
        at java.base@17.0.13/java.util.concurrent.ThreadPoolExecutor$Worker.run(ThreadPoolExecutor.java:635)
        at java.base@17.0.13/java.lang.Thread.run(Thread.java:840)
"IPC Server handler 55 on default port 15000" daemon prio=5 tid=140 timed_waiting
java.lang.Thread.State: TIMED_WAITING
        at java.base@17.0.13/jdk.internal.misc.Unsafe.park(Native Method)
        at java.base@17.0.13/java.util.concurrent.locks.LockSupport.parkNanos(LockSupport.java:252)
        at java.base@17.0.13/java.util.concurrent.locks.AbstractQueuedSynchronizer$ConditionObject.awaitNanos(AbstractQueuedSynchronizer.java:1679)
        at java.base@17.0.13/java.util.concurrent.LinkedBlockingQueue.poll(LinkedBlockingQueue.java:460)
        at app//org.apache.hadoop.ipc.CallQueueManager.take(CallQueueManager.java:370)
        at app//org.apache.hadoop.ipc.Server$Handler.run(Server.java:3165)
"grpc-default-executor-2" daemon prio=5 tid=915 timed_waiting
java.lang.Thread.State: TIMED_WAITING
        at java.base@17.0.13/jdk.internal.misc.Unsafe.park(Native Method)
        at java.base@17.0.13/java.util.concurrent.locks.LockSupport.parkNanos(LockSupport.java:252)
        at java.base@17.0.13/java.util.concurrent.SynchronousQueue$TransferStack.transfer(SynchronousQueue.java:401)
        at java.base@17.0.13/java.util.concurrent.SynchronousQueue.poll(SynchronousQueue.java:903)
        at java.base@17.0.13/java.util.concurrent.ThreadPoolExecutor.getTask(ThreadPoolExecutor.java:1061)
        at java.base@17.0.13/java.util.concurrent.ThreadPoolExecutor.runWorker(ThreadPoolExecutor.java:1122)
        at java.base@17.0.13/java.util.concurrent.ThreadPoolExecutor$Worker.run(ThreadPoolExecutor.java:635)
        at java.base@17.0.13/java.lang.Thread.run(Thread.java:840)
"Socket Reader #1 for port 15046"  prio=5 tid=677 runnable
java.lang.Thread.State: RUNNABLE
        at java.base@17.0.13/sun.nio.ch.EPoll.wait(Native Method)
        at java.base@17.0.13/sun.nio.ch.EPollSelectorImpl.doSelect(EPollSelectorImpl.java:118)
        at java.base@17.0.13/sun.nio.ch.SelectorImpl.lockAndDoSelect(SelectorImpl.java:129)
        at java.base@17.0.13/sun.nio.ch.SelectorImpl.select(SelectorImpl.java:146)
        at app//org.apache.hadoop.ipc.Server$Listener$Reader.doRunLoop(Server.java:1497)
        at app//org.apache.hadoop.ipc.Server$Listener$Reader.run(Server.java:1476)
"22bda68c-b64b-4e26-a6f3-14a354ca4fb6-EndpointStateMachineTaskThread-/0.0.0.0:15002-0 "  prio=5 tid=783 in Object.wait()
java.lang.Thread.State: WAITING (on object monitor)
        at java.base@17.0.13/jdk.internal.misc.Unsafe.park(Native Method)
        at java.base@17.0.13/java.util.concurrent.locks.LockSupport.park(LockSupport.java:341)
        at java.base@17.0.13/java.util.concurrent.locks.AbstractQueuedSynchronizer$ConditionNode.block(AbstractQueuedSynchronizer.java:506)
        at java.base@17.0.13/java.util.concurrent.ForkJoinPool.unmanagedBlock(ForkJoinPool.java:3465)
        at java.base@17.0.13/java.util.concurrent.ForkJoinPool.managedBlock(ForkJoinPool.java:3436)
        at java.base@17.0.13/java.util.concurrent.locks.AbstractQueuedSynchronizer$ConditionObject.await(AbstractQueuedSynchronizer.java:1630)
        at java.base@17.0.13/java.util.concurrent.LinkedBlockingQueue.take(LinkedBlockingQueue.java:435)
        at java.base@17.0.13/java.util.concurrent.ThreadPoolExecutor.getTask(ThreadPoolExecutor.java:1062)
        at java.base@17.0.13/java.util.concurrent.ThreadPoolExecutor.runWorker(ThreadPoolExecutor.java:1122)
        at java.base@17.0.13/java.util.concurrent.ThreadPoolExecutor$Worker.run(ThreadPoolExecutor.java:635)
        at java.base@17.0.13/java.lang.Thread.run(Thread.java:840)
"Socket Reader #9 for port 15028"  prio=5 tid=593 runnable
java.lang.Thread.State: RUNNABLE
        at java.base@17.0.13/sun.nio.ch.EPoll.wait(Native Method)
        at java.base@17.0.13/sun.nio.ch.EPollSelectorImpl.doSelect(EPollSelectorImpl.java:118)
        at java.base@17.0.13/sun.nio.ch.SelectorImpl.lockAndDoSelect(SelectorImpl.java:129)
        at java.base@17.0.13/sun.nio.ch.SelectorImpl.select(SelectorImpl.java:146)
        at app//org.apache.hadoop.ipc.Server$Listener$Reader.doRunLoop(Server.java:1497)
        at app//org.apache.hadoop.ipc.Server$Listener$Reader.run(Server.java:1476)
"IPC Server handler 5 on default port 15037" daemon prio=5 tid=649 timed_waiting
java.lang.Thread.State: TIMED_WAITING
        at java.base@17.0.13/jdk.internal.misc.Unsafe.park(Native Method)
        at java.base@17.0.13/java.util.concurrent.locks.LockSupport.parkNanos(LockSupport.java:252)
        at java.base@17.0.13/java.util.concurrent.locks.AbstractQueuedSynchronizer$ConditionObject.awaitNanos(AbstractQueuedSynchronizer.java:1679)
        at java.base@17.0.13/java.util.concurrent.LinkedBlockingQueue.poll(LinkedBlockingQueue.java:460)
        at app//org.apache.hadoop.ipc.CallQueueManager.take(CallQueueManager.java:370)
        at app//org.apache.hadoop.ipc.Server$Handler.run(Server.java:3165)
"IPC Server handler 0 on default port 15046" daemon prio=5 tid=690 timed_waiting
java.lang.Thread.State: TIMED_WAITING
        at java.base@17.0.13/jdk.internal.misc.Unsafe.park(Native Method)
        at java.base@17.0.13/java.util.concurrent.locks.LockSupport.parkNanos(LockSupport.java:252)
        at java.base@17.0.13/java.util.concurrent.locks.AbstractQueuedSynchronizer$ConditionObject.awaitNanos(AbstractQueuedSynchronizer.java:1679)
        at java.base@17.0.13/java.util.concurrent.LinkedBlockingQueue.poll(LinkedBlockingQueue.java:460)
        at app//org.apache.hadoop.ipc.CallQueueManager.take(CallQueueManager.java:370)
        at app//org.apache.hadoop.ipc.Server$Handler.run(Server.java:3165)
"qtp856883246-447" daemon prio=5 tid=447 timed_waiting
java.lang.Thread.State: TIMED_WAITING
        at java.base@17.0.13/jdk.internal.misc.Unsafe.park(Native Method)
        at java.base@17.0.13/java.util.concurrent.locks.LockSupport.parkNanos(LockSupport.java:252)
        at java.base@17.0.13/java.util.concurrent.locks.AbstractQueuedSynchronizer$ConditionObject.awaitNanos(AbstractQueuedSynchronizer.java:1679)
        at app//org.eclipse.jetty.util.BlockingArrayQueue.poll(BlockingArrayQueue.java:382)
        at app//org.eclipse.jetty.util.thread.QueuedThreadPool$Runner.idleJobPoll(QueuedThreadPool.java:974)
        at app//org.eclipse.jetty.util.thread.QueuedThreadPool$Runner.run(QueuedThreadPool.java:1018)
        at java.base@17.0.13/java.lang.Thread.run(Thread.java:840)
"ca425215-81ee-42b3-84d9-8ded1157efea-BlockDeletingService#0" daemon prio=5 tid=742 timed_waiting
java.lang.Thread.State: TIMED_WAITING
        at java.base@17.0.13/jdk.internal.misc.Unsafe.park(Native Method)
        at java.base@17.0.13/java.util.concurrent.locks.LockSupport.parkNanos(LockSupport.java:252)
        at java.base@17.0.13/java.util.concurrent.locks.AbstractQueuedSynchronizer$ConditionObject.awaitNanos(AbstractQueuedSynchronizer.java:1679)
        at java.base@17.0.13/java.util.concurrent.ScheduledThreadPoolExecutor$DelayedWorkQueue.take(ScheduledThreadPoolExecutor.java:1182)
        at java.base@17.0.13/java.util.concurrent.ScheduledThreadPoolExecutor$DelayedWorkQueue.take(ScheduledThreadPoolExecutor.java:899)
        at java.base@17.0.13/java.util.concurrent.ThreadPoolExecutor.getTask(ThreadPoolExecutor.java:1062)
        at java.base@17.0.13/java.util.concurrent.ThreadPoolExecutor.runWorker(ThreadPoolExecutor.java:1122)
        at java.base@17.0.13/java.util.concurrent.ThreadPoolExecutor$Worker.run(ThreadPoolExecutor.java:635)
        at java.base@17.0.13/java.lang.Thread.run(Thread.java:840)
"Hadoop-Metrics-Updater-0" daemon prio=5 tid=643 timed_waiting
java.lang.Thread.State: TIMED_WAITING
        at java.base@17.0.13/jdk.internal.misc.Unsafe.park(Native Method)
        at java.base@17.0.13/java.util.concurrent.locks.LockSupport.parkNanos(LockSupport.java:252)
        at java.base@17.0.13/java.util.concurrent.locks.AbstractQueuedSynchronizer$ConditionObject.awaitNanos(AbstractQueuedSynchronizer.java:1679)
        at java.base@17.0.13/java.util.concurrent.ScheduledThreadPoolExecutor$DelayedWorkQueue.take(ScheduledThreadPoolExecutor.java:1182)
        at java.base@17.0.13/java.util.concurrent.ScheduledThreadPoolExecutor$DelayedWorkQueue.take(ScheduledThreadPoolExecutor.java:899)
        at java.base@17.0.13/java.util.concurrent.ThreadPoolExecutor.getTask(ThreadPoolExecutor.java:1062)
        at java.base@17.0.13/java.util.concurrent.ThreadPoolExecutor.runWorker(ThreadPoolExecutor.java:1122)
        at java.base@17.0.13/java.util.concurrent.ThreadPoolExecutor$Worker.run(ThreadPoolExecutor.java:635)
        at java.base@17.0.13/java.lang.Thread.run(Thread.java:840)
"IPC Server handler 31 on default port 15002" daemon prio=5 tid=316 timed_waiting
java.lang.Thread.State: TIMED_WAITING
        at java.base@17.0.13/jdk.internal.misc.Unsafe.park(Native Method)
        at java.base@17.0.13/java.util.concurrent.locks.LockSupport.parkNanos(LockSupport.java:252)
        at java.base@17.0.13/java.util.concurrent.locks.AbstractQueuedSynchronizer$ConditionObject.awaitNanos(AbstractQueuedSynchronizer.java:1679)
        at java.base@17.0.13/java.util.concurrent.LinkedBlockingQueue.poll(LinkedBlockingQueue.java:460)
        at app//org.apache.hadoop.ipc.CallQueueManager.take(CallQueueManager.java:370)
        at app//org.apache.hadoop.ipc.Server$Handler.run(Server.java:3165)
"IPC Server handler 35 on default port 15002" daemon prio=5 tid=320 timed_waiting
java.lang.Thread.State: TIMED_WAITING
        at java.base@17.0.13/jdk.internal.misc.Unsafe.park(Native Method)
        at java.base@17.0.13/java.util.concurrent.locks.LockSupport.parkNanos(LockSupport.java:252)
        at java.base@17.0.13/java.util.concurrent.locks.AbstractQueuedSynchronizer$ConditionObject.awaitNanos(AbstractQueuedSynchronizer.java:1679)
        at java.base@17.0.13/java.util.concurrent.LinkedBlockingQueue.poll(LinkedBlockingQueue.java:460)
        at app//org.apache.hadoop.ipc.CallQueueManager.take(CallQueueManager.java:370)
        at app//org.apache.hadoop.ipc.Server$Handler.run(Server.java:3165)
"Socket Reader #10 for port 15046"  prio=5 tid=686 runnable
java.lang.Thread.State: RUNNABLE
        at java.base@17.0.13/sun.nio.ch.EPoll.wait(Native Method)
        at java.base@17.0.13/sun.nio.ch.EPollSelectorImpl.doSelect(EPollSelectorImpl.java:118)
        at java.base@17.0.13/sun.nio.ch.SelectorImpl.lockAndDoSelect(SelectorImpl.java:129)
        at java.base@17.0.13/sun.nio.ch.SelectorImpl.select(SelectorImpl.java:146)
        at app//org.apache.hadoop.ipc.Server$Listener$Reader.doRunLoop(Server.java:1497)
        at app//org.apache.hadoop.ipc.Server$Listener$Reader.run(Server.java:1476)
"IPC Server handler 91 on default port 15002" daemon prio=5 tid=376 timed_waiting
java.lang.Thread.State: TIMED_WAITING
        at java.base@17.0.13/jdk.internal.misc.Unsafe.park(Native Method)
        at java.base@17.0.13/java.util.concurrent.locks.LockSupport.parkNanos(LockSupport.java:252)
        at java.base@17.0.13/java.util.concurrent.locks.AbstractQueuedSynchronizer$ConditionObject.awaitNanos(AbstractQueuedSynchronizer.java:1679)
        at java.base@17.0.13/java.util.concurrent.LinkedBlockingQueue.poll(LinkedBlockingQueue.java:460)
        at app//org.apache.hadoop.ipc.CallQueueManager.take(CallQueueManager.java:370)
        at app//org.apache.hadoop.ipc.Server$Handler.run(Server.java:3165)
"om1@group-C5BA1605619E-StateMachineUpdater" daemon prio=5 tid=429 timed_waiting
java.lang.Thread.State: TIMED_WAITING
        at java.base@17.0.13/jdk.internal.misc.Unsafe.park(Native Method)
        at java.base@17.0.13/java.util.concurrent.locks.LockSupport.parkNanos(LockSupport.java:252)
        at java.base@17.0.13/java.util.concurrent.locks.AbstractQueuedSynchronizer$ConditionObject.await(AbstractQueuedSynchronizer.java:1764)
        at app//org.apache.ratis.util.AwaitForSignal.await(AwaitForSignal.java:65)
        at app//org.apache.ratis.server.impl.StateMachineUpdater.waitForCommit(StateMachineUpdater.java:219)
        at app//org.apache.ratis.server.impl.StateMachineUpdater.run(StateMachineUpdater.java:187)
        at java.base@17.0.13/java.lang.Thread.run(Thread.java:840)
"22bda68c-b64b-4e26-a6f3-14a354ca4fb6@group-E26A81565C11-cacheEviction-AwaitToRun" daemon prio=5 tid=895 in Object.wait()
java.lang.Thread.State: WAITING (on object monitor)
        at java.base@17.0.13/jdk.internal.misc.Unsafe.park(Native Method)
        at java.base@17.0.13/java.util.concurrent.locks.LockSupport.park(LockSupport.java:341)
        at java.base@17.0.13/java.util.concurrent.locks.AbstractQueuedSynchronizer$ConditionNode.block(AbstractQueuedSynchronizer.java:506)
        at java.base@17.0.13/java.util.concurrent.ForkJoinPool.unmanagedBlock(ForkJoinPool.java:3465)
        at java.base@17.0.13/java.util.concurrent.ForkJoinPool.managedBlock(ForkJoinPool.java:3436)
        at java.base@17.0.13/java.util.concurrent.locks.AbstractQueuedSynchronizer$ConditionObject.await(AbstractQueuedSynchronizer.java:1630)
        at app//org.apache.ratis.util.AwaitForSignal.await(AwaitForSignal.java:48)
        at app//org.apache.ratis.util.AwaitToRun$RunnableImpl.run(AwaitToRun.java:47)
        at java.base@17.0.13/java.lang.Thread.run(Thread.java:840)
"globalEventExecutor-2-5"  prio=5 tid=1064 timed_waiting
java.lang.Thread.State: TIMED_WAITING
        at java.base@17.0.13/jdk.internal.misc.Unsafe.park(Native Method)
        at java.base@17.0.13/java.util.concurrent.locks.LockSupport.parkNanos(LockSupport.java:252)
        at java.base@17.0.13/java.util.concurrent.locks.AbstractQueuedSynchronizer$ConditionObject.awaitNanos(AbstractQueuedSynchronizer.java:1679)
        at java.base@17.0.13/java.util.concurrent.LinkedBlockingQueue.poll(LinkedBlockingQueue.java:460)
        at app//org.apache.ratis.thirdparty.io.netty.util.concurrent.GlobalEventExecutor.takeTask(GlobalEventExecutor.java:113)
        at app//org.apache.ratis.thirdparty.io.netty.util.concurrent.GlobalEventExecutor$TaskRunner.run(GlobalEventExecutor.java:259)
        at app//org.apache.ratis.thirdparty.io.netty.util.internal.ThreadExecutorMap$2.run(ThreadExecutorMap.java:74)
        at app//org.apache.ratis.thirdparty.io.netty.util.concurrent.FastThreadLocalRunnable.run(FastThreadLocalRunnable.java:30)
        at java.base@17.0.13/java.lang.Thread.run(Thread.java:840)
"IPC Server handler 84 on default port 15001" daemon prio=5 tid=269 timed_waiting
java.lang.Thread.State: TIMED_WAITING
        at java.base@17.0.13/jdk.internal.misc.Unsafe.park(Native Method)
        at java.base@17.0.13/java.util.concurrent.locks.LockSupport.parkNanos(LockSupport.java:252)
        at java.base@17.0.13/java.util.concurrent.locks.AbstractQueuedSynchronizer$ConditionObject.awaitNanos(AbstractQueuedSynchronizer.java:1679)
        at java.base@17.0.13/java.util.concurrent.LinkedBlockingQueue.poll(LinkedBlockingQueue.java:460)
        at app//org.apache.hadoop.ipc.CallQueueManager.take(CallQueueManager.java:370)
        at app//org.apache.hadoop.ipc.Server$Handler.run(Server.java:3165)
"qtp1888798697-533" daemon prio=5 tid=533 timed_waiting
java.lang.Thread.State: TIMED_WAITING
        at java.base@17.0.13/jdk.internal.misc.Unsafe.park(Native Method)
        at java.base@17.0.13/java.util.concurrent.locks.LockSupport.parkNanos(LockSupport.java:252)
        at java.base@17.0.13/java.util.concurrent.locks.AbstractQueuedSynchronizer$ConditionObject.awaitNanos(AbstractQueuedSynchronizer.java:1679)
        at app//org.eclipse.jetty.util.BlockingArrayQueue.poll(BlockingArrayQueue.java:382)
        at app//org.eclipse.jetty.util.thread.QueuedThreadPool$Runner.idleJobPoll(QueuedThreadPool.java:974)
        at app//org.eclipse.jetty.util.thread.QueuedThreadPool$Runner.run(QueuedThreadPool.java:1018)
        at java.base@17.0.13/java.lang.Thread.run(Thread.java:840)
"grpc-default-executor-5" daemon prio=5 tid=918 timed_waiting
java.lang.Thread.State: TIMED_WAITING
        at java.base@17.0.13/jdk.internal.misc.Unsafe.park(Native Method)
        at java.base@17.0.13/java.util.concurrent.locks.LockSupport.parkNanos(LockSupport.java:252)
        at java.base@17.0.13/java.util.concurrent.SynchronousQueue$TransferStack.transfer(SynchronousQueue.java:401)
        at java.base@17.0.13/java.util.concurrent.SynchronousQueue.poll(SynchronousQueue.java:903)
        at java.base@17.0.13/java.util.concurrent.ThreadPoolExecutor.getTask(ThreadPoolExecutor.java:1061)
        at java.base@17.0.13/java.util.concurrent.ThreadPoolExecutor.runWorker(ThreadPoolExecutor.java:1122)
        at java.base@17.0.13/java.util.concurrent.ThreadPoolExecutor$Worker.run(ThreadPoolExecutor.java:635)
        at java.base@17.0.13/java.lang.Thread.run(Thread.java:840)
"Socket Reader #6 for port 15028"  prio=5 tid=590 runnable
java.lang.Thread.State: RUNNABLE
        at java.base@17.0.13/sun.nio.ch.EPoll.wait(Native Method)
        at java.base@17.0.13/sun.nio.ch.EPollSelectorImpl.doSelect(EPollSelectorImpl.java:118)
        at java.base@17.0.13/sun.nio.ch.SelectorImpl.lockAndDoSelect(SelectorImpl.java:129)
        at java.base@17.0.13/sun.nio.ch.SelectorImpl.select(SelectorImpl.java:146)
        at app//org.apache.hadoop.ipc.Server$Listener$Reader.doRunLoop(Server.java:1497)
        at app//org.apache.hadoop.ipc.Server$Listener$Reader.run(Server.java:1476)
"surefire-forkedjvm-command-thread" daemon prio=5 tid=14 runnable
java.lang.Thread.State: RUNNABLE
        at java.base@17.0.13/java.io.FileInputStream.readBytes(Native Method)
        at java.base@17.0.13/java.io.FileInputStream.read(FileInputStream.java:276)
        at java.base@17.0.13/java.io.BufferedInputStream.fill(BufferedInputStream.java:244)
        at java.base@17.0.13/java.io.BufferedInputStream.read(BufferedInputStream.java:263)
        at java.base@17.0.13/java.io.DataInputStream.readInt(DataInputStream.java:381)
        at app//org.apache.maven.surefire.booter.MasterProcessCommand.decode(MasterProcessCommand.java:113)
        at app//org.apache.maven.surefire.booter.CommandReader$CommandRunnable.run(CommandReader.java:383)
        at java.base@17.0.13/java.lang.Thread.run(Thread.java:840)
"IPC Server Responder" daemon prio=5 tid=423 runnable
java.lang.Thread.State: RUNNABLE
        at java.base@17.0.13/sun.nio.ch.EPoll.wait(Native Method)
        at java.base@17.0.13/sun.nio.ch.EPollSelectorImpl.doSelect(EPollSelectorImpl.java:118)
        at java.base@17.0.13/sun.nio.ch.SelectorImpl.lockAndDoSelect(SelectorImpl.java:129)
        at java.base@17.0.13/sun.nio.ch.SelectorImpl.select(SelectorImpl.java:141)
        at app//org.apache.hadoop.ipc.Server$Responder.doRunLoop(Server.java:1733)
        at app//org.apache.hadoop.ipc.Server$Responder.run(Server.java:1716)
"IPC Server handler 7 on default port 15002" daemon prio=5 tid=292 timed_waiting
java.lang.Thread.State: TIMED_WAITING
        at java.base@17.0.13/jdk.internal.misc.Unsafe.park(Native Method)
        at java.base@17.0.13/java.util.concurrent.locks.LockSupport.parkNanos(LockSupport.java:252)
        at java.base@17.0.13/java.util.concurrent.locks.AbstractQueuedSynchronizer$ConditionObject.awaitNanos(AbstractQueuedSynchronizer.java:1679)
        at java.base@17.0.13/java.util.concurrent.LinkedBlockingQueue.poll(LinkedBlockingQueue.java:460)
        at app//org.apache.hadoop.ipc.CallQueueManager.take(CallQueueManager.java:370)
        at app//org.apache.hadoop.ipc.Server$Handler.run(Server.java:3165)
"EventQueue-StaleNodeForStaleNodeHandler" daemon prio=5 tid=985 in Object.wait()
java.lang.Thread.State: WAITING (on object monitor)
        at java.base@17.0.13/jdk.internal.misc.Unsafe.park(Native Method)
        at java.base@17.0.13/java.util.concurrent.locks.LockSupport.park(LockSupport.java:341)
        at java.base@17.0.13/java.util.concurrent.locks.AbstractQueuedSynchronizer$ConditionNode.block(AbstractQueuedSynchronizer.java:506)
        at java.base@17.0.13/java.util.concurrent.ForkJoinPool.unmanagedBlock(ForkJoinPool.java:3465)
        at java.base@17.0.13/java.util.concurrent.ForkJoinPool.managedBlock(ForkJoinPool.java:3436)
        at java.base@17.0.13/java.util.concurrent.locks.AbstractQueuedSynchronizer$ConditionObject.await(AbstractQueuedSynchronizer.java:1630)
        at java.base@17.0.13/java.util.concurrent.LinkedBlockingQueue.take(LinkedBlockingQueue.java:435)
        at java.base@17.0.13/java.util.concurrent.ThreadPoolExecutor.getTask(ThreadPoolExecutor.java:1062)
        at java.base@17.0.13/java.util.concurrent.ThreadPoolExecutor.runWorker(ThreadPoolExecutor.java:1122)
        at java.base@17.0.13/java.util.concurrent.ThreadPoolExecutor$Worker.run(ThreadPoolExecutor.java:635)
        at java.base@17.0.13/java.lang.Thread.run(Thread.java:840)
"IPC Server handler 77 on default port 15001" daemon prio=5 tid=262 timed_waiting
java.lang.Thread.State: TIMED_WAITING
        at java.base@17.0.13/jdk.internal.misc.Unsafe.park(Native Method)
        at java.base@17.0.13/java.util.concurrent.locks.LockSupport.parkNanos(LockSupport.java:252)
        at java.base@17.0.13/java.util.concurrent.locks.AbstractQueuedSynchronizer$ConditionObject.awaitNanos(AbstractQueuedSynchronizer.java:1679)
        at java.base@17.0.13/java.util.concurrent.LinkedBlockingQueue.poll(LinkedBlockingQueue.java:460)
        at app//org.apache.hadoop.ipc.CallQueueManager.take(CallQueueManager.java:370)
        at app//org.apache.hadoop.ipc.Server$Handler.run(Server.java:3165)
"IPC Server handler 81 on default port 15001" daemon prio=5 tid=266 timed_waiting
java.lang.Thread.State: TIMED_WAITING
        at java.base@17.0.13/jdk.internal.misc.Unsafe.park(Native Method)
        at java.base@17.0.13/java.util.concurrent.locks.LockSupport.parkNanos(LockSupport.java:252)
        at java.base@17.0.13/java.util.concurrent.locks.AbstractQueuedSynchronizer$ConditionObject.awaitNanos(AbstractQueuedSynchronizer.java:1679)
        at java.base@17.0.13/java.util.concurrent.LinkedBlockingQueue.poll(LinkedBlockingQueue.java:460)
        at app//org.apache.hadoop.ipc.CallQueueManager.take(CallQueueManager.java:370)
        at app//org.apache.hadoop.ipc.Server$Handler.run(Server.java:3165)
"Socket Reader #8 for port 15019"  prio=5 tid=546 runnable
java.lang.Thread.State: RUNNABLE
        at java.base@17.0.13/sun.nio.ch.EPoll.wait(Native Method)
        at java.base@17.0.13/sun.nio.ch.EPollSelectorImpl.doSelect(EPollSelectorImpl.java:118)
        at java.base@17.0.13/sun.nio.ch.SelectorImpl.lockAndDoSelect(SelectorImpl.java:129)
        at java.base@17.0.13/sun.nio.ch.SelectorImpl.select(SelectorImpl.java:146)
        at app//org.apache.hadoop.ipc.Server$Listener$Reader.doRunLoop(Server.java:1497)
        at app//org.apache.hadoop.ipc.Server$Listener$Reader.run(Server.java:1476)
"46c085ae-d173-483e-a797-bf073fdc6d33-DatanodeStateMachineTaskThread-1"  prio=5 tid=746 in Object.wait()
java.lang.Thread.State: WAITING (on object monitor)
        at java.base@17.0.13/jdk.internal.misc.Unsafe.park(Native Method)
        at java.base@17.0.13/java.util.concurrent.locks.LockSupport.park(LockSupport.java:341)
        at java.base@17.0.13/java.util.concurrent.locks.AbstractQueuedSynchronizer$ConditionNode.block(AbstractQueuedSynchronizer.java:506)
        at java.base@17.0.13/java.util.concurrent.ForkJoinPool.unmanagedBlock(ForkJoinPool.java:3465)
        at java.base@17.0.13/java.util.concurrent.ForkJoinPool.managedBlock(ForkJoinPool.java:3436)
        at java.base@17.0.13/java.util.concurrent.locks.AbstractQueuedSynchronizer$ConditionObject.await(AbstractQueuedSynchronizer.java:1630)
        at java.base@17.0.13/java.util.concurrent.LinkedBlockingQueue.take(LinkedBlockingQueue.java:435)
        at java.base@17.0.13/java.util.concurrent.ThreadPoolExecutor.getTask(ThreadPoolExecutor.java:1062)
        at java.base@17.0.13/java.util.concurrent.ThreadPoolExecutor.runWorker(ThreadPoolExecutor.java:1122)
        at java.base@17.0.13/java.util.concurrent.ThreadPoolExecutor$Worker.run(ThreadPoolExecutor.java:635)
        at java.base@17.0.13/java.lang.Thread.run(Thread.java:840)
"IPC Server handler 91 on default port 15001" daemon prio=5 tid=276 timed_waiting
java.lang.Thread.State: TIMED_WAITING
        at java.base@17.0.13/jdk.internal.misc.Unsafe.park(Native Method)
        at java.base@17.0.13/java.util.concurrent.locks.LockSupport.parkNanos(LockSupport.java:252)
        at java.base@17.0.13/java.util.concurrent.locks.AbstractQueuedSynchronizer$ConditionObject.awaitNanos(AbstractQueuedSynchronizer.java:1679)
        at java.base@17.0.13/java.util.concurrent.LinkedBlockingQueue.poll(LinkedBlockingQueue.java:460)
        at app//org.apache.hadoop.ipc.CallQueueManager.take(CallQueueManager.java:370)
        at app//org.apache.hadoop.ipc.Server$Handler.run(Server.java:3165)
"Common-Cleaner" daemon prio=8 tid=11 timed_waiting
java.lang.Thread.State: TIMED_WAITING
        at java.base@17.0.13/java.lang.Object.wait(Native Method)
        at java.base@17.0.13/java.lang.ref.ReferenceQueue.remove(ReferenceQueue.java:155)
        at java.base@17.0.13/jdk.internal.ref.CleanerImpl.run(CleanerImpl.java:140)
        at java.base@17.0.13/java.lang.Thread.run(Thread.java:840)
        at java.base@17.0.13/jdk.internal.misc.InnocuousThread.run(InnocuousThread.java:162)
"IPC Server handler 15 on default port 15000" daemon prio=5 tid=100 timed_waiting
java.lang.Thread.State: TIMED_WAITING
        at java.base@17.0.13/jdk.internal.misc.Unsafe.park(Native Method)
        at java.base@17.0.13/java.util.concurrent.locks.LockSupport.parkNanos(LockSupport.java:252)
        at java.base@17.0.13/java.util.concurrent.locks.AbstractQueuedSynchronizer$ConditionObject.awaitNanos(AbstractQueuedSynchronizer.java:1679)
        at java.base@17.0.13/java.util.concurrent.LinkedBlockingQueue.poll(LinkedBlockingQueue.java:460)
        at app//org.apache.hadoop.ipc.CallQueueManager.take(CallQueueManager.java:370)
        at app//org.apache.hadoop.ipc.Server$Handler.run(Server.java:3165)
"ContainerDataScanner(/home/runner/work/ozone/ozone/hadoop-ozone/integration-test/target/test-dir/MiniOzoneClusterImpl-61f21677-568d-49d7-a2ee-8a05247fe249/ozone-meta/datanode-5/data-0/hdds)" daemon prio=5 tid=789 timed_waiting
java.lang.Thread.State: TIMED_WAITING
        at java.base@17.0.13/java.lang.Thread.sleep(Native Method)
        at app//org.apache.hadoop.ozone.container.ozoneimpl.AbstractBackgroundContainerScanner.handleRemainingSleep(AbstractBackgroundContainerScanner.java:131)
        at app//org.apache.hadoop.ozone.container.ozoneimpl.AbstractBackgroundContainerScanner.runIteration(AbstractBackgroundContainerScanner.java:98)
        at app//org.apache.hadoop.ozone.container.ozoneimpl.AbstractBackgroundContainerScanner.run(AbstractBackgroundContainerScanner.java:57)
"IPC Server handler 90 on default port 15000" daemon prio=5 tid=175 timed_waiting
java.lang.Thread.State: TIMED_WAITING
        at java.base@17.0.13/jdk.internal.misc.Unsafe.park(Native Method)
        at java.base@17.0.13/java.util.concurrent.locks.LockSupport.parkNanos(LockSupport.java:252)
        at java.base@17.0.13/java.util.concurrent.locks.AbstractQueuedSynchronizer$ConditionObject.awaitNanos(AbstractQueuedSynchronizer.java:1679)
        at java.base@17.0.13/java.util.concurrent.LinkedBlockingQueue.poll(LinkedBlockingQueue.java:460)
        at app//org.apache.hadoop.ipc.CallQueueManager.take(CallQueueManager.java:370)
        at app//org.apache.hadoop.ipc.Server$Handler.run(Server.java:3165)
"qtp801388009-392-acceptor-0@337c5e76-ServerConnector@72015156{HTTP/1.1, (http/1.1)}{0.0.0.0:15003}" daemon prio=3 tid=392 runnable
java.lang.Thread.State: RUNNABLE
        at java.base@17.0.13/sun.nio.ch.Net.accept(Native Method)
        at java.base@17.0.13/sun.nio.ch.ServerSocketChannelImpl.implAccept(ServerSocketChannelImpl.java:425)
        at java.base@17.0.13/sun.nio.ch.ServerSocketChannelImpl.accept(ServerSocketChannelImpl.java:391)
        at app//org.eclipse.jetty.server.ServerConnector.accept(ServerConnector.java:388)
        at app//org.eclipse.jetty.server.AbstractConnector$Acceptor.run(AbstractConnector.java:704)
        at app//org.eclipse.jetty.util.thread.QueuedThreadPool.runJob(QueuedThreadPool.java:883)
        at app//org.eclipse.jetty.util.thread.QueuedThreadPool$Runner.run(QueuedThreadPool.java:1034)
        at java.base@17.0.13/java.lang.Thread.run(Thread.java:840)
"IPC Server handler 63 on default port 15000" daemon prio=5 tid=148 timed_waiting
java.lang.Thread.State: TIMED_WAITING
        at java.base@17.0.13/jdk.internal.misc.Unsafe.park(Native Method)
        at java.base@17.0.13/java.util.concurrent.locks.LockSupport.parkNanos(LockSupport.java:252)
        at java.base@17.0.13/java.util.concurrent.locks.AbstractQueuedSynchronizer$ConditionObject.awaitNanos(AbstractQueuedSynchronizer.java:1679)
        at java.base@17.0.13/java.util.concurrent.LinkedBlockingQueue.poll(LinkedBlockingQueue.java:460)
        at app//org.apache.hadoop.ipc.CallQueueManager.take(CallQueueManager.java:370)
        at app//org.apache.hadoop.ipc.Server$Handler.run(Server.java:3165)
"IPC Server handler 64 on default port 15001" daemon prio=5 tid=249 timed_waiting
java.lang.Thread.State: TIMED_WAITING
        at java.base@17.0.13/jdk.internal.misc.Unsafe.park(Native Method)
        at java.base@17.0.13/java.util.concurrent.locks.LockSupport.parkNanos(LockSupport.java:252)
        at java.base@17.0.13/java.util.concurrent.locks.AbstractQueuedSynchronizer$ConditionObject.awaitNanos(AbstractQueuedSynchronizer.java:1679)
        at java.base@17.0.13/java.util.concurrent.LinkedBlockingQueue.poll(LinkedBlockingQueue.java:460)
        at app//org.apache.hadoop.ipc.CallQueueManager.take(CallQueueManager.java:370)
        at app//org.apache.hadoop.ipc.Server$Handler.run(Server.java:3165)
"IPC Server handler 9 on default port 15028" daemon prio=5 tid=607 timed_waiting
java.lang.Thread.State: TIMED_WAITING
        at java.base@17.0.13/jdk.internal.misc.Unsafe.park(Native Method)
        at java.base@17.0.13/java.util.concurrent.locks.LockSupport.parkNanos(LockSupport.java:252)
        at java.base@17.0.13/java.util.concurrent.locks.AbstractQueuedSynchronizer$ConditionObject.awaitNanos(AbstractQueuedSynchronizer.java:1679)
        at java.base@17.0.13/java.util.concurrent.LinkedBlockingQueue.poll(LinkedBlockingQueue.java:460)
        at app//org.apache.hadoop.ipc.CallQueueManager.take(CallQueueManager.java:370)
        at app//org.apache.hadoop.ipc.Server$Handler.run(Server.java:3165)
"IPC Server handler 75 on default port 15002" daemon prio=5 tid=360 timed_waiting
java.lang.Thread.State: TIMED_WAITING
        at java.base@17.0.13/jdk.internal.misc.Unsafe.park(Native Method)
        at java.base@17.0.13/java.util.concurrent.locks.LockSupport.parkNanos(LockSupport.java:252)
        at java.base@17.0.13/java.util.concurrent.locks.AbstractQueuedSynchronizer$ConditionObject.awaitNanos(AbstractQueuedSynchronizer.java:1679)
        at java.base@17.0.13/java.util.concurrent.LinkedBlockingQueue.poll(LinkedBlockingQueue.java:460)
        at app//org.apache.hadoop.ipc.CallQueueManager.take(CallQueueManager.java:370)
        at app//org.apache.hadoop.ipc.Server$Handler.run(Server.java:3165)
"Socket Reader #3 for port 15001"  prio=5 tid=49 runnable
java.lang.Thread.State: RUNNABLE
        at java.base@17.0.13/sun.nio.ch.EPoll.wait(Native Method)
        at java.base@17.0.13/sun.nio.ch.EPollSelectorImpl.doSelect(EPollSelectorImpl.java:118)
        at java.base@17.0.13/sun.nio.ch.SelectorImpl.lockAndDoSelect(SelectorImpl.java:129)
        at java.base@17.0.13/sun.nio.ch.SelectorImpl.select(SelectorImpl.java:146)
        at app//org.apache.hadoop.ipc.Server$Listener$Reader.doRunLoop(Server.java:1497)
        at app//org.apache.hadoop.ipc.Server$Listener$Reader.run(Server.java:1476)
"IPC Server handler 12 on default port 15001" daemon prio=5 tid=197 timed_waiting
java.lang.Thread.State: TIMED_WAITING
        at java.base@17.0.13/jdk.internal.misc.Unsafe.park(Native Method)
        at java.base@17.0.13/java.util.concurrent.locks.LockSupport.parkNanos(LockSupport.java:252)
        at java.base@17.0.13/java.util.concurrent.locks.AbstractQueuedSynchronizer$ConditionObject.awaitNanos(AbstractQueuedSynchronizer.java:1679)
        at java.base@17.0.13/java.util.concurrent.LinkedBlockingQueue.poll(LinkedBlockingQueue.java:460)
        at app//org.apache.hadoop.ipc.CallQueueManager.take(CallQueueManager.java:370)
        at app//org.apache.hadoop.ipc.Server$Handler.run(Server.java:3165)
"om1-OMDoubleBufferFlushThread" daemon prio=5 tid=407 timed_waiting
java.lang.Thread.State: TIMED_WAITING
        at java.base@17.0.13/java.lang.Object.wait(Native Method)
        at app//org.apache.hadoop.ozone.om.ratis.OzoneManagerDoubleBuffer.canFlush(OzoneManagerDoubleBuffer.java:578)
        at app//org.apache.hadoop.ozone.om.ratis.OzoneManagerDoubleBuffer.flushTransactions(OzoneManagerDoubleBuffer.java:294)
        at app//org.apache.hadoop.ozone.om.ratis.OzoneManagerDoubleBuffer$$Lambda$961/0x00007fa40863b870.run(Unknown Source)
        at java.base@17.0.13/java.lang.Thread.run(Thread.java:840)
"qtp1563254205-578" daemon prio=5 tid=578 timed_waiting
java.lang.Thread.State: TIMED_WAITING
        at java.base@17.0.13/jdk.internal.misc.Unsafe.park(Native Method)
        at java.base@17.0.13/java.util.concurrent.locks.LockSupport.parkNanos(LockSupport.java:252)
        at java.base@17.0.13/java.util.concurrent.locks.AbstractQueuedSynchronizer$ConditionObject.awaitNanos(AbstractQueuedSynchronizer.java:1679)
        at app//org.eclipse.jetty.util.BlockingArrayQueue.poll(BlockingArrayQueue.java:382)
        at app//org.eclipse.jetty.util.thread.QueuedThreadPool$Runner.idleJobPoll(QueuedThreadPool.java:974)
        at app//org.eclipse.jetty.util.thread.QueuedThreadPool$Runner.run(QueuedThreadPool.java:1018)
        at java.base@17.0.13/java.lang.Thread.run(Thread.java:840)
"prometheus" daemon prio=5 tid=398 in Object.wait()
java.lang.Thread.State: WAITING (on object monitor)
        at java.base@17.0.13/java.lang.Object.wait(Native Method)
        at java.base@17.0.13/java.lang.Object.wait(Object.java:338)
        at app//org.apache.hadoop.metrics2.impl.SinkQueue.waitForData(SinkQueue.java:114)
        at app//org.apache.hadoop.metrics2.impl.SinkQueue.consumeAll(SinkQueue.java:83)
        at app//org.apache.hadoop.metrics2.impl.MetricsSinkAdapter.publishMetricsFromQueue(MetricsSinkAdapter.java:135)
        at app//org.apache.hadoop.metrics2.impl.MetricsSinkAdapter$1.run(MetricsSinkAdapter.java:89)
"Socket Reader #3 for port 15037"  prio=5 tid=633 runnable
java.lang.Thread.State: RUNNABLE
        at java.base@17.0.13/sun.nio.ch.EPoll.wait(Native Method)
        at java.base@17.0.13/sun.nio.ch.EPollSelectorImpl.doSelect(EPollSelectorImpl.java:118)
        at java.base@17.0.13/sun.nio.ch.SelectorImpl.lockAndDoSelect(SelectorImpl.java:129)
        at java.base@17.0.13/sun.nio.ch.SelectorImpl.select(SelectorImpl.java:146)
        at app//org.apache.hadoop.ipc.Server$Listener$Reader.doRunLoop(Server.java:1497)
        at app//org.apache.hadoop.ipc.Server$Listener$Reader.run(Server.java:1476)
"EventQueue-PipelineReportForPipelineReportHandler" daemon prio=5 tid=803 in Object.wait()
java.lang.Thread.State: WAITING (on object monitor)
        at java.base@17.0.13/jdk.internal.misc.Unsafe.park(Native Method)
        at java.base@17.0.13/java.util.concurrent.locks.LockSupport.park(LockSupport.java:341)
        at java.base@17.0.13/java.util.concurrent.locks.AbstractQueuedSynchronizer$ConditionNode.block(AbstractQueuedSynchronizer.java:506)
        at java.base@17.0.13/java.util.concurrent.ForkJoinPool.unmanagedBlock(ForkJoinPool.java:3465)
        at java.base@17.0.13/java.util.concurrent.ForkJoinPool.managedBlock(ForkJoinPool.java:3436)
        at java.base@17.0.13/java.util.concurrent.locks.AbstractQueuedSynchronizer$ConditionObject.await(AbstractQueuedSynchronizer.java:1630)
        at java.base@17.0.13/java.util.concurrent.LinkedBlockingQueue.take(LinkedBlockingQueue.java:435)
        at java.base@17.0.13/java.util.concurrent.ThreadPoolExecutor.getTask(ThreadPoolExecutor.java:1062)
        at java.base@17.0.13/java.util.concurrent.ThreadPoolExecutor.runWorker(ThreadPoolExecutor.java:1122)
        at java.base@17.0.13/java.util.concurrent.ThreadPoolExecutor$Worker.run(ThreadPoolExecutor.java:635)
        at java.base@17.0.13/java.lang.Thread.run(Thread.java:840)
"IPC Server handler 98 on default port 15001" daemon prio=5 tid=283 timed_waiting
java.lang.Thread.State: TIMED_WAITING
        at java.base@17.0.13/jdk.internal.misc.Unsafe.park(Native Method)
        at java.base@17.0.13/java.util.concurrent.locks.LockSupport.parkNanos(LockSupport.java:252)
        at java.base@17.0.13/java.util.concurrent.locks.AbstractQueuedSynchronizer$ConditionObject.awaitNanos(AbstractQueuedSynchronizer.java:1679)
        at java.base@17.0.13/java.util.concurrent.LinkedBlockingQueue.poll(LinkedBlockingQueue.java:460)
        at app//org.apache.hadoop.ipc.CallQueueManager.take(CallQueueManager.java:370)
        at app//org.apache.hadoop.ipc.Server$Handler.run(Server.java:3165)
"IPC Server Responder" daemon prio=5 tid=642 runnable
java.lang.Thread.State: RUNNABLE
        at java.base@17.0.13/sun.nio.ch.EPoll.wait(Native Method)
        at java.base@17.0.13/sun.nio.ch.EPollSelectorImpl.doSelect(EPollSelectorImpl.java:118)
        at java.base@17.0.13/sun.nio.ch.SelectorImpl.lockAndDoSelect(SelectorImpl.java:129)
        at java.base@17.0.13/sun.nio.ch.SelectorImpl.select(SelectorImpl.java:141)
        at app//org.apache.hadoop.ipc.Server$Responder.doRunLoop(Server.java:1733)
        at app//org.apache.hadoop.ipc.Server$Responder.run(Server.java:1716)
"IPC Server handler 16 on default port 15002" daemon prio=5 tid=301 timed_waiting
java.lang.Thread.State: TIMED_WAITING
        at java.base@17.0.13/jdk.internal.misc.Unsafe.park(Native Method)
        at java.base@17.0.13/java.util.concurrent.locks.LockSupport.parkNanos(LockSupport.java:252)
        at java.base@17.0.13/java.util.concurrent.locks.AbstractQueuedSynchronizer$ConditionObject.awaitNanos(AbstractQueuedSynchronizer.java:1679)
        at java.base@17.0.13/java.util.concurrent.LinkedBlockingQueue.poll(LinkedBlockingQueue.java:460)
        at app//org.apache.hadoop.ipc.CallQueueManager.take(CallQueueManager.java:370)
        at app//org.apache.hadoop.ipc.Server$Handler.run(Server.java:3165)
"qtp1563254205-576" daemon prio=5 tid=576 runnable
java.lang.Thread.State: RUNNABLE
        at java.base@17.0.13/sun.nio.ch.EPoll.wait(Native Method)
        at java.base@17.0.13/sun.nio.ch.EPollSelectorImpl.doSelect(EPollSelectorImpl.java:118)
        at java.base@17.0.13/sun.nio.ch.SelectorImpl.lockAndDoSelect(SelectorImpl.java:129)
        at java.base@17.0.13/sun.nio.ch.SelectorImpl.select(SelectorImpl.java:146)
        at app//org.eclipse.jetty.io.ManagedSelector.nioSelect(ManagedSelector.java:183)
        at app//org.eclipse.jetty.io.ManagedSelector.select(ManagedSelector.java:190)
        at app//org.eclipse.jetty.io.ManagedSelector$SelectorProducer.select(ManagedSelector.java:606)
        at app//org.eclipse.jetty.io.ManagedSelector$SelectorProducer.produce(ManagedSelector.java:543)
        at app//org.eclipse.jetty.util.thread.strategy.EatWhatYouKill.produceTask(EatWhatYouKill.java:362)
        at app//org.eclipse.jetty.util.thread.strategy.EatWhatYouKill.doProduce(EatWhatYouKill.java:186)
        at app//org.eclipse.jetty.util.thread.strategy.EatWhatYouKill.tryProduce(EatWhatYouKill.java:173)
        at app//org.eclipse.jetty.util.thread.strategy.EatWhatYouKill.produce(EatWhatYouKill.java:137)
        at app//org.eclipse.jetty.io.ManagedSelector$$Lambda$837/0x00007fa408547510.run(Unknown Source)
        at app//org.eclipse.jetty.util.thread.QueuedThreadPool.runJob(QueuedThreadPool.java:883)
        at app//org.eclipse.jetty.util.thread.QueuedThreadPool$Runner.run(QueuedThreadPool.java:1034)
        at java.base@17.0.13/java.lang.Thread.run(Thread.java:840)
"grpc-default-executor-0" daemon prio=5 tid=820 timed_waiting
java.lang.Thread.State: TIMED_WAITING
        at java.base@17.0.13/jdk.internal.misc.Unsafe.park(Native Method)
        at java.base@17.0.13/java.util.concurrent.locks.LockSupport.parkNanos(LockSupport.java:252)
        at java.base@17.0.13/java.util.concurrent.SynchronousQueue$TransferStack.transfer(SynchronousQueue.java:401)
        at java.base@17.0.13/java.util.concurrent.SynchronousQueue.poll(SynchronousQueue.java:903)
        at java.base@17.0.13/java.util.concurrent.ThreadPoolExecutor.getTask(ThreadPoolExecutor.java:1061)
        at java.base@17.0.13/java.util.concurrent.ThreadPoolExecutor.runWorker(ThreadPoolExecutor.java:1122)
        at java.base@17.0.13/java.util.concurrent.ThreadPoolExecutor$Worker.run(ThreadPoolExecutor.java:635)
        at java.base@17.0.13/java.lang.Thread.run(Thread.java:840)
"IPC Server handler 17 on default port 15002" daemon prio=5 tid=302 timed_waiting
java.lang.Thread.State: TIMED_WAITING
        at java.base@17.0.13/jdk.internal.misc.Unsafe.park(Native Method)
        at java.base@17.0.13/java.util.concurrent.locks.LockSupport.parkNanos(LockSupport.java:252)
        at java.base@17.0.13/java.util.concurrent.locks.AbstractQueuedSynchronizer$ConditionObject.awaitNanos(AbstractQueuedSynchronizer.java:1679)
        at java.base@17.0.13/java.util.concurrent.LinkedBlockingQueue.poll(LinkedBlockingQueue.java:460)
        at app//org.apache.hadoop.ipc.CallQueueManager.take(CallQueueManager.java:370)
        at app//org.apache.hadoop.ipc.Server$Handler.run(Server.java:3165)
"IPC Server handler 98 on default port 15000" daemon prio=5 tid=183 timed_waiting
java.lang.Thread.State: TIMED_WAITING
        at java.base@17.0.13/jdk.internal.misc.Unsafe.park(Native Method)
        at java.base@17.0.13/java.util.concurrent.locks.LockSupport.parkNanos(LockSupport.java:252)
        at java.base@17.0.13/java.util.concurrent.locks.AbstractQueuedSynchronizer$ConditionObject.awaitNanos(AbstractQueuedSynchronizer.java:1679)
        at java.base@17.0.13/java.util.concurrent.LinkedBlockingQueue.poll(LinkedBlockingQueue.java:460)
        at app//org.apache.hadoop.ipc.CallQueueManager.take(CallQueueManager.java:370)
        at app//org.apache.hadoop.ipc.Server$Handler.run(Server.java:3165)
"22bda68c-b64b-4e26-a6f3-14a354ca4fb6-DatanodeReportManager-0" daemon prio=5 tid=701 in Object.wait()
java.lang.Thread.State: WAITING (on object monitor)
        at java.base@17.0.13/jdk.internal.misc.Unsafe.park(Native Method)
        at java.base@17.0.13/java.util.concurrent.locks.LockSupport.park(LockSupport.java:341)
        at java.base@17.0.13/java.util.concurrent.locks.AbstractQueuedSynchronizer$ConditionNode.block(AbstractQueuedSynchronizer.java:506)
        at java.base@17.0.13/java.util.concurrent.ForkJoinPool.unmanagedBlock(ForkJoinPool.java:3465)
        at java.base@17.0.13/java.util.concurrent.ForkJoinPool.managedBlock(ForkJoinPool.java:3436)
        at java.base@17.0.13/java.util.concurrent.locks.AbstractQueuedSynchronizer$ConditionObject.await(AbstractQueuedSynchronizer.java:1630)
        at java.base@17.0.13/java.util.concurrent.ScheduledThreadPoolExecutor$DelayedWorkQueue.take(ScheduledThreadPoolExecutor.java:1177)
        at java.base@17.0.13/java.util.concurrent.ScheduledThreadPoolExecutor$DelayedWorkQueue.take(ScheduledThreadPoolExecutor.java:899)
        at java.base@17.0.13/java.util.concurrent.ThreadPoolExecutor.getTask(ThreadPoolExecutor.java:1062)
        at java.base@17.0.13/java.util.concurrent.ThreadPoolExecutor.runWorker(ThreadPoolExecutor.java:1122)
        at java.base@17.0.13/java.util.concurrent.ThreadPoolExecutor$Worker.run(ThreadPoolExecutor.java:635)
        at java.base@17.0.13/java.lang.Thread.run(Thread.java:840)
"IPC Server handler 61 on default port 15000" daemon prio=5 tid=146 timed_waiting
java.lang.Thread.State: TIMED_WAITING
        at java.base@17.0.13/jdk.internal.misc.Unsafe.park(Native Method)
        at java.base@17.0.13/java.util.concurrent.locks.LockSupport.parkNanos(LockSupport.java:252)
        at java.base@17.0.13/java.util.concurrent.locks.AbstractQueuedSynchronizer$ConditionObject.awaitNanos(AbstractQueuedSynchronizer.java:1679)
        at java.base@17.0.13/java.util.concurrent.LinkedBlockingQueue.poll(LinkedBlockingQueue.java:460)
        at app//org.apache.hadoop.ipc.CallQueueManager.take(CallQueueManager.java:370)
        at app//org.apache.hadoop.ipc.Server$Handler.run(Server.java:3165)
"qtp1888798697-529" daemon prio=5 tid=529 runnable
java.lang.Thread.State: RUNNABLE
        at java.base@17.0.13/sun.nio.ch.EPoll.wait(Native Method)
        at java.base@17.0.13/sun.nio.ch.EPollSelectorImpl.doSelect(EPollSelectorImpl.java:118)
        at java.base@17.0.13/sun.nio.ch.SelectorImpl.lockAndDoSelect(SelectorImpl.java:129)
        at java.base@17.0.13/sun.nio.ch.SelectorImpl.select(SelectorImpl.java:146)
        at app//org.eclipse.jetty.io.ManagedSelector.nioSelect(ManagedSelector.java:183)
        at app//org.eclipse.jetty.io.ManagedSelector.select(ManagedSelector.java:190)
        at app//org.eclipse.jetty.io.ManagedSelector$SelectorProducer.select(ManagedSelector.java:606)
        at app//org.eclipse.jetty.io.ManagedSelector$SelectorProducer.produce(ManagedSelector.java:543)
        at app//org.eclipse.jetty.util.thread.strategy.EatWhatYouKill.produceTask(EatWhatYouKill.java:362)
        at app//org.eclipse.jetty.util.thread.strategy.EatWhatYouKill.doProduce(EatWhatYouKill.java:186)
        at app//org.eclipse.jetty.util.thread.strategy.EatWhatYouKill.tryProduce(EatWhatYouKill.java:173)
        at app//org.eclipse.jetty.util.thread.strategy.EatWhatYouKill.produce(EatWhatYouKill.java:137)
        at app//org.eclipse.jetty.io.ManagedSelector$$Lambda$837/0x00007fa408547510.run(Unknown Source)
        at app//org.eclipse.jetty.util.thread.QueuedThreadPool.runJob(QueuedThreadPool.java:883)
        at app//org.eclipse.jetty.util.thread.QueuedThreadPool$Runner.run(QueuedThreadPool.java:1034)
        at java.base@17.0.13/java.lang.Thread.run(Thread.java:840)
"qtp1563254205-579" daemon prio=5 tid=579 timed_waiting
java.lang.Thread.State: TIMED_WAITING
        at java.base@17.0.13/jdk.internal.misc.Unsafe.park(Native Method)
        at java.base@17.0.13/java.util.concurrent.locks.LockSupport.parkNanos(LockSupport.java:252)
        at java.base@17.0.13/java.util.concurrent.locks.AbstractQueuedSynchronizer$ConditionObject.awaitNanos(AbstractQueuedSynchronizer.java:1679)
        at app//org.eclipse.jetty.util.BlockingArrayQueue.poll(BlockingArrayQueue.java:382)
        at app//org.eclipse.jetty.util.thread.QueuedThreadPool$Runner.idleJobPoll(QueuedThreadPool.java:974)
        at app//org.eclipse.jetty.util.thread.QueuedThreadPool$Runner.run(QueuedThreadPool.java:1018)
        at java.base@17.0.13/java.lang.Thread.run(Thread.java:840)
"Socket Reader #6 for port 15002"  prio=5 tid=38 runnable
java.lang.Thread.State: RUNNABLE
        at java.base@17.0.13/sun.nio.ch.EPoll.wait(Native Method)
        at java.base@17.0.13/sun.nio.ch.EPollSelectorImpl.doSelect(EPollSelectorImpl.java:118)
        at java.base@17.0.13/sun.nio.ch.SelectorImpl.lockAndDoSelect(SelectorImpl.java:129)
        at java.base@17.0.13/sun.nio.ch.SelectorImpl.select(SelectorImpl.java:146)
        at app//org.apache.hadoop.ipc.Server$Listener$Reader.doRunLoop(Server.java:1497)
        at app//org.apache.hadoop.ipc.Server$Listener$Reader.run(Server.java:1476)
"Socket Reader #5 for port 15004"  prio=5 tid=416 runnable
java.lang.Thread.State: RUNNABLE
        at java.base@17.0.13/sun.nio.ch.EPoll.wait(Native Method)
        at java.base@17.0.13/sun.nio.ch.EPollSelectorImpl.doSelect(EPollSelectorImpl.java:118)
        at java.base@17.0.13/sun.nio.ch.SelectorImpl.lockAndDoSelect(SelectorImpl.java:129)
        at java.base@17.0.13/sun.nio.ch.SelectorImpl.select(SelectorImpl.java:146)
        at app//org.apache.hadoop.ipc.Server$Listener$Reader.doRunLoop(Server.java:1497)
        at app//org.apache.hadoop.ipc.Server$Listener$Reader.run(Server.java:1476)
"IPC Server handler 55 on default port 15002" daemon prio=5 tid=340 timed_waiting
java.lang.Thread.State: TIMED_WAITING
        at java.base@17.0.13/jdk.internal.misc.Unsafe.park(Native Method)
        at java.base@17.0.13/java.util.concurrent.locks.LockSupport.parkNanos(LockSupport.java:252)
        at java.base@17.0.13/java.util.concurrent.locks.AbstractQueuedSynchronizer$ConditionObject.awaitNanos(AbstractQueuedSynchronizer.java:1679)
        at java.base@17.0.13/java.util.concurrent.LinkedBlockingQueue.poll(LinkedBlockingQueue.java:460)
        at app//org.apache.hadoop.ipc.CallQueueManager.take(CallQueueManager.java:370)
        at app//org.apache.hadoop.ipc.Server$Handler.run(Server.java:3165)
"EventQueue-NewNodeForNewNodeHandler" daemon prio=5 tid=800 in Object.wait()
java.lang.Thread.State: WAITING (on object monitor)
        at java.base@17.0.13/jdk.internal.misc.Unsafe.park(Native Method)
        at java.base@17.0.13/java.util.concurrent.locks.LockSupport.park(LockSupport.java:341)
        at java.base@17.0.13/java.util.concurrent.locks.AbstractQueuedSynchronizer$ConditionNode.block(AbstractQueuedSynchronizer.java:506)
        at java.base@17.0.13/java.util.concurrent.ForkJoinPool.unmanagedBlock(ForkJoinPool.java:3465)
        at java.base@17.0.13/java.util.concurrent.ForkJoinPool.managedBlock(ForkJoinPool.java:3436)
        at java.base@17.0.13/java.util.concurrent.locks.AbstractQueuedSynchronizer$ConditionObject.await(AbstractQueuedSynchronizer.java:1630)
        at java.base@17.0.13/java.util.concurrent.LinkedBlockingQueue.take(LinkedBlockingQueue.java:435)
        at java.base@17.0.13/java.util.concurrent.ThreadPoolExecutor.getTask(ThreadPoolExecutor.java:1062)
        at java.base@17.0.13/java.util.concurrent.ThreadPoolExecutor.runWorker(ThreadPoolExecutor.java:1122)
        at java.base@17.0.13/java.util.concurrent.ThreadPoolExecutor$Worker.run(ThreadPoolExecutor.java:635)
        at java.base@17.0.13/java.lang.Thread.run(Thread.java:840)
"46c085ae-d173-483e-a797-bf073fdc6d33-groupManagement" daemon prio=5 tid=834 in Object.wait()
java.lang.Thread.State: WAITING (on object monitor)
        at java.base@17.0.13/jdk.internal.misc.Unsafe.park(Native Method)
        at java.base@17.0.13/java.util.concurrent.locks.LockSupport.park(LockSupport.java:341)
        at java.base@17.0.13/java.util.concurrent.locks.AbstractQueuedSynchronizer$ConditionNode.block(AbstractQueuedSynchronizer.java:506)
        at java.base@17.0.13/java.util.concurrent.ForkJoinPool.unmanagedBlock(ForkJoinPool.java:3465)
        at java.base@17.0.13/java.util.concurrent.ForkJoinPool.managedBlock(ForkJoinPool.java:3436)
        at java.base@17.0.13/java.util.concurrent.locks.AbstractQueuedSynchronizer$ConditionObject.await(AbstractQueuedSynchronizer.java:1630)
        at java.base@17.0.13/java.util.concurrent.LinkedBlockingQueue.take(LinkedBlockingQueue.java:435)
        at java.base@17.0.13/java.util.concurrent.ThreadPoolExecutor.getTask(ThreadPoolExecutor.java:1062)
        at java.base@17.0.13/java.util.concurrent.ThreadPoolExecutor.runWorker(ThreadPoolExecutor.java:1122)
        at java.base@17.0.13/java.util.concurrent.ThreadPoolExecutor$Worker.run(ThreadPoolExecutor.java:635)
        at java.base@17.0.13/java.lang.Thread.run(Thread.java:840)
"Socket Reader #1 for port 15001"  prio=5 tid=47 runnable
java.lang.Thread.State: RUNNABLE
        at java.base@17.0.13/sun.nio.ch.EPoll.wait(Native Method)
        at java.base@17.0.13/sun.nio.ch.EPollSelectorImpl.doSelect(EPollSelectorImpl.java:118)
        at java.base@17.0.13/sun.nio.ch.SelectorImpl.lockAndDoSelect(SelectorImpl.java:129)
        at java.base@17.0.13/sun.nio.ch.SelectorImpl.select(SelectorImpl.java:146)
        at app//org.apache.hadoop.ipc.Server$Listener$Reader.doRunLoop(Server.java:1497)
        at app//org.apache.hadoop.ipc.Server$Listener$Reader.run(Server.java:1476)
"IPC Server handler 18 on default port 15004" daemon prio=5 tid=470 timed_waiting
java.lang.Thread.State: TIMED_WAITING
        at java.base@17.0.13/jdk.internal.misc.Unsafe.park(Native Method)
        at java.base@17.0.13/java.util.concurrent.locks.LockSupport.parkNanos(LockSupport.java:252)
        at java.base@17.0.13/java.util.concurrent.locks.AbstractQueuedSynchronizer$ConditionObject.awaitNanos(AbstractQueuedSynchronizer.java:1679)
        at java.base@17.0.13/java.util.concurrent.LinkedBlockingQueue.poll(LinkedBlockingQueue.java:460)
        at app//org.apache.hadoop.ipc.CallQueueManager.take(CallQueueManager.java:370)
        at app//org.apache.hadoop.ipc.Server$Handler.run(Server.java:3165)
"FixedThreadPoolWithAffinityExecutor-2-0" daemon prio=5 tid=76 timed_waiting
java.lang.Thread.State: TIMED_WAITING
        at java.base@17.0.13/jdk.internal.misc.Unsafe.park(Native Method)
        at java.base@17.0.13/java.util.concurrent.locks.LockSupport.parkNanos(LockSupport.java:252)
        at java.base@17.0.13/java.util.concurrent.locks.AbstractQueuedSynchronizer$ConditionObject.awaitNanos(AbstractQueuedSynchronizer.java:1679)
        at java.base@17.0.13/java.util.concurrent.LinkedBlockingQueue.poll(LinkedBlockingQueue.java:460)
        at app//org.apache.hadoop.hdds.scm.server.ContainerReportQueue.poll(ContainerReportQueue.java:269)
        at app//org.apache.hadoop.hdds.scm.server.ContainerReportQueue.poll(ContainerReportQueue.java:42)
        at app//org.apache.hadoop.hdds.server.events.FixedThreadPoolWithAffinityExecutor$ContainerReportProcessTask.run(FixedThreadPoolWithAffinityExecutor.java:253)
        at java.base@17.0.13/java.util.concurrent.Executors$RunnableAdapter.call(Executors.java:539)
        at java.base@17.0.13/java.util.concurrent.FutureTask.run(FutureTask.java:264)
        at java.base@17.0.13/java.util.concurrent.ThreadPoolExecutor.runWorker(ThreadPoolExecutor.java:1136)
        at java.base@17.0.13/java.util.concurrent.ThreadPoolExecutor$Worker.run(ThreadPoolExecutor.java:635)
        at java.base@17.0.13/java.lang.Thread.run(Thread.java:840)
"IPC Server handler 67 on default port 15002" daemon prio=5 tid=352 timed_waiting
java.lang.Thread.State: TIMED_WAITING
        at java.base@17.0.13/jdk.internal.misc.Unsafe.park(Native Method)
        at java.base@17.0.13/java.util.concurrent.locks.LockSupport.parkNanos(LockSupport.java:252)
        at java.base@17.0.13/java.util.concurrent.locks.AbstractQueuedSynchronizer$ConditionObject.awaitNanos(AbstractQueuedSynchronizer.java:1679)
        at java.base@17.0.13/java.util.concurrent.LinkedBlockingQueue.poll(LinkedBlockingQueue.java:460)
        at app//org.apache.hadoop.ipc.CallQueueManager.take(CallQueueManager.java:370)
        at app//org.apache.hadoop.ipc.Server$Handler.run(Server.java:3165)
"org.apache.hadoop.ozone.container.common.statemachine.commandhandler.DeleteBlocksCommandHandler$DeleteCmdWorker@5ee4935f" daemon prio=5 tid=665 timed_waiting
java.lang.Thread.State: TIMED_WAITING
        at java.base@17.0.13/java.lang.Thread.sleep(Native Method)
        at app//org.apache.hadoop.ozone.container.common.statemachine.commandhandler.DeleteBlocksCommandHandler$DeleteCmdWorker.run(DeleteBlocksCommandHandler.java:264)
        at java.base@17.0.13/java.lang.Thread.run(Thread.java:840)
"IPC Server handler 87 on default port 15001" daemon prio=5 tid=272 timed_waiting
java.lang.Thread.State: TIMED_WAITING
        at java.base@17.0.13/jdk.internal.misc.Unsafe.park(Native Method)
        at java.base@17.0.13/java.util.concurrent.locks.LockSupport.parkNanos(LockSupport.java:252)
        at java.base@17.0.13/java.util.concurrent.locks.AbstractQueuedSynchronizer$ConditionObject.awaitNanos(AbstractQueuedSynchronizer.java:1679)
        at java.base@17.0.13/java.util.concurrent.LinkedBlockingQueue.poll(LinkedBlockingQueue.java:460)
        at app//org.apache.hadoop.ipc.CallQueueManager.take(CallQueueManager.java:370)
        at app//org.apache.hadoop.ipc.Server$Handler.run(Server.java:3165)
"IPC Server handler 5 on default port 15028" daemon prio=5 tid=603 timed_waiting
java.lang.Thread.State: TIMED_WAITING
        at java.base@17.0.13/jdk.internal.misc.Unsafe.park(Native Method)
        at java.base@17.0.13/java.util.concurrent.locks.LockSupport.parkNanos(LockSupport.java:252)
        at java.base@17.0.13/java.util.concurrent.locks.AbstractQueuedSynchronizer$ConditionObject.awaitNanos(AbstractQueuedSynchronizer.java:1679)
        at java.base@17.0.13/java.util.concurrent.LinkedBlockingQueue.poll(LinkedBlockingQueue.java:460)
        at app//org.apache.hadoop.ipc.CallQueueManager.take(CallQueueManager.java:370)
        at app//org.apache.hadoop.ipc.Server$Handler.run(Server.java:3165)
"IPC Server handler 4 on default port 15002" daemon prio=5 tid=289 timed_waiting
java.lang.Thread.State: TIMED_WAITING
        at java.base@17.0.13/jdk.internal.misc.Unsafe.park(Native Method)
        at java.base@17.0.13/java.util.concurrent.locks.LockSupport.parkNanos(LockSupport.java:252)
        at java.base@17.0.13/java.util.concurrent.locks.AbstractQueuedSynchronizer$ConditionObject.awaitNanos(AbstractQueuedSynchronizer.java:1679)
        at java.base@17.0.13/java.util.concurrent.LinkedBlockingQueue.poll(LinkedBlockingQueue.java:460)
        at app//org.apache.hadoop.ipc.CallQueueManager.take(CallQueueManager.java:370)
        at app//org.apache.hadoop.ipc.Server$Handler.run(Server.java:3165)
"IPC Server handler 7 on default port 15019" daemon prio=5 tid=559 timed_waiting
java.lang.Thread.State: TIMED_WAITING
        at java.base@17.0.13/jdk.internal.misc.Unsafe.park(Native Method)
        at java.base@17.0.13/java.util.concurrent.locks.LockSupport.parkNanos(LockSupport.java:252)
        at java.base@17.0.13/java.util.concurrent.locks.AbstractQueuedSynchronizer$ConditionObject.awaitNanos(AbstractQueuedSynchronizer.java:1679)
        at java.base@17.0.13/java.util.concurrent.LinkedBlockingQueue.poll(LinkedBlockingQueue.java:460)
        at app//org.apache.hadoop.ipc.CallQueueManager.take(CallQueueManager.java:370)
        at app//org.apache.hadoop.ipc.Server$Handler.run(Server.java:3165)
"IPC Server handler 11 on default port 15002" daemon prio=5 tid=296 timed_waiting
java.lang.Thread.State: TIMED_WAITING
        at java.base@17.0.13/jdk.internal.misc.Unsafe.park(Native Method)
        at java.base@17.0.13/java.util.concurrent.locks.LockSupport.parkNanos(LockSupport.java:252)
        at java.base@17.0.13/java.util.concurrent.locks.AbstractQueuedSynchronizer$ConditionObject.awaitNanos(AbstractQueuedSynchronizer.java:1679)
        at java.base@17.0.13/java.util.concurrent.LinkedBlockingQueue.poll(LinkedBlockingQueue.java:460)
        at app//org.apache.hadoop.ipc.CallQueueManager.take(CallQueueManager.java:370)
        at app//org.apache.hadoop.ipc.Server$Handler.run(Server.java:3165)
"IPC Server handler 20 on default port 15002" daemon prio=5 tid=305 timed_waiting
java.lang.Thread.State: TIMED_WAITING
        at java.base@17.0.13/jdk.internal.misc.Unsafe.park(Native Method)
        at java.base@17.0.13/java.util.concurrent.locks.LockSupport.parkNanos(LockSupport.java:252)
        at java.base@17.0.13/java.util.concurrent.locks.AbstractQueuedSynchronizer$ConditionObject.awaitNanos(AbstractQueuedSynchronizer.java:1679)
        at java.base@17.0.13/java.util.concurrent.LinkedBlockingQueue.poll(LinkedBlockingQueue.java:460)
        at app//org.apache.hadoop.ipc.CallQueueManager.take(CallQueueManager.java:370)
        at app//org.apache.hadoop.ipc.Server$Handler.run(Server.java:3165)
"om1-SnapshotDiffCleanupService#0" daemon prio=5 tid=405 timed_waiting
java.lang.Thread.State: TIMED_WAITING
        at java.base@17.0.13/jdk.internal.misc.Unsafe.park(Native Method)
        at java.base@17.0.13/java.util.concurrent.locks.LockSupport.parkNanos(LockSupport.java:252)
        at java.base@17.0.13/java.util.concurrent.locks.AbstractQueuedSynchronizer$ConditionObject.awaitNanos(AbstractQueuedSynchronizer.java:1679)
        at java.base@17.0.13/java.util.concurrent.ScheduledThreadPoolExecutor$DelayedWorkQueue.take(ScheduledThreadPoolExecutor.java:1182)
        at java.base@17.0.13/java.util.concurrent.ScheduledThreadPoolExecutor$DelayedWorkQueue.take(ScheduledThreadPoolExecutor.java:899)
        at java.base@17.0.13/java.util.concurrent.ThreadPoolExecutor.getTask(ThreadPoolExecutor.java:1062)
        at java.base@17.0.13/java.util.concurrent.ThreadPoolExecutor.runWorker(ThreadPoolExecutor.java:1122)
        at java.base@17.0.13/java.util.concurrent.ThreadPoolExecutor$Worker.run(ThreadPoolExecutor.java:635)
        at java.base@17.0.13/java.lang.Thread.run(Thread.java:840)
"46c085ae-d173-483e-a797-bf073fdc6d33-DatanodeStateMachineDaemonThread" daemon prio=5 tid=608 timed_waiting
java.lang.Thread.State: TIMED_WAITING
        at java.base@17.0.13/java.lang.Thread.sleep(Native Method)
        at app//org.apache.hadoop.ozone.container.common.statemachine.DatanodeStateMachine.startStateMachineThread(DatanodeStateMachine.java:358)
        at app//org.apache.hadoop.ozone.container.common.statemachine.DatanodeStateMachine.lambda$startDaemon$1(DatanodeStateMachine.java:544)
        at app//org.apache.hadoop.ozone.container.common.statemachine.DatanodeStateMachine$$Lambda$1441/0x00007fa408902d90.run(Unknown Source)
        at java.base@17.0.13/java.lang.Thread.run(Thread.java:840)
"IPC Server handler 8 on default port 15004" daemon prio=5 tid=460 timed_waiting
java.lang.Thread.State: TIMED_WAITING
        at java.base@17.0.13/jdk.internal.misc.Unsafe.park(Native Method)
        at java.base@17.0.13/java.util.concurrent.locks.LockSupport.parkNanos(LockSupport.java:252)
        at java.base@17.0.13/java.util.concurrent.locks.AbstractQueuedSynchronizer$ConditionObject.awaitNanos(AbstractQueuedSynchronizer.java:1679)
        at java.base@17.0.13/java.util.concurrent.LinkedBlockingQueue.poll(LinkedBlockingQueue.java:460)
        at app//org.apache.hadoop.ipc.CallQueueManager.take(CallQueueManager.java:370)
        at app//org.apache.hadoop.ipc.Server$Handler.run(Server.java:3165)
"IPC Server handler 8 on default port 15000" daemon prio=5 tid=93 timed_waiting
java.lang.Thread.State: TIMED_WAITING
        at java.base@17.0.13/jdk.internal.misc.Unsafe.park(Native Method)
        at java.base@17.0.13/java.util.concurrent.locks.LockSupport.parkNanos(LockSupport.java:252)
        at java.base@17.0.13/java.util.concurrent.locks.AbstractQueuedSynchronizer$ConditionObject.awaitNanos(AbstractQueuedSynchronizer.java:1679)
        at java.base@17.0.13/java.util.concurrent.LinkedBlockingQueue.poll(LinkedBlockingQueue.java:460)
        at app//org.apache.hadoop.ipc.CallQueueManager.take(CallQueueManager.java:370)
        at app//org.apache.hadoop.ipc.Server$Handler.run(Server.java:3165)
"Socket Reader #4 for port 15001"  prio=5 tid=50 runnable
java.lang.Thread.State: RUNNABLE
        at java.base@17.0.13/sun.nio.ch.EPoll.wait(Native Method)
        at java.base@17.0.13/sun.nio.ch.EPollSelectorImpl.doSelect(EPollSelectorImpl.java:118)
        at java.base@17.0.13/sun.nio.ch.SelectorImpl.lockAndDoSelect(SelectorImpl.java:129)
        at java.base@17.0.13/sun.nio.ch.SelectorImpl.select(SelectorImpl.java:146)
        at app//org.apache.hadoop.ipc.Server$Listener$Reader.doRunLoop(Server.java:1497)
        at app//org.apache.hadoop.ipc.Server$Listener$Reader.run(Server.java:1476)
"JvmPauseMonitor5" daemon prio=5 tid=776 timed_waiting
java.lang.Thread.State: TIMED_WAITING
        at java.base@17.0.13/java.lang.Thread.sleep(Native Method)
        at java.base@17.0.13/java.lang.Thread.sleep(Thread.java:344)
        at java.base@17.0.13/java.util.concurrent.TimeUnit.sleep(TimeUnit.java:446)
        at app//org.apache.ratis.util.TimeDuration.sleep(TimeDuration.java:353)
        at app//org.apache.ratis.util.TimeDuration.sleep(TimeDuration.java:338)
        at app//org.apache.ratis.util.JvmPauseMonitor.detectPause(JvmPauseMonitor.java:160)
        at app//org.apache.ratis.util.JvmPauseMonitor.run(JvmPauseMonitor.java:149)
        at app//org.apache.ratis.util.JvmPauseMonitor$$Lambda$798/0x00007fa4084ee200.run(Unknown Source)
        at java.base@17.0.13/java.lang.Thread.run(Thread.java:840)
"IPC Server handler 8 on default port 15002" daemon prio=5 tid=293 timed_waiting
java.lang.Thread.State: TIMED_WAITING
        at java.base@17.0.13/jdk.internal.misc.Unsafe.park(Native Method)
        at java.base@17.0.13/java.util.concurrent.locks.LockSupport.parkNanos(LockSupport.java:252)
        at java.base@17.0.13/java.util.concurrent.locks.AbstractQueuedSynchronizer$ConditionObject.awaitNanos(AbstractQueuedSynchronizer.java:1679)
        at java.base@17.0.13/java.util.concurrent.LinkedBlockingQueue.poll(LinkedBlockingQueue.java:460)
        at app//org.apache.hadoop.ipc.CallQueueManager.take(CallQueueManager.java:370)
        at app//org.apache.hadoop.ipc.Server$Handler.run(Server.java:3165)
"IPC Server handler 8 on default port 15028" daemon prio=5 tid=606 timed_waiting
java.lang.Thread.State: TIMED_WAITING
        at java.base@17.0.13/jdk.internal.misc.Unsafe.park(Native Method)
        at java.base@17.0.13/java.util.concurrent.locks.LockSupport.parkNanos(LockSupport.java:252)
        at java.base@17.0.13/java.util.concurrent.locks.AbstractQueuedSynchronizer$ConditionObject.awaitNanos(AbstractQueuedSynchronizer.java:1679)
        at java.base@17.0.13/java.util.concurrent.LinkedBlockingQueue.poll(LinkedBlockingQueue.java:460)
        at app//org.apache.hadoop.ipc.CallQueueManager.take(CallQueueManager.java:370)
        at app//org.apache.hadoop.ipc.Server$Handler.run(Server.java:3165)
"IPC Server handler 27 on default port 15000" daemon prio=5 tid=112 timed_waiting
java.lang.Thread.State: TIMED_WAITING
        at java.base@17.0.13/jdk.internal.misc.Unsafe.park(Native Method)
        at java.base@17.0.13/java.util.concurrent.locks.LockSupport.parkNanos(LockSupport.java:252)
        at java.base@17.0.13/java.util.concurrent.locks.AbstractQueuedSynchronizer$ConditionObject.awaitNanos(AbstractQueuedSynchronizer.java:1679)
        at java.base@17.0.13/java.util.concurrent.LinkedBlockingQueue.poll(LinkedBlockingQueue.java:460)
        at app//org.apache.hadoop.ipc.CallQueueManager.take(CallQueueManager.java:370)
        at app//org.apache.hadoop.ipc.Server$Handler.run(Server.java:3165)
"IPC Server handler 35 on default port 15001" daemon prio=5 tid=220 timed_waiting
java.lang.Thread.State: TIMED_WAITING
        at java.base@17.0.13/jdk.internal.misc.Unsafe.park(Native Method)
        at java.base@17.0.13/java.util.concurrent.locks.LockSupport.parkNanos(LockSupport.java:252)
        at java.base@17.0.13/java.util.concurrent.locks.AbstractQueuedSynchronizer$ConditionObject.awaitNanos(AbstractQueuedSynchronizer.java:1679)
        at java.base@17.0.13/java.util.concurrent.LinkedBlockingQueue.poll(LinkedBlockingQueue.java:460)
        at app//org.apache.hadoop.ipc.CallQueueManager.take(CallQueueManager.java:370)
        at app//org.apache.hadoop.ipc.Server$Handler.run(Server.java:3165)
"StaleRecoveringContainerScrubbingService#0" daemon prio=5 tid=761 timed_waiting
java.lang.Thread.State: TIMED_WAITING
        at java.base@17.0.13/jdk.internal.misc.Unsafe.park(Native Method)
        at java.base@17.0.13/java.util.concurrent.locks.LockSupport.parkNanos(LockSupport.java:252)
        at java.base@17.0.13/java.util.concurrent.locks.AbstractQueuedSynchronizer$ConditionObject.awaitNanos(AbstractQueuedSynchronizer.java:1679)
        at java.base@17.0.13/java.util.concurrent.ScheduledThreadPoolExecutor$DelayedWorkQueue.take(ScheduledThreadPoolExecutor.java:1182)
        at java.base@17.0.13/java.util.concurrent.ScheduledThreadPoolExecutor$DelayedWorkQueue.take(ScheduledThreadPoolExecutor.java:899)
        at java.base@17.0.13/java.util.concurrent.ThreadPoolExecutor.getTask(ThreadPoolExecutor.java:1062)
        at java.base@17.0.13/java.util.concurrent.ThreadPoolExecutor.runWorker(ThreadPoolExecutor.java:1122)
        at java.base@17.0.13/java.util.concurrent.ThreadPoolExecutor$Worker.run(ThreadPoolExecutor.java:635)
        at java.base@17.0.13/java.lang.Thread.run(Thread.java:840)
"46c085ae-d173-483e-a797-bf073fdc6d33-ChunkWriter-1-0" daemon prio=5 tid=755 in Object.wait()
java.lang.Thread.State: WAITING (on object monitor)
        at java.base@17.0.13/jdk.internal.misc.Unsafe.park(Native Method)
        at java.base@17.0.13/java.util.concurrent.locks.LockSupport.park(LockSupport.java:341)
        at java.base@17.0.13/java.util.concurrent.locks.AbstractQueuedSynchronizer$ConditionNode.block(AbstractQueuedSynchronizer.java:506)
        at java.base@17.0.13/java.util.concurrent.ForkJoinPool.unmanagedBlock(ForkJoinPool.java:3465)
        at java.base@17.0.13/java.util.concurrent.ForkJoinPool.managedBlock(ForkJoinPool.java:3436)
        at java.base@17.0.13/java.util.concurrent.locks.AbstractQueuedSynchronizer$ConditionObject.await(AbstractQueuedSynchronizer.java:1630)
        at java.base@17.0.13/java.util.concurrent.LinkedBlockingDeque.takeFirst(LinkedBlockingDeque.java:485)
        at java.base@17.0.13/java.util.concurrent.LinkedBlockingDeque.take(LinkedBlockingDeque.java:673)
        at java.base@17.0.13/java.util.concurrent.ThreadPoolExecutor.getTask(ThreadPoolExecutor.java:1062)
        at java.base@17.0.13/java.util.concurrent.ThreadPoolExecutor.runWorker(ThreadPoolExecutor.java:1122)
        at java.base@17.0.13/java.util.concurrent.ThreadPoolExecutor$Worker.run(ThreadPoolExecutor.java:635)
        at java.base@17.0.13/java.lang.Thread.run(Thread.java:840)
"IPC Server handler 2 on default port 15000" daemon prio=5 tid=87 timed_waiting
java.lang.Thread.State: TIMED_WAITING
        at java.base@17.0.13/jdk.internal.misc.Unsafe.park(Native Method)
        at java.base@17.0.13/java.util.concurrent.locks.LockSupport.parkNanos(LockSupport.java:252)
        at java.base@17.0.13/java.util.concurrent.locks.AbstractQueuedSynchronizer$ConditionObject.awaitNanos(AbstractQueuedSynchronizer.java:1679)
        at java.base@17.0.13/java.util.concurrent.LinkedBlockingQueue.poll(LinkedBlockingQueue.java:460)
        at app//org.apache.hadoop.ipc.CallQueueManager.take(CallQueueManager.java:370)
        at app//org.apache.hadoop.ipc.Server$Handler.run(Server.java:3165)
"surefire-forkedjvm-ping-30s" daemon prio=5 tid=15 timed_waiting
java.lang.Thread.State: TIMED_WAITING
        at java.base@17.0.13/jdk.internal.misc.Unsafe.park(Native Method)
        at java.base@17.0.13/java.util.concurrent.locks.LockSupport.parkNanos(LockSupport.java:252)
        at java.base@17.0.13/java.util.concurrent.locks.AbstractQueuedSynchronizer$ConditionObject.awaitNanos(AbstractQueuedSynchronizer.java:1679)
        at java.base@17.0.13/java.util.concurrent.ScheduledThreadPoolExecutor$DelayedWorkQueue.take(ScheduledThreadPoolExecutor.java:1182)
        at java.base@17.0.13/java.util.concurrent.ScheduledThreadPoolExecutor$DelayedWorkQueue.take(ScheduledThreadPoolExecutor.java:899)
        at java.base@17.0.13/java.util.concurrent.ThreadPoolExecutor.getTask(ThreadPoolExecutor.java:1062)
        at java.base@17.0.13/java.util.concurrent.ThreadPoolExecutor.runWorker(ThreadPoolExecutor.java:1122)
        at java.base@17.0.13/java.util.concurrent.ThreadPoolExecutor$Worker.run(ThreadPoolExecutor.java:635)
        at java.base@17.0.13/java.lang.Thread.run(Thread.java:840)
"22bda68c-b64b-4e26-a6f3-14a354ca4fb6-NettyServerStreamRpc-bossGroup--thread1"  prio=5 tid=663 runnable
java.lang.Thread.State: RUNNABLE
        at app//org.apache.ratis.thirdparty.io.netty.channel.epoll.Native.epollWait(Native Method)
        at app//org.apache.ratis.thirdparty.io.netty.channel.epoll.Native.epollWait(Native.java:220)
        at app//org.apache.ratis.thirdparty.io.netty.channel.epoll.Native.epollWait(Native.java:213)
        at app//org.apache.ratis.thirdparty.io.netty.channel.epoll.EpollEventLoop.epollWaitNoTimerChange(EpollEventLoop.java:308)
        at app//org.apache.ratis.thirdparty.io.netty.channel.epoll.EpollEventLoop.run(EpollEventLoop.java:365)
        at app//org.apache.ratis.thirdparty.io.netty.util.concurrent.SingleThreadEventExecutor$4.run(SingleThreadEventExecutor.java:997)
        at app//org.apache.ratis.thirdparty.io.netty.util.internal.ThreadExecutorMap$2.run(ThreadExecutorMap.java:74)
        at java.base@17.0.13/java.lang.Thread.run(Thread.java:840)
"IPC Server handler 18 on default port 15001" daemon prio=5 tid=203 timed_waiting
java.lang.Thread.State: TIMED_WAITING
        at java.base@17.0.13/jdk.internal.misc.Unsafe.park(Native Method)
        at java.base@17.0.13/java.util.concurrent.locks.LockSupport.parkNanos(LockSupport.java:252)
        at java.base@17.0.13/java.util.concurrent.locks.AbstractQueuedSynchronizer$ConditionObject.awaitNanos(AbstractQueuedSynchronizer.java:1679)
        at java.base@17.0.13/java.util.concurrent.LinkedBlockingQueue.poll(LinkedBlockingQueue.java:460)
        at app//org.apache.hadoop.ipc.CallQueueManager.take(CallQueueManager.java:370)
        at app//org.apache.hadoop.ipc.Server$Handler.run(Server.java:3165)
"grpc-default-worker-ELG-3-4" daemon prio=5 tid=823 runnable
java.lang.Thread.State: RUNNABLE
        at app//org.apache.ratis.thirdparty.io.netty.channel.epoll.Native.epollWait0(Native Method)
        at app//org.apache.ratis.thirdparty.io.netty.channel.epoll.Native.epollWait(Native.java:193)
        at app//org.apache.ratis.thirdparty.io.netty.channel.epoll.EpollEventLoop.epollWait(EpollEventLoop.java:304)
        at app//org.apache.ratis.thirdparty.io.netty.channel.epoll.EpollEventLoop.run(EpollEventLoop.java:368)
        at app//org.apache.ratis.thirdparty.io.netty.util.concurrent.SingleThreadEventExecutor$4.run(SingleThreadEventExecutor.java:997)
        at app//org.apache.ratis.thirdparty.io.netty.util.internal.ThreadExecutorMap$2.run(ThreadExecutorMap.java:74)
        at app//org.apache.ratis.thirdparty.io.netty.util.concurrent.FastThreadLocalRunnable.run(FastThreadLocalRunnable.java:30)
        at java.base@17.0.13/java.lang.Thread.run(Thread.java:840)
"IPC Server handler 64 on default port 15002" daemon prio=5 tid=349 timed_waiting
java.lang.Thread.State: TIMED_WAITING
        at java.base@17.0.13/jdk.internal.misc.Unsafe.park(Native Method)
        at java.base@17.0.13/java.util.concurrent.locks.LockSupport.parkNanos(LockSupport.java:252)
        at java.base@17.0.13/java.util.concurrent.locks.AbstractQueuedSynchronizer$ConditionObject.awaitNanos(AbstractQueuedSynchronizer.java:1679)
        at java.base@17.0.13/java.util.concurrent.LinkedBlockingQueue.poll(LinkedBlockingQueue.java:460)
        at app//org.apache.hadoop.ipc.CallQueueManager.take(CallQueueManager.java:370)
        at app//org.apache.hadoop.ipc.Server$Handler.run(Server.java:3165)
"46c085ae-d173-483e-a797-bf073fdc6d33-PipelineCommandHandlerThread-0"  prio=5 tid=882 in Object.wait()
java.lang.Thread.State: WAITING (on object monitor)
        at java.base@17.0.13/jdk.internal.misc.Unsafe.park(Native Method)
        at java.base@17.0.13/java.util.concurrent.locks.LockSupport.park(LockSupport.java:341)
        at java.base@17.0.13/java.util.concurrent.locks.AbstractQueuedSynchronizer$ConditionNode.block(AbstractQueuedSynchronizer.java:506)
        at java.base@17.0.13/java.util.concurrent.ForkJoinPool.unmanagedBlock(ForkJoinPool.java:3465)
        at java.base@17.0.13/java.util.concurrent.ForkJoinPool.managedBlock(ForkJoinPool.java:3436)
        at java.base@17.0.13/java.util.concurrent.locks.AbstractQueuedSynchronizer$ConditionObject.await(AbstractQueuedSynchronizer.java:1630)
        at java.base@17.0.13/java.util.concurrent.LinkedBlockingQueue.take(LinkedBlockingQueue.java:435)
        at java.base@17.0.13/java.util.concurrent.ThreadPoolExecutor.getTask(ThreadPoolExecutor.java:1062)
        at java.base@17.0.13/java.util.concurrent.ThreadPoolExecutor.runWorker(ThreadPoolExecutor.java:1122)
        at java.base@17.0.13/java.util.concurrent.ThreadPoolExecutor$Worker.run(ThreadPoolExecutor.java:635)
        at java.base@17.0.13/java.lang.Thread.run(Thread.java:840)
"om1-SnapshotDeletingService#0" daemon prio=5 tid=440 timed_waiting
java.lang.Thread.State: TIMED_WAITING
        at java.base@17.0.13/jdk.internal.misc.Unsafe.park(Native Method)
        at java.base@17.0.13/java.util.concurrent.locks.LockSupport.parkNanos(LockSupport.java:252)
        at java.base@17.0.13/java.util.concurrent.locks.AbstractQueuedSynchronizer$ConditionObject.awaitNanos(AbstractQueuedSynchronizer.java:1679)
        at java.base@17.0.13/java.util.concurrent.ScheduledThreadPoolExecutor$DelayedWorkQueue.take(ScheduledThreadPoolExecutor.java:1182)
        at java.base@17.0.13/java.util.concurrent.ScheduledThreadPoolExecutor$DelayedWorkQueue.take(ScheduledThreadPoolExecutor.java:899)
        at java.base@17.0.13/java.util.concurrent.ThreadPoolExecutor.getTask(ThreadPoolExecutor.java:1062)
        at java.base@17.0.13/java.util.concurrent.ThreadPoolExecutor.runWorker(ThreadPoolExecutor.java:1122)
        at java.base@17.0.13/java.util.concurrent.ThreadPoolExecutor$Worker.run(ThreadPoolExecutor.java:635)
        at java.base@17.0.13/java.lang.Thread.run(Thread.java:840)
"46c085ae-d173-483e-a797-bf073fdc6d33-PeriodicHDDSVolumeChecker" daemon prio=5 tid=749 timed_waiting
java.lang.Thread.State: TIMED_WAITING
        at java.base@17.0.13/jdk.internal.misc.Unsafe.park(Native Method)
        at java.base@17.0.13/java.util.concurrent.locks.LockSupport.parkNanos(LockSupport.java:252)
        at java.base@17.0.13/java.util.concurrent.locks.AbstractQueuedSynchronizer$ConditionObject.awaitNanos(AbstractQueuedSynchronizer.java:1679)
        at java.base@17.0.13/java.util.concurrent.ScheduledThreadPoolExecutor$DelayedWorkQueue.take(ScheduledThreadPoolExecutor.java:1182)
        at java.base@17.0.13/java.util.concurrent.ScheduledThreadPoolExecutor$DelayedWorkQueue.take(ScheduledThreadPoolExecutor.java:899)
        at java.base@17.0.13/java.util.concurrent.ThreadPoolExecutor.getTask(ThreadPoolExecutor.java:1062)
        at java.base@17.0.13/java.util.concurrent.ThreadPoolExecutor.runWorker(ThreadPoolExecutor.java:1122)
        at java.base@17.0.13/java.util.concurrent.ThreadPoolExecutor$Worker.run(ThreadPoolExecutor.java:635)
        at java.base@17.0.13/java.lang.Thread.run(Thread.java:840)
"IPC Server handler 74 on default port 15002" daemon prio=5 tid=359 timed_waiting
java.lang.Thread.State: TIMED_WAITING
        at java.base@17.0.13/jdk.internal.misc.Unsafe.park(Native Method)
        at java.base@17.0.13/java.util.concurrent.locks.LockSupport.parkNanos(LockSupport.java:252)
        at java.base@17.0.13/java.util.concurrent.locks.AbstractQueuedSynchronizer$ConditionObject.awaitNanos(AbstractQueuedSynchronizer.java:1679)
        at java.base@17.0.13/java.util.concurrent.LinkedBlockingQueue.poll(LinkedBlockingQueue.java:460)
        at app//org.apache.hadoop.ipc.CallQueueManager.take(CallQueueManager.java:370)
        at app//org.apache.hadoop.ipc.Server$Handler.run(Server.java:3165)
"qtp1450456358-621" daemon prio=5 tid=621 runnable
java.lang.Thread.State: RUNNABLE
        at java.base@17.0.13/sun.nio.ch.EPoll.wait(Native Method)
        at java.base@17.0.13/sun.nio.ch.EPollSelectorImpl.doSelect(EPollSelectorImpl.java:118)
        at java.base@17.0.13/sun.nio.ch.SelectorImpl.lockAndDoSelect(SelectorImpl.java:129)
        at java.base@17.0.13/sun.nio.ch.SelectorImpl.select(SelectorImpl.java:146)
        at app//org.eclipse.jetty.io.ManagedSelector.nioSelect(ManagedSelector.java:183)
        at app//org.eclipse.jetty.io.ManagedSelector.select(ManagedSelector.java:190)
        at app//org.eclipse.jetty.io.ManagedSelector$SelectorProducer.select(ManagedSelector.java:606)
        at app//org.eclipse.jetty.io.ManagedSelector$SelectorProducer.produce(ManagedSelector.java:543)
        at app//org.eclipse.jetty.util.thread.strategy.EatWhatYouKill.produceTask(EatWhatYouKill.java:362)
        at app//org.eclipse.jetty.util.thread.strategy.EatWhatYouKill.doProduce(EatWhatYouKill.java:186)
        at app//org.eclipse.jetty.util.thread.strategy.EatWhatYouKill.tryProduce(EatWhatYouKill.java:173)
        at app//org.eclipse.jetty.util.thread.strategy.EatWhatYouKill.produce(EatWhatYouKill.java:137)
        at app//org.eclipse.jetty.io.ManagedSelector$$Lambda$837/0x00007fa408547510.run(Unknown Source)
        at app//org.eclipse.jetty.util.thread.QueuedThreadPool.runJob(QueuedThreadPool.java:883)
        at app//org.eclipse.jetty.util.thread.QueuedThreadPool$Runner.run(QueuedThreadPool.java:1034)
        at java.base@17.0.13/java.lang.Thread.run(Thread.java:840)
"pool-232-thread-1"  prio=5 tid=950 in Object.wait()
java.lang.Thread.State: WAITING (on object monitor)
        at java.base@17.0.13/java.lang.Object.wait(Native Method)
        at java.base@17.0.13/java.lang.Object.wait(Object.java:338)
        at app//org.apache.ratis.thirdparty.io.netty.util.concurrent.DefaultPromise.await(DefaultPromise.java:254)
        at app//org.apache.ratis.thirdparty.io.netty.util.concurrent.DefaultPromise.sync(DefaultPromise.java:405)
        at app//org.apache.ratis.thirdparty.io.netty.util.concurrent.DefaultPromise.sync(DefaultPromise.java:35)
        at app//org.apache.hadoop.ozone.container.common.transport.server.XceiverServerGrpc.stop(XceiverServerGrpc.java:214)
        at app//org.apache.hadoop.ozone.container.ozoneimpl.OzoneContainer.stop(OzoneContainer.java:530)
        at app//org.apache.hadoop.ozone.container.common.statemachine.DatanodeStateMachine.close(DatanodeStateMachine.java:436)
        at app//org.apache.hadoop.ozone.container.common.statemachine.DatanodeStateMachine.stopDaemon(DatanodeStateMachine.java:625)
        at app//org.apache.hadoop.ozone.HddsDatanodeService.stop(HddsDatanodeService.java:552)
        at app//org.apache.hadoop.ozone.MiniOzoneClusterImpl.stopDatanode(MiniOzoneClusterImpl.java:585)
        at app//org.apache.hadoop.ozone.MiniOzoneClusterImpl.shutdownHddsDatanode(MiniOzoneClusterImpl.java:469)
        at app//org.apache.hadoop.hdds.scm.node.TestQueryNode.lambda$testStaleNodesCount$0(TestQueryNode.java:101)
        at app//org.apache.hadoop.hdds.scm.node.TestQueryNode$$Lambda$1740/0x00007fa408a88678.run(Unknown Source)
        at java.base@17.0.13/java.util.concurrent.ThreadPoolExecutor.runWorker(ThreadPoolExecutor.java:1136)
        at java.base@17.0.13/java.util.concurrent.ThreadPoolExecutor$Worker.run(ThreadPoolExecutor.java:635)
        at java.base@17.0.13/java.lang.Thread.run(Thread.java:840)
"Socket Reader #10 for port 15004"  prio=5 tid=421 runnable
java.lang.Thread.State: RUNNABLE
        at java.base@17.0.13/sun.nio.ch.EPoll.wait(Native Method)
        at java.base@17.0.13/sun.nio.ch.EPollSelectorImpl.doSelect(EPollSelectorImpl.java:118)
        at java.base@17.0.13/sun.nio.ch.SelectorImpl.lockAndDoSelect(SelectorImpl.java:129)
        at java.base@17.0.13/sun.nio.ch.SelectorImpl.select(SelectorImpl.java:146)
        at app//org.apache.hadoop.ipc.Server$Listener$Reader.doRunLoop(Server.java:1497)
        at app//org.apache.hadoop.ipc.Server$Listener$Reader.run(Server.java:1476)
"IPC Server handler 8 on default port 15001" daemon prio=5 tid=193 timed_waiting
java.lang.Thread.State: TIMED_WAITING
        at java.base@17.0.13/jdk.internal.misc.Unsafe.park(Native Method)
        at java.base@17.0.13/java.util.concurrent.locks.LockSupport.parkNanos(LockSupport.java:252)
        at java.base@17.0.13/java.util.concurrent.locks.AbstractQueuedSynchronizer$ConditionObject.awaitNanos(AbstractQueuedSynchronizer.java:1679)
        at java.base@17.0.13/java.util.concurrent.LinkedBlockingQueue.poll(LinkedBlockingQueue.java:460)
        at app//org.apache.hadoop.ipc.CallQueueManager.take(CallQueueManager.java:370)
        at app//org.apache.hadoop.ipc.Server$Handler.run(Server.java:3165)
"46c085ae-d173-483e-a797-bf073fdc6d33-DatanodeReportManager-1" daemon prio=5 tid=610 timed_waiting
java.lang.Thread.State: TIMED_WAITING
        at java.base@17.0.13/jdk.internal.misc.Unsafe.park(Native Method)
        at java.base@17.0.13/java.util.concurrent.locks.LockSupport.park(LockSupport.java:341)
        at java.base@17.0.13/java.util.concurrent.locks.AbstractQueuedSynchronizer$ConditionNode.block(AbstractQueuedSynchronizer.java:506)
        at java.base@17.0.13/java.util.concurrent.ForkJoinPool.unmanagedBlock(ForkJoinPool.java:3465)
        at java.base@17.0.13/java.util.concurrent.ForkJoinPool.managedBlock(ForkJoinPool.java:3436)
        at java.base@17.0.13/java.util.concurrent.locks.AbstractQueuedSynchronizer$ConditionObject.await(AbstractQueuedSynchronizer.java:1630)
        at java.base@17.0.13/java.util.concurrent.ScheduledThreadPoolExecutor$DelayedWorkQueue.take(ScheduledThreadPoolExecutor.java:1177)
        at java.base@17.0.13/java.util.concurrent.ScheduledThreadPoolExecutor$DelayedWorkQueue.take(ScheduledThreadPoolExecutor.java:899)
        at java.base@17.0.13/java.util.concurrent.ThreadPoolExecutor.getTask(ThreadPoolExecutor.java:1062)
        at java.base@17.0.13/java.util.concurrent.ThreadPoolExecutor.runWorker(ThreadPoolExecutor.java:1122)
        at java.base@17.0.13/java.util.concurrent.ThreadPoolExecutor$Worker.run(ThreadPoolExecutor.java:635)
        at java.base@17.0.13/java.lang.Thread.run(Thread.java:840)
"ca425215-81ee-42b3-84d9-8ded1157efea@group-11CA902152C7-LeaderStateImpl" daemon prio=5 tid=933 timed_waiting
java.lang.Thread.State: TIMED_WAITING
        at java.base@17.0.13/jdk.internal.misc.Unsafe.park(Native Method)
        at java.base@17.0.13/java.util.concurrent.locks.LockSupport.parkNanos(LockSupport.java:252)
        at java.base@17.0.13/java.util.concurrent.locks.AbstractQueuedSynchronizer$ConditionObject.awaitNanos(AbstractQueuedSynchronizer.java:1679)
        at java.base@17.0.13/java.util.concurrent.ArrayBlockingQueue.poll(ArrayBlockingQueue.java:435)
        at app//org.apache.ratis.server.impl.LeaderStateImpl$EventQueue.poll(LeaderStateImpl.java:164)
        at app//org.apache.ratis.server.impl.LeaderStateImpl$EventProcessor.run(LeaderStateImpl.java:763)
"FullTableCache-Cleanup-0" daemon prio=5 tid=403 timed_waiting
java.lang.Thread.State: TIMED_WAITING
        at java.base@17.0.13/jdk.internal.misc.Unsafe.park(Native Method)
        at java.base@17.0.13/java.util.concurrent.locks.LockSupport.parkNanos(LockSupport.java:252)
        at java.base@17.0.13/java.util.concurrent.locks.AbstractQueuedSynchronizer$ConditionObject.awaitNanos(AbstractQueuedSynchronizer.java:1679)
        at java.base@17.0.13/java.util.concurrent.ScheduledThreadPoolExecutor$DelayedWorkQueue.take(ScheduledThreadPoolExecutor.java:1182)
        at java.base@17.0.13/java.util.concurrent.ScheduledThreadPoolExecutor$DelayedWorkQueue.take(ScheduledThreadPoolExecutor.java:899)
        at java.base@17.0.13/java.util.concurrent.ThreadPoolExecutor.getTask(ThreadPoolExecutor.java:1062)
        at java.base@17.0.13/java.util.concurrent.ThreadPoolExecutor.runWorker(ThreadPoolExecutor.java:1122)
        at java.base@17.0.13/java.util.concurrent.ThreadPoolExecutor$Worker.run(ThreadPoolExecutor.java:635)
        at java.base@17.0.13/java.lang.Thread.run(Thread.java:840)
"StaleRecoveringContainerScrubbingService#1" daemon prio=5 tid=780 in Object.wait()
java.lang.Thread.State: WAITING (on object monitor)
        at java.base@17.0.13/jdk.internal.misc.Unsafe.park(Native Method)
        at java.base@17.0.13/java.util.concurrent.locks.LockSupport.park(LockSupport.java:341)
        at java.base@17.0.13/java.util.concurrent.locks.AbstractQueuedSynchronizer$ConditionNode.block(AbstractQueuedSynchronizer.java:506)
        at java.base@17.0.13/java.util.concurrent.ForkJoinPool.unmanagedBlock(ForkJoinPool.java:3465)
        at java.base@17.0.13/java.util.concurrent.ForkJoinPool.managedBlock(ForkJoinPool.java:3436)
        at java.base@17.0.13/java.util.concurrent.locks.AbstractQueuedSynchronizer$ConditionObject.await(AbstractQueuedSynchronizer.java:1630)
        at java.base@17.0.13/java.util.concurrent.ScheduledThreadPoolExecutor$DelayedWorkQueue.take(ScheduledThreadPoolExecutor.java:1177)
        at java.base@17.0.13/java.util.concurrent.ScheduledThreadPoolExecutor$DelayedWorkQueue.take(ScheduledThreadPoolExecutor.java:899)
        at java.base@17.0.13/java.util.concurrent.ThreadPoolExecutor.getTask(ThreadPoolExecutor.java:1062)
        at java.base@17.0.13/java.util.concurrent.ThreadPoolExecutor.runWorker(ThreadPoolExecutor.java:1122)
        at java.base@17.0.13/java.util.concurrent.ThreadPoolExecutor$Worker.run(ThreadPoolExecutor.java:635)
        at java.base@17.0.13/java.lang.Thread.run(Thread.java:840)
"IPC Server handler 7 on default port 15037" daemon prio=5 tid=651 timed_waiting
java.lang.Thread.State: TIMED_WAITING
        at java.base@17.0.13/jdk.internal.misc.Unsafe.park(Native Method)
        at java.base@17.0.13/java.util.concurrent.locks.LockSupport.parkNanos(LockSupport.java:252)
        at java.base@17.0.13/java.util.concurrent.locks.AbstractQueuedSynchronizer$ConditionObject.awaitNanos(AbstractQueuedSynchronizer.java:1679)
        at java.base@17.0.13/java.util.concurrent.LinkedBlockingQueue.poll(LinkedBlockingQueue.java:460)
        at app//org.apache.hadoop.ipc.CallQueueManager.take(CallQueueManager.java:370)
        at app//org.apache.hadoop.ipc.Server$Handler.run(Server.java:3165)
"22bda68c-b64b-4e26-a6f3-14a354ca4fb6-DataNodeDiskCheckerThread-0" daemon prio=5 tid=786 timed_waiting
java.lang.Thread.State: TIMED_WAITING
        at java.base@17.0.13/jdk.internal.misc.Unsafe.park(Native Method)
        at java.base@17.0.13/java.util.concurrent.locks.LockSupport.parkNanos(LockSupport.java:252)
        at java.base@17.0.13/java.util.concurrent.SynchronousQueue$TransferStack.transfer(SynchronousQueue.java:401)
        at java.base@17.0.13/java.util.concurrent.SynchronousQueue.poll(SynchronousQueue.java:903)
        at java.base@17.0.13/java.util.concurrent.ThreadPoolExecutor.getTask(ThreadPoolExecutor.java:1061)
        at java.base@17.0.13/java.util.concurrent.ThreadPoolExecutor.runWorker(ThreadPoolExecutor.java:1122)
        at java.base@17.0.13/java.util.concurrent.ThreadPoolExecutor$Worker.run(ThreadPoolExecutor.java:635)
        at java.base@17.0.13/java.lang.Thread.run(Thread.java:840)
"IPC Server handler 20 on default port 15000" daemon prio=5 tid=105 timed_waiting
java.lang.Thread.State: TIMED_WAITING
        at java.base@17.0.13/jdk.internal.misc.Unsafe.park(Native Method)
        at java.base@17.0.13/java.util.concurrent.locks.LockSupport.parkNanos(LockSupport.java:252)
        at java.base@17.0.13/java.util.concurrent.locks.AbstractQueuedSynchronizer$ConditionObject.awaitNanos(AbstractQueuedSynchronizer.java:1679)
        at java.base@17.0.13/java.util.concurrent.LinkedBlockingQueue.poll(LinkedBlockingQueue.java:460)
        at app//org.apache.hadoop.ipc.CallQueueManager.take(CallQueueManager.java:370)
        at app//org.apache.hadoop.ipc.Server$Handler.run(Server.java:3165)
"IPC Server handler 24 on default port 15002" daemon prio=5 tid=309 timed_waiting
java.lang.Thread.State: TIMED_WAITING
        at java.base@17.0.13/jdk.internal.misc.Unsafe.park(Native Method)
        at java.base@17.0.13/java.util.concurrent.locks.LockSupport.parkNanos(LockSupport.java:252)
        at java.base@17.0.13/java.util.concurrent.locks.AbstractQueuedSynchronizer$ConditionObject.awaitNanos(AbstractQueuedSynchronizer.java:1679)
        at java.base@17.0.13/java.util.concurrent.LinkedBlockingQueue.poll(LinkedBlockingQueue.java:460)
        at app//org.apache.hadoop.ipc.CallQueueManager.take(CallQueueManager.java:370)
        at app//org.apache.hadoop.ipc.Server$Handler.run(Server.java:3165)
"IPC Server handler 0 on default port 15028" daemon prio=5 tid=598 timed_waiting
java.lang.Thread.State: TIMED_WAITING
        at java.base@17.0.13/jdk.internal.misc.Unsafe.park(Native Method)
        at java.base@17.0.13/java.util.concurrent.locks.LockSupport.parkNanos(LockSupport.java:252)
        at java.base@17.0.13/java.util.concurrent.locks.AbstractQueuedSynchronizer$ConditionObject.awaitNanos(AbstractQueuedSynchronizer.java:1679)
        at java.base@17.0.13/java.util.concurrent.LinkedBlockingQueue.poll(LinkedBlockingQueue.java:460)
        at app//org.apache.hadoop.ipc.CallQueueManager.take(CallQueueManager.java:370)
        at app//org.apache.hadoop.ipc.Server$Handler.run(Server.java:3165)
"Socket Reader #8 for port 15028"  prio=5 tid=592 runnable
java.lang.Thread.State: RUNNABLE
        at java.base@17.0.13/sun.nio.ch.EPoll.wait(Native Method)
        at java.base@17.0.13/sun.nio.ch.EPollSelectorImpl.doSelect(EPollSelectorImpl.java:118)
        at java.base@17.0.13/sun.nio.ch.SelectorImpl.lockAndDoSelect(SelectorImpl.java:129)
        at java.base@17.0.13/sun.nio.ch.SelectorImpl.select(SelectorImpl.java:146)
        at app//org.apache.hadoop.ipc.Server$Listener$Reader.doRunLoop(Server.java:1497)
        at app//org.apache.hadoop.ipc.Server$Listener$Reader.run(Server.java:1476)
"Socket Reader #10 for port 15001"  prio=5 tid=56 runnable
java.lang.Thread.State: RUNNABLE
        at java.base@17.0.13/sun.nio.ch.EPoll.wait(Native Method)
        at java.base@17.0.13/sun.nio.ch.EPollSelectorImpl.doSelect(EPollSelectorImpl.java:118)
        at java.base@17.0.13/sun.nio.ch.SelectorImpl.lockAndDoSelect(SelectorImpl.java:129)
        at java.base@17.0.13/sun.nio.ch.SelectorImpl.select(SelectorImpl.java:146)
        at app//org.apache.hadoop.ipc.Server$Listener$Reader.doRunLoop(Server.java:1497)
        at app//org.apache.hadoop.ipc.Server$Listener$Reader.run(Server.java:1476)
"IPC Server handler 54 on default port 15001" daemon prio=5 tid=239 timed_waiting
java.lang.Thread.State: TIMED_WAITING
        at java.base@17.0.13/jdk.internal.misc.Unsafe.park(Native Method)
        at java.base@17.0.13/java.util.concurrent.locks.LockSupport.parkNanos(LockSupport.java:252)
        at java.base@17.0.13/java.util.concurrent.locks.AbstractQueuedSynchronizer$ConditionObject.awaitNanos(AbstractQueuedSynchronizer.java:1679)
        at java.base@17.0.13/java.util.concurrent.LinkedBlockingQueue.poll(LinkedBlockingQueue.java:460)
        at app//org.apache.hadoop.ipc.CallQueueManager.take(CallQueueManager.java:370)
        at app//org.apache.hadoop.ipc.Server$Handler.run(Server.java:3165)
"IPC Server handler 24 on default port 15000" daemon prio=5 tid=109 timed_waiting
java.lang.Thread.State: TIMED_WAITING
        at java.base@17.0.13/jdk.internal.misc.Unsafe.park(Native Method)
        at java.base@17.0.13/java.util.concurrent.locks.LockSupport.parkNanos(LockSupport.java:252)
        at java.base@17.0.13/java.util.concurrent.locks.AbstractQueuedSynchronizer$ConditionObject.awaitNanos(AbstractQueuedSynchronizer.java:1679)
        at java.base@17.0.13/java.util.concurrent.LinkedBlockingQueue.poll(LinkedBlockingQueue.java:460)
        at app//org.apache.hadoop.ipc.CallQueueManager.take(CallQueueManager.java:370)
        at app//org.apache.hadoop.ipc.Server$Handler.run(Server.java:3165)
"IPC Server Responder" daemon prio=5 tid=596 runnable
java.lang.Thread.State: RUNNABLE
        at java.base@17.0.13/sun.nio.ch.EPoll.wait(Native Method)
        at java.base@17.0.13/sun.nio.ch.EPollSelectorImpl.doSelect(EPollSelectorImpl.java:118)
        at java.base@17.0.13/sun.nio.ch.SelectorImpl.lockAndDoSelect(SelectorImpl.java:129)
        at java.base@17.0.13/sun.nio.ch.SelectorImpl.select(SelectorImpl.java:141)
        at app//org.apache.hadoop.ipc.Server$Responder.doRunLoop(Server.java:1733)
        at app//org.apache.hadoop.ipc.Server$Responder.run(Server.java:1716)
"IPC Server handler 46 on default port 15001" daemon prio=5 tid=231 timed_waiting
java.lang.Thread.State: TIMED_WAITING
        at java.base@17.0.13/jdk.internal.misc.Unsafe.park(Native Method)
        at java.base@17.0.13/java.util.concurrent.locks.LockSupport.parkNanos(LockSupport.java:252)
        at java.base@17.0.13/java.util.concurrent.locks.AbstractQueuedSynchronizer$ConditionObject.awaitNanos(AbstractQueuedSynchronizer.java:1679)
        at java.base@17.0.13/java.util.concurrent.LinkedBlockingQueue.poll(LinkedBlockingQueue.java:460)
        at app//org.apache.hadoop.ipc.CallQueueManager.take(CallQueueManager.java:370)
        at app//org.apache.hadoop.ipc.Server$Handler.run(Server.java:3165)
"StaleRecoveringContainerScrubbingService#1" daemon prio=5 tid=799 in Object.wait()
java.lang.Thread.State: WAITING (on object monitor)
        at java.base@17.0.13/jdk.internal.misc.Unsafe.park(Native Method)
        at java.base@17.0.13/java.util.concurrent.locks.LockSupport.park(LockSupport.java:341)
        at java.base@17.0.13/java.util.concurrent.locks.AbstractQueuedSynchronizer$ConditionNode.block(AbstractQueuedSynchronizer.java:506)
        at java.base@17.0.13/java.util.concurrent.ForkJoinPool.unmanagedBlock(ForkJoinPool.java:3465)
        at java.base@17.0.13/java.util.concurrent.ForkJoinPool.managedBlock(ForkJoinPool.java:3436)
        at java.base@17.0.13/java.util.concurrent.locks.AbstractQueuedSynchronizer$ConditionObject.await(AbstractQueuedSynchronizer.java:1630)
        at java.base@17.0.13/java.util.concurrent.ScheduledThreadPoolExecutor$DelayedWorkQueue.take(ScheduledThreadPoolExecutor.java:1177)
        at java.base@17.0.13/java.util.concurrent.ScheduledThreadPoolExecutor$DelayedWorkQueue.take(ScheduledThreadPoolExecutor.java:899)
        at java.base@17.0.13/java.util.concurrent.ThreadPoolExecutor.getTask(ThreadPoolExecutor.java:1062)
        at java.base@17.0.13/java.util.concurrent.ThreadPoolExecutor.runWorker(ThreadPoolExecutor.java:1122)
        at java.base@17.0.13/java.util.concurrent.ThreadPoolExecutor$Worker.run(ThreadPoolExecutor.java:635)
        at java.base@17.0.13/java.lang.Thread.run(Thread.java:840)
"IPC Server handler 13 on default port 15002" daemon prio=5 tid=298 timed_waiting
java.lang.Thread.State: TIMED_WAITING
        at java.base@17.0.13/jdk.internal.misc.Unsafe.park(Native Method)
        at java.base@17.0.13/java.util.concurrent.locks.LockSupport.parkNanos(LockSupport.java:252)
        at java.base@17.0.13/java.util.concurrent.locks.AbstractQueuedSynchronizer$ConditionObject.awaitNanos(AbstractQueuedSynchronizer.java:1679)
        at java.base@17.0.13/java.util.concurrent.LinkedBlockingQueue.poll(LinkedBlockingQueue.java:460)
        at app//org.apache.hadoop.ipc.CallQueueManager.take(CallQueueManager.java:370)
        at app//org.apache.hadoop.ipc.Server$Handler.run(Server.java:3165)
"pool-133-thread-1"  prio=5 tid=574 timed_waiting
java.lang.Thread.State: TIMED_WAITING
        at java.base@17.0.13/jdk.internal.misc.Unsafe.park(Native Method)
        at java.base@17.0.13/java.util.concurrent.locks.LockSupport.parkNanos(LockSupport.java:252)
        at java.base@17.0.13/java.util.concurrent.locks.AbstractQueuedSynchronizer$ConditionObject.awaitNanos(AbstractQueuedSynchronizer.java:1679)
        at java.base@17.0.13/java.util.concurrent.ScheduledThreadPoolExecutor$DelayedWorkQueue.take(ScheduledThreadPoolExecutor.java:1182)
        at java.base@17.0.13/java.util.concurrent.ScheduledThreadPoolExecutor$DelayedWorkQueue.take(ScheduledThreadPoolExecutor.java:899)
        at java.base@17.0.13/java.util.concurrent.ThreadPoolExecutor.getTask(ThreadPoolExecutor.java:1062)
        at java.base@17.0.13/java.util.concurrent.ThreadPoolExecutor.runWorker(ThreadPoolExecutor.java:1122)
        at java.base@17.0.13/java.util.concurrent.ThreadPoolExecutor$Worker.run(ThreadPoolExecutor.java:635)
        at java.base@17.0.13/java.lang.Thread.run(Thread.java:840)
"Socket Reader #2 for port 15046"  prio=5 tid=678 runnable
java.lang.Thread.State: RUNNABLE
        at java.base@17.0.13/sun.nio.ch.EPoll.wait(Native Method)
        at java.base@17.0.13/sun.nio.ch.EPollSelectorImpl.doSelect(EPollSelectorImpl.java:118)
        at java.base@17.0.13/sun.nio.ch.SelectorImpl.lockAndDoSelect(SelectorImpl.java:129)
        at java.base@17.0.13/sun.nio.ch.SelectorImpl.select(SelectorImpl.java:146)
        at app//org.apache.hadoop.ipc.Server$Listener$Reader.doRunLoop(Server.java:1497)
        at app//org.apache.hadoop.ipc.Server$Listener$Reader.run(Server.java:1476)
"IPC Server handler 0 on default port 15037" daemon prio=5 tid=644 timed_waiting
java.lang.Thread.State: TIMED_WAITING
        at java.base@17.0.13/jdk.internal.misc.Unsafe.park(Native Method)
        at java.base@17.0.13/java.util.concurrent.locks.LockSupport.parkNanos(LockSupport.java:252)
        at java.base@17.0.13/java.util.concurrent.locks.AbstractQueuedSynchronizer$ConditionObject.awaitNanos(AbstractQueuedSynchronizer.java:1679)
        at java.base@17.0.13/java.util.concurrent.LinkedBlockingQueue.poll(LinkedBlockingQueue.java:460)
        at app//org.apache.hadoop.ipc.CallQueueManager.take(CallQueueManager.java:370)
        at app//org.apache.hadoop.ipc.Server$Handler.run(Server.java:3165)
"grpc-default-worker-ELG-3-3" daemon prio=5 tid=822 runnable
java.lang.Thread.State: RUNNABLE
        at app//org.apache.ratis.thirdparty.io.netty.channel.epoll.Native.epollWait(Native Method)
        at app//org.apache.ratis.thirdparty.io.netty.channel.epoll.Native.epollWait(Native.java:220)
        at app//org.apache.ratis.thirdparty.io.netty.channel.epoll.Native.epollWait(Native.java:213)
        at app//org.apache.ratis.thirdparty.io.netty.channel.epoll.EpollEventLoop.epollWaitNoTimerChange(EpollEventLoop.java:308)
        at app//org.apache.ratis.thirdparty.io.netty.channel.epoll.EpollEventLoop.run(EpollEventLoop.java:365)
        at app//org.apache.ratis.thirdparty.io.netty.util.concurrent.SingleThreadEventExecutor$4.run(SingleThreadEventExecutor.java:997)
        at app//org.apache.ratis.thirdparty.io.netty.util.internal.ThreadExecutorMap$2.run(ThreadExecutorMap.java:74)
        at app//org.apache.ratis.thirdparty.io.netty.util.concurrent.FastThreadLocalRunnable.run(FastThreadLocalRunnable.java:30)
        at java.base@17.0.13/java.lang.Thread.run(Thread.java:840)
"IPC Server handler 69 on default port 15001" daemon prio=5 tid=254 timed_waiting
java.lang.Thread.State: TIMED_WAITING
        at java.base@17.0.13/jdk.internal.misc.Unsafe.park(Native Method)
        at java.base@17.0.13/java.util.concurrent.locks.LockSupport.parkNanos(LockSupport.java:252)
        at java.base@17.0.13/java.util.concurrent.locks.AbstractQueuedSynchronizer$ConditionObject.awaitNanos(AbstractQueuedSynchronizer.java:1679)
        at java.base@17.0.13/java.util.concurrent.LinkedBlockingQueue.poll(LinkedBlockingQueue.java:460)
        at app//org.apache.hadoop.ipc.CallQueueManager.take(CallQueueManager.java:370)
        at app//org.apache.hadoop.ipc.Server$Handler.run(Server.java:3165)
"Finalizer" daemon prio=8 tid=3 in Object.wait()
java.lang.Thread.State: WAITING (on object monitor)
        at java.base@17.0.13/java.lang.Object.wait(Native Method)
        at java.base@17.0.13/java.lang.ref.ReferenceQueue.remove(ReferenceQueue.java:155)
        at java.base@17.0.13/java.lang.ref.ReferenceQueue.remove(ReferenceQueue.java:176)
        at java.base@17.0.13/java.lang.ref.Finalizer$FinalizerThread.run(Finalizer.java:172)
"IPC Server handler 43 on default port 15000" daemon prio=5 tid=128 timed_waiting
java.lang.Thread.State: TIMED_WAITING
        at java.base@17.0.13/jdk.internal.misc.Unsafe.park(Native Method)
        at java.base@17.0.13/java.util.concurrent.locks.LockSupport.parkNanos(LockSupport.java:252)
        at java.base@17.0.13/java.util.concurrent.locks.AbstractQueuedSynchronizer$ConditionObject.awaitNanos(AbstractQueuedSynchronizer.java:1679)
        at java.base@17.0.13/java.util.concurrent.LinkedBlockingQueue.poll(LinkedBlockingQueue.java:460)
        at app//org.apache.hadoop.ipc.CallQueueManager.take(CallQueueManager.java:370)
        at app//org.apache.hadoop.ipc.Server$Handler.run(Server.java:3165)
"Socket Reader #4 for port 15004"  prio=5 tid=415 runnable
java.lang.Thread.State: RUNNABLE
        at java.base@17.0.13/sun.nio.ch.EPoll.wait(Native Method)
        at java.base@17.0.13/sun.nio.ch.EPollSelectorImpl.doSelect(EPollSelectorImpl.java:118)
        at java.base@17.0.13/sun.nio.ch.SelectorImpl.lockAndDoSelect(SelectorImpl.java:129)
        at java.base@17.0.13/sun.nio.ch.SelectorImpl.select(SelectorImpl.java:146)
        at app//org.apache.hadoop.ipc.Server$Listener$Reader.doRunLoop(Server.java:1497)
        at app//org.apache.hadoop.ipc.Server$Listener$Reader.run(Server.java:1476)
"82107b5c-a456-4cce-866c-b79ad2953fda-DatanodeStateMachineTaskThread-0"  prio=5 tid=660 in Object.wait()
java.lang.Thread.State: WAITING (on object monitor)
        at java.base@17.0.13/jdk.internal.misc.Unsafe.park(Native Method)
        at java.base@17.0.13/java.util.concurrent.locks.LockSupport.park(LockSupport.java:341)
        at java.base@17.0.13/java.util.concurrent.locks.AbstractQueuedSynchronizer$ConditionNode.block(AbstractQueuedSynchronizer.java:506)
        at java.base@17.0.13/java.util.concurrent.ForkJoinPool.unmanagedBlock(ForkJoinPool.java:3465)
        at java.base@17.0.13/java.util.concurrent.ForkJoinPool.managedBlock(ForkJoinPool.java:3436)
        at java.base@17.0.13/java.util.concurrent.locks.AbstractQueuedSynchronizer$ConditionObject.await(AbstractQueuedSynchronizer.java:1630)
        at java.base@17.0.13/java.util.concurrent.LinkedBlockingQueue.take(LinkedBlockingQueue.java:435)
        at java.base@17.0.13/java.util.concurrent.ThreadPoolExecutor.getTask(ThreadPoolExecutor.java:1062)
        at java.base@17.0.13/java.util.concurrent.ThreadPoolExecutor.runWorker(ThreadPoolExecutor.java:1122)
        at java.base@17.0.13/java.util.concurrent.ThreadPoolExecutor$Worker.run(ThreadPoolExecutor.java:635)
        at java.base@17.0.13/java.lang.Thread.run(Thread.java:840)
"IPC Server handler 5 on default port 15019" daemon prio=5 tid=557 timed_waiting
java.lang.Thread.State: TIMED_WAITING
        at java.base@17.0.13/jdk.internal.misc.Unsafe.park(Native Method)
        at java.base@17.0.13/java.util.concurrent.locks.LockSupport.parkNanos(LockSupport.java:252)
        at java.base@17.0.13/java.util.concurrent.locks.AbstractQueuedSynchronizer$ConditionObject.awaitNanos(AbstractQueuedSynchronizer.java:1679)
        at java.base@17.0.13/java.util.concurrent.LinkedBlockingQueue.poll(LinkedBlockingQueue.java:460)
        at app//org.apache.hadoop.ipc.CallQueueManager.take(CallQueueManager.java:370)
        at app//org.apache.hadoop.ipc.Server$Handler.run(Server.java:3165)
"Socket Reader #1 for port 15028"  prio=5 tid=585 runnable
java.lang.Thread.State: RUNNABLE
        at java.base@17.0.13/sun.nio.ch.EPoll.wait(Native Method)
        at java.base@17.0.13/sun.nio.ch.EPollSelectorImpl.doSelect(EPollSelectorImpl.java:118)
        at java.base@17.0.13/sun.nio.ch.SelectorImpl.lockAndDoSelect(SelectorImpl.java:129)
        at java.base@17.0.13/sun.nio.ch.SelectorImpl.select(SelectorImpl.java:146)
        at app//org.apache.hadoop.ipc.Server$Listener$Reader.doRunLoop(Server.java:1497)
        at app//org.apache.hadoop.ipc.Server$Listener$Reader.run(Server.java:1476)
"qtp856883246-448" daemon prio=5 tid=448 timed_waiting
java.lang.Thread.State: TIMED_WAITING
        at java.base@17.0.13/jdk.internal.misc.Unsafe.park(Native Method)
        at java.base@17.0.13/java.util.concurrent.locks.LockSupport.parkNanos(LockSupport.java:252)
        at java.base@17.0.13/java.util.concurrent.locks.AbstractQueuedSynchronizer$ConditionObject.awaitNanos(AbstractQueuedSynchronizer.java:1679)
        at app//org.eclipse.jetty.util.BlockingArrayQueue.poll(BlockingArrayQueue.java:382)
        at app//org.eclipse.jetty.util.thread.QueuedThreadPool$Runner.idleJobPoll(QueuedThreadPool.java:974)
        at app//org.eclipse.jetty.util.thread.QueuedThreadPool$Runner.run(QueuedThreadPool.java:1018)
        at java.base@17.0.13/java.lang.Thread.run(Thread.java:840)
"46c085ae-d173-483e-a797-bf073fdc6d33@group-1B7DA9A1FD1F-LeaderStateImpl" daemon prio=5 tid=975 timed_waiting
java.lang.Thread.State: TIMED_WAITING
        at java.base@17.0.13/jdk.internal.misc.Unsafe.park(Native Method)
        at java.base@17.0.13/java.util.concurrent.locks.LockSupport.parkNanos(LockSupport.java:252)
        at java.base@17.0.13/java.util.concurrent.locks.AbstractQueuedSynchronizer$ConditionObject.awaitNanos(AbstractQueuedSynchronizer.java:1679)
        at java.base@17.0.13/java.util.concurrent.ArrayBlockingQueue.poll(ArrayBlockingQueue.java:435)
        at app//org.apache.ratis.server.impl.LeaderStateImpl$EventQueue.poll(LeaderStateImpl.java:164)
        at app//org.apache.ratis.server.impl.LeaderStateImpl$EventProcessor.run(LeaderStateImpl.java:763)
"IPC Server handler 38 on default port 15000" daemon prio=5 tid=123 timed_waiting
java.lang.Thread.State: TIMED_WAITING
        at java.base@17.0.13/jdk.internal.misc.Unsafe.park(Native Method)
        at java.base@17.0.13/java.util.concurrent.locks.LockSupport.parkNanos(LockSupport.java:252)
        at java.base@17.0.13/java.util.concurrent.locks.AbstractQueuedSynchronizer$ConditionObject.awaitNanos(AbstractQueuedSynchronizer.java:1679)
        at java.base@17.0.13/java.util.concurrent.LinkedBlockingQueue.poll(LinkedBlockingQueue.java:460)
        at app//org.apache.hadoop.ipc.CallQueueManager.take(CallQueueManager.java:370)
        at app//org.apache.hadoop.ipc.Server$Handler.run(Server.java:3165)
"qtp1563254205-575" daemon prio=5 tid=575 runnable
java.lang.Thread.State: RUNNABLE
        at java.base@17.0.13/sun.nio.ch.EPoll.wait(Native Method)
        at java.base@17.0.13/sun.nio.ch.EPollSelectorImpl.doSelect(EPollSelectorImpl.java:118)
        at java.base@17.0.13/sun.nio.ch.SelectorImpl.lockAndDoSelect(SelectorImpl.java:129)
        at java.base@17.0.13/sun.nio.ch.SelectorImpl.select(SelectorImpl.java:146)
        at app//org.eclipse.jetty.io.ManagedSelector.nioSelect(ManagedSelector.java:183)
        at app//org.eclipse.jetty.io.ManagedSelector.select(ManagedSelector.java:190)
        at app//org.eclipse.jetty.io.ManagedSelector$SelectorProducer.select(ManagedSelector.java:606)
        at app//org.eclipse.jetty.io.ManagedSelector$SelectorProducer.produce(ManagedSelector.java:543)
        at app//org.eclipse.jetty.util.thread.strategy.EatWhatYouKill.produceTask(EatWhatYouKill.java:362)
        at app//org.eclipse.jetty.util.thread.strategy.EatWhatYouKill.doProduce(EatWhatYouKill.java:186)
        at app//org.eclipse.jetty.util.thread.strategy.EatWhatYouKill.tryProduce(EatWhatYouKill.java:173)
        at app//org.eclipse.jetty.util.thread.strategy.EatWhatYouKill.produce(EatWhatYouKill.java:137)
        at app//org.eclipse.jetty.io.ManagedSelector$$Lambda$837/0x00007fa408547510.run(Unknown Source)
        at app//org.eclipse.jetty.util.thread.QueuedThreadPool.runJob(QueuedThreadPool.java:883)
        at app//org.eclipse.jetty.util.thread.QueuedThreadPool$Runner.run(QueuedThreadPool.java:1034)
        at java.base@17.0.13/java.lang.Thread.run(Thread.java:840)
"pool-60-thread-1"  prio=5 tid=442 timed_waiting
java.lang.Thread.State: TIMED_WAITING
        at java.base@17.0.13/jdk.internal.misc.Unsafe.park(Native Method)
        at java.base@17.0.13/java.util.concurrent.locks.LockSupport.parkNanos(LockSupport.java:252)
        at java.base@17.0.13/java.util.concurrent.locks.AbstractQueuedSynchronizer$ConditionObject.awaitNanos(AbstractQueuedSynchronizer.java:1679)
        at java.base@17.0.13/java.util.concurrent.ScheduledThreadPoolExecutor$DelayedWorkQueue.take(ScheduledThreadPoolExecutor.java:1182)
        at java.base@17.0.13/java.util.concurrent.ScheduledThreadPoolExecutor$DelayedWorkQueue.take(ScheduledThreadPoolExecutor.java:899)
        at java.base@17.0.13/java.util.concurrent.ThreadPoolExecutor.getTask(ThreadPoolExecutor.java:1062)
        at java.base@17.0.13/java.util.concurrent.ThreadPoolExecutor.runWorker(ThreadPoolExecutor.java:1122)
        at java.base@17.0.13/java.util.concurrent.ThreadPoolExecutor$Worker.run(ThreadPoolExecutor.java:635)
        at java.base@17.0.13/java.lang.Thread.run(Thread.java:840)
"timer4" daemon prio=5 tid=931 timed_waiting
java.lang.Thread.State: TIMED_WAITING
        at java.base@17.0.13/java.lang.Object.wait(Native Method)
        at java.base@17.0.13/java.util.TimerThread.mainLoop(Timer.java:563)
        at java.base@17.0.13/java.util.TimerThread.run(Timer.java:516)
"Socket Reader #2 for port 15001"  prio=5 tid=48 runnable
java.lang.Thread.State: RUNNABLE
        at java.base@17.0.13/sun.nio.ch.EPoll.wait(Native Method)
        at java.base@17.0.13/sun.nio.ch.EPollSelectorImpl.doSelect(EPollSelectorImpl.java:118)
        at java.base@17.0.13/sun.nio.ch.SelectorImpl.lockAndDoSelect(SelectorImpl.java:129)
        at java.base@17.0.13/sun.nio.ch.SelectorImpl.select(SelectorImpl.java:146)
        at app//org.apache.hadoop.ipc.Server$Listener$Reader.doRunLoop(Server.java:1497)
        at app//org.apache.hadoop.ipc.Server$Listener$Reader.run(Server.java:1476)
"IPC Server handler 58 on default port 15001" daemon prio=5 tid=243 timed_waiting
java.lang.Thread.State: TIMED_WAITING
        at java.base@17.0.13/jdk.internal.misc.Unsafe.park(Native Method)
        at java.base@17.0.13/java.util.concurrent.locks.LockSupport.parkNanos(LockSupport.java:252)
        at java.base@17.0.13/java.util.concurrent.locks.AbstractQueuedSynchronizer$ConditionObject.awaitNanos(AbstractQueuedSynchronizer.java:1679)
        at java.base@17.0.13/java.util.concurrent.LinkedBlockingQueue.poll(LinkedBlockingQueue.java:460)
        at app//org.apache.hadoop.ipc.CallQueueManager.take(CallQueueManager.java:370)
        at app//org.apache.hadoop.ipc.Server$Handler.run(Server.java:3165)
"IPC Server handler 23 on default port 15001" daemon prio=5 tid=208 timed_waiting
java.lang.Thread.State: TIMED_WAITING
        at java.base@17.0.13/jdk.internal.misc.Unsafe.park(Native Method)
        at java.base@17.0.13/java.util.concurrent.locks.LockSupport.parkNanos(LockSupport.java:252)
        at java.base@17.0.13/java.util.concurrent.locks.AbstractQueuedSynchronizer$ConditionObject.awaitNanos(AbstractQueuedSynchronizer.java:1679)
        at java.base@17.0.13/java.util.concurrent.LinkedBlockingQueue.poll(LinkedBlockingQueue.java:460)
        at app//org.apache.hadoop.ipc.CallQueueManager.take(CallQueueManager.java:370)
        at app//org.apache.hadoop.ipc.Server$Handler.run(Server.java:3165)
"IPC Server handler 27 on default port 15001" daemon prio=5 tid=212 timed_waiting
java.lang.Thread.State: TIMED_WAITING
        at java.base@17.0.13/jdk.internal.misc.Unsafe.park(Native Method)
        at java.base@17.0.13/java.util.concurrent.locks.LockSupport.parkNanos(LockSupport.java:252)
        at java.base@17.0.13/java.util.concurrent.locks.AbstractQueuedSynchronizer$ConditionObject.awaitNanos(AbstractQueuedSynchronizer.java:1679)
        at java.base@17.0.13/java.util.concurrent.LinkedBlockingQueue.poll(LinkedBlockingQueue.java:460)
        at app//org.apache.hadoop.ipc.CallQueueManager.take(CallQueueManager.java:370)
        at app//org.apache.hadoop.ipc.Server$Handler.run(Server.java:3165)
"JvmPauseMonitor0" daemon prio=5 tid=387 timed_waiting
java.lang.Thread.State: TIMED_WAITING
        at java.base@17.0.13/java.lang.Thread.sleep(Native Method)
        at java.base@17.0.13/java.lang.Thread.sleep(Thread.java:344)
        at java.base@17.0.13/java.util.concurrent.TimeUnit.sleep(TimeUnit.java:446)
        at app//org.apache.ratis.util.TimeDuration.sleep(TimeDuration.java:353)
        at app//org.apache.ratis.util.TimeDuration.sleep(TimeDuration.java:338)
        at app//org.apache.ratis.util.JvmPauseMonitor.detectPause(JvmPauseMonitor.java:160)
        at app//org.apache.ratis.util.JvmPauseMonitor.run(JvmPauseMonitor.java:149)
        at app//org.apache.ratis.util.JvmPauseMonitor$$Lambda$798/0x00007fa4084ee200.run(Unknown Source)
        at java.base@17.0.13/java.lang.Thread.run(Thread.java:840)
"IPC Server handler 93 on default port 15001" daemon prio=5 tid=278 timed_waiting
java.lang.Thread.State: TIMED_WAITING
        at java.base@17.0.13/jdk.internal.misc.Unsafe.park(Native Method)
        at java.base@17.0.13/java.util.concurrent.locks.LockSupport.parkNanos(LockSupport.java:252)
        at java.base@17.0.13/java.util.concurrent.locks.AbstractQueuedSynchronizer$ConditionObject.awaitNanos(AbstractQueuedSynchronizer.java:1679)
        at java.base@17.0.13/java.util.concurrent.LinkedBlockingQueue.poll(LinkedBlockingQueue.java:460)
        at app//org.apache.hadoop.ipc.CallQueueManager.take(CallQueueManager.java:370)
        at app//org.apache.hadoop.ipc.Server$Handler.run(Server.java:3165)
"JvmPauseMonitor1" daemon prio=5 tid=431 timed_waiting
java.lang.Thread.State: TIMED_WAITING
        at java.base@17.0.13/java.lang.Thread.sleep(Native Method)
        at java.base@17.0.13/java.lang.Thread.sleep(Thread.java:344)
        at java.base@17.0.13/java.util.concurrent.TimeUnit.sleep(TimeUnit.java:446)
        at app//org.apache.ratis.util.TimeDuration.sleep(TimeDuration.java:353)
        at app//org.apache.ratis.util.TimeDuration.sleep(TimeDuration.java:338)
        at app//org.apache.ratis.util.JvmPauseMonitor.detectPause(JvmPauseMonitor.java:160)
        at app//org.apache.ratis.util.JvmPauseMonitor.run(JvmPauseMonitor.java:149)
        at app//org.apache.ratis.util.JvmPauseMonitor$$Lambda$798/0x00007fa4084ee200.run(Unknown Source)
        at java.base@17.0.13/java.lang.Thread.run(Thread.java:840)
"IPC Server handler 17 on default port 15004" daemon prio=5 tid=469 timed_waiting
java.lang.Thread.State: TIMED_WAITING
        at java.base@17.0.13/jdk.internal.misc.Unsafe.park(Native Method)
        at java.base@17.0.13/java.util.concurrent.locks.LockSupport.parkNanos(LockSupport.java:252)
        at java.base@17.0.13/java.util.concurrent.locks.AbstractQueuedSynchronizer$ConditionObject.awaitNanos(AbstractQueuedSynchronizer.java:1679)
        at java.base@17.0.13/java.util.concurrent.LinkedBlockingQueue.poll(LinkedBlockingQueue.java:460)
        at app//org.apache.hadoop.ipc.CallQueueManager.take(CallQueueManager.java:370)
        at app//org.apache.hadoop.ipc.Server$Handler.run(Server.java:3165)
"IPC Server handler 73 on default port 15002" daemon prio=5 tid=358 timed_waiting
java.lang.Thread.State: TIMED_WAITING
        at java.base@17.0.13/jdk.internal.misc.Unsafe.park(Native Method)
        at java.base@17.0.13/java.util.concurrent.locks.LockSupport.parkNanos(LockSupport.java:252)
        at java.base@17.0.13/java.util.concurrent.locks.AbstractQueuedSynchronizer$ConditionObject.awaitNanos(AbstractQueuedSynchronizer.java:1679)
        at java.base@17.0.13/java.util.concurrent.LinkedBlockingQueue.poll(LinkedBlockingQueue.java:460)
        at app//org.apache.hadoop.ipc.CallQueueManager.take(CallQueueManager.java:370)
        at app//org.apache.hadoop.ipc.Server$Handler.run(Server.java:3165)
"Socket Reader #9 for port 15004"  prio=5 tid=420 runnable
java.lang.Thread.State: RUNNABLE
        at java.base@17.0.13/sun.nio.ch.EPoll.wait(Native Method)
        at java.base@17.0.13/sun.nio.ch.EPollSelectorImpl.doSelect(EPollSelectorImpl.java:118)
        at java.base@17.0.13/sun.nio.ch.SelectorImpl.lockAndDoSelect(SelectorImpl.java:129)
        at java.base@17.0.13/sun.nio.ch.SelectorImpl.select(SelectorImpl.java:146)
        at app//org.apache.hadoop.ipc.Server$Listener$Reader.doRunLoop(Server.java:1497)
        at app//org.apache.hadoop.ipc.Server$Listener$Reader.run(Server.java:1476)
"EventQueue-PipelineReportForOneReplicaPipelineSafeModeRule" daemon prio=5 tid=804 in Object.wait()
java.lang.Thread.State: WAITING (on object monitor)
        at java.base@17.0.13/jdk.internal.misc.Unsafe.park(Native Method)
        at java.base@17.0.13/java.util.concurrent.locks.LockSupport.park(LockSupport.java:341)
        at java.base@17.0.13/java.util.concurrent.locks.AbstractQueuedSynchronizer$ConditionNode.block(AbstractQueuedSynchronizer.java:506)
        at java.base@17.0.13/java.util.concurrent.ForkJoinPool.unmanagedBlock(ForkJoinPool.java:3465)
        at java.base@17.0.13/java.util.concurrent.ForkJoinPool.managedBlock(ForkJoinPool.java:3436)
        at java.base@17.0.13/java.util.concurrent.locks.AbstractQueuedSynchronizer$ConditionObject.await(AbstractQueuedSynchronizer.java:1630)
        at java.base@17.0.13/java.util.concurrent.LinkedBlockingQueue.take(LinkedBlockingQueue.java:435)
        at java.base@17.0.13/java.util.concurrent.ThreadPoolExecutor.getTask(ThreadPoolExecutor.java:1062)
        at java.base@17.0.13/java.util.concurrent.ThreadPoolExecutor.runWorker(ThreadPoolExecutor.java:1122)
        at java.base@17.0.13/java.util.concurrent.ThreadPoolExecutor$Worker.run(ThreadPoolExecutor.java:635)
        at java.base@17.0.13/java.lang.Thread.run(Thread.java:840)
"Socket Reader #1 for port 15037"  prio=5 tid=631 runnable
java.lang.Thread.State: RUNNABLE
        at java.base@17.0.13/sun.nio.ch.EPoll.wait(Native Method)
        at java.base@17.0.13/sun.nio.ch.EPollSelectorImpl.doSelect(EPollSelectorImpl.java:118)
        at java.base@17.0.13/sun.nio.ch.SelectorImpl.lockAndDoSelect(SelectorImpl.java:129)
        at java.base@17.0.13/sun.nio.ch.SelectorImpl.select(SelectorImpl.java:146)
        at app//org.apache.hadoop.ipc.Server$Listener$Reader.doRunLoop(Server.java:1497)
        at app//org.apache.hadoop.ipc.Server$Listener$Reader.run(Server.java:1476)
"IPC Server handler 5 on default port 15000" daemon prio=5 tid=90 timed_waiting
java.lang.Thread.State: TIMED_WAITING
        at java.base@17.0.13/jdk.internal.misc.Unsafe.park(Native Method)
        at java.base@17.0.13/java.util.concurrent.locks.LockSupport.parkNanos(LockSupport.java:252)
        at java.base@17.0.13/java.util.concurrent.locks.AbstractQueuedSynchronizer$ConditionObject.awaitNanos(AbstractQueuedSynchronizer.java:1679)
        at java.base@17.0.13/java.util.concurrent.LinkedBlockingQueue.poll(LinkedBlockingQueue.java:460)
        at app//org.apache.hadoop.ipc.CallQueueManager.take(CallQueueManager.java:370)
        at app//org.apache.hadoop.ipc.Server$Handler.run(Server.java:3165)
"IPC Server handler 73 on default port 15001" daemon prio=5 tid=258 timed_waiting
java.lang.Thread.State: TIMED_WAITING
        at java.base@17.0.13/jdk.internal.misc.Unsafe.park(Native Method)
        at java.base@17.0.13/java.util.concurrent.locks.LockSupport.parkNanos(LockSupport.java:252)
        at java.base@17.0.13/java.util.concurrent.locks.AbstractQueuedSynchronizer$ConditionObject.awaitNanos(AbstractQueuedSynchronizer.java:1679)
        at java.base@17.0.13/java.util.concurrent.LinkedBlockingQueue.poll(LinkedBlockingQueue.java:460)
        at app//org.apache.hadoop.ipc.CallQueueManager.take(CallQueueManager.java:370)
        at app//org.apache.hadoop.ipc.Server$Handler.run(Server.java:3165)
"82107b5c-a456-4cce-866c-b79ad2953fda-RocksDBCompactionThread-0"  prio=5 tid=616 timed_waiting
java.lang.Thread.State: TIMED_WAITING
        at java.base@17.0.13/jdk.internal.misc.Unsafe.park(Native Method)
        at java.base@17.0.13/java.util.concurrent.locks.LockSupport.parkNanos(LockSupport.java:252)
        at java.base@17.0.13/java.util.concurrent.locks.AbstractQueuedSynchronizer$ConditionObject.awaitNanos(AbstractQueuedSynchronizer.java:1679)
        at java.base@17.0.13/java.util.concurrent.ScheduledThreadPoolExecutor$DelayedWorkQueue.take(ScheduledThreadPoolExecutor.java:1182)
        at java.base@17.0.13/java.util.concurrent.ScheduledThreadPoolExecutor$DelayedWorkQueue.take(ScheduledThreadPoolExecutor.java:899)
        at java.base@17.0.13/java.util.concurrent.ThreadPoolExecutor.getTask(ThreadPoolExecutor.java:1062)
        at java.base@17.0.13/java.util.concurrent.ThreadPoolExecutor.runWorker(ThreadPoolExecutor.java:1122)
        at java.base@17.0.13/java.util.concurrent.ThreadPoolExecutor$Worker.run(ThreadPoolExecutor.java:635)
        at java.base@17.0.13/java.lang.Thread.run(Thread.java:840)
"IPC Server handler 12 on default port 15000" daemon prio=5 tid=97 timed_waiting
java.lang.Thread.State: TIMED_WAITING
        at java.base@17.0.13/jdk.internal.misc.Unsafe.park(Native Method)
        at java.base@17.0.13/java.util.concurrent.locks.LockSupport.parkNanos(LockSupport.java:252)
        at java.base@17.0.13/java.util.concurrent.locks.AbstractQueuedSynchronizer$ConditionObject.awaitNanos(AbstractQueuedSynchronizer.java:1679)
        at java.base@17.0.13/java.util.concurrent.LinkedBlockingQueue.poll(LinkedBlockingQueue.java:460)
        at app//org.apache.hadoop.ipc.CallQueueManager.take(CallQueueManager.java:370)
        at app//org.apache.hadoop.ipc.Server$Handler.run(Server.java:3165)
"LeakDetector-ManagedRocksObject0" daemon prio=5 tid=23 in Object.wait()
java.lang.Thread.State: WAITING (on object monitor)
        at java.base@17.0.13/java.lang.Object.wait(Native Method)
        at java.base@17.0.13/java.lang.ref.ReferenceQueue.remove(ReferenceQueue.java:155)
        at java.base@17.0.13/java.lang.ref.ReferenceQueue.remove(ReferenceQueue.java:176)
        at app//org.apache.hadoop.hdds.utils.LeakDetector.run(LeakDetector.java:81)
        at app//org.apache.hadoop.hdds.utils.LeakDetector$$Lambda$598/0x00007fa408295690.run(Unknown Source)
        at java.base@17.0.13/java.lang.Thread.run(Thread.java:840)
"grpc-default-executor-1" daemon prio=5 tid=860 timed_waiting
java.lang.Thread.State: TIMED_WAITING
        at java.base@17.0.13/jdk.internal.misc.Unsafe.park(Native Method)
        at java.base@17.0.13/java.util.concurrent.locks.LockSupport.parkNanos(LockSupport.java:252)
        at java.base@17.0.13/java.util.concurrent.SynchronousQueue$TransferStack.transfer(SynchronousQueue.java:401)
        at java.base@17.0.13/java.util.concurrent.SynchronousQueue.poll(SynchronousQueue.java:903)
        at java.base@17.0.13/java.util.concurrent.ThreadPoolExecutor.getTask(ThreadPoolExecutor.java:1061)
        at java.base@17.0.13/java.util.concurrent.ThreadPoolExecutor.runWorker(ThreadPoolExecutor.java:1122)
        at java.base@17.0.13/java.util.concurrent.ThreadPoolExecutor$Worker.run(ThreadPoolExecutor.java:635)
        at java.base@17.0.13/java.lang.Thread.run(Thread.java:840)
"IPC Server handler 97 on default port 15000" daemon prio=5 tid=182 timed_waiting
java.lang.Thread.State: TIMED_WAITING
        at java.base@17.0.13/jdk.internal.misc.Unsafe.park(Native Method)
        at java.base@17.0.13/java.util.concurrent.locks.LockSupport.parkNanos(LockSupport.java:252)
        at java.base@17.0.13/java.util.concurrent.locks.AbstractQueuedSynchronizer$ConditionObject.awaitNanos(AbstractQueuedSynchronizer.java:1679)
        at java.base@17.0.13/java.util.concurrent.LinkedBlockingQueue.poll(LinkedBlockingQueue.java:460)
        at app//org.apache.hadoop.ipc.CallQueueManager.take(CallQueueManager.java:370)
        at app//org.apache.hadoop.ipc.Server$Handler.run(Server.java:3165)
"22bda68c-b64b-4e26-a6f3-14a354ca4fb6-ChunkWriter-3-0" daemon prio=5 tid=793 in Object.wait()
java.lang.Thread.State: WAITING (on object monitor)
        at java.base@17.0.13/jdk.internal.misc.Unsafe.park(Native Method)
        at java.base@17.0.13/java.util.concurrent.locks.LockSupport.park(LockSupport.java:341)
        at java.base@17.0.13/java.util.concurrent.locks.AbstractQueuedSynchronizer$ConditionNode.block(AbstractQueuedSynchronizer.java:506)
        at java.base@17.0.13/java.util.concurrent.ForkJoinPool.unmanagedBlock(ForkJoinPool.java:3465)
        at java.base@17.0.13/java.util.concurrent.ForkJoinPool.managedBlock(ForkJoinPool.java:3436)
        at java.base@17.0.13/java.util.concurrent.locks.AbstractQueuedSynchronizer$ConditionObject.await(AbstractQueuedSynchronizer.java:1630)
        at java.base@17.0.13/java.util.concurrent.LinkedBlockingDeque.takeFirst(LinkedBlockingDeque.java:485)
        at java.base@17.0.13/java.util.concurrent.LinkedBlockingDeque.take(LinkedBlockingDeque.java:673)
        at java.base@17.0.13/java.util.concurrent.ThreadPoolExecutor.getTask(ThreadPoolExecutor.java:1062)
        at java.base@17.0.13/java.util.concurrent.ThreadPoolExecutor.runWorker(ThreadPoolExecutor.java:1122)
        at java.base@17.0.13/java.util.concurrent.ThreadPoolExecutor$Worker.run(ThreadPoolExecutor.java:635)
        at java.base@17.0.13/java.lang.Thread.run(Thread.java:840)
"IPC Server handler 80 on default port 15001" daemon prio=5 tid=265 timed_waiting
java.lang.Thread.State: TIMED_WAITING
        at java.base@17.0.13/jdk.internal.misc.Unsafe.park(Native Method)
        at java.base@17.0.13/java.util.concurrent.locks.LockSupport.parkNanos(LockSupport.java:252)
        at java.base@17.0.13/java.util.concurrent.locks.AbstractQueuedSynchronizer$ConditionObject.awaitNanos(AbstractQueuedSynchronizer.java:1679)
        at java.base@17.0.13/java.util.concurrent.LinkedBlockingQueue.poll(LinkedBlockingQueue.java:460)
        at app//org.apache.hadoop.ipc.CallQueueManager.take(CallQueueManager.java:370)
        at app//org.apache.hadoop.ipc.Server$Handler.run(Server.java:3165)
"IPC Server handler 21 on default port 15001" daemon prio=5 tid=206 timed_waiting
java.lang.Thread.State: TIMED_WAITING
        at java.base@17.0.13/jdk.internal.misc.Unsafe.park(Native Method)
        at java.base@17.0.13/java.util.concurrent.locks.LockSupport.parkNanos(LockSupport.java:252)
        at java.base@17.0.13/java.util.concurrent.locks.AbstractQueuedSynchronizer$ConditionObject.awaitNanos(AbstractQueuedSynchronizer.java:1679)
        at java.base@17.0.13/java.util.concurrent.LinkedBlockingQueue.poll(LinkedBlockingQueue.java:460)
        at app//org.apache.hadoop.ipc.CallQueueManager.take(CallQueueManager.java:370)
        at app//org.apache.hadoop.ipc.Server$Handler.run(Server.java:3165)
"Socket Reader #6 for port 15019"  prio=5 tid=544 runnable
java.lang.Thread.State: RUNNABLE
        at java.base@17.0.13/sun.nio.ch.EPoll.wait(Native Method)
        at java.base@17.0.13/sun.nio.ch.EPollSelectorImpl.doSelect(EPollSelectorImpl.java:118)
        at java.base@17.0.13/sun.nio.ch.SelectorImpl.lockAndDoSelect(SelectorImpl.java:129)
        at java.base@17.0.13/sun.nio.ch.SelectorImpl.select(SelectorImpl.java:146)
        at app//org.apache.hadoop.ipc.Server$Listener$Reader.doRunLoop(Server.java:1497)
        at app//org.apache.hadoop.ipc.Server$Listener$Reader.run(Server.java:1476)
"IPC Server handler 6 on default port 15028" daemon prio=5 tid=604 timed_waiting
java.lang.Thread.State: TIMED_WAITING
        at java.base@17.0.13/jdk.internal.misc.Unsafe.park(Native Method)
        at java.base@17.0.13/java.util.concurrent.locks.LockSupport.parkNanos(LockSupport.java:252)
        at java.base@17.0.13/java.util.concurrent.locks.AbstractQueuedSynchronizer$ConditionObject.awaitNanos(AbstractQueuedSynchronizer.java:1679)
        at java.base@17.0.13/java.util.concurrent.LinkedBlockingQueue.poll(LinkedBlockingQueue.java:460)
        at app//org.apache.hadoop.ipc.CallQueueManager.take(CallQueueManager.java:370)
        at app//org.apache.hadoop.ipc.Server$Handler.run(Server.java:3165)
"pool-164-thread-1" daemon prio=5 tid=787 timed_waiting
java.lang.Thread.State: TIMED_WAITING
        at java.base@17.0.13/jdk.internal.misc.Unsafe.park(Native Method)
        at java.base@17.0.13/java.util.concurrent.locks.LockSupport.parkNanos(LockSupport.java:252)
        at java.base@17.0.13/java.util.concurrent.locks.AbstractQueuedSynchronizer$ConditionObject.awaitNanos(AbstractQueuedSynchronizer.java:1679)
        at java.base@17.0.13/java.util.concurrent.ScheduledThreadPoolExecutor$DelayedWorkQueue.take(ScheduledThreadPoolExecutor.java:1182)
        at java.base@17.0.13/java.util.concurrent.ScheduledThreadPoolExecutor$DelayedWorkQueue.take(ScheduledThreadPoolExecutor.java:899)
        at java.base@17.0.13/java.util.concurrent.ThreadPoolExecutor.getTask(ThreadPoolExecutor.java:1062)
        at java.base@17.0.13/java.util.concurrent.ThreadPoolExecutor.runWorker(ThreadPoolExecutor.java:1122)
        at java.base@17.0.13/java.util.concurrent.ThreadPoolExecutor$Worker.run(ThreadPoolExecutor.java:635)
        at java.base@17.0.13/java.lang.Thread.run(Thread.java:840)
"IPC Server handler 85 on default port 15001" daemon prio=5 tid=270 timed_waiting
java.lang.Thread.State: TIMED_WAITING
        at java.base@17.0.13/jdk.internal.misc.Unsafe.park(Native Method)
        at java.base@17.0.13/java.util.concurrent.locks.LockSupport.parkNanos(LockSupport.java:252)
        at java.base@17.0.13/java.util.concurrent.locks.AbstractQueuedSynchronizer$ConditionObject.awaitNanos(AbstractQueuedSynchronizer.java:1679)
        at java.base@17.0.13/java.util.concurrent.LinkedBlockingQueue.poll(LinkedBlockingQueue.java:460)
        at app//org.apache.hadoop.ipc.CallQueueManager.take(CallQueueManager.java:370)
        at app//org.apache.hadoop.ipc.Server$Handler.run(Server.java:3165)
"IPC Server handler 21 on default port 15000" daemon prio=5 tid=106 timed_waiting
java.lang.Thread.State: TIMED_WAITING
        at java.base@17.0.13/jdk.internal.misc.Unsafe.park(Native Method)
        at java.base@17.0.13/java.util.concurrent.locks.LockSupport.parkNanos(LockSupport.java:252)
        at java.base@17.0.13/java.util.concurrent.locks.AbstractQueuedSynchronizer$ConditionObject.awaitNanos(AbstractQueuedSynchronizer.java:1679)
        at java.base@17.0.13/java.util.concurrent.LinkedBlockingQueue.poll(LinkedBlockingQueue.java:460)
        at app//org.apache.hadoop.ipc.CallQueueManager.take(CallQueueManager.java:370)
        at app//org.apache.hadoop.ipc.Server$Handler.run(Server.java:3165)
"IPC Server handler 7 on default port 15000" daemon prio=5 tid=92 timed_waiting
java.lang.Thread.State: TIMED_WAITING
        at java.base@17.0.13/jdk.internal.misc.Unsafe.park(Native Method)
        at java.base@17.0.13/java.util.concurrent.locks.LockSupport.parkNanos(LockSupport.java:252)
        at java.base@17.0.13/java.util.concurrent.locks.AbstractQueuedSynchronizer$ConditionObject.awaitNanos(AbstractQueuedSynchronizer.java:1679)
        at java.base@17.0.13/java.util.concurrent.LinkedBlockingQueue.poll(LinkedBlockingQueue.java:460)
        at app//org.apache.hadoop.ipc.CallQueueManager.take(CallQueueManager.java:370)
        at app//org.apache.hadoop.ipc.Server$Handler.run(Server.java:3165)
"IPC Server handler 83 on default port 15002" daemon prio=5 tid=368 timed_waiting
java.lang.Thread.State: TIMED_WAITING
        at java.base@17.0.13/jdk.internal.misc.Unsafe.park(Native Method)
        at java.base@17.0.13/java.util.concurrent.locks.LockSupport.parkNanos(LockSupport.java:252)
        at java.base@17.0.13/java.util.concurrent.locks.AbstractQueuedSynchronizer$ConditionObject.awaitNanos(AbstractQueuedSynchronizer.java:1679)
        at java.base@17.0.13/java.util.concurrent.LinkedBlockingQueue.poll(LinkedBlockingQueue.java:460)
        at app//org.apache.hadoop.ipc.CallQueueManager.take(CallQueueManager.java:370)
        at app//org.apache.hadoop.ipc.Server$Handler.run(Server.java:3165)
"org.apache.hadoop.ozone.container.common.statemachine.commandhandler.DeleteBlocksCommandHandler$DeleteCmdWorker@7377d475" daemon prio=5 tid=573 timed_waiting
java.lang.Thread.State: TIMED_WAITING
        at java.base@17.0.13/java.lang.Thread.sleep(Native Method)
        at app//org.apache.hadoop.ozone.container.common.statemachine.commandhandler.DeleteBlocksCommandHandler$DeleteCmdWorker.run(DeleteBlocksCommandHandler.java:264)
        at java.base@17.0.13/java.lang.Thread.run(Thread.java:840)
"IPC Server handler 92 on default port 15000" daemon prio=5 tid=177 timed_waiting
java.lang.Thread.State: TIMED_WAITING
        at java.base@17.0.13/jdk.internal.misc.Unsafe.park(Native Method)
        at java.base@17.0.13/java.util.concurrent.locks.LockSupport.parkNanos(LockSupport.java:252)
        at java.base@17.0.13/java.util.concurrent.locks.AbstractQueuedSynchronizer$ConditionObject.awaitNanos(AbstractQueuedSynchronizer.java:1679)
        at java.base@17.0.13/java.util.concurrent.LinkedBlockingQueue.poll(LinkedBlockingQueue.java:460)
        at app//org.apache.hadoop.ipc.CallQueueManager.take(CallQueueManager.java:370)
        at app//org.apache.hadoop.ipc.Server$Handler.run(Server.java:3165)
"IPC Server handler 86 on default port 15002" daemon prio=5 tid=371 timed_waiting
java.lang.Thread.State: TIMED_WAITING
        at java.base@17.0.13/jdk.internal.misc.Unsafe.park(Native Method)
        at java.base@17.0.13/java.util.concurrent.locks.LockSupport.parkNanos(LockSupport.java:252)
        at java.base@17.0.13/java.util.concurrent.locks.AbstractQueuedSynchronizer$ConditionObject.awaitNanos(AbstractQueuedSynchronizer.java:1679)
        at java.base@17.0.13/java.util.concurrent.LinkedBlockingQueue.poll(LinkedBlockingQueue.java:460)
        at app//org.apache.hadoop.ipc.CallQueueManager.take(CallQueueManager.java:370)
        at app//org.apache.hadoop.ipc.Server$Handler.run(Server.java:3165)
"ContainerMetadataScanner" daemon prio=5 tid=770 timed_waiting
java.lang.Thread.State: TIMED_WAITING
        at java.base@17.0.13/java.lang.Thread.sleep(Native Method)
        at app//org.apache.hadoop.ozone.container.ozoneimpl.AbstractBackgroundContainerScanner.handleRemainingSleep(AbstractBackgroundContainerScanner.java:131)
        at app//org.apache.hadoop.ozone.container.ozoneimpl.AbstractBackgroundContainerScanner.runIteration(AbstractBackgroundContainerScanner.java:98)
        at app//org.apache.hadoop.ozone.container.ozoneimpl.AbstractBackgroundContainerScanner.run(AbstractBackgroundContainerScanner.java:57)
"IPC Server handler 3 on default port 15000" daemon prio=5 tid=88 timed_waiting
java.lang.Thread.State: TIMED_WAITING
        at java.base@17.0.13/jdk.internal.misc.Unsafe.park(Native Method)
        at java.base@17.0.13/java.util.concurrent.locks.LockSupport.parkNanos(LockSupport.java:252)
        at java.base@17.0.13/java.util.concurrent.locks.AbstractQueuedSynchronizer$ConditionObject.awaitNanos(AbstractQueuedSynchronizer.java:1679)
        at java.base@17.0.13/java.util.concurrent.LinkedBlockingQueue.poll(LinkedBlockingQueue.java:460)
        at app//org.apache.hadoop.ipc.CallQueueManager.take(CallQueueManager.java:370)
        at app//org.apache.hadoop.ipc.Server$Handler.run(Server.java:3165)
"IPC Server idle connection scanner for port 15004" daemon prio=5 tid=422 timed_waiting
java.lang.Thread.State: TIMED_WAITING
        at java.base@17.0.13/java.lang.Object.wait(Native Method)
        at java.base@17.0.13/java.util.TimerThread.mainLoop(Timer.java:563)
        at java.base@17.0.13/java.util.TimerThread.run(Timer.java:516)
"IPC Server Responder" daemon prio=5 tid=44 runnable
java.lang.Thread.State: RUNNABLE
        at java.base@17.0.13/sun.nio.ch.EPoll.wait(Native Method)
        at java.base@17.0.13/sun.nio.ch.EPollSelectorImpl.doSelect(EPollSelectorImpl.java:118)
        at java.base@17.0.13/sun.nio.ch.SelectorImpl.lockAndDoSelect(SelectorImpl.java:129)
        at java.base@17.0.13/sun.nio.ch.SelectorImpl.select(SelectorImpl.java:141)
        at app//org.apache.hadoop.ipc.Server$Responder.doRunLoop(Server.java:1733)
        at app//org.apache.hadoop.ipc.Server$Responder.run(Server.java:1716)
"82107b5c-a456-4cce-866c-b79ad2953fda-DatanodeReportManager-0" daemon prio=5 tid=655 timed_waiting
java.lang.Thread.State: TIMED_WAITING
        at java.base@17.0.13/jdk.internal.misc.Unsafe.park(Native Method)
        at java.base@17.0.13/java.util.concurrent.locks.LockSupport.parkNanos(LockSupport.java:252)
        at java.base@17.0.13/java.util.concurrent.locks.AbstractQueuedSynchronizer$ConditionObject.awaitNanos(AbstractQueuedSynchronizer.java:1679)
        at java.base@17.0.13/java.util.concurrent.ScheduledThreadPoolExecutor$DelayedWorkQueue.take(ScheduledThreadPoolExecutor.java:1182)
        at java.base@17.0.13/java.util.concurrent.ScheduledThreadPoolExecutor$DelayedWorkQueue.take(ScheduledThreadPoolExecutor.java:899)
        at java.base@17.0.13/java.util.concurrent.ThreadPoolExecutor.getTask(ThreadPoolExecutor.java:1062)
        at java.base@17.0.13/java.util.concurrent.ThreadPoolExecutor.runWorker(ThreadPoolExecutor.java:1122)
        at java.base@17.0.13/java.util.concurrent.ThreadPoolExecutor$Worker.run(ThreadPoolExecutor.java:635)
        at java.base@17.0.13/java.lang.Thread.run(Thread.java:840)
"Session-HouseKeeper-49439018-1"  prio=5 tid=675 timed_waiting
java.lang.Thread.State: TIMED_WAITING
        at java.base@17.0.13/jdk.internal.misc.Unsafe.park(Native Method)
        at java.base@17.0.13/java.util.concurrent.locks.LockSupport.parkNanos(LockSupport.java:252)
        at java.base@17.0.13/java.util.concurrent.locks.AbstractQueuedSynchronizer$ConditionObject.awaitNanos(AbstractQueuedSynchronizer.java:1679)
        at java.base@17.0.13/java.util.concurrent.ScheduledThreadPoolExecutor$DelayedWorkQueue.take(ScheduledThreadPoolExecutor.java:1182)
        at java.base@17.0.13/java.util.concurrent.ScheduledThreadPoolExecutor$DelayedWorkQueue.take(ScheduledThreadPoolExecutor.java:899)
        at java.base@17.0.13/java.util.concurrent.ThreadPoolExecutor.getTask(ThreadPoolExecutor.java:1062)
        at java.base@17.0.13/java.util.concurrent.ThreadPoolExecutor.runWorker(ThreadPoolExecutor.java:1122)
        at java.base@17.0.13/java.util.concurrent.ThreadPoolExecutor$Worker.run(ThreadPoolExecutor.java:635)
        at java.base@17.0.13/java.lang.Thread.run(Thread.java:840)
"Socket Reader #7 for port 15028"  prio=5 tid=591 runnable
java.lang.Thread.State: RUNNABLE
        at java.base@17.0.13/sun.nio.ch.EPoll.wait(Native Method)
        at java.base@17.0.13/sun.nio.ch.EPollSelectorImpl.doSelect(EPollSelectorImpl.java:118)
        at java.base@17.0.13/sun.nio.ch.SelectorImpl.lockAndDoSelect(SelectorImpl.java:129)
        at java.base@17.0.13/sun.nio.ch.SelectorImpl.select(SelectorImpl.java:146)
        at app//org.apache.hadoop.ipc.Server$Listener$Reader.doRunLoop(Server.java:1497)
        at app//org.apache.hadoop.ipc.Server$Listener$Reader.run(Server.java:1476)
"IPC Server handler 6 on default port 15046" daemon prio=5 tid=696 timed_waiting
java.lang.Thread.State: TIMED_WAITING
        at java.base@17.0.13/jdk.internal.misc.Unsafe.park(Native Method)
        at java.base@17.0.13/java.util.concurrent.locks.LockSupport.parkNanos(LockSupport.java:252)
        at java.base@17.0.13/java.util.concurrent.locks.AbstractQueuedSynchronizer$ConditionObject.awaitNanos(AbstractQueuedSynchronizer.java:1679)
        at java.base@17.0.13/java.util.concurrent.LinkedBlockingQueue.poll(LinkedBlockingQueue.java:460)
        at app//org.apache.hadoop.ipc.CallQueueManager.take(CallQueueManager.java:370)
        at app//org.apache.hadoop.ipc.Server$Handler.run(Server.java:3165)
"IPC Client (2062741027) connection to 0.0.0.0/0.0.0.0:15002 from runner" daemon prio=5 tid=709 timed_waiting
java.lang.Thread.State: TIMED_WAITING
        at java.base@17.0.13/java.lang.Object.wait(Native Method)
        at app//org.apache.hadoop.ipc.Client$Connection.waitForWork(Client.java:1042)
        at app//org.apache.hadoop.ipc.Client$Connection.run(Client.java:1093)
"IPC Server handler 50 on default port 15000" daemon prio=5 tid=135 timed_waiting
java.lang.Thread.State: TIMED_WAITING
        at java.base@17.0.13/jdk.internal.misc.Unsafe.park(Native Method)
        at java.base@17.0.13/java.util.concurrent.locks.LockSupport.parkNanos(LockSupport.java:252)
        at java.base@17.0.13/java.util.concurrent.locks.AbstractQueuedSynchronizer$ConditionObject.awaitNanos(AbstractQueuedSynchronizer.java:1679)
        at java.base@17.0.13/java.util.concurrent.LinkedBlockingQueue.poll(LinkedBlockingQueue.java:460)
        at app//org.apache.hadoop.ipc.CallQueueManager.take(CallQueueManager.java:370)
        at app//org.apache.hadoop.ipc.Server$Handler.run(Server.java:3165)
"Socket Reader #5 for port 15019"  prio=5 tid=543 runnable
java.lang.Thread.State: RUNNABLE
        at java.base@17.0.13/sun.nio.ch.EPoll.wait(Native Method)
        at java.base@17.0.13/sun.nio.ch.EPollSelectorImpl.doSelect(EPollSelectorImpl.java:118)
        at java.base@17.0.13/sun.nio.ch.SelectorImpl.lockAndDoSelect(SelectorImpl.java:129)
        at java.base@17.0.13/sun.nio.ch.SelectorImpl.select(SelectorImpl.java:146)
        at app//org.apache.hadoop.ipc.Server$Listener$Reader.doRunLoop(Server.java:1497)
        at app//org.apache.hadoop.ipc.Server$Listener$Reader.run(Server.java:1476)
"IPC Server handler 93 on default port 15002" daemon prio=5 tid=378 timed_waiting
java.lang.Thread.State: TIMED_WAITING
        at java.base@17.0.13/jdk.internal.misc.Unsafe.park(Native Method)
        at java.base@17.0.13/java.util.concurrent.locks.LockSupport.parkNanos(LockSupport.java:252)
        at java.base@17.0.13/java.util.concurrent.locks.AbstractQueuedSynchronizer$ConditionObject.awaitNanos(AbstractQueuedSynchronizer.java:1679)
        at java.base@17.0.13/java.util.concurrent.LinkedBlockingQueue.poll(LinkedBlockingQueue.java:460)
        at app//org.apache.hadoop.ipc.CallQueueManager.take(CallQueueManager.java:370)
        at app//org.apache.hadoop.ipc.Server$Handler.run(Server.java:3165)
"IPC Server handler 19 on default port 15000" daemon prio=5 tid=104 timed_waiting
java.lang.Thread.State: TIMED_WAITING
        at java.base@17.0.13/jdk.internal.misc.Unsafe.park(Native Method)
        at java.base@17.0.13/java.util.concurrent.locks.LockSupport.parkNanos(LockSupport.java:252)
        at java.base@17.0.13/java.util.concurrent.locks.AbstractQueuedSynchronizer$ConditionObject.awaitNanos(AbstractQueuedSynchronizer.java:1679)
        at java.base@17.0.13/java.util.concurrent.LinkedBlockingQueue.poll(LinkedBlockingQueue.java:460)
        at app//org.apache.hadoop.ipc.CallQueueManager.take(CallQueueManager.java:370)
        at app//org.apache.hadoop.ipc.Server$Handler.run(Server.java:3165)
"22bda68c-b64b-4e26-a6f3-14a354ca4fb6@group-E26A81565C11-LeaderStateImpl" daemon prio=5 tid=984 timed_waiting
java.lang.Thread.State: TIMED_WAITING
        at java.base@17.0.13/jdk.internal.misc.Unsafe.park(Native Method)
        at java.base@17.0.13/java.util.concurrent.locks.LockSupport.parkNanos(LockSupport.java:252)
        at java.base@17.0.13/java.util.concurrent.locks.AbstractQueuedSynchronizer$ConditionObject.awaitNanos(AbstractQueuedSynchronizer.java:1679)
        at java.base@17.0.13/java.util.concurrent.ArrayBlockingQueue.poll(ArrayBlockingQueue.java:435)
        at app//org.apache.ratis.server.impl.LeaderStateImpl$EventQueue.poll(LeaderStateImpl.java:164)
        at app//org.apache.ratis.server.impl.LeaderStateImpl$EventProcessor.run(LeaderStateImpl.java:763)
"om1-DirectoryDeletingService#0" daemon prio=5 tid=437 timed_waiting
java.lang.Thread.State: TIMED_WAITING
        at java.base@17.0.13/jdk.internal.misc.Unsafe.park(Native Method)
        at java.base@17.0.13/java.util.concurrent.locks.LockSupport.parkNanos(LockSupport.java:252)
        at java.base@17.0.13/java.util.concurrent.locks.AbstractQueuedSynchronizer$ConditionObject.awaitNanos(AbstractQueuedSynchronizer.java:1679)
        at java.base@17.0.13/java.util.concurrent.ScheduledThreadPoolExecutor$DelayedWorkQueue.take(ScheduledThreadPoolExecutor.java:1182)
        at java.base@17.0.13/java.util.concurrent.ScheduledThreadPoolExecutor$DelayedWorkQueue.take(ScheduledThreadPoolExecutor.java:899)
        at java.base@17.0.13/java.util.concurrent.ThreadPoolExecutor.getTask(ThreadPoolExecutor.java:1062)
        at java.base@17.0.13/java.util.concurrent.ThreadPoolExecutor.runWorker(ThreadPoolExecutor.java:1122)
        at java.base@17.0.13/java.util.concurrent.ThreadPoolExecutor$Worker.run(ThreadPoolExecutor.java:635)
        at java.base@17.0.13/java.lang.Thread.run(Thread.java:840)
"IPC Server handler 12 on default port 15004" daemon prio=5 tid=464 timed_waiting
java.lang.Thread.State: TIMED_WAITING
        at java.base@17.0.13/jdk.internal.misc.Unsafe.park(Native Method)
        at java.base@17.0.13/java.util.concurrent.locks.LockSupport.parkNanos(LockSupport.java:252)
        at java.base@17.0.13/java.util.concurrent.locks.AbstractQueuedSynchronizer$ConditionObject.awaitNanos(AbstractQueuedSynchronizer.java:1679)
        at java.base@17.0.13/java.util.concurrent.LinkedBlockingQueue.poll(LinkedBlockingQueue.java:460)
        at app//org.apache.hadoop.ipc.CallQueueManager.take(CallQueueManager.java:370)
        at app//org.apache.hadoop.ipc.Server$Handler.run(Server.java:3165)
"Attach Listener" daemon prio=9 tid=473 runnable
java.lang.Thread.State: RUNNABLE
"IPC Server handler 66 on default port 15000" daemon prio=5 tid=151 timed_waiting
java.lang.Thread.State: TIMED_WAITING
        at java.base@17.0.13/jdk.internal.misc.Unsafe.park(Native Method)
        at java.base@17.0.13/java.util.concurrent.locks.LockSupport.parkNanos(LockSupport.java:252)
        at java.base@17.0.13/java.util.concurrent.locks.AbstractQueuedSynchronizer$ConditionObject.awaitNanos(AbstractQueuedSynchronizer.java:1679)
        at java.base@17.0.13/java.util.concurrent.LinkedBlockingQueue.poll(LinkedBlockingQueue.java:460)
        at app//org.apache.hadoop.ipc.CallQueueManager.take(CallQueueManager.java:370)
        at app//org.apache.hadoop.ipc.Server$Handler.run(Server.java:3165)
"IPC Server handler 69 on default port 15002" daemon prio=5 tid=354 timed_waiting
java.lang.Thread.State: TIMED_WAITING
        at java.base@17.0.13/jdk.internal.misc.Unsafe.park(Native Method)
        at java.base@17.0.13/java.util.concurrent.locks.LockSupport.parkNanos(LockSupport.java:252)
        at java.base@17.0.13/java.util.concurrent.locks.AbstractQueuedSynchronizer$ConditionObject.awaitNanos(AbstractQueuedSynchronizer.java:1679)
        at java.base@17.0.13/java.util.concurrent.LinkedBlockingQueue.poll(LinkedBlockingQueue.java:460)
        at app//org.apache.hadoop.ipc.CallQueueManager.take(CallQueueManager.java:370)
        at app//org.apache.hadoop.ipc.Server$Handler.run(Server.java:3165)
"IPC Server handler 65 on default port 15000" daemon prio=5 tid=150 timed_waiting
java.lang.Thread.State: TIMED_WAITING
        at java.base@17.0.13/jdk.internal.misc.Unsafe.park(Native Method)
        at java.base@17.0.13/java.util.concurrent.locks.LockSupport.parkNanos(LockSupport.java:252)
        at java.base@17.0.13/java.util.concurrent.locks.AbstractQueuedSynchronizer$ConditionObject.awaitNanos(AbstractQueuedSynchronizer.java:1679)
        at java.base@17.0.13/java.util.concurrent.LinkedBlockingQueue.poll(LinkedBlockingQueue.java:460)
        at app//org.apache.hadoop.ipc.CallQueueManager.take(CallQueueManager.java:370)
        at app//org.apache.hadoop.ipc.Server$Handler.run(Server.java:3165)
"IPC Server handler 29 on default port 15002" daemon prio=5 tid=314 timed_waiting
java.lang.Thread.State: TIMED_WAITING
        at java.base@17.0.13/jdk.internal.misc.Unsafe.park(Native Method)
        at java.base@17.0.13/java.util.concurrent.locks.LockSupport.parkNanos(LockSupport.java:252)
        at java.base@17.0.13/java.util.concurrent.locks.AbstractQueuedSynchronizer$ConditionObject.awaitNanos(AbstractQueuedSynchronizer.java:1679)
        at java.base@17.0.13/java.util.concurrent.LinkedBlockingQueue.poll(LinkedBlockingQueue.java:460)
        at app//org.apache.hadoop.ipc.CallQueueManager.take(CallQueueManager.java:370)
        at app//org.apache.hadoop.ipc.Server$Handler.run(Server.java:3165)
"IPC Server handler 8 on default port 15046" daemon prio=5 tid=698 timed_waiting
java.lang.Thread.State: TIMED_WAITING
        at java.base@17.0.13/jdk.internal.misc.Unsafe.park(Native Method)
        at java.base@17.0.13/java.util.concurrent.locks.LockSupport.parkNanos(LockSupport.java:252)
        at java.base@17.0.13/java.util.concurrent.locks.AbstractQueuedSynchronizer$ConditionObject.awaitNanos(AbstractQueuedSynchronizer.java:1679)
        at java.base@17.0.13/java.util.concurrent.LinkedBlockingQueue.poll(LinkedBlockingQueue.java:460)
        at app//org.apache.hadoop.ipc.CallQueueManager.take(CallQueueManager.java:370)
        at app//org.apache.hadoop.ipc.Server$Handler.run(Server.java:3165)
"BackgroundPipelineScrubber" daemon prio=5 tid=26 timed_waiting
java.lang.Thread.State: TIMED_WAITING
        at java.base@17.0.13/java.lang.Object.wait(Native Method)
        at app//org.apache.hadoop.hdds.scm.ha.BackgroundSCMService.run(BackgroundSCMService.java:107)
        at app//org.apache.hadoop.hdds.scm.ha.BackgroundSCMService$$Lambda$682/0x00007fa4083aa258.run(Unknown Source)
        at java.base@17.0.13/java.lang.Thread.run(Thread.java:840)
"qtp1563254205-582" daemon prio=5 tid=582 timed_waiting
java.lang.Thread.State: TIMED_WAITING
        at java.base@17.0.13/jdk.internal.misc.Unsafe.park(Native Method)
        at java.base@17.0.13/java.util.concurrent.locks.LockSupport.parkNanos(LockSupport.java:252)
        at java.base@17.0.13/java.util.concurrent.locks.AbstractQueuedSynchronizer$ConditionObject.awaitNanos(AbstractQueuedSynchronizer.java:1679)
        at app//org.eclipse.jetty.util.BlockingArrayQueue.poll(BlockingArrayQueue.java:382)
        at app//org.eclipse.jetty.util.thread.QueuedThreadPool$Runner.idleJobPoll(QueuedThreadPool.java:974)
        at app//org.eclipse.jetty.util.thread.QueuedThreadPool$Runner.run(QueuedThreadPool.java:1018)
        at java.base@17.0.13/java.lang.Thread.run(Thread.java:840)
"82107b5c-a456-4cce-866c-b79ad2953fda-impl-thread1"  prio=5 tid=618 timed_waiting
java.lang.Thread.State: TIMED_WAITING
        at java.base@17.0.13/jdk.internal.misc.Unsafe.park(Native Method)
        at java.base@17.0.13/java.util.concurrent.locks.LockSupport.parkNanos(LockSupport.java:252)
        at java.base@17.0.13/java.util.concurrent.SynchronousQueue$TransferStack.transfer(SynchronousQueue.java:401)
        at java.base@17.0.13/java.util.concurrent.SynchronousQueue.poll(SynchronousQueue.java:903)
        at java.base@17.0.13/java.util.concurrent.ThreadPoolExecutor.getTask(ThreadPoolExecutor.java:1061)
        at java.base@17.0.13/java.util.concurrent.ThreadPoolExecutor.runWorker(ThreadPoolExecutor.java:1122)
        at java.base@17.0.13/java.util.concurrent.ThreadPoolExecutor$Worker.run(ThreadPoolExecutor.java:635)
        at java.base@17.0.13/java.lang.Thread.run(Thread.java:840)
"Socket Reader #2 for port 15002"  prio=5 tid=34 runnable
java.lang.Thread.State: RUNNABLE
        at java.base@17.0.13/sun.nio.ch.EPoll.wait(Native Method)
        at java.base@17.0.13/sun.nio.ch.EPollSelectorImpl.doSelect(EPollSelectorImpl.java:118)
        at java.base@17.0.13/sun.nio.ch.SelectorImpl.lockAndDoSelect(SelectorImpl.java:129)
        at java.base@17.0.13/sun.nio.ch.SelectorImpl.select(SelectorImpl.java:146)
        at app//org.apache.hadoop.ipc.Server$Listener$Reader.doRunLoop(Server.java:1497)
        at app//org.apache.hadoop.ipc.Server$Listener$Reader.run(Server.java:1476)
"qtp1563254205-577-acceptor-0@3b31b604-ServerConnector@438e6a90{HTTP/1.1, (http/1.1)}{0.0.0.0:15027}" daemon prio=3 tid=577 runnable
java.lang.Thread.State: RUNNABLE
        at java.base@17.0.13/sun.nio.ch.Net.accept(Native Method)
        at java.base@17.0.13/sun.nio.ch.ServerSocketChannelImpl.implAccept(ServerSocketChannelImpl.java:425)
        at java.base@17.0.13/sun.nio.ch.ServerSocketChannelImpl.accept(ServerSocketChannelImpl.java:391)
        at app//org.eclipse.jetty.server.ServerConnector.accept(ServerConnector.java:388)
        at app//org.eclipse.jetty.server.AbstractConnector$Acceptor.run(AbstractConnector.java:704)
        at app//org.eclipse.jetty.util.thread.QueuedThreadPool.runJob(QueuedThreadPool.java:883)
        at app//org.eclipse.jetty.util.thread.QueuedThreadPool$Runner.run(QueuedThreadPool.java:1034)
        at java.base@17.0.13/java.lang.Thread.run(Thread.java:840)
"IPC Server handler 25 on default port 15001" daemon prio=5 tid=210 timed_waiting
java.lang.Thread.State: TIMED_WAITING
        at java.base@17.0.13/jdk.internal.misc.Unsafe.park(Native Method)
        at java.base@17.0.13/java.util.concurrent.locks.LockSupport.parkNanos(LockSupport.java:252)
        at java.base@17.0.13/java.util.concurrent.locks.AbstractQueuedSynchronizer$ConditionObject.awaitNanos(AbstractQueuedSynchronizer.java:1679)
        at java.base@17.0.13/java.util.concurrent.LinkedBlockingQueue.poll(LinkedBlockingQueue.java:460)
        at app//org.apache.hadoop.ipc.CallQueueManager.take(CallQueueManager.java:370)
        at app//org.apache.hadoop.ipc.Server$Handler.run(Server.java:3165)
"22bda68c-b64b-4e26-a6f3-14a354ca4fb6-DatanodeReportManager-3" daemon prio=5 tid=704 in Object.wait()
java.lang.Thread.State: WAITING (on object monitor)
        at java.base@17.0.13/jdk.internal.misc.Unsafe.park(Native Method)
        at java.base@17.0.13/java.util.concurrent.locks.LockSupport.park(LockSupport.java:341)
        at java.base@17.0.13/java.util.concurrent.locks.AbstractQueuedSynchronizer$ConditionNode.block(AbstractQueuedSynchronizer.java:506)
        at java.base@17.0.13/java.util.concurrent.ForkJoinPool.unmanagedBlock(ForkJoinPool.java:3465)
        at java.base@17.0.13/java.util.concurrent.ForkJoinPool.managedBlock(ForkJoinPool.java:3436)
        at java.base@17.0.13/java.util.concurrent.locks.AbstractQueuedSynchronizer$ConditionObject.await(AbstractQueuedSynchronizer.java:1630)
        at java.base@17.0.13/java.util.concurrent.ScheduledThreadPoolExecutor$DelayedWorkQueue.take(ScheduledThreadPoolExecutor.java:1177)
        at java.base@17.0.13/java.util.concurrent.ScheduledThreadPoolExecutor$DelayedWorkQueue.take(ScheduledThreadPoolExecutor.java:899)
        at java.base@17.0.13/java.util.concurrent.ThreadPoolExecutor.getTask(ThreadPoolExecutor.java:1062)
        at java.base@17.0.13/java.util.concurrent.ThreadPoolExecutor.runWorker(ThreadPoolExecutor.java:1122)
        at java.base@17.0.13/java.util.concurrent.ThreadPoolExecutor$Worker.run(ThreadPoolExecutor.java:635)
        at java.base@17.0.13/java.lang.Thread.run(Thread.java:840)
"Timer-0"  prio=5 tid=432 timed_waiting
java.lang.Thread.State: TIMED_WAITING
        at java.base@17.0.13/java.lang.Object.wait(Native Method)
        at java.base@17.0.13/java.util.TimerThread.mainLoop(Timer.java:563)
        at java.base@17.0.13/java.util.TimerThread.run(Timer.java:516)
"IPC Server handler 8 on default port 15037" daemon prio=5 tid=652 timed_waiting
java.lang.Thread.State: TIMED_WAITING
        at java.base@17.0.13/jdk.internal.misc.Unsafe.park(Native Method)
        at java.base@17.0.13/java.util.concurrent.locks.LockSupport.parkNanos(LockSupport.java:252)
        at java.base@17.0.13/java.util.concurrent.locks.AbstractQueuedSynchronizer$ConditionObject.awaitNanos(AbstractQueuedSynchronizer.java:1679)
        at java.base@17.0.13/java.util.concurrent.LinkedBlockingQueue.poll(LinkedBlockingQueue.java:460)
        at app//org.apache.hadoop.ipc.CallQueueManager.take(CallQueueManager.java:370)
        at app//org.apache.hadoop.ipc.Server$Handler.run(Server.java:3165)
"22bda68c-b64b-4e26-a6f3-14a354ca4fb6-DatanodeStateMachineDaemonThread" daemon prio=5 tid=700 timed_waiting
java.lang.Thread.State: TIMED_WAITING
        at java.base@17.0.13/java.lang.Thread.sleep(Native Method)
        at app//org.apache.hadoop.ozone.container.common.statemachine.DatanodeStateMachine.startStateMachineThread(DatanodeStateMachine.java:358)
        at app//org.apache.hadoop.ozone.container.common.statemachine.DatanodeStateMachine.lambda$startDaemon$1(DatanodeStateMachine.java:544)
        at app//org.apache.hadoop.ozone.container.common.statemachine.DatanodeStateMachine$$Lambda$1441/0x00007fa408902d90.run(Unknown Source)
        at java.base@17.0.13/java.lang.Thread.run(Thread.java:840)
"IPC Server handler 1 on default port 15001" daemon prio=5 tid=186 timed_waiting
java.lang.Thread.State: TIMED_WAITING
        at java.base@17.0.13/jdk.internal.misc.Unsafe.park(Native Method)
        at java.base@17.0.13/java.util.concurrent.locks.LockSupport.parkNanos(LockSupport.java:252)
        at java.base@17.0.13/java.util.concurrent.locks.AbstractQueuedSynchronizer$ConditionObject.awaitNanos(AbstractQueuedSynchronizer.java:1679)
        at java.base@17.0.13/java.util.concurrent.LinkedBlockingQueue.poll(LinkedBlockingQueue.java:460)
        at app//org.apache.hadoop.ipc.CallQueueManager.take(CallQueueManager.java:370)
        at app//org.apache.hadoop.ipc.Server$Handler.run(Server.java:3165)
"IPC Server handler 1 on default port 15002" daemon prio=5 tid=286 timed_waiting
java.lang.Thread.State: TIMED_WAITING
        at java.base@17.0.13/jdk.internal.misc.Unsafe.park(Native Method)
        at java.base@17.0.13/java.util.concurrent.locks.LockSupport.parkNanos(LockSupport.java:252)
        at java.base@17.0.13/java.util.concurrent.locks.AbstractQueuedSynchronizer$ConditionObject.awaitNanos(AbstractQueuedSynchronizer.java:1679)
        at java.base@17.0.13/java.util.concurrent.LinkedBlockingQueue.poll(LinkedBlockingQueue.java:460)
        at app//org.apache.hadoop.ipc.CallQueueManager.take(CallQueueManager.java:370)
        at app//org.apache.hadoop.ipc.Server$Handler.run(Server.java:3165)
"22bda68c-b64b-4e26-a6f3-14a354ca4fb6@group-E26A81565C11-SegmentedRaftLogWorker"  prio=5 tid=896 timed_waiting
java.lang.Thread.State: TIMED_WAITING
        at java.base@17.0.13/jdk.internal.misc.Unsafe.park(Native Method)
        at java.base@17.0.13/java.util.concurrent.locks.LockSupport.parkNanos(LockSupport.java:252)
        at java.base@17.0.13/java.util.concurrent.locks.AbstractQueuedSynchronizer$ConditionObject.awaitNanos(AbstractQueuedSynchronizer.java:1679)
        at app//org.apache.ratis.util.DataBlockingQueue.poll(DataBlockingQueue.java:148)
        at app//org.apache.ratis.server.raftlog.segmented.SegmentedRaftLogWorker.run(SegmentedRaftLogWorker.java:307)
        at app//org.apache.ratis.server.raftlog.segmented.SegmentedRaftLogWorker$$Lambda$1186/0x00007fa408726248.run(Unknown Source)
        at java.base@17.0.13/java.util.concurrent.Executors$RunnableAdapter.call(Executors.java:539)
        at java.base@17.0.13/java.util.concurrent.FutureTask.run(FutureTask.java:264)
        at java.base@17.0.13/java.util.concurrent.ThreadPoolExecutor.runWorker(ThreadPoolExecutor.java:1136)
        at java.base@17.0.13/java.util.concurrent.ThreadPoolExecutor$Worker.run(ThreadPoolExecutor.java:635)
        at java.base@17.0.13/java.lang.Thread.run(Thread.java:840)
"IPC Server handler 45 on default port 15002" daemon prio=5 tid=330 timed_waiting
java.lang.Thread.State: TIMED_WAITING
        at java.base@17.0.13/jdk.internal.misc.Unsafe.park(Native Method)
        at java.base@17.0.13/java.util.concurrent.locks.LockSupport.parkNanos(LockSupport.java:252)
        at java.base@17.0.13/java.util.concurrent.locks.AbstractQueuedSynchronizer$ConditionObject.awaitNanos(AbstractQueuedSynchronizer.java:1679)
        at java.base@17.0.13/java.util.concurrent.LinkedBlockingQueue.poll(LinkedBlockingQueue.java:460)
        at app//org.apache.hadoop.ipc.CallQueueManager.take(CallQueueManager.java:370)
        at app//org.apache.hadoop.ipc.Server$Handler.run(Server.java:3165)
"Socket Reader #10 for port 15037"  prio=5 tid=640 runnable
java.lang.Thread.State: RUNNABLE
        at java.base@17.0.13/sun.nio.ch.EPoll.wait(Native Method)
        at java.base@17.0.13/sun.nio.ch.EPollSelectorImpl.doSelect(EPollSelectorImpl.java:118)
        at java.base@17.0.13/sun.nio.ch.SelectorImpl.lockAndDoSelect(SelectorImpl.java:129)
        at java.base@17.0.13/sun.nio.ch.SelectorImpl.select(SelectorImpl.java:146)
        at app//org.apache.hadoop.ipc.Server$Listener$Reader.doRunLoop(Server.java:1497)
        at app//org.apache.hadoop.ipc.Server$Listener$Reader.run(Server.java:1476)
"IPC Server handler 4 on default port 15037" daemon prio=5 tid=648 timed_waiting
java.lang.Thread.State: TIMED_WAITING
        at java.base@17.0.13/jdk.internal.misc.Unsafe.park(Native Method)
        at java.base@17.0.13/java.util.concurrent.locks.LockSupport.parkNanos(LockSupport.java:252)
        at java.base@17.0.13/java.util.concurrent.locks.AbstractQueuedSynchronizer$ConditionObject.awaitNanos(AbstractQueuedSynchronizer.java:1679)
        at java.base@17.0.13/java.util.concurrent.LinkedBlockingQueue.poll(LinkedBlockingQueue.java:460)
        at app//org.apache.hadoop.ipc.CallQueueManager.take(CallQueueManager.java:370)
        at app//org.apache.hadoop.ipc.Server$Handler.run(Server.java:3165)
"timer7" daemon prio=5 tid=976 timed_waiting
java.lang.Thread.State: TIMED_WAITING
        at java.base@17.0.13/java.lang.Object.wait(Native Method)
        at java.base@17.0.13/java.util.TimerThread.mainLoop(Timer.java:563)
        at java.base@17.0.13/java.util.TimerThread.run(Timer.java:516)
"Socket Reader #8 for port 15037"  prio=5 tid=638 runnable
java.lang.Thread.State: RUNNABLE
        at java.base@17.0.13/sun.nio.ch.EPoll.wait(Native Method)
        at java.base@17.0.13/sun.nio.ch.EPollSelectorImpl.doSelect(EPollSelectorImpl.java:118)
        at java.base@17.0.13/sun.nio.ch.SelectorImpl.lockAndDoSelect(SelectorImpl.java:129)
        at java.base@17.0.13/sun.nio.ch.SelectorImpl.select(SelectorImpl.java:146)
        at app//org.apache.hadoop.ipc.Server$Listener$Reader.doRunLoop(Server.java:1497)
        at app//org.apache.hadoop.ipc.Server$Listener$Reader.run(Server.java:1476)
"IPC Server handler 99 on default port 15001" daemon prio=5 tid=284 timed_waiting
java.lang.Thread.State: TIMED_WAITING
        at java.base@17.0.13/jdk.internal.misc.Unsafe.park(Native Method)
        at java.base@17.0.13/java.util.concurrent.locks.LockSupport.parkNanos(LockSupport.java:252)
        at java.base@17.0.13/java.util.concurrent.locks.AbstractQueuedSynchronizer$ConditionObject.awaitNanos(AbstractQueuedSynchronizer.java:1679)
        at java.base@17.0.13/java.util.concurrent.LinkedBlockingQueue.poll(LinkedBlockingQueue.java:460)
        at app//org.apache.hadoop.ipc.CallQueueManager.take(CallQueueManager.java:370)
        at app//org.apache.hadoop.ipc.Server$Handler.run(Server.java:3165)
"grpc-default-worker-ELG-3-2" daemon prio=5 tid=821 runnable
java.lang.Thread.State: RUNNABLE
        at app//org.apache.ratis.thirdparty.io.netty.channel.epoll.Native.epollWait0(Native Method)
        at app//org.apache.ratis.thirdparty.io.netty.channel.epoll.Native.epollWait(Native.java:193)
        at app//org.apache.ratis.thirdparty.io.netty.channel.epoll.EpollEventLoop.epollWait(EpollEventLoop.java:304)
        at app//org.apache.ratis.thirdparty.io.netty.channel.epoll.EpollEventLoop.run(EpollEventLoop.java:368)
        at app//org.apache.ratis.thirdparty.io.netty.util.concurrent.SingleThreadEventExecutor$4.run(SingleThreadEventExecutor.java:997)
        at app//org.apache.ratis.thirdparty.io.netty.util.internal.ThreadExecutorMap$2.run(ThreadExecutorMap.java:74)
        at app//org.apache.ratis.thirdparty.io.netty.util.concurrent.FastThreadLocalRunnable.run(FastThreadLocalRunnable.java:30)
        at java.base@17.0.13/java.lang.Thread.run(Thread.java:840)
"ForkJoinPool.commonPool-worker-1" daemon prio=5 tid=21 timed_waiting
java.lang.Thread.State: TIMED_WAITING
        at java.base@17.0.13/jdk.internal.misc.Unsafe.park(Native Method)
        at java.base@17.0.13/java.util.concurrent.locks.LockSupport.parkUntil(LockSupport.java:410)
        at java.base@17.0.13/java.util.concurrent.ForkJoinPool.awaitWork(ForkJoinPool.java:1726)
        at java.base@17.0.13/java.util.concurrent.ForkJoinPool.runWorker(ForkJoinPool.java:1623)
        at java.base@17.0.13/java.util.concurrent.ForkJoinWorkerThread.run(ForkJoinWorkerThread.java:165)
"IPC Server handler 5 on default port 15002" daemon prio=5 tid=290 timed_waiting
java.lang.Thread.State: TIMED_WAITING
        at java.base@17.0.13/jdk.internal.misc.Unsafe.park(Native Method)
        at java.base@17.0.13/java.util.concurrent.locks.LockSupport.parkNanos(LockSupport.java:252)
        at java.base@17.0.13/java.util.concurrent.locks.AbstractQueuedSynchronizer$ConditionObject.awaitNanos(AbstractQueuedSynchronizer.java:1679)
        at java.base@17.0.13/java.util.concurrent.LinkedBlockingQueue.poll(LinkedBlockingQueue.java:460)
        at app//org.apache.hadoop.ipc.CallQueueManager.take(CallQueueManager.java:370)
        at app//org.apache.hadoop.ipc.Server$Handler.run(Server.java:3165)
"ContainerMetadataScanner" daemon prio=5 tid=752 timed_waiting
java.lang.Thread.State: TIMED_WAITING
        at java.base@17.0.13/java.lang.Thread.sleep(Native Method)
        at app//org.apache.hadoop.ozone.container.ozoneimpl.AbstractBackgroundContainerScanner.handleRemainingSleep(AbstractBackgroundContainerScanner.java:131)
        at app//org.apache.hadoop.ozone.container.ozoneimpl.AbstractBackgroundContainerScanner.runIteration(AbstractBackgroundContainerScanner.java:98)
        at app//org.apache.hadoop.ozone.container.ozoneimpl.AbstractBackgroundContainerScanner.run(AbstractBackgroundContainerScanner.java:57)
"IPC Server handler 75 on default port 15000" daemon prio=5 tid=160 timed_waiting
java.lang.Thread.State: TIMED_WAITING
        at java.base@17.0.13/jdk.internal.misc.Unsafe.park(Native Method)
        at java.base@17.0.13/java.util.concurrent.locks.LockSupport.parkNanos(LockSupport.java:252)
        at java.base@17.0.13/java.util.concurrent.locks.AbstractQueuedSynchronizer$ConditionObject.awaitNanos(AbstractQueuedSynchronizer.java:1679)
        at java.base@17.0.13/java.util.concurrent.LinkedBlockingQueue.poll(LinkedBlockingQueue.java:460)
        at app//org.apache.hadoop.ipc.CallQueueManager.take(CallQueueManager.java:370)
        at app//org.apache.hadoop.ipc.Server$Handler.run(Server.java:3165)
"IPC Server handler 57 on default port 15000" daemon prio=5 tid=142 timed_waiting
java.lang.Thread.State: TIMED_WAITING
        at java.base@17.0.13/jdk.internal.misc.Unsafe.park(Native Method)
        at java.base@17.0.13/java.util.concurrent.locks.LockSupport.parkNanos(LockSupport.java:252)
        at java.base@17.0.13/java.util.concurrent.locks.AbstractQueuedSynchronizer$ConditionObject.awaitNanos(AbstractQueuedSynchronizer.java:1679)
        at java.base@17.0.13/java.util.concurrent.LinkedBlockingQueue.poll(LinkedBlockingQueue.java:460)
        at app//org.apache.hadoop.ipc.CallQueueManager.take(CallQueueManager.java:370)
        at app//org.apache.hadoop.ipc.Server$Handler.run(Server.java:3165)
"om1@group-C5BA1605619E-cacheEviction-AwaitToRun" daemon prio=5 tid=426 in Object.wait()
java.lang.Thread.State: WAITING (on object monitor)
        at java.base@17.0.13/jdk.internal.misc.Unsafe.park(Native Method)
        at java.base@17.0.13/java.util.concurrent.locks.LockSupport.park(LockSupport.java:341)
        at java.base@17.0.13/java.util.concurrent.locks.AbstractQueuedSynchronizer$ConditionNode.block(AbstractQueuedSynchronizer.java:506)
        at java.base@17.0.13/java.util.concurrent.ForkJoinPool.unmanagedBlock(ForkJoinPool.java:3465)
        at java.base@17.0.13/java.util.concurrent.ForkJoinPool.managedBlock(ForkJoinPool.java:3436)
        at java.base@17.0.13/java.util.concurrent.locks.AbstractQueuedSynchronizer$ConditionObject.await(AbstractQueuedSynchronizer.java:1630)
        at app//org.apache.ratis.util.AwaitForSignal.await(AwaitForSignal.java:48)
        at app//org.apache.ratis.util.AwaitToRun$RunnableImpl.run(AwaitToRun.java:47)
        at java.base@17.0.13/java.lang.Thread.run(Thread.java:840)
"IPC Server handler 39 on default port 15000" daemon prio=5 tid=124 timed_waiting
java.lang.Thread.State: TIMED_WAITING
        at java.base@17.0.13/jdk.internal.misc.Unsafe.park(Native Method)
        at java.base@17.0.13/java.util.concurrent.locks.LockSupport.parkNanos(LockSupport.java:252)
        at java.base@17.0.13/java.util.concurrent.locks.AbstractQueuedSynchronizer$ConditionObject.awaitNanos(AbstractQueuedSynchronizer.java:1679)
        at java.base@17.0.13/java.util.concurrent.LinkedBlockingQueue.poll(LinkedBlockingQueue.java:460)
        at app//org.apache.hadoop.ipc.CallQueueManager.take(CallQueueManager.java:370)
        at app//org.apache.hadoop.ipc.Server$Handler.run(Server.java:3165)
"FixedThreadPoolWithAffinityExecutor-1-0" daemon prio=5 tid=75 timed_waiting
java.lang.Thread.State: TIMED_WAITING
        at java.base@17.0.13/jdk.internal.misc.Unsafe.park(Native Method)
        at java.base@17.0.13/java.util.concurrent.locks.LockSupport.parkNanos(LockSupport.java:252)
        at java.base@17.0.13/java.util.concurrent.locks.AbstractQueuedSynchronizer$ConditionObject.awaitNanos(AbstractQueuedSynchronizer.java:1679)
        at java.base@17.0.13/java.util.concurrent.LinkedBlockingQueue.poll(LinkedBlockingQueue.java:460)
        at app//org.apache.hadoop.hdds.scm.server.ContainerReportQueue.poll(ContainerReportQueue.java:269)
        at app//org.apache.hadoop.hdds.scm.server.ContainerReportQueue.poll(ContainerReportQueue.java:42)
        at app//org.apache.hadoop.hdds.server.events.FixedThreadPoolWithAffinityExecutor$ContainerReportProcessTask.run(FixedThreadPoolWithAffinityExecutor.java:253)
        at java.base@17.0.13/java.util.concurrent.Executors$RunnableAdapter.call(Executors.java:539)
        at java.base@17.0.13/java.util.concurrent.FutureTask.run(FutureTask.java:264)
        at java.base@17.0.13/java.util.concurrent.ThreadPoolExecutor.runWorker(ThreadPoolExecutor.java:1136)
        at java.base@17.0.13/java.util.concurrent.ThreadPoolExecutor$Worker.run(ThreadPoolExecutor.java:635)
        at java.base@17.0.13/java.lang.Thread.run(Thread.java:840)
"Session-HouseKeeper-7ffc4195-1"  prio=5 tid=397 timed_waiting
java.lang.Thread.State: TIMED_WAITING
        at java.base@17.0.13/jdk.internal.misc.Unsafe.park(Native Method)
        at java.base@17.0.13/java.util.concurrent.locks.LockSupport.parkNanos(LockSupport.java:252)
        at java.base@17.0.13/java.util.concurrent.locks.AbstractQueuedSynchronizer$ConditionObject.awaitNanos(AbstractQueuedSynchronizer.java:1679)
        at java.base@17.0.13/java.util.concurrent.ScheduledThreadPoolExecutor$DelayedWorkQueue.take(ScheduledThreadPoolExecutor.java:1182)
        at java.base@17.0.13/java.util.concurrent.ScheduledThreadPoolExecutor$DelayedWorkQueue.take(ScheduledThreadPoolExecutor.java:899)
        at java.base@17.0.13/java.util.concurrent.ThreadPoolExecutor.getTask(ThreadPoolExecutor.java:1062)
        at java.base@17.0.13/java.util.concurrent.ThreadPoolExecutor.runWorker(ThreadPoolExecutor.java:1122)
        at java.base@17.0.13/java.util.concurrent.ThreadPoolExecutor$Worker.run(ThreadPoolExecutor.java:635)
        at java.base@17.0.13/java.lang.Thread.run(Thread.java:840)
"IPC Server handler 65 on default port 15001" daemon prio=5 tid=250 timed_waiting
java.lang.Thread.State: TIMED_WAITING
        at java.base@17.0.13/jdk.internal.misc.Unsafe.park(Native Method)
        at java.base@17.0.13/java.util.concurrent.locks.LockSupport.parkNanos(LockSupport.java:252)
        at java.base@17.0.13/java.util.concurrent.locks.AbstractQueuedSynchronizer$ConditionObject.awaitNanos(AbstractQueuedSynchronizer.java:1679)
        at java.base@17.0.13/java.util.concurrent.LinkedBlockingQueue.poll(LinkedBlockingQueue.java:460)
        at app//org.apache.hadoop.ipc.CallQueueManager.take(CallQueueManager.java:370)
        at app//org.apache.hadoop.ipc.Server$Handler.run(Server.java:3165)
"46c085ae-d173-483e-a797-bf073fdc6d33@group-0BB578D0F838-LeaderStateImpl" daemon prio=5 tid=971 timed_waiting
java.lang.Thread.State: TIMED_WAITING
        at java.base@17.0.13/jdk.internal.misc.Unsafe.park(Native Method)
        at java.base@17.0.13/java.util.concurrent.locks.LockSupport.parkNanos(LockSupport.java:252)
        at java.base@17.0.13/java.util.concurrent.locks.AbstractQueuedSynchronizer$ConditionObject.awaitNanos(AbstractQueuedSynchronizer.java:1679)
        at java.base@17.0.13/java.util.concurrent.ArrayBlockingQueue.poll(ArrayBlockingQueue.java:435)
        at app//org.apache.ratis.server.impl.LeaderStateImpl$EventQueue.poll(LeaderStateImpl.java:164)
        at app//org.apache.ratis.server.impl.LeaderStateImpl$EventProcessor.run(LeaderStateImpl.java:763)
"NetworkTopologyPoller" daemon prio=5 tid=435 timed_waiting
java.lang.Thread.State: TIMED_WAITING
        at java.base@17.0.13/jdk.internal.misc.Unsafe.park(Native Method)
        at java.base@17.0.13/java.util.concurrent.locks.LockSupport.parkNanos(LockSupport.java:252)
        at java.base@17.0.13/java.util.concurrent.locks.AbstractQueuedSynchronizer$ConditionObject.awaitNanos(AbstractQueuedSynchronizer.java:1679)
        at java.base@17.0.13/java.util.concurrent.ScheduledThreadPoolExecutor$DelayedWorkQueue.take(ScheduledThreadPoolExecutor.java:1182)
        at java.base@17.0.13/java.util.concurrent.ScheduledThreadPoolExecutor$DelayedWorkQueue.take(ScheduledThreadPoolExecutor.java:899)
        at java.base@17.0.13/java.util.concurrent.ThreadPoolExecutor.getTask(ThreadPoolExecutor.java:1062)
        at java.base@17.0.13/java.util.concurrent.ThreadPoolExecutor.runWorker(ThreadPoolExecutor.java:1122)
        at java.base@17.0.13/java.util.concurrent.ThreadPoolExecutor$Worker.run(ThreadPoolExecutor.java:635)
        at java.base@17.0.13/java.lang.Thread.run(Thread.java:840)
"om1-MultipartUploadCleanupService#0" daemon prio=5 tid=441 timed_waiting
java.lang.Thread.State: TIMED_WAITING
        at java.base@17.0.13/jdk.internal.misc.Unsafe.park(Native Method)
        at java.base@17.0.13/java.util.concurrent.locks.LockSupport.parkNanos(LockSupport.java:252)
        at java.base@17.0.13/java.util.concurrent.locks.AbstractQueuedSynchronizer$ConditionObject.awaitNanos(AbstractQueuedSynchronizer.java:1679)
        at java.base@17.0.13/java.util.concurrent.ScheduledThreadPoolExecutor$DelayedWorkQueue.take(ScheduledThreadPoolExecutor.java:1182)
        at java.base@17.0.13/java.util.concurrent.ScheduledThreadPoolExecutor$DelayedWorkQueue.take(ScheduledThreadPoolExecutor.java:899)
        at java.base@17.0.13/java.util.concurrent.ThreadPoolExecutor.getTask(ThreadPoolExecutor.java:1062)
        at java.base@17.0.13/java.util.concurrent.ThreadPoolExecutor.runWorker(ThreadPoolExecutor.java:1122)
        at java.base@17.0.13/java.util.concurrent.ThreadPoolExecutor$Worker.run(ThreadPoolExecutor.java:635)
        at java.base@17.0.13/java.lang.Thread.run(Thread.java:840)
"Socket Reader #5 for port 15002"  prio=5 tid=37 runnable
java.lang.Thread.State: RUNNABLE
        at java.base@17.0.13/sun.nio.ch.EPoll.wait(Native Method)
        at java.base@17.0.13/sun.nio.ch.EPollSelectorImpl.doSelect(EPollSelectorImpl.java:118)
        at java.base@17.0.13/sun.nio.ch.SelectorImpl.lockAndDoSelect(SelectorImpl.java:129)
        at java.base@17.0.13/sun.nio.ch.SelectorImpl.select(SelectorImpl.java:146)
        at app//org.apache.hadoop.ipc.Server$Listener$Reader.doRunLoop(Server.java:1497)
        at app//org.apache.hadoop.ipc.Server$Listener$Reader.run(Server.java:1476)
"IPC Server handler 6 on default port 15037" daemon prio=5 tid=650 timed_waiting
java.lang.Thread.State: TIMED_WAITING
        at java.base@17.0.13/jdk.internal.misc.Unsafe.park(Native Method)
        at java.base@17.0.13/java.util.concurrent.locks.LockSupport.parkNanos(LockSupport.java:252)
        at java.base@17.0.13/java.util.concurrent.locks.AbstractQueuedSynchronizer$ConditionObject.awaitNanos(AbstractQueuedSynchronizer.java:1679)
        at java.base@17.0.13/java.util.concurrent.LinkedBlockingQueue.poll(LinkedBlockingQueue.java:460)
        at app//org.apache.hadoop.ipc.CallQueueManager.take(CallQueueManager.java:370)
        at app//org.apache.hadoop.ipc.Server$Handler.run(Server.java:3165)
"IPC Server handler 18 on default port 15002" daemon prio=5 tid=303 timed_waiting
java.lang.Thread.State: TIMED_WAITING
        at java.base@17.0.13/jdk.internal.misc.Unsafe.park(Native Method)
        at java.base@17.0.13/java.util.concurrent.locks.LockSupport.parkNanos(LockSupport.java:252)
        at java.base@17.0.13/java.util.concurrent.locks.AbstractQueuedSynchronizer$ConditionObject.awaitNanos(AbstractQueuedSynchronizer.java:1679)
        at java.base@17.0.13/java.util.concurrent.LinkedBlockingQueue.poll(LinkedBlockingQueue.java:460)
        at app//org.apache.hadoop.ipc.CallQueueManager.take(CallQueueManager.java:370)
        at app//org.apache.hadoop.ipc.Server$Handler.run(Server.java:3165)
"IPC Server handler 82 on default port 15002" daemon prio=5 tid=367 timed_waiting
java.lang.Thread.State: TIMED_WAITING
        at java.base@17.0.13/jdk.internal.misc.Unsafe.park(Native Method)
        at java.base@17.0.13/java.util.concurrent.locks.LockSupport.parkNanos(LockSupport.java:252)
        at java.base@17.0.13/java.util.concurrent.locks.AbstractQueuedSynchronizer$ConditionObject.awaitNanos(AbstractQueuedSynchronizer.java:1679)
        at java.base@17.0.13/java.util.concurrent.LinkedBlockingQueue.poll(LinkedBlockingQueue.java:460)
        at app//org.apache.hadoop.ipc.CallQueueManager.take(CallQueueManager.java:370)
        at app//org.apache.hadoop.ipc.Server$Handler.run(Server.java:3165)
"46c085ae-d173-483e-a797-bf073fdc6d33@group-1B7DA9A1FD1F-StateMachineUpdater" daemon prio=5 tid=886 timed_waiting
java.lang.Thread.State: TIMED_WAITING
        at java.base@17.0.13/jdk.internal.misc.Unsafe.park(Native Method)
        at java.base@17.0.13/java.util.concurrent.locks.LockSupport.parkNanos(LockSupport.java:252)
        at java.base@17.0.13/java.util.concurrent.locks.AbstractQueuedSynchronizer$ConditionObject.await(AbstractQueuedSynchronizer.java:1764)
        at app//org.apache.ratis.util.AwaitForSignal.await(AwaitForSignal.java:65)
        at app//org.apache.ratis.server.impl.StateMachineUpdater.waitForCommit(StateMachineUpdater.java:219)
        at app//org.apache.ratis.server.impl.StateMachineUpdater.run(StateMachineUpdater.java:187)
        at java.base@17.0.13/java.lang.Thread.run(Thread.java:840)
"timer6" daemon prio=5 tid=966 timed_waiting
java.lang.Thread.State: TIMED_WAITING
        at java.base@17.0.13/java.lang.Object.wait(Native Method)
        at java.base@17.0.13/java.util.TimerThread.mainLoop(Timer.java:563)
        at java.base@17.0.13/java.util.TimerThread.run(Timer.java:516)
"IPC Server handler 60 on default port 15000" daemon prio=5 tid=145 timed_waiting
java.lang.Thread.State: TIMED_WAITING
        at java.base@17.0.13/jdk.internal.misc.Unsafe.park(Native Method)
        at java.base@17.0.13/java.util.concurrent.locks.LockSupport.parkNanos(LockSupport.java:252)
        at java.base@17.0.13/java.util.concurrent.locks.AbstractQueuedSynchronizer$ConditionObject.awaitNanos(AbstractQueuedSynchronizer.java:1679)
        at java.base@17.0.13/java.util.concurrent.LinkedBlockingQueue.poll(LinkedBlockingQueue.java:460)
        at app//org.apache.hadoop.ipc.CallQueueManager.take(CallQueueManager.java:370)
        at app//org.apache.hadoop.ipc.Server$Handler.run(Server.java:3165)
"om1@group-C5BA1605619E-SegmentedRaftLogWorker"  prio=5 tid=427 timed_waiting
java.lang.Thread.State: TIMED_WAITING
        at java.base@17.0.13/jdk.internal.misc.Unsafe.park(Native Method)
        at java.base@17.0.13/java.util.concurrent.locks.LockSupport.parkNanos(LockSupport.java:252)
        at java.base@17.0.13/java.util.concurrent.locks.AbstractQueuedSynchronizer$ConditionObject.awaitNanos(AbstractQueuedSynchronizer.java:1679)
        at app//org.apache.ratis.util.DataBlockingQueue.poll(DataBlockingQueue.java:148)
        at app//org.apache.ratis.server.raftlog.segmented.SegmentedRaftLogWorker.run(SegmentedRaftLogWorker.java:307)
        at app//org.apache.ratis.server.raftlog.segmented.SegmentedRaftLogWorker$$Lambda$1186/0x00007fa408726248.run(Unknown Source)
        at java.base@17.0.13/java.util.concurrent.Executors$RunnableAdapter.call(Executors.java:539)
        at java.base@17.0.13/java.util.concurrent.FutureTask.run(FutureTask.java:264)
        at java.base@17.0.13/java.util.concurrent.ThreadPoolExecutor.runWorker(ThreadPoolExecutor.java:1136)
        at java.base@17.0.13/java.util.concurrent.ThreadPoolExecutor$Worker.run(ThreadPoolExecutor.java:635)
        at java.base@17.0.13/java.lang.Thread.run(Thread.java:840)
"Reference Handler" daemon prio=10 tid=2 runnable
java.lang.Thread.State: RUNNABLE
        at java.base@17.0.13/java.lang.ref.Reference.waitForReferencePendingList(Native Method)
        at java.base@17.0.13/java.lang.ref.Reference.processPendingReferences(Reference.java:253)
        at java.base@17.0.13/java.lang.ref.Reference$ReferenceHandler.run(Reference.java:215)
"IPC Server handler 86 on default port 15000" daemon prio=5 tid=171 timed_waiting
java.lang.Thread.State: TIMED_WAITING
        at java.base@17.0.13/jdk.internal.misc.Unsafe.park(Native Method)
        at java.base@17.0.13/java.util.concurrent.locks.LockSupport.parkNanos(LockSupport.java:252)
        at java.base@17.0.13/java.util.concurrent.locks.AbstractQueuedSynchronizer$ConditionObject.awaitNanos(AbstractQueuedSynchronizer.java:1679)
        at java.base@17.0.13/java.util.concurrent.LinkedBlockingQueue.poll(LinkedBlockingQueue.java:460)
        at app//org.apache.hadoop.ipc.CallQueueManager.take(CallQueueManager.java:370)
        at app//org.apache.hadoop.ipc.Server$Handler.run(Server.java:3165)
"IPC Server handler 87 on default port 15002" daemon prio=5 tid=372 timed_waiting
java.lang.Thread.State: TIMED_WAITING
        at java.base@17.0.13/jdk.internal.misc.Unsafe.park(Native Method)
        at java.base@17.0.13/java.util.concurrent.locks.LockSupport.parkNanos(LockSupport.java:252)
        at java.base@17.0.13/java.util.concurrent.locks.AbstractQueuedSynchronizer$ConditionObject.awaitNanos(AbstractQueuedSynchronizer.java:1679)
        at java.base@17.0.13/java.util.concurrent.LinkedBlockingQueue.poll(LinkedBlockingQueue.java:460)
        at app//org.apache.hadoop.ipc.CallQueueManager.take(CallQueueManager.java:370)
        at app//org.apache.hadoop.ipc.Server$Handler.run(Server.java:3165)
"IPC Server handler 96 on default port 15000" daemon prio=5 tid=181 timed_waiting
java.lang.Thread.State: TIMED_WAITING
        at java.base@17.0.13/jdk.internal.misc.Unsafe.park(Native Method)
        at java.base@17.0.13/java.util.concurrent.locks.LockSupport.parkNanos(LockSupport.java:252)
        at java.base@17.0.13/java.util.concurrent.locks.AbstractQueuedSynchronizer$ConditionObject.awaitNanos(AbstractQueuedSynchronizer.java:1679)
        at java.base@17.0.13/java.util.concurrent.LinkedBlockingQueue.poll(LinkedBlockingQueue.java:460)
        at app//org.apache.hadoop.ipc.CallQueueManager.take(CallQueueManager.java:370)
        at app//org.apache.hadoop.ipc.Server$Handler.run(Server.java:3165)
"IPC Server handler 73 on default port 15000" daemon prio=5 tid=158 timed_waiting
java.lang.Thread.State: TIMED_WAITING
        at java.base@17.0.13/jdk.internal.misc.Unsafe.park(Native Method)
        at java.base@17.0.13/java.util.concurrent.locks.LockSupport.parkNanos(LockSupport.java:252)
        at java.base@17.0.13/java.util.concurrent.locks.AbstractQueuedSynchronizer$ConditionObject.awaitNanos(AbstractQueuedSynchronizer.java:1679)
        at java.base@17.0.13/java.util.concurrent.LinkedBlockingQueue.poll(LinkedBlockingQueue.java:460)
        at app//org.apache.hadoop.ipc.CallQueueManager.take(CallQueueManager.java:370)
        at app//org.apache.hadoop.ipc.Server$Handler.run(Server.java:3165)
"22bda68c-b64b-4e26-a6f3-14a354ca4fb6-PeriodicHDDSVolumeChecker" daemon prio=5 tid=785 timed_waiting
java.lang.Thread.State: TIMED_WAITING
        at java.base@17.0.13/jdk.internal.misc.Unsafe.park(Native Method)
        at java.base@17.0.13/java.util.concurrent.locks.LockSupport.parkNanos(LockSupport.java:252)
        at java.base@17.0.13/java.util.concurrent.locks.AbstractQueuedSynchronizer$ConditionObject.awaitNanos(AbstractQueuedSynchronizer.java:1679)
        at java.base@17.0.13/java.util.concurrent.ScheduledThreadPoolExecutor$DelayedWorkQueue.take(ScheduledThreadPoolExecutor.java:1182)
        at java.base@17.0.13/java.util.concurrent.ScheduledThreadPoolExecutor$DelayedWorkQueue.take(ScheduledThreadPoolExecutor.java:899)
        at java.base@17.0.13/java.util.concurrent.ThreadPoolExecutor.getTask(ThreadPoolExecutor.java:1062)
        at java.base@17.0.13/java.util.concurrent.ThreadPoolExecutor.runWorker(ThreadPoolExecutor.java:1122)
        at java.base@17.0.13/java.util.concurrent.ThreadPoolExecutor$Worker.run(ThreadPoolExecutor.java:635)
        at java.base@17.0.13/java.lang.Thread.run(Thread.java:840)
"Socket Reader #10 for port 15028"  prio=5 tid=594 runnable
java.lang.Thread.State: RUNNABLE
        at java.base@17.0.13/sun.nio.ch.EPoll.wait(Native Method)
        at java.base@17.0.13/sun.nio.ch.EPollSelectorImpl.doSelect(EPollSelectorImpl.java:118)
        at java.base@17.0.13/sun.nio.ch.SelectorImpl.lockAndDoSelect(SelectorImpl.java:129)
        at java.base@17.0.13/sun.nio.ch.SelectorImpl.select(SelectorImpl.java:146)
        at app//org.apache.hadoop.ipc.Server$Listener$Reader.doRunLoop(Server.java:1497)
        at app//org.apache.hadoop.ipc.Server$Listener$Reader.run(Server.java:1476)
"82107b5c-a456-4cce-866c-b79ad2953fda-ChunkWriter-0-0" daemon prio=5 tid=772 in Object.wait()
java.lang.Thread.State: WAITING (on object monitor)
        at java.base@17.0.13/jdk.internal.misc.Unsafe.park(Native Method)
        at java.base@17.0.13/java.util.concurrent.locks.LockSupport.park(LockSupport.java:341)
        at java.base@17.0.13/java.util.concurrent.locks.AbstractQueuedSynchronizer$ConditionNode.block(AbstractQueuedSynchronizer.java:506)
        at java.base@17.0.13/java.util.concurrent.ForkJoinPool.unmanagedBlock(ForkJoinPool.java:3465)
        at java.base@17.0.13/java.util.concurrent.ForkJoinPool.managedBlock(ForkJoinPool.java:3436)
        at java.base@17.0.13/java.util.concurrent.locks.AbstractQueuedSynchronizer$ConditionObject.await(AbstractQueuedSynchronizer.java:1630)
        at java.base@17.0.13/java.util.concurrent.LinkedBlockingDeque.takeFirst(LinkedBlockingDeque.java:485)
        at java.base@17.0.13/java.util.concurrent.LinkedBlockingDeque.take(LinkedBlockingDeque.java:673)
        at java.base@17.0.13/java.util.concurrent.ThreadPoolExecutor.getTask(ThreadPoolExecutor.java:1062)
        at java.base@17.0.13/java.util.concurrent.ThreadPoolExecutor.runWorker(ThreadPoolExecutor.java:1122)
        at java.base@17.0.13/java.util.concurrent.ThreadPoolExecutor$Worker.run(ThreadPoolExecutor.java:635)
        at java.base@17.0.13/java.lang.Thread.run(Thread.java:840)
"IPC Server handler 3 on default port 15001" daemon prio=5 tid=188 timed_waiting
java.lang.Thread.State: TIMED_WAITING
        at java.base@17.0.13/jdk.internal.misc.Unsafe.park(Native Method)
        at java.base@17.0.13/java.util.concurrent.locks.LockSupport.parkNanos(LockSupport.java:252)
        at java.base@17.0.13/java.util.concurrent.locks.AbstractQueuedSynchronizer$ConditionObject.awaitNanos(AbstractQueuedSynchronizer.java:1679)
        at java.base@17.0.13/java.util.concurrent.LinkedBlockingQueue.poll(LinkedBlockingQueue.java:460)
        at app//org.apache.hadoop.ipc.CallQueueManager.take(CallQueueManager.java:370)
        at app//org.apache.hadoop.ipc.Server$Handler.run(Server.java:3165)
"IPC Server handler 56 on default port 15001" daemon prio=5 tid=241 timed_waiting
java.lang.Thread.State: TIMED_WAITING
        at java.base@17.0.13/jdk.internal.misc.Unsafe.park(Native Method)
        at java.base@17.0.13/java.util.concurrent.locks.LockSupport.parkNanos(LockSupport.java:252)
        at java.base@17.0.13/java.util.concurrent.locks.AbstractQueuedSynchronizer$ConditionObject.awaitNanos(AbstractQueuedSynchronizer.java:1679)
        at java.base@17.0.13/java.util.concurrent.LinkedBlockingQueue.poll(LinkedBlockingQueue.java:460)
        at app//org.apache.hadoop.ipc.CallQueueManager.take(CallQueueManager.java:370)
        at app//org.apache.hadoop.ipc.Server$Handler.run(Server.java:3165)
"IPC Server handler 9 on default port 15037" daemon prio=5 tid=653 timed_waiting
java.lang.Thread.State: TIMED_WAITING
        at java.base@17.0.13/jdk.internal.misc.Unsafe.park(Native Method)
        at java.base@17.0.13/java.util.concurrent.locks.LockSupport.parkNanos(LockSupport.java:252)
        at java.base@17.0.13/java.util.concurrent.locks.AbstractQueuedSynchronizer$ConditionObject.awaitNanos(AbstractQueuedSynchronizer.java:1679)
        at java.base@17.0.13/java.util.concurrent.LinkedBlockingQueue.poll(LinkedBlockingQueue.java:460)
        at app//org.apache.hadoop.ipc.CallQueueManager.take(CallQueueManager.java:370)
        at app//org.apache.hadoop.ipc.Server$Handler.run(Server.java:3165)
"FixedThreadPoolWithAffinityExecutor-6-0" daemon prio=5 tid=80 timed_waiting
java.lang.Thread.State: TIMED_WAITING
        at java.base@17.0.13/jdk.internal.misc.Unsafe.park(Native Method)
        at java.base@17.0.13/java.util.concurrent.locks.LockSupport.parkNanos(LockSupport.java:252)
        at java.base@17.0.13/java.util.concurrent.locks.AbstractQueuedSynchronizer$ConditionObject.awaitNanos(AbstractQueuedSynchronizer.java:1679)
        at java.base@17.0.13/java.util.concurrent.LinkedBlockingQueue.poll(LinkedBlockingQueue.java:460)
        at app//org.apache.hadoop.hdds.scm.server.ContainerReportQueue.poll(ContainerReportQueue.java:269)
        at app//org.apache.hadoop.hdds.scm.server.ContainerReportQueue.poll(ContainerReportQueue.java:42)
        at app//org.apache.hadoop.hdds.server.events.FixedThreadPoolWithAffinityExecutor$ContainerReportProcessTask.run(FixedThreadPoolWithAffinityExecutor.java:253)
        at java.base@17.0.13/java.util.concurrent.Executors$RunnableAdapter.call(Executors.java:539)
        at java.base@17.0.13/java.util.concurrent.FutureTask.run(FutureTask.java:264)
        at java.base@17.0.13/java.util.concurrent.ThreadPoolExecutor.runWorker(ThreadPoolExecutor.java:1136)
        at java.base@17.0.13/java.util.concurrent.ThreadPoolExecutor$Worker.run(ThreadPoolExecutor.java:635)
        at java.base@17.0.13/java.lang.Thread.run(Thread.java:840)
"IPC Server handler 77 on default port 15000" daemon prio=5 tid=162 timed_waiting
java.lang.Thread.State: TIMED_WAITING
        at java.base@17.0.13/jdk.internal.misc.Unsafe.park(Native Method)
        at java.base@17.0.13/java.util.concurrent.locks.LockSupport.parkNanos(LockSupport.java:252)
        at java.base@17.0.13/java.util.concurrent.locks.AbstractQueuedSynchronizer$ConditionObject.awaitNanos(AbstractQueuedSynchronizer.java:1679)
        at java.base@17.0.13/java.util.concurrent.LinkedBlockingQueue.poll(LinkedBlockingQueue.java:460)
        at app//org.apache.hadoop.ipc.CallQueueManager.take(CallQueueManager.java:370)
        at app//org.apache.hadoop.ipc.Server$Handler.run(Server.java:3165)
"Socket Reader #7 for port 15046"  prio=5 tid=683 runnable
java.lang.Thread.State: RUNNABLE
        at java.base@17.0.13/sun.nio.ch.EPoll.wait(Native Method)
        at java.base@17.0.13/sun.nio.ch.EPollSelectorImpl.doSelect(EPollSelectorImpl.java:118)
        at java.base@17.0.13/sun.nio.ch.SelectorImpl.lockAndDoSelect(SelectorImpl.java:129)
        at java.base@17.0.13/sun.nio.ch.SelectorImpl.select(SelectorImpl.java:146)
        at app//org.apache.hadoop.ipc.Server$Listener$Reader.doRunLoop(Server.java:1497)
        at app//org.apache.hadoop.ipc.Server$Listener$Reader.run(Server.java:1476)
"SCMHeartbeatProcessor-0" daemon prio=5 tid=24 timed_waiting
java.lang.Thread.State: TIMED_WAITING
        at java.base@17.0.13/jdk.internal.misc.Unsafe.park(Native Method)
        at java.base@17.0.13/java.util.concurrent.locks.LockSupport.parkNanos(LockSupport.java:252)
        at java.base@17.0.13/java.util.concurrent.locks.AbstractQueuedSynchronizer$ConditionObject.awaitNanos(AbstractQueuedSynchronizer.java:1679)
        at java.base@17.0.13/java.util.concurrent.ScheduledThreadPoolExecutor$DelayedWorkQueue.take(ScheduledThreadPoolExecutor.java:1182)
        at java.base@17.0.13/java.util.concurrent.ScheduledThreadPoolExecutor$DelayedWorkQueue.take(ScheduledThreadPoolExecutor.java:899)
        at java.base@17.0.13/java.util.concurrent.ThreadPoolExecutor.getTask(ThreadPoolExecutor.java:1062)
        at java.base@17.0.13/java.util.concurrent.ThreadPoolExecutor.runWorker(ThreadPoolExecutor.java:1122)
        at java.base@17.0.13/java.util.concurrent.ThreadPoolExecutor$Worker.run(ThreadPoolExecutor.java:635)
        at java.base@17.0.13/java.lang.Thread.run(Thread.java:840)
"IPC Server handler 7 on default port 15001" daemon prio=5 tid=192 timed_waiting
java.lang.Thread.State: TIMED_WAITING
        at java.base@17.0.13/jdk.internal.misc.Unsafe.park(Native Method)
        at java.base@17.0.13/java.util.concurrent.locks.LockSupport.parkNanos(LockSupport.java:252)
        at java.base@17.0.13/java.util.concurrent.locks.AbstractQueuedSynchronizer$ConditionObject.awaitNanos(AbstractQueuedSynchronizer.java:1679)
        at java.base@17.0.13/java.util.concurrent.LinkedBlockingQueue.poll(LinkedBlockingQueue.java:460)
        at app//org.apache.hadoop.ipc.CallQueueManager.take(CallQueueManager.java:370)
        at app//org.apache.hadoop.ipc.Server$Handler.run(Server.java:3165)
"IPC Server handler 99 on default port 15000" daemon prio=5 tid=184 timed_waiting
java.lang.Thread.State: TIMED_WAITING
        at java.base@17.0.13/jdk.internal.misc.Unsafe.park(Native Method)
        at java.base@17.0.13/java.util.concurrent.locks.LockSupport.parkNanos(LockSupport.java:252)
        at java.base@17.0.13/java.util.concurrent.locks.AbstractQueuedSynchronizer$ConditionObject.awaitNanos(AbstractQueuedSynchronizer.java:1679)
        at java.base@17.0.13/java.util.concurrent.LinkedBlockingQueue.poll(LinkedBlockingQueue.java:460)
        at app//org.apache.hadoop.ipc.CallQueueManager.take(CallQueueManager.java:370)
        at app//org.apache.hadoop.ipc.Server$Handler.run(Server.java:3165)
"ca425215-81ee-42b3-84d9-8ded1157efea-DataNodeDiskCheckerThread-0" daemon prio=5 tid=731 timed_waiting
java.lang.Thread.State: TIMED_WAITING
        at java.base@17.0.13/jdk.internal.misc.Unsafe.park(Native Method)
        at java.base@17.0.13/java.util.concurrent.locks.LockSupport.parkNanos(LockSupport.java:252)
        at java.base@17.0.13/java.util.concurrent.SynchronousQueue$TransferStack.transfer(SynchronousQueue.java:401)
        at java.base@17.0.13/java.util.concurrent.SynchronousQueue.poll(SynchronousQueue.java:903)
        at java.base@17.0.13/java.util.concurrent.ThreadPoolExecutor.getTask(ThreadPoolExecutor.java:1061)
        at java.base@17.0.13/java.util.concurrent.ThreadPoolExecutor.runWorker(ThreadPoolExecutor.java:1122)
        at java.base@17.0.13/java.util.concurrent.ThreadPoolExecutor$Worker.run(ThreadPoolExecutor.java:635)
        at java.base@17.0.13/java.lang.Thread.run(Thread.java:840)
"IPC Server handler 19 on default port 15001" daemon prio=5 tid=204 timed_waiting
java.lang.Thread.State: TIMED_WAITING
        at java.base@17.0.13/jdk.internal.misc.Unsafe.park(Native Method)
        at java.base@17.0.13/java.util.concurrent.locks.LockSupport.parkNanos(LockSupport.java:252)
        at java.base@17.0.13/java.util.concurrent.locks.AbstractQueuedSynchronizer$ConditionObject.awaitNanos(AbstractQueuedSynchronizer.java:1679)
        at java.base@17.0.13/java.util.concurrent.LinkedBlockingQueue.poll(LinkedBlockingQueue.java:460)
        at app//org.apache.hadoop.ipc.CallQueueManager.take(CallQueueManager.java:370)
        at app//org.apache.hadoop.ipc.Server$Handler.run(Server.java:3165)
"22bda68c-b64b-4e26-a6f3-14a354ca4fb6-DatanodeReportManager-1" daemon prio=5 tid=702 timed_waiting
java.lang.Thread.State: TIMED_WAITING
        at java.base@17.0.13/jdk.internal.misc.Unsafe.park(Native Method)
        at java.base@17.0.13/java.util.concurrent.locks.LockSupport.parkNanos(LockSupport.java:252)
        at java.base@17.0.13/java.util.concurrent.locks.AbstractQueuedSynchronizer$ConditionObject.awaitNanos(AbstractQueuedSynchronizer.java:1679)
        at java.base@17.0.13/java.util.concurrent.ScheduledThreadPoolExecutor$DelayedWorkQueue.take(ScheduledThreadPoolExecutor.java:1182)
        at java.base@17.0.13/java.util.concurrent.ScheduledThreadPoolExecutor$DelayedWorkQueue.take(ScheduledThreadPoolExecutor.java:899)
        at java.base@17.0.13/java.util.concurrent.ThreadPoolExecutor.getTask(ThreadPoolExecutor.java:1062)
        at java.base@17.0.13/java.util.concurrent.ThreadPoolExecutor.runWorker(ThreadPoolExecutor.java:1122)
        at java.base@17.0.13/java.util.concurrent.ThreadPoolExecutor$Worker.run(ThreadPoolExecutor.java:635)
        at java.base@17.0.13/java.lang.Thread.run(Thread.java:840)
"IPC Server handler 26 on default port 15001" daemon prio=5 tid=211 timed_waiting
java.lang.Thread.State: TIMED_WAITING
        at java.base@17.0.13/jdk.internal.misc.Unsafe.park(Native Method)
        at java.base@17.0.13/java.util.concurrent.locks.LockSupport.parkNanos(LockSupport.java:252)
        at java.base@17.0.13/java.util.concurrent.locks.AbstractQueuedSynchronizer$ConditionObject.awaitNanos(AbstractQueuedSynchronizer.java:1679)
        at java.base@17.0.13/java.util.concurrent.LinkedBlockingQueue.poll(LinkedBlockingQueue.java:460)
        at app//org.apache.hadoop.ipc.CallQueueManager.take(CallQueueManager.java:370)
        at app//org.apache.hadoop.ipc.Server$Handler.run(Server.java:3165)
"IPC Server handler 28 on default port 15002" daemon prio=5 tid=313 timed_waiting
java.lang.Thread.State: TIMED_WAITING
        at java.base@17.0.13/jdk.internal.misc.Unsafe.park(Native Method)
        at java.base@17.0.13/java.util.concurrent.locks.LockSupport.parkNanos(LockSupport.java:252)
        at java.base@17.0.13/java.util.concurrent.locks.AbstractQueuedSynchronizer$ConditionObject.awaitNanos(AbstractQueuedSynchronizer.java:1679)
        at java.base@17.0.13/java.util.concurrent.LinkedBlockingQueue.poll(LinkedBlockingQueue.java:460)
        at app//org.apache.hadoop.ipc.CallQueueManager.take(CallQueueManager.java:370)
        at app//org.apache.hadoop.ipc.Server$Handler.run(Server.java:3165)
"Hadoop-Metrics-Updater-0" daemon prio=5 tid=424 timed_waiting
java.lang.Thread.State: TIMED_WAITING
        at java.base@17.0.13/jdk.internal.misc.Unsafe.park(Native Method)
        at java.base@17.0.13/java.util.concurrent.locks.LockSupport.parkNanos(LockSupport.java:252)
        at java.base@17.0.13/java.util.concurrent.locks.AbstractQueuedSynchronizer$ConditionObject.awaitNanos(AbstractQueuedSynchronizer.java:1679)
        at java.base@17.0.13/java.util.concurrent.ScheduledThreadPoolExecutor$DelayedWorkQueue.take(ScheduledThreadPoolExecutor.java:1182)
        at java.base@17.0.13/java.util.concurrent.ScheduledThreadPoolExecutor$DelayedWorkQueue.take(ScheduledThreadPoolExecutor.java:899)
        at java.base@17.0.13/java.util.concurrent.ThreadPoolExecutor.getTask(ThreadPoolExecutor.java:1062)
        at java.base@17.0.13/java.util.concurrent.ThreadPoolExecutor.runWorker(ThreadPoolExecutor.java:1122)
        at java.base@17.0.13/java.util.concurrent.ThreadPoolExecutor$Worker.run(ThreadPoolExecutor.java:635)
        at java.base@17.0.13/java.lang.Thread.run(Thread.java:840)
"IPC Server handler 1 on default port 15037" daemon prio=5 tid=645 timed_waiting
java.lang.Thread.State: TIMED_WAITING
        at java.base@17.0.13/jdk.internal.misc.Unsafe.park(Native Method)
        at java.base@17.0.13/java.util.concurrent.locks.LockSupport.parkNanos(LockSupport.java:252)
        at java.base@17.0.13/java.util.concurrent.locks.AbstractQueuedSynchronizer$ConditionObject.awaitNanos(AbstractQueuedSynchronizer.java:1679)
        at java.base@17.0.13/java.util.concurrent.LinkedBlockingQueue.poll(LinkedBlockingQueue.java:460)
        at app//org.apache.hadoop.ipc.CallQueueManager.take(CallQueueManager.java:370)
        at app//org.apache.hadoop.ipc.Server$Handler.run(Server.java:3165)
"IPC Parameter Sending Thread for 0.0.0.0/0.0.0.0:15002" daemon prio=5 tid=710 timed_waiting
java.lang.Thread.State: TIMED_WAITING
        at java.base@17.0.13/jdk.internal.misc.Unsafe.park(Native Method)
        at java.base@17.0.13/java.util.concurrent.locks.LockSupport.parkNanos(LockSupport.java:252)
        at java.base@17.0.13/java.util.concurrent.SynchronousQueue$TransferQueue.transfer(SynchronousQueue.java:704)
        at java.base@17.0.13/java.util.concurrent.SynchronousQueue.poll(SynchronousQueue.java:903)
        at app//org.apache.hadoop.ipc.Client$Connection$RpcRequestSender.run(Client.java:1121)
        at java.base@17.0.13/java.lang.Thread.run(Thread.java:840)
"IPC Server listener on 15046" daemon prio=5 tid=676 runnable
java.lang.Thread.State: RUNNABLE
        at java.base@17.0.13/sun.nio.ch.EPoll.wait(Native Method)
        at java.base@17.0.13/sun.nio.ch.EPollSelectorImpl.doSelect(EPollSelectorImpl.java:118)
        at java.base@17.0.13/sun.nio.ch.SelectorImpl.lockAndDoSelect(SelectorImpl.java:129)
        at java.base@17.0.13/sun.nio.ch.SelectorImpl.select(SelectorImpl.java:146)
        at app//org.apache.hadoop.ipc.Server$Listener.run(Server.java:1559)
"IPC Server handler 49 on default port 15000" daemon prio=5 tid=134 timed_waiting
java.lang.Thread.State: TIMED_WAITING
        at java.base@17.0.13/jdk.internal.misc.Unsafe.park(Native Method)
        at java.base@17.0.13/java.util.concurrent.locks.LockSupport.parkNanos(LockSupport.java:252)
        at java.base@17.0.13/java.util.concurrent.locks.AbstractQueuedSynchronizer$ConditionObject.awaitNanos(AbstractQueuedSynchronizer.java:1679)
        at java.base@17.0.13/java.util.concurrent.LinkedBlockingQueue.poll(LinkedBlockingQueue.java:460)
        at app//org.apache.hadoop.ipc.CallQueueManager.take(CallQueueManager.java:370)
        at app//org.apache.hadoop.ipc.Server$Handler.run(Server.java:3165)
"IPC Server handler 21 on default port 15002" daemon prio=5 tid=306 timed_waiting
java.lang.Thread.State: TIMED_WAITING
        at java.base@17.0.13/jdk.internal.misc.Unsafe.park(Native Method)
        at java.base@17.0.13/java.util.concurrent.locks.LockSupport.parkNanos(LockSupport.java:252)
        at java.base@17.0.13/java.util.concurrent.locks.AbstractQueuedSynchronizer$ConditionObject.awaitNanos(AbstractQueuedSynchronizer.java:1679)
        at java.base@17.0.13/java.util.concurrent.LinkedBlockingQueue.poll(LinkedBlockingQueue.java:460)
        at app//org.apache.hadoop.ipc.CallQueueManager.take(CallQueueManager.java:370)
        at app//org.apache.hadoop.ipc.Server$Handler.run(Server.java:3165)
"Socket Reader #9 for port 15002"  prio=5 tid=41 runnable
java.lang.Thread.State: RUNNABLE
        at java.base@17.0.13/sun.nio.ch.EPoll.wait(Native Method)
        at java.base@17.0.13/sun.nio.ch.EPollSelectorImpl.doSelect(EPollSelectorImpl.java:118)
        at java.base@17.0.13/sun.nio.ch.SelectorImpl.lockAndDoSelect(SelectorImpl.java:129)
        at java.base@17.0.13/sun.nio.ch.SelectorImpl.select(SelectorImpl.java:146)
        at app//org.apache.hadoop.ipc.Server$Listener$Reader.doRunLoop(Server.java:1497)
        at app//org.apache.hadoop.ipc.Server$Listener$Reader.run(Server.java:1476)
"IPC Server listener on 15000" daemon prio=5 tid=60 runnable
java.lang.Thread.State: RUNNABLE
        at java.base@17.0.13/sun.nio.ch.EPoll.wait(Native Method)
        at java.base@17.0.13/sun.nio.ch.EPollSelectorImpl.doSelect(EPollSelectorImpl.java:118)
        at java.base@17.0.13/sun.nio.ch.SelectorImpl.lockAndDoSelect(SelectorImpl.java:129)
        at java.base@17.0.13/sun.nio.ch.SelectorImpl.select(SelectorImpl.java:146)
        at app//org.apache.hadoop.ipc.Server$Listener.run(Server.java:1559)
"IPC Server handler 63 on default port 15002" daemon prio=5 tid=348 timed_waiting
java.lang.Thread.State: TIMED_WAITING
        at java.base@17.0.13/jdk.internal.misc.Unsafe.park(Native Method)
        at java.base@17.0.13/java.util.concurrent.locks.LockSupport.parkNanos(LockSupport.java:252)
        at java.base@17.0.13/java.util.concurrent.locks.AbstractQueuedSynchronizer$ConditionObject.awaitNanos(AbstractQueuedSynchronizer.java:1679)
        at java.base@17.0.13/java.util.concurrent.LinkedBlockingQueue.poll(LinkedBlockingQueue.java:460)
        at app//org.apache.hadoop.ipc.CallQueueManager.take(CallQueueManager.java:370)
        at app//org.apache.hadoop.ipc.Server$Handler.run(Server.java:3165)
"IPC Server handler 10 on default port 15004" daemon prio=5 tid=462 timed_waiting
java.lang.Thread.State: TIMED_WAITING
        at java.base@17.0.13/jdk.internal.misc.Unsafe.park(Native Method)
        at java.base@17.0.13/java.util.concurrent.locks.LockSupport.parkNanos(LockSupport.java:252)
        at java.base@17.0.13/java.util.concurrent.locks.AbstractQueuedSynchronizer$ConditionObject.awaitNanos(AbstractQueuedSynchronizer.java:1679)
        at java.base@17.0.13/java.util.concurrent.LinkedBlockingQueue.poll(LinkedBlockingQueue.java:460)
        at app//org.apache.hadoop.ipc.CallQueueManager.take(CallQueueManager.java:370)
        at app//org.apache.hadoop.ipc.Server$Handler.run(Server.java:3165)
"timer3" daemon prio=5 tid=928 timed_waiting
java.lang.Thread.State: TIMED_WAITING
        at java.base@17.0.13/java.lang.Object.wait(Native Method)
        at java.base@17.0.13/java.util.TimerThread.mainLoop(Timer.java:563)
        at java.base@17.0.13/java.util.TimerThread.run(Timer.java:516)
"82107b5c-a456-4cce-866c-b79ad2953fda-DatanodeReportManager-1" daemon prio=5 tid=656 in Object.wait()
java.lang.Thread.State: WAITING (on object monitor)
        at java.base@17.0.13/jdk.internal.misc.Unsafe.park(Native Method)
        at java.base@17.0.13/java.util.concurrent.locks.LockSupport.park(LockSupport.java:341)
        at java.base@17.0.13/java.util.concurrent.locks.AbstractQueuedSynchronizer$ConditionNode.block(AbstractQueuedSynchronizer.java:506)
        at java.base@17.0.13/java.util.concurrent.ForkJoinPool.unmanagedBlock(ForkJoinPool.java:3465)
        at java.base@17.0.13/java.util.concurrent.ForkJoinPool.managedBlock(ForkJoinPool.java:3436)
        at java.base@17.0.13/java.util.concurrent.locks.AbstractQueuedSynchronizer$ConditionObject.await(AbstractQueuedSynchronizer.java:1630)
        at java.base@17.0.13/java.util.concurrent.ScheduledThreadPoolExecutor$DelayedWorkQueue.take(ScheduledThreadPoolExecutor.java:1177)
        at java.base@17.0.13/java.util.concurrent.ScheduledThreadPoolExecutor$DelayedWorkQueue.take(ScheduledThreadPoolExecutor.java:899)
        at java.base@17.0.13/java.util.concurrent.ThreadPoolExecutor.getTask(ThreadPoolExecutor.java:1062)
        at java.base@17.0.13/java.util.concurrent.ThreadPoolExecutor.runWorker(ThreadPoolExecutor.java:1122)
        at java.base@17.0.13/java.util.concurrent.ThreadPoolExecutor$Worker.run(ThreadPoolExecutor.java:635)
        at java.base@17.0.13/java.lang.Thread.run(Thread.java:840)
"FixedThreadPoolWithAffinityExecutor-0-0" daemon prio=5 tid=74 timed_waiting
java.lang.Thread.State: TIMED_WAITING
        at java.base@17.0.13/jdk.internal.misc.Unsafe.park(Native Method)
        at java.base@17.0.13/java.util.concurrent.locks.LockSupport.parkNanos(LockSupport.java:252)
        at java.base@17.0.13/java.util.concurrent.locks.AbstractQueuedSynchronizer$ConditionObject.awaitNanos(AbstractQueuedSynchronizer.java:1679)
        at java.base@17.0.13/java.util.concurrent.LinkedBlockingQueue.poll(LinkedBlockingQueue.java:460)
        at app//org.apache.hadoop.hdds.scm.server.ContainerReportQueue.poll(ContainerReportQueue.java:269)
        at app//org.apache.hadoop.hdds.scm.server.ContainerReportQueue.poll(ContainerReportQueue.java:42)
        at app//org.apache.hadoop.hdds.server.events.FixedThreadPoolWithAffinityExecutor$ContainerReportProcessTask.run(FixedThreadPoolWithAffinityExecutor.java:253)
        at java.base@17.0.13/java.util.concurrent.Executors$RunnableAdapter.call(Executors.java:539)
        at java.base@17.0.13/java.util.concurrent.FutureTask.run(FutureTask.java:264)
        at java.base@17.0.13/java.util.concurrent.ThreadPoolExecutor.runWorker(ThreadPoolExecutor.java:1136)
        at java.base@17.0.13/java.util.concurrent.ThreadPoolExecutor$Worker.run(ThreadPoolExecutor.java:635)
        at java.base@17.0.13/java.lang.Thread.run(Thread.java:840)
"46c085ae-d173-483e-a797-bf073fdc6d33-ChunkWriter-0-0" daemon prio=5 tid=754 in Object.wait()
java.lang.Thread.State: WAITING (on object monitor)
        at java.base@17.0.13/jdk.internal.misc.Unsafe.park(Native Method)
        at java.base@17.0.13/java.util.concurrent.locks.LockSupport.park(LockSupport.java:341)
        at java.base@17.0.13/java.util.concurrent.locks.AbstractQueuedSynchronizer$ConditionNode.block(AbstractQueuedSynchronizer.java:506)
        at java.base@17.0.13/java.util.concurrent.ForkJoinPool.unmanagedBlock(ForkJoinPool.java:3465)
        at java.base@17.0.13/java.util.concurrent.ForkJoinPool.managedBlock(ForkJoinPool.java:3436)
        at java.base@17.0.13/java.util.concurrent.locks.AbstractQueuedSynchronizer$ConditionObject.await(AbstractQueuedSynchronizer.java:1630)
        at java.base@17.0.13/java.util.concurrent.LinkedBlockingDeque.takeFirst(LinkedBlockingDeque.java:485)
        at java.base@17.0.13/java.util.concurrent.LinkedBlockingDeque.take(LinkedBlockingDeque.java:673)
        at java.base@17.0.13/java.util.concurrent.ThreadPoolExecutor.getTask(ThreadPoolExecutor.java:1062)
        at java.base@17.0.13/java.util.concurrent.ThreadPoolExecutor.runWorker(ThreadPoolExecutor.java:1122)
        at java.base@17.0.13/java.util.concurrent.ThreadPoolExecutor$Worker.run(ThreadPoolExecutor.java:635)
        at java.base@17.0.13/java.lang.Thread.run(Thread.java:840)
"IPC Server handler 7 on default port 15004" daemon prio=5 tid=459 timed_waiting
java.lang.Thread.State: TIMED_WAITING
        at java.base@17.0.13/jdk.internal.misc.Unsafe.park(Native Method)
        at java.base@17.0.13/java.util.concurrent.locks.LockSupport.parkNanos(LockSupport.java:252)
        at java.base@17.0.13/java.util.concurrent.locks.AbstractQueuedSynchronizer$ConditionObject.awaitNanos(AbstractQueuedSynchronizer.java:1679)
        at java.base@17.0.13/java.util.concurrent.LinkedBlockingQueue.poll(LinkedBlockingQueue.java:460)
        at app//org.apache.hadoop.ipc.CallQueueManager.take(CallQueueManager.java:370)
        at app//org.apache.hadoop.ipc.Server$Handler.run(Server.java:3165)
"Socket Reader #7 for port 15037"  prio=5 tid=637 runnable
java.lang.Thread.State: RUNNABLE
        at java.base@17.0.13/sun.nio.ch.EPoll.wait(Native Method)
        at java.base@17.0.13/sun.nio.ch.EPollSelectorImpl.doSelect(EPollSelectorImpl.java:118)
        at java.base@17.0.13/sun.nio.ch.SelectorImpl.lockAndDoSelect(SelectorImpl.java:129)
        at java.base@17.0.13/sun.nio.ch.SelectorImpl.select(SelectorImpl.java:146)
        at app//org.apache.hadoop.ipc.Server$Listener$Reader.doRunLoop(Server.java:1497)
        at app//org.apache.hadoop.ipc.Server$Listener$Reader.run(Server.java:1476)
"FixedThreadPoolWithAffinityExecutor-8-0" daemon prio=5 tid=82 timed_waiting
java.lang.Thread.State: TIMED_WAITING
        at java.base@17.0.13/jdk.internal.misc.Unsafe.park(Native Method)
        at java.base@17.0.13/java.util.concurrent.locks.LockSupport.parkNanos(LockSupport.java:252)
        at java.base@17.0.13/java.util.concurrent.locks.AbstractQueuedSynchronizer$ConditionObject.awaitNanos(AbstractQueuedSynchronizer.java:1679)
        at java.base@17.0.13/java.util.concurrent.LinkedBlockingQueue.poll(LinkedBlockingQueue.java:460)
        at app//org.apache.hadoop.hdds.scm.server.ContainerReportQueue.poll(ContainerReportQueue.java:269)
        at app//org.apache.hadoop.hdds.scm.server.ContainerReportQueue.poll(ContainerReportQueue.java:42)
        at app//org.apache.hadoop.hdds.server.events.FixedThreadPoolWithAffinityExecutor$ContainerReportProcessTask.run(FixedThreadPoolWithAffinityExecutor.java:253)
        at java.base@17.0.13/java.util.concurrent.Executors$RunnableAdapter.call(Executors.java:539)
        at java.base@17.0.13/java.util.concurrent.FutureTask.run(FutureTask.java:264)
        at java.base@17.0.13/java.util.concurrent.ThreadPoolExecutor.runWorker(ThreadPoolExecutor.java:1136)
        at java.base@17.0.13/java.util.concurrent.ThreadPoolExecutor$Worker.run(ThreadPoolExecutor.java:635)
        at java.base@17.0.13/java.lang.Thread.run(Thread.java:840)
"IPC Server handler 52 on default port 15001" daemon prio=5 tid=237 timed_waiting
java.lang.Thread.State: TIMED_WAITING
        at java.base@17.0.13/jdk.internal.misc.Unsafe.park(Native Method)
        at java.base@17.0.13/java.util.concurrent.locks.LockSupport.parkNanos(LockSupport.java:252)
        at java.base@17.0.13/java.util.concurrent.locks.AbstractQueuedSynchronizer$ConditionObject.awaitNanos(AbstractQueuedSynchronizer.java:1679)
        at java.base@17.0.13/java.util.concurrent.LinkedBlockingQueue.poll(LinkedBlockingQueue.java:460)
        at app//org.apache.hadoop.ipc.CallQueueManager.take(CallQueueManager.java:370)
        at app//org.apache.hadoop.ipc.Server$Handler.run(Server.java:3165)
"IPC Server listener on 15002" daemon prio=5 tid=32 runnable
java.lang.Thread.State: RUNNABLE
        at java.base@17.0.13/sun.nio.ch.EPoll.wait(Native Method)
        at java.base@17.0.13/sun.nio.ch.EPollSelectorImpl.doSelect(EPollSelectorImpl.java:118)
        at java.base@17.0.13/sun.nio.ch.SelectorImpl.lockAndDoSelect(SelectorImpl.java:129)
        at java.base@17.0.13/sun.nio.ch.SelectorImpl.select(SelectorImpl.java:146)
        at app//org.apache.hadoop.ipc.Server$Listener.run(Server.java:1559)
"IPC Server handler 3 on default port 15037" daemon prio=5 tid=647 timed_waiting
java.lang.Thread.State: TIMED_WAITING
        at java.base@17.0.13/jdk.internal.misc.Unsafe.park(Native Method)
        at java.base@17.0.13/java.util.concurrent.locks.LockSupport.parkNanos(LockSupport.java:252)
        at java.base@17.0.13/java.util.concurrent.locks.AbstractQueuedSynchronizer$ConditionObject.awaitNanos(AbstractQueuedSynchronizer.java:1679)
        at java.base@17.0.13/java.util.concurrent.LinkedBlockingQueue.poll(LinkedBlockingQueue.java:460)
        at app//org.apache.hadoop.ipc.CallQueueManager.take(CallQueueManager.java:370)
        at app//org.apache.hadoop.ipc.Server$Handler.run(Server.java:3165)
"IPC Server handler 45 on default port 15000" daemon prio=5 tid=130 timed_waiting
java.lang.Thread.State: TIMED_WAITING
        at java.base@17.0.13/jdk.internal.misc.Unsafe.park(Native Method)
        at java.base@17.0.13/java.util.concurrent.locks.LockSupport.parkNanos(LockSupport.java:252)
        at java.base@17.0.13/java.util.concurrent.locks.AbstractQueuedSynchronizer$ConditionObject.awaitNanos(AbstractQueuedSynchronizer.java:1679)
        at java.base@17.0.13/java.util.concurrent.LinkedBlockingQueue.poll(LinkedBlockingQueue.java:460)
        at app//org.apache.hadoop.ipc.CallQueueManager.take(CallQueueManager.java:370)
        at app//org.apache.hadoop.ipc.Server$Handler.run(Server.java:3165)
"IPC Server handler 23 on default port 15000" daemon prio=5 tid=108 timed_waiting
java.lang.Thread.State: TIMED_WAITING
        at java.base@17.0.13/jdk.internal.misc.Unsafe.park(Native Method)
        at java.base@17.0.13/java.util.concurrent.locks.LockSupport.parkNanos(LockSupport.java:252)
        at java.base@17.0.13/java.util.concurrent.locks.AbstractQueuedSynchronizer$ConditionObject.awaitNanos(AbstractQueuedSynchronizer.java:1679)
        at java.base@17.0.13/java.util.concurrent.LinkedBlockingQueue.poll(LinkedBlockingQueue.java:460)
        at app//org.apache.hadoop.ipc.CallQueueManager.take(CallQueueManager.java:370)
        at app//org.apache.hadoop.ipc.Server$Handler.run(Server.java:3165)
"IPC Server handler 59 on default port 15002" daemon prio=5 tid=344 timed_waiting
java.lang.Thread.State: TIMED_WAITING
        at java.base@17.0.13/jdk.internal.misc.Unsafe.park(Native Method)
        at java.base@17.0.13/java.util.concurrent.locks.LockSupport.parkNanos(LockSupport.java:252)
        at java.base@17.0.13/java.util.concurrent.locks.AbstractQueuedSynchronizer$ConditionObject.awaitNanos(AbstractQueuedSynchronizer.java:1679)
        at java.base@17.0.13/java.util.concurrent.LinkedBlockingQueue.poll(LinkedBlockingQueue.java:460)
        at app//org.apache.hadoop.ipc.CallQueueManager.take(CallQueueManager.java:370)
        at app//org.apache.hadoop.ipc.Server$Handler.run(Server.java:3165)
"IPC Server handler 23 on default port 15002" daemon prio=5 tid=308 timed_waiting
java.lang.Thread.State: TIMED_WAITING
        at java.base@17.0.13/jdk.internal.misc.Unsafe.park(Native Method)
        at java.base@17.0.13/java.util.concurrent.locks.LockSupport.parkNanos(LockSupport.java:252)
        at java.base@17.0.13/java.util.concurrent.locks.AbstractQueuedSynchronizer$ConditionObject.awaitNanos(AbstractQueuedSynchronizer.java:1679)
        at java.base@17.0.13/java.util.concurrent.LinkedBlockingQueue.poll(LinkedBlockingQueue.java:460)
        at app//org.apache.hadoop.ipc.CallQueueManager.take(CallQueueManager.java:370)
        at app//org.apache.hadoop.ipc.Server$Handler.run(Server.java:3165)
"IPC Server handler 2 on default port 15046" daemon prio=5 tid=692 timed_waiting
java.lang.Thread.State: TIMED_WAITING
        at java.base@17.0.13/jdk.internal.misc.Unsafe.park(Native Method)
        at java.base@17.0.13/java.util.concurrent.locks.LockSupport.parkNanos(LockSupport.java:252)
        at java.base@17.0.13/java.util.concurrent.locks.AbstractQueuedSynchronizer$ConditionObject.awaitNanos(AbstractQueuedSynchronizer.java:1679)
        at java.base@17.0.13/java.util.concurrent.LinkedBlockingQueue.poll(LinkedBlockingQueue.java:460)
        at app//org.apache.hadoop.ipc.CallQueueManager.take(CallQueueManager.java:370)
        at app//org.apache.hadoop.ipc.Server$Handler.run(Server.java:3165)
"IPC Server handler 47 on default port 15002" daemon prio=5 tid=332 timed_waiting
java.lang.Thread.State: TIMED_WAITING
        at java.base@17.0.13/jdk.internal.misc.Unsafe.park(Native Method)
        at java.base@17.0.13/java.util.concurrent.locks.LockSupport.parkNanos(LockSupport.java:252)
        at java.base@17.0.13/java.util.concurrent.locks.AbstractQueuedSynchronizer$ConditionObject.awaitNanos(AbstractQueuedSynchronizer.java:1679)
        at java.base@17.0.13/java.util.concurrent.LinkedBlockingQueue.poll(LinkedBlockingQueue.java:460)
        at app//org.apache.hadoop.ipc.CallQueueManager.take(CallQueueManager.java:370)
        at app//org.apache.hadoop.ipc.Server$Handler.run(Server.java:3165)
"Socket Reader #2 for port 15019"  prio=5 tid=540 runnable
java.lang.Thread.State: RUNNABLE
        at java.base@17.0.13/sun.nio.ch.EPoll.wait(Native Method)
        at java.base@17.0.13/sun.nio.ch.EPollSelectorImpl.doSelect(EPollSelectorImpl.java:118)
        at java.base@17.0.13/sun.nio.ch.SelectorImpl.lockAndDoSelect(SelectorImpl.java:129)
        at java.base@17.0.13/sun.nio.ch.SelectorImpl.select(SelectorImpl.java:146)
        at app//org.apache.hadoop.ipc.Server$Listener$Reader.doRunLoop(Server.java:1497)
        at app//org.apache.hadoop.ipc.Server$Listener$Reader.run(Server.java:1476)
"EventQueue-ContainerRegistrationReportForContainerSafeModeRule" daemon prio=5 tid=802 in Object.wait()
java.lang.Thread.State: WAITING (on object monitor)
        at java.base@17.0.13/jdk.internal.misc.Unsafe.park(Native Method)
        at java.base@17.0.13/java.util.concurrent.locks.LockSupport.park(LockSupport.java:341)
        at java.base@17.0.13/java.util.concurrent.locks.AbstractQueuedSynchronizer$ConditionNode.block(AbstractQueuedSynchronizer.java:506)
        at java.base@17.0.13/java.util.concurrent.ForkJoinPool.unmanagedBlock(ForkJoinPool.java:3465)
        at java.base@17.0.13/java.util.concurrent.ForkJoinPool.managedBlock(ForkJoinPool.java:3436)
        at java.base@17.0.13/java.util.concurrent.locks.AbstractQueuedSynchronizer$ConditionObject.await(AbstractQueuedSynchronizer.java:1630)
        at java.base@17.0.13/java.util.concurrent.LinkedBlockingQueue.take(LinkedBlockingQueue.java:435)
        at java.base@17.0.13/java.util.concurrent.ThreadPoolExecutor.getTask(ThreadPoolExecutor.java:1062)
        at java.base@17.0.13/java.util.concurrent.ThreadPoolExecutor.runWorker(ThreadPoolExecutor.java:1122)
        at java.base@17.0.13/java.util.concurrent.ThreadPoolExecutor$Worker.run(ThreadPoolExecutor.java:635)
        at java.base@17.0.13/java.lang.Thread.run(Thread.java:840)
"IPC Server handler 0 on default port 15004" daemon prio=5 tid=452 timed_waiting
java.lang.Thread.State: TIMED_WAITING
        at java.base@17.0.13/jdk.internal.misc.Unsafe.park(Native Method)
        at java.base@17.0.13/java.util.concurrent.locks.LockSupport.parkNanos(LockSupport.java:252)
        at java.base@17.0.13/java.util.concurrent.locks.AbstractQueuedSynchronizer$ConditionObject.awaitNanos(AbstractQueuedSynchronizer.java:1679)
        at java.base@17.0.13/java.util.concurrent.LinkedBlockingQueue.poll(LinkedBlockingQueue.java:460)
        at app//org.apache.hadoop.ipc.CallQueueManager.take(CallQueueManager.java:370)
        at app//org.apache.hadoop.ipc.Server$Handler.run(Server.java:3165)
"qtp1563254205-581" daemon prio=5 tid=581 timed_waiting
java.lang.Thread.State: TIMED_WAITING
        at java.base@17.0.13/jdk.internal.misc.Unsafe.park(Native Method)
        at java.base@17.0.13/java.util.concurrent.locks.LockSupport.parkNanos(LockSupport.java:252)
        at java.base@17.0.13/java.util.concurrent.locks.AbstractQueuedSynchronizer$ConditionObject.awaitNanos(AbstractQueuedSynchronizer.java:1679)
        at app//org.eclipse.jetty.util.BlockingArrayQueue.poll(BlockingArrayQueue.java:382)
        at app//org.eclipse.jetty.util.thread.QueuedThreadPool$Runner.idleJobPoll(QueuedThreadPool.java:974)
        at app//org.eclipse.jetty.util.thread.QueuedThreadPool$Runner.run(QueuedThreadPool.java:1018)
        at java.base@17.0.13/java.lang.Thread.run(Thread.java:840)
"grpc-default-executor-6" daemon prio=5 tid=919 timed_waiting
java.lang.Thread.State: TIMED_WAITING
        at java.base@17.0.13/jdk.internal.misc.Unsafe.park(Native Method)
        at java.base@17.0.13/java.util.concurrent.locks.LockSupport.parkNanos(LockSupport.java:252)
        at java.base@17.0.13/java.util.concurrent.SynchronousQueue$TransferStack.transfer(SynchronousQueue.java:401)
        at java.base@17.0.13/java.util.concurrent.SynchronousQueue.poll(SynchronousQueue.java:903)
        at java.base@17.0.13/java.util.concurrent.ThreadPoolExecutor.getTask(ThreadPoolExecutor.java:1061)
        at java.base@17.0.13/java.util.concurrent.ThreadPoolExecutor.runWorker(ThreadPoolExecutor.java:1122)
        at java.base@17.0.13/java.util.concurrent.ThreadPoolExecutor$Worker.run(ThreadPoolExecutor.java:635)
        at java.base@17.0.13/java.lang.Thread.run(Thread.java:840)
"IPC Server handler 70 on default port 15000" daemon prio=5 tid=155 timed_waiting
java.lang.Thread.State: TIMED_WAITING
        at java.base@17.0.13/jdk.internal.misc.Unsafe.park(Native Method)
        at java.base@17.0.13/java.util.concurrent.locks.LockSupport.parkNanos(LockSupport.java:252)
        at java.base@17.0.13/java.util.concurrent.locks.AbstractQueuedSynchronizer$ConditionObject.awaitNanos(AbstractQueuedSynchronizer.java:1679)
        at java.base@17.0.13/java.util.concurrent.LinkedBlockingQueue.poll(LinkedBlockingQueue.java:460)
        at app//org.apache.hadoop.ipc.CallQueueManager.take(CallQueueManager.java:370)
        at app//org.apache.hadoop.ipc.Server$Handler.run(Server.java:3165)
"IPC Server handler 0 on default port 15002" daemon prio=5 tid=285 timed_waiting
java.lang.Thread.State: TIMED_WAITING
        at java.base@17.0.13/jdk.internal.misc.Unsafe.park(Native Method)
        at java.base@17.0.13/java.util.concurrent.locks.LockSupport.parkNanos(LockSupport.java:252)
        at java.base@17.0.13/java.util.concurrent.locks.AbstractQueuedSynchronizer$ConditionObject.awaitNanos(AbstractQueuedSynchronizer.java:1679)
        at java.base@17.0.13/java.util.concurrent.LinkedBlockingQueue.poll(LinkedBlockingQueue.java:460)
        at app//org.apache.hadoop.ipc.CallQueueManager.take(CallQueueManager.java:370)
        at app//org.apache.hadoop.ipc.Server$Handler.run(Server.java:3165)
"IPC Server handler 76 on default port 15001" daemon prio=5 tid=261 timed_waiting
java.lang.Thread.State: TIMED_WAITING
        at java.base@17.0.13/jdk.internal.misc.Unsafe.park(Native Method)
        at java.base@17.0.13/java.util.concurrent.locks.LockSupport.parkNanos(LockSupport.java:252)
        at java.base@17.0.13/java.util.concurrent.locks.AbstractQueuedSynchronizer$ConditionObject.awaitNanos(AbstractQueuedSynchronizer.java:1679)
        at java.base@17.0.13/java.util.concurrent.LinkedBlockingQueue.poll(LinkedBlockingQueue.java:460)
        at app//org.apache.hadoop.ipc.CallQueueManager.take(CallQueueManager.java:370)
        at app//org.apache.hadoop.ipc.Server$Handler.run(Server.java:3165)
"IPC Server handler 87 on default port 15000" daemon prio=5 tid=172 timed_waiting
java.lang.Thread.State: TIMED_WAITING
        at java.base@17.0.13/jdk.internal.misc.Unsafe.park(Native Method)
        at java.base@17.0.13/java.util.concurrent.locks.LockSupport.parkNanos(LockSupport.java:252)
        at java.base@17.0.13/java.util.concurrent.locks.AbstractQueuedSynchronizer$ConditionObject.awaitNanos(AbstractQueuedSynchronizer.java:1679)
        at java.base@17.0.13/java.util.concurrent.LinkedBlockingQueue.poll(LinkedBlockingQueue.java:460)
        at app//org.apache.hadoop.ipc.CallQueueManager.take(CallQueueManager.java:370)
        at app//org.apache.hadoop.ipc.Server$Handler.run(Server.java:3165)
"Socket Reader #5 for port 15028"  prio=5 tid=589 runnable
java.lang.Thread.State: RUNNABLE
        at java.base@17.0.13/sun.nio.ch.EPoll.wait(Native Method)
        at java.base@17.0.13/sun.nio.ch.EPollSelectorImpl.doSelect(EPollSelectorImpl.java:118)
        at java.base@17.0.13/sun.nio.ch.SelectorImpl.lockAndDoSelect(SelectorImpl.java:129)
        at java.base@17.0.13/sun.nio.ch.SelectorImpl.select(SelectorImpl.java:146)
        at app//org.apache.hadoop.ipc.Server$Listener$Reader.doRunLoop(Server.java:1497)
        at app//org.apache.hadoop.ipc.Server$Listener$Reader.run(Server.java:1476)
"IPC Server handler 28 on default port 15000" daemon prio=5 tid=113 timed_waiting
java.lang.Thread.State: TIMED_WAITING
        at java.base@17.0.13/jdk.internal.misc.Unsafe.park(Native Method)
        at java.base@17.0.13/java.util.concurrent.locks.LockSupport.parkNanos(LockSupport.java:252)
        at java.base@17.0.13/java.util.concurrent.locks.AbstractQueuedSynchronizer$ConditionObject.awaitNanos(AbstractQueuedSynchronizer.java:1679)
        at java.base@17.0.13/java.util.concurrent.LinkedBlockingQueue.poll(LinkedBlockingQueue.java:460)
        at app//org.apache.hadoop.ipc.CallQueueManager.take(CallQueueManager.java:370)
        at app//org.apache.hadoop.ipc.Server$Handler.run(Server.java:3165)
"IPC Server handler 60 on default port 15001" daemon prio=5 tid=245 timed_waiting
java.lang.Thread.State: TIMED_WAITING
        at java.base@17.0.13/jdk.internal.misc.Unsafe.park(Native Method)
        at java.base@17.0.13/java.util.concurrent.locks.LockSupport.parkNanos(LockSupport.java:252)
        at java.base@17.0.13/java.util.concurrent.locks.AbstractQueuedSynchronizer$ConditionObject.awaitNanos(AbstractQueuedSynchronizer.java:1679)
        at java.base@17.0.13/java.util.concurrent.LinkedBlockingQueue.poll(LinkedBlockingQueue.java:460)
        at app//org.apache.hadoop.ipc.CallQueueManager.take(CallQueueManager.java:370)
        at app//org.apache.hadoop.ipc.Server$Handler.run(Server.java:3165)
"IPC Server handler 81 on default port 15000" daemon prio=5 tid=166 timed_waiting
java.lang.Thread.State: TIMED_WAITING
        at java.base@17.0.13/jdk.internal.misc.Unsafe.park(Native Method)
        at java.base@17.0.13/java.util.concurrent.locks.LockSupport.parkNanos(LockSupport.java:252)
        at java.base@17.0.13/java.util.concurrent.locks.AbstractQueuedSynchronizer$ConditionObject.awaitNanos(AbstractQueuedSynchronizer.java:1679)
        at java.base@17.0.13/java.util.concurrent.LinkedBlockingQueue.poll(LinkedBlockingQueue.java:460)
        at app//org.apache.hadoop.ipc.CallQueueManager.take(CallQueueManager.java:370)
        at app//org.apache.hadoop.ipc.Server$Handler.run(Server.java:3165)
"qtp801388009-395" daemon prio=5 tid=395 timed_waiting
java.lang.Thread.State: TIMED_WAITING
        at java.base@17.0.13/jdk.internal.misc.Unsafe.park(Native Method)
        at java.base@17.0.13/java.util.concurrent.locks.LockSupport.parkNanos(LockSupport.java:252)
        at java.base@17.0.13/java.util.concurrent.locks.AbstractQueuedSynchronizer$ConditionObject.awaitNanos(AbstractQueuedSynchronizer.java:1679)
        at app//org.eclipse.jetty.util.BlockingArrayQueue.poll(BlockingArrayQueue.java:382)
        at app//org.eclipse.jetty.util.thread.QueuedThreadPool$Runner.idleJobPoll(QueuedThreadPool.java:974)
        at app//org.eclipse.jetty.util.thread.QueuedThreadPool$Runner.run(QueuedThreadPool.java:1018)
        at java.base@17.0.13/java.lang.Thread.run(Thread.java:840)
"IPC Server handler 10 on default port 15001" daemon prio=5 tid=195 timed_waiting
java.lang.Thread.State: TIMED_WAITING
        at java.base@17.0.13/jdk.internal.misc.Unsafe.park(Native Method)
        at java.base@17.0.13/java.util.concurrent.locks.LockSupport.parkNanos(LockSupport.java:252)
        at java.base@17.0.13/java.util.concurrent.locks.AbstractQueuedSynchronizer$ConditionObject.awaitNanos(AbstractQueuedSynchronizer.java:1679)
        at java.base@17.0.13/java.util.concurrent.LinkedBlockingQueue.poll(LinkedBlockingQueue.java:460)
        at app//org.apache.hadoop.ipc.CallQueueManager.take(CallQueueManager.java:370)
        at app//org.apache.hadoop.ipc.Server$Handler.run(Server.java:3165)
"IPC Server handler 48 on default port 15001" daemon prio=5 tid=233 timed_waiting
java.lang.Thread.State: TIMED_WAITING
        at java.base@17.0.13/jdk.internal.misc.Unsafe.park(Native Method)
        at java.base@17.0.13/java.util.concurrent.locks.LockSupport.parkNanos(LockSupport.java:252)
        at java.base@17.0.13/java.util.concurrent.locks.AbstractQueuedSynchronizer$ConditionObject.awaitNanos(AbstractQueuedSynchronizer.java:1679)
        at java.base@17.0.13/java.util.concurrent.LinkedBlockingQueue.poll(LinkedBlockingQueue.java:460)
        at app//org.apache.hadoop.ipc.CallQueueManager.take(CallQueueManager.java:370)
        at app//org.apache.hadoop.ipc.Server$Handler.run(Server.java:3165)
"IPC Server handler 37 on default port 15000" daemon prio=5 tid=122 timed_waiting
java.lang.Thread.State: TIMED_WAITING
        at java.base@17.0.13/jdk.internal.misc.Unsafe.park(Native Method)
        at java.base@17.0.13/java.util.concurrent.locks.LockSupport.parkNanos(LockSupport.java:252)
        at java.base@17.0.13/java.util.concurrent.locks.AbstractQueuedSynchronizer$ConditionObject.awaitNanos(AbstractQueuedSynchronizer.java:1679)
        at java.base@17.0.13/java.util.concurrent.LinkedBlockingQueue.poll(LinkedBlockingQueue.java:460)
        at app//org.apache.hadoop.ipc.CallQueueManager.take(CallQueueManager.java:370)
        at app//org.apache.hadoop.ipc.Server$Handler.run(Server.java:3165)
"IPC Server handler 20 on default port 15001" daemon prio=5 tid=205 timed_waiting
java.lang.Thread.State: TIMED_WAITING
        at java.base@17.0.13/jdk.internal.misc.Unsafe.park(Native Method)
        at java.base@17.0.13/java.util.concurrent.locks.LockSupport.parkNanos(LockSupport.java:252)
        at java.base@17.0.13/java.util.concurrent.locks.AbstractQueuedSynchronizer$ConditionObject.awaitNanos(AbstractQueuedSynchronizer.java:1679)
        at java.base@17.0.13/java.util.concurrent.LinkedBlockingQueue.poll(LinkedBlockingQueue.java:460)
        at app//org.apache.hadoop.ipc.CallQueueManager.take(CallQueueManager.java:370)
        at app//org.apache.hadoop.ipc.Server$Handler.run(Server.java:3165)
"IPC Server handler 70 on default port 15002" daemon prio=5 tid=355 timed_waiting
java.lang.Thread.State: TIMED_WAITING
        at java.base@17.0.13/jdk.internal.misc.Unsafe.park(Native Method)
        at java.base@17.0.13/java.util.concurrent.locks.LockSupport.parkNanos(LockSupport.java:252)
        at java.base@17.0.13/java.util.concurrent.locks.AbstractQueuedSynchronizer$ConditionObject.awaitNanos(AbstractQueuedSynchronizer.java:1679)
        at java.base@17.0.13/java.util.concurrent.LinkedBlockingQueue.poll(LinkedBlockingQueue.java:460)
        at app//org.apache.hadoop.ipc.CallQueueManager.take(CallQueueManager.java:370)
        at app//org.apache.hadoop.ipc.Server$Handler.run(Server.java:3165)
"IPC Server handler 85 on default port 15000" daemon prio=5 tid=170 timed_waiting
java.lang.Thread.State: TIMED_WAITING
        at java.base@17.0.13/jdk.internal.misc.Unsafe.park(Native Method)
        at java.base@17.0.13/java.util.concurrent.locks.LockSupport.parkNanos(LockSupport.java:252)
        at java.base@17.0.13/java.util.concurrent.locks.AbstractQueuedSynchronizer$ConditionObject.awaitNanos(AbstractQueuedSynchronizer.java:1679)
        at java.base@17.0.13/java.util.concurrent.LinkedBlockingQueue.poll(LinkedBlockingQueue.java:460)
        at app//org.apache.hadoop.ipc.CallQueueManager.take(CallQueueManager.java:370)
        at app//org.apache.hadoop.ipc.Server$Handler.run(Server.java:3165)
"IPC Server handler 28 on default port 15001" daemon prio=5 tid=213 timed_waiting
java.lang.Thread.State: TIMED_WAITING
        at java.base@17.0.13/jdk.internal.misc.Unsafe.park(Native Method)
        at java.base@17.0.13/java.util.concurrent.locks.LockSupport.parkNanos(LockSupport.java:252)
        at java.base@17.0.13/java.util.concurrent.locks.AbstractQueuedSynchronizer$ConditionObject.awaitNanos(AbstractQueuedSynchronizer.java:1679)
        at java.base@17.0.13/java.util.concurrent.LinkedBlockingQueue.poll(LinkedBlockingQueue.java:460)
        at app//org.apache.hadoop.ipc.CallQueueManager.take(CallQueueManager.java:370)
        at app//org.apache.hadoop.ipc.Server$Handler.run(Server.java:3165)
"IPC Server handler 7 on default port 15046" daemon prio=5 tid=697 timed_waiting
java.lang.Thread.State: TIMED_WAITING
        at java.base@17.0.13/jdk.internal.misc.Unsafe.park(Native Method)
        at java.base@17.0.13/java.util.concurrent.locks.LockSupport.parkNanos(LockSupport.java:252)
        at java.base@17.0.13/java.util.concurrent.locks.AbstractQueuedSynchronizer$ConditionObject.awaitNanos(AbstractQueuedSynchronizer.java:1679)
        at java.base@17.0.13/java.util.concurrent.LinkedBlockingQueue.poll(LinkedBlockingQueue.java:460)
        at app//org.apache.hadoop.ipc.CallQueueManager.take(CallQueueManager.java:370)
        at app//org.apache.hadoop.ipc.Server$Handler.run(Server.java:3165)
"IPC Server handler 10 on default port 15000" daemon prio=5 tid=95 timed_waiting
java.lang.Thread.State: TIMED_WAITING
        at java.base@17.0.13/jdk.internal.misc.Unsafe.park(Native Method)
        at java.base@17.0.13/java.util.concurrent.locks.LockSupport.parkNanos(LockSupport.java:252)
        at java.base@17.0.13/java.util.concurrent.locks.AbstractQueuedSynchronizer$ConditionObject.awaitNanos(AbstractQueuedSynchronizer.java:1679)
        at java.base@17.0.13/java.util.concurrent.LinkedBlockingQueue.poll(LinkedBlockingQueue.java:460)
        at app//org.apache.hadoop.ipc.CallQueueManager.take(CallQueueManager.java:370)
        at app//org.apache.hadoop.ipc.Server$Handler.run(Server.java:3165)
"Socket Reader #5 for port 15046"  prio=5 tid=681 runnable
java.lang.Thread.State: RUNNABLE
        at java.base@17.0.13/sun.nio.ch.EPoll.wait(Native Method)
        at java.base@17.0.13/sun.nio.ch.EPollSelectorImpl.doSelect(EPollSelectorImpl.java:118)
        at java.base@17.0.13/sun.nio.ch.SelectorImpl.lockAndDoSelect(SelectorImpl.java:129)
        at java.base@17.0.13/sun.nio.ch.SelectorImpl.select(SelectorImpl.java:146)
        at app//org.apache.hadoop.ipc.Server$Listener$Reader.doRunLoop(Server.java:1497)
        at app//org.apache.hadoop.ipc.Server$Listener$Reader.run(Server.java:1476)
"StaleRecoveringContainerScrubbingService#1" daemon prio=5 tid=763 in Object.wait()
java.lang.Thread.State: WAITING (on object monitor)
        at java.base@17.0.13/jdk.internal.misc.Unsafe.park(Native Method)
        at java.base@17.0.13/java.util.concurrent.locks.LockSupport.park(LockSupport.java:341)
        at java.base@17.0.13/java.util.concurrent.locks.AbstractQueuedSynchronizer$ConditionNode.block(AbstractQueuedSynchronizer.java:506)
        at java.base@17.0.13/java.util.concurrent.ForkJoinPool.unmanagedBlock(ForkJoinPool.java:3465)
        at java.base@17.0.13/java.util.concurrent.ForkJoinPool.managedBlock(ForkJoinPool.java:3436)
        at java.base@17.0.13/java.util.concurrent.locks.AbstractQueuedSynchronizer$ConditionObject.await(AbstractQueuedSynchronizer.java:1630)
        at java.base@17.0.13/java.util.concurrent.ScheduledThreadPoolExecutor$DelayedWorkQueue.take(ScheduledThreadPoolExecutor.java:1177)
        at java.base@17.0.13/java.util.concurrent.ScheduledThreadPoolExecutor$DelayedWorkQueue.take(ScheduledThreadPoolExecutor.java:899)
        at java.base@17.0.13/java.util.concurrent.ThreadPoolExecutor.getTask(ThreadPoolExecutor.java:1062)
        at java.base@17.0.13/java.util.concurrent.ThreadPoolExecutor.runWorker(ThreadPoolExecutor.java:1122)
        at java.base@17.0.13/java.util.concurrent.ThreadPoolExecutor$Worker.run(ThreadPoolExecutor.java:635)
        at java.base@17.0.13/java.lang.Thread.run(Thread.java:840)
"IPC Server handler 46 on default port 15000" daemon prio=5 tid=131 timed_waiting
java.lang.Thread.State: TIMED_WAITING
        at java.base@17.0.13/jdk.internal.misc.Unsafe.park(Native Method)
        at java.base@17.0.13/java.util.concurrent.locks.LockSupport.parkNanos(LockSupport.java:252)
        at java.base@17.0.13/java.util.concurrent.locks.AbstractQueuedSynchronizer$ConditionObject.awaitNanos(AbstractQueuedSynchronizer.java:1679)
        at java.base@17.0.13/java.util.concurrent.LinkedBlockingQueue.poll(LinkedBlockingQueue.java:460)
        at app//org.apache.hadoop.ipc.CallQueueManager.take(CallQueueManager.java:370)
        at app//org.apache.hadoop.ipc.Server$Handler.run(Server.java:3165)
"IPC Server listener on 15028" daemon prio=5 tid=584 runnable
java.lang.Thread.State: RUNNABLE
        at java.base@17.0.13/sun.nio.ch.EPoll.wait(Native Method)
        at java.base@17.0.13/sun.nio.ch.EPollSelectorImpl.doSelect(EPollSelectorImpl.java:118)
        at java.base@17.0.13/sun.nio.ch.SelectorImpl.lockAndDoSelect(SelectorImpl.java:129)
        at java.base@17.0.13/sun.nio.ch.SelectorImpl.select(SelectorImpl.java:146)
        at app//org.apache.hadoop.ipc.Server$Listener.run(Server.java:1559)
"Hadoop-Metrics-Updater-0" daemon prio=5 tid=597 timed_waiting
java.lang.Thread.State: TIMED_WAITING
        at java.base@17.0.13/jdk.internal.misc.Unsafe.park(Native Method)
        at java.base@17.0.13/java.util.concurrent.locks.LockSupport.parkNanos(LockSupport.java:252)
        at java.base@17.0.13/java.util.concurrent.locks.AbstractQueuedSynchronizer$ConditionObject.awaitNanos(AbstractQueuedSynchronizer.java:1679)
        at java.base@17.0.13/java.util.concurrent.ScheduledThreadPoolExecutor$DelayedWorkQueue.take(ScheduledThreadPoolExecutor.java:1182)
        at java.base@17.0.13/java.util.concurrent.ScheduledThreadPoolExecutor$DelayedWorkQueue.take(ScheduledThreadPoolExecutor.java:899)
        at java.base@17.0.13/java.util.concurrent.ThreadPoolExecutor.getTask(ThreadPoolExecutor.java:1062)
        at java.base@17.0.13/java.util.concurrent.ThreadPoolExecutor.runWorker(ThreadPoolExecutor.java:1122)
        at java.base@17.0.13/java.util.concurrent.ThreadPoolExecutor$Worker.run(ThreadPoolExecutor.java:635)
        at java.base@17.0.13/java.lang.Thread.run(Thread.java:840)
"22bda68c-b64b-4e26-a6f3-14a354ca4fb6-groupManagement"  prio=5 tid=894 in Object.wait()
java.lang.Thread.State: WAITING (on object monitor)
        at java.base@17.0.13/jdk.internal.misc.Unsafe.park(Native Method)
        at java.base@17.0.13/java.util.concurrent.locks.LockSupport.park(LockSupport.java:341)
        at java.base@17.0.13/java.util.concurrent.locks.AbstractQueuedSynchronizer$ConditionNode.block(AbstractQueuedSynchronizer.java:506)
        at java.base@17.0.13/java.util.concurrent.ForkJoinPool.unmanagedBlock(ForkJoinPool.java:3465)
        at java.base@17.0.13/java.util.concurrent.ForkJoinPool.managedBlock(ForkJoinPool.java:3436)
        at java.base@17.0.13/java.util.concurrent.locks.AbstractQueuedSynchronizer$ConditionObject.await(AbstractQueuedSynchronizer.java:1630)
        at java.base@17.0.13/java.util.concurrent.LinkedBlockingQueue.take(LinkedBlockingQueue.java:435)
        at java.base@17.0.13/java.util.concurrent.ThreadPoolExecutor.getTask(ThreadPoolExecutor.java:1062)
        at java.base@17.0.13/java.util.concurrent.ThreadPoolExecutor.runWorker(ThreadPoolExecutor.java:1122)
        at java.base@17.0.13/java.util.concurrent.ThreadPoolExecutor$Worker.run(ThreadPoolExecutor.java:635)
        at java.base@17.0.13/java.lang.Thread.run(Thread.java:840)
"Notification Thread" daemon prio=9 tid=13 runnable
java.lang.Thread.State: RUNNABLE
"IPC Server handler 11 on default port 15004" daemon prio=5 tid=463 timed_waiting
java.lang.Thread.State: TIMED_WAITING
        at java.base@17.0.13/jdk.internal.misc.Unsafe.park(Native Method)
        at java.base@17.0.13/java.util.concurrent.locks.LockSupport.parkNanos(LockSupport.java:252)
        at java.base@17.0.13/java.util.concurrent.locks.AbstractQueuedSynchronizer$ConditionObject.awaitNanos(AbstractQueuedSynchronizer.java:1679)
        at java.base@17.0.13/java.util.concurrent.LinkedBlockingQueue.poll(LinkedBlockingQueue.java:460)
        at app//org.apache.hadoop.ipc.CallQueueManager.take(CallQueueManager.java:370)
        at app//org.apache.hadoop.ipc.Server$Handler.run(Server.java:3165)
"82107b5c-a456-4cce-866c-b79ad2953fda-ChunkReader-ELG-0" daemon prio=5 tid=777 runnable
java.lang.Thread.State: RUNNABLE
        at app//org.apache.ratis.thirdparty.io.netty.channel.epoll.Native.epollWait(Native Method)
        at app//org.apache.ratis.thirdparty.io.netty.channel.epoll.Native.epollWait(Native.java:220)
        at app//org.apache.ratis.thirdparty.io.netty.channel.epoll.Native.epollWait(Native.java:213)
        at app//org.apache.ratis.thirdparty.io.netty.channel.epoll.EpollEventLoop.epollWaitNoTimerChange(EpollEventLoop.java:308)
        at app//org.apache.ratis.thirdparty.io.netty.channel.epoll.EpollEventLoop.run(EpollEventLoop.java:365)
        at app//org.apache.ratis.thirdparty.io.netty.util.concurrent.SingleThreadEventExecutor$4.run(SingleThreadEventExecutor.java:997)
        at app//org.apache.ratis.thirdparty.io.netty.util.internal.ThreadExecutorMap$2.run(ThreadExecutorMap.java:74)
        at java.base@17.0.13/java.lang.Thread.run(Thread.java:840)
"Socket Reader #6 for port 15001"  prio=5 tid=52 runnable
java.lang.Thread.State: RUNNABLE
        at java.base@17.0.13/sun.nio.ch.EPoll.wait(Native Method)
        at java.base@17.0.13/sun.nio.ch.EPollSelectorImpl.doSelect(EPollSelectorImpl.java:118)
        at java.base@17.0.13/sun.nio.ch.SelectorImpl.lockAndDoSelect(SelectorImpl.java:129)
        at java.base@17.0.13/sun.nio.ch.SelectorImpl.select(SelectorImpl.java:146)
        at app//org.apache.hadoop.ipc.Server$Listener$Reader.doRunLoop(Server.java:1497)
        at app//org.apache.hadoop.ipc.Server$Listener$Reader.run(Server.java:1476)
"IPC Server handler 47 on default port 15001" daemon prio=5 tid=232 timed_waiting
java.lang.Thread.State: TIMED_WAITING
        at java.base@17.0.13/jdk.internal.misc.Unsafe.park(Native Method)
        at java.base@17.0.13/java.util.concurrent.locks.LockSupport.parkNanos(LockSupport.java:252)
        at java.base@17.0.13/java.util.concurrent.locks.AbstractQueuedSynchronizer$ConditionObject.awaitNanos(AbstractQueuedSynchronizer.java:1679)
        at java.base@17.0.13/java.util.concurrent.LinkedBlockingQueue.poll(LinkedBlockingQueue.java:460)
        at app//org.apache.hadoop.ipc.CallQueueManager.take(CallQueueManager.java:370)
        at app//org.apache.hadoop.ipc.Server$Handler.run(Server.java:3165)
"org.apache.hadoop.ozone.container.common.statemachine.commandhandler.DeleteBlocksCommandHandler$DeleteCmdWorker@253e74c2" daemon prio=5 tid=619 timed_waiting
java.lang.Thread.State: TIMED_WAITING
        at java.base@17.0.13/java.lang.Thread.sleep(Native Method)
        at app//org.apache.hadoop.ozone.container.common.statemachine.commandhandler.DeleteBlocksCommandHandler$DeleteCmdWorker.run(DeleteBlocksCommandHandler.java:264)
        at java.base@17.0.13/java.lang.Thread.run(Thread.java:840)
"qtp801388009-393" daemon prio=5 tid=393 timed_waiting
java.lang.Thread.State: TIMED_WAITING
        at java.base@17.0.13/jdk.internal.misc.Unsafe.park(Native Method)
        at java.base@17.0.13/java.util.concurrent.locks.LockSupport.parkNanos(LockSupport.java:252)
        at java.base@17.0.13/java.util.concurrent.locks.AbstractQueuedSynchronizer$ConditionObject.awaitNanos(AbstractQueuedSynchronizer.java:1679)
        at app//org.eclipse.jetty.util.BlockingArrayQueue.poll(BlockingArrayQueue.java:382)
        at app//org.eclipse.jetty.util.thread.QueuedThreadPool$Runner.idleJobPoll(QueuedThreadPool.java:974)
        at app//org.eclipse.jetty.util.thread.QueuedThreadPool$Runner.run(QueuedThreadPool.java:1018)
        at java.base@17.0.13/java.lang.Thread.run(Thread.java:840)
"IPC Server handler 61 on default port 15001" daemon prio=5 tid=246 timed_waiting
java.lang.Thread.State: TIMED_WAITING
        at java.base@17.0.13/jdk.internal.misc.Unsafe.park(Native Method)
        at java.base@17.0.13/java.util.concurrent.locks.LockSupport.parkNanos(LockSupport.java:252)
        at java.base@17.0.13/java.util.concurrent.locks.AbstractQueuedSynchronizer$ConditionObject.awaitNanos(AbstractQueuedSynchronizer.java:1679)
        at java.base@17.0.13/java.util.concurrent.LinkedBlockingQueue.poll(LinkedBlockingQueue.java:460)
        at app//org.apache.hadoop.ipc.CallQueueManager.take(CallQueueManager.java:370)
        at app//org.apache.hadoop.ipc.Server$Handler.run(Server.java:3165)
"ContainerDataScanner(/home/runner/work/ozone/ozone/hadoop-ozone/integration-test/target/test-dir/MiniOzoneClusterImpl-61f21677-568d-49d7-a2ee-8a05247fe249/ozone-meta/datanode-3/data-0/hdds)" daemon prio=5 tid=753 timed_waiting
java.lang.Thread.State: TIMED_WAITING
        at java.base@17.0.13/java.lang.Thread.sleep(Native Method)
        at app//org.apache.hadoop.ozone.container.ozoneimpl.AbstractBackgroundContainerScanner.handleRemainingSleep(AbstractBackgroundContainerScanner.java:131)
        at app//org.apache.hadoop.ozone.container.ozoneimpl.AbstractBackgroundContainerScanner.runIteration(AbstractBackgroundContainerScanner.java:98)
        at app//org.apache.hadoop.ozone.container.ozoneimpl.AbstractBackgroundContainerScanner.run(AbstractBackgroundContainerScanner.java:57)
"IPC Server handler 0 on default port 15000" daemon prio=5 tid=85 timed_waiting
java.lang.Thread.State: TIMED_WAITING
        at java.base@17.0.13/jdk.internal.misc.Unsafe.park(Native Method)
        at java.base@17.0.13/java.util.concurrent.locks.LockSupport.parkNanos(LockSupport.java:252)
        at java.base@17.0.13/java.util.concurrent.locks.AbstractQueuedSynchronizer$ConditionObject.awaitNanos(AbstractQueuedSynchronizer.java:1679)
        at java.base@17.0.13/java.util.concurrent.LinkedBlockingQueue.poll(LinkedBlockingQueue.java:460)
        at app//org.apache.hadoop.ipc.CallQueueManager.take(CallQueueManager.java:370)
        at app//org.apache.hadoop.ipc.Server$Handler.run(Server.java:3165)
"IPC Server handler 37 on default port 15002" daemon prio=5 tid=322 timed_waiting
java.lang.Thread.State: TIMED_WAITING
        at java.base@17.0.13/jdk.internal.misc.Unsafe.park(Native Method)
        at java.base@17.0.13/java.util.concurrent.locks.LockSupport.parkNanos(LockSupport.java:252)
        at java.base@17.0.13/java.util.concurrent.locks.AbstractQueuedSynchronizer$ConditionObject.awaitNanos(AbstractQueuedSynchronizer.java:1679)
        at java.base@17.0.13/java.util.concurrent.LinkedBlockingQueue.poll(LinkedBlockingQueue.java:460)
        at app//org.apache.hadoop.ipc.CallQueueManager.take(CallQueueManager.java:370)
        at app//org.apache.hadoop.ipc.Server$Handler.run(Server.java:3165)
"82107b5c-a456-4cce-866c-b79ad2953fda-DatanodeReportManager-2" daemon prio=5 tid=657 in Object.wait()
java.lang.Thread.State: WAITING (on object monitor)
        at java.base@17.0.13/jdk.internal.misc.Unsafe.park(Native Method)
        at java.base@17.0.13/java.util.concurrent.locks.LockSupport.park(LockSupport.java:341)
        at java.base@17.0.13/java.util.concurrent.locks.AbstractQueuedSynchronizer$ConditionNode.block(AbstractQueuedSynchronizer.java:506)
        at java.base@17.0.13/java.util.concurrent.ForkJoinPool.unmanagedBlock(ForkJoinPool.java:3465)
        at java.base@17.0.13/java.util.concurrent.ForkJoinPool.managedBlock(ForkJoinPool.java:3436)
        at java.base@17.0.13/java.util.concurrent.locks.AbstractQueuedSynchronizer$ConditionObject.await(AbstractQueuedSynchronizer.java:1630)
        at java.base@17.0.13/java.util.concurrent.ScheduledThreadPoolExecutor$DelayedWorkQueue.take(ScheduledThreadPoolExecutor.java:1177)
        at java.base@17.0.13/java.util.concurrent.ScheduledThreadPoolExecutor$DelayedWorkQueue.take(ScheduledThreadPoolExecutor.java:899)
        at java.base@17.0.13/java.util.concurrent.ThreadPoolExecutor.getTask(ThreadPoolExecutor.java:1062)
        at java.base@17.0.13/java.util.concurrent.ThreadPoolExecutor.runWorker(ThreadPoolExecutor.java:1122)
        at java.base@17.0.13/java.util.concurrent.ThreadPoolExecutor$Worker.run(ThreadPoolExecutor.java:635)
        at java.base@17.0.13/java.lang.Thread.run(Thread.java:840)
"82107b5c-a456-4cce-866c-b79ad2953fda-DataNodeDiskCheckerThread-0" daemon prio=5 tid=768 timed_waiting
java.lang.Thread.State: TIMED_WAITING
        at java.base@17.0.13/jdk.internal.misc.Unsafe.park(Native Method)
        at java.base@17.0.13/java.util.concurrent.locks.LockSupport.parkNanos(LockSupport.java:252)
        at java.base@17.0.13/java.util.concurrent.SynchronousQueue$TransferStack.transfer(SynchronousQueue.java:401)
        at java.base@17.0.13/java.util.concurrent.SynchronousQueue.poll(SynchronousQueue.java:903)
        at java.base@17.0.13/java.util.concurrent.ThreadPoolExecutor.getTask(ThreadPoolExecutor.java:1061)
        at java.base@17.0.13/java.util.concurrent.ThreadPoolExecutor.runWorker(ThreadPoolExecutor.java:1122)
        at java.base@17.0.13/java.util.concurrent.ThreadPoolExecutor$Worker.run(ThreadPoolExecutor.java:635)
        at java.base@17.0.13/java.lang.Thread.run(Thread.java:840)
"IPC Server handler 78 on default port 15002" daemon prio=5 tid=363 timed_waiting
java.lang.Thread.State: TIMED_WAITING
        at java.base@17.0.13/jdk.internal.misc.Unsafe.park(Native Method)
        at java.base@17.0.13/java.util.concurrent.locks.LockSupport.parkNanos(LockSupport.java:252)
        at java.base@17.0.13/java.util.concurrent.locks.AbstractQueuedSynchronizer$ConditionObject.awaitNanos(AbstractQueuedSynchronizer.java:1679)
        at java.base@17.0.13/java.util.concurrent.LinkedBlockingQueue.poll(LinkedBlockingQueue.java:460)
        at app//org.apache.hadoop.ipc.CallQueueManager.take(CallQueueManager.java:370)
        at app//org.apache.hadoop.ipc.Server$Handler.run(Server.java:3165)
"timer2" daemon prio=5 tid=923 timed_waiting
java.lang.Thread.State: TIMED_WAITING
        at java.base@17.0.13/java.lang.Object.wait(Native Method)
        at java.base@17.0.13/java.util.TimerThread.mainLoop(Timer.java:563)
        at java.base@17.0.13/java.util.TimerThread.run(Timer.java:516)
"82107b5c-a456-4cce-866c-b79ad2953fda-BlockDeletingService#1" daemon prio=5 tid=781 in Object.wait()
java.lang.Thread.State: WAITING (on object monitor)
        at java.base@17.0.13/jdk.internal.misc.Unsafe.park(Native Method)
        at java.base@17.0.13/java.util.concurrent.locks.LockSupport.park(LockSupport.java:341)
        at java.base@17.0.13/java.util.concurrent.locks.AbstractQueuedSynchronizer$ConditionNode.block(AbstractQueuedSynchronizer.java:506)
        at java.base@17.0.13/java.util.concurrent.ForkJoinPool.unmanagedBlock(ForkJoinPool.java:3465)
        at java.base@17.0.13/java.util.concurrent.ForkJoinPool.managedBlock(ForkJoinPool.java:3436)
        at java.base@17.0.13/java.util.concurrent.locks.AbstractQueuedSynchronizer$ConditionObject.await(AbstractQueuedSynchronizer.java:1630)
        at java.base@17.0.13/java.util.concurrent.ScheduledThreadPoolExecutor$DelayedWorkQueue.take(ScheduledThreadPoolExecutor.java:1177)
        at java.base@17.0.13/java.util.concurrent.ScheduledThreadPoolExecutor$DelayedWorkQueue.take(ScheduledThreadPoolExecutor.java:899)
        at java.base@17.0.13/java.util.concurrent.ThreadPoolExecutor.getTask(ThreadPoolExecutor.java:1062)
        at java.base@17.0.13/java.util.concurrent.ThreadPoolExecutor.runWorker(ThreadPoolExecutor.java:1122)
        at java.base@17.0.13/java.util.concurrent.ThreadPoolExecutor$Worker.run(ThreadPoolExecutor.java:635)
        at java.base@17.0.13/java.lang.Thread.run(Thread.java:840)
"IPC Server handler 27 on default port 15002" daemon prio=5 tid=312 timed_waiting
java.lang.Thread.State: TIMED_WAITING
        at java.base@17.0.13/jdk.internal.misc.Unsafe.park(Native Method)
        at java.base@17.0.13/java.util.concurrent.locks.LockSupport.parkNanos(LockSupport.java:252)
        at java.base@17.0.13/java.util.concurrent.locks.AbstractQueuedSynchronizer$ConditionObject.awaitNanos(AbstractQueuedSynchronizer.java:1679)
        at java.base@17.0.13/java.util.concurrent.LinkedBlockingQueue.poll(LinkedBlockingQueue.java:460)
        at app//org.apache.hadoop.ipc.CallQueueManager.take(CallQueueManager.java:370)
        at app//org.apache.hadoop.ipc.Server$Handler.run(Server.java:3165)
"IPC Server handler 68 on default port 15001" daemon prio=5 tid=253 timed_waiting
java.lang.Thread.State: TIMED_WAITING
        at java.base@17.0.13/jdk.internal.misc.Unsafe.park(Native Method)
        at java.base@17.0.13/java.util.concurrent.locks.LockSupport.parkNanos(LockSupport.java:252)
        at java.base@17.0.13/java.util.concurrent.locks.AbstractQueuedSynchronizer$ConditionObject.awaitNanos(AbstractQueuedSynchronizer.java:1679)
        at java.base@17.0.13/java.util.concurrent.LinkedBlockingQueue.poll(LinkedBlockingQueue.java:460)
        at app//org.apache.hadoop.ipc.CallQueueManager.take(CallQueueManager.java:370)
        at app//org.apache.hadoop.ipc.Server$Handler.run(Server.java:3165)
"Session-HouseKeeper-5b58b11f-1"  prio=5 tid=451 timed_waiting
java.lang.Thread.State: TIMED_WAITING
        at java.base@17.0.13/jdk.internal.misc.Unsafe.park(Native Method)
        at java.base@17.0.13/java.util.concurrent.locks.LockSupport.parkNanos(LockSupport.java:252)
        at java.base@17.0.13/java.util.concurrent.locks.AbstractQueuedSynchronizer$ConditionObject.awaitNanos(AbstractQueuedSynchronizer.java:1679)
        at java.base@17.0.13/java.util.concurrent.ScheduledThreadPoolExecutor$DelayedWorkQueue.take(ScheduledThreadPoolExecutor.java:1182)
        at java.base@17.0.13/java.util.concurrent.ScheduledThreadPoolExecutor$DelayedWorkQueue.take(ScheduledThreadPoolExecutor.java:899)
        at java.base@17.0.13/java.util.concurrent.ThreadPoolExecutor.getTask(ThreadPoolExecutor.java:1062)
        at java.base@17.0.13/java.util.concurrent.ThreadPoolExecutor.runWorker(ThreadPoolExecutor.java:1122)
        at java.base@17.0.13/java.util.concurrent.ThreadPoolExecutor$Worker.run(ThreadPoolExecutor.java:635)
        at java.base@17.0.13/java.lang.Thread.run(Thread.java:840)
"FixedThreadPoolWithAffinityExecutor-5-0" daemon prio=5 tid=79 timed_waiting
java.lang.Thread.State: TIMED_WAITING
        at java.base@17.0.13/jdk.internal.misc.Unsafe.park(Native Method)
        at java.base@17.0.13/java.util.concurrent.locks.LockSupport.parkNanos(LockSupport.java:252)
        at java.base@17.0.13/java.util.concurrent.locks.AbstractQueuedSynchronizer$ConditionObject.awaitNanos(AbstractQueuedSynchronizer.java:1679)
        at java.base@17.0.13/java.util.concurrent.LinkedBlockingQueue.poll(LinkedBlockingQueue.java:460)
        at app//org.apache.hadoop.hdds.scm.server.ContainerReportQueue.poll(ContainerReportQueue.java:269)
        at app//org.apache.hadoop.hdds.scm.server.ContainerReportQueue.poll(ContainerReportQueue.java:42)
        at app//org.apache.hadoop.hdds.server.events.FixedThreadPoolWithAffinityExecutor$ContainerReportProcessTask.run(FixedThreadPoolWithAffinityExecutor.java:253)
        at java.base@17.0.13/java.util.concurrent.Executors$RunnableAdapter.call(Executors.java:539)
        at java.base@17.0.13/java.util.concurrent.FutureTask.run(FutureTask.java:264)
        at java.base@17.0.13/java.util.concurrent.ThreadPoolExecutor.runWorker(ThreadPoolExecutor.java:1136)
        at java.base@17.0.13/java.util.concurrent.ThreadPoolExecutor$Worker.run(ThreadPoolExecutor.java:635)
        at java.base@17.0.13/java.lang.Thread.run(Thread.java:840)
"IPC Server handler 16 on default port 15004" daemon prio=5 tid=468 timed_waiting
java.lang.Thread.State: TIMED_WAITING
        at java.base@17.0.13/jdk.internal.misc.Unsafe.park(Native Method)
        at java.base@17.0.13/java.util.concurrent.locks.LockSupport.parkNanos(LockSupport.java:252)
        at java.base@17.0.13/java.util.concurrent.locks.AbstractQueuedSynchronizer$ConditionObject.awaitNanos(AbstractQueuedSynchronizer.java:1679)
        at java.base@17.0.13/java.util.concurrent.LinkedBlockingQueue.poll(LinkedBlockingQueue.java:460)
        at app//org.apache.hadoop.ipc.CallQueueManager.take(CallQueueManager.java:370)
        at app//org.apache.hadoop.ipc.Server$Handler.run(Server.java:3165)
"process reaper" daemon prio=10 tid=472 timed_waiting
java.lang.Thread.State: TIMED_WAITING
        at java.base@17.0.13/jdk.internal.misc.Unsafe.park(Native Method)
        at java.base@17.0.13/java.util.concurrent.locks.LockSupport.parkNanos(LockSupport.java:252)
        at java.base@17.0.13/java.util.concurrent.SynchronousQueue$TransferStack.transfer(SynchronousQueue.java:401)
        at java.base@17.0.13/java.util.concurrent.SynchronousQueue.poll(SynchronousQueue.java:903)
        at java.base@17.0.13/java.util.concurrent.ThreadPoolExecutor.getTask(ThreadPoolExecutor.java:1061)
        at java.base@17.0.13/java.util.concurrent.ThreadPoolExecutor.runWorker(ThreadPoolExecutor.java:1122)
        at java.base@17.0.13/java.util.concurrent.ThreadPoolExecutor$Worker.run(ThreadPoolExecutor.java:635)
        at java.base@17.0.13/java.lang.Thread.run(Thread.java:840)
"Socket Reader #3 for port 15046"  prio=5 tid=679 runnable
java.lang.Thread.State: RUNNABLE
        at java.base@17.0.13/sun.nio.ch.EPoll.wait(Native Method)
        at java.base@17.0.13/sun.nio.ch.EPollSelectorImpl.doSelect(EPollSelectorImpl.java:118)
        at java.base@17.0.13/sun.nio.ch.SelectorImpl.lockAndDoSelect(SelectorImpl.java:129)
        at java.base@17.0.13/sun.nio.ch.SelectorImpl.select(SelectorImpl.java:146)
        at app//org.apache.hadoop.ipc.Server$Listener$Reader.doRunLoop(Server.java:1497)
        at app//org.apache.hadoop.ipc.Server$Listener$Reader.run(Server.java:1476)
"IPC Server handler 4 on default port 15001" daemon prio=5 tid=189 timed_waiting
java.lang.Thread.State: TIMED_WAITING
        at java.base@17.0.13/jdk.internal.misc.Unsafe.park(Native Method)
        at java.base@17.0.13/java.util.concurrent.locks.LockSupport.parkNanos(LockSupport.java:252)
        at java.base@17.0.13/java.util.concurrent.locks.AbstractQueuedSynchronizer$ConditionObject.awaitNanos(AbstractQueuedSynchronizer.java:1679)
        at java.base@17.0.13/java.util.concurrent.LinkedBlockingQueue.poll(LinkedBlockingQueue.java:460)
        at app//org.apache.hadoop.ipc.CallQueueManager.take(CallQueueManager.java:370)
        at app//org.apache.hadoop.ipc.Server$Handler.run(Server.java:3165)
"IPC Server handler 62 on default port 15000" daemon prio=5 tid=147 timed_waiting
java.lang.Thread.State: TIMED_WAITING
        at java.base@17.0.13/jdk.internal.misc.Unsafe.park(Native Method)
        at java.base@17.0.13/java.util.concurrent.locks.LockSupport.parkNanos(LockSupport.java:252)
        at java.base@17.0.13/java.util.concurrent.locks.AbstractQueuedSynchronizer$ConditionObject.awaitNanos(AbstractQueuedSynchronizer.java:1679)
        at java.base@17.0.13/java.util.concurrent.LinkedBlockingQueue.poll(LinkedBlockingQueue.java:460)
        at app//org.apache.hadoop.ipc.CallQueueManager.take(CallQueueManager.java:370)
        at app//org.apache.hadoop.ipc.Server$Handler.run(Server.java:3165)
"82107b5c-a456-4cce-866c-b79ad2953fda-PipelineCommandHandlerThread-0"  prio=5 tid=887 in Object.wait()
java.lang.Thread.State: WAITING (on object monitor)
        at java.base@17.0.13/jdk.internal.misc.Unsafe.park(Native Method)
        at java.base@17.0.13/java.util.concurrent.locks.LockSupport.park(LockSupport.java:341)
        at java.base@17.0.13/java.util.concurrent.locks.AbstractQueuedSynchronizer$ConditionNode.block(AbstractQueuedSynchronizer.java:506)
        at java.base@17.0.13/java.util.concurrent.ForkJoinPool.unmanagedBlock(ForkJoinPool.java:3465)
        at java.base@17.0.13/java.util.concurrent.ForkJoinPool.managedBlock(ForkJoinPool.java:3436)
        at java.base@17.0.13/java.util.concurrent.locks.AbstractQueuedSynchronizer$ConditionObject.await(AbstractQueuedSynchronizer.java:1630)
        at java.base@17.0.13/java.util.concurrent.LinkedBlockingQueue.take(LinkedBlockingQueue.java:435)
        at java.base@17.0.13/java.util.concurrent.ThreadPoolExecutor.getTask(ThreadPoolExecutor.java:1062)
        at java.base@17.0.13/java.util.concurrent.ThreadPoolExecutor.runWorker(ThreadPoolExecutor.java:1122)
        at java.base@17.0.13/java.util.concurrent.ThreadPoolExecutor$Worker.run(ThreadPoolExecutor.java:635)
        at java.base@17.0.13/java.lang.Thread.run(Thread.java:840)
"IPC Server handler 96 on default port 15002" daemon prio=5 tid=381 timed_waiting
java.lang.Thread.State: TIMED_WAITING
        at java.base@17.0.13/jdk.internal.misc.Unsafe.park(Native Method)
        at java.base@17.0.13/java.util.concurrent.locks.LockSupport.parkNanos(LockSupport.java:252)
        at java.base@17.0.13/java.util.concurrent.locks.AbstractQueuedSynchronizer$ConditionObject.awaitNanos(AbstractQueuedSynchronizer.java:1679)
        at java.base@17.0.13/java.util.concurrent.LinkedBlockingQueue.poll(LinkedBlockingQueue.java:460)
        at app//org.apache.hadoop.ipc.CallQueueManager.take(CallQueueManager.java:370)
        at app//org.apache.hadoop.ipc.Server$Handler.run(Server.java:3165)
"IPC Server handler 2 on default port 15001" daemon prio=5 tid=187 timed_waiting
java.lang.Thread.State: TIMED_WAITING
        at java.base@17.0.13/jdk.internal.misc.Unsafe.park(Native Method)
        at java.base@17.0.13/java.util.concurrent.locks.LockSupport.parkNanos(LockSupport.java:252)
        at java.base@17.0.13/java.util.concurrent.locks.AbstractQueuedSynchronizer$ConditionObject.awaitNanos(AbstractQueuedSynchronizer.java:1679)
        at java.base@17.0.13/java.util.concurrent.LinkedBlockingQueue.poll(LinkedBlockingQueue.java:460)
        at app//org.apache.hadoop.ipc.CallQueueManager.take(CallQueueManager.java:370)
        at app//org.apache.hadoop.ipc.Server$Handler.run(Server.java:3165)
"IPC Server idle connection scanner for port 15000" daemon prio=5 tid=71 timed_waiting
java.lang.Thread.State: TIMED_WAITING
        at java.base@17.0.13/java.lang.Object.wait(Native Method)
        at java.base@17.0.13/java.util.TimerThread.mainLoop(Timer.java:563)
        at java.base@17.0.13/java.util.TimerThread.run(Timer.java:516)
"IPC Server handler 36 on default port 15001" daemon prio=5 tid=221 timed_waiting
java.lang.Thread.State: TIMED_WAITING
        at java.base@17.0.13/jdk.internal.misc.Unsafe.park(Native Method)
        at java.base@17.0.13/java.util.concurrent.locks.LockSupport.parkNanos(LockSupport.java:252)
        at java.base@17.0.13/java.util.concurrent.locks.AbstractQueuedSynchronizer$ConditionObject.awaitNanos(AbstractQueuedSynchronizer.java:1679)
        at java.base@17.0.13/java.util.concurrent.LinkedBlockingQueue.poll(LinkedBlockingQueue.java:460)
        at app//org.apache.hadoop.ipc.CallQueueManager.take(CallQueueManager.java:370)
        at app//org.apache.hadoop.ipc.Server$Handler.run(Server.java:3165)
"IPC Server handler 6 on default port 15004" daemon prio=5 tid=458 timed_waiting
java.lang.Thread.State: TIMED_WAITING
        at java.base@17.0.13/jdk.internal.misc.Unsafe.park(Native Method)
        at java.base@17.0.13/java.util.concurrent.locks.LockSupport.parkNanos(LockSupport.java:252)
        at java.base@17.0.13/java.util.concurrent.locks.AbstractQueuedSynchronizer$ConditionObject.awaitNanos(AbstractQueuedSynchronizer.java:1679)
        at java.base@17.0.13/java.util.concurrent.LinkedBlockingQueue.poll(LinkedBlockingQueue.java:460)
        at app//org.apache.hadoop.ipc.CallQueueManager.take(CallQueueManager.java:370)
        at app//org.apache.hadoop.ipc.Server$Handler.run(Server.java:3165)
"ForkJoinPool.commonPool-worker-2" daemon prio=5 tid=22 in Object.wait()
java.lang.Thread.State: WAITING (on object monitor)
        at java.base@17.0.13/jdk.internal.misc.Unsafe.park(Native Method)
        at java.base@17.0.13/java.util.concurrent.locks.LockSupport.park(LockSupport.java:341)
        at java.base@17.0.13/java.util.concurrent.ForkJoinPool.awaitWork(ForkJoinPool.java:1724)
        at java.base@17.0.13/java.util.concurrent.ForkJoinPool.runWorker(ForkJoinPool.java:1623)
        at java.base@17.0.13/java.util.concurrent.ForkJoinWorkerThread.run(ForkJoinWorkerThread.java:165)
"qtp856883246-445" daemon prio=5 tid=445 runnable
java.lang.Thread.State: RUNNABLE
        at java.base@17.0.13/sun.nio.ch.EPoll.wait(Native Method)
        at java.base@17.0.13/sun.nio.ch.EPollSelectorImpl.doSelect(EPollSelectorImpl.java:118)
        at java.base@17.0.13/sun.nio.ch.SelectorImpl.lockAndDoSelect(SelectorImpl.java:129)
        at java.base@17.0.13/sun.nio.ch.SelectorImpl.select(SelectorImpl.java:146)
        at app//org.eclipse.jetty.io.ManagedSelector.nioSelect(ManagedSelector.java:183)
        at app//org.eclipse.jetty.io.ManagedSelector.select(ManagedSelector.java:190)
        at app//org.eclipse.jetty.io.ManagedSelector$SelectorProducer.select(ManagedSelector.java:606)
        at app//org.eclipse.jetty.io.ManagedSelector$SelectorProducer.produce(ManagedSelector.java:543)
        at app//org.eclipse.jetty.util.thread.strategy.EatWhatYouKill.produceTask(EatWhatYouKill.java:362)
        at app//org.eclipse.jetty.util.thread.strategy.EatWhatYouKill.doProduce(EatWhatYouKill.java:186)
        at app//org.eclipse.jetty.util.thread.strategy.EatWhatYouKill.tryProduce(EatWhatYouKill.java:173)
        at app//org.eclipse.jetty.util.thread.strategy.EatWhatYouKill.produce(EatWhatYouKill.java:137)
        at app//org.eclipse.jetty.io.ManagedSelector$$Lambda$837/0x00007fa408547510.run(Unknown Source)
        at app//org.eclipse.jetty.util.thread.QueuedThreadPool.runJob(QueuedThreadPool.java:883)
        at app//org.eclipse.jetty.util.thread.QueuedThreadPool$Runner.run(QueuedThreadPool.java:1034)
        at java.base@17.0.13/java.lang.Thread.run(Thread.java:840)
"IPC Server idle connection scanner for port 15019" daemon prio=5 tid=549 timed_waiting
java.lang.Thread.State: TIMED_WAITING
        at java.base@17.0.13/java.lang.Object.wait(Native Method)
        at java.base@17.0.13/java.util.TimerThread.mainLoop(Timer.java:563)
        at java.base@17.0.13/java.util.TimerThread.run(Timer.java:516)
"82107b5c-a456-4cce-866c-b79ad2953fda-ChunkWriter-3-0" daemon prio=5 tid=775 in Object.wait()
java.lang.Thread.State: WAITING (on object monitor)
        at java.base@17.0.13/jdk.internal.misc.Unsafe.park(Native Method)
        at java.base@17.0.13/java.util.concurrent.locks.LockSupport.park(LockSupport.java:341)
        at java.base@17.0.13/java.util.concurrent.locks.AbstractQueuedSynchronizer$ConditionNode.block(AbstractQueuedSynchronizer.java:506)
        at java.base@17.0.13/java.util.concurrent.ForkJoinPool.unmanagedBlock(ForkJoinPool.java:3465)
        at java.base@17.0.13/java.util.concurrent.ForkJoinPool.managedBlock(ForkJoinPool.java:3436)
        at java.base@17.0.13/java.util.concurrent.locks.AbstractQueuedSynchronizer$ConditionObject.await(AbstractQueuedSynchronizer.java:1630)
        at java.base@17.0.13/java.util.concurrent.LinkedBlockingDeque.takeFirst(LinkedBlockingDeque.java:485)
        at java.base@17.0.13/java.util.concurrent.LinkedBlockingDeque.take(LinkedBlockingDeque.java:673)
        at java.base@17.0.13/java.util.concurrent.ThreadPoolExecutor.getTask(ThreadPoolExecutor.java:1062)
        at java.base@17.0.13/java.util.concurrent.ThreadPoolExecutor.runWorker(ThreadPoolExecutor.java:1122)
        at java.base@17.0.13/java.util.concurrent.ThreadPoolExecutor$Worker.run(ThreadPoolExecutor.java:635)
        at java.base@17.0.13/java.lang.Thread.run(Thread.java:840)
"ReplicationMonitor" daemon prio=5 tid=28 timed_waiting
java.lang.Thread.State: TIMED_WAITING
        at java.base@17.0.13/java.lang.Object.wait(Native Method)
        at app//org.apache.hadoop.hdds.scm.container.replication.ReplicationManager.run(ReplicationManager.java:934)
        at app//org.apache.hadoop.hdds.scm.container.replication.ReplicationManager$$Lambda$697/0x00007fa4083c4ea0.run(Unknown Source)
        at java.base@17.0.13/java.lang.Thread.run(Thread.java:840)
"Socket Reader #4 for port 15000"  prio=5 tid=64 runnable
java.lang.Thread.State: RUNNABLE
        at java.base@17.0.13/sun.nio.ch.EPoll.wait(Native Method)
        at java.base@17.0.13/sun.nio.ch.EPollSelectorImpl.doSelect(EPollSelectorImpl.java:118)
        at java.base@17.0.13/sun.nio.ch.SelectorImpl.lockAndDoSelect(SelectorImpl.java:129)
        at java.base@17.0.13/sun.nio.ch.SelectorImpl.select(SelectorImpl.java:146)
        at app//org.apache.hadoop.ipc.Server$Listener$Reader.doRunLoop(Server.java:1497)
        at app//org.apache.hadoop.ipc.Server$Listener$Reader.run(Server.java:1476)
"IPC Server handler 4 on default port 15046" daemon prio=5 tid=694 timed_waiting
java.lang.Thread.State: TIMED_WAITING
        at java.base@17.0.13/jdk.internal.misc.Unsafe.park(Native Method)
        at java.base@17.0.13/java.util.concurrent.locks.LockSupport.parkNanos(LockSupport.java:252)
        at java.base@17.0.13/java.util.concurrent.locks.AbstractQueuedSynchronizer$ConditionObject.awaitNanos(AbstractQueuedSynchronizer.java:1679)
        at java.base@17.0.13/java.util.concurrent.LinkedBlockingQueue.poll(LinkedBlockingQueue.java:460)
        at app//org.apache.hadoop.ipc.CallQueueManager.take(CallQueueManager.java:370)
        at app//org.apache.hadoop.ipc.Server$Handler.run(Server.java:3165)
"qtp1450456358-623" daemon prio=5 tid=623 timed_waiting
java.lang.Thread.State: TIMED_WAITING
        at java.base@17.0.13/jdk.internal.misc.Unsafe.park(Native Method)
        at java.base@17.0.13/java.util.concurrent.locks.LockSupport.parkNanos(LockSupport.java:252)
        at java.base@17.0.13/java.util.concurrent.locks.AbstractQueuedSynchronizer$ConditionObject.awaitNanos(AbstractQueuedSynchronizer.java:1679)
        at app//org.eclipse.jetty.util.BlockingArrayQueue.poll(BlockingArrayQueue.java:382)
        at app//org.eclipse.jetty.util.thread.QueuedThreadPool$Runner.idleJobPoll(QueuedThreadPool.java:974)
        at app//org.eclipse.jetty.util.thread.QueuedThreadPool$Runner.run(QueuedThreadPool.java:1018)
        at java.base@17.0.13/java.lang.Thread.run(Thread.java:840)
"82107b5c-a456-4cce-866c-b79ad2953fda-BlockDeletingService#0" daemon prio=5 tid=778 timed_waiting
java.lang.Thread.State: TIMED_WAITING
        at java.base@17.0.13/jdk.internal.misc.Unsafe.park(Native Method)
        at java.base@17.0.13/java.util.concurrent.locks.LockSupport.parkNanos(LockSupport.java:252)
        at java.base@17.0.13/java.util.concurrent.locks.AbstractQueuedSynchronizer$ConditionObject.awaitNanos(AbstractQueuedSynchronizer.java:1679)
        at java.base@17.0.13/java.util.concurrent.ScheduledThreadPoolExecutor$DelayedWorkQueue.take(ScheduledThreadPoolExecutor.java:1182)
        at java.base@17.0.13/java.util.concurrent.ScheduledThreadPoolExecutor$DelayedWorkQueue.take(ScheduledThreadPoolExecutor.java:899)
        at java.base@17.0.13/java.util.concurrent.ThreadPoolExecutor.getTask(ThreadPoolExecutor.java:1062)
        at java.base@17.0.13/java.util.concurrent.ThreadPoolExecutor.runWorker(ThreadPoolExecutor.java:1122)
        at java.base@17.0.13/java.util.concurrent.ThreadPoolExecutor$Worker.run(ThreadPoolExecutor.java:635)
        at java.base@17.0.13/java.lang.Thread.run(Thread.java:840)
"EventQueue-DatanodeCommandForSCMNodeManager"  prio=5 tid=805 in Object.wait()
java.lang.Thread.State: WAITING (on object monitor)
        at java.base@17.0.13/jdk.internal.misc.Unsafe.park(Native Method)
        at java.base@17.0.13/java.util.concurrent.locks.LockSupport.park(LockSupport.java:341)
        at java.base@17.0.13/java.util.concurrent.locks.AbstractQueuedSynchronizer$ConditionNode.block(AbstractQueuedSynchronizer.java:506)
        at java.base@17.0.13/java.util.concurrent.ForkJoinPool.unmanagedBlock(ForkJoinPool.java:3465)
        at java.base@17.0.13/java.util.concurrent.ForkJoinPool.managedBlock(ForkJoinPool.java:3436)
        at java.base@17.0.13/java.util.concurrent.locks.AbstractQueuedSynchronizer$ConditionObject.await(AbstractQueuedSynchronizer.java:1630)
        at java.base@17.0.13/java.util.concurrent.LinkedBlockingQueue.take(LinkedBlockingQueue.java:435)
        at java.base@17.0.13/java.util.concurrent.ThreadPoolExecutor.getTask(ThreadPoolExecutor.java:1062)
        at java.base@17.0.13/java.util.concurrent.ThreadPoolExecutor.runWorker(ThreadPoolExecutor.java:1122)
        at java.base@17.0.13/java.util.concurrent.ThreadPoolExecutor$Worker.run(ThreadPoolExecutor.java:635)
        at java.base@17.0.13/java.lang.Thread.run(Thread.java:840)
"IPC Server handler 79 on default port 15001" daemon prio=5 tid=264 timed_waiting
java.lang.Thread.State: TIMED_WAITING
        at java.base@17.0.13/jdk.internal.misc.Unsafe.park(Native Method)
        at java.base@17.0.13/java.util.concurrent.locks.LockSupport.parkNanos(LockSupport.java:252)
        at java.base@17.0.13/java.util.concurrent.locks.AbstractQueuedSynchronizer$ConditionObject.awaitNanos(AbstractQueuedSynchronizer.java:1679)
        at java.base@17.0.13/java.util.concurrent.LinkedBlockingQueue.poll(LinkedBlockingQueue.java:460)
        at app//org.apache.hadoop.ipc.CallQueueManager.take(CallQueueManager.java:370)
        at app//org.apache.hadoop.ipc.Server$Handler.run(Server.java:3165)
"qtp560332026-674" daemon prio=5 tid=674 timed_waiting
java.lang.Thread.State: TIMED_WAITING
        at java.base@17.0.13/jdk.internal.misc.Unsafe.park(Native Method)
        at java.base@17.0.13/java.util.concurrent.locks.LockSupport.parkNanos(LockSupport.java:252)
        at java.base@17.0.13/java.util.concurrent.locks.AbstractQueuedSynchronizer$ConditionObject.awaitNanos(AbstractQueuedSynchronizer.java:1679)
        at app//org.eclipse.jetty.util.BlockingArrayQueue.poll(BlockingArrayQueue.java:382)
        at app//org.eclipse.jetty.util.thread.QueuedThreadPool$Runner.idleJobPoll(QueuedThreadPool.java:974)
        at app//org.eclipse.jetty.util.thread.QueuedThreadPool$Runner.run(QueuedThreadPool.java:1018)
        at java.base@17.0.13/java.lang.Thread.run(Thread.java:840)
"IPC Server handler 9 on default port 15019" daemon prio=5 tid=561 timed_waiting
java.lang.Thread.State: TIMED_WAITING
        at java.base@17.0.13/jdk.internal.misc.Unsafe.park(Native Method)
        at java.base@17.0.13/java.util.concurrent.locks.LockSupport.parkNanos(LockSupport.java:252)
        at java.base@17.0.13/java.util.concurrent.locks.AbstractQueuedSynchronizer$ConditionObject.awaitNanos(AbstractQueuedSynchronizer.java:1679)
        at java.base@17.0.13/java.util.concurrent.LinkedBlockingQueue.poll(LinkedBlockingQueue.java:460)
        at app//org.apache.hadoop.ipc.CallQueueManager.take(CallQueueManager.java:370)
        at app//org.apache.hadoop.ipc.Server$Handler.run(Server.java:3165)
"IPC Server handler 66 on default port 15002" daemon prio=5 tid=351 timed_waiting
java.lang.Thread.State: TIMED_WAITING
        at java.base@17.0.13/jdk.internal.misc.Unsafe.park(Native Method)
        at java.base@17.0.13/java.util.concurrent.locks.LockSupport.parkNanos(LockSupport.java:252)
        at java.base@17.0.13/java.util.concurrent.locks.AbstractQueuedSynchronizer$ConditionObject.awaitNanos(AbstractQueuedSynchronizer.java:1679)
        at java.base@17.0.13/java.util.concurrent.LinkedBlockingQueue.poll(LinkedBlockingQueue.java:460)
        at app//org.apache.hadoop.ipc.CallQueueManager.take(CallQueueManager.java:370)
        at app//org.apache.hadoop.ipc.Server$Handler.run(Server.java:3165)
"Socket Reader #6 for port 15046"  prio=5 tid=682 runnable
java.lang.Thread.State: RUNNABLE
        at java.base@17.0.13/sun.nio.ch.EPoll.wait(Native Method)
        at java.base@17.0.13/sun.nio.ch.EPollSelectorImpl.doSelect(EPollSelectorImpl.java:118)
        at java.base@17.0.13/sun.nio.ch.SelectorImpl.lockAndDoSelect(SelectorImpl.java:129)
        at java.base@17.0.13/sun.nio.ch.SelectorImpl.select(SelectorImpl.java:146)
        at app//org.apache.hadoop.ipc.Server$Listener$Reader.doRunLoop(Server.java:1497)
        at app//org.apache.hadoop.ipc.Server$Listener$Reader.run(Server.java:1476)
"IPC Server handler 6 on default port 15000" daemon prio=5 tid=91 timed_waiting
java.lang.Thread.State: TIMED_WAITING
        at java.base@17.0.13/jdk.internal.misc.Unsafe.park(Native Method)
        at java.base@17.0.13/java.util.concurrent.locks.LockSupport.parkNanos(LockSupport.java:252)
        at java.base@17.0.13/java.util.concurrent.locks.AbstractQueuedSynchronizer$ConditionObject.awaitNanos(AbstractQueuedSynchronizer.java:1679)
        at java.base@17.0.13/java.util.concurrent.LinkedBlockingQueue.poll(LinkedBlockingQueue.java:460)
        at app//org.apache.hadoop.ipc.CallQueueManager.take(CallQueueManager.java:370)
        at app//org.apache.hadoop.ipc.Server$Handler.run(Server.java:3165)
"IPC Server handler 56 on default port 15002" daemon prio=5 tid=341 timed_waiting
java.lang.Thread.State: TIMED_WAITING
        at java.base@17.0.13/jdk.internal.misc.Unsafe.park(Native Method)
        at java.base@17.0.13/java.util.concurrent.locks.LockSupport.parkNanos(LockSupport.java:252)
        at java.base@17.0.13/java.util.concurrent.locks.AbstractQueuedSynchronizer$ConditionObject.awaitNanos(AbstractQueuedSynchronizer.java:1679)
        at java.base@17.0.13/java.util.concurrent.LinkedBlockingQueue.poll(LinkedBlockingQueue.java:460)
        at app//org.apache.hadoop.ipc.CallQueueManager.take(CallQueueManager.java:370)
        at app//org.apache.hadoop.ipc.Server$Handler.run(Server.java:3165)
"IPC Server handler 74 on default port 15001" daemon prio=5 tid=259 timed_waiting
java.lang.Thread.State: TIMED_WAITING
        at java.base@17.0.13/jdk.internal.misc.Unsafe.park(Native Method)
        at java.base@17.0.13/java.util.concurrent.locks.LockSupport.parkNanos(LockSupport.java:252)
        at java.base@17.0.13/java.util.concurrent.locks.AbstractQueuedSynchronizer$ConditionObject.awaitNanos(AbstractQueuedSynchronizer.java:1679)
        at java.base@17.0.13/java.util.concurrent.LinkedBlockingQueue.poll(LinkedBlockingQueue.java:460)
        at app//org.apache.hadoop.ipc.CallQueueManager.take(CallQueueManager.java:370)
        at app//org.apache.hadoop.ipc.Server$Handler.run(Server.java:3165)
"IPC Server handler 17 on default port 15000" daemon prio=5 tid=102 timed_waiting
java.lang.Thread.State: TIMED_WAITING
        at java.base@17.0.13/jdk.internal.misc.Unsafe.park(Native Method)
        at java.base@17.0.13/java.util.concurrent.locks.LockSupport.parkNanos(LockSupport.java:252)
        at java.base@17.0.13/java.util.concurrent.locks.AbstractQueuedSynchronizer$ConditionObject.awaitNanos(AbstractQueuedSynchronizer.java:1679)
        at java.base@17.0.13/java.util.concurrent.LinkedBlockingQueue.poll(LinkedBlockingQueue.java:460)
        at app//org.apache.hadoop.ipc.CallQueueManager.take(CallQueueManager.java:370)
        at app//org.apache.hadoop.ipc.Server$Handler.run(Server.java:3165)
"IPC Server handler 44 on default port 15000" daemon prio=5 tid=129 timed_waiting
java.lang.Thread.State: TIMED_WAITING
        at java.base@17.0.13/jdk.internal.misc.Unsafe.park(Native Method)
        at java.base@17.0.13/java.util.concurrent.locks.LockSupport.parkNanos(LockSupport.java:252)
        at java.base@17.0.13/java.util.concurrent.locks.AbstractQueuedSynchronizer$ConditionObject.awaitNanos(AbstractQueuedSynchronizer.java:1679)
        at java.base@17.0.13/java.util.concurrent.LinkedBlockingQueue.poll(LinkedBlockingQueue.java:460)
        at app//org.apache.hadoop.ipc.CallQueueManager.take(CallQueueManager.java:370)
        at app//org.apache.hadoop.ipc.Server$Handler.run(Server.java:3165)
"IPC Server handler 50 on default port 15001" daemon prio=5 tid=235 timed_waiting
java.lang.Thread.State: TIMED_WAITING
        at java.base@17.0.13/jdk.internal.misc.Unsafe.park(Native Method)
        at java.base@17.0.13/java.util.concurrent.locks.LockSupport.parkNanos(LockSupport.java:252)
        at java.base@17.0.13/java.util.concurrent.locks.AbstractQueuedSynchronizer$ConditionObject.awaitNanos(AbstractQueuedSynchronizer.java:1679)
        at java.base@17.0.13/java.util.concurrent.LinkedBlockingQueue.poll(LinkedBlockingQueue.java:460)
        at app//org.apache.hadoop.ipc.CallQueueManager.take(CallQueueManager.java:370)
        at app//org.apache.hadoop.ipc.Server$Handler.run(Server.java:3165)
"IPC Server handler 32 on default port 15001" daemon prio=5 tid=217 timed_waiting
java.lang.Thread.State: TIMED_WAITING
        at java.base@17.0.13/jdk.internal.misc.Unsafe.park(Native Method)
        at java.base@17.0.13/java.util.concurrent.locks.LockSupport.parkNanos(LockSupport.java:252)
        at java.base@17.0.13/java.util.concurrent.locks.AbstractQueuedSynchronizer$ConditionObject.awaitNanos(AbstractQueuedSynchronizer.java:1679)
        at java.base@17.0.13/java.util.concurrent.LinkedBlockingQueue.poll(LinkedBlockingQueue.java:460)
        at app//org.apache.hadoop.ipc.CallQueueManager.take(CallQueueManager.java:370)
        at app//org.apache.hadoop.ipc.Server$Handler.run(Server.java:3165)
"IPC Server handler 75 on default port 15001" daemon prio=5 tid=260 timed_waiting
java.lang.Thread.State: TIMED_WAITING
        at java.base@17.0.13/jdk.internal.misc.Unsafe.park(Native Method)
        at java.base@17.0.13/java.util.concurrent.locks.LockSupport.parkNanos(LockSupport.java:252)
        at java.base@17.0.13/java.util.concurrent.locks.AbstractQueuedSynchronizer$ConditionObject.awaitNanos(AbstractQueuedSynchronizer.java:1679)
        at java.base@17.0.13/java.util.concurrent.LinkedBlockingQueue.poll(LinkedBlockingQueue.java:460)
        at app//org.apache.hadoop.ipc.CallQueueManager.take(CallQueueManager.java:370)
        at app//org.apache.hadoop.ipc.Server$Handler.run(Server.java:3165)
"46c085ae-d173-483e-a797-bf073fdc6d33-DatanodeStateMachineTaskThread-0"  prio=5 tid=614 in Object.wait()
java.lang.Thread.State: WAITING (on object monitor)
        at java.base@17.0.13/jdk.internal.misc.Unsafe.park(Native Method)
        at java.base@17.0.13/java.util.concurrent.locks.LockSupport.park(LockSupport.java:341)
        at java.base@17.0.13/java.util.concurrent.locks.AbstractQueuedSynchronizer$ConditionNode.block(AbstractQueuedSynchronizer.java:506)
        at java.base@17.0.13/java.util.concurrent.ForkJoinPool.unmanagedBlock(ForkJoinPool.java:3465)
        at java.base@17.0.13/java.util.concurrent.ForkJoinPool.managedBlock(ForkJoinPool.java:3436)
        at java.base@17.0.13/java.util.concurrent.locks.AbstractQueuedSynchronizer$ConditionObject.await(AbstractQueuedSynchronizer.java:1630)
        at java.base@17.0.13/java.util.concurrent.LinkedBlockingQueue.take(LinkedBlockingQueue.java:435)
        at java.base@17.0.13/java.util.concurrent.ThreadPoolExecutor.getTask(ThreadPoolExecutor.java:1062)
        at java.base@17.0.13/java.util.concurrent.ThreadPoolExecutor.runWorker(ThreadPoolExecutor.java:1122)
        at java.base@17.0.13/java.util.concurrent.ThreadPoolExecutor$Worker.run(ThreadPoolExecutor.java:635)
        at java.base@17.0.13/java.lang.Thread.run(Thread.java:840)
"qtp856883246-450" daemon prio=5 tid=450 timed_waiting
java.lang.Thread.State: TIMED_WAITING
        at java.base@17.0.13/jdk.internal.misc.Unsafe.park(Native Method)
        at java.base@17.0.13/java.util.concurrent.locks.LockSupport.parkNanos(LockSupport.java:252)
        at java.base@17.0.13/java.util.concurrent.locks.AbstractQueuedSynchronizer$ConditionObject.awaitNanos(AbstractQueuedSynchronizer.java:1679)
        at app//org.eclipse.jetty.util.BlockingArrayQueue.poll(BlockingArrayQueue.java:382)
        at app//org.eclipse.jetty.util.thread.QueuedThreadPool$Runner.idleJobPoll(QueuedThreadPool.java:974)
        at app//org.eclipse.jetty.util.thread.QueuedThreadPool$Runner.run(QueuedThreadPool.java:1018)
        at java.base@17.0.13/java.lang.Thread.run(Thread.java:840)
"StaleRecoveringContainerScrubbingService#1" daemon prio=5 tid=745 in Object.wait()
java.lang.Thread.State: WAITING (on object monitor)
        at java.base@17.0.13/jdk.internal.misc.Unsafe.park(Native Method)
        at java.base@17.0.13/java.util.concurrent.locks.LockSupport.park(LockSupport.java:341)
        at java.base@17.0.13/java.util.concurrent.locks.AbstractQueuedSynchronizer$ConditionNode.block(AbstractQueuedSynchronizer.java:506)
        at java.base@17.0.13/java.util.concurrent.ForkJoinPool.unmanagedBlock(ForkJoinPool.java:3465)
        at java.base@17.0.13/java.util.concurrent.ForkJoinPool.managedBlock(ForkJoinPool.java:3436)
        at java.base@17.0.13/java.util.concurrent.locks.AbstractQueuedSynchronizer$ConditionObject.await(AbstractQueuedSynchronizer.java:1630)
        at java.base@17.0.13/java.util.concurrent.ScheduledThreadPoolExecutor$DelayedWorkQueue.take(ScheduledThreadPoolExecutor.java:1177)
        at java.base@17.0.13/java.util.concurrent.ScheduledThreadPoolExecutor$DelayedWorkQueue.take(ScheduledThreadPoolExecutor.java:899)
        at java.base@17.0.13/java.util.concurrent.ThreadPoolExecutor.getTask(ThreadPoolExecutor.java:1062)
        at java.base@17.0.13/java.util.concurrent.ThreadPoolExecutor.runWorker(ThreadPoolExecutor.java:1122)
        at java.base@17.0.13/java.util.concurrent.ThreadPoolExecutor$Worker.run(ThreadPoolExecutor.java:635)
        at java.base@17.0.13/java.lang.Thread.run(Thread.java:840)
"IPC Server handler 4 on default port 15004" daemon prio=5 tid=456 timed_waiting
java.lang.Thread.State: TIMED_WAITING
        at java.base@17.0.13/jdk.internal.misc.Unsafe.park(Native Method)
        at java.base@17.0.13/java.util.concurrent.locks.LockSupport.parkNanos(LockSupport.java:252)
        at java.base@17.0.13/java.util.concurrent.locks.AbstractQueuedSynchronizer$ConditionObject.awaitNanos(AbstractQueuedSynchronizer.java:1679)
        at java.base@17.0.13/java.util.concurrent.LinkedBlockingQueue.poll(LinkedBlockingQueue.java:460)
        at app//org.apache.hadoop.ipc.CallQueueManager.take(CallQueueManager.java:370)
        at app//org.apache.hadoop.ipc.Server$Handler.run(Server.java:3165)
"qtp1888798697-531-acceptor-0@44a61a1b-ServerConnector@7f4358b8{HTTP/1.1, (http/1.1)}{0.0.0.0:15018}" daemon prio=3 tid=531 runnable
java.lang.Thread.State: RUNNABLE
        at java.base@17.0.13/sun.nio.ch.Net.accept(Native Method)
        at java.base@17.0.13/sun.nio.ch.ServerSocketChannelImpl.implAccept(ServerSocketChannelImpl.java:425)
        at java.base@17.0.13/sun.nio.ch.ServerSocketChannelImpl.accept(ServerSocketChannelImpl.java:391)
        at app//org.eclipse.jetty.server.ServerConnector.accept(ServerConnector.java:388)
        at app//org.eclipse.jetty.server.AbstractConnector$Acceptor.run(AbstractConnector.java:704)
        at app//org.eclipse.jetty.util.thread.QueuedThreadPool.runJob(QueuedThreadPool.java:883)
        at app//org.eclipse.jetty.util.thread.QueuedThreadPool$Runner.run(QueuedThreadPool.java:1034)
        at java.base@17.0.13/java.lang.Thread.run(Thread.java:840)
"pool-158-thread-1"  prio=5 tid=620 timed_waiting
java.lang.Thread.State: TIMED_WAITING
        at java.base@17.0.13/jdk.internal.misc.Unsafe.park(Native Method)
        at java.base@17.0.13/java.util.concurrent.locks.LockSupport.parkNanos(LockSupport.java:252)
        at java.base@17.0.13/java.util.concurrent.locks.AbstractQueuedSynchronizer$ConditionObject.awaitNanos(AbstractQueuedSynchronizer.java:1679)
        at java.base@17.0.13/java.util.concurrent.ScheduledThreadPoolExecutor$DelayedWorkQueue.take(ScheduledThreadPoolExecutor.java:1182)
        at java.base@17.0.13/java.util.concurrent.ScheduledThreadPoolExecutor$DelayedWorkQueue.take(ScheduledThreadPoolExecutor.java:899)
        at java.base@17.0.13/java.util.concurrent.ThreadPoolExecutor.getTask(ThreadPoolExecutor.java:1062)
        at java.base@17.0.13/java.util.concurrent.ThreadPoolExecutor.runWorker(ThreadPoolExecutor.java:1122)
        at java.base@17.0.13/java.util.concurrent.ThreadPoolExecutor$Worker.run(ThreadPoolExecutor.java:635)
        at java.base@17.0.13/java.lang.Thread.run(Thread.java:840)
"IPC Server handler 43 on default port 15002" daemon prio=5 tid=328 timed_waiting
java.lang.Thread.State: TIMED_WAITING
        at java.base@17.0.13/jdk.internal.misc.Unsafe.park(Native Method)
        at java.base@17.0.13/java.util.concurrent.locks.LockSupport.parkNanos(LockSupport.java:252)
        at java.base@17.0.13/java.util.concurrent.locks.AbstractQueuedSynchronizer$ConditionObject.awaitNanos(AbstractQueuedSynchronizer.java:1679)
        at java.base@17.0.13/java.util.concurrent.LinkedBlockingQueue.poll(LinkedBlockingQueue.java:460)
        at app//org.apache.hadoop.ipc.CallQueueManager.take(CallQueueManager.java:370)
        at app//org.apache.hadoop.ipc.Server$Handler.run(Server.java:3165)
"IPC Server handler 44 on default port 15001" daemon prio=5 tid=229 timed_waiting
java.lang.Thread.State: TIMED_WAITING
        at java.base@17.0.13/jdk.internal.misc.Unsafe.park(Native Method)
        at java.base@17.0.13/java.util.concurrent.locks.LockSupport.parkNanos(LockSupport.java:252)
        at java.base@17.0.13/java.util.concurrent.locks.AbstractQueuedSynchronizer$ConditionObject.awaitNanos(AbstractQueuedSynchronizer.java:1679)
        at java.base@17.0.13/java.util.concurrent.LinkedBlockingQueue.poll(LinkedBlockingQueue.java:460)
        at app//org.apache.hadoop.ipc.CallQueueManager.take(CallQueueManager.java:370)
        at app//org.apache.hadoop.ipc.Server$Handler.run(Server.java:3165)
"IPC Parameter Sending Thread for 0.0.0.0/0.0.0.0:15000" daemon prio=5 tid=953 timed_waiting
java.lang.Thread.State: TIMED_WAITING
        at java.base@17.0.13/jdk.internal.misc.Unsafe.park(Native Method)
        at java.base@17.0.13/java.util.concurrent.locks.LockSupport.parkNanos(LockSupport.java:252)
        at java.base@17.0.13/java.util.concurrent.SynchronousQueue$TransferQueue.transfer(SynchronousQueue.java:704)
        at java.base@17.0.13/java.util.concurrent.SynchronousQueue.poll(SynchronousQueue.java:903)
        at app//org.apache.hadoop.ipc.Client$Connection$RpcRequestSender.run(Client.java:1121)
        at java.base@17.0.13/java.lang.Thread.run(Thread.java:840)
"timer0" daemon prio=5 tid=977 timed_waiting
java.lang.Thread.State: TIMED_WAITING
        at java.base@17.0.13/java.lang.Object.wait(Native Method)
        at java.base@17.0.13/java.util.TimerThread.mainLoop(Timer.java:563)
        at java.base@17.0.13/java.util.TimerThread.run(Timer.java:516)
"qtp801388009-389" daemon prio=5 tid=389 runnable
java.lang.Thread.State: RUNNABLE
        at java.base@17.0.13/sun.nio.ch.EPoll.wait(Native Method)
        at java.base@17.0.13/sun.nio.ch.EPollSelectorImpl.doSelect(EPollSelectorImpl.java:118)
        at java.base@17.0.13/sun.nio.ch.SelectorImpl.lockAndDoSelect(SelectorImpl.java:129)
        at java.base@17.0.13/sun.nio.ch.SelectorImpl.select(SelectorImpl.java:146)
        at app//org.eclipse.jetty.io.ManagedSelector.nioSelect(ManagedSelector.java:183)
        at app//org.eclipse.jetty.io.ManagedSelector.select(ManagedSelector.java:190)
        at app//org.eclipse.jetty.io.ManagedSelector$SelectorProducer.select(ManagedSelector.java:606)
        at app//org.eclipse.jetty.io.ManagedSelector$SelectorProducer.produce(ManagedSelector.java:543)
        at app//org.eclipse.jetty.util.thread.strategy.EatWhatYouKill.produceTask(EatWhatYouKill.java:362)
        at app//org.eclipse.jetty.util.thread.strategy.EatWhatYouKill.doProduce(EatWhatYouKill.java:186)
        at app//org.eclipse.jetty.util.thread.strategy.EatWhatYouKill.tryProduce(EatWhatYouKill.java:173)
        at app//org.eclipse.jetty.util.thread.strategy.EatWhatYouKill.produce(EatWhatYouKill.java:137)
        at app//org.eclipse.jetty.io.ManagedSelector$$Lambda$837/0x00007fa408547510.run(Unknown Source)
        at app//org.eclipse.jetty.util.thread.QueuedThreadPool.runJob(QueuedThreadPool.java:883)
        at app//org.eclipse.jetty.util.thread.QueuedThreadPool$Runner.run(QueuedThreadPool.java:1034)
        at java.base@17.0.13/java.lang.Thread.run(Thread.java:840)
"FixedThreadPoolWithAffinityExecutor-7-0" daemon prio=5 tid=81 timed_waiting
java.lang.Thread.State: TIMED_WAITING
        at java.base@17.0.13/jdk.internal.misc.Unsafe.park(Native Method)
        at java.base@17.0.13/java.util.concurrent.locks.LockSupport.parkNanos(LockSupport.java:252)
        at java.base@17.0.13/java.util.concurrent.locks.AbstractQueuedSynchronizer$ConditionObject.awaitNanos(AbstractQueuedSynchronizer.java:1679)
        at java.base@17.0.13/java.util.concurrent.LinkedBlockingQueue.poll(LinkedBlockingQueue.java:460)
        at app//org.apache.hadoop.hdds.scm.server.ContainerReportQueue.poll(ContainerReportQueue.java:269)
        at app//org.apache.hadoop.hdds.scm.server.ContainerReportQueue.poll(ContainerReportQueue.java:42)
        at app//org.apache.hadoop.hdds.server.events.FixedThreadPoolWithAffinityExecutor$ContainerReportProcessTask.run(FixedThreadPoolWithAffinityExecutor.java:253)
        at java.base@17.0.13/java.util.concurrent.Executors$RunnableAdapter.call(Executors.java:539)
        at java.base@17.0.13/java.util.concurrent.FutureTask.run(FutureTask.java:264)
        at java.base@17.0.13/java.util.concurrent.ThreadPoolExecutor.runWorker(ThreadPoolExecutor.java:1136)
        at java.base@17.0.13/java.util.concurrent.ThreadPoolExecutor$Worker.run(ThreadPoolExecutor.java:635)
        at java.base@17.0.13/java.lang.Thread.run(Thread.java:840)
"org.apache.hadoop.ozone.container.common.statemachine.commandhandler.DeleteBlocksCommandHandler$DeleteCmdWorker@4bc1a53c" daemon prio=5 tid=527 timed_waiting
java.lang.Thread.State: TIMED_WAITING
        at java.base@17.0.13/java.lang.Thread.sleep(Native Method)
        at app//org.apache.hadoop.ozone.container.common.statemachine.commandhandler.DeleteBlocksCommandHandler$DeleteCmdWorker.run(DeleteBlocksCommandHandler.java:264)
        at java.base@17.0.13/java.lang.Thread.run(Thread.java:840)
"IPC Server handler 42 on default port 15000" daemon prio=5 tid=127 timed_waiting
java.lang.Thread.State: TIMED_WAITING
        at java.base@17.0.13/jdk.internal.misc.Unsafe.park(Native Method)
        at java.base@17.0.13/java.util.concurrent.locks.LockSupport.parkNanos(LockSupport.java:252)
        at java.base@17.0.13/java.util.concurrent.locks.AbstractQueuedSynchronizer$ConditionObject.awaitNanos(AbstractQueuedSynchronizer.java:1679)
        at java.base@17.0.13/java.util.concurrent.LinkedBlockingQueue.poll(LinkedBlockingQueue.java:460)
        at app//org.apache.hadoop.ipc.CallQueueManager.take(CallQueueManager.java:370)
        at app//org.apache.hadoop.ipc.Server$Handler.run(Server.java:3165)
"IPC Server handler 97 on default port 15001" daemon prio=5 tid=282 timed_waiting
java.lang.Thread.State: TIMED_WAITING
        at java.base@17.0.13/jdk.internal.misc.Unsafe.park(Native Method)
        at java.base@17.0.13/java.util.concurrent.locks.LockSupport.parkNanos(LockSupport.java:252)
        at java.base@17.0.13/java.util.concurrent.locks.AbstractQueuedSynchronizer$ConditionObject.awaitNanos(AbstractQueuedSynchronizer.java:1679)
        at java.base@17.0.13/java.util.concurrent.LinkedBlockingQueue.poll(LinkedBlockingQueue.java:460)
        at app//org.apache.hadoop.ipc.CallQueueManager.take(CallQueueManager.java:370)
        at app//org.apache.hadoop.ipc.Server$Handler.run(Server.java:3165)
"22bda68c-b64b-4e26-a6f3-14a354ca4fb6-BlockDeletingService#0" daemon prio=5 tid=796 timed_waiting
java.lang.Thread.State: TIMED_WAITING
        at java.base@17.0.13/jdk.internal.misc.Unsafe.park(Native Method)
        at java.base@17.0.13/java.util.concurrent.locks.LockSupport.parkNanos(LockSupport.java:252)
        at java.base@17.0.13/java.util.concurrent.locks.AbstractQueuedSynchronizer$ConditionObject.awaitNanos(AbstractQueuedSynchronizer.java:1679)
        at java.base@17.0.13/java.util.concurrent.ScheduledThreadPoolExecutor$DelayedWorkQueue.take(ScheduledThreadPoolExecutor.java:1182)
        at java.base@17.0.13/java.util.concurrent.ScheduledThreadPoolExecutor$DelayedWorkQueue.take(ScheduledThreadPoolExecutor.java:899)
        at java.base@17.0.13/java.util.concurrent.ThreadPoolExecutor.getTask(ThreadPoolExecutor.java:1062)
        at java.base@17.0.13/java.util.concurrent.ThreadPoolExecutor.runWorker(ThreadPoolExecutor.java:1122)
        at java.base@17.0.13/java.util.concurrent.ThreadPoolExecutor$Worker.run(ThreadPoolExecutor.java:635)
        at java.base@17.0.13/java.lang.Thread.run(Thread.java:840)
"IPC Server handler 11 on default port 15000" daemon prio=5 tid=96 timed_waiting
java.lang.Thread.State: TIMED_WAITING
        at java.base@17.0.13/jdk.internal.misc.Unsafe.park(Native Method)
        at java.base@17.0.13/java.util.concurrent.locks.LockSupport.parkNanos(LockSupport.java:252)
        at java.base@17.0.13/java.util.concurrent.locks.AbstractQueuedSynchronizer$ConditionObject.awaitNanos(AbstractQueuedSynchronizer.java:1679)
        at java.base@17.0.13/java.util.concurrent.LinkedBlockingQueue.poll(LinkedBlockingQueue.java:460)
        at app//org.apache.hadoop.ipc.CallQueueManager.take(CallQueueManager.java:370)
        at app//org.apache.hadoop.ipc.Server$Handler.run(Server.java:3165)
"IPC Server handler 49 on default port 15001" daemon prio=5 tid=234 timed_waiting
java.lang.Thread.State: TIMED_WAITING
        at java.base@17.0.13/jdk.internal.misc.Unsafe.park(Native Method)
        at java.base@17.0.13/java.util.concurrent.locks.LockSupport.parkNanos(LockSupport.java:252)
        at java.base@17.0.13/java.util.concurrent.locks.AbstractQueuedSynchronizer$ConditionObject.awaitNanos(AbstractQueuedSynchronizer.java:1679)
        at java.base@17.0.13/java.util.concurrent.LinkedBlockingQueue.poll(LinkedBlockingQueue.java:460)
        at app//org.apache.hadoop.ipc.CallQueueManager.take(CallQueueManager.java:370)
        at app//org.apache.hadoop.ipc.Server$Handler.run(Server.java:3165)
"IPC Server handler 56 on default port 15000" daemon prio=5 tid=141 timed_waiting
java.lang.Thread.State: TIMED_WAITING
        at java.base@17.0.13/jdk.internal.misc.Unsafe.park(Native Method)
        at java.base@17.0.13/java.util.concurrent.locks.LockSupport.parkNanos(LockSupport.java:252)
        at java.base@17.0.13/java.util.concurrent.locks.AbstractQueuedSynchronizer$ConditionObject.awaitNanos(AbstractQueuedSynchronizer.java:1679)
        at java.base@17.0.13/java.util.concurrent.LinkedBlockingQueue.poll(LinkedBlockingQueue.java:460)
        at app//org.apache.hadoop.ipc.CallQueueManager.take(CallQueueManager.java:370)
        at app//org.apache.hadoop.ipc.Server$Handler.run(Server.java:3165)
"Socket Reader #7 for port 15000"  prio=5 tid=67 runnable
java.lang.Thread.State: RUNNABLE
        at java.base@17.0.13/sun.nio.ch.EPoll.wait(Native Method)
        at java.base@17.0.13/sun.nio.ch.EPollSelectorImpl.doSelect(EPollSelectorImpl.java:118)
        at java.base@17.0.13/sun.nio.ch.SelectorImpl.lockAndDoSelect(SelectorImpl.java:129)
        at java.base@17.0.13/sun.nio.ch.SelectorImpl.select(SelectorImpl.java:146)
        at app//org.apache.hadoop.ipc.Server$Listener$Reader.doRunLoop(Server.java:1497)
        at app//org.apache.hadoop.ipc.Server$Listener$Reader.run(Server.java:1476)
"IPC Server handler 92 on default port 15001" daemon prio=5 tid=277 timed_waiting
java.lang.Thread.State: TIMED_WAITING
        at java.base@17.0.13/jdk.internal.misc.Unsafe.park(Native Method)
        at java.base@17.0.13/java.util.concurrent.locks.LockSupport.parkNanos(LockSupport.java:252)
        at java.base@17.0.13/java.util.concurrent.locks.AbstractQueuedSynchronizer$ConditionObject.awaitNanos(AbstractQueuedSynchronizer.java:1679)
        at java.base@17.0.13/java.util.concurrent.LinkedBlockingQueue.poll(LinkedBlockingQueue.java:460)
        at app//org.apache.hadoop.ipc.CallQueueManager.take(CallQueueManager.java:370)
        at app//org.apache.hadoop.ipc.Server$Handler.run(Server.java:3165)
"IPC Server handler 57 on default port 15002" daemon prio=5 tid=342 timed_waiting
java.lang.Thread.State: TIMED_WAITING
        at java.base@17.0.13/jdk.internal.misc.Unsafe.park(Native Method)
        at java.base@17.0.13/java.util.concurrent.locks.LockSupport.parkNanos(LockSupport.java:252)
        at java.base@17.0.13/java.util.concurrent.locks.AbstractQueuedSynchronizer$ConditionObject.awaitNanos(AbstractQueuedSynchronizer.java:1679)
        at java.base@17.0.13/java.util.concurrent.LinkedBlockingQueue.poll(LinkedBlockingQueue.java:460)
        at app//org.apache.hadoop.ipc.CallQueueManager.take(CallQueueManager.java:370)
        at app//org.apache.hadoop.ipc.Server$Handler.run(Server.java:3165)
"IPC Server handler 58 on default port 15000" daemon prio=5 tid=143 timed_waiting
java.lang.Thread.State: TIMED_WAITING
        at java.base@17.0.13/jdk.internal.misc.Unsafe.park(Native Method)
        at java.base@17.0.13/java.util.concurrent.locks.LockSupport.parkNanos(LockSupport.java:252)
        at java.base@17.0.13/java.util.concurrent.locks.AbstractQueuedSynchronizer$ConditionObject.awaitNanos(AbstractQueuedSynchronizer.java:1679)
        at java.base@17.0.13/java.util.concurrent.LinkedBlockingQueue.poll(LinkedBlockingQueue.java:460)
        at app//org.apache.hadoop.ipc.CallQueueManager.take(CallQueueManager.java:370)
        at app//org.apache.hadoop.ipc.Server$Handler.run(Server.java:3165)
"IPC Server handler 89 on default port 15002" daemon prio=5 tid=374 timed_waiting
java.lang.Thread.State: TIMED_WAITING
        at java.base@17.0.13/jdk.internal.misc.Unsafe.park(Native Method)
        at java.base@17.0.13/java.util.concurrent.locks.LockSupport.parkNanos(LockSupport.java:252)
        at java.base@17.0.13/java.util.concurrent.locks.AbstractQueuedSynchronizer$ConditionObject.awaitNanos(AbstractQueuedSynchronizer.java:1679)
        at java.base@17.0.13/java.util.concurrent.LinkedBlockingQueue.poll(LinkedBlockingQueue.java:460)
        at app//org.apache.hadoop.ipc.CallQueueManager.take(CallQueueManager.java:370)
        at app//org.apache.hadoop.ipc.Server$Handler.run(Server.java:3165)
"EventQueue-NodeReportForNodeReportHandler" daemon prio=5 tid=807 in Object.wait()
java.lang.Thread.State: WAITING (on object monitor)
        at java.base@17.0.13/jdk.internal.misc.Unsafe.park(Native Method)
        at java.base@17.0.13/java.util.concurrent.locks.LockSupport.park(LockSupport.java:341)
        at java.base@17.0.13/java.util.concurrent.locks.AbstractQueuedSynchronizer$ConditionNode.block(AbstractQueuedSynchronizer.java:506)
        at java.base@17.0.13/java.util.concurrent.ForkJoinPool.unmanagedBlock(ForkJoinPool.java:3465)
        at java.base@17.0.13/java.util.concurrent.ForkJoinPool.managedBlock(ForkJoinPool.java:3436)
        at java.base@17.0.13/java.util.concurrent.locks.AbstractQueuedSynchronizer$ConditionObject.await(AbstractQueuedSynchronizer.java:1630)
        at java.base@17.0.13/java.util.concurrent.LinkedBlockingQueue.take(LinkedBlockingQueue.java:435)
        at java.base@17.0.13/java.util.concurrent.ThreadPoolExecutor.getTask(ThreadPoolExecutor.java:1062)
        at java.base@17.0.13/java.util.concurrent.ThreadPoolExecutor.runWorker(ThreadPoolExecutor.java:1122)
        at java.base@17.0.13/java.util.concurrent.ThreadPoolExecutor$Worker.run(ThreadPoolExecutor.java:635)
        at java.base@17.0.13/java.lang.Thread.run(Thread.java:840)
"IPC Server handler 0 on default port 15001" daemon prio=5 tid=185 timed_waiting
java.lang.Thread.State: TIMED_WAITING
        at java.base@17.0.13/jdk.internal.misc.Unsafe.park(Native Method)
        at java.base@17.0.13/java.util.concurrent.locks.LockSupport.parkNanos(LockSupport.java:252)
        at java.base@17.0.13/java.util.concurrent.locks.AbstractQueuedSynchronizer$ConditionObject.awaitNanos(AbstractQueuedSynchronizer.java:1679)
        at java.base@17.0.13/java.util.concurrent.LinkedBlockingQueue.poll(LinkedBlockingQueue.java:460)
        at app//org.apache.hadoop.ipc.CallQueueManager.take(CallQueueManager.java:370)
        at app//org.apache.hadoop.ipc.Server$Handler.run(Server.java:3165)
"82107b5c-a456-4cce-866c-b79ad2953fda-ChunkWriter-2-0" daemon prio=5 tid=774 in Object.wait()
java.lang.Thread.State: WAITING (on object monitor)
        at java.base@17.0.13/jdk.internal.misc.Unsafe.park(Native Method)
        at java.base@17.0.13/java.util.concurrent.locks.LockSupport.park(LockSupport.java:341)
        at java.base@17.0.13/java.util.concurrent.locks.AbstractQueuedSynchronizer$ConditionNode.block(AbstractQueuedSynchronizer.java:506)
        at java.base@17.0.13/java.util.concurrent.ForkJoinPool.unmanagedBlock(ForkJoinPool.java:3465)
        at java.base@17.0.13/java.util.concurrent.ForkJoinPool.managedBlock(ForkJoinPool.java:3436)
        at java.base@17.0.13/java.util.concurrent.locks.AbstractQueuedSynchronizer$ConditionObject.await(AbstractQueuedSynchronizer.java:1630)
        at java.base@17.0.13/java.util.concurrent.LinkedBlockingDeque.takeFirst(LinkedBlockingDeque.java:485)
        at java.base@17.0.13/java.util.concurrent.LinkedBlockingDeque.take(LinkedBlockingDeque.java:673)
        at java.base@17.0.13/java.util.concurrent.ThreadPoolExecutor.getTask(ThreadPoolExecutor.java:1062)
        at java.base@17.0.13/java.util.concurrent.ThreadPoolExecutor.runWorker(ThreadPoolExecutor.java:1122)
        at java.base@17.0.13/java.util.concurrent.ThreadPoolExecutor$Worker.run(ThreadPoolExecutor.java:635)
        at java.base@17.0.13/java.lang.Thread.run(Thread.java:840)
"IPC Server handler 57 on default port 15001" daemon prio=5 tid=242 timed_waiting
java.lang.Thread.State: TIMED_WAITING
        at java.base@17.0.13/jdk.internal.misc.Unsafe.park(Native Method)
        at java.base@17.0.13/java.util.concurrent.locks.LockSupport.parkNanos(LockSupport.java:252)
        at java.base@17.0.13/java.util.concurrent.locks.AbstractQueuedSynchronizer$ConditionObject.awaitNanos(AbstractQueuedSynchronizer.java:1679)
        at java.base@17.0.13/java.util.concurrent.LinkedBlockingQueue.poll(LinkedBlockingQueue.java:460)
        at app//org.apache.hadoop.ipc.CallQueueManager.take(CallQueueManager.java:370)
        at app//org.apache.hadoop.ipc.Server$Handler.run(Server.java:3165)
"46c085ae-d173-483e-a797-bf073fdc6d33-DatanodeReportManager-3" daemon prio=5 tid=612 in Object.wait()
java.lang.Thread.State: WAITING (on object monitor)
        at java.base@17.0.13/jdk.internal.misc.Unsafe.park(Native Method)
        at java.base@17.0.13/java.util.concurrent.locks.LockSupport.parkNanos(LockSupport.java:252)
        at java.base@17.0.13/java.util.concurrent.locks.AbstractQueuedSynchronizer$ConditionObject.awaitNanos(AbstractQueuedSynchronizer.java:1679)
        at java.base@17.0.13/java.util.concurrent.ScheduledThreadPoolExecutor$DelayedWorkQueue.take(ScheduledThreadPoolExecutor.java:1182)
        at java.base@17.0.13/java.util.concurrent.ScheduledThreadPoolExecutor$DelayedWorkQueue.take(ScheduledThreadPoolExecutor.java:899)
        at java.base@17.0.13/java.util.concurrent.ThreadPoolExecutor.getTask(ThreadPoolExecutor.java:1062)
        at java.base@17.0.13/java.util.concurrent.ThreadPoolExecutor.runWorker(ThreadPoolExecutor.java:1122)
        at java.base@17.0.13/java.util.concurrent.ThreadPoolExecutor$Worker.run(ThreadPoolExecutor.java:635)
        at java.base@17.0.13/java.lang.Thread.run(Thread.java:840)
"IPC Server handler 41 on default port 15001" daemon prio=5 tid=226 timed_waiting
java.lang.Thread.State: TIMED_WAITING
        at java.base@17.0.13/jdk.internal.misc.Unsafe.park(Native Method)
        at java.base@17.0.13/java.util.concurrent.locks.LockSupport.parkNanos(LockSupport.java:252)
        at java.base@17.0.13/java.util.concurrent.locks.AbstractQueuedSynchronizer$ConditionObject.awaitNanos(AbstractQueuedSynchronizer.java:1679)
        at java.base@17.0.13/java.util.concurrent.LinkedBlockingQueue.poll(LinkedBlockingQueue.java:460)
        at app//org.apache.hadoop.ipc.CallQueueManager.take(CallQueueManager.java:370)
        at app//org.apache.hadoop.ipc.Server$Handler.run(Server.java:3165)
"IPC Server handler 48 on default port 15002" daemon prio=5 tid=333 timed_waiting
java.lang.Thread.State: TIMED_WAITING
        at java.base@17.0.13/jdk.internal.misc.Unsafe.park(Native Method)
        at java.base@17.0.13/java.util.concurrent.locks.LockSupport.parkNanos(LockSupport.java:252)
        at java.base@17.0.13/java.util.concurrent.locks.AbstractQueuedSynchronizer$ConditionObject.awaitNanos(AbstractQueuedSynchronizer.java:1679)
        at java.base@17.0.13/java.util.concurrent.LinkedBlockingQueue.poll(LinkedBlockingQueue.java:460)
        at app//org.apache.hadoop.ipc.CallQueueManager.take(CallQueueManager.java:370)
        at app//org.apache.hadoop.ipc.Server$Handler.run(Server.java:3165)
"pool-107-thread-1"  prio=5 tid=528 timed_waiting
java.lang.Thread.State: TIMED_WAITING
        at java.base@17.0.13/jdk.internal.misc.Unsafe.park(Native Method)
        at java.base@17.0.13/java.util.concurrent.locks.LockSupport.parkNanos(LockSupport.java:252)
        at java.base@17.0.13/java.util.concurrent.locks.AbstractQueuedSynchronizer$ConditionObject.awaitNanos(AbstractQueuedSynchronizer.java:1679)
        at java.base@17.0.13/java.util.concurrent.ScheduledThreadPoolExecutor$DelayedWorkQueue.take(ScheduledThreadPoolExecutor.java:1182)
        at java.base@17.0.13/java.util.concurrent.ScheduledThreadPoolExecutor$DelayedWorkQueue.take(ScheduledThreadPoolExecutor.java:899)
        at java.base@17.0.13/java.util.concurrent.ThreadPoolExecutor.getTask(ThreadPoolExecutor.java:1062)
        at java.base@17.0.13/java.util.concurrent.ThreadPoolExecutor.runWorker(ThreadPoolExecutor.java:1122)
        at java.base@17.0.13/java.util.concurrent.ThreadPoolExecutor$Worker.run(ThreadPoolExecutor.java:635)
        at java.base@17.0.13/java.lang.Thread.run(Thread.java:840)
"Socket Reader #1 for port 15002"  prio=5 tid=33 runnable
java.lang.Thread.State: RUNNABLE
        at java.base@17.0.13/sun.nio.ch.EPoll.wait(Native Method)
        at java.base@17.0.13/sun.nio.ch.EPollSelectorImpl.doSelect(EPollSelectorImpl.java:118)
        at java.base@17.0.13/sun.nio.ch.SelectorImpl.lockAndDoSelect(SelectorImpl.java:129)
        at java.base@17.0.13/sun.nio.ch.SelectorImpl.select(SelectorImpl.java:146)
        at app//org.apache.hadoop.ipc.Server$Listener$Reader.doRunLoop(Server.java:1497)
        at app//org.apache.hadoop.ipc.Server$Listener$Reader.run(Server.java:1476)
"IPC Server handler 2 on default port 15019" daemon prio=5 tid=554 timed_waiting
java.lang.Thread.State: TIMED_WAITING
        at java.base@17.0.13/jdk.internal.misc.Unsafe.park(Native Method)
        at java.base@17.0.13/java.util.concurrent.locks.LockSupport.parkNanos(LockSupport.java:252)
        at java.base@17.0.13/java.util.concurrent.locks.AbstractQueuedSynchronizer$ConditionObject.awaitNanos(AbstractQueuedSynchronizer.java:1679)
        at java.base@17.0.13/java.util.concurrent.LinkedBlockingQueue.poll(LinkedBlockingQueue.java:460)
        at app//org.apache.hadoop.ipc.CallQueueManager.take(CallQueueManager.java:370)
        at app//org.apache.hadoop.ipc.Server$Handler.run(Server.java:3165)
"82107b5c-a456-4cce-866c-b79ad2953fda-groupManagement"  prio=5 tid=888 in Object.wait()
java.lang.Thread.State: WAITING (on object monitor)
        at java.base@17.0.13/jdk.internal.misc.Unsafe.park(Native Method)
        at java.base@17.0.13/java.util.concurrent.locks.LockSupport.park(LockSupport.java:341)
        at java.base@17.0.13/java.util.concurrent.locks.AbstractQueuedSynchronizer$ConditionNode.block(AbstractQueuedSynchronizer.java:506)
        at java.base@17.0.13/java.util.concurrent.ForkJoinPool.unmanagedBlock(ForkJoinPool.java:3465)
        at java.base@17.0.13/java.util.concurrent.ForkJoinPool.managedBlock(ForkJoinPool.java:3436)
        at java.base@17.0.13/java.util.concurrent.locks.AbstractQueuedSynchronizer$ConditionObject.await(AbstractQueuedSynchronizer.java:1630)
        at java.base@17.0.13/java.util.concurrent.LinkedBlockingQueue.take(LinkedBlockingQueue.java:435)
        at java.base@17.0.13/java.util.concurrent.ThreadPoolExecutor.getTask(ThreadPoolExecutor.java:1062)
        at java.base@17.0.13/java.util.concurrent.ThreadPoolExecutor.runWorker(ThreadPoolExecutor.java:1122)
        at java.base@17.0.13/java.util.concurrent.ThreadPoolExecutor$Worker.run(ThreadPoolExecutor.java:635)
        at java.base@17.0.13/java.lang.Thread.run(Thread.java:840)
"IPC Server handler 19 on default port 15002" daemon prio=5 tid=304 timed_waiting
java.lang.Thread.State: TIMED_WAITING
        at java.base@17.0.13/jdk.internal.misc.Unsafe.park(Native Method)
        at java.base@17.0.13/java.util.concurrent.locks.LockSupport.parkNanos(LockSupport.java:252)
        at java.base@17.0.13/java.util.concurrent.locks.AbstractQueuedSynchronizer$ConditionObject.awaitNanos(AbstractQueuedSynchronizer.java:1679)
        at java.base@17.0.13/java.util.concurrent.LinkedBlockingQueue.poll(LinkedBlockingQueue.java:460)
        at app//org.apache.hadoop.ipc.CallQueueManager.take(CallQueueManager.java:370)
        at app//org.apache.hadoop.ipc.Server$Handler.run(Server.java:3165)
"IPC Server handler 50 on default port 15002" daemon prio=5 tid=335 timed_waiting
java.lang.Thread.State: TIMED_WAITING
        at java.base@17.0.13/jdk.internal.misc.Unsafe.park(Native Method)
        at java.base@17.0.13/java.util.concurrent.locks.LockSupport.parkNanos(LockSupport.java:252)
        at java.base@17.0.13/java.util.concurrent.locks.AbstractQueuedSynchronizer$ConditionObject.awaitNanos(AbstractQueuedSynchronizer.java:1679)
        at java.base@17.0.13/java.util.concurrent.LinkedBlockingQueue.poll(LinkedBlockingQueue.java:460)
        at app//org.apache.hadoop.ipc.CallQueueManager.take(CallQueueManager.java:370)
        at app//org.apache.hadoop.ipc.Server$Handler.run(Server.java:3165)
"ca425215-81ee-42b3-84d9-8ded1157efea-RocksDBCompactionThread-0"  prio=5 tid=524 timed_waiting
java.lang.Thread.State: TIMED_WAITING
        at java.base@17.0.13/jdk.internal.misc.Unsafe.park(Native Method)
        at java.base@17.0.13/java.util.concurrent.locks.LockSupport.parkNanos(LockSupport.java:252)
        at java.base@17.0.13/java.util.concurrent.locks.AbstractQueuedSynchronizer$ConditionObject.awaitNanos(AbstractQueuedSynchronizer.java:1679)
        at java.base@17.0.13/java.util.concurrent.ScheduledThreadPoolExecutor$DelayedWorkQueue.take(ScheduledThreadPoolExecutor.java:1182)
        at java.base@17.0.13/java.util.concurrent.ScheduledThreadPoolExecutor$DelayedWorkQueue.take(ScheduledThreadPoolExecutor.java:899)
        at java.base@17.0.13/java.util.concurrent.ThreadPoolExecutor.getTask(ThreadPoolExecutor.java:1062)
        at java.base@17.0.13/java.util.concurrent.ThreadPoolExecutor.runWorker(ThreadPoolExecutor.java:1122)
        at java.base@17.0.13/java.util.concurrent.ThreadPoolExecutor$Worker.run(ThreadPoolExecutor.java:635)
        at java.base@17.0.13/java.lang.Thread.run(Thread.java:840)
"IPC Server handler 0 on default port 15019" daemon prio=5 tid=552 timed_waiting
java.lang.Thread.State: TIMED_WAITING
        at java.base@17.0.13/jdk.internal.misc.Unsafe.park(Native Method)
        at java.base@17.0.13/java.util.concurrent.locks.LockSupport.parkNanos(LockSupport.java:252)
        at java.base@17.0.13/java.util.concurrent.locks.AbstractQueuedSynchronizer$ConditionObject.awaitNanos(AbstractQueuedSynchronizer.java:1679)
        at java.base@17.0.13/java.util.concurrent.LinkedBlockingQueue.poll(LinkedBlockingQueue.java:460)
        at app//org.apache.hadoop.ipc.CallQueueManager.take(CallQueueManager.java:370)
        at app//org.apache.hadoop.ipc.Server$Handler.run(Server.java:3165)
"IPC Server handler 39 on default port 15002" daemon prio=5 tid=324 timed_waiting
java.lang.Thread.State: TIMED_WAITING
        at java.base@17.0.13/jdk.internal.misc.Unsafe.park(Native Method)
        at java.base@17.0.13/java.util.concurrent.locks.LockSupport.parkNanos(LockSupport.java:252)
        at java.base@17.0.13/java.util.concurrent.locks.AbstractQueuedSynchronizer$ConditionObject.awaitNanos(AbstractQueuedSynchronizer.java:1679)
        at java.base@17.0.13/java.util.concurrent.LinkedBlockingQueue.poll(LinkedBlockingQueue.java:460)
        at app//org.apache.hadoop.ipc.CallQueueManager.take(CallQueueManager.java:370)
        at app//org.apache.hadoop.ipc.Server$Handler.run(Server.java:3165)
"qtp1888798697-530" daemon prio=5 tid=530 runnable
java.lang.Thread.State: RUNNABLE
        at java.base@17.0.13/sun.nio.ch.EPoll.wait(Native Method)
        at java.base@17.0.13/sun.nio.ch.EPollSelectorImpl.doSelect(EPollSelectorImpl.java:118)
        at java.base@17.0.13/sun.nio.ch.SelectorImpl.lockAndDoSelect(SelectorImpl.java:129)
        at java.base@17.0.13/sun.nio.ch.SelectorImpl.select(SelectorImpl.java:146)
        at app//org.eclipse.jetty.io.ManagedSelector.nioSelect(ManagedSelector.java:183)
        at app//org.eclipse.jetty.io.ManagedSelector.select(ManagedSelector.java:190)
        at app//org.eclipse.jetty.io.ManagedSelector$SelectorProducer.select(ManagedSelector.java:606)
        at app//org.eclipse.jetty.io.ManagedSelector$SelectorProducer.produce(ManagedSelector.java:543)
        at app//org.eclipse.jetty.util.thread.strategy.EatWhatYouKill.produceTask(EatWhatYouKill.java:362)
        at app//org.eclipse.jetty.util.thread.strategy.EatWhatYouKill.doProduce(EatWhatYouKill.java:186)
        at app//org.eclipse.jetty.util.thread.strategy.EatWhatYouKill.tryProduce(EatWhatYouKill.java:173)
        at app//org.eclipse.jetty.util.thread.strategy.EatWhatYouKill.produce(EatWhatYouKill.java:137)
        at app//org.eclipse.jetty.io.ManagedSelector$$Lambda$837/0x00007fa408547510.run(Unknown Source)
        at app//org.eclipse.jetty.util.thread.QueuedThreadPool.runJob(QueuedThreadPool.java:883)
        at app//org.eclipse.jetty.util.thread.QueuedThreadPool$Runner.run(QueuedThreadPool.java:1034)
        at java.base@17.0.13/java.lang.Thread.run(Thread.java:840)
"IPC Server handler 22 on default port 15000" daemon prio=5 tid=107 timed_waiting
java.lang.Thread.State: TIMED_WAITING
        at java.base@17.0.13/jdk.internal.misc.Unsafe.park(Native Method)
        at java.base@17.0.13/java.util.concurrent.locks.LockSupport.parkNanos(LockSupport.java:252)
        at java.base@17.0.13/java.util.concurrent.locks.AbstractQueuedSynchronizer$ConditionObject.awaitNanos(AbstractQueuedSynchronizer.java:1679)
        at java.base@17.0.13/java.util.concurrent.LinkedBlockingQueue.poll(LinkedBlockingQueue.java:460)
        at app//org.apache.hadoop.ipc.CallQueueManager.take(CallQueueManager.java:370)
        at app//org.apache.hadoop.ipc.Server$Handler.run(Server.java:3165)
"qtp560332026-669-acceptor-0@76311fa0-ServerConnector@2478f64c{HTTP/1.1, (http/1.1)}{0.0.0.0:15045}" daemon prio=3 tid=669 runnable
java.lang.Thread.State: RUNNABLE
        at java.base@17.0.13/sun.nio.ch.Net.accept(Native Method)
        at java.base@17.0.13/sun.nio.ch.ServerSocketChannelImpl.implAccept(ServerSocketChannelImpl.java:425)
        at java.base@17.0.13/sun.nio.ch.ServerSocketChannelImpl.accept(ServerSocketChannelImpl.java:391)
        at app//org.eclipse.jetty.server.ServerConnector.accept(ServerConnector.java:388)
        at app//org.eclipse.jetty.server.AbstractConnector$Acceptor.run(AbstractConnector.java:704)
        at app//org.eclipse.jetty.util.thread.QueuedThreadPool.runJob(QueuedThreadPool.java:883)
        at app//org.eclipse.jetty.util.thread.QueuedThreadPool$Runner.run(QueuedThreadPool.java:1034)
        at java.base@17.0.13/java.lang.Thread.run(Thread.java:840)
"IPC Server handler 29 on default port 15000" daemon prio=5 tid=114 timed_waiting
java.lang.Thread.State: TIMED_WAITING
        at java.base@17.0.13/jdk.internal.misc.Unsafe.park(Native Method)
        at java.base@17.0.13/java.util.concurrent.locks.LockSupport.parkNanos(LockSupport.java:252)
        at java.base@17.0.13/java.util.concurrent.locks.AbstractQueuedSynchronizer$ConditionObject.awaitNanos(AbstractQueuedSynchronizer.java:1679)
        at java.base@17.0.13/java.util.concurrent.LinkedBlockingQueue.poll(LinkedBlockingQueue.java:460)
        at app//org.apache.hadoop.ipc.CallQueueManager.take(CallQueueManager.java:370)
        at app//org.apache.hadoop.ipc.Server$Handler.run(Server.java:3165)
"IPC Server idle connection scanner for port 15002" daemon prio=5 tid=43 timed_waiting
java.lang.Thread.State: TIMED_WAITING
        at java.base@17.0.13/java.lang.Object.wait(Native Method)
        at java.base@17.0.13/java.util.TimerThread.mainLoop(Timer.java:563)
        at java.base@17.0.13/java.util.TimerThread.run(Timer.java:516)
"IPC Server handler 53 on default port 15000" daemon prio=5 tid=138 timed_waiting
java.lang.Thread.State: TIMED_WAITING
        at java.base@17.0.13/jdk.internal.misc.Unsafe.park(Native Method)
        at java.base@17.0.13/java.util.concurrent.locks.LockSupport.parkNanos(LockSupport.java:252)
        at java.base@17.0.13/java.util.concurrent.locks.AbstractQueuedSynchronizer$ConditionObject.awaitNanos(AbstractQueuedSynchronizer.java:1679)
        at java.base@17.0.13/java.util.concurrent.LinkedBlockingQueue.poll(LinkedBlockingQueue.java:460)
        at app//org.apache.hadoop.ipc.CallQueueManager.take(CallQueueManager.java:370)
        at app//org.apache.hadoop.ipc.Server$Handler.run(Server.java:3165)
"46c085ae-d173-483e-a797-bf073fdc6d33-DatanodeReportManager-2" daemon prio=5 tid=611 in Object.wait()
java.lang.Thread.State: WAITING (on object monitor)
        at java.base@17.0.13/jdk.internal.misc.Unsafe.park(Native Method)
        at java.base@17.0.13/java.util.concurrent.locks.LockSupport.park(LockSupport.java:341)
        at java.base@17.0.13/java.util.concurrent.locks.AbstractQueuedSynchronizer$ConditionNode.block(AbstractQueuedSynchronizer.java:506)
        at java.base@17.0.13/java.util.concurrent.ForkJoinPool.unmanagedBlock(ForkJoinPool.java:3465)
        at java.base@17.0.13/java.util.concurrent.ForkJoinPool.managedBlock(ForkJoinPool.java:3436)
        at java.base@17.0.13/java.util.concurrent.locks.AbstractQueuedSynchronizer$ConditionObject.await(AbstractQueuedSynchronizer.java:1630)
        at java.base@17.0.13/java.util.concurrent.ScheduledThreadPoolExecutor$DelayedWorkQueue.take(ScheduledThreadPoolExecutor.java:1177)
        at java.base@17.0.13/java.util.concurrent.ScheduledThreadPoolExecutor$DelayedWorkQueue.take(ScheduledThreadPoolExecutor.java:899)
        at java.base@17.0.13/java.util.concurrent.ThreadPoolExecutor.getTask(ThreadPoolExecutor.java:1062)
        at java.base@17.0.13/java.util.concurrent.ThreadPoolExecutor.runWorker(ThreadPoolExecutor.java:1122)
        at java.base@17.0.13/java.util.concurrent.ThreadPoolExecutor$Worker.run(ThreadPoolExecutor.java:635)
        at java.base@17.0.13/java.lang.Thread.run(Thread.java:840)
"IPC Server handler 51 on default port 15002" daemon prio=5 tid=336 timed_waiting
java.lang.Thread.State: TIMED_WAITING
        at java.base@17.0.13/jdk.internal.misc.Unsafe.park(Native Method)
        at java.base@17.0.13/java.util.concurrent.locks.LockSupport.parkNanos(LockSupport.java:252)
        at java.base@17.0.13/java.util.concurrent.locks.AbstractQueuedSynchronizer$ConditionObject.awaitNanos(AbstractQueuedSynchronizer.java:1679)
        at java.base@17.0.13/java.util.concurrent.LinkedBlockingQueue.poll(LinkedBlockingQueue.java:460)
        at app//org.apache.hadoop.ipc.CallQueueManager.take(CallQueueManager.java:370)
        at app//org.apache.hadoop.ipc.Server$Handler.run(Server.java:3165)
"main"  prio=5 tid=1 runnable
java.lang.Thread.State: RUNNABLE
        at java.base@17.0.13/java.lang.Thread.dumpThreads(Native Method)
        at java.base@17.0.13/java.lang.Thread.getAllStackTraces(Thread.java:1671)
        at app//org.apache.ozone.test.TimedOutTestsListener.buildThreadDump(TimedOutTestsListener.java:83)
        at app//org.apache.ozone.test.TimedOutTestsListener.buildThreadDiagnosticString(TimedOutTestsListener.java:69)
        at app//org.apache.ozone.test.GenericTestUtils.waitFor(GenericTestUtils.java:220)
        at app//org.apache.hadoop.hdds.scm.node.TestQueryNode.testStaleNodesCount(TestQueryNode.java:103)
        at java.base@17.0.13/jdk.internal.reflect.NativeMethodAccessorImpl.invoke0(Native Method)
        at java.base@17.0.13/jdk.internal.reflect.NativeMethodAccessorImpl.invoke(NativeMethodAccessorImpl.java:77)
        at java.base@17.0.13/jdk.internal.reflect.DelegatingMethodAccessorImpl.invoke(DelegatingMethodAccessorImpl.java:43)
        at java.base@17.0.13/java.lang.reflect.Method.invoke(Method.java:569)
        at app//org.junit.platform.commons.util.ReflectionUtils.invokeMethod(ReflectionUtils.java:767)
        at app//org.junit.jupiter.engine.execution.MethodInvocation.proceed(MethodInvocation.java:60)
        at app//org.junit.jupiter.engine.execution.InvocationInterceptorChain$ValidatingInvocation.proceed(InvocationInterceptorChain.java:131)
        at app//org.junit.jupiter.engine.extension.TimeoutExtension.intercept(TimeoutExtension.java:156)
        at app//org.junit.jupiter.engine.extension.TimeoutExtension.interceptTestableMethod(TimeoutExtension.java:147)
        at app//org.junit.jupiter.engine.extension.TimeoutExtension.interceptTestMethod(TimeoutExtension.java:86)
        at app//org.junit.jupiter.engine.descriptor.TestMethodTestDescriptor$$Lambda$228/0x00007fa4080a2098.apply(Unknown Source)
        at app//org.junit.jupiter.engine.execution.InterceptingExecutableInvoker$ReflectiveInterceptorCall.lambda$ofVoidMethod$0(InterceptingExecutableInvoker.java:103)
        at app//org.junit.jupiter.engine.execution.InterceptingExecutableInvoker$ReflectiveInterceptorCall$$Lambda$229/0x00007fa4080a24b8.apply(Unknown Source)
        at app//org.junit.jupiter.engine.execution.InterceptingExecutableInvoker.lambda$invoke$0(InterceptingExecutableInvoker.java:93)
        at app//org.junit.jupiter.engine.execution.InterceptingExecutableInvoker$$Lambda$455/0x00007fa40812a4b0.apply(Unknown Source)
        at app//org.junit.jupiter.engine.execution.InvocationInterceptorChain$InterceptedInvocation.proceed(InvocationInterceptorChain.java:106)
        at app//org.junit.jupiter.engine.execution.InvocationInterceptorChain.proceed(InvocationInterceptorChain.java:64)
        at app//org.junit.jupiter.engine.execution.InvocationInterceptorChain.chainAndInvoke(InvocationInterceptorChain.java:45)
        at app//org.junit.jupiter.engine.execution.InvocationInterceptorChain.invoke(InvocationInterceptorChain.java:37)
        at app//org.junit.jupiter.engine.execution.InterceptingExecutableInvoker.invoke(InterceptingExecutableInvoker.java:92)
        at app//org.junit.jupiter.engine.execution.InterceptingExecutableInvoker.invoke(InterceptingExecutableInvoker.java:86)
        at app//org.junit.jupiter.engine.descriptor.TestMethodTestDescriptor.lambda$invokeTestMethod$8(TestMethodTestDescriptor.java:217)
        at app//org.junit.jupiter.engine.descriptor.TestMethodTestDescriptor$$Lambda$1734/0x00007fa408a85a20.execute(Unknown Source)
        at app//org.junit.platform.engine.support.hierarchical.ThrowableCollector.execute(ThrowableCollector.java:73)
        at app//org.junit.jupiter.engine.descriptor.TestMethodTestDescriptor.invokeTestMethod(TestMethodTestDescriptor.java:213)
        at app//org.junit.jupiter.engine.descriptor.TestMethodTestDescriptor.execute(TestMethodTestDescriptor.java:138)
        at app//org.junit.jupiter.engine.descriptor.TestMethodTestDescriptor.execute(TestMethodTestDescriptor.java:68)
        at app//org.junit.platform.engine.support.hierarchical.NodeTestTask.lambda$executeRecursively$6(NodeTestTask.java:156)
        at app//org.junit.platform.engine.support.hierarchical.NodeTestTask$$Lambda$378/0x00007fa408117c90.execute(Unknown Source)
        at app//org.junit.platform.engine.support.hierarchical.ThrowableCollector.execute(ThrowableCollector.java:73)
        at app//org.junit.platform.engine.support.hierarchical.NodeTestTask.lambda$executeRecursively$8(NodeTestTask.java:146)
        at app//org.junit.platform.engine.support.hierarchical.NodeTestTask$$Lambda$377/0x00007fa408117a68.invoke(Unknown Source)
        at app//org.junit.platform.engine.support.hierarchical.Node.around(Node.java:137)
        at app//org.junit.platform.engine.support.hierarchical.NodeTestTask.lambda$executeRecursively$9(NodeTestTask.java:144)
        at app//org.junit.platform.engine.support.hierarchical.NodeTestTask$$Lambda$376/0x00007fa408117640.execute(Unknown Source)
        at app//org.junit.platform.engine.support.hierarchical.ThrowableCollector.execute(ThrowableCollector.java:73)
        at app//org.junit.platform.engine.support.hierarchical.NodeTestTask.executeRecursively(NodeTestTask.java:143)
        at app//org.junit.platform.engine.support.hierarchical.NodeTestTask.execute(NodeTestTask.java:100)
        at app//org.junit.platform.engine.support.hierarchical.SameThreadHierarchicalTestExecutorService$$Lambda$382/0x00007fa4081188f0.accept(Unknown Source)
        at java.base@17.0.13/java.util.ArrayList.forEach(ArrayList.java:1511)
        at app//org.junit.platform.engine.support.hierarchical.SameThreadHierarchicalTestExecutorService.invokeAll(SameThreadHierarchicalTestExecutorService.java:41)
        at app//org.junit.platform.engine.support.hierarchical.NodeTestTask.lambda$executeRecursively$6(NodeTestTask.java:160)
        at app//org.junit.platform.engine.support.hierarchical.NodeTestTask$$Lambda$378/0x00007fa408117c90.execute(Unknown Source)
        at app//org.junit.platform.engine.support.hierarchical.ThrowableCollector.execute(ThrowableCollector.java:73)
        at app//org.junit.platform.engine.support.hierarchical.NodeTestTask.lambda$executeRecursively$8(NodeTestTask.java:146)
        at app//org.junit.platform.engine.support.hierarchical.NodeTestTask$$Lambda$377/0x00007fa408117a68.invoke(Unknown Source)
        at app//org.junit.platform.engine.support.hierarchical.Node.around(Node.java:137)
        at app//org.junit.platform.engine.support.hierarchical.NodeTestTask.lambda$executeRecursively$9(NodeTestTask.java:144)
        at app//org.junit.platform.engine.support.hierarchical.NodeTestTask$$Lambda$376/0x00007fa408117640.execute(Unknown Source)
        at app//org.junit.platform.engine.support.hierarchical.ThrowableCollector.execute(ThrowableCollector.java:73)
        at app//org.junit.platform.engine.support.hierarchical.NodeTestTask.executeRecursively(NodeTestTask.java:143)
        at app//org.junit.platform.engine.support.hierarchical.NodeTestTask.execute(NodeTestTask.java:100)
        at app//org.junit.platform.engine.support.hierarchical.SameThreadHierarchicalTestExecutorService$$Lambda$382/0x00007fa4081188f0.accept(Unknown Source)
        at java.base@17.0.13/java.util.ArrayList.forEach(ArrayList.java:1511)
        at app//org.junit.platform.engine.support.hierarchical.SameThreadHierarchicalTestExecutorService.invokeAll(SameThreadHierarchicalTestExecutorService.java:41)
        at app//org.junit.platform.engine.support.hierarchical.NodeTestTask.lambda$executeRecursively$6(NodeTestTask.java:160)
        at app//org.junit.platform.engine.support.hierarchical.NodeTestTask$$Lambda$378/0x00007fa408117c90.execute(Unknown Source)
        at app//org.junit.platform.engine.support.hierarchical.ThrowableCollector.execute(ThrowableCollector.java:73)
        at app//org.junit.platform.engine.support.hierarchical.NodeTestTask.lambda$executeRecursively$8(NodeTestTask.java:146)
        at app//org.junit.platform.engine.support.hierarchical.NodeTestTask$$Lambda$377/0x00007fa408117a68.invoke(Unknown Source)
        at app//org.junit.platform.engine.support.hierarchical.Node.around(Node.java:137)
        at app//org.junit.platform.engine.support.hierarchical.NodeTestTask.lambda$executeRecursively$9(NodeTestTask.java:144)
        at app//org.junit.platform.engine.support.hierarchical.NodeTestTask$$Lambda$376/0x00007fa408117640.execute(Unknown Source)
        at app//org.junit.platform.engine.support.hierarchical.ThrowableCollector.execute(ThrowableCollector.java:73)
        at app//org.junit.platform.engine.support.hierarchical.NodeTestTask.executeRecursively(NodeTestTask.java:143)
        at app//org.junit.platform.engine.support.hierarchical.NodeTestTask.execute(NodeTestTask.java:100)
        at app//org.junit.platform.engine.support.hierarchical.SameThreadHierarchicalTestExecutorService.submit(SameThreadHierarchicalTestExecutorService.java:35)
        at app//org.junit.platform.engine.support.hierarchical.HierarchicalTestExecutor.execute(HierarchicalTestExecutor.java:57)
        at app//org.junit.platform.engine.support.hierarchical.HierarchicalTestEngine.execute(HierarchicalTestEngine.java:54)
        at app//org.junit.platform.launcher.core.EngineExecutionOrchestrator.execute(EngineExecutionOrchestrator.java:198)
        at app//org.junit.platform.launcher.core.EngineExecutionOrchestrator.execute(EngineExecutionOrchestrator.java:169)
        at app//org.junit.platform.launcher.core.EngineExecutionOrchestrator.execute(EngineExecutionOrchestrator.java:93)
        at app//org.junit.platform.launcher.core.EngineExecutionOrchestrator.lambda$execute$0(EngineExecutionOrchestrator.java:58)
        at app//org.junit.platform.launcher.core.EngineExecutionOrchestrator$$Lambda$287/0x00007fa4080af5f0.accept(Unknown Source)
        at app//org.junit.platform.launcher.core.EngineExecutionOrchestrator.withInterceptedStreams(EngineExecutionOrchestrator.java:141)
        at app//org.junit.platform.launcher.core.EngineExecutionOrchestrator.execute(EngineExecutionOrchestrator.java:57)
        at app//org.junit.platform.launcher.core.DefaultLauncher.execute(DefaultLauncher.java:103)
        at app//org.junit.platform.launcher.core.DefaultLauncher.execute(DefaultLauncher.java:85)
        at app//org.junit.platform.launcher.core.DelegatingLauncher.execute(DelegatingLauncher.java:47)
        at app//org.junit.platform.launcher.core.SessionPerRequestLauncher.execute(SessionPerRequestLauncher.java:63)
        at app//org.apache.maven.surefire.junitplatform.JUnitPlatformProvider.invokeAllTests(JUnitPlatformProvider.java:154)
        at app//org.apache.maven.surefire.junitplatform.JUnitPlatformProvider.invoke(JUnitPlatformProvider.java:123)
        at app//org.apache.maven.surefire.booter.ForkedBooter.runSuitesInProcess(ForkedBooter.java:377)
        at app//org.apache.maven.surefire.booter.ForkedBooter.execute(ForkedBooter.java:138)
        at app//org.apache.maven.surefire.booter.ForkedBooter.run(ForkedBooter.java:465)
        at app//org.apache.maven.surefire.booter.ForkedBooter.main(ForkedBooter.java:451)
"82107b5c-a456-4cce-866c-b79ad2953fda-ChunkWriter-1-0" daemon prio=5 tid=773 in Object.wait()
java.lang.Thread.State: WAITING (on object monitor)
        at java.base@17.0.13/jdk.internal.misc.Unsafe.park(Native Method)
        at java.base@17.0.13/java.util.concurrent.locks.LockSupport.park(LockSupport.java:341)
        at java.base@17.0.13/java.util.concurrent.locks.AbstractQueuedSynchronizer$ConditionNode.block(AbstractQueuedSynchronizer.java:506)
        at java.base@17.0.13/java.util.concurrent.ForkJoinPool.unmanagedBlock(ForkJoinPool.java:3465)
        at java.base@17.0.13/java.util.concurrent.ForkJoinPool.managedBlock(ForkJoinPool.java:3436)
        at java.base@17.0.13/java.util.concurrent.locks.AbstractQueuedSynchronizer$ConditionObject.await(AbstractQueuedSynchronizer.java:1630)
        at java.base@17.0.13/java.util.concurrent.LinkedBlockingDeque.takeFirst(LinkedBlockingDeque.java:485)
        at java.base@17.0.13/java.util.concurrent.LinkedBlockingDeque.take(LinkedBlockingDeque.java:673)
        at java.base@17.0.13/java.util.concurrent.ThreadPoolExecutor.getTask(ThreadPoolExecutor.java:1062)
        at java.base@17.0.13/java.util.concurrent.ThreadPoolExecutor.runWorker(ThreadPoolExecutor.java:1122)
        at java.base@17.0.13/java.util.concurrent.ThreadPoolExecutor$Worker.run(ThreadPoolExecutor.java:635)
        at java.base@17.0.13/java.lang.Thread.run(Thread.java:840)
"SnapshotCacheCleanupService" daemon prio=5 tid=404 timed_waiting
java.lang.Thread.State: TIMED_WAITING
        at java.base@17.0.13/jdk.internal.misc.Unsafe.park(Native Method)
        at java.base@17.0.13/java.util.concurrent.locks.LockSupport.parkNanos(LockSupport.java:252)
        at java.base@17.0.13/java.util.concurrent.locks.AbstractQueuedSynchronizer$ConditionObject.awaitNanos(AbstractQueuedSynchronizer.java:1679)
        at java.base@17.0.13/java.util.concurrent.ScheduledThreadPoolExecutor$DelayedWorkQueue.take(ScheduledThreadPoolExecutor.java:1182)
        at java.base@17.0.13/java.util.concurrent.ScheduledThreadPoolExecutor$DelayedWorkQueue.take(ScheduledThreadPoolExecutor.java:899)
        at java.base@17.0.13/java.util.concurrent.ThreadPoolExecutor.getTask(ThreadPoolExecutor.java:1062)
        at java.base@17.0.13/java.util.concurrent.ThreadPoolExecutor.runWorker(ThreadPoolExecutor.java:1122)
        at java.base@17.0.13/java.util.concurrent.ThreadPoolExecutor$Worker.run(ThreadPoolExecutor.java:635)
        at java.base@17.0.13/java.lang.Thread.run(Thread.java:840)
"IPC Server handler 41 on default port 15000" daemon prio=5 tid=126 timed_waiting
java.lang.Thread.State: TIMED_WAITING
        at java.base@17.0.13/jdk.internal.misc.Unsafe.park(Native Method)
        at java.base@17.0.13/java.util.concurrent.locks.LockSupport.parkNanos(LockSupport.java:252)
        at java.base@17.0.13/java.util.concurrent.locks.AbstractQueuedSynchronizer$ConditionObject.awaitNanos(AbstractQueuedSynchronizer.java:1679)
        at java.base@17.0.13/java.util.concurrent.LinkedBlockingQueue.poll(LinkedBlockingQueue.java:460)
        at app//org.apache.hadoop.ipc.CallQueueManager.take(CallQueueManager.java:370)
        at app//org.apache.hadoop.ipc.Server$Handler.run(Server.java:3165)
"FixedThreadPoolWithAffinityExecutor-9-0" daemon prio=5 tid=83 timed_waiting
java.lang.Thread.State: TIMED_WAITING
        at java.base@17.0.13/jdk.internal.misc.Unsafe.park(Native Method)
        at java.base@17.0.13/java.util.concurrent.locks.LockSupport.parkNanos(LockSupport.java:252)
        at java.base@17.0.13/java.util.concurrent.locks.AbstractQueuedSynchronizer$ConditionObject.awaitNanos(AbstractQueuedSynchronizer.java:1679)
        at java.base@17.0.13/java.util.concurrent.LinkedBlockingQueue.poll(LinkedBlockingQueue.java:460)
        at app//org.apache.hadoop.hdds.scm.server.ContainerReportQueue.poll(ContainerReportQueue.java:269)
        at app//org.apache.hadoop.hdds.scm.server.ContainerReportQueue.poll(ContainerReportQueue.java:42)
        at app//org.apache.hadoop.hdds.server.events.FixedThreadPoolWithAffinityExecutor$ContainerReportProcessTask.run(FixedThreadPoolWithAffinityExecutor.java:253)
        at java.base@17.0.13/java.util.concurrent.Executors$RunnableAdapter.call(Executors.java:539)
        at java.base@17.0.13/java.util.concurrent.FutureTask.run(FutureTask.java:264)
        at java.base@17.0.13/java.util.concurrent.ThreadPoolExecutor.runWorker(ThreadPoolExecutor.java:1136)
        at java.base@17.0.13/java.util.concurrent.ThreadPoolExecutor$Worker.run(ThreadPoolExecutor.java:635)
        at java.base@17.0.13/java.lang.Thread.run(Thread.java:840)
"Socket Reader #2 for port 15000"  prio=5 tid=62 runnable
java.lang.Thread.State: RUNNABLE
        at java.base@17.0.13/sun.nio.ch.EPoll.wait(Native Method)
        at java.base@17.0.13/sun.nio.ch.EPollSelectorImpl.doSelect(EPollSelectorImpl.java:118)
        at java.base@17.0.13/sun.nio.ch.SelectorImpl.lockAndDoSelect(SelectorImpl.java:129)
        at java.base@17.0.13/sun.nio.ch.SelectorImpl.select(SelectorImpl.java:146)
        at app//org.apache.hadoop.ipc.Server$Listener$Reader.doRunLoop(Server.java:1497)
        at app//org.apache.hadoop.ipc.Server$Listener$Reader.run(Server.java:1476)
"IPC Server handler 48 on default port 15000" daemon prio=5 tid=133 timed_waiting
java.lang.Thread.State: TIMED_WAITING
        at java.base@17.0.13/jdk.internal.misc.Unsafe.park(Native Method)
        at java.base@17.0.13/java.util.concurrent.locks.LockSupport.parkNanos(LockSupport.java:252)
        at java.base@17.0.13/java.util.concurrent.locks.AbstractQueuedSynchronizer$ConditionObject.awaitNanos(AbstractQueuedSynchronizer.java:1679)
        at java.base@17.0.13/java.util.concurrent.LinkedBlockingQueue.poll(LinkedBlockingQueue.java:460)
        at app//org.apache.hadoop.ipc.CallQueueManager.take(CallQueueManager.java:370)
        at app//org.apache.hadoop.ipc.Server$Handler.run(Server.java:3165)
"IPC Server handler 32 on default port 15002" daemon prio=5 tid=317 timed_waiting
java.lang.Thread.State: TIMED_WAITING
        at java.base@17.0.13/jdk.internal.misc.Unsafe.park(Native Method)
        at java.base@17.0.13/java.util.concurrent.locks.LockSupport.parkNanos(LockSupport.java:252)
        at java.base@17.0.13/java.util.concurrent.locks.AbstractQueuedSynchronizer$ConditionObject.awaitNanos(AbstractQueuedSynchronizer.java:1679)
        at java.base@17.0.13/java.util.concurrent.LinkedBlockingQueue.poll(LinkedBlockingQueue.java:460)
        at app//org.apache.hadoop.ipc.CallQueueManager.take(CallQueueManager.java:370)
        at app//org.apache.hadoop.ipc.Server$Handler.run(Server.java:3165)
"82107b5c-a456-4cce-866c-b79ad2953fda@group-848028536F21-StateMachineUpdater" daemon prio=5 tid=892 timed_waiting
java.lang.Thread.State: TIMED_WAITING
        at java.base@17.0.13/jdk.internal.misc.Unsafe.park(Native Method)
        at java.base@17.0.13/java.util.concurrent.locks.LockSupport.parkNanos(LockSupport.java:252)
        at java.base@17.0.13/java.util.concurrent.locks.AbstractQueuedSynchronizer$ConditionObject.await(AbstractQueuedSynchronizer.java:1764)
        at app//org.apache.ratis.util.AwaitForSignal.await(AwaitForSignal.java:65)
        at app//org.apache.ratis.server.impl.StateMachineUpdater.waitForCommit(StateMachineUpdater.java:219)
        at app//org.apache.ratis.server.impl.StateMachineUpdater.run(StateMachineUpdater.java:187)
        at java.base@17.0.13/java.lang.Thread.run(Thread.java:840)
"IPC Server handler 3 on default port 15004" daemon prio=5 tid=455 timed_waiting
java.lang.Thread.State: TIMED_WAITING
        at java.base@17.0.13/jdk.internal.misc.Unsafe.park(Native Method)
        at java.base@17.0.13/java.util.concurrent.locks.LockSupport.parkNanos(LockSupport.java:252)
        at java.base@17.0.13/java.util.concurrent.locks.AbstractQueuedSynchronizer$ConditionObject.awaitNanos(AbstractQueuedSynchronizer.java:1679)
        at java.base@17.0.13/java.util.concurrent.LinkedBlockingQueue.poll(LinkedBlockingQueue.java:460)
        at app//org.apache.hadoop.ipc.CallQueueManager.take(CallQueueManager.java:370)
        at app//org.apache.hadoop.ipc.Server$Handler.run(Server.java:3165)
"Socket Reader #2 for port 15028"  prio=5 tid=586 runnable
java.lang.Thread.State: RUNNABLE
        at java.base@17.0.13/sun.nio.ch.EPoll.wait(Native Method)
        at java.base@17.0.13/sun.nio.ch.EPollSelectorImpl.doSelect(EPollSelectorImpl.java:118)
        at java.base@17.0.13/sun.nio.ch.SelectorImpl.lockAndDoSelect(SelectorImpl.java:129)
        at java.base@17.0.13/sun.nio.ch.SelectorImpl.select(SelectorImpl.java:146)
        at app//org.apache.hadoop.ipc.Server$Listener$Reader.doRunLoop(Server.java:1497)
        at app//org.apache.hadoop.ipc.Server$Listener$Reader.run(Server.java:1476)
"qtp560332026-673" daemon prio=5 tid=673 timed_waiting
java.lang.Thread.State: TIMED_WAITING
        at java.base@17.0.13/jdk.internal.misc.Unsafe.park(Native Method)
        at java.base@17.0.13/java.util.concurrent.locks.LockSupport.parkNanos(LockSupport.java:252)
        at java.base@17.0.13/java.util.concurrent.locks.AbstractQueuedSynchronizer$ConditionObject.awaitNanos(AbstractQueuedSynchronizer.java:1679)
        at app//org.eclipse.jetty.util.BlockingArrayQueue.poll(BlockingArrayQueue.java:382)
        at app//org.eclipse.jetty.util.thread.QueuedThreadPool$Runner.idleJobPoll(QueuedThreadPool.java:974)
        at app//org.eclipse.jetty.util.thread.QueuedThreadPool$Runner.run(QueuedThreadPool.java:1018)
        at java.base@17.0.13/java.lang.Thread.run(Thread.java:840)
"qtp560332026-671" daemon prio=5 tid=671 timed_waiting
java.lang.Thread.State: TIMED_WAITING
        at java.base@17.0.13/jdk.internal.misc.Unsafe.park(Native Method)
        at java.base@17.0.13/java.util.concurrent.locks.LockSupport.parkNanos(LockSupport.java:252)
        at java.base@17.0.13/java.util.concurrent.locks.AbstractQueuedSynchronizer$ConditionObject.awaitNanos(AbstractQueuedSynchronizer.java:1679)
        at app//org.eclipse.jetty.util.BlockingArrayQueue.poll(BlockingArrayQueue.java:382)
        at app//org.eclipse.jetty.util.thread.QueuedThreadPool$Runner.idleJobPoll(QueuedThreadPool.java:974)
        at app//org.eclipse.jetty.util.thread.QueuedThreadPool$Runner.run(QueuedThreadPool.java:1018)
        at java.base@17.0.13/java.lang.Thread.run(Thread.java:840)
"Socket Reader #3 for port 15002"  prio=5 tid=35 runnable
java.lang.Thread.State: RUNNABLE
        at java.base@17.0.13/sun.nio.ch.EPoll.wait(Native Method)
        at java.base@17.0.13/sun.nio.ch.EPollSelectorImpl.doSelect(EPollSelectorImpl.java:118)
        at java.base@17.0.13/sun.nio.ch.SelectorImpl.lockAndDoSelect(SelectorImpl.java:129)
        at java.base@17.0.13/sun.nio.ch.SelectorImpl.select(SelectorImpl.java:146)
        at app//org.apache.hadoop.ipc.Server$Listener$Reader.doRunLoop(Server.java:1497)
        at app//org.apache.hadoop.ipc.Server$Listener$Reader.run(Server.java:1476)
"qtp1888798697-536" daemon prio=5 tid=536 timed_waiting
java.lang.Thread.State: TIMED_WAITING
        at java.base@17.0.13/jdk.internal.misc.Unsafe.park(Native Method)
        at java.base@17.0.13/java.util.concurrent.locks.LockSupport.parkNanos(LockSupport.java:252)
        at java.base@17.0.13/java.util.concurrent.locks.AbstractQueuedSynchronizer$ConditionObject.awaitNanos(AbstractQueuedSynchronizer.java:1679)
        at app//org.eclipse.jetty.util.BlockingArrayQueue.poll(BlockingArrayQueue.java:382)
        at app//org.eclipse.jetty.util.thread.QueuedThreadPool$Runner.idleJobPoll(QueuedThreadPool.java:974)
        at app//org.eclipse.jetty.util.thread.QueuedThreadPool$Runner.run(QueuedThreadPool.java:1018)
        at java.base@17.0.13/java.lang.Thread.run(Thread.java:840)
"Socket Reader #9 for port 15000"  prio=5 tid=69 runnable
java.lang.Thread.State: RUNNABLE
        at java.base@17.0.13/sun.nio.ch.EPoll.wait(Native Method)
        at java.base@17.0.13/sun.nio.ch.EPollSelectorImpl.doSelect(EPollSelectorImpl.java:118)
        at java.base@17.0.13/sun.nio.ch.SelectorImpl.lockAndDoSelect(SelectorImpl.java:129)
        at java.base@17.0.13/sun.nio.ch.SelectorImpl.select(SelectorImpl.java:146)
        at app//org.apache.hadoop.ipc.Server$Listener$Reader.doRunLoop(Server.java:1497)
        at app//org.apache.hadoop.ipc.Server$Listener$Reader.run(Server.java:1476)
"Socket Reader #10 for port 15000"  prio=5 tid=70 runnable
java.lang.Thread.State: RUNNABLE
        at java.base@17.0.13/sun.nio.ch.EPoll.wait(Native Method)
        at java.base@17.0.13/sun.nio.ch.EPollSelectorImpl.doSelect(EPollSelectorImpl.java:118)
        at java.base@17.0.13/sun.nio.ch.SelectorImpl.lockAndDoSelect(SelectorImpl.java:129)
        at java.base@17.0.13/sun.nio.ch.SelectorImpl.select(SelectorImpl.java:146)
        at app//org.apache.hadoop.ipc.Server$Listener$Reader.doRunLoop(Server.java:1497)
        at app//org.apache.hadoop.ipc.Server$Listener$Reader.run(Server.java:1476)
"IPC Server handler 69 on default port 15000" daemon prio=5 tid=154 timed_waiting
java.lang.Thread.State: TIMED_WAITING
        at java.base@17.0.13/jdk.internal.misc.Unsafe.park(Native Method)
        at java.base@17.0.13/java.util.concurrent.locks.LockSupport.parkNanos(LockSupport.java:252)
        at java.base@17.0.13/java.util.concurrent.locks.AbstractQueuedSynchronizer$ConditionObject.awaitNanos(AbstractQueuedSynchronizer.java:1679)
        at java.base@17.0.13/java.util.concurrent.LinkedBlockingQueue.poll(LinkedBlockingQueue.java:460)
        at app//org.apache.hadoop.ipc.CallQueueManager.take(CallQueueManager.java:370)
        at app//org.apache.hadoop.ipc.Server$Handler.run(Server.java:3165)
"IPC Server handler 4 on default port 15000" daemon prio=5 tid=89 timed_waiting
java.lang.Thread.State: TIMED_WAITING
        at java.base@17.0.13/jdk.internal.misc.Unsafe.park(Native Method)
        at java.base@17.0.13/java.util.concurrent.locks.LockSupport.parkNanos(LockSupport.java:252)
        at java.base@17.0.13/java.util.concurrent.locks.AbstractQueuedSynchronizer$ConditionObject.awaitNanos(AbstractQueuedSynchronizer.java:1679)
        at java.base@17.0.13/java.util.concurrent.LinkedBlockingQueue.poll(LinkedBlockingQueue.java:460)
        at app//org.apache.hadoop.ipc.CallQueueManager.take(CallQueueManager.java:370)
        at app//org.apache.hadoop.ipc.Server$Handler.run(Server.java:3165)
"IPC Server handler 1 on default port 15046" daemon prio=5 tid=691 timed_waiting
java.lang.Thread.State: TIMED_WAITING
        at java.base@17.0.13/jdk.internal.misc.Unsafe.park(Native Method)
        at java.base@17.0.13/java.util.concurrent.locks.LockSupport.parkNanos(LockSupport.java:252)
        at java.base@17.0.13/java.util.concurrent.locks.AbstractQueuedSynchronizer$ConditionObject.awaitNanos(AbstractQueuedSynchronizer.java:1679)
        at java.base@17.0.13/java.util.concurrent.LinkedBlockingQueue.poll(LinkedBlockingQueue.java:460)
        at app//org.apache.hadoop.ipc.CallQueueManager.take(CallQueueManager.java:370)
        at app//org.apache.hadoop.ipc.Server$Handler.run(Server.java:3165)
"IPC Server handler 34 on default port 15002" daemon prio=5 tid=319 timed_waiting
java.lang.Thread.State: TIMED_WAITING
        at java.base@17.0.13/jdk.internal.misc.Unsafe.park(Native Method)
        at java.base@17.0.13/java.util.concurrent.locks.LockSupport.parkNanos(LockSupport.java:252)
        at java.base@17.0.13/java.util.concurrent.locks.AbstractQueuedSynchronizer$ConditionObject.awaitNanos(AbstractQueuedSynchronizer.java:1679)
        at java.base@17.0.13/java.util.concurrent.LinkedBlockingQueue.poll(LinkedBlockingQueue.java:460)
        at app//org.apache.hadoop.ipc.CallQueueManager.take(CallQueueManager.java:370)
        at app//org.apache.hadoop.ipc.Server$Handler.run(Server.java:3165)
"82107b5c-a456-4cce-866c-b79ad2953fda-NettyServerStreamRpc-bossGroup--thread1"  prio=5 tid=617 runnable
java.lang.Thread.State: RUNNABLE
        at app//org.apache.ratis.thirdparty.io.netty.channel.epoll.Native.epollWait(Native Method)
        at app//org.apache.ratis.thirdparty.io.netty.channel.epoll.Native.epollWait(Native.java:220)
        at app//org.apache.ratis.thirdparty.io.netty.channel.epoll.Native.epollWait(Native.java:213)
        at app//org.apache.ratis.thirdparty.io.netty.channel.epoll.EpollEventLoop.epollWaitNoTimerChange(EpollEventLoop.java:308)
        at app//org.apache.ratis.thirdparty.io.netty.channel.epoll.EpollEventLoop.run(EpollEventLoop.java:365)
        at app//org.apache.ratis.thirdparty.io.netty.util.concurrent.SingleThreadEventExecutor$4.run(SingleThreadEventExecutor.java:997)
        at app//org.apache.ratis.thirdparty.io.netty.util.internal.ThreadExecutorMap$2.run(ThreadExecutorMap.java:74)
        at java.base@17.0.13/java.lang.Thread.run(Thread.java:840)
"pool-139-thread-1" daemon prio=5 tid=769 timed_waiting
java.lang.Thread.State: TIMED_WAITING
        at java.base@17.0.13/jdk.internal.misc.Unsafe.park(Native Method)
        at java.base@17.0.13/java.util.concurrent.locks.LockSupport.parkNanos(LockSupport.java:252)
        at java.base@17.0.13/java.util.concurrent.locks.AbstractQueuedSynchronizer$ConditionObject.awaitNanos(AbstractQueuedSynchronizer.java:1679)
        at java.base@17.0.13/java.util.concurrent.ScheduledThreadPoolExecutor$DelayedWorkQueue.take(ScheduledThreadPoolExecutor.java:1182)
        at java.base@17.0.13/java.util.concurrent.ScheduledThreadPoolExecutor$DelayedWorkQueue.take(ScheduledThreadPoolExecutor.java:899)
        at java.base@17.0.13/java.util.concurrent.ThreadPoolExecutor.getTask(ThreadPoolExecutor.java:1062)
        at java.base@17.0.13/java.util.concurrent.ThreadPoolExecutor.runWorker(ThreadPoolExecutor.java:1122)
        at java.base@17.0.13/java.util.concurrent.ThreadPoolExecutor$Worker.run(ThreadPoolExecutor.java:635)
        at java.base@17.0.13/java.lang.Thread.run(Thread.java:840)
"IPC Server handler 9 on default port 15002" daemon prio=5 tid=294 timed_waiting
java.lang.Thread.State: TIMED_WAITING
        at java.base@17.0.13/jdk.internal.misc.Unsafe.park(Native Method)
        at java.base@17.0.13/java.util.concurrent.locks.LockSupport.parkNanos(LockSupport.java:252)
        at java.base@17.0.13/java.util.concurrent.locks.AbstractQueuedSynchronizer$ConditionObject.awaitNanos(AbstractQueuedSynchronizer.java:1679)
        at java.base@17.0.13/java.util.concurrent.LinkedBlockingQueue.poll(LinkedBlockingQueue.java:460)
        at app//org.apache.hadoop.ipc.CallQueueManager.take(CallQueueManager.java:370)
        at app//org.apache.hadoop.ipc.Server$Handler.run(Server.java:3165)
"qtp1450456358-624-acceptor-0@6ed139b8-ServerConnector@21ebf946{HTTP/1.1, (http/1.1)}{0.0.0.0:15036}" daemon prio=3 tid=624 runnable
java.lang.Thread.State: RUNNABLE
        at java.base@17.0.13/sun.nio.ch.Net.accept(Native Method)
        at java.base@17.0.13/sun.nio.ch.ServerSocketChannelImpl.implAccept(ServerSocketChannelImpl.java:425)
        at java.base@17.0.13/sun.nio.ch.ServerSocketChannelImpl.accept(ServerSocketChannelImpl.java:391)
        at app//org.eclipse.jetty.server.ServerConnector.accept(ServerConnector.java:388)
        at app//org.eclipse.jetty.server.AbstractConnector$Acceptor.run(AbstractConnector.java:704)
        at app//org.eclipse.jetty.util.thread.QueuedThreadPool.runJob(QueuedThreadPool.java:883)
        at app//org.eclipse.jetty.util.thread.QueuedThreadPool$Runner.run(QueuedThreadPool.java:1034)
        at java.base@17.0.13/java.lang.Thread.run(Thread.java:840)
"IPC Server handler 1 on default port 15000" daemon prio=5 tid=86 timed_waiting
java.lang.Thread.State: TIMED_WAITING
        at java.base@17.0.13/jdk.internal.misc.Unsafe.park(Native Method)
        at java.base@17.0.13/java.util.concurrent.locks.LockSupport.parkNanos(LockSupport.java:252)
        at java.base@17.0.13/java.util.concurrent.locks.AbstractQueuedSynchronizer$ConditionObject.awaitNanos(AbstractQueuedSynchronizer.java:1679)
        at java.base@17.0.13/java.util.concurrent.LinkedBlockingQueue.poll(LinkedBlockingQueue.java:460)
        at app//org.apache.hadoop.ipc.CallQueueManager.take(CallQueueManager.java:370)
        at app//org.apache.hadoop.ipc.Server$Handler.run(Server.java:3165)
"om1-groupManagement"  prio=5 tid=409 in Object.wait()
java.lang.Thread.State: WAITING (on object monitor)
        at java.base@17.0.13/jdk.internal.misc.Unsafe.park(Native Method)
        at java.base@17.0.13/java.util.concurrent.locks.LockSupport.park(LockSupport.java:341)
        at java.base@17.0.13/java.util.concurrent.locks.AbstractQueuedSynchronizer$ConditionNode.block(AbstractQueuedSynchronizer.java:506)
        at java.base@17.0.13/java.util.concurrent.ForkJoinPool.unmanagedBlock(ForkJoinPool.java:3465)
        at java.base@17.0.13/java.util.concurrent.ForkJoinPool.managedBlock(ForkJoinPool.java:3436)
        at java.base@17.0.13/java.util.concurrent.locks.AbstractQueuedSynchronizer$ConditionObject.await(AbstractQueuedSynchronizer.java:1630)
        at java.base@17.0.13/java.util.concurrent.LinkedBlockingQueue.take(LinkedBlockingQueue.java:435)
        at java.base@17.0.13/java.util.concurrent.ThreadPoolExecutor.getTask(ThreadPoolExecutor.java:1062)
        at java.base@17.0.13/java.util.concurrent.ThreadPoolExecutor.runWorker(ThreadPoolExecutor.java:1122)
        at java.base@17.0.13/java.util.concurrent.ThreadPoolExecutor$Worker.run(ThreadPoolExecutor.java:635)
        at java.base@17.0.13/java.lang.Thread.run(Thread.java:840)
"qtp1450456358-628" daemon prio=5 tid=628 timed_waiting
java.lang.Thread.State: TIMED_WAITING
        at java.base@17.0.13/jdk.internal.misc.Unsafe.park(Native Method)
        at java.base@17.0.13/java.util.concurrent.locks.LockSupport.parkNanos(LockSupport.java:252)
        at java.base@17.0.13/java.util.concurrent.locks.AbstractQueuedSynchronizer$ConditionObject.awaitNanos(AbstractQueuedSynchronizer.java:1679)
        at app//org.eclipse.jetty.util.BlockingArrayQueue.poll(BlockingArrayQueue.java:382)
        at app//org.eclipse.jetty.util.thread.QueuedThreadPool$Runner.idleJobPoll(QueuedThreadPool.java:974)
        at app//org.eclipse.jetty.util.thread.QueuedThreadPool$Runner.run(QueuedThreadPool.java:1018)
        at java.base@17.0.13/java.lang.Thread.run(Thread.java:840)
"qtp560332026-668" daemon prio=5 tid=668 runnable
java.lang.Thread.State: RUNNABLE
        at java.base@17.0.13/sun.nio.ch.EPoll.wait(Native Method)
        at java.base@17.0.13/sun.nio.ch.EPollSelectorImpl.doSelect(EPollSelectorImpl.java:118)
        at java.base@17.0.13/sun.nio.ch.SelectorImpl.lockAndDoSelect(SelectorImpl.java:129)
        at java.base@17.0.13/sun.nio.ch.SelectorImpl.select(SelectorImpl.java:146)
        at app//org.eclipse.jetty.io.ManagedSelector.nioSelect(ManagedSelector.java:183)
        at app//org.eclipse.jetty.io.ManagedSelector.select(ManagedSelector.java:190)
        at app//org.eclipse.jetty.io.ManagedSelector$SelectorProducer.select(ManagedSelector.java:606)
        at app//org.eclipse.jetty.io.ManagedSelector$SelectorProducer.produce(ManagedSelector.java:543)
        at app//org.eclipse.jetty.util.thread.strategy.EatWhatYouKill.produceTask(EatWhatYouKill.java:362)
        at app//org.eclipse.jetty.util.thread.strategy.EatWhatYouKill.doProduce(EatWhatYouKill.java:186)
        at app//org.eclipse.jetty.util.thread.strategy.EatWhatYouKill.tryProduce(EatWhatYouKill.java:173)
        at app//org.eclipse.jetty.util.thread.strategy.EatWhatYouKill.produce(EatWhatYouKill.java:137)
        at app//org.eclipse.jetty.io.ManagedSelector$$Lambda$837/0x00007fa408547510.run(Unknown Source)
        at app//org.eclipse.jetty.util.thread.QueuedThreadPool.runJob(QueuedThreadPool.java:883)
        at app//org.eclipse.jetty.util.thread.QueuedThreadPool$Runner.run(QueuedThreadPool.java:1034)
        at java.base@17.0.13/java.lang.Thread.run(Thread.java:840)
"IPC Server handler 85 on default port 15002" daemon prio=5 tid=370 timed_waiting
java.lang.Thread.State: TIMED_WAITING
        at java.base@17.0.13/jdk.internal.misc.Unsafe.park(Native Method)
        at java.base@17.0.13/java.util.concurrent.locks.LockSupport.parkNanos(LockSupport.java:252)
        at java.base@17.0.13/java.util.concurrent.locks.AbstractQueuedSynchronizer$ConditionObject.awaitNanos(AbstractQueuedSynchronizer.java:1679)
        at java.base@17.0.13/java.util.concurrent.LinkedBlockingQueue.poll(LinkedBlockingQueue.java:460)
        at app//org.apache.hadoop.ipc.CallQueueManager.take(CallQueueManager.java:370)
        at app//org.apache.hadoop.ipc.Server$Handler.run(Server.java:3165)
"IPC Server idle connection scanner for port 15037" daemon prio=5 tid=641 timed_waiting
java.lang.Thread.State: TIMED_WAITING
        at java.base@17.0.13/java.lang.Object.wait(Native Method)
        at java.base@17.0.13/java.util.TimerThread.mainLoop(Timer.java:563)
        at java.base@17.0.13/java.util.TimerThread.run(Timer.java:516)
"OverReplicatedProcessor" daemon prio=5 tid=30 timed_waiting
java.lang.Thread.State: TIMED_WAITING
        at java.base@17.0.13/java.lang.Object.wait(Native Method)
        at app//org.apache.hadoop.hdds.scm.container.replication.UnhealthyReplicationProcessor.run(UnhealthyReplicationProcessor.java:174)
        at java.base@17.0.13/java.lang.Thread.run(Thread.java:840)
"Socket Reader #4 for port 15002"  prio=5 tid=36 runnable
java.lang.Thread.State: RUNNABLE
        at java.base@17.0.13/sun.nio.ch.EPoll.wait(Native Method)
        at java.base@17.0.13/sun.nio.ch.EPollSelectorImpl.doSelect(EPollSelectorImpl.java:118)
        at java.base@17.0.13/sun.nio.ch.SelectorImpl.lockAndDoSelect(SelectorImpl.java:129)
        at java.base@17.0.13/sun.nio.ch.SelectorImpl.select(SelectorImpl.java:146)
        at app//org.apache.hadoop.ipc.Server$Listener$Reader.doRunLoop(Server.java:1497)
        at app//org.apache.hadoop.ipc.Server$Listener$Reader.run(Server.java:1476)
"process reaper" daemon prio=10 tid=16 timed_waiting
java.lang.Thread.State: TIMED_WAITING
        at java.base@17.0.13/jdk.internal.misc.Unsafe.park(Native Method)
        at java.base@17.0.13/java.util.concurrent.locks.LockSupport.parkNanos(LockSupport.java:252)
        at java.base@17.0.13/java.util.concurrent.SynchronousQueue$TransferStack.transfer(SynchronousQueue.java:401)
        at java.base@17.0.13/java.util.concurrent.SynchronousQueue.poll(SynchronousQueue.java:903)
        at java.base@17.0.13/java.util.concurrent.ThreadPoolExecutor.getTask(ThreadPoolExecutor.java:1061)
        at java.base@17.0.13/java.util.concurrent.ThreadPoolExecutor.runWorker(ThreadPoolExecutor.java:1122)
        at java.base@17.0.13/java.util.concurrent.ThreadPoolExecutor$Worker.run(ThreadPoolExecutor.java:635)
        at java.base@17.0.13/java.lang.Thread.run(Thread.java:840)
"IPC Server handler 65 on default port 15002" daemon prio=5 tid=350 timed_waiting
java.lang.Thread.State: TIMED_WAITING
        at java.base@17.0.13/jdk.internal.misc.Unsafe.park(Native Method)
        at java.base@17.0.13/java.util.concurrent.locks.LockSupport.parkNanos(LockSupport.java:252)
        at java.base@17.0.13/java.util.concurrent.locks.AbstractQueuedSynchronizer$ConditionObject.awaitNanos(AbstractQueuedSynchronizer.java:1679)
        at java.base@17.0.13/java.util.concurrent.LinkedBlockingQueue.poll(LinkedBlockingQueue.java:460)
        at app//org.apache.hadoop.ipc.CallQueueManager.take(CallQueueManager.java:370)
        at app//org.apache.hadoop.ipc.Server$Handler.run(Server.java:3165)
"Socket Reader #1 for port 15000"  prio=5 tid=61 runnable
java.lang.Thread.State: RUNNABLE
        at java.base@17.0.13/sun.nio.ch.EPoll.wait(Native Method)
        at java.base@17.0.13/sun.nio.ch.EPollSelectorImpl.doSelect(EPollSelectorImpl.java:118)
        at java.base@17.0.13/sun.nio.ch.SelectorImpl.lockAndDoSelect(SelectorImpl.java:129)
        at java.base@17.0.13/sun.nio.ch.SelectorImpl.select(SelectorImpl.java:146)
        at app//org.apache.hadoop.ipc.Server$Listener$Reader.doRunLoop(Server.java:1497)
        at app//org.apache.hadoop.ipc.Server$Listener$Reader.run(Server.java:1476)
"IPC Server handler 39 on default port 15001" daemon prio=5 tid=224 timed_waiting
java.lang.Thread.State: TIMED_WAITING
        at java.base@17.0.13/jdk.internal.misc.Unsafe.park(Native Method)
        at java.base@17.0.13/java.util.concurrent.locks.LockSupport.parkNanos(LockSupport.java:252)
        at java.base@17.0.13/java.util.concurrent.locks.AbstractQueuedSynchronizer$ConditionObject.awaitNanos(AbstractQueuedSynchronizer.java:1679)
        at java.base@17.0.13/java.util.concurrent.LinkedBlockingQueue.poll(LinkedBlockingQueue.java:460)
        at app//org.apache.hadoop.ipc.CallQueueManager.take(CallQueueManager.java:370)
        at app//org.apache.hadoop.ipc.Server$Handler.run(Server.java:3165)
"MutableQuantiles-0" daemon prio=5 tid=477 timed_waiting
java.lang.Thread.State: TIMED_WAITING
        at java.base@17.0.13/jdk.internal.misc.Unsafe.park(Native Method)
        at java.base@17.0.13/java.util.concurrent.locks.LockSupport.parkNanos(LockSupport.java:252)
        at java.base@17.0.13/java.util.concurrent.locks.AbstractQueuedSynchronizer$ConditionObject.awaitNanos(AbstractQueuedSynchronizer.java:1679)
        at java.base@17.0.13/java.util.concurrent.ScheduledThreadPoolExecutor$DelayedWorkQueue.take(ScheduledThreadPoolExecutor.java:1182)
        at java.base@17.0.13/java.util.concurrent.ScheduledThreadPoolExecutor$DelayedWorkQueue.take(ScheduledThreadPoolExecutor.java:899)
        at java.base@17.0.13/java.util.concurrent.ThreadPoolExecutor.getTask(ThreadPoolExecutor.java:1062)
        at java.base@17.0.13/java.util.concurrent.ThreadPoolExecutor.runWorker(ThreadPoolExecutor.java:1122)
        at java.base@17.0.13/java.util.concurrent.ThreadPoolExecutor$Worker.run(ThreadPoolExecutor.java:635)
        at java.base@17.0.13/java.lang.Thread.run(Thread.java:840)
"Socket Reader #5 for port 15000"  prio=5 tid=65 runnable
java.lang.Thread.State: RUNNABLE
        at java.base@17.0.13/sun.nio.ch.EPoll.wait(Native Method)
        at java.base@17.0.13/sun.nio.ch.EPollSelectorImpl.doSelect(EPollSelectorImpl.java:118)
        at java.base@17.0.13/sun.nio.ch.SelectorImpl.lockAndDoSelect(SelectorImpl.java:129)
        at java.base@17.0.13/sun.nio.ch.SelectorImpl.select(SelectorImpl.java:146)
        at app//org.apache.hadoop.ipc.Server$Listener$Reader.doRunLoop(Server.java:1497)
        at app//org.apache.hadoop.ipc.Server$Listener$Reader.run(Server.java:1476)
"IPC Server handler 38 on default port 15001" daemon prio=5 tid=223 timed_waiting
java.lang.Thread.State: TIMED_WAITING
        at java.base@17.0.13/jdk.internal.misc.Unsafe.park(Native Method)
        at java.base@17.0.13/java.util.concurrent.locks.LockSupport.parkNanos(LockSupport.java:252)
        at java.base@17.0.13/java.util.concurrent.locks.AbstractQueuedSynchronizer$ConditionObject.awaitNanos(AbstractQueuedSynchronizer.java:1679)
        at java.base@17.0.13/java.util.concurrent.LinkedBlockingQueue.poll(LinkedBlockingQueue.java:460)
        at app//org.apache.hadoop.ipc.CallQueueManager.take(CallQueueManager.java:370)
        at app//org.apache.hadoop.ipc.Server$Handler.run(Server.java:3165)
"Socket Reader #1 for port 15004"  prio=5 tid=412 runnable
java.lang.Thread.State: RUNNABLE
        at java.base@17.0.13/sun.nio.ch.EPoll.wait(Native Method)
        at java.base@17.0.13/sun.nio.ch.EPollSelectorImpl.doSelect(EPollSelectorImpl.java:118)
        at java.base@17.0.13/sun.nio.ch.SelectorImpl.lockAndDoSelect(SelectorImpl.java:129)
        at java.base@17.0.13/sun.nio.ch.SelectorImpl.select(SelectorImpl.java:146)
        at app//org.apache.hadoop.ipc.Server$Listener$Reader.doRunLoop(Server.java:1497)
        at app//org.apache.hadoop.ipc.Server$Listener$Reader.run(Server.java:1476)
"IPC Server handler 14 on default port 15000" daemon prio=5 tid=99 timed_waiting
java.lang.Thread.State: TIMED_WAITING
        at java.base@17.0.13/jdk.internal.misc.Unsafe.park(Native Method)
        at java.base@17.0.13/java.util.concurrent.locks.LockSupport.parkNanos(LockSupport.java:252)
        at java.base@17.0.13/java.util.concurrent.locks.AbstractQueuedSynchronizer$ConditionObject.awaitNanos(AbstractQueuedSynchronizer.java:1679)
        at java.base@17.0.13/java.util.concurrent.LinkedBlockingQueue.poll(LinkedBlockingQueue.java:460)
        at app//org.apache.hadoop.ipc.CallQueueManager.take(CallQueueManager.java:370)
        at app//org.apache.hadoop.ipc.Server$Handler.run(Server.java:3165)
"Socket Reader #2 for port 15004"  prio=5 tid=413 runnable
java.lang.Thread.State: RUNNABLE
        at java.base@17.0.13/sun.nio.ch.EPoll.wait(Native Method)
        at java.base@17.0.13/sun.nio.ch.EPollSelectorImpl.doSelect(EPollSelectorImpl.java:118)
        at java.base@17.0.13/sun.nio.ch.SelectorImpl.lockAndDoSelect(SelectorImpl.java:129)
        at java.base@17.0.13/sun.nio.ch.SelectorImpl.select(SelectorImpl.java:146)
        at app//org.apache.hadoop.ipc.Server$Listener$Reader.doRunLoop(Server.java:1497)
        at app//org.apache.hadoop.ipc.Server$Listener$Reader.run(Server.java:1476)
"Socket Reader #8 for port 15001"  prio=5 tid=54 runnable
java.lang.Thread.State: RUNNABLE
        at java.base@17.0.13/sun.nio.ch.EPoll.wait(Native Method)
        at java.base@17.0.13/sun.nio.ch.EPollSelectorImpl.doSelect(EPollSelectorImpl.java:118)
        at java.base@17.0.13/sun.nio.ch.SelectorImpl.lockAndDoSelect(SelectorImpl.java:129)
        at java.base@17.0.13/sun.nio.ch.SelectorImpl.select(SelectorImpl.java:146)
        at app//org.apache.hadoop.ipc.Server$Listener$Reader.doRunLoop(Server.java:1497)
        at app//org.apache.hadoop.ipc.Server$Listener$Reader.run(Server.java:1476)
"StaleRecoveringContainerScrubbingService#0" daemon prio=5 tid=743 timed_waiting
java.lang.Thread.State: TIMED_WAITING
        at java.base@17.0.13/jdk.internal.misc.Unsafe.park(Native Method)
        at java.base@17.0.13/java.util.concurrent.locks.LockSupport.parkNanos(LockSupport.java:252)
        at java.base@17.0.13/java.util.concurrent.locks.AbstractQueuedSynchronizer$ConditionObject.awaitNanos(AbstractQueuedSynchronizer.java:1679)
        at java.base@17.0.13/java.util.concurrent.ScheduledThreadPoolExecutor$DelayedWorkQueue.take(ScheduledThreadPoolExecutor.java:1182)
        at java.base@17.0.13/java.util.concurrent.ScheduledThreadPoolExecutor$DelayedWorkQueue.take(ScheduledThreadPoolExecutor.java:899)
        at java.base@17.0.13/java.util.concurrent.ThreadPoolExecutor.getTask(ThreadPoolExecutor.java:1062)
        at java.base@17.0.13/java.util.concurrent.ThreadPoolExecutor.runWorker(ThreadPoolExecutor.java:1122)
        at java.base@17.0.13/java.util.concurrent.ThreadPoolExecutor$Worker.run(ThreadPoolExecutor.java:635)
        at java.base@17.0.13/java.lang.Thread.run(Thread.java:840)
"qtp1450456358-627" daemon prio=5 tid=627 timed_waiting
java.lang.Thread.State: TIMED_WAITING
        at java.base@17.0.13/jdk.internal.misc.Unsafe.park(Native Method)
        at java.base@17.0.13/java.util.concurrent.locks.LockSupport.parkNanos(LockSupport.java:252)
        at java.base@17.0.13/java.util.concurrent.locks.AbstractQueuedSynchronizer$ConditionObject.awaitNanos(AbstractQueuedSynchronizer.java:1679)
        at app//org.eclipse.jetty.util.BlockingArrayQueue.poll(BlockingArrayQueue.java:382)
        at app//org.eclipse.jetty.util.thread.QueuedThreadPool$Runner.idleJobPoll(QueuedThreadPool.java:974)
        at app//org.eclipse.jetty.util.thread.QueuedThreadPool$Runner.run(QueuedThreadPool.java:1018)
        at java.base@17.0.13/java.lang.Thread.run(Thread.java:840)
"IPC Server handler 58 on default port 15002" daemon prio=5 tid=343 timed_waiting
java.lang.Thread.State: TIMED_WAITING
        at java.base@17.0.13/jdk.internal.misc.Unsafe.park(Native Method)
        at java.base@17.0.13/java.util.concurrent.locks.LockSupport.parkNanos(LockSupport.java:252)
        at java.base@17.0.13/java.util.concurrent.locks.AbstractQueuedSynchronizer$ConditionObject.awaitNanos(AbstractQueuedSynchronizer.java:1679)
        at java.base@17.0.13/java.util.concurrent.LinkedBlockingQueue.poll(LinkedBlockingQueue.java:460)
        at app//org.apache.hadoop.ipc.CallQueueManager.take(CallQueueManager.java:370)
        at app//org.apache.hadoop.ipc.Server$Handler.run(Server.java:3165)
"22bda68c-b64b-4e26-a6f3-14a354ca4fb6-PipelineCommandHandlerThread-0"  prio=5 tid=893 in Object.wait()
java.lang.Thread.State: WAITING (on object monitor)
        at java.base@17.0.13/jdk.internal.misc.Unsafe.park(Native Method)
        at java.base@17.0.13/java.util.concurrent.locks.LockSupport.park(LockSupport.java:341)
        at java.base@17.0.13/java.util.concurrent.locks.AbstractQueuedSynchronizer$ConditionNode.block(AbstractQueuedSynchronizer.java:506)
        at java.base@17.0.13/java.util.concurrent.ForkJoinPool.unmanagedBlock(ForkJoinPool.java:3465)
        at java.base@17.0.13/java.util.concurrent.ForkJoinPool.managedBlock(ForkJoinPool.java:3436)
        at java.base@17.0.13/java.util.concurrent.locks.AbstractQueuedSynchronizer$ConditionObject.await(AbstractQueuedSynchronizer.java:1630)
        at java.base@17.0.13/java.util.concurrent.LinkedBlockingQueue.take(LinkedBlockingQueue.java:435)
        at java.base@17.0.13/java.util.concurrent.ThreadPoolExecutor.getTask(ThreadPoolExecutor.java:1062)
        at java.base@17.0.13/java.util.concurrent.ThreadPoolExecutor.runWorker(ThreadPoolExecutor.java:1122)
        at java.base@17.0.13/java.util.concurrent.ThreadPoolExecutor$Worker.run(ThreadPoolExecutor.java:635)
        at java.base@17.0.13/java.lang.Thread.run(Thread.java:840)
"IPC Server handler 5 on default port 15001" daemon prio=5 tid=190 timed_waiting
java.lang.Thread.State: TIMED_WAITING
        at java.base@17.0.13/jdk.internal.misc.Unsafe.park(Native Method)
        at java.base@17.0.13/java.util.concurrent.locks.LockSupport.parkNanos(LockSupport.java:252)
        at java.base@17.0.13/java.util.concurrent.locks.AbstractQueuedSynchronizer$ConditionObject.awaitNanos(AbstractQueuedSynchronizer.java:1679)
        at java.base@17.0.13/java.util.concurrent.LinkedBlockingQueue.poll(LinkedBlockingQueue.java:460)
        at app//org.apache.hadoop.ipc.CallQueueManager.take(CallQueueManager.java:370)
        at app//org.apache.hadoop.ipc.Server$Handler.run(Server.java:3165)
"IPC Server handler 1 on default port 15004" daemon prio=5 tid=453 timed_waiting
java.lang.Thread.State: TIMED_WAITING
        at java.base@17.0.13/jdk.internal.misc.Unsafe.park(Native Method)
        at java.base@17.0.13/java.util.concurrent.locks.LockSupport.parkNanos(LockSupport.java:252)
        at java.base@17.0.13/java.util.concurrent.locks.AbstractQueuedSynchronizer$ConditionObject.awaitNanos(AbstractQueuedSynchronizer.java:1679)
        at java.base@17.0.13/java.util.concurrent.LinkedBlockingQueue.poll(LinkedBlockingQueue.java:460)
        at app//org.apache.hadoop.ipc.CallQueueManager.take(CallQueueManager.java:370)
        at app//org.apache.hadoop.ipc.Server$Handler.run(Server.java:3165)
"22bda68c-b64b-4e26-a6f3-14a354ca4fb6-ChunkReader-ELG-0" daemon prio=5 tid=795 runnable
java.lang.Thread.State: RUNNABLE
        at app//org.apache.ratis.thirdparty.io.netty.channel.epoll.Native.epollWait(Native Method)
        at app//org.apache.ratis.thirdparty.io.netty.channel.epoll.Native.epollWait(Native.java:220)
        at app//org.apache.ratis.thirdparty.io.netty.channel.epoll.Native.epollWait(Native.java:213)
        at app//org.apache.ratis.thirdparty.io.netty.channel.epoll.EpollEventLoop.epollWaitNoTimerChange(EpollEventLoop.java:308)
        at app//org.apache.ratis.thirdparty.io.netty.channel.epoll.EpollEventLoop.run(EpollEventLoop.java:365)
        at app//org.apache.ratis.thirdparty.io.netty.util.concurrent.SingleThreadEventExecutor$4.run(SingleThreadEventExecutor.java:997)
        at app//org.apache.ratis.thirdparty.io.netty.util.internal.ThreadExecutorMap$2.run(ThreadExecutorMap.java:74)
        at java.base@17.0.13/java.lang.Thread.run(Thread.java:840)
"IPC Server handler 13 on default port 15000" daemon prio=5 tid=98 timed_waiting
java.lang.Thread.State: TIMED_WAITING
        at java.base@17.0.13/jdk.internal.misc.Unsafe.park(Native Method)
        at java.base@17.0.13/java.util.concurrent.locks.LockSupport.parkNanos(LockSupport.java:252)
        at java.base@17.0.13/java.util.concurrent.locks.AbstractQueuedSynchronizer$ConditionObject.awaitNanos(AbstractQueuedSynchronizer.java:1679)
        at java.base@17.0.13/java.util.concurrent.LinkedBlockingQueue.poll(LinkedBlockingQueue.java:460)
        at app//org.apache.hadoop.ipc.CallQueueManager.take(CallQueueManager.java:370)
        at app//org.apache.hadoop.ipc.Server$Handler.run(Server.java:3165)
"IPC Server handler 95 on default port 15000" daemon prio=5 tid=180 timed_waiting
java.lang.Thread.State: TIMED_WAITING
        at java.base@17.0.13/jdk.internal.misc.Unsafe.park(Native Method)
        at java.base@17.0.13/java.util.concurrent.locks.LockSupport.parkNanos(LockSupport.java:252)
        at java.base@17.0.13/java.util.concurrent.locks.AbstractQueuedSynchronizer$ConditionObject.awaitNanos(AbstractQueuedSynchronizer.java:1679)
        at java.base@17.0.13/java.util.concurrent.LinkedBlockingQueue.poll(LinkedBlockingQueue.java:460)
        at app//org.apache.hadoop.ipc.CallQueueManager.take(CallQueueManager.java:370)
        at app//org.apache.hadoop.ipc.Server$Handler.run(Server.java:3165)
"ca425215-81ee-42b3-84d9-8ded1157efea-ChunkReader-ELG-0" daemon prio=5 tid=741 timed_waiting
java.lang.Thread.State: TIMED_WAITING
        at java.base@17.0.13/java.lang.Thread.sleep(Native Method)
        at app//org.apache.ratis.thirdparty.io.netty.util.concurrent.SingleThreadEventExecutor.confirmShutdown(SingleThreadEventExecutor.java:790)
        at app//org.apache.ratis.thirdparty.io.netty.channel.epoll.EpollEventLoop.run(EpollEventLoop.java:423)
        at app//org.apache.ratis.thirdparty.io.netty.util.concurrent.SingleThreadEventExecutor$4.run(SingleThreadEventExecutor.java:997)
        at app//org.apache.ratis.thirdparty.io.netty.util.internal.ThreadExecutorMap$2.run(ThreadExecutorMap.java:74)
        at java.base@17.0.13/java.lang.Thread.run(Thread.java:840)
"IPC Server handler 99 on default port 15002" daemon prio=5 tid=384 timed_waiting
java.lang.Thread.State: TIMED_WAITING
        at java.base@17.0.13/jdk.internal.misc.Unsafe.park(Native Method)
        at java.base@17.0.13/java.util.concurrent.locks.LockSupport.parkNanos(LockSupport.java:252)
        at java.base@17.0.13/java.util.concurrent.locks.AbstractQueuedSynchronizer$ConditionObject.awaitNanos(AbstractQueuedSynchronizer.java:1679)
        at java.base@17.0.13/java.util.concurrent.LinkedBlockingQueue.poll(LinkedBlockingQueue.java:460)
        at app//org.apache.hadoop.ipc.CallQueueManager.take(CallQueueManager.java:370)
        at app//org.apache.hadoop.ipc.Server$Handler.run(Server.java:3165)
"qtp856883246-443" daemon prio=5 tid=443 runnable
java.lang.Thread.State: RUNNABLE
        at java.base@17.0.13/sun.nio.ch.EPoll.wait(Native Method)
        at java.base@17.0.13/sun.nio.ch.EPollSelectorImpl.doSelect(EPollSelectorImpl.java:118)
        at java.base@17.0.13/sun.nio.ch.SelectorImpl.lockAndDoSelect(SelectorImpl.java:129)
        at java.base@17.0.13/sun.nio.ch.SelectorImpl.select(SelectorImpl.java:146)
        at app//org.eclipse.jetty.io.ManagedSelector.nioSelect(ManagedSelector.java:183)
        at app//org.eclipse.jetty.io.ManagedSelector.select(ManagedSelector.java:190)
        at app//org.eclipse.jetty.io.ManagedSelector$SelectorProducer.select(ManagedSelector.java:606)
        at app//org.eclipse.jetty.io.ManagedSelector$SelectorProducer.produce(ManagedSelector.java:543)
        at app//org.eclipse.jetty.util.thread.strategy.EatWhatYouKill.produceTask(EatWhatYouKill.java:362)
        at app//org.eclipse.jetty.util.thread.strategy.EatWhatYouKill.doProduce(EatWhatYouKill.java:186)
        at app//org.eclipse.jetty.util.thread.strategy.EatWhatYouKill.tryProduce(EatWhatYouKill.java:173)
        at app//org.eclipse.jetty.util.thread.strategy.EatWhatYouKill.produce(EatWhatYouKill.java:137)
        at app//org.eclipse.jetty.io.ManagedSelector$$Lambda$837/0x00007fa408547510.run(Unknown Source)
        at app//org.eclipse.jetty.util.thread.QueuedThreadPool.runJob(QueuedThreadPool.java:883)
        at app//org.eclipse.jetty.util.thread.QueuedThreadPool$Runner.run(QueuedThreadPool.java:1034)
        at java.base@17.0.13/java.lang.Thread.run(Thread.java:840)
"StaleRecoveringContainerScrubbingService#0" daemon prio=5 tid=779 timed_waiting
java.lang.Thread.State: TIMED_WAITING
        at java.base@17.0.13/jdk.internal.misc.Unsafe.park(Native Method)
        at java.base@17.0.13/java.util.concurrent.locks.LockSupport.parkNanos(LockSupport.java:252)
        at java.base@17.0.13/java.util.concurrent.locks.AbstractQueuedSynchronizer$ConditionObject.awaitNanos(AbstractQueuedSynchronizer.java:1679)
        at java.base@17.0.13/java.util.concurrent.ScheduledThreadPoolExecutor$DelayedWorkQueue.take(ScheduledThreadPoolExecutor.java:1182)
        at java.base@17.0.13/java.util.concurrent.ScheduledThreadPoolExecutor$DelayedWorkQueue.take(ScheduledThreadPoolExecutor.java:899)
        at java.base@17.0.13/java.util.concurrent.ThreadPoolExecutor.getTask(ThreadPoolExecutor.java:1062)
        at java.base@17.0.13/java.util.concurrent.ThreadPoolExecutor.runWorker(ThreadPoolExecutor.java:1122)
        at java.base@17.0.13/java.util.concurrent.ThreadPoolExecutor$Worker.run(ThreadPoolExecutor.java:635)
        at java.base@17.0.13/java.lang.Thread.run(Thread.java:840)
"IPC Server handler 29 on default port 15001" daemon prio=5 tid=214 timed_waiting
java.lang.Thread.State: TIMED_WAITING
        at java.base@17.0.13/jdk.internal.misc.Unsafe.park(Native Method)
        at java.base@17.0.13/java.util.concurrent.locks.LockSupport.parkNanos(LockSupport.java:252)
        at java.base@17.0.13/java.util.concurrent.locks.AbstractQueuedSynchronizer$ConditionObject.awaitNanos(AbstractQueuedSynchronizer.java:1679)
        at java.base@17.0.13/java.util.concurrent.LinkedBlockingQueue.poll(LinkedBlockingQueue.java:460)
        at app//org.apache.hadoop.ipc.CallQueueManager.take(CallQueueManager.java:370)
        at app//org.apache.hadoop.ipc.Server$Handler.run(Server.java:3165)
"qtp801388009-394" daemon prio=5 tid=394 timed_waiting
java.lang.Thread.State: TIMED_WAITING
        at java.base@17.0.13/jdk.internal.misc.Unsafe.park(Native Method)
        at java.base@17.0.13/java.util.concurrent.locks.LockSupport.parkNanos(LockSupport.java:252)
        at java.base@17.0.13/java.util.concurrent.locks.AbstractQueuedSynchronizer$ConditionObject.awaitNanos(AbstractQueuedSynchronizer.java:1679)
        at app//org.eclipse.jetty.util.BlockingArrayQueue.poll(BlockingArrayQueue.java:382)
        at app//org.eclipse.jetty.util.thread.QueuedThreadPool$Runner.idleJobPoll(QueuedThreadPool.java:974)
        at app//org.eclipse.jetty.util.thread.QueuedThreadPool$Runner.run(QueuedThreadPool.java:1018)
        at java.base@17.0.13/java.lang.Thread.run(Thread.java:840)
"qtp801388009-396" daemon prio=5 tid=396 timed_waiting
java.lang.Thread.State: TIMED_WAITING
        at java.base@17.0.13/jdk.internal.misc.Unsafe.park(Native Method)
        at java.base@17.0.13/java.util.concurrent.locks.LockSupport.parkNanos(LockSupport.java:252)
        at java.base@17.0.13/java.util.concurrent.locks.AbstractQueuedSynchronizer$ConditionObject.awaitNanos(AbstractQueuedSynchronizer.java:1679)
        at app//org.eclipse.jetty.util.BlockingArrayQueue.poll(BlockingArrayQueue.java:382)
        at app//org.eclipse.jetty.util.thread.QueuedThreadPool$Runner.idleJobPoll(QueuedThreadPool.java:974)
        at app//org.eclipse.jetty.util.thread.QueuedThreadPool$Runner.run(QueuedThreadPool.java:1018)
        at java.base@17.0.13/java.lang.Thread.run(Thread.java:840)
"IPC Server handler 14 on default port 15001" daemon prio=5 tid=199 timed_waiting
java.lang.Thread.State: TIMED_WAITING
        at java.base@17.0.13/jdk.internal.misc.Unsafe.park(Native Method)
        at java.base@17.0.13/java.util.concurrent.locks.LockSupport.parkNanos(LockSupport.java:252)
        at java.base@17.0.13/java.util.concurrent.locks.AbstractQueuedSynchronizer$ConditionObject.awaitNanos(AbstractQueuedSynchronizer.java:1679)
        at java.base@17.0.13/java.util.concurrent.LinkedBlockingQueue.poll(LinkedBlockingQueue.java:460)
        at app//org.apache.hadoop.ipc.CallQueueManager.take(CallQueueManager.java:370)
        at app//org.apache.hadoop.ipc.Server$Handler.run(Server.java:3165)
"IPC Server handler 88 on default port 15001" daemon prio=5 tid=273 timed_waiting
java.lang.Thread.State: TIMED_WAITING
        at java.base@17.0.13/jdk.internal.misc.Unsafe.park(Native Method)
        at java.base@17.0.13/java.util.concurrent.locks.LockSupport.parkNanos(LockSupport.java:252)
        at java.base@17.0.13/java.util.concurrent.locks.AbstractQueuedSynchronizer$ConditionObject.awaitNanos(AbstractQueuedSynchronizer.java:1679)
        at java.base@17.0.13/java.util.concurrent.LinkedBlockingQueue.poll(LinkedBlockingQueue.java:460)
        at app//org.apache.hadoop.ipc.CallQueueManager.take(CallQueueManager.java:370)
        at app//org.apache.hadoop.ipc.Server$Handler.run(Server.java:3165)
"Socket Reader #9 for port 15001"  prio=5 tid=55 runnable
java.lang.Thread.State: RUNNABLE
        at java.base@17.0.13/sun.nio.ch.EPoll.wait(Native Method)
        at java.base@17.0.13/sun.nio.ch.EPollSelectorImpl.doSelect(EPollSelectorImpl.java:118)
        at java.base@17.0.13/sun.nio.ch.SelectorImpl.lockAndDoSelect(SelectorImpl.java:129)
        at java.base@17.0.13/sun.nio.ch.SelectorImpl.select(SelectorImpl.java:146)
        at app//org.apache.hadoop.ipc.Server$Listener$Reader.doRunLoop(Server.java:1497)
        at app//org.apache.hadoop.ipc.Server$Listener$Reader.run(Server.java:1476)
"IPC Server handler 66 on default port 15001" daemon prio=5 tid=251 timed_waiting
java.lang.Thread.State: TIMED_WAITING
        at java.base@17.0.13/jdk.internal.misc.Unsafe.park(Native Method)
        at java.base@17.0.13/java.util.concurrent.locks.LockSupport.parkNanos(LockSupport.java:252)
        at java.base@17.0.13/java.util.concurrent.locks.AbstractQueuedSynchronizer$ConditionObject.awaitNanos(AbstractQueuedSynchronizer.java:1679)
        at java.base@17.0.13/java.util.concurrent.LinkedBlockingQueue.poll(LinkedBlockingQueue.java:460)
        at app//org.apache.hadoop.ipc.CallQueueManager.take(CallQueueManager.java:370)
        at app//org.apache.hadoop.ipc.Server$Handler.run(Server.java:3165)
"IPC Server handler 13 on default port 15004" daemon prio=5 tid=465 timed_waiting
java.lang.Thread.State: TIMED_WAITING
        at java.base@17.0.13/jdk.internal.misc.Unsafe.park(Native Method)
        at java.base@17.0.13/java.util.concurrent.locks.LockSupport.parkNanos(LockSupport.java:252)
        at java.base@17.0.13/java.util.concurrent.locks.AbstractQueuedSynchronizer$ConditionObject.awaitNanos(AbstractQueuedSynchronizer.java:1679)
        at java.base@17.0.13/java.util.concurrent.LinkedBlockingQueue.poll(LinkedBlockingQueue.java:460)
        at app//org.apache.hadoop.ipc.CallQueueManager.take(CallQueueManager.java:370)
        at app//org.apache.hadoop.ipc.Server$Handler.run(Server.java:3165)
"IPC Server handler 70 on default port 15001" daemon prio=5 tid=255 timed_waiting
java.lang.Thread.State: TIMED_WAITING
        at java.base@17.0.13/jdk.internal.misc.Unsafe.park(Native Method)
        at java.base@17.0.13/java.util.concurrent.locks.LockSupport.parkNanos(LockSupport.java:252)
        at java.base@17.0.13/java.util.concurrent.locks.AbstractQueuedSynchronizer$ConditionObject.awaitNanos(AbstractQueuedSynchronizer.java:1679)
        at java.base@17.0.13/java.util.concurrent.LinkedBlockingQueue.poll(LinkedBlockingQueue.java:460)
        at app//org.apache.hadoop.ipc.CallQueueManager.take(CallQueueManager.java:370)
        at app//org.apache.hadoop.ipc.Server$Handler.run(Server.java:3165)
"Hadoop-Metrics-Updater-0" daemon prio=5 tid=73 timed_waiting
java.lang.Thread.State: TIMED_WAITING
        at java.base@17.0.13/jdk.internal.misc.Unsafe.park(Native Method)
        at java.base@17.0.13/java.util.concurrent.locks.LockSupport.parkNanos(LockSupport.java:252)
        at java.base@17.0.13/java.util.concurrent.locks.AbstractQueuedSynchronizer$ConditionObject.awaitNanos(AbstractQueuedSynchronizer.java:1679)
        at java.base@17.0.13/java.util.concurrent.ScheduledThreadPoolExecutor$DelayedWorkQueue.take(ScheduledThreadPoolExecutor.java:1182)
        at java.base@17.0.13/java.util.concurrent.ScheduledThreadPoolExecutor$DelayedWorkQueue.take(ScheduledThreadPoolExecutor.java:899)
        at java.base@17.0.13/java.util.concurrent.ThreadPoolExecutor.getTask(ThreadPoolExecutor.java:1062)
        at java.base@17.0.13/java.util.concurrent.ThreadPoolExecutor.runWorker(ThreadPoolExecutor.java:1122)
        at java.base@17.0.13/java.util.concurrent.ThreadPoolExecutor$Worker.run(ThreadPoolExecutor.java:635)
        at java.base@17.0.13/java.lang.Thread.run(Thread.java:840)
"ForkJoinPool.commonPool-worker-3" daemon prio=5 tid=410 in Object.wait()
java.lang.Thread.State: WAITING (on object monitor)
        at java.base@17.0.13/jdk.internal.misc.Unsafe.park(Native Method)
        at java.base@17.0.13/java.util.concurrent.locks.LockSupport.park(LockSupport.java:341)
        at java.base@17.0.13/java.util.concurrent.ForkJoinPool.awaitWork(ForkJoinPool.java:1724)
        at java.base@17.0.13/java.util.concurrent.ForkJoinPool.runWorker(ForkJoinPool.java:1623)
        at java.base@17.0.13/java.util.concurrent.ForkJoinWorkerThread.run(ForkJoinWorkerThread.java:165)
"Hadoop-Metrics-Updater-0" daemon prio=5 tid=59 timed_waiting
java.lang.Thread.State: TIMED_WAITING
        at java.base@17.0.13/jdk.internal.misc.Unsafe.park(Native Method)
        at java.base@17.0.13/java.util.concurrent.locks.LockSupport.parkNanos(LockSupport.java:252)
        at java.base@17.0.13/java.util.concurrent.locks.AbstractQueuedSynchronizer$ConditionObject.awaitNanos(AbstractQueuedSynchronizer.java:1679)
        at java.base@17.0.13/java.util.concurrent.ScheduledThreadPoolExecutor$DelayedWorkQueue.take(ScheduledThreadPoolExecutor.java:1182)
        at java.base@17.0.13/java.util.concurrent.ScheduledThreadPoolExecutor$DelayedWorkQueue.take(ScheduledThreadPoolExecutor.java:899)
        at java.base@17.0.13/java.util.concurrent.ThreadPoolExecutor.getTask(ThreadPoolExecutor.java:1062)
        at java.base@17.0.13/java.util.concurrent.ThreadPoolExecutor.runWorker(ThreadPoolExecutor.java:1122)
        at java.base@17.0.13/java.util.concurrent.ThreadPoolExecutor$Worker.run(ThreadPoolExecutor.java:635)
        at java.base@17.0.13/java.lang.Thread.run(Thread.java:840)
"IPC Server handler 30 on default port 15002" daemon prio=5 tid=315 timed_waiting
java.lang.Thread.State: TIMED_WAITING
        at java.base@17.0.13/jdk.internal.misc.Unsafe.park(Native Method)
        at java.base@17.0.13/java.util.concurrent.locks.LockSupport.parkNanos(LockSupport.java:252)
        at java.base@17.0.13/java.util.concurrent.locks.AbstractQueuedSynchronizer$ConditionObject.awaitNanos(AbstractQueuedSynchronizer.java:1679)
        at java.base@17.0.13/java.util.concurrent.LinkedBlockingQueue.poll(LinkedBlockingQueue.java:460)
        at app//org.apache.hadoop.ipc.CallQueueManager.take(CallQueueManager.java:370)
        at app//org.apache.hadoop.ipc.Server$Handler.run(Server.java:3165)
"22bda68c-b64b-4e26-a6f3-14a354ca4fb6-RocksDBCompactionThread-0"  prio=5 tid=662 timed_waiting
java.lang.Thread.State: TIMED_WAITING
        at java.base@17.0.13/jdk.internal.misc.Unsafe.park(Native Method)
        at java.base@17.0.13/java.util.concurrent.locks.LockSupport.parkNanos(LockSupport.java:252)
        at java.base@17.0.13/java.util.concurrent.locks.AbstractQueuedSynchronizer$ConditionObject.awaitNanos(AbstractQueuedSynchronizer.java:1679)
        at java.base@17.0.13/java.util.concurrent.ScheduledThreadPoolExecutor$DelayedWorkQueue.take(ScheduledThreadPoolExecutor.java:1182)
        at java.base@17.0.13/java.util.concurrent.ScheduledThreadPoolExecutor$DelayedWorkQueue.take(ScheduledThreadPoolExecutor.java:899)
        at java.base@17.0.13/java.util.concurrent.ThreadPoolExecutor.getTask(ThreadPoolExecutor.java:1062)
        at java.base@17.0.13/java.util.concurrent.ThreadPoolExecutor.runWorker(ThreadPoolExecutor.java:1122)
        at java.base@17.0.13/java.util.concurrent.ThreadPoolExecutor$Worker.run(ThreadPoolExecutor.java:635)
        at java.base@17.0.13/java.lang.Thread.run(Thread.java:840)
"IPC Server handler 26 on default port 15002" daemon prio=5 tid=311 timed_waiting
java.lang.Thread.State: TIMED_WAITING
        at java.base@17.0.13/jdk.internal.misc.Unsafe.park(Native Method)
        at java.base@17.0.13/java.util.concurrent.locks.LockSupport.parkNanos(LockSupport.java:252)
        at java.base@17.0.13/java.util.concurrent.locks.AbstractQueuedSynchronizer$ConditionObject.awaitNanos(AbstractQueuedSynchronizer.java:1679)
        at java.base@17.0.13/java.util.concurrent.LinkedBlockingQueue.poll(LinkedBlockingQueue.java:460)
        at app//org.apache.hadoop.ipc.CallQueueManager.take(CallQueueManager.java:370)
        at app//org.apache.hadoop.ipc.Server$Handler.run(Server.java:3165)
"Signal Dispatcher" daemon prio=9 tid=4 runnable
java.lang.Thread.State: RUNNABLE
"46c085ae-d173-483e-a797-bf073fdc6d33@group-1B7DA9A1FD1F-cacheEviction-AwaitToRun" daemon prio=5 tid=883 in Object.wait()
java.lang.Thread.State: WAITING (on object monitor)
        at java.base@17.0.13/jdk.internal.misc.Unsafe.park(Native Method)
        at java.base@17.0.13/java.util.concurrent.locks.LockSupport.park(LockSupport.java:341)
        at java.base@17.0.13/java.util.concurrent.locks.AbstractQueuedSynchronizer$ConditionNode.block(AbstractQueuedSynchronizer.java:506)
        at java.base@17.0.13/java.util.concurrent.ForkJoinPool.unmanagedBlock(ForkJoinPool.java:3465)
        at java.base@17.0.13/java.util.concurrent.ForkJoinPool.managedBlock(ForkJoinPool.java:3436)
        at java.base@17.0.13/java.util.concurrent.locks.AbstractQueuedSynchronizer$ConditionObject.await(AbstractQueuedSynchronizer.java:1630)
        at app//org.apache.ratis.util.AwaitForSignal.await(AwaitForSignal.java:48)
        at app//org.apache.ratis.util.AwaitToRun$RunnableImpl.run(AwaitToRun.java:47)
        at java.base@17.0.13/java.lang.Thread.run(Thread.java:840)
"IPC Server handler 54 on default port 15000" daemon prio=5 tid=139 timed_waiting
java.lang.Thread.State: TIMED_WAITING
        at java.base@17.0.13/jdk.internal.misc.Unsafe.park(Native Method)
        at java.base@17.0.13/java.util.concurrent.locks.LockSupport.parkNanos(LockSupport.java:252)
        at java.base@17.0.13/java.util.concurrent.locks.AbstractQueuedSynchronizer$ConditionObject.awaitNanos(AbstractQueuedSynchronizer.java:1679)
        at java.base@17.0.13/java.util.concurrent.LinkedBlockingQueue.poll(LinkedBlockingQueue.java:460)
        at app//org.apache.hadoop.ipc.CallQueueManager.take(CallQueueManager.java:370)
        at app//org.apache.hadoop.ipc.Server$Handler.run(Server.java:3165)
"qtp1450456358-626" daemon prio=5 tid=626 timed_waiting
java.lang.Thread.State: TIMED_WAITING
        at java.base@17.0.13/jdk.internal.misc.Unsafe.park(Native Method)
        at java.base@17.0.13/java.util.concurrent.locks.LockSupport.parkNanos(LockSupport.java:252)
        at java.base@17.0.13/java.util.concurrent.locks.AbstractQueuedSynchronizer$ConditionObject.awaitNanos(AbstractQueuedSynchronizer.java:1679)
        at app//org.eclipse.jetty.util.BlockingArrayQueue.poll(BlockingArrayQueue.java:382)
        at app//org.eclipse.jetty.util.thread.QueuedThreadPool$Runner.idleJobPoll(QueuedThreadPool.java:974)
        at app//org.eclipse.jetty.util.thread.QueuedThreadPool$Runner.run(QueuedThreadPool.java:1018)
        at java.base@17.0.13/java.lang.Thread.run(Thread.java:840)
"IPC Server handler 35 on default port 15000" daemon prio=5 tid=120 timed_waiting
java.lang.Thread.State: TIMED_WAITING
        at java.base@17.0.13/jdk.internal.misc.Unsafe.park(Native Method)
        at java.base@17.0.13/java.util.concurrent.locks.LockSupport.parkNanos(LockSupport.java:252)
        at java.base@17.0.13/java.util.concurrent.locks.AbstractQueuedSynchronizer$ConditionObject.awaitNanos(AbstractQueuedSynchronizer.java:1679)
        at java.base@17.0.13/java.util.concurrent.LinkedBlockingQueue.poll(LinkedBlockingQueue.java:460)
        at app//org.apache.hadoop.ipc.CallQueueManager.take(CallQueueManager.java:370)
        at app//org.apache.hadoop.ipc.Server$Handler.run(Server.java:3165)
"grpc-default-worker-ELG-3-1" daemon prio=5 tid=819 runnable
java.lang.Thread.State: RUNNABLE
        at app//org.apache.ratis.thirdparty.io.netty.channel.epoll.Native.epollWait0(Native Method)
        at app//org.apache.ratis.thirdparty.io.netty.channel.epoll.Native.epollWait(Native.java:193)
        at app//org.apache.ratis.thirdparty.io.netty.channel.epoll.EpollEventLoop.epollWait(EpollEventLoop.java:304)
        at app//org.apache.ratis.thirdparty.io.netty.channel.epoll.EpollEventLoop.run(EpollEventLoop.java:368)
        at app//org.apache.ratis.thirdparty.io.netty.util.concurrent.SingleThreadEventExecutor$4.run(SingleThreadEventExecutor.java:997)
        at app//org.apache.ratis.thirdparty.io.netty.util.internal.ThreadExecutorMap$2.run(ThreadExecutorMap.java:74)
        at app//org.apache.ratis.thirdparty.io.netty.util.concurrent.FastThreadLocalRunnable.run(FastThreadLocalRunnable.java:30)
        at java.base@17.0.13/java.lang.Thread.run(Thread.java:840)
"qtp1563254205-580" daemon prio=5 tid=580 timed_waiting
java.lang.Thread.State: TIMED_WAITING
        at java.base@17.0.13/jdk.internal.misc.Unsafe.park(Native Method)
        at java.base@17.0.13/java.util.concurrent.locks.LockSupport.parkNanos(LockSupport.java:252)
        at java.base@17.0.13/java.util.concurrent.locks.AbstractQueuedSynchronizer$ConditionObject.awaitNanos(AbstractQueuedSynchronizer.java:1679)
        at app//org.eclipse.jetty.util.BlockingArrayQueue.poll(BlockingArrayQueue.java:382)
        at app//org.eclipse.jetty.util.thread.QueuedThreadPool$Runner.idleJobPoll(QueuedThreadPool.java:974)
        at app//org.eclipse.jetty.util.thread.QueuedThreadPool$Runner.run(QueuedThreadPool.java:1018)
        at java.base@17.0.13/java.lang.Thread.run(Thread.java:840)
"IPC Server handler 26 on default port 15000" daemon prio=5 tid=111 timed_waiting
java.lang.Thread.State: TIMED_WAITING
        at java.base@17.0.13/jdk.internal.misc.Unsafe.park(Native Method)
        at java.base@17.0.13/java.util.concurrent.locks.LockSupport.parkNanos(LockSupport.java:252)
        at java.base@17.0.13/java.util.concurrent.locks.AbstractQueuedSynchronizer$ConditionObject.awaitNanos(AbstractQueuedSynchronizer.java:1679)
        at java.base@17.0.13/java.util.concurrent.LinkedBlockingQueue.poll(LinkedBlockingQueue.java:460)
        at app//org.apache.hadoop.ipc.CallQueueManager.take(CallQueueManager.java:370)
        at app//org.apache.hadoop.ipc.Server$Handler.run(Server.java:3165)
"Socket Reader #3 for port 15004"  prio=5 tid=414 runnable
java.lang.Thread.State: RUNNABLE
        at java.base@17.0.13/sun.nio.ch.EPoll.wait(Native Method)
        at java.base@17.0.13/sun.nio.ch.EPollSelectorImpl.doSelect(EPollSelectorImpl.java:118)
        at java.base@17.0.13/sun.nio.ch.SelectorImpl.lockAndDoSelect(SelectorImpl.java:129)
        at java.base@17.0.13/sun.nio.ch.SelectorImpl.select(SelectorImpl.java:146)
        at app//org.apache.hadoop.ipc.Server$Listener$Reader.doRunLoop(Server.java:1497)
        at app//org.apache.hadoop.ipc.Server$Listener$Reader.run(Server.java:1476)
"qtp1888798697-535" daemon prio=5 tid=535 timed_waiting
java.lang.Thread.State: TIMED_WAITING
        at java.base@17.0.13/jdk.internal.misc.Unsafe.park(Native Method)
        at java.base@17.0.13/java.util.concurrent.locks.LockSupport.parkNanos(LockSupport.java:252)
        at java.base@17.0.13/java.util.concurrent.locks.AbstractQueuedSynchronizer$ConditionObject.awaitNanos(AbstractQueuedSynchronizer.java:1679)
        at app//org.eclipse.jetty.util.BlockingArrayQueue.poll(BlockingArrayQueue.java:382)
        at app//org.eclipse.jetty.util.thread.QueuedThreadPool$Runner.idleJobPoll(QueuedThreadPool.java:974)
        at app//org.eclipse.jetty.util.thread.QueuedThreadPool$Runner.run(QueuedThreadPool.java:1018)
        at java.base@17.0.13/java.lang.Thread.run(Thread.java:840)
"IPC Server handler 59 on default port 15001" daemon prio=5 tid=244 timed_waiting
java.lang.Thread.State: TIMED_WAITING
        at java.base@17.0.13/jdk.internal.misc.Unsafe.park(Native Method)
        at java.base@17.0.13/java.util.concurrent.locks.LockSupport.parkNanos(LockSupport.java:252)
        at java.base@17.0.13/java.util.concurrent.locks.AbstractQueuedSynchronizer$ConditionObject.awaitNanos(AbstractQueuedSynchronizer.java:1679)
        at java.base@17.0.13/java.util.concurrent.LinkedBlockingQueue.poll(LinkedBlockingQueue.java:460)
        at app//org.apache.hadoop.ipc.CallQueueManager.take(CallQueueManager.java:370)
        at app//org.apache.hadoop.ipc.Server$Handler.run(Server.java:3165)
"82107b5c-a456-4cce-866c-b79ad2953fda@group-848028536F21-LeaderStateImpl" daemon prio=5 tid=982 timed_waiting
java.lang.Thread.State: TIMED_WAITING
        at java.base@17.0.13/jdk.internal.misc.Unsafe.park(Native Method)
        at java.base@17.0.13/java.util.concurrent.locks.LockSupport.parkNanos(LockSupport.java:252)
        at java.base@17.0.13/java.util.concurrent.locks.AbstractQueuedSynchronizer$ConditionObject.awaitNanos(AbstractQueuedSynchronizer.java:1679)
        at java.base@17.0.13/java.util.concurrent.ArrayBlockingQueue.poll(ArrayBlockingQueue.java:435)
        at app//org.apache.ratis.server.impl.LeaderStateImpl$EventQueue.poll(LeaderStateImpl.java:164)
        at app//org.apache.ratis.server.impl.LeaderStateImpl$EventProcessor.run(LeaderStateImpl.java:763)
"IPC Server handler 72 on default port 15002" daemon prio=5 tid=357 timed_waiting
java.lang.Thread.State: TIMED_WAITING
        at java.base@17.0.13/jdk.internal.misc.Unsafe.park(Native Method)
        at java.base@17.0.13/java.util.concurrent.locks.LockSupport.parkNanos(LockSupport.java:252)
        at java.base@17.0.13/java.util.concurrent.locks.AbstractQueuedSynchronizer$ConditionObject.awaitNanos(AbstractQueuedSynchronizer.java:1679)
        at java.base@17.0.13/java.util.concurrent.LinkedBlockingQueue.poll(LinkedBlockingQueue.java:460)
        at app//org.apache.hadoop.ipc.CallQueueManager.take(CallQueueManager.java:370)
        at app//org.apache.hadoop.ipc.Server$Handler.run(Server.java:3165)
"46c085ae-d173-483e-a797-bf073fdc6d33-EndpointStateMachineTaskThread-/0.0.0.0:15002-0 "  prio=5 tid=747 in Object.wait()
java.lang.Thread.State: WAITING (on object monitor)
        at java.base@17.0.13/jdk.internal.misc.Unsafe.park(Native Method)
        at java.base@17.0.13/java.util.concurrent.locks.LockSupport.park(LockSupport.java:341)
        at java.base@17.0.13/java.util.concurrent.locks.AbstractQueuedSynchronizer$ConditionNode.block(AbstractQueuedSynchronizer.java:506)
        at java.base@17.0.13/java.util.concurrent.ForkJoinPool.unmanagedBlock(ForkJoinPool.java:3465)
        at java.base@17.0.13/java.util.concurrent.ForkJoinPool.managedBlock(ForkJoinPool.java:3436)
        at java.base@17.0.13/java.util.concurrent.locks.AbstractQueuedSynchronizer$ConditionObject.await(AbstractQueuedSynchronizer.java:1630)
        at java.base@17.0.13/java.util.concurrent.LinkedBlockingQueue.take(LinkedBlockingQueue.java:435)
        at java.base@17.0.13/java.util.concurrent.ThreadPoolExecutor.getTask(ThreadPoolExecutor.java:1062)
        at java.base@17.0.13/java.util.concurrent.ThreadPoolExecutor.runWorker(ThreadPoolExecutor.java:1122)
        at java.base@17.0.13/java.util.concurrent.ThreadPoolExecutor$Worker.run(ThreadPoolExecutor.java:635)
        at java.base@17.0.13/java.lang.Thread.run(Thread.java:840)
"Socket Reader #3 for port 15000"  prio=5 tid=63 runnable
java.lang.Thread.State: RUNNABLE
        at java.base@17.0.13/sun.nio.ch.EPoll.wait(Native Method)
        at java.base@17.0.13/sun.nio.ch.EPollSelectorImpl.doSelect(EPollSelectorImpl.java:118)
        at java.base@17.0.13/sun.nio.ch.SelectorImpl.lockAndDoSelect(SelectorImpl.java:129)
        at java.base@17.0.13/sun.nio.ch.SelectorImpl.select(SelectorImpl.java:146)
        at app//org.apache.hadoop.ipc.Server$Listener$Reader.doRunLoop(Server.java:1497)
        at app//org.apache.hadoop.ipc.Server$Listener$Reader.run(Server.java:1476)
"IPC Server handler 17 on default port 15001" daemon prio=5 tid=202 timed_waiting
java.lang.Thread.State: TIMED_WAITING
        at java.base@17.0.13/jdk.internal.misc.Unsafe.park(Native Method)
        at java.base@17.0.13/java.util.concurrent.locks.LockSupport.parkNanos(LockSupport.java:252)
        at java.base@17.0.13/java.util.concurrent.locks.AbstractQueuedSynchronizer$ConditionObject.awaitNanos(AbstractQueuedSynchronizer.java:1679)
        at java.base@17.0.13/java.util.concurrent.LinkedBlockingQueue.poll(LinkedBlockingQueue.java:460)
        at app//org.apache.hadoop.ipc.CallQueueManager.take(CallQueueManager.java:370)
        at app//org.apache.hadoop.ipc.Server$Handler.run(Server.java:3165)
"46c085ae-d173-483e-a797-bf073fdc6d33-DatanodeReportManager-0" daemon prio=5 tid=609 timed_waiting
java.lang.Thread.State: TIMED_WAITING
        at java.base@17.0.13/jdk.internal.misc.Unsafe.park(Native Method)
        at java.base@17.0.13/java.util.concurrent.locks.LockSupport.park(LockSupport.java:341)
        at java.base@17.0.13/java.util.concurrent.locks.AbstractQueuedSynchronizer$ConditionNode.block(AbstractQueuedSynchronizer.java:506)
        at java.base@17.0.13/java.util.concurrent.ForkJoinPool.unmanagedBlock(ForkJoinPool.java:3465)
        at java.base@17.0.13/java.util.concurrent.ForkJoinPool.managedBlock(ForkJoinPool.java:3436)
        at java.base@17.0.13/java.util.concurrent.locks.AbstractQueuedSynchronizer$ConditionObject.await(AbstractQueuedSynchronizer.java:1630)
        at java.base@17.0.13/java.util.concurrent.ScheduledThreadPoolExecutor$DelayedWorkQueue.take(ScheduledThreadPoolExecutor.java:1177)
        at java.base@17.0.13/java.util.concurrent.ScheduledThreadPoolExecutor$DelayedWorkQueue.take(ScheduledThreadPoolExecutor.java:899)
        at java.base@17.0.13/java.util.concurrent.ThreadPoolExecutor.getTask(ThreadPoolExecutor.java:1062)
        at java.base@17.0.13/java.util.concurrent.ThreadPoolExecutor.runWorker(ThreadPoolExecutor.java:1122)
        at java.base@17.0.13/java.util.concurrent.ThreadPoolExecutor$Worker.run(ThreadPoolExecutor.java:635)
        at java.base@17.0.13/java.lang.Thread.run(Thread.java:840)
"IPC Server handler 9 on default port 15000" daemon prio=5 tid=94 timed_waiting
java.lang.Thread.State: TIMED_WAITING
        at java.base@17.0.13/jdk.internal.misc.Unsafe.park(Native Method)
        at java.base@17.0.13/java.util.concurrent.locks.LockSupport.parkNanos(LockSupport.java:252)
        at java.base@17.0.13/java.util.concurrent.locks.AbstractQueuedSynchronizer$ConditionObject.awaitNanos(AbstractQueuedSynchronizer.java:1679)
        at java.base@17.0.13/java.util.concurrent.LinkedBlockingQueue.poll(LinkedBlockingQueue.java:460)
        at app//org.apache.hadoop.ipc.CallQueueManager.take(CallQueueManager.java:370)
        at app//org.apache.hadoop.ipc.Server$Handler.run(Server.java:3165)
"IPC Server handler 25 on default port 15002" daemon prio=5 tid=310 timed_waiting
java.lang.Thread.State: TIMED_WAITING
        at java.base@17.0.13/jdk.internal.misc.Unsafe.park(Native Method)
        at java.base@17.0.13/java.util.concurrent.locks.LockSupport.parkNanos(LockSupport.java:252)
        at java.base@17.0.13/java.util.concurrent.locks.AbstractQueuedSynchronizer$ConditionObject.awaitNanos(AbstractQueuedSynchronizer.java:1679)
        at java.base@17.0.13/java.util.concurrent.LinkedBlockingQueue.poll(LinkedBlockingQueue.java:460)
        at app//org.apache.hadoop.ipc.CallQueueManager.take(CallQueueManager.java:370)
        at app//org.apache.hadoop.ipc.Server$Handler.run(Server.java:3165)
"IPC Server handler 40 on default port 15000" daemon prio=5 tid=125 timed_waiting
java.lang.Thread.State: TIMED_WAITING
        at java.base@17.0.13/jdk.internal.misc.Unsafe.park(Native Method)
        at java.base@17.0.13/java.util.concurrent.locks.LockSupport.parkNanos(LockSupport.java:252)
        at java.base@17.0.13/java.util.concurrent.locks.AbstractQueuedSynchronizer$ConditionObject.awaitNanos(AbstractQueuedSynchronizer.java:1679)
        at java.base@17.0.13/java.util.concurrent.LinkedBlockingQueue.poll(LinkedBlockingQueue.java:460)
        at app//org.apache.hadoop.ipc.CallQueueManager.take(CallQueueManager.java:370)
        at app//org.apache.hadoop.ipc.Server$Handler.run(Server.java:3165)
"IPC Server handler 81 on default port 15002" daemon prio=5 tid=366 timed_waiting
java.lang.Thread.State: TIMED_WAITING
        at java.base@17.0.13/jdk.internal.misc.Unsafe.park(Native Method)
        at java.base@17.0.13/java.util.concurrent.locks.LockSupport.parkNanos(LockSupport.java:252)
        at java.base@17.0.13/java.util.concurrent.locks.AbstractQueuedSynchronizer$ConditionObject.awaitNanos(AbstractQueuedSynchronizer.java:1679)
        at java.base@17.0.13/java.util.concurrent.LinkedBlockingQueue.poll(LinkedBlockingQueue.java:460)
        at app//org.apache.hadoop.ipc.CallQueueManager.take(CallQueueManager.java:370)
        at app//org.apache.hadoop.ipc.Server$Handler.run(Server.java:3165)
"IPC Server handler 51 on default port 15000" daemon prio=5 tid=136 timed_waiting
java.lang.Thread.State: TIMED_WAITING
        at java.base@17.0.13/jdk.internal.misc.Unsafe.park(Native Method)
        at java.base@17.0.13/java.util.concurrent.locks.LockSupport.parkNanos(LockSupport.java:252)
        at java.base@17.0.13/java.util.concurrent.locks.AbstractQueuedSynchronizer$ConditionObject.awaitNanos(AbstractQueuedSynchronizer.java:1679)
        at java.base@17.0.13/java.util.concurrent.LinkedBlockingQueue.poll(LinkedBlockingQueue.java:460)
        at app//org.apache.hadoop.ipc.CallQueueManager.take(CallQueueManager.java:370)
        at app//org.apache.hadoop.ipc.Server$Handler.run(Server.java:3165)
"IPC Server handler 14 on default port 15002" daemon prio=5 tid=299 timed_waiting
java.lang.Thread.State: TIMED_WAITING
        at java.base@17.0.13/jdk.internal.misc.Unsafe.park(Native Method)
        at java.base@17.0.13/java.util.concurrent.locks.LockSupport.parkNanos(LockSupport.java:252)
        at java.base@17.0.13/java.util.concurrent.locks.AbstractQueuedSynchronizer$ConditionObject.awaitNanos(AbstractQueuedSynchronizer.java:1679)
        at java.base@17.0.13/java.util.concurrent.LinkedBlockingQueue.poll(LinkedBlockingQueue.java:460)
        at app//org.apache.hadoop.ipc.CallQueueManager.take(CallQueueManager.java:370)
        at app//org.apache.hadoop.ipc.Server$Handler.run(Server.java:3165)
"Session-HouseKeeper-2d83ed58-1"  prio=5 tid=583 timed_waiting
java.lang.Thread.State: TIMED_WAITING
        at java.base@17.0.13/jdk.internal.misc.Unsafe.park(Native Method)
        at java.base@17.0.13/java.util.concurrent.locks.LockSupport.parkNanos(LockSupport.java:252)
        at java.base@17.0.13/java.util.concurrent.locks.AbstractQueuedSynchronizer$ConditionObject.awaitNanos(AbstractQueuedSynchronizer.java:1679)
        at java.base@17.0.13/java.util.concurrent.ScheduledThreadPoolExecutor$DelayedWorkQueue.take(ScheduledThreadPoolExecutor.java:1182)
        at java.base@17.0.13/java.util.concurrent.ScheduledThreadPoolExecutor$DelayedWorkQueue.take(ScheduledThreadPoolExecutor.java:899)
        at java.base@17.0.13/java.util.concurrent.ThreadPoolExecutor.getTask(ThreadPoolExecutor.java:1062)
        at java.base@17.0.13/java.util.concurrent.ThreadPoolExecutor.runWorker(ThreadPoolExecutor.java:1122)
        at java.base@17.0.13/java.util.concurrent.ThreadPoolExecutor$Worker.run(ThreadPoolExecutor.java:635)
        at java.base@17.0.13/java.lang.Thread.run(Thread.java:840)
"JvmPauseMonitor6" daemon prio=5 tid=794 timed_waiting
java.lang.Thread.State: TIMED_WAITING
        at java.base@17.0.13/java.lang.Thread.sleep(Native Method)
        at java.base@17.0.13/java.lang.Thread.sleep(Thread.java:344)
        at java.base@17.0.13/java.util.concurrent.TimeUnit.sleep(TimeUnit.java:446)
        at app//org.apache.ratis.util.TimeDuration.sleep(TimeDuration.java:353)
        at app//org.apache.ratis.util.TimeDuration.sleep(TimeDuration.java:338)
        at app//org.apache.ratis.util.JvmPauseMonitor.detectPause(JvmPauseMonitor.java:160)
        at app//org.apache.ratis.util.JvmPauseMonitor.run(JvmPauseMonitor.java:149)
        at app//org.apache.ratis.util.JvmPauseMonitor$$Lambda$798/0x00007fa4084ee200.run(Unknown Source)
        at java.base@17.0.13/java.lang.Thread.run(Thread.java:840)
"IPC Server handler 94 on default port 15002" daemon prio=5 tid=379 timed_waiting
java.lang.Thread.State: TIMED_WAITING
        at java.base@17.0.13/jdk.internal.misc.Unsafe.park(Native Method)
        at java.base@17.0.13/java.util.concurrent.locks.LockSupport.parkNanos(LockSupport.java:252)
        at java.base@17.0.13/java.util.concurrent.locks.AbstractQueuedSynchronizer$ConditionObject.awaitNanos(AbstractQueuedSynchronizer.java:1679)
        at java.base@17.0.13/java.util.concurrent.LinkedBlockingQueue.poll(LinkedBlockingQueue.java:460)
        at app//org.apache.hadoop.ipc.CallQueueManager.take(CallQueueManager.java:370)
        at app//org.apache.hadoop.ipc.Server$Handler.run(Server.java:3165)
"IPC Server handler 11 on default port 15001" daemon prio=5 tid=196 timed_waiting
java.lang.Thread.State: TIMED_WAITING
        at java.base@17.0.13/jdk.internal.misc.Unsafe.park(Native Method)
        at java.base@17.0.13/java.util.concurrent.locks.LockSupport.parkNanos(LockSupport.java:252)
        at java.base@17.0.13/java.util.concurrent.locks.AbstractQueuedSynchronizer$ConditionObject.awaitNanos(AbstractQueuedSynchronizer.java:1679)
        at java.base@17.0.13/java.util.concurrent.LinkedBlockingQueue.poll(LinkedBlockingQueue.java:460)
        at app//org.apache.hadoop.ipc.CallQueueManager.take(CallQueueManager.java:370)
        at app//org.apache.hadoop.ipc.Server$Handler.run(Server.java:3165)
"IPC Server handler 64 on default port 15000" daemon prio=5 tid=149 timed_waiting
java.lang.Thread.State: TIMED_WAITING
        at java.base@17.0.13/jdk.internal.misc.Unsafe.park(Native Method)
        at java.base@17.0.13/java.util.concurrent.locks.LockSupport.parkNanos(LockSupport.java:252)
        at java.base@17.0.13/java.util.concurrent.locks.AbstractQueuedSynchronizer$ConditionObject.awaitNanos(AbstractQueuedSynchronizer.java:1679)
        at java.base@17.0.13/java.util.concurrent.LinkedBlockingQueue.poll(LinkedBlockingQueue.java:460)
        at app//org.apache.hadoop.ipc.CallQueueManager.take(CallQueueManager.java:370)
        at app//org.apache.hadoop.ipc.Server$Handler.run(Server.java:3165)
"pool-88-thread-1" daemon prio=5 tid=732 timed_waiting
java.lang.Thread.State: TIMED_WAITING
        at java.base@17.0.13/jdk.internal.misc.Unsafe.park(Native Method)
        at java.base@17.0.13/java.util.concurrent.locks.LockSupport.parkNanos(LockSupport.java:252)
        at java.base@17.0.13/java.util.concurrent.locks.AbstractQueuedSynchronizer$ConditionObject.awaitNanos(AbstractQueuedSynchronizer.java:1679)
        at java.base@17.0.13/java.util.concurrent.ScheduledThreadPoolExecutor$DelayedWorkQueue.take(ScheduledThreadPoolExecutor.java:1182)
        at java.base@17.0.13/java.util.concurrent.ScheduledThreadPoolExecutor$DelayedWorkQueue.take(ScheduledThreadPoolExecutor.java:899)
        at java.base@17.0.13/java.util.concurrent.ThreadPoolExecutor.getTask(ThreadPoolExecutor.java:1062)
        at java.base@17.0.13/java.util.concurrent.ThreadPoolExecutor.runWorker(ThreadPoolExecutor.java:1122)
        at java.base@17.0.13/java.util.concurrent.ThreadPoolExecutor$Worker.run(ThreadPoolExecutor.java:635)
        at java.base@17.0.13/java.lang.Thread.run(Thread.java:840)
"gradle-enterprise-test-client-gradle-enterprise-test-listener"  prio=5 tid=18 in Object.wait()
java.lang.Thread.State: WAITING (on object monitor)
        at java.base@17.0.13/jdk.internal.misc.Unsafe.park(Native Method)
        at java.base@17.0.13/java.util.concurrent.locks.LockSupport.park(LockSupport.java:341)
        at java.base@17.0.13/java.util.concurrent.locks.AbstractQueuedSynchronizer$ConditionNode.block(AbstractQueuedSynchronizer.java:506)
        at java.base@17.0.13/java.util.concurrent.ForkJoinPool.unmanagedBlock(ForkJoinPool.java:3465)
        at java.base@17.0.13/java.util.concurrent.ForkJoinPool.managedBlock(ForkJoinPool.java:3436)
        at java.base@17.0.13/java.util.concurrent.locks.AbstractQueuedSynchronizer$ConditionObject.await(AbstractQueuedSynchronizer.java:1630)
        at java.base@17.0.13/java.util.concurrent.ArrayBlockingQueue.take(ArrayBlockingQueue.java:420)
        at app//com.gradle.maven.scan.extension.test.listener.obfuscated.k.a.a(SourceFile:130)
        at app//com.gradle.maven.scan.extension.test.listener.obfuscated.k.a.b(SourceFile:93)
        at app//com.gradle.maven.scan.extension.test.listener.obfuscated.k.a$$Lambda$309/0x00007fa4080ba2f0.run(Unknown Source)
        at java.base@17.0.13/java.util.concurrent.Executors$RunnableAdapter.call(Executors.java:539)
        at java.base@17.0.13/java.util.concurrent.FutureTask.run(FutureTask.java:264)
        at java.base@17.0.13/java.util.concurrent.ThreadPoolExecutor.runWorker(ThreadPoolExecutor.java:1136)
        at java.base@17.0.13/java.util.concurrent.ThreadPoolExecutor$Worker.run(ThreadPoolExecutor.java:635)
        at java.base@17.0.13/java.lang.Thread.run(Thread.java:840)
"qtp1450456358-625" daemon prio=5 tid=625 timed_waiting
java.lang.Thread.State: TIMED_WAITING
        at java.base@17.0.13/jdk.internal.misc.Unsafe.park(Native Method)
        at java.base@17.0.13/java.util.concurrent.locks.LockSupport.parkNanos(LockSupport.java:252)
        at java.base@17.0.13/java.util.concurrent.locks.AbstractQueuedSynchronizer$ConditionObject.awaitNanos(AbstractQueuedSynchronizer.java:1679)
        at app//org.eclipse.jetty.util.BlockingArrayQueue.poll(BlockingArrayQueue.java:382)
        at app//org.eclipse.jetty.util.thread.QueuedThreadPool$Runner.idleJobPoll(QueuedThreadPool.java:974)
        at app//org.eclipse.jetty.util.thread.QueuedThreadPool$Runner.run(QueuedThreadPool.java:1018)
        at java.base@17.0.13/java.lang.Thread.run(Thread.java:840)
"Socket Reader #4 for port 15046"  prio=5 tid=680 runnable
java.lang.Thread.State: RUNNABLE
        at java.base@17.0.13/sun.nio.ch.EPoll.wait(Native Method)
        at java.base@17.0.13/sun.nio.ch.EPollSelectorImpl.doSelect(EPollSelectorImpl.java:118)
        at java.base@17.0.13/sun.nio.ch.SelectorImpl.lockAndDoSelect(SelectorImpl.java:129)
        at java.base@17.0.13/sun.nio.ch.SelectorImpl.select(SelectorImpl.java:146)
        at app//org.apache.hadoop.ipc.Server$Listener$Reader.doRunLoop(Server.java:1497)
        at app//org.apache.hadoop.ipc.Server$Listener$Reader.run(Server.java:1476)
"82107b5c-a456-4cce-866c-b79ad2953fda-DatanodeStateMachineTaskThread-1"  prio=5 tid=764 in Object.wait()
java.lang.Thread.State: WAITING (on object monitor)
        at java.base@17.0.13/jdk.internal.misc.Unsafe.park(Native Method)
        at java.base@17.0.13/java.util.concurrent.locks.LockSupport.park(LockSupport.java:341)
        at java.base@17.0.13/java.util.concurrent.locks.AbstractQueuedSynchronizer$ConditionNode.block(AbstractQueuedSynchronizer.java:506)
        at java.base@17.0.13/java.util.concurrent.ForkJoinPool.unmanagedBlock(ForkJoinPool.java:3465)
        at java.base@17.0.13/java.util.concurrent.ForkJoinPool.managedBlock(ForkJoinPool.java:3436)
        at java.base@17.0.13/java.util.concurrent.locks.AbstractQueuedSynchronizer$ConditionObject.await(AbstractQueuedSynchronizer.java:1630)
        at java.base@17.0.13/java.util.concurrent.LinkedBlockingQueue.take(LinkedBlockingQueue.java:435)
        at java.base@17.0.13/java.util.concurrent.ThreadPoolExecutor.getTask(ThreadPoolExecutor.java:1062)
        at java.base@17.0.13/java.util.concurrent.ThreadPoolExecutor.runWorker(ThreadPoolExecutor.java:1122)
        at java.base@17.0.13/java.util.concurrent.ThreadPoolExecutor$Worker.run(ThreadPoolExecutor.java:635)
        at java.base@17.0.13/java.lang.Thread.run(Thread.java:840)
"IPC Server handler 6 on default port 15002" daemon prio=5 tid=291 timed_waiting
java.lang.Thread.State: TIMED_WAITING
        at java.base@17.0.13/jdk.internal.misc.Unsafe.park(Native Method)
        at java.base@17.0.13/java.util.concurrent.locks.LockSupport.parkNanos(LockSupport.java:252)
        at java.base@17.0.13/java.util.concurrent.locks.AbstractQueuedSynchronizer$ConditionObject.awaitNanos(AbstractQueuedSynchronizer.java:1679)
        at java.base@17.0.13/java.util.concurrent.LinkedBlockingQueue.poll(LinkedBlockingQueue.java:460)
        at app//org.apache.hadoop.ipc.CallQueueManager.take(CallQueueManager.java:370)
        at app//org.apache.hadoop.ipc.Server$Handler.run(Server.java:3165)
"qtp560332026-670" daemon prio=5 tid=670 timed_waiting
java.lang.Thread.State: TIMED_WAITING
        at java.base@17.0.13/jdk.internal.misc.Unsafe.park(Native Method)
        at java.base@17.0.13/java.util.concurrent.locks.LockSupport.parkNanos(LockSupport.java:252)
        at java.base@17.0.13/java.util.concurrent.locks.AbstractQueuedSynchronizer$ConditionObject.awaitNanos(AbstractQueuedSynchronizer.java:1679)
        at app//org.eclipse.jetty.util.BlockingArrayQueue.poll(BlockingArrayQueue.java:382)
        at app//org.eclipse.jetty.util.thread.QueuedThreadPool$Runner.idleJobPoll(QueuedThreadPool.java:974)
        at app//org.eclipse.jetty.util.thread.QueuedThreadPool$Runner.run(QueuedThreadPool.java:1018)
        at java.base@17.0.13/java.lang.Thread.run(Thread.java:840)
"om1-KeyDeletingService#0" daemon prio=5 tid=436 timed_waiting
java.lang.Thread.State: TIMED_WAITING
        at java.base@17.0.13/jdk.internal.misc.Unsafe.park(Native Method)
        at java.base@17.0.13/java.util.concurrent.locks.LockSupport.parkNanos(LockSupport.java:252)
        at java.base@17.0.13/java.util.concurrent.locks.AbstractQueuedSynchronizer$ConditionObject.awaitNanos(AbstractQueuedSynchronizer.java:1679)
        at java.base@17.0.13/java.util.concurrent.ScheduledThreadPoolExecutor$DelayedWorkQueue.take(ScheduledThreadPoolExecutor.java:1182)
        at java.base@17.0.13/java.util.concurrent.ScheduledThreadPoolExecutor$DelayedWorkQueue.take(ScheduledThreadPoolExecutor.java:899)
        at java.base@17.0.13/java.util.concurrent.ThreadPoolExecutor.getTask(ThreadPoolExecutor.java:1062)
        at java.base@17.0.13/java.util.concurrent.ThreadPoolExecutor.runWorker(ThreadPoolExecutor.java:1122)
        at java.base@17.0.13/java.util.concurrent.ThreadPoolExecutor$Worker.run(ThreadPoolExecutor.java:635)
        at java.base@17.0.13/java.lang.Thread.run(Thread.java:840)
"IPC Server handler 82 on default port 15000" daemon prio=5 tid=167 timed_waiting
java.lang.Thread.State: TIMED_WAITING
        at java.base@17.0.13/jdk.internal.misc.Unsafe.park(Native Method)
        at java.base@17.0.13/java.util.concurrent.locks.LockSupport.parkNanos(LockSupport.java:252)
        at java.base@17.0.13/java.util.concurrent.locks.AbstractQueuedSynchronizer$ConditionObject.awaitNanos(AbstractQueuedSynchronizer.java:1679)
        at java.base@17.0.13/java.util.concurrent.LinkedBlockingQueue.poll(LinkedBlockingQueue.java:460)
        at app//org.apache.hadoop.ipc.CallQueueManager.take(CallQueueManager.java:370)
        at app//org.apache.hadoop.ipc.Server$Handler.run(Server.java:3165)
"46c085ae-d173-483e-a797-bf073fdc6d33-NettyServerStreamRpc-bossGroup--thread1"  prio=5 tid=571 runnable
java.lang.Thread.State: RUNNABLE
        at app//org.apache.ratis.thirdparty.io.netty.channel.epoll.Native.epollWait(Native Method)
        at app//org.apache.ratis.thirdparty.io.netty.channel.epoll.Native.epollWait(Native.java:220)
        at app//org.apache.ratis.thirdparty.io.netty.channel.epoll.Native.epollWait(Native.java:213)
        at app//org.apache.ratis.thirdparty.io.netty.channel.epoll.EpollEventLoop.epollWaitNoTimerChange(EpollEventLoop.java:308)
        at app//org.apache.ratis.thirdparty.io.netty.channel.epoll.EpollEventLoop.run(EpollEventLoop.java:365)
        at app//org.apache.ratis.thirdparty.io.netty.util.concurrent.SingleThreadEventExecutor$4.run(SingleThreadEventExecutor.java:997)
        at app//org.apache.ratis.thirdparty.io.netty.util.internal.ThreadExecutorMap$2.run(ThreadExecutorMap.java:74)
        at java.base@17.0.13/java.lang.Thread.run(Thread.java:840)
"RatisPipelineUtilsThread-0"  prio=5 tid=25 timed_waiting
java.lang.Thread.State: TIMED_WAITING
        at java.base@17.0.13/java.lang.Object.wait(Native Method)
        at app//org.apache.hadoop.hdds.scm.pipeline.BackgroundPipelineCreator.run(BackgroundPipelineCreator.java:179)
        at app//org.apache.hadoop.hdds.scm.pipeline.BackgroundPipelineCreator$$Lambda$680/0x00007fa4083af878.run(Unknown Source)
        at java.base@17.0.13/java.lang.Thread.run(Thread.java:840)
"82107b5c-a456-4cce-866c-b79ad2953fda@group-848028536F21-SegmentedRaftLogWorker"  prio=5 tid=890 timed_waiting
java.lang.Thread.State: TIMED_WAITING
        at java.base@17.0.13/jdk.internal.misc.Unsafe.park(Native Method)
        at java.base@17.0.13/java.util.concurrent.locks.LockSupport.parkNanos(LockSupport.java:252)
        at java.base@17.0.13/java.util.concurrent.locks.AbstractQueuedSynchronizer$ConditionObject.awaitNanos(AbstractQueuedSynchronizer.java:1679)
        at app//org.apache.ratis.util.DataBlockingQueue.poll(DataBlockingQueue.java:148)
        at app//org.apache.ratis.server.raftlog.segmented.SegmentedRaftLogWorker.run(SegmentedRaftLogWorker.java:307)
        at app//org.apache.ratis.server.raftlog.segmented.SegmentedRaftLogWorker$$Lambda$1186/0x00007fa408726248.run(Unknown Source)
        at java.base@17.0.13/java.util.concurrent.Executors$RunnableAdapter.call(Executors.java:539)
        at java.base@17.0.13/java.util.concurrent.FutureTask.run(FutureTask.java:264)
        at java.base@17.0.13/java.util.concurrent.ThreadPoolExecutor.runWorker(ThreadPoolExecutor.java:1136)
        at java.base@17.0.13/java.util.concurrent.ThreadPoolExecutor$Worker.run(ThreadPoolExecutor.java:635)
        at java.base@17.0.13/java.lang.Thread.run(Thread.java:840)
"JvmPauseMonitor4" daemon prio=5 tid=758 timed_waiting
java.lang.Thread.State: TIMED_WAITING
        at java.base@17.0.13/java.lang.Thread.sleep(Native Method)
        at java.base@17.0.13/java.lang.Thread.sleep(Thread.java:344)
        at java.base@17.0.13/java.util.concurrent.TimeUnit.sleep(TimeUnit.java:446)
        at app//org.apache.ratis.util.TimeDuration.sleep(TimeDuration.java:353)
        at app//org.apache.ratis.util.TimeDuration.sleep(TimeDuration.java:338)
        at app//org.apache.ratis.util.JvmPauseMonitor.detectPause(JvmPauseMonitor.java:160)
        at app//org.apache.ratis.util.JvmPauseMonitor.run(JvmPauseMonitor.java:149)
        at app//org.apache.ratis.util.JvmPauseMonitor$$Lambda$798/0x00007fa4084ee200.run(Unknown Source)
        at java.base@17.0.13/java.lang.Thread.run(Thread.java:840)
"IPC Server handler 22 on default port 15002" daemon prio=5 tid=307 timed_waiting
java.lang.Thread.State: TIMED_WAITING
        at java.base@17.0.13/jdk.internal.misc.Unsafe.park(Native Method)
        at java.base@17.0.13/java.util.concurrent.locks.LockSupport.parkNanos(LockSupport.java:252)
        at java.base@17.0.13/java.util.concurrent.locks.AbstractQueuedSynchronizer$ConditionObject.awaitNanos(AbstractQueuedSynchronizer.java:1679)
        at java.base@17.0.13/java.util.concurrent.LinkedBlockingQueue.poll(LinkedBlockingQueue.java:460)
        at app//org.apache.hadoop.ipc.CallQueueManager.take(CallQueueManager.java:370)
        at app//org.apache.hadoop.ipc.Server$Handler.run(Server.java:3165)
"22bda68c-b64b-4e26-a6f3-14a354ca4fb6-CommandProcessorThread" daemon prio=5 tid=705 timed_waiting
java.lang.Thread.State: TIMED_WAITING
        at java.base@17.0.13/java.lang.Thread.sleep(Native Method)
        at app//org.apache.hadoop.ozone.container.common.statemachine.DatanodeStateMachine.lambda$initCommandHandlerThread$4(DatanodeStateMachine.java:670)
        at app//org.apache.hadoop.ozone.container.common.statemachine.DatanodeStateMachine$$Lambda$1447/0x00007fa408903f20.run(Unknown Source)
        at java.base@17.0.13/java.lang.Thread.run(Thread.java:840)
"IPC Server handler 51 on default port 15001" daemon prio=5 tid=236 timed_waiting
java.lang.Thread.State: TIMED_WAITING
        at java.base@17.0.13/jdk.internal.misc.Unsafe.park(Native Method)
        at java.base@17.0.13/java.util.concurrent.locks.LockSupport.parkNanos(LockSupport.java:252)
        at java.base@17.0.13/java.util.concurrent.locks.AbstractQueuedSynchronizer$ConditionObject.awaitNanos(AbstractQueuedSynchronizer.java:1679)
        at java.base@17.0.13/java.util.concurrent.LinkedBlockingQueue.poll(LinkedBlockingQueue.java:460)
        at app//org.apache.hadoop.ipc.CallQueueManager.take(CallQueueManager.java:370)
        at app//org.apache.hadoop.ipc.Server$Handler.run(Server.java:3165)
"22bda68c-b64b-4e26-a6f3-14a354ca4fb6-impl-thread1"  prio=5 tid=664 timed_waiting
java.lang.Thread.State: TIMED_WAITING
        at java.base@17.0.13/jdk.internal.misc.Unsafe.park(Native Method)
        at java.base@17.0.13/java.util.concurrent.locks.LockSupport.parkNanos(LockSupport.java:252)
        at java.base@17.0.13/java.util.concurrent.SynchronousQueue$TransferStack.transfer(SynchronousQueue.java:401)
        at java.base@17.0.13/java.util.concurrent.SynchronousQueue.poll(SynchronousQueue.java:903)
        at java.base@17.0.13/java.util.concurrent.ThreadPoolExecutor.getTask(ThreadPoolExecutor.java:1061)
        at java.base@17.0.13/java.util.concurrent.ThreadPoolExecutor.runWorker(ThreadPoolExecutor.java:1122)
        at java.base@17.0.13/java.util.concurrent.ThreadPoolExecutor$Worker.run(ThreadPoolExecutor.java:635)
        at java.base@17.0.13/java.lang.Thread.run(Thread.java:840)
"IPC Server handler 93 on default port 15000" daemon prio=5 tid=178 timed_waiting
java.lang.Thread.State: TIMED_WAITING
        at java.base@17.0.13/jdk.internal.misc.Unsafe.park(Native Method)
        at java.base@17.0.13/java.util.concurrent.locks.LockSupport.parkNanos(LockSupport.java:252)
        at java.base@17.0.13/java.util.concurrent.locks.AbstractQueuedSynchronizer$ConditionObject.awaitNanos(AbstractQueuedSynchronizer.java:1679)
        at java.base@17.0.13/java.util.concurrent.LinkedBlockingQueue.poll(LinkedBlockingQueue.java:460)
        at app//org.apache.hadoop.ipc.CallQueueManager.take(CallQueueManager.java:370)
        at app//org.apache.hadoop.ipc.Server$Handler.run(Server.java:3165)
"IPC Server handler 16 on default port 15000" daemon prio=5 tid=101 timed_waiting
java.lang.Thread.State: TIMED_WAITING
        at java.base@17.0.13/jdk.internal.misc.Unsafe.park(Native Method)
        at java.base@17.0.13/java.util.concurrent.locks.LockSupport.parkNanos(LockSupport.java:252)
        at java.base@17.0.13/java.util.concurrent.locks.AbstractQueuedSynchronizer$ConditionObject.awaitNanos(AbstractQueuedSynchronizer.java:1679)
        at java.base@17.0.13/java.util.concurrent.LinkedBlockingQueue.poll(LinkedBlockingQueue.java:460)
        at app//org.apache.hadoop.ipc.CallQueueManager.take(CallQueueManager.java:370)
        at app//org.apache.hadoop.ipc.Server$Handler.run(Server.java:3165)
"IPC Server listener on 15004" daemon prio=5 tid=411 runnable
java.lang.Thread.State: RUNNABLE
        at java.base@17.0.13/sun.nio.ch.EPoll.wait(Native Method)
        at java.base@17.0.13/sun.nio.ch.EPollSelectorImpl.doSelect(EPollSelectorImpl.java:118)
        at java.base@17.0.13/sun.nio.ch.SelectorImpl.lockAndDoSelect(SelectorImpl.java:129)
        at java.base@17.0.13/sun.nio.ch.SelectorImpl.select(SelectorImpl.java:146)
        at app//org.apache.hadoop.ipc.Server$Listener.run(Server.java:1559)
"Socket Reader #10 for port 15019"  prio=5 tid=548 runnable
java.lang.Thread.State: RUNNABLE
        at java.base@17.0.13/sun.nio.ch.EPoll.wait(Native Method)
        at java.base@17.0.13/sun.nio.ch.EPollSelectorImpl.doSelect(EPollSelectorImpl.java:118)
        at java.base@17.0.13/sun.nio.ch.SelectorImpl.lockAndDoSelect(SelectorImpl.java:129)
        at java.base@17.0.13/sun.nio.ch.SelectorImpl.select(SelectorImpl.java:146)
        at app//org.apache.hadoop.ipc.Server$Listener$Reader.doRunLoop(Server.java:1497)
        at app//org.apache.hadoop.ipc.Server$Listener$Reader.run(Server.java:1476)
"22bda68c-b64b-4e26-a6f3-14a354ca4fb6-ChunkWriter-0-0" daemon prio=5 tid=790 in Object.wait()
java.lang.Thread.State: WAITING (on object monitor)
        at java.base@17.0.13/jdk.internal.misc.Unsafe.park(Native Method)
        at java.base@17.0.13/java.util.concurrent.locks.LockSupport.park(LockSupport.java:341)
        at java.base@17.0.13/java.util.concurrent.locks.AbstractQueuedSynchronizer$ConditionNode.block(AbstractQueuedSynchronizer.java:506)
        at java.base@17.0.13/java.util.concurrent.ForkJoinPool.unmanagedBlock(ForkJoinPool.java:3465)
        at java.base@17.0.13/java.util.concurrent.ForkJoinPool.managedBlock(ForkJoinPool.java:3436)
        at java.base@17.0.13/java.util.concurrent.locks.AbstractQueuedSynchronizer$ConditionObject.await(AbstractQueuedSynchronizer.java:1630)
        at java.base@17.0.13/java.util.concurrent.LinkedBlockingDeque.takeFirst(LinkedBlockingDeque.java:485)
        at java.base@17.0.13/java.util.concurrent.LinkedBlockingDeque.take(LinkedBlockingDeque.java:673)
        at java.base@17.0.13/java.util.concurrent.ThreadPoolExecutor.getTask(ThreadPoolExecutor.java:1062)
        at java.base@17.0.13/java.util.concurrent.ThreadPoolExecutor.runWorker(ThreadPoolExecutor.java:1122)
        at java.base@17.0.13/java.util.concurrent.ThreadPoolExecutor$Worker.run(ThreadPoolExecutor.java:635)
        at java.base@17.0.13/java.lang.Thread.run(Thread.java:840)
"IPC Server handler 84 on default port 15000" daemon prio=5 tid=169 timed_waiting
java.lang.Thread.State: TIMED_WAITING
        at java.base@17.0.13/jdk.internal.misc.Unsafe.park(Native Method)
        at java.base@17.0.13/java.util.concurrent.locks.LockSupport.parkNanos(LockSupport.java:252)
        at java.base@17.0.13/java.util.concurrent.locks.AbstractQueuedSynchronizer$ConditionObject.awaitNanos(AbstractQueuedSynchronizer.java:1679)
        at java.base@17.0.13/java.util.concurrent.LinkedBlockingQueue.poll(LinkedBlockingQueue.java:460)
        at app//org.apache.hadoop.ipc.CallQueueManager.take(CallQueueManager.java:370)
        at app//org.apache.hadoop.ipc.Server$Handler.run(Server.java:3165)
"IPC Server idle connection scanner for port 15028" daemon prio=5 tid=595 timed_waiting
java.lang.Thread.State: TIMED_WAITING
        at java.base@17.0.13/java.lang.Object.wait(Native Method)
        at java.base@17.0.13/java.util.TimerThread.mainLoop(Timer.java:563)
        at java.base@17.0.13/java.util.TimerThread.run(Timer.java:516)
"ca425215-81ee-42b3-84d9-8ded1157efea-BlockDeletingService#1" daemon prio=5 tid=744 in Object.wait()
java.lang.Thread.State: WAITING (on object monitor)
        at java.base@17.0.13/jdk.internal.misc.Unsafe.park(Native Method)
        at java.base@17.0.13/java.util.concurrent.locks.LockSupport.park(LockSupport.java:341)
        at java.base@17.0.13/java.util.concurrent.locks.AbstractQueuedSynchronizer$ConditionNode.block(AbstractQueuedSynchronizer.java:506)
        at java.base@17.0.13/java.util.concurrent.ForkJoinPool.unmanagedBlock(ForkJoinPool.java:3465)
        at java.base@17.0.13/java.util.concurrent.ForkJoinPool.managedBlock(ForkJoinPool.java:3436)
        at java.base@17.0.13/java.util.concurrent.locks.AbstractQueuedSynchronizer$ConditionObject.await(AbstractQueuedSynchronizer.java:1630)
        at java.base@17.0.13/java.util.concurrent.ScheduledThreadPoolExecutor$DelayedWorkQueue.take(ScheduledThreadPoolExecutor.java:1177)
        at java.base@17.0.13/java.util.concurrent.ScheduledThreadPoolExecutor$DelayedWorkQueue.take(ScheduledThreadPoolExecutor.java:899)
        at java.base@17.0.13/java.util.concurrent.ThreadPoolExecutor.getTask(ThreadPoolExecutor.java:1062)
        at java.base@17.0.13/java.util.concurrent.ThreadPoolExecutor.runWorker(ThreadPoolExecutor.java:1122)
        at java.base@17.0.13/java.util.concurrent.ThreadPoolExecutor$Worker.run(ThreadPoolExecutor.java:635)
        at java.base@17.0.13/java.lang.Thread.run(Thread.java:840)
"46c085ae-d173-483e-a797-bf073fdc6d33-ChunkReader-ELG-0" daemon prio=5 tid=759 runnable
java.lang.Thread.State: RUNNABLE
        at app//org.apache.ratis.thirdparty.io.netty.channel.epoll.Native.epollWait(Native Method)
        at app//org.apache.ratis.thirdparty.io.netty.channel.epoll.Native.epollWait(Native.java:220)
        at app//org.apache.ratis.thirdparty.io.netty.channel.epoll.Native.epollWait(Native.java:213)
        at app//org.apache.ratis.thirdparty.io.netty.channel.epoll.EpollEventLoop.epollWaitNoTimerChange(EpollEventLoop.java:308)
        at app//org.apache.ratis.thirdparty.io.netty.channel.epoll.EpollEventLoop.run(EpollEventLoop.java:365)
        at app//org.apache.ratis.thirdparty.io.netty.util.concurrent.SingleThreadEventExecutor$4.run(SingleThreadEventExecutor.java:997)
        at app//org.apache.ratis.thirdparty.io.netty.util.internal.ThreadExecutorMap$2.run(ThreadExecutorMap.java:74)
        at java.base@17.0.13/java.lang.Thread.run(Thread.java:840)
"IPC Server handler 30 on default port 15001" daemon prio=5 tid=215 timed_waiting
java.lang.Thread.State: TIMED_WAITING
        at java.base@17.0.13/jdk.internal.misc.Unsafe.park(Native Method)
        at java.base@17.0.13/java.util.concurrent.locks.LockSupport.parkNanos(LockSupport.java:252)
        at java.base@17.0.13/java.util.concurrent.locks.AbstractQueuedSynchronizer$ConditionObject.awaitNanos(AbstractQueuedSynchronizer.java:1679)
        at java.base@17.0.13/java.util.concurrent.LinkedBlockingQueue.poll(LinkedBlockingQueue.java:460)
        at app//org.apache.hadoop.ipc.CallQueueManager.take(CallQueueManager.java:370)
        at app//org.apache.hadoop.ipc.Server$Handler.run(Server.java:3165)
"Hadoop-Metrics-Updater-0" daemon prio=5 tid=45 timed_waiting
java.lang.Thread.State: TIMED_WAITING
        at java.base@17.0.13/jdk.internal.misc.Unsafe.park(Native Method)
        at java.base@17.0.13/java.util.concurrent.locks.LockSupport.parkNanos(LockSupport.java:252)
        at java.base@17.0.13/java.util.concurrent.locks.AbstractQueuedSynchronizer$ConditionObject.awaitNanos(AbstractQueuedSynchronizer.java:1679)
        at java.base@17.0.13/java.util.concurrent.ScheduledThreadPoolExecutor$DelayedWorkQueue.take(ScheduledThreadPoolExecutor.java:1182)
        at java.base@17.0.13/java.util.concurrent.ScheduledThreadPoolExecutor$DelayedWorkQueue.take(ScheduledThreadPoolExecutor.java:899)
        at java.base@17.0.13/java.util.concurrent.ThreadPoolExecutor.getTask(ThreadPoolExecutor.java:1062)
        at java.base@17.0.13/java.util.concurrent.ThreadPoolExecutor.runWorker(ThreadPoolExecutor.java:1122)
        at java.base@17.0.13/java.util.concurrent.ThreadPoolExecutor$Worker.run(ThreadPoolExecutor.java:635)
        at java.base@17.0.13/java.lang.Thread.run(Thread.java:840)
"IPC Server handler 52 on default port 15000" daemon prio=5 tid=137 timed_waiting
java.lang.Thread.State: TIMED_WAITING
        at java.base@17.0.13/jdk.internal.misc.Unsafe.park(Native Method)
        at java.base@17.0.13/java.util.concurrent.locks.LockSupport.parkNanos(LockSupport.java:252)
        at java.base@17.0.13/java.util.concurrent.locks.AbstractQueuedSynchronizer$ConditionObject.awaitNanos(AbstractQueuedSynchronizer.java:1679)
        at java.base@17.0.13/java.util.concurrent.LinkedBlockingQueue.poll(LinkedBlockingQueue.java:460)
        at app//org.apache.hadoop.ipc.CallQueueManager.take(CallQueueManager.java:370)
        at app//org.apache.hadoop.ipc.Server$Handler.run(Server.java:3165)
"Socket Reader #8 for port 15002"  prio=5 tid=40 runnable
java.lang.Thread.State: RUNNABLE
        at java.base@17.0.13/sun.nio.ch.EPoll.wait(Native Method)
        at java.base@17.0.13/sun.nio.ch.EPollSelectorImpl.doSelect(EPollSelectorImpl.java:118)
        at java.base@17.0.13/sun.nio.ch.SelectorImpl.lockAndDoSelect(SelectorImpl.java:129)
        at java.base@17.0.13/sun.nio.ch.SelectorImpl.select(SelectorImpl.java:146)
        at app//org.apache.hadoop.ipc.Server$Listener$Reader.doRunLoop(Server.java:1497)
        at app//org.apache.hadoop.ipc.Server$Listener$Reader.run(Server.java:1476)
"IPC Server handler 71 on default port 15002" daemon prio=5 tid=356 timed_waiting
java.lang.Thread.State: TIMED_WAITING
        at java.base@17.0.13/jdk.internal.misc.Unsafe.park(Native Method)
        at java.base@17.0.13/java.util.concurrent.locks.LockSupport.parkNanos(LockSupport.java:252)
        at java.base@17.0.13/java.util.concurrent.locks.AbstractQueuedSynchronizer$ConditionObject.awaitNanos(AbstractQueuedSynchronizer.java:1679)
        at java.base@17.0.13/java.util.concurrent.LinkedBlockingQueue.poll(LinkedBlockingQueue.java:460)
        at app//org.apache.hadoop.ipc.CallQueueManager.take(CallQueueManager.java:370)
        at app//org.apache.hadoop.ipc.Server$Handler.run(Server.java:3165)
"IPC Server handler 63 on default port 15001" daemon prio=5 tid=248 timed_waiting
java.lang.Thread.State: TIMED_WAITING
        at java.base@17.0.13/jdk.internal.misc.Unsafe.park(Native Method)
        at java.base@17.0.13/java.util.concurrent.locks.LockSupport.parkNanos(LockSupport.java:252)
        at java.base@17.0.13/java.util.concurrent.locks.AbstractQueuedSynchronizer$ConditionObject.awaitNanos(AbstractQueuedSynchronizer.java:1679)
        at java.base@17.0.13/java.util.concurrent.LinkedBlockingQueue.poll(LinkedBlockingQueue.java:460)
        at app//org.apache.hadoop.ipc.CallQueueManager.take(CallQueueManager.java:370)
        at app//org.apache.hadoop.ipc.Server$Handler.run(Server.java:3165)
"46c085ae-d173-483e-a797-bf073fdc6d33-BlockDeletingService#1" daemon prio=5 tid=762 in Object.wait()
java.lang.Thread.State: WAITING (on object monitor)
        at java.base@17.0.13/jdk.internal.misc.Unsafe.park(Native Method)
        at java.base@17.0.13/java.util.concurrent.locks.LockSupport.park(LockSupport.java:341)
        at java.base@17.0.13/java.util.concurrent.locks.AbstractQueuedSynchronizer$ConditionNode.block(AbstractQueuedSynchronizer.java:506)
        at java.base@17.0.13/java.util.concurrent.ForkJoinPool.unmanagedBlock(ForkJoinPool.java:3465)
        at java.base@17.0.13/java.util.concurrent.ForkJoinPool.managedBlock(ForkJoinPool.java:3436)
        at java.base@17.0.13/java.util.concurrent.locks.AbstractQueuedSynchronizer$ConditionObject.await(AbstractQueuedSynchronizer.java:1630)
        at java.base@17.0.13/java.util.concurrent.ScheduledThreadPoolExecutor$DelayedWorkQueue.take(ScheduledThreadPoolExecutor.java:1177)
        at java.base@17.0.13/java.util.concurrent.ScheduledThreadPoolExecutor$DelayedWorkQueue.take(ScheduledThreadPoolExecutor.java:899)
        at java.base@17.0.13/java.util.concurrent.ThreadPoolExecutor.getTask(ThreadPoolExecutor.java:1062)
        at java.base@17.0.13/java.util.concurrent.ThreadPoolExecutor.runWorker(ThreadPoolExecutor.java:1122)
        at java.base@17.0.13/java.util.concurrent.ThreadPoolExecutor$Worker.run(ThreadPoolExecutor.java:635)
        at java.base@17.0.13/java.lang.Thread.run(Thread.java:840)
"IPC Server handler 5 on default port 15046" daemon prio=5 tid=695 timed_waiting
java.lang.Thread.State: TIMED_WAITING
        at java.base@17.0.13/jdk.internal.misc.Unsafe.park(Native Method)
        at java.base@17.0.13/java.util.concurrent.locks.LockSupport.parkNanos(LockSupport.java:252)
        at java.base@17.0.13/java.util.concurrent.locks.AbstractQueuedSynchronizer$ConditionObject.awaitNanos(AbstractQueuedSynchronizer.java:1679)
        at java.base@17.0.13/java.util.concurrent.LinkedBlockingQueue.poll(LinkedBlockingQueue.java:460)
        at app//org.apache.hadoop.ipc.CallQueueManager.take(CallQueueManager.java:370)
        at app//org.apache.hadoop.ipc.Server$Handler.run(Server.java:3165)
"LeaseManager#LeaseMonitor" daemon prio=5 tid=386 timed_waiting
java.lang.Thread.State: TIMED_WAITING
        at java.base@17.0.13/jdk.internal.misc.Unsafe.park(Native Method)
        at java.base@17.0.13/java.util.concurrent.locks.LockSupport.parkNanos(LockSupport.java:252)
        at java.base@17.0.13/java.util.concurrent.locks.AbstractQueuedSynchronizer.acquire(AbstractQueuedSynchronizer.java:717)
        at java.base@17.0.13/java.util.concurrent.locks.AbstractQueuedSynchronizer.tryAcquireSharedNanos(AbstractQueuedSynchronizer.java:1074)
        at java.base@17.0.13/java.util.concurrent.Semaphore.tryAcquire(Semaphore.java:415)
        at app//org.apache.hadoop.ozone.lease.LeaseManager$LeaseMonitor.run(LeaseManager.java:284)
        at java.base@17.0.13/java.lang.Thread.run(Thread.java:840)
"EventQueue-DeadNodeForDeadNodeHandler" daemon prio=5 tid=986 in Object.wait()
java.lang.Thread.State: WAITING (on object monitor)
        at java.base@17.0.13/jdk.internal.misc.Unsafe.park(Native Method)
        at java.base@17.0.13/java.util.concurrent.locks.LockSupport.park(LockSupport.java:341)
        at java.base@17.0.13/java.util.concurrent.locks.AbstractQueuedSynchronizer$ConditionNode.block(AbstractQueuedSynchronizer.java:506)
        at java.base@17.0.13/java.util.concurrent.ForkJoinPool.unmanagedBlock(ForkJoinPool.java:3465)
        at java.base@17.0.13/java.util.concurrent.ForkJoinPool.managedBlock(ForkJoinPool.java:3436)
        at java.base@17.0.13/java.util.concurrent.locks.AbstractQueuedSynchronizer$ConditionObject.await(AbstractQueuedSynchronizer.java:1630)
        at java.base@17.0.13/java.util.concurrent.LinkedBlockingQueue.take(LinkedBlockingQueue.java:435)
        at java.base@17.0.13/java.util.concurrent.ThreadPoolExecutor.getTask(ThreadPoolExecutor.java:1062)
        at java.base@17.0.13/java.util.concurrent.ThreadPoolExecutor.runWorker(ThreadPoolExecutor.java:1122)
        at java.base@17.0.13/java.util.concurrent.ThreadPoolExecutor$Worker.run(ThreadPoolExecutor.java:635)
        at java.base@17.0.13/java.lang.Thread.run(Thread.java:840)
"IPC Server handler 53 on default port 15001" daemon prio=5 tid=238 timed_waiting
java.lang.Thread.State: TIMED_WAITING
        at java.base@17.0.13/jdk.internal.misc.Unsafe.park(Native Method)
        at java.base@17.0.13/java.util.concurrent.locks.LockSupport.parkNanos(LockSupport.java:252)
        at java.base@17.0.13/java.util.concurrent.locks.AbstractQueuedSynchronizer$ConditionObject.awaitNanos(AbstractQueuedSynchronizer.java:1679)
        at java.base@17.0.13/java.util.concurrent.LinkedBlockingQueue.poll(LinkedBlockingQueue.java:460)
        at app//org.apache.hadoop.ipc.CallQueueManager.take(CallQueueManager.java:370)
        at app//org.apache.hadoop.ipc.Server$Handler.run(Server.java:3165)
"IPC Server handler 16 on default port 15001" daemon prio=5 tid=201 timed_waiting
java.lang.Thread.State: TIMED_WAITING
        at java.base@17.0.13/jdk.internal.misc.Unsafe.park(Native Method)
        at java.base@17.0.13/java.util.concurrent.locks.LockSupport.parkNanos(LockSupport.java:252)
        at java.base@17.0.13/java.util.concurrent.locks.AbstractQueuedSynchronizer$ConditionObject.awaitNanos(AbstractQueuedSynchronizer.java:1679)
        at java.base@17.0.13/java.util.concurrent.LinkedBlockingQueue.poll(LinkedBlockingQueue.java:460)
        at app//org.apache.hadoop.ipc.CallQueueManager.take(CallQueueManager.java:370)
        at app//org.apache.hadoop.ipc.Server$Handler.run(Server.java:3165)
"FixedThreadPoolWithAffinityExecutor-3-0" daemon prio=5 tid=77 timed_waiting
java.lang.Thread.State: TIMED_WAITING
        at java.base@17.0.13/jdk.internal.misc.Unsafe.park(Native Method)
        at java.base@17.0.13/java.util.concurrent.locks.LockSupport.parkNanos(LockSupport.java:252)
        at java.base@17.0.13/java.util.concurrent.locks.AbstractQueuedSynchronizer$ConditionObject.awaitNanos(AbstractQueuedSynchronizer.java:1679)
        at java.base@17.0.13/java.util.concurrent.LinkedBlockingQueue.poll(LinkedBlockingQueue.java:460)
        at app//org.apache.hadoop.hdds.scm.server.ContainerReportQueue.poll(ContainerReportQueue.java:269)
        at app//org.apache.hadoop.hdds.scm.server.ContainerReportQueue.poll(ContainerReportQueue.java:42)
        at app//org.apache.hadoop.hdds.server.events.FixedThreadPoolWithAffinityExecutor$ContainerReportProcessTask.run(FixedThreadPoolWithAffinityExecutor.java:253)
        at java.base@17.0.13/java.util.concurrent.Executors$RunnableAdapter.call(Executors.java:539)
        at java.base@17.0.13/java.util.concurrent.FutureTask.run(FutureTask.java:264)
        at java.base@17.0.13/java.util.concurrent.ThreadPoolExecutor.runWorker(ThreadPoolExecutor.java:1136)
        at java.base@17.0.13/java.util.concurrent.ThreadPoolExecutor$Worker.run(ThreadPoolExecutor.java:635)
        at java.base@17.0.13/java.lang.Thread.run(Thread.java:840)
"FullTableCache-Cleanup-0" daemon prio=5 tid=402 timed_waiting
java.lang.Thread.State: TIMED_WAITING
        at java.base@17.0.13/jdk.internal.misc.Unsafe.park(Native Method)
        at java.base@17.0.13/java.util.concurrent.locks.LockSupport.parkNanos(LockSupport.java:252)
        at java.base@17.0.13/java.util.concurrent.locks.AbstractQueuedSynchronizer$ConditionObject.awaitNanos(AbstractQueuedSynchronizer.java:1679)
        at java.base@17.0.13/java.util.concurrent.ScheduledThreadPoolExecutor$DelayedWorkQueue.take(ScheduledThreadPoolExecutor.java:1182)
        at java.base@17.0.13/java.util.concurrent.ScheduledThreadPoolExecutor$DelayedWorkQueue.take(ScheduledThreadPoolExecutor.java:899)
        at java.base@17.0.13/java.util.concurrent.ThreadPoolExecutor.getTask(ThreadPoolExecutor.java:1062)
        at java.base@17.0.13/java.util.concurrent.ThreadPoolExecutor.runWorker(ThreadPoolExecutor.java:1122)
        at java.base@17.0.13/java.util.concurrent.ThreadPoolExecutor$Worker.run(ThreadPoolExecutor.java:635)
        at java.base@17.0.13/java.lang.Thread.run(Thread.java:840)
"EventQueue-NodeRegistrationContainerReportForDataNodeSafeModeRule" daemon prio=5 tid=801 in Object.wait()
java.lang.Thread.State: WAITING (on object monitor)
        at java.base@17.0.13/jdk.internal.misc.Unsafe.park(Native Method)
        at java.base@17.0.13/java.util.concurrent.locks.LockSupport.park(LockSupport.java:341)
        at java.base@17.0.13/java.util.concurrent.locks.AbstractQueuedSynchronizer$ConditionNode.block(AbstractQueuedSynchronizer.java:506)
        at java.base@17.0.13/java.util.concurrent.ForkJoinPool.unmanagedBlock(ForkJoinPool.java:3465)
        at java.base@17.0.13/java.util.concurrent.ForkJoinPool.managedBlock(ForkJoinPool.java:3436)
        at java.base@17.0.13/java.util.concurrent.locks.AbstractQueuedSynchronizer$ConditionObject.await(AbstractQueuedSynchronizer.java:1630)
        at java.base@17.0.13/java.util.concurrent.LinkedBlockingQueue.take(LinkedBlockingQueue.java:435)
        at java.base@17.0.13/java.util.concurrent.ThreadPoolExecutor.getTask(ThreadPoolExecutor.java:1062)
        at java.base@17.0.13/java.util.concurrent.ThreadPoolExecutor.runWorker(ThreadPoolExecutor.java:1122)
        at java.base@17.0.13/java.util.concurrent.ThreadPoolExecutor$Worker.run(ThreadPoolExecutor.java:635)
        at java.base@17.0.13/java.lang.Thread.run(Thread.java:840)
"Socket Reader #1 for port 15019"  prio=5 tid=539 runnable
java.lang.Thread.State: RUNNABLE
        at java.base@17.0.13/sun.nio.ch.EPoll.wait(Native Method)
        at java.base@17.0.13/sun.nio.ch.EPollSelectorImpl.doSelect(EPollSelectorImpl.java:118)
        at java.base@17.0.13/sun.nio.ch.SelectorImpl.lockAndDoSelect(SelectorImpl.java:129)
        at java.base@17.0.13/sun.nio.ch.SelectorImpl.select(SelectorImpl.java:146)
        at app//org.apache.hadoop.ipc.Server$Listener$Reader.doRunLoop(Server.java:1497)
        at app//org.apache.hadoop.ipc.Server$Listener$Reader.run(Server.java:1476)
"IPC Server handler 83 on default port 15001" daemon prio=5 tid=268 timed_waiting
java.lang.Thread.State: TIMED_WAITING
        at java.base@17.0.13/jdk.internal.misc.Unsafe.park(Native Method)
        at java.base@17.0.13/java.util.concurrent.locks.LockSupport.parkNanos(LockSupport.java:252)
        at java.base@17.0.13/java.util.concurrent.locks.AbstractQueuedSynchronizer$ConditionObject.awaitNanos(AbstractQueuedSynchronizer.java:1679)
        at java.base@17.0.13/java.util.concurrent.LinkedBlockingQueue.poll(LinkedBlockingQueue.java:460)
        at app//org.apache.hadoop.ipc.CallQueueManager.take(CallQueueManager.java:370)
        at app//org.apache.hadoop.ipc.Server$Handler.run(Server.java:3165)
"Socket Reader #4 for port 15019"  prio=5 tid=542 runnable
java.lang.Thread.State: RUNNABLE
        at java.base@17.0.13/sun.nio.ch.EPoll.wait(Native Method)
        at java.base@17.0.13/sun.nio.ch.EPollSelectorImpl.doSelect(EPollSelectorImpl.java:118)
        at java.base@17.0.13/sun.nio.ch.SelectorImpl.lockAndDoSelect(SelectorImpl.java:129)
        at java.base@17.0.13/sun.nio.ch.SelectorImpl.select(SelectorImpl.java:146)
        at app//org.apache.hadoop.ipc.Server$Listener$Reader.doRunLoop(Server.java:1497)
        at app//org.apache.hadoop.ipc.Server$Listener$Reader.run(Server.java:1476)
"IPC Server handler 47 on default port 15000" daemon prio=5 tid=132 timed_waiting
java.lang.Thread.State: TIMED_WAITING
        at java.base@17.0.13/jdk.internal.misc.Unsafe.park(Native Method)
        at java.base@17.0.13/java.util.concurrent.locks.LockSupport.parkNanos(LockSupport.java:252)
        at java.base@17.0.13/java.util.concurrent.locks.AbstractQueuedSynchronizer$ConditionObject.awaitNanos(AbstractQueuedSynchronizer.java:1679)
        at java.base@17.0.13/java.util.concurrent.LinkedBlockingQueue.poll(LinkedBlockingQueue.java:460)
        at app//org.apache.hadoop.ipc.CallQueueManager.take(CallQueueManager.java:370)
        at app//org.apache.hadoop.ipc.Server$Handler.run(Server.java:3165)
"IPC Server handler 55 on default port 15001" daemon prio=5 tid=240 timed_waiting
java.lang.Thread.State: TIMED_WAITING
        at java.base@17.0.13/jdk.internal.misc.Unsafe.park(Native Method)
        at java.base@17.0.13/java.util.concurrent.locks.LockSupport.parkNanos(LockSupport.java:252)
        at java.base@17.0.13/java.util.concurrent.locks.AbstractQueuedSynchronizer$ConditionObject.awaitNanos(AbstractQueuedSynchronizer.java:1679)
        at java.base@17.0.13/java.util.concurrent.LinkedBlockingQueue.poll(LinkedBlockingQueue.java:460)
        at app//org.apache.hadoop.ipc.CallQueueManager.take(CallQueueManager.java:370)
        at app//org.apache.hadoop.ipc.Server$Handler.run(Server.java:3165)
"IPC Server handler 8 on default port 15019" daemon prio=5 tid=560 timed_waiting
java.lang.Thread.State: TIMED_WAITING
        at java.base@17.0.13/jdk.internal.misc.Unsafe.park(Native Method)
        at java.base@17.0.13/java.util.concurrent.locks.LockSupport.parkNanos(LockSupport.java:252)
        at java.base@17.0.13/java.util.concurrent.locks.AbstractQueuedSynchronizer$ConditionObject.awaitNanos(AbstractQueuedSynchronizer.java:1679)
        at java.base@17.0.13/java.util.concurrent.LinkedBlockingQueue.poll(LinkedBlockingQueue.java:460)
        at app//org.apache.hadoop.ipc.CallQueueManager.take(CallQueueManager.java:370)
        at app//org.apache.hadoop.ipc.Server$Handler.run(Server.java:3165)
"IPC Server handler 33 on default port 15002" daemon prio=5 tid=318 timed_waiting
java.lang.Thread.State: TIMED_WAITING
        at java.base@17.0.13/jdk.internal.misc.Unsafe.park(Native Method)
        at java.base@17.0.13/java.util.concurrent.locks.LockSupport.parkNanos(LockSupport.java:252)
        at java.base@17.0.13/java.util.concurrent.locks.AbstractQueuedSynchronizer$ConditionObject.awaitNanos(AbstractQueuedSynchronizer.java:1679)
        at java.base@17.0.13/java.util.concurrent.LinkedBlockingQueue.poll(LinkedBlockingQueue.java:460)
        at app//org.apache.hadoop.ipc.CallQueueManager.take(CallQueueManager.java:370)
        at app//org.apache.hadoop.ipc.Server$Handler.run(Server.java:3165)
"22bda68c-b64b-4e26-a6f3-14a354ca4fb6-ChunkWriter-2-0" daemon prio=5 tid=792 in Object.wait()
java.lang.Thread.State: WAITING (on object monitor)
        at java.base@17.0.13/jdk.internal.misc.Unsafe.park(Native Method)
        at java.base@17.0.13/java.util.concurrent.locks.LockSupport.park(LockSupport.java:341)
        at java.base@17.0.13/java.util.concurrent.locks.AbstractQueuedSynchronizer$ConditionNode.block(AbstractQueuedSynchronizer.java:506)
        at java.base@17.0.13/java.util.concurrent.ForkJoinPool.unmanagedBlock(ForkJoinPool.java:3465)
        at java.base@17.0.13/java.util.concurrent.ForkJoinPool.managedBlock(ForkJoinPool.java:3436)
        at java.base@17.0.13/java.util.concurrent.locks.AbstractQueuedSynchronizer$ConditionObject.await(AbstractQueuedSynchronizer.java:1630)
        at java.base@17.0.13/java.util.concurrent.LinkedBlockingDeque.takeFirst(LinkedBlockingDeque.java:485)
        at java.base@17.0.13/java.util.concurrent.LinkedBlockingDeque.take(LinkedBlockingDeque.java:673)
        at java.base@17.0.13/java.util.concurrent.ThreadPoolExecutor.getTask(ThreadPoolExecutor.java:1062)
        at java.base@17.0.13/java.util.concurrent.ThreadPoolExecutor.runWorker(ThreadPoolExecutor.java:1122)
        at java.base@17.0.13/java.util.concurrent.ThreadPoolExecutor$Worker.run(ThreadPoolExecutor.java:635)
        at java.base@17.0.13/java.lang.Thread.run(Thread.java:840)
"22bda68c-b64b-4e26-a6f3-14a354ca4fb6@group-E26A81565C11-StateMachineUpdater" daemon prio=5 tid=898 timed_waiting
java.lang.Thread.State: TIMED_WAITING
        at java.base@17.0.13/jdk.internal.misc.Unsafe.park(Native Method)
        at java.base@17.0.13/java.util.concurrent.locks.LockSupport.parkNanos(LockSupport.java:252)
        at java.base@17.0.13/java.util.concurrent.locks.AbstractQueuedSynchronizer$ConditionObject.await(AbstractQueuedSynchronizer.java:1764)
        at app//org.apache.ratis.util.AwaitForSignal.await(AwaitForSignal.java:65)
        at app//org.apache.ratis.server.impl.StateMachineUpdater.waitForCommit(StateMachineUpdater.java:219)
        at app//org.apache.ratis.server.impl.StateMachineUpdater.run(StateMachineUpdater.java:187)
        at java.base@17.0.13/java.lang.Thread.run(Thread.java:840)
"IPC Server handler 61 on default port 15002" daemon prio=5 tid=346 timed_waiting
java.lang.Thread.State: TIMED_WAITING
        at java.base@17.0.13/jdk.internal.misc.Unsafe.park(Native Method)
        at java.base@17.0.13/java.util.concurrent.locks.LockSupport.parkNanos(LockSupport.java:252)
        at java.base@17.0.13/java.util.concurrent.locks.AbstractQueuedSynchronizer$ConditionObject.awaitNanos(AbstractQueuedSynchronizer.java:1679)
        at java.base@17.0.13/java.util.concurrent.LinkedBlockingQueue.poll(LinkedBlockingQueue.java:460)
        at app//org.apache.hadoop.ipc.CallQueueManager.take(CallQueueManager.java:370)
        at app//org.apache.hadoop.ipc.Server$Handler.run(Server.java:3165)
"Session-HouseKeeper-60160088-1"  prio=5 tid=629 timed_waiting
java.lang.Thread.State: TIMED_WAITING
        at java.base@17.0.13/jdk.internal.misc.Unsafe.park(Native Method)
        at java.base@17.0.13/java.util.concurrent.locks.LockSupport.parkNanos(LockSupport.java:252)
        at java.base@17.0.13/java.util.concurrent.locks.AbstractQueuedSynchronizer$ConditionObject.awaitNanos(AbstractQueuedSynchronizer.java:1679)
        at java.base@17.0.13/java.util.concurrent.ScheduledThreadPoolExecutor$DelayedWorkQueue.take(ScheduledThreadPoolExecutor.java:1182)
        at java.base@17.0.13/java.util.concurrent.ScheduledThreadPoolExecutor$DelayedWorkQueue.take(ScheduledThreadPoolExecutor.java:899)
        at java.base@17.0.13/java.util.concurrent.ThreadPoolExecutor.getTask(ThreadPoolExecutor.java:1062)
        at java.base@17.0.13/java.util.concurrent.ThreadPoolExecutor.runWorker(ThreadPoolExecutor.java:1122)
        at java.base@17.0.13/java.util.concurrent.ThreadPoolExecutor$Worker.run(ThreadPoolExecutor.java:635)
        at java.base@17.0.13/java.lang.Thread.run(Thread.java:840)
"IPC Server handler 97 on default port 15002" daemon prio=5 tid=382 timed_waiting
java.lang.Thread.State: TIMED_WAITING
        at java.base@17.0.13/jdk.internal.misc.Unsafe.park(Native Method)
        at java.base@17.0.13/java.util.concurrent.locks.LockSupport.parkNanos(LockSupport.java:252)
        at java.base@17.0.13/java.util.concurrent.locks.AbstractQueuedSynchronizer$ConditionObject.awaitNanos(AbstractQueuedSynchronizer.java:1679)
        at java.base@17.0.13/java.util.concurrent.LinkedBlockingQueue.poll(LinkedBlockingQueue.java:460)
        at app//org.apache.hadoop.ipc.CallQueueManager.take(CallQueueManager.java:370)
        at app//org.apache.hadoop.ipc.Server$Handler.run(Server.java:3165)
"IPC Server handler 82 on default port 15001" daemon prio=5 tid=267 timed_waiting
java.lang.Thread.State: TIMED_WAITING
        at java.base@17.0.13/jdk.internal.misc.Unsafe.park(Native Method)
        at java.base@17.0.13/java.util.concurrent.locks.LockSupport.parkNanos(LockSupport.java:252)
        at java.base@17.0.13/java.util.concurrent.locks.AbstractQueuedSynchronizer$ConditionObject.awaitNanos(AbstractQueuedSynchronizer.java:1679)
        at java.base@17.0.13/java.util.concurrent.LinkedBlockingQueue.poll(LinkedBlockingQueue.java:460)
        at app//org.apache.hadoop.ipc.CallQueueManager.take(CallQueueManager.java:370)
        at app//org.apache.hadoop.ipc.Server$Handler.run(Server.java:3165)
"Socket Reader #7 for port 15004"  prio=5 tid=418 runnable
java.lang.Thread.State: RUNNABLE
        at java.base@17.0.13/sun.nio.ch.EPoll.wait(Native Method)
        at java.base@17.0.13/sun.nio.ch.EPollSelectorImpl.doSelect(EPollSelectorImpl.java:118)
        at java.base@17.0.13/sun.nio.ch.SelectorImpl.lockAndDoSelect(SelectorImpl.java:129)
        at java.base@17.0.13/sun.nio.ch.SelectorImpl.select(SelectorImpl.java:146)
        at app//org.apache.hadoop.ipc.Server$Listener$Reader.doRunLoop(Server.java:1497)
        at app//org.apache.hadoop.ipc.Server$Listener$Reader.run(Server.java:1476)
"Socket Reader #9 for port 15046"  prio=5 tid=685 runnable
java.lang.Thread.State: RUNNABLE
        at java.base@17.0.13/sun.nio.ch.EPoll.wait(Native Method)
        at java.base@17.0.13/sun.nio.ch.EPollSelectorImpl.doSelect(EPollSelectorImpl.java:118)
        at java.base@17.0.13/sun.nio.ch.SelectorImpl.lockAndDoSelect(SelectorImpl.java:129)
        at java.base@17.0.13/sun.nio.ch.SelectorImpl.select(SelectorImpl.java:146)
        at app//org.apache.hadoop.ipc.Server$Listener$Reader.doRunLoop(Server.java:1497)
        at app//org.apache.hadoop.ipc.Server$Listener$Reader.run(Server.java:1476)
"IPC Server handler 60 on default port 15002" daemon prio=5 tid=345 timed_waiting
java.lang.Thread.State: TIMED_WAITING
        at java.base@17.0.13/jdk.internal.misc.Unsafe.park(Native Method)
        at java.base@17.0.13/java.util.concurrent.locks.LockSupport.parkNanos(LockSupport.java:252)
        at java.base@17.0.13/java.util.concurrent.locks.AbstractQueuedSynchronizer$ConditionObject.awaitNanos(AbstractQueuedSynchronizer.java:1679)
        at java.base@17.0.13/java.util.concurrent.LinkedBlockingQueue.poll(LinkedBlockingQueue.java:460)
        at app//org.apache.hadoop.ipc.CallQueueManager.take(CallQueueManager.java:370)
        at app//org.apache.hadoop.ipc.Server$Handler.run(Server.java:3165)
"IPC Server handler 3 on default port 15046" daemon prio=5 tid=693 timed_waiting
java.lang.Thread.State: TIMED_WAITING
        at java.base@17.0.13/jdk.internal.misc.Unsafe.park(Native Method)
        at java.base@17.0.13/java.util.concurrent.locks.LockSupport.parkNanos(LockSupport.java:252)
        at java.base@17.0.13/java.util.concurrent.locks.AbstractQueuedSynchronizer$ConditionObject.awaitNanos(AbstractQueuedSynchronizer.java:1679)
        at java.base@17.0.13/java.util.concurrent.LinkedBlockingQueue.poll(LinkedBlockingQueue.java:460)
        at app//org.apache.hadoop.ipc.CallQueueManager.take(CallQueueManager.java:370)
        at app//org.apache.hadoop.ipc.Server$Handler.run(Server.java:3165)
"IPC Server handler 31 on default port 15000" daemon prio=5 tid=116 timed_waiting
java.lang.Thread.State: TIMED_WAITING
        at java.base@17.0.13/jdk.internal.misc.Unsafe.park(Native Method)
        at java.base@17.0.13/java.util.concurrent.locks.LockSupport.parkNanos(LockSupport.java:252)
        at java.base@17.0.13/java.util.concurrent.locks.AbstractQueuedSynchronizer$ConditionObject.awaitNanos(AbstractQueuedSynchronizer.java:1679)
        at java.base@17.0.13/java.util.concurrent.LinkedBlockingQueue.poll(LinkedBlockingQueue.java:460)
        at app//org.apache.hadoop.ipc.CallQueueManager.take(CallQueueManager.java:370)
        at app//org.apache.hadoop.ipc.Server$Handler.run(Server.java:3165)
"IPC Server handler 88 on default port 15002" daemon prio=5 tid=373 timed_waiting
java.lang.Thread.State: TIMED_WAITING
        at java.base@17.0.13/jdk.internal.misc.Unsafe.park(Native Method)
        at java.base@17.0.13/java.util.concurrent.locks.LockSupport.parkNanos(LockSupport.java:252)
        at java.base@17.0.13/java.util.concurrent.locks.AbstractQueuedSynchronizer$ConditionObject.awaitNanos(AbstractQueuedSynchronizer.java:1679)
        at java.base@17.0.13/java.util.concurrent.LinkedBlockingQueue.poll(LinkedBlockingQueue.java:460)
        at app//org.apache.hadoop.ipc.CallQueueManager.take(CallQueueManager.java:370)
        at app//org.apache.hadoop.ipc.Server$Handler.run(Server.java:3165)
"Socket Reader #8 for port 15004"  prio=5 tid=419 runnable
java.lang.Thread.State: RUNNABLE
        at java.base@17.0.13/sun.nio.ch.EPoll.wait(Native Method)
        at java.base@17.0.13/sun.nio.ch.EPollSelectorImpl.doSelect(EPollSelectorImpl.java:118)
        at java.base@17.0.13/sun.nio.ch.SelectorImpl.lockAndDoSelect(SelectorImpl.java:129)
        at java.base@17.0.13/sun.nio.ch.SelectorImpl.select(SelectorImpl.java:146)
        at app//org.apache.hadoop.ipc.Server$Listener$Reader.doRunLoop(Server.java:1497)
        at app//org.apache.hadoop.ipc.Server$Listener$Reader.run(Server.java:1476)
"IPC Server handler 67 on default port 15001" daemon prio=5 tid=252 timed_waiting
java.lang.Thread.State: TIMED_WAITING
        at java.base@17.0.13/jdk.internal.misc.Unsafe.park(Native Method)
        at java.base@17.0.13/java.util.concurrent.locks.LockSupport.parkNanos(LockSupport.java:252)
        at java.base@17.0.13/java.util.concurrent.locks.AbstractQueuedSynchronizer$ConditionObject.awaitNanos(AbstractQueuedSynchronizer.java:1679)
        at java.base@17.0.13/java.util.concurrent.LinkedBlockingQueue.poll(LinkedBlockingQueue.java:460)
        at app//org.apache.hadoop.ipc.CallQueueManager.take(CallQueueManager.java:370)
        at app//org.apache.hadoop.ipc.Server$Handler.run(Server.java:3165)
"DatanodeAdminManager-0" daemon prio=5 tid=31 timed_waiting
java.lang.Thread.State: TIMED_WAITING
        at java.base@17.0.13/jdk.internal.misc.Unsafe.park(Native Method)
        at java.base@17.0.13/java.util.concurrent.locks.LockSupport.parkNanos(LockSupport.java:252)
        at java.base@17.0.13/java.util.concurrent.locks.AbstractQueuedSynchronizer$ConditionObject.awaitNanos(AbstractQueuedSynchronizer.java:1679)
        at java.base@17.0.13/java.util.concurrent.ScheduledThreadPoolExecutor$DelayedWorkQueue.take(ScheduledThreadPoolExecutor.java:1182)
        at java.base@17.0.13/java.util.concurrent.ScheduledThreadPoolExecutor$DelayedWorkQueue.take(ScheduledThreadPoolExecutor.java:899)
        at java.base@17.0.13/java.util.concurrent.ThreadPoolExecutor.getTask(ThreadPoolExecutor.java:1062)
        at java.base@17.0.13/java.util.concurrent.ThreadPoolExecutor.runWorker(ThreadPoolExecutor.java:1122)
        at java.base@17.0.13/java.util.concurrent.ThreadPoolExecutor$Worker.run(ThreadPoolExecutor.java:635)
        at java.base@17.0.13/java.lang.Thread.run(Thread.java:840)
"Socket Reader #7 for port 15001"  prio=5 tid=53 runnable
java.lang.Thread.State: RUNNABLE
        at java.base@17.0.13/sun.nio.ch.EPoll.wait(Native Method)
        at java.base@17.0.13/sun.nio.ch.EPollSelectorImpl.doSelect(EPollSelectorImpl.java:118)
        at java.base@17.0.13/sun.nio.ch.SelectorImpl.lockAndDoSelect(SelectorImpl.java:129)
        at java.base@17.0.13/sun.nio.ch.SelectorImpl.select(SelectorImpl.java:146)
        at app//org.apache.hadoop.ipc.Server$Listener$Reader.doRunLoop(Server.java:1497)
        at app//org.apache.hadoop.ipc.Server$Listener$Reader.run(Server.java:1476)
"qtp856883246-444-acceptor-0@3c13689-ServerConnector@1f6b4aaa{HTTP/1.1, (http/1.1)}{0.0.0.0:15005}" daemon prio=3 tid=444 runnable
java.lang.Thread.State: RUNNABLE
        at java.base@17.0.13/sun.nio.ch.Net.accept(Native Method)
        at java.base@17.0.13/sun.nio.ch.ServerSocketChannelImpl.implAccept(ServerSocketChannelImpl.java:425)
        at java.base@17.0.13/sun.nio.ch.ServerSocketChannelImpl.accept(ServerSocketChannelImpl.java:391)
        at app//org.eclipse.jetty.server.ServerConnector.accept(ServerConnector.java:388)
        at app//org.eclipse.jetty.server.AbstractConnector$Acceptor.run(AbstractConnector.java:704)
        at app//org.eclipse.jetty.util.thread.QueuedThreadPool.runJob(QueuedThreadPool.java:883)
        at app//org.eclipse.jetty.util.thread.QueuedThreadPool$Runner.run(QueuedThreadPool.java:1034)
        at java.base@17.0.13/java.lang.Thread.run(Thread.java:840)
"22bda68c-b64b-4e26-a6f3-14a354ca4fb6-ChunkWriter-1-0" daemon prio=5 tid=791 in Object.wait()
java.lang.Thread.State: WAITING (on object monitor)
        at java.base@17.0.13/jdk.internal.misc.Unsafe.park(Native Method)
        at java.base@17.0.13/java.util.concurrent.locks.LockSupport.park(LockSupport.java:341)
        at java.base@17.0.13/java.util.concurrent.locks.AbstractQueuedSynchronizer$ConditionNode.block(AbstractQueuedSynchronizer.java:506)
        at java.base@17.0.13/java.util.concurrent.ForkJoinPool.unmanagedBlock(ForkJoinPool.java:3465)
        at java.base@17.0.13/java.util.concurrent.ForkJoinPool.managedBlock(ForkJoinPool.java:3436)
        at java.base@17.0.13/java.util.concurrent.locks.AbstractQueuedSynchronizer$ConditionObject.await(AbstractQueuedSynchronizer.java:1630)
        at java.base@17.0.13/java.util.concurrent.LinkedBlockingDeque.takeFirst(LinkedBlockingDeque.java:485)
        at java.base@17.0.13/java.util.concurrent.LinkedBlockingDeque.take(LinkedBlockingDeque.java:673)
        at java.base@17.0.13/java.util.concurrent.ThreadPoolExecutor.getTask(ThreadPoolExecutor.java:1062)
        at java.base@17.0.13/java.util.concurrent.ThreadPoolExecutor.runWorker(ThreadPoolExecutor.java:1122)
        at java.base@17.0.13/java.util.concurrent.ThreadPoolExecutor$Worker.run(ThreadPoolExecutor.java:635)
        at java.base@17.0.13/java.lang.Thread.run(Thread.java:840)
"IPC Server handler 36 on default port 15002" daemon prio=5 tid=321 timed_waiting
java.lang.Thread.State: TIMED_WAITING
        at java.base@17.0.13/jdk.internal.misc.Unsafe.park(Native Method)
        at java.base@17.0.13/java.util.concurrent.locks.LockSupport.parkNanos(LockSupport.java:252)
        at java.base@17.0.13/java.util.concurrent.locks.AbstractQueuedSynchronizer$ConditionObject.awaitNanos(AbstractQueuedSynchronizer.java:1679)
        at java.base@17.0.13/java.util.concurrent.LinkedBlockingQueue.poll(LinkedBlockingQueue.java:460)
        at app//org.apache.hadoop.ipc.CallQueueManager.take(CallQueueManager.java:370)
        at app//org.apache.hadoop.ipc.Server$Handler.run(Server.java:3165)
"IPC Server handler 5 on default port 15004" daemon prio=5 tid=457 timed_waiting
java.lang.Thread.State: TIMED_WAITING
        at java.base@17.0.13/jdk.internal.misc.Unsafe.park(Native Method)
        at java.base@17.0.13/java.util.concurrent.locks.LockSupport.parkNanos(LockSupport.java:252)
        at java.base@17.0.13/java.util.concurrent.locks.AbstractQueuedSynchronizer$ConditionObject.awaitNanos(AbstractQueuedSynchronizer.java:1679)
        at java.base@17.0.13/java.util.concurrent.LinkedBlockingQueue.poll(LinkedBlockingQueue.java:460)
        at app//org.apache.hadoop.ipc.CallQueueManager.take(CallQueueManager.java:370)
        at app//org.apache.hadoop.ipc.Server$Handler.run(Server.java:3165)
"IPC Server handler 15 on default port 15001" daemon prio=5 tid=200 timed_waiting
java.lang.Thread.State: TIMED_WAITING
        at java.base@17.0.13/jdk.internal.misc.Unsafe.park(Native Method)
        at java.base@17.0.13/java.util.concurrent.locks.LockSupport.parkNanos(LockSupport.java:252)
        at java.base@17.0.13/java.util.concurrent.locks.AbstractQueuedSynchronizer$ConditionObject.awaitNanos(AbstractQueuedSynchronizer.java:1679)
        at java.base@17.0.13/java.util.concurrent.LinkedBlockingQueue.poll(LinkedBlockingQueue.java:460)
        at app//org.apache.hadoop.ipc.CallQueueManager.take(CallQueueManager.java:370)
        at app//org.apache.hadoop.ipc.Server$Handler.run(Server.java:3165)
"IPC Server handler 46 on default port 15002" daemon prio=5 tid=331 timed_waiting
java.lang.Thread.State: TIMED_WAITING
        at java.base@17.0.13/jdk.internal.misc.Unsafe.park(Native Method)
        at java.base@17.0.13/java.util.concurrent.locks.LockSupport.parkNanos(LockSupport.java:252)
        at java.base@17.0.13/java.util.concurrent.locks.AbstractQueuedSynchronizer$ConditionObject.awaitNanos(AbstractQueuedSynchronizer.java:1679)
        at java.base@17.0.13/java.util.concurrent.LinkedBlockingQueue.poll(LinkedBlockingQueue.java:460)
        at app//org.apache.hadoop.ipc.CallQueueManager.take(CallQueueManager.java:370)
        at app//org.apache.hadoop.ipc.Server$Handler.run(Server.java:3165)
"IPC Server handler 14 on default port 15004" daemon prio=5 tid=466 timed_waiting
java.lang.Thread.State: TIMED_WAITING
        at java.base@17.0.13/jdk.internal.misc.Unsafe.park(Native Method)
        at java.base@17.0.13/java.util.concurrent.locks.LockSupport.parkNanos(LockSupport.java:252)
        at java.base@17.0.13/java.util.concurrent.locks.AbstractQueuedSynchronizer$ConditionObject.awaitNanos(AbstractQueuedSynchronizer.java:1679)
        at java.base@17.0.13/java.util.concurrent.LinkedBlockingQueue.poll(LinkedBlockingQueue.java:460)
        at app//org.apache.hadoop.ipc.CallQueueManager.take(CallQueueManager.java:370)
        at app//org.apache.hadoop.ipc.Server$Handler.run(Server.java:3165)
"IPC Server handler 76 on default port 15002" daemon prio=5 tid=361 timed_waiting
java.lang.Thread.State: TIMED_WAITING
        at java.base@17.0.13/jdk.internal.misc.Unsafe.park(Native Method)
        at java.base@17.0.13/java.util.concurrent.locks.LockSupport.parkNanos(LockSupport.java:252)
        at java.base@17.0.13/java.util.concurrent.locks.AbstractQueuedSynchronizer$ConditionObject.awaitNanos(AbstractQueuedSynchronizer.java:1679)
        at java.base@17.0.13/java.util.concurrent.LinkedBlockingQueue.poll(LinkedBlockingQueue.java:460)
        at app//org.apache.hadoop.ipc.CallQueueManager.take(CallQueueManager.java:370)
        at app//org.apache.hadoop.ipc.Server$Handler.run(Server.java:3165)
"ca425215-81ee-42b3-84d9-8ded1157efea-DataNodeDiskCheckerThread-1" daemon prio=5 tid=733 timed_waiting
java.lang.Thread.State: TIMED_WAITING
        at java.base@17.0.13/jdk.internal.misc.Unsafe.park(Native Method)
        at java.base@17.0.13/java.util.concurrent.locks.LockSupport.parkNanos(LockSupport.java:252)
        at java.base@17.0.13/java.util.concurrent.SynchronousQueue$TransferStack.transfer(SynchronousQueue.java:401)
        at java.base@17.0.13/java.util.concurrent.SynchronousQueue.poll(SynchronousQueue.java:903)
        at java.base@17.0.13/java.util.concurrent.ThreadPoolExecutor.getTask(ThreadPoolExecutor.java:1061)
        at java.base@17.0.13/java.util.concurrent.ThreadPoolExecutor.runWorker(ThreadPoolExecutor.java:1122)
        at java.base@17.0.13/java.util.concurrent.ThreadPoolExecutor$Worker.run(ThreadPoolExecutor.java:635)
        at java.base@17.0.13/java.lang.Thread.run(Thread.java:840)
"IPC Server handler 13 on default port 15001" daemon prio=5 tid=198 timed_waiting
java.lang.Thread.State: TIMED_WAITING
        at java.base@17.0.13/jdk.internal.misc.Unsafe.park(Native Method)
        at java.base@17.0.13/java.util.concurrent.locks.LockSupport.parkNanos(LockSupport.java:252)
        at java.base@17.0.13/java.util.concurrent.locks.AbstractQueuedSynchronizer$ConditionObject.awaitNanos(AbstractQueuedSynchronizer.java:1679)
        at java.base@17.0.13/java.util.concurrent.LinkedBlockingQueue.poll(LinkedBlockingQueue.java:460)
        at app//org.apache.hadoop.ipc.CallQueueManager.take(CallQueueManager.java:370)
        at app//org.apache.hadoop.ipc.Server$Handler.run(Server.java:3165)
"IPC Server handler 37 on default port 15001" daemon prio=5 tid=222 timed_waiting
java.lang.Thread.State: TIMED_WAITING
        at java.base@17.0.13/jdk.internal.misc.Unsafe.park(Native Method)
        at java.base@17.0.13/java.util.concurrent.locks.LockSupport.parkNanos(LockSupport.java:252)
        at java.base@17.0.13/java.util.concurrent.locks.AbstractQueuedSynchronizer$ConditionObject.awaitNanos(AbstractQueuedSynchronizer.java:1679)
        at java.base@17.0.13/java.util.concurrent.LinkedBlockingQueue.poll(LinkedBlockingQueue.java:460)
        at app//org.apache.hadoop.ipc.CallQueueManager.take(CallQueueManager.java:370)
        at app//org.apache.hadoop.ipc.Server$Handler.run(Server.java:3165)
"IPC Server handler 89 on default port 15001" daemon prio=5 tid=274 timed_waiting
java.lang.Thread.State: TIMED_WAITING
        at java.base@17.0.13/jdk.internal.misc.Unsafe.park(Native Method)
        at java.base@17.0.13/java.util.concurrent.locks.LockSupport.parkNanos(LockSupport.java:252)
        at java.base@17.0.13/java.util.concurrent.locks.AbstractQueuedSynchronizer$ConditionObject.awaitNanos(AbstractQueuedSynchronizer.java:1679)
        at java.base@17.0.13/java.util.concurrent.LinkedBlockingQueue.poll(LinkedBlockingQueue.java:460)
        at app//org.apache.hadoop.ipc.CallQueueManager.take(CallQueueManager.java:370)
        at app//org.apache.hadoop.ipc.Server$Handler.run(Server.java:3165)
"IPC Server handler 79 on default port 15002" daemon prio=5 tid=364 timed_waiting
java.lang.Thread.State: TIMED_WAITING
        at java.base@17.0.13/jdk.internal.misc.Unsafe.park(Native Method)
        at java.base@17.0.13/java.util.concurrent.locks.LockSupport.parkNanos(LockSupport.java:252)
        at java.base@17.0.13/java.util.concurrent.locks.AbstractQueuedSynchronizer$ConditionObject.awaitNanos(AbstractQueuedSynchronizer.java:1679)
        at java.base@17.0.13/java.util.concurrent.LinkedBlockingQueue.poll(LinkedBlockingQueue.java:460)
        at app//org.apache.hadoop.ipc.CallQueueManager.take(CallQueueManager.java:370)
        at app//org.apache.hadoop.ipc.Server$Handler.run(Server.java:3165)
"IPC Server handler 80 on default port 15002" daemon prio=5 tid=365 timed_waiting
java.lang.Thread.State: TIMED_WAITING
        at java.base@17.0.13/jdk.internal.misc.Unsafe.park(Native Method)
        at java.base@17.0.13/java.util.concurrent.locks.LockSupport.parkNanos(LockSupport.java:252)
        at java.base@17.0.13/java.util.concurrent.locks.AbstractQueuedSynchronizer$ConditionObject.awaitNanos(AbstractQueuedSynchronizer.java:1679)
        at java.base@17.0.13/java.util.concurrent.LinkedBlockingQueue.poll(LinkedBlockingQueue.java:460)
        at app//org.apache.hadoop.ipc.CallQueueManager.take(CallQueueManager.java:370)
        at app//org.apache.hadoop.ipc.Server$Handler.run(Server.java:3165)
"ca425215-81ee-42b3-84d9-8ded1157efea-PeriodicHDDSVolumeChecker" daemon prio=5 tid=730 timed_waiting
java.lang.Thread.State: TIMED_WAITING
        at java.base@17.0.13/jdk.internal.misc.Unsafe.park(Native Method)
        at java.base@17.0.13/java.util.concurrent.locks.LockSupport.parkNanos(LockSupport.java:252)
        at java.base@17.0.13/java.util.concurrent.locks.AbstractQueuedSynchronizer$ConditionObject.awaitNanos(AbstractQueuedSynchronizer.java:1679)
        at java.base@17.0.13/java.util.concurrent.ScheduledThreadPoolExecutor$DelayedWorkQueue.take(ScheduledThreadPoolExecutor.java:1182)
        at java.base@17.0.13/java.util.concurrent.ScheduledThreadPoolExecutor$DelayedWorkQueue.take(ScheduledThreadPoolExecutor.java:899)
        at java.base@17.0.13/java.util.concurrent.ThreadPoolExecutor.getTask(ThreadPoolExecutor.java:1062)
        at java.base@17.0.13/java.util.concurrent.ThreadPoolExecutor.runWorker(ThreadPoolExecutor.java:1122)
        at java.base@17.0.13/java.util.concurrent.ThreadPoolExecutor$Worker.run(ThreadPoolExecutor.java:635)
        at java.base@17.0.13/java.lang.Thread.run(Thread.java:840)
"qtp801388009-390" daemon prio=5 tid=390 runnable
java.lang.Thread.State: RUNNABLE
        at java.base@17.0.13/sun.nio.ch.EPoll.wait(Native Method)
        at java.base@17.0.13/sun.nio.ch.EPollSelectorImpl.doSelect(EPollSelectorImpl.java:118)
        at java.base@17.0.13/sun.nio.ch.SelectorImpl.lockAndDoSelect(SelectorImpl.java:129)
        at java.base@17.0.13/sun.nio.ch.SelectorImpl.select(SelectorImpl.java:146)
        at app//org.eclipse.jetty.io.ManagedSelector.nioSelect(ManagedSelector.java:183)
        at app//org.eclipse.jetty.io.ManagedSelector.select(ManagedSelector.java:190)
        at app//org.eclipse.jetty.io.ManagedSelector$SelectorProducer.select(ManagedSelector.java:606)
        at app//org.eclipse.jetty.io.ManagedSelector$SelectorProducer.produce(ManagedSelector.java:543)
        at app//org.eclipse.jetty.util.thread.strategy.EatWhatYouKill.produceTask(EatWhatYouKill.java:362)
        at app//org.eclipse.jetty.util.thread.strategy.EatWhatYouKill.doProduce(EatWhatYouKill.java:186)
        at app//org.eclipse.jetty.util.thread.strategy.EatWhatYouKill.tryProduce(EatWhatYouKill.java:173)
        at app//org.eclipse.jetty.util.thread.strategy.EatWhatYouKill.produce(EatWhatYouKill.java:137)
        at app//org.eclipse.jetty.io.ManagedSelector$$Lambda$837/0x00007fa408547510.run(Unknown Source)
        at app//org.eclipse.jetty.util.thread.QueuedThreadPool.runJob(QueuedThreadPool.java:883)
        at app//org.eclipse.jetty.util.thread.QueuedThreadPool$Runner.run(QueuedThreadPool.java:1034)
        at java.base@17.0.13/java.lang.Thread.run(Thread.java:840)
"om1@group-C5BA1605619E-LeaderStateImpl" daemon prio=5 tid=475 timed_waiting
java.lang.Thread.State: TIMED_WAITING
        at java.base@17.0.13/jdk.internal.misc.Unsafe.park(Native Method)
        at java.base@17.0.13/java.util.concurrent.locks.LockSupport.parkNanos(LockSupport.java:252)
        at java.base@17.0.13/java.util.concurrent.locks.AbstractQueuedSynchronizer$ConditionObject.awaitNanos(AbstractQueuedSynchronizer.java:1679)
        at java.base@17.0.13/java.util.concurrent.ArrayBlockingQueue.poll(ArrayBlockingQueue.java:435)
        at app//org.apache.ratis.server.impl.LeaderStateImpl$EventQueue.poll(LeaderStateImpl.java:164)
        at app//org.apache.ratis.server.impl.LeaderStateImpl$EventProcessor.run(LeaderStateImpl.java:763)
"IPC Server handler 2 on default port 15004" daemon prio=5 tid=454 timed_waiting
java.lang.Thread.State: TIMED_WAITING
        at java.base@17.0.13/jdk.internal.misc.Unsafe.park(Native Method)
        at java.base@17.0.13/java.util.concurrent.locks.LockSupport.parkNanos(LockSupport.java:252)
        at java.base@17.0.13/java.util.concurrent.locks.AbstractQueuedSynchronizer$ConditionObject.awaitNanos(AbstractQueuedSynchronizer.java:1679)
        at java.base@17.0.13/java.util.concurrent.LinkedBlockingQueue.poll(LinkedBlockingQueue.java:460)
        at app//org.apache.hadoop.ipc.CallQueueManager.take(CallQueueManager.java:370)
        at app//org.apache.hadoop.ipc.Server$Handler.run(Server.java:3165)
"Socket Reader #2 for port 15037"  prio=5 tid=632 runnable
java.lang.Thread.State: RUNNABLE
        at java.base@17.0.13/sun.nio.ch.EPoll.wait(Native Method)
        at java.base@17.0.13/sun.nio.ch.EPollSelectorImpl.doSelect(EPollSelectorImpl.java:118)
        at java.base@17.0.13/sun.nio.ch.SelectorImpl.lockAndDoSelect(SelectorImpl.java:129)
        at java.base@17.0.13/sun.nio.ch.SelectorImpl.select(SelectorImpl.java:146)
        at app//org.apache.hadoop.ipc.Server$Listener$Reader.doRunLoop(Server.java:1497)
        at app//org.apache.hadoop.ipc.Server$Listener$Reader.run(Server.java:1476)
"IPC Server handler 71 on default port 15000" daemon prio=5 tid=156 timed_waiting
java.lang.Thread.State: TIMED_WAITING
        at java.base@17.0.13/jdk.internal.misc.Unsafe.park(Native Method)
        at java.base@17.0.13/java.util.concurrent.locks.LockSupport.parkNanos(LockSupport.java:252)
        at java.base@17.0.13/java.util.concurrent.locks.AbstractQueuedSynchronizer$ConditionObject.awaitNanos(AbstractQueuedSynchronizer.java:1679)
        at java.base@17.0.13/java.util.concurrent.LinkedBlockingQueue.poll(LinkedBlockingQueue.java:460)
        at app//org.apache.hadoop.ipc.CallQueueManager.take(CallQueueManager.java:370)
        at app//org.apache.hadoop.ipc.Server$Handler.run(Server.java:3165)
"Socket Reader #10 for port 15002"  prio=5 tid=42 runnable
java.lang.Thread.State: RUNNABLE
        at java.base@17.0.13/sun.nio.ch.EPoll.wait(Native Method)
        at java.base@17.0.13/sun.nio.ch.EPollSelectorImpl.doSelect(EPollSelectorImpl.java:118)
        at java.base@17.0.13/sun.nio.ch.SelectorImpl.lockAndDoSelect(SelectorImpl.java:129)
        at java.base@17.0.13/sun.nio.ch.SelectorImpl.select(SelectorImpl.java:146)
        at app//org.apache.hadoop.ipc.Server$Listener$Reader.doRunLoop(Server.java:1497)
        at app//org.apache.hadoop.ipc.Server$Listener$Reader.run(Server.java:1476)
"Socket Reader #7 for port 15019"  prio=5 tid=545 runnable
java.lang.Thread.State: RUNNABLE
        at java.base@17.0.13/sun.nio.ch.EPoll.wait(Native Method)
        at java.base@17.0.13/sun.nio.ch.EPollSelectorImpl.doSelect(EPollSelectorImpl.java:118)
        at java.base@17.0.13/sun.nio.ch.SelectorImpl.lockAndDoSelect(SelectorImpl.java:129)
        at java.base@17.0.13/sun.nio.ch.SelectorImpl.select(SelectorImpl.java:146)
        at app//org.apache.hadoop.ipc.Server$Listener$Reader.doRunLoop(Server.java:1497)
        at app//org.apache.hadoop.ipc.Server$Listener$Reader.run(Server.java:1476)
"qtp560332026-672" daemon prio=5 tid=672 timed_waiting
java.lang.Thread.State: TIMED_WAITING
        at java.base@17.0.13/jdk.internal.misc.Unsafe.park(Native Method)
        at java.base@17.0.13/java.util.concurrent.locks.LockSupport.parkNanos(LockSupport.java:252)
        at java.base@17.0.13/java.util.concurrent.locks.AbstractQueuedSynchronizer$ConditionObject.awaitNanos(AbstractQueuedSynchronizer.java:1679)
        at app//org.eclipse.jetty.util.BlockingArrayQueue.poll(BlockingArrayQueue.java:382)
        at app//org.eclipse.jetty.util.thread.QueuedThreadPool$Runner.idleJobPoll(QueuedThreadPool.java:974)
        at app//org.eclipse.jetty.util.thread.QueuedThreadPool$Runner.run(QueuedThreadPool.java:1018)
        at java.base@17.0.13/java.lang.Thread.run(Thread.java:840)
"IPC Server handler 92 on default port 15002" daemon prio=5 tid=377 timed_waiting
java.lang.Thread.State: TIMED_WAITING
        at java.base@17.0.13/jdk.internal.misc.Unsafe.park(Native Method)
        at java.base@17.0.13/java.util.concurrent.locks.LockSupport.parkNanos(LockSupport.java:252)
        at java.base@17.0.13/java.util.concurrent.locks.AbstractQueuedSynchronizer$ConditionObject.awaitNanos(AbstractQueuedSynchronizer.java:1679)
        at java.base@17.0.13/java.util.concurrent.LinkedBlockingQueue.poll(LinkedBlockingQueue.java:460)
        at app//org.apache.hadoop.ipc.CallQueueManager.take(CallQueueManager.java:370)
        at app//org.apache.hadoop.ipc.Server$Handler.run(Server.java:3165)
"IPC Server handler 3 on default port 15019" daemon prio=5 tid=555 timed_waiting
java.lang.Thread.State: TIMED_WAITING
        at java.base@17.0.13/jdk.internal.misc.Unsafe.park(Native Method)
        at java.base@17.0.13/java.util.concurrent.locks.LockSupport.parkNanos(LockSupport.java:252)
        at java.base@17.0.13/java.util.concurrent.locks.AbstractQueuedSynchronizer$ConditionObject.awaitNanos(AbstractQueuedSynchronizer.java:1679)
        at java.base@17.0.13/java.util.concurrent.LinkedBlockingQueue.poll(LinkedBlockingQueue.java:460)
        at app//org.apache.hadoop.ipc.CallQueueManager.take(CallQueueManager.java:370)
        at app//org.apache.hadoop.ipc.Server$Handler.run(Server.java:3165)
"IPC Server handler 43 on default port 15001" daemon prio=5 tid=228 timed_waiting
java.lang.Thread.State: TIMED_WAITING
        at java.base@17.0.13/jdk.internal.misc.Unsafe.park(Native Method)
        at java.base@17.0.13/java.util.concurrent.locks.LockSupport.parkNanos(LockSupport.java:252)
        at java.base@17.0.13/java.util.concurrent.locks.AbstractQueuedSynchronizer$ConditionObject.awaitNanos(AbstractQueuedSynchronizer.java:1679)
        at java.base@17.0.13/java.util.concurrent.LinkedBlockingQueue.poll(LinkedBlockingQueue.java:460)
        at app//org.apache.hadoop.ipc.CallQueueManager.take(CallQueueManager.java:370)
        at app//org.apache.hadoop.ipc.Server$Handler.run(Server.java:3165)
"IPC Server handler 71 on default port 15001" daemon prio=5 tid=256 timed_waiting
java.lang.Thread.State: TIMED_WAITING
        at java.base@17.0.13/jdk.internal.misc.Unsafe.park(Native Method)
        at java.base@17.0.13/java.util.concurrent.locks.LockSupport.parkNanos(LockSupport.java:252)
        at java.base@17.0.13/java.util.concurrent.locks.AbstractQueuedSynchronizer$ConditionObject.awaitNanos(AbstractQueuedSynchronizer.java:1679)
        at java.base@17.0.13/java.util.concurrent.LinkedBlockingQueue.poll(LinkedBlockingQueue.java:460)
        at app//org.apache.hadoop.ipc.CallQueueManager.take(CallQueueManager.java:370)
        at app//org.apache.hadoop.ipc.Server$Handler.run(Server.java:3165)
"46c085ae-d173-483e-a797-bf073fdc6d33-BlockDeletingService#0" daemon prio=5 tid=760 timed_waiting
java.lang.Thread.State: TIMED_WAITING
        at java.base@17.0.13/jdk.internal.misc.Unsafe.park(Native Method)
        at java.base@17.0.13/java.util.concurrent.locks.LockSupport.parkNanos(LockSupport.java:252)
        at java.base@17.0.13/java.util.concurrent.locks.AbstractQueuedSynchronizer$ConditionObject.awaitNanos(AbstractQueuedSynchronizer.java:1679)
        at java.base@17.0.13/java.util.concurrent.ScheduledThreadPoolExecutor$DelayedWorkQueue.take(ScheduledThreadPoolExecutor.java:1182)
        at java.base@17.0.13/java.util.concurrent.ScheduledThreadPoolExecutor$DelayedWorkQueue.take(ScheduledThreadPoolExecutor.java:899)
        at java.base@17.0.13/java.util.concurrent.ThreadPoolExecutor.getTask(ThreadPoolExecutor.java:1062)
        at java.base@17.0.13/java.util.concurrent.ThreadPoolExecutor.runWorker(ThreadPoolExecutor.java:1122)
        at java.base@17.0.13/java.util.concurrent.ThreadPoolExecutor$Worker.run(ThreadPoolExecutor.java:635)
        at java.base@17.0.13/java.lang.Thread.run(Thread.java:840)
"IPC Server handler 95 on default port 15001" daemon prio=5 tid=280 timed_waiting
java.lang.Thread.State: TIMED_WAITING
        at java.base@17.0.13/jdk.internal.misc.Unsafe.park(Native Method)
        at java.base@17.0.13/java.util.concurrent.locks.LockSupport.parkNanos(LockSupport.java:252)
        at java.base@17.0.13/java.util.concurrent.locks.AbstractQueuedSynchronizer$ConditionObject.awaitNanos(AbstractQueuedSynchronizer.java:1679)
        at java.base@17.0.13/java.util.concurrent.LinkedBlockingQueue.poll(LinkedBlockingQueue.java:460)
        at app//org.apache.hadoop.ipc.CallQueueManager.take(CallQueueManager.java:370)
        at app//org.apache.hadoop.ipc.Server$Handler.run(Server.java:3165)
"IPC Server handler 4 on default port 15019" daemon prio=5 tid=556 timed_waiting
java.lang.Thread.State: TIMED_WAITING
        at java.base@17.0.13/jdk.internal.misc.Unsafe.park(Native Method)
        at java.base@17.0.13/java.util.concurrent.locks.LockSupport.parkNanos(LockSupport.java:252)
        at java.base@17.0.13/java.util.concurrent.locks.AbstractQueuedSynchronizer$ConditionObject.awaitNanos(AbstractQueuedSynchronizer.java:1679)
        at java.base@17.0.13/java.util.concurrent.LinkedBlockingQueue.poll(LinkedBlockingQueue.java:460)
        at app//org.apache.hadoop.ipc.CallQueueManager.take(CallQueueManager.java:370)
        at app//org.apache.hadoop.ipc.Server$Handler.run(Server.java:3165)
"Socket Reader #6 for port 15004"  prio=5 tid=417 runnable
java.lang.Thread.State: RUNNABLE
        at java.base@17.0.13/sun.nio.ch.EPoll.wait(Native Method)
        at java.base@17.0.13/sun.nio.ch.EPollSelectorImpl.doSelect(EPollSelectorImpl.java:118)
        at java.base@17.0.13/sun.nio.ch.SelectorImpl.lockAndDoSelect(SelectorImpl.java:129)
        at java.base@17.0.13/sun.nio.ch.SelectorImpl.select(SelectorImpl.java:146)
        at app//org.apache.hadoop.ipc.Server$Listener$Reader.doRunLoop(Server.java:1497)
        at app//org.apache.hadoop.ipc.Server$Listener$Reader.run(Server.java:1476)
"IPC Server handler 42 on default port 15002" daemon prio=5 tid=327 timed_waiting
java.lang.Thread.State: TIMED_WAITING
        at java.base@17.0.13/jdk.internal.misc.Unsafe.park(Native Method)
        at java.base@17.0.13/java.util.concurrent.locks.LockSupport.parkNanos(LockSupport.java:252)
        at java.base@17.0.13/java.util.concurrent.locks.AbstractQueuedSynchronizer$ConditionObject.awaitNanos(AbstractQueuedSynchronizer.java:1679)
        at java.base@17.0.13/java.util.concurrent.LinkedBlockingQueue.poll(LinkedBlockingQueue.java:460)
        at app//org.apache.hadoop.ipc.CallQueueManager.take(CallQueueManager.java:370)
        at app//org.apache.hadoop.ipc.Server$Handler.run(Server.java:3165)
"IPC Server handler 54 on default port 15002" daemon prio=5 tid=339 timed_waiting
java.lang.Thread.State: TIMED_WAITING
        at java.base@17.0.13/jdk.internal.misc.Unsafe.park(Native Method)
        at java.base@17.0.13/java.util.concurrent.locks.LockSupport.parkNanos(LockSupport.java:252)
        at java.base@17.0.13/java.util.concurrent.locks.AbstractQueuedSynchronizer$ConditionObject.awaitNanos(AbstractQueuedSynchronizer.java:1679)
        at java.base@17.0.13/java.util.concurrent.LinkedBlockingQueue.poll(LinkedBlockingQueue.java:460)
        at app//org.apache.hadoop.ipc.CallQueueManager.take(CallQueueManager.java:370)
        at app//org.apache.hadoop.ipc.Server$Handler.run(Server.java:3165)
"EventQueue-OpenPipelineForHealthyPipelineSafeModeRule" daemon prio=5 tid=810 in Object.wait()
java.lang.Thread.State: WAITING (on object monitor)
        at java.base@17.0.13/jdk.internal.misc.Unsafe.park(Native Method)
        at java.base@17.0.13/java.util.concurrent.locks.LockSupport.park(LockSupport.java:341)
        at java.base@17.0.13/java.util.concurrent.locks.AbstractQueuedSynchronizer$ConditionNode.block(AbstractQueuedSynchronizer.java:506)
        at java.base@17.0.13/java.util.concurrent.ForkJoinPool.unmanagedBlock(ForkJoinPool.java:3465)
        at java.base@17.0.13/java.util.concurrent.ForkJoinPool.managedBlock(ForkJoinPool.java:3436)
        at java.base@17.0.13/java.util.concurrent.locks.AbstractQueuedSynchronizer$ConditionObject.await(AbstractQueuedSynchronizer.java:1630)
        at java.base@17.0.13/java.util.concurrent.LinkedBlockingQueue.take(LinkedBlockingQueue.java:435)
        at java.base@17.0.13/java.util.concurrent.ThreadPoolExecutor.getTask(ThreadPoolExecutor.java:1062)
        at java.base@17.0.13/java.util.concurrent.ThreadPoolExecutor.runWorker(ThreadPoolExecutor.java:1122)
        at java.base@17.0.13/java.util.concurrent.ThreadPoolExecutor$Worker.run(ThreadPoolExecutor.java:635)
        at java.base@17.0.13/java.lang.Thread.run(Thread.java:840)
"qtp856883246-446" daemon prio=5 tid=446 timed_waiting
java.lang.Thread.State: TIMED_WAITING
        at java.base@17.0.13/jdk.internal.misc.Unsafe.park(Native Method)
        at java.base@17.0.13/java.util.concurrent.locks.LockSupport.parkNanos(LockSupport.java:252)
        at java.base@17.0.13/java.util.concurrent.locks.AbstractQueuedSynchronizer$ConditionObject.awaitNanos(AbstractQueuedSynchronizer.java:1679)
        at app//org.eclipse.jetty.util.BlockingArrayQueue.poll(BlockingArrayQueue.java:382)
        at app//org.eclipse.jetty.util.thread.QueuedThreadPool$Runner.idleJobPoll(QueuedThreadPool.java:974)
        at app//org.eclipse.jetty.util.thread.QueuedThreadPool$Runner.run(QueuedThreadPool.java:1018)
        at java.base@17.0.13/java.lang.Thread.run(Thread.java:840)
"82107b5c-a456-4cce-866c-b79ad2953fda-CommandProcessorThread" daemon prio=5 tid=659 timed_waiting
java.lang.Thread.State: TIMED_WAITING
        at java.base@17.0.13/java.lang.Thread.sleep(Native Method)
        at app//org.apache.hadoop.ozone.container.common.statemachine.DatanodeStateMachine.lambda$initCommandHandlerThread$4(DatanodeStateMachine.java:670)
        at app//org.apache.hadoop.ozone.container.common.statemachine.DatanodeStateMachine$$Lambda$1447/0x00007fa408903f20.run(Unknown Source)
        at java.base@17.0.13/java.lang.Thread.run(Thread.java:840)
"IPC Server handler 32 on default port 15000" daemon prio=5 tid=117 timed_waiting
java.lang.Thread.State: TIMED_WAITING
        at java.base@17.0.13/jdk.internal.misc.Unsafe.park(Native Method)
        at java.base@17.0.13/java.util.concurrent.locks.LockSupport.parkNanos(LockSupport.java:252)
        at java.base@17.0.13/java.util.concurrent.locks.AbstractQueuedSynchronizer$ConditionObject.awaitNanos(AbstractQueuedSynchronizer.java:1679)
        at java.base@17.0.13/java.util.concurrent.LinkedBlockingQueue.poll(LinkedBlockingQueue.java:460)
        at app//org.apache.hadoop.ipc.CallQueueManager.take(CallQueueManager.java:370)
        at app//org.apache.hadoop.ipc.Server$Handler.run(Server.java:3165)
"IPC Server handler 6 on default port 15001" daemon prio=5 tid=191 timed_waiting
java.lang.Thread.State: TIMED_WAITING
        at java.base@17.0.13/jdk.internal.misc.Unsafe.park(Native Method)
        at java.base@17.0.13/java.util.concurrent.locks.LockSupport.parkNanos(LockSupport.java:252)
        at java.base@17.0.13/java.util.concurrent.locks.AbstractQueuedSynchronizer$ConditionObject.awaitNanos(AbstractQueuedSynchronizer.java:1679)
        at java.base@17.0.13/java.util.concurrent.LinkedBlockingQueue.poll(LinkedBlockingQueue.java:460)
        at app//org.apache.hadoop.ipc.CallQueueManager.take(CallQueueManager.java:370)
        at app//org.apache.hadoop.ipc.Server$Handler.run(Server.java:3165)
"IPC Server handler 2 on default port 15037" daemon prio=5 tid=646 timed_waiting
java.lang.Thread.State: TIMED_WAITING
        at java.base@17.0.13/jdk.internal.misc.Unsafe.park(Native Method)
        at java.base@17.0.13/java.util.concurrent.locks.LockSupport.parkNanos(LockSupport.java:252)
        at java.base@17.0.13/java.util.concurrent.locks.AbstractQueuedSynchronizer$ConditionObject.awaitNanos(AbstractQueuedSynchronizer.java:1679)
        at java.base@17.0.13/java.util.concurrent.LinkedBlockingQueue.poll(LinkedBlockingQueue.java:460)
        at app//org.apache.hadoop.ipc.CallQueueManager.take(CallQueueManager.java:370)
        at app//org.apache.hadoop.ipc.Server$Handler.run(Server.java:3165)
"Socket Reader #4 for port 15028"  prio=5 tid=588 runnable
java.lang.Thread.State: RUNNABLE
        at java.base@17.0.13/sun.nio.ch.EPoll.wait(Native Method)
        at java.base@17.0.13/sun.nio.ch.EPollSelectorImpl.doSelect(EPollSelectorImpl.java:118)
        at java.base@17.0.13/sun.nio.ch.SelectorImpl.lockAndDoSelect(SelectorImpl.java:129)
        at java.base@17.0.13/sun.nio.ch.SelectorImpl.select(SelectorImpl.java:146)
        at app//org.apache.hadoop.ipc.Server$Listener$Reader.doRunLoop(Server.java:1497)
        at app//org.apache.hadoop.ipc.Server$Listener$Reader.run(Server.java:1476)
"IPC Server handler 90 on default port 15002" daemon prio=5 tid=375 timed_waiting
java.lang.Thread.State: TIMED_WAITING
        at java.base@17.0.13/jdk.internal.misc.Unsafe.park(Native Method)
        at java.base@17.0.13/java.util.concurrent.locks.LockSupport.parkNanos(LockSupport.java:252)
        at java.base@17.0.13/java.util.concurrent.locks.AbstractQueuedSynchronizer$ConditionObject.awaitNanos(AbstractQueuedSynchronizer.java:1679)
        at java.base@17.0.13/java.util.concurrent.LinkedBlockingQueue.poll(LinkedBlockingQueue.java:460)
        at app//org.apache.hadoop.ipc.CallQueueManager.take(CallQueueManager.java:370)
        at app//org.apache.hadoop.ipc.Server$Handler.run(Server.java:3165)
"IPC Server handler 88 on default port 15000" daemon prio=5 tid=173 timed_waiting
java.lang.Thread.State: TIMED_WAITING
        at java.base@17.0.13/jdk.internal.misc.Unsafe.park(Native Method)
        at java.base@17.0.13/java.util.concurrent.locks.LockSupport.parkNanos(LockSupport.java:252)
        at java.base@17.0.13/java.util.concurrent.locks.AbstractQueuedSynchronizer$ConditionObject.awaitNanos(AbstractQueuedSynchronizer.java:1679)
        at java.base@17.0.13/java.util.concurrent.LinkedBlockingQueue.poll(LinkedBlockingQueue.java:460)
        at app//org.apache.hadoop.ipc.CallQueueManager.take(CallQueueManager.java:370)
        at app//org.apache.hadoop.ipc.Server$Handler.run(Server.java:3165)
"om1-SstFilteringService#0" daemon prio=5 tid=439 timed_waiting
java.lang.Thread.State: TIMED_WAITING
        at java.base@17.0.13/jdk.internal.misc.Unsafe.park(Native Method)
        at java.base@17.0.13/java.util.concurrent.locks.LockSupport.parkNanos(LockSupport.java:252)
        at java.base@17.0.13/java.util.concurrent.locks.AbstractQueuedSynchronizer$ConditionObject.awaitNanos(AbstractQueuedSynchronizer.java:1679)
        at java.base@17.0.13/java.util.concurrent.ScheduledThreadPoolExecutor$DelayedWorkQueue.take(ScheduledThreadPoolExecutor.java:1182)
        at java.base@17.0.13/java.util.concurrent.ScheduledThreadPoolExecutor$DelayedWorkQueue.take(ScheduledThreadPoolExecutor.java:899)
        at java.base@17.0.13/java.util.concurrent.ThreadPoolExecutor.getTask(ThreadPoolExecutor.java:1062)
        at java.base@17.0.13/java.util.concurrent.ThreadPoolExecutor.runWorker(ThreadPoolExecutor.java:1122)
        at java.base@17.0.13/java.util.concurrent.ThreadPoolExecutor$Worker.run(ThreadPoolExecutor.java:635)
        at java.base@17.0.13/java.lang.Thread.run(Thread.java:840)
"om1-impl-thread1"  prio=5 tid=408 timed_waiting
java.lang.Thread.State: TIMED_WAITING
        at java.base@17.0.13/jdk.internal.misc.Unsafe.park(Native Method)
        at java.base@17.0.13/java.util.concurrent.locks.LockSupport.parkNanos(LockSupport.java:252)
        at java.base@17.0.13/java.util.concurrent.SynchronousQueue$TransferStack.transfer(SynchronousQueue.java:401)
        at java.base@17.0.13/java.util.concurrent.SynchronousQueue.poll(SynchronousQueue.java:903)
        at java.base@17.0.13/java.util.concurrent.ThreadPoolExecutor.getTask(ThreadPoolExecutor.java:1061)
        at java.base@17.0.13/java.util.concurrent.ThreadPoolExecutor.runWorker(ThreadPoolExecutor.java:1122)
        at java.base@17.0.13/java.util.concurrent.ThreadPoolExecutor$Worker.run(ThreadPoolExecutor.java:635)
        at java.base@17.0.13/java.lang.Thread.run(Thread.java:840)
"IPC Server Responder" daemon prio=5 tid=72 runnable
java.lang.Thread.State: RUNNABLE
        at java.base@17.0.13/sun.nio.ch.EPoll.wait(Native Method)
        at java.base@17.0.13/sun.nio.ch.EPollSelectorImpl.doSelect(EPollSelectorImpl.java:118)
        at java.base@17.0.13/sun.nio.ch.SelectorImpl.lockAndDoSelect(SelectorImpl.java:129)
        at java.base@17.0.13/sun.nio.ch.SelectorImpl.select(SelectorImpl.java:141)
        at app//org.apache.hadoop.ipc.Server$Responder.doRunLoop(Server.java:1733)
        at app//org.apache.hadoop.ipc.Server$Responder.run(Server.java:1716)
"IPC Server handler 44 on default port 15002" daemon prio=5 tid=329 timed_waiting
java.lang.Thread.State: TIMED_WAITING
        at java.base@17.0.13/jdk.internal.misc.Unsafe.park(Native Method)
        at java.base@17.0.13/java.util.concurrent.locks.LockSupport.parkNanos(LockSupport.java:252)
        at java.base@17.0.13/java.util.concurrent.locks.AbstractQueuedSynchronizer$ConditionObject.awaitNanos(AbstractQueuedSynchronizer.java:1679)
        at java.base@17.0.13/java.util.concurrent.LinkedBlockingQueue.poll(LinkedBlockingQueue.java:460)
        at app//org.apache.hadoop.ipc.CallQueueManager.take(CallQueueManager.java:370)
        at app//org.apache.hadoop.ipc.Server$Handler.run(Server.java:3165)
"IPC Server handler 33 on default port 15001" daemon prio=5 tid=218 timed_waiting
java.lang.Thread.State: TIMED_WAITING
        at java.base@17.0.13/jdk.internal.misc.Unsafe.park(Native Method)
        at java.base@17.0.13/java.util.concurrent.locks.LockSupport.parkNanos(LockSupport.java:252)
        at java.base@17.0.13/java.util.concurrent.locks.AbstractQueuedSynchronizer$ConditionObject.awaitNanos(AbstractQueuedSynchronizer.java:1679)
        at java.base@17.0.13/java.util.concurrent.LinkedBlockingQueue.poll(LinkedBlockingQueue.java:460)
        at app//org.apache.hadoop.ipc.CallQueueManager.take(CallQueueManager.java:370)
        at app//org.apache.hadoop.ipc.Server$Handler.run(Server.java:3165)
"82107b5c-a456-4cce-866c-b79ad2953fda-DatanodeReportManager-3" daemon prio=5 tid=658 in Object.wait()
java.lang.Thread.State: WAITING (on object monitor)
        at java.base@17.0.13/jdk.internal.misc.Unsafe.park(Native Method)
        at java.base@17.0.13/java.util.concurrent.locks.LockSupport.park(LockSupport.java:341)
        at java.base@17.0.13/java.util.concurrent.locks.AbstractQueuedSynchronizer$ConditionNode.block(AbstractQueuedSynchronizer.java:506)
        at java.base@17.0.13/java.util.concurrent.ForkJoinPool.unmanagedBlock(ForkJoinPool.java:3465)
        at java.base@17.0.13/java.util.concurrent.ForkJoinPool.managedBlock(ForkJoinPool.java:3436)
        at java.base@17.0.13/java.util.concurrent.locks.AbstractQueuedSynchronizer$ConditionObject.await(AbstractQueuedSynchronizer.java:1630)
        at java.base@17.0.13/java.util.concurrent.ScheduledThreadPoolExecutor$DelayedWorkQueue.take(ScheduledThreadPoolExecutor.java:1177)
        at java.base@17.0.13/java.util.concurrent.ScheduledThreadPoolExecutor$DelayedWorkQueue.take(ScheduledThreadPoolExecutor.java:899)
        at java.base@17.0.13/java.util.concurrent.ThreadPoolExecutor.getTask(ThreadPoolExecutor.java:1062)
        at java.base@17.0.13/java.util.concurrent.ThreadPoolExecutor.runWorker(ThreadPoolExecutor.java:1122)
        at java.base@17.0.13/java.util.concurrent.ThreadPoolExecutor$Worker.run(ThreadPoolExecutor.java:635)
        at java.base@17.0.13/java.lang.Thread.run(Thread.java:840)
"IPC Server handler 74 on default port 15000" daemon prio=5 tid=159 timed_waiting
java.lang.Thread.State: TIMED_WAITING
        at java.base@17.0.13/jdk.internal.misc.Unsafe.park(Native Method)
        at java.base@17.0.13/java.util.concurrent.locks.LockSupport.parkNanos(LockSupport.java:252)
        at java.base@17.0.13/java.util.concurrent.locks.AbstractQueuedSynchronizer$ConditionObject.awaitNanos(AbstractQueuedSynchronizer.java:1679)
        at java.base@17.0.13/java.util.concurrent.LinkedBlockingQueue.poll(LinkedBlockingQueue.java:460)
        at app//org.apache.hadoop.ipc.CallQueueManager.take(CallQueueManager.java:370)
        at app//org.apache.hadoop.ipc.Server$Handler.run(Server.java:3165)
"IPC Server handler 72 on default port 15000" daemon prio=5 tid=157 timed_waiting
java.lang.Thread.State: TIMED_WAITING
        at java.base@17.0.13/jdk.internal.misc.Unsafe.park(Native Method)
        at java.base@17.0.13/java.util.concurrent.locks.LockSupport.parkNanos(LockSupport.java:252)
        at java.base@17.0.13/java.util.concurrent.locks.AbstractQueuedSynchronizer$ConditionObject.awaitNanos(AbstractQueuedSynchronizer.java:1679)
        at java.base@17.0.13/java.util.concurrent.LinkedBlockingQueue.poll(LinkedBlockingQueue.java:460)
        at app//org.apache.hadoop.ipc.CallQueueManager.take(CallQueueManager.java:370)
        at app//org.apache.hadoop.ipc.Server$Handler.run(Server.java:3165)
"IPC Server handler 12 on default port 15002" daemon prio=5 tid=297 timed_waiting
java.lang.Thread.State: TIMED_WAITING
        at java.base@17.0.13/jdk.internal.misc.Unsafe.park(Native Method)
        at java.base@17.0.13/java.util.concurrent.locks.LockSupport.parkNanos(LockSupport.java:252)
        at java.base@17.0.13/java.util.concurrent.locks.AbstractQueuedSynchronizer$ConditionObject.awaitNanos(AbstractQueuedSynchronizer.java:1679)
        at java.base@17.0.13/java.util.concurrent.LinkedBlockingQueue.poll(LinkedBlockingQueue.java:460)
        at app//org.apache.hadoop.ipc.CallQueueManager.take(CallQueueManager.java:370)
        at app//org.apache.hadoop.ipc.Server$Handler.run(Server.java:3165)
"IPC Server handler 98 on default port 15002" daemon prio=5 tid=383 timed_waiting
java.lang.Thread.State: TIMED_WAITING
        at java.base@17.0.13/jdk.internal.misc.Unsafe.park(Native Method)
        at java.base@17.0.13/java.util.concurrent.locks.LockSupport.parkNanos(LockSupport.java:252)
        at java.base@17.0.13/java.util.concurrent.locks.AbstractQueuedSynchronizer$ConditionObject.awaitNanos(AbstractQueuedSynchronizer.java:1679)
        at java.base@17.0.13/java.util.concurrent.LinkedBlockingQueue.poll(LinkedBlockingQueue.java:460)
        at app//org.apache.hadoop.ipc.CallQueueManager.take(CallQueueManager.java:370)
        at app//org.apache.hadoop.ipc.Server$Handler.run(Server.java:3165)
"IPC Server handler 2 on default port 15028" daemon prio=5 tid=600 timed_waiting
java.lang.Thread.State: TIMED_WAITING
        at java.base@17.0.13/jdk.internal.misc.Unsafe.park(Native Method)
        at java.base@17.0.13/java.util.concurrent.locks.LockSupport.parkNanos(LockSupport.java:252)
        at java.base@17.0.13/java.util.concurrent.locks.AbstractQueuedSynchronizer$ConditionObject.awaitNanos(AbstractQueuedSynchronizer.java:1679)
        at java.base@17.0.13/java.util.concurrent.LinkedBlockingQueue.poll(LinkedBlockingQueue.java:460)
        at app//org.apache.hadoop.ipc.CallQueueManager.take(CallQueueManager.java:370)
        at app//org.apache.hadoop.ipc.Server$Handler.run(Server.java:3165)
"IPC Server Responder" daemon prio=5 tid=688 runnable
java.lang.Thread.State: RUNNABLE
        at java.base@17.0.13/sun.nio.ch.EPoll.wait(Native Method)
        at java.base@17.0.13/sun.nio.ch.EPollSelectorImpl.doSelect(EPollSelectorImpl.java:118)
        at java.base@17.0.13/sun.nio.ch.SelectorImpl.lockAndDoSelect(SelectorImpl.java:129)
        at java.base@17.0.13/sun.nio.ch.SelectorImpl.select(SelectorImpl.java:141)
        at app//org.apache.hadoop.ipc.Server$Responder.doRunLoop(Server.java:1733)
        at app//org.apache.hadoop.ipc.Server$Responder.run(Server.java:1716)
"22bda68c-b64b-4e26-a6f3-14a354ca4fb6-DatanodeStateMachineTaskThread-1"  prio=5 tid=782 in Object.wait()
java.lang.Thread.State: WAITING (on object monitor)
        at java.base@17.0.13/jdk.internal.misc.Unsafe.park(Native Method)
        at java.base@17.0.13/java.util.concurrent.locks.LockSupport.park(LockSupport.java:341)
        at java.base@17.0.13/java.util.concurrent.locks.AbstractQueuedSynchronizer$ConditionNode.block(AbstractQueuedSynchronizer.java:506)
        at java.base@17.0.13/java.util.concurrent.ForkJoinPool.unmanagedBlock(ForkJoinPool.java:3465)
        at java.base@17.0.13/java.util.concurrent.ForkJoinPool.managedBlock(ForkJoinPool.java:3436)
        at java.base@17.0.13/java.util.concurrent.locks.AbstractQueuedSynchronizer$ConditionObject.await(AbstractQueuedSynchronizer.java:1630)
        at java.base@17.0.13/java.util.concurrent.LinkedBlockingQueue.take(LinkedBlockingQueue.java:435)
        at java.base@17.0.13/java.util.concurrent.ThreadPoolExecutor.getTask(ThreadPoolExecutor.java:1062)
        at java.base@17.0.13/java.util.concurrent.ThreadPoolExecutor.runWorker(ThreadPoolExecutor.java:1122)
        at java.base@17.0.13/java.util.concurrent.ThreadPoolExecutor$Worker.run(ThreadPoolExecutor.java:635)
        at java.base@17.0.13/java.lang.Thread.run(Thread.java:840)
"82107b5c-a456-4cce-866c-b79ad2953fda-DatanodeStateMachineDaemonThread" daemon prio=5 tid=654 timed_waiting
java.lang.Thread.State: TIMED_WAITING
        at java.base@17.0.13/java.lang.Thread.sleep(Native Method)
        at app//org.apache.hadoop.ozone.container.common.statemachine.DatanodeStateMachine.startStateMachineThread(DatanodeStateMachine.java:358)
        at app//org.apache.hadoop.ozone.container.common.statemachine.DatanodeStateMachine.lambda$startDaemon$1(DatanodeStateMachine.java:544)
        at app//org.apache.hadoop.ozone.container.common.statemachine.DatanodeStateMachine$$Lambda$1441/0x00007fa408902d90.run(Unknown Source)
        at java.base@17.0.13/java.lang.Thread.run(Thread.java:840)
"IPC Server handler 34 on default port 15001" daemon prio=5 tid=219 timed_waiting
java.lang.Thread.State: TIMED_WAITING
        at java.base@17.0.13/jdk.internal.misc.Unsafe.park(Native Method)
        at java.base@17.0.13/java.util.concurrent.locks.LockSupport.parkNanos(LockSupport.java:252)
        at java.base@17.0.13/java.util.concurrent.locks.AbstractQueuedSynchronizer$ConditionObject.awaitNanos(AbstractQueuedSynchronizer.java:1679)
        at java.base@17.0.13/java.util.concurrent.LinkedBlockingQueue.poll(LinkedBlockingQueue.java:460)
        at app//org.apache.hadoop.ipc.CallQueueManager.take(CallQueueManager.java:370)
        at app//org.apache.hadoop.ipc.Server$Handler.run(Server.java:3165)
"Socket Reader #6 for port 15037"  prio=5 tid=636 runnable
java.lang.Thread.State: RUNNABLE
        at java.base@17.0.13/sun.nio.ch.EPoll.wait(Native Method)
        at java.base@17.0.13/sun.nio.ch.EPollSelectorImpl.doSelect(EPollSelectorImpl.java:118)
        at java.base@17.0.13/sun.nio.ch.SelectorImpl.lockAndDoSelect(SelectorImpl.java:129)
        at java.base@17.0.13/sun.nio.ch.SelectorImpl.select(SelectorImpl.java:146)
        at app//org.apache.hadoop.ipc.Server$Listener$Reader.doRunLoop(Server.java:1497)
        at app//org.apache.hadoop.ipc.Server$Listener$Reader.run(Server.java:1476)
"pool-114-thread-1" daemon prio=5 tid=751 timed_waiting
java.lang.Thread.State: TIMED_WAITING
        at java.base@17.0.13/jdk.internal.misc.Unsafe.park(Native Method)
        at java.base@17.0.13/java.util.concurrent.locks.LockSupport.parkNanos(LockSupport.java:252)
        at java.base@17.0.13/java.util.concurrent.locks.AbstractQueuedSynchronizer$ConditionObject.awaitNanos(AbstractQueuedSynchronizer.java:1679)
        at java.base@17.0.13/java.util.concurrent.ScheduledThreadPoolExecutor$DelayedWorkQueue.take(ScheduledThreadPoolExecutor.java:1182)
        at java.base@17.0.13/java.util.concurrent.ScheduledThreadPoolExecutor$DelayedWorkQueue.take(ScheduledThreadPoolExecutor.java:899)
        at java.base@17.0.13/java.util.concurrent.ThreadPoolExecutor.getTask(ThreadPoolExecutor.java:1062)
        at java.base@17.0.13/java.util.concurrent.ThreadPoolExecutor.runWorker(ThreadPoolExecutor.java:1122)
        at java.base@17.0.13/java.util.concurrent.ThreadPoolExecutor$Worker.run(ThreadPoolExecutor.java:635)
        at java.base@17.0.13/java.lang.Thread.run(Thread.java:840)
"grpc-default-executor-3" daemon prio=5 tid=916 timed_waiting
java.lang.Thread.State: TIMED_WAITING
        at java.base@17.0.13/jdk.internal.misc.Unsafe.park(Native Method)
        at java.base@17.0.13/java.util.concurrent.locks.LockSupport.parkNanos(LockSupport.java:252)
        at java.base@17.0.13/java.util.concurrent.SynchronousQueue$TransferStack.transfer(SynchronousQueue.java:401)
        at java.base@17.0.13/java.util.concurrent.SynchronousQueue.poll(SynchronousQueue.java:903)
        at java.base@17.0.13/java.util.concurrent.ThreadPoolExecutor.getTask(ThreadPoolExecutor.java:1061)
        at java.base@17.0.13/java.util.concurrent.ThreadPoolExecutor.runWorker(ThreadPoolExecutor.java:1122)
        at java.base@17.0.13/java.util.concurrent.ThreadPoolExecutor$Worker.run(ThreadPoolExecutor.java:635)
        at java.base@17.0.13/java.lang.Thread.run(Thread.java:840)
"46c085ae-d173-483e-a797-bf073fdc6d33-impl-thread1"  prio=5 tid=572 timed_waiting
java.lang.Thread.State: TIMED_WAITING
        at java.base@17.0.13/jdk.internal.misc.Unsafe.park(Native Method)
        at java.base@17.0.13/java.util.concurrent.locks.LockSupport.parkNanos(LockSupport.java:252)
        at java.base@17.0.13/java.util.concurrent.SynchronousQueue$TransferStack.transfer(SynchronousQueue.java:401)
        at java.base@17.0.13/java.util.concurrent.SynchronousQueue.poll(SynchronousQueue.java:903)
        at java.base@17.0.13/java.util.concurrent.ThreadPoolExecutor.getTask(ThreadPoolExecutor.java:1061)
        at java.base@17.0.13/java.util.concurrent.ThreadPoolExecutor.runWorker(ThreadPoolExecutor.java:1122)
        at java.base@17.0.13/java.util.concurrent.ThreadPoolExecutor$Worker.run(ThreadPoolExecutor.java:635)
        at java.base@17.0.13/java.lang.Thread.run(Thread.java:840)
"IPC Server handler 91 on default port 15000" daemon prio=5 tid=176 timed_waiting
java.lang.Thread.State: TIMED_WAITING
        at java.base@17.0.13/jdk.internal.misc.Unsafe.park(Native Method)
        at java.base@17.0.13/java.util.concurrent.locks.LockSupport.parkNanos(LockSupport.java:252)
        at java.base@17.0.13/java.util.concurrent.locks.AbstractQueuedSynchronizer$ConditionObject.awaitNanos(AbstractQueuedSynchronizer.java:1679)
        at java.base@17.0.13/java.util.concurrent.LinkedBlockingQueue.poll(LinkedBlockingQueue.java:460)
        at app//org.apache.hadoop.ipc.CallQueueManager.take(CallQueueManager.java:370)
        at app//org.apache.hadoop.ipc.Server$Handler.run(Server.java:3165)
"IPC Server handler 94 on default port 15000" daemon prio=5 tid=179 timed_waiting
java.lang.Thread.State: TIMED_WAITING
        at java.base@17.0.13/jdk.internal.misc.Unsafe.park(Native Method)
        at java.base@17.0.13/java.util.concurrent.locks.LockSupport.parkNanos(LockSupport.java:252)
        at java.base@17.0.13/java.util.concurrent.locks.AbstractQueuedSynchronizer$ConditionObject.awaitNanos(AbstractQueuedSynchronizer.java:1679)
        at java.base@17.0.13/java.util.concurrent.LinkedBlockingQueue.poll(LinkedBlockingQueue.java:460)
        at app//org.apache.hadoop.ipc.CallQueueManager.take(CallQueueManager.java:370)
        at app//org.apache.hadoop.ipc.Server$Handler.run(Server.java:3165)
"Hadoop-Metrics-Updater-0" daemon prio=5 tid=689 timed_waiting
java.lang.Thread.State: TIMED_WAITING
        at java.base@17.0.13/jdk.internal.misc.Unsafe.park(Native Method)
        at java.base@17.0.13/java.util.concurrent.locks.LockSupport.parkNanos(LockSupport.java:252)
        at java.base@17.0.13/java.util.concurrent.locks.AbstractQueuedSynchronizer$ConditionObject.awaitNanos(AbstractQueuedSynchronizer.java:1679)
        at java.base@17.0.13/java.util.concurrent.ScheduledThreadPoolExecutor$DelayedWorkQueue.take(ScheduledThreadPoolExecutor.java:1182)
        at java.base@17.0.13/java.util.concurrent.ScheduledThreadPoolExecutor$DelayedWorkQueue.take(ScheduledThreadPoolExecutor.java:899)
        at java.base@17.0.13/java.util.concurrent.ThreadPoolExecutor.getTask(ThreadPoolExecutor.java:1062)
        at java.base@17.0.13/java.util.concurrent.ThreadPoolExecutor.runWorker(ThreadPoolExecutor.java:1122)
        at java.base@17.0.13/java.util.concurrent.ThreadPoolExecutor$Worker.run(ThreadPoolExecutor.java:635)
        at java.base@17.0.13/java.lang.Thread.run(Thread.java:840)


	at org.apache.ozone.test.GenericTestUtils.waitFor(GenericTestUtils.java:220)
	at org.apache.hadoop.hdds.scm.node.TestQueryNode.testStaleNodesCount(TestQueryNode.java:103)
	at java.base/java.lang.reflect.Method.invoke(Method.java:569)
	at java.base/java.util.ArrayList.forEach(ArrayList.java:1511)
	at java.base/java.util.ArrayList.forEach(ArrayList.java:1511)
]]></error>
    <system-out><![CDATA[2024-11-29 05:29:15,983 [main] WARN  server.ServerUtils (ServerUtils.java:getScmDbDir(143)) - ozone.scm.db.dirs is not configured. We recommend adding this setting. Falling back to ozone.metadata.dirs instead.
2024-11-29 05:29:16,172 [main] INFO  reflections.Reflections (Reflections.java:scan(219)) - Reflections took 149 ms to scan 7 urls, producing 164 keys and 384 values
2024-11-29 05:29:16,340 [main] WARN  server.ServerUtils (ServerUtils.java:getScmDbDir(143)) - ozone.scm.db.dirs is not configured. We recommend adding this setting. Falling back to ozone.metadata.dirs instead.
2024-11-29 05:29:16,344 [main] INFO  ha.SCMHANodeDetails (SCMHANodeDetails.java:loadSCMHAConfig(207)) - ServiceID for StorageContainerManager is null
2024-11-29 05:29:16,352 [main] WARN  ha.SCMHANodeDetails (SCMHANodeDetails.java:validateSCMHAConfig(180)) - Default/Configured value of config ozone.scm.ratis.enable conflicts with the expected value. Default/Configured: true. Expected: false. Falling back to the expected value. Current State of SCM: SCM is running without Ratis. Ratis SCM -> Non Ratis SCM is not supported.
2024-11-29 05:29:16,352 [main] INFO  ha.SCMHANodeDetails (SCMHANodeDetails.java:loadSCMHAConfig(212)) - ozone.scm.default.service.id is not defined, falling back to ozone.scm.service.ids to find serviceID for StorageContainerManager if it is HA enabled cluster
2024-11-29 05:29:16,947 [main] WARN  utils.HAUtils (HAUtils.java:getMetaDir(337)) - ozone.scm.db.dirs is not configured. We recommend adding this setting. Falling back to ozone.metadata.dirs instead.
2024-11-29 05:29:17,072 [main] WARN  db.DBStoreBuilder (DBStoreBuilder.java:getDBDirPath(172)) - ozone.scm.db.dirs is not configured. We recommend adding this setting. Falling back to ozone.metadata.dirs instead.
2024-11-29 05:29:17,079 [main] INFO  utils.LeakDetector (LeakDetector.java:start(74)) - Starting leak detector thread ManagedRocksObject0.
2024-11-29 05:29:17,240 [main] INFO  net.NodeSchemaLoader (NodeSchemaLoader.java:loadSchemaFromFile(129)) - Loading schema from [jar:file:/home/runner/work/ozone/ozone/hadoop-hdds/common/target/hdds-common-2.0.0-SNAPSHOT.jar!/network-topology-default.xml]
2024-11-29 05:29:17,242 [main] INFO  net.NodeSchemaLoader (NodeSchemaLoader.java:loadSchema(176)) - Loading network topology layer schema file
2024-11-29 05:29:17,300 [main] INFO  upgrade.AbstractLayoutVersionManager (AbstractLayoutVersionManager.java:init(83)) - Initializing Layout version manager with metadata layout = HBASE_SUPPORT (version = 8), software layout = HBASE_SUPPORT (version = 8)
2024-11-29 05:29:17,459 [main] INFO  ha.SequenceIdGenerator (SequenceIdGenerator.java:upgradeToSequenceId(369)) - upgrade localId to 113750153625600000
2024-11-29 05:29:17,461 [main] INFO  ha.SequenceIdGenerator (SequenceIdGenerator.java:upgradeToSequenceId(379)) - upgrade delTxnId to 0
2024-11-29 05:29:17,467 [main] INFO  ha.SequenceIdGenerator (SequenceIdGenerator.java:upgradeToSequenceId(396)) - upgrade containerId to 0
2024-11-29 05:29:17,470 [main] INFO  ha.SequenceIdGenerator (SequenceIdGenerator.java:upgradeToCertificateSequenceId(433)) - upgrade CertificateId to 2
2024-11-29 05:29:17,472 [main] INFO  ha.SequenceIdGenerator (SequenceIdGenerator.java:<init>(240)) - Init the HA SequenceIdGenerator.
2024-11-29 05:29:17,527 [main] INFO  node.SCMNodeManager (SCMNodeManager.java:<init>(180)) - Entering startup safe mode.
2024-11-29 05:29:17,540 [main] INFO  algorithms.ContainerPlacementPolicyFactory (ContainerPlacementPolicyFactory.java:getPolicyInternal(86)) - Create container placement policy of type org.apache.hadoop.hdds.scm.container.placement.algorithms.SCMContainerPlacementRackAware
2024-11-29 05:29:17,543 [main] INFO  algorithms.ContainerPlacementPolicyFactory (ContainerPlacementPolicyFactory.java:getPolicyInternal(86)) - Create container placement policy of type org.apache.hadoop.hdds.scm.container.placement.algorithms.SCMContainerPlacementRackScatter
2024-11-29 05:29:17,551 [main] INFO  pipeline.PipelineStateManagerImpl (PipelineStateManagerImpl.java:initialize(78)) - No pipeline exists in current db
2024-11-29 05:29:17,563 [main] INFO  algorithms.LeaderChoosePolicyFactory (LeaderChoosePolicyFactory.java:getPolicy(57)) - Create leader choose policy of type org.apache.hadoop.hdds.scm.pipeline.leader.choose.algorithms.MinLeaderCountChoosePolicy
2024-11-29 05:29:17,564 [main] INFO  algorithms.ContainerPlacementPolicyFactory (ContainerPlacementPolicyFactory.java:getPolicyInternal(86)) - Create container placement policy of type org.apache.hadoop.hdds.scm.container.placement.algorithms.SCMContainerPlacementRackScatter
2024-11-29 05:29:17,570 [main] INFO  ha.SCMServiceManager (SCMServiceManager.java:register(42)) - Registering service BackgroundPipelineCreator.
2024-11-29 05:29:17,570 [main] INFO  pipeline.BackgroundPipelineCreator (BackgroundPipelineCreator.java:start(127)) - Starting RatisPipelineUtilsThread.
2024-11-29 05:29:17,575 [main] INFO  BackgroundPipelineScrubber (BackgroundSCMService.java:start(65)) - Starting BackgroundPipelineScrubber Service.
2024-11-29 05:29:17,576 [main] INFO  ha.SCMServiceManager (SCMServiceManager.java:register(42)) - Registering service BackgroundPipelineScrubber.
2024-11-29 05:29:17,582 [main] INFO  ExpiredContainerReplicaOpScrubber (BackgroundSCMService.java:start(65)) - Starting ExpiredContainerReplicaOpScrubber Service.
2024-11-29 05:29:17,582 [main] INFO  ha.SCMServiceManager (SCMServiceManager.java:register(42)) - Registering service ExpiredContainerReplicaOpScrubber.
2024-11-29 05:29:17,604 [main] INFO  algorithms.PipelineChoosePolicyFactory (PipelineChoosePolicyFactory.java:createPipelineChoosePolicyFromClass(80)) - Create pipeline choose policy of type org.apache.hadoop.hdds.scm.pipeline.choose.algorithms.RandomPipelineChoosePolicy
2024-11-29 05:29:17,605 [main] INFO  algorithms.PipelineChoosePolicyFactory (PipelineChoosePolicyFactory.java:createPipelineChoosePolicyFromClass(80)) - Create pipeline choose policy of type org.apache.hadoop.hdds.scm.pipeline.choose.algorithms.RandomPipelineChoosePolicy
2024-11-29 05:29:17,632 [main] INFO  ha.SCMServiceManager (SCMServiceManager.java:register(42)) - Registering service SCMBlockDeletingService.
2024-11-29 05:29:17,702 [main] INFO  replication.ReplicationManager (ReplicationManager.java:start(296)) - Starting Replication Monitor Thread.
2024-11-29 05:29:17,704 [ReplicationMonitor] INFO  replication.ReplicationManager (ReplicationManager.java:processAll(373)) - Replication Manager is not ready to run until 3000ms after safemode exit
2024-11-29 05:29:17,704 [main] INFO  ha.SCMServiceManager (SCMServiceManager.java:register(42)) - Registering service ReplicationManager.
2024-11-29 05:29:17,713 [main] INFO  safemode.ContainerSafeModeRule (ContainerSafeModeRule.java:initializeRule(347)) - Refreshed Containers with one replica threshold count 0, with ec n replica threshold count 0.
2024-11-29 05:29:17,717 [main] INFO  safemode.HealthyPipelineSafeModeRule (HealthyPipelineSafeModeRule.java:initializeRule(176)) - Total pipeline count is 0, healthy pipeline threshold count is 1
2024-11-29 05:29:17,719 [main] INFO  safemode.OneReplicaPipelineSafeModeRule (OneReplicaPipelineSafeModeRule.java:initializeRule(193)) - Total pipeline count is 0, pipeline's with at least one datanode reported threshold count is 0
2024-11-29 05:29:17,769 [main] INFO  server.StorageContainerManager (StorageContainerManager.java:<init>(443)) - SCM start with adminUsers: [runner]
2024-11-29 05:29:18,041 [main] INFO  audit.AuditLogger (AuditLogger.java:refreshDebugCmdSet(135)) - Refresh DebugCmdSet for SCMAudit to [].
2024-11-29 05:29:18,068 [main] INFO  ipc.CallQueueManager (CallQueueManager.java:<init>(93)) - Using callQueue: class java.util.concurrent.LinkedBlockingQueue, queueCapacity: 10000, scheduler: class org.apache.hadoop.ipc.DefaultRpcScheduler, ipcBackoff: false, ipcFailOver: false.
2024-11-29 05:29:18,113 [main] INFO  ipc.Server (Server.java:<init>(1438)) - Listener at 0.0.0.0:15002
2024-11-29 05:29:18,120 [Socket Reader #1 for port 15002] INFO  ipc.Server (Server.java:run(1474)) - Starting Socket Reader #1 for port 15002
2024-11-29 05:29:18,121 [Socket Reader #2 for port 15002] INFO  ipc.Server (Server.java:run(1474)) - Starting Socket Reader #2 for port 15002
2024-11-29 05:29:18,123 [Socket Reader #4 for port 15002] INFO  ipc.Server (Server.java:run(1474)) - Starting Socket Reader #4 for port 15002
2024-11-29 05:29:18,123 [Socket Reader #3 for port 15002] INFO  ipc.Server (Server.java:run(1474)) - Starting Socket Reader #3 for port 15002
2024-11-29 05:29:18,126 [Socket Reader #5 for port 15002] INFO  ipc.Server (Server.java:run(1474)) - Starting Socket Reader #5 for port 15002
2024-11-29 05:29:18,131 [Socket Reader #7 for port 15002] INFO  ipc.Server (Server.java:run(1474)) - Starting Socket Reader #7 for port 15002
2024-11-29 05:29:18,131 [Socket Reader #6 for port 15002] INFO  ipc.Server (Server.java:run(1474)) - Starting Socket Reader #6 for port 15002
2024-11-29 05:29:18,133 [Socket Reader #8 for port 15002] INFO  ipc.Server (Server.java:run(1474)) - Starting Socket Reader #8 for port 15002
2024-11-29 05:29:18,134 [Socket Reader #9 for port 15002] INFO  ipc.Server (Server.java:run(1474)) - Starting Socket Reader #9 for port 15002
2024-11-29 05:29:18,138 [Socket Reader #10 for port 15002] INFO  ipc.Server (Server.java:run(1474)) - Starting Socket Reader #10 for port 15002
2024-11-29 05:29:18,179 [main] INFO  audit.AuditLogger (AuditLogger.java:refreshDebugCmdSet(135)) - Refresh DebugCmdSet for SCMAudit to [].
2024-11-29 05:29:18,185 [main] INFO  ipc.CallQueueManager (CallQueueManager.java:<init>(93)) - Using callQueue: class java.util.concurrent.LinkedBlockingQueue, queueCapacity: 10000, scheduler: class org.apache.hadoop.ipc.DefaultRpcScheduler, ipcBackoff: false, ipcFailOver: false.
2024-11-29 05:29:18,186 [main] INFO  ipc.Server (Server.java:<init>(1438)) - Listener at 0.0.0.0:15001
2024-11-29 05:29:18,187 [Socket Reader #1 for port 15001] INFO  ipc.Server (Server.java:run(1474)) - Starting Socket Reader #1 for port 15001
2024-11-29 05:29:18,188 [Socket Reader #2 for port 15001] INFO  ipc.Server (Server.java:run(1474)) - Starting Socket Reader #2 for port 15001
2024-11-29 05:29:18,189 [Socket Reader #3 for port 15001] INFO  ipc.Server (Server.java:run(1474)) - Starting Socket Reader #3 for port 15001
2024-11-29 05:29:18,189 [Socket Reader #4 for port 15001] INFO  ipc.Server (Server.java:run(1474)) - Starting Socket Reader #4 for port 15001
2024-11-29 05:29:18,191 [Socket Reader #6 for port 15001] INFO  ipc.Server (Server.java:run(1474)) - Starting Socket Reader #6 for port 15001
2024-11-29 05:29:18,191 [Socket Reader #5 for port 15001] INFO  ipc.Server (Server.java:run(1474)) - Starting Socket Reader #5 for port 15001
2024-11-29 05:29:18,195 [Socket Reader #7 for port 15001] INFO  ipc.Server (Server.java:run(1474)) - Starting Socket Reader #7 for port 15001
2024-11-29 05:29:18,195 [Socket Reader #8 for port 15001] INFO  ipc.Server (Server.java:run(1474)) - Starting Socket Reader #8 for port 15001
2024-11-29 05:29:18,196 [Socket Reader #9 for port 15001] INFO  ipc.Server (Server.java:run(1474)) - Starting Socket Reader #9 for port 15001
2024-11-29 05:29:18,197 [Socket Reader #10 for port 15001] INFO  ipc.Server (Server.java:run(1474)) - Starting Socket Reader #10 for port 15001
2024-11-29 05:29:18,230 [main] INFO  audit.AuditLogger (AuditLogger.java:refreshDebugCmdSet(135)) - Refresh DebugCmdSet for SCMAudit to [].
2024-11-29 05:29:18,240 [main] INFO  ipc.CallQueueManager (CallQueueManager.java:<init>(93)) - Using callQueue: class java.util.concurrent.LinkedBlockingQueue, queueCapacity: 10000, scheduler: class org.apache.hadoop.ipc.DefaultRpcScheduler, ipcBackoff: false, ipcFailOver: false.
2024-11-29 05:29:18,240 [main] INFO  ipc.Server (Server.java:<init>(1438)) - Listener at 0.0.0.0:15000
2024-11-29 05:29:18,241 [Socket Reader #1 for port 15000] INFO  ipc.Server (Server.java:run(1474)) - Starting Socket Reader #1 for port 15000
2024-11-29 05:29:18,241 [Socket Reader #2 for port 15000] INFO  ipc.Server (Server.java:run(1474)) - Starting Socket Reader #2 for port 15000
2024-11-29 05:29:18,242 [Socket Reader #3 for port 15000] INFO  ipc.Server (Server.java:run(1474)) - Starting Socket Reader #3 for port 15000
2024-11-29 05:29:18,243 [Socket Reader #4 for port 15000] INFO  ipc.Server (Server.java:run(1474)) - Starting Socket Reader #4 for port 15000
2024-11-29 05:29:18,243 [Socket Reader #5 for port 15000] INFO  ipc.Server (Server.java:run(1474)) - Starting Socket Reader #5 for port 15000
2024-11-29 05:29:18,244 [Socket Reader #6 for port 15000] INFO  ipc.Server (Server.java:run(1474)) - Starting Socket Reader #6 for port 15000
2024-11-29 05:29:18,244 [Socket Reader #7 for port 15000] INFO  ipc.Server (Server.java:run(1474)) - Starting Socket Reader #7 for port 15000
2024-11-29 05:29:18,250 [Socket Reader #8 for port 15000] INFO  ipc.Server (Server.java:run(1474)) - Starting Socket Reader #8 for port 15000
2024-11-29 05:29:18,251 [Socket Reader #10 for port 15000] INFO  ipc.Server (Server.java:run(1474)) - Starting Socket Reader #10 for port 15000
2024-11-29 05:29:18,252 [Socket Reader #9 for port 15000] INFO  ipc.Server (Server.java:run(1474)) - Starting Socket Reader #9 for port 15000
2024-11-29 05:29:18,313 [main] INFO  ha.SCMServiceManager (SCMServiceManager.java:register(42)) - Registering service ContainerBalancer.
2024-11-29 05:29:18,314 [main] INFO  ha.SCMContext (SCMContext.java:updateSafeModeStatus(225)) - Update SafeModeStatus from SafeModeStatus{safeModeStatus=true, preCheckPassed=false} to SafeModeStatus{safeModeStatus=true, preCheckPassed=false}.
2024-11-29 05:29:18,318 [main] INFO  server.StorageContainerManager (StorageContainerManager.java:start(1546)) - StorageContainerLocationProtocol RPC server is listening at /0.0.0.0:15000
2024-11-29 05:29:18,371 [main] WARN  impl.MetricsConfig (MetricsConfig.java:loadFirst(138)) - Cannot locate configuration: tried hadoop-metrics2-storagecontainermanager.properties,hadoop-metrics2.properties
2024-11-29 05:29:18,379 [main] INFO  impl.MetricsSystemImpl (MetricsSystemImpl.java:startTimer(378)) - Scheduled Metric snapshot period at 10 second(s).
2024-11-29 05:29:18,380 [main] INFO  impl.MetricsSystemImpl (MetricsSystemImpl.java:start(191)) - StorageContainerManager metrics system started
2024-11-29 05:29:18,494 [main] INFO  server.SCMClientProtocolServer (SCMClientProtocolServer.java:start(215)) - RPC server for Client  is listening at /0.0.0.0:15000
2024-11-29 05:29:18,495 [IPC Server Responder] INFO  ipc.Server (Server.java:run(1713)) - IPC Server Responder: starting
2024-11-29 05:29:18,498 [IPC Server listener on 15000] INFO  ipc.Server (Server.java:run(1553)) - IPC Server listener on 15000: starting
2024-11-29 05:29:18,518 [main] INFO  server.StorageContainerManager (StorageContainerManager.java:start(1559)) - ScmBlockLocationProtocol RPC server is listening at /0.0.0.0:15001
2024-11-29 05:29:18,520 [main] INFO  server.SCMBlockProtocolServer (SCMBlockProtocolServer.java:start(172)) - RPC server for Block Protocol is listening at /0.0.0.0:15001
2024-11-29 05:29:18,520 [IPC Server Responder] INFO  ipc.Server (Server.java:run(1713)) - IPC Server Responder: starting
2024-11-29 05:29:18,520 [IPC Server listener on 15001] INFO  ipc.Server (Server.java:run(1553)) - IPC Server listener on 15001: starting
2024-11-29 05:29:18,533 [main] INFO  server.SCMDatanodeProtocolServer (SCMDatanodeProtocolServer.java:start(199)) - ScmDatanodeProtocol RPC server for DataNodes is listening at /0.0.0.0:15002
2024-11-29 05:29:18,534 [IPC Server Responder] INFO  ipc.Server (Server.java:run(1713)) - IPC Server Responder: starting
2024-11-29 05:29:18,534 [IPC Server listener on 15002] INFO  ipc.Server (Server.java:run(1553)) - IPC Server listener on 15002: starting
2024-11-29 05:29:18,554 [JvmPauseMonitor0] INFO  util.JvmPauseMonitor (JvmPauseMonitor.java:run(146)) - JvmPauseMonitor-1f5b75e6-b52e-41d1-bfc0-59de7a601688: Started
2024-11-29 05:29:18,565 [main] INFO  http.BaseHttpServer (BaseHttpServer.java:newHttpServer2BuilderForOzone(223)) - Starting Web-server for scm at: http://0.0.0.0:15003
2024-11-29 05:29:18,566 [main] INFO  http.BaseHttpServer (BaseHttpServer.java:<init>(110)) - Hadoop Security Enabled: false Ozone Security Enabled: false Ozone HTTP Security Enabled: false 
2024-11-29 05:29:18,593 [main] INFO  util.log (Log.java:initialized(170)) - Logging initialized @3758ms to org.eclipse.jetty.util.log.Slf4jLog
2024-11-29 05:29:18,671 [main] WARN  server.AuthenticationFilter (AuthenticationFilter.java:constructSecretProvider(240)) - Unable to initialize FileSignerSecretProvider, falling back to use random secrets. Reason: Could not read signature secret file: /home/runner/hadoop-http-auth-signature-secret
2024-11-29 05:29:18,678 [main] INFO  http.HttpRequestLog (HttpRequestLog.java:getRequestLog(86)) - Http request log for http.requests.scm is not defined
2024-11-29 05:29:18,688 [main] INFO  http.HttpServer2 (HttpServer2.java:addGlobalFilter(1035)) - Added global filter 'safety' (class=org.apache.hadoop.hdds.server.http.HttpServer2$QuotingInputFilter)
2024-11-29 05:29:18,692 [main] INFO  http.HttpServer2 (HttpServer2.java:addFilter(1011)) - Added filter static_user_filter (class=org.apache.hadoop.http.lib.StaticUserWebFilter$StaticUserFilter) to context scm
2024-11-29 05:29:18,692 [main] INFO  http.HttpServer2 (HttpServer2.java:addFilter(1019)) - Added filter static_user_filter (class=org.apache.hadoop.http.lib.StaticUserWebFilter$StaticUserFilter) to context logs
2024-11-29 05:29:18,693 [main] INFO  http.HttpServer2 (HttpServer2.java:addFilter(1019)) - Added filter static_user_filter (class=org.apache.hadoop.http.lib.StaticUserWebFilter$StaticUserFilter) to context static
2024-11-29 05:29:18,724 [main] INFO  http.BaseHttpServer (BaseHttpServer.java:<init>(189)) - HTTP server of scm uses base directory /home/runner/work/ozone/ozone/hadoop-ozone/integration-test/target/test-dir/MiniOzoneClusterImpl-61f21677-568d-49d7-a2ee-8a05247fe249/ozone-meta/webserver
2024-11-29 05:29:18,725 [main] INFO  http.HttpServer2 (HttpServer2.java:bindListener(1235)) - Jetty bound to port 15003
2024-11-29 05:29:18,727 [main] INFO  server.Server (Server.java:doStart(375)) - jetty-9.4.56.v20240826; built: 2024-08-26T17:15:05.868Z; git: ec6782ff5ead824dabdcf47fa98f90a4aedff401; jvm 17.0.13+11
2024-11-29 05:29:18,754 [main] INFO  server.session (DefaultSessionIdManager.java:doStart(334)) - DefaultSessionIdManager workerName=node0
2024-11-29 05:29:18,755 [main] INFO  server.session (DefaultSessionIdManager.java:doStart(339)) - No SessionScavenger set, using defaults
2024-11-29 05:29:18,757 [main] INFO  server.session (HouseKeeper.java:startScavenging(132)) - node0 Scavenging every 660000ms
2024-11-29 05:29:18,766 [main] INFO  handler.ContextHandler (ContextHandler.java:doStart(921)) - Started o.e.j.s.ServletContextHandler@39dce2df{logs,/logs,file:///home/runner/work/ozone/ozone/hadoop-ozone/integration-test/target/log,AVAILABLE}
2024-11-29 05:29:18,767 [main] INFO  handler.ContextHandler (ContextHandler.java:doStart(921)) - Started o.e.j.s.ServletContextHandler@58690f5e{static,/static,file:///home/runner/work/ozone/ozone/hadoop-ozone/integration-test/target/test-classes/webapps/static,AVAILABLE}
2024-11-29 05:29:18,808 [main] INFO  handler.ContextHandler (ContextHandler.java:doStart(921)) - Started o.e.j.w.WebAppContext@4e210016{scm,/,file:///home/runner/work/ozone/ozone/hadoop-ozone/integration-test/target/test-classes/webapps/scm/,AVAILABLE}{file:/home/runner/work/ozone/ozone/hadoop-ozone/integration-test/target/test-classes/webapps/scm}
2024-11-29 05:29:18,813 [main] INFO  server.AbstractConnector (AbstractConnector.java:doStart(333)) - Started ServerConnector@72015156{HTTP/1.1, (http/1.1)}{0.0.0.0:15003}
2024-11-29 05:29:18,814 [main] INFO  server.Server (Server.java:doStart(415)) - Started @3979ms
2024-11-29 05:29:18,816 [main] INFO  impl.MetricsSinkAdapter (MetricsSinkAdapter.java:start(204)) - Sink prometheus started
2024-11-29 05:29:18,816 [main] INFO  impl.MetricsSystemImpl (MetricsSystemImpl.java:registerSink(305)) - Registered sink prometheus
2024-11-29 05:29:18,817 [main] INFO  http.BaseHttpServer (BaseHttpServer.java:updateConnectorAddress(354)) - HTTP server of scm listening at http://0.0.0.0:15003
2024-11-29 05:29:18,820 [main] WARN  server.ServerUtils (ServerUtils.java:getDBPath(299)) - ozone.om.db.dirs is not configured. We recommend adding this setting. Falling back to ozone.metadata.dirs instead.
2024-11-29 05:29:18,884 [main] INFO  audit.AuditLogger (AuditLogger.java:refreshDebugCmdSet(135)) - Refresh DebugCmdSet for OMAudit to [].
2024-11-29 05:29:18,906 [main] INFO  audit.AuditLogger (AuditLogger.java:refreshDebugCmdSet(135)) - Refresh DebugCmdSet for OMSystemAudit to [].
2024-11-29 05:29:18,957 [main] INFO  ha.OMHANodeDetails (OMHANodeDetails.java:loadOMHAConfig(115)) - ozone.om.internal.service.id is not defined, falling back to ozone.om.service.ids to find serviceID for OzoneManager if it is HA enabled cluster
2024-11-29 05:29:18,960 [main] INFO  ha.OMHANodeDetails (OMHANodeDetails.java:loadOMHAConfig(226)) - Configuration does not have ozone.om.address set. Falling back to the default OM address /127.0.0.1:15004
2024-11-29 05:29:18,961 [main] INFO  ha.OMHANodeDetails (OMHANodeDetails.java:getOMNodeDetailsForNonHA(254)) - OM Service ID is not set. Setting it to the default ID: omServiceIdDefault
2024-11-29 05:29:18,961 [main] INFO  ha.OMHANodeDetails (OMHANodeDetails.java:getOMNodeDetailsForNonHA(261)) - OM Node ID is not set. Setting it to the default ID: om1
2024-11-29 05:29:18,964 [main] WARN  server.ServerUtils (ServerUtils.java:getDBPath(299)) - ozone.om.db.dirs is not configured. We recommend adding this setting. Falling back to ozone.metadata.dirs instead.
2024-11-29 05:29:18,968 [main] INFO  upgrade.AbstractLayoutVersionManager (AbstractLayoutVersionManager.java:init(83)) - Initializing Layout version manager with metadata layout = DELEGATION_TOKEN_SYMMETRIC_SIGN (version = 8), software layout = DELEGATION_TOKEN_SYMMETRIC_SIGN (version = 8)
2024-11-29 05:29:19,047 [main] INFO  reflections.Reflections (Reflections.java:scan(219)) - Reflections took 77 ms to scan 2 urls, producing 199 keys and 588 values
2024-11-29 05:29:19,051 [main] INFO  upgrade.OMLayoutVersionManager (OMLayoutVersionManager.java:lambda$0(113)) - Skipping Upgrade Action QuotaRepairUpgradeAction since it has been finalized.
2024-11-29 05:29:19,053 [main] INFO  upgrade.OMLayoutVersionManager (OMLayoutVersionManager.java:lambda$0(113)) - Skipping Upgrade Action MockOmUpgradeAction since it has been finalized.
2024-11-29 05:29:19,055 [main] WARN  server.ServerUtils (ServerUtils.java:getDBPath(299)) - ozone.om.db.dirs is not configured. We recommend adding this setting. Falling back to ozone.metadata.dirs instead.
2024-11-29 05:29:19,199 [main] INFO  proxy.SCMBlockLocationFailoverProxyProvider (SCMBlockLocationFailoverProxyProvider.java:<init>(115)) - Created block location fail-over proxy with 1 nodes: [nodeId=scmNodeId,nodeAddress=/0.0.0.0:15001]
2024-11-29 05:29:19,229 [main] INFO  proxy.SCMBlockLocationFailoverProxyProvider (SCMBlockLocationFailoverProxyProvider.java:<init>(115)) - Created block location fail-over proxy with 1 nodes: [nodeId=scmNodeId,nodeAddress=/0.0.0.0:15001]
2024-11-29 05:29:19,395 [main] INFO  om.OzoneManager (OzoneManager.java:<init>(693)) - OM start with adminUsers: [runner]
2024-11-29 05:29:19,411 [main] WARN  server.ServerUtils (ServerUtils.java:getDBPath(299)) - ozone.om.db.dirs is not configured. We recommend adding this setting. Falling back to ozone.metadata.dirs instead.
2024-11-29 05:29:19,435 [main] INFO  helpers.OmKeyInfo (OmKeyInfo.java:getCodec(73)) - OmKeyInfo.getCodec ignorePipeline = true
2024-11-29 05:29:19,718 [main] INFO  om.OzoneManager (OzoneManager.java:instantiateServices(824)) - S3 Multi-Tenancy is disabled
2024-11-29 05:29:19,745 [main] INFO  om.OmSnapshotManager (OmSnapshotManager.java:<init>(183)) - Ozone filesystem snapshot feature is enabled.
2024-11-29 05:29:19,751 [main] WARN  server.ServerUtils (ServerUtils.java:getDBPath(299)) - ozone.om.snapshot.diff.db.dir is not configured. We recommend adding this setting. Falling back to ozone.metadata.dirs instead.
2024-11-29 05:29:19,793 [main] INFO  utils.NativeLibraryLoader (NativeLibraryLoader.java:loadLibrary(122)) - Loading Library: ozone_rocksdb_tools
2024-11-29 05:29:19,795 [main] WARN  snapshot.SnapshotDiffManager (SnapshotDiffManager.java:initNativeLibraryForEfficientDiff(287)) - Native Library for raw sst file reading loading failed. Fallback to performing a full diff instead. Unable to load library ozone_rocksdb_tools from both java.library.path & resource file libozone_rocksdb_tools.so from jar.
2024-11-29 05:29:19,862 [main] INFO  om.OzoneManager (OzoneManager.java:addS3GVolumeToDB(4598)) - Created Volume s3v With Owner runner required for S3Gateway operations.
2024-11-29 05:29:19,922 [main] WARN  server.ServerUtils (ServerUtils.java:getDefaultRatisDirectory(311)) - Storage directory for Ratis is not configured. It is a good idea to map this to an SSD disk. Falling back to ozone.metadata.dirs
2024-11-29 05:29:19,928 [main] WARN  utils.OzoneManagerRatisUtils (OzoneManagerRatisUtils.java:getOMRatisSnapshotDirectory(493)) - ozone.om.ratis.snapshot.dir is not configured. Falling back to ozone.metadata.dirs config
2024-11-29 05:29:19,940 [main] WARN  server.ServerUtils (ServerUtils.java:getDefaultRatisDirectory(311)) - Storage directory for Ratis is not configured. It is a good idea to map this to an SSD disk. Falling back to ozone.metadata.dirs
2024-11-29 05:29:19,952 [main] INFO  server.RaftServerConfigKeys (ConfUtils.java:logGet(46)) - raft.server.log.appender.buffer.byte-limit = 4194304 (custom)
2024-11-29 05:29:19,961 [main] INFO  ratis.OzoneManagerRatisServer (OzoneManagerRatisServer.java:<init>(171)) - Instantiating OM Ratis server with groupID: omServiceIdDefault and peers: localhost:15007
2024-11-29 05:29:19,971 [main] INFO  ratis.OzoneManagerStateMachine (OzoneManagerStateMachine.java:loadSnapshotInfoFromDB(608)) - TransactionInfo not found in OM DB.
2024-11-29 05:29:20,028 [main] INFO  server.RaftServer (ConfUtils.java:logGet(46)) - raft.rpc.type = GRPC (default)
2024-11-29 05:29:20,035 [main] INFO  grpc.GrpcConfigKeys (ConfUtils.java:logFallback(53)) - raft.grpc.admin.host = null (fallback to raft.grpc.server.host)
2024-11-29 05:29:20,036 [main] INFO  grpc.GrpcConfigKeys (ConfUtils.java:logFallback(53)) - raft.grpc.admin.port = 15007 (fallback to raft.grpc.server.port)
2024-11-29 05:29:20,036 [main] INFO  grpc.GrpcConfigKeys (ConfUtils.java:logFallback(53)) - raft.grpc.client.host = null (fallback to raft.grpc.server.host)
2024-11-29 05:29:20,037 [main] INFO  grpc.GrpcConfigKeys (ConfUtils.java:logFallback(53)) - raft.grpc.client.port = 15007 (fallback to raft.grpc.server.port)
2024-11-29 05:29:20,037 [main] INFO  grpc.GrpcConfigKeys (ConfUtils.java:logGet(46)) - raft.grpc.server.host = null (default)
2024-11-29 05:29:20,037 [main] INFO  grpc.GrpcConfigKeys (ConfUtils.java:logGet(46)) - raft.grpc.server.port = 15007 (custom)
2024-11-29 05:29:20,038 [main] INFO  server.GrpcService (ConfUtils.java:logGet(46)) - raft.grpc.message.size.max = 5242880 (custom)
2024-11-29 05:29:20,039 [main] INFO  server.GrpcService (ConfUtils.java:logGet(46)) - raft.grpc.flow.control.window = 1MB (=1048576) (default)
2024-11-29 05:29:20,039 [main] INFO  server.RaftServerConfigKeys (ConfUtils.java:logGet(46)) - raft.server.rpc.request.timeout = 3000ms (default)
2024-11-29 05:29:20,045 [main] INFO  grpc.GrpcConfigKeys (ConfUtils.java:logGet(46)) - raft.grpc.server.heartbeat.channel = true (default)
2024-11-29 05:29:20,046 [main] INFO  server.RaftServerConfigKeys (ConfUtils.java:logGet(46)) - raft.server.log.appender.buffer.byte-limit = 4194304 (custom)
2024-11-29 05:29:20,047 [main] INFO  grpc.GrpcConfigKeys (ConfUtils.java:logGet(46)) - raft.grpc.server.async.request.thread.pool.cached = true (default)
2024-11-29 05:29:20,048 [main] INFO  grpc.GrpcConfigKeys (ConfUtils.java:logGet(46)) - raft.grpc.server.async.request.thread.pool.size = 32 (default)
2024-11-29 05:29:20,182 [main] INFO  impl.DataStreamServerImpl (ConfUtils.java:logGet(46)) - raft.datastream.type = DISABLED (default)
2024-11-29 05:29:20,184 [main] INFO  server.RaftServerConfigKeys (ConfUtils.java:logGet(46)) - raft.server.sleep.deviation.threshold = 300ms (default)
2024-11-29 05:29:20,185 [main] INFO  server.RaftServerConfigKeys (ConfUtils.java:logGet(46)) - raft.server.close.threshold = 60s (default)
2024-11-29 05:29:20,185 [main] INFO  server.RaftServerConfigKeys (ConfUtils.java:logGet(46)) - raft.server.leaderelection.leader.step-down.wait-time = 10s (default)
2024-11-29 05:29:20,186 [main] INFO  server.RaftServerConfigKeys (ConfUtils.java:logGet(46)) - raft.server.storage.dir = [/home/runner/work/ozone/ozone/hadoop-ozone/integration-test/target/test-dir/MiniOzoneClusterImpl-61f21677-568d-49d7-a2ee-8a05247fe249/ozone-meta/ratis] (custom)
2024-11-29 05:29:20,187 [main] INFO  server.RaftServerConfigKeys (ConfUtils.java:logGet(46)) - raft.server.threadpool.proxy.cached = true (default)
2024-11-29 05:29:20,188 [main] INFO  server.RaftServerConfigKeys (ConfUtils.java:logGet(46)) - raft.server.threadpool.proxy.size = 0 (default)
2024-11-29 05:29:20,194 [main] INFO  server.RaftServer (RaftServerProxy.java:addNew(100)) - om1: addNew group-C5BA1605619E:[om1|localhost:15007] returns group-C5BA1605619E:java.util.concurrent.CompletableFuture@156290d9[Not completed]
2024-11-29 05:29:20,195 [main] INFO  om.OzoneManager (OzoneManager.java:initializeRatisServer(2204)) - OzoneManager Ratis server initialized at port 15007
2024-11-29 05:29:20,199 [main] INFO  om.OzoneManager (OzoneManager.java:getRpcServer(1251)) - Creating RPC Server
2024-11-29 05:29:20,200 [om1-groupManagement] INFO  server.RaftServer$Division (RaftServerImpl.java:<init>(255)) - om1: new RaftServerImpl for group-C5BA1605619E:[om1|localhost:15007] with OzoneManagerStateMachine:uninitialized
2024-11-29 05:29:20,202 [om1-groupManagement] INFO  server.RaftServerConfigKeys (ConfUtils.java:logGet(46)) - raft.server.rpc.timeout.min = 1s (custom)
2024-11-29 05:29:20,202 [om1-groupManagement] INFO  server.RaftServerConfigKeys (ConfUtils.java:logGet(46)) - raft.server.rpc.timeout.max = 1200ms (custom)
2024-11-29 05:29:20,202 [om1-groupManagement] INFO  server.RaftServerConfigKeys (ConfUtils.java:logGet(46)) - raft.server.rpc.sleep.time = 25ms (default)
2024-11-29 05:29:20,202 [om1-groupManagement] INFO  server.RaftServerConfigKeys (ConfUtils.java:logGet(46)) - raft.server.rpc.slowness.timeout = 120s (custom)
2024-11-29 05:29:20,203 [om1-groupManagement] INFO  server.RaftServerConfigKeys (ConfUtils.java:logGet(46)) - raft.server.leaderelection.leader.step-down.wait-time = 10s (default)
2024-11-29 05:29:20,203 [om1-groupManagement] INFO  server.RaftServerConfigKeys (ConfUtils.java:logGet(46)) - raft.server.leaderelection.member.majority-add = false (default)
2024-11-29 05:29:20,203 [om1-groupManagement] INFO  server.RaftServerConfigKeys (ConfUtils.java:logGet(46)) - raft.server.sleep.deviation.threshold = 300ms (default)
2024-11-29 05:29:20,208 [om1-groupManagement] INFO  server.RaftServer$Division (ServerState.java:<init>(114)) - om1@group-C5BA1605619E: ConfigurationManager, init=conf: {index: -1, cur=peers:[om1|localhost:15007]|listeners:[], old=null}, confs=<EMPTY_MAP>
2024-11-29 05:29:20,213 [om1-groupManagement] INFO  server.RaftServerConfigKeys (ConfUtils.java:logGet(46)) - raft.server.notification.no-leader.timeout = 120s (custom)
2024-11-29 05:29:20,216 [om1-groupManagement] INFO  server.RaftServerConfigKeys (ConfUtils.java:logGet(46)) - raft.server.read.timeout = 10s (default)
2024-11-29 05:29:20,219 [om1-groupManagement] INFO  server.RaftServerConfigKeys (ConfUtils.java:logGet(46)) - raft.server.retrycache.expirytime = 300s (custom)
2024-11-29 05:29:20,219 [om1-groupManagement] INFO  server.RaftServerConfigKeys (ConfUtils.java:logGet(46)) - raft.server.retrycache.statistics.expirytime = 100ms (default)
2024-11-29 05:29:20,222 [om1-groupManagement] INFO  server.RaftServerConfigKeys (ConfUtils.java:logGet(46)) - raft.server.read.option = DEFAULT (default)
2024-11-29 05:29:20,223 [om1-groupManagement] INFO  server.RaftServerConfigKeys (ConfUtils.java:logGet(46)) - raft.server.read.read-after-write-consistent.write-index-cache.expiry-time = 60s (default)
2024-11-29 05:29:20,258 [om1-groupManagement] INFO  server.RaftServerConfigKeys (ConfUtils.java:logGet(46)) - raft.server.rpc.request.timeout = 3000ms (default)
2024-11-29 05:29:20,261 [om1-groupManagement] INFO  server.RaftServerConfigKeys (ConfUtils.java:logGet(46)) - raft.server.log.appender.install.snapshot.enabled = false (custom)
2024-11-29 05:29:20,261 [om1-groupManagement] INFO  server.RaftServerConfigKeys (ConfUtils.java:logGet(46)) - raft.server.threadpool.server.cached = true (default)
2024-11-29 05:29:20,262 [om1-groupManagement] INFO  server.RaftServerConfigKeys (ConfUtils.java:logGet(46)) - raft.server.threadpool.server.size = 0 (default)
2024-11-29 05:29:20,262 [om1-groupManagement] INFO  server.RaftServerConfigKeys (ConfUtils.java:logGet(46)) - raft.server.threadpool.client.cached = true (default)
2024-11-29 05:29:20,263 [om1-groupManagement] INFO  server.RaftServerConfigKeys (ConfUtils.java:logGet(46)) - raft.server.threadpool.client.size = 0 (default)
2024-11-29 05:29:20,874 [main] INFO  reflections.Reflections (Reflections.java:scan(219)) - Reflections took 607 ms to scan 20 urls, producing 60 keys and 7319 values
2024-11-29 05:29:21,044 [main] INFO  ipc.CallQueueManager (CallQueueManager.java:<init>(93)) - Using callQueue: class java.util.concurrent.LinkedBlockingQueue, queueCapacity: 2000, scheduler: class org.apache.hadoop.ipc.DefaultRpcScheduler, ipcBackoff: false, ipcFailOver: false.
2024-11-29 05:29:21,045 [main] INFO  ipc.Server (Server.java:<init>(1438)) - Listener at 127.0.0.1:15004
2024-11-29 05:29:21,045 [Socket Reader #1 for port 15004] INFO  ipc.Server (Server.java:run(1474)) - Starting Socket Reader #1 for port 15004
2024-11-29 05:29:21,046 [Socket Reader #2 for port 15004] INFO  ipc.Server (Server.java:run(1474)) - Starting Socket Reader #2 for port 15004
2024-11-29 05:29:21,046 [Socket Reader #3 for port 15004] INFO  ipc.Server (Server.java:run(1474)) - Starting Socket Reader #3 for port 15004
2024-11-29 05:29:21,047 [Socket Reader #5 for port 15004] INFO  ipc.Server (Server.java:run(1474)) - Starting Socket Reader #5 for port 15004
2024-11-29 05:29:21,047 [Socket Reader #6 for port 15004] INFO  ipc.Server (Server.java:run(1474)) - Starting Socket Reader #6 for port 15004
2024-11-29 05:29:21,047 [Socket Reader #4 for port 15004] INFO  ipc.Server (Server.java:run(1474)) - Starting Socket Reader #4 for port 15004
2024-11-29 05:29:21,050 [Socket Reader #7 for port 15004] INFO  ipc.Server (Server.java:run(1474)) - Starting Socket Reader #7 for port 15004
2024-11-29 05:29:21,054 [Socket Reader #9 for port 15004] INFO  ipc.Server (Server.java:run(1474)) - Starting Socket Reader #9 for port 15004
2024-11-29 05:29:21,054 [Socket Reader #8 for port 15004] INFO  ipc.Server (Server.java:run(1474)) - Starting Socket Reader #8 for port 15004
2024-11-29 05:29:21,055 [Socket Reader #10 for port 15004] INFO  ipc.Server (Server.java:run(1474)) - Starting Socket Reader #10 for port 15004
2024-11-29 05:29:21,092 [main] INFO  impl.MetricsSystemImpl (MetricsSystemImpl.java:init(158)) - OzoneManager metrics system started (again)
2024-11-29 05:29:21,108 [main] INFO  om.OzoneManager (OzoneManager.java:start(1679)) - OzoneManager RPC server is listening at localhost/127.0.0.1:15004
2024-11-29 05:29:21,109 [main] INFO  ratis.OzoneManagerRatisServer (OzoneManagerRatisServer.java:start(634)) - Starting OzoneManagerRatisServer om1 at port 15007
2024-11-29 05:29:21,112 [om1-impl-thread1] INFO  server.RaftServerConfigKeys (ConfUtils.java:logGet(46)) - raft.server.storage.free-space.min = 0MB (=0) (default)
2024-11-29 05:29:21,113 [om1-impl-thread1] INFO  server.RaftServerConfigKeys (ConfUtils.java:logGet(46)) - raft.server.log.corruption.policy = EXCEPTION (default)
2024-11-29 05:29:21,113 [om1-impl-thread1] INFO  server.RaftServerConfigKeys (ConfUtils.java:logGet(46)) - raft.server.storage.dir = [/home/runner/work/ozone/ozone/hadoop-ozone/integration-test/target/test-dir/MiniOzoneClusterImpl-61f21677-568d-49d7-a2ee-8a05247fe249/ozone-meta/ratis] (custom)
2024-11-29 05:29:21,118 [om1-impl-thread1] INFO  storage.RaftStorageDirectory (RaftStorageDirectoryImpl.java:analyzeStorage(138)) - The storage directory /home/runner/work/ozone/ozone/hadoop-ozone/integration-test/target/test-dir/MiniOzoneClusterImpl-61f21677-568d-49d7-a2ee-8a05247fe249/ozone-meta/ratis/bf265839-605b-3f16-9796-c5ba1605619e does not exist. Creating ...
2024-11-29 05:29:21,122 [om1-impl-thread1] INFO  storage.RaftStorageDirectory (RaftStorageDirectoryImpl.java:tryLock(229)) - Lock on /home/runner/work/ozone/ozone/hadoop-ozone/integration-test/target/test-dir/MiniOzoneClusterImpl-61f21677-568d-49d7-a2ee-8a05247fe249/ozone-meta/ratis/bf265839-605b-3f16-9796-c5ba1605619e/in_use.lock acquired by nodename 84584@fv-az1772-529
2024-11-29 05:29:21,128 [om1-impl-thread1] INFO  storage.RaftStorage (RaftStorageImpl.java:format(98)) - Storage directory /home/runner/work/ozone/ozone/hadoop-ozone/integration-test/target/test-dir/MiniOzoneClusterImpl-61f21677-568d-49d7-a2ee-8a05247fe249/ozone-meta/ratis/bf265839-605b-3f16-9796-c5ba1605619e has been successfully formatted.
2024-11-29 05:29:21,130 [om1-impl-thread1] INFO  ratis.OzoneManagerStateMachine (OzoneManagerStateMachine.java:lambda$0(138)) - om1: initialize group-C5BA1605619E with (t:0, i:~)
2024-11-29 05:29:21,132 [om1-impl-thread1] INFO  server.RaftServerConfigKeys (ConfUtils.java:logGet(46)) - raft.server.log.use.memory = false (default)
2024-11-29 05:29:21,139 [om1-impl-thread1] INFO  server.RaftServerConfigKeys (ConfUtils.java:logGet(46)) - raft.server.log.purge.gap = 1000000 (custom)
2024-11-29 05:29:21,139 [om1-impl-thread1] INFO  server.RaftServerConfigKeys (ConfUtils.java:logGet(46)) - raft.server.log.appender.buffer.byte-limit = 4194304 (custom)
2024-11-29 05:29:21,141 [om1-impl-thread1] INFO  server.RaftServerConfigKeys (ConfUtils.java:logGet(46)) - raft.server.log.statemachine.data.read.timeout = 1000ms (default)
2024-11-29 05:29:21,141 [om1-impl-thread1] INFO  server.RaftServerConfigKeys (ConfUtils.java:logGet(46)) - raft.server.log.purge.preservation.log.num = 0 (default)
2024-11-29 05:29:21,146 [om1-impl-thread1] INFO  server.RaftServerConfigKeys (ConfUtils.java:logGet(46)) - raft.server.log.segment.size.max = 4194304 (custom)
2024-11-29 05:29:21,151 [om1-impl-thread1] INFO  server.RaftServerConfigKeys (ConfUtils.java:logGet(46)) - raft.server.log.segment.cache.num.max = 2 (custom)
2024-11-29 05:29:21,151 [om1-impl-thread1] INFO  server.RaftServerConfigKeys (ConfUtils.java:logGet(46)) - raft.server.log.segment.cache.size.max = 200MB (=209715200) (default)
2024-11-29 05:29:21,152 [om1-impl-thread1] INFO  server.RaftServerConfigKeys (ConfUtils.java:logGet(46)) - raft.server.log.appender.buffer.byte-limit = 4194304 (custom)
2024-11-29 05:29:21,154 [om1-impl-thread1] INFO  util.AwaitToRun (AwaitToRun.java:start(81)) - Thread[om1@group-C5BA1605619E-cacheEviction-AwaitToRun,5,main] started
2024-11-29 05:29:21,159 [om1-impl-thread1] INFO  segmented.SegmentedRaftLogWorker (SegmentedRaftLogWorker.java:<init>(188)) - new om1@group-C5BA1605619E-SegmentedRaftLogWorker for RaftStorageImpl:Storage Directory /home/runner/work/ozone/ozone/hadoop-ozone/integration-test/target/test-dir/MiniOzoneClusterImpl-61f21677-568d-49d7-a2ee-8a05247fe249/ozone-meta/ratis/bf265839-605b-3f16-9796-c5ba1605619e
2024-11-29 05:29:21,159 [om1-impl-thread1] INFO  server.RaftServerConfigKeys (ConfUtils.java:logGet(46)) - raft.server.log.queue.byte-limit = 64MB (=67108864) (default)
2024-11-29 05:29:21,159 [om1-impl-thread1] INFO  server.RaftServerConfigKeys (ConfUtils.java:logGet(46)) - raft.server.log.queue.element-limit = 4096 (default)
2024-11-29 05:29:21,160 [om1-impl-thread1] INFO  server.RaftServerConfigKeys (ConfUtils.java:logGet(46)) - raft.server.log.segment.size.max = 4194304 (custom)
2024-11-29 05:29:21,161 [om1-impl-thread1] INFO  server.RaftServerConfigKeys (ConfUtils.java:logGet(46)) - raft.server.log.preallocated.size = 4194304 (custom)
2024-11-29 05:29:21,161 [om1-impl-thread1] INFO  server.RaftServerConfigKeys (ConfUtils.java:logGet(46)) - raft.server.log.force.sync.num = 128 (default)
2024-11-29 05:29:21,162 [om1-impl-thread1] INFO  server.RaftServerConfigKeys (ConfUtils.java:logGet(46)) - raft.server.log.statemachine.data.sync = true (default)
2024-11-29 05:29:21,162 [om1-impl-thread1] INFO  server.RaftServerConfigKeys (ConfUtils.java:logGet(46)) - raft.server.log.statemachine.data.sync.timeout = 10s (default)
2024-11-29 05:29:21,162 [om1-impl-thread1] INFO  server.RaftServerConfigKeys (ConfUtils.java:logGet(46)) - raft.server.log.statemachine.data.sync.timeout.retry = -1 (default)
2024-11-29 05:29:21,164 [om1-impl-thread1] INFO  server.RaftServerConfigKeys (ConfUtils.java:logGet(46)) - raft.server.log.write.buffer.size = 4194312 (custom)
2024-11-29 05:29:21,165 [om1-impl-thread1] INFO  server.RaftServerConfigKeys (ConfUtils.java:logGet(46)) - raft.server.log.appender.buffer.byte-limit = 4194304 (custom)
2024-11-29 05:29:21,166 [om1-impl-thread1] INFO  server.RaftServerConfigKeys (ConfUtils.java:logGet(46)) - raft.server.log.unsafe-flush.enabled = false (default)
2024-11-29 05:29:21,166 [om1-impl-thread1] INFO  server.RaftServerConfigKeys (ConfUtils.java:logGet(46)) - raft.server.log.async-flush.enabled = false (default)
2024-11-29 05:29:21,166 [om1-impl-thread1] INFO  server.RaftServerConfigKeys (ConfUtils.java:logGet(46)) - raft.server.log.statemachine.data.caching.enabled = false (default)
2024-11-29 05:29:21,171 [om1-impl-thread1] INFO  segmented.SegmentedRaftLogWorker (SegmentedRaftLogWorker.java:lambda$new$0(139)) - om1@group-C5BA1605619E-SegmentedRaftLogWorker: flushIndex: setUnconditionally 0 -> -1
2024-11-29 05:29:21,171 [om1-impl-thread1] INFO  segmented.SegmentedRaftLogWorker (SegmentedRaftLogWorker.java:lambda$new$0(139)) - om1@group-C5BA1605619E-SegmentedRaftLogWorker: safeCacheEvictIndex: setUnconditionally 0 -> -1
2024-11-29 05:29:21,175 [om1-impl-thread1] INFO  server.RaftServer$Division (RaftServerImpl.java:start(391)) - om1@group-C5BA1605619E: start as a follower, conf=conf: {index: -1, cur=peers:[om1|localhost:15007]|listeners:[], old=null}
2024-11-29 05:29:21,175 [om1-impl-thread1] INFO  server.RaftServer$Division (RaftServerImpl.java:setRole(378)) - om1@group-C5BA1605619E: changes role from      null to FOLLOWER at term 0 for startAsFollower
2024-11-29 05:29:21,176 [om1-impl-thread1] INFO  impl.RoleInfo (RoleInfo.java:updateAndGet(148)) - om1: start om1@group-C5BA1605619E-FollowerState
2024-11-29 05:29:21,181 [om1@group-C5BA1605619E-FollowerState] INFO  server.RaftServerConfigKeys (ConfUtils.java:logFallback(53)) - raft.server.rpc.first-election.timeout.min = 1s (fallback to raft.server.rpc.timeout.min)
2024-11-29 05:29:21,181 [om1-impl-thread1] INFO  util.JmxRegister (JmxRegister.java:tryRegister(44)) - Successfully registered JMX Bean with object name Ratis:service=RaftServer,group=group-C5BA1605619E,id=om1
2024-11-29 05:29:21,182 [om1-impl-thread1] INFO  util.JmxRegister (JmxRegister.java:register(58)) - register mxBean class org.apache.ratis.server.impl.RaftServerJmxAdapter as Ratis:service=RaftServer,group=group-C5BA1605619E,id=om1
2024-11-29 05:29:21,183 [om1@group-C5BA1605619E-FollowerState] INFO  server.RaftServerConfigKeys (ConfUtils.java:logFallback(53)) - raft.server.rpc.first-election.timeout.max = 1200ms (fallback to raft.server.rpc.timeout.max)
2024-11-29 05:29:21,184 [om1-impl-thread1] INFO  server.RaftServerConfigKeys (ConfUtils.java:logGet(46)) - raft.server.snapshot.trigger-when-stop.enabled = true (default)
2024-11-29 05:29:21,184 [om1-impl-thread1] INFO  server.RaftServerConfigKeys (ConfUtils.java:logGet(46)) - raft.server.snapshot.trigger-when-remove.enabled = true (default)
2024-11-29 05:29:21,184 [om1-impl-thread1] INFO  server.RaftServerConfigKeys (ConfUtils.java:logGet(46)) - raft.server.snapshot.auto.trigger.enabled = true (custom)
2024-11-29 05:29:21,184 [om1-impl-thread1] INFO  server.RaftServerConfigKeys (ConfUtils.java:logGet(46)) - raft.server.snapshot.auto.trigger.threshold = 400000 (default)
2024-11-29 05:29:21,185 [om1-impl-thread1] INFO  server.RaftServerConfigKeys (ConfUtils.java:logGet(46)) - raft.server.snapshot.retention.file.num = -1 (default)
2024-11-29 05:29:21,185 [om1-impl-thread1] INFO  server.RaftServerConfigKeys (ConfUtils.java:logGet(46)) - raft.server.log.purge.upto.snapshot.index = true (custom)
2024-11-29 05:29:21,191 [om1-impl-thread1] INFO  server.RaftServer$Division (RaftServerImpl.java:start(405)) - om1@group-C5BA1605619E: Successfully started.
2024-11-29 05:29:21,192 [main] INFO  server.RaftServer (RaftServerProxy.java:startImpl(407)) - om1: start RPC server
2024-11-29 05:29:21,224 [main] INFO  server.GrpcService (GrpcService.java:startImpl(334)) - om1: GrpcService started, listening on 15007
2024-11-29 05:29:21,226 [main] INFO  om.OzoneManager (OzoneManager.java:start(1694)) - Version File has different layout version (8) than OM DB (null). That is expected if this OM has never been finalized to a newer layout version.
2024-11-29 05:29:21,226 [JvmPauseMonitor1] INFO  util.JvmPauseMonitor (JvmPauseMonitor.java:run(146)) - JvmPauseMonitor-om1: Started
2024-11-29 05:29:21,240 [main] INFO  client.ScmTopologyClient (ScmTopologyClient.java:start(72)) - Initial network topology fetched from SCM: /.
2024-11-29 05:29:21,241 [main] INFO  net.NodeSchemaLoader (NodeSchemaLoader.java:loadSchemaFromFile(129)) - Loading schema from [jar:file:/home/runner/work/ozone/ozone/hadoop-hdds/common/target/hdds-common-2.0.0-SNAPSHOT.jar!/network-topology-default.xml]
2024-11-29 05:29:21,241 [main] INFO  net.NodeSchemaLoader (NodeSchemaLoader.java:loadSchema(176)) - Loading network topology layer schema file
2024-11-29 05:29:21,260 [main] INFO  http.BaseHttpServer (BaseHttpServer.java:newHttpServer2BuilderForOzone(223)) - Starting Web-server for ozoneManager at: http://0.0.0.0:15005
2024-11-29 05:29:21,260 [main] INFO  http.BaseHttpServer (BaseHttpServer.java:<init>(110)) - Hadoop Security Enabled: false Ozone Security Enabled: false Ozone HTTP Security Enabled: false 
2024-11-29 05:29:21,261 [main] WARN  server.AuthenticationFilter (AuthenticationFilter.java:constructSecretProvider(240)) - Unable to initialize FileSignerSecretProvider, falling back to use random secrets. Reason: Could not read signature secret file: /home/runner/hadoop-http-auth-signature-secret
2024-11-29 05:29:21,262 [main] INFO  http.HttpRequestLog (HttpRequestLog.java:getRequestLog(86)) - Http request log for http.requests.ozoneManager is not defined
2024-11-29 05:29:21,264 [main] INFO  http.HttpServer2 (HttpServer2.java:addGlobalFilter(1035)) - Added global filter 'safety' (class=org.apache.hadoop.hdds.server.http.HttpServer2$QuotingInputFilter)
2024-11-29 05:29:21,265 [main] INFO  http.HttpServer2 (HttpServer2.java:addFilter(1011)) - Added filter static_user_filter (class=org.apache.hadoop.http.lib.StaticUserWebFilter$StaticUserFilter) to context ozoneManager
2024-11-29 05:29:21,265 [main] INFO  http.HttpServer2 (HttpServer2.java:addFilter(1019)) - Added filter static_user_filter (class=org.apache.hadoop.http.lib.StaticUserWebFilter$StaticUserFilter) to context static
2024-11-29 05:29:21,265 [main] INFO  http.HttpServer2 (HttpServer2.java:addFilter(1019)) - Added filter static_user_filter (class=org.apache.hadoop.http.lib.StaticUserWebFilter$StaticUserFilter) to context logs
2024-11-29 05:29:21,266 [main] INFO  http.BaseHttpServer (BaseHttpServer.java:<init>(189)) - HTTP server of ozoneManager uses base directory /home/runner/work/ozone/ozone/hadoop-ozone/integration-test/target/test-dir/MiniOzoneClusterImpl-61f21677-568d-49d7-a2ee-8a05247fe249/ozone-meta/webserver
2024-11-29 05:29:21,268 [main] INFO  http.HttpServer2 (HttpServer2.java:bindListener(1235)) - Jetty bound to port 15005
2024-11-29 05:29:21,268 [main] INFO  server.Server (Server.java:doStart(375)) - jetty-9.4.56.v20240826; built: 2024-08-26T17:15:05.868Z; git: ec6782ff5ead824dabdcf47fa98f90a4aedff401; jvm 17.0.13+11
2024-11-29 05:29:21,274 [main] INFO  server.session (DefaultSessionIdManager.java:doStart(334)) - DefaultSessionIdManager workerName=node0
2024-11-29 05:29:21,274 [main] INFO  server.session (DefaultSessionIdManager.java:doStart(339)) - No SessionScavenger set, using defaults
2024-11-29 05:29:21,274 [main] INFO  server.session (HouseKeeper.java:startScavenging(132)) - node0 Scavenging every 660000ms
2024-11-29 05:29:21,275 [main] INFO  handler.ContextHandler (ContextHandler.java:doStart(921)) - Started o.e.j.s.ServletContextHandler@686d5284{logs,/logs,file:///home/runner/work/ozone/ozone/hadoop-ozone/integration-test/target/log,AVAILABLE}
2024-11-29 05:29:21,276 [main] INFO  handler.ContextHandler (ContextHandler.java:doStart(921)) - Started o.e.j.s.ServletContextHandler@66143420{static,/static,file:///home/runner/work/ozone/ozone/hadoop-ozone/integration-test/target/test-classes/webapps/static,AVAILABLE}
2024-11-29 05:29:21,288 [main] INFO  handler.ContextHandler (ContextHandler.java:doStart(921)) - Started o.e.j.w.WebAppContext@642ef710{ozoneManager,/,file:///home/runner/work/ozone/ozone/hadoop-ozone/integration-test/target/test-classes/webapps/ozoneManager/,AVAILABLE}{file:/home/runner/work/ozone/ozone/hadoop-ozone/integration-test/target/test-classes/webapps/ozoneManager}
2024-11-29 05:29:21,289 [main] INFO  server.AbstractConnector (AbstractConnector.java:doStart(333)) - Started ServerConnector@1f6b4aaa{HTTP/1.1, (http/1.1)}{0.0.0.0:15005}
2024-11-29 05:29:21,290 [main] INFO  server.Server (Server.java:doStart(415)) - Started @6455ms
2024-11-29 05:29:21,290 [main] WARN  impl.MetricsSystemImpl (MetricsSystemImpl.java:register(279)) - Sink prometheus already exists!
2024-11-29 05:29:21,291 [main] INFO  http.BaseHttpServer (BaseHttpServer.java:updateConnectorAddress(354)) - HTTP server of ozoneManager listening at http://0.0.0.0:15005
2024-11-29 05:29:21,291 [IPC Server Responder] INFO  ipc.Server (Server.java:run(1713)) - IPC Server Responder: starting
2024-11-29 05:29:21,291 [IPC Server listener on 15004] INFO  ipc.Server (Server.java:run(1553)) - IPC Server listener on 15004: starting
2024-11-29 05:29:21,351 [main] INFO  om.OzoneManager (OzoneManager.java:startTrashEmptier(2157)) - Trash Interval set to 0. Files deleted won't move to trash
2024-11-29 05:29:21,361 [main] INFO  db.CodecBuffer (CodecBuffer.java:set(63)) - Successfully set constructor to org.apache.hadoop.hdds.utils.db.CodecBuffer$$Lambda$1218/0x00007fa40874b798@50118662
2024-11-29 05:29:22,229 [om1@group-C5BA1605619E-FollowerState] INFO  impl.FollowerState (FollowerState.java:runImpl(161)) - om1@group-C5BA1605619E-FollowerState: change to CANDIDATE, lastRpcElapsedTime:1052573770ns, electionTimeout:1043ms
2024-11-29 05:29:22,230 [om1@group-C5BA1605619E-FollowerState] INFO  impl.RoleInfo (RoleInfo.java:shutdownFollowerState(121)) - om1: shutdown om1@group-C5BA1605619E-FollowerState
2024-11-29 05:29:22,230 [om1@group-C5BA1605619E-FollowerState] INFO  server.RaftServer$Division (RaftServerImpl.java:setRole(378)) - om1@group-C5BA1605619E: changes role from  FOLLOWER to CANDIDATE at term 0 for changeToCandidate
2024-11-29 05:29:22,235 [om1@group-C5BA1605619E-FollowerState] INFO  server.RaftServerConfigKeys (ConfUtils.java:logGet(46)) - raft.server.leaderelection.pre-vote = true (default)
2024-11-29 05:29:22,235 [om1@group-C5BA1605619E-FollowerState] INFO  impl.RoleInfo (RoleInfo.java:updateAndGet(148)) - om1: start om1@group-C5BA1605619E-LeaderElection1
2024-11-29 05:29:22,251 [om1@group-C5BA1605619E-LeaderElection1] INFO  impl.LeaderElection (LeaderElection.java:askForVotes(332)) - om1@group-C5BA1605619E-LeaderElection1 PRE_VOTE round 0: submit vote requests at term 0 for conf: {index: -1, cur=peers:[om1|localhost:15007]|listeners:[], old=null}
2024-11-29 05:29:22,264 [om1@group-C5BA1605619E-LeaderElection1] INFO  impl.LeaderElection (LeaderElection.java:askForVotes(334)) - om1@group-C5BA1605619E-LeaderElection1 PRE_VOTE round 0: result PASSED (term=0)
2024-11-29 05:29:22,275 [om1@group-C5BA1605619E-LeaderElection1] INFO  impl.LeaderElection (LeaderElection.java:askForVotes(332)) - om1@group-C5BA1605619E-LeaderElection1 ELECTION round 0: submit vote requests at term 1 for conf: {index: -1, cur=peers:[om1|localhost:15007]|listeners:[], old=null}
2024-11-29 05:29:22,275 [om1@group-C5BA1605619E-LeaderElection1] INFO  impl.LeaderElection (LeaderElection.java:askForVotes(334)) - om1@group-C5BA1605619E-LeaderElection1 ELECTION round 0: result PASSED (term=1)
2024-11-29 05:29:22,276 [om1@group-C5BA1605619E-LeaderElection1] INFO  impl.RoleInfo (RoleInfo.java:shutdownLeaderElection(141)) - om1: shutdown om1@group-C5BA1605619E-LeaderElection1
2024-11-29 05:29:22,277 [om1@group-C5BA1605619E-LeaderElection1] INFO  server.RaftServer$Division (RaftServerImpl.java:setRole(378)) - om1@group-C5BA1605619E: changes role from CANDIDATE to LEADER at term 1 for changeToLeader
2024-11-29 05:29:22,298 [om1@group-C5BA1605619E-LeaderElection1] INFO  server.RaftServerConfigKeys (ConfUtils.java:logGet(46)) - raft.server.staging.catchup.gap = 1000 (default)
2024-11-29 05:29:22,316 [om1@group-C5BA1605619E-LeaderElection1] INFO  server.RaftServerConfigKeys (ConfUtils.java:logGet(46)) - raft.server.write.element-limit = 4096 (default)
2024-11-29 05:29:22,317 [om1@group-C5BA1605619E-LeaderElection1] INFO  server.RaftServerConfigKeys (ConfUtils.java:logGet(46)) - raft.server.write.byte-limit = 64MB (=67108864) (default)
2024-11-29 05:29:22,335 [om1@group-C5BA1605619E-LeaderElection1] INFO  server.RaftServerConfigKeys (ConfUtils.java:logGet(46)) - raft.server.watch.timeout = 10s (default)
2024-11-29 05:29:22,335 [om1@group-C5BA1605619E-LeaderElection1] INFO  server.RaftServerConfigKeys (ConfUtils.java:logGet(46)) - raft.server.watch.timeout.denomination = 1s (default)
2024-11-29 05:29:22,336 [om1@group-C5BA1605619E-LeaderElection1] INFO  server.RaftServerConfigKeys (ConfUtils.java:logGet(46)) - raft.server.watch.element-limit = 65536 (default)
2024-11-29 05:29:22,368 [om1@group-C5BA1605619E-LeaderElection1] INFO  server.RaftServerConfigKeys (ConfUtils.java:logGet(46)) - raft.server.read.leader.lease.enabled = false (default)
2024-11-29 05:29:22,376 [om1@group-C5BA1605619E-LeaderElection1] INFO  server.RaftServerConfigKeys (ConfUtils.java:logGet(46)) - raft.server.read.leader.lease.timeout.ratio = 0.9 (default)
2024-11-29 05:29:22,377 [om1@group-C5BA1605619E-LeaderElection1] INFO  server.RaftServerConfigKeys (ConfUtils.java:logGet(46)) - raft.server.rpc.timeout.min = 1s (custom)
2024-11-29 05:29:22,378 [om1@group-C5BA1605619E-LeaderElection1] INFO  server.RaftServerConfigKeys (ConfUtils.java:logGet(46)) - raft.server.log.log-metadata.enabled = true (default)
2024-11-29 05:29:22,380 [om1@group-C5BA1605619E-LeaderElection1] INFO  server.RaftServerConfigKeys (ConfUtils.java:logGet(46)) - raft.server.write.element-limit = 4096 (default)
2024-11-29 05:29:22,380 [om1@group-C5BA1605619E-LeaderElection1] INFO  server.RaftServerConfigKeys (ConfUtils.java:logGet(46)) - raft.server.write.follower.gap.ratio.max = -1.0 (default)
2024-11-29 05:29:22,389 [om1@group-C5BA1605619E-LeaderElection1] INFO  impl.RoleInfo (RoleInfo.java:updateAndGet(148)) - om1: start om1@group-C5BA1605619E-LeaderStateImpl
2024-11-29 05:29:22,390 [om1@group-C5BA1605619E-LeaderElection1] INFO  server.RaftServer$Division (RaftServerImpl.java:setFirstElection(562)) - om1@group-C5BA1605619E: set firstElectionSinceStartup to false for becomeLeader
2024-11-29 05:29:22,405 [om1@group-C5BA1605619E-LeaderElection1] INFO  ratis.OzoneManagerStateMachine (OzoneManagerStateMachine.java:notifyLeaderChanged(164)) - om1@group-C5BA1605619E: leader changed to om1
2024-11-29 05:29:22,407 [om1@group-C5BA1605619E-LeaderElection1] INFO  server.RaftServer$Division (ServerState.java:setLeader(272)) - om1@group-C5BA1605619E: change Leader from null to om1 at term 1 for becomeLeader, leader elected after 2176ms
2024-11-29 05:29:22,467 [om1@group-C5BA1605619E-LeaderElection1] INFO  segmented.SegmentedRaftLogWorker (SegmentedRaftLogWorker.java:startLogSegment(438)) - om1@group-C5BA1605619E-SegmentedRaftLogWorker: Starting segment from index:0
2024-11-29 05:29:22,521 [om1@group-C5BA1605619E-LeaderElection1] INFO  server.RaftServer$Division (ServerState.java:setRaftConf(386)) - om1@group-C5BA1605619E: set configuration conf: {index: 0, cur=peers:[om1|localhost:15007]|listeners:[], old=null}
2024-11-29 05:29:22,581 [main] WARN  dropwizard3.Dm3MetricRegistriesImpl (Dm3MetricRegistriesImpl.java:addReporterRegistration(114)) - New reporters are added after registries were created. Some metrics will be missing from the reporter. Please add reporter before adding any new registry.
2024-11-29 05:29:22,582 [main] WARN  dropwizard3.Dm3MetricRegistriesImpl (Dm3MetricRegistriesImpl.java:addReporterRegistration(114)) - New reporters are added after registries were created. Some metrics will be missing from the reporter. Please add reporter before adding any new registry.
2024-11-29 05:29:22,583 [main] INFO  impl.MetricsSystemImpl (MetricsSystemImpl.java:init(158)) - HddsDatanode metrics system started (again)
2024-11-29 05:29:22,713 [om1@group-C5BA1605619E-SegmentedRaftLogWorker] INFO  segmented.BufferedWriteChannel (BufferedWriteChannel.java:open(61)) - open log_inprogress_0 at position 0
2024-11-29 05:29:22,742 [om1@group-C5BA1605619E-SegmentedRaftLogWorker] INFO  segmented.SegmentedRaftLogWorker (SegmentedRaftLogWorker.java:execute(644)) - om1@group-C5BA1605619E-SegmentedRaftLogWorker: created new log segment /home/runner/work/ozone/ozone/hadoop-ozone/integration-test/target/test-dir/MiniOzoneClusterImpl-61f21677-568d-49d7-a2ee-8a05247fe249/ozone-meta/ratis/bf265839-605b-3f16-9796-c5ba1605619e/current/log_inprogress_0
2024-11-29 05:29:22,760 [main] INFO  ozone.HddsDatanodeService (HddsDatanodeService.java:start(241)) - HddsDatanodeService host:fv-az1772-529 ip:10.1.0.13
2024-11-29 05:29:22,762 [om1@group-C5BA1605619E-StateMachineUpdater] INFO  ratis.OzoneManagerStateMachine (OzoneManagerStateMachine.java:notifyConfigurationChanged(226)) - notifyConfigurationChanged from Ratis: term=1, index=0, New Peer list: om1(localhost:15007)
2024-11-29 05:29:22,763 [om1@group-C5BA1605619E-StateMachineUpdater] INFO  server.RaftServer$Division (LeaderStateImpl.java:checkStartIndex(313)) - Leader om1@group-C5BA1605619E-LeaderStateImpl is ready since appliedIndex == startIndex == 0
2024-11-29 05:29:22,770 [main] INFO  upgrade.AbstractLayoutVersionManager (AbstractLayoutVersionManager.java:init(83)) - Initializing Layout version manager with metadata layout = HBASE_SUPPORT (version = 8), software layout = HBASE_SUPPORT (version = 8)
2024-11-29 05:29:22,777 [main] INFO  statemachine.DatanodeStateMachine (DatanodeStateMachine.java:getEndPointTaskThreadPoolSize(294)) - Datanode State Machine Task Thread Pool size 2
2024-11-29 05:29:22,931 [main] INFO  volume.HddsVolume (HddsVolume.java:<init>(134)) - Creating HddsVolume: /home/runner/work/ozone/ozone/hadoop-ozone/integration-test/target/test-dir/MiniOzoneClusterImpl-61f21677-568d-49d7-a2ee-8a05247fe249/ozone-meta/datanode-1/data-0/hdds of storage type : DISK capacity : 9222449699674390527
2024-11-29 05:29:22,937 [main] INFO  volume.MutableVolumeSet (MutableVolumeSet.java:initializeVolumeSet(174)) - Added Volume : /home/runner/work/ozone/ozone/hadoop-ozone/integration-test/target/test-dir/MiniOzoneClusterImpl-61f21677-568d-49d7-a2ee-8a05247fe249/ozone-meta/datanode-1/data-0/hdds to VolumeSet
2024-11-29 05:29:22,943 [main] INFO  volume.MutableVolumeSet (MutableVolumeSet.java:initializeVolumeSet(174)) - Added Volume : /home/runner/work/ozone/ozone/hadoop-ozone/integration-test/target/test-dir/MiniOzoneClusterImpl-61f21677-568d-49d7-a2ee-8a05247fe249/ozone-meta/datanode-1/ratis to VolumeSet
2024-11-29 05:29:22,952 [main] INFO  ozoneimpl.OzoneContainer (HddsVolumeUtil.java:loadAllHddsVolumeDbStore(103)) - Load 1 volumes DbStore cost: 2ms
2024-11-29 05:29:22,957 [main] WARN  db.DBStoreBuilder (DBStoreBuilder.java:getDBDirPath(172)) - ozone.scm.datanode.id.dir is not configured. We recommend adding this setting. Falling back to ozone.metadata.dirs instead.
2024-11-29 05:29:22,964 [main] WARN  db.DBStoreBuilder (DBStoreBuilder.java:getDBDirPath(172)) - ozone.scm.datanode.id.dir is not configured. We recommend adding this setting. Falling back to ozone.metadata.dirs instead.
2024-11-29 05:29:23,065 [main] INFO  impl.FilePerChunkStrategy (FilePerChunkStrategy.java:<init>(84)) - ozone.chunk.read.mapped.buffer.max.count is load with 0
2024-11-29 05:29:23,072 [main] INFO  impl.FilePerBlockStrategy (FilePerBlockStrategy.java:<init>(91)) - ozone.chunk.read.mapped.buffer.max.count is load with 0
2024-11-29 05:29:23,145 [main] INFO  audit.AuditLogger (AuditLogger.java:refreshDebugCmdSet(135)) - Refresh DebugCmdSet for DNAudit to [].
2024-11-29 05:29:23,206 [main] INFO  server.RaftServerConfigKeys (ConfUtils.java:logGet(46)) - raft.server.log.appender.buffer.byte-limit = 33554432 (custom)
2024-11-29 05:29:23,235 [main] INFO  server.RaftServer (ConfUtils.java:logGet(46)) - raft.rpc.type = GRPC (default)
2024-11-29 05:29:23,236 [main] INFO  grpc.GrpcConfigKeys (ConfUtils.java:logFallback(53)) - raft.grpc.admin.host = null (fallback to raft.grpc.server.host)
2024-11-29 05:29:23,236 [main] INFO  grpc.GrpcConfigKeys (ConfUtils.java:logGet(46)) - raft.grpc.admin.port = 15012 (custom)
2024-11-29 05:29:23,236 [main] INFO  grpc.GrpcConfigKeys (ConfUtils.java:logFallback(53)) - raft.grpc.client.host = null (fallback to raft.grpc.server.host)
2024-11-29 05:29:23,237 [main] INFO  grpc.GrpcConfigKeys (ConfUtils.java:logGet(46)) - raft.grpc.client.port = 15012 (custom)
2024-11-29 05:29:23,237 [main] INFO  grpc.GrpcConfigKeys (ConfUtils.java:logGet(46)) - raft.grpc.server.host = null (default)
2024-11-29 05:29:23,237 [main] INFO  grpc.GrpcConfigKeys (ConfUtils.java:logGet(46)) - raft.grpc.server.port = 15012 (custom)
2024-11-29 05:29:23,237 [main] INFO  server.GrpcService (ConfUtils.java:logGet(46)) - raft.grpc.message.size.max = 34603008 (custom)
2024-11-29 05:29:23,238 [main] INFO  server.GrpcService (ConfUtils.java:logGet(46)) - raft.grpc.flow.control.window = 5MB (=5242880) (custom)
2024-11-29 05:29:23,238 [main] INFO  server.RaftServerConfigKeys (ConfUtils.java:logGet(46)) - raft.server.rpc.request.timeout = 60s (custom)
2024-11-29 05:29:23,238 [main] INFO  grpc.GrpcConfigKeys (ConfUtils.java:logGet(46)) - raft.grpc.server.heartbeat.channel = true (default)
2024-11-29 05:29:23,238 [main] INFO  server.RaftServerConfigKeys (ConfUtils.java:logGet(46)) - raft.server.log.appender.buffer.byte-limit = 33554432 (custom)
2024-11-29 05:29:23,239 [main] INFO  grpc.GrpcConfigKeys (ConfUtils.java:logGet(46)) - raft.grpc.server.async.request.thread.pool.cached = true (default)
2024-11-29 05:29:23,239 [main] INFO  grpc.GrpcConfigKeys (ConfUtils.java:logGet(46)) - raft.grpc.server.async.request.thread.pool.size = 32 (default)
2024-11-29 05:29:23,241 [main] INFO  impl.DataStreamServerImpl (ConfUtils.java:logGet(46)) - raft.datastream.type = NETTY (custom)
2024-11-29 05:29:23,253 [main] INFO  server.RaftServerConfigKeys (ConfUtils.java:logGet(46)) - raft.server.data-stream.async.request.thread.pool.cached = false (default)
2024-11-29 05:29:23,253 [main] INFO  server.RaftServerConfigKeys (ConfUtils.java:logGet(46)) - raft.server.data-stream.async.request.thread.pool.size = 20 (custom)
2024-11-29 05:29:23,254 [main] INFO  server.RaftServerConfigKeys (ConfUtils.java:logGet(46)) - raft.server.data-stream.async.write.thread.pool.size = 16 (default)
2024-11-29 05:29:23,256 [main] INFO  netty.NettyConfigKeys$DataStream (ConfUtils.java:logGet(46)) - raft.netty.dataStream.server.channel.inactive.grace-period = 10min (default)
2024-11-29 05:29:23,257 [main] INFO  server.RaftServerConfigKeys (ConfUtils.java:logGet(46)) - raft.server.data-stream.client.pool.size = 10 (default)
2024-11-29 05:29:23,259 [main] INFO  netty.NettyConfigKeys$DataStream (ConfUtils.java:logGet(46)) - raft.netty.dataStream.server.use-epoll = true (default)
2024-11-29 05:29:23,260 [main] INFO  netty.NettyConfigKeys$DataStream (ConfUtils.java:logGet(46)) - raft.netty.dataStream.server.boss-group.size = 0 (default)
2024-11-29 05:29:23,261 [main] INFO  netty.NettyUtils (NettyUtils.java:newEventLoopGroup(74)) - Create EpollEventLoopGroup for 9c663db8-fa21-4bd9-8dc4-4774c554fbc4-NettyServerStreamRpc-bossGroup; Thread size is 0.
2024-11-29 05:29:23,262 [main] INFO  netty.NettyConfigKeys$DataStream (ConfUtils.java:logGet(46)) - raft.netty.dataStream.server.worker-group.size = 0 (default)
2024-11-29 05:29:23,262 [main] INFO  netty.NettyUtils (NettyUtils.java:newEventLoopGroup(74)) - Create EpollEventLoopGroup for 9c663db8-fa21-4bd9-8dc4-4774c554fbc4-NettyServerStreamRpc-workerGroup; Thread size is 0.
2024-11-29 05:29:23,264 [main] INFO  netty.NettyConfigKeys$DataStream (ConfUtils.java:logGet(46)) - raft.netty.dataStream.server.tls.conf = null (default)
2024-11-29 05:29:23,265 [main] INFO  netty.NettyConfigKeys$DataStream (ConfUtils.java:logGet(46)) - raft.netty.dataStream.host = null (default)
2024-11-29 05:29:23,266 [main] INFO  netty.NettyConfigKeys$DataStream (ConfUtils.java:logGet(46)) - raft.netty.dataStream.port = 15015 (custom)
2024-11-29 05:29:23,269 [main] INFO  server.RaftServerConfigKeys (ConfUtils.java:logGet(46)) - raft.server.sleep.deviation.threshold = 300ms (default)
2024-11-29 05:29:23,270 [main] INFO  server.RaftServerConfigKeys (ConfUtils.java:logGet(46)) - raft.server.close.threshold = 60s (default)
2024-11-29 05:29:23,270 [main] INFO  server.RaftServerConfigKeys (ConfUtils.java:logGet(46)) - raft.server.leaderelection.leader.step-down.wait-time = 10s (default)
2024-11-29 05:29:23,270 [main] INFO  server.RaftServerConfigKeys (ConfUtils.java:logGet(46)) - raft.server.storage.dir = [/home/runner/work/ozone/ozone/hadoop-ozone/integration-test/target/test-dir/MiniOzoneClusterImpl-61f21677-568d-49d7-a2ee-8a05247fe249/ozone-meta/datanode-1/ratis] (custom)
2024-11-29 05:29:23,270 [main] INFO  server.RaftServerConfigKeys (ConfUtils.java:logGet(46)) - raft.server.threadpool.proxy.cached = true (default)
2024-11-29 05:29:23,271 [main] INFO  server.RaftServerConfigKeys (ConfUtils.java:logGet(46)) - raft.server.threadpool.proxy.size = 0 (default)
2024-11-29 05:29:23,285 [9c663db8-fa21-4bd9-8dc4-4774c554fbc4-NettyServerStreamRpc-bossGroup--thread1] INFO  logging.LoggingHandler (AbstractInternalLogger.java:log(148)) - [id: 0xa59dd99d] REGISTERED
2024-11-29 05:29:23,285 [9c663db8-fa21-4bd9-8dc4-4774c554fbc4-NettyServerStreamRpc-bossGroup--thread1] INFO  logging.LoggingHandler (AbstractInternalLogger.java:log(148)) - [id: 0xa59dd99d] BIND: 0.0.0.0/0.0.0.0:15015
2024-11-29 05:29:23,286 [9c663db8-fa21-4bd9-8dc4-4774c554fbc4-NettyServerStreamRpc-bossGroup--thread1] INFO  logging.LoggingHandler (AbstractInternalLogger.java:log(148)) - [id: 0xa59dd99d, L:/0.0.0.0:15015] ACTIVE
2024-11-29 05:29:23,286 [9c663db8-fa21-4bd9-8dc4-4774c554fbc4-impl-thread1] INFO  server.RaftServer (RaftServerProxy.java:initGroupDir(265)) - 9c663db8-fa21-4bd9-8dc4-4774c554fbc4: found a subdirectory /home/runner/work/ozone/ozone/hadoop-ozone/integration-test/target/test-dir/MiniOzoneClusterImpl-61f21677-568d-49d7-a2ee-8a05247fe249/ozone-meta/datanode-1/ratis/tmp
2024-11-29 05:29:23,287 [9c663db8-fa21-4bd9-8dc4-4774c554fbc4-impl-thread1] INFO  server.RaftServer (RaftServerProxy.java:initGroupDir(270)) - 9c663db8-fa21-4bd9-8dc4-4774c554fbc4: The directory /home/runner/work/ozone/ozone/hadoop-ozone/integration-test/target/test-dir/MiniOzoneClusterImpl-61f21677-568d-49d7-a2ee-8a05247fe249/ozone-meta/datanode-1/ratis/tmp is not a group directory; ignoring it. 
2024-11-29 05:29:23,293 [main] INFO  replication.ReplicationServer (ReplicationServer.java:<init>(86)) - Initializing replication server with thread count = 10 queue length = 4096
2024-11-29 05:29:23,351 [main] INFO  server.XceiverServerGrpc (XceiverServerGrpc.java:<init>(135)) - GrpcServer channel type EpollServerSocketChannel
2024-11-29 05:29:23,419 [main] INFO  replication.ReplicationSupervisor (ReplicationSupervisor.java:build(171)) - Initializing replication supervisor with thread count = 10
2024-11-29 05:29:23,421 [main] INFO  replication.ReplicationSupervisor (ReplicationSupervisor.java:nodeStateUpdated(348)) - Node state updated to IN_SERVICE, scaling executor pool size to 10
2024-11-29 05:29:23,561 [main] INFO  lib.Interns (Interns.java:removeEldestEntry(50)) - Metrics intern cache overflow at 2011 for MetricsSystem={MetricsSystem=MetricsInfoImpl{name=MetricsSystem, description=MetricsSystem}, MetricsSystem record=MetricsInfoImpl{name=MetricsSystem, description=MetricsSystem record}}
2024-11-29 05:29:23,602 [main] INFO  http.BaseHttpServer (BaseHttpServer.java:newHttpServer2BuilderForOzone(223)) - Starting Web-server for hddsDatanode at: http://0.0.0.0:15009
2024-11-29 05:29:23,603 [main] INFO  http.BaseHttpServer (BaseHttpServer.java:<init>(110)) - Hadoop Security Enabled: false Ozone Security Enabled: false Ozone HTTP Security Enabled: false 
2024-11-29 05:29:23,609 [main] WARN  server.AuthenticationFilter (AuthenticationFilter.java:constructSecretProvider(240)) - Unable to initialize FileSignerSecretProvider, falling back to use random secrets. Reason: Could not read signature secret file: /home/runner/hadoop-http-auth-signature-secret
2024-11-29 05:29:23,615 [main] INFO  http.HttpRequestLog (HttpRequestLog.java:getRequestLog(86)) - Http request log for http.requests.hddsDatanode is not defined
2024-11-29 05:29:23,619 [main] INFO  http.HttpServer2 (HttpServer2.java:addGlobalFilter(1035)) - Added global filter 'safety' (class=org.apache.hadoop.hdds.server.http.HttpServer2$QuotingInputFilter)
2024-11-29 05:29:23,623 [main] INFO  http.HttpServer2 (HttpServer2.java:addFilter(1011)) - Added filter static_user_filter (class=org.apache.hadoop.http.lib.StaticUserWebFilter$StaticUserFilter) to context hddsDatanode
2024-11-29 05:29:23,623 [main] INFO  http.HttpServer2 (HttpServer2.java:addFilter(1019)) - Added filter static_user_filter (class=org.apache.hadoop.http.lib.StaticUserWebFilter$StaticUserFilter) to context static
2024-11-29 05:29:23,624 [main] INFO  http.HttpServer2 (HttpServer2.java:addFilter(1019)) - Added filter static_user_filter (class=org.apache.hadoop.http.lib.StaticUserWebFilter$StaticUserFilter) to context logs
2024-11-29 05:29:23,626 [main] INFO  http.BaseHttpServer (BaseHttpServer.java:<init>(189)) - HTTP server of hddsDatanode uses base directory /home/runner/work/ozone/ozone/hadoop-ozone/integration-test/target/test-dir/MiniOzoneClusterImpl-61f21677-568d-49d7-a2ee-8a05247fe249/ozone-meta/datanode-1/meta/webserver
2024-11-29 05:29:23,627 [main] INFO  http.HttpServer2 (HttpServer2.java:bindListener(1235)) - Jetty bound to port 15009
2024-11-29 05:29:23,628 [main] INFO  server.Server (Server.java:doStart(375)) - jetty-9.4.56.v20240826; built: 2024-08-26T17:15:05.868Z; git: ec6782ff5ead824dabdcf47fa98f90a4aedff401; jvm 17.0.13+11
2024-11-29 05:29:23,642 [main] INFO  server.session (DefaultSessionIdManager.java:doStart(334)) - DefaultSessionIdManager workerName=node0
2024-11-29 05:29:23,642 [main] INFO  server.session (DefaultSessionIdManager.java:doStart(339)) - No SessionScavenger set, using defaults
2024-11-29 05:29:23,642 [main] INFO  server.session (HouseKeeper.java:startScavenging(132)) - node0 Scavenging every 660000ms
2024-11-29 05:29:23,644 [main] INFO  handler.ContextHandler (ContextHandler.java:doStart(921)) - Started o.e.j.s.ServletContextHandler@2a333e5d{logs,/logs,file:///home/runner/work/ozone/ozone/hadoop-ozone/integration-test/target/log,AVAILABLE}
2024-11-29 05:29:23,645 [main] INFO  handler.ContextHandler (ContextHandler.java:doStart(921)) - Started o.e.j.s.ServletContextHandler@12c83e60{static,/static,jar:file:/home/runner/work/ozone/ozone/hadoop-hdds/container-service/target/hdds-container-service-2.0.0-SNAPSHOT.jar!/webapps/static,AVAILABLE}
2024-11-29 05:29:23,964 [main] INFO  handler.ContextHandler (ContextHandler.java:doStart(921)) - Started o.e.j.w.WebAppContext@71312bcb{hddsDatanode,/,file:///home/runner/work/ozone/ozone/hadoop-ozone/integration-test/target/test-dir/MiniOzoneClusterImpl-61f21677-568d-49d7-a2ee-8a05247fe249/ozone-meta/datanode-1/meta/webserver/jetty-0_0_0_0-15009-hdds-container-service-2_0_0-SNAPSHOT_jar-_-any-10551133831578560715/webapp/,AVAILABLE}{jar:file:/home/runner/work/ozone/ozone/hadoop-hdds/container-service/target/hdds-container-service-2.0.0-SNAPSHOT.jar!/webapps/hddsDatanode}
2024-11-29 05:29:23,967 [main] INFO  server.AbstractConnector (AbstractConnector.java:doStart(333)) - Started ServerConnector@7d8a546d{HTTP/1.1, (http/1.1)}{0.0.0.0:15009}
2024-11-29 05:29:23,967 [main] INFO  server.Server (Server.java:doStart(415)) - Started @9132ms
2024-11-29 05:29:23,968 [main] WARN  impl.MetricsSystemImpl (MetricsSystemImpl.java:register(279)) - Sink prometheus already exists!
2024-11-29 05:29:23,970 [main] INFO  http.BaseHttpServer (BaseHttpServer.java:updateConnectorAddress(354)) - HTTP server of hddsDatanode listening at http://0.0.0.0:15009
2024-11-29 05:29:23,975 [main] INFO  ipc.CallQueueManager (CallQueueManager.java:<init>(93)) - Using callQueue: class java.util.concurrent.LinkedBlockingQueue, queueCapacity: 1000, scheduler: class org.apache.hadoop.ipc.DefaultRpcScheduler, ipcBackoff: false, ipcFailOver: false.
2024-11-29 05:29:23,976 [main] INFO  ipc.Server (Server.java:<init>(1438)) - Listener at 0.0.0.0:15010
2024-11-29 05:29:23,976 [Socket Reader #1 for port 15010] INFO  ipc.Server (Server.java:run(1474)) - Starting Socket Reader #1 for port 15010
2024-11-29 05:29:23,977 [Socket Reader #2 for port 15010] INFO  ipc.Server (Server.java:run(1474)) - Starting Socket Reader #2 for port 15010
2024-11-29 05:29:23,977 [Socket Reader #3 for port 15010] INFO  ipc.Server (Server.java:run(1474)) - Starting Socket Reader #3 for port 15010
2024-11-29 05:29:23,978 [Socket Reader #4 for port 15010] INFO  ipc.Server (Server.java:run(1474)) - Starting Socket Reader #4 for port 15010
2024-11-29 05:29:23,978 [Socket Reader #5 for port 15010] INFO  ipc.Server (Server.java:run(1474)) - Starting Socket Reader #5 for port 15010
2024-11-29 05:29:23,978 [Socket Reader #6 for port 15010] INFO  ipc.Server (Server.java:run(1474)) - Starting Socket Reader #6 for port 15010
2024-11-29 05:29:23,979 [Socket Reader #7 for port 15010] INFO  ipc.Server (Server.java:run(1474)) - Starting Socket Reader #7 for port 15010
2024-11-29 05:29:23,979 [Socket Reader #8 for port 15010] INFO  ipc.Server (Server.java:run(1474)) - Starting Socket Reader #8 for port 15010
2024-11-29 05:29:23,980 [Socket Reader #9 for port 15010] INFO  ipc.Server (Server.java:run(1474)) - Starting Socket Reader #9 for port 15010
2024-11-29 05:29:23,981 [Socket Reader #10 for port 15010] INFO  ipc.Server (Server.java:run(1474)) - Starting Socket Reader #10 for port 15010
2024-11-29 05:29:23,984 [main] INFO  ozone.HddsDatanodeService (HddsDatanodeService.java:start(332)) - Datanode start with admins: [runner]
2024-11-29 05:29:23,984 [main] INFO  ozone.HddsDatanodeClientProtocolServer (HddsDatanodeClientProtocolServer.java:start(79)) - RPC server for Client /0.0.0.0:15010
2024-11-29 05:29:23,985 [IPC Server Responder] INFO  ipc.Server (Server.java:run(1713)) - IPC Server Responder: starting
2024-11-29 05:29:23,986 [IPC Server listener on 15010] INFO  ipc.Server (Server.java:run(1553)) - IPC Server listener on 15010: starting
2024-11-29 05:29:23,991 [main] WARN  dropwizard3.Dm3MetricRegistriesImpl (Dm3MetricRegistriesImpl.java:addReporterRegistration(114)) - New reporters are added after registries were created. Some metrics will be missing from the reporter. Please add reporter before adding any new registry.
2024-11-29 05:29:23,991 [main] WARN  dropwizard3.Dm3MetricRegistriesImpl (Dm3MetricRegistriesImpl.java:addReporterRegistration(114)) - New reporters are added after registries were created. Some metrics will be missing from the reporter. Please add reporter before adding any new registry.
2024-11-29 05:29:23,991 [main] INFO  impl.MetricsSystemImpl (MetricsSystemImpl.java:init(158)) - HddsDatanode metrics system started (again)
2024-11-29 05:29:24,022 [main] INFO  ozone.HddsDatanodeService (HddsDatanodeService.java:start(241)) - HddsDatanodeService host:fv-az1772-529 ip:10.1.0.13
2024-11-29 05:29:24,026 [9c663db8-fa21-4bd9-8dc4-4774c554fbc4-DatanodeStateMachineDaemonThread] INFO  statemachine.DatanodeStateMachine (DatanodeStateMachine.java:startStateMachineThread(337)) - Ozone container server started.
2024-11-29 05:29:24,029 [main] INFO  upgrade.AbstractLayoutVersionManager (AbstractLayoutVersionManager.java:init(83)) - Initializing Layout version manager with metadata layout = HBASE_SUPPORT (version = 8), software layout = HBASE_SUPPORT (version = 8)
2024-11-29 05:29:24,030 [main] INFO  statemachine.DatanodeStateMachine (DatanodeStateMachine.java:getEndPointTaskThreadPoolSize(294)) - Datanode State Machine Task Thread Pool size 2
2024-11-29 05:29:24,040 [main] INFO  volume.HddsVolume (HddsVolume.java:<init>(134)) - Creating HddsVolume: /home/runner/work/ozone/ozone/hadoop-ozone/integration-test/target/test-dir/MiniOzoneClusterImpl-61f21677-568d-49d7-a2ee-8a05247fe249/ozone-meta/datanode-2/data-0/hdds of storage type : DISK capacity : 9222449699674390527
2024-11-29 05:29:24,041 [main] INFO  volume.MutableVolumeSet (MutableVolumeSet.java:initializeVolumeSet(174)) - Added Volume : /home/runner/work/ozone/ozone/hadoop-ozone/integration-test/target/test-dir/MiniOzoneClusterImpl-61f21677-568d-49d7-a2ee-8a05247fe249/ozone-meta/datanode-2/data-0/hdds to VolumeSet
2024-11-29 05:29:24,046 [main] INFO  volume.MutableVolumeSet (MutableVolumeSet.java:initializeVolumeSet(174)) - Added Volume : /home/runner/work/ozone/ozone/hadoop-ozone/integration-test/target/test-dir/MiniOzoneClusterImpl-61f21677-568d-49d7-a2ee-8a05247fe249/ozone-meta/datanode-2/ratis to VolumeSet
2024-11-29 05:29:24,050 [main] INFO  ozoneimpl.OzoneContainer (HddsVolumeUtil.java:loadAllHddsVolumeDbStore(103)) - Load 1 volumes DbStore cost: 1ms
2024-11-29 05:29:24,051 [main] WARN  db.DBStoreBuilder (DBStoreBuilder.java:getDBDirPath(172)) - ozone.scm.datanode.id.dir is not configured. We recommend adding this setting. Falling back to ozone.metadata.dirs instead.
2024-11-29 05:29:24,055 [main] WARN  db.DBStoreBuilder (DBStoreBuilder.java:getDBDirPath(172)) - ozone.scm.datanode.id.dir is not configured. We recommend adding this setting. Falling back to ozone.metadata.dirs instead.
2024-11-29 05:29:24,089 [main] INFO  impl.FilePerChunkStrategy (FilePerChunkStrategy.java:<init>(84)) - ozone.chunk.read.mapped.buffer.max.count is load with 0
2024-11-29 05:29:24,090 [main] INFO  impl.FilePerBlockStrategy (FilePerBlockStrategy.java:<init>(91)) - ozone.chunk.read.mapped.buffer.max.count is load with 0
2024-11-29 05:29:24,098 [main] INFO  server.RaftServerConfigKeys (ConfUtils.java:logGet(46)) - raft.server.log.appender.buffer.byte-limit = 33554432 (custom)
2024-11-29 05:29:24,102 [main] INFO  server.RaftServer (ConfUtils.java:logGet(46)) - raft.rpc.type = GRPC (default)
2024-11-29 05:29:24,102 [main] INFO  grpc.GrpcConfigKeys (ConfUtils.java:logFallback(53)) - raft.grpc.admin.host = null (fallback to raft.grpc.server.host)
2024-11-29 05:29:24,103 [main] INFO  grpc.GrpcConfigKeys (ConfUtils.java:logGet(46)) - raft.grpc.admin.port = 15021 (custom)
2024-11-29 05:29:24,103 [main] INFO  grpc.GrpcConfigKeys (ConfUtils.java:logFallback(53)) - raft.grpc.client.host = null (fallback to raft.grpc.server.host)
2024-11-29 05:29:24,103 [main] INFO  grpc.GrpcConfigKeys (ConfUtils.java:logGet(46)) - raft.grpc.client.port = 15021 (custom)
2024-11-29 05:29:24,103 [main] INFO  grpc.GrpcConfigKeys (ConfUtils.java:logGet(46)) - raft.grpc.server.host = null (default)
2024-11-29 05:29:24,103 [main] INFO  grpc.GrpcConfigKeys (ConfUtils.java:logGet(46)) - raft.grpc.server.port = 15021 (custom)
2024-11-29 05:29:24,104 [main] INFO  server.GrpcService (ConfUtils.java:logGet(46)) - raft.grpc.message.size.max = 34603008 (custom)
2024-11-29 05:29:24,104 [main] INFO  server.GrpcService (ConfUtils.java:logGet(46)) - raft.grpc.flow.control.window = 5MB (=5242880) (custom)
2024-11-29 05:29:24,104 [main] INFO  server.RaftServerConfigKeys (ConfUtils.java:logGet(46)) - raft.server.rpc.request.timeout = 60s (custom)
2024-11-29 05:29:24,104 [main] INFO  grpc.GrpcConfigKeys (ConfUtils.java:logGet(46)) - raft.grpc.server.heartbeat.channel = true (default)
2024-11-29 05:29:24,104 [main] INFO  server.RaftServerConfigKeys (ConfUtils.java:logGet(46)) - raft.server.log.appender.buffer.byte-limit = 33554432 (custom)
2024-11-29 05:29:24,104 [main] INFO  grpc.GrpcConfigKeys (ConfUtils.java:logGet(46)) - raft.grpc.server.async.request.thread.pool.cached = true (default)
2024-11-29 05:29:24,105 [main] INFO  grpc.GrpcConfigKeys (ConfUtils.java:logGet(46)) - raft.grpc.server.async.request.thread.pool.size = 32 (default)
2024-11-29 05:29:24,106 [main] INFO  impl.DataStreamServerImpl (ConfUtils.java:logGet(46)) - raft.datastream.type = NETTY (custom)
2024-11-29 05:29:24,106 [main] INFO  server.RaftServerConfigKeys (ConfUtils.java:logGet(46)) - raft.server.data-stream.async.request.thread.pool.cached = false (default)
2024-11-29 05:29:24,107 [main] INFO  server.RaftServerConfigKeys (ConfUtils.java:logGet(46)) - raft.server.data-stream.async.request.thread.pool.size = 20 (custom)
2024-11-29 05:29:24,107 [main] INFO  server.RaftServerConfigKeys (ConfUtils.java:logGet(46)) - raft.server.data-stream.async.write.thread.pool.size = 16 (default)
2024-11-29 05:29:24,107 [main] INFO  netty.NettyConfigKeys$DataStream (ConfUtils.java:logGet(46)) - raft.netty.dataStream.server.channel.inactive.grace-period = 10min (default)
2024-11-29 05:29:24,107 [main] INFO  server.RaftServerConfigKeys (ConfUtils.java:logGet(46)) - raft.server.data-stream.client.pool.size = 10 (default)
2024-11-29 05:29:24,107 [main] INFO  netty.NettyConfigKeys$DataStream (ConfUtils.java:logGet(46)) - raft.netty.dataStream.server.use-epoll = true (default)
2024-11-29 05:29:24,108 [main] INFO  netty.NettyConfigKeys$DataStream (ConfUtils.java:logGet(46)) - raft.netty.dataStream.server.boss-group.size = 0 (default)
2024-11-29 05:29:24,108 [main] INFO  netty.NettyUtils (NettyUtils.java:newEventLoopGroup(74)) - Create EpollEventLoopGroup for ca425215-81ee-42b3-84d9-8ded1157efea-NettyServerStreamRpc-bossGroup; Thread size is 0.
2024-11-29 05:29:24,109 [main] INFO  netty.NettyConfigKeys$DataStream (ConfUtils.java:logGet(46)) - raft.netty.dataStream.server.worker-group.size = 0 (default)
2024-11-29 05:29:24,109 [main] INFO  netty.NettyUtils (NettyUtils.java:newEventLoopGroup(74)) - Create EpollEventLoopGroup for ca425215-81ee-42b3-84d9-8ded1157efea-NettyServerStreamRpc-workerGroup; Thread size is 0.
2024-11-29 05:29:24,110 [main] INFO  netty.NettyConfigKeys$DataStream (ConfUtils.java:logGet(46)) - raft.netty.dataStream.server.tls.conf = null (default)
2024-11-29 05:29:24,110 [main] INFO  netty.NettyConfigKeys$DataStream (ConfUtils.java:logGet(46)) - raft.netty.dataStream.host = null (default)
2024-11-29 05:29:24,110 [main] INFO  netty.NettyConfigKeys$DataStream (ConfUtils.java:logGet(46)) - raft.netty.dataStream.port = 15024 (custom)
2024-11-29 05:29:24,114 [main] INFO  server.RaftServerConfigKeys (ConfUtils.java:logGet(46)) - raft.server.sleep.deviation.threshold = 300ms (default)
2024-11-29 05:29:24,115 [main] INFO  server.RaftServerConfigKeys (ConfUtils.java:logGet(46)) - raft.server.close.threshold = 60s (default)
2024-11-29 05:29:24,115 [main] INFO  server.RaftServerConfigKeys (ConfUtils.java:logGet(46)) - raft.server.leaderelection.leader.step-down.wait-time = 10s (default)
2024-11-29 05:29:24,115 [main] INFO  server.RaftServerConfigKeys (ConfUtils.java:logGet(46)) - raft.server.storage.dir = [/home/runner/work/ozone/ozone/hadoop-ozone/integration-test/target/test-dir/MiniOzoneClusterImpl-61f21677-568d-49d7-a2ee-8a05247fe249/ozone-meta/datanode-2/ratis] (custom)
2024-11-29 05:29:24,115 [main] INFO  server.RaftServerConfigKeys (ConfUtils.java:logGet(46)) - raft.server.threadpool.proxy.cached = true (default)
2024-11-29 05:29:24,116 [main] INFO  server.RaftServerConfigKeys (ConfUtils.java:logGet(46)) - raft.server.threadpool.proxy.size = 0 (default)
2024-11-29 05:29:24,116 [ca425215-81ee-42b3-84d9-8ded1157efea-NettyServerStreamRpc-bossGroup--thread1] INFO  logging.LoggingHandler (AbstractInternalLogger.java:log(148)) - [id: 0x02a9f958] REGISTERED
2024-11-29 05:29:24,117 [ca425215-81ee-42b3-84d9-8ded1157efea-NettyServerStreamRpc-bossGroup--thread1] INFO  logging.LoggingHandler (AbstractInternalLogger.java:log(148)) - [id: 0x02a9f958] BIND: 0.0.0.0/0.0.0.0:15024
2024-11-29 05:29:24,117 [ca425215-81ee-42b3-84d9-8ded1157efea-NettyServerStreamRpc-bossGroup--thread1] INFO  logging.LoggingHandler (AbstractInternalLogger.java:log(148)) - [id: 0x02a9f958, L:/0.0.0.0:15024] ACTIVE
2024-11-29 05:29:24,119 [ca425215-81ee-42b3-84d9-8ded1157efea-impl-thread1] INFO  server.RaftServer (RaftServerProxy.java:initGroupDir(265)) - ca425215-81ee-42b3-84d9-8ded1157efea: found a subdirectory /home/runner/work/ozone/ozone/hadoop-ozone/integration-test/target/test-dir/MiniOzoneClusterImpl-61f21677-568d-49d7-a2ee-8a05247fe249/ozone-meta/datanode-2/ratis/tmp
2024-11-29 05:29:24,119 [ca425215-81ee-42b3-84d9-8ded1157efea-impl-thread1] INFO  server.RaftServer (RaftServerProxy.java:initGroupDir(270)) - ca425215-81ee-42b3-84d9-8ded1157efea: The directory /home/runner/work/ozone/ozone/hadoop-ozone/integration-test/target/test-dir/MiniOzoneClusterImpl-61f21677-568d-49d7-a2ee-8a05247fe249/ozone-meta/datanode-2/ratis/tmp is not a group directory; ignoring it. 
2024-11-29 05:29:24,119 [main] INFO  replication.ReplicationServer (ReplicationServer.java:<init>(86)) - Initializing replication server with thread count = 10 queue length = 4096
2024-11-29 05:29:24,121 [main] INFO  server.XceiverServerGrpc (XceiverServerGrpc.java:<init>(135)) - GrpcServer channel type EpollServerSocketChannel
2024-11-29 05:29:24,124 [main] INFO  replication.ReplicationSupervisor (ReplicationSupervisor.java:build(171)) - Initializing replication supervisor with thread count = 10
2024-11-29 05:29:24,125 [main] INFO  replication.ReplicationSupervisor (ReplicationSupervisor.java:nodeStateUpdated(348)) - Node state updated to IN_SERVICE, scaling executor pool size to 10
2024-11-29 05:29:24,133 [main] INFO  http.BaseHttpServer (BaseHttpServer.java:newHttpServer2BuilderForOzone(223)) - Starting Web-server for hddsDatanode at: http://0.0.0.0:15018
2024-11-29 05:29:24,133 [main] INFO  http.BaseHttpServer (BaseHttpServer.java:<init>(110)) - Hadoop Security Enabled: false Ozone Security Enabled: false Ozone HTTP Security Enabled: false 
2024-11-29 05:29:24,136 [main] WARN  server.AuthenticationFilter (AuthenticationFilter.java:constructSecretProvider(240)) - Unable to initialize FileSignerSecretProvider, falling back to use random secrets. Reason: Could not read signature secret file: /home/runner/hadoop-http-auth-signature-secret
2024-11-29 05:29:24,137 [main] INFO  http.HttpRequestLog (HttpRequestLog.java:getRequestLog(86)) - Http request log for http.requests.hddsDatanode is not defined
2024-11-29 05:29:24,140 [main] INFO  http.HttpServer2 (HttpServer2.java:addGlobalFilter(1035)) - Added global filter 'safety' (class=org.apache.hadoop.hdds.server.http.HttpServer2$QuotingInputFilter)
2024-11-29 05:29:24,143 [main] INFO  http.HttpServer2 (HttpServer2.java:addFilter(1011)) - Added filter static_user_filter (class=org.apache.hadoop.http.lib.StaticUserWebFilter$StaticUserFilter) to context hddsDatanode
2024-11-29 05:29:24,143 [main] INFO  http.HttpServer2 (HttpServer2.java:addFilter(1019)) - Added filter static_user_filter (class=org.apache.hadoop.http.lib.StaticUserWebFilter$StaticUserFilter) to context logs
2024-11-29 05:29:24,143 [main] INFO  http.HttpServer2 (HttpServer2.java:addFilter(1019)) - Added filter static_user_filter (class=org.apache.hadoop.http.lib.StaticUserWebFilter$StaticUserFilter) to context static
2024-11-29 05:29:24,144 [main] INFO  http.BaseHttpServer (BaseHttpServer.java:<init>(189)) - HTTP server of hddsDatanode uses base directory /home/runner/work/ozone/ozone/hadoop-ozone/integration-test/target/test-dir/MiniOzoneClusterImpl-61f21677-568d-49d7-a2ee-8a05247fe249/ozone-meta/datanode-2/meta/webserver
2024-11-29 05:29:24,144 [main] INFO  http.HttpServer2 (HttpServer2.java:bindListener(1235)) - Jetty bound to port 15018
2024-11-29 05:29:24,144 [main] INFO  server.Server (Server.java:doStart(375)) - jetty-9.4.56.v20240826; built: 2024-08-26T17:15:05.868Z; git: ec6782ff5ead824dabdcf47fa98f90a4aedff401; jvm 17.0.13+11
2024-11-29 05:29:24,221 [main] INFO  server.session (DefaultSessionIdManager.java:doStart(334)) - DefaultSessionIdManager workerName=node0
2024-11-29 05:29:24,225 [main] INFO  server.session (DefaultSessionIdManager.java:doStart(339)) - No SessionScavenger set, using defaults
2024-11-29 05:29:24,225 [main] INFO  server.session (HouseKeeper.java:startScavenging(132)) - node0 Scavenging every 600000ms
2024-11-29 05:29:24,228 [main] INFO  handler.ContextHandler (ContextHandler.java:doStart(921)) - Started o.e.j.s.ServletContextHandler@6b907f80{logs,/logs,file:///home/runner/work/ozone/ozone/hadoop-ozone/integration-test/target/log,AVAILABLE}
2024-11-29 05:29:24,230 [main] INFO  handler.ContextHandler (ContextHandler.java:doStart(921)) - Started o.e.j.s.ServletContextHandler@40d8cb26{static,/static,jar:file:/home/runner/work/ozone/ozone/hadoop-hdds/container-service/target/hdds-container-service-2.0.0-SNAPSHOT.jar!/webapps/static,AVAILABLE}
2024-11-29 05:29:24,225 [9c663db8-fa21-4bd9-8dc4-4774c554fbc4-DatanodeStateMachineTaskThread-0] INFO  datanode.InitDatanodeState (InitDatanodeState.java:persistContainerDatanodeDetails(139)) - DatanodeDetails is persisted to /home/runner/work/ozone/ozone/hadoop-ozone/integration-test/target/test-dir/MiniOzoneClusterImpl-61f21677-568d-49d7-a2ee-8a05247fe249/ozone-meta/datanode-1/meta/datanode.id
2024-11-29 05:29:24,456 [main] INFO  handler.ContextHandler (ContextHandler.java:doStart(921)) - Started o.e.j.w.WebAppContext@2fec2afa{hddsDatanode,/,file:///home/runner/work/ozone/ozone/hadoop-ozone/integration-test/target/test-dir/MiniOzoneClusterImpl-61f21677-568d-49d7-a2ee-8a05247fe249/ozone-meta/datanode-2/meta/webserver/jetty-0_0_0_0-15018-hdds-container-service-2_0_0-SNAPSHOT_jar-_-any-400233245384599732/webapp/,AVAILABLE}{jar:file:/home/runner/work/ozone/ozone/hadoop-hdds/container-service/target/hdds-container-service-2.0.0-SNAPSHOT.jar!/webapps/hddsDatanode}
2024-11-29 05:29:24,457 [main] INFO  server.AbstractConnector (AbstractConnector.java:doStart(333)) - Started ServerConnector@7f4358b8{HTTP/1.1, (http/1.1)}{0.0.0.0:15018}
2024-11-29 05:29:24,457 [main] INFO  server.Server (Server.java:doStart(415)) - Started @9622ms
2024-11-29 05:29:24,457 [main] WARN  impl.MetricsSystemImpl (MetricsSystemImpl.java:register(279)) - Sink prometheus already exists!
2024-11-29 05:29:24,458 [main] INFO  http.BaseHttpServer (BaseHttpServer.java:updateConnectorAddress(354)) - HTTP server of hddsDatanode listening at http://0.0.0.0:15018
2024-11-29 05:29:24,459 [main] INFO  ipc.CallQueueManager (CallQueueManager.java:<init>(93)) - Using callQueue: class java.util.concurrent.LinkedBlockingQueue, queueCapacity: 1000, scheduler: class org.apache.hadoop.ipc.DefaultRpcScheduler, ipcBackoff: false, ipcFailOver: false.
2024-11-29 05:29:24,459 [main] INFO  ipc.Server (Server.java:<init>(1438)) - Listener at 0.0.0.0:15019
2024-11-29 05:29:24,461 [Socket Reader #1 for port 15019] INFO  ipc.Server (Server.java:run(1474)) - Starting Socket Reader #1 for port 15019
2024-11-29 05:29:24,464 [Socket Reader #2 for port 15019] INFO  ipc.Server (Server.java:run(1474)) - Starting Socket Reader #2 for port 15019
2024-11-29 05:29:24,470 [Socket Reader #3 for port 15019] INFO  ipc.Server (Server.java:run(1474)) - Starting Socket Reader #3 for port 15019
2024-11-29 05:29:24,471 [Socket Reader #4 for port 15019] INFO  ipc.Server (Server.java:run(1474)) - Starting Socket Reader #4 for port 15019
2024-11-29 05:29:24,474 [Socket Reader #5 for port 15019] INFO  ipc.Server (Server.java:run(1474)) - Starting Socket Reader #5 for port 15019
2024-11-29 05:29:24,474 [Socket Reader #6 for port 15019] INFO  ipc.Server (Server.java:run(1474)) - Starting Socket Reader #6 for port 15019
2024-11-29 05:29:24,478 [Socket Reader #7 for port 15019] INFO  ipc.Server (Server.java:run(1474)) - Starting Socket Reader #7 for port 15019
2024-11-29 05:29:24,480 [Socket Reader #8 for port 15019] INFO  ipc.Server (Server.java:run(1474)) - Starting Socket Reader #8 for port 15019
2024-11-29 05:29:24,488 [main] INFO  ozone.HddsDatanodeService (HddsDatanodeService.java:start(332)) - Datanode start with admins: [runner]
2024-11-29 05:29:24,483 [Socket Reader #10 for port 15019] INFO  ipc.Server (Server.java:run(1474)) - Starting Socket Reader #10 for port 15019
2024-11-29 05:29:24,482 [Socket Reader #9 for port 15019] INFO  ipc.Server (Server.java:run(1474)) - Starting Socket Reader #9 for port 15019
2024-11-29 05:29:24,489 [main] INFO  ozone.HddsDatanodeClientProtocolServer (HddsDatanodeClientProtocolServer.java:start(79)) - RPC server for Client /0.0.0.0:15019
2024-11-29 05:29:24,494 [IPC Server Responder] INFO  ipc.Server (Server.java:run(1713)) - IPC Server Responder: starting
2024-11-29 05:29:24,495 [IPC Server listener on 15019] INFO  ipc.Server (Server.java:run(1553)) - IPC Server listener on 15019: starting
2024-11-29 05:29:24,507 [main] WARN  dropwizard3.Dm3MetricRegistriesImpl (Dm3MetricRegistriesImpl.java:addReporterRegistration(114)) - New reporters are added after registries were created. Some metrics will be missing from the reporter. Please add reporter before adding any new registry.
2024-11-29 05:29:24,507 [main] WARN  dropwizard3.Dm3MetricRegistriesImpl (Dm3MetricRegistriesImpl.java:addReporterRegistration(114)) - New reporters are added after registries were created. Some metrics will be missing from the reporter. Please add reporter before adding any new registry.
2024-11-29 05:29:24,507 [main] INFO  impl.MetricsSystemImpl (MetricsSystemImpl.java:init(158)) - HddsDatanode metrics system started (again)
2024-11-29 05:29:24,526 [ca425215-81ee-42b3-84d9-8ded1157efea-DatanodeStateMachineDaemonThread] INFO  statemachine.DatanodeStateMachine (DatanodeStateMachine.java:startStateMachineThread(337)) - Ozone container server started.
2024-11-29 05:29:24,538 [ca425215-81ee-42b3-84d9-8ded1157efea-DatanodeStateMachineTaskThread-0] INFO  datanode.InitDatanodeState (InitDatanodeState.java:persistContainerDatanodeDetails(139)) - DatanodeDetails is persisted to /home/runner/work/ozone/ozone/hadoop-ozone/integration-test/target/test-dir/MiniOzoneClusterImpl-61f21677-568d-49d7-a2ee-8a05247fe249/ozone-meta/datanode-2/meta/datanode.id
2024-11-29 05:29:24,546 [main] INFO  ozone.HddsDatanodeService (HddsDatanodeService.java:start(241)) - HddsDatanodeService host:fv-az1772-529 ip:10.1.0.13
2024-11-29 05:29:24,552 [main] INFO  upgrade.AbstractLayoutVersionManager (AbstractLayoutVersionManager.java:init(83)) - Initializing Layout version manager with metadata layout = HBASE_SUPPORT (version = 8), software layout = HBASE_SUPPORT (version = 8)
2024-11-29 05:29:24,553 [main] INFO  statemachine.DatanodeStateMachine (DatanodeStateMachine.java:getEndPointTaskThreadPoolSize(294)) - Datanode State Machine Task Thread Pool size 2
2024-11-29 05:29:24,558 [main] INFO  volume.HddsVolume (HddsVolume.java:<init>(134)) - Creating HddsVolume: /home/runner/work/ozone/ozone/hadoop-ozone/integration-test/target/test-dir/MiniOzoneClusterImpl-61f21677-568d-49d7-a2ee-8a05247fe249/ozone-meta/datanode-3/data-0/hdds of storage type : DISK capacity : 9222449699674390527
2024-11-29 05:29:24,558 [main] INFO  volume.MutableVolumeSet (MutableVolumeSet.java:initializeVolumeSet(174)) - Added Volume : /home/runner/work/ozone/ozone/hadoop-ozone/integration-test/target/test-dir/MiniOzoneClusterImpl-61f21677-568d-49d7-a2ee-8a05247fe249/ozone-meta/datanode-3/data-0/hdds to VolumeSet
2024-11-29 05:29:24,560 [main] INFO  volume.MutableVolumeSet (MutableVolumeSet.java:initializeVolumeSet(174)) - Added Volume : /home/runner/work/ozone/ozone/hadoop-ozone/integration-test/target/test-dir/MiniOzoneClusterImpl-61f21677-568d-49d7-a2ee-8a05247fe249/ozone-meta/datanode-3/ratis to VolumeSet
2024-11-29 05:29:24,562 [main] INFO  ozoneimpl.OzoneContainer (HddsVolumeUtil.java:loadAllHddsVolumeDbStore(103)) - Load 1 volumes DbStore cost: 1ms
2024-11-29 05:29:24,562 [main] WARN  db.DBStoreBuilder (DBStoreBuilder.java:getDBDirPath(172)) - ozone.scm.datanode.id.dir is not configured. We recommend adding this setting. Falling back to ozone.metadata.dirs instead.
2024-11-29 05:29:24,563 [main] WARN  db.DBStoreBuilder (DBStoreBuilder.java:getDBDirPath(172)) - ozone.scm.datanode.id.dir is not configured. We recommend adding this setting. Falling back to ozone.metadata.dirs instead.
2024-11-29 05:29:24,584 [main] INFO  impl.FilePerChunkStrategy (FilePerChunkStrategy.java:<init>(84)) - ozone.chunk.read.mapped.buffer.max.count is load with 0
2024-11-29 05:29:24,584 [main] INFO  impl.FilePerBlockStrategy (FilePerBlockStrategy.java:<init>(91)) - ozone.chunk.read.mapped.buffer.max.count is load with 0
2024-11-29 05:29:24,586 [main] INFO  server.RaftServerConfigKeys (ConfUtils.java:logGet(46)) - raft.server.log.appender.buffer.byte-limit = 33554432 (custom)
2024-11-29 05:29:24,589 [main] INFO  server.RaftServer (ConfUtils.java:logGet(46)) - raft.rpc.type = GRPC (default)
2024-11-29 05:29:24,590 [main] INFO  grpc.GrpcConfigKeys (ConfUtils.java:logFallback(53)) - raft.grpc.admin.host = null (fallback to raft.grpc.server.host)
2024-11-29 05:29:24,590 [main] INFO  grpc.GrpcConfigKeys (ConfUtils.java:logGet(46)) - raft.grpc.admin.port = 15030 (custom)
2024-11-29 05:29:24,590 [main] INFO  grpc.GrpcConfigKeys (ConfUtils.java:logFallback(53)) - raft.grpc.client.host = null (fallback to raft.grpc.server.host)
2024-11-29 05:29:24,590 [main] INFO  grpc.GrpcConfigKeys (ConfUtils.java:logGet(46)) - raft.grpc.client.port = 15030 (custom)
2024-11-29 05:29:24,590 [main] INFO  grpc.GrpcConfigKeys (ConfUtils.java:logGet(46)) - raft.grpc.server.host = null (default)
2024-11-29 05:29:24,591 [main] INFO  grpc.GrpcConfigKeys (ConfUtils.java:logGet(46)) - raft.grpc.server.port = 15030 (custom)
2024-11-29 05:29:24,591 [main] INFO  server.GrpcService (ConfUtils.java:logGet(46)) - raft.grpc.message.size.max = 34603008 (custom)
2024-11-29 05:29:24,591 [main] INFO  server.GrpcService (ConfUtils.java:logGet(46)) - raft.grpc.flow.control.window = 5MB (=5242880) (custom)
2024-11-29 05:29:24,591 [main] INFO  server.RaftServerConfigKeys (ConfUtils.java:logGet(46)) - raft.server.rpc.request.timeout = 60s (custom)
2024-11-29 05:29:24,592 [main] INFO  grpc.GrpcConfigKeys (ConfUtils.java:logGet(46)) - raft.grpc.server.heartbeat.channel = true (default)
2024-11-29 05:29:24,592 [main] INFO  server.RaftServerConfigKeys (ConfUtils.java:logGet(46)) - raft.server.log.appender.buffer.byte-limit = 33554432 (custom)
2024-11-29 05:29:24,592 [main] INFO  grpc.GrpcConfigKeys (ConfUtils.java:logGet(46)) - raft.grpc.server.async.request.thread.pool.cached = true (default)
2024-11-29 05:29:24,592 [main] INFO  grpc.GrpcConfigKeys (ConfUtils.java:logGet(46)) - raft.grpc.server.async.request.thread.pool.size = 32 (default)
2024-11-29 05:29:24,593 [main] INFO  impl.DataStreamServerImpl (ConfUtils.java:logGet(46)) - raft.datastream.type = NETTY (custom)
2024-11-29 05:29:24,594 [main] INFO  server.RaftServerConfigKeys (ConfUtils.java:logGet(46)) - raft.server.data-stream.async.request.thread.pool.cached = false (default)
2024-11-29 05:29:24,594 [main] INFO  server.RaftServerConfigKeys (ConfUtils.java:logGet(46)) - raft.server.data-stream.async.request.thread.pool.size = 20 (custom)
2024-11-29 05:29:24,595 [main] INFO  server.RaftServerConfigKeys (ConfUtils.java:logGet(46)) - raft.server.data-stream.async.write.thread.pool.size = 16 (default)
2024-11-29 05:29:24,595 [main] INFO  netty.NettyConfigKeys$DataStream (ConfUtils.java:logGet(46)) - raft.netty.dataStream.server.channel.inactive.grace-period = 10min (default)
2024-11-29 05:29:24,595 [main] INFO  server.RaftServerConfigKeys (ConfUtils.java:logGet(46)) - raft.server.data-stream.client.pool.size = 10 (default)
2024-11-29 05:29:24,595 [main] INFO  netty.NettyConfigKeys$DataStream (ConfUtils.java:logGet(46)) - raft.netty.dataStream.server.use-epoll = true (default)
2024-11-29 05:29:24,595 [main] INFO  netty.NettyConfigKeys$DataStream (ConfUtils.java:logGet(46)) - raft.netty.dataStream.server.boss-group.size = 0 (default)
2024-11-29 05:29:24,596 [main] INFO  netty.NettyUtils (NettyUtils.java:newEventLoopGroup(74)) - Create EpollEventLoopGroup for 46c085ae-d173-483e-a797-bf073fdc6d33-NettyServerStreamRpc-bossGroup; Thread size is 0.
2024-11-29 05:29:24,597 [main] INFO  netty.NettyConfigKeys$DataStream (ConfUtils.java:logGet(46)) - raft.netty.dataStream.server.worker-group.size = 0 (default)
2024-11-29 05:29:24,597 [main] INFO  netty.NettyUtils (NettyUtils.java:newEventLoopGroup(74)) - Create EpollEventLoopGroup for 46c085ae-d173-483e-a797-bf073fdc6d33-NettyServerStreamRpc-workerGroup; Thread size is 0.
2024-11-29 05:29:24,598 [main] INFO  netty.NettyConfigKeys$DataStream (ConfUtils.java:logGet(46)) - raft.netty.dataStream.server.tls.conf = null (default)
2024-11-29 05:29:24,598 [main] INFO  netty.NettyConfigKeys$DataStream (ConfUtils.java:logGet(46)) - raft.netty.dataStream.host = null (default)
2024-11-29 05:29:24,598 [main] INFO  netty.NettyConfigKeys$DataStream (ConfUtils.java:logGet(46)) - raft.netty.dataStream.port = 15033 (custom)
2024-11-29 05:29:24,601 [main] INFO  server.RaftServerConfigKeys (ConfUtils.java:logGet(46)) - raft.server.sleep.deviation.threshold = 300ms (default)
2024-11-29 05:29:24,601 [main] INFO  server.RaftServerConfigKeys (ConfUtils.java:logGet(46)) - raft.server.close.threshold = 60s (default)
2024-11-29 05:29:24,601 [main] INFO  server.RaftServerConfigKeys (ConfUtils.java:logGet(46)) - raft.server.leaderelection.leader.step-down.wait-time = 10s (default)
2024-11-29 05:29:24,602 [main] INFO  server.RaftServerConfigKeys (ConfUtils.java:logGet(46)) - raft.server.storage.dir = [/home/runner/work/ozone/ozone/hadoop-ozone/integration-test/target/test-dir/MiniOzoneClusterImpl-61f21677-568d-49d7-a2ee-8a05247fe249/ozone-meta/datanode-3/ratis] (custom)
2024-11-29 05:29:24,602 [main] INFO  server.RaftServerConfigKeys (ConfUtils.java:logGet(46)) - raft.server.threadpool.proxy.cached = true (default)
2024-11-29 05:29:24,602 [main] INFO  server.RaftServerConfigKeys (ConfUtils.java:logGet(46)) - raft.server.threadpool.proxy.size = 0 (default)
2024-11-29 05:29:24,603 [46c085ae-d173-483e-a797-bf073fdc6d33-NettyServerStreamRpc-bossGroup--thread1] INFO  logging.LoggingHandler (AbstractInternalLogger.java:log(148)) - [id: 0xc8a36cc9] REGISTERED
2024-11-29 05:29:24,604 [46c085ae-d173-483e-a797-bf073fdc6d33-NettyServerStreamRpc-bossGroup--thread1] INFO  logging.LoggingHandler (AbstractInternalLogger.java:log(148)) - [id: 0xc8a36cc9] BIND: 0.0.0.0/0.0.0.0:15033
2024-11-29 05:29:24,605 [46c085ae-d173-483e-a797-bf073fdc6d33-NettyServerStreamRpc-bossGroup--thread1] INFO  logging.LoggingHandler (AbstractInternalLogger.java:log(148)) - [id: 0xc8a36cc9, L:/0.0.0.0:15033] ACTIVE
2024-11-29 05:29:24,607 [46c085ae-d173-483e-a797-bf073fdc6d33-impl-thread1] INFO  server.RaftServer (RaftServerProxy.java:initGroupDir(265)) - 46c085ae-d173-483e-a797-bf073fdc6d33: found a subdirectory /home/runner/work/ozone/ozone/hadoop-ozone/integration-test/target/test-dir/MiniOzoneClusterImpl-61f21677-568d-49d7-a2ee-8a05247fe249/ozone-meta/datanode-3/ratis/tmp
2024-11-29 05:29:24,607 [46c085ae-d173-483e-a797-bf073fdc6d33-impl-thread1] INFO  server.RaftServer (RaftServerProxy.java:initGroupDir(270)) - 46c085ae-d173-483e-a797-bf073fdc6d33: The directory /home/runner/work/ozone/ozone/hadoop-ozone/integration-test/target/test-dir/MiniOzoneClusterImpl-61f21677-568d-49d7-a2ee-8a05247fe249/ozone-meta/datanode-3/ratis/tmp is not a group directory; ignoring it. 
2024-11-29 05:29:24,608 [main] INFO  replication.ReplicationServer (ReplicationServer.java:<init>(86)) - Initializing replication server with thread count = 10 queue length = 4096
2024-11-29 05:29:24,610 [main] INFO  server.XceiverServerGrpc (XceiverServerGrpc.java:<init>(135)) - GrpcServer channel type EpollServerSocketChannel
2024-11-29 05:29:24,613 [main] INFO  replication.ReplicationSupervisor (ReplicationSupervisor.java:build(171)) - Initializing replication supervisor with thread count = 10
2024-11-29 05:29:24,613 [main] INFO  replication.ReplicationSupervisor (ReplicationSupervisor.java:nodeStateUpdated(348)) - Node state updated to IN_SERVICE, scaling executor pool size to 10
2024-11-29 05:29:24,618 [main] INFO  http.BaseHttpServer (BaseHttpServer.java:newHttpServer2BuilderForOzone(223)) - Starting Web-server for hddsDatanode at: http://0.0.0.0:15027
2024-11-29 05:29:24,618 [main] INFO  http.BaseHttpServer (BaseHttpServer.java:<init>(110)) - Hadoop Security Enabled: false Ozone Security Enabled: false Ozone HTTP Security Enabled: false 
2024-11-29 05:29:24,621 [main] WARN  server.AuthenticationFilter (AuthenticationFilter.java:constructSecretProvider(240)) - Unable to initialize FileSignerSecretProvider, falling back to use random secrets. Reason: Could not read signature secret file: /home/runner/hadoop-http-auth-signature-secret
2024-11-29 05:29:24,631 [main] INFO  http.HttpRequestLog (HttpRequestLog.java:getRequestLog(86)) - Http request log for http.requests.hddsDatanode is not defined
2024-11-29 05:29:24,634 [main] INFO  http.HttpServer2 (HttpServer2.java:addGlobalFilter(1035)) - Added global filter 'safety' (class=org.apache.hadoop.hdds.server.http.HttpServer2$QuotingInputFilter)
2024-11-29 05:29:24,636 [main] INFO  http.HttpServer2 (HttpServer2.java:addFilter(1011)) - Added filter static_user_filter (class=org.apache.hadoop.http.lib.StaticUserWebFilter$StaticUserFilter) to context hddsDatanode
2024-11-29 05:29:24,636 [main] INFO  http.HttpServer2 (HttpServer2.java:addFilter(1019)) - Added filter static_user_filter (class=org.apache.hadoop.http.lib.StaticUserWebFilter$StaticUserFilter) to context logs
2024-11-29 05:29:24,637 [main] INFO  http.HttpServer2 (HttpServer2.java:addFilter(1019)) - Added filter static_user_filter (class=org.apache.hadoop.http.lib.StaticUserWebFilter$StaticUserFilter) to context static
2024-11-29 05:29:24,637 [main] INFO  http.BaseHttpServer (BaseHttpServer.java:<init>(189)) - HTTP server of hddsDatanode uses base directory /home/runner/work/ozone/ozone/hadoop-ozone/integration-test/target/test-dir/MiniOzoneClusterImpl-61f21677-568d-49d7-a2ee-8a05247fe249/ozone-meta/datanode-3/meta/webserver
2024-11-29 05:29:24,638 [main] INFO  http.HttpServer2 (HttpServer2.java:bindListener(1235)) - Jetty bound to port 15027
2024-11-29 05:29:24,638 [main] INFO  server.Server (Server.java:doStart(375)) - jetty-9.4.56.v20240826; built: 2024-08-26T17:15:05.868Z; git: ec6782ff5ead824dabdcf47fa98f90a4aedff401; jvm 17.0.13+11
2024-11-29 05:29:24,640 [main] INFO  server.session (DefaultSessionIdManager.java:doStart(334)) - DefaultSessionIdManager workerName=node0
2024-11-29 05:29:24,640 [main] INFO  server.session (DefaultSessionIdManager.java:doStart(339)) - No SessionScavenger set, using defaults
2024-11-29 05:29:24,640 [main] INFO  server.session (HouseKeeper.java:startScavenging(132)) - node0 Scavenging every 660000ms
2024-11-29 05:29:24,641 [main] INFO  handler.ContextHandler (ContextHandler.java:doStart(921)) - Started o.e.j.s.ServletContextHandler@28af6afe{logs,/logs,file:///home/runner/work/ozone/ozone/hadoop-ozone/integration-test/target/log,AVAILABLE}
2024-11-29 05:29:24,642 [main] INFO  handler.ContextHandler (ContextHandler.java:doStart(921)) - Started o.e.j.s.ServletContextHandler@3b5c7033{static,/static,jar:file:/home/runner/work/ozone/ozone/hadoop-hdds/container-service/target/hdds-container-service-2.0.0-SNAPSHOT.jar!/webapps/static,AVAILABLE}
2024-11-29 05:29:24,924 [main] INFO  handler.ContextHandler (ContextHandler.java:doStart(921)) - Started o.e.j.w.WebAppContext@503224b4{hddsDatanode,/,file:///home/runner/work/ozone/ozone/hadoop-ozone/integration-test/target/test-dir/MiniOzoneClusterImpl-61f21677-568d-49d7-a2ee-8a05247fe249/ozone-meta/datanode-3/meta/webserver/jetty-0_0_0_0-15027-hdds-container-service-2_0_0-SNAPSHOT_jar-_-any-13089540011565649976/webapp/,AVAILABLE}{jar:file:/home/runner/work/ozone/ozone/hadoop-hdds/container-service/target/hdds-container-service-2.0.0-SNAPSHOT.jar!/webapps/hddsDatanode}
2024-11-29 05:29:24,927 [main] INFO  server.AbstractConnector (AbstractConnector.java:doStart(333)) - Started ServerConnector@438e6a90{HTTP/1.1, (http/1.1)}{0.0.0.0:15027}
2024-11-29 05:29:24,928 [main] INFO  server.Server (Server.java:doStart(415)) - Started @10093ms
2024-11-29 05:29:24,928 [main] WARN  impl.MetricsSystemImpl (MetricsSystemImpl.java:register(279)) - Sink prometheus already exists!
2024-11-29 05:29:24,929 [main] INFO  http.BaseHttpServer (BaseHttpServer.java:updateConnectorAddress(354)) - HTTP server of hddsDatanode listening at http://0.0.0.0:15027
2024-11-29 05:29:24,929 [main] INFO  ipc.CallQueueManager (CallQueueManager.java:<init>(93)) - Using callQueue: class java.util.concurrent.LinkedBlockingQueue, queueCapacity: 1000, scheduler: class org.apache.hadoop.ipc.DefaultRpcScheduler, ipcBackoff: false, ipcFailOver: false.
2024-11-29 05:29:24,930 [main] INFO  ipc.Server (Server.java:<init>(1438)) - Listener at 0.0.0.0:15028
2024-11-29 05:29:24,931 [Socket Reader #1 for port 15028] INFO  ipc.Server (Server.java:run(1474)) - Starting Socket Reader #1 for port 15028
2024-11-29 05:29:24,933 [Socket Reader #2 for port 15028] INFO  ipc.Server (Server.java:run(1474)) - Starting Socket Reader #2 for port 15028
2024-11-29 05:29:24,933 [Socket Reader #3 for port 15028] INFO  ipc.Server (Server.java:run(1474)) - Starting Socket Reader #3 for port 15028
2024-11-29 05:29:24,934 [Socket Reader #4 for port 15028] INFO  ipc.Server (Server.java:run(1474)) - Starting Socket Reader #4 for port 15028
2024-11-29 05:29:24,935 [Socket Reader #5 for port 15028] INFO  ipc.Server (Server.java:run(1474)) - Starting Socket Reader #5 for port 15028
2024-11-29 05:29:24,935 [Socket Reader #6 for port 15028] INFO  ipc.Server (Server.java:run(1474)) - Starting Socket Reader #6 for port 15028
2024-11-29 05:29:24,939 [Socket Reader #7 for port 15028] INFO  ipc.Server (Server.java:run(1474)) - Starting Socket Reader #7 for port 15028
2024-11-29 05:29:24,941 [Socket Reader #8 for port 15028] INFO  ipc.Server (Server.java:run(1474)) - Starting Socket Reader #8 for port 15028
2024-11-29 05:29:24,941 [Socket Reader #10 for port 15028] INFO  ipc.Server (Server.java:run(1474)) - Starting Socket Reader #10 for port 15028
2024-11-29 05:29:24,942 [Socket Reader #9 for port 15028] INFO  ipc.Server (Server.java:run(1474)) - Starting Socket Reader #9 for port 15028
2024-11-29 05:29:24,945 [main] INFO  ozone.HddsDatanodeService (HddsDatanodeService.java:start(332)) - Datanode start with admins: [runner]
2024-11-29 05:29:24,945 [main] INFO  ozone.HddsDatanodeClientProtocolServer (HddsDatanodeClientProtocolServer.java:start(79)) - RPC server for Client /0.0.0.0:15028
2024-11-29 05:29:24,946 [IPC Server Responder] INFO  ipc.Server (Server.java:run(1713)) - IPC Server Responder: starting
2024-11-29 05:29:24,947 [IPC Server listener on 15028] INFO  ipc.Server (Server.java:run(1553)) - IPC Server listener on 15028: starting
2024-11-29 05:29:24,963 [main] WARN  dropwizard3.Dm3MetricRegistriesImpl (Dm3MetricRegistriesImpl.java:addReporterRegistration(114)) - New reporters are added after registries were created. Some metrics will be missing from the reporter. Please add reporter before adding any new registry.
2024-11-29 05:29:24,964 [main] WARN  dropwizard3.Dm3MetricRegistriesImpl (Dm3MetricRegistriesImpl.java:addReporterRegistration(114)) - New reporters are added after registries were created. Some metrics will be missing from the reporter. Please add reporter before adding any new registry.
2024-11-29 05:29:24,964 [main] INFO  impl.MetricsSystemImpl (MetricsSystemImpl.java:init(158)) - HddsDatanode metrics system started (again)
2024-11-29 05:29:24,971 [46c085ae-d173-483e-a797-bf073fdc6d33-DatanodeStateMachineDaemonThread] INFO  statemachine.DatanodeStateMachine (DatanodeStateMachine.java:startStateMachineThread(337)) - Ozone container server started.
2024-11-29 05:29:24,976 [46c085ae-d173-483e-a797-bf073fdc6d33-DatanodeStateMachineTaskThread-0] INFO  datanode.InitDatanodeState (InitDatanodeState.java:persistContainerDatanodeDetails(139)) - DatanodeDetails is persisted to /home/runner/work/ozone/ozone/hadoop-ozone/integration-test/target/test-dir/MiniOzoneClusterImpl-61f21677-568d-49d7-a2ee-8a05247fe249/ozone-meta/datanode-3/meta/datanode.id
2024-11-29 05:29:25,000 [main] INFO  ozone.HddsDatanodeService (HddsDatanodeService.java:start(241)) - HddsDatanodeService host:fv-az1772-529 ip:10.1.0.13
2024-11-29 05:29:25,005 [main] INFO  upgrade.AbstractLayoutVersionManager (AbstractLayoutVersionManager.java:init(83)) - Initializing Layout version manager with metadata layout = HBASE_SUPPORT (version = 8), software layout = HBASE_SUPPORT (version = 8)
2024-11-29 05:29:25,007 [main] INFO  statemachine.DatanodeStateMachine (DatanodeStateMachine.java:getEndPointTaskThreadPoolSize(294)) - Datanode State Machine Task Thread Pool size 2
2024-11-29 05:29:25,024 [main] INFO  volume.HddsVolume (HddsVolume.java:<init>(134)) - Creating HddsVolume: /home/runner/work/ozone/ozone/hadoop-ozone/integration-test/target/test-dir/MiniOzoneClusterImpl-61f21677-568d-49d7-a2ee-8a05247fe249/ozone-meta/datanode-4/data-0/hdds of storage type : DISK capacity : 9222449699674390527
2024-11-29 05:29:25,024 [main] INFO  volume.MutableVolumeSet (MutableVolumeSet.java:initializeVolumeSet(174)) - Added Volume : /home/runner/work/ozone/ozone/hadoop-ozone/integration-test/target/test-dir/MiniOzoneClusterImpl-61f21677-568d-49d7-a2ee-8a05247fe249/ozone-meta/datanode-4/data-0/hdds to VolumeSet
2024-11-29 05:29:25,029 [main] INFO  volume.MutableVolumeSet (MutableVolumeSet.java:initializeVolumeSet(174)) - Added Volume : /home/runner/work/ozone/ozone/hadoop-ozone/integration-test/target/test-dir/MiniOzoneClusterImpl-61f21677-568d-49d7-a2ee-8a05247fe249/ozone-meta/datanode-4/ratis to VolumeSet
2024-11-29 05:29:25,031 [main] INFO  ozoneimpl.OzoneContainer (HddsVolumeUtil.java:loadAllHddsVolumeDbStore(103)) - Load 1 volumes DbStore cost: 1ms
2024-11-29 05:29:25,039 [main] WARN  db.DBStoreBuilder (DBStoreBuilder.java:getDBDirPath(172)) - ozone.scm.datanode.id.dir is not configured. We recommend adding this setting. Falling back to ozone.metadata.dirs instead.
2024-11-29 05:29:25,041 [main] WARN  db.DBStoreBuilder (DBStoreBuilder.java:getDBDirPath(172)) - ozone.scm.datanode.id.dir is not configured. We recommend adding this setting. Falling back to ozone.metadata.dirs instead.
2024-11-29 05:29:25,074 [main] INFO  impl.FilePerChunkStrategy (FilePerChunkStrategy.java:<init>(84)) - ozone.chunk.read.mapped.buffer.max.count is load with 0
2024-11-29 05:29:25,074 [main] INFO  impl.FilePerBlockStrategy (FilePerBlockStrategy.java:<init>(91)) - ozone.chunk.read.mapped.buffer.max.count is load with 0
2024-11-29 05:29:25,078 [main] INFO  server.RaftServerConfigKeys (ConfUtils.java:logGet(46)) - raft.server.log.appender.buffer.byte-limit = 33554432 (custom)
2024-11-29 05:29:25,084 [main] INFO  server.RaftServer (ConfUtils.java:logGet(46)) - raft.rpc.type = GRPC (default)
2024-11-29 05:29:25,084 [main] INFO  grpc.GrpcConfigKeys (ConfUtils.java:logFallback(53)) - raft.grpc.admin.host = null (fallback to raft.grpc.server.host)
2024-11-29 05:29:25,084 [main] INFO  grpc.GrpcConfigKeys (ConfUtils.java:logGet(46)) - raft.grpc.admin.port = 15039 (custom)
2024-11-29 05:29:25,084 [main] INFO  grpc.GrpcConfigKeys (ConfUtils.java:logFallback(53)) - raft.grpc.client.host = null (fallback to raft.grpc.server.host)
2024-11-29 05:29:25,085 [main] INFO  grpc.GrpcConfigKeys (ConfUtils.java:logGet(46)) - raft.grpc.client.port = 15039 (custom)
2024-11-29 05:29:25,085 [main] INFO  grpc.GrpcConfigKeys (ConfUtils.java:logGet(46)) - raft.grpc.server.host = null (default)
2024-11-29 05:29:25,086 [main] INFO  grpc.GrpcConfigKeys (ConfUtils.java:logGet(46)) - raft.grpc.server.port = 15039 (custom)
2024-11-29 05:29:25,086 [main] INFO  server.GrpcService (ConfUtils.java:logGet(46)) - raft.grpc.message.size.max = 34603008 (custom)
2024-11-29 05:29:25,087 [main] INFO  server.GrpcService (ConfUtils.java:logGet(46)) - raft.grpc.flow.control.window = 5MB (=5242880) (custom)
2024-11-29 05:29:25,087 [main] INFO  server.RaftServerConfigKeys (ConfUtils.java:logGet(46)) - raft.server.rpc.request.timeout = 60s (custom)
2024-11-29 05:29:25,087 [main] INFO  grpc.GrpcConfigKeys (ConfUtils.java:logGet(46)) - raft.grpc.server.heartbeat.channel = true (default)
2024-11-29 05:29:25,089 [main] INFO  server.RaftServerConfigKeys (ConfUtils.java:logGet(46)) - raft.server.log.appender.buffer.byte-limit = 33554432 (custom)
2024-11-29 05:29:25,090 [main] INFO  grpc.GrpcConfigKeys (ConfUtils.java:logGet(46)) - raft.grpc.server.async.request.thread.pool.cached = true (default)
2024-11-29 05:29:25,090 [main] INFO  grpc.GrpcConfigKeys (ConfUtils.java:logGet(46)) - raft.grpc.server.async.request.thread.pool.size = 32 (default)
2024-11-29 05:29:25,092 [main] INFO  impl.DataStreamServerImpl (ConfUtils.java:logGet(46)) - raft.datastream.type = NETTY (custom)
2024-11-29 05:29:25,093 [main] INFO  server.RaftServerConfigKeys (ConfUtils.java:logGet(46)) - raft.server.data-stream.async.request.thread.pool.cached = false (default)
2024-11-29 05:29:25,093 [main] INFO  server.RaftServerConfigKeys (ConfUtils.java:logGet(46)) - raft.server.data-stream.async.request.thread.pool.size = 20 (custom)
2024-11-29 05:29:25,094 [main] INFO  server.RaftServerConfigKeys (ConfUtils.java:logGet(46)) - raft.server.data-stream.async.write.thread.pool.size = 16 (default)
2024-11-29 05:29:25,095 [main] INFO  netty.NettyConfigKeys$DataStream (ConfUtils.java:logGet(46)) - raft.netty.dataStream.server.channel.inactive.grace-period = 10min (default)
2024-11-29 05:29:25,095 [main] INFO  server.RaftServerConfigKeys (ConfUtils.java:logGet(46)) - raft.server.data-stream.client.pool.size = 10 (default)
2024-11-29 05:29:25,096 [main] INFO  netty.NettyConfigKeys$DataStream (ConfUtils.java:logGet(46)) - raft.netty.dataStream.server.use-epoll = true (default)
2024-11-29 05:29:25,096 [main] INFO  netty.NettyConfigKeys$DataStream (ConfUtils.java:logGet(46)) - raft.netty.dataStream.server.boss-group.size = 0 (default)
2024-11-29 05:29:25,097 [main] INFO  netty.NettyUtils (NettyUtils.java:newEventLoopGroup(74)) - Create EpollEventLoopGroup for 82107b5c-a456-4cce-866c-b79ad2953fda-NettyServerStreamRpc-bossGroup; Thread size is 0.
2024-11-29 05:29:25,098 [main] INFO  netty.NettyConfigKeys$DataStream (ConfUtils.java:logGet(46)) - raft.netty.dataStream.server.worker-group.size = 0 (default)
2024-11-29 05:29:25,099 [main] INFO  netty.NettyUtils (NettyUtils.java:newEventLoopGroup(74)) - Create EpollEventLoopGroup for 82107b5c-a456-4cce-866c-b79ad2953fda-NettyServerStreamRpc-workerGroup; Thread size is 0.
2024-11-29 05:29:25,099 [main] INFO  netty.NettyConfigKeys$DataStream (ConfUtils.java:logGet(46)) - raft.netty.dataStream.server.tls.conf = null (default)
2024-11-29 05:29:25,100 [main] INFO  netty.NettyConfigKeys$DataStream (ConfUtils.java:logGet(46)) - raft.netty.dataStream.host = null (default)
2024-11-29 05:29:25,100 [main] INFO  netty.NettyConfigKeys$DataStream (ConfUtils.java:logGet(46)) - raft.netty.dataStream.port = 15042 (custom)
2024-11-29 05:29:25,101 [main] INFO  server.RaftServerConfigKeys (ConfUtils.java:logGet(46)) - raft.server.sleep.deviation.threshold = 300ms (default)
2024-11-29 05:29:25,101 [main] INFO  server.RaftServerConfigKeys (ConfUtils.java:logGet(46)) - raft.server.close.threshold = 60s (default)
2024-11-29 05:29:25,101 [main] INFO  server.RaftServerConfigKeys (ConfUtils.java:logGet(46)) - raft.server.leaderelection.leader.step-down.wait-time = 10s (default)
2024-11-29 05:29:25,101 [main] INFO  server.RaftServerConfigKeys (ConfUtils.java:logGet(46)) - raft.server.storage.dir = [/home/runner/work/ozone/ozone/hadoop-ozone/integration-test/target/test-dir/MiniOzoneClusterImpl-61f21677-568d-49d7-a2ee-8a05247fe249/ozone-meta/datanode-4/ratis] (custom)
2024-11-29 05:29:25,101 [main] INFO  server.RaftServerConfigKeys (ConfUtils.java:logGet(46)) - raft.server.threadpool.proxy.cached = true (default)
2024-11-29 05:29:25,102 [main] INFO  server.RaftServerConfigKeys (ConfUtils.java:logGet(46)) - raft.server.threadpool.proxy.size = 0 (default)
2024-11-29 05:29:25,102 [82107b5c-a456-4cce-866c-b79ad2953fda-NettyServerStreamRpc-bossGroup--thread1] INFO  logging.LoggingHandler (AbstractInternalLogger.java:log(148)) - [id: 0x6e7758ce] REGISTERED
2024-11-29 05:29:25,103 [82107b5c-a456-4cce-866c-b79ad2953fda-NettyServerStreamRpc-bossGroup--thread1] INFO  logging.LoggingHandler (AbstractInternalLogger.java:log(148)) - [id: 0x6e7758ce] BIND: 0.0.0.0/0.0.0.0:15042
2024-11-29 05:29:25,103 [82107b5c-a456-4cce-866c-b79ad2953fda-NettyServerStreamRpc-bossGroup--thread1] INFO  logging.LoggingHandler (AbstractInternalLogger.java:log(148)) - [id: 0x6e7758ce, L:/0.0.0.0:15042] ACTIVE
2024-11-29 05:29:25,102 [82107b5c-a456-4cce-866c-b79ad2953fda-impl-thread1] INFO  server.RaftServer (RaftServerProxy.java:initGroupDir(265)) - 82107b5c-a456-4cce-866c-b79ad2953fda: found a subdirectory /home/runner/work/ozone/ozone/hadoop-ozone/integration-test/target/test-dir/MiniOzoneClusterImpl-61f21677-568d-49d7-a2ee-8a05247fe249/ozone-meta/datanode-4/ratis/tmp
2024-11-29 05:29:25,104 [82107b5c-a456-4cce-866c-b79ad2953fda-impl-thread1] INFO  server.RaftServer (RaftServerProxy.java:initGroupDir(270)) - 82107b5c-a456-4cce-866c-b79ad2953fda: The directory /home/runner/work/ozone/ozone/hadoop-ozone/integration-test/target/test-dir/MiniOzoneClusterImpl-61f21677-568d-49d7-a2ee-8a05247fe249/ozone-meta/datanode-4/ratis/tmp is not a group directory; ignoring it. 
2024-11-29 05:29:25,104 [main] INFO  replication.ReplicationServer (ReplicationServer.java:<init>(86)) - Initializing replication server with thread count = 10 queue length = 4096
2024-11-29 05:29:25,106 [main] INFO  server.XceiverServerGrpc (XceiverServerGrpc.java:<init>(135)) - GrpcServer channel type EpollServerSocketChannel
2024-11-29 05:29:25,108 [main] INFO  replication.ReplicationSupervisor (ReplicationSupervisor.java:build(171)) - Initializing replication supervisor with thread count = 10
2024-11-29 05:29:25,108 [main] INFO  replication.ReplicationSupervisor (ReplicationSupervisor.java:nodeStateUpdated(348)) - Node state updated to IN_SERVICE, scaling executor pool size to 10
2024-11-29 05:29:25,112 [main] INFO  http.BaseHttpServer (BaseHttpServer.java:newHttpServer2BuilderForOzone(223)) - Starting Web-server for hddsDatanode at: http://0.0.0.0:15036
2024-11-29 05:29:25,112 [main] INFO  http.BaseHttpServer (BaseHttpServer.java:<init>(110)) - Hadoop Security Enabled: false Ozone Security Enabled: false Ozone HTTP Security Enabled: false 
2024-11-29 05:29:25,116 [main] WARN  server.AuthenticationFilter (AuthenticationFilter.java:constructSecretProvider(240)) - Unable to initialize FileSignerSecretProvider, falling back to use random secrets. Reason: Could not read signature secret file: /home/runner/hadoop-http-auth-signature-secret
2024-11-29 05:29:25,118 [main] INFO  http.HttpRequestLog (HttpRequestLog.java:getRequestLog(86)) - Http request log for http.requests.hddsDatanode is not defined
2024-11-29 05:29:25,121 [main] INFO  http.HttpServer2 (HttpServer2.java:addGlobalFilter(1035)) - Added global filter 'safety' (class=org.apache.hadoop.hdds.server.http.HttpServer2$QuotingInputFilter)
2024-11-29 05:29:25,124 [main] INFO  http.HttpServer2 (HttpServer2.java:addFilter(1011)) - Added filter static_user_filter (class=org.apache.hadoop.http.lib.StaticUserWebFilter$StaticUserFilter) to context hddsDatanode
2024-11-29 05:29:25,125 [main] INFO  http.HttpServer2 (HttpServer2.java:addFilter(1019)) - Added filter static_user_filter (class=org.apache.hadoop.http.lib.StaticUserWebFilter$StaticUserFilter) to context logs
2024-11-29 05:29:25,125 [main] INFO  http.HttpServer2 (HttpServer2.java:addFilter(1019)) - Added filter static_user_filter (class=org.apache.hadoop.http.lib.StaticUserWebFilter$StaticUserFilter) to context static
2024-11-29 05:29:25,127 [main] INFO  http.BaseHttpServer (BaseHttpServer.java:<init>(189)) - HTTP server of hddsDatanode uses base directory /home/runner/work/ozone/ozone/hadoop-ozone/integration-test/target/test-dir/MiniOzoneClusterImpl-61f21677-568d-49d7-a2ee-8a05247fe249/ozone-meta/datanode-4/meta/webserver
2024-11-29 05:29:25,128 [main] INFO  http.HttpServer2 (HttpServer2.java:bindListener(1235)) - Jetty bound to port 15036
2024-11-29 05:29:25,128 [main] INFO  server.Server (Server.java:doStart(375)) - jetty-9.4.56.v20240826; built: 2024-08-26T17:15:05.868Z; git: ec6782ff5ead824dabdcf47fa98f90a4aedff401; jvm 17.0.13+11
2024-11-29 05:29:25,135 [main] INFO  server.session (DefaultSessionIdManager.java:doStart(334)) - DefaultSessionIdManager workerName=node0
2024-11-29 05:29:25,135 [main] INFO  server.session (DefaultSessionIdManager.java:doStart(339)) - No SessionScavenger set, using defaults
2024-11-29 05:29:25,135 [main] INFO  server.session (HouseKeeper.java:startScavenging(132)) - node0 Scavenging every 600000ms
2024-11-29 05:29:25,136 [main] INFO  handler.ContextHandler (ContextHandler.java:doStart(921)) - Started o.e.j.s.ServletContextHandler@107a3633{logs,/logs,file:///home/runner/work/ozone/ozone/hadoop-ozone/integration-test/target/log,AVAILABLE}
2024-11-29 05:29:25,136 [main] INFO  handler.ContextHandler (ContextHandler.java:doStart(921)) - Started o.e.j.s.ServletContextHandler@6aa4f45{static,/static,jar:file:/home/runner/work/ozone/ozone/hadoop-hdds/container-service/target/hdds-container-service-2.0.0-SNAPSHOT.jar!/webapps/static,AVAILABLE}
2024-11-29 05:29:25,431 [main] INFO  handler.ContextHandler (ContextHandler.java:doStart(921)) - Started o.e.j.w.WebAppContext@bac5da7{hddsDatanode,/,file:///home/runner/work/ozone/ozone/hadoop-ozone/integration-test/target/test-dir/MiniOzoneClusterImpl-61f21677-568d-49d7-a2ee-8a05247fe249/ozone-meta/datanode-4/meta/webserver/jetty-0_0_0_0-15036-hdds-container-service-2_0_0-SNAPSHOT_jar-_-any-2183115793556652507/webapp/,AVAILABLE}{jar:file:/home/runner/work/ozone/ozone/hadoop-hdds/container-service/target/hdds-container-service-2.0.0-SNAPSHOT.jar!/webapps/hddsDatanode}
2024-11-29 05:29:25,433 [main] INFO  server.AbstractConnector (AbstractConnector.java:doStart(333)) - Started ServerConnector@21ebf946{HTTP/1.1, (http/1.1)}{0.0.0.0:15036}
2024-11-29 05:29:25,435 [main] INFO  server.Server (Server.java:doStart(415)) - Started @10600ms
2024-11-29 05:29:25,436 [main] WARN  impl.MetricsSystemImpl (MetricsSystemImpl.java:register(279)) - Sink prometheus already exists!
2024-11-29 05:29:25,437 [main] INFO  http.BaseHttpServer (BaseHttpServer.java:updateConnectorAddress(354)) - HTTP server of hddsDatanode listening at http://0.0.0.0:15036
2024-11-29 05:29:25,438 [main] INFO  ipc.CallQueueManager (CallQueueManager.java:<init>(93)) - Using callQueue: class java.util.concurrent.LinkedBlockingQueue, queueCapacity: 1000, scheduler: class org.apache.hadoop.ipc.DefaultRpcScheduler, ipcBackoff: false, ipcFailOver: false.
2024-11-29 05:29:25,439 [main] INFO  ipc.Server (Server.java:<init>(1438)) - Listener at 0.0.0.0:15037
2024-11-29 05:29:25,451 [Socket Reader #1 for port 15037] INFO  ipc.Server (Server.java:run(1474)) - Starting Socket Reader #1 for port 15037
2024-11-29 05:29:25,456 [Socket Reader #2 for port 15037] INFO  ipc.Server (Server.java:run(1474)) - Starting Socket Reader #2 for port 15037
2024-11-29 05:29:25,456 [Socket Reader #3 for port 15037] INFO  ipc.Server (Server.java:run(1474)) - Starting Socket Reader #3 for port 15037
2024-11-29 05:29:25,457 [Socket Reader #5 for port 15037] INFO  ipc.Server (Server.java:run(1474)) - Starting Socket Reader #5 for port 15037
2024-11-29 05:29:25,457 [Socket Reader #6 for port 15037] INFO  ipc.Server (Server.java:run(1474)) - Starting Socket Reader #6 for port 15037
2024-11-29 05:29:25,457 [Socket Reader #4 for port 15037] INFO  ipc.Server (Server.java:run(1474)) - Starting Socket Reader #4 for port 15037
2024-11-29 05:29:25,458 [Socket Reader #7 for port 15037] INFO  ipc.Server (Server.java:run(1474)) - Starting Socket Reader #7 for port 15037
2024-11-29 05:29:25,459 [Socket Reader #8 for port 15037] INFO  ipc.Server (Server.java:run(1474)) - Starting Socket Reader #8 for port 15037
2024-11-29 05:29:25,459 [Socket Reader #9 for port 15037] INFO  ipc.Server (Server.java:run(1474)) - Starting Socket Reader #9 for port 15037
2024-11-29 05:29:25,462 [Socket Reader #10 for port 15037] INFO  ipc.Server (Server.java:run(1474)) - Starting Socket Reader #10 for port 15037
2024-11-29 05:29:25,463 [main] INFO  ozone.HddsDatanodeService (HddsDatanodeService.java:start(332)) - Datanode start with admins: [runner]
2024-11-29 05:29:25,463 [main] INFO  ozone.HddsDatanodeClientProtocolServer (HddsDatanodeClientProtocolServer.java:start(79)) - RPC server for Client /0.0.0.0:15037
2024-11-29 05:29:25,464 [IPC Server Responder] INFO  ipc.Server (Server.java:run(1713)) - IPC Server Responder: starting
2024-11-29 05:29:25,465 [IPC Server listener on 15037] INFO  ipc.Server (Server.java:run(1553)) - IPC Server listener on 15037: starting
2024-11-29 05:29:25,479 [main] WARN  dropwizard3.Dm3MetricRegistriesImpl (Dm3MetricRegistriesImpl.java:addReporterRegistration(114)) - New reporters are added after registries were created. Some metrics will be missing from the reporter. Please add reporter before adding any new registry.
2024-11-29 05:29:25,479 [main] WARN  dropwizard3.Dm3MetricRegistriesImpl (Dm3MetricRegistriesImpl.java:addReporterRegistration(114)) - New reporters are added after registries were created. Some metrics will be missing from the reporter. Please add reporter before adding any new registry.
2024-11-29 05:29:25,479 [main] INFO  impl.MetricsSystemImpl (MetricsSystemImpl.java:init(158)) - HddsDatanode metrics system started (again)
2024-11-29 05:29:25,498 [82107b5c-a456-4cce-866c-b79ad2953fda-DatanodeStateMachineDaemonThread] INFO  statemachine.DatanodeStateMachine (DatanodeStateMachine.java:startStateMachineThread(337)) - Ozone container server started.
2024-11-29 05:29:25,503 [82107b5c-a456-4cce-866c-b79ad2953fda-DatanodeStateMachineTaskThread-0] INFO  datanode.InitDatanodeState (InitDatanodeState.java:persistContainerDatanodeDetails(139)) - DatanodeDetails is persisted to /home/runner/work/ozone/ozone/hadoop-ozone/integration-test/target/test-dir/MiniOzoneClusterImpl-61f21677-568d-49d7-a2ee-8a05247fe249/ozone-meta/datanode-4/meta/datanode.id
2024-11-29 05:29:25,509 [main] INFO  ozone.HddsDatanodeService (HddsDatanodeService.java:start(241)) - HddsDatanodeService host:fv-az1772-529 ip:10.1.0.13
2024-11-29 05:29:25,513 [main] INFO  upgrade.AbstractLayoutVersionManager (AbstractLayoutVersionManager.java:init(83)) - Initializing Layout version manager with metadata layout = HBASE_SUPPORT (version = 8), software layout = HBASE_SUPPORT (version = 8)
2024-11-29 05:29:25,514 [main] INFO  statemachine.DatanodeStateMachine (DatanodeStateMachine.java:getEndPointTaskThreadPoolSize(294)) - Datanode State Machine Task Thread Pool size 2
2024-11-29 05:29:25,519 [main] INFO  volume.HddsVolume (HddsVolume.java:<init>(134)) - Creating HddsVolume: /home/runner/work/ozone/ozone/hadoop-ozone/integration-test/target/test-dir/MiniOzoneClusterImpl-61f21677-568d-49d7-a2ee-8a05247fe249/ozone-meta/datanode-5/data-0/hdds of storage type : DISK capacity : 9222449699674390527
2024-11-29 05:29:25,520 [main] INFO  volume.MutableVolumeSet (MutableVolumeSet.java:initializeVolumeSet(174)) - Added Volume : /home/runner/work/ozone/ozone/hadoop-ozone/integration-test/target/test-dir/MiniOzoneClusterImpl-61f21677-568d-49d7-a2ee-8a05247fe249/ozone-meta/datanode-5/data-0/hdds to VolumeSet
2024-11-29 05:29:25,522 [main] INFO  volume.MutableVolumeSet (MutableVolumeSet.java:initializeVolumeSet(174)) - Added Volume : /home/runner/work/ozone/ozone/hadoop-ozone/integration-test/target/test-dir/MiniOzoneClusterImpl-61f21677-568d-49d7-a2ee-8a05247fe249/ozone-meta/datanode-5/ratis to VolumeSet
2024-11-29 05:29:25,523 [main] INFO  ozoneimpl.OzoneContainer (HddsVolumeUtil.java:loadAllHddsVolumeDbStore(103)) - Load 1 volumes DbStore cost: 0ms
2024-11-29 05:29:25,524 [main] WARN  db.DBStoreBuilder (DBStoreBuilder.java:getDBDirPath(172)) - ozone.scm.datanode.id.dir is not configured. We recommend adding this setting. Falling back to ozone.metadata.dirs instead.
2024-11-29 05:29:25,526 [main] WARN  db.DBStoreBuilder (DBStoreBuilder.java:getDBDirPath(172)) - ozone.scm.datanode.id.dir is not configured. We recommend adding this setting. Falling back to ozone.metadata.dirs instead.
2024-11-29 05:29:25,554 [main] INFO  impl.FilePerChunkStrategy (FilePerChunkStrategy.java:<init>(84)) - ozone.chunk.read.mapped.buffer.max.count is load with 0
2024-11-29 05:29:25,554 [main] INFO  impl.FilePerBlockStrategy (FilePerBlockStrategy.java:<init>(91)) - ozone.chunk.read.mapped.buffer.max.count is load with 0
2024-11-29 05:29:25,556 [main] INFO  server.RaftServerConfigKeys (ConfUtils.java:logGet(46)) - raft.server.log.appender.buffer.byte-limit = 33554432 (custom)
2024-11-29 05:29:25,560 [main] INFO  server.RaftServer (ConfUtils.java:logGet(46)) - raft.rpc.type = GRPC (default)
2024-11-29 05:29:25,561 [main] INFO  grpc.GrpcConfigKeys (ConfUtils.java:logFallback(53)) - raft.grpc.admin.host = null (fallback to raft.grpc.server.host)
2024-11-29 05:29:25,561 [main] INFO  grpc.GrpcConfigKeys (ConfUtils.java:logGet(46)) - raft.grpc.admin.port = 15048 (custom)
2024-11-29 05:29:25,562 [main] INFO  grpc.GrpcConfigKeys (ConfUtils.java:logFallback(53)) - raft.grpc.client.host = null (fallback to raft.grpc.server.host)
2024-11-29 05:29:25,562 [main] INFO  grpc.GrpcConfigKeys (ConfUtils.java:logGet(46)) - raft.grpc.client.port = 15048 (custom)
2024-11-29 05:29:25,563 [main] INFO  grpc.GrpcConfigKeys (ConfUtils.java:logGet(46)) - raft.grpc.server.host = null (default)
2024-11-29 05:29:25,563 [main] INFO  grpc.GrpcConfigKeys (ConfUtils.java:logGet(46)) - raft.grpc.server.port = 15048 (custom)
2024-11-29 05:29:25,564 [main] INFO  server.GrpcService (ConfUtils.java:logGet(46)) - raft.grpc.message.size.max = 34603008 (custom)
2024-11-29 05:29:25,565 [main] INFO  server.GrpcService (ConfUtils.java:logGet(46)) - raft.grpc.flow.control.window = 5MB (=5242880) (custom)
2024-11-29 05:29:25,565 [main] INFO  server.RaftServerConfigKeys (ConfUtils.java:logGet(46)) - raft.server.rpc.request.timeout = 60s (custom)
2024-11-29 05:29:25,566 [main] INFO  grpc.GrpcConfigKeys (ConfUtils.java:logGet(46)) - raft.grpc.server.heartbeat.channel = true (default)
2024-11-29 05:29:25,566 [main] INFO  server.RaftServerConfigKeys (ConfUtils.java:logGet(46)) - raft.server.log.appender.buffer.byte-limit = 33554432 (custom)
2024-11-29 05:29:25,567 [main] INFO  grpc.GrpcConfigKeys (ConfUtils.java:logGet(46)) - raft.grpc.server.async.request.thread.pool.cached = true (default)
2024-11-29 05:29:25,568 [main] INFO  grpc.GrpcConfigKeys (ConfUtils.java:logGet(46)) - raft.grpc.server.async.request.thread.pool.size = 32 (default)
2024-11-29 05:29:25,569 [main] INFO  impl.DataStreamServerImpl (ConfUtils.java:logGet(46)) - raft.datastream.type = NETTY (custom)
2024-11-29 05:29:25,570 [main] INFO  server.RaftServerConfigKeys (ConfUtils.java:logGet(46)) - raft.server.data-stream.async.request.thread.pool.cached = false (default)
2024-11-29 05:29:25,571 [main] INFO  server.RaftServerConfigKeys (ConfUtils.java:logGet(46)) - raft.server.data-stream.async.request.thread.pool.size = 20 (custom)
2024-11-29 05:29:25,571 [main] INFO  server.RaftServerConfigKeys (ConfUtils.java:logGet(46)) - raft.server.data-stream.async.write.thread.pool.size = 16 (default)
2024-11-29 05:29:25,572 [main] INFO  netty.NettyConfigKeys$DataStream (ConfUtils.java:logGet(46)) - raft.netty.dataStream.server.channel.inactive.grace-period = 10min (default)
2024-11-29 05:29:25,572 [main] INFO  server.RaftServerConfigKeys (ConfUtils.java:logGet(46)) - raft.server.data-stream.client.pool.size = 10 (default)
2024-11-29 05:29:25,573 [main] INFO  netty.NettyConfigKeys$DataStream (ConfUtils.java:logGet(46)) - raft.netty.dataStream.server.use-epoll = true (default)
2024-11-29 05:29:25,574 [main] INFO  netty.NettyConfigKeys$DataStream (ConfUtils.java:logGet(46)) - raft.netty.dataStream.server.boss-group.size = 0 (default)
2024-11-29 05:29:25,574 [main] INFO  netty.NettyUtils (NettyUtils.java:newEventLoopGroup(74)) - Create EpollEventLoopGroup for 22bda68c-b64b-4e26-a6f3-14a354ca4fb6-NettyServerStreamRpc-bossGroup; Thread size is 0.
2024-11-29 05:29:25,575 [main] INFO  netty.NettyConfigKeys$DataStream (ConfUtils.java:logGet(46)) - raft.netty.dataStream.server.worker-group.size = 0 (default)
2024-11-29 05:29:25,575 [main] INFO  netty.NettyUtils (NettyUtils.java:newEventLoopGroup(74)) - Create EpollEventLoopGroup for 22bda68c-b64b-4e26-a6f3-14a354ca4fb6-NettyServerStreamRpc-workerGroup; Thread size is 0.
2024-11-29 05:29:25,576 [main] INFO  netty.NettyConfigKeys$DataStream (ConfUtils.java:logGet(46)) - raft.netty.dataStream.server.tls.conf = null (default)
2024-11-29 05:29:25,576 [main] INFO  netty.NettyConfigKeys$DataStream (ConfUtils.java:logGet(46)) - raft.netty.dataStream.host = null (default)
2024-11-29 05:29:25,577 [main] INFO  netty.NettyConfigKeys$DataStream (ConfUtils.java:logGet(46)) - raft.netty.dataStream.port = 15051 (custom)
2024-11-29 05:29:25,577 [main] INFO  server.RaftServerConfigKeys (ConfUtils.java:logGet(46)) - raft.server.sleep.deviation.threshold = 300ms (default)
2024-11-29 05:29:25,578 [22bda68c-b64b-4e26-a6f3-14a354ca4fb6-NettyServerStreamRpc-bossGroup--thread1] INFO  logging.LoggingHandler (AbstractInternalLogger.java:log(148)) - [id: 0xd3e5d6ac] REGISTERED
2024-11-29 05:29:25,578 [22bda68c-b64b-4e26-a6f3-14a354ca4fb6-NettyServerStreamRpc-bossGroup--thread1] INFO  logging.LoggingHandler (AbstractInternalLogger.java:log(148)) - [id: 0xd3e5d6ac] BIND: 0.0.0.0/0.0.0.0:15051
2024-11-29 05:29:25,578 [22bda68c-b64b-4e26-a6f3-14a354ca4fb6-NettyServerStreamRpc-bossGroup--thread1] INFO  logging.LoggingHandler (AbstractInternalLogger.java:log(148)) - [id: 0xd3e5d6ac, L:/0.0.0.0:15051] ACTIVE
2024-11-29 05:29:25,578 [main] INFO  server.RaftServerConfigKeys (ConfUtils.java:logGet(46)) - raft.server.close.threshold = 60s (default)
2024-11-29 05:29:25,582 [main] INFO  server.RaftServerConfigKeys (ConfUtils.java:logGet(46)) - raft.server.leaderelection.leader.step-down.wait-time = 10s (default)
2024-11-29 05:29:25,583 [main] INFO  server.RaftServerConfigKeys (ConfUtils.java:logGet(46)) - raft.server.storage.dir = [/home/runner/work/ozone/ozone/hadoop-ozone/integration-test/target/test-dir/MiniOzoneClusterImpl-61f21677-568d-49d7-a2ee-8a05247fe249/ozone-meta/datanode-5/ratis] (custom)
2024-11-29 05:29:25,583 [main] INFO  server.RaftServerConfigKeys (ConfUtils.java:logGet(46)) - raft.server.threadpool.proxy.cached = true (default)
2024-11-29 05:29:25,583 [main] INFO  server.RaftServerConfigKeys (ConfUtils.java:logGet(46)) - raft.server.threadpool.proxy.size = 0 (default)
2024-11-29 05:29:25,584 [22bda68c-b64b-4e26-a6f3-14a354ca4fb6-impl-thread1] INFO  server.RaftServer (RaftServerProxy.java:initGroupDir(265)) - 22bda68c-b64b-4e26-a6f3-14a354ca4fb6: found a subdirectory /home/runner/work/ozone/ozone/hadoop-ozone/integration-test/target/test-dir/MiniOzoneClusterImpl-61f21677-568d-49d7-a2ee-8a05247fe249/ozone-meta/datanode-5/ratis/tmp
2024-11-29 05:29:25,584 [22bda68c-b64b-4e26-a6f3-14a354ca4fb6-impl-thread1] INFO  server.RaftServer (RaftServerProxy.java:initGroupDir(270)) - 22bda68c-b64b-4e26-a6f3-14a354ca4fb6: The directory /home/runner/work/ozone/ozone/hadoop-ozone/integration-test/target/test-dir/MiniOzoneClusterImpl-61f21677-568d-49d7-a2ee-8a05247fe249/ozone-meta/datanode-5/ratis/tmp is not a group directory; ignoring it. 
2024-11-29 05:29:25,584 [main] INFO  replication.ReplicationServer (ReplicationServer.java:<init>(86)) - Initializing replication server with thread count = 10 queue length = 4096
2024-11-29 05:29:25,585 [main] INFO  server.XceiverServerGrpc (XceiverServerGrpc.java:<init>(135)) - GrpcServer channel type EpollServerSocketChannel
2024-11-29 05:29:25,588 [main] INFO  replication.ReplicationSupervisor (ReplicationSupervisor.java:build(171)) - Initializing replication supervisor with thread count = 10
2024-11-29 05:29:25,588 [main] INFO  replication.ReplicationSupervisor (ReplicationSupervisor.java:nodeStateUpdated(348)) - Node state updated to IN_SERVICE, scaling executor pool size to 10
2024-11-29 05:29:25,595 [main] INFO  http.BaseHttpServer (BaseHttpServer.java:newHttpServer2BuilderForOzone(223)) - Starting Web-server for hddsDatanode at: http://0.0.0.0:15045
2024-11-29 05:29:25,595 [main] INFO  http.BaseHttpServer (BaseHttpServer.java:<init>(110)) - Hadoop Security Enabled: false Ozone Security Enabled: false Ozone HTTP Security Enabled: false 
2024-11-29 05:29:25,597 [main] WARN  server.AuthenticationFilter (AuthenticationFilter.java:constructSecretProvider(240)) - Unable to initialize FileSignerSecretProvider, falling back to use random secrets. Reason: Could not read signature secret file: /home/runner/hadoop-http-auth-signature-secret
2024-11-29 05:29:25,598 [main] INFO  http.HttpRequestLog (HttpRequestLog.java:getRequestLog(86)) - Http request log for http.requests.hddsDatanode is not defined
2024-11-29 05:29:25,600 [main] INFO  http.HttpServer2 (HttpServer2.java:addGlobalFilter(1035)) - Added global filter 'safety' (class=org.apache.hadoop.hdds.server.http.HttpServer2$QuotingInputFilter)
2024-11-29 05:29:25,602 [main] INFO  http.HttpServer2 (HttpServer2.java:addFilter(1011)) - Added filter static_user_filter (class=org.apache.hadoop.http.lib.StaticUserWebFilter$StaticUserFilter) to context hddsDatanode
2024-11-29 05:29:25,602 [main] INFO  http.HttpServer2 (HttpServer2.java:addFilter(1019)) - Added filter static_user_filter (class=org.apache.hadoop.http.lib.StaticUserWebFilter$StaticUserFilter) to context logs
2024-11-29 05:29:25,602 [main] INFO  http.HttpServer2 (HttpServer2.java:addFilter(1019)) - Added filter static_user_filter (class=org.apache.hadoop.http.lib.StaticUserWebFilter$StaticUserFilter) to context static
2024-11-29 05:29:25,603 [main] INFO  http.BaseHttpServer (BaseHttpServer.java:<init>(189)) - HTTP server of hddsDatanode uses base directory /home/runner/work/ozone/ozone/hadoop-ozone/integration-test/target/test-dir/MiniOzoneClusterImpl-61f21677-568d-49d7-a2ee-8a05247fe249/ozone-meta/datanode-5/meta/webserver
2024-11-29 05:29:25,603 [main] INFO  http.HttpServer2 (HttpServer2.java:bindListener(1235)) - Jetty bound to port 15045
2024-11-29 05:29:25,603 [main] INFO  server.Server (Server.java:doStart(375)) - jetty-9.4.56.v20240826; built: 2024-08-26T17:15:05.868Z; git: ec6782ff5ead824dabdcf47fa98f90a4aedff401; jvm 17.0.13+11
2024-11-29 05:29:25,609 [main] INFO  server.session (DefaultSessionIdManager.java:doStart(334)) - DefaultSessionIdManager workerName=node0
2024-11-29 05:29:25,609 [main] INFO  server.session (DefaultSessionIdManager.java:doStart(339)) - No SessionScavenger set, using defaults
2024-11-29 05:29:25,609 [main] INFO  server.session (HouseKeeper.java:startScavenging(132)) - node0 Scavenging every 600000ms
2024-11-29 05:29:25,610 [main] INFO  handler.ContextHandler (ContextHandler.java:doStart(921)) - Started o.e.j.s.ServletContextHandler@3230a186{logs,/logs,file:///home/runner/work/ozone/ozone/hadoop-ozone/integration-test/target/log,AVAILABLE}
2024-11-29 05:29:25,610 [main] INFO  handler.ContextHandler (ContextHandler.java:doStart(921)) - Started o.e.j.s.ServletContextHandler@255cc703{static,/static,jar:file:/home/runner/work/ozone/ozone/hadoop-hdds/container-service/target/hdds-container-service-2.0.0-SNAPSHOT.jar!/webapps/static,AVAILABLE}
2024-11-29 05:29:25,823 [main] INFO  handler.ContextHandler (ContextHandler.java:doStart(921)) - Started o.e.j.w.WebAppContext@2e754572{hddsDatanode,/,file:///home/runner/work/ozone/ozone/hadoop-ozone/integration-test/target/test-dir/MiniOzoneClusterImpl-61f21677-568d-49d7-a2ee-8a05247fe249/ozone-meta/datanode-5/meta/webserver/jetty-0_0_0_0-15045-hdds-container-service-2_0_0-SNAPSHOT_jar-_-any-16598604533333755792/webapp/,AVAILABLE}{jar:file:/home/runner/work/ozone/ozone/hadoop-hdds/container-service/target/hdds-container-service-2.0.0-SNAPSHOT.jar!/webapps/hddsDatanode}
2024-11-29 05:29:25,824 [main] INFO  server.AbstractConnector (AbstractConnector.java:doStart(333)) - Started ServerConnector@2478f64c{HTTP/1.1, (http/1.1)}{0.0.0.0:15045}
2024-11-29 05:29:25,825 [main] INFO  server.Server (Server.java:doStart(415)) - Started @10990ms
2024-11-29 05:29:25,825 [main] WARN  impl.MetricsSystemImpl (MetricsSystemImpl.java:register(279)) - Sink prometheus already exists!
2024-11-29 05:29:25,826 [main] INFO  http.BaseHttpServer (BaseHttpServer.java:updateConnectorAddress(354)) - HTTP server of hddsDatanode listening at http://0.0.0.0:15045
2024-11-29 05:29:25,827 [main] INFO  ipc.CallQueueManager (CallQueueManager.java:<init>(93)) - Using callQueue: class java.util.concurrent.LinkedBlockingQueue, queueCapacity: 1000, scheduler: class org.apache.hadoop.ipc.DefaultRpcScheduler, ipcBackoff: false, ipcFailOver: false.
2024-11-29 05:29:25,827 [main] INFO  ipc.Server (Server.java:<init>(1438)) - Listener at 0.0.0.0:15046
2024-11-29 05:29:25,828 [Socket Reader #1 for port 15046] INFO  ipc.Server (Server.java:run(1474)) - Starting Socket Reader #1 for port 15046
2024-11-29 05:29:25,828 [Socket Reader #2 for port 15046] INFO  ipc.Server (Server.java:run(1474)) - Starting Socket Reader #2 for port 15046
2024-11-29 05:29:25,838 [Socket Reader #3 for port 15046] INFO  ipc.Server (Server.java:run(1474)) - Starting Socket Reader #3 for port 15046
2024-11-29 05:29:25,839 [Socket Reader #4 for port 15046] INFO  ipc.Server (Server.java:run(1474)) - Starting Socket Reader #4 for port 15046
2024-11-29 05:29:25,839 [Socket Reader #5 for port 15046] INFO  ipc.Server (Server.java:run(1474)) - Starting Socket Reader #5 for port 15046
2024-11-29 05:29:25,840 [Socket Reader #7 for port 15046] INFO  ipc.Server (Server.java:run(1474)) - Starting Socket Reader #7 for port 15046
2024-11-29 05:29:25,840 [Socket Reader #8 for port 15046] INFO  ipc.Server (Server.java:run(1474)) - Starting Socket Reader #8 for port 15046
2024-11-29 05:29:25,840 [Socket Reader #6 for port 15046] INFO  ipc.Server (Server.java:run(1474)) - Starting Socket Reader #6 for port 15046
2024-11-29 05:29:25,841 [Socket Reader #9 for port 15046] INFO  ipc.Server (Server.java:run(1474)) - Starting Socket Reader #9 for port 15046
2024-11-29 05:29:25,841 [Socket Reader #10 for port 15046] INFO  ipc.Server (Server.java:run(1474)) - Starting Socket Reader #10 for port 15046
2024-11-29 05:29:25,844 [main] INFO  ozone.HddsDatanodeService (HddsDatanodeService.java:start(332)) - Datanode start with admins: [runner]
2024-11-29 05:29:25,844 [main] INFO  ozone.HddsDatanodeClientProtocolServer (HddsDatanodeClientProtocolServer.java:start(79)) - RPC server for Client /0.0.0.0:15046
2024-11-29 05:29:25,845 [IPC Server Responder] INFO  ipc.Server (Server.java:run(1713)) - IPC Server Responder: starting
2024-11-29 05:29:25,845 [IPC Server listener on 15046] INFO  ipc.Server (Server.java:run(1553)) - IPC Server listener on 15046: starting
2024-11-29 05:29:25,854 [main] INFO  ozone.MiniOzoneClusterImpl (MiniOzoneClusterImpl.java:lambda$waitForClusterToBeReady$0(219)) - Waiting for nodes to be ready. Got 0 of 5 DN Heartbeats.
2024-11-29 05:29:25,855 [22bda68c-b64b-4e26-a6f3-14a354ca4fb6-DatanodeStateMachineDaemonThread] INFO  statemachine.DatanodeStateMachine (DatanodeStateMachine.java:startStateMachineThread(337)) - Ozone container server started.
2024-11-29 05:29:25,855 [main] INFO  ozone.MiniOzoneClusterImpl (MiniOzoneClusterImpl.java:lambda$waitForClusterToBeReady$0(222)) - Waiting for cluster to exit safe mode
2024-11-29 05:29:25,855 [main] INFO  ozone.MiniOzoneClusterImpl (MiniOzoneClusterImpl.java:lambda$waitForClusterToBeReady$0(224)) - SCM became leader
2024-11-29 05:29:25,861 [22bda68c-b64b-4e26-a6f3-14a354ca4fb6-DatanodeStateMachineTaskThread-0] INFO  datanode.InitDatanodeState (InitDatanodeState.java:persistContainerDatanodeDetails(139)) - DatanodeDetails is persisted to /home/runner/work/ozone/ozone/hadoop-ozone/integration-test/target/test-dir/MiniOzoneClusterImpl-61f21677-568d-49d7-a2ee-8a05247fe249/ozone-meta/datanode-5/meta/datanode.id
2024-11-29 05:29:26,179 [9c663db8-fa21-4bd9-8dc4-4774c554fbc4-EndpointStateMachineTaskThread-/0.0.0.0:15002-0 ] INFO  utils.DatanodeStoreCache (DatanodeStoreCache.java:addDB(72)) - Added db /home/runner/work/ozone/ozone/hadoop-ozone/integration-test/target/test-dir/MiniOzoneClusterImpl-61f21677-568d-49d7-a2ee-8a05247fe249/ozone-meta/datanode-1/data-0/hdds/61f21677-568d-49d7-a2ee-8a05247fe249/DS-a75c8c63-ea5b-4d16-8651-eacd9029598b/container.db to cache
2024-11-29 05:29:26,179 [9c663db8-fa21-4bd9-8dc4-4774c554fbc4-EndpointStateMachineTaskThread-/0.0.0.0:15002-0 ] INFO  volume.HddsVolume (HddsVolume.java:createDbStore(447)) - SchemaV3 db is created and loaded at /home/runner/work/ozone/ozone/hadoop-ozone/integration-test/target/test-dir/MiniOzoneClusterImpl-61f21677-568d-49d7-a2ee-8a05247fe249/ozone-meta/datanode-1/data-0/hdds/61f21677-568d-49d7-a2ee-8a05247fe249/DS-a75c8c63-ea5b-4d16-8651-eacd9029598b/container.db for volume DS-a75c8c63-ea5b-4d16-8651-eacd9029598b
2024-11-29 05:29:26,190 [9c663db8-fa21-4bd9-8dc4-4774c554fbc4-ContainerReader-0] INFO  ozoneimpl.ContainerReader (ContainerReader.java:readVolume(148)) - Start to verify containers on volume /home/runner/work/ozone/ozone/hadoop-ozone/integration-test/target/test-dir/MiniOzoneClusterImpl-61f21677-568d-49d7-a2ee-8a05247fe249/ozone-meta/datanode-1/data-0/hdds
2024-11-29 05:29:26,191 [9c663db8-fa21-4bd9-8dc4-4774c554fbc4-ContainerReader-0] INFO  ozoneimpl.ContainerReader (ContainerReader.java:readVolume(178)) - Finish verifying containers on volume /home/runner/work/ozone/ozone/hadoop-ozone/integration-test/target/test-dir/MiniOzoneClusterImpl-61f21677-568d-49d7-a2ee-8a05247fe249/ozone-meta/datanode-1/data-0/hdds
2024-11-29 05:29:26,192 [9c663db8-fa21-4bd9-8dc4-4774c554fbc4-EndpointStateMachineTaskThread-/0.0.0.0:15002-0 ] INFO  ozoneimpl.OzoneContainer (OzoneContainer.java:buildContainerSet(359)) - Build ContainerSet costs 0s
2024-11-29 05:29:26,193 [9c663db8-fa21-4bd9-8dc4-4774c554fbc4-EndpointStateMachineTaskThread-/0.0.0.0:15002-0 ] INFO  volume.ThrottledAsyncChecker (ThrottledAsyncChecker.java:schedule(141)) - Scheduling a check for /home/runner/work/ozone/ozone/hadoop-ozone/integration-test/target/test-dir/MiniOzoneClusterImpl-61f21677-568d-49d7-a2ee-8a05247fe249/ozone-meta/datanode-1/data-0/hdds
2024-11-29 05:29:26,199 [9c663db8-fa21-4bd9-8dc4-4774c554fbc4-EndpointStateMachineTaskThread-/0.0.0.0:15002-0 ] INFO  volume.StorageVolumeChecker (StorageVolumeChecker.java:checkAllVolumes(218)) - Scheduled health check for volume /home/runner/work/ozone/ozone/hadoop-ozone/integration-test/target/test-dir/MiniOzoneClusterImpl-61f21677-568d-49d7-a2ee-8a05247fe249/ozone-meta/datanode-1/data-0/hdds
2024-11-29 05:29:26,207 [9c663db8-fa21-4bd9-8dc4-4774c554fbc4-EndpointStateMachineTaskThread-/0.0.0.0:15002-0 ] INFO  volume.ThrottledAsyncChecker (ThrottledAsyncChecker.java:schedule(141)) - Scheduling a check for /home/runner/work/ozone/ozone/hadoop-ozone/integration-test/target/test-dir/MiniOzoneClusterImpl-61f21677-568d-49d7-a2ee-8a05247fe249/ozone-meta/datanode-1/ratis
2024-11-29 05:29:26,208 [9c663db8-fa21-4bd9-8dc4-4774c554fbc4-EndpointStateMachineTaskThread-/0.0.0.0:15002-0 ] INFO  volume.StorageVolumeChecker (StorageVolumeChecker.java:checkAllVolumes(218)) - Scheduled health check for volume /home/runner/work/ozone/ozone/hadoop-ozone/integration-test/target/test-dir/MiniOzoneClusterImpl-61f21677-568d-49d7-a2ee-8a05247fe249/ozone-meta/datanode-1/ratis
2024-11-29 05:29:26,209 [9c663db8-fa21-4bd9-8dc4-4774c554fbc4-EndpointStateMachineTaskThread-/0.0.0.0:15002-0 ] INFO  ozoneimpl.OzoneContainer (OzoneContainer.java:start(502)) - Attempting to start container services.
2024-11-29 05:29:26,221 [ContainerMetadataScanner] INFO  ozoneimpl.AbstractBackgroundContainerScanner (AbstractBackgroundContainerScanner.java:runIteration(87)) - Completed an iteration in 0 minutes. Number of iterations (since the data-node restart) : 1, Number of containers scanned in this iteration : 0, Number of unhealthy containers found in this iteration : 0
2024-11-29 05:29:26,226 [9c663db8-fa21-4bd9-8dc4-4774c554fbc4-EndpointStateMachineTaskThread-/0.0.0.0:15002-0 ] INFO  replication.ReplicationServer (ReplicationServer.java:start(139)) - ReplicationServer is started using port 15016
2024-11-29 05:29:26,226 [ContainerDataScanner(/home/runner/work/ozone/ozone/hadoop-ozone/integration-test/target/test-dir/MiniOzoneClusterImpl-61f21677-568d-49d7-a2ee-8a05247fe249/ozone-meta/datanode-1/data-0/hdds)] INFO  ozoneimpl.AbstractBackgroundContainerScanner (AbstractBackgroundContainerScanner.java:runIteration(87)) - Completed an iteration in 0 minutes. Number of iterations (since the data-node restart) : 1, Number of containers scanned in this iteration : 0, Number of unhealthy containers found in this iteration : 0
2024-11-29 05:29:26,229 [9c663db8-fa21-4bd9-8dc4-4774c554fbc4-EndpointStateMachineTaskThread-/0.0.0.0:15002-0 ] INFO  ratis.XceiverServerRatis (XceiverServerRatis.java:start(561)) - Starting XceiverServerRatis(9c663db8-fa21-4bd9-8dc4-4774c554fbc4)
2024-11-29 05:29:26,231 [9c663db8-fa21-4bd9-8dc4-4774c554fbc4-EndpointStateMachineTaskThread-/0.0.0.0:15002-0 ] INFO  server.RaftServer (RaftServerProxy.java:startImpl(407)) - 9c663db8-fa21-4bd9-8dc4-4774c554fbc4: start RPC server
2024-11-29 05:29:26,232 [9c663db8-fa21-4bd9-8dc4-4774c554fbc4-EndpointStateMachineTaskThread-/0.0.0.0:15002-0 ] INFO  server.GrpcService (GrpcService.java:startImpl(334)) - 9c663db8-fa21-4bd9-8dc4-4774c554fbc4: GrpcService started, listening on 15012
2024-11-29 05:29:26,233 [9c663db8-fa21-4bd9-8dc4-4774c554fbc4-EndpointStateMachineTaskThread-/0.0.0.0:15002-0 ] INFO  ratis.XceiverServerRatis (XceiverServerRatis.java:getRealPort(588)) - XceiverServerRatis(9c663db8-fa21-4bd9-8dc4-4774c554fbc4) is started using port RATIS=15012
2024-11-29 05:29:26,233 [9c663db8-fa21-4bd9-8dc4-4774c554fbc4-EndpointStateMachineTaskThread-/0.0.0.0:15002-0 ] INFO  ratis.XceiverServerRatis (XceiverServerRatis.java:getRealPort(588)) - XceiverServerRatis(9c663db8-fa21-4bd9-8dc4-4774c554fbc4) is started using port RATIS_ADMIN=15012
2024-11-29 05:29:26,233 [9c663db8-fa21-4bd9-8dc4-4774c554fbc4-EndpointStateMachineTaskThread-/0.0.0.0:15002-0 ] INFO  ratis.XceiverServerRatis (XceiverServerRatis.java:getRealPort(588)) - XceiverServerRatis(9c663db8-fa21-4bd9-8dc4-4774c554fbc4) is started using port RATIS_SERVER=15012
2024-11-29 05:29:26,233 [9c663db8-fa21-4bd9-8dc4-4774c554fbc4-EndpointStateMachineTaskThread-/0.0.0.0:15002-0 ] INFO  ratis.XceiverServerRatis (XceiverServerRatis.java:getRealPort(588)) - XceiverServerRatis(9c663db8-fa21-4bd9-8dc4-4774c554fbc4) is started using port RATIS_DATASTREAM=15015
2024-11-29 05:29:26,233 [JvmPauseMonitor2] INFO  util.JvmPauseMonitor (JvmPauseMonitor.java:run(146)) - JvmPauseMonitor-9c663db8-fa21-4bd9-8dc4-4774c554fbc4: Started
2024-11-29 05:29:26,237 [9c663db8-fa21-4bd9-8dc4-4774c554fbc4-BlockDeletingService#0] INFO  interfaces.ContainerDeletionChoosingPolicyTemplate (ContainerDeletionChoosingPolicyTemplate.java:chooseContainerForBlockDeletion(85)) - Chosen 0/5000 blocks from 0 candidate containers.
2024-11-29 05:29:26,571 [ca425215-81ee-42b3-84d9-8ded1157efea-EndpointStateMachineTaskThread-/0.0.0.0:15002-0 ] INFO  utils.DatanodeStoreCache (DatanodeStoreCache.java:addDB(72)) - Added db /home/runner/work/ozone/ozone/hadoop-ozone/integration-test/target/test-dir/MiniOzoneClusterImpl-61f21677-568d-49d7-a2ee-8a05247fe249/ozone-meta/datanode-2/data-0/hdds/61f21677-568d-49d7-a2ee-8a05247fe249/DS-1b42e33a-b9d3-490e-b7bd-5d9f48b393a9/container.db to cache
2024-11-29 05:29:26,571 [ca425215-81ee-42b3-84d9-8ded1157efea-EndpointStateMachineTaskThread-/0.0.0.0:15002-0 ] INFO  volume.HddsVolume (HddsVolume.java:createDbStore(447)) - SchemaV3 db is created and loaded at /home/runner/work/ozone/ozone/hadoop-ozone/integration-test/target/test-dir/MiniOzoneClusterImpl-61f21677-568d-49d7-a2ee-8a05247fe249/ozone-meta/datanode-2/data-0/hdds/61f21677-568d-49d7-a2ee-8a05247fe249/DS-1b42e33a-b9d3-490e-b7bd-5d9f48b393a9/container.db for volume DS-1b42e33a-b9d3-490e-b7bd-5d9f48b393a9
2024-11-29 05:29:26,575 [ca425215-81ee-42b3-84d9-8ded1157efea-ContainerReader-0] INFO  ozoneimpl.ContainerReader (ContainerReader.java:readVolume(148)) - Start to verify containers on volume /home/runner/work/ozone/ozone/hadoop-ozone/integration-test/target/test-dir/MiniOzoneClusterImpl-61f21677-568d-49d7-a2ee-8a05247fe249/ozone-meta/datanode-2/data-0/hdds
2024-11-29 05:29:26,575 [ca425215-81ee-42b3-84d9-8ded1157efea-ContainerReader-0] INFO  ozoneimpl.ContainerReader (ContainerReader.java:readVolume(178)) - Finish verifying containers on volume /home/runner/work/ozone/ozone/hadoop-ozone/integration-test/target/test-dir/MiniOzoneClusterImpl-61f21677-568d-49d7-a2ee-8a05247fe249/ozone-meta/datanode-2/data-0/hdds
2024-11-29 05:29:26,575 [ca425215-81ee-42b3-84d9-8ded1157efea-EndpointStateMachineTaskThread-/0.0.0.0:15002-0 ] INFO  ozoneimpl.OzoneContainer (OzoneContainer.java:buildContainerSet(359)) - Build ContainerSet costs 0s
2024-11-29 05:29:26,576 [ca425215-81ee-42b3-84d9-8ded1157efea-EndpointStateMachineTaskThread-/0.0.0.0:15002-0 ] INFO  volume.ThrottledAsyncChecker (ThrottledAsyncChecker.java:schedule(141)) - Scheduling a check for /home/runner/work/ozone/ozone/hadoop-ozone/integration-test/target/test-dir/MiniOzoneClusterImpl-61f21677-568d-49d7-a2ee-8a05247fe249/ozone-meta/datanode-2/data-0/hdds
2024-11-29 05:29:26,576 [ca425215-81ee-42b3-84d9-8ded1157efea-EndpointStateMachineTaskThread-/0.0.0.0:15002-0 ] INFO  volume.StorageVolumeChecker (StorageVolumeChecker.java:checkAllVolumes(218)) - Scheduled health check for volume /home/runner/work/ozone/ozone/hadoop-ozone/integration-test/target/test-dir/MiniOzoneClusterImpl-61f21677-568d-49d7-a2ee-8a05247fe249/ozone-meta/datanode-2/data-0/hdds
2024-11-29 05:29:26,578 [ca425215-81ee-42b3-84d9-8ded1157efea-EndpointStateMachineTaskThread-/0.0.0.0:15002-0 ] INFO  volume.ThrottledAsyncChecker (ThrottledAsyncChecker.java:schedule(141)) - Scheduling a check for /home/runner/work/ozone/ozone/hadoop-ozone/integration-test/target/test-dir/MiniOzoneClusterImpl-61f21677-568d-49d7-a2ee-8a05247fe249/ozone-meta/datanode-2/ratis
2024-11-29 05:29:26,578 [ca425215-81ee-42b3-84d9-8ded1157efea-EndpointStateMachineTaskThread-/0.0.0.0:15002-0 ] INFO  volume.StorageVolumeChecker (StorageVolumeChecker.java:checkAllVolumes(218)) - Scheduled health check for volume /home/runner/work/ozone/ozone/hadoop-ozone/integration-test/target/test-dir/MiniOzoneClusterImpl-61f21677-568d-49d7-a2ee-8a05247fe249/ozone-meta/datanode-2/ratis
2024-11-29 05:29:26,580 [ca425215-81ee-42b3-84d9-8ded1157efea-EndpointStateMachineTaskThread-/0.0.0.0:15002-0 ] INFO  ozoneimpl.OzoneContainer (OzoneContainer.java:start(502)) - Attempting to start container services.
2024-11-29 05:29:26,580 [ca425215-81ee-42b3-84d9-8ded1157efea-EndpointStateMachineTaskThread-/0.0.0.0:15002-0 ] WARN  ozoneimpl.OnDemandContainerDataScanner (OnDemandContainerDataScanner.java:init(75)) - Trying to initialize on demand scanner a second time on a datanode.
2024-11-29 05:29:26,582 [ContainerMetadataScanner] INFO  ozoneimpl.AbstractBackgroundContainerScanner (AbstractBackgroundContainerScanner.java:runIteration(87)) - Completed an iteration in 0 minutes. Number of iterations (since the data-node restart) : 1, Number of containers scanned in this iteration : 0, Number of unhealthy containers found in this iteration : 0
2024-11-29 05:29:26,590 [ContainerDataScanner(/home/runner/work/ozone/ozone/hadoop-ozone/integration-test/target/test-dir/MiniOzoneClusterImpl-61f21677-568d-49d7-a2ee-8a05247fe249/ozone-meta/datanode-2/data-0/hdds)] INFO  ozoneimpl.AbstractBackgroundContainerScanner (AbstractBackgroundContainerScanner.java:runIteration(87)) - Completed an iteration in 0 minutes. Number of iterations (since the data-node restart) : 1, Number of containers scanned in this iteration : 0, Number of unhealthy containers found in this iteration : 0
2024-11-29 05:29:26,591 [ca425215-81ee-42b3-84d9-8ded1157efea-EndpointStateMachineTaskThread-/0.0.0.0:15002-0 ] INFO  replication.ReplicationServer (ReplicationServer.java:start(139)) - ReplicationServer is started using port 15025
2024-11-29 05:29:26,592 [ca425215-81ee-42b3-84d9-8ded1157efea-EndpointStateMachineTaskThread-/0.0.0.0:15002-0 ] INFO  ratis.XceiverServerRatis (XceiverServerRatis.java:start(561)) - Starting XceiverServerRatis(ca425215-81ee-42b3-84d9-8ded1157efea)
2024-11-29 05:29:26,597 [ca425215-81ee-42b3-84d9-8ded1157efea-EndpointStateMachineTaskThread-/0.0.0.0:15002-0 ] INFO  server.RaftServer (RaftServerProxy.java:startImpl(407)) - ca425215-81ee-42b3-84d9-8ded1157efea: start RPC server
2024-11-29 05:29:26,597 [ca425215-81ee-42b3-84d9-8ded1157efea-EndpointStateMachineTaskThread-/0.0.0.0:15002-0 ] INFO  server.GrpcService (GrpcService.java:startImpl(334)) - ca425215-81ee-42b3-84d9-8ded1157efea: GrpcService started, listening on 15021
2024-11-29 05:29:26,598 [ca425215-81ee-42b3-84d9-8ded1157efea-EndpointStateMachineTaskThread-/0.0.0.0:15002-0 ] INFO  ratis.XceiverServerRatis (XceiverServerRatis.java:getRealPort(588)) - XceiverServerRatis(ca425215-81ee-42b3-84d9-8ded1157efea) is started using port RATIS=15021
2024-11-29 05:29:26,598 [ca425215-81ee-42b3-84d9-8ded1157efea-EndpointStateMachineTaskThread-/0.0.0.0:15002-0 ] INFO  ratis.XceiverServerRatis (XceiverServerRatis.java:getRealPort(588)) - XceiverServerRatis(ca425215-81ee-42b3-84d9-8ded1157efea) is started using port RATIS_ADMIN=15021
2024-11-29 05:29:26,599 [ca425215-81ee-42b3-84d9-8ded1157efea-EndpointStateMachineTaskThread-/0.0.0.0:15002-0 ] INFO  ratis.XceiverServerRatis (XceiverServerRatis.java:getRealPort(588)) - XceiverServerRatis(ca425215-81ee-42b3-84d9-8ded1157efea) is started using port RATIS_SERVER=15021
2024-11-29 05:29:26,599 [ca425215-81ee-42b3-84d9-8ded1157efea-EndpointStateMachineTaskThread-/0.0.0.0:15002-0 ] INFO  ratis.XceiverServerRatis (XceiverServerRatis.java:getRealPort(588)) - XceiverServerRatis(ca425215-81ee-42b3-84d9-8ded1157efea) is started using port RATIS_DATASTREAM=15024
2024-11-29 05:29:26,598 [JvmPauseMonitor3] INFO  util.JvmPauseMonitor (JvmPauseMonitor.java:run(146)) - JvmPauseMonitor-ca425215-81ee-42b3-84d9-8ded1157efea: Started
2024-11-29 05:29:26,604 [ca425215-81ee-42b3-84d9-8ded1157efea-BlockDeletingService#0] INFO  interfaces.ContainerDeletionChoosingPolicyTemplate (ContainerDeletionChoosingPolicyTemplate.java:chooseContainerForBlockDeletion(85)) - Chosen 0/5000 blocks from 0 candidate containers.
2024-11-29 05:29:26,855 [main] INFO  ozone.MiniOzoneClusterImpl (MiniOzoneClusterImpl.java:lambda$waitForClusterToBeReady$0(219)) - Waiting for nodes to be ready. Got 0 of 5 DN Heartbeats.
2024-11-29 05:29:26,856 [main] INFO  ozone.MiniOzoneClusterImpl (MiniOzoneClusterImpl.java:lambda$waitForClusterToBeReady$0(222)) - Waiting for cluster to exit safe mode
2024-11-29 05:29:26,856 [main] INFO  ozone.MiniOzoneClusterImpl (MiniOzoneClusterImpl.java:lambda$waitForClusterToBeReady$0(224)) - SCM became leader
2024-11-29 05:29:27,031 [46c085ae-d173-483e-a797-bf073fdc6d33-EndpointStateMachineTaskThread-/0.0.0.0:15002-0 ] INFO  utils.DatanodeStoreCache (DatanodeStoreCache.java:addDB(72)) - Added db /home/runner/work/ozone/ozone/hadoop-ozone/integration-test/target/test-dir/MiniOzoneClusterImpl-61f21677-568d-49d7-a2ee-8a05247fe249/ozone-meta/datanode-3/data-0/hdds/61f21677-568d-49d7-a2ee-8a05247fe249/DS-a85c64d8-cd44-4527-98e5-4c7748fad9d1/container.db to cache
2024-11-29 05:29:27,032 [46c085ae-d173-483e-a797-bf073fdc6d33-EndpointStateMachineTaskThread-/0.0.0.0:15002-0 ] INFO  volume.HddsVolume (HddsVolume.java:createDbStore(447)) - SchemaV3 db is created and loaded at /home/runner/work/ozone/ozone/hadoop-ozone/integration-test/target/test-dir/MiniOzoneClusterImpl-61f21677-568d-49d7-a2ee-8a05247fe249/ozone-meta/datanode-3/data-0/hdds/61f21677-568d-49d7-a2ee-8a05247fe249/DS-a85c64d8-cd44-4527-98e5-4c7748fad9d1/container.db for volume DS-a85c64d8-cd44-4527-98e5-4c7748fad9d1
2024-11-29 05:29:27,034 [46c085ae-d173-483e-a797-bf073fdc6d33-ContainerReader-0] INFO  ozoneimpl.ContainerReader (ContainerReader.java:readVolume(148)) - Start to verify containers on volume /home/runner/work/ozone/ozone/hadoop-ozone/integration-test/target/test-dir/MiniOzoneClusterImpl-61f21677-568d-49d7-a2ee-8a05247fe249/ozone-meta/datanode-3/data-0/hdds
2024-11-29 05:29:27,035 [46c085ae-d173-483e-a797-bf073fdc6d33-ContainerReader-0] INFO  ozoneimpl.ContainerReader (ContainerReader.java:readVolume(178)) - Finish verifying containers on volume /home/runner/work/ozone/ozone/hadoop-ozone/integration-test/target/test-dir/MiniOzoneClusterImpl-61f21677-568d-49d7-a2ee-8a05247fe249/ozone-meta/datanode-3/data-0/hdds
2024-11-29 05:29:27,036 [46c085ae-d173-483e-a797-bf073fdc6d33-EndpointStateMachineTaskThread-/0.0.0.0:15002-0 ] INFO  ozoneimpl.OzoneContainer (OzoneContainer.java:buildContainerSet(359)) - Build ContainerSet costs 0s
2024-11-29 05:29:27,036 [46c085ae-d173-483e-a797-bf073fdc6d33-EndpointStateMachineTaskThread-/0.0.0.0:15002-0 ] INFO  volume.ThrottledAsyncChecker (ThrottledAsyncChecker.java:schedule(141)) - Scheduling a check for /home/runner/work/ozone/ozone/hadoop-ozone/integration-test/target/test-dir/MiniOzoneClusterImpl-61f21677-568d-49d7-a2ee-8a05247fe249/ozone-meta/datanode-3/data-0/hdds
2024-11-29 05:29:27,038 [46c085ae-d173-483e-a797-bf073fdc6d33-EndpointStateMachineTaskThread-/0.0.0.0:15002-0 ] INFO  volume.StorageVolumeChecker (StorageVolumeChecker.java:checkAllVolumes(218)) - Scheduled health check for volume /home/runner/work/ozone/ozone/hadoop-ozone/integration-test/target/test-dir/MiniOzoneClusterImpl-61f21677-568d-49d7-a2ee-8a05247fe249/ozone-meta/datanode-3/data-0/hdds
2024-11-29 05:29:27,040 [46c085ae-d173-483e-a797-bf073fdc6d33-EndpointStateMachineTaskThread-/0.0.0.0:15002-0 ] INFO  volume.ThrottledAsyncChecker (ThrottledAsyncChecker.java:schedule(141)) - Scheduling a check for /home/runner/work/ozone/ozone/hadoop-ozone/integration-test/target/test-dir/MiniOzoneClusterImpl-61f21677-568d-49d7-a2ee-8a05247fe249/ozone-meta/datanode-3/ratis
2024-11-29 05:29:27,041 [46c085ae-d173-483e-a797-bf073fdc6d33-EndpointStateMachineTaskThread-/0.0.0.0:15002-0 ] INFO  volume.StorageVolumeChecker (StorageVolumeChecker.java:checkAllVolumes(218)) - Scheduled health check for volume /home/runner/work/ozone/ozone/hadoop-ozone/integration-test/target/test-dir/MiniOzoneClusterImpl-61f21677-568d-49d7-a2ee-8a05247fe249/ozone-meta/datanode-3/ratis
2024-11-29 05:29:27,043 [46c085ae-d173-483e-a797-bf073fdc6d33-EndpointStateMachineTaskThread-/0.0.0.0:15002-0 ] INFO  ozoneimpl.OzoneContainer (OzoneContainer.java:start(502)) - Attempting to start container services.
2024-11-29 05:29:27,043 [46c085ae-d173-483e-a797-bf073fdc6d33-EndpointStateMachineTaskThread-/0.0.0.0:15002-0 ] WARN  ozoneimpl.OnDemandContainerDataScanner (OnDemandContainerDataScanner.java:init(75)) - Trying to initialize on demand scanner a second time on a datanode.
2024-11-29 05:29:27,047 [ContainerDataScanner(/home/runner/work/ozone/ozone/hadoop-ozone/integration-test/target/test-dir/MiniOzoneClusterImpl-61f21677-568d-49d7-a2ee-8a05247fe249/ozone-meta/datanode-3/data-0/hdds)] INFO  ozoneimpl.AbstractBackgroundContainerScanner (AbstractBackgroundContainerScanner.java:runIteration(87)) - Completed an iteration in 0 minutes. Number of iterations (since the data-node restart) : 1, Number of containers scanned in this iteration : 0, Number of unhealthy containers found in this iteration : 0
2024-11-29 05:29:27,047 [ContainerMetadataScanner] INFO  ozoneimpl.AbstractBackgroundContainerScanner (AbstractBackgroundContainerScanner.java:runIteration(87)) - Completed an iteration in 0 minutes. Number of iterations (since the data-node restart) : 1, Number of containers scanned in this iteration : 0, Number of unhealthy containers found in this iteration : 0
2024-11-29 05:29:27,051 [46c085ae-d173-483e-a797-bf073fdc6d33-EndpointStateMachineTaskThread-/0.0.0.0:15002-0 ] INFO  replication.ReplicationServer (ReplicationServer.java:start(139)) - ReplicationServer is started using port 15034
2024-11-29 05:29:27,051 [46c085ae-d173-483e-a797-bf073fdc6d33-EndpointStateMachineTaskThread-/0.0.0.0:15002-0 ] INFO  ratis.XceiverServerRatis (XceiverServerRatis.java:start(561)) - Starting XceiverServerRatis(46c085ae-d173-483e-a797-bf073fdc6d33)
2024-11-29 05:29:27,053 [46c085ae-d173-483e-a797-bf073fdc6d33-EndpointStateMachineTaskThread-/0.0.0.0:15002-0 ] INFO  server.RaftServer (RaftServerProxy.java:startImpl(407)) - 46c085ae-d173-483e-a797-bf073fdc6d33: start RPC server
2024-11-29 05:29:27,054 [46c085ae-d173-483e-a797-bf073fdc6d33-EndpointStateMachineTaskThread-/0.0.0.0:15002-0 ] INFO  server.GrpcService (GrpcService.java:startImpl(334)) - 46c085ae-d173-483e-a797-bf073fdc6d33: GrpcService started, listening on 15030
2024-11-29 05:29:27,054 [46c085ae-d173-483e-a797-bf073fdc6d33-EndpointStateMachineTaskThread-/0.0.0.0:15002-0 ] INFO  ratis.XceiverServerRatis (XceiverServerRatis.java:getRealPort(588)) - XceiverServerRatis(46c085ae-d173-483e-a797-bf073fdc6d33) is started using port RATIS=15030
2024-11-29 05:29:27,054 [46c085ae-d173-483e-a797-bf073fdc6d33-EndpointStateMachineTaskThread-/0.0.0.0:15002-0 ] INFO  ratis.XceiverServerRatis (XceiverServerRatis.java:getRealPort(588)) - XceiverServerRatis(46c085ae-d173-483e-a797-bf073fdc6d33) is started using port RATIS_ADMIN=15030
2024-11-29 05:29:27,054 [46c085ae-d173-483e-a797-bf073fdc6d33-EndpointStateMachineTaskThread-/0.0.0.0:15002-0 ] INFO  ratis.XceiverServerRatis (XceiverServerRatis.java:getRealPort(588)) - XceiverServerRatis(46c085ae-d173-483e-a797-bf073fdc6d33) is started using port RATIS_SERVER=15030
2024-11-29 05:29:27,054 [46c085ae-d173-483e-a797-bf073fdc6d33-EndpointStateMachineTaskThread-/0.0.0.0:15002-0 ] INFO  ratis.XceiverServerRatis (XceiverServerRatis.java:getRealPort(588)) - XceiverServerRatis(46c085ae-d173-483e-a797-bf073fdc6d33) is started using port RATIS_DATASTREAM=15033
2024-11-29 05:29:27,055 [JvmPauseMonitor4] INFO  util.JvmPauseMonitor (JvmPauseMonitor.java:run(146)) - JvmPauseMonitor-46c085ae-d173-483e-a797-bf073fdc6d33: Started
2024-11-29 05:29:27,057 [46c085ae-d173-483e-a797-bf073fdc6d33-BlockDeletingService#0] INFO  interfaces.ContainerDeletionChoosingPolicyTemplate (ContainerDeletionChoosingPolicyTemplate.java:chooseContainerForBlockDeletion(85)) - Chosen 0/5000 blocks from 0 candidate containers.
2024-11-29 05:29:27,546 [82107b5c-a456-4cce-866c-b79ad2953fda-EndpointStateMachineTaskThread-/0.0.0.0:15002-0 ] INFO  utils.DatanodeStoreCache (DatanodeStoreCache.java:addDB(72)) - Added db /home/runner/work/ozone/ozone/hadoop-ozone/integration-test/target/test-dir/MiniOzoneClusterImpl-61f21677-568d-49d7-a2ee-8a05247fe249/ozone-meta/datanode-4/data-0/hdds/61f21677-568d-49d7-a2ee-8a05247fe249/DS-2867feb1-de06-4d6e-9c7d-757162768a94/container.db to cache
2024-11-29 05:29:27,546 [82107b5c-a456-4cce-866c-b79ad2953fda-EndpointStateMachineTaskThread-/0.0.0.0:15002-0 ] INFO  volume.HddsVolume (HddsVolume.java:createDbStore(447)) - SchemaV3 db is created and loaded at /home/runner/work/ozone/ozone/hadoop-ozone/integration-test/target/test-dir/MiniOzoneClusterImpl-61f21677-568d-49d7-a2ee-8a05247fe249/ozone-meta/datanode-4/data-0/hdds/61f21677-568d-49d7-a2ee-8a05247fe249/DS-2867feb1-de06-4d6e-9c7d-757162768a94/container.db for volume DS-2867feb1-de06-4d6e-9c7d-757162768a94
2024-11-29 05:29:27,549 [82107b5c-a456-4cce-866c-b79ad2953fda-ContainerReader-0] INFO  ozoneimpl.ContainerReader (ContainerReader.java:readVolume(148)) - Start to verify containers on volume /home/runner/work/ozone/ozone/hadoop-ozone/integration-test/target/test-dir/MiniOzoneClusterImpl-61f21677-568d-49d7-a2ee-8a05247fe249/ozone-meta/datanode-4/data-0/hdds
2024-11-29 05:29:27,549 [82107b5c-a456-4cce-866c-b79ad2953fda-ContainerReader-0] INFO  ozoneimpl.ContainerReader (ContainerReader.java:readVolume(178)) - Finish verifying containers on volume /home/runner/work/ozone/ozone/hadoop-ozone/integration-test/target/test-dir/MiniOzoneClusterImpl-61f21677-568d-49d7-a2ee-8a05247fe249/ozone-meta/datanode-4/data-0/hdds
2024-11-29 05:29:27,549 [82107b5c-a456-4cce-866c-b79ad2953fda-EndpointStateMachineTaskThread-/0.0.0.0:15002-0 ] INFO  ozoneimpl.OzoneContainer (OzoneContainer.java:buildContainerSet(359)) - Build ContainerSet costs 0s
2024-11-29 05:29:27,549 [82107b5c-a456-4cce-866c-b79ad2953fda-EndpointStateMachineTaskThread-/0.0.0.0:15002-0 ] INFO  volume.ThrottledAsyncChecker (ThrottledAsyncChecker.java:schedule(141)) - Scheduling a check for /home/runner/work/ozone/ozone/hadoop-ozone/integration-test/target/test-dir/MiniOzoneClusterImpl-61f21677-568d-49d7-a2ee-8a05247fe249/ozone-meta/datanode-4/data-0/hdds
2024-11-29 05:29:27,550 [82107b5c-a456-4cce-866c-b79ad2953fda-EndpointStateMachineTaskThread-/0.0.0.0:15002-0 ] INFO  volume.StorageVolumeChecker (StorageVolumeChecker.java:checkAllVolumes(218)) - Scheduled health check for volume /home/runner/work/ozone/ozone/hadoop-ozone/integration-test/target/test-dir/MiniOzoneClusterImpl-61f21677-568d-49d7-a2ee-8a05247fe249/ozone-meta/datanode-4/data-0/hdds
2024-11-29 05:29:27,552 [82107b5c-a456-4cce-866c-b79ad2953fda-EndpointStateMachineTaskThread-/0.0.0.0:15002-0 ] INFO  volume.ThrottledAsyncChecker (ThrottledAsyncChecker.java:schedule(141)) - Scheduling a check for /home/runner/work/ozone/ozone/hadoop-ozone/integration-test/target/test-dir/MiniOzoneClusterImpl-61f21677-568d-49d7-a2ee-8a05247fe249/ozone-meta/datanode-4/ratis
2024-11-29 05:29:27,552 [82107b5c-a456-4cce-866c-b79ad2953fda-EndpointStateMachineTaskThread-/0.0.0.0:15002-0 ] INFO  volume.StorageVolumeChecker (StorageVolumeChecker.java:checkAllVolumes(218)) - Scheduled health check for volume /home/runner/work/ozone/ozone/hadoop-ozone/integration-test/target/test-dir/MiniOzoneClusterImpl-61f21677-568d-49d7-a2ee-8a05247fe249/ozone-meta/datanode-4/ratis
2024-11-29 05:29:27,553 [82107b5c-a456-4cce-866c-b79ad2953fda-EndpointStateMachineTaskThread-/0.0.0.0:15002-0 ] INFO  ozoneimpl.OzoneContainer (OzoneContainer.java:start(502)) - Attempting to start container services.
2024-11-29 05:29:27,553 [82107b5c-a456-4cce-866c-b79ad2953fda-EndpointStateMachineTaskThread-/0.0.0.0:15002-0 ] WARN  ozoneimpl.OnDemandContainerDataScanner (OnDemandContainerDataScanner.java:init(75)) - Trying to initialize on demand scanner a second time on a datanode.
2024-11-29 05:29:27,555 [ContainerMetadataScanner] INFO  ozoneimpl.AbstractBackgroundContainerScanner (AbstractBackgroundContainerScanner.java:runIteration(87)) - Completed an iteration in 0 minutes. Number of iterations (since the data-node restart) : 1, Number of containers scanned in this iteration : 0, Number of unhealthy containers found in this iteration : 0
2024-11-29 05:29:27,556 [82107b5c-a456-4cce-866c-b79ad2953fda-EndpointStateMachineTaskThread-/0.0.0.0:15002-0 ] INFO  replication.ReplicationServer (ReplicationServer.java:start(139)) - ReplicationServer is started using port 15043
2024-11-29 05:29:27,556 [82107b5c-a456-4cce-866c-b79ad2953fda-EndpointStateMachineTaskThread-/0.0.0.0:15002-0 ] INFO  ratis.XceiverServerRatis (XceiverServerRatis.java:start(561)) - Starting XceiverServerRatis(82107b5c-a456-4cce-866c-b79ad2953fda)
2024-11-29 05:29:27,557 [ContainerDataScanner(/home/runner/work/ozone/ozone/hadoop-ozone/integration-test/target/test-dir/MiniOzoneClusterImpl-61f21677-568d-49d7-a2ee-8a05247fe249/ozone-meta/datanode-4/data-0/hdds)] INFO  ozoneimpl.AbstractBackgroundContainerScanner (AbstractBackgroundContainerScanner.java:runIteration(87)) - Completed an iteration in 0 minutes. Number of iterations (since the data-node restart) : 1, Number of containers scanned in this iteration : 0, Number of unhealthy containers found in this iteration : 0
2024-11-29 05:29:27,566 [82107b5c-a456-4cce-866c-b79ad2953fda-EndpointStateMachineTaskThread-/0.0.0.0:15002-0 ] INFO  server.RaftServer (RaftServerProxy.java:startImpl(407)) - 82107b5c-a456-4cce-866c-b79ad2953fda: start RPC server
2024-11-29 05:29:27,567 [82107b5c-a456-4cce-866c-b79ad2953fda-EndpointStateMachineTaskThread-/0.0.0.0:15002-0 ] INFO  server.GrpcService (GrpcService.java:startImpl(334)) - 82107b5c-a456-4cce-866c-b79ad2953fda: GrpcService started, listening on 15039
2024-11-29 05:29:27,569 [82107b5c-a456-4cce-866c-b79ad2953fda-EndpointStateMachineTaskThread-/0.0.0.0:15002-0 ] INFO  ratis.XceiverServerRatis (XceiverServerRatis.java:getRealPort(588)) - XceiverServerRatis(82107b5c-a456-4cce-866c-b79ad2953fda) is started using port RATIS=15039
2024-11-29 05:29:27,570 [82107b5c-a456-4cce-866c-b79ad2953fda-EndpointStateMachineTaskThread-/0.0.0.0:15002-0 ] INFO  ratis.XceiverServerRatis (XceiverServerRatis.java:getRealPort(588)) - XceiverServerRatis(82107b5c-a456-4cce-866c-b79ad2953fda) is started using port RATIS_ADMIN=15039
2024-11-29 05:29:27,570 [82107b5c-a456-4cce-866c-b79ad2953fda-EndpointStateMachineTaskThread-/0.0.0.0:15002-0 ] INFO  ratis.XceiverServerRatis (XceiverServerRatis.java:getRealPort(588)) - XceiverServerRatis(82107b5c-a456-4cce-866c-b79ad2953fda) is started using port RATIS_SERVER=15039
2024-11-29 05:29:27,570 [82107b5c-a456-4cce-866c-b79ad2953fda-EndpointStateMachineTaskThread-/0.0.0.0:15002-0 ] INFO  ratis.XceiverServerRatis (XceiverServerRatis.java:getRealPort(588)) - XceiverServerRatis(82107b5c-a456-4cce-866c-b79ad2953fda) is started using port RATIS_DATASTREAM=15042
2024-11-29 05:29:27,570 [JvmPauseMonitor5] INFO  util.JvmPauseMonitor (JvmPauseMonitor.java:run(146)) - JvmPauseMonitor-82107b5c-a456-4cce-866c-b79ad2953fda: Started
2024-11-29 05:29:27,571 [82107b5c-a456-4cce-866c-b79ad2953fda-BlockDeletingService#0] INFO  interfaces.ContainerDeletionChoosingPolicyTemplate (ContainerDeletionChoosingPolicyTemplate.java:chooseContainerForBlockDeletion(85)) - Chosen 0/5000 blocks from 0 candidate containers.
2024-11-29 05:29:27,856 [main] INFO  ozone.MiniOzoneClusterImpl (MiniOzoneClusterImpl.java:lambda$waitForClusterToBeReady$0(219)) - Waiting for nodes to be ready. Got 0 of 5 DN Heartbeats.
2024-11-29 05:29:27,856 [main] INFO  ozone.MiniOzoneClusterImpl (MiniOzoneClusterImpl.java:lambda$waitForClusterToBeReady$0(222)) - Waiting for cluster to exit safe mode
2024-11-29 05:29:27,856 [main] INFO  ozone.MiniOzoneClusterImpl (MiniOzoneClusterImpl.java:lambda$waitForClusterToBeReady$0(224)) - SCM became leader
2024-11-29 05:29:27,902 [22bda68c-b64b-4e26-a6f3-14a354ca4fb6-EndpointStateMachineTaskThread-/0.0.0.0:15002-0 ] INFO  utils.DatanodeStoreCache (DatanodeStoreCache.java:addDB(72)) - Added db /home/runner/work/ozone/ozone/hadoop-ozone/integration-test/target/test-dir/MiniOzoneClusterImpl-61f21677-568d-49d7-a2ee-8a05247fe249/ozone-meta/datanode-5/data-0/hdds/61f21677-568d-49d7-a2ee-8a05247fe249/DS-713c7659-cbc7-4c37-b45d-fc105e8d39e9/container.db to cache
2024-11-29 05:29:27,902 [22bda68c-b64b-4e26-a6f3-14a354ca4fb6-EndpointStateMachineTaskThread-/0.0.0.0:15002-0 ] INFO  volume.HddsVolume (HddsVolume.java:createDbStore(447)) - SchemaV3 db is created and loaded at /home/runner/work/ozone/ozone/hadoop-ozone/integration-test/target/test-dir/MiniOzoneClusterImpl-61f21677-568d-49d7-a2ee-8a05247fe249/ozone-meta/datanode-5/data-0/hdds/61f21677-568d-49d7-a2ee-8a05247fe249/DS-713c7659-cbc7-4c37-b45d-fc105e8d39e9/container.db for volume DS-713c7659-cbc7-4c37-b45d-fc105e8d39e9
2024-11-29 05:29:27,904 [22bda68c-b64b-4e26-a6f3-14a354ca4fb6-ContainerReader-0] INFO  ozoneimpl.ContainerReader (ContainerReader.java:readVolume(148)) - Start to verify containers on volume /home/runner/work/ozone/ozone/hadoop-ozone/integration-test/target/test-dir/MiniOzoneClusterImpl-61f21677-568d-49d7-a2ee-8a05247fe249/ozone-meta/datanode-5/data-0/hdds
2024-11-29 05:29:27,904 [22bda68c-b64b-4e26-a6f3-14a354ca4fb6-ContainerReader-0] INFO  ozoneimpl.ContainerReader (ContainerReader.java:readVolume(178)) - Finish verifying containers on volume /home/runner/work/ozone/ozone/hadoop-ozone/integration-test/target/test-dir/MiniOzoneClusterImpl-61f21677-568d-49d7-a2ee-8a05247fe249/ozone-meta/datanode-5/data-0/hdds
2024-11-29 05:29:27,904 [22bda68c-b64b-4e26-a6f3-14a354ca4fb6-EndpointStateMachineTaskThread-/0.0.0.0:15002-0 ] INFO  ozoneimpl.OzoneContainer (OzoneContainer.java:buildContainerSet(359)) - Build ContainerSet costs 0s
2024-11-29 05:29:27,905 [22bda68c-b64b-4e26-a6f3-14a354ca4fb6-EndpointStateMachineTaskThread-/0.0.0.0:15002-0 ] INFO  volume.ThrottledAsyncChecker (ThrottledAsyncChecker.java:schedule(141)) - Scheduling a check for /home/runner/work/ozone/ozone/hadoop-ozone/integration-test/target/test-dir/MiniOzoneClusterImpl-61f21677-568d-49d7-a2ee-8a05247fe249/ozone-meta/datanode-5/data-0/hdds
2024-11-29 05:29:27,905 [22bda68c-b64b-4e26-a6f3-14a354ca4fb6-EndpointStateMachineTaskThread-/0.0.0.0:15002-0 ] INFO  volume.StorageVolumeChecker (StorageVolumeChecker.java:checkAllVolumes(218)) - Scheduled health check for volume /home/runner/work/ozone/ozone/hadoop-ozone/integration-test/target/test-dir/MiniOzoneClusterImpl-61f21677-568d-49d7-a2ee-8a05247fe249/ozone-meta/datanode-5/data-0/hdds
2024-11-29 05:29:27,907 [22bda68c-b64b-4e26-a6f3-14a354ca4fb6-EndpointStateMachineTaskThread-/0.0.0.0:15002-0 ] INFO  volume.ThrottledAsyncChecker (ThrottledAsyncChecker.java:schedule(141)) - Scheduling a check for /home/runner/work/ozone/ozone/hadoop-ozone/integration-test/target/test-dir/MiniOzoneClusterImpl-61f21677-568d-49d7-a2ee-8a05247fe249/ozone-meta/datanode-5/ratis
2024-11-29 05:29:27,907 [22bda68c-b64b-4e26-a6f3-14a354ca4fb6-EndpointStateMachineTaskThread-/0.0.0.0:15002-0 ] INFO  volume.StorageVolumeChecker (StorageVolumeChecker.java:checkAllVolumes(218)) - Scheduled health check for volume /home/runner/work/ozone/ozone/hadoop-ozone/integration-test/target/test-dir/MiniOzoneClusterImpl-61f21677-568d-49d7-a2ee-8a05247fe249/ozone-meta/datanode-5/ratis
2024-11-29 05:29:27,909 [22bda68c-b64b-4e26-a6f3-14a354ca4fb6-EndpointStateMachineTaskThread-/0.0.0.0:15002-0 ] INFO  ozoneimpl.OzoneContainer (OzoneContainer.java:start(502)) - Attempting to start container services.
2024-11-29 05:29:27,909 [22bda68c-b64b-4e26-a6f3-14a354ca4fb6-EndpointStateMachineTaskThread-/0.0.0.0:15002-0 ] WARN  ozoneimpl.OnDemandContainerDataScanner (OnDemandContainerDataScanner.java:init(75)) - Trying to initialize on demand scanner a second time on a datanode.
2024-11-29 05:29:27,910 [ContainerMetadataScanner] INFO  ozoneimpl.AbstractBackgroundContainerScanner (AbstractBackgroundContainerScanner.java:runIteration(87)) - Completed an iteration in 0 minutes. Number of iterations (since the data-node restart) : 1, Number of containers scanned in this iteration : 0, Number of unhealthy containers found in this iteration : 0
2024-11-29 05:29:27,911 [ContainerDataScanner(/home/runner/work/ozone/ozone/hadoop-ozone/integration-test/target/test-dir/MiniOzoneClusterImpl-61f21677-568d-49d7-a2ee-8a05247fe249/ozone-meta/datanode-5/data-0/hdds)] INFO  ozoneimpl.AbstractBackgroundContainerScanner (AbstractBackgroundContainerScanner.java:runIteration(87)) - Completed an iteration in 0 minutes. Number of iterations (since the data-node restart) : 1, Number of containers scanned in this iteration : 0, Number of unhealthy containers found in this iteration : 0
2024-11-29 05:29:27,911 [22bda68c-b64b-4e26-a6f3-14a354ca4fb6-EndpointStateMachineTaskThread-/0.0.0.0:15002-0 ] INFO  replication.ReplicationServer (ReplicationServer.java:start(139)) - ReplicationServer is started using port 15052
2024-11-29 05:29:27,912 [22bda68c-b64b-4e26-a6f3-14a354ca4fb6-EndpointStateMachineTaskThread-/0.0.0.0:15002-0 ] INFO  ratis.XceiverServerRatis (XceiverServerRatis.java:start(561)) - Starting XceiverServerRatis(22bda68c-b64b-4e26-a6f3-14a354ca4fb6)
2024-11-29 05:29:27,926 [22bda68c-b64b-4e26-a6f3-14a354ca4fb6-EndpointStateMachineTaskThread-/0.0.0.0:15002-0 ] INFO  server.RaftServer (RaftServerProxy.java:startImpl(407)) - 22bda68c-b64b-4e26-a6f3-14a354ca4fb6: start RPC server
2024-11-29 05:29:27,927 [22bda68c-b64b-4e26-a6f3-14a354ca4fb6-EndpointStateMachineTaskThread-/0.0.0.0:15002-0 ] INFO  server.GrpcService (GrpcService.java:startImpl(334)) - 22bda68c-b64b-4e26-a6f3-14a354ca4fb6: GrpcService started, listening on 15048
2024-11-29 05:29:27,930 [22bda68c-b64b-4e26-a6f3-14a354ca4fb6-EndpointStateMachineTaskThread-/0.0.0.0:15002-0 ] INFO  ratis.XceiverServerRatis (XceiverServerRatis.java:getRealPort(588)) - XceiverServerRatis(22bda68c-b64b-4e26-a6f3-14a354ca4fb6) is started using port RATIS=15048
2024-11-29 05:29:27,930 [22bda68c-b64b-4e26-a6f3-14a354ca4fb6-EndpointStateMachineTaskThread-/0.0.0.0:15002-0 ] INFO  ratis.XceiverServerRatis (XceiverServerRatis.java:getRealPort(588)) - XceiverServerRatis(22bda68c-b64b-4e26-a6f3-14a354ca4fb6) is started using port RATIS_ADMIN=15048
2024-11-29 05:29:27,930 [22bda68c-b64b-4e26-a6f3-14a354ca4fb6-EndpointStateMachineTaskThread-/0.0.0.0:15002-0 ] INFO  ratis.XceiverServerRatis (XceiverServerRatis.java:getRealPort(588)) - XceiverServerRatis(22bda68c-b64b-4e26-a6f3-14a354ca4fb6) is started using port RATIS_SERVER=15048
2024-11-29 05:29:27,931 [22bda68c-b64b-4e26-a6f3-14a354ca4fb6-EndpointStateMachineTaskThread-/0.0.0.0:15002-0 ] INFO  ratis.XceiverServerRatis (XceiverServerRatis.java:getRealPort(588)) - XceiverServerRatis(22bda68c-b64b-4e26-a6f3-14a354ca4fb6) is started using port RATIS_DATASTREAM=15051
2024-11-29 05:29:27,930 [JvmPauseMonitor6] INFO  util.JvmPauseMonitor (JvmPauseMonitor.java:run(146)) - JvmPauseMonitor-22bda68c-b64b-4e26-a6f3-14a354ca4fb6: Started
2024-11-29 05:29:27,935 [22bda68c-b64b-4e26-a6f3-14a354ca4fb6-BlockDeletingService#0] INFO  interfaces.ContainerDeletionChoosingPolicyTemplate (ContainerDeletionChoosingPolicyTemplate.java:chooseContainerForBlockDeletion(85)) - Chosen 0/5000 blocks from 0 candidate containers.
2024-11-29 05:29:28,044 [IPC Server handler 1 on default port 15002] INFO  net.NetworkTopologyImpl (NetworkTopologyImpl.java:add(134)) - Added a new node: /default-rack/9c663db8-fa21-4bd9-8dc4-4774c554fbc4
2024-11-29 05:29:28,047 [IPC Server handler 1 on default port 15002] INFO  node.SCMNodeManager (SCMNodeManager.java:register(424)) - Registered datanode: 9c663db8-fa21-4bd9-8dc4-4774c554fbc4{ip: 127.0.0.1, host: localhost, ports: [HTTP=15009, CLIENT_RPC=15010, REPLICATION=15016, RATIS=15012, RATIS_ADMIN=15012, RATIS_SERVER=15012, RATIS_DATASTREAM=15015, STANDALONE=15011], networkLocation: /default-rack, certSerialId: null, persistedOpState: null, persistedOpStateExpiryEpochSec: 0}
2024-11-29 05:29:28,048 [EventQueue-NewNodeForNewNodeHandler] INFO  pipeline.BackgroundPipelineCreator (BackgroundPipelineCreator.java:notifyEventTriggered(280)) - trigger a one-shot run on RatisPipelineUtilsThread.
2024-11-29 05:29:28,049 [EventQueue-NodeRegistrationContainerReportForDataNodeSafeModeRule] INFO  safemode.SCMSafeModeManager (DataNodeSafeModeRule.java:process(71)) - SCM in safe mode. 1 DataNodes registered, 3 required.
2024-11-29 05:29:28,049 [EventQueue-ContainerRegistrationReportForContainerSafeModeRule] INFO  safemode.SCMSafeModeManager (SCMSafeModeManager.java:validateSafeModeExitRules(203)) - ContainerSafeModeRule rule is successfully validated
2024-11-29 05:29:28,053 [EventQueue-PipelineReportForOneReplicaPipelineSafeModeRule] INFO  safemode.SCMSafeModeManager (SCMSafeModeManager.java:validateSafeModeExitRules(203)) - AtleastOneDatanodeReportedRule rule is successfully validated
2024-11-29 05:29:28,058 [RatisPipelineUtilsThread-0] INFO  pipeline.RatisPipelineProvider (RatisPipelineProvider.java:lambda$create$0(205)) - Sending CreatePipelineCommand for pipeline:PipelineID=18d42424-64f9-445e-b0e6-21e004cd13d9 to datanode:9c663db8-fa21-4bd9-8dc4-4774c554fbc4
2024-11-29 05:29:28,068 [RatisPipelineUtilsThread-0] INFO  pipeline.BackgroundPipelineCreator (BackgroundPipelineCreator.java:createPipelines(236)) - Created new pipeline Pipeline[ Id: 18d42424-64f9-445e-b0e6-21e004cd13d9, Nodes: 9c663db8-fa21-4bd9-8dc4-4774c554fbc4(localhost/127.0.0.1) ReplicaIndex: 0, ReplicationConfig: RATIS/ONE, State:ALLOCATED, leaderId:, CreationTimestamp2024-11-29T05:29:28.057902496Z[Etc/UTC]]
2024-11-29 05:29:28,528 [IPC Server handler 3 on default port 15002] INFO  net.NetworkTopologyImpl (NetworkTopologyImpl.java:add(134)) - Added a new node: /default-rack/ca425215-81ee-42b3-84d9-8ded1157efea
2024-11-29 05:29:28,529 [IPC Server handler 3 on default port 15002] INFO  node.SCMNodeManager (SCMNodeManager.java:register(424)) - Registered datanode: ca425215-81ee-42b3-84d9-8ded1157efea{ip: 127.0.0.1, host: localhost, ports: [HTTP=15018, CLIENT_RPC=15019, REPLICATION=15025, RATIS=15021, RATIS_ADMIN=15021, RATIS_SERVER=15021, RATIS_DATASTREAM=15024, STANDALONE=15020], networkLocation: /default-rack, certSerialId: null, persistedOpState: null, persistedOpStateExpiryEpochSec: 0}
2024-11-29 05:29:28,529 [EventQueue-NodeRegistrationContainerReportForDataNodeSafeModeRule] INFO  safemode.SCMSafeModeManager (DataNodeSafeModeRule.java:process(71)) - SCM in safe mode. 2 DataNodes registered, 3 required.
2024-11-29 05:29:28,529 [EventQueue-NewNodeForNewNodeHandler] INFO  pipeline.BackgroundPipelineCreator (BackgroundPipelineCreator.java:notifyEventTriggered(280)) - trigger a one-shot run on RatisPipelineUtilsThread.
2024-11-29 05:29:28,530 [RatisPipelineUtilsThread-0] INFO  pipeline.RatisPipelineProvider (RatisPipelineProvider.java:lambda$create$0(205)) - Sending CreatePipelineCommand for pipeline:PipelineID=8352fd53-44a5-4bbd-9758-11ca902152c7 to datanode:ca425215-81ee-42b3-84d9-8ded1157efea
2024-11-29 05:29:28,531 [RatisPipelineUtilsThread-0] INFO  pipeline.BackgroundPipelineCreator (BackgroundPipelineCreator.java:createPipelines(236)) - Created new pipeline Pipeline[ Id: 8352fd53-44a5-4bbd-9758-11ca902152c7, Nodes: ca425215-81ee-42b3-84d9-8ded1157efea(localhost/127.0.0.1) ReplicaIndex: 0, ReplicationConfig: RATIS/ONE, State:ALLOCATED, leaderId:, CreationTimestamp2024-11-29T05:29:28.530466577Z[Etc/UTC]]
2024-11-29 05:29:28,856 [main] INFO  ozone.MiniOzoneClusterImpl (MiniOzoneClusterImpl.java:lambda$waitForClusterToBeReady$0(219)) - Waiting for nodes to be ready. Got 2 of 5 DN Heartbeats.
2024-11-29 05:29:28,857 [main] INFO  ozone.MiniOzoneClusterImpl (MiniOzoneClusterImpl.java:lambda$waitForClusterToBeReady$0(222)) - Waiting for cluster to exit safe mode
2024-11-29 05:29:28,857 [main] INFO  ozone.MiniOzoneClusterImpl (MiniOzoneClusterImpl.java:lambda$waitForClusterToBeReady$0(224)) - SCM became leader
2024-11-29 05:29:28,974 [IPC Server handler 1 on default port 15002] INFO  net.NetworkTopologyImpl (NetworkTopologyImpl.java:add(134)) - Added a new node: /default-rack/46c085ae-d173-483e-a797-bf073fdc6d33
2024-11-29 05:29:28,974 [IPC Server handler 1 on default port 15002] INFO  node.SCMNodeManager (SCMNodeManager.java:register(424)) - Registered datanode: 46c085ae-d173-483e-a797-bf073fdc6d33{ip: 127.0.0.1, host: localhost, ports: [HTTP=15027, CLIENT_RPC=15028, REPLICATION=15034, RATIS=15030, RATIS_ADMIN=15030, RATIS_SERVER=15030, RATIS_DATASTREAM=15033, STANDALONE=15029], networkLocation: /default-rack, certSerialId: null, persistedOpState: null, persistedOpStateExpiryEpochSec: 0}
2024-11-29 05:29:28,975 [EventQueue-NewNodeForNewNodeHandler] INFO  pipeline.BackgroundPipelineCreator (BackgroundPipelineCreator.java:notifyEventTriggered(280)) - trigger a one-shot run on RatisPipelineUtilsThread.
2024-11-29 05:29:28,975 [EventQueue-NodeRegistrationContainerReportForDataNodeSafeModeRule] INFO  safemode.SCMSafeModeManager (DataNodeSafeModeRule.java:process(71)) - SCM in safe mode. 3 DataNodes registered, 3 required.
2024-11-29 05:29:28,975 [EventQueue-NodeRegistrationContainerReportForDataNodeSafeModeRule] INFO  safemode.SCMSafeModeManager (SCMSafeModeManager.java:validateSafeModeExitRules(203)) - DataNodeSafeModeRule rule is successfully validated
2024-11-29 05:29:28,975 [EventQueue-NodeRegistrationContainerReportForDataNodeSafeModeRule] INFO  safemode.SCMSafeModeManager (SCMSafeModeManager.java:completePreCheck(232)) - All SCM safe mode pre check rules have passed
2024-11-29 05:29:28,975 [EventQueue-NodeRegistrationContainerReportForDataNodeSafeModeRule] INFO  ha.SCMContext (SCMContext.java:updateSafeModeStatus(225)) - Update SafeModeStatus from SafeModeStatus{safeModeStatus=true, preCheckPassed=false} to SafeModeStatus{safeModeStatus=true, preCheckPassed=true}.
2024-11-29 05:29:28,975 [RatisPipelineUtilsThread-0] INFO  pipeline.RatisPipelineProvider (RatisPipelineProvider.java:lambda$create$0(205)) - Sending CreatePipelineCommand for pipeline:PipelineID=d5e1fa14-454c-4db5-98d3-1b7da9a1fd1f to datanode:46c085ae-d173-483e-a797-bf073fdc6d33
2024-11-29 05:29:28,976 [EventQueue-NodeRegistrationContainerReportForDataNodeSafeModeRule] INFO  pipeline.BackgroundPipelineCreator (BackgroundPipelineCreator.java:notifyEventTriggered(280)) - trigger a one-shot run on RatisPipelineUtilsThread.
2024-11-29 05:29:28,977 [RatisPipelineUtilsThread-0] INFO  pipeline.BackgroundPipelineCreator (BackgroundPipelineCreator.java:createPipelines(236)) - Created new pipeline Pipeline[ Id: d5e1fa14-454c-4db5-98d3-1b7da9a1fd1f, Nodes: 46c085ae-d173-483e-a797-bf073fdc6d33(localhost/127.0.0.1) ReplicaIndex: 0, ReplicationConfig: RATIS/ONE, State:ALLOCATED, leaderId:, CreationTimestamp2024-11-29T05:29:28.975662806Z[Etc/UTC]]
2024-11-29 05:29:28,981 [RatisPipelineUtilsThread-0] INFO  pipeline.RatisPipelineProvider (RatisPipelineProvider.java:lambda$create$0(205)) - Sending CreatePipelineCommand for pipeline:PipelineID=34e6819b-0e9b-433b-a940-8691a4d9751c to datanode:ca425215-81ee-42b3-84d9-8ded1157efea
2024-11-29 05:29:28,981 [RatisPipelineUtilsThread-0] INFO  pipeline.RatisPipelineProvider (RatisPipelineProvider.java:lambda$create$0(205)) - Sending CreatePipelineCommand for pipeline:PipelineID=34e6819b-0e9b-433b-a940-8691a4d9751c to datanode:9c663db8-fa21-4bd9-8dc4-4774c554fbc4
2024-11-29 05:29:28,981 [RatisPipelineUtilsThread-0] INFO  pipeline.RatisPipelineProvider (RatisPipelineProvider.java:lambda$create$0(205)) - Sending CreatePipelineCommand for pipeline:PipelineID=34e6819b-0e9b-433b-a940-8691a4d9751c to datanode:46c085ae-d173-483e-a797-bf073fdc6d33
2024-11-29 05:29:28,982 [RatisPipelineUtilsThread-0] INFO  pipeline.BackgroundPipelineCreator (BackgroundPipelineCreator.java:createPipelines(236)) - Created new pipeline Pipeline[ Id: 34e6819b-0e9b-433b-a940-8691a4d9751c, Nodes: ca425215-81ee-42b3-84d9-8ded1157efea(localhost/127.0.0.1) ReplicaIndex: 09c663db8-fa21-4bd9-8dc4-4774c554fbc4(localhost/127.0.0.1) ReplicaIndex: 046c085ae-d173-483e-a797-bf073fdc6d33(localhost/127.0.0.1) ReplicaIndex: 0, ReplicationConfig: RATIS/THREE, State:ALLOCATED, leaderId:, CreationTimestamp2024-11-29T05:29:28.980974906Z[Etc/UTC]]
2024-11-29 05:29:28,983 [RatisPipelineUtilsThread-0] INFO  pipeline.RatisPipelineProvider (RatisPipelineProvider.java:lambda$create$0(205)) - Sending CreatePipelineCommand for pipeline:PipelineID=46170460-0caf-4f19-bb73-bc39f70ceac4 to datanode:9c663db8-fa21-4bd9-8dc4-4774c554fbc4
2024-11-29 05:29:28,983 [RatisPipelineUtilsThread-0] INFO  pipeline.RatisPipelineProvider (RatisPipelineProvider.java:lambda$create$0(205)) - Sending CreatePipelineCommand for pipeline:PipelineID=46170460-0caf-4f19-bb73-bc39f70ceac4 to datanode:46c085ae-d173-483e-a797-bf073fdc6d33
2024-11-29 05:29:28,983 [RatisPipelineUtilsThread-0] INFO  pipeline.RatisPipelineProvider (RatisPipelineProvider.java:lambda$create$0(205)) - Sending CreatePipelineCommand for pipeline:PipelineID=46170460-0caf-4f19-bb73-bc39f70ceac4 to datanode:ca425215-81ee-42b3-84d9-8ded1157efea
2024-11-29 05:29:28,985 [RatisPipelineUtilsThread-0] INFO  pipeline.PipelineManagerImpl (PipelineManagerImpl.java:recordMetricsForPipeline(916)) - Pipeline: PipelineID=46170460-0caf-4f19-bb73-bc39f70ceac4 contains same datanodes as previous pipelines: PipelineID=34e6819b-0e9b-433b-a940-8691a4d9751c nodeIds: 9c663db8-fa21-4bd9-8dc4-4774c554fbc4, 46c085ae-d173-483e-a797-bf073fdc6d33, ca425215-81ee-42b3-84d9-8ded1157efea
2024-11-29 05:29:28,985 [RatisPipelineUtilsThread-0] INFO  pipeline.BackgroundPipelineCreator (BackgroundPipelineCreator.java:createPipelines(236)) - Created new pipeline Pipeline[ Id: 46170460-0caf-4f19-bb73-bc39f70ceac4, Nodes: 9c663db8-fa21-4bd9-8dc4-4774c554fbc4(localhost/127.0.0.1) ReplicaIndex: 046c085ae-d173-483e-a797-bf073fdc6d33(localhost/127.0.0.1) ReplicaIndex: 0ca425215-81ee-42b3-84d9-8ded1157efea(localhost/127.0.0.1) ReplicaIndex: 0, ReplicationConfig: RATIS/THREE, State:ALLOCATED, leaderId:, CreationTimestamp2024-11-29T05:29:28.983749906Z[Etc/UTC]]
2024-11-29 05:29:28,986 [RatisPipelineUtilsThread-0] INFO  pipeline.RatisPipelineProvider (RatisPipelineProvider.java:lambda$create$0(205)) - Sending CreatePipelineCommand for pipeline:PipelineID=851931c3-7c0b-43cf-9467-0bb578d0f838 to datanode:46c085ae-d173-483e-a797-bf073fdc6d33
2024-11-29 05:29:28,986 [RatisPipelineUtilsThread-0] INFO  pipeline.RatisPipelineProvider (RatisPipelineProvider.java:lambda$create$0(205)) - Sending CreatePipelineCommand for pipeline:PipelineID=851931c3-7c0b-43cf-9467-0bb578d0f838 to datanode:9c663db8-fa21-4bd9-8dc4-4774c554fbc4
2024-11-29 05:29:28,986 [RatisPipelineUtilsThread-0] INFO  pipeline.RatisPipelineProvider (RatisPipelineProvider.java:lambda$create$0(205)) - Sending CreatePipelineCommand for pipeline:PipelineID=851931c3-7c0b-43cf-9467-0bb578d0f838 to datanode:ca425215-81ee-42b3-84d9-8ded1157efea
2024-11-29 05:29:28,988 [RatisPipelineUtilsThread-0] INFO  pipeline.PipelineManagerImpl (PipelineManagerImpl.java:recordMetricsForPipeline(916)) - Pipeline: PipelineID=851931c3-7c0b-43cf-9467-0bb578d0f838 contains same datanodes as previous pipelines: PipelineID=46170460-0caf-4f19-bb73-bc39f70ceac4 nodeIds: 46c085ae-d173-483e-a797-bf073fdc6d33, 9c663db8-fa21-4bd9-8dc4-4774c554fbc4, ca425215-81ee-42b3-84d9-8ded1157efea
2024-11-29 05:29:28,988 [RatisPipelineUtilsThread-0] INFO  pipeline.PipelineManagerImpl (PipelineManagerImpl.java:recordMetricsForPipeline(916)) - Pipeline: PipelineID=851931c3-7c0b-43cf-9467-0bb578d0f838 contains same datanodes as previous pipelines: PipelineID=34e6819b-0e9b-433b-a940-8691a4d9751c nodeIds: 46c085ae-d173-483e-a797-bf073fdc6d33, 9c663db8-fa21-4bd9-8dc4-4774c554fbc4, ca425215-81ee-42b3-84d9-8ded1157efea
2024-11-29 05:29:28,988 [RatisPipelineUtilsThread-0] INFO  pipeline.BackgroundPipelineCreator (BackgroundPipelineCreator.java:createPipelines(236)) - Created new pipeline Pipeline[ Id: 851931c3-7c0b-43cf-9467-0bb578d0f838, Nodes: 46c085ae-d173-483e-a797-bf073fdc6d33(localhost/127.0.0.1) ReplicaIndex: 09c663db8-fa21-4bd9-8dc4-4774c554fbc4(localhost/127.0.0.1) ReplicaIndex: 0ca425215-81ee-42b3-84d9-8ded1157efea(localhost/127.0.0.1) ReplicaIndex: 0, ReplicationConfig: RATIS/THREE, State:ALLOCATED, leaderId:, CreationTimestamp2024-11-29T05:29:28.986450098Z[Etc/UTC]]
2024-11-29 05:29:29,499 [IPC Server handler 3 on default port 15002] INFO  net.NetworkTopologyImpl (NetworkTopologyImpl.java:add(134)) - Added a new node: /default-rack/82107b5c-a456-4cce-866c-b79ad2953fda
2024-11-29 05:29:29,499 [IPC Server handler 3 on default port 15002] INFO  node.SCMNodeManager (SCMNodeManager.java:register(424)) - Registered datanode: 82107b5c-a456-4cce-866c-b79ad2953fda{ip: 127.0.0.1, host: localhost, ports: [HTTP=15036, CLIENT_RPC=15037, REPLICATION=15043, RATIS=15039, RATIS_ADMIN=15039, RATIS_SERVER=15039, RATIS_DATASTREAM=15042, STANDALONE=15038], networkLocation: /default-rack, certSerialId: null, persistedOpState: null, persistedOpStateExpiryEpochSec: 0}
2024-11-29 05:29:29,500 [EventQueue-NewNodeForNewNodeHandler] INFO  pipeline.BackgroundPipelineCreator (BackgroundPipelineCreator.java:notifyEventTriggered(280)) - trigger a one-shot run on RatisPipelineUtilsThread.
2024-11-29 05:29:29,501 [RatisPipelineUtilsThread-0] INFO  pipeline.RatisPipelineProvider (RatisPipelineProvider.java:lambda$create$0(205)) - Sending CreatePipelineCommand for pipeline:PipelineID=575f7978-d042-4a0f-b980-848028536f21 to datanode:82107b5c-a456-4cce-866c-b79ad2953fda
2024-11-29 05:29:29,502 [RatisPipelineUtilsThread-0] INFO  pipeline.BackgroundPipelineCreator (BackgroundPipelineCreator.java:createPipelines(236)) - Created new pipeline Pipeline[ Id: 575f7978-d042-4a0f-b980-848028536f21, Nodes: 82107b5c-a456-4cce-866c-b79ad2953fda(localhost/127.0.0.1) ReplicaIndex: 0, ReplicationConfig: RATIS/ONE, State:ALLOCATED, leaderId:, CreationTimestamp2024-11-29T05:29:29.501060212Z[Etc/UTC]]
2024-11-29 05:29:29,856 [IPC Server handler 0 on default port 15002] INFO  net.NetworkTopologyImpl (NetworkTopologyImpl.java:add(134)) - Added a new node: /default-rack/22bda68c-b64b-4e26-a6f3-14a354ca4fb6
2024-11-29 05:29:29,857 [IPC Server handler 0 on default port 15002] INFO  node.SCMNodeManager (SCMNodeManager.java:register(424)) - Registered datanode: 22bda68c-b64b-4e26-a6f3-14a354ca4fb6{ip: 127.0.0.1, host: localhost, ports: [HTTP=15045, CLIENT_RPC=15046, REPLICATION=15052, RATIS=15048, RATIS_ADMIN=15048, RATIS_SERVER=15048, RATIS_DATASTREAM=15051, STANDALONE=15047], networkLocation: /default-rack, certSerialId: null, persistedOpState: null, persistedOpStateExpiryEpochSec: 0}
2024-11-29 05:29:29,857 [EventQueue-NewNodeForNewNodeHandler] INFO  pipeline.BackgroundPipelineCreator (BackgroundPipelineCreator.java:notifyEventTriggered(280)) - trigger a one-shot run on RatisPipelineUtilsThread.
2024-11-29 05:29:29,857 [main] INFO  ozone.MiniOzoneClusterImpl (MiniOzoneClusterImpl.java:lambda$waitForClusterToBeReady$0(219)) - Nodes are ready. Got 5 of 5 DN Heartbeats.
2024-11-29 05:29:29,858 [main] INFO  ozone.MiniOzoneClusterImpl (MiniOzoneClusterImpl.java:lambda$waitForClusterToBeReady$0(222)) - Waiting for cluster to exit safe mode
2024-11-29 05:29:29,858 [main] INFO  ozone.MiniOzoneClusterImpl (MiniOzoneClusterImpl.java:lambda$waitForClusterToBeReady$0(224)) - SCM became leader
2024-11-29 05:29:29,858 [RatisPipelineUtilsThread-0] INFO  pipeline.RatisPipelineProvider (RatisPipelineProvider.java:lambda$create$0(205)) - Sending CreatePipelineCommand for pipeline:PipelineID=7a5eb9d9-946f-4e5e-9b36-e26a81565c11 to datanode:22bda68c-b64b-4e26-a6f3-14a354ca4fb6
2024-11-29 05:29:29,859 [RatisPipelineUtilsThread-0] INFO  pipeline.BackgroundPipelineCreator (BackgroundPipelineCreator.java:createPipelines(236)) - Created new pipeline Pipeline[ Id: 7a5eb9d9-946f-4e5e-9b36-e26a81565c11, Nodes: 22bda68c-b64b-4e26-a6f3-14a354ca4fb6(localhost/127.0.0.1) ReplicaIndex: 0, ReplicationConfig: RATIS/ONE, State:ALLOCATED, leaderId:, CreationTimestamp2024-11-29T05:29:29.858284952Z[Etc/UTC]]
2024-11-29 05:29:30,858 [main] INFO  ozone.MiniOzoneClusterImpl (MiniOzoneClusterImpl.java:lambda$waitForClusterToBeReady$0(219)) - Nodes are ready. Got 5 of 5 DN Heartbeats.
2024-11-29 05:29:30,858 [main] INFO  ozone.MiniOzoneClusterImpl (MiniOzoneClusterImpl.java:lambda$waitForClusterToBeReady$0(222)) - Waiting for cluster to exit safe mode
2024-11-29 05:29:30,858 [main] INFO  ozone.MiniOzoneClusterImpl (MiniOzoneClusterImpl.java:lambda$waitForClusterToBeReady$0(224)) - SCM became leader
2024-11-29 05:29:31,063 [9c663db8-fa21-4bd9-8dc4-4774c554fbc4-PipelineCommandHandlerThread-0] INFO  server.RaftServer (RaftServerProxy.java:addNew(100)) - 9c663db8-fa21-4bd9-8dc4-4774c554fbc4: addNew group-21E004CD13D9:[9c663db8-fa21-4bd9-8dc4-4774c554fbc4|127.0.0.1:15012] returns group-21E004CD13D9:java.util.concurrent.CompletableFuture@c88abbc[Not completed]
2024-11-29 05:29:31,072 [9c663db8-fa21-4bd9-8dc4-4774c554fbc4-groupManagement] INFO  server.RaftServer$Division (RaftServerImpl.java:<init>(255)) - 9c663db8-fa21-4bd9-8dc4-4774c554fbc4: new RaftServerImpl for group-21E004CD13D9:[9c663db8-fa21-4bd9-8dc4-4774c554fbc4|127.0.0.1:15012] with ContainerStateMachine:uninitialized
2024-11-29 05:29:31,072 [9c663db8-fa21-4bd9-8dc4-4774c554fbc4-groupManagement] INFO  server.RaftServerConfigKeys (ConfUtils.java:logGet(46)) - raft.server.rpc.timeout.min = 5s (custom)
2024-11-29 05:29:31,073 [9c663db8-fa21-4bd9-8dc4-4774c554fbc4-groupManagement] INFO  server.RaftServerConfigKeys (ConfUtils.java:logGet(46)) - raft.server.rpc.timeout.max = 5200ms (custom)
2024-11-29 05:29:31,073 [9c663db8-fa21-4bd9-8dc4-4774c554fbc4-groupManagement] INFO  server.RaftServerConfigKeys (ConfUtils.java:logGet(46)) - raft.server.rpc.sleep.time = 25ms (default)
2024-11-29 05:29:31,073 [9c663db8-fa21-4bd9-8dc4-4774c554fbc4-groupManagement] INFO  server.RaftServerConfigKeys (ConfUtils.java:logGet(46)) - raft.server.rpc.slowness.timeout = 300s (custom)
2024-11-29 05:29:31,073 [9c663db8-fa21-4bd9-8dc4-4774c554fbc4-groupManagement] INFO  server.RaftServerConfigKeys (ConfUtils.java:logGet(46)) - raft.server.leaderelection.leader.step-down.wait-time = 10s (default)
2024-11-29 05:29:31,073 [9c663db8-fa21-4bd9-8dc4-4774c554fbc4-groupManagement] INFO  server.RaftServerConfigKeys (ConfUtils.java:logGet(46)) - raft.server.leaderelection.member.majority-add = false (default)
2024-11-29 05:29:31,073 [9c663db8-fa21-4bd9-8dc4-4774c554fbc4-groupManagement] INFO  server.RaftServerConfigKeys (ConfUtils.java:logGet(46)) - raft.server.sleep.deviation.threshold = 300ms (default)
2024-11-29 05:29:31,073 [9c663db8-fa21-4bd9-8dc4-4774c554fbc4-groupManagement] INFO  server.RaftServer$Division (ServerState.java:<init>(114)) - 9c663db8-fa21-4bd9-8dc4-4774c554fbc4@group-21E004CD13D9: ConfigurationManager, init=conf: {index: -1, cur=peers:[9c663db8-fa21-4bd9-8dc4-4774c554fbc4|127.0.0.1:15012]|listeners:[], old=null}, confs=<EMPTY_MAP>
2024-11-29 05:29:31,073 [9c663db8-fa21-4bd9-8dc4-4774c554fbc4-groupManagement] INFO  server.RaftServerConfigKeys (ConfUtils.java:logGet(46)) - raft.server.notification.no-leader.timeout = 300s (custom)
2024-11-29 05:29:31,073 [9c663db8-fa21-4bd9-8dc4-4774c554fbc4-groupManagement] INFO  server.RaftServerConfigKeys (ConfUtils.java:logGet(46)) - raft.server.read.timeout = 10s (default)
2024-11-29 05:29:31,074 [9c663db8-fa21-4bd9-8dc4-4774c554fbc4-groupManagement] INFO  server.RaftServerConfigKeys (ConfUtils.java:logGet(46)) - raft.server.retrycache.expirytime = 600000ms (custom)
2024-11-29 05:29:31,074 [9c663db8-fa21-4bd9-8dc4-4774c554fbc4-groupManagement] INFO  server.RaftServerConfigKeys (ConfUtils.java:logGet(46)) - raft.server.retrycache.statistics.expirytime = 100ms (default)
2024-11-29 05:29:31,074 [9c663db8-fa21-4bd9-8dc4-4774c554fbc4-groupManagement] INFO  server.RaftServerConfigKeys (ConfUtils.java:logGet(46)) - raft.server.read.option = DEFAULT (default)
2024-11-29 05:29:31,074 [9c663db8-fa21-4bd9-8dc4-4774c554fbc4-groupManagement] INFO  server.RaftServerConfigKeys (ConfUtils.java:logGet(46)) - raft.server.read.read-after-write-consistent.write-index-cache.expiry-time = 60s (default)
2024-11-29 05:29:31,086 [9c663db8-fa21-4bd9-8dc4-4774c554fbc4-groupManagement] INFO  server.RaftServerConfigKeys (ConfUtils.java:logGet(46)) - raft.server.rpc.request.timeout = 60s (custom)
2024-11-29 05:29:31,086 [9c663db8-fa21-4bd9-8dc4-4774c554fbc4-groupManagement] INFO  server.RaftServerConfigKeys (ConfUtils.java:logGet(46)) - raft.server.log.appender.install.snapshot.enabled = false (custom)
2024-11-29 05:29:31,086 [9c663db8-fa21-4bd9-8dc4-4774c554fbc4-groupManagement] INFO  server.RaftServerConfigKeys (ConfUtils.java:logGet(46)) - raft.server.threadpool.server.cached = true (default)
2024-11-29 05:29:31,087 [9c663db8-fa21-4bd9-8dc4-4774c554fbc4-groupManagement] INFO  server.RaftServerConfigKeys (ConfUtils.java:logGet(46)) - raft.server.threadpool.server.size = 0 (default)
2024-11-29 05:29:31,087 [9c663db8-fa21-4bd9-8dc4-4774c554fbc4-groupManagement] INFO  server.RaftServerConfigKeys (ConfUtils.java:logGet(46)) - raft.server.threadpool.client.cached = true (default)
2024-11-29 05:29:31,087 [9c663db8-fa21-4bd9-8dc4-4774c554fbc4-groupManagement] INFO  server.RaftServerConfigKeys (ConfUtils.java:logGet(46)) - raft.server.threadpool.client.size = 0 (default)
2024-11-29 05:29:31,087 [9c663db8-fa21-4bd9-8dc4-4774c554fbc4-groupManagement] INFO  server.RaftServerConfigKeys (ConfUtils.java:logGet(46)) - raft.server.storage.free-space.min = 0MB (=0) (default)
2024-11-29 05:29:31,087 [9c663db8-fa21-4bd9-8dc4-4774c554fbc4-groupManagement] INFO  server.RaftServerConfigKeys (ConfUtils.java:logGet(46)) - raft.server.log.corruption.policy = EXCEPTION (default)
2024-11-29 05:29:31,087 [9c663db8-fa21-4bd9-8dc4-4774c554fbc4-groupManagement] INFO  server.RaftServerConfigKeys (ConfUtils.java:logGet(46)) - raft.server.storage.dir = [/home/runner/work/ozone/ozone/hadoop-ozone/integration-test/target/test-dir/MiniOzoneClusterImpl-61f21677-568d-49d7-a2ee-8a05247fe249/ozone-meta/datanode-1/ratis] (custom)
2024-11-29 05:29:31,088 [9c663db8-fa21-4bd9-8dc4-4774c554fbc4-groupManagement] INFO  storage.RaftStorageDirectory (RaftStorageDirectoryImpl.java:analyzeStorage(138)) - The storage directory /home/runner/work/ozone/ozone/hadoop-ozone/integration-test/target/test-dir/MiniOzoneClusterImpl-61f21677-568d-49d7-a2ee-8a05247fe249/ozone-meta/datanode-1/ratis/18d42424-64f9-445e-b0e6-21e004cd13d9 does not exist. Creating ...
2024-11-29 05:29:31,089 [9c663db8-fa21-4bd9-8dc4-4774c554fbc4-groupManagement] INFO  storage.RaftStorageDirectory (RaftStorageDirectoryImpl.java:tryLock(229)) - Lock on /home/runner/work/ozone/ozone/hadoop-ozone/integration-test/target/test-dir/MiniOzoneClusterImpl-61f21677-568d-49d7-a2ee-8a05247fe249/ozone-meta/datanode-1/ratis/18d42424-64f9-445e-b0e6-21e004cd13d9/in_use.lock acquired by nodename 84584@fv-az1772-529
2024-11-29 05:29:31,091 [9c663db8-fa21-4bd9-8dc4-4774c554fbc4-groupManagement] INFO  storage.RaftStorage (RaftStorageImpl.java:format(98)) - Storage directory /home/runner/work/ozone/ozone/hadoop-ozone/integration-test/target/test-dir/MiniOzoneClusterImpl-61f21677-568d-49d7-a2ee-8a05247fe249/ozone-meta/datanode-1/ratis/18d42424-64f9-445e-b0e6-21e004cd13d9 has been successfully formatted.
2024-11-29 05:29:31,093 [9c663db8-fa21-4bd9-8dc4-4774c554fbc4-groupManagement] INFO  ratis.ContainerStateMachine (ContainerStateMachine.java:initialize(302)) - 9c663db8-fa21-4bd9-8dc4-4774c554fbc4: initialize group-21E004CD13D9
2024-11-29 05:29:31,093 [9c663db8-fa21-4bd9-8dc4-4774c554fbc4-groupManagement] INFO  ratis.ContainerStateMachine (ContainerStateMachine.java:loadSnapshot(310)) - group-21E004CD13D9: The snapshot info is null. Setting the last applied index to:(t:0, i:~)
2024-11-29 05:29:31,093 [9c663db8-fa21-4bd9-8dc4-4774c554fbc4-groupManagement] INFO  server.RaftServerConfigKeys (ConfUtils.java:logGet(46)) - raft.server.log.use.memory = false (default)
2024-11-29 05:29:31,093 [9c663db8-fa21-4bd9-8dc4-4774c554fbc4-groupManagement] INFO  server.RaftServerConfigKeys (ConfUtils.java:logGet(46)) - raft.server.log.purge.gap = 1000000 (custom)
2024-11-29 05:29:31,093 [9c663db8-fa21-4bd9-8dc4-4774c554fbc4-groupManagement] INFO  server.RaftServerConfigKeys (ConfUtils.java:logGet(46)) - raft.server.log.appender.buffer.byte-limit = 33554432 (custom)
2024-11-29 05:29:31,094 [9c663db8-fa21-4bd9-8dc4-4774c554fbc4-groupManagement] INFO  server.RaftServerConfigKeys (ConfUtils.java:logGet(46)) - raft.server.log.statemachine.data.read.timeout = 1000ms (default)
2024-11-29 05:29:31,094 [9c663db8-fa21-4bd9-8dc4-4774c554fbc4-groupManagement] INFO  server.RaftServerConfigKeys (ConfUtils.java:logGet(46)) - raft.server.log.purge.preservation.log.num = 0 (default)
2024-11-29 05:29:31,097 [EventQueue-PipelineReportForPipelineReportHandler] INFO  pipeline.PipelineReportHandler (PipelineReportHandler.java:processPipelineReport(147)) - Opened pipeline PipelineID=18d42424-64f9-445e-b0e6-21e004cd13d9
2024-11-29 05:29:31,097 [EventQueue-OpenPipelineForHealthyPipelineSafeModeRule] INFO  safemode.SCMSafeModeManager (HealthyPipelineSafeModeRule.java:process(140)) - SCM in safe mode. Healthy pipelines reported count is 0, required healthy pipeline reported count is 1
2024-11-29 05:29:31,098 [9c663db8-fa21-4bd9-8dc4-4774c554fbc4-groupManagement] INFO  server.RaftServerConfigKeys (ConfUtils.java:logGet(46)) - raft.server.log.segment.size.max = 67108864 (custom)
2024-11-29 05:29:31,099 [9c663db8-fa21-4bd9-8dc4-4774c554fbc4-groupManagement] INFO  server.RaftServerConfigKeys (ConfUtils.java:logGet(46)) - raft.server.log.segment.cache.num.max = 2 (custom)
2024-11-29 05:29:31,099 [9c663db8-fa21-4bd9-8dc4-4774c554fbc4-groupManagement] INFO  server.RaftServerConfigKeys (ConfUtils.java:logGet(46)) - raft.server.log.segment.cache.size.max = 200MB (=209715200) (default)
2024-11-29 05:29:31,099 [9c663db8-fa21-4bd9-8dc4-4774c554fbc4-groupManagement] INFO  server.RaftServerConfigKeys (ConfUtils.java:logGet(46)) - raft.server.log.appender.buffer.byte-limit = 33554432 (custom)
2024-11-29 05:29:31,099 [9c663db8-fa21-4bd9-8dc4-4774c554fbc4-groupManagement] INFO  util.AwaitToRun (AwaitToRun.java:start(81)) - Thread[9c663db8-fa21-4bd9-8dc4-4774c554fbc4@group-21E004CD13D9-cacheEviction-AwaitToRun,5,main] started
2024-11-29 05:29:31,099 [9c663db8-fa21-4bd9-8dc4-4774c554fbc4-groupManagement] INFO  segmented.SegmentedRaftLogWorker (SegmentedRaftLogWorker.java:<init>(188)) - new 9c663db8-fa21-4bd9-8dc4-4774c554fbc4@group-21E004CD13D9-SegmentedRaftLogWorker for RaftStorageImpl:Storage Directory /home/runner/work/ozone/ozone/hadoop-ozone/integration-test/target/test-dir/MiniOzoneClusterImpl-61f21677-568d-49d7-a2ee-8a05247fe249/ozone-meta/datanode-1/ratis/18d42424-64f9-445e-b0e6-21e004cd13d9
2024-11-29 05:29:31,099 [9c663db8-fa21-4bd9-8dc4-4774c554fbc4-groupManagement] INFO  server.RaftServerConfigKeys (ConfUtils.java:logGet(46)) - raft.server.log.queue.byte-limit = 4294967296 (custom)
2024-11-29 05:29:31,099 [9c663db8-fa21-4bd9-8dc4-4774c554fbc4-groupManagement] INFO  server.RaftServerConfigKeys (ConfUtils.java:logGet(46)) - raft.server.log.queue.element-limit = 1024 (custom)
2024-11-29 05:29:31,099 [9c663db8-fa21-4bd9-8dc4-4774c554fbc4-groupManagement] INFO  server.RaftServerConfigKeys (ConfUtils.java:logGet(46)) - raft.server.log.segment.size.max = 67108864 (custom)
2024-11-29 05:29:31,099 [9c663db8-fa21-4bd9-8dc4-4774c554fbc4-groupManagement] INFO  server.RaftServerConfigKeys (ConfUtils.java:logGet(46)) - raft.server.log.preallocated.size = 4194304 (custom)
2024-11-29 05:29:31,099 [9c663db8-fa21-4bd9-8dc4-4774c554fbc4-groupManagement] INFO  server.RaftServerConfigKeys (ConfUtils.java:logGet(46)) - raft.server.log.force.sync.num = 128 (default)
2024-11-29 05:29:31,100 [9c663db8-fa21-4bd9-8dc4-4774c554fbc4-groupManagement] INFO  server.RaftServerConfigKeys (ConfUtils.java:logGet(46)) - raft.server.log.statemachine.data.sync = true (default)
2024-11-29 05:29:31,100 [9c663db8-fa21-4bd9-8dc4-4774c554fbc4-groupManagement] INFO  server.RaftServerConfigKeys (ConfUtils.java:logGet(46)) - raft.server.log.statemachine.data.sync.timeout = 10s (default)
2024-11-29 05:29:31,100 [9c663db8-fa21-4bd9-8dc4-4774c554fbc4-groupManagement] INFO  server.RaftServerConfigKeys (ConfUtils.java:logGet(46)) - raft.server.log.statemachine.data.sync.timeout.retry = 30 (custom)
2024-11-29 05:29:31,100 [9c663db8-fa21-4bd9-8dc4-4774c554fbc4-groupManagement] INFO  server.RaftServerConfigKeys (ConfUtils.java:logGet(46)) - raft.server.log.write.buffer.size = 33554440 (custom)
2024-11-29 05:29:31,106 [9c663db8-fa21-4bd9-8dc4-4774c554fbc4-groupManagement] INFO  server.RaftServerConfigKeys (ConfUtils.java:logGet(46)) - raft.server.log.appender.buffer.byte-limit = 33554432 (custom)
2024-11-29 05:29:31,106 [9c663db8-fa21-4bd9-8dc4-4774c554fbc4-groupManagement] INFO  server.RaftServerConfigKeys (ConfUtils.java:logGet(46)) - raft.server.log.unsafe-flush.enabled = false (default)
2024-11-29 05:29:31,106 [9c663db8-fa21-4bd9-8dc4-4774c554fbc4-groupManagement] INFO  server.RaftServerConfigKeys (ConfUtils.java:logGet(46)) - raft.server.log.async-flush.enabled = false (default)
2024-11-29 05:29:31,106 [9c663db8-fa21-4bd9-8dc4-4774c554fbc4-groupManagement] INFO  server.RaftServerConfigKeys (ConfUtils.java:logGet(46)) - raft.server.log.statemachine.data.caching.enabled = true (custom)
2024-11-29 05:29:31,106 [9c663db8-fa21-4bd9-8dc4-4774c554fbc4-groupManagement] INFO  segmented.SegmentedRaftLogWorker (SegmentedRaftLogWorker.java:lambda$new$0(139)) - 9c663db8-fa21-4bd9-8dc4-4774c554fbc4@group-21E004CD13D9-SegmentedRaftLogWorker: flushIndex: setUnconditionally 0 -> -1
2024-11-29 05:29:31,106 [9c663db8-fa21-4bd9-8dc4-4774c554fbc4-groupManagement] INFO  segmented.SegmentedRaftLogWorker (SegmentedRaftLogWorker.java:lambda$new$0(139)) - 9c663db8-fa21-4bd9-8dc4-4774c554fbc4@group-21E004CD13D9-SegmentedRaftLogWorker: safeCacheEvictIndex: setUnconditionally 0 -> -1
2024-11-29 05:29:31,108 [9c663db8-fa21-4bd9-8dc4-4774c554fbc4-groupManagement] INFO  server.RaftServer$Division (RaftServerImpl.java:start(391)) - 9c663db8-fa21-4bd9-8dc4-4774c554fbc4@group-21E004CD13D9: start as a follower, conf=conf: {index: -1, cur=peers:[9c663db8-fa21-4bd9-8dc4-4774c554fbc4|127.0.0.1:15012]|listeners:[], old=null}
2024-11-29 05:29:31,108 [9c663db8-fa21-4bd9-8dc4-4774c554fbc4-groupManagement] INFO  server.RaftServer$Division (RaftServerImpl.java:setRole(378)) - 9c663db8-fa21-4bd9-8dc4-4774c554fbc4@group-21E004CD13D9: changes role from      null to FOLLOWER at term 0 for startAsFollower
2024-11-29 05:29:31,108 [9c663db8-fa21-4bd9-8dc4-4774c554fbc4-groupManagement] INFO  impl.RoleInfo (RoleInfo.java:updateAndGet(148)) - 9c663db8-fa21-4bd9-8dc4-4774c554fbc4: start 9c663db8-fa21-4bd9-8dc4-4774c554fbc4@group-21E004CD13D9-FollowerState
2024-11-29 05:29:31,109 [9c663db8-fa21-4bd9-8dc4-4774c554fbc4-groupManagement] INFO  util.JmxRegister (JmxRegister.java:tryRegister(44)) - Successfully registered JMX Bean with object name Ratis:service=RaftServer,group=group-21E004CD13D9,id=9c663db8-fa21-4bd9-8dc4-4774c554fbc4
2024-11-29 05:29:31,109 [9c663db8-fa21-4bd9-8dc4-4774c554fbc4-groupManagement] INFO  util.JmxRegister (JmxRegister.java:register(58)) - register mxBean class org.apache.ratis.server.impl.RaftServerJmxAdapter as Ratis:service=RaftServer,group=group-21E004CD13D9,id=9c663db8-fa21-4bd9-8dc4-4774c554fbc4
2024-11-29 05:29:31,109 [9c663db8-fa21-4bd9-8dc4-4774c554fbc4-groupManagement] INFO  server.RaftServerConfigKeys (ConfUtils.java:logGet(46)) - raft.server.snapshot.trigger-when-stop.enabled = true (default)
2024-11-29 05:29:31,109 [9c663db8-fa21-4bd9-8dc4-4774c554fbc4-groupManagement] INFO  server.RaftServerConfigKeys (ConfUtils.java:logGet(46)) - raft.server.snapshot.trigger-when-remove.enabled = true (default)
2024-11-29 05:29:31,109 [9c663db8-fa21-4bd9-8dc4-4774c554fbc4-groupManagement] INFO  server.RaftServerConfigKeys (ConfUtils.java:logGet(46)) - raft.server.snapshot.auto.trigger.enabled = true (custom)
2024-11-29 05:29:31,110 [9c663db8-fa21-4bd9-8dc4-4774c554fbc4-groupManagement] INFO  server.RaftServerConfigKeys (ConfUtils.java:logGet(46)) - raft.server.snapshot.auto.trigger.threshold = 100000 (custom)
2024-11-29 05:29:31,110 [9c663db8-fa21-4bd9-8dc4-4774c554fbc4-groupManagement] INFO  server.RaftServerConfigKeys (ConfUtils.java:logGet(46)) - raft.server.snapshot.retention.file.num = 5 (custom)
2024-11-29 05:29:31,110 [9c663db8-fa21-4bd9-8dc4-4774c554fbc4-groupManagement] INFO  server.RaftServerConfigKeys (ConfUtils.java:logGet(46)) - raft.server.log.purge.upto.snapshot.index = false (default)
2024-11-29 05:29:31,110 [9c663db8-fa21-4bd9-8dc4-4774c554fbc4@group-21E004CD13D9-FollowerState] INFO  server.RaftServerConfigKeys (ConfUtils.java:logFallback(53)) - raft.server.rpc.first-election.timeout.min = 5s (fallback to raft.server.rpc.timeout.min)
2024-11-29 05:29:31,111 [9c663db8-fa21-4bd9-8dc4-4774c554fbc4@group-21E004CD13D9-FollowerState] INFO  server.RaftServerConfigKeys (ConfUtils.java:logFallback(53)) - raft.server.rpc.first-election.timeout.max = 5200ms (fallback to raft.server.rpc.timeout.max)
2024-11-29 05:29:31,112 [9c663db8-fa21-4bd9-8dc4-4774c554fbc4-groupManagement] INFO  server.RaftServer$Division (RaftServerImpl.java:start(405)) - 9c663db8-fa21-4bd9-8dc4-4774c554fbc4@group-21E004CD13D9: Successfully started.
2024-11-29 05:29:31,117 [9c663db8-fa21-4bd9-8dc4-4774c554fbc4-PipelineCommandHandlerThread-0] INFO  ratis.XceiverServerRatis (XceiverServerRatis.java:addGroup(844)) - Created group PipelineID=18d42424-64f9-445e-b0e6-21e004cd13d9
2024-11-29 05:29:31,118 [9c663db8-fa21-4bd9-8dc4-4774c554fbc4-PipelineCommandHandlerThread-0] INFO  commandhandler.CreatePipelineCommandHandler (CreatePipelineCommandHandler.java:lambda$handle$2(129)) - Created Pipeline RATIS ONE PipelineID=18d42424-64f9-445e-b0e6-21e004cd13d9.
2024-11-29 05:29:31,118 [9c663db8-fa21-4bd9-8dc4-4774c554fbc4-PipelineCommandHandlerThread-0] INFO  server.RaftServer (RaftServerProxy.java:addNew(100)) - 9c663db8-fa21-4bd9-8dc4-4774c554fbc4: addNew group-8691A4D9751C:[9c663db8-fa21-4bd9-8dc4-4774c554fbc4|127.0.0.1:15012, 46c085ae-d173-483e-a797-bf073fdc6d33|127.0.0.1:15030, ca425215-81ee-42b3-84d9-8ded1157efea|127.0.0.1:15021] returns group-8691A4D9751C:java.util.concurrent.CompletableFuture@5b00c46c[Not completed]
2024-11-29 05:29:31,120 [9c663db8-fa21-4bd9-8dc4-4774c554fbc4-groupManagement] INFO  server.RaftServer$Division (RaftServerImpl.java:<init>(255)) - 9c663db8-fa21-4bd9-8dc4-4774c554fbc4: new RaftServerImpl for group-8691A4D9751C:[9c663db8-fa21-4bd9-8dc4-4774c554fbc4|127.0.0.1:15012, 46c085ae-d173-483e-a797-bf073fdc6d33|127.0.0.1:15030, ca425215-81ee-42b3-84d9-8ded1157efea|127.0.0.1:15021] with ContainerStateMachine:uninitialized
2024-11-29 05:29:31,120 [9c663db8-fa21-4bd9-8dc4-4774c554fbc4-groupManagement] INFO  server.RaftServerConfigKeys (ConfUtils.java:logGet(46)) - raft.server.rpc.timeout.min = 5s (custom)
2024-11-29 05:29:31,120 [9c663db8-fa21-4bd9-8dc4-4774c554fbc4-groupManagement] INFO  server.RaftServerConfigKeys (ConfUtils.java:logGet(46)) - raft.server.rpc.timeout.max = 5200ms (custom)
2024-11-29 05:29:31,120 [9c663db8-fa21-4bd9-8dc4-4774c554fbc4-groupManagement] INFO  server.RaftServerConfigKeys (ConfUtils.java:logGet(46)) - raft.server.rpc.sleep.time = 25ms (default)
2024-11-29 05:29:31,120 [9c663db8-fa21-4bd9-8dc4-4774c554fbc4-groupManagement] INFO  server.RaftServerConfigKeys (ConfUtils.java:logGet(46)) - raft.server.rpc.slowness.timeout = 300s (custom)
2024-11-29 05:29:31,120 [9c663db8-fa21-4bd9-8dc4-4774c554fbc4-groupManagement] INFO  server.RaftServerConfigKeys (ConfUtils.java:logGet(46)) - raft.server.leaderelection.leader.step-down.wait-time = 10s (default)
2024-11-29 05:29:31,120 [9c663db8-fa21-4bd9-8dc4-4774c554fbc4-groupManagement] INFO  server.RaftServerConfigKeys (ConfUtils.java:logGet(46)) - raft.server.leaderelection.member.majority-add = false (default)
2024-11-29 05:29:31,120 [9c663db8-fa21-4bd9-8dc4-4774c554fbc4-groupManagement] INFO  server.RaftServerConfigKeys (ConfUtils.java:logGet(46)) - raft.server.sleep.deviation.threshold = 300ms (default)
2024-11-29 05:29:31,121 [9c663db8-fa21-4bd9-8dc4-4774c554fbc4-groupManagement] INFO  server.RaftServer$Division (ServerState.java:<init>(114)) - 9c663db8-fa21-4bd9-8dc4-4774c554fbc4@group-8691A4D9751C: ConfigurationManager, init=conf: {index: -1, cur=peers:[9c663db8-fa21-4bd9-8dc4-4774c554fbc4|127.0.0.1:15012, 46c085ae-d173-483e-a797-bf073fdc6d33|127.0.0.1:15030, ca425215-81ee-42b3-84d9-8ded1157efea|127.0.0.1:15021]|listeners:[], old=null}, confs=<EMPTY_MAP>
2024-11-29 05:29:31,121 [9c663db8-fa21-4bd9-8dc4-4774c554fbc4-groupManagement] INFO  server.RaftServerConfigKeys (ConfUtils.java:logGet(46)) - raft.server.notification.no-leader.timeout = 300s (custom)
2024-11-29 05:29:31,121 [9c663db8-fa21-4bd9-8dc4-4774c554fbc4-groupManagement] INFO  server.RaftServerConfigKeys (ConfUtils.java:logGet(46)) - raft.server.read.timeout = 10s (default)
2024-11-29 05:29:31,121 [9c663db8-fa21-4bd9-8dc4-4774c554fbc4-groupManagement] INFO  server.RaftServerConfigKeys (ConfUtils.java:logGet(46)) - raft.server.retrycache.expirytime = 600000ms (custom)
2024-11-29 05:29:31,121 [9c663db8-fa21-4bd9-8dc4-4774c554fbc4-groupManagement] INFO  server.RaftServerConfigKeys (ConfUtils.java:logGet(46)) - raft.server.retrycache.statistics.expirytime = 100ms (default)
2024-11-29 05:29:31,121 [9c663db8-fa21-4bd9-8dc4-4774c554fbc4-groupManagement] INFO  server.RaftServerConfigKeys (ConfUtils.java:logGet(46)) - raft.server.read.option = DEFAULT (default)
2024-11-29 05:29:31,121 [9c663db8-fa21-4bd9-8dc4-4774c554fbc4-groupManagement] INFO  server.RaftServerConfigKeys (ConfUtils.java:logGet(46)) - raft.server.read.read-after-write-consistent.write-index-cache.expiry-time = 60s (default)
2024-11-29 05:29:31,130 [9c663db8-fa21-4bd9-8dc4-4774c554fbc4-groupManagement] INFO  server.RaftServerConfigKeys (ConfUtils.java:logGet(46)) - raft.server.rpc.request.timeout = 60s (custom)
2024-11-29 05:29:31,130 [9c663db8-fa21-4bd9-8dc4-4774c554fbc4-groupManagement] INFO  server.RaftServerConfigKeys (ConfUtils.java:logGet(46)) - raft.server.log.appender.install.snapshot.enabled = false (custom)
2024-11-29 05:29:31,130 [9c663db8-fa21-4bd9-8dc4-4774c554fbc4-groupManagement] INFO  server.RaftServerConfigKeys (ConfUtils.java:logGet(46)) - raft.server.threadpool.server.cached = true (default)
2024-11-29 05:29:31,131 [9c663db8-fa21-4bd9-8dc4-4774c554fbc4-groupManagement] INFO  server.RaftServerConfigKeys (ConfUtils.java:logGet(46)) - raft.server.threadpool.server.size = 0 (default)
2024-11-29 05:29:31,131 [9c663db8-fa21-4bd9-8dc4-4774c554fbc4-groupManagement] INFO  server.RaftServerConfigKeys (ConfUtils.java:logGet(46)) - raft.server.threadpool.client.cached = true (default)
2024-11-29 05:29:31,131 [9c663db8-fa21-4bd9-8dc4-4774c554fbc4-groupManagement] INFO  server.RaftServerConfigKeys (ConfUtils.java:logGet(46)) - raft.server.threadpool.client.size = 0 (default)
2024-11-29 05:29:31,131 [9c663db8-fa21-4bd9-8dc4-4774c554fbc4-groupManagement] INFO  server.RaftServerConfigKeys (ConfUtils.java:logGet(46)) - raft.server.storage.free-space.min = 0MB (=0) (default)
2024-11-29 05:29:31,131 [9c663db8-fa21-4bd9-8dc4-4774c554fbc4-groupManagement] INFO  server.RaftServerConfigKeys (ConfUtils.java:logGet(46)) - raft.server.log.corruption.policy = EXCEPTION (default)
2024-11-29 05:29:31,131 [9c663db8-fa21-4bd9-8dc4-4774c554fbc4-groupManagement] INFO  server.RaftServerConfigKeys (ConfUtils.java:logGet(46)) - raft.server.storage.dir = [/home/runner/work/ozone/ozone/hadoop-ozone/integration-test/target/test-dir/MiniOzoneClusterImpl-61f21677-568d-49d7-a2ee-8a05247fe249/ozone-meta/datanode-1/ratis] (custom)
2024-11-29 05:29:31,131 [9c663db8-fa21-4bd9-8dc4-4774c554fbc4-groupManagement] INFO  storage.RaftStorageDirectory (RaftStorageDirectoryImpl.java:analyzeStorage(138)) - The storage directory /home/runner/work/ozone/ozone/hadoop-ozone/integration-test/target/test-dir/MiniOzoneClusterImpl-61f21677-568d-49d7-a2ee-8a05247fe249/ozone-meta/datanode-1/ratis/34e6819b-0e9b-433b-a940-8691a4d9751c does not exist. Creating ...
2024-11-29 05:29:31,134 [9c663db8-fa21-4bd9-8dc4-4774c554fbc4-groupManagement] INFO  storage.RaftStorageDirectory (RaftStorageDirectoryImpl.java:tryLock(229)) - Lock on /home/runner/work/ozone/ozone/hadoop-ozone/integration-test/target/test-dir/MiniOzoneClusterImpl-61f21677-568d-49d7-a2ee-8a05247fe249/ozone-meta/datanode-1/ratis/34e6819b-0e9b-433b-a940-8691a4d9751c/in_use.lock acquired by nodename 84584@fv-az1772-529
2024-11-29 05:29:31,137 [9c663db8-fa21-4bd9-8dc4-4774c554fbc4-groupManagement] INFO  storage.RaftStorage (RaftStorageImpl.java:format(98)) - Storage directory /home/runner/work/ozone/ozone/hadoop-ozone/integration-test/target/test-dir/MiniOzoneClusterImpl-61f21677-568d-49d7-a2ee-8a05247fe249/ozone-meta/datanode-1/ratis/34e6819b-0e9b-433b-a940-8691a4d9751c has been successfully formatted.
2024-11-29 05:29:31,138 [9c663db8-fa21-4bd9-8dc4-4774c554fbc4-groupManagement] INFO  ratis.ContainerStateMachine (ContainerStateMachine.java:initialize(302)) - 9c663db8-fa21-4bd9-8dc4-4774c554fbc4: initialize group-8691A4D9751C
2024-11-29 05:29:31,138 [9c663db8-fa21-4bd9-8dc4-4774c554fbc4-groupManagement] INFO  ratis.ContainerStateMachine (ContainerStateMachine.java:loadSnapshot(310)) - group-8691A4D9751C: The snapshot info is null. Setting the last applied index to:(t:0, i:~)
2024-11-29 05:29:31,139 [9c663db8-fa21-4bd9-8dc4-4774c554fbc4-groupManagement] INFO  server.RaftServerConfigKeys (ConfUtils.java:logGet(46)) - raft.server.log.use.memory = false (default)
2024-11-29 05:29:31,139 [9c663db8-fa21-4bd9-8dc4-4774c554fbc4-groupManagement] INFO  server.RaftServerConfigKeys (ConfUtils.java:logGet(46)) - raft.server.log.purge.gap = 1000000 (custom)
2024-11-29 05:29:31,140 [EventQueue-OpenPipelineForHealthyPipelineSafeModeRule] INFO  safemode.SCMSafeModeManager (HealthyPipelineSafeModeRule.java:process(140)) - SCM in safe mode. Healthy pipelines reported count is 0, required healthy pipeline reported count is 1
2024-11-29 05:29:31,140 [9c663db8-fa21-4bd9-8dc4-4774c554fbc4-groupManagement] INFO  server.RaftServerConfigKeys (ConfUtils.java:logGet(46)) - raft.server.log.appender.buffer.byte-limit = 33554432 (custom)
2024-11-29 05:29:31,141 [9c663db8-fa21-4bd9-8dc4-4774c554fbc4-groupManagement] INFO  server.RaftServerConfigKeys (ConfUtils.java:logGet(46)) - raft.server.log.statemachine.data.read.timeout = 1000ms (default)
2024-11-29 05:29:31,141 [9c663db8-fa21-4bd9-8dc4-4774c554fbc4-groupManagement] INFO  server.RaftServerConfigKeys (ConfUtils.java:logGet(46)) - raft.server.log.purge.preservation.log.num = 0 (default)
2024-11-29 05:29:31,145 [9c663db8-fa21-4bd9-8dc4-4774c554fbc4-groupManagement] INFO  server.RaftServerConfigKeys (ConfUtils.java:logGet(46)) - raft.server.log.segment.size.max = 67108864 (custom)
2024-11-29 05:29:31,145 [9c663db8-fa21-4bd9-8dc4-4774c554fbc4-groupManagement] INFO  server.RaftServerConfigKeys (ConfUtils.java:logGet(46)) - raft.server.log.segment.cache.num.max = 2 (custom)
2024-11-29 05:29:31,146 [9c663db8-fa21-4bd9-8dc4-4774c554fbc4-groupManagement] INFO  server.RaftServerConfigKeys (ConfUtils.java:logGet(46)) - raft.server.log.segment.cache.size.max = 200MB (=209715200) (default)
2024-11-29 05:29:31,146 [9c663db8-fa21-4bd9-8dc4-4774c554fbc4-groupManagement] INFO  server.RaftServerConfigKeys (ConfUtils.java:logGet(46)) - raft.server.log.appender.buffer.byte-limit = 33554432 (custom)
2024-11-29 05:29:31,150 [9c663db8-fa21-4bd9-8dc4-4774c554fbc4-groupManagement] INFO  util.AwaitToRun (AwaitToRun.java:start(81)) - Thread[9c663db8-fa21-4bd9-8dc4-4774c554fbc4@group-8691A4D9751C-cacheEviction-AwaitToRun,5,main] started
2024-11-29 05:29:31,150 [9c663db8-fa21-4bd9-8dc4-4774c554fbc4-groupManagement] INFO  segmented.SegmentedRaftLogWorker (SegmentedRaftLogWorker.java:<init>(188)) - new 9c663db8-fa21-4bd9-8dc4-4774c554fbc4@group-8691A4D9751C-SegmentedRaftLogWorker for RaftStorageImpl:Storage Directory /home/runner/work/ozone/ozone/hadoop-ozone/integration-test/target/test-dir/MiniOzoneClusterImpl-61f21677-568d-49d7-a2ee-8a05247fe249/ozone-meta/datanode-1/ratis/34e6819b-0e9b-433b-a940-8691a4d9751c
2024-11-29 05:29:31,151 [9c663db8-fa21-4bd9-8dc4-4774c554fbc4-groupManagement] INFO  server.RaftServerConfigKeys (ConfUtils.java:logGet(46)) - raft.server.log.queue.byte-limit = 4294967296 (custom)
2024-11-29 05:29:31,151 [9c663db8-fa21-4bd9-8dc4-4774c554fbc4-groupManagement] INFO  server.RaftServerConfigKeys (ConfUtils.java:logGet(46)) - raft.server.log.queue.element-limit = 1024 (custom)
2024-11-29 05:29:31,151 [9c663db8-fa21-4bd9-8dc4-4774c554fbc4-groupManagement] INFO  server.RaftServerConfigKeys (ConfUtils.java:logGet(46)) - raft.server.log.segment.size.max = 67108864 (custom)
2024-11-29 05:29:31,152 [9c663db8-fa21-4bd9-8dc4-4774c554fbc4-groupManagement] INFO  server.RaftServerConfigKeys (ConfUtils.java:logGet(46)) - raft.server.log.preallocated.size = 4194304 (custom)
2024-11-29 05:29:31,152 [9c663db8-fa21-4bd9-8dc4-4774c554fbc4-groupManagement] INFO  server.RaftServerConfigKeys (ConfUtils.java:logGet(46)) - raft.server.log.force.sync.num = 128 (default)
2024-11-29 05:29:31,153 [9c663db8-fa21-4bd9-8dc4-4774c554fbc4-groupManagement] INFO  server.RaftServerConfigKeys (ConfUtils.java:logGet(46)) - raft.server.log.statemachine.data.sync = true (default)
2024-11-29 05:29:31,153 [9c663db8-fa21-4bd9-8dc4-4774c554fbc4-groupManagement] INFO  server.RaftServerConfigKeys (ConfUtils.java:logGet(46)) - raft.server.log.statemachine.data.sync.timeout = 10s (default)
2024-11-29 05:29:31,154 [9c663db8-fa21-4bd9-8dc4-4774c554fbc4-groupManagement] INFO  server.RaftServerConfigKeys (ConfUtils.java:logGet(46)) - raft.server.log.statemachine.data.sync.timeout.retry = 30 (custom)
2024-11-29 05:29:31,155 [9c663db8-fa21-4bd9-8dc4-4774c554fbc4-groupManagement] INFO  server.RaftServerConfigKeys (ConfUtils.java:logGet(46)) - raft.server.log.write.buffer.size = 33554440 (custom)
2024-11-29 05:29:31,162 [9c663db8-fa21-4bd9-8dc4-4774c554fbc4-groupManagement] INFO  server.RaftServerConfigKeys (ConfUtils.java:logGet(46)) - raft.server.log.appender.buffer.byte-limit = 33554432 (custom)
2024-11-29 05:29:31,163 [9c663db8-fa21-4bd9-8dc4-4774c554fbc4-groupManagement] INFO  server.RaftServerConfigKeys (ConfUtils.java:logGet(46)) - raft.server.log.unsafe-flush.enabled = false (default)
2024-11-29 05:29:31,163 [9c663db8-fa21-4bd9-8dc4-4774c554fbc4-groupManagement] INFO  server.RaftServerConfigKeys (ConfUtils.java:logGet(46)) - raft.server.log.async-flush.enabled = false (default)
2024-11-29 05:29:31,164 [9c663db8-fa21-4bd9-8dc4-4774c554fbc4-groupManagement] INFO  server.RaftServerConfigKeys (ConfUtils.java:logGet(46)) - raft.server.log.statemachine.data.caching.enabled = true (custom)
2024-11-29 05:29:31,164 [9c663db8-fa21-4bd9-8dc4-4774c554fbc4-groupManagement] INFO  segmented.SegmentedRaftLogWorker (SegmentedRaftLogWorker.java:lambda$new$0(139)) - 9c663db8-fa21-4bd9-8dc4-4774c554fbc4@group-8691A4D9751C-SegmentedRaftLogWorker: flushIndex: setUnconditionally 0 -> -1
2024-11-29 05:29:31,165 [9c663db8-fa21-4bd9-8dc4-4774c554fbc4-groupManagement] INFO  segmented.SegmentedRaftLogWorker (SegmentedRaftLogWorker.java:lambda$new$0(139)) - 9c663db8-fa21-4bd9-8dc4-4774c554fbc4@group-8691A4D9751C-SegmentedRaftLogWorker: safeCacheEvictIndex: setUnconditionally 0 -> -1
2024-11-29 05:29:31,165 [9c663db8-fa21-4bd9-8dc4-4774c554fbc4-groupManagement] INFO  server.RaftServer$Division (RaftServerImpl.java:start(391)) - 9c663db8-fa21-4bd9-8dc4-4774c554fbc4@group-8691A4D9751C: start as a follower, conf=conf: {index: -1, cur=peers:[9c663db8-fa21-4bd9-8dc4-4774c554fbc4|127.0.0.1:15012, 46c085ae-d173-483e-a797-bf073fdc6d33|127.0.0.1:15030, ca425215-81ee-42b3-84d9-8ded1157efea|127.0.0.1:15021]|listeners:[], old=null}
2024-11-29 05:29:31,166 [9c663db8-fa21-4bd9-8dc4-4774c554fbc4-groupManagement] INFO  server.RaftServer$Division (RaftServerImpl.java:setRole(378)) - 9c663db8-fa21-4bd9-8dc4-4774c554fbc4@group-8691A4D9751C: changes role from      null to FOLLOWER at term 0 for startAsFollower
2024-11-29 05:29:31,166 [9c663db8-fa21-4bd9-8dc4-4774c554fbc4-groupManagement] INFO  impl.RoleInfo (RoleInfo.java:updateAndGet(148)) - 9c663db8-fa21-4bd9-8dc4-4774c554fbc4: start 9c663db8-fa21-4bd9-8dc4-4774c554fbc4@group-8691A4D9751C-FollowerState
2024-11-29 05:29:31,167 [9c663db8-fa21-4bd9-8dc4-4774c554fbc4@group-8691A4D9751C-FollowerState] INFO  server.RaftServerConfigKeys (ConfUtils.java:logFallback(53)) - raft.server.rpc.first-election.timeout.min = 5s (fallback to raft.server.rpc.timeout.min)
2024-11-29 05:29:31,167 [9c663db8-fa21-4bd9-8dc4-4774c554fbc4@group-8691A4D9751C-FollowerState] INFO  server.RaftServerConfigKeys (ConfUtils.java:logFallback(53)) - raft.server.rpc.first-election.timeout.max = 5200ms (fallback to raft.server.rpc.timeout.max)
2024-11-29 05:29:31,167 [9c663db8-fa21-4bd9-8dc4-4774c554fbc4-groupManagement] INFO  util.JmxRegister (JmxRegister.java:tryRegister(44)) - Successfully registered JMX Bean with object name Ratis:service=RaftServer,group=group-8691A4D9751C,id=9c663db8-fa21-4bd9-8dc4-4774c554fbc4
2024-11-29 05:29:31,168 [9c663db8-fa21-4bd9-8dc4-4774c554fbc4-groupManagement] INFO  util.JmxRegister (JmxRegister.java:register(58)) - register mxBean class org.apache.ratis.server.impl.RaftServerJmxAdapter as Ratis:service=RaftServer,group=group-8691A4D9751C,id=9c663db8-fa21-4bd9-8dc4-4774c554fbc4
2024-11-29 05:29:31,169 [9c663db8-fa21-4bd9-8dc4-4774c554fbc4-groupManagement] INFO  server.RaftServerConfigKeys (ConfUtils.java:logGet(46)) - raft.server.snapshot.trigger-when-stop.enabled = true (default)
2024-11-29 05:29:31,169 [9c663db8-fa21-4bd9-8dc4-4774c554fbc4-groupManagement] INFO  server.RaftServerConfigKeys (ConfUtils.java:logGet(46)) - raft.server.snapshot.trigger-when-remove.enabled = true (default)
2024-11-29 05:29:31,170 [9c663db8-fa21-4bd9-8dc4-4774c554fbc4-groupManagement] INFO  server.RaftServerConfigKeys (ConfUtils.java:logGet(46)) - raft.server.snapshot.auto.trigger.enabled = true (custom)
2024-11-29 05:29:31,170 [9c663db8-fa21-4bd9-8dc4-4774c554fbc4-groupManagement] INFO  server.RaftServerConfigKeys (ConfUtils.java:logGet(46)) - raft.server.snapshot.auto.trigger.threshold = 100000 (custom)
2024-11-29 05:29:31,171 [9c663db8-fa21-4bd9-8dc4-4774c554fbc4-groupManagement] INFO  server.RaftServerConfigKeys (ConfUtils.java:logGet(46)) - raft.server.snapshot.retention.file.num = 5 (custom)
2024-11-29 05:29:31,171 [9c663db8-fa21-4bd9-8dc4-4774c554fbc4-groupManagement] INFO  server.RaftServerConfigKeys (ConfUtils.java:logGet(46)) - raft.server.log.purge.upto.snapshot.index = false (default)
2024-11-29 05:29:31,174 [9c663db8-fa21-4bd9-8dc4-4774c554fbc4-groupManagement] INFO  server.RaftServer$Division (RaftServerImpl.java:start(405)) - 9c663db8-fa21-4bd9-8dc4-4774c554fbc4@group-8691A4D9751C: Successfully started.
2024-11-29 05:29:31,175 [9c663db8-fa21-4bd9-8dc4-4774c554fbc4-PipelineCommandHandlerThread-0] INFO  ratis.XceiverServerRatis (XceiverServerRatis.java:addGroup(844)) - Created group PipelineID=34e6819b-0e9b-433b-a940-8691a4d9751c
2024-11-29 05:29:31,455 [grpc-default-executor-0] INFO  server.RaftServer (RaftServerProxy.java:addNew(100)) - ca425215-81ee-42b3-84d9-8ded1157efea: addNew group-8691A4D9751C:[9c663db8-fa21-4bd9-8dc4-4774c554fbc4|127.0.0.1:15012, 46c085ae-d173-483e-a797-bf073fdc6d33|127.0.0.1:15030, ca425215-81ee-42b3-84d9-8ded1157efea|127.0.0.1:15021] returns group-8691A4D9751C:java.util.concurrent.CompletableFuture@21b63e2d[Not completed]
2024-11-29 05:29:31,458 [ca425215-81ee-42b3-84d9-8ded1157efea-groupManagement] INFO  server.RaftServer$Division (RaftServerImpl.java:<init>(255)) - ca425215-81ee-42b3-84d9-8ded1157efea: new RaftServerImpl for group-8691A4D9751C:[9c663db8-fa21-4bd9-8dc4-4774c554fbc4|127.0.0.1:15012, 46c085ae-d173-483e-a797-bf073fdc6d33|127.0.0.1:15030, ca425215-81ee-42b3-84d9-8ded1157efea|127.0.0.1:15021] with ContainerStateMachine:uninitialized
2024-11-29 05:29:31,458 [ca425215-81ee-42b3-84d9-8ded1157efea-groupManagement] INFO  server.RaftServerConfigKeys (ConfUtils.java:logGet(46)) - raft.server.rpc.timeout.min = 5s (custom)
2024-11-29 05:29:31,458 [ca425215-81ee-42b3-84d9-8ded1157efea-groupManagement] INFO  server.RaftServerConfigKeys (ConfUtils.java:logGet(46)) - raft.server.rpc.timeout.max = 5200ms (custom)
2024-11-29 05:29:31,458 [ca425215-81ee-42b3-84d9-8ded1157efea-groupManagement] INFO  server.RaftServerConfigKeys (ConfUtils.java:logGet(46)) - raft.server.rpc.sleep.time = 25ms (default)
2024-11-29 05:29:31,458 [ca425215-81ee-42b3-84d9-8ded1157efea-groupManagement] INFO  server.RaftServerConfigKeys (ConfUtils.java:logGet(46)) - raft.server.rpc.slowness.timeout = 300s (custom)
2024-11-29 05:29:31,458 [ca425215-81ee-42b3-84d9-8ded1157efea-groupManagement] INFO  server.RaftServerConfigKeys (ConfUtils.java:logGet(46)) - raft.server.leaderelection.leader.step-down.wait-time = 10s (default)
2024-11-29 05:29:31,458 [ca425215-81ee-42b3-84d9-8ded1157efea-groupManagement] INFO  server.RaftServerConfigKeys (ConfUtils.java:logGet(46)) - raft.server.leaderelection.member.majority-add = false (default)
2024-11-29 05:29:31,458 [ca425215-81ee-42b3-84d9-8ded1157efea-groupManagement] INFO  server.RaftServerConfigKeys (ConfUtils.java:logGet(46)) - raft.server.sleep.deviation.threshold = 300ms (default)
2024-11-29 05:29:31,459 [ca425215-81ee-42b3-84d9-8ded1157efea-groupManagement] INFO  server.RaftServer$Division (ServerState.java:<init>(114)) - ca425215-81ee-42b3-84d9-8ded1157efea@group-8691A4D9751C: ConfigurationManager, init=conf: {index: -1, cur=peers:[9c663db8-fa21-4bd9-8dc4-4774c554fbc4|127.0.0.1:15012, 46c085ae-d173-483e-a797-bf073fdc6d33|127.0.0.1:15030, ca425215-81ee-42b3-84d9-8ded1157efea|127.0.0.1:15021]|listeners:[], old=null}, confs=<EMPTY_MAP>
2024-11-29 05:29:31,459 [ca425215-81ee-42b3-84d9-8ded1157efea-groupManagement] INFO  server.RaftServerConfigKeys (ConfUtils.java:logGet(46)) - raft.server.notification.no-leader.timeout = 300s (custom)
2024-11-29 05:29:31,459 [ca425215-81ee-42b3-84d9-8ded1157efea-groupManagement] INFO  server.RaftServerConfigKeys (ConfUtils.java:logGet(46)) - raft.server.read.timeout = 10s (default)
2024-11-29 05:29:31,459 [ca425215-81ee-42b3-84d9-8ded1157efea-groupManagement] INFO  server.RaftServerConfigKeys (ConfUtils.java:logGet(46)) - raft.server.retrycache.expirytime = 600000ms (custom)
2024-11-29 05:29:31,459 [ca425215-81ee-42b3-84d9-8ded1157efea-groupManagement] INFO  server.RaftServerConfigKeys (ConfUtils.java:logGet(46)) - raft.server.retrycache.statistics.expirytime = 100ms (default)
2024-11-29 05:29:31,459 [ca425215-81ee-42b3-84d9-8ded1157efea-groupManagement] INFO  server.RaftServerConfigKeys (ConfUtils.java:logGet(46)) - raft.server.read.option = DEFAULT (default)
2024-11-29 05:29:31,459 [ca425215-81ee-42b3-84d9-8ded1157efea-groupManagement] INFO  server.RaftServerConfigKeys (ConfUtils.java:logGet(46)) - raft.server.read.read-after-write-consistent.write-index-cache.expiry-time = 60s (default)
2024-11-29 05:29:31,465 [ca425215-81ee-42b3-84d9-8ded1157efea-groupManagement] INFO  server.RaftServerConfigKeys (ConfUtils.java:logGet(46)) - raft.server.rpc.request.timeout = 60s (custom)
2024-11-29 05:29:31,465 [ca425215-81ee-42b3-84d9-8ded1157efea-groupManagement] INFO  server.RaftServerConfigKeys (ConfUtils.java:logGet(46)) - raft.server.log.appender.install.snapshot.enabled = false (custom)
2024-11-29 05:29:31,466 [ca425215-81ee-42b3-84d9-8ded1157efea-groupManagement] INFO  server.RaftServerConfigKeys (ConfUtils.java:logGet(46)) - raft.server.threadpool.server.cached = true (default)
2024-11-29 05:29:31,466 [ca425215-81ee-42b3-84d9-8ded1157efea-groupManagement] INFO  server.RaftServerConfigKeys (ConfUtils.java:logGet(46)) - raft.server.threadpool.server.size = 0 (default)
2024-11-29 05:29:31,466 [ca425215-81ee-42b3-84d9-8ded1157efea-groupManagement] INFO  server.RaftServerConfigKeys (ConfUtils.java:logGet(46)) - raft.server.threadpool.client.cached = true (default)
2024-11-29 05:29:31,466 [ca425215-81ee-42b3-84d9-8ded1157efea-groupManagement] INFO  server.RaftServerConfigKeys (ConfUtils.java:logGet(46)) - raft.server.threadpool.client.size = 0 (default)
2024-11-29 05:29:31,466 [ca425215-81ee-42b3-84d9-8ded1157efea-groupManagement] INFO  server.RaftServerConfigKeys (ConfUtils.java:logGet(46)) - raft.server.storage.free-space.min = 0MB (=0) (default)
2024-11-29 05:29:31,466 [ca425215-81ee-42b3-84d9-8ded1157efea-groupManagement] INFO  server.RaftServerConfigKeys (ConfUtils.java:logGet(46)) - raft.server.log.corruption.policy = EXCEPTION (default)
2024-11-29 05:29:31,466 [ca425215-81ee-42b3-84d9-8ded1157efea-groupManagement] INFO  server.RaftServerConfigKeys (ConfUtils.java:logGet(46)) - raft.server.storage.dir = [/home/runner/work/ozone/ozone/hadoop-ozone/integration-test/target/test-dir/MiniOzoneClusterImpl-61f21677-568d-49d7-a2ee-8a05247fe249/ozone-meta/datanode-2/ratis] (custom)
2024-11-29 05:29:31,467 [ca425215-81ee-42b3-84d9-8ded1157efea-groupManagement] INFO  storage.RaftStorageDirectory (RaftStorageDirectoryImpl.java:analyzeStorage(138)) - The storage directory /home/runner/work/ozone/ozone/hadoop-ozone/integration-test/target/test-dir/MiniOzoneClusterImpl-61f21677-568d-49d7-a2ee-8a05247fe249/ozone-meta/datanode-2/ratis/34e6819b-0e9b-433b-a940-8691a4d9751c does not exist. Creating ...
2024-11-29 05:29:31,468 [ca425215-81ee-42b3-84d9-8ded1157efea-groupManagement] INFO  storage.RaftStorageDirectory (RaftStorageDirectoryImpl.java:tryLock(229)) - Lock on /home/runner/work/ozone/ozone/hadoop-ozone/integration-test/target/test-dir/MiniOzoneClusterImpl-61f21677-568d-49d7-a2ee-8a05247fe249/ozone-meta/datanode-2/ratis/34e6819b-0e9b-433b-a940-8691a4d9751c/in_use.lock acquired by nodename 84584@fv-az1772-529
2024-11-29 05:29:31,470 [ca425215-81ee-42b3-84d9-8ded1157efea-groupManagement] INFO  storage.RaftStorage (RaftStorageImpl.java:format(98)) - Storage directory /home/runner/work/ozone/ozone/hadoop-ozone/integration-test/target/test-dir/MiniOzoneClusterImpl-61f21677-568d-49d7-a2ee-8a05247fe249/ozone-meta/datanode-2/ratis/34e6819b-0e9b-433b-a940-8691a4d9751c has been successfully formatted.
2024-11-29 05:29:31,470 [ca425215-81ee-42b3-84d9-8ded1157efea-groupManagement] INFO  ratis.ContainerStateMachine (ContainerStateMachine.java:initialize(302)) - ca425215-81ee-42b3-84d9-8ded1157efea: initialize group-8691A4D9751C
2024-11-29 05:29:31,470 [ca425215-81ee-42b3-84d9-8ded1157efea-groupManagement] INFO  ratis.ContainerStateMachine (ContainerStateMachine.java:loadSnapshot(310)) - group-8691A4D9751C: The snapshot info is null. Setting the last applied index to:(t:0, i:~)
2024-11-29 05:29:31,471 [ca425215-81ee-42b3-84d9-8ded1157efea-groupManagement] INFO  server.RaftServerConfigKeys (ConfUtils.java:logGet(46)) - raft.server.log.use.memory = false (default)
2024-11-29 05:29:31,471 [ca425215-81ee-42b3-84d9-8ded1157efea-groupManagement] INFO  server.RaftServerConfigKeys (ConfUtils.java:logGet(46)) - raft.server.log.purge.gap = 1000000 (custom)
2024-11-29 05:29:31,471 [ca425215-81ee-42b3-84d9-8ded1157efea-groupManagement] INFO  server.RaftServerConfigKeys (ConfUtils.java:logGet(46)) - raft.server.log.appender.buffer.byte-limit = 33554432 (custom)
2024-11-29 05:29:31,471 [ca425215-81ee-42b3-84d9-8ded1157efea-groupManagement] INFO  server.RaftServerConfigKeys (ConfUtils.java:logGet(46)) - raft.server.log.statemachine.data.read.timeout = 1000ms (default)
2024-11-29 05:29:31,471 [ca425215-81ee-42b3-84d9-8ded1157efea-groupManagement] INFO  server.RaftServerConfigKeys (ConfUtils.java:logGet(46)) - raft.server.log.purge.preservation.log.num = 0 (default)
2024-11-29 05:29:31,474 [ca425215-81ee-42b3-84d9-8ded1157efea-groupManagement] INFO  server.RaftServerConfigKeys (ConfUtils.java:logGet(46)) - raft.server.log.segment.size.max = 67108864 (custom)
2024-11-29 05:29:31,474 [ca425215-81ee-42b3-84d9-8ded1157efea-groupManagement] INFO  server.RaftServerConfigKeys (ConfUtils.java:logGet(46)) - raft.server.log.segment.cache.num.max = 2 (custom)
2024-11-29 05:29:31,475 [ca425215-81ee-42b3-84d9-8ded1157efea-groupManagement] INFO  server.RaftServerConfigKeys (ConfUtils.java:logGet(46)) - raft.server.log.segment.cache.size.max = 200MB (=209715200) (default)
2024-11-29 05:29:31,475 [ca425215-81ee-42b3-84d9-8ded1157efea-groupManagement] INFO  server.RaftServerConfigKeys (ConfUtils.java:logGet(46)) - raft.server.log.appender.buffer.byte-limit = 33554432 (custom)
2024-11-29 05:29:31,478 [ca425215-81ee-42b3-84d9-8ded1157efea-groupManagement] INFO  util.AwaitToRun (AwaitToRun.java:start(81)) - Thread[ca425215-81ee-42b3-84d9-8ded1157efea@group-8691A4D9751C-cacheEviction-AwaitToRun,5,main] started
2024-11-29 05:29:31,478 [ca425215-81ee-42b3-84d9-8ded1157efea-groupManagement] INFO  segmented.SegmentedRaftLogWorker (SegmentedRaftLogWorker.java:<init>(188)) - new ca425215-81ee-42b3-84d9-8ded1157efea@group-8691A4D9751C-SegmentedRaftLogWorker for RaftStorageImpl:Storage Directory /home/runner/work/ozone/ozone/hadoop-ozone/integration-test/target/test-dir/MiniOzoneClusterImpl-61f21677-568d-49d7-a2ee-8a05247fe249/ozone-meta/datanode-2/ratis/34e6819b-0e9b-433b-a940-8691a4d9751c
2024-11-29 05:29:31,479 [ca425215-81ee-42b3-84d9-8ded1157efea-groupManagement] INFO  server.RaftServerConfigKeys (ConfUtils.java:logGet(46)) - raft.server.log.queue.byte-limit = 4294967296 (custom)
2024-11-29 05:29:31,479 [ca425215-81ee-42b3-84d9-8ded1157efea-groupManagement] INFO  server.RaftServerConfigKeys (ConfUtils.java:logGet(46)) - raft.server.log.queue.element-limit = 1024 (custom)
2024-11-29 05:29:31,479 [ca425215-81ee-42b3-84d9-8ded1157efea-groupManagement] INFO  server.RaftServerConfigKeys (ConfUtils.java:logGet(46)) - raft.server.log.segment.size.max = 67108864 (custom)
2024-11-29 05:29:31,479 [ca425215-81ee-42b3-84d9-8ded1157efea-groupManagement] INFO  server.RaftServerConfigKeys (ConfUtils.java:logGet(46)) - raft.server.log.preallocated.size = 4194304 (custom)
2024-11-29 05:29:31,479 [ca425215-81ee-42b3-84d9-8ded1157efea-groupManagement] INFO  server.RaftServerConfigKeys (ConfUtils.java:logGet(46)) - raft.server.log.force.sync.num = 128 (default)
2024-11-29 05:29:31,479 [ca425215-81ee-42b3-84d9-8ded1157efea-groupManagement] INFO  server.RaftServerConfigKeys (ConfUtils.java:logGet(46)) - raft.server.log.statemachine.data.sync = true (default)
2024-11-29 05:29:31,479 [ca425215-81ee-42b3-84d9-8ded1157efea-groupManagement] INFO  server.RaftServerConfigKeys (ConfUtils.java:logGet(46)) - raft.server.log.statemachine.data.sync.timeout = 10s (default)
2024-11-29 05:29:31,479 [ca425215-81ee-42b3-84d9-8ded1157efea-groupManagement] INFO  server.RaftServerConfigKeys (ConfUtils.java:logGet(46)) - raft.server.log.statemachine.data.sync.timeout.retry = 30 (custom)
2024-11-29 05:29:31,480 [ca425215-81ee-42b3-84d9-8ded1157efea-groupManagement] INFO  server.RaftServerConfigKeys (ConfUtils.java:logGet(46)) - raft.server.log.write.buffer.size = 33554440 (custom)
2024-11-29 05:29:31,488 [ca425215-81ee-42b3-84d9-8ded1157efea-groupManagement] INFO  server.RaftServerConfigKeys (ConfUtils.java:logGet(46)) - raft.server.log.appender.buffer.byte-limit = 33554432 (custom)
2024-11-29 05:29:31,488 [ca425215-81ee-42b3-84d9-8ded1157efea-groupManagement] INFO  server.RaftServerConfigKeys (ConfUtils.java:logGet(46)) - raft.server.log.unsafe-flush.enabled = false (default)
2024-11-29 05:29:31,489 [ca425215-81ee-42b3-84d9-8ded1157efea-groupManagement] INFO  server.RaftServerConfigKeys (ConfUtils.java:logGet(46)) - raft.server.log.async-flush.enabled = false (default)
2024-11-29 05:29:31,489 [ca425215-81ee-42b3-84d9-8ded1157efea-groupManagement] INFO  server.RaftServerConfigKeys (ConfUtils.java:logGet(46)) - raft.server.log.statemachine.data.caching.enabled = true (custom)
2024-11-29 05:29:31,489 [ca425215-81ee-42b3-84d9-8ded1157efea-groupManagement] INFO  segmented.SegmentedRaftLogWorker (SegmentedRaftLogWorker.java:lambda$new$0(139)) - ca425215-81ee-42b3-84d9-8ded1157efea@group-8691A4D9751C-SegmentedRaftLogWorker: flushIndex: setUnconditionally 0 -> -1
2024-11-29 05:29:31,489 [ca425215-81ee-42b3-84d9-8ded1157efea-groupManagement] INFO  segmented.SegmentedRaftLogWorker (SegmentedRaftLogWorker.java:lambda$new$0(139)) - ca425215-81ee-42b3-84d9-8ded1157efea@group-8691A4D9751C-SegmentedRaftLogWorker: safeCacheEvictIndex: setUnconditionally 0 -> -1
2024-11-29 05:29:31,490 [ca425215-81ee-42b3-84d9-8ded1157efea-groupManagement] INFO  server.RaftServer$Division (RaftServerImpl.java:start(391)) - ca425215-81ee-42b3-84d9-8ded1157efea@group-8691A4D9751C: start as a follower, conf=conf: {index: -1, cur=peers:[9c663db8-fa21-4bd9-8dc4-4774c554fbc4|127.0.0.1:15012, 46c085ae-d173-483e-a797-bf073fdc6d33|127.0.0.1:15030, ca425215-81ee-42b3-84d9-8ded1157efea|127.0.0.1:15021]|listeners:[], old=null}
2024-11-29 05:29:31,490 [ca425215-81ee-42b3-84d9-8ded1157efea-groupManagement] INFO  server.RaftServer$Division (RaftServerImpl.java:setRole(378)) - ca425215-81ee-42b3-84d9-8ded1157efea@group-8691A4D9751C: changes role from      null to FOLLOWER at term 0 for startAsFollower
2024-11-29 05:29:31,490 [ca425215-81ee-42b3-84d9-8ded1157efea-groupManagement] INFO  impl.RoleInfo (RoleInfo.java:updateAndGet(148)) - ca425215-81ee-42b3-84d9-8ded1157efea: start ca425215-81ee-42b3-84d9-8ded1157efea@group-8691A4D9751C-FollowerState
2024-11-29 05:29:31,490 [ca425215-81ee-42b3-84d9-8ded1157efea@group-8691A4D9751C-FollowerState] INFO  server.RaftServerConfigKeys (ConfUtils.java:logFallback(53)) - raft.server.rpc.first-election.timeout.min = 5s (fallback to raft.server.rpc.timeout.min)
2024-11-29 05:29:31,491 [ca425215-81ee-42b3-84d9-8ded1157efea-groupManagement] INFO  util.JmxRegister (JmxRegister.java:tryRegister(44)) - Successfully registered JMX Bean with object name Ratis:service=RaftServer,group=group-8691A4D9751C,id=ca425215-81ee-42b3-84d9-8ded1157efea
2024-11-29 05:29:31,491 [ca425215-81ee-42b3-84d9-8ded1157efea-groupManagement] INFO  util.JmxRegister (JmxRegister.java:register(58)) - register mxBean class org.apache.ratis.server.impl.RaftServerJmxAdapter as Ratis:service=RaftServer,group=group-8691A4D9751C,id=ca425215-81ee-42b3-84d9-8ded1157efea
2024-11-29 05:29:31,491 [ca425215-81ee-42b3-84d9-8ded1157efea@group-8691A4D9751C-FollowerState] INFO  server.RaftServerConfigKeys (ConfUtils.java:logFallback(53)) - raft.server.rpc.first-election.timeout.max = 5200ms (fallback to raft.server.rpc.timeout.max)
2024-11-29 05:29:31,491 [ca425215-81ee-42b3-84d9-8ded1157efea-groupManagement] INFO  server.RaftServerConfigKeys (ConfUtils.java:logGet(46)) - raft.server.snapshot.trigger-when-stop.enabled = true (default)
2024-11-29 05:29:31,491 [ca425215-81ee-42b3-84d9-8ded1157efea-groupManagement] INFO  server.RaftServerConfigKeys (ConfUtils.java:logGet(46)) - raft.server.snapshot.trigger-when-remove.enabled = true (default)
2024-11-29 05:29:31,491 [ca425215-81ee-42b3-84d9-8ded1157efea-groupManagement] INFO  server.RaftServerConfigKeys (ConfUtils.java:logGet(46)) - raft.server.snapshot.auto.trigger.enabled = true (custom)
2024-11-29 05:29:31,492 [ca425215-81ee-42b3-84d9-8ded1157efea-groupManagement] INFO  server.RaftServerConfigKeys (ConfUtils.java:logGet(46)) - raft.server.snapshot.auto.trigger.threshold = 100000 (custom)
2024-11-29 05:29:31,492 [ca425215-81ee-42b3-84d9-8ded1157efea-groupManagement] INFO  server.RaftServerConfigKeys (ConfUtils.java:logGet(46)) - raft.server.snapshot.retention.file.num = 5 (custom)
2024-11-29 05:29:31,492 [ca425215-81ee-42b3-84d9-8ded1157efea-groupManagement] INFO  server.RaftServerConfigKeys (ConfUtils.java:logGet(46)) - raft.server.log.purge.upto.snapshot.index = false (default)
2024-11-29 05:29:31,494 [ca425215-81ee-42b3-84d9-8ded1157efea-groupManagement] INFO  server.RaftServer$Division (RaftServerImpl.java:start(405)) - ca425215-81ee-42b3-84d9-8ded1157efea@group-8691A4D9751C: Successfully started.
2024-11-29 05:29:31,529 [ca425215-81ee-42b3-84d9-8ded1157efea-PipelineCommandHandlerThread-0] INFO  server.RaftServer (RaftServerProxy.java:addNew(100)) - ca425215-81ee-42b3-84d9-8ded1157efea: addNew group-11CA902152C7:[ca425215-81ee-42b3-84d9-8ded1157efea|127.0.0.1:15021] returns group-11CA902152C7:java.util.concurrent.CompletableFuture@68550e0c[Not completed]
2024-11-29 05:29:31,530 [ca425215-81ee-42b3-84d9-8ded1157efea-groupManagement] INFO  server.RaftServer$Division (RaftServerImpl.java:<init>(255)) - ca425215-81ee-42b3-84d9-8ded1157efea: new RaftServerImpl for group-11CA902152C7:[ca425215-81ee-42b3-84d9-8ded1157efea|127.0.0.1:15021] with ContainerStateMachine:uninitialized
2024-11-29 05:29:31,530 [ca425215-81ee-42b3-84d9-8ded1157efea-groupManagement] INFO  server.RaftServerConfigKeys (ConfUtils.java:logGet(46)) - raft.server.rpc.timeout.min = 5s (custom)
2024-11-29 05:29:31,531 [ca425215-81ee-42b3-84d9-8ded1157efea-groupManagement] INFO  server.RaftServerConfigKeys (ConfUtils.java:logGet(46)) - raft.server.rpc.timeout.max = 5200ms (custom)
2024-11-29 05:29:31,531 [ca425215-81ee-42b3-84d9-8ded1157efea-groupManagement] INFO  server.RaftServerConfigKeys (ConfUtils.java:logGet(46)) - raft.server.rpc.sleep.time = 25ms (default)
2024-11-29 05:29:31,531 [ca425215-81ee-42b3-84d9-8ded1157efea-groupManagement] INFO  server.RaftServerConfigKeys (ConfUtils.java:logGet(46)) - raft.server.rpc.slowness.timeout = 300s (custom)
2024-11-29 05:29:31,531 [ca425215-81ee-42b3-84d9-8ded1157efea-groupManagement] INFO  server.RaftServerConfigKeys (ConfUtils.java:logGet(46)) - raft.server.leaderelection.leader.step-down.wait-time = 10s (default)
2024-11-29 05:29:31,531 [ca425215-81ee-42b3-84d9-8ded1157efea-groupManagement] INFO  server.RaftServerConfigKeys (ConfUtils.java:logGet(46)) - raft.server.leaderelection.member.majority-add = false (default)
2024-11-29 05:29:31,531 [ca425215-81ee-42b3-84d9-8ded1157efea-groupManagement] INFO  server.RaftServerConfigKeys (ConfUtils.java:logGet(46)) - raft.server.sleep.deviation.threshold = 300ms (default)
2024-11-29 05:29:31,531 [ca425215-81ee-42b3-84d9-8ded1157efea-groupManagement] INFO  server.RaftServer$Division (ServerState.java:<init>(114)) - ca425215-81ee-42b3-84d9-8ded1157efea@group-11CA902152C7: ConfigurationManager, init=conf: {index: -1, cur=peers:[ca425215-81ee-42b3-84d9-8ded1157efea|127.0.0.1:15021]|listeners:[], old=null}, confs=<EMPTY_MAP>
2024-11-29 05:29:31,531 [ca425215-81ee-42b3-84d9-8ded1157efea-groupManagement] INFO  server.RaftServerConfigKeys (ConfUtils.java:logGet(46)) - raft.server.notification.no-leader.timeout = 300s (custom)
2024-11-29 05:29:31,531 [ca425215-81ee-42b3-84d9-8ded1157efea-groupManagement] INFO  server.RaftServerConfigKeys (ConfUtils.java:logGet(46)) - raft.server.read.timeout = 10s (default)
2024-11-29 05:29:31,531 [ca425215-81ee-42b3-84d9-8ded1157efea-groupManagement] INFO  server.RaftServerConfigKeys (ConfUtils.java:logGet(46)) - raft.server.retrycache.expirytime = 600000ms (custom)
2024-11-29 05:29:31,531 [ca425215-81ee-42b3-84d9-8ded1157efea-groupManagement] INFO  server.RaftServerConfigKeys (ConfUtils.java:logGet(46)) - raft.server.retrycache.statistics.expirytime = 100ms (default)
2024-11-29 05:29:31,531 [ca425215-81ee-42b3-84d9-8ded1157efea-groupManagement] INFO  server.RaftServerConfigKeys (ConfUtils.java:logGet(46)) - raft.server.read.option = DEFAULT (default)
2024-11-29 05:29:31,531 [ca425215-81ee-42b3-84d9-8ded1157efea-groupManagement] INFO  server.RaftServerConfigKeys (ConfUtils.java:logGet(46)) - raft.server.read.read-after-write-consistent.write-index-cache.expiry-time = 60s (default)
2024-11-29 05:29:31,537 [ca425215-81ee-42b3-84d9-8ded1157efea-groupManagement] INFO  server.RaftServerConfigKeys (ConfUtils.java:logGet(46)) - raft.server.rpc.request.timeout = 60s (custom)
2024-11-29 05:29:31,537 [ca425215-81ee-42b3-84d9-8ded1157efea-groupManagement] INFO  server.RaftServerConfigKeys (ConfUtils.java:logGet(46)) - raft.server.log.appender.install.snapshot.enabled = false (custom)
2024-11-29 05:29:31,537 [ca425215-81ee-42b3-84d9-8ded1157efea-groupManagement] INFO  server.RaftServerConfigKeys (ConfUtils.java:logGet(46)) - raft.server.threadpool.server.cached = true (default)
2024-11-29 05:29:31,537 [ca425215-81ee-42b3-84d9-8ded1157efea-groupManagement] INFO  server.RaftServerConfigKeys (ConfUtils.java:logGet(46)) - raft.server.threadpool.server.size = 0 (default)
2024-11-29 05:29:31,539 [ca425215-81ee-42b3-84d9-8ded1157efea-groupManagement] INFO  server.RaftServerConfigKeys (ConfUtils.java:logGet(46)) - raft.server.threadpool.client.cached = true (default)
2024-11-29 05:29:31,540 [ca425215-81ee-42b3-84d9-8ded1157efea-groupManagement] INFO  server.RaftServerConfigKeys (ConfUtils.java:logGet(46)) - raft.server.threadpool.client.size = 0 (default)
2024-11-29 05:29:31,540 [ca425215-81ee-42b3-84d9-8ded1157efea-groupManagement] INFO  server.RaftServerConfigKeys (ConfUtils.java:logGet(46)) - raft.server.storage.free-space.min = 0MB (=0) (default)
2024-11-29 05:29:31,540 [ca425215-81ee-42b3-84d9-8ded1157efea-groupManagement] INFO  server.RaftServerConfigKeys (ConfUtils.java:logGet(46)) - raft.server.log.corruption.policy = EXCEPTION (default)
2024-11-29 05:29:31,541 [ca425215-81ee-42b3-84d9-8ded1157efea-groupManagement] INFO  server.RaftServerConfigKeys (ConfUtils.java:logGet(46)) - raft.server.storage.dir = [/home/runner/work/ozone/ozone/hadoop-ozone/integration-test/target/test-dir/MiniOzoneClusterImpl-61f21677-568d-49d7-a2ee-8a05247fe249/ozone-meta/datanode-2/ratis] (custom)
2024-11-29 05:29:31,543 [ca425215-81ee-42b3-84d9-8ded1157efea-groupManagement] INFO  storage.RaftStorageDirectory (RaftStorageDirectoryImpl.java:analyzeStorage(138)) - The storage directory /home/runner/work/ozone/ozone/hadoop-ozone/integration-test/target/test-dir/MiniOzoneClusterImpl-61f21677-568d-49d7-a2ee-8a05247fe249/ozone-meta/datanode-2/ratis/8352fd53-44a5-4bbd-9758-11ca902152c7 does not exist. Creating ...
2024-11-29 05:29:31,546 [ca425215-81ee-42b3-84d9-8ded1157efea-groupManagement] INFO  storage.RaftStorageDirectory (RaftStorageDirectoryImpl.java:tryLock(229)) - Lock on /home/runner/work/ozone/ozone/hadoop-ozone/integration-test/target/test-dir/MiniOzoneClusterImpl-61f21677-568d-49d7-a2ee-8a05247fe249/ozone-meta/datanode-2/ratis/8352fd53-44a5-4bbd-9758-11ca902152c7/in_use.lock acquired by nodename 84584@fv-az1772-529
2024-11-29 05:29:31,548 [ca425215-81ee-42b3-84d9-8ded1157efea-groupManagement] INFO  storage.RaftStorage (RaftStorageImpl.java:format(98)) - Storage directory /home/runner/work/ozone/ozone/hadoop-ozone/integration-test/target/test-dir/MiniOzoneClusterImpl-61f21677-568d-49d7-a2ee-8a05247fe249/ozone-meta/datanode-2/ratis/8352fd53-44a5-4bbd-9758-11ca902152c7 has been successfully formatted.
2024-11-29 05:29:31,549 [ca425215-81ee-42b3-84d9-8ded1157efea-groupManagement] INFO  ratis.ContainerStateMachine (ContainerStateMachine.java:initialize(302)) - ca425215-81ee-42b3-84d9-8ded1157efea: initialize group-11CA902152C7
2024-11-29 05:29:31,549 [ca425215-81ee-42b3-84d9-8ded1157efea-groupManagement] INFO  ratis.ContainerStateMachine (ContainerStateMachine.java:loadSnapshot(310)) - group-11CA902152C7: The snapshot info is null. Setting the last applied index to:(t:0, i:~)
2024-11-29 05:29:31,549 [ca425215-81ee-42b3-84d9-8ded1157efea-groupManagement] INFO  server.RaftServerConfigKeys (ConfUtils.java:logGet(46)) - raft.server.log.use.memory = false (default)
2024-11-29 05:29:31,549 [ca425215-81ee-42b3-84d9-8ded1157efea-groupManagement] INFO  server.RaftServerConfigKeys (ConfUtils.java:logGet(46)) - raft.server.log.purge.gap = 1000000 (custom)
2024-11-29 05:29:31,549 [ca425215-81ee-42b3-84d9-8ded1157efea-groupManagement] INFO  server.RaftServerConfigKeys (ConfUtils.java:logGet(46)) - raft.server.log.appender.buffer.byte-limit = 33554432 (custom)
2024-11-29 05:29:31,549 [ca425215-81ee-42b3-84d9-8ded1157efea-groupManagement] INFO  server.RaftServerConfigKeys (ConfUtils.java:logGet(46)) - raft.server.log.statemachine.data.read.timeout = 1000ms (default)
2024-11-29 05:29:31,549 [ca425215-81ee-42b3-84d9-8ded1157efea-groupManagement] INFO  server.RaftServerConfigKeys (ConfUtils.java:logGet(46)) - raft.server.log.purge.preservation.log.num = 0 (default)
2024-11-29 05:29:31,552 [ca425215-81ee-42b3-84d9-8ded1157efea-groupManagement] INFO  server.RaftServerConfigKeys (ConfUtils.java:logGet(46)) - raft.server.log.segment.size.max = 67108864 (custom)
2024-11-29 05:29:31,552 [ca425215-81ee-42b3-84d9-8ded1157efea-groupManagement] INFO  server.RaftServerConfigKeys (ConfUtils.java:logGet(46)) - raft.server.log.segment.cache.num.max = 2 (custom)
2024-11-29 05:29:31,552 [ca425215-81ee-42b3-84d9-8ded1157efea-groupManagement] INFO  server.RaftServerConfigKeys (ConfUtils.java:logGet(46)) - raft.server.log.segment.cache.size.max = 200MB (=209715200) (default)
2024-11-29 05:29:31,552 [ca425215-81ee-42b3-84d9-8ded1157efea-groupManagement] INFO  server.RaftServerConfigKeys (ConfUtils.java:logGet(46)) - raft.server.log.appender.buffer.byte-limit = 33554432 (custom)
2024-11-29 05:29:31,552 [EventQueue-PipelineReportForPipelineReportHandler] INFO  pipeline.PipelineReportHandler (PipelineReportHandler.java:processPipelineReport(147)) - Opened pipeline PipelineID=8352fd53-44a5-4bbd-9758-11ca902152c7
2024-11-29 05:29:31,553 [ca425215-81ee-42b3-84d9-8ded1157efea-groupManagement] INFO  util.AwaitToRun (AwaitToRun.java:start(81)) - Thread[ca425215-81ee-42b3-84d9-8ded1157efea@group-11CA902152C7-cacheEviction-AwaitToRun,5,main] started
2024-11-29 05:29:31,553 [ca425215-81ee-42b3-84d9-8ded1157efea-groupManagement] INFO  segmented.SegmentedRaftLogWorker (SegmentedRaftLogWorker.java:<init>(188)) - new ca425215-81ee-42b3-84d9-8ded1157efea@group-11CA902152C7-SegmentedRaftLogWorker for RaftStorageImpl:Storage Directory /home/runner/work/ozone/ozone/hadoop-ozone/integration-test/target/test-dir/MiniOzoneClusterImpl-61f21677-568d-49d7-a2ee-8a05247fe249/ozone-meta/datanode-2/ratis/8352fd53-44a5-4bbd-9758-11ca902152c7
2024-11-29 05:29:31,553 [ca425215-81ee-42b3-84d9-8ded1157efea-groupManagement] INFO  server.RaftServerConfigKeys (ConfUtils.java:logGet(46)) - raft.server.log.queue.byte-limit = 4294967296 (custom)
2024-11-29 05:29:31,553 [ca425215-81ee-42b3-84d9-8ded1157efea-groupManagement] INFO  server.RaftServerConfigKeys (ConfUtils.java:logGet(46)) - raft.server.log.queue.element-limit = 1024 (custom)
2024-11-29 05:29:31,553 [ca425215-81ee-42b3-84d9-8ded1157efea-groupManagement] INFO  server.RaftServerConfigKeys (ConfUtils.java:logGet(46)) - raft.server.log.segment.size.max = 67108864 (custom)
2024-11-29 05:29:31,553 [ca425215-81ee-42b3-84d9-8ded1157efea-groupManagement] INFO  server.RaftServerConfigKeys (ConfUtils.java:logGet(46)) - raft.server.log.preallocated.size = 4194304 (custom)
2024-11-29 05:29:31,553 [ca425215-81ee-42b3-84d9-8ded1157efea-groupManagement] INFO  server.RaftServerConfigKeys (ConfUtils.java:logGet(46)) - raft.server.log.force.sync.num = 128 (default)
2024-11-29 05:29:31,553 [ca425215-81ee-42b3-84d9-8ded1157efea-groupManagement] INFO  server.RaftServerConfigKeys (ConfUtils.java:logGet(46)) - raft.server.log.statemachine.data.sync = true (default)
2024-11-29 05:29:31,553 [EventQueue-OpenPipelineForHealthyPipelineSafeModeRule] INFO  safemode.SCMSafeModeManager (HealthyPipelineSafeModeRule.java:process(140)) - SCM in safe mode. Healthy pipelines reported count is 0, required healthy pipeline reported count is 1
2024-11-29 05:29:31,553 [ca425215-81ee-42b3-84d9-8ded1157efea-groupManagement] INFO  server.RaftServerConfigKeys (ConfUtils.java:logGet(46)) - raft.server.log.statemachine.data.sync.timeout = 10s (default)
2024-11-29 05:29:31,553 [ca425215-81ee-42b3-84d9-8ded1157efea-groupManagement] INFO  server.RaftServerConfigKeys (ConfUtils.java:logGet(46)) - raft.server.log.statemachine.data.sync.timeout.retry = 30 (custom)
2024-11-29 05:29:31,554 [ca425215-81ee-42b3-84d9-8ded1157efea-groupManagement] INFO  server.RaftServerConfigKeys (ConfUtils.java:logGet(46)) - raft.server.log.write.buffer.size = 33554440 (custom)
2024-11-29 05:29:31,558 [grpc-default-executor-0] INFO  server.RaftServer (RaftServerProxy.java:addNew(100)) - 46c085ae-d173-483e-a797-bf073fdc6d33: addNew group-8691A4D9751C:[9c663db8-fa21-4bd9-8dc4-4774c554fbc4|127.0.0.1:15012, 46c085ae-d173-483e-a797-bf073fdc6d33|127.0.0.1:15030, ca425215-81ee-42b3-84d9-8ded1157efea|127.0.0.1:15021] returns group-8691A4D9751C:java.util.concurrent.CompletableFuture@3c55f48c[Not completed]
2024-11-29 05:29:31,561 [46c085ae-d173-483e-a797-bf073fdc6d33-groupManagement] INFO  server.RaftServer$Division (RaftServerImpl.java:<init>(255)) - 46c085ae-d173-483e-a797-bf073fdc6d33: new RaftServerImpl for group-8691A4D9751C:[9c663db8-fa21-4bd9-8dc4-4774c554fbc4|127.0.0.1:15012, 46c085ae-d173-483e-a797-bf073fdc6d33|127.0.0.1:15030, ca425215-81ee-42b3-84d9-8ded1157efea|127.0.0.1:15021] with ContainerStateMachine:uninitialized
2024-11-29 05:29:31,562 [ca425215-81ee-42b3-84d9-8ded1157efea-groupManagement] INFO  server.RaftServerConfigKeys (ConfUtils.java:logGet(46)) - raft.server.log.appender.buffer.byte-limit = 33554432 (custom)
2024-11-29 05:29:31,562 [ca425215-81ee-42b3-84d9-8ded1157efea-groupManagement] INFO  server.RaftServerConfigKeys (ConfUtils.java:logGet(46)) - raft.server.log.unsafe-flush.enabled = false (default)
2024-11-29 05:29:31,562 [ca425215-81ee-42b3-84d9-8ded1157efea-groupManagement] INFO  server.RaftServerConfigKeys (ConfUtils.java:logGet(46)) - raft.server.log.async-flush.enabled = false (default)
2024-11-29 05:29:31,562 [ca425215-81ee-42b3-84d9-8ded1157efea-groupManagement] INFO  server.RaftServerConfigKeys (ConfUtils.java:logGet(46)) - raft.server.log.statemachine.data.caching.enabled = true (custom)
2024-11-29 05:29:31,562 [ca425215-81ee-42b3-84d9-8ded1157efea-groupManagement] INFO  segmented.SegmentedRaftLogWorker (SegmentedRaftLogWorker.java:lambda$new$0(139)) - ca425215-81ee-42b3-84d9-8ded1157efea@group-11CA902152C7-SegmentedRaftLogWorker: flushIndex: setUnconditionally 0 -> -1
2024-11-29 05:29:31,562 [ca425215-81ee-42b3-84d9-8ded1157efea-groupManagement] INFO  segmented.SegmentedRaftLogWorker (SegmentedRaftLogWorker.java:lambda$new$0(139)) - ca425215-81ee-42b3-84d9-8ded1157efea@group-11CA902152C7-SegmentedRaftLogWorker: safeCacheEvictIndex: setUnconditionally 0 -> -1
2024-11-29 05:29:31,562 [46c085ae-d173-483e-a797-bf073fdc6d33-groupManagement] INFO  server.RaftServerConfigKeys (ConfUtils.java:logGet(46)) - raft.server.rpc.timeout.min = 5s (custom)
2024-11-29 05:29:31,563 [46c085ae-d173-483e-a797-bf073fdc6d33-groupManagement] INFO  server.RaftServerConfigKeys (ConfUtils.java:logGet(46)) - raft.server.rpc.timeout.max = 5200ms (custom)
2024-11-29 05:29:31,564 [46c085ae-d173-483e-a797-bf073fdc6d33-groupManagement] INFO  server.RaftServerConfigKeys (ConfUtils.java:logGet(46)) - raft.server.rpc.sleep.time = 25ms (default)
2024-11-29 05:29:31,564 [46c085ae-d173-483e-a797-bf073fdc6d33-groupManagement] INFO  server.RaftServerConfigKeys (ConfUtils.java:logGet(46)) - raft.server.rpc.slowness.timeout = 300s (custom)
2024-11-29 05:29:31,565 [46c085ae-d173-483e-a797-bf073fdc6d33-groupManagement] INFO  server.RaftServerConfigKeys (ConfUtils.java:logGet(46)) - raft.server.leaderelection.leader.step-down.wait-time = 10s (default)
2024-11-29 05:29:31,565 [46c085ae-d173-483e-a797-bf073fdc6d33-groupManagement] INFO  server.RaftServerConfigKeys (ConfUtils.java:logGet(46)) - raft.server.leaderelection.member.majority-add = false (default)
2024-11-29 05:29:31,565 [46c085ae-d173-483e-a797-bf073fdc6d33-groupManagement] INFO  server.RaftServerConfigKeys (ConfUtils.java:logGet(46)) - raft.server.sleep.deviation.threshold = 300ms (default)
2024-11-29 05:29:31,566 [46c085ae-d173-483e-a797-bf073fdc6d33-groupManagement] INFO  server.RaftServer$Division (ServerState.java:<init>(114)) - 46c085ae-d173-483e-a797-bf073fdc6d33@group-8691A4D9751C: ConfigurationManager, init=conf: {index: -1, cur=peers:[9c663db8-fa21-4bd9-8dc4-4774c554fbc4|127.0.0.1:15012, 46c085ae-d173-483e-a797-bf073fdc6d33|127.0.0.1:15030, ca425215-81ee-42b3-84d9-8ded1157efea|127.0.0.1:15021]|listeners:[], old=null}, confs=<EMPTY_MAP>
2024-11-29 05:29:31,566 [46c085ae-d173-483e-a797-bf073fdc6d33-groupManagement] INFO  server.RaftServerConfigKeys (ConfUtils.java:logGet(46)) - raft.server.notification.no-leader.timeout = 300s (custom)
2024-11-29 05:29:31,567 [46c085ae-d173-483e-a797-bf073fdc6d33-groupManagement] INFO  server.RaftServerConfigKeys (ConfUtils.java:logGet(46)) - raft.server.read.timeout = 10s (default)
2024-11-29 05:29:31,567 [46c085ae-d173-483e-a797-bf073fdc6d33-groupManagement] INFO  server.RaftServerConfigKeys (ConfUtils.java:logGet(46)) - raft.server.retrycache.expirytime = 600000ms (custom)
2024-11-29 05:29:31,568 [46c085ae-d173-483e-a797-bf073fdc6d33-groupManagement] INFO  server.RaftServerConfigKeys (ConfUtils.java:logGet(46)) - raft.server.retrycache.statistics.expirytime = 100ms (default)
2024-11-29 05:29:31,568 [46c085ae-d173-483e-a797-bf073fdc6d33-groupManagement] INFO  server.RaftServerConfigKeys (ConfUtils.java:logGet(46)) - raft.server.read.option = DEFAULT (default)
2024-11-29 05:29:31,569 [46c085ae-d173-483e-a797-bf073fdc6d33-groupManagement] INFO  server.RaftServerConfigKeys (ConfUtils.java:logGet(46)) - raft.server.read.read-after-write-consistent.write-index-cache.expiry-time = 60s (default)
2024-11-29 05:29:31,570 [ca425215-81ee-42b3-84d9-8ded1157efea-groupManagement] INFO  server.RaftServer$Division (RaftServerImpl.java:start(391)) - ca425215-81ee-42b3-84d9-8ded1157efea@group-11CA902152C7: start as a follower, conf=conf: {index: -1, cur=peers:[ca425215-81ee-42b3-84d9-8ded1157efea|127.0.0.1:15021]|listeners:[], old=null}
2024-11-29 05:29:31,570 [ca425215-81ee-42b3-84d9-8ded1157efea-groupManagement] INFO  server.RaftServer$Division (RaftServerImpl.java:setRole(378)) - ca425215-81ee-42b3-84d9-8ded1157efea@group-11CA902152C7: changes role from      null to FOLLOWER at term 0 for startAsFollower
2024-11-29 05:29:31,570 [ca425215-81ee-42b3-84d9-8ded1157efea-groupManagement] INFO  impl.RoleInfo (RoleInfo.java:updateAndGet(148)) - ca425215-81ee-42b3-84d9-8ded1157efea: start ca425215-81ee-42b3-84d9-8ded1157efea@group-11CA902152C7-FollowerState
2024-11-29 05:29:31,577 [ca425215-81ee-42b3-84d9-8ded1157efea-groupManagement] INFO  util.JmxRegister (JmxRegister.java:tryRegister(44)) - Successfully registered JMX Bean with object name Ratis:service=RaftServer,group=group-11CA902152C7,id=ca425215-81ee-42b3-84d9-8ded1157efea
2024-11-29 05:29:31,577 [ca425215-81ee-42b3-84d9-8ded1157efea-groupManagement] INFO  util.JmxRegister (JmxRegister.java:register(58)) - register mxBean class org.apache.ratis.server.impl.RaftServerJmxAdapter as Ratis:service=RaftServer,group=group-11CA902152C7,id=ca425215-81ee-42b3-84d9-8ded1157efea
2024-11-29 05:29:31,578 [ca425215-81ee-42b3-84d9-8ded1157efea-groupManagement] INFO  server.RaftServerConfigKeys (ConfUtils.java:logGet(46)) - raft.server.snapshot.trigger-when-stop.enabled = true (default)
2024-11-29 05:29:31,578 [ca425215-81ee-42b3-84d9-8ded1157efea-groupManagement] INFO  server.RaftServerConfigKeys (ConfUtils.java:logGet(46)) - raft.server.snapshot.trigger-when-remove.enabled = true (default)
2024-11-29 05:29:31,578 [ca425215-81ee-42b3-84d9-8ded1157efea-groupManagement] INFO  server.RaftServerConfigKeys (ConfUtils.java:logGet(46)) - raft.server.snapshot.auto.trigger.enabled = true (custom)
2024-11-29 05:29:31,578 [ca425215-81ee-42b3-84d9-8ded1157efea-groupManagement] INFO  server.RaftServerConfigKeys (ConfUtils.java:logGet(46)) - raft.server.snapshot.auto.trigger.threshold = 100000 (custom)
2024-11-29 05:29:31,578 [ca425215-81ee-42b3-84d9-8ded1157efea-groupManagement] INFO  server.RaftServerConfigKeys (ConfUtils.java:logGet(46)) - raft.server.snapshot.retention.file.num = 5 (custom)
2024-11-29 05:29:31,578 [ca425215-81ee-42b3-84d9-8ded1157efea-groupManagement] INFO  server.RaftServerConfigKeys (ConfUtils.java:logGet(46)) - raft.server.log.purge.upto.snapshot.index = false (default)
2024-11-29 05:29:31,577 [46c085ae-d173-483e-a797-bf073fdc6d33-groupManagement] INFO  server.RaftServerConfigKeys (ConfUtils.java:logGet(46)) - raft.server.rpc.request.timeout = 60s (custom)
2024-11-29 05:29:31,578 [ca425215-81ee-42b3-84d9-8ded1157efea@group-11CA902152C7-FollowerState] INFO  server.RaftServerConfigKeys (ConfUtils.java:logFallback(53)) - raft.server.rpc.first-election.timeout.min = 5s (fallback to raft.server.rpc.timeout.min)
2024-11-29 05:29:31,581 [ca425215-81ee-42b3-84d9-8ded1157efea@group-11CA902152C7-FollowerState] INFO  server.RaftServerConfigKeys (ConfUtils.java:logFallback(53)) - raft.server.rpc.first-election.timeout.max = 5200ms (fallback to raft.server.rpc.timeout.max)
2024-11-29 05:29:31,580 [46c085ae-d173-483e-a797-bf073fdc6d33-groupManagement] INFO  server.RaftServerConfigKeys (ConfUtils.java:logGet(46)) - raft.server.log.appender.install.snapshot.enabled = false (custom)
2024-11-29 05:29:31,582 [46c085ae-d173-483e-a797-bf073fdc6d33-groupManagement] INFO  server.RaftServerConfigKeys (ConfUtils.java:logGet(46)) - raft.server.threadpool.server.cached = true (default)
2024-11-29 05:29:31,582 [46c085ae-d173-483e-a797-bf073fdc6d33-groupManagement] INFO  server.RaftServerConfigKeys (ConfUtils.java:logGet(46)) - raft.server.threadpool.server.size = 0 (default)
2024-11-29 05:29:31,582 [ca425215-81ee-42b3-84d9-8ded1157efea-groupManagement] INFO  server.RaftServer$Division (RaftServerImpl.java:start(405)) - ca425215-81ee-42b3-84d9-8ded1157efea@group-11CA902152C7: Successfully started.
2024-11-29 05:29:31,583 [ca425215-81ee-42b3-84d9-8ded1157efea-PipelineCommandHandlerThread-0] INFO  ratis.XceiverServerRatis (XceiverServerRatis.java:addGroup(844)) - Created group PipelineID=8352fd53-44a5-4bbd-9758-11ca902152c7
2024-11-29 05:29:31,583 [ca425215-81ee-42b3-84d9-8ded1157efea-PipelineCommandHandlerThread-0] INFO  commandhandler.CreatePipelineCommandHandler (CreatePipelineCommandHandler.java:lambda$handle$2(129)) - Created Pipeline RATIS ONE PipelineID=8352fd53-44a5-4bbd-9758-11ca902152c7.
2024-11-29 05:29:31,584 [ca425215-81ee-42b3-84d9-8ded1157efea-PipelineCommandHandlerThread-0] INFO  server.RaftServer (RaftServerProxy.java:addNew(100)) - ca425215-81ee-42b3-84d9-8ded1157efea: addNew group-BC39F70CEAC4:[9c663db8-fa21-4bd9-8dc4-4774c554fbc4|127.0.0.1:15012, 46c085ae-d173-483e-a797-bf073fdc6d33|127.0.0.1:15030, ca425215-81ee-42b3-84d9-8ded1157efea|127.0.0.1:15021] returns group-BC39F70CEAC4:java.util.concurrent.CompletableFuture@6692ed76[Not completed]
2024-11-29 05:29:31,583 [46c085ae-d173-483e-a797-bf073fdc6d33-groupManagement] INFO  server.RaftServerConfigKeys (ConfUtils.java:logGet(46)) - raft.server.threadpool.client.cached = true (default)
2024-11-29 05:29:31,585 [46c085ae-d173-483e-a797-bf073fdc6d33-groupManagement] INFO  server.RaftServerConfigKeys (ConfUtils.java:logGet(46)) - raft.server.threadpool.client.size = 0 (default)
2024-11-29 05:29:31,585 [ca425215-81ee-42b3-84d9-8ded1157efea-groupManagement] INFO  server.RaftServer$Division (RaftServerImpl.java:<init>(255)) - ca425215-81ee-42b3-84d9-8ded1157efea: new RaftServerImpl for group-BC39F70CEAC4:[9c663db8-fa21-4bd9-8dc4-4774c554fbc4|127.0.0.1:15012, 46c085ae-d173-483e-a797-bf073fdc6d33|127.0.0.1:15030, ca425215-81ee-42b3-84d9-8ded1157efea|127.0.0.1:15021] with ContainerStateMachine:uninitialized
2024-11-29 05:29:31,585 [ca425215-81ee-42b3-84d9-8ded1157efea-groupManagement] INFO  server.RaftServerConfigKeys (ConfUtils.java:logGet(46)) - raft.server.rpc.timeout.min = 5s (custom)
2024-11-29 05:29:31,585 [ca425215-81ee-42b3-84d9-8ded1157efea-groupManagement] INFO  server.RaftServerConfigKeys (ConfUtils.java:logGet(46)) - raft.server.rpc.timeout.max = 5200ms (custom)
2024-11-29 05:29:31,585 [ca425215-81ee-42b3-84d9-8ded1157efea-groupManagement] INFO  server.RaftServerConfigKeys (ConfUtils.java:logGet(46)) - raft.server.rpc.sleep.time = 25ms (default)
2024-11-29 05:29:31,585 [ca425215-81ee-42b3-84d9-8ded1157efea-groupManagement] INFO  server.RaftServerConfigKeys (ConfUtils.java:logGet(46)) - raft.server.rpc.slowness.timeout = 300s (custom)
2024-11-29 05:29:31,585 [ca425215-81ee-42b3-84d9-8ded1157efea-groupManagement] INFO  server.RaftServerConfigKeys (ConfUtils.java:logGet(46)) - raft.server.leaderelection.leader.step-down.wait-time = 10s (default)
2024-11-29 05:29:31,585 [ca425215-81ee-42b3-84d9-8ded1157efea-groupManagement] INFO  server.RaftServerConfigKeys (ConfUtils.java:logGet(46)) - raft.server.leaderelection.member.majority-add = false (default)
2024-11-29 05:29:31,586 [ca425215-81ee-42b3-84d9-8ded1157efea-groupManagement] INFO  server.RaftServerConfigKeys (ConfUtils.java:logGet(46)) - raft.server.sleep.deviation.threshold = 300ms (default)
2024-11-29 05:29:31,586 [ca425215-81ee-42b3-84d9-8ded1157efea-groupManagement] INFO  server.RaftServer$Division (ServerState.java:<init>(114)) - ca425215-81ee-42b3-84d9-8ded1157efea@group-BC39F70CEAC4: ConfigurationManager, init=conf: {index: -1, cur=peers:[9c663db8-fa21-4bd9-8dc4-4774c554fbc4|127.0.0.1:15012, 46c085ae-d173-483e-a797-bf073fdc6d33|127.0.0.1:15030, ca425215-81ee-42b3-84d9-8ded1157efea|127.0.0.1:15021]|listeners:[], old=null}, confs=<EMPTY_MAP>
2024-11-29 05:29:31,586 [ca425215-81ee-42b3-84d9-8ded1157efea-groupManagement] INFO  server.RaftServerConfigKeys (ConfUtils.java:logGet(46)) - raft.server.notification.no-leader.timeout = 300s (custom)
2024-11-29 05:29:31,586 [ca425215-81ee-42b3-84d9-8ded1157efea-groupManagement] INFO  server.RaftServerConfigKeys (ConfUtils.java:logGet(46)) - raft.server.read.timeout = 10s (default)
2024-11-29 05:29:31,586 [ca425215-81ee-42b3-84d9-8ded1157efea-groupManagement] INFO  server.RaftServerConfigKeys (ConfUtils.java:logGet(46)) - raft.server.retrycache.expirytime = 600000ms (custom)
2024-11-29 05:29:31,586 [ca425215-81ee-42b3-84d9-8ded1157efea-groupManagement] INFO  server.RaftServerConfigKeys (ConfUtils.java:logGet(46)) - raft.server.retrycache.statistics.expirytime = 100ms (default)
2024-11-29 05:29:31,586 [ca425215-81ee-42b3-84d9-8ded1157efea-groupManagement] INFO  server.RaftServerConfigKeys (ConfUtils.java:logGet(46)) - raft.server.read.option = DEFAULT (default)
2024-11-29 05:29:31,586 [ca425215-81ee-42b3-84d9-8ded1157efea-groupManagement] INFO  server.RaftServerConfigKeys (ConfUtils.java:logGet(46)) - raft.server.read.read-after-write-consistent.write-index-cache.expiry-time = 60s (default)
2024-11-29 05:29:31,585 [46c085ae-d173-483e-a797-bf073fdc6d33-groupManagement] INFO  server.RaftServerConfigKeys (ConfUtils.java:logGet(46)) - raft.server.storage.free-space.min = 0MB (=0) (default)
2024-11-29 05:29:31,587 [46c085ae-d173-483e-a797-bf073fdc6d33-groupManagement] INFO  server.RaftServerConfigKeys (ConfUtils.java:logGet(46)) - raft.server.log.corruption.policy = EXCEPTION (default)
2024-11-29 05:29:31,588 [46c085ae-d173-483e-a797-bf073fdc6d33-groupManagement] INFO  server.RaftServerConfigKeys (ConfUtils.java:logGet(46)) - raft.server.storage.dir = [/home/runner/work/ozone/ozone/hadoop-ozone/integration-test/target/test-dir/MiniOzoneClusterImpl-61f21677-568d-49d7-a2ee-8a05247fe249/ozone-meta/datanode-3/ratis] (custom)
2024-11-29 05:29:31,589 [46c085ae-d173-483e-a797-bf073fdc6d33-groupManagement] INFO  storage.RaftStorageDirectory (RaftStorageDirectoryImpl.java:analyzeStorage(138)) - The storage directory /home/runner/work/ozone/ozone/hadoop-ozone/integration-test/target/test-dir/MiniOzoneClusterImpl-61f21677-568d-49d7-a2ee-8a05247fe249/ozone-meta/datanode-3/ratis/34e6819b-0e9b-433b-a940-8691a4d9751c does not exist. Creating ...
2024-11-29 05:29:31,591 [46c085ae-d173-483e-a797-bf073fdc6d33-groupManagement] INFO  storage.RaftStorageDirectory (RaftStorageDirectoryImpl.java:tryLock(229)) - Lock on /home/runner/work/ozone/ozone/hadoop-ozone/integration-test/target/test-dir/MiniOzoneClusterImpl-61f21677-568d-49d7-a2ee-8a05247fe249/ozone-meta/datanode-3/ratis/34e6819b-0e9b-433b-a940-8691a4d9751c/in_use.lock acquired by nodename 84584@fv-az1772-529
2024-11-29 05:29:31,591 [ca425215-81ee-42b3-84d9-8ded1157efea-groupManagement] INFO  server.RaftServerConfigKeys (ConfUtils.java:logGet(46)) - raft.server.rpc.request.timeout = 60s (custom)
2024-11-29 05:29:31,591 [ca425215-81ee-42b3-84d9-8ded1157efea-groupManagement] INFO  server.RaftServerConfigKeys (ConfUtils.java:logGet(46)) - raft.server.log.appender.install.snapshot.enabled = false (custom)
2024-11-29 05:29:31,592 [ca425215-81ee-42b3-84d9-8ded1157efea-groupManagement] INFO  server.RaftServerConfigKeys (ConfUtils.java:logGet(46)) - raft.server.threadpool.server.cached = true (default)
2024-11-29 05:29:31,592 [ca425215-81ee-42b3-84d9-8ded1157efea-groupManagement] INFO  server.RaftServerConfigKeys (ConfUtils.java:logGet(46)) - raft.server.threadpool.server.size = 0 (default)
2024-11-29 05:29:31,592 [ca425215-81ee-42b3-84d9-8ded1157efea-groupManagement] INFO  server.RaftServerConfigKeys (ConfUtils.java:logGet(46)) - raft.server.threadpool.client.cached = true (default)
2024-11-29 05:29:31,592 [ca425215-81ee-42b3-84d9-8ded1157efea-groupManagement] INFO  server.RaftServerConfigKeys (ConfUtils.java:logGet(46)) - raft.server.threadpool.client.size = 0 (default)
2024-11-29 05:29:31,592 [ca425215-81ee-42b3-84d9-8ded1157efea-groupManagement] INFO  server.RaftServerConfigKeys (ConfUtils.java:logGet(46)) - raft.server.storage.free-space.min = 0MB (=0) (default)
2024-11-29 05:29:31,592 [ca425215-81ee-42b3-84d9-8ded1157efea-groupManagement] INFO  server.RaftServerConfigKeys (ConfUtils.java:logGet(46)) - raft.server.log.corruption.policy = EXCEPTION (default)
2024-11-29 05:29:31,592 [ca425215-81ee-42b3-84d9-8ded1157efea-groupManagement] INFO  server.RaftServerConfigKeys (ConfUtils.java:logGet(46)) - raft.server.storage.dir = [/home/runner/work/ozone/ozone/hadoop-ozone/integration-test/target/test-dir/MiniOzoneClusterImpl-61f21677-568d-49d7-a2ee-8a05247fe249/ozone-meta/datanode-2/ratis] (custom)
2024-11-29 05:29:31,592 [ca425215-81ee-42b3-84d9-8ded1157efea-groupManagement] INFO  storage.RaftStorageDirectory (RaftStorageDirectoryImpl.java:analyzeStorage(138)) - The storage directory /home/runner/work/ozone/ozone/hadoop-ozone/integration-test/target/test-dir/MiniOzoneClusterImpl-61f21677-568d-49d7-a2ee-8a05247fe249/ozone-meta/datanode-2/ratis/46170460-0caf-4f19-bb73-bc39f70ceac4 does not exist. Creating ...
2024-11-29 05:29:31,593 [ca425215-81ee-42b3-84d9-8ded1157efea-groupManagement] INFO  storage.RaftStorageDirectory (RaftStorageDirectoryImpl.java:tryLock(229)) - Lock on /home/runner/work/ozone/ozone/hadoop-ozone/integration-test/target/test-dir/MiniOzoneClusterImpl-61f21677-568d-49d7-a2ee-8a05247fe249/ozone-meta/datanode-2/ratis/46170460-0caf-4f19-bb73-bc39f70ceac4/in_use.lock acquired by nodename 84584@fv-az1772-529
2024-11-29 05:29:31,596 [ca425215-81ee-42b3-84d9-8ded1157efea-groupManagement] INFO  storage.RaftStorage (RaftStorageImpl.java:format(98)) - Storage directory /home/runner/work/ozone/ozone/hadoop-ozone/integration-test/target/test-dir/MiniOzoneClusterImpl-61f21677-568d-49d7-a2ee-8a05247fe249/ozone-meta/datanode-2/ratis/46170460-0caf-4f19-bb73-bc39f70ceac4 has been successfully formatted.
2024-11-29 05:29:31,597 [ca425215-81ee-42b3-84d9-8ded1157efea-groupManagement] INFO  ratis.ContainerStateMachine (ContainerStateMachine.java:initialize(302)) - ca425215-81ee-42b3-84d9-8ded1157efea: initialize group-BC39F70CEAC4
2024-11-29 05:29:31,597 [ca425215-81ee-42b3-84d9-8ded1157efea-groupManagement] INFO  ratis.ContainerStateMachine (ContainerStateMachine.java:loadSnapshot(310)) - group-BC39F70CEAC4: The snapshot info is null. Setting the last applied index to:(t:0, i:~)
2024-11-29 05:29:31,597 [ca425215-81ee-42b3-84d9-8ded1157efea-groupManagement] INFO  server.RaftServerConfigKeys (ConfUtils.java:logGet(46)) - raft.server.log.use.memory = false (default)
2024-11-29 05:29:31,597 [46c085ae-d173-483e-a797-bf073fdc6d33-groupManagement] INFO  storage.RaftStorage (RaftStorageImpl.java:format(98)) - Storage directory /home/runner/work/ozone/ozone/hadoop-ozone/integration-test/target/test-dir/MiniOzoneClusterImpl-61f21677-568d-49d7-a2ee-8a05247fe249/ozone-meta/datanode-3/ratis/34e6819b-0e9b-433b-a940-8691a4d9751c has been successfully formatted.
2024-11-29 05:29:31,597 [ca425215-81ee-42b3-84d9-8ded1157efea-groupManagement] INFO  server.RaftServerConfigKeys (ConfUtils.java:logGet(46)) - raft.server.log.purge.gap = 1000000 (custom)
2024-11-29 05:29:31,598 [ca425215-81ee-42b3-84d9-8ded1157efea-groupManagement] INFO  server.RaftServerConfigKeys (ConfUtils.java:logGet(46)) - raft.server.log.appender.buffer.byte-limit = 33554432 (custom)
2024-11-29 05:29:31,598 [ca425215-81ee-42b3-84d9-8ded1157efea-groupManagement] INFO  server.RaftServerConfigKeys (ConfUtils.java:logGet(46)) - raft.server.log.statemachine.data.read.timeout = 1000ms (default)
2024-11-29 05:29:31,598 [ca425215-81ee-42b3-84d9-8ded1157efea-groupManagement] INFO  server.RaftServerConfigKeys (ConfUtils.java:logGet(46)) - raft.server.log.purge.preservation.log.num = 0 (default)
2024-11-29 05:29:31,598 [46c085ae-d173-483e-a797-bf073fdc6d33-groupManagement] INFO  ratis.ContainerStateMachine (ContainerStateMachine.java:initialize(302)) - 46c085ae-d173-483e-a797-bf073fdc6d33: initialize group-8691A4D9751C
2024-11-29 05:29:31,598 [46c085ae-d173-483e-a797-bf073fdc6d33-groupManagement] INFO  ratis.ContainerStateMachine (ContainerStateMachine.java:loadSnapshot(310)) - group-8691A4D9751C: The snapshot info is null. Setting the last applied index to:(t:0, i:~)
2024-11-29 05:29:31,598 [46c085ae-d173-483e-a797-bf073fdc6d33-groupManagement] INFO  server.RaftServerConfigKeys (ConfUtils.java:logGet(46)) - raft.server.log.use.memory = false (default)
2024-11-29 05:29:31,598 [46c085ae-d173-483e-a797-bf073fdc6d33-groupManagement] INFO  server.RaftServerConfigKeys (ConfUtils.java:logGet(46)) - raft.server.log.purge.gap = 1000000 (custom)
2024-11-29 05:29:31,598 [46c085ae-d173-483e-a797-bf073fdc6d33-groupManagement] INFO  server.RaftServerConfigKeys (ConfUtils.java:logGet(46)) - raft.server.log.appender.buffer.byte-limit = 33554432 (custom)
2024-11-29 05:29:31,599 [46c085ae-d173-483e-a797-bf073fdc6d33-groupManagement] INFO  server.RaftServerConfigKeys (ConfUtils.java:logGet(46)) - raft.server.log.statemachine.data.read.timeout = 1000ms (default)
2024-11-29 05:29:31,599 [46c085ae-d173-483e-a797-bf073fdc6d33-groupManagement] INFO  server.RaftServerConfigKeys (ConfUtils.java:logGet(46)) - raft.server.log.purge.preservation.log.num = 0 (default)
2024-11-29 05:29:31,599 [EventQueue-OpenPipelineForHealthyPipelineSafeModeRule] INFO  safemode.SCMSafeModeManager (HealthyPipelineSafeModeRule.java:process(140)) - SCM in safe mode. Healthy pipelines reported count is 0, required healthy pipeline reported count is 1
2024-11-29 05:29:31,603 [ca425215-81ee-42b3-84d9-8ded1157efea-groupManagement] INFO  server.RaftServerConfigKeys (ConfUtils.java:logGet(46)) - raft.server.log.segment.size.max = 67108864 (custom)
2024-11-29 05:29:31,603 [ca425215-81ee-42b3-84d9-8ded1157efea-groupManagement] INFO  server.RaftServerConfigKeys (ConfUtils.java:logGet(46)) - raft.server.log.segment.cache.num.max = 2 (custom)
2024-11-29 05:29:31,603 [ca425215-81ee-42b3-84d9-8ded1157efea-groupManagement] INFO  server.RaftServerConfigKeys (ConfUtils.java:logGet(46)) - raft.server.log.segment.cache.size.max = 200MB (=209715200) (default)
2024-11-29 05:29:31,603 [ca425215-81ee-42b3-84d9-8ded1157efea-groupManagement] INFO  server.RaftServerConfigKeys (ConfUtils.java:logGet(46)) - raft.server.log.appender.buffer.byte-limit = 33554432 (custom)
2024-11-29 05:29:31,604 [46c085ae-d173-483e-a797-bf073fdc6d33-groupManagement] INFO  server.RaftServerConfigKeys (ConfUtils.java:logGet(46)) - raft.server.log.segment.size.max = 67108864 (custom)
2024-11-29 05:29:31,604 [46c085ae-d173-483e-a797-bf073fdc6d33-groupManagement] INFO  server.RaftServerConfigKeys (ConfUtils.java:logGet(46)) - raft.server.log.segment.cache.num.max = 2 (custom)
2024-11-29 05:29:31,604 [46c085ae-d173-483e-a797-bf073fdc6d33-groupManagement] INFO  server.RaftServerConfigKeys (ConfUtils.java:logGet(46)) - raft.server.log.segment.cache.size.max = 200MB (=209715200) (default)
2024-11-29 05:29:31,604 [46c085ae-d173-483e-a797-bf073fdc6d33-groupManagement] INFO  server.RaftServerConfigKeys (ConfUtils.java:logGet(46)) - raft.server.log.appender.buffer.byte-limit = 33554432 (custom)
2024-11-29 05:29:31,605 [ca425215-81ee-42b3-84d9-8ded1157efea-groupManagement] INFO  util.AwaitToRun (AwaitToRun.java:start(81)) - Thread[ca425215-81ee-42b3-84d9-8ded1157efea@group-BC39F70CEAC4-cacheEviction-AwaitToRun,5,main] started
2024-11-29 05:29:31,605 [ca425215-81ee-42b3-84d9-8ded1157efea-groupManagement] INFO  segmented.SegmentedRaftLogWorker (SegmentedRaftLogWorker.java:<init>(188)) - new ca425215-81ee-42b3-84d9-8ded1157efea@group-BC39F70CEAC4-SegmentedRaftLogWorker for RaftStorageImpl:Storage Directory /home/runner/work/ozone/ozone/hadoop-ozone/integration-test/target/test-dir/MiniOzoneClusterImpl-61f21677-568d-49d7-a2ee-8a05247fe249/ozone-meta/datanode-2/ratis/46170460-0caf-4f19-bb73-bc39f70ceac4
2024-11-29 05:29:31,605 [ca425215-81ee-42b3-84d9-8ded1157efea-groupManagement] INFO  server.RaftServerConfigKeys (ConfUtils.java:logGet(46)) - raft.server.log.queue.byte-limit = 4294967296 (custom)
2024-11-29 05:29:31,606 [ca425215-81ee-42b3-84d9-8ded1157efea-groupManagement] INFO  server.RaftServerConfigKeys (ConfUtils.java:logGet(46)) - raft.server.log.queue.element-limit = 1024 (custom)
2024-11-29 05:29:31,606 [ca425215-81ee-42b3-84d9-8ded1157efea-groupManagement] INFO  server.RaftServerConfigKeys (ConfUtils.java:logGet(46)) - raft.server.log.segment.size.max = 67108864 (custom)
2024-11-29 05:29:31,606 [ca425215-81ee-42b3-84d9-8ded1157efea-groupManagement] INFO  server.RaftServerConfigKeys (ConfUtils.java:logGet(46)) - raft.server.log.preallocated.size = 4194304 (custom)
2024-11-29 05:29:31,606 [ca425215-81ee-42b3-84d9-8ded1157efea-groupManagement] INFO  server.RaftServerConfigKeys (ConfUtils.java:logGet(46)) - raft.server.log.force.sync.num = 128 (default)
2024-11-29 05:29:31,606 [ca425215-81ee-42b3-84d9-8ded1157efea-groupManagement] INFO  server.RaftServerConfigKeys (ConfUtils.java:logGet(46)) - raft.server.log.statemachine.data.sync = true (default)
2024-11-29 05:29:31,606 [ca425215-81ee-42b3-84d9-8ded1157efea-groupManagement] INFO  server.RaftServerConfigKeys (ConfUtils.java:logGet(46)) - raft.server.log.statemachine.data.sync.timeout = 10s (default)
2024-11-29 05:29:31,606 [ca425215-81ee-42b3-84d9-8ded1157efea-groupManagement] INFO  server.RaftServerConfigKeys (ConfUtils.java:logGet(46)) - raft.server.log.statemachine.data.sync.timeout.retry = 30 (custom)
2024-11-29 05:29:31,606 [ca425215-81ee-42b3-84d9-8ded1157efea-groupManagement] INFO  server.RaftServerConfigKeys (ConfUtils.java:logGet(46)) - raft.server.log.write.buffer.size = 33554440 (custom)
2024-11-29 05:29:31,613 [46c085ae-d173-483e-a797-bf073fdc6d33-groupManagement] INFO  util.AwaitToRun (AwaitToRun.java:start(81)) - Thread[46c085ae-d173-483e-a797-bf073fdc6d33@group-8691A4D9751C-cacheEviction-AwaitToRun,5,main] started
2024-11-29 05:29:31,613 [46c085ae-d173-483e-a797-bf073fdc6d33-groupManagement] INFO  segmented.SegmentedRaftLogWorker (SegmentedRaftLogWorker.java:<init>(188)) - new 46c085ae-d173-483e-a797-bf073fdc6d33@group-8691A4D9751C-SegmentedRaftLogWorker for RaftStorageImpl:Storage Directory /home/runner/work/ozone/ozone/hadoop-ozone/integration-test/target/test-dir/MiniOzoneClusterImpl-61f21677-568d-49d7-a2ee-8a05247fe249/ozone-meta/datanode-3/ratis/34e6819b-0e9b-433b-a940-8691a4d9751c
2024-11-29 05:29:31,613 [46c085ae-d173-483e-a797-bf073fdc6d33-groupManagement] INFO  server.RaftServerConfigKeys (ConfUtils.java:logGet(46)) - raft.server.log.queue.byte-limit = 4294967296 (custom)
2024-11-29 05:29:31,613 [46c085ae-d173-483e-a797-bf073fdc6d33-groupManagement] INFO  server.RaftServerConfigKeys (ConfUtils.java:logGet(46)) - raft.server.log.queue.element-limit = 1024 (custom)
2024-11-29 05:29:31,613 [46c085ae-d173-483e-a797-bf073fdc6d33-groupManagement] INFO  server.RaftServerConfigKeys (ConfUtils.java:logGet(46)) - raft.server.log.segment.size.max = 67108864 (custom)
2024-11-29 05:29:31,613 [46c085ae-d173-483e-a797-bf073fdc6d33-groupManagement] INFO  server.RaftServerConfigKeys (ConfUtils.java:logGet(46)) - raft.server.log.preallocated.size = 4194304 (custom)
2024-11-29 05:29:31,613 [46c085ae-d173-483e-a797-bf073fdc6d33-groupManagement] INFO  server.RaftServerConfigKeys (ConfUtils.java:logGet(46)) - raft.server.log.force.sync.num = 128 (default)
2024-11-29 05:29:31,613 [46c085ae-d173-483e-a797-bf073fdc6d33-groupManagement] INFO  server.RaftServerConfigKeys (ConfUtils.java:logGet(46)) - raft.server.log.statemachine.data.sync = true (default)
2024-11-29 05:29:31,613 [46c085ae-d173-483e-a797-bf073fdc6d33-groupManagement] INFO  server.RaftServerConfigKeys (ConfUtils.java:logGet(46)) - raft.server.log.statemachine.data.sync.timeout = 10s (default)
2024-11-29 05:29:31,613 [46c085ae-d173-483e-a797-bf073fdc6d33-groupManagement] INFO  server.RaftServerConfigKeys (ConfUtils.java:logGet(46)) - raft.server.log.statemachine.data.sync.timeout.retry = 30 (custom)
2024-11-29 05:29:31,614 [46c085ae-d173-483e-a797-bf073fdc6d33-groupManagement] INFO  server.RaftServerConfigKeys (ConfUtils.java:logGet(46)) - raft.server.log.write.buffer.size = 33554440 (custom)
2024-11-29 05:29:31,617 [ca425215-81ee-42b3-84d9-8ded1157efea-groupManagement] INFO  server.RaftServerConfigKeys (ConfUtils.java:logGet(46)) - raft.server.log.appender.buffer.byte-limit = 33554432 (custom)
2024-11-29 05:29:31,618 [ca425215-81ee-42b3-84d9-8ded1157efea-groupManagement] INFO  server.RaftServerConfigKeys (ConfUtils.java:logGet(46)) - raft.server.log.unsafe-flush.enabled = false (default)
2024-11-29 05:29:31,618 [ca425215-81ee-42b3-84d9-8ded1157efea-groupManagement] INFO  server.RaftServerConfigKeys (ConfUtils.java:logGet(46)) - raft.server.log.async-flush.enabled = false (default)
2024-11-29 05:29:31,619 [ca425215-81ee-42b3-84d9-8ded1157efea-groupManagement] INFO  server.RaftServerConfigKeys (ConfUtils.java:logGet(46)) - raft.server.log.statemachine.data.caching.enabled = true (custom)
2024-11-29 05:29:31,619 [ca425215-81ee-42b3-84d9-8ded1157efea-groupManagement] INFO  segmented.SegmentedRaftLogWorker (SegmentedRaftLogWorker.java:lambda$new$0(139)) - ca425215-81ee-42b3-84d9-8ded1157efea@group-BC39F70CEAC4-SegmentedRaftLogWorker: flushIndex: setUnconditionally 0 -> -1
2024-11-29 05:29:31,620 [ca425215-81ee-42b3-84d9-8ded1157efea-groupManagement] INFO  segmented.SegmentedRaftLogWorker (SegmentedRaftLogWorker.java:lambda$new$0(139)) - ca425215-81ee-42b3-84d9-8ded1157efea@group-BC39F70CEAC4-SegmentedRaftLogWorker: safeCacheEvictIndex: setUnconditionally 0 -> -1
2024-11-29 05:29:31,622 [ca425215-81ee-42b3-84d9-8ded1157efea-groupManagement] INFO  server.RaftServer$Division (RaftServerImpl.java:start(391)) - ca425215-81ee-42b3-84d9-8ded1157efea@group-BC39F70CEAC4: start as a follower, conf=conf: {index: -1, cur=peers:[9c663db8-fa21-4bd9-8dc4-4774c554fbc4|127.0.0.1:15012, 46c085ae-d173-483e-a797-bf073fdc6d33|127.0.0.1:15030, ca425215-81ee-42b3-84d9-8ded1157efea|127.0.0.1:15021]|listeners:[], old=null}
2024-11-29 05:29:31,622 [46c085ae-d173-483e-a797-bf073fdc6d33-groupManagement] INFO  server.RaftServerConfigKeys (ConfUtils.java:logGet(46)) - raft.server.log.appender.buffer.byte-limit = 33554432 (custom)
2024-11-29 05:29:31,623 [ca425215-81ee-42b3-84d9-8ded1157efea-groupManagement] INFO  server.RaftServer$Division (RaftServerImpl.java:setRole(378)) - ca425215-81ee-42b3-84d9-8ded1157efea@group-BC39F70CEAC4: changes role from      null to FOLLOWER at term 0 for startAsFollower
2024-11-29 05:29:31,623 [ca425215-81ee-42b3-84d9-8ded1157efea-groupManagement] INFO  impl.RoleInfo (RoleInfo.java:updateAndGet(148)) - ca425215-81ee-42b3-84d9-8ded1157efea: start ca425215-81ee-42b3-84d9-8ded1157efea@group-BC39F70CEAC4-FollowerState
2024-11-29 05:29:31,623 [46c085ae-d173-483e-a797-bf073fdc6d33-groupManagement] INFO  server.RaftServerConfigKeys (ConfUtils.java:logGet(46)) - raft.server.log.unsafe-flush.enabled = false (default)
2024-11-29 05:29:31,623 [46c085ae-d173-483e-a797-bf073fdc6d33-groupManagement] INFO  server.RaftServerConfigKeys (ConfUtils.java:logGet(46)) - raft.server.log.async-flush.enabled = false (default)
2024-11-29 05:29:31,623 [46c085ae-d173-483e-a797-bf073fdc6d33-groupManagement] INFO  server.RaftServerConfigKeys (ConfUtils.java:logGet(46)) - raft.server.log.statemachine.data.caching.enabled = true (custom)
2024-11-29 05:29:31,623 [46c085ae-d173-483e-a797-bf073fdc6d33-groupManagement] INFO  segmented.SegmentedRaftLogWorker (SegmentedRaftLogWorker.java:lambda$new$0(139)) - 46c085ae-d173-483e-a797-bf073fdc6d33@group-8691A4D9751C-SegmentedRaftLogWorker: flushIndex: setUnconditionally 0 -> -1
2024-11-29 05:29:31,623 [46c085ae-d173-483e-a797-bf073fdc6d33-groupManagement] INFO  segmented.SegmentedRaftLogWorker (SegmentedRaftLogWorker.java:lambda$new$0(139)) - 46c085ae-d173-483e-a797-bf073fdc6d33@group-8691A4D9751C-SegmentedRaftLogWorker: safeCacheEvictIndex: setUnconditionally 0 -> -1
2024-11-29 05:29:31,626 [ca425215-81ee-42b3-84d9-8ded1157efea-groupManagement] INFO  util.JmxRegister (JmxRegister.java:tryRegister(44)) - Successfully registered JMX Bean with object name Ratis:service=RaftServer,group=group-BC39F70CEAC4,id=ca425215-81ee-42b3-84d9-8ded1157efea
2024-11-29 05:29:31,627 [ca425215-81ee-42b3-84d9-8ded1157efea-groupManagement] INFO  util.JmxRegister (JmxRegister.java:register(58)) - register mxBean class org.apache.ratis.server.impl.RaftServerJmxAdapter as Ratis:service=RaftServer,group=group-BC39F70CEAC4,id=ca425215-81ee-42b3-84d9-8ded1157efea
2024-11-29 05:29:31,626 [ca425215-81ee-42b3-84d9-8ded1157efea@group-BC39F70CEAC4-FollowerState] INFO  server.RaftServerConfigKeys (ConfUtils.java:logFallback(53)) - raft.server.rpc.first-election.timeout.min = 5s (fallback to raft.server.rpc.timeout.min)
2024-11-29 05:29:31,627 [ca425215-81ee-42b3-84d9-8ded1157efea-groupManagement] INFO  server.RaftServerConfigKeys (ConfUtils.java:logGet(46)) - raft.server.snapshot.trigger-when-stop.enabled = true (default)
2024-11-29 05:29:31,627 [ca425215-81ee-42b3-84d9-8ded1157efea-groupManagement] INFO  server.RaftServerConfigKeys (ConfUtils.java:logGet(46)) - raft.server.snapshot.trigger-when-remove.enabled = true (default)
2024-11-29 05:29:31,627 [ca425215-81ee-42b3-84d9-8ded1157efea-groupManagement] INFO  server.RaftServerConfigKeys (ConfUtils.java:logGet(46)) - raft.server.snapshot.auto.trigger.enabled = true (custom)
2024-11-29 05:29:31,627 [ca425215-81ee-42b3-84d9-8ded1157efea-groupManagement] INFO  server.RaftServerConfigKeys (ConfUtils.java:logGet(46)) - raft.server.snapshot.auto.trigger.threshold = 100000 (custom)
2024-11-29 05:29:31,627 [ca425215-81ee-42b3-84d9-8ded1157efea-groupManagement] INFO  server.RaftServerConfigKeys (ConfUtils.java:logGet(46)) - raft.server.snapshot.retention.file.num = 5 (custom)
2024-11-29 05:29:31,627 [ca425215-81ee-42b3-84d9-8ded1157efea-groupManagement] INFO  server.RaftServerConfigKeys (ConfUtils.java:logGet(46)) - raft.server.log.purge.upto.snapshot.index = false (default)
2024-11-29 05:29:31,628 [ca425215-81ee-42b3-84d9-8ded1157efea@group-BC39F70CEAC4-FollowerState] INFO  server.RaftServerConfigKeys (ConfUtils.java:logFallback(53)) - raft.server.rpc.first-election.timeout.max = 5200ms (fallback to raft.server.rpc.timeout.max)
2024-11-29 05:29:31,629 [46c085ae-d173-483e-a797-bf073fdc6d33-groupManagement] INFO  server.RaftServer$Division (RaftServerImpl.java:start(391)) - 46c085ae-d173-483e-a797-bf073fdc6d33@group-8691A4D9751C: start as a follower, conf=conf: {index: -1, cur=peers:[9c663db8-fa21-4bd9-8dc4-4774c554fbc4|127.0.0.1:15012, 46c085ae-d173-483e-a797-bf073fdc6d33|127.0.0.1:15030, ca425215-81ee-42b3-84d9-8ded1157efea|127.0.0.1:15021]|listeners:[], old=null}
2024-11-29 05:29:31,629 [46c085ae-d173-483e-a797-bf073fdc6d33-groupManagement] INFO  server.RaftServer$Division (RaftServerImpl.java:setRole(378)) - 46c085ae-d173-483e-a797-bf073fdc6d33@group-8691A4D9751C: changes role from      null to FOLLOWER at term 0 for startAsFollower
2024-11-29 05:29:31,629 [46c085ae-d173-483e-a797-bf073fdc6d33-groupManagement] INFO  impl.RoleInfo (RoleInfo.java:updateAndGet(148)) - 46c085ae-d173-483e-a797-bf073fdc6d33: start 46c085ae-d173-483e-a797-bf073fdc6d33@group-8691A4D9751C-FollowerState
2024-11-29 05:29:31,629 [ca425215-81ee-42b3-84d9-8ded1157efea-groupManagement] INFO  server.RaftServer$Division (RaftServerImpl.java:start(405)) - ca425215-81ee-42b3-84d9-8ded1157efea@group-BC39F70CEAC4: Successfully started.
2024-11-29 05:29:31,629 [ca425215-81ee-42b3-84d9-8ded1157efea-PipelineCommandHandlerThread-0] INFO  ratis.XceiverServerRatis (XceiverServerRatis.java:addGroup(844)) - Created group PipelineID=46170460-0caf-4f19-bb73-bc39f70ceac4
2024-11-29 05:29:31,630 [46c085ae-d173-483e-a797-bf073fdc6d33-groupManagement] INFO  util.JmxRegister (JmxRegister.java:tryRegister(44)) - Successfully registered JMX Bean with object name Ratis:service=RaftServer,group=group-8691A4D9751C,id=46c085ae-d173-483e-a797-bf073fdc6d33
2024-11-29 05:29:31,630 [46c085ae-d173-483e-a797-bf073fdc6d33-groupManagement] INFO  util.JmxRegister (JmxRegister.java:register(58)) - register mxBean class org.apache.ratis.server.impl.RaftServerJmxAdapter as Ratis:service=RaftServer,group=group-8691A4D9751C,id=46c085ae-d173-483e-a797-bf073fdc6d33
2024-11-29 05:29:31,631 [46c085ae-d173-483e-a797-bf073fdc6d33-groupManagement] INFO  server.RaftServerConfigKeys (ConfUtils.java:logGet(46)) - raft.server.snapshot.trigger-when-stop.enabled = true (default)
2024-11-29 05:29:31,631 [46c085ae-d173-483e-a797-bf073fdc6d33-groupManagement] INFO  server.RaftServerConfigKeys (ConfUtils.java:logGet(46)) - raft.server.snapshot.trigger-when-remove.enabled = true (default)
2024-11-29 05:29:31,631 [46c085ae-d173-483e-a797-bf073fdc6d33-groupManagement] INFO  server.RaftServerConfigKeys (ConfUtils.java:logGet(46)) - raft.server.snapshot.auto.trigger.enabled = true (custom)
2024-11-29 05:29:31,631 [46c085ae-d173-483e-a797-bf073fdc6d33-groupManagement] INFO  server.RaftServerConfigKeys (ConfUtils.java:logGet(46)) - raft.server.snapshot.auto.trigger.threshold = 100000 (custom)
2024-11-29 05:29:31,631 [46c085ae-d173-483e-a797-bf073fdc6d33-groupManagement] INFO  server.RaftServerConfigKeys (ConfUtils.java:logGet(46)) - raft.server.snapshot.retention.file.num = 5 (custom)
2024-11-29 05:29:31,631 [46c085ae-d173-483e-a797-bf073fdc6d33-groupManagement] INFO  server.RaftServerConfigKeys (ConfUtils.java:logGet(46)) - raft.server.log.purge.upto.snapshot.index = false (default)
2024-11-29 05:29:31,633 [46c085ae-d173-483e-a797-bf073fdc6d33@group-8691A4D9751C-FollowerState] INFO  server.RaftServerConfigKeys (ConfUtils.java:logFallback(53)) - raft.server.rpc.first-election.timeout.min = 5s (fallback to raft.server.rpc.timeout.min)
2024-11-29 05:29:31,633 [46c085ae-d173-483e-a797-bf073fdc6d33@group-8691A4D9751C-FollowerState] INFO  server.RaftServerConfigKeys (ConfUtils.java:logFallback(53)) - raft.server.rpc.first-election.timeout.max = 5200ms (fallback to raft.server.rpc.timeout.max)
2024-11-29 05:29:31,635 [46c085ae-d173-483e-a797-bf073fdc6d33-groupManagement] INFO  server.RaftServer$Division (RaftServerImpl.java:start(405)) - 46c085ae-d173-483e-a797-bf073fdc6d33@group-8691A4D9751C: Successfully started.
2024-11-29 05:29:31,644 [grpc-default-executor-0] INFO  server.RaftServer (RaftServerProxy.java:addNew(100)) - 9c663db8-fa21-4bd9-8dc4-4774c554fbc4: addNew group-BC39F70CEAC4:[9c663db8-fa21-4bd9-8dc4-4774c554fbc4|127.0.0.1:15012, 46c085ae-d173-483e-a797-bf073fdc6d33|127.0.0.1:15030, ca425215-81ee-42b3-84d9-8ded1157efea|127.0.0.1:15021] returns group-BC39F70CEAC4:java.util.concurrent.CompletableFuture@305202c5[Not completed]
2024-11-29 05:29:31,646 [9c663db8-fa21-4bd9-8dc4-4774c554fbc4-groupManagement] INFO  server.RaftServer$Division (RaftServerImpl.java:<init>(255)) - 9c663db8-fa21-4bd9-8dc4-4774c554fbc4: new RaftServerImpl for group-BC39F70CEAC4:[9c663db8-fa21-4bd9-8dc4-4774c554fbc4|127.0.0.1:15012, 46c085ae-d173-483e-a797-bf073fdc6d33|127.0.0.1:15030, ca425215-81ee-42b3-84d9-8ded1157efea|127.0.0.1:15021] with ContainerStateMachine:uninitialized
2024-11-29 05:29:31,646 [9c663db8-fa21-4bd9-8dc4-4774c554fbc4-groupManagement] INFO  server.RaftServerConfigKeys (ConfUtils.java:logGet(46)) - raft.server.rpc.timeout.min = 5s (custom)
2024-11-29 05:29:31,646 [9c663db8-fa21-4bd9-8dc4-4774c554fbc4-groupManagement] INFO  server.RaftServerConfigKeys (ConfUtils.java:logGet(46)) - raft.server.rpc.timeout.max = 5200ms (custom)
2024-11-29 05:29:31,646 [9c663db8-fa21-4bd9-8dc4-4774c554fbc4-groupManagement] INFO  server.RaftServerConfigKeys (ConfUtils.java:logGet(46)) - raft.server.rpc.sleep.time = 25ms (default)
2024-11-29 05:29:31,646 [9c663db8-fa21-4bd9-8dc4-4774c554fbc4-groupManagement] INFO  server.RaftServerConfigKeys (ConfUtils.java:logGet(46)) - raft.server.rpc.slowness.timeout = 300s (custom)
2024-11-29 05:29:31,646 [9c663db8-fa21-4bd9-8dc4-4774c554fbc4-groupManagement] INFO  server.RaftServerConfigKeys (ConfUtils.java:logGet(46)) - raft.server.leaderelection.leader.step-down.wait-time = 10s (default)
2024-11-29 05:29:31,646 [9c663db8-fa21-4bd9-8dc4-4774c554fbc4-groupManagement] INFO  server.RaftServerConfigKeys (ConfUtils.java:logGet(46)) - raft.server.leaderelection.member.majority-add = false (default)
2024-11-29 05:29:31,646 [9c663db8-fa21-4bd9-8dc4-4774c554fbc4-groupManagement] INFO  server.RaftServerConfigKeys (ConfUtils.java:logGet(46)) - raft.server.sleep.deviation.threshold = 300ms (default)
2024-11-29 05:29:31,646 [9c663db8-fa21-4bd9-8dc4-4774c554fbc4-groupManagement] INFO  server.RaftServer$Division (ServerState.java:<init>(114)) - 9c663db8-fa21-4bd9-8dc4-4774c554fbc4@group-BC39F70CEAC4: ConfigurationManager, init=conf: {index: -1, cur=peers:[9c663db8-fa21-4bd9-8dc4-4774c554fbc4|127.0.0.1:15012, 46c085ae-d173-483e-a797-bf073fdc6d33|127.0.0.1:15030, ca425215-81ee-42b3-84d9-8ded1157efea|127.0.0.1:15021]|listeners:[], old=null}, confs=<EMPTY_MAP>
2024-11-29 05:29:31,647 [9c663db8-fa21-4bd9-8dc4-4774c554fbc4-groupManagement] INFO  server.RaftServerConfigKeys (ConfUtils.java:logGet(46)) - raft.server.notification.no-leader.timeout = 300s (custom)
2024-11-29 05:29:31,647 [9c663db8-fa21-4bd9-8dc4-4774c554fbc4-groupManagement] INFO  server.RaftServerConfigKeys (ConfUtils.java:logGet(46)) - raft.server.read.timeout = 10s (default)
2024-11-29 05:29:31,647 [9c663db8-fa21-4bd9-8dc4-4774c554fbc4-groupManagement] INFO  server.RaftServerConfigKeys (ConfUtils.java:logGet(46)) - raft.server.retrycache.expirytime = 600000ms (custom)
2024-11-29 05:29:31,647 [9c663db8-fa21-4bd9-8dc4-4774c554fbc4-groupManagement] INFO  server.RaftServerConfigKeys (ConfUtils.java:logGet(46)) - raft.server.retrycache.statistics.expirytime = 100ms (default)
2024-11-29 05:29:31,647 [9c663db8-fa21-4bd9-8dc4-4774c554fbc4-groupManagement] INFO  server.RaftServerConfigKeys (ConfUtils.java:logGet(46)) - raft.server.read.option = DEFAULT (default)
2024-11-29 05:29:31,647 [9c663db8-fa21-4bd9-8dc4-4774c554fbc4-groupManagement] INFO  server.RaftServerConfigKeys (ConfUtils.java:logGet(46)) - raft.server.read.read-after-write-consistent.write-index-cache.expiry-time = 60s (default)
2024-11-29 05:29:31,651 [9c663db8-fa21-4bd9-8dc4-4774c554fbc4-PipelineCommandHandlerThread-0] INFO  commandhandler.CreatePipelineCommandHandler (CreatePipelineCommandHandler.java:lambda$handle$2(129)) - Created Pipeline RATIS THREE PipelineID=34e6819b-0e9b-433b-a940-8691a4d9751c.
2024-11-29 05:29:31,652 [9c663db8-fa21-4bd9-8dc4-4774c554fbc4-PipelineCommandHandlerThread-0] INFO  server.RaftServer (RaftServerProxy.java:addNew(100)) - 9c663db8-fa21-4bd9-8dc4-4774c554fbc4: addNew group-0BB578D0F838:[9c663db8-fa21-4bd9-8dc4-4774c554fbc4|127.0.0.1:15012, 46c085ae-d173-483e-a797-bf073fdc6d33|127.0.0.1:15030, ca425215-81ee-42b3-84d9-8ded1157efea|127.0.0.1:15021] returns group-0BB578D0F838:java.util.concurrent.CompletableFuture@7555b545[Not completed]
2024-11-29 05:29:31,653 [9c663db8-fa21-4bd9-8dc4-4774c554fbc4-groupManagement] INFO  server.RaftServerConfigKeys (ConfUtils.java:logGet(46)) - raft.server.rpc.request.timeout = 60s (custom)
2024-11-29 05:29:31,653 [9c663db8-fa21-4bd9-8dc4-4774c554fbc4-groupManagement] INFO  server.RaftServerConfigKeys (ConfUtils.java:logGet(46)) - raft.server.log.appender.install.snapshot.enabled = false (custom)
2024-11-29 05:29:31,654 [9c663db8-fa21-4bd9-8dc4-4774c554fbc4-groupManagement] INFO  server.RaftServerConfigKeys (ConfUtils.java:logGet(46)) - raft.server.threadpool.server.cached = true (default)
2024-11-29 05:29:31,654 [9c663db8-fa21-4bd9-8dc4-4774c554fbc4-groupManagement] INFO  server.RaftServerConfigKeys (ConfUtils.java:logGet(46)) - raft.server.threadpool.server.size = 0 (default)
2024-11-29 05:29:31,654 [9c663db8-fa21-4bd9-8dc4-4774c554fbc4-groupManagement] INFO  server.RaftServerConfigKeys (ConfUtils.java:logGet(46)) - raft.server.threadpool.client.cached = true (default)
2024-11-29 05:29:31,654 [9c663db8-fa21-4bd9-8dc4-4774c554fbc4-groupManagement] INFO  server.RaftServerConfigKeys (ConfUtils.java:logGet(46)) - raft.server.threadpool.client.size = 0 (default)
2024-11-29 05:29:31,656 [9c663db8-fa21-4bd9-8dc4-4774c554fbc4-groupManagement] INFO  server.RaftServer$Division (RaftServerImpl.java:<init>(255)) - 9c663db8-fa21-4bd9-8dc4-4774c554fbc4: new RaftServerImpl for group-0BB578D0F838:[9c663db8-fa21-4bd9-8dc4-4774c554fbc4|127.0.0.1:15012, 46c085ae-d173-483e-a797-bf073fdc6d33|127.0.0.1:15030, ca425215-81ee-42b3-84d9-8ded1157efea|127.0.0.1:15021] with ContainerStateMachine:uninitialized
2024-11-29 05:29:31,656 [9c663db8-fa21-4bd9-8dc4-4774c554fbc4-groupManagement] INFO  server.RaftServerConfigKeys (ConfUtils.java:logGet(46)) - raft.server.rpc.timeout.min = 5s (custom)
2024-11-29 05:29:31,656 [9c663db8-fa21-4bd9-8dc4-4774c554fbc4-groupManagement] INFO  server.RaftServerConfigKeys (ConfUtils.java:logGet(46)) - raft.server.rpc.timeout.max = 5200ms (custom)
2024-11-29 05:29:31,656 [9c663db8-fa21-4bd9-8dc4-4774c554fbc4-groupManagement] INFO  server.RaftServerConfigKeys (ConfUtils.java:logGet(46)) - raft.server.rpc.sleep.time = 25ms (default)
2024-11-29 05:29:31,656 [9c663db8-fa21-4bd9-8dc4-4774c554fbc4-groupManagement] INFO  server.RaftServerConfigKeys (ConfUtils.java:logGet(46)) - raft.server.rpc.slowness.timeout = 300s (custom)
2024-11-29 05:29:31,656 [9c663db8-fa21-4bd9-8dc4-4774c554fbc4-groupManagement] INFO  server.RaftServerConfigKeys (ConfUtils.java:logGet(46)) - raft.server.leaderelection.leader.step-down.wait-time = 10s (default)
2024-11-29 05:29:31,656 [9c663db8-fa21-4bd9-8dc4-4774c554fbc4-groupManagement] INFO  server.RaftServerConfigKeys (ConfUtils.java:logGet(46)) - raft.server.leaderelection.member.majority-add = false (default)
2024-11-29 05:29:31,656 [9c663db8-fa21-4bd9-8dc4-4774c554fbc4-groupManagement] INFO  server.RaftServerConfigKeys (ConfUtils.java:logGet(46)) - raft.server.sleep.deviation.threshold = 300ms (default)
2024-11-29 05:29:31,656 [9c663db8-fa21-4bd9-8dc4-4774c554fbc4-groupManagement] INFO  server.RaftServer$Division (ServerState.java:<init>(114)) - 9c663db8-fa21-4bd9-8dc4-4774c554fbc4@group-0BB578D0F838: ConfigurationManager, init=conf: {index: -1, cur=peers:[9c663db8-fa21-4bd9-8dc4-4774c554fbc4|127.0.0.1:15012, 46c085ae-d173-483e-a797-bf073fdc6d33|127.0.0.1:15030, ca425215-81ee-42b3-84d9-8ded1157efea|127.0.0.1:15021]|listeners:[], old=null}, confs=<EMPTY_MAP>
2024-11-29 05:29:31,656 [9c663db8-fa21-4bd9-8dc4-4774c554fbc4-groupManagement] INFO  server.RaftServerConfigKeys (ConfUtils.java:logGet(46)) - raft.server.notification.no-leader.timeout = 300s (custom)
2024-11-29 05:29:31,656 [9c663db8-fa21-4bd9-8dc4-4774c554fbc4-groupManagement] INFO  server.RaftServerConfigKeys (ConfUtils.java:logGet(46)) - raft.server.read.timeout = 10s (default)
2024-11-29 05:29:31,656 [9c663db8-fa21-4bd9-8dc4-4774c554fbc4-groupManagement] INFO  server.RaftServerConfigKeys (ConfUtils.java:logGet(46)) - raft.server.retrycache.expirytime = 600000ms (custom)
2024-11-29 05:29:31,656 [9c663db8-fa21-4bd9-8dc4-4774c554fbc4-groupManagement] INFO  server.RaftServerConfigKeys (ConfUtils.java:logGet(46)) - raft.server.retrycache.statistics.expirytime = 100ms (default)
2024-11-29 05:29:31,657 [9c663db8-fa21-4bd9-8dc4-4774c554fbc4-groupManagement] INFO  server.RaftServerConfigKeys (ConfUtils.java:logGet(46)) - raft.server.read.option = DEFAULT (default)
2024-11-29 05:29:31,657 [9c663db8-fa21-4bd9-8dc4-4774c554fbc4-groupManagement] INFO  server.RaftServerConfigKeys (ConfUtils.java:logGet(46)) - raft.server.read.read-after-write-consistent.write-index-cache.expiry-time = 60s (default)
2024-11-29 05:29:31,663 [9c663db8-fa21-4bd9-8dc4-4774c554fbc4-groupManagement] INFO  server.RaftServerConfigKeys (ConfUtils.java:logGet(46)) - raft.server.rpc.request.timeout = 60s (custom)
2024-11-29 05:29:31,663 [9c663db8-fa21-4bd9-8dc4-4774c554fbc4-groupManagement] INFO  server.RaftServerConfigKeys (ConfUtils.java:logGet(46)) - raft.server.log.appender.install.snapshot.enabled = false (custom)
2024-11-29 05:29:31,663 [9c663db8-fa21-4bd9-8dc4-4774c554fbc4-groupManagement] INFO  server.RaftServerConfigKeys (ConfUtils.java:logGet(46)) - raft.server.threadpool.server.cached = true (default)
2024-11-29 05:29:31,663 [9c663db8-fa21-4bd9-8dc4-4774c554fbc4-groupManagement] INFO  server.RaftServerConfigKeys (ConfUtils.java:logGet(46)) - raft.server.threadpool.server.size = 0 (default)
2024-11-29 05:29:31,663 [9c663db8-fa21-4bd9-8dc4-4774c554fbc4-groupManagement] INFO  server.RaftServerConfigKeys (ConfUtils.java:logGet(46)) - raft.server.threadpool.client.cached = true (default)
2024-11-29 05:29:31,663 [9c663db8-fa21-4bd9-8dc4-4774c554fbc4-groupManagement] INFO  server.RaftServerConfigKeys (ConfUtils.java:logGet(46)) - raft.server.threadpool.client.size = 0 (default)
2024-11-29 05:29:31,663 [9c663db8-fa21-4bd9-8dc4-4774c554fbc4-groupManagement] INFO  server.RaftServerConfigKeys (ConfUtils.java:logGet(46)) - raft.server.storage.free-space.min = 0MB (=0) (default)
2024-11-29 05:29:31,663 [9c663db8-fa21-4bd9-8dc4-4774c554fbc4-groupManagement] INFO  server.RaftServerConfigKeys (ConfUtils.java:logGet(46)) - raft.server.log.corruption.policy = EXCEPTION (default)
2024-11-29 05:29:31,663 [9c663db8-fa21-4bd9-8dc4-4774c554fbc4-groupManagement] INFO  server.RaftServerConfigKeys (ConfUtils.java:logGet(46)) - raft.server.storage.dir = [/home/runner/work/ozone/ozone/hadoop-ozone/integration-test/target/test-dir/MiniOzoneClusterImpl-61f21677-568d-49d7-a2ee-8a05247fe249/ozone-meta/datanode-1/ratis] (custom)
2024-11-29 05:29:31,664 [9c663db8-fa21-4bd9-8dc4-4774c554fbc4-groupManagement] INFO  storage.RaftStorageDirectory (RaftStorageDirectoryImpl.java:analyzeStorage(138)) - The storage directory /home/runner/work/ozone/ozone/hadoop-ozone/integration-test/target/test-dir/MiniOzoneClusterImpl-61f21677-568d-49d7-a2ee-8a05247fe249/ozone-meta/datanode-1/ratis/46170460-0caf-4f19-bb73-bc39f70ceac4 does not exist. Creating ...
2024-11-29 05:29:31,665 [9c663db8-fa21-4bd9-8dc4-4774c554fbc4-groupManagement] INFO  storage.RaftStorageDirectory (RaftStorageDirectoryImpl.java:tryLock(229)) - Lock on /home/runner/work/ozone/ozone/hadoop-ozone/integration-test/target/test-dir/MiniOzoneClusterImpl-61f21677-568d-49d7-a2ee-8a05247fe249/ozone-meta/datanode-1/ratis/46170460-0caf-4f19-bb73-bc39f70ceac4/in_use.lock acquired by nodename 84584@fv-az1772-529
2024-11-29 05:29:31,667 [9c663db8-fa21-4bd9-8dc4-4774c554fbc4-groupManagement] INFO  storage.RaftStorage (RaftStorageImpl.java:format(98)) - Storage directory /home/runner/work/ozone/ozone/hadoop-ozone/integration-test/target/test-dir/MiniOzoneClusterImpl-61f21677-568d-49d7-a2ee-8a05247fe249/ozone-meta/datanode-1/ratis/46170460-0caf-4f19-bb73-bc39f70ceac4 has been successfully formatted.
2024-11-29 05:29:31,667 [9c663db8-fa21-4bd9-8dc4-4774c554fbc4-groupManagement] INFO  ratis.ContainerStateMachine (ContainerStateMachine.java:initialize(302)) - 9c663db8-fa21-4bd9-8dc4-4774c554fbc4: initialize group-BC39F70CEAC4
2024-11-29 05:29:31,668 [9c663db8-fa21-4bd9-8dc4-4774c554fbc4-groupManagement] INFO  ratis.ContainerStateMachine (ContainerStateMachine.java:loadSnapshot(310)) - group-BC39F70CEAC4: The snapshot info is null. Setting the last applied index to:(t:0, i:~)
2024-11-29 05:29:31,669 [9c663db8-fa21-4bd9-8dc4-4774c554fbc4-groupManagement] INFO  server.RaftServerConfigKeys (ConfUtils.java:logGet(46)) - raft.server.log.use.memory = false (default)
2024-11-29 05:29:31,669 [9c663db8-fa21-4bd9-8dc4-4774c554fbc4-groupManagement] INFO  server.RaftServerConfigKeys (ConfUtils.java:logGet(46)) - raft.server.log.purge.gap = 1000000 (custom)
2024-11-29 05:29:31,670 [EventQueue-OpenPipelineForHealthyPipelineSafeModeRule] INFO  safemode.SCMSafeModeManager (HealthyPipelineSafeModeRule.java:process(140)) - SCM in safe mode. Healthy pipelines reported count is 0, required healthy pipeline reported count is 1
2024-11-29 05:29:31,670 [9c663db8-fa21-4bd9-8dc4-4774c554fbc4-groupManagement] INFO  server.RaftServerConfigKeys (ConfUtils.java:logGet(46)) - raft.server.log.appender.buffer.byte-limit = 33554432 (custom)
2024-11-29 05:29:31,671 [9c663db8-fa21-4bd9-8dc4-4774c554fbc4-groupManagement] INFO  server.RaftServerConfigKeys (ConfUtils.java:logGet(46)) - raft.server.log.statemachine.data.read.timeout = 1000ms (default)
2024-11-29 05:29:31,671 [9c663db8-fa21-4bd9-8dc4-4774c554fbc4-groupManagement] INFO  server.RaftServerConfigKeys (ConfUtils.java:logGet(46)) - raft.server.log.purge.preservation.log.num = 0 (default)
2024-11-29 05:29:31,673 [9c663db8-fa21-4bd9-8dc4-4774c554fbc4-groupManagement] INFO  server.RaftServerConfigKeys (ConfUtils.java:logGet(46)) - raft.server.log.segment.size.max = 67108864 (custom)
2024-11-29 05:29:31,674 [9c663db8-fa21-4bd9-8dc4-4774c554fbc4-groupManagement] INFO  server.RaftServerConfigKeys (ConfUtils.java:logGet(46)) - raft.server.log.segment.cache.num.max = 2 (custom)
2024-11-29 05:29:31,674 [9c663db8-fa21-4bd9-8dc4-4774c554fbc4-groupManagement] INFO  server.RaftServerConfigKeys (ConfUtils.java:logGet(46)) - raft.server.log.segment.cache.size.max = 200MB (=209715200) (default)
2024-11-29 05:29:31,674 [9c663db8-fa21-4bd9-8dc4-4774c554fbc4-groupManagement] INFO  server.RaftServerConfigKeys (ConfUtils.java:logGet(46)) - raft.server.log.appender.buffer.byte-limit = 33554432 (custom)
2024-11-29 05:29:31,674 [9c663db8-fa21-4bd9-8dc4-4774c554fbc4-groupManagement] INFO  util.AwaitToRun (AwaitToRun.java:start(81)) - Thread[9c663db8-fa21-4bd9-8dc4-4774c554fbc4@group-BC39F70CEAC4-cacheEviction-AwaitToRun,5,main] started
2024-11-29 05:29:31,674 [9c663db8-fa21-4bd9-8dc4-4774c554fbc4-groupManagement] INFO  segmented.SegmentedRaftLogWorker (SegmentedRaftLogWorker.java:<init>(188)) - new 9c663db8-fa21-4bd9-8dc4-4774c554fbc4@group-BC39F70CEAC4-SegmentedRaftLogWorker for RaftStorageImpl:Storage Directory /home/runner/work/ozone/ozone/hadoop-ozone/integration-test/target/test-dir/MiniOzoneClusterImpl-61f21677-568d-49d7-a2ee-8a05247fe249/ozone-meta/datanode-1/ratis/46170460-0caf-4f19-bb73-bc39f70ceac4
2024-11-29 05:29:31,674 [9c663db8-fa21-4bd9-8dc4-4774c554fbc4-groupManagement] INFO  server.RaftServerConfigKeys (ConfUtils.java:logGet(46)) - raft.server.log.queue.byte-limit = 4294967296 (custom)
2024-11-29 05:29:31,674 [9c663db8-fa21-4bd9-8dc4-4774c554fbc4-groupManagement] INFO  server.RaftServerConfigKeys (ConfUtils.java:logGet(46)) - raft.server.log.queue.element-limit = 1024 (custom)
2024-11-29 05:29:31,675 [9c663db8-fa21-4bd9-8dc4-4774c554fbc4-groupManagement] INFO  server.RaftServerConfigKeys (ConfUtils.java:logGet(46)) - raft.server.log.segment.size.max = 67108864 (custom)
2024-11-29 05:29:31,675 [9c663db8-fa21-4bd9-8dc4-4774c554fbc4-groupManagement] INFO  server.RaftServerConfigKeys (ConfUtils.java:logGet(46)) - raft.server.log.preallocated.size = 4194304 (custom)
2024-11-29 05:29:31,675 [9c663db8-fa21-4bd9-8dc4-4774c554fbc4-groupManagement] INFO  server.RaftServerConfigKeys (ConfUtils.java:logGet(46)) - raft.server.log.force.sync.num = 128 (default)
2024-11-29 05:29:31,675 [9c663db8-fa21-4bd9-8dc4-4774c554fbc4-groupManagement] INFO  server.RaftServerConfigKeys (ConfUtils.java:logGet(46)) - raft.server.log.statemachine.data.sync = true (default)
2024-11-29 05:29:31,675 [9c663db8-fa21-4bd9-8dc4-4774c554fbc4-groupManagement] INFO  server.RaftServerConfigKeys (ConfUtils.java:logGet(46)) - raft.server.log.statemachine.data.sync.timeout = 10s (default)
2024-11-29 05:29:31,675 [9c663db8-fa21-4bd9-8dc4-4774c554fbc4-groupManagement] INFO  server.RaftServerConfigKeys (ConfUtils.java:logGet(46)) - raft.server.log.statemachine.data.sync.timeout.retry = 30 (custom)
2024-11-29 05:29:31,675 [9c663db8-fa21-4bd9-8dc4-4774c554fbc4-groupManagement] INFO  server.RaftServerConfigKeys (ConfUtils.java:logGet(46)) - raft.server.log.write.buffer.size = 33554440 (custom)
2024-11-29 05:29:31,681 [9c663db8-fa21-4bd9-8dc4-4774c554fbc4-groupManagement] INFO  server.RaftServerConfigKeys (ConfUtils.java:logGet(46)) - raft.server.log.appender.buffer.byte-limit = 33554432 (custom)
2024-11-29 05:29:31,682 [9c663db8-fa21-4bd9-8dc4-4774c554fbc4-groupManagement] INFO  server.RaftServerConfigKeys (ConfUtils.java:logGet(46)) - raft.server.log.unsafe-flush.enabled = false (default)
2024-11-29 05:29:31,682 [9c663db8-fa21-4bd9-8dc4-4774c554fbc4-groupManagement] INFO  server.RaftServerConfigKeys (ConfUtils.java:logGet(46)) - raft.server.log.async-flush.enabled = false (default)
2024-11-29 05:29:31,682 [9c663db8-fa21-4bd9-8dc4-4774c554fbc4-groupManagement] INFO  server.RaftServerConfigKeys (ConfUtils.java:logGet(46)) - raft.server.log.statemachine.data.caching.enabled = true (custom)
2024-11-29 05:29:31,682 [9c663db8-fa21-4bd9-8dc4-4774c554fbc4-groupManagement] INFO  segmented.SegmentedRaftLogWorker (SegmentedRaftLogWorker.java:lambda$new$0(139)) - 9c663db8-fa21-4bd9-8dc4-4774c554fbc4@group-BC39F70CEAC4-SegmentedRaftLogWorker: flushIndex: setUnconditionally 0 -> -1
2024-11-29 05:29:31,682 [9c663db8-fa21-4bd9-8dc4-4774c554fbc4-groupManagement] INFO  segmented.SegmentedRaftLogWorker (SegmentedRaftLogWorker.java:lambda$new$0(139)) - 9c663db8-fa21-4bd9-8dc4-4774c554fbc4@group-BC39F70CEAC4-SegmentedRaftLogWorker: safeCacheEvictIndex: setUnconditionally 0 -> -1
2024-11-29 05:29:31,682 [9c663db8-fa21-4bd9-8dc4-4774c554fbc4-groupManagement] INFO  server.RaftServer$Division (RaftServerImpl.java:start(391)) - 9c663db8-fa21-4bd9-8dc4-4774c554fbc4@group-BC39F70CEAC4: start as a follower, conf=conf: {index: -1, cur=peers:[9c663db8-fa21-4bd9-8dc4-4774c554fbc4|127.0.0.1:15012, 46c085ae-d173-483e-a797-bf073fdc6d33|127.0.0.1:15030, ca425215-81ee-42b3-84d9-8ded1157efea|127.0.0.1:15021]|listeners:[], old=null}
2024-11-29 05:29:31,682 [9c663db8-fa21-4bd9-8dc4-4774c554fbc4-groupManagement] INFO  server.RaftServer$Division (RaftServerImpl.java:setRole(378)) - 9c663db8-fa21-4bd9-8dc4-4774c554fbc4@group-BC39F70CEAC4: changes role from      null to FOLLOWER at term 0 for startAsFollower
2024-11-29 05:29:31,682 [9c663db8-fa21-4bd9-8dc4-4774c554fbc4-groupManagement] INFO  impl.RoleInfo (RoleInfo.java:updateAndGet(148)) - 9c663db8-fa21-4bd9-8dc4-4774c554fbc4: start 9c663db8-fa21-4bd9-8dc4-4774c554fbc4@group-BC39F70CEAC4-FollowerState
2024-11-29 05:29:31,683 [9c663db8-fa21-4bd9-8dc4-4774c554fbc4-groupManagement] INFO  util.JmxRegister (JmxRegister.java:tryRegister(44)) - Successfully registered JMX Bean with object name Ratis:service=RaftServer,group=group-BC39F70CEAC4,id=9c663db8-fa21-4bd9-8dc4-4774c554fbc4
2024-11-29 05:29:31,683 [9c663db8-fa21-4bd9-8dc4-4774c554fbc4-groupManagement] INFO  util.JmxRegister (JmxRegister.java:register(58)) - register mxBean class org.apache.ratis.server.impl.RaftServerJmxAdapter as Ratis:service=RaftServer,group=group-BC39F70CEAC4,id=9c663db8-fa21-4bd9-8dc4-4774c554fbc4
2024-11-29 05:29:31,683 [9c663db8-fa21-4bd9-8dc4-4774c554fbc4-groupManagement] INFO  server.RaftServerConfigKeys (ConfUtils.java:logGet(46)) - raft.server.snapshot.trigger-when-stop.enabled = true (default)
2024-11-29 05:29:31,683 [9c663db8-fa21-4bd9-8dc4-4774c554fbc4-groupManagement] INFO  server.RaftServerConfigKeys (ConfUtils.java:logGet(46)) - raft.server.snapshot.trigger-when-remove.enabled = true (default)
2024-11-29 05:29:31,683 [9c663db8-fa21-4bd9-8dc4-4774c554fbc4-groupManagement] INFO  server.RaftServerConfigKeys (ConfUtils.java:logGet(46)) - raft.server.snapshot.auto.trigger.enabled = true (custom)
2024-11-29 05:29:31,683 [9c663db8-fa21-4bd9-8dc4-4774c554fbc4-groupManagement] INFO  server.RaftServerConfigKeys (ConfUtils.java:logGet(46)) - raft.server.snapshot.auto.trigger.threshold = 100000 (custom)
2024-11-29 05:29:31,683 [9c663db8-fa21-4bd9-8dc4-4774c554fbc4-groupManagement] INFO  server.RaftServerConfigKeys (ConfUtils.java:logGet(46)) - raft.server.snapshot.retention.file.num = 5 (custom)
2024-11-29 05:29:31,683 [9c663db8-fa21-4bd9-8dc4-4774c554fbc4-groupManagement] INFO  server.RaftServerConfigKeys (ConfUtils.java:logGet(46)) - raft.server.log.purge.upto.snapshot.index = false (default)
2024-11-29 05:29:31,685 [9c663db8-fa21-4bd9-8dc4-4774c554fbc4@group-BC39F70CEAC4-FollowerState] INFO  server.RaftServerConfigKeys (ConfUtils.java:logFallback(53)) - raft.server.rpc.first-election.timeout.min = 5s (fallback to raft.server.rpc.timeout.min)
2024-11-29 05:29:31,685 [9c663db8-fa21-4bd9-8dc4-4774c554fbc4@group-BC39F70CEAC4-FollowerState] INFO  server.RaftServerConfigKeys (ConfUtils.java:logFallback(53)) - raft.server.rpc.first-election.timeout.max = 5200ms (fallback to raft.server.rpc.timeout.max)
2024-11-29 05:29:31,686 [9c663db8-fa21-4bd9-8dc4-4774c554fbc4-groupManagement] INFO  server.RaftServer$Division (RaftServerImpl.java:start(405)) - 9c663db8-fa21-4bd9-8dc4-4774c554fbc4@group-BC39F70CEAC4: Successfully started.
2024-11-29 05:29:31,688 [9c663db8-fa21-4bd9-8dc4-4774c554fbc4-groupManagement] INFO  server.RaftServerConfigKeys (ConfUtils.java:logGet(46)) - raft.server.storage.free-space.min = 0MB (=0) (default)
2024-11-29 05:29:31,688 [9c663db8-fa21-4bd9-8dc4-4774c554fbc4-groupManagement] INFO  server.RaftServerConfigKeys (ConfUtils.java:logGet(46)) - raft.server.log.corruption.policy = EXCEPTION (default)
2024-11-29 05:29:31,689 [9c663db8-fa21-4bd9-8dc4-4774c554fbc4-groupManagement] INFO  server.RaftServerConfigKeys (ConfUtils.java:logGet(46)) - raft.server.storage.dir = [/home/runner/work/ozone/ozone/hadoop-ozone/integration-test/target/test-dir/MiniOzoneClusterImpl-61f21677-568d-49d7-a2ee-8a05247fe249/ozone-meta/datanode-1/ratis] (custom)
2024-11-29 05:29:31,689 [9c663db8-fa21-4bd9-8dc4-4774c554fbc4-groupManagement] INFO  storage.RaftStorageDirectory (RaftStorageDirectoryImpl.java:analyzeStorage(138)) - The storage directory /home/runner/work/ozone/ozone/hadoop-ozone/integration-test/target/test-dir/MiniOzoneClusterImpl-61f21677-568d-49d7-a2ee-8a05247fe249/ozone-meta/datanode-1/ratis/851931c3-7c0b-43cf-9467-0bb578d0f838 does not exist. Creating ...
2024-11-29 05:29:31,694 [9c663db8-fa21-4bd9-8dc4-4774c554fbc4-groupManagement] INFO  storage.RaftStorageDirectory (RaftStorageDirectoryImpl.java:tryLock(229)) - Lock on /home/runner/work/ozone/ozone/hadoop-ozone/integration-test/target/test-dir/MiniOzoneClusterImpl-61f21677-568d-49d7-a2ee-8a05247fe249/ozone-meta/datanode-1/ratis/851931c3-7c0b-43cf-9467-0bb578d0f838/in_use.lock acquired by nodename 84584@fv-az1772-529
2024-11-29 05:29:31,697 [9c663db8-fa21-4bd9-8dc4-4774c554fbc4-groupManagement] INFO  storage.RaftStorage (RaftStorageImpl.java:format(98)) - Storage directory /home/runner/work/ozone/ozone/hadoop-ozone/integration-test/target/test-dir/MiniOzoneClusterImpl-61f21677-568d-49d7-a2ee-8a05247fe249/ozone-meta/datanode-1/ratis/851931c3-7c0b-43cf-9467-0bb578d0f838 has been successfully formatted.
2024-11-29 05:29:31,697 [9c663db8-fa21-4bd9-8dc4-4774c554fbc4-groupManagement] INFO  ratis.ContainerStateMachine (ContainerStateMachine.java:initialize(302)) - 9c663db8-fa21-4bd9-8dc4-4774c554fbc4: initialize group-0BB578D0F838
2024-11-29 05:29:31,697 [9c663db8-fa21-4bd9-8dc4-4774c554fbc4-groupManagement] INFO  ratis.ContainerStateMachine (ContainerStateMachine.java:loadSnapshot(310)) - group-0BB578D0F838: The snapshot info is null. Setting the last applied index to:(t:0, i:~)
2024-11-29 05:29:31,697 [9c663db8-fa21-4bd9-8dc4-4774c554fbc4-groupManagement] INFO  server.RaftServerConfigKeys (ConfUtils.java:logGet(46)) - raft.server.log.use.memory = false (default)
2024-11-29 05:29:31,698 [9c663db8-fa21-4bd9-8dc4-4774c554fbc4-groupManagement] INFO  server.RaftServerConfigKeys (ConfUtils.java:logGet(46)) - raft.server.log.purge.gap = 1000000 (custom)
2024-11-29 05:29:31,698 [9c663db8-fa21-4bd9-8dc4-4774c554fbc4-groupManagement] INFO  server.RaftServerConfigKeys (ConfUtils.java:logGet(46)) - raft.server.log.appender.buffer.byte-limit = 33554432 (custom)
2024-11-29 05:29:31,698 [9c663db8-fa21-4bd9-8dc4-4774c554fbc4-groupManagement] INFO  server.RaftServerConfigKeys (ConfUtils.java:logGet(46)) - raft.server.log.statemachine.data.read.timeout = 1000ms (default)
2024-11-29 05:29:31,698 [9c663db8-fa21-4bd9-8dc4-4774c554fbc4-groupManagement] INFO  server.RaftServerConfigKeys (ConfUtils.java:logGet(46)) - raft.server.log.purge.preservation.log.num = 0 (default)
2024-11-29 05:29:31,699 [EventQueue-OpenPipelineForHealthyPipelineSafeModeRule] INFO  safemode.SCMSafeModeManager (HealthyPipelineSafeModeRule.java:process(140)) - SCM in safe mode. Healthy pipelines reported count is 0, required healthy pipeline reported count is 1
2024-11-29 05:29:31,701 [9c663db8-fa21-4bd9-8dc4-4774c554fbc4-groupManagement] INFO  server.RaftServerConfigKeys (ConfUtils.java:logGet(46)) - raft.server.log.segment.size.max = 67108864 (custom)
2024-11-29 05:29:31,701 [9c663db8-fa21-4bd9-8dc4-4774c554fbc4-groupManagement] INFO  server.RaftServerConfigKeys (ConfUtils.java:logGet(46)) - raft.server.log.segment.cache.num.max = 2 (custom)
2024-11-29 05:29:31,701 [9c663db8-fa21-4bd9-8dc4-4774c554fbc4-groupManagement] INFO  server.RaftServerConfigKeys (ConfUtils.java:logGet(46)) - raft.server.log.segment.cache.size.max = 200MB (=209715200) (default)
2024-11-29 05:29:31,702 [9c663db8-fa21-4bd9-8dc4-4774c554fbc4-groupManagement] INFO  server.RaftServerConfigKeys (ConfUtils.java:logGet(46)) - raft.server.log.appender.buffer.byte-limit = 33554432 (custom)
2024-11-29 05:29:31,705 [9c663db8-fa21-4bd9-8dc4-4774c554fbc4-groupManagement] INFO  util.AwaitToRun (AwaitToRun.java:start(81)) - Thread[9c663db8-fa21-4bd9-8dc4-4774c554fbc4@group-0BB578D0F838-cacheEviction-AwaitToRun,5,main] started
2024-11-29 05:29:31,706 [9c663db8-fa21-4bd9-8dc4-4774c554fbc4-groupManagement] INFO  segmented.SegmentedRaftLogWorker (SegmentedRaftLogWorker.java:<init>(188)) - new 9c663db8-fa21-4bd9-8dc4-4774c554fbc4@group-0BB578D0F838-SegmentedRaftLogWorker for RaftStorageImpl:Storage Directory /home/runner/work/ozone/ozone/hadoop-ozone/integration-test/target/test-dir/MiniOzoneClusterImpl-61f21677-568d-49d7-a2ee-8a05247fe249/ozone-meta/datanode-1/ratis/851931c3-7c0b-43cf-9467-0bb578d0f838
2024-11-29 05:29:31,706 [9c663db8-fa21-4bd9-8dc4-4774c554fbc4-groupManagement] INFO  server.RaftServerConfigKeys (ConfUtils.java:logGet(46)) - raft.server.log.queue.byte-limit = 4294967296 (custom)
2024-11-29 05:29:31,706 [9c663db8-fa21-4bd9-8dc4-4774c554fbc4-groupManagement] INFO  server.RaftServerConfigKeys (ConfUtils.java:logGet(46)) - raft.server.log.queue.element-limit = 1024 (custom)
2024-11-29 05:29:31,706 [9c663db8-fa21-4bd9-8dc4-4774c554fbc4-groupManagement] INFO  server.RaftServerConfigKeys (ConfUtils.java:logGet(46)) - raft.server.log.segment.size.max = 67108864 (custom)
2024-11-29 05:29:31,706 [9c663db8-fa21-4bd9-8dc4-4774c554fbc4-groupManagement] INFO  server.RaftServerConfigKeys (ConfUtils.java:logGet(46)) - raft.server.log.preallocated.size = 4194304 (custom)
2024-11-29 05:29:31,706 [9c663db8-fa21-4bd9-8dc4-4774c554fbc4-groupManagement] INFO  server.RaftServerConfigKeys (ConfUtils.java:logGet(46)) - raft.server.log.force.sync.num = 128 (default)
2024-11-29 05:29:31,706 [9c663db8-fa21-4bd9-8dc4-4774c554fbc4-groupManagement] INFO  server.RaftServerConfigKeys (ConfUtils.java:logGet(46)) - raft.server.log.statemachine.data.sync = true (default)
2024-11-29 05:29:31,706 [9c663db8-fa21-4bd9-8dc4-4774c554fbc4-groupManagement] INFO  server.RaftServerConfigKeys (ConfUtils.java:logGet(46)) - raft.server.log.statemachine.data.sync.timeout = 10s (default)
2024-11-29 05:29:31,706 [9c663db8-fa21-4bd9-8dc4-4774c554fbc4-groupManagement] INFO  server.RaftServerConfigKeys (ConfUtils.java:logGet(46)) - raft.server.log.statemachine.data.sync.timeout.retry = 30 (custom)
2024-11-29 05:29:31,707 [9c663db8-fa21-4bd9-8dc4-4774c554fbc4-groupManagement] INFO  server.RaftServerConfigKeys (ConfUtils.java:logGet(46)) - raft.server.log.write.buffer.size = 33554440 (custom)
2024-11-29 05:29:31,712 [9c663db8-fa21-4bd9-8dc4-4774c554fbc4-groupManagement] INFO  server.RaftServerConfigKeys (ConfUtils.java:logGet(46)) - raft.server.log.appender.buffer.byte-limit = 33554432 (custom)
2024-11-29 05:29:31,713 [9c663db8-fa21-4bd9-8dc4-4774c554fbc4-groupManagement] INFO  server.RaftServerConfigKeys (ConfUtils.java:logGet(46)) - raft.server.log.unsafe-flush.enabled = false (default)
2024-11-29 05:29:31,713 [9c663db8-fa21-4bd9-8dc4-4774c554fbc4-groupManagement] INFO  server.RaftServerConfigKeys (ConfUtils.java:logGet(46)) - raft.server.log.async-flush.enabled = false (default)
2024-11-29 05:29:31,713 [9c663db8-fa21-4bd9-8dc4-4774c554fbc4-groupManagement] INFO  server.RaftServerConfigKeys (ConfUtils.java:logGet(46)) - raft.server.log.statemachine.data.caching.enabled = true (custom)
2024-11-29 05:29:31,713 [9c663db8-fa21-4bd9-8dc4-4774c554fbc4-groupManagement] INFO  segmented.SegmentedRaftLogWorker (SegmentedRaftLogWorker.java:lambda$new$0(139)) - 9c663db8-fa21-4bd9-8dc4-4774c554fbc4@group-0BB578D0F838-SegmentedRaftLogWorker: flushIndex: setUnconditionally 0 -> -1
2024-11-29 05:29:31,713 [9c663db8-fa21-4bd9-8dc4-4774c554fbc4-groupManagement] INFO  segmented.SegmentedRaftLogWorker (SegmentedRaftLogWorker.java:lambda$new$0(139)) - 9c663db8-fa21-4bd9-8dc4-4774c554fbc4@group-0BB578D0F838-SegmentedRaftLogWorker: safeCacheEvictIndex: setUnconditionally 0 -> -1
2024-11-29 05:29:31,714 [9c663db8-fa21-4bd9-8dc4-4774c554fbc4-groupManagement] INFO  server.RaftServer$Division (RaftServerImpl.java:start(391)) - 9c663db8-fa21-4bd9-8dc4-4774c554fbc4@group-0BB578D0F838: start as a follower, conf=conf: {index: -1, cur=peers:[9c663db8-fa21-4bd9-8dc4-4774c554fbc4|127.0.0.1:15012, 46c085ae-d173-483e-a797-bf073fdc6d33|127.0.0.1:15030, ca425215-81ee-42b3-84d9-8ded1157efea|127.0.0.1:15021]|listeners:[], old=null}
2024-11-29 05:29:31,714 [9c663db8-fa21-4bd9-8dc4-4774c554fbc4-groupManagement] INFO  server.RaftServer$Division (RaftServerImpl.java:setRole(378)) - 9c663db8-fa21-4bd9-8dc4-4774c554fbc4@group-0BB578D0F838: changes role from      null to FOLLOWER at term 0 for startAsFollower
2024-11-29 05:29:31,714 [9c663db8-fa21-4bd9-8dc4-4774c554fbc4-groupManagement] INFO  impl.RoleInfo (RoleInfo.java:updateAndGet(148)) - 9c663db8-fa21-4bd9-8dc4-4774c554fbc4: start 9c663db8-fa21-4bd9-8dc4-4774c554fbc4@group-0BB578D0F838-FollowerState
2024-11-29 05:29:31,714 [9c663db8-fa21-4bd9-8dc4-4774c554fbc4-groupManagement] INFO  util.JmxRegister (JmxRegister.java:tryRegister(44)) - Successfully registered JMX Bean with object name Ratis:service=RaftServer,group=group-0BB578D0F838,id=9c663db8-fa21-4bd9-8dc4-4774c554fbc4
2024-11-29 05:29:31,714 [9c663db8-fa21-4bd9-8dc4-4774c554fbc4-groupManagement] INFO  util.JmxRegister (JmxRegister.java:register(58)) - register mxBean class org.apache.ratis.server.impl.RaftServerJmxAdapter as Ratis:service=RaftServer,group=group-0BB578D0F838,id=9c663db8-fa21-4bd9-8dc4-4774c554fbc4
2024-11-29 05:29:31,714 [9c663db8-fa21-4bd9-8dc4-4774c554fbc4-groupManagement] INFO  server.RaftServerConfigKeys (ConfUtils.java:logGet(46)) - raft.server.snapshot.trigger-when-stop.enabled = true (default)
2024-11-29 05:29:31,714 [9c663db8-fa21-4bd9-8dc4-4774c554fbc4-groupManagement] INFO  server.RaftServerConfigKeys (ConfUtils.java:logGet(46)) - raft.server.snapshot.trigger-when-remove.enabled = true (default)
2024-11-29 05:29:31,714 [9c663db8-fa21-4bd9-8dc4-4774c554fbc4-groupManagement] INFO  server.RaftServerConfigKeys (ConfUtils.java:logGet(46)) - raft.server.snapshot.auto.trigger.enabled = true (custom)
2024-11-29 05:29:31,714 [9c663db8-fa21-4bd9-8dc4-4774c554fbc4-groupManagement] INFO  server.RaftServerConfigKeys (ConfUtils.java:logGet(46)) - raft.server.snapshot.auto.trigger.threshold = 100000 (custom)
2024-11-29 05:29:31,714 [9c663db8-fa21-4bd9-8dc4-4774c554fbc4-groupManagement] INFO  server.RaftServerConfigKeys (ConfUtils.java:logGet(46)) - raft.server.snapshot.retention.file.num = 5 (custom)
2024-11-29 05:29:31,715 [9c663db8-fa21-4bd9-8dc4-4774c554fbc4-groupManagement] INFO  server.RaftServerConfigKeys (ConfUtils.java:logGet(46)) - raft.server.log.purge.upto.snapshot.index = false (default)
2024-11-29 05:29:31,715 [9c663db8-fa21-4bd9-8dc4-4774c554fbc4@group-0BB578D0F838-FollowerState] INFO  server.RaftServerConfigKeys (ConfUtils.java:logFallback(53)) - raft.server.rpc.first-election.timeout.min = 5s (fallback to raft.server.rpc.timeout.min)
2024-11-29 05:29:31,715 [9c663db8-fa21-4bd9-8dc4-4774c554fbc4@group-0BB578D0F838-FollowerState] INFO  server.RaftServerConfigKeys (ConfUtils.java:logFallback(53)) - raft.server.rpc.first-election.timeout.max = 5200ms (fallback to raft.server.rpc.timeout.max)
2024-11-29 05:29:31,717 [9c663db8-fa21-4bd9-8dc4-4774c554fbc4-groupManagement] INFO  server.RaftServer$Division (RaftServerImpl.java:start(405)) - 9c663db8-fa21-4bd9-8dc4-4774c554fbc4@group-0BB578D0F838: Successfully started.
2024-11-29 05:29:31,718 [9c663db8-fa21-4bd9-8dc4-4774c554fbc4-PipelineCommandHandlerThread-0] INFO  ratis.XceiverServerRatis (XceiverServerRatis.java:addGroup(844)) - Created group PipelineID=851931c3-7c0b-43cf-9467-0bb578d0f838
2024-11-29 05:29:31,725 [grpc-default-executor-0] INFO  server.RaftServer (RaftServerProxy.java:addNew(100)) - 46c085ae-d173-483e-a797-bf073fdc6d33: addNew group-0BB578D0F838:[9c663db8-fa21-4bd9-8dc4-4774c554fbc4|127.0.0.1:15012, 46c085ae-d173-483e-a797-bf073fdc6d33|127.0.0.1:15030, ca425215-81ee-42b3-84d9-8ded1157efea|127.0.0.1:15021] returns group-0BB578D0F838:java.util.concurrent.CompletableFuture@66398202[Not completed]
2024-11-29 05:29:31,725 [grpc-default-executor-1] INFO  server.RaftServer (RaftServerProxy.java:addNew(100)) - 46c085ae-d173-483e-a797-bf073fdc6d33: addNew group-BC39F70CEAC4:[9c663db8-fa21-4bd9-8dc4-4774c554fbc4|127.0.0.1:15012, 46c085ae-d173-483e-a797-bf073fdc6d33|127.0.0.1:15030, ca425215-81ee-42b3-84d9-8ded1157efea|127.0.0.1:15021] returns group-BC39F70CEAC4:java.util.concurrent.CompletableFuture@3d031b4b[Not completed]
2024-11-29 05:29:31,726 [46c085ae-d173-483e-a797-bf073fdc6d33-groupManagement] INFO  server.RaftServer$Division (RaftServerImpl.java:<init>(255)) - 46c085ae-d173-483e-a797-bf073fdc6d33: new RaftServerImpl for group-0BB578D0F838:[9c663db8-fa21-4bd9-8dc4-4774c554fbc4|127.0.0.1:15012, 46c085ae-d173-483e-a797-bf073fdc6d33|127.0.0.1:15030, ca425215-81ee-42b3-84d9-8ded1157efea|127.0.0.1:15021] with ContainerStateMachine:uninitialized
2024-11-29 05:29:31,726 [46c085ae-d173-483e-a797-bf073fdc6d33-groupManagement] INFO  server.RaftServerConfigKeys (ConfUtils.java:logGet(46)) - raft.server.rpc.timeout.min = 5s (custom)
2024-11-29 05:29:31,727 [46c085ae-d173-483e-a797-bf073fdc6d33-groupManagement] INFO  server.RaftServerConfigKeys (ConfUtils.java:logGet(46)) - raft.server.rpc.timeout.max = 5200ms (custom)
2024-11-29 05:29:31,727 [46c085ae-d173-483e-a797-bf073fdc6d33-groupManagement] INFO  server.RaftServerConfigKeys (ConfUtils.java:logGet(46)) - raft.server.rpc.sleep.time = 25ms (default)
2024-11-29 05:29:31,727 [46c085ae-d173-483e-a797-bf073fdc6d33-groupManagement] INFO  server.RaftServerConfigKeys (ConfUtils.java:logGet(46)) - raft.server.rpc.slowness.timeout = 300s (custom)
2024-11-29 05:29:31,727 [46c085ae-d173-483e-a797-bf073fdc6d33-groupManagement] INFO  server.RaftServerConfigKeys (ConfUtils.java:logGet(46)) - raft.server.leaderelection.leader.step-down.wait-time = 10s (default)
2024-11-29 05:29:31,727 [46c085ae-d173-483e-a797-bf073fdc6d33-groupManagement] INFO  server.RaftServerConfigKeys (ConfUtils.java:logGet(46)) - raft.server.leaderelection.member.majority-add = false (default)
2024-11-29 05:29:31,727 [46c085ae-d173-483e-a797-bf073fdc6d33-groupManagement] INFO  server.RaftServerConfigKeys (ConfUtils.java:logGet(46)) - raft.server.sleep.deviation.threshold = 300ms (default)
2024-11-29 05:29:31,727 [46c085ae-d173-483e-a797-bf073fdc6d33-groupManagement] INFO  server.RaftServer$Division (ServerState.java:<init>(114)) - 46c085ae-d173-483e-a797-bf073fdc6d33@group-0BB578D0F838: ConfigurationManager, init=conf: {index: -1, cur=peers:[9c663db8-fa21-4bd9-8dc4-4774c554fbc4|127.0.0.1:15012, 46c085ae-d173-483e-a797-bf073fdc6d33|127.0.0.1:15030, ca425215-81ee-42b3-84d9-8ded1157efea|127.0.0.1:15021]|listeners:[], old=null}, confs=<EMPTY_MAP>
2024-11-29 05:29:31,727 [46c085ae-d173-483e-a797-bf073fdc6d33-groupManagement] INFO  server.RaftServerConfigKeys (ConfUtils.java:logGet(46)) - raft.server.notification.no-leader.timeout = 300s (custom)
2024-11-29 05:29:31,727 [46c085ae-d173-483e-a797-bf073fdc6d33-groupManagement] INFO  server.RaftServerConfigKeys (ConfUtils.java:logGet(46)) - raft.server.read.timeout = 10s (default)
2024-11-29 05:29:31,727 [46c085ae-d173-483e-a797-bf073fdc6d33-groupManagement] INFO  server.RaftServerConfigKeys (ConfUtils.java:logGet(46)) - raft.server.retrycache.expirytime = 600000ms (custom)
2024-11-29 05:29:31,727 [46c085ae-d173-483e-a797-bf073fdc6d33-groupManagement] INFO  server.RaftServerConfigKeys (ConfUtils.java:logGet(46)) - raft.server.retrycache.statistics.expirytime = 100ms (default)
2024-11-29 05:29:31,727 [46c085ae-d173-483e-a797-bf073fdc6d33-groupManagement] INFO  server.RaftServerConfigKeys (ConfUtils.java:logGet(46)) - raft.server.read.option = DEFAULT (default)
2024-11-29 05:29:31,727 [46c085ae-d173-483e-a797-bf073fdc6d33-groupManagement] INFO  server.RaftServerConfigKeys (ConfUtils.java:logGet(46)) - raft.server.read.read-after-write-consistent.write-index-cache.expiry-time = 60s (default)
2024-11-29 05:29:31,732 [46c085ae-d173-483e-a797-bf073fdc6d33-groupManagement] INFO  server.RaftServerConfigKeys (ConfUtils.java:logGet(46)) - raft.server.rpc.request.timeout = 60s (custom)
2024-11-29 05:29:31,732 [46c085ae-d173-483e-a797-bf073fdc6d33-groupManagement] INFO  server.RaftServerConfigKeys (ConfUtils.java:logGet(46)) - raft.server.log.appender.install.snapshot.enabled = false (custom)
2024-11-29 05:29:31,733 [46c085ae-d173-483e-a797-bf073fdc6d33-groupManagement] INFO  server.RaftServerConfigKeys (ConfUtils.java:logGet(46)) - raft.server.threadpool.server.cached = true (default)
2024-11-29 05:29:31,733 [46c085ae-d173-483e-a797-bf073fdc6d33-groupManagement] INFO  server.RaftServerConfigKeys (ConfUtils.java:logGet(46)) - raft.server.threadpool.server.size = 0 (default)
2024-11-29 05:29:31,733 [46c085ae-d173-483e-a797-bf073fdc6d33-groupManagement] INFO  server.RaftServerConfigKeys (ConfUtils.java:logGet(46)) - raft.server.threadpool.client.cached = true (default)
2024-11-29 05:29:31,733 [46c085ae-d173-483e-a797-bf073fdc6d33-groupManagement] INFO  server.RaftServerConfigKeys (ConfUtils.java:logGet(46)) - raft.server.threadpool.client.size = 0 (default)
2024-11-29 05:29:31,734 [46c085ae-d173-483e-a797-bf073fdc6d33-groupManagement] INFO  server.RaftServer$Division (RaftServerImpl.java:<init>(255)) - 46c085ae-d173-483e-a797-bf073fdc6d33: new RaftServerImpl for group-BC39F70CEAC4:[9c663db8-fa21-4bd9-8dc4-4774c554fbc4|127.0.0.1:15012, 46c085ae-d173-483e-a797-bf073fdc6d33|127.0.0.1:15030, ca425215-81ee-42b3-84d9-8ded1157efea|127.0.0.1:15021] with ContainerStateMachine:uninitialized
2024-11-29 05:29:31,734 [46c085ae-d173-483e-a797-bf073fdc6d33-groupManagement] INFO  server.RaftServerConfigKeys (ConfUtils.java:logGet(46)) - raft.server.rpc.timeout.min = 5s (custom)
2024-11-29 05:29:31,734 [46c085ae-d173-483e-a797-bf073fdc6d33-groupManagement] INFO  server.RaftServerConfigKeys (ConfUtils.java:logGet(46)) - raft.server.rpc.timeout.max = 5200ms (custom)
2024-11-29 05:29:31,734 [46c085ae-d173-483e-a797-bf073fdc6d33-groupManagement] INFO  server.RaftServerConfigKeys (ConfUtils.java:logGet(46)) - raft.server.rpc.sleep.time = 25ms (default)
2024-11-29 05:29:31,734 [46c085ae-d173-483e-a797-bf073fdc6d33-groupManagement] INFO  server.RaftServerConfigKeys (ConfUtils.java:logGet(46)) - raft.server.rpc.slowness.timeout = 300s (custom)
2024-11-29 05:29:31,734 [46c085ae-d173-483e-a797-bf073fdc6d33-groupManagement] INFO  server.RaftServerConfigKeys (ConfUtils.java:logGet(46)) - raft.server.leaderelection.leader.step-down.wait-time = 10s (default)
2024-11-29 05:29:31,736 [46c085ae-d173-483e-a797-bf073fdc6d33-groupManagement] INFO  server.RaftServerConfigKeys (ConfUtils.java:logGet(46)) - raft.server.leaderelection.member.majority-add = false (default)
2024-11-29 05:29:31,736 [46c085ae-d173-483e-a797-bf073fdc6d33-groupManagement] INFO  server.RaftServerConfigKeys (ConfUtils.java:logGet(46)) - raft.server.sleep.deviation.threshold = 300ms (default)
2024-11-29 05:29:31,736 [46c085ae-d173-483e-a797-bf073fdc6d33-groupManagement] INFO  server.RaftServer$Division (ServerState.java:<init>(114)) - 46c085ae-d173-483e-a797-bf073fdc6d33@group-BC39F70CEAC4: ConfigurationManager, init=conf: {index: -1, cur=peers:[9c663db8-fa21-4bd9-8dc4-4774c554fbc4|127.0.0.1:15012, 46c085ae-d173-483e-a797-bf073fdc6d33|127.0.0.1:15030, ca425215-81ee-42b3-84d9-8ded1157efea|127.0.0.1:15021]|listeners:[], old=null}, confs=<EMPTY_MAP>
2024-11-29 05:29:31,736 [46c085ae-d173-483e-a797-bf073fdc6d33-groupManagement] INFO  server.RaftServerConfigKeys (ConfUtils.java:logGet(46)) - raft.server.notification.no-leader.timeout = 300s (custom)
2024-11-29 05:29:31,736 [46c085ae-d173-483e-a797-bf073fdc6d33-groupManagement] INFO  server.RaftServerConfigKeys (ConfUtils.java:logGet(46)) - raft.server.read.timeout = 10s (default)
2024-11-29 05:29:31,736 [46c085ae-d173-483e-a797-bf073fdc6d33-groupManagement] INFO  server.RaftServerConfigKeys (ConfUtils.java:logGet(46)) - raft.server.retrycache.expirytime = 600000ms (custom)
2024-11-29 05:29:31,736 [46c085ae-d173-483e-a797-bf073fdc6d33-groupManagement] INFO  server.RaftServerConfigKeys (ConfUtils.java:logGet(46)) - raft.server.retrycache.statistics.expirytime = 100ms (default)
2024-11-29 05:29:31,736 [46c085ae-d173-483e-a797-bf073fdc6d33-groupManagement] INFO  server.RaftServerConfigKeys (ConfUtils.java:logGet(46)) - raft.server.read.option = DEFAULT (default)
2024-11-29 05:29:31,737 [46c085ae-d173-483e-a797-bf073fdc6d33-groupManagement] INFO  server.RaftServerConfigKeys (ConfUtils.java:logGet(46)) - raft.server.read.read-after-write-consistent.write-index-cache.expiry-time = 60s (default)
2024-11-29 05:29:31,741 [46c085ae-d173-483e-a797-bf073fdc6d33-groupManagement] INFO  server.RaftServerConfigKeys (ConfUtils.java:logGet(46)) - raft.server.rpc.request.timeout = 60s (custom)
2024-11-29 05:29:31,741 [46c085ae-d173-483e-a797-bf073fdc6d33-groupManagement] INFO  server.RaftServerConfigKeys (ConfUtils.java:logGet(46)) - raft.server.log.appender.install.snapshot.enabled = false (custom)
2024-11-29 05:29:31,741 [46c085ae-d173-483e-a797-bf073fdc6d33-groupManagement] INFO  server.RaftServerConfigKeys (ConfUtils.java:logGet(46)) - raft.server.threadpool.server.cached = true (default)
2024-11-29 05:29:31,741 [46c085ae-d173-483e-a797-bf073fdc6d33-groupManagement] INFO  server.RaftServerConfigKeys (ConfUtils.java:logGet(46)) - raft.server.threadpool.server.size = 0 (default)
2024-11-29 05:29:31,741 [46c085ae-d173-483e-a797-bf073fdc6d33-groupManagement] INFO  server.RaftServerConfigKeys (ConfUtils.java:logGet(46)) - raft.server.threadpool.client.cached = true (default)
2024-11-29 05:29:31,741 [46c085ae-d173-483e-a797-bf073fdc6d33-groupManagement] INFO  server.RaftServerConfigKeys (ConfUtils.java:logGet(46)) - raft.server.threadpool.client.size = 0 (default)
2024-11-29 05:29:31,741 [46c085ae-d173-483e-a797-bf073fdc6d33-groupManagement] INFO  server.RaftServerConfigKeys (ConfUtils.java:logGet(46)) - raft.server.storage.free-space.min = 0MB (=0) (default)
2024-11-29 05:29:31,741 [46c085ae-d173-483e-a797-bf073fdc6d33-groupManagement] INFO  server.RaftServerConfigKeys (ConfUtils.java:logGet(46)) - raft.server.log.corruption.policy = EXCEPTION (default)
2024-11-29 05:29:31,742 [46c085ae-d173-483e-a797-bf073fdc6d33-groupManagement] INFO  server.RaftServerConfigKeys (ConfUtils.java:logGet(46)) - raft.server.storage.dir = [/home/runner/work/ozone/ozone/hadoop-ozone/integration-test/target/test-dir/MiniOzoneClusterImpl-61f21677-568d-49d7-a2ee-8a05247fe249/ozone-meta/datanode-3/ratis] (custom)
2024-11-29 05:29:31,742 [46c085ae-d173-483e-a797-bf073fdc6d33-groupManagement] INFO  storage.RaftStorageDirectory (RaftStorageDirectoryImpl.java:analyzeStorage(138)) - The storage directory /home/runner/work/ozone/ozone/hadoop-ozone/integration-test/target/test-dir/MiniOzoneClusterImpl-61f21677-568d-49d7-a2ee-8a05247fe249/ozone-meta/datanode-3/ratis/851931c3-7c0b-43cf-9467-0bb578d0f838 does not exist. Creating ...
2024-11-29 05:29:31,744 [46c085ae-d173-483e-a797-bf073fdc6d33-groupManagement] INFO  storage.RaftStorageDirectory (RaftStorageDirectoryImpl.java:tryLock(229)) - Lock on /home/runner/work/ozone/ozone/hadoop-ozone/integration-test/target/test-dir/MiniOzoneClusterImpl-61f21677-568d-49d7-a2ee-8a05247fe249/ozone-meta/datanode-3/ratis/851931c3-7c0b-43cf-9467-0bb578d0f838/in_use.lock acquired by nodename 84584@fv-az1772-529
2024-11-29 05:29:31,746 [46c085ae-d173-483e-a797-bf073fdc6d33-groupManagement] INFO  storage.RaftStorage (RaftStorageImpl.java:format(98)) - Storage directory /home/runner/work/ozone/ozone/hadoop-ozone/integration-test/target/test-dir/MiniOzoneClusterImpl-61f21677-568d-49d7-a2ee-8a05247fe249/ozone-meta/datanode-3/ratis/851931c3-7c0b-43cf-9467-0bb578d0f838 has been successfully formatted.
2024-11-29 05:29:31,750 [46c085ae-d173-483e-a797-bf073fdc6d33-groupManagement] INFO  ratis.ContainerStateMachine (ContainerStateMachine.java:initialize(302)) - 46c085ae-d173-483e-a797-bf073fdc6d33: initialize group-0BB578D0F838
2024-11-29 05:29:31,750 [46c085ae-d173-483e-a797-bf073fdc6d33-groupManagement] INFO  ratis.ContainerStateMachine (ContainerStateMachine.java:loadSnapshot(310)) - group-0BB578D0F838: The snapshot info is null. Setting the last applied index to:(t:0, i:~)
2024-11-29 05:29:31,750 [46c085ae-d173-483e-a797-bf073fdc6d33-groupManagement] INFO  server.RaftServerConfigKeys (ConfUtils.java:logGet(46)) - raft.server.log.use.memory = false (default)
2024-11-29 05:29:31,750 [46c085ae-d173-483e-a797-bf073fdc6d33-groupManagement] INFO  server.RaftServerConfigKeys (ConfUtils.java:logGet(46)) - raft.server.log.purge.gap = 1000000 (custom)
2024-11-29 05:29:31,750 [46c085ae-d173-483e-a797-bf073fdc6d33-groupManagement] INFO  server.RaftServerConfigKeys (ConfUtils.java:logGet(46)) - raft.server.log.appender.buffer.byte-limit = 33554432 (custom)
2024-11-29 05:29:31,750 [46c085ae-d173-483e-a797-bf073fdc6d33-groupManagement] INFO  server.RaftServerConfigKeys (ConfUtils.java:logGet(46)) - raft.server.log.statemachine.data.read.timeout = 1000ms (default)
2024-11-29 05:29:31,750 [46c085ae-d173-483e-a797-bf073fdc6d33-groupManagement] INFO  server.RaftServerConfigKeys (ConfUtils.java:logGet(46)) - raft.server.log.purge.preservation.log.num = 0 (default)
2024-11-29 05:29:31,752 [46c085ae-d173-483e-a797-bf073fdc6d33-groupManagement] INFO  server.RaftServerConfigKeys (ConfUtils.java:logGet(46)) - raft.server.log.segment.size.max = 67108864 (custom)
2024-11-29 05:29:31,753 [46c085ae-d173-483e-a797-bf073fdc6d33-groupManagement] INFO  server.RaftServerConfigKeys (ConfUtils.java:logGet(46)) - raft.server.log.segment.cache.num.max = 2 (custom)
2024-11-29 05:29:31,753 [46c085ae-d173-483e-a797-bf073fdc6d33-groupManagement] INFO  server.RaftServerConfigKeys (ConfUtils.java:logGet(46)) - raft.server.log.segment.cache.size.max = 200MB (=209715200) (default)
2024-11-29 05:29:31,753 [46c085ae-d173-483e-a797-bf073fdc6d33-groupManagement] INFO  server.RaftServerConfigKeys (ConfUtils.java:logGet(46)) - raft.server.log.appender.buffer.byte-limit = 33554432 (custom)
2024-11-29 05:29:31,753 [46c085ae-d173-483e-a797-bf073fdc6d33-groupManagement] INFO  util.AwaitToRun (AwaitToRun.java:start(81)) - Thread[46c085ae-d173-483e-a797-bf073fdc6d33@group-0BB578D0F838-cacheEviction-AwaitToRun,5,main] started
2024-11-29 05:29:31,753 [46c085ae-d173-483e-a797-bf073fdc6d33-groupManagement] INFO  segmented.SegmentedRaftLogWorker (SegmentedRaftLogWorker.java:<init>(188)) - new 46c085ae-d173-483e-a797-bf073fdc6d33@group-0BB578D0F838-SegmentedRaftLogWorker for RaftStorageImpl:Storage Directory /home/runner/work/ozone/ozone/hadoop-ozone/integration-test/target/test-dir/MiniOzoneClusterImpl-61f21677-568d-49d7-a2ee-8a05247fe249/ozone-meta/datanode-3/ratis/851931c3-7c0b-43cf-9467-0bb578d0f838
2024-11-29 05:29:31,753 [46c085ae-d173-483e-a797-bf073fdc6d33-groupManagement] INFO  server.RaftServerConfigKeys (ConfUtils.java:logGet(46)) - raft.server.log.queue.byte-limit = 4294967296 (custom)
2024-11-29 05:29:31,753 [46c085ae-d173-483e-a797-bf073fdc6d33-groupManagement] INFO  server.RaftServerConfigKeys (ConfUtils.java:logGet(46)) - raft.server.log.queue.element-limit = 1024 (custom)
2024-11-29 05:29:31,753 [46c085ae-d173-483e-a797-bf073fdc6d33-groupManagement] INFO  server.RaftServerConfigKeys (ConfUtils.java:logGet(46)) - raft.server.log.segment.size.max = 67108864 (custom)
2024-11-29 05:29:31,753 [46c085ae-d173-483e-a797-bf073fdc6d33-groupManagement] INFO  server.RaftServerConfigKeys (ConfUtils.java:logGet(46)) - raft.server.log.preallocated.size = 4194304 (custom)
2024-11-29 05:29:31,754 [46c085ae-d173-483e-a797-bf073fdc6d33-groupManagement] INFO  server.RaftServerConfigKeys (ConfUtils.java:logGet(46)) - raft.server.log.force.sync.num = 128 (default)
2024-11-29 05:29:31,754 [46c085ae-d173-483e-a797-bf073fdc6d33-groupManagement] INFO  server.RaftServerConfigKeys (ConfUtils.java:logGet(46)) - raft.server.log.statemachine.data.sync = true (default)
2024-11-29 05:29:31,754 [46c085ae-d173-483e-a797-bf073fdc6d33-groupManagement] INFO  server.RaftServerConfigKeys (ConfUtils.java:logGet(46)) - raft.server.log.statemachine.data.sync.timeout = 10s (default)
2024-11-29 05:29:31,754 [46c085ae-d173-483e-a797-bf073fdc6d33-groupManagement] INFO  server.RaftServerConfigKeys (ConfUtils.java:logGet(46)) - raft.server.log.statemachine.data.sync.timeout.retry = 30 (custom)
2024-11-29 05:29:31,754 [46c085ae-d173-483e-a797-bf073fdc6d33-groupManagement] INFO  server.RaftServerConfigKeys (ConfUtils.java:logGet(46)) - raft.server.log.write.buffer.size = 33554440 (custom)
2024-11-29 05:29:31,761 [46c085ae-d173-483e-a797-bf073fdc6d33-groupManagement] INFO  server.RaftServerConfigKeys (ConfUtils.java:logGet(46)) - raft.server.log.appender.buffer.byte-limit = 33554432 (custom)
2024-11-29 05:29:31,762 [46c085ae-d173-483e-a797-bf073fdc6d33-groupManagement] INFO  server.RaftServerConfigKeys (ConfUtils.java:logGet(46)) - raft.server.log.unsafe-flush.enabled = false (default)
2024-11-29 05:29:31,762 [46c085ae-d173-483e-a797-bf073fdc6d33-groupManagement] INFO  server.RaftServerConfigKeys (ConfUtils.java:logGet(46)) - raft.server.log.async-flush.enabled = false (default)
2024-11-29 05:29:31,762 [46c085ae-d173-483e-a797-bf073fdc6d33-groupManagement] INFO  server.RaftServerConfigKeys (ConfUtils.java:logGet(46)) - raft.server.log.statemachine.data.caching.enabled = true (custom)
2024-11-29 05:29:31,762 [46c085ae-d173-483e-a797-bf073fdc6d33-groupManagement] INFO  segmented.SegmentedRaftLogWorker (SegmentedRaftLogWorker.java:lambda$new$0(139)) - 46c085ae-d173-483e-a797-bf073fdc6d33@group-0BB578D0F838-SegmentedRaftLogWorker: flushIndex: setUnconditionally 0 -> -1
2024-11-29 05:29:31,763 [46c085ae-d173-483e-a797-bf073fdc6d33-groupManagement] INFO  segmented.SegmentedRaftLogWorker (SegmentedRaftLogWorker.java:lambda$new$0(139)) - 46c085ae-d173-483e-a797-bf073fdc6d33@group-0BB578D0F838-SegmentedRaftLogWorker: safeCacheEvictIndex: setUnconditionally 0 -> -1
2024-11-29 05:29:31,763 [46c085ae-d173-483e-a797-bf073fdc6d33-groupManagement] INFO  server.RaftServer$Division (RaftServerImpl.java:start(391)) - 46c085ae-d173-483e-a797-bf073fdc6d33@group-0BB578D0F838: start as a follower, conf=conf: {index: -1, cur=peers:[9c663db8-fa21-4bd9-8dc4-4774c554fbc4|127.0.0.1:15012, 46c085ae-d173-483e-a797-bf073fdc6d33|127.0.0.1:15030, ca425215-81ee-42b3-84d9-8ded1157efea|127.0.0.1:15021]|listeners:[], old=null}
2024-11-29 05:29:31,763 [46c085ae-d173-483e-a797-bf073fdc6d33-groupManagement] INFO  server.RaftServer$Division (RaftServerImpl.java:setRole(378)) - 46c085ae-d173-483e-a797-bf073fdc6d33@group-0BB578D0F838: changes role from      null to FOLLOWER at term 0 for startAsFollower
2024-11-29 05:29:31,763 [46c085ae-d173-483e-a797-bf073fdc6d33-groupManagement] INFO  impl.RoleInfo (RoleInfo.java:updateAndGet(148)) - 46c085ae-d173-483e-a797-bf073fdc6d33: start 46c085ae-d173-483e-a797-bf073fdc6d33@group-0BB578D0F838-FollowerState
2024-11-29 05:29:31,766 [46c085ae-d173-483e-a797-bf073fdc6d33-groupManagement] INFO  util.JmxRegister (JmxRegister.java:tryRegister(44)) - Successfully registered JMX Bean with object name Ratis:service=RaftServer,group=group-0BB578D0F838,id=46c085ae-d173-483e-a797-bf073fdc6d33
2024-11-29 05:29:31,767 [46c085ae-d173-483e-a797-bf073fdc6d33-groupManagement] INFO  util.JmxRegister (JmxRegister.java:register(58)) - register mxBean class org.apache.ratis.server.impl.RaftServerJmxAdapter as Ratis:service=RaftServer,group=group-0BB578D0F838,id=46c085ae-d173-483e-a797-bf073fdc6d33
2024-11-29 05:29:31,767 [46c085ae-d173-483e-a797-bf073fdc6d33-groupManagement] INFO  server.RaftServerConfigKeys (ConfUtils.java:logGet(46)) - raft.server.snapshot.trigger-when-stop.enabled = true (default)
2024-11-29 05:29:31,767 [46c085ae-d173-483e-a797-bf073fdc6d33-groupManagement] INFO  server.RaftServerConfigKeys (ConfUtils.java:logGet(46)) - raft.server.snapshot.trigger-when-remove.enabled = true (default)
2024-11-29 05:29:31,767 [46c085ae-d173-483e-a797-bf073fdc6d33-groupManagement] INFO  server.RaftServerConfigKeys (ConfUtils.java:logGet(46)) - raft.server.snapshot.auto.trigger.enabled = true (custom)
2024-11-29 05:29:31,767 [46c085ae-d173-483e-a797-bf073fdc6d33-groupManagement] INFO  server.RaftServerConfigKeys (ConfUtils.java:logGet(46)) - raft.server.snapshot.auto.trigger.threshold = 100000 (custom)
2024-11-29 05:29:31,767 [46c085ae-d173-483e-a797-bf073fdc6d33-groupManagement] INFO  server.RaftServerConfigKeys (ConfUtils.java:logGet(46)) - raft.server.snapshot.retention.file.num = 5 (custom)
2024-11-29 05:29:31,767 [46c085ae-d173-483e-a797-bf073fdc6d33-groupManagement] INFO  server.RaftServerConfigKeys (ConfUtils.java:logGet(46)) - raft.server.log.purge.upto.snapshot.index = false (default)
2024-11-29 05:29:31,768 [46c085ae-d173-483e-a797-bf073fdc6d33@group-0BB578D0F838-FollowerState] INFO  server.RaftServerConfigKeys (ConfUtils.java:logFallback(53)) - raft.server.rpc.first-election.timeout.min = 5s (fallback to raft.server.rpc.timeout.min)
2024-11-29 05:29:31,768 [46c085ae-d173-483e-a797-bf073fdc6d33@group-0BB578D0F838-FollowerState] INFO  server.RaftServerConfigKeys (ConfUtils.java:logFallback(53)) - raft.server.rpc.first-election.timeout.max = 5200ms (fallback to raft.server.rpc.timeout.max)
2024-11-29 05:29:31,768 [46c085ae-d173-483e-a797-bf073fdc6d33-groupManagement] INFO  server.RaftServer$Division (RaftServerImpl.java:start(405)) - 46c085ae-d173-483e-a797-bf073fdc6d33@group-0BB578D0F838: Successfully started.
2024-11-29 05:29:31,769 [46c085ae-d173-483e-a797-bf073fdc6d33-groupManagement] INFO  server.RaftServerConfigKeys (ConfUtils.java:logGet(46)) - raft.server.storage.free-space.min = 0MB (=0) (default)
2024-11-29 05:29:31,769 [46c085ae-d173-483e-a797-bf073fdc6d33-groupManagement] INFO  server.RaftServerConfigKeys (ConfUtils.java:logGet(46)) - raft.server.log.corruption.policy = EXCEPTION (default)
2024-11-29 05:29:31,769 [46c085ae-d173-483e-a797-bf073fdc6d33-groupManagement] INFO  server.RaftServerConfigKeys (ConfUtils.java:logGet(46)) - raft.server.storage.dir = [/home/runner/work/ozone/ozone/hadoop-ozone/integration-test/target/test-dir/MiniOzoneClusterImpl-61f21677-568d-49d7-a2ee-8a05247fe249/ozone-meta/datanode-3/ratis] (custom)
2024-11-29 05:29:31,769 [46c085ae-d173-483e-a797-bf073fdc6d33-groupManagement] INFO  storage.RaftStorageDirectory (RaftStorageDirectoryImpl.java:analyzeStorage(138)) - The storage directory /home/runner/work/ozone/ozone/hadoop-ozone/integration-test/target/test-dir/MiniOzoneClusterImpl-61f21677-568d-49d7-a2ee-8a05247fe249/ozone-meta/datanode-3/ratis/46170460-0caf-4f19-bb73-bc39f70ceac4 does not exist. Creating ...
2024-11-29 05:29:31,773 [46c085ae-d173-483e-a797-bf073fdc6d33-groupManagement] INFO  storage.RaftStorageDirectory (RaftStorageDirectoryImpl.java:tryLock(229)) - Lock on /home/runner/work/ozone/ozone/hadoop-ozone/integration-test/target/test-dir/MiniOzoneClusterImpl-61f21677-568d-49d7-a2ee-8a05247fe249/ozone-meta/datanode-3/ratis/46170460-0caf-4f19-bb73-bc39f70ceac4/in_use.lock acquired by nodename 84584@fv-az1772-529
2024-11-29 05:29:31,775 [46c085ae-d173-483e-a797-bf073fdc6d33-groupManagement] INFO  storage.RaftStorage (RaftStorageImpl.java:format(98)) - Storage directory /home/runner/work/ozone/ozone/hadoop-ozone/integration-test/target/test-dir/MiniOzoneClusterImpl-61f21677-568d-49d7-a2ee-8a05247fe249/ozone-meta/datanode-3/ratis/46170460-0caf-4f19-bb73-bc39f70ceac4 has been successfully formatted.
2024-11-29 05:29:31,775 [46c085ae-d173-483e-a797-bf073fdc6d33-groupManagement] INFO  ratis.ContainerStateMachine (ContainerStateMachine.java:initialize(302)) - 46c085ae-d173-483e-a797-bf073fdc6d33: initialize group-BC39F70CEAC4
2024-11-29 05:29:31,776 [46c085ae-d173-483e-a797-bf073fdc6d33-groupManagement] INFO  ratis.ContainerStateMachine (ContainerStateMachine.java:loadSnapshot(310)) - group-BC39F70CEAC4: The snapshot info is null. Setting the last applied index to:(t:0, i:~)
2024-11-29 05:29:31,776 [46c085ae-d173-483e-a797-bf073fdc6d33-groupManagement] INFO  server.RaftServerConfigKeys (ConfUtils.java:logGet(46)) - raft.server.log.use.memory = false (default)
2024-11-29 05:29:31,776 [46c085ae-d173-483e-a797-bf073fdc6d33-groupManagement] INFO  server.RaftServerConfigKeys (ConfUtils.java:logGet(46)) - raft.server.log.purge.gap = 1000000 (custom)
2024-11-29 05:29:31,776 [46c085ae-d173-483e-a797-bf073fdc6d33-groupManagement] INFO  server.RaftServerConfigKeys (ConfUtils.java:logGet(46)) - raft.server.log.appender.buffer.byte-limit = 33554432 (custom)
2024-11-29 05:29:31,776 [46c085ae-d173-483e-a797-bf073fdc6d33-groupManagement] INFO  server.RaftServerConfigKeys (ConfUtils.java:logGet(46)) - raft.server.log.statemachine.data.read.timeout = 1000ms (default)
2024-11-29 05:29:31,776 [46c085ae-d173-483e-a797-bf073fdc6d33-groupManagement] INFO  server.RaftServerConfigKeys (ConfUtils.java:logGet(46)) - raft.server.log.purge.preservation.log.num = 0 (default)
2024-11-29 05:29:31,778 [46c085ae-d173-483e-a797-bf073fdc6d33-groupManagement] INFO  server.RaftServerConfigKeys (ConfUtils.java:logGet(46)) - raft.server.log.segment.size.max = 67108864 (custom)
2024-11-29 05:29:31,779 [46c085ae-d173-483e-a797-bf073fdc6d33-groupManagement] INFO  server.RaftServerConfigKeys (ConfUtils.java:logGet(46)) - raft.server.log.segment.cache.num.max = 2 (custom)
2024-11-29 05:29:31,779 [46c085ae-d173-483e-a797-bf073fdc6d33-groupManagement] INFO  server.RaftServerConfigKeys (ConfUtils.java:logGet(46)) - raft.server.log.segment.cache.size.max = 200MB (=209715200) (default)
2024-11-29 05:29:31,779 [46c085ae-d173-483e-a797-bf073fdc6d33-groupManagement] INFO  server.RaftServerConfigKeys (ConfUtils.java:logGet(46)) - raft.server.log.appender.buffer.byte-limit = 33554432 (custom)
2024-11-29 05:29:31,782 [46c085ae-d173-483e-a797-bf073fdc6d33-groupManagement] INFO  util.AwaitToRun (AwaitToRun.java:start(81)) - Thread[46c085ae-d173-483e-a797-bf073fdc6d33@group-BC39F70CEAC4-cacheEviction-AwaitToRun,5,main] started
2024-11-29 05:29:31,782 [46c085ae-d173-483e-a797-bf073fdc6d33-groupManagement] INFO  segmented.SegmentedRaftLogWorker (SegmentedRaftLogWorker.java:<init>(188)) - new 46c085ae-d173-483e-a797-bf073fdc6d33@group-BC39F70CEAC4-SegmentedRaftLogWorker for RaftStorageImpl:Storage Directory /home/runner/work/ozone/ozone/hadoop-ozone/integration-test/target/test-dir/MiniOzoneClusterImpl-61f21677-568d-49d7-a2ee-8a05247fe249/ozone-meta/datanode-3/ratis/46170460-0caf-4f19-bb73-bc39f70ceac4
2024-11-29 05:29:31,782 [46c085ae-d173-483e-a797-bf073fdc6d33-groupManagement] INFO  server.RaftServerConfigKeys (ConfUtils.java:logGet(46)) - raft.server.log.queue.byte-limit = 4294967296 (custom)
2024-11-29 05:29:31,783 [46c085ae-d173-483e-a797-bf073fdc6d33-groupManagement] INFO  server.RaftServerConfigKeys (ConfUtils.java:logGet(46)) - raft.server.log.queue.element-limit = 1024 (custom)
2024-11-29 05:29:31,783 [46c085ae-d173-483e-a797-bf073fdc6d33-groupManagement] INFO  server.RaftServerConfigKeys (ConfUtils.java:logGet(46)) - raft.server.log.segment.size.max = 67108864 (custom)
2024-11-29 05:29:31,783 [46c085ae-d173-483e-a797-bf073fdc6d33-groupManagement] INFO  server.RaftServerConfigKeys (ConfUtils.java:logGet(46)) - raft.server.log.preallocated.size = 4194304 (custom)
2024-11-29 05:29:31,783 [46c085ae-d173-483e-a797-bf073fdc6d33-groupManagement] INFO  server.RaftServerConfigKeys (ConfUtils.java:logGet(46)) - raft.server.log.force.sync.num = 128 (default)
2024-11-29 05:29:31,783 [46c085ae-d173-483e-a797-bf073fdc6d33-groupManagement] INFO  server.RaftServerConfigKeys (ConfUtils.java:logGet(46)) - raft.server.log.statemachine.data.sync = true (default)
2024-11-29 05:29:31,783 [46c085ae-d173-483e-a797-bf073fdc6d33-groupManagement] INFO  server.RaftServerConfigKeys (ConfUtils.java:logGet(46)) - raft.server.log.statemachine.data.sync.timeout = 10s (default)
2024-11-29 05:29:31,783 [46c085ae-d173-483e-a797-bf073fdc6d33-groupManagement] INFO  server.RaftServerConfigKeys (ConfUtils.java:logGet(46)) - raft.server.log.statemachine.data.sync.timeout.retry = 30 (custom)
2024-11-29 05:29:31,783 [46c085ae-d173-483e-a797-bf073fdc6d33-groupManagement] INFO  server.RaftServerConfigKeys (ConfUtils.java:logGet(46)) - raft.server.log.write.buffer.size = 33554440 (custom)
2024-11-29 05:29:31,791 [46c085ae-d173-483e-a797-bf073fdc6d33-groupManagement] INFO  server.RaftServerConfigKeys (ConfUtils.java:logGet(46)) - raft.server.log.appender.buffer.byte-limit = 33554432 (custom)
2024-11-29 05:29:31,792 [46c085ae-d173-483e-a797-bf073fdc6d33-groupManagement] INFO  server.RaftServerConfigKeys (ConfUtils.java:logGet(46)) - raft.server.log.unsafe-flush.enabled = false (default)
2024-11-29 05:29:31,792 [46c085ae-d173-483e-a797-bf073fdc6d33-groupManagement] INFO  server.RaftServerConfigKeys (ConfUtils.java:logGet(46)) - raft.server.log.async-flush.enabled = false (default)
2024-11-29 05:29:31,792 [46c085ae-d173-483e-a797-bf073fdc6d33-groupManagement] INFO  server.RaftServerConfigKeys (ConfUtils.java:logGet(46)) - raft.server.log.statemachine.data.caching.enabled = true (custom)
2024-11-29 05:29:31,792 [46c085ae-d173-483e-a797-bf073fdc6d33-groupManagement] INFO  segmented.SegmentedRaftLogWorker (SegmentedRaftLogWorker.java:lambda$new$0(139)) - 46c085ae-d173-483e-a797-bf073fdc6d33@group-BC39F70CEAC4-SegmentedRaftLogWorker: flushIndex: setUnconditionally 0 -> -1
2024-11-29 05:29:31,792 [46c085ae-d173-483e-a797-bf073fdc6d33-groupManagement] INFO  segmented.SegmentedRaftLogWorker (SegmentedRaftLogWorker.java:lambda$new$0(139)) - 46c085ae-d173-483e-a797-bf073fdc6d33@group-BC39F70CEAC4-SegmentedRaftLogWorker: safeCacheEvictIndex: setUnconditionally 0 -> -1
2024-11-29 05:29:31,792 [46c085ae-d173-483e-a797-bf073fdc6d33-groupManagement] INFO  server.RaftServer$Division (RaftServerImpl.java:start(391)) - 46c085ae-d173-483e-a797-bf073fdc6d33@group-BC39F70CEAC4: start as a follower, conf=conf: {index: -1, cur=peers:[9c663db8-fa21-4bd9-8dc4-4774c554fbc4|127.0.0.1:15012, 46c085ae-d173-483e-a797-bf073fdc6d33|127.0.0.1:15030, ca425215-81ee-42b3-84d9-8ded1157efea|127.0.0.1:15021]|listeners:[], old=null}
2024-11-29 05:29:31,793 [46c085ae-d173-483e-a797-bf073fdc6d33-groupManagement] INFO  server.RaftServer$Division (RaftServerImpl.java:setRole(378)) - 46c085ae-d173-483e-a797-bf073fdc6d33@group-BC39F70CEAC4: changes role from      null to FOLLOWER at term 0 for startAsFollower
2024-11-29 05:29:31,793 [46c085ae-d173-483e-a797-bf073fdc6d33-groupManagement] INFO  impl.RoleInfo (RoleInfo.java:updateAndGet(148)) - 46c085ae-d173-483e-a797-bf073fdc6d33: start 46c085ae-d173-483e-a797-bf073fdc6d33@group-BC39F70CEAC4-FollowerState
2024-11-29 05:29:31,793 [46c085ae-d173-483e-a797-bf073fdc6d33-groupManagement] INFO  util.JmxRegister (JmxRegister.java:tryRegister(44)) - Successfully registered JMX Bean with object name Ratis:service=RaftServer,group=group-BC39F70CEAC4,id=46c085ae-d173-483e-a797-bf073fdc6d33
2024-11-29 05:29:31,793 [46c085ae-d173-483e-a797-bf073fdc6d33-groupManagement] INFO  util.JmxRegister (JmxRegister.java:register(58)) - register mxBean class org.apache.ratis.server.impl.RaftServerJmxAdapter as Ratis:service=RaftServer,group=group-BC39F70CEAC4,id=46c085ae-d173-483e-a797-bf073fdc6d33
2024-11-29 05:29:31,793 [46c085ae-d173-483e-a797-bf073fdc6d33-groupManagement] INFO  server.RaftServerConfigKeys (ConfUtils.java:logGet(46)) - raft.server.snapshot.trigger-when-stop.enabled = true (default)
2024-11-29 05:29:31,793 [46c085ae-d173-483e-a797-bf073fdc6d33-groupManagement] INFO  server.RaftServerConfigKeys (ConfUtils.java:logGet(46)) - raft.server.snapshot.trigger-when-remove.enabled = true (default)
2024-11-29 05:29:31,793 [46c085ae-d173-483e-a797-bf073fdc6d33-groupManagement] INFO  server.RaftServerConfigKeys (ConfUtils.java:logGet(46)) - raft.server.snapshot.auto.trigger.enabled = true (custom)
2024-11-29 05:29:31,793 [46c085ae-d173-483e-a797-bf073fdc6d33-groupManagement] INFO  server.RaftServerConfigKeys (ConfUtils.java:logGet(46)) - raft.server.snapshot.auto.trigger.threshold = 100000 (custom)
2024-11-29 05:29:31,793 [46c085ae-d173-483e-a797-bf073fdc6d33-groupManagement] INFO  server.RaftServerConfigKeys (ConfUtils.java:logGet(46)) - raft.server.snapshot.retention.file.num = 5 (custom)
2024-11-29 05:29:31,794 [46c085ae-d173-483e-a797-bf073fdc6d33-groupManagement] INFO  server.RaftServerConfigKeys (ConfUtils.java:logGet(46)) - raft.server.log.purge.upto.snapshot.index = false (default)
2024-11-29 05:29:31,794 [46c085ae-d173-483e-a797-bf073fdc6d33@group-BC39F70CEAC4-FollowerState] INFO  server.RaftServerConfigKeys (ConfUtils.java:logFallback(53)) - raft.server.rpc.first-election.timeout.min = 5s (fallback to raft.server.rpc.timeout.min)
2024-11-29 05:29:31,795 [46c085ae-d173-483e-a797-bf073fdc6d33@group-BC39F70CEAC4-FollowerState] INFO  server.RaftServerConfigKeys (ConfUtils.java:logFallback(53)) - raft.server.rpc.first-election.timeout.max = 5200ms (fallback to raft.server.rpc.timeout.max)
2024-11-29 05:29:31,795 [ca425215-81ee-42b3-84d9-8ded1157efea-groupManagement] INFO  server.RaftServer$Division (RaftServerImpl.java:<init>(255)) - ca425215-81ee-42b3-84d9-8ded1157efea: new RaftServerImpl for group-0BB578D0F838:[9c663db8-fa21-4bd9-8dc4-4774c554fbc4|127.0.0.1:15012, 46c085ae-d173-483e-a797-bf073fdc6d33|127.0.0.1:15030, ca425215-81ee-42b3-84d9-8ded1157efea|127.0.0.1:15021] with ContainerStateMachine:uninitialized
2024-11-29 05:29:31,795 [ca425215-81ee-42b3-84d9-8ded1157efea-groupManagement] INFO  server.RaftServerConfigKeys (ConfUtils.java:logGet(46)) - raft.server.rpc.timeout.min = 5s (custom)
2024-11-29 05:29:31,795 [ca425215-81ee-42b3-84d9-8ded1157efea-groupManagement] INFO  server.RaftServerConfigKeys (ConfUtils.java:logGet(46)) - raft.server.rpc.timeout.max = 5200ms (custom)
2024-11-29 05:29:31,795 [ca425215-81ee-42b3-84d9-8ded1157efea-groupManagement] INFO  server.RaftServerConfigKeys (ConfUtils.java:logGet(46)) - raft.server.rpc.sleep.time = 25ms (default)
2024-11-29 05:29:31,795 [ca425215-81ee-42b3-84d9-8ded1157efea-groupManagement] INFO  server.RaftServerConfigKeys (ConfUtils.java:logGet(46)) - raft.server.rpc.slowness.timeout = 300s (custom)
2024-11-29 05:29:31,795 [ca425215-81ee-42b3-84d9-8ded1157efea-groupManagement] INFO  server.RaftServerConfigKeys (ConfUtils.java:logGet(46)) - raft.server.leaderelection.leader.step-down.wait-time = 10s (default)
2024-11-29 05:29:31,795 [ca425215-81ee-42b3-84d9-8ded1157efea-groupManagement] INFO  server.RaftServerConfigKeys (ConfUtils.java:logGet(46)) - raft.server.leaderelection.member.majority-add = false (default)
2024-11-29 05:29:31,795 [ca425215-81ee-42b3-84d9-8ded1157efea-groupManagement] INFO  server.RaftServerConfigKeys (ConfUtils.java:logGet(46)) - raft.server.sleep.deviation.threshold = 300ms (default)
2024-11-29 05:29:31,795 [ca425215-81ee-42b3-84d9-8ded1157efea-groupManagement] INFO  server.RaftServer$Division (ServerState.java:<init>(114)) - ca425215-81ee-42b3-84d9-8ded1157efea@group-0BB578D0F838: ConfigurationManager, init=conf: {index: -1, cur=peers:[9c663db8-fa21-4bd9-8dc4-4774c554fbc4|127.0.0.1:15012, 46c085ae-d173-483e-a797-bf073fdc6d33|127.0.0.1:15030, ca425215-81ee-42b3-84d9-8ded1157efea|127.0.0.1:15021]|listeners:[], old=null}, confs=<EMPTY_MAP>
2024-11-29 05:29:31,795 [ca425215-81ee-42b3-84d9-8ded1157efea-groupManagement] INFO  server.RaftServerConfigKeys (ConfUtils.java:logGet(46)) - raft.server.notification.no-leader.timeout = 300s (custom)
2024-11-29 05:29:31,795 [ca425215-81ee-42b3-84d9-8ded1157efea-groupManagement] INFO  server.RaftServerConfigKeys (ConfUtils.java:logGet(46)) - raft.server.read.timeout = 10s (default)
2024-11-29 05:29:31,795 [ca425215-81ee-42b3-84d9-8ded1157efea-groupManagement] INFO  server.RaftServerConfigKeys (ConfUtils.java:logGet(46)) - raft.server.retrycache.expirytime = 600000ms (custom)
2024-11-29 05:29:31,796 [ca425215-81ee-42b3-84d9-8ded1157efea-groupManagement] INFO  server.RaftServerConfigKeys (ConfUtils.java:logGet(46)) - raft.server.retrycache.statistics.expirytime = 100ms (default)
2024-11-29 05:29:31,796 [ca425215-81ee-42b3-84d9-8ded1157efea-groupManagement] INFO  server.RaftServerConfigKeys (ConfUtils.java:logGet(46)) - raft.server.read.option = DEFAULT (default)
2024-11-29 05:29:31,796 [ca425215-81ee-42b3-84d9-8ded1157efea-groupManagement] INFO  server.RaftServerConfigKeys (ConfUtils.java:logGet(46)) - raft.server.read.read-after-write-consistent.write-index-cache.expiry-time = 60s (default)
2024-11-29 05:29:31,793 [grpc-default-executor-1] INFO  server.RaftServer (RaftServerProxy.java:addNew(100)) - ca425215-81ee-42b3-84d9-8ded1157efea: addNew group-0BB578D0F838:[9c663db8-fa21-4bd9-8dc4-4774c554fbc4|127.0.0.1:15012, 46c085ae-d173-483e-a797-bf073fdc6d33|127.0.0.1:15030, ca425215-81ee-42b3-84d9-8ded1157efea|127.0.0.1:15021] returns group-0BB578D0F838:java.util.concurrent.CompletableFuture@33c4e29b[Not completed]
2024-11-29 05:29:31,798 [46c085ae-d173-483e-a797-bf073fdc6d33-groupManagement] INFO  server.RaftServer$Division (RaftServerImpl.java:start(405)) - 46c085ae-d173-483e-a797-bf073fdc6d33@group-BC39F70CEAC4: Successfully started.
2024-11-29 05:29:31,801 [ca425215-81ee-42b3-84d9-8ded1157efea-groupManagement] INFO  server.RaftServerConfigKeys (ConfUtils.java:logGet(46)) - raft.server.rpc.request.timeout = 60s (custom)
2024-11-29 05:29:31,802 [ca425215-81ee-42b3-84d9-8ded1157efea-groupManagement] INFO  server.RaftServerConfigKeys (ConfUtils.java:logGet(46)) - raft.server.log.appender.install.snapshot.enabled = false (custom)
2024-11-29 05:29:31,802 [ca425215-81ee-42b3-84d9-8ded1157efea-groupManagement] INFO  server.RaftServerConfigKeys (ConfUtils.java:logGet(46)) - raft.server.threadpool.server.cached = true (default)
2024-11-29 05:29:31,802 [ca425215-81ee-42b3-84d9-8ded1157efea-groupManagement] INFO  server.RaftServerConfigKeys (ConfUtils.java:logGet(46)) - raft.server.threadpool.server.size = 0 (default)
2024-11-29 05:29:31,802 [ca425215-81ee-42b3-84d9-8ded1157efea-groupManagement] INFO  server.RaftServerConfigKeys (ConfUtils.java:logGet(46)) - raft.server.threadpool.client.cached = true (default)
2024-11-29 05:29:31,802 [ca425215-81ee-42b3-84d9-8ded1157efea-groupManagement] INFO  server.RaftServerConfigKeys (ConfUtils.java:logGet(46)) - raft.server.threadpool.client.size = 0 (default)
2024-11-29 05:29:31,802 [ca425215-81ee-42b3-84d9-8ded1157efea-groupManagement] INFO  server.RaftServerConfigKeys (ConfUtils.java:logGet(46)) - raft.server.storage.free-space.min = 0MB (=0) (default)
2024-11-29 05:29:31,802 [ca425215-81ee-42b3-84d9-8ded1157efea-groupManagement] INFO  server.RaftServerConfigKeys (ConfUtils.java:logGet(46)) - raft.server.log.corruption.policy = EXCEPTION (default)
2024-11-29 05:29:31,802 [ca425215-81ee-42b3-84d9-8ded1157efea-groupManagement] INFO  server.RaftServerConfigKeys (ConfUtils.java:logGet(46)) - raft.server.storage.dir = [/home/runner/work/ozone/ozone/hadoop-ozone/integration-test/target/test-dir/MiniOzoneClusterImpl-61f21677-568d-49d7-a2ee-8a05247fe249/ozone-meta/datanode-2/ratis] (custom)
2024-11-29 05:29:31,802 [ca425215-81ee-42b3-84d9-8ded1157efea-groupManagement] INFO  storage.RaftStorageDirectory (RaftStorageDirectoryImpl.java:analyzeStorage(138)) - The storage directory /home/runner/work/ozone/ozone/hadoop-ozone/integration-test/target/test-dir/MiniOzoneClusterImpl-61f21677-568d-49d7-a2ee-8a05247fe249/ozone-meta/datanode-2/ratis/851931c3-7c0b-43cf-9467-0bb578d0f838 does not exist. Creating ...
2024-11-29 05:29:31,805 [ca425215-81ee-42b3-84d9-8ded1157efea-PipelineCommandHandlerThread-0] INFO  commandhandler.CreatePipelineCommandHandler (CreatePipelineCommandHandler.java:lambda$handle$2(129)) - Created Pipeline RATIS THREE PipelineID=46170460-0caf-4f19-bb73-bc39f70ceac4.
2024-11-29 05:29:31,806 [ca425215-81ee-42b3-84d9-8ded1157efea-groupManagement] INFO  storage.RaftStorageDirectory (RaftStorageDirectoryImpl.java:tryLock(229)) - Lock on /home/runner/work/ozone/ozone/hadoop-ozone/integration-test/target/test-dir/MiniOzoneClusterImpl-61f21677-568d-49d7-a2ee-8a05247fe249/ozone-meta/datanode-2/ratis/851931c3-7c0b-43cf-9467-0bb578d0f838/in_use.lock acquired by nodename 84584@fv-az1772-529
2024-11-29 05:29:31,807 [ca425215-81ee-42b3-84d9-8ded1157efea-groupManagement] INFO  storage.RaftStorage (RaftStorageImpl.java:format(98)) - Storage directory /home/runner/work/ozone/ozone/hadoop-ozone/integration-test/target/test-dir/MiniOzoneClusterImpl-61f21677-568d-49d7-a2ee-8a05247fe249/ozone-meta/datanode-2/ratis/851931c3-7c0b-43cf-9467-0bb578d0f838 has been successfully formatted.
2024-11-29 05:29:31,808 [ca425215-81ee-42b3-84d9-8ded1157efea-groupManagement] INFO  ratis.ContainerStateMachine (ContainerStateMachine.java:initialize(302)) - ca425215-81ee-42b3-84d9-8ded1157efea: initialize group-0BB578D0F838
2024-11-29 05:29:31,808 [ca425215-81ee-42b3-84d9-8ded1157efea-groupManagement] INFO  ratis.ContainerStateMachine (ContainerStateMachine.java:loadSnapshot(310)) - group-0BB578D0F838: The snapshot info is null. Setting the last applied index to:(t:0, i:~)
2024-11-29 05:29:31,808 [ca425215-81ee-42b3-84d9-8ded1157efea-groupManagement] INFO  server.RaftServerConfigKeys (ConfUtils.java:logGet(46)) - raft.server.log.use.memory = false (default)
2024-11-29 05:29:31,808 [ca425215-81ee-42b3-84d9-8ded1157efea-groupManagement] INFO  server.RaftServerConfigKeys (ConfUtils.java:logGet(46)) - raft.server.log.purge.gap = 1000000 (custom)
2024-11-29 05:29:31,808 [ca425215-81ee-42b3-84d9-8ded1157efea-groupManagement] INFO  server.RaftServerConfigKeys (ConfUtils.java:logGet(46)) - raft.server.log.appender.buffer.byte-limit = 33554432 (custom)
2024-11-29 05:29:31,808 [ca425215-81ee-42b3-84d9-8ded1157efea-groupManagement] INFO  server.RaftServerConfigKeys (ConfUtils.java:logGet(46)) - raft.server.log.statemachine.data.read.timeout = 1000ms (default)
2024-11-29 05:29:31,808 [ca425215-81ee-42b3-84d9-8ded1157efea-groupManagement] INFO  server.RaftServerConfigKeys (ConfUtils.java:logGet(46)) - raft.server.log.purge.preservation.log.num = 0 (default)
2024-11-29 05:29:31,811 [ca425215-81ee-42b3-84d9-8ded1157efea-groupManagement] INFO  server.RaftServerConfigKeys (ConfUtils.java:logGet(46)) - raft.server.log.segment.size.max = 67108864 (custom)
2024-11-29 05:29:31,811 [EventQueue-OpenPipelineForHealthyPipelineSafeModeRule] INFO  safemode.SCMSafeModeManager (HealthyPipelineSafeModeRule.java:process(140)) - SCM in safe mode. Healthy pipelines reported count is 0, required healthy pipeline reported count is 1
2024-11-29 05:29:31,811 [ca425215-81ee-42b3-84d9-8ded1157efea-groupManagement] INFO  server.RaftServerConfigKeys (ConfUtils.java:logGet(46)) - raft.server.log.segment.cache.num.max = 2 (custom)
2024-11-29 05:29:31,811 [ca425215-81ee-42b3-84d9-8ded1157efea-groupManagement] INFO  server.RaftServerConfigKeys (ConfUtils.java:logGet(46)) - raft.server.log.segment.cache.size.max = 200MB (=209715200) (default)
2024-11-29 05:29:31,811 [ca425215-81ee-42b3-84d9-8ded1157efea-groupManagement] INFO  server.RaftServerConfigKeys (ConfUtils.java:logGet(46)) - raft.server.log.appender.buffer.byte-limit = 33554432 (custom)
2024-11-29 05:29:31,812 [ca425215-81ee-42b3-84d9-8ded1157efea-groupManagement] INFO  util.AwaitToRun (AwaitToRun.java:start(81)) - Thread[ca425215-81ee-42b3-84d9-8ded1157efea@group-0BB578D0F838-cacheEviction-AwaitToRun,5,main] started
2024-11-29 05:29:31,813 [ca425215-81ee-42b3-84d9-8ded1157efea-groupManagement] INFO  segmented.SegmentedRaftLogWorker (SegmentedRaftLogWorker.java:<init>(188)) - new ca425215-81ee-42b3-84d9-8ded1157efea@group-0BB578D0F838-SegmentedRaftLogWorker for RaftStorageImpl:Storage Directory /home/runner/work/ozone/ozone/hadoop-ozone/integration-test/target/test-dir/MiniOzoneClusterImpl-61f21677-568d-49d7-a2ee-8a05247fe249/ozone-meta/datanode-2/ratis/851931c3-7c0b-43cf-9467-0bb578d0f838
2024-11-29 05:29:31,813 [ca425215-81ee-42b3-84d9-8ded1157efea-groupManagement] INFO  server.RaftServerConfigKeys (ConfUtils.java:logGet(46)) - raft.server.log.queue.byte-limit = 4294967296 (custom)
2024-11-29 05:29:31,814 [ca425215-81ee-42b3-84d9-8ded1157efea-groupManagement] INFO  server.RaftServerConfigKeys (ConfUtils.java:logGet(46)) - raft.server.log.queue.element-limit = 1024 (custom)
2024-11-29 05:29:31,814 [ca425215-81ee-42b3-84d9-8ded1157efea-groupManagement] INFO  server.RaftServerConfigKeys (ConfUtils.java:logGet(46)) - raft.server.log.segment.size.max = 67108864 (custom)
2024-11-29 05:29:31,814 [ca425215-81ee-42b3-84d9-8ded1157efea-groupManagement] INFO  server.RaftServerConfigKeys (ConfUtils.java:logGet(46)) - raft.server.log.preallocated.size = 4194304 (custom)
2024-11-29 05:29:31,814 [ca425215-81ee-42b3-84d9-8ded1157efea-groupManagement] INFO  server.RaftServerConfigKeys (ConfUtils.java:logGet(46)) - raft.server.log.force.sync.num = 128 (default)
2024-11-29 05:29:31,814 [ca425215-81ee-42b3-84d9-8ded1157efea-groupManagement] INFO  server.RaftServerConfigKeys (ConfUtils.java:logGet(46)) - raft.server.log.statemachine.data.sync = true (default)
2024-11-29 05:29:31,815 [ca425215-81ee-42b3-84d9-8ded1157efea-groupManagement] INFO  server.RaftServerConfigKeys (ConfUtils.java:logGet(46)) - raft.server.log.statemachine.data.sync.timeout = 10s (default)
2024-11-29 05:29:31,815 [ca425215-81ee-42b3-84d9-8ded1157efea-groupManagement] INFO  server.RaftServerConfigKeys (ConfUtils.java:logGet(46)) - raft.server.log.statemachine.data.sync.timeout.retry = 30 (custom)
2024-11-29 05:29:31,815 [ca425215-81ee-42b3-84d9-8ded1157efea-groupManagement] INFO  server.RaftServerConfigKeys (ConfUtils.java:logGet(46)) - raft.server.log.write.buffer.size = 33554440 (custom)
2024-11-29 05:29:31,820 [ca425215-81ee-42b3-84d9-8ded1157efea-groupManagement] INFO  server.RaftServerConfigKeys (ConfUtils.java:logGet(46)) - raft.server.log.appender.buffer.byte-limit = 33554432 (custom)
2024-11-29 05:29:31,820 [ca425215-81ee-42b3-84d9-8ded1157efea-groupManagement] INFO  server.RaftServerConfigKeys (ConfUtils.java:logGet(46)) - raft.server.log.unsafe-flush.enabled = false (default)
2024-11-29 05:29:31,820 [ca425215-81ee-42b3-84d9-8ded1157efea-groupManagement] INFO  server.RaftServerConfigKeys (ConfUtils.java:logGet(46)) - raft.server.log.async-flush.enabled = false (default)
2024-11-29 05:29:31,821 [ca425215-81ee-42b3-84d9-8ded1157efea-groupManagement] INFO  server.RaftServerConfigKeys (ConfUtils.java:logGet(46)) - raft.server.log.statemachine.data.caching.enabled = true (custom)
2024-11-29 05:29:31,821 [ca425215-81ee-42b3-84d9-8ded1157efea-groupManagement] INFO  segmented.SegmentedRaftLogWorker (SegmentedRaftLogWorker.java:lambda$new$0(139)) - ca425215-81ee-42b3-84d9-8ded1157efea@group-0BB578D0F838-SegmentedRaftLogWorker: flushIndex: setUnconditionally 0 -> -1
2024-11-29 05:29:31,821 [ca425215-81ee-42b3-84d9-8ded1157efea-groupManagement] INFO  segmented.SegmentedRaftLogWorker (SegmentedRaftLogWorker.java:lambda$new$0(139)) - ca425215-81ee-42b3-84d9-8ded1157efea@group-0BB578D0F838-SegmentedRaftLogWorker: safeCacheEvictIndex: setUnconditionally 0 -> -1
2024-11-29 05:29:31,821 [ca425215-81ee-42b3-84d9-8ded1157efea-groupManagement] INFO  server.RaftServer$Division (RaftServerImpl.java:start(391)) - ca425215-81ee-42b3-84d9-8ded1157efea@group-0BB578D0F838: start as a follower, conf=conf: {index: -1, cur=peers:[9c663db8-fa21-4bd9-8dc4-4774c554fbc4|127.0.0.1:15012, 46c085ae-d173-483e-a797-bf073fdc6d33|127.0.0.1:15030, ca425215-81ee-42b3-84d9-8ded1157efea|127.0.0.1:15021]|listeners:[], old=null}
2024-11-29 05:29:31,821 [ca425215-81ee-42b3-84d9-8ded1157efea-groupManagement] INFO  server.RaftServer$Division (RaftServerImpl.java:setRole(378)) - ca425215-81ee-42b3-84d9-8ded1157efea@group-0BB578D0F838: changes role from      null to FOLLOWER at term 0 for startAsFollower
2024-11-29 05:29:31,821 [ca425215-81ee-42b3-84d9-8ded1157efea-groupManagement] INFO  impl.RoleInfo (RoleInfo.java:updateAndGet(148)) - ca425215-81ee-42b3-84d9-8ded1157efea: start ca425215-81ee-42b3-84d9-8ded1157efea@group-0BB578D0F838-FollowerState
2024-11-29 05:29:31,822 [ca425215-81ee-42b3-84d9-8ded1157efea-groupManagement] INFO  util.JmxRegister (JmxRegister.java:tryRegister(44)) - Successfully registered JMX Bean with object name Ratis:service=RaftServer,group=group-0BB578D0F838,id=ca425215-81ee-42b3-84d9-8ded1157efea
2024-11-29 05:29:31,822 [ca425215-81ee-42b3-84d9-8ded1157efea-groupManagement] INFO  util.JmxRegister (JmxRegister.java:register(58)) - register mxBean class org.apache.ratis.server.impl.RaftServerJmxAdapter as Ratis:service=RaftServer,group=group-0BB578D0F838,id=ca425215-81ee-42b3-84d9-8ded1157efea
2024-11-29 05:29:31,822 [ca425215-81ee-42b3-84d9-8ded1157efea-groupManagement] INFO  server.RaftServerConfigKeys (ConfUtils.java:logGet(46)) - raft.server.snapshot.trigger-when-stop.enabled = true (default)
2024-11-29 05:29:31,822 [ca425215-81ee-42b3-84d9-8ded1157efea-groupManagement] INFO  server.RaftServerConfigKeys (ConfUtils.java:logGet(46)) - raft.server.snapshot.trigger-when-remove.enabled = true (default)
2024-11-29 05:29:31,822 [ca425215-81ee-42b3-84d9-8ded1157efea-groupManagement] INFO  server.RaftServerConfigKeys (ConfUtils.java:logGet(46)) - raft.server.snapshot.auto.trigger.enabled = true (custom)
2024-11-29 05:29:31,822 [ca425215-81ee-42b3-84d9-8ded1157efea-groupManagement] INFO  server.RaftServerConfigKeys (ConfUtils.java:logGet(46)) - raft.server.snapshot.auto.trigger.threshold = 100000 (custom)
2024-11-29 05:29:31,822 [ca425215-81ee-42b3-84d9-8ded1157efea-groupManagement] INFO  server.RaftServerConfigKeys (ConfUtils.java:logGet(46)) - raft.server.snapshot.retention.file.num = 5 (custom)
2024-11-29 05:29:31,822 [ca425215-81ee-42b3-84d9-8ded1157efea-groupManagement] INFO  server.RaftServerConfigKeys (ConfUtils.java:logGet(46)) - raft.server.log.purge.upto.snapshot.index = false (default)
2024-11-29 05:29:31,824 [ca425215-81ee-42b3-84d9-8ded1157efea@group-0BB578D0F838-FollowerState] INFO  server.RaftServerConfigKeys (ConfUtils.java:logFallback(53)) - raft.server.rpc.first-election.timeout.min = 5s (fallback to raft.server.rpc.timeout.min)
2024-11-29 05:29:31,824 [ca425215-81ee-42b3-84d9-8ded1157efea@group-0BB578D0F838-FollowerState] INFO  server.RaftServerConfigKeys (ConfUtils.java:logFallback(53)) - raft.server.rpc.first-election.timeout.max = 5200ms (fallback to raft.server.rpc.timeout.max)
2024-11-29 05:29:31,824 [ca425215-81ee-42b3-84d9-8ded1157efea-groupManagement] INFO  server.RaftServer$Division (RaftServerImpl.java:start(405)) - ca425215-81ee-42b3-84d9-8ded1157efea@group-0BB578D0F838: Successfully started.
2024-11-29 05:29:31,831 [9c663db8-fa21-4bd9-8dc4-4774c554fbc4-PipelineCommandHandlerThread-0] INFO  commandhandler.CreatePipelineCommandHandler (CreatePipelineCommandHandler.java:lambda$handle$2(129)) - Created Pipeline RATIS THREE PipelineID=851931c3-7c0b-43cf-9467-0bb578d0f838.
2024-11-29 05:29:31,858 [main] INFO  ozone.MiniOzoneClusterImpl (MiniOzoneClusterImpl.java:lambda$waitForClusterToBeReady$0(219)) - Nodes are ready. Got 5 of 5 DN Heartbeats.
2024-11-29 05:29:31,859 [main] INFO  ozone.MiniOzoneClusterImpl (MiniOzoneClusterImpl.java:lambda$waitForClusterToBeReady$0(222)) - Waiting for cluster to exit safe mode
2024-11-29 05:29:31,859 [main] INFO  ozone.MiniOzoneClusterImpl (MiniOzoneClusterImpl.java:lambda$waitForClusterToBeReady$0(224)) - SCM became leader
2024-11-29 05:29:31,974 [46c085ae-d173-483e-a797-bf073fdc6d33-groupManagement] INFO  server.RaftServer$Division (RaftServerImpl.java:<init>(255)) - 46c085ae-d173-483e-a797-bf073fdc6d33: new RaftServerImpl for group-1B7DA9A1FD1F:[46c085ae-d173-483e-a797-bf073fdc6d33|127.0.0.1:15030] with ContainerStateMachine:uninitialized
2024-11-29 05:29:31,974 [46c085ae-d173-483e-a797-bf073fdc6d33-groupManagement] INFO  server.RaftServerConfigKeys (ConfUtils.java:logGet(46)) - raft.server.rpc.timeout.min = 5s (custom)
2024-11-29 05:29:31,974 [46c085ae-d173-483e-a797-bf073fdc6d33-groupManagement] INFO  server.RaftServerConfigKeys (ConfUtils.java:logGet(46)) - raft.server.rpc.timeout.max = 5200ms (custom)
2024-11-29 05:29:31,974 [46c085ae-d173-483e-a797-bf073fdc6d33-groupManagement] INFO  server.RaftServerConfigKeys (ConfUtils.java:logGet(46)) - raft.server.rpc.sleep.time = 25ms (default)
2024-11-29 05:29:31,974 [46c085ae-d173-483e-a797-bf073fdc6d33-groupManagement] INFO  server.RaftServerConfigKeys (ConfUtils.java:logGet(46)) - raft.server.rpc.slowness.timeout = 300s (custom)
2024-11-29 05:29:31,974 [46c085ae-d173-483e-a797-bf073fdc6d33-groupManagement] INFO  server.RaftServerConfigKeys (ConfUtils.java:logGet(46)) - raft.server.leaderelection.leader.step-down.wait-time = 10s (default)
2024-11-29 05:29:31,975 [46c085ae-d173-483e-a797-bf073fdc6d33-groupManagement] INFO  server.RaftServerConfigKeys (ConfUtils.java:logGet(46)) - raft.server.leaderelection.member.majority-add = false (default)
2024-11-29 05:29:31,975 [46c085ae-d173-483e-a797-bf073fdc6d33-groupManagement] INFO  server.RaftServerConfigKeys (ConfUtils.java:logGet(46)) - raft.server.sleep.deviation.threshold = 300ms (default)
2024-11-29 05:29:31,975 [46c085ae-d173-483e-a797-bf073fdc6d33-groupManagement] INFO  server.RaftServer$Division (ServerState.java:<init>(114)) - 46c085ae-d173-483e-a797-bf073fdc6d33@group-1B7DA9A1FD1F: ConfigurationManager, init=conf: {index: -1, cur=peers:[46c085ae-d173-483e-a797-bf073fdc6d33|127.0.0.1:15030]|listeners:[], old=null}, confs=<EMPTY_MAP>
2024-11-29 05:29:31,975 [46c085ae-d173-483e-a797-bf073fdc6d33-groupManagement] INFO  server.RaftServerConfigKeys (ConfUtils.java:logGet(46)) - raft.server.notification.no-leader.timeout = 300s (custom)
2024-11-29 05:29:31,975 [46c085ae-d173-483e-a797-bf073fdc6d33-groupManagement] INFO  server.RaftServerConfigKeys (ConfUtils.java:logGet(46)) - raft.server.read.timeout = 10s (default)
2024-11-29 05:29:31,975 [46c085ae-d173-483e-a797-bf073fdc6d33-groupManagement] INFO  server.RaftServerConfigKeys (ConfUtils.java:logGet(46)) - raft.server.retrycache.expirytime = 600000ms (custom)
2024-11-29 05:29:31,975 [46c085ae-d173-483e-a797-bf073fdc6d33-groupManagement] INFO  server.RaftServerConfigKeys (ConfUtils.java:logGet(46)) - raft.server.retrycache.statistics.expirytime = 100ms (default)
2024-11-29 05:29:31,975 [46c085ae-d173-483e-a797-bf073fdc6d33-groupManagement] INFO  server.RaftServerConfigKeys (ConfUtils.java:logGet(46)) - raft.server.read.option = DEFAULT (default)
2024-11-29 05:29:31,975 [46c085ae-d173-483e-a797-bf073fdc6d33-groupManagement] INFO  server.RaftServerConfigKeys (ConfUtils.java:logGet(46)) - raft.server.read.read-after-write-consistent.write-index-cache.expiry-time = 60s (default)
2024-11-29 05:29:31,980 [46c085ae-d173-483e-a797-bf073fdc6d33-groupManagement] INFO  server.RaftServerConfigKeys (ConfUtils.java:logGet(46)) - raft.server.rpc.request.timeout = 60s (custom)
2024-11-29 05:29:31,980 [46c085ae-d173-483e-a797-bf073fdc6d33-groupManagement] INFO  server.RaftServerConfigKeys (ConfUtils.java:logGet(46)) - raft.server.log.appender.install.snapshot.enabled = false (custom)
2024-11-29 05:29:31,980 [46c085ae-d173-483e-a797-bf073fdc6d33-groupManagement] INFO  server.RaftServerConfigKeys (ConfUtils.java:logGet(46)) - raft.server.threadpool.server.cached = true (default)
2024-11-29 05:29:31,980 [46c085ae-d173-483e-a797-bf073fdc6d33-groupManagement] INFO  server.RaftServerConfigKeys (ConfUtils.java:logGet(46)) - raft.server.threadpool.server.size = 0 (default)
2024-11-29 05:29:31,980 [46c085ae-d173-483e-a797-bf073fdc6d33-groupManagement] INFO  server.RaftServerConfigKeys (ConfUtils.java:logGet(46)) - raft.server.threadpool.client.cached = true (default)
2024-11-29 05:29:31,980 [46c085ae-d173-483e-a797-bf073fdc6d33-groupManagement] INFO  server.RaftServerConfigKeys (ConfUtils.java:logGet(46)) - raft.server.threadpool.client.size = 0 (default)
2024-11-29 05:29:31,980 [46c085ae-d173-483e-a797-bf073fdc6d33-PipelineCommandHandlerThread-0] INFO  server.RaftServer (RaftServerProxy.java:addNew(100)) - 46c085ae-d173-483e-a797-bf073fdc6d33: addNew group-1B7DA9A1FD1F:[46c085ae-d173-483e-a797-bf073fdc6d33|127.0.0.1:15030] returns      null 46c085ae-d173-483e-a797-bf073fdc6d33@group-1B7DA9A1FD1F:t0, leader=null, voted=null, raftlog=UNINITIALIZED, conf=conf: {index: -1, cur=peers:[46c085ae-d173-483e-a797-bf073fdc6d33|127.0.0.1:15030]|listeners:[], old=null} NEW
2024-11-29 05:29:31,980 [46c085ae-d173-483e-a797-bf073fdc6d33-groupManagement] INFO  server.RaftServerConfigKeys (ConfUtils.java:logGet(46)) - raft.server.storage.free-space.min = 0MB (=0) (default)
2024-11-29 05:29:31,980 [46c085ae-d173-483e-a797-bf073fdc6d33-groupManagement] INFO  server.RaftServerConfigKeys (ConfUtils.java:logGet(46)) - raft.server.log.corruption.policy = EXCEPTION (default)
2024-11-29 05:29:31,980 [46c085ae-d173-483e-a797-bf073fdc6d33-groupManagement] INFO  server.RaftServerConfigKeys (ConfUtils.java:logGet(46)) - raft.server.storage.dir = [/home/runner/work/ozone/ozone/hadoop-ozone/integration-test/target/test-dir/MiniOzoneClusterImpl-61f21677-568d-49d7-a2ee-8a05247fe249/ozone-meta/datanode-3/ratis] (custom)
2024-11-29 05:29:31,981 [46c085ae-d173-483e-a797-bf073fdc6d33-groupManagement] INFO  storage.RaftStorageDirectory (RaftStorageDirectoryImpl.java:analyzeStorage(138)) - The storage directory /home/runner/work/ozone/ozone/hadoop-ozone/integration-test/target/test-dir/MiniOzoneClusterImpl-61f21677-568d-49d7-a2ee-8a05247fe249/ozone-meta/datanode-3/ratis/d5e1fa14-454c-4db5-98d3-1b7da9a1fd1f does not exist. Creating ...
2024-11-29 05:29:31,983 [46c085ae-d173-483e-a797-bf073fdc6d33-groupManagement] INFO  storage.RaftStorageDirectory (RaftStorageDirectoryImpl.java:tryLock(229)) - Lock on /home/runner/work/ozone/ozone/hadoop-ozone/integration-test/target/test-dir/MiniOzoneClusterImpl-61f21677-568d-49d7-a2ee-8a05247fe249/ozone-meta/datanode-3/ratis/d5e1fa14-454c-4db5-98d3-1b7da9a1fd1f/in_use.lock acquired by nodename 84584@fv-az1772-529
2024-11-29 05:29:31,984 [46c085ae-d173-483e-a797-bf073fdc6d33-groupManagement] INFO  storage.RaftStorage (RaftStorageImpl.java:format(98)) - Storage directory /home/runner/work/ozone/ozone/hadoop-ozone/integration-test/target/test-dir/MiniOzoneClusterImpl-61f21677-568d-49d7-a2ee-8a05247fe249/ozone-meta/datanode-3/ratis/d5e1fa14-454c-4db5-98d3-1b7da9a1fd1f has been successfully formatted.
2024-11-29 05:29:31,985 [46c085ae-d173-483e-a797-bf073fdc6d33-groupManagement] INFO  ratis.ContainerStateMachine (ContainerStateMachine.java:initialize(302)) - 46c085ae-d173-483e-a797-bf073fdc6d33: initialize group-1B7DA9A1FD1F
2024-11-29 05:29:31,985 [46c085ae-d173-483e-a797-bf073fdc6d33-groupManagement] INFO  ratis.ContainerStateMachine (ContainerStateMachine.java:loadSnapshot(310)) - group-1B7DA9A1FD1F: The snapshot info is null. Setting the last applied index to:(t:0, i:~)
2024-11-29 05:29:31,986 [46c085ae-d173-483e-a797-bf073fdc6d33-groupManagement] INFO  server.RaftServerConfigKeys (ConfUtils.java:logGet(46)) - raft.server.log.use.memory = false (default)
2024-11-29 05:29:31,986 [46c085ae-d173-483e-a797-bf073fdc6d33-groupManagement] INFO  server.RaftServerConfigKeys (ConfUtils.java:logGet(46)) - raft.server.log.purge.gap = 1000000 (custom)
2024-11-29 05:29:31,987 [46c085ae-d173-483e-a797-bf073fdc6d33-groupManagement] INFO  server.RaftServerConfigKeys (ConfUtils.java:logGet(46)) - raft.server.log.appender.buffer.byte-limit = 33554432 (custom)
2024-11-29 05:29:31,987 [46c085ae-d173-483e-a797-bf073fdc6d33-groupManagement] INFO  server.RaftServerConfigKeys (ConfUtils.java:logGet(46)) - raft.server.log.statemachine.data.read.timeout = 1000ms (default)
2024-11-29 05:29:31,987 [46c085ae-d173-483e-a797-bf073fdc6d33-groupManagement] INFO  server.RaftServerConfigKeys (ConfUtils.java:logGet(46)) - raft.server.log.purge.preservation.log.num = 0 (default)
2024-11-29 05:29:31,988 [EventQueue-PipelineReportForPipelineReportHandler] INFO  pipeline.PipelineReportHandler (PipelineReportHandler.java:processPipelineReport(147)) - Opened pipeline PipelineID=d5e1fa14-454c-4db5-98d3-1b7da9a1fd1f
2024-11-29 05:29:31,988 [EventQueue-OpenPipelineForHealthyPipelineSafeModeRule] INFO  safemode.SCMSafeModeManager (HealthyPipelineSafeModeRule.java:process(140)) - SCM in safe mode. Healthy pipelines reported count is 0, required healthy pipeline reported count is 1
2024-11-29 05:29:31,990 [46c085ae-d173-483e-a797-bf073fdc6d33-groupManagement] INFO  server.RaftServerConfigKeys (ConfUtils.java:logGet(46)) - raft.server.log.segment.size.max = 67108864 (custom)
2024-11-29 05:29:31,990 [46c085ae-d173-483e-a797-bf073fdc6d33-groupManagement] INFO  server.RaftServerConfigKeys (ConfUtils.java:logGet(46)) - raft.server.log.segment.cache.num.max = 2 (custom)
2024-11-29 05:29:31,990 [46c085ae-d173-483e-a797-bf073fdc6d33-groupManagement] INFO  server.RaftServerConfigKeys (ConfUtils.java:logGet(46)) - raft.server.log.segment.cache.size.max = 200MB (=209715200) (default)
2024-11-29 05:29:31,990 [46c085ae-d173-483e-a797-bf073fdc6d33-groupManagement] INFO  server.RaftServerConfigKeys (ConfUtils.java:logGet(46)) - raft.server.log.appender.buffer.byte-limit = 33554432 (custom)
2024-11-29 05:29:31,991 [46c085ae-d173-483e-a797-bf073fdc6d33-groupManagement] INFO  util.AwaitToRun (AwaitToRun.java:start(81)) - Thread[46c085ae-d173-483e-a797-bf073fdc6d33@group-1B7DA9A1FD1F-cacheEviction-AwaitToRun,5,main] started
2024-11-29 05:29:31,991 [46c085ae-d173-483e-a797-bf073fdc6d33-groupManagement] INFO  segmented.SegmentedRaftLogWorker (SegmentedRaftLogWorker.java:<init>(188)) - new 46c085ae-d173-483e-a797-bf073fdc6d33@group-1B7DA9A1FD1F-SegmentedRaftLogWorker for RaftStorageImpl:Storage Directory /home/runner/work/ozone/ozone/hadoop-ozone/integration-test/target/test-dir/MiniOzoneClusterImpl-61f21677-568d-49d7-a2ee-8a05247fe249/ozone-meta/datanode-3/ratis/d5e1fa14-454c-4db5-98d3-1b7da9a1fd1f
2024-11-29 05:29:31,991 [46c085ae-d173-483e-a797-bf073fdc6d33-groupManagement] INFO  server.RaftServerConfigKeys (ConfUtils.java:logGet(46)) - raft.server.log.queue.byte-limit = 4294967296 (custom)
2024-11-29 05:29:31,991 [46c085ae-d173-483e-a797-bf073fdc6d33-groupManagement] INFO  server.RaftServerConfigKeys (ConfUtils.java:logGet(46)) - raft.server.log.queue.element-limit = 1024 (custom)
2024-11-29 05:29:31,991 [46c085ae-d173-483e-a797-bf073fdc6d33-groupManagement] INFO  server.RaftServerConfigKeys (ConfUtils.java:logGet(46)) - raft.server.log.segment.size.max = 67108864 (custom)
2024-11-29 05:29:31,991 [46c085ae-d173-483e-a797-bf073fdc6d33-groupManagement] INFO  server.RaftServerConfigKeys (ConfUtils.java:logGet(46)) - raft.server.log.preallocated.size = 4194304 (custom)
2024-11-29 05:29:31,991 [46c085ae-d173-483e-a797-bf073fdc6d33-groupManagement] INFO  server.RaftServerConfigKeys (ConfUtils.java:logGet(46)) - raft.server.log.force.sync.num = 128 (default)
2024-11-29 05:29:31,991 [46c085ae-d173-483e-a797-bf073fdc6d33-groupManagement] INFO  server.RaftServerConfigKeys (ConfUtils.java:logGet(46)) - raft.server.log.statemachine.data.sync = true (default)
2024-11-29 05:29:31,991 [46c085ae-d173-483e-a797-bf073fdc6d33-groupManagement] INFO  server.RaftServerConfigKeys (ConfUtils.java:logGet(46)) - raft.server.log.statemachine.data.sync.timeout = 10s (default)
2024-11-29 05:29:31,991 [46c085ae-d173-483e-a797-bf073fdc6d33-groupManagement] INFO  server.RaftServerConfigKeys (ConfUtils.java:logGet(46)) - raft.server.log.statemachine.data.sync.timeout.retry = 30 (custom)
2024-11-29 05:29:31,992 [46c085ae-d173-483e-a797-bf073fdc6d33-groupManagement] INFO  server.RaftServerConfigKeys (ConfUtils.java:logGet(46)) - raft.server.log.write.buffer.size = 33554440 (custom)
2024-11-29 05:29:31,999 [46c085ae-d173-483e-a797-bf073fdc6d33-groupManagement] INFO  server.RaftServerConfigKeys (ConfUtils.java:logGet(46)) - raft.server.log.appender.buffer.byte-limit = 33554432 (custom)
2024-11-29 05:29:32,000 [46c085ae-d173-483e-a797-bf073fdc6d33-groupManagement] INFO  server.RaftServerConfigKeys (ConfUtils.java:logGet(46)) - raft.server.log.unsafe-flush.enabled = false (default)
2024-11-29 05:29:32,000 [46c085ae-d173-483e-a797-bf073fdc6d33-groupManagement] INFO  server.RaftServerConfigKeys (ConfUtils.java:logGet(46)) - raft.server.log.async-flush.enabled = false (default)
2024-11-29 05:29:32,000 [46c085ae-d173-483e-a797-bf073fdc6d33-groupManagement] INFO  server.RaftServerConfigKeys (ConfUtils.java:logGet(46)) - raft.server.log.statemachine.data.caching.enabled = true (custom)
2024-11-29 05:29:32,000 [46c085ae-d173-483e-a797-bf073fdc6d33-groupManagement] INFO  segmented.SegmentedRaftLogWorker (SegmentedRaftLogWorker.java:lambda$new$0(139)) - 46c085ae-d173-483e-a797-bf073fdc6d33@group-1B7DA9A1FD1F-SegmentedRaftLogWorker: flushIndex: setUnconditionally 0 -> -1
2024-11-29 05:29:32,000 [46c085ae-d173-483e-a797-bf073fdc6d33-groupManagement] INFO  segmented.SegmentedRaftLogWorker (SegmentedRaftLogWorker.java:lambda$new$0(139)) - 46c085ae-d173-483e-a797-bf073fdc6d33@group-1B7DA9A1FD1F-SegmentedRaftLogWorker: safeCacheEvictIndex: setUnconditionally 0 -> -1
2024-11-29 05:29:32,002 [46c085ae-d173-483e-a797-bf073fdc6d33-groupManagement] INFO  server.RaftServer$Division (RaftServerImpl.java:start(391)) - 46c085ae-d173-483e-a797-bf073fdc6d33@group-1B7DA9A1FD1F: start as a follower, conf=conf: {index: -1, cur=peers:[46c085ae-d173-483e-a797-bf073fdc6d33|127.0.0.1:15030]|listeners:[], old=null}
2024-11-29 05:29:32,003 [46c085ae-d173-483e-a797-bf073fdc6d33-groupManagement] INFO  server.RaftServer$Division (RaftServerImpl.java:setRole(378)) - 46c085ae-d173-483e-a797-bf073fdc6d33@group-1B7DA9A1FD1F: changes role from      null to FOLLOWER at term 0 for startAsFollower
2024-11-29 05:29:32,003 [46c085ae-d173-483e-a797-bf073fdc6d33-groupManagement] INFO  impl.RoleInfo (RoleInfo.java:updateAndGet(148)) - 46c085ae-d173-483e-a797-bf073fdc6d33: start 46c085ae-d173-483e-a797-bf073fdc6d33@group-1B7DA9A1FD1F-FollowerState
2024-11-29 05:29:32,003 [46c085ae-d173-483e-a797-bf073fdc6d33-groupManagement] INFO  util.JmxRegister (JmxRegister.java:tryRegister(44)) - Successfully registered JMX Bean with object name Ratis:service=RaftServer,group=group-1B7DA9A1FD1F,id=46c085ae-d173-483e-a797-bf073fdc6d33
2024-11-29 05:29:32,003 [46c085ae-d173-483e-a797-bf073fdc6d33-groupManagement] INFO  util.JmxRegister (JmxRegister.java:register(58)) - register mxBean class org.apache.ratis.server.impl.RaftServerJmxAdapter as Ratis:service=RaftServer,group=group-1B7DA9A1FD1F,id=46c085ae-d173-483e-a797-bf073fdc6d33
2024-11-29 05:29:32,003 [46c085ae-d173-483e-a797-bf073fdc6d33-groupManagement] INFO  server.RaftServerConfigKeys (ConfUtils.java:logGet(46)) - raft.server.snapshot.trigger-when-stop.enabled = true (default)
2024-11-29 05:29:32,003 [46c085ae-d173-483e-a797-bf073fdc6d33-groupManagement] INFO  server.RaftServerConfigKeys (ConfUtils.java:logGet(46)) - raft.server.snapshot.trigger-when-remove.enabled = true (default)
2024-11-29 05:29:32,003 [46c085ae-d173-483e-a797-bf073fdc6d33-groupManagement] INFO  server.RaftServerConfigKeys (ConfUtils.java:logGet(46)) - raft.server.snapshot.auto.trigger.enabled = true (custom)
2024-11-29 05:29:32,003 [46c085ae-d173-483e-a797-bf073fdc6d33-groupManagement] INFO  server.RaftServerConfigKeys (ConfUtils.java:logGet(46)) - raft.server.snapshot.auto.trigger.threshold = 100000 (custom)
2024-11-29 05:29:32,003 [46c085ae-d173-483e-a797-bf073fdc6d33-groupManagement] INFO  server.RaftServerConfigKeys (ConfUtils.java:logGet(46)) - raft.server.snapshot.retention.file.num = 5 (custom)
2024-11-29 05:29:32,003 [46c085ae-d173-483e-a797-bf073fdc6d33-groupManagement] INFO  server.RaftServerConfigKeys (ConfUtils.java:logGet(46)) - raft.server.log.purge.upto.snapshot.index = false (default)
2024-11-29 05:29:32,005 [46c085ae-d173-483e-a797-bf073fdc6d33@group-1B7DA9A1FD1F-FollowerState] INFO  server.RaftServerConfigKeys (ConfUtils.java:logFallback(53)) - raft.server.rpc.first-election.timeout.min = 5s (fallback to raft.server.rpc.timeout.min)
2024-11-29 05:29:32,005 [46c085ae-d173-483e-a797-bf073fdc6d33@group-1B7DA9A1FD1F-FollowerState] INFO  server.RaftServerConfigKeys (ConfUtils.java:logFallback(53)) - raft.server.rpc.first-election.timeout.max = 5200ms (fallback to raft.server.rpc.timeout.max)
2024-11-29 05:29:32,005 [46c085ae-d173-483e-a797-bf073fdc6d33-groupManagement] INFO  server.RaftServer$Division (RaftServerImpl.java:start(405)) - 46c085ae-d173-483e-a797-bf073fdc6d33@group-1B7DA9A1FD1F: Successfully started.
2024-11-29 05:29:32,006 [46c085ae-d173-483e-a797-bf073fdc6d33-PipelineCommandHandlerThread-0] INFO  ratis.XceiverServerRatis (XceiverServerRatis.java:addGroup(844)) - Created group PipelineID=d5e1fa14-454c-4db5-98d3-1b7da9a1fd1f
2024-11-29 05:29:32,006 [46c085ae-d173-483e-a797-bf073fdc6d33-PipelineCommandHandlerThread-0] INFO  commandhandler.CreatePipelineCommandHandler (CreatePipelineCommandHandler.java:lambda$handle$2(129)) - Created Pipeline RATIS ONE PipelineID=d5e1fa14-454c-4db5-98d3-1b7da9a1fd1f.
2024-11-29 05:29:32,499 [82107b5c-a456-4cce-866c-b79ad2953fda-PipelineCommandHandlerThread-0] INFO  server.RaftServer (RaftServerProxy.java:addNew(100)) - 82107b5c-a456-4cce-866c-b79ad2953fda: addNew group-848028536F21:[82107b5c-a456-4cce-866c-b79ad2953fda|127.0.0.1:15039] returns group-848028536F21:java.util.concurrent.CompletableFuture@6da41207[Not completed]
2024-11-29 05:29:32,501 [82107b5c-a456-4cce-866c-b79ad2953fda-groupManagement] INFO  server.RaftServer$Division (RaftServerImpl.java:<init>(255)) - 82107b5c-a456-4cce-866c-b79ad2953fda: new RaftServerImpl for group-848028536F21:[82107b5c-a456-4cce-866c-b79ad2953fda|127.0.0.1:15039] with ContainerStateMachine:uninitialized
2024-11-29 05:29:32,501 [82107b5c-a456-4cce-866c-b79ad2953fda-groupManagement] INFO  server.RaftServerConfigKeys (ConfUtils.java:logGet(46)) - raft.server.rpc.timeout.min = 5s (custom)
2024-11-29 05:29:32,501 [82107b5c-a456-4cce-866c-b79ad2953fda-groupManagement] INFO  server.RaftServerConfigKeys (ConfUtils.java:logGet(46)) - raft.server.rpc.timeout.max = 5200ms (custom)
2024-11-29 05:29:32,501 [82107b5c-a456-4cce-866c-b79ad2953fda-groupManagement] INFO  server.RaftServerConfigKeys (ConfUtils.java:logGet(46)) - raft.server.rpc.sleep.time = 25ms (default)
2024-11-29 05:29:32,501 [82107b5c-a456-4cce-866c-b79ad2953fda-groupManagement] INFO  server.RaftServerConfigKeys (ConfUtils.java:logGet(46)) - raft.server.rpc.slowness.timeout = 300s (custom)
2024-11-29 05:29:32,501 [82107b5c-a456-4cce-866c-b79ad2953fda-groupManagement] INFO  server.RaftServerConfigKeys (ConfUtils.java:logGet(46)) - raft.server.leaderelection.leader.step-down.wait-time = 10s (default)
2024-11-29 05:29:32,501 [82107b5c-a456-4cce-866c-b79ad2953fda-groupManagement] INFO  server.RaftServerConfigKeys (ConfUtils.java:logGet(46)) - raft.server.leaderelection.member.majority-add = false (default)
2024-11-29 05:29:32,501 [82107b5c-a456-4cce-866c-b79ad2953fda-groupManagement] INFO  server.RaftServerConfigKeys (ConfUtils.java:logGet(46)) - raft.server.sleep.deviation.threshold = 300ms (default)
2024-11-29 05:29:32,502 [82107b5c-a456-4cce-866c-b79ad2953fda-groupManagement] INFO  server.RaftServer$Division (ServerState.java:<init>(114)) - 82107b5c-a456-4cce-866c-b79ad2953fda@group-848028536F21: ConfigurationManager, init=conf: {index: -1, cur=peers:[82107b5c-a456-4cce-866c-b79ad2953fda|127.0.0.1:15039]|listeners:[], old=null}, confs=<EMPTY_MAP>
2024-11-29 05:29:32,502 [82107b5c-a456-4cce-866c-b79ad2953fda-groupManagement] INFO  server.RaftServerConfigKeys (ConfUtils.java:logGet(46)) - raft.server.notification.no-leader.timeout = 300s (custom)
2024-11-29 05:29:32,502 [82107b5c-a456-4cce-866c-b79ad2953fda-groupManagement] INFO  server.RaftServerConfigKeys (ConfUtils.java:logGet(46)) - raft.server.read.timeout = 10s (default)
2024-11-29 05:29:32,502 [82107b5c-a456-4cce-866c-b79ad2953fda-groupManagement] INFO  server.RaftServerConfigKeys (ConfUtils.java:logGet(46)) - raft.server.retrycache.expirytime = 600000ms (custom)
2024-11-29 05:29:32,502 [82107b5c-a456-4cce-866c-b79ad2953fda-groupManagement] INFO  server.RaftServerConfigKeys (ConfUtils.java:logGet(46)) - raft.server.retrycache.statistics.expirytime = 100ms (default)
2024-11-29 05:29:32,502 [82107b5c-a456-4cce-866c-b79ad2953fda-groupManagement] INFO  server.RaftServerConfigKeys (ConfUtils.java:logGet(46)) - raft.server.read.option = DEFAULT (default)
2024-11-29 05:29:32,502 [82107b5c-a456-4cce-866c-b79ad2953fda-groupManagement] INFO  server.RaftServerConfigKeys (ConfUtils.java:logGet(46)) - raft.server.read.read-after-write-consistent.write-index-cache.expiry-time = 60s (default)
2024-11-29 05:29:32,507 [82107b5c-a456-4cce-866c-b79ad2953fda-groupManagement] INFO  server.RaftServerConfigKeys (ConfUtils.java:logGet(46)) - raft.server.rpc.request.timeout = 60s (custom)
2024-11-29 05:29:32,507 [82107b5c-a456-4cce-866c-b79ad2953fda-groupManagement] INFO  server.RaftServerConfigKeys (ConfUtils.java:logGet(46)) - raft.server.log.appender.install.snapshot.enabled = false (custom)
2024-11-29 05:29:32,507 [82107b5c-a456-4cce-866c-b79ad2953fda-groupManagement] INFO  server.RaftServerConfigKeys (ConfUtils.java:logGet(46)) - raft.server.threadpool.server.cached = true (default)
2024-11-29 05:29:32,507 [82107b5c-a456-4cce-866c-b79ad2953fda-groupManagement] INFO  server.RaftServerConfigKeys (ConfUtils.java:logGet(46)) - raft.server.threadpool.server.size = 0 (default)
2024-11-29 05:29:32,507 [82107b5c-a456-4cce-866c-b79ad2953fda-groupManagement] INFO  server.RaftServerConfigKeys (ConfUtils.java:logGet(46)) - raft.server.threadpool.client.cached = true (default)
2024-11-29 05:29:32,508 [82107b5c-a456-4cce-866c-b79ad2953fda-groupManagement] INFO  server.RaftServerConfigKeys (ConfUtils.java:logGet(46)) - raft.server.threadpool.client.size = 0 (default)
2024-11-29 05:29:32,508 [82107b5c-a456-4cce-866c-b79ad2953fda-groupManagement] INFO  server.RaftServerConfigKeys (ConfUtils.java:logGet(46)) - raft.server.storage.free-space.min = 0MB (=0) (default)
2024-11-29 05:29:32,508 [82107b5c-a456-4cce-866c-b79ad2953fda-groupManagement] INFO  server.RaftServerConfigKeys (ConfUtils.java:logGet(46)) - raft.server.log.corruption.policy = EXCEPTION (default)
2024-11-29 05:29:32,508 [82107b5c-a456-4cce-866c-b79ad2953fda-groupManagement] INFO  server.RaftServerConfigKeys (ConfUtils.java:logGet(46)) - raft.server.storage.dir = [/home/runner/work/ozone/ozone/hadoop-ozone/integration-test/target/test-dir/MiniOzoneClusterImpl-61f21677-568d-49d7-a2ee-8a05247fe249/ozone-meta/datanode-4/ratis] (custom)
2024-11-29 05:29:32,508 [82107b5c-a456-4cce-866c-b79ad2953fda-groupManagement] INFO  storage.RaftStorageDirectory (RaftStorageDirectoryImpl.java:analyzeStorage(138)) - The storage directory /home/runner/work/ozone/ozone/hadoop-ozone/integration-test/target/test-dir/MiniOzoneClusterImpl-61f21677-568d-49d7-a2ee-8a05247fe249/ozone-meta/datanode-4/ratis/575f7978-d042-4a0f-b980-848028536f21 does not exist. Creating ...
2024-11-29 05:29:32,509 [82107b5c-a456-4cce-866c-b79ad2953fda-groupManagement] INFO  storage.RaftStorageDirectory (RaftStorageDirectoryImpl.java:tryLock(229)) - Lock on /home/runner/work/ozone/ozone/hadoop-ozone/integration-test/target/test-dir/MiniOzoneClusterImpl-61f21677-568d-49d7-a2ee-8a05247fe249/ozone-meta/datanode-4/ratis/575f7978-d042-4a0f-b980-848028536f21/in_use.lock acquired by nodename 84584@fv-az1772-529
2024-11-29 05:29:32,511 [82107b5c-a456-4cce-866c-b79ad2953fda-groupManagement] INFO  storage.RaftStorage (RaftStorageImpl.java:format(98)) - Storage directory /home/runner/work/ozone/ozone/hadoop-ozone/integration-test/target/test-dir/MiniOzoneClusterImpl-61f21677-568d-49d7-a2ee-8a05247fe249/ozone-meta/datanode-4/ratis/575f7978-d042-4a0f-b980-848028536f21 has been successfully formatted.
2024-11-29 05:29:32,511 [82107b5c-a456-4cce-866c-b79ad2953fda-groupManagement] INFO  ratis.ContainerStateMachine (ContainerStateMachine.java:initialize(302)) - 82107b5c-a456-4cce-866c-b79ad2953fda: initialize group-848028536F21
2024-11-29 05:29:32,511 [82107b5c-a456-4cce-866c-b79ad2953fda-groupManagement] INFO  ratis.ContainerStateMachine (ContainerStateMachine.java:loadSnapshot(310)) - group-848028536F21: The snapshot info is null. Setting the last applied index to:(t:0, i:~)
2024-11-29 05:29:32,511 [82107b5c-a456-4cce-866c-b79ad2953fda-groupManagement] INFO  server.RaftServerConfigKeys (ConfUtils.java:logGet(46)) - raft.server.log.use.memory = false (default)
2024-11-29 05:29:32,511 [82107b5c-a456-4cce-866c-b79ad2953fda-groupManagement] INFO  server.RaftServerConfigKeys (ConfUtils.java:logGet(46)) - raft.server.log.purge.gap = 1000000 (custom)
2024-11-29 05:29:32,511 [82107b5c-a456-4cce-866c-b79ad2953fda-groupManagement] INFO  server.RaftServerConfigKeys (ConfUtils.java:logGet(46)) - raft.server.log.appender.buffer.byte-limit = 33554432 (custom)
2024-11-29 05:29:32,512 [82107b5c-a456-4cce-866c-b79ad2953fda-groupManagement] INFO  server.RaftServerConfigKeys (ConfUtils.java:logGet(46)) - raft.server.log.statemachine.data.read.timeout = 1000ms (default)
2024-11-29 05:29:32,512 [82107b5c-a456-4cce-866c-b79ad2953fda-groupManagement] INFO  server.RaftServerConfigKeys (ConfUtils.java:logGet(46)) - raft.server.log.purge.preservation.log.num = 0 (default)
2024-11-29 05:29:32,513 [EventQueue-PipelineReportForPipelineReportHandler] INFO  pipeline.PipelineReportHandler (PipelineReportHandler.java:processPipelineReport(147)) - Opened pipeline PipelineID=575f7978-d042-4a0f-b980-848028536f21
2024-11-29 05:29:32,513 [EventQueue-OpenPipelineForHealthyPipelineSafeModeRule] INFO  safemode.SCMSafeModeManager (HealthyPipelineSafeModeRule.java:process(140)) - SCM in safe mode. Healthy pipelines reported count is 0, required healthy pipeline reported count is 1
2024-11-29 05:29:32,516 [82107b5c-a456-4cce-866c-b79ad2953fda-groupManagement] INFO  server.RaftServerConfigKeys (ConfUtils.java:logGet(46)) - raft.server.log.segment.size.max = 67108864 (custom)
2024-11-29 05:29:32,516 [82107b5c-a456-4cce-866c-b79ad2953fda-groupManagement] INFO  server.RaftServerConfigKeys (ConfUtils.java:logGet(46)) - raft.server.log.segment.cache.num.max = 2 (custom)
2024-11-29 05:29:32,516 [82107b5c-a456-4cce-866c-b79ad2953fda-groupManagement] INFO  server.RaftServerConfigKeys (ConfUtils.java:logGet(46)) - raft.server.log.segment.cache.size.max = 200MB (=209715200) (default)
2024-11-29 05:29:32,516 [82107b5c-a456-4cce-866c-b79ad2953fda-groupManagement] INFO  server.RaftServerConfigKeys (ConfUtils.java:logGet(46)) - raft.server.log.appender.buffer.byte-limit = 33554432 (custom)
2024-11-29 05:29:32,517 [82107b5c-a456-4cce-866c-b79ad2953fda-groupManagement] INFO  util.AwaitToRun (AwaitToRun.java:start(81)) - Thread[82107b5c-a456-4cce-866c-b79ad2953fda@group-848028536F21-cacheEviction-AwaitToRun,5,main] started
2024-11-29 05:29:32,517 [82107b5c-a456-4cce-866c-b79ad2953fda-groupManagement] INFO  segmented.SegmentedRaftLogWorker (SegmentedRaftLogWorker.java:<init>(188)) - new 82107b5c-a456-4cce-866c-b79ad2953fda@group-848028536F21-SegmentedRaftLogWorker for RaftStorageImpl:Storage Directory /home/runner/work/ozone/ozone/hadoop-ozone/integration-test/target/test-dir/MiniOzoneClusterImpl-61f21677-568d-49d7-a2ee-8a05247fe249/ozone-meta/datanode-4/ratis/575f7978-d042-4a0f-b980-848028536f21
2024-11-29 05:29:32,517 [82107b5c-a456-4cce-866c-b79ad2953fda-groupManagement] INFO  server.RaftServerConfigKeys (ConfUtils.java:logGet(46)) - raft.server.log.queue.byte-limit = 4294967296 (custom)
2024-11-29 05:29:32,517 [82107b5c-a456-4cce-866c-b79ad2953fda-groupManagement] INFO  server.RaftServerConfigKeys (ConfUtils.java:logGet(46)) - raft.server.log.queue.element-limit = 1024 (custom)
2024-11-29 05:29:32,517 [82107b5c-a456-4cce-866c-b79ad2953fda-groupManagement] INFO  server.RaftServerConfigKeys (ConfUtils.java:logGet(46)) - raft.server.log.segment.size.max = 67108864 (custom)
2024-11-29 05:29:32,517 [82107b5c-a456-4cce-866c-b79ad2953fda-groupManagement] INFO  server.RaftServerConfigKeys (ConfUtils.java:logGet(46)) - raft.server.log.preallocated.size = 4194304 (custom)
2024-11-29 05:29:32,517 [82107b5c-a456-4cce-866c-b79ad2953fda-groupManagement] INFO  server.RaftServerConfigKeys (ConfUtils.java:logGet(46)) - raft.server.log.force.sync.num = 128 (default)
2024-11-29 05:29:32,517 [82107b5c-a456-4cce-866c-b79ad2953fda-groupManagement] INFO  server.RaftServerConfigKeys (ConfUtils.java:logGet(46)) - raft.server.log.statemachine.data.sync = true (default)
2024-11-29 05:29:32,517 [82107b5c-a456-4cce-866c-b79ad2953fda-groupManagement] INFO  server.RaftServerConfigKeys (ConfUtils.java:logGet(46)) - raft.server.log.statemachine.data.sync.timeout = 10s (default)
2024-11-29 05:29:32,517 [82107b5c-a456-4cce-866c-b79ad2953fda-groupManagement] INFO  server.RaftServerConfigKeys (ConfUtils.java:logGet(46)) - raft.server.log.statemachine.data.sync.timeout.retry = 30 (custom)
2024-11-29 05:29:32,518 [82107b5c-a456-4cce-866c-b79ad2953fda-groupManagement] INFO  server.RaftServerConfigKeys (ConfUtils.java:logGet(46)) - raft.server.log.write.buffer.size = 33554440 (custom)
2024-11-29 05:29:32,524 [82107b5c-a456-4cce-866c-b79ad2953fda-groupManagement] INFO  server.RaftServerConfigKeys (ConfUtils.java:logGet(46)) - raft.server.log.appender.buffer.byte-limit = 33554432 (custom)
2024-11-29 05:29:32,524 [82107b5c-a456-4cce-866c-b79ad2953fda-groupManagement] INFO  server.RaftServerConfigKeys (ConfUtils.java:logGet(46)) - raft.server.log.unsafe-flush.enabled = false (default)
2024-11-29 05:29:32,524 [82107b5c-a456-4cce-866c-b79ad2953fda-groupManagement] INFO  server.RaftServerConfigKeys (ConfUtils.java:logGet(46)) - raft.server.log.async-flush.enabled = false (default)
2024-11-29 05:29:32,524 [82107b5c-a456-4cce-866c-b79ad2953fda-groupManagement] INFO  server.RaftServerConfigKeys (ConfUtils.java:logGet(46)) - raft.server.log.statemachine.data.caching.enabled = true (custom)
2024-11-29 05:29:32,524 [82107b5c-a456-4cce-866c-b79ad2953fda-groupManagement] INFO  segmented.SegmentedRaftLogWorker (SegmentedRaftLogWorker.java:lambda$new$0(139)) - 82107b5c-a456-4cce-866c-b79ad2953fda@group-848028536F21-SegmentedRaftLogWorker: flushIndex: setUnconditionally 0 -> -1
2024-11-29 05:29:32,524 [82107b5c-a456-4cce-866c-b79ad2953fda-groupManagement] INFO  segmented.SegmentedRaftLogWorker (SegmentedRaftLogWorker.java:lambda$new$0(139)) - 82107b5c-a456-4cce-866c-b79ad2953fda@group-848028536F21-SegmentedRaftLogWorker: safeCacheEvictIndex: setUnconditionally 0 -> -1
2024-11-29 05:29:32,525 [82107b5c-a456-4cce-866c-b79ad2953fda-groupManagement] INFO  server.RaftServer$Division (RaftServerImpl.java:start(391)) - 82107b5c-a456-4cce-866c-b79ad2953fda@group-848028536F21: start as a follower, conf=conf: {index: -1, cur=peers:[82107b5c-a456-4cce-866c-b79ad2953fda|127.0.0.1:15039]|listeners:[], old=null}
2024-11-29 05:29:32,525 [82107b5c-a456-4cce-866c-b79ad2953fda-groupManagement] INFO  server.RaftServer$Division (RaftServerImpl.java:setRole(378)) - 82107b5c-a456-4cce-866c-b79ad2953fda@group-848028536F21: changes role from      null to FOLLOWER at term 0 for startAsFollower
2024-11-29 05:29:32,525 [82107b5c-a456-4cce-866c-b79ad2953fda-groupManagement] INFO  impl.RoleInfo (RoleInfo.java:updateAndGet(148)) - 82107b5c-a456-4cce-866c-b79ad2953fda: start 82107b5c-a456-4cce-866c-b79ad2953fda@group-848028536F21-FollowerState
2024-11-29 05:29:32,525 [82107b5c-a456-4cce-866c-b79ad2953fda-groupManagement] INFO  util.JmxRegister (JmxRegister.java:tryRegister(44)) - Successfully registered JMX Bean with object name Ratis:service=RaftServer,group=group-848028536F21,id=82107b5c-a456-4cce-866c-b79ad2953fda
2024-11-29 05:29:32,525 [82107b5c-a456-4cce-866c-b79ad2953fda-groupManagement] INFO  util.JmxRegister (JmxRegister.java:register(58)) - register mxBean class org.apache.ratis.server.impl.RaftServerJmxAdapter as Ratis:service=RaftServer,group=group-848028536F21,id=82107b5c-a456-4cce-866c-b79ad2953fda
2024-11-29 05:29:32,525 [82107b5c-a456-4cce-866c-b79ad2953fda-groupManagement] INFO  server.RaftServerConfigKeys (ConfUtils.java:logGet(46)) - raft.server.snapshot.trigger-when-stop.enabled = true (default)
2024-11-29 05:29:32,525 [82107b5c-a456-4cce-866c-b79ad2953fda-groupManagement] INFO  server.RaftServerConfigKeys (ConfUtils.java:logGet(46)) - raft.server.snapshot.trigger-when-remove.enabled = true (default)
2024-11-29 05:29:32,525 [82107b5c-a456-4cce-866c-b79ad2953fda-groupManagement] INFO  server.RaftServerConfigKeys (ConfUtils.java:logGet(46)) - raft.server.snapshot.auto.trigger.enabled = true (custom)
2024-11-29 05:29:32,526 [82107b5c-a456-4cce-866c-b79ad2953fda-groupManagement] INFO  server.RaftServerConfigKeys (ConfUtils.java:logGet(46)) - raft.server.snapshot.auto.trigger.threshold = 100000 (custom)
2024-11-29 05:29:32,526 [82107b5c-a456-4cce-866c-b79ad2953fda-groupManagement] INFO  server.RaftServerConfigKeys (ConfUtils.java:logGet(46)) - raft.server.snapshot.retention.file.num = 5 (custom)
2024-11-29 05:29:32,526 [82107b5c-a456-4cce-866c-b79ad2953fda-groupManagement] INFO  server.RaftServerConfigKeys (ConfUtils.java:logGet(46)) - raft.server.log.purge.upto.snapshot.index = false (default)
2024-11-29 05:29:32,526 [82107b5c-a456-4cce-866c-b79ad2953fda@group-848028536F21-FollowerState] INFO  server.RaftServerConfigKeys (ConfUtils.java:logFallback(53)) - raft.server.rpc.first-election.timeout.min = 5s (fallback to raft.server.rpc.timeout.min)
2024-11-29 05:29:32,527 [82107b5c-a456-4cce-866c-b79ad2953fda@group-848028536F21-FollowerState] INFO  server.RaftServerConfigKeys (ConfUtils.java:logFallback(53)) - raft.server.rpc.first-election.timeout.max = 5200ms (fallback to raft.server.rpc.timeout.max)
2024-11-29 05:29:32,530 [82107b5c-a456-4cce-866c-b79ad2953fda-groupManagement] INFO  server.RaftServer$Division (RaftServerImpl.java:start(405)) - 82107b5c-a456-4cce-866c-b79ad2953fda@group-848028536F21: Successfully started.
2024-11-29 05:29:32,531 [82107b5c-a456-4cce-866c-b79ad2953fda-PipelineCommandHandlerThread-0] INFO  ratis.XceiverServerRatis (XceiverServerRatis.java:addGroup(844)) - Created group PipelineID=575f7978-d042-4a0f-b980-848028536f21
2024-11-29 05:29:32,531 [82107b5c-a456-4cce-866c-b79ad2953fda-PipelineCommandHandlerThread-0] INFO  commandhandler.CreatePipelineCommandHandler (CreatePipelineCommandHandler.java:lambda$handle$2(129)) - Created Pipeline RATIS ONE PipelineID=575f7978-d042-4a0f-b980-848028536f21.
2024-11-29 05:29:32,700 [EventQueue-OpenPipelineForHealthyPipelineSafeModeRule] INFO  safemode.SCMSafeModeManager (HealthyPipelineSafeModeRule.java:process(140)) - SCM in safe mode. Healthy pipelines reported count is 0, required healthy pipeline reported count is 1
2024-11-29 05:29:32,809 [EventQueue-OpenPipelineForHealthyPipelineSafeModeRule] INFO  safemode.SCMSafeModeManager (HealthyPipelineSafeModeRule.java:process(140)) - SCM in safe mode. Healthy pipelines reported count is 0, required healthy pipeline reported count is 1
2024-11-29 05:29:32,856 [22bda68c-b64b-4e26-a6f3-14a354ca4fb6-PipelineCommandHandlerThread-0] INFO  server.RaftServer (RaftServerProxy.java:addNew(100)) - 22bda68c-b64b-4e26-a6f3-14a354ca4fb6: addNew group-E26A81565C11:[22bda68c-b64b-4e26-a6f3-14a354ca4fb6|127.0.0.1:15048] returns group-E26A81565C11:java.util.concurrent.CompletableFuture@73452478[Not completed]
2024-11-29 05:29:32,858 [22bda68c-b64b-4e26-a6f3-14a354ca4fb6-groupManagement] INFO  server.RaftServer$Division (RaftServerImpl.java:<init>(255)) - 22bda68c-b64b-4e26-a6f3-14a354ca4fb6: new RaftServerImpl for group-E26A81565C11:[22bda68c-b64b-4e26-a6f3-14a354ca4fb6|127.0.0.1:15048] with ContainerStateMachine:uninitialized
2024-11-29 05:29:32,858 [22bda68c-b64b-4e26-a6f3-14a354ca4fb6-groupManagement] INFO  server.RaftServerConfigKeys (ConfUtils.java:logGet(46)) - raft.server.rpc.timeout.min = 5s (custom)
2024-11-29 05:29:32,858 [22bda68c-b64b-4e26-a6f3-14a354ca4fb6-groupManagement] INFO  server.RaftServerConfigKeys (ConfUtils.java:logGet(46)) - raft.server.rpc.timeout.max = 5200ms (custom)
2024-11-29 05:29:32,858 [22bda68c-b64b-4e26-a6f3-14a354ca4fb6-groupManagement] INFO  server.RaftServerConfigKeys (ConfUtils.java:logGet(46)) - raft.server.rpc.sleep.time = 25ms (default)
2024-11-29 05:29:32,858 [22bda68c-b64b-4e26-a6f3-14a354ca4fb6-groupManagement] INFO  server.RaftServerConfigKeys (ConfUtils.java:logGet(46)) - raft.server.rpc.slowness.timeout = 300s (custom)
2024-11-29 05:29:32,858 [22bda68c-b64b-4e26-a6f3-14a354ca4fb6-groupManagement] INFO  server.RaftServerConfigKeys (ConfUtils.java:logGet(46)) - raft.server.leaderelection.leader.step-down.wait-time = 10s (default)
2024-11-29 05:29:32,858 [22bda68c-b64b-4e26-a6f3-14a354ca4fb6-groupManagement] INFO  server.RaftServerConfigKeys (ConfUtils.java:logGet(46)) - raft.server.leaderelection.member.majority-add = false (default)
2024-11-29 05:29:32,858 [22bda68c-b64b-4e26-a6f3-14a354ca4fb6-groupManagement] INFO  server.RaftServerConfigKeys (ConfUtils.java:logGet(46)) - raft.server.sleep.deviation.threshold = 300ms (default)
2024-11-29 05:29:32,858 [22bda68c-b64b-4e26-a6f3-14a354ca4fb6-groupManagement] INFO  server.RaftServer$Division (ServerState.java:<init>(114)) - 22bda68c-b64b-4e26-a6f3-14a354ca4fb6@group-E26A81565C11: ConfigurationManager, init=conf: {index: -1, cur=peers:[22bda68c-b64b-4e26-a6f3-14a354ca4fb6|127.0.0.1:15048]|listeners:[], old=null}, confs=<EMPTY_MAP>
2024-11-29 05:29:32,859 [22bda68c-b64b-4e26-a6f3-14a354ca4fb6-groupManagement] INFO  server.RaftServerConfigKeys (ConfUtils.java:logGet(46)) - raft.server.notification.no-leader.timeout = 300s (custom)
2024-11-29 05:29:32,859 [22bda68c-b64b-4e26-a6f3-14a354ca4fb6-groupManagement] INFO  server.RaftServerConfigKeys (ConfUtils.java:logGet(46)) - raft.server.read.timeout = 10s (default)
2024-11-29 05:29:32,859 [22bda68c-b64b-4e26-a6f3-14a354ca4fb6-groupManagement] INFO  server.RaftServerConfigKeys (ConfUtils.java:logGet(46)) - raft.server.retrycache.expirytime = 600000ms (custom)
2024-11-29 05:29:32,859 [22bda68c-b64b-4e26-a6f3-14a354ca4fb6-groupManagement] INFO  server.RaftServerConfigKeys (ConfUtils.java:logGet(46)) - raft.server.retrycache.statistics.expirytime = 100ms (default)
2024-11-29 05:29:32,859 [main] INFO  ozone.MiniOzoneClusterImpl (MiniOzoneClusterImpl.java:lambda$waitForClusterToBeReady$0(219)) - Nodes are ready. Got 5 of 5 DN Heartbeats.
2024-11-29 05:29:32,859 [main] INFO  ozone.MiniOzoneClusterImpl (MiniOzoneClusterImpl.java:lambda$waitForClusterToBeReady$0(222)) - Waiting for cluster to exit safe mode
2024-11-29 05:29:32,859 [main] INFO  ozone.MiniOzoneClusterImpl (MiniOzoneClusterImpl.java:lambda$waitForClusterToBeReady$0(224)) - SCM became leader
2024-11-29 05:29:32,859 [22bda68c-b64b-4e26-a6f3-14a354ca4fb6-groupManagement] INFO  server.RaftServerConfigKeys (ConfUtils.java:logGet(46)) - raft.server.read.option = DEFAULT (default)
2024-11-29 05:29:32,859 [22bda68c-b64b-4e26-a6f3-14a354ca4fb6-groupManagement] INFO  server.RaftServerConfigKeys (ConfUtils.java:logGet(46)) - raft.server.read.read-after-write-consistent.write-index-cache.expiry-time = 60s (default)
2024-11-29 05:29:32,865 [22bda68c-b64b-4e26-a6f3-14a354ca4fb6-groupManagement] INFO  server.RaftServerConfigKeys (ConfUtils.java:logGet(46)) - raft.server.rpc.request.timeout = 60s (custom)
2024-11-29 05:29:32,865 [22bda68c-b64b-4e26-a6f3-14a354ca4fb6-groupManagement] INFO  server.RaftServerConfigKeys (ConfUtils.java:logGet(46)) - raft.server.log.appender.install.snapshot.enabled = false (custom)
2024-11-29 05:29:32,865 [22bda68c-b64b-4e26-a6f3-14a354ca4fb6-groupManagement] INFO  server.RaftServerConfigKeys (ConfUtils.java:logGet(46)) - raft.server.threadpool.server.cached = true (default)
2024-11-29 05:29:32,865 [22bda68c-b64b-4e26-a6f3-14a354ca4fb6-groupManagement] INFO  server.RaftServerConfigKeys (ConfUtils.java:logGet(46)) - raft.server.threadpool.server.size = 0 (default)
2024-11-29 05:29:32,865 [22bda68c-b64b-4e26-a6f3-14a354ca4fb6-groupManagement] INFO  server.RaftServerConfigKeys (ConfUtils.java:logGet(46)) - raft.server.threadpool.client.cached = true (default)
2024-11-29 05:29:32,866 [22bda68c-b64b-4e26-a6f3-14a354ca4fb6-groupManagement] INFO  server.RaftServerConfigKeys (ConfUtils.java:logGet(46)) - raft.server.threadpool.client.size = 0 (default)
2024-11-29 05:29:32,866 [22bda68c-b64b-4e26-a6f3-14a354ca4fb6-groupManagement] INFO  server.RaftServerConfigKeys (ConfUtils.java:logGet(46)) - raft.server.storage.free-space.min = 0MB (=0) (default)
2024-11-29 05:29:32,866 [22bda68c-b64b-4e26-a6f3-14a354ca4fb6-groupManagement] INFO  server.RaftServerConfigKeys (ConfUtils.java:logGet(46)) - raft.server.log.corruption.policy = EXCEPTION (default)
2024-11-29 05:29:32,866 [22bda68c-b64b-4e26-a6f3-14a354ca4fb6-groupManagement] INFO  server.RaftServerConfigKeys (ConfUtils.java:logGet(46)) - raft.server.storage.dir = [/home/runner/work/ozone/ozone/hadoop-ozone/integration-test/target/test-dir/MiniOzoneClusterImpl-61f21677-568d-49d7-a2ee-8a05247fe249/ozone-meta/datanode-5/ratis] (custom)
2024-11-29 05:29:32,866 [22bda68c-b64b-4e26-a6f3-14a354ca4fb6-groupManagement] INFO  storage.RaftStorageDirectory (RaftStorageDirectoryImpl.java:analyzeStorage(138)) - The storage directory /home/runner/work/ozone/ozone/hadoop-ozone/integration-test/target/test-dir/MiniOzoneClusterImpl-61f21677-568d-49d7-a2ee-8a05247fe249/ozone-meta/datanode-5/ratis/7a5eb9d9-946f-4e5e-9b36-e26a81565c11 does not exist. Creating ...
2024-11-29 05:29:32,868 [22bda68c-b64b-4e26-a6f3-14a354ca4fb6-groupManagement] INFO  storage.RaftStorageDirectory (RaftStorageDirectoryImpl.java:tryLock(229)) - Lock on /home/runner/work/ozone/ozone/hadoop-ozone/integration-test/target/test-dir/MiniOzoneClusterImpl-61f21677-568d-49d7-a2ee-8a05247fe249/ozone-meta/datanode-5/ratis/7a5eb9d9-946f-4e5e-9b36-e26a81565c11/in_use.lock acquired by nodename 84584@fv-az1772-529
2024-11-29 05:29:32,869 [22bda68c-b64b-4e26-a6f3-14a354ca4fb6-groupManagement] INFO  storage.RaftStorage (RaftStorageImpl.java:format(98)) - Storage directory /home/runner/work/ozone/ozone/hadoop-ozone/integration-test/target/test-dir/MiniOzoneClusterImpl-61f21677-568d-49d7-a2ee-8a05247fe249/ozone-meta/datanode-5/ratis/7a5eb9d9-946f-4e5e-9b36-e26a81565c11 has been successfully formatted.
2024-11-29 05:29:32,870 [22bda68c-b64b-4e26-a6f3-14a354ca4fb6-groupManagement] INFO  ratis.ContainerStateMachine (ContainerStateMachine.java:initialize(302)) - 22bda68c-b64b-4e26-a6f3-14a354ca4fb6: initialize group-E26A81565C11
2024-11-29 05:29:32,870 [22bda68c-b64b-4e26-a6f3-14a354ca4fb6-groupManagement] INFO  ratis.ContainerStateMachine (ContainerStateMachine.java:loadSnapshot(310)) - group-E26A81565C11: The snapshot info is null. Setting the last applied index to:(t:0, i:~)
2024-11-29 05:29:32,870 [22bda68c-b64b-4e26-a6f3-14a354ca4fb6-groupManagement] INFO  server.RaftServerConfigKeys (ConfUtils.java:logGet(46)) - raft.server.log.use.memory = false (default)
2024-11-29 05:29:32,870 [22bda68c-b64b-4e26-a6f3-14a354ca4fb6-groupManagement] INFO  server.RaftServerConfigKeys (ConfUtils.java:logGet(46)) - raft.server.log.purge.gap = 1000000 (custom)
2024-11-29 05:29:32,870 [22bda68c-b64b-4e26-a6f3-14a354ca4fb6-groupManagement] INFO  server.RaftServerConfigKeys (ConfUtils.java:logGet(46)) - raft.server.log.appender.buffer.byte-limit = 33554432 (custom)
2024-11-29 05:29:32,870 [22bda68c-b64b-4e26-a6f3-14a354ca4fb6-groupManagement] INFO  server.RaftServerConfigKeys (ConfUtils.java:logGet(46)) - raft.server.log.statemachine.data.read.timeout = 1000ms (default)
2024-11-29 05:29:32,870 [22bda68c-b64b-4e26-a6f3-14a354ca4fb6-groupManagement] INFO  server.RaftServerConfigKeys (ConfUtils.java:logGet(46)) - raft.server.log.purge.preservation.log.num = 0 (default)
2024-11-29 05:29:32,872 [EventQueue-PipelineReportForPipelineReportHandler] INFO  pipeline.PipelineReportHandler (PipelineReportHandler.java:processPipelineReport(147)) - Opened pipeline PipelineID=7a5eb9d9-946f-4e5e-9b36-e26a81565c11
2024-11-29 05:29:32,872 [EventQueue-OpenPipelineForHealthyPipelineSafeModeRule] INFO  safemode.SCMSafeModeManager (HealthyPipelineSafeModeRule.java:process(140)) - SCM in safe mode. Healthy pipelines reported count is 0, required healthy pipeline reported count is 1
2024-11-29 05:29:32,873 [22bda68c-b64b-4e26-a6f3-14a354ca4fb6-groupManagement] INFO  server.RaftServerConfigKeys (ConfUtils.java:logGet(46)) - raft.server.log.segment.size.max = 67108864 (custom)
2024-11-29 05:29:32,873 [22bda68c-b64b-4e26-a6f3-14a354ca4fb6-groupManagement] INFO  server.RaftServerConfigKeys (ConfUtils.java:logGet(46)) - raft.server.log.segment.cache.num.max = 2 (custom)
2024-11-29 05:29:32,873 [22bda68c-b64b-4e26-a6f3-14a354ca4fb6-groupManagement] INFO  server.RaftServerConfigKeys (ConfUtils.java:logGet(46)) - raft.server.log.segment.cache.size.max = 200MB (=209715200) (default)
2024-11-29 05:29:32,873 [22bda68c-b64b-4e26-a6f3-14a354ca4fb6-groupManagement] INFO  server.RaftServerConfigKeys (ConfUtils.java:logGet(46)) - raft.server.log.appender.buffer.byte-limit = 33554432 (custom)
2024-11-29 05:29:32,873 [22bda68c-b64b-4e26-a6f3-14a354ca4fb6-groupManagement] INFO  util.AwaitToRun (AwaitToRun.java:start(81)) - Thread[22bda68c-b64b-4e26-a6f3-14a354ca4fb6@group-E26A81565C11-cacheEviction-AwaitToRun,5,main] started
2024-11-29 05:29:32,874 [22bda68c-b64b-4e26-a6f3-14a354ca4fb6-groupManagement] INFO  segmented.SegmentedRaftLogWorker (SegmentedRaftLogWorker.java:<init>(188)) - new 22bda68c-b64b-4e26-a6f3-14a354ca4fb6@group-E26A81565C11-SegmentedRaftLogWorker for RaftStorageImpl:Storage Directory /home/runner/work/ozone/ozone/hadoop-ozone/integration-test/target/test-dir/MiniOzoneClusterImpl-61f21677-568d-49d7-a2ee-8a05247fe249/ozone-meta/datanode-5/ratis/7a5eb9d9-946f-4e5e-9b36-e26a81565c11
2024-11-29 05:29:32,874 [22bda68c-b64b-4e26-a6f3-14a354ca4fb6-groupManagement] INFO  server.RaftServerConfigKeys (ConfUtils.java:logGet(46)) - raft.server.log.queue.byte-limit = 4294967296 (custom)
2024-11-29 05:29:32,874 [22bda68c-b64b-4e26-a6f3-14a354ca4fb6-groupManagement] INFO  server.RaftServerConfigKeys (ConfUtils.java:logGet(46)) - raft.server.log.queue.element-limit = 1024 (custom)
2024-11-29 05:29:32,874 [22bda68c-b64b-4e26-a6f3-14a354ca4fb6-groupManagement] INFO  server.RaftServerConfigKeys (ConfUtils.java:logGet(46)) - raft.server.log.segment.size.max = 67108864 (custom)
2024-11-29 05:29:32,874 [22bda68c-b64b-4e26-a6f3-14a354ca4fb6-groupManagement] INFO  server.RaftServerConfigKeys (ConfUtils.java:logGet(46)) - raft.server.log.preallocated.size = 4194304 (custom)
2024-11-29 05:29:32,874 [22bda68c-b64b-4e26-a6f3-14a354ca4fb6-groupManagement] INFO  server.RaftServerConfigKeys (ConfUtils.java:logGet(46)) - raft.server.log.force.sync.num = 128 (default)
2024-11-29 05:29:32,874 [22bda68c-b64b-4e26-a6f3-14a354ca4fb6-groupManagement] INFO  server.RaftServerConfigKeys (ConfUtils.java:logGet(46)) - raft.server.log.statemachine.data.sync = true (default)
2024-11-29 05:29:32,874 [22bda68c-b64b-4e26-a6f3-14a354ca4fb6-groupManagement] INFO  server.RaftServerConfigKeys (ConfUtils.java:logGet(46)) - raft.server.log.statemachine.data.sync.timeout = 10s (default)
2024-11-29 05:29:32,874 [22bda68c-b64b-4e26-a6f3-14a354ca4fb6-groupManagement] INFO  server.RaftServerConfigKeys (ConfUtils.java:logGet(46)) - raft.server.log.statemachine.data.sync.timeout.retry = 30 (custom)
2024-11-29 05:29:32,874 [22bda68c-b64b-4e26-a6f3-14a354ca4fb6-groupManagement] INFO  server.RaftServerConfigKeys (ConfUtils.java:logGet(46)) - raft.server.log.write.buffer.size = 33554440 (custom)
2024-11-29 05:29:32,881 [22bda68c-b64b-4e26-a6f3-14a354ca4fb6-groupManagement] INFO  server.RaftServerConfigKeys (ConfUtils.java:logGet(46)) - raft.server.log.appender.buffer.byte-limit = 33554432 (custom)
2024-11-29 05:29:32,881 [22bda68c-b64b-4e26-a6f3-14a354ca4fb6-groupManagement] INFO  server.RaftServerConfigKeys (ConfUtils.java:logGet(46)) - raft.server.log.unsafe-flush.enabled = false (default)
2024-11-29 05:29:32,881 [22bda68c-b64b-4e26-a6f3-14a354ca4fb6-groupManagement] INFO  server.RaftServerConfigKeys (ConfUtils.java:logGet(46)) - raft.server.log.async-flush.enabled = false (default)
2024-11-29 05:29:32,881 [22bda68c-b64b-4e26-a6f3-14a354ca4fb6-groupManagement] INFO  server.RaftServerConfigKeys (ConfUtils.java:logGet(46)) - raft.server.log.statemachine.data.caching.enabled = true (custom)
2024-11-29 05:29:32,882 [22bda68c-b64b-4e26-a6f3-14a354ca4fb6-groupManagement] INFO  segmented.SegmentedRaftLogWorker (SegmentedRaftLogWorker.java:lambda$new$0(139)) - 22bda68c-b64b-4e26-a6f3-14a354ca4fb6@group-E26A81565C11-SegmentedRaftLogWorker: flushIndex: setUnconditionally 0 -> -1
2024-11-29 05:29:32,882 [22bda68c-b64b-4e26-a6f3-14a354ca4fb6-groupManagement] INFO  segmented.SegmentedRaftLogWorker (SegmentedRaftLogWorker.java:lambda$new$0(139)) - 22bda68c-b64b-4e26-a6f3-14a354ca4fb6@group-E26A81565C11-SegmentedRaftLogWorker: safeCacheEvictIndex: setUnconditionally 0 -> -1
2024-11-29 05:29:32,886 [22bda68c-b64b-4e26-a6f3-14a354ca4fb6-groupManagement] INFO  server.RaftServer$Division (RaftServerImpl.java:start(391)) - 22bda68c-b64b-4e26-a6f3-14a354ca4fb6@group-E26A81565C11: start as a follower, conf=conf: {index: -1, cur=peers:[22bda68c-b64b-4e26-a6f3-14a354ca4fb6|127.0.0.1:15048]|listeners:[], old=null}
2024-11-29 05:29:32,887 [22bda68c-b64b-4e26-a6f3-14a354ca4fb6-groupManagement] INFO  server.RaftServer$Division (RaftServerImpl.java:setRole(378)) - 22bda68c-b64b-4e26-a6f3-14a354ca4fb6@group-E26A81565C11: changes role from      null to FOLLOWER at term 0 for startAsFollower
2024-11-29 05:29:32,887 [22bda68c-b64b-4e26-a6f3-14a354ca4fb6-groupManagement] INFO  impl.RoleInfo (RoleInfo.java:updateAndGet(148)) - 22bda68c-b64b-4e26-a6f3-14a354ca4fb6: start 22bda68c-b64b-4e26-a6f3-14a354ca4fb6@group-E26A81565C11-FollowerState
2024-11-29 05:29:32,887 [22bda68c-b64b-4e26-a6f3-14a354ca4fb6@group-E26A81565C11-FollowerState] INFO  server.RaftServerConfigKeys (ConfUtils.java:logFallback(53)) - raft.server.rpc.first-election.timeout.min = 5s (fallback to raft.server.rpc.timeout.min)
2024-11-29 05:29:32,887 [22bda68c-b64b-4e26-a6f3-14a354ca4fb6@group-E26A81565C11-FollowerState] INFO  server.RaftServerConfigKeys (ConfUtils.java:logFallback(53)) - raft.server.rpc.first-election.timeout.max = 5200ms (fallback to raft.server.rpc.timeout.max)
2024-11-29 05:29:32,887 [22bda68c-b64b-4e26-a6f3-14a354ca4fb6-groupManagement] INFO  util.JmxRegister (JmxRegister.java:tryRegister(44)) - Successfully registered JMX Bean with object name Ratis:service=RaftServer,group=group-E26A81565C11,id=22bda68c-b64b-4e26-a6f3-14a354ca4fb6
2024-11-29 05:29:32,887 [22bda68c-b64b-4e26-a6f3-14a354ca4fb6-groupManagement] INFO  util.JmxRegister (JmxRegister.java:register(58)) - register mxBean class org.apache.ratis.server.impl.RaftServerJmxAdapter as Ratis:service=RaftServer,group=group-E26A81565C11,id=22bda68c-b64b-4e26-a6f3-14a354ca4fb6
2024-11-29 05:29:32,887 [22bda68c-b64b-4e26-a6f3-14a354ca4fb6-groupManagement] INFO  server.RaftServerConfigKeys (ConfUtils.java:logGet(46)) - raft.server.snapshot.trigger-when-stop.enabled = true (default)
2024-11-29 05:29:32,887 [22bda68c-b64b-4e26-a6f3-14a354ca4fb6-groupManagement] INFO  server.RaftServerConfigKeys (ConfUtils.java:logGet(46)) - raft.server.snapshot.trigger-when-remove.enabled = true (default)
2024-11-29 05:29:32,888 [22bda68c-b64b-4e26-a6f3-14a354ca4fb6-groupManagement] INFO  server.RaftServerConfigKeys (ConfUtils.java:logGet(46)) - raft.server.snapshot.auto.trigger.enabled = true (custom)
2024-11-29 05:29:32,888 [22bda68c-b64b-4e26-a6f3-14a354ca4fb6-groupManagement] INFO  server.RaftServerConfigKeys (ConfUtils.java:logGet(46)) - raft.server.snapshot.auto.trigger.threshold = 100000 (custom)
2024-11-29 05:29:32,888 [22bda68c-b64b-4e26-a6f3-14a354ca4fb6-groupManagement] INFO  server.RaftServerConfigKeys (ConfUtils.java:logGet(46)) - raft.server.snapshot.retention.file.num = 5 (custom)
2024-11-29 05:29:32,888 [22bda68c-b64b-4e26-a6f3-14a354ca4fb6-groupManagement] INFO  server.RaftServerConfigKeys (ConfUtils.java:logGet(46)) - raft.server.log.purge.upto.snapshot.index = false (default)
2024-11-29 05:29:32,890 [22bda68c-b64b-4e26-a6f3-14a354ca4fb6-groupManagement] INFO  server.RaftServer$Division (RaftServerImpl.java:start(405)) - 22bda68c-b64b-4e26-a6f3-14a354ca4fb6@group-E26A81565C11: Successfully started.
2024-11-29 05:29:32,890 [22bda68c-b64b-4e26-a6f3-14a354ca4fb6-PipelineCommandHandlerThread-0] INFO  ratis.XceiverServerRatis (XceiverServerRatis.java:addGroup(844)) - Created group PipelineID=7a5eb9d9-946f-4e5e-9b36-e26a81565c11
2024-11-29 05:29:32,890 [22bda68c-b64b-4e26-a6f3-14a354ca4fb6-PipelineCommandHandlerThread-0] INFO  commandhandler.CreatePipelineCommandHandler (CreatePipelineCommandHandler.java:lambda$handle$2(129)) - Created Pipeline RATIS ONE PipelineID=7a5eb9d9-946f-4e5e-9b36-e26a81565c11.
2024-11-29 05:29:33,513 [EventQueue-OpenPipelineForHealthyPipelineSafeModeRule] INFO  safemode.SCMSafeModeManager (HealthyPipelineSafeModeRule.java:process(140)) - SCM in safe mode. Healthy pipelines reported count is 0, required healthy pipeline reported count is 1
2024-11-29 05:29:33,700 [EventQueue-OpenPipelineForHealthyPipelineSafeModeRule] INFO  safemode.SCMSafeModeManager (HealthyPipelineSafeModeRule.java:process(140)) - SCM in safe mode. Healthy pipelines reported count is 0, required healthy pipeline reported count is 1
2024-11-29 05:29:33,810 [EventQueue-OpenPipelineForHealthyPipelineSafeModeRule] INFO  safemode.SCMSafeModeManager (HealthyPipelineSafeModeRule.java:process(140)) - SCM in safe mode. Healthy pipelines reported count is 0, required healthy pipeline reported count is 1
2024-11-29 05:29:33,859 [main] INFO  ozone.MiniOzoneClusterImpl (MiniOzoneClusterImpl.java:lambda$waitForClusterToBeReady$0(219)) - Nodes are ready. Got 5 of 5 DN Heartbeats.
2024-11-29 05:29:33,859 [main] INFO  ozone.MiniOzoneClusterImpl (MiniOzoneClusterImpl.java:lambda$waitForClusterToBeReady$0(222)) - Waiting for cluster to exit safe mode
2024-11-29 05:29:33,859 [main] INFO  ozone.MiniOzoneClusterImpl (MiniOzoneClusterImpl.java:lambda$waitForClusterToBeReady$0(224)) - SCM became leader
2024-11-29 05:29:33,871 [EventQueue-OpenPipelineForHealthyPipelineSafeModeRule] INFO  safemode.SCMSafeModeManager (HealthyPipelineSafeModeRule.java:process(140)) - SCM in safe mode. Healthy pipelines reported count is 0, required healthy pipeline reported count is 1
2024-11-29 05:29:33,986 [EventQueue-OpenPipelineForHealthyPipelineSafeModeRule] INFO  safemode.SCMSafeModeManager (HealthyPipelineSafeModeRule.java:process(140)) - SCM in safe mode. Healthy pipelines reported count is 0, required healthy pipeline reported count is 1
2024-11-29 05:29:34,860 [main] INFO  ozone.MiniOzoneClusterImpl (MiniOzoneClusterImpl.java:lambda$waitForClusterToBeReady$0(219)) - Nodes are ready. Got 5 of 5 DN Heartbeats.
2024-11-29 05:29:34,860 [main] INFO  ozone.MiniOzoneClusterImpl (MiniOzoneClusterImpl.java:lambda$waitForClusterToBeReady$0(222)) - Waiting for cluster to exit safe mode
2024-11-29 05:29:34,860 [main] INFO  ozone.MiniOzoneClusterImpl (MiniOzoneClusterImpl.java:lambda$waitForClusterToBeReady$0(224)) - SCM became leader
2024-11-29 05:29:34,986 [EventQueue-OpenPipelineForHealthyPipelineSafeModeRule] INFO  safemode.SCMSafeModeManager (HealthyPipelineSafeModeRule.java:process(140)) - SCM in safe mode. Healthy pipelines reported count is 0, required healthy pipeline reported count is 1
2024-11-29 05:29:35,513 [EventQueue-OpenPipelineForHealthyPipelineSafeModeRule] INFO  safemode.SCMSafeModeManager (HealthyPipelineSafeModeRule.java:process(140)) - SCM in safe mode. Healthy pipelines reported count is 0, required healthy pipeline reported count is 1
2024-11-29 05:29:35,699 [EventQueue-OpenPipelineForHealthyPipelineSafeModeRule] INFO  safemode.SCMSafeModeManager (HealthyPipelineSafeModeRule.java:process(140)) - SCM in safe mode. Healthy pipelines reported count is 0, required healthy pipeline reported count is 1
2024-11-29 05:29:35,809 [EventQueue-OpenPipelineForHealthyPipelineSafeModeRule] INFO  safemode.SCMSafeModeManager (HealthyPipelineSafeModeRule.java:process(140)) - SCM in safe mode. Healthy pipelines reported count is 0, required healthy pipeline reported count is 1
2024-11-29 05:29:35,860 [main] INFO  ozone.MiniOzoneClusterImpl (MiniOzoneClusterImpl.java:lambda$waitForClusterToBeReady$0(219)) - Nodes are ready. Got 5 of 5 DN Heartbeats.
2024-11-29 05:29:35,860 [main] INFO  ozone.MiniOzoneClusterImpl (MiniOzoneClusterImpl.java:lambda$waitForClusterToBeReady$0(222)) - Waiting for cluster to exit safe mode
2024-11-29 05:29:35,860 [main] INFO  ozone.MiniOzoneClusterImpl (MiniOzoneClusterImpl.java:lambda$waitForClusterToBeReady$0(224)) - SCM became leader
2024-11-29 05:29:35,873 [EventQueue-OpenPipelineForHealthyPipelineSafeModeRule] INFO  safemode.SCMSafeModeManager (HealthyPipelineSafeModeRule.java:process(140)) - SCM in safe mode. Healthy pipelines reported count is 0, required healthy pipeline reported count is 1
2024-11-29 05:29:35,986 [EventQueue-OpenPipelineForHealthyPipelineSafeModeRule] INFO  safemode.SCMSafeModeManager (HealthyPipelineSafeModeRule.java:process(140)) - SCM in safe mode. Healthy pipelines reported count is 0, required healthy pipeline reported count is 1
2024-11-29 05:29:36,132 [9c663db8-fa21-4bd9-8dc4-4774c554fbc4@group-21E004CD13D9-FollowerState] INFO  impl.FollowerState (FollowerState.java:runImpl(161)) - 9c663db8-fa21-4bd9-8dc4-4774c554fbc4@group-21E004CD13D9-FollowerState: change to CANDIDATE, lastRpcElapsedTime:5023738277ns, electionTimeout:5021ms
2024-11-29 05:29:36,132 [9c663db8-fa21-4bd9-8dc4-4774c554fbc4@group-21E004CD13D9-FollowerState] INFO  impl.RoleInfo (RoleInfo.java:shutdownFollowerState(121)) - 9c663db8-fa21-4bd9-8dc4-4774c554fbc4: shutdown 9c663db8-fa21-4bd9-8dc4-4774c554fbc4@group-21E004CD13D9-FollowerState
2024-11-29 05:29:36,133 [9c663db8-fa21-4bd9-8dc4-4774c554fbc4@group-21E004CD13D9-FollowerState] INFO  server.RaftServer$Division (RaftServerImpl.java:setRole(378)) - 9c663db8-fa21-4bd9-8dc4-4774c554fbc4@group-21E004CD13D9: changes role from  FOLLOWER to CANDIDATE at term 0 for changeToCandidate
2024-11-29 05:29:36,133 [9c663db8-fa21-4bd9-8dc4-4774c554fbc4@group-21E004CD13D9-FollowerState] INFO  server.RaftServerConfigKeys (ConfUtils.java:logGet(46)) - raft.server.leaderelection.pre-vote = true (default)
2024-11-29 05:29:36,133 [9c663db8-fa21-4bd9-8dc4-4774c554fbc4@group-21E004CD13D9-FollowerState] INFO  impl.RoleInfo (RoleInfo.java:updateAndGet(148)) - 9c663db8-fa21-4bd9-8dc4-4774c554fbc4: start 9c663db8-fa21-4bd9-8dc4-4774c554fbc4@group-21E004CD13D9-LeaderElection2
2024-11-29 05:29:36,133 [9c663db8-fa21-4bd9-8dc4-4774c554fbc4@group-21E004CD13D9-LeaderElection2] INFO  impl.LeaderElection (LeaderElection.java:askForVotes(332)) - 9c663db8-fa21-4bd9-8dc4-4774c554fbc4@group-21E004CD13D9-LeaderElection2 PRE_VOTE round 0: submit vote requests at term 0 for conf: {index: -1, cur=peers:[9c663db8-fa21-4bd9-8dc4-4774c554fbc4|127.0.0.1:15012]|listeners:[], old=null}
2024-11-29 05:29:36,133 [9c663db8-fa21-4bd9-8dc4-4774c554fbc4@group-21E004CD13D9-LeaderElection2] INFO  impl.LeaderElection (LeaderElection.java:askForVotes(334)) - 9c663db8-fa21-4bd9-8dc4-4774c554fbc4@group-21E004CD13D9-LeaderElection2 PRE_VOTE round 0: result PASSED (term=0)
2024-11-29 05:29:36,139 [9c663db8-fa21-4bd9-8dc4-4774c554fbc4@group-21E004CD13D9-LeaderElection2] INFO  impl.LeaderElection (LeaderElection.java:askForVotes(332)) - 9c663db8-fa21-4bd9-8dc4-4774c554fbc4@group-21E004CD13D9-LeaderElection2 ELECTION round 0: submit vote requests at term 1 for conf: {index: -1, cur=peers:[9c663db8-fa21-4bd9-8dc4-4774c554fbc4|127.0.0.1:15012]|listeners:[], old=null}
2024-11-29 05:29:36,139 [9c663db8-fa21-4bd9-8dc4-4774c554fbc4@group-21E004CD13D9-LeaderElection2] INFO  impl.LeaderElection (LeaderElection.java:askForVotes(334)) - 9c663db8-fa21-4bd9-8dc4-4774c554fbc4@group-21E004CD13D9-LeaderElection2 ELECTION round 0: result PASSED (term=1)
2024-11-29 05:29:36,139 [9c663db8-fa21-4bd9-8dc4-4774c554fbc4@group-21E004CD13D9-LeaderElection2] INFO  impl.RoleInfo (RoleInfo.java:shutdownLeaderElection(141)) - 9c663db8-fa21-4bd9-8dc4-4774c554fbc4: shutdown 9c663db8-fa21-4bd9-8dc4-4774c554fbc4@group-21E004CD13D9-LeaderElection2
2024-11-29 05:29:36,139 [9c663db8-fa21-4bd9-8dc4-4774c554fbc4@group-21E004CD13D9-LeaderElection2] INFO  server.RaftServer$Division (RaftServerImpl.java:setRole(378)) - 9c663db8-fa21-4bd9-8dc4-4774c554fbc4@group-21E004CD13D9: changes role from CANDIDATE to LEADER at term 1 for changeToLeader
2024-11-29 05:29:36,139 [9c663db8-fa21-4bd9-8dc4-4774c554fbc4@group-21E004CD13D9-LeaderElection2] INFO  server.RaftServerConfigKeys (ConfUtils.java:logGet(46)) - raft.server.staging.catchup.gap = 1000 (default)
2024-11-29 05:29:36,140 [9c663db8-fa21-4bd9-8dc4-4774c554fbc4@group-21E004CD13D9-LeaderElection2] INFO  server.RaftServerConfigKeys (ConfUtils.java:logGet(46)) - raft.server.write.element-limit = 1024 (custom)
2024-11-29 05:29:36,140 [9c663db8-fa21-4bd9-8dc4-4774c554fbc4@group-21E004CD13D9-LeaderElection2] INFO  server.RaftServerConfigKeys (ConfUtils.java:logGet(46)) - raft.server.write.byte-limit = 1024 M (=1073741824) (custom)
2024-11-29 05:29:36,140 [9c663db8-fa21-4bd9-8dc4-4774c554fbc4@group-21E004CD13D9-LeaderElection2] INFO  server.RaftServerConfigKeys (ConfUtils.java:logGet(46)) - raft.server.watch.timeout = 30s (custom)
2024-11-29 05:29:36,140 [9c663db8-fa21-4bd9-8dc4-4774c554fbc4@group-21E004CD13D9-LeaderElection2] INFO  server.RaftServerConfigKeys (ConfUtils.java:logGet(46)) - raft.server.watch.timeout.denomination = 1s (default)
2024-11-29 05:29:36,141 [9c663db8-fa21-4bd9-8dc4-4774c554fbc4@group-21E004CD13D9-LeaderElection2] INFO  server.RaftServerConfigKeys (ConfUtils.java:logGet(46)) - raft.server.watch.element-limit = 65536 (default)
2024-11-29 05:29:36,141 [9c663db8-fa21-4bd9-8dc4-4774c554fbc4@group-21E004CD13D9-LeaderElection2] INFO  server.RaftServerConfigKeys (ConfUtils.java:logGet(46)) - raft.server.read.leader.lease.enabled = false (default)
2024-11-29 05:29:36,141 [9c663db8-fa21-4bd9-8dc4-4774c554fbc4@group-21E004CD13D9-LeaderElection2] INFO  server.RaftServerConfigKeys (ConfUtils.java:logGet(46)) - raft.server.read.leader.lease.timeout.ratio = 0.9 (default)
2024-11-29 05:29:36,141 [9c663db8-fa21-4bd9-8dc4-4774c554fbc4@group-21E004CD13D9-LeaderElection2] INFO  server.RaftServerConfigKeys (ConfUtils.java:logGet(46)) - raft.server.rpc.timeout.min = 5s (custom)
2024-11-29 05:29:36,142 [9c663db8-fa21-4bd9-8dc4-4774c554fbc4@group-21E004CD13D9-LeaderElection2] INFO  server.RaftServerConfigKeys (ConfUtils.java:logGet(46)) - raft.server.log.log-metadata.enabled = true (default)
2024-11-29 05:29:36,142 [9c663db8-fa21-4bd9-8dc4-4774c554fbc4@group-21E004CD13D9-LeaderElection2] INFO  server.RaftServerConfigKeys (ConfUtils.java:logGet(46)) - raft.server.write.element-limit = 1024 (custom)
2024-11-29 05:29:36,142 [9c663db8-fa21-4bd9-8dc4-4774c554fbc4@group-21E004CD13D9-LeaderElection2] INFO  server.RaftServerConfigKeys (ConfUtils.java:logGet(46)) - raft.server.write.follower.gap.ratio.max = -1.0 (default)
2024-11-29 05:29:36,142 [9c663db8-fa21-4bd9-8dc4-4774c554fbc4@group-21E004CD13D9-LeaderElection2] INFO  impl.RoleInfo (RoleInfo.java:updateAndGet(148)) - 9c663db8-fa21-4bd9-8dc4-4774c554fbc4: start 9c663db8-fa21-4bd9-8dc4-4774c554fbc4@group-21E004CD13D9-LeaderStateImpl
2024-11-29 05:29:36,142 [9c663db8-fa21-4bd9-8dc4-4774c554fbc4@group-21E004CD13D9-LeaderElection2] INFO  server.RaftServer$Division (RaftServerImpl.java:setFirstElection(562)) - 9c663db8-fa21-4bd9-8dc4-4774c554fbc4@group-21E004CD13D9: set firstElectionSinceStartup to false for becomeLeader
2024-11-29 05:29:36,142 [9c663db8-fa21-4bd9-8dc4-4774c554fbc4@group-21E004CD13D9-LeaderElection2] INFO  ratis.XceiverServerRatis (XceiverServerRatis.java:handleLeaderChangedNotification(944)) - Leader change notification received for group: group-21E004CD13D9 with new leaderId: 9c663db8-fa21-4bd9-8dc4-4774c554fbc4
2024-11-29 05:29:36,143 [9c663db8-fa21-4bd9-8dc4-4774c554fbc4@group-21E004CD13D9-LeaderElection2] INFO  server.RaftServer$Division (ServerState.java:setLeader(272)) - 9c663db8-fa21-4bd9-8dc4-4774c554fbc4@group-21E004CD13D9: change Leader from null to 9c663db8-fa21-4bd9-8dc4-4774c554fbc4 at term 1 for becomeLeader, leader elected after 5068ms
2024-11-29 05:29:36,143 [9c663db8-fa21-4bd9-8dc4-4774c554fbc4@group-21E004CD13D9-LeaderElection2] INFO  segmented.SegmentedRaftLogWorker (SegmentedRaftLogWorker.java:startLogSegment(438)) - 9c663db8-fa21-4bd9-8dc4-4774c554fbc4@group-21E004CD13D9-SegmentedRaftLogWorker: Starting segment from index:0
2024-11-29 05:29:36,144 [9c663db8-fa21-4bd9-8dc4-4774c554fbc4@group-21E004CD13D9-LeaderElection2] INFO  server.RaftServer$Division (ServerState.java:setRaftConf(386)) - 9c663db8-fa21-4bd9-8dc4-4774c554fbc4@group-21E004CD13D9: set configuration conf: {index: 0, cur=peers:[9c663db8-fa21-4bd9-8dc4-4774c554fbc4|127.0.0.1:15012]|listeners:[], old=null}
2024-11-29 05:29:36,145 [9c663db8-fa21-4bd9-8dc4-4774c554fbc4@group-21E004CD13D9-SegmentedRaftLogWorker] INFO  segmented.BufferedWriteChannel (BufferedWriteChannel.java:open(61)) - open log_inprogress_0 at position 0
2024-11-29 05:29:36,147 [EventQueue-OpenPipelineForHealthyPipelineSafeModeRule] INFO  safemode.SCMSafeModeManager (HealthyPipelineSafeModeRule.java:process(140)) - SCM in safe mode. Healthy pipelines reported count is 0, required healthy pipeline reported count is 1
2024-11-29 05:29:36,156 [9c663db8-fa21-4bd9-8dc4-4774c554fbc4@group-21E004CD13D9-SegmentedRaftLogWorker] INFO  segmented.SegmentedRaftLogWorker (SegmentedRaftLogWorker.java:execute(644)) - 9c663db8-fa21-4bd9-8dc4-4774c554fbc4@group-21E004CD13D9-SegmentedRaftLogWorker: created new log segment /home/runner/work/ozone/ozone/hadoop-ozone/integration-test/target/test-dir/MiniOzoneClusterImpl-61f21677-568d-49d7-a2ee-8a05247fe249/ozone-meta/datanode-1/ratis/18d42424-64f9-445e-b0e6-21e004cd13d9/current/log_inprogress_0
2024-11-29 05:29:36,159 [9c663db8-fa21-4bd9-8dc4-4774c554fbc4@group-21E004CD13D9-StateMachineUpdater] INFO  server.RaftServer$Division (LeaderStateImpl.java:checkStartIndex(313)) - Leader 9c663db8-fa21-4bd9-8dc4-4774c554fbc4@group-21E004CD13D9-LeaderStateImpl is ready since appliedIndex == startIndex == 0
2024-11-29 05:29:36,271 [9c663db8-fa21-4bd9-8dc4-4774c554fbc4@group-8691A4D9751C-FollowerState] INFO  impl.FollowerState (FollowerState.java:runImpl(161)) - 9c663db8-fa21-4bd9-8dc4-4774c554fbc4@group-8691A4D9751C-FollowerState: change to CANDIDATE, lastRpcElapsedTime:5105181633ns, electionTimeout:5104ms
2024-11-29 05:29:36,272 [9c663db8-fa21-4bd9-8dc4-4774c554fbc4@group-8691A4D9751C-FollowerState] INFO  impl.RoleInfo (RoleInfo.java:shutdownFollowerState(121)) - 9c663db8-fa21-4bd9-8dc4-4774c554fbc4: shutdown 9c663db8-fa21-4bd9-8dc4-4774c554fbc4@group-8691A4D9751C-FollowerState
2024-11-29 05:29:36,272 [9c663db8-fa21-4bd9-8dc4-4774c554fbc4@group-8691A4D9751C-FollowerState] INFO  server.RaftServer$Division (RaftServerImpl.java:setRole(378)) - 9c663db8-fa21-4bd9-8dc4-4774c554fbc4@group-8691A4D9751C: changes role from  FOLLOWER to CANDIDATE at term 0 for changeToCandidate
2024-11-29 05:29:36,272 [9c663db8-fa21-4bd9-8dc4-4774c554fbc4@group-8691A4D9751C-FollowerState] INFO  server.RaftServerConfigKeys (ConfUtils.java:logGet(46)) - raft.server.leaderelection.pre-vote = true (default)
2024-11-29 05:29:36,272 [9c663db8-fa21-4bd9-8dc4-4774c554fbc4@group-8691A4D9751C-FollowerState] INFO  impl.RoleInfo (RoleInfo.java:updateAndGet(148)) - 9c663db8-fa21-4bd9-8dc4-4774c554fbc4: start 9c663db8-fa21-4bd9-8dc4-4774c554fbc4@group-8691A4D9751C-LeaderElection3
2024-11-29 05:29:36,272 [9c663db8-fa21-4bd9-8dc4-4774c554fbc4@group-8691A4D9751C-LeaderElection3] INFO  impl.LeaderElection (LeaderElection.java:askForVotes(332)) - 9c663db8-fa21-4bd9-8dc4-4774c554fbc4@group-8691A4D9751C-LeaderElection3 PRE_VOTE round 0: submit vote requests at term 0 for conf: {index: -1, cur=peers:[9c663db8-fa21-4bd9-8dc4-4774c554fbc4|127.0.0.1:15012, 46c085ae-d173-483e-a797-bf073fdc6d33|127.0.0.1:15030, ca425215-81ee-42b3-84d9-8ded1157efea|127.0.0.1:15021]|listeners:[], old=null}
2024-11-29 05:29:36,276 [9c663db8-fa21-4bd9-8dc4-4774c554fbc4@group-8691A4D9751C-LeaderElection3] INFO  server.RaftServerConfigKeys (ConfUtils.java:logFallback(53)) - raft.server.rpc.first-election.timeout.min = 5s (fallback to raft.server.rpc.timeout.min)
2024-11-29 05:29:36,277 [9c663db8-fa21-4bd9-8dc4-4774c554fbc4@group-8691A4D9751C-LeaderElection3] INFO  server.RaftServerConfigKeys (ConfUtils.java:logFallback(53)) - raft.server.rpc.first-election.timeout.max = 5200ms (fallback to raft.server.rpc.timeout.max)
2024-11-29 05:29:36,277 [9c663db8-fa21-4bd9-8dc4-4774c554fbc4@group-8691A4D9751C-LeaderElection3-1] INFO  server.GrpcServerProtocolClient (GrpcServerProtocolClient.java:<init>(65)) - Build channel for 46c085ae-d173-483e-a797-bf073fdc6d33|127.0.0.1:15030
2024-11-29 05:29:36,277 [9c663db8-fa21-4bd9-8dc4-4774c554fbc4@group-8691A4D9751C-LeaderElection3-2] INFO  server.GrpcServerProtocolClient (GrpcServerProtocolClient.java:<init>(65)) - Build channel for ca425215-81ee-42b3-84d9-8ded1157efea|127.0.0.1:15021
2024-11-29 05:29:36,284 [grpc-default-executor-0] INFO  server.RaftServer$Division (RaftServerImpl.java:requestVote(1407)) - ca425215-81ee-42b3-84d9-8ded1157efea@group-8691A4D9751C: receive requestVote(PRE_VOTE, 9c663db8-fa21-4bd9-8dc4-4774c554fbc4, group-8691A4D9751C, 0, (t:0, i:0))
2024-11-29 05:29:36,284 [grpc-default-executor-1] INFO  server.RaftServer$Division (RaftServerImpl.java:requestVote(1407)) - 46c085ae-d173-483e-a797-bf073fdc6d33@group-8691A4D9751C: receive requestVote(PRE_VOTE, 9c663db8-fa21-4bd9-8dc4-4774c554fbc4, group-8691A4D9751C, 0, (t:0, i:0))
2024-11-29 05:29:36,286 [grpc-default-executor-0] INFO  impl.VoteContext (VoteContext.java:log(49)) - ca425215-81ee-42b3-84d9-8ded1157efea@group-8691A4D9751C-FOLLOWER: reject PRE_VOTE from 9c663db8-fa21-4bd9-8dc4-4774c554fbc4: our priority 1 > candidate's priority 0
2024-11-29 05:29:36,286 [grpc-default-executor-1] INFO  impl.VoteContext (VoteContext.java:log(49)) - 46c085ae-d173-483e-a797-bf073fdc6d33@group-8691A4D9751C-FOLLOWER: accept PRE_VOTE from 9c663db8-fa21-4bd9-8dc4-4774c554fbc4: our priority 0 <= candidate's priority 0
2024-11-29 05:29:36,287 [grpc-default-executor-0] INFO  server.RaftServer$Division (RaftServerImpl.java:requestVote(1441)) - ca425215-81ee-42b3-84d9-8ded1157efea@group-8691A4D9751C replies to PRE_VOTE vote request: 9c663db8-fa21-4bd9-8dc4-4774c554fbc4<-ca425215-81ee-42b3-84d9-8ded1157efea#0:FAIL-t0. Peer's state: ca425215-81ee-42b3-84d9-8ded1157efea@group-8691A4D9751C:t0, leader=null, voted=, raftlog=Memoized:ca425215-81ee-42b3-84d9-8ded1157efea@group-8691A4D9751C-SegmentedRaftLog:OPENED:c-1:lastnull, conf=conf: {index: -1, cur=peers:[9c663db8-fa21-4bd9-8dc4-4774c554fbc4|127.0.0.1:15012, 46c085ae-d173-483e-a797-bf073fdc6d33|127.0.0.1:15030, ca425215-81ee-42b3-84d9-8ded1157efea|127.0.0.1:15021]|listeners:[], old=null}
2024-11-29 05:29:36,288 [grpc-default-executor-1] INFO  server.RaftServer$Division (RaftServerImpl.java:requestVote(1441)) - 46c085ae-d173-483e-a797-bf073fdc6d33@group-8691A4D9751C replies to PRE_VOTE vote request: 9c663db8-fa21-4bd9-8dc4-4774c554fbc4<-46c085ae-d173-483e-a797-bf073fdc6d33#0:OK-t0. Peer's state: 46c085ae-d173-483e-a797-bf073fdc6d33@group-8691A4D9751C:t0, leader=null, voted=, raftlog=Memoized:46c085ae-d173-483e-a797-bf073fdc6d33@group-8691A4D9751C-SegmentedRaftLog:OPENED:c-1:lastnull, conf=conf: {index: -1, cur=peers:[9c663db8-fa21-4bd9-8dc4-4774c554fbc4|127.0.0.1:15012, 46c085ae-d173-483e-a797-bf073fdc6d33|127.0.0.1:15030, ca425215-81ee-42b3-84d9-8ded1157efea|127.0.0.1:15021]|listeners:[], old=null}
2024-11-29 05:29:36,290 [9c663db8-fa21-4bd9-8dc4-4774c554fbc4@group-8691A4D9751C-LeaderElection3] INFO  impl.LeaderElection (LeaderElection.java:logAndReturn(90)) - 9c663db8-fa21-4bd9-8dc4-4774c554fbc4@group-8691A4D9751C-LeaderElection3: PRE_VOTE REJECTED received 1 response(s) and 0 exception(s):
2024-11-29 05:29:36,290 [9c663db8-fa21-4bd9-8dc4-4774c554fbc4@group-8691A4D9751C-LeaderElection3] INFO  impl.LeaderElection (LeaderElection.java:logAndReturn(94)) -   Response 0: 9c663db8-fa21-4bd9-8dc4-4774c554fbc4<-ca425215-81ee-42b3-84d9-8ded1157efea#0:FAIL-t0
2024-11-29 05:29:36,290 [9c663db8-fa21-4bd9-8dc4-4774c554fbc4@group-8691A4D9751C-LeaderElection3] INFO  impl.LeaderElection (LeaderElection.java:askForVotes(334)) - 9c663db8-fa21-4bd9-8dc4-4774c554fbc4@group-8691A4D9751C-LeaderElection3 PRE_VOTE round 0: result REJECTED
2024-11-29 05:29:36,290 [9c663db8-fa21-4bd9-8dc4-4774c554fbc4@group-8691A4D9751C-LeaderElection3] INFO  server.RaftServer$Division (RaftServerImpl.java:setRole(378)) - 9c663db8-fa21-4bd9-8dc4-4774c554fbc4@group-8691A4D9751C: changes role from CANDIDATE to FOLLOWER at term 0 for REJECTED
2024-11-29 05:29:36,291 [9c663db8-fa21-4bd9-8dc4-4774c554fbc4@group-8691A4D9751C-LeaderElection3] INFO  impl.RoleInfo (RoleInfo.java:shutdownLeaderElection(141)) - 9c663db8-fa21-4bd9-8dc4-4774c554fbc4: shutdown 9c663db8-fa21-4bd9-8dc4-4774c554fbc4@group-8691A4D9751C-LeaderElection3
2024-11-29 05:29:36,291 [9c663db8-fa21-4bd9-8dc4-4774c554fbc4@group-8691A4D9751C-LeaderElection3] INFO  impl.RoleInfo (RoleInfo.java:updateAndGet(148)) - 9c663db8-fa21-4bd9-8dc4-4774c554fbc4: start 9c663db8-fa21-4bd9-8dc4-4774c554fbc4@group-8691A4D9751C-FollowerState
2024-11-29 05:29:36,291 [9c663db8-fa21-4bd9-8dc4-4774c554fbc4@group-8691A4D9751C-LeaderElection3] INFO  server.RaftServer$Division (RaftServerImpl.java:setFirstElection(562)) - 9c663db8-fa21-4bd9-8dc4-4774c554fbc4@group-8691A4D9751C: set firstElectionSinceStartup to false for REJECTED
2024-11-29 05:29:36,615 [ca425215-81ee-42b3-84d9-8ded1157efea@group-8691A4D9751C-FollowerState] INFO  impl.FollowerState (FollowerState.java:runImpl(161)) - ca425215-81ee-42b3-84d9-8ded1157efea@group-8691A4D9751C-FollowerState: change to CANDIDATE, lastRpcElapsedTime:5124996407ns, electionTimeout:5124ms
2024-11-29 05:29:36,615 [ca425215-81ee-42b3-84d9-8ded1157efea@group-8691A4D9751C-FollowerState] INFO  impl.RoleInfo (RoleInfo.java:shutdownFollowerState(121)) - ca425215-81ee-42b3-84d9-8ded1157efea: shutdown ca425215-81ee-42b3-84d9-8ded1157efea@group-8691A4D9751C-FollowerState
2024-11-29 05:29:36,615 [ca425215-81ee-42b3-84d9-8ded1157efea@group-8691A4D9751C-FollowerState] INFO  server.RaftServer$Division (RaftServerImpl.java:setRole(378)) - ca425215-81ee-42b3-84d9-8ded1157efea@group-8691A4D9751C: changes role from  FOLLOWER to CANDIDATE at term 0 for changeToCandidate
2024-11-29 05:29:36,616 [ca425215-81ee-42b3-84d9-8ded1157efea@group-8691A4D9751C-FollowerState] INFO  server.RaftServerConfigKeys (ConfUtils.java:logGet(46)) - raft.server.leaderelection.pre-vote = true (default)
2024-11-29 05:29:36,616 [ca425215-81ee-42b3-84d9-8ded1157efea@group-8691A4D9751C-FollowerState] INFO  impl.RoleInfo (RoleInfo.java:updateAndGet(148)) - ca425215-81ee-42b3-84d9-8ded1157efea: start ca425215-81ee-42b3-84d9-8ded1157efea@group-8691A4D9751C-LeaderElection4
2024-11-29 05:29:36,616 [ca425215-81ee-42b3-84d9-8ded1157efea@group-8691A4D9751C-LeaderElection4] INFO  impl.LeaderElection (LeaderElection.java:askForVotes(332)) - ca425215-81ee-42b3-84d9-8ded1157efea@group-8691A4D9751C-LeaderElection4 PRE_VOTE round 0: submit vote requests at term 0 for conf: {index: -1, cur=peers:[9c663db8-fa21-4bd9-8dc4-4774c554fbc4|127.0.0.1:15012, 46c085ae-d173-483e-a797-bf073fdc6d33|127.0.0.1:15030, ca425215-81ee-42b3-84d9-8ded1157efea|127.0.0.1:15021]|listeners:[], old=null}
2024-11-29 05:29:36,617 [ca425215-81ee-42b3-84d9-8ded1157efea@group-8691A4D9751C-LeaderElection4-1] INFO  server.GrpcServerProtocolClient (GrpcServerProtocolClient.java:<init>(65)) - Build channel for 9c663db8-fa21-4bd9-8dc4-4774c554fbc4|127.0.0.1:15012
2024-11-29 05:29:36,617 [ca425215-81ee-42b3-84d9-8ded1157efea@group-8691A4D9751C-LeaderElection4] INFO  server.RaftServerConfigKeys (ConfUtils.java:logFallback(53)) - raft.server.rpc.first-election.timeout.min = 5s (fallback to raft.server.rpc.timeout.min)
2024-11-29 05:29:36,617 [ca425215-81ee-42b3-84d9-8ded1157efea@group-8691A4D9751C-LeaderElection4] INFO  server.RaftServerConfigKeys (ConfUtils.java:logFallback(53)) - raft.server.rpc.first-election.timeout.max = 5200ms (fallback to raft.server.rpc.timeout.max)
2024-11-29 05:29:36,617 [ca425215-81ee-42b3-84d9-8ded1157efea@group-8691A4D9751C-LeaderElection4-2] INFO  server.GrpcServerProtocolClient (GrpcServerProtocolClient.java:<init>(65)) - Build channel for 46c085ae-d173-483e-a797-bf073fdc6d33|127.0.0.1:15030
2024-11-29 05:29:36,623 [grpc-default-executor-1] INFO  server.RaftServer$Division (RaftServerImpl.java:requestVote(1407)) - 46c085ae-d173-483e-a797-bf073fdc6d33@group-8691A4D9751C: receive requestVote(PRE_VOTE, ca425215-81ee-42b3-84d9-8ded1157efea, group-8691A4D9751C, 0, (t:0, i:0))
2024-11-29 05:29:36,623 [grpc-default-executor-1] INFO  impl.VoteContext (VoteContext.java:log(49)) - 46c085ae-d173-483e-a797-bf073fdc6d33@group-8691A4D9751C-FOLLOWER: accept PRE_VOTE from ca425215-81ee-42b3-84d9-8ded1157efea: our priority 0 <= candidate's priority 1
2024-11-29 05:29:36,623 [grpc-default-executor-1] INFO  server.RaftServer$Division (RaftServerImpl.java:requestVote(1441)) - 46c085ae-d173-483e-a797-bf073fdc6d33@group-8691A4D9751C replies to PRE_VOTE vote request: ca425215-81ee-42b3-84d9-8ded1157efea<-46c085ae-d173-483e-a797-bf073fdc6d33#0:OK-t0. Peer's state: 46c085ae-d173-483e-a797-bf073fdc6d33@group-8691A4D9751C:t0, leader=null, voted=, raftlog=Memoized:46c085ae-d173-483e-a797-bf073fdc6d33@group-8691A4D9751C-SegmentedRaftLog:OPENED:c-1:lastnull, conf=conf: {index: -1, cur=peers:[9c663db8-fa21-4bd9-8dc4-4774c554fbc4|127.0.0.1:15012, 46c085ae-d173-483e-a797-bf073fdc6d33|127.0.0.1:15030, ca425215-81ee-42b3-84d9-8ded1157efea|127.0.0.1:15021]|listeners:[], old=null}
2024-11-29 05:29:36,625 [grpc-default-executor-1] INFO  server.RaftServer$Division (RaftServerImpl.java:requestVote(1407)) - 9c663db8-fa21-4bd9-8dc4-4774c554fbc4@group-8691A4D9751C: receive requestVote(PRE_VOTE, ca425215-81ee-42b3-84d9-8ded1157efea, group-8691A4D9751C, 0, (t:0, i:0))
2024-11-29 05:29:36,626 [grpc-default-executor-1] INFO  impl.VoteContext (VoteContext.java:log(49)) - 9c663db8-fa21-4bd9-8dc4-4774c554fbc4@group-8691A4D9751C-FOLLOWER: accept PRE_VOTE from ca425215-81ee-42b3-84d9-8ded1157efea: our priority 0 <= candidate's priority 1
2024-11-29 05:29:36,626 [grpc-default-executor-1] INFO  server.RaftServer$Division (RaftServerImpl.java:requestVote(1441)) - 9c663db8-fa21-4bd9-8dc4-4774c554fbc4@group-8691A4D9751C replies to PRE_VOTE vote request: ca425215-81ee-42b3-84d9-8ded1157efea<-9c663db8-fa21-4bd9-8dc4-4774c554fbc4#0:OK-t0. Peer's state: 9c663db8-fa21-4bd9-8dc4-4774c554fbc4@group-8691A4D9751C:t0, leader=null, voted=, raftlog=Memoized:9c663db8-fa21-4bd9-8dc4-4774c554fbc4@group-8691A4D9751C-SegmentedRaftLog:OPENED:c-1:lastnull, conf=conf: {index: -1, cur=peers:[9c663db8-fa21-4bd9-8dc4-4774c554fbc4|127.0.0.1:15012, 46c085ae-d173-483e-a797-bf073fdc6d33|127.0.0.1:15030, ca425215-81ee-42b3-84d9-8ded1157efea|127.0.0.1:15021]|listeners:[], old=null}
2024-11-29 05:29:36,627 [ca425215-81ee-42b3-84d9-8ded1157efea@group-8691A4D9751C-LeaderElection4] INFO  impl.LeaderElection (LeaderElection.java:logAndReturn(90)) - ca425215-81ee-42b3-84d9-8ded1157efea@group-8691A4D9751C-LeaderElection4: PRE_VOTE PASSED received 1 response(s) and 0 exception(s):
2024-11-29 05:29:36,627 [ca425215-81ee-42b3-84d9-8ded1157efea@group-8691A4D9751C-LeaderElection4] INFO  impl.LeaderElection (LeaderElection.java:logAndReturn(94)) -   Response 0: ca425215-81ee-42b3-84d9-8ded1157efea<-46c085ae-d173-483e-a797-bf073fdc6d33#0:OK-t0
2024-11-29 05:29:36,627 [ca425215-81ee-42b3-84d9-8ded1157efea@group-8691A4D9751C-LeaderElection4] INFO  impl.LeaderElection (LeaderElection.java:askForVotes(334)) - ca425215-81ee-42b3-84d9-8ded1157efea@group-8691A4D9751C-LeaderElection4 PRE_VOTE round 0: result PASSED
2024-11-29 05:29:36,629 [ca425215-81ee-42b3-84d9-8ded1157efea@group-8691A4D9751C-LeaderElection4] INFO  impl.LeaderElection (LeaderElection.java:askForVotes(332)) - ca425215-81ee-42b3-84d9-8ded1157efea@group-8691A4D9751C-LeaderElection4 ELECTION round 0: submit vote requests at term 1 for conf: {index: -1, cur=peers:[9c663db8-fa21-4bd9-8dc4-4774c554fbc4|127.0.0.1:15012, 46c085ae-d173-483e-a797-bf073fdc6d33|127.0.0.1:15030, ca425215-81ee-42b3-84d9-8ded1157efea|127.0.0.1:15021]|listeners:[], old=null}
2024-11-29 05:29:36,630 [ca425215-81ee-42b3-84d9-8ded1157efea@group-8691A4D9751C-LeaderElection4] INFO  server.RaftServerConfigKeys (ConfUtils.java:logFallback(53)) - raft.server.rpc.first-election.timeout.min = 5s (fallback to raft.server.rpc.timeout.min)
2024-11-29 05:29:36,630 [ca425215-81ee-42b3-84d9-8ded1157efea@group-8691A4D9751C-LeaderElection4] INFO  server.RaftServerConfigKeys (ConfUtils.java:logFallback(53)) - raft.server.rpc.first-election.timeout.max = 5200ms (fallback to raft.server.rpc.timeout.max)
2024-11-29 05:29:36,632 [grpc-default-executor-0] INFO  server.RaftServer$Division (RaftServerImpl.java:requestVote(1407)) - 46c085ae-d173-483e-a797-bf073fdc6d33@group-8691A4D9751C: receive requestVote(ELECTION, ca425215-81ee-42b3-84d9-8ded1157efea, group-8691A4D9751C, 1, (t:0, i:0))
2024-11-29 05:29:36,632 [grpc-default-executor-0] INFO  impl.VoteContext (VoteContext.java:log(49)) - 46c085ae-d173-483e-a797-bf073fdc6d33@group-8691A4D9751C-FOLLOWER: accept ELECTION from ca425215-81ee-42b3-84d9-8ded1157efea: our priority 0 <= candidate's priority 1
2024-11-29 05:29:36,633 [grpc-default-executor-0] INFO  server.RaftServer$Division (RaftServerImpl.java:setRole(378)) - 46c085ae-d173-483e-a797-bf073fdc6d33@group-8691A4D9751C: changes role from  FOLLOWER to FOLLOWER at term 0 for candidate:ca425215-81ee-42b3-84d9-8ded1157efea
2024-11-29 05:29:36,633 [grpc-default-executor-0] INFO  impl.RoleInfo (RoleInfo.java:shutdownFollowerState(121)) - 46c085ae-d173-483e-a797-bf073fdc6d33: shutdown 46c085ae-d173-483e-a797-bf073fdc6d33@group-8691A4D9751C-FollowerState
2024-11-29 05:29:36,633 [grpc-default-executor-0] INFO  impl.RoleInfo (RoleInfo.java:updateAndGet(148)) - 46c085ae-d173-483e-a797-bf073fdc6d33: start 46c085ae-d173-483e-a797-bf073fdc6d33@group-8691A4D9751C-FollowerState
2024-11-29 05:29:36,633 [46c085ae-d173-483e-a797-bf073fdc6d33@group-8691A4D9751C-FollowerState] INFO  impl.FollowerState (FollowerState.java:runImpl(170)) - 46c085ae-d173-483e-a797-bf073fdc6d33@group-8691A4D9751C-FollowerState was interrupted
2024-11-29 05:29:36,633 [grpc-default-executor-1] INFO  server.RaftServer$Division (RaftServerImpl.java:requestVote(1407)) - 9c663db8-fa21-4bd9-8dc4-4774c554fbc4@group-8691A4D9751C: receive requestVote(ELECTION, ca425215-81ee-42b3-84d9-8ded1157efea, group-8691A4D9751C, 1, (t:0, i:0))
2024-11-29 05:29:36,633 [grpc-default-executor-1] INFO  impl.VoteContext (VoteContext.java:log(49)) - 9c663db8-fa21-4bd9-8dc4-4774c554fbc4@group-8691A4D9751C-FOLLOWER: accept ELECTION from ca425215-81ee-42b3-84d9-8ded1157efea: our priority 0 <= candidate's priority 1
2024-11-29 05:29:36,633 [grpc-default-executor-0] INFO  server.RaftServer$Division (RaftServerImpl.java:setFirstElection(562)) - 46c085ae-d173-483e-a797-bf073fdc6d33@group-8691A4D9751C: set firstElectionSinceStartup to false for candidate:ca425215-81ee-42b3-84d9-8ded1157efea
2024-11-29 05:29:36,634 [grpc-default-executor-1] INFO  server.RaftServer$Division (RaftServerImpl.java:setRole(378)) - 9c663db8-fa21-4bd9-8dc4-4774c554fbc4@group-8691A4D9751C: changes role from  FOLLOWER to FOLLOWER at term 0 for candidate:ca425215-81ee-42b3-84d9-8ded1157efea
2024-11-29 05:29:36,634 [grpc-default-executor-1] INFO  impl.RoleInfo (RoleInfo.java:shutdownFollowerState(121)) - 9c663db8-fa21-4bd9-8dc4-4774c554fbc4: shutdown 9c663db8-fa21-4bd9-8dc4-4774c554fbc4@group-8691A4D9751C-FollowerState
2024-11-29 05:29:36,634 [grpc-default-executor-1] INFO  impl.RoleInfo (RoleInfo.java:updateAndGet(148)) - 9c663db8-fa21-4bd9-8dc4-4774c554fbc4: start 9c663db8-fa21-4bd9-8dc4-4774c554fbc4@group-8691A4D9751C-FollowerState
2024-11-29 05:29:36,634 [9c663db8-fa21-4bd9-8dc4-4774c554fbc4@group-8691A4D9751C-FollowerState] INFO  impl.FollowerState (FollowerState.java:runImpl(170)) - 9c663db8-fa21-4bd9-8dc4-4774c554fbc4@group-8691A4D9751C-FollowerState was interrupted
2024-11-29 05:29:36,635 [grpc-default-executor-0] INFO  server.RaftServer$Division (RaftServerImpl.java:requestVote(1441)) - 46c085ae-d173-483e-a797-bf073fdc6d33@group-8691A4D9751C replies to ELECTION vote request: ca425215-81ee-42b3-84d9-8ded1157efea<-46c085ae-d173-483e-a797-bf073fdc6d33#0:OK-t1. Peer's state: 46c085ae-d173-483e-a797-bf073fdc6d33@group-8691A4D9751C:t1, leader=null, voted=ca425215-81ee-42b3-84d9-8ded1157efea, raftlog=Memoized:46c085ae-d173-483e-a797-bf073fdc6d33@group-8691A4D9751C-SegmentedRaftLog:OPENED:c-1:lastnull, conf=conf: {index: -1, cur=peers:[9c663db8-fa21-4bd9-8dc4-4774c554fbc4|127.0.0.1:15012, 46c085ae-d173-483e-a797-bf073fdc6d33|127.0.0.1:15030, ca425215-81ee-42b3-84d9-8ded1157efea|127.0.0.1:15021]|listeners:[], old=null}
2024-11-29 05:29:36,636 [grpc-default-executor-1] INFO  server.RaftServer$Division (RaftServerImpl.java:requestVote(1441)) - 9c663db8-fa21-4bd9-8dc4-4774c554fbc4@group-8691A4D9751C replies to ELECTION vote request: ca425215-81ee-42b3-84d9-8ded1157efea<-9c663db8-fa21-4bd9-8dc4-4774c554fbc4#0:OK-t1. Peer's state: 9c663db8-fa21-4bd9-8dc4-4774c554fbc4@group-8691A4D9751C:t1, leader=null, voted=ca425215-81ee-42b3-84d9-8ded1157efea, raftlog=Memoized:9c663db8-fa21-4bd9-8dc4-4774c554fbc4@group-8691A4D9751C-SegmentedRaftLog:OPENED:c-1:lastnull, conf=conf: {index: -1, cur=peers:[9c663db8-fa21-4bd9-8dc4-4774c554fbc4|127.0.0.1:15012, 46c085ae-d173-483e-a797-bf073fdc6d33|127.0.0.1:15030, ca425215-81ee-42b3-84d9-8ded1157efea|127.0.0.1:15021]|listeners:[], old=null}
2024-11-29 05:29:36,637 [ca425215-81ee-42b3-84d9-8ded1157efea@group-8691A4D9751C-LeaderElection4] INFO  impl.LeaderElection (LeaderElection.java:logAndReturn(90)) - ca425215-81ee-42b3-84d9-8ded1157efea@group-8691A4D9751C-LeaderElection4: ELECTION PASSED received 1 response(s) and 0 exception(s):
2024-11-29 05:29:36,637 [ca425215-81ee-42b3-84d9-8ded1157efea@group-8691A4D9751C-LeaderElection4] INFO  impl.LeaderElection (LeaderElection.java:logAndReturn(94)) -   Response 0: ca425215-81ee-42b3-84d9-8ded1157efea<-9c663db8-fa21-4bd9-8dc4-4774c554fbc4#0:OK-t1
2024-11-29 05:29:36,637 [ca425215-81ee-42b3-84d9-8ded1157efea@group-8691A4D9751C-LeaderElection4] INFO  impl.LeaderElection (LeaderElection.java:askForVotes(334)) - ca425215-81ee-42b3-84d9-8ded1157efea@group-8691A4D9751C-LeaderElection4 ELECTION round 0: result PASSED
2024-11-29 05:29:36,637 [ca425215-81ee-42b3-84d9-8ded1157efea@group-8691A4D9751C-LeaderElection4] INFO  impl.RoleInfo (RoleInfo.java:shutdownLeaderElection(141)) - ca425215-81ee-42b3-84d9-8ded1157efea: shutdown ca425215-81ee-42b3-84d9-8ded1157efea@group-8691A4D9751C-LeaderElection4
2024-11-29 05:29:36,637 [ca425215-81ee-42b3-84d9-8ded1157efea@group-8691A4D9751C-LeaderElection4] INFO  server.RaftServer$Division (RaftServerImpl.java:setRole(378)) - ca425215-81ee-42b3-84d9-8ded1157efea@group-8691A4D9751C: changes role from CANDIDATE to LEADER at term 1 for changeToLeader
2024-11-29 05:29:36,637 [ca425215-81ee-42b3-84d9-8ded1157efea@group-8691A4D9751C-LeaderElection4] INFO  server.RaftServerConfigKeys (ConfUtils.java:logGet(46)) - raft.server.staging.catchup.gap = 1000 (default)
2024-11-29 05:29:36,638 [ca425215-81ee-42b3-84d9-8ded1157efea@group-8691A4D9751C-LeaderElection4] INFO  server.RaftServerConfigKeys (ConfUtils.java:logGet(46)) - raft.server.write.element-limit = 1024 (custom)
2024-11-29 05:29:36,638 [ca425215-81ee-42b3-84d9-8ded1157efea@group-8691A4D9751C-LeaderElection4] INFO  server.RaftServerConfigKeys (ConfUtils.java:logGet(46)) - raft.server.write.byte-limit = 1024 M (=1073741824) (custom)
2024-11-29 05:29:36,638 [ca425215-81ee-42b3-84d9-8ded1157efea@group-8691A4D9751C-LeaderElection4] INFO  server.RaftServerConfigKeys (ConfUtils.java:logGet(46)) - raft.server.watch.timeout = 30s (custom)
2024-11-29 05:29:36,638 [ca425215-81ee-42b3-84d9-8ded1157efea@group-8691A4D9751C-LeaderElection4] INFO  server.RaftServerConfigKeys (ConfUtils.java:logGet(46)) - raft.server.watch.timeout.denomination = 1s (default)
2024-11-29 05:29:36,638 [ca425215-81ee-42b3-84d9-8ded1157efea@group-8691A4D9751C-LeaderElection4] INFO  server.RaftServerConfigKeys (ConfUtils.java:logGet(46)) - raft.server.watch.element-limit = 65536 (default)
2024-11-29 05:29:36,639 [ca425215-81ee-42b3-84d9-8ded1157efea@group-8691A4D9751C-LeaderElection4] INFO  server.RaftServerConfigKeys (ConfUtils.java:logGet(46)) - raft.server.read.leader.lease.enabled = false (default)
2024-11-29 05:29:36,639 [ca425215-81ee-42b3-84d9-8ded1157efea@group-8691A4D9751C-LeaderElection4] INFO  server.RaftServerConfigKeys (ConfUtils.java:logGet(46)) - raft.server.read.leader.lease.timeout.ratio = 0.9 (default)
2024-11-29 05:29:36,639 [ca425215-81ee-42b3-84d9-8ded1157efea@group-8691A4D9751C-LeaderElection4] INFO  server.RaftServerConfigKeys (ConfUtils.java:logGet(46)) - raft.server.rpc.timeout.min = 5s (custom)
2024-11-29 05:29:36,639 [ca425215-81ee-42b3-84d9-8ded1157efea@group-8691A4D9751C-LeaderElection4] INFO  server.RaftServerConfigKeys (ConfUtils.java:logGet(46)) - raft.server.log.log-metadata.enabled = true (default)
2024-11-29 05:29:36,639 [ca425215-81ee-42b3-84d9-8ded1157efea@group-8691A4D9751C-LeaderElection4] INFO  server.RaftServerConfigKeys (ConfUtils.java:logGet(46)) - raft.server.write.element-limit = 1024 (custom)
2024-11-29 05:29:36,639 [ca425215-81ee-42b3-84d9-8ded1157efea@group-8691A4D9751C-LeaderElection4] INFO  server.RaftServerConfigKeys (ConfUtils.java:logGet(46)) - raft.server.write.follower.gap.ratio.max = -1.0 (default)
2024-11-29 05:29:36,645 [ca425215-81ee-42b3-84d9-8ded1157efea@group-8691A4D9751C-LeaderElection4] INFO  server.RaftServerConfigKeys (ConfUtils.java:logGet(46)) - raft.server.log.appender.snapshot.chunk.size.max = 16MB (=16777216) (default)
2024-11-29 05:29:36,645 [ca425215-81ee-42b3-84d9-8ded1157efea@group-8691A4D9751C-LeaderElection4] INFO  server.RaftServerConfigKeys (ConfUtils.java:logGet(46)) - raft.server.log.appender.buffer.byte-limit = 33554432 (custom)
2024-11-29 05:29:36,645 [ca425215-81ee-42b3-84d9-8ded1157efea@group-8691A4D9751C-LeaderElection4] INFO  server.RaftServerConfigKeys (ConfUtils.java:logGet(46)) - raft.server.log.appender.buffer.element-limit = 1024 (custom)
2024-11-29 05:29:36,647 [ca425215-81ee-42b3-84d9-8ded1157efea@group-8691A4D9751C-LeaderElection4] INFO  server.RaftServerConfigKeys (ConfUtils.java:logGet(46)) - raft.server.log.appender.wait-time.min = 0μs (custom)
2024-11-29 05:29:36,647 [ca425215-81ee-42b3-84d9-8ded1157efea@group-8691A4D9751C-LeaderElection4] INFO  grpc.GrpcConfigKeys (ConfUtils.java:logGet(46)) - raft.grpc.server.leader.outstanding.appends.max = 8 (default)
2024-11-29 05:29:36,648 [ca425215-81ee-42b3-84d9-8ded1157efea@group-8691A4D9751C-LeaderElection4] INFO  server.RaftServerConfigKeys (ConfUtils.java:logGet(46)) - raft.server.rpc.request.timeout = 60s (custom)
2024-11-29 05:29:36,648 [ca425215-81ee-42b3-84d9-8ded1157efea@group-8691A4D9751C-LeaderElection4] INFO  grpc.GrpcConfigKeys (ConfUtils.java:logGet(46)) - raft.grpc.server.install_snapshot.request.element-limit = 8 (default)
2024-11-29 05:29:36,648 [ca425215-81ee-42b3-84d9-8ded1157efea@group-8691A4D9751C-LeaderElection4] INFO  grpc.GrpcConfigKeys (ConfUtils.java:logGet(46)) - raft.grpc.server.install_snapshot.request.timeout = 3000ms (default)
2024-11-29 05:29:36,648 [ca425215-81ee-42b3-84d9-8ded1157efea@group-8691A4D9751C-LeaderElection4] INFO  grpc.GrpcConfigKeys (ConfUtils.java:logGet(46)) - raft.grpc.server.log-message.batch.duration = 5s (default)
2024-11-29 05:29:36,648 [ca425215-81ee-42b3-84d9-8ded1157efea@group-8691A4D9751C-LeaderElection4] INFO  server.RaftServerConfigKeys (ConfUtils.java:logGet(46)) - raft.server.log.appender.install.snapshot.enabled = false (custom)
2024-11-29 05:29:36,648 [ca425215-81ee-42b3-84d9-8ded1157efea@group-8691A4D9751C-LeaderElection4] INFO  grpc.GrpcConfigKeys (ConfUtils.java:logGet(46)) - raft.grpc.server.heartbeat.channel = true (default)
2024-11-29 05:29:36,651 [ca425215-81ee-42b3-84d9-8ded1157efea@group-8691A4D9751C-LeaderElection4] INFO  server.RaftServerConfigKeys (ConfUtils.java:logGet(46)) - raft.server.log.appender.snapshot.chunk.size.max = 16MB (=16777216) (default)
2024-11-29 05:29:36,651 [ca425215-81ee-42b3-84d9-8ded1157efea@group-8691A4D9751C-LeaderElection4] INFO  server.RaftServerConfigKeys (ConfUtils.java:logGet(46)) - raft.server.log.appender.buffer.byte-limit = 33554432 (custom)
2024-11-29 05:29:36,651 [ca425215-81ee-42b3-84d9-8ded1157efea@group-8691A4D9751C-LeaderElection4] INFO  server.RaftServerConfigKeys (ConfUtils.java:logGet(46)) - raft.server.log.appender.buffer.element-limit = 1024 (custom)
2024-11-29 05:29:36,651 [ca425215-81ee-42b3-84d9-8ded1157efea@group-8691A4D9751C-LeaderElection4] INFO  server.RaftServerConfigKeys (ConfUtils.java:logGet(46)) - raft.server.log.appender.wait-time.min = 0μs (custom)
2024-11-29 05:29:36,651 [ca425215-81ee-42b3-84d9-8ded1157efea@group-8691A4D9751C-LeaderElection4] INFO  grpc.GrpcConfigKeys (ConfUtils.java:logGet(46)) - raft.grpc.server.leader.outstanding.appends.max = 8 (default)
2024-11-29 05:29:36,651 [ca425215-81ee-42b3-84d9-8ded1157efea@group-8691A4D9751C-LeaderElection4] INFO  server.RaftServerConfigKeys (ConfUtils.java:logGet(46)) - raft.server.rpc.request.timeout = 60s (custom)
2024-11-29 05:29:36,651 [ca425215-81ee-42b3-84d9-8ded1157efea@group-8691A4D9751C-LeaderElection4] INFO  grpc.GrpcConfigKeys (ConfUtils.java:logGet(46)) - raft.grpc.server.install_snapshot.request.element-limit = 8 (default)
2024-11-29 05:29:36,651 [ca425215-81ee-42b3-84d9-8ded1157efea@group-8691A4D9751C-LeaderElection4] INFO  grpc.GrpcConfigKeys (ConfUtils.java:logGet(46)) - raft.grpc.server.install_snapshot.request.timeout = 3000ms (default)
2024-11-29 05:29:36,651 [ca425215-81ee-42b3-84d9-8ded1157efea@group-8691A4D9751C-LeaderElection4] INFO  grpc.GrpcConfigKeys (ConfUtils.java:logGet(46)) - raft.grpc.server.log-message.batch.duration = 5s (default)
2024-11-29 05:29:36,651 [ca425215-81ee-42b3-84d9-8ded1157efea@group-8691A4D9751C-LeaderElection4] INFO  server.RaftServerConfigKeys (ConfUtils.java:logGet(46)) - raft.server.log.appender.install.snapshot.enabled = false (custom)
2024-11-29 05:29:36,651 [ca425215-81ee-42b3-84d9-8ded1157efea@group-8691A4D9751C-LeaderElection4] INFO  grpc.GrpcConfigKeys (ConfUtils.java:logGet(46)) - raft.grpc.server.heartbeat.channel = true (default)
2024-11-29 05:29:36,652 [ca425215-81ee-42b3-84d9-8ded1157efea@group-8691A4D9751C-LeaderElection4] INFO  impl.RoleInfo (RoleInfo.java:updateAndGet(148)) - ca425215-81ee-42b3-84d9-8ded1157efea: start ca425215-81ee-42b3-84d9-8ded1157efea@group-8691A4D9751C-LeaderStateImpl
2024-11-29 05:29:36,653 [ca425215-81ee-42b3-84d9-8ded1157efea@group-8691A4D9751C-LeaderElection4] INFO  server.RaftServer$Division (RaftServerImpl.java:setFirstElection(562)) - ca425215-81ee-42b3-84d9-8ded1157efea@group-8691A4D9751C: set firstElectionSinceStartup to false for becomeLeader
2024-11-29 05:29:36,653 [ca425215-81ee-42b3-84d9-8ded1157efea@group-8691A4D9751C-LeaderElection4] INFO  ratis.XceiverServerRatis (XceiverServerRatis.java:handleLeaderChangedNotification(944)) - Leader change notification received for group: group-8691A4D9751C with new leaderId: ca425215-81ee-42b3-84d9-8ded1157efea
2024-11-29 05:29:36,653 [ca425215-81ee-42b3-84d9-8ded1157efea@group-8691A4D9751C-LeaderElection4] INFO  server.RaftServer$Division (ServerState.java:setLeader(272)) - ca425215-81ee-42b3-84d9-8ded1157efea@group-8691A4D9751C: change Leader from null to ca425215-81ee-42b3-84d9-8ded1157efea at term 1 for becomeLeader, leader elected after 5193ms
2024-11-29 05:29:36,653 [ca425215-81ee-42b3-84d9-8ded1157efea@group-8691A4D9751C-LeaderElection4] INFO  segmented.SegmentedRaftLogWorker (SegmentedRaftLogWorker.java:startLogSegment(438)) - ca425215-81ee-42b3-84d9-8ded1157efea@group-8691A4D9751C-SegmentedRaftLogWorker: Starting segment from index:0
2024-11-29 05:29:36,654 [ca425215-81ee-42b3-84d9-8ded1157efea@group-8691A4D9751C-SegmentedRaftLogWorker] INFO  segmented.BufferedWriteChannel (BufferedWriteChannel.java:open(61)) - open log_inprogress_0 at position 0
2024-11-29 05:29:36,655 [ca425215-81ee-42b3-84d9-8ded1157efea@group-8691A4D9751C-LeaderElection4] INFO  server.RaftServer$Division (ServerState.java:setRaftConf(386)) - ca425215-81ee-42b3-84d9-8ded1157efea@group-8691A4D9751C: set configuration conf: {index: 0, cur=peers:[9c663db8-fa21-4bd9-8dc4-4774c554fbc4|127.0.0.1:15012, 46c085ae-d173-483e-a797-bf073fdc6d33|127.0.0.1:15030, ca425215-81ee-42b3-84d9-8ded1157efea|127.0.0.1:15021]|listeners:[], old=null}
2024-11-29 05:29:36,660 [EventQueue-PipelineReportForPipelineReportHandler] INFO  pipeline.PipelineReportHandler (PipelineReportHandler.java:processPipelineReport(147)) - Opened pipeline PipelineID=34e6819b-0e9b-433b-a940-8691a4d9751c
2024-11-29 05:29:36,660 [EventQueue-OpenPipelineForHealthyPipelineSafeModeRule] INFO  safemode.SCMSafeModeManager (HealthyPipelineSafeModeRule.java:process(140)) - SCM in safe mode. Healthy pipelines reported count is 1, required healthy pipeline reported count is 1
2024-11-29 05:29:36,660 [EventQueue-OpenPipelineForHealthyPipelineSafeModeRule] INFO  safemode.SCMSafeModeManager (SCMSafeModeManager.java:validateSafeModeExitRules(203)) - HealthyPipelineSafeModeRule rule is successfully validated
2024-11-29 05:29:36,660 [EventQueue-OpenPipelineForHealthyPipelineSafeModeRule] INFO  safemode.SCMSafeModeManager (SCMSafeModeManager.java:validateSafeModeExitRules(218)) - ScmSafeModeManager, all rules are successfully validated
2024-11-29 05:29:36,661 [EventQueue-OpenPipelineForHealthyPipelineSafeModeRule] INFO  safemode.SCMSafeModeManager (SCMSafeModeManager.java:exitSafeMode(248)) - SCM exiting safe mode.
2024-11-29 05:29:36,661 [EventQueue-OpenPipelineForHealthyPipelineSafeModeRule] INFO  ha.SCMContext (SCMContext.java:updateSafeModeStatus(225)) - Update SafeModeStatus from SafeModeStatus{safeModeStatus=true, preCheckPassed=true} to SafeModeStatus{safeModeStatus=false, preCheckPassed=true}.
2024-11-29 05:29:36,661 [EventQueue-OpenPipelineForHealthyPipelineSafeModeRule] INFO  pipeline.BackgroundPipelineCreator (BackgroundPipelineCreator.java:notifyStatusChanged(258)) - Service BackgroundPipelineCreator transitions to RUNNING.
2024-11-29 05:29:36,661 [EventQueue-OpenPipelineForHealthyPipelineSafeModeRule] INFO  BackgroundPipelineScrubber (BackgroundSCMService.java:notifyStatusChanged(79)) - Service BackgroundPipelineScrubber transitions to RUNNING.
2024-11-29 05:29:36,661 [EventQueue-OpenPipelineForHealthyPipelineSafeModeRule] INFO  ExpiredContainerReplicaOpScrubber (BackgroundSCMService.java:notifyStatusChanged(79)) - Service ExpiredContainerReplicaOpScrubber transitions to RUNNING.
2024-11-29 05:29:36,661 [EventQueue-OpenPipelineForHealthyPipelineSafeModeRule] INFO  block.SCMBlockDeletingService (SCMBlockDeletingService.java:notifyStatusChanged(248)) - notifyStatusChanged:RUNNING
2024-11-29 05:29:36,661 [EventQueue-OpenPipelineForHealthyPipelineSafeModeRule] INFO  replication.ReplicationManager (ReplicationManager.java:notifyStatusChanged(1406)) - Service ReplicationManager transitions to RUNNING.
2024-11-29 05:29:36,666 [EventQueue-OpenPipelineForHealthyPipelineSafeModeRule] WARN  balancer.ContainerBalancer (ContainerBalancer.java:shouldRun(136)) - Could not find persisted configuration for ContainerBalancer when checking if ContainerBalancer should run. ContainerBalancer should not run now.
2024-11-29 05:29:36,667 [ca425215-81ee-42b3-84d9-8ded1157efea@group-8691A4D9751C-SegmentedRaftLogWorker] INFO  segmented.SegmentedRaftLogWorker (SegmentedRaftLogWorker.java:execute(644)) - ca425215-81ee-42b3-84d9-8ded1157efea@group-8691A4D9751C-SegmentedRaftLogWorker: created new log segment /home/runner/work/ozone/ozone/hadoop-ozone/integration-test/target/test-dir/MiniOzoneClusterImpl-61f21677-568d-49d7-a2ee-8a05247fe249/ozone-meta/datanode-2/ratis/34e6819b-0e9b-433b-a940-8691a4d9751c/current/log_inprogress_0
2024-11-29 05:29:36,700 [ca425215-81ee-42b3-84d9-8ded1157efea@group-BC39F70CEAC4-FollowerState] INFO  impl.FollowerState (FollowerState.java:runImpl(161)) - ca425215-81ee-42b3-84d9-8ded1157efea@group-BC39F70CEAC4-FollowerState: change to CANDIDATE, lastRpcElapsedTime:5077238239ns, electionTimeout:5072ms
2024-11-29 05:29:36,700 [ca425215-81ee-42b3-84d9-8ded1157efea@group-BC39F70CEAC4-FollowerState] INFO  impl.RoleInfo (RoleInfo.java:shutdownFollowerState(121)) - ca425215-81ee-42b3-84d9-8ded1157efea: shutdown ca425215-81ee-42b3-84d9-8ded1157efea@group-BC39F70CEAC4-FollowerState
2024-11-29 05:29:36,700 [ca425215-81ee-42b3-84d9-8ded1157efea@group-BC39F70CEAC4-FollowerState] INFO  server.RaftServer$Division (RaftServerImpl.java:setRole(378)) - ca425215-81ee-42b3-84d9-8ded1157efea@group-BC39F70CEAC4: changes role from  FOLLOWER to CANDIDATE at term 0 for changeToCandidate
2024-11-29 05:29:36,700 [ca425215-81ee-42b3-84d9-8ded1157efea@group-BC39F70CEAC4-FollowerState] INFO  server.RaftServerConfigKeys (ConfUtils.java:logGet(46)) - raft.server.leaderelection.pre-vote = true (default)
2024-11-29 05:29:36,700 [ca425215-81ee-42b3-84d9-8ded1157efea@group-BC39F70CEAC4-FollowerState] INFO  impl.RoleInfo (RoleInfo.java:updateAndGet(148)) - ca425215-81ee-42b3-84d9-8ded1157efea: start ca425215-81ee-42b3-84d9-8ded1157efea@group-BC39F70CEAC4-LeaderElection5
2024-11-29 05:29:36,706 [ca425215-81ee-42b3-84d9-8ded1157efea@group-BC39F70CEAC4-LeaderElection5] INFO  impl.LeaderElection (LeaderElection.java:askForVotes(332)) - ca425215-81ee-42b3-84d9-8ded1157efea@group-BC39F70CEAC4-LeaderElection5 PRE_VOTE round 0: submit vote requests at term 0 for conf: {index: -1, cur=peers:[9c663db8-fa21-4bd9-8dc4-4774c554fbc4|127.0.0.1:15012, 46c085ae-d173-483e-a797-bf073fdc6d33|127.0.0.1:15030, ca425215-81ee-42b3-84d9-8ded1157efea|127.0.0.1:15021]|listeners:[], old=null}
2024-11-29 05:29:36,707 [9c663db8-fa21-4bd9-8dc4-4774c554fbc4-server-thread1] INFO  ratis.XceiverServerRatis (XceiverServerRatis.java:handleLeaderChangedNotification(944)) - Leader change notification received for group: group-8691A4D9751C with new leaderId: ca425215-81ee-42b3-84d9-8ded1157efea
2024-11-29 05:29:36,707 [9c663db8-fa21-4bd9-8dc4-4774c554fbc4-server-thread1] INFO  server.RaftServer$Division (ServerState.java:setLeader(272)) - 9c663db8-fa21-4bd9-8dc4-4774c554fbc4@group-8691A4D9751C: change Leader from null to ca425215-81ee-42b3-84d9-8ded1157efea at term 1 for appendEntries, leader elected after 5585ms
2024-11-29 05:29:36,708 [ca425215-81ee-42b3-84d9-8ded1157efea@group-11CA902152C7-FollowerState] INFO  impl.FollowerState (FollowerState.java:runImpl(161)) - ca425215-81ee-42b3-84d9-8ded1157efea@group-11CA902152C7-FollowerState: change to CANDIDATE, lastRpcElapsedTime:5138088281ns, electionTimeout:5127ms
2024-11-29 05:29:36,708 [ca425215-81ee-42b3-84d9-8ded1157efea@group-11CA902152C7-FollowerState] INFO  impl.RoleInfo (RoleInfo.java:shutdownFollowerState(121)) - ca425215-81ee-42b3-84d9-8ded1157efea: shutdown ca425215-81ee-42b3-84d9-8ded1157efea@group-11CA902152C7-FollowerState
2024-11-29 05:29:36,708 [ca425215-81ee-42b3-84d9-8ded1157efea@group-11CA902152C7-FollowerState] INFO  server.RaftServer$Division (RaftServerImpl.java:setRole(378)) - ca425215-81ee-42b3-84d9-8ded1157efea@group-11CA902152C7: changes role from  FOLLOWER to CANDIDATE at term 0 for changeToCandidate
2024-11-29 05:29:36,708 [ca425215-81ee-42b3-84d9-8ded1157efea@group-11CA902152C7-FollowerState] INFO  server.RaftServerConfigKeys (ConfUtils.java:logGet(46)) - raft.server.leaderelection.pre-vote = true (default)
2024-11-29 05:29:36,708 [ca425215-81ee-42b3-84d9-8ded1157efea@group-11CA902152C7-FollowerState] INFO  impl.RoleInfo (RoleInfo.java:updateAndGet(148)) - ca425215-81ee-42b3-84d9-8ded1157efea: start ca425215-81ee-42b3-84d9-8ded1157efea@group-11CA902152C7-LeaderElection6
2024-11-29 05:29:36,722 [9c663db8-fa21-4bd9-8dc4-4774c554fbc4-server-thread2] INFO  server.RaftServer$Division (ServerState.java:setRaftConf(386)) - 9c663db8-fa21-4bd9-8dc4-4774c554fbc4@group-8691A4D9751C: set configuration conf: {index: 0, cur=peers:[9c663db8-fa21-4bd9-8dc4-4774c554fbc4|127.0.0.1:15012, 46c085ae-d173-483e-a797-bf073fdc6d33|127.0.0.1:15030, ca425215-81ee-42b3-84d9-8ded1157efea|127.0.0.1:15021]|listeners:[], old=null}
2024-11-29 05:29:36,725 [9c663db8-fa21-4bd9-8dc4-4774c554fbc4-server-thread2] INFO  segmented.SegmentedRaftLogWorker (SegmentedRaftLogWorker.java:startLogSegment(438)) - 9c663db8-fa21-4bd9-8dc4-4774c554fbc4@group-8691A4D9751C-SegmentedRaftLogWorker: Starting segment from index:0
2024-11-29 05:29:36,726 [grpc-default-executor-3] INFO  server.RaftServer$Division (RaftServerImpl.java:requestVote(1407)) - 9c663db8-fa21-4bd9-8dc4-4774c554fbc4@group-BC39F70CEAC4: receive requestVote(PRE_VOTE, ca425215-81ee-42b3-84d9-8ded1157efea, group-BC39F70CEAC4, 0, (t:0, i:0))
2024-11-29 05:29:36,727 [grpc-default-executor-3] INFO  impl.VoteContext (VoteContext.java:log(49)) - 9c663db8-fa21-4bd9-8dc4-4774c554fbc4@group-BC39F70CEAC4-FOLLOWER: reject PRE_VOTE from ca425215-81ee-42b3-84d9-8ded1157efea: our priority 1 > candidate's priority 0
2024-11-29 05:29:36,727 [grpc-default-executor-3] INFO  server.RaftServer$Division (RaftServerImpl.java:requestVote(1441)) - 9c663db8-fa21-4bd9-8dc4-4774c554fbc4@group-BC39F70CEAC4 replies to PRE_VOTE vote request: ca425215-81ee-42b3-84d9-8ded1157efea<-9c663db8-fa21-4bd9-8dc4-4774c554fbc4#0:FAIL-t0. Peer's state: 9c663db8-fa21-4bd9-8dc4-4774c554fbc4@group-BC39F70CEAC4:t0, leader=null, voted=, raftlog=Memoized:9c663db8-fa21-4bd9-8dc4-4774c554fbc4@group-BC39F70CEAC4-SegmentedRaftLog:OPENED:c-1:lastnull, conf=conf: {index: -1, cur=peers:[9c663db8-fa21-4bd9-8dc4-4774c554fbc4|127.0.0.1:15012, 46c085ae-d173-483e-a797-bf073fdc6d33|127.0.0.1:15030, ca425215-81ee-42b3-84d9-8ded1157efea|127.0.0.1:15021]|listeners:[], old=null}
2024-11-29 05:29:36,727 [9c663db8-fa21-4bd9-8dc4-4774c554fbc4@group-8691A4D9751C-SegmentedRaftLogWorker] INFO  segmented.BufferedWriteChannel (BufferedWriteChannel.java:open(61)) - open log_inprogress_0 at position 0
2024-11-29 05:29:36,731 [ca425215-81ee-42b3-84d9-8ded1157efea@group-11CA902152C7-LeaderElection6] INFO  impl.LeaderElection (LeaderElection.java:askForVotes(332)) - ca425215-81ee-42b3-84d9-8ded1157efea@group-11CA902152C7-LeaderElection6 PRE_VOTE round 0: submit vote requests at term 0 for conf: {index: -1, cur=peers:[ca425215-81ee-42b3-84d9-8ded1157efea|127.0.0.1:15021]|listeners:[], old=null}
2024-11-29 05:29:36,732 [ca425215-81ee-42b3-84d9-8ded1157efea@group-11CA902152C7-LeaderElection6] INFO  impl.LeaderElection (LeaderElection.java:askForVotes(334)) - ca425215-81ee-42b3-84d9-8ded1157efea@group-11CA902152C7-LeaderElection6 PRE_VOTE round 0: result PASSED (term=0)
2024-11-29 05:29:36,734 [ca425215-81ee-42b3-84d9-8ded1157efea@group-11CA902152C7-LeaderElection6] INFO  impl.LeaderElection (LeaderElection.java:askForVotes(332)) - ca425215-81ee-42b3-84d9-8ded1157efea@group-11CA902152C7-LeaderElection6 ELECTION round 0: submit vote requests at term 1 for conf: {index: -1, cur=peers:[ca425215-81ee-42b3-84d9-8ded1157efea|127.0.0.1:15021]|listeners:[], old=null}
2024-11-29 05:29:36,734 [ca425215-81ee-42b3-84d9-8ded1157efea@group-11CA902152C7-LeaderElection6] INFO  impl.LeaderElection (LeaderElection.java:askForVotes(334)) - ca425215-81ee-42b3-84d9-8ded1157efea@group-11CA902152C7-LeaderElection6 ELECTION round 0: result PASSED (term=1)
2024-11-29 05:29:36,734 [ca425215-81ee-42b3-84d9-8ded1157efea@group-11CA902152C7-LeaderElection6] INFO  impl.RoleInfo (RoleInfo.java:shutdownLeaderElection(141)) - ca425215-81ee-42b3-84d9-8ded1157efea: shutdown ca425215-81ee-42b3-84d9-8ded1157efea@group-11CA902152C7-LeaderElection6
2024-11-29 05:29:36,734 [ca425215-81ee-42b3-84d9-8ded1157efea@group-11CA902152C7-LeaderElection6] INFO  server.RaftServer$Division (RaftServerImpl.java:setRole(378)) - ca425215-81ee-42b3-84d9-8ded1157efea@group-11CA902152C7: changes role from CANDIDATE to LEADER at term 1 for changeToLeader
2024-11-29 05:29:36,734 [ca425215-81ee-42b3-84d9-8ded1157efea@group-11CA902152C7-LeaderElection6] INFO  server.RaftServerConfigKeys (ConfUtils.java:logGet(46)) - raft.server.staging.catchup.gap = 1000 (default)
2024-11-29 05:29:36,735 [ca425215-81ee-42b3-84d9-8ded1157efea@group-11CA902152C7-LeaderElection6] INFO  server.RaftServerConfigKeys (ConfUtils.java:logGet(46)) - raft.server.write.element-limit = 1024 (custom)
2024-11-29 05:29:36,735 [ca425215-81ee-42b3-84d9-8ded1157efea@group-11CA902152C7-LeaderElection6] INFO  server.RaftServerConfigKeys (ConfUtils.java:logGet(46)) - raft.server.write.byte-limit = 1024 M (=1073741824) (custom)
2024-11-29 05:29:36,735 [ca425215-81ee-42b3-84d9-8ded1157efea@group-11CA902152C7-LeaderElection6] INFO  server.RaftServerConfigKeys (ConfUtils.java:logGet(46)) - raft.server.watch.timeout = 30s (custom)
2024-11-29 05:29:36,735 [ca425215-81ee-42b3-84d9-8ded1157efea@group-11CA902152C7-LeaderElection6] INFO  server.RaftServerConfigKeys (ConfUtils.java:logGet(46)) - raft.server.watch.timeout.denomination = 1s (default)
2024-11-29 05:29:36,735 [ca425215-81ee-42b3-84d9-8ded1157efea@group-11CA902152C7-LeaderElection6] INFO  server.RaftServerConfigKeys (ConfUtils.java:logGet(46)) - raft.server.watch.element-limit = 65536 (default)
2024-11-29 05:29:36,736 [ca425215-81ee-42b3-84d9-8ded1157efea@group-11CA902152C7-LeaderElection6] INFO  server.RaftServerConfigKeys (ConfUtils.java:logGet(46)) - raft.server.read.leader.lease.enabled = false (default)
2024-11-29 05:29:36,736 [ca425215-81ee-42b3-84d9-8ded1157efea@group-11CA902152C7-LeaderElection6] INFO  server.RaftServerConfigKeys (ConfUtils.java:logGet(46)) - raft.server.read.leader.lease.timeout.ratio = 0.9 (default)
2024-11-29 05:29:36,739 [ca425215-81ee-42b3-84d9-8ded1157efea@group-11CA902152C7-LeaderElection6] INFO  server.RaftServerConfigKeys (ConfUtils.java:logGet(46)) - raft.server.rpc.timeout.min = 5s (custom)
2024-11-29 05:29:36,739 [ca425215-81ee-42b3-84d9-8ded1157efea@group-11CA902152C7-LeaderElection6] INFO  server.RaftServerConfigKeys (ConfUtils.java:logGet(46)) - raft.server.log.log-metadata.enabled = true (default)
2024-11-29 05:29:36,739 [ca425215-81ee-42b3-84d9-8ded1157efea@group-11CA902152C7-LeaderElection6] INFO  server.RaftServerConfigKeys (ConfUtils.java:logGet(46)) - raft.server.write.element-limit = 1024 (custom)
2024-11-29 05:29:36,739 [ca425215-81ee-42b3-84d9-8ded1157efea@group-11CA902152C7-LeaderElection6] INFO  server.RaftServerConfigKeys (ConfUtils.java:logGet(46)) - raft.server.write.follower.gap.ratio.max = -1.0 (default)
2024-11-29 05:29:36,739 [ca425215-81ee-42b3-84d9-8ded1157efea@group-11CA902152C7-LeaderElection6] INFO  impl.RoleInfo (RoleInfo.java:updateAndGet(148)) - ca425215-81ee-42b3-84d9-8ded1157efea: start ca425215-81ee-42b3-84d9-8ded1157efea@group-11CA902152C7-LeaderStateImpl
2024-11-29 05:29:36,739 [ca425215-81ee-42b3-84d9-8ded1157efea@group-11CA902152C7-LeaderElection6] INFO  server.RaftServer$Division (RaftServerImpl.java:setFirstElection(562)) - ca425215-81ee-42b3-84d9-8ded1157efea@group-11CA902152C7: set firstElectionSinceStartup to false for becomeLeader
2024-11-29 05:29:36,739 [ca425215-81ee-42b3-84d9-8ded1157efea@group-11CA902152C7-LeaderElection6] INFO  ratis.XceiverServerRatis (XceiverServerRatis.java:handleLeaderChangedNotification(944)) - Leader change notification received for group: group-11CA902152C7 with new leaderId: ca425215-81ee-42b3-84d9-8ded1157efea
2024-11-29 05:29:36,739 [ca425215-81ee-42b3-84d9-8ded1157efea@group-11CA902152C7-LeaderElection6] INFO  server.RaftServer$Division (ServerState.java:setLeader(272)) - ca425215-81ee-42b3-84d9-8ded1157efea@group-11CA902152C7: change Leader from null to ca425215-81ee-42b3-84d9-8ded1157efea at term 1 for becomeLeader, leader elected after 5208ms
2024-11-29 05:29:36,739 [ca425215-81ee-42b3-84d9-8ded1157efea@group-11CA902152C7-LeaderElection6] INFO  segmented.SegmentedRaftLogWorker (SegmentedRaftLogWorker.java:startLogSegment(438)) - ca425215-81ee-42b3-84d9-8ded1157efea@group-11CA902152C7-SegmentedRaftLogWorker: Starting segment from index:0
2024-11-29 05:29:36,740 [ca425215-81ee-42b3-84d9-8ded1157efea@group-11CA902152C7-SegmentedRaftLogWorker] INFO  segmented.BufferedWriteChannel (BufferedWriteChannel.java:open(61)) - open log_inprogress_0 at position 0
2024-11-29 05:29:36,742 [ca425215-81ee-42b3-84d9-8ded1157efea@group-11CA902152C7-LeaderElection6] INFO  server.RaftServer$Division (ServerState.java:setRaftConf(386)) - ca425215-81ee-42b3-84d9-8ded1157efea@group-11CA902152C7: set configuration conf: {index: 0, cur=peers:[ca425215-81ee-42b3-84d9-8ded1157efea|127.0.0.1:15021]|listeners:[], old=null}
2024-11-29 05:29:36,742 [9c663db8-fa21-4bd9-8dc4-4774c554fbc4@group-8691A4D9751C-SegmentedRaftLogWorker] INFO  segmented.SegmentedRaftLogWorker (SegmentedRaftLogWorker.java:execute(644)) - 9c663db8-fa21-4bd9-8dc4-4774c554fbc4@group-8691A4D9751C-SegmentedRaftLogWorker: created new log segment /home/runner/work/ozone/ozone/hadoop-ozone/integration-test/target/test-dir/MiniOzoneClusterImpl-61f21677-568d-49d7-a2ee-8a05247fe249/ozone-meta/datanode-1/ratis/34e6819b-0e9b-433b-a940-8691a4d9751c/current/log_inprogress_0
2024-11-29 05:29:36,749 [46c085ae-d173-483e-a797-bf073fdc6d33-server-thread1] INFO  ratis.XceiverServerRatis (XceiverServerRatis.java:handleLeaderChangedNotification(944)) - Leader change notification received for group: group-8691A4D9751C with new leaderId: ca425215-81ee-42b3-84d9-8ded1157efea
2024-11-29 05:29:36,749 [46c085ae-d173-483e-a797-bf073fdc6d33-server-thread1] INFO  server.RaftServer$Division (ServerState.java:setLeader(272)) - 46c085ae-d173-483e-a797-bf073fdc6d33@group-8691A4D9751C: change Leader from null to ca425215-81ee-42b3-84d9-8ded1157efea at term 1 for appendEntries, leader elected after 5182ms
2024-11-29 05:29:36,750 [ca425215-81ee-42b3-84d9-8ded1157efea@group-BC39F70CEAC4-LeaderElection5] INFO  server.RaftServerConfigKeys (ConfUtils.java:logFallback(53)) - raft.server.rpc.first-election.timeout.min = 5s (fallback to raft.server.rpc.timeout.min)
2024-11-29 05:29:36,751 [ca425215-81ee-42b3-84d9-8ded1157efea@group-BC39F70CEAC4-LeaderElection5] INFO  server.RaftServerConfigKeys (ConfUtils.java:logFallback(53)) - raft.server.rpc.first-election.timeout.max = 5200ms (fallback to raft.server.rpc.timeout.max)
2024-11-29 05:29:36,751 [ca425215-81ee-42b3-84d9-8ded1157efea@group-BC39F70CEAC4-LeaderElection5] INFO  impl.LeaderElection (LeaderElection.java:logAndReturn(90)) - ca425215-81ee-42b3-84d9-8ded1157efea@group-BC39F70CEAC4-LeaderElection5: PRE_VOTE REJECTED received 1 response(s) and 0 exception(s):
2024-11-29 05:29:36,751 [ca425215-81ee-42b3-84d9-8ded1157efea@group-BC39F70CEAC4-LeaderElection5] INFO  impl.LeaderElection (LeaderElection.java:logAndReturn(94)) -   Response 0: ca425215-81ee-42b3-84d9-8ded1157efea<-9c663db8-fa21-4bd9-8dc4-4774c554fbc4#0:FAIL-t0
2024-11-29 05:29:36,751 [ca425215-81ee-42b3-84d9-8ded1157efea@group-BC39F70CEAC4-LeaderElection5] INFO  impl.LeaderElection (LeaderElection.java:askForVotes(334)) - ca425215-81ee-42b3-84d9-8ded1157efea@group-BC39F70CEAC4-LeaderElection5 PRE_VOTE round 0: result REJECTED
2024-11-29 05:29:36,751 [ca425215-81ee-42b3-84d9-8ded1157efea@group-BC39F70CEAC4-LeaderElection5] INFO  server.RaftServer$Division (RaftServerImpl.java:setRole(378)) - ca425215-81ee-42b3-84d9-8ded1157efea@group-BC39F70CEAC4: changes role from CANDIDATE to FOLLOWER at term 0 for REJECTED
2024-11-29 05:29:36,751 [ca425215-81ee-42b3-84d9-8ded1157efea@group-BC39F70CEAC4-LeaderElection5] INFO  impl.RoleInfo (RoleInfo.java:shutdownLeaderElection(141)) - ca425215-81ee-42b3-84d9-8ded1157efea: shutdown ca425215-81ee-42b3-84d9-8ded1157efea@group-BC39F70CEAC4-LeaderElection5
2024-11-29 05:29:36,751 [ca425215-81ee-42b3-84d9-8ded1157efea@group-BC39F70CEAC4-LeaderElection5] INFO  impl.RoleInfo (RoleInfo.java:updateAndGet(148)) - ca425215-81ee-42b3-84d9-8ded1157efea: start ca425215-81ee-42b3-84d9-8ded1157efea@group-BC39F70CEAC4-FollowerState
2024-11-29 05:29:36,753 [46c085ae-d173-483e-a797-bf073fdc6d33-server-thread2] INFO  server.RaftServer$Division (ServerState.java:setRaftConf(386)) - 46c085ae-d173-483e-a797-bf073fdc6d33@group-8691A4D9751C: set configuration conf: {index: 0, cur=peers:[9c663db8-fa21-4bd9-8dc4-4774c554fbc4|127.0.0.1:15012, 46c085ae-d173-483e-a797-bf073fdc6d33|127.0.0.1:15030, ca425215-81ee-42b3-84d9-8ded1157efea|127.0.0.1:15021]|listeners:[], old=null}
2024-11-29 05:29:36,754 [46c085ae-d173-483e-a797-bf073fdc6d33-server-thread2] INFO  segmented.SegmentedRaftLogWorker (SegmentedRaftLogWorker.java:startLogSegment(438)) - 46c085ae-d173-483e-a797-bf073fdc6d33@group-8691A4D9751C-SegmentedRaftLogWorker: Starting segment from index:0
2024-11-29 05:29:36,755 [46c085ae-d173-483e-a797-bf073fdc6d33@group-8691A4D9751C-SegmentedRaftLogWorker] INFO  segmented.BufferedWriteChannel (BufferedWriteChannel.java:open(61)) - open log_inprogress_0 at position 0
2024-11-29 05:29:36,757 [ca425215-81ee-42b3-84d9-8ded1157efea@group-8691A4D9751C-StateMachineUpdater] INFO  server.RaftServer$Division (LeaderStateImpl.java:checkStartIndex(313)) - Leader ca425215-81ee-42b3-84d9-8ded1157efea@group-8691A4D9751C-LeaderStateImpl is ready since appliedIndex == startIndex == 0
2024-11-29 05:29:36,760 [ca425215-81ee-42b3-84d9-8ded1157efea@group-11CA902152C7-SegmentedRaftLogWorker] INFO  segmented.SegmentedRaftLogWorker (SegmentedRaftLogWorker.java:execute(644)) - ca425215-81ee-42b3-84d9-8ded1157efea@group-11CA902152C7-SegmentedRaftLogWorker: created new log segment /home/runner/work/ozone/ozone/hadoop-ozone/integration-test/target/test-dir/MiniOzoneClusterImpl-61f21677-568d-49d7-a2ee-8a05247fe249/ozone-meta/datanode-2/ratis/8352fd53-44a5-4bbd-9758-11ca902152c7/current/log_inprogress_0
2024-11-29 05:29:36,762 [ca425215-81ee-42b3-84d9-8ded1157efea@group-BC39F70CEAC4-LeaderElection5] INFO  server.RaftServer$Division (RaftServerImpl.java:setFirstElection(562)) - ca425215-81ee-42b3-84d9-8ded1157efea@group-BC39F70CEAC4: set firstElectionSinceStartup to false for REJECTED
2024-11-29 05:29:36,767 [ca425215-81ee-42b3-84d9-8ded1157efea@group-11CA902152C7-StateMachineUpdater] INFO  server.RaftServer$Division (LeaderStateImpl.java:checkStartIndex(313)) - Leader ca425215-81ee-42b3-84d9-8ded1157efea@group-11CA902152C7-LeaderStateImpl is ready since appliedIndex == startIndex == 0
2024-11-29 05:29:36,768 [46c085ae-d173-483e-a797-bf073fdc6d33@group-8691A4D9751C-SegmentedRaftLogWorker] INFO  segmented.SegmentedRaftLogWorker (SegmentedRaftLogWorker.java:execute(644)) - 46c085ae-d173-483e-a797-bf073fdc6d33@group-8691A4D9751C-SegmentedRaftLogWorker: created new log segment /home/runner/work/ozone/ozone/hadoop-ozone/integration-test/target/test-dir/MiniOzoneClusterImpl-61f21677-568d-49d7-a2ee-8a05247fe249/ozone-meta/datanode-3/ratis/34e6819b-0e9b-433b-a940-8691a4d9751c/current/log_inprogress_0
2024-11-29 05:29:36,851 [9c663db8-fa21-4bd9-8dc4-4774c554fbc4@group-BC39F70CEAC4-FollowerState] INFO  impl.FollowerState (FollowerState.java:runImpl(161)) - 9c663db8-fa21-4bd9-8dc4-4774c554fbc4@group-BC39F70CEAC4-FollowerState: change to CANDIDATE, lastRpcElapsedTime:5169009810ns, electionTimeout:5166ms
2024-11-29 05:29:36,852 [9c663db8-fa21-4bd9-8dc4-4774c554fbc4@group-BC39F70CEAC4-FollowerState] INFO  impl.RoleInfo (RoleInfo.java:shutdownFollowerState(121)) - 9c663db8-fa21-4bd9-8dc4-4774c554fbc4: shutdown 9c663db8-fa21-4bd9-8dc4-4774c554fbc4@group-BC39F70CEAC4-FollowerState
2024-11-29 05:29:36,852 [9c663db8-fa21-4bd9-8dc4-4774c554fbc4@group-BC39F70CEAC4-FollowerState] INFO  server.RaftServer$Division (RaftServerImpl.java:setRole(378)) - 9c663db8-fa21-4bd9-8dc4-4774c554fbc4@group-BC39F70CEAC4: changes role from  FOLLOWER to CANDIDATE at term 0 for changeToCandidate
2024-11-29 05:29:36,852 [9c663db8-fa21-4bd9-8dc4-4774c554fbc4@group-BC39F70CEAC4-FollowerState] INFO  server.RaftServerConfigKeys (ConfUtils.java:logGet(46)) - raft.server.leaderelection.pre-vote = true (default)
2024-11-29 05:29:36,852 [9c663db8-fa21-4bd9-8dc4-4774c554fbc4@group-BC39F70CEAC4-FollowerState] INFO  impl.RoleInfo (RoleInfo.java:updateAndGet(148)) - 9c663db8-fa21-4bd9-8dc4-4774c554fbc4: start 9c663db8-fa21-4bd9-8dc4-4774c554fbc4@group-BC39F70CEAC4-LeaderElection7
2024-11-29 05:29:36,852 [9c663db8-fa21-4bd9-8dc4-4774c554fbc4@group-BC39F70CEAC4-LeaderElection7] INFO  impl.LeaderElection (LeaderElection.java:askForVotes(332)) - 9c663db8-fa21-4bd9-8dc4-4774c554fbc4@group-BC39F70CEAC4-LeaderElection7 PRE_VOTE round 0: submit vote requests at term 0 for conf: {index: -1, cur=peers:[9c663db8-fa21-4bd9-8dc4-4774c554fbc4|127.0.0.1:15012, 46c085ae-d173-483e-a797-bf073fdc6d33|127.0.0.1:15030, ca425215-81ee-42b3-84d9-8ded1157efea|127.0.0.1:15021]|listeners:[], old=null}
2024-11-29 05:29:36,853 [9c663db8-fa21-4bd9-8dc4-4774c554fbc4@group-BC39F70CEAC4-LeaderElection7] INFO  server.RaftServerConfigKeys (ConfUtils.java:logFallback(53)) - raft.server.rpc.first-election.timeout.min = 5s (fallback to raft.server.rpc.timeout.min)
2024-11-29 05:29:36,853 [9c663db8-fa21-4bd9-8dc4-4774c554fbc4@group-BC39F70CEAC4-LeaderElection7] INFO  server.RaftServerConfigKeys (ConfUtils.java:logFallback(53)) - raft.server.rpc.first-election.timeout.max = 5200ms (fallback to raft.server.rpc.timeout.max)
2024-11-29 05:29:36,855 [grpc-default-executor-6] INFO  server.RaftServer$Division (RaftServerImpl.java:requestVote(1407)) - ca425215-81ee-42b3-84d9-8ded1157efea@group-BC39F70CEAC4: receive requestVote(PRE_VOTE, 9c663db8-fa21-4bd9-8dc4-4774c554fbc4, group-BC39F70CEAC4, 0, (t:0, i:0))
2024-11-29 05:29:36,856 [grpc-default-executor-6] INFO  impl.VoteContext (VoteContext.java:log(49)) - ca425215-81ee-42b3-84d9-8ded1157efea@group-BC39F70CEAC4-FOLLOWER: accept PRE_VOTE from 9c663db8-fa21-4bd9-8dc4-4774c554fbc4: our priority 0 <= candidate's priority 1
2024-11-29 05:29:36,857 [grpc-default-executor-6] INFO  server.RaftServer$Division (RaftServerImpl.java:requestVote(1441)) - ca425215-81ee-42b3-84d9-8ded1157efea@group-BC39F70CEAC4 replies to PRE_VOTE vote request: 9c663db8-fa21-4bd9-8dc4-4774c554fbc4<-ca425215-81ee-42b3-84d9-8ded1157efea#0:OK-t0. Peer's state: ca425215-81ee-42b3-84d9-8ded1157efea@group-BC39F70CEAC4:t0, leader=null, voted=, raftlog=Memoized:ca425215-81ee-42b3-84d9-8ded1157efea@group-BC39F70CEAC4-SegmentedRaftLog:OPENED:c-1:lastnull, conf=conf: {index: -1, cur=peers:[9c663db8-fa21-4bd9-8dc4-4774c554fbc4|127.0.0.1:15012, 46c085ae-d173-483e-a797-bf073fdc6d33|127.0.0.1:15030, ca425215-81ee-42b3-84d9-8ded1157efea|127.0.0.1:15021]|listeners:[], old=null}
2024-11-29 05:29:36,858 [9c663db8-fa21-4bd9-8dc4-4774c554fbc4@group-0BB578D0F838-FollowerState] INFO  impl.FollowerState (FollowerState.java:runImpl(161)) - 9c663db8-fa21-4bd9-8dc4-4774c554fbc4@group-0BB578D0F838-FollowerState: change to CANDIDATE, lastRpcElapsedTime:5143871817ns, electionTimeout:5142ms
2024-11-29 05:29:36,858 [9c663db8-fa21-4bd9-8dc4-4774c554fbc4@group-0BB578D0F838-FollowerState] INFO  impl.RoleInfo (RoleInfo.java:shutdownFollowerState(121)) - 9c663db8-fa21-4bd9-8dc4-4774c554fbc4: shutdown 9c663db8-fa21-4bd9-8dc4-4774c554fbc4@group-0BB578D0F838-FollowerState
2024-11-29 05:29:36,858 [9c663db8-fa21-4bd9-8dc4-4774c554fbc4@group-0BB578D0F838-FollowerState] INFO  server.RaftServer$Division (RaftServerImpl.java:setRole(378)) - 9c663db8-fa21-4bd9-8dc4-4774c554fbc4@group-0BB578D0F838: changes role from  FOLLOWER to CANDIDATE at term 0 for changeToCandidate
2024-11-29 05:29:36,858 [9c663db8-fa21-4bd9-8dc4-4774c554fbc4@group-0BB578D0F838-FollowerState] INFO  server.RaftServerConfigKeys (ConfUtils.java:logGet(46)) - raft.server.leaderelection.pre-vote = true (default)
2024-11-29 05:29:36,858 [9c663db8-fa21-4bd9-8dc4-4774c554fbc4@group-0BB578D0F838-FollowerState] INFO  impl.RoleInfo (RoleInfo.java:updateAndGet(148)) - 9c663db8-fa21-4bd9-8dc4-4774c554fbc4: start 9c663db8-fa21-4bd9-8dc4-4774c554fbc4@group-0BB578D0F838-LeaderElection8
2024-11-29 05:29:36,859 [9c663db8-fa21-4bd9-8dc4-4774c554fbc4@group-0BB578D0F838-LeaderElection8] INFO  impl.LeaderElection (LeaderElection.java:askForVotes(332)) - 9c663db8-fa21-4bd9-8dc4-4774c554fbc4@group-0BB578D0F838-LeaderElection8 PRE_VOTE round 0: submit vote requests at term 0 for conf: {index: -1, cur=peers:[9c663db8-fa21-4bd9-8dc4-4774c554fbc4|127.0.0.1:15012, 46c085ae-d173-483e-a797-bf073fdc6d33|127.0.0.1:15030, ca425215-81ee-42b3-84d9-8ded1157efea|127.0.0.1:15021]|listeners:[], old=null}
2024-11-29 05:29:36,859 [grpc-default-executor-6] INFO  server.RaftServer$Division (RaftServerImpl.java:requestVote(1407)) - 46c085ae-d173-483e-a797-bf073fdc6d33@group-BC39F70CEAC4: receive requestVote(PRE_VOTE, 9c663db8-fa21-4bd9-8dc4-4774c554fbc4, group-BC39F70CEAC4, 0, (t:0, i:0))
2024-11-29 05:29:36,859 [grpc-default-executor-6] INFO  impl.VoteContext (VoteContext.java:log(49)) - 46c085ae-d173-483e-a797-bf073fdc6d33@group-BC39F70CEAC4-FOLLOWER: accept PRE_VOTE from 9c663db8-fa21-4bd9-8dc4-4774c554fbc4: our priority 0 <= candidate's priority 1
2024-11-29 05:29:36,860 [9c663db8-fa21-4bd9-8dc4-4774c554fbc4@group-0BB578D0F838-LeaderElection8] INFO  server.RaftServerConfigKeys (ConfUtils.java:logFallback(53)) - raft.server.rpc.first-election.timeout.min = 5s (fallback to raft.server.rpc.timeout.min)
2024-11-29 05:29:36,860 [grpc-default-executor-6] INFO  server.RaftServer$Division (RaftServerImpl.java:requestVote(1441)) - 46c085ae-d173-483e-a797-bf073fdc6d33@group-BC39F70CEAC4 replies to PRE_VOTE vote request: 9c663db8-fa21-4bd9-8dc4-4774c554fbc4<-46c085ae-d173-483e-a797-bf073fdc6d33#0:OK-t0. Peer's state: 46c085ae-d173-483e-a797-bf073fdc6d33@group-BC39F70CEAC4:t0, leader=null, voted=, raftlog=Memoized:46c085ae-d173-483e-a797-bf073fdc6d33@group-BC39F70CEAC4-SegmentedRaftLog:OPENED:c-1:lastnull, conf=conf: {index: -1, cur=peers:[9c663db8-fa21-4bd9-8dc4-4774c554fbc4|127.0.0.1:15012, 46c085ae-d173-483e-a797-bf073fdc6d33|127.0.0.1:15030, ca425215-81ee-42b3-84d9-8ded1157efea|127.0.0.1:15021]|listeners:[], old=null}
2024-11-29 05:29:36,860 [9c663db8-fa21-4bd9-8dc4-4774c554fbc4@group-0BB578D0F838-LeaderElection8] INFO  server.RaftServerConfigKeys (ConfUtils.java:logFallback(53)) - raft.server.rpc.first-election.timeout.max = 5200ms (fallback to raft.server.rpc.timeout.max)
2024-11-29 05:29:36,860 [9c663db8-fa21-4bd9-8dc4-4774c554fbc4@group-BC39F70CEAC4-LeaderElection7] INFO  impl.LeaderElection (LeaderElection.java:logAndReturn(90)) - 9c663db8-fa21-4bd9-8dc4-4774c554fbc4@group-BC39F70CEAC4-LeaderElection7: PRE_VOTE PASSED received 1 response(s) and 0 exception(s):
2024-11-29 05:29:36,860 [9c663db8-fa21-4bd9-8dc4-4774c554fbc4@group-BC39F70CEAC4-LeaderElection7] INFO  impl.LeaderElection (LeaderElection.java:logAndReturn(94)) -   Response 0: 9c663db8-fa21-4bd9-8dc4-4774c554fbc4<-ca425215-81ee-42b3-84d9-8ded1157efea#0:OK-t0
2024-11-29 05:29:36,860 [9c663db8-fa21-4bd9-8dc4-4774c554fbc4@group-BC39F70CEAC4-LeaderElection7] INFO  impl.LeaderElection (LeaderElection.java:askForVotes(334)) - 9c663db8-fa21-4bd9-8dc4-4774c554fbc4@group-BC39F70CEAC4-LeaderElection7 PRE_VOTE round 0: result PASSED
2024-11-29 05:29:36,861 [main] INFO  ozone.MiniOzoneClusterImpl (MiniOzoneClusterImpl.java:lambda$waitForClusterToBeReady$0(219)) - Nodes are ready. Got 5 of 5 DN Heartbeats.
2024-11-29 05:29:36,861 [main] INFO  ozone.MiniOzoneClusterImpl (MiniOzoneClusterImpl.java:lambda$waitForClusterToBeReady$0(222)) - Cluster exits safe mode
2024-11-29 05:29:36,861 [main] INFO  ozone.MiniOzoneClusterImpl (MiniOzoneClusterImpl.java:lambda$waitForClusterToBeReady$0(224)) - SCM became leader
2024-11-29 05:29:36,862 [grpc-default-executor-6] INFO  server.RaftServer$Division (RaftServerImpl.java:requestVote(1407)) - 46c085ae-d173-483e-a797-bf073fdc6d33@group-0BB578D0F838: receive requestVote(PRE_VOTE, 9c663db8-fa21-4bd9-8dc4-4774c554fbc4, group-0BB578D0F838, 0, (t:0, i:0))
2024-11-29 05:29:36,862 [grpc-default-executor-6] INFO  impl.VoteContext (VoteContext.java:log(49)) - 46c085ae-d173-483e-a797-bf073fdc6d33@group-0BB578D0F838-FOLLOWER: reject PRE_VOTE from 9c663db8-fa21-4bd9-8dc4-4774c554fbc4: our priority 1 > candidate's priority 0
2024-11-29 05:29:36,862 [9c663db8-fa21-4bd9-8dc4-4774c554fbc4@group-BC39F70CEAC4-LeaderElection7] INFO  impl.LeaderElection (LeaderElection.java:askForVotes(332)) - 9c663db8-fa21-4bd9-8dc4-4774c554fbc4@group-BC39F70CEAC4-LeaderElection7 ELECTION round 0: submit vote requests at term 1 for conf: {index: -1, cur=peers:[9c663db8-fa21-4bd9-8dc4-4774c554fbc4|127.0.0.1:15012, 46c085ae-d173-483e-a797-bf073fdc6d33|127.0.0.1:15030, ca425215-81ee-42b3-84d9-8ded1157efea|127.0.0.1:15021]|listeners:[], old=null}
2024-11-29 05:29:36,862 [grpc-default-executor-6] INFO  server.RaftServer$Division (RaftServerImpl.java:requestVote(1441)) - 46c085ae-d173-483e-a797-bf073fdc6d33@group-0BB578D0F838 replies to PRE_VOTE vote request: 9c663db8-fa21-4bd9-8dc4-4774c554fbc4<-46c085ae-d173-483e-a797-bf073fdc6d33#0:FAIL-t0. Peer's state: 46c085ae-d173-483e-a797-bf073fdc6d33@group-0BB578D0F838:t0, leader=null, voted=, raftlog=Memoized:46c085ae-d173-483e-a797-bf073fdc6d33@group-0BB578D0F838-SegmentedRaftLog:OPENED:c-1:lastnull, conf=conf: {index: -1, cur=peers:[9c663db8-fa21-4bd9-8dc4-4774c554fbc4|127.0.0.1:15012, 46c085ae-d173-483e-a797-bf073fdc6d33|127.0.0.1:15030, ca425215-81ee-42b3-84d9-8ded1157efea|127.0.0.1:15021]|listeners:[], old=null}
2024-11-29 05:29:36,863 [9c663db8-fa21-4bd9-8dc4-4774c554fbc4@group-BC39F70CEAC4-LeaderElection7] INFO  server.RaftServerConfigKeys (ConfUtils.java:logFallback(53)) - raft.server.rpc.first-election.timeout.min = 5s (fallback to raft.server.rpc.timeout.min)
2024-11-29 05:29:36,863 [9c663db8-fa21-4bd9-8dc4-4774c554fbc4@group-BC39F70CEAC4-LeaderElection7] INFO  server.RaftServerConfigKeys (ConfUtils.java:logFallback(53)) - raft.server.rpc.first-election.timeout.max = 5200ms (fallback to raft.server.rpc.timeout.max)
2024-11-29 05:29:36,863 [9c663db8-fa21-4bd9-8dc4-4774c554fbc4@group-0BB578D0F838-LeaderElection8] INFO  impl.LeaderElection (LeaderElection.java:logAndReturn(90)) - 9c663db8-fa21-4bd9-8dc4-4774c554fbc4@group-0BB578D0F838-LeaderElection8: PRE_VOTE REJECTED received 1 response(s) and 0 exception(s):
2024-11-29 05:29:36,863 [9c663db8-fa21-4bd9-8dc4-4774c554fbc4@group-0BB578D0F838-LeaderElection8] INFO  impl.LeaderElection (LeaderElection.java:logAndReturn(94)) -   Response 0: 9c663db8-fa21-4bd9-8dc4-4774c554fbc4<-46c085ae-d173-483e-a797-bf073fdc6d33#0:FAIL-t0
2024-11-29 05:29:36,863 [9c663db8-fa21-4bd9-8dc4-4774c554fbc4@group-0BB578D0F838-LeaderElection8] INFO  impl.LeaderElection (LeaderElection.java:askForVotes(334)) - 9c663db8-fa21-4bd9-8dc4-4774c554fbc4@group-0BB578D0F838-LeaderElection8 PRE_VOTE round 0: result REJECTED
2024-11-29 05:29:36,863 [9c663db8-fa21-4bd9-8dc4-4774c554fbc4@group-0BB578D0F838-LeaderElection8] INFO  server.RaftServer$Division (RaftServerImpl.java:setRole(378)) - 9c663db8-fa21-4bd9-8dc4-4774c554fbc4@group-0BB578D0F838: changes role from CANDIDATE to FOLLOWER at term 0 for REJECTED
2024-11-29 05:29:36,864 [9c663db8-fa21-4bd9-8dc4-4774c554fbc4@group-0BB578D0F838-LeaderElection8] INFO  impl.RoleInfo (RoleInfo.java:shutdownLeaderElection(141)) - 9c663db8-fa21-4bd9-8dc4-4774c554fbc4: shutdown 9c663db8-fa21-4bd9-8dc4-4774c554fbc4@group-0BB578D0F838-LeaderElection8
2024-11-29 05:29:36,864 [9c663db8-fa21-4bd9-8dc4-4774c554fbc4@group-0BB578D0F838-LeaderElection8] INFO  impl.RoleInfo (RoleInfo.java:updateAndGet(148)) - 9c663db8-fa21-4bd9-8dc4-4774c554fbc4: start 9c663db8-fa21-4bd9-8dc4-4774c554fbc4@group-0BB578D0F838-FollowerState
2024-11-29 05:29:36,865 [grpc-default-executor-6] INFO  server.RaftServer$Division (RaftServerImpl.java:requestVote(1407)) - 46c085ae-d173-483e-a797-bf073fdc6d33@group-BC39F70CEAC4: receive requestVote(ELECTION, 9c663db8-fa21-4bd9-8dc4-4774c554fbc4, group-BC39F70CEAC4, 1, (t:0, i:0))
2024-11-29 05:29:36,865 [grpc-default-executor-2] INFO  server.RaftServer$Division (RaftServerImpl.java:requestVote(1407)) - ca425215-81ee-42b3-84d9-8ded1157efea@group-BC39F70CEAC4: receive requestVote(ELECTION, 9c663db8-fa21-4bd9-8dc4-4774c554fbc4, group-BC39F70CEAC4, 1, (t:0, i:0))
2024-11-29 05:29:36,865 [grpc-default-executor-6] INFO  impl.VoteContext (VoteContext.java:log(49)) - 46c085ae-d173-483e-a797-bf073fdc6d33@group-BC39F70CEAC4-FOLLOWER: accept ELECTION from 9c663db8-fa21-4bd9-8dc4-4774c554fbc4: our priority 0 <= candidate's priority 1
2024-11-29 05:29:36,865 [grpc-default-executor-2] INFO  impl.VoteContext (VoteContext.java:log(49)) - ca425215-81ee-42b3-84d9-8ded1157efea@group-BC39F70CEAC4-FOLLOWER: accept ELECTION from 9c663db8-fa21-4bd9-8dc4-4774c554fbc4: our priority 0 <= candidate's priority 1
2024-11-29 05:29:36,865 [grpc-default-executor-2] INFO  server.RaftServer$Division (RaftServerImpl.java:setRole(378)) - ca425215-81ee-42b3-84d9-8ded1157efea@group-BC39F70CEAC4: changes role from  FOLLOWER to FOLLOWER at term 0 for candidate:9c663db8-fa21-4bd9-8dc4-4774c554fbc4
2024-11-29 05:29:36,866 [grpc-default-executor-2] INFO  impl.RoleInfo (RoleInfo.java:shutdownFollowerState(121)) - ca425215-81ee-42b3-84d9-8ded1157efea: shutdown ca425215-81ee-42b3-84d9-8ded1157efea@group-BC39F70CEAC4-FollowerState
2024-11-29 05:29:36,866 [grpc-default-executor-2] INFO  impl.RoleInfo (RoleInfo.java:updateAndGet(148)) - ca425215-81ee-42b3-84d9-8ded1157efea: start ca425215-81ee-42b3-84d9-8ded1157efea@group-BC39F70CEAC4-FollowerState
2024-11-29 05:29:36,865 [grpc-default-executor-6] INFO  server.RaftServer$Division (RaftServerImpl.java:setRole(378)) - 46c085ae-d173-483e-a797-bf073fdc6d33@group-BC39F70CEAC4: changes role from  FOLLOWER to FOLLOWER at term 0 for candidate:9c663db8-fa21-4bd9-8dc4-4774c554fbc4
2024-11-29 05:29:36,865 [9c663db8-fa21-4bd9-8dc4-4774c554fbc4@group-0BB578D0F838-LeaderElection8] INFO  server.RaftServer$Division (RaftServerImpl.java:setFirstElection(562)) - 9c663db8-fa21-4bd9-8dc4-4774c554fbc4@group-0BB578D0F838: set firstElectionSinceStartup to false for REJECTED
2024-11-29 05:29:36,866 [grpc-default-executor-6] INFO  impl.RoleInfo (RoleInfo.java:shutdownFollowerState(121)) - 46c085ae-d173-483e-a797-bf073fdc6d33: shutdown 46c085ae-d173-483e-a797-bf073fdc6d33@group-BC39F70CEAC4-FollowerState
2024-11-29 05:29:36,867 [grpc-default-executor-6] INFO  impl.RoleInfo (RoleInfo.java:updateAndGet(148)) - 46c085ae-d173-483e-a797-bf073fdc6d33: start 46c085ae-d173-483e-a797-bf073fdc6d33@group-BC39F70CEAC4-FollowerState
2024-11-29 05:29:36,867 [46c085ae-d173-483e-a797-bf073fdc6d33@group-BC39F70CEAC4-FollowerState] INFO  impl.FollowerState (FollowerState.java:runImpl(170)) - 46c085ae-d173-483e-a797-bf073fdc6d33@group-BC39F70CEAC4-FollowerState was interrupted
2024-11-29 05:29:36,869 [ca425215-81ee-42b3-84d9-8ded1157efea@group-BC39F70CEAC4-FollowerState] INFO  impl.FollowerState (FollowerState.java:runImpl(170)) - ca425215-81ee-42b3-84d9-8ded1157efea@group-BC39F70CEAC4-FollowerState was interrupted
2024-11-29 05:29:36,870 [grpc-default-executor-6] INFO  server.RaftServer$Division (RaftServerImpl.java:setFirstElection(562)) - 46c085ae-d173-483e-a797-bf073fdc6d33@group-BC39F70CEAC4: set firstElectionSinceStartup to false for candidate:9c663db8-fa21-4bd9-8dc4-4774c554fbc4
2024-11-29 05:29:36,871 [grpc-default-executor-2] INFO  server.RaftServer$Division (RaftServerImpl.java:requestVote(1441)) - ca425215-81ee-42b3-84d9-8ded1157efea@group-BC39F70CEAC4 replies to ELECTION vote request: 9c663db8-fa21-4bd9-8dc4-4774c554fbc4<-ca425215-81ee-42b3-84d9-8ded1157efea#0:OK-t1. Peer's state: ca425215-81ee-42b3-84d9-8ded1157efea@group-BC39F70CEAC4:t1, leader=null, voted=9c663db8-fa21-4bd9-8dc4-4774c554fbc4, raftlog=Memoized:ca425215-81ee-42b3-84d9-8ded1157efea@group-BC39F70CEAC4-SegmentedRaftLog:OPENED:c-1:lastnull, conf=conf: {index: -1, cur=peers:[9c663db8-fa21-4bd9-8dc4-4774c554fbc4|127.0.0.1:15012, 46c085ae-d173-483e-a797-bf073fdc6d33|127.0.0.1:15030, ca425215-81ee-42b3-84d9-8ded1157efea|127.0.0.1:15021]|listeners:[], old=null}
2024-11-29 05:29:36,872 [grpc-default-executor-6] INFO  server.RaftServer$Division (RaftServerImpl.java:requestVote(1441)) - 46c085ae-d173-483e-a797-bf073fdc6d33@group-BC39F70CEAC4 replies to ELECTION vote request: 9c663db8-fa21-4bd9-8dc4-4774c554fbc4<-46c085ae-d173-483e-a797-bf073fdc6d33#0:OK-t1. Peer's state: 46c085ae-d173-483e-a797-bf073fdc6d33@group-BC39F70CEAC4:t1, leader=null, voted=9c663db8-fa21-4bd9-8dc4-4774c554fbc4, raftlog=Memoized:46c085ae-d173-483e-a797-bf073fdc6d33@group-BC39F70CEAC4-SegmentedRaftLog:OPENED:c-1:lastnull, conf=conf: {index: -1, cur=peers:[9c663db8-fa21-4bd9-8dc4-4774c554fbc4|127.0.0.1:15012, 46c085ae-d173-483e-a797-bf073fdc6d33|127.0.0.1:15030, ca425215-81ee-42b3-84d9-8ded1157efea|127.0.0.1:15021]|listeners:[], old=null}
2024-11-29 05:29:36,874 [9c663db8-fa21-4bd9-8dc4-4774c554fbc4@group-BC39F70CEAC4-LeaderElection7] INFO  impl.LeaderElection (LeaderElection.java:logAndReturn(90)) - 9c663db8-fa21-4bd9-8dc4-4774c554fbc4@group-BC39F70CEAC4-LeaderElection7: ELECTION PASSED received 1 response(s) and 0 exception(s):
2024-11-29 05:29:36,874 [9c663db8-fa21-4bd9-8dc4-4774c554fbc4@group-BC39F70CEAC4-LeaderElection7] INFO  impl.LeaderElection (LeaderElection.java:logAndReturn(94)) -   Response 0: 9c663db8-fa21-4bd9-8dc4-4774c554fbc4<-ca425215-81ee-42b3-84d9-8ded1157efea#0:OK-t1
2024-11-29 05:29:36,874 [9c663db8-fa21-4bd9-8dc4-4774c554fbc4@group-BC39F70CEAC4-LeaderElection7] INFO  impl.LeaderElection (LeaderElection.java:askForVotes(334)) - 9c663db8-fa21-4bd9-8dc4-4774c554fbc4@group-BC39F70CEAC4-LeaderElection7 ELECTION round 0: result PASSED
2024-11-29 05:29:36,874 [9c663db8-fa21-4bd9-8dc4-4774c554fbc4@group-BC39F70CEAC4-LeaderElection7] INFO  impl.RoleInfo (RoleInfo.java:shutdownLeaderElection(141)) - 9c663db8-fa21-4bd9-8dc4-4774c554fbc4: shutdown 9c663db8-fa21-4bd9-8dc4-4774c554fbc4@group-BC39F70CEAC4-LeaderElection7
2024-11-29 05:29:36,874 [9c663db8-fa21-4bd9-8dc4-4774c554fbc4@group-BC39F70CEAC4-LeaderElection7] INFO  server.RaftServer$Division (RaftServerImpl.java:setRole(378)) - 9c663db8-fa21-4bd9-8dc4-4774c554fbc4@group-BC39F70CEAC4: changes role from CANDIDATE to LEADER at term 1 for changeToLeader
2024-11-29 05:29:36,874 [9c663db8-fa21-4bd9-8dc4-4774c554fbc4@group-BC39F70CEAC4-LeaderElection7] INFO  server.RaftServerConfigKeys (ConfUtils.java:logGet(46)) - raft.server.staging.catchup.gap = 1000 (default)
2024-11-29 05:29:36,874 [9c663db8-fa21-4bd9-8dc4-4774c554fbc4@group-BC39F70CEAC4-LeaderElection7] INFO  server.RaftServerConfigKeys (ConfUtils.java:logGet(46)) - raft.server.write.element-limit = 1024 (custom)
2024-11-29 05:29:36,874 [9c663db8-fa21-4bd9-8dc4-4774c554fbc4@group-BC39F70CEAC4-LeaderElection7] INFO  server.RaftServerConfigKeys (ConfUtils.java:logGet(46)) - raft.server.write.byte-limit = 1024 M (=1073741824) (custom)
2024-11-29 05:29:36,875 [9c663db8-fa21-4bd9-8dc4-4774c554fbc4@group-BC39F70CEAC4-LeaderElection7] INFO  server.RaftServerConfigKeys (ConfUtils.java:logGet(46)) - raft.server.watch.timeout = 30s (custom)
2024-11-29 05:29:36,875 [9c663db8-fa21-4bd9-8dc4-4774c554fbc4@group-BC39F70CEAC4-LeaderElection7] INFO  server.RaftServerConfigKeys (ConfUtils.java:logGet(46)) - raft.server.watch.timeout.denomination = 1s (default)
2024-11-29 05:29:36,875 [9c663db8-fa21-4bd9-8dc4-4774c554fbc4@group-BC39F70CEAC4-LeaderElection7] INFO  server.RaftServerConfigKeys (ConfUtils.java:logGet(46)) - raft.server.watch.element-limit = 65536 (default)
2024-11-29 05:29:36,876 [9c663db8-fa21-4bd9-8dc4-4774c554fbc4@group-BC39F70CEAC4-LeaderElection7] INFO  server.RaftServerConfigKeys (ConfUtils.java:logGet(46)) - raft.server.read.leader.lease.enabled = false (default)
2024-11-29 05:29:36,876 [9c663db8-fa21-4bd9-8dc4-4774c554fbc4@group-BC39F70CEAC4-LeaderElection7] INFO  server.RaftServerConfigKeys (ConfUtils.java:logGet(46)) - raft.server.read.leader.lease.timeout.ratio = 0.9 (default)
2024-11-29 05:29:36,876 [9c663db8-fa21-4bd9-8dc4-4774c554fbc4@group-BC39F70CEAC4-LeaderElection7] INFO  server.RaftServerConfigKeys (ConfUtils.java:logGet(46)) - raft.server.rpc.timeout.min = 5s (custom)
2024-11-29 05:29:36,876 [9c663db8-fa21-4bd9-8dc4-4774c554fbc4@group-BC39F70CEAC4-LeaderElection7] INFO  server.RaftServerConfigKeys (ConfUtils.java:logGet(46)) - raft.server.log.log-metadata.enabled = true (default)
2024-11-29 05:29:36,876 [9c663db8-fa21-4bd9-8dc4-4774c554fbc4@group-BC39F70CEAC4-LeaderElection7] INFO  server.RaftServerConfigKeys (ConfUtils.java:logGet(46)) - raft.server.write.element-limit = 1024 (custom)
2024-11-29 05:29:36,876 [9c663db8-fa21-4bd9-8dc4-4774c554fbc4@group-BC39F70CEAC4-LeaderElection7] INFO  server.RaftServerConfigKeys (ConfUtils.java:logGet(46)) - raft.server.write.follower.gap.ratio.max = -1.0 (default)
2024-11-29 05:29:36,877 [9c663db8-fa21-4bd9-8dc4-4774c554fbc4@group-BC39F70CEAC4-LeaderElection7] INFO  server.RaftServerConfigKeys (ConfUtils.java:logGet(46)) - raft.server.log.appender.snapshot.chunk.size.max = 16MB (=16777216) (default)
2024-11-29 05:29:36,877 [9c663db8-fa21-4bd9-8dc4-4774c554fbc4@group-BC39F70CEAC4-LeaderElection7] INFO  server.RaftServerConfigKeys (ConfUtils.java:logGet(46)) - raft.server.log.appender.buffer.byte-limit = 33554432 (custom)
2024-11-29 05:29:36,877 [9c663db8-fa21-4bd9-8dc4-4774c554fbc4@group-BC39F70CEAC4-LeaderElection7] INFO  server.RaftServerConfigKeys (ConfUtils.java:logGet(46)) - raft.server.log.appender.buffer.element-limit = 1024 (custom)
2024-11-29 05:29:36,877 [9c663db8-fa21-4bd9-8dc4-4774c554fbc4@group-BC39F70CEAC4-LeaderElection7] INFO  server.RaftServerConfigKeys (ConfUtils.java:logGet(46)) - raft.server.log.appender.wait-time.min = 0μs (custom)
2024-11-29 05:29:36,877 [9c663db8-fa21-4bd9-8dc4-4774c554fbc4@group-BC39F70CEAC4-LeaderElection7] INFO  grpc.GrpcConfigKeys (ConfUtils.java:logGet(46)) - raft.grpc.server.leader.outstanding.appends.max = 8 (default)
2024-11-29 05:29:36,878 [9c663db8-fa21-4bd9-8dc4-4774c554fbc4@group-BC39F70CEAC4-LeaderElection7] INFO  server.RaftServerConfigKeys (ConfUtils.java:logGet(46)) - raft.server.rpc.request.timeout = 60s (custom)
2024-11-29 05:29:36,878 [9c663db8-fa21-4bd9-8dc4-4774c554fbc4@group-BC39F70CEAC4-LeaderElection7] INFO  grpc.GrpcConfigKeys (ConfUtils.java:logGet(46)) - raft.grpc.server.install_snapshot.request.element-limit = 8 (default)
2024-11-29 05:29:36,878 [9c663db8-fa21-4bd9-8dc4-4774c554fbc4@group-BC39F70CEAC4-LeaderElection7] INFO  grpc.GrpcConfigKeys (ConfUtils.java:logGet(46)) - raft.grpc.server.install_snapshot.request.timeout = 3000ms (default)
2024-11-29 05:29:36,878 [9c663db8-fa21-4bd9-8dc4-4774c554fbc4@group-BC39F70CEAC4-LeaderElection7] INFO  grpc.GrpcConfigKeys (ConfUtils.java:logGet(46)) - raft.grpc.server.log-message.batch.duration = 5s (default)
2024-11-29 05:29:36,878 [9c663db8-fa21-4bd9-8dc4-4774c554fbc4@group-BC39F70CEAC4-LeaderElection7] INFO  server.RaftServerConfigKeys (ConfUtils.java:logGet(46)) - raft.server.log.appender.install.snapshot.enabled = false (custom)
2024-11-29 05:29:36,878 [9c663db8-fa21-4bd9-8dc4-4774c554fbc4@group-BC39F70CEAC4-LeaderElection7] INFO  grpc.GrpcConfigKeys (ConfUtils.java:logGet(46)) - raft.grpc.server.heartbeat.channel = true (default)
2024-11-29 05:29:36,880 [9c663db8-fa21-4bd9-8dc4-4774c554fbc4@group-BC39F70CEAC4-LeaderElection7] INFO  server.RaftServerConfigKeys (ConfUtils.java:logGet(46)) - raft.server.log.appender.snapshot.chunk.size.max = 16MB (=16777216) (default)
2024-11-29 05:29:36,880 [9c663db8-fa21-4bd9-8dc4-4774c554fbc4@group-BC39F70CEAC4-LeaderElection7] INFO  server.RaftServerConfigKeys (ConfUtils.java:logGet(46)) - raft.server.log.appender.buffer.byte-limit = 33554432 (custom)
2024-11-29 05:29:36,880 [9c663db8-fa21-4bd9-8dc4-4774c554fbc4@group-BC39F70CEAC4-LeaderElection7] INFO  server.RaftServerConfigKeys (ConfUtils.java:logGet(46)) - raft.server.log.appender.buffer.element-limit = 1024 (custom)
2024-11-29 05:29:36,880 [9c663db8-fa21-4bd9-8dc4-4774c554fbc4@group-BC39F70CEAC4-LeaderElection7] INFO  server.RaftServerConfigKeys (ConfUtils.java:logGet(46)) - raft.server.log.appender.wait-time.min = 0μs (custom)
2024-11-29 05:29:36,880 [9c663db8-fa21-4bd9-8dc4-4774c554fbc4@group-BC39F70CEAC4-LeaderElection7] INFO  grpc.GrpcConfigKeys (ConfUtils.java:logGet(46)) - raft.grpc.server.leader.outstanding.appends.max = 8 (default)
2024-11-29 05:29:36,880 [9c663db8-fa21-4bd9-8dc4-4774c554fbc4@group-BC39F70CEAC4-LeaderElection7] INFO  server.RaftServerConfigKeys (ConfUtils.java:logGet(46)) - raft.server.rpc.request.timeout = 60s (custom)
2024-11-29 05:29:36,880 [9c663db8-fa21-4bd9-8dc4-4774c554fbc4@group-BC39F70CEAC4-LeaderElection7] INFO  grpc.GrpcConfigKeys (ConfUtils.java:logGet(46)) - raft.grpc.server.install_snapshot.request.element-limit = 8 (default)
2024-11-29 05:29:36,880 [9c663db8-fa21-4bd9-8dc4-4774c554fbc4@group-BC39F70CEAC4-LeaderElection7] INFO  grpc.GrpcConfigKeys (ConfUtils.java:logGet(46)) - raft.grpc.server.install_snapshot.request.timeout = 3000ms (default)
2024-11-29 05:29:36,880 [9c663db8-fa21-4bd9-8dc4-4774c554fbc4@group-BC39F70CEAC4-LeaderElection7] INFO  grpc.GrpcConfigKeys (ConfUtils.java:logGet(46)) - raft.grpc.server.log-message.batch.duration = 5s (default)
2024-11-29 05:29:36,880 [9c663db8-fa21-4bd9-8dc4-4774c554fbc4@group-BC39F70CEAC4-LeaderElection7] INFO  server.RaftServerConfigKeys (ConfUtils.java:logGet(46)) - raft.server.log.appender.install.snapshot.enabled = false (custom)
2024-11-29 05:29:36,881 [9c663db8-fa21-4bd9-8dc4-4774c554fbc4@group-BC39F70CEAC4-LeaderElection7] INFO  grpc.GrpcConfigKeys (ConfUtils.java:logGet(46)) - raft.grpc.server.heartbeat.channel = true (default)
2024-11-29 05:29:36,881 [9c663db8-fa21-4bd9-8dc4-4774c554fbc4@group-BC39F70CEAC4-LeaderElection7] INFO  impl.RoleInfo (RoleInfo.java:updateAndGet(148)) - 9c663db8-fa21-4bd9-8dc4-4774c554fbc4: start 9c663db8-fa21-4bd9-8dc4-4774c554fbc4@group-BC39F70CEAC4-LeaderStateImpl
2024-11-29 05:29:36,881 [9c663db8-fa21-4bd9-8dc4-4774c554fbc4@group-BC39F70CEAC4-LeaderElection7] INFO  server.RaftServer$Division (RaftServerImpl.java:setFirstElection(562)) - 9c663db8-fa21-4bd9-8dc4-4774c554fbc4@group-BC39F70CEAC4: set firstElectionSinceStartup to false for becomeLeader
2024-11-29 05:29:36,881 [9c663db8-fa21-4bd9-8dc4-4774c554fbc4@group-BC39F70CEAC4-LeaderElection7] INFO  ratis.XceiverServerRatis (XceiverServerRatis.java:handleLeaderChangedNotification(944)) - Leader change notification received for group: group-BC39F70CEAC4 with new leaderId: 9c663db8-fa21-4bd9-8dc4-4774c554fbc4
2024-11-29 05:29:36,881 [9c663db8-fa21-4bd9-8dc4-4774c554fbc4@group-BC39F70CEAC4-LeaderElection7] INFO  server.RaftServer$Division (ServerState.java:setLeader(272)) - 9c663db8-fa21-4bd9-8dc4-4774c554fbc4@group-BC39F70CEAC4: change Leader from null to 9c663db8-fa21-4bd9-8dc4-4774c554fbc4 at term 1 for becomeLeader, leader elected after 5234ms
2024-11-29 05:29:36,881 [9c663db8-fa21-4bd9-8dc4-4774c554fbc4@group-BC39F70CEAC4-LeaderElection7] INFO  segmented.SegmentedRaftLogWorker (SegmentedRaftLogWorker.java:startLogSegment(438)) - 9c663db8-fa21-4bd9-8dc4-4774c554fbc4@group-BC39F70CEAC4-SegmentedRaftLogWorker: Starting segment from index:0
2024-11-29 05:29:36,882 [9c663db8-fa21-4bd9-8dc4-4774c554fbc4@group-BC39F70CEAC4-LeaderElection7] INFO  server.RaftServer$Division (ServerState.java:setRaftConf(386)) - 9c663db8-fa21-4bd9-8dc4-4774c554fbc4@group-BC39F70CEAC4: set configuration conf: {index: 0, cur=peers:[9c663db8-fa21-4bd9-8dc4-4774c554fbc4|127.0.0.1:15012, 46c085ae-d173-483e-a797-bf073fdc6d33|127.0.0.1:15030, ca425215-81ee-42b3-84d9-8ded1157efea|127.0.0.1:15021]|listeners:[], old=null}
2024-11-29 05:29:36,882 [9c663db8-fa21-4bd9-8dc4-4774c554fbc4@group-BC39F70CEAC4-SegmentedRaftLogWorker] INFO  segmented.BufferedWriteChannel (BufferedWriteChannel.java:open(61)) - open log_inprogress_0 at position 0
2024-11-29 05:29:36,883 [EventQueue-PipelineReportForPipelineReportHandler] INFO  pipeline.PipelineReportHandler (PipelineReportHandler.java:processPipelineReport(147)) - Opened pipeline PipelineID=46170460-0caf-4f19-bb73-bc39f70ceac4
2024-11-29 05:29:36,893 [9c663db8-fa21-4bd9-8dc4-4774c554fbc4@group-BC39F70CEAC4-SegmentedRaftLogWorker] INFO  segmented.SegmentedRaftLogWorker (SegmentedRaftLogWorker.java:execute(644)) - 9c663db8-fa21-4bd9-8dc4-4774c554fbc4@group-BC39F70CEAC4-SegmentedRaftLogWorker: created new log segment /home/runner/work/ozone/ozone/hadoop-ozone/integration-test/target/test-dir/MiniOzoneClusterImpl-61f21677-568d-49d7-a2ee-8a05247fe249/ozone-meta/datanode-1/ratis/46170460-0caf-4f19-bb73-bc39f70ceac4/current/log_inprogress_0
2024-11-29 05:29:36,897 [pool-232-thread-1] INFO  ozoneimpl.OzoneContainer (OzoneContainer.java:stop(526)) - Attempting to stop container services.
2024-11-29 05:29:36,897 [ContainerMetadataScanner] WARN  ozoneimpl.AbstractBackgroundContainerScanner (AbstractBackgroundContainerScanner.java:handleRemainingSleep(134)) - Background container scan was interrupted.
2024-11-29 05:29:36,898 [ContainerMetadataScanner] INFO  ozoneimpl.AbstractBackgroundContainerScanner (AbstractBackgroundContainerScanner.java:run(61)) - Thread[ContainerMetadataScanner,5,main] exiting.
2024-11-29 05:29:36,898 [pool-232-thread-1] INFO  ozoneimpl.BackgroundContainerDataScanner (BackgroundContainerDataScanner.java:shutdown(142)) - ContainerDataScanner(/home/runner/work/ozone/ozone/hadoop-ozone/integration-test/target/test-dir/MiniOzoneClusterImpl-61f21677-568d-49d7-a2ee-8a05247fe249/ozone-meta/datanode-1/data-0/hdds) is shutting down. 
2024-11-29 05:29:36,899 [ContainerDataScanner(/home/runner/work/ozone/ozone/hadoop-ozone/integration-test/target/test-dir/MiniOzoneClusterImpl-61f21677-568d-49d7-a2ee-8a05247fe249/ozone-meta/datanode-1/data-0/hdds)] WARN  ozoneimpl.AbstractBackgroundContainerScanner (AbstractBackgroundContainerScanner.java:handleRemainingSleep(134)) - Background container scan was interrupted.
2024-11-29 05:29:36,899 [ContainerDataScanner(/home/runner/work/ozone/ozone/hadoop-ozone/integration-test/target/test-dir/MiniOzoneClusterImpl-61f21677-568d-49d7-a2ee-8a05247fe249/ozone-meta/datanode-1/data-0/hdds)] INFO  ozoneimpl.AbstractBackgroundContainerScanner (AbstractBackgroundContainerScanner.java:run(61)) - ContainerDataScanner(/home/runner/work/ozone/ozone/hadoop-ozone/integration-test/target/test-dir/MiniOzoneClusterImpl-61f21677-568d-49d7-a2ee-8a05247fe249/ozone-meta/datanode-1/data-0/hdds, DS-a75c8c63-ea5b-4d16-8651-eacd9029598b) exiting.
2024-11-29 05:29:36,900 [pool-232-thread-1] INFO  ozoneimpl.OnDemandContainerDataScanner (OnDemandContainerDataScanner.java:shutdownScanner(209)) - On-demand container scanner is shutting down.
2024-11-29 05:29:36,903 [pool-232-thread-1] INFO  ratis.XceiverServerRatis (XceiverServerRatis.java:stop(596)) - Closing XceiverServerRatis(9c663db8-fa21-4bd9-8dc4-4774c554fbc4)
2024-11-29 05:29:36,904 [pool-232-thread-1] INFO  server.RaftServer (RaftServerProxy.java:lambda$close$9(417)) - 9c663db8-fa21-4bd9-8dc4-4774c554fbc4: close
2024-11-29 05:29:36,906 [9c663db8-fa21-4bd9-8dc4-4774c554fbc4-impl-thread1] INFO  server.RaftServer$Division (RaftServerImpl.java:lambda$close$1(513)) - 9c663db8-fa21-4bd9-8dc4-4774c554fbc4@group-BC39F70CEAC4: shutdown
2024-11-29 05:29:36,906 [9c663db8-fa21-4bd9-8dc4-4774c554fbc4-impl-thread1] INFO  util.JmxRegister (JmxRegister.java:unregister(74)) - Successfully un-registered JMX Bean with object name Ratis:service=RaftServer,group=group-BC39F70CEAC4,id=9c663db8-fa21-4bd9-8dc4-4774c554fbc4
2024-11-29 05:29:36,906 [9c663db8-fa21-4bd9-8dc4-4774c554fbc4-impl-thread1] INFO  impl.RoleInfo (RoleInfo.java:shutdownLeaderState(103)) - 9c663db8-fa21-4bd9-8dc4-4774c554fbc4: shutdown 9c663db8-fa21-4bd9-8dc4-4774c554fbc4@group-BC39F70CEAC4-LeaderStateImpl
2024-11-29 05:29:36,907 [9c663db8-fa21-4bd9-8dc4-4774c554fbc4-impl-thread1] INFO  impl.PendingRequests (PendingRequests.java:sendNotLeaderResponses(287)) - 9c663db8-fa21-4bd9-8dc4-4774c554fbc4@group-BC39F70CEAC4-PendingRequests: sendNotLeaderResponses
2024-11-29 05:29:36,908 [9c663db8-fa21-4bd9-8dc4-4774c554fbc4@group-BC39F70CEAC4->ca425215-81ee-42b3-84d9-8ded1157efea-GrpcLogAppender-LogAppenderDaemon] INFO  leader.LogAppenderDaemon (LogAppenderDaemon.java:run(87)) - 9c663db8-fa21-4bd9-8dc4-4774c554fbc4@group-BC39F70CEAC4->ca425215-81ee-42b3-84d9-8ded1157efea-GrpcLogAppender-LogAppenderDaemon I/O was interrupted: java.io.InterruptedIOException: Interrupted appendLog, heartbeat? true
2024-11-29 05:29:36,914 [grpc-default-executor-3] INFO  server.GrpcServerProtocolService (GrpcServerProtocolService.java:onCompleted(157)) - 46c085ae-d173-483e-a797-bf073fdc6d33: Completed APPEND_ENTRIES, lastRequest: null
2024-11-29 05:29:36,914 [grpc-default-executor-3] INFO  server.GrpcServerProtocolService (GrpcServerProtocolService.java:lambda$onCompleted$5(159)) - 46c085ae-d173-483e-a797-bf073fdc6d33: Completed APPEND_ENTRIES, lastReply: null
2024-11-29 05:29:36,915 [grpc-default-executor-2] INFO  server.GrpcLogAppender (GrpcLogAppender.java:onCompleted(550)) - 9c663db8-fa21-4bd9-8dc4-4774c554fbc4@group-BC39F70CEAC4->46c085ae-d173-483e-a797-bf073fdc6d33-AppendLogResponseHandler: follower responses appendEntries COMPLETED
2024-11-29 05:29:36,918 [9c663db8-fa21-4bd9-8dc4-4774c554fbc4-impl-thread2] INFO  server.RaftServer$Division (RaftServerImpl.java:lambda$close$1(513)) - 9c663db8-fa21-4bd9-8dc4-4774c554fbc4@group-0BB578D0F838: shutdown
2024-11-29 05:29:36,919 [9c663db8-fa21-4bd9-8dc4-4774c554fbc4-impl-thread2] INFO  util.JmxRegister (JmxRegister.java:unregister(74)) - Successfully un-registered JMX Bean with object name Ratis:service=RaftServer,group=group-0BB578D0F838,id=9c663db8-fa21-4bd9-8dc4-4774c554fbc4
2024-11-29 05:29:36,920 [9c663db8-fa21-4bd9-8dc4-4774c554fbc4-impl-thread2] INFO  impl.RoleInfo (RoleInfo.java:shutdownFollowerState(121)) - 9c663db8-fa21-4bd9-8dc4-4774c554fbc4: shutdown 9c663db8-fa21-4bd9-8dc4-4774c554fbc4@group-0BB578D0F838-FollowerState
2024-11-29 05:29:36,920 [9c663db8-fa21-4bd9-8dc4-4774c554fbc4@group-0BB578D0F838-FollowerState] INFO  impl.FollowerState (FollowerState.java:runImpl(170)) - 9c663db8-fa21-4bd9-8dc4-4774c554fbc4@group-0BB578D0F838-FollowerState was interrupted
2024-11-29 05:29:36,920 [9c663db8-fa21-4bd9-8dc4-4774c554fbc4-impl-thread2] INFO  impl.StateMachineUpdater (StateMachineUpdater.java:stopAndJoin(164)) - 9c663db8-fa21-4bd9-8dc4-4774c554fbc4@group-0BB578D0F838-StateMachineUpdater: set stopIndex = -1
2024-11-29 05:29:36,921 [9c663db8-fa21-4bd9-8dc4-4774c554fbc4@group-0BB578D0F838-StateMachineUpdater] INFO  impl.StateMachineUpdater (StateMachineUpdater.java:stop(141)) - 9c663db8-fa21-4bd9-8dc4-4774c554fbc4@group-0BB578D0F838-StateMachineUpdater: closing ContainerStateMachine, lastApplied=(t:0, i:~)
2024-11-29 05:29:36,922 [46c085ae-d173-483e-a797-bf073fdc6d33@group-0BB578D0F838-FollowerState] INFO  impl.FollowerState (FollowerState.java:runImpl(161)) - 46c085ae-d173-483e-a797-bf073fdc6d33@group-0BB578D0F838-FollowerState: change to CANDIDATE, lastRpcElapsedTime:5159195808ns, electionTimeout:5154ms
2024-11-29 05:29:36,922 [46c085ae-d173-483e-a797-bf073fdc6d33@group-0BB578D0F838-FollowerState] INFO  impl.RoleInfo (RoleInfo.java:shutdownFollowerState(121)) - 46c085ae-d173-483e-a797-bf073fdc6d33: shutdown 46c085ae-d173-483e-a797-bf073fdc6d33@group-0BB578D0F838-FollowerState
2024-11-29 05:29:36,922 [46c085ae-d173-483e-a797-bf073fdc6d33@group-0BB578D0F838-FollowerState] INFO  server.RaftServer$Division (RaftServerImpl.java:setRole(378)) - 46c085ae-d173-483e-a797-bf073fdc6d33@group-0BB578D0F838: changes role from  FOLLOWER to CANDIDATE at term 0 for changeToCandidate
2024-11-29 05:29:36,923 [46c085ae-d173-483e-a797-bf073fdc6d33@group-0BB578D0F838-FollowerState] INFO  server.RaftServerConfigKeys (ConfUtils.java:logGet(46)) - raft.server.leaderelection.pre-vote = true (default)
2024-11-29 05:29:36,923 [46c085ae-d173-483e-a797-bf073fdc6d33@group-0BB578D0F838-FollowerState] INFO  impl.RoleInfo (RoleInfo.java:updateAndGet(148)) - 46c085ae-d173-483e-a797-bf073fdc6d33: start 46c085ae-d173-483e-a797-bf073fdc6d33@group-0BB578D0F838-LeaderElection9
2024-11-29 05:29:36,924 [9c663db8-fa21-4bd9-8dc4-4774c554fbc4-impl-thread1] INFO  impl.StateMachineUpdater (StateMachineUpdater.java:stopAndJoin(164)) - 9c663db8-fa21-4bd9-8dc4-4774c554fbc4@group-BC39F70CEAC4-StateMachineUpdater: set stopIndex = -1
2024-11-29 05:29:36,924 [9c663db8-fa21-4bd9-8dc4-4774c554fbc4@group-BC39F70CEAC4-StateMachineUpdater] INFO  impl.StateMachineUpdater (StateMachineUpdater.java:stop(141)) - 9c663db8-fa21-4bd9-8dc4-4774c554fbc4@group-BC39F70CEAC4-StateMachineUpdater: closing ContainerStateMachine, lastApplied=(t:0, i:~)
2024-11-29 05:29:36,924 [grpc-default-executor-2] INFO  server.GrpcServerProtocolService (GrpcServerProtocolService.java:onCompleted(157)) - 46c085ae-d173-483e-a797-bf073fdc6d33: Completed APPEND_ENTRIES, lastRequest: null
2024-11-29 05:29:36,924 [grpc-default-executor-2] INFO  server.GrpcServerProtocolService (GrpcServerProtocolService.java:lambda$onCompleted$5(159)) - 46c085ae-d173-483e-a797-bf073fdc6d33: Completed APPEND_ENTRIES, lastReply: null
2024-11-29 05:29:36,925 [9c663db8-fa21-4bd9-8dc4-4774c554fbc4@group-0BB578D0F838-cacheEviction-AwaitToRun] INFO  util.AwaitToRun (AwaitToRun.java:run(49)) - 9c663db8-fa21-4bd9-8dc4-4774c554fbc4@group-0BB578D0F838-cacheEviction-AwaitToRun-AwaitForSignal is interrupted
2024-11-29 05:29:36,925 [9c663db8-fa21-4bd9-8dc4-4774c554fbc4@group-BC39F70CEAC4-cacheEviction-AwaitToRun] INFO  util.AwaitToRun (AwaitToRun.java:run(49)) - 9c663db8-fa21-4bd9-8dc4-4774c554fbc4@group-BC39F70CEAC4-cacheEviction-AwaitToRun-AwaitForSignal is interrupted
2024-11-29 05:29:36,925 [grpc-default-executor-2] INFO  server.GrpcLogAppender (GrpcLogAppender.java:onCompleted(550)) - 9c663db8-fa21-4bd9-8dc4-4774c554fbc4@group-BC39F70CEAC4->46c085ae-d173-483e-a797-bf073fdc6d33-AppendLogResponseHandler: follower responses appendEntries COMPLETED
2024-11-29 05:29:36,926 [9c663db8-fa21-4bd9-8dc4-4774c554fbc4-impl-thread3] INFO  server.RaftServer$Division (RaftServerImpl.java:lambda$close$1(513)) - 9c663db8-fa21-4bd9-8dc4-4774c554fbc4@group-21E004CD13D9: shutdown
2024-11-29 05:29:36,927 [9c663db8-fa21-4bd9-8dc4-4774c554fbc4-impl-thread3] INFO  util.JmxRegister (JmxRegister.java:unregister(74)) - Successfully un-registered JMX Bean with object name Ratis:service=RaftServer,group=group-21E004CD13D9,id=9c663db8-fa21-4bd9-8dc4-4774c554fbc4
2024-11-29 05:29:36,927 [9c663db8-fa21-4bd9-8dc4-4774c554fbc4-impl-thread3] INFO  impl.RoleInfo (RoleInfo.java:shutdownLeaderState(103)) - 9c663db8-fa21-4bd9-8dc4-4774c554fbc4: shutdown 9c663db8-fa21-4bd9-8dc4-4774c554fbc4@group-21E004CD13D9-LeaderStateImpl
2024-11-29 05:29:36,928 [9c663db8-fa21-4bd9-8dc4-4774c554fbc4-impl-thread3] INFO  impl.PendingRequests (PendingRequests.java:sendNotLeaderResponses(287)) - 9c663db8-fa21-4bd9-8dc4-4774c554fbc4@group-21E004CD13D9-PendingRequests: sendNotLeaderResponses
2024-11-29 05:29:36,929 [9c663db8-fa21-4bd9-8dc4-4774c554fbc4-impl-thread3] INFO  impl.StateMachineUpdater (StateMachineUpdater.java:stopAndJoin(164)) - 9c663db8-fa21-4bd9-8dc4-4774c554fbc4@group-21E004CD13D9-StateMachineUpdater: set stopIndex = 0
2024-11-29 05:29:36,929 [9c663db8-fa21-4bd9-8dc4-4774c554fbc4@group-21E004CD13D9-StateMachineUpdater] INFO  ratis.ContainerStateMachine (ContainerStateMachine.java:takeSnapshot(378)) - group-21E004CD13D9: Taking a snapshot at:(t:1, i:0) file /home/runner/work/ozone/ozone/hadoop-ozone/integration-test/target/test-dir/MiniOzoneClusterImpl-61f21677-568d-49d7-a2ee-8a05247fe249/ozone-meta/datanode-1/ratis/18d42424-64f9-445e-b0e6-21e004cd13d9/sm/snapshot.1_0
2024-11-29 05:29:36,933 [ca425215-81ee-42b3-84d9-8ded1157efea@group-0BB578D0F838-FollowerState] INFO  impl.FollowerState (FollowerState.java:runImpl(161)) - ca425215-81ee-42b3-84d9-8ded1157efea@group-0BB578D0F838-FollowerState: change to CANDIDATE, lastRpcElapsedTime:5111637473ns, electionTimeout:5106ms
2024-11-29 05:29:36,933 [ca425215-81ee-42b3-84d9-8ded1157efea@group-0BB578D0F838-FollowerState] INFO  impl.RoleInfo (RoleInfo.java:shutdownFollowerState(121)) - ca425215-81ee-42b3-84d9-8ded1157efea: shutdown ca425215-81ee-42b3-84d9-8ded1157efea@group-0BB578D0F838-FollowerState
2024-11-29 05:29:36,933 [ca425215-81ee-42b3-84d9-8ded1157efea@group-0BB578D0F838-FollowerState] INFO  server.RaftServer$Division (RaftServerImpl.java:setRole(378)) - ca425215-81ee-42b3-84d9-8ded1157efea@group-0BB578D0F838: changes role from  FOLLOWER to CANDIDATE at term 0 for changeToCandidate
2024-11-29 05:29:36,933 [ca425215-81ee-42b3-84d9-8ded1157efea@group-0BB578D0F838-FollowerState] INFO  server.RaftServerConfigKeys (ConfUtils.java:logGet(46)) - raft.server.leaderelection.pre-vote = true (default)
2024-11-29 05:29:36,933 [ca425215-81ee-42b3-84d9-8ded1157efea@group-0BB578D0F838-FollowerState] INFO  impl.RoleInfo (RoleInfo.java:updateAndGet(148)) - ca425215-81ee-42b3-84d9-8ded1157efea: start ca425215-81ee-42b3-84d9-8ded1157efea@group-0BB578D0F838-LeaderElection10
2024-11-29 05:29:36,935 [9c663db8-fa21-4bd9-8dc4-4774c554fbc4-impl-thread4] INFO  server.RaftServer$Division (RaftServerImpl.java:lambda$close$1(513)) - 9c663db8-fa21-4bd9-8dc4-4774c554fbc4@group-8691A4D9751C: shutdown
2024-11-29 05:29:36,936 [9c663db8-fa21-4bd9-8dc4-4774c554fbc4-impl-thread4] INFO  util.JmxRegister (JmxRegister.java:unregister(74)) - Successfully un-registered JMX Bean with object name Ratis:service=RaftServer,group=group-8691A4D9751C,id=9c663db8-fa21-4bd9-8dc4-4774c554fbc4
2024-11-29 05:29:36,936 [pool-232-thread-1] INFO  server.GrpcService (GrpcService.java:closeImpl(343)) - 9c663db8-fa21-4bd9-8dc4-4774c554fbc4: shutdown server GrpcServerProtocolService now
2024-11-29 05:29:36,936 [9c663db8-fa21-4bd9-8dc4-4774c554fbc4-impl-thread4] INFO  impl.RoleInfo (RoleInfo.java:shutdownFollowerState(121)) - 9c663db8-fa21-4bd9-8dc4-4774c554fbc4: shutdown 9c663db8-fa21-4bd9-8dc4-4774c554fbc4@group-8691A4D9751C-FollowerState
2024-11-29 05:29:36,936 [9c663db8-fa21-4bd9-8dc4-4774c554fbc4@group-8691A4D9751C-FollowerState] INFO  impl.FollowerState (FollowerState.java:runImpl(170)) - 9c663db8-fa21-4bd9-8dc4-4774c554fbc4@group-8691A4D9751C-FollowerState was interrupted
2024-11-29 05:29:36,936 [9c663db8-fa21-4bd9-8dc4-4774c554fbc4-impl-thread4] INFO  impl.StateMachineUpdater (StateMachineUpdater.java:stopAndJoin(164)) - 9c663db8-fa21-4bd9-8dc4-4774c554fbc4@group-8691A4D9751C-StateMachineUpdater: set stopIndex = -1
2024-11-29 05:29:36,937 [9c663db8-fa21-4bd9-8dc4-4774c554fbc4@group-8691A4D9751C-StateMachineUpdater] INFO  impl.StateMachineUpdater (StateMachineUpdater.java:stop(141)) - 9c663db8-fa21-4bd9-8dc4-4774c554fbc4@group-8691A4D9751C-StateMachineUpdater: closing ContainerStateMachine, lastApplied=(t:0, i:~)
2024-11-29 05:29:36,937 [9c663db8-fa21-4bd9-8dc4-4774c554fbc4@group-8691A4D9751C-cacheEviction-AwaitToRun] INFO  util.AwaitToRun (AwaitToRun.java:run(49)) - 9c663db8-fa21-4bd9-8dc4-4774c554fbc4@group-8691A4D9751C-cacheEviction-AwaitToRun-AwaitForSignal is interrupted
2024-11-29 05:29:36,939 [46c085ae-d173-483e-a797-bf073fdc6d33@group-0BB578D0F838-LeaderElection9] INFO  impl.LeaderElection (LeaderElection.java:askForVotes(332)) - 46c085ae-d173-483e-a797-bf073fdc6d33@group-0BB578D0F838-LeaderElection9 PRE_VOTE round 0: submit vote requests at term 0 for conf: {index: -1, cur=peers:[9c663db8-fa21-4bd9-8dc4-4774c554fbc4|127.0.0.1:15012, 46c085ae-d173-483e-a797-bf073fdc6d33|127.0.0.1:15030, ca425215-81ee-42b3-84d9-8ded1157efea|127.0.0.1:15021]|listeners:[], old=null}
2024-11-29 05:29:36,940 [ca425215-81ee-42b3-84d9-8ded1157efea@group-0BB578D0F838-LeaderElection10] INFO  impl.LeaderElection (LeaderElection.java:askForVotes(332)) - ca425215-81ee-42b3-84d9-8ded1157efea@group-0BB578D0F838-LeaderElection10 PRE_VOTE round 0: submit vote requests at term 0 for conf: {index: -1, cur=peers:[9c663db8-fa21-4bd9-8dc4-4774c554fbc4|127.0.0.1:15012, 46c085ae-d173-483e-a797-bf073fdc6d33|127.0.0.1:15030, ca425215-81ee-42b3-84d9-8ded1157efea|127.0.0.1:15021]|listeners:[], old=null}
2024-11-29 05:29:36,942 [ca425215-81ee-42b3-84d9-8ded1157efea@group-0BB578D0F838-LeaderElection10] INFO  server.RaftServerConfigKeys (ConfUtils.java:logFallback(53)) - raft.server.rpc.first-election.timeout.min = 5s (fallback to raft.server.rpc.timeout.min)
2024-11-29 05:29:36,942 [ca425215-81ee-42b3-84d9-8ded1157efea@group-0BB578D0F838-LeaderElection10] INFO  server.RaftServerConfigKeys (ConfUtils.java:logFallback(53)) - raft.server.rpc.first-election.timeout.max = 5200ms (fallback to raft.server.rpc.timeout.max)
2024-11-29 05:29:36,942 [grpc-default-executor-3] WARN  server.GrpcServerProtocolService (LogUtils.java:warn(121)) - 9c663db8-fa21-4bd9-8dc4-4774c554fbc4: APPEND_ENTRIES onError, lastRequest: null: org.apache.ratis.thirdparty.io.grpc.StatusRuntimeException: CANCELLED: client cancelled
2024-11-29 05:29:36,949 [ca425215-81ee-42b3-84d9-8ded1157efea@group-0BB578D0F838-LeaderElection10] INFO  impl.LeaderElection (LogUtils.java:infoOrTrace(136)) - ca425215-81ee-42b3-84d9-8ded1157efea@group-0BB578D0F838-LeaderElection10 got exception when requesting votes: java.util.concurrent.ExecutionException: org.apache.ratis.thirdparty.io.grpc.StatusRuntimeException: UNAVAILABLE: Connection closed after GOAWAY. HTTP/2 error code: NO_ERROR, debug data: app_requested
2024-11-29 05:29:36,949 [grpc-default-executor-5] INFO  server.RaftServer$Division (RaftServerImpl.java:requestVote(1407)) - 46c085ae-d173-483e-a797-bf073fdc6d33@group-0BB578D0F838: receive requestVote(PRE_VOTE, ca425215-81ee-42b3-84d9-8ded1157efea, group-0BB578D0F838, 0, (t:0, i:0))
2024-11-29 05:29:36,949 [grpc-default-executor-5] INFO  impl.VoteContext (VoteContext.java:log(49)) - 46c085ae-d173-483e-a797-bf073fdc6d33@group-0BB578D0F838-CANDIDATE: reject PRE_VOTE from ca425215-81ee-42b3-84d9-8ded1157efea: our priority 1 > candidate's priority 0
2024-11-29 05:29:36,949 [grpc-default-executor-5] INFO  server.RaftServer$Division (RaftServerImpl.java:requestVote(1441)) - 46c085ae-d173-483e-a797-bf073fdc6d33@group-0BB578D0F838 replies to PRE_VOTE vote request: ca425215-81ee-42b3-84d9-8ded1157efea<-46c085ae-d173-483e-a797-bf073fdc6d33#0:FAIL-t0. Peer's state: 46c085ae-d173-483e-a797-bf073fdc6d33@group-0BB578D0F838:t0, leader=null, voted=, raftlog=Memoized:46c085ae-d173-483e-a797-bf073fdc6d33@group-0BB578D0F838-SegmentedRaftLog:OPENED:c-1:lastnull, conf=conf: {index: -1, cur=peers:[9c663db8-fa21-4bd9-8dc4-4774c554fbc4|127.0.0.1:15012, 46c085ae-d173-483e-a797-bf073fdc6d33|127.0.0.1:15030, ca425215-81ee-42b3-84d9-8ded1157efea|127.0.0.1:15021]|listeners:[], old=null}
2024-11-29 05:29:36,951 [ca425215-81ee-42b3-84d9-8ded1157efea@group-0BB578D0F838-LeaderElection10] INFO  impl.LeaderElection (LeaderElection.java:logAndReturn(90)) - ca425215-81ee-42b3-84d9-8ded1157efea@group-0BB578D0F838-LeaderElection10: PRE_VOTE REJECTED received 1 response(s) and 1 exception(s):
2024-11-29 05:29:36,951 [ca425215-81ee-42b3-84d9-8ded1157efea@group-0BB578D0F838-LeaderElection10] INFO  impl.LeaderElection (LeaderElection.java:logAndReturn(94)) -   Response 0: ca425215-81ee-42b3-84d9-8ded1157efea<-46c085ae-d173-483e-a797-bf073fdc6d33#0:FAIL-t0
2024-11-29 05:29:36,951 [ca425215-81ee-42b3-84d9-8ded1157efea@group-0BB578D0F838-LeaderElection10] INFO  impl.LeaderElection (LogUtils.java:infoOrTrace(136)) -   Exception 1: java.util.concurrent.ExecutionException: org.apache.ratis.thirdparty.io.grpc.StatusRuntimeException: UNAVAILABLE: Connection closed after GOAWAY. HTTP/2 error code: NO_ERROR, debug data: app_requested
2024-11-29 05:29:36,951 [ca425215-81ee-42b3-84d9-8ded1157efea@group-0BB578D0F838-LeaderElection10] INFO  impl.LeaderElection (LeaderElection.java:askForVotes(334)) - ca425215-81ee-42b3-84d9-8ded1157efea@group-0BB578D0F838-LeaderElection10 PRE_VOTE round 0: result REJECTED
2024-11-29 05:29:36,951 [ca425215-81ee-42b3-84d9-8ded1157efea@group-0BB578D0F838-LeaderElection10] INFO  server.RaftServer$Division (RaftServerImpl.java:setRole(378)) - ca425215-81ee-42b3-84d9-8ded1157efea@group-0BB578D0F838: changes role from CANDIDATE to FOLLOWER at term 0 for REJECTED
2024-11-29 05:29:36,951 [grpc-default-executor-6] WARN  server.GrpcLogAppender (LogUtils.java:warn(121)) - ca425215-81ee-42b3-84d9-8ded1157efea@group-8691A4D9751C->9c663db8-fa21-4bd9-8dc4-4774c554fbc4-AppendLogResponseHandler: Failed appendEntries: org.apache.ratis.thirdparty.io.grpc.StatusRuntimeException: UNAVAILABLE: Connection closed after GOAWAY. HTTP/2 error code: NO_ERROR, debug data: app_requested
2024-11-29 05:29:36,951 [ca425215-81ee-42b3-84d9-8ded1157efea@group-0BB578D0F838-LeaderElection10] INFO  impl.RoleInfo (RoleInfo.java:shutdownLeaderElection(141)) - ca425215-81ee-42b3-84d9-8ded1157efea: shutdown ca425215-81ee-42b3-84d9-8ded1157efea@group-0BB578D0F838-LeaderElection10
2024-11-29 05:29:36,960 [ca425215-81ee-42b3-84d9-8ded1157efea@group-0BB578D0F838-LeaderElection10] INFO  impl.RoleInfo (RoleInfo.java:updateAndGet(148)) - ca425215-81ee-42b3-84d9-8ded1157efea: start ca425215-81ee-42b3-84d9-8ded1157efea@group-0BB578D0F838-FollowerState
2024-11-29 05:29:36,962 [grpc-default-executor-3] WARN  server.GrpcLogAppender (GrpcLogAppender.java:lambda$resetClient$1(221)) - ca425215-81ee-42b3-84d9-8ded1157efea@group-8691A4D9751C->9c663db8-fa21-4bd9-8dc4-4774c554fbc4-GrpcLogAppender: Follower failed (request=null, errorCount=1); keep nextIndex (1) unchanged and retry.
2024-11-29 05:29:36,965 [46c085ae-d173-483e-a797-bf073fdc6d33@group-0BB578D0F838-LeaderElection9] INFO  server.RaftServerConfigKeys (ConfUtils.java:logFallback(53)) - raft.server.rpc.first-election.timeout.min = 5s (fallback to raft.server.rpc.timeout.min)
2024-11-29 05:29:36,968 [46c085ae-d173-483e-a797-bf073fdc6d33@group-0BB578D0F838-LeaderElection9] INFO  server.RaftServerConfigKeys (ConfUtils.java:logFallback(53)) - raft.server.rpc.first-election.timeout.max = 5200ms (fallback to raft.server.rpc.timeout.max)
2024-11-29 05:29:36,968 [46c085ae-d173-483e-a797-bf073fdc6d33@group-0BB578D0F838-LeaderElection9-1] INFO  server.GrpcServerProtocolClient (GrpcServerProtocolClient.java:<init>(65)) - Build channel for 9c663db8-fa21-4bd9-8dc4-4774c554fbc4|127.0.0.1:15012
2024-11-29 05:29:36,972 [ca425215-81ee-42b3-84d9-8ded1157efea@group-0BB578D0F838-LeaderElection10] INFO  server.RaftServer$Division (RaftServerImpl.java:setFirstElection(562)) - ca425215-81ee-42b3-84d9-8ded1157efea@group-0BB578D0F838: set firstElectionSinceStartup to false for REJECTED
2024-11-29 05:29:36,974 [46c085ae-d173-483e-a797-bf073fdc6d33@group-0BB578D0F838-LeaderElection9-2] INFO  server.GrpcServerProtocolClient (GrpcServerProtocolClient.java:<init>(65)) - Build channel for ca425215-81ee-42b3-84d9-8ded1157efea|127.0.0.1:15021
2024-11-29 05:29:36,974 [46c085ae-d173-483e-a797-bf073fdc6d33@group-0BB578D0F838-LeaderElection9] INFO  impl.LeaderElection (LogUtils.java:infoOrTrace(136)) - 46c085ae-d173-483e-a797-bf073fdc6d33@group-0BB578D0F838-LeaderElection9 got exception when requesting votes: java.util.concurrent.ExecutionException: org.apache.ratis.thirdparty.io.grpc.StatusRuntimeException: UNAVAILABLE: io exception
2024-11-29 05:29:36,979 [grpc-default-executor-5] INFO  server.RaftServer$Division (RaftServerImpl.java:requestVote(1407)) - ca425215-81ee-42b3-84d9-8ded1157efea@group-0BB578D0F838: receive requestVote(PRE_VOTE, 46c085ae-d173-483e-a797-bf073fdc6d33, group-0BB578D0F838, 0, (t:0, i:0))
2024-11-29 05:29:36,979 [grpc-default-executor-5] INFO  impl.VoteContext (VoteContext.java:log(49)) - ca425215-81ee-42b3-84d9-8ded1157efea@group-0BB578D0F838-FOLLOWER: accept PRE_VOTE from 46c085ae-d173-483e-a797-bf073fdc6d33: our priority 0 <= candidate's priority 1
2024-11-29 05:29:36,980 [grpc-default-executor-5] INFO  server.RaftServer$Division (RaftServerImpl.java:requestVote(1441)) - ca425215-81ee-42b3-84d9-8ded1157efea@group-0BB578D0F838 replies to PRE_VOTE vote request: 46c085ae-d173-483e-a797-bf073fdc6d33<-ca425215-81ee-42b3-84d9-8ded1157efea#0:OK-t0. Peer's state: ca425215-81ee-42b3-84d9-8ded1157efea@group-0BB578D0F838:t0, leader=null, voted=, raftlog=Memoized:ca425215-81ee-42b3-84d9-8ded1157efea@group-0BB578D0F838-SegmentedRaftLog:OPENED:c-1:lastnull, conf=conf: {index: -1, cur=peers:[9c663db8-fa21-4bd9-8dc4-4774c554fbc4|127.0.0.1:15012, 46c085ae-d173-483e-a797-bf073fdc6d33|127.0.0.1:15030, ca425215-81ee-42b3-84d9-8ded1157efea|127.0.0.1:15021]|listeners:[], old=null}
2024-11-29 05:29:36,983 [46c085ae-d173-483e-a797-bf073fdc6d33@group-0BB578D0F838-LeaderElection9] INFO  impl.LeaderElection (LeaderElection.java:logAndReturn(90)) - 46c085ae-d173-483e-a797-bf073fdc6d33@group-0BB578D0F838-LeaderElection9: PRE_VOTE PASSED received 1 response(s) and 1 exception(s):
2024-11-29 05:29:36,983 [46c085ae-d173-483e-a797-bf073fdc6d33@group-0BB578D0F838-LeaderElection9] INFO  impl.LeaderElection (LeaderElection.java:logAndReturn(94)) -   Response 0: 46c085ae-d173-483e-a797-bf073fdc6d33<-ca425215-81ee-42b3-84d9-8ded1157efea#0:OK-t0
2024-11-29 05:29:36,983 [46c085ae-d173-483e-a797-bf073fdc6d33@group-0BB578D0F838-LeaderElection9] INFO  impl.LeaderElection (LogUtils.java:infoOrTrace(136)) -   Exception 1: java.util.concurrent.ExecutionException: org.apache.ratis.thirdparty.io.grpc.StatusRuntimeException: UNAVAILABLE: io exception
2024-11-29 05:29:36,983 [46c085ae-d173-483e-a797-bf073fdc6d33@group-0BB578D0F838-LeaderElection9] INFO  impl.LeaderElection (LeaderElection.java:askForVotes(334)) - 46c085ae-d173-483e-a797-bf073fdc6d33@group-0BB578D0F838-LeaderElection9 PRE_VOTE round 0: result PASSED
2024-11-29 05:29:36,984 [46c085ae-d173-483e-a797-bf073fdc6d33@group-0BB578D0F838-LeaderElection9] INFO  impl.LeaderElection (LeaderElection.java:askForVotes(332)) - 46c085ae-d173-483e-a797-bf073fdc6d33@group-0BB578D0F838-LeaderElection9 ELECTION round 0: submit vote requests at term 1 for conf: {index: -1, cur=peers:[9c663db8-fa21-4bd9-8dc4-4774c554fbc4|127.0.0.1:15012, 46c085ae-d173-483e-a797-bf073fdc6d33|127.0.0.1:15030, ca425215-81ee-42b3-84d9-8ded1157efea|127.0.0.1:15021]|listeners:[], old=null}
2024-11-29 05:29:36,995 [Thread-692] INFO  server.GrpcServerProtocolClient (GrpcServerProtocolClient.java:close(105)) - 46c085ae-d173-483e-a797-bf073fdc6d33 Close channels
2024-11-29 05:29:36,996 [Thread-697] INFO  server.GrpcServerProtocolClient (GrpcServerProtocolClient.java:close(105)) - ca425215-81ee-42b3-84d9-8ded1157efea Close channels
2024-11-29 05:29:37,011 [46c085ae-d173-483e-a797-bf073fdc6d33@group-0BB578D0F838-LeaderElection9] INFO  server.RaftServerConfigKeys (ConfUtils.java:logFallback(53)) - raft.server.rpc.first-election.timeout.min = 5s (fallback to raft.server.rpc.timeout.min)
2024-11-29 05:29:37,012 [46c085ae-d173-483e-a797-bf073fdc6d33@group-0BB578D0F838-LeaderElection9] INFO  server.RaftServerConfigKeys (ConfUtils.java:logFallback(53)) - raft.server.rpc.first-election.timeout.max = 5200ms (fallback to raft.server.rpc.timeout.max)
2024-11-29 05:29:37,012 [46c085ae-d173-483e-a797-bf073fdc6d33@group-0BB578D0F838-LeaderElection9] INFO  impl.LeaderElection (LogUtils.java:infoOrTrace(136)) - 46c085ae-d173-483e-a797-bf073fdc6d33@group-0BB578D0F838-LeaderElection9 got exception when requesting votes: java.util.concurrent.ExecutionException: org.apache.ratis.thirdparty.io.grpc.StatusRuntimeException: UNAVAILABLE: io exception
2024-11-29 05:29:37,014 [grpc-default-executor-6] INFO  server.RaftServer$Division (RaftServerImpl.java:requestVote(1407)) - ca425215-81ee-42b3-84d9-8ded1157efea@group-0BB578D0F838: receive requestVote(ELECTION, 46c085ae-d173-483e-a797-bf073fdc6d33, group-0BB578D0F838, 1, (t:0, i:0))
2024-11-29 05:29:37,014 [grpc-default-executor-6] INFO  impl.VoteContext (VoteContext.java:log(49)) - ca425215-81ee-42b3-84d9-8ded1157efea@group-0BB578D0F838-FOLLOWER: accept ELECTION from 46c085ae-d173-483e-a797-bf073fdc6d33: our priority 0 <= candidate's priority 1
2024-11-29 05:29:37,014 [grpc-default-executor-6] INFO  server.RaftServer$Division (RaftServerImpl.java:setRole(378)) - ca425215-81ee-42b3-84d9-8ded1157efea@group-0BB578D0F838: changes role from  FOLLOWER to FOLLOWER at term 0 for candidate:46c085ae-d173-483e-a797-bf073fdc6d33
2024-11-29 05:29:37,014 [grpc-default-executor-6] INFO  impl.RoleInfo (RoleInfo.java:shutdownFollowerState(121)) - ca425215-81ee-42b3-84d9-8ded1157efea: shutdown ca425215-81ee-42b3-84d9-8ded1157efea@group-0BB578D0F838-FollowerState
2024-11-29 05:29:37,014 [grpc-default-executor-6] INFO  impl.RoleInfo (RoleInfo.java:updateAndGet(148)) - ca425215-81ee-42b3-84d9-8ded1157efea: start ca425215-81ee-42b3-84d9-8ded1157efea@group-0BB578D0F838-FollowerState
2024-11-29 05:29:37,014 [ca425215-81ee-42b3-84d9-8ded1157efea@group-0BB578D0F838-FollowerState] INFO  impl.FollowerState (FollowerState.java:runImpl(170)) - ca425215-81ee-42b3-84d9-8ded1157efea@group-0BB578D0F838-FollowerState was interrupted
2024-11-29 05:29:37,026 [grpc-default-executor-6] INFO  server.RaftServer$Division (RaftServerImpl.java:requestVote(1441)) - ca425215-81ee-42b3-84d9-8ded1157efea@group-0BB578D0F838 replies to ELECTION vote request: 46c085ae-d173-483e-a797-bf073fdc6d33<-ca425215-81ee-42b3-84d9-8ded1157efea#0:OK-t1. Peer's state: ca425215-81ee-42b3-84d9-8ded1157efea@group-0BB578D0F838:t1, leader=null, voted=46c085ae-d173-483e-a797-bf073fdc6d33, raftlog=Memoized:ca425215-81ee-42b3-84d9-8ded1157efea@group-0BB578D0F838-SegmentedRaftLog:OPENED:c-1:lastnull, conf=conf: {index: -1, cur=peers:[9c663db8-fa21-4bd9-8dc4-4774c554fbc4|127.0.0.1:15012, 46c085ae-d173-483e-a797-bf073fdc6d33|127.0.0.1:15030, ca425215-81ee-42b3-84d9-8ded1157efea|127.0.0.1:15021]|listeners:[], old=null}
2024-11-29 05:29:37,027 [46c085ae-d173-483e-a797-bf073fdc6d33@group-0BB578D0F838-LeaderElection9] INFO  impl.LeaderElection (LeaderElection.java:logAndReturn(90)) - 46c085ae-d173-483e-a797-bf073fdc6d33@group-0BB578D0F838-LeaderElection9: ELECTION PASSED received 1 response(s) and 1 exception(s):
2024-11-29 05:29:37,027 [46c085ae-d173-483e-a797-bf073fdc6d33@group-0BB578D0F838-LeaderElection9] INFO  impl.LeaderElection (LeaderElection.java:logAndReturn(94)) -   Response 0: 46c085ae-d173-483e-a797-bf073fdc6d33<-ca425215-81ee-42b3-84d9-8ded1157efea#0:OK-t1
2024-11-29 05:29:37,028 [46c085ae-d173-483e-a797-bf073fdc6d33@group-0BB578D0F838-LeaderElection9] INFO  impl.LeaderElection (LogUtils.java:infoOrTrace(136)) -   Exception 1: java.util.concurrent.ExecutionException: org.apache.ratis.thirdparty.io.grpc.StatusRuntimeException: UNAVAILABLE: io exception
2024-11-29 05:29:37,028 [46c085ae-d173-483e-a797-bf073fdc6d33@group-0BB578D0F838-LeaderElection9] INFO  impl.LeaderElection (LeaderElection.java:askForVotes(334)) - 46c085ae-d173-483e-a797-bf073fdc6d33@group-0BB578D0F838-LeaderElection9 ELECTION round 0: result PASSED
2024-11-29 05:29:37,028 [46c085ae-d173-483e-a797-bf073fdc6d33@group-0BB578D0F838-LeaderElection9] INFO  impl.RoleInfo (RoleInfo.java:shutdownLeaderElection(141)) - 46c085ae-d173-483e-a797-bf073fdc6d33: shutdown 46c085ae-d173-483e-a797-bf073fdc6d33@group-0BB578D0F838-LeaderElection9
2024-11-29 05:29:37,028 [46c085ae-d173-483e-a797-bf073fdc6d33@group-0BB578D0F838-LeaderElection9] INFO  server.RaftServer$Division (RaftServerImpl.java:setRole(378)) - 46c085ae-d173-483e-a797-bf073fdc6d33@group-0BB578D0F838: changes role from CANDIDATE to LEADER at term 1 for changeToLeader
2024-11-29 05:29:37,028 [46c085ae-d173-483e-a797-bf073fdc6d33@group-0BB578D0F838-LeaderElection9] INFO  server.RaftServerConfigKeys (ConfUtils.java:logGet(46)) - raft.server.staging.catchup.gap = 1000 (default)
2024-11-29 05:29:37,028 [46c085ae-d173-483e-a797-bf073fdc6d33@group-0BB578D0F838-LeaderElection9] INFO  server.RaftServerConfigKeys (ConfUtils.java:logGet(46)) - raft.server.write.element-limit = 1024 (custom)
2024-11-29 05:29:37,028 [46c085ae-d173-483e-a797-bf073fdc6d33@group-0BB578D0F838-LeaderElection9] INFO  server.RaftServerConfigKeys (ConfUtils.java:logGet(46)) - raft.server.write.byte-limit = 1024 M (=1073741824) (custom)
2024-11-29 05:29:37,029 [46c085ae-d173-483e-a797-bf073fdc6d33@group-0BB578D0F838-LeaderElection9] INFO  server.RaftServerConfigKeys (ConfUtils.java:logGet(46)) - raft.server.watch.timeout = 30s (custom)
2024-11-29 05:29:37,029 [46c085ae-d173-483e-a797-bf073fdc6d33@group-0BB578D0F838-LeaderElection9] INFO  server.RaftServerConfigKeys (ConfUtils.java:logGet(46)) - raft.server.watch.timeout.denomination = 1s (default)
2024-11-29 05:29:37,029 [46c085ae-d173-483e-a797-bf073fdc6d33@group-0BB578D0F838-LeaderElection9] INFO  server.RaftServerConfigKeys (ConfUtils.java:logGet(46)) - raft.server.watch.element-limit = 65536 (default)
2024-11-29 05:29:37,030 [46c085ae-d173-483e-a797-bf073fdc6d33@group-0BB578D0F838-LeaderElection9] INFO  server.RaftServerConfigKeys (ConfUtils.java:logGet(46)) - raft.server.read.leader.lease.enabled = false (default)
2024-11-29 05:29:37,030 [46c085ae-d173-483e-a797-bf073fdc6d33@group-0BB578D0F838-LeaderElection9] INFO  server.RaftServerConfigKeys (ConfUtils.java:logGet(46)) - raft.server.read.leader.lease.timeout.ratio = 0.9 (default)
2024-11-29 05:29:37,030 [46c085ae-d173-483e-a797-bf073fdc6d33@group-0BB578D0F838-LeaderElection9] INFO  server.RaftServerConfigKeys (ConfUtils.java:logGet(46)) - raft.server.rpc.timeout.min = 5s (custom)
2024-11-29 05:29:37,030 [46c085ae-d173-483e-a797-bf073fdc6d33@group-0BB578D0F838-LeaderElection9] INFO  server.RaftServerConfigKeys (ConfUtils.java:logGet(46)) - raft.server.log.log-metadata.enabled = true (default)
2024-11-29 05:29:37,030 [46c085ae-d173-483e-a797-bf073fdc6d33@group-0BB578D0F838-LeaderElection9] INFO  server.RaftServerConfigKeys (ConfUtils.java:logGet(46)) - raft.server.write.element-limit = 1024 (custom)
2024-11-29 05:29:37,030 [46c085ae-d173-483e-a797-bf073fdc6d33@group-0BB578D0F838-LeaderElection9] INFO  server.RaftServerConfigKeys (ConfUtils.java:logGet(46)) - raft.server.write.follower.gap.ratio.max = -1.0 (default)
2024-11-29 05:29:37,031 [46c085ae-d173-483e-a797-bf073fdc6d33@group-0BB578D0F838-LeaderElection9] INFO  server.RaftServerConfigKeys (ConfUtils.java:logGet(46)) - raft.server.log.appender.snapshot.chunk.size.max = 16MB (=16777216) (default)
2024-11-29 05:29:37,031 [46c085ae-d173-483e-a797-bf073fdc6d33@group-0BB578D0F838-LeaderElection9] INFO  server.RaftServerConfigKeys (ConfUtils.java:logGet(46)) - raft.server.log.appender.buffer.byte-limit = 33554432 (custom)
2024-11-29 05:29:37,031 [46c085ae-d173-483e-a797-bf073fdc6d33@group-0BB578D0F838-LeaderElection9] INFO  server.RaftServerConfigKeys (ConfUtils.java:logGet(46)) - raft.server.log.appender.buffer.element-limit = 1024 (custom)
2024-11-29 05:29:37,031 [46c085ae-d173-483e-a797-bf073fdc6d33@group-0BB578D0F838-LeaderElection9] INFO  server.RaftServerConfigKeys (ConfUtils.java:logGet(46)) - raft.server.log.appender.wait-time.min = 0μs (custom)
2024-11-29 05:29:37,031 [46c085ae-d173-483e-a797-bf073fdc6d33@group-0BB578D0F838-LeaderElection9] INFO  grpc.GrpcConfigKeys (ConfUtils.java:logGet(46)) - raft.grpc.server.leader.outstanding.appends.max = 8 (default)
2024-11-29 05:29:37,031 [46c085ae-d173-483e-a797-bf073fdc6d33@group-1B7DA9A1FD1F-FollowerState] INFO  impl.FollowerState (FollowerState.java:runImpl(161)) - 46c085ae-d173-483e-a797-bf073fdc6d33@group-1B7DA9A1FD1F-FollowerState: change to CANDIDATE, lastRpcElapsedTime:5028049424ns, electionTimeout:5026ms
2024-11-29 05:29:37,031 [46c085ae-d173-483e-a797-bf073fdc6d33@group-1B7DA9A1FD1F-FollowerState] INFO  impl.RoleInfo (RoleInfo.java:shutdownFollowerState(121)) - 46c085ae-d173-483e-a797-bf073fdc6d33: shutdown 46c085ae-d173-483e-a797-bf073fdc6d33@group-1B7DA9A1FD1F-FollowerState
2024-11-29 05:29:37,032 [46c085ae-d173-483e-a797-bf073fdc6d33@group-1B7DA9A1FD1F-FollowerState] INFO  server.RaftServer$Division (RaftServerImpl.java:setRole(378)) - 46c085ae-d173-483e-a797-bf073fdc6d33@group-1B7DA9A1FD1F: changes role from  FOLLOWER to CANDIDATE at term 0 for changeToCandidate
2024-11-29 05:29:37,032 [46c085ae-d173-483e-a797-bf073fdc6d33@group-1B7DA9A1FD1F-FollowerState] INFO  server.RaftServerConfigKeys (ConfUtils.java:logGet(46)) - raft.server.leaderelection.pre-vote = true (default)
2024-11-29 05:29:37,032 [46c085ae-d173-483e-a797-bf073fdc6d33@group-1B7DA9A1FD1F-FollowerState] INFO  impl.RoleInfo (RoleInfo.java:updateAndGet(148)) - 46c085ae-d173-483e-a797-bf073fdc6d33: start 46c085ae-d173-483e-a797-bf073fdc6d33@group-1B7DA9A1FD1F-LeaderElection11
2024-11-29 05:29:37,032 [46c085ae-d173-483e-a797-bf073fdc6d33@group-0BB578D0F838-LeaderElection9] INFO  server.RaftServerConfigKeys (ConfUtils.java:logGet(46)) - raft.server.rpc.request.timeout = 60s (custom)
2024-11-29 05:29:37,032 [46c085ae-d173-483e-a797-bf073fdc6d33@group-0BB578D0F838-LeaderElection9] INFO  grpc.GrpcConfigKeys (ConfUtils.java:logGet(46)) - raft.grpc.server.install_snapshot.request.element-limit = 8 (default)
2024-11-29 05:29:37,032 [46c085ae-d173-483e-a797-bf073fdc6d33@group-0BB578D0F838-LeaderElection9] INFO  grpc.GrpcConfigKeys (ConfUtils.java:logGet(46)) - raft.grpc.server.install_snapshot.request.timeout = 3000ms (default)
2024-11-29 05:29:37,032 [46c085ae-d173-483e-a797-bf073fdc6d33@group-0BB578D0F838-LeaderElection9] INFO  grpc.GrpcConfigKeys (ConfUtils.java:logGet(46)) - raft.grpc.server.log-message.batch.duration = 5s (default)
2024-11-29 05:29:37,032 [46c085ae-d173-483e-a797-bf073fdc6d33@group-0BB578D0F838-LeaderElection9] INFO  server.RaftServerConfigKeys (ConfUtils.java:logGet(46)) - raft.server.log.appender.install.snapshot.enabled = false (custom)
2024-11-29 05:29:37,032 [46c085ae-d173-483e-a797-bf073fdc6d33@group-0BB578D0F838-LeaderElection9] INFO  grpc.GrpcConfigKeys (ConfUtils.java:logGet(46)) - raft.grpc.server.heartbeat.channel = true (default)
2024-11-29 05:29:37,034 [46c085ae-d173-483e-a797-bf073fdc6d33@group-0BB578D0F838-LeaderElection9] INFO  server.RaftServerConfigKeys (ConfUtils.java:logGet(46)) - raft.server.log.appender.snapshot.chunk.size.max = 16MB (=16777216) (default)
2024-11-29 05:29:37,034 [46c085ae-d173-483e-a797-bf073fdc6d33@group-0BB578D0F838-LeaderElection9] INFO  server.RaftServerConfigKeys (ConfUtils.java:logGet(46)) - raft.server.log.appender.buffer.byte-limit = 33554432 (custom)
2024-11-29 05:29:37,034 [46c085ae-d173-483e-a797-bf073fdc6d33@group-0BB578D0F838-LeaderElection9] INFO  server.RaftServerConfigKeys (ConfUtils.java:logGet(46)) - raft.server.log.appender.buffer.element-limit = 1024 (custom)
2024-11-29 05:29:37,034 [46c085ae-d173-483e-a797-bf073fdc6d33@group-0BB578D0F838-LeaderElection9] INFO  server.RaftServerConfigKeys (ConfUtils.java:logGet(46)) - raft.server.log.appender.wait-time.min = 0μs (custom)
2024-11-29 05:29:37,034 [46c085ae-d173-483e-a797-bf073fdc6d33@group-0BB578D0F838-LeaderElection9] INFO  grpc.GrpcConfigKeys (ConfUtils.java:logGet(46)) - raft.grpc.server.leader.outstanding.appends.max = 8 (default)
2024-11-29 05:29:37,034 [46c085ae-d173-483e-a797-bf073fdc6d33@group-0BB578D0F838-LeaderElection9] INFO  server.RaftServerConfigKeys (ConfUtils.java:logGet(46)) - raft.server.rpc.request.timeout = 60s (custom)
2024-11-29 05:29:37,034 [46c085ae-d173-483e-a797-bf073fdc6d33@group-0BB578D0F838-LeaderElection9] INFO  grpc.GrpcConfigKeys (ConfUtils.java:logGet(46)) - raft.grpc.server.install_snapshot.request.element-limit = 8 (default)
2024-11-29 05:29:37,034 [46c085ae-d173-483e-a797-bf073fdc6d33@group-0BB578D0F838-LeaderElection9] INFO  grpc.GrpcConfigKeys (ConfUtils.java:logGet(46)) - raft.grpc.server.install_snapshot.request.timeout = 3000ms (default)
2024-11-29 05:29:37,034 [46c085ae-d173-483e-a797-bf073fdc6d33@group-0BB578D0F838-LeaderElection9] INFO  grpc.GrpcConfigKeys (ConfUtils.java:logGet(46)) - raft.grpc.server.log-message.batch.duration = 5s (default)
2024-11-29 05:29:37,034 [46c085ae-d173-483e-a797-bf073fdc6d33@group-0BB578D0F838-LeaderElection9] INFO  server.RaftServerConfigKeys (ConfUtils.java:logGet(46)) - raft.server.log.appender.install.snapshot.enabled = false (custom)
2024-11-29 05:29:37,035 [46c085ae-d173-483e-a797-bf073fdc6d33@group-0BB578D0F838-LeaderElection9] INFO  grpc.GrpcConfigKeys (ConfUtils.java:logGet(46)) - raft.grpc.server.heartbeat.channel = true (default)
2024-11-29 05:29:37,035 [46c085ae-d173-483e-a797-bf073fdc6d33@group-0BB578D0F838-LeaderElection9] INFO  impl.RoleInfo (RoleInfo.java:updateAndGet(148)) - 46c085ae-d173-483e-a797-bf073fdc6d33: start 46c085ae-d173-483e-a797-bf073fdc6d33@group-0BB578D0F838-LeaderStateImpl
2024-11-29 05:29:37,035 [46c085ae-d173-483e-a797-bf073fdc6d33@group-0BB578D0F838-LeaderElection9] INFO  server.RaftServer$Division (RaftServerImpl.java:setFirstElection(562)) - 46c085ae-d173-483e-a797-bf073fdc6d33@group-0BB578D0F838: set firstElectionSinceStartup to false for becomeLeader
2024-11-29 05:29:37,037 [46c085ae-d173-483e-a797-bf073fdc6d33@group-0BB578D0F838-LeaderElection9] INFO  ratis.XceiverServerRatis (XceiverServerRatis.java:handleLeaderChangedNotification(944)) - Leader change notification received for group: group-0BB578D0F838 with new leaderId: 46c085ae-d173-483e-a797-bf073fdc6d33
2024-11-29 05:29:37,037 [46c085ae-d173-483e-a797-bf073fdc6d33@group-0BB578D0F838-LeaderElection9] INFO  server.RaftServer$Division (ServerState.java:setLeader(272)) - 46c085ae-d173-483e-a797-bf073fdc6d33@group-0BB578D0F838: change Leader from null to 46c085ae-d173-483e-a797-bf073fdc6d33 at term 1 for becomeLeader, leader elected after 5307ms
2024-11-29 05:29:37,038 [46c085ae-d173-483e-a797-bf073fdc6d33@group-0BB578D0F838-LeaderElection9] INFO  segmented.SegmentedRaftLogWorker (SegmentedRaftLogWorker.java:startLogSegment(438)) - 46c085ae-d173-483e-a797-bf073fdc6d33@group-0BB578D0F838-SegmentedRaftLogWorker: Starting segment from index:0
2024-11-29 05:29:37,039 [46c085ae-d173-483e-a797-bf073fdc6d33@group-0BB578D0F838-SegmentedRaftLogWorker] INFO  segmented.BufferedWriteChannel (BufferedWriteChannel.java:open(61)) - open log_inprogress_0 at position 0
2024-11-29 05:29:37,042 [46c085ae-d173-483e-a797-bf073fdc6d33@group-1B7DA9A1FD1F-LeaderElection11] INFO  impl.LeaderElection (LeaderElection.java:askForVotes(332)) - 46c085ae-d173-483e-a797-bf073fdc6d33@group-1B7DA9A1FD1F-LeaderElection11 PRE_VOTE round 0: submit vote requests at term 0 for conf: {index: -1, cur=peers:[46c085ae-d173-483e-a797-bf073fdc6d33|127.0.0.1:15030]|listeners:[], old=null}
2024-11-29 05:29:37,043 [46c085ae-d173-483e-a797-bf073fdc6d33@group-1B7DA9A1FD1F-LeaderElection11] INFO  impl.LeaderElection (LeaderElection.java:askForVotes(334)) - 46c085ae-d173-483e-a797-bf073fdc6d33@group-1B7DA9A1FD1F-LeaderElection11 PRE_VOTE round 0: result PASSED (term=0)
2024-11-29 05:29:37,043 [EventQueue-PipelineReportForPipelineReportHandler] INFO  pipeline.PipelineReportHandler (PipelineReportHandler.java:processPipelineReport(147)) - Opened pipeline PipelineID=851931c3-7c0b-43cf-9467-0bb578d0f838
2024-11-29 05:29:37,047 [46c085ae-d173-483e-a797-bf073fdc6d33@group-1B7DA9A1FD1F-LeaderElection11] INFO  impl.LeaderElection (LeaderElection.java:askForVotes(332)) - 46c085ae-d173-483e-a797-bf073fdc6d33@group-1B7DA9A1FD1F-LeaderElection11 ELECTION round 0: submit vote requests at term 1 for conf: {index: -1, cur=peers:[46c085ae-d173-483e-a797-bf073fdc6d33|127.0.0.1:15030]|listeners:[], old=null}
2024-11-29 05:29:37,047 [46c085ae-d173-483e-a797-bf073fdc6d33@group-1B7DA9A1FD1F-LeaderElection11] INFO  impl.LeaderElection (LeaderElection.java:askForVotes(334)) - 46c085ae-d173-483e-a797-bf073fdc6d33@group-1B7DA9A1FD1F-LeaderElection11 ELECTION round 0: result PASSED (term=1)
2024-11-29 05:29:37,047 [46c085ae-d173-483e-a797-bf073fdc6d33@group-1B7DA9A1FD1F-LeaderElection11] INFO  impl.RoleInfo (RoleInfo.java:shutdownLeaderElection(141)) - 46c085ae-d173-483e-a797-bf073fdc6d33: shutdown 46c085ae-d173-483e-a797-bf073fdc6d33@group-1B7DA9A1FD1F-LeaderElection11
2024-11-29 05:29:37,047 [46c085ae-d173-483e-a797-bf073fdc6d33@group-1B7DA9A1FD1F-LeaderElection11] INFO  server.RaftServer$Division (RaftServerImpl.java:setRole(378)) - 46c085ae-d173-483e-a797-bf073fdc6d33@group-1B7DA9A1FD1F: changes role from CANDIDATE to LEADER at term 1 for changeToLeader
2024-11-29 05:29:37,047 [46c085ae-d173-483e-a797-bf073fdc6d33@group-1B7DA9A1FD1F-LeaderElection11] INFO  server.RaftServerConfigKeys (ConfUtils.java:logGet(46)) - raft.server.staging.catchup.gap = 1000 (default)
2024-11-29 05:29:37,048 [46c085ae-d173-483e-a797-bf073fdc6d33@group-1B7DA9A1FD1F-LeaderElection11] INFO  server.RaftServerConfigKeys (ConfUtils.java:logGet(46)) - raft.server.write.element-limit = 1024 (custom)
2024-11-29 05:29:37,048 [46c085ae-d173-483e-a797-bf073fdc6d33@group-1B7DA9A1FD1F-LeaderElection11] INFO  server.RaftServerConfigKeys (ConfUtils.java:logGet(46)) - raft.server.write.byte-limit = 1024 M (=1073741824) (custom)
2024-11-29 05:29:37,048 [46c085ae-d173-483e-a797-bf073fdc6d33@group-0BB578D0F838-LeaderElection9] INFO  server.RaftServer$Division (ServerState.java:setRaftConf(386)) - 46c085ae-d173-483e-a797-bf073fdc6d33@group-0BB578D0F838: set configuration conf: {index: 0, cur=peers:[9c663db8-fa21-4bd9-8dc4-4774c554fbc4|127.0.0.1:15012, 46c085ae-d173-483e-a797-bf073fdc6d33|127.0.0.1:15030, ca425215-81ee-42b3-84d9-8ded1157efea|127.0.0.1:15021]|listeners:[], old=null}
2024-11-29 05:29:37,048 [46c085ae-d173-483e-a797-bf073fdc6d33@group-1B7DA9A1FD1F-LeaderElection11] INFO  server.RaftServerConfigKeys (ConfUtils.java:logGet(46)) - raft.server.watch.timeout = 30s (custom)
2024-11-29 05:29:37,048 [46c085ae-d173-483e-a797-bf073fdc6d33@group-1B7DA9A1FD1F-LeaderElection11] INFO  server.RaftServerConfigKeys (ConfUtils.java:logGet(46)) - raft.server.watch.timeout.denomination = 1s (default)
2024-11-29 05:29:37,048 [46c085ae-d173-483e-a797-bf073fdc6d33@group-1B7DA9A1FD1F-LeaderElection11] INFO  server.RaftServerConfigKeys (ConfUtils.java:logGet(46)) - raft.server.watch.element-limit = 65536 (default)
2024-11-29 05:29:37,049 [46c085ae-d173-483e-a797-bf073fdc6d33@group-1B7DA9A1FD1F-LeaderElection11] INFO  server.RaftServerConfigKeys (ConfUtils.java:logGet(46)) - raft.server.read.leader.lease.enabled = false (default)
2024-11-29 05:29:37,049 [46c085ae-d173-483e-a797-bf073fdc6d33@group-1B7DA9A1FD1F-LeaderElection11] INFO  server.RaftServerConfigKeys (ConfUtils.java:logGet(46)) - raft.server.read.leader.lease.timeout.ratio = 0.9 (default)
2024-11-29 05:29:37,050 [46c085ae-d173-483e-a797-bf073fdc6d33@group-1B7DA9A1FD1F-LeaderElection11] INFO  server.RaftServerConfigKeys (ConfUtils.java:logGet(46)) - raft.server.rpc.timeout.min = 5s (custom)
2024-11-29 05:29:37,050 [46c085ae-d173-483e-a797-bf073fdc6d33@group-1B7DA9A1FD1F-LeaderElection11] INFO  server.RaftServerConfigKeys (ConfUtils.java:logGet(46)) - raft.server.log.log-metadata.enabled = true (default)
2024-11-29 05:29:37,050 [46c085ae-d173-483e-a797-bf073fdc6d33@group-1B7DA9A1FD1F-LeaderElection11] INFO  server.RaftServerConfigKeys (ConfUtils.java:logGet(46)) - raft.server.write.element-limit = 1024 (custom)
2024-11-29 05:29:37,050 [46c085ae-d173-483e-a797-bf073fdc6d33@group-1B7DA9A1FD1F-LeaderElection11] INFO  server.RaftServerConfigKeys (ConfUtils.java:logGet(46)) - raft.server.write.follower.gap.ratio.max = -1.0 (default)
2024-11-29 05:29:37,050 [46c085ae-d173-483e-a797-bf073fdc6d33@group-1B7DA9A1FD1F-LeaderElection11] INFO  impl.RoleInfo (RoleInfo.java:updateAndGet(148)) - 46c085ae-d173-483e-a797-bf073fdc6d33: start 46c085ae-d173-483e-a797-bf073fdc6d33@group-1B7DA9A1FD1F-LeaderStateImpl
2024-11-29 05:29:37,051 [46c085ae-d173-483e-a797-bf073fdc6d33@group-1B7DA9A1FD1F-LeaderElection11] INFO  server.RaftServer$Division (RaftServerImpl.java:setFirstElection(562)) - 46c085ae-d173-483e-a797-bf073fdc6d33@group-1B7DA9A1FD1F: set firstElectionSinceStartup to false for becomeLeader
2024-11-29 05:29:37,051 [46c085ae-d173-483e-a797-bf073fdc6d33@group-1B7DA9A1FD1F-LeaderElection11] INFO  ratis.XceiverServerRatis (XceiverServerRatis.java:handleLeaderChangedNotification(944)) - Leader change notification received for group: group-1B7DA9A1FD1F with new leaderId: 46c085ae-d173-483e-a797-bf073fdc6d33
2024-11-29 05:29:37,051 [46c085ae-d173-483e-a797-bf073fdc6d33@group-1B7DA9A1FD1F-LeaderElection11] INFO  server.RaftServer$Division (ServerState.java:setLeader(272)) - 46c085ae-d173-483e-a797-bf073fdc6d33@group-1B7DA9A1FD1F: change Leader from null to 46c085ae-d173-483e-a797-bf073fdc6d33 at term 1 for becomeLeader, leader elected after 5076ms
2024-11-29 05:29:37,052 [46c085ae-d173-483e-a797-bf073fdc6d33@group-1B7DA9A1FD1F-LeaderElection11] INFO  segmented.SegmentedRaftLogWorker (SegmentedRaftLogWorker.java:startLogSegment(438)) - 46c085ae-d173-483e-a797-bf073fdc6d33@group-1B7DA9A1FD1F-SegmentedRaftLogWorker: Starting segment from index:0
2024-11-29 05:29:37,052 [46c085ae-d173-483e-a797-bf073fdc6d33@group-0BB578D0F838-SegmentedRaftLogWorker] INFO  segmented.SegmentedRaftLogWorker (SegmentedRaftLogWorker.java:execute(644)) - 46c085ae-d173-483e-a797-bf073fdc6d33@group-0BB578D0F838-SegmentedRaftLogWorker: created new log segment /home/runner/work/ozone/ozone/hadoop-ozone/integration-test/target/test-dir/MiniOzoneClusterImpl-61f21677-568d-49d7-a2ee-8a05247fe249/ozone-meta/datanode-3/ratis/851931c3-7c0b-43cf-9467-0bb578d0f838/current/log_inprogress_0
2024-11-29 05:29:37,055 [46c085ae-d173-483e-a797-bf073fdc6d33@group-1B7DA9A1FD1F-SegmentedRaftLogWorker] INFO  segmented.BufferedWriteChannel (BufferedWriteChannel.java:open(61)) - open log_inprogress_0 at position 0
2024-11-29 05:29:37,062 [46c085ae-d173-483e-a797-bf073fdc6d33@group-1B7DA9A1FD1F-LeaderElection11] INFO  server.RaftServer$Division (ServerState.java:setRaftConf(386)) - 46c085ae-d173-483e-a797-bf073fdc6d33@group-1B7DA9A1FD1F: set configuration conf: {index: 0, cur=peers:[46c085ae-d173-483e-a797-bf073fdc6d33|127.0.0.1:15030]|listeners:[], old=null}
2024-11-29 05:29:37,063 [grpc-default-executor-6] WARN  server.GrpcLogAppender (LogUtils.java:warn(121)) - 46c085ae-d173-483e-a797-bf073fdc6d33@group-0BB578D0F838->9c663db8-fa21-4bd9-8dc4-4774c554fbc4-AppendLogResponseHandler: Failed appendEntries: org.apache.ratis.thirdparty.io.grpc.StatusRuntimeException: UNAVAILABLE: io exception
2024-11-29 05:29:37,069 [46c085ae-d173-483e-a797-bf073fdc6d33@group-1B7DA9A1FD1F-SegmentedRaftLogWorker] INFO  segmented.SegmentedRaftLogWorker (SegmentedRaftLogWorker.java:execute(644)) - 46c085ae-d173-483e-a797-bf073fdc6d33@group-1B7DA9A1FD1F-SegmentedRaftLogWorker: created new log segment /home/runner/work/ozone/ozone/hadoop-ozone/integration-test/target/test-dir/MiniOzoneClusterImpl-61f21677-568d-49d7-a2ee-8a05247fe249/ozone-meta/datanode-3/ratis/d5e1fa14-454c-4db5-98d3-1b7da9a1fd1f/current/log_inprogress_0
2024-11-29 05:29:37,071 [grpc-default-executor-3] WARN  server.GrpcLogAppender (GrpcLogAppender.java:lambda$resetClient$1(221)) - 46c085ae-d173-483e-a797-bf073fdc6d33@group-0BB578D0F838->9c663db8-fa21-4bd9-8dc4-4774c554fbc4-GrpcLogAppender: Follower failed (request=null, errorCount=1); keep nextIndex (0) unchanged and retry.
2024-11-29 05:29:37,081 [46c085ae-d173-483e-a797-bf073fdc6d33@group-1B7DA9A1FD1F-StateMachineUpdater] INFO  server.RaftServer$Division (LeaderStateImpl.java:checkStartIndex(313)) - Leader 46c085ae-d173-483e-a797-bf073fdc6d33@group-1B7DA9A1FD1F-LeaderStateImpl is ready since appliedIndex == startIndex == 0
2024-11-29 05:29:37,095 [ca425215-81ee-42b3-84d9-8ded1157efea-server-thread1] INFO  ratis.XceiverServerRatis (XceiverServerRatis.java:handleLeaderChangedNotification(944)) - Leader change notification received for group: group-0BB578D0F838 with new leaderId: 46c085ae-d173-483e-a797-bf073fdc6d33
2024-11-29 05:29:37,104 [ca425215-81ee-42b3-84d9-8ded1157efea-server-thread1] INFO  server.RaftServer$Division (ServerState.java:setLeader(272)) - ca425215-81ee-42b3-84d9-8ded1157efea@group-0BB578D0F838: change Leader from null to 46c085ae-d173-483e-a797-bf073fdc6d33 at term 1 for appendEntries, leader elected after 5299ms
2024-11-29 05:29:37,104 [9c663db8-fa21-4bd9-8dc4-4774c554fbc4@group-21E004CD13D9-StateMachineUpdater] INFO  ratis.ContainerStateMachine (ContainerStateMachine.java:takeSnapshot(389)) - group-21E004CD13D9: Finished taking a snapshot at:(t:1, i:0) file:/home/runner/work/ozone/ozone/hadoop-ozone/integration-test/target/test-dir/MiniOzoneClusterImpl-61f21677-568d-49d7-a2ee-8a05247fe249/ozone-meta/datanode-1/ratis/18d42424-64f9-445e-b0e6-21e004cd13d9/sm/snapshot.1_0 took: 175 ms
2024-11-29 05:29:37,098 [grpc-default-executor-2] WARN  server.GrpcServerProtocolService (LogUtils.java:warn(121)) - 9c663db8-fa21-4bd9-8dc4-4774c554fbc4: APPEND_ENTRIES onError, lastRequest: ca425215-81ee-42b3-84d9-8ded1157efea->9c663db8-fa21-4bd9-8dc4-4774c554fbc4#1-t1,previous=(t:0, i:0),leaderCommit=-1,initializing? false,entries: size=1, first=(t:1, i:0), CONFIGURATIONENTRY(current:id:"9c663db8-fa21-4bd9-8dc4-4774c554fbc4"address:"127.0.0.1:15012"dataStreamAddress:"127.0.0.1:15015"clientAddress:"127.0.0.1:15012"adminAddress:"127.0.0.1:15012"startupRole:FOLLOWER, id:"46c085ae-d173-483e-a797-bf073fdc6d33"address:"127.0.0.1:15030"dataStreamAddress:"127.0.0.1:15033"clientAddress:"127.0.0.1:15030"adminAddress:"127.0.0.1:15030"startupRole:FOLLOWER, id:"ca425215-81ee-42b3-84d9-8ded1157efea"address:"127.0.0.1:15021"priority:1dataStreamAddress:"127.0.0.1:15024"clientAddress:"127.0.0.1:15021"adminAddress:"127.0.0.1:15021"startupRole:FOLLOWER, old:): org.apache.ratis.thirdparty.io.grpc.StatusRuntimeException: CANCELLED: client cancelled
2024-11-29 05:29:37,105 [ca425215-81ee-42b3-84d9-8ded1157efea-server-thread2] INFO  server.RaftServer$Division (ServerState.java:setRaftConf(386)) - ca425215-81ee-42b3-84d9-8ded1157efea@group-0BB578D0F838: set configuration conf: {index: 0, cur=peers:[9c663db8-fa21-4bd9-8dc4-4774c554fbc4|127.0.0.1:15012, 46c085ae-d173-483e-a797-bf073fdc6d33|127.0.0.1:15030, ca425215-81ee-42b3-84d9-8ded1157efea|127.0.0.1:15021]|listeners:[], old=null}
2024-11-29 05:29:37,105 [ca425215-81ee-42b3-84d9-8ded1157efea-server-thread2] INFO  segmented.SegmentedRaftLogWorker (SegmentedRaftLogWorker.java:startLogSegment(438)) - ca425215-81ee-42b3-84d9-8ded1157efea@group-0BB578D0F838-SegmentedRaftLogWorker: Starting segment from index:0
2024-11-29 05:29:37,106 [ca425215-81ee-42b3-84d9-8ded1157efea@group-0BB578D0F838-SegmentedRaftLogWorker] INFO  segmented.BufferedWriteChannel (BufferedWriteChannel.java:open(61)) - open log_inprogress_0 at position 0
2024-11-29 05:29:37,108 [9c663db8-fa21-4bd9-8dc4-4774c554fbc4@group-21E004CD13D9-StateMachineUpdater] INFO  impl.StateMachineUpdater (StateMachineUpdater.java:takeSnapshot(303)) - 9c663db8-fa21-4bd9-8dc4-4774c554fbc4@group-21E004CD13D9-StateMachineUpdater: Took a snapshot at index 0
2024-11-29 05:29:37,108 [9c663db8-fa21-4bd9-8dc4-4774c554fbc4@group-21E004CD13D9-StateMachineUpdater] INFO  impl.StateMachineUpdater (StateMachineUpdater.java:lambda$new$0(102)) - 9c663db8-fa21-4bd9-8dc4-4774c554fbc4@group-21E004CD13D9-StateMachineUpdater: snapshotIndex: updateIncreasingly -1 -> 0
2024-11-29 05:29:37,110 [9c663db8-fa21-4bd9-8dc4-4774c554fbc4@group-21E004CD13D9-StateMachineUpdater] INFO  impl.StateMachineUpdater (StateMachineUpdater.java:stop(141)) - 9c663db8-fa21-4bd9-8dc4-4774c554fbc4@group-21E004CD13D9-StateMachineUpdater: closing ContainerStateMachine, lastApplied=(t:1, i:0)
2024-11-29 05:29:37,118 [ca425215-81ee-42b3-84d9-8ded1157efea@group-0BB578D0F838-SegmentedRaftLogWorker] INFO  segmented.SegmentedRaftLogWorker (SegmentedRaftLogWorker.java:execute(644)) - ca425215-81ee-42b3-84d9-8ded1157efea@group-0BB578D0F838-SegmentedRaftLogWorker: created new log segment /home/runner/work/ozone/ozone/hadoop-ozone/integration-test/target/test-dir/MiniOzoneClusterImpl-61f21677-568d-49d7-a2ee-8a05247fe249/ozone-meta/datanode-2/ratis/851931c3-7c0b-43cf-9467-0bb578d0f838/current/log_inprogress_0
2024-11-29 05:29:37,120 [9c663db8-fa21-4bd9-8dc4-4774c554fbc4@group-21E004CD13D9-cacheEviction-AwaitToRun] INFO  util.AwaitToRun (AwaitToRun.java:run(49)) - 9c663db8-fa21-4bd9-8dc4-4774c554fbc4@group-21E004CD13D9-cacheEviction-AwaitToRun-AwaitForSignal is interrupted
2024-11-29 05:29:37,125 [46c085ae-d173-483e-a797-bf073fdc6d33@group-0BB578D0F838-StateMachineUpdater] INFO  server.RaftServer$Division (LeaderStateImpl.java:checkStartIndex(313)) - Leader 46c085ae-d173-483e-a797-bf073fdc6d33@group-0BB578D0F838-LeaderStateImpl is ready since appliedIndex == startIndex == 0
2024-11-29 05:29:37,159 [9c663db8-fa21-4bd9-8dc4-4774c554fbc4-impl-thread3] INFO  segmented.SegmentedRaftLogWorker (SegmentedRaftLogWorker.java:close(252)) - 9c663db8-fa21-4bd9-8dc4-4774c554fbc4@group-21E004CD13D9-SegmentedRaftLogWorker close()
2024-11-29 05:29:37,167 [9c663db8-fa21-4bd9-8dc4-4774c554fbc4-impl-thread3] INFO  ratis.ContainerStateMachine (ContainerStateMachine.java:notifyServerShutdown(970)) - group-21E004CD13D9 is closed by HddsDatanodeService
2024-11-29 05:29:37,560 [82107b5c-a456-4cce-866c-b79ad2953fda@group-848028536F21-FollowerState] INFO  impl.FollowerState (FollowerState.java:runImpl(161)) - 82107b5c-a456-4cce-866c-b79ad2953fda@group-848028536F21-FollowerState: change to CANDIDATE, lastRpcElapsedTime:5034947451ns, electionTimeout:5033ms
2024-11-29 05:29:37,560 [82107b5c-a456-4cce-866c-b79ad2953fda@group-848028536F21-FollowerState] INFO  impl.RoleInfo (RoleInfo.java:shutdownFollowerState(121)) - 82107b5c-a456-4cce-866c-b79ad2953fda: shutdown 82107b5c-a456-4cce-866c-b79ad2953fda@group-848028536F21-FollowerState
2024-11-29 05:29:37,560 [82107b5c-a456-4cce-866c-b79ad2953fda@group-848028536F21-FollowerState] INFO  server.RaftServer$Division (RaftServerImpl.java:setRole(378)) - 82107b5c-a456-4cce-866c-b79ad2953fda@group-848028536F21: changes role from  FOLLOWER to CANDIDATE at term 0 for changeToCandidate
2024-11-29 05:29:37,560 [82107b5c-a456-4cce-866c-b79ad2953fda@group-848028536F21-FollowerState] INFO  server.RaftServerConfigKeys (ConfUtils.java:logGet(46)) - raft.server.leaderelection.pre-vote = true (default)
2024-11-29 05:29:37,560 [82107b5c-a456-4cce-866c-b79ad2953fda@group-848028536F21-FollowerState] INFO  impl.RoleInfo (RoleInfo.java:updateAndGet(148)) - 82107b5c-a456-4cce-866c-b79ad2953fda: start 82107b5c-a456-4cce-866c-b79ad2953fda@group-848028536F21-LeaderElection12
2024-11-29 05:29:37,561 [82107b5c-a456-4cce-866c-b79ad2953fda@group-848028536F21-LeaderElection12] INFO  impl.LeaderElection (LeaderElection.java:askForVotes(332)) - 82107b5c-a456-4cce-866c-b79ad2953fda@group-848028536F21-LeaderElection12 PRE_VOTE round 0: submit vote requests at term 0 for conf: {index: -1, cur=peers:[82107b5c-a456-4cce-866c-b79ad2953fda|127.0.0.1:15039]|listeners:[], old=null}
2024-11-29 05:29:37,561 [82107b5c-a456-4cce-866c-b79ad2953fda@group-848028536F21-LeaderElection12] INFO  impl.LeaderElection (LeaderElection.java:askForVotes(334)) - 82107b5c-a456-4cce-866c-b79ad2953fda@group-848028536F21-LeaderElection12 PRE_VOTE round 0: result PASSED (term=0)
2024-11-29 05:29:37,563 [82107b5c-a456-4cce-866c-b79ad2953fda@group-848028536F21-LeaderElection12] INFO  impl.LeaderElection (LeaderElection.java:askForVotes(332)) - 82107b5c-a456-4cce-866c-b79ad2953fda@group-848028536F21-LeaderElection12 ELECTION round 0: submit vote requests at term 1 for conf: {index: -1, cur=peers:[82107b5c-a456-4cce-866c-b79ad2953fda|127.0.0.1:15039]|listeners:[], old=null}
2024-11-29 05:29:37,563 [82107b5c-a456-4cce-866c-b79ad2953fda@group-848028536F21-LeaderElection12] INFO  impl.LeaderElection (LeaderElection.java:askForVotes(334)) - 82107b5c-a456-4cce-866c-b79ad2953fda@group-848028536F21-LeaderElection12 ELECTION round 0: result PASSED (term=1)
2024-11-29 05:29:37,563 [82107b5c-a456-4cce-866c-b79ad2953fda@group-848028536F21-LeaderElection12] INFO  impl.RoleInfo (RoleInfo.java:shutdownLeaderElection(141)) - 82107b5c-a456-4cce-866c-b79ad2953fda: shutdown 82107b5c-a456-4cce-866c-b79ad2953fda@group-848028536F21-LeaderElection12
2024-11-29 05:29:37,563 [82107b5c-a456-4cce-866c-b79ad2953fda@group-848028536F21-LeaderElection12] INFO  server.RaftServer$Division (RaftServerImpl.java:setRole(378)) - 82107b5c-a456-4cce-866c-b79ad2953fda@group-848028536F21: changes role from CANDIDATE to LEADER at term 1 for changeToLeader
2024-11-29 05:29:37,563 [82107b5c-a456-4cce-866c-b79ad2953fda@group-848028536F21-LeaderElection12] INFO  server.RaftServerConfigKeys (ConfUtils.java:logGet(46)) - raft.server.staging.catchup.gap = 1000 (default)
2024-11-29 05:29:37,564 [82107b5c-a456-4cce-866c-b79ad2953fda@group-848028536F21-LeaderElection12] INFO  server.RaftServerConfigKeys (ConfUtils.java:logGet(46)) - raft.server.write.element-limit = 1024 (custom)
2024-11-29 05:29:37,564 [82107b5c-a456-4cce-866c-b79ad2953fda@group-848028536F21-LeaderElection12] INFO  server.RaftServerConfigKeys (ConfUtils.java:logGet(46)) - raft.server.write.byte-limit = 1024 M (=1073741824) (custom)
2024-11-29 05:29:37,564 [82107b5c-a456-4cce-866c-b79ad2953fda@group-848028536F21-LeaderElection12] INFO  server.RaftServerConfigKeys (ConfUtils.java:logGet(46)) - raft.server.watch.timeout = 30s (custom)
2024-11-29 05:29:37,564 [82107b5c-a456-4cce-866c-b79ad2953fda@group-848028536F21-LeaderElection12] INFO  server.RaftServerConfigKeys (ConfUtils.java:logGet(46)) - raft.server.watch.timeout.denomination = 1s (default)
2024-11-29 05:29:37,564 [82107b5c-a456-4cce-866c-b79ad2953fda@group-848028536F21-LeaderElection12] INFO  server.RaftServerConfigKeys (ConfUtils.java:logGet(46)) - raft.server.watch.element-limit = 65536 (default)
2024-11-29 05:29:37,565 [82107b5c-a456-4cce-866c-b79ad2953fda@group-848028536F21-LeaderElection12] INFO  server.RaftServerConfigKeys (ConfUtils.java:logGet(46)) - raft.server.read.leader.lease.enabled = false (default)
2024-11-29 05:29:37,565 [82107b5c-a456-4cce-866c-b79ad2953fda@group-848028536F21-LeaderElection12] INFO  server.RaftServerConfigKeys (ConfUtils.java:logGet(46)) - raft.server.read.leader.lease.timeout.ratio = 0.9 (default)
2024-11-29 05:29:37,565 [82107b5c-a456-4cce-866c-b79ad2953fda@group-848028536F21-LeaderElection12] INFO  server.RaftServerConfigKeys (ConfUtils.java:logGet(46)) - raft.server.rpc.timeout.min = 5s (custom)
2024-11-29 05:29:37,565 [82107b5c-a456-4cce-866c-b79ad2953fda@group-848028536F21-LeaderElection12] INFO  server.RaftServerConfigKeys (ConfUtils.java:logGet(46)) - raft.server.log.log-metadata.enabled = true (default)
2024-11-29 05:29:37,565 [82107b5c-a456-4cce-866c-b79ad2953fda@group-848028536F21-LeaderElection12] INFO  server.RaftServerConfigKeys (ConfUtils.java:logGet(46)) - raft.server.write.element-limit = 1024 (custom)
2024-11-29 05:29:37,565 [82107b5c-a456-4cce-866c-b79ad2953fda@group-848028536F21-LeaderElection12] INFO  server.RaftServerConfigKeys (ConfUtils.java:logGet(46)) - raft.server.write.follower.gap.ratio.max = -1.0 (default)
2024-11-29 05:29:37,565 [82107b5c-a456-4cce-866c-b79ad2953fda@group-848028536F21-LeaderElection12] INFO  impl.RoleInfo (RoleInfo.java:updateAndGet(148)) - 82107b5c-a456-4cce-866c-b79ad2953fda: start 82107b5c-a456-4cce-866c-b79ad2953fda@group-848028536F21-LeaderStateImpl
2024-11-29 05:29:37,565 [82107b5c-a456-4cce-866c-b79ad2953fda@group-848028536F21-LeaderElection12] INFO  server.RaftServer$Division (RaftServerImpl.java:setFirstElection(562)) - 82107b5c-a456-4cce-866c-b79ad2953fda@group-848028536F21: set firstElectionSinceStartup to false for becomeLeader
2024-11-29 05:29:37,565 [82107b5c-a456-4cce-866c-b79ad2953fda@group-848028536F21-LeaderElection12] INFO  ratis.XceiverServerRatis (XceiverServerRatis.java:handleLeaderChangedNotification(944)) - Leader change notification received for group: group-848028536F21 with new leaderId: 82107b5c-a456-4cce-866c-b79ad2953fda
2024-11-29 05:29:37,565 [82107b5c-a456-4cce-866c-b79ad2953fda@group-848028536F21-LeaderElection12] INFO  server.RaftServer$Division (ServerState.java:setLeader(272)) - 82107b5c-a456-4cce-866c-b79ad2953fda@group-848028536F21: change Leader from null to 82107b5c-a456-4cce-866c-b79ad2953fda at term 1 for becomeLeader, leader elected after 5063ms
2024-11-29 05:29:37,566 [82107b5c-a456-4cce-866c-b79ad2953fda@group-848028536F21-LeaderElection12] INFO  segmented.SegmentedRaftLogWorker (SegmentedRaftLogWorker.java:startLogSegment(438)) - 82107b5c-a456-4cce-866c-b79ad2953fda@group-848028536F21-SegmentedRaftLogWorker: Starting segment from index:0
2024-11-29 05:29:37,566 [82107b5c-a456-4cce-866c-b79ad2953fda@group-848028536F21-LeaderElection12] INFO  server.RaftServer$Division (ServerState.java:setRaftConf(386)) - 82107b5c-a456-4cce-866c-b79ad2953fda@group-848028536F21: set configuration conf: {index: 0, cur=peers:[82107b5c-a456-4cce-866c-b79ad2953fda|127.0.0.1:15039]|listeners:[], old=null}
2024-11-29 05:29:37,566 [82107b5c-a456-4cce-866c-b79ad2953fda@group-848028536F21-SegmentedRaftLogWorker] INFO  segmented.BufferedWriteChannel (BufferedWriteChannel.java:open(61)) - open log_inprogress_0 at position 0
2024-11-29 05:29:37,584 [82107b5c-a456-4cce-866c-b79ad2953fda@group-848028536F21-SegmentedRaftLogWorker] INFO  segmented.SegmentedRaftLogWorker (SegmentedRaftLogWorker.java:execute(644)) - 82107b5c-a456-4cce-866c-b79ad2953fda@group-848028536F21-SegmentedRaftLogWorker: created new log segment /home/runner/work/ozone/ozone/hadoop-ozone/integration-test/target/test-dir/MiniOzoneClusterImpl-61f21677-568d-49d7-a2ee-8a05247fe249/ozone-meta/datanode-4/ratis/575f7978-d042-4a0f-b980-848028536f21/current/log_inprogress_0
2024-11-29 05:29:37,587 [82107b5c-a456-4cce-866c-b79ad2953fda@group-848028536F21-StateMachineUpdater] INFO  server.RaftServer$Division (LeaderStateImpl.java:checkStartIndex(313)) - Leader 82107b5c-a456-4cce-866c-b79ad2953fda@group-848028536F21-LeaderStateImpl is ready since appliedIndex == startIndex == 0
2024-11-29 05:29:37,715 [9c663db8-fa21-4bd9-8dc4-4774c554fbc4-impl-thread2] INFO  segmented.SegmentedRaftLogWorker (SegmentedRaftLogWorker.java:close(252)) - 9c663db8-fa21-4bd9-8dc4-4774c554fbc4@group-0BB578D0F838-SegmentedRaftLogWorker close()
2024-11-29 05:29:37,717 [9c663db8-fa21-4bd9-8dc4-4774c554fbc4-impl-thread2] INFO  ratis.ContainerStateMachine (ContainerStateMachine.java:notifyServerShutdown(970)) - group-0BB578D0F838 is closed by HddsDatanodeService
2024-11-29 05:29:37,749 [9c663db8-fa21-4bd9-8dc4-4774c554fbc4-impl-thread4] INFO  segmented.SegmentedRaftLogWorker (SegmentedRaftLogWorker.java:close(252)) - 9c663db8-fa21-4bd9-8dc4-4774c554fbc4@group-8691A4D9751C-SegmentedRaftLogWorker close()
2024-11-29 05:29:37,751 [9c663db8-fa21-4bd9-8dc4-4774c554fbc4-impl-thread4] INFO  ratis.ContainerStateMachine (ContainerStateMachine.java:notifyServerShutdown(970)) - group-8691A4D9751C is closed by HddsDatanodeService
2024-11-29 05:29:37,895 [9c663db8-fa21-4bd9-8dc4-4774c554fbc4-impl-thread1] INFO  segmented.SegmentedRaftLogWorker (SegmentedRaftLogWorker.java:close(252)) - 9c663db8-fa21-4bd9-8dc4-4774c554fbc4@group-BC39F70CEAC4-SegmentedRaftLogWorker close()
2024-11-29 05:29:37,896 [9c663db8-fa21-4bd9-8dc4-4774c554fbc4-impl-thread1] INFO  ratis.ContainerStateMachine (ContainerStateMachine.java:notifyServerShutdown(970)) - group-BC39F70CEAC4 is closed by HddsDatanodeService
2024-11-29 05:29:37,912 [22bda68c-b64b-4e26-a6f3-14a354ca4fb6@group-E26A81565C11-FollowerState] INFO  impl.FollowerState (FollowerState.java:runImpl(161)) - 22bda68c-b64b-4e26-a6f3-14a354ca4fb6@group-E26A81565C11-FollowerState: change to CANDIDATE, lastRpcElapsedTime:5025688040ns, electionTimeout:5025ms
2024-11-29 05:29:37,912 [22bda68c-b64b-4e26-a6f3-14a354ca4fb6@group-E26A81565C11-FollowerState] INFO  impl.RoleInfo (RoleInfo.java:shutdownFollowerState(121)) - 22bda68c-b64b-4e26-a6f3-14a354ca4fb6: shutdown 22bda68c-b64b-4e26-a6f3-14a354ca4fb6@group-E26A81565C11-FollowerState
2024-11-29 05:29:37,913 [22bda68c-b64b-4e26-a6f3-14a354ca4fb6@group-E26A81565C11-FollowerState] INFO  server.RaftServer$Division (RaftServerImpl.java:setRole(378)) - 22bda68c-b64b-4e26-a6f3-14a354ca4fb6@group-E26A81565C11: changes role from  FOLLOWER to CANDIDATE at term 0 for changeToCandidate
2024-11-29 05:29:37,913 [22bda68c-b64b-4e26-a6f3-14a354ca4fb6@group-E26A81565C11-FollowerState] INFO  server.RaftServerConfigKeys (ConfUtils.java:logGet(46)) - raft.server.leaderelection.pre-vote = true (default)
2024-11-29 05:29:37,913 [22bda68c-b64b-4e26-a6f3-14a354ca4fb6@group-E26A81565C11-FollowerState] INFO  impl.RoleInfo (RoleInfo.java:updateAndGet(148)) - 22bda68c-b64b-4e26-a6f3-14a354ca4fb6: start 22bda68c-b64b-4e26-a6f3-14a354ca4fb6@group-E26A81565C11-LeaderElection13
2024-11-29 05:29:37,913 [22bda68c-b64b-4e26-a6f3-14a354ca4fb6@group-E26A81565C11-LeaderElection13] INFO  impl.LeaderElection (LeaderElection.java:askForVotes(332)) - 22bda68c-b64b-4e26-a6f3-14a354ca4fb6@group-E26A81565C11-LeaderElection13 PRE_VOTE round 0: submit vote requests at term 0 for conf: {index: -1, cur=peers:[22bda68c-b64b-4e26-a6f3-14a354ca4fb6|127.0.0.1:15048]|listeners:[], old=null}
2024-11-29 05:29:37,913 [22bda68c-b64b-4e26-a6f3-14a354ca4fb6@group-E26A81565C11-LeaderElection13] INFO  impl.LeaderElection (LeaderElection.java:askForVotes(334)) - 22bda68c-b64b-4e26-a6f3-14a354ca4fb6@group-E26A81565C11-LeaderElection13 PRE_VOTE round 0: result PASSED (term=0)
2024-11-29 05:29:37,919 [22bda68c-b64b-4e26-a6f3-14a354ca4fb6@group-E26A81565C11-LeaderElection13] INFO  impl.LeaderElection (LeaderElection.java:askForVotes(332)) - 22bda68c-b64b-4e26-a6f3-14a354ca4fb6@group-E26A81565C11-LeaderElection13 ELECTION round 0: submit vote requests at term 1 for conf: {index: -1, cur=peers:[22bda68c-b64b-4e26-a6f3-14a354ca4fb6|127.0.0.1:15048]|listeners:[], old=null}
2024-11-29 05:29:37,919 [22bda68c-b64b-4e26-a6f3-14a354ca4fb6@group-E26A81565C11-LeaderElection13] INFO  impl.LeaderElection (LeaderElection.java:askForVotes(334)) - 22bda68c-b64b-4e26-a6f3-14a354ca4fb6@group-E26A81565C11-LeaderElection13 ELECTION round 0: result PASSED (term=1)
2024-11-29 05:29:37,919 [22bda68c-b64b-4e26-a6f3-14a354ca4fb6@group-E26A81565C11-LeaderElection13] INFO  impl.RoleInfo (RoleInfo.java:shutdownLeaderElection(141)) - 22bda68c-b64b-4e26-a6f3-14a354ca4fb6: shutdown 22bda68c-b64b-4e26-a6f3-14a354ca4fb6@group-E26A81565C11-LeaderElection13
2024-11-29 05:29:37,919 [22bda68c-b64b-4e26-a6f3-14a354ca4fb6@group-E26A81565C11-LeaderElection13] INFO  server.RaftServer$Division (RaftServerImpl.java:setRole(378)) - 22bda68c-b64b-4e26-a6f3-14a354ca4fb6@group-E26A81565C11: changes role from CANDIDATE to LEADER at term 1 for changeToLeader
2024-11-29 05:29:37,919 [22bda68c-b64b-4e26-a6f3-14a354ca4fb6@group-E26A81565C11-LeaderElection13] INFO  server.RaftServerConfigKeys (ConfUtils.java:logGet(46)) - raft.server.staging.catchup.gap = 1000 (default)
2024-11-29 05:29:37,919 [22bda68c-b64b-4e26-a6f3-14a354ca4fb6@group-E26A81565C11-LeaderElection13] INFO  server.RaftServerConfigKeys (ConfUtils.java:logGet(46)) - raft.server.write.element-limit = 1024 (custom)
2024-11-29 05:29:37,919 [22bda68c-b64b-4e26-a6f3-14a354ca4fb6@group-E26A81565C11-LeaderElection13] INFO  server.RaftServerConfigKeys (ConfUtils.java:logGet(46)) - raft.server.write.byte-limit = 1024 M (=1073741824) (custom)
2024-11-29 05:29:37,920 [22bda68c-b64b-4e26-a6f3-14a354ca4fb6@group-E26A81565C11-LeaderElection13] INFO  server.RaftServerConfigKeys (ConfUtils.java:logGet(46)) - raft.server.watch.timeout = 30s (custom)
2024-11-29 05:29:37,920 [22bda68c-b64b-4e26-a6f3-14a354ca4fb6@group-E26A81565C11-LeaderElection13] INFO  server.RaftServerConfigKeys (ConfUtils.java:logGet(46)) - raft.server.watch.timeout.denomination = 1s (default)
2024-11-29 05:29:37,920 [22bda68c-b64b-4e26-a6f3-14a354ca4fb6@group-E26A81565C11-LeaderElection13] INFO  server.RaftServerConfigKeys (ConfUtils.java:logGet(46)) - raft.server.watch.element-limit = 65536 (default)
2024-11-29 05:29:37,920 [22bda68c-b64b-4e26-a6f3-14a354ca4fb6@group-E26A81565C11-LeaderElection13] INFO  server.RaftServerConfigKeys (ConfUtils.java:logGet(46)) - raft.server.read.leader.lease.enabled = false (default)
2024-11-29 05:29:37,920 [22bda68c-b64b-4e26-a6f3-14a354ca4fb6@group-E26A81565C11-LeaderElection13] INFO  server.RaftServerConfigKeys (ConfUtils.java:logGet(46)) - raft.server.read.leader.lease.timeout.ratio = 0.9 (default)
2024-11-29 05:29:37,920 [22bda68c-b64b-4e26-a6f3-14a354ca4fb6@group-E26A81565C11-LeaderElection13] INFO  server.RaftServerConfigKeys (ConfUtils.java:logGet(46)) - raft.server.rpc.timeout.min = 5s (custom)
2024-11-29 05:29:37,921 [22bda68c-b64b-4e26-a6f3-14a354ca4fb6@group-E26A81565C11-LeaderElection13] INFO  server.RaftServerConfigKeys (ConfUtils.java:logGet(46)) - raft.server.log.log-metadata.enabled = true (default)
2024-11-29 05:29:37,921 [22bda68c-b64b-4e26-a6f3-14a354ca4fb6@group-E26A81565C11-LeaderElection13] INFO  server.RaftServerConfigKeys (ConfUtils.java:logGet(46)) - raft.server.write.element-limit = 1024 (custom)
2024-11-29 05:29:37,921 [22bda68c-b64b-4e26-a6f3-14a354ca4fb6@group-E26A81565C11-LeaderElection13] INFO  server.RaftServerConfigKeys (ConfUtils.java:logGet(46)) - raft.server.write.follower.gap.ratio.max = -1.0 (default)
2024-11-29 05:29:37,921 [22bda68c-b64b-4e26-a6f3-14a354ca4fb6@group-E26A81565C11-LeaderElection13] INFO  impl.RoleInfo (RoleInfo.java:updateAndGet(148)) - 22bda68c-b64b-4e26-a6f3-14a354ca4fb6: start 22bda68c-b64b-4e26-a6f3-14a354ca4fb6@group-E26A81565C11-LeaderStateImpl
2024-11-29 05:29:37,921 [22bda68c-b64b-4e26-a6f3-14a354ca4fb6@group-E26A81565C11-LeaderElection13] INFO  server.RaftServer$Division (RaftServerImpl.java:setFirstElection(562)) - 22bda68c-b64b-4e26-a6f3-14a354ca4fb6@group-E26A81565C11: set firstElectionSinceStartup to false for becomeLeader
2024-11-29 05:29:37,921 [22bda68c-b64b-4e26-a6f3-14a354ca4fb6@group-E26A81565C11-LeaderElection13] INFO  ratis.XceiverServerRatis (XceiverServerRatis.java:handleLeaderChangedNotification(944)) - Leader change notification received for group: group-E26A81565C11 with new leaderId: 22bda68c-b64b-4e26-a6f3-14a354ca4fb6
2024-11-29 05:29:37,921 [22bda68c-b64b-4e26-a6f3-14a354ca4fb6@group-E26A81565C11-LeaderElection13] INFO  server.RaftServer$Division (ServerState.java:setLeader(272)) - 22bda68c-b64b-4e26-a6f3-14a354ca4fb6@group-E26A81565C11: change Leader from null to 22bda68c-b64b-4e26-a6f3-14a354ca4fb6 at term 1 for becomeLeader, leader elected after 5062ms
2024-11-29 05:29:37,925 [22bda68c-b64b-4e26-a6f3-14a354ca4fb6@group-E26A81565C11-LeaderElection13] INFO  segmented.SegmentedRaftLogWorker (SegmentedRaftLogWorker.java:startLogSegment(438)) - 22bda68c-b64b-4e26-a6f3-14a354ca4fb6@group-E26A81565C11-SegmentedRaftLogWorker: Starting segment from index:0
2024-11-29 05:29:37,926 [22bda68c-b64b-4e26-a6f3-14a354ca4fb6@group-E26A81565C11-LeaderElection13] INFO  server.RaftServer$Division (ServerState.java:setRaftConf(386)) - 22bda68c-b64b-4e26-a6f3-14a354ca4fb6@group-E26A81565C11: set configuration conf: {index: 0, cur=peers:[22bda68c-b64b-4e26-a6f3-14a354ca4fb6|127.0.0.1:15048]|listeners:[], old=null}
2024-11-29 05:29:37,926 [22bda68c-b64b-4e26-a6f3-14a354ca4fb6@group-E26A81565C11-SegmentedRaftLogWorker] INFO  segmented.BufferedWriteChannel (BufferedWriteChannel.java:open(61)) - open log_inprogress_0 at position 0
2024-11-29 05:29:37,937 [22bda68c-b64b-4e26-a6f3-14a354ca4fb6@group-E26A81565C11-SegmentedRaftLogWorker] INFO  segmented.SegmentedRaftLogWorker (SegmentedRaftLogWorker.java:execute(644)) - 22bda68c-b64b-4e26-a6f3-14a354ca4fb6@group-E26A81565C11-SegmentedRaftLogWorker: created new log segment /home/runner/work/ozone/ozone/hadoop-ozone/integration-test/target/test-dir/MiniOzoneClusterImpl-61f21677-568d-49d7-a2ee-8a05247fe249/ozone-meta/datanode-5/ratis/7a5eb9d9-946f-4e5e-9b36-e26a81565c11/current/log_inprogress_0
2024-11-29 05:29:37,940 [22bda68c-b64b-4e26-a6f3-14a354ca4fb6@group-E26A81565C11-StateMachineUpdater] INFO  server.RaftServer$Division (LeaderStateImpl.java:checkStartIndex(313)) - Leader 22bda68c-b64b-4e26-a6f3-14a354ca4fb6@group-E26A81565C11-LeaderStateImpl is ready since appliedIndex == startIndex == 0
2024-11-29 05:29:39,965 [EventQueue-StaleNodeForStaleNodeHandler] INFO  node.StaleNodeHandler (StaleNodeHandler.java:onMessage(57)) - Datanode 9c663db8-fa21-4bd9-8dc4-4774c554fbc4(localhost/127.0.0.1) moved to stale state. Finalizing its pipelines [PipelineID=46170460-0caf-4f19-bb73-bc39f70ceac4, PipelineID=851931c3-7c0b-43cf-9467-0bb578d0f838, PipelineID=18d42424-64f9-445e-b0e6-21e004cd13d9, PipelineID=34e6819b-0e9b-433b-a940-8691a4d9751c]
2024-11-29 05:29:39,967 [EventQueue-StaleNodeForStaleNodeHandler] INFO  pipeline.PipelineManagerImpl (PipelineManagerImpl.java:closePipeline(518)) - Pipeline PipelineID=46170460-0caf-4f19-bb73-bc39f70ceac4 moved to CLOSED state
2024-11-29 05:29:39,968 [EventQueue-StaleNodeForStaleNodeHandler] INFO  pipeline.PipelineManagerImpl (PipelineManagerImpl.java:closePipeline(518)) - Pipeline PipelineID=851931c3-7c0b-43cf-9467-0bb578d0f838 moved to CLOSED state
2024-11-29 05:29:39,968 [EventQueue-StaleNodeForStaleNodeHandler] INFO  pipeline.PipelineManagerImpl (PipelineManagerImpl.java:closePipeline(518)) - Pipeline PipelineID=18d42424-64f9-445e-b0e6-21e004cd13d9 moved to CLOSED state
2024-11-29 05:29:39,969 [EventQueue-StaleNodeForStaleNodeHandler] INFO  pipeline.PipelineManagerImpl (PipelineManagerImpl.java:closePipeline(518)) - Pipeline PipelineID=34e6819b-0e9b-433b-a940-8691a4d9751c moved to CLOSED state
2024-11-29 05:29:40,013 [Thread-697] WARN  grpc.GrpcUtil (GrpcUtil.java:shutdownManagedChannel(233)) - Timed out gracefully shutting down connection: ManagedChannelOrphanWrapper{delegate=ManagedChannelImpl{logId=85, target=127.0.0.1:15021}}. 
2024-11-29 05:29:40,015 [grpc-default-executor-1] INFO  server.GrpcLogAppender (GrpcLogAppender.java:onError(537)) - 9c663db8-fa21-4bd9-8dc4-4774c554fbc4@group-BC39F70CEAC4->ca425215-81ee-42b3-84d9-8ded1157efea-GrpcLogAppender is already stopped
2024-11-29 05:29:40,016 [grpc-default-executor-2] WARN  server.GrpcServerProtocolService (LogUtils.java:warn(121)) - ca425215-81ee-42b3-84d9-8ded1157efea: APPEND_ENTRIES onError, lastRequest: null: org.apache.ratis.thirdparty.io.grpc.StatusRuntimeException: CANCELLED: client cancelled
2024-11-29 05:29:41,973 [timer5] WARN  server.GrpcLogAppender (LogUtils.java:warn(121)) - ca425215-81ee-42b3-84d9-8ded1157efea@group-8691A4D9751C->9c663db8-fa21-4bd9-8dc4-4774c554fbc4-AppendLogResponseHandler: Failed appendEntries (Repeated 8 times in the last 5.021s): org.apache.ratis.thirdparty.io.grpc.StatusRuntimeException: UNAVAILABLE: io exception
2024-11-29 05:29:41,994 [timer6] WARN  server.GrpcLogAppender (GrpcLogAppender.java:lambda$resetClient$1(221)) - ca425215-81ee-42b3-84d9-8ded1157efea@group-8691A4D9751C->9c663db8-fa21-4bd9-8dc4-4774c554fbc4-GrpcLogAppender: Follower failed (request=null, errorCount=8); keep nextIndex (1) unchanged and retry. (Repeated 16 times in the last 5.032s)
2024-11-29 05:29:42,087 [timer7] WARN  server.GrpcLogAppender (LogUtils.java:warn(121)) - 46c085ae-d173-483e-a797-bf073fdc6d33@group-0BB578D0F838->9c663db8-fa21-4bd9-8dc4-4774c554fbc4-AppendLogResponseHandler: Failed appendEntries (Repeated 12 times in the last 5.023s): org.apache.ratis.thirdparty.io.grpc.StatusRuntimeException: UNAVAILABLE: io exception
2024-11-29 05:29:42,092 [timer0] WARN  server.GrpcLogAppender (GrpcLogAppender.java:lambda$resetClient$1(221)) - 46c085ae-d173-483e-a797-bf073fdc6d33@group-0BB578D0F838->9c663db8-fa21-4bd9-8dc4-4774c554fbc4-GrpcLogAppender: Follower failed (request=null, errorCount=4); keep nextIndex (0) unchanged and retry. (Repeated 4 times in the last 5.021s)
2024-11-29 05:29:42,646 [grpc-default-executor-1] WARN  server.GrpcLogAppender (LogUtils.java:warn(121)) - 46c085ae-d173-483e-a797-bf073fdc6d33@group-0BB578D0F838->9c663db8-fa21-4bd9-8dc4-4774c554fbc4-AppendLogResponseHandler: Failed appendEntries: org.apache.ratis.thirdparty.io.grpc.StatusRuntimeException: UNAVAILABLE: io exception
2024-11-29 05:29:42,647 [grpc-default-executor-2] WARN  server.GrpcLogAppender (GrpcLogAppender.java:lambda$resetClient$1(221)) - 46c085ae-d173-483e-a797-bf073fdc6d33@group-0BB578D0F838->9c663db8-fa21-4bd9-8dc4-4774c554fbc4-GrpcLogAppender: Follower failed (request=null, errorCount=13); keep nextIndex (1) unchanged and retry.
2024-11-29 05:29:42,968 [EventQueue-DeadNodeForDeadNodeHandler] INFO  node.DeadNodeHandler (DeadNodeHandler.java:onMessage(95)) - A dead datanode is detected. 9c663db8-fa21-4bd9-8dc4-4774c554fbc4(localhost/127.0.0.1)
2024-11-29 05:29:42,969 [EventQueue-DeadNodeForDeadNodeHandler] INFO  pipeline.RatisPipelineProvider (RatisPipelineProvider.java:lambda$close$4(270)) - Send pipeline:PipelineID=46170460-0caf-4f19-bb73-bc39f70ceac4 close command to datanode 9c663db8-fa21-4bd9-8dc4-4774c554fbc4
2024-11-29 05:29:42,970 [EventQueue-DeadNodeForDeadNodeHandler] INFO  pipeline.RatisPipelineProvider (RatisPipelineProvider.java:lambda$close$4(270)) - Send pipeline:PipelineID=46170460-0caf-4f19-bb73-bc39f70ceac4 close command to datanode 46c085ae-d173-483e-a797-bf073fdc6d33
2024-11-29 05:29:42,970 [EventQueue-DeadNodeForDeadNodeHandler] INFO  pipeline.RatisPipelineProvider (RatisPipelineProvider.java:lambda$close$4(270)) - Send pipeline:PipelineID=46170460-0caf-4f19-bb73-bc39f70ceac4 close command to datanode ca425215-81ee-42b3-84d9-8ded1157efea
2024-11-29 05:29:42,972 [EventQueue-DeadNodeForDeadNodeHandler] INFO  pipeline.PipelineManagerImpl (PipelineManagerImpl.java:removePipeline(459)) - Pipeline Pipeline[ Id: 46170460-0caf-4f19-bb73-bc39f70ceac4, Nodes: 9c663db8-fa21-4bd9-8dc4-4774c554fbc4(localhost/127.0.0.1) ReplicaIndex: 046c085ae-d173-483e-a797-bf073fdc6d33(localhost/127.0.0.1) ReplicaIndex: 0ca425215-81ee-42b3-84d9-8ded1157efea(localhost/127.0.0.1) ReplicaIndex: 0, ReplicationConfig: RATIS/THREE, State:CLOSED, leaderId:9c663db8-fa21-4bd9-8dc4-4774c554fbc4, CreationTimestamp2024-11-29T05:29:28.983Z[Etc/UTC]] removed.
2024-11-29 05:29:42,972 [EventQueue-DeadNodeForDeadNodeHandler] INFO  pipeline.RatisPipelineProvider (RatisPipelineProvider.java:lambda$close$4(270)) - Send pipeline:PipelineID=851931c3-7c0b-43cf-9467-0bb578d0f838 close command to datanode 46c085ae-d173-483e-a797-bf073fdc6d33
2024-11-29 05:29:42,972 [EventQueue-DeadNodeForDeadNodeHandler] INFO  pipeline.RatisPipelineProvider (RatisPipelineProvider.java:lambda$close$4(270)) - Send pipeline:PipelineID=851931c3-7c0b-43cf-9467-0bb578d0f838 close command to datanode 9c663db8-fa21-4bd9-8dc4-4774c554fbc4
2024-11-29 05:29:42,972 [EventQueue-DeadNodeForDeadNodeHandler] INFO  pipeline.RatisPipelineProvider (RatisPipelineProvider.java:lambda$close$4(270)) - Send pipeline:PipelineID=851931c3-7c0b-43cf-9467-0bb578d0f838 close command to datanode ca425215-81ee-42b3-84d9-8ded1157efea
2024-11-29 05:29:42,972 [EventQueue-DeadNodeForDeadNodeHandler] INFO  pipeline.PipelineManagerImpl (PipelineManagerImpl.java:removePipeline(459)) - Pipeline Pipeline[ Id: 851931c3-7c0b-43cf-9467-0bb578d0f838, Nodes: 46c085ae-d173-483e-a797-bf073fdc6d33(localhost/127.0.0.1) ReplicaIndex: 09c663db8-fa21-4bd9-8dc4-4774c554fbc4(localhost/127.0.0.1) ReplicaIndex: 0ca425215-81ee-42b3-84d9-8ded1157efea(localhost/127.0.0.1) ReplicaIndex: 0, ReplicationConfig: RATIS/THREE, State:CLOSED, leaderId:46c085ae-d173-483e-a797-bf073fdc6d33, CreationTimestamp2024-11-29T05:29:28.986Z[Etc/UTC]] removed.
2024-11-29 05:29:42,972 [EventQueue-DeadNodeForDeadNodeHandler] INFO  pipeline.RatisPipelineProvider (RatisPipelineProvider.java:lambda$close$4(270)) - Send pipeline:PipelineID=18d42424-64f9-445e-b0e6-21e004cd13d9 close command to datanode 9c663db8-fa21-4bd9-8dc4-4774c554fbc4
2024-11-29 05:29:42,973 [EventQueue-DeadNodeForDeadNodeHandler] INFO  pipeline.PipelineManagerImpl (PipelineManagerImpl.java:removePipeline(459)) - Pipeline Pipeline[ Id: 18d42424-64f9-445e-b0e6-21e004cd13d9, Nodes: 9c663db8-fa21-4bd9-8dc4-4774c554fbc4(localhost/127.0.0.1) ReplicaIndex: 0, ReplicationConfig: RATIS/ONE, State:CLOSED, leaderId:9c663db8-fa21-4bd9-8dc4-4774c554fbc4, CreationTimestamp2024-11-29T05:29:28.057Z[Etc/UTC]] removed.
2024-11-29 05:29:42,973 [EventQueue-DeadNodeForDeadNodeHandler] INFO  pipeline.RatisPipelineProvider (RatisPipelineProvider.java:lambda$close$4(270)) - Send pipeline:PipelineID=34e6819b-0e9b-433b-a940-8691a4d9751c close command to datanode ca425215-81ee-42b3-84d9-8ded1157efea
2024-11-29 05:29:42,973 [EventQueue-DeadNodeForDeadNodeHandler] INFO  pipeline.RatisPipelineProvider (RatisPipelineProvider.java:lambda$close$4(270)) - Send pipeline:PipelineID=34e6819b-0e9b-433b-a940-8691a4d9751c close command to datanode 9c663db8-fa21-4bd9-8dc4-4774c554fbc4
2024-11-29 05:29:42,973 [EventQueue-DeadNodeForDeadNodeHandler] INFO  pipeline.RatisPipelineProvider (RatisPipelineProvider.java:lambda$close$4(270)) - Send pipeline:PipelineID=34e6819b-0e9b-433b-a940-8691a4d9751c close command to datanode 46c085ae-d173-483e-a797-bf073fdc6d33
2024-11-29 05:29:42,973 [EventQueue-DeadNodeForDeadNodeHandler] INFO  pipeline.PipelineManagerImpl (PipelineManagerImpl.java:removePipeline(459)) - Pipeline Pipeline[ Id: 34e6819b-0e9b-433b-a940-8691a4d9751c, Nodes: ca425215-81ee-42b3-84d9-8ded1157efea(localhost/127.0.0.1) ReplicaIndex: 09c663db8-fa21-4bd9-8dc4-4774c554fbc4(localhost/127.0.0.1) ReplicaIndex: 046c085ae-d173-483e-a797-bf073fdc6d33(localhost/127.0.0.1) ReplicaIndex: 0, ReplicationConfig: RATIS/THREE, State:CLOSED, leaderId:ca425215-81ee-42b3-84d9-8ded1157efea, CreationTimestamp2024-11-29T05:29:28.980Z[Etc/UTC]] removed.
2024-11-29 05:29:42,974 [EventQueue-DeadNodeForDeadNodeHandler] INFO  node.DeadNodeHandler (DeadNodeHandler.java:onMessage(108)) - Clearing command queue of size 4 for DN 9c663db8-fa21-4bd9-8dc4-4774c554fbc4(localhost/127.0.0.1)
2024-11-29 05:29:42,974 [EventQueue-DeadNodeForDeadNodeHandler] INFO  net.NetworkTopologyImpl (NetworkTopologyImpl.java:remove(212)) - Removed a node: /default-rack/9c663db8-fa21-4bd9-8dc4-4774c554fbc4
2024-11-29 05:29:43,008 [grpc-default-executor-1] WARN  server.GrpcLogAppender (LogUtils.java:warn(121)) - ca425215-81ee-42b3-84d9-8ded1157efea@group-8691A4D9751C->9c663db8-fa21-4bd9-8dc4-4774c554fbc4-AppendLogResponseHandler: Failed appendEntries: org.apache.ratis.thirdparty.io.grpc.StatusRuntimeException: UNAVAILABLE: io exception
2024-11-29 05:29:43,015 [Thread-697] WARN  grpc.GrpcUtil (GrpcUtil.java:shutdownManagedChannel(233)) - Timed out gracefully shutting down connection: ManagedChannelOrphanWrapper{delegate=ManagedChannelImpl{logId=81, target=127.0.0.1:15021}}. 
2024-11-29 05:29:43,015 [grpc-default-executor-1] INFO  server.GrpcLogAppender (GrpcLogAppender.java:onError(537)) - 9c663db8-fa21-4bd9-8dc4-4774c554fbc4@group-BC39F70CEAC4->ca425215-81ee-42b3-84d9-8ded1157efea-GrpcLogAppender is already stopped
2024-11-29 05:29:43,016 [pool-232-thread-1] INFO  server.GrpcService (GrpcService.java:closeImpl(352)) - 9c663db8-fa21-4bd9-8dc4-4774c554fbc4: shutdown server GrpcServerProtocolService successfully
2024-11-29 05:29:43,017 [grpc-default-executor-2] WARN  server.GrpcServerProtocolService (LogUtils.java:warn(121)) - ca425215-81ee-42b3-84d9-8ded1157efea: APPEND_ENTRIES onError, lastRequest: null: org.apache.ratis.thirdparty.io.grpc.StatusRuntimeException: CANCELLED: client cancelled
2024-11-29 05:29:43,020 [9c663db8-fa21-4bd9-8dc4-4774c554fbc4-NettyServerStreamRpc-bossGroup--thread1] INFO  logging.LoggingHandler (AbstractInternalLogger.java:log(148)) - [id: 0xa59dd99d, L:/0.0.0.0:15015] CLOSE
2024-11-29 05:29:43,020 [9c663db8-fa21-4bd9-8dc4-4774c554fbc4-NettyServerStreamRpc-bossGroup--thread1] INFO  logging.LoggingHandler (AbstractInternalLogger.java:log(148)) - [id: 0xa59dd99d, L:/0.0.0.0:15015] INACTIVE
2024-11-29 05:29:43,020 [9c663db8-fa21-4bd9-8dc4-4774c554fbc4-NettyServerStreamRpc-bossGroup--thread1] INFO  logging.LoggingHandler (AbstractInternalLogger.java:log(148)) - [id: 0xa59dd99d, L:/0.0.0.0:15015] UNREGISTERED
2024-11-29 05:29:43,028 [JvmPauseMonitor2] INFO  util.JvmPauseMonitor (JvmPauseMonitor.java:run(152)) - JvmPauseMonitor-9c663db8-fa21-4bd9-8dc4-4774c554fbc4: Stopped
2024-11-29 05:29:43,054 [EventQueue-PipelineReportForPipelineReportHandler] INFO  pipeline.PipelineReportHandler (PipelineReportHandler.java:handlePipelineNotFoundException(111)) - Pipeline PipelineID=46170460-0caf-4f19-bb73-bc39f70ceac4, reported by datanode 46c085ae-d173-483e-a797-bf073fdc6d33(localhost/127.0.0.1) is not found.
2024-11-29 05:29:43,055 [EventQueue-PipelineReportForPipelineReportHandler] INFO  pipeline.PipelineReportHandler (PipelineReportHandler.java:handlePipelineNotFoundException(111)) - Pipeline PipelineID=851931c3-7c0b-43cf-9467-0bb578d0f838, reported by datanode 46c085ae-d173-483e-a797-bf073fdc6d33(localhost/127.0.0.1) is not found.
2024-11-29 05:29:43,055 [EventQueue-PipelineReportForPipelineReportHandler] INFO  pipeline.PipelineReportHandler (PipelineReportHandler.java:handlePipelineNotFoundException(111)) - Pipeline PipelineID=34e6819b-0e9b-433b-a940-8691a4d9751c, reported by datanode 46c085ae-d173-483e-a797-bf073fdc6d33(localhost/127.0.0.1) is not found.
2024-11-29 05:29:44,054 [EventQueue-PipelineReportForPipelineReportHandler] INFO  pipeline.PipelineReportHandler (PipelineReportHandler.java:handlePipelineNotFoundException(111)) - Pipeline PipelineID=46170460-0caf-4f19-bb73-bc39f70ceac4, reported by datanode 46c085ae-d173-483e-a797-bf073fdc6d33(localhost/127.0.0.1) is not found.
2024-11-29 05:29:44,055 [EventQueue-PipelineReportForPipelineReportHandler] INFO  pipeline.PipelineReportHandler (PipelineReportHandler.java:handlePipelineNotFoundException(111)) - Pipeline PipelineID=851931c3-7c0b-43cf-9467-0bb578d0f838, reported by datanode 46c085ae-d173-483e-a797-bf073fdc6d33(localhost/127.0.0.1) is not found.
2024-11-29 05:29:44,055 [EventQueue-PipelineReportForPipelineReportHandler] INFO  pipeline.PipelineReportHandler (PipelineReportHandler.java:handlePipelineNotFoundException(111)) - Pipeline PipelineID=34e6819b-0e9b-433b-a940-8691a4d9751c, reported by datanode 46c085ae-d173-483e-a797-bf073fdc6d33(localhost/127.0.0.1) is not found.
2024-11-29 05:29:44,752 [EventQueue-PipelineReportForPipelineReportHandler] INFO  pipeline.PipelineReportHandler (PipelineReportHandler.java:handlePipelineNotFoundException(111)) - Pipeline PipelineID=46170460-0caf-4f19-bb73-bc39f70ceac4, reported by datanode ca425215-81ee-42b3-84d9-8ded1157efea(localhost/127.0.0.1) is not found.
2024-11-29 05:29:44,752 [EventQueue-PipelineReportForPipelineReportHandler] INFO  pipeline.PipelineReportHandler (PipelineReportHandler.java:handlePipelineNotFoundException(111)) - Pipeline PipelineID=851931c3-7c0b-43cf-9467-0bb578d0f838, reported by datanode ca425215-81ee-42b3-84d9-8ded1157efea(localhost/127.0.0.1) is not found.
2024-11-29 05:29:44,752 [EventQueue-PipelineReportForPipelineReportHandler] INFO  pipeline.PipelineReportHandler (PipelineReportHandler.java:handlePipelineNotFoundException(111)) - Pipeline PipelineID=34e6819b-0e9b-433b-a940-8691a4d9751c, reported by datanode ca425215-81ee-42b3-84d9-8ded1157efea(localhost/127.0.0.1) is not found.
2024-11-29 05:29:44,762 [ca425215-81ee-42b3-84d9-8ded1157efea-PipelineCommandHandlerThread-0] WARN  commandhandler.ClosePipelineCommandHandler (ClosePipelineCommandHandler.java:lambda$handle$1(137)) - Failed to remove group group-BC39F70CEAC4 of pipeline PipelineID=46170460-0caf-4f19-bb73-bc39f70ceac4 on peer 9c663db8-fa21-4bd9-8dc4-4774c554fbc4
java.io.IOException: org.apache.ratis.thirdparty.io.grpc.StatusRuntimeException: UNAVAILABLE: io exception
	at org.apache.ratis.grpc.GrpcUtil.unwrapException(GrpcUtil.java:99)
	at org.apache.ratis.grpc.client.GrpcClientProtocolClient.blockingCall(GrpcClientProtocolClient.java:226)
	at org.apache.ratis.grpc.client.GrpcClientProtocolClient.groupAdd(GrpcClientProtocolClient.java:173)
	at org.apache.ratis.grpc.client.GrpcClientRpc.sendRequest(GrpcClientRpc.java:98)
	at org.apache.ratis.client.impl.BlockingImpl.sendRequest(BlockingImpl.java:147)
	at org.apache.ratis.client.impl.BlockingImpl.sendRequestWithRetry(BlockingImpl.java:109)
	at org.apache.ratis.client.impl.GroupManagementImpl.remove(GroupManagementImpl.java:61)
	at org.apache.hadoop.ozone.container.common.statemachine.commandhandler.ClosePipelineCommandHandler.lambda$handle$1(ClosePipelineCommandHandler.java:129)
	at java.base/java.util.stream.ForEachOps$ForEachOp$OfRef.accept(ForEachOps.java:183)
	at java.base/java.util.stream.ReferencePipeline$2$1.accept(ReferencePipeline.java:179)
	at java.base/java.util.HashMap$ValueSpliterator.forEachRemaining(HashMap.java:1779)
	at java.base/java.util.stream.AbstractPipeline.copyInto(AbstractPipeline.java:509)
	at java.base/java.util.stream.AbstractPipeline.wrapAndCopyInto(AbstractPipeline.java:499)
	at java.base/java.util.stream.ForEachOps$ForEachOp.evaluateSequential(ForEachOps.java:150)
	at java.base/java.util.stream.ForEachOps$ForEachOp$OfRef.evaluateSequential(ForEachOps.java:173)
	at java.base/java.util.stream.AbstractPipeline.evaluate(AbstractPipeline.java:234)
	at java.base/java.util.stream.ReferencePipeline.forEach(ReferencePipeline.java:596)
	at org.apache.hadoop.ozone.container.common.statemachine.commandhandler.ClosePipelineCommandHandler.lambda$handle$2(ClosePipelineCommandHandler.java:126)
	at java.base/java.util.concurrent.CompletableFuture$AsyncRun.run(CompletableFuture.java:1804)
	at java.base/java.util.concurrent.ThreadPoolExecutor.runWorker(ThreadPoolExecutor.java:1136)
	at java.base/java.util.concurrent.ThreadPoolExecutor$Worker.run(ThreadPoolExecutor.java:635)
	at java.base/java.lang.Thread.run(Thread.java:840)
Caused by: org.apache.ratis.thirdparty.io.grpc.StatusRuntimeException: UNAVAILABLE: io exception
	at org.apache.ratis.thirdparty.io.grpc.stub.ClientCalls.toStatusRuntimeException(ClientCalls.java:268)
	at org.apache.ratis.thirdparty.io.grpc.stub.ClientCalls.getUnchecked(ClientCalls.java:249)
	at org.apache.ratis.thirdparty.io.grpc.stub.ClientCalls.blockingUnaryCall(ClientCalls.java:167)
	at org.apache.ratis.proto.grpc.AdminProtocolServiceGrpc$AdminProtocolServiceBlockingStub.groupManagement(AdminProtocolServiceGrpc.java:468)
	at org.apache.ratis.grpc.client.GrpcClientProtocolClient.lambda$groupAdd$6(GrpcClientProtocolClient.java:175)
	at org.apache.ratis.grpc.client.GrpcClientProtocolClient.blockingCall(GrpcClientProtocolClient.java:224)
	... 20 more
Caused by: org.apache.ratis.thirdparty.io.netty.channel.AbstractChannel$AnnotatedConnectException: finishConnect(..) failed: Connection refused: /127.0.0.1:15012
Caused by: java.net.ConnectException: finishConnect(..) failed: Connection refused
	at org.apache.ratis.thirdparty.io.netty.channel.unix.Errors.newConnectException0(Errors.java:166)
	at org.apache.ratis.thirdparty.io.netty.channel.unix.Errors.handleConnectErrno(Errors.java:131)
	at org.apache.ratis.thirdparty.io.netty.channel.unix.Socket.finishConnect(Socket.java:359)
	at org.apache.ratis.thirdparty.io.netty.channel.epoll.AbstractEpollChannel$AbstractEpollUnsafe.doFinishConnect(AbstractEpollChannel.java:715)
	at org.apache.ratis.thirdparty.io.netty.channel.epoll.AbstractEpollChannel$AbstractEpollUnsafe.finishConnect(AbstractEpollChannel.java:692)
	at org.apache.ratis.thirdparty.io.netty.channel.epoll.AbstractEpollChannel$AbstractEpollUnsafe.epollOutReady(AbstractEpollChannel.java:567)
	at org.apache.ratis.thirdparty.io.netty.channel.epoll.EpollEventLoop.processReady(EpollEventLoop.java:491)
	at org.apache.ratis.thirdparty.io.netty.channel.epoll.EpollEventLoop.run(EpollEventLoop.java:399)
	at org.apache.ratis.thirdparty.io.netty.util.concurrent.SingleThreadEventExecutor$4.run(SingleThreadEventExecutor.java:997)
	at org.apache.ratis.thirdparty.io.netty.util.internal.ThreadExecutorMap$2.run(ThreadExecutorMap.java:74)
	at org.apache.ratis.thirdparty.io.netty.util.concurrent.FastThreadLocalRunnable.run(FastThreadLocalRunnable.java:30)
	at java.base/java.lang.Thread.run(Thread.java:840)
2024-11-29 05:29:44,769 [grpc-default-executor-1] INFO  server.RaftServer (RaftServerProxy.java:remove(111)) - 46c085ae-d173-483e-a797-bf073fdc6d33: remove  FOLLOWER 46c085ae-d173-483e-a797-bf073fdc6d33@group-BC39F70CEAC4:t1, leader=null, voted=9c663db8-fa21-4bd9-8dc4-4774c554fbc4, raftlog=Memoized:46c085ae-d173-483e-a797-bf073fdc6d33@group-BC39F70CEAC4-SegmentedRaftLog:OPENED:c-1:lastnull, conf=conf: {index: -1, cur=peers:[9c663db8-fa21-4bd9-8dc4-4774c554fbc4|127.0.0.1:15012, 46c085ae-d173-483e-a797-bf073fdc6d33|127.0.0.1:15030, ca425215-81ee-42b3-84d9-8ded1157efea|127.0.0.1:15021]|listeners:[], old=null} RUNNING
2024-11-29 05:29:44,770 [grpc-default-executor-1] INFO  server.RaftServer$Division (RaftServerImpl.java:lambda$close$1(513)) - 46c085ae-d173-483e-a797-bf073fdc6d33@group-BC39F70CEAC4: shutdown
2024-11-29 05:29:44,770 [grpc-default-executor-1] INFO  util.JmxRegister (JmxRegister.java:unregister(74)) - Successfully un-registered JMX Bean with object name Ratis:service=RaftServer,group=group-BC39F70CEAC4,id=46c085ae-d173-483e-a797-bf073fdc6d33
2024-11-29 05:29:44,770 [grpc-default-executor-1] INFO  impl.RoleInfo (RoleInfo.java:shutdownFollowerState(121)) - 46c085ae-d173-483e-a797-bf073fdc6d33: shutdown 46c085ae-d173-483e-a797-bf073fdc6d33@group-BC39F70CEAC4-FollowerState
2024-11-29 05:29:44,770 [grpc-default-executor-1] INFO  impl.StateMachineUpdater (StateMachineUpdater.java:stopAndJoin(164)) - 46c085ae-d173-483e-a797-bf073fdc6d33@group-BC39F70CEAC4-StateMachineUpdater: set stopIndex = -1
2024-11-29 05:29:44,771 [46c085ae-d173-483e-a797-bf073fdc6d33@group-BC39F70CEAC4-StateMachineUpdater] INFO  impl.StateMachineUpdater (StateMachineUpdater.java:stop(141)) - 46c085ae-d173-483e-a797-bf073fdc6d33@group-BC39F70CEAC4-StateMachineUpdater: closing ContainerStateMachine, lastApplied=(t:0, i:~)
2024-11-29 05:29:44,771 [46c085ae-d173-483e-a797-bf073fdc6d33@group-BC39F70CEAC4-cacheEviction-AwaitToRun] INFO  util.AwaitToRun (AwaitToRun.java:run(49)) - 46c085ae-d173-483e-a797-bf073fdc6d33@group-BC39F70CEAC4-cacheEviction-AwaitToRun-AwaitForSignal is interrupted
2024-11-29 05:29:44,771 [46c085ae-d173-483e-a797-bf073fdc6d33@group-BC39F70CEAC4-FollowerState] INFO  impl.FollowerState (FollowerState.java:runImpl(170)) - 46c085ae-d173-483e-a797-bf073fdc6d33@group-BC39F70CEAC4-FollowerState was interrupted
2024-11-29 05:29:44,794 [grpc-default-executor-1] INFO  segmented.SegmentedRaftLogWorker (SegmentedRaftLogWorker.java:close(252)) - 46c085ae-d173-483e-a797-bf073fdc6d33@group-BC39F70CEAC4-SegmentedRaftLogWorker close()
2024-11-29 05:29:44,796 [grpc-default-executor-1] INFO  server.RaftServer$Division (RaftServerImpl.java:groupRemove(483)) - 46c085ae-d173-483e-a797-bf073fdc6d33@group-BC39F70CEAC4: Succeed to remove RaftStorageDirectory Storage Directory /home/runner/work/ozone/ozone/hadoop-ozone/integration-test/target/test-dir/MiniOzoneClusterImpl-61f21677-568d-49d7-a2ee-8a05247fe249/ozone-meta/datanode-3/ratis/46170460-0caf-4f19-bb73-bc39f70ceac4
2024-11-29 05:29:44,798 [ca425215-81ee-42b3-84d9-8ded1157efea-PipelineCommandHandlerThread-0] INFO  server.RaftServer (RaftServerProxy.java:remove(111)) - ca425215-81ee-42b3-84d9-8ded1157efea: remove  FOLLOWER ca425215-81ee-42b3-84d9-8ded1157efea@group-BC39F70CEAC4:t1, leader=null, voted=9c663db8-fa21-4bd9-8dc4-4774c554fbc4, raftlog=Memoized:ca425215-81ee-42b3-84d9-8ded1157efea@group-BC39F70CEAC4-SegmentedRaftLog:OPENED:c-1:lastnull, conf=conf: {index: -1, cur=peers:[9c663db8-fa21-4bd9-8dc4-4774c554fbc4|127.0.0.1:15012, 46c085ae-d173-483e-a797-bf073fdc6d33|127.0.0.1:15030, ca425215-81ee-42b3-84d9-8ded1157efea|127.0.0.1:15021]|listeners:[], old=null} RUNNING
2024-11-29 05:29:44,798 [ca425215-81ee-42b3-84d9-8ded1157efea-PipelineCommandHandlerThread-0] INFO  server.RaftServer$Division (RaftServerImpl.java:lambda$close$1(513)) - ca425215-81ee-42b3-84d9-8ded1157efea@group-BC39F70CEAC4: shutdown
2024-11-29 05:29:44,798 [ca425215-81ee-42b3-84d9-8ded1157efea-PipelineCommandHandlerThread-0] INFO  util.JmxRegister (JmxRegister.java:unregister(74)) - Successfully un-registered JMX Bean with object name Ratis:service=RaftServer,group=group-BC39F70CEAC4,id=ca425215-81ee-42b3-84d9-8ded1157efea
2024-11-29 05:29:44,799 [ca425215-81ee-42b3-84d9-8ded1157efea-PipelineCommandHandlerThread-0] INFO  impl.RoleInfo (RoleInfo.java:shutdownFollowerState(121)) - ca425215-81ee-42b3-84d9-8ded1157efea: shutdown ca425215-81ee-42b3-84d9-8ded1157efea@group-BC39F70CEAC4-FollowerState
2024-11-29 05:29:44,799 [ca425215-81ee-42b3-84d9-8ded1157efea@group-BC39F70CEAC4-FollowerState] INFO  impl.FollowerState (FollowerState.java:runImpl(170)) - ca425215-81ee-42b3-84d9-8ded1157efea@group-BC39F70CEAC4-FollowerState was interrupted
2024-11-29 05:29:44,799 [ca425215-81ee-42b3-84d9-8ded1157efea@group-BC39F70CEAC4-StateMachineUpdater] INFO  impl.StateMachineUpdater (StateMachineUpdater.java:stop(141)) - ca425215-81ee-42b3-84d9-8ded1157efea@group-BC39F70CEAC4-StateMachineUpdater: closing ContainerStateMachine, lastApplied=(t:0, i:~)
2024-11-29 05:29:44,799 [ca425215-81ee-42b3-84d9-8ded1157efea-PipelineCommandHandlerThread-0] INFO  impl.StateMachineUpdater (StateMachineUpdater.java:stopAndJoin(164)) - ca425215-81ee-42b3-84d9-8ded1157efea@group-BC39F70CEAC4-StateMachineUpdater: set stopIndex = -1
2024-11-29 05:29:44,799 [ca425215-81ee-42b3-84d9-8ded1157efea@group-BC39F70CEAC4-cacheEviction-AwaitToRun] INFO  util.AwaitToRun (AwaitToRun.java:run(49)) - ca425215-81ee-42b3-84d9-8ded1157efea@group-BC39F70CEAC4-cacheEviction-AwaitToRun-AwaitForSignal is interrupted
2024-11-29 05:29:45,038 [pool-232-thread-1] INFO  utils.DatanodeStoreCache (DatanodeStoreCache.java:shutdownCache(116)) - Skip clearing cache in mini cluster mode. Entries left: [/home/runner/work/ozone/ozone/hadoop-ozone/integration-test/target/test-dir/MiniOzoneClusterImpl-61f21677-568d-49d7-a2ee-8a05247fe249/ozone-meta/datanode-1/data-0/hdds/61f21677-568d-49d7-a2ee-8a05247fe249/DS-a75c8c63-ea5b-4d16-8651-eacd9029598b/container.db, /home/runner/work/ozone/ozone/hadoop-ozone/integration-test/target/test-dir/MiniOzoneClusterImpl-61f21677-568d-49d7-a2ee-8a05247fe249/ozone-meta/datanode-2/data-0/hdds/61f21677-568d-49d7-a2ee-8a05247fe249/DS-1b42e33a-b9d3-490e-b7bd-5d9f48b393a9/container.db, /home/runner/work/ozone/ozone/hadoop-ozone/integration-test/target/test-dir/MiniOzoneClusterImpl-61f21677-568d-49d7-a2ee-8a05247fe249/ozone-meta/datanode-3/data-0/hdds/61f21677-568d-49d7-a2ee-8a05247fe249/DS-a85c64d8-cd44-4527-98e5-4c7748fad9d1/container.db, /home/runner/work/ozone/ozone/hadoop-ozone/integration-test/target/test-dir/MiniOzoneClusterImpl-61f21677-568d-49d7-a2ee-8a05247fe249/ozone-meta/datanode-4/data-0/hdds/61f21677-568d-49d7-a2ee-8a05247fe249/DS-2867feb1-de06-4d6e-9c7d-757162768a94/container.db, /home/runner/work/ozone/ozone/hadoop-ozone/integration-test/target/test-dir/MiniOzoneClusterImpl-61f21677-568d-49d7-a2ee-8a05247fe249/ozone-meta/datanode-5/data-0/hdds/61f21677-568d-49d7-a2ee-8a05247fe249/DS-713c7659-cbc7-4c37-b45d-fc105e8d39e9/container.db]
2024-11-29 05:29:45,041 [pool-232-thread-1] INFO  utils.DatanodeStoreCache (DatanodeStoreCache.java:removeDB(110)) - Removed db /home/runner/work/ozone/ozone/hadoop-ozone/integration-test/target/test-dir/MiniOzoneClusterImpl-61f21677-568d-49d7-a2ee-8a05247fe249/ozone-meta/datanode-1/data-0/hdds/61f21677-568d-49d7-a2ee-8a05247fe249/DS-a75c8c63-ea5b-4d16-8651-eacd9029598b/container.db from cache
2024-11-29 05:29:45,041 [pool-232-thread-1] INFO  volume.HddsVolume (HddsVolume.java:closeDbStore(480)) - SchemaV3 db is stopped at /home/runner/work/ozone/ozone/hadoop-ozone/integration-test/target/test-dir/MiniOzoneClusterImpl-61f21677-568d-49d7-a2ee-8a05247fe249/ozone-meta/datanode-1/data-0/hdds/61f21677-568d-49d7-a2ee-8a05247fe249/DS-a75c8c63-ea5b-4d16-8651-eacd9029598b/container.db for volume DS-a75c8c63-ea5b-4d16-8651-eacd9029598b
2024-11-29 05:29:45,042 [pool-232-thread-1] INFO  utils.BackgroundService (BackgroundService.java:shutdown(163)) - Shutting down service BlockDeletingService
2024-11-29 05:29:45,042 [pool-232-thread-1] INFO  utils.BackgroundService (BackgroundService.java:shutdown(163)) - Shutting down service StaleRecoveringContainerScrubbingService
2024-11-29 05:29:45,044 [pool-232-thread-1] INFO  statemachine.DatanodeStateMachine (DatanodeStateMachine.java:stopDaemon(626)) - Ozone container server stopped.
2024-11-29 05:29:45,060 [EventQueue-PipelineReportForPipelineReportHandler] INFO  pipeline.PipelineReportHandler (PipelineReportHandler.java:handlePipelineNotFoundException(111)) - Pipeline PipelineID=46170460-0caf-4f19-bb73-bc39f70ceac4, reported by datanode 46c085ae-d173-483e-a797-bf073fdc6d33(localhost/127.0.0.1) is not found.
2024-11-29 05:29:45,060 [EventQueue-PipelineReportForPipelineReportHandler] INFO  pipeline.PipelineReportHandler (PipelineReportHandler.java:handlePipelineNotFoundException(111)) - Pipeline PipelineID=851931c3-7c0b-43cf-9467-0bb578d0f838, reported by datanode 46c085ae-d173-483e-a797-bf073fdc6d33(localhost/127.0.0.1) is not found.
2024-11-29 05:29:45,060 [EventQueue-PipelineReportForPipelineReportHandler] INFO  pipeline.PipelineReportHandler (PipelineReportHandler.java:handlePipelineNotFoundException(111)) - Pipeline PipelineID=34e6819b-0e9b-433b-a940-8691a4d9751c, reported by datanode 46c085ae-d173-483e-a797-bf073fdc6d33(localhost/127.0.0.1) is not found.
2024-11-29 05:29:45,061 [pool-232-thread-1] INFO  handler.ContextHandler (ContextHandler.java:doStop(1159)) - Stopped o.e.j.w.WebAppContext@71312bcb{hddsDatanode,/,null,STOPPED}{jar:file:/home/runner/work/ozone/ozone/hadoop-hdds/container-service/target/hdds-container-service-2.0.0-SNAPSHOT.jar!/webapps/hddsDatanode}
2024-11-29 05:29:45,063 [46c085ae-d173-483e-a797-bf073fdc6d33-PipelineCommandHandlerThread-0] WARN  commandhandler.ClosePipelineCommandHandler (ClosePipelineCommandHandler.java:lambda$handle$1(137)) - Failed to remove group group-0BB578D0F838 of pipeline PipelineID=851931c3-7c0b-43cf-9467-0bb578d0f838 on peer 9c663db8-fa21-4bd9-8dc4-4774c554fbc4
java.io.IOException: org.apache.ratis.thirdparty.io.grpc.StatusRuntimeException: UNAVAILABLE: io exception
	at org.apache.ratis.grpc.GrpcUtil.unwrapException(GrpcUtil.java:99)
	at org.apache.ratis.grpc.client.GrpcClientProtocolClient.blockingCall(GrpcClientProtocolClient.java:226)
	at org.apache.ratis.grpc.client.GrpcClientProtocolClient.groupAdd(GrpcClientProtocolClient.java:173)
	at org.apache.ratis.grpc.client.GrpcClientRpc.sendRequest(GrpcClientRpc.java:98)
	at org.apache.ratis.client.impl.BlockingImpl.sendRequest(BlockingImpl.java:147)
	at org.apache.ratis.client.impl.BlockingImpl.sendRequestWithRetry(BlockingImpl.java:109)
	at org.apache.ratis.client.impl.GroupManagementImpl.remove(GroupManagementImpl.java:61)
	at org.apache.hadoop.ozone.container.common.statemachine.commandhandler.ClosePipelineCommandHandler.lambda$handle$1(ClosePipelineCommandHandler.java:129)
	at java.base/java.util.stream.ForEachOps$ForEachOp$OfRef.accept(ForEachOps.java:183)
	at java.base/java.util.stream.ReferencePipeline$2$1.accept(ReferencePipeline.java:179)
	at java.base/java.util.HashMap$ValueSpliterator.forEachRemaining(HashMap.java:1779)
	at java.base/java.util.stream.AbstractPipeline.copyInto(AbstractPipeline.java:509)
	at java.base/java.util.stream.AbstractPipeline.wrapAndCopyInto(AbstractPipeline.java:499)
	at java.base/java.util.stream.ForEachOps$ForEachOp.evaluateSequential(ForEachOps.java:150)
	at java.base/java.util.stream.ForEachOps$ForEachOp$OfRef.evaluateSequential(ForEachOps.java:173)
	at java.base/java.util.stream.AbstractPipeline.evaluate(AbstractPipeline.java:234)
	at java.base/java.util.stream.ReferencePipeline.forEach(ReferencePipeline.java:596)
	at org.apache.hadoop.ozone.container.common.statemachine.commandhandler.ClosePipelineCommandHandler.lambda$handle$2(ClosePipelineCommandHandler.java:126)
	at java.base/java.util.concurrent.CompletableFuture$AsyncRun.run(CompletableFuture.java:1804)
	at java.base/java.util.concurrent.ThreadPoolExecutor.runWorker(ThreadPoolExecutor.java:1136)
	at java.base/java.util.concurrent.ThreadPoolExecutor$Worker.run(ThreadPoolExecutor.java:635)
	at java.base/java.lang.Thread.run(Thread.java:840)
Caused by: org.apache.ratis.thirdparty.io.grpc.StatusRuntimeException: UNAVAILABLE: io exception
	at org.apache.ratis.thirdparty.io.grpc.stub.ClientCalls.toStatusRuntimeException(ClientCalls.java:268)
	at org.apache.ratis.thirdparty.io.grpc.stub.ClientCalls.getUnchecked(ClientCalls.java:249)
	at org.apache.ratis.thirdparty.io.grpc.stub.ClientCalls.blockingUnaryCall(ClientCalls.java:167)
	at org.apache.ratis.proto.grpc.AdminProtocolServiceGrpc$AdminProtocolServiceBlockingStub.groupManagement(AdminProtocolServiceGrpc.java:468)
	at org.apache.ratis.grpc.client.GrpcClientProtocolClient.lambda$groupAdd$6(GrpcClientProtocolClient.java:175)
	at org.apache.ratis.grpc.client.GrpcClientProtocolClient.blockingCall(GrpcClientProtocolClient.java:224)
	... 20 more
Caused by: org.apache.ratis.thirdparty.io.netty.channel.AbstractChannel$AnnotatedConnectException: finishConnect(..) failed: Connection refused: /127.0.0.1:15012
Caused by: java.net.ConnectException: finishConnect(..) failed: Connection refused
	at org.apache.ratis.thirdparty.io.netty.channel.unix.Errors.newConnectException0(Errors.java:166)
	at org.apache.ratis.thirdparty.io.netty.channel.unix.Errors.handleConnectErrno(Errors.java:131)
	at org.apache.ratis.thirdparty.io.netty.channel.unix.Socket.finishConnect(Socket.java:359)
	at org.apache.ratis.thirdparty.io.netty.channel.epoll.AbstractEpollChannel$AbstractEpollUnsafe.doFinishConnect(AbstractEpollChannel.java:715)
	at org.apache.ratis.thirdparty.io.netty.channel.epoll.AbstractEpollChannel$AbstractEpollUnsafe.finishConnect(AbstractEpollChannel.java:692)
	at org.apache.ratis.thirdparty.io.netty.channel.epoll.AbstractEpollChannel$AbstractEpollUnsafe.epollOutReady(AbstractEpollChannel.java:567)
	at org.apache.ratis.thirdparty.io.netty.channel.epoll.EpollEventLoop.processReady(EpollEventLoop.java:491)
	at org.apache.ratis.thirdparty.io.netty.channel.epoll.EpollEventLoop.run(EpollEventLoop.java:399)
	at org.apache.ratis.thirdparty.io.netty.util.concurrent.SingleThreadEventExecutor$4.run(SingleThreadEventExecutor.java:997)
	at org.apache.ratis.thirdparty.io.netty.util.internal.ThreadExecutorMap$2.run(ThreadExecutorMap.java:74)
	at org.apache.ratis.thirdparty.io.netty.util.concurrent.FastThreadLocalRunnable.run(FastThreadLocalRunnable.java:30)
	at java.base/java.lang.Thread.run(Thread.java:840)
2024-11-29 05:29:45,067 [pool-232-thread-1] INFO  server.AbstractConnector (AbstractConnector.java:doStop(383)) - Stopped ServerConnector@7d8a546d{HTTP/1.1, (http/1.1)}{0.0.0.0:15009}
2024-11-29 05:29:45,067 [pool-232-thread-1] INFO  server.session (HouseKeeper.java:stopScavenging(149)) - node0 Stopped scavenging
2024-11-29 05:29:45,067 [pool-232-thread-1] INFO  handler.ContextHandler (ContextHandler.java:doStop(1159)) - Stopped o.e.j.s.ServletContextHandler@12c83e60{static,/static,jar:file:/home/runner/work/ozone/ozone/hadoop-hdds/container-service/target/hdds-container-service-2.0.0-SNAPSHOT.jar!/webapps/static,STOPPED}
2024-11-29 05:29:45,068 [pool-232-thread-1] INFO  handler.ContextHandler (ContextHandler.java:doStop(1159)) - Stopped o.e.j.s.ServletContextHandler@2a333e5d{logs,/logs,file:///home/runner/work/ozone/ozone/hadoop-ozone/integration-test/target/log,STOPPED}
2024-11-29 05:29:45,070 [pool-232-thread-1] INFO  ozone.HddsDatanodeClientProtocolServer (HddsDatanodeClientProtocolServer.java:stop(85)) - Stopping the RPC server for Client Protocol
2024-11-29 05:29:45,070 [pool-232-thread-1] INFO  ipc.Server (Server.java:stop(3697)) - Stopping server on 15010
2024-11-29 05:29:45,072 [grpc-default-executor-1] INFO  server.RaftServer (RaftServerProxy.java:remove(111)) - ca425215-81ee-42b3-84d9-8ded1157efea: remove  FOLLOWER ca425215-81ee-42b3-84d9-8ded1157efea@group-0BB578D0F838:t1, leader=46c085ae-d173-483e-a797-bf073fdc6d33, voted=46c085ae-d173-483e-a797-bf073fdc6d33, raftlog=Memoized:ca425215-81ee-42b3-84d9-8ded1157efea@group-0BB578D0F838-SegmentedRaftLog:OPENED:c0:last(t:1, i:0), conf=conf: {index: 0, cur=peers:[9c663db8-fa21-4bd9-8dc4-4774c554fbc4|127.0.0.1:15012, 46c085ae-d173-483e-a797-bf073fdc6d33|127.0.0.1:15030, ca425215-81ee-42b3-84d9-8ded1157efea|127.0.0.1:15021]|listeners:[], old=null} RUNNING
2024-11-29 05:29:45,072 [grpc-default-executor-1] INFO  server.RaftServer$Division (RaftServerImpl.java:lambda$close$1(513)) - ca425215-81ee-42b3-84d9-8ded1157efea@group-0BB578D0F838: shutdown
2024-11-29 05:29:45,072 [grpc-default-executor-1] INFO  util.JmxRegister (JmxRegister.java:unregister(74)) - Successfully un-registered JMX Bean with object name Ratis:service=RaftServer,group=group-0BB578D0F838,id=ca425215-81ee-42b3-84d9-8ded1157efea
2024-11-29 05:29:45,072 [grpc-default-executor-1] INFO  impl.RoleInfo (RoleInfo.java:shutdownFollowerState(121)) - ca425215-81ee-42b3-84d9-8ded1157efea: shutdown ca425215-81ee-42b3-84d9-8ded1157efea@group-0BB578D0F838-FollowerState
2024-11-29 05:29:45,072 [grpc-default-executor-1] INFO  impl.StateMachineUpdater (StateMachineUpdater.java:stopAndJoin(164)) - ca425215-81ee-42b3-84d9-8ded1157efea@group-0BB578D0F838-StateMachineUpdater: set stopIndex = 0
2024-11-29 05:29:45,073 [ca425215-81ee-42b3-84d9-8ded1157efea@group-0BB578D0F838-StateMachineUpdater] INFO  ratis.ContainerStateMachine (ContainerStateMachine.java:takeSnapshot(378)) - group-0BB578D0F838: Taking a snapshot at:(t:1, i:0) file /home/runner/work/ozone/ozone/hadoop-ozone/integration-test/target/test-dir/MiniOzoneClusterImpl-61f21677-568d-49d7-a2ee-8a05247fe249/ozone-meta/datanode-2/ratis/851931c3-7c0b-43cf-9467-0bb578d0f838/sm/snapshot.1_0
2024-11-29 05:29:45,073 [ca425215-81ee-42b3-84d9-8ded1157efea@group-0BB578D0F838-FollowerState] INFO  impl.FollowerState (FollowerState.java:runImpl(170)) - ca425215-81ee-42b3-84d9-8ded1157efea@group-0BB578D0F838-FollowerState was interrupted
2024-11-29 05:29:45,075 [IPC Server listener on 15010] INFO  ipc.Server (Server.java:run(1585)) - Stopping IPC Server listener on 15010
2024-11-29 05:29:45,075 [IPC Server Responder] INFO  ipc.Server (Server.java:run(1718)) - Stopping IPC Server Responder
2024-11-29 05:29:45,075 [ca425215-81ee-42b3-84d9-8ded1157efea@group-0BB578D0F838-StateMachineUpdater] INFO  ratis.ContainerStateMachine (ContainerStateMachine.java:takeSnapshot(389)) - group-0BB578D0F838: Finished taking a snapshot at:(t:1, i:0) file:/home/runner/work/ozone/ozone/hadoop-ozone/integration-test/target/test-dir/MiniOzoneClusterImpl-61f21677-568d-49d7-a2ee-8a05247fe249/ozone-meta/datanode-2/ratis/851931c3-7c0b-43cf-9467-0bb578d0f838/sm/snapshot.1_0 took: 2 ms
2024-11-29 05:29:45,076 [ca425215-81ee-42b3-84d9-8ded1157efea@group-0BB578D0F838-StateMachineUpdater] INFO  impl.StateMachineUpdater (StateMachineUpdater.java:takeSnapshot(303)) - ca425215-81ee-42b3-84d9-8ded1157efea@group-0BB578D0F838-StateMachineUpdater: Took a snapshot at index 0
2024-11-29 05:29:45,076 [ca425215-81ee-42b3-84d9-8ded1157efea@group-0BB578D0F838-StateMachineUpdater] INFO  impl.StateMachineUpdater (StateMachineUpdater.java:lambda$new$0(102)) - ca425215-81ee-42b3-84d9-8ded1157efea@group-0BB578D0F838-StateMachineUpdater: snapshotIndex: updateIncreasingly -1 -> 0
2024-11-29 05:29:45,076 [ca425215-81ee-42b3-84d9-8ded1157efea@group-0BB578D0F838-StateMachineUpdater] INFO  impl.StateMachineUpdater (StateMachineUpdater.java:stop(141)) - ca425215-81ee-42b3-84d9-8ded1157efea@group-0BB578D0F838-StateMachineUpdater: closing ContainerStateMachine, lastApplied=(t:1, i:0)
2024-11-29 05:29:45,076 [ca425215-81ee-42b3-84d9-8ded1157efea@group-0BB578D0F838-cacheEviction-AwaitToRun] INFO  util.AwaitToRun (AwaitToRun.java:run(49)) - ca425215-81ee-42b3-84d9-8ded1157efea@group-0BB578D0F838-cacheEviction-AwaitToRun-AwaitForSignal is interrupted
2024-11-29 05:29:45,121 [grpc-default-executor-1] INFO  segmented.SegmentedRaftLogWorker (SegmentedRaftLogWorker.java:close(252)) - ca425215-81ee-42b3-84d9-8ded1157efea@group-0BB578D0F838-SegmentedRaftLogWorker close()
2024-11-29 05:29:45,122 [grpc-default-executor-1] INFO  server.RaftServer$Division (RaftServerImpl.java:groupRemove(483)) - ca425215-81ee-42b3-84d9-8ded1157efea@group-0BB578D0F838: Succeed to remove RaftStorageDirectory Storage Directory /home/runner/work/ozone/ozone/hadoop-ozone/integration-test/target/test-dir/MiniOzoneClusterImpl-61f21677-568d-49d7-a2ee-8a05247fe249/ozone-meta/datanode-2/ratis/851931c3-7c0b-43cf-9467-0bb578d0f838
2024-11-29 05:29:45,125 [46c085ae-d173-483e-a797-bf073fdc6d33-PipelineCommandHandlerThread-0] INFO  server.RaftServer (RaftServerProxy.java:remove(111)) - 46c085ae-d173-483e-a797-bf073fdc6d33: remove    LEADER 46c085ae-d173-483e-a797-bf073fdc6d33@group-0BB578D0F838:t1, leader=46c085ae-d173-483e-a797-bf073fdc6d33, voted=46c085ae-d173-483e-a797-bf073fdc6d33, raftlog=Memoized:46c085ae-d173-483e-a797-bf073fdc6d33@group-0BB578D0F838-SegmentedRaftLog:OPENED:c0:last(t:1, i:0), conf=conf: {index: 0, cur=peers:[9c663db8-fa21-4bd9-8dc4-4774c554fbc4|127.0.0.1:15012, 46c085ae-d173-483e-a797-bf073fdc6d33|127.0.0.1:15030, ca425215-81ee-42b3-84d9-8ded1157efea|127.0.0.1:15021]|listeners:[], old=null} RUNNING
2024-11-29 05:29:45,125 [46c085ae-d173-483e-a797-bf073fdc6d33-PipelineCommandHandlerThread-0] INFO  server.RaftServer$Division (RaftServerImpl.java:lambda$close$1(513)) - 46c085ae-d173-483e-a797-bf073fdc6d33@group-0BB578D0F838: shutdown
2024-11-29 05:29:45,125 [46c085ae-d173-483e-a797-bf073fdc6d33-PipelineCommandHandlerThread-0] INFO  util.JmxRegister (JmxRegister.java:unregister(74)) - Successfully un-registered JMX Bean with object name Ratis:service=RaftServer,group=group-0BB578D0F838,id=46c085ae-d173-483e-a797-bf073fdc6d33
2024-11-29 05:29:45,126 [46c085ae-d173-483e-a797-bf073fdc6d33-PipelineCommandHandlerThread-0] INFO  impl.RoleInfo (RoleInfo.java:shutdownLeaderState(103)) - 46c085ae-d173-483e-a797-bf073fdc6d33: shutdown 46c085ae-d173-483e-a797-bf073fdc6d33@group-0BB578D0F838-LeaderStateImpl
2024-11-29 05:29:45,126 [46c085ae-d173-483e-a797-bf073fdc6d33-PipelineCommandHandlerThread-0] INFO  impl.PendingRequests (PendingRequests.java:sendNotLeaderResponses(287)) - 46c085ae-d173-483e-a797-bf073fdc6d33@group-0BB578D0F838-PendingRequests: sendNotLeaderResponses
2024-11-29 05:29:45,126 [46c085ae-d173-483e-a797-bf073fdc6d33@group-0BB578D0F838->ca425215-81ee-42b3-84d9-8ded1157efea-GrpcLogAppender-LogAppenderDaemon] WARN  server.GrpcLogAppender (GrpcLogAppender.java:mayWait(293)) - 46c085ae-d173-483e-a797-bf073fdc6d33@group-0BB578D0F838->ca425215-81ee-42b3-84d9-8ded1157efea-GrpcLogAppender: Wait interrupted by java.lang.InterruptedException
2024-11-29 05:29:45,126 [46c085ae-d173-483e-a797-bf073fdc6d33@group-0BB578D0F838->9c663db8-fa21-4bd9-8dc4-4774c554fbc4-GrpcLogAppender-LogAppenderDaemon] WARN  server.GrpcLogAppender (GrpcLogAppender.java:mayWait(293)) - 46c085ae-d173-483e-a797-bf073fdc6d33@group-0BB578D0F838->9c663db8-fa21-4bd9-8dc4-4774c554fbc4-GrpcLogAppender: Wait interrupted by java.lang.InterruptedException
2024-11-29 05:29:45,130 [46c085ae-d173-483e-a797-bf073fdc6d33-PipelineCommandHandlerThread-0] INFO  impl.StateMachineUpdater (StateMachineUpdater.java:stopAndJoin(164)) - 46c085ae-d173-483e-a797-bf073fdc6d33@group-0BB578D0F838-StateMachineUpdater: set stopIndex = 0
2024-11-29 05:29:45,131 [grpc-default-executor-1] INFO  server.GrpcServerProtocolService (GrpcServerProtocolService.java:onCompleted(157)) - ca425215-81ee-42b3-84d9-8ded1157efea: Completed APPEND_ENTRIES, lastRequest: null
2024-11-29 05:29:45,131 [46c085ae-d173-483e-a797-bf073fdc6d33@group-0BB578D0F838-StateMachineUpdater] INFO  ratis.ContainerStateMachine (ContainerStateMachine.java:takeSnapshot(378)) - group-0BB578D0F838: Taking a snapshot at:(t:1, i:0) file /home/runner/work/ozone/ozone/hadoop-ozone/integration-test/target/test-dir/MiniOzoneClusterImpl-61f21677-568d-49d7-a2ee-8a05247fe249/ozone-meta/datanode-3/ratis/851931c3-7c0b-43cf-9467-0bb578d0f838/sm/snapshot.1_0
2024-11-29 05:29:45,132 [grpc-default-executor-2] INFO  server.GrpcServerProtocolService (GrpcServerProtocolService.java:onCompleted(157)) - ca425215-81ee-42b3-84d9-8ded1157efea: Completed APPEND_ENTRIES, lastRequest: 46c085ae-d173-483e-a797-bf073fdc6d33->ca425215-81ee-42b3-84d9-8ded1157efea#1-t1,previous=(t:0, i:0),leaderCommit=-1,initializing? false,entries: size=1, first=(t:1, i:0), CONFIGURATIONENTRY(current:id:"9c663db8-fa21-4bd9-8dc4-4774c554fbc4"address:"127.0.0.1:15012"dataStreamAddress:"127.0.0.1:15015"clientAddress:"127.0.0.1:15012"adminAddress:"127.0.0.1:15012"startupRole:FOLLOWER, id:"46c085ae-d173-483e-a797-bf073fdc6d33"address:"127.0.0.1:15030"priority:1dataStreamAddress:"127.0.0.1:15033"clientAddress:"127.0.0.1:15030"adminAddress:"127.0.0.1:15030"startupRole:FOLLOWER, id:"ca425215-81ee-42b3-84d9-8ded1157efea"address:"127.0.0.1:15021"dataStreamAddress:"127.0.0.1:15024"clientAddress:"127.0.0.1:15021"adminAddress:"127.0.0.1:15021"startupRole:FOLLOWER, old:)
2024-11-29 05:29:45,132 [grpc-default-executor-2] INFO  server.GrpcServerProtocolService (GrpcServerProtocolService.java:lambda$onCompleted$5(159)) - ca425215-81ee-42b3-84d9-8ded1157efea: Completed APPEND_ENTRIES, lastReply: null
2024-11-29 05:29:45,132 [grpc-default-executor-5] INFO  server.GrpcLogAppender (GrpcLogAppender.java:onCompleted(550)) - 46c085ae-d173-483e-a797-bf073fdc6d33@group-0BB578D0F838->ca425215-81ee-42b3-84d9-8ded1157efea-AppendLogResponseHandler: follower responses appendEntries COMPLETED
2024-11-29 05:29:45,132 [grpc-default-executor-1] INFO  server.GrpcServerProtocolService (GrpcServerProtocolService.java:lambda$onCompleted$5(159)) - ca425215-81ee-42b3-84d9-8ded1157efea: Completed APPEND_ENTRIES, lastReply: serverReply {
  requestorId: "46c085ae-d173-483e-a797-bf073fdc6d33"
  replyId: "ca425215-81ee-42b3-84d9-8ded1157efea"
  raftGroupId {
    id: "\205\0311\303|\vC\317\224g\v\265x\320\3708"
  }
  callId: 5
  success: true
}
term: 1
nextIndex: 1
matchIndex: 18446744073709551615
isHearbeat: true

2024-11-29 05:29:45,133 [grpc-default-executor-5] INFO  server.GrpcLogAppender (GrpcLogAppender.java:onCompleted(550)) - 46c085ae-d173-483e-a797-bf073fdc6d33@group-0BB578D0F838->ca425215-81ee-42b3-84d9-8ded1157efea-AppendLogResponseHandler: follower responses appendEntries COMPLETED
2024-11-29 05:29:45,133 [46c085ae-d173-483e-a797-bf073fdc6d33@group-0BB578D0F838-StateMachineUpdater] INFO  ratis.ContainerStateMachine (ContainerStateMachine.java:takeSnapshot(389)) - group-0BB578D0F838: Finished taking a snapshot at:(t:1, i:0) file:/home/runner/work/ozone/ozone/hadoop-ozone/integration-test/target/test-dir/MiniOzoneClusterImpl-61f21677-568d-49d7-a2ee-8a05247fe249/ozone-meta/datanode-3/ratis/851931c3-7c0b-43cf-9467-0bb578d0f838/sm/snapshot.1_0 took: 2 ms
2024-11-29 05:29:45,133 [46c085ae-d173-483e-a797-bf073fdc6d33@group-0BB578D0F838-StateMachineUpdater] INFO  impl.StateMachineUpdater (StateMachineUpdater.java:takeSnapshot(303)) - 46c085ae-d173-483e-a797-bf073fdc6d33@group-0BB578D0F838-StateMachineUpdater: Took a snapshot at index 0
2024-11-29 05:29:45,133 [46c085ae-d173-483e-a797-bf073fdc6d33@group-0BB578D0F838-StateMachineUpdater] INFO  impl.StateMachineUpdater (StateMachineUpdater.java:lambda$new$0(102)) - 46c085ae-d173-483e-a797-bf073fdc6d33@group-0BB578D0F838-StateMachineUpdater: snapshotIndex: updateIncreasingly -1 -> 0
2024-11-29 05:29:45,133 [46c085ae-d173-483e-a797-bf073fdc6d33@group-0BB578D0F838-StateMachineUpdater] INFO  impl.StateMachineUpdater (StateMachineUpdater.java:stop(141)) - 46c085ae-d173-483e-a797-bf073fdc6d33@group-0BB578D0F838-StateMachineUpdater: closing ContainerStateMachine, lastApplied=(t:1, i:0)
2024-11-29 05:29:45,134 [46c085ae-d173-483e-a797-bf073fdc6d33@group-0BB578D0F838-cacheEviction-AwaitToRun] INFO  util.AwaitToRun (AwaitToRun.java:run(49)) - 46c085ae-d173-483e-a797-bf073fdc6d33@group-0BB578D0F838-cacheEviction-AwaitToRun-AwaitForSignal is interrupted
2024-11-29 05:29:45,626 [ca425215-81ee-42b3-84d9-8ded1157efea-PipelineCommandHandlerThread-0] INFO  segmented.SegmentedRaftLogWorker (SegmentedRaftLogWorker.java:close(252)) - ca425215-81ee-42b3-84d9-8ded1157efea@group-BC39F70CEAC4-SegmentedRaftLogWorker close()
2024-11-29 05:29:45,626 [ca425215-81ee-42b3-84d9-8ded1157efea-PipelineCommandHandlerThread-0] INFO  server.RaftServer$Division (RaftServerImpl.java:groupRemove(483)) - ca425215-81ee-42b3-84d9-8ded1157efea@group-BC39F70CEAC4: Succeed to remove RaftStorageDirectory Storage Directory /home/runner/work/ozone/ozone/hadoop-ozone/integration-test/target/test-dir/MiniOzoneClusterImpl-61f21677-568d-49d7-a2ee-8a05247fe249/ozone-meta/datanode-2/ratis/46170460-0caf-4f19-bb73-bc39f70ceac4
2024-11-29 05:29:45,626 [ca425215-81ee-42b3-84d9-8ded1157efea-PipelineCommandHandlerThread-0] INFO  commandhandler.ClosePipelineCommandHandler (ClosePipelineCommandHandler.java:lambda$handle$2(145)) - Close Pipeline PipelineID=46170460-0caf-4f19-bb73-bc39f70ceac4 command on datanode ca425215-81ee-42b3-84d9-8ded1157efea.
2024-11-29 05:29:45,631 [ca425215-81ee-42b3-84d9-8ded1157efea-PipelineCommandHandlerThread-0] WARN  commandhandler.ClosePipelineCommandHandler (ClosePipelineCommandHandler.java:lambda$handle$1(137)) - Failed to remove group group-8691A4D9751C of pipeline PipelineID=34e6819b-0e9b-433b-a940-8691a4d9751c on peer 9c663db8-fa21-4bd9-8dc4-4774c554fbc4
java.io.IOException: org.apache.ratis.thirdparty.io.grpc.StatusRuntimeException: UNAVAILABLE: io exception
	at org.apache.ratis.grpc.GrpcUtil.unwrapException(GrpcUtil.java:99)
	at org.apache.ratis.grpc.client.GrpcClientProtocolClient.blockingCall(GrpcClientProtocolClient.java:226)
	at org.apache.ratis.grpc.client.GrpcClientProtocolClient.groupAdd(GrpcClientProtocolClient.java:173)
	at org.apache.ratis.grpc.client.GrpcClientRpc.sendRequest(GrpcClientRpc.java:98)
	at org.apache.ratis.client.impl.BlockingImpl.sendRequest(BlockingImpl.java:147)
	at org.apache.ratis.client.impl.BlockingImpl.sendRequestWithRetry(BlockingImpl.java:109)
	at org.apache.ratis.client.impl.GroupManagementImpl.remove(GroupManagementImpl.java:61)
	at org.apache.hadoop.ozone.container.common.statemachine.commandhandler.ClosePipelineCommandHandler.lambda$handle$1(ClosePipelineCommandHandler.java:129)
	at java.base/java.util.stream.ForEachOps$ForEachOp$OfRef.accept(ForEachOps.java:183)
	at java.base/java.util.stream.ReferencePipeline$2$1.accept(ReferencePipeline.java:179)
	at java.base/java.util.HashMap$ValueSpliterator.forEachRemaining(HashMap.java:1779)
	at java.base/java.util.stream.AbstractPipeline.copyInto(AbstractPipeline.java:509)
	at java.base/java.util.stream.AbstractPipeline.wrapAndCopyInto(AbstractPipeline.java:499)
	at java.base/java.util.stream.ForEachOps$ForEachOp.evaluateSequential(ForEachOps.java:150)
	at java.base/java.util.stream.ForEachOps$ForEachOp$OfRef.evaluateSequential(ForEachOps.java:173)
	at java.base/java.util.stream.AbstractPipeline.evaluate(AbstractPipeline.java:234)
	at java.base/java.util.stream.ReferencePipeline.forEach(ReferencePipeline.java:596)
	at org.apache.hadoop.ozone.container.common.statemachine.commandhandler.ClosePipelineCommandHandler.lambda$handle$2(ClosePipelineCommandHandler.java:126)
	at java.base/java.util.concurrent.CompletableFuture$AsyncRun.run(CompletableFuture.java:1804)
	at java.base/java.util.concurrent.ThreadPoolExecutor.runWorker(ThreadPoolExecutor.java:1136)
	at java.base/java.util.concurrent.ThreadPoolExecutor$Worker.run(ThreadPoolExecutor.java:635)
	at java.base/java.lang.Thread.run(Thread.java:840)
Caused by: org.apache.ratis.thirdparty.io.grpc.StatusRuntimeException: UNAVAILABLE: io exception
	at org.apache.ratis.thirdparty.io.grpc.stub.ClientCalls.toStatusRuntimeException(ClientCalls.java:268)
	at org.apache.ratis.thirdparty.io.grpc.stub.ClientCalls.getUnchecked(ClientCalls.java:249)
	at org.apache.ratis.thirdparty.io.grpc.stub.ClientCalls.blockingUnaryCall(ClientCalls.java:167)
	at org.apache.ratis.proto.grpc.AdminProtocolServiceGrpc$AdminProtocolServiceBlockingStub.groupManagement(AdminProtocolServiceGrpc.java:468)
	at org.apache.ratis.grpc.client.GrpcClientProtocolClient.lambda$groupAdd$6(GrpcClientProtocolClient.java:175)
	at org.apache.ratis.grpc.client.GrpcClientProtocolClient.blockingCall(GrpcClientProtocolClient.java:224)
	... 20 more
Caused by: org.apache.ratis.thirdparty.io.netty.channel.AbstractChannel$AnnotatedConnectException: finishConnect(..) failed: Connection refused: /127.0.0.1:15012
Caused by: java.net.ConnectException: finishConnect(..) failed: Connection refused
	at org.apache.ratis.thirdparty.io.netty.channel.unix.Errors.newConnectException0(Errors.java:166)
	at org.apache.ratis.thirdparty.io.netty.channel.unix.Errors.handleConnectErrno(Errors.java:131)
	at org.apache.ratis.thirdparty.io.netty.channel.unix.Socket.finishConnect(Socket.java:359)
	at org.apache.ratis.thirdparty.io.netty.channel.epoll.AbstractEpollChannel$AbstractEpollUnsafe.doFinishConnect(AbstractEpollChannel.java:715)
	at org.apache.ratis.thirdparty.io.netty.channel.epoll.AbstractEpollChannel$AbstractEpollUnsafe.finishConnect(AbstractEpollChannel.java:692)
	at org.apache.ratis.thirdparty.io.netty.channel.epoll.AbstractEpollChannel$AbstractEpollUnsafe.epollOutReady(AbstractEpollChannel.java:567)
	at org.apache.ratis.thirdparty.io.netty.channel.epoll.EpollEventLoop.processReady(EpollEventLoop.java:491)
	at org.apache.ratis.thirdparty.io.netty.channel.epoll.EpollEventLoop.run(EpollEventLoop.java:399)
	at org.apache.ratis.thirdparty.io.netty.util.concurrent.SingleThreadEventExecutor$4.run(SingleThreadEventExecutor.java:997)
	at org.apache.ratis.thirdparty.io.netty.util.internal.ThreadExecutorMap$2.run(ThreadExecutorMap.java:74)
	at org.apache.ratis.thirdparty.io.netty.util.concurrent.FastThreadLocalRunnable.run(FastThreadLocalRunnable.java:30)
	at java.base/java.lang.Thread.run(Thread.java:840)
2024-11-29 05:29:45,635 [grpc-default-executor-1] INFO  server.RaftServer (RaftServerProxy.java:remove(111)) - 46c085ae-d173-483e-a797-bf073fdc6d33: remove  FOLLOWER 46c085ae-d173-483e-a797-bf073fdc6d33@group-8691A4D9751C:t1, leader=ca425215-81ee-42b3-84d9-8ded1157efea, voted=ca425215-81ee-42b3-84d9-8ded1157efea, raftlog=Memoized:46c085ae-d173-483e-a797-bf073fdc6d33@group-8691A4D9751C-SegmentedRaftLog:OPENED:c0:last(t:1, i:0), conf=conf: {index: 0, cur=peers:[9c663db8-fa21-4bd9-8dc4-4774c554fbc4|127.0.0.1:15012, 46c085ae-d173-483e-a797-bf073fdc6d33|127.0.0.1:15030, ca425215-81ee-42b3-84d9-8ded1157efea|127.0.0.1:15021]|listeners:[], old=null} RUNNING
2024-11-29 05:29:45,635 [grpc-default-executor-1] INFO  server.RaftServer$Division (RaftServerImpl.java:lambda$close$1(513)) - 46c085ae-d173-483e-a797-bf073fdc6d33@group-8691A4D9751C: shutdown
2024-11-29 05:29:45,635 [grpc-default-executor-1] INFO  util.JmxRegister (JmxRegister.java:unregister(74)) - Successfully un-registered JMX Bean with object name Ratis:service=RaftServer,group=group-8691A4D9751C,id=46c085ae-d173-483e-a797-bf073fdc6d33
2024-11-29 05:29:45,635 [grpc-default-executor-1] INFO  impl.RoleInfo (RoleInfo.java:shutdownFollowerState(121)) - 46c085ae-d173-483e-a797-bf073fdc6d33: shutdown 46c085ae-d173-483e-a797-bf073fdc6d33@group-8691A4D9751C-FollowerState
2024-11-29 05:29:45,635 [grpc-default-executor-1] INFO  impl.StateMachineUpdater (StateMachineUpdater.java:stopAndJoin(164)) - 46c085ae-d173-483e-a797-bf073fdc6d33@group-8691A4D9751C-StateMachineUpdater: set stopIndex = 0
2024-11-29 05:29:45,635 [46c085ae-d173-483e-a797-bf073fdc6d33@group-8691A4D9751C-StateMachineUpdater] INFO  ratis.ContainerStateMachine (ContainerStateMachine.java:takeSnapshot(378)) - group-8691A4D9751C: Taking a snapshot at:(t:1, i:0) file /home/runner/work/ozone/ozone/hadoop-ozone/integration-test/target/test-dir/MiniOzoneClusterImpl-61f21677-568d-49d7-a2ee-8a05247fe249/ozone-meta/datanode-3/ratis/34e6819b-0e9b-433b-a940-8691a4d9751c/sm/snapshot.1_0
2024-11-29 05:29:45,635 [46c085ae-d173-483e-a797-bf073fdc6d33@group-8691A4D9751C-FollowerState] INFO  impl.FollowerState (FollowerState.java:runImpl(170)) - 46c085ae-d173-483e-a797-bf073fdc6d33@group-8691A4D9751C-FollowerState was interrupted
2024-11-29 05:29:45,636 [46c085ae-d173-483e-a797-bf073fdc6d33@group-8691A4D9751C-StateMachineUpdater] INFO  ratis.ContainerStateMachine (ContainerStateMachine.java:takeSnapshot(389)) - group-8691A4D9751C: Finished taking a snapshot at:(t:1, i:0) file:/home/runner/work/ozone/ozone/hadoop-ozone/integration-test/target/test-dir/MiniOzoneClusterImpl-61f21677-568d-49d7-a2ee-8a05247fe249/ozone-meta/datanode-3/ratis/34e6819b-0e9b-433b-a940-8691a4d9751c/sm/snapshot.1_0 took: 1 ms
2024-11-29 05:29:45,636 [46c085ae-d173-483e-a797-bf073fdc6d33@group-8691A4D9751C-StateMachineUpdater] INFO  impl.StateMachineUpdater (StateMachineUpdater.java:takeSnapshot(303)) - 46c085ae-d173-483e-a797-bf073fdc6d33@group-8691A4D9751C-StateMachineUpdater: Took a snapshot at index 0
2024-11-29 05:29:45,636 [46c085ae-d173-483e-a797-bf073fdc6d33@group-8691A4D9751C-StateMachineUpdater] INFO  impl.StateMachineUpdater (StateMachineUpdater.java:lambda$new$0(102)) - 46c085ae-d173-483e-a797-bf073fdc6d33@group-8691A4D9751C-StateMachineUpdater: snapshotIndex: updateIncreasingly -1 -> 0
2024-11-29 05:29:45,637 [46c085ae-d173-483e-a797-bf073fdc6d33@group-8691A4D9751C-StateMachineUpdater] INFO  impl.StateMachineUpdater (StateMachineUpdater.java:stop(141)) - 46c085ae-d173-483e-a797-bf073fdc6d33@group-8691A4D9751C-StateMachineUpdater: closing ContainerStateMachine, lastApplied=(t:1, i:0)
2024-11-29 05:29:45,637 [46c085ae-d173-483e-a797-bf073fdc6d33@group-8691A4D9751C-cacheEviction-AwaitToRun] INFO  util.AwaitToRun (AwaitToRun.java:run(49)) - 46c085ae-d173-483e-a797-bf073fdc6d33@group-8691A4D9751C-cacheEviction-AwaitToRun-AwaitForSignal is interrupted
2024-11-29 05:29:45,771 [grpc-default-executor-1] INFO  segmented.SegmentedRaftLogWorker (SegmentedRaftLogWorker.java:close(252)) - 46c085ae-d173-483e-a797-bf073fdc6d33@group-8691A4D9751C-SegmentedRaftLogWorker close()
2024-11-29 05:29:45,772 [grpc-default-executor-1] INFO  server.RaftServer$Division (RaftServerImpl.java:groupRemove(483)) - 46c085ae-d173-483e-a797-bf073fdc6d33@group-8691A4D9751C: Succeed to remove RaftStorageDirectory Storage Directory /home/runner/work/ozone/ozone/hadoop-ozone/integration-test/target/test-dir/MiniOzoneClusterImpl-61f21677-568d-49d7-a2ee-8a05247fe249/ozone-meta/datanode-3/ratis/34e6819b-0e9b-433b-a940-8691a4d9751c
2024-11-29 05:29:45,775 [ca425215-81ee-42b3-84d9-8ded1157efea-PipelineCommandHandlerThread-0] INFO  server.RaftServer (RaftServerProxy.java:remove(111)) - ca425215-81ee-42b3-84d9-8ded1157efea: remove    LEADER ca425215-81ee-42b3-84d9-8ded1157efea@group-8691A4D9751C:t1, leader=ca425215-81ee-42b3-84d9-8ded1157efea, voted=ca425215-81ee-42b3-84d9-8ded1157efea, raftlog=Memoized:ca425215-81ee-42b3-84d9-8ded1157efea@group-8691A4D9751C-SegmentedRaftLog:OPENED:c0:last(t:1, i:0), conf=conf: {index: 0, cur=peers:[9c663db8-fa21-4bd9-8dc4-4774c554fbc4|127.0.0.1:15012, 46c085ae-d173-483e-a797-bf073fdc6d33|127.0.0.1:15030, ca425215-81ee-42b3-84d9-8ded1157efea|127.0.0.1:15021]|listeners:[], old=null} RUNNING
2024-11-29 05:29:45,775 [ca425215-81ee-42b3-84d9-8ded1157efea-PipelineCommandHandlerThread-0] INFO  server.RaftServer$Division (RaftServerImpl.java:lambda$close$1(513)) - ca425215-81ee-42b3-84d9-8ded1157efea@group-8691A4D9751C: shutdown
2024-11-29 05:29:45,775 [ca425215-81ee-42b3-84d9-8ded1157efea-PipelineCommandHandlerThread-0] INFO  util.JmxRegister (JmxRegister.java:unregister(74)) - Successfully un-registered JMX Bean with object name Ratis:service=RaftServer,group=group-8691A4D9751C,id=ca425215-81ee-42b3-84d9-8ded1157efea
2024-11-29 05:29:45,775 [ca425215-81ee-42b3-84d9-8ded1157efea-PipelineCommandHandlerThread-0] INFO  impl.RoleInfo (RoleInfo.java:shutdownLeaderState(103)) - ca425215-81ee-42b3-84d9-8ded1157efea: shutdown ca425215-81ee-42b3-84d9-8ded1157efea@group-8691A4D9751C-LeaderStateImpl
2024-11-29 05:29:45,775 [ca425215-81ee-42b3-84d9-8ded1157efea-PipelineCommandHandlerThread-0] INFO  impl.PendingRequests (PendingRequests.java:sendNotLeaderResponses(287)) - ca425215-81ee-42b3-84d9-8ded1157efea@group-8691A4D9751C-PendingRequests: sendNotLeaderResponses
2024-11-29 05:29:45,775 [ca425215-81ee-42b3-84d9-8ded1157efea@group-8691A4D9751C->46c085ae-d173-483e-a797-bf073fdc6d33-GrpcLogAppender-LogAppenderDaemon] WARN  server.GrpcLogAppender (GrpcLogAppender.java:mayWait(293)) - ca425215-81ee-42b3-84d9-8ded1157efea@group-8691A4D9751C->46c085ae-d173-483e-a797-bf073fdc6d33-GrpcLogAppender: Wait interrupted by java.lang.InterruptedException
2024-11-29 05:29:45,775 [ca425215-81ee-42b3-84d9-8ded1157efea@group-8691A4D9751C->9c663db8-fa21-4bd9-8dc4-4774c554fbc4-GrpcLogAppender-LogAppenderDaemon] WARN  server.GrpcLogAppender (GrpcLogAppender.java:mayWait(293)) - ca425215-81ee-42b3-84d9-8ded1157efea@group-8691A4D9751C->9c663db8-fa21-4bd9-8dc4-4774c554fbc4-GrpcLogAppender: Wait interrupted by java.lang.InterruptedException
2024-11-29 05:29:45,776 [ca425215-81ee-42b3-84d9-8ded1157efea-PipelineCommandHandlerThread-0] INFO  impl.StateMachineUpdater (StateMachineUpdater.java:stopAndJoin(164)) - ca425215-81ee-42b3-84d9-8ded1157efea@group-8691A4D9751C-StateMachineUpdater: set stopIndex = 0
2024-11-29 05:29:45,776 [ca425215-81ee-42b3-84d9-8ded1157efea@group-8691A4D9751C-StateMachineUpdater] INFO  ratis.ContainerStateMachine (ContainerStateMachine.java:takeSnapshot(378)) - group-8691A4D9751C: Taking a snapshot at:(t:1, i:0) file /home/runner/work/ozone/ozone/hadoop-ozone/integration-test/target/test-dir/MiniOzoneClusterImpl-61f21677-568d-49d7-a2ee-8a05247fe249/ozone-meta/datanode-2/ratis/34e6819b-0e9b-433b-a940-8691a4d9751c/sm/snapshot.1_0
2024-11-29 05:29:45,776 [grpc-default-executor-1] INFO  server.GrpcServerProtocolService (GrpcServerProtocolService.java:onCompleted(157)) - 46c085ae-d173-483e-a797-bf073fdc6d33: Completed APPEND_ENTRIES, lastRequest: null
2024-11-29 05:29:45,777 [grpc-default-executor-1] INFO  server.GrpcServerProtocolService (GrpcServerProtocolService.java:lambda$onCompleted$5(159)) - 46c085ae-d173-483e-a797-bf073fdc6d33: Completed APPEND_ENTRIES, lastReply: serverReply {
  requestorId: "ca425215-81ee-42b3-84d9-8ded1157efea"
  replyId: "46c085ae-d173-483e-a797-bf073fdc6d33"
  raftGroupId {
    id: "4\346\201\233\016\233C;\251@\206\221\244\331u\034"
  }
  callId: 6
  success: true
}
term: 1
nextIndex: 1
matchIndex: 18446744073709551615
isHearbeat: true

2024-11-29 05:29:45,777 [ca425215-81ee-42b3-84d9-8ded1157efea@group-8691A4D9751C-StateMachineUpdater] INFO  ratis.ContainerStateMachine (ContainerStateMachine.java:takeSnapshot(389)) - group-8691A4D9751C: Finished taking a snapshot at:(t:1, i:0) file:/home/runner/work/ozone/ozone/hadoop-ozone/integration-test/target/test-dir/MiniOzoneClusterImpl-61f21677-568d-49d7-a2ee-8a05247fe249/ozone-meta/datanode-2/ratis/34e6819b-0e9b-433b-a940-8691a4d9751c/sm/snapshot.1_0 took: 1 ms
2024-11-29 05:29:45,778 [grpc-default-executor-5] INFO  server.GrpcLogAppender (GrpcLogAppender.java:onCompleted(550)) - ca425215-81ee-42b3-84d9-8ded1157efea@group-8691A4D9751C->46c085ae-d173-483e-a797-bf073fdc6d33-AppendLogResponseHandler: follower responses appendEntries COMPLETED
2024-11-29 05:29:45,778 [ca425215-81ee-42b3-84d9-8ded1157efea@group-8691A4D9751C-StateMachineUpdater] INFO  impl.StateMachineUpdater (StateMachineUpdater.java:takeSnapshot(303)) - ca425215-81ee-42b3-84d9-8ded1157efea@group-8691A4D9751C-StateMachineUpdater: Took a snapshot at index 0
2024-11-29 05:29:45,778 [ca425215-81ee-42b3-84d9-8ded1157efea@group-8691A4D9751C-StateMachineUpdater] INFO  impl.StateMachineUpdater (StateMachineUpdater.java:lambda$new$0(102)) - ca425215-81ee-42b3-84d9-8ded1157efea@group-8691A4D9751C-StateMachineUpdater: snapshotIndex: updateIncreasingly -1 -> 0
2024-11-29 05:29:45,778 [ca425215-81ee-42b3-84d9-8ded1157efea@group-8691A4D9751C-StateMachineUpdater] INFO  impl.StateMachineUpdater (StateMachineUpdater.java:stop(141)) - ca425215-81ee-42b3-84d9-8ded1157efea@group-8691A4D9751C-StateMachineUpdater: closing ContainerStateMachine, lastApplied=(t:1, i:0)
2024-11-29 05:29:45,779 [grpc-default-executor-2] INFO  server.GrpcServerProtocolService (GrpcServerProtocolService.java:onCompleted(157)) - 46c085ae-d173-483e-a797-bf073fdc6d33: Completed APPEND_ENTRIES, lastRequest: ca425215-81ee-42b3-84d9-8ded1157efea->46c085ae-d173-483e-a797-bf073fdc6d33#1-t1,previous=(t:0, i:0),leaderCommit=-1,initializing? false,entries: size=1, first=(t:1, i:0), CONFIGURATIONENTRY(current:id:"9c663db8-fa21-4bd9-8dc4-4774c554fbc4"address:"127.0.0.1:15012"dataStreamAddress:"127.0.0.1:15015"clientAddress:"127.0.0.1:15012"adminAddress:"127.0.0.1:15012"startupRole:FOLLOWER, id:"46c085ae-d173-483e-a797-bf073fdc6d33"address:"127.0.0.1:15030"dataStreamAddress:"127.0.0.1:15033"clientAddress:"127.0.0.1:15030"adminAddress:"127.0.0.1:15030"startupRole:FOLLOWER, id:"ca425215-81ee-42b3-84d9-8ded1157efea"address:"127.0.0.1:15021"priority:1dataStreamAddress:"127.0.0.1:15024"clientAddress:"127.0.0.1:15021"adminAddress:"127.0.0.1:15021"startupRole:FOLLOWER, old:)
2024-11-29 05:29:45,779 [grpc-default-executor-2] INFO  server.GrpcServerProtocolService (GrpcServerProtocolService.java:lambda$onCompleted$5(159)) - 46c085ae-d173-483e-a797-bf073fdc6d33: Completed APPEND_ENTRIES, lastReply: null
2024-11-29 05:29:45,780 [ca425215-81ee-42b3-84d9-8ded1157efea@group-8691A4D9751C-cacheEviction-AwaitToRun] INFO  util.AwaitToRun (AwaitToRun.java:run(49)) - ca425215-81ee-42b3-84d9-8ded1157efea@group-8691A4D9751C-cacheEviction-AwaitToRun-AwaitForSignal is interrupted
2024-11-29 05:29:45,780 [grpc-default-executor-1] INFO  server.GrpcLogAppender (GrpcLogAppender.java:onCompleted(550)) - ca425215-81ee-42b3-84d9-8ded1157efea@group-8691A4D9751C->46c085ae-d173-483e-a797-bf073fdc6d33-AppendLogResponseHandler: follower responses appendEntries COMPLETED
2024-11-29 05:29:46,057 [46c085ae-d173-483e-a797-bf073fdc6d33-PipelineCommandHandlerThread-0] INFO  segmented.SegmentedRaftLogWorker (SegmentedRaftLogWorker.java:close(252)) - 46c085ae-d173-483e-a797-bf073fdc6d33@group-0BB578D0F838-SegmentedRaftLogWorker close()
2024-11-29 05:29:46,058 [46c085ae-d173-483e-a797-bf073fdc6d33-PipelineCommandHandlerThread-0] INFO  server.RaftServer$Division (RaftServerImpl.java:groupRemove(483)) - 46c085ae-d173-483e-a797-bf073fdc6d33@group-0BB578D0F838: Succeed to remove RaftStorageDirectory Storage Directory /home/runner/work/ozone/ozone/hadoop-ozone/integration-test/target/test-dir/MiniOzoneClusterImpl-61f21677-568d-49d7-a2ee-8a05247fe249/ozone-meta/datanode-3/ratis/851931c3-7c0b-43cf-9467-0bb578d0f838
2024-11-29 05:29:46,059 [46c085ae-d173-483e-a797-bf073fdc6d33-PipelineCommandHandlerThread-0] INFO  commandhandler.ClosePipelineCommandHandler (ClosePipelineCommandHandler.java:lambda$handle$2(145)) - Close Pipeline PipelineID=851931c3-7c0b-43cf-9467-0bb578d0f838 command on datanode 46c085ae-d173-483e-a797-bf073fdc6d33.
2024-11-29 05:29:46,677 [ca425215-81ee-42b3-84d9-8ded1157efea-PipelineCommandHandlerThread-0] INFO  segmented.SegmentedRaftLogWorker (SegmentedRaftLogWorker.java:close(252)) - ca425215-81ee-42b3-84d9-8ded1157efea@group-8691A4D9751C-SegmentedRaftLogWorker close()
2024-11-29 05:29:46,678 [ca425215-81ee-42b3-84d9-8ded1157efea-PipelineCommandHandlerThread-0] INFO  server.RaftServer$Division (RaftServerImpl.java:groupRemove(483)) - ca425215-81ee-42b3-84d9-8ded1157efea@group-8691A4D9751C: Succeed to remove RaftStorageDirectory Storage Directory /home/runner/work/ozone/ozone/hadoop-ozone/integration-test/target/test-dir/MiniOzoneClusterImpl-61f21677-568d-49d7-a2ee-8a05247fe249/ozone-meta/datanode-2/ratis/34e6819b-0e9b-433b-a940-8691a4d9751c
2024-11-29 05:29:46,679 [ca425215-81ee-42b3-84d9-8ded1157efea-PipelineCommandHandlerThread-0] INFO  commandhandler.ClosePipelineCommandHandler (ClosePipelineCommandHandler.java:lambda$handle$2(145)) - Close Pipeline PipelineID=34e6819b-0e9b-433b-a940-8691a4d9751c command on datanode ca425215-81ee-42b3-84d9-8ded1157efea.
2024-11-29 05:29:46,679 [pool-232-thread-1] INFO  ozoneimpl.OzoneContainer (OzoneContainer.java:stop(526)) - Attempting to stop container services.
2024-11-29 05:29:46,679 [ContainerMetadataScanner] WARN  ozoneimpl.AbstractBackgroundContainerScanner (AbstractBackgroundContainerScanner.java:handleRemainingSleep(134)) - Background container scan was interrupted.
2024-11-29 05:29:46,679 [ContainerMetadataScanner] INFO  ozoneimpl.AbstractBackgroundContainerScanner (AbstractBackgroundContainerScanner.java:run(61)) - Thread[ContainerMetadataScanner,5,main] exiting.
2024-11-29 05:29:46,679 [pool-232-thread-1] INFO  ozoneimpl.BackgroundContainerDataScanner (BackgroundContainerDataScanner.java:shutdown(142)) - ContainerDataScanner(/home/runner/work/ozone/ozone/hadoop-ozone/integration-test/target/test-dir/MiniOzoneClusterImpl-61f21677-568d-49d7-a2ee-8a05247fe249/ozone-meta/datanode-2/data-0/hdds) is shutting down. 
2024-11-29 05:29:46,679 [ContainerDataScanner(/home/runner/work/ozone/ozone/hadoop-ozone/integration-test/target/test-dir/MiniOzoneClusterImpl-61f21677-568d-49d7-a2ee-8a05247fe249/ozone-meta/datanode-2/data-0/hdds)] WARN  ozoneimpl.AbstractBackgroundContainerScanner (AbstractBackgroundContainerScanner.java:handleRemainingSleep(134)) - Background container scan was interrupted.
2024-11-29 05:29:46,679 [ContainerDataScanner(/home/runner/work/ozone/ozone/hadoop-ozone/integration-test/target/test-dir/MiniOzoneClusterImpl-61f21677-568d-49d7-a2ee-8a05247fe249/ozone-meta/datanode-2/data-0/hdds)] INFO  ozoneimpl.AbstractBackgroundContainerScanner (AbstractBackgroundContainerScanner.java:run(61)) - ContainerDataScanner(/home/runner/work/ozone/ozone/hadoop-ozone/integration-test/target/test-dir/MiniOzoneClusterImpl-61f21677-568d-49d7-a2ee-8a05247fe249/ozone-meta/datanode-2/data-0/hdds, DS-1b42e33a-b9d3-490e-b7bd-5d9f48b393a9) exiting.
2024-11-29 05:29:46,680 [pool-232-thread-1] INFO  ratis.XceiverServerRatis (XceiverServerRatis.java:stop(596)) - Closing XceiverServerRatis(ca425215-81ee-42b3-84d9-8ded1157efea)
2024-11-29 05:29:46,680 [pool-232-thread-1] INFO  server.RaftServer (RaftServerProxy.java:lambda$close$9(417)) - ca425215-81ee-42b3-84d9-8ded1157efea: close
2024-11-29 05:29:46,680 [pool-232-thread-1] INFO  server.GrpcService (GrpcService.java:closeImpl(343)) - ca425215-81ee-42b3-84d9-8ded1157efea: shutdown server GrpcServerProtocolService now
2024-11-29 05:29:46,680 [ca425215-81ee-42b3-84d9-8ded1157efea-impl-thread1] INFO  server.RaftServer$Division (RaftServerImpl.java:lambda$close$1(513)) - ca425215-81ee-42b3-84d9-8ded1157efea@group-11CA902152C7: shutdown
2024-11-29 05:29:46,680 [ca425215-81ee-42b3-84d9-8ded1157efea-impl-thread1] INFO  util.JmxRegister (JmxRegister.java:unregister(74)) - Successfully un-registered JMX Bean with object name Ratis:service=RaftServer,group=group-11CA902152C7,id=ca425215-81ee-42b3-84d9-8ded1157efea
2024-11-29 05:29:46,680 [ca425215-81ee-42b3-84d9-8ded1157efea-impl-thread1] INFO  impl.RoleInfo (RoleInfo.java:shutdownLeaderState(103)) - ca425215-81ee-42b3-84d9-8ded1157efea: shutdown ca425215-81ee-42b3-84d9-8ded1157efea@group-11CA902152C7-LeaderStateImpl
2024-11-29 05:29:46,680 [ca425215-81ee-42b3-84d9-8ded1157efea-impl-thread1] INFO  impl.PendingRequests (PendingRequests.java:sendNotLeaderResponses(287)) - ca425215-81ee-42b3-84d9-8ded1157efea@group-11CA902152C7-PendingRequests: sendNotLeaderResponses
2024-11-29 05:29:46,681 [Thread-757] INFO  server.GrpcServerProtocolClient (GrpcServerProtocolClient.java:close(105)) - 9c663db8-fa21-4bd9-8dc4-4774c554fbc4 Close channels
2024-11-29 05:29:46,681 [ca425215-81ee-42b3-84d9-8ded1157efea-impl-thread1] INFO  impl.StateMachineUpdater (StateMachineUpdater.java:stopAndJoin(164)) - ca425215-81ee-42b3-84d9-8ded1157efea@group-11CA902152C7-StateMachineUpdater: set stopIndex = 0
2024-11-29 05:29:46,682 [Thread-758] INFO  server.GrpcServerProtocolClient (GrpcServerProtocolClient.java:close(105)) - 46c085ae-d173-483e-a797-bf073fdc6d33 Close channels
2024-11-29 05:29:46,681 [ca425215-81ee-42b3-84d9-8ded1157efea@group-11CA902152C7-StateMachineUpdater] INFO  ratis.ContainerStateMachine (ContainerStateMachine.java:takeSnapshot(378)) - group-11CA902152C7: Taking a snapshot at:(t:1, i:0) file /home/runner/work/ozone/ozone/hadoop-ozone/integration-test/target/test-dir/MiniOzoneClusterImpl-61f21677-568d-49d7-a2ee-8a05247fe249/ozone-meta/datanode-2/ratis/8352fd53-44a5-4bbd-9758-11ca902152c7/sm/snapshot.1_0
2024-11-29 05:29:46,683 [pool-232-thread-1] INFO  server.GrpcService (GrpcService.java:closeImpl(352)) - ca425215-81ee-42b3-84d9-8ded1157efea: shutdown server GrpcServerProtocolService successfully
2024-11-29 05:29:46,683 [ca425215-81ee-42b3-84d9-8ded1157efea@group-11CA902152C7-StateMachineUpdater] INFO  ratis.ContainerStateMachine (ContainerStateMachine.java:takeSnapshot(389)) - group-11CA902152C7: Finished taking a snapshot at:(t:1, i:0) file:/home/runner/work/ozone/ozone/hadoop-ozone/integration-test/target/test-dir/MiniOzoneClusterImpl-61f21677-568d-49d7-a2ee-8a05247fe249/ozone-meta/datanode-2/ratis/8352fd53-44a5-4bbd-9758-11ca902152c7/sm/snapshot.1_0 took: 2 ms
2024-11-29 05:29:46,684 [ca425215-81ee-42b3-84d9-8ded1157efea@group-11CA902152C7-StateMachineUpdater] INFO  impl.StateMachineUpdater (StateMachineUpdater.java:takeSnapshot(303)) - ca425215-81ee-42b3-84d9-8ded1157efea@group-11CA902152C7-StateMachineUpdater: Took a snapshot at index 0
2024-11-29 05:29:46,684 [ca425215-81ee-42b3-84d9-8ded1157efea@group-11CA902152C7-StateMachineUpdater] INFO  impl.StateMachineUpdater (StateMachineUpdater.java:lambda$new$0(102)) - ca425215-81ee-42b3-84d9-8ded1157efea@group-11CA902152C7-StateMachineUpdater: snapshotIndex: updateIncreasingly -1 -> 0
2024-11-29 05:29:46,684 [ca425215-81ee-42b3-84d9-8ded1157efea@group-11CA902152C7-StateMachineUpdater] INFO  impl.StateMachineUpdater (StateMachineUpdater.java:stop(141)) - ca425215-81ee-42b3-84d9-8ded1157efea@group-11CA902152C7-StateMachineUpdater: closing ContainerStateMachine, lastApplied=(t:1, i:0)
2024-11-29 05:29:46,684 [ca425215-81ee-42b3-84d9-8ded1157efea@group-11CA902152C7-cacheEviction-AwaitToRun] INFO  util.AwaitToRun (AwaitToRun.java:run(49)) - ca425215-81ee-42b3-84d9-8ded1157efea@group-11CA902152C7-cacheEviction-AwaitToRun-AwaitForSignal is interrupted
2024-11-29 05:29:46,688 [ca425215-81ee-42b3-84d9-8ded1157efea-NettyServerStreamRpc-bossGroup--thread1] INFO  logging.LoggingHandler (AbstractInternalLogger.java:log(148)) - [id: 0x02a9f958, L:/0.0.0.0:15024] CLOSE
2024-11-29 05:29:46,688 [ca425215-81ee-42b3-84d9-8ded1157efea-NettyServerStreamRpc-bossGroup--thread1] INFO  logging.LoggingHandler (AbstractInternalLogger.java:log(148)) - [id: 0x02a9f958, L:/0.0.0.0:15024] INACTIVE
2024-11-29 05:29:46,688 [ca425215-81ee-42b3-84d9-8ded1157efea-NettyServerStreamRpc-bossGroup--thread1] INFO  logging.LoggingHandler (AbstractInternalLogger.java:log(148)) - [id: 0x02a9f958, L:/0.0.0.0:15024] UNREGISTERED
2024-11-29 05:29:46,763 [ca425215-81ee-42b3-84d9-8ded1157efea-impl-thread1] INFO  segmented.SegmentedRaftLogWorker (SegmentedRaftLogWorker.java:close(252)) - ca425215-81ee-42b3-84d9-8ded1157efea@group-11CA902152C7-SegmentedRaftLogWorker close()
2024-11-29 05:29:46,763 [ca425215-81ee-42b3-84d9-8ded1157efea-impl-thread1] INFO  ratis.ContainerStateMachine (ContainerStateMachine.java:notifyServerShutdown(970)) - group-11CA902152C7 is closed by HddsDatanodeService
2024-11-29 05:29:46,763 [JvmPauseMonitor3] INFO  util.JvmPauseMonitor (JvmPauseMonitor.java:run(152)) - JvmPauseMonitor-ca425215-81ee-42b3-84d9-8ded1157efea: Stopped
2024-11-29 05:29:46,978 [main] INFO  ozone.MiniOzoneClusterImpl (MiniOzoneClusterImpl.java:shutdown(484)) - Shutting down the Mini Ozone Cluster
2024-11-29 05:29:46,979 [main] INFO  db.CodecTestUtil (CodecTestUtil.java:gc(50)) - gc 0
2024-11-29 05:29:47,123 [main] INFO  ozone.MiniOzoneClusterImpl (MiniOzoneClusterImpl.java:stop(500)) - Stopping the Mini Ozone Cluster
2024-11-29 05:29:47,123 [main] INFO  om.OzoneManager (OzoneManager.java:stop(2268)) - om1[localhost:15004]: Stopping Ozone Manager
2024-11-29 05:29:47,123 [main] INFO  ipc.Server (Server.java:stop(3697)) - Stopping server on 15004
2024-11-29 05:29:47,124 [IPC Server listener on 15004] INFO  ipc.Server (Server.java:run(1585)) - Stopping IPC Server listener on 15004
2024-11-29 05:29:47,124 [IPC Server Responder] INFO  ipc.Server (Server.java:run(1718)) - Stopping IPC Server Responder
2024-11-29 05:29:47,125 [main] INFO  ratis.OzoneManagerRatisServer (OzoneManagerRatisServer.java:stop(640)) - Stopping org.apache.hadoop.ozone.om.ratis.OzoneManagerRatisServer@17598d70 at port 15007
2024-11-29 05:29:47,125 [main] INFO  server.RaftServer (RaftServerProxy.java:lambda$close$9(417)) - om1: close
2024-11-29 05:29:47,126 [main] INFO  server.GrpcService (GrpcService.java:closeImpl(343)) - om1: shutdown server GrpcServerProtocolService now
2024-11-29 05:29:47,126 [om1-impl-thread1] INFO  server.RaftServer$Division (RaftServerImpl.java:lambda$close$1(513)) - om1@group-C5BA1605619E: shutdown
2024-11-29 05:29:47,126 [om1-impl-thread1] INFO  util.JmxRegister (JmxRegister.java:unregister(74)) - Successfully un-registered JMX Bean with object name Ratis:service=RaftServer,group=group-C5BA1605619E,id=om1
2024-11-29 05:29:47,126 [om1-impl-thread1] INFO  impl.RoleInfo (RoleInfo.java:shutdownLeaderState(103)) - om1: shutdown om1@group-C5BA1605619E-LeaderStateImpl
2024-11-29 05:29:47,126 [om1-impl-thread1] INFO  impl.PendingRequests (PendingRequests.java:sendNotLeaderResponses(287)) - om1@group-C5BA1605619E-PendingRequests: sendNotLeaderResponses
2024-11-29 05:29:47,126 [main] INFO  server.GrpcService (GrpcService.java:closeImpl(352)) - om1: shutdown server GrpcServerProtocolService successfully
2024-11-29 05:29:47,127 [om1-impl-thread1] INFO  impl.StateMachineUpdater (StateMachineUpdater.java:stopAndJoin(164)) - om1@group-C5BA1605619E-StateMachineUpdater: set stopIndex = 0
2024-11-29 05:29:47,150 [om1@group-C5BA1605619E-StateMachineUpdater] INFO  ratis.OzoneManagerStateMachine (OzoneManagerStateMachine.java:takeSnapshotImpl(506)) - om1: taking snapshot. applied = (t:1, i:0), skipped = -1, notified = (t:1, i:0), current snapshot index = (t:1, i:0), took 23 ms
2024-11-29 05:29:47,150 [om1@group-C5BA1605619E-StateMachineUpdater] INFO  impl.StateMachineUpdater (StateMachineUpdater.java:takeSnapshot(303)) - om1@group-C5BA1605619E-StateMachineUpdater: Took a snapshot at index 0
2024-11-29 05:29:47,150 [om1@group-C5BA1605619E-StateMachineUpdater] INFO  impl.StateMachineUpdater (StateMachineUpdater.java:lambda$new$0(102)) - om1@group-C5BA1605619E-StateMachineUpdater: snapshotIndex: updateIncreasingly -1 -> 0
2024-11-29 05:29:47,150 [om1@group-C5BA1605619E-StateMachineUpdater] INFO  impl.StateMachineUpdater (StateMachineUpdater.java:stop(141)) - om1@group-C5BA1605619E-StateMachineUpdater: closing OzoneManagerStateMachine, lastApplied=(t:1, i:0)
2024-11-29 05:29:47,150 [om1@group-C5BA1605619E-StateMachineUpdater] INFO  ratis.OzoneManagerStateMachine (OzoneManagerStateMachine.java:close(546)) - Stopping OzoneManagerStateMachine:om1:group-C5BA1605619E.
2024-11-29 05:29:47,150 [om1@group-C5BA1605619E-StateMachineUpdater] INFO  ratis.OzoneManagerDoubleBuffer (OzoneManagerDoubleBuffer.java:stopDaemon(525)) - Stopping OMDoubleBuffer flush thread
2024-11-29 05:29:47,151 [om1-OMDoubleBufferFlushThread] INFO  ratis.OzoneManagerDoubleBuffer (OzoneManagerDoubleBuffer.java:canFlush(589)) - OMDoubleBuffer flush thread om1-OMDoubleBufferFlushThread is interrupted and will exit.
2024-11-29 05:29:47,152 [om1@group-C5BA1605619E-cacheEviction-AwaitToRun] INFO  util.AwaitToRun (AwaitToRun.java:run(49)) - om1@group-C5BA1605619E-cacheEviction-AwaitToRun-AwaitForSignal is interrupted
2024-11-29 05:29:47,647 [timer3] WARN  server.GrpcLogAppender (LogUtils.java:warn(121)) - 46c085ae-d173-483e-a797-bf073fdc6d33@group-0BB578D0F838->9c663db8-fa21-4bd9-8dc4-4774c554fbc4-AppendLogResponseHandler: Failed appendEntries (Repeated 2 times in the last 5.000s): org.apache.ratis.thirdparty.io.grpc.StatusRuntimeException: UNAVAILABLE: io exception
2024-11-29 05:29:47,647 [timer4] WARN  server.GrpcLogAppender (GrpcLogAppender.java:lambda$resetClient$1(221)) - ca425215-81ee-42b3-84d9-8ded1157efea@group-8691A4D9751C->9c663db8-fa21-4bd9-8dc4-4774c554fbc4-GrpcLogAppender: Follower failed (request=null, errorCount=14); keep nextIndex (1) unchanged and retry. (Repeated 8 times in the last 5.001s)
2024-11-29 05:29:47,754 [om1-impl-thread1] INFO  segmented.SegmentedRaftLogWorker (SegmentedRaftLogWorker.java:close(252)) - om1@group-C5BA1605619E-SegmentedRaftLogWorker close()
2024-11-29 05:29:47,755 [JvmPauseMonitor1] INFO  util.JvmPauseMonitor (JvmPauseMonitor.java:run(152)) - JvmPauseMonitor-om1: Stopped
2024-11-29 05:29:47,755 [main] INFO  utils.BackgroundService (BackgroundService.java:shutdown(163)) - Shutting down service KeyDeletingService
2024-11-29 05:29:47,755 [main] INFO  utils.BackgroundService (BackgroundService.java:shutdown(163)) - Shutting down service DirectoryDeletingService
2024-11-29 05:29:47,755 [main] INFO  utils.BackgroundService (BackgroundService.java:shutdown(163)) - Shutting down service OpenKeyCleanupService
2024-11-29 05:29:47,756 [main] INFO  utils.BackgroundService (BackgroundService.java:shutdown(163)) - Shutting down service SstFilteringService
2024-11-29 05:29:47,756 [main] INFO  utils.BackgroundService (BackgroundService.java:shutdown(163)) - Shutting down service SnapshotDeletingService
2024-11-29 05:29:47,756 [main] INFO  utils.BackgroundService (BackgroundService.java:shutdown(163)) - Shutting down service MultipartUploadCleanupService
2024-11-29 05:29:47,757 [main] INFO  handler.ContextHandler (ContextHandler.java:doStop(1159)) - Stopped o.e.j.w.WebAppContext@642ef710{ozoneManager,/,null,STOPPED}{file:/home/runner/work/ozone/ozone/hadoop-ozone/integration-test/target/test-classes/webapps/ozoneManager}
2024-11-29 05:29:47,758 [main] INFO  server.AbstractConnector (AbstractConnector.java:doStop(383)) - Stopped ServerConnector@1f6b4aaa{HTTP/1.1, (http/1.1)}{0.0.0.0:15005}
2024-11-29 05:29:47,758 [main] INFO  server.session (HouseKeeper.java:stopScavenging(149)) - node0 Stopped scavenging
2024-11-29 05:29:47,758 [main] INFO  handler.ContextHandler (ContextHandler.java:doStop(1159)) - Stopped o.e.j.s.ServletContextHandler@66143420{static,/static,file:///home/runner/work/ozone/ozone/hadoop-ozone/integration-test/target/test-classes/webapps/static,STOPPED}
2024-11-29 05:29:47,758 [main] INFO  handler.ContextHandler (ContextHandler.java:doStop(1159)) - Stopped o.e.j.s.ServletContextHandler@686d5284{logs,/logs,file:///home/runner/work/ozone/ozone/hadoop-ozone/integration-test/target/log,STOPPED}
2024-11-29 05:29:47,759 [main] INFO  rocksdiff.RocksDBCheckpointDiffer (RocksDBCheckpointDiffer.java:close(306)) - Shutting down CompactionDagPruningService.
2024-11-29 05:29:47,761 [main] INFO  snapshot.SnapshotDiffManager (SnapshotDiffManager.java:closeExecutorService(1658)) - Shutting down executorService: 'SnapDiffExecutor'
2024-11-29 05:29:47,761 [main] INFO  utils.BackgroundService (BackgroundService.java:shutdown(163)) - Shutting down service SnapshotDiffCleanupService
2024-11-29 05:29:47,762 [main] INFO  ozone.MiniOzoneClusterImpl (MiniOzoneClusterImpl.java:stopDatanodes(577)) - Stopping the HddsDatanodes
2024-11-29 05:29:47,764 [main] INFO  ozoneimpl.OzoneContainer (OzoneContainer.java:stop(526)) - Attempting to stop container services.
2024-11-29 05:29:47,765 [ContainerMetadataScanner] WARN  ozoneimpl.AbstractBackgroundContainerScanner (AbstractBackgroundContainerScanner.java:handleRemainingSleep(134)) - Background container scan was interrupted.
2024-11-29 05:29:47,765 [ContainerMetadataScanner] INFO  ozoneimpl.AbstractBackgroundContainerScanner (AbstractBackgroundContainerScanner.java:run(61)) - Thread[ContainerMetadataScanner,5,main] exiting.
2024-11-29 05:29:47,765 [ForkJoinPool.commonPool-worker-3] INFO  ozoneimpl.OzoneContainer (OzoneContainer.java:stop(526)) - Attempting to stop container services.
2024-11-29 05:29:47,765 [ContainerMetadataScanner] WARN  ozoneimpl.AbstractBackgroundContainerScanner (AbstractBackgroundContainerScanner.java:handleRemainingSleep(134)) - Background container scan was interrupted.
2024-11-29 05:29:47,765 [ContainerMetadataScanner] INFO  ozoneimpl.AbstractBackgroundContainerScanner (AbstractBackgroundContainerScanner.java:run(61)) - Thread[ContainerMetadataScanner,5,main] exiting.
2024-11-29 05:29:47,765 [main] INFO  ozoneimpl.BackgroundContainerDataScanner (BackgroundContainerDataScanner.java:shutdown(142)) - ContainerDataScanner(/home/runner/work/ozone/ozone/hadoop-ozone/integration-test/target/test-dir/MiniOzoneClusterImpl-61f21677-568d-49d7-a2ee-8a05247fe249/ozone-meta/datanode-3/data-0/hdds) is shutting down. 
2024-11-29 05:29:47,765 [ContainerDataScanner(/home/runner/work/ozone/ozone/hadoop-ozone/integration-test/target/test-dir/MiniOzoneClusterImpl-61f21677-568d-49d7-a2ee-8a05247fe249/ozone-meta/datanode-3/data-0/hdds)] WARN  ozoneimpl.AbstractBackgroundContainerScanner (AbstractBackgroundContainerScanner.java:handleRemainingSleep(134)) - Background container scan was interrupted.
2024-11-29 05:29:47,765 [ContainerDataScanner(/home/runner/work/ozone/ozone/hadoop-ozone/integration-test/target/test-dir/MiniOzoneClusterImpl-61f21677-568d-49d7-a2ee-8a05247fe249/ozone-meta/datanode-3/data-0/hdds)] INFO  ozoneimpl.AbstractBackgroundContainerScanner (AbstractBackgroundContainerScanner.java:run(61)) - ContainerDataScanner(/home/runner/work/ozone/ozone/hadoop-ozone/integration-test/target/test-dir/MiniOzoneClusterImpl-61f21677-568d-49d7-a2ee-8a05247fe249/ozone-meta/datanode-3/data-0/hdds, DS-a85c64d8-cd44-4527-98e5-4c7748fad9d1) exiting.
2024-11-29 05:29:47,766 [ForkJoinPool.commonPool-worker-2] INFO  ozoneimpl.OzoneContainer (OzoneContainer.java:stop(526)) - Attempting to stop container services.
2024-11-29 05:29:47,766 [ContainerMetadataScanner] WARN  ozoneimpl.AbstractBackgroundContainerScanner (AbstractBackgroundContainerScanner.java:handleRemainingSleep(134)) - Background container scan was interrupted.
2024-11-29 05:29:47,766 [ContainerMetadataScanner] INFO  ozoneimpl.AbstractBackgroundContainerScanner (AbstractBackgroundContainerScanner.java:run(61)) - Thread[ContainerMetadataScanner,5,main] exiting.
2024-11-29 05:29:47,766 [ForkJoinPool.commonPool-worker-2] INFO  ozoneimpl.BackgroundContainerDataScanner (BackgroundContainerDataScanner.java:shutdown(142)) - ContainerDataScanner(/home/runner/work/ozone/ozone/hadoop-ozone/integration-test/target/test-dir/MiniOzoneClusterImpl-61f21677-568d-49d7-a2ee-8a05247fe249/ozone-meta/datanode-4/data-0/hdds) is shutting down. 
2024-11-29 05:29:47,766 [ContainerDataScanner(/home/runner/work/ozone/ozone/hadoop-ozone/integration-test/target/test-dir/MiniOzoneClusterImpl-61f21677-568d-49d7-a2ee-8a05247fe249/ozone-meta/datanode-4/data-0/hdds)] WARN  ozoneimpl.AbstractBackgroundContainerScanner (AbstractBackgroundContainerScanner.java:handleRemainingSleep(134)) - Background container scan was interrupted.
2024-11-29 05:29:47,766 [ContainerDataScanner(/home/runner/work/ozone/ozone/hadoop-ozone/integration-test/target/test-dir/MiniOzoneClusterImpl-61f21677-568d-49d7-a2ee-8a05247fe249/ozone-meta/datanode-4/data-0/hdds)] INFO  ozoneimpl.AbstractBackgroundContainerScanner (AbstractBackgroundContainerScanner.java:run(61)) - ContainerDataScanner(/home/runner/work/ozone/ozone/hadoop-ozone/integration-test/target/test-dir/MiniOzoneClusterImpl-61f21677-568d-49d7-a2ee-8a05247fe249/ozone-meta/datanode-4/data-0/hdds, DS-2867feb1-de06-4d6e-9c7d-757162768a94) exiting.
2024-11-29 05:29:47,766 [ForkJoinPool.commonPool-worker-3] INFO  ozoneimpl.BackgroundContainerDataScanner (BackgroundContainerDataScanner.java:shutdown(142)) - ContainerDataScanner(/home/runner/work/ozone/ozone/hadoop-ozone/integration-test/target/test-dir/MiniOzoneClusterImpl-61f21677-568d-49d7-a2ee-8a05247fe249/ozone-meta/datanode-5/data-0/hdds) is shutting down. 
2024-11-29 05:29:47,767 [ContainerDataScanner(/home/runner/work/ozone/ozone/hadoop-ozone/integration-test/target/test-dir/MiniOzoneClusterImpl-61f21677-568d-49d7-a2ee-8a05247fe249/ozone-meta/datanode-5/data-0/hdds)] WARN  ozoneimpl.AbstractBackgroundContainerScanner (AbstractBackgroundContainerScanner.java:handleRemainingSleep(134)) - Background container scan was interrupted.
2024-11-29 05:29:47,767 [main] INFO  ratis.XceiverServerRatis (XceiverServerRatis.java:stop(596)) - Closing XceiverServerRatis(46c085ae-d173-483e-a797-bf073fdc6d33)
2024-11-29 05:29:47,767 [ContainerDataScanner(/home/runner/work/ozone/ozone/hadoop-ozone/integration-test/target/test-dir/MiniOzoneClusterImpl-61f21677-568d-49d7-a2ee-8a05247fe249/ozone-meta/datanode-5/data-0/hdds)] INFO  ozoneimpl.AbstractBackgroundContainerScanner (AbstractBackgroundContainerScanner.java:run(61)) - ContainerDataScanner(/home/runner/work/ozone/ozone/hadoop-ozone/integration-test/target/test-dir/MiniOzoneClusterImpl-61f21677-568d-49d7-a2ee-8a05247fe249/ozone-meta/datanode-5/data-0/hdds, DS-713c7659-cbc7-4c37-b45d-fc105e8d39e9) exiting.
2024-11-29 05:29:47,767 [ForkJoinPool.commonPool-worker-2] INFO  ratis.XceiverServerRatis (XceiverServerRatis.java:stop(596)) - Closing XceiverServerRatis(82107b5c-a456-4cce-866c-b79ad2953fda)
2024-11-29 05:29:47,768 [ForkJoinPool.commonPool-worker-2] INFO  server.RaftServer (RaftServerProxy.java:lambda$close$9(417)) - 82107b5c-a456-4cce-866c-b79ad2953fda: close
2024-11-29 05:29:47,768 [82107b5c-a456-4cce-866c-b79ad2953fda-impl-thread1] INFO  server.RaftServer$Division (RaftServerImpl.java:lambda$close$1(513)) - 82107b5c-a456-4cce-866c-b79ad2953fda@group-848028536F21: shutdown
2024-11-29 05:29:47,767 [main] INFO  server.RaftServer (RaftServerProxy.java:lambda$close$9(417)) - 46c085ae-d173-483e-a797-bf073fdc6d33: close
2024-11-29 05:29:47,768 [82107b5c-a456-4cce-866c-b79ad2953fda-impl-thread1] INFO  util.JmxRegister (JmxRegister.java:unregister(74)) - Successfully un-registered JMX Bean with object name Ratis:service=RaftServer,group=group-848028536F21,id=82107b5c-a456-4cce-866c-b79ad2953fda
2024-11-29 05:29:47,768 [82107b5c-a456-4cce-866c-b79ad2953fda-impl-thread1] INFO  impl.RoleInfo (RoleInfo.java:shutdownLeaderState(103)) - 82107b5c-a456-4cce-866c-b79ad2953fda: shutdown 82107b5c-a456-4cce-866c-b79ad2953fda@group-848028536F21-LeaderStateImpl
2024-11-29 05:29:47,768 [ForkJoinPool.commonPool-worker-3] INFO  ratis.XceiverServerRatis (XceiverServerRatis.java:stop(596)) - Closing XceiverServerRatis(22bda68c-b64b-4e26-a6f3-14a354ca4fb6)
2024-11-29 05:29:47,768 [ForkJoinPool.commonPool-worker-2] INFO  server.GrpcService (GrpcService.java:closeImpl(343)) - 82107b5c-a456-4cce-866c-b79ad2953fda: shutdown server GrpcServerProtocolService now
2024-11-29 05:29:47,768 [82107b5c-a456-4cce-866c-b79ad2953fda-impl-thread1] INFO  impl.PendingRequests (PendingRequests.java:sendNotLeaderResponses(287)) - 82107b5c-a456-4cce-866c-b79ad2953fda@group-848028536F21-PendingRequests: sendNotLeaderResponses
2024-11-29 05:29:47,768 [ForkJoinPool.commonPool-worker-3] INFO  server.RaftServer (RaftServerProxy.java:lambda$close$9(417)) - 22bda68c-b64b-4e26-a6f3-14a354ca4fb6: close
2024-11-29 05:29:47,768 [46c085ae-d173-483e-a797-bf073fdc6d33-impl-thread1] INFO  server.RaftServer$Division (RaftServerImpl.java:lambda$close$1(513)) - 46c085ae-d173-483e-a797-bf073fdc6d33@group-1B7DA9A1FD1F: shutdown
2024-11-29 05:29:47,768 [main] INFO  server.GrpcService (GrpcService.java:closeImpl(343)) - 46c085ae-d173-483e-a797-bf073fdc6d33: shutdown server GrpcServerProtocolService now
2024-11-29 05:29:47,768 [22bda68c-b64b-4e26-a6f3-14a354ca4fb6-impl-thread1] INFO  server.RaftServer$Division (RaftServerImpl.java:lambda$close$1(513)) - 22bda68c-b64b-4e26-a6f3-14a354ca4fb6@group-E26A81565C11: shutdown
2024-11-29 05:29:47,768 [46c085ae-d173-483e-a797-bf073fdc6d33-impl-thread1] INFO  util.JmxRegister (JmxRegister.java:unregister(74)) - Successfully un-registered JMX Bean with object name Ratis:service=RaftServer,group=group-1B7DA9A1FD1F,id=46c085ae-d173-483e-a797-bf073fdc6d33
2024-11-29 05:29:47,769 [22bda68c-b64b-4e26-a6f3-14a354ca4fb6-impl-thread1] INFO  util.JmxRegister (JmxRegister.java:unregister(74)) - Successfully un-registered JMX Bean with object name Ratis:service=RaftServer,group=group-E26A81565C11,id=22bda68c-b64b-4e26-a6f3-14a354ca4fb6
2024-11-29 05:29:47,769 [22bda68c-b64b-4e26-a6f3-14a354ca4fb6-impl-thread1] INFO  impl.RoleInfo (RoleInfo.java:shutdownLeaderState(103)) - 22bda68c-b64b-4e26-a6f3-14a354ca4fb6: shutdown 22bda68c-b64b-4e26-a6f3-14a354ca4fb6@group-E26A81565C11-LeaderStateImpl
2024-11-29 05:29:47,769 [22bda68c-b64b-4e26-a6f3-14a354ca4fb6-impl-thread1] INFO  impl.PendingRequests (PendingRequests.java:sendNotLeaderResponses(287)) - 22bda68c-b64b-4e26-a6f3-14a354ca4fb6@group-E26A81565C11-PendingRequests: sendNotLeaderResponses
2024-11-29 05:29:47,769 [ForkJoinPool.commonPool-worker-2] INFO  server.GrpcService (GrpcService.java:closeImpl(352)) - 82107b5c-a456-4cce-866c-b79ad2953fda: shutdown server GrpcServerProtocolService successfully
2024-11-29 05:29:47,769 [82107b5c-a456-4cce-866c-b79ad2953fda@group-848028536F21-StateMachineUpdater] INFO  ratis.ContainerStateMachine (ContainerStateMachine.java:takeSnapshot(378)) - group-848028536F21: Taking a snapshot at:(t:1, i:0) file /home/runner/work/ozone/ozone/hadoop-ozone/integration-test/target/test-dir/MiniOzoneClusterImpl-61f21677-568d-49d7-a2ee-8a05247fe249/ozone-meta/datanode-4/ratis/575f7978-d042-4a0f-b980-848028536f21/sm/snapshot.1_0
2024-11-29 05:29:47,769 [82107b5c-a456-4cce-866c-b79ad2953fda-NettyServerStreamRpc-bossGroup--thread1] INFO  logging.LoggingHandler (AbstractInternalLogger.java:log(148)) - [id: 0x6e7758ce, L:/0.0.0.0:15042] CLOSE
2024-11-29 05:29:47,770 [82107b5c-a456-4cce-866c-b79ad2953fda-NettyServerStreamRpc-bossGroup--thread1] INFO  logging.LoggingHandler (AbstractInternalLogger.java:log(148)) - [id: 0x6e7758ce, L:/0.0.0.0:15042] INACTIVE
2024-11-29 05:29:47,770 [82107b5c-a456-4cce-866c-b79ad2953fda-NettyServerStreamRpc-bossGroup--thread1] INFO  logging.LoggingHandler (AbstractInternalLogger.java:log(148)) - [id: 0x6e7758ce, L:/0.0.0.0:15042] UNREGISTERED
2024-11-29 05:29:47,770 [22bda68c-b64b-4e26-a6f3-14a354ca4fb6-impl-thread1] INFO  impl.StateMachineUpdater (StateMachineUpdater.java:stopAndJoin(164)) - 22bda68c-b64b-4e26-a6f3-14a354ca4fb6@group-E26A81565C11-StateMachineUpdater: set stopIndex = 0
2024-11-29 05:29:47,770 [22bda68c-b64b-4e26-a6f3-14a354ca4fb6@group-E26A81565C11-StateMachineUpdater] INFO  ratis.ContainerStateMachine (ContainerStateMachine.java:takeSnapshot(378)) - group-E26A81565C11: Taking a snapshot at:(t:1, i:0) file /home/runner/work/ozone/ozone/hadoop-ozone/integration-test/target/test-dir/MiniOzoneClusterImpl-61f21677-568d-49d7-a2ee-8a05247fe249/ozone-meta/datanode-5/ratis/7a5eb9d9-946f-4e5e-9b36-e26a81565c11/sm/snapshot.1_0
2024-11-29 05:29:47,768 [ForkJoinPool.commonPool-worker-3] INFO  server.GrpcService (GrpcService.java:closeImpl(343)) - 22bda68c-b64b-4e26-a6f3-14a354ca4fb6: shutdown server GrpcServerProtocolService now
2024-11-29 05:29:47,770 [82107b5c-a456-4cce-866c-b79ad2953fda@group-848028536F21-StateMachineUpdater] INFO  ratis.ContainerStateMachine (ContainerStateMachine.java:takeSnapshot(389)) - group-848028536F21: Finished taking a snapshot at:(t:1, i:0) file:/home/runner/work/ozone/ozone/hadoop-ozone/integration-test/target/test-dir/MiniOzoneClusterImpl-61f21677-568d-49d7-a2ee-8a05247fe249/ozone-meta/datanode-4/ratis/575f7978-d042-4a0f-b980-848028536f21/sm/snapshot.1_0 took: 1 ms
2024-11-29 05:29:47,769 [82107b5c-a456-4cce-866c-b79ad2953fda-impl-thread1] INFO  impl.StateMachineUpdater (StateMachineUpdater.java:stopAndJoin(164)) - 82107b5c-a456-4cce-866c-b79ad2953fda@group-848028536F21-StateMachineUpdater: set stopIndex = 0
2024-11-29 05:29:47,769 [46c085ae-d173-483e-a797-bf073fdc6d33-impl-thread1] INFO  impl.RoleInfo (RoleInfo.java:shutdownLeaderState(103)) - 46c085ae-d173-483e-a797-bf073fdc6d33: shutdown 46c085ae-d173-483e-a797-bf073fdc6d33@group-1B7DA9A1FD1F-LeaderStateImpl
2024-11-29 05:29:47,771 [46c085ae-d173-483e-a797-bf073fdc6d33-impl-thread1] INFO  impl.PendingRequests (PendingRequests.java:sendNotLeaderResponses(287)) - 46c085ae-d173-483e-a797-bf073fdc6d33@group-1B7DA9A1FD1F-PendingRequests: sendNotLeaderResponses
2024-11-29 05:29:47,771 [82107b5c-a456-4cce-866c-b79ad2953fda@group-848028536F21-StateMachineUpdater] INFO  impl.StateMachineUpdater (StateMachineUpdater.java:takeSnapshot(303)) - 82107b5c-a456-4cce-866c-b79ad2953fda@group-848028536F21-StateMachineUpdater: Took a snapshot at index 0
2024-11-29 05:29:47,771 [82107b5c-a456-4cce-866c-b79ad2953fda@group-848028536F21-StateMachineUpdater] INFO  impl.StateMachineUpdater (StateMachineUpdater.java:lambda$new$0(102)) - 82107b5c-a456-4cce-866c-b79ad2953fda@group-848028536F21-StateMachineUpdater: snapshotIndex: updateIncreasingly -1 -> 0
2024-11-29 05:29:47,771 [82107b5c-a456-4cce-866c-b79ad2953fda@group-848028536F21-StateMachineUpdater] INFO  impl.StateMachineUpdater (StateMachineUpdater.java:stop(141)) - 82107b5c-a456-4cce-866c-b79ad2953fda@group-848028536F21-StateMachineUpdater: closing ContainerStateMachine, lastApplied=(t:1, i:0)
2024-11-29 05:29:47,772 [22bda68c-b64b-4e26-a6f3-14a354ca4fb6@group-E26A81565C11-StateMachineUpdater] INFO  ratis.ContainerStateMachine (ContainerStateMachine.java:takeSnapshot(389)) - group-E26A81565C11: Finished taking a snapshot at:(t:1, i:0) file:/home/runner/work/ozone/ozone/hadoop-ozone/integration-test/target/test-dir/MiniOzoneClusterImpl-61f21677-568d-49d7-a2ee-8a05247fe249/ozone-meta/datanode-5/ratis/7a5eb9d9-946f-4e5e-9b36-e26a81565c11/sm/snapshot.1_0 took: 2 ms
2024-11-29 05:29:47,772 [22bda68c-b64b-4e26-a6f3-14a354ca4fb6@group-E26A81565C11-StateMachineUpdater] INFO  impl.StateMachineUpdater (StateMachineUpdater.java:takeSnapshot(303)) - 22bda68c-b64b-4e26-a6f3-14a354ca4fb6@group-E26A81565C11-StateMachineUpdater: Took a snapshot at index 0
2024-11-29 05:29:47,772 [22bda68c-b64b-4e26-a6f3-14a354ca4fb6@group-E26A81565C11-StateMachineUpdater] INFO  impl.StateMachineUpdater (StateMachineUpdater.java:lambda$new$0(102)) - 22bda68c-b64b-4e26-a6f3-14a354ca4fb6@group-E26A81565C11-StateMachineUpdater: snapshotIndex: updateIncreasingly -1 -> 0
2024-11-29 05:29:47,772 [22bda68c-b64b-4e26-a6f3-14a354ca4fb6@group-E26A81565C11-StateMachineUpdater] INFO  impl.StateMachineUpdater (StateMachineUpdater.java:stop(141)) - 22bda68c-b64b-4e26-a6f3-14a354ca4fb6@group-E26A81565C11-StateMachineUpdater: closing ContainerStateMachine, lastApplied=(t:1, i:0)
2024-11-29 05:29:47,773 [46c085ae-d173-483e-a797-bf073fdc6d33-impl-thread1] INFO  impl.StateMachineUpdater (StateMachineUpdater.java:stopAndJoin(164)) - 46c085ae-d173-483e-a797-bf073fdc6d33@group-1B7DA9A1FD1F-StateMachineUpdater: set stopIndex = 0
2024-11-29 05:29:47,773 [46c085ae-d173-483e-a797-bf073fdc6d33@group-1B7DA9A1FD1F-StateMachineUpdater] INFO  ratis.ContainerStateMachine (ContainerStateMachine.java:takeSnapshot(378)) - group-1B7DA9A1FD1F: Taking a snapshot at:(t:1, i:0) file /home/runner/work/ozone/ozone/hadoop-ozone/integration-test/target/test-dir/MiniOzoneClusterImpl-61f21677-568d-49d7-a2ee-8a05247fe249/ozone-meta/datanode-3/ratis/d5e1fa14-454c-4db5-98d3-1b7da9a1fd1f/sm/snapshot.1_0
2024-11-29 05:29:47,773 [22bda68c-b64b-4e26-a6f3-14a354ca4fb6@group-E26A81565C11-cacheEviction-AwaitToRun] INFO  util.AwaitToRun (AwaitToRun.java:run(49)) - 22bda68c-b64b-4e26-a6f3-14a354ca4fb6@group-E26A81565C11-cacheEviction-AwaitToRun-AwaitForSignal is interrupted
2024-11-29 05:29:47,773 [82107b5c-a456-4cce-866c-b79ad2953fda@group-848028536F21-cacheEviction-AwaitToRun] INFO  util.AwaitToRun (AwaitToRun.java:run(49)) - 82107b5c-a456-4cce-866c-b79ad2953fda@group-848028536F21-cacheEviction-AwaitToRun-AwaitForSignal is interrupted
2024-11-29 05:29:47,774 [46c085ae-d173-483e-a797-bf073fdc6d33@group-1B7DA9A1FD1F-StateMachineUpdater] INFO  ratis.ContainerStateMachine (ContainerStateMachine.java:takeSnapshot(389)) - group-1B7DA9A1FD1F: Finished taking a snapshot at:(t:1, i:0) file:/home/runner/work/ozone/ozone/hadoop-ozone/integration-test/target/test-dir/MiniOzoneClusterImpl-61f21677-568d-49d7-a2ee-8a05247fe249/ozone-meta/datanode-3/ratis/d5e1fa14-454c-4db5-98d3-1b7da9a1fd1f/sm/snapshot.1_0 took: 1 ms
2024-11-29 05:29:47,774 [46c085ae-d173-483e-a797-bf073fdc6d33@group-1B7DA9A1FD1F-StateMachineUpdater] INFO  impl.StateMachineUpdater (StateMachineUpdater.java:takeSnapshot(303)) - 46c085ae-d173-483e-a797-bf073fdc6d33@group-1B7DA9A1FD1F-StateMachineUpdater: Took a snapshot at index 0
2024-11-29 05:29:47,774 [46c085ae-d173-483e-a797-bf073fdc6d33@group-1B7DA9A1FD1F-StateMachineUpdater] INFO  impl.StateMachineUpdater (StateMachineUpdater.java:lambda$new$0(102)) - 46c085ae-d173-483e-a797-bf073fdc6d33@group-1B7DA9A1FD1F-StateMachineUpdater: snapshotIndex: updateIncreasingly -1 -> 0
2024-11-29 05:29:47,774 [46c085ae-d173-483e-a797-bf073fdc6d33@group-1B7DA9A1FD1F-StateMachineUpdater] INFO  impl.StateMachineUpdater (StateMachineUpdater.java:stop(141)) - 46c085ae-d173-483e-a797-bf073fdc6d33@group-1B7DA9A1FD1F-StateMachineUpdater: closing ContainerStateMachine, lastApplied=(t:1, i:0)
2024-11-29 05:29:47,774 [46c085ae-d173-483e-a797-bf073fdc6d33@group-1B7DA9A1FD1F-cacheEviction-AwaitToRun] INFO  util.AwaitToRun (AwaitToRun.java:run(49)) - 46c085ae-d173-483e-a797-bf073fdc6d33@group-1B7DA9A1FD1F-cacheEviction-AwaitToRun-AwaitForSignal is interrupted
2024-11-29 05:29:47,775 [EventQueue-StaleNodeForStaleNodeHandler] INFO  node.StaleNodeHandler (StaleNodeHandler.java:onMessage(57)) - Datanode ca425215-81ee-42b3-84d9-8ded1157efea(localhost/127.0.0.1) moved to stale state. Finalizing its pipelines [PipelineID=8352fd53-44a5-4bbd-9758-11ca902152c7]
2024-11-29 05:29:47,776 [EventQueue-StaleNodeForStaleNodeHandler] INFO  pipeline.PipelineManagerImpl (PipelineManagerImpl.java:closePipeline(518)) - Pipeline PipelineID=8352fd53-44a5-4bbd-9758-11ca902152c7 moved to CLOSED state
2024-11-29 05:29:47,778 [Thread-834] INFO  server.GrpcServerProtocolClient (GrpcServerProtocolClient.java:close(105)) - 9c663db8-fa21-4bd9-8dc4-4774c554fbc4 Close channels
2024-11-29 05:29:47,778 [ForkJoinPool.commonPool-worker-3] INFO  server.GrpcService (GrpcService.java:closeImpl(352)) - 22bda68c-b64b-4e26-a6f3-14a354ca4fb6: shutdown server GrpcServerProtocolService successfully
2024-11-29 05:29:47,778 [22bda68c-b64b-4e26-a6f3-14a354ca4fb6-NettyServerStreamRpc-bossGroup--thread1] INFO  logging.LoggingHandler (AbstractInternalLogger.java:log(148)) - [id: 0xd3e5d6ac, L:/0.0.0.0:15051] CLOSE
2024-11-29 05:29:47,778 [22bda68c-b64b-4e26-a6f3-14a354ca4fb6-NettyServerStreamRpc-bossGroup--thread1] INFO  logging.LoggingHandler (AbstractInternalLogger.java:log(148)) - [id: 0xd3e5d6ac, L:/0.0.0.0:15051] INACTIVE
2024-11-29 05:29:47,778 [22bda68c-b64b-4e26-a6f3-14a354ca4fb6-NettyServerStreamRpc-bossGroup--thread1] INFO  logging.LoggingHandler (AbstractInternalLogger.java:log(148)) - [id: 0xd3e5d6ac, L:/0.0.0.0:15051] UNREGISTERED
2024-11-29 05:29:47,790 [Thread-854] INFO  server.GrpcServerProtocolClient (GrpcServerProtocolClient.java:close(105)) - ca425215-81ee-42b3-84d9-8ded1157efea Close channels
2024-11-29 05:29:47,790 [main] INFO  server.GrpcService (GrpcService.java:closeImpl(352)) - 46c085ae-d173-483e-a797-bf073fdc6d33: shutdown server GrpcServerProtocolService successfully
2024-11-29 05:29:47,796 [46c085ae-d173-483e-a797-bf073fdc6d33-NettyServerStreamRpc-bossGroup--thread1] INFO  logging.LoggingHandler (AbstractInternalLogger.java:log(148)) - [id: 0xc8a36cc9, L:/0.0.0.0:15033] CLOSE
2024-11-29 05:29:47,796 [46c085ae-d173-483e-a797-bf073fdc6d33-NettyServerStreamRpc-bossGroup--thread1] INFO  logging.LoggingHandler (AbstractInternalLogger.java:log(148)) - [id: 0xc8a36cc9, L:/0.0.0.0:15033] INACTIVE
2024-11-29 05:29:47,796 [46c085ae-d173-483e-a797-bf073fdc6d33-NettyServerStreamRpc-bossGroup--thread1] INFO  logging.LoggingHandler (AbstractInternalLogger.java:log(148)) - [id: 0xc8a36cc9, L:/0.0.0.0:15033] UNREGISTERED
2024-11-29 05:29:47,941 [22bda68c-b64b-4e26-a6f3-14a354ca4fb6-impl-thread1] INFO  segmented.SegmentedRaftLogWorker (SegmentedRaftLogWorker.java:close(252)) - 22bda68c-b64b-4e26-a6f3-14a354ca4fb6@group-E26A81565C11-SegmentedRaftLogWorker close()
2024-11-29 05:29:47,941 [22bda68c-b64b-4e26-a6f3-14a354ca4fb6-impl-thread1] INFO  ratis.ContainerStateMachine (ContainerStateMachine.java:notifyServerShutdown(970)) - group-E26A81565C11 is closed by HddsDatanodeService
2024-11-29 05:29:47,942 [JvmPauseMonitor6] INFO  util.JvmPauseMonitor (JvmPauseMonitor.java:run(152)) - JvmPauseMonitor-22bda68c-b64b-4e26-a6f3-14a354ca4fb6: Stopped
2024-11-29 05:29:48,008 [timer6] WARN  server.GrpcLogAppender (LogUtils.java:warn(121)) - ca425215-81ee-42b3-84d9-8ded1157efea@group-8691A4D9751C->9c663db8-fa21-4bd9-8dc4-4774c554fbc4-AppendLogResponseHandler: Failed appendEntries (Repeated 6 times in the last 5.000s): org.apache.ratis.thirdparty.io.grpc.StatusRuntimeException: UNAVAILABLE: io exception
2024-11-29 05:29:48,074 [46c085ae-d173-483e-a797-bf073fdc6d33-impl-thread1] INFO  segmented.SegmentedRaftLogWorker (SegmentedRaftLogWorker.java:close(252)) - 46c085ae-d173-483e-a797-bf073fdc6d33@group-1B7DA9A1FD1F-SegmentedRaftLogWorker close()
2024-11-29 05:29:48,074 [46c085ae-d173-483e-a797-bf073fdc6d33-impl-thread1] INFO  ratis.ContainerStateMachine (ContainerStateMachine.java:notifyServerShutdown(970)) - group-1B7DA9A1FD1F is closed by HddsDatanodeService
2024-11-29 05:29:48,074 [JvmPauseMonitor4] INFO  util.JvmPauseMonitor (JvmPauseMonitor.java:run(152)) - JvmPauseMonitor-46c085ae-d173-483e-a797-bf073fdc6d33: Stopped
2024-11-29 05:29:48,587 [82107b5c-a456-4cce-866c-b79ad2953fda-impl-thread1] INFO  segmented.SegmentedRaftLogWorker (SegmentedRaftLogWorker.java:close(252)) - 82107b5c-a456-4cce-866c-b79ad2953fda@group-848028536F21-SegmentedRaftLogWorker close()
2024-11-29 05:29:48,587 [82107b5c-a456-4cce-866c-b79ad2953fda-impl-thread1] INFO  ratis.ContainerStateMachine (ContainerStateMachine.java:notifyServerShutdown(970)) - group-848028536F21 is closed by HddsDatanodeService
2024-11-29 05:29:48,588 [JvmPauseMonitor5] INFO  util.JvmPauseMonitor (JvmPauseMonitor.java:run(152)) - JvmPauseMonitor-82107b5c-a456-4cce-866c-b79ad2953fda: Stopped
2024-11-29 05:29:48,766 [pool-232-thread-1] INFO  utils.DatanodeStoreCache (DatanodeStoreCache.java:shutdownCache(116)) - Skip clearing cache in mini cluster mode. Entries left: [/home/runner/work/ozone/ozone/hadoop-ozone/integration-test/target/test-dir/MiniOzoneClusterImpl-61f21677-568d-49d7-a2ee-8a05247fe249/ozone-meta/datanode-2/data-0/hdds/61f21677-568d-49d7-a2ee-8a05247fe249/DS-1b42e33a-b9d3-490e-b7bd-5d9f48b393a9/container.db, /home/runner/work/ozone/ozone/hadoop-ozone/integration-test/target/test-dir/MiniOzoneClusterImpl-61f21677-568d-49d7-a2ee-8a05247fe249/ozone-meta/datanode-3/data-0/hdds/61f21677-568d-49d7-a2ee-8a05247fe249/DS-a85c64d8-cd44-4527-98e5-4c7748fad9d1/container.db, /home/runner/work/ozone/ozone/hadoop-ozone/integration-test/target/test-dir/MiniOzoneClusterImpl-61f21677-568d-49d7-a2ee-8a05247fe249/ozone-meta/datanode-4/data-0/hdds/61f21677-568d-49d7-a2ee-8a05247fe249/DS-2867feb1-de06-4d6e-9c7d-757162768a94/container.db, /home/runner/work/ozone/ozone/hadoop-ozone/integration-test/target/test-dir/MiniOzoneClusterImpl-61f21677-568d-49d7-a2ee-8a05247fe249/ozone-meta/datanode-5/data-0/hdds/61f21677-568d-49d7-a2ee-8a05247fe249/DS-713c7659-cbc7-4c37-b45d-fc105e8d39e9/container.db]
2024-11-29 05:29:48,767 [pool-232-thread-1] INFO  utils.DatanodeStoreCache (DatanodeStoreCache.java:removeDB(110)) - Removed db /home/runner/work/ozone/ozone/hadoop-ozone/integration-test/target/test-dir/MiniOzoneClusterImpl-61f21677-568d-49d7-a2ee-8a05247fe249/ozone-meta/datanode-2/data-0/hdds/61f21677-568d-49d7-a2ee-8a05247fe249/DS-1b42e33a-b9d3-490e-b7bd-5d9f48b393a9/container.db from cache
2024-11-29 05:29:48,767 [pool-232-thread-1] INFO  volume.HddsVolume (HddsVolume.java:closeDbStore(480)) - SchemaV3 db is stopped at /home/runner/work/ozone/ozone/hadoop-ozone/integration-test/target/test-dir/MiniOzoneClusterImpl-61f21677-568d-49d7-a2ee-8a05247fe249/ozone-meta/datanode-2/data-0/hdds/61f21677-568d-49d7-a2ee-8a05247fe249/DS-1b42e33a-b9d3-490e-b7bd-5d9f48b393a9/container.db for volume DS-1b42e33a-b9d3-490e-b7bd-5d9f48b393a9
2024-11-29 05:29:48,767 [pool-232-thread-1] INFO  utils.BackgroundService (BackgroundService.java:shutdown(163)) - Shutting down service BlockDeletingService
2024-11-29 05:29:48,770 [pool-232-thread-1] INFO  utils.BackgroundService (BackgroundService.java:shutdown(163)) - Shutting down service StaleRecoveringContainerScrubbingService
2024-11-29 05:29:48,771 [pool-232-thread-1] INFO  statemachine.DatanodeStateMachine (DatanodeStateMachine.java:stopDaemon(626)) - Ozone container server stopped.
2024-11-29 05:29:48,785 [pool-232-thread-1] INFO  handler.ContextHandler (ContextHandler.java:doStop(1159)) - Stopped o.e.j.w.WebAppContext@2fec2afa{hddsDatanode,/,null,STOPPED}{jar:file:/home/runner/work/ozone/ozone/hadoop-hdds/container-service/target/hdds-container-service-2.0.0-SNAPSHOT.jar!/webapps/hddsDatanode}
2024-11-29 05:29:48,785 [pool-232-thread-1] INFO  server.AbstractConnector (AbstractConnector.java:doStop(383)) - Stopped ServerConnector@7f4358b8{HTTP/1.1, (http/1.1)}{0.0.0.0:15018}
2024-11-29 05:29:48,786 [pool-232-thread-1] INFO  server.session (HouseKeeper.java:stopScavenging(149)) - node0 Stopped scavenging
2024-11-29 05:29:48,786 [pool-232-thread-1] INFO  handler.ContextHandler (ContextHandler.java:doStop(1159)) - Stopped o.e.j.s.ServletContextHandler@40d8cb26{static,/static,jar:file:/home/runner/work/ozone/ozone/hadoop-hdds/container-service/target/hdds-container-service-2.0.0-SNAPSHOT.jar!/webapps/static,STOPPED}
2024-11-29 05:29:48,786 [pool-232-thread-1] INFO  handler.ContextHandler (ContextHandler.java:doStop(1159)) - Stopped o.e.j.s.ServletContextHandler@6b907f80{logs,/logs,file:///home/runner/work/ozone/ozone/hadoop-ozone/integration-test/target/log,STOPPED}
2024-11-29 05:29:48,787 [pool-232-thread-1] INFO  ozone.HddsDatanodeClientProtocolServer (HddsDatanodeClientProtocolServer.java:stop(85)) - Stopping the RPC server for Client Protocol
2024-11-29 05:29:48,787 [pool-232-thread-1] INFO  ipc.Server (Server.java:stop(3697)) - Stopping server on 15019
2024-11-29 05:29:48,788 [IPC Server listener on 15019] INFO  ipc.Server (Server.java:run(1585)) - Stopping IPC Server listener on 15019
2024-11-29 05:29:48,788 [IPC Server Responder] INFO  ipc.Server (Server.java:run(1718)) - Stopping IPC Server Responder
2024-11-29 05:29:49,944 [ForkJoinPool.commonPool-worker-3] INFO  utils.DatanodeStoreCache (DatanodeStoreCache.java:shutdownCache(116)) - Skip clearing cache in mini cluster mode. Entries left: [/home/runner/work/ozone/ozone/hadoop-ozone/integration-test/target/test-dir/MiniOzoneClusterImpl-61f21677-568d-49d7-a2ee-8a05247fe249/ozone-meta/datanode-3/data-0/hdds/61f21677-568d-49d7-a2ee-8a05247fe249/DS-a85c64d8-cd44-4527-98e5-4c7748fad9d1/container.db, /home/runner/work/ozone/ozone/hadoop-ozone/integration-test/target/test-dir/MiniOzoneClusterImpl-61f21677-568d-49d7-a2ee-8a05247fe249/ozone-meta/datanode-4/data-0/hdds/61f21677-568d-49d7-a2ee-8a05247fe249/DS-2867feb1-de06-4d6e-9c7d-757162768a94/container.db, /home/runner/work/ozone/ozone/hadoop-ozone/integration-test/target/test-dir/MiniOzoneClusterImpl-61f21677-568d-49d7-a2ee-8a05247fe249/ozone-meta/datanode-5/data-0/hdds/61f21677-568d-49d7-a2ee-8a05247fe249/DS-713c7659-cbc7-4c37-b45d-fc105e8d39e9/container.db]
2024-11-29 05:29:49,945 [ForkJoinPool.commonPool-worker-3] INFO  utils.DatanodeStoreCache (DatanodeStoreCache.java:removeDB(110)) - Removed db /home/runner/work/ozone/ozone/hadoop-ozone/integration-test/target/test-dir/MiniOzoneClusterImpl-61f21677-568d-49d7-a2ee-8a05247fe249/ozone-meta/datanode-5/data-0/hdds/61f21677-568d-49d7-a2ee-8a05247fe249/DS-713c7659-cbc7-4c37-b45d-fc105e8d39e9/container.db from cache
2024-11-29 05:29:49,945 [ForkJoinPool.commonPool-worker-3] INFO  volume.HddsVolume (HddsVolume.java:closeDbStore(480)) - SchemaV3 db is stopped at /home/runner/work/ozone/ozone/hadoop-ozone/integration-test/target/test-dir/MiniOzoneClusterImpl-61f21677-568d-49d7-a2ee-8a05247fe249/ozone-meta/datanode-5/data-0/hdds/61f21677-568d-49d7-a2ee-8a05247fe249/DS-713c7659-cbc7-4c37-b45d-fc105e8d39e9/container.db for volume DS-713c7659-cbc7-4c37-b45d-fc105e8d39e9
2024-11-29 05:29:49,946 [ForkJoinPool.commonPool-worker-3] INFO  utils.BackgroundService (BackgroundService.java:shutdown(163)) - Shutting down service BlockDeletingService
2024-11-29 05:29:49,946 [ForkJoinPool.commonPool-worker-3] INFO  utils.BackgroundService (BackgroundService.java:shutdown(163)) - Shutting down service StaleRecoveringContainerScrubbingService
2024-11-29 05:29:49,946 [ForkJoinPool.commonPool-worker-3] INFO  statemachine.DatanodeStateMachine (DatanodeStateMachine.java:stopDaemon(626)) - Ozone container server stopped.
2024-11-29 05:29:49,960 [ForkJoinPool.commonPool-worker-3] INFO  handler.ContextHandler (ContextHandler.java:doStop(1159)) - Stopped o.e.j.w.WebAppContext@2e754572{hddsDatanode,/,null,STOPPED}{jar:file:/home/runner/work/ozone/ozone/hadoop-hdds/container-service/target/hdds-container-service-2.0.0-SNAPSHOT.jar!/webapps/hddsDatanode}
2024-11-29 05:29:49,961 [ForkJoinPool.commonPool-worker-3] INFO  server.AbstractConnector (AbstractConnector.java:doStop(383)) - Stopped ServerConnector@2478f64c{HTTP/1.1, (http/1.1)}{0.0.0.0:15045}
2024-11-29 05:29:49,961 [ForkJoinPool.commonPool-worker-3] INFO  server.session (HouseKeeper.java:stopScavenging(149)) - node0 Stopped scavenging
2024-11-29 05:29:49,961 [ForkJoinPool.commonPool-worker-3] INFO  handler.ContextHandler (ContextHandler.java:doStop(1159)) - Stopped o.e.j.s.ServletContextHandler@255cc703{static,/static,jar:file:/home/runner/work/ozone/ozone/hadoop-hdds/container-service/target/hdds-container-service-2.0.0-SNAPSHOT.jar!/webapps/static,STOPPED}
2024-11-29 05:29:49,961 [ForkJoinPool.commonPool-worker-3] INFO  handler.ContextHandler (ContextHandler.java:doStop(1159)) - Stopped o.e.j.s.ServletContextHandler@3230a186{logs,/logs,file:///home/runner/work/ozone/ozone/hadoop-ozone/integration-test/target/log,STOPPED}
2024-11-29 05:29:49,961 [ForkJoinPool.commonPool-worker-3] INFO  ozone.HddsDatanodeClientProtocolServer (HddsDatanodeClientProtocolServer.java:stop(85)) - Stopping the RPC server for Client Protocol
2024-11-29 05:29:49,961 [ForkJoinPool.commonPool-worker-3] INFO  ipc.Server (Server.java:stop(3697)) - Stopping server on 15046
2024-11-29 05:29:49,963 [IPC Server listener on 15046] INFO  ipc.Server (Server.java:run(1585)) - Stopping IPC Server listener on 15046
2024-11-29 05:29:49,963 [IPC Server Responder] INFO  ipc.Server (Server.java:run(1718)) - Stopping IPC Server Responder
2024-11-29 05:29:49,977 [EventQueue-StaleNodeForStaleNodeHandler] INFO  node.StaleNodeHandler (StaleNodeHandler.java:onMessage(57)) - Datanode 22bda68c-b64b-4e26-a6f3-14a354ca4fb6(localhost/127.0.0.1) moved to stale state. Finalizing its pipelines [PipelineID=7a5eb9d9-946f-4e5e-9b36-e26a81565c11]
2024-11-29 05:29:49,978 [EventQueue-StaleNodeForStaleNodeHandler] INFO  pipeline.PipelineManagerImpl (PipelineManagerImpl.java:closePipeline(518)) - Pipeline PipelineID=7a5eb9d9-946f-4e5e-9b36-e26a81565c11 moved to CLOSED state
2024-11-29 05:29:50,077 [main] INFO  utils.DatanodeStoreCache (DatanodeStoreCache.java:shutdownCache(116)) - Skip clearing cache in mini cluster mode. Entries left: [/home/runner/work/ozone/ozone/hadoop-ozone/integration-test/target/test-dir/MiniOzoneClusterImpl-61f21677-568d-49d7-a2ee-8a05247fe249/ozone-meta/datanode-3/data-0/hdds/61f21677-568d-49d7-a2ee-8a05247fe249/DS-a85c64d8-cd44-4527-98e5-4c7748fad9d1/container.db, /home/runner/work/ozone/ozone/hadoop-ozone/integration-test/target/test-dir/MiniOzoneClusterImpl-61f21677-568d-49d7-a2ee-8a05247fe249/ozone-meta/datanode-4/data-0/hdds/61f21677-568d-49d7-a2ee-8a05247fe249/DS-2867feb1-de06-4d6e-9c7d-757162768a94/container.db]
2024-11-29 05:29:50,078 [main] INFO  utils.DatanodeStoreCache (DatanodeStoreCache.java:removeDB(110)) - Removed db /home/runner/work/ozone/ozone/hadoop-ozone/integration-test/target/test-dir/MiniOzoneClusterImpl-61f21677-568d-49d7-a2ee-8a05247fe249/ozone-meta/datanode-3/data-0/hdds/61f21677-568d-49d7-a2ee-8a05247fe249/DS-a85c64d8-cd44-4527-98e5-4c7748fad9d1/container.db from cache
2024-11-29 05:29:50,078 [main] INFO  volume.HddsVolume (HddsVolume.java:closeDbStore(480)) - SchemaV3 db is stopped at /home/runner/work/ozone/ozone/hadoop-ozone/integration-test/target/test-dir/MiniOzoneClusterImpl-61f21677-568d-49d7-a2ee-8a05247fe249/ozone-meta/datanode-3/data-0/hdds/61f21677-568d-49d7-a2ee-8a05247fe249/DS-a85c64d8-cd44-4527-98e5-4c7748fad9d1/container.db for volume DS-a85c64d8-cd44-4527-98e5-4c7748fad9d1
2024-11-29 05:29:50,078 [main] INFO  utils.BackgroundService (BackgroundService.java:shutdown(163)) - Shutting down service BlockDeletingService
2024-11-29 05:29:50,078 [EventQueue-StaleNodeForStaleNodeHandler] INFO  node.StaleNodeHandler (StaleNodeHandler.java:onMessage(57)) - Datanode 46c085ae-d173-483e-a797-bf073fdc6d33(localhost/127.0.0.1) moved to stale state. Finalizing its pipelines [PipelineID=d5e1fa14-454c-4db5-98d3-1b7da9a1fd1f]
2024-11-29 05:29:50,078 [main] INFO  utils.BackgroundService (BackgroundService.java:shutdown(163)) - Shutting down service StaleRecoveringContainerScrubbingService
2024-11-29 05:29:50,079 [EventQueue-StaleNodeForStaleNodeHandler] INFO  pipeline.PipelineManagerImpl (PipelineManagerImpl.java:closePipeline(518)) - Pipeline PipelineID=d5e1fa14-454c-4db5-98d3-1b7da9a1fd1f moved to CLOSED state
2024-11-29 05:29:50,080 [main] INFO  statemachine.DatanodeStateMachine (DatanodeStateMachine.java:stopDaemon(626)) - Ozone container server stopped.
2024-11-29 05:29:50,093 [main] INFO  handler.ContextHandler (ContextHandler.java:doStop(1159)) - Stopped o.e.j.w.WebAppContext@503224b4{hddsDatanode,/,null,STOPPED}{jar:file:/home/runner/work/ozone/ozone/hadoop-hdds/container-service/target/hdds-container-service-2.0.0-SNAPSHOT.jar!/webapps/hddsDatanode}
2024-11-29 05:29:50,094 [main] INFO  server.AbstractConnector (AbstractConnector.java:doStop(383)) - Stopped ServerConnector@438e6a90{HTTP/1.1, (http/1.1)}{0.0.0.0:15027}
2024-11-29 05:29:50,094 [main] INFO  server.session (HouseKeeper.java:stopScavenging(149)) - node0 Stopped scavenging
2024-11-29 05:29:50,094 [main] INFO  handler.ContextHandler (ContextHandler.java:doStop(1159)) - Stopped o.e.j.s.ServletContextHandler@3b5c7033{static,/static,jar:file:/home/runner/work/ozone/ozone/hadoop-hdds/container-service/target/hdds-container-service-2.0.0-SNAPSHOT.jar!/webapps/static,STOPPED}
2024-11-29 05:29:50,094 [main] INFO  handler.ContextHandler (ContextHandler.java:doStop(1159)) - Stopped o.e.j.s.ServletContextHandler@28af6afe{logs,/logs,file:///home/runner/work/ozone/ozone/hadoop-ozone/integration-test/target/log,STOPPED}
2024-11-29 05:29:50,095 [main] INFO  ozone.HddsDatanodeClientProtocolServer (HddsDatanodeClientProtocolServer.java:stop(85)) - Stopping the RPC server for Client Protocol
2024-11-29 05:29:50,095 [main] INFO  ipc.Server (Server.java:stop(3697)) - Stopping server on 15028
2024-11-29 05:29:50,097 [IPC Server listener on 15028] INFO  ipc.Server (Server.java:run(1585)) - Stopping IPC Server listener on 15028
2024-11-29 05:29:50,097 [IPC Server Responder] INFO  ipc.Server (Server.java:run(1718)) - Stopping IPC Server Responder
2024-11-29 05:29:50,578 [EventQueue-StaleNodeForStaleNodeHandler] INFO  node.StaleNodeHandler (StaleNodeHandler.java:onMessage(57)) - Datanode 82107b5c-a456-4cce-866c-b79ad2953fda(localhost/127.0.0.1) moved to stale state. Finalizing its pipelines [PipelineID=575f7978-d042-4a0f-b980-848028536f21]
2024-11-29 05:29:50,579 [EventQueue-StaleNodeForStaleNodeHandler] INFO  pipeline.PipelineManagerImpl (PipelineManagerImpl.java:closePipeline(518)) - Pipeline PipelineID=575f7978-d042-4a0f-b980-848028536f21 moved to CLOSED state
2024-11-29 05:29:50,591 [ForkJoinPool.commonPool-worker-2] INFO  utils.DatanodeStoreCache (DatanodeStoreCache.java:shutdownCache(116)) - Skip clearing cache in mini cluster mode. Entries left: [/home/runner/work/ozone/ozone/hadoop-ozone/integration-test/target/test-dir/MiniOzoneClusterImpl-61f21677-568d-49d7-a2ee-8a05247fe249/ozone-meta/datanode-4/data-0/hdds/61f21677-568d-49d7-a2ee-8a05247fe249/DS-2867feb1-de06-4d6e-9c7d-757162768a94/container.db]
2024-11-29 05:29:50,592 [ForkJoinPool.commonPool-worker-2] INFO  utils.DatanodeStoreCache (DatanodeStoreCache.java:removeDB(110)) - Removed db /home/runner/work/ozone/ozone/hadoop-ozone/integration-test/target/test-dir/MiniOzoneClusterImpl-61f21677-568d-49d7-a2ee-8a05247fe249/ozone-meta/datanode-4/data-0/hdds/61f21677-568d-49d7-a2ee-8a05247fe249/DS-2867feb1-de06-4d6e-9c7d-757162768a94/container.db from cache
2024-11-29 05:29:50,592 [ForkJoinPool.commonPool-worker-2] INFO  volume.HddsVolume (HddsVolume.java:closeDbStore(480)) - SchemaV3 db is stopped at /home/runner/work/ozone/ozone/hadoop-ozone/integration-test/target/test-dir/MiniOzoneClusterImpl-61f21677-568d-49d7-a2ee-8a05247fe249/ozone-meta/datanode-4/data-0/hdds/61f21677-568d-49d7-a2ee-8a05247fe249/DS-2867feb1-de06-4d6e-9c7d-757162768a94/container.db for volume DS-2867feb1-de06-4d6e-9c7d-757162768a94
2024-11-29 05:29:50,592 [ForkJoinPool.commonPool-worker-2] INFO  utils.BackgroundService (BackgroundService.java:shutdown(163)) - Shutting down service BlockDeletingService
2024-11-29 05:29:50,592 [ForkJoinPool.commonPool-worker-2] INFO  utils.BackgroundService (BackgroundService.java:shutdown(163)) - Shutting down service StaleRecoveringContainerScrubbingService
2024-11-29 05:29:50,593 [ForkJoinPool.commonPool-worker-2] INFO  statemachine.DatanodeStateMachine (DatanodeStateMachine.java:stopDaemon(626)) - Ozone container server stopped.
2024-11-29 05:29:50,606 [ForkJoinPool.commonPool-worker-2] INFO  handler.ContextHandler (ContextHandler.java:doStop(1159)) - Stopped o.e.j.w.WebAppContext@bac5da7{hddsDatanode,/,null,STOPPED}{jar:file:/home/runner/work/ozone/ozone/hadoop-hdds/container-service/target/hdds-container-service-2.0.0-SNAPSHOT.jar!/webapps/hddsDatanode}
2024-11-29 05:29:50,607 [ForkJoinPool.commonPool-worker-2] INFO  server.AbstractConnector (AbstractConnector.java:doStop(383)) - Stopped ServerConnector@21ebf946{HTTP/1.1, (http/1.1)}{0.0.0.0:15036}
2024-11-29 05:29:50,607 [ForkJoinPool.commonPool-worker-2] INFO  server.session (HouseKeeper.java:stopScavenging(149)) - node0 Stopped scavenging
2024-11-29 05:29:50,607 [ForkJoinPool.commonPool-worker-2] INFO  handler.ContextHandler (ContextHandler.java:doStop(1159)) - Stopped o.e.j.s.ServletContextHandler@6aa4f45{static,/static,jar:file:/home/runner/work/ozone/ozone/hadoop-hdds/container-service/target/hdds-container-service-2.0.0-SNAPSHOT.jar!/webapps/static,STOPPED}
2024-11-29 05:29:50,607 [ForkJoinPool.commonPool-worker-2] INFO  handler.ContextHandler (ContextHandler.java:doStop(1159)) - Stopped o.e.j.s.ServletContextHandler@107a3633{logs,/logs,file:///home/runner/work/ozone/ozone/hadoop-ozone/integration-test/target/log,STOPPED}
2024-11-29 05:29:50,608 [ForkJoinPool.commonPool-worker-2] INFO  ozone.HddsDatanodeClientProtocolServer (HddsDatanodeClientProtocolServer.java:stop(85)) - Stopping the RPC server for Client Protocol
2024-11-29 05:29:50,609 [ForkJoinPool.commonPool-worker-2] INFO  ipc.Server (Server.java:stop(3697)) - Stopping server on 15037
2024-11-29 05:29:50,610 [IPC Server listener on 15037] INFO  ipc.Server (Server.java:run(1585)) - Stopping IPC Server listener on 15037
2024-11-29 05:29:50,610 [IPC Server Responder] INFO  ipc.Server (Server.java:run(1718)) - Stopping IPC Server Responder
2024-11-29 05:29:50,611 [main] INFO  ozone.MiniOzoneClusterImpl (MiniOzoneClusterImpl.java:stopSCM(592)) - Stopping the StorageContainerManager
2024-11-29 05:29:50,611 [main] INFO  server.StorageContainerManager (StorageContainerManager.java:stop(1652)) - Container Balancer is not running.
2024-11-29 05:29:50,611 [main] INFO  server.StorageContainerManager (StorageContainerManager.java:stopReplicationManager(1790)) - Stopping Replication Manager Service.
2024-11-29 05:29:50,611 [main] INFO  replication.ReplicationManager (ReplicationManager.java:stop(329)) - Stopping Replication Monitor Thread.
2024-11-29 05:29:50,612 [UnderReplicatedProcessor] WARN  replication.UnhealthyReplicationProcessor (UnhealthyReplicationProcessor.java:run(180)) - UnderReplicatedProcessor interrupted. Exiting...
2024-11-29 05:29:50,612 [OverReplicatedProcessor] WARN  replication.UnhealthyReplicationProcessor (UnhealthyReplicationProcessor.java:run(180)) - OverReplicatedProcessor interrupted. Exiting...
2024-11-29 05:29:50,612 [main] INFO  server.StorageContainerManager (StorageContainerManager.java:stop(1661)) - Stopping the Datanode Admin Monitor.
2024-11-29 05:29:50,612 [ReplicationMonitor] INFO  replication.ReplicationManager (ReplicationManager.java:run(938)) - Replication Monitor Thread is stopped
2024-11-29 05:29:50,612 [main] INFO  server.StorageContainerManager (StorageContainerManager.java:stop(1668)) - Stopping datanode service RPC server
2024-11-29 05:29:50,612 [main] INFO  server.SCMDatanodeProtocolServer (SCMDatanodeProtocolServer.java:stop(430)) - Stopping the RPC server for DataNodes
2024-11-29 05:29:50,612 [main] INFO  ipc.Server (Server.java:stop(3697)) - Stopping server on 15002
2024-11-29 05:29:50,619 [IPC Server listener on 15002] INFO  ipc.Server (Server.java:run(1585)) - Stopping IPC Server listener on 15002
2024-11-29 05:29:50,620 [IPC Server Responder] INFO  ipc.Server (Server.java:run(1718)) - Stopping IPC Server Responder
2024-11-29 05:29:50,678 [SCMHeartbeatProcessor-0] WARN  node.NodeStateManager (NodeStateManager.java:scheduleNextHealthCheck(935)) - Current Thread is interrupted, shutting down HB processing thread for Node Manager.
2024-11-29 05:29:50,678 [main] INFO  server.StorageContainerManager (StorageContainerManager.java:stop(1676)) - Stopping block service RPC server
2024-11-29 05:29:50,679 [main] INFO  server.SCMBlockProtocolServer (SCMBlockProtocolServer.java:stop(181)) - Stopping the RPC server for Block Protocol
2024-11-29 05:29:50,679 [main] INFO  ipc.Server (Server.java:stop(3697)) - Stopping server on 15001
2024-11-29 05:29:50,683 [IPC Server listener on 15001] INFO  ipc.Server (Server.java:run(1585)) - Stopping IPC Server listener on 15001
2024-11-29 05:29:50,684 [IPC Server Responder] INFO  ipc.Server (Server.java:run(1718)) - Stopping IPC Server Responder
2024-11-29 05:29:50,685 [main] INFO  server.StorageContainerManager (StorageContainerManager.java:stop(1683)) - Stopping the StorageContainerLocationProtocol RPC server
2024-11-29 05:29:50,685 [main] INFO  server.SCMClientProtocolServer (SCMClientProtocolServer.java:stop(224)) - Stopping the RPC server for Client Protocol
2024-11-29 05:29:50,685 [main] INFO  ipc.Server (Server.java:stop(3697)) - Stopping server on 15000
2024-11-29 05:29:50,692 [IPC Server listener on 15000] INFO  ipc.Server (Server.java:run(1585)) - Stopping IPC Server listener on 15000
2024-11-29 05:29:50,692 [IPC Server Responder] INFO  ipc.Server (Server.java:run(1718)) - Stopping IPC Server Responder
2024-11-29 05:29:50,692 [main] INFO  server.StorageContainerManager (StorageContainerManager.java:stop(1690)) - Stopping Storage Container Manager HTTP server.
2024-11-29 05:29:50,693 [main] INFO  handler.ContextHandler (ContextHandler.java:doStop(1159)) - Stopped o.e.j.w.WebAppContext@4e210016{scm,/,null,STOPPED}{file:/home/runner/work/ozone/ozone/hadoop-ozone/integration-test/target/test-classes/webapps/scm}
2024-11-29 05:29:50,694 [main] INFO  server.AbstractConnector (AbstractConnector.java:doStop(383)) - Stopped ServerConnector@72015156{HTTP/1.1, (http/1.1)}{0.0.0.0:15003}
2024-11-29 05:29:50,694 [main] INFO  server.session (HouseKeeper.java:stopScavenging(149)) - node0 Stopped scavenging
2024-11-29 05:29:50,694 [main] INFO  handler.ContextHandler (ContextHandler.java:doStop(1159)) - Stopped o.e.j.s.ServletContextHandler@58690f5e{static,/static,file:///home/runner/work/ozone/ozone/hadoop-ozone/integration-test/target/test-classes/webapps/static,STOPPED}
2024-11-29 05:29:50,695 [main] INFO  handler.ContextHandler (ContextHandler.java:doStop(1159)) - Stopped o.e.j.s.ServletContextHandler@39dce2df{logs,/logs,file:///home/runner/work/ozone/ozone/hadoop-ozone/integration-test/target/log,STOPPED}
2024-11-29 05:29:50,697 [main] INFO  server.StorageContainerManager (StorageContainerManager.java:stop(1698)) - Stopping SCM LayoutVersionManager Service.
2024-11-29 05:29:50,697 [main] INFO  server.StorageContainerManager (StorageContainerManager.java:stop(1710)) - Stopping Block Manager Service.
2024-11-29 05:29:50,697 [main] INFO  utils.BackgroundService (BackgroundService.java:shutdown(163)) - Shutting down service SCMBlockDeletingService
2024-11-29 05:29:50,697 [main] INFO  utils.BackgroundService (BackgroundService.java:shutdown(163)) - Shutting down service SCMBlockDeletingService
2024-11-29 05:29:50,698 [main] INFO  server.StorageContainerManager (StorageContainerManager.java:stop(1735)) - Stopping SCM Event Queue.
2024-11-29 05:29:50,700 [JvmPauseMonitor0] INFO  util.JvmPauseMonitor (JvmPauseMonitor.java:run(152)) - JvmPauseMonitor-1f5b75e6-b52e-41d1-bfc0-59de7a601688: Stopped
2024-11-29 05:29:50,700 [main] INFO  server.StorageContainerManager (StorageContainerManager.java:stop(1746)) - Stopping SCM HA services.
2024-11-29 05:29:50,700 [main] INFO  pipeline.BackgroundPipelineCreator (BackgroundPipelineCreator.java:stop(152)) - Stopping RatisPipelineUtilsThread.
2024-11-29 05:29:50,701 [RatisPipelineUtilsThread-0] WARN  pipeline.BackgroundPipelineCreator (BackgroundPipelineCreator.java:run(183)) - RatisPipelineUtilsThread is interrupted.
2024-11-29 05:29:50,701 [main] INFO  BackgroundPipelineScrubber (BackgroundSCMService.java:stop(128)) - Stopping BackgroundPipelineScrubber Service.
2024-11-29 05:29:50,701 [BackgroundPipelineScrubber] WARN  BackgroundPipelineScrubber (BackgroundSCMService.java:run(112)) - BackgroundPipelineScrubber is interrupted, exit
2024-11-29 05:29:50,701 [main] INFO  impl.MetricsSystemImpl (MetricsSystemImpl.java:stop(210)) - Stopping HddsDatanode metrics system...
2024-11-29 05:29:50,702 [prometheus] INFO  impl.MetricsSinkAdapter (MetricsSinkAdapter.java:publishMetricsFromQueue(141)) - prometheus thread interrupted.
2024-11-29 05:29:50,703 [main] INFO  impl.MetricsSystemImpl (MetricsSystemImpl.java:stop(216)) - HddsDatanode metrics system stopped.
2024-11-29 05:29:50,703 [main] WARN  pipeline.BackgroundPipelineCreator (BackgroundPipelineCreator.java:stop(148)) - RatisPipelineUtilsThread is not running, just ignore.
2024-11-29 05:29:50,703 [main] INFO  BackgroundPipelineScrubber (BackgroundSCMService.java:stop(123)) - BackgroundPipelineScrubber Service is not running, skip stop.
2024-11-29 05:29:50,703 [main] INFO  ExpiredContainerReplicaOpScrubber (BackgroundSCMService.java:stop(128)) - Stopping ExpiredContainerReplicaOpScrubber Service.
2024-11-29 05:29:50,703 [ExpiredContainerReplicaOpScrubber] WARN  ExpiredContainerReplicaOpScrubber (BackgroundSCMService.java:run(112)) - ExpiredContainerReplicaOpScrubber is interrupted, exit
2024-11-29 05:29:50,703 [main] INFO  utils.BackgroundService (BackgroundService.java:shutdown(163)) - Shutting down service SCMBlockDeletingService
2024-11-29 05:29:50,704 [main] INFO  replication.ReplicationManager (ReplicationManager.java:stop(339)) - Replication Monitor Thread is not running.
2024-11-29 05:29:50,704 [main] WARN  balancer.ContainerBalancer (ContainerBalancer.java:stop(351)) - Cannot stop Container Balancer because it's not running or stopping
2024-11-29 05:29:50,704 [LeaseManager#LeaseMonitor] WARN  lease.LeaseManager (LeaseManager.java:run(286)) - Lease manager is interrupted. Shutting down...
java.lang.InterruptedException
	at java.base/java.util.concurrent.locks.AbstractQueuedSynchronizer.tryAcquireSharedNanos(AbstractQueuedSynchronizer.java:1081)
	at java.base/java.util.concurrent.Semaphore.tryAcquire(Semaphore.java:415)
	at org.apache.hadoop.ozone.lease.LeaseManager$LeaseMonitor.run(LeaseManager.java:284)
	at java.base/java.lang.Thread.run(Thread.java:840)
2024-11-29 05:29:50,704 [main] INFO  server.StorageContainerManager (StorageContainerManager.java:stop(1781)) - Stopping SCM MetadataStore.
]]></system-out>
  </testcase>
  <testcase name="testHealthyNodesCount" classname="org.apache.hadoop.hdds.scm.node.TestQueryNode" time="20.97"/>
  <testcase name="testNodeOperationalStates" classname="org.apache.hadoop.hdds.scm.node.TestQueryNode" time="20.24"/>
</testsuite>